<?xml version="1.0" encoding="UTF-8"?>
<testsuite name="de.uka.ilkd.key.util.TestEqualsModProofIrrelevancy" tests="1" skipped="0" failures="1" errors="0" timestamp="2023-06-09T14:39:05" hostname="fv-az479-659" time="2.947">
  <properties/>
  <testcase name="testJavaProof()" classname="de.uka.ilkd.key.util.TestEqualsModProofIrrelevancy" time="2.947">
    <failure message="Contract not found: Relaxed[Relaxed::isRelaxedPrefix([I,[I)].JML operation contract.0 (file: src\test\resources\testcase\..\..\..\..\..\key.ui\examples\heap\verifyThis15_1_RelaxedPrefix\relax.proof; caused by: java.io.IOException: Contract not found: Relaxed[Relaxed::isRelaxedPrefix([I,[I)].JML operation contract.0)" type="de.uka.ilkd.key.proof.io.ProblemLoaderException">Contract not found: Relaxed[Relaxed::isRelaxedPrefix([I,[I)].JML operation contract.0 (file: src\test\resources\testcase\..\..\..\..\..\key.ui\examples\heap\verifyThis15_1_RelaxedPrefix\relax.proof; caused by: java.io.IOException: Contract not found: Relaxed[Relaxed::isRelaxedPrefix([I,[I)].JML operation contract.0)
	at app//de.uka.ilkd.key.control.AbstractUserInterfaceControl.load(AbstractUserInterfaceControl.java:225)
	at app//de.uka.ilkd.key.control.KeYEnvironment.load(KeYEnvironment.java:282)
	at app//de.uka.ilkd.key.control.KeYEnvironment.load(KeYEnvironment.java:251)
	at app//de.uka.ilkd.key.control.KeYEnvironment.load(KeYEnvironment.java:225)
	at app//de.uka.ilkd.key.control.KeYEnvironment.load(KeYEnvironment.java:185)
	at app//de.uka.ilkd.key.control.KeYEnvironment.load(KeYEnvironment.java:292)
	at app//de.uka.ilkd.key.util.TestEqualsModProofIrrelevancy.testJavaProof(TestEqualsModProofIrrelevancy.java:27)
	at java.base@17.0.7/jdk.internal.reflect.NativeMethodAccessorImpl.invoke0(Native Method)
	at java.base@17.0.7/jdk.internal.reflect.NativeMethodAccessorImpl.invoke(NativeMethodAccessorImpl.java:77)
	at java.base@17.0.7/jdk.internal.reflect.DelegatingMethodAccessorImpl.invoke(DelegatingMethodAccessorImpl.java:43)
	at java.base@17.0.7/java.lang.reflect.Method.invoke(Method.java:568)
	at app//org.junit.platform.commons.util.ReflectionUtils.invokeMethod(ReflectionUtils.java:727)
	at app//org.junit.jupiter.engine.execution.MethodInvocation.proceed(MethodInvocation.java:60)
	at app//org.junit.jupiter.engine.execution.InvocationInterceptorChain$ValidatingInvocation.proceed(InvocationInterceptorChain.java:131)
	at app//org.junit.jupiter.engine.extension.TimeoutExtension.intercept(TimeoutExtension.java:156)
	at app//org.junit.jupiter.engine.extension.TimeoutExtension.interceptTestableMethod(TimeoutExtension.java:147)
	at app//org.junit.jupiter.engine.extension.TimeoutExtension.interceptTestMethod(TimeoutExtension.java:86)
	at app//org.junit.jupiter.engine.execution.InterceptingExecutableInvoker$ReflectiveInterceptorCall.lambda$ofVoidMethod$0(InterceptingExecutableInvoker.java:103)
	at app//org.junit.jupiter.engine.execution.InterceptingExecutableInvoker.lambda$invoke$0(InterceptingExecutableInvoker.java:93)
	at app//org.junit.jupiter.engine.execution.InvocationInterceptorChain$InterceptedInvocation.proceed(InvocationInterceptorChain.java:106)
	at app//org.junit.jupiter.engine.execution.InvocationInterceptorChain.proceed(InvocationInterceptorChain.java:64)
	at app//org.junit.jupiter.engine.execution.InvocationInterceptorChain.chainAndInvoke(InvocationInterceptorChain.java:45)
	at app//org.junit.jupiter.engine.execution.InvocationInterceptorChain.invoke(InvocationInterceptorChain.java:37)
	at app//org.junit.jupiter.engine.execution.InterceptingExecutableInvoker.invoke(InterceptingExecutableInvoker.java:92)
	at app//org.junit.jupiter.engine.execution.InterceptingExecutableInvoker.invoke(InterceptingExecutableInvoker.java:86)
	at app//org.junit.jupiter.engine.descriptor.TestMethodTestDescriptor.lambda$invokeTestMethod$7(TestMethodTestDescriptor.java:217)
	at app//org.junit.platform.engine.support.hierarchical.ThrowableCollector.execute(ThrowableCollector.java:73)
	at app//org.junit.jupiter.engine.descriptor.TestMethodTestDescriptor.invokeTestMethod(TestMethodTestDescriptor.java:213)
	at app//org.junit.jupiter.engine.descriptor.TestMethodTestDescriptor.execute(TestMethodTestDescriptor.java:138)
	at app//org.junit.jupiter.engine.descriptor.TestMethodTestDescriptor.execute(TestMethodTestDescriptor.java:68)
	at app//org.junit.platform.engine.support.hierarchical.NodeTestTask.lambda$executeRecursively$6(NodeTestTask.java:151)
	at app//org.junit.platform.engine.support.hierarchical.ThrowableCollector.execute(ThrowableCollector.java:73)
	at app//org.junit.platform.engine.support.hierarchical.NodeTestTask.lambda$executeRecursively$8(NodeTestTask.java:141)
	at app//org.junit.platform.engine.support.hierarchical.Node.around(Node.java:137)
	at app//org.junit.platform.engine.support.hierarchical.NodeTestTask.lambda$executeRecursively$9(NodeTestTask.java:139)
	at app//org.junit.platform.engine.support.hierarchical.ThrowableCollector.execute(ThrowableCollector.java:73)
	at app//org.junit.platform.engine.support.hierarchical.NodeTestTask.executeRecursively(NodeTestTask.java:138)
	at app//org.junit.platform.engine.support.hierarchical.NodeTestTask.execute(NodeTestTask.java:95)
	at java.base@17.0.7/java.util.ArrayList.forEach(ArrayList.java:1511)
	at app//org.junit.platform.engine.support.hierarchical.SameThreadHierarchicalTestExecutorService.invokeAll(SameThreadHierarchicalTestExecutorService.java:41)
	at app//org.junit.platform.engine.support.hierarchical.NodeTestTask.lambda$executeRecursively$6(NodeTestTask.java:155)
	at app//org.junit.platform.engine.support.hierarchical.ThrowableCollector.execute(ThrowableCollector.java:73)
	at app//org.junit.platform.engine.support.hierarchical.NodeTestTask.lambda$executeRecursively$8(NodeTestTask.java:141)
	at app//org.junit.platform.engine.support.hierarchical.Node.around(Node.java:137)
	at app//org.junit.platform.engine.support.hierarchical.NodeTestTask.lambda$executeRecursively$9(NodeTestTask.java:139)
	at app//org.junit.platform.engine.support.hierarchical.ThrowableCollector.execute(ThrowableCollector.java:73)
	at app//org.junit.platform.engine.support.hierarchical.NodeTestTask.executeRecursively(NodeTestTask.java:138)
	at app//org.junit.platform.engine.support.hierarchical.NodeTestTask.execute(NodeTestTask.java:95)
	at java.base@17.0.7/java.util.ArrayList.forEach(ArrayList.java:1511)
	at app//org.junit.platform.engine.support.hierarchical.SameThreadHierarchicalTestExecutorService.invokeAll(SameThreadHierarchicalTestExecutorService.java:41)
	at app//org.junit.platform.engine.support.hierarchical.NodeTestTask.lambda$executeRecursively$6(NodeTestTask.java:155)
	at app//org.junit.platform.engine.support.hierarchical.ThrowableCollector.execute(ThrowableCollector.java:73)
	at app//org.junit.platform.engine.support.hierarchical.NodeTestTask.lambda$executeRecursively$8(NodeTestTask.java:141)
	at app//org.junit.platform.engine.support.hierarchical.Node.around(Node.java:137)
	at app//org.junit.platform.engine.support.hierarchical.NodeTestTask.lambda$executeRecursively$9(NodeTestTask.java:139)
	at app//org.junit.platform.engine.support.hierarchical.ThrowableCollector.execute(ThrowableCollector.java:73)
	at app//org.junit.platform.engine.support.hierarchical.NodeTestTask.executeRecursively(NodeTestTask.java:138)
	at app//org.junit.platform.engine.support.hierarchical.NodeTestTask.execute(NodeTestTask.java:95)
	at app//org.junit.platform.engine.support.hierarchical.SameThreadHierarchicalTestExecutorService.submit(SameThreadHierarchicalTestExecutorService.java:35)
	at app//org.junit.platform.engine.support.hierarchical.HierarchicalTestExecutor.execute(HierarchicalTestExecutor.java:57)
	at app//org.junit.platform.engine.support.hierarchical.HierarchicalTestEngine.execute(HierarchicalTestEngine.java:54)
	at app//org.junit.platform.launcher.core.EngineExecutionOrchestrator.execute(EngineExecutionOrchestrator.java:107)
	at app//org.junit.platform.launcher.core.EngineExecutionOrchestrator.execute(EngineExecutionOrchestrator.java:88)
	at app//org.junit.platform.launcher.core.EngineExecutionOrchestrator.lambda$execute$0(EngineExecutionOrchestrator.java:54)
	at app//org.junit.platform.launcher.core.EngineExecutionOrchestrator.withInterceptedStreams(EngineExecutionOrchestrator.java:67)
	at app//org.junit.platform.launcher.core.EngineExecutionOrchestrator.execute(EngineExecutionOrchestrator.java:52)
	at app//org.junit.platform.launcher.core.DefaultLauncher.execute(DefaultLauncher.java:114)
	at app//org.junit.platform.launcher.core.DefaultLauncher.execute(DefaultLauncher.java:86)
	at app//org.junit.platform.launcher.core.DefaultLauncherSession$DelegatingLauncher.execute(DefaultLauncherSession.java:86)
	at org.gradle.api.internal.tasks.testing.junitplatform.JUnitPlatformTestClassProcessor$CollectAllTestClassesExecutor.processAllTestClasses(JUnitPlatformTestClassProcessor.java:110)
	at org.gradle.api.internal.tasks.testing.junitplatform.JUnitPlatformTestClassProcessor$CollectAllTestClassesExecutor.access$000(JUnitPlatformTestClassProcessor.java:90)
	at org.gradle.api.internal.tasks.testing.junitplatform.JUnitPlatformTestClassProcessor.stop(JUnitPlatformTestClassProcessor.java:85)
	at org.gradle.api.internal.tasks.testing.SuiteTestClassProcessor.stop(SuiteTestClassProcessor.java:62)
	at java.base@17.0.7/jdk.internal.reflect.NativeMethodAccessorImpl.invoke0(Native Method)
	at java.base@17.0.7/jdk.internal.reflect.NativeMethodAccessorImpl.invoke(NativeMethodAccessorImpl.java:77)
	at java.base@17.0.7/jdk.internal.reflect.DelegatingMethodAccessorImpl.invoke(DelegatingMethodAccessorImpl.java:43)
	at java.base@17.0.7/java.lang.reflect.Method.invoke(Method.java:568)
	at org.gradle.internal.dispatch.ReflectionDispatch.dispatch(ReflectionDispatch.java:36)
	at org.gradle.internal.dispatch.ReflectionDispatch.dispatch(ReflectionDispatch.java:24)
	at org.gradle.internal.dispatch.ContextClassLoaderDispatch.dispatch(ContextClassLoaderDispatch.java:33)
	at org.gradle.internal.dispatch.ProxyDispatchAdapter$DispatchingInvocationHandler.invoke(ProxyDispatchAdapter.java:94)
	at jdk.proxy2/jdk.proxy2.$Proxy5.stop(Unknown Source)
	at org.gradle.api.internal.tasks.testing.worker.TestWorker$3.run(TestWorker.java:193)
	at org.gradle.api.internal.tasks.testing.worker.TestWorker.executeAndMaintainThreadName(TestWorker.java:129)
	at org.gradle.api.internal.tasks.testing.worker.TestWorker.execute(TestWorker.java:100)
	at org.gradle.api.internal.tasks.testing.worker.TestWorker.execute(TestWorker.java:60)
	at org.gradle.process.internal.worker.child.ActionExecutionWorker.execute(ActionExecutionWorker.java:56)
	at org.gradle.process.internal.worker.child.SystemApplicationClassLoaderWorker.call(SystemApplicationClassLoaderWorker.java:113)
	at org.gradle.process.internal.worker.child.SystemApplicationClassLoaderWorker.call(SystemApplicationClassLoaderWorker.java:65)
	at app//worker.org.gradle.process.internal.worker.GradleWorkerMain.run(GradleWorkerMain.java:69)
	at app//worker.org.gradle.process.internal.worker.GradleWorkerMain.main(GradleWorkerMain.java:74)
Caused by: java.io.IOException: Contract not found: Relaxed[Relaxed::isRelaxedPrefix([I,[I)].JML operation contract.0
	at de.uka.ilkd.key.proof.init.FunctionalOperationContractPO.loadFrom(FunctionalOperationContractPO.java:379)
	at java.base/jdk.internal.reflect.NativeMethodAccessorImpl.invoke0(Native Method)
	at java.base/jdk.internal.reflect.NativeMethodAccessorImpl.invoke(NativeMethodAccessorImpl.java:77)
	at java.base/jdk.internal.reflect.DelegatingMethodAccessorImpl.invoke(DelegatingMethodAccessorImpl.java:43)
	at java.base/java.lang.reflect.Method.invoke(Method.java:568)
	at de.uka.ilkd.key.proof.io.AbstractProblemLoader.createProofObligationContainer(AbstractProblemLoader.java:628)
	at de.uka.ilkd.key.proof.io.AbstractProblemLoader.load(AbstractProblemLoader.java:278)
	at de.uka.ilkd.key.proof.io.AbstractProblemLoader.load(AbstractProblemLoader.java:257)
	at de.uka.ilkd.key.control.AbstractUserInterfaceControl.load(AbstractUserInterfaceControl.java:212)
	... 90 more
</failure>
  </testcase>
  <system-out><![CDATA[]]></system-out>
  <system-err><![CDATA[163355     INFO  Test worker     d.u.i.k.p.i.AbstractProblemLoader Loading environment from src\test\resources\testcase\..\..\..\..\..\key.ui\examples\heap\verifyThis15_1_RelaxedPrefix\relax.proof 
163371     DEBUG Test worker     d.u.i.k.p.i.AbstractProblemLoader Environment load took 819.8ns 
163386     INFO  Test worker     d.u.i.k.p.i.AbstractProblemLoader Creating init config 
163542     ERROR Test worker     d.u.i.k.n.b.AbstractBuilder  com.github.javaparser.resolution.UnsolvedSymbolException: Unsolved symbol in de.uka.ilkd.key.java.JavaParserFactory$DynamicTypeSolver@60686d5f : java.lang.Object
	at com.github.javaparser.resolution.TypeSolver.solveType(TypeSolver.java:71)

163542     ERROR Test worker     d.u.i.k.n.b.TacletPBuilder Error in parsing taclet. de.uka.ilkd.key.util.parsing.BuildingException: Unsolved symbol in de.uka.ilkd.key.java.JavaParserFactory$DynamicTypeSolver@60686d5f : java.lang.Object at file:/D:/a/key/key/key.core/build/resources/main/de/uka/ilkd/key/proof/rules/integerRulesCommon.key:37:15
	at de.uka.ilkd.key.nparser.builder.AbstractBuilder.accept(AbstractBuilder.java:54)
Caused by: com.github.javaparser.resolution.UnsolvedSymbolException: Unsolved symbol in de.uka.ilkd.key.java.JavaParserFactory$DynamicTypeSolver@60686d5f : java.lang.Object
	at com.github.javaparser.resolution.TypeSolver.solveType(TypeSolver.java:71)

163542     ERROR Test worker     d.u.i.k.n.b.AbstractBuilder  com.github.javaparser.resolution.UnsolvedSymbolException: Unsolved symbol in de.uka.ilkd.key.java.JavaParserFactory$DynamicTypeSolver@60686d5f : java.lang.Object
	at com.github.javaparser.resolution.TypeSolver.solveType(TypeSolver.java:71)

163542     ERROR Test worker     d.u.i.k.n.b.TacletPBuilder Error in parsing taclet. de.uka.ilkd.key.util.parsing.BuildingException: Unsolved symbol in de.uka.ilkd.key.java.JavaParserFactory$DynamicTypeSolver@60686d5f : java.lang.Object at file:/D:/a/key/key/key.core/build/resources/main/de/uka/ilkd/key/proof/rules/integerRulesCommon.key:43:15
	at de.uka.ilkd.key.nparser.builder.AbstractBuilder.accept(AbstractBuilder.java:54)
Caused by: com.github.javaparser.resolution.UnsolvedSymbolException: Unsolved symbol in de.uka.ilkd.key.java.JavaParserFactory$DynamicTypeSolver@60686d5f : java.lang.Object
	at com.github.javaparser.resolution.TypeSolver.solveType(TypeSolver.java:71)

163542     ERROR Test worker     d.u.i.k.n.b.AbstractBuilder  com.github.javaparser.resolution.UnsolvedSymbolException: Unsolved symbol in de.uka.ilkd.key.java.JavaParserFactory$DynamicTypeSolver@60686d5f : java.lang.Object
	at com.github.javaparser.resolution.TypeSolver.solveType(TypeSolver.java:71)

163542     ERROR Test worker     d.u.i.k.n.b.TacletPBuilder Error in parsing taclet. de.uka.ilkd.key.util.parsing.BuildingException: Unsolved symbol in de.uka.ilkd.key.java.JavaParserFactory$DynamicTypeSolver@60686d5f : java.lang.Object at file:/D:/a/key/key/key.core/build/resources/main/de/uka/ilkd/key/proof/rules/integerRulesCommon.key:52:15
	at de.uka.ilkd.key.nparser.builder.AbstractBuilder.accept(AbstractBuilder.java:54)
Caused by: com.github.javaparser.resolution.UnsolvedSymbolException: Unsolved symbol in de.uka.ilkd.key.java.JavaParserFactory$DynamicTypeSolver@60686d5f : java.lang.Object
	at com.github.javaparser.resolution.TypeSolver.solveType(TypeSolver.java:71)

163542     ERROR Test worker     d.u.i.k.n.b.AbstractBuilder  com.github.javaparser.resolution.UnsolvedSymbolException: Unsolved symbol in de.uka.ilkd.key.java.JavaParserFactory$DynamicTypeSolver@60686d5f : java.lang.Object
	at com.github.javaparser.resolution.TypeSolver.solveType(TypeSolver.java:71)

163542     ERROR Test worker     d.u.i.k.n.b.TacletPBuilder Error in parsing taclet. de.uka.ilkd.key.util.parsing.BuildingException: Unsolved symbol in de.uka.ilkd.key.java.JavaParserFactory$DynamicTypeSolver@60686d5f : java.lang.Object at file:/D:/a/key/key/key.core/build/resources/main/de/uka/ilkd/key/proof/rules/integerRulesCommon.key:65:15
	at de.uka.ilkd.key.nparser.builder.AbstractBuilder.accept(AbstractBuilder.java:54)
Caused by: com.github.javaparser.resolution.UnsolvedSymbolException: Unsolved symbol in de.uka.ilkd.key.java.JavaParserFactory$DynamicTypeSolver@60686d5f : java.lang.Object
	at com.github.javaparser.resolution.TypeSolver.solveType(TypeSolver.java:71)

163542     ERROR Test worker     d.u.i.k.n.b.AbstractBuilder  com.github.javaparser.resolution.UnsolvedSymbolException: Unsolved symbol in de.uka.ilkd.key.java.JavaParserFactory$DynamicTypeSolver@60686d5f : java.lang.Object
	at com.github.javaparser.resolution.TypeSolver.solveType(TypeSolver.java:71)

163542     ERROR Test worker     d.u.i.k.n.b.TacletPBuilder Error in parsing taclet. de.uka.ilkd.key.util.parsing.BuildingException: Unsolved symbol in de.uka.ilkd.key.java.JavaParserFactory$DynamicTypeSolver@60686d5f : java.lang.Object at file:/D:/a/key/key/key.core/build/resources/main/de/uka/ilkd/key/proof/rules/integerRulesCommon.key:73:15
	at de.uka.ilkd.key.nparser.builder.AbstractBuilder.accept(AbstractBuilder.java:54)
Caused by: com.github.javaparser.resolution.UnsolvedSymbolException: Unsolved symbol in de.uka.ilkd.key.java.JavaParserFactory$DynamicTypeSolver@60686d5f : java.lang.Object
	at com.github.javaparser.resolution.TypeSolver.solveType(TypeSolver.java:71)

163542     ERROR Test worker     d.u.i.k.n.b.AbstractBuilder  com.github.javaparser.resolution.UnsolvedSymbolException: Unsolved symbol in de.uka.ilkd.key.java.JavaParserFactory$DynamicTypeSolver@60686d5f : java.lang.Object
	at com.github.javaparser.resolution.TypeSolver.solveType(TypeSolver.java:71)

163542     ERROR Test worker     d.u.i.k.n.b.TacletPBuilder Error in parsing taclet. de.uka.ilkd.key.util.parsing.BuildingException: Unsolved symbol in de.uka.ilkd.key.java.JavaParserFactory$DynamicTypeSolver@60686d5f : java.lang.Object at file:/D:/a/key/key/key.core/build/resources/main/de/uka/ilkd/key/proof/rules/integerRulesCommon.key:81:15
	at de.uka.ilkd.key.nparser.builder.AbstractBuilder.accept(AbstractBuilder.java:54)
Caused by: com.github.javaparser.resolution.UnsolvedSymbolException: Unsolved symbol in de.uka.ilkd.key.java.JavaParserFactory$DynamicTypeSolver@60686d5f : java.lang.Object
	at com.github.javaparser.resolution.TypeSolver.solveType(TypeSolver.java:71)

163542     ERROR Test worker     d.u.i.k.n.b.AbstractBuilder  com.github.javaparser.resolution.UnsolvedSymbolException: Unsolved symbol in de.uka.ilkd.key.java.JavaParserFactory$DynamicTypeSolver@60686d5f : java.lang.Object
	at com.github.javaparser.resolution.TypeSolver.solveType(TypeSolver.java:71)

163542     ERROR Test worker     d.u.i.k.n.b.TacletPBuilder Error in parsing taclet. de.uka.ilkd.key.util.parsing.BuildingException: Unsolved symbol in de.uka.ilkd.key.java.JavaParserFactory$DynamicTypeSolver@60686d5f : java.lang.Object at file:/D:/a/key/key/key.core/build/resources/main/de/uka/ilkd/key/proof/rules/integerRulesCommon.key:89:15
	at de.uka.ilkd.key.nparser.builder.AbstractBuilder.accept(AbstractBuilder.java:54)
Caused by: com.github.javaparser.resolution.UnsolvedSymbolException: Unsolved symbol in de.uka.ilkd.key.java.JavaParserFactory$DynamicTypeSolver@60686d5f : java.lang.Object
	at com.github.javaparser.resolution.TypeSolver.solveType(TypeSolver.java:71)

163558     ERROR Test worker     d.u.i.k.n.b.AbstractBuilder  com.github.javaparser.resolution.UnsolvedSymbolException: Unsolved symbol in de.uka.ilkd.key.java.JavaParserFactory$DynamicTypeSolver@60686d5f : java.lang.Object
	at com.github.javaparser.resolution.TypeSolver.solveType(TypeSolver.java:71)

163558     ERROR Test worker     d.u.i.k.n.b.TacletPBuilder Error in parsing taclet. de.uka.ilkd.key.util.parsing.BuildingException: Unsolved symbol in de.uka.ilkd.key.java.JavaParserFactory$DynamicTypeSolver@60686d5f : java.lang.Object at file:/D:/a/key/key/key.core/build/resources/main/de/uka/ilkd/key/proof/rules/integerRulesCommon.key:97:15
	at de.uka.ilkd.key.nparser.builder.AbstractBuilder.accept(AbstractBuilder.java:54)
Caused by: com.github.javaparser.resolution.UnsolvedSymbolException: Unsolved symbol in de.uka.ilkd.key.java.JavaParserFactory$DynamicTypeSolver@60686d5f : java.lang.Object
	at com.github.javaparser.resolution.TypeSolver.solveType(TypeSolver.java:71)

163558     ERROR Test worker     d.u.i.k.n.b.AbstractBuilder  com.github.javaparser.resolution.UnsolvedSymbolException: Unsolved symbol in de.uka.ilkd.key.java.JavaParserFactory$DynamicTypeSolver@60686d5f : java.lang.Object
	at com.github.javaparser.resolution.TypeSolver.solveType(TypeSolver.java:71)

163558     ERROR Test worker     d.u.i.k.n.b.TacletPBuilder Error in parsing taclet. de.uka.ilkd.key.util.parsing.BuildingException: Unsolved symbol in de.uka.ilkd.key.java.JavaParserFactory$DynamicTypeSolver@60686d5f : java.lang.Object at file:/D:/a/key/key/key.core/build/resources/main/de/uka/ilkd/key/proof/rules/integerRulesCommon.key:105:15
	at de.uka.ilkd.key.nparser.builder.AbstractBuilder.accept(AbstractBuilder.java:54)
Caused by: com.github.javaparser.resolution.UnsolvedSymbolException: Unsolved symbol in de.uka.ilkd.key.java.JavaParserFactory$DynamicTypeSolver@60686d5f : java.lang.Object
	at com.github.javaparser.resolution.TypeSolver.solveType(TypeSolver.java:71)

163558     ERROR Test worker     d.u.i.k.n.b.AbstractBuilder  com.github.javaparser.resolution.UnsolvedSymbolException: Unsolved symbol in de.uka.ilkd.key.java.JavaParserFactory$DynamicTypeSolver@60686d5f : java.lang.Object
	at com.github.javaparser.resolution.TypeSolver.solveType(TypeSolver.java:71)

163558     ERROR Test worker     d.u.i.k.n.b.TacletPBuilder Error in parsing taclet. de.uka.ilkd.key.util.parsing.BuildingException: Unsolved symbol in de.uka.ilkd.key.java.JavaParserFactory$DynamicTypeSolver@60686d5f : java.lang.Object at file:/D:/a/key/key/key.core/build/resources/main/de/uka/ilkd/key/proof/rules/integerRulesCommon.key:113:15
	at de.uka.ilkd.key.nparser.builder.AbstractBuilder.accept(AbstractBuilder.java:54)
Caused by: com.github.javaparser.resolution.UnsolvedSymbolException: Unsolved symbol in de.uka.ilkd.key.java.JavaParserFactory$DynamicTypeSolver@60686d5f : java.lang.Object
	at com.github.javaparser.resolution.TypeSolver.solveType(TypeSolver.java:71)

163558     ERROR Test worker     d.u.i.k.n.b.AbstractBuilder  com.github.javaparser.resolution.UnsolvedSymbolException: Unsolved symbol in de.uka.ilkd.key.java.JavaParserFactory$DynamicTypeSolver@60686d5f : java.lang.Object
	at com.github.javaparser.resolution.TypeSolver.solveType(TypeSolver.java:71)

163558     ERROR Test worker     d.u.i.k.n.b.TacletPBuilder Error in parsing taclet. de.uka.ilkd.key.util.parsing.BuildingException: Unsolved symbol in de.uka.ilkd.key.java.JavaParserFactory$DynamicTypeSolver@60686d5f : java.lang.Object at file:/D:/a/key/key/key.core/build/resources/main/de/uka/ilkd/key/proof/rules/integerRulesCommon.key:120:15
	at de.uka.ilkd.key.nparser.builder.AbstractBuilder.accept(AbstractBuilder.java:54)
Caused by: com.github.javaparser.resolution.UnsolvedSymbolException: Unsolved symbol in de.uka.ilkd.key.java.JavaParserFactory$DynamicTypeSolver@60686d5f : java.lang.Object
	at com.github.javaparser.resolution.TypeSolver.solveType(TypeSolver.java:71)

163558     ERROR Test worker     d.u.i.k.n.b.AbstractBuilder  com.github.javaparser.resolution.UnsolvedSymbolException: Unsolved symbol in de.uka.ilkd.key.java.JavaParserFactory$DynamicTypeSolver@60686d5f : java.lang.Object
	at com.github.javaparser.resolution.TypeSolver.solveType(TypeSolver.java:71)

163558     ERROR Test worker     d.u.i.k.n.b.TacletPBuilder Error in parsing taclet. de.uka.ilkd.key.util.parsing.BuildingException: Unsolved symbol in de.uka.ilkd.key.java.JavaParserFactory$DynamicTypeSolver@60686d5f : java.lang.Object at file:/D:/a/key/key/key.core/build/resources/main/de/uka/ilkd/key/proof/rules/integerRulesCommon.key:127:15
	at de.uka.ilkd.key.nparser.builder.AbstractBuilder.accept(AbstractBuilder.java:54)
Caused by: com.github.javaparser.resolution.UnsolvedSymbolException: Unsolved symbol in de.uka.ilkd.key.java.JavaParserFactory$DynamicTypeSolver@60686d5f : java.lang.Object
	at com.github.javaparser.resolution.TypeSolver.solveType(TypeSolver.java:71)

163824     DEBUG Test worker     d.u.i.k.j.TypeConverter   No LDT found for Meta 
163824     DEBUG Test worker     d.u.i.k.j.TypeConverter   No LDT found for Meta 
163824     DEBUG Test worker     d.u.i.k.j.TypeConverter   No LDT found for Meta 
163824     DEBUG Test worker     d.u.i.k.j.TypeConverter   No LDT found for Meta 
163965     ERROR Test worker     d.u.i.k.n.b.AbstractBuilder  com.github.javaparser.resolution.UnsolvedSymbolException: Unsolved symbol in de.uka.ilkd.key.java.JavaParserFactory$DynamicTypeSolver@60686d5f : java.lang.Object
	at com.github.javaparser.resolution.TypeSolver.solveType(TypeSolver.java:71)

163965     ERROR Test worker     d.u.i.k.n.b.TacletPBuilder Error in parsing taclet. de.uka.ilkd.key.util.parsing.BuildingException: Unsolved symbol in de.uka.ilkd.key.java.JavaParserFactory$DynamicTypeSolver@60686d5f : java.lang.Object at file:/D:/a/key/key/key.core/build/resources/main/de/uka/ilkd/key/proof/rules/floatRulesAssumeStrictfp.key:77:15
	at de.uka.ilkd.key.nparser.builder.AbstractBuilder.accept(AbstractBuilder.java:54)
Caused by: com.github.javaparser.resolution.UnsolvedSymbolException: Unsolved symbol in de.uka.ilkd.key.java.JavaParserFactory$DynamicTypeSolver@60686d5f : java.lang.Object
	at com.github.javaparser.resolution.TypeSolver.solveType(TypeSolver.java:71)

163965     ERROR Test worker     d.u.i.k.n.b.TacletPBuilder Override: #loc (program Variable) #loc (program Variable) 
163965     ERROR Test worker     d.u.i.k.n.b.TacletPBuilder Override: #se (program SimpleExpression) #se (program SimpleExpression) 
163965     ERROR Test worker     d.u.i.k.n.b.TacletPBuilder Override: post (formula) post (formula) 
163965     ERROR Test worker     d.u.i.k.n.b.AbstractBuilder  com.github.javaparser.resolution.UnsolvedSymbolException: Unsolved symbol in de.uka.ilkd.key.java.JavaParserFactory$DynamicTypeSolver@60686d5f : java.lang.Object
	at com.github.javaparser.resolution.TypeSolver.solveType(TypeSolver.java:71)

163965     ERROR Test worker     d.u.i.k.n.b.TacletPBuilder Error in parsing taclet. de.uka.ilkd.key.util.parsing.BuildingException: Unsolved symbol in de.uka.ilkd.key.java.JavaParserFactory$DynamicTypeSolver@60686d5f : java.lang.Object at file:/D:/a/key/key/key.core/build/resources/main/de/uka/ilkd/key/proof/rules/floatRulesAssumeStrictfp.key:87:15
	at de.uka.ilkd.key.nparser.builder.AbstractBuilder.accept(AbstractBuilder.java:54)
Caused by: com.github.javaparser.resolution.UnsolvedSymbolException: Unsolved symbol in de.uka.ilkd.key.java.JavaParserFactory$DynamicTypeSolver@60686d5f : java.lang.Object
	at com.github.javaparser.resolution.TypeSolver.solveType(TypeSolver.java:71)

163965     ERROR Test worker     d.u.i.k.n.b.TacletPBuilder Override: #loc (program Variable) #loc (program Variable) 
163965     ERROR Test worker     d.u.i.k.n.b.TacletPBuilder Override: #se (program SimpleExpression) #se (program SimpleExpression) 
163965     ERROR Test worker     d.u.i.k.n.b.TacletPBuilder Override: post (formula) post (formula) 
163965     ERROR Test worker     d.u.i.k.n.b.AbstractBuilder  com.github.javaparser.resolution.UnsolvedSymbolException: Unsolved symbol in de.uka.ilkd.key.java.JavaParserFactory$DynamicTypeSolver@60686d5f : java.lang.Object
	at com.github.javaparser.resolution.TypeSolver.solveType(TypeSolver.java:71)

163965     ERROR Test worker     d.u.i.k.n.b.TacletPBuilder Error in parsing taclet. de.uka.ilkd.key.util.parsing.BuildingException: Unsolved symbol in de.uka.ilkd.key.java.JavaParserFactory$DynamicTypeSolver@60686d5f : java.lang.Object at file:/D:/a/key/key/key.core/build/resources/main/de/uka/ilkd/key/proof/rules/floatRulesAssumeStrictfp.key:97:15
	at de.uka.ilkd.key.nparser.builder.AbstractBuilder.accept(AbstractBuilder.java:54)
Caused by: com.github.javaparser.resolution.UnsolvedSymbolException: Unsolved symbol in de.uka.ilkd.key.java.JavaParserFactory$DynamicTypeSolver@60686d5f : java.lang.Object
	at com.github.javaparser.resolution.TypeSolver.solveType(TypeSolver.java:71)

163965     ERROR Test worker     d.u.i.k.n.b.TacletPBuilder Override: #loc (program Variable) #loc (program Variable) 
163965     ERROR Test worker     d.u.i.k.n.b.TacletPBuilder Override: #se (program SimpleExpression) #se (program SimpleExpression) 
163965     ERROR Test worker     d.u.i.k.n.b.TacletPBuilder Override: post (formula) post (formula) 
163965     ERROR Test worker     d.u.i.k.n.b.AbstractBuilder  com.github.javaparser.resolution.UnsolvedSymbolException: Unsolved symbol in de.uka.ilkd.key.java.JavaParserFactory$DynamicTypeSolver@60686d5f : java.lang.Object
	at com.github.javaparser.resolution.TypeSolver.solveType(TypeSolver.java:71)

163965     ERROR Test worker     d.u.i.k.n.b.TacletPBuilder Error in parsing taclet. de.uka.ilkd.key.util.parsing.BuildingException: Unsolved symbol in de.uka.ilkd.key.java.JavaParserFactory$DynamicTypeSolver@60686d5f : java.lang.Object at file:/D:/a/key/key/key.core/build/resources/main/de/uka/ilkd/key/proof/rules/floatRulesAssumeStrictfp.key:107:15
	at de.uka.ilkd.key.nparser.builder.AbstractBuilder.accept(AbstractBuilder.java:54)
Caused by: com.github.javaparser.resolution.UnsolvedSymbolException: Unsolved symbol in de.uka.ilkd.key.java.JavaParserFactory$DynamicTypeSolver@60686d5f : java.lang.Object
	at com.github.javaparser.resolution.TypeSolver.solveType(TypeSolver.java:71)

163965     ERROR Test worker     d.u.i.k.n.b.TacletPBuilder Override: #loc (program Variable) #loc (program Variable) 
163965     ERROR Test worker     d.u.i.k.n.b.TacletPBuilder Override: #se (program SimpleExpression) #se (program SimpleExpression) 
163965     ERROR Test worker     d.u.i.k.n.b.TacletPBuilder Override: post (formula) post (formula) 
163965     ERROR Test worker     d.u.i.k.n.b.AbstractBuilder  com.github.javaparser.resolution.UnsolvedSymbolException: Unsolved symbol in de.uka.ilkd.key.java.JavaParserFactory$DynamicTypeSolver@60686d5f : java.lang.Object
	at com.github.javaparser.resolution.TypeSolver.solveType(TypeSolver.java:71)

163965     ERROR Test worker     d.u.i.k.n.b.TacletPBuilder Error in parsing taclet. de.uka.ilkd.key.util.parsing.BuildingException: Unsolved symbol in de.uka.ilkd.key.java.JavaParserFactory$DynamicTypeSolver@60686d5f : java.lang.Object at file:/D:/a/key/key/key.core/build/resources/main/de/uka/ilkd/key/proof/rules/floatRulesAssumeStrictfp.key:117:15
	at de.uka.ilkd.key.nparser.builder.AbstractBuilder.accept(AbstractBuilder.java:54)
Caused by: com.github.javaparser.resolution.UnsolvedSymbolException: Unsolved symbol in de.uka.ilkd.key.java.JavaParserFactory$DynamicTypeSolver@60686d5f : java.lang.Object
	at com.github.javaparser.resolution.TypeSolver.solveType(TypeSolver.java:71)

163965     ERROR Test worker     d.u.i.k.n.b.TacletPBuilder Override: #loc (program Variable) #loc (program Variable) 
163965     ERROR Test worker     d.u.i.k.n.b.TacletPBuilder Override: post (formula) post (formula) 
163965     ERROR Test worker     d.u.i.k.n.b.AbstractBuilder  com.github.javaparser.resolution.UnsolvedSymbolException: Unsolved symbol in de.uka.ilkd.key.java.JavaParserFactory$DynamicTypeSolver@60686d5f : java.lang.Object
	at com.github.javaparser.resolution.TypeSolver.solveType(TypeSolver.java:71)

163965     ERROR Test worker     d.u.i.k.n.b.TacletPBuilder Error in parsing taclet. de.uka.ilkd.key.util.parsing.BuildingException: Unsolved symbol in de.uka.ilkd.key.java.JavaParserFactory$DynamicTypeSolver@60686d5f : java.lang.Object at file:/D:/a/key/key/key.core/build/resources/main/de/uka/ilkd/key/proof/rules/floatRulesAssumeStrictfp.key:128:15
	at de.uka.ilkd.key.nparser.builder.AbstractBuilder.accept(AbstractBuilder.java:54)
Caused by: com.github.javaparser.resolution.UnsolvedSymbolException: Unsolved symbol in de.uka.ilkd.key.java.JavaParserFactory$DynamicTypeSolver@60686d5f : java.lang.Object
	at com.github.javaparser.resolution.TypeSolver.solveType(TypeSolver.java:71)

163965     ERROR Test worker     d.u.i.k.n.b.TacletPBuilder Override: #loc (program Variable) #loc (program Variable) 
163965     ERROR Test worker     d.u.i.k.n.b.TacletPBuilder Override: #se (program SimpleExpression) #se (program SimpleExpression) 
163965     ERROR Test worker     d.u.i.k.n.b.TacletPBuilder Override: post (formula) post (formula) 
163981     ERROR Test worker     d.u.i.k.n.b.AbstractBuilder  com.github.javaparser.resolution.UnsolvedSymbolException: Unsolved symbol in de.uka.ilkd.key.java.JavaParserFactory$DynamicTypeSolver@60686d5f : java.lang.Object
	at com.github.javaparser.resolution.TypeSolver.solveType(TypeSolver.java:71)

163981     ERROR Test worker     d.u.i.k.n.b.TacletPBuilder Error in parsing taclet. de.uka.ilkd.key.util.parsing.BuildingException: Unsolved symbol in de.uka.ilkd.key.java.JavaParserFactory$DynamicTypeSolver@60686d5f : java.lang.Object at file:/D:/a/key/key/key.core/build/resources/main/de/uka/ilkd/key/proof/rules/floatRulesAssumeStrictfp.key:138:15
	at de.uka.ilkd.key.nparser.builder.AbstractBuilder.accept(AbstractBuilder.java:54)
Caused by: com.github.javaparser.resolution.UnsolvedSymbolException: Unsolved symbol in de.uka.ilkd.key.java.JavaParserFactory$DynamicTypeSolver@60686d5f : java.lang.Object
	at com.github.javaparser.resolution.TypeSolver.solveType(TypeSolver.java:71)

163981     ERROR Test worker     d.u.i.k.n.b.TacletPBuilder Override: #loc (program Variable) #loc (program Variable) 
163981     ERROR Test worker     d.u.i.k.n.b.TacletPBuilder Override: #se1 (program SimpleExpression) #se1 (program SimpleExpression) 
163981     ERROR Test worker     d.u.i.k.n.b.TacletPBuilder Override: #se2 (program SimpleExpression) #se2 (program SimpleExpression) 
163981     ERROR Test worker     d.u.i.k.n.b.TacletPBuilder Override: post (formula) post (formula) 
163981     ERROR Test worker     d.u.i.k.n.b.AbstractBuilder  com.github.javaparser.resolution.UnsolvedSymbolException: Unsolved symbol in de.uka.ilkd.key.java.JavaParserFactory$DynamicTypeSolver@60686d5f : java.lang.Object
	at com.github.javaparser.resolution.TypeSolver.solveType(TypeSolver.java:71)

163981     ERROR Test worker     d.u.i.k.n.b.TacletPBuilder Error in parsing taclet. de.uka.ilkd.key.util.parsing.BuildingException: Unsolved symbol in de.uka.ilkd.key.java.JavaParserFactory$DynamicTypeSolver@60686d5f : java.lang.Object at file:/D:/a/key/key/key.core/build/resources/main/de/uka/ilkd/key/proof/rules/floatRulesAssumeStrictfp.key:149:15
	at de.uka.ilkd.key.nparser.builder.AbstractBuilder.accept(AbstractBuilder.java:54)
Caused by: com.github.javaparser.resolution.UnsolvedSymbolException: Unsolved symbol in de.uka.ilkd.key.java.JavaParserFactory$DynamicTypeSolver@60686d5f : java.lang.Object
	at com.github.javaparser.resolution.TypeSolver.solveType(TypeSolver.java:71)

163981     ERROR Test worker     d.u.i.k.n.b.TacletPBuilder Override: #loc (program Variable) #loc (program Variable) 
163981     ERROR Test worker     d.u.i.k.n.b.TacletPBuilder Override: #se (program SimpleExpression) #se (program SimpleExpression) 
163981     ERROR Test worker     d.u.i.k.n.b.TacletPBuilder Override: post (formula) post (formula) 
163981     ERROR Test worker     d.u.i.k.n.b.AbstractBuilder  com.github.javaparser.resolution.UnsolvedSymbolException: Unsolved symbol in de.uka.ilkd.key.java.JavaParserFactory$DynamicTypeSolver@60686d5f : java.lang.Object
	at com.github.javaparser.resolution.TypeSolver.solveType(TypeSolver.java:71)

163981     ERROR Test worker     d.u.i.k.n.b.TacletPBuilder Error in parsing taclet. de.uka.ilkd.key.util.parsing.BuildingException: Unsolved symbol in de.uka.ilkd.key.java.JavaParserFactory$DynamicTypeSolver@60686d5f : java.lang.Object at file:/D:/a/key/key/key.core/build/resources/main/de/uka/ilkd/key/proof/rules/floatRulesAssumeStrictfp.key:159:15
	at de.uka.ilkd.key.nparser.builder.AbstractBuilder.accept(AbstractBuilder.java:54)
Caused by: com.github.javaparser.resolution.UnsolvedSymbolException: Unsolved symbol in de.uka.ilkd.key.java.JavaParserFactory$DynamicTypeSolver@60686d5f : java.lang.Object
	at com.github.javaparser.resolution.TypeSolver.solveType(TypeSolver.java:71)

163981     ERROR Test worker     d.u.i.k.n.b.TacletPBuilder Override: #loc (program Variable) #loc (program Variable) 
163981     ERROR Test worker     d.u.i.k.n.b.TacletPBuilder Override: #se (program SimpleExpression) #se (program SimpleExpression) 
163981     ERROR Test worker     d.u.i.k.n.b.TacletPBuilder Override: post (formula) post (formula) 
163981     ERROR Test worker     d.u.i.k.n.b.AbstractBuilder  com.github.javaparser.resolution.UnsolvedSymbolException: Unsolved symbol in de.uka.ilkd.key.java.JavaParserFactory$DynamicTypeSolver@60686d5f : java.lang.Object
	at com.github.javaparser.resolution.TypeSolver.solveType(TypeSolver.java:71)

163981     ERROR Test worker     d.u.i.k.n.b.TacletPBuilder Error in parsing taclet. de.uka.ilkd.key.util.parsing.BuildingException: Unsolved symbol in de.uka.ilkd.key.java.JavaParserFactory$DynamicTypeSolver@60686d5f : java.lang.Object at file:/D:/a/key/key/key.core/build/resources/main/de/uka/ilkd/key/proof/rules/floatRulesAssumeStrictfp.key:169:15
	at de.uka.ilkd.key.nparser.builder.AbstractBuilder.accept(AbstractBuilder.java:54)
Caused by: com.github.javaparser.resolution.UnsolvedSymbolException: Unsolved symbol in de.uka.ilkd.key.java.JavaParserFactory$DynamicTypeSolver@60686d5f : java.lang.Object
	at com.github.javaparser.resolution.TypeSolver.solveType(TypeSolver.java:71)

164284     ERROR Test worker     d.u.i.k.n.b.AbstractBuilder  com.github.javaparser.resolution.UnsolvedSymbolException: Unsolved symbol in de.uka.ilkd.key.java.JavaParserFactory$DynamicTypeSolver@60686d5f : java.lang.Object
	at com.github.javaparser.resolution.TypeSolver.solveType(TypeSolver.java:71)

164284     ERROR Test worker     d.u.i.k.n.b.TacletPBuilder Error in parsing taclet. de.uka.ilkd.key.util.parsing.BuildingException: Unsolved symbol in de.uka.ilkd.key.java.JavaParserFactory$DynamicTypeSolver@60686d5f : java.lang.Object at file:/D:/a/key/key/key.core/build/resources/main/de/uka/ilkd/key/proof/rules/assertions.key:16:15
	at de.uka.ilkd.key.nparser.builder.AbstractBuilder.accept(AbstractBuilder.java:54)
Caused by: com.github.javaparser.resolution.UnsolvedSymbolException: Unsolved symbol in de.uka.ilkd.key.java.JavaParserFactory$DynamicTypeSolver@60686d5f : java.lang.Object
	at com.github.javaparser.resolution.TypeSolver.solveType(TypeSolver.java:71)

164284     ERROR Test worker     d.u.i.k.n.b.AbstractBuilder  com.github.javaparser.resolution.UnsolvedSymbolException: Unsolved symbol in de.uka.ilkd.key.java.JavaParserFactory$DynamicTypeSolver@60686d5f : java.lang.Object
	at com.github.javaparser.resolution.TypeSolver.solveType(TypeSolver.java:71)

164284     ERROR Test worker     d.u.i.k.n.b.TacletPBuilder Error in parsing taclet. de.uka.ilkd.key.util.parsing.BuildingException: Unsolved symbol in de.uka.ilkd.key.java.JavaParserFactory$DynamicTypeSolver@60686d5f : java.lang.Object at file:/D:/a/key/key/key.core/build/resources/main/de/uka/ilkd/key/proof/rules/assertions.key:25:15
	at de.uka.ilkd.key.nparser.builder.AbstractBuilder.accept(AbstractBuilder.java:54)
Caused by: com.github.javaparser.resolution.UnsolvedSymbolException: Unsolved symbol in de.uka.ilkd.key.java.JavaParserFactory$DynamicTypeSolver@60686d5f : java.lang.Object
	at com.github.javaparser.resolution.TypeSolver.solveType(TypeSolver.java:71)

164284     ERROR Test worker     d.u.i.k.n.b.AbstractBuilder  com.github.javaparser.resolution.UnsolvedSymbolException: Unsolved symbol in de.uka.ilkd.key.java.JavaParserFactory$DynamicTypeSolver@60686d5f : java.lang.Object
	at com.github.javaparser.resolution.TypeSolver.solveType(TypeSolver.java:71)

164284     ERROR Test worker     d.u.i.k.n.b.TacletPBuilder Error in parsing taclet. de.uka.ilkd.key.util.parsing.BuildingException: Unsolved symbol in de.uka.ilkd.key.java.JavaParserFactory$DynamicTypeSolver@60686d5f : java.lang.Object at file:/D:/a/key/key/key.core/build/resources/main/de/uka/ilkd/key/proof/rules/assertions.key:34:15
	at de.uka.ilkd.key.nparser.builder.AbstractBuilder.accept(AbstractBuilder.java:54)
Caused by: com.github.javaparser.resolution.UnsolvedSymbolException: Unsolved symbol in de.uka.ilkd.key.java.JavaParserFactory$DynamicTypeSolver@60686d5f : java.lang.Object
	at com.github.javaparser.resolution.TypeSolver.solveType(TypeSolver.java:71)

164299     ERROR Test worker     d.u.i.k.n.b.AbstractBuilder  com.github.javaparser.resolution.UnsolvedSymbolException: Unsolved symbol in de.uka.ilkd.key.java.JavaParserFactory$DynamicTypeSolver@60686d5f : java.lang.Object
	at com.github.javaparser.resolution.TypeSolver.solveType(TypeSolver.java:71)

164299     ERROR Test worker     d.u.i.k.n.b.TacletPBuilder Error in parsing taclet. de.uka.ilkd.key.util.parsing.BuildingException: Unsolved symbol in de.uka.ilkd.key.java.JavaParserFactory$DynamicTypeSolver@60686d5f : java.lang.Object at file:/D:/a/key/key/key.core/build/resources/main/de/uka/ilkd/key/proof/rules/assertions.key:43:15
	at de.uka.ilkd.key.nparser.builder.AbstractBuilder.accept(AbstractBuilder.java:54)
Caused by: com.github.javaparser.resolution.UnsolvedSymbolException: Unsolved symbol in de.uka.ilkd.key.java.JavaParserFactory$DynamicTypeSolver@60686d5f : java.lang.Object
	at com.github.javaparser.resolution.TypeSolver.solveType(TypeSolver.java:71)

164299     ERROR Test worker     d.u.i.k.n.b.AbstractBuilder  com.github.javaparser.resolution.UnsolvedSymbolException: Unsolved symbol in de.uka.ilkd.key.java.JavaParserFactory$DynamicTypeSolver@60686d5f : java.lang.Object
	at com.github.javaparser.resolution.TypeSolver.solveType(TypeSolver.java:71)

164299     ERROR Test worker     d.u.i.k.n.b.TacletPBuilder Error in parsing taclet. de.uka.ilkd.key.util.parsing.BuildingException: Unsolved symbol in de.uka.ilkd.key.java.JavaParserFactory$DynamicTypeSolver@60686d5f : java.lang.Object at file:/D:/a/key/key/key.core/build/resources/main/de/uka/ilkd/key/proof/rules/assertions.key:54:15
	at de.uka.ilkd.key.nparser.builder.AbstractBuilder.accept(AbstractBuilder.java:54)
Caused by: com.github.javaparser.resolution.UnsolvedSymbolException: Unsolved symbol in de.uka.ilkd.key.java.JavaParserFactory$DynamicTypeSolver@60686d5f : java.lang.Object
	at com.github.javaparser.resolution.TypeSolver.solveType(TypeSolver.java:71)

164299     ERROR Test worker     d.u.i.k.n.b.AbstractBuilder  com.github.javaparser.resolution.UnsolvedSymbolException: Unsolved symbol in de.uka.ilkd.key.java.JavaParserFactory$DynamicTypeSolver@60686d5f : java.lang.Object
	at com.github.javaparser.resolution.TypeSolver.solveType(TypeSolver.java:71)

164299     ERROR Test worker     d.u.i.k.n.b.TacletPBuilder Error in parsing taclet. de.uka.ilkd.key.util.parsing.BuildingException: Unsolved symbol in de.uka.ilkd.key.java.JavaParserFactory$DynamicTypeSolver@60686d5f : java.lang.Object at file:/D:/a/key/key/key.core/build/resources/main/de/uka/ilkd/key/proof/rules/assertions.key:66:15
	at de.uka.ilkd.key.nparser.builder.AbstractBuilder.accept(AbstractBuilder.java:54)
Caused by: com.github.javaparser.resolution.UnsolvedSymbolException: Unsolved symbol in de.uka.ilkd.key.java.JavaParserFactory$DynamicTypeSolver@60686d5f : java.lang.Object
	at com.github.javaparser.resolution.TypeSolver.solveType(TypeSolver.java:71)

164299     ERROR Test worker     d.u.i.k.n.b.AbstractBuilder  com.github.javaparser.resolution.UnsolvedSymbolException: Unsolved symbol in de.uka.ilkd.key.java.JavaParserFactory$DynamicTypeSolver@60686d5f : java.lang.Object
	at com.github.javaparser.resolution.TypeSolver.solveType(TypeSolver.java:71)

164299     ERROR Test worker     d.u.i.k.n.b.TacletPBuilder Error in parsing taclet. de.uka.ilkd.key.util.parsing.BuildingException: Unsolved symbol in de.uka.ilkd.key.java.JavaParserFactory$DynamicTypeSolver@60686d5f : java.lang.Object at file:/D:/a/key/key/key.core/build/resources/main/de/uka/ilkd/key/proof/rules/assertions.key:78:15
	at de.uka.ilkd.key.nparser.builder.AbstractBuilder.accept(AbstractBuilder.java:54)
Caused by: com.github.javaparser.resolution.UnsolvedSymbolException: Unsolved symbol in de.uka.ilkd.key.java.JavaParserFactory$DynamicTypeSolver@60686d5f : java.lang.Object
	at com.github.javaparser.resolution.TypeSolver.solveType(TypeSolver.java:71)

164299     ERROR Test worker     d.u.i.k.n.b.AbstractBuilder  com.github.javaparser.resolution.UnsolvedSymbolException: Unsolved symbol in de.uka.ilkd.key.java.JavaParserFactory$DynamicTypeSolver@60686d5f : java.lang.Object
	at com.github.javaparser.resolution.TypeSolver.solveType(TypeSolver.java:71)

164299     ERROR Test worker     d.u.i.k.n.b.TacletPBuilder Error in parsing taclet. de.uka.ilkd.key.util.parsing.BuildingException: Unsolved symbol in de.uka.ilkd.key.java.JavaParserFactory$DynamicTypeSolver@60686d5f : java.lang.Object at file:/D:/a/key/key/key.core/build/resources/main/de/uka/ilkd/key/proof/rules/assertions.key:93:15
	at de.uka.ilkd.key.nparser.builder.AbstractBuilder.accept(AbstractBuilder.java:54)
Caused by: com.github.javaparser.resolution.UnsolvedSymbolException: Unsolved symbol in de.uka.ilkd.key.java.JavaParserFactory$DynamicTypeSolver@60686d5f : java.lang.Object
	at com.github.javaparser.resolution.TypeSolver.solveType(TypeSolver.java:71)

164299     ERROR Test worker     d.u.i.k.n.b.AbstractBuilder  com.github.javaparser.resolution.UnsolvedSymbolException: Unsolved symbol in de.uka.ilkd.key.java.JavaParserFactory$DynamicTypeSolver@60686d5f : java.lang.Object
	at com.github.javaparser.resolution.TypeSolver.solveType(TypeSolver.java:71)

164299     ERROR Test worker     d.u.i.k.n.b.TacletPBuilder Error in parsing taclet. de.uka.ilkd.key.util.parsing.BuildingException: Unsolved symbol in de.uka.ilkd.key.java.JavaParserFactory$DynamicTypeSolver@60686d5f : java.lang.Object at file:/D:/a/key/key/key.core/build/resources/main/de/uka/ilkd/key/proof/rules/assertions.key:100:15
	at de.uka.ilkd.key.nparser.builder.AbstractBuilder.accept(AbstractBuilder.java:54)
Caused by: com.github.javaparser.resolution.UnsolvedSymbolException: Unsolved symbol in de.uka.ilkd.key.java.JavaParserFactory$DynamicTypeSolver@60686d5f : java.lang.Object
	at com.github.javaparser.resolution.TypeSolver.solveType(TypeSolver.java:71)

164299     ERROR Test worker     d.u.i.k.n.b.AbstractBuilder  com.github.javaparser.resolution.UnsolvedSymbolException: Unsolved symbol in de.uka.ilkd.key.java.JavaParserFactory$DynamicTypeSolver@60686d5f : java.lang.Object
	at com.github.javaparser.resolution.TypeSolver.solveType(TypeSolver.java:71)

164299     ERROR Test worker     d.u.i.k.n.b.TacletPBuilder Error in parsing taclet. de.uka.ilkd.key.util.parsing.BuildingException: Unsolved symbol in de.uka.ilkd.key.java.JavaParserFactory$DynamicTypeSolver@60686d5f : java.lang.Object at file:/D:/a/key/key/key.core/build/resources/main/de/uka/ilkd/key/proof/rules/assertions.key:115:20
	at de.uka.ilkd.key.nparser.builder.AbstractBuilder.accept(AbstractBuilder.java:54)
Caused by: com.github.javaparser.resolution.UnsolvedSymbolException: Unsolved symbol in de.uka.ilkd.key.java.JavaParserFactory$DynamicTypeSolver@60686d5f : java.lang.Object
	at com.github.javaparser.resolution.TypeSolver.solveType(TypeSolver.java:71)

164299     ERROR Test worker     d.u.i.k.n.b.TacletPBuilder Override: f (variable) f (variable) 
164299     ERROR Test worker     d.u.i.k.n.b.TacletPBuilder Override: o (variable) o (variable) 
164299     ERROR Test worker     d.u.i.k.n.b.TacletPBuilder Override: oldHeap (Heap skolem term) oldHeap (Heap skolem term) 
164299     ERROR Test worker     d.u.i.k.n.b.AbstractBuilder  com.github.javaparser.resolution.UnsolvedSymbolException: Unsolved symbol in de.uka.ilkd.key.java.JavaParserFactory$DynamicTypeSolver@60686d5f : java.lang.Object
	at com.github.javaparser.resolution.TypeSolver.solveType(TypeSolver.java:71)

164299     ERROR Test worker     d.u.i.k.n.b.TacletPBuilder Error in parsing taclet. de.uka.ilkd.key.util.parsing.BuildingException: Unsolved symbol in de.uka.ilkd.key.java.JavaParserFactory$DynamicTypeSolver@60686d5f : java.lang.Object at file:/D:/a/key/key/key.core/build/resources/main/de/uka/ilkd/key/proof/rules/assertions.key:136:20
	at de.uka.ilkd.key.nparser.builder.AbstractBuilder.accept(AbstractBuilder.java:54)
Caused by: com.github.javaparser.resolution.UnsolvedSymbolException: Unsolved symbol in de.uka.ilkd.key.java.JavaParserFactory$DynamicTypeSolver@60686d5f : java.lang.Object
	at com.github.javaparser.resolution.TypeSolver.solveType(TypeSolver.java:71)

164299     ERROR Test worker     d.u.i.k.n.b.AbstractBuilder  com.github.javaparser.resolution.UnsolvedSymbolException: Unsolved symbol in de.uka.ilkd.key.java.JavaParserFactory$DynamicTypeSolver@60686d5f : java.lang.Object
	at com.github.javaparser.resolution.TypeSolver.solveType(TypeSolver.java:71)

164299     ERROR Test worker     d.u.i.k.n.b.TacletPBuilder Error in parsing taclet. de.uka.ilkd.key.util.parsing.BuildingException: Unsolved symbol in de.uka.ilkd.key.java.JavaParserFactory$DynamicTypeSolver@60686d5f : java.lang.Object at file:/D:/a/key/key/key.core/build/resources/main/de/uka/ilkd/key/proof/rules/javaRules.key:106:13
	at de.uka.ilkd.key.nparser.builder.AbstractBuilder.accept(AbstractBuilder.java:54)
Caused by: com.github.javaparser.resolution.UnsolvedSymbolException: Unsolved symbol in de.uka.ilkd.key.java.JavaParserFactory$DynamicTypeSolver@60686d5f : java.lang.Object
	at com.github.javaparser.resolution.TypeSolver.solveType(TypeSolver.java:71)

164315     ERROR Test worker     d.u.i.k.n.b.AbstractBuilder  com.github.javaparser.resolution.UnsolvedSymbolException: Unsolved symbol in de.uka.ilkd.key.java.JavaParserFactory$DynamicTypeSolver@60686d5f : java.lang.Object
	at com.github.javaparser.resolution.TypeSolver.solveType(TypeSolver.java:71)

164315     ERROR Test worker     d.u.i.k.n.b.TacletPBuilder Error in parsing taclet. de.uka.ilkd.key.util.parsing.BuildingException: Unsolved symbol in de.uka.ilkd.key.java.JavaParserFactory$DynamicTypeSolver@60686d5f : java.lang.Object at file:/D:/a/key/key/key.core/build/resources/main/de/uka/ilkd/key/proof/rules/javaRules.key:121:13
	at de.uka.ilkd.key.nparser.builder.AbstractBuilder.accept(AbstractBuilder.java:54)
Caused by: com.github.javaparser.resolution.UnsolvedSymbolException: Unsolved symbol in de.uka.ilkd.key.java.JavaParserFactory$DynamicTypeSolver@60686d5f : java.lang.Object
	at com.github.javaparser.resolution.TypeSolver.solveType(TypeSolver.java:71)

164315     ERROR Test worker     d.u.i.k.n.b.AbstractBuilder  com.github.javaparser.resolution.UnsolvedSymbolException: Unsolved symbol in de.uka.ilkd.key.java.JavaParserFactory$DynamicTypeSolver@60686d5f : java.lang.Object
	at com.github.javaparser.resolution.TypeSolver.solveType(TypeSolver.java:71)

164315     ERROR Test worker     d.u.i.k.n.b.TacletPBuilder Error in parsing taclet. de.uka.ilkd.key.util.parsing.BuildingException: Unsolved symbol in de.uka.ilkd.key.java.JavaParserFactory$DynamicTypeSolver@60686d5f : java.lang.Object at file:/D:/a/key/key/key.core/build/resources/main/de/uka/ilkd/key/proof/rules/javaRules.key:135:13
	at de.uka.ilkd.key.nparser.builder.AbstractBuilder.accept(AbstractBuilder.java:54)
Caused by: com.github.javaparser.resolution.UnsolvedSymbolException: Unsolved symbol in de.uka.ilkd.key.java.JavaParserFactory$DynamicTypeSolver@60686d5f : java.lang.Object
	at com.github.javaparser.resolution.TypeSolver.solveType(TypeSolver.java:71)

164315     ERROR Test worker     d.u.i.k.n.b.AbstractBuilder  com.github.javaparser.resolution.UnsolvedSymbolException: Unsolved symbol in de.uka.ilkd.key.java.JavaParserFactory$DynamicTypeSolver@60686d5f : java.lang.Object
	at com.github.javaparser.resolution.TypeSolver.solveType(TypeSolver.java:71)

164315     ERROR Test worker     d.u.i.k.n.b.TacletPBuilder Error in parsing taclet. de.uka.ilkd.key.util.parsing.BuildingException: Unsolved symbol in de.uka.ilkd.key.java.JavaParserFactory$DynamicTypeSolver@60686d5f : java.lang.Object at file:/D:/a/key/key/key.core/build/resources/main/de/uka/ilkd/key/proof/rules/javaRules.key:145:13
	at de.uka.ilkd.key.nparser.builder.AbstractBuilder.accept(AbstractBuilder.java:54)
Caused by: com.github.javaparser.resolution.UnsolvedSymbolException: Unsolved symbol in de.uka.ilkd.key.java.JavaParserFactory$DynamicTypeSolver@60686d5f : java.lang.Object
	at com.github.javaparser.resolution.TypeSolver.solveType(TypeSolver.java:71)

164315     ERROR Test worker     d.u.i.k.n.b.AbstractBuilder  com.github.javaparser.resolution.UnsolvedSymbolException: Unsolved symbol in de.uka.ilkd.key.java.JavaParserFactory$DynamicTypeSolver@60686d5f : java.lang.Object
	at com.github.javaparser.resolution.TypeSolver.solveType(TypeSolver.java:71)

164315     ERROR Test worker     d.u.i.k.n.b.TacletPBuilder Error in parsing taclet. de.uka.ilkd.key.util.parsing.BuildingException: Unsolved symbol in de.uka.ilkd.key.java.JavaParserFactory$DynamicTypeSolver@60686d5f : java.lang.Object at file:/D:/a/key/key/key.core/build/resources/main/de/uka/ilkd/key/proof/rules/javaRules.key:155:13
	at de.uka.ilkd.key.nparser.builder.AbstractBuilder.accept(AbstractBuilder.java:54)
Caused by: com.github.javaparser.resolution.UnsolvedSymbolException: Unsolved symbol in de.uka.ilkd.key.java.JavaParserFactory$DynamicTypeSolver@60686d5f : java.lang.Object
	at com.github.javaparser.resolution.TypeSolver.solveType(TypeSolver.java:71)

164315     ERROR Test worker     d.u.i.k.n.b.AbstractBuilder  com.github.javaparser.resolution.UnsolvedSymbolException: Unsolved symbol in de.uka.ilkd.key.java.JavaParserFactory$DynamicTypeSolver@60686d5f : java.lang.Object
	at com.github.javaparser.resolution.TypeSolver.solveType(TypeSolver.java:71)

164315     ERROR Test worker     d.u.i.k.n.b.TacletPBuilder Error in parsing taclet. de.uka.ilkd.key.util.parsing.BuildingException: Unsolved symbol in de.uka.ilkd.key.java.JavaParserFactory$DynamicTypeSolver@60686d5f : java.lang.Object at file:/D:/a/key/key/key.core/build/resources/main/de/uka/ilkd/key/proof/rules/javaRules.key:165:13
	at de.uka.ilkd.key.nparser.builder.AbstractBuilder.accept(AbstractBuilder.java:54)
Caused by: com.github.javaparser.resolution.UnsolvedSymbolException: Unsolved symbol in de.uka.ilkd.key.java.JavaParserFactory$DynamicTypeSolver@60686d5f : java.lang.Object
	at com.github.javaparser.resolution.TypeSolver.solveType(TypeSolver.java:71)

164315     ERROR Test worker     d.u.i.k.n.b.AbstractBuilder  com.github.javaparser.resolution.UnsolvedSymbolException: Unsolved symbol in de.uka.ilkd.key.java.JavaParserFactory$DynamicTypeSolver@60686d5f : java.lang.Object
	at com.github.javaparser.resolution.TypeSolver.solveType(TypeSolver.java:71)

164315     ERROR Test worker     d.u.i.k.n.b.TacletPBuilder Error in parsing taclet. de.uka.ilkd.key.util.parsing.BuildingException: Unsolved symbol in de.uka.ilkd.key.java.JavaParserFactory$DynamicTypeSolver@60686d5f : java.lang.Object at file:/D:/a/key/key/key.core/build/resources/main/de/uka/ilkd/key/proof/rules/javaRules.key:176:13
	at de.uka.ilkd.key.nparser.builder.AbstractBuilder.accept(AbstractBuilder.java:54)
Caused by: com.github.javaparser.resolution.UnsolvedSymbolException: Unsolved symbol in de.uka.ilkd.key.java.JavaParserFactory$DynamicTypeSolver@60686d5f : java.lang.Object
	at com.github.javaparser.resolution.TypeSolver.solveType(TypeSolver.java:71)

164315     ERROR Test worker     d.u.i.k.n.b.AbstractBuilder  com.github.javaparser.resolution.UnsolvedSymbolException: Unsolved symbol in de.uka.ilkd.key.java.JavaParserFactory$DynamicTypeSolver@60686d5f : java.lang.Object
	at com.github.javaparser.resolution.TypeSolver.solveType(TypeSolver.java:71)

164315     ERROR Test worker     d.u.i.k.n.b.TacletPBuilder Error in parsing taclet. de.uka.ilkd.key.util.parsing.BuildingException: Unsolved symbol in de.uka.ilkd.key.java.JavaParserFactory$DynamicTypeSolver@60686d5f : java.lang.Object at file:/D:/a/key/key/key.core/build/resources/main/de/uka/ilkd/key/proof/rules/javaRules.key:187:13
	at de.uka.ilkd.key.nparser.builder.AbstractBuilder.accept(AbstractBuilder.java:54)
Caused by: com.github.javaparser.resolution.UnsolvedSymbolException: Unsolved symbol in de.uka.ilkd.key.java.JavaParserFactory$DynamicTypeSolver@60686d5f : java.lang.Object
	at com.github.javaparser.resolution.TypeSolver.solveType(TypeSolver.java:71)

164315     ERROR Test worker     d.u.i.k.n.b.AbstractBuilder  com.github.javaparser.resolution.UnsolvedSymbolException: Unsolved symbol in de.uka.ilkd.key.java.JavaParserFactory$DynamicTypeSolver@60686d5f : java.lang.Object
	at com.github.javaparser.resolution.TypeSolver.solveType(TypeSolver.java:71)

164315     ERROR Test worker     d.u.i.k.n.b.TacletPBuilder Error in parsing taclet. de.uka.ilkd.key.util.parsing.BuildingException: Unsolved symbol in de.uka.ilkd.key.java.JavaParserFactory$DynamicTypeSolver@60686d5f : java.lang.Object at file:/D:/a/key/key/key.core/build/resources/main/de/uka/ilkd/key/proof/rules/javaRules.key:198:13
	at de.uka.ilkd.key.nparser.builder.AbstractBuilder.accept(AbstractBuilder.java:54)
Caused by: com.github.javaparser.resolution.UnsolvedSymbolException: Unsolved symbol in de.uka.ilkd.key.java.JavaParserFactory$DynamicTypeSolver@60686d5f : java.lang.Object
	at com.github.javaparser.resolution.TypeSolver.solveType(TypeSolver.java:71)

164315     ERROR Test worker     d.u.i.k.n.b.AbstractBuilder  com.github.javaparser.resolution.UnsolvedSymbolException: Unsolved symbol in de.uka.ilkd.key.java.JavaParserFactory$DynamicTypeSolver@60686d5f : java.lang.Object
	at com.github.javaparser.resolution.TypeSolver.solveType(TypeSolver.java:71)

164315     ERROR Test worker     d.u.i.k.n.b.TacletPBuilder Error in parsing taclet. de.uka.ilkd.key.util.parsing.BuildingException: Unsolved symbol in de.uka.ilkd.key.java.JavaParserFactory$DynamicTypeSolver@60686d5f : java.lang.Object at file:/D:/a/key/key/key.core/build/resources/main/de/uka/ilkd/key/proof/rules/javaRules.key:209:13
	at de.uka.ilkd.key.nparser.builder.AbstractBuilder.accept(AbstractBuilder.java:54)
Caused by: com.github.javaparser.resolution.UnsolvedSymbolException: Unsolved symbol in de.uka.ilkd.key.java.JavaParserFactory$DynamicTypeSolver@60686d5f : java.lang.Object
	at com.github.javaparser.resolution.TypeSolver.solveType(TypeSolver.java:71)

164315     ERROR Test worker     d.u.i.k.n.b.AbstractBuilder  com.github.javaparser.resolution.UnsolvedSymbolException: Unsolved symbol in de.uka.ilkd.key.java.JavaParserFactory$DynamicTypeSolver@60686d5f : java.lang.Object
	at com.github.javaparser.resolution.TypeSolver.solveType(TypeSolver.java:71)

164315     ERROR Test worker     d.u.i.k.n.b.TacletPBuilder Error in parsing taclet. de.uka.ilkd.key.util.parsing.BuildingException: Unsolved symbol in de.uka.ilkd.key.java.JavaParserFactory$DynamicTypeSolver@60686d5f : java.lang.Object at file:/D:/a/key/key/key.core/build/resources/main/de/uka/ilkd/key/proof/rules/javaRules.key:220:13
	at de.uka.ilkd.key.nparser.builder.AbstractBuilder.accept(AbstractBuilder.java:54)
Caused by: com.github.javaparser.resolution.UnsolvedSymbolException: Unsolved symbol in de.uka.ilkd.key.java.JavaParserFactory$DynamicTypeSolver@60686d5f : java.lang.Object
	at com.github.javaparser.resolution.TypeSolver.solveType(TypeSolver.java:71)

164331     ERROR Test worker     d.u.i.k.n.b.AbstractBuilder  com.github.javaparser.resolution.UnsolvedSymbolException: Unsolved symbol in de.uka.ilkd.key.java.JavaParserFactory$DynamicTypeSolver@60686d5f : java.lang.Object
	at com.github.javaparser.resolution.TypeSolver.solveType(TypeSolver.java:71)

164331     ERROR Test worker     d.u.i.k.n.b.TacletPBuilder Error in parsing taclet. de.uka.ilkd.key.util.parsing.BuildingException: Unsolved symbol in de.uka.ilkd.key.java.JavaParserFactory$DynamicTypeSolver@60686d5f : java.lang.Object at file:/D:/a/key/key/key.core/build/resources/main/de/uka/ilkd/key/proof/rules/javaRules.key:231:13
	at de.uka.ilkd.key.nparser.builder.AbstractBuilder.accept(AbstractBuilder.java:54)
Caused by: com.github.javaparser.resolution.UnsolvedSymbolException: Unsolved symbol in de.uka.ilkd.key.java.JavaParserFactory$DynamicTypeSolver@60686d5f : java.lang.Object
	at com.github.javaparser.resolution.TypeSolver.solveType(TypeSolver.java:71)

164331     ERROR Test worker     d.u.i.k.n.b.AbstractBuilder  com.github.javaparser.resolution.UnsolvedSymbolException: Unsolved symbol in de.uka.ilkd.key.java.JavaParserFactory$DynamicTypeSolver@60686d5f : java.lang.Object
	at com.github.javaparser.resolution.TypeSolver.solveType(TypeSolver.java:71)

164331     ERROR Test worker     d.u.i.k.n.b.TacletPBuilder Error in parsing taclet. de.uka.ilkd.key.util.parsing.BuildingException: Unsolved symbol in de.uka.ilkd.key.java.JavaParserFactory$DynamicTypeSolver@60686d5f : java.lang.Object at file:/D:/a/key/key/key.core/build/resources/main/de/uka/ilkd/key/proof/rules/javaRules.key:242:13
	at de.uka.ilkd.key.nparser.builder.AbstractBuilder.accept(AbstractBuilder.java:54)
Caused by: com.github.javaparser.resolution.UnsolvedSymbolException: Unsolved symbol in de.uka.ilkd.key.java.JavaParserFactory$DynamicTypeSolver@60686d5f : java.lang.Object
	at com.github.javaparser.resolution.TypeSolver.solveType(TypeSolver.java:71)

164331     ERROR Test worker     d.u.i.k.n.b.AbstractBuilder  com.github.javaparser.resolution.UnsolvedSymbolException: Unsolved symbol in de.uka.ilkd.key.java.JavaParserFactory$DynamicTypeSolver@60686d5f : java.lang.Object
	at com.github.javaparser.resolution.TypeSolver.solveType(TypeSolver.java:71)

164331     ERROR Test worker     d.u.i.k.n.b.TacletPBuilder Error in parsing taclet. de.uka.ilkd.key.util.parsing.BuildingException: Unsolved symbol in de.uka.ilkd.key.java.JavaParserFactory$DynamicTypeSolver@60686d5f : java.lang.Object at file:/D:/a/key/key/key.core/build/resources/main/de/uka/ilkd/key/proof/rules/javaRules.key:257:15
	at de.uka.ilkd.key.nparser.builder.AbstractBuilder.accept(AbstractBuilder.java:54)
Caused by: com.github.javaparser.resolution.UnsolvedSymbolException: Unsolved symbol in de.uka.ilkd.key.java.JavaParserFactory$DynamicTypeSolver@60686d5f : java.lang.Object
	at com.github.javaparser.resolution.TypeSolver.solveType(TypeSolver.java:71)

164331     ERROR Test worker     d.u.i.k.n.b.AbstractBuilder  com.github.javaparser.resolution.UnsolvedSymbolException: Unsolved symbol in de.uka.ilkd.key.java.JavaParserFactory$DynamicTypeSolver@60686d5f : java.lang.Object
	at com.github.javaparser.resolution.TypeSolver.solveType(TypeSolver.java:71)

164331     ERROR Test worker     d.u.i.k.n.b.TacletPBuilder Error in parsing taclet. de.uka.ilkd.key.util.parsing.BuildingException: Unsolved symbol in de.uka.ilkd.key.java.JavaParserFactory$DynamicTypeSolver@60686d5f : java.lang.Object at file:/D:/a/key/key/key.core/build/resources/main/de/uka/ilkd/key/proof/rules/javaRules.key:263:15
	at de.uka.ilkd.key.nparser.builder.AbstractBuilder.accept(AbstractBuilder.java:54)
Caused by: com.github.javaparser.resolution.UnsolvedSymbolException: Unsolved symbol in de.uka.ilkd.key.java.JavaParserFactory$DynamicTypeSolver@60686d5f : java.lang.Object
	at com.github.javaparser.resolution.TypeSolver.solveType(TypeSolver.java:71)

164331     ERROR Test worker     d.u.i.k.n.b.AbstractBuilder  com.github.javaparser.resolution.UnsolvedSymbolException: Unsolved symbol in de.uka.ilkd.key.java.JavaParserFactory$DynamicTypeSolver@60686d5f : java.lang.Object
	at com.github.javaparser.resolution.TypeSolver.solveType(TypeSolver.java:71)

164331     ERROR Test worker     d.u.i.k.n.b.TacletPBuilder Error in parsing taclet. de.uka.ilkd.key.util.parsing.BuildingException: Unsolved symbol in de.uka.ilkd.key.java.JavaParserFactory$DynamicTypeSolver@60686d5f : java.lang.Object at file:/D:/a/key/key/key.core/build/resources/main/de/uka/ilkd/key/proof/rules/javaRules.key:271:15
	at de.uka.ilkd.key.nparser.builder.AbstractBuilder.accept(AbstractBuilder.java:54)
Caused by: com.github.javaparser.resolution.UnsolvedSymbolException: Unsolved symbol in de.uka.ilkd.key.java.JavaParserFactory$DynamicTypeSolver@60686d5f : java.lang.Object
	at com.github.javaparser.resolution.TypeSolver.solveType(TypeSolver.java:71)

164331     ERROR Test worker     d.u.i.k.n.b.AbstractBuilder  com.github.javaparser.resolution.UnsolvedSymbolException: Unsolved symbol in de.uka.ilkd.key.java.JavaParserFactory$DynamicTypeSolver@60686d5f : java.lang.Object
	at com.github.javaparser.resolution.TypeSolver.solveType(TypeSolver.java:71)

164331     ERROR Test worker     d.u.i.k.n.b.TacletPBuilder Error in parsing taclet. de.uka.ilkd.key.util.parsing.BuildingException: Unsolved symbol in de.uka.ilkd.key.java.JavaParserFactory$DynamicTypeSolver@60686d5f : java.lang.Object at file:/D:/a/key/key/key.core/build/resources/main/de/uka/ilkd/key/proof/rules/javaRules.key:279:15
	at de.uka.ilkd.key.nparser.builder.AbstractBuilder.accept(AbstractBuilder.java:54)
Caused by: com.github.javaparser.resolution.UnsolvedSymbolException: Unsolved symbol in de.uka.ilkd.key.java.JavaParserFactory$DynamicTypeSolver@60686d5f : java.lang.Object
	at com.github.javaparser.resolution.TypeSolver.solveType(TypeSolver.java:71)

164331     ERROR Test worker     d.u.i.k.n.b.AbstractBuilder  com.github.javaparser.resolution.UnsolvedSymbolException: Unsolved symbol in de.uka.ilkd.key.java.JavaParserFactory$DynamicTypeSolver@60686d5f : java.lang.Object
	at com.github.javaparser.resolution.TypeSolver.solveType(TypeSolver.java:71)

164331     ERROR Test worker     d.u.i.k.n.b.TacletPBuilder Error in parsing taclet. de.uka.ilkd.key.util.parsing.BuildingException: Unsolved symbol in de.uka.ilkd.key.java.JavaParserFactory$DynamicTypeSolver@60686d5f : java.lang.Object at file:/D:/a/key/key/key.core/build/resources/main/de/uka/ilkd/key/proof/rules/javaRules.key:287:15
	at de.uka.ilkd.key.nparser.builder.AbstractBuilder.accept(AbstractBuilder.java:54)
Caused by: com.github.javaparser.resolution.UnsolvedSymbolException: Unsolved symbol in de.uka.ilkd.key.java.JavaParserFactory$DynamicTypeSolver@60686d5f : java.lang.Object
	at com.github.javaparser.resolution.TypeSolver.solveType(TypeSolver.java:71)

164331     ERROR Test worker     d.u.i.k.n.b.AbstractBuilder  com.github.javaparser.resolution.UnsolvedSymbolException: Unsolved symbol in de.uka.ilkd.key.java.JavaParserFactory$DynamicTypeSolver@60686d5f : java.lang.Object
	at com.github.javaparser.resolution.TypeSolver.solveType(TypeSolver.java:71)

164331     ERROR Test worker     d.u.i.k.n.b.TacletPBuilder Error in parsing taclet. de.uka.ilkd.key.util.parsing.BuildingException: Unsolved symbol in de.uka.ilkd.key.java.JavaParserFactory$DynamicTypeSolver@60686d5f : java.lang.Object at file:/D:/a/key/key/key.core/build/resources/main/de/uka/ilkd/key/proof/rules/javaRules.key:297:15
	at de.uka.ilkd.key.nparser.builder.AbstractBuilder.accept(AbstractBuilder.java:54)
Caused by: com.github.javaparser.resolution.UnsolvedSymbolException: Unsolved symbol in de.uka.ilkd.key.java.JavaParserFactory$DynamicTypeSolver@60686d5f : java.lang.Object
	at com.github.javaparser.resolution.TypeSolver.solveType(TypeSolver.java:71)

164331     ERROR Test worker     d.u.i.k.n.b.AbstractBuilder  com.github.javaparser.resolution.UnsolvedSymbolException: Unsolved symbol in de.uka.ilkd.key.java.JavaParserFactory$DynamicTypeSolver@60686d5f : java.lang.Object
	at com.github.javaparser.resolution.TypeSolver.solveType(TypeSolver.java:71)

164346     ERROR Test worker     d.u.i.k.n.b.TacletPBuilder Error in parsing taclet. de.uka.ilkd.key.util.parsing.BuildingException: Unsolved symbol in de.uka.ilkd.key.java.JavaParserFactory$DynamicTypeSolver@60686d5f : java.lang.Object at file:/D:/a/key/key/key.core/build/resources/main/de/uka/ilkd/key/proof/rules/javaRules.key:307:15
	at de.uka.ilkd.key.nparser.builder.AbstractBuilder.accept(AbstractBuilder.java:54)
Caused by: com.github.javaparser.resolution.UnsolvedSymbolException: Unsolved symbol in de.uka.ilkd.key.java.JavaParserFactory$DynamicTypeSolver@60686d5f : java.lang.Object
	at com.github.javaparser.resolution.TypeSolver.solveType(TypeSolver.java:71)

164346     ERROR Test worker     d.u.i.k.n.b.AbstractBuilder  com.github.javaparser.resolution.UnsolvedSymbolException: Unsolved symbol in de.uka.ilkd.key.java.JavaParserFactory$DynamicTypeSolver@60686d5f : java.lang.Object
	at com.github.javaparser.resolution.TypeSolver.solveType(TypeSolver.java:71)

164346     ERROR Test worker     d.u.i.k.n.b.TacletPBuilder Error in parsing taclet. de.uka.ilkd.key.util.parsing.BuildingException: Unsolved symbol in de.uka.ilkd.key.java.JavaParserFactory$DynamicTypeSolver@60686d5f : java.lang.Object at file:/D:/a/key/key/key.core/build/resources/main/de/uka/ilkd/key/proof/rules/javaRules.key:317:15
	at de.uka.ilkd.key.nparser.builder.AbstractBuilder.accept(AbstractBuilder.java:54)
Caused by: com.github.javaparser.resolution.UnsolvedSymbolException: Unsolved symbol in de.uka.ilkd.key.java.JavaParserFactory$DynamicTypeSolver@60686d5f : java.lang.Object
	at com.github.javaparser.resolution.TypeSolver.solveType(TypeSolver.java:71)

164346     ERROR Test worker     d.u.i.k.n.b.AbstractBuilder  com.github.javaparser.resolution.UnsolvedSymbolException: Unsolved symbol in de.uka.ilkd.key.java.JavaParserFactory$DynamicTypeSolver@60686d5f : java.lang.Object
	at com.github.javaparser.resolution.TypeSolver.solveType(TypeSolver.java:71)

164346     ERROR Test worker     d.u.i.k.n.b.TacletPBuilder Error in parsing taclet. de.uka.ilkd.key.util.parsing.BuildingException: Unsolved symbol in de.uka.ilkd.key.java.JavaParserFactory$DynamicTypeSolver@60686d5f : java.lang.Object at file:/D:/a/key/key/key.core/build/resources/main/de/uka/ilkd/key/proof/rules/javaRules.key:329:15
	at de.uka.ilkd.key.nparser.builder.AbstractBuilder.accept(AbstractBuilder.java:54)
Caused by: com.github.javaparser.resolution.UnsolvedSymbolException: Unsolved symbol in de.uka.ilkd.key.java.JavaParserFactory$DynamicTypeSolver@60686d5f : java.lang.Object
	at com.github.javaparser.resolution.TypeSolver.solveType(TypeSolver.java:71)

164346     ERROR Test worker     d.u.i.k.n.b.AbstractBuilder  com.github.javaparser.resolution.UnsolvedSymbolException: Unsolved symbol in de.uka.ilkd.key.java.JavaParserFactory$DynamicTypeSolver@60686d5f : java.lang.Object
	at com.github.javaparser.resolution.TypeSolver.solveType(TypeSolver.java:71)

164346     ERROR Test worker     d.u.i.k.n.b.TacletPBuilder Error in parsing taclet. de.uka.ilkd.key.util.parsing.BuildingException: Unsolved symbol in de.uka.ilkd.key.java.JavaParserFactory$DynamicTypeSolver@60686d5f : java.lang.Object at file:/D:/a/key/key/key.core/build/resources/main/de/uka/ilkd/key/proof/rules/javaRules.key:403:15
	at de.uka.ilkd.key.nparser.builder.AbstractBuilder.accept(AbstractBuilder.java:54)
Caused by: com.github.javaparser.resolution.UnsolvedSymbolException: Unsolved symbol in de.uka.ilkd.key.java.JavaParserFactory$DynamicTypeSolver@60686d5f : java.lang.Object
	at com.github.javaparser.resolution.TypeSolver.solveType(TypeSolver.java:71)

164346     ERROR Test worker     d.u.i.k.n.b.AbstractBuilder  com.github.javaparser.resolution.UnsolvedSymbolException: Unsolved symbol in de.uka.ilkd.key.java.JavaParserFactory$DynamicTypeSolver@60686d5f : java.lang.Object
	at com.github.javaparser.resolution.TypeSolver.solveType(TypeSolver.java:71)

164346     ERROR Test worker     d.u.i.k.n.b.TacletPBuilder Error in parsing taclet. de.uka.ilkd.key.util.parsing.BuildingException: Unsolved symbol in de.uka.ilkd.key.java.JavaParserFactory$DynamicTypeSolver@60686d5f : java.lang.Object at file:/D:/a/key/key/key.core/build/resources/main/de/uka/ilkd/key/proof/rules/javaRules.key:411:15
	at de.uka.ilkd.key.nparser.builder.AbstractBuilder.accept(AbstractBuilder.java:54)
Caused by: com.github.javaparser.resolution.UnsolvedSymbolException: Unsolved symbol in de.uka.ilkd.key.java.JavaParserFactory$DynamicTypeSolver@60686d5f : java.lang.Object
	at com.github.javaparser.resolution.TypeSolver.solveType(TypeSolver.java:71)

164346     ERROR Test worker     d.u.i.k.n.b.AbstractBuilder  com.github.javaparser.resolution.UnsolvedSymbolException: Unsolved symbol in de.uka.ilkd.key.java.JavaParserFactory$DynamicTypeSolver@60686d5f : java.lang.Object
	at com.github.javaparser.resolution.TypeSolver.solveType(TypeSolver.java:71)

164346     ERROR Test worker     d.u.i.k.n.b.TacletPBuilder Error in parsing taclet. de.uka.ilkd.key.util.parsing.BuildingException: Unsolved symbol in de.uka.ilkd.key.java.JavaParserFactory$DynamicTypeSolver@60686d5f : java.lang.Object at file:/D:/a/key/key/key.core/build/resources/main/de/uka/ilkd/key/proof/rules/javaRules.key:419:15
	at de.uka.ilkd.key.nparser.builder.AbstractBuilder.accept(AbstractBuilder.java:54)
Caused by: com.github.javaparser.resolution.UnsolvedSymbolException: Unsolved symbol in de.uka.ilkd.key.java.JavaParserFactory$DynamicTypeSolver@60686d5f : java.lang.Object
	at com.github.javaparser.resolution.TypeSolver.solveType(TypeSolver.java:71)

164346     ERROR Test worker     d.u.i.k.n.b.AbstractBuilder  com.github.javaparser.resolution.UnsolvedSymbolException: Unsolved symbol in de.uka.ilkd.key.java.JavaParserFactory$DynamicTypeSolver@60686d5f : java.lang.Object
	at com.github.javaparser.resolution.TypeSolver.solveType(TypeSolver.java:71)

164346     ERROR Test worker     d.u.i.k.n.b.TacletPBuilder Error in parsing taclet. de.uka.ilkd.key.util.parsing.BuildingException: Unsolved symbol in de.uka.ilkd.key.java.JavaParserFactory$DynamicTypeSolver@60686d5f : java.lang.Object at file:/D:/a/key/key/key.core/build/resources/main/de/uka/ilkd/key/proof/rules/javaRules.key:427:15
	at de.uka.ilkd.key.nparser.builder.AbstractBuilder.accept(AbstractBuilder.java:54)
Caused by: com.github.javaparser.resolution.UnsolvedSymbolException: Unsolved symbol in de.uka.ilkd.key.java.JavaParserFactory$DynamicTypeSolver@60686d5f : java.lang.Object
	at com.github.javaparser.resolution.TypeSolver.solveType(TypeSolver.java:71)

164346     ERROR Test worker     d.u.i.k.n.b.AbstractBuilder  com.github.javaparser.resolution.UnsolvedSymbolException: Unsolved symbol in de.uka.ilkd.key.java.JavaParserFactory$DynamicTypeSolver@60686d5f : java.lang.Object
	at com.github.javaparser.resolution.TypeSolver.solveType(TypeSolver.java:71)

164346     ERROR Test worker     d.u.i.k.n.b.TacletPBuilder Error in parsing taclet. de.uka.ilkd.key.util.parsing.BuildingException: Unsolved symbol in de.uka.ilkd.key.java.JavaParserFactory$DynamicTypeSolver@60686d5f : java.lang.Object at file:/D:/a/key/key/key.core/build/resources/main/de/uka/ilkd/key/proof/rules/javaRules.key:434:15
	at de.uka.ilkd.key.nparser.builder.AbstractBuilder.accept(AbstractBuilder.java:54)
Caused by: com.github.javaparser.resolution.UnsolvedSymbolException: Unsolved symbol in de.uka.ilkd.key.java.JavaParserFactory$DynamicTypeSolver@60686d5f : java.lang.Object
	at com.github.javaparser.resolution.TypeSolver.solveType(TypeSolver.java:71)

164346     ERROR Test worker     d.u.i.k.n.b.AbstractBuilder  com.github.javaparser.resolution.UnsolvedSymbolException: Unsolved symbol in de.uka.ilkd.key.java.JavaParserFactory$DynamicTypeSolver@60686d5f : java.lang.Object
	at com.github.javaparser.resolution.TypeSolver.solveType(TypeSolver.java:71)

164362     ERROR Test worker     d.u.i.k.n.b.TacletPBuilder Error in parsing taclet. de.uka.ilkd.key.util.parsing.BuildingException: Unsolved symbol in de.uka.ilkd.key.java.JavaParserFactory$DynamicTypeSolver@60686d5f : java.lang.Object at file:/D:/a/key/key/key.core/build/resources/main/de/uka/ilkd/key/proof/rules/javaRules.key:441:15
	at de.uka.ilkd.key.nparser.builder.AbstractBuilder.accept(AbstractBuilder.java:54)
Caused by: com.github.javaparser.resolution.UnsolvedSymbolException: Unsolved symbol in de.uka.ilkd.key.java.JavaParserFactory$DynamicTypeSolver@60686d5f : java.lang.Object
	at com.github.javaparser.resolution.TypeSolver.solveType(TypeSolver.java:71)

164362     ERROR Test worker     d.u.i.k.n.b.AbstractBuilder  com.github.javaparser.resolution.UnsolvedSymbolException: Unsolved symbol in de.uka.ilkd.key.java.JavaParserFactory$DynamicTypeSolver@60686d5f : java.lang.Object
	at com.github.javaparser.resolution.TypeSolver.solveType(TypeSolver.java:71)

164362     ERROR Test worker     d.u.i.k.n.b.TacletPBuilder Error in parsing taclet. de.uka.ilkd.key.util.parsing.BuildingException: Unsolved symbol in de.uka.ilkd.key.java.JavaParserFactory$DynamicTypeSolver@60686d5f : java.lang.Object at file:/D:/a/key/key/key.core/build/resources/main/de/uka/ilkd/key/proof/rules/javaRules.key:448:15
	at de.uka.ilkd.key.nparser.builder.AbstractBuilder.accept(AbstractBuilder.java:54)
Caused by: com.github.javaparser.resolution.UnsolvedSymbolException: Unsolved symbol in de.uka.ilkd.key.java.JavaParserFactory$DynamicTypeSolver@60686d5f : java.lang.Object
	at com.github.javaparser.resolution.TypeSolver.solveType(TypeSolver.java:71)

164362     ERROR Test worker     d.u.i.k.n.b.AbstractBuilder  com.github.javaparser.resolution.UnsolvedSymbolException: Unsolved symbol in de.uka.ilkd.key.java.JavaParserFactory$DynamicTypeSolver@60686d5f : java.lang.Object
	at com.github.javaparser.resolution.TypeSolver.solveType(TypeSolver.java:71)

164362     ERROR Test worker     d.u.i.k.n.b.TacletPBuilder Error in parsing taclet. de.uka.ilkd.key.util.parsing.BuildingException: Unsolved symbol in de.uka.ilkd.key.java.JavaParserFactory$DynamicTypeSolver@60686d5f : java.lang.Object at file:/D:/a/key/key/key.core/build/resources/main/de/uka/ilkd/key/proof/rules/javaRules.key:455:15
	at de.uka.ilkd.key.nparser.builder.AbstractBuilder.accept(AbstractBuilder.java:54)
Caused by: com.github.javaparser.resolution.UnsolvedSymbolException: Unsolved symbol in de.uka.ilkd.key.java.JavaParserFactory$DynamicTypeSolver@60686d5f : java.lang.Object
	at com.github.javaparser.resolution.TypeSolver.solveType(TypeSolver.java:71)

164362     ERROR Test worker     d.u.i.k.n.b.AbstractBuilder  com.github.javaparser.resolution.UnsolvedSymbolException: Unsolved symbol in de.uka.ilkd.key.java.JavaParserFactory$DynamicTypeSolver@60686d5f : java.lang.Object
	at com.github.javaparser.resolution.TypeSolver.solveType(TypeSolver.java:71)

164362     ERROR Test worker     d.u.i.k.n.b.TacletPBuilder Error in parsing taclet. de.uka.ilkd.key.util.parsing.BuildingException: Unsolved symbol in de.uka.ilkd.key.java.JavaParserFactory$DynamicTypeSolver@60686d5f : java.lang.Object at file:/D:/a/key/key/key.core/build/resources/main/de/uka/ilkd/key/proof/rules/javaRules.key:466:15
	at de.uka.ilkd.key.nparser.builder.AbstractBuilder.accept(AbstractBuilder.java:54)
Caused by: com.github.javaparser.resolution.UnsolvedSymbolException: Unsolved symbol in de.uka.ilkd.key.java.JavaParserFactory$DynamicTypeSolver@60686d5f : java.lang.Object
	at com.github.javaparser.resolution.TypeSolver.solveType(TypeSolver.java:71)

164362     ERROR Test worker     d.u.i.k.n.b.AbstractBuilder  com.github.javaparser.resolution.UnsolvedSymbolException: Unsolved symbol in de.uka.ilkd.key.java.JavaParserFactory$DynamicTypeSolver@60686d5f : java.lang.Object
	at com.github.javaparser.resolution.TypeSolver.solveType(TypeSolver.java:71)

164362     ERROR Test worker     d.u.i.k.n.b.TacletPBuilder Error in parsing taclet. de.uka.ilkd.key.util.parsing.BuildingException: Unsolved symbol in de.uka.ilkd.key.java.JavaParserFactory$DynamicTypeSolver@60686d5f : java.lang.Object at file:/D:/a/key/key/key.core/build/resources/main/de/uka/ilkd/key/proof/rules/javaRules.key:472:15
	at de.uka.ilkd.key.nparser.builder.AbstractBuilder.accept(AbstractBuilder.java:54)
Caused by: com.github.javaparser.resolution.UnsolvedSymbolException: Unsolved symbol in de.uka.ilkd.key.java.JavaParserFactory$DynamicTypeSolver@60686d5f : java.lang.Object
	at com.github.javaparser.resolution.TypeSolver.solveType(TypeSolver.java:71)

164362     ERROR Test worker     d.u.i.k.n.b.AbstractBuilder  com.github.javaparser.resolution.UnsolvedSymbolException: Unsolved symbol in de.uka.ilkd.key.java.JavaParserFactory$DynamicTypeSolver@60686d5f : java.lang.Object
	at com.github.javaparser.resolution.TypeSolver.solveType(TypeSolver.java:71)

164362     ERROR Test worker     d.u.i.k.n.b.TacletPBuilder Error in parsing taclet. de.uka.ilkd.key.util.parsing.BuildingException: Unsolved symbol in de.uka.ilkd.key.java.JavaParserFactory$DynamicTypeSolver@60686d5f : java.lang.Object at file:/D:/a/key/key/key.core/build/resources/main/de/uka/ilkd/key/proof/rules/javaRules.key:482:15
	at de.uka.ilkd.key.nparser.builder.AbstractBuilder.accept(AbstractBuilder.java:54)
Caused by: com.github.javaparser.resolution.UnsolvedSymbolException: Unsolved symbol in de.uka.ilkd.key.java.JavaParserFactory$DynamicTypeSolver@60686d5f : java.lang.Object
	at com.github.javaparser.resolution.TypeSolver.solveType(TypeSolver.java:71)

164362     ERROR Test worker     d.u.i.k.n.b.AbstractBuilder  com.github.javaparser.resolution.UnsolvedSymbolException: Unsolved symbol in de.uka.ilkd.key.java.JavaParserFactory$DynamicTypeSolver@60686d5f : java.lang.Object
	at com.github.javaparser.resolution.TypeSolver.solveType(TypeSolver.java:71)

164362     ERROR Test worker     d.u.i.k.n.b.TacletPBuilder Error in parsing taclet. de.uka.ilkd.key.util.parsing.BuildingException: Unsolved symbol in de.uka.ilkd.key.java.JavaParserFactory$DynamicTypeSolver@60686d5f : java.lang.Object at file:/D:/a/key/key/key.core/build/resources/main/de/uka/ilkd/key/proof/rules/javaRules.key:488:15
	at de.uka.ilkd.key.nparser.builder.AbstractBuilder.accept(AbstractBuilder.java:54)
Caused by: com.github.javaparser.resolution.UnsolvedSymbolException: Unsolved symbol in de.uka.ilkd.key.java.JavaParserFactory$DynamicTypeSolver@60686d5f : java.lang.Object
	at com.github.javaparser.resolution.TypeSolver.solveType(TypeSolver.java:71)

164362     ERROR Test worker     d.u.i.k.n.b.AbstractBuilder  com.github.javaparser.resolution.UnsolvedSymbolException: Unsolved symbol in de.uka.ilkd.key.java.JavaParserFactory$DynamicTypeSolver@60686d5f : java.lang.Object
	at com.github.javaparser.resolution.TypeSolver.solveType(TypeSolver.java:71)

164362     ERROR Test worker     d.u.i.k.n.b.TacletPBuilder Error in parsing taclet. de.uka.ilkd.key.util.parsing.BuildingException: Unsolved symbol in de.uka.ilkd.key.java.JavaParserFactory$DynamicTypeSolver@60686d5f : java.lang.Object at file:/D:/a/key/key/key.core/build/resources/main/de/uka/ilkd/key/proof/rules/javaRules.key:494:15
	at de.uka.ilkd.key.nparser.builder.AbstractBuilder.accept(AbstractBuilder.java:54)
Caused by: com.github.javaparser.resolution.UnsolvedSymbolException: Unsolved symbol in de.uka.ilkd.key.java.JavaParserFactory$DynamicTypeSolver@60686d5f : java.lang.Object
	at com.github.javaparser.resolution.TypeSolver.solveType(TypeSolver.java:71)

164362     ERROR Test worker     d.u.i.k.n.b.AbstractBuilder  com.github.javaparser.resolution.UnsolvedSymbolException: Unsolved symbol in de.uka.ilkd.key.java.JavaParserFactory$DynamicTypeSolver@60686d5f : java.lang.Object
	at com.github.javaparser.resolution.TypeSolver.solveType(TypeSolver.java:71)

164362     ERROR Test worker     d.u.i.k.n.b.TacletPBuilder Error in parsing taclet. de.uka.ilkd.key.util.parsing.BuildingException: Unsolved symbol in de.uka.ilkd.key.java.JavaParserFactory$DynamicTypeSolver@60686d5f : java.lang.Object at file:/D:/a/key/key/key.core/build/resources/main/de/uka/ilkd/key/proof/rules/javaRules.key:500:15
	at de.uka.ilkd.key.nparser.builder.AbstractBuilder.accept(AbstractBuilder.java:54)
Caused by: com.github.javaparser.resolution.UnsolvedSymbolException: Unsolved symbol in de.uka.ilkd.key.java.JavaParserFactory$DynamicTypeSolver@60686d5f : java.lang.Object
	at com.github.javaparser.resolution.TypeSolver.solveType(TypeSolver.java:71)

164378     ERROR Test worker     d.u.i.k.n.b.AbstractBuilder  com.github.javaparser.resolution.UnsolvedSymbolException: Unsolved symbol in de.uka.ilkd.key.java.JavaParserFactory$DynamicTypeSolver@60686d5f : java.lang.Object
	at com.github.javaparser.resolution.TypeSolver.solveType(TypeSolver.java:71)

164378     ERROR Test worker     d.u.i.k.n.b.TacletPBuilder Error in parsing taclet. de.uka.ilkd.key.util.parsing.BuildingException: Unsolved symbol in de.uka.ilkd.key.java.JavaParserFactory$DynamicTypeSolver@60686d5f : java.lang.Object at file:/D:/a/key/key/key.core/build/resources/main/de/uka/ilkd/key/proof/rules/javaRules.key:506:15
	at de.uka.ilkd.key.nparser.builder.AbstractBuilder.accept(AbstractBuilder.java:54)
Caused by: com.github.javaparser.resolution.UnsolvedSymbolException: Unsolved symbol in de.uka.ilkd.key.java.JavaParserFactory$DynamicTypeSolver@60686d5f : java.lang.Object
	at com.github.javaparser.resolution.TypeSolver.solveType(TypeSolver.java:71)

164378     ERROR Test worker     d.u.i.k.n.b.AbstractBuilder  com.github.javaparser.resolution.UnsolvedSymbolException: Unsolved symbol in de.uka.ilkd.key.java.JavaParserFactory$DynamicTypeSolver@60686d5f : java.lang.Object
	at com.github.javaparser.resolution.TypeSolver.solveType(TypeSolver.java:71)

164378     ERROR Test worker     d.u.i.k.n.b.TacletPBuilder Error in parsing taclet. de.uka.ilkd.key.util.parsing.BuildingException: Unsolved symbol in de.uka.ilkd.key.java.JavaParserFactory$DynamicTypeSolver@60686d5f : java.lang.Object at file:/D:/a/key/key/key.core/build/resources/main/de/uka/ilkd/key/proof/rules/javaRules.key:523:15
	at de.uka.ilkd.key.nparser.builder.AbstractBuilder.accept(AbstractBuilder.java:54)
Caused by: com.github.javaparser.resolution.UnsolvedSymbolException: Unsolved symbol in de.uka.ilkd.key.java.JavaParserFactory$DynamicTypeSolver@60686d5f : java.lang.Object
	at com.github.javaparser.resolution.TypeSolver.solveType(TypeSolver.java:71)

164378     ERROR Test worker     d.u.i.k.n.b.AbstractBuilder  com.github.javaparser.resolution.UnsolvedSymbolException: Unsolved symbol in de.uka.ilkd.key.java.JavaParserFactory$DynamicTypeSolver@60686d5f : java.lang.Object
	at com.github.javaparser.resolution.TypeSolver.solveType(TypeSolver.java:71)

164378     ERROR Test worker     d.u.i.k.n.b.TacletPBuilder Error in parsing taclet. de.uka.ilkd.key.util.parsing.BuildingException: Unsolved symbol in de.uka.ilkd.key.java.JavaParserFactory$DynamicTypeSolver@60686d5f : java.lang.Object at file:/D:/a/key/key/key.core/build/resources/main/de/uka/ilkd/key/proof/rules/javaRules.key:546:15
	at de.uka.ilkd.key.nparser.builder.AbstractBuilder.accept(AbstractBuilder.java:54)
Caused by: com.github.javaparser.resolution.UnsolvedSymbolException: Unsolved symbol in de.uka.ilkd.key.java.JavaParserFactory$DynamicTypeSolver@60686d5f : java.lang.Object
	at com.github.javaparser.resolution.TypeSolver.solveType(TypeSolver.java:71)

164378     ERROR Test worker     d.u.i.k.n.b.AbstractBuilder  com.github.javaparser.resolution.UnsolvedSymbolException: Unsolved symbol in de.uka.ilkd.key.java.JavaParserFactory$DynamicTypeSolver@60686d5f : java.lang.Object
	at com.github.javaparser.resolution.TypeSolver.solveType(TypeSolver.java:71)

164378     ERROR Test worker     d.u.i.k.n.b.TacletPBuilder Error in parsing taclet. de.uka.ilkd.key.util.parsing.BuildingException: Unsolved symbol in de.uka.ilkd.key.java.JavaParserFactory$DynamicTypeSolver@60686d5f : java.lang.Object at file:/D:/a/key/key/key.core/build/resources/main/de/uka/ilkd/key/proof/rules/javaRules.key:574:15
	at de.uka.ilkd.key.nparser.builder.AbstractBuilder.accept(AbstractBuilder.java:54)
Caused by: com.github.javaparser.resolution.UnsolvedSymbolException: Unsolved symbol in de.uka.ilkd.key.java.JavaParserFactory$DynamicTypeSolver@60686d5f : java.lang.Object
	at com.github.javaparser.resolution.TypeSolver.solveType(TypeSolver.java:71)

164378     ERROR Test worker     d.u.i.k.n.b.AbstractBuilder  com.github.javaparser.resolution.UnsolvedSymbolException: Unsolved symbol in de.uka.ilkd.key.java.JavaParserFactory$DynamicTypeSolver@60686d5f : java.lang.Object
	at com.github.javaparser.resolution.TypeSolver.solveType(TypeSolver.java:71)

164378     ERROR Test worker     d.u.i.k.n.b.TacletPBuilder Error in parsing taclet. de.uka.ilkd.key.util.parsing.BuildingException: Unsolved symbol in de.uka.ilkd.key.java.JavaParserFactory$DynamicTypeSolver@60686d5f : java.lang.Object at file:/D:/a/key/key/key.core/build/resources/main/de/uka/ilkd/key/proof/rules/javaRules.key:590:15
	at de.uka.ilkd.key.nparser.builder.AbstractBuilder.accept(AbstractBuilder.java:54)
Caused by: com.github.javaparser.resolution.UnsolvedSymbolException: Unsolved symbol in de.uka.ilkd.key.java.JavaParserFactory$DynamicTypeSolver@60686d5f : java.lang.Object
	at com.github.javaparser.resolution.TypeSolver.solveType(TypeSolver.java:71)

164378     ERROR Test worker     d.u.i.k.n.b.AbstractBuilder  com.github.javaparser.resolution.UnsolvedSymbolException: Unsolved symbol in de.uka.ilkd.key.java.JavaParserFactory$DynamicTypeSolver@60686d5f : java.lang.Object
	at com.github.javaparser.resolution.TypeSolver.solveType(TypeSolver.java:71)

164378     ERROR Test worker     d.u.i.k.n.b.TacletPBuilder Error in parsing taclet. de.uka.ilkd.key.util.parsing.BuildingException: Unsolved symbol in de.uka.ilkd.key.java.JavaParserFactory$DynamicTypeSolver@60686d5f : java.lang.Object at file:/D:/a/key/key/key.core/build/resources/main/de/uka/ilkd/key/proof/rules/javaRules.key:596:15
	at de.uka.ilkd.key.nparser.builder.AbstractBuilder.accept(AbstractBuilder.java:54)
Caused by: com.github.javaparser.resolution.UnsolvedSymbolException: Unsolved symbol in de.uka.ilkd.key.java.JavaParserFactory$DynamicTypeSolver@60686d5f : java.lang.Object
	at com.github.javaparser.resolution.TypeSolver.solveType(TypeSolver.java:71)

164378     ERROR Test worker     d.u.i.k.n.b.AbstractBuilder  com.github.javaparser.resolution.UnsolvedSymbolException: Unsolved symbol in de.uka.ilkd.key.java.JavaParserFactory$DynamicTypeSolver@60686d5f : java.lang.Object
	at com.github.javaparser.resolution.TypeSolver.solveType(TypeSolver.java:71)

164378     ERROR Test worker     d.u.i.k.n.b.TacletPBuilder Error in parsing taclet. de.uka.ilkd.key.util.parsing.BuildingException: Unsolved symbol in de.uka.ilkd.key.java.JavaParserFactory$DynamicTypeSolver@60686d5f : java.lang.Object at file:/D:/a/key/key/key.core/build/resources/main/de/uka/ilkd/key/proof/rules/javaRules.key:605:15
	at de.uka.ilkd.key.nparser.builder.AbstractBuilder.accept(AbstractBuilder.java:54)
Caused by: com.github.javaparser.resolution.UnsolvedSymbolException: Unsolved symbol in de.uka.ilkd.key.java.JavaParserFactory$DynamicTypeSolver@60686d5f : java.lang.Object
	at com.github.javaparser.resolution.TypeSolver.solveType(TypeSolver.java:71)

164378     ERROR Test worker     d.u.i.k.n.b.AbstractBuilder  com.github.javaparser.resolution.UnsolvedSymbolException: Unsolved symbol in de.uka.ilkd.key.java.JavaParserFactory$DynamicTypeSolver@60686d5f : java.lang.Object
	at com.github.javaparser.resolution.TypeSolver.solveType(TypeSolver.java:71)

164378     ERROR Test worker     d.u.i.k.n.b.TacletPBuilder Error in parsing taclet. de.uka.ilkd.key.util.parsing.BuildingException: Unsolved symbol in de.uka.ilkd.key.java.JavaParserFactory$DynamicTypeSolver@60686d5f : java.lang.Object at file:/D:/a/key/key/key.core/build/resources/main/de/uka/ilkd/key/proof/rules/javaRules.key:613:15
	at de.uka.ilkd.key.nparser.builder.AbstractBuilder.accept(AbstractBuilder.java:54)
Caused by: com.github.javaparser.resolution.UnsolvedSymbolException: Unsolved symbol in de.uka.ilkd.key.java.JavaParserFactory$DynamicTypeSolver@60686d5f : java.lang.Object
	at com.github.javaparser.resolution.TypeSolver.solveType(TypeSolver.java:71)

164378     ERROR Test worker     d.u.i.k.n.b.AbstractBuilder  com.github.javaparser.resolution.UnsolvedSymbolException: Unsolved symbol in de.uka.ilkd.key.java.JavaParserFactory$DynamicTypeSolver@60686d5f : java.lang.Object
	at com.github.javaparser.resolution.TypeSolver.solveType(TypeSolver.java:71)

164393     ERROR Test worker     d.u.i.k.n.b.TacletPBuilder Error in parsing taclet. de.uka.ilkd.key.util.parsing.BuildingException: Unsolved symbol in de.uka.ilkd.key.java.JavaParserFactory$DynamicTypeSolver@60686d5f : java.lang.Object at file:/D:/a/key/key/key.core/build/resources/main/de/uka/ilkd/key/proof/rules/javaRules.key:622:15
	at de.uka.ilkd.key.nparser.builder.AbstractBuilder.accept(AbstractBuilder.java:54)
Caused by: com.github.javaparser.resolution.UnsolvedSymbolException: Unsolved symbol in de.uka.ilkd.key.java.JavaParserFactory$DynamicTypeSolver@60686d5f : java.lang.Object
	at com.github.javaparser.resolution.TypeSolver.solveType(TypeSolver.java:71)

164393     ERROR Test worker     d.u.i.k.n.b.AbstractBuilder  com.github.javaparser.resolution.UnsolvedSymbolException: Unsolved symbol in de.uka.ilkd.key.java.JavaParserFactory$DynamicTypeSolver@60686d5f : java.lang.Object
	at com.github.javaparser.resolution.TypeSolver.solveType(TypeSolver.java:71)

164393     ERROR Test worker     d.u.i.k.n.b.TacletPBuilder Error in parsing taclet. de.uka.ilkd.key.util.parsing.BuildingException: Unsolved symbol in de.uka.ilkd.key.java.JavaParserFactory$DynamicTypeSolver@60686d5f : java.lang.Object at file:/D:/a/key/key/key.core/build/resources/main/de/uka/ilkd/key/proof/rules/javaRules.key:630:15
	at de.uka.ilkd.key.nparser.builder.AbstractBuilder.accept(AbstractBuilder.java:54)
Caused by: com.github.javaparser.resolution.UnsolvedSymbolException: Unsolved symbol in de.uka.ilkd.key.java.JavaParserFactory$DynamicTypeSolver@60686d5f : java.lang.Object
	at com.github.javaparser.resolution.TypeSolver.solveType(TypeSolver.java:71)

164393     ERROR Test worker     d.u.i.k.n.b.AbstractBuilder  com.github.javaparser.resolution.UnsolvedSymbolException: Unsolved symbol in de.uka.ilkd.key.java.JavaParserFactory$DynamicTypeSolver@60686d5f : java.lang.Object
	at com.github.javaparser.resolution.TypeSolver.solveType(TypeSolver.java:71)

164393     ERROR Test worker     d.u.i.k.n.b.TacletPBuilder Error in parsing taclet. de.uka.ilkd.key.util.parsing.BuildingException: Unsolved symbol in de.uka.ilkd.key.java.JavaParserFactory$DynamicTypeSolver@60686d5f : java.lang.Object at file:/D:/a/key/key/key.core/build/resources/main/de/uka/ilkd/key/proof/rules/javaRules.key:639:15
	at de.uka.ilkd.key.nparser.builder.AbstractBuilder.accept(AbstractBuilder.java:54)
Caused by: com.github.javaparser.resolution.UnsolvedSymbolException: Unsolved symbol in de.uka.ilkd.key.java.JavaParserFactory$DynamicTypeSolver@60686d5f : java.lang.Object
	at com.github.javaparser.resolution.TypeSolver.solveType(TypeSolver.java:71)

164393     ERROR Test worker     d.u.i.k.n.b.AbstractBuilder  com.github.javaparser.resolution.UnsolvedSymbolException: Unsolved symbol in de.uka.ilkd.key.java.JavaParserFactory$DynamicTypeSolver@60686d5f : java.lang.Object
	at com.github.javaparser.resolution.TypeSolver.solveType(TypeSolver.java:71)

164393     ERROR Test worker     d.u.i.k.n.b.TacletPBuilder Error in parsing taclet. de.uka.ilkd.key.util.parsing.BuildingException: Unsolved symbol in de.uka.ilkd.key.java.JavaParserFactory$DynamicTypeSolver@60686d5f : java.lang.Object at file:/D:/a/key/key/key.core/build/resources/main/de/uka/ilkd/key/proof/rules/javaRules.key:647:15
	at de.uka.ilkd.key.nparser.builder.AbstractBuilder.accept(AbstractBuilder.java:54)
Caused by: com.github.javaparser.resolution.UnsolvedSymbolException: Unsolved symbol in de.uka.ilkd.key.java.JavaParserFactory$DynamicTypeSolver@60686d5f : java.lang.Object
	at com.github.javaparser.resolution.TypeSolver.solveType(TypeSolver.java:71)

164393     ERROR Test worker     d.u.i.k.n.b.AbstractBuilder  com.github.javaparser.resolution.UnsolvedSymbolException: Unsolved symbol in de.uka.ilkd.key.java.JavaParserFactory$DynamicTypeSolver@60686d5f : java.lang.Object
	at com.github.javaparser.resolution.TypeSolver.solveType(TypeSolver.java:71)

164393     ERROR Test worker     d.u.i.k.n.b.TacletPBuilder Error in parsing taclet. de.uka.ilkd.key.util.parsing.BuildingException: Unsolved symbol in de.uka.ilkd.key.java.JavaParserFactory$DynamicTypeSolver@60686d5f : java.lang.Object at file:/D:/a/key/key/key.core/build/resources/main/de/uka/ilkd/key/proof/rules/javaRules.key:656:15
	at de.uka.ilkd.key.nparser.builder.AbstractBuilder.accept(AbstractBuilder.java:54)
Caused by: com.github.javaparser.resolution.UnsolvedSymbolException: Unsolved symbol in de.uka.ilkd.key.java.JavaParserFactory$DynamicTypeSolver@60686d5f : java.lang.Object
	at com.github.javaparser.resolution.TypeSolver.solveType(TypeSolver.java:71)

164393     ERROR Test worker     d.u.i.k.n.b.AbstractBuilder  com.github.javaparser.resolution.UnsolvedSymbolException: Unsolved symbol in de.uka.ilkd.key.java.JavaParserFactory$DynamicTypeSolver@60686d5f : java.lang.Object
	at com.github.javaparser.resolution.TypeSolver.solveType(TypeSolver.java:71)

164393     ERROR Test worker     d.u.i.k.n.b.TacletPBuilder Error in parsing taclet. de.uka.ilkd.key.util.parsing.BuildingException: Unsolved symbol in de.uka.ilkd.key.java.JavaParserFactory$DynamicTypeSolver@60686d5f : java.lang.Object at file:/D:/a/key/key/key.core/build/resources/main/de/uka/ilkd/key/proof/rules/javaRules.key:664:15
	at de.uka.ilkd.key.nparser.builder.AbstractBuilder.accept(AbstractBuilder.java:54)
Caused by: com.github.javaparser.resolution.UnsolvedSymbolException: Unsolved symbol in de.uka.ilkd.key.java.JavaParserFactory$DynamicTypeSolver@60686d5f : java.lang.Object
	at com.github.javaparser.resolution.TypeSolver.solveType(TypeSolver.java:71)

164393     ERROR Test worker     d.u.i.k.n.b.AbstractBuilder  com.github.javaparser.resolution.UnsolvedSymbolException: Unsolved symbol in de.uka.ilkd.key.java.JavaParserFactory$DynamicTypeSolver@60686d5f : java.lang.Object
	at com.github.javaparser.resolution.TypeSolver.solveType(TypeSolver.java:71)

164393     ERROR Test worker     d.u.i.k.n.b.TacletPBuilder Error in parsing taclet. de.uka.ilkd.key.util.parsing.BuildingException: Unsolved symbol in de.uka.ilkd.key.java.JavaParserFactory$DynamicTypeSolver@60686d5f : java.lang.Object at file:/D:/a/key/key/key.core/build/resources/main/de/uka/ilkd/key/proof/rules/javaRules.key:673:15
	at de.uka.ilkd.key.nparser.builder.AbstractBuilder.accept(AbstractBuilder.java:54)
Caused by: com.github.javaparser.resolution.UnsolvedSymbolException: Unsolved symbol in de.uka.ilkd.key.java.JavaParserFactory$DynamicTypeSolver@60686d5f : java.lang.Object
	at com.github.javaparser.resolution.TypeSolver.solveType(TypeSolver.java:71)

164393     ERROR Test worker     d.u.i.k.n.b.AbstractBuilder  com.github.javaparser.resolution.UnsolvedSymbolException: Unsolved symbol in de.uka.ilkd.key.java.JavaParserFactory$DynamicTypeSolver@60686d5f : java.lang.Object
	at com.github.javaparser.resolution.TypeSolver.solveType(TypeSolver.java:71)

164393     ERROR Test worker     d.u.i.k.n.b.TacletPBuilder Error in parsing taclet. de.uka.ilkd.key.util.parsing.BuildingException: Unsolved symbol in de.uka.ilkd.key.java.JavaParserFactory$DynamicTypeSolver@60686d5f : java.lang.Object at file:/D:/a/key/key/key.core/build/resources/main/de/uka/ilkd/key/proof/rules/javaRules.key:681:15
	at de.uka.ilkd.key.nparser.builder.AbstractBuilder.accept(AbstractBuilder.java:54)
Caused by: com.github.javaparser.resolution.UnsolvedSymbolException: Unsolved symbol in de.uka.ilkd.key.java.JavaParserFactory$DynamicTypeSolver@60686d5f : java.lang.Object
	at com.github.javaparser.resolution.TypeSolver.solveType(TypeSolver.java:71)

164393     ERROR Test worker     d.u.i.k.n.b.AbstractBuilder  com.github.javaparser.resolution.UnsolvedSymbolException: Unsolved symbol in de.uka.ilkd.key.java.JavaParserFactory$DynamicTypeSolver@60686d5f : java.lang.Object
	at com.github.javaparser.resolution.TypeSolver.solveType(TypeSolver.java:71)

164393     ERROR Test worker     d.u.i.k.n.b.TacletPBuilder Error in parsing taclet. de.uka.ilkd.key.util.parsing.BuildingException: Unsolved symbol in de.uka.ilkd.key.java.JavaParserFactory$DynamicTypeSolver@60686d5f : java.lang.Object at file:/D:/a/key/key/key.core/build/resources/main/de/uka/ilkd/key/proof/rules/javaRules.key:693:15
	at de.uka.ilkd.key.nparser.builder.AbstractBuilder.accept(AbstractBuilder.java:54)
Caused by: com.github.javaparser.resolution.UnsolvedSymbolException: Unsolved symbol in de.uka.ilkd.key.java.JavaParserFactory$DynamicTypeSolver@60686d5f : java.lang.Object
	at com.github.javaparser.resolution.TypeSolver.solveType(TypeSolver.java:71)

164409     ERROR Test worker     d.u.i.k.n.b.AbstractBuilder  com.github.javaparser.resolution.UnsolvedSymbolException: Unsolved symbol in de.uka.ilkd.key.java.JavaParserFactory$DynamicTypeSolver@60686d5f : java.lang.Object
	at com.github.javaparser.resolution.TypeSolver.solveType(TypeSolver.java:71)

164409     ERROR Test worker     d.u.i.k.n.b.TacletPBuilder Error in parsing taclet. de.uka.ilkd.key.util.parsing.BuildingException: Unsolved symbol in de.uka.ilkd.key.java.JavaParserFactory$DynamicTypeSolver@60686d5f : java.lang.Object at file:/D:/a/key/key/key.core/build/resources/main/de/uka/ilkd/key/proof/rules/javaRules.key:701:15
	at de.uka.ilkd.key.nparser.builder.AbstractBuilder.accept(AbstractBuilder.java:54)
Caused by: com.github.javaparser.resolution.UnsolvedSymbolException: Unsolved symbol in de.uka.ilkd.key.java.JavaParserFactory$DynamicTypeSolver@60686d5f : java.lang.Object
	at com.github.javaparser.resolution.TypeSolver.solveType(TypeSolver.java:71)

164409     ERROR Test worker     d.u.i.k.n.b.AbstractBuilder  com.github.javaparser.resolution.UnsolvedSymbolException: Unsolved symbol in de.uka.ilkd.key.java.JavaParserFactory$DynamicTypeSolver@60686d5f : java.lang.Object
	at com.github.javaparser.resolution.TypeSolver.solveType(TypeSolver.java:71)

164409     ERROR Test worker     d.u.i.k.n.b.TacletPBuilder Error in parsing taclet. de.uka.ilkd.key.util.parsing.BuildingException: Unsolved symbol in de.uka.ilkd.key.java.JavaParserFactory$DynamicTypeSolver@60686d5f : java.lang.Object at file:/D:/a/key/key/key.core/build/resources/main/de/uka/ilkd/key/proof/rules/javaRules.key:715:15
	at de.uka.ilkd.key.nparser.builder.AbstractBuilder.accept(AbstractBuilder.java:54)
Caused by: com.github.javaparser.resolution.UnsolvedSymbolException: Unsolved symbol in de.uka.ilkd.key.java.JavaParserFactory$DynamicTypeSolver@60686d5f : java.lang.Object
	at com.github.javaparser.resolution.TypeSolver.solveType(TypeSolver.java:71)

164409     ERROR Test worker     d.u.i.k.n.b.AbstractBuilder  com.github.javaparser.resolution.UnsolvedSymbolException: Unsolved symbol in de.uka.ilkd.key.java.JavaParserFactory$DynamicTypeSolver@60686d5f : java.lang.Object
	at com.github.javaparser.resolution.TypeSolver.solveType(TypeSolver.java:71)

164409     ERROR Test worker     d.u.i.k.n.b.TacletPBuilder Error in parsing taclet. de.uka.ilkd.key.util.parsing.BuildingException: Unsolved symbol in de.uka.ilkd.key.java.JavaParserFactory$DynamicTypeSolver@60686d5f : java.lang.Object at file:/D:/a/key/key/key.core/build/resources/main/de/uka/ilkd/key/proof/rules/javaRules.key:722:15
	at de.uka.ilkd.key.nparser.builder.AbstractBuilder.accept(AbstractBuilder.java:54)
Caused by: com.github.javaparser.resolution.UnsolvedSymbolException: Unsolved symbol in de.uka.ilkd.key.java.JavaParserFactory$DynamicTypeSolver@60686d5f : java.lang.Object
	at com.github.javaparser.resolution.TypeSolver.solveType(TypeSolver.java:71)

164409     ERROR Test worker     d.u.i.k.n.b.AbstractBuilder  com.github.javaparser.resolution.UnsolvedSymbolException: Unsolved symbol in de.uka.ilkd.key.java.JavaParserFactory$DynamicTypeSolver@60686d5f : java.lang.Object
	at com.github.javaparser.resolution.TypeSolver.solveType(TypeSolver.java:71)

164409     ERROR Test worker     d.u.i.k.n.b.TacletPBuilder Error in parsing taclet. de.uka.ilkd.key.util.parsing.BuildingException: Unsolved symbol in de.uka.ilkd.key.java.JavaParserFactory$DynamicTypeSolver@60686d5f : java.lang.Object at file:/D:/a/key/key/key.core/build/resources/main/de/uka/ilkd/key/proof/rules/javaRules.key:730:15
	at de.uka.ilkd.key.nparser.builder.AbstractBuilder.accept(AbstractBuilder.java:54)
Caused by: com.github.javaparser.resolution.UnsolvedSymbolException: Unsolved symbol in de.uka.ilkd.key.java.JavaParserFactory$DynamicTypeSolver@60686d5f : java.lang.Object
	at com.github.javaparser.resolution.TypeSolver.solveType(TypeSolver.java:71)

164409     ERROR Test worker     d.u.i.k.n.b.AbstractBuilder  com.github.javaparser.resolution.UnsolvedSymbolException: Unsolved symbol in de.uka.ilkd.key.java.JavaParserFactory$DynamicTypeSolver@60686d5f : java.lang.Object
	at com.github.javaparser.resolution.TypeSolver.solveType(TypeSolver.java:71)

164409     ERROR Test worker     d.u.i.k.n.b.TacletPBuilder Error in parsing taclet. de.uka.ilkd.key.util.parsing.BuildingException: Unsolved symbol in de.uka.ilkd.key.java.JavaParserFactory$DynamicTypeSolver@60686d5f : java.lang.Object at file:/D:/a/key/key/key.core/build/resources/main/de/uka/ilkd/key/proof/rules/javaRules.key:739:15
	at de.uka.ilkd.key.nparser.builder.AbstractBuilder.accept(AbstractBuilder.java:54)
Caused by: com.github.javaparser.resolution.UnsolvedSymbolException: Unsolved symbol in de.uka.ilkd.key.java.JavaParserFactory$DynamicTypeSolver@60686d5f : java.lang.Object
	at com.github.javaparser.resolution.TypeSolver.solveType(TypeSolver.java:71)

164409     ERROR Test worker     d.u.i.k.n.b.AbstractBuilder  com.github.javaparser.resolution.UnsolvedSymbolException: Unsolved symbol in de.uka.ilkd.key.java.JavaParserFactory$DynamicTypeSolver@60686d5f : java.lang.Object
	at com.github.javaparser.resolution.TypeSolver.solveType(TypeSolver.java:71)

164409     ERROR Test worker     d.u.i.k.n.b.TacletPBuilder Error in parsing taclet. de.uka.ilkd.key.util.parsing.BuildingException: Unsolved symbol in de.uka.ilkd.key.java.JavaParserFactory$DynamicTypeSolver@60686d5f : java.lang.Object at file:/D:/a/key/key/key.core/build/resources/main/de/uka/ilkd/key/proof/rules/javaRules.key:746:15
	at de.uka.ilkd.key.nparser.builder.AbstractBuilder.accept(AbstractBuilder.java:54)
Caused by: com.github.javaparser.resolution.UnsolvedSymbolException: Unsolved symbol in de.uka.ilkd.key.java.JavaParserFactory$DynamicTypeSolver@60686d5f : java.lang.Object
	at com.github.javaparser.resolution.TypeSolver.solveType(TypeSolver.java:71)

164409     ERROR Test worker     d.u.i.k.n.b.AbstractBuilder  com.github.javaparser.resolution.UnsolvedSymbolException: Unsolved symbol in de.uka.ilkd.key.java.JavaParserFactory$DynamicTypeSolver@60686d5f : java.lang.Object
	at com.github.javaparser.resolution.TypeSolver.solveType(TypeSolver.java:71)

164409     ERROR Test worker     d.u.i.k.n.b.TacletPBuilder Error in parsing taclet. de.uka.ilkd.key.util.parsing.BuildingException: Unsolved symbol in de.uka.ilkd.key.java.JavaParserFactory$DynamicTypeSolver@60686d5f : java.lang.Object at file:/D:/a/key/key/key.core/build/resources/main/de/uka/ilkd/key/proof/rules/javaRules.key:754:15
	at de.uka.ilkd.key.nparser.builder.AbstractBuilder.accept(AbstractBuilder.java:54)
Caused by: com.github.javaparser.resolution.UnsolvedSymbolException: Unsolved symbol in de.uka.ilkd.key.java.JavaParserFactory$DynamicTypeSolver@60686d5f : java.lang.Object
	at com.github.javaparser.resolution.TypeSolver.solveType(TypeSolver.java:71)

164409     ERROR Test worker     d.u.i.k.n.b.AbstractBuilder  com.github.javaparser.resolution.UnsolvedSymbolException: Unsolved symbol in de.uka.ilkd.key.java.JavaParserFactory$DynamicTypeSolver@60686d5f : java.lang.Object
	at com.github.javaparser.resolution.TypeSolver.solveType(TypeSolver.java:71)

164409     ERROR Test worker     d.u.i.k.n.b.TacletPBuilder Error in parsing taclet. de.uka.ilkd.key.util.parsing.BuildingException: Unsolved symbol in de.uka.ilkd.key.java.JavaParserFactory$DynamicTypeSolver@60686d5f : java.lang.Object at file:/D:/a/key/key/key.core/build/resources/main/de/uka/ilkd/key/proof/rules/javaRules.key:763:15
	at de.uka.ilkd.key.nparser.builder.AbstractBuilder.accept(AbstractBuilder.java:54)
Caused by: com.github.javaparser.resolution.UnsolvedSymbolException: Unsolved symbol in de.uka.ilkd.key.java.JavaParserFactory$DynamicTypeSolver@60686d5f : java.lang.Object
	at com.github.javaparser.resolution.TypeSolver.solveType(TypeSolver.java:71)

164409     ERROR Test worker     d.u.i.k.n.b.AbstractBuilder  com.github.javaparser.resolution.UnsolvedSymbolException: Unsolved symbol in de.uka.ilkd.key.java.JavaParserFactory$DynamicTypeSolver@60686d5f : java.lang.Object
	at com.github.javaparser.resolution.TypeSolver.solveType(TypeSolver.java:71)

164409     ERROR Test worker     d.u.i.k.n.b.TacletPBuilder Error in parsing taclet. de.uka.ilkd.key.util.parsing.BuildingException: Unsolved symbol in de.uka.ilkd.key.java.JavaParserFactory$DynamicTypeSolver@60686d5f : java.lang.Object at file:/D:/a/key/key/key.core/build/resources/main/de/uka/ilkd/key/proof/rules/javaRules.key:770:15
	at de.uka.ilkd.key.nparser.builder.AbstractBuilder.accept(AbstractBuilder.java:54)
Caused by: com.github.javaparser.resolution.UnsolvedSymbolException: Unsolved symbol in de.uka.ilkd.key.java.JavaParserFactory$DynamicTypeSolver@60686d5f : java.lang.Object
	at com.github.javaparser.resolution.TypeSolver.solveType(TypeSolver.java:71)

164424     ERROR Test worker     d.u.i.k.n.b.AbstractBuilder  com.github.javaparser.resolution.UnsolvedSymbolException: Unsolved symbol in de.uka.ilkd.key.java.JavaParserFactory$DynamicTypeSolver@60686d5f : java.lang.Object
	at com.github.javaparser.resolution.TypeSolver.solveType(TypeSolver.java:71)

164424     ERROR Test worker     d.u.i.k.n.b.TacletPBuilder Error in parsing taclet. de.uka.ilkd.key.util.parsing.BuildingException: Unsolved symbol in de.uka.ilkd.key.java.JavaParserFactory$DynamicTypeSolver@60686d5f : java.lang.Object at file:/D:/a/key/key/key.core/build/resources/main/de/uka/ilkd/key/proof/rules/javaRules.key:778:15
	at de.uka.ilkd.key.nparser.builder.AbstractBuilder.accept(AbstractBuilder.java:54)
Caused by: com.github.javaparser.resolution.UnsolvedSymbolException: Unsolved symbol in de.uka.ilkd.key.java.JavaParserFactory$DynamicTypeSolver@60686d5f : java.lang.Object
	at com.github.javaparser.resolution.TypeSolver.solveType(TypeSolver.java:71)

164471     ERROR Test worker     d.u.i.k.n.b.AbstractBuilder  com.github.javaparser.resolution.UnsolvedSymbolException: Unsolved symbol in de.uka.ilkd.key.java.JavaParserFactory$DynamicTypeSolver@60686d5f : java.lang.Object
	at com.github.javaparser.resolution.TypeSolver.solveType(TypeSolver.java:71)

164471     ERROR Test worker     d.u.i.k.n.b.TacletPBuilder Error in parsing taclet. de.uka.ilkd.key.util.parsing.BuildingException: Unsolved symbol in de.uka.ilkd.key.java.JavaParserFactory$DynamicTypeSolver@60686d5f : java.lang.Object at file:/D:/a/key/key/key.core/build/resources/main/de/uka/ilkd/key/proof/rules/javaRules.key:787:15
	at de.uka.ilkd.key.nparser.builder.AbstractBuilder.accept(AbstractBuilder.java:54)
Caused by: com.github.javaparser.resolution.UnsolvedSymbolException: Unsolved symbol in de.uka.ilkd.key.java.JavaParserFactory$DynamicTypeSolver@60686d5f : java.lang.Object
	at com.github.javaparser.resolution.TypeSolver.solveType(TypeSolver.java:71)

164471     ERROR Test worker     d.u.i.k.n.b.AbstractBuilder  com.github.javaparser.resolution.UnsolvedSymbolException: Unsolved symbol in de.uka.ilkd.key.java.JavaParserFactory$DynamicTypeSolver@60686d5f : java.lang.Object
	at com.github.javaparser.resolution.TypeSolver.solveType(TypeSolver.java:71)

164471     ERROR Test worker     d.u.i.k.n.b.TacletPBuilder Error in parsing taclet. de.uka.ilkd.key.util.parsing.BuildingException: Unsolved symbol in de.uka.ilkd.key.java.JavaParserFactory$DynamicTypeSolver@60686d5f : java.lang.Object at file:/D:/a/key/key/key.core/build/resources/main/de/uka/ilkd/key/proof/rules/javaRules.key:794:15
	at de.uka.ilkd.key.nparser.builder.AbstractBuilder.accept(AbstractBuilder.java:54)
Caused by: com.github.javaparser.resolution.UnsolvedSymbolException: Unsolved symbol in de.uka.ilkd.key.java.JavaParserFactory$DynamicTypeSolver@60686d5f : java.lang.Object
	at com.github.javaparser.resolution.TypeSolver.solveType(TypeSolver.java:71)

164471     ERROR Test worker     d.u.i.k.n.b.AbstractBuilder  com.github.javaparser.resolution.UnsolvedSymbolException: Unsolved symbol in de.uka.ilkd.key.java.JavaParserFactory$DynamicTypeSolver@60686d5f : java.lang.Object
	at com.github.javaparser.resolution.TypeSolver.solveType(TypeSolver.java:71)

164471     ERROR Test worker     d.u.i.k.n.b.TacletPBuilder Error in parsing taclet. de.uka.ilkd.key.util.parsing.BuildingException: Unsolved symbol in de.uka.ilkd.key.java.JavaParserFactory$DynamicTypeSolver@60686d5f : java.lang.Object at file:/D:/a/key/key/key.core/build/resources/main/de/uka/ilkd/key/proof/rules/javaRules.key:802:15
	at de.uka.ilkd.key.nparser.builder.AbstractBuilder.accept(AbstractBuilder.java:54)
Caused by: com.github.javaparser.resolution.UnsolvedSymbolException: Unsolved symbol in de.uka.ilkd.key.java.JavaParserFactory$DynamicTypeSolver@60686d5f : java.lang.Object
	at com.github.javaparser.resolution.TypeSolver.solveType(TypeSolver.java:71)

164471     ERROR Test worker     d.u.i.k.n.b.AbstractBuilder  com.github.javaparser.resolution.UnsolvedSymbolException: Unsolved symbol in de.uka.ilkd.key.java.JavaParserFactory$DynamicTypeSolver@60686d5f : java.lang.Object
	at com.github.javaparser.resolution.TypeSolver.solveType(TypeSolver.java:71)

164471     ERROR Test worker     d.u.i.k.n.b.TacletPBuilder Error in parsing taclet. de.uka.ilkd.key.util.parsing.BuildingException: Unsolved symbol in de.uka.ilkd.key.java.JavaParserFactory$DynamicTypeSolver@60686d5f : java.lang.Object at file:/D:/a/key/key/key.core/build/resources/main/de/uka/ilkd/key/proof/rules/javaRules.key:811:15
	at de.uka.ilkd.key.nparser.builder.AbstractBuilder.accept(AbstractBuilder.java:54)
Caused by: com.github.javaparser.resolution.UnsolvedSymbolException: Unsolved symbol in de.uka.ilkd.key.java.JavaParserFactory$DynamicTypeSolver@60686d5f : java.lang.Object
	at com.github.javaparser.resolution.TypeSolver.solveType(TypeSolver.java:71)

164487     ERROR Test worker     d.u.i.k.n.b.AbstractBuilder  com.github.javaparser.resolution.UnsolvedSymbolException: Unsolved symbol in de.uka.ilkd.key.java.JavaParserFactory$DynamicTypeSolver@60686d5f : java.lang.Object
	at com.github.javaparser.resolution.TypeSolver.solveType(TypeSolver.java:71)

164487     ERROR Test worker     d.u.i.k.n.b.TacletPBuilder Error in parsing taclet. de.uka.ilkd.key.util.parsing.BuildingException: Unsolved symbol in de.uka.ilkd.key.java.JavaParserFactory$DynamicTypeSolver@60686d5f : java.lang.Object at file:/D:/a/key/key/key.core/build/resources/main/de/uka/ilkd/key/proof/rules/javaRules.key:819:15
	at de.uka.ilkd.key.nparser.builder.AbstractBuilder.accept(AbstractBuilder.java:54)
Caused by: com.github.javaparser.resolution.UnsolvedSymbolException: Unsolved symbol in de.uka.ilkd.key.java.JavaParserFactory$DynamicTypeSolver@60686d5f : java.lang.Object
	at com.github.javaparser.resolution.TypeSolver.solveType(TypeSolver.java:71)

164489     ERROR Test worker     d.u.i.k.n.b.AbstractBuilder  com.github.javaparser.resolution.UnsolvedSymbolException: Unsolved symbol in de.uka.ilkd.key.java.JavaParserFactory$DynamicTypeSolver@60686d5f : java.lang.Object
	at com.github.javaparser.resolution.TypeSolver.solveType(TypeSolver.java:71)

164489     ERROR Test worker     d.u.i.k.n.b.TacletPBuilder Error in parsing taclet. de.uka.ilkd.key.util.parsing.BuildingException: Unsolved symbol in de.uka.ilkd.key.java.JavaParserFactory$DynamicTypeSolver@60686d5f : java.lang.Object at file:/D:/a/key/key/key.core/build/resources/main/de/uka/ilkd/key/proof/rules/javaRules.key:827:15
	at de.uka.ilkd.key.nparser.builder.AbstractBuilder.accept(AbstractBuilder.java:54)
Caused by: com.github.javaparser.resolution.UnsolvedSymbolException: Unsolved symbol in de.uka.ilkd.key.java.JavaParserFactory$DynamicTypeSolver@60686d5f : java.lang.Object
	at com.github.javaparser.resolution.TypeSolver.solveType(TypeSolver.java:71)

164490     ERROR Test worker     d.u.i.k.n.b.AbstractBuilder  com.github.javaparser.resolution.UnsolvedSymbolException: Unsolved symbol in de.uka.ilkd.key.java.JavaParserFactory$DynamicTypeSolver@60686d5f : java.lang.Object
	at com.github.javaparser.resolution.TypeSolver.solveType(TypeSolver.java:71)

164490     ERROR Test worker     d.u.i.k.n.b.TacletPBuilder Error in parsing taclet. de.uka.ilkd.key.util.parsing.BuildingException: Unsolved symbol in de.uka.ilkd.key.java.JavaParserFactory$DynamicTypeSolver@60686d5f : java.lang.Object at file:/D:/a/key/key/key.core/build/resources/main/de/uka/ilkd/key/proof/rules/javaRules.key:836:15
	at de.uka.ilkd.key.nparser.builder.AbstractBuilder.accept(AbstractBuilder.java:54)
Caused by: com.github.javaparser.resolution.UnsolvedSymbolException: Unsolved symbol in de.uka.ilkd.key.java.JavaParserFactory$DynamicTypeSolver@60686d5f : java.lang.Object
	at com.github.javaparser.resolution.TypeSolver.solveType(TypeSolver.java:71)

164493     ERROR Test worker     d.u.i.k.n.b.AbstractBuilder  com.github.javaparser.resolution.UnsolvedSymbolException: Unsolved symbol in de.uka.ilkd.key.java.JavaParserFactory$DynamicTypeSolver@60686d5f : java.lang.Object
	at com.github.javaparser.resolution.TypeSolver.solveType(TypeSolver.java:71)

164493     ERROR Test worker     d.u.i.k.n.b.TacletPBuilder Error in parsing taclet. de.uka.ilkd.key.util.parsing.BuildingException: Unsolved symbol in de.uka.ilkd.key.java.JavaParserFactory$DynamicTypeSolver@60686d5f : java.lang.Object at file:/D:/a/key/key/key.core/build/resources/main/de/uka/ilkd/key/proof/rules/javaRules.key:843:15
	at de.uka.ilkd.key.nparser.builder.AbstractBuilder.accept(AbstractBuilder.java:54)
Caused by: com.github.javaparser.resolution.UnsolvedSymbolException: Unsolved symbol in de.uka.ilkd.key.java.JavaParserFactory$DynamicTypeSolver@60686d5f : java.lang.Object
	at com.github.javaparser.resolution.TypeSolver.solveType(TypeSolver.java:71)

164494     ERROR Test worker     d.u.i.k.n.b.AbstractBuilder  com.github.javaparser.resolution.UnsolvedSymbolException: Unsolved symbol in de.uka.ilkd.key.java.JavaParserFactory$DynamicTypeSolver@60686d5f : java.lang.Object
	at com.github.javaparser.resolution.TypeSolver.solveType(TypeSolver.java:71)

164494     ERROR Test worker     d.u.i.k.n.b.TacletPBuilder Error in parsing taclet. de.uka.ilkd.key.util.parsing.BuildingException: Unsolved symbol in de.uka.ilkd.key.java.JavaParserFactory$DynamicTypeSolver@60686d5f : java.lang.Object at file:/D:/a/key/key/key.core/build/resources/main/de/uka/ilkd/key/proof/rules/javaRules.key:851:15
	at de.uka.ilkd.key.nparser.builder.AbstractBuilder.accept(AbstractBuilder.java:54)
Caused by: com.github.javaparser.resolution.UnsolvedSymbolException: Unsolved symbol in de.uka.ilkd.key.java.JavaParserFactory$DynamicTypeSolver@60686d5f : java.lang.Object
	at com.github.javaparser.resolution.TypeSolver.solveType(TypeSolver.java:71)

164496     ERROR Test worker     d.u.i.k.n.b.AbstractBuilder  com.github.javaparser.resolution.UnsolvedSymbolException: Unsolved symbol in de.uka.ilkd.key.java.JavaParserFactory$DynamicTypeSolver@60686d5f : java.lang.Object
	at com.github.javaparser.resolution.TypeSolver.solveType(TypeSolver.java:71)

164496     ERROR Test worker     d.u.i.k.n.b.TacletPBuilder Error in parsing taclet. de.uka.ilkd.key.util.parsing.BuildingException: Unsolved symbol in de.uka.ilkd.key.java.JavaParserFactory$DynamicTypeSolver@60686d5f : java.lang.Object at file:/D:/a/key/key/key.core/build/resources/main/de/uka/ilkd/key/proof/rules/javaRules.key:860:15
	at de.uka.ilkd.key.nparser.builder.AbstractBuilder.accept(AbstractBuilder.java:54)
Caused by: com.github.javaparser.resolution.UnsolvedSymbolException: Unsolved symbol in de.uka.ilkd.key.java.JavaParserFactory$DynamicTypeSolver@60686d5f : java.lang.Object
	at com.github.javaparser.resolution.TypeSolver.solveType(TypeSolver.java:71)

164498     ERROR Test worker     d.u.i.k.n.b.AbstractBuilder  com.github.javaparser.resolution.UnsolvedSymbolException: Unsolved symbol in de.uka.ilkd.key.java.JavaParserFactory$DynamicTypeSolver@60686d5f : java.lang.Object
	at com.github.javaparser.resolution.TypeSolver.solveType(TypeSolver.java:71)

164498     ERROR Test worker     d.u.i.k.n.b.TacletPBuilder Error in parsing taclet. de.uka.ilkd.key.util.parsing.BuildingException: Unsolved symbol in de.uka.ilkd.key.java.JavaParserFactory$DynamicTypeSolver@60686d5f : java.lang.Object at file:/D:/a/key/key/key.core/build/resources/main/de/uka/ilkd/key/proof/rules/javaRules.key:867:15
	at de.uka.ilkd.key.nparser.builder.AbstractBuilder.accept(AbstractBuilder.java:54)
Caused by: com.github.javaparser.resolution.UnsolvedSymbolException: Unsolved symbol in de.uka.ilkd.key.java.JavaParserFactory$DynamicTypeSolver@60686d5f : java.lang.Object
	at com.github.javaparser.resolution.TypeSolver.solveType(TypeSolver.java:71)

164499     ERROR Test worker     d.u.i.k.n.b.AbstractBuilder  com.github.javaparser.resolution.UnsolvedSymbolException: Unsolved symbol in de.uka.ilkd.key.java.JavaParserFactory$DynamicTypeSolver@60686d5f : java.lang.Object
	at com.github.javaparser.resolution.TypeSolver.solveType(TypeSolver.java:71)

164499     ERROR Test worker     d.u.i.k.n.b.TacletPBuilder Error in parsing taclet. de.uka.ilkd.key.util.parsing.BuildingException: Unsolved symbol in de.uka.ilkd.key.java.JavaParserFactory$DynamicTypeSolver@60686d5f : java.lang.Object at file:/D:/a/key/key/key.core/build/resources/main/de/uka/ilkd/key/proof/rules/javaRules.key:875:15
	at de.uka.ilkd.key.nparser.builder.AbstractBuilder.accept(AbstractBuilder.java:54)
Caused by: com.github.javaparser.resolution.UnsolvedSymbolException: Unsolved symbol in de.uka.ilkd.key.java.JavaParserFactory$DynamicTypeSolver@60686d5f : java.lang.Object
	at com.github.javaparser.resolution.TypeSolver.solveType(TypeSolver.java:71)

164501     ERROR Test worker     d.u.i.k.n.b.AbstractBuilder  com.github.javaparser.resolution.UnsolvedSymbolException: Unsolved symbol in de.uka.ilkd.key.java.JavaParserFactory$DynamicTypeSolver@60686d5f : java.lang.Object
	at com.github.javaparser.resolution.TypeSolver.solveType(TypeSolver.java:71)

164501     ERROR Test worker     d.u.i.k.n.b.TacletPBuilder Error in parsing taclet. de.uka.ilkd.key.util.parsing.BuildingException: Unsolved symbol in de.uka.ilkd.key.java.JavaParserFactory$DynamicTypeSolver@60686d5f : java.lang.Object at file:/D:/a/key/key/key.core/build/resources/main/de/uka/ilkd/key/proof/rules/javaRules.key:884:15
	at de.uka.ilkd.key.nparser.builder.AbstractBuilder.accept(AbstractBuilder.java:54)
Caused by: com.github.javaparser.resolution.UnsolvedSymbolException: Unsolved symbol in de.uka.ilkd.key.java.JavaParserFactory$DynamicTypeSolver@60686d5f : java.lang.Object
	at com.github.javaparser.resolution.TypeSolver.solveType(TypeSolver.java:71)

164502     ERROR Test worker     d.u.i.k.n.b.AbstractBuilder  com.github.javaparser.resolution.UnsolvedSymbolException: Unsolved symbol in de.uka.ilkd.key.java.JavaParserFactory$DynamicTypeSolver@60686d5f : java.lang.Object
	at com.github.javaparser.resolution.TypeSolver.solveType(TypeSolver.java:71)

164502     ERROR Test worker     d.u.i.k.n.b.TacletPBuilder Error in parsing taclet. de.uka.ilkd.key.util.parsing.BuildingException: Unsolved symbol in de.uka.ilkd.key.java.JavaParserFactory$DynamicTypeSolver@60686d5f : java.lang.Object at file:/D:/a/key/key/key.core/build/resources/main/de/uka/ilkd/key/proof/rules/javaRules.key:892:15
	at de.uka.ilkd.key.nparser.builder.AbstractBuilder.accept(AbstractBuilder.java:54)
Caused by: com.github.javaparser.resolution.UnsolvedSymbolException: Unsolved symbol in de.uka.ilkd.key.java.JavaParserFactory$DynamicTypeSolver@60686d5f : java.lang.Object
	at com.github.javaparser.resolution.TypeSolver.solveType(TypeSolver.java:71)

164505     ERROR Test worker     d.u.i.k.n.b.AbstractBuilder  com.github.javaparser.resolution.UnsolvedSymbolException: Unsolved symbol in de.uka.ilkd.key.java.JavaParserFactory$DynamicTypeSolver@60686d5f : java.lang.Object
	at com.github.javaparser.resolution.TypeSolver.solveType(TypeSolver.java:71)

164505     ERROR Test worker     d.u.i.k.n.b.TacletPBuilder Error in parsing taclet. de.uka.ilkd.key.util.parsing.BuildingException: Unsolved symbol in de.uka.ilkd.key.java.JavaParserFactory$DynamicTypeSolver@60686d5f : java.lang.Object at file:/D:/a/key/key/key.core/build/resources/main/de/uka/ilkd/key/proof/rules/javaRules.key:900:15
	at de.uka.ilkd.key.nparser.builder.AbstractBuilder.accept(AbstractBuilder.java:54)
Caused by: com.github.javaparser.resolution.UnsolvedSymbolException: Unsolved symbol in de.uka.ilkd.key.java.JavaParserFactory$DynamicTypeSolver@60686d5f : java.lang.Object
	at com.github.javaparser.resolution.TypeSolver.solveType(TypeSolver.java:71)

164507     ERROR Test worker     d.u.i.k.n.b.AbstractBuilder  com.github.javaparser.resolution.UnsolvedSymbolException: Unsolved symbol in de.uka.ilkd.key.java.JavaParserFactory$DynamicTypeSolver@60686d5f : java.lang.Object
	at com.github.javaparser.resolution.TypeSolver.solveType(TypeSolver.java:71)

164507     ERROR Test worker     d.u.i.k.n.b.TacletPBuilder Error in parsing taclet. de.uka.ilkd.key.util.parsing.BuildingException: Unsolved symbol in de.uka.ilkd.key.java.JavaParserFactory$DynamicTypeSolver@60686d5f : java.lang.Object at file:/D:/a/key/key/key.core/build/resources/main/de/uka/ilkd/key/proof/rules/javaRules.key:909:15
	at de.uka.ilkd.key.nparser.builder.AbstractBuilder.accept(AbstractBuilder.java:54)
Caused by: com.github.javaparser.resolution.UnsolvedSymbolException: Unsolved symbol in de.uka.ilkd.key.java.JavaParserFactory$DynamicTypeSolver@60686d5f : java.lang.Object
	at com.github.javaparser.resolution.TypeSolver.solveType(TypeSolver.java:71)

164508     ERROR Test worker     d.u.i.k.n.b.AbstractBuilder  com.github.javaparser.resolution.UnsolvedSymbolException: Unsolved symbol in de.uka.ilkd.key.java.JavaParserFactory$DynamicTypeSolver@60686d5f : java.lang.Object
	at com.github.javaparser.resolution.TypeSolver.solveType(TypeSolver.java:71)

164509     ERROR Test worker     d.u.i.k.n.b.TacletPBuilder Error in parsing taclet. de.uka.ilkd.key.util.parsing.BuildingException: Unsolved symbol in de.uka.ilkd.key.java.JavaParserFactory$DynamicTypeSolver@60686d5f : java.lang.Object at file:/D:/a/key/key/key.core/build/resources/main/de/uka/ilkd/key/proof/rules/javaRules.key:925:15
	at de.uka.ilkd.key.nparser.builder.AbstractBuilder.accept(AbstractBuilder.java:54)
Caused by: com.github.javaparser.resolution.UnsolvedSymbolException: Unsolved symbol in de.uka.ilkd.key.java.JavaParserFactory$DynamicTypeSolver@60686d5f : java.lang.Object
	at com.github.javaparser.resolution.TypeSolver.solveType(TypeSolver.java:71)

164510     ERROR Test worker     d.u.i.k.n.b.AbstractBuilder  com.github.javaparser.resolution.UnsolvedSymbolException: Unsolved symbol in de.uka.ilkd.key.java.JavaParserFactory$DynamicTypeSolver@60686d5f : java.lang.Object
	at com.github.javaparser.resolution.TypeSolver.solveType(TypeSolver.java:71)

164510     ERROR Test worker     d.u.i.k.n.b.TacletPBuilder Error in parsing taclet. de.uka.ilkd.key.util.parsing.BuildingException: Unsolved symbol in de.uka.ilkd.key.java.JavaParserFactory$DynamicTypeSolver@60686d5f : java.lang.Object at file:/D:/a/key/key/key.core/build/resources/main/de/uka/ilkd/key/proof/rules/javaRules.key:935:15
	at de.uka.ilkd.key.nparser.builder.AbstractBuilder.accept(AbstractBuilder.java:54)
Caused by: com.github.javaparser.resolution.UnsolvedSymbolException: Unsolved symbol in de.uka.ilkd.key.java.JavaParserFactory$DynamicTypeSolver@60686d5f : java.lang.Object
	at com.github.javaparser.resolution.TypeSolver.solveType(TypeSolver.java:71)

164512     ERROR Test worker     d.u.i.k.n.b.AbstractBuilder  com.github.javaparser.resolution.UnsolvedSymbolException: Unsolved symbol in de.uka.ilkd.key.java.JavaParserFactory$DynamicTypeSolver@60686d5f : java.lang.Object
	at com.github.javaparser.resolution.TypeSolver.solveType(TypeSolver.java:71)

164512     ERROR Test worker     d.u.i.k.n.b.TacletPBuilder Error in parsing taclet. de.uka.ilkd.key.util.parsing.BuildingException: Unsolved symbol in de.uka.ilkd.key.java.JavaParserFactory$DynamicTypeSolver@60686d5f : java.lang.Object at file:/D:/a/key/key/key.core/build/resources/main/de/uka/ilkd/key/proof/rules/javaRules.key:945:15
	at de.uka.ilkd.key.nparser.builder.AbstractBuilder.accept(AbstractBuilder.java:54)
Caused by: com.github.javaparser.resolution.UnsolvedSymbolException: Unsolved symbol in de.uka.ilkd.key.java.JavaParserFactory$DynamicTypeSolver@60686d5f : java.lang.Object
	at com.github.javaparser.resolution.TypeSolver.solveType(TypeSolver.java:71)

164513     ERROR Test worker     d.u.i.k.n.b.AbstractBuilder  com.github.javaparser.resolution.UnsolvedSymbolException: Unsolved symbol in de.uka.ilkd.key.java.JavaParserFactory$DynamicTypeSolver@60686d5f : java.lang.Object
	at com.github.javaparser.resolution.TypeSolver.solveType(TypeSolver.java:71)

164515     ERROR Test worker     d.u.i.k.n.b.TacletPBuilder Error in parsing taclet. de.uka.ilkd.key.util.parsing.BuildingException: Unsolved symbol in de.uka.ilkd.key.java.JavaParserFactory$DynamicTypeSolver@60686d5f : java.lang.Object at file:/D:/a/key/key/key.core/build/resources/main/de/uka/ilkd/key/proof/rules/javaRules.key:959:15
	at de.uka.ilkd.key.nparser.builder.AbstractBuilder.accept(AbstractBuilder.java:54)
Caused by: com.github.javaparser.resolution.UnsolvedSymbolException: Unsolved symbol in de.uka.ilkd.key.java.JavaParserFactory$DynamicTypeSolver@60686d5f : java.lang.Object
	at com.github.javaparser.resolution.TypeSolver.solveType(TypeSolver.java:71)

164516     ERROR Test worker     d.u.i.k.n.b.AbstractBuilder  com.github.javaparser.resolution.UnsolvedSymbolException: Unsolved symbol in de.uka.ilkd.key.java.JavaParserFactory$DynamicTypeSolver@60686d5f : java.lang.Object
	at com.github.javaparser.resolution.TypeSolver.solveType(TypeSolver.java:71)

164516     ERROR Test worker     d.u.i.k.n.b.TacletPBuilder Error in parsing taclet. de.uka.ilkd.key.util.parsing.BuildingException: Unsolved symbol in de.uka.ilkd.key.java.JavaParserFactory$DynamicTypeSolver@60686d5f : java.lang.Object at file:/D:/a/key/key/key.core/build/resources/main/de/uka/ilkd/key/proof/rules/javaRules.key:975:20
	at de.uka.ilkd.key.nparser.builder.AbstractBuilder.accept(AbstractBuilder.java:54)
Caused by: com.github.javaparser.resolution.UnsolvedSymbolException: Unsolved symbol in de.uka.ilkd.key.java.JavaParserFactory$DynamicTypeSolver@60686d5f : java.lang.Object
	at com.github.javaparser.resolution.TypeSolver.solveType(TypeSolver.java:71)

164518     ERROR Test worker     d.u.i.k.n.b.AbstractBuilder  com.github.javaparser.resolution.UnsolvedSymbolException: Unsolved symbol in de.uka.ilkd.key.java.JavaParserFactory$DynamicTypeSolver@60686d5f : java.lang.Object
	at com.github.javaparser.resolution.TypeSolver.solveType(TypeSolver.java:71)

164518     ERROR Test worker     d.u.i.k.n.b.TacletPBuilder Error in parsing taclet. de.uka.ilkd.key.util.parsing.BuildingException: Unsolved symbol in de.uka.ilkd.key.java.JavaParserFactory$DynamicTypeSolver@60686d5f : java.lang.Object at file:/D:/a/key/key/key.core/build/resources/main/de/uka/ilkd/key/proof/rules/javaRules.key:990:15
	at de.uka.ilkd.key.nparser.builder.AbstractBuilder.accept(AbstractBuilder.java:54)
Caused by: com.github.javaparser.resolution.UnsolvedSymbolException: Unsolved symbol in de.uka.ilkd.key.java.JavaParserFactory$DynamicTypeSolver@60686d5f : java.lang.Object
	at com.github.javaparser.resolution.TypeSolver.solveType(TypeSolver.java:71)

164519     ERROR Test worker     d.u.i.k.n.b.AbstractBuilder  com.github.javaparser.resolution.UnsolvedSymbolException: Unsolved symbol in de.uka.ilkd.key.java.JavaParserFactory$DynamicTypeSolver@60686d5f : java.lang.Object
	at com.github.javaparser.resolution.TypeSolver.solveType(TypeSolver.java:71)

164520     ERROR Test worker     d.u.i.k.n.b.TacletPBuilder Error in parsing taclet. de.uka.ilkd.key.util.parsing.BuildingException: Unsolved symbol in de.uka.ilkd.key.java.JavaParserFactory$DynamicTypeSolver@60686d5f : java.lang.Object at file:/D:/a/key/key/key.core/build/resources/main/de/uka/ilkd/key/proof/rules/javaRules.key:1001:15
	at de.uka.ilkd.key.nparser.builder.AbstractBuilder.accept(AbstractBuilder.java:54)
Caused by: com.github.javaparser.resolution.UnsolvedSymbolException: Unsolved symbol in de.uka.ilkd.key.java.JavaParserFactory$DynamicTypeSolver@60686d5f : java.lang.Object
	at com.github.javaparser.resolution.TypeSolver.solveType(TypeSolver.java:71)

164522     ERROR Test worker     d.u.i.k.n.b.AbstractBuilder  com.github.javaparser.resolution.UnsolvedSymbolException: Unsolved symbol in de.uka.ilkd.key.java.JavaParserFactory$DynamicTypeSolver@60686d5f : java.lang.Object
	at com.github.javaparser.resolution.TypeSolver.solveType(TypeSolver.java:71)

164522     ERROR Test worker     d.u.i.k.n.b.TacletPBuilder Error in parsing taclet. de.uka.ilkd.key.util.parsing.BuildingException: Unsolved symbol in de.uka.ilkd.key.java.JavaParserFactory$DynamicTypeSolver@60686d5f : java.lang.Object at file:/D:/a/key/key/key.core/build/resources/main/de/uka/ilkd/key/proof/rules/javaRules.key:1018:20
	at de.uka.ilkd.key.nparser.builder.AbstractBuilder.accept(AbstractBuilder.java:54)
Caused by: com.github.javaparser.resolution.UnsolvedSymbolException: Unsolved symbol in de.uka.ilkd.key.java.JavaParserFactory$DynamicTypeSolver@60686d5f : java.lang.Object
	at com.github.javaparser.resolution.TypeSolver.solveType(TypeSolver.java:71)

164524     ERROR Test worker     d.u.i.k.n.b.AbstractBuilder  com.github.javaparser.resolution.UnsolvedSymbolException: Unsolved symbol in de.uka.ilkd.key.java.JavaParserFactory$DynamicTypeSolver@60686d5f : java.lang.Object
	at com.github.javaparser.resolution.TypeSolver.solveType(TypeSolver.java:71)

164524     ERROR Test worker     d.u.i.k.n.b.TacletPBuilder Error in parsing taclet. de.uka.ilkd.key.util.parsing.BuildingException: Unsolved symbol in de.uka.ilkd.key.java.JavaParserFactory$DynamicTypeSolver@60686d5f : java.lang.Object at file:/D:/a/key/key/key.core/build/resources/main/de/uka/ilkd/key/proof/rules/javaRules.key:1034:15
	at de.uka.ilkd.key.nparser.builder.AbstractBuilder.accept(AbstractBuilder.java:54)
Caused by: com.github.javaparser.resolution.UnsolvedSymbolException: Unsolved symbol in de.uka.ilkd.key.java.JavaParserFactory$DynamicTypeSolver@60686d5f : java.lang.Object
	at com.github.javaparser.resolution.TypeSolver.solveType(TypeSolver.java:71)

164525     ERROR Test worker     d.u.i.k.n.b.AbstractBuilder  com.github.javaparser.resolution.UnsolvedSymbolException: Unsolved symbol in de.uka.ilkd.key.java.JavaParserFactory$DynamicTypeSolver@60686d5f : java.lang.Object
	at com.github.javaparser.resolution.TypeSolver.solveType(TypeSolver.java:71)

164526     ERROR Test worker     d.u.i.k.n.b.TacletPBuilder Error in parsing taclet. de.uka.ilkd.key.util.parsing.BuildingException: Unsolved symbol in de.uka.ilkd.key.java.JavaParserFactory$DynamicTypeSolver@60686d5f : java.lang.Object at file:/D:/a/key/key/key.core/build/resources/main/de/uka/ilkd/key/proof/rules/javaRules.key:1044:15
	at de.uka.ilkd.key.nparser.builder.AbstractBuilder.accept(AbstractBuilder.java:54)
Caused by: com.github.javaparser.resolution.UnsolvedSymbolException: Unsolved symbol in de.uka.ilkd.key.java.JavaParserFactory$DynamicTypeSolver@60686d5f : java.lang.Object
	at com.github.javaparser.resolution.TypeSolver.solveType(TypeSolver.java:71)

164527     ERROR Test worker     d.u.i.k.n.b.AbstractBuilder  com.github.javaparser.resolution.UnsolvedSymbolException: Unsolved symbol in de.uka.ilkd.key.java.JavaParserFactory$DynamicTypeSolver@60686d5f : java.lang.Object
	at com.github.javaparser.resolution.TypeSolver.solveType(TypeSolver.java:71)

164527     ERROR Test worker     d.u.i.k.n.b.TacletPBuilder Error in parsing taclet. de.uka.ilkd.key.util.parsing.BuildingException: Unsolved symbol in de.uka.ilkd.key.java.JavaParserFactory$DynamicTypeSolver@60686d5f : java.lang.Object at file:/D:/a/key/key/key.core/build/resources/main/de/uka/ilkd/key/proof/rules/javaRules.key:1063:20
	at de.uka.ilkd.key.nparser.builder.AbstractBuilder.accept(AbstractBuilder.java:54)
Caused by: com.github.javaparser.resolution.UnsolvedSymbolException: Unsolved symbol in de.uka.ilkd.key.java.JavaParserFactory$DynamicTypeSolver@60686d5f : java.lang.Object
	at com.github.javaparser.resolution.TypeSolver.solveType(TypeSolver.java:71)

164529     ERROR Test worker     d.u.i.k.n.b.AbstractBuilder  com.github.javaparser.resolution.UnsolvedSymbolException: Unsolved symbol in de.uka.ilkd.key.java.JavaParserFactory$DynamicTypeSolver@60686d5f : java.lang.Object
	at com.github.javaparser.resolution.TypeSolver.solveType(TypeSolver.java:71)

164529     ERROR Test worker     d.u.i.k.n.b.TacletPBuilder Error in parsing taclet. de.uka.ilkd.key.util.parsing.BuildingException: Unsolved symbol in de.uka.ilkd.key.java.JavaParserFactory$DynamicTypeSolver@60686d5f : java.lang.Object at file:/D:/a/key/key/key.core/build/resources/main/de/uka/ilkd/key/proof/rules/javaRules.key:1081:15
	at de.uka.ilkd.key.nparser.builder.AbstractBuilder.accept(AbstractBuilder.java:54)
Caused by: com.github.javaparser.resolution.UnsolvedSymbolException: Unsolved symbol in de.uka.ilkd.key.java.JavaParserFactory$DynamicTypeSolver@60686d5f : java.lang.Object
	at com.github.javaparser.resolution.TypeSolver.solveType(TypeSolver.java:71)

164530     ERROR Test worker     d.u.i.k.n.b.AbstractBuilder  com.github.javaparser.resolution.UnsolvedSymbolException: Unsolved symbol in de.uka.ilkd.key.java.JavaParserFactory$DynamicTypeSolver@60686d5f : java.lang.Object
	at com.github.javaparser.resolution.TypeSolver.solveType(TypeSolver.java:71)

164530     ERROR Test worker     d.u.i.k.n.b.TacletPBuilder Error in parsing taclet. de.uka.ilkd.key.util.parsing.BuildingException: Unsolved symbol in de.uka.ilkd.key.java.JavaParserFactory$DynamicTypeSolver@60686d5f : java.lang.Object at file:/D:/a/key/key/key.core/build/resources/main/de/uka/ilkd/key/proof/rules/javaRules.key:1094:15
	at de.uka.ilkd.key.nparser.builder.AbstractBuilder.accept(AbstractBuilder.java:54)
Caused by: com.github.javaparser.resolution.UnsolvedSymbolException: Unsolved symbol in de.uka.ilkd.key.java.JavaParserFactory$DynamicTypeSolver@60686d5f : java.lang.Object
	at com.github.javaparser.resolution.TypeSolver.solveType(TypeSolver.java:71)

164533     ERROR Test worker     d.u.i.k.n.b.AbstractBuilder  com.github.javaparser.resolution.UnsolvedSymbolException: Unsolved symbol in de.uka.ilkd.key.java.JavaParserFactory$DynamicTypeSolver@60686d5f : java.lang.Object
	at com.github.javaparser.resolution.TypeSolver.solveType(TypeSolver.java:71)

164534     ERROR Test worker     d.u.i.k.n.b.TacletPBuilder Error in parsing taclet. de.uka.ilkd.key.util.parsing.BuildingException: Unsolved symbol in de.uka.ilkd.key.java.JavaParserFactory$DynamicTypeSolver@60686d5f : java.lang.Object at file:/D:/a/key/key/key.core/build/resources/main/de/uka/ilkd/key/proof/rules/javaRules.key:1100:15
	at de.uka.ilkd.key.nparser.builder.AbstractBuilder.accept(AbstractBuilder.java:54)
Caused by: com.github.javaparser.resolution.UnsolvedSymbolException: Unsolved symbol in de.uka.ilkd.key.java.JavaParserFactory$DynamicTypeSolver@60686d5f : java.lang.Object
	at com.github.javaparser.resolution.TypeSolver.solveType(TypeSolver.java:71)

164535     ERROR Test worker     d.u.i.k.n.b.AbstractBuilder  com.github.javaparser.resolution.UnsolvedSymbolException: Unsolved symbol in de.uka.ilkd.key.java.JavaParserFactory$DynamicTypeSolver@60686d5f : java.lang.Object
	at com.github.javaparser.resolution.TypeSolver.solveType(TypeSolver.java:71)

164535     ERROR Test worker     d.u.i.k.n.b.TacletPBuilder Error in parsing taclet. de.uka.ilkd.key.util.parsing.BuildingException: Unsolved symbol in de.uka.ilkd.key.java.JavaParserFactory$DynamicTypeSolver@60686d5f : java.lang.Object at file:/D:/a/key/key/key.core/build/resources/main/de/uka/ilkd/key/proof/rules/javaRules.key:1114:15
	at de.uka.ilkd.key.nparser.builder.AbstractBuilder.accept(AbstractBuilder.java:54)
Caused by: com.github.javaparser.resolution.UnsolvedSymbolException: Unsolved symbol in de.uka.ilkd.key.java.JavaParserFactory$DynamicTypeSolver@60686d5f : java.lang.Object
	at com.github.javaparser.resolution.TypeSolver.solveType(TypeSolver.java:71)

164537     ERROR Test worker     d.u.i.k.n.b.AbstractBuilder  com.github.javaparser.resolution.UnsolvedSymbolException: Unsolved symbol in de.uka.ilkd.key.java.JavaParserFactory$DynamicTypeSolver@60686d5f : java.lang.Object
	at com.github.javaparser.resolution.TypeSolver.solveType(TypeSolver.java:71)

164537     ERROR Test worker     d.u.i.k.n.b.TacletPBuilder Error in parsing taclet. de.uka.ilkd.key.util.parsing.BuildingException: Unsolved symbol in de.uka.ilkd.key.java.JavaParserFactory$DynamicTypeSolver@60686d5f : java.lang.Object at file:/D:/a/key/key/key.core/build/resources/main/de/uka/ilkd/key/proof/rules/javaRules.key:1124:15
	at de.uka.ilkd.key.nparser.builder.AbstractBuilder.accept(AbstractBuilder.java:54)
Caused by: com.github.javaparser.resolution.UnsolvedSymbolException: Unsolved symbol in de.uka.ilkd.key.java.JavaParserFactory$DynamicTypeSolver@60686d5f : java.lang.Object
	at com.github.javaparser.resolution.TypeSolver.solveType(TypeSolver.java:71)

164538     ERROR Test worker     d.u.i.k.n.b.AbstractBuilder  com.github.javaparser.resolution.UnsolvedSymbolException: Unsolved symbol in de.uka.ilkd.key.java.JavaParserFactory$DynamicTypeSolver@60686d5f : java.lang.Object
	at com.github.javaparser.resolution.TypeSolver.solveType(TypeSolver.java:71)

164538     ERROR Test worker     d.u.i.k.n.b.TacletPBuilder Error in parsing taclet. de.uka.ilkd.key.util.parsing.BuildingException: Unsolved symbol in de.uka.ilkd.key.java.JavaParserFactory$DynamicTypeSolver@60686d5f : java.lang.Object at file:/D:/a/key/key/key.core/build/resources/main/de/uka/ilkd/key/proof/rules/javaRules.key:1135:15
	at de.uka.ilkd.key.nparser.builder.AbstractBuilder.accept(AbstractBuilder.java:54)
Caused by: com.github.javaparser.resolution.UnsolvedSymbolException: Unsolved symbol in de.uka.ilkd.key.java.JavaParserFactory$DynamicTypeSolver@60686d5f : java.lang.Object
	at com.github.javaparser.resolution.TypeSolver.solveType(TypeSolver.java:71)

164540     ERROR Test worker     d.u.i.k.n.b.AbstractBuilder  com.github.javaparser.resolution.UnsolvedSymbolException: Unsolved symbol in de.uka.ilkd.key.java.JavaParserFactory$DynamicTypeSolver@60686d5f : java.lang.Object
	at com.github.javaparser.resolution.TypeSolver.solveType(TypeSolver.java:71)

164540     ERROR Test worker     d.u.i.k.n.b.TacletPBuilder Error in parsing taclet. de.uka.ilkd.key.util.parsing.BuildingException: Unsolved symbol in de.uka.ilkd.key.java.JavaParserFactory$DynamicTypeSolver@60686d5f : java.lang.Object at file:/D:/a/key/key/key.core/build/resources/main/de/uka/ilkd/key/proof/rules/javaRules.key:1142:15
	at de.uka.ilkd.key.nparser.builder.AbstractBuilder.accept(AbstractBuilder.java:54)
Caused by: com.github.javaparser.resolution.UnsolvedSymbolException: Unsolved symbol in de.uka.ilkd.key.java.JavaParserFactory$DynamicTypeSolver@60686d5f : java.lang.Object
	at com.github.javaparser.resolution.TypeSolver.solveType(TypeSolver.java:71)

164541     ERROR Test worker     d.u.i.k.n.b.AbstractBuilder  com.github.javaparser.resolution.UnsolvedSymbolException: Unsolved symbol in de.uka.ilkd.key.java.JavaParserFactory$DynamicTypeSolver@60686d5f : java.lang.Object
	at com.github.javaparser.resolution.TypeSolver.solveType(TypeSolver.java:71)

164541     ERROR Test worker     d.u.i.k.n.b.TacletPBuilder Error in parsing taclet. de.uka.ilkd.key.util.parsing.BuildingException: Unsolved symbol in de.uka.ilkd.key.java.JavaParserFactory$DynamicTypeSolver@60686d5f : java.lang.Object at file:/D:/a/key/key/key.core/build/resources/main/de/uka/ilkd/key/proof/rules/javaRules.key:1151:15
	at de.uka.ilkd.key.nparser.builder.AbstractBuilder.accept(AbstractBuilder.java:54)
Caused by: com.github.javaparser.resolution.UnsolvedSymbolException: Unsolved symbol in de.uka.ilkd.key.java.JavaParserFactory$DynamicTypeSolver@60686d5f : java.lang.Object
	at com.github.javaparser.resolution.TypeSolver.solveType(TypeSolver.java:71)

164543     ERROR Test worker     d.u.i.k.n.b.AbstractBuilder  com.github.javaparser.resolution.UnsolvedSymbolException: Unsolved symbol in de.uka.ilkd.key.java.JavaParserFactory$DynamicTypeSolver@60686d5f : java.lang.Object
	at com.github.javaparser.resolution.TypeSolver.solveType(TypeSolver.java:71)

164543     ERROR Test worker     d.u.i.k.n.b.TacletPBuilder Error in parsing taclet. de.uka.ilkd.key.util.parsing.BuildingException: Unsolved symbol in de.uka.ilkd.key.java.JavaParserFactory$DynamicTypeSolver@60686d5f : java.lang.Object at file:/D:/a/key/key/key.core/build/resources/main/de/uka/ilkd/key/proof/rules/javaRules.key:1157:15
	at de.uka.ilkd.key.nparser.builder.AbstractBuilder.accept(AbstractBuilder.java:54)
Caused by: com.github.javaparser.resolution.UnsolvedSymbolException: Unsolved symbol in de.uka.ilkd.key.java.JavaParserFactory$DynamicTypeSolver@60686d5f : java.lang.Object
	at com.github.javaparser.resolution.TypeSolver.solveType(TypeSolver.java:71)

164544     ERROR Test worker     d.u.i.k.n.b.AbstractBuilder  com.github.javaparser.resolution.UnsolvedSymbolException: Unsolved symbol in de.uka.ilkd.key.java.JavaParserFactory$DynamicTypeSolver@60686d5f : java.lang.Object
	at com.github.javaparser.resolution.TypeSolver.solveType(TypeSolver.java:71)

164545     ERROR Test worker     d.u.i.k.n.b.TacletPBuilder Error in parsing taclet. de.uka.ilkd.key.util.parsing.BuildingException: Unsolved symbol in de.uka.ilkd.key.java.JavaParserFactory$DynamicTypeSolver@60686d5f : java.lang.Object at file:/D:/a/key/key/key.core/build/resources/main/de/uka/ilkd/key/proof/rules/javaRules.key:1164:15
	at de.uka.ilkd.key.nparser.builder.AbstractBuilder.accept(AbstractBuilder.java:54)
Caused by: com.github.javaparser.resolution.UnsolvedSymbolException: Unsolved symbol in de.uka.ilkd.key.java.JavaParserFactory$DynamicTypeSolver@60686d5f : java.lang.Object
	at com.github.javaparser.resolution.TypeSolver.solveType(TypeSolver.java:71)

164546     ERROR Test worker     d.u.i.k.n.b.AbstractBuilder  com.github.javaparser.resolution.UnsolvedSymbolException: Unsolved symbol in de.uka.ilkd.key.java.JavaParserFactory$DynamicTypeSolver@60686d5f : java.lang.Object
	at com.github.javaparser.resolution.TypeSolver.solveType(TypeSolver.java:71)

164546     ERROR Test worker     d.u.i.k.n.b.TacletPBuilder Error in parsing taclet. de.uka.ilkd.key.util.parsing.BuildingException: Unsolved symbol in de.uka.ilkd.key.java.JavaParserFactory$DynamicTypeSolver@60686d5f : java.lang.Object at file:/D:/a/key/key/key.core/build/resources/main/de/uka/ilkd/key/proof/rules/javaRules.key:1171:15
	at de.uka.ilkd.key.nparser.builder.AbstractBuilder.accept(AbstractBuilder.java:54)
Caused by: com.github.javaparser.resolution.UnsolvedSymbolException: Unsolved symbol in de.uka.ilkd.key.java.JavaParserFactory$DynamicTypeSolver@60686d5f : java.lang.Object
	at com.github.javaparser.resolution.TypeSolver.solveType(TypeSolver.java:71)

164547     ERROR Test worker     d.u.i.k.n.b.AbstractBuilder  com.github.javaparser.resolution.UnsolvedSymbolException: Unsolved symbol in de.uka.ilkd.key.java.JavaParserFactory$DynamicTypeSolver@60686d5f : java.lang.Object
	at com.github.javaparser.resolution.TypeSolver.solveType(TypeSolver.java:71)

164548     ERROR Test worker     d.u.i.k.n.b.TacletPBuilder Error in parsing taclet. de.uka.ilkd.key.util.parsing.BuildingException: Unsolved symbol in de.uka.ilkd.key.java.JavaParserFactory$DynamicTypeSolver@60686d5f : java.lang.Object at file:/D:/a/key/key/key.core/build/resources/main/de/uka/ilkd/key/proof/rules/javaRules.key:1178:15
	at de.uka.ilkd.key.nparser.builder.AbstractBuilder.accept(AbstractBuilder.java:54)
Caused by: com.github.javaparser.resolution.UnsolvedSymbolException: Unsolved symbol in de.uka.ilkd.key.java.JavaParserFactory$DynamicTypeSolver@60686d5f : java.lang.Object
	at com.github.javaparser.resolution.TypeSolver.solveType(TypeSolver.java:71)

164549     ERROR Test worker     d.u.i.k.n.b.AbstractBuilder  com.github.javaparser.resolution.UnsolvedSymbolException: Unsolved symbol in de.uka.ilkd.key.java.JavaParserFactory$DynamicTypeSolver@60686d5f : java.lang.Object
	at com.github.javaparser.resolution.TypeSolver.solveType(TypeSolver.java:71)

164549     ERROR Test worker     d.u.i.k.n.b.TacletPBuilder Error in parsing taclet. de.uka.ilkd.key.util.parsing.BuildingException: Unsolved symbol in de.uka.ilkd.key.java.JavaParserFactory$DynamicTypeSolver@60686d5f : java.lang.Object at file:/D:/a/key/key/key.core/build/resources/main/de/uka/ilkd/key/proof/rules/javaRules.key:1184:15
	at de.uka.ilkd.key.nparser.builder.AbstractBuilder.accept(AbstractBuilder.java:54)
Caused by: com.github.javaparser.resolution.UnsolvedSymbolException: Unsolved symbol in de.uka.ilkd.key.java.JavaParserFactory$DynamicTypeSolver@60686d5f : java.lang.Object
	at com.github.javaparser.resolution.TypeSolver.solveType(TypeSolver.java:71)

164551     ERROR Test worker     d.u.i.k.n.b.AbstractBuilder  com.github.javaparser.resolution.UnsolvedSymbolException: Unsolved symbol in de.uka.ilkd.key.java.JavaParserFactory$DynamicTypeSolver@60686d5f : java.lang.Object
	at com.github.javaparser.resolution.TypeSolver.solveType(TypeSolver.java:71)

164551     ERROR Test worker     d.u.i.k.n.b.TacletPBuilder Error in parsing taclet. de.uka.ilkd.key.util.parsing.BuildingException: Unsolved symbol in de.uka.ilkd.key.java.JavaParserFactory$DynamicTypeSolver@60686d5f : java.lang.Object at file:/D:/a/key/key/key.core/build/resources/main/de/uka/ilkd/key/proof/rules/javaRules.key:1191:15
	at de.uka.ilkd.key.nparser.builder.AbstractBuilder.accept(AbstractBuilder.java:54)
Caused by: com.github.javaparser.resolution.UnsolvedSymbolException: Unsolved symbol in de.uka.ilkd.key.java.JavaParserFactory$DynamicTypeSolver@60686d5f : java.lang.Object
	at com.github.javaparser.resolution.TypeSolver.solveType(TypeSolver.java:71)

164552     ERROR Test worker     d.u.i.k.n.b.AbstractBuilder  com.github.javaparser.resolution.UnsolvedSymbolException: Unsolved symbol in de.uka.ilkd.key.java.JavaParserFactory$DynamicTypeSolver@60686d5f : java.lang.Object
	at com.github.javaparser.resolution.TypeSolver.solveType(TypeSolver.java:71)

164552     ERROR Test worker     d.u.i.k.n.b.TacletPBuilder Error in parsing taclet. de.uka.ilkd.key.util.parsing.BuildingException: Unsolved symbol in de.uka.ilkd.key.java.JavaParserFactory$DynamicTypeSolver@60686d5f : java.lang.Object at file:/D:/a/key/key/key.core/build/resources/main/de/uka/ilkd/key/proof/rules/javaRules.key:1198:15
	at de.uka.ilkd.key.nparser.builder.AbstractBuilder.accept(AbstractBuilder.java:54)
Caused by: com.github.javaparser.resolution.UnsolvedSymbolException: Unsolved symbol in de.uka.ilkd.key.java.JavaParserFactory$DynamicTypeSolver@60686d5f : java.lang.Object
	at com.github.javaparser.resolution.TypeSolver.solveType(TypeSolver.java:71)

164554     ERROR Test worker     d.u.i.k.n.b.AbstractBuilder  com.github.javaparser.resolution.UnsolvedSymbolException: Unsolved symbol in de.uka.ilkd.key.java.JavaParserFactory$DynamicTypeSolver@60686d5f : java.lang.Object
	at com.github.javaparser.resolution.TypeSolver.solveType(TypeSolver.java:71)

164554     ERROR Test worker     d.u.i.k.n.b.TacletPBuilder Error in parsing taclet. de.uka.ilkd.key.util.parsing.BuildingException: Unsolved symbol in de.uka.ilkd.key.java.JavaParserFactory$DynamicTypeSolver@60686d5f : java.lang.Object at file:/D:/a/key/key/key.core/build/resources/main/de/uka/ilkd/key/proof/rules/javaRules.key:1205:15
	at de.uka.ilkd.key.nparser.builder.AbstractBuilder.accept(AbstractBuilder.java:54)
Caused by: com.github.javaparser.resolution.UnsolvedSymbolException: Unsolved symbol in de.uka.ilkd.key.java.JavaParserFactory$DynamicTypeSolver@60686d5f : java.lang.Object
	at com.github.javaparser.resolution.TypeSolver.solveType(TypeSolver.java:71)

164555     ERROR Test worker     d.u.i.k.n.b.AbstractBuilder  com.github.javaparser.resolution.UnsolvedSymbolException: Unsolved symbol in de.uka.ilkd.key.java.JavaParserFactory$DynamicTypeSolver@60686d5f : java.lang.Object
	at com.github.javaparser.resolution.TypeSolver.solveType(TypeSolver.java:71)

164556     ERROR Test worker     d.u.i.k.n.b.TacletPBuilder Error in parsing taclet. de.uka.ilkd.key.util.parsing.BuildingException: Unsolved symbol in de.uka.ilkd.key.java.JavaParserFactory$DynamicTypeSolver@60686d5f : java.lang.Object at file:/D:/a/key/key/key.core/build/resources/main/de/uka/ilkd/key/proof/rules/javaRules.key:1212:15
	at de.uka.ilkd.key.nparser.builder.AbstractBuilder.accept(AbstractBuilder.java:54)
Caused by: com.github.javaparser.resolution.UnsolvedSymbolException: Unsolved symbol in de.uka.ilkd.key.java.JavaParserFactory$DynamicTypeSolver@60686d5f : java.lang.Object
	at com.github.javaparser.resolution.TypeSolver.solveType(TypeSolver.java:71)

164557     ERROR Test worker     d.u.i.k.n.b.AbstractBuilder  com.github.javaparser.resolution.UnsolvedSymbolException: Unsolved symbol in de.uka.ilkd.key.java.JavaParserFactory$DynamicTypeSolver@60686d5f : java.lang.Object
	at com.github.javaparser.resolution.TypeSolver.solveType(TypeSolver.java:71)

164557     ERROR Test worker     d.u.i.k.n.b.TacletPBuilder Error in parsing taclet. de.uka.ilkd.key.util.parsing.BuildingException: Unsolved symbol in de.uka.ilkd.key.java.JavaParserFactory$DynamicTypeSolver@60686d5f : java.lang.Object at file:/D:/a/key/key/key.core/build/resources/main/de/uka/ilkd/key/proof/rules/javaRules.key:1220:15
	at de.uka.ilkd.key.nparser.builder.AbstractBuilder.accept(AbstractBuilder.java:54)
Caused by: com.github.javaparser.resolution.UnsolvedSymbolException: Unsolved symbol in de.uka.ilkd.key.java.JavaParserFactory$DynamicTypeSolver@60686d5f : java.lang.Object
	at com.github.javaparser.resolution.TypeSolver.solveType(TypeSolver.java:71)

164559     ERROR Test worker     d.u.i.k.n.b.AbstractBuilder  com.github.javaparser.resolution.UnsolvedSymbolException: Unsolved symbol in de.uka.ilkd.key.java.JavaParserFactory$DynamicTypeSolver@60686d5f : java.lang.Object
	at com.github.javaparser.resolution.TypeSolver.solveType(TypeSolver.java:71)

164559     ERROR Test worker     d.u.i.k.n.b.TacletPBuilder Error in parsing taclet. de.uka.ilkd.key.util.parsing.BuildingException: Unsolved symbol in de.uka.ilkd.key.java.JavaParserFactory$DynamicTypeSolver@60686d5f : java.lang.Object at file:/D:/a/key/key/key.core/build/resources/main/de/uka/ilkd/key/proof/rules/javaRules.key:1230:15
	at de.uka.ilkd.key.nparser.builder.AbstractBuilder.accept(AbstractBuilder.java:54)
Caused by: com.github.javaparser.resolution.UnsolvedSymbolException: Unsolved symbol in de.uka.ilkd.key.java.JavaParserFactory$DynamicTypeSolver@60686d5f : java.lang.Object
	at com.github.javaparser.resolution.TypeSolver.solveType(TypeSolver.java:71)

164560     ERROR Test worker     d.u.i.k.n.b.AbstractBuilder  com.github.javaparser.resolution.UnsolvedSymbolException: Unsolved symbol in de.uka.ilkd.key.java.JavaParserFactory$DynamicTypeSolver@60686d5f : java.lang.Object
	at com.github.javaparser.resolution.TypeSolver.solveType(TypeSolver.java:71)

164560     ERROR Test worker     d.u.i.k.n.b.TacletPBuilder Error in parsing taclet. de.uka.ilkd.key.util.parsing.BuildingException: Unsolved symbol in de.uka.ilkd.key.java.JavaParserFactory$DynamicTypeSolver@60686d5f : java.lang.Object at file:/D:/a/key/key/key.core/build/resources/main/de/uka/ilkd/key/proof/rules/javaRules.key:1238:15
	at de.uka.ilkd.key.nparser.builder.AbstractBuilder.accept(AbstractBuilder.java:54)
Caused by: com.github.javaparser.resolution.UnsolvedSymbolException: Unsolved symbol in de.uka.ilkd.key.java.JavaParserFactory$DynamicTypeSolver@60686d5f : java.lang.Object
	at com.github.javaparser.resolution.TypeSolver.solveType(TypeSolver.java:71)

164562     ERROR Test worker     d.u.i.k.n.b.AbstractBuilder  com.github.javaparser.resolution.UnsolvedSymbolException: Unsolved symbol in de.uka.ilkd.key.java.JavaParserFactory$DynamicTypeSolver@60686d5f : java.lang.Object
	at com.github.javaparser.resolution.TypeSolver.solveType(TypeSolver.java:71)

164562     ERROR Test worker     d.u.i.k.n.b.TacletPBuilder Error in parsing taclet. de.uka.ilkd.key.util.parsing.BuildingException: Unsolved symbol in de.uka.ilkd.key.java.JavaParserFactory$DynamicTypeSolver@60686d5f : java.lang.Object at file:/D:/a/key/key/key.core/build/resources/main/de/uka/ilkd/key/proof/rules/javaRules.key:1245:15
	at de.uka.ilkd.key.nparser.builder.AbstractBuilder.accept(AbstractBuilder.java:54)
Caused by: com.github.javaparser.resolution.UnsolvedSymbolException: Unsolved symbol in de.uka.ilkd.key.java.JavaParserFactory$DynamicTypeSolver@60686d5f : java.lang.Object
	at com.github.javaparser.resolution.TypeSolver.solveType(TypeSolver.java:71)

164563     ERROR Test worker     d.u.i.k.n.b.AbstractBuilder  com.github.javaparser.resolution.UnsolvedSymbolException: Unsolved symbol in de.uka.ilkd.key.java.JavaParserFactory$DynamicTypeSolver@60686d5f : java.lang.Object
	at com.github.javaparser.resolution.TypeSolver.solveType(TypeSolver.java:71)

164564     ERROR Test worker     d.u.i.k.n.b.TacletPBuilder Error in parsing taclet. de.uka.ilkd.key.util.parsing.BuildingException: Unsolved symbol in de.uka.ilkd.key.java.JavaParserFactory$DynamicTypeSolver@60686d5f : java.lang.Object at file:/D:/a/key/key/key.core/build/resources/main/de/uka/ilkd/key/proof/rules/javaRules.key:1254:15
	at de.uka.ilkd.key.nparser.builder.AbstractBuilder.accept(AbstractBuilder.java:54)
Caused by: com.github.javaparser.resolution.UnsolvedSymbolException: Unsolved symbol in de.uka.ilkd.key.java.JavaParserFactory$DynamicTypeSolver@60686d5f : java.lang.Object
	at com.github.javaparser.resolution.TypeSolver.solveType(TypeSolver.java:71)

164565     ERROR Test worker     d.u.i.k.n.b.AbstractBuilder  com.github.javaparser.resolution.UnsolvedSymbolException: Unsolved symbol in de.uka.ilkd.key.java.JavaParserFactory$DynamicTypeSolver@60686d5f : java.lang.Object
	at com.github.javaparser.resolution.TypeSolver.solveType(TypeSolver.java:71)

164565     ERROR Test worker     d.u.i.k.n.b.TacletPBuilder Error in parsing taclet. de.uka.ilkd.key.util.parsing.BuildingException: Unsolved symbol in de.uka.ilkd.key.java.JavaParserFactory$DynamicTypeSolver@60686d5f : java.lang.Object at file:/D:/a/key/key/key.core/build/resources/main/de/uka/ilkd/key/proof/rules/javaRules.key:1262:15
	at de.uka.ilkd.key.nparser.builder.AbstractBuilder.accept(AbstractBuilder.java:54)
Caused by: com.github.javaparser.resolution.UnsolvedSymbolException: Unsolved symbol in de.uka.ilkd.key.java.JavaParserFactory$DynamicTypeSolver@60686d5f : java.lang.Object
	at com.github.javaparser.resolution.TypeSolver.solveType(TypeSolver.java:71)

164566     ERROR Test worker     d.u.i.k.n.b.AbstractBuilder  com.github.javaparser.resolution.UnsolvedSymbolException: Unsolved symbol in de.uka.ilkd.key.java.JavaParserFactory$DynamicTypeSolver@60686d5f : java.lang.Object
	at com.github.javaparser.resolution.TypeSolver.solveType(TypeSolver.java:71)

164567     ERROR Test worker     d.u.i.k.n.b.TacletPBuilder Error in parsing taclet. de.uka.ilkd.key.util.parsing.BuildingException: Unsolved symbol in de.uka.ilkd.key.java.JavaParserFactory$DynamicTypeSolver@60686d5f : java.lang.Object at file:/D:/a/key/key/key.core/build/resources/main/de/uka/ilkd/key/proof/rules/javaRules.key:1271:15
	at de.uka.ilkd.key.nparser.builder.AbstractBuilder.accept(AbstractBuilder.java:54)
Caused by: com.github.javaparser.resolution.UnsolvedSymbolException: Unsolved symbol in de.uka.ilkd.key.java.JavaParserFactory$DynamicTypeSolver@60686d5f : java.lang.Object
	at com.github.javaparser.resolution.TypeSolver.solveType(TypeSolver.java:71)

164568     ERROR Test worker     d.u.i.k.n.b.AbstractBuilder  com.github.javaparser.resolution.UnsolvedSymbolException: Unsolved symbol in de.uka.ilkd.key.java.JavaParserFactory$DynamicTypeSolver@60686d5f : java.lang.Object
	at com.github.javaparser.resolution.TypeSolver.solveType(TypeSolver.java:71)

164568     ERROR Test worker     d.u.i.k.n.b.TacletPBuilder Error in parsing taclet. de.uka.ilkd.key.util.parsing.BuildingException: Unsolved symbol in de.uka.ilkd.key.java.JavaParserFactory$DynamicTypeSolver@60686d5f : java.lang.Object at file:/D:/a/key/key/key.core/build/resources/main/de/uka/ilkd/key/proof/rules/javaRules.key:1279:15
	at de.uka.ilkd.key.nparser.builder.AbstractBuilder.accept(AbstractBuilder.java:54)
Caused by: com.github.javaparser.resolution.UnsolvedSymbolException: Unsolved symbol in de.uka.ilkd.key.java.JavaParserFactory$DynamicTypeSolver@60686d5f : java.lang.Object
	at com.github.javaparser.resolution.TypeSolver.solveType(TypeSolver.java:71)

164570     ERROR Test worker     d.u.i.k.n.b.AbstractBuilder  com.github.javaparser.resolution.UnsolvedSymbolException: Unsolved symbol in de.uka.ilkd.key.java.JavaParserFactory$DynamicTypeSolver@60686d5f : java.lang.Object
	at com.github.javaparser.resolution.TypeSolver.solveType(TypeSolver.java:71)

164570     ERROR Test worker     d.u.i.k.n.b.TacletPBuilder Error in parsing taclet. de.uka.ilkd.key.util.parsing.BuildingException: Unsolved symbol in de.uka.ilkd.key.java.JavaParserFactory$DynamicTypeSolver@60686d5f : java.lang.Object at file:/D:/a/key/key/key.core/build/resources/main/de/uka/ilkd/key/proof/rules/javaRules.key:1287:20
	at de.uka.ilkd.key.nparser.builder.AbstractBuilder.accept(AbstractBuilder.java:54)
Caused by: com.github.javaparser.resolution.UnsolvedSymbolException: Unsolved symbol in de.uka.ilkd.key.java.JavaParserFactory$DynamicTypeSolver@60686d5f : java.lang.Object
	at com.github.javaparser.resolution.TypeSolver.solveType(TypeSolver.java:71)

164571     ERROR Test worker     d.u.i.k.n.b.AbstractBuilder  com.github.javaparser.resolution.UnsolvedSymbolException: Unsolved symbol in de.uka.ilkd.key.java.JavaParserFactory$DynamicTypeSolver@60686d5f : java.lang.Object
	at com.github.javaparser.resolution.TypeSolver.solveType(TypeSolver.java:71)

164571     ERROR Test worker     d.u.i.k.n.b.TacletPBuilder Error in parsing taclet. de.uka.ilkd.key.util.parsing.BuildingException: Unsolved symbol in de.uka.ilkd.key.java.JavaParserFactory$DynamicTypeSolver@60686d5f : java.lang.Object at file:/D:/a/key/key/key.core/build/resources/main/de/uka/ilkd/key/proof/rules/javaRules.key:1297:20
	at de.uka.ilkd.key.nparser.builder.AbstractBuilder.accept(AbstractBuilder.java:54)
Caused by: com.github.javaparser.resolution.UnsolvedSymbolException: Unsolved symbol in de.uka.ilkd.key.java.JavaParserFactory$DynamicTypeSolver@60686d5f : java.lang.Object
	at com.github.javaparser.resolution.TypeSolver.solveType(TypeSolver.java:71)

164573     ERROR Test worker     d.u.i.k.n.b.AbstractBuilder  com.github.javaparser.resolution.UnsolvedSymbolException: Unsolved symbol in de.uka.ilkd.key.java.JavaParserFactory$DynamicTypeSolver@60686d5f : java.lang.Object
	at com.github.javaparser.resolution.TypeSolver.solveType(TypeSolver.java:71)

164573     ERROR Test worker     d.u.i.k.n.b.TacletPBuilder Error in parsing taclet. de.uka.ilkd.key.util.parsing.BuildingException: Unsolved symbol in de.uka.ilkd.key.java.JavaParserFactory$DynamicTypeSolver@60686d5f : java.lang.Object at file:/D:/a/key/key/key.core/build/resources/main/de/uka/ilkd/key/proof/rules/javaRules.key:1307:15
	at de.uka.ilkd.key.nparser.builder.AbstractBuilder.accept(AbstractBuilder.java:54)
Caused by: com.github.javaparser.resolution.UnsolvedSymbolException: Unsolved symbol in de.uka.ilkd.key.java.JavaParserFactory$DynamicTypeSolver@60686d5f : java.lang.Object
	at com.github.javaparser.resolution.TypeSolver.solveType(TypeSolver.java:71)

164574     ERROR Test worker     d.u.i.k.n.b.AbstractBuilder  com.github.javaparser.resolution.UnsolvedSymbolException: Unsolved symbol in de.uka.ilkd.key.java.JavaParserFactory$DynamicTypeSolver@60686d5f : java.lang.Object
	at com.github.javaparser.resolution.TypeSolver.solveType(TypeSolver.java:71)

164575     ERROR Test worker     d.u.i.k.n.b.TacletPBuilder Error in parsing taclet. de.uka.ilkd.key.util.parsing.BuildingException: Unsolved symbol in de.uka.ilkd.key.java.JavaParserFactory$DynamicTypeSolver@60686d5f : java.lang.Object at file:/D:/a/key/key/key.core/build/resources/main/de/uka/ilkd/key/proof/rules/javaRules.key:1313:15
	at de.uka.ilkd.key.nparser.builder.AbstractBuilder.accept(AbstractBuilder.java:54)
Caused by: com.github.javaparser.resolution.UnsolvedSymbolException: Unsolved symbol in de.uka.ilkd.key.java.JavaParserFactory$DynamicTypeSolver@60686d5f : java.lang.Object
	at com.github.javaparser.resolution.TypeSolver.solveType(TypeSolver.java:71)

164576     ERROR Test worker     d.u.i.k.n.b.AbstractBuilder  com.github.javaparser.resolution.UnsolvedSymbolException: Unsolved symbol in de.uka.ilkd.key.java.JavaParserFactory$DynamicTypeSolver@60686d5f : java.lang.Object
	at com.github.javaparser.resolution.TypeSolver.solveType(TypeSolver.java:71)

164576     ERROR Test worker     d.u.i.k.n.b.TacletPBuilder Error in parsing taclet. de.uka.ilkd.key.util.parsing.BuildingException: Unsolved symbol in de.uka.ilkd.key.java.JavaParserFactory$DynamicTypeSolver@60686d5f : java.lang.Object at file:/D:/a/key/key/key.core/build/resources/main/de/uka/ilkd/key/proof/rules/javaRules.key:1320:20
	at de.uka.ilkd.key.nparser.builder.AbstractBuilder.accept(AbstractBuilder.java:54)
Caused by: com.github.javaparser.resolution.UnsolvedSymbolException: Unsolved symbol in de.uka.ilkd.key.java.JavaParserFactory$DynamicTypeSolver@60686d5f : java.lang.Object
	at com.github.javaparser.resolution.TypeSolver.solveType(TypeSolver.java:71)

164577     ERROR Test worker     d.u.i.k.n.b.AbstractBuilder  com.github.javaparser.resolution.UnsolvedSymbolException: Unsolved symbol in de.uka.ilkd.key.java.JavaParserFactory$DynamicTypeSolver@60686d5f : java.lang.Object
	at com.github.javaparser.resolution.TypeSolver.solveType(TypeSolver.java:71)

164577     ERROR Test worker     d.u.i.k.n.b.TacletPBuilder Error in parsing taclet. de.uka.ilkd.key.util.parsing.BuildingException: Unsolved symbol in de.uka.ilkd.key.java.JavaParserFactory$DynamicTypeSolver@60686d5f : java.lang.Object at file:/D:/a/key/key/key.core/build/resources/main/de/uka/ilkd/key/proof/rules/javaRules.key:1327:20
	at de.uka.ilkd.key.nparser.builder.AbstractBuilder.accept(AbstractBuilder.java:54)
Caused by: com.github.javaparser.resolution.UnsolvedSymbolException: Unsolved symbol in de.uka.ilkd.key.java.JavaParserFactory$DynamicTypeSolver@60686d5f : java.lang.Object
	at com.github.javaparser.resolution.TypeSolver.solveType(TypeSolver.java:71)

164577     ERROR Test worker     d.u.i.k.n.b.AbstractBuilder  com.github.javaparser.resolution.UnsolvedSymbolException: Unsolved symbol in de.uka.ilkd.key.java.JavaParserFactory$DynamicTypeSolver@60686d5f : java.lang.Object
	at com.github.javaparser.resolution.TypeSolver.solveType(TypeSolver.java:71)

164577     ERROR Test worker     d.u.i.k.n.b.TacletPBuilder Error in parsing taclet. de.uka.ilkd.key.util.parsing.BuildingException: Unsolved symbol in de.uka.ilkd.key.java.JavaParserFactory$DynamicTypeSolver@60686d5f : java.lang.Object at file:/D:/a/key/key/key.core/build/resources/main/de/uka/ilkd/key/proof/rules/javaRules.key:1334:20
	at de.uka.ilkd.key.nparser.builder.AbstractBuilder.accept(AbstractBuilder.java:54)
Caused by: com.github.javaparser.resolution.UnsolvedSymbolException: Unsolved symbol in de.uka.ilkd.key.java.JavaParserFactory$DynamicTypeSolver@60686d5f : java.lang.Object
	at com.github.javaparser.resolution.TypeSolver.solveType(TypeSolver.java:71)

164577     ERROR Test worker     d.u.i.k.n.b.AbstractBuilder  com.github.javaparser.resolution.UnsolvedSymbolException: Unsolved symbol in de.uka.ilkd.key.java.JavaParserFactory$DynamicTypeSolver@60686d5f : java.lang.Object
	at com.github.javaparser.resolution.TypeSolver.solveType(TypeSolver.java:71)

164577     ERROR Test worker     d.u.i.k.n.b.TacletPBuilder Error in parsing taclet. de.uka.ilkd.key.util.parsing.BuildingException: Unsolved symbol in de.uka.ilkd.key.java.JavaParserFactory$DynamicTypeSolver@60686d5f : java.lang.Object at file:/D:/a/key/key/key.core/build/resources/main/de/uka/ilkd/key/proof/rules/javaRules.key:1341:20
	at de.uka.ilkd.key.nparser.builder.AbstractBuilder.accept(AbstractBuilder.java:54)
Caused by: com.github.javaparser.resolution.UnsolvedSymbolException: Unsolved symbol in de.uka.ilkd.key.java.JavaParserFactory$DynamicTypeSolver@60686d5f : java.lang.Object
	at com.github.javaparser.resolution.TypeSolver.solveType(TypeSolver.java:71)

164577     ERROR Test worker     d.u.i.k.n.b.AbstractBuilder  com.github.javaparser.resolution.UnsolvedSymbolException: Unsolved symbol in de.uka.ilkd.key.java.JavaParserFactory$DynamicTypeSolver@60686d5f : java.lang.Object
	at com.github.javaparser.resolution.TypeSolver.solveType(TypeSolver.java:71)

164577     ERROR Test worker     d.u.i.k.n.b.TacletPBuilder Error in parsing taclet. de.uka.ilkd.key.util.parsing.BuildingException: Unsolved symbol in de.uka.ilkd.key.java.JavaParserFactory$DynamicTypeSolver@60686d5f : java.lang.Object at file:/D:/a/key/key/key.core/build/resources/main/de/uka/ilkd/key/proof/rules/javaRules.key:1347:15
	at de.uka.ilkd.key.nparser.builder.AbstractBuilder.accept(AbstractBuilder.java:54)
Caused by: com.github.javaparser.resolution.UnsolvedSymbolException: Unsolved symbol in de.uka.ilkd.key.java.JavaParserFactory$DynamicTypeSolver@60686d5f : java.lang.Object
	at com.github.javaparser.resolution.TypeSolver.solveType(TypeSolver.java:71)

164577     ERROR Test worker     d.u.i.k.n.b.AbstractBuilder  com.github.javaparser.resolution.UnsolvedSymbolException: Unsolved symbol in de.uka.ilkd.key.java.JavaParserFactory$DynamicTypeSolver@60686d5f : java.lang.Object
	at com.github.javaparser.resolution.TypeSolver.solveType(TypeSolver.java:71)

164577     ERROR Test worker     d.u.i.k.n.b.TacletPBuilder Error in parsing taclet. de.uka.ilkd.key.util.parsing.BuildingException: Unsolved symbol in de.uka.ilkd.key.java.JavaParserFactory$DynamicTypeSolver@60686d5f : java.lang.Object at file:/D:/a/key/key/key.core/build/resources/main/de/uka/ilkd/key/proof/rules/javaRules.key:1353:15
	at de.uka.ilkd.key.nparser.builder.AbstractBuilder.accept(AbstractBuilder.java:54)
Caused by: com.github.javaparser.resolution.UnsolvedSymbolException: Unsolved symbol in de.uka.ilkd.key.java.JavaParserFactory$DynamicTypeSolver@60686d5f : java.lang.Object
	at com.github.javaparser.resolution.TypeSolver.solveType(TypeSolver.java:71)

164577     ERROR Test worker     d.u.i.k.n.b.AbstractBuilder  com.github.javaparser.resolution.UnsolvedSymbolException: Unsolved symbol in de.uka.ilkd.key.java.JavaParserFactory$DynamicTypeSolver@60686d5f : java.lang.Object
	at com.github.javaparser.resolution.TypeSolver.solveType(TypeSolver.java:71)

164577     ERROR Test worker     d.u.i.k.n.b.TacletPBuilder Error in parsing taclet. de.uka.ilkd.key.util.parsing.BuildingException: Unsolved symbol in de.uka.ilkd.key.java.JavaParserFactory$DynamicTypeSolver@60686d5f : java.lang.Object at file:/D:/a/key/key/key.core/build/resources/main/de/uka/ilkd/key/proof/rules/javaRules.key:1359:15
	at de.uka.ilkd.key.nparser.builder.AbstractBuilder.accept(AbstractBuilder.java:54)
Caused by: com.github.javaparser.resolution.UnsolvedSymbolException: Unsolved symbol in de.uka.ilkd.key.java.JavaParserFactory$DynamicTypeSolver@60686d5f : java.lang.Object
	at com.github.javaparser.resolution.TypeSolver.solveType(TypeSolver.java:71)

164577     ERROR Test worker     d.u.i.k.n.b.AbstractBuilder  com.github.javaparser.resolution.UnsolvedSymbolException: Unsolved symbol in de.uka.ilkd.key.java.JavaParserFactory$DynamicTypeSolver@60686d5f : java.lang.Object
	at com.github.javaparser.resolution.TypeSolver.solveType(TypeSolver.java:71)

164577     ERROR Test worker     d.u.i.k.n.b.TacletPBuilder Error in parsing taclet. de.uka.ilkd.key.util.parsing.BuildingException: Unsolved symbol in de.uka.ilkd.key.java.JavaParserFactory$DynamicTypeSolver@60686d5f : java.lang.Object at file:/D:/a/key/key/key.core/build/resources/main/de/uka/ilkd/key/proof/rules/javaRules.key:1365:15
	at de.uka.ilkd.key.nparser.builder.AbstractBuilder.accept(AbstractBuilder.java:54)
Caused by: com.github.javaparser.resolution.UnsolvedSymbolException: Unsolved symbol in de.uka.ilkd.key.java.JavaParserFactory$DynamicTypeSolver@60686d5f : java.lang.Object
	at com.github.javaparser.resolution.TypeSolver.solveType(TypeSolver.java:71)

164577     ERROR Test worker     d.u.i.k.n.b.AbstractBuilder  com.github.javaparser.resolution.UnsolvedSymbolException: Unsolved symbol in de.uka.ilkd.key.java.JavaParserFactory$DynamicTypeSolver@60686d5f : java.lang.Object
	at com.github.javaparser.resolution.TypeSolver.solveType(TypeSolver.java:71)

164577     ERROR Test worker     d.u.i.k.n.b.TacletPBuilder Error in parsing taclet. de.uka.ilkd.key.util.parsing.BuildingException: Unsolved symbol in de.uka.ilkd.key.java.JavaParserFactory$DynamicTypeSolver@60686d5f : java.lang.Object at file:/D:/a/key/key/key.core/build/resources/main/de/uka/ilkd/key/proof/rules/javaRules.key:1371:15
	at de.uka.ilkd.key.nparser.builder.AbstractBuilder.accept(AbstractBuilder.java:54)
Caused by: com.github.javaparser.resolution.UnsolvedSymbolException: Unsolved symbol in de.uka.ilkd.key.java.JavaParserFactory$DynamicTypeSolver@60686d5f : java.lang.Object
	at com.github.javaparser.resolution.TypeSolver.solveType(TypeSolver.java:71)

164577     ERROR Test worker     d.u.i.k.n.b.AbstractBuilder  com.github.javaparser.resolution.UnsolvedSymbolException: Unsolved symbol in de.uka.ilkd.key.java.JavaParserFactory$DynamicTypeSolver@60686d5f : java.lang.Object
	at com.github.javaparser.resolution.TypeSolver.solveType(TypeSolver.java:71)

164577     ERROR Test worker     d.u.i.k.n.b.TacletPBuilder Error in parsing taclet. de.uka.ilkd.key.util.parsing.BuildingException: Unsolved symbol in de.uka.ilkd.key.java.JavaParserFactory$DynamicTypeSolver@60686d5f : java.lang.Object at file:/D:/a/key/key/key.core/build/resources/main/de/uka/ilkd/key/proof/rules/javaRules.key:1378:15
	at de.uka.ilkd.key.nparser.builder.AbstractBuilder.accept(AbstractBuilder.java:54)
Caused by: com.github.javaparser.resolution.UnsolvedSymbolException: Unsolved symbol in de.uka.ilkd.key.java.JavaParserFactory$DynamicTypeSolver@60686d5f : java.lang.Object
	at com.github.javaparser.resolution.TypeSolver.solveType(TypeSolver.java:71)

164577     ERROR Test worker     d.u.i.k.n.b.AbstractBuilder  com.github.javaparser.resolution.UnsolvedSymbolException: Unsolved symbol in de.uka.ilkd.key.java.JavaParserFactory$DynamicTypeSolver@60686d5f : java.lang.Object
	at com.github.javaparser.resolution.TypeSolver.solveType(TypeSolver.java:71)

164577     ERROR Test worker     d.u.i.k.n.b.TacletPBuilder Error in parsing taclet. de.uka.ilkd.key.util.parsing.BuildingException: Unsolved symbol in de.uka.ilkd.key.java.JavaParserFactory$DynamicTypeSolver@60686d5f : java.lang.Object at file:/D:/a/key/key/key.core/build/resources/main/de/uka/ilkd/key/proof/rules/javaRules.key:1385:15
	at de.uka.ilkd.key.nparser.builder.AbstractBuilder.accept(AbstractBuilder.java:54)
Caused by: com.github.javaparser.resolution.UnsolvedSymbolException: Unsolved symbol in de.uka.ilkd.key.java.JavaParserFactory$DynamicTypeSolver@60686d5f : java.lang.Object
	at com.github.javaparser.resolution.TypeSolver.solveType(TypeSolver.java:71)

164593     ERROR Test worker     d.u.i.k.n.b.AbstractBuilder  com.github.javaparser.resolution.UnsolvedSymbolException: Unsolved symbol in de.uka.ilkd.key.java.JavaParserFactory$DynamicTypeSolver@60686d5f : java.lang.Object
	at com.github.javaparser.resolution.TypeSolver.solveType(TypeSolver.java:71)

164593     ERROR Test worker     d.u.i.k.n.b.TacletPBuilder Error in parsing taclet. de.uka.ilkd.key.util.parsing.BuildingException: Unsolved symbol in de.uka.ilkd.key.java.JavaParserFactory$DynamicTypeSolver@60686d5f : java.lang.Object at file:/D:/a/key/key/key.core/build/resources/main/de/uka/ilkd/key/proof/rules/javaRules.key:1392:15
	at de.uka.ilkd.key.nparser.builder.AbstractBuilder.accept(AbstractBuilder.java:54)
Caused by: com.github.javaparser.resolution.UnsolvedSymbolException: Unsolved symbol in de.uka.ilkd.key.java.JavaParserFactory$DynamicTypeSolver@60686d5f : java.lang.Object
	at com.github.javaparser.resolution.TypeSolver.solveType(TypeSolver.java:71)

164593     ERROR Test worker     d.u.i.k.n.b.AbstractBuilder  com.github.javaparser.resolution.UnsolvedSymbolException: Unsolved symbol in de.uka.ilkd.key.java.JavaParserFactory$DynamicTypeSolver@60686d5f : java.lang.Object
	at com.github.javaparser.resolution.TypeSolver.solveType(TypeSolver.java:71)

164593     ERROR Test worker     d.u.i.k.n.b.TacletPBuilder Error in parsing taclet. de.uka.ilkd.key.util.parsing.BuildingException: Unsolved symbol in de.uka.ilkd.key.java.JavaParserFactory$DynamicTypeSolver@60686d5f : java.lang.Object at file:/D:/a/key/key/key.core/build/resources/main/de/uka/ilkd/key/proof/rules/javaRules.key:1402:15
	at de.uka.ilkd.key.nparser.builder.AbstractBuilder.accept(AbstractBuilder.java:54)
Caused by: com.github.javaparser.resolution.UnsolvedSymbolException: Unsolved symbol in de.uka.ilkd.key.java.JavaParserFactory$DynamicTypeSolver@60686d5f : java.lang.Object
	at com.github.javaparser.resolution.TypeSolver.solveType(TypeSolver.java:71)

164593     ERROR Test worker     d.u.i.k.n.b.AbstractBuilder  com.github.javaparser.resolution.UnsolvedSymbolException: Unsolved symbol in de.uka.ilkd.key.java.JavaParserFactory$DynamicTypeSolver@60686d5f : java.lang.Object
	at com.github.javaparser.resolution.TypeSolver.solveType(TypeSolver.java:71)

164593     ERROR Test worker     d.u.i.k.n.b.TacletPBuilder Error in parsing taclet. de.uka.ilkd.key.util.parsing.BuildingException: Unsolved symbol in de.uka.ilkd.key.java.JavaParserFactory$DynamicTypeSolver@60686d5f : java.lang.Object at file:/D:/a/key/key/key.core/build/resources/main/de/uka/ilkd/key/proof/rules/javaRules.key:1411:15
	at de.uka.ilkd.key.nparser.builder.AbstractBuilder.accept(AbstractBuilder.java:54)
Caused by: com.github.javaparser.resolution.UnsolvedSymbolException: Unsolved symbol in de.uka.ilkd.key.java.JavaParserFactory$DynamicTypeSolver@60686d5f : java.lang.Object
	at com.github.javaparser.resolution.TypeSolver.solveType(TypeSolver.java:71)

164593     ERROR Test worker     d.u.i.k.n.b.AbstractBuilder  com.github.javaparser.resolution.UnsolvedSymbolException: Unsolved symbol in de.uka.ilkd.key.java.JavaParserFactory$DynamicTypeSolver@60686d5f : java.lang.Object
	at com.github.javaparser.resolution.TypeSolver.solveType(TypeSolver.java:71)

164593     ERROR Test worker     d.u.i.k.n.b.TacletPBuilder Error in parsing taclet. de.uka.ilkd.key.util.parsing.BuildingException: Unsolved symbol in de.uka.ilkd.key.java.JavaParserFactory$DynamicTypeSolver@60686d5f : java.lang.Object at file:/D:/a/key/key/key.core/build/resources/main/de/uka/ilkd/key/proof/rules/javaRules.key:1417:15
	at de.uka.ilkd.key.nparser.builder.AbstractBuilder.accept(AbstractBuilder.java:54)
Caused by: com.github.javaparser.resolution.UnsolvedSymbolException: Unsolved symbol in de.uka.ilkd.key.java.JavaParserFactory$DynamicTypeSolver@60686d5f : java.lang.Object
	at com.github.javaparser.resolution.TypeSolver.solveType(TypeSolver.java:71)

164593     ERROR Test worker     d.u.i.k.n.b.AbstractBuilder  com.github.javaparser.resolution.UnsolvedSymbolException: Unsolved symbol in de.uka.ilkd.key.java.JavaParserFactory$DynamicTypeSolver@60686d5f : java.lang.Object
	at com.github.javaparser.resolution.TypeSolver.solveType(TypeSolver.java:71)

164593     ERROR Test worker     d.u.i.k.n.b.TacletPBuilder Error in parsing taclet. de.uka.ilkd.key.util.parsing.BuildingException: Unsolved symbol in de.uka.ilkd.key.java.JavaParserFactory$DynamicTypeSolver@60686d5f : java.lang.Object at file:/D:/a/key/key/key.core/build/resources/main/de/uka/ilkd/key/proof/rules/javaRules.key:1424:15
	at de.uka.ilkd.key.nparser.builder.AbstractBuilder.accept(AbstractBuilder.java:54)
Caused by: com.github.javaparser.resolution.UnsolvedSymbolException: Unsolved symbol in de.uka.ilkd.key.java.JavaParserFactory$DynamicTypeSolver@60686d5f : java.lang.Object
	at com.github.javaparser.resolution.TypeSolver.solveType(TypeSolver.java:71)

164593     ERROR Test worker     d.u.i.k.n.b.AbstractBuilder  com.github.javaparser.resolution.UnsolvedSymbolException: Unsolved symbol in de.uka.ilkd.key.java.JavaParserFactory$DynamicTypeSolver@60686d5f : java.lang.Object
	at com.github.javaparser.resolution.TypeSolver.solveType(TypeSolver.java:71)

164593     ERROR Test worker     d.u.i.k.n.b.TacletPBuilder Error in parsing taclet. de.uka.ilkd.key.util.parsing.BuildingException: Unsolved symbol in de.uka.ilkd.key.java.JavaParserFactory$DynamicTypeSolver@60686d5f : java.lang.Object at file:/D:/a/key/key/key.core/build/resources/main/de/uka/ilkd/key/proof/rules/javaRules.key:1430:15
	at de.uka.ilkd.key.nparser.builder.AbstractBuilder.accept(AbstractBuilder.java:54)
Caused by: com.github.javaparser.resolution.UnsolvedSymbolException: Unsolved symbol in de.uka.ilkd.key.java.JavaParserFactory$DynamicTypeSolver@60686d5f : java.lang.Object
	at com.github.javaparser.resolution.TypeSolver.solveType(TypeSolver.java:71)

164593     ERROR Test worker     d.u.i.k.n.b.AbstractBuilder  com.github.javaparser.resolution.UnsolvedSymbolException: Unsolved symbol in de.uka.ilkd.key.java.JavaParserFactory$DynamicTypeSolver@60686d5f : java.lang.Object
	at com.github.javaparser.resolution.TypeSolver.solveType(TypeSolver.java:71)

164593     ERROR Test worker     d.u.i.k.n.b.TacletPBuilder Error in parsing taclet. de.uka.ilkd.key.util.parsing.BuildingException: Unsolved symbol in de.uka.ilkd.key.java.JavaParserFactory$DynamicTypeSolver@60686d5f : java.lang.Object at file:/D:/a/key/key/key.core/build/resources/main/de/uka/ilkd/key/proof/rules/javaRules.key:1437:15
	at de.uka.ilkd.key.nparser.builder.AbstractBuilder.accept(AbstractBuilder.java:54)
Caused by: com.github.javaparser.resolution.UnsolvedSymbolException: Unsolved symbol in de.uka.ilkd.key.java.JavaParserFactory$DynamicTypeSolver@60686d5f : java.lang.Object
	at com.github.javaparser.resolution.TypeSolver.solveType(TypeSolver.java:71)

164593     ERROR Test worker     d.u.i.k.n.b.AbstractBuilder  com.github.javaparser.resolution.UnsolvedSymbolException: Unsolved symbol in de.uka.ilkd.key.java.JavaParserFactory$DynamicTypeSolver@60686d5f : java.lang.Object
	at com.github.javaparser.resolution.TypeSolver.solveType(TypeSolver.java:71)

164593     ERROR Test worker     d.u.i.k.n.b.TacletPBuilder Error in parsing taclet. de.uka.ilkd.key.util.parsing.BuildingException: Unsolved symbol in de.uka.ilkd.key.java.JavaParserFactory$DynamicTypeSolver@60686d5f : java.lang.Object at file:/D:/a/key/key/key.core/build/resources/main/de/uka/ilkd/key/proof/rules/javaRules.key:1443:15
	at de.uka.ilkd.key.nparser.builder.AbstractBuilder.accept(AbstractBuilder.java:54)
Caused by: com.github.javaparser.resolution.UnsolvedSymbolException: Unsolved symbol in de.uka.ilkd.key.java.JavaParserFactory$DynamicTypeSolver@60686d5f : java.lang.Object
	at com.github.javaparser.resolution.TypeSolver.solveType(TypeSolver.java:71)

164593     ERROR Test worker     d.u.i.k.n.b.AbstractBuilder  com.github.javaparser.resolution.UnsolvedSymbolException: Unsolved symbol in de.uka.ilkd.key.java.JavaParserFactory$DynamicTypeSolver@60686d5f : java.lang.Object
	at com.github.javaparser.resolution.TypeSolver.solveType(TypeSolver.java:71)

164593     ERROR Test worker     d.u.i.k.n.b.TacletPBuilder Error in parsing taclet. de.uka.ilkd.key.util.parsing.BuildingException: Unsolved symbol in de.uka.ilkd.key.java.JavaParserFactory$DynamicTypeSolver@60686d5f : java.lang.Object at file:/D:/a/key/key/key.core/build/resources/main/de/uka/ilkd/key/proof/rules/javaRules.key:1450:15
	at de.uka.ilkd.key.nparser.builder.AbstractBuilder.accept(AbstractBuilder.java:54)
Caused by: com.github.javaparser.resolution.UnsolvedSymbolException: Unsolved symbol in de.uka.ilkd.key.java.JavaParserFactory$DynamicTypeSolver@60686d5f : java.lang.Object
	at com.github.javaparser.resolution.TypeSolver.solveType(TypeSolver.java:71)

164593     ERROR Test worker     d.u.i.k.n.b.AbstractBuilder  com.github.javaparser.resolution.UnsolvedSymbolException: Unsolved symbol in de.uka.ilkd.key.java.JavaParserFactory$DynamicTypeSolver@60686d5f : java.lang.Object
	at com.github.javaparser.resolution.TypeSolver.solveType(TypeSolver.java:71)

164593     ERROR Test worker     d.u.i.k.n.b.TacletPBuilder Error in parsing taclet. de.uka.ilkd.key.util.parsing.BuildingException: Unsolved symbol in de.uka.ilkd.key.java.JavaParserFactory$DynamicTypeSolver@60686d5f : java.lang.Object at file:/D:/a/key/key/key.core/build/resources/main/de/uka/ilkd/key/proof/rules/javaRules.key:1456:15
	at de.uka.ilkd.key.nparser.builder.AbstractBuilder.accept(AbstractBuilder.java:54)
Caused by: com.github.javaparser.resolution.UnsolvedSymbolException: Unsolved symbol in de.uka.ilkd.key.java.JavaParserFactory$DynamicTypeSolver@60686d5f : java.lang.Object
	at com.github.javaparser.resolution.TypeSolver.solveType(TypeSolver.java:71)

164609     ERROR Test worker     d.u.i.k.n.b.AbstractBuilder  com.github.javaparser.resolution.UnsolvedSymbolException: Unsolved symbol in de.uka.ilkd.key.java.JavaParserFactory$DynamicTypeSolver@60686d5f : java.lang.Object
	at com.github.javaparser.resolution.TypeSolver.solveType(TypeSolver.java:71)

164609     ERROR Test worker     d.u.i.k.n.b.TacletPBuilder Error in parsing taclet. de.uka.ilkd.key.util.parsing.BuildingException: Unsolved symbol in de.uka.ilkd.key.java.JavaParserFactory$DynamicTypeSolver@60686d5f : java.lang.Object at file:/D:/a/key/key/key.core/build/resources/main/de/uka/ilkd/key/proof/rules/javaRules.key:1467:20
	at de.uka.ilkd.key.nparser.builder.AbstractBuilder.accept(AbstractBuilder.java:54)
Caused by: com.github.javaparser.resolution.UnsolvedSymbolException: Unsolved symbol in de.uka.ilkd.key.java.JavaParserFactory$DynamicTypeSolver@60686d5f : java.lang.Object
	at com.github.javaparser.resolution.TypeSolver.solveType(TypeSolver.java:71)

164609     ERROR Test worker     d.u.i.k.n.b.AbstractBuilder  com.github.javaparser.resolution.UnsolvedSymbolException: Unsolved symbol in de.uka.ilkd.key.java.JavaParserFactory$DynamicTypeSolver@60686d5f : java.lang.Object
	at com.github.javaparser.resolution.TypeSolver.solveType(TypeSolver.java:71)

164609     ERROR Test worker     d.u.i.k.n.b.TacletPBuilder Error in parsing taclet. de.uka.ilkd.key.util.parsing.BuildingException: Unsolved symbol in de.uka.ilkd.key.java.JavaParserFactory$DynamicTypeSolver@60686d5f : java.lang.Object at file:/D:/a/key/key/key.core/build/resources/main/de/uka/ilkd/key/proof/rules/javaRules.key:1481:20
	at de.uka.ilkd.key.nparser.builder.AbstractBuilder.accept(AbstractBuilder.java:54)
Caused by: com.github.javaparser.resolution.UnsolvedSymbolException: Unsolved symbol in de.uka.ilkd.key.java.JavaParserFactory$DynamicTypeSolver@60686d5f : java.lang.Object
	at com.github.javaparser.resolution.TypeSolver.solveType(TypeSolver.java:71)

164609     ERROR Test worker     d.u.i.k.n.b.AbstractBuilder  com.github.javaparser.resolution.UnsolvedSymbolException: Unsolved symbol in de.uka.ilkd.key.java.JavaParserFactory$DynamicTypeSolver@60686d5f : java.lang.Object
	at com.github.javaparser.resolution.TypeSolver.solveType(TypeSolver.java:71)

164609     ERROR Test worker     d.u.i.k.n.b.TacletPBuilder Error in parsing taclet. de.uka.ilkd.key.util.parsing.BuildingException: Unsolved symbol in de.uka.ilkd.key.java.JavaParserFactory$DynamicTypeSolver@60686d5f : java.lang.Object at file:/D:/a/key/key/key.core/build/resources/main/de/uka/ilkd/key/proof/rules/javaRules.key:1493:20
	at de.uka.ilkd.key.nparser.builder.AbstractBuilder.accept(AbstractBuilder.java:54)
Caused by: com.github.javaparser.resolution.UnsolvedSymbolException: Unsolved symbol in de.uka.ilkd.key.java.JavaParserFactory$DynamicTypeSolver@60686d5f : java.lang.Object
	at com.github.javaparser.resolution.TypeSolver.solveType(TypeSolver.java:71)

164609     ERROR Test worker     d.u.i.k.n.b.AbstractBuilder  com.github.javaparser.resolution.UnsolvedSymbolException: Unsolved symbol in de.uka.ilkd.key.java.JavaParserFactory$DynamicTypeSolver@60686d5f : java.lang.Object
	at com.github.javaparser.resolution.TypeSolver.solveType(TypeSolver.java:71)

164609     ERROR Test worker     d.u.i.k.n.b.TacletPBuilder Error in parsing taclet. de.uka.ilkd.key.util.parsing.BuildingException: Unsolved symbol in de.uka.ilkd.key.java.JavaParserFactory$DynamicTypeSolver@60686d5f : java.lang.Object at file:/D:/a/key/key/key.core/build/resources/main/de/uka/ilkd/key/proof/rules/javaRules.key:1505:15
	at de.uka.ilkd.key.nparser.builder.AbstractBuilder.accept(AbstractBuilder.java:54)
Caused by: com.github.javaparser.resolution.UnsolvedSymbolException: Unsolved symbol in de.uka.ilkd.key.java.JavaParserFactory$DynamicTypeSolver@60686d5f : java.lang.Object
	at com.github.javaparser.resolution.TypeSolver.solveType(TypeSolver.java:71)

164609     ERROR Test worker     d.u.i.k.n.b.AbstractBuilder  com.github.javaparser.resolution.UnsolvedSymbolException: Unsolved symbol in de.uka.ilkd.key.java.JavaParserFactory$DynamicTypeSolver@60686d5f : java.lang.Object
	at com.github.javaparser.resolution.TypeSolver.solveType(TypeSolver.java:71)

164609     ERROR Test worker     d.u.i.k.n.b.TacletPBuilder Error in parsing taclet. de.uka.ilkd.key.util.parsing.BuildingException: Unsolved symbol in de.uka.ilkd.key.java.JavaParserFactory$DynamicTypeSolver@60686d5f : java.lang.Object at file:/D:/a/key/key/key.core/build/resources/main/de/uka/ilkd/key/proof/rules/javaRules.key:1516:15
	at de.uka.ilkd.key.nparser.builder.AbstractBuilder.accept(AbstractBuilder.java:54)
Caused by: com.github.javaparser.resolution.UnsolvedSymbolException: Unsolved symbol in de.uka.ilkd.key.java.JavaParserFactory$DynamicTypeSolver@60686d5f : java.lang.Object
	at com.github.javaparser.resolution.TypeSolver.solveType(TypeSolver.java:71)

164609     ERROR Test worker     d.u.i.k.n.b.AbstractBuilder  com.github.javaparser.resolution.UnsolvedSymbolException: Unsolved symbol in de.uka.ilkd.key.java.JavaParserFactory$DynamicTypeSolver@60686d5f : java.lang.Object
	at com.github.javaparser.resolution.TypeSolver.solveType(TypeSolver.java:71)

164609     ERROR Test worker     d.u.i.k.n.b.TacletPBuilder Error in parsing taclet. de.uka.ilkd.key.util.parsing.BuildingException: Unsolved symbol in de.uka.ilkd.key.java.JavaParserFactory$DynamicTypeSolver@60686d5f : java.lang.Object at file:/D:/a/key/key/key.core/build/resources/main/de/uka/ilkd/key/proof/rules/javaRules.key:1539:15
	at de.uka.ilkd.key.nparser.builder.AbstractBuilder.accept(AbstractBuilder.java:54)
Caused by: com.github.javaparser.resolution.UnsolvedSymbolException: Unsolved symbol in de.uka.ilkd.key.java.JavaParserFactory$DynamicTypeSolver@60686d5f : java.lang.Object
	at com.github.javaparser.resolution.TypeSolver.solveType(TypeSolver.java:71)

164609     ERROR Test worker     d.u.i.k.n.b.AbstractBuilder  com.github.javaparser.resolution.UnsolvedSymbolException: Unsolved symbol in de.uka.ilkd.key.java.JavaParserFactory$DynamicTypeSolver@60686d5f : java.lang.Object
	at com.github.javaparser.resolution.TypeSolver.solveType(TypeSolver.java:71)

164609     ERROR Test worker     d.u.i.k.n.b.TacletPBuilder Error in parsing taclet. de.uka.ilkd.key.util.parsing.BuildingException: Unsolved symbol in de.uka.ilkd.key.java.JavaParserFactory$DynamicTypeSolver@60686d5f : java.lang.Object at file:/D:/a/key/key/key.core/build/resources/main/de/uka/ilkd/key/proof/rules/javaRules.key:1546:15
	at de.uka.ilkd.key.nparser.builder.AbstractBuilder.accept(AbstractBuilder.java:54)
Caused by: com.github.javaparser.resolution.UnsolvedSymbolException: Unsolved symbol in de.uka.ilkd.key.java.JavaParserFactory$DynamicTypeSolver@60686d5f : java.lang.Object
	at com.github.javaparser.resolution.TypeSolver.solveType(TypeSolver.java:71)

164609     ERROR Test worker     d.u.i.k.n.b.AbstractBuilder  com.github.javaparser.resolution.UnsolvedSymbolException: Unsolved symbol in de.uka.ilkd.key.java.JavaParserFactory$DynamicTypeSolver@60686d5f : java.lang.Object
	at com.github.javaparser.resolution.TypeSolver.solveType(TypeSolver.java:71)

164609     ERROR Test worker     d.u.i.k.n.b.TacletPBuilder Error in parsing taclet. de.uka.ilkd.key.util.parsing.BuildingException: Unsolved symbol in de.uka.ilkd.key.java.JavaParserFactory$DynamicTypeSolver@60686d5f : java.lang.Object at file:/D:/a/key/key/key.core/build/resources/main/de/uka/ilkd/key/proof/rules/javaRules.key:1554:15
	at de.uka.ilkd.key.nparser.builder.AbstractBuilder.accept(AbstractBuilder.java:54)
Caused by: com.github.javaparser.resolution.UnsolvedSymbolException: Unsolved symbol in de.uka.ilkd.key.java.JavaParserFactory$DynamicTypeSolver@60686d5f : java.lang.Object
	at com.github.javaparser.resolution.TypeSolver.solveType(TypeSolver.java:71)

164609     ERROR Test worker     d.u.i.k.n.b.AbstractBuilder  com.github.javaparser.resolution.UnsolvedSymbolException: Unsolved symbol in de.uka.ilkd.key.java.JavaParserFactory$DynamicTypeSolver@60686d5f : java.lang.Object
	at com.github.javaparser.resolution.TypeSolver.solveType(TypeSolver.java:71)

164609     ERROR Test worker     d.u.i.k.n.b.TacletPBuilder Error in parsing taclet. de.uka.ilkd.key.util.parsing.BuildingException: Unsolved symbol in de.uka.ilkd.key.java.JavaParserFactory$DynamicTypeSolver@60686d5f : java.lang.Object at file:/D:/a/key/key/key.core/build/resources/main/de/uka/ilkd/key/proof/rules/javaRules.key:1566:15
	at de.uka.ilkd.key.nparser.builder.AbstractBuilder.accept(AbstractBuilder.java:54)
Caused by: com.github.javaparser.resolution.UnsolvedSymbolException: Unsolved symbol in de.uka.ilkd.key.java.JavaParserFactory$DynamicTypeSolver@60686d5f : java.lang.Object
	at com.github.javaparser.resolution.TypeSolver.solveType(TypeSolver.java:71)

164609     ERROR Test worker     d.u.i.k.n.b.AbstractBuilder  com.github.javaparser.resolution.UnsolvedSymbolException: Unsolved symbol in de.uka.ilkd.key.java.JavaParserFactory$DynamicTypeSolver@60686d5f : java.lang.Object
	at com.github.javaparser.resolution.TypeSolver.solveType(TypeSolver.java:71)

164609     ERROR Test worker     d.u.i.k.n.b.TacletPBuilder Error in parsing taclet. de.uka.ilkd.key.util.parsing.BuildingException: Unsolved symbol in de.uka.ilkd.key.java.JavaParserFactory$DynamicTypeSolver@60686d5f : java.lang.Object at file:/D:/a/key/key/key.core/build/resources/main/de/uka/ilkd/key/proof/rules/javaRules.key:1575:15
	at de.uka.ilkd.key.nparser.builder.AbstractBuilder.accept(AbstractBuilder.java:54)
Caused by: com.github.javaparser.resolution.UnsolvedSymbolException: Unsolved symbol in de.uka.ilkd.key.java.JavaParserFactory$DynamicTypeSolver@60686d5f : java.lang.Object
	at com.github.javaparser.resolution.TypeSolver.solveType(TypeSolver.java:71)

164624     ERROR Test worker     d.u.i.k.n.b.AbstractBuilder  com.github.javaparser.resolution.UnsolvedSymbolException: Unsolved symbol in de.uka.ilkd.key.java.JavaParserFactory$DynamicTypeSolver@60686d5f : java.lang.Object
	at com.github.javaparser.resolution.TypeSolver.solveType(TypeSolver.java:71)

164624     ERROR Test worker     d.u.i.k.n.b.TacletPBuilder Error in parsing taclet. de.uka.ilkd.key.util.parsing.BuildingException: Unsolved symbol in de.uka.ilkd.key.java.JavaParserFactory$DynamicTypeSolver@60686d5f : java.lang.Object at file:/D:/a/key/key/key.core/build/resources/main/de/uka/ilkd/key/proof/rules/javaRules.key:1583:15
	at de.uka.ilkd.key.nparser.builder.AbstractBuilder.accept(AbstractBuilder.java:54)
Caused by: com.github.javaparser.resolution.UnsolvedSymbolException: Unsolved symbol in de.uka.ilkd.key.java.JavaParserFactory$DynamicTypeSolver@60686d5f : java.lang.Object
	at com.github.javaparser.resolution.TypeSolver.solveType(TypeSolver.java:71)

164624     ERROR Test worker     d.u.i.k.n.b.AbstractBuilder  com.github.javaparser.resolution.UnsolvedSymbolException: Unsolved symbol in de.uka.ilkd.key.java.JavaParserFactory$DynamicTypeSolver@60686d5f : java.lang.Object
	at com.github.javaparser.resolution.TypeSolver.solveType(TypeSolver.java:71)

164624     ERROR Test worker     d.u.i.k.n.b.TacletPBuilder Error in parsing taclet. de.uka.ilkd.key.util.parsing.BuildingException: Unsolved symbol in de.uka.ilkd.key.java.JavaParserFactory$DynamicTypeSolver@60686d5f : java.lang.Object at file:/D:/a/key/key/key.core/build/resources/main/de/uka/ilkd/key/proof/rules/javaRules.key:1591:15
	at de.uka.ilkd.key.nparser.builder.AbstractBuilder.accept(AbstractBuilder.java:54)
Caused by: com.github.javaparser.resolution.UnsolvedSymbolException: Unsolved symbol in de.uka.ilkd.key.java.JavaParserFactory$DynamicTypeSolver@60686d5f : java.lang.Object
	at com.github.javaparser.resolution.TypeSolver.solveType(TypeSolver.java:71)

164624     ERROR Test worker     d.u.i.k.n.b.AbstractBuilder  com.github.javaparser.resolution.UnsolvedSymbolException: Unsolved symbol in de.uka.ilkd.key.java.JavaParserFactory$DynamicTypeSolver@60686d5f : java.lang.Object
	at com.github.javaparser.resolution.TypeSolver.solveType(TypeSolver.java:71)

164624     ERROR Test worker     d.u.i.k.n.b.TacletPBuilder Error in parsing taclet. de.uka.ilkd.key.util.parsing.BuildingException: Unsolved symbol in de.uka.ilkd.key.java.JavaParserFactory$DynamicTypeSolver@60686d5f : java.lang.Object at file:/D:/a/key/key/key.core/build/resources/main/de/uka/ilkd/key/proof/rules/javaRules.key:1599:15
	at de.uka.ilkd.key.nparser.builder.AbstractBuilder.accept(AbstractBuilder.java:54)
Caused by: com.github.javaparser.resolution.UnsolvedSymbolException: Unsolved symbol in de.uka.ilkd.key.java.JavaParserFactory$DynamicTypeSolver@60686d5f : java.lang.Object
	at com.github.javaparser.resolution.TypeSolver.solveType(TypeSolver.java:71)

164624     ERROR Test worker     d.u.i.k.n.b.AbstractBuilder  com.github.javaparser.resolution.UnsolvedSymbolException: Unsolved symbol in de.uka.ilkd.key.java.JavaParserFactory$DynamicTypeSolver@60686d5f : java.lang.Object
	at com.github.javaparser.resolution.TypeSolver.solveType(TypeSolver.java:71)

164624     ERROR Test worker     d.u.i.k.n.b.TacletPBuilder Error in parsing taclet. de.uka.ilkd.key.util.parsing.BuildingException: Unsolved symbol in de.uka.ilkd.key.java.JavaParserFactory$DynamicTypeSolver@60686d5f : java.lang.Object at file:/D:/a/key/key/key.core/build/resources/main/de/uka/ilkd/key/proof/rules/javaRules.key:1607:15
	at de.uka.ilkd.key.nparser.builder.AbstractBuilder.accept(AbstractBuilder.java:54)
Caused by: com.github.javaparser.resolution.UnsolvedSymbolException: Unsolved symbol in de.uka.ilkd.key.java.JavaParserFactory$DynamicTypeSolver@60686d5f : java.lang.Object
	at com.github.javaparser.resolution.TypeSolver.solveType(TypeSolver.java:71)

164624     ERROR Test worker     d.u.i.k.n.b.AbstractBuilder  com.github.javaparser.resolution.UnsolvedSymbolException: Unsolved symbol in de.uka.ilkd.key.java.JavaParserFactory$DynamicTypeSolver@60686d5f : java.lang.Object
	at com.github.javaparser.resolution.TypeSolver.solveType(TypeSolver.java:71)

164624     ERROR Test worker     d.u.i.k.n.b.TacletPBuilder Error in parsing taclet. de.uka.ilkd.key.util.parsing.BuildingException: Unsolved symbol in de.uka.ilkd.key.java.JavaParserFactory$DynamicTypeSolver@60686d5f : java.lang.Object at file:/D:/a/key/key/key.core/build/resources/main/de/uka/ilkd/key/proof/rules/javaRules.key:1615:15
	at de.uka.ilkd.key.nparser.builder.AbstractBuilder.accept(AbstractBuilder.java:54)
Caused by: com.github.javaparser.resolution.UnsolvedSymbolException: Unsolved symbol in de.uka.ilkd.key.java.JavaParserFactory$DynamicTypeSolver@60686d5f : java.lang.Object
	at com.github.javaparser.resolution.TypeSolver.solveType(TypeSolver.java:71)

164624     ERROR Test worker     d.u.i.k.n.b.AbstractBuilder  com.github.javaparser.resolution.UnsolvedSymbolException: Unsolved symbol in de.uka.ilkd.key.java.JavaParserFactory$DynamicTypeSolver@60686d5f : java.lang.Object
	at com.github.javaparser.resolution.TypeSolver.solveType(TypeSolver.java:71)

164624     ERROR Test worker     d.u.i.k.n.b.TacletPBuilder Error in parsing taclet. de.uka.ilkd.key.util.parsing.BuildingException: Unsolved symbol in de.uka.ilkd.key.java.JavaParserFactory$DynamicTypeSolver@60686d5f : java.lang.Object at file:/D:/a/key/key/key.core/build/resources/main/de/uka/ilkd/key/proof/rules/javaRules.key:1623:15
	at de.uka.ilkd.key.nparser.builder.AbstractBuilder.accept(AbstractBuilder.java:54)
Caused by: com.github.javaparser.resolution.UnsolvedSymbolException: Unsolved symbol in de.uka.ilkd.key.java.JavaParserFactory$DynamicTypeSolver@60686d5f : java.lang.Object
	at com.github.javaparser.resolution.TypeSolver.solveType(TypeSolver.java:71)

164624     ERROR Test worker     d.u.i.k.n.b.AbstractBuilder  com.github.javaparser.resolution.UnsolvedSymbolException: Unsolved symbol in de.uka.ilkd.key.java.JavaParserFactory$DynamicTypeSolver@60686d5f : java.lang.Object
	at com.github.javaparser.resolution.TypeSolver.solveType(TypeSolver.java:71)

164624     ERROR Test worker     d.u.i.k.n.b.TacletPBuilder Error in parsing taclet. de.uka.ilkd.key.util.parsing.BuildingException: Unsolved symbol in de.uka.ilkd.key.java.JavaParserFactory$DynamicTypeSolver@60686d5f : java.lang.Object at file:/D:/a/key/key/key.core/build/resources/main/de/uka/ilkd/key/proof/rules/javaRules.key:1631:15
	at de.uka.ilkd.key.nparser.builder.AbstractBuilder.accept(AbstractBuilder.java:54)
Caused by: com.github.javaparser.resolution.UnsolvedSymbolException: Unsolved symbol in de.uka.ilkd.key.java.JavaParserFactory$DynamicTypeSolver@60686d5f : java.lang.Object
	at com.github.javaparser.resolution.TypeSolver.solveType(TypeSolver.java:71)

164624     ERROR Test worker     d.u.i.k.n.b.AbstractBuilder  com.github.javaparser.resolution.UnsolvedSymbolException: Unsolved symbol in de.uka.ilkd.key.java.JavaParserFactory$DynamicTypeSolver@60686d5f : java.lang.Object
	at com.github.javaparser.resolution.TypeSolver.solveType(TypeSolver.java:71)

164624     ERROR Test worker     d.u.i.k.n.b.TacletPBuilder Error in parsing taclet. de.uka.ilkd.key.util.parsing.BuildingException: Unsolved symbol in de.uka.ilkd.key.java.JavaParserFactory$DynamicTypeSolver@60686d5f : java.lang.Object at file:/D:/a/key/key/key.core/build/resources/main/de/uka/ilkd/key/proof/rules/javaRules.key:1639:15
	at de.uka.ilkd.key.nparser.builder.AbstractBuilder.accept(AbstractBuilder.java:54)
Caused by: com.github.javaparser.resolution.UnsolvedSymbolException: Unsolved symbol in de.uka.ilkd.key.java.JavaParserFactory$DynamicTypeSolver@60686d5f : java.lang.Object
	at com.github.javaparser.resolution.TypeSolver.solveType(TypeSolver.java:71)

164624     ERROR Test worker     d.u.i.k.n.b.AbstractBuilder  com.github.javaparser.resolution.UnsolvedSymbolException: Unsolved symbol in de.uka.ilkd.key.java.JavaParserFactory$DynamicTypeSolver@60686d5f : java.lang.Object
	at com.github.javaparser.resolution.TypeSolver.solveType(TypeSolver.java:71)

164624     ERROR Test worker     d.u.i.k.n.b.TacletPBuilder Error in parsing taclet. de.uka.ilkd.key.util.parsing.BuildingException: Unsolved symbol in de.uka.ilkd.key.java.JavaParserFactory$DynamicTypeSolver@60686d5f : java.lang.Object at file:/D:/a/key/key/key.core/build/resources/main/de/uka/ilkd/key/proof/rules/javaRules.key:1647:15
	at de.uka.ilkd.key.nparser.builder.AbstractBuilder.accept(AbstractBuilder.java:54)
Caused by: com.github.javaparser.resolution.UnsolvedSymbolException: Unsolved symbol in de.uka.ilkd.key.java.JavaParserFactory$DynamicTypeSolver@60686d5f : java.lang.Object
	at com.github.javaparser.resolution.TypeSolver.solveType(TypeSolver.java:71)

164640     ERROR Test worker     d.u.i.k.n.b.AbstractBuilder  com.github.javaparser.resolution.UnsolvedSymbolException: Unsolved symbol in de.uka.ilkd.key.java.JavaParserFactory$DynamicTypeSolver@60686d5f : java.lang.Object
	at com.github.javaparser.resolution.TypeSolver.solveType(TypeSolver.java:71)

164640     ERROR Test worker     d.u.i.k.n.b.TacletPBuilder Error in parsing taclet. de.uka.ilkd.key.util.parsing.BuildingException: Unsolved symbol in de.uka.ilkd.key.java.JavaParserFactory$DynamicTypeSolver@60686d5f : java.lang.Object at file:/D:/a/key/key/key.core/build/resources/main/de/uka/ilkd/key/proof/rules/javaRules.key:1655:15
	at de.uka.ilkd.key.nparser.builder.AbstractBuilder.accept(AbstractBuilder.java:54)
Caused by: com.github.javaparser.resolution.UnsolvedSymbolException: Unsolved symbol in de.uka.ilkd.key.java.JavaParserFactory$DynamicTypeSolver@60686d5f : java.lang.Object
	at com.github.javaparser.resolution.TypeSolver.solveType(TypeSolver.java:71)

164640     ERROR Test worker     d.u.i.k.n.b.AbstractBuilder  com.github.javaparser.resolution.UnsolvedSymbolException: Unsolved symbol in de.uka.ilkd.key.java.JavaParserFactory$DynamicTypeSolver@60686d5f : java.lang.Object
	at com.github.javaparser.resolution.TypeSolver.solveType(TypeSolver.java:71)

164640     ERROR Test worker     d.u.i.k.n.b.TacletPBuilder Error in parsing taclet. de.uka.ilkd.key.util.parsing.BuildingException: Unsolved symbol in de.uka.ilkd.key.java.JavaParserFactory$DynamicTypeSolver@60686d5f : java.lang.Object at file:/D:/a/key/key/key.core/build/resources/main/de/uka/ilkd/key/proof/rules/javaRules.key:1667:15
	at de.uka.ilkd.key.nparser.builder.AbstractBuilder.accept(AbstractBuilder.java:54)
Caused by: com.github.javaparser.resolution.UnsolvedSymbolException: Unsolved symbol in de.uka.ilkd.key.java.JavaParserFactory$DynamicTypeSolver@60686d5f : java.lang.Object
	at com.github.javaparser.resolution.TypeSolver.solveType(TypeSolver.java:71)

164640     ERROR Test worker     d.u.i.k.n.b.AbstractBuilder  com.github.javaparser.resolution.UnsolvedSymbolException: Unsolved symbol in de.uka.ilkd.key.java.JavaParserFactory$DynamicTypeSolver@60686d5f : java.lang.Object
	at com.github.javaparser.resolution.TypeSolver.solveType(TypeSolver.java:71)

164640     ERROR Test worker     d.u.i.k.n.b.TacletPBuilder Error in parsing taclet. de.uka.ilkd.key.util.parsing.BuildingException: Unsolved symbol in de.uka.ilkd.key.java.JavaParserFactory$DynamicTypeSolver@60686d5f : java.lang.Object at file:/D:/a/key/key/key.core/build/resources/main/de/uka/ilkd/key/proof/rules/javaRules.key:1675:15
	at de.uka.ilkd.key.nparser.builder.AbstractBuilder.accept(AbstractBuilder.java:54)
Caused by: com.github.javaparser.resolution.UnsolvedSymbolException: Unsolved symbol in de.uka.ilkd.key.java.JavaParserFactory$DynamicTypeSolver@60686d5f : java.lang.Object
	at com.github.javaparser.resolution.TypeSolver.solveType(TypeSolver.java:71)

164640     ERROR Test worker     d.u.i.k.n.b.AbstractBuilder  com.github.javaparser.resolution.UnsolvedSymbolException: Unsolved symbol in de.uka.ilkd.key.java.JavaParserFactory$DynamicTypeSolver@60686d5f : java.lang.Object
	at com.github.javaparser.resolution.TypeSolver.solveType(TypeSolver.java:71)

164640     ERROR Test worker     d.u.i.k.n.b.TacletPBuilder Error in parsing taclet. de.uka.ilkd.key.util.parsing.BuildingException: Unsolved symbol in de.uka.ilkd.key.java.JavaParserFactory$DynamicTypeSolver@60686d5f : java.lang.Object at file:/D:/a/key/key/key.core/build/resources/main/de/uka/ilkd/key/proof/rules/javaRules.key:1683:15
	at de.uka.ilkd.key.nparser.builder.AbstractBuilder.accept(AbstractBuilder.java:54)
Caused by: com.github.javaparser.resolution.UnsolvedSymbolException: Unsolved symbol in de.uka.ilkd.key.java.JavaParserFactory$DynamicTypeSolver@60686d5f : java.lang.Object
	at com.github.javaparser.resolution.TypeSolver.solveType(TypeSolver.java:71)

164640     ERROR Test worker     d.u.i.k.n.b.AbstractBuilder  com.github.javaparser.resolution.UnsolvedSymbolException: Unsolved symbol in de.uka.ilkd.key.java.JavaParserFactory$DynamicTypeSolver@60686d5f : java.lang.Object
	at com.github.javaparser.resolution.TypeSolver.solveType(TypeSolver.java:71)

164640     ERROR Test worker     d.u.i.k.n.b.TacletPBuilder Error in parsing taclet. de.uka.ilkd.key.util.parsing.BuildingException: Unsolved symbol in de.uka.ilkd.key.java.JavaParserFactory$DynamicTypeSolver@60686d5f : java.lang.Object at file:/D:/a/key/key/key.core/build/resources/main/de/uka/ilkd/key/proof/rules/javaRules.key:1691:15
	at de.uka.ilkd.key.nparser.builder.AbstractBuilder.accept(AbstractBuilder.java:54)
Caused by: com.github.javaparser.resolution.UnsolvedSymbolException: Unsolved symbol in de.uka.ilkd.key.java.JavaParserFactory$DynamicTypeSolver@60686d5f : java.lang.Object
	at com.github.javaparser.resolution.TypeSolver.solveType(TypeSolver.java:71)

164640     ERROR Test worker     d.u.i.k.n.b.AbstractBuilder  com.github.javaparser.resolution.UnsolvedSymbolException: Unsolved symbol in de.uka.ilkd.key.java.JavaParserFactory$DynamicTypeSolver@60686d5f : java.lang.Object
	at com.github.javaparser.resolution.TypeSolver.solveType(TypeSolver.java:71)

164640     ERROR Test worker     d.u.i.k.n.b.TacletPBuilder Error in parsing taclet. de.uka.ilkd.key.util.parsing.BuildingException: Unsolved symbol in de.uka.ilkd.key.java.JavaParserFactory$DynamicTypeSolver@60686d5f : java.lang.Object at file:/D:/a/key/key/key.core/build/resources/main/de/uka/ilkd/key/proof/rules/javaRules.key:1703:15
	at de.uka.ilkd.key.nparser.builder.AbstractBuilder.accept(AbstractBuilder.java:54)
Caused by: com.github.javaparser.resolution.UnsolvedSymbolException: Unsolved symbol in de.uka.ilkd.key.java.JavaParserFactory$DynamicTypeSolver@60686d5f : java.lang.Object
	at com.github.javaparser.resolution.TypeSolver.solveType(TypeSolver.java:71)

164640     ERROR Test worker     d.u.i.k.n.b.AbstractBuilder  com.github.javaparser.resolution.UnsolvedSymbolException: Unsolved symbol in de.uka.ilkd.key.java.JavaParserFactory$DynamicTypeSolver@60686d5f : java.lang.Object
	at com.github.javaparser.resolution.TypeSolver.solveType(TypeSolver.java:71)

164640     ERROR Test worker     d.u.i.k.n.b.TacletPBuilder Error in parsing taclet. de.uka.ilkd.key.util.parsing.BuildingException: Unsolved symbol in de.uka.ilkd.key.java.JavaParserFactory$DynamicTypeSolver@60686d5f : java.lang.Object at file:/D:/a/key/key/key.core/build/resources/main/de/uka/ilkd/key/proof/rules/javaRules.key:1710:15
	at de.uka.ilkd.key.nparser.builder.AbstractBuilder.accept(AbstractBuilder.java:54)
Caused by: com.github.javaparser.resolution.UnsolvedSymbolException: Unsolved symbol in de.uka.ilkd.key.java.JavaParserFactory$DynamicTypeSolver@60686d5f : java.lang.Object
	at com.github.javaparser.resolution.TypeSolver.solveType(TypeSolver.java:71)

164640     ERROR Test worker     d.u.i.k.n.b.AbstractBuilder  com.github.javaparser.resolution.UnsolvedSymbolException: Unsolved symbol in de.uka.ilkd.key.java.JavaParserFactory$DynamicTypeSolver@60686d5f : java.lang.Object
	at com.github.javaparser.resolution.TypeSolver.solveType(TypeSolver.java:71)

164640     ERROR Test worker     d.u.i.k.n.b.TacletPBuilder Error in parsing taclet. de.uka.ilkd.key.util.parsing.BuildingException: Unsolved symbol in de.uka.ilkd.key.java.JavaParserFactory$DynamicTypeSolver@60686d5f : java.lang.Object at file:/D:/a/key/key/key.core/build/resources/main/de/uka/ilkd/key/proof/rules/javaRules.key:1718:15
	at de.uka.ilkd.key.nparser.builder.AbstractBuilder.accept(AbstractBuilder.java:54)
Caused by: com.github.javaparser.resolution.UnsolvedSymbolException: Unsolved symbol in de.uka.ilkd.key.java.JavaParserFactory$DynamicTypeSolver@60686d5f : java.lang.Object
	at com.github.javaparser.resolution.TypeSolver.solveType(TypeSolver.java:71)

164640     ERROR Test worker     d.u.i.k.n.b.AbstractBuilder  com.github.javaparser.resolution.UnsolvedSymbolException: Unsolved symbol in de.uka.ilkd.key.java.JavaParserFactory$DynamicTypeSolver@60686d5f : java.lang.Object
	at com.github.javaparser.resolution.TypeSolver.solveType(TypeSolver.java:71)

164640     ERROR Test worker     d.u.i.k.n.b.TacletPBuilder Error in parsing taclet. de.uka.ilkd.key.util.parsing.BuildingException: Unsolved symbol in de.uka.ilkd.key.java.JavaParserFactory$DynamicTypeSolver@60686d5f : java.lang.Object at file:/D:/a/key/key/key.core/build/resources/main/de/uka/ilkd/key/proof/rules/javaRules.key:1724:15
	at de.uka.ilkd.key.nparser.builder.AbstractBuilder.accept(AbstractBuilder.java:54)
Caused by: com.github.javaparser.resolution.UnsolvedSymbolException: Unsolved symbol in de.uka.ilkd.key.java.JavaParserFactory$DynamicTypeSolver@60686d5f : java.lang.Object
	at com.github.javaparser.resolution.TypeSolver.solveType(TypeSolver.java:71)

164640     ERROR Test worker     d.u.i.k.n.b.AbstractBuilder  com.github.javaparser.resolution.UnsolvedSymbolException: Unsolved symbol in de.uka.ilkd.key.java.JavaParserFactory$DynamicTypeSolver@60686d5f : java.lang.Object
	at com.github.javaparser.resolution.TypeSolver.solveType(TypeSolver.java:71)

164640     ERROR Test worker     d.u.i.k.n.b.TacletPBuilder Error in parsing taclet. de.uka.ilkd.key.util.parsing.BuildingException: Unsolved symbol in de.uka.ilkd.key.java.JavaParserFactory$DynamicTypeSolver@60686d5f : java.lang.Object at file:/D:/a/key/key/key.core/build/resources/main/de/uka/ilkd/key/proof/rules/javaRules.key:1731:15
	at de.uka.ilkd.key.nparser.builder.AbstractBuilder.accept(AbstractBuilder.java:54)
Caused by: com.github.javaparser.resolution.UnsolvedSymbolException: Unsolved symbol in de.uka.ilkd.key.java.JavaParserFactory$DynamicTypeSolver@60686d5f : java.lang.Object
	at com.github.javaparser.resolution.TypeSolver.solveType(TypeSolver.java:71)

164656     ERROR Test worker     d.u.i.k.n.b.AbstractBuilder  com.github.javaparser.resolution.UnsolvedSymbolException: Unsolved symbol in de.uka.ilkd.key.java.JavaParserFactory$DynamicTypeSolver@60686d5f : java.lang.Object
	at com.github.javaparser.resolution.TypeSolver.solveType(TypeSolver.java:71)

164656     ERROR Test worker     d.u.i.k.n.b.TacletPBuilder Error in parsing taclet. de.uka.ilkd.key.util.parsing.BuildingException: Unsolved symbol in de.uka.ilkd.key.java.JavaParserFactory$DynamicTypeSolver@60686d5f : java.lang.Object at file:/D:/a/key/key/key.core/build/resources/main/de/uka/ilkd/key/proof/rules/javaRules.key:1738:15
	at de.uka.ilkd.key.nparser.builder.AbstractBuilder.accept(AbstractBuilder.java:54)
Caused by: com.github.javaparser.resolution.UnsolvedSymbolException: Unsolved symbol in de.uka.ilkd.key.java.JavaParserFactory$DynamicTypeSolver@60686d5f : java.lang.Object
	at com.github.javaparser.resolution.TypeSolver.solveType(TypeSolver.java:71)

164656     ERROR Test worker     d.u.i.k.n.b.AbstractBuilder  com.github.javaparser.resolution.UnsolvedSymbolException: Unsolved symbol in de.uka.ilkd.key.java.JavaParserFactory$DynamicTypeSolver@60686d5f : java.lang.Object
	at com.github.javaparser.resolution.TypeSolver.solveType(TypeSolver.java:71)

164656     ERROR Test worker     d.u.i.k.n.b.TacletPBuilder Error in parsing taclet. de.uka.ilkd.key.util.parsing.BuildingException: Unsolved symbol in de.uka.ilkd.key.java.JavaParserFactory$DynamicTypeSolver@60686d5f : java.lang.Object at file:/D:/a/key/key/key.core/build/resources/main/de/uka/ilkd/key/proof/rules/javaRules.key:1744:15
	at de.uka.ilkd.key.nparser.builder.AbstractBuilder.accept(AbstractBuilder.java:54)
Caused by: com.github.javaparser.resolution.UnsolvedSymbolException: Unsolved symbol in de.uka.ilkd.key.java.JavaParserFactory$DynamicTypeSolver@60686d5f : java.lang.Object
	at com.github.javaparser.resolution.TypeSolver.solveType(TypeSolver.java:71)

164656     ERROR Test worker     d.u.i.k.n.b.AbstractBuilder  com.github.javaparser.resolution.UnsolvedSymbolException: Unsolved symbol in de.uka.ilkd.key.java.JavaParserFactory$DynamicTypeSolver@60686d5f : java.lang.Object
	at com.github.javaparser.resolution.TypeSolver.solveType(TypeSolver.java:71)

164656     ERROR Test worker     d.u.i.k.n.b.TacletPBuilder Error in parsing taclet. de.uka.ilkd.key.util.parsing.BuildingException: Unsolved symbol in de.uka.ilkd.key.java.JavaParserFactory$DynamicTypeSolver@60686d5f : java.lang.Object at file:/D:/a/key/key/key.core/build/resources/main/de/uka/ilkd/key/proof/rules/javaRules.key:1751:15
	at de.uka.ilkd.key.nparser.builder.AbstractBuilder.accept(AbstractBuilder.java:54)
Caused by: com.github.javaparser.resolution.UnsolvedSymbolException: Unsolved symbol in de.uka.ilkd.key.java.JavaParserFactory$DynamicTypeSolver@60686d5f : java.lang.Object
	at com.github.javaparser.resolution.TypeSolver.solveType(TypeSolver.java:71)

164656     ERROR Test worker     d.u.i.k.n.b.AbstractBuilder  com.github.javaparser.resolution.UnsolvedSymbolException: Unsolved symbol in de.uka.ilkd.key.java.JavaParserFactory$DynamicTypeSolver@60686d5f : java.lang.Object
	at com.github.javaparser.resolution.TypeSolver.solveType(TypeSolver.java:71)

164656     ERROR Test worker     d.u.i.k.n.b.TacletPBuilder Error in parsing taclet. de.uka.ilkd.key.util.parsing.BuildingException: Unsolved symbol in de.uka.ilkd.key.java.JavaParserFactory$DynamicTypeSolver@60686d5f : java.lang.Object at file:/D:/a/key/key/key.core/build/resources/main/de/uka/ilkd/key/proof/rules/javaRules.key:1759:15
	at de.uka.ilkd.key.nparser.builder.AbstractBuilder.accept(AbstractBuilder.java:54)
Caused by: com.github.javaparser.resolution.UnsolvedSymbolException: Unsolved symbol in de.uka.ilkd.key.java.JavaParserFactory$DynamicTypeSolver@60686d5f : java.lang.Object
	at com.github.javaparser.resolution.TypeSolver.solveType(TypeSolver.java:71)

164656     ERROR Test worker     d.u.i.k.n.b.AbstractBuilder  com.github.javaparser.resolution.UnsolvedSymbolException: Unsolved symbol in de.uka.ilkd.key.java.JavaParserFactory$DynamicTypeSolver@60686d5f : java.lang.Object
	at com.github.javaparser.resolution.TypeSolver.solveType(TypeSolver.java:71)

164656     ERROR Test worker     d.u.i.k.n.b.TacletPBuilder Error in parsing taclet. de.uka.ilkd.key.util.parsing.BuildingException: Unsolved symbol in de.uka.ilkd.key.java.JavaParserFactory$DynamicTypeSolver@60686d5f : java.lang.Object at file:/D:/a/key/key/key.core/build/resources/main/de/uka/ilkd/key/proof/rules/javaRules.key:1765:15
	at de.uka.ilkd.key.nparser.builder.AbstractBuilder.accept(AbstractBuilder.java:54)
Caused by: com.github.javaparser.resolution.UnsolvedSymbolException: Unsolved symbol in de.uka.ilkd.key.java.JavaParserFactory$DynamicTypeSolver@60686d5f : java.lang.Object
	at com.github.javaparser.resolution.TypeSolver.solveType(TypeSolver.java:71)

164656     ERROR Test worker     d.u.i.k.n.b.AbstractBuilder  com.github.javaparser.resolution.UnsolvedSymbolException: Unsolved symbol in de.uka.ilkd.key.java.JavaParserFactory$DynamicTypeSolver@60686d5f : java.lang.Object
	at com.github.javaparser.resolution.TypeSolver.solveType(TypeSolver.java:71)

164656     ERROR Test worker     d.u.i.k.n.b.TacletPBuilder Error in parsing taclet. de.uka.ilkd.key.util.parsing.BuildingException: Unsolved symbol in de.uka.ilkd.key.java.JavaParserFactory$DynamicTypeSolver@60686d5f : java.lang.Object at file:/D:/a/key/key/key.core/build/resources/main/de/uka/ilkd/key/proof/rules/javaRules.key:1772:15
	at de.uka.ilkd.key.nparser.builder.AbstractBuilder.accept(AbstractBuilder.java:54)
Caused by: com.github.javaparser.resolution.UnsolvedSymbolException: Unsolved symbol in de.uka.ilkd.key.java.JavaParserFactory$DynamicTypeSolver@60686d5f : java.lang.Object
	at com.github.javaparser.resolution.TypeSolver.solveType(TypeSolver.java:71)

164656     ERROR Test worker     d.u.i.k.n.b.AbstractBuilder  com.github.javaparser.resolution.UnsolvedSymbolException: Unsolved symbol in de.uka.ilkd.key.java.JavaParserFactory$DynamicTypeSolver@60686d5f : java.lang.Object
	at com.github.javaparser.resolution.TypeSolver.solveType(TypeSolver.java:71)

164656     ERROR Test worker     d.u.i.k.n.b.TacletPBuilder Error in parsing taclet. de.uka.ilkd.key.util.parsing.BuildingException: Unsolved symbol in de.uka.ilkd.key.java.JavaParserFactory$DynamicTypeSolver@60686d5f : java.lang.Object at file:/D:/a/key/key/key.core/build/resources/main/de/uka/ilkd/key/proof/rules/javaRules.key:1780:15
	at de.uka.ilkd.key.nparser.builder.AbstractBuilder.accept(AbstractBuilder.java:54)
Caused by: com.github.javaparser.resolution.UnsolvedSymbolException: Unsolved symbol in de.uka.ilkd.key.java.JavaParserFactory$DynamicTypeSolver@60686d5f : java.lang.Object
	at com.github.javaparser.resolution.TypeSolver.solveType(TypeSolver.java:71)

164656     ERROR Test worker     d.u.i.k.n.b.AbstractBuilder  com.github.javaparser.resolution.UnsolvedSymbolException: Unsolved symbol in de.uka.ilkd.key.java.JavaParserFactory$DynamicTypeSolver@60686d5f : java.lang.Object
	at com.github.javaparser.resolution.TypeSolver.solveType(TypeSolver.java:71)

164656     ERROR Test worker     d.u.i.k.n.b.TacletPBuilder Error in parsing taclet. de.uka.ilkd.key.util.parsing.BuildingException: Unsolved symbol in de.uka.ilkd.key.java.JavaParserFactory$DynamicTypeSolver@60686d5f : java.lang.Object at file:/D:/a/key/key/key.core/build/resources/main/de/uka/ilkd/key/proof/rules/javaRules.key:1786:15
	at de.uka.ilkd.key.nparser.builder.AbstractBuilder.accept(AbstractBuilder.java:54)
Caused by: com.github.javaparser.resolution.UnsolvedSymbolException: Unsolved symbol in de.uka.ilkd.key.java.JavaParserFactory$DynamicTypeSolver@60686d5f : java.lang.Object
	at com.github.javaparser.resolution.TypeSolver.solveType(TypeSolver.java:71)

164656     ERROR Test worker     d.u.i.k.n.b.AbstractBuilder  com.github.javaparser.resolution.UnsolvedSymbolException: Unsolved symbol in de.uka.ilkd.key.java.JavaParserFactory$DynamicTypeSolver@60686d5f : java.lang.Object
	at com.github.javaparser.resolution.TypeSolver.solveType(TypeSolver.java:71)

164656     ERROR Test worker     d.u.i.k.n.b.TacletPBuilder Error in parsing taclet. de.uka.ilkd.key.util.parsing.BuildingException: Unsolved symbol in de.uka.ilkd.key.java.JavaParserFactory$DynamicTypeSolver@60686d5f : java.lang.Object at file:/D:/a/key/key/key.core/build/resources/main/de/uka/ilkd/key/proof/rules/javaRules.key:1793:15
	at de.uka.ilkd.key.nparser.builder.AbstractBuilder.accept(AbstractBuilder.java:54)
Caused by: com.github.javaparser.resolution.UnsolvedSymbolException: Unsolved symbol in de.uka.ilkd.key.java.JavaParserFactory$DynamicTypeSolver@60686d5f : java.lang.Object
	at com.github.javaparser.resolution.TypeSolver.solveType(TypeSolver.java:71)

164671     ERROR Test worker     d.u.i.k.n.b.AbstractBuilder  com.github.javaparser.resolution.UnsolvedSymbolException: Unsolved symbol in de.uka.ilkd.key.java.JavaParserFactory$DynamicTypeSolver@60686d5f : java.lang.Object
	at com.github.javaparser.resolution.TypeSolver.solveType(TypeSolver.java:71)

164671     ERROR Test worker     d.u.i.k.n.b.TacletPBuilder Error in parsing taclet. de.uka.ilkd.key.util.parsing.BuildingException: Unsolved symbol in de.uka.ilkd.key.java.JavaParserFactory$DynamicTypeSolver@60686d5f : java.lang.Object at file:/D:/a/key/key/key.core/build/resources/main/de/uka/ilkd/key/proof/rules/javaRules.key:1801:15
	at de.uka.ilkd.key.nparser.builder.AbstractBuilder.accept(AbstractBuilder.java:54)
Caused by: com.github.javaparser.resolution.UnsolvedSymbolException: Unsolved symbol in de.uka.ilkd.key.java.JavaParserFactory$DynamicTypeSolver@60686d5f : java.lang.Object
	at com.github.javaparser.resolution.TypeSolver.solveType(TypeSolver.java:71)

164671     ERROR Test worker     d.u.i.k.n.b.AbstractBuilder  com.github.javaparser.resolution.UnsolvedSymbolException: Unsolved symbol in de.uka.ilkd.key.java.JavaParserFactory$DynamicTypeSolver@60686d5f : java.lang.Object
	at com.github.javaparser.resolution.TypeSolver.solveType(TypeSolver.java:71)

164671     ERROR Test worker     d.u.i.k.n.b.TacletPBuilder Error in parsing taclet. de.uka.ilkd.key.util.parsing.BuildingException: Unsolved symbol in de.uka.ilkd.key.java.JavaParserFactory$DynamicTypeSolver@60686d5f : java.lang.Object at file:/D:/a/key/key/key.core/build/resources/main/de/uka/ilkd/key/proof/rules/javaRules.key:1807:15
	at de.uka.ilkd.key.nparser.builder.AbstractBuilder.accept(AbstractBuilder.java:54)
Caused by: com.github.javaparser.resolution.UnsolvedSymbolException: Unsolved symbol in de.uka.ilkd.key.java.JavaParserFactory$DynamicTypeSolver@60686d5f : java.lang.Object
	at com.github.javaparser.resolution.TypeSolver.solveType(TypeSolver.java:71)

164671     ERROR Test worker     d.u.i.k.n.b.AbstractBuilder  com.github.javaparser.resolution.UnsolvedSymbolException: Unsolved symbol in de.uka.ilkd.key.java.JavaParserFactory$DynamicTypeSolver@60686d5f : java.lang.Object
	at com.github.javaparser.resolution.TypeSolver.solveType(TypeSolver.java:71)

164671     ERROR Test worker     d.u.i.k.n.b.TacletPBuilder Error in parsing taclet. de.uka.ilkd.key.util.parsing.BuildingException: Unsolved symbol in de.uka.ilkd.key.java.JavaParserFactory$DynamicTypeSolver@60686d5f : java.lang.Object at file:/D:/a/key/key/key.core/build/resources/main/de/uka/ilkd/key/proof/rules/javaRules.key:1814:15
	at de.uka.ilkd.key.nparser.builder.AbstractBuilder.accept(AbstractBuilder.java:54)
Caused by: com.github.javaparser.resolution.UnsolvedSymbolException: Unsolved symbol in de.uka.ilkd.key.java.JavaParserFactory$DynamicTypeSolver@60686d5f : java.lang.Object
	at com.github.javaparser.resolution.TypeSolver.solveType(TypeSolver.java:71)

164671     ERROR Test worker     d.u.i.k.n.b.AbstractBuilder  com.github.javaparser.resolution.UnsolvedSymbolException: Unsolved symbol in de.uka.ilkd.key.java.JavaParserFactory$DynamicTypeSolver@60686d5f : java.lang.Object
	at com.github.javaparser.resolution.TypeSolver.solveType(TypeSolver.java:71)

164671     ERROR Test worker     d.u.i.k.n.b.TacletPBuilder Error in parsing taclet. de.uka.ilkd.key.util.parsing.BuildingException: Unsolved symbol in de.uka.ilkd.key.java.JavaParserFactory$DynamicTypeSolver@60686d5f : java.lang.Object at file:/D:/a/key/key/key.core/build/resources/main/de/uka/ilkd/key/proof/rules/javaRules.key:1822:15
	at de.uka.ilkd.key.nparser.builder.AbstractBuilder.accept(AbstractBuilder.java:54)
Caused by: com.github.javaparser.resolution.UnsolvedSymbolException: Unsolved symbol in de.uka.ilkd.key.java.JavaParserFactory$DynamicTypeSolver@60686d5f : java.lang.Object
	at com.github.javaparser.resolution.TypeSolver.solveType(TypeSolver.java:71)

164671     ERROR Test worker     d.u.i.k.n.b.AbstractBuilder  com.github.javaparser.resolution.UnsolvedSymbolException: Unsolved symbol in de.uka.ilkd.key.java.JavaParserFactory$DynamicTypeSolver@60686d5f : java.lang.Object
	at com.github.javaparser.resolution.TypeSolver.solveType(TypeSolver.java:71)

164671     ERROR Test worker     d.u.i.k.n.b.TacletPBuilder Error in parsing taclet. de.uka.ilkd.key.util.parsing.BuildingException: Unsolved symbol in de.uka.ilkd.key.java.JavaParserFactory$DynamicTypeSolver@60686d5f : java.lang.Object at file:/D:/a/key/key/key.core/build/resources/main/de/uka/ilkd/key/proof/rules/javaRules.key:1828:15
	at de.uka.ilkd.key.nparser.builder.AbstractBuilder.accept(AbstractBuilder.java:54)
Caused by: com.github.javaparser.resolution.UnsolvedSymbolException: Unsolved symbol in de.uka.ilkd.key.java.JavaParserFactory$DynamicTypeSolver@60686d5f : java.lang.Object
	at com.github.javaparser.resolution.TypeSolver.solveType(TypeSolver.java:71)

164671     ERROR Test worker     d.u.i.k.n.b.AbstractBuilder  com.github.javaparser.resolution.UnsolvedSymbolException: Unsolved symbol in de.uka.ilkd.key.java.JavaParserFactory$DynamicTypeSolver@60686d5f : java.lang.Object
	at com.github.javaparser.resolution.TypeSolver.solveType(TypeSolver.java:71)

164671     ERROR Test worker     d.u.i.k.n.b.TacletPBuilder Error in parsing taclet. de.uka.ilkd.key.util.parsing.BuildingException: Unsolved symbol in de.uka.ilkd.key.java.JavaParserFactory$DynamicTypeSolver@60686d5f : java.lang.Object at file:/D:/a/key/key/key.core/build/resources/main/de/uka/ilkd/key/proof/rules/javaRules.key:1835:15
	at de.uka.ilkd.key.nparser.builder.AbstractBuilder.accept(AbstractBuilder.java:54)
Caused by: com.github.javaparser.resolution.UnsolvedSymbolException: Unsolved symbol in de.uka.ilkd.key.java.JavaParserFactory$DynamicTypeSolver@60686d5f : java.lang.Object
	at com.github.javaparser.resolution.TypeSolver.solveType(TypeSolver.java:71)

164671     ERROR Test worker     d.u.i.k.n.b.AbstractBuilder  com.github.javaparser.resolution.UnsolvedSymbolException: Unsolved symbol in de.uka.ilkd.key.java.JavaParserFactory$DynamicTypeSolver@60686d5f : java.lang.Object
	at com.github.javaparser.resolution.TypeSolver.solveType(TypeSolver.java:71)

164671     ERROR Test worker     d.u.i.k.n.b.TacletPBuilder Error in parsing taclet. de.uka.ilkd.key.util.parsing.BuildingException: Unsolved symbol in de.uka.ilkd.key.java.JavaParserFactory$DynamicTypeSolver@60686d5f : java.lang.Object at file:/D:/a/key/key/key.core/build/resources/main/de/uka/ilkd/key/proof/rules/javaRules.key:1843:15
	at de.uka.ilkd.key.nparser.builder.AbstractBuilder.accept(AbstractBuilder.java:54)
Caused by: com.github.javaparser.resolution.UnsolvedSymbolException: Unsolved symbol in de.uka.ilkd.key.java.JavaParserFactory$DynamicTypeSolver@60686d5f : java.lang.Object
	at com.github.javaparser.resolution.TypeSolver.solveType(TypeSolver.java:71)

164671     ERROR Test worker     d.u.i.k.n.b.AbstractBuilder  com.github.javaparser.resolution.UnsolvedSymbolException: Unsolved symbol in de.uka.ilkd.key.java.JavaParserFactory$DynamicTypeSolver@60686d5f : java.lang.Object
	at com.github.javaparser.resolution.TypeSolver.solveType(TypeSolver.java:71)

164671     ERROR Test worker     d.u.i.k.n.b.TacletPBuilder Error in parsing taclet. de.uka.ilkd.key.util.parsing.BuildingException: Unsolved symbol in de.uka.ilkd.key.java.JavaParserFactory$DynamicTypeSolver@60686d5f : java.lang.Object at file:/D:/a/key/key/key.core/build/resources/main/de/uka/ilkd/key/proof/rules/javaRules.key:1849:15
	at de.uka.ilkd.key.nparser.builder.AbstractBuilder.accept(AbstractBuilder.java:54)
Caused by: com.github.javaparser.resolution.UnsolvedSymbolException: Unsolved symbol in de.uka.ilkd.key.java.JavaParserFactory$DynamicTypeSolver@60686d5f : java.lang.Object
	at com.github.javaparser.resolution.TypeSolver.solveType(TypeSolver.java:71)

164671     ERROR Test worker     d.u.i.k.n.b.AbstractBuilder  com.github.javaparser.resolution.UnsolvedSymbolException: Unsolved symbol in de.uka.ilkd.key.java.JavaParserFactory$DynamicTypeSolver@60686d5f : java.lang.Object
	at com.github.javaparser.resolution.TypeSolver.solveType(TypeSolver.java:71)

164671     ERROR Test worker     d.u.i.k.n.b.TacletPBuilder Error in parsing taclet. de.uka.ilkd.key.util.parsing.BuildingException: Unsolved symbol in de.uka.ilkd.key.java.JavaParserFactory$DynamicTypeSolver@60686d5f : java.lang.Object at file:/D:/a/key/key/key.core/build/resources/main/de/uka/ilkd/key/proof/rules/javaRules.key:1856:15
	at de.uka.ilkd.key.nparser.builder.AbstractBuilder.accept(AbstractBuilder.java:54)
Caused by: com.github.javaparser.resolution.UnsolvedSymbolException: Unsolved symbol in de.uka.ilkd.key.java.JavaParserFactory$DynamicTypeSolver@60686d5f : java.lang.Object
	at com.github.javaparser.resolution.TypeSolver.solveType(TypeSolver.java:71)

164671     ERROR Test worker     d.u.i.k.n.b.AbstractBuilder  com.github.javaparser.resolution.UnsolvedSymbolException: Unsolved symbol in de.uka.ilkd.key.java.JavaParserFactory$DynamicTypeSolver@60686d5f : java.lang.Object
	at com.github.javaparser.resolution.TypeSolver.solveType(TypeSolver.java:71)

164671     ERROR Test worker     d.u.i.k.n.b.TacletPBuilder Error in parsing taclet. de.uka.ilkd.key.util.parsing.BuildingException: Unsolved symbol in de.uka.ilkd.key.java.JavaParserFactory$DynamicTypeSolver@60686d5f : java.lang.Object at file:/D:/a/key/key/key.core/build/resources/main/de/uka/ilkd/key/proof/rules/javaRules.key:1864:15
	at de.uka.ilkd.key.nparser.builder.AbstractBuilder.accept(AbstractBuilder.java:54)
Caused by: com.github.javaparser.resolution.UnsolvedSymbolException: Unsolved symbol in de.uka.ilkd.key.java.JavaParserFactory$DynamicTypeSolver@60686d5f : java.lang.Object
	at com.github.javaparser.resolution.TypeSolver.solveType(TypeSolver.java:71)

164687     ERROR Test worker     d.u.i.k.n.b.AbstractBuilder  com.github.javaparser.resolution.UnsolvedSymbolException: Unsolved symbol in de.uka.ilkd.key.java.JavaParserFactory$DynamicTypeSolver@60686d5f : java.lang.Object
	at com.github.javaparser.resolution.TypeSolver.solveType(TypeSolver.java:71)

164687     ERROR Test worker     d.u.i.k.n.b.TacletPBuilder Error in parsing taclet. de.uka.ilkd.key.util.parsing.BuildingException: Unsolved symbol in de.uka.ilkd.key.java.JavaParserFactory$DynamicTypeSolver@60686d5f : java.lang.Object at file:/D:/a/key/key/key.core/build/resources/main/de/uka/ilkd/key/proof/rules/javaRules.key:1870:15
	at de.uka.ilkd.key.nparser.builder.AbstractBuilder.accept(AbstractBuilder.java:54)
Caused by: com.github.javaparser.resolution.UnsolvedSymbolException: Unsolved symbol in de.uka.ilkd.key.java.JavaParserFactory$DynamicTypeSolver@60686d5f : java.lang.Object
	at com.github.javaparser.resolution.TypeSolver.solveType(TypeSolver.java:71)

164689     ERROR Test worker     d.u.i.k.n.b.AbstractBuilder  com.github.javaparser.resolution.UnsolvedSymbolException: Unsolved symbol in de.uka.ilkd.key.java.JavaParserFactory$DynamicTypeSolver@60686d5f : java.lang.Object
	at com.github.javaparser.resolution.TypeSolver.solveType(TypeSolver.java:71)

164689     ERROR Test worker     d.u.i.k.n.b.TacletPBuilder Error in parsing taclet. de.uka.ilkd.key.util.parsing.BuildingException: Unsolved symbol in de.uka.ilkd.key.java.JavaParserFactory$DynamicTypeSolver@60686d5f : java.lang.Object at file:/D:/a/key/key/key.core/build/resources/main/de/uka/ilkd/key/proof/rules/javaRules.key:1877:15
	at de.uka.ilkd.key.nparser.builder.AbstractBuilder.accept(AbstractBuilder.java:54)
Caused by: com.github.javaparser.resolution.UnsolvedSymbolException: Unsolved symbol in de.uka.ilkd.key.java.JavaParserFactory$DynamicTypeSolver@60686d5f : java.lang.Object
	at com.github.javaparser.resolution.TypeSolver.solveType(TypeSolver.java:71)

164690     ERROR Test worker     d.u.i.k.n.b.AbstractBuilder  com.github.javaparser.resolution.UnsolvedSymbolException: Unsolved symbol in de.uka.ilkd.key.java.JavaParserFactory$DynamicTypeSolver@60686d5f : java.lang.Object
	at com.github.javaparser.resolution.TypeSolver.solveType(TypeSolver.java:71)

164691     ERROR Test worker     d.u.i.k.n.b.TacletPBuilder Error in parsing taclet. de.uka.ilkd.key.util.parsing.BuildingException: Unsolved symbol in de.uka.ilkd.key.java.JavaParserFactory$DynamicTypeSolver@60686d5f : java.lang.Object at file:/D:/a/key/key/key.core/build/resources/main/de/uka/ilkd/key/proof/rules/javaRules.key:1885:15
	at de.uka.ilkd.key.nparser.builder.AbstractBuilder.accept(AbstractBuilder.java:54)
Caused by: com.github.javaparser.resolution.UnsolvedSymbolException: Unsolved symbol in de.uka.ilkd.key.java.JavaParserFactory$DynamicTypeSolver@60686d5f : java.lang.Object
	at com.github.javaparser.resolution.TypeSolver.solveType(TypeSolver.java:71)

164692     ERROR Test worker     d.u.i.k.n.b.AbstractBuilder  com.github.javaparser.resolution.UnsolvedSymbolException: Unsolved symbol in de.uka.ilkd.key.java.JavaParserFactory$DynamicTypeSolver@60686d5f : java.lang.Object
	at com.github.javaparser.resolution.TypeSolver.solveType(TypeSolver.java:71)

164692     ERROR Test worker     d.u.i.k.n.b.TacletPBuilder Error in parsing taclet. de.uka.ilkd.key.util.parsing.BuildingException: Unsolved symbol in de.uka.ilkd.key.java.JavaParserFactory$DynamicTypeSolver@60686d5f : java.lang.Object at file:/D:/a/key/key/key.core/build/resources/main/de/uka/ilkd/key/proof/rules/javaRules.key:1891:15
	at de.uka.ilkd.key.nparser.builder.AbstractBuilder.accept(AbstractBuilder.java:54)
Caused by: com.github.javaparser.resolution.UnsolvedSymbolException: Unsolved symbol in de.uka.ilkd.key.java.JavaParserFactory$DynamicTypeSolver@60686d5f : java.lang.Object
	at com.github.javaparser.resolution.TypeSolver.solveType(TypeSolver.java:71)

164694     ERROR Test worker     d.u.i.k.n.b.AbstractBuilder  com.github.javaparser.resolution.UnsolvedSymbolException: Unsolved symbol in de.uka.ilkd.key.java.JavaParserFactory$DynamicTypeSolver@60686d5f : java.lang.Object
	at com.github.javaparser.resolution.TypeSolver.solveType(TypeSolver.java:71)

164694     ERROR Test worker     d.u.i.k.n.b.TacletPBuilder Error in parsing taclet. de.uka.ilkd.key.util.parsing.BuildingException: Unsolved symbol in de.uka.ilkd.key.java.JavaParserFactory$DynamicTypeSolver@60686d5f : java.lang.Object at file:/D:/a/key/key/key.core/build/resources/main/de/uka/ilkd/key/proof/rules/javaRules.key:1898:15
	at de.uka.ilkd.key.nparser.builder.AbstractBuilder.accept(AbstractBuilder.java:54)
Caused by: com.github.javaparser.resolution.UnsolvedSymbolException: Unsolved symbol in de.uka.ilkd.key.java.JavaParserFactory$DynamicTypeSolver@60686d5f : java.lang.Object
	at com.github.javaparser.resolution.TypeSolver.solveType(TypeSolver.java:71)

164696     ERROR Test worker     d.u.i.k.n.b.AbstractBuilder  com.github.javaparser.resolution.UnsolvedSymbolException: Unsolved symbol in de.uka.ilkd.key.java.JavaParserFactory$DynamicTypeSolver@60686d5f : java.lang.Object
	at com.github.javaparser.resolution.TypeSolver.solveType(TypeSolver.java:71)

164696     ERROR Test worker     d.u.i.k.n.b.TacletPBuilder Error in parsing taclet. de.uka.ilkd.key.util.parsing.BuildingException: Unsolved symbol in de.uka.ilkd.key.java.JavaParserFactory$DynamicTypeSolver@60686d5f : java.lang.Object at file:/D:/a/key/key/key.core/build/resources/main/de/uka/ilkd/key/proof/rules/javaRules.key:1906:15
	at de.uka.ilkd.key.nparser.builder.AbstractBuilder.accept(AbstractBuilder.java:54)
Caused by: com.github.javaparser.resolution.UnsolvedSymbolException: Unsolved symbol in de.uka.ilkd.key.java.JavaParserFactory$DynamicTypeSolver@60686d5f : java.lang.Object
	at com.github.javaparser.resolution.TypeSolver.solveType(TypeSolver.java:71)

164698     ERROR Test worker     d.u.i.k.n.b.AbstractBuilder  com.github.javaparser.resolution.UnsolvedSymbolException: Unsolved symbol in de.uka.ilkd.key.java.JavaParserFactory$DynamicTypeSolver@60686d5f : java.lang.Object
	at com.github.javaparser.resolution.TypeSolver.solveType(TypeSolver.java:71)

164698     ERROR Test worker     d.u.i.k.n.b.TacletPBuilder Error in parsing taclet. de.uka.ilkd.key.util.parsing.BuildingException: Unsolved symbol in de.uka.ilkd.key.java.JavaParserFactory$DynamicTypeSolver@60686d5f : java.lang.Object at file:/D:/a/key/key/key.core/build/resources/main/de/uka/ilkd/key/proof/rules/javaRules.key:1912:15
	at de.uka.ilkd.key.nparser.builder.AbstractBuilder.accept(AbstractBuilder.java:54)
Caused by: com.github.javaparser.resolution.UnsolvedSymbolException: Unsolved symbol in de.uka.ilkd.key.java.JavaParserFactory$DynamicTypeSolver@60686d5f : java.lang.Object
	at com.github.javaparser.resolution.TypeSolver.solveType(TypeSolver.java:71)

164699     ERROR Test worker     d.u.i.k.n.b.AbstractBuilder  com.github.javaparser.resolution.UnsolvedSymbolException: Unsolved symbol in de.uka.ilkd.key.java.JavaParserFactory$DynamicTypeSolver@60686d5f : java.lang.Object
	at com.github.javaparser.resolution.TypeSolver.solveType(TypeSolver.java:71)

164700     ERROR Test worker     d.u.i.k.n.b.TacletPBuilder Error in parsing taclet. de.uka.ilkd.key.util.parsing.BuildingException: Unsolved symbol in de.uka.ilkd.key.java.JavaParserFactory$DynamicTypeSolver@60686d5f : java.lang.Object at file:/D:/a/key/key/key.core/build/resources/main/de/uka/ilkd/key/proof/rules/javaRules.key:1919:15
	at de.uka.ilkd.key.nparser.builder.AbstractBuilder.accept(AbstractBuilder.java:54)
Caused by: com.github.javaparser.resolution.UnsolvedSymbolException: Unsolved symbol in de.uka.ilkd.key.java.JavaParserFactory$DynamicTypeSolver@60686d5f : java.lang.Object
	at com.github.javaparser.resolution.TypeSolver.solveType(TypeSolver.java:71)

164701     ERROR Test worker     d.u.i.k.n.b.AbstractBuilder  com.github.javaparser.resolution.UnsolvedSymbolException: Unsolved symbol in de.uka.ilkd.key.java.JavaParserFactory$DynamicTypeSolver@60686d5f : java.lang.Object
	at com.github.javaparser.resolution.TypeSolver.solveType(TypeSolver.java:71)

164701     ERROR Test worker     d.u.i.k.n.b.TacletPBuilder Error in parsing taclet. de.uka.ilkd.key.util.parsing.BuildingException: Unsolved symbol in de.uka.ilkd.key.java.JavaParserFactory$DynamicTypeSolver@60686d5f : java.lang.Object at file:/D:/a/key/key/key.core/build/resources/main/de/uka/ilkd/key/proof/rules/javaRules.key:1927:15
	at de.uka.ilkd.key.nparser.builder.AbstractBuilder.accept(AbstractBuilder.java:54)
Caused by: com.github.javaparser.resolution.UnsolvedSymbolException: Unsolved symbol in de.uka.ilkd.key.java.JavaParserFactory$DynamicTypeSolver@60686d5f : java.lang.Object
	at com.github.javaparser.resolution.TypeSolver.solveType(TypeSolver.java:71)

164703     ERROR Test worker     d.u.i.k.n.b.AbstractBuilder  com.github.javaparser.resolution.UnsolvedSymbolException: Unsolved symbol in de.uka.ilkd.key.java.JavaParserFactory$DynamicTypeSolver@60686d5f : java.lang.Object
	at com.github.javaparser.resolution.TypeSolver.solveType(TypeSolver.java:71)

164703     ERROR Test worker     d.u.i.k.n.b.TacletPBuilder Error in parsing taclet. de.uka.ilkd.key.util.parsing.BuildingException: Unsolved symbol in de.uka.ilkd.key.java.JavaParserFactory$DynamicTypeSolver@60686d5f : java.lang.Object at file:/D:/a/key/key/key.core/build/resources/main/de/uka/ilkd/key/proof/rules/javaRules.key:1937:15
	at de.uka.ilkd.key.nparser.builder.AbstractBuilder.accept(AbstractBuilder.java:54)
Caused by: com.github.javaparser.resolution.UnsolvedSymbolException: Unsolved symbol in de.uka.ilkd.key.java.JavaParserFactory$DynamicTypeSolver@60686d5f : java.lang.Object
	at com.github.javaparser.resolution.TypeSolver.solveType(TypeSolver.java:71)

164705     ERROR Test worker     d.u.i.k.n.b.AbstractBuilder  com.github.javaparser.resolution.UnsolvedSymbolException: Unsolved symbol in de.uka.ilkd.key.java.JavaParserFactory$DynamicTypeSolver@60686d5f : java.lang.Object
	at com.github.javaparser.resolution.TypeSolver.solveType(TypeSolver.java:71)

164705     ERROR Test worker     d.u.i.k.n.b.TacletPBuilder Error in parsing taclet. de.uka.ilkd.key.util.parsing.BuildingException: Unsolved symbol in de.uka.ilkd.key.java.JavaParserFactory$DynamicTypeSolver@60686d5f : java.lang.Object at file:/D:/a/key/key/key.core/build/resources/main/de/uka/ilkd/key/proof/rules/javaRules.key:1949:15
	at de.uka.ilkd.key.nparser.builder.AbstractBuilder.accept(AbstractBuilder.java:54)
Caused by: com.github.javaparser.resolution.UnsolvedSymbolException: Unsolved symbol in de.uka.ilkd.key.java.JavaParserFactory$DynamicTypeSolver@60686d5f : java.lang.Object
	at com.github.javaparser.resolution.TypeSolver.solveType(TypeSolver.java:71)

164707     ERROR Test worker     d.u.i.k.n.b.AbstractBuilder  com.github.javaparser.resolution.UnsolvedSymbolException: Unsolved symbol in de.uka.ilkd.key.java.JavaParserFactory$DynamicTypeSolver@60686d5f : java.lang.Object
	at com.github.javaparser.resolution.TypeSolver.solveType(TypeSolver.java:71)

164707     ERROR Test worker     d.u.i.k.n.b.TacletPBuilder Error in parsing taclet. de.uka.ilkd.key.util.parsing.BuildingException: Unsolved symbol in de.uka.ilkd.key.java.JavaParserFactory$DynamicTypeSolver@60686d5f : java.lang.Object at file:/D:/a/key/key/key.core/build/resources/main/de/uka/ilkd/key/proof/rules/javaRules.key:1959:15
	at de.uka.ilkd.key.nparser.builder.AbstractBuilder.accept(AbstractBuilder.java:54)
Caused by: com.github.javaparser.resolution.UnsolvedSymbolException: Unsolved symbol in de.uka.ilkd.key.java.JavaParserFactory$DynamicTypeSolver@60686d5f : java.lang.Object
	at com.github.javaparser.resolution.TypeSolver.solveType(TypeSolver.java:71)

164709     ERROR Test worker     d.u.i.k.n.b.AbstractBuilder  com.github.javaparser.resolution.UnsolvedSymbolException: Unsolved symbol in de.uka.ilkd.key.java.JavaParserFactory$DynamicTypeSolver@60686d5f : java.lang.Object
	at com.github.javaparser.resolution.TypeSolver.solveType(TypeSolver.java:71)

164709     ERROR Test worker     d.u.i.k.n.b.TacletPBuilder Error in parsing taclet. de.uka.ilkd.key.util.parsing.BuildingException: Unsolved symbol in de.uka.ilkd.key.java.JavaParserFactory$DynamicTypeSolver@60686d5f : java.lang.Object at file:/D:/a/key/key/key.core/build/resources/main/de/uka/ilkd/key/proof/rules/javaRules.key:1966:15
	at de.uka.ilkd.key.nparser.builder.AbstractBuilder.accept(AbstractBuilder.java:54)
Caused by: com.github.javaparser.resolution.UnsolvedSymbolException: Unsolved symbol in de.uka.ilkd.key.java.JavaParserFactory$DynamicTypeSolver@60686d5f : java.lang.Object
	at com.github.javaparser.resolution.TypeSolver.solveType(TypeSolver.java:71)

164710     ERROR Test worker     d.u.i.k.n.b.AbstractBuilder  com.github.javaparser.resolution.UnsolvedSymbolException: Unsolved symbol in de.uka.ilkd.key.java.JavaParserFactory$DynamicTypeSolver@60686d5f : java.lang.Object
	at com.github.javaparser.resolution.TypeSolver.solveType(TypeSolver.java:71)

164711     ERROR Test worker     d.u.i.k.n.b.TacletPBuilder Error in parsing taclet. de.uka.ilkd.key.util.parsing.BuildingException: Unsolved symbol in de.uka.ilkd.key.java.JavaParserFactory$DynamicTypeSolver@60686d5f : java.lang.Object at file:/D:/a/key/key/key.core/build/resources/main/de/uka/ilkd/key/proof/rules/javaRules.key:1978:15
	at de.uka.ilkd.key.nparser.builder.AbstractBuilder.accept(AbstractBuilder.java:54)
Caused by: com.github.javaparser.resolution.UnsolvedSymbolException: Unsolved symbol in de.uka.ilkd.key.java.JavaParserFactory$DynamicTypeSolver@60686d5f : java.lang.Object
	at com.github.javaparser.resolution.TypeSolver.solveType(TypeSolver.java:71)

164712     ERROR Test worker     d.u.i.k.n.b.AbstractBuilder  com.github.javaparser.resolution.UnsolvedSymbolException: Unsolved symbol in de.uka.ilkd.key.java.JavaParserFactory$DynamicTypeSolver@60686d5f : java.lang.Object
	at com.github.javaparser.resolution.TypeSolver.solveType(TypeSolver.java:71)

164712     ERROR Test worker     d.u.i.k.n.b.TacletPBuilder Error in parsing taclet. de.uka.ilkd.key.util.parsing.BuildingException: Unsolved symbol in de.uka.ilkd.key.java.JavaParserFactory$DynamicTypeSolver@60686d5f : java.lang.Object at file:/D:/a/key/key/key.core/build/resources/main/de/uka/ilkd/key/proof/rules/javaRules.key:1988:15
	at de.uka.ilkd.key.nparser.builder.AbstractBuilder.accept(AbstractBuilder.java:54)
Caused by: com.github.javaparser.resolution.UnsolvedSymbolException: Unsolved symbol in de.uka.ilkd.key.java.JavaParserFactory$DynamicTypeSolver@60686d5f : java.lang.Object
	at com.github.javaparser.resolution.TypeSolver.solveType(TypeSolver.java:71)

164714     ERROR Test worker     d.u.i.k.n.b.AbstractBuilder  com.github.javaparser.resolution.UnsolvedSymbolException: Unsolved symbol in de.uka.ilkd.key.java.JavaParserFactory$DynamicTypeSolver@60686d5f : java.lang.Object
	at com.github.javaparser.resolution.TypeSolver.solveType(TypeSolver.java:71)

164714     ERROR Test worker     d.u.i.k.n.b.TacletPBuilder Error in parsing taclet. de.uka.ilkd.key.util.parsing.BuildingException: Unsolved symbol in de.uka.ilkd.key.java.JavaParserFactory$DynamicTypeSolver@60686d5f : java.lang.Object at file:/D:/a/key/key/key.core/build/resources/main/de/uka/ilkd/key/proof/rules/javaRules.key:1995:15
	at de.uka.ilkd.key.nparser.builder.AbstractBuilder.accept(AbstractBuilder.java:54)
Caused by: com.github.javaparser.resolution.UnsolvedSymbolException: Unsolved symbol in de.uka.ilkd.key.java.JavaParserFactory$DynamicTypeSolver@60686d5f : java.lang.Object
	at com.github.javaparser.resolution.TypeSolver.solveType(TypeSolver.java:71)

164716     ERROR Test worker     d.u.i.k.n.b.AbstractBuilder  com.github.javaparser.resolution.UnsolvedSymbolException: Unsolved symbol in de.uka.ilkd.key.java.JavaParserFactory$DynamicTypeSolver@60686d5f : java.lang.Object
	at com.github.javaparser.resolution.TypeSolver.solveType(TypeSolver.java:71)

164716     ERROR Test worker     d.u.i.k.n.b.TacletPBuilder Error in parsing taclet. de.uka.ilkd.key.util.parsing.BuildingException: Unsolved symbol in de.uka.ilkd.key.java.JavaParserFactory$DynamicTypeSolver@60686d5f : java.lang.Object at file:/D:/a/key/key/key.core/build/resources/main/de/uka/ilkd/key/proof/rules/javaRules.key:2007:15
	at de.uka.ilkd.key.nparser.builder.AbstractBuilder.accept(AbstractBuilder.java:54)
Caused by: com.github.javaparser.resolution.UnsolvedSymbolException: Unsolved symbol in de.uka.ilkd.key.java.JavaParserFactory$DynamicTypeSolver@60686d5f : java.lang.Object
	at com.github.javaparser.resolution.TypeSolver.solveType(TypeSolver.java:71)

164718     ERROR Test worker     d.u.i.k.n.b.AbstractBuilder  com.github.javaparser.resolution.UnsolvedSymbolException: Unsolved symbol in de.uka.ilkd.key.java.JavaParserFactory$DynamicTypeSolver@60686d5f : java.lang.Object
	at com.github.javaparser.resolution.TypeSolver.solveType(TypeSolver.java:71)

164718     ERROR Test worker     d.u.i.k.n.b.TacletPBuilder Error in parsing taclet. de.uka.ilkd.key.util.parsing.BuildingException: Unsolved symbol in de.uka.ilkd.key.java.JavaParserFactory$DynamicTypeSolver@60686d5f : java.lang.Object at file:/D:/a/key/key/key.core/build/resources/main/de/uka/ilkd/key/proof/rules/javaRules.key:2017:15
	at de.uka.ilkd.key.nparser.builder.AbstractBuilder.accept(AbstractBuilder.java:54)
Caused by: com.github.javaparser.resolution.UnsolvedSymbolException: Unsolved symbol in de.uka.ilkd.key.java.JavaParserFactory$DynamicTypeSolver@60686d5f : java.lang.Object
	at com.github.javaparser.resolution.TypeSolver.solveType(TypeSolver.java:71)

164719     ERROR Test worker     d.u.i.k.n.b.AbstractBuilder  com.github.javaparser.resolution.UnsolvedSymbolException: Unsolved symbol in de.uka.ilkd.key.java.JavaParserFactory$DynamicTypeSolver@60686d5f : java.lang.Object
	at com.github.javaparser.resolution.TypeSolver.solveType(TypeSolver.java:71)

164720     ERROR Test worker     d.u.i.k.n.b.TacletPBuilder Error in parsing taclet. de.uka.ilkd.key.util.parsing.BuildingException: Unsolved symbol in de.uka.ilkd.key.java.JavaParserFactory$DynamicTypeSolver@60686d5f : java.lang.Object at file:/D:/a/key/key/key.core/build/resources/main/de/uka/ilkd/key/proof/rules/javaRules.key:2024:15
	at de.uka.ilkd.key.nparser.builder.AbstractBuilder.accept(AbstractBuilder.java:54)
Caused by: com.github.javaparser.resolution.UnsolvedSymbolException: Unsolved symbol in de.uka.ilkd.key.java.JavaParserFactory$DynamicTypeSolver@60686d5f : java.lang.Object
	at com.github.javaparser.resolution.TypeSolver.solveType(TypeSolver.java:71)

164721     ERROR Test worker     d.u.i.k.n.b.AbstractBuilder  com.github.javaparser.resolution.UnsolvedSymbolException: Unsolved symbol in de.uka.ilkd.key.java.JavaParserFactory$DynamicTypeSolver@60686d5f : java.lang.Object
	at com.github.javaparser.resolution.TypeSolver.solveType(TypeSolver.java:71)

164722     ERROR Test worker     d.u.i.k.n.b.TacletPBuilder Error in parsing taclet. de.uka.ilkd.key.util.parsing.BuildingException: Unsolved symbol in de.uka.ilkd.key.java.JavaParserFactory$DynamicTypeSolver@60686d5f : java.lang.Object at file:/D:/a/key/key/key.core/build/resources/main/de/uka/ilkd/key/proof/rules/javaRules.key:2036:15
	at de.uka.ilkd.key.nparser.builder.AbstractBuilder.accept(AbstractBuilder.java:54)
Caused by: com.github.javaparser.resolution.UnsolvedSymbolException: Unsolved symbol in de.uka.ilkd.key.java.JavaParserFactory$DynamicTypeSolver@60686d5f : java.lang.Object
	at com.github.javaparser.resolution.TypeSolver.solveType(TypeSolver.java:71)

164723     ERROR Test worker     d.u.i.k.n.b.AbstractBuilder  com.github.javaparser.resolution.UnsolvedSymbolException: Unsolved symbol in de.uka.ilkd.key.java.JavaParserFactory$DynamicTypeSolver@60686d5f : java.lang.Object
	at com.github.javaparser.resolution.TypeSolver.solveType(TypeSolver.java:71)

164723     ERROR Test worker     d.u.i.k.n.b.TacletPBuilder Error in parsing taclet. de.uka.ilkd.key.util.parsing.BuildingException: Unsolved symbol in de.uka.ilkd.key.java.JavaParserFactory$DynamicTypeSolver@60686d5f : java.lang.Object at file:/D:/a/key/key/key.core/build/resources/main/de/uka/ilkd/key/proof/rules/javaRules.key:2046:15
	at de.uka.ilkd.key.nparser.builder.AbstractBuilder.accept(AbstractBuilder.java:54)
Caused by: com.github.javaparser.resolution.UnsolvedSymbolException: Unsolved symbol in de.uka.ilkd.key.java.JavaParserFactory$DynamicTypeSolver@60686d5f : java.lang.Object
	at com.github.javaparser.resolution.TypeSolver.solveType(TypeSolver.java:71)

164725     ERROR Test worker     d.u.i.k.n.b.AbstractBuilder  com.github.javaparser.resolution.UnsolvedSymbolException: Unsolved symbol in de.uka.ilkd.key.java.JavaParserFactory$DynamicTypeSolver@60686d5f : java.lang.Object
	at com.github.javaparser.resolution.TypeSolver.solveType(TypeSolver.java:71)

164725     ERROR Test worker     d.u.i.k.n.b.TacletPBuilder Error in parsing taclet. de.uka.ilkd.key.util.parsing.BuildingException: Unsolved symbol in de.uka.ilkd.key.java.JavaParserFactory$DynamicTypeSolver@60686d5f : java.lang.Object at file:/D:/a/key/key/key.core/build/resources/main/de/uka/ilkd/key/proof/rules/javaRules.key:2053:15
	at de.uka.ilkd.key.nparser.builder.AbstractBuilder.accept(AbstractBuilder.java:54)
Caused by: com.github.javaparser.resolution.UnsolvedSymbolException: Unsolved symbol in de.uka.ilkd.key.java.JavaParserFactory$DynamicTypeSolver@60686d5f : java.lang.Object
	at com.github.javaparser.resolution.TypeSolver.solveType(TypeSolver.java:71)

164726     ERROR Test worker     d.u.i.k.n.b.AbstractBuilder  com.github.javaparser.resolution.UnsolvedSymbolException: Unsolved symbol in de.uka.ilkd.key.java.JavaParserFactory$DynamicTypeSolver@60686d5f : java.lang.Object
	at com.github.javaparser.resolution.TypeSolver.solveType(TypeSolver.java:71)

164727     ERROR Test worker     d.u.i.k.n.b.TacletPBuilder Error in parsing taclet. de.uka.ilkd.key.util.parsing.BuildingException: Unsolved symbol in de.uka.ilkd.key.java.JavaParserFactory$DynamicTypeSolver@60686d5f : java.lang.Object at file:/D:/a/key/key/key.core/build/resources/main/de/uka/ilkd/key/proof/rules/javaRules.key:2065:15
	at de.uka.ilkd.key.nparser.builder.AbstractBuilder.accept(AbstractBuilder.java:54)
Caused by: com.github.javaparser.resolution.UnsolvedSymbolException: Unsolved symbol in de.uka.ilkd.key.java.JavaParserFactory$DynamicTypeSolver@60686d5f : java.lang.Object
	at com.github.javaparser.resolution.TypeSolver.solveType(TypeSolver.java:71)

164728     ERROR Test worker     d.u.i.k.n.b.AbstractBuilder  com.github.javaparser.resolution.UnsolvedSymbolException: Unsolved symbol in de.uka.ilkd.key.java.JavaParserFactory$DynamicTypeSolver@60686d5f : java.lang.Object
	at com.github.javaparser.resolution.TypeSolver.solveType(TypeSolver.java:71)

164728     ERROR Test worker     d.u.i.k.n.b.TacletPBuilder Error in parsing taclet. de.uka.ilkd.key.util.parsing.BuildingException: Unsolved symbol in de.uka.ilkd.key.java.JavaParserFactory$DynamicTypeSolver@60686d5f : java.lang.Object at file:/D:/a/key/key/key.core/build/resources/main/de/uka/ilkd/key/proof/rules/javaRules.key:2075:15
	at de.uka.ilkd.key.nparser.builder.AbstractBuilder.accept(AbstractBuilder.java:54)
Caused by: com.github.javaparser.resolution.UnsolvedSymbolException: Unsolved symbol in de.uka.ilkd.key.java.JavaParserFactory$DynamicTypeSolver@60686d5f : java.lang.Object
	at com.github.javaparser.resolution.TypeSolver.solveType(TypeSolver.java:71)

164730     ERROR Test worker     d.u.i.k.n.b.AbstractBuilder  com.github.javaparser.resolution.UnsolvedSymbolException: Unsolved symbol in de.uka.ilkd.key.java.JavaParserFactory$DynamicTypeSolver@60686d5f : java.lang.Object
	at com.github.javaparser.resolution.TypeSolver.solveType(TypeSolver.java:71)

164730     ERROR Test worker     d.u.i.k.n.b.TacletPBuilder Error in parsing taclet. de.uka.ilkd.key.util.parsing.BuildingException: Unsolved symbol in de.uka.ilkd.key.java.JavaParserFactory$DynamicTypeSolver@60686d5f : java.lang.Object at file:/D:/a/key/key/key.core/build/resources/main/de/uka/ilkd/key/proof/rules/javaRules.key:2082:15
	at de.uka.ilkd.key.nparser.builder.AbstractBuilder.accept(AbstractBuilder.java:54)
Caused by: com.github.javaparser.resolution.UnsolvedSymbolException: Unsolved symbol in de.uka.ilkd.key.java.JavaParserFactory$DynamicTypeSolver@60686d5f : java.lang.Object
	at com.github.javaparser.resolution.TypeSolver.solveType(TypeSolver.java:71)

164732     ERROR Test worker     d.u.i.k.n.b.AbstractBuilder  com.github.javaparser.resolution.UnsolvedSymbolException: Unsolved symbol in de.uka.ilkd.key.java.JavaParserFactory$DynamicTypeSolver@60686d5f : java.lang.Object
	at com.github.javaparser.resolution.TypeSolver.solveType(TypeSolver.java:71)

164732     ERROR Test worker     d.u.i.k.n.b.TacletPBuilder Error in parsing taclet. de.uka.ilkd.key.util.parsing.BuildingException: Unsolved symbol in de.uka.ilkd.key.java.JavaParserFactory$DynamicTypeSolver@60686d5f : java.lang.Object at file:/D:/a/key/key/key.core/build/resources/main/de/uka/ilkd/key/proof/rules/javaRules.key:2094:15
	at de.uka.ilkd.key.nparser.builder.AbstractBuilder.accept(AbstractBuilder.java:54)
Caused by: com.github.javaparser.resolution.UnsolvedSymbolException: Unsolved symbol in de.uka.ilkd.key.java.JavaParserFactory$DynamicTypeSolver@60686d5f : java.lang.Object
	at com.github.javaparser.resolution.TypeSolver.solveType(TypeSolver.java:71)

164734     ERROR Test worker     d.u.i.k.n.b.AbstractBuilder  com.github.javaparser.resolution.UnsolvedSymbolException: Unsolved symbol in de.uka.ilkd.key.java.JavaParserFactory$DynamicTypeSolver@60686d5f : java.lang.Object
	at com.github.javaparser.resolution.TypeSolver.solveType(TypeSolver.java:71)

164734     ERROR Test worker     d.u.i.k.n.b.TacletPBuilder Error in parsing taclet. de.uka.ilkd.key.util.parsing.BuildingException: Unsolved symbol in de.uka.ilkd.key.java.JavaParserFactory$DynamicTypeSolver@60686d5f : java.lang.Object at file:/D:/a/key/key/key.core/build/resources/main/de/uka/ilkd/key/proof/rules/javaRules.key:2104:15
	at de.uka.ilkd.key.nparser.builder.AbstractBuilder.accept(AbstractBuilder.java:54)
Caused by: com.github.javaparser.resolution.UnsolvedSymbolException: Unsolved symbol in de.uka.ilkd.key.java.JavaParserFactory$DynamicTypeSolver@60686d5f : java.lang.Object
	at com.github.javaparser.resolution.TypeSolver.solveType(TypeSolver.java:71)

164736     ERROR Test worker     d.u.i.k.n.b.AbstractBuilder  com.github.javaparser.resolution.UnsolvedSymbolException: Unsolved symbol in de.uka.ilkd.key.java.JavaParserFactory$DynamicTypeSolver@60686d5f : java.lang.Object
	at com.github.javaparser.resolution.TypeSolver.solveType(TypeSolver.java:71)

164736     ERROR Test worker     d.u.i.k.n.b.TacletPBuilder Error in parsing taclet. de.uka.ilkd.key.util.parsing.BuildingException: Unsolved symbol in de.uka.ilkd.key.java.JavaParserFactory$DynamicTypeSolver@60686d5f : java.lang.Object at file:/D:/a/key/key/key.core/build/resources/main/de/uka/ilkd/key/proof/rules/javaRules.key:2111:15
	at de.uka.ilkd.key.nparser.builder.AbstractBuilder.accept(AbstractBuilder.java:54)
Caused by: com.github.javaparser.resolution.UnsolvedSymbolException: Unsolved symbol in de.uka.ilkd.key.java.JavaParserFactory$DynamicTypeSolver@60686d5f : java.lang.Object
	at com.github.javaparser.resolution.TypeSolver.solveType(TypeSolver.java:71)

164737     ERROR Test worker     d.u.i.k.n.b.AbstractBuilder  com.github.javaparser.resolution.UnsolvedSymbolException: Unsolved symbol in de.uka.ilkd.key.java.JavaParserFactory$DynamicTypeSolver@60686d5f : java.lang.Object
	at com.github.javaparser.resolution.TypeSolver.solveType(TypeSolver.java:71)

164737     ERROR Test worker     d.u.i.k.n.b.TacletPBuilder Error in parsing taclet. de.uka.ilkd.key.util.parsing.BuildingException: Unsolved symbol in de.uka.ilkd.key.java.JavaParserFactory$DynamicTypeSolver@60686d5f : java.lang.Object at file:/D:/a/key/key/key.core/build/resources/main/de/uka/ilkd/key/proof/rules/javaRules.key:2123:15
	at de.uka.ilkd.key.nparser.builder.AbstractBuilder.accept(AbstractBuilder.java:54)
Caused by: com.github.javaparser.resolution.UnsolvedSymbolException: Unsolved symbol in de.uka.ilkd.key.java.JavaParserFactory$DynamicTypeSolver@60686d5f : java.lang.Object
	at com.github.javaparser.resolution.TypeSolver.solveType(TypeSolver.java:71)

164739     ERROR Test worker     d.u.i.k.n.b.AbstractBuilder  com.github.javaparser.resolution.UnsolvedSymbolException: Unsolved symbol in de.uka.ilkd.key.java.JavaParserFactory$DynamicTypeSolver@60686d5f : java.lang.Object
	at com.github.javaparser.resolution.TypeSolver.solveType(TypeSolver.java:71)

164739     ERROR Test worker     d.u.i.k.n.b.TacletPBuilder Error in parsing taclet. de.uka.ilkd.key.util.parsing.BuildingException: Unsolved symbol in de.uka.ilkd.key.java.JavaParserFactory$DynamicTypeSolver@60686d5f : java.lang.Object at file:/D:/a/key/key/key.core/build/resources/main/de/uka/ilkd/key/proof/rules/javaRules.key:2133:15
	at de.uka.ilkd.key.nparser.builder.AbstractBuilder.accept(AbstractBuilder.java:54)
Caused by: com.github.javaparser.resolution.UnsolvedSymbolException: Unsolved symbol in de.uka.ilkd.key.java.JavaParserFactory$DynamicTypeSolver@60686d5f : java.lang.Object
	at com.github.javaparser.resolution.TypeSolver.solveType(TypeSolver.java:71)

164741     ERROR Test worker     d.u.i.k.n.b.AbstractBuilder  com.github.javaparser.resolution.UnsolvedSymbolException: Unsolved symbol in de.uka.ilkd.key.java.JavaParserFactory$DynamicTypeSolver@60686d5f : java.lang.Object
	at com.github.javaparser.resolution.TypeSolver.solveType(TypeSolver.java:71)

164741     ERROR Test worker     d.u.i.k.n.b.TacletPBuilder Error in parsing taclet. de.uka.ilkd.key.util.parsing.BuildingException: Unsolved symbol in de.uka.ilkd.key.java.JavaParserFactory$DynamicTypeSolver@60686d5f : java.lang.Object at file:/D:/a/key/key/key.core/build/resources/main/de/uka/ilkd/key/proof/rules/javaRules.key:2140:15
	at de.uka.ilkd.key.nparser.builder.AbstractBuilder.accept(AbstractBuilder.java:54)
Caused by: com.github.javaparser.resolution.UnsolvedSymbolException: Unsolved symbol in de.uka.ilkd.key.java.JavaParserFactory$DynamicTypeSolver@60686d5f : java.lang.Object
	at com.github.javaparser.resolution.TypeSolver.solveType(TypeSolver.java:71)

164742     ERROR Test worker     d.u.i.k.n.b.AbstractBuilder  com.github.javaparser.resolution.UnsolvedSymbolException: Unsolved symbol in de.uka.ilkd.key.java.JavaParserFactory$DynamicTypeSolver@60686d5f : java.lang.Object
	at com.github.javaparser.resolution.TypeSolver.solveType(TypeSolver.java:71)

164743     ERROR Test worker     d.u.i.k.n.b.TacletPBuilder Error in parsing taclet. de.uka.ilkd.key.util.parsing.BuildingException: Unsolved symbol in de.uka.ilkd.key.java.JavaParserFactory$DynamicTypeSolver@60686d5f : java.lang.Object at file:/D:/a/key/key/key.core/build/resources/main/de/uka/ilkd/key/proof/rules/javaRules.key:2152:15
	at de.uka.ilkd.key.nparser.builder.AbstractBuilder.accept(AbstractBuilder.java:54)
Caused by: com.github.javaparser.resolution.UnsolvedSymbolException: Unsolved symbol in de.uka.ilkd.key.java.JavaParserFactory$DynamicTypeSolver@60686d5f : java.lang.Object
	at com.github.javaparser.resolution.TypeSolver.solveType(TypeSolver.java:71)

164744     ERROR Test worker     d.u.i.k.n.b.AbstractBuilder  com.github.javaparser.resolution.UnsolvedSymbolException: Unsolved symbol in de.uka.ilkd.key.java.JavaParserFactory$DynamicTypeSolver@60686d5f : java.lang.Object
	at com.github.javaparser.resolution.TypeSolver.solveType(TypeSolver.java:71)

164744     ERROR Test worker     d.u.i.k.n.b.TacletPBuilder Error in parsing taclet. de.uka.ilkd.key.util.parsing.BuildingException: Unsolved symbol in de.uka.ilkd.key.java.JavaParserFactory$DynamicTypeSolver@60686d5f : java.lang.Object at file:/D:/a/key/key/key.core/build/resources/main/de/uka/ilkd/key/proof/rules/javaRules.key:2162:15
	at de.uka.ilkd.key.nparser.builder.AbstractBuilder.accept(AbstractBuilder.java:54)
Caused by: com.github.javaparser.resolution.UnsolvedSymbolException: Unsolved symbol in de.uka.ilkd.key.java.JavaParserFactory$DynamicTypeSolver@60686d5f : java.lang.Object
	at com.github.javaparser.resolution.TypeSolver.solveType(TypeSolver.java:71)

164746     ERROR Test worker     d.u.i.k.n.b.AbstractBuilder  com.github.javaparser.resolution.UnsolvedSymbolException: Unsolved symbol in de.uka.ilkd.key.java.JavaParserFactory$DynamicTypeSolver@60686d5f : java.lang.Object
	at com.github.javaparser.resolution.TypeSolver.solveType(TypeSolver.java:71)

164746     ERROR Test worker     d.u.i.k.n.b.TacletPBuilder Error in parsing taclet. de.uka.ilkd.key.util.parsing.BuildingException: Unsolved symbol in de.uka.ilkd.key.java.JavaParserFactory$DynamicTypeSolver@60686d5f : java.lang.Object at file:/D:/a/key/key/key.core/build/resources/main/de/uka/ilkd/key/proof/rules/javaRules.key:2169:15
	at de.uka.ilkd.key.nparser.builder.AbstractBuilder.accept(AbstractBuilder.java:54)
Caused by: com.github.javaparser.resolution.UnsolvedSymbolException: Unsolved symbol in de.uka.ilkd.key.java.JavaParserFactory$DynamicTypeSolver@60686d5f : java.lang.Object
	at com.github.javaparser.resolution.TypeSolver.solveType(TypeSolver.java:71)

164748     ERROR Test worker     d.u.i.k.n.b.AbstractBuilder  com.github.javaparser.resolution.UnsolvedSymbolException: Unsolved symbol in de.uka.ilkd.key.java.JavaParserFactory$DynamicTypeSolver@60686d5f : java.lang.Object
	at com.github.javaparser.resolution.TypeSolver.solveType(TypeSolver.java:71)

164748     ERROR Test worker     d.u.i.k.n.b.TacletPBuilder Error in parsing taclet. de.uka.ilkd.key.util.parsing.BuildingException: Unsolved symbol in de.uka.ilkd.key.java.JavaParserFactory$DynamicTypeSolver@60686d5f : java.lang.Object at file:/D:/a/key/key/key.core/build/resources/main/de/uka/ilkd/key/proof/rules/javaRules.key:2181:15
	at de.uka.ilkd.key.nparser.builder.AbstractBuilder.accept(AbstractBuilder.java:54)
Caused by: com.github.javaparser.resolution.UnsolvedSymbolException: Unsolved symbol in de.uka.ilkd.key.java.JavaParserFactory$DynamicTypeSolver@60686d5f : java.lang.Object
	at com.github.javaparser.resolution.TypeSolver.solveType(TypeSolver.java:71)

164749     ERROR Test worker     d.u.i.k.n.b.AbstractBuilder  com.github.javaparser.resolution.UnsolvedSymbolException: Unsolved symbol in de.uka.ilkd.key.java.JavaParserFactory$DynamicTypeSolver@60686d5f : java.lang.Object
	at com.github.javaparser.resolution.TypeSolver.solveType(TypeSolver.java:71)

164750     ERROR Test worker     d.u.i.k.n.b.TacletPBuilder Error in parsing taclet. de.uka.ilkd.key.util.parsing.BuildingException: Unsolved symbol in de.uka.ilkd.key.java.JavaParserFactory$DynamicTypeSolver@60686d5f : java.lang.Object at file:/D:/a/key/key/key.core/build/resources/main/de/uka/ilkd/key/proof/rules/javaRules.key:2191:15
	at de.uka.ilkd.key.nparser.builder.AbstractBuilder.accept(AbstractBuilder.java:54)
Caused by: com.github.javaparser.resolution.UnsolvedSymbolException: Unsolved symbol in de.uka.ilkd.key.java.JavaParserFactory$DynamicTypeSolver@60686d5f : java.lang.Object
	at com.github.javaparser.resolution.TypeSolver.solveType(TypeSolver.java:71)

164751     ERROR Test worker     d.u.i.k.n.b.AbstractBuilder  com.github.javaparser.resolution.UnsolvedSymbolException: Unsolved symbol in de.uka.ilkd.key.java.JavaParserFactory$DynamicTypeSolver@60686d5f : java.lang.Object
	at com.github.javaparser.resolution.TypeSolver.solveType(TypeSolver.java:71)

164751     ERROR Test worker     d.u.i.k.n.b.TacletPBuilder Error in parsing taclet. de.uka.ilkd.key.util.parsing.BuildingException: Unsolved symbol in de.uka.ilkd.key.java.JavaParserFactory$DynamicTypeSolver@60686d5f : java.lang.Object at file:/D:/a/key/key/key.core/build/resources/main/de/uka/ilkd/key/proof/rules/javaRules.key:2198:15
	at de.uka.ilkd.key.nparser.builder.AbstractBuilder.accept(AbstractBuilder.java:54)
Caused by: com.github.javaparser.resolution.UnsolvedSymbolException: Unsolved symbol in de.uka.ilkd.key.java.JavaParserFactory$DynamicTypeSolver@60686d5f : java.lang.Object
	at com.github.javaparser.resolution.TypeSolver.solveType(TypeSolver.java:71)

164753     ERROR Test worker     d.u.i.k.n.b.AbstractBuilder  com.github.javaparser.resolution.UnsolvedSymbolException: Unsolved symbol in de.uka.ilkd.key.java.JavaParserFactory$DynamicTypeSolver@60686d5f : java.lang.Object
	at com.github.javaparser.resolution.TypeSolver.solveType(TypeSolver.java:71)

164753     ERROR Test worker     d.u.i.k.n.b.TacletPBuilder Error in parsing taclet. de.uka.ilkd.key.util.parsing.BuildingException: Unsolved symbol in de.uka.ilkd.key.java.JavaParserFactory$DynamicTypeSolver@60686d5f : java.lang.Object at file:/D:/a/key/key/key.core/build/resources/main/de/uka/ilkd/key/proof/rules/javaRules.key:2210:15
	at de.uka.ilkd.key.nparser.builder.AbstractBuilder.accept(AbstractBuilder.java:54)
Caused by: com.github.javaparser.resolution.UnsolvedSymbolException: Unsolved symbol in de.uka.ilkd.key.java.JavaParserFactory$DynamicTypeSolver@60686d5f : java.lang.Object
	at com.github.javaparser.resolution.TypeSolver.solveType(TypeSolver.java:71)

164754     ERROR Test worker     d.u.i.k.n.b.AbstractBuilder  com.github.javaparser.resolution.UnsolvedSymbolException: Unsolved symbol in de.uka.ilkd.key.java.JavaParserFactory$DynamicTypeSolver@60686d5f : java.lang.Object
	at com.github.javaparser.resolution.TypeSolver.solveType(TypeSolver.java:71)

164755     ERROR Test worker     d.u.i.k.n.b.TacletPBuilder Error in parsing taclet. de.uka.ilkd.key.util.parsing.BuildingException: Unsolved symbol in de.uka.ilkd.key.java.JavaParserFactory$DynamicTypeSolver@60686d5f : java.lang.Object at file:/D:/a/key/key/key.core/build/resources/main/de/uka/ilkd/key/proof/rules/javaRules.key:2220:15
	at de.uka.ilkd.key.nparser.builder.AbstractBuilder.accept(AbstractBuilder.java:54)
Caused by: com.github.javaparser.resolution.UnsolvedSymbolException: Unsolved symbol in de.uka.ilkd.key.java.JavaParserFactory$DynamicTypeSolver@60686d5f : java.lang.Object
	at com.github.javaparser.resolution.TypeSolver.solveType(TypeSolver.java:71)

164756     ERROR Test worker     d.u.i.k.n.b.AbstractBuilder  com.github.javaparser.resolution.UnsolvedSymbolException: Unsolved symbol in de.uka.ilkd.key.java.JavaParserFactory$DynamicTypeSolver@60686d5f : java.lang.Object
	at com.github.javaparser.resolution.TypeSolver.solveType(TypeSolver.java:71)

164757     ERROR Test worker     d.u.i.k.n.b.TacletPBuilder Error in parsing taclet. de.uka.ilkd.key.util.parsing.BuildingException: Unsolved symbol in de.uka.ilkd.key.java.JavaParserFactory$DynamicTypeSolver@60686d5f : java.lang.Object at file:/D:/a/key/key/key.core/build/resources/main/de/uka/ilkd/key/proof/rules/javaRules.key:2227:15
	at de.uka.ilkd.key.nparser.builder.AbstractBuilder.accept(AbstractBuilder.java:54)
Caused by: com.github.javaparser.resolution.UnsolvedSymbolException: Unsolved symbol in de.uka.ilkd.key.java.JavaParserFactory$DynamicTypeSolver@60686d5f : java.lang.Object
	at com.github.javaparser.resolution.TypeSolver.solveType(TypeSolver.java:71)

164758     ERROR Test worker     d.u.i.k.n.b.AbstractBuilder  com.github.javaparser.resolution.UnsolvedSymbolException: Unsolved symbol in de.uka.ilkd.key.java.JavaParserFactory$DynamicTypeSolver@60686d5f : java.lang.Object
	at com.github.javaparser.resolution.TypeSolver.solveType(TypeSolver.java:71)

164759     ERROR Test worker     d.u.i.k.n.b.TacletPBuilder Error in parsing taclet. de.uka.ilkd.key.util.parsing.BuildingException: Unsolved symbol in de.uka.ilkd.key.java.JavaParserFactory$DynamicTypeSolver@60686d5f : java.lang.Object at file:/D:/a/key/key/key.core/build/resources/main/de/uka/ilkd/key/proof/rules/javaRules.key:2239:15
	at de.uka.ilkd.key.nparser.builder.AbstractBuilder.accept(AbstractBuilder.java:54)
Caused by: com.github.javaparser.resolution.UnsolvedSymbolException: Unsolved symbol in de.uka.ilkd.key.java.JavaParserFactory$DynamicTypeSolver@60686d5f : java.lang.Object
	at com.github.javaparser.resolution.TypeSolver.solveType(TypeSolver.java:71)

164760     ERROR Test worker     d.u.i.k.n.b.AbstractBuilder  com.github.javaparser.resolution.UnsolvedSymbolException: Unsolved symbol in de.uka.ilkd.key.java.JavaParserFactory$DynamicTypeSolver@60686d5f : java.lang.Object
	at com.github.javaparser.resolution.TypeSolver.solveType(TypeSolver.java:71)

164761     ERROR Test worker     d.u.i.k.n.b.TacletPBuilder Error in parsing taclet. de.uka.ilkd.key.util.parsing.BuildingException: Unsolved symbol in de.uka.ilkd.key.java.JavaParserFactory$DynamicTypeSolver@60686d5f : java.lang.Object at file:/D:/a/key/key/key.core/build/resources/main/de/uka/ilkd/key/proof/rules/javaRules.key:2249:15
	at de.uka.ilkd.key.nparser.builder.AbstractBuilder.accept(AbstractBuilder.java:54)
Caused by: com.github.javaparser.resolution.UnsolvedSymbolException: Unsolved symbol in de.uka.ilkd.key.java.JavaParserFactory$DynamicTypeSolver@60686d5f : java.lang.Object
	at com.github.javaparser.resolution.TypeSolver.solveType(TypeSolver.java:71)

164762     ERROR Test worker     d.u.i.k.n.b.AbstractBuilder  com.github.javaparser.resolution.UnsolvedSymbolException: Unsolved symbol in de.uka.ilkd.key.java.JavaParserFactory$DynamicTypeSolver@60686d5f : java.lang.Object
	at com.github.javaparser.resolution.TypeSolver.solveType(TypeSolver.java:71)

164762     ERROR Test worker     d.u.i.k.n.b.TacletPBuilder Error in parsing taclet. de.uka.ilkd.key.util.parsing.BuildingException: Unsolved symbol in de.uka.ilkd.key.java.JavaParserFactory$DynamicTypeSolver@60686d5f : java.lang.Object at file:/D:/a/key/key/key.core/build/resources/main/de/uka/ilkd/key/proof/rules/javaRules.key:2256:15
	at de.uka.ilkd.key.nparser.builder.AbstractBuilder.accept(AbstractBuilder.java:54)
Caused by: com.github.javaparser.resolution.UnsolvedSymbolException: Unsolved symbol in de.uka.ilkd.key.java.JavaParserFactory$DynamicTypeSolver@60686d5f : java.lang.Object
	at com.github.javaparser.resolution.TypeSolver.solveType(TypeSolver.java:71)

164764     ERROR Test worker     d.u.i.k.n.b.AbstractBuilder  com.github.javaparser.resolution.UnsolvedSymbolException: Unsolved symbol in de.uka.ilkd.key.java.JavaParserFactory$DynamicTypeSolver@60686d5f : java.lang.Object
	at com.github.javaparser.resolution.TypeSolver.solveType(TypeSolver.java:71)

164764     ERROR Test worker     d.u.i.k.n.b.TacletPBuilder Error in parsing taclet. de.uka.ilkd.key.util.parsing.BuildingException: Unsolved symbol in de.uka.ilkd.key.java.JavaParserFactory$DynamicTypeSolver@60686d5f : java.lang.Object at file:/D:/a/key/key/key.core/build/resources/main/de/uka/ilkd/key/proof/rules/javaRules.key:2268:15
	at de.uka.ilkd.key.nparser.builder.AbstractBuilder.accept(AbstractBuilder.java:54)
Caused by: com.github.javaparser.resolution.UnsolvedSymbolException: Unsolved symbol in de.uka.ilkd.key.java.JavaParserFactory$DynamicTypeSolver@60686d5f : java.lang.Object
	at com.github.javaparser.resolution.TypeSolver.solveType(TypeSolver.java:71)

164766     ERROR Test worker     d.u.i.k.n.b.AbstractBuilder  com.github.javaparser.resolution.UnsolvedSymbolException: Unsolved symbol in de.uka.ilkd.key.java.JavaParserFactory$DynamicTypeSolver@60686d5f : java.lang.Object
	at com.github.javaparser.resolution.TypeSolver.solveType(TypeSolver.java:71)

164766     ERROR Test worker     d.u.i.k.n.b.TacletPBuilder Error in parsing taclet. de.uka.ilkd.key.util.parsing.BuildingException: Unsolved symbol in de.uka.ilkd.key.java.JavaParserFactory$DynamicTypeSolver@60686d5f : java.lang.Object at file:/D:/a/key/key/key.core/build/resources/main/de/uka/ilkd/key/proof/rules/javaRules.key:2278:15
	at de.uka.ilkd.key.nparser.builder.AbstractBuilder.accept(AbstractBuilder.java:54)
Caused by: com.github.javaparser.resolution.UnsolvedSymbolException: Unsolved symbol in de.uka.ilkd.key.java.JavaParserFactory$DynamicTypeSolver@60686d5f : java.lang.Object
	at com.github.javaparser.resolution.TypeSolver.solveType(TypeSolver.java:71)

164767     ERROR Test worker     d.u.i.k.n.b.AbstractBuilder  com.github.javaparser.resolution.UnsolvedSymbolException: Unsolved symbol in de.uka.ilkd.key.java.JavaParserFactory$DynamicTypeSolver@60686d5f : java.lang.Object
	at com.github.javaparser.resolution.TypeSolver.solveType(TypeSolver.java:71)

164768     ERROR Test worker     d.u.i.k.n.b.TacletPBuilder Error in parsing taclet. de.uka.ilkd.key.util.parsing.BuildingException: Unsolved symbol in de.uka.ilkd.key.java.JavaParserFactory$DynamicTypeSolver@60686d5f : java.lang.Object at file:/D:/a/key/key/key.core/build/resources/main/de/uka/ilkd/key/proof/rules/javaRules.key:2289:15
	at de.uka.ilkd.key.nparser.builder.AbstractBuilder.accept(AbstractBuilder.java:54)
Caused by: com.github.javaparser.resolution.UnsolvedSymbolException: Unsolved symbol in de.uka.ilkd.key.java.JavaParserFactory$DynamicTypeSolver@60686d5f : java.lang.Object
	at com.github.javaparser.resolution.TypeSolver.solveType(TypeSolver.java:71)

164769     ERROR Test worker     d.u.i.k.n.b.AbstractBuilder  com.github.javaparser.resolution.UnsolvedSymbolException: Unsolved symbol in de.uka.ilkd.key.java.JavaParserFactory$DynamicTypeSolver@60686d5f : java.lang.Object
	at com.github.javaparser.resolution.TypeSolver.solveType(TypeSolver.java:71)

164769     ERROR Test worker     d.u.i.k.n.b.TacletPBuilder Error in parsing taclet. de.uka.ilkd.key.util.parsing.BuildingException: Unsolved symbol in de.uka.ilkd.key.java.JavaParserFactory$DynamicTypeSolver@60686d5f : java.lang.Object at file:/D:/a/key/key/key.core/build/resources/main/de/uka/ilkd/key/proof/rules/javaRules.key:2295:15
	at de.uka.ilkd.key.nparser.builder.AbstractBuilder.accept(AbstractBuilder.java:54)
Caused by: com.github.javaparser.resolution.UnsolvedSymbolException: Unsolved symbol in de.uka.ilkd.key.java.JavaParserFactory$DynamicTypeSolver@60686d5f : java.lang.Object
	at com.github.javaparser.resolution.TypeSolver.solveType(TypeSolver.java:71)

164771     ERROR Test worker     d.u.i.k.n.b.AbstractBuilder  com.github.javaparser.resolution.UnsolvedSymbolException: Unsolved symbol in de.uka.ilkd.key.java.JavaParserFactory$DynamicTypeSolver@60686d5f : java.lang.Object
	at com.github.javaparser.resolution.TypeSolver.solveType(TypeSolver.java:71)

164771     ERROR Test worker     d.u.i.k.n.b.TacletPBuilder Error in parsing taclet. de.uka.ilkd.key.util.parsing.BuildingException: Unsolved symbol in de.uka.ilkd.key.java.JavaParserFactory$DynamicTypeSolver@60686d5f : java.lang.Object at file:/D:/a/key/key/key.core/build/resources/main/de/uka/ilkd/key/proof/rules/javaRules.key:2302:15
	at de.uka.ilkd.key.nparser.builder.AbstractBuilder.accept(AbstractBuilder.java:54)
Caused by: com.github.javaparser.resolution.UnsolvedSymbolException: Unsolved symbol in de.uka.ilkd.key.java.JavaParserFactory$DynamicTypeSolver@60686d5f : java.lang.Object
	at com.github.javaparser.resolution.TypeSolver.solveType(TypeSolver.java:71)

164773     ERROR Test worker     d.u.i.k.n.b.AbstractBuilder  com.github.javaparser.resolution.UnsolvedSymbolException: Unsolved symbol in de.uka.ilkd.key.java.JavaParserFactory$DynamicTypeSolver@60686d5f : java.lang.Object
	at com.github.javaparser.resolution.TypeSolver.solveType(TypeSolver.java:71)

164773     ERROR Test worker     d.u.i.k.n.b.TacletPBuilder Error in parsing taclet. de.uka.ilkd.key.util.parsing.BuildingException: Unsolved symbol in de.uka.ilkd.key.java.JavaParserFactory$DynamicTypeSolver@60686d5f : java.lang.Object at file:/D:/a/key/key/key.core/build/resources/main/de/uka/ilkd/key/proof/rules/javaRules.key:2309:15
	at de.uka.ilkd.key.nparser.builder.AbstractBuilder.accept(AbstractBuilder.java:54)
Caused by: com.github.javaparser.resolution.UnsolvedSymbolException: Unsolved symbol in de.uka.ilkd.key.java.JavaParserFactory$DynamicTypeSolver@60686d5f : java.lang.Object
	at com.github.javaparser.resolution.TypeSolver.solveType(TypeSolver.java:71)

164774     ERROR Test worker     d.u.i.k.n.b.AbstractBuilder  com.github.javaparser.resolution.UnsolvedSymbolException: Unsolved symbol in de.uka.ilkd.key.java.JavaParserFactory$DynamicTypeSolver@60686d5f : java.lang.Object
	at com.github.javaparser.resolution.TypeSolver.solveType(TypeSolver.java:71)

164774     ERROR Test worker     d.u.i.k.n.b.TacletPBuilder Error in parsing taclet. de.uka.ilkd.key.util.parsing.BuildingException: Unsolved symbol in de.uka.ilkd.key.java.JavaParserFactory$DynamicTypeSolver@60686d5f : java.lang.Object at file:/D:/a/key/key/key.core/build/resources/main/de/uka/ilkd/key/proof/rules/javaRules.key:2316:15
	at de.uka.ilkd.key.nparser.builder.AbstractBuilder.accept(AbstractBuilder.java:54)
Caused by: com.github.javaparser.resolution.UnsolvedSymbolException: Unsolved symbol in de.uka.ilkd.key.java.JavaParserFactory$DynamicTypeSolver@60686d5f : java.lang.Object
	at com.github.javaparser.resolution.TypeSolver.solveType(TypeSolver.java:71)

164776     ERROR Test worker     d.u.i.k.n.b.AbstractBuilder  com.github.javaparser.resolution.UnsolvedSymbolException: Unsolved symbol in de.uka.ilkd.key.java.JavaParserFactory$DynamicTypeSolver@60686d5f : java.lang.Object
	at com.github.javaparser.resolution.TypeSolver.solveType(TypeSolver.java:71)

164776     ERROR Test worker     d.u.i.k.n.b.TacletPBuilder Error in parsing taclet. de.uka.ilkd.key.util.parsing.BuildingException: Unsolved symbol in de.uka.ilkd.key.java.JavaParserFactory$DynamicTypeSolver@60686d5f : java.lang.Object at file:/D:/a/key/key/key.core/build/resources/main/de/uka/ilkd/key/proof/rules/javaRules.key:2323:15
	at de.uka.ilkd.key.nparser.builder.AbstractBuilder.accept(AbstractBuilder.java:54)
Caused by: com.github.javaparser.resolution.UnsolvedSymbolException: Unsolved symbol in de.uka.ilkd.key.java.JavaParserFactory$DynamicTypeSolver@60686d5f : java.lang.Object
	at com.github.javaparser.resolution.TypeSolver.solveType(TypeSolver.java:71)

164778     ERROR Test worker     d.u.i.k.n.b.AbstractBuilder  com.github.javaparser.resolution.UnsolvedSymbolException: Unsolved symbol in de.uka.ilkd.key.java.JavaParserFactory$DynamicTypeSolver@60686d5f : java.lang.Object
	at com.github.javaparser.resolution.TypeSolver.solveType(TypeSolver.java:71)

164778     ERROR Test worker     d.u.i.k.n.b.TacletPBuilder Error in parsing taclet. de.uka.ilkd.key.util.parsing.BuildingException: Unsolved symbol in de.uka.ilkd.key.java.JavaParserFactory$DynamicTypeSolver@60686d5f : java.lang.Object at file:/D:/a/key/key/key.core/build/resources/main/de/uka/ilkd/key/proof/rules/javaRules.key:2330:15
	at de.uka.ilkd.key.nparser.builder.AbstractBuilder.accept(AbstractBuilder.java:54)
Caused by: com.github.javaparser.resolution.UnsolvedSymbolException: Unsolved symbol in de.uka.ilkd.key.java.JavaParserFactory$DynamicTypeSolver@60686d5f : java.lang.Object
	at com.github.javaparser.resolution.TypeSolver.solveType(TypeSolver.java:71)

164780     ERROR Test worker     d.u.i.k.n.b.AbstractBuilder  com.github.javaparser.resolution.UnsolvedSymbolException: Unsolved symbol in de.uka.ilkd.key.java.JavaParserFactory$DynamicTypeSolver@60686d5f : java.lang.Object
	at com.github.javaparser.resolution.TypeSolver.solveType(TypeSolver.java:71)

164780     ERROR Test worker     d.u.i.k.n.b.TacletPBuilder Error in parsing taclet. de.uka.ilkd.key.util.parsing.BuildingException: Unsolved symbol in de.uka.ilkd.key.java.JavaParserFactory$DynamicTypeSolver@60686d5f : java.lang.Object at file:/D:/a/key/key/key.core/build/resources/main/de/uka/ilkd/key/proof/rules/javaRules.key:2337:15
	at de.uka.ilkd.key.nparser.builder.AbstractBuilder.accept(AbstractBuilder.java:54)
Caused by: com.github.javaparser.resolution.UnsolvedSymbolException: Unsolved symbol in de.uka.ilkd.key.java.JavaParserFactory$DynamicTypeSolver@60686d5f : java.lang.Object
	at com.github.javaparser.resolution.TypeSolver.solveType(TypeSolver.java:71)

164781     ERROR Test worker     d.u.i.k.n.b.AbstractBuilder  com.github.javaparser.resolution.UnsolvedSymbolException: Unsolved symbol in de.uka.ilkd.key.java.JavaParserFactory$DynamicTypeSolver@60686d5f : java.lang.Object
	at com.github.javaparser.resolution.TypeSolver.solveType(TypeSolver.java:71)

164781     ERROR Test worker     d.u.i.k.n.b.TacletPBuilder Error in parsing taclet. de.uka.ilkd.key.util.parsing.BuildingException: Unsolved symbol in de.uka.ilkd.key.java.JavaParserFactory$DynamicTypeSolver@60686d5f : java.lang.Object at file:/D:/a/key/key/key.core/build/resources/main/de/uka/ilkd/key/proof/rules/javaRules.key:2344:15
	at de.uka.ilkd.key.nparser.builder.AbstractBuilder.accept(AbstractBuilder.java:54)
Caused by: com.github.javaparser.resolution.UnsolvedSymbolException: Unsolved symbol in de.uka.ilkd.key.java.JavaParserFactory$DynamicTypeSolver@60686d5f : java.lang.Object
	at com.github.javaparser.resolution.TypeSolver.solveType(TypeSolver.java:71)

164783     ERROR Test worker     d.u.i.k.n.b.AbstractBuilder  com.github.javaparser.resolution.UnsolvedSymbolException: Unsolved symbol in de.uka.ilkd.key.java.JavaParserFactory$DynamicTypeSolver@60686d5f : java.lang.Object
	at com.github.javaparser.resolution.TypeSolver.solveType(TypeSolver.java:71)

164783     ERROR Test worker     d.u.i.k.n.b.TacletPBuilder Error in parsing taclet. de.uka.ilkd.key.util.parsing.BuildingException: Unsolved symbol in de.uka.ilkd.key.java.JavaParserFactory$DynamicTypeSolver@60686d5f : java.lang.Object at file:/D:/a/key/key/key.core/build/resources/main/de/uka/ilkd/key/proof/rules/javaRules.key:2355:15
	at de.uka.ilkd.key.nparser.builder.AbstractBuilder.accept(AbstractBuilder.java:54)
Caused by: com.github.javaparser.resolution.UnsolvedSymbolException: Unsolved symbol in de.uka.ilkd.key.java.JavaParserFactory$DynamicTypeSolver@60686d5f : java.lang.Object
	at com.github.javaparser.resolution.TypeSolver.solveType(TypeSolver.java:71)

164785     ERROR Test worker     d.u.i.k.n.b.AbstractBuilder  com.github.javaparser.resolution.UnsolvedSymbolException: Unsolved symbol in de.uka.ilkd.key.java.JavaParserFactory$DynamicTypeSolver@60686d5f : java.lang.Object
	at com.github.javaparser.resolution.TypeSolver.solveType(TypeSolver.java:71)

164785     ERROR Test worker     d.u.i.k.n.b.TacletPBuilder Error in parsing taclet. de.uka.ilkd.key.util.parsing.BuildingException: Unsolved symbol in de.uka.ilkd.key.java.JavaParserFactory$DynamicTypeSolver@60686d5f : java.lang.Object at file:/D:/a/key/key/key.core/build/resources/main/de/uka/ilkd/key/proof/rules/javaRules.key:2360:15
	at de.uka.ilkd.key.nparser.builder.AbstractBuilder.accept(AbstractBuilder.java:54)
Caused by: com.github.javaparser.resolution.UnsolvedSymbolException: Unsolved symbol in de.uka.ilkd.key.java.JavaParserFactory$DynamicTypeSolver@60686d5f : java.lang.Object
	at com.github.javaparser.resolution.TypeSolver.solveType(TypeSolver.java:71)

164786     ERROR Test worker     d.u.i.k.n.b.AbstractBuilder  com.github.javaparser.resolution.UnsolvedSymbolException: Unsolved symbol in de.uka.ilkd.key.java.JavaParserFactory$DynamicTypeSolver@60686d5f : java.lang.Object
	at com.github.javaparser.resolution.TypeSolver.solveType(TypeSolver.java:71)

164787     ERROR Test worker     d.u.i.k.n.b.TacletPBuilder Error in parsing taclet. de.uka.ilkd.key.util.parsing.BuildingException: Unsolved symbol in de.uka.ilkd.key.java.JavaParserFactory$DynamicTypeSolver@60686d5f : java.lang.Object at file:/D:/a/key/key/key.core/build/resources/main/de/uka/ilkd/key/proof/rules/javaRules.key:2366:15
	at de.uka.ilkd.key.nparser.builder.AbstractBuilder.accept(AbstractBuilder.java:54)
Caused by: com.github.javaparser.resolution.UnsolvedSymbolException: Unsolved symbol in de.uka.ilkd.key.java.JavaParserFactory$DynamicTypeSolver@60686d5f : java.lang.Object
	at com.github.javaparser.resolution.TypeSolver.solveType(TypeSolver.java:71)

164788     ERROR Test worker     d.u.i.k.n.b.AbstractBuilder  com.github.javaparser.resolution.UnsolvedSymbolException: Unsolved symbol in de.uka.ilkd.key.java.JavaParserFactory$DynamicTypeSolver@60686d5f : java.lang.Object
	at com.github.javaparser.resolution.TypeSolver.solveType(TypeSolver.java:71)

164788     ERROR Test worker     d.u.i.k.n.b.TacletPBuilder Error in parsing taclet. de.uka.ilkd.key.util.parsing.BuildingException: Unsolved symbol in de.uka.ilkd.key.java.JavaParserFactory$DynamicTypeSolver@60686d5f : java.lang.Object at file:/D:/a/key/key/key.core/build/resources/main/de/uka/ilkd/key/proof/rules/javaRules.key:2376:15
	at de.uka.ilkd.key.nparser.builder.AbstractBuilder.accept(AbstractBuilder.java:54)
Caused by: com.github.javaparser.resolution.UnsolvedSymbolException: Unsolved symbol in de.uka.ilkd.key.java.JavaParserFactory$DynamicTypeSolver@60686d5f : java.lang.Object
	at com.github.javaparser.resolution.TypeSolver.solveType(TypeSolver.java:71)

164790     ERROR Test worker     d.u.i.k.n.b.AbstractBuilder  com.github.javaparser.resolution.UnsolvedSymbolException: Unsolved symbol in de.uka.ilkd.key.java.JavaParserFactory$DynamicTypeSolver@60686d5f : java.lang.Object
	at com.github.javaparser.resolution.TypeSolver.solveType(TypeSolver.java:71)

164791     ERROR Test worker     d.u.i.k.n.b.TacletPBuilder Error in parsing taclet. de.uka.ilkd.key.util.parsing.BuildingException: Unsolved symbol in de.uka.ilkd.key.java.JavaParserFactory$DynamicTypeSolver@60686d5f : java.lang.Object at file:/D:/a/key/key/key.core/build/resources/main/de/uka/ilkd/key/proof/rules/javaRules.key:2384:15
	at de.uka.ilkd.key.nparser.builder.AbstractBuilder.accept(AbstractBuilder.java:54)
Caused by: com.github.javaparser.resolution.UnsolvedSymbolException: Unsolved symbol in de.uka.ilkd.key.java.JavaParserFactory$DynamicTypeSolver@60686d5f : java.lang.Object
	at com.github.javaparser.resolution.TypeSolver.solveType(TypeSolver.java:71)

164793     ERROR Test worker     d.u.i.k.n.b.AbstractBuilder  com.github.javaparser.resolution.UnsolvedSymbolException: Unsolved symbol in de.uka.ilkd.key.java.JavaParserFactory$DynamicTypeSolver@60686d5f : java.lang.Object
	at com.github.javaparser.resolution.TypeSolver.solveType(TypeSolver.java:71)

164793     ERROR Test worker     d.u.i.k.n.b.TacletPBuilder Error in parsing taclet. de.uka.ilkd.key.util.parsing.BuildingException: Unsolved symbol in de.uka.ilkd.key.java.JavaParserFactory$DynamicTypeSolver@60686d5f : java.lang.Object at file:/D:/a/key/key/key.core/build/resources/main/de/uka/ilkd/key/proof/rules/javaRules.key:2392:15
	at de.uka.ilkd.key.nparser.builder.AbstractBuilder.accept(AbstractBuilder.java:54)
Caused by: com.github.javaparser.resolution.UnsolvedSymbolException: Unsolved symbol in de.uka.ilkd.key.java.JavaParserFactory$DynamicTypeSolver@60686d5f : java.lang.Object
	at com.github.javaparser.resolution.TypeSolver.solveType(TypeSolver.java:71)

164794     ERROR Test worker     d.u.i.k.n.b.AbstractBuilder  com.github.javaparser.resolution.UnsolvedSymbolException: Unsolved symbol in de.uka.ilkd.key.java.JavaParserFactory$DynamicTypeSolver@60686d5f : java.lang.Object
	at com.github.javaparser.resolution.TypeSolver.solveType(TypeSolver.java:71)

164795     ERROR Test worker     d.u.i.k.n.b.TacletPBuilder Error in parsing taclet. de.uka.ilkd.key.util.parsing.BuildingException: Unsolved symbol in de.uka.ilkd.key.java.JavaParserFactory$DynamicTypeSolver@60686d5f : java.lang.Object at file:/D:/a/key/key/key.core/build/resources/main/de/uka/ilkd/key/proof/rules/javaRules.key:2400:15
	at de.uka.ilkd.key.nparser.builder.AbstractBuilder.accept(AbstractBuilder.java:54)
Caused by: com.github.javaparser.resolution.UnsolvedSymbolException: Unsolved symbol in de.uka.ilkd.key.java.JavaParserFactory$DynamicTypeSolver@60686d5f : java.lang.Object
	at com.github.javaparser.resolution.TypeSolver.solveType(TypeSolver.java:71)

164796     ERROR Test worker     d.u.i.k.n.b.AbstractBuilder  com.github.javaparser.resolution.UnsolvedSymbolException: Unsolved symbol in de.uka.ilkd.key.java.JavaParserFactory$DynamicTypeSolver@60686d5f : java.lang.Object
	at com.github.javaparser.resolution.TypeSolver.solveType(TypeSolver.java:71)

164796     ERROR Test worker     d.u.i.k.n.b.TacletPBuilder Error in parsing taclet. de.uka.ilkd.key.util.parsing.BuildingException: Unsolved symbol in de.uka.ilkd.key.java.JavaParserFactory$DynamicTypeSolver@60686d5f : java.lang.Object at file:/D:/a/key/key/key.core/build/resources/main/de/uka/ilkd/key/proof/rules/javaRules.key:2408:15
	at de.uka.ilkd.key.nparser.builder.AbstractBuilder.accept(AbstractBuilder.java:54)
Caused by: com.github.javaparser.resolution.UnsolvedSymbolException: Unsolved symbol in de.uka.ilkd.key.java.JavaParserFactory$DynamicTypeSolver@60686d5f : java.lang.Object
	at com.github.javaparser.resolution.TypeSolver.solveType(TypeSolver.java:71)

164798     ERROR Test worker     d.u.i.k.n.b.AbstractBuilder  com.github.javaparser.resolution.UnsolvedSymbolException: Unsolved symbol in de.uka.ilkd.key.java.JavaParserFactory$DynamicTypeSolver@60686d5f : java.lang.Object
	at com.github.javaparser.resolution.TypeSolver.solveType(TypeSolver.java:71)

164798     ERROR Test worker     d.u.i.k.n.b.TacletPBuilder Error in parsing taclet. de.uka.ilkd.key.util.parsing.BuildingException: Unsolved symbol in de.uka.ilkd.key.java.JavaParserFactory$DynamicTypeSolver@60686d5f : java.lang.Object at file:/D:/a/key/key/key.core/build/resources/main/de/uka/ilkd/key/proof/rules/javaRules.key:2416:15
	at de.uka.ilkd.key.nparser.builder.AbstractBuilder.accept(AbstractBuilder.java:54)
Caused by: com.github.javaparser.resolution.UnsolvedSymbolException: Unsolved symbol in de.uka.ilkd.key.java.JavaParserFactory$DynamicTypeSolver@60686d5f : java.lang.Object
	at com.github.javaparser.resolution.TypeSolver.solveType(TypeSolver.java:71)

164800     ERROR Test worker     d.u.i.k.n.b.AbstractBuilder  com.github.javaparser.resolution.UnsolvedSymbolException: Unsolved symbol in de.uka.ilkd.key.java.JavaParserFactory$DynamicTypeSolver@60686d5f : java.lang.Object
	at com.github.javaparser.resolution.TypeSolver.solveType(TypeSolver.java:71)

164800     ERROR Test worker     d.u.i.k.n.b.TacletPBuilder Error in parsing taclet. de.uka.ilkd.key.util.parsing.BuildingException: Unsolved symbol in de.uka.ilkd.key.java.JavaParserFactory$DynamicTypeSolver@60686d5f : java.lang.Object at file:/D:/a/key/key/key.core/build/resources/main/de/uka/ilkd/key/proof/rules/javaRules.key:2424:15
	at de.uka.ilkd.key.nparser.builder.AbstractBuilder.accept(AbstractBuilder.java:54)
Caused by: com.github.javaparser.resolution.UnsolvedSymbolException: Unsolved symbol in de.uka.ilkd.key.java.JavaParserFactory$DynamicTypeSolver@60686d5f : java.lang.Object
	at com.github.javaparser.resolution.TypeSolver.solveType(TypeSolver.java:71)

164801     ERROR Test worker     d.u.i.k.n.b.AbstractBuilder  com.github.javaparser.resolution.UnsolvedSymbolException: Unsolved symbol in de.uka.ilkd.key.java.JavaParserFactory$DynamicTypeSolver@60686d5f : java.lang.Object
	at com.github.javaparser.resolution.TypeSolver.solveType(TypeSolver.java:71)

164802     ERROR Test worker     d.u.i.k.n.b.TacletPBuilder Error in parsing taclet. de.uka.ilkd.key.util.parsing.BuildingException: Unsolved symbol in de.uka.ilkd.key.java.JavaParserFactory$DynamicTypeSolver@60686d5f : java.lang.Object at file:/D:/a/key/key/key.core/build/resources/main/de/uka/ilkd/key/proof/rules/javaRules.key:2432:15
	at de.uka.ilkd.key.nparser.builder.AbstractBuilder.accept(AbstractBuilder.java:54)
Caused by: com.github.javaparser.resolution.UnsolvedSymbolException: Unsolved symbol in de.uka.ilkd.key.java.JavaParserFactory$DynamicTypeSolver@60686d5f : java.lang.Object
	at com.github.javaparser.resolution.TypeSolver.solveType(TypeSolver.java:71)

164803     ERROR Test worker     d.u.i.k.n.b.AbstractBuilder  com.github.javaparser.resolution.UnsolvedSymbolException: Unsolved symbol in de.uka.ilkd.key.java.JavaParserFactory$DynamicTypeSolver@60686d5f : java.lang.Object
	at com.github.javaparser.resolution.TypeSolver.solveType(TypeSolver.java:71)

164803     ERROR Test worker     d.u.i.k.n.b.TacletPBuilder Error in parsing taclet. de.uka.ilkd.key.util.parsing.BuildingException: Unsolved symbol in de.uka.ilkd.key.java.JavaParserFactory$DynamicTypeSolver@60686d5f : java.lang.Object at file:/D:/a/key/key/key.core/build/resources/main/de/uka/ilkd/key/proof/rules/javaRules.key:2440:15
	at de.uka.ilkd.key.nparser.builder.AbstractBuilder.accept(AbstractBuilder.java:54)
Caused by: com.github.javaparser.resolution.UnsolvedSymbolException: Unsolved symbol in de.uka.ilkd.key.java.JavaParserFactory$DynamicTypeSolver@60686d5f : java.lang.Object
	at com.github.javaparser.resolution.TypeSolver.solveType(TypeSolver.java:71)

164805     ERROR Test worker     d.u.i.k.n.b.AbstractBuilder  com.github.javaparser.resolution.UnsolvedSymbolException: Unsolved symbol in de.uka.ilkd.key.java.JavaParserFactory$DynamicTypeSolver@60686d5f : java.lang.Object
	at com.github.javaparser.resolution.TypeSolver.solveType(TypeSolver.java:71)

164805     ERROR Test worker     d.u.i.k.n.b.TacletPBuilder Error in parsing taclet. de.uka.ilkd.key.util.parsing.BuildingException: Unsolved symbol in de.uka.ilkd.key.java.JavaParserFactory$DynamicTypeSolver@60686d5f : java.lang.Object at file:/D:/a/key/key/key.core/build/resources/main/de/uka/ilkd/key/proof/rules/javaRules.key:2448:15
	at de.uka.ilkd.key.nparser.builder.AbstractBuilder.accept(AbstractBuilder.java:54)
Caused by: com.github.javaparser.resolution.UnsolvedSymbolException: Unsolved symbol in de.uka.ilkd.key.java.JavaParserFactory$DynamicTypeSolver@60686d5f : java.lang.Object
	at com.github.javaparser.resolution.TypeSolver.solveType(TypeSolver.java:71)

164806     ERROR Test worker     d.u.i.k.n.b.AbstractBuilder  com.github.javaparser.resolution.UnsolvedSymbolException: Unsolved symbol in de.uka.ilkd.key.java.JavaParserFactory$DynamicTypeSolver@60686d5f : java.lang.Object
	at com.github.javaparser.resolution.TypeSolver.solveType(TypeSolver.java:71)

164807     ERROR Test worker     d.u.i.k.n.b.TacletPBuilder Error in parsing taclet. de.uka.ilkd.key.util.parsing.BuildingException: Unsolved symbol in de.uka.ilkd.key.java.JavaParserFactory$DynamicTypeSolver@60686d5f : java.lang.Object at file:/D:/a/key/key/key.core/build/resources/main/de/uka/ilkd/key/proof/rules/javaRules.key:2456:15
	at de.uka.ilkd.key.nparser.builder.AbstractBuilder.accept(AbstractBuilder.java:54)
Caused by: com.github.javaparser.resolution.UnsolvedSymbolException: Unsolved symbol in de.uka.ilkd.key.java.JavaParserFactory$DynamicTypeSolver@60686d5f : java.lang.Object
	at com.github.javaparser.resolution.TypeSolver.solveType(TypeSolver.java:71)

164808     ERROR Test worker     d.u.i.k.n.b.AbstractBuilder  com.github.javaparser.resolution.UnsolvedSymbolException: Unsolved symbol in de.uka.ilkd.key.java.JavaParserFactory$DynamicTypeSolver@60686d5f : java.lang.Object
	at com.github.javaparser.resolution.TypeSolver.solveType(TypeSolver.java:71)

164809     ERROR Test worker     d.u.i.k.n.b.TacletPBuilder Error in parsing taclet. de.uka.ilkd.key.util.parsing.BuildingException: Unsolved symbol in de.uka.ilkd.key.java.JavaParserFactory$DynamicTypeSolver@60686d5f : java.lang.Object at file:/D:/a/key/key/key.core/build/resources/main/de/uka/ilkd/key/proof/rules/javaRules.key:2464:15
	at de.uka.ilkd.key.nparser.builder.AbstractBuilder.accept(AbstractBuilder.java:54)
Caused by: com.github.javaparser.resolution.UnsolvedSymbolException: Unsolved symbol in de.uka.ilkd.key.java.JavaParserFactory$DynamicTypeSolver@60686d5f : java.lang.Object
	at com.github.javaparser.resolution.TypeSolver.solveType(TypeSolver.java:71)

164810     ERROR Test worker     d.u.i.k.n.b.AbstractBuilder  com.github.javaparser.resolution.UnsolvedSymbolException: Unsolved symbol in de.uka.ilkd.key.java.JavaParserFactory$DynamicTypeSolver@60686d5f : java.lang.Object
	at com.github.javaparser.resolution.TypeSolver.solveType(TypeSolver.java:71)

164810     ERROR Test worker     d.u.i.k.n.b.TacletPBuilder Error in parsing taclet. de.uka.ilkd.key.util.parsing.BuildingException: Unsolved symbol in de.uka.ilkd.key.java.JavaParserFactory$DynamicTypeSolver@60686d5f : java.lang.Object at file:/D:/a/key/key/key.core/build/resources/main/de/uka/ilkd/key/proof/rules/javaRules.key:2472:15
	at de.uka.ilkd.key.nparser.builder.AbstractBuilder.accept(AbstractBuilder.java:54)
Caused by: com.github.javaparser.resolution.UnsolvedSymbolException: Unsolved symbol in de.uka.ilkd.key.java.JavaParserFactory$DynamicTypeSolver@60686d5f : java.lang.Object
	at com.github.javaparser.resolution.TypeSolver.solveType(TypeSolver.java:71)

164812     ERROR Test worker     d.u.i.k.n.b.AbstractBuilder  com.github.javaparser.resolution.UnsolvedSymbolException: Unsolved symbol in de.uka.ilkd.key.java.JavaParserFactory$DynamicTypeSolver@60686d5f : java.lang.Object
	at com.github.javaparser.resolution.TypeSolver.solveType(TypeSolver.java:71)

164812     ERROR Test worker     d.u.i.k.n.b.TacletPBuilder Error in parsing taclet. de.uka.ilkd.key.util.parsing.BuildingException: Unsolved symbol in de.uka.ilkd.key.java.JavaParserFactory$DynamicTypeSolver@60686d5f : java.lang.Object at file:/D:/a/key/key/key.core/build/resources/main/de/uka/ilkd/key/proof/rules/javaRules.key:2480:15
	at de.uka.ilkd.key.nparser.builder.AbstractBuilder.accept(AbstractBuilder.java:54)
Caused by: com.github.javaparser.resolution.UnsolvedSymbolException: Unsolved symbol in de.uka.ilkd.key.java.JavaParserFactory$DynamicTypeSolver@60686d5f : java.lang.Object
	at com.github.javaparser.resolution.TypeSolver.solveType(TypeSolver.java:71)

164814     ERROR Test worker     d.u.i.k.n.b.AbstractBuilder  com.github.javaparser.resolution.UnsolvedSymbolException: Unsolved symbol in de.uka.ilkd.key.java.JavaParserFactory$DynamicTypeSolver@60686d5f : java.lang.Object
	at com.github.javaparser.resolution.TypeSolver.solveType(TypeSolver.java:71)

164814     ERROR Test worker     d.u.i.k.n.b.TacletPBuilder Error in parsing taclet. de.uka.ilkd.key.util.parsing.BuildingException: Unsolved symbol in de.uka.ilkd.key.java.JavaParserFactory$DynamicTypeSolver@60686d5f : java.lang.Object at file:/D:/a/key/key/key.core/build/resources/main/de/uka/ilkd/key/proof/rules/javaRules.key:2488:15
	at de.uka.ilkd.key.nparser.builder.AbstractBuilder.accept(AbstractBuilder.java:54)
Caused by: com.github.javaparser.resolution.UnsolvedSymbolException: Unsolved symbol in de.uka.ilkd.key.java.JavaParserFactory$DynamicTypeSolver@60686d5f : java.lang.Object
	at com.github.javaparser.resolution.TypeSolver.solveType(TypeSolver.java:71)

164815     ERROR Test worker     d.u.i.k.n.b.AbstractBuilder  com.github.javaparser.resolution.UnsolvedSymbolException: Unsolved symbol in de.uka.ilkd.key.java.JavaParserFactory$DynamicTypeSolver@60686d5f : java.lang.Object
	at com.github.javaparser.resolution.TypeSolver.solveType(TypeSolver.java:71)

164816     ERROR Test worker     d.u.i.k.n.b.TacletPBuilder Error in parsing taclet. de.uka.ilkd.key.util.parsing.BuildingException: Unsolved symbol in de.uka.ilkd.key.java.JavaParserFactory$DynamicTypeSolver@60686d5f : java.lang.Object at file:/D:/a/key/key/key.core/build/resources/main/de/uka/ilkd/key/proof/rules/javaRules.key:2496:15
	at de.uka.ilkd.key.nparser.builder.AbstractBuilder.accept(AbstractBuilder.java:54)
Caused by: com.github.javaparser.resolution.UnsolvedSymbolException: Unsolved symbol in de.uka.ilkd.key.java.JavaParserFactory$DynamicTypeSolver@60686d5f : java.lang.Object
	at com.github.javaparser.resolution.TypeSolver.solveType(TypeSolver.java:71)

164817     ERROR Test worker     d.u.i.k.n.b.AbstractBuilder  com.github.javaparser.resolution.UnsolvedSymbolException: Unsolved symbol in de.uka.ilkd.key.java.JavaParserFactory$DynamicTypeSolver@60686d5f : java.lang.Object
	at com.github.javaparser.resolution.TypeSolver.solveType(TypeSolver.java:71)

164817     ERROR Test worker     d.u.i.k.n.b.TacletPBuilder Error in parsing taclet. de.uka.ilkd.key.util.parsing.BuildingException: Unsolved symbol in de.uka.ilkd.key.java.JavaParserFactory$DynamicTypeSolver@60686d5f : java.lang.Object at file:/D:/a/key/key/key.core/build/resources/main/de/uka/ilkd/key/proof/rules/javaRules.key:2504:15
	at de.uka.ilkd.key.nparser.builder.AbstractBuilder.accept(AbstractBuilder.java:54)
Caused by: com.github.javaparser.resolution.UnsolvedSymbolException: Unsolved symbol in de.uka.ilkd.key.java.JavaParserFactory$DynamicTypeSolver@60686d5f : java.lang.Object
	at com.github.javaparser.resolution.TypeSolver.solveType(TypeSolver.java:71)

164819     ERROR Test worker     d.u.i.k.n.b.AbstractBuilder  com.github.javaparser.resolution.UnsolvedSymbolException: Unsolved symbol in de.uka.ilkd.key.java.JavaParserFactory$DynamicTypeSolver@60686d5f : java.lang.Object
	at com.github.javaparser.resolution.TypeSolver.solveType(TypeSolver.java:71)

164819     ERROR Test worker     d.u.i.k.n.b.TacletPBuilder Error in parsing taclet. de.uka.ilkd.key.util.parsing.BuildingException: Unsolved symbol in de.uka.ilkd.key.java.JavaParserFactory$DynamicTypeSolver@60686d5f : java.lang.Object at file:/D:/a/key/key/key.core/build/resources/main/de/uka/ilkd/key/proof/rules/javaRules.key:2512:15
	at de.uka.ilkd.key.nparser.builder.AbstractBuilder.accept(AbstractBuilder.java:54)
Caused by: com.github.javaparser.resolution.UnsolvedSymbolException: Unsolved symbol in de.uka.ilkd.key.java.JavaParserFactory$DynamicTypeSolver@60686d5f : java.lang.Object
	at com.github.javaparser.resolution.TypeSolver.solveType(TypeSolver.java:71)

164821     ERROR Test worker     d.u.i.k.n.b.AbstractBuilder  com.github.javaparser.resolution.UnsolvedSymbolException: Unsolved symbol in de.uka.ilkd.key.java.JavaParserFactory$DynamicTypeSolver@60686d5f : java.lang.Object
	at com.github.javaparser.resolution.TypeSolver.solveType(TypeSolver.java:71)

164821     ERROR Test worker     d.u.i.k.n.b.TacletPBuilder Error in parsing taclet. de.uka.ilkd.key.util.parsing.BuildingException: Unsolved symbol in de.uka.ilkd.key.java.JavaParserFactory$DynamicTypeSolver@60686d5f : java.lang.Object at file:/D:/a/key/key/key.core/build/resources/main/de/uka/ilkd/key/proof/rules/javaRules.key:2520:15
	at de.uka.ilkd.key.nparser.builder.AbstractBuilder.accept(AbstractBuilder.java:54)
Caused by: com.github.javaparser.resolution.UnsolvedSymbolException: Unsolved symbol in de.uka.ilkd.key.java.JavaParserFactory$DynamicTypeSolver@60686d5f : java.lang.Object
	at com.github.javaparser.resolution.TypeSolver.solveType(TypeSolver.java:71)

164822     ERROR Test worker     d.u.i.k.n.b.AbstractBuilder  com.github.javaparser.resolution.UnsolvedSymbolException: Unsolved symbol in de.uka.ilkd.key.java.JavaParserFactory$DynamicTypeSolver@60686d5f : java.lang.Object
	at com.github.javaparser.resolution.TypeSolver.solveType(TypeSolver.java:71)

164822     ERROR Test worker     d.u.i.k.n.b.TacletPBuilder Error in parsing taclet. de.uka.ilkd.key.util.parsing.BuildingException: Unsolved symbol in de.uka.ilkd.key.java.JavaParserFactory$DynamicTypeSolver@60686d5f : java.lang.Object at file:/D:/a/key/key/key.core/build/resources/main/de/uka/ilkd/key/proof/rules/javaRules.key:2528:15
	at de.uka.ilkd.key.nparser.builder.AbstractBuilder.accept(AbstractBuilder.java:54)
Caused by: com.github.javaparser.resolution.UnsolvedSymbolException: Unsolved symbol in de.uka.ilkd.key.java.JavaParserFactory$DynamicTypeSolver@60686d5f : java.lang.Object
	at com.github.javaparser.resolution.TypeSolver.solveType(TypeSolver.java:71)

164824     ERROR Test worker     d.u.i.k.n.b.AbstractBuilder  com.github.javaparser.resolution.UnsolvedSymbolException: Unsolved symbol in de.uka.ilkd.key.java.JavaParserFactory$DynamicTypeSolver@60686d5f : java.lang.Object
	at com.github.javaparser.resolution.TypeSolver.solveType(TypeSolver.java:71)

164825     ERROR Test worker     d.u.i.k.n.b.TacletPBuilder Error in parsing taclet. de.uka.ilkd.key.util.parsing.BuildingException: Unsolved symbol in de.uka.ilkd.key.java.JavaParserFactory$DynamicTypeSolver@60686d5f : java.lang.Object at file:/D:/a/key/key/key.core/build/resources/main/de/uka/ilkd/key/proof/rules/javaRules.key:2536:15
	at de.uka.ilkd.key.nparser.builder.AbstractBuilder.accept(AbstractBuilder.java:54)
Caused by: com.github.javaparser.resolution.UnsolvedSymbolException: Unsolved symbol in de.uka.ilkd.key.java.JavaParserFactory$DynamicTypeSolver@60686d5f : java.lang.Object
	at com.github.javaparser.resolution.TypeSolver.solveType(TypeSolver.java:71)

164826     ERROR Test worker     d.u.i.k.n.b.AbstractBuilder  com.github.javaparser.resolution.UnsolvedSymbolException: Unsolved symbol in de.uka.ilkd.key.java.JavaParserFactory$DynamicTypeSolver@60686d5f : java.lang.Object
	at com.github.javaparser.resolution.TypeSolver.solveType(TypeSolver.java:71)

164827     ERROR Test worker     d.u.i.k.n.b.TacletPBuilder Error in parsing taclet. de.uka.ilkd.key.util.parsing.BuildingException: Unsolved symbol in de.uka.ilkd.key.java.JavaParserFactory$DynamicTypeSolver@60686d5f : java.lang.Object at file:/D:/a/key/key/key.core/build/resources/main/de/uka/ilkd/key/proof/rules/javaRules.key:2544:15
	at de.uka.ilkd.key.nparser.builder.AbstractBuilder.accept(AbstractBuilder.java:54)
Caused by: com.github.javaparser.resolution.UnsolvedSymbolException: Unsolved symbol in de.uka.ilkd.key.java.JavaParserFactory$DynamicTypeSolver@60686d5f : java.lang.Object
	at com.github.javaparser.resolution.TypeSolver.solveType(TypeSolver.java:71)

164828     ERROR Test worker     d.u.i.k.n.b.AbstractBuilder  com.github.javaparser.resolution.UnsolvedSymbolException: Unsolved symbol in de.uka.ilkd.key.java.JavaParserFactory$DynamicTypeSolver@60686d5f : java.lang.Object
	at com.github.javaparser.resolution.TypeSolver.solveType(TypeSolver.java:71)

164829     ERROR Test worker     d.u.i.k.n.b.TacletPBuilder Error in parsing taclet. de.uka.ilkd.key.util.parsing.BuildingException: Unsolved symbol in de.uka.ilkd.key.java.JavaParserFactory$DynamicTypeSolver@60686d5f : java.lang.Object at file:/D:/a/key/key/key.core/build/resources/main/de/uka/ilkd/key/proof/rules/javaRules.key:2552:15
	at de.uka.ilkd.key.nparser.builder.AbstractBuilder.accept(AbstractBuilder.java:54)
Caused by: com.github.javaparser.resolution.UnsolvedSymbolException: Unsolved symbol in de.uka.ilkd.key.java.JavaParserFactory$DynamicTypeSolver@60686d5f : java.lang.Object
	at com.github.javaparser.resolution.TypeSolver.solveType(TypeSolver.java:71)

164830     ERROR Test worker     d.u.i.k.n.b.AbstractBuilder  com.github.javaparser.resolution.UnsolvedSymbolException: Unsolved symbol in de.uka.ilkd.key.java.JavaParserFactory$DynamicTypeSolver@60686d5f : java.lang.Object
	at com.github.javaparser.resolution.TypeSolver.solveType(TypeSolver.java:71)

164830     ERROR Test worker     d.u.i.k.n.b.TacletPBuilder Error in parsing taclet. de.uka.ilkd.key.util.parsing.BuildingException: Unsolved symbol in de.uka.ilkd.key.java.JavaParserFactory$DynamicTypeSolver@60686d5f : java.lang.Object at file:/D:/a/key/key/key.core/build/resources/main/de/uka/ilkd/key/proof/rules/javaRules.key:2560:15
	at de.uka.ilkd.key.nparser.builder.AbstractBuilder.accept(AbstractBuilder.java:54)
Caused by: com.github.javaparser.resolution.UnsolvedSymbolException: Unsolved symbol in de.uka.ilkd.key.java.JavaParserFactory$DynamicTypeSolver@60686d5f : java.lang.Object
	at com.github.javaparser.resolution.TypeSolver.solveType(TypeSolver.java:71)

164832     ERROR Test worker     d.u.i.k.n.b.AbstractBuilder  com.github.javaparser.resolution.UnsolvedSymbolException: Unsolved symbol in de.uka.ilkd.key.java.JavaParserFactory$DynamicTypeSolver@60686d5f : java.lang.Object
	at com.github.javaparser.resolution.TypeSolver.solveType(TypeSolver.java:71)

164832     ERROR Test worker     d.u.i.k.n.b.TacletPBuilder Error in parsing taclet. de.uka.ilkd.key.util.parsing.BuildingException: Unsolved symbol in de.uka.ilkd.key.java.JavaParserFactory$DynamicTypeSolver@60686d5f : java.lang.Object at file:/D:/a/key/key/key.core/build/resources/main/de/uka/ilkd/key/proof/rules/javaRules.key:2568:15
	at de.uka.ilkd.key.nparser.builder.AbstractBuilder.accept(AbstractBuilder.java:54)
Caused by: com.github.javaparser.resolution.UnsolvedSymbolException: Unsolved symbol in de.uka.ilkd.key.java.JavaParserFactory$DynamicTypeSolver@60686d5f : java.lang.Object
	at com.github.javaparser.resolution.TypeSolver.solveType(TypeSolver.java:71)

164834     ERROR Test worker     d.u.i.k.n.b.AbstractBuilder  com.github.javaparser.resolution.UnsolvedSymbolException: Unsolved symbol in de.uka.ilkd.key.java.JavaParserFactory$DynamicTypeSolver@60686d5f : java.lang.Object
	at com.github.javaparser.resolution.TypeSolver.solveType(TypeSolver.java:71)

164834     ERROR Test worker     d.u.i.k.n.b.TacletPBuilder Error in parsing taclet. de.uka.ilkd.key.util.parsing.BuildingException: Unsolved symbol in de.uka.ilkd.key.java.JavaParserFactory$DynamicTypeSolver@60686d5f : java.lang.Object at file:/D:/a/key/key/key.core/build/resources/main/de/uka/ilkd/key/proof/rules/javaRules.key:2576:15
	at de.uka.ilkd.key.nparser.builder.AbstractBuilder.accept(AbstractBuilder.java:54)
Caused by: com.github.javaparser.resolution.UnsolvedSymbolException: Unsolved symbol in de.uka.ilkd.key.java.JavaParserFactory$DynamicTypeSolver@60686d5f : java.lang.Object
	at com.github.javaparser.resolution.TypeSolver.solveType(TypeSolver.java:71)

164836     ERROR Test worker     d.u.i.k.n.b.AbstractBuilder  com.github.javaparser.resolution.UnsolvedSymbolException: Unsolved symbol in de.uka.ilkd.key.java.JavaParserFactory$DynamicTypeSolver@60686d5f : java.lang.Object
	at com.github.javaparser.resolution.TypeSolver.solveType(TypeSolver.java:71)

164836     ERROR Test worker     d.u.i.k.n.b.TacletPBuilder Error in parsing taclet. de.uka.ilkd.key.util.parsing.BuildingException: Unsolved symbol in de.uka.ilkd.key.java.JavaParserFactory$DynamicTypeSolver@60686d5f : java.lang.Object at file:/D:/a/key/key/key.core/build/resources/main/de/uka/ilkd/key/proof/rules/javaRules.key:2584:15
	at de.uka.ilkd.key.nparser.builder.AbstractBuilder.accept(AbstractBuilder.java:54)
Caused by: com.github.javaparser.resolution.UnsolvedSymbolException: Unsolved symbol in de.uka.ilkd.key.java.JavaParserFactory$DynamicTypeSolver@60686d5f : java.lang.Object
	at com.github.javaparser.resolution.TypeSolver.solveType(TypeSolver.java:71)

164837     ERROR Test worker     d.u.i.k.n.b.AbstractBuilder  com.github.javaparser.resolution.UnsolvedSymbolException: Unsolved symbol in de.uka.ilkd.key.java.JavaParserFactory$DynamicTypeSolver@60686d5f : java.lang.Object
	at com.github.javaparser.resolution.TypeSolver.solveType(TypeSolver.java:71)

164837     ERROR Test worker     d.u.i.k.n.b.TacletPBuilder Error in parsing taclet. de.uka.ilkd.key.util.parsing.BuildingException: Unsolved symbol in de.uka.ilkd.key.java.JavaParserFactory$DynamicTypeSolver@60686d5f : java.lang.Object at file:/D:/a/key/key/key.core/build/resources/main/de/uka/ilkd/key/proof/rules/javaRules.key:2592:15
	at de.uka.ilkd.key.nparser.builder.AbstractBuilder.accept(AbstractBuilder.java:54)
Caused by: com.github.javaparser.resolution.UnsolvedSymbolException: Unsolved symbol in de.uka.ilkd.key.java.JavaParserFactory$DynamicTypeSolver@60686d5f : java.lang.Object
	at com.github.javaparser.resolution.TypeSolver.solveType(TypeSolver.java:71)

164839     ERROR Test worker     d.u.i.k.n.b.AbstractBuilder  com.github.javaparser.resolution.UnsolvedSymbolException: Unsolved symbol in de.uka.ilkd.key.java.JavaParserFactory$DynamicTypeSolver@60686d5f : java.lang.Object
	at com.github.javaparser.resolution.TypeSolver.solveType(TypeSolver.java:71)

164839     ERROR Test worker     d.u.i.k.n.b.TacletPBuilder Error in parsing taclet. de.uka.ilkd.key.util.parsing.BuildingException: Unsolved symbol in de.uka.ilkd.key.java.JavaParserFactory$DynamicTypeSolver@60686d5f : java.lang.Object at file:/D:/a/key/key/key.core/build/resources/main/de/uka/ilkd/key/proof/rules/javaRules.key:2600:15
	at de.uka.ilkd.key.nparser.builder.AbstractBuilder.accept(AbstractBuilder.java:54)
Caused by: com.github.javaparser.resolution.UnsolvedSymbolException: Unsolved symbol in de.uka.ilkd.key.java.JavaParserFactory$DynamicTypeSolver@60686d5f : java.lang.Object
	at com.github.javaparser.resolution.TypeSolver.solveType(TypeSolver.java:71)

164841     ERROR Test worker     d.u.i.k.n.b.AbstractBuilder  com.github.javaparser.resolution.UnsolvedSymbolException: Unsolved symbol in de.uka.ilkd.key.java.JavaParserFactory$DynamicTypeSolver@60686d5f : java.lang.Object
	at com.github.javaparser.resolution.TypeSolver.solveType(TypeSolver.java:71)

164841     ERROR Test worker     d.u.i.k.n.b.TacletPBuilder Error in parsing taclet. de.uka.ilkd.key.util.parsing.BuildingException: Unsolved symbol in de.uka.ilkd.key.java.JavaParserFactory$DynamicTypeSolver@60686d5f : java.lang.Object at file:/D:/a/key/key/key.core/build/resources/main/de/uka/ilkd/key/proof/rules/javaRules.key:2608:15
	at de.uka.ilkd.key.nparser.builder.AbstractBuilder.accept(AbstractBuilder.java:54)
Caused by: com.github.javaparser.resolution.UnsolvedSymbolException: Unsolved symbol in de.uka.ilkd.key.java.JavaParserFactory$DynamicTypeSolver@60686d5f : java.lang.Object
	at com.github.javaparser.resolution.TypeSolver.solveType(TypeSolver.java:71)

164842     ERROR Test worker     d.u.i.k.n.b.AbstractBuilder  com.github.javaparser.resolution.UnsolvedSymbolException: Unsolved symbol in de.uka.ilkd.key.java.JavaParserFactory$DynamicTypeSolver@60686d5f : java.lang.Object
	at com.github.javaparser.resolution.TypeSolver.solveType(TypeSolver.java:71)

164843     ERROR Test worker     d.u.i.k.n.b.TacletPBuilder Error in parsing taclet. de.uka.ilkd.key.util.parsing.BuildingException: Unsolved symbol in de.uka.ilkd.key.java.JavaParserFactory$DynamicTypeSolver@60686d5f : java.lang.Object at file:/D:/a/key/key/key.core/build/resources/main/de/uka/ilkd/key/proof/rules/javaRules.key:2616:15
	at de.uka.ilkd.key.nparser.builder.AbstractBuilder.accept(AbstractBuilder.java:54)
Caused by: com.github.javaparser.resolution.UnsolvedSymbolException: Unsolved symbol in de.uka.ilkd.key.java.JavaParserFactory$DynamicTypeSolver@60686d5f : java.lang.Object
	at com.github.javaparser.resolution.TypeSolver.solveType(TypeSolver.java:71)

164844     ERROR Test worker     d.u.i.k.n.b.AbstractBuilder  com.github.javaparser.resolution.UnsolvedSymbolException: Unsolved symbol in de.uka.ilkd.key.java.JavaParserFactory$DynamicTypeSolver@60686d5f : java.lang.Object
	at com.github.javaparser.resolution.TypeSolver.solveType(TypeSolver.java:71)

164844     ERROR Test worker     d.u.i.k.n.b.TacletPBuilder Error in parsing taclet. de.uka.ilkd.key.util.parsing.BuildingException: Unsolved symbol in de.uka.ilkd.key.java.JavaParserFactory$DynamicTypeSolver@60686d5f : java.lang.Object at file:/D:/a/key/key/key.core/build/resources/main/de/uka/ilkd/key/proof/rules/javaRules.key:2624:15
	at de.uka.ilkd.key.nparser.builder.AbstractBuilder.accept(AbstractBuilder.java:54)
Caused by: com.github.javaparser.resolution.UnsolvedSymbolException: Unsolved symbol in de.uka.ilkd.key.java.JavaParserFactory$DynamicTypeSolver@60686d5f : java.lang.Object
	at com.github.javaparser.resolution.TypeSolver.solveType(TypeSolver.java:71)

164847     ERROR Test worker     d.u.i.k.n.b.AbstractBuilder  com.github.javaparser.resolution.UnsolvedSymbolException: Unsolved symbol in de.uka.ilkd.key.java.JavaParserFactory$DynamicTypeSolver@60686d5f : java.lang.Object
	at com.github.javaparser.resolution.TypeSolver.solveType(TypeSolver.java:71)

164847     ERROR Test worker     d.u.i.k.n.b.TacletPBuilder Error in parsing taclet. de.uka.ilkd.key.util.parsing.BuildingException: Unsolved symbol in de.uka.ilkd.key.java.JavaParserFactory$DynamicTypeSolver@60686d5f : java.lang.Object at file:/D:/a/key/key/key.core/build/resources/main/de/uka/ilkd/key/proof/rules/javaRules.key:2632:15
	at de.uka.ilkd.key.nparser.builder.AbstractBuilder.accept(AbstractBuilder.java:54)
Caused by: com.github.javaparser.resolution.UnsolvedSymbolException: Unsolved symbol in de.uka.ilkd.key.java.JavaParserFactory$DynamicTypeSolver@60686d5f : java.lang.Object
	at com.github.javaparser.resolution.TypeSolver.solveType(TypeSolver.java:71)

164849     ERROR Test worker     d.u.i.k.n.b.AbstractBuilder  com.github.javaparser.resolution.UnsolvedSymbolException: Unsolved symbol in de.uka.ilkd.key.java.JavaParserFactory$DynamicTypeSolver@60686d5f : java.lang.Object
	at com.github.javaparser.resolution.TypeSolver.solveType(TypeSolver.java:71)

164849     ERROR Test worker     d.u.i.k.n.b.TacletPBuilder Error in parsing taclet. de.uka.ilkd.key.util.parsing.BuildingException: Unsolved symbol in de.uka.ilkd.key.java.JavaParserFactory$DynamicTypeSolver@60686d5f : java.lang.Object at file:/D:/a/key/key/key.core/build/resources/main/de/uka/ilkd/key/proof/rules/javaRules.key:2640:15
	at de.uka.ilkd.key.nparser.builder.AbstractBuilder.accept(AbstractBuilder.java:54)
Caused by: com.github.javaparser.resolution.UnsolvedSymbolException: Unsolved symbol in de.uka.ilkd.key.java.JavaParserFactory$DynamicTypeSolver@60686d5f : java.lang.Object
	at com.github.javaparser.resolution.TypeSolver.solveType(TypeSolver.java:71)

164850     ERROR Test worker     d.u.i.k.n.b.AbstractBuilder  com.github.javaparser.resolution.UnsolvedSymbolException: Unsolved symbol in de.uka.ilkd.key.java.JavaParserFactory$DynamicTypeSolver@60686d5f : java.lang.Object
	at com.github.javaparser.resolution.TypeSolver.solveType(TypeSolver.java:71)

164851     ERROR Test worker     d.u.i.k.n.b.TacletPBuilder Error in parsing taclet. de.uka.ilkd.key.util.parsing.BuildingException: Unsolved symbol in de.uka.ilkd.key.java.JavaParserFactory$DynamicTypeSolver@60686d5f : java.lang.Object at file:/D:/a/key/key/key.core/build/resources/main/de/uka/ilkd/key/proof/rules/javaRules.key:2648:15
	at de.uka.ilkd.key.nparser.builder.AbstractBuilder.accept(AbstractBuilder.java:54)
Caused by: com.github.javaparser.resolution.UnsolvedSymbolException: Unsolved symbol in de.uka.ilkd.key.java.JavaParserFactory$DynamicTypeSolver@60686d5f : java.lang.Object
	at com.github.javaparser.resolution.TypeSolver.solveType(TypeSolver.java:71)

164852     ERROR Test worker     d.u.i.k.n.b.AbstractBuilder  com.github.javaparser.resolution.UnsolvedSymbolException: Unsolved symbol in de.uka.ilkd.key.java.JavaParserFactory$DynamicTypeSolver@60686d5f : java.lang.Object
	at com.github.javaparser.resolution.TypeSolver.solveType(TypeSolver.java:71)

164852     ERROR Test worker     d.u.i.k.n.b.TacletPBuilder Error in parsing taclet. de.uka.ilkd.key.util.parsing.BuildingException: Unsolved symbol in de.uka.ilkd.key.java.JavaParserFactory$DynamicTypeSolver@60686d5f : java.lang.Object at file:/D:/a/key/key/key.core/build/resources/main/de/uka/ilkd/key/proof/rules/javaRules.key:2663:15
	at de.uka.ilkd.key.nparser.builder.AbstractBuilder.accept(AbstractBuilder.java:54)
Caused by: com.github.javaparser.resolution.UnsolvedSymbolException: Unsolved symbol in de.uka.ilkd.key.java.JavaParserFactory$DynamicTypeSolver@60686d5f : java.lang.Object
	at com.github.javaparser.resolution.TypeSolver.solveType(TypeSolver.java:71)

164855     ERROR Test worker     d.u.i.k.n.b.AbstractBuilder  com.github.javaparser.resolution.UnsolvedSymbolException: Unsolved symbol in de.uka.ilkd.key.java.JavaParserFactory$DynamicTypeSolver@60686d5f : java.lang.Object
	at com.github.javaparser.resolution.TypeSolver.solveType(TypeSolver.java:71)

164855     ERROR Test worker     d.u.i.k.n.b.TacletPBuilder Error in parsing taclet. de.uka.ilkd.key.util.parsing.BuildingException: Unsolved symbol in de.uka.ilkd.key.java.JavaParserFactory$DynamicTypeSolver@60686d5f : java.lang.Object at file:/D:/a/key/key/key.core/build/resources/main/de/uka/ilkd/key/proof/rules/javaRules.key:2670:15
	at de.uka.ilkd.key.nparser.builder.AbstractBuilder.accept(AbstractBuilder.java:54)
Caused by: com.github.javaparser.resolution.UnsolvedSymbolException: Unsolved symbol in de.uka.ilkd.key.java.JavaParserFactory$DynamicTypeSolver@60686d5f : java.lang.Object
	at com.github.javaparser.resolution.TypeSolver.solveType(TypeSolver.java:71)

164858     ERROR Test worker     d.u.i.k.n.b.AbstractBuilder  com.github.javaparser.resolution.UnsolvedSymbolException: Unsolved symbol in de.uka.ilkd.key.java.JavaParserFactory$DynamicTypeSolver@60686d5f : java.lang.Object
	at com.github.javaparser.resolution.TypeSolver.solveType(TypeSolver.java:71)

164858     ERROR Test worker     d.u.i.k.n.b.TacletPBuilder Error in parsing taclet. de.uka.ilkd.key.util.parsing.BuildingException: Unsolved symbol in de.uka.ilkd.key.java.JavaParserFactory$DynamicTypeSolver@60686d5f : java.lang.Object at file:/D:/a/key/key/key.core/build/resources/main/de/uka/ilkd/key/proof/rules/javaRules.key:2678:15
	at de.uka.ilkd.key.nparser.builder.AbstractBuilder.accept(AbstractBuilder.java:54)
Caused by: com.github.javaparser.resolution.UnsolvedSymbolException: Unsolved symbol in de.uka.ilkd.key.java.JavaParserFactory$DynamicTypeSolver@60686d5f : java.lang.Object
	at com.github.javaparser.resolution.TypeSolver.solveType(TypeSolver.java:71)

164860     ERROR Test worker     d.u.i.k.n.b.AbstractBuilder  com.github.javaparser.resolution.UnsolvedSymbolException: Unsolved symbol in de.uka.ilkd.key.java.JavaParserFactory$DynamicTypeSolver@60686d5f : java.lang.Object
	at com.github.javaparser.resolution.TypeSolver.solveType(TypeSolver.java:71)

164860     ERROR Test worker     d.u.i.k.n.b.TacletPBuilder Error in parsing taclet. de.uka.ilkd.key.util.parsing.BuildingException: Unsolved symbol in de.uka.ilkd.key.java.JavaParserFactory$DynamicTypeSolver@60686d5f : java.lang.Object at file:/D:/a/key/key/key.core/build/resources/main/de/uka/ilkd/key/proof/rules/javaRules.key:2685:15
	at de.uka.ilkd.key.nparser.builder.AbstractBuilder.accept(AbstractBuilder.java:54)
Caused by: com.github.javaparser.resolution.UnsolvedSymbolException: Unsolved symbol in de.uka.ilkd.key.java.JavaParserFactory$DynamicTypeSolver@60686d5f : java.lang.Object
	at com.github.javaparser.resolution.TypeSolver.solveType(TypeSolver.java:71)

164862     ERROR Test worker     d.u.i.k.n.b.AbstractBuilder  com.github.javaparser.resolution.UnsolvedSymbolException: Unsolved symbol in de.uka.ilkd.key.java.JavaParserFactory$DynamicTypeSolver@60686d5f : java.lang.Object
	at com.github.javaparser.resolution.TypeSolver.solveType(TypeSolver.java:71)

164863     ERROR Test worker     d.u.i.k.n.b.TacletPBuilder Error in parsing taclet. de.uka.ilkd.key.util.parsing.BuildingException: Unsolved symbol in de.uka.ilkd.key.java.JavaParserFactory$DynamicTypeSolver@60686d5f : java.lang.Object at file:/D:/a/key/key/key.core/build/resources/main/de/uka/ilkd/key/proof/rules/javaRules.key:2693:15
	at de.uka.ilkd.key.nparser.builder.AbstractBuilder.accept(AbstractBuilder.java:54)
Caused by: com.github.javaparser.resolution.UnsolvedSymbolException: Unsolved symbol in de.uka.ilkd.key.java.JavaParserFactory$DynamicTypeSolver@60686d5f : java.lang.Object
	at com.github.javaparser.resolution.TypeSolver.solveType(TypeSolver.java:71)

164865     ERROR Test worker     d.u.i.k.n.b.AbstractBuilder  com.github.javaparser.resolution.UnsolvedSymbolException: Unsolved symbol in de.uka.ilkd.key.java.JavaParserFactory$DynamicTypeSolver@60686d5f : java.lang.Object
	at com.github.javaparser.resolution.TypeSolver.solveType(TypeSolver.java:71)

164865     ERROR Test worker     d.u.i.k.n.b.TacletPBuilder Error in parsing taclet. de.uka.ilkd.key.util.parsing.BuildingException: Unsolved symbol in de.uka.ilkd.key.java.JavaParserFactory$DynamicTypeSolver@60686d5f : java.lang.Object at file:/D:/a/key/key/key.core/build/resources/main/de/uka/ilkd/key/proof/rules/javaRules.key:2701:15
	at de.uka.ilkd.key.nparser.builder.AbstractBuilder.accept(AbstractBuilder.java:54)
Caused by: com.github.javaparser.resolution.UnsolvedSymbolException: Unsolved symbol in de.uka.ilkd.key.java.JavaParserFactory$DynamicTypeSolver@60686d5f : java.lang.Object
	at com.github.javaparser.resolution.TypeSolver.solveType(TypeSolver.java:71)

164867     ERROR Test worker     d.u.i.k.n.b.AbstractBuilder  com.github.javaparser.resolution.UnsolvedSymbolException: Unsolved symbol in de.uka.ilkd.key.java.JavaParserFactory$DynamicTypeSolver@60686d5f : java.lang.Object
	at com.github.javaparser.resolution.TypeSolver.solveType(TypeSolver.java:71)

164868     ERROR Test worker     d.u.i.k.n.b.TacletPBuilder Error in parsing taclet. de.uka.ilkd.key.util.parsing.BuildingException: Unsolved symbol in de.uka.ilkd.key.java.JavaParserFactory$DynamicTypeSolver@60686d5f : java.lang.Object at file:/D:/a/key/key/key.core/build/resources/main/de/uka/ilkd/key/proof/rules/javaRules.key:2710:15
	at de.uka.ilkd.key.nparser.builder.AbstractBuilder.accept(AbstractBuilder.java:54)
Caused by: com.github.javaparser.resolution.UnsolvedSymbolException: Unsolved symbol in de.uka.ilkd.key.java.JavaParserFactory$DynamicTypeSolver@60686d5f : java.lang.Object
	at com.github.javaparser.resolution.TypeSolver.solveType(TypeSolver.java:71)

164869     ERROR Test worker     d.u.i.k.n.b.AbstractBuilder  com.github.javaparser.resolution.UnsolvedSymbolException: Unsolved symbol in de.uka.ilkd.key.java.JavaParserFactory$DynamicTypeSolver@60686d5f : java.lang.Object
	at com.github.javaparser.resolution.TypeSolver.solveType(TypeSolver.java:71)

164870     ERROR Test worker     d.u.i.k.n.b.TacletPBuilder Error in parsing taclet. de.uka.ilkd.key.util.parsing.BuildingException: Unsolved symbol in de.uka.ilkd.key.java.JavaParserFactory$DynamicTypeSolver@60686d5f : java.lang.Object at file:/D:/a/key/key/key.core/build/resources/main/de/uka/ilkd/key/proof/rules/javaRules.key:2718:15
	at de.uka.ilkd.key.nparser.builder.AbstractBuilder.accept(AbstractBuilder.java:54)
Caused by: com.github.javaparser.resolution.UnsolvedSymbolException: Unsolved symbol in de.uka.ilkd.key.java.JavaParserFactory$DynamicTypeSolver@60686d5f : java.lang.Object
	at com.github.javaparser.resolution.TypeSolver.solveType(TypeSolver.java:71)

164872     ERROR Test worker     d.u.i.k.n.b.AbstractBuilder  com.github.javaparser.resolution.UnsolvedSymbolException: Unsolved symbol in de.uka.ilkd.key.java.JavaParserFactory$DynamicTypeSolver@60686d5f : java.lang.Object
	at com.github.javaparser.resolution.TypeSolver.solveType(TypeSolver.java:71)

164872     ERROR Test worker     d.u.i.k.n.b.TacletPBuilder Error in parsing taclet. de.uka.ilkd.key.util.parsing.BuildingException: Unsolved symbol in de.uka.ilkd.key.java.JavaParserFactory$DynamicTypeSolver@60686d5f : java.lang.Object at file:/D:/a/key/key/key.core/build/resources/main/de/uka/ilkd/key/proof/rules/javaRules.key:2725:15
	at de.uka.ilkd.key.nparser.builder.AbstractBuilder.accept(AbstractBuilder.java:54)
Caused by: com.github.javaparser.resolution.UnsolvedSymbolException: Unsolved symbol in de.uka.ilkd.key.java.JavaParserFactory$DynamicTypeSolver@60686d5f : java.lang.Object
	at com.github.javaparser.resolution.TypeSolver.solveType(TypeSolver.java:71)

164874     ERROR Test worker     d.u.i.k.n.b.AbstractBuilder  com.github.javaparser.resolution.UnsolvedSymbolException: Unsolved symbol in de.uka.ilkd.key.java.JavaParserFactory$DynamicTypeSolver@60686d5f : java.lang.Object
	at com.github.javaparser.resolution.TypeSolver.solveType(TypeSolver.java:71)

164874     ERROR Test worker     d.u.i.k.n.b.TacletPBuilder Error in parsing taclet. de.uka.ilkd.key.util.parsing.BuildingException: Unsolved symbol in de.uka.ilkd.key.java.JavaParserFactory$DynamicTypeSolver@60686d5f : java.lang.Object at file:/D:/a/key/key/key.core/build/resources/main/de/uka/ilkd/key/proof/rules/javaRules.key:2733:15
	at de.uka.ilkd.key.nparser.builder.AbstractBuilder.accept(AbstractBuilder.java:54)
Caused by: com.github.javaparser.resolution.UnsolvedSymbolException: Unsolved symbol in de.uka.ilkd.key.java.JavaParserFactory$DynamicTypeSolver@60686d5f : java.lang.Object
	at com.github.javaparser.resolution.TypeSolver.solveType(TypeSolver.java:71)

164876     ERROR Test worker     d.u.i.k.n.b.AbstractBuilder  com.github.javaparser.resolution.UnsolvedSymbolException: Unsolved symbol in de.uka.ilkd.key.java.JavaParserFactory$DynamicTypeSolver@60686d5f : java.lang.Object
	at com.github.javaparser.resolution.TypeSolver.solveType(TypeSolver.java:71)

164877     ERROR Test worker     d.u.i.k.n.b.TacletPBuilder Error in parsing taclet. de.uka.ilkd.key.util.parsing.BuildingException: Unsolved symbol in de.uka.ilkd.key.java.JavaParserFactory$DynamicTypeSolver@60686d5f : java.lang.Object at file:/D:/a/key/key/key.core/build/resources/main/de/uka/ilkd/key/proof/rules/javaRules.key:2741:15
	at de.uka.ilkd.key.nparser.builder.AbstractBuilder.accept(AbstractBuilder.java:54)
Caused by: com.github.javaparser.resolution.UnsolvedSymbolException: Unsolved symbol in de.uka.ilkd.key.java.JavaParserFactory$DynamicTypeSolver@60686d5f : java.lang.Object
	at com.github.javaparser.resolution.TypeSolver.solveType(TypeSolver.java:71)

164879     ERROR Test worker     d.u.i.k.n.b.AbstractBuilder  com.github.javaparser.resolution.UnsolvedSymbolException: Unsolved symbol in de.uka.ilkd.key.java.JavaParserFactory$DynamicTypeSolver@60686d5f : java.lang.Object
	at com.github.javaparser.resolution.TypeSolver.solveType(TypeSolver.java:71)

164879     ERROR Test worker     d.u.i.k.n.b.TacletPBuilder Error in parsing taclet. de.uka.ilkd.key.util.parsing.BuildingException: Unsolved symbol in de.uka.ilkd.key.java.JavaParserFactory$DynamicTypeSolver@60686d5f : java.lang.Object at file:/D:/a/key/key/key.core/build/resources/main/de/uka/ilkd/key/proof/rules/javaRules.key:2750:15
	at de.uka.ilkd.key.nparser.builder.AbstractBuilder.accept(AbstractBuilder.java:54)
Caused by: com.github.javaparser.resolution.UnsolvedSymbolException: Unsolved symbol in de.uka.ilkd.key.java.JavaParserFactory$DynamicTypeSolver@60686d5f : java.lang.Object
	at com.github.javaparser.resolution.TypeSolver.solveType(TypeSolver.java:71)

164881     ERROR Test worker     d.u.i.k.n.b.AbstractBuilder  com.github.javaparser.resolution.UnsolvedSymbolException: Unsolved symbol in de.uka.ilkd.key.java.JavaParserFactory$DynamicTypeSolver@60686d5f : java.lang.Object
	at com.github.javaparser.resolution.TypeSolver.solveType(TypeSolver.java:71)

164882     ERROR Test worker     d.u.i.k.n.b.TacletPBuilder Error in parsing taclet. de.uka.ilkd.key.util.parsing.BuildingException: Unsolved symbol in de.uka.ilkd.key.java.JavaParserFactory$DynamicTypeSolver@60686d5f : java.lang.Object at file:/D:/a/key/key/key.core/build/resources/main/de/uka/ilkd/key/proof/rules/javaRules.key:2758:15
	at de.uka.ilkd.key.nparser.builder.AbstractBuilder.accept(AbstractBuilder.java:54)
Caused by: com.github.javaparser.resolution.UnsolvedSymbolException: Unsolved symbol in de.uka.ilkd.key.java.JavaParserFactory$DynamicTypeSolver@60686d5f : java.lang.Object
	at com.github.javaparser.resolution.TypeSolver.solveType(TypeSolver.java:71)

164885     ERROR Test worker     d.u.i.k.n.b.AbstractBuilder  com.github.javaparser.resolution.UnsolvedSymbolException: Unsolved symbol in de.uka.ilkd.key.java.JavaParserFactory$DynamicTypeSolver@60686d5f : java.lang.Object
	at com.github.javaparser.resolution.TypeSolver.solveType(TypeSolver.java:71)

164885     ERROR Test worker     d.u.i.k.n.b.TacletPBuilder Error in parsing taclet. de.uka.ilkd.key.util.parsing.BuildingException: Unsolved symbol in de.uka.ilkd.key.java.JavaParserFactory$DynamicTypeSolver@60686d5f : java.lang.Object at file:/D:/a/key/key/key.core/build/resources/main/de/uka/ilkd/key/proof/rules/javaRules.key:2767:15
	at de.uka.ilkd.key.nparser.builder.AbstractBuilder.accept(AbstractBuilder.java:54)
Caused by: com.github.javaparser.resolution.UnsolvedSymbolException: Unsolved symbol in de.uka.ilkd.key.java.JavaParserFactory$DynamicTypeSolver@60686d5f : java.lang.Object
	at com.github.javaparser.resolution.TypeSolver.solveType(TypeSolver.java:71)

164887     ERROR Test worker     d.u.i.k.n.b.AbstractBuilder  com.github.javaparser.resolution.UnsolvedSymbolException: Unsolved symbol in de.uka.ilkd.key.java.JavaParserFactory$DynamicTypeSolver@60686d5f : java.lang.Object
	at com.github.javaparser.resolution.TypeSolver.solveType(TypeSolver.java:71)

164888     ERROR Test worker     d.u.i.k.n.b.TacletPBuilder Error in parsing taclet. de.uka.ilkd.key.util.parsing.BuildingException: Unsolved symbol in de.uka.ilkd.key.java.JavaParserFactory$DynamicTypeSolver@60686d5f : java.lang.Object at file:/D:/a/key/key/key.core/build/resources/main/de/uka/ilkd/key/proof/rules/javaRules.key:2779:15
	at de.uka.ilkd.key.nparser.builder.AbstractBuilder.accept(AbstractBuilder.java:54)
Caused by: com.github.javaparser.resolution.UnsolvedSymbolException: Unsolved symbol in de.uka.ilkd.key.java.JavaParserFactory$DynamicTypeSolver@60686d5f : java.lang.Object
	at com.github.javaparser.resolution.TypeSolver.solveType(TypeSolver.java:71)

164889     ERROR Test worker     d.u.i.k.n.b.AbstractBuilder  com.github.javaparser.resolution.UnsolvedSymbolException: Unsolved symbol in de.uka.ilkd.key.java.JavaParserFactory$DynamicTypeSolver@60686d5f : java.lang.Object
	at com.github.javaparser.resolution.TypeSolver.solveType(TypeSolver.java:71)

164890     ERROR Test worker     d.u.i.k.n.b.TacletPBuilder Error in parsing taclet. de.uka.ilkd.key.util.parsing.BuildingException: Unsolved symbol in de.uka.ilkd.key.java.JavaParserFactory$DynamicTypeSolver@60686d5f : java.lang.Object at file:/D:/a/key/key/key.core/build/resources/main/de/uka/ilkd/key/proof/rules/javaRules.key:2789:15
	at de.uka.ilkd.key.nparser.builder.AbstractBuilder.accept(AbstractBuilder.java:54)
Caused by: com.github.javaparser.resolution.UnsolvedSymbolException: Unsolved symbol in de.uka.ilkd.key.java.JavaParserFactory$DynamicTypeSolver@60686d5f : java.lang.Object
	at com.github.javaparser.resolution.TypeSolver.solveType(TypeSolver.java:71)

164892     ERROR Test worker     d.u.i.k.n.b.AbstractBuilder  com.github.javaparser.resolution.UnsolvedSymbolException: Unsolved symbol in de.uka.ilkd.key.java.JavaParserFactory$DynamicTypeSolver@60686d5f : java.lang.Object
	at com.github.javaparser.resolution.TypeSolver.solveType(TypeSolver.java:71)

164892     ERROR Test worker     d.u.i.k.n.b.TacletPBuilder Error in parsing taclet. de.uka.ilkd.key.util.parsing.BuildingException: Unsolved symbol in de.uka.ilkd.key.java.JavaParserFactory$DynamicTypeSolver@60686d5f : java.lang.Object at file:/D:/a/key/key/key.core/build/resources/main/de/uka/ilkd/key/proof/rules/javaRules.key:2802:15
	at de.uka.ilkd.key.nparser.builder.AbstractBuilder.accept(AbstractBuilder.java:54)
Caused by: com.github.javaparser.resolution.UnsolvedSymbolException: Unsolved symbol in de.uka.ilkd.key.java.JavaParserFactory$DynamicTypeSolver@60686d5f : java.lang.Object
	at com.github.javaparser.resolution.TypeSolver.solveType(TypeSolver.java:71)

164894     ERROR Test worker     d.u.i.k.n.b.AbstractBuilder  com.github.javaparser.resolution.UnsolvedSymbolException: Unsolved symbol in de.uka.ilkd.key.java.JavaParserFactory$DynamicTypeSolver@60686d5f : java.lang.Object
	at com.github.javaparser.resolution.TypeSolver.solveType(TypeSolver.java:71)

164895     ERROR Test worker     d.u.i.k.n.b.TacletPBuilder Error in parsing taclet. de.uka.ilkd.key.util.parsing.BuildingException: Unsolved symbol in de.uka.ilkd.key.java.JavaParserFactory$DynamicTypeSolver@60686d5f : java.lang.Object at file:/D:/a/key/key/key.core/build/resources/main/de/uka/ilkd/key/proof/rules/javaRules.key:2816:15
	at de.uka.ilkd.key.nparser.builder.AbstractBuilder.accept(AbstractBuilder.java:54)
Caused by: com.github.javaparser.resolution.UnsolvedSymbolException: Unsolved symbol in de.uka.ilkd.key.java.JavaParserFactory$DynamicTypeSolver@60686d5f : java.lang.Object
	at com.github.javaparser.resolution.TypeSolver.solveType(TypeSolver.java:71)

164897     ERROR Test worker     d.u.i.k.n.b.AbstractBuilder  com.github.javaparser.resolution.UnsolvedSymbolException: Unsolved symbol in de.uka.ilkd.key.java.JavaParserFactory$DynamicTypeSolver@60686d5f : java.lang.Object
	at com.github.javaparser.resolution.TypeSolver.solveType(TypeSolver.java:71)

164897     ERROR Test worker     d.u.i.k.n.b.TacletPBuilder Error in parsing taclet. de.uka.ilkd.key.util.parsing.BuildingException: Unsolved symbol in de.uka.ilkd.key.java.JavaParserFactory$DynamicTypeSolver@60686d5f : java.lang.Object at file:/D:/a/key/key/key.core/build/resources/main/de/uka/ilkd/key/proof/rules/javaRules.key:2828:15
	at de.uka.ilkd.key.nparser.builder.AbstractBuilder.accept(AbstractBuilder.java:54)
Caused by: com.github.javaparser.resolution.UnsolvedSymbolException: Unsolved symbol in de.uka.ilkd.key.java.JavaParserFactory$DynamicTypeSolver@60686d5f : java.lang.Object
	at com.github.javaparser.resolution.TypeSolver.solveType(TypeSolver.java:71)

164899     ERROR Test worker     d.u.i.k.n.b.AbstractBuilder  com.github.javaparser.resolution.UnsolvedSymbolException: Unsolved symbol in de.uka.ilkd.key.java.JavaParserFactory$DynamicTypeSolver@60686d5f : java.lang.Object
	at com.github.javaparser.resolution.TypeSolver.solveType(TypeSolver.java:71)

164899     ERROR Test worker     d.u.i.k.n.b.TacletPBuilder Error in parsing taclet. de.uka.ilkd.key.util.parsing.BuildingException: Unsolved symbol in de.uka.ilkd.key.java.JavaParserFactory$DynamicTypeSolver@60686d5f : java.lang.Object at file:/D:/a/key/key/key.core/build/resources/main/de/uka/ilkd/key/proof/rules/javaRules.key:2838:15
	at de.uka.ilkd.key.nparser.builder.AbstractBuilder.accept(AbstractBuilder.java:54)
Caused by: com.github.javaparser.resolution.UnsolvedSymbolException: Unsolved symbol in de.uka.ilkd.key.java.JavaParserFactory$DynamicTypeSolver@60686d5f : java.lang.Object
	at com.github.javaparser.resolution.TypeSolver.solveType(TypeSolver.java:71)

164901     ERROR Test worker     d.u.i.k.n.b.AbstractBuilder  com.github.javaparser.resolution.UnsolvedSymbolException: Unsolved symbol in de.uka.ilkd.key.java.JavaParserFactory$DynamicTypeSolver@60686d5f : java.lang.Object
	at com.github.javaparser.resolution.TypeSolver.solveType(TypeSolver.java:71)

164902     ERROR Test worker     d.u.i.k.n.b.TacletPBuilder Error in parsing taclet. de.uka.ilkd.key.util.parsing.BuildingException: Unsolved symbol in de.uka.ilkd.key.java.JavaParserFactory$DynamicTypeSolver@60686d5f : java.lang.Object at file:/D:/a/key/key/key.core/build/resources/main/de/uka/ilkd/key/proof/rules/javaRules.key:2849:15
	at de.uka.ilkd.key.nparser.builder.AbstractBuilder.accept(AbstractBuilder.java:54)
Caused by: com.github.javaparser.resolution.UnsolvedSymbolException: Unsolved symbol in de.uka.ilkd.key.java.JavaParserFactory$DynamicTypeSolver@60686d5f : java.lang.Object
	at com.github.javaparser.resolution.TypeSolver.solveType(TypeSolver.java:71)

164904     ERROR Test worker     d.u.i.k.n.b.AbstractBuilder  com.github.javaparser.resolution.UnsolvedSymbolException: Unsolved symbol in de.uka.ilkd.key.java.JavaParserFactory$DynamicTypeSolver@60686d5f : java.lang.Object
	at com.github.javaparser.resolution.TypeSolver.solveType(TypeSolver.java:71)

164904     ERROR Test worker     d.u.i.k.n.b.TacletPBuilder Error in parsing taclet. de.uka.ilkd.key.util.parsing.BuildingException: Unsolved symbol in de.uka.ilkd.key.java.JavaParserFactory$DynamicTypeSolver@60686d5f : java.lang.Object at file:/D:/a/key/key/key.core/build/resources/main/de/uka/ilkd/key/proof/rules/javaRules.key:2860:15
	at de.uka.ilkd.key.nparser.builder.AbstractBuilder.accept(AbstractBuilder.java:54)
Caused by: com.github.javaparser.resolution.UnsolvedSymbolException: Unsolved symbol in de.uka.ilkd.key.java.JavaParserFactory$DynamicTypeSolver@60686d5f : java.lang.Object
	at com.github.javaparser.resolution.TypeSolver.solveType(TypeSolver.java:71)

164906     ERROR Test worker     d.u.i.k.n.b.AbstractBuilder  com.github.javaparser.resolution.UnsolvedSymbolException: Unsolved symbol in de.uka.ilkd.key.java.JavaParserFactory$DynamicTypeSolver@60686d5f : java.lang.Object
	at com.github.javaparser.resolution.TypeSolver.solveType(TypeSolver.java:71)

164950     ERROR Test worker     d.u.i.k.n.b.TacletPBuilder Error in parsing taclet. de.uka.ilkd.key.util.parsing.BuildingException: Unsolved symbol in de.uka.ilkd.key.java.JavaParserFactory$DynamicTypeSolver@60686d5f : java.lang.Object at file:/D:/a/key/key/key.core/build/resources/main/de/uka/ilkd/key/proof/rules/javaRules.key:2868:15
	at de.uka.ilkd.key.nparser.builder.AbstractBuilder.accept(AbstractBuilder.java:54)
Caused by: com.github.javaparser.resolution.UnsolvedSymbolException: Unsolved symbol in de.uka.ilkd.key.java.JavaParserFactory$DynamicTypeSolver@60686d5f : java.lang.Object
	at com.github.javaparser.resolution.TypeSolver.solveType(TypeSolver.java:71)

164956     ERROR Test worker     d.u.i.k.n.b.AbstractBuilder  com.github.javaparser.resolution.UnsolvedSymbolException: Unsolved symbol in de.uka.ilkd.key.java.JavaParserFactory$DynamicTypeSolver@60686d5f : java.lang.Object
	at com.github.javaparser.resolution.TypeSolver.solveType(TypeSolver.java:71)

164956     ERROR Test worker     d.u.i.k.n.b.TacletPBuilder Error in parsing taclet. de.uka.ilkd.key.util.parsing.BuildingException: Unsolved symbol in de.uka.ilkd.key.java.JavaParserFactory$DynamicTypeSolver@60686d5f : java.lang.Object at file:/D:/a/key/key/key.core/build/resources/main/de/uka/ilkd/key/proof/rules/javaRules.key:2876:15
	at de.uka.ilkd.key.nparser.builder.AbstractBuilder.accept(AbstractBuilder.java:54)
Caused by: com.github.javaparser.resolution.UnsolvedSymbolException: Unsolved symbol in de.uka.ilkd.key.java.JavaParserFactory$DynamicTypeSolver@60686d5f : java.lang.Object
	at com.github.javaparser.resolution.TypeSolver.solveType(TypeSolver.java:71)

164958     ERROR Test worker     d.u.i.k.n.b.AbstractBuilder  com.github.javaparser.resolution.UnsolvedSymbolException: Unsolved symbol in de.uka.ilkd.key.java.JavaParserFactory$DynamicTypeSolver@60686d5f : java.lang.Object
	at com.github.javaparser.resolution.TypeSolver.solveType(TypeSolver.java:71)

164959     ERROR Test worker     d.u.i.k.n.b.TacletPBuilder Error in parsing taclet. de.uka.ilkd.key.util.parsing.BuildingException: Unsolved symbol in de.uka.ilkd.key.java.JavaParserFactory$DynamicTypeSolver@60686d5f : java.lang.Object at file:/D:/a/key/key/key.core/build/resources/main/de/uka/ilkd/key/proof/rules/javaRules.key:2888:15
	at de.uka.ilkd.key.nparser.builder.AbstractBuilder.accept(AbstractBuilder.java:54)
Caused by: com.github.javaparser.resolution.UnsolvedSymbolException: Unsolved symbol in de.uka.ilkd.key.java.JavaParserFactory$DynamicTypeSolver@60686d5f : java.lang.Object
	at com.github.javaparser.resolution.TypeSolver.solveType(TypeSolver.java:71)

164960     ERROR Test worker     d.u.i.k.n.b.AbstractBuilder  com.github.javaparser.resolution.UnsolvedSymbolException: Unsolved symbol in de.uka.ilkd.key.java.JavaParserFactory$DynamicTypeSolver@60686d5f : java.lang.Object
	at com.github.javaparser.resolution.TypeSolver.solveType(TypeSolver.java:71)

164961     ERROR Test worker     d.u.i.k.n.b.TacletPBuilder Error in parsing taclet. de.uka.ilkd.key.util.parsing.BuildingException: Unsolved symbol in de.uka.ilkd.key.java.JavaParserFactory$DynamicTypeSolver@60686d5f : java.lang.Object at file:/D:/a/key/key/key.core/build/resources/main/de/uka/ilkd/key/proof/rules/javaRules.key:2904:15
	at de.uka.ilkd.key.nparser.builder.AbstractBuilder.accept(AbstractBuilder.java:54)
Caused by: com.github.javaparser.resolution.UnsolvedSymbolException: Unsolved symbol in de.uka.ilkd.key.java.JavaParserFactory$DynamicTypeSolver@60686d5f : java.lang.Object
	at com.github.javaparser.resolution.TypeSolver.solveType(TypeSolver.java:71)

164962     ERROR Test worker     d.u.i.k.n.b.AbstractBuilder  com.github.javaparser.resolution.UnsolvedSymbolException: Unsolved symbol in de.uka.ilkd.key.java.JavaParserFactory$DynamicTypeSolver@60686d5f : java.lang.Object
	at com.github.javaparser.resolution.TypeSolver.solveType(TypeSolver.java:71)

164962     ERROR Test worker     d.u.i.k.n.b.TacletPBuilder Error in parsing taclet. de.uka.ilkd.key.util.parsing.BuildingException: Unsolved symbol in de.uka.ilkd.key.java.JavaParserFactory$DynamicTypeSolver@60686d5f : java.lang.Object at file:/D:/a/key/key/key.core/build/resources/main/de/uka/ilkd/key/proof/rules/javaRules.key:2932:15
	at de.uka.ilkd.key.nparser.builder.AbstractBuilder.accept(AbstractBuilder.java:54)
Caused by: com.github.javaparser.resolution.UnsolvedSymbolException: Unsolved symbol in de.uka.ilkd.key.java.JavaParserFactory$DynamicTypeSolver@60686d5f : java.lang.Object
	at com.github.javaparser.resolution.TypeSolver.solveType(TypeSolver.java:71)

164964     ERROR Test worker     d.u.i.k.n.b.AbstractBuilder  com.github.javaparser.resolution.UnsolvedSymbolException: Unsolved symbol in de.uka.ilkd.key.java.JavaParserFactory$DynamicTypeSolver@60686d5f : java.lang.Object
	at com.github.javaparser.resolution.TypeSolver.solveType(TypeSolver.java:71)

164965     ERROR Test worker     d.u.i.k.n.b.TacletPBuilder Error in parsing taclet. de.uka.ilkd.key.util.parsing.BuildingException: Unsolved symbol in de.uka.ilkd.key.java.JavaParserFactory$DynamicTypeSolver@60686d5f : java.lang.Object at file:/D:/a/key/key/key.core/build/resources/main/de/uka/ilkd/key/proof/rules/javaRules.key:2963:20
	at de.uka.ilkd.key.nparser.builder.AbstractBuilder.accept(AbstractBuilder.java:54)
Caused by: com.github.javaparser.resolution.UnsolvedSymbolException: Unsolved symbol in de.uka.ilkd.key.java.JavaParserFactory$DynamicTypeSolver@60686d5f : java.lang.Object
	at com.github.javaparser.resolution.TypeSolver.solveType(TypeSolver.java:71)

164966     ERROR Test worker     d.u.i.k.n.b.AbstractBuilder  com.github.javaparser.resolution.UnsolvedSymbolException: Unsolved symbol in de.uka.ilkd.key.java.JavaParserFactory$DynamicTypeSolver@60686d5f : java.lang.Object
	at com.github.javaparser.resolution.TypeSolver.solveType(TypeSolver.java:71)

164966     ERROR Test worker     d.u.i.k.n.b.TacletPBuilder Error in parsing taclet. de.uka.ilkd.key.util.parsing.BuildingException: Unsolved symbol in de.uka.ilkd.key.java.JavaParserFactory$DynamicTypeSolver@60686d5f : java.lang.Object at file:/D:/a/key/key/key.core/build/resources/main/de/uka/ilkd/key/proof/rules/javaRules.key:2989:15
	at de.uka.ilkd.key.nparser.builder.AbstractBuilder.accept(AbstractBuilder.java:54)
Caused by: com.github.javaparser.resolution.UnsolvedSymbolException: Unsolved symbol in de.uka.ilkd.key.java.JavaParserFactory$DynamicTypeSolver@60686d5f : java.lang.Object
	at com.github.javaparser.resolution.TypeSolver.solveType(TypeSolver.java:71)

164968     ERROR Test worker     d.u.i.k.n.b.AbstractBuilder  com.github.javaparser.resolution.UnsolvedSymbolException: Unsolved symbol in de.uka.ilkd.key.java.JavaParserFactory$DynamicTypeSolver@60686d5f : java.lang.Object
	at com.github.javaparser.resolution.TypeSolver.solveType(TypeSolver.java:71)

164968     ERROR Test worker     d.u.i.k.n.b.TacletPBuilder Error in parsing taclet. de.uka.ilkd.key.util.parsing.BuildingException: Unsolved symbol in de.uka.ilkd.key.java.JavaParserFactory$DynamicTypeSolver@60686d5f : java.lang.Object at file:/D:/a/key/key/key.core/build/resources/main/de/uka/ilkd/key/proof/rules/javaRules.key:2999:20
	at de.uka.ilkd.key.nparser.builder.AbstractBuilder.accept(AbstractBuilder.java:54)
Caused by: com.github.javaparser.resolution.UnsolvedSymbolException: Unsolved symbol in de.uka.ilkd.key.java.JavaParserFactory$DynamicTypeSolver@60686d5f : java.lang.Object
	at com.github.javaparser.resolution.TypeSolver.solveType(TypeSolver.java:71)

164970     ERROR Test worker     d.u.i.k.n.b.AbstractBuilder  com.github.javaparser.resolution.UnsolvedSymbolException: Unsolved symbol in de.uka.ilkd.key.java.JavaParserFactory$DynamicTypeSolver@60686d5f : java.lang.Object
	at com.github.javaparser.resolution.TypeSolver.solveType(TypeSolver.java:71)

164970     ERROR Test worker     d.u.i.k.n.b.TacletPBuilder Error in parsing taclet. de.uka.ilkd.key.util.parsing.BuildingException: Unsolved symbol in de.uka.ilkd.key.java.JavaParserFactory$DynamicTypeSolver@60686d5f : java.lang.Object at file:/D:/a/key/key/key.core/build/resources/main/de/uka/ilkd/key/proof/rules/javaRules.key:3030:15
	at de.uka.ilkd.key.nparser.builder.AbstractBuilder.accept(AbstractBuilder.java:54)
Caused by: com.github.javaparser.resolution.UnsolvedSymbolException: Unsolved symbol in de.uka.ilkd.key.java.JavaParserFactory$DynamicTypeSolver@60686d5f : java.lang.Object
	at com.github.javaparser.resolution.TypeSolver.solveType(TypeSolver.java:71)

164972     ERROR Test worker     d.u.i.k.n.b.AbstractBuilder  com.github.javaparser.resolution.UnsolvedSymbolException: Unsolved symbol in de.uka.ilkd.key.java.JavaParserFactory$DynamicTypeSolver@60686d5f : java.lang.Object
	at com.github.javaparser.resolution.TypeSolver.solveType(TypeSolver.java:71)

164972     ERROR Test worker     d.u.i.k.n.b.TacletPBuilder Error in parsing taclet. de.uka.ilkd.key.util.parsing.BuildingException: Unsolved symbol in de.uka.ilkd.key.java.JavaParserFactory$DynamicTypeSolver@60686d5f : java.lang.Object at file:/D:/a/key/key/key.core/build/resources/main/de/uka/ilkd/key/proof/rules/javaRules.key:3049:15
	at de.uka.ilkd.key.nparser.builder.AbstractBuilder.accept(AbstractBuilder.java:54)
Caused by: com.github.javaparser.resolution.UnsolvedSymbolException: Unsolved symbol in de.uka.ilkd.key.java.JavaParserFactory$DynamicTypeSolver@60686d5f : java.lang.Object
	at com.github.javaparser.resolution.TypeSolver.solveType(TypeSolver.java:71)

164974     ERROR Test worker     d.u.i.k.n.b.AbstractBuilder  com.github.javaparser.resolution.UnsolvedSymbolException: Unsolved symbol in de.uka.ilkd.key.java.JavaParserFactory$DynamicTypeSolver@60686d5f : java.lang.Object
	at com.github.javaparser.resolution.TypeSolver.solveType(TypeSolver.java:71)

164974     ERROR Test worker     d.u.i.k.n.b.TacletPBuilder Error in parsing taclet. de.uka.ilkd.key.util.parsing.BuildingException: Unsolved symbol in de.uka.ilkd.key.java.JavaParserFactory$DynamicTypeSolver@60686d5f : java.lang.Object at file:/D:/a/key/key/key.core/build/resources/main/de/uka/ilkd/key/proof/rules/javaRules.key:3075:15
	at de.uka.ilkd.key.nparser.builder.AbstractBuilder.accept(AbstractBuilder.java:54)
Caused by: com.github.javaparser.resolution.UnsolvedSymbolException: Unsolved symbol in de.uka.ilkd.key.java.JavaParserFactory$DynamicTypeSolver@60686d5f : java.lang.Object
	at com.github.javaparser.resolution.TypeSolver.solveType(TypeSolver.java:71)

164975     ERROR Test worker     d.u.i.k.n.b.AbstractBuilder  com.github.javaparser.resolution.UnsolvedSymbolException: Unsolved symbol in de.uka.ilkd.key.java.JavaParserFactory$DynamicTypeSolver@60686d5f : java.lang.Object
	at com.github.javaparser.resolution.TypeSolver.solveType(TypeSolver.java:71)

164976     ERROR Test worker     d.u.i.k.n.b.TacletPBuilder Error in parsing taclet. de.uka.ilkd.key.util.parsing.BuildingException: Unsolved symbol in de.uka.ilkd.key.java.JavaParserFactory$DynamicTypeSolver@60686d5f : java.lang.Object at file:/D:/a/key/key/key.core/build/resources/main/de/uka/ilkd/key/proof/rules/javaRules.key:3105:20
	at de.uka.ilkd.key.nparser.builder.AbstractBuilder.accept(AbstractBuilder.java:54)
Caused by: com.github.javaparser.resolution.UnsolvedSymbolException: Unsolved symbol in de.uka.ilkd.key.java.JavaParserFactory$DynamicTypeSolver@60686d5f : java.lang.Object
	at com.github.javaparser.resolution.TypeSolver.solveType(TypeSolver.java:71)

164977     ERROR Test worker     d.u.i.k.n.b.AbstractBuilder  com.github.javaparser.resolution.UnsolvedSymbolException: Unsolved symbol in de.uka.ilkd.key.java.JavaParserFactory$DynamicTypeSolver@60686d5f : java.lang.Object
	at com.github.javaparser.resolution.TypeSolver.solveType(TypeSolver.java:71)

164977     ERROR Test worker     d.u.i.k.n.b.TacletPBuilder Error in parsing taclet. de.uka.ilkd.key.util.parsing.BuildingException: Unsolved symbol in de.uka.ilkd.key.java.JavaParserFactory$DynamicTypeSolver@60686d5f : java.lang.Object at file:/D:/a/key/key/key.core/build/resources/main/de/uka/ilkd/key/proof/rules/javaRules.key:3128:15
	at de.uka.ilkd.key.nparser.builder.AbstractBuilder.accept(AbstractBuilder.java:54)
Caused by: com.github.javaparser.resolution.UnsolvedSymbolException: Unsolved symbol in de.uka.ilkd.key.java.JavaParserFactory$DynamicTypeSolver@60686d5f : java.lang.Object
	at com.github.javaparser.resolution.TypeSolver.solveType(TypeSolver.java:71)

164979     ERROR Test worker     d.u.i.k.n.b.AbstractBuilder  com.github.javaparser.resolution.UnsolvedSymbolException: Unsolved symbol in de.uka.ilkd.key.java.JavaParserFactory$DynamicTypeSolver@60686d5f : java.lang.Object
	at com.github.javaparser.resolution.TypeSolver.solveType(TypeSolver.java:71)

164979     ERROR Test worker     d.u.i.k.n.b.TacletPBuilder Error in parsing taclet. de.uka.ilkd.key.util.parsing.BuildingException: Unsolved symbol in de.uka.ilkd.key.java.JavaParserFactory$DynamicTypeSolver@60686d5f : java.lang.Object at file:/D:/a/key/key/key.core/build/resources/main/de/uka/ilkd/key/proof/rules/javaRules.key:3138:20
	at de.uka.ilkd.key.nparser.builder.AbstractBuilder.accept(AbstractBuilder.java:54)
Caused by: com.github.javaparser.resolution.UnsolvedSymbolException: Unsolved symbol in de.uka.ilkd.key.java.JavaParserFactory$DynamicTypeSolver@60686d5f : java.lang.Object
	at com.github.javaparser.resolution.TypeSolver.solveType(TypeSolver.java:71)

164982     ERROR Test worker     d.u.i.k.n.b.AbstractBuilder  com.github.javaparser.resolution.UnsolvedSymbolException: Unsolved symbol in de.uka.ilkd.key.java.JavaParserFactory$DynamicTypeSolver@60686d5f : java.lang.Object
	at com.github.javaparser.resolution.TypeSolver.solveType(TypeSolver.java:71)

164982     ERROR Test worker     d.u.i.k.n.b.TacletPBuilder Error in parsing taclet. de.uka.ilkd.key.util.parsing.BuildingException: Unsolved symbol in de.uka.ilkd.key.java.JavaParserFactory$DynamicTypeSolver@60686d5f : java.lang.Object at file:/D:/a/key/key/key.core/build/resources/main/de/uka/ilkd/key/proof/rules/javaRules.key:3167:15
	at de.uka.ilkd.key.nparser.builder.AbstractBuilder.accept(AbstractBuilder.java:54)
Caused by: com.github.javaparser.resolution.UnsolvedSymbolException: Unsolved symbol in de.uka.ilkd.key.java.JavaParserFactory$DynamicTypeSolver@60686d5f : java.lang.Object
	at com.github.javaparser.resolution.TypeSolver.solveType(TypeSolver.java:71)

164984     ERROR Test worker     d.u.i.k.n.b.AbstractBuilder  com.github.javaparser.resolution.UnsolvedSymbolException: Unsolved symbol in de.uka.ilkd.key.java.JavaParserFactory$DynamicTypeSolver@60686d5f : java.lang.Object
	at com.github.javaparser.resolution.TypeSolver.solveType(TypeSolver.java:71)

164984     ERROR Test worker     d.u.i.k.n.b.TacletPBuilder Error in parsing taclet. de.uka.ilkd.key.util.parsing.BuildingException: Unsolved symbol in de.uka.ilkd.key.java.JavaParserFactory$DynamicTypeSolver@60686d5f : java.lang.Object at file:/D:/a/key/key/key.core/build/resources/main/de/uka/ilkd/key/proof/rules/javaRules.key:3186:15
	at de.uka.ilkd.key.nparser.builder.AbstractBuilder.accept(AbstractBuilder.java:54)
Caused by: com.github.javaparser.resolution.UnsolvedSymbolException: Unsolved symbol in de.uka.ilkd.key.java.JavaParserFactory$DynamicTypeSolver@60686d5f : java.lang.Object
	at com.github.javaparser.resolution.TypeSolver.solveType(TypeSolver.java:71)

164985     ERROR Test worker     d.u.i.k.n.b.AbstractBuilder  com.github.javaparser.resolution.UnsolvedSymbolException: Unsolved symbol in de.uka.ilkd.key.java.JavaParserFactory$DynamicTypeSolver@60686d5f : java.lang.Object
	at com.github.javaparser.resolution.TypeSolver.solveType(TypeSolver.java:71)

164986     ERROR Test worker     d.u.i.k.n.b.TacletPBuilder Error in parsing taclet. de.uka.ilkd.key.util.parsing.BuildingException: Unsolved symbol in de.uka.ilkd.key.java.JavaParserFactory$DynamicTypeSolver@60686d5f : java.lang.Object at file:/D:/a/key/key/key.core/build/resources/main/de/uka/ilkd/key/proof/rules/javaRules.key:3213:20
	at de.uka.ilkd.key.nparser.builder.AbstractBuilder.accept(AbstractBuilder.java:54)
Caused by: com.github.javaparser.resolution.UnsolvedSymbolException: Unsolved symbol in de.uka.ilkd.key.java.JavaParserFactory$DynamicTypeSolver@60686d5f : java.lang.Object
	at com.github.javaparser.resolution.TypeSolver.solveType(TypeSolver.java:71)

164988     ERROR Test worker     d.u.i.k.n.b.AbstractBuilder  com.github.javaparser.resolution.UnsolvedSymbolException: Unsolved symbol in de.uka.ilkd.key.java.JavaParserFactory$DynamicTypeSolver@60686d5f : java.lang.Object
	at com.github.javaparser.resolution.TypeSolver.solveType(TypeSolver.java:71)

164988     ERROR Test worker     d.u.i.k.n.b.TacletPBuilder Error in parsing taclet. de.uka.ilkd.key.util.parsing.BuildingException: Unsolved symbol in de.uka.ilkd.key.java.JavaParserFactory$DynamicTypeSolver@60686d5f : java.lang.Object at file:/D:/a/key/key/key.core/build/resources/main/de/uka/ilkd/key/proof/rules/javaRules.key:3235:15
	at de.uka.ilkd.key.nparser.builder.AbstractBuilder.accept(AbstractBuilder.java:54)
Caused by: com.github.javaparser.resolution.UnsolvedSymbolException: Unsolved symbol in de.uka.ilkd.key.java.JavaParserFactory$DynamicTypeSolver@60686d5f : java.lang.Object
	at com.github.javaparser.resolution.TypeSolver.solveType(TypeSolver.java:71)

164990     ERROR Test worker     d.u.i.k.n.b.AbstractBuilder  com.github.javaparser.resolution.UnsolvedSymbolException: Unsolved symbol in de.uka.ilkd.key.java.JavaParserFactory$DynamicTypeSolver@60686d5f : java.lang.Object
	at com.github.javaparser.resolution.TypeSolver.solveType(TypeSolver.java:71)

164990     ERROR Test worker     d.u.i.k.n.b.TacletPBuilder Error in parsing taclet. de.uka.ilkd.key.util.parsing.BuildingException: Unsolved symbol in de.uka.ilkd.key.java.JavaParserFactory$DynamicTypeSolver@60686d5f : java.lang.Object at file:/D:/a/key/key/key.core/build/resources/main/de/uka/ilkd/key/proof/rules/javaRules.key:3244:15
	at de.uka.ilkd.key.nparser.builder.AbstractBuilder.accept(AbstractBuilder.java:54)
Caused by: com.github.javaparser.resolution.UnsolvedSymbolException: Unsolved symbol in de.uka.ilkd.key.java.JavaParserFactory$DynamicTypeSolver@60686d5f : java.lang.Object
	at com.github.javaparser.resolution.TypeSolver.solveType(TypeSolver.java:71)

164991     ERROR Test worker     d.u.i.k.n.b.AbstractBuilder  com.github.javaparser.resolution.UnsolvedSymbolException: Unsolved symbol in de.uka.ilkd.key.java.JavaParserFactory$DynamicTypeSolver@60686d5f : java.lang.Object
	at com.github.javaparser.resolution.TypeSolver.solveType(TypeSolver.java:71)

164992     ERROR Test worker     d.u.i.k.n.b.TacletPBuilder Error in parsing taclet. de.uka.ilkd.key.util.parsing.BuildingException: Unsolved symbol in de.uka.ilkd.key.java.JavaParserFactory$DynamicTypeSolver@60686d5f : java.lang.Object at file:/D:/a/key/key/key.core/build/resources/main/de/uka/ilkd/key/proof/rules/javaRules.key:3266:15
	at de.uka.ilkd.key.nparser.builder.AbstractBuilder.accept(AbstractBuilder.java:54)
Caused by: com.github.javaparser.resolution.UnsolvedSymbolException: Unsolved symbol in de.uka.ilkd.key.java.JavaParserFactory$DynamicTypeSolver@60686d5f : java.lang.Object
	at com.github.javaparser.resolution.TypeSolver.solveType(TypeSolver.java:71)

164993     ERROR Test worker     d.u.i.k.n.b.AbstractBuilder  com.github.javaparser.resolution.UnsolvedSymbolException: Unsolved symbol in de.uka.ilkd.key.java.JavaParserFactory$DynamicTypeSolver@60686d5f : java.lang.Object
	at com.github.javaparser.resolution.TypeSolver.solveType(TypeSolver.java:71)

164994     ERROR Test worker     d.u.i.k.n.b.TacletPBuilder Error in parsing taclet. de.uka.ilkd.key.util.parsing.BuildingException: Unsolved symbol in de.uka.ilkd.key.java.JavaParserFactory$DynamicTypeSolver@60686d5f : java.lang.Object at file:/D:/a/key/key/key.core/build/resources/main/de/uka/ilkd/key/proof/rules/javaRules.key:3285:15
	at de.uka.ilkd.key.nparser.builder.AbstractBuilder.accept(AbstractBuilder.java:54)
Caused by: com.github.javaparser.resolution.UnsolvedSymbolException: Unsolved symbol in de.uka.ilkd.key.java.JavaParserFactory$DynamicTypeSolver@60686d5f : java.lang.Object
	at com.github.javaparser.resolution.TypeSolver.solveType(TypeSolver.java:71)

164995     ERROR Test worker     d.u.i.k.n.b.AbstractBuilder  com.github.javaparser.resolution.UnsolvedSymbolException: Unsolved symbol in de.uka.ilkd.key.java.JavaParserFactory$DynamicTypeSolver@60686d5f : java.lang.Object
	at com.github.javaparser.resolution.TypeSolver.solveType(TypeSolver.java:71)

164995     ERROR Test worker     d.u.i.k.n.b.TacletPBuilder Error in parsing taclet. de.uka.ilkd.key.util.parsing.BuildingException: Unsolved symbol in de.uka.ilkd.key.java.JavaParserFactory$DynamicTypeSolver@60686d5f : java.lang.Object at file:/D:/a/key/key/key.core/build/resources/main/de/uka/ilkd/key/proof/rules/javaRules.key:3301:15
	at de.uka.ilkd.key.nparser.builder.AbstractBuilder.accept(AbstractBuilder.java:54)
Caused by: com.github.javaparser.resolution.UnsolvedSymbolException: Unsolved symbol in de.uka.ilkd.key.java.JavaParserFactory$DynamicTypeSolver@60686d5f : java.lang.Object
	at com.github.javaparser.resolution.TypeSolver.solveType(TypeSolver.java:71)

164998     ERROR Test worker     d.u.i.k.n.b.AbstractBuilder  com.github.javaparser.resolution.UnsolvedSymbolException: Unsolved symbol in de.uka.ilkd.key.java.JavaParserFactory$DynamicTypeSolver@60686d5f : java.lang.Object
	at com.github.javaparser.resolution.TypeSolver.solveType(TypeSolver.java:71)

164998     ERROR Test worker     d.u.i.k.n.b.TacletPBuilder Error in parsing taclet. de.uka.ilkd.key.util.parsing.BuildingException: Unsolved symbol in de.uka.ilkd.key.java.JavaParserFactory$DynamicTypeSolver@60686d5f : java.lang.Object at file:/D:/a/key/key/key.core/build/resources/main/de/uka/ilkd/key/proof/rules/javaRules.key:3312:20
	at de.uka.ilkd.key.nparser.builder.AbstractBuilder.accept(AbstractBuilder.java:54)
Caused by: com.github.javaparser.resolution.UnsolvedSymbolException: Unsolved symbol in de.uka.ilkd.key.java.JavaParserFactory$DynamicTypeSolver@60686d5f : java.lang.Object
	at com.github.javaparser.resolution.TypeSolver.solveType(TypeSolver.java:71)

165000     ERROR Test worker     d.u.i.k.n.b.AbstractBuilder  com.github.javaparser.resolution.UnsolvedSymbolException: Unsolved symbol in de.uka.ilkd.key.java.JavaParserFactory$DynamicTypeSolver@60686d5f : java.lang.Object
	at com.github.javaparser.resolution.TypeSolver.solveType(TypeSolver.java:71)

165000     ERROR Test worker     d.u.i.k.n.b.TacletPBuilder Error in parsing taclet. de.uka.ilkd.key.util.parsing.BuildingException: Unsolved symbol in de.uka.ilkd.key.java.JavaParserFactory$DynamicTypeSolver@60686d5f : java.lang.Object at file:/D:/a/key/key/key.core/build/resources/main/de/uka/ilkd/key/proof/rules/javaRules.key:3333:20
	at de.uka.ilkd.key.nparser.builder.AbstractBuilder.accept(AbstractBuilder.java:54)
Caused by: com.github.javaparser.resolution.UnsolvedSymbolException: Unsolved symbol in de.uka.ilkd.key.java.JavaParserFactory$DynamicTypeSolver@60686d5f : java.lang.Object
	at com.github.javaparser.resolution.TypeSolver.solveType(TypeSolver.java:71)

165001     ERROR Test worker     d.u.i.k.n.b.AbstractBuilder  com.github.javaparser.resolution.UnsolvedSymbolException: Unsolved symbol in de.uka.ilkd.key.java.JavaParserFactory$DynamicTypeSolver@60686d5f : java.lang.Object
	at com.github.javaparser.resolution.TypeSolver.solveType(TypeSolver.java:71)

165002     ERROR Test worker     d.u.i.k.n.b.TacletPBuilder Error in parsing taclet. de.uka.ilkd.key.util.parsing.BuildingException: Unsolved symbol in de.uka.ilkd.key.java.JavaParserFactory$DynamicTypeSolver@60686d5f : java.lang.Object at file:/D:/a/key/key/key.core/build/resources/main/de/uka/ilkd/key/proof/rules/javaRules.key:3350:20
	at de.uka.ilkd.key.nparser.builder.AbstractBuilder.accept(AbstractBuilder.java:54)
Caused by: com.github.javaparser.resolution.UnsolvedSymbolException: Unsolved symbol in de.uka.ilkd.key.java.JavaParserFactory$DynamicTypeSolver@60686d5f : java.lang.Object
	at com.github.javaparser.resolution.TypeSolver.solveType(TypeSolver.java:71)

165004     ERROR Test worker     d.u.i.k.n.b.AbstractBuilder  com.github.javaparser.resolution.UnsolvedSymbolException: Unsolved symbol in de.uka.ilkd.key.java.JavaParserFactory$DynamicTypeSolver@60686d5f : java.lang.Object
	at com.github.javaparser.resolution.TypeSolver.solveType(TypeSolver.java:71)

165004     ERROR Test worker     d.u.i.k.n.b.TacletPBuilder Error in parsing taclet. de.uka.ilkd.key.util.parsing.BuildingException: Unsolved symbol in de.uka.ilkd.key.java.JavaParserFactory$DynamicTypeSolver@60686d5f : java.lang.Object at file:/D:/a/key/key/key.core/build/resources/main/de/uka/ilkd/key/proof/rules/javaRules.key:3366:15
	at de.uka.ilkd.key.nparser.builder.AbstractBuilder.accept(AbstractBuilder.java:54)
Caused by: com.github.javaparser.resolution.UnsolvedSymbolException: Unsolved symbol in de.uka.ilkd.key.java.JavaParserFactory$DynamicTypeSolver@60686d5f : java.lang.Object
	at com.github.javaparser.resolution.TypeSolver.solveType(TypeSolver.java:71)

165006     ERROR Test worker     d.u.i.k.n.b.AbstractBuilder  com.github.javaparser.resolution.UnsolvedSymbolException: Unsolved symbol in de.uka.ilkd.key.java.JavaParserFactory$DynamicTypeSolver@60686d5f : java.lang.Object
	at com.github.javaparser.resolution.TypeSolver.solveType(TypeSolver.java:71)

165006     ERROR Test worker     d.u.i.k.n.b.TacletPBuilder Error in parsing taclet. de.uka.ilkd.key.util.parsing.BuildingException: Unsolved symbol in de.uka.ilkd.key.java.JavaParserFactory$DynamicTypeSolver@60686d5f : java.lang.Object at file:/D:/a/key/key/key.core/build/resources/main/de/uka/ilkd/key/proof/rules/javaRules.key:3377:15
	at de.uka.ilkd.key.nparser.builder.AbstractBuilder.accept(AbstractBuilder.java:54)
Caused by: com.github.javaparser.resolution.UnsolvedSymbolException: Unsolved symbol in de.uka.ilkd.key.java.JavaParserFactory$DynamicTypeSolver@60686d5f : java.lang.Object
	at com.github.javaparser.resolution.TypeSolver.solveType(TypeSolver.java:71)

165008     ERROR Test worker     d.u.i.k.n.b.AbstractBuilder  com.github.javaparser.resolution.UnsolvedSymbolException: Unsolved symbol in de.uka.ilkd.key.java.JavaParserFactory$DynamicTypeSolver@60686d5f : java.lang.Object
	at com.github.javaparser.resolution.TypeSolver.solveType(TypeSolver.java:71)

165008     ERROR Test worker     d.u.i.k.n.b.TacletPBuilder Error in parsing taclet. de.uka.ilkd.key.util.parsing.BuildingException: Unsolved symbol in de.uka.ilkd.key.java.JavaParserFactory$DynamicTypeSolver@60686d5f : java.lang.Object at file:/D:/a/key/key/key.core/build/resources/main/de/uka/ilkd/key/proof/rules/javaRules.key:3388:15
	at de.uka.ilkd.key.nparser.builder.AbstractBuilder.accept(AbstractBuilder.java:54)
Caused by: com.github.javaparser.resolution.UnsolvedSymbolException: Unsolved symbol in de.uka.ilkd.key.java.JavaParserFactory$DynamicTypeSolver@60686d5f : java.lang.Object
	at com.github.javaparser.resolution.TypeSolver.solveType(TypeSolver.java:71)

165010     ERROR Test worker     d.u.i.k.n.b.AbstractBuilder  com.github.javaparser.resolution.UnsolvedSymbolException: Unsolved symbol in de.uka.ilkd.key.java.JavaParserFactory$DynamicTypeSolver@60686d5f : java.lang.Object
	at com.github.javaparser.resolution.TypeSolver.solveType(TypeSolver.java:71)

165010     ERROR Test worker     d.u.i.k.n.b.TacletPBuilder Error in parsing taclet. de.uka.ilkd.key.util.parsing.BuildingException: Unsolved symbol in de.uka.ilkd.key.java.JavaParserFactory$DynamicTypeSolver@60686d5f : java.lang.Object at file:/D:/a/key/key/key.core/build/resources/main/de/uka/ilkd/key/proof/rules/javaRules.key:3398:15
	at de.uka.ilkd.key.nparser.builder.AbstractBuilder.accept(AbstractBuilder.java:54)
Caused by: com.github.javaparser.resolution.UnsolvedSymbolException: Unsolved symbol in de.uka.ilkd.key.java.JavaParserFactory$DynamicTypeSolver@60686d5f : java.lang.Object
	at com.github.javaparser.resolution.TypeSolver.solveType(TypeSolver.java:71)

165012     ERROR Test worker     d.u.i.k.n.b.AbstractBuilder  com.github.javaparser.resolution.UnsolvedSymbolException: Unsolved symbol in de.uka.ilkd.key.java.JavaParserFactory$DynamicTypeSolver@60686d5f : java.lang.Object
	at com.github.javaparser.resolution.TypeSolver.solveType(TypeSolver.java:71)

165012     ERROR Test worker     d.u.i.k.n.b.TacletPBuilder Error in parsing taclet. de.uka.ilkd.key.util.parsing.BuildingException: Unsolved symbol in de.uka.ilkd.key.java.JavaParserFactory$DynamicTypeSolver@60686d5f : java.lang.Object at file:/D:/a/key/key/key.core/build/resources/main/de/uka/ilkd/key/proof/rules/javaRules.key:3417:15
	at de.uka.ilkd.key.nparser.builder.AbstractBuilder.accept(AbstractBuilder.java:54)
Caused by: com.github.javaparser.resolution.UnsolvedSymbolException: Unsolved symbol in de.uka.ilkd.key.java.JavaParserFactory$DynamicTypeSolver@60686d5f : java.lang.Object
	at com.github.javaparser.resolution.TypeSolver.solveType(TypeSolver.java:71)

165015     ERROR Test worker     d.u.i.k.n.b.AbstractBuilder  com.github.javaparser.resolution.UnsolvedSymbolException: Unsolved symbol in de.uka.ilkd.key.java.JavaParserFactory$DynamicTypeSolver@60686d5f : java.lang.Object
	at com.github.javaparser.resolution.TypeSolver.solveType(TypeSolver.java:71)

165015     ERROR Test worker     d.u.i.k.n.b.TacletPBuilder Error in parsing taclet. de.uka.ilkd.key.util.parsing.BuildingException: Unsolved symbol in de.uka.ilkd.key.java.JavaParserFactory$DynamicTypeSolver@60686d5f : java.lang.Object at file:/D:/a/key/key/key.core/build/resources/main/de/uka/ilkd/key/proof/rules/javaRules.key:3437:20
	at de.uka.ilkd.key.nparser.builder.AbstractBuilder.accept(AbstractBuilder.java:54)
Caused by: com.github.javaparser.resolution.UnsolvedSymbolException: Unsolved symbol in de.uka.ilkd.key.java.JavaParserFactory$DynamicTypeSolver@60686d5f : java.lang.Object
	at com.github.javaparser.resolution.TypeSolver.solveType(TypeSolver.java:71)

165017     ERROR Test worker     d.u.i.k.n.b.AbstractBuilder  com.github.javaparser.resolution.UnsolvedSymbolException: Unsolved symbol in de.uka.ilkd.key.java.JavaParserFactory$DynamicTypeSolver@60686d5f : java.lang.Object
	at com.github.javaparser.resolution.TypeSolver.solveType(TypeSolver.java:71)

165017     ERROR Test worker     d.u.i.k.n.b.TacletPBuilder Error in parsing taclet. de.uka.ilkd.key.util.parsing.BuildingException: Unsolved symbol in de.uka.ilkd.key.java.JavaParserFactory$DynamicTypeSolver@60686d5f : java.lang.Object at file:/D:/a/key/key/key.core/build/resources/main/de/uka/ilkd/key/proof/rules/javaRules.key:3455:20
	at de.uka.ilkd.key.nparser.builder.AbstractBuilder.accept(AbstractBuilder.java:54)
Caused by: com.github.javaparser.resolution.UnsolvedSymbolException: Unsolved symbol in de.uka.ilkd.key.java.JavaParserFactory$DynamicTypeSolver@60686d5f : java.lang.Object
	at com.github.javaparser.resolution.TypeSolver.solveType(TypeSolver.java:71)

165019     ERROR Test worker     d.u.i.k.n.b.AbstractBuilder  com.github.javaparser.resolution.UnsolvedSymbolException: Unsolved symbol in de.uka.ilkd.key.java.JavaParserFactory$DynamicTypeSolver@60686d5f : java.lang.Object
	at com.github.javaparser.resolution.TypeSolver.solveType(TypeSolver.java:71)

165019     ERROR Test worker     d.u.i.k.n.b.TacletPBuilder Error in parsing taclet. de.uka.ilkd.key.util.parsing.BuildingException: Unsolved symbol in de.uka.ilkd.key.java.JavaParserFactory$DynamicTypeSolver@60686d5f : java.lang.Object at file:/D:/a/key/key/key.core/build/resources/main/de/uka/ilkd/key/proof/rules/javaRules.key:3473:15
	at de.uka.ilkd.key.nparser.builder.AbstractBuilder.accept(AbstractBuilder.java:54)
Caused by: com.github.javaparser.resolution.UnsolvedSymbolException: Unsolved symbol in de.uka.ilkd.key.java.JavaParserFactory$DynamicTypeSolver@60686d5f : java.lang.Object
	at com.github.javaparser.resolution.TypeSolver.solveType(TypeSolver.java:71)

165021     ERROR Test worker     d.u.i.k.n.b.AbstractBuilder  com.github.javaparser.resolution.UnsolvedSymbolException: Unsolved symbol in de.uka.ilkd.key.java.JavaParserFactory$DynamicTypeSolver@60686d5f : java.lang.Object
	at com.github.javaparser.resolution.TypeSolver.solveType(TypeSolver.java:71)

165021     ERROR Test worker     d.u.i.k.n.b.TacletPBuilder Error in parsing taclet. de.uka.ilkd.key.util.parsing.BuildingException: Unsolved symbol in de.uka.ilkd.key.java.JavaParserFactory$DynamicTypeSolver@60686d5f : java.lang.Object at file:/D:/a/key/key/key.core/build/resources/main/de/uka/ilkd/key/proof/rules/javaRules.key:3489:15
	at de.uka.ilkd.key.nparser.builder.AbstractBuilder.accept(AbstractBuilder.java:54)
Caused by: com.github.javaparser.resolution.UnsolvedSymbolException: Unsolved symbol in de.uka.ilkd.key.java.JavaParserFactory$DynamicTypeSolver@60686d5f : java.lang.Object
	at com.github.javaparser.resolution.TypeSolver.solveType(TypeSolver.java:71)

165023     ERROR Test worker     d.u.i.k.n.b.AbstractBuilder  com.github.javaparser.resolution.UnsolvedSymbolException: Unsolved symbol in de.uka.ilkd.key.java.JavaParserFactory$DynamicTypeSolver@60686d5f : java.lang.Object
	at com.github.javaparser.resolution.TypeSolver.solveType(TypeSolver.java:71)

165023     ERROR Test worker     d.u.i.k.n.b.TacletPBuilder Error in parsing taclet. de.uka.ilkd.key.util.parsing.BuildingException: Unsolved symbol in de.uka.ilkd.key.java.JavaParserFactory$DynamicTypeSolver@60686d5f : java.lang.Object at file:/D:/a/key/key/key.core/build/resources/main/de/uka/ilkd/key/proof/rules/javaRules.key:3495:15
	at de.uka.ilkd.key.nparser.builder.AbstractBuilder.accept(AbstractBuilder.java:54)
Caused by: com.github.javaparser.resolution.UnsolvedSymbolException: Unsolved symbol in de.uka.ilkd.key.java.JavaParserFactory$DynamicTypeSolver@60686d5f : java.lang.Object
	at com.github.javaparser.resolution.TypeSolver.solveType(TypeSolver.java:71)

165025     ERROR Test worker     d.u.i.k.n.b.AbstractBuilder  com.github.javaparser.resolution.UnsolvedSymbolException: Unsolved symbol in de.uka.ilkd.key.java.JavaParserFactory$DynamicTypeSolver@60686d5f : java.lang.Object
	at com.github.javaparser.resolution.TypeSolver.solveType(TypeSolver.java:71)

165025     ERROR Test worker     d.u.i.k.n.b.TacletPBuilder Error in parsing taclet. de.uka.ilkd.key.util.parsing.BuildingException: Unsolved symbol in de.uka.ilkd.key.java.JavaParserFactory$DynamicTypeSolver@60686d5f : java.lang.Object at file:/D:/a/key/key/key.core/build/resources/main/de/uka/ilkd/key/proof/rules/javaRules.key:3501:15
	at de.uka.ilkd.key.nparser.builder.AbstractBuilder.accept(AbstractBuilder.java:54)
Caused by: com.github.javaparser.resolution.UnsolvedSymbolException: Unsolved symbol in de.uka.ilkd.key.java.JavaParserFactory$DynamicTypeSolver@60686d5f : java.lang.Object
	at com.github.javaparser.resolution.TypeSolver.solveType(TypeSolver.java:71)

165026     ERROR Test worker     d.u.i.k.n.b.AbstractBuilder  com.github.javaparser.resolution.UnsolvedSymbolException: Unsolved symbol in de.uka.ilkd.key.java.JavaParserFactory$DynamicTypeSolver@60686d5f : java.lang.Object
	at com.github.javaparser.resolution.TypeSolver.solveType(TypeSolver.java:71)

165027     ERROR Test worker     d.u.i.k.n.b.TacletPBuilder Error in parsing taclet. de.uka.ilkd.key.util.parsing.BuildingException: Unsolved symbol in de.uka.ilkd.key.java.JavaParserFactory$DynamicTypeSolver@60686d5f : java.lang.Object at file:/D:/a/key/key/key.core/build/resources/main/de/uka/ilkd/key/proof/rules/javaRules.key:3506:15
	at de.uka.ilkd.key.nparser.builder.AbstractBuilder.accept(AbstractBuilder.java:54)
Caused by: com.github.javaparser.resolution.UnsolvedSymbolException: Unsolved symbol in de.uka.ilkd.key.java.JavaParserFactory$DynamicTypeSolver@60686d5f : java.lang.Object
	at com.github.javaparser.resolution.TypeSolver.solveType(TypeSolver.java:71)

165028     ERROR Test worker     d.u.i.k.n.b.AbstractBuilder  com.github.javaparser.resolution.UnsolvedSymbolException: Unsolved symbol in de.uka.ilkd.key.java.JavaParserFactory$DynamicTypeSolver@60686d5f : java.lang.Object
	at com.github.javaparser.resolution.TypeSolver.solveType(TypeSolver.java:71)

165029     ERROR Test worker     d.u.i.k.n.b.TacletPBuilder Error in parsing taclet. de.uka.ilkd.key.util.parsing.BuildingException: Unsolved symbol in de.uka.ilkd.key.java.JavaParserFactory$DynamicTypeSolver@60686d5f : java.lang.Object at file:/D:/a/key/key/key.core/build/resources/main/de/uka/ilkd/key/proof/rules/javaRules.key:3511:20
	at de.uka.ilkd.key.nparser.builder.AbstractBuilder.accept(AbstractBuilder.java:54)
Caused by: com.github.javaparser.resolution.UnsolvedSymbolException: Unsolved symbol in de.uka.ilkd.key.java.JavaParserFactory$DynamicTypeSolver@60686d5f : java.lang.Object
	at com.github.javaparser.resolution.TypeSolver.solveType(TypeSolver.java:71)

165030     ERROR Test worker     d.u.i.k.n.b.AbstractBuilder  com.github.javaparser.resolution.UnsolvedSymbolException: Unsolved symbol in de.uka.ilkd.key.java.JavaParserFactory$DynamicTypeSolver@60686d5f : java.lang.Object
	at com.github.javaparser.resolution.TypeSolver.solveType(TypeSolver.java:71)

165031     ERROR Test worker     d.u.i.k.n.b.TacletPBuilder Error in parsing taclet. de.uka.ilkd.key.util.parsing.BuildingException: Unsolved symbol in de.uka.ilkd.key.java.JavaParserFactory$DynamicTypeSolver@60686d5f : java.lang.Object at file:/D:/a/key/key/key.core/build/resources/main/de/uka/ilkd/key/proof/rules/javaRules.key:3517:20
	at de.uka.ilkd.key.nparser.builder.AbstractBuilder.accept(AbstractBuilder.java:54)
Caused by: com.github.javaparser.resolution.UnsolvedSymbolException: Unsolved symbol in de.uka.ilkd.key.java.JavaParserFactory$DynamicTypeSolver@60686d5f : java.lang.Object
	at com.github.javaparser.resolution.TypeSolver.solveType(TypeSolver.java:71)

165032     ERROR Test worker     d.u.i.k.n.b.AbstractBuilder  com.github.javaparser.resolution.UnsolvedSymbolException: Unsolved symbol in de.uka.ilkd.key.java.JavaParserFactory$DynamicTypeSolver@60686d5f : java.lang.Object
	at com.github.javaparser.resolution.TypeSolver.solveType(TypeSolver.java:71)

165033     ERROR Test worker     d.u.i.k.n.b.TacletPBuilder Error in parsing taclet. de.uka.ilkd.key.util.parsing.BuildingException: Unsolved symbol in de.uka.ilkd.key.java.JavaParserFactory$DynamicTypeSolver@60686d5f : java.lang.Object at file:/D:/a/key/key/key.core/build/resources/main/de/uka/ilkd/key/proof/rules/javaRules.key:3523:20
	at de.uka.ilkd.key.nparser.builder.AbstractBuilder.accept(AbstractBuilder.java:54)
Caused by: com.github.javaparser.resolution.UnsolvedSymbolException: Unsolved symbol in de.uka.ilkd.key.java.JavaParserFactory$DynamicTypeSolver@60686d5f : java.lang.Object
	at com.github.javaparser.resolution.TypeSolver.solveType(TypeSolver.java:71)

165034     ERROR Test worker     d.u.i.k.n.b.AbstractBuilder  com.github.javaparser.resolution.UnsolvedSymbolException: Unsolved symbol in de.uka.ilkd.key.java.JavaParserFactory$DynamicTypeSolver@60686d5f : java.lang.Object
	at com.github.javaparser.resolution.TypeSolver.solveType(TypeSolver.java:71)

165034     ERROR Test worker     d.u.i.k.n.b.TacletPBuilder Error in parsing taclet. de.uka.ilkd.key.util.parsing.BuildingException: Unsolved symbol in de.uka.ilkd.key.java.JavaParserFactory$DynamicTypeSolver@60686d5f : java.lang.Object at file:/D:/a/key/key/key.core/build/resources/main/de/uka/ilkd/key/proof/rules/javaRules.key:3528:20
	at de.uka.ilkd.key.nparser.builder.AbstractBuilder.accept(AbstractBuilder.java:54)
Caused by: com.github.javaparser.resolution.UnsolvedSymbolException: Unsolved symbol in de.uka.ilkd.key.java.JavaParserFactory$DynamicTypeSolver@60686d5f : java.lang.Object
	at com.github.javaparser.resolution.TypeSolver.solveType(TypeSolver.java:71)

165036     ERROR Test worker     d.u.i.k.n.b.AbstractBuilder  com.github.javaparser.resolution.UnsolvedSymbolException: Unsolved symbol in de.uka.ilkd.key.java.JavaParserFactory$DynamicTypeSolver@60686d5f : java.lang.Object
	at com.github.javaparser.resolution.TypeSolver.solveType(TypeSolver.java:71)

165036     ERROR Test worker     d.u.i.k.n.b.TacletPBuilder Error in parsing taclet. de.uka.ilkd.key.util.parsing.BuildingException: Unsolved symbol in de.uka.ilkd.key.java.JavaParserFactory$DynamicTypeSolver@60686d5f : java.lang.Object at file:/D:/a/key/key/key.core/build/resources/main/de/uka/ilkd/key/proof/rules/javaRules.key:3533:15
	at de.uka.ilkd.key.nparser.builder.AbstractBuilder.accept(AbstractBuilder.java:54)
Caused by: com.github.javaparser.resolution.UnsolvedSymbolException: Unsolved symbol in de.uka.ilkd.key.java.JavaParserFactory$DynamicTypeSolver@60686d5f : java.lang.Object
	at com.github.javaparser.resolution.TypeSolver.solveType(TypeSolver.java:71)

165038     ERROR Test worker     d.u.i.k.n.b.AbstractBuilder  com.github.javaparser.resolution.UnsolvedSymbolException: Unsolved symbol in de.uka.ilkd.key.java.JavaParserFactory$DynamicTypeSolver@60686d5f : java.lang.Object
	at com.github.javaparser.resolution.TypeSolver.solveType(TypeSolver.java:71)

165038     ERROR Test worker     d.u.i.k.n.b.TacletPBuilder Error in parsing taclet. de.uka.ilkd.key.util.parsing.BuildingException: Unsolved symbol in de.uka.ilkd.key.java.JavaParserFactory$DynamicTypeSolver@60686d5f : java.lang.Object at file:/D:/a/key/key/key.core/build/resources/main/de/uka/ilkd/key/proof/rules/javaRules.key:3538:15
	at de.uka.ilkd.key.nparser.builder.AbstractBuilder.accept(AbstractBuilder.java:54)
Caused by: com.github.javaparser.resolution.UnsolvedSymbolException: Unsolved symbol in de.uka.ilkd.key.java.JavaParserFactory$DynamicTypeSolver@60686d5f : java.lang.Object
	at com.github.javaparser.resolution.TypeSolver.solveType(TypeSolver.java:71)

165040     ERROR Test worker     d.u.i.k.n.b.AbstractBuilder  com.github.javaparser.resolution.UnsolvedSymbolException: Unsolved symbol in de.uka.ilkd.key.java.JavaParserFactory$DynamicTypeSolver@60686d5f : java.lang.Object
	at com.github.javaparser.resolution.TypeSolver.solveType(TypeSolver.java:71)

165040     ERROR Test worker     d.u.i.k.n.b.TacletPBuilder Error in parsing taclet. de.uka.ilkd.key.util.parsing.BuildingException: Unsolved symbol in de.uka.ilkd.key.java.JavaParserFactory$DynamicTypeSolver@60686d5f : java.lang.Object at file:/D:/a/key/key/key.core/build/resources/main/de/uka/ilkd/key/proof/rules/javaRules.key:3545:23
	at de.uka.ilkd.key.nparser.builder.AbstractBuilder.accept(AbstractBuilder.java:54)
Caused by: com.github.javaparser.resolution.UnsolvedSymbolException: Unsolved symbol in de.uka.ilkd.key.java.JavaParserFactory$DynamicTypeSolver@60686d5f : java.lang.Object
	at com.github.javaparser.resolution.TypeSolver.solveType(TypeSolver.java:71)

165042     ERROR Test worker     d.u.i.k.n.b.AbstractBuilder  com.github.javaparser.resolution.UnsolvedSymbolException: Unsolved symbol in de.uka.ilkd.key.java.JavaParserFactory$DynamicTypeSolver@60686d5f : java.lang.Object
	at com.github.javaparser.resolution.TypeSolver.solveType(TypeSolver.java:71)

165042     ERROR Test worker     d.u.i.k.n.b.TacletPBuilder Error in parsing taclet. de.uka.ilkd.key.util.parsing.BuildingException: Unsolved symbol in de.uka.ilkd.key.java.JavaParserFactory$DynamicTypeSolver@60686d5f : java.lang.Object at file:/D:/a/key/key/key.core/build/resources/main/de/uka/ilkd/key/proof/rules/javaRules.key:3551:18
	at de.uka.ilkd.key.nparser.builder.AbstractBuilder.accept(AbstractBuilder.java:54)
Caused by: com.github.javaparser.resolution.UnsolvedSymbolException: Unsolved symbol in de.uka.ilkd.key.java.JavaParserFactory$DynamicTypeSolver@60686d5f : java.lang.Object
	at com.github.javaparser.resolution.TypeSolver.solveType(TypeSolver.java:71)

165044     ERROR Test worker     d.u.i.k.n.b.AbstractBuilder  com.github.javaparser.resolution.UnsolvedSymbolException: Unsolved symbol in de.uka.ilkd.key.java.JavaParserFactory$DynamicTypeSolver@60686d5f : java.lang.Object
	at com.github.javaparser.resolution.TypeSolver.solveType(TypeSolver.java:71)

165044     ERROR Test worker     d.u.i.k.n.b.TacletPBuilder Error in parsing taclet. de.uka.ilkd.key.util.parsing.BuildingException: Unsolved symbol in de.uka.ilkd.key.java.JavaParserFactory$DynamicTypeSolver@60686d5f : java.lang.Object at file:/D:/a/key/key/key.core/build/resources/main/de/uka/ilkd/key/proof/rules/javaRules.key:3557:23
	at de.uka.ilkd.key.nparser.builder.AbstractBuilder.accept(AbstractBuilder.java:54)
Caused by: com.github.javaparser.resolution.UnsolvedSymbolException: Unsolved symbol in de.uka.ilkd.key.java.JavaParserFactory$DynamicTypeSolver@60686d5f : java.lang.Object
	at com.github.javaparser.resolution.TypeSolver.solveType(TypeSolver.java:71)

165045     ERROR Test worker     d.u.i.k.n.b.AbstractBuilder  com.github.javaparser.resolution.UnsolvedSymbolException: Unsolved symbol in de.uka.ilkd.key.java.JavaParserFactory$DynamicTypeSolver@60686d5f : java.lang.Object
	at com.github.javaparser.resolution.TypeSolver.solveType(TypeSolver.java:71)

165046     ERROR Test worker     d.u.i.k.n.b.TacletPBuilder Error in parsing taclet. de.uka.ilkd.key.util.parsing.BuildingException: Unsolved symbol in de.uka.ilkd.key.java.JavaParserFactory$DynamicTypeSolver@60686d5f : java.lang.Object at file:/D:/a/key/key/key.core/build/resources/main/de/uka/ilkd/key/proof/rules/javaRules.key:3563:18
	at de.uka.ilkd.key.nparser.builder.AbstractBuilder.accept(AbstractBuilder.java:54)
Caused by: com.github.javaparser.resolution.UnsolvedSymbolException: Unsolved symbol in de.uka.ilkd.key.java.JavaParserFactory$DynamicTypeSolver@60686d5f : java.lang.Object
	at com.github.javaparser.resolution.TypeSolver.solveType(TypeSolver.java:71)

165047     ERROR Test worker     d.u.i.k.n.b.AbstractBuilder  com.github.javaparser.resolution.UnsolvedSymbolException: Unsolved symbol in de.uka.ilkd.key.java.JavaParserFactory$DynamicTypeSolver@60686d5f : java.lang.Object
	at com.github.javaparser.resolution.TypeSolver.solveType(TypeSolver.java:71)

165047     ERROR Test worker     d.u.i.k.n.b.TacletPBuilder Error in parsing taclet. de.uka.ilkd.key.util.parsing.BuildingException: Unsolved symbol in de.uka.ilkd.key.java.JavaParserFactory$DynamicTypeSolver@60686d5f : java.lang.Object at file:/D:/a/key/key/key.core/build/resources/main/de/uka/ilkd/key/proof/rules/javaRules.key:3569:15
	at de.uka.ilkd.key.nparser.builder.AbstractBuilder.accept(AbstractBuilder.java:54)
Caused by: com.github.javaparser.resolution.UnsolvedSymbolException: Unsolved symbol in de.uka.ilkd.key.java.JavaParserFactory$DynamicTypeSolver@60686d5f : java.lang.Object
	at com.github.javaparser.resolution.TypeSolver.solveType(TypeSolver.java:71)

165049     ERROR Test worker     d.u.i.k.n.b.AbstractBuilder  com.github.javaparser.resolution.UnsolvedSymbolException: Unsolved symbol in de.uka.ilkd.key.java.JavaParserFactory$DynamicTypeSolver@60686d5f : java.lang.Object
	at com.github.javaparser.resolution.TypeSolver.solveType(TypeSolver.java:71)

165049     ERROR Test worker     d.u.i.k.n.b.TacletPBuilder Error in parsing taclet. de.uka.ilkd.key.util.parsing.BuildingException: Unsolved symbol in de.uka.ilkd.key.java.JavaParserFactory$DynamicTypeSolver@60686d5f : java.lang.Object at file:/D:/a/key/key/key.core/build/resources/main/de/uka/ilkd/key/proof/rules/javaRules.key:3576:15
	at de.uka.ilkd.key.nparser.builder.AbstractBuilder.accept(AbstractBuilder.java:54)
Caused by: com.github.javaparser.resolution.UnsolvedSymbolException: Unsolved symbol in de.uka.ilkd.key.java.JavaParserFactory$DynamicTypeSolver@60686d5f : java.lang.Object
	at com.github.javaparser.resolution.TypeSolver.solveType(TypeSolver.java:71)

165051     ERROR Test worker     d.u.i.k.n.b.AbstractBuilder  com.github.javaparser.resolution.UnsolvedSymbolException: Unsolved symbol in de.uka.ilkd.key.java.JavaParserFactory$DynamicTypeSolver@60686d5f : java.lang.Object
	at com.github.javaparser.resolution.TypeSolver.solveType(TypeSolver.java:71)

165051     ERROR Test worker     d.u.i.k.n.b.TacletPBuilder Error in parsing taclet. de.uka.ilkd.key.util.parsing.BuildingException: Unsolved symbol in de.uka.ilkd.key.java.JavaParserFactory$DynamicTypeSolver@60686d5f : java.lang.Object at file:/D:/a/key/key/key.core/build/resources/main/de/uka/ilkd/key/proof/rules/javaRules.key:3583:15
	at de.uka.ilkd.key.nparser.builder.AbstractBuilder.accept(AbstractBuilder.java:54)
Caused by: com.github.javaparser.resolution.UnsolvedSymbolException: Unsolved symbol in de.uka.ilkd.key.java.JavaParserFactory$DynamicTypeSolver@60686d5f : java.lang.Object
	at com.github.javaparser.resolution.TypeSolver.solveType(TypeSolver.java:71)

165053     ERROR Test worker     d.u.i.k.n.b.AbstractBuilder  com.github.javaparser.resolution.UnsolvedSymbolException: Unsolved symbol in de.uka.ilkd.key.java.JavaParserFactory$DynamicTypeSolver@60686d5f : java.lang.Object
	at com.github.javaparser.resolution.TypeSolver.solveType(TypeSolver.java:71)

165053     ERROR Test worker     d.u.i.k.n.b.TacletPBuilder Error in parsing taclet. de.uka.ilkd.key.util.parsing.BuildingException: Unsolved symbol in de.uka.ilkd.key.java.JavaParserFactory$DynamicTypeSolver@60686d5f : java.lang.Object at file:/D:/a/key/key/key.core/build/resources/main/de/uka/ilkd/key/proof/rules/javaRules.key:3589:15
	at de.uka.ilkd.key.nparser.builder.AbstractBuilder.accept(AbstractBuilder.java:54)
Caused by: com.github.javaparser.resolution.UnsolvedSymbolException: Unsolved symbol in de.uka.ilkd.key.java.JavaParserFactory$DynamicTypeSolver@60686d5f : java.lang.Object
	at com.github.javaparser.resolution.TypeSolver.solveType(TypeSolver.java:71)

165055     ERROR Test worker     d.u.i.k.n.b.AbstractBuilder  com.github.javaparser.resolution.UnsolvedSymbolException: Unsolved symbol in de.uka.ilkd.key.java.JavaParserFactory$DynamicTypeSolver@60686d5f : java.lang.Object
	at com.github.javaparser.resolution.TypeSolver.solveType(TypeSolver.java:71)

165055     ERROR Test worker     d.u.i.k.n.b.TacletPBuilder Error in parsing taclet. de.uka.ilkd.key.util.parsing.BuildingException: Unsolved symbol in de.uka.ilkd.key.java.JavaParserFactory$DynamicTypeSolver@60686d5f : java.lang.Object at file:/D:/a/key/key/key.core/build/resources/main/de/uka/ilkd/key/proof/rules/javaRules.key:3596:15
	at de.uka.ilkd.key.nparser.builder.AbstractBuilder.accept(AbstractBuilder.java:54)
Caused by: com.github.javaparser.resolution.UnsolvedSymbolException: Unsolved symbol in de.uka.ilkd.key.java.JavaParserFactory$DynamicTypeSolver@60686d5f : java.lang.Object
	at com.github.javaparser.resolution.TypeSolver.solveType(TypeSolver.java:71)

165057     ERROR Test worker     d.u.i.k.n.b.AbstractBuilder  com.github.javaparser.resolution.UnsolvedSymbolException: Unsolved symbol in de.uka.ilkd.key.java.JavaParserFactory$DynamicTypeSolver@60686d5f : java.lang.Object
	at com.github.javaparser.resolution.TypeSolver.solveType(TypeSolver.java:71)

165057     ERROR Test worker     d.u.i.k.n.b.TacletPBuilder Error in parsing taclet. de.uka.ilkd.key.util.parsing.BuildingException: Unsolved symbol in de.uka.ilkd.key.java.JavaParserFactory$DynamicTypeSolver@60686d5f : java.lang.Object at file:/D:/a/key/key/key.core/build/resources/main/de/uka/ilkd/key/proof/rules/javaRules.key:3608:15
	at de.uka.ilkd.key.nparser.builder.AbstractBuilder.accept(AbstractBuilder.java:54)
Caused by: com.github.javaparser.resolution.UnsolvedSymbolException: Unsolved symbol in de.uka.ilkd.key.java.JavaParserFactory$DynamicTypeSolver@60686d5f : java.lang.Object
	at com.github.javaparser.resolution.TypeSolver.solveType(TypeSolver.java:71)

165059     ERROR Test worker     d.u.i.k.n.b.AbstractBuilder  com.github.javaparser.resolution.UnsolvedSymbolException: Unsolved symbol in de.uka.ilkd.key.java.JavaParserFactory$DynamicTypeSolver@60686d5f : java.lang.Object
	at com.github.javaparser.resolution.TypeSolver.solveType(TypeSolver.java:71)

165059     ERROR Test worker     d.u.i.k.n.b.TacletPBuilder Error in parsing taclet. de.uka.ilkd.key.util.parsing.BuildingException: Unsolved symbol in de.uka.ilkd.key.java.JavaParserFactory$DynamicTypeSolver@60686d5f : java.lang.Object at file:/D:/a/key/key/key.core/build/resources/main/de/uka/ilkd/key/proof/rules/javaRules.key:3622:15
	at de.uka.ilkd.key.nparser.builder.AbstractBuilder.accept(AbstractBuilder.java:54)
Caused by: com.github.javaparser.resolution.UnsolvedSymbolException: Unsolved symbol in de.uka.ilkd.key.java.JavaParserFactory$DynamicTypeSolver@60686d5f : java.lang.Object
	at com.github.javaparser.resolution.TypeSolver.solveType(TypeSolver.java:71)

165060     ERROR Test worker     d.u.i.k.n.b.AbstractBuilder  com.github.javaparser.resolution.UnsolvedSymbolException: Unsolved symbol in de.uka.ilkd.key.java.JavaParserFactory$DynamicTypeSolver@60686d5f : java.lang.Object
	at com.github.javaparser.resolution.TypeSolver.solveType(TypeSolver.java:71)

165061     ERROR Test worker     d.u.i.k.n.b.TacletPBuilder Error in parsing taclet. de.uka.ilkd.key.util.parsing.BuildingException: Unsolved symbol in de.uka.ilkd.key.java.JavaParserFactory$DynamicTypeSolver@60686d5f : java.lang.Object at file:/D:/a/key/key/key.core/build/resources/main/de/uka/ilkd/key/proof/rules/javaRules.key:3635:15
	at de.uka.ilkd.key.nparser.builder.AbstractBuilder.accept(AbstractBuilder.java:54)
Caused by: com.github.javaparser.resolution.UnsolvedSymbolException: Unsolved symbol in de.uka.ilkd.key.java.JavaParserFactory$DynamicTypeSolver@60686d5f : java.lang.Object
	at com.github.javaparser.resolution.TypeSolver.solveType(TypeSolver.java:71)

165062     ERROR Test worker     d.u.i.k.n.b.AbstractBuilder  com.github.javaparser.resolution.UnsolvedSymbolException: Unsolved symbol in de.uka.ilkd.key.java.JavaParserFactory$DynamicTypeSolver@60686d5f : java.lang.Object
	at com.github.javaparser.resolution.TypeSolver.solveType(TypeSolver.java:71)

165062     ERROR Test worker     d.u.i.k.n.b.TacletPBuilder Error in parsing taclet. de.uka.ilkd.key.util.parsing.BuildingException: Unsolved symbol in de.uka.ilkd.key.java.JavaParserFactory$DynamicTypeSolver@60686d5f : java.lang.Object at file:/D:/a/key/key/key.core/build/resources/main/de/uka/ilkd/key/proof/rules/javaRules.key:3650:15
	at de.uka.ilkd.key.nparser.builder.AbstractBuilder.accept(AbstractBuilder.java:54)
Caused by: com.github.javaparser.resolution.UnsolvedSymbolException: Unsolved symbol in de.uka.ilkd.key.java.JavaParserFactory$DynamicTypeSolver@60686d5f : java.lang.Object
	at com.github.javaparser.resolution.TypeSolver.solveType(TypeSolver.java:71)

165065     ERROR Test worker     d.u.i.k.n.b.AbstractBuilder  com.github.javaparser.resolution.UnsolvedSymbolException: Unsolved symbol in de.uka.ilkd.key.java.JavaParserFactory$DynamicTypeSolver@60686d5f : java.lang.Object
	at com.github.javaparser.resolution.TypeSolver.solveType(TypeSolver.java:71)

165065     ERROR Test worker     d.u.i.k.n.b.TacletPBuilder Error in parsing taclet. de.uka.ilkd.key.util.parsing.BuildingException: Unsolved symbol in de.uka.ilkd.key.java.JavaParserFactory$DynamicTypeSolver@60686d5f : java.lang.Object at file:/D:/a/key/key/key.core/build/resources/main/de/uka/ilkd/key/proof/rules/javaRules.key:3671:15
	at de.uka.ilkd.key.nparser.builder.AbstractBuilder.accept(AbstractBuilder.java:54)
Caused by: com.github.javaparser.resolution.UnsolvedSymbolException: Unsolved symbol in de.uka.ilkd.key.java.JavaParserFactory$DynamicTypeSolver@60686d5f : java.lang.Object
	at com.github.javaparser.resolution.TypeSolver.solveType(TypeSolver.java:71)

165065     ERROR Test worker     d.u.i.k.n.b.AbstractBuilder  com.github.javaparser.resolution.UnsolvedSymbolException: Unsolved symbol in de.uka.ilkd.key.java.JavaParserFactory$DynamicTypeSolver@60686d5f : java.lang.Object
	at com.github.javaparser.resolution.TypeSolver.solveType(TypeSolver.java:71)

165065     ERROR Test worker     d.u.i.k.n.b.TacletPBuilder Error in parsing taclet. de.uka.ilkd.key.util.parsing.BuildingException: Unsolved symbol in de.uka.ilkd.key.java.JavaParserFactory$DynamicTypeSolver@60686d5f : java.lang.Object at file:/D:/a/key/key/key.core/build/resources/main/de/uka/ilkd/key/proof/rules/javaRules.key:3682:15
	at de.uka.ilkd.key.nparser.builder.AbstractBuilder.accept(AbstractBuilder.java:54)
Caused by: com.github.javaparser.resolution.UnsolvedSymbolException: Unsolved symbol in de.uka.ilkd.key.java.JavaParserFactory$DynamicTypeSolver@60686d5f : java.lang.Object
	at com.github.javaparser.resolution.TypeSolver.solveType(TypeSolver.java:71)

165065     ERROR Test worker     d.u.i.k.n.b.AbstractBuilder  com.github.javaparser.resolution.UnsolvedSymbolException: Unsolved symbol in de.uka.ilkd.key.java.JavaParserFactory$DynamicTypeSolver@60686d5f : java.lang.Object
	at com.github.javaparser.resolution.TypeSolver.solveType(TypeSolver.java:71)

165065     ERROR Test worker     d.u.i.k.n.b.TacletPBuilder Error in parsing taclet. de.uka.ilkd.key.util.parsing.BuildingException: Unsolved symbol in de.uka.ilkd.key.java.JavaParserFactory$DynamicTypeSolver@60686d5f : java.lang.Object at file:/D:/a/key/key/key.core/build/resources/main/de/uka/ilkd/key/proof/rules/javaRules.key:3695:15
	at de.uka.ilkd.key.nparser.builder.AbstractBuilder.accept(AbstractBuilder.java:54)
Caused by: com.github.javaparser.resolution.UnsolvedSymbolException: Unsolved symbol in de.uka.ilkd.key.java.JavaParserFactory$DynamicTypeSolver@60686d5f : java.lang.Object
	at com.github.javaparser.resolution.TypeSolver.solveType(TypeSolver.java:71)

165065     ERROR Test worker     d.u.i.k.n.b.AbstractBuilder  com.github.javaparser.resolution.UnsolvedSymbolException: Unsolved symbol in de.uka.ilkd.key.java.JavaParserFactory$DynamicTypeSolver@60686d5f : java.lang.Object
	at com.github.javaparser.resolution.TypeSolver.solveType(TypeSolver.java:71)

165065     ERROR Test worker     d.u.i.k.n.b.TacletPBuilder Error in parsing taclet. de.uka.ilkd.key.util.parsing.BuildingException: Unsolved symbol in de.uka.ilkd.key.java.JavaParserFactory$DynamicTypeSolver@60686d5f : java.lang.Object at file:/D:/a/key/key/key.core/build/resources/main/de/uka/ilkd/key/proof/rules/javaRules.key:3702:15
	at de.uka.ilkd.key.nparser.builder.AbstractBuilder.accept(AbstractBuilder.java:54)
Caused by: com.github.javaparser.resolution.UnsolvedSymbolException: Unsolved symbol in de.uka.ilkd.key.java.JavaParserFactory$DynamicTypeSolver@60686d5f : java.lang.Object
	at com.github.javaparser.resolution.TypeSolver.solveType(TypeSolver.java:71)

165065     ERROR Test worker     d.u.i.k.n.b.AbstractBuilder  com.github.javaparser.resolution.UnsolvedSymbolException: Unsolved symbol in de.uka.ilkd.key.java.JavaParserFactory$DynamicTypeSolver@60686d5f : java.lang.Object
	at com.github.javaparser.resolution.TypeSolver.solveType(TypeSolver.java:71)

165065     ERROR Test worker     d.u.i.k.n.b.TacletPBuilder Error in parsing taclet. de.uka.ilkd.key.util.parsing.BuildingException: Unsolved symbol in de.uka.ilkd.key.java.JavaParserFactory$DynamicTypeSolver@60686d5f : java.lang.Object at file:/D:/a/key/key/key.core/build/resources/main/de/uka/ilkd/key/proof/rules/javaRules.key:3712:15
	at de.uka.ilkd.key.nparser.builder.AbstractBuilder.accept(AbstractBuilder.java:54)
Caused by: com.github.javaparser.resolution.UnsolvedSymbolException: Unsolved symbol in de.uka.ilkd.key.java.JavaParserFactory$DynamicTypeSolver@60686d5f : java.lang.Object
	at com.github.javaparser.resolution.TypeSolver.solveType(TypeSolver.java:71)

165065     ERROR Test worker     d.u.i.k.n.b.AbstractBuilder  com.github.javaparser.resolution.UnsolvedSymbolException: Unsolved symbol in de.uka.ilkd.key.java.JavaParserFactory$DynamicTypeSolver@60686d5f : java.lang.Object
	at com.github.javaparser.resolution.TypeSolver.solveType(TypeSolver.java:71)

165065     ERROR Test worker     d.u.i.k.n.b.TacletPBuilder Error in parsing taclet. de.uka.ilkd.key.util.parsing.BuildingException: Unsolved symbol in de.uka.ilkd.key.java.JavaParserFactory$DynamicTypeSolver@60686d5f : java.lang.Object at file:/D:/a/key/key/key.core/build/resources/main/de/uka/ilkd/key/proof/rules/javaRules.key:3723:15
	at de.uka.ilkd.key.nparser.builder.AbstractBuilder.accept(AbstractBuilder.java:54)
Caused by: com.github.javaparser.resolution.UnsolvedSymbolException: Unsolved symbol in de.uka.ilkd.key.java.JavaParserFactory$DynamicTypeSolver@60686d5f : java.lang.Object
	at com.github.javaparser.resolution.TypeSolver.solveType(TypeSolver.java:71)

165065     ERROR Test worker     d.u.i.k.n.b.AbstractBuilder  com.github.javaparser.resolution.UnsolvedSymbolException: Unsolved symbol in de.uka.ilkd.key.java.JavaParserFactory$DynamicTypeSolver@60686d5f : java.lang.Object
	at com.github.javaparser.resolution.TypeSolver.solveType(TypeSolver.java:71)

165065     ERROR Test worker     d.u.i.k.n.b.TacletPBuilder Error in parsing taclet. de.uka.ilkd.key.util.parsing.BuildingException: Unsolved symbol in de.uka.ilkd.key.java.JavaParserFactory$DynamicTypeSolver@60686d5f : java.lang.Object at file:/D:/a/key/key/key.core/build/resources/main/de/uka/ilkd/key/proof/rules/javaRules.key:3735:15
	at de.uka.ilkd.key.nparser.builder.AbstractBuilder.accept(AbstractBuilder.java:54)
Caused by: com.github.javaparser.resolution.UnsolvedSymbolException: Unsolved symbol in de.uka.ilkd.key.java.JavaParserFactory$DynamicTypeSolver@60686d5f : java.lang.Object
	at com.github.javaparser.resolution.TypeSolver.solveType(TypeSolver.java:71)

165065     ERROR Test worker     d.u.i.k.n.b.AbstractBuilder  com.github.javaparser.resolution.UnsolvedSymbolException: Unsolved symbol in de.uka.ilkd.key.java.JavaParserFactory$DynamicTypeSolver@60686d5f : java.lang.Object
	at com.github.javaparser.resolution.TypeSolver.solveType(TypeSolver.java:71)

165065     ERROR Test worker     d.u.i.k.n.b.TacletPBuilder Error in parsing taclet. de.uka.ilkd.key.util.parsing.BuildingException: Unsolved symbol in de.uka.ilkd.key.java.JavaParserFactory$DynamicTypeSolver@60686d5f : java.lang.Object at file:/D:/a/key/key/key.core/build/resources/main/de/uka/ilkd/key/proof/rules/javaRules.key:3747:15
	at de.uka.ilkd.key.nparser.builder.AbstractBuilder.accept(AbstractBuilder.java:54)
Caused by: com.github.javaparser.resolution.UnsolvedSymbolException: Unsolved symbol in de.uka.ilkd.key.java.JavaParserFactory$DynamicTypeSolver@60686d5f : java.lang.Object
	at com.github.javaparser.resolution.TypeSolver.solveType(TypeSolver.java:71)

165080     ERROR Test worker     d.u.i.k.n.b.AbstractBuilder  com.github.javaparser.resolution.UnsolvedSymbolException: Unsolved symbol in de.uka.ilkd.key.java.JavaParserFactory$DynamicTypeSolver@60686d5f : java.lang.Object
	at com.github.javaparser.resolution.TypeSolver.solveType(TypeSolver.java:71)

165080     ERROR Test worker     d.u.i.k.n.b.TacletPBuilder Error in parsing taclet. de.uka.ilkd.key.util.parsing.BuildingException: Unsolved symbol in de.uka.ilkd.key.java.JavaParserFactory$DynamicTypeSolver@60686d5f : java.lang.Object at file:/D:/a/key/key/key.core/build/resources/main/de/uka/ilkd/key/proof/rules/javaRules.key:3761:15
	at de.uka.ilkd.key.nparser.builder.AbstractBuilder.accept(AbstractBuilder.java:54)
Caused by: com.github.javaparser.resolution.UnsolvedSymbolException: Unsolved symbol in de.uka.ilkd.key.java.JavaParserFactory$DynamicTypeSolver@60686d5f : java.lang.Object
	at com.github.javaparser.resolution.TypeSolver.solveType(TypeSolver.java:71)

165084     ERROR Test worker     d.u.i.k.n.b.AbstractBuilder  com.github.javaparser.resolution.UnsolvedSymbolException: Unsolved symbol in de.uka.ilkd.key.java.JavaParserFactory$DynamicTypeSolver@60686d5f : java.lang.Object
	at com.github.javaparser.resolution.TypeSolver.solveType(TypeSolver.java:71)

165084     ERROR Test worker     d.u.i.k.n.b.TacletPBuilder Error in parsing taclet. de.uka.ilkd.key.util.parsing.BuildingException: Unsolved symbol in de.uka.ilkd.key.java.JavaParserFactory$DynamicTypeSolver@60686d5f : java.lang.Object at file:/D:/a/key/key/key.core/build/resources/main/de/uka/ilkd/key/proof/rules/javaRules.key:3769:15
	at de.uka.ilkd.key.nparser.builder.AbstractBuilder.accept(AbstractBuilder.java:54)
Caused by: com.github.javaparser.resolution.UnsolvedSymbolException: Unsolved symbol in de.uka.ilkd.key.java.JavaParserFactory$DynamicTypeSolver@60686d5f : java.lang.Object
	at com.github.javaparser.resolution.TypeSolver.solveType(TypeSolver.java:71)

165086     ERROR Test worker     d.u.i.k.n.b.AbstractBuilder  com.github.javaparser.resolution.UnsolvedSymbolException: Unsolved symbol in de.uka.ilkd.key.java.JavaParserFactory$DynamicTypeSolver@60686d5f : java.lang.Object
	at com.github.javaparser.resolution.TypeSolver.solveType(TypeSolver.java:71)

165086     ERROR Test worker     d.u.i.k.n.b.TacletPBuilder Error in parsing taclet. de.uka.ilkd.key.util.parsing.BuildingException: Unsolved symbol in de.uka.ilkd.key.java.JavaParserFactory$DynamicTypeSolver@60686d5f : java.lang.Object at file:/D:/a/key/key/key.core/build/resources/main/de/uka/ilkd/key/proof/rules/javaRules.key:3780:15
	at de.uka.ilkd.key.nparser.builder.AbstractBuilder.accept(AbstractBuilder.java:54)
Caused by: com.github.javaparser.resolution.UnsolvedSymbolException: Unsolved symbol in de.uka.ilkd.key.java.JavaParserFactory$DynamicTypeSolver@60686d5f : java.lang.Object
	at com.github.javaparser.resolution.TypeSolver.solveType(TypeSolver.java:71)

165088     ERROR Test worker     d.u.i.k.n.b.AbstractBuilder  com.github.javaparser.resolution.UnsolvedSymbolException: Unsolved symbol in de.uka.ilkd.key.java.JavaParserFactory$DynamicTypeSolver@60686d5f : java.lang.Object
	at com.github.javaparser.resolution.TypeSolver.solveType(TypeSolver.java:71)

165088     ERROR Test worker     d.u.i.k.n.b.TacletPBuilder Error in parsing taclet. de.uka.ilkd.key.util.parsing.BuildingException: Unsolved symbol in de.uka.ilkd.key.java.JavaParserFactory$DynamicTypeSolver@60686d5f : java.lang.Object at file:/D:/a/key/key/key.core/build/resources/main/de/uka/ilkd/key/proof/rules/javaRules.key:3792:15
	at de.uka.ilkd.key.nparser.builder.AbstractBuilder.accept(AbstractBuilder.java:54)
Caused by: com.github.javaparser.resolution.UnsolvedSymbolException: Unsolved symbol in de.uka.ilkd.key.java.JavaParserFactory$DynamicTypeSolver@60686d5f : java.lang.Object
	at com.github.javaparser.resolution.TypeSolver.solveType(TypeSolver.java:71)

165090     ERROR Test worker     d.u.i.k.n.b.AbstractBuilder  com.github.javaparser.resolution.UnsolvedSymbolException: Unsolved symbol in de.uka.ilkd.key.java.JavaParserFactory$DynamicTypeSolver@60686d5f : java.lang.Object
	at com.github.javaparser.resolution.TypeSolver.solveType(TypeSolver.java:71)

165090     ERROR Test worker     d.u.i.k.n.b.TacletPBuilder Error in parsing taclet. de.uka.ilkd.key.util.parsing.BuildingException: Unsolved symbol in de.uka.ilkd.key.java.JavaParserFactory$DynamicTypeSolver@60686d5f : java.lang.Object at file:/D:/a/key/key/key.core/build/resources/main/de/uka/ilkd/key/proof/rules/javaRules.key:3803:15
	at de.uka.ilkd.key.nparser.builder.AbstractBuilder.accept(AbstractBuilder.java:54)
Caused by: com.github.javaparser.resolution.UnsolvedSymbolException: Unsolved symbol in de.uka.ilkd.key.java.JavaParserFactory$DynamicTypeSolver@60686d5f : java.lang.Object
	at com.github.javaparser.resolution.TypeSolver.solveType(TypeSolver.java:71)

165091     ERROR Test worker     d.u.i.k.n.b.AbstractBuilder  com.github.javaparser.resolution.UnsolvedSymbolException: Unsolved symbol in de.uka.ilkd.key.java.JavaParserFactory$DynamicTypeSolver@60686d5f : java.lang.Object
	at com.github.javaparser.resolution.TypeSolver.solveType(TypeSolver.java:71)

165091     ERROR Test worker     d.u.i.k.n.b.TacletPBuilder Error in parsing taclet. de.uka.ilkd.key.util.parsing.BuildingException: Unsolved symbol in de.uka.ilkd.key.java.JavaParserFactory$DynamicTypeSolver@60686d5f : java.lang.Object at file:/D:/a/key/key/key.core/build/resources/main/de/uka/ilkd/key/proof/rules/javaRules.key:3810:15
	at de.uka.ilkd.key.nparser.builder.AbstractBuilder.accept(AbstractBuilder.java:54)
Caused by: com.github.javaparser.resolution.UnsolvedSymbolException: Unsolved symbol in de.uka.ilkd.key.java.JavaParserFactory$DynamicTypeSolver@60686d5f : java.lang.Object
	at com.github.javaparser.resolution.TypeSolver.solveType(TypeSolver.java:71)

165091     ERROR Test worker     d.u.i.k.n.b.AbstractBuilder  com.github.javaparser.resolution.UnsolvedSymbolException: Unsolved symbol in de.uka.ilkd.key.java.JavaParserFactory$DynamicTypeSolver@60686d5f : java.lang.Object
	at com.github.javaparser.resolution.TypeSolver.solveType(TypeSolver.java:71)

165091     ERROR Test worker     d.u.i.k.n.b.TacletPBuilder Error in parsing taclet. de.uka.ilkd.key.util.parsing.BuildingException: Unsolved symbol in de.uka.ilkd.key.java.JavaParserFactory$DynamicTypeSolver@60686d5f : java.lang.Object at file:/D:/a/key/key/key.core/build/resources/main/de/uka/ilkd/key/proof/rules/javaRules.key:3817:15
	at de.uka.ilkd.key.nparser.builder.AbstractBuilder.accept(AbstractBuilder.java:54)
Caused by: com.github.javaparser.resolution.UnsolvedSymbolException: Unsolved symbol in de.uka.ilkd.key.java.JavaParserFactory$DynamicTypeSolver@60686d5f : java.lang.Object
	at com.github.javaparser.resolution.TypeSolver.solveType(TypeSolver.java:71)

165091     ERROR Test worker     d.u.i.k.n.b.AbstractBuilder  com.github.javaparser.resolution.UnsolvedSymbolException: Unsolved symbol in de.uka.ilkd.key.java.JavaParserFactory$DynamicTypeSolver@60686d5f : java.lang.Object
	at com.github.javaparser.resolution.TypeSolver.solveType(TypeSolver.java:71)

165091     ERROR Test worker     d.u.i.k.n.b.TacletPBuilder Error in parsing taclet. de.uka.ilkd.key.util.parsing.BuildingException: Unsolved symbol in de.uka.ilkd.key.java.JavaParserFactory$DynamicTypeSolver@60686d5f : java.lang.Object at file:/D:/a/key/key/key.core/build/resources/main/de/uka/ilkd/key/proof/rules/javaRules.key:3828:15
	at de.uka.ilkd.key.nparser.builder.AbstractBuilder.accept(AbstractBuilder.java:54)
Caused by: com.github.javaparser.resolution.UnsolvedSymbolException: Unsolved symbol in de.uka.ilkd.key.java.JavaParserFactory$DynamicTypeSolver@60686d5f : java.lang.Object
	at com.github.javaparser.resolution.TypeSolver.solveType(TypeSolver.java:71)

165107     ERROR Test worker     d.u.i.k.n.b.AbstractBuilder  com.github.javaparser.resolution.UnsolvedSymbolException: Unsolved symbol in de.uka.ilkd.key.java.JavaParserFactory$DynamicTypeSolver@60686d5f : java.lang.Object
	at com.github.javaparser.resolution.TypeSolver.solveType(TypeSolver.java:71)

165107     ERROR Test worker     d.u.i.k.n.b.TacletPBuilder Error in parsing taclet. de.uka.ilkd.key.util.parsing.BuildingException: Unsolved symbol in de.uka.ilkd.key.java.JavaParserFactory$DynamicTypeSolver@60686d5f : java.lang.Object at file:/D:/a/key/key/key.core/build/resources/main/de/uka/ilkd/key/proof/rules/loopRules.key:26:15
	at de.uka.ilkd.key.nparser.builder.AbstractBuilder.accept(AbstractBuilder.java:54)
Caused by: com.github.javaparser.resolution.UnsolvedSymbolException: Unsolved symbol in de.uka.ilkd.key.java.JavaParserFactory$DynamicTypeSolver@60686d5f : java.lang.Object
	at com.github.javaparser.resolution.TypeSolver.solveType(TypeSolver.java:71)

165123     ERROR Test worker     d.u.i.k.n.b.AbstractBuilder  com.github.javaparser.resolution.UnsolvedSymbolException: Unsolved symbol in de.uka.ilkd.key.java.JavaParserFactory$DynamicTypeSolver@60686d5f : java.lang.Object
	at com.github.javaparser.resolution.TypeSolver.solveType(TypeSolver.java:71)

165123     ERROR Test worker     d.u.i.k.n.b.TacletPBuilder Error in parsing taclet. de.uka.ilkd.key.util.parsing.BuildingException: Unsolved symbol in de.uka.ilkd.key.java.JavaParserFactory$DynamicTypeSolver@60686d5f : java.lang.Object at file:/D:/a/key/key/key.core/build/resources/main/de/uka/ilkd/key/proof/rules/loopRules.key:34:15
	at de.uka.ilkd.key.nparser.builder.AbstractBuilder.accept(AbstractBuilder.java:54)
Caused by: com.github.javaparser.resolution.UnsolvedSymbolException: Unsolved symbol in de.uka.ilkd.key.java.JavaParserFactory$DynamicTypeSolver@60686d5f : java.lang.Object
	at com.github.javaparser.resolution.TypeSolver.solveType(TypeSolver.java:71)

165123     ERROR Test worker     d.u.i.k.n.b.AbstractBuilder  com.github.javaparser.resolution.UnsolvedSymbolException: Unsolved symbol in de.uka.ilkd.key.java.JavaParserFactory$DynamicTypeSolver@60686d5f : java.lang.Object
	at com.github.javaparser.resolution.TypeSolver.solveType(TypeSolver.java:71)

165123     ERROR Test worker     d.u.i.k.n.b.TacletPBuilder Error in parsing taclet. de.uka.ilkd.key.util.parsing.BuildingException: Unsolved symbol in de.uka.ilkd.key.java.JavaParserFactory$DynamicTypeSolver@60686d5f : java.lang.Object at file:/D:/a/key/key/key.core/build/resources/main/de/uka/ilkd/key/proof/rules/loopRules.key:45:15
	at de.uka.ilkd.key.nparser.builder.AbstractBuilder.accept(AbstractBuilder.java:54)
Caused by: com.github.javaparser.resolution.UnsolvedSymbolException: Unsolved symbol in de.uka.ilkd.key.java.JavaParserFactory$DynamicTypeSolver@60686d5f : java.lang.Object
	at com.github.javaparser.resolution.TypeSolver.solveType(TypeSolver.java:71)

165123     ERROR Test worker     d.u.i.k.n.b.AbstractBuilder  com.github.javaparser.resolution.UnsolvedSymbolException: Unsolved symbol in de.uka.ilkd.key.java.JavaParserFactory$DynamicTypeSolver@60686d5f : java.lang.Object
	at com.github.javaparser.resolution.TypeSolver.solveType(TypeSolver.java:71)

165123     ERROR Test worker     d.u.i.k.n.b.TacletPBuilder Error in parsing taclet. de.uka.ilkd.key.util.parsing.BuildingException: Unsolved symbol in de.uka.ilkd.key.java.JavaParserFactory$DynamicTypeSolver@60686d5f : java.lang.Object at file:/D:/a/key/key/key.core/build/resources/main/de/uka/ilkd/key/proof/rules/loopRules.key:52:15
	at de.uka.ilkd.key.nparser.builder.AbstractBuilder.accept(AbstractBuilder.java:54)
Caused by: com.github.javaparser.resolution.UnsolvedSymbolException: Unsolved symbol in de.uka.ilkd.key.java.JavaParserFactory$DynamicTypeSolver@60686d5f : java.lang.Object
	at com.github.javaparser.resolution.TypeSolver.solveType(TypeSolver.java:71)

165138     ERROR Test worker     d.u.i.k.n.b.AbstractBuilder  com.github.javaparser.resolution.UnsolvedSymbolException: Unsolved symbol in de.uka.ilkd.key.java.JavaParserFactory$DynamicTypeSolver@60686d5f : java.lang.Object
	at com.github.javaparser.resolution.TypeSolver.solveType(TypeSolver.java:71)

165138     ERROR Test worker     d.u.i.k.n.b.TacletPBuilder Error in parsing taclet. de.uka.ilkd.key.util.parsing.BuildingException: Unsolved symbol in de.uka.ilkd.key.java.JavaParserFactory$DynamicTypeSolver@60686d5f : java.lang.Object at file:/D:/a/key/key/key.core/build/resources/main/de/uka/ilkd/key/proof/rules/activeUse.key:25:15
	at de.uka.ilkd.key.nparser.builder.AbstractBuilder.accept(AbstractBuilder.java:54)
Caused by: com.github.javaparser.resolution.UnsolvedSymbolException: Unsolved symbol in de.uka.ilkd.key.java.JavaParserFactory$DynamicTypeSolver@60686d5f : java.lang.Object
	at com.github.javaparser.resolution.TypeSolver.solveType(TypeSolver.java:71)

165138     ERROR Test worker     d.u.i.k.n.b.AbstractBuilder  com.github.javaparser.resolution.UnsolvedSymbolException: Unsolved symbol in de.uka.ilkd.key.java.JavaParserFactory$DynamicTypeSolver@60686d5f : java.lang.Object
	at com.github.javaparser.resolution.TypeSolver.solveType(TypeSolver.java:71)

165138     ERROR Test worker     d.u.i.k.n.b.TacletPBuilder Error in parsing taclet. de.uka.ilkd.key.util.parsing.BuildingException: Unsolved symbol in de.uka.ilkd.key.java.JavaParserFactory$DynamicTypeSolver@60686d5f : java.lang.Object at file:/D:/a/key/key/key.core/build/resources/main/de/uka/ilkd/key/proof/rules/activeUse.key:38:15
	at de.uka.ilkd.key.nparser.builder.AbstractBuilder.accept(AbstractBuilder.java:54)
Caused by: com.github.javaparser.resolution.UnsolvedSymbolException: Unsolved symbol in de.uka.ilkd.key.java.JavaParserFactory$DynamicTypeSolver@60686d5f : java.lang.Object
	at com.github.javaparser.resolution.TypeSolver.solveType(TypeSolver.java:71)

165138     ERROR Test worker     d.u.i.k.n.b.AbstractBuilder  com.github.javaparser.resolution.UnsolvedSymbolException: Unsolved symbol in de.uka.ilkd.key.java.JavaParserFactory$DynamicTypeSolver@60686d5f : java.lang.Object
	at com.github.javaparser.resolution.TypeSolver.solveType(TypeSolver.java:71)

165138     ERROR Test worker     d.u.i.k.n.b.TacletPBuilder Error in parsing taclet. de.uka.ilkd.key.util.parsing.BuildingException: Unsolved symbol in de.uka.ilkd.key.java.JavaParserFactory$DynamicTypeSolver@60686d5f : java.lang.Object at file:/D:/a/key/key/key.core/build/resources/main/de/uka/ilkd/key/proof/rules/activeUse.key:52:15
	at de.uka.ilkd.key.nparser.builder.AbstractBuilder.accept(AbstractBuilder.java:54)
Caused by: com.github.javaparser.resolution.UnsolvedSymbolException: Unsolved symbol in de.uka.ilkd.key.java.JavaParserFactory$DynamicTypeSolver@60686d5f : java.lang.Object
	at com.github.javaparser.resolution.TypeSolver.solveType(TypeSolver.java:71)

165138     ERROR Test worker     d.u.i.k.n.b.TacletPBuilder Override: #arr (program Expression) #arr (program Expression) 
165138     ERROR Test worker     d.u.i.k.n.b.TacletPBuilder Override: #idx (program Expression) #idx (program Expression) 
165138     ERROR Test worker     d.u.i.k.n.b.AbstractBuilder  com.github.javaparser.resolution.UnsolvedSymbolException: Unsolved symbol in de.uka.ilkd.key.java.JavaParserFactory$DynamicTypeSolver@60686d5f : java.lang.Object
	at com.github.javaparser.resolution.TypeSolver.solveType(TypeSolver.java:71)

165138     ERROR Test worker     d.u.i.k.n.b.TacletPBuilder Error in parsing taclet. de.uka.ilkd.key.util.parsing.BuildingException: Unsolved symbol in de.uka.ilkd.key.java.JavaParserFactory$DynamicTypeSolver@60686d5f : java.lang.Object at file:/D:/a/key/key/key.core/build/resources/main/de/uka/ilkd/key/proof/rules/activeUse.key:66:15
	at de.uka.ilkd.key.nparser.builder.AbstractBuilder.accept(AbstractBuilder.java:54)
Caused by: com.github.javaparser.resolution.UnsolvedSymbolException: Unsolved symbol in de.uka.ilkd.key.java.JavaParserFactory$DynamicTypeSolver@60686d5f : java.lang.Object
	at com.github.javaparser.resolution.TypeSolver.solveType(TypeSolver.java:71)

165138     ERROR Test worker     d.u.i.k.n.b.AbstractBuilder  com.github.javaparser.resolution.UnsolvedSymbolException: Unsolved symbol in de.uka.ilkd.key.java.JavaParserFactory$DynamicTypeSolver@60686d5f : java.lang.Object
	at com.github.javaparser.resolution.TypeSolver.solveType(TypeSolver.java:71)

165138     ERROR Test worker     d.u.i.k.n.b.TacletPBuilder Error in parsing taclet. de.uka.ilkd.key.util.parsing.BuildingException: Unsolved symbol in de.uka.ilkd.key.java.JavaParserFactory$DynamicTypeSolver@60686d5f : java.lang.Object at file:/D:/a/key/key/key.core/build/resources/main/de/uka/ilkd/key/proof/rules/activeUse.key:79:15
	at de.uka.ilkd.key.nparser.builder.AbstractBuilder.accept(AbstractBuilder.java:54)
Caused by: com.github.javaparser.resolution.UnsolvedSymbolException: Unsolved symbol in de.uka.ilkd.key.java.JavaParserFactory$DynamicTypeSolver@60686d5f : java.lang.Object
	at com.github.javaparser.resolution.TypeSolver.solveType(TypeSolver.java:71)

165138     ERROR Test worker     d.u.i.k.n.b.AbstractBuilder  com.github.javaparser.resolution.UnsolvedSymbolException: Unsolved symbol in de.uka.ilkd.key.java.JavaParserFactory$DynamicTypeSolver@60686d5f : java.lang.Object
	at com.github.javaparser.resolution.TypeSolver.solveType(TypeSolver.java:71)

165138     ERROR Test worker     d.u.i.k.n.b.TacletPBuilder Error in parsing taclet. de.uka.ilkd.key.util.parsing.BuildingException: Unsolved symbol in de.uka.ilkd.key.java.JavaParserFactory$DynamicTypeSolver@60686d5f : java.lang.Object at file:/D:/a/key/key/key.core/build/resources/main/de/uka/ilkd/key/proof/rules/activeUse.key:92:15
	at de.uka.ilkd.key.nparser.builder.AbstractBuilder.accept(AbstractBuilder.java:54)
Caused by: com.github.javaparser.resolution.UnsolvedSymbolException: Unsolved symbol in de.uka.ilkd.key.java.JavaParserFactory$DynamicTypeSolver@60686d5f : java.lang.Object
	at com.github.javaparser.resolution.TypeSolver.solveType(TypeSolver.java:71)

165154     ERROR Test worker     d.u.i.k.n.b.AbstractBuilder  com.github.javaparser.resolution.UnsolvedSymbolException: Unsolved symbol in de.uka.ilkd.key.java.JavaParserFactory$DynamicTypeSolver@60686d5f : java.lang.Object
	at com.github.javaparser.resolution.TypeSolver.solveType(TypeSolver.java:71)

165154     ERROR Test worker     d.u.i.k.n.b.TacletPBuilder Error in parsing taclet. de.uka.ilkd.key.util.parsing.BuildingException: Unsolved symbol in de.uka.ilkd.key.java.JavaParserFactory$DynamicTypeSolver@60686d5f : java.lang.Object at file:/D:/a/key/key/key.core/build/resources/main/de/uka/ilkd/key/proof/rules/activeUse.key:105:15
	at de.uka.ilkd.key.nparser.builder.AbstractBuilder.accept(AbstractBuilder.java:54)
Caused by: com.github.javaparser.resolution.UnsolvedSymbolException: Unsolved symbol in de.uka.ilkd.key.java.JavaParserFactory$DynamicTypeSolver@60686d5f : java.lang.Object
	at com.github.javaparser.resolution.TypeSolver.solveType(TypeSolver.java:71)

165154     ERROR Test worker     d.u.i.k.n.b.AbstractBuilder  com.github.javaparser.resolution.UnsolvedSymbolException: Unsolved symbol in de.uka.ilkd.key.java.JavaParserFactory$DynamicTypeSolver@60686d5f : java.lang.Object
	at com.github.javaparser.resolution.TypeSolver.solveType(TypeSolver.java:71)

165154     ERROR Test worker     d.u.i.k.n.b.TacletPBuilder Error in parsing taclet. de.uka.ilkd.key.util.parsing.BuildingException: Unsolved symbol in de.uka.ilkd.key.java.JavaParserFactory$DynamicTypeSolver@60686d5f : java.lang.Object at file:/D:/a/key/key/key.core/build/resources/main/de/uka/ilkd/key/proof/rules/activeUse.key:115:15
	at de.uka.ilkd.key.nparser.builder.AbstractBuilder.accept(AbstractBuilder.java:54)
Caused by: com.github.javaparser.resolution.UnsolvedSymbolException: Unsolved symbol in de.uka.ilkd.key.java.JavaParserFactory$DynamicTypeSolver@60686d5f : java.lang.Object
	at com.github.javaparser.resolution.TypeSolver.solveType(TypeSolver.java:71)

165154     ERROR Test worker     d.u.i.k.n.b.AbstractBuilder  com.github.javaparser.resolution.UnsolvedSymbolException: Unsolved symbol in de.uka.ilkd.key.java.JavaParserFactory$DynamicTypeSolver@60686d5f : java.lang.Object
	at com.github.javaparser.resolution.TypeSolver.solveType(TypeSolver.java:71)

165154     ERROR Test worker     d.u.i.k.n.b.TacletPBuilder Error in parsing taclet. de.uka.ilkd.key.util.parsing.BuildingException: Unsolved symbol in de.uka.ilkd.key.java.JavaParserFactory$DynamicTypeSolver@60686d5f : java.lang.Object at file:/D:/a/key/key/key.core/build/resources/main/de/uka/ilkd/key/proof/rules/activeUse.key:129:15
	at de.uka.ilkd.key.nparser.builder.AbstractBuilder.accept(AbstractBuilder.java:54)
Caused by: com.github.javaparser.resolution.UnsolvedSymbolException: Unsolved symbol in de.uka.ilkd.key.java.JavaParserFactory$DynamicTypeSolver@60686d5f : java.lang.Object
	at com.github.javaparser.resolution.TypeSolver.solveType(TypeSolver.java:71)

165154     ERROR Test worker     d.u.i.k.n.b.AbstractBuilder  com.github.javaparser.resolution.UnsolvedSymbolException: Unsolved symbol in de.uka.ilkd.key.java.JavaParserFactory$DynamicTypeSolver@60686d5f : java.lang.Object
	at com.github.javaparser.resolution.TypeSolver.solveType(TypeSolver.java:71)

165154     ERROR Test worker     d.u.i.k.n.b.TacletPBuilder Error in parsing taclet. de.uka.ilkd.key.util.parsing.BuildingException: Unsolved symbol in de.uka.ilkd.key.java.JavaParserFactory$DynamicTypeSolver@60686d5f : java.lang.Object at file:/D:/a/key/key/key.core/build/resources/main/de/uka/ilkd/key/proof/rules/activeUse.key:141:15
	at de.uka.ilkd.key.nparser.builder.AbstractBuilder.accept(AbstractBuilder.java:54)
Caused by: com.github.javaparser.resolution.UnsolvedSymbolException: Unsolved symbol in de.uka.ilkd.key.java.JavaParserFactory$DynamicTypeSolver@60686d5f : java.lang.Object
	at com.github.javaparser.resolution.TypeSolver.solveType(TypeSolver.java:71)

165154     ERROR Test worker     d.u.i.k.n.b.TacletPBuilder Override: #arr (program Expression) #arr (program Expression) 
165154     ERROR Test worker     d.u.i.k.n.b.TacletPBuilder Override: #idx (program Expression) #idx (program Expression) 
165154     ERROR Test worker     d.u.i.k.n.b.AbstractBuilder  com.github.javaparser.resolution.UnsolvedSymbolException: Unsolved symbol in de.uka.ilkd.key.java.JavaParserFactory$DynamicTypeSolver@60686d5f : java.lang.Object
	at com.github.javaparser.resolution.TypeSolver.solveType(TypeSolver.java:71)

165154     ERROR Test worker     d.u.i.k.n.b.TacletPBuilder Error in parsing taclet. de.uka.ilkd.key.util.parsing.BuildingException: Unsolved symbol in de.uka.ilkd.key.java.JavaParserFactory$DynamicTypeSolver@60686d5f : java.lang.Object at file:/D:/a/key/key/key.core/build/resources/main/de/uka/ilkd/key/proof/rules/activeUse.key:154:15
	at de.uka.ilkd.key.nparser.builder.AbstractBuilder.accept(AbstractBuilder.java:54)
Caused by: com.github.javaparser.resolution.UnsolvedSymbolException: Unsolved symbol in de.uka.ilkd.key.java.JavaParserFactory$DynamicTypeSolver@60686d5f : java.lang.Object
	at com.github.javaparser.resolution.TypeSolver.solveType(TypeSolver.java:71)

165154     ERROR Test worker     d.u.i.k.n.b.TacletPBuilder Override: #arr (program Expression) #arr (program Expression) 
165154     ERROR Test worker     d.u.i.k.n.b.TacletPBuilder Override: #idx (program Expression) #idx (program Expression) 
165154     ERROR Test worker     d.u.i.k.n.b.AbstractBuilder  com.github.javaparser.resolution.UnsolvedSymbolException: Unsolved symbol in de.uka.ilkd.key.java.JavaParserFactory$DynamicTypeSolver@60686d5f : java.lang.Object
	at com.github.javaparser.resolution.TypeSolver.solveType(TypeSolver.java:71)

165154     ERROR Test worker     d.u.i.k.n.b.TacletPBuilder Error in parsing taclet. de.uka.ilkd.key.util.parsing.BuildingException: Unsolved symbol in de.uka.ilkd.key.java.JavaParserFactory$DynamicTypeSolver@60686d5f : java.lang.Object at file:/D:/a/key/key/key.core/build/resources/main/de/uka/ilkd/key/proof/rules/activeUse.key:167:15
	at de.uka.ilkd.key.nparser.builder.AbstractBuilder.accept(AbstractBuilder.java:54)
Caused by: com.github.javaparser.resolution.UnsolvedSymbolException: Unsolved symbol in de.uka.ilkd.key.java.JavaParserFactory$DynamicTypeSolver@60686d5f : java.lang.Object
	at com.github.javaparser.resolution.TypeSolver.solveType(TypeSolver.java:71)

165154     ERROR Test worker     d.u.i.k.n.b.AbstractBuilder  com.github.javaparser.resolution.UnsolvedSymbolException: Unsolved symbol in de.uka.ilkd.key.java.JavaParserFactory$DynamicTypeSolver@60686d5f : java.lang.Object
	at com.github.javaparser.resolution.TypeSolver.solveType(TypeSolver.java:71)

165154     ERROR Test worker     d.u.i.k.n.b.TacletPBuilder Error in parsing taclet. de.uka.ilkd.key.util.parsing.BuildingException: Unsolved symbol in de.uka.ilkd.key.java.JavaParserFactory$DynamicTypeSolver@60686d5f : java.lang.Object at file:/D:/a/key/key/key.core/build/resources/main/de/uka/ilkd/key/proof/rules/activeUse.key:179:15
	at de.uka.ilkd.key.nparser.builder.AbstractBuilder.accept(AbstractBuilder.java:54)
Caused by: com.github.javaparser.resolution.UnsolvedSymbolException: Unsolved symbol in de.uka.ilkd.key.java.JavaParserFactory$DynamicTypeSolver@60686d5f : java.lang.Object
	at com.github.javaparser.resolution.TypeSolver.solveType(TypeSolver.java:71)

165172     ERROR Test worker     d.u.i.k.n.b.AbstractBuilder  com.github.javaparser.resolution.UnsolvedSymbolException: Unsolved symbol in de.uka.ilkd.key.java.JavaParserFactory$DynamicTypeSolver@60686d5f : java.lang.Object
	at com.github.javaparser.resolution.TypeSolver.solveType(TypeSolver.java:71)

165172     ERROR Test worker     d.u.i.k.n.b.TacletPBuilder Error in parsing taclet. de.uka.ilkd.key.util.parsing.BuildingException: Unsolved symbol in de.uka.ilkd.key.java.JavaParserFactory$DynamicTypeSolver@60686d5f : java.lang.Object at file:/D:/a/key/key/key.core/build/resources/main/de/uka/ilkd/key/proof/rules/activeUse.key:191:15
	at de.uka.ilkd.key.nparser.builder.AbstractBuilder.accept(AbstractBuilder.java:54)
Caused by: com.github.javaparser.resolution.UnsolvedSymbolException: Unsolved symbol in de.uka.ilkd.key.java.JavaParserFactory$DynamicTypeSolver@60686d5f : java.lang.Object
	at com.github.javaparser.resolution.TypeSolver.solveType(TypeSolver.java:71)

165174     ERROR Test worker     d.u.i.k.n.b.AbstractBuilder  com.github.javaparser.resolution.UnsolvedSymbolException: Unsolved symbol in de.uka.ilkd.key.java.JavaParserFactory$DynamicTypeSolver@60686d5f : java.lang.Object
	at com.github.javaparser.resolution.TypeSolver.solveType(TypeSolver.java:71)

165174     ERROR Test worker     d.u.i.k.n.b.TacletPBuilder Error in parsing taclet. de.uka.ilkd.key.util.parsing.BuildingException: Unsolved symbol in de.uka.ilkd.key.java.JavaParserFactory$DynamicTypeSolver@60686d5f : java.lang.Object at file:/D:/a/key/key/key.core/build/resources/main/de/uka/ilkd/key/proof/rules/activeUse.key:203:15
	at de.uka.ilkd.key.nparser.builder.AbstractBuilder.accept(AbstractBuilder.java:54)
Caused by: com.github.javaparser.resolution.UnsolvedSymbolException: Unsolved symbol in de.uka.ilkd.key.java.JavaParserFactory$DynamicTypeSolver@60686d5f : java.lang.Object
	at com.github.javaparser.resolution.TypeSolver.solveType(TypeSolver.java:71)

165176     ERROR Test worker     d.u.i.k.n.b.AbstractBuilder  com.github.javaparser.resolution.UnsolvedSymbolException: Unsolved symbol in de.uka.ilkd.key.java.JavaParserFactory$DynamicTypeSolver@60686d5f : java.lang.Object
	at com.github.javaparser.resolution.TypeSolver.solveType(TypeSolver.java:71)

165177     ERROR Test worker     d.u.i.k.n.b.TacletPBuilder Error in parsing taclet. de.uka.ilkd.key.util.parsing.BuildingException: Unsolved symbol in de.uka.ilkd.key.java.JavaParserFactory$DynamicTypeSolver@60686d5f : java.lang.Object at file:/D:/a/key/key/key.core/build/resources/main/de/uka/ilkd/key/proof/rules/activeUse.key:212:15
	at de.uka.ilkd.key.nparser.builder.AbstractBuilder.accept(AbstractBuilder.java:54)
Caused by: com.github.javaparser.resolution.UnsolvedSymbolException: Unsolved symbol in de.uka.ilkd.key.java.JavaParserFactory$DynamicTypeSolver@60686d5f : java.lang.Object
	at com.github.javaparser.resolution.TypeSolver.solveType(TypeSolver.java:71)

165180     ERROR Test worker     d.u.i.k.n.b.AbstractBuilder  com.github.javaparser.resolution.UnsolvedSymbolException: Unsolved symbol in de.uka.ilkd.key.java.JavaParserFactory$DynamicTypeSolver@60686d5f : java.lang.Object
	at com.github.javaparser.resolution.TypeSolver.solveType(TypeSolver.java:71)

165180     ERROR Test worker     d.u.i.k.n.b.TacletPBuilder Error in parsing taclet. de.uka.ilkd.key.util.parsing.BuildingException: Unsolved symbol in de.uka.ilkd.key.java.JavaParserFactory$DynamicTypeSolver@60686d5f : java.lang.Object at file:/D:/a/key/key/key.core/build/resources/main/de/uka/ilkd/key/proof/rules/activeUse.key:224:15
	at de.uka.ilkd.key.nparser.builder.AbstractBuilder.accept(AbstractBuilder.java:54)
Caused by: com.github.javaparser.resolution.UnsolvedSymbolException: Unsolved symbol in de.uka.ilkd.key.java.JavaParserFactory$DynamicTypeSolver@60686d5f : java.lang.Object
	at com.github.javaparser.resolution.TypeSolver.solveType(TypeSolver.java:71)

165183     ERROR Test worker     d.u.i.k.n.b.AbstractBuilder  com.github.javaparser.resolution.UnsolvedSymbolException: Unsolved symbol in de.uka.ilkd.key.java.JavaParserFactory$DynamicTypeSolver@60686d5f : java.lang.Object
	at com.github.javaparser.resolution.TypeSolver.solveType(TypeSolver.java:71)

165183     ERROR Test worker     d.u.i.k.n.b.TacletPBuilder Error in parsing taclet. de.uka.ilkd.key.util.parsing.BuildingException: Unsolved symbol in de.uka.ilkd.key.java.JavaParserFactory$DynamicTypeSolver@60686d5f : java.lang.Object at file:/D:/a/key/key/key.core/build/resources/main/de/uka/ilkd/key/proof/rules/activeUse.key:240:15
	at de.uka.ilkd.key.nparser.builder.AbstractBuilder.accept(AbstractBuilder.java:54)
Caused by: com.github.javaparser.resolution.UnsolvedSymbolException: Unsolved symbol in de.uka.ilkd.key.java.JavaParserFactory$DynamicTypeSolver@60686d5f : java.lang.Object
	at com.github.javaparser.resolution.TypeSolver.solveType(TypeSolver.java:71)

165183     ERROR Test worker     d.u.i.k.n.b.AbstractBuilder  com.github.javaparser.resolution.UnsolvedSymbolException: Unsolved symbol in de.uka.ilkd.key.java.JavaParserFactory$DynamicTypeSolver@60686d5f : java.lang.Object
	at com.github.javaparser.resolution.TypeSolver.solveType(TypeSolver.java:71)

165183     ERROR Test worker     d.u.i.k.n.b.TacletPBuilder Error in parsing taclet. de.uka.ilkd.key.util.parsing.BuildingException: Unsolved symbol in de.uka.ilkd.key.java.JavaParserFactory$DynamicTypeSolver@60686d5f : java.lang.Object at file:/D:/a/key/key/key.core/build/resources/main/de/uka/ilkd/key/proof/rules/activeUse.key:254:15
	at de.uka.ilkd.key.nparser.builder.AbstractBuilder.accept(AbstractBuilder.java:54)
Caused by: com.github.javaparser.resolution.UnsolvedSymbolException: Unsolved symbol in de.uka.ilkd.key.java.JavaParserFactory$DynamicTypeSolver@60686d5f : java.lang.Object
	at com.github.javaparser.resolution.TypeSolver.solveType(TypeSolver.java:71)

165183     ERROR Test worker     d.u.i.k.n.b.AbstractBuilder  com.github.javaparser.resolution.UnsolvedSymbolException: Unsolved symbol in de.uka.ilkd.key.java.JavaParserFactory$DynamicTypeSolver@60686d5f : java.lang.Object
	at com.github.javaparser.resolution.TypeSolver.solveType(TypeSolver.java:71)

165183     ERROR Test worker     d.u.i.k.n.b.TacletPBuilder Error in parsing taclet. de.uka.ilkd.key.util.parsing.BuildingException: Unsolved symbol in de.uka.ilkd.key.java.JavaParserFactory$DynamicTypeSolver@60686d5f : java.lang.Object at file:/D:/a/key/key/key.core/build/resources/main/de/uka/ilkd/key/proof/rules/activeUse.key:268:15
	at de.uka.ilkd.key.nparser.builder.AbstractBuilder.accept(AbstractBuilder.java:54)
Caused by: com.github.javaparser.resolution.UnsolvedSymbolException: Unsolved symbol in de.uka.ilkd.key.java.JavaParserFactory$DynamicTypeSolver@60686d5f : java.lang.Object
	at com.github.javaparser.resolution.TypeSolver.solveType(TypeSolver.java:71)

165183     ERROR Test worker     d.u.i.k.n.b.AbstractBuilder  com.github.javaparser.resolution.UnsolvedSymbolException: Unsolved symbol in de.uka.ilkd.key.java.JavaParserFactory$DynamicTypeSolver@60686d5f : java.lang.Object
	at com.github.javaparser.resolution.TypeSolver.solveType(TypeSolver.java:71)

165183     ERROR Test worker     d.u.i.k.n.b.TacletPBuilder Error in parsing taclet. de.uka.ilkd.key.util.parsing.BuildingException: Unsolved symbol in de.uka.ilkd.key.java.JavaParserFactory$DynamicTypeSolver@60686d5f : java.lang.Object at file:/D:/a/key/key/key.core/build/resources/main/de/uka/ilkd/key/proof/rules/activeUse.key:282:15
	at de.uka.ilkd.key.nparser.builder.AbstractBuilder.accept(AbstractBuilder.java:54)
Caused by: com.github.javaparser.resolution.UnsolvedSymbolException: Unsolved symbol in de.uka.ilkd.key.java.JavaParserFactory$DynamicTypeSolver@60686d5f : java.lang.Object
	at com.github.javaparser.resolution.TypeSolver.solveType(TypeSolver.java:71)

165183     ERROR Test worker     d.u.i.k.n.b.AbstractBuilder  com.github.javaparser.resolution.UnsolvedSymbolException: Unsolved symbol in de.uka.ilkd.key.java.JavaParserFactory$DynamicTypeSolver@60686d5f : java.lang.Object
	at com.github.javaparser.resolution.TypeSolver.solveType(TypeSolver.java:71)

165183     ERROR Test worker     d.u.i.k.n.b.TacletPBuilder Error in parsing taclet. de.uka.ilkd.key.util.parsing.BuildingException: Unsolved symbol in de.uka.ilkd.key.java.JavaParserFactory$DynamicTypeSolver@60686d5f : java.lang.Object at file:/D:/a/key/key/key.core/build/resources/main/de/uka/ilkd/key/proof/rules/activeUse.key:296:15
	at de.uka.ilkd.key.nparser.builder.AbstractBuilder.accept(AbstractBuilder.java:54)
Caused by: com.github.javaparser.resolution.UnsolvedSymbolException: Unsolved symbol in de.uka.ilkd.key.java.JavaParserFactory$DynamicTypeSolver@60686d5f : java.lang.Object
	at com.github.javaparser.resolution.TypeSolver.solveType(TypeSolver.java:71)

165183     ERROR Test worker     d.u.i.k.n.b.AbstractBuilder  com.github.javaparser.resolution.UnsolvedSymbolException: Unsolved symbol in de.uka.ilkd.key.java.JavaParserFactory$DynamicTypeSolver@60686d5f : java.lang.Object
	at com.github.javaparser.resolution.TypeSolver.solveType(TypeSolver.java:71)

165183     ERROR Test worker     d.u.i.k.n.b.TacletPBuilder Error in parsing taclet. de.uka.ilkd.key.util.parsing.BuildingException: Unsolved symbol in de.uka.ilkd.key.java.JavaParserFactory$DynamicTypeSolver@60686d5f : java.lang.Object at file:/D:/a/key/key/key.core/build/resources/main/de/uka/ilkd/key/proof/rules/activeUse.key:310:15
	at de.uka.ilkd.key.nparser.builder.AbstractBuilder.accept(AbstractBuilder.java:54)
Caused by: com.github.javaparser.resolution.UnsolvedSymbolException: Unsolved symbol in de.uka.ilkd.key.java.JavaParserFactory$DynamicTypeSolver@60686d5f : java.lang.Object
	at com.github.javaparser.resolution.TypeSolver.solveType(TypeSolver.java:71)

165183     ERROR Test worker     d.u.i.k.n.b.AbstractBuilder  com.github.javaparser.resolution.UnsolvedSymbolException: Unsolved symbol in de.uka.ilkd.key.java.JavaParserFactory$DynamicTypeSolver@60686d5f : java.lang.Object
	at com.github.javaparser.resolution.TypeSolver.solveType(TypeSolver.java:71)

165183     ERROR Test worker     d.u.i.k.n.b.TacletPBuilder Error in parsing taclet. de.uka.ilkd.key.util.parsing.BuildingException: Unsolved symbol in de.uka.ilkd.key.java.JavaParserFactory$DynamicTypeSolver@60686d5f : java.lang.Object at file:/D:/a/key/key/key.core/build/resources/main/de/uka/ilkd/key/proof/rules/activeUse.key:324:15
	at de.uka.ilkd.key.nparser.builder.AbstractBuilder.accept(AbstractBuilder.java:54)
Caused by: com.github.javaparser.resolution.UnsolvedSymbolException: Unsolved symbol in de.uka.ilkd.key.java.JavaParserFactory$DynamicTypeSolver@60686d5f : java.lang.Object
	at com.github.javaparser.resolution.TypeSolver.solveType(TypeSolver.java:71)

165198     ERROR Test worker     d.u.i.k.n.b.AbstractBuilder  com.github.javaparser.resolution.UnsolvedSymbolException: Unsolved symbol in de.uka.ilkd.key.java.JavaParserFactory$DynamicTypeSolver@60686d5f : java.lang.Object
	at com.github.javaparser.resolution.TypeSolver.solveType(TypeSolver.java:71)

165198     ERROR Test worker     d.u.i.k.n.b.TacletPBuilder Error in parsing taclet. de.uka.ilkd.key.util.parsing.BuildingException: Unsolved symbol in de.uka.ilkd.key.java.JavaParserFactory$DynamicTypeSolver@60686d5f : java.lang.Object at file:/D:/a/key/key/key.core/build/resources/main/de/uka/ilkd/key/proof/rules/activeUse.key:338:15
	at de.uka.ilkd.key.nparser.builder.AbstractBuilder.accept(AbstractBuilder.java:54)
Caused by: com.github.javaparser.resolution.UnsolvedSymbolException: Unsolved symbol in de.uka.ilkd.key.java.JavaParserFactory$DynamicTypeSolver@60686d5f : java.lang.Object
	at com.github.javaparser.resolution.TypeSolver.solveType(TypeSolver.java:71)

165198     ERROR Test worker     d.u.i.k.n.b.AbstractBuilder  com.github.javaparser.resolution.UnsolvedSymbolException: Unsolved symbol in de.uka.ilkd.key.java.JavaParserFactory$DynamicTypeSolver@60686d5f : java.lang.Object
	at com.github.javaparser.resolution.TypeSolver.solveType(TypeSolver.java:71)

165198     ERROR Test worker     d.u.i.k.n.b.TacletPBuilder Error in parsing taclet. de.uka.ilkd.key.util.parsing.BuildingException: Unsolved symbol in de.uka.ilkd.key.java.JavaParserFactory$DynamicTypeSolver@60686d5f : java.lang.Object at file:/D:/a/key/key/key.core/build/resources/main/de/uka/ilkd/key/proof/rules/activeUse.key:352:15
	at de.uka.ilkd.key.nparser.builder.AbstractBuilder.accept(AbstractBuilder.java:54)
Caused by: com.github.javaparser.resolution.UnsolvedSymbolException: Unsolved symbol in de.uka.ilkd.key.java.JavaParserFactory$DynamicTypeSolver@60686d5f : java.lang.Object
	at com.github.javaparser.resolution.TypeSolver.solveType(TypeSolver.java:71)

165198     ERROR Test worker     d.u.i.k.n.b.AbstractBuilder  com.github.javaparser.resolution.UnsolvedSymbolException: Unsolved symbol in de.uka.ilkd.key.java.JavaParserFactory$DynamicTypeSolver@60686d5f : java.lang.Object
	at com.github.javaparser.resolution.TypeSolver.solveType(TypeSolver.java:71)

165198     ERROR Test worker     d.u.i.k.n.b.TacletPBuilder Error in parsing taclet. de.uka.ilkd.key.util.parsing.BuildingException: Unsolved symbol in de.uka.ilkd.key.java.JavaParserFactory$DynamicTypeSolver@60686d5f : java.lang.Object at file:/D:/a/key/key/key.core/build/resources/main/de/uka/ilkd/key/proof/rules/activeUse.key:366:15
	at de.uka.ilkd.key.nparser.builder.AbstractBuilder.accept(AbstractBuilder.java:54)
Caused by: com.github.javaparser.resolution.UnsolvedSymbolException: Unsolved symbol in de.uka.ilkd.key.java.JavaParserFactory$DynamicTypeSolver@60686d5f : java.lang.Object
	at com.github.javaparser.resolution.TypeSolver.solveType(TypeSolver.java:71)

165198     ERROR Test worker     d.u.i.k.n.b.AbstractBuilder  com.github.javaparser.resolution.UnsolvedSymbolException: Unsolved symbol in de.uka.ilkd.key.java.JavaParserFactory$DynamicTypeSolver@60686d5f : java.lang.Object
	at com.github.javaparser.resolution.TypeSolver.solveType(TypeSolver.java:71)

165198     ERROR Test worker     d.u.i.k.n.b.TacletPBuilder Error in parsing taclet. de.uka.ilkd.key.util.parsing.BuildingException: Unsolved symbol in de.uka.ilkd.key.java.JavaParserFactory$DynamicTypeSolver@60686d5f : java.lang.Object at file:/D:/a/key/key/key.core/build/resources/main/de/uka/ilkd/key/proof/rules/activeUse.key:380:15
	at de.uka.ilkd.key.nparser.builder.AbstractBuilder.accept(AbstractBuilder.java:54)
Caused by: com.github.javaparser.resolution.UnsolvedSymbolException: Unsolved symbol in de.uka.ilkd.key.java.JavaParserFactory$DynamicTypeSolver@60686d5f : java.lang.Object
	at com.github.javaparser.resolution.TypeSolver.solveType(TypeSolver.java:71)

165198     ERROR Test worker     d.u.i.k.n.b.AbstractBuilder  com.github.javaparser.resolution.UnsolvedSymbolException: Unsolved symbol in de.uka.ilkd.key.java.JavaParserFactory$DynamicTypeSolver@60686d5f : java.lang.Object
	at com.github.javaparser.resolution.TypeSolver.solveType(TypeSolver.java:71)

165198     ERROR Test worker     d.u.i.k.n.b.TacletPBuilder Error in parsing taclet. de.uka.ilkd.key.util.parsing.BuildingException: Unsolved symbol in de.uka.ilkd.key.java.JavaParserFactory$DynamicTypeSolver@60686d5f : java.lang.Object at file:/D:/a/key/key/key.core/build/resources/main/de/uka/ilkd/key/proof/rules/activeUse.key:394:15
	at de.uka.ilkd.key.nparser.builder.AbstractBuilder.accept(AbstractBuilder.java:54)
Caused by: com.github.javaparser.resolution.UnsolvedSymbolException: Unsolved symbol in de.uka.ilkd.key.java.JavaParserFactory$DynamicTypeSolver@60686d5f : java.lang.Object
	at com.github.javaparser.resolution.TypeSolver.solveType(TypeSolver.java:71)

165198     ERROR Test worker     d.u.i.k.n.b.AbstractBuilder  com.github.javaparser.resolution.UnsolvedSymbolException: Unsolved symbol in de.uka.ilkd.key.java.JavaParserFactory$DynamicTypeSolver@60686d5f : java.lang.Object
	at com.github.javaparser.resolution.TypeSolver.solveType(TypeSolver.java:71)

165198     ERROR Test worker     d.u.i.k.n.b.TacletPBuilder Error in parsing taclet. de.uka.ilkd.key.util.parsing.BuildingException: Unsolved symbol in de.uka.ilkd.key.java.JavaParserFactory$DynamicTypeSolver@60686d5f : java.lang.Object at file:/D:/a/key/key/key.core/build/resources/main/de/uka/ilkd/key/proof/rules/activeUse.key:408:15
	at de.uka.ilkd.key.nparser.builder.AbstractBuilder.accept(AbstractBuilder.java:54)
Caused by: com.github.javaparser.resolution.UnsolvedSymbolException: Unsolved symbol in de.uka.ilkd.key.java.JavaParserFactory$DynamicTypeSolver@60686d5f : java.lang.Object
	at com.github.javaparser.resolution.TypeSolver.solveType(TypeSolver.java:71)

165198     ERROR Test worker     d.u.i.k.n.b.AbstractBuilder  com.github.javaparser.resolution.UnsolvedSymbolException: Unsolved symbol in de.uka.ilkd.key.java.JavaParserFactory$DynamicTypeSolver@60686d5f : java.lang.Object
	at com.github.javaparser.resolution.TypeSolver.solveType(TypeSolver.java:71)

165214     ERROR Test worker     d.u.i.k.n.b.TacletPBuilder Error in parsing taclet. de.uka.ilkd.key.util.parsing.BuildingException: Unsolved symbol in de.uka.ilkd.key.java.JavaParserFactory$DynamicTypeSolver@60686d5f : java.lang.Object at file:/D:/a/key/key/key.core/build/resources/main/de/uka/ilkd/key/proof/rules/activeUse.key:422:15
	at de.uka.ilkd.key.nparser.builder.AbstractBuilder.accept(AbstractBuilder.java:54)
Caused by: com.github.javaparser.resolution.UnsolvedSymbolException: Unsolved symbol in de.uka.ilkd.key.java.JavaParserFactory$DynamicTypeSolver@60686d5f : java.lang.Object
	at com.github.javaparser.resolution.TypeSolver.solveType(TypeSolver.java:71)

165214     ERROR Test worker     d.u.i.k.n.b.AbstractBuilder  com.github.javaparser.resolution.UnsolvedSymbolException: Unsolved symbol in de.uka.ilkd.key.java.JavaParserFactory$DynamicTypeSolver@60686d5f : java.lang.Object
	at com.github.javaparser.resolution.TypeSolver.solveType(TypeSolver.java:71)

165214     ERROR Test worker     d.u.i.k.n.b.TacletPBuilder Error in parsing taclet. de.uka.ilkd.key.util.parsing.BuildingException: Unsolved symbol in de.uka.ilkd.key.java.JavaParserFactory$DynamicTypeSolver@60686d5f : java.lang.Object at file:/D:/a/key/key/key.core/build/resources/main/de/uka/ilkd/key/proof/rules/activeUse.key:436:15
	at de.uka.ilkd.key.nparser.builder.AbstractBuilder.accept(AbstractBuilder.java:54)
Caused by: com.github.javaparser.resolution.UnsolvedSymbolException: Unsolved symbol in de.uka.ilkd.key.java.JavaParserFactory$DynamicTypeSolver@60686d5f : java.lang.Object
	at com.github.javaparser.resolution.TypeSolver.solveType(TypeSolver.java:71)

165214     ERROR Test worker     d.u.i.k.n.b.AbstractBuilder  com.github.javaparser.resolution.UnsolvedSymbolException: Unsolved symbol in de.uka.ilkd.key.java.JavaParserFactory$DynamicTypeSolver@60686d5f : java.lang.Object
	at com.github.javaparser.resolution.TypeSolver.solveType(TypeSolver.java:71)

165214     ERROR Test worker     d.u.i.k.n.b.TacletPBuilder Error in parsing taclet. de.uka.ilkd.key.util.parsing.BuildingException: Unsolved symbol in de.uka.ilkd.key.java.JavaParserFactory$DynamicTypeSolver@60686d5f : java.lang.Object at file:/D:/a/key/key/key.core/build/resources/main/de/uka/ilkd/key/proof/rules/activeUse.key:450:15
	at de.uka.ilkd.key.nparser.builder.AbstractBuilder.accept(AbstractBuilder.java:54)
Caused by: com.github.javaparser.resolution.UnsolvedSymbolException: Unsolved symbol in de.uka.ilkd.key.java.JavaParserFactory$DynamicTypeSolver@60686d5f : java.lang.Object
	at com.github.javaparser.resolution.TypeSolver.solveType(TypeSolver.java:71)

165214     ERROR Test worker     d.u.i.k.n.b.AbstractBuilder  com.github.javaparser.resolution.UnsolvedSymbolException: Unsolved symbol in de.uka.ilkd.key.java.JavaParserFactory$DynamicTypeSolver@60686d5f : java.lang.Object
	at com.github.javaparser.resolution.TypeSolver.solveType(TypeSolver.java:71)

165214     ERROR Test worker     d.u.i.k.n.b.TacletPBuilder Error in parsing taclet. de.uka.ilkd.key.util.parsing.BuildingException: Unsolved symbol in de.uka.ilkd.key.java.JavaParserFactory$DynamicTypeSolver@60686d5f : java.lang.Object at file:/D:/a/key/key/key.core/build/resources/main/de/uka/ilkd/key/proof/rules/activeUse.key:468:15
	at de.uka.ilkd.key.nparser.builder.AbstractBuilder.accept(AbstractBuilder.java:54)
Caused by: com.github.javaparser.resolution.UnsolvedSymbolException: Unsolved symbol in de.uka.ilkd.key.java.JavaParserFactory$DynamicTypeSolver@60686d5f : java.lang.Object
	at com.github.javaparser.resolution.TypeSolver.solveType(TypeSolver.java:71)

165214     ERROR Test worker     d.u.i.k.n.b.AbstractBuilder  com.github.javaparser.resolution.UnsolvedSymbolException: Unsolved symbol in de.uka.ilkd.key.java.JavaParserFactory$DynamicTypeSolver@60686d5f : java.lang.Object
	at com.github.javaparser.resolution.TypeSolver.solveType(TypeSolver.java:71)

165214     ERROR Test worker     d.u.i.k.n.b.TacletPBuilder Error in parsing taclet. de.uka.ilkd.key.util.parsing.BuildingException: Unsolved symbol in de.uka.ilkd.key.java.JavaParserFactory$DynamicTypeSolver@60686d5f : java.lang.Object at file:/D:/a/key/key/key.core/build/resources/main/de/uka/ilkd/key/proof/rules/activeUse.key:483:15
	at de.uka.ilkd.key.nparser.builder.AbstractBuilder.accept(AbstractBuilder.java:54)
Caused by: com.github.javaparser.resolution.UnsolvedSymbolException: Unsolved symbol in de.uka.ilkd.key.java.JavaParserFactory$DynamicTypeSolver@60686d5f : java.lang.Object
	at com.github.javaparser.resolution.TypeSolver.solveType(TypeSolver.java:71)

165214     ERROR Test worker     d.u.i.k.n.b.AbstractBuilder  com.github.javaparser.resolution.UnsolvedSymbolException: Unsolved symbol in de.uka.ilkd.key.java.JavaParserFactory$DynamicTypeSolver@60686d5f : java.lang.Object
	at com.github.javaparser.resolution.TypeSolver.solveType(TypeSolver.java:71)

165214     ERROR Test worker     d.u.i.k.n.b.TacletPBuilder Error in parsing taclet. de.uka.ilkd.key.util.parsing.BuildingException: Unsolved symbol in de.uka.ilkd.key.java.JavaParserFactory$DynamicTypeSolver@60686d5f : java.lang.Object at file:/D:/a/key/key/key.core/build/resources/main/de/uka/ilkd/key/proof/rules/activeUse.key:496:15
	at de.uka.ilkd.key.nparser.builder.AbstractBuilder.accept(AbstractBuilder.java:54)
Caused by: com.github.javaparser.resolution.UnsolvedSymbolException: Unsolved symbol in de.uka.ilkd.key.java.JavaParserFactory$DynamicTypeSolver@60686d5f : java.lang.Object
	at com.github.javaparser.resolution.TypeSolver.solveType(TypeSolver.java:71)

165214     ERROR Test worker     d.u.i.k.n.b.AbstractBuilder  com.github.javaparser.resolution.UnsolvedSymbolException: Unsolved symbol in de.uka.ilkd.key.java.JavaParserFactory$DynamicTypeSolver@60686d5f : java.lang.Object
	at com.github.javaparser.resolution.TypeSolver.solveType(TypeSolver.java:71)

165214     ERROR Test worker     d.u.i.k.n.b.TacletPBuilder Error in parsing taclet. de.uka.ilkd.key.util.parsing.BuildingException: Unsolved symbol in de.uka.ilkd.key.java.JavaParserFactory$DynamicTypeSolver@60686d5f : java.lang.Object at file:/D:/a/key/key/key.core/build/resources/main/de/uka/ilkd/key/proof/rules/activeUse.key:509:15
	at de.uka.ilkd.key.nparser.builder.AbstractBuilder.accept(AbstractBuilder.java:54)
Caused by: com.github.javaparser.resolution.UnsolvedSymbolException: Unsolved symbol in de.uka.ilkd.key.java.JavaParserFactory$DynamicTypeSolver@60686d5f : java.lang.Object
	at com.github.javaparser.resolution.TypeSolver.solveType(TypeSolver.java:71)

165229     ERROR Test worker     d.u.i.k.n.b.AbstractBuilder  com.github.javaparser.resolution.UnsolvedSymbolException: Unsolved symbol in de.uka.ilkd.key.java.JavaParserFactory$DynamicTypeSolver@60686d5f : java.lang.Object
	at com.github.javaparser.resolution.TypeSolver.solveType(TypeSolver.java:71)

165229     ERROR Test worker     d.u.i.k.n.b.TacletPBuilder Error in parsing taclet. de.uka.ilkd.key.util.parsing.BuildingException: Unsolved symbol in de.uka.ilkd.key.java.JavaParserFactory$DynamicTypeSolver@60686d5f : java.lang.Object at file:/D:/a/key/key/key.core/build/resources/main/de/uka/ilkd/key/proof/rules/activeUse.key:522:15
	at de.uka.ilkd.key.nparser.builder.AbstractBuilder.accept(AbstractBuilder.java:54)
Caused by: com.github.javaparser.resolution.UnsolvedSymbolException: Unsolved symbol in de.uka.ilkd.key.java.JavaParserFactory$DynamicTypeSolver@60686d5f : java.lang.Object
	at com.github.javaparser.resolution.TypeSolver.solveType(TypeSolver.java:71)

165229     ERROR Test worker     d.u.i.k.n.b.AbstractBuilder  com.github.javaparser.resolution.UnsolvedSymbolException: Unsolved symbol in de.uka.ilkd.key.java.JavaParserFactory$DynamicTypeSolver@60686d5f : java.lang.Object
	at com.github.javaparser.resolution.TypeSolver.solveType(TypeSolver.java:71)

165229     ERROR Test worker     d.u.i.k.n.b.TacletPBuilder Error in parsing taclet. de.uka.ilkd.key.util.parsing.BuildingException: Unsolved symbol in de.uka.ilkd.key.java.JavaParserFactory$DynamicTypeSolver@60686d5f : java.lang.Object at file:/D:/a/key/key/key.core/build/resources/main/de/uka/ilkd/key/proof/rules/activeUse.key:535:15
	at de.uka.ilkd.key.nparser.builder.AbstractBuilder.accept(AbstractBuilder.java:54)
Caused by: com.github.javaparser.resolution.UnsolvedSymbolException: Unsolved symbol in de.uka.ilkd.key.java.JavaParserFactory$DynamicTypeSolver@60686d5f : java.lang.Object
	at com.github.javaparser.resolution.TypeSolver.solveType(TypeSolver.java:71)

165229     ERROR Test worker     d.u.i.k.n.b.AbstractBuilder  com.github.javaparser.resolution.UnsolvedSymbolException: Unsolved symbol in de.uka.ilkd.key.java.JavaParserFactory$DynamicTypeSolver@60686d5f : java.lang.Object
	at com.github.javaparser.resolution.TypeSolver.solveType(TypeSolver.java:71)

165229     ERROR Test worker     d.u.i.k.n.b.TacletPBuilder Error in parsing taclet. de.uka.ilkd.key.util.parsing.BuildingException: Unsolved symbol in de.uka.ilkd.key.java.JavaParserFactory$DynamicTypeSolver@60686d5f : java.lang.Object at file:/D:/a/key/key/key.core/build/resources/main/de/uka/ilkd/key/proof/rules/activeUse.key:548:15
	at de.uka.ilkd.key.nparser.builder.AbstractBuilder.accept(AbstractBuilder.java:54)
Caused by: com.github.javaparser.resolution.UnsolvedSymbolException: Unsolved symbol in de.uka.ilkd.key.java.JavaParserFactory$DynamicTypeSolver@60686d5f : java.lang.Object
	at com.github.javaparser.resolution.TypeSolver.solveType(TypeSolver.java:71)

165229     ERROR Test worker     d.u.i.k.n.b.AbstractBuilder  com.github.javaparser.resolution.UnsolvedSymbolException: Unsolved symbol in de.uka.ilkd.key.java.JavaParserFactory$DynamicTypeSolver@60686d5f : java.lang.Object
	at com.github.javaparser.resolution.TypeSolver.solveType(TypeSolver.java:71)

165229     ERROR Test worker     d.u.i.k.n.b.TacletPBuilder Error in parsing taclet. de.uka.ilkd.key.util.parsing.BuildingException: Unsolved symbol in de.uka.ilkd.key.java.JavaParserFactory$DynamicTypeSolver@60686d5f : java.lang.Object at file:/D:/a/key/key/key.core/build/resources/main/de/uka/ilkd/key/proof/rules/activeUse.key:561:15
	at de.uka.ilkd.key.nparser.builder.AbstractBuilder.accept(AbstractBuilder.java:54)
Caused by: com.github.javaparser.resolution.UnsolvedSymbolException: Unsolved symbol in de.uka.ilkd.key.java.JavaParserFactory$DynamicTypeSolver@60686d5f : java.lang.Object
	at com.github.javaparser.resolution.TypeSolver.solveType(TypeSolver.java:71)

165229     ERROR Test worker     d.u.i.k.n.b.AbstractBuilder  com.github.javaparser.resolution.UnsolvedSymbolException: Unsolved symbol in de.uka.ilkd.key.java.JavaParserFactory$DynamicTypeSolver@60686d5f : java.lang.Object
	at com.github.javaparser.resolution.TypeSolver.solveType(TypeSolver.java:71)

165229     ERROR Test worker     d.u.i.k.n.b.TacletPBuilder Error in parsing taclet. de.uka.ilkd.key.util.parsing.BuildingException: Unsolved symbol in de.uka.ilkd.key.java.JavaParserFactory$DynamicTypeSolver@60686d5f : java.lang.Object at file:/D:/a/key/key/key.core/build/resources/main/de/uka/ilkd/key/proof/rules/activeUse.key:574:15
	at de.uka.ilkd.key.nparser.builder.AbstractBuilder.accept(AbstractBuilder.java:54)
Caused by: com.github.javaparser.resolution.UnsolvedSymbolException: Unsolved symbol in de.uka.ilkd.key.java.JavaParserFactory$DynamicTypeSolver@60686d5f : java.lang.Object
	at com.github.javaparser.resolution.TypeSolver.solveType(TypeSolver.java:71)

165245     ERROR Test worker     d.u.i.k.n.b.AbstractBuilder  com.github.javaparser.resolution.UnsolvedSymbolException: Unsolved symbol in de.uka.ilkd.key.java.JavaParserFactory$DynamicTypeSolver@60686d5f : java.lang.Object
	at com.github.javaparser.resolution.TypeSolver.solveType(TypeSolver.java:71)

165245     ERROR Test worker     d.u.i.k.n.b.TacletPBuilder Error in parsing taclet. de.uka.ilkd.key.util.parsing.BuildingException: Unsolved symbol in de.uka.ilkd.key.java.JavaParserFactory$DynamicTypeSolver@60686d5f : java.lang.Object at file:/D:/a/key/key/key.core/build/resources/main/de/uka/ilkd/key/proof/rules/activeUse.key:587:15
	at de.uka.ilkd.key.nparser.builder.AbstractBuilder.accept(AbstractBuilder.java:54)
Caused by: com.github.javaparser.resolution.UnsolvedSymbolException: Unsolved symbol in de.uka.ilkd.key.java.JavaParserFactory$DynamicTypeSolver@60686d5f : java.lang.Object
	at com.github.javaparser.resolution.TypeSolver.solveType(TypeSolver.java:71)

165245     ERROR Test worker     d.u.i.k.n.b.AbstractBuilder  com.github.javaparser.resolution.UnsolvedSymbolException: Unsolved symbol in de.uka.ilkd.key.java.JavaParserFactory$DynamicTypeSolver@60686d5f : java.lang.Object
	at com.github.javaparser.resolution.TypeSolver.solveType(TypeSolver.java:71)

165245     ERROR Test worker     d.u.i.k.n.b.TacletPBuilder Error in parsing taclet. de.uka.ilkd.key.util.parsing.BuildingException: Unsolved symbol in de.uka.ilkd.key.java.JavaParserFactory$DynamicTypeSolver@60686d5f : java.lang.Object at file:/D:/a/key/key/key.core/build/resources/main/de/uka/ilkd/key/proof/rules/activeUse.key:600:15
	at de.uka.ilkd.key.nparser.builder.AbstractBuilder.accept(AbstractBuilder.java:54)
Caused by: com.github.javaparser.resolution.UnsolvedSymbolException: Unsolved symbol in de.uka.ilkd.key.java.JavaParserFactory$DynamicTypeSolver@60686d5f : java.lang.Object
	at com.github.javaparser.resolution.TypeSolver.solveType(TypeSolver.java:71)

165245     ERROR Test worker     d.u.i.k.n.b.AbstractBuilder  com.github.javaparser.resolution.UnsolvedSymbolException: Unsolved symbol in de.uka.ilkd.key.java.JavaParserFactory$DynamicTypeSolver@60686d5f : java.lang.Object
	at com.github.javaparser.resolution.TypeSolver.solveType(TypeSolver.java:71)

165245     ERROR Test worker     d.u.i.k.n.b.TacletPBuilder Error in parsing taclet. de.uka.ilkd.key.util.parsing.BuildingException: Unsolved symbol in de.uka.ilkd.key.java.JavaParserFactory$DynamicTypeSolver@60686d5f : java.lang.Object at file:/D:/a/key/key/key.core/build/resources/main/de/uka/ilkd/key/proof/rules/activeUse.key:613:15
	at de.uka.ilkd.key.nparser.builder.AbstractBuilder.accept(AbstractBuilder.java:54)
Caused by: com.github.javaparser.resolution.UnsolvedSymbolException: Unsolved symbol in de.uka.ilkd.key.java.JavaParserFactory$DynamicTypeSolver@60686d5f : java.lang.Object
	at com.github.javaparser.resolution.TypeSolver.solveType(TypeSolver.java:71)

165245     ERROR Test worker     d.u.i.k.n.b.AbstractBuilder  com.github.javaparser.resolution.UnsolvedSymbolException: Unsolved symbol in de.uka.ilkd.key.java.JavaParserFactory$DynamicTypeSolver@60686d5f : java.lang.Object
	at com.github.javaparser.resolution.TypeSolver.solveType(TypeSolver.java:71)

165245     ERROR Test worker     d.u.i.k.n.b.TacletPBuilder Error in parsing taclet. de.uka.ilkd.key.util.parsing.BuildingException: Unsolved symbol in de.uka.ilkd.key.java.JavaParserFactory$DynamicTypeSolver@60686d5f : java.lang.Object at file:/D:/a/key/key/key.core/build/resources/main/de/uka/ilkd/key/proof/rules/activeUse.key:626:15
	at de.uka.ilkd.key.nparser.builder.AbstractBuilder.accept(AbstractBuilder.java:54)
Caused by: com.github.javaparser.resolution.UnsolvedSymbolException: Unsolved symbol in de.uka.ilkd.key.java.JavaParserFactory$DynamicTypeSolver@60686d5f : java.lang.Object
	at com.github.javaparser.resolution.TypeSolver.solveType(TypeSolver.java:71)

165245     ERROR Test worker     d.u.i.k.n.b.AbstractBuilder  com.github.javaparser.resolution.UnsolvedSymbolException: Unsolved symbol in de.uka.ilkd.key.java.JavaParserFactory$DynamicTypeSolver@60686d5f : java.lang.Object
	at com.github.javaparser.resolution.TypeSolver.solveType(TypeSolver.java:71)

165245     ERROR Test worker     d.u.i.k.n.b.TacletPBuilder Error in parsing taclet. de.uka.ilkd.key.util.parsing.BuildingException: Unsolved symbol in de.uka.ilkd.key.java.JavaParserFactory$DynamicTypeSolver@60686d5f : java.lang.Object at file:/D:/a/key/key/key.core/build/resources/main/de/uka/ilkd/key/proof/rules/activeUse.key:639:15
	at de.uka.ilkd.key.nparser.builder.AbstractBuilder.accept(AbstractBuilder.java:54)
Caused by: com.github.javaparser.resolution.UnsolvedSymbolException: Unsolved symbol in de.uka.ilkd.key.java.JavaParserFactory$DynamicTypeSolver@60686d5f : java.lang.Object
	at com.github.javaparser.resolution.TypeSolver.solveType(TypeSolver.java:71)

165245     ERROR Test worker     d.u.i.k.n.b.AbstractBuilder  com.github.javaparser.resolution.UnsolvedSymbolException: Unsolved symbol in de.uka.ilkd.key.java.JavaParserFactory$DynamicTypeSolver@60686d5f : java.lang.Object
	at com.github.javaparser.resolution.TypeSolver.solveType(TypeSolver.java:71)

165245     ERROR Test worker     d.u.i.k.n.b.TacletPBuilder Error in parsing taclet. de.uka.ilkd.key.util.parsing.BuildingException: Unsolved symbol in de.uka.ilkd.key.java.JavaParserFactory$DynamicTypeSolver@60686d5f : java.lang.Object at file:/D:/a/key/key/key.core/build/resources/main/de/uka/ilkd/key/proof/rules/activeUse.key:652:15
	at de.uka.ilkd.key.nparser.builder.AbstractBuilder.accept(AbstractBuilder.java:54)
Caused by: com.github.javaparser.resolution.UnsolvedSymbolException: Unsolved symbol in de.uka.ilkd.key.java.JavaParserFactory$DynamicTypeSolver@60686d5f : java.lang.Object
	at com.github.javaparser.resolution.TypeSolver.solveType(TypeSolver.java:71)

165245     ERROR Test worker     d.u.i.k.n.b.AbstractBuilder  com.github.javaparser.resolution.UnsolvedSymbolException: Unsolved symbol in de.uka.ilkd.key.java.JavaParserFactory$DynamicTypeSolver@60686d5f : java.lang.Object
	at com.github.javaparser.resolution.TypeSolver.solveType(TypeSolver.java:71)

165245     ERROR Test worker     d.u.i.k.n.b.TacletPBuilder Error in parsing taclet. de.uka.ilkd.key.util.parsing.BuildingException: Unsolved symbol in de.uka.ilkd.key.java.JavaParserFactory$DynamicTypeSolver@60686d5f : java.lang.Object at file:/D:/a/key/key/key.core/build/resources/main/de/uka/ilkd/key/proof/rules/activeUse.key:665:15
	at de.uka.ilkd.key.nparser.builder.AbstractBuilder.accept(AbstractBuilder.java:54)
Caused by: com.github.javaparser.resolution.UnsolvedSymbolException: Unsolved symbol in de.uka.ilkd.key.java.JavaParserFactory$DynamicTypeSolver@60686d5f : java.lang.Object
	at com.github.javaparser.resolution.TypeSolver.solveType(TypeSolver.java:71)

165261     ERROR Test worker     d.u.i.k.n.b.AbstractBuilder  com.github.javaparser.resolution.UnsolvedSymbolException: Unsolved symbol in de.uka.ilkd.key.java.JavaParserFactory$DynamicTypeSolver@60686d5f : java.lang.Object
	at com.github.javaparser.resolution.TypeSolver.solveType(TypeSolver.java:71)

165261     ERROR Test worker     d.u.i.k.n.b.TacletPBuilder Error in parsing taclet. de.uka.ilkd.key.util.parsing.BuildingException: Unsolved symbol in de.uka.ilkd.key.java.JavaParserFactory$DynamicTypeSolver@60686d5f : java.lang.Object at file:/D:/a/key/key/key.core/build/resources/main/de/uka/ilkd/key/proof/rules/activeUse.key:678:15
	at de.uka.ilkd.key.nparser.builder.AbstractBuilder.accept(AbstractBuilder.java:54)
Caused by: com.github.javaparser.resolution.UnsolvedSymbolException: Unsolved symbol in de.uka.ilkd.key.java.JavaParserFactory$DynamicTypeSolver@60686d5f : java.lang.Object
	at com.github.javaparser.resolution.TypeSolver.solveType(TypeSolver.java:71)

165277     ERROR Test worker     d.u.i.k.n.b.AbstractBuilder  com.github.javaparser.resolution.UnsolvedSymbolException: Unsolved symbol in de.uka.ilkd.key.java.JavaParserFactory$DynamicTypeSolver@60686d5f : java.lang.Object
	at com.github.javaparser.resolution.TypeSolver.solveType(TypeSolver.java:71)

165277     ERROR Test worker     d.u.i.k.n.b.TacletPBuilder Error in parsing taclet. de.uka.ilkd.key.util.parsing.BuildingException: Unsolved symbol in de.uka.ilkd.key.java.JavaParserFactory$DynamicTypeSolver@60686d5f : java.lang.Object at file:/D:/a/key/key/key.core/build/resources/main/de/uka/ilkd/key/proof/rules/instanceAllocation.key:59:15
	at de.uka.ilkd.key.nparser.builder.AbstractBuilder.accept(AbstractBuilder.java:54)
Caused by: com.github.javaparser.resolution.UnsolvedSymbolException: Unsolved symbol in de.uka.ilkd.key.java.JavaParserFactory$DynamicTypeSolver@60686d5f : java.lang.Object
	at com.github.javaparser.resolution.TypeSolver.solveType(TypeSolver.java:71)

165277     ERROR Test worker     d.u.i.k.n.b.AbstractBuilder  com.github.javaparser.resolution.UnsolvedSymbolException: Unsolved symbol in de.uka.ilkd.key.java.JavaParserFactory$DynamicTypeSolver@60686d5f : java.lang.Object
	at com.github.javaparser.resolution.TypeSolver.solveType(TypeSolver.java:71)

165277     ERROR Test worker     d.u.i.k.n.b.TacletPBuilder Error in parsing taclet. de.uka.ilkd.key.util.parsing.BuildingException: Unsolved symbol in de.uka.ilkd.key.java.JavaParserFactory$DynamicTypeSolver@60686d5f : java.lang.Object at file:/D:/a/key/key/key.core/build/resources/main/de/uka/ilkd/key/proof/rules/instanceAllocation.key:65:15
	at de.uka.ilkd.key.nparser.builder.AbstractBuilder.accept(AbstractBuilder.java:54)
Caused by: com.github.javaparser.resolution.UnsolvedSymbolException: Unsolved symbol in de.uka.ilkd.key.java.JavaParserFactory$DynamicTypeSolver@60686d5f : java.lang.Object
	at com.github.javaparser.resolution.TypeSolver.solveType(TypeSolver.java:71)

165277     ERROR Test worker     d.u.i.k.n.b.AbstractBuilder  com.github.javaparser.resolution.UnsolvedSymbolException: Unsolved symbol in de.uka.ilkd.key.java.JavaParserFactory$DynamicTypeSolver@60686d5f : java.lang.Object
	at com.github.javaparser.resolution.TypeSolver.solveType(TypeSolver.java:71)

165277     ERROR Test worker     d.u.i.k.n.b.TacletPBuilder Error in parsing taclet. de.uka.ilkd.key.util.parsing.BuildingException: Unsolved symbol in de.uka.ilkd.key.java.JavaParserFactory$DynamicTypeSolver@60686d5f : java.lang.Object at file:/D:/a/key/key/key.core/build/resources/main/de/uka/ilkd/key/proof/rules/instanceAllocation.key:71:15
	at de.uka.ilkd.key.nparser.builder.AbstractBuilder.accept(AbstractBuilder.java:54)
Caused by: com.github.javaparser.resolution.UnsolvedSymbolException: Unsolved symbol in de.uka.ilkd.key.java.JavaParserFactory$DynamicTypeSolver@60686d5f : java.lang.Object
	at com.github.javaparser.resolution.TypeSolver.solveType(TypeSolver.java:71)

165277     ERROR Test worker     d.u.i.k.n.b.AbstractBuilder  com.github.javaparser.resolution.UnsolvedSymbolException: Unsolved symbol in de.uka.ilkd.key.java.JavaParserFactory$DynamicTypeSolver@60686d5f : java.lang.Object
	at com.github.javaparser.resolution.TypeSolver.solveType(TypeSolver.java:71)

165277     ERROR Test worker     d.u.i.k.n.b.TacletPBuilder Error in parsing taclet. de.uka.ilkd.key.util.parsing.BuildingException: Unsolved symbol in de.uka.ilkd.key.java.JavaParserFactory$DynamicTypeSolver@60686d5f : java.lang.Object at file:/D:/a/key/key/key.core/build/resources/main/de/uka/ilkd/key/proof/rules/instanceAllocation.key:81:15
	at de.uka.ilkd.key.nparser.builder.AbstractBuilder.accept(AbstractBuilder.java:54)
Caused by: com.github.javaparser.resolution.UnsolvedSymbolException: Unsolved symbol in de.uka.ilkd.key.java.JavaParserFactory$DynamicTypeSolver@60686d5f : java.lang.Object
	at com.github.javaparser.resolution.TypeSolver.solveType(TypeSolver.java:71)

165277     ERROR Test worker     d.u.i.k.n.b.AbstractBuilder  com.github.javaparser.resolution.UnsolvedSymbolException: Unsolved symbol in de.uka.ilkd.key.java.JavaParserFactory$DynamicTypeSolver@60686d5f : java.lang.Object
	at com.github.javaparser.resolution.TypeSolver.solveType(TypeSolver.java:71)

165277     ERROR Test worker     d.u.i.k.n.b.TacletPBuilder Error in parsing taclet. de.uka.ilkd.key.util.parsing.BuildingException: Unsolved symbol in de.uka.ilkd.key.java.JavaParserFactory$DynamicTypeSolver@60686d5f : java.lang.Object at file:/D:/a/key/key/key.core/build/resources/main/de/uka/ilkd/key/proof/rules/instanceAllocation.key:95:20
	at de.uka.ilkd.key.nparser.builder.AbstractBuilder.accept(AbstractBuilder.java:54)
Caused by: com.github.javaparser.resolution.UnsolvedSymbolException: Unsolved symbol in de.uka.ilkd.key.java.JavaParserFactory$DynamicTypeSolver@60686d5f : java.lang.Object
	at com.github.javaparser.resolution.TypeSolver.solveType(TypeSolver.java:71)

165277     ERROR Test worker     d.u.i.k.n.b.AbstractBuilder  com.github.javaparser.resolution.UnsolvedSymbolException: Unsolved symbol in de.uka.ilkd.key.java.JavaParserFactory$DynamicTypeSolver@60686d5f : java.lang.Object
	at com.github.javaparser.resolution.TypeSolver.solveType(TypeSolver.java:71)

165277     ERROR Test worker     d.u.i.k.n.b.TacletPBuilder Error in parsing taclet. de.uka.ilkd.key.util.parsing.BuildingException: Unsolved symbol in de.uka.ilkd.key.java.JavaParserFactory$DynamicTypeSolver@60686d5f : java.lang.Object at file:/D:/a/key/key/key.core/build/resources/main/de/uka/ilkd/key/proof/rules/instanceAllocation.key:112:20
	at de.uka.ilkd.key.nparser.builder.AbstractBuilder.accept(AbstractBuilder.java:54)
Caused by: com.github.javaparser.resolution.UnsolvedSymbolException: Unsolved symbol in de.uka.ilkd.key.java.JavaParserFactory$DynamicTypeSolver@60686d5f : java.lang.Object
	at com.github.javaparser.resolution.TypeSolver.solveType(TypeSolver.java:71)

165277     ERROR Test worker     d.u.i.k.n.b.AbstractBuilder  com.github.javaparser.resolution.UnsolvedSymbolException: Unsolved symbol in de.uka.ilkd.key.java.JavaParserFactory$DynamicTypeSolver@60686d5f : java.lang.Object
	at com.github.javaparser.resolution.TypeSolver.solveType(TypeSolver.java:71)

165277     ERROR Test worker     d.u.i.k.n.b.TacletPBuilder Error in parsing taclet. de.uka.ilkd.key.util.parsing.BuildingException: Unsolved symbol in de.uka.ilkd.key.java.JavaParserFactory$DynamicTypeSolver@60686d5f : java.lang.Object at file:/D:/a/key/key/key.core/build/resources/main/de/uka/ilkd/key/proof/rules/instanceAllocation.key:135:20
	at de.uka.ilkd.key.nparser.builder.AbstractBuilder.accept(AbstractBuilder.java:54)
Caused by: com.github.javaparser.resolution.UnsolvedSymbolException: Unsolved symbol in de.uka.ilkd.key.java.JavaParserFactory$DynamicTypeSolver@60686d5f : java.lang.Object
	at com.github.javaparser.resolution.TypeSolver.solveType(TypeSolver.java:71)

165277     ERROR Test worker     d.u.i.k.n.b.AbstractBuilder  com.github.javaparser.resolution.UnsolvedSymbolException: Unsolved symbol in de.uka.ilkd.key.java.JavaParserFactory$DynamicTypeSolver@60686d5f : java.lang.Object
	at com.github.javaparser.resolution.TypeSolver.solveType(TypeSolver.java:71)

165277     ERROR Test worker     d.u.i.k.n.b.TacletPBuilder Error in parsing taclet. de.uka.ilkd.key.util.parsing.BuildingException: Unsolved symbol in de.uka.ilkd.key.java.JavaParserFactory$DynamicTypeSolver@60686d5f : java.lang.Object at file:/D:/a/key/key/key.core/build/resources/main/de/uka/ilkd/key/proof/rules/instanceAllocation.key:147:20
	at de.uka.ilkd.key.nparser.builder.AbstractBuilder.accept(AbstractBuilder.java:54)
Caused by: com.github.javaparser.resolution.UnsolvedSymbolException: Unsolved symbol in de.uka.ilkd.key.java.JavaParserFactory$DynamicTypeSolver@60686d5f : java.lang.Object
	at com.github.javaparser.resolution.TypeSolver.solveType(TypeSolver.java:71)

165292     ERROR Test worker     d.u.i.k.n.b.AbstractBuilder  com.github.javaparser.resolution.UnsolvedSymbolException: Unsolved symbol in de.uka.ilkd.key.java.JavaParserFactory$DynamicTypeSolver@60686d5f : java.lang.Object
	at com.github.javaparser.resolution.TypeSolver.solveType(TypeSolver.java:71)

165292     ERROR Test worker     d.u.i.k.n.b.TacletPBuilder Error in parsing taclet. de.uka.ilkd.key.util.parsing.BuildingException: Unsolved symbol in de.uka.ilkd.key.java.JavaParserFactory$DynamicTypeSolver@60686d5f : java.lang.Object at file:/D:/a/key/key/key.core/build/resources/main/de/uka/ilkd/key/proof/rules/instanceAllocation.key:168:15
	at de.uka.ilkd.key.nparser.builder.AbstractBuilder.accept(AbstractBuilder.java:54)
Caused by: com.github.javaparser.resolution.UnsolvedSymbolException: Unsolved symbol in de.uka.ilkd.key.java.JavaParserFactory$DynamicTypeSolver@60686d5f : java.lang.Object
	at com.github.javaparser.resolution.TypeSolver.solveType(TypeSolver.java:71)

165292     ERROR Test worker     d.u.i.k.n.b.AbstractBuilder  com.github.javaparser.resolution.UnsolvedSymbolException: Unsolved symbol in de.uka.ilkd.key.java.JavaParserFactory$DynamicTypeSolver@60686d5f : java.lang.Object
	at com.github.javaparser.resolution.TypeSolver.solveType(TypeSolver.java:71)

165292     ERROR Test worker     d.u.i.k.n.b.TacletPBuilder Error in parsing taclet. de.uka.ilkd.key.util.parsing.BuildingException: Unsolved symbol in de.uka.ilkd.key.java.JavaParserFactory$DynamicTypeSolver@60686d5f : java.lang.Object at file:/D:/a/key/key/key.core/build/resources/main/de/uka/ilkd/key/proof/rules/instanceAllocation.key:180:15
	at de.uka.ilkd.key.nparser.builder.AbstractBuilder.accept(AbstractBuilder.java:54)
Caused by: com.github.javaparser.resolution.UnsolvedSymbolException: Unsolved symbol in de.uka.ilkd.key.java.JavaParserFactory$DynamicTypeSolver@60686d5f : java.lang.Object
	at com.github.javaparser.resolution.TypeSolver.solveType(TypeSolver.java:71)

165292     ERROR Test worker     d.u.i.k.n.b.AbstractBuilder  com.github.javaparser.resolution.UnsolvedSymbolException: Unsolved symbol in de.uka.ilkd.key.java.JavaParserFactory$DynamicTypeSolver@60686d5f : java.lang.Object
	at com.github.javaparser.resolution.TypeSolver.solveType(TypeSolver.java:71)

165292     ERROR Test worker     d.u.i.k.n.b.TacletPBuilder Error in parsing taclet. de.uka.ilkd.key.util.parsing.BuildingException: Unsolved symbol in de.uka.ilkd.key.java.JavaParserFactory$DynamicTypeSolver@60686d5f : java.lang.Object at file:/D:/a/key/key/key.core/build/resources/main/de/uka/ilkd/key/proof/rules/instanceAllocation.key:190:15
	at de.uka.ilkd.key.nparser.builder.AbstractBuilder.accept(AbstractBuilder.java:54)
Caused by: com.github.javaparser.resolution.UnsolvedSymbolException: Unsolved symbol in de.uka.ilkd.key.java.JavaParserFactory$DynamicTypeSolver@60686d5f : java.lang.Object
	at com.github.javaparser.resolution.TypeSolver.solveType(TypeSolver.java:71)

165292     ERROR Test worker     d.u.i.k.n.b.AbstractBuilder  com.github.javaparser.resolution.UnsolvedSymbolException: Unsolved symbol in de.uka.ilkd.key.java.JavaParserFactory$DynamicTypeSolver@60686d5f : java.lang.Object
	at com.github.javaparser.resolution.TypeSolver.solveType(TypeSolver.java:71)

165292     ERROR Test worker     d.u.i.k.n.b.TacletPBuilder Error in parsing taclet. de.uka.ilkd.key.util.parsing.BuildingException: Unsolved symbol in de.uka.ilkd.key.java.JavaParserFactory$DynamicTypeSolver@60686d5f : java.lang.Object at file:/D:/a/key/key/key.core/build/resources/main/de/uka/ilkd/key/proof/rules/java5.key:49:15
	at de.uka.ilkd.key.nparser.builder.AbstractBuilder.accept(AbstractBuilder.java:54)
Caused by: com.github.javaparser.resolution.UnsolvedSymbolException: Unsolved symbol in de.uka.ilkd.key.java.JavaParserFactory$DynamicTypeSolver@60686d5f : java.lang.Object
	at com.github.javaparser.resolution.TypeSolver.solveType(TypeSolver.java:71)

165308     ERROR Test worker     d.u.i.k.n.b.AbstractBuilder  com.github.javaparser.resolution.UnsolvedSymbolException: Unsolved symbol in de.uka.ilkd.key.java.JavaParserFactory$DynamicTypeSolver@60686d5f : java.lang.Object
	at com.github.javaparser.resolution.TypeSolver.solveType(TypeSolver.java:71)

165308     ERROR Test worker     d.u.i.k.n.b.TacletPBuilder Error in parsing taclet. de.uka.ilkd.key.util.parsing.BuildingException: Unsolved symbol in de.uka.ilkd.key.java.JavaParserFactory$DynamicTypeSolver@60686d5f : java.lang.Object at file:/D:/a/key/key/key.core/build/resources/main/de/uka/ilkd/key/proof/rules/integerAssignment2UpdateRules.key:38:15
	at de.uka.ilkd.key.nparser.builder.AbstractBuilder.accept(AbstractBuilder.java:54)
Caused by: com.github.javaparser.resolution.UnsolvedSymbolException: Unsolved symbol in de.uka.ilkd.key.java.JavaParserFactory$DynamicTypeSolver@60686d5f : java.lang.Object
	at com.github.javaparser.resolution.TypeSolver.solveType(TypeSolver.java:71)

165308     ERROR Test worker     d.u.i.k.n.b.AbstractBuilder  com.github.javaparser.resolution.UnsolvedSymbolException: Unsolved symbol in de.uka.ilkd.key.java.JavaParserFactory$DynamicTypeSolver@60686d5f : java.lang.Object
	at com.github.javaparser.resolution.TypeSolver.solveType(TypeSolver.java:71)

165308     ERROR Test worker     d.u.i.k.n.b.TacletPBuilder Error in parsing taclet. de.uka.ilkd.key.util.parsing.BuildingException: Unsolved symbol in de.uka.ilkd.key.java.JavaParserFactory$DynamicTypeSolver@60686d5f : java.lang.Object at file:/D:/a/key/key/key.core/build/resources/main/de/uka/ilkd/key/proof/rules/integerAssignment2UpdateRules.key:52:15
	at de.uka.ilkd.key.nparser.builder.AbstractBuilder.accept(AbstractBuilder.java:54)
Caused by: com.github.javaparser.resolution.UnsolvedSymbolException: Unsolved symbol in de.uka.ilkd.key.java.JavaParserFactory$DynamicTypeSolver@60686d5f : java.lang.Object
	at com.github.javaparser.resolution.TypeSolver.solveType(TypeSolver.java:71)

165308     ERROR Test worker     d.u.i.k.n.b.AbstractBuilder  com.github.javaparser.resolution.UnsolvedSymbolException: Unsolved symbol in de.uka.ilkd.key.java.JavaParserFactory$DynamicTypeSolver@60686d5f : java.lang.Object
	at com.github.javaparser.resolution.TypeSolver.solveType(TypeSolver.java:71)

165308     ERROR Test worker     d.u.i.k.n.b.TacletPBuilder Error in parsing taclet. de.uka.ilkd.key.util.parsing.BuildingException: Unsolved symbol in de.uka.ilkd.key.java.JavaParserFactory$DynamicTypeSolver@60686d5f : java.lang.Object at file:/D:/a/key/key/key.core/build/resources/main/de/uka/ilkd/key/proof/rules/integerAssignment2UpdateRules.key:66:15
	at de.uka.ilkd.key.nparser.builder.AbstractBuilder.accept(AbstractBuilder.java:54)
Caused by: com.github.javaparser.resolution.UnsolvedSymbolException: Unsolved symbol in de.uka.ilkd.key.java.JavaParserFactory$DynamicTypeSolver@60686d5f : java.lang.Object
	at com.github.javaparser.resolution.TypeSolver.solveType(TypeSolver.java:71)

165308     ERROR Test worker     d.u.i.k.n.b.AbstractBuilder  com.github.javaparser.resolution.UnsolvedSymbolException: Unsolved symbol in de.uka.ilkd.key.java.JavaParserFactory$DynamicTypeSolver@60686d5f : java.lang.Object
	at com.github.javaparser.resolution.TypeSolver.solveType(TypeSolver.java:71)

165308     ERROR Test worker     d.u.i.k.n.b.TacletPBuilder Error in parsing taclet. de.uka.ilkd.key.util.parsing.BuildingException: Unsolved symbol in de.uka.ilkd.key.java.JavaParserFactory$DynamicTypeSolver@60686d5f : java.lang.Object at file:/D:/a/key/key/key.core/build/resources/main/de/uka/ilkd/key/proof/rules/integerAssignment2UpdateRules.key:80:15
	at de.uka.ilkd.key.nparser.builder.AbstractBuilder.accept(AbstractBuilder.java:54)
Caused by: com.github.javaparser.resolution.UnsolvedSymbolException: Unsolved symbol in de.uka.ilkd.key.java.JavaParserFactory$DynamicTypeSolver@60686d5f : java.lang.Object
	at com.github.javaparser.resolution.TypeSolver.solveType(TypeSolver.java:71)

165308     ERROR Test worker     d.u.i.k.n.b.AbstractBuilder  com.github.javaparser.resolution.UnsolvedSymbolException: Unsolved symbol in de.uka.ilkd.key.java.JavaParserFactory$DynamicTypeSolver@60686d5f : java.lang.Object
	at com.github.javaparser.resolution.TypeSolver.solveType(TypeSolver.java:71)

165308     ERROR Test worker     d.u.i.k.n.b.TacletPBuilder Error in parsing taclet. de.uka.ilkd.key.util.parsing.BuildingException: Unsolved symbol in de.uka.ilkd.key.java.JavaParserFactory$DynamicTypeSolver@60686d5f : java.lang.Object at file:/D:/a/key/key/key.core/build/resources/main/de/uka/ilkd/key/proof/rules/integerAssignment2UpdateRules.key:100:20
	at de.uka.ilkd.key.nparser.builder.AbstractBuilder.accept(AbstractBuilder.java:54)
Caused by: com.github.javaparser.resolution.UnsolvedSymbolException: Unsolved symbol in de.uka.ilkd.key.java.JavaParserFactory$DynamicTypeSolver@60686d5f : java.lang.Object
	at com.github.javaparser.resolution.TypeSolver.solveType(TypeSolver.java:71)

165324     ERROR Test worker     d.u.i.k.n.b.AbstractBuilder  com.github.javaparser.resolution.UnsolvedSymbolException: Unsolved symbol in de.uka.ilkd.key.java.JavaParserFactory$DynamicTypeSolver@60686d5f : java.lang.Object
	at com.github.javaparser.resolution.TypeSolver.solveType(TypeSolver.java:71)

165324     ERROR Test worker     d.u.i.k.n.b.TacletPBuilder Error in parsing taclet. de.uka.ilkd.key.util.parsing.BuildingException: Unsolved symbol in de.uka.ilkd.key.java.JavaParserFactory$DynamicTypeSolver@60686d5f : java.lang.Object at file:/D:/a/key/key/key.core/build/resources/main/de/uka/ilkd/key/proof/rules/integerAssignment2UpdateRules.key:112:20
	at de.uka.ilkd.key.nparser.builder.AbstractBuilder.accept(AbstractBuilder.java:54)
Caused by: com.github.javaparser.resolution.UnsolvedSymbolException: Unsolved symbol in de.uka.ilkd.key.java.JavaParserFactory$DynamicTypeSolver@60686d5f : java.lang.Object
	at com.github.javaparser.resolution.TypeSolver.solveType(TypeSolver.java:71)

165324     ERROR Test worker     d.u.i.k.n.b.AbstractBuilder  com.github.javaparser.resolution.UnsolvedSymbolException: Unsolved symbol in de.uka.ilkd.key.java.JavaParserFactory$DynamicTypeSolver@60686d5f : java.lang.Object
	at com.github.javaparser.resolution.TypeSolver.solveType(TypeSolver.java:71)

165324     ERROR Test worker     d.u.i.k.n.b.TacletPBuilder Error in parsing taclet. de.uka.ilkd.key.util.parsing.BuildingException: Unsolved symbol in de.uka.ilkd.key.java.JavaParserFactory$DynamicTypeSolver@60686d5f : java.lang.Object at file:/D:/a/key/key/key.core/build/resources/main/de/uka/ilkd/key/proof/rules/integerAssignment2UpdateRules.key:124:20
	at de.uka.ilkd.key.nparser.builder.AbstractBuilder.accept(AbstractBuilder.java:54)
Caused by: com.github.javaparser.resolution.UnsolvedSymbolException: Unsolved symbol in de.uka.ilkd.key.java.JavaParserFactory$DynamicTypeSolver@60686d5f : java.lang.Object
	at com.github.javaparser.resolution.TypeSolver.solveType(TypeSolver.java:71)

165324     ERROR Test worker     d.u.i.k.n.b.AbstractBuilder  com.github.javaparser.resolution.UnsolvedSymbolException: Unsolved symbol in de.uka.ilkd.key.java.JavaParserFactory$DynamicTypeSolver@60686d5f : java.lang.Object
	at com.github.javaparser.resolution.TypeSolver.solveType(TypeSolver.java:71)

165324     ERROR Test worker     d.u.i.k.n.b.TacletPBuilder Error in parsing taclet. de.uka.ilkd.key.util.parsing.BuildingException: Unsolved symbol in de.uka.ilkd.key.java.JavaParserFactory$DynamicTypeSolver@60686d5f : java.lang.Object at file:/D:/a/key/key/key.core/build/resources/main/de/uka/ilkd/key/proof/rules/integerAssignment2UpdateRules.key:140:20
	at de.uka.ilkd.key.nparser.builder.AbstractBuilder.accept(AbstractBuilder.java:54)
Caused by: com.github.javaparser.resolution.UnsolvedSymbolException: Unsolved symbol in de.uka.ilkd.key.java.JavaParserFactory$DynamicTypeSolver@60686d5f : java.lang.Object
	at com.github.javaparser.resolution.TypeSolver.solveType(TypeSolver.java:71)

165324     ERROR Test worker     d.u.i.k.n.b.AbstractBuilder  com.github.javaparser.resolution.UnsolvedSymbolException: Unsolved symbol in de.uka.ilkd.key.java.JavaParserFactory$DynamicTypeSolver@60686d5f : java.lang.Object
	at com.github.javaparser.resolution.TypeSolver.solveType(TypeSolver.java:71)

165324     ERROR Test worker     d.u.i.k.n.b.TacletPBuilder Error in parsing taclet. de.uka.ilkd.key.util.parsing.BuildingException: Unsolved symbol in de.uka.ilkd.key.java.JavaParserFactory$DynamicTypeSolver@60686d5f : java.lang.Object at file:/D:/a/key/key/key.core/build/resources/main/de/uka/ilkd/key/proof/rules/integerAssignment2UpdateRules.key:157:15
	at de.uka.ilkd.key.nparser.builder.AbstractBuilder.accept(AbstractBuilder.java:54)
Caused by: com.github.javaparser.resolution.UnsolvedSymbolException: Unsolved symbol in de.uka.ilkd.key.java.JavaParserFactory$DynamicTypeSolver@60686d5f : java.lang.Object
	at com.github.javaparser.resolution.TypeSolver.solveType(TypeSolver.java:71)

165324     ERROR Test worker     d.u.i.k.n.b.AbstractBuilder  com.github.javaparser.resolution.UnsolvedSymbolException: Unsolved symbol in de.uka.ilkd.key.java.JavaParserFactory$DynamicTypeSolver@60686d5f : java.lang.Object
	at com.github.javaparser.resolution.TypeSolver.solveType(TypeSolver.java:71)

165324     ERROR Test worker     d.u.i.k.n.b.TacletPBuilder Error in parsing taclet. de.uka.ilkd.key.util.parsing.BuildingException: Unsolved symbol in de.uka.ilkd.key.java.JavaParserFactory$DynamicTypeSolver@60686d5f : java.lang.Object at file:/D:/a/key/key/key.core/build/resources/main/de/uka/ilkd/key/proof/rules/integerAssignment2UpdateRules.key:168:15
	at de.uka.ilkd.key.nparser.builder.AbstractBuilder.accept(AbstractBuilder.java:54)
Caused by: com.github.javaparser.resolution.UnsolvedSymbolException: Unsolved symbol in de.uka.ilkd.key.java.JavaParserFactory$DynamicTypeSolver@60686d5f : java.lang.Object
	at com.github.javaparser.resolution.TypeSolver.solveType(TypeSolver.java:71)

165324     ERROR Test worker     d.u.i.k.n.b.AbstractBuilder  com.github.javaparser.resolution.UnsolvedSymbolException: Unsolved symbol in de.uka.ilkd.key.java.JavaParserFactory$DynamicTypeSolver@60686d5f : java.lang.Object
	at com.github.javaparser.resolution.TypeSolver.solveType(TypeSolver.java:71)

165324     ERROR Test worker     d.u.i.k.n.b.TacletPBuilder Error in parsing taclet. de.uka.ilkd.key.util.parsing.BuildingException: Unsolved symbol in de.uka.ilkd.key.java.JavaParserFactory$DynamicTypeSolver@60686d5f : java.lang.Object at file:/D:/a/key/key/key.core/build/resources/main/de/uka/ilkd/key/proof/rules/integerAssignment2UpdateRules.key:179:15
	at de.uka.ilkd.key.nparser.builder.AbstractBuilder.accept(AbstractBuilder.java:54)
Caused by: com.github.javaparser.resolution.UnsolvedSymbolException: Unsolved symbol in de.uka.ilkd.key.java.JavaParserFactory$DynamicTypeSolver@60686d5f : java.lang.Object
	at com.github.javaparser.resolution.TypeSolver.solveType(TypeSolver.java:71)

165324     ERROR Test worker     d.u.i.k.n.b.AbstractBuilder  com.github.javaparser.resolution.UnsolvedSymbolException: Unsolved symbol in de.uka.ilkd.key.java.JavaParserFactory$DynamicTypeSolver@60686d5f : java.lang.Object
	at com.github.javaparser.resolution.TypeSolver.solveType(TypeSolver.java:71)

165324     ERROR Test worker     d.u.i.k.n.b.TacletPBuilder Error in parsing taclet. de.uka.ilkd.key.util.parsing.BuildingException: Unsolved symbol in de.uka.ilkd.key.java.JavaParserFactory$DynamicTypeSolver@60686d5f : java.lang.Object at file:/D:/a/key/key/key.core/build/resources/main/de/uka/ilkd/key/proof/rules/integerAssignment2UpdateRules.key:194:15
	at de.uka.ilkd.key.nparser.builder.AbstractBuilder.accept(AbstractBuilder.java:54)
Caused by: com.github.javaparser.resolution.UnsolvedSymbolException: Unsolved symbol in de.uka.ilkd.key.java.JavaParserFactory$DynamicTypeSolver@60686d5f : java.lang.Object
	at com.github.javaparser.resolution.TypeSolver.solveType(TypeSolver.java:71)

165324     ERROR Test worker     d.u.i.k.n.b.AbstractBuilder  com.github.javaparser.resolution.UnsolvedSymbolException: Unsolved symbol in de.uka.ilkd.key.java.JavaParserFactory$DynamicTypeSolver@60686d5f : java.lang.Object
	at com.github.javaparser.resolution.TypeSolver.solveType(TypeSolver.java:71)

165324     ERROR Test worker     d.u.i.k.n.b.TacletPBuilder Error in parsing taclet. de.uka.ilkd.key.util.parsing.BuildingException: Unsolved symbol in de.uka.ilkd.key.java.JavaParserFactory$DynamicTypeSolver@60686d5f : java.lang.Object at file:/D:/a/key/key/key.core/build/resources/main/de/uka/ilkd/key/proof/rules/integerAssignment2UpdateRules.key:210:15
	at de.uka.ilkd.key.nparser.builder.AbstractBuilder.accept(AbstractBuilder.java:54)
Caused by: com.github.javaparser.resolution.UnsolvedSymbolException: Unsolved symbol in de.uka.ilkd.key.java.JavaParserFactory$DynamicTypeSolver@60686d5f : java.lang.Object
	at com.github.javaparser.resolution.TypeSolver.solveType(TypeSolver.java:71)

165339     ERROR Test worker     d.u.i.k.n.b.AbstractBuilder  com.github.javaparser.resolution.UnsolvedSymbolException: Unsolved symbol in de.uka.ilkd.key.java.JavaParserFactory$DynamicTypeSolver@60686d5f : java.lang.Object
	at com.github.javaparser.resolution.TypeSolver.solveType(TypeSolver.java:71)

165339     ERROR Test worker     d.u.i.k.n.b.TacletPBuilder Error in parsing taclet. de.uka.ilkd.key.util.parsing.BuildingException: Unsolved symbol in de.uka.ilkd.key.java.JavaParserFactory$DynamicTypeSolver@60686d5f : java.lang.Object at file:/D:/a/key/key/key.core/build/resources/main/de/uka/ilkd/key/proof/rules/integerAssignment2UpdateRules.key:224:15
	at de.uka.ilkd.key.nparser.builder.AbstractBuilder.accept(AbstractBuilder.java:54)
Caused by: com.github.javaparser.resolution.UnsolvedSymbolException: Unsolved symbol in de.uka.ilkd.key.java.JavaParserFactory$DynamicTypeSolver@60686d5f : java.lang.Object
	at com.github.javaparser.resolution.TypeSolver.solveType(TypeSolver.java:71)

165339     ERROR Test worker     d.u.i.k.n.b.AbstractBuilder  com.github.javaparser.resolution.UnsolvedSymbolException: Unsolved symbol in de.uka.ilkd.key.java.JavaParserFactory$DynamicTypeSolver@60686d5f : java.lang.Object
	at com.github.javaparser.resolution.TypeSolver.solveType(TypeSolver.java:71)

165339     ERROR Test worker     d.u.i.k.n.b.TacletPBuilder Error in parsing taclet. de.uka.ilkd.key.util.parsing.BuildingException: Unsolved symbol in de.uka.ilkd.key.java.JavaParserFactory$DynamicTypeSolver@60686d5f : java.lang.Object at file:/D:/a/key/key/key.core/build/resources/main/de/uka/ilkd/key/proof/rules/integerAssignment2UpdateRules.key:238:15
	at de.uka.ilkd.key.nparser.builder.AbstractBuilder.accept(AbstractBuilder.java:54)
Caused by: com.github.javaparser.resolution.UnsolvedSymbolException: Unsolved symbol in de.uka.ilkd.key.java.JavaParserFactory$DynamicTypeSolver@60686d5f : java.lang.Object
	at com.github.javaparser.resolution.TypeSolver.solveType(TypeSolver.java:71)

165339     ERROR Test worker     d.u.i.k.n.b.AbstractBuilder  com.github.javaparser.resolution.UnsolvedSymbolException: Unsolved symbol in de.uka.ilkd.key.java.JavaParserFactory$DynamicTypeSolver@60686d5f : java.lang.Object
	at com.github.javaparser.resolution.TypeSolver.solveType(TypeSolver.java:71)

165339     ERROR Test worker     d.u.i.k.n.b.TacletPBuilder Error in parsing taclet. de.uka.ilkd.key.util.parsing.BuildingException: Unsolved symbol in de.uka.ilkd.key.java.JavaParserFactory$DynamicTypeSolver@60686d5f : java.lang.Object at file:/D:/a/key/key/key.core/build/resources/main/de/uka/ilkd/key/proof/rules/integerAssignment2UpdateRules.key:256:15
	at de.uka.ilkd.key.nparser.builder.AbstractBuilder.accept(AbstractBuilder.java:54)
Caused by: com.github.javaparser.resolution.UnsolvedSymbolException: Unsolved symbol in de.uka.ilkd.key.java.JavaParserFactory$DynamicTypeSolver@60686d5f : java.lang.Object
	at com.github.javaparser.resolution.TypeSolver.solveType(TypeSolver.java:71)

165339     ERROR Test worker     d.u.i.k.n.b.AbstractBuilder  com.github.javaparser.resolution.UnsolvedSymbolException: Unsolved symbol in de.uka.ilkd.key.java.JavaParserFactory$DynamicTypeSolver@60686d5f : java.lang.Object
	at com.github.javaparser.resolution.TypeSolver.solveType(TypeSolver.java:71)

165339     ERROR Test worker     d.u.i.k.n.b.TacletPBuilder Error in parsing taclet. de.uka.ilkd.key.util.parsing.BuildingException: Unsolved symbol in de.uka.ilkd.key.java.JavaParserFactory$DynamicTypeSolver@60686d5f : java.lang.Object at file:/D:/a/key/key/key.core/build/resources/main/de/uka/ilkd/key/proof/rules/integerAssignment2UpdateRules.key:276:15
	at de.uka.ilkd.key.nparser.builder.AbstractBuilder.accept(AbstractBuilder.java:54)
Caused by: com.github.javaparser.resolution.UnsolvedSymbolException: Unsolved symbol in de.uka.ilkd.key.java.JavaParserFactory$DynamicTypeSolver@60686d5f : java.lang.Object
	at com.github.javaparser.resolution.TypeSolver.solveType(TypeSolver.java:71)

165339     ERROR Test worker     d.u.i.k.n.b.AbstractBuilder  com.github.javaparser.resolution.UnsolvedSymbolException: Unsolved symbol in de.uka.ilkd.key.java.JavaParserFactory$DynamicTypeSolver@60686d5f : java.lang.Object
	at com.github.javaparser.resolution.TypeSolver.solveType(TypeSolver.java:71)

165339     ERROR Test worker     d.u.i.k.n.b.TacletPBuilder Error in parsing taclet. de.uka.ilkd.key.util.parsing.BuildingException: Unsolved symbol in de.uka.ilkd.key.java.JavaParserFactory$DynamicTypeSolver@60686d5f : java.lang.Object at file:/D:/a/key/key/key.core/build/resources/main/de/uka/ilkd/key/proof/rules/integerAssignment2UpdateRules.key:290:15
	at de.uka.ilkd.key.nparser.builder.AbstractBuilder.accept(AbstractBuilder.java:54)
Caused by: com.github.javaparser.resolution.UnsolvedSymbolException: Unsolved symbol in de.uka.ilkd.key.java.JavaParserFactory$DynamicTypeSolver@60686d5f : java.lang.Object
	at com.github.javaparser.resolution.TypeSolver.solveType(TypeSolver.java:71)

165339     ERROR Test worker     d.u.i.k.n.b.AbstractBuilder  com.github.javaparser.resolution.UnsolvedSymbolException: Unsolved symbol in de.uka.ilkd.key.java.JavaParserFactory$DynamicTypeSolver@60686d5f : java.lang.Object
	at com.github.javaparser.resolution.TypeSolver.solveType(TypeSolver.java:71)

165339     ERROR Test worker     d.u.i.k.n.b.TacletPBuilder Error in parsing taclet. de.uka.ilkd.key.util.parsing.BuildingException: Unsolved symbol in de.uka.ilkd.key.java.JavaParserFactory$DynamicTypeSolver@60686d5f : java.lang.Object at file:/D:/a/key/key/key.core/build/resources/main/de/uka/ilkd/key/proof/rules/integerAssignment2UpdateRules.key:304:15
	at de.uka.ilkd.key.nparser.builder.AbstractBuilder.accept(AbstractBuilder.java:54)
Caused by: com.github.javaparser.resolution.UnsolvedSymbolException: Unsolved symbol in de.uka.ilkd.key.java.JavaParserFactory$DynamicTypeSolver@60686d5f : java.lang.Object
	at com.github.javaparser.resolution.TypeSolver.solveType(TypeSolver.java:71)

165339     ERROR Test worker     d.u.i.k.n.b.AbstractBuilder  com.github.javaparser.resolution.UnsolvedSymbolException: Unsolved symbol in de.uka.ilkd.key.java.JavaParserFactory$DynamicTypeSolver@60686d5f : java.lang.Object
	at com.github.javaparser.resolution.TypeSolver.solveType(TypeSolver.java:71)

165339     ERROR Test worker     d.u.i.k.n.b.TacletPBuilder Error in parsing taclet. de.uka.ilkd.key.util.parsing.BuildingException: Unsolved symbol in de.uka.ilkd.key.java.JavaParserFactory$DynamicTypeSolver@60686d5f : java.lang.Object at file:/D:/a/key/key/key.core/build/resources/main/de/uka/ilkd/key/proof/rules/integerAssignment2UpdateRules.key:319:15
	at de.uka.ilkd.key.nparser.builder.AbstractBuilder.accept(AbstractBuilder.java:54)
Caused by: com.github.javaparser.resolution.UnsolvedSymbolException: Unsolved symbol in de.uka.ilkd.key.java.JavaParserFactory$DynamicTypeSolver@60686d5f : java.lang.Object
	at com.github.javaparser.resolution.TypeSolver.solveType(TypeSolver.java:71)

165339     ERROR Test worker     d.u.i.k.n.b.AbstractBuilder  com.github.javaparser.resolution.UnsolvedSymbolException: Unsolved symbol in de.uka.ilkd.key.java.JavaParserFactory$DynamicTypeSolver@60686d5f : java.lang.Object
	at com.github.javaparser.resolution.TypeSolver.solveType(TypeSolver.java:71)

165339     ERROR Test worker     d.u.i.k.n.b.TacletPBuilder Error in parsing taclet. de.uka.ilkd.key.util.parsing.BuildingException: Unsolved symbol in de.uka.ilkd.key.java.JavaParserFactory$DynamicTypeSolver@60686d5f : java.lang.Object at file:/D:/a/key/key/key.core/build/resources/main/de/uka/ilkd/key/proof/rules/integerAssignment2UpdateRules.key:335:15
	at de.uka.ilkd.key.nparser.builder.AbstractBuilder.accept(AbstractBuilder.java:54)
Caused by: com.github.javaparser.resolution.UnsolvedSymbolException: Unsolved symbol in de.uka.ilkd.key.java.JavaParserFactory$DynamicTypeSolver@60686d5f : java.lang.Object
	at com.github.javaparser.resolution.TypeSolver.solveType(TypeSolver.java:71)

165355     ERROR Test worker     d.u.i.k.n.b.AbstractBuilder  com.github.javaparser.resolution.UnsolvedSymbolException: Unsolved symbol in de.uka.ilkd.key.java.JavaParserFactory$DynamicTypeSolver@60686d5f : java.lang.Object
	at com.github.javaparser.resolution.TypeSolver.solveType(TypeSolver.java:71)

165355     ERROR Test worker     d.u.i.k.n.b.TacletPBuilder Error in parsing taclet. de.uka.ilkd.key.util.parsing.BuildingException: Unsolved symbol in de.uka.ilkd.key.java.JavaParserFactory$DynamicTypeSolver@60686d5f : java.lang.Object at file:/D:/a/key/key/key.core/build/resources/main/de/uka/ilkd/key/proof/rules/integerAssignment2UpdateRules.key:350:15
	at de.uka.ilkd.key.nparser.builder.AbstractBuilder.accept(AbstractBuilder.java:54)
Caused by: com.github.javaparser.resolution.UnsolvedSymbolException: Unsolved symbol in de.uka.ilkd.key.java.JavaParserFactory$DynamicTypeSolver@60686d5f : java.lang.Object
	at com.github.javaparser.resolution.TypeSolver.solveType(TypeSolver.java:71)

165355     ERROR Test worker     d.u.i.k.n.b.AbstractBuilder  com.github.javaparser.resolution.UnsolvedSymbolException: Unsolved symbol in de.uka.ilkd.key.java.JavaParserFactory$DynamicTypeSolver@60686d5f : java.lang.Object
	at com.github.javaparser.resolution.TypeSolver.solveType(TypeSolver.java:71)

165355     ERROR Test worker     d.u.i.k.n.b.TacletPBuilder Error in parsing taclet. de.uka.ilkd.key.util.parsing.BuildingException: Unsolved symbol in de.uka.ilkd.key.java.JavaParserFactory$DynamicTypeSolver@60686d5f : java.lang.Object at file:/D:/a/key/key/key.core/build/resources/main/de/uka/ilkd/key/proof/rules/integerAssignment2UpdateRules.key:365:15
	at de.uka.ilkd.key.nparser.builder.AbstractBuilder.accept(AbstractBuilder.java:54)
Caused by: com.github.javaparser.resolution.UnsolvedSymbolException: Unsolved symbol in de.uka.ilkd.key.java.JavaParserFactory$DynamicTypeSolver@60686d5f : java.lang.Object
	at com.github.javaparser.resolution.TypeSolver.solveType(TypeSolver.java:71)

165355     ERROR Test worker     d.u.i.k.n.b.AbstractBuilder  com.github.javaparser.resolution.UnsolvedSymbolException: Unsolved symbol in de.uka.ilkd.key.java.JavaParserFactory$DynamicTypeSolver@60686d5f : java.lang.Object
	at com.github.javaparser.resolution.TypeSolver.solveType(TypeSolver.java:71)

165355     ERROR Test worker     d.u.i.k.n.b.TacletPBuilder Error in parsing taclet. de.uka.ilkd.key.util.parsing.BuildingException: Unsolved symbol in de.uka.ilkd.key.java.JavaParserFactory$DynamicTypeSolver@60686d5f : java.lang.Object at file:/D:/a/key/key/key.core/build/resources/main/de/uka/ilkd/key/proof/rules/integerAssignment2UpdateRules.key:380:15
	at de.uka.ilkd.key.nparser.builder.AbstractBuilder.accept(AbstractBuilder.java:54)
Caused by: com.github.javaparser.resolution.UnsolvedSymbolException: Unsolved symbol in de.uka.ilkd.key.java.JavaParserFactory$DynamicTypeSolver@60686d5f : java.lang.Object
	at com.github.javaparser.resolution.TypeSolver.solveType(TypeSolver.java:71)

165355     ERROR Test worker     d.u.i.k.n.b.AbstractBuilder  com.github.javaparser.resolution.UnsolvedSymbolException: Unsolved symbol in de.uka.ilkd.key.java.JavaParserFactory$DynamicTypeSolver@60686d5f : java.lang.Object
	at com.github.javaparser.resolution.TypeSolver.solveType(TypeSolver.java:71)

165355     ERROR Test worker     d.u.i.k.n.b.TacletPBuilder Error in parsing taclet. de.uka.ilkd.key.util.parsing.BuildingException: Unsolved symbol in de.uka.ilkd.key.java.JavaParserFactory$DynamicTypeSolver@60686d5f : java.lang.Object at file:/D:/a/key/key/key.core/build/resources/main/de/uka/ilkd/key/proof/rules/integerAssignment2UpdateRules.key:397:15
	at de.uka.ilkd.key.nparser.builder.AbstractBuilder.accept(AbstractBuilder.java:54)
Caused by: com.github.javaparser.resolution.UnsolvedSymbolException: Unsolved symbol in de.uka.ilkd.key.java.JavaParserFactory$DynamicTypeSolver@60686d5f : java.lang.Object
	at com.github.javaparser.resolution.TypeSolver.solveType(TypeSolver.java:71)

165355     ERROR Test worker     d.u.i.k.n.b.AbstractBuilder  com.github.javaparser.resolution.UnsolvedSymbolException: Unsolved symbol in de.uka.ilkd.key.java.JavaParserFactory$DynamicTypeSolver@60686d5f : java.lang.Object
	at com.github.javaparser.resolution.TypeSolver.solveType(TypeSolver.java:71)

165355     ERROR Test worker     d.u.i.k.n.b.TacletPBuilder Error in parsing taclet. de.uka.ilkd.key.util.parsing.BuildingException: Unsolved symbol in de.uka.ilkd.key.java.JavaParserFactory$DynamicTypeSolver@60686d5f : java.lang.Object at file:/D:/a/key/key/key.core/build/resources/main/de/uka/ilkd/key/proof/rules/integerAssignment2UpdateRules.key:408:15
	at de.uka.ilkd.key.nparser.builder.AbstractBuilder.accept(AbstractBuilder.java:54)
Caused by: com.github.javaparser.resolution.UnsolvedSymbolException: Unsolved symbol in de.uka.ilkd.key.java.JavaParserFactory$DynamicTypeSolver@60686d5f : java.lang.Object
	at com.github.javaparser.resolution.TypeSolver.solveType(TypeSolver.java:71)

165355     ERROR Test worker     d.u.i.k.n.b.AbstractBuilder  com.github.javaparser.resolution.UnsolvedSymbolException: Unsolved symbol in de.uka.ilkd.key.java.JavaParserFactory$DynamicTypeSolver@60686d5f : java.lang.Object
	at com.github.javaparser.resolution.TypeSolver.solveType(TypeSolver.java:71)

165355     ERROR Test worker     d.u.i.k.n.b.TacletPBuilder Error in parsing taclet. de.uka.ilkd.key.util.parsing.BuildingException: Unsolved symbol in de.uka.ilkd.key.java.JavaParserFactory$DynamicTypeSolver@60686d5f : java.lang.Object at file:/D:/a/key/key/key.core/build/resources/main/de/uka/ilkd/key/proof/rules/integerAssignment2UpdateRules.key:419:15
	at de.uka.ilkd.key.nparser.builder.AbstractBuilder.accept(AbstractBuilder.java:54)
Caused by: com.github.javaparser.resolution.UnsolvedSymbolException: Unsolved symbol in de.uka.ilkd.key.java.JavaParserFactory$DynamicTypeSolver@60686d5f : java.lang.Object
	at com.github.javaparser.resolution.TypeSolver.solveType(TypeSolver.java:71)

165355     ERROR Test worker     d.u.i.k.n.b.AbstractBuilder  com.github.javaparser.resolution.UnsolvedSymbolException: Unsolved symbol in de.uka.ilkd.key.java.JavaParserFactory$DynamicTypeSolver@60686d5f : java.lang.Object
	at com.github.javaparser.resolution.TypeSolver.solveType(TypeSolver.java:71)

165355     ERROR Test worker     d.u.i.k.n.b.TacletPBuilder Error in parsing taclet. de.uka.ilkd.key.util.parsing.BuildingException: Unsolved symbol in de.uka.ilkd.key.java.JavaParserFactory$DynamicTypeSolver@60686d5f : java.lang.Object at file:/D:/a/key/key/key.core/build/resources/main/de/uka/ilkd/key/proof/rules/integerAssignment2UpdateRules.key:430:15
	at de.uka.ilkd.key.nparser.builder.AbstractBuilder.accept(AbstractBuilder.java:54)
Caused by: com.github.javaparser.resolution.UnsolvedSymbolException: Unsolved symbol in de.uka.ilkd.key.java.JavaParserFactory$DynamicTypeSolver@60686d5f : java.lang.Object
	at com.github.javaparser.resolution.TypeSolver.solveType(TypeSolver.java:71)

165355     ERROR Test worker     d.u.i.k.n.b.AbstractBuilder  com.github.javaparser.resolution.UnsolvedSymbolException: Unsolved symbol in de.uka.ilkd.key.java.JavaParserFactory$DynamicTypeSolver@60686d5f : java.lang.Object
	at com.github.javaparser.resolution.TypeSolver.solveType(TypeSolver.java:71)

165371     ERROR Test worker     d.u.i.k.n.b.TacletPBuilder Error in parsing taclet. de.uka.ilkd.key.util.parsing.BuildingException: Unsolved symbol in de.uka.ilkd.key.java.JavaParserFactory$DynamicTypeSolver@60686d5f : java.lang.Object at file:/D:/a/key/key/key.core/build/resources/main/de/uka/ilkd/key/proof/rules/integerAssignment2UpdateRules.key:443:15
	at de.uka.ilkd.key.nparser.builder.AbstractBuilder.accept(AbstractBuilder.java:54)
Caused by: com.github.javaparser.resolution.UnsolvedSymbolException: Unsolved symbol in de.uka.ilkd.key.java.JavaParserFactory$DynamicTypeSolver@60686d5f : java.lang.Object
	at com.github.javaparser.resolution.TypeSolver.solveType(TypeSolver.java:71)

165371     ERROR Test worker     d.u.i.k.n.b.AbstractBuilder  com.github.javaparser.resolution.UnsolvedSymbolException: Unsolved symbol in de.uka.ilkd.key.java.JavaParserFactory$DynamicTypeSolver@60686d5f : java.lang.Object
	at com.github.javaparser.resolution.TypeSolver.solveType(TypeSolver.java:71)

165371     ERROR Test worker     d.u.i.k.n.b.TacletPBuilder Error in parsing taclet. de.uka.ilkd.key.util.parsing.BuildingException: Unsolved symbol in de.uka.ilkd.key.java.JavaParserFactory$DynamicTypeSolver@60686d5f : java.lang.Object at file:/D:/a/key/key/key.core/build/resources/main/de/uka/ilkd/key/proof/rules/integerAssignment2UpdateRules.key:454:15
	at de.uka.ilkd.key.nparser.builder.AbstractBuilder.accept(AbstractBuilder.java:54)
Caused by: com.github.javaparser.resolution.UnsolvedSymbolException: Unsolved symbol in de.uka.ilkd.key.java.JavaParserFactory$DynamicTypeSolver@60686d5f : java.lang.Object
	at com.github.javaparser.resolution.TypeSolver.solveType(TypeSolver.java:71)

165371     ERROR Test worker     d.u.i.k.n.b.AbstractBuilder  com.github.javaparser.resolution.UnsolvedSymbolException: Unsolved symbol in de.uka.ilkd.key.java.JavaParserFactory$DynamicTypeSolver@60686d5f : java.lang.Object
	at com.github.javaparser.resolution.TypeSolver.solveType(TypeSolver.java:71)

165371     ERROR Test worker     d.u.i.k.n.b.TacletPBuilder Error in parsing taclet. de.uka.ilkd.key.util.parsing.BuildingException: Unsolved symbol in de.uka.ilkd.key.java.JavaParserFactory$DynamicTypeSolver@60686d5f : java.lang.Object at file:/D:/a/key/key/key.core/build/resources/main/de/uka/ilkd/key/proof/rules/integerAssignment2UpdateRules.key:466:15
	at de.uka.ilkd.key.nparser.builder.AbstractBuilder.accept(AbstractBuilder.java:54)
Caused by: com.github.javaparser.resolution.UnsolvedSymbolException: Unsolved symbol in de.uka.ilkd.key.java.JavaParserFactory$DynamicTypeSolver@60686d5f : java.lang.Object
	at com.github.javaparser.resolution.TypeSolver.solveType(TypeSolver.java:71)

165371     ERROR Test worker     d.u.i.k.n.b.AbstractBuilder  com.github.javaparser.resolution.UnsolvedSymbolException: Unsolved symbol in de.uka.ilkd.key.java.JavaParserFactory$DynamicTypeSolver@60686d5f : java.lang.Object
	at com.github.javaparser.resolution.TypeSolver.solveType(TypeSolver.java:71)

165371     ERROR Test worker     d.u.i.k.n.b.TacletPBuilder Error in parsing taclet. de.uka.ilkd.key.util.parsing.BuildingException: Unsolved symbol in de.uka.ilkd.key.java.JavaParserFactory$DynamicTypeSolver@60686d5f : java.lang.Object at file:/D:/a/key/key/key.core/build/resources/main/de/uka/ilkd/key/proof/rules/integerAssignment2UpdateRules.key:478:15
	at de.uka.ilkd.key.nparser.builder.AbstractBuilder.accept(AbstractBuilder.java:54)
Caused by: com.github.javaparser.resolution.UnsolvedSymbolException: Unsolved symbol in de.uka.ilkd.key.java.JavaParserFactory$DynamicTypeSolver@60686d5f : java.lang.Object
	at com.github.javaparser.resolution.TypeSolver.solveType(TypeSolver.java:71)

165371     ERROR Test worker     d.u.i.k.n.b.AbstractBuilder  com.github.javaparser.resolution.UnsolvedSymbolException: Unsolved symbol in de.uka.ilkd.key.java.JavaParserFactory$DynamicTypeSolver@60686d5f : java.lang.Object
	at com.github.javaparser.resolution.TypeSolver.solveType(TypeSolver.java:71)

165371     ERROR Test worker     d.u.i.k.n.b.TacletPBuilder Error in parsing taclet. de.uka.ilkd.key.util.parsing.BuildingException: Unsolved symbol in de.uka.ilkd.key.java.JavaParserFactory$DynamicTypeSolver@60686d5f : java.lang.Object at file:/D:/a/key/key/key.core/build/resources/main/de/uka/ilkd/key/proof/rules/integerAssignment2UpdateRules.key:491:15
	at de.uka.ilkd.key.nparser.builder.AbstractBuilder.accept(AbstractBuilder.java:54)
Caused by: com.github.javaparser.resolution.UnsolvedSymbolException: Unsolved symbol in de.uka.ilkd.key.java.JavaParserFactory$DynamicTypeSolver@60686d5f : java.lang.Object
	at com.github.javaparser.resolution.TypeSolver.solveType(TypeSolver.java:71)

165371     ERROR Test worker     d.u.i.k.n.b.AbstractBuilder  com.github.javaparser.resolution.UnsolvedSymbolException: Unsolved symbol in de.uka.ilkd.key.java.JavaParserFactory$DynamicTypeSolver@60686d5f : java.lang.Object
	at com.github.javaparser.resolution.TypeSolver.solveType(TypeSolver.java:71)

165371     ERROR Test worker     d.u.i.k.n.b.TacletPBuilder Error in parsing taclet. de.uka.ilkd.key.util.parsing.BuildingException: Unsolved symbol in de.uka.ilkd.key.java.JavaParserFactory$DynamicTypeSolver@60686d5f : java.lang.Object at file:/D:/a/key/key/key.core/build/resources/main/de/uka/ilkd/key/proof/rules/integerAssignment2UpdateRules.key:502:15
	at de.uka.ilkd.key.nparser.builder.AbstractBuilder.accept(AbstractBuilder.java:54)
Caused by: com.github.javaparser.resolution.UnsolvedSymbolException: Unsolved symbol in de.uka.ilkd.key.java.JavaParserFactory$DynamicTypeSolver@60686d5f : java.lang.Object
	at com.github.javaparser.resolution.TypeSolver.solveType(TypeSolver.java:71)

165371     ERROR Test worker     d.u.i.k.n.b.AbstractBuilder  com.github.javaparser.resolution.UnsolvedSymbolException: Unsolved symbol in de.uka.ilkd.key.java.JavaParserFactory$DynamicTypeSolver@60686d5f : java.lang.Object
	at com.github.javaparser.resolution.TypeSolver.solveType(TypeSolver.java:71)

165371     ERROR Test worker     d.u.i.k.n.b.TacletPBuilder Error in parsing taclet. de.uka.ilkd.key.util.parsing.BuildingException: Unsolved symbol in de.uka.ilkd.key.java.JavaParserFactory$DynamicTypeSolver@60686d5f : java.lang.Object at file:/D:/a/key/key/key.core/build/resources/main/de/uka/ilkd/key/proof/rules/integerAssignment2UpdateRules.key:513:15
	at de.uka.ilkd.key.nparser.builder.AbstractBuilder.accept(AbstractBuilder.java:54)
Caused by: com.github.javaparser.resolution.UnsolvedSymbolException: Unsolved symbol in de.uka.ilkd.key.java.JavaParserFactory$DynamicTypeSolver@60686d5f : java.lang.Object
	at com.github.javaparser.resolution.TypeSolver.solveType(TypeSolver.java:71)

165371     ERROR Test worker     d.u.i.k.n.b.AbstractBuilder  com.github.javaparser.resolution.UnsolvedSymbolException: Unsolved symbol in de.uka.ilkd.key.java.JavaParserFactory$DynamicTypeSolver@60686d5f : java.lang.Object
	at com.github.javaparser.resolution.TypeSolver.solveType(TypeSolver.java:71)

165371     ERROR Test worker     d.u.i.k.n.b.TacletPBuilder Error in parsing taclet. de.uka.ilkd.key.util.parsing.BuildingException: Unsolved symbol in de.uka.ilkd.key.java.JavaParserFactory$DynamicTypeSolver@60686d5f : java.lang.Object at file:/D:/a/key/key/key.core/build/resources/main/de/uka/ilkd/key/proof/rules/integerAssignment2UpdateRules.key:524:15
	at de.uka.ilkd.key.nparser.builder.AbstractBuilder.accept(AbstractBuilder.java:54)
Caused by: com.github.javaparser.resolution.UnsolvedSymbolException: Unsolved symbol in de.uka.ilkd.key.java.JavaParserFactory$DynamicTypeSolver@60686d5f : java.lang.Object
	at com.github.javaparser.resolution.TypeSolver.solveType(TypeSolver.java:71)

165371     ERROR Test worker     d.u.i.k.n.b.AbstractBuilder  com.github.javaparser.resolution.UnsolvedSymbolException: Unsolved symbol in de.uka.ilkd.key.java.JavaParserFactory$DynamicTypeSolver@60686d5f : java.lang.Object
	at com.github.javaparser.resolution.TypeSolver.solveType(TypeSolver.java:71)

165371     ERROR Test worker     d.u.i.k.n.b.TacletPBuilder Error in parsing taclet. de.uka.ilkd.key.util.parsing.BuildingException: Unsolved symbol in de.uka.ilkd.key.java.JavaParserFactory$DynamicTypeSolver@60686d5f : java.lang.Object at file:/D:/a/key/key/key.core/build/resources/main/de/uka/ilkd/key/proof/rules/integerAssignment2UpdateRules.key:537:15
	at de.uka.ilkd.key.nparser.builder.AbstractBuilder.accept(AbstractBuilder.java:54)
Caused by: com.github.javaparser.resolution.UnsolvedSymbolException: Unsolved symbol in de.uka.ilkd.key.java.JavaParserFactory$DynamicTypeSolver@60686d5f : java.lang.Object
	at com.github.javaparser.resolution.TypeSolver.solveType(TypeSolver.java:71)

165386     ERROR Test worker     d.u.i.k.n.b.AbstractBuilder  com.github.javaparser.resolution.UnsolvedSymbolException: Unsolved symbol in de.uka.ilkd.key.java.JavaParserFactory$DynamicTypeSolver@60686d5f : java.lang.Object
	at com.github.javaparser.resolution.TypeSolver.solveType(TypeSolver.java:71)

165386     ERROR Test worker     d.u.i.k.n.b.TacletPBuilder Error in parsing taclet. de.uka.ilkd.key.util.parsing.BuildingException: Unsolved symbol in de.uka.ilkd.key.java.JavaParserFactory$DynamicTypeSolver@60686d5f : java.lang.Object at file:/D:/a/key/key/key.core/build/resources/main/de/uka/ilkd/key/proof/rules/integerAssignment2UpdateRules.key:552:15
	at de.uka.ilkd.key.nparser.builder.AbstractBuilder.accept(AbstractBuilder.java:54)
Caused by: com.github.javaparser.resolution.UnsolvedSymbolException: Unsolved symbol in de.uka.ilkd.key.java.JavaParserFactory$DynamicTypeSolver@60686d5f : java.lang.Object
	at com.github.javaparser.resolution.TypeSolver.solveType(TypeSolver.java:71)

165386     ERROR Test worker     d.u.i.k.n.b.AbstractBuilder  com.github.javaparser.resolution.UnsolvedSymbolException: Unsolved symbol in de.uka.ilkd.key.java.JavaParserFactory$DynamicTypeSolver@60686d5f : java.lang.Object
	at com.github.javaparser.resolution.TypeSolver.solveType(TypeSolver.java:71)

165386     ERROR Test worker     d.u.i.k.n.b.TacletPBuilder Error in parsing taclet. de.uka.ilkd.key.util.parsing.BuildingException: Unsolved symbol in de.uka.ilkd.key.java.JavaParserFactory$DynamicTypeSolver@60686d5f : java.lang.Object at file:/D:/a/key/key/key.core/build/resources/main/de/uka/ilkd/key/proof/rules/integerAssignment2UpdateRules.key:569:15
	at de.uka.ilkd.key.nparser.builder.AbstractBuilder.accept(AbstractBuilder.java:54)
Caused by: com.github.javaparser.resolution.UnsolvedSymbolException: Unsolved symbol in de.uka.ilkd.key.java.JavaParserFactory$DynamicTypeSolver@60686d5f : java.lang.Object
	at com.github.javaparser.resolution.TypeSolver.solveType(TypeSolver.java:71)

165386     ERROR Test worker     d.u.i.k.n.b.AbstractBuilder  com.github.javaparser.resolution.UnsolvedSymbolException: Unsolved symbol in de.uka.ilkd.key.java.JavaParserFactory$DynamicTypeSolver@60686d5f : java.lang.Object
	at com.github.javaparser.resolution.TypeSolver.solveType(TypeSolver.java:71)

165386     ERROR Test worker     d.u.i.k.n.b.TacletPBuilder Error in parsing taclet. de.uka.ilkd.key.util.parsing.BuildingException: Unsolved symbol in de.uka.ilkd.key.java.JavaParserFactory$DynamicTypeSolver@60686d5f : java.lang.Object at file:/D:/a/key/key/key.core/build/resources/main/de/uka/ilkd/key/proof/rules/integerAssignment2UpdateRules.key:584:15
	at de.uka.ilkd.key.nparser.builder.AbstractBuilder.accept(AbstractBuilder.java:54)
Caused by: com.github.javaparser.resolution.UnsolvedSymbolException: Unsolved symbol in de.uka.ilkd.key.java.JavaParserFactory$DynamicTypeSolver@60686d5f : java.lang.Object
	at com.github.javaparser.resolution.TypeSolver.solveType(TypeSolver.java:71)

165386     ERROR Test worker     d.u.i.k.n.b.AbstractBuilder  com.github.javaparser.resolution.UnsolvedSymbolException: Unsolved symbol in de.uka.ilkd.key.java.JavaParserFactory$DynamicTypeSolver@60686d5f : java.lang.Object
	at com.github.javaparser.resolution.TypeSolver.solveType(TypeSolver.java:71)

165386     ERROR Test worker     d.u.i.k.n.b.TacletPBuilder Error in parsing taclet. de.uka.ilkd.key.util.parsing.BuildingException: Unsolved symbol in de.uka.ilkd.key.java.JavaParserFactory$DynamicTypeSolver@60686d5f : java.lang.Object at file:/D:/a/key/key/key.core/build/resources/main/de/uka/ilkd/key/proof/rules/integerAssignment2UpdateRules.key:601:15
	at de.uka.ilkd.key.nparser.builder.AbstractBuilder.accept(AbstractBuilder.java:54)
Caused by: com.github.javaparser.resolution.UnsolvedSymbolException: Unsolved symbol in de.uka.ilkd.key.java.JavaParserFactory$DynamicTypeSolver@60686d5f : java.lang.Object
	at com.github.javaparser.resolution.TypeSolver.solveType(TypeSolver.java:71)

165386     ERROR Test worker     d.u.i.k.n.b.AbstractBuilder  com.github.javaparser.resolution.UnsolvedSymbolException: Unsolved symbol in de.uka.ilkd.key.java.JavaParserFactory$DynamicTypeSolver@60686d5f : java.lang.Object
	at com.github.javaparser.resolution.TypeSolver.solveType(TypeSolver.java:71)

165386     ERROR Test worker     d.u.i.k.n.b.TacletPBuilder Error in parsing taclet. de.uka.ilkd.key.util.parsing.BuildingException: Unsolved symbol in de.uka.ilkd.key.java.JavaParserFactory$DynamicTypeSolver@60686d5f : java.lang.Object at file:/D:/a/key/key/key.core/build/resources/main/de/uka/ilkd/key/proof/rules/integerAssignment2UpdateRules.key:616:15
	at de.uka.ilkd.key.nparser.builder.AbstractBuilder.accept(AbstractBuilder.java:54)
Caused by: com.github.javaparser.resolution.UnsolvedSymbolException: Unsolved symbol in de.uka.ilkd.key.java.JavaParserFactory$DynamicTypeSolver@60686d5f : java.lang.Object
	at com.github.javaparser.resolution.TypeSolver.solveType(TypeSolver.java:71)

165386     ERROR Test worker     d.u.i.k.n.b.AbstractBuilder  com.github.javaparser.resolution.UnsolvedSymbolException: Unsolved symbol in de.uka.ilkd.key.java.JavaParserFactory$DynamicTypeSolver@60686d5f : java.lang.Object
	at com.github.javaparser.resolution.TypeSolver.solveType(TypeSolver.java:71)

165386     ERROR Test worker     d.u.i.k.n.b.TacletPBuilder Error in parsing taclet. de.uka.ilkd.key.util.parsing.BuildingException: Unsolved symbol in de.uka.ilkd.key.java.JavaParserFactory$DynamicTypeSolver@60686d5f : java.lang.Object at file:/D:/a/key/key/key.core/build/resources/main/de/uka/ilkd/key/proof/rules/integerAssignment2UpdateRules.key:634:15
	at de.uka.ilkd.key.nparser.builder.AbstractBuilder.accept(AbstractBuilder.java:54)
Caused by: com.github.javaparser.resolution.UnsolvedSymbolException: Unsolved symbol in de.uka.ilkd.key.java.JavaParserFactory$DynamicTypeSolver@60686d5f : java.lang.Object
	at com.github.javaparser.resolution.TypeSolver.solveType(TypeSolver.java:71)

165386     ERROR Test worker     d.u.i.k.n.b.AbstractBuilder  com.github.javaparser.resolution.UnsolvedSymbolException: Unsolved symbol in de.uka.ilkd.key.java.JavaParserFactory$DynamicTypeSolver@60686d5f : java.lang.Object
	at com.github.javaparser.resolution.TypeSolver.solveType(TypeSolver.java:71)

165386     ERROR Test worker     d.u.i.k.n.b.TacletPBuilder Error in parsing taclet. de.uka.ilkd.key.util.parsing.BuildingException: Unsolved symbol in de.uka.ilkd.key.java.JavaParserFactory$DynamicTypeSolver@60686d5f : java.lang.Object at file:/D:/a/key/key/key.core/build/resources/main/de/uka/ilkd/key/proof/rules/integerAssignment2UpdateRules.key:648:15
	at de.uka.ilkd.key.nparser.builder.AbstractBuilder.accept(AbstractBuilder.java:54)
Caused by: com.github.javaparser.resolution.UnsolvedSymbolException: Unsolved symbol in de.uka.ilkd.key.java.JavaParserFactory$DynamicTypeSolver@60686d5f : java.lang.Object
	at com.github.javaparser.resolution.TypeSolver.solveType(TypeSolver.java:71)

165402     ERROR Test worker     d.u.i.k.n.b.AbstractBuilder  com.github.javaparser.resolution.UnsolvedSymbolException: Unsolved symbol in de.uka.ilkd.key.java.JavaParserFactory$DynamicTypeSolver@60686d5f : java.lang.Object
	at com.github.javaparser.resolution.TypeSolver.solveType(TypeSolver.java:71)

165402     ERROR Test worker     d.u.i.k.n.b.TacletPBuilder Error in parsing taclet. de.uka.ilkd.key.util.parsing.BuildingException: Unsolved symbol in de.uka.ilkd.key.java.JavaParserFactory$DynamicTypeSolver@60686d5f : java.lang.Object at file:/D:/a/key/key/key.core/build/resources/main/de/uka/ilkd/key/proof/rules/integerAssignment2UpdateRules.key:662:15
	at de.uka.ilkd.key.nparser.builder.AbstractBuilder.accept(AbstractBuilder.java:54)
Caused by: com.github.javaparser.resolution.UnsolvedSymbolException: Unsolved symbol in de.uka.ilkd.key.java.JavaParserFactory$DynamicTypeSolver@60686d5f : java.lang.Object
	at com.github.javaparser.resolution.TypeSolver.solveType(TypeSolver.java:71)

165402     ERROR Test worker     d.u.i.k.n.b.AbstractBuilder  com.github.javaparser.resolution.UnsolvedSymbolException: Unsolved symbol in de.uka.ilkd.key.java.JavaParserFactory$DynamicTypeSolver@60686d5f : java.lang.Object
	at com.github.javaparser.resolution.TypeSolver.solveType(TypeSolver.java:71)

165402     ERROR Test worker     d.u.i.k.n.b.TacletPBuilder Error in parsing taclet. de.uka.ilkd.key.util.parsing.BuildingException: Unsolved symbol in de.uka.ilkd.key.java.JavaParserFactory$DynamicTypeSolver@60686d5f : java.lang.Object at file:/D:/a/key/key/key.core/build/resources/main/de/uka/ilkd/key/proof/rules/integerAssignment2UpdateRules.key:670:15
	at de.uka.ilkd.key.nparser.builder.AbstractBuilder.accept(AbstractBuilder.java:54)
Caused by: com.github.javaparser.resolution.UnsolvedSymbolException: Unsolved symbol in de.uka.ilkd.key.java.JavaParserFactory$DynamicTypeSolver@60686d5f : java.lang.Object
	at com.github.javaparser.resolution.TypeSolver.solveType(TypeSolver.java:71)

165402     ERROR Test worker     d.u.i.k.n.b.AbstractBuilder  com.github.javaparser.resolution.UnsolvedSymbolException: Unsolved symbol in de.uka.ilkd.key.java.JavaParserFactory$DynamicTypeSolver@60686d5f : java.lang.Object
	at com.github.javaparser.resolution.TypeSolver.solveType(TypeSolver.java:71)

165402     ERROR Test worker     d.u.i.k.n.b.TacletPBuilder Error in parsing taclet. de.uka.ilkd.key.util.parsing.BuildingException: Unsolved symbol in de.uka.ilkd.key.java.JavaParserFactory$DynamicTypeSolver@60686d5f : java.lang.Object at file:/D:/a/key/key/key.core/build/resources/main/de/uka/ilkd/key/proof/rules/integerAssignment2UpdateRules.key:682:15
	at de.uka.ilkd.key.nparser.builder.AbstractBuilder.accept(AbstractBuilder.java:54)
Caused by: com.github.javaparser.resolution.UnsolvedSymbolException: Unsolved symbol in de.uka.ilkd.key.java.JavaParserFactory$DynamicTypeSolver@60686d5f : java.lang.Object
	at com.github.javaparser.resolution.TypeSolver.solveType(TypeSolver.java:71)

165402     ERROR Test worker     d.u.i.k.n.b.AbstractBuilder  com.github.javaparser.resolution.UnsolvedSymbolException: Unsolved symbol in de.uka.ilkd.key.java.JavaParserFactory$DynamicTypeSolver@60686d5f : java.lang.Object
	at com.github.javaparser.resolution.TypeSolver.solveType(TypeSolver.java:71)

165402     ERROR Test worker     d.u.i.k.n.b.TacletPBuilder Error in parsing taclet. de.uka.ilkd.key.util.parsing.BuildingException: Unsolved symbol in de.uka.ilkd.key.java.JavaParserFactory$DynamicTypeSolver@60686d5f : java.lang.Object at file:/D:/a/key/key/key.core/build/resources/main/de/uka/ilkd/key/proof/rules/integerAssignment2UpdateRules.key:696:15
	at de.uka.ilkd.key.nparser.builder.AbstractBuilder.accept(AbstractBuilder.java:54)
Caused by: com.github.javaparser.resolution.UnsolvedSymbolException: Unsolved symbol in de.uka.ilkd.key.java.JavaParserFactory$DynamicTypeSolver@60686d5f : java.lang.Object
	at com.github.javaparser.resolution.TypeSolver.solveType(TypeSolver.java:71)

165402     ERROR Test worker     d.u.i.k.n.b.AbstractBuilder  com.github.javaparser.resolution.UnsolvedSymbolException: Unsolved symbol in de.uka.ilkd.key.java.JavaParserFactory$DynamicTypeSolver@60686d5f : java.lang.Object
	at com.github.javaparser.resolution.TypeSolver.solveType(TypeSolver.java:71)

165402     ERROR Test worker     d.u.i.k.n.b.TacletPBuilder Error in parsing taclet. de.uka.ilkd.key.util.parsing.BuildingException: Unsolved symbol in de.uka.ilkd.key.java.JavaParserFactory$DynamicTypeSolver@60686d5f : java.lang.Object at file:/D:/a/key/key/key.core/build/resources/main/de/uka/ilkd/key/proof/rules/integerAssignment2UpdateRules.key:710:15
	at de.uka.ilkd.key.nparser.builder.AbstractBuilder.accept(AbstractBuilder.java:54)
Caused by: com.github.javaparser.resolution.UnsolvedSymbolException: Unsolved symbol in de.uka.ilkd.key.java.JavaParserFactory$DynamicTypeSolver@60686d5f : java.lang.Object
	at com.github.javaparser.resolution.TypeSolver.solveType(TypeSolver.java:71)

165402     ERROR Test worker     d.u.i.k.n.b.AbstractBuilder  com.github.javaparser.resolution.UnsolvedSymbolException: Unsolved symbol in de.uka.ilkd.key.java.JavaParserFactory$DynamicTypeSolver@60686d5f : java.lang.Object
	at com.github.javaparser.resolution.TypeSolver.solveType(TypeSolver.java:71)

165402     ERROR Test worker     d.u.i.k.n.b.TacletPBuilder Error in parsing taclet. de.uka.ilkd.key.util.parsing.BuildingException: Unsolved symbol in de.uka.ilkd.key.java.JavaParserFactory$DynamicTypeSolver@60686d5f : java.lang.Object at file:/D:/a/key/key/key.core/build/resources/main/de/uka/ilkd/key/proof/rules/integerAssignment2UpdateRules.key:724:15
	at de.uka.ilkd.key.nparser.builder.AbstractBuilder.accept(AbstractBuilder.java:54)
Caused by: com.github.javaparser.resolution.UnsolvedSymbolException: Unsolved symbol in de.uka.ilkd.key.java.JavaParserFactory$DynamicTypeSolver@60686d5f : java.lang.Object
	at com.github.javaparser.resolution.TypeSolver.solveType(TypeSolver.java:71)

165402     ERROR Test worker     d.u.i.k.n.b.AbstractBuilder  com.github.javaparser.resolution.UnsolvedSymbolException: Unsolved symbol in de.uka.ilkd.key.java.JavaParserFactory$DynamicTypeSolver@60686d5f : java.lang.Object
	at com.github.javaparser.resolution.TypeSolver.solveType(TypeSolver.java:71)

165402     ERROR Test worker     d.u.i.k.n.b.TacletPBuilder Error in parsing taclet. de.uka.ilkd.key.util.parsing.BuildingException: Unsolved symbol in de.uka.ilkd.key.java.JavaParserFactory$DynamicTypeSolver@60686d5f : java.lang.Object at file:/D:/a/key/key/key.core/build/resources/main/de/uka/ilkd/key/proof/rules/integerAssignment2UpdateRules.key:738:15
	at de.uka.ilkd.key.nparser.builder.AbstractBuilder.accept(AbstractBuilder.java:54)
Caused by: com.github.javaparser.resolution.UnsolvedSymbolException: Unsolved symbol in de.uka.ilkd.key.java.JavaParserFactory$DynamicTypeSolver@60686d5f : java.lang.Object
	at com.github.javaparser.resolution.TypeSolver.solveType(TypeSolver.java:71)

165417     ERROR Test worker     d.u.i.k.n.b.AbstractBuilder  com.github.javaparser.resolution.UnsolvedSymbolException: Unsolved symbol in de.uka.ilkd.key.java.JavaParserFactory$DynamicTypeSolver@60686d5f : java.lang.Object
	at com.github.javaparser.resolution.TypeSolver.solveType(TypeSolver.java:71)

165417     ERROR Test worker     d.u.i.k.n.b.TacletPBuilder Error in parsing taclet. de.uka.ilkd.key.util.parsing.BuildingException: Unsolved symbol in de.uka.ilkd.key.java.JavaParserFactory$DynamicTypeSolver@60686d5f : java.lang.Object at file:/D:/a/key/key/key.core/build/resources/main/de/uka/ilkd/key/proof/rules/integerAssignment2UpdateRules.key:752:15
	at de.uka.ilkd.key.nparser.builder.AbstractBuilder.accept(AbstractBuilder.java:54)
Caused by: com.github.javaparser.resolution.UnsolvedSymbolException: Unsolved symbol in de.uka.ilkd.key.java.JavaParserFactory$DynamicTypeSolver@60686d5f : java.lang.Object
	at com.github.javaparser.resolution.TypeSolver.solveType(TypeSolver.java:71)

165417     ERROR Test worker     d.u.i.k.n.b.AbstractBuilder  com.github.javaparser.resolution.UnsolvedSymbolException: Unsolved symbol in de.uka.ilkd.key.java.JavaParserFactory$DynamicTypeSolver@60686d5f : java.lang.Object
	at com.github.javaparser.resolution.TypeSolver.solveType(TypeSolver.java:71)

165417     ERROR Test worker     d.u.i.k.n.b.TacletPBuilder Error in parsing taclet. de.uka.ilkd.key.util.parsing.BuildingException: Unsolved symbol in de.uka.ilkd.key.java.JavaParserFactory$DynamicTypeSolver@60686d5f : java.lang.Object at file:/D:/a/key/key/key.core/build/resources/main/de/uka/ilkd/key/proof/rules/integerAssignment2UpdateRules.key:764:15
	at de.uka.ilkd.key.nparser.builder.AbstractBuilder.accept(AbstractBuilder.java:54)
Caused by: com.github.javaparser.resolution.UnsolvedSymbolException: Unsolved symbol in de.uka.ilkd.key.java.JavaParserFactory$DynamicTypeSolver@60686d5f : java.lang.Object
	at com.github.javaparser.resolution.TypeSolver.solveType(TypeSolver.java:71)

165417     ERROR Test worker     d.u.i.k.n.b.AbstractBuilder  com.github.javaparser.resolution.UnsolvedSymbolException: Unsolved symbol in de.uka.ilkd.key.java.JavaParserFactory$DynamicTypeSolver@60686d5f : java.lang.Object
	at com.github.javaparser.resolution.TypeSolver.solveType(TypeSolver.java:71)

165417     ERROR Test worker     d.u.i.k.n.b.TacletPBuilder Error in parsing taclet. de.uka.ilkd.key.util.parsing.BuildingException: Unsolved symbol in de.uka.ilkd.key.java.JavaParserFactory$DynamicTypeSolver@60686d5f : java.lang.Object at file:/D:/a/key/key/key.core/build/resources/main/de/uka/ilkd/key/proof/rules/integerAssignment2UpdateRules.key:779:15
	at de.uka.ilkd.key.nparser.builder.AbstractBuilder.accept(AbstractBuilder.java:54)
Caused by: com.github.javaparser.resolution.UnsolvedSymbolException: Unsolved symbol in de.uka.ilkd.key.java.JavaParserFactory$DynamicTypeSolver@60686d5f : java.lang.Object
	at com.github.javaparser.resolution.TypeSolver.solveType(TypeSolver.java:71)

165417     ERROR Test worker     d.u.i.k.n.b.AbstractBuilder  com.github.javaparser.resolution.UnsolvedSymbolException: Unsolved symbol in de.uka.ilkd.key.java.JavaParserFactory$DynamicTypeSolver@60686d5f : java.lang.Object
	at com.github.javaparser.resolution.TypeSolver.solveType(TypeSolver.java:71)

165417     ERROR Test worker     d.u.i.k.n.b.TacletPBuilder Error in parsing taclet. de.uka.ilkd.key.util.parsing.BuildingException: Unsolved symbol in de.uka.ilkd.key.java.JavaParserFactory$DynamicTypeSolver@60686d5f : java.lang.Object at file:/D:/a/key/key/key.core/build/resources/main/de/uka/ilkd/key/proof/rules/integerAssignment2UpdateRules.key:794:15
	at de.uka.ilkd.key.nparser.builder.AbstractBuilder.accept(AbstractBuilder.java:54)
Caused by: com.github.javaparser.resolution.UnsolvedSymbolException: Unsolved symbol in de.uka.ilkd.key.java.JavaParserFactory$DynamicTypeSolver@60686d5f : java.lang.Object
	at com.github.javaparser.resolution.TypeSolver.solveType(TypeSolver.java:71)

165417     ERROR Test worker     d.u.i.k.n.b.AbstractBuilder  com.github.javaparser.resolution.UnsolvedSymbolException: Unsolved symbol in de.uka.ilkd.key.java.JavaParserFactory$DynamicTypeSolver@60686d5f : java.lang.Object
	at com.github.javaparser.resolution.TypeSolver.solveType(TypeSolver.java:71)

165417     ERROR Test worker     d.u.i.k.n.b.TacletPBuilder Error in parsing taclet. de.uka.ilkd.key.util.parsing.BuildingException: Unsolved symbol in de.uka.ilkd.key.java.JavaParserFactory$DynamicTypeSolver@60686d5f : java.lang.Object at file:/D:/a/key/key/key.core/build/resources/main/de/uka/ilkd/key/proof/rules/integerAssignment2UpdateRules.key:808:15
	at de.uka.ilkd.key.nparser.builder.AbstractBuilder.accept(AbstractBuilder.java:54)
Caused by: com.github.javaparser.resolution.UnsolvedSymbolException: Unsolved symbol in de.uka.ilkd.key.java.JavaParserFactory$DynamicTypeSolver@60686d5f : java.lang.Object
	at com.github.javaparser.resolution.TypeSolver.solveType(TypeSolver.java:71)

165433     ERROR Test worker     d.u.i.k.n.b.AbstractBuilder  com.github.javaparser.resolution.UnsolvedSymbolException: Unsolved symbol in de.uka.ilkd.key.java.JavaParserFactory$DynamicTypeSolver@60686d5f : java.lang.Object
	at com.github.javaparser.resolution.TypeSolver.solveType(TypeSolver.java:71)

165433     ERROR Test worker     d.u.i.k.n.b.TacletPBuilder Error in parsing taclet. de.uka.ilkd.key.util.parsing.BuildingException: Unsolved symbol in de.uka.ilkd.key.java.JavaParserFactory$DynamicTypeSolver@60686d5f : java.lang.Object at file:/D:/a/key/key/key.core/build/resources/main/de/uka/ilkd/key/proof/rules/floatAssignment2UpdateRules.key:42:15
	at de.uka.ilkd.key.nparser.builder.AbstractBuilder.accept(AbstractBuilder.java:54)
Caused by: com.github.javaparser.resolution.UnsolvedSymbolException: Unsolved symbol in de.uka.ilkd.key.java.JavaParserFactory$DynamicTypeSolver@60686d5f : java.lang.Object
	at com.github.javaparser.resolution.TypeSolver.solveType(TypeSolver.java:71)

165433     ERROR Test worker     d.u.i.k.n.b.AbstractBuilder  com.github.javaparser.resolution.UnsolvedSymbolException: Unsolved symbol in de.uka.ilkd.key.java.JavaParserFactory$DynamicTypeSolver@60686d5f : java.lang.Object
	at com.github.javaparser.resolution.TypeSolver.solveType(TypeSolver.java:71)

165433     ERROR Test worker     d.u.i.k.n.b.TacletPBuilder Error in parsing taclet. de.uka.ilkd.key.util.parsing.BuildingException: Unsolved symbol in de.uka.ilkd.key.java.JavaParserFactory$DynamicTypeSolver@60686d5f : java.lang.Object at file:/D:/a/key/key/key.core/build/resources/main/de/uka/ilkd/key/proof/rules/floatAssignment2UpdateRules.key:50:15
	at de.uka.ilkd.key.nparser.builder.AbstractBuilder.accept(AbstractBuilder.java:54)
Caused by: com.github.javaparser.resolution.UnsolvedSymbolException: Unsolved symbol in de.uka.ilkd.key.java.JavaParserFactory$DynamicTypeSolver@60686d5f : java.lang.Object
	at com.github.javaparser.resolution.TypeSolver.solveType(TypeSolver.java:71)

165433     ERROR Test worker     d.u.i.k.n.b.AbstractBuilder  com.github.javaparser.resolution.UnsolvedSymbolException: Unsolved symbol in de.uka.ilkd.key.java.JavaParserFactory$DynamicTypeSolver@60686d5f : java.lang.Object
	at com.github.javaparser.resolution.TypeSolver.solveType(TypeSolver.java:71)

165433     ERROR Test worker     d.u.i.k.n.b.TacletPBuilder Error in parsing taclet. de.uka.ilkd.key.util.parsing.BuildingException: Unsolved symbol in de.uka.ilkd.key.java.JavaParserFactory$DynamicTypeSolver@60686d5f : java.lang.Object at file:/D:/a/key/key/key.core/build/resources/main/de/uka/ilkd/key/proof/rules/floatAssignment2UpdateRules.key:58:15
	at de.uka.ilkd.key.nparser.builder.AbstractBuilder.accept(AbstractBuilder.java:54)
Caused by: com.github.javaparser.resolution.UnsolvedSymbolException: Unsolved symbol in de.uka.ilkd.key.java.JavaParserFactory$DynamicTypeSolver@60686d5f : java.lang.Object
	at com.github.javaparser.resolution.TypeSolver.solveType(TypeSolver.java:71)

165433     ERROR Test worker     d.u.i.k.n.b.AbstractBuilder  com.github.javaparser.resolution.UnsolvedSymbolException: Unsolved symbol in de.uka.ilkd.key.java.JavaParserFactory$DynamicTypeSolver@60686d5f : java.lang.Object
	at com.github.javaparser.resolution.TypeSolver.solveType(TypeSolver.java:71)

165433     ERROR Test worker     d.u.i.k.n.b.TacletPBuilder Error in parsing taclet. de.uka.ilkd.key.util.parsing.BuildingException: Unsolved symbol in de.uka.ilkd.key.java.JavaParserFactory$DynamicTypeSolver@60686d5f : java.lang.Object at file:/D:/a/key/key/key.core/build/resources/main/de/uka/ilkd/key/proof/rules/floatAssignment2UpdateRules.key:66:15
	at de.uka.ilkd.key.nparser.builder.AbstractBuilder.accept(AbstractBuilder.java:54)
Caused by: com.github.javaparser.resolution.UnsolvedSymbolException: Unsolved symbol in de.uka.ilkd.key.java.JavaParserFactory$DynamicTypeSolver@60686d5f : java.lang.Object
	at com.github.javaparser.resolution.TypeSolver.solveType(TypeSolver.java:71)

165433     ERROR Test worker     d.u.i.k.n.b.AbstractBuilder  com.github.javaparser.resolution.UnsolvedSymbolException: Unsolved symbol in de.uka.ilkd.key.java.JavaParserFactory$DynamicTypeSolver@60686d5f : java.lang.Object
	at com.github.javaparser.resolution.TypeSolver.solveType(TypeSolver.java:71)

165433     ERROR Test worker     d.u.i.k.n.b.TacletPBuilder Error in parsing taclet. de.uka.ilkd.key.util.parsing.BuildingException: Unsolved symbol in de.uka.ilkd.key.java.JavaParserFactory$DynamicTypeSolver@60686d5f : java.lang.Object at file:/D:/a/key/key/key.core/build/resources/main/de/uka/ilkd/key/proof/rules/floatAssignment2UpdateRules.key:74:15
	at de.uka.ilkd.key.nparser.builder.AbstractBuilder.accept(AbstractBuilder.java:54)
Caused by: com.github.javaparser.resolution.UnsolvedSymbolException: Unsolved symbol in de.uka.ilkd.key.java.JavaParserFactory$DynamicTypeSolver@60686d5f : java.lang.Object
	at com.github.javaparser.resolution.TypeSolver.solveType(TypeSolver.java:71)

165433     ERROR Test worker     d.u.i.k.n.b.AbstractBuilder  com.github.javaparser.resolution.UnsolvedSymbolException: Unsolved symbol in de.uka.ilkd.key.java.JavaParserFactory$DynamicTypeSolver@60686d5f : java.lang.Object
	at com.github.javaparser.resolution.TypeSolver.solveType(TypeSolver.java:71)

165433     ERROR Test worker     d.u.i.k.n.b.TacletPBuilder Error in parsing taclet. de.uka.ilkd.key.util.parsing.BuildingException: Unsolved symbol in de.uka.ilkd.key.java.JavaParserFactory$DynamicTypeSolver@60686d5f : java.lang.Object at file:/D:/a/key/key/key.core/build/resources/main/de/uka/ilkd/key/proof/rules/floatAssignment2UpdateRules.key:82:15
	at de.uka.ilkd.key.nparser.builder.AbstractBuilder.accept(AbstractBuilder.java:54)
Caused by: com.github.javaparser.resolution.UnsolvedSymbolException: Unsolved symbol in de.uka.ilkd.key.java.JavaParserFactory$DynamicTypeSolver@60686d5f : java.lang.Object
	at com.github.javaparser.resolution.TypeSolver.solveType(TypeSolver.java:71)

165449     ERROR Test worker     d.u.i.k.n.b.AbstractBuilder  com.github.javaparser.resolution.UnsolvedSymbolException: Unsolved symbol in de.uka.ilkd.key.java.JavaParserFactory$DynamicTypeSolver@60686d5f : java.lang.Object
	at com.github.javaparser.resolution.TypeSolver.solveType(TypeSolver.java:71)

165449     ERROR Test worker     d.u.i.k.n.b.TacletPBuilder Error in parsing taclet. de.uka.ilkd.key.util.parsing.BuildingException: Unsolved symbol in de.uka.ilkd.key.java.JavaParserFactory$DynamicTypeSolver@60686d5f : java.lang.Object at file:/D:/a/key/key/key.core/build/resources/main/de/uka/ilkd/key/proof/rules/floatAssignment2UpdateRules.key:93:15
	at de.uka.ilkd.key.nparser.builder.AbstractBuilder.accept(AbstractBuilder.java:54)
Caused by: com.github.javaparser.resolution.UnsolvedSymbolException: Unsolved symbol in de.uka.ilkd.key.java.JavaParserFactory$DynamicTypeSolver@60686d5f : java.lang.Object
	at com.github.javaparser.resolution.TypeSolver.solveType(TypeSolver.java:71)

165449     ERROR Test worker     d.u.i.k.n.b.AbstractBuilder  com.github.javaparser.resolution.UnsolvedSymbolException: Unsolved symbol in de.uka.ilkd.key.java.JavaParserFactory$DynamicTypeSolver@60686d5f : java.lang.Object
	at com.github.javaparser.resolution.TypeSolver.solveType(TypeSolver.java:71)

165449     ERROR Test worker     d.u.i.k.n.b.TacletPBuilder Error in parsing taclet. de.uka.ilkd.key.util.parsing.BuildingException: Unsolved symbol in de.uka.ilkd.key.java.JavaParserFactory$DynamicTypeSolver@60686d5f : java.lang.Object at file:/D:/a/key/key/key.core/build/resources/main/de/uka/ilkd/key/proof/rules/floatAssignment2UpdateRules.key:101:15
	at de.uka.ilkd.key.nparser.builder.AbstractBuilder.accept(AbstractBuilder.java:54)
Caused by: com.github.javaparser.resolution.UnsolvedSymbolException: Unsolved symbol in de.uka.ilkd.key.java.JavaParserFactory$DynamicTypeSolver@60686d5f : java.lang.Object
	at com.github.javaparser.resolution.TypeSolver.solveType(TypeSolver.java:71)

165449     ERROR Test worker     d.u.i.k.n.b.AbstractBuilder  com.github.javaparser.resolution.UnsolvedSymbolException: Unsolved symbol in de.uka.ilkd.key.java.JavaParserFactory$DynamicTypeSolver@60686d5f : java.lang.Object
	at com.github.javaparser.resolution.TypeSolver.solveType(TypeSolver.java:71)

165449     ERROR Test worker     d.u.i.k.n.b.TacletPBuilder Error in parsing taclet. de.uka.ilkd.key.util.parsing.BuildingException: Unsolved symbol in de.uka.ilkd.key.java.JavaParserFactory$DynamicTypeSolver@60686d5f : java.lang.Object at file:/D:/a/key/key/key.core/build/resources/main/de/uka/ilkd/key/proof/rules/floatAssignment2UpdateRules.key:109:15
	at de.uka.ilkd.key.nparser.builder.AbstractBuilder.accept(AbstractBuilder.java:54)
Caused by: com.github.javaparser.resolution.UnsolvedSymbolException: Unsolved symbol in de.uka.ilkd.key.java.JavaParserFactory$DynamicTypeSolver@60686d5f : java.lang.Object
	at com.github.javaparser.resolution.TypeSolver.solveType(TypeSolver.java:71)

165449     ERROR Test worker     d.u.i.k.n.b.AbstractBuilder  com.github.javaparser.resolution.UnsolvedSymbolException: Unsolved symbol in de.uka.ilkd.key.java.JavaParserFactory$DynamicTypeSolver@60686d5f : java.lang.Object
	at com.github.javaparser.resolution.TypeSolver.solveType(TypeSolver.java:71)

165449     ERROR Test worker     d.u.i.k.n.b.TacletPBuilder Error in parsing taclet. de.uka.ilkd.key.util.parsing.BuildingException: Unsolved symbol in de.uka.ilkd.key.java.JavaParserFactory$DynamicTypeSolver@60686d5f : java.lang.Object at file:/D:/a/key/key/key.core/build/resources/main/de/uka/ilkd/key/proof/rules/floatAssignment2UpdateRules.key:117:15
	at de.uka.ilkd.key.nparser.builder.AbstractBuilder.accept(AbstractBuilder.java:54)
Caused by: com.github.javaparser.resolution.UnsolvedSymbolException: Unsolved symbol in de.uka.ilkd.key.java.JavaParserFactory$DynamicTypeSolver@60686d5f : java.lang.Object
	at com.github.javaparser.resolution.TypeSolver.solveType(TypeSolver.java:71)

165449     ERROR Test worker     d.u.i.k.n.b.AbstractBuilder  com.github.javaparser.resolution.UnsolvedSymbolException: Unsolved symbol in de.uka.ilkd.key.java.JavaParserFactory$DynamicTypeSolver@60686d5f : java.lang.Object
	at com.github.javaparser.resolution.TypeSolver.solveType(TypeSolver.java:71)

165449     ERROR Test worker     d.u.i.k.n.b.TacletPBuilder Error in parsing taclet. de.uka.ilkd.key.util.parsing.BuildingException: Unsolved symbol in de.uka.ilkd.key.java.JavaParserFactory$DynamicTypeSolver@60686d5f : java.lang.Object at file:/D:/a/key/key/key.core/build/resources/main/de/uka/ilkd/key/proof/rules/floatAssignment2UpdateRules.key:125:15
	at de.uka.ilkd.key.nparser.builder.AbstractBuilder.accept(AbstractBuilder.java:54)
Caused by: com.github.javaparser.resolution.UnsolvedSymbolException: Unsolved symbol in de.uka.ilkd.key.java.JavaParserFactory$DynamicTypeSolver@60686d5f : java.lang.Object
	at com.github.javaparser.resolution.TypeSolver.solveType(TypeSolver.java:71)

165449     ERROR Test worker     d.u.i.k.n.b.AbstractBuilder  com.github.javaparser.resolution.UnsolvedSymbolException: Unsolved symbol in de.uka.ilkd.key.java.JavaParserFactory$DynamicTypeSolver@60686d5f : java.lang.Object
	at com.github.javaparser.resolution.TypeSolver.solveType(TypeSolver.java:71)

165449     ERROR Test worker     d.u.i.k.n.b.TacletPBuilder Error in parsing taclet. de.uka.ilkd.key.util.parsing.BuildingException: Unsolved symbol in de.uka.ilkd.key.java.JavaParserFactory$DynamicTypeSolver@60686d5f : java.lang.Object at file:/D:/a/key/key/key.core/build/resources/main/de/uka/ilkd/key/proof/rules/floatAssignment2UpdateRules.key:133:15
	at de.uka.ilkd.key.nparser.builder.AbstractBuilder.accept(AbstractBuilder.java:54)
Caused by: com.github.javaparser.resolution.UnsolvedSymbolException: Unsolved symbol in de.uka.ilkd.key.java.JavaParserFactory$DynamicTypeSolver@60686d5f : java.lang.Object
	at com.github.javaparser.resolution.TypeSolver.solveType(TypeSolver.java:71)

165449     ERROR Test worker     d.u.i.k.n.b.AbstractBuilder  com.github.javaparser.resolution.UnsolvedSymbolException: Unsolved symbol in de.uka.ilkd.key.java.JavaParserFactory$DynamicTypeSolver@60686d5f : java.lang.Object
	at com.github.javaparser.resolution.TypeSolver.solveType(TypeSolver.java:71)

165449     ERROR Test worker     d.u.i.k.n.b.TacletPBuilder Error in parsing taclet. de.uka.ilkd.key.util.parsing.BuildingException: Unsolved symbol in de.uka.ilkd.key.java.JavaParserFactory$DynamicTypeSolver@60686d5f : java.lang.Object at file:/D:/a/key/key/key.core/build/resources/main/de/uka/ilkd/key/proof/rules/floatAssignment2UpdateRules.key:143:15
	at de.uka.ilkd.key.nparser.builder.AbstractBuilder.accept(AbstractBuilder.java:54)
Caused by: com.github.javaparser.resolution.UnsolvedSymbolException: Unsolved symbol in de.uka.ilkd.key.java.JavaParserFactory$DynamicTypeSolver@60686d5f : java.lang.Object
	at com.github.javaparser.resolution.TypeSolver.solveType(TypeSolver.java:71)

165449     ERROR Test worker     d.u.i.k.n.b.AbstractBuilder  com.github.javaparser.resolution.UnsolvedSymbolException: Unsolved symbol in de.uka.ilkd.key.java.JavaParserFactory$DynamicTypeSolver@60686d5f : java.lang.Object
	at com.github.javaparser.resolution.TypeSolver.solveType(TypeSolver.java:71)

165449     ERROR Test worker     d.u.i.k.n.b.TacletPBuilder Error in parsing taclet. de.uka.ilkd.key.util.parsing.BuildingException: Unsolved symbol in de.uka.ilkd.key.java.JavaParserFactory$DynamicTypeSolver@60686d5f : java.lang.Object at file:/D:/a/key/key/key.core/build/resources/main/de/uka/ilkd/key/proof/rules/floatAssignment2UpdateRules.key:153:15
	at de.uka.ilkd.key.nparser.builder.AbstractBuilder.accept(AbstractBuilder.java:54)
Caused by: com.github.javaparser.resolution.UnsolvedSymbolException: Unsolved symbol in de.uka.ilkd.key.java.JavaParserFactory$DynamicTypeSolver@60686d5f : java.lang.Object
	at com.github.javaparser.resolution.TypeSolver.solveType(TypeSolver.java:71)

165464     ERROR Test worker     d.u.i.k.n.b.AbstractBuilder  com.github.javaparser.resolution.UnsolvedSymbolException: Unsolved symbol in de.uka.ilkd.key.java.JavaParserFactory$DynamicTypeSolver@60686d5f : java.lang.Object
	at com.github.javaparser.resolution.TypeSolver.solveType(TypeSolver.java:71)

165464     ERROR Test worker     d.u.i.k.n.b.TacletPBuilder Error in parsing taclet. de.uka.ilkd.key.util.parsing.BuildingException: Unsolved symbol in de.uka.ilkd.key.java.JavaParserFactory$DynamicTypeSolver@60686d5f : java.lang.Object at file:/D:/a/key/key/key.core/build/resources/main/de/uka/ilkd/key/proof/rules/floatAssignment2UpdateRules.key:165:15
	at de.uka.ilkd.key.nparser.builder.AbstractBuilder.accept(AbstractBuilder.java:54)
Caused by: com.github.javaparser.resolution.UnsolvedSymbolException: Unsolved symbol in de.uka.ilkd.key.java.JavaParserFactory$DynamicTypeSolver@60686d5f : java.lang.Object
	at com.github.javaparser.resolution.TypeSolver.solveType(TypeSolver.java:71)

165464     ERROR Test worker     d.u.i.k.n.b.AbstractBuilder  com.github.javaparser.resolution.UnsolvedSymbolException: Unsolved symbol in de.uka.ilkd.key.java.JavaParserFactory$DynamicTypeSolver@60686d5f : java.lang.Object
	at com.github.javaparser.resolution.TypeSolver.solveType(TypeSolver.java:71)

165464     ERROR Test worker     d.u.i.k.n.b.TacletPBuilder Error in parsing taclet. de.uka.ilkd.key.util.parsing.BuildingException: Unsolved symbol in de.uka.ilkd.key.java.JavaParserFactory$DynamicTypeSolver@60686d5f : java.lang.Object at file:/D:/a/key/key/key.core/build/resources/main/de/uka/ilkd/key/proof/rules/floatAssignment2UpdateRules.key:177:15
	at de.uka.ilkd.key.nparser.builder.AbstractBuilder.accept(AbstractBuilder.java:54)
Caused by: com.github.javaparser.resolution.UnsolvedSymbolException: Unsolved symbol in de.uka.ilkd.key.java.JavaParserFactory$DynamicTypeSolver@60686d5f : java.lang.Object
	at com.github.javaparser.resolution.TypeSolver.solveType(TypeSolver.java:71)

165464     ERROR Test worker     d.u.i.k.n.b.AbstractBuilder  com.github.javaparser.resolution.UnsolvedSymbolException: Unsolved symbol in de.uka.ilkd.key.java.JavaParserFactory$DynamicTypeSolver@60686d5f : java.lang.Object
	at com.github.javaparser.resolution.TypeSolver.solveType(TypeSolver.java:71)

165464     ERROR Test worker     d.u.i.k.n.b.TacletPBuilder Error in parsing taclet. de.uka.ilkd.key.util.parsing.BuildingException: Unsolved symbol in de.uka.ilkd.key.java.JavaParserFactory$DynamicTypeSolver@60686d5f : java.lang.Object at file:/D:/a/key/key/key.core/build/resources/main/de/uka/ilkd/key/proof/rules/floatAssignment2UpdateRules.key:189:15
	at de.uka.ilkd.key.nparser.builder.AbstractBuilder.accept(AbstractBuilder.java:54)
Caused by: com.github.javaparser.resolution.UnsolvedSymbolException: Unsolved symbol in de.uka.ilkd.key.java.JavaParserFactory$DynamicTypeSolver@60686d5f : java.lang.Object
	at com.github.javaparser.resolution.TypeSolver.solveType(TypeSolver.java:71)

165464     ERROR Test worker     d.u.i.k.n.b.AbstractBuilder  com.github.javaparser.resolution.UnsolvedSymbolException: Unsolved symbol in de.uka.ilkd.key.java.JavaParserFactory$DynamicTypeSolver@60686d5f : java.lang.Object
	at com.github.javaparser.resolution.TypeSolver.solveType(TypeSolver.java:71)

165464     ERROR Test worker     d.u.i.k.n.b.TacletPBuilder Error in parsing taclet. de.uka.ilkd.key.util.parsing.BuildingException: Unsolved symbol in de.uka.ilkd.key.java.JavaParserFactory$DynamicTypeSolver@60686d5f : java.lang.Object at file:/D:/a/key/key/key.core/build/resources/main/de/uka/ilkd/key/proof/rules/floatAssignment2UpdateRules.key:201:15
	at de.uka.ilkd.key.nparser.builder.AbstractBuilder.accept(AbstractBuilder.java:54)
Caused by: com.github.javaparser.resolution.UnsolvedSymbolException: Unsolved symbol in de.uka.ilkd.key.java.JavaParserFactory$DynamicTypeSolver@60686d5f : java.lang.Object
	at com.github.javaparser.resolution.TypeSolver.solveType(TypeSolver.java:71)

165464     ERROR Test worker     d.u.i.k.n.b.AbstractBuilder  com.github.javaparser.resolution.UnsolvedSymbolException: Unsolved symbol in de.uka.ilkd.key.java.JavaParserFactory$DynamicTypeSolver@60686d5f : java.lang.Object
	at com.github.javaparser.resolution.TypeSolver.solveType(TypeSolver.java:71)

165464     ERROR Test worker     d.u.i.k.n.b.TacletPBuilder Error in parsing taclet. de.uka.ilkd.key.util.parsing.BuildingException: Unsolved symbol in de.uka.ilkd.key.java.JavaParserFactory$DynamicTypeSolver@60686d5f : java.lang.Object at file:/D:/a/key/key/key.core/build/resources/main/de/uka/ilkd/key/proof/rules/floatAssignment2UpdateRules.key:214:15
	at de.uka.ilkd.key.nparser.builder.AbstractBuilder.accept(AbstractBuilder.java:54)
Caused by: com.github.javaparser.resolution.UnsolvedSymbolException: Unsolved symbol in de.uka.ilkd.key.java.JavaParserFactory$DynamicTypeSolver@60686d5f : java.lang.Object
	at com.github.javaparser.resolution.TypeSolver.solveType(TypeSolver.java:71)

165464     ERROR Test worker     d.u.i.k.n.b.AbstractBuilder  com.github.javaparser.resolution.UnsolvedSymbolException: Unsolved symbol in de.uka.ilkd.key.java.JavaParserFactory$DynamicTypeSolver@60686d5f : java.lang.Object
	at com.github.javaparser.resolution.TypeSolver.solveType(TypeSolver.java:71)

165464     ERROR Test worker     d.u.i.k.n.b.TacletPBuilder Error in parsing taclet. de.uka.ilkd.key.util.parsing.BuildingException: Unsolved symbol in de.uka.ilkd.key.java.JavaParserFactory$DynamicTypeSolver@60686d5f : java.lang.Object at file:/D:/a/key/key/key.core/build/resources/main/de/uka/ilkd/key/proof/rules/floatAssignment2UpdateRules.key:226:15
	at de.uka.ilkd.key.nparser.builder.AbstractBuilder.accept(AbstractBuilder.java:54)
Caused by: com.github.javaparser.resolution.UnsolvedSymbolException: Unsolved symbol in de.uka.ilkd.key.java.JavaParserFactory$DynamicTypeSolver@60686d5f : java.lang.Object
	at com.github.javaparser.resolution.TypeSolver.solveType(TypeSolver.java:71)

165464     ERROR Test worker     d.u.i.k.n.b.AbstractBuilder  com.github.javaparser.resolution.UnsolvedSymbolException: Unsolved symbol in de.uka.ilkd.key.java.JavaParserFactory$DynamicTypeSolver@60686d5f : java.lang.Object
	at com.github.javaparser.resolution.TypeSolver.solveType(TypeSolver.java:71)

165464     ERROR Test worker     d.u.i.k.n.b.TacletPBuilder Error in parsing taclet. de.uka.ilkd.key.util.parsing.BuildingException: Unsolved symbol in de.uka.ilkd.key.java.JavaParserFactory$DynamicTypeSolver@60686d5f : java.lang.Object at file:/D:/a/key/key/key.core/build/resources/main/de/uka/ilkd/key/proof/rules/floatAssignment2UpdateRules.key:238:15
	at de.uka.ilkd.key.nparser.builder.AbstractBuilder.accept(AbstractBuilder.java:54)
Caused by: com.github.javaparser.resolution.UnsolvedSymbolException: Unsolved symbol in de.uka.ilkd.key.java.JavaParserFactory$DynamicTypeSolver@60686d5f : java.lang.Object
	at com.github.javaparser.resolution.TypeSolver.solveType(TypeSolver.java:71)

165464     ERROR Test worker     d.u.i.k.n.b.AbstractBuilder  com.github.javaparser.resolution.UnsolvedSymbolException: Unsolved symbol in de.uka.ilkd.key.java.JavaParserFactory$DynamicTypeSolver@60686d5f : java.lang.Object
	at com.github.javaparser.resolution.TypeSolver.solveType(TypeSolver.java:71)

165464     ERROR Test worker     d.u.i.k.n.b.TacletPBuilder Error in parsing taclet. de.uka.ilkd.key.util.parsing.BuildingException: Unsolved symbol in de.uka.ilkd.key.java.JavaParserFactory$DynamicTypeSolver@60686d5f : java.lang.Object at file:/D:/a/key/key/key.core/build/resources/main/de/uka/ilkd/key/proof/rules/floatAssignment2UpdateRules.key:250:15
	at de.uka.ilkd.key.nparser.builder.AbstractBuilder.accept(AbstractBuilder.java:54)
Caused by: com.github.javaparser.resolution.UnsolvedSymbolException: Unsolved symbol in de.uka.ilkd.key.java.JavaParserFactory$DynamicTypeSolver@60686d5f : java.lang.Object
	at com.github.javaparser.resolution.TypeSolver.solveType(TypeSolver.java:71)

165480     ERROR Test worker     d.u.i.k.n.b.AbstractBuilder  com.github.javaparser.resolution.UnsolvedSymbolException: Unsolved symbol in de.uka.ilkd.key.java.JavaParserFactory$DynamicTypeSolver@60686d5f : java.lang.Object
	at com.github.javaparser.resolution.TypeSolver.solveType(TypeSolver.java:71)

165480     ERROR Test worker     d.u.i.k.n.b.TacletPBuilder Error in parsing taclet. de.uka.ilkd.key.util.parsing.BuildingException: Unsolved symbol in de.uka.ilkd.key.java.JavaParserFactory$DynamicTypeSolver@60686d5f : java.lang.Object at file:/D:/a/key/key/key.core/build/resources/main/de/uka/ilkd/key/proof/rules/floatAssignment2UpdateRules.key:264:15
	at de.uka.ilkd.key.nparser.builder.AbstractBuilder.accept(AbstractBuilder.java:54)
Caused by: com.github.javaparser.resolution.UnsolvedSymbolException: Unsolved symbol in de.uka.ilkd.key.java.JavaParserFactory$DynamicTypeSolver@60686d5f : java.lang.Object
	at com.github.javaparser.resolution.TypeSolver.solveType(TypeSolver.java:71)

165480     ERROR Test worker     d.u.i.k.n.b.AbstractBuilder  com.github.javaparser.resolution.UnsolvedSymbolException: Unsolved symbol in de.uka.ilkd.key.java.JavaParserFactory$DynamicTypeSolver@60686d5f : java.lang.Object
	at com.github.javaparser.resolution.TypeSolver.solveType(TypeSolver.java:71)

165480     ERROR Test worker     d.u.i.k.n.b.TacletPBuilder Error in parsing taclet. de.uka.ilkd.key.util.parsing.BuildingException: Unsolved symbol in de.uka.ilkd.key.java.JavaParserFactory$DynamicTypeSolver@60686d5f : java.lang.Object at file:/D:/a/key/key/key.core/build/resources/main/de/uka/ilkd/key/proof/rules/floatAssignment2UpdateRules.key:276:15
	at de.uka.ilkd.key.nparser.builder.AbstractBuilder.accept(AbstractBuilder.java:54)
Caused by: com.github.javaparser.resolution.UnsolvedSymbolException: Unsolved symbol in de.uka.ilkd.key.java.JavaParserFactory$DynamicTypeSolver@60686d5f : java.lang.Object
	at com.github.javaparser.resolution.TypeSolver.solveType(TypeSolver.java:71)

165480     ERROR Test worker     d.u.i.k.n.b.AbstractBuilder  com.github.javaparser.resolution.UnsolvedSymbolException: Unsolved symbol in de.uka.ilkd.key.java.JavaParserFactory$DynamicTypeSolver@60686d5f : java.lang.Object
	at com.github.javaparser.resolution.TypeSolver.solveType(TypeSolver.java:71)

165480     ERROR Test worker     d.u.i.k.n.b.TacletPBuilder Error in parsing taclet. de.uka.ilkd.key.util.parsing.BuildingException: Unsolved symbol in de.uka.ilkd.key.java.JavaParserFactory$DynamicTypeSolver@60686d5f : java.lang.Object at file:/D:/a/key/key/key.core/build/resources/main/de/uka/ilkd/key/proof/rules/floatAssignment2UpdateRules.key:288:15
	at de.uka.ilkd.key.nparser.builder.AbstractBuilder.accept(AbstractBuilder.java:54)
Caused by: com.github.javaparser.resolution.UnsolvedSymbolException: Unsolved symbol in de.uka.ilkd.key.java.JavaParserFactory$DynamicTypeSolver@60686d5f : java.lang.Object
	at com.github.javaparser.resolution.TypeSolver.solveType(TypeSolver.java:71)

165480     ERROR Test worker     d.u.i.k.n.b.AbstractBuilder  com.github.javaparser.resolution.UnsolvedSymbolException: Unsolved symbol in de.uka.ilkd.key.java.JavaParserFactory$DynamicTypeSolver@60686d5f : java.lang.Object
	at com.github.javaparser.resolution.TypeSolver.solveType(TypeSolver.java:71)

165480     ERROR Test worker     d.u.i.k.n.b.TacletPBuilder Error in parsing taclet. de.uka.ilkd.key.util.parsing.BuildingException: Unsolved symbol in de.uka.ilkd.key.java.JavaParserFactory$DynamicTypeSolver@60686d5f : java.lang.Object at file:/D:/a/key/key/key.core/build/resources/main/de/uka/ilkd/key/proof/rules/floatAssignment2UpdateRules.key:300:15
	at de.uka.ilkd.key.nparser.builder.AbstractBuilder.accept(AbstractBuilder.java:54)
Caused by: com.github.javaparser.resolution.UnsolvedSymbolException: Unsolved symbol in de.uka.ilkd.key.java.JavaParserFactory$DynamicTypeSolver@60686d5f : java.lang.Object
	at com.github.javaparser.resolution.TypeSolver.solveType(TypeSolver.java:71)

165480     ERROR Test worker     d.u.i.k.n.b.AbstractBuilder  com.github.javaparser.resolution.UnsolvedSymbolException: Unsolved symbol in de.uka.ilkd.key.java.JavaParserFactory$DynamicTypeSolver@60686d5f : java.lang.Object
	at com.github.javaparser.resolution.TypeSolver.solveType(TypeSolver.java:71)

165480     ERROR Test worker     d.u.i.k.n.b.TacletPBuilder Error in parsing taclet. de.uka.ilkd.key.util.parsing.BuildingException: Unsolved symbol in de.uka.ilkd.key.java.JavaParserFactory$DynamicTypeSolver@60686d5f : java.lang.Object at file:/D:/a/key/key/key.core/build/resources/main/de/uka/ilkd/key/proof/rules/floatAssignment2UpdateRules.key:312:15
	at de.uka.ilkd.key.nparser.builder.AbstractBuilder.accept(AbstractBuilder.java:54)
Caused by: com.github.javaparser.resolution.UnsolvedSymbolException: Unsolved symbol in de.uka.ilkd.key.java.JavaParserFactory$DynamicTypeSolver@60686d5f : java.lang.Object
	at com.github.javaparser.resolution.TypeSolver.solveType(TypeSolver.java:71)

165480     ERROR Test worker     d.u.i.k.n.b.AbstractBuilder  com.github.javaparser.resolution.UnsolvedSymbolException: Unsolved symbol in de.uka.ilkd.key.java.JavaParserFactory$DynamicTypeSolver@60686d5f : java.lang.Object
	at com.github.javaparser.resolution.TypeSolver.solveType(TypeSolver.java:71)

165480     ERROR Test worker     d.u.i.k.n.b.TacletPBuilder Error in parsing taclet. de.uka.ilkd.key.util.parsing.BuildingException: Unsolved symbol in de.uka.ilkd.key.java.JavaParserFactory$DynamicTypeSolver@60686d5f : java.lang.Object at file:/D:/a/key/key/key.core/build/resources/main/de/uka/ilkd/key/proof/rules/floatAssignment2UpdateRules.key:324:15
	at de.uka.ilkd.key.nparser.builder.AbstractBuilder.accept(AbstractBuilder.java:54)
Caused by: com.github.javaparser.resolution.UnsolvedSymbolException: Unsolved symbol in de.uka.ilkd.key.java.JavaParserFactory$DynamicTypeSolver@60686d5f : java.lang.Object
	at com.github.javaparser.resolution.TypeSolver.solveType(TypeSolver.java:71)

165480     ERROR Test worker     d.u.i.k.n.b.AbstractBuilder  com.github.javaparser.resolution.UnsolvedSymbolException: Unsolved symbol in de.uka.ilkd.key.java.JavaParserFactory$DynamicTypeSolver@60686d5f : java.lang.Object
	at com.github.javaparser.resolution.TypeSolver.solveType(TypeSolver.java:71)

165480     ERROR Test worker     d.u.i.k.n.b.TacletPBuilder Error in parsing taclet. de.uka.ilkd.key.util.parsing.BuildingException: Unsolved symbol in de.uka.ilkd.key.java.JavaParserFactory$DynamicTypeSolver@60686d5f : java.lang.Object at file:/D:/a/key/key/key.core/build/resources/main/de/uka/ilkd/key/proof/rules/floatAssignment2UpdateRules.key:336:15
	at de.uka.ilkd.key.nparser.builder.AbstractBuilder.accept(AbstractBuilder.java:54)
Caused by: com.github.javaparser.resolution.UnsolvedSymbolException: Unsolved symbol in de.uka.ilkd.key.java.JavaParserFactory$DynamicTypeSolver@60686d5f : java.lang.Object
	at com.github.javaparser.resolution.TypeSolver.solveType(TypeSolver.java:71)

165480     ERROR Test worker     d.u.i.k.n.b.AbstractBuilder  com.github.javaparser.resolution.UnsolvedSymbolException: Unsolved symbol in de.uka.ilkd.key.java.JavaParserFactory$DynamicTypeSolver@60686d5f : java.lang.Object
	at com.github.javaparser.resolution.TypeSolver.solveType(TypeSolver.java:71)

165480     ERROR Test worker     d.u.i.k.n.b.TacletPBuilder Error in parsing taclet. de.uka.ilkd.key.util.parsing.BuildingException: Unsolved symbol in de.uka.ilkd.key.java.JavaParserFactory$DynamicTypeSolver@60686d5f : java.lang.Object at file:/D:/a/key/key/key.core/build/resources/main/de/uka/ilkd/key/proof/rules/floatAssignment2UpdateRules.key:348:15
	at de.uka.ilkd.key.nparser.builder.AbstractBuilder.accept(AbstractBuilder.java:54)
Caused by: com.github.javaparser.resolution.UnsolvedSymbolException: Unsolved symbol in de.uka.ilkd.key.java.JavaParserFactory$DynamicTypeSolver@60686d5f : java.lang.Object
	at com.github.javaparser.resolution.TypeSolver.solveType(TypeSolver.java:71)

165496     ERROR Test worker     d.u.i.k.n.b.AbstractBuilder  com.github.javaparser.resolution.UnsolvedSymbolException: Unsolved symbol in de.uka.ilkd.key.java.JavaParserFactory$DynamicTypeSolver@60686d5f : java.lang.Object
	at com.github.javaparser.resolution.TypeSolver.solveType(TypeSolver.java:71)

165496     ERROR Test worker     d.u.i.k.n.b.TacletPBuilder Error in parsing taclet. de.uka.ilkd.key.util.parsing.BuildingException: Unsolved symbol in de.uka.ilkd.key.java.JavaParserFactory$DynamicTypeSolver@60686d5f : java.lang.Object at file:/D:/a/key/key/key.core/build/resources/main/de/uka/ilkd/key/proof/rules/floatAssignment2UpdateRules.key:361:15
	at de.uka.ilkd.key.nparser.builder.AbstractBuilder.accept(AbstractBuilder.java:54)
Caused by: com.github.javaparser.resolution.UnsolvedSymbolException: Unsolved symbol in de.uka.ilkd.key.java.JavaParserFactory$DynamicTypeSolver@60686d5f : java.lang.Object
	at com.github.javaparser.resolution.TypeSolver.solveType(TypeSolver.java:71)

165496     ERROR Test worker     d.u.i.k.n.b.AbstractBuilder  com.github.javaparser.resolution.UnsolvedSymbolException: Unsolved symbol in de.uka.ilkd.key.java.JavaParserFactory$DynamicTypeSolver@60686d5f : java.lang.Object
	at com.github.javaparser.resolution.TypeSolver.solveType(TypeSolver.java:71)

165496     ERROR Test worker     d.u.i.k.n.b.TacletPBuilder Error in parsing taclet. de.uka.ilkd.key.util.parsing.BuildingException: Unsolved symbol in de.uka.ilkd.key.java.JavaParserFactory$DynamicTypeSolver@60686d5f : java.lang.Object at file:/D:/a/key/key/key.core/build/resources/main/de/uka/ilkd/key/proof/rules/floatAssignment2UpdateRules.key:372:15
	at de.uka.ilkd.key.nparser.builder.AbstractBuilder.accept(AbstractBuilder.java:54)
Caused by: com.github.javaparser.resolution.UnsolvedSymbolException: Unsolved symbol in de.uka.ilkd.key.java.JavaParserFactory$DynamicTypeSolver@60686d5f : java.lang.Object
	at com.github.javaparser.resolution.TypeSolver.solveType(TypeSolver.java:71)

165496     ERROR Test worker     d.u.i.k.n.b.AbstractBuilder  com.github.javaparser.resolution.UnsolvedSymbolException: Unsolved symbol in de.uka.ilkd.key.java.JavaParserFactory$DynamicTypeSolver@60686d5f : java.lang.Object
	at com.github.javaparser.resolution.TypeSolver.solveType(TypeSolver.java:71)

165496     ERROR Test worker     d.u.i.k.n.b.TacletPBuilder Error in parsing taclet. de.uka.ilkd.key.util.parsing.BuildingException: Unsolved symbol in de.uka.ilkd.key.java.JavaParserFactory$DynamicTypeSolver@60686d5f : java.lang.Object at file:/D:/a/key/key/key.core/build/resources/main/de/uka/ilkd/key/proof/rules/floatAssignment2UpdateRules.key:385:15
	at de.uka.ilkd.key.nparser.builder.AbstractBuilder.accept(AbstractBuilder.java:54)
Caused by: com.github.javaparser.resolution.UnsolvedSymbolException: Unsolved symbol in de.uka.ilkd.key.java.JavaParserFactory$DynamicTypeSolver@60686d5f : java.lang.Object
	at com.github.javaparser.resolution.TypeSolver.solveType(TypeSolver.java:71)

165496     ERROR Test worker     d.u.i.k.n.b.AbstractBuilder  com.github.javaparser.resolution.UnsolvedSymbolException: Unsolved symbol in de.uka.ilkd.key.java.JavaParserFactory$DynamicTypeSolver@60686d5f : java.lang.Object
	at com.github.javaparser.resolution.TypeSolver.solveType(TypeSolver.java:71)

165496     ERROR Test worker     d.u.i.k.n.b.TacletPBuilder Error in parsing taclet. de.uka.ilkd.key.util.parsing.BuildingException: Unsolved symbol in de.uka.ilkd.key.java.JavaParserFactory$DynamicTypeSolver@60686d5f : java.lang.Object at file:/D:/a/key/key/key.core/build/resources/main/de/uka/ilkd/key/proof/rules/floatAssignment2UpdateRules.key:397:15
	at de.uka.ilkd.key.nparser.builder.AbstractBuilder.accept(AbstractBuilder.java:54)
Caused by: com.github.javaparser.resolution.UnsolvedSymbolException: Unsolved symbol in de.uka.ilkd.key.java.JavaParserFactory$DynamicTypeSolver@60686d5f : java.lang.Object
	at com.github.javaparser.resolution.TypeSolver.solveType(TypeSolver.java:71)

165496     ERROR Test worker     d.u.i.k.n.b.AbstractBuilder  com.github.javaparser.resolution.UnsolvedSymbolException: Unsolved symbol in de.uka.ilkd.key.java.JavaParserFactory$DynamicTypeSolver@60686d5f : java.lang.Object
	at com.github.javaparser.resolution.TypeSolver.solveType(TypeSolver.java:71)

165496     ERROR Test worker     d.u.i.k.n.b.TacletPBuilder Error in parsing taclet. de.uka.ilkd.key.util.parsing.BuildingException: Unsolved symbol in de.uka.ilkd.key.java.JavaParserFactory$DynamicTypeSolver@60686d5f : java.lang.Object at file:/D:/a/key/key/key.core/build/resources/main/de/uka/ilkd/key/proof/rules/floatAssignment2UpdateRules.key:407:15
	at de.uka.ilkd.key.nparser.builder.AbstractBuilder.accept(AbstractBuilder.java:54)
Caused by: com.github.javaparser.resolution.UnsolvedSymbolException: Unsolved symbol in de.uka.ilkd.key.java.JavaParserFactory$DynamicTypeSolver@60686d5f : java.lang.Object
	at com.github.javaparser.resolution.TypeSolver.solveType(TypeSolver.java:71)

165496     ERROR Test worker     d.u.i.k.n.b.AbstractBuilder  com.github.javaparser.resolution.UnsolvedSymbolException: Unsolved symbol in de.uka.ilkd.key.java.JavaParserFactory$DynamicTypeSolver@60686d5f : java.lang.Object
	at com.github.javaparser.resolution.TypeSolver.solveType(TypeSolver.java:71)

165496     ERROR Test worker     d.u.i.k.n.b.TacletPBuilder Error in parsing taclet. de.uka.ilkd.key.util.parsing.BuildingException: Unsolved symbol in de.uka.ilkd.key.java.JavaParserFactory$DynamicTypeSolver@60686d5f : java.lang.Object at file:/D:/a/key/key/key.core/build/resources/main/de/uka/ilkd/key/proof/rules/floatAssignment2UpdateRules.key:421:15
	at de.uka.ilkd.key.nparser.builder.AbstractBuilder.accept(AbstractBuilder.java:54)
Caused by: com.github.javaparser.resolution.UnsolvedSymbolException: Unsolved symbol in de.uka.ilkd.key.java.JavaParserFactory$DynamicTypeSolver@60686d5f : java.lang.Object
	at com.github.javaparser.resolution.TypeSolver.solveType(TypeSolver.java:71)

165496     ERROR Test worker     d.u.i.k.n.b.AbstractBuilder  com.github.javaparser.resolution.UnsolvedSymbolException: Unsolved symbol in de.uka.ilkd.key.java.JavaParserFactory$DynamicTypeSolver@60686d5f : java.lang.Object
	at com.github.javaparser.resolution.TypeSolver.solveType(TypeSolver.java:71)

165496     ERROR Test worker     d.u.i.k.n.b.TacletPBuilder Error in parsing taclet. de.uka.ilkd.key.util.parsing.BuildingException: Unsolved symbol in de.uka.ilkd.key.java.JavaParserFactory$DynamicTypeSolver@60686d5f : java.lang.Object at file:/D:/a/key/key/key.core/build/resources/main/de/uka/ilkd/key/proof/rules/floatAssignment2UpdateRules.key:431:15
	at de.uka.ilkd.key.nparser.builder.AbstractBuilder.accept(AbstractBuilder.java:54)
Caused by: com.github.javaparser.resolution.UnsolvedSymbolException: Unsolved symbol in de.uka.ilkd.key.java.JavaParserFactory$DynamicTypeSolver@60686d5f : java.lang.Object
	at com.github.javaparser.resolution.TypeSolver.solveType(TypeSolver.java:71)

165496     ERROR Test worker     d.u.i.k.n.b.AbstractBuilder  com.github.javaparser.resolution.UnsolvedSymbolException: Unsolved symbol in de.uka.ilkd.key.java.JavaParserFactory$DynamicTypeSolver@60686d5f : java.lang.Object
	at com.github.javaparser.resolution.TypeSolver.solveType(TypeSolver.java:71)

165496     ERROR Test worker     d.u.i.k.n.b.TacletPBuilder Error in parsing taclet. de.uka.ilkd.key.util.parsing.BuildingException: Unsolved symbol in de.uka.ilkd.key.java.JavaParserFactory$DynamicTypeSolver@60686d5f : java.lang.Object at file:/D:/a/key/key/key.core/build/resources/main/de/uka/ilkd/key/proof/rules/floatAssignment2UpdateRules.key:441:15
	at de.uka.ilkd.key.nparser.builder.AbstractBuilder.accept(AbstractBuilder.java:54)
Caused by: com.github.javaparser.resolution.UnsolvedSymbolException: Unsolved symbol in de.uka.ilkd.key.java.JavaParserFactory$DynamicTypeSolver@60686d5f : java.lang.Object
	at com.github.javaparser.resolution.TypeSolver.solveType(TypeSolver.java:71)

165511     ERROR Test worker     d.u.i.k.n.b.AbstractBuilder  com.github.javaparser.resolution.UnsolvedSymbolException: Unsolved symbol in de.uka.ilkd.key.java.JavaParserFactory$DynamicTypeSolver@60686d5f : java.lang.Object
	at com.github.javaparser.resolution.TypeSolver.solveType(TypeSolver.java:71)

165511     ERROR Test worker     d.u.i.k.n.b.TacletPBuilder Error in parsing taclet. de.uka.ilkd.key.util.parsing.BuildingException: Unsolved symbol in de.uka.ilkd.key.java.JavaParserFactory$DynamicTypeSolver@60686d5f : java.lang.Object at file:/D:/a/key/key/key.core/build/resources/main/de/uka/ilkd/key/proof/rules/floatAssignment2UpdateRules.key:452:15
	at de.uka.ilkd.key.nparser.builder.AbstractBuilder.accept(AbstractBuilder.java:54)
Caused by: com.github.javaparser.resolution.UnsolvedSymbolException: Unsolved symbol in de.uka.ilkd.key.java.JavaParserFactory$DynamicTypeSolver@60686d5f : java.lang.Object
	at com.github.javaparser.resolution.TypeSolver.solveType(TypeSolver.java:71)

165511     ERROR Test worker     d.u.i.k.n.b.AbstractBuilder  com.github.javaparser.resolution.UnsolvedSymbolException: Unsolved symbol in de.uka.ilkd.key.java.JavaParserFactory$DynamicTypeSolver@60686d5f : java.lang.Object
	at com.github.javaparser.resolution.TypeSolver.solveType(TypeSolver.java:71)

165511     ERROR Test worker     d.u.i.k.n.b.TacletPBuilder Error in parsing taclet. de.uka.ilkd.key.util.parsing.BuildingException: Unsolved symbol in de.uka.ilkd.key.java.JavaParserFactory$DynamicTypeSolver@60686d5f : java.lang.Object at file:/D:/a/key/key/key.core/build/resources/main/de/uka/ilkd/key/proof/rules/floatAssignment2UpdateRules.key:463:15
	at de.uka.ilkd.key.nparser.builder.AbstractBuilder.accept(AbstractBuilder.java:54)
Caused by: com.github.javaparser.resolution.UnsolvedSymbolException: Unsolved symbol in de.uka.ilkd.key.java.JavaParserFactory$DynamicTypeSolver@60686d5f : java.lang.Object
	at com.github.javaparser.resolution.TypeSolver.solveType(TypeSolver.java:71)

165511     ERROR Test worker     d.u.i.k.n.b.AbstractBuilder  com.github.javaparser.resolution.UnsolvedSymbolException: Unsolved symbol in de.uka.ilkd.key.java.JavaParserFactory$DynamicTypeSolver@60686d5f : java.lang.Object
	at com.github.javaparser.resolution.TypeSolver.solveType(TypeSolver.java:71)

165511     ERROR Test worker     d.u.i.k.n.b.TacletPBuilder Error in parsing taclet. de.uka.ilkd.key.util.parsing.BuildingException: Unsolved symbol in de.uka.ilkd.key.java.JavaParserFactory$DynamicTypeSolver@60686d5f : java.lang.Object at file:/D:/a/key/key/key.core/build/resources/main/de/uka/ilkd/key/proof/rules/floatAssignment2UpdateRules.key:473:15
	at de.uka.ilkd.key.nparser.builder.AbstractBuilder.accept(AbstractBuilder.java:54)
Caused by: com.github.javaparser.resolution.UnsolvedSymbolException: Unsolved symbol in de.uka.ilkd.key.java.JavaParserFactory$DynamicTypeSolver@60686d5f : java.lang.Object
	at com.github.javaparser.resolution.TypeSolver.solveType(TypeSolver.java:71)

165511     ERROR Test worker     d.u.i.k.n.b.AbstractBuilder  com.github.javaparser.resolution.UnsolvedSymbolException: Unsolved symbol in de.uka.ilkd.key.java.JavaParserFactory$DynamicTypeSolver@60686d5f : java.lang.Object
	at com.github.javaparser.resolution.TypeSolver.solveType(TypeSolver.java:71)

165511     ERROR Test worker     d.u.i.k.n.b.TacletPBuilder Error in parsing taclet. de.uka.ilkd.key.util.parsing.BuildingException: Unsolved symbol in de.uka.ilkd.key.java.JavaParserFactory$DynamicTypeSolver@60686d5f : java.lang.Object at file:/D:/a/key/key/key.core/build/resources/main/de/uka/ilkd/key/proof/rules/floatAssignment2UpdateRules.key:485:15
	at de.uka.ilkd.key.nparser.builder.AbstractBuilder.accept(AbstractBuilder.java:54)
Caused by: com.github.javaparser.resolution.UnsolvedSymbolException: Unsolved symbol in de.uka.ilkd.key.java.JavaParserFactory$DynamicTypeSolver@60686d5f : java.lang.Object
	at com.github.javaparser.resolution.TypeSolver.solveType(TypeSolver.java:71)

165511     ERROR Test worker     d.u.i.k.n.b.AbstractBuilder  com.github.javaparser.resolution.UnsolvedSymbolException: Unsolved symbol in de.uka.ilkd.key.java.JavaParserFactory$DynamicTypeSolver@60686d5f : java.lang.Object
	at com.github.javaparser.resolution.TypeSolver.solveType(TypeSolver.java:71)

165511     ERROR Test worker     d.u.i.k.n.b.TacletPBuilder Error in parsing taclet. de.uka.ilkd.key.util.parsing.BuildingException: Unsolved symbol in de.uka.ilkd.key.java.JavaParserFactory$DynamicTypeSolver@60686d5f : java.lang.Object at file:/D:/a/key/key/key.core/build/resources/main/de/uka/ilkd/key/proof/rules/floatAssignment2UpdateRules.key:493:15
	at de.uka.ilkd.key.nparser.builder.AbstractBuilder.accept(AbstractBuilder.java:54)
Caused by: com.github.javaparser.resolution.UnsolvedSymbolException: Unsolved symbol in de.uka.ilkd.key.java.JavaParserFactory$DynamicTypeSolver@60686d5f : java.lang.Object
	at com.github.javaparser.resolution.TypeSolver.solveType(TypeSolver.java:71)

165527     ERROR Test worker     d.u.i.k.n.b.AbstractBuilder  com.github.javaparser.resolution.UnsolvedSymbolException: Unsolved symbol in de.uka.ilkd.key.java.JavaParserFactory$DynamicTypeSolver@60686d5f : java.lang.Object
	at com.github.javaparser.resolution.TypeSolver.solveType(TypeSolver.java:71)

165527     ERROR Test worker     d.u.i.k.n.b.TacletPBuilder Error in parsing taclet. de.uka.ilkd.key.util.parsing.BuildingException: Unsolved symbol in de.uka.ilkd.key.java.JavaParserFactory$DynamicTypeSolver@60686d5f : java.lang.Object at file:/D:/a/key/key/key.core/build/resources/main/de/uka/ilkd/key/proof/rules/bigint.key:22:15
	at de.uka.ilkd.key.nparser.builder.AbstractBuilder.accept(AbstractBuilder.java:54)
Caused by: com.github.javaparser.resolution.UnsolvedSymbolException: Unsolved symbol in de.uka.ilkd.key.java.JavaParserFactory$DynamicTypeSolver@60686d5f : java.lang.Object
	at com.github.javaparser.resolution.TypeSolver.solveType(TypeSolver.java:71)

165527     ERROR Test worker     d.u.i.k.n.b.AbstractBuilder  com.github.javaparser.resolution.UnsolvedSymbolException: Unsolved symbol in de.uka.ilkd.key.java.JavaParserFactory$DynamicTypeSolver@60686d5f : java.lang.Object
	at com.github.javaparser.resolution.TypeSolver.solveType(TypeSolver.java:71)

165527     ERROR Test worker     d.u.i.k.n.b.TacletPBuilder Error in parsing taclet. de.uka.ilkd.key.util.parsing.BuildingException: Unsolved symbol in de.uka.ilkd.key.java.JavaParserFactory$DynamicTypeSolver@60686d5f : java.lang.Object at file:/D:/a/key/key/key.core/build/resources/main/de/uka/ilkd/key/proof/rules/bigint.key:31:15
	at de.uka.ilkd.key.nparser.builder.AbstractBuilder.accept(AbstractBuilder.java:54)
Caused by: com.github.javaparser.resolution.UnsolvedSymbolException: Unsolved symbol in de.uka.ilkd.key.java.JavaParserFactory$DynamicTypeSolver@60686d5f : java.lang.Object
	at com.github.javaparser.resolution.TypeSolver.solveType(TypeSolver.java:71)

165527     ERROR Test worker     d.u.i.k.n.b.AbstractBuilder  com.github.javaparser.resolution.UnsolvedSymbolException: Unsolved symbol in de.uka.ilkd.key.java.JavaParserFactory$DynamicTypeSolver@60686d5f : java.lang.Object
	at com.github.javaparser.resolution.TypeSolver.solveType(TypeSolver.java:71)

165527     ERROR Test worker     d.u.i.k.n.b.TacletPBuilder Error in parsing taclet. de.uka.ilkd.key.util.parsing.BuildingException: Unsolved symbol in de.uka.ilkd.key.java.JavaParserFactory$DynamicTypeSolver@60686d5f : java.lang.Object at file:/D:/a/key/key/key.core/build/resources/main/de/uka/ilkd/key/proof/rules/bigint.key:42:15
	at de.uka.ilkd.key.nparser.builder.AbstractBuilder.accept(AbstractBuilder.java:54)
Caused by: com.github.javaparser.resolution.UnsolvedSymbolException: Unsolved symbol in de.uka.ilkd.key.java.JavaParserFactory$DynamicTypeSolver@60686d5f : java.lang.Object
	at com.github.javaparser.resolution.TypeSolver.solveType(TypeSolver.java:71)

165527     ERROR Test worker     d.u.i.k.n.b.AbstractBuilder  com.github.javaparser.resolution.UnsolvedSymbolException: Unsolved symbol in de.uka.ilkd.key.java.JavaParserFactory$DynamicTypeSolver@60686d5f : java.lang.Object
	at com.github.javaparser.resolution.TypeSolver.solveType(TypeSolver.java:71)

165527     ERROR Test worker     d.u.i.k.n.b.TacletPBuilder Error in parsing taclet. de.uka.ilkd.key.util.parsing.BuildingException: Unsolved symbol in de.uka.ilkd.key.java.JavaParserFactory$DynamicTypeSolver@60686d5f : java.lang.Object at file:/D:/a/key/key/key.core/build/resources/main/de/uka/ilkd/key/proof/rules/bigint.key:53:15
	at de.uka.ilkd.key.nparser.builder.AbstractBuilder.accept(AbstractBuilder.java:54)
Caused by: com.github.javaparser.resolution.UnsolvedSymbolException: Unsolved symbol in de.uka.ilkd.key.java.JavaParserFactory$DynamicTypeSolver@60686d5f : java.lang.Object
	at com.github.javaparser.resolution.TypeSolver.solveType(TypeSolver.java:71)

165527     ERROR Test worker     d.u.i.k.n.b.AbstractBuilder  com.github.javaparser.resolution.UnsolvedSymbolException: Unsolved symbol in de.uka.ilkd.key.java.JavaParserFactory$DynamicTypeSolver@60686d5f : java.lang.Object
	at com.github.javaparser.resolution.TypeSolver.solveType(TypeSolver.java:71)

165527     ERROR Test worker     d.u.i.k.n.b.TacletPBuilder Error in parsing taclet. de.uka.ilkd.key.util.parsing.BuildingException: Unsolved symbol in de.uka.ilkd.key.java.JavaParserFactory$DynamicTypeSolver@60686d5f : java.lang.Object at file:/D:/a/key/key/key.core/build/resources/main/de/uka/ilkd/key/proof/rules/bigint.key:63:15
	at de.uka.ilkd.key.nparser.builder.AbstractBuilder.accept(AbstractBuilder.java:54)
Caused by: com.github.javaparser.resolution.UnsolvedSymbolException: Unsolved symbol in de.uka.ilkd.key.java.JavaParserFactory$DynamicTypeSolver@60686d5f : java.lang.Object
	at com.github.javaparser.resolution.TypeSolver.solveType(TypeSolver.java:71)

165527     ERROR Test worker     d.u.i.k.n.b.AbstractBuilder  com.github.javaparser.resolution.UnsolvedSymbolException: Unsolved symbol in de.uka.ilkd.key.java.JavaParserFactory$DynamicTypeSolver@60686d5f : java.lang.Object
	at com.github.javaparser.resolution.TypeSolver.solveType(TypeSolver.java:71)

165527     ERROR Test worker     d.u.i.k.n.b.TacletPBuilder Error in parsing taclet. de.uka.ilkd.key.util.parsing.BuildingException: Unsolved symbol in de.uka.ilkd.key.java.JavaParserFactory$DynamicTypeSolver@60686d5f : java.lang.Object at file:/D:/a/key/key/key.core/build/resources/main/de/uka/ilkd/key/proof/rules/bigint.key:76:20
	at de.uka.ilkd.key.nparser.builder.AbstractBuilder.accept(AbstractBuilder.java:54)
Caused by: com.github.javaparser.resolution.UnsolvedSymbolException: Unsolved symbol in de.uka.ilkd.key.java.JavaParserFactory$DynamicTypeSolver@60686d5f : java.lang.Object
	at com.github.javaparser.resolution.TypeSolver.solveType(TypeSolver.java:71)

165527     ERROR Test worker     d.u.i.k.n.b.AbstractBuilder  com.github.javaparser.resolution.UnsolvedSymbolException: Unsolved symbol in de.uka.ilkd.key.java.JavaParserFactory$DynamicTypeSolver@60686d5f : java.lang.Object
	at com.github.javaparser.resolution.TypeSolver.solveType(TypeSolver.java:71)

165527     ERROR Test worker     d.u.i.k.n.b.TacletPBuilder Error in parsing taclet. de.uka.ilkd.key.util.parsing.BuildingException: Unsolved symbol in de.uka.ilkd.key.java.JavaParserFactory$DynamicTypeSolver@60686d5f : java.lang.Object at file:/D:/a/key/key/key.core/build/resources/main/de/uka/ilkd/key/proof/rules/bigint.key:88:20
	at de.uka.ilkd.key.nparser.builder.AbstractBuilder.accept(AbstractBuilder.java:54)
Caused by: com.github.javaparser.resolution.UnsolvedSymbolException: Unsolved symbol in de.uka.ilkd.key.java.JavaParserFactory$DynamicTypeSolver@60686d5f : java.lang.Object
	at com.github.javaparser.resolution.TypeSolver.solveType(TypeSolver.java:71)

165527     ERROR Test worker     d.u.i.k.n.b.AbstractBuilder  com.github.javaparser.resolution.UnsolvedSymbolException: Unsolved symbol in de.uka.ilkd.key.java.JavaParserFactory$DynamicTypeSolver@60686d5f : java.lang.Object
	at com.github.javaparser.resolution.TypeSolver.solveType(TypeSolver.java:71)

165527     ERROR Test worker     d.u.i.k.n.b.TacletPBuilder Error in parsing taclet. de.uka.ilkd.key.util.parsing.BuildingException: Unsolved symbol in de.uka.ilkd.key.java.JavaParserFactory$DynamicTypeSolver@60686d5f : java.lang.Object at file:/D:/a/key/key/key.core/build/resources/main/de/uka/ilkd/key/proof/rules/bigint.key:100:20
	at de.uka.ilkd.key.nparser.builder.AbstractBuilder.accept(AbstractBuilder.java:54)
Caused by: com.github.javaparser.resolution.UnsolvedSymbolException: Unsolved symbol in de.uka.ilkd.key.java.JavaParserFactory$DynamicTypeSolver@60686d5f : java.lang.Object
	at com.github.javaparser.resolution.TypeSolver.solveType(TypeSolver.java:71)

165542     ERROR Test worker     d.u.i.k.n.b.AbstractBuilder  com.github.javaparser.resolution.UnsolvedSymbolException: Unsolved symbol in de.uka.ilkd.key.java.JavaParserFactory$DynamicTypeSolver@60686d5f : java.lang.Object
	at com.github.javaparser.resolution.TypeSolver.solveType(TypeSolver.java:71)

165542     ERROR Test worker     d.u.i.k.n.b.TacletPBuilder Error in parsing taclet. de.uka.ilkd.key.util.parsing.BuildingException: Unsolved symbol in de.uka.ilkd.key.java.JavaParserFactory$DynamicTypeSolver@60686d5f : java.lang.Object at file:/D:/a/key/key/key.core/build/resources/main/de/uka/ilkd/key/proof/rules/bigint.key:112:20
	at de.uka.ilkd.key.nparser.builder.AbstractBuilder.accept(AbstractBuilder.java:54)
Caused by: com.github.javaparser.resolution.UnsolvedSymbolException: Unsolved symbol in de.uka.ilkd.key.java.JavaParserFactory$DynamicTypeSolver@60686d5f : java.lang.Object
	at com.github.javaparser.resolution.TypeSolver.solveType(TypeSolver.java:71)

165542     ERROR Test worker     d.u.i.k.n.b.AbstractBuilder  com.github.javaparser.resolution.UnsolvedSymbolException: Unsolved symbol in de.uka.ilkd.key.java.JavaParserFactory$DynamicTypeSolver@60686d5f : java.lang.Object
	at com.github.javaparser.resolution.TypeSolver.solveType(TypeSolver.java:71)

165542     ERROR Test worker     d.u.i.k.n.b.TacletPBuilder Error in parsing taclet. de.uka.ilkd.key.util.parsing.BuildingException: Unsolved symbol in de.uka.ilkd.key.java.JavaParserFactory$DynamicTypeSolver@60686d5f : java.lang.Object at file:/D:/a/key/key/key.core/build/resources/main/de/uka/ilkd/key/proof/rules/bigint.key:128:15
	at de.uka.ilkd.key.nparser.builder.AbstractBuilder.accept(AbstractBuilder.java:54)
Caused by: com.github.javaparser.resolution.UnsolvedSymbolException: Unsolved symbol in de.uka.ilkd.key.java.JavaParserFactory$DynamicTypeSolver@60686d5f : java.lang.Object
	at com.github.javaparser.resolution.TypeSolver.solveType(TypeSolver.java:71)

165542     ERROR Test worker     d.u.i.k.n.b.AbstractBuilder  com.github.javaparser.resolution.UnsolvedSymbolException: Unsolved symbol in de.uka.ilkd.key.java.JavaParserFactory$DynamicTypeSolver@60686d5f : java.lang.Object
	at com.github.javaparser.resolution.TypeSolver.solveType(TypeSolver.java:71)

165542     ERROR Test worker     d.u.i.k.n.b.TacletPBuilder Error in parsing taclet. de.uka.ilkd.key.util.parsing.BuildingException: Unsolved symbol in de.uka.ilkd.key.java.JavaParserFactory$DynamicTypeSolver@60686d5f : java.lang.Object at file:/D:/a/key/key/key.core/build/resources/main/de/uka/ilkd/key/proof/rules/bigint.key:139:15
	at de.uka.ilkd.key.nparser.builder.AbstractBuilder.accept(AbstractBuilder.java:54)
Caused by: com.github.javaparser.resolution.UnsolvedSymbolException: Unsolved symbol in de.uka.ilkd.key.java.JavaParserFactory$DynamicTypeSolver@60686d5f : java.lang.Object
	at com.github.javaparser.resolution.TypeSolver.solveType(TypeSolver.java:71)

165542     ERROR Test worker     d.u.i.k.n.b.AbstractBuilder  com.github.javaparser.resolution.UnsolvedSymbolException: Unsolved symbol in de.uka.ilkd.key.java.JavaParserFactory$DynamicTypeSolver@60686d5f : java.lang.Object
	at com.github.javaparser.resolution.TypeSolver.solveType(TypeSolver.java:71)

165542     ERROR Test worker     d.u.i.k.n.b.TacletPBuilder Error in parsing taclet. de.uka.ilkd.key.util.parsing.BuildingException: Unsolved symbol in de.uka.ilkd.key.java.JavaParserFactory$DynamicTypeSolver@60686d5f : java.lang.Object at file:/D:/a/key/key/key.core/build/resources/main/de/uka/ilkd/key/proof/rules/bigint.key:150:15
	at de.uka.ilkd.key.nparser.builder.AbstractBuilder.accept(AbstractBuilder.java:54)
Caused by: com.github.javaparser.resolution.UnsolvedSymbolException: Unsolved symbol in de.uka.ilkd.key.java.JavaParserFactory$DynamicTypeSolver@60686d5f : java.lang.Object
	at com.github.javaparser.resolution.TypeSolver.solveType(TypeSolver.java:71)

165542     ERROR Test worker     d.u.i.k.n.b.AbstractBuilder  com.github.javaparser.resolution.UnsolvedSymbolException: Unsolved symbol in de.uka.ilkd.key.java.JavaParserFactory$DynamicTypeSolver@60686d5f : java.lang.Object
	at com.github.javaparser.resolution.TypeSolver.solveType(TypeSolver.java:71)

165542     ERROR Test worker     d.u.i.k.n.b.TacletPBuilder Error in parsing taclet. de.uka.ilkd.key.util.parsing.BuildingException: Unsolved symbol in de.uka.ilkd.key.java.JavaParserFactory$DynamicTypeSolver@60686d5f : java.lang.Object at file:/D:/a/key/key/key.core/build/resources/main/de/uka/ilkd/key/proof/rules/bigint.key:161:15
	at de.uka.ilkd.key.nparser.builder.AbstractBuilder.accept(AbstractBuilder.java:54)
Caused by: com.github.javaparser.resolution.UnsolvedSymbolException: Unsolved symbol in de.uka.ilkd.key.java.JavaParserFactory$DynamicTypeSolver@60686d5f : java.lang.Object
	at com.github.javaparser.resolution.TypeSolver.solveType(TypeSolver.java:71)

165542     ERROR Test worker     d.u.i.k.n.b.AbstractBuilder  com.github.javaparser.resolution.UnsolvedSymbolException: Unsolved symbol in de.uka.ilkd.key.java.JavaParserFactory$DynamicTypeSolver@60686d5f : java.lang.Object
	at com.github.javaparser.resolution.TypeSolver.solveType(TypeSolver.java:71)

165542     ERROR Test worker     d.u.i.k.n.b.TacletPBuilder Error in parsing taclet. de.uka.ilkd.key.util.parsing.BuildingException: Unsolved symbol in de.uka.ilkd.key.java.JavaParserFactory$DynamicTypeSolver@60686d5f : java.lang.Object at file:/D:/a/key/key/key.core/build/resources/main/de/uka/ilkd/key/proof/rules/bigint.key:176:15
	at de.uka.ilkd.key.nparser.builder.AbstractBuilder.accept(AbstractBuilder.java:54)
Caused by: com.github.javaparser.resolution.UnsolvedSymbolException: Unsolved symbol in de.uka.ilkd.key.java.JavaParserFactory$DynamicTypeSolver@60686d5f : java.lang.Object
	at com.github.javaparser.resolution.TypeSolver.solveType(TypeSolver.java:71)

165542     ERROR Test worker     d.u.i.k.n.b.AbstractBuilder  com.github.javaparser.resolution.UnsolvedSymbolException: Unsolved symbol in de.uka.ilkd.key.java.JavaParserFactory$DynamicTypeSolver@60686d5f : java.lang.Object
	at com.github.javaparser.resolution.TypeSolver.solveType(TypeSolver.java:71)

165542     ERROR Test worker     d.u.i.k.n.b.TacletPBuilder Error in parsing taclet. de.uka.ilkd.key.util.parsing.BuildingException: Unsolved symbol in de.uka.ilkd.key.java.JavaParserFactory$DynamicTypeSolver@60686d5f : java.lang.Object at file:/D:/a/key/key/key.core/build/resources/main/de/uka/ilkd/key/proof/rules/bigint.key:190:15
	at de.uka.ilkd.key.nparser.builder.AbstractBuilder.accept(AbstractBuilder.java:54)
Caused by: com.github.javaparser.resolution.UnsolvedSymbolException: Unsolved symbol in de.uka.ilkd.key.java.JavaParserFactory$DynamicTypeSolver@60686d5f : java.lang.Object
	at com.github.javaparser.resolution.TypeSolver.solveType(TypeSolver.java:71)

165558     ERROR Test worker     d.u.i.k.n.b.AbstractBuilder  com.github.javaparser.resolution.UnsolvedSymbolException: Unsolved symbol in de.uka.ilkd.key.java.JavaParserFactory$DynamicTypeSolver@60686d5f : java.lang.Object
	at com.github.javaparser.resolution.TypeSolver.solveType(TypeSolver.java:71)

165558     ERROR Test worker     d.u.i.k.n.b.TacletPBuilder Error in parsing taclet. de.uka.ilkd.key.util.parsing.BuildingException: Unsolved symbol in de.uka.ilkd.key.java.JavaParserFactory$DynamicTypeSolver@60686d5f : java.lang.Object at file:/D:/a/key/key/key.core/build/resources/main/de/uka/ilkd/key/proof/rules/bigint.key:204:15
	at de.uka.ilkd.key.nparser.builder.AbstractBuilder.accept(AbstractBuilder.java:54)
Caused by: com.github.javaparser.resolution.UnsolvedSymbolException: Unsolved symbol in de.uka.ilkd.key.java.JavaParserFactory$DynamicTypeSolver@60686d5f : java.lang.Object
	at com.github.javaparser.resolution.TypeSolver.solveType(TypeSolver.java:71)

165558     ERROR Test worker     d.u.i.k.n.b.AbstractBuilder  com.github.javaparser.resolution.UnsolvedSymbolException: Unsolved symbol in de.uka.ilkd.key.java.JavaParserFactory$DynamicTypeSolver@60686d5f : java.lang.Object
	at com.github.javaparser.resolution.TypeSolver.solveType(TypeSolver.java:71)

165558     ERROR Test worker     d.u.i.k.n.b.TacletPBuilder Error in parsing taclet. de.uka.ilkd.key.util.parsing.BuildingException: Unsolved symbol in de.uka.ilkd.key.java.JavaParserFactory$DynamicTypeSolver@60686d5f : java.lang.Object at file:/D:/a/key/key/key.core/build/resources/main/de/uka/ilkd/key/proof/rules/bigint.key:218:15
	at de.uka.ilkd.key.nparser.builder.AbstractBuilder.accept(AbstractBuilder.java:54)
Caused by: com.github.javaparser.resolution.UnsolvedSymbolException: Unsolved symbol in de.uka.ilkd.key.java.JavaParserFactory$DynamicTypeSolver@60686d5f : java.lang.Object
	at com.github.javaparser.resolution.TypeSolver.solveType(TypeSolver.java:71)

165558     ERROR Test worker     d.u.i.k.n.b.AbstractBuilder  com.github.javaparser.resolution.UnsolvedSymbolException: Unsolved symbol in de.uka.ilkd.key.java.JavaParserFactory$DynamicTypeSolver@60686d5f : java.lang.Object
	at com.github.javaparser.resolution.TypeSolver.solveType(TypeSolver.java:71)

165558     ERROR Test worker     d.u.i.k.n.b.TacletPBuilder Error in parsing taclet. de.uka.ilkd.key.util.parsing.BuildingException: Unsolved symbol in de.uka.ilkd.key.java.JavaParserFactory$DynamicTypeSolver@60686d5f : java.lang.Object at file:/D:/a/key/key/key.core/build/resources/main/de/uka/ilkd/key/proof/rules/bigint.key:236:15
	at de.uka.ilkd.key.nparser.builder.AbstractBuilder.accept(AbstractBuilder.java:54)
Caused by: com.github.javaparser.resolution.UnsolvedSymbolException: Unsolved symbol in de.uka.ilkd.key.java.JavaParserFactory$DynamicTypeSolver@60686d5f : java.lang.Object
	at com.github.javaparser.resolution.TypeSolver.solveType(TypeSolver.java:71)

165558     ERROR Test worker     d.u.i.k.n.b.AbstractBuilder  com.github.javaparser.resolution.UnsolvedSymbolException: Unsolved symbol in de.uka.ilkd.key.java.JavaParserFactory$DynamicTypeSolver@60686d5f : java.lang.Object
	at com.github.javaparser.resolution.TypeSolver.solveType(TypeSolver.java:71)

165558     ERROR Test worker     d.u.i.k.n.b.TacletPBuilder Error in parsing taclet. de.uka.ilkd.key.util.parsing.BuildingException: Unsolved symbol in de.uka.ilkd.key.java.JavaParserFactory$DynamicTypeSolver@60686d5f : java.lang.Object at file:/D:/a/key/key/key.core/build/resources/main/de/uka/ilkd/key/proof/rules/bigint.key:246:15
	at de.uka.ilkd.key.nparser.builder.AbstractBuilder.accept(AbstractBuilder.java:54)
Caused by: com.github.javaparser.resolution.UnsolvedSymbolException: Unsolved symbol in de.uka.ilkd.key.java.JavaParserFactory$DynamicTypeSolver@60686d5f : java.lang.Object
	at com.github.javaparser.resolution.TypeSolver.solveType(TypeSolver.java:71)

165558     ERROR Test worker     d.u.i.k.n.b.AbstractBuilder  com.github.javaparser.resolution.UnsolvedSymbolException: Unsolved symbol in de.uka.ilkd.key.java.JavaParserFactory$DynamicTypeSolver@60686d5f : java.lang.Object
	at com.github.javaparser.resolution.TypeSolver.solveType(TypeSolver.java:71)

165558     ERROR Test worker     d.u.i.k.n.b.TacletPBuilder Error in parsing taclet. de.uka.ilkd.key.util.parsing.BuildingException: Unsolved symbol in de.uka.ilkd.key.java.JavaParserFactory$DynamicTypeSolver@60686d5f : java.lang.Object at file:/D:/a/key/key/key.core/build/resources/main/de/uka/ilkd/key/proof/rules/bigint.key:256:15
	at de.uka.ilkd.key.nparser.builder.AbstractBuilder.accept(AbstractBuilder.java:54)
Caused by: com.github.javaparser.resolution.UnsolvedSymbolException: Unsolved symbol in de.uka.ilkd.key.java.JavaParserFactory$DynamicTypeSolver@60686d5f : java.lang.Object
	at com.github.javaparser.resolution.TypeSolver.solveType(TypeSolver.java:71)

165558     ERROR Test worker     d.u.i.k.n.b.AbstractBuilder  com.github.javaparser.resolution.UnsolvedSymbolException: Unsolved symbol in de.uka.ilkd.key.java.JavaParserFactory$DynamicTypeSolver@60686d5f : java.lang.Object
	at com.github.javaparser.resolution.TypeSolver.solveType(TypeSolver.java:71)

165558     ERROR Test worker     d.u.i.k.n.b.TacletPBuilder Error in parsing taclet. de.uka.ilkd.key.util.parsing.BuildingException: Unsolved symbol in de.uka.ilkd.key.java.JavaParserFactory$DynamicTypeSolver@60686d5f : java.lang.Object at file:/D:/a/key/key/key.core/build/resources/main/de/uka/ilkd/key/proof/rules/bigint.key:271:15
	at de.uka.ilkd.key.nparser.builder.AbstractBuilder.accept(AbstractBuilder.java:54)
Caused by: com.github.javaparser.resolution.UnsolvedSymbolException: Unsolved symbol in de.uka.ilkd.key.java.JavaParserFactory$DynamicTypeSolver@60686d5f : java.lang.Object
	at com.github.javaparser.resolution.TypeSolver.solveType(TypeSolver.java:71)

165558     ERROR Test worker     d.u.i.k.n.b.AbstractBuilder  com.github.javaparser.resolution.UnsolvedSymbolException: Unsolved symbol in de.uka.ilkd.key.java.JavaParserFactory$DynamicTypeSolver@60686d5f : java.lang.Object
	at com.github.javaparser.resolution.TypeSolver.solveType(TypeSolver.java:71)

165558     ERROR Test worker     d.u.i.k.n.b.TacletPBuilder Error in parsing taclet. de.uka.ilkd.key.util.parsing.BuildingException: Unsolved symbol in de.uka.ilkd.key.java.JavaParserFactory$DynamicTypeSolver@60686d5f : java.lang.Object at file:/D:/a/key/key/key.core/build/resources/main/de/uka/ilkd/key/proof/rules/bigint.key:281:15
	at de.uka.ilkd.key.nparser.builder.AbstractBuilder.accept(AbstractBuilder.java:54)
Caused by: com.github.javaparser.resolution.UnsolvedSymbolException: Unsolved symbol in de.uka.ilkd.key.java.JavaParserFactory$DynamicTypeSolver@60686d5f : java.lang.Object
	at com.github.javaparser.resolution.TypeSolver.solveType(TypeSolver.java:71)

165558     ERROR Test worker     d.u.i.k.n.b.AbstractBuilder  com.github.javaparser.resolution.UnsolvedSymbolException: Unsolved symbol in de.uka.ilkd.key.java.JavaParserFactory$DynamicTypeSolver@60686d5f : java.lang.Object
	at com.github.javaparser.resolution.TypeSolver.solveType(TypeSolver.java:71)

165558     ERROR Test worker     d.u.i.k.n.b.TacletPBuilder Error in parsing taclet. de.uka.ilkd.key.util.parsing.BuildingException: Unsolved symbol in de.uka.ilkd.key.java.JavaParserFactory$DynamicTypeSolver@60686d5f : java.lang.Object at file:/D:/a/key/key/key.core/build/resources/main/de/uka/ilkd/key/proof/rules/bigint.key:289:15
	at de.uka.ilkd.key.nparser.builder.AbstractBuilder.accept(AbstractBuilder.java:54)
Caused by: com.github.javaparser.resolution.UnsolvedSymbolException: Unsolved symbol in de.uka.ilkd.key.java.JavaParserFactory$DynamicTypeSolver@60686d5f : java.lang.Object
	at com.github.javaparser.resolution.TypeSolver.solveType(TypeSolver.java:71)

165558     ERROR Test worker     d.u.i.k.n.b.AbstractBuilder  com.github.javaparser.resolution.UnsolvedSymbolException: Unsolved symbol in de.uka.ilkd.key.java.JavaParserFactory$DynamicTypeSolver@60686d5f : java.lang.Object
	at com.github.javaparser.resolution.TypeSolver.solveType(TypeSolver.java:71)

165574     ERROR Test worker     d.u.i.k.n.b.TacletPBuilder Error in parsing taclet. de.uka.ilkd.key.util.parsing.BuildingException: Unsolved symbol in de.uka.ilkd.key.java.JavaParserFactory$DynamicTypeSolver@60686d5f : java.lang.Object at file:/D:/a/key/key/key.core/build/resources/main/de/uka/ilkd/key/proof/rules/bigint.key:297:15
	at de.uka.ilkd.key.nparser.builder.AbstractBuilder.accept(AbstractBuilder.java:54)
Caused by: com.github.javaparser.resolution.UnsolvedSymbolException: Unsolved symbol in de.uka.ilkd.key.java.JavaParserFactory$DynamicTypeSolver@60686d5f : java.lang.Object
	at com.github.javaparser.resolution.TypeSolver.solveType(TypeSolver.java:71)

165574     ERROR Test worker     d.u.i.k.n.b.AbstractBuilder  com.github.javaparser.resolution.UnsolvedSymbolException: Unsolved symbol in de.uka.ilkd.key.java.JavaParserFactory$DynamicTypeSolver@60686d5f : java.lang.Object
	at com.github.javaparser.resolution.TypeSolver.solveType(TypeSolver.java:71)

165574     ERROR Test worker     d.u.i.k.n.b.TacletPBuilder Error in parsing taclet. de.uka.ilkd.key.util.parsing.BuildingException: Unsolved symbol in de.uka.ilkd.key.java.JavaParserFactory$DynamicTypeSolver@60686d5f : java.lang.Object at file:/D:/a/key/key/key.core/build/resources/main/de/uka/ilkd/key/proof/rules/bigint.key:308:15
	at de.uka.ilkd.key.nparser.builder.AbstractBuilder.accept(AbstractBuilder.java:54)
Caused by: com.github.javaparser.resolution.UnsolvedSymbolException: Unsolved symbol in de.uka.ilkd.key.java.JavaParserFactory$DynamicTypeSolver@60686d5f : java.lang.Object
	at com.github.javaparser.resolution.TypeSolver.solveType(TypeSolver.java:71)

165574     ERROR Test worker     d.u.i.k.n.b.AbstractBuilder  com.github.javaparser.resolution.UnsolvedSymbolException: Unsolved symbol in de.uka.ilkd.key.java.JavaParserFactory$DynamicTypeSolver@60686d5f : java.lang.Object
	at com.github.javaparser.resolution.TypeSolver.solveType(TypeSolver.java:71)

165574     ERROR Test worker     d.u.i.k.n.b.TacletPBuilder Error in parsing taclet. de.uka.ilkd.key.util.parsing.BuildingException: Unsolved symbol in de.uka.ilkd.key.java.JavaParserFactory$DynamicTypeSolver@60686d5f : java.lang.Object at file:/D:/a/key/key/key.core/build/resources/main/de/uka/ilkd/key/proof/rules/adtProgramDecompositionRules.key:17:15
	at de.uka.ilkd.key.nparser.builder.AbstractBuilder.accept(AbstractBuilder.java:54)
Caused by: com.github.javaparser.resolution.UnsolvedSymbolException: Unsolved symbol in de.uka.ilkd.key.java.JavaParserFactory$DynamicTypeSolver@60686d5f : java.lang.Object
	at com.github.javaparser.resolution.TypeSolver.solveType(TypeSolver.java:71)

165574     ERROR Test worker     d.u.i.k.n.b.TacletPBuilder Override: #v (program Variable) #v (program Variable) 
165574     ERROR Test worker     d.u.i.k.n.b.TacletPBuilder Override: post (formula) post (formula) 
165574     ERROR Test worker     d.u.i.k.n.b.AbstractBuilder  com.github.javaparser.resolution.UnsolvedSymbolException: Unsolved symbol in de.uka.ilkd.key.java.JavaParserFactory$DynamicTypeSolver@60686d5f : java.lang.Object
	at com.github.javaparser.resolution.TypeSolver.solveType(TypeSolver.java:71)

165574     ERROR Test worker     d.u.i.k.n.b.TacletPBuilder Error in parsing taclet. de.uka.ilkd.key.util.parsing.BuildingException: Unsolved symbol in de.uka.ilkd.key.java.JavaParserFactory$DynamicTypeSolver@60686d5f : java.lang.Object at file:/D:/a/key/key/key.core/build/resources/main/de/uka/ilkd/key/proof/rules/adtProgramDecompositionRules.key:30:15
	at de.uka.ilkd.key.nparser.builder.AbstractBuilder.accept(AbstractBuilder.java:54)
Caused by: com.github.javaparser.resolution.UnsolvedSymbolException: Unsolved symbol in de.uka.ilkd.key.java.JavaParserFactory$DynamicTypeSolver@60686d5f : java.lang.Object
	at com.github.javaparser.resolution.TypeSolver.solveType(TypeSolver.java:71)

165574     ERROR Test worker     d.u.i.k.n.b.TacletPBuilder Override: #v (program Variable) #v (program Variable) 
165574     ERROR Test worker     d.u.i.k.n.b.TacletPBuilder Override: #vLeftNew (program Variable) #vLeftNew (program Variable) 
165574     ERROR Test worker     d.u.i.k.n.b.TacletPBuilder Override: #nseLeft (program NonSimpleExpression) #nseLeft (program NonSimpleExpression) 
165574     ERROR Test worker     d.u.i.k.n.b.TacletPBuilder Override: #eRight (program Expression) #eRight (program Expression) 
165574     ERROR Test worker     d.u.i.k.n.b.TacletPBuilder Override: post (formula) post (formula) 
165574     ERROR Test worker     d.u.i.k.n.b.AbstractBuilder  com.github.javaparser.resolution.UnsolvedSymbolException: Unsolved symbol in de.uka.ilkd.key.java.JavaParserFactory$DynamicTypeSolver@60686d5f : java.lang.Object
	at com.github.javaparser.resolution.TypeSolver.solveType(TypeSolver.java:71)

165574     ERROR Test worker     d.u.i.k.n.b.TacletPBuilder Error in parsing taclet. de.uka.ilkd.key.util.parsing.BuildingException: Unsolved symbol in de.uka.ilkd.key.java.JavaParserFactory$DynamicTypeSolver@60686d5f : java.lang.Object at file:/D:/a/key/key/key.core/build/resources/main/de/uka/ilkd/key/proof/rules/adtProgramDecompositionRules.key:43:15
	at de.uka.ilkd.key.nparser.builder.AbstractBuilder.accept(AbstractBuilder.java:54)
Caused by: com.github.javaparser.resolution.UnsolvedSymbolException: Unsolved symbol in de.uka.ilkd.key.java.JavaParserFactory$DynamicTypeSolver@60686d5f : java.lang.Object
	at com.github.javaparser.resolution.TypeSolver.solveType(TypeSolver.java:71)

165574     ERROR Test worker     d.u.i.k.n.b.TacletPBuilder Override: #v (program Variable) #v (program Variable) 
165574     ERROR Test worker     d.u.i.k.n.b.TacletPBuilder Override: #vRightNew (program Variable) #vRightNew (program Variable) 
165574     ERROR Test worker     d.u.i.k.n.b.TacletPBuilder Override: #seLeft (program SimpleExpression) #seLeft (program SimpleExpression) 
165574     ERROR Test worker     d.u.i.k.n.b.TacletPBuilder Override: #nseRight (program NonSimpleExpression) #nseRight (program NonSimpleExpression) 
165574     ERROR Test worker     d.u.i.k.n.b.TacletPBuilder Override: post (formula) post (formula) 
165574     ERROR Test worker     d.u.i.k.n.b.AbstractBuilder  com.github.javaparser.resolution.UnsolvedSymbolException: Unsolved symbol in de.uka.ilkd.key.java.JavaParserFactory$DynamicTypeSolver@60686d5f : java.lang.Object
	at com.github.javaparser.resolution.TypeSolver.solveType(TypeSolver.java:71)

165589     ERROR Test worker     d.u.i.k.n.b.TacletPBuilder Error in parsing taclet. de.uka.ilkd.key.util.parsing.BuildingException: Unsolved symbol in de.uka.ilkd.key.java.JavaParserFactory$DynamicTypeSolver@60686d5f : java.lang.Object at file:/D:/a/key/key/key.core/build/resources/main/de/uka/ilkd/key/proof/rules/adtProgramDecompositionRules.key:56:15
	at de.uka.ilkd.key.nparser.builder.AbstractBuilder.accept(AbstractBuilder.java:54)
Caused by: com.github.javaparser.resolution.UnsolvedSymbolException: Unsolved symbol in de.uka.ilkd.key.java.JavaParserFactory$DynamicTypeSolver@60686d5f : java.lang.Object
	at com.github.javaparser.resolution.TypeSolver.solveType(TypeSolver.java:71)

165589     ERROR Test worker     d.u.i.k.n.b.TacletPBuilder Override: #v (program Variable) #v (program Variable) 
165589     ERROR Test worker     d.u.i.k.n.b.TacletPBuilder Override: #vLeftNew (program Variable) #vLeftNew (program Variable) 
165589     ERROR Test worker     d.u.i.k.n.b.TacletPBuilder Override: #nseLeft (program NonSimpleExpression) #nseLeft (program NonSimpleExpression) 
165589     ERROR Test worker     d.u.i.k.n.b.TacletPBuilder Override: #eRight (program Expression) #eRight (program Expression) 
165589     ERROR Test worker     d.u.i.k.n.b.TacletPBuilder Override: post (formula) post (formula) 
165589     ERROR Test worker     d.u.i.k.n.b.AbstractBuilder  com.github.javaparser.resolution.UnsolvedSymbolException: Unsolved symbol in de.uka.ilkd.key.java.JavaParserFactory$DynamicTypeSolver@60686d5f : java.lang.Object
	at com.github.javaparser.resolution.TypeSolver.solveType(TypeSolver.java:71)

165589     ERROR Test worker     d.u.i.k.n.b.TacletPBuilder Error in parsing taclet. de.uka.ilkd.key.util.parsing.BuildingException: Unsolved symbol in de.uka.ilkd.key.java.JavaParserFactory$DynamicTypeSolver@60686d5f : java.lang.Object at file:/D:/a/key/key/key.core/build/resources/main/de/uka/ilkd/key/proof/rules/adtProgramDecompositionRules.key:69:15
	at de.uka.ilkd.key.nparser.builder.AbstractBuilder.accept(AbstractBuilder.java:54)
Caused by: com.github.javaparser.resolution.UnsolvedSymbolException: Unsolved symbol in de.uka.ilkd.key.java.JavaParserFactory$DynamicTypeSolver@60686d5f : java.lang.Object
	at com.github.javaparser.resolution.TypeSolver.solveType(TypeSolver.java:71)

165589     ERROR Test worker     d.u.i.k.n.b.TacletPBuilder Override: #v (program Variable) #v (program Variable) 
165589     ERROR Test worker     d.u.i.k.n.b.TacletPBuilder Override: #vRightNew (program Variable) #vRightNew (program Variable) 
165589     ERROR Test worker     d.u.i.k.n.b.TacletPBuilder Override: #seLeft (program SimpleExpression) #seLeft (program SimpleExpression) 
165589     ERROR Test worker     d.u.i.k.n.b.TacletPBuilder Override: #nseRight (program NonSimpleExpression) #nseRight (program NonSimpleExpression) 
165589     ERROR Test worker     d.u.i.k.n.b.TacletPBuilder Override: post (formula) post (formula) 
165589     ERROR Test worker     d.u.i.k.n.b.AbstractBuilder  com.github.javaparser.resolution.UnsolvedSymbolException: Unsolved symbol in de.uka.ilkd.key.java.JavaParserFactory$DynamicTypeSolver@60686d5f : java.lang.Object
	at com.github.javaparser.resolution.TypeSolver.solveType(TypeSolver.java:71)

165589     ERROR Test worker     d.u.i.k.n.b.TacletPBuilder Error in parsing taclet. de.uka.ilkd.key.util.parsing.BuildingException: Unsolved symbol in de.uka.ilkd.key.java.JavaParserFactory$DynamicTypeSolver@60686d5f : java.lang.Object at file:/D:/a/key/key/key.core/build/resources/main/de/uka/ilkd/key/proof/rules/adtProgramDecompositionRules.key:82:15
	at de.uka.ilkd.key.nparser.builder.AbstractBuilder.accept(AbstractBuilder.java:54)
Caused by: com.github.javaparser.resolution.UnsolvedSymbolException: Unsolved symbol in de.uka.ilkd.key.java.JavaParserFactory$DynamicTypeSolver@60686d5f : java.lang.Object
	at com.github.javaparser.resolution.TypeSolver.solveType(TypeSolver.java:71)

165589     ERROR Test worker     d.u.i.k.n.b.TacletPBuilder Override: #v (program Variable) #v (program Variable) 
165589     ERROR Test worker     d.u.i.k.n.b.TacletPBuilder Override: post (formula) post (formula) 
165605     ERROR Test worker     d.u.i.k.n.b.AbstractBuilder  com.github.javaparser.resolution.UnsolvedSymbolException: Unsolved symbol in de.uka.ilkd.key.java.JavaParserFactory$DynamicTypeSolver@60686d5f : java.lang.Object
	at com.github.javaparser.resolution.TypeSolver.solveType(TypeSolver.java:71)

165605     ERROR Test worker     d.u.i.k.n.b.TacletPBuilder Error in parsing taclet. de.uka.ilkd.key.util.parsing.BuildingException: Unsolved symbol in de.uka.ilkd.key.java.JavaParserFactory$DynamicTypeSolver@60686d5f : java.lang.Object at file:/D:/a/key/key/key.core/build/resources/main/de/uka/ilkd/key/proof/rules/adtProgramDecompositionRules.key:94:15
	at de.uka.ilkd.key.nparser.builder.AbstractBuilder.accept(AbstractBuilder.java:54)
Caused by: com.github.javaparser.resolution.UnsolvedSymbolException: Unsolved symbol in de.uka.ilkd.key.java.JavaParserFactory$DynamicTypeSolver@60686d5f : java.lang.Object
	at com.github.javaparser.resolution.TypeSolver.solveType(TypeSolver.java:71)

165605     ERROR Test worker     d.u.i.k.n.b.TacletPBuilder Override: #v (program Variable) #v (program Variable) 
165605     ERROR Test worker     d.u.i.k.n.b.TacletPBuilder Override: #a (program Variable) #a (program Variable) 
165605     ERROR Test worker     d.u.i.k.n.b.TacletPBuilder Override: post (formula) post (formula) 
165605     ERROR Test worker     d.u.i.k.n.b.AbstractBuilder  com.github.javaparser.resolution.UnsolvedSymbolException: Unsolved symbol in de.uka.ilkd.key.java.JavaParserFactory$DynamicTypeSolver@60686d5f : java.lang.Object
	at com.github.javaparser.resolution.TypeSolver.solveType(TypeSolver.java:71)

165605     ERROR Test worker     d.u.i.k.n.b.TacletPBuilder Error in parsing taclet. de.uka.ilkd.key.util.parsing.BuildingException: Unsolved symbol in de.uka.ilkd.key.java.JavaParserFactory$DynamicTypeSolver@60686d5f : java.lang.Object at file:/D:/a/key/key/key.core/build/resources/main/de/uka/ilkd/key/proof/rules/adtProgramDecompositionRules.key:107:15
	at de.uka.ilkd.key.nparser.builder.AbstractBuilder.accept(AbstractBuilder.java:54)
Caused by: com.github.javaparser.resolution.UnsolvedSymbolException: Unsolved symbol in de.uka.ilkd.key.java.JavaParserFactory$DynamicTypeSolver@60686d5f : java.lang.Object
	at com.github.javaparser.resolution.TypeSolver.solveType(TypeSolver.java:71)

165605     ERROR Test worker     d.u.i.k.n.b.TacletPBuilder Override: #v (program Variable) #v (program Variable) 
165605     ERROR Test worker     d.u.i.k.n.b.TacletPBuilder Override: #a (program Variable) #a (program Variable) 
165605     ERROR Test worker     d.u.i.k.n.b.TacletPBuilder Override: post (formula) post (formula) 
165605     ERROR Test worker     d.u.i.k.n.b.AbstractBuilder  com.github.javaparser.resolution.UnsolvedSymbolException: Unsolved symbol in de.uka.ilkd.key.java.JavaParserFactory$DynamicTypeSolver@60686d5f : java.lang.Object
	at com.github.javaparser.resolution.TypeSolver.solveType(TypeSolver.java:71)

165605     ERROR Test worker     d.u.i.k.n.b.TacletPBuilder Error in parsing taclet. de.uka.ilkd.key.util.parsing.BuildingException: Unsolved symbol in de.uka.ilkd.key.java.JavaParserFactory$DynamicTypeSolver@60686d5f : java.lang.Object at file:/D:/a/key/key/key.core/build/resources/main/de/uka/ilkd/key/proof/rules/adtProgramDecompositionRules.key:119:15
	at de.uka.ilkd.key.nparser.builder.AbstractBuilder.accept(AbstractBuilder.java:54)
Caused by: com.github.javaparser.resolution.UnsolvedSymbolException: Unsolved symbol in de.uka.ilkd.key.java.JavaParserFactory$DynamicTypeSolver@60686d5f : java.lang.Object
	at com.github.javaparser.resolution.TypeSolver.solveType(TypeSolver.java:71)

165605     ERROR Test worker     d.u.i.k.n.b.TacletPBuilder Override: #v (program Variable) #v (program Variable) 
165605     ERROR Test worker     d.u.i.k.n.b.TacletPBuilder Override: #vObjNew (program Variable) #vObjNew (program Variable) 
165605     ERROR Test worker     d.u.i.k.n.b.TacletPBuilder Override: #nseObj (program NonSimpleExpression) #nseObj (program NonSimpleExpression) 
165605     ERROR Test worker     d.u.i.k.n.b.TacletPBuilder Override: post (formula) post (formula) 
165605     ERROR Test worker     d.u.i.k.n.b.AbstractBuilder  com.github.javaparser.resolution.UnsolvedSymbolException: Unsolved symbol in de.uka.ilkd.key.java.JavaParserFactory$DynamicTypeSolver@60686d5f : java.lang.Object
	at com.github.javaparser.resolution.TypeSolver.solveType(TypeSolver.java:71)

165605     ERROR Test worker     d.u.i.k.n.b.TacletPBuilder Error in parsing taclet. de.uka.ilkd.key.util.parsing.BuildingException: Unsolved symbol in de.uka.ilkd.key.java.JavaParserFactory$DynamicTypeSolver@60686d5f : java.lang.Object at file:/D:/a/key/key/key.core/build/resources/main/de/uka/ilkd/key/proof/rules/adtProgramDecompositionRules.key:131:15
	at de.uka.ilkd.key.nparser.builder.AbstractBuilder.accept(AbstractBuilder.java:54)
Caused by: com.github.javaparser.resolution.UnsolvedSymbolException: Unsolved symbol in de.uka.ilkd.key.java.JavaParserFactory$DynamicTypeSolver@60686d5f : java.lang.Object
	at com.github.javaparser.resolution.TypeSolver.solveType(TypeSolver.java:71)

165605     ERROR Test worker     d.u.i.k.n.b.TacletPBuilder Override: #v (program Variable) #v (program Variable) 
165605     ERROR Test worker     d.u.i.k.n.b.TacletPBuilder Override: #vLeftNew (program Variable) #vLeftNew (program Variable) 
165605     ERROR Test worker     d.u.i.k.n.b.TacletPBuilder Override: #nseLeft (program NonSimpleExpression) #nseLeft (program NonSimpleExpression) 
165605     ERROR Test worker     d.u.i.k.n.b.TacletPBuilder Override: #eRight (program Expression) #eRight (program Expression) 
165605     ERROR Test worker     d.u.i.k.n.b.TacletPBuilder Override: post (formula) post (formula) 
165605     ERROR Test worker     d.u.i.k.n.b.AbstractBuilder  com.github.javaparser.resolution.UnsolvedSymbolException: Unsolved symbol in de.uka.ilkd.key.java.JavaParserFactory$DynamicTypeSolver@60686d5f : java.lang.Object
	at com.github.javaparser.resolution.TypeSolver.solveType(TypeSolver.java:71)

165605     ERROR Test worker     d.u.i.k.n.b.TacletPBuilder Error in parsing taclet. de.uka.ilkd.key.util.parsing.BuildingException: Unsolved symbol in de.uka.ilkd.key.java.JavaParserFactory$DynamicTypeSolver@60686d5f : java.lang.Object at file:/D:/a/key/key/key.core/build/resources/main/de/uka/ilkd/key/proof/rules/adtProgramDecompositionRules.key:150:15
	at de.uka.ilkd.key.nparser.builder.AbstractBuilder.accept(AbstractBuilder.java:54)
Caused by: com.github.javaparser.resolution.UnsolvedSymbolException: Unsolved symbol in de.uka.ilkd.key.java.JavaParserFactory$DynamicTypeSolver@60686d5f : java.lang.Object
	at com.github.javaparser.resolution.TypeSolver.solveType(TypeSolver.java:71)

165605     ERROR Test worker     d.u.i.k.n.b.TacletPBuilder Override: #v (program Variable) #v (program Variable) 
165605     ERROR Test worker     d.u.i.k.n.b.TacletPBuilder Override: #vRightNew (program Variable) #vRightNew (program Variable) 
165605     ERROR Test worker     d.u.i.k.n.b.TacletPBuilder Override: #seLeft (program SimpleExpression) #seLeft (program SimpleExpression) 
165605     ERROR Test worker     d.u.i.k.n.b.TacletPBuilder Override: #nseRight (program NonSimpleExpression) #nseRight (program NonSimpleExpression) 
165605     ERROR Test worker     d.u.i.k.n.b.TacletPBuilder Override: post (formula) post (formula) 
165605     ERROR Test worker     d.u.i.k.n.b.AbstractBuilder  com.github.javaparser.resolution.UnsolvedSymbolException: Unsolved symbol in de.uka.ilkd.key.java.JavaParserFactory$DynamicTypeSolver@60686d5f : java.lang.Object
	at com.github.javaparser.resolution.TypeSolver.solveType(TypeSolver.java:71)

165605     ERROR Test worker     d.u.i.k.n.b.TacletPBuilder Error in parsing taclet. de.uka.ilkd.key.util.parsing.BuildingException: Unsolved symbol in de.uka.ilkd.key.java.JavaParserFactory$DynamicTypeSolver@60686d5f : java.lang.Object at file:/D:/a/key/key/key.core/build/resources/main/de/uka/ilkd/key/proof/rules/adtProgramDecompositionRules.key:163:15
	at de.uka.ilkd.key.nparser.builder.AbstractBuilder.accept(AbstractBuilder.java:54)
Caused by: com.github.javaparser.resolution.UnsolvedSymbolException: Unsolved symbol in de.uka.ilkd.key.java.JavaParserFactory$DynamicTypeSolver@60686d5f : java.lang.Object
	at com.github.javaparser.resolution.TypeSolver.solveType(TypeSolver.java:71)

165621     ERROR Test worker     d.u.i.k.n.b.TacletPBuilder Override: #v (program Variable) #v (program Variable) 
165621     ERROR Test worker     d.u.i.k.n.b.TacletPBuilder Override: #vLeftNew (program Variable) #vLeftNew (program Variable) 
165621     ERROR Test worker     d.u.i.k.n.b.TacletPBuilder Override: #nseLeft (program NonSimpleExpression) #nseLeft (program NonSimpleExpression) 
165621     ERROR Test worker     d.u.i.k.n.b.TacletPBuilder Override: #eRight (program Expression) #eRight (program Expression) 
165621     ERROR Test worker     d.u.i.k.n.b.TacletPBuilder Override: post (formula) post (formula) 
165622     ERROR Test worker     d.u.i.k.n.b.AbstractBuilder  com.github.javaparser.resolution.UnsolvedSymbolException: Unsolved symbol in de.uka.ilkd.key.java.JavaParserFactory$DynamicTypeSolver@60686d5f : java.lang.Object
	at com.github.javaparser.resolution.TypeSolver.solveType(TypeSolver.java:71)

165622     ERROR Test worker     d.u.i.k.n.b.TacletPBuilder Error in parsing taclet. de.uka.ilkd.key.util.parsing.BuildingException: Unsolved symbol in de.uka.ilkd.key.java.JavaParserFactory$DynamicTypeSolver@60686d5f : java.lang.Object at file:/D:/a/key/key/key.core/build/resources/main/de/uka/ilkd/key/proof/rules/adtProgramDecompositionRules.key:176:15
	at de.uka.ilkd.key.nparser.builder.AbstractBuilder.accept(AbstractBuilder.java:54)
Caused by: com.github.javaparser.resolution.UnsolvedSymbolException: Unsolved symbol in de.uka.ilkd.key.java.JavaParserFactory$DynamicTypeSolver@60686d5f : java.lang.Object
	at com.github.javaparser.resolution.TypeSolver.solveType(TypeSolver.java:71)

165622     ERROR Test worker     d.u.i.k.n.b.TacletPBuilder Override: #v (program Variable) #v (program Variable) 
165622     ERROR Test worker     d.u.i.k.n.b.TacletPBuilder Override: #vRightNew (program Variable) #vRightNew (program Variable) 
165622     ERROR Test worker     d.u.i.k.n.b.TacletPBuilder Override: #seLeft (program SimpleExpression) #seLeft (program SimpleExpression) 
165622     ERROR Test worker     d.u.i.k.n.b.TacletPBuilder Override: #nseRight (program NonSimpleExpression) #nseRight (program NonSimpleExpression) 
165622     ERROR Test worker     d.u.i.k.n.b.TacletPBuilder Override: post (formula) post (formula) 
165623     ERROR Test worker     d.u.i.k.n.b.AbstractBuilder  com.github.javaparser.resolution.UnsolvedSymbolException: Unsolved symbol in de.uka.ilkd.key.java.JavaParserFactory$DynamicTypeSolver@60686d5f : java.lang.Object
	at com.github.javaparser.resolution.TypeSolver.solveType(TypeSolver.java:71)

165623     ERROR Test worker     d.u.i.k.n.b.TacletPBuilder Error in parsing taclet. de.uka.ilkd.key.util.parsing.BuildingException: Unsolved symbol in de.uka.ilkd.key.java.JavaParserFactory$DynamicTypeSolver@60686d5f : java.lang.Object at file:/D:/a/key/key/key.core/build/resources/main/de/uka/ilkd/key/proof/rules/adtProgramDecompositionRules.key:189:15
	at de.uka.ilkd.key.nparser.builder.AbstractBuilder.accept(AbstractBuilder.java:54)
Caused by: com.github.javaparser.resolution.UnsolvedSymbolException: Unsolved symbol in de.uka.ilkd.key.java.JavaParserFactory$DynamicTypeSolver@60686d5f : java.lang.Object
	at com.github.javaparser.resolution.TypeSolver.solveType(TypeSolver.java:71)

165623     ERROR Test worker     d.u.i.k.n.b.TacletPBuilder Override: #v (program Variable) #v (program Variable) 
165623     ERROR Test worker     d.u.i.k.n.b.TacletPBuilder Override: #vLeftNew (program Variable) #vLeftNew (program Variable) 
165623     ERROR Test worker     d.u.i.k.n.b.TacletPBuilder Override: #nseLeft (program NonSimpleExpression) #nseLeft (program NonSimpleExpression) 
165623     ERROR Test worker     d.u.i.k.n.b.TacletPBuilder Override: #eRight (program Expression) #eRight (program Expression) 
165623     ERROR Test worker     d.u.i.k.n.b.TacletPBuilder Override: post (formula) post (formula) 
165623     ERROR Test worker     d.u.i.k.n.b.AbstractBuilder  com.github.javaparser.resolution.UnsolvedSymbolException: Unsolved symbol in de.uka.ilkd.key.java.JavaParserFactory$DynamicTypeSolver@60686d5f : java.lang.Object
	at com.github.javaparser.resolution.TypeSolver.solveType(TypeSolver.java:71)

165623     ERROR Test worker     d.u.i.k.n.b.TacletPBuilder Error in parsing taclet. de.uka.ilkd.key.util.parsing.BuildingException: Unsolved symbol in de.uka.ilkd.key.java.JavaParserFactory$DynamicTypeSolver@60686d5f : java.lang.Object at file:/D:/a/key/key/key.core/build/resources/main/de/uka/ilkd/key/proof/rules/adtProgramDecompositionRules.key:202:15
	at de.uka.ilkd.key.nparser.builder.AbstractBuilder.accept(AbstractBuilder.java:54)
Caused by: com.github.javaparser.resolution.UnsolvedSymbolException: Unsolved symbol in de.uka.ilkd.key.java.JavaParserFactory$DynamicTypeSolver@60686d5f : java.lang.Object
	at com.github.javaparser.resolution.TypeSolver.solveType(TypeSolver.java:71)

165623     ERROR Test worker     d.u.i.k.n.b.TacletPBuilder Override: #v (program Variable) #v (program Variable) 
165623     ERROR Test worker     d.u.i.k.n.b.TacletPBuilder Override: #vRightNew (program Variable) #vRightNew (program Variable) 
165623     ERROR Test worker     d.u.i.k.n.b.TacletPBuilder Override: #seLeft (program SimpleExpression) #seLeft (program SimpleExpression) 
165623     ERROR Test worker     d.u.i.k.n.b.TacletPBuilder Override: #nseRight (program NonSimpleExpression) #nseRight (program NonSimpleExpression) 
165623     ERROR Test worker     d.u.i.k.n.b.TacletPBuilder Override: post (formula) post (formula) 
165623     ERROR Test worker     d.u.i.k.n.b.AbstractBuilder  com.github.javaparser.resolution.UnsolvedSymbolException: Unsolved symbol in de.uka.ilkd.key.java.JavaParserFactory$DynamicTypeSolver@60686d5f : java.lang.Object
	at com.github.javaparser.resolution.TypeSolver.solveType(TypeSolver.java:71)

165623     ERROR Test worker     d.u.i.k.n.b.TacletPBuilder Error in parsing taclet. de.uka.ilkd.key.util.parsing.BuildingException: Unsolved symbol in de.uka.ilkd.key.java.JavaParserFactory$DynamicTypeSolver@60686d5f : java.lang.Object at file:/D:/a/key/key/key.core/build/resources/main/de/uka/ilkd/key/proof/rules/adtProgramDecompositionRules.key:215:15
	at de.uka.ilkd.key.nparser.builder.AbstractBuilder.accept(AbstractBuilder.java:54)
Caused by: com.github.javaparser.resolution.UnsolvedSymbolException: Unsolved symbol in de.uka.ilkd.key.java.JavaParserFactory$DynamicTypeSolver@60686d5f : java.lang.Object
	at com.github.javaparser.resolution.TypeSolver.solveType(TypeSolver.java:71)

165623     ERROR Test worker     d.u.i.k.n.b.TacletPBuilder Override: #v (program Variable) #v (program Variable) 
165623     ERROR Test worker     d.u.i.k.n.b.TacletPBuilder Override: #vLeftNew (program Variable) #vLeftNew (program Variable) 
165623     ERROR Test worker     d.u.i.k.n.b.TacletPBuilder Override: #nseLeft (program NonSimpleExpression) #nseLeft (program NonSimpleExpression) 
165623     ERROR Test worker     d.u.i.k.n.b.TacletPBuilder Override: #eRight (program Expression) #eRight (program Expression) 
165623     ERROR Test worker     d.u.i.k.n.b.TacletPBuilder Override: post (formula) post (formula) 
165623     ERROR Test worker     d.u.i.k.n.b.AbstractBuilder  com.github.javaparser.resolution.UnsolvedSymbolException: Unsolved symbol in de.uka.ilkd.key.java.JavaParserFactory$DynamicTypeSolver@60686d5f : java.lang.Object
	at com.github.javaparser.resolution.TypeSolver.solveType(TypeSolver.java:71)

165623     ERROR Test worker     d.u.i.k.n.b.TacletPBuilder Error in parsing taclet. de.uka.ilkd.key.util.parsing.BuildingException: Unsolved symbol in de.uka.ilkd.key.java.JavaParserFactory$DynamicTypeSolver@60686d5f : java.lang.Object at file:/D:/a/key/key/key.core/build/resources/main/de/uka/ilkd/key/proof/rules/adtProgramDecompositionRules.key:228:15
	at de.uka.ilkd.key.nparser.builder.AbstractBuilder.accept(AbstractBuilder.java:54)
Caused by: com.github.javaparser.resolution.UnsolvedSymbolException: Unsolved symbol in de.uka.ilkd.key.java.JavaParserFactory$DynamicTypeSolver@60686d5f : java.lang.Object
	at com.github.javaparser.resolution.TypeSolver.solveType(TypeSolver.java:71)

165623     ERROR Test worker     d.u.i.k.n.b.TacletPBuilder Override: #v (program Variable) #v (program Variable) 
165623     ERROR Test worker     d.u.i.k.n.b.TacletPBuilder Override: #seLeft (program SimpleExpression) #seLeft (program SimpleExpression) 
165623     ERROR Test worker     d.u.i.k.n.b.TacletPBuilder Override: #eRight (program Expression) #eRight (program Expression) 
165623     ERROR Test worker     d.u.i.k.n.b.TacletPBuilder Override: post (formula) post (formula) 
165623     ERROR Test worker     d.u.i.k.n.b.AbstractBuilder  com.github.javaparser.resolution.UnsolvedSymbolException: Unsolved symbol in de.uka.ilkd.key.java.JavaParserFactory$DynamicTypeSolver@60686d5f : java.lang.Object
	at com.github.javaparser.resolution.TypeSolver.solveType(TypeSolver.java:71)

165623     ERROR Test worker     d.u.i.k.n.b.TacletPBuilder Error in parsing taclet. de.uka.ilkd.key.util.parsing.BuildingException: Unsolved symbol in de.uka.ilkd.key.java.JavaParserFactory$DynamicTypeSolver@60686d5f : java.lang.Object at file:/D:/a/key/key/key.core/build/resources/main/de/uka/ilkd/key/proof/rules/adtProgramDecompositionRules.key:243:15
	at de.uka.ilkd.key.nparser.builder.AbstractBuilder.accept(AbstractBuilder.java:54)
Caused by: com.github.javaparser.resolution.UnsolvedSymbolException: Unsolved symbol in de.uka.ilkd.key.java.JavaParserFactory$DynamicTypeSolver@60686d5f : java.lang.Object
	at com.github.javaparser.resolution.TypeSolver.solveType(TypeSolver.java:71)

165623     ERROR Test worker     d.u.i.k.n.b.TacletPBuilder Override: #v (program Variable) #v (program Variable) 
165623     ERROR Test worker     d.u.i.k.n.b.TacletPBuilder Override: #vRightNew (program Variable) #vRightNew (program Variable) 
165623     ERROR Test worker     d.u.i.k.n.b.TacletPBuilder Override: #seLeft (program SimpleExpression) #seLeft (program SimpleExpression) 
165623     ERROR Test worker     d.u.i.k.n.b.TacletPBuilder Override: #nseRight (program NonSimpleExpression) #nseRight (program NonSimpleExpression) 
165623     ERROR Test worker     d.u.i.k.n.b.TacletPBuilder Override: post (formula) post (formula) 
165623     ERROR Test worker     d.u.i.k.n.b.AbstractBuilder  com.github.javaparser.resolution.UnsolvedSymbolException: Unsolved symbol in de.uka.ilkd.key.java.JavaParserFactory$DynamicTypeSolver@60686d5f : java.lang.Object
	at com.github.javaparser.resolution.TypeSolver.solveType(TypeSolver.java:71)

165623     ERROR Test worker     d.u.i.k.n.b.TacletPBuilder Error in parsing taclet. de.uka.ilkd.key.util.parsing.BuildingException: Unsolved symbol in de.uka.ilkd.key.java.JavaParserFactory$DynamicTypeSolver@60686d5f : java.lang.Object at file:/D:/a/key/key/key.core/build/resources/main/de/uka/ilkd/key/proof/rules/adtProgramDecompositionRules.key:256:15
	at de.uka.ilkd.key.nparser.builder.AbstractBuilder.accept(AbstractBuilder.java:54)
Caused by: com.github.javaparser.resolution.UnsolvedSymbolException: Unsolved symbol in de.uka.ilkd.key.java.JavaParserFactory$DynamicTypeSolver@60686d5f : java.lang.Object
	at com.github.javaparser.resolution.TypeSolver.solveType(TypeSolver.java:71)

165623     ERROR Test worker     d.u.i.k.n.b.TacletPBuilder Override: #v (program Variable) #v (program Variable) 
165623     ERROR Test worker     d.u.i.k.n.b.TacletPBuilder Override: post (formula) post (formula) 
165623     ERROR Test worker     d.u.i.k.n.b.AbstractBuilder  com.github.javaparser.resolution.UnsolvedSymbolException: Unsolved symbol in de.uka.ilkd.key.java.JavaParserFactory$DynamicTypeSolver@60686d5f : java.lang.Object
	at com.github.javaparser.resolution.TypeSolver.solveType(TypeSolver.java:71)

165623     ERROR Test worker     d.u.i.k.n.b.TacletPBuilder Error in parsing taclet. de.uka.ilkd.key.util.parsing.BuildingException: Unsolved symbol in de.uka.ilkd.key.java.JavaParserFactory$DynamicTypeSolver@60686d5f : java.lang.Object at file:/D:/a/key/key/key.core/build/resources/main/de/uka/ilkd/key/proof/rules/adtProgramDecompositionRules.key:268:15
	at de.uka.ilkd.key.nparser.builder.AbstractBuilder.accept(AbstractBuilder.java:54)
Caused by: com.github.javaparser.resolution.UnsolvedSymbolException: Unsolved symbol in de.uka.ilkd.key.java.JavaParserFactory$DynamicTypeSolver@60686d5f : java.lang.Object
	at com.github.javaparser.resolution.TypeSolver.solveType(TypeSolver.java:71)

165623     ERROR Test worker     d.u.i.k.n.b.TacletPBuilder Override: #v (program Variable) #v (program Variable) 
165623     ERROR Test worker     d.u.i.k.n.b.TacletPBuilder Override: #vNew (program Variable) #vNew (program Variable) 
165623     ERROR Test worker     d.u.i.k.n.b.TacletPBuilder Override: #nse (program NonSimpleExpression) #nse (program NonSimpleExpression) 
165623     ERROR Test worker     d.u.i.k.n.b.TacletPBuilder Override: post (formula) post (formula) 
165623     ERROR Test worker     d.u.i.k.n.b.AbstractBuilder  com.github.javaparser.resolution.UnsolvedSymbolException: Unsolved symbol in de.uka.ilkd.key.java.JavaParserFactory$DynamicTypeSolver@60686d5f : java.lang.Object
	at com.github.javaparser.resolution.TypeSolver.solveType(TypeSolver.java:71)

165623     ERROR Test worker     d.u.i.k.n.b.TacletPBuilder Error in parsing taclet. de.uka.ilkd.key.util.parsing.BuildingException: Unsolved symbol in de.uka.ilkd.key.java.JavaParserFactory$DynamicTypeSolver@60686d5f : java.lang.Object at file:/D:/a/key/key/key.core/build/resources/main/de/uka/ilkd/key/proof/rules/adtProgramDecompositionRules.key:281:15
	at de.uka.ilkd.key.nparser.builder.AbstractBuilder.accept(AbstractBuilder.java:54)
Caused by: com.github.javaparser.resolution.UnsolvedSymbolException: Unsolved symbol in de.uka.ilkd.key.java.JavaParserFactory$DynamicTypeSolver@60686d5f : java.lang.Object
	at com.github.javaparser.resolution.TypeSolver.solveType(TypeSolver.java:71)

165623     ERROR Test worker     d.u.i.k.n.b.TacletPBuilder Override: #v (program Variable) #v (program Variable) 
165623     ERROR Test worker     d.u.i.k.n.b.TacletPBuilder Override: #vNew (program Variable) #vNew (program Variable) 
165623     ERROR Test worker     d.u.i.k.n.b.TacletPBuilder Override: #nse (program NonSimpleExpression) #nse (program NonSimpleExpression) 
165623     ERROR Test worker     d.u.i.k.n.b.TacletPBuilder Override: post (formula) post (formula) 
165638     ERROR Test worker     d.u.i.k.n.b.AbstractBuilder  com.github.javaparser.resolution.UnsolvedSymbolException: Unsolved symbol in de.uka.ilkd.key.java.JavaParserFactory$DynamicTypeSolver@60686d5f : java.lang.Object
	at com.github.javaparser.resolution.TypeSolver.solveType(TypeSolver.java:71)

165638     ERROR Test worker     d.u.i.k.n.b.TacletPBuilder Error in parsing taclet. de.uka.ilkd.key.util.parsing.BuildingException: Unsolved symbol in de.uka.ilkd.key.java.JavaParserFactory$DynamicTypeSolver@60686d5f : java.lang.Object at file:/D:/a/key/key/key.core/build/resources/main/de/uka/ilkd/key/proof/rules/adtProgramDecompositionRules.key:294:15
	at de.uka.ilkd.key.nparser.builder.AbstractBuilder.accept(AbstractBuilder.java:54)
Caused by: com.github.javaparser.resolution.UnsolvedSymbolException: Unsolved symbol in de.uka.ilkd.key.java.JavaParserFactory$DynamicTypeSolver@60686d5f : java.lang.Object
	at com.github.javaparser.resolution.TypeSolver.solveType(TypeSolver.java:71)

165748     ERROR Test worker     d.u.i.k.n.b.AbstractBuilder  com.github.javaparser.resolution.UnsolvedSymbolException: Unsolved symbol in de.uka.ilkd.key.java.JavaParserFactory$DynamicTypeSolver@60686d5f : java.lang.Object
	at com.github.javaparser.resolution.TypeSolver.solveType(TypeSolver.java:71)

165748     ERROR Test worker     d.u.i.k.n.b.TacletPBuilder Error in parsing taclet. de.uka.ilkd.key.util.parsing.BuildingException: Unsolved symbol in de.uka.ilkd.key.java.JavaParserFactory$DynamicTypeSolver@60686d5f : java.lang.Object at file:/D:/a/key/key/key.core/build/resources/main/de/uka/ilkd/key/proof/rules/forLoopRules.key:12:15
	at de.uka.ilkd.key.nparser.builder.AbstractBuilder.accept(AbstractBuilder.java:54)
Caused by: com.github.javaparser.resolution.UnsolvedSymbolException: Unsolved symbol in de.uka.ilkd.key.java.JavaParserFactory$DynamicTypeSolver@60686d5f : java.lang.Object
	at com.github.javaparser.resolution.TypeSolver.solveType(TypeSolver.java:71)

165748     ERROR Test worker     d.u.i.k.n.b.AbstractBuilder  com.github.javaparser.resolution.UnsolvedSymbolException: Unsolved symbol in de.uka.ilkd.key.java.JavaParserFactory$DynamicTypeSolver@60686d5f : java.lang.Object
	at com.github.javaparser.resolution.TypeSolver.solveType(TypeSolver.java:71)

165748     ERROR Test worker     d.u.i.k.n.b.TacletPBuilder Error in parsing taclet. de.uka.ilkd.key.util.parsing.BuildingException: Unsolved symbol in de.uka.ilkd.key.java.JavaParserFactory$DynamicTypeSolver@60686d5f : java.lang.Object at file:/D:/a/key/key/key.core/build/resources/main/de/uka/ilkd/key/proof/rules/execRules.key:26:13
	at de.uka.ilkd.key.nparser.builder.AbstractBuilder.accept(AbstractBuilder.java:54)
Caused by: com.github.javaparser.resolution.UnsolvedSymbolException: Unsolved symbol in de.uka.ilkd.key.java.JavaParserFactory$DynamicTypeSolver@60686d5f : java.lang.Object
	at com.github.javaparser.resolution.TypeSolver.solveType(TypeSolver.java:71)

165764     ERROR Test worker     d.u.i.k.n.b.AbstractBuilder  com.github.javaparser.resolution.UnsolvedSymbolException: Unsolved symbol in de.uka.ilkd.key.java.JavaParserFactory$DynamicTypeSolver@60686d5f : java.lang.Object
	at com.github.javaparser.resolution.TypeSolver.solveType(TypeSolver.java:71)

165764     ERROR Test worker     d.u.i.k.n.b.TacletPBuilder Error in parsing taclet. de.uka.ilkd.key.util.parsing.BuildingException: Unsolved symbol in de.uka.ilkd.key.java.JavaParserFactory$DynamicTypeSolver@60686d5f : java.lang.Object at file:/D:/a/key/key/key.core/build/resources/main/de/uka/ilkd/key/proof/rules/execRules.key:37:13
	at de.uka.ilkd.key.nparser.builder.AbstractBuilder.accept(AbstractBuilder.java:54)
Caused by: com.github.javaparser.resolution.UnsolvedSymbolException: Unsolved symbol in de.uka.ilkd.key.java.JavaParserFactory$DynamicTypeSolver@60686d5f : java.lang.Object
	at com.github.javaparser.resolution.TypeSolver.solveType(TypeSolver.java:71)

165764     ERROR Test worker     d.u.i.k.n.b.AbstractBuilder  com.github.javaparser.resolution.UnsolvedSymbolException: Unsolved symbol in de.uka.ilkd.key.java.JavaParserFactory$DynamicTypeSolver@60686d5f : java.lang.Object
	at com.github.javaparser.resolution.TypeSolver.solveType(TypeSolver.java:71)

165764     ERROR Test worker     d.u.i.k.n.b.TacletPBuilder Error in parsing taclet. de.uka.ilkd.key.util.parsing.BuildingException: Unsolved symbol in de.uka.ilkd.key.java.JavaParserFactory$DynamicTypeSolver@60686d5f : java.lang.Object at file:/D:/a/key/key/key.core/build/resources/main/de/uka/ilkd/key/proof/rules/execRules.key:50:13
	at de.uka.ilkd.key.nparser.builder.AbstractBuilder.accept(AbstractBuilder.java:54)
Caused by: com.github.javaparser.resolution.UnsolvedSymbolException: Unsolved symbol in de.uka.ilkd.key.java.JavaParserFactory$DynamicTypeSolver@60686d5f : java.lang.Object
	at com.github.javaparser.resolution.TypeSolver.solveType(TypeSolver.java:71)

165764     ERROR Test worker     d.u.i.k.n.b.AbstractBuilder  com.github.javaparser.resolution.UnsolvedSymbolException: Unsolved symbol in de.uka.ilkd.key.java.JavaParserFactory$DynamicTypeSolver@60686d5f : java.lang.Object
	at com.github.javaparser.resolution.TypeSolver.solveType(TypeSolver.java:71)

165764     ERROR Test worker     d.u.i.k.n.b.TacletPBuilder Error in parsing taclet. de.uka.ilkd.key.util.parsing.BuildingException: Unsolved symbol in de.uka.ilkd.key.java.JavaParserFactory$DynamicTypeSolver@60686d5f : java.lang.Object at file:/D:/a/key/key/key.core/build/resources/main/de/uka/ilkd/key/proof/rules/execRules.key:64:13
	at de.uka.ilkd.key.nparser.builder.AbstractBuilder.accept(AbstractBuilder.java:54)
Caused by: com.github.javaparser.resolution.UnsolvedSymbolException: Unsolved symbol in de.uka.ilkd.key.java.JavaParserFactory$DynamicTypeSolver@60686d5f : java.lang.Object
	at com.github.javaparser.resolution.TypeSolver.solveType(TypeSolver.java:71)

165764     ERROR Test worker     d.u.i.k.n.b.AbstractBuilder  com.github.javaparser.resolution.UnsolvedSymbolException: Unsolved symbol in de.uka.ilkd.key.java.JavaParserFactory$DynamicTypeSolver@60686d5f : java.lang.Object
	at com.github.javaparser.resolution.TypeSolver.solveType(TypeSolver.java:71)

165764     ERROR Test worker     d.u.i.k.n.b.TacletPBuilder Error in parsing taclet. de.uka.ilkd.key.util.parsing.BuildingException: Unsolved symbol in de.uka.ilkd.key.java.JavaParserFactory$DynamicTypeSolver@60686d5f : java.lang.Object at file:/D:/a/key/key/key.core/build/resources/main/de/uka/ilkd/key/proof/rules/execRules.key:83:13
	at de.uka.ilkd.key.nparser.builder.AbstractBuilder.accept(AbstractBuilder.java:54)
Caused by: com.github.javaparser.resolution.UnsolvedSymbolException: Unsolved symbol in de.uka.ilkd.key.java.JavaParserFactory$DynamicTypeSolver@60686d5f : java.lang.Object
	at com.github.javaparser.resolution.TypeSolver.solveType(TypeSolver.java:71)

165764     ERROR Test worker     d.u.i.k.n.b.AbstractBuilder  com.github.javaparser.resolution.UnsolvedSymbolException: Unsolved symbol in de.uka.ilkd.key.java.JavaParserFactory$DynamicTypeSolver@60686d5f : java.lang.Object
	at com.github.javaparser.resolution.TypeSolver.solveType(TypeSolver.java:71)

165764     ERROR Test worker     d.u.i.k.n.b.TacletPBuilder Error in parsing taclet. de.uka.ilkd.key.util.parsing.BuildingException: Unsolved symbol in de.uka.ilkd.key.java.JavaParserFactory$DynamicTypeSolver@60686d5f : java.lang.Object at file:/D:/a/key/key/key.core/build/resources/main/de/uka/ilkd/key/proof/rules/execRules.key:97:13
	at de.uka.ilkd.key.nparser.builder.AbstractBuilder.accept(AbstractBuilder.java:54)
Caused by: com.github.javaparser.resolution.UnsolvedSymbolException: Unsolved symbol in de.uka.ilkd.key.java.JavaParserFactory$DynamicTypeSolver@60686d5f : java.lang.Object
	at com.github.javaparser.resolution.TypeSolver.solveType(TypeSolver.java:71)

165764     ERROR Test worker     d.u.i.k.n.b.AbstractBuilder  com.github.javaparser.resolution.UnsolvedSymbolException: Unsolved symbol in de.uka.ilkd.key.java.JavaParserFactory$DynamicTypeSolver@60686d5f : java.lang.Object
	at com.github.javaparser.resolution.TypeSolver.solveType(TypeSolver.java:71)

165764     ERROR Test worker     d.u.i.k.n.b.TacletPBuilder Error in parsing taclet. de.uka.ilkd.key.util.parsing.BuildingException: Unsolved symbol in de.uka.ilkd.key.java.JavaParserFactory$DynamicTypeSolver@60686d5f : java.lang.Object at file:/D:/a/key/key/key.core/build/resources/main/de/uka/ilkd/key/proof/rules/execRules.key:111:13
	at de.uka.ilkd.key.nparser.builder.AbstractBuilder.accept(AbstractBuilder.java:54)
Caused by: com.github.javaparser.resolution.UnsolvedSymbolException: Unsolved symbol in de.uka.ilkd.key.java.JavaParserFactory$DynamicTypeSolver@60686d5f : java.lang.Object
	at com.github.javaparser.resolution.TypeSolver.solveType(TypeSolver.java:71)

165764     ERROR Test worker     d.u.i.k.n.b.AbstractBuilder  com.github.javaparser.resolution.UnsolvedSymbolException: Unsolved symbol in de.uka.ilkd.key.java.JavaParserFactory$DynamicTypeSolver@60686d5f : java.lang.Object
	at com.github.javaparser.resolution.TypeSolver.solveType(TypeSolver.java:71)

165764     ERROR Test worker     d.u.i.k.n.b.TacletPBuilder Error in parsing taclet. de.uka.ilkd.key.util.parsing.BuildingException: Unsolved symbol in de.uka.ilkd.key.java.JavaParserFactory$DynamicTypeSolver@60686d5f : java.lang.Object at file:/D:/a/key/key/key.core/build/resources/main/de/uka/ilkd/key/proof/rules/execRules.key:125:13
	at de.uka.ilkd.key.nparser.builder.AbstractBuilder.accept(AbstractBuilder.java:54)
Caused by: com.github.javaparser.resolution.UnsolvedSymbolException: Unsolved symbol in de.uka.ilkd.key.java.JavaParserFactory$DynamicTypeSolver@60686d5f : java.lang.Object
	at com.github.javaparser.resolution.TypeSolver.solveType(TypeSolver.java:71)

165764     ERROR Test worker     d.u.i.k.n.b.AbstractBuilder  com.github.javaparser.resolution.UnsolvedSymbolException: Unsolved symbol in de.uka.ilkd.key.java.JavaParserFactory$DynamicTypeSolver@60686d5f : java.lang.Object
	at com.github.javaparser.resolution.TypeSolver.solveType(TypeSolver.java:71)

165764     ERROR Test worker     d.u.i.k.n.b.TacletPBuilder Error in parsing taclet. de.uka.ilkd.key.util.parsing.BuildingException: Unsolved symbol in de.uka.ilkd.key.java.JavaParserFactory$DynamicTypeSolver@60686d5f : java.lang.Object at file:/D:/a/key/key/key.core/build/resources/main/de/uka/ilkd/key/proof/rules/execRules.key:139:13
	at de.uka.ilkd.key.nparser.builder.AbstractBuilder.accept(AbstractBuilder.java:54)
Caused by: com.github.javaparser.resolution.UnsolvedSymbolException: Unsolved symbol in de.uka.ilkd.key.java.JavaParserFactory$DynamicTypeSolver@60686d5f : java.lang.Object
	at com.github.javaparser.resolution.TypeSolver.solveType(TypeSolver.java:71)

165764     ERROR Test worker     d.u.i.k.n.b.AbstractBuilder  com.github.javaparser.resolution.UnsolvedSymbolException: Unsolved symbol in de.uka.ilkd.key.java.JavaParserFactory$DynamicTypeSolver@60686d5f : java.lang.Object
	at com.github.javaparser.resolution.TypeSolver.solveType(TypeSolver.java:71)

165764     ERROR Test worker     d.u.i.k.n.b.TacletPBuilder Error in parsing taclet. de.uka.ilkd.key.util.parsing.BuildingException: Unsolved symbol in de.uka.ilkd.key.java.JavaParserFactory$DynamicTypeSolver@60686d5f : java.lang.Object at file:/D:/a/key/key/key.core/build/resources/main/de/uka/ilkd/key/proof/rules/execRules.key:153:13
	at de.uka.ilkd.key.nparser.builder.AbstractBuilder.accept(AbstractBuilder.java:54)
Caused by: com.github.javaparser.resolution.UnsolvedSymbolException: Unsolved symbol in de.uka.ilkd.key.java.JavaParserFactory$DynamicTypeSolver@60686d5f : java.lang.Object
	at com.github.javaparser.resolution.TypeSolver.solveType(TypeSolver.java:71)

165779     ERROR Test worker     d.u.i.k.n.b.AbstractBuilder  com.github.javaparser.resolution.UnsolvedSymbolException: Unsolved symbol in de.uka.ilkd.key.java.JavaParserFactory$DynamicTypeSolver@60686d5f : java.lang.Object
	at com.github.javaparser.resolution.TypeSolver.solveType(TypeSolver.java:71)

165779     ERROR Test worker     d.u.i.k.n.b.TacletPBuilder Error in parsing taclet. de.uka.ilkd.key.util.parsing.BuildingException: Unsolved symbol in de.uka.ilkd.key.java.JavaParserFactory$DynamicTypeSolver@60686d5f : java.lang.Object at file:/D:/a/key/key/key.core/build/resources/main/de/uka/ilkd/key/proof/rules/execRules.key:170:15
	at de.uka.ilkd.key.nparser.builder.AbstractBuilder.accept(AbstractBuilder.java:54)
Caused by: com.github.javaparser.resolution.UnsolvedSymbolException: Unsolved symbol in de.uka.ilkd.key.java.JavaParserFactory$DynamicTypeSolver@60686d5f : java.lang.Object
	at com.github.javaparser.resolution.TypeSolver.solveType(TypeSolver.java:71)

165779     ERROR Test worker     d.u.i.k.n.b.AbstractBuilder  com.github.javaparser.resolution.UnsolvedSymbolException: Unsolved symbol in de.uka.ilkd.key.java.JavaParserFactory$DynamicTypeSolver@60686d5f : java.lang.Object
	at com.github.javaparser.resolution.TypeSolver.solveType(TypeSolver.java:71)

165779     ERROR Test worker     d.u.i.k.n.b.TacletPBuilder Error in parsing taclet. de.uka.ilkd.key.util.parsing.BuildingException: Unsolved symbol in de.uka.ilkd.key.java.JavaParserFactory$DynamicTypeSolver@60686d5f : java.lang.Object at file:/D:/a/key/key/key.core/build/resources/main/de/uka/ilkd/key/proof/rules/execRules.key:187:15
	at de.uka.ilkd.key.nparser.builder.AbstractBuilder.accept(AbstractBuilder.java:54)
Caused by: com.github.javaparser.resolution.UnsolvedSymbolException: Unsolved symbol in de.uka.ilkd.key.java.JavaParserFactory$DynamicTypeSolver@60686d5f : java.lang.Object
	at com.github.javaparser.resolution.TypeSolver.solveType(TypeSolver.java:71)

165779     ERROR Test worker     d.u.i.k.n.b.AbstractBuilder  com.github.javaparser.resolution.UnsolvedSymbolException: Unsolved symbol in de.uka.ilkd.key.java.JavaParserFactory$DynamicTypeSolver@60686d5f : java.lang.Object
	at com.github.javaparser.resolution.TypeSolver.solveType(TypeSolver.java:71)

165779     ERROR Test worker     d.u.i.k.n.b.TacletPBuilder Error in parsing taclet. de.uka.ilkd.key.util.parsing.BuildingException: Unsolved symbol in de.uka.ilkd.key.java.JavaParserFactory$DynamicTypeSolver@60686d5f : java.lang.Object at file:/D:/a/key/key/key.core/build/resources/main/de/uka/ilkd/key/proof/rules/execRules.key:218:15
	at de.uka.ilkd.key.nparser.builder.AbstractBuilder.accept(AbstractBuilder.java:54)
Caused by: com.github.javaparser.resolution.UnsolvedSymbolException: Unsolved symbol in de.uka.ilkd.key.java.JavaParserFactory$DynamicTypeSolver@60686d5f : java.lang.Object
	at com.github.javaparser.resolution.TypeSolver.solveType(TypeSolver.java:71)

165779     ERROR Test worker     d.u.i.k.n.b.AbstractBuilder  com.github.javaparser.resolution.UnsolvedSymbolException: Unsolved symbol in de.uka.ilkd.key.java.JavaParserFactory$DynamicTypeSolver@60686d5f : java.lang.Object
	at com.github.javaparser.resolution.TypeSolver.solveType(TypeSolver.java:71)

165779     ERROR Test worker     d.u.i.k.n.b.TacletPBuilder Error in parsing taclet. de.uka.ilkd.key.util.parsing.BuildingException: Unsolved symbol in de.uka.ilkd.key.java.JavaParserFactory$DynamicTypeSolver@60686d5f : java.lang.Object at file:/D:/a/key/key/key.core/build/resources/main/de/uka/ilkd/key/proof/rules/execRules.key:235:15
	at de.uka.ilkd.key.nparser.builder.AbstractBuilder.accept(AbstractBuilder.java:54)
Caused by: com.github.javaparser.resolution.UnsolvedSymbolException: Unsolved symbol in de.uka.ilkd.key.java.JavaParserFactory$DynamicTypeSolver@60686d5f : java.lang.Object
	at com.github.javaparser.resolution.TypeSolver.solveType(TypeSolver.java:71)

165779     ERROR Test worker     d.u.i.k.n.b.AbstractBuilder  com.github.javaparser.resolution.UnsolvedSymbolException: Unsolved symbol in de.uka.ilkd.key.java.JavaParserFactory$DynamicTypeSolver@60686d5f : java.lang.Object
	at com.github.javaparser.resolution.TypeSolver.solveType(TypeSolver.java:71)

165779     ERROR Test worker     d.u.i.k.n.b.TacletPBuilder Error in parsing taclet. de.uka.ilkd.key.util.parsing.BuildingException: Unsolved symbol in de.uka.ilkd.key.java.JavaParserFactory$DynamicTypeSolver@60686d5f : java.lang.Object at file:/D:/a/key/key/key.core/build/resources/main/de/uka/ilkd/key/proof/rules/execRules.key:252:15
	at de.uka.ilkd.key.nparser.builder.AbstractBuilder.accept(AbstractBuilder.java:54)
Caused by: com.github.javaparser.resolution.UnsolvedSymbolException: Unsolved symbol in de.uka.ilkd.key.java.JavaParserFactory$DynamicTypeSolver@60686d5f : java.lang.Object
	at com.github.javaparser.resolution.TypeSolver.solveType(TypeSolver.java:71)

165779     ERROR Test worker     d.u.i.k.n.b.AbstractBuilder  com.github.javaparser.resolution.UnsolvedSymbolException: Unsolved symbol in de.uka.ilkd.key.java.JavaParserFactory$DynamicTypeSolver@60686d5f : java.lang.Object
	at com.github.javaparser.resolution.TypeSolver.solveType(TypeSolver.java:71)

165779     ERROR Test worker     d.u.i.k.n.b.TacletPBuilder Error in parsing taclet. de.uka.ilkd.key.util.parsing.BuildingException: Unsolved symbol in de.uka.ilkd.key.java.JavaParserFactory$DynamicTypeSolver@60686d5f : java.lang.Object at file:/D:/a/key/key/key.core/build/resources/main/de/uka/ilkd/key/proof/rules/execRules.key:269:15
	at de.uka.ilkd.key.nparser.builder.AbstractBuilder.accept(AbstractBuilder.java:54)
Caused by: com.github.javaparser.resolution.UnsolvedSymbolException: Unsolved symbol in de.uka.ilkd.key.java.JavaParserFactory$DynamicTypeSolver@60686d5f : java.lang.Object
	at com.github.javaparser.resolution.TypeSolver.solveType(TypeSolver.java:71)

165779     ERROR Test worker     d.u.i.k.n.b.AbstractBuilder  com.github.javaparser.resolution.UnsolvedSymbolException: Unsolved symbol in de.uka.ilkd.key.java.JavaParserFactory$DynamicTypeSolver@60686d5f : java.lang.Object
	at com.github.javaparser.resolution.TypeSolver.solveType(TypeSolver.java:71)

165779     ERROR Test worker     d.u.i.k.n.b.TacletPBuilder Error in parsing taclet. de.uka.ilkd.key.util.parsing.BuildingException: Unsolved symbol in de.uka.ilkd.key.java.JavaParserFactory$DynamicTypeSolver@60686d5f : java.lang.Object at file:/D:/a/key/key/key.core/build/resources/main/de/uka/ilkd/key/proof/rules/execRules.key:286:15
	at de.uka.ilkd.key.nparser.builder.AbstractBuilder.accept(AbstractBuilder.java:54)
Caused by: com.github.javaparser.resolution.UnsolvedSymbolException: Unsolved symbol in de.uka.ilkd.key.java.JavaParserFactory$DynamicTypeSolver@60686d5f : java.lang.Object
	at com.github.javaparser.resolution.TypeSolver.solveType(TypeSolver.java:71)

165779     ERROR Test worker     d.u.i.k.n.b.AbstractBuilder  com.github.javaparser.resolution.UnsolvedSymbolException: Unsolved symbol in de.uka.ilkd.key.java.JavaParserFactory$DynamicTypeSolver@60686d5f : java.lang.Object
	at com.github.javaparser.resolution.TypeSolver.solveType(TypeSolver.java:71)

165779     ERROR Test worker     d.u.i.k.n.b.TacletPBuilder Error in parsing taclet. de.uka.ilkd.key.util.parsing.BuildingException: Unsolved symbol in de.uka.ilkd.key.java.JavaParserFactory$DynamicTypeSolver@60686d5f : java.lang.Object at file:/D:/a/key/key/key.core/build/resources/main/de/uka/ilkd/key/proof/rules/execRules.key:303:15
	at de.uka.ilkd.key.nparser.builder.AbstractBuilder.accept(AbstractBuilder.java:54)
Caused by: com.github.javaparser.resolution.UnsolvedSymbolException: Unsolved symbol in de.uka.ilkd.key.java.JavaParserFactory$DynamicTypeSolver@60686d5f : java.lang.Object
	at com.github.javaparser.resolution.TypeSolver.solveType(TypeSolver.java:71)

165795     ERROR Test worker     d.u.i.k.n.b.AbstractBuilder  com.github.javaparser.resolution.UnsolvedSymbolException: Unsolved symbol in de.uka.ilkd.key.java.JavaParserFactory$DynamicTypeSolver@60686d5f : java.lang.Object
	at com.github.javaparser.resolution.TypeSolver.solveType(TypeSolver.java:71)

165795     ERROR Test worker     d.u.i.k.n.b.TacletPBuilder Error in parsing taclet. de.uka.ilkd.key.util.parsing.BuildingException: Unsolved symbol in de.uka.ilkd.key.java.JavaParserFactory$DynamicTypeSolver@60686d5f : java.lang.Object at file:/D:/a/key/key/key.core/build/resources/main/de/uka/ilkd/key/proof/rules/execRules.key:320:15
	at de.uka.ilkd.key.nparser.builder.AbstractBuilder.accept(AbstractBuilder.java:54)
Caused by: com.github.javaparser.resolution.UnsolvedSymbolException: Unsolved symbol in de.uka.ilkd.key.java.JavaParserFactory$DynamicTypeSolver@60686d5f : java.lang.Object
	at com.github.javaparser.resolution.TypeSolver.solveType(TypeSolver.java:71)

165795     ERROR Test worker     d.u.i.k.n.b.AbstractBuilder  com.github.javaparser.resolution.UnsolvedSymbolException: Unsolved symbol in de.uka.ilkd.key.java.JavaParserFactory$DynamicTypeSolver@60686d5f : java.lang.Object
	at com.github.javaparser.resolution.TypeSolver.solveType(TypeSolver.java:71)

165795     ERROR Test worker     d.u.i.k.n.b.TacletPBuilder Error in parsing taclet. de.uka.ilkd.key.util.parsing.BuildingException: Unsolved symbol in de.uka.ilkd.key.java.JavaParserFactory$DynamicTypeSolver@60686d5f : java.lang.Object at file:/D:/a/key/key/key.core/build/resources/main/de/uka/ilkd/key/proof/rules/execRules.key:337:15
	at de.uka.ilkd.key.nparser.builder.AbstractBuilder.accept(AbstractBuilder.java:54)
Caused by: com.github.javaparser.resolution.UnsolvedSymbolException: Unsolved symbol in de.uka.ilkd.key.java.JavaParserFactory$DynamicTypeSolver@60686d5f : java.lang.Object
	at com.github.javaparser.resolution.TypeSolver.solveType(TypeSolver.java:71)

165795     ERROR Test worker     d.u.i.k.n.b.AbstractBuilder  com.github.javaparser.resolution.UnsolvedSymbolException: Unsolved symbol in de.uka.ilkd.key.java.JavaParserFactory$DynamicTypeSolver@60686d5f : java.lang.Object
	at com.github.javaparser.resolution.TypeSolver.solveType(TypeSolver.java:71)

165795     ERROR Test worker     d.u.i.k.n.b.TacletPBuilder Error in parsing taclet. de.uka.ilkd.key.util.parsing.BuildingException: Unsolved symbol in de.uka.ilkd.key.java.JavaParserFactory$DynamicTypeSolver@60686d5f : java.lang.Object at file:/D:/a/key/key/key.core/build/resources/main/de/uka/ilkd/key/proof/rules/execRules.key:355:13
	at de.uka.ilkd.key.nparser.builder.AbstractBuilder.accept(AbstractBuilder.java:54)
Caused by: com.github.javaparser.resolution.UnsolvedSymbolException: Unsolved symbol in de.uka.ilkd.key.java.JavaParserFactory$DynamicTypeSolver@60686d5f : java.lang.Object
	at com.github.javaparser.resolution.TypeSolver.solveType(TypeSolver.java:71)

165795     ERROR Test worker     d.u.i.k.n.b.AbstractBuilder  com.github.javaparser.resolution.UnsolvedSymbolException: Unsolved symbol in de.uka.ilkd.key.java.JavaParserFactory$DynamicTypeSolver@60686d5f : java.lang.Object
	at com.github.javaparser.resolution.TypeSolver.solveType(TypeSolver.java:71)

165795     ERROR Test worker     d.u.i.k.n.b.TacletPBuilder Error in parsing taclet. de.uka.ilkd.key.util.parsing.BuildingException: Unsolved symbol in de.uka.ilkd.key.java.JavaParserFactory$DynamicTypeSolver@60686d5f : java.lang.Object at file:/D:/a/key/key/key.core/build/resources/main/de/uka/ilkd/key/proof/rules/execRules.key:370:15
	at de.uka.ilkd.key.nparser.builder.AbstractBuilder.accept(AbstractBuilder.java:54)
Caused by: com.github.javaparser.resolution.UnsolvedSymbolException: Unsolved symbol in de.uka.ilkd.key.java.JavaParserFactory$DynamicTypeSolver@60686d5f : java.lang.Object
	at com.github.javaparser.resolution.TypeSolver.solveType(TypeSolver.java:71)

165795     ERROR Test worker     d.u.i.k.n.b.AbstractBuilder  com.github.javaparser.resolution.UnsolvedSymbolException: Unsolved symbol in de.uka.ilkd.key.java.JavaParserFactory$DynamicTypeSolver@60686d5f : java.lang.Object
	at com.github.javaparser.resolution.TypeSolver.solveType(TypeSolver.java:71)

165795     ERROR Test worker     d.u.i.k.n.b.TacletPBuilder Error in parsing taclet. de.uka.ilkd.key.util.parsing.BuildingException: Unsolved symbol in de.uka.ilkd.key.java.JavaParserFactory$DynamicTypeSolver@60686d5f : java.lang.Object at file:/D:/a/key/key/key.core/build/resources/main/de/uka/ilkd/key/proof/rules/execRules.key:388:15
	at de.uka.ilkd.key.nparser.builder.AbstractBuilder.accept(AbstractBuilder.java:54)
Caused by: com.github.javaparser.resolution.UnsolvedSymbolException: Unsolved symbol in de.uka.ilkd.key.java.JavaParserFactory$DynamicTypeSolver@60686d5f : java.lang.Object
	at com.github.javaparser.resolution.TypeSolver.solveType(TypeSolver.java:71)

165795     ERROR Test worker     d.u.i.k.n.b.AbstractBuilder  com.github.javaparser.resolution.UnsolvedSymbolException: Unsolved symbol in de.uka.ilkd.key.java.JavaParserFactory$DynamicTypeSolver@60686d5f : java.lang.Object
	at com.github.javaparser.resolution.TypeSolver.solveType(TypeSolver.java:71)

165795     ERROR Test worker     d.u.i.k.n.b.TacletPBuilder Error in parsing taclet. de.uka.ilkd.key.util.parsing.BuildingException: Unsolved symbol in de.uka.ilkd.key.java.JavaParserFactory$DynamicTypeSolver@60686d5f : java.lang.Object at file:/D:/a/key/key/key.core/build/resources/main/de/uka/ilkd/key/proof/rules/execRules.key:405:15
	at de.uka.ilkd.key.nparser.builder.AbstractBuilder.accept(AbstractBuilder.java:54)
Caused by: com.github.javaparser.resolution.UnsolvedSymbolException: Unsolved symbol in de.uka.ilkd.key.java.JavaParserFactory$DynamicTypeSolver@60686d5f : java.lang.Object
	at com.github.javaparser.resolution.TypeSolver.solveType(TypeSolver.java:71)

165810     ERROR Test worker     d.u.i.k.n.b.AbstractBuilder  com.github.javaparser.resolution.UnsolvedSymbolException: Unsolved symbol in de.uka.ilkd.key.java.JavaParserFactory$DynamicTypeSolver@60686d5f : java.lang.Object
	at com.github.javaparser.resolution.TypeSolver.solveType(TypeSolver.java:71)

165810     ERROR Test worker     d.u.i.k.n.b.TacletPBuilder Error in parsing taclet. de.uka.ilkd.key.util.parsing.BuildingException: Unsolved symbol in de.uka.ilkd.key.java.JavaParserFactory$DynamicTypeSolver@60686d5f : java.lang.Object at file:/D:/a/key/key/key.core/build/resources/main/de/uka/ilkd/key/proof/rules/execRules.key:422:15
	at de.uka.ilkd.key.nparser.builder.AbstractBuilder.accept(AbstractBuilder.java:54)
Caused by: com.github.javaparser.resolution.UnsolvedSymbolException: Unsolved symbol in de.uka.ilkd.key.java.JavaParserFactory$DynamicTypeSolver@60686d5f : java.lang.Object
	at com.github.javaparser.resolution.TypeSolver.solveType(TypeSolver.java:71)

165810     ERROR Test worker     d.u.i.k.n.b.AbstractBuilder  com.github.javaparser.resolution.UnsolvedSymbolException: Unsolved symbol in de.uka.ilkd.key.java.JavaParserFactory$DynamicTypeSolver@60686d5f : java.lang.Object
	at com.github.javaparser.resolution.TypeSolver.solveType(TypeSolver.java:71)

165810     ERROR Test worker     d.u.i.k.n.b.TacletPBuilder Error in parsing taclet. de.uka.ilkd.key.util.parsing.BuildingException: Unsolved symbol in de.uka.ilkd.key.java.JavaParserFactory$DynamicTypeSolver@60686d5f : java.lang.Object at file:/D:/a/key/key/key.core/build/resources/main/de/uka/ilkd/key/proof/rules/execRules.key:439:15
	at de.uka.ilkd.key.nparser.builder.AbstractBuilder.accept(AbstractBuilder.java:54)
Caused by: com.github.javaparser.resolution.UnsolvedSymbolException: Unsolved symbol in de.uka.ilkd.key.java.JavaParserFactory$DynamicTypeSolver@60686d5f : java.lang.Object
	at com.github.javaparser.resolution.TypeSolver.solveType(TypeSolver.java:71)

165810     ERROR Test worker     d.u.i.k.n.b.AbstractBuilder  com.github.javaparser.resolution.UnsolvedSymbolException: Unsolved symbol in de.uka.ilkd.key.java.JavaParserFactory$DynamicTypeSolver@60686d5f : java.lang.Object
	at com.github.javaparser.resolution.TypeSolver.solveType(TypeSolver.java:71)

165810     ERROR Test worker     d.u.i.k.n.b.TacletPBuilder Error in parsing taclet. de.uka.ilkd.key.util.parsing.BuildingException: Unsolved symbol in de.uka.ilkd.key.java.JavaParserFactory$DynamicTypeSolver@60686d5f : java.lang.Object at file:/D:/a/key/key/key.core/build/resources/main/de/uka/ilkd/key/proof/rules/execRules.key:456:15
	at de.uka.ilkd.key.nparser.builder.AbstractBuilder.accept(AbstractBuilder.java:54)
Caused by: com.github.javaparser.resolution.UnsolvedSymbolException: Unsolved symbol in de.uka.ilkd.key.java.JavaParserFactory$DynamicTypeSolver@60686d5f : java.lang.Object
	at com.github.javaparser.resolution.TypeSolver.solveType(TypeSolver.java:71)

165810     ERROR Test worker     d.u.i.k.n.b.AbstractBuilder  com.github.javaparser.resolution.UnsolvedSymbolException: Unsolved symbol in de.uka.ilkd.key.java.JavaParserFactory$DynamicTypeSolver@60686d5f : java.lang.Object
	at com.github.javaparser.resolution.TypeSolver.solveType(TypeSolver.java:71)

165810     ERROR Test worker     d.u.i.k.n.b.TacletPBuilder Error in parsing taclet. de.uka.ilkd.key.util.parsing.BuildingException: Unsolved symbol in de.uka.ilkd.key.java.JavaParserFactory$DynamicTypeSolver@60686d5f : java.lang.Object at file:/D:/a/key/key/key.core/build/resources/main/de/uka/ilkd/key/proof/rules/execRules.key:473:15
	at de.uka.ilkd.key.nparser.builder.AbstractBuilder.accept(AbstractBuilder.java:54)
Caused by: com.github.javaparser.resolution.UnsolvedSymbolException: Unsolved symbol in de.uka.ilkd.key.java.JavaParserFactory$DynamicTypeSolver@60686d5f : java.lang.Object
	at com.github.javaparser.resolution.TypeSolver.solveType(TypeSolver.java:71)

165810     ERROR Test worker     d.u.i.k.n.b.AbstractBuilder  com.github.javaparser.resolution.UnsolvedSymbolException: Unsolved symbol in de.uka.ilkd.key.java.JavaParserFactory$DynamicTypeSolver@60686d5f : java.lang.Object
	at com.github.javaparser.resolution.TypeSolver.solveType(TypeSolver.java:71)

165810     ERROR Test worker     d.u.i.k.n.b.TacletPBuilder Error in parsing taclet. de.uka.ilkd.key.util.parsing.BuildingException: Unsolved symbol in de.uka.ilkd.key.java.JavaParserFactory$DynamicTypeSolver@60686d5f : java.lang.Object at file:/D:/a/key/key/key.core/build/resources/main/de/uka/ilkd/key/proof/rules/execRules.key:490:15
	at de.uka.ilkd.key.nparser.builder.AbstractBuilder.accept(AbstractBuilder.java:54)
Caused by: com.github.javaparser.resolution.UnsolvedSymbolException: Unsolved symbol in de.uka.ilkd.key.java.JavaParserFactory$DynamicTypeSolver@60686d5f : java.lang.Object
	at com.github.javaparser.resolution.TypeSolver.solveType(TypeSolver.java:71)

165810     ERROR Test worker     d.u.i.k.n.b.AbstractBuilder  com.github.javaparser.resolution.UnsolvedSymbolException: Unsolved symbol in de.uka.ilkd.key.java.JavaParserFactory$DynamicTypeSolver@60686d5f : java.lang.Object
	at com.github.javaparser.resolution.TypeSolver.solveType(TypeSolver.java:71)

165810     ERROR Test worker     d.u.i.k.n.b.TacletPBuilder Error in parsing taclet. de.uka.ilkd.key.util.parsing.BuildingException: Unsolved symbol in de.uka.ilkd.key.java.JavaParserFactory$DynamicTypeSolver@60686d5f : java.lang.Object at file:/D:/a/key/key/key.core/build/resources/main/de/uka/ilkd/key/proof/rules/execRules.key:507:15
	at de.uka.ilkd.key.nparser.builder.AbstractBuilder.accept(AbstractBuilder.java:54)
Caused by: com.github.javaparser.resolution.UnsolvedSymbolException: Unsolved symbol in de.uka.ilkd.key.java.JavaParserFactory$DynamicTypeSolver@60686d5f : java.lang.Object
	at com.github.javaparser.resolution.TypeSolver.solveType(TypeSolver.java:71)

165810     ERROR Test worker     d.u.i.k.n.b.AbstractBuilder  com.github.javaparser.resolution.UnsolvedSymbolException: Unsolved symbol in de.uka.ilkd.key.java.JavaParserFactory$DynamicTypeSolver@60686d5f : java.lang.Object
	at com.github.javaparser.resolution.TypeSolver.solveType(TypeSolver.java:71)

165810     ERROR Test worker     d.u.i.k.n.b.TacletPBuilder Error in parsing taclet. de.uka.ilkd.key.util.parsing.BuildingException: Unsolved symbol in de.uka.ilkd.key.java.JavaParserFactory$DynamicTypeSolver@60686d5f : java.lang.Object at file:/D:/a/key/key/key.core/build/resources/main/de/uka/ilkd/key/proof/rules/execRules.key:523:15
	at de.uka.ilkd.key.nparser.builder.AbstractBuilder.accept(AbstractBuilder.java:54)
Caused by: com.github.javaparser.resolution.UnsolvedSymbolException: Unsolved symbol in de.uka.ilkd.key.java.JavaParserFactory$DynamicTypeSolver@60686d5f : java.lang.Object
	at com.github.javaparser.resolution.TypeSolver.solveType(TypeSolver.java:71)

165810     ERROR Test worker     d.u.i.k.n.b.AbstractBuilder  com.github.javaparser.resolution.UnsolvedSymbolException: Unsolved symbol in de.uka.ilkd.key.java.JavaParserFactory$DynamicTypeSolver@60686d5f : java.lang.Object
	at com.github.javaparser.resolution.TypeSolver.solveType(TypeSolver.java:71)

165810     ERROR Test worker     d.u.i.k.n.b.TacletPBuilder Error in parsing taclet. de.uka.ilkd.key.util.parsing.BuildingException: Unsolved symbol in de.uka.ilkd.key.java.JavaParserFactory$DynamicTypeSolver@60686d5f : java.lang.Object at file:/D:/a/key/key/key.core/build/resources/main/de/uka/ilkd/key/proof/rules/execRules.key:541:15
	at de.uka.ilkd.key.nparser.builder.AbstractBuilder.accept(AbstractBuilder.java:54)
Caused by: com.github.javaparser.resolution.UnsolvedSymbolException: Unsolved symbol in de.uka.ilkd.key.java.JavaParserFactory$DynamicTypeSolver@60686d5f : java.lang.Object
	at com.github.javaparser.resolution.TypeSolver.solveType(TypeSolver.java:71)

165810     ERROR Test worker     d.u.i.k.n.b.AbstractBuilder  com.github.javaparser.resolution.UnsolvedSymbolException: Unsolved symbol in de.uka.ilkd.key.java.JavaParserFactory$DynamicTypeSolver@60686d5f : java.lang.Object
	at com.github.javaparser.resolution.TypeSolver.solveType(TypeSolver.java:71)

165810     ERROR Test worker     d.u.i.k.n.b.TacletPBuilder Error in parsing taclet. de.uka.ilkd.key.util.parsing.BuildingException: Unsolved symbol in de.uka.ilkd.key.java.JavaParserFactory$DynamicTypeSolver@60686d5f : java.lang.Object at file:/D:/a/key/key/key.core/build/resources/main/de/uka/ilkd/key/proof/rules/execRules.key:558:15
	at de.uka.ilkd.key.nparser.builder.AbstractBuilder.accept(AbstractBuilder.java:54)
Caused by: com.github.javaparser.resolution.UnsolvedSymbolException: Unsolved symbol in de.uka.ilkd.key.java.JavaParserFactory$DynamicTypeSolver@60686d5f : java.lang.Object
	at com.github.javaparser.resolution.TypeSolver.solveType(TypeSolver.java:71)

165826     ERROR Test worker     d.u.i.k.n.b.AbstractBuilder  com.github.javaparser.resolution.UnsolvedSymbolException: Unsolved symbol in de.uka.ilkd.key.java.JavaParserFactory$DynamicTypeSolver@60686d5f : java.lang.Object
	at com.github.javaparser.resolution.TypeSolver.solveType(TypeSolver.java:71)

165826     ERROR Test worker     d.u.i.k.n.b.TacletPBuilder Error in parsing taclet. de.uka.ilkd.key.util.parsing.BuildingException: Unsolved symbol in de.uka.ilkd.key.java.JavaParserFactory$DynamicTypeSolver@60686d5f : java.lang.Object at file:/D:/a/key/key/key.core/build/resources/main/de/uka/ilkd/key/proof/rules/execRules.key:575:15
	at de.uka.ilkd.key.nparser.builder.AbstractBuilder.accept(AbstractBuilder.java:54)
Caused by: com.github.javaparser.resolution.UnsolvedSymbolException: Unsolved symbol in de.uka.ilkd.key.java.JavaParserFactory$DynamicTypeSolver@60686d5f : java.lang.Object
	at com.github.javaparser.resolution.TypeSolver.solveType(TypeSolver.java:71)

165826     ERROR Test worker     d.u.i.k.n.b.AbstractBuilder  com.github.javaparser.resolution.UnsolvedSymbolException: Unsolved symbol in de.uka.ilkd.key.java.JavaParserFactory$DynamicTypeSolver@60686d5f : java.lang.Object
	at com.github.javaparser.resolution.TypeSolver.solveType(TypeSolver.java:71)

165826     ERROR Test worker     d.u.i.k.n.b.TacletPBuilder Error in parsing taclet. de.uka.ilkd.key.util.parsing.BuildingException: Unsolved symbol in de.uka.ilkd.key.java.JavaParserFactory$DynamicTypeSolver@60686d5f : java.lang.Object at file:/D:/a/key/key/key.core/build/resources/main/de/uka/ilkd/key/proof/rules/execRules.key:592:15
	at de.uka.ilkd.key.nparser.builder.AbstractBuilder.accept(AbstractBuilder.java:54)
Caused by: com.github.javaparser.resolution.UnsolvedSymbolException: Unsolved symbol in de.uka.ilkd.key.java.JavaParserFactory$DynamicTypeSolver@60686d5f : java.lang.Object
	at com.github.javaparser.resolution.TypeSolver.solveType(TypeSolver.java:71)

165826     ERROR Test worker     d.u.i.k.n.b.AbstractBuilder  com.github.javaparser.resolution.UnsolvedSymbolException: Unsolved symbol in de.uka.ilkd.key.java.JavaParserFactory$DynamicTypeSolver@60686d5f : java.lang.Object
	at com.github.javaparser.resolution.TypeSolver.solveType(TypeSolver.java:71)

165826     ERROR Test worker     d.u.i.k.n.b.TacletPBuilder Error in parsing taclet. de.uka.ilkd.key.util.parsing.BuildingException: Unsolved symbol in de.uka.ilkd.key.java.JavaParserFactory$DynamicTypeSolver@60686d5f : java.lang.Object at file:/D:/a/key/key/key.core/build/resources/main/de/uka/ilkd/key/proof/rules/execRules.key:609:15
	at de.uka.ilkd.key.nparser.builder.AbstractBuilder.accept(AbstractBuilder.java:54)
Caused by: com.github.javaparser.resolution.UnsolvedSymbolException: Unsolved symbol in de.uka.ilkd.key.java.JavaParserFactory$DynamicTypeSolver@60686d5f : java.lang.Object
	at com.github.javaparser.resolution.TypeSolver.solveType(TypeSolver.java:71)

165826     ERROR Test worker     d.u.i.k.n.b.AbstractBuilder  com.github.javaparser.resolution.UnsolvedSymbolException: Unsolved symbol in de.uka.ilkd.key.java.JavaParserFactory$DynamicTypeSolver@60686d5f : java.lang.Object
	at com.github.javaparser.resolution.TypeSolver.solveType(TypeSolver.java:71)

165826     ERROR Test worker     d.u.i.k.n.b.TacletPBuilder Error in parsing taclet. de.uka.ilkd.key.util.parsing.BuildingException: Unsolved symbol in de.uka.ilkd.key.java.JavaParserFactory$DynamicTypeSolver@60686d5f : java.lang.Object at file:/D:/a/key/key/key.core/build/resources/main/de/uka/ilkd/key/proof/rules/execRules.key:626:15
	at de.uka.ilkd.key.nparser.builder.AbstractBuilder.accept(AbstractBuilder.java:54)
Caused by: com.github.javaparser.resolution.UnsolvedSymbolException: Unsolved symbol in de.uka.ilkd.key.java.JavaParserFactory$DynamicTypeSolver@60686d5f : java.lang.Object
	at com.github.javaparser.resolution.TypeSolver.solveType(TypeSolver.java:71)

165826     ERROR Test worker     d.u.i.k.n.b.AbstractBuilder  com.github.javaparser.resolution.UnsolvedSymbolException: Unsolved symbol in de.uka.ilkd.key.java.JavaParserFactory$DynamicTypeSolver@60686d5f : java.lang.Object
	at com.github.javaparser.resolution.TypeSolver.solveType(TypeSolver.java:71)

165826     ERROR Test worker     d.u.i.k.n.b.TacletPBuilder Error in parsing taclet. de.uka.ilkd.key.util.parsing.BuildingException: Unsolved symbol in de.uka.ilkd.key.java.JavaParserFactory$DynamicTypeSolver@60686d5f : java.lang.Object at file:/D:/a/key/key/key.core/build/resources/main/de/uka/ilkd/key/proof/rules/execRules.key:643:15
	at de.uka.ilkd.key.nparser.builder.AbstractBuilder.accept(AbstractBuilder.java:54)
Caused by: com.github.javaparser.resolution.UnsolvedSymbolException: Unsolved symbol in de.uka.ilkd.key.java.JavaParserFactory$DynamicTypeSolver@60686d5f : java.lang.Object
	at com.github.javaparser.resolution.TypeSolver.solveType(TypeSolver.java:71)

165826     ERROR Test worker     d.u.i.k.n.b.AbstractBuilder  com.github.javaparser.resolution.UnsolvedSymbolException: Unsolved symbol in de.uka.ilkd.key.java.JavaParserFactory$DynamicTypeSolver@60686d5f : java.lang.Object
	at com.github.javaparser.resolution.TypeSolver.solveType(TypeSolver.java:71)

165842     ERROR Test worker     d.u.i.k.n.b.TacletPBuilder Error in parsing taclet. de.uka.ilkd.key.util.parsing.BuildingException: Unsolved symbol in de.uka.ilkd.key.java.JavaParserFactory$DynamicTypeSolver@60686d5f : java.lang.Object at file:/D:/a/key/key/key.core/build/resources/main/de/uka/ilkd/key/proof/rules/execRules.key:659:15
	at de.uka.ilkd.key.nparser.builder.AbstractBuilder.accept(AbstractBuilder.java:54)
Caused by: com.github.javaparser.resolution.UnsolvedSymbolException: Unsolved symbol in de.uka.ilkd.key.java.JavaParserFactory$DynamicTypeSolver@60686d5f : java.lang.Object
	at com.github.javaparser.resolution.TypeSolver.solveType(TypeSolver.java:71)

165842     ERROR Test worker     d.u.i.k.n.b.AbstractBuilder  com.github.javaparser.resolution.UnsolvedSymbolException: Unsolved symbol in de.uka.ilkd.key.java.JavaParserFactory$DynamicTypeSolver@60686d5f : java.lang.Object
	at com.github.javaparser.resolution.TypeSolver.solveType(TypeSolver.java:71)

165842     ERROR Test worker     d.u.i.k.n.b.TacletPBuilder Error in parsing taclet. de.uka.ilkd.key.util.parsing.BuildingException: Unsolved symbol in de.uka.ilkd.key.java.JavaParserFactory$DynamicTypeSolver@60686d5f : java.lang.Object at file:/D:/a/key/key/key.core/build/resources/main/de/uka/ilkd/key/proof/rules/execRules.key:675:15
	at de.uka.ilkd.key.nparser.builder.AbstractBuilder.accept(AbstractBuilder.java:54)
Caused by: com.github.javaparser.resolution.UnsolvedSymbolException: Unsolved symbol in de.uka.ilkd.key.java.JavaParserFactory$DynamicTypeSolver@60686d5f : java.lang.Object
	at com.github.javaparser.resolution.TypeSolver.solveType(TypeSolver.java:71)

165842     ERROR Test worker     d.u.i.k.n.b.AbstractBuilder  com.github.javaparser.resolution.UnsolvedSymbolException: Unsolved symbol in de.uka.ilkd.key.java.JavaParserFactory$DynamicTypeSolver@60686d5f : java.lang.Object
	at com.github.javaparser.resolution.TypeSolver.solveType(TypeSolver.java:71)

165842     ERROR Test worker     d.u.i.k.n.b.TacletPBuilder Error in parsing taclet. de.uka.ilkd.key.util.parsing.BuildingException: Unsolved symbol in de.uka.ilkd.key.java.JavaParserFactory$DynamicTypeSolver@60686d5f : java.lang.Object at file:/D:/a/key/key/key.core/build/resources/main/de/uka/ilkd/key/proof/rules/execRules.key:691:15
	at de.uka.ilkd.key.nparser.builder.AbstractBuilder.accept(AbstractBuilder.java:54)
Caused by: com.github.javaparser.resolution.UnsolvedSymbolException: Unsolved symbol in de.uka.ilkd.key.java.JavaParserFactory$DynamicTypeSolver@60686d5f : java.lang.Object
	at com.github.javaparser.resolution.TypeSolver.solveType(TypeSolver.java:71)

165842     ERROR Test worker     d.u.i.k.n.b.AbstractBuilder  com.github.javaparser.resolution.UnsolvedSymbolException: Unsolved symbol in de.uka.ilkd.key.java.JavaParserFactory$DynamicTypeSolver@60686d5f : java.lang.Object
	at com.github.javaparser.resolution.TypeSolver.solveType(TypeSolver.java:71)

165842     ERROR Test worker     d.u.i.k.n.b.TacletPBuilder Error in parsing taclet. de.uka.ilkd.key.util.parsing.BuildingException: Unsolved symbol in de.uka.ilkd.key.java.JavaParserFactory$DynamicTypeSolver@60686d5f : java.lang.Object at file:/D:/a/key/key/key.core/build/resources/main/de/uka/ilkd/key/proof/rules/execRules.key:711:15
	at de.uka.ilkd.key.nparser.builder.AbstractBuilder.accept(AbstractBuilder.java:54)
Caused by: com.github.javaparser.resolution.UnsolvedSymbolException: Unsolved symbol in de.uka.ilkd.key.java.JavaParserFactory$DynamicTypeSolver@60686d5f : java.lang.Object
	at com.github.javaparser.resolution.TypeSolver.solveType(TypeSolver.java:71)

165842     ERROR Test worker     d.u.i.k.n.b.AbstractBuilder  com.github.javaparser.resolution.UnsolvedSymbolException: Unsolved symbol in de.uka.ilkd.key.java.JavaParserFactory$DynamicTypeSolver@60686d5f : java.lang.Object
	at com.github.javaparser.resolution.TypeSolver.solveType(TypeSolver.java:71)

165842     ERROR Test worker     d.u.i.k.n.b.TacletPBuilder Error in parsing taclet. de.uka.ilkd.key.util.parsing.BuildingException: Unsolved symbol in de.uka.ilkd.key.java.JavaParserFactory$DynamicTypeSolver@60686d5f : java.lang.Object at file:/D:/a/key/key/key.core/build/resources/main/de/uka/ilkd/key/proof/rules/execRules.key:728:15
	at de.uka.ilkd.key.nparser.builder.AbstractBuilder.accept(AbstractBuilder.java:54)
Caused by: com.github.javaparser.resolution.UnsolvedSymbolException: Unsolved symbol in de.uka.ilkd.key.java.JavaParserFactory$DynamicTypeSolver@60686d5f : java.lang.Object
	at com.github.javaparser.resolution.TypeSolver.solveType(TypeSolver.java:71)

165857     ERROR Test worker     d.u.i.k.n.b.AbstractBuilder  com.github.javaparser.resolution.UnsolvedSymbolException: Unsolved symbol in de.uka.ilkd.key.java.JavaParserFactory$DynamicTypeSolver@60686d5f : java.lang.Object
	at com.github.javaparser.resolution.TypeSolver.solveType(TypeSolver.java:71)

165857     ERROR Test worker     d.u.i.k.n.b.TacletPBuilder Error in parsing taclet. de.uka.ilkd.key.util.parsing.BuildingException: Unsolved symbol in de.uka.ilkd.key.java.JavaParserFactory$DynamicTypeSolver@60686d5f : java.lang.Object at file:/D:/a/key/key/key.core/build/resources/main/de/uka/ilkd/key/proof/rules/execRules.key:745:15
	at de.uka.ilkd.key.nparser.builder.AbstractBuilder.accept(AbstractBuilder.java:54)
Caused by: com.github.javaparser.resolution.UnsolvedSymbolException: Unsolved symbol in de.uka.ilkd.key.java.JavaParserFactory$DynamicTypeSolver@60686d5f : java.lang.Object
	at com.github.javaparser.resolution.TypeSolver.solveType(TypeSolver.java:71)

165857     ERROR Test worker     d.u.i.k.n.b.AbstractBuilder  com.github.javaparser.resolution.UnsolvedSymbolException: Unsolved symbol in de.uka.ilkd.key.java.JavaParserFactory$DynamicTypeSolver@60686d5f : java.lang.Object
	at com.github.javaparser.resolution.TypeSolver.solveType(TypeSolver.java:71)

165857     ERROR Test worker     d.u.i.k.n.b.TacletPBuilder Error in parsing taclet. de.uka.ilkd.key.util.parsing.BuildingException: Unsolved symbol in de.uka.ilkd.key.java.JavaParserFactory$DynamicTypeSolver@60686d5f : java.lang.Object at file:/D:/a/key/key/key.core/build/resources/main/de/uka/ilkd/key/proof/rules/execRules.key:762:15
	at de.uka.ilkd.key.nparser.builder.AbstractBuilder.accept(AbstractBuilder.java:54)
Caused by: com.github.javaparser.resolution.UnsolvedSymbolException: Unsolved symbol in de.uka.ilkd.key.java.JavaParserFactory$DynamicTypeSolver@60686d5f : java.lang.Object
	at com.github.javaparser.resolution.TypeSolver.solveType(TypeSolver.java:71)

165857     ERROR Test worker     d.u.i.k.n.b.AbstractBuilder  com.github.javaparser.resolution.UnsolvedSymbolException: Unsolved symbol in de.uka.ilkd.key.java.JavaParserFactory$DynamicTypeSolver@60686d5f : java.lang.Object
	at com.github.javaparser.resolution.TypeSolver.solveType(TypeSolver.java:71)

165857     ERROR Test worker     d.u.i.k.n.b.TacletPBuilder Error in parsing taclet. de.uka.ilkd.key.util.parsing.BuildingException: Unsolved symbol in de.uka.ilkd.key.java.JavaParserFactory$DynamicTypeSolver@60686d5f : java.lang.Object at file:/D:/a/key/key/key.core/build/resources/main/de/uka/ilkd/key/proof/rules/execRules.key:779:15
	at de.uka.ilkd.key.nparser.builder.AbstractBuilder.accept(AbstractBuilder.java:54)
Caused by: com.github.javaparser.resolution.UnsolvedSymbolException: Unsolved symbol in de.uka.ilkd.key.java.JavaParserFactory$DynamicTypeSolver@60686d5f : java.lang.Object
	at com.github.javaparser.resolution.TypeSolver.solveType(TypeSolver.java:71)

165857     ERROR Test worker     d.u.i.k.n.b.AbstractBuilder  com.github.javaparser.resolution.UnsolvedSymbolException: Unsolved symbol in de.uka.ilkd.key.java.JavaParserFactory$DynamicTypeSolver@60686d5f : java.lang.Object
	at com.github.javaparser.resolution.TypeSolver.solveType(TypeSolver.java:71)

165857     ERROR Test worker     d.u.i.k.n.b.TacletPBuilder Error in parsing taclet. de.uka.ilkd.key.util.parsing.BuildingException: Unsolved symbol in de.uka.ilkd.key.java.JavaParserFactory$DynamicTypeSolver@60686d5f : java.lang.Object at file:/D:/a/key/key/key.core/build/resources/main/de/uka/ilkd/key/proof/rules/execRules.key:795:15
	at de.uka.ilkd.key.nparser.builder.AbstractBuilder.accept(AbstractBuilder.java:54)
Caused by: com.github.javaparser.resolution.UnsolvedSymbolException: Unsolved symbol in de.uka.ilkd.key.java.JavaParserFactory$DynamicTypeSolver@60686d5f : java.lang.Object
	at com.github.javaparser.resolution.TypeSolver.solveType(TypeSolver.java:71)

165857     ERROR Test worker     d.u.i.k.n.b.AbstractBuilder  com.github.javaparser.resolution.UnsolvedSymbolException: Unsolved symbol in de.uka.ilkd.key.java.JavaParserFactory$DynamicTypeSolver@60686d5f : java.lang.Object
	at com.github.javaparser.resolution.TypeSolver.solveType(TypeSolver.java:71)

165857     ERROR Test worker     d.u.i.k.n.b.TacletPBuilder Error in parsing taclet. de.uka.ilkd.key.util.parsing.BuildingException: Unsolved symbol in de.uka.ilkd.key.java.JavaParserFactory$DynamicTypeSolver@60686d5f : java.lang.Object at file:/D:/a/key/key/key.core/build/resources/main/de/uka/ilkd/key/proof/rules/execRules.key:811:15
	at de.uka.ilkd.key.nparser.builder.AbstractBuilder.accept(AbstractBuilder.java:54)
Caused by: com.github.javaparser.resolution.UnsolvedSymbolException: Unsolved symbol in de.uka.ilkd.key.java.JavaParserFactory$DynamicTypeSolver@60686d5f : java.lang.Object
	at com.github.javaparser.resolution.TypeSolver.solveType(TypeSolver.java:71)

165857     ERROR Test worker     d.u.i.k.n.b.AbstractBuilder  com.github.javaparser.resolution.UnsolvedSymbolException: Unsolved symbol in de.uka.ilkd.key.java.JavaParserFactory$DynamicTypeSolver@60686d5f : java.lang.Object
	at com.github.javaparser.resolution.TypeSolver.solveType(TypeSolver.java:71)

165857     ERROR Test worker     d.u.i.k.n.b.TacletPBuilder Error in parsing taclet. de.uka.ilkd.key.util.parsing.BuildingException: Unsolved symbol in de.uka.ilkd.key.java.JavaParserFactory$DynamicTypeSolver@60686d5f : java.lang.Object at file:/D:/a/key/key/key.core/build/resources/main/de/uka/ilkd/key/proof/rules/execRules.key:827:15
	at de.uka.ilkd.key.nparser.builder.AbstractBuilder.accept(AbstractBuilder.java:54)
Caused by: com.github.javaparser.resolution.UnsolvedSymbolException: Unsolved symbol in de.uka.ilkd.key.java.JavaParserFactory$DynamicTypeSolver@60686d5f : java.lang.Object
	at com.github.javaparser.resolution.TypeSolver.solveType(TypeSolver.java:71)

165873     ERROR Test worker     d.u.i.k.n.b.AbstractBuilder  com.github.javaparser.resolution.UnsolvedSymbolException: Unsolved symbol in de.uka.ilkd.key.java.JavaParserFactory$DynamicTypeSolver@60686d5f : java.lang.Object
	at com.github.javaparser.resolution.TypeSolver.solveType(TypeSolver.java:71)

165873     ERROR Test worker     d.u.i.k.n.b.TacletPBuilder Error in parsing taclet. de.uka.ilkd.key.util.parsing.BuildingException: Unsolved symbol in de.uka.ilkd.key.java.JavaParserFactory$DynamicTypeSolver@60686d5f : java.lang.Object at file:/D:/a/key/key/key.core/build/resources/main/de/uka/ilkd/key/proof/rules/execRules.key:843:15
	at de.uka.ilkd.key.nparser.builder.AbstractBuilder.accept(AbstractBuilder.java:54)
Caused by: com.github.javaparser.resolution.UnsolvedSymbolException: Unsolved symbol in de.uka.ilkd.key.java.JavaParserFactory$DynamicTypeSolver@60686d5f : java.lang.Object
	at com.github.javaparser.resolution.TypeSolver.solveType(TypeSolver.java:71)

165873     ERROR Test worker     d.u.i.k.n.b.AbstractBuilder  com.github.javaparser.resolution.UnsolvedSymbolException: Unsolved symbol in de.uka.ilkd.key.java.JavaParserFactory$DynamicTypeSolver@60686d5f : java.lang.Object
	at com.github.javaparser.resolution.TypeSolver.solveType(TypeSolver.java:71)

165873     ERROR Test worker     d.u.i.k.n.b.TacletPBuilder Error in parsing taclet. de.uka.ilkd.key.util.parsing.BuildingException: Unsolved symbol in de.uka.ilkd.key.java.JavaParserFactory$DynamicTypeSolver@60686d5f : java.lang.Object at file:/D:/a/key/key/key.core/build/resources/main/de/uka/ilkd/key/proof/rules/execRules.key:861:15
	at de.uka.ilkd.key.nparser.builder.AbstractBuilder.accept(AbstractBuilder.java:54)
Caused by: com.github.javaparser.resolution.UnsolvedSymbolException: Unsolved symbol in de.uka.ilkd.key.java.JavaParserFactory$DynamicTypeSolver@60686d5f : java.lang.Object
	at com.github.javaparser.resolution.TypeSolver.solveType(TypeSolver.java:71)

165873     ERROR Test worker     d.u.i.k.n.b.AbstractBuilder  com.github.javaparser.resolution.UnsolvedSymbolException: Unsolved symbol in de.uka.ilkd.key.java.JavaParserFactory$DynamicTypeSolver@60686d5f : java.lang.Object
	at com.github.javaparser.resolution.TypeSolver.solveType(TypeSolver.java:71)

165873     ERROR Test worker     d.u.i.k.n.b.TacletPBuilder Error in parsing taclet. de.uka.ilkd.key.util.parsing.BuildingException: Unsolved symbol in de.uka.ilkd.key.java.JavaParserFactory$DynamicTypeSolver@60686d5f : java.lang.Object at file:/D:/a/key/key/key.core/build/resources/main/de/uka/ilkd/key/proof/rules/execRules.key:878:15
	at de.uka.ilkd.key.nparser.builder.AbstractBuilder.accept(AbstractBuilder.java:54)
Caused by: com.github.javaparser.resolution.UnsolvedSymbolException: Unsolved symbol in de.uka.ilkd.key.java.JavaParserFactory$DynamicTypeSolver@60686d5f : java.lang.Object
	at com.github.javaparser.resolution.TypeSolver.solveType(TypeSolver.java:71)

165873     ERROR Test worker     d.u.i.k.n.b.AbstractBuilder  com.github.javaparser.resolution.UnsolvedSymbolException: Unsolved symbol in de.uka.ilkd.key.java.JavaParserFactory$DynamicTypeSolver@60686d5f : java.lang.Object
	at com.github.javaparser.resolution.TypeSolver.solveType(TypeSolver.java:71)

165873     ERROR Test worker     d.u.i.k.n.b.TacletPBuilder Error in parsing taclet. de.uka.ilkd.key.util.parsing.BuildingException: Unsolved symbol in de.uka.ilkd.key.java.JavaParserFactory$DynamicTypeSolver@60686d5f : java.lang.Object at file:/D:/a/key/key/key.core/build/resources/main/de/uka/ilkd/key/proof/rules/execRules.key:894:15
	at de.uka.ilkd.key.nparser.builder.AbstractBuilder.accept(AbstractBuilder.java:54)
Caused by: com.github.javaparser.resolution.UnsolvedSymbolException: Unsolved symbol in de.uka.ilkd.key.java.JavaParserFactory$DynamicTypeSolver@60686d5f : java.lang.Object
	at com.github.javaparser.resolution.TypeSolver.solveType(TypeSolver.java:71)

165873     ERROR Test worker     d.u.i.k.n.b.AbstractBuilder  com.github.javaparser.resolution.UnsolvedSymbolException: Unsolved symbol in de.uka.ilkd.key.java.JavaParserFactory$DynamicTypeSolver@60686d5f : java.lang.Object
	at com.github.javaparser.resolution.TypeSolver.solveType(TypeSolver.java:71)

165873     ERROR Test worker     d.u.i.k.n.b.TacletPBuilder Error in parsing taclet. de.uka.ilkd.key.util.parsing.BuildingException: Unsolved symbol in de.uka.ilkd.key.java.JavaParserFactory$DynamicTypeSolver@60686d5f : java.lang.Object at file:/D:/a/key/key/key.core/build/resources/main/de/uka/ilkd/key/proof/rules/execRules.key:910:15
	at de.uka.ilkd.key.nparser.builder.AbstractBuilder.accept(AbstractBuilder.java:54)
Caused by: com.github.javaparser.resolution.UnsolvedSymbolException: Unsolved symbol in de.uka.ilkd.key.java.JavaParserFactory$DynamicTypeSolver@60686d5f : java.lang.Object
	at com.github.javaparser.resolution.TypeSolver.solveType(TypeSolver.java:71)

165873     ERROR Test worker     d.u.i.k.n.b.AbstractBuilder  com.github.javaparser.resolution.UnsolvedSymbolException: Unsolved symbol in de.uka.ilkd.key.java.JavaParserFactory$DynamicTypeSolver@60686d5f : java.lang.Object
	at com.github.javaparser.resolution.TypeSolver.solveType(TypeSolver.java:71)

165873     ERROR Test worker     d.u.i.k.n.b.TacletPBuilder Error in parsing taclet. de.uka.ilkd.key.util.parsing.BuildingException: Unsolved symbol in de.uka.ilkd.key.java.JavaParserFactory$DynamicTypeSolver@60686d5f : java.lang.Object at file:/D:/a/key/key/key.core/build/resources/main/de/uka/ilkd/key/proof/rules/execRules.key:926:15
	at de.uka.ilkd.key.nparser.builder.AbstractBuilder.accept(AbstractBuilder.java:54)
Caused by: com.github.javaparser.resolution.UnsolvedSymbolException: Unsolved symbol in de.uka.ilkd.key.java.JavaParserFactory$DynamicTypeSolver@60686d5f : java.lang.Object
	at com.github.javaparser.resolution.TypeSolver.solveType(TypeSolver.java:71)

165873     ERROR Test worker     d.u.i.k.n.b.AbstractBuilder  com.github.javaparser.resolution.UnsolvedSymbolException: Unsolved symbol in de.uka.ilkd.key.java.JavaParserFactory$DynamicTypeSolver@60686d5f : java.lang.Object
	at com.github.javaparser.resolution.TypeSolver.solveType(TypeSolver.java:71)

165873     ERROR Test worker     d.u.i.k.n.b.TacletPBuilder Error in parsing taclet. de.uka.ilkd.key.util.parsing.BuildingException: Unsolved symbol in de.uka.ilkd.key.java.JavaParserFactory$DynamicTypeSolver@60686d5f : java.lang.Object at file:/D:/a/key/key/key.core/build/resources/main/de/uka/ilkd/key/proof/rules/execRules.key:942:15
	at de.uka.ilkd.key.nparser.builder.AbstractBuilder.accept(AbstractBuilder.java:54)
Caused by: com.github.javaparser.resolution.UnsolvedSymbolException: Unsolved symbol in de.uka.ilkd.key.java.JavaParserFactory$DynamicTypeSolver@60686d5f : java.lang.Object
	at com.github.javaparser.resolution.TypeSolver.solveType(TypeSolver.java:71)

165873     ERROR Test worker     d.u.i.k.n.b.AbstractBuilder  com.github.javaparser.resolution.UnsolvedSymbolException: Unsolved symbol in de.uka.ilkd.key.java.JavaParserFactory$DynamicTypeSolver@60686d5f : java.lang.Object
	at com.github.javaparser.resolution.TypeSolver.solveType(TypeSolver.java:71)

165873     ERROR Test worker     d.u.i.k.n.b.TacletPBuilder Error in parsing taclet. de.uka.ilkd.key.util.parsing.BuildingException: Unsolved symbol in de.uka.ilkd.key.java.JavaParserFactory$DynamicTypeSolver@60686d5f : java.lang.Object at file:/D:/a/key/key/key.core/build/resources/main/de/uka/ilkd/key/proof/rules/execRules.key:958:15
	at de.uka.ilkd.key.nparser.builder.AbstractBuilder.accept(AbstractBuilder.java:54)
Caused by: com.github.javaparser.resolution.UnsolvedSymbolException: Unsolved symbol in de.uka.ilkd.key.java.JavaParserFactory$DynamicTypeSolver@60686d5f : java.lang.Object
	at com.github.javaparser.resolution.TypeSolver.solveType(TypeSolver.java:71)

165873     ERROR Test worker     d.u.i.k.n.b.AbstractBuilder  com.github.javaparser.resolution.UnsolvedSymbolException: Unsolved symbol in de.uka.ilkd.key.java.JavaParserFactory$DynamicTypeSolver@60686d5f : java.lang.Object
	at com.github.javaparser.resolution.TypeSolver.solveType(TypeSolver.java:71)

165873     ERROR Test worker     d.u.i.k.n.b.TacletPBuilder Error in parsing taclet. de.uka.ilkd.key.util.parsing.BuildingException: Unsolved symbol in de.uka.ilkd.key.java.JavaParserFactory$DynamicTypeSolver@60686d5f : java.lang.Object at file:/D:/a/key/key/key.core/build/resources/main/de/uka/ilkd/key/proof/rules/execRules.key:974:15
	at de.uka.ilkd.key.nparser.builder.AbstractBuilder.accept(AbstractBuilder.java:54)
Caused by: com.github.javaparser.resolution.UnsolvedSymbolException: Unsolved symbol in de.uka.ilkd.key.java.JavaParserFactory$DynamicTypeSolver@60686d5f : java.lang.Object
	at com.github.javaparser.resolution.TypeSolver.solveType(TypeSolver.java:71)

165873     ERROR Test worker     d.u.i.k.n.b.AbstractBuilder  com.github.javaparser.resolution.UnsolvedSymbolException: Unsolved symbol in de.uka.ilkd.key.java.JavaParserFactory$DynamicTypeSolver@60686d5f : java.lang.Object
	at com.github.javaparser.resolution.TypeSolver.solveType(TypeSolver.java:71)

165873     ERROR Test worker     d.u.i.k.n.b.TacletPBuilder Error in parsing taclet. de.uka.ilkd.key.util.parsing.BuildingException: Unsolved symbol in de.uka.ilkd.key.java.JavaParserFactory$DynamicTypeSolver@60686d5f : java.lang.Object at file:/D:/a/key/key/key.core/build/resources/main/de/uka/ilkd/key/proof/rules/execRules.key:994:15
	at de.uka.ilkd.key.nparser.builder.AbstractBuilder.accept(AbstractBuilder.java:54)
Caused by: com.github.javaparser.resolution.UnsolvedSymbolException: Unsolved symbol in de.uka.ilkd.key.java.JavaParserFactory$DynamicTypeSolver@60686d5f : java.lang.Object
	at com.github.javaparser.resolution.TypeSolver.solveType(TypeSolver.java:71)

165889     ERROR Test worker     d.u.i.k.n.b.AbstractBuilder  com.github.javaparser.resolution.UnsolvedSymbolException: Unsolved symbol in de.uka.ilkd.key.java.JavaParserFactory$DynamicTypeSolver@60686d5f : java.lang.Object
	at com.github.javaparser.resolution.TypeSolver.solveType(TypeSolver.java:71)

165889     ERROR Test worker     d.u.i.k.n.b.TacletPBuilder Error in parsing taclet. de.uka.ilkd.key.util.parsing.BuildingException: Unsolved symbol in de.uka.ilkd.key.java.JavaParserFactory$DynamicTypeSolver@60686d5f : java.lang.Object at file:/D:/a/key/key/key.core/build/resources/main/de/uka/ilkd/key/proof/rules/execRules.key:1011:15
	at de.uka.ilkd.key.nparser.builder.AbstractBuilder.accept(AbstractBuilder.java:54)
Caused by: com.github.javaparser.resolution.UnsolvedSymbolException: Unsolved symbol in de.uka.ilkd.key.java.JavaParserFactory$DynamicTypeSolver@60686d5f : java.lang.Object
	at com.github.javaparser.resolution.TypeSolver.solveType(TypeSolver.java:71)

165889     ERROR Test worker     d.u.i.k.n.b.AbstractBuilder  com.github.javaparser.resolution.UnsolvedSymbolException: Unsolved symbol in de.uka.ilkd.key.java.JavaParserFactory$DynamicTypeSolver@60686d5f : java.lang.Object
	at com.github.javaparser.resolution.TypeSolver.solveType(TypeSolver.java:71)

165889     ERROR Test worker     d.u.i.k.n.b.TacletPBuilder Error in parsing taclet. de.uka.ilkd.key.util.parsing.BuildingException: Unsolved symbol in de.uka.ilkd.key.java.JavaParserFactory$DynamicTypeSolver@60686d5f : java.lang.Object at file:/D:/a/key/key/key.core/build/resources/main/de/uka/ilkd/key/proof/rules/execRules.key:1027:15
	at de.uka.ilkd.key.nparser.builder.AbstractBuilder.accept(AbstractBuilder.java:54)
Caused by: com.github.javaparser.resolution.UnsolvedSymbolException: Unsolved symbol in de.uka.ilkd.key.java.JavaParserFactory$DynamicTypeSolver@60686d5f : java.lang.Object
	at com.github.javaparser.resolution.TypeSolver.solveType(TypeSolver.java:71)

165889     ERROR Test worker     d.u.i.k.n.b.AbstractBuilder  com.github.javaparser.resolution.UnsolvedSymbolException: Unsolved symbol in de.uka.ilkd.key.java.JavaParserFactory$DynamicTypeSolver@60686d5f : java.lang.Object
	at com.github.javaparser.resolution.TypeSolver.solveType(TypeSolver.java:71)

165889     ERROR Test worker     d.u.i.k.n.b.TacletPBuilder Error in parsing taclet. de.uka.ilkd.key.util.parsing.BuildingException: Unsolved symbol in de.uka.ilkd.key.java.JavaParserFactory$DynamicTypeSolver@60686d5f : java.lang.Object at file:/D:/a/key/key/key.core/build/resources/main/de/uka/ilkd/key/proof/rules/execRules.key:1043:15
	at de.uka.ilkd.key.nparser.builder.AbstractBuilder.accept(AbstractBuilder.java:54)
Caused by: com.github.javaparser.resolution.UnsolvedSymbolException: Unsolved symbol in de.uka.ilkd.key.java.JavaParserFactory$DynamicTypeSolver@60686d5f : java.lang.Object
	at com.github.javaparser.resolution.TypeSolver.solveType(TypeSolver.java:71)

165889     ERROR Test worker     d.u.i.k.n.b.AbstractBuilder  com.github.javaparser.resolution.UnsolvedSymbolException: Unsolved symbol in de.uka.ilkd.key.java.JavaParserFactory$DynamicTypeSolver@60686d5f : java.lang.Object
	at com.github.javaparser.resolution.TypeSolver.solveType(TypeSolver.java:71)

165889     ERROR Test worker     d.u.i.k.n.b.TacletPBuilder Error in parsing taclet. de.uka.ilkd.key.util.parsing.BuildingException: Unsolved symbol in de.uka.ilkd.key.java.JavaParserFactory$DynamicTypeSolver@60686d5f : java.lang.Object at file:/D:/a/key/key/key.core/build/resources/main/de/uka/ilkd/key/proof/rules/execRules.key:1059:15
	at de.uka.ilkd.key.nparser.builder.AbstractBuilder.accept(AbstractBuilder.java:54)
Caused by: com.github.javaparser.resolution.UnsolvedSymbolException: Unsolved symbol in de.uka.ilkd.key.java.JavaParserFactory$DynamicTypeSolver@60686d5f : java.lang.Object
	at com.github.javaparser.resolution.TypeSolver.solveType(TypeSolver.java:71)

165889     ERROR Test worker     d.u.i.k.n.b.AbstractBuilder  com.github.javaparser.resolution.UnsolvedSymbolException: Unsolved symbol in de.uka.ilkd.key.java.JavaParserFactory$DynamicTypeSolver@60686d5f : java.lang.Object
	at com.github.javaparser.resolution.TypeSolver.solveType(TypeSolver.java:71)

165889     ERROR Test worker     d.u.i.k.n.b.TacletPBuilder Error in parsing taclet. de.uka.ilkd.key.util.parsing.BuildingException: Unsolved symbol in de.uka.ilkd.key.java.JavaParserFactory$DynamicTypeSolver@60686d5f : java.lang.Object at file:/D:/a/key/key/key.core/build/resources/main/de/uka/ilkd/key/proof/rules/execRules.key:1075:15
	at de.uka.ilkd.key.nparser.builder.AbstractBuilder.accept(AbstractBuilder.java:54)
Caused by: com.github.javaparser.resolution.UnsolvedSymbolException: Unsolved symbol in de.uka.ilkd.key.java.JavaParserFactory$DynamicTypeSolver@60686d5f : java.lang.Object
	at com.github.javaparser.resolution.TypeSolver.solveType(TypeSolver.java:71)

165889     ERROR Test worker     d.u.i.k.n.b.AbstractBuilder  com.github.javaparser.resolution.UnsolvedSymbolException: Unsolved symbol in de.uka.ilkd.key.java.JavaParserFactory$DynamicTypeSolver@60686d5f : java.lang.Object
	at com.github.javaparser.resolution.TypeSolver.solveType(TypeSolver.java:71)

165889     ERROR Test worker     d.u.i.k.n.b.TacletPBuilder Error in parsing taclet. de.uka.ilkd.key.util.parsing.BuildingException: Unsolved symbol in de.uka.ilkd.key.java.JavaParserFactory$DynamicTypeSolver@60686d5f : java.lang.Object at file:/D:/a/key/key/key.core/build/resources/main/de/uka/ilkd/key/proof/rules/execRules.key:1091:15
	at de.uka.ilkd.key.nparser.builder.AbstractBuilder.accept(AbstractBuilder.java:54)
Caused by: com.github.javaparser.resolution.UnsolvedSymbolException: Unsolved symbol in de.uka.ilkd.key.java.JavaParserFactory$DynamicTypeSolver@60686d5f : java.lang.Object
	at com.github.javaparser.resolution.TypeSolver.solveType(TypeSolver.java:71)

165889     ERROR Test worker     d.u.i.k.n.b.AbstractBuilder  com.github.javaparser.resolution.UnsolvedSymbolException: Unsolved symbol in de.uka.ilkd.key.java.JavaParserFactory$DynamicTypeSolver@60686d5f : java.lang.Object
	at com.github.javaparser.resolution.TypeSolver.solveType(TypeSolver.java:71)

165889     ERROR Test worker     d.u.i.k.n.b.TacletPBuilder Error in parsing taclet. de.uka.ilkd.key.util.parsing.BuildingException: Unsolved symbol in de.uka.ilkd.key.java.JavaParserFactory$DynamicTypeSolver@60686d5f : java.lang.Object at file:/D:/a/key/key/key.core/build/resources/main/de/uka/ilkd/key/proof/rules/execRules.key:1107:15
	at de.uka.ilkd.key.nparser.builder.AbstractBuilder.accept(AbstractBuilder.java:54)
Caused by: com.github.javaparser.resolution.UnsolvedSymbolException: Unsolved symbol in de.uka.ilkd.key.java.JavaParserFactory$DynamicTypeSolver@60686d5f : java.lang.Object
	at com.github.javaparser.resolution.TypeSolver.solveType(TypeSolver.java:71)

165889     ERROR Test worker     d.u.i.k.n.b.AbstractBuilder  com.github.javaparser.resolution.UnsolvedSymbolException: Unsolved symbol in de.uka.ilkd.key.java.JavaParserFactory$DynamicTypeSolver@60686d5f : java.lang.Object
	at com.github.javaparser.resolution.TypeSolver.solveType(TypeSolver.java:71)

165889     ERROR Test worker     d.u.i.k.n.b.TacletPBuilder Error in parsing taclet. de.uka.ilkd.key.util.parsing.BuildingException: Unsolved symbol in de.uka.ilkd.key.java.JavaParserFactory$DynamicTypeSolver@60686d5f : java.lang.Object at file:/D:/a/key/key/key.core/build/resources/main/de/uka/ilkd/key/proof/rules/execRules.key:1123:15
	at de.uka.ilkd.key.nparser.builder.AbstractBuilder.accept(AbstractBuilder.java:54)
Caused by: com.github.javaparser.resolution.UnsolvedSymbolException: Unsolved symbol in de.uka.ilkd.key.java.JavaParserFactory$DynamicTypeSolver@60686d5f : java.lang.Object
	at com.github.javaparser.resolution.TypeSolver.solveType(TypeSolver.java:71)

165904     ERROR Test worker     d.u.i.k.n.b.AbstractBuilder  com.github.javaparser.resolution.UnsolvedSymbolException: Unsolved symbol in de.uka.ilkd.key.java.JavaParserFactory$DynamicTypeSolver@60686d5f : java.lang.Object
	at com.github.javaparser.resolution.TypeSolver.solveType(TypeSolver.java:71)

165904     ERROR Test worker     d.u.i.k.n.b.TacletPBuilder Error in parsing taclet. de.uka.ilkd.key.util.parsing.BuildingException: Unsolved symbol in de.uka.ilkd.key.java.JavaParserFactory$DynamicTypeSolver@60686d5f : java.lang.Object at file:/D:/a/key/key/key.core/build/resources/main/de/uka/ilkd/key/proof/rules/loopScopeRules.key:38:16
	at de.uka.ilkd.key.nparser.builder.AbstractBuilder.accept(AbstractBuilder.java:54)
Caused by: com.github.javaparser.resolution.UnsolvedSymbolException: Unsolved symbol in de.uka.ilkd.key.java.JavaParserFactory$DynamicTypeSolver@60686d5f : java.lang.Object
	at com.github.javaparser.resolution.TypeSolver.solveType(TypeSolver.java:71)

165904     ERROR Test worker     d.u.i.k.n.b.TacletPBuilder Override: inv (formula) inv (formula) 
165904     ERROR Test worker     d.u.i.k.n.b.TacletPBuilder Override: freeInv (formula) freeInv (formula) 
165904     ERROR Test worker     d.u.i.k.n.b.TacletPBuilder Override: loopFormula (formula) loopFormula (formula) 
165904     ERROR Test worker     d.u.i.k.n.b.TacletPBuilder Override: #loopStmt (program Statement) #loopStmt (program Statement) 
165904     ERROR Test worker     d.u.i.k.n.b.TacletPBuilder Override: anon_heap_LOOP (Heap skolem term) anon_heap_LOOP (Heap skolem term) 
165904     ERROR Test worker     d.u.i.k.n.b.TacletPBuilder Override: anon_savedHeap_LOOP (Heap skolem term) anon_savedHeap_LOOP (Heap skolem term) 
165904     ERROR Test worker     d.u.i.k.n.b.TacletPBuilder Override: anon_permissions_LOOP (Heap skolem term) anon_permissions_LOOP (Heap skolem term) 
165904     ERROR Test worker     d.u.i.k.n.b.TacletPBuilder Override: #heapBefore_LOOP (program Variable) #heapBefore_LOOP (program Variable) 
165904     ERROR Test worker     d.u.i.k.n.b.TacletPBuilder Override: #savedHeapBefore_LOOP (program Variable) #savedHeapBefore_LOOP (program Variable) 
165904     ERROR Test worker     d.u.i.k.n.b.TacletPBuilder Override: #permissionsBefore_LOOP (program Variable) #permissionsBefore_LOOP (program Variable) 
165904     ERROR Test worker     d.u.i.k.n.b.AbstractBuilder  com.github.javaparser.resolution.UnsolvedSymbolException: Unsolved symbol in de.uka.ilkd.key.java.JavaParserFactory$DynamicTypeSolver@60686d5f : java.lang.Object
	at com.github.javaparser.resolution.TypeSolver.solveType(TypeSolver.java:71)

165904     ERROR Test worker     d.u.i.k.n.b.TacletPBuilder Error in parsing taclet. de.uka.ilkd.key.util.parsing.BuildingException: Unsolved symbol in de.uka.ilkd.key.java.JavaParserFactory$DynamicTypeSolver@60686d5f : java.lang.Object at file:/D:/a/key/key/key.core/build/resources/main/de/uka/ilkd/key/proof/rules/loopScopeRules.key:110:16
	at de.uka.ilkd.key.nparser.builder.AbstractBuilder.accept(AbstractBuilder.java:54)
Caused by: com.github.javaparser.resolution.UnsolvedSymbolException: Unsolved symbol in de.uka.ilkd.key.java.JavaParserFactory$DynamicTypeSolver@60686d5f : java.lang.Object
	at com.github.javaparser.resolution.TypeSolver.solveType(TypeSolver.java:71)

165904     ERROR Test worker     d.u.i.k.n.b.AbstractBuilder  com.github.javaparser.resolution.UnsolvedSymbolException: Unsolved symbol in de.uka.ilkd.key.java.JavaParserFactory$DynamicTypeSolver@60686d5f : java.lang.Object
	at com.github.javaparser.resolution.TypeSolver.solveType(TypeSolver.java:71)

165904     ERROR Test worker     d.u.i.k.n.b.TacletPBuilder Error in parsing taclet. de.uka.ilkd.key.util.parsing.BuildingException: Unsolved symbol in de.uka.ilkd.key.java.JavaParserFactory$DynamicTypeSolver@60686d5f : java.lang.Object at file:/D:/a/key/key/key.core/build/resources/main/de/uka/ilkd/key/proof/rules/loopScopeRules.key:160:16
	at de.uka.ilkd.key.nparser.builder.AbstractBuilder.accept(AbstractBuilder.java:54)
Caused by: com.github.javaparser.resolution.UnsolvedSymbolException: Unsolved symbol in de.uka.ilkd.key.java.JavaParserFactory$DynamicTypeSolver@60686d5f : java.lang.Object
	at com.github.javaparser.resolution.TypeSolver.solveType(TypeSolver.java:71)

165904     ERROR Test worker     d.u.i.k.n.b.TacletPBuilder Override: inv (formula) inv (formula) 
165904     ERROR Test worker     d.u.i.k.n.b.TacletPBuilder Override: freeInv (formula) freeInv (formula) 
165904     ERROR Test worker     d.u.i.k.n.b.TacletPBuilder Override: variantTerm (any term) variantTerm (any term) 
165904     ERROR Test worker     d.u.i.k.n.b.TacletPBuilder Override: loopFormula (formula) loopFormula (formula) 
165904     ERROR Test worker     d.u.i.k.n.b.TacletPBuilder Override: #loopStmt (program Statement) #loopStmt (program Statement) 
165904     ERROR Test worker     d.u.i.k.n.b.TacletPBuilder Override: #variant (program Variable) #variant (program Variable) 
165904     ERROR Test worker     d.u.i.k.n.b.TacletPBuilder Override: anon_heap_LOOP (Heap skolem term) anon_heap_LOOP (Heap skolem term) 
165904     ERROR Test worker     d.u.i.k.n.b.TacletPBuilder Override: anon_savedHeap_LOOP (Heap skolem term) anon_savedHeap_LOOP (Heap skolem term) 
165904     ERROR Test worker     d.u.i.k.n.b.TacletPBuilder Override: anon_permissions_LOOP (Heap skolem term) anon_permissions_LOOP (Heap skolem term) 
165904     ERROR Test worker     d.u.i.k.n.b.TacletPBuilder Override: #heapBefore_LOOP (program Variable) #heapBefore_LOOP (program Variable) 
165904     ERROR Test worker     d.u.i.k.n.b.TacletPBuilder Override: #savedHeapBefore_LOOP (program Variable) #savedHeapBefore_LOOP (program Variable) 
165904     ERROR Test worker     d.u.i.k.n.b.TacletPBuilder Override: #permissionsBefore_LOOP (program Variable) #permissionsBefore_LOOP (program Variable) 
165920     ERROR Test worker     d.u.i.k.n.b.AbstractBuilder  com.github.javaparser.resolution.UnsolvedSymbolException: Unsolved symbol in de.uka.ilkd.key.java.JavaParserFactory$DynamicTypeSolver@60686d5f : java.lang.Object
	at com.github.javaparser.resolution.TypeSolver.solveType(TypeSolver.java:71)

165920     ERROR Test worker     d.u.i.k.n.b.TacletPBuilder Error in parsing taclet. de.uka.ilkd.key.util.parsing.BuildingException: Unsolved symbol in de.uka.ilkd.key.java.JavaParserFactory$DynamicTypeSolver@60686d5f : java.lang.Object at file:/D:/a/key/key/key.core/build/resources/main/de/uka/ilkd/key/proof/rules/loopScopeRules.key:207:16
	at de.uka.ilkd.key.nparser.builder.AbstractBuilder.accept(AbstractBuilder.java:54)
Caused by: com.github.javaparser.resolution.UnsolvedSymbolException: Unsolved symbol in de.uka.ilkd.key.java.JavaParserFactory$DynamicTypeSolver@60686d5f : java.lang.Object
	at com.github.javaparser.resolution.TypeSolver.solveType(TypeSolver.java:71)

165920     ERROR Test worker     d.u.i.k.n.b.TacletPBuilder Override: inv (formula) inv (formula) 
165920     ERROR Test worker     d.u.i.k.n.b.TacletPBuilder Override: freeInv (formula) freeInv (formula) 
165920     ERROR Test worker     d.u.i.k.n.b.TacletPBuilder Override: loopFormula (formula) loopFormula (formula) 
165920     ERROR Test worker     d.u.i.k.n.b.TacletPBuilder Override: #loopStmt (program Statement) #loopStmt (program Statement) 
165920     ERROR Test worker     d.u.i.k.n.b.TacletPBuilder Override: anon_heap_LOOP (Heap skolem term) anon_heap_LOOP (Heap skolem term) 
165920     ERROR Test worker     d.u.i.k.n.b.TacletPBuilder Override: anon_savedHeap_LOOP (Heap skolem term) anon_savedHeap_LOOP (Heap skolem term) 
165920     ERROR Test worker     d.u.i.k.n.b.TacletPBuilder Override: anon_permissions_LOOP (Heap skolem term) anon_permissions_LOOP (Heap skolem term) 
165920     ERROR Test worker     d.u.i.k.n.b.TacletPBuilder Override: #heapBefore_LOOP (program Variable) #heapBefore_LOOP (program Variable) 
165920     ERROR Test worker     d.u.i.k.n.b.TacletPBuilder Override: #savedHeapBefore_LOOP (program Variable) #savedHeapBefore_LOOP (program Variable) 
165920     ERROR Test worker     d.u.i.k.n.b.TacletPBuilder Override: #permissionsBefore_LOOP (program Variable) #permissionsBefore_LOOP (program Variable) 
165920     ERROR Test worker     d.u.i.k.n.b.AbstractBuilder  com.github.javaparser.resolution.UnsolvedSymbolException: Unsolved symbol in de.uka.ilkd.key.java.JavaParserFactory$DynamicTypeSolver@60686d5f : java.lang.Object
	at com.github.javaparser.resolution.TypeSolver.solveType(TypeSolver.java:71)

165920     ERROR Test worker     d.u.i.k.n.b.TacletPBuilder Error in parsing taclet. de.uka.ilkd.key.util.parsing.BuildingException: Unsolved symbol in de.uka.ilkd.key.java.JavaParserFactory$DynamicTypeSolver@60686d5f : java.lang.Object at file:/D:/a/key/key/key.core/build/resources/main/de/uka/ilkd/key/proof/rules/loopScopeRules.key:297:16
	at de.uka.ilkd.key.nparser.builder.AbstractBuilder.accept(AbstractBuilder.java:54)
Caused by: com.github.javaparser.resolution.UnsolvedSymbolException: Unsolved symbol in de.uka.ilkd.key.java.JavaParserFactory$DynamicTypeSolver@60686d5f : java.lang.Object
	at com.github.javaparser.resolution.TypeSolver.solveType(TypeSolver.java:71)

165920     ERROR Test worker     d.u.i.k.n.b.AbstractBuilder  com.github.javaparser.resolution.UnsolvedSymbolException: Unsolved symbol in de.uka.ilkd.key.java.JavaParserFactory$DynamicTypeSolver@60686d5f : java.lang.Object
	at com.github.javaparser.resolution.TypeSolver.solveType(TypeSolver.java:71)

165920     ERROR Test worker     d.u.i.k.n.b.TacletPBuilder Error in parsing taclet. de.uka.ilkd.key.util.parsing.BuildingException: Unsolved symbol in de.uka.ilkd.key.java.JavaParserFactory$DynamicTypeSolver@60686d5f : java.lang.Object at file:/D:/a/key/key/key.core/build/resources/main/de/uka/ilkd/key/proof/rules/loopScopeRules.key:375:15
	at de.uka.ilkd.key.nparser.builder.AbstractBuilder.accept(AbstractBuilder.java:54)
Caused by: com.github.javaparser.resolution.UnsolvedSymbolException: Unsolved symbol in de.uka.ilkd.key.java.JavaParserFactory$DynamicTypeSolver@60686d5f : java.lang.Object
	at com.github.javaparser.resolution.TypeSolver.solveType(TypeSolver.java:71)

165920     ERROR Test worker     d.u.i.k.n.b.AbstractBuilder  com.github.javaparser.resolution.UnsolvedSymbolException: Unsolved symbol in de.uka.ilkd.key.java.JavaParserFactory$DynamicTypeSolver@60686d5f : java.lang.Object
	at com.github.javaparser.resolution.TypeSolver.solveType(TypeSolver.java:71)

165920     ERROR Test worker     d.u.i.k.n.b.TacletPBuilder Error in parsing taclet. de.uka.ilkd.key.util.parsing.BuildingException: Unsolved symbol in de.uka.ilkd.key.java.JavaParserFactory$DynamicTypeSolver@60686d5f : java.lang.Object at file:/D:/a/key/key/key.core/build/resources/main/de/uka/ilkd/key/proof/rules/loopScopeRules.key:381:15
	at de.uka.ilkd.key.nparser.builder.AbstractBuilder.accept(AbstractBuilder.java:54)
Caused by: com.github.javaparser.resolution.UnsolvedSymbolException: Unsolved symbol in de.uka.ilkd.key.java.JavaParserFactory$DynamicTypeSolver@60686d5f : java.lang.Object
	at com.github.javaparser.resolution.TypeSolver.solveType(TypeSolver.java:71)

165920     ERROR Test worker     d.u.i.k.n.b.AbstractBuilder  com.github.javaparser.resolution.UnsolvedSymbolException: Unsolved symbol in de.uka.ilkd.key.java.JavaParserFactory$DynamicTypeSolver@60686d5f : java.lang.Object
	at com.github.javaparser.resolution.TypeSolver.solveType(TypeSolver.java:71)

165920     ERROR Test worker     d.u.i.k.n.b.TacletPBuilder Error in parsing taclet. de.uka.ilkd.key.util.parsing.BuildingException: Unsolved symbol in de.uka.ilkd.key.java.JavaParserFactory$DynamicTypeSolver@60686d5f : java.lang.Object at file:/D:/a/key/key/key.core/build/resources/main/de/uka/ilkd/key/proof/rules/loopScopeRules.key:387:15
	at de.uka.ilkd.key.nparser.builder.AbstractBuilder.accept(AbstractBuilder.java:54)
Caused by: com.github.javaparser.resolution.UnsolvedSymbolException: Unsolved symbol in de.uka.ilkd.key.java.JavaParserFactory$DynamicTypeSolver@60686d5f : java.lang.Object
	at com.github.javaparser.resolution.TypeSolver.solveType(TypeSolver.java:71)

165920     ERROR Test worker     d.u.i.k.n.b.AbstractBuilder  com.github.javaparser.resolution.UnsolvedSymbolException: Unsolved symbol in de.uka.ilkd.key.java.JavaParserFactory$DynamicTypeSolver@60686d5f : java.lang.Object
	at com.github.javaparser.resolution.TypeSolver.solveType(TypeSolver.java:71)

165920     ERROR Test worker     d.u.i.k.n.b.TacletPBuilder Error in parsing taclet. de.uka.ilkd.key.util.parsing.BuildingException: Unsolved symbol in de.uka.ilkd.key.java.JavaParserFactory$DynamicTypeSolver@60686d5f : java.lang.Object at file:/D:/a/key/key/key.core/build/resources/main/de/uka/ilkd/key/proof/rules/loopScopeRules.key:395:15
	at de.uka.ilkd.key.nparser.builder.AbstractBuilder.accept(AbstractBuilder.java:54)
Caused by: com.github.javaparser.resolution.UnsolvedSymbolException: Unsolved symbol in de.uka.ilkd.key.java.JavaParserFactory$DynamicTypeSolver@60686d5f : java.lang.Object
	at com.github.javaparser.resolution.TypeSolver.solveType(TypeSolver.java:71)

165920     ERROR Test worker     d.u.i.k.n.b.TacletPBuilder Override: #lsStmt (program Statement) #lsStmt (program Statement) 
165920     ERROR Test worker     d.u.i.k.n.b.AbstractBuilder  com.github.javaparser.resolution.UnsolvedSymbolException: Unsolved symbol in de.uka.ilkd.key.java.JavaParserFactory$DynamicTypeSolver@60686d5f : java.lang.Object
	at com.github.javaparser.resolution.TypeSolver.solveType(TypeSolver.java:71)

165920     ERROR Test worker     d.u.i.k.n.b.TacletPBuilder Error in parsing taclet. de.uka.ilkd.key.util.parsing.BuildingException: Unsolved symbol in de.uka.ilkd.key.java.JavaParserFactory$DynamicTypeSolver@60686d5f : java.lang.Object at file:/D:/a/key/key/key.core/build/resources/main/de/uka/ilkd/key/proof/rules/loopScopeRules.key:410:15
	at de.uka.ilkd.key.nparser.builder.AbstractBuilder.accept(AbstractBuilder.java:54)
Caused by: com.github.javaparser.resolution.UnsolvedSymbolException: Unsolved symbol in de.uka.ilkd.key.java.JavaParserFactory$DynamicTypeSolver@60686d5f : java.lang.Object
	at com.github.javaparser.resolution.TypeSolver.solveType(TypeSolver.java:71)

165920     ERROR Test worker     d.u.i.k.n.b.AbstractBuilder  com.github.javaparser.resolution.UnsolvedSymbolException: Unsolved symbol in de.uka.ilkd.key.java.JavaParserFactory$DynamicTypeSolver@60686d5f : java.lang.Object
	at com.github.javaparser.resolution.TypeSolver.solveType(TypeSolver.java:71)

165920     ERROR Test worker     d.u.i.k.n.b.TacletPBuilder Error in parsing taclet. de.uka.ilkd.key.util.parsing.BuildingException: Unsolved symbol in de.uka.ilkd.key.java.JavaParserFactory$DynamicTypeSolver@60686d5f : java.lang.Object at file:/D:/a/key/key/key.core/build/resources/main/de/uka/ilkd/key/proof/rules/loopScopeRules.key:418:15
	at de.uka.ilkd.key.nparser.builder.AbstractBuilder.accept(AbstractBuilder.java:54)
Caused by: com.github.javaparser.resolution.UnsolvedSymbolException: Unsolved symbol in de.uka.ilkd.key.java.JavaParserFactory$DynamicTypeSolver@60686d5f : java.lang.Object
	at com.github.javaparser.resolution.TypeSolver.solveType(TypeSolver.java:71)

165920     ERROR Test worker     d.u.i.k.n.b.AbstractBuilder  com.github.javaparser.resolution.UnsolvedSymbolException: Unsolved symbol in de.uka.ilkd.key.java.JavaParserFactory$DynamicTypeSolver@60686d5f : java.lang.Object
	at com.github.javaparser.resolution.TypeSolver.solveType(TypeSolver.java:71)

165920     ERROR Test worker     d.u.i.k.n.b.TacletPBuilder Error in parsing taclet. de.uka.ilkd.key.util.parsing.BuildingException: Unsolved symbol in de.uka.ilkd.key.java.JavaParserFactory$DynamicTypeSolver@60686d5f : java.lang.Object at file:/D:/a/key/key/key.core/build/resources/main/de/uka/ilkd/key/proof/rules/loopScopeRules.key:424:15
	at de.uka.ilkd.key.nparser.builder.AbstractBuilder.accept(AbstractBuilder.java:54)
Caused by: com.github.javaparser.resolution.UnsolvedSymbolException: Unsolved symbol in de.uka.ilkd.key.java.JavaParserFactory$DynamicTypeSolver@60686d5f : java.lang.Object
	at com.github.javaparser.resolution.TypeSolver.solveType(TypeSolver.java:71)

165935     ERROR Test worker     d.u.i.k.n.b.AbstractBuilder  com.github.javaparser.resolution.UnsolvedSymbolException: Unsolved symbol in de.uka.ilkd.key.java.JavaParserFactory$DynamicTypeSolver@60686d5f : java.lang.Object
	at com.github.javaparser.resolution.TypeSolver.solveType(TypeSolver.java:71)

165935     ERROR Test worker     d.u.i.k.n.b.TacletPBuilder Error in parsing taclet. de.uka.ilkd.key.util.parsing.BuildingException: Unsolved symbol in de.uka.ilkd.key.java.JavaParserFactory$DynamicTypeSolver@60686d5f : java.lang.Object at file:/D:/a/key/key/key.core/build/resources/main/de/uka/ilkd/key/proof/rules/loopScopeRules.key:430:15
	at de.uka.ilkd.key.nparser.builder.AbstractBuilder.accept(AbstractBuilder.java:54)
Caused by: com.github.javaparser.resolution.UnsolvedSymbolException: Unsolved symbol in de.uka.ilkd.key.java.JavaParserFactory$DynamicTypeSolver@60686d5f : java.lang.Object
	at com.github.javaparser.resolution.TypeSolver.solveType(TypeSolver.java:71)

165935     ERROR Test worker     d.u.i.k.n.b.AbstractBuilder  com.github.javaparser.resolution.UnsolvedSymbolException: Unsolved symbol in de.uka.ilkd.key.java.JavaParserFactory$DynamicTypeSolver@60686d5f : java.lang.Object
	at com.github.javaparser.resolution.TypeSolver.solveType(TypeSolver.java:71)

165935     ERROR Test worker     d.u.i.k.n.b.TacletPBuilder Error in parsing taclet. de.uka.ilkd.key.util.parsing.BuildingException: Unsolved symbol in de.uka.ilkd.key.java.JavaParserFactory$DynamicTypeSolver@60686d5f : java.lang.Object at file:/D:/a/key/key/key.core/build/resources/main/de/uka/ilkd/key/proof/rules/loopScopeRules.key:436:15
	at de.uka.ilkd.key.nparser.builder.AbstractBuilder.accept(AbstractBuilder.java:54)
Caused by: com.github.javaparser.resolution.UnsolvedSymbolException: Unsolved symbol in de.uka.ilkd.key.java.JavaParserFactory$DynamicTypeSolver@60686d5f : java.lang.Object
	at com.github.javaparser.resolution.TypeSolver.solveType(TypeSolver.java:71)

165935     ERROR Test worker     d.u.i.k.n.b.AbstractBuilder  com.github.javaparser.resolution.UnsolvedSymbolException: Unsolved symbol in de.uka.ilkd.key.java.JavaParserFactory$DynamicTypeSolver@60686d5f : java.lang.Object
	at com.github.javaparser.resolution.TypeSolver.solveType(TypeSolver.java:71)

165935     ERROR Test worker     d.u.i.k.n.b.TacletPBuilder Error in parsing taclet. de.uka.ilkd.key.util.parsing.BuildingException: Unsolved symbol in de.uka.ilkd.key.java.JavaParserFactory$DynamicTypeSolver@60686d5f : java.lang.Object at file:/D:/a/key/key/key.core/build/resources/main/de/uka/ilkd/key/proof/rules/loopScopeRules.key:446:15
	at de.uka.ilkd.key.nparser.builder.AbstractBuilder.accept(AbstractBuilder.java:54)
Caused by: com.github.javaparser.resolution.UnsolvedSymbolException: Unsolved symbol in de.uka.ilkd.key.java.JavaParserFactory$DynamicTypeSolver@60686d5f : java.lang.Object
	at com.github.javaparser.resolution.TypeSolver.solveType(TypeSolver.java:71)

165935     ERROR Test worker     d.u.i.k.n.b.AbstractBuilder  com.github.javaparser.resolution.UnsolvedSymbolException: Unsolved symbol in de.uka.ilkd.key.java.JavaParserFactory$DynamicTypeSolver@60686d5f : java.lang.Object
	at com.github.javaparser.resolution.TypeSolver.solveType(TypeSolver.java:71)

165935     ERROR Test worker     d.u.i.k.n.b.TacletPBuilder Error in parsing taclet. de.uka.ilkd.key.util.parsing.BuildingException: Unsolved symbol in de.uka.ilkd.key.java.JavaParserFactory$DynamicTypeSolver@60686d5f : java.lang.Object at file:/D:/a/key/key/key.core/build/resources/main/de/uka/ilkd/key/proof/rules/loopScopeRules.key:452:15
	at de.uka.ilkd.key.nparser.builder.AbstractBuilder.accept(AbstractBuilder.java:54)
Caused by: com.github.javaparser.resolution.UnsolvedSymbolException: Unsolved symbol in de.uka.ilkd.key.java.JavaParserFactory$DynamicTypeSolver@60686d5f : java.lang.Object
	at com.github.javaparser.resolution.TypeSolver.solveType(TypeSolver.java:71)

165935     ERROR Test worker     d.u.i.k.n.b.AbstractBuilder  com.github.javaparser.resolution.UnsolvedSymbolException: Unsolved symbol in de.uka.ilkd.key.java.JavaParserFactory$DynamicTypeSolver@60686d5f : java.lang.Object
	at com.github.javaparser.resolution.TypeSolver.solveType(TypeSolver.java:71)

165935     ERROR Test worker     d.u.i.k.n.b.TacletPBuilder Error in parsing taclet. de.uka.ilkd.key.util.parsing.BuildingException: Unsolved symbol in de.uka.ilkd.key.java.JavaParserFactory$DynamicTypeSolver@60686d5f : java.lang.Object at file:/D:/a/key/key/key.core/build/resources/main/de/uka/ilkd/key/proof/rules/loopScopeRules.key:458:15
	at de.uka.ilkd.key.nparser.builder.AbstractBuilder.accept(AbstractBuilder.java:54)
Caused by: com.github.javaparser.resolution.UnsolvedSymbolException: Unsolved symbol in de.uka.ilkd.key.java.JavaParserFactory$DynamicTypeSolver@60686d5f : java.lang.Object
	at com.github.javaparser.resolution.TypeSolver.solveType(TypeSolver.java:71)

165935     ERROR Test worker     d.u.i.k.n.b.AbstractBuilder  com.github.javaparser.resolution.UnsolvedSymbolException: Unsolved symbol in de.uka.ilkd.key.java.JavaParserFactory$DynamicTypeSolver@60686d5f : java.lang.Object
	at com.github.javaparser.resolution.TypeSolver.solveType(TypeSolver.java:71)

165935     ERROR Test worker     d.u.i.k.n.b.TacletPBuilder Error in parsing taclet. de.uka.ilkd.key.util.parsing.BuildingException: Unsolved symbol in de.uka.ilkd.key.java.JavaParserFactory$DynamicTypeSolver@60686d5f : java.lang.Object at file:/D:/a/key/key/key.core/build/resources/main/de/uka/ilkd/key/proof/rules/loopScopeRules.key:464:15
	at de.uka.ilkd.key.nparser.builder.AbstractBuilder.accept(AbstractBuilder.java:54)
Caused by: com.github.javaparser.resolution.UnsolvedSymbolException: Unsolved symbol in de.uka.ilkd.key.java.JavaParserFactory$DynamicTypeSolver@60686d5f : java.lang.Object
	at com.github.javaparser.resolution.TypeSolver.solveType(TypeSolver.java:71)

166107     ERROR Test worker     d.u.i.k.j.KeYJPMapping    Duplicate registration of node: boolean, formerNode: /*@ pure @*/
boolean 
166107     ERROR Test worker     d.u.i.k.j.KeYJPMapping    Duplicate registration of node: Object, formerNode: java.lang.Object 
166107     ERROR Test worker     d.u.i.k.j.KeYJPMapping    Duplicate registration of node: Object, formerNode: java.lang.Object 
166123     ERROR Test worker     d.u.i.k.j.KeYJPMapping    Duplicate registration of node: Annotation, formerNode: Annotation 
166123     ERROR Test worker     d.u.i.k.j.KeYJPMapping    Duplicate registration of node: ArithmeticException, formerNode: ArithmeticException 
166123     ERROR Test worker     d.u.i.k.j.KeYJPMapping    Duplicate registration of node: ArrayIndexOutOfBoundsException, formerNode: ArrayIndexOutOfBoundsException 
166123     ERROR Test worker     d.u.i.k.j.KeYJPMapping    Duplicate registration of node: ArrayStoreException, formerNode: ArrayStoreException 
166123     ERROR Test worker     d.u.i.k.j.KeYJPMapping    Duplicate registration of node: AssertionError, formerNode: AssertionError 
166123     ERROR Test worker     d.u.i.k.j.KeYJPMapping    Duplicate registration of node: Character, formerNode: Character 
166123     ERROR Test worker     d.u.i.k.j.KeYJPMapping    Duplicate registration of node: Class, formerNode: java.lang.Class 
166123     ERROR Test worker     d.u.i.k.j.KeYJPMapping    Duplicate registration of node: Class, formerNode: java.lang.Class 
166123     ERROR Test worker     d.u.i.k.j.KeYJPMapping    Duplicate registration of node: ClassCastException, formerNode: ClassCastException 
166123     ERROR Test worker     d.u.i.k.j.KeYJPMapping    Duplicate registration of node: CloneNotSupportedException, formerNode: CloneNotSupportedException 
166123     ERROR Test worker     d.u.i.k.j.KeYJPMapping    Duplicate registration of node: Cloneable, formerNode: Cloneable 
166123     ERROR Test worker     d.u.i.k.j.KeYJPMapping    Duplicate registration of node: Comparable, formerNode: Comparable 
166123     ERROR Test worker     d.u.i.k.j.KeYJPMapping    Duplicate registration of node: Double, formerNode: Double 
166123     ERROR Test worker     d.u.i.k.j.KeYJPMapping    Duplicate registration of node: Enum, formerNode: java.lang.Enum 
166123     ERROR Test worker     d.u.i.k.j.KeYJPMapping    Duplicate registration of node: Enum, formerNode: java.lang.Enum 
166139     ERROR Test worker     d.u.i.k.j.KeYJPMapping    Duplicate registration of node: Error, formerNode: Error 
166139     ERROR Test worker     d.u.i.k.j.KeYJPMapping    Duplicate registration of node: Exception, formerNode: Exception 
166139     ERROR Test worker     d.u.i.k.j.KeYJPMapping    Duplicate registration of node: ExceptionInInitializerError, formerNode: java.lang.ExceptionInInitializerError 
166139     ERROR Test worker     d.u.i.k.j.KeYJPMapping    Duplicate registration of node: ExceptionInInitializerError, formerNode: java.lang.ExceptionInInitializerError 
166139     ERROR Test worker     d.u.i.k.j.KeYJPMapping    Duplicate registration of node: Float, formerNode: Float 
166139     ERROR Test worker     d.u.i.k.j.KeYJPMapping    Duplicate registration of node: IllegalArgumentException, formerNode: IllegalArgumentException 
166154     ERROR Test worker     d.u.i.k.j.KeYJPMapping    Duplicate registration of node: IndexOutOfBoundsException, formerNode: IndexOutOfBoundsException 
166172     ERROR Test worker     d.u.i.k.j.KeYJPMapping    Duplicate registration of node: Integer, formerNode: java.lang.Integer 
166172     ERROR Test worker     d.u.i.k.j.KeYJPMapping    Duplicate registration of node: Integer, formerNode: java.lang.Integer 
166173     ERROR Test worker     d.u.i.k.j.KeYJPMapping    Duplicate registration of node: InterruptedException, formerNode: InterruptedException 
166173     ERROR Test worker     d.u.i.k.j.KeYJPMapping    Duplicate registration of node: Iterable, formerNode: Iterable 
166173     ERROR Test worker     d.u.i.k.j.KeYJPMapping    Duplicate registration of node: LinkageError, formerNode: LinkageError 
166173     ERROR Test worker     d.u.i.k.j.KeYJPMapping    Duplicate registration of node: Math, formerNode: Math 
166173     ERROR Test worker     d.u.i.k.j.KeYJPMapping    Duplicate registration of node: NegativeArraySizeException, formerNode: NegativeArraySizeException 
166173     ERROR Test worker     d.u.i.k.j.KeYJPMapping    Duplicate registration of node: NoClassDefFoundError, formerNode: java.lang.NoClassDefFoundError 
166173     ERROR Test worker     d.u.i.k.j.KeYJPMapping    Duplicate registration of node: NoClassDefFoundError, formerNode: java.lang.NoClassDefFoundError 
166173     ERROR Test worker     d.u.i.k.j.KeYJPMapping    Duplicate registration of node: NullPointerException, formerNode: NullPointerException 
166173     ERROR Test worker     d.u.i.k.j.KeYJPMapping    Duplicate registration of node: Number, formerNode: Number 
166173     ERROR Test worker     d.u.i.k.j.KeYJPMapping    Duplicate registration of node: NumberFormatException, formerNode: NumberFormatException 
166173     ERROR Test worker     d.u.i.k.j.KeYJPMapping    Duplicate registration of node: VirtualMachineError, formerNode: VirtualMachineError 
166173     ERROR Test worker     d.u.i.k.j.KeYJPMapping    Duplicate registration of node: OutOfMemoryError, formerNode: OutOfMemoryError 
166189     ERROR Test worker     d.u.i.k.j.KeYJPMapping    Duplicate registration of node: Runnable, formerNode: Runnable 
166189     ERROR Test worker     d.u.i.k.j.KeYJPMapping    Duplicate registration of node: RuntimeException, formerNode: RuntimeException 
166189     ERROR Test worker     d.u.i.k.j.KeYJPMapping    Duplicate registration of node: /*@pure*/
int, formerNode: int 
166189     ERROR Test worker     d.u.i.k.j.KeYJPMapping    Duplicate registration of node: /*@ helper */
int, formerNode: int 
166189     ERROR Test worker     d.u.i.k.j.KeYJPMapping    Duplicate registration of node: /*@ helper */
boolean, formerNode: /*@ pure @*/
boolean 
166189     ERROR Test worker     d.u.i.k.j.KeYJPMapping    Duplicate registration of node: /*@ helper */
java.lang.String, formerNode: java.lang.String 
166204     ERROR Test worker     d.u.i.k.j.KeYJPMapping    Duplicate registration of node: String, formerNode: java.lang.String 
166204     ERROR Test worker     d.u.i.k.j.KeYJPMapping    Duplicate registration of node: String, formerNode: java.lang.String 
166220     ERROR Test worker     d.u.i.k.j.KeYJPMapping    Duplicate registration of node: char, formerNode: /*@ helper */
char 
166220     ERROR Test worker     d.u.i.k.j.KeYJPMapping    Duplicate registration of node: StringBuffer, formerNode: StringBuffer 
166220     ERROR Test worker     d.u.i.k.j.KeYJPMapping    Duplicate registration of node: System, formerNode: System 
166220     ERROR Test worker     d.u.i.k.j.KeYJPMapping    Duplicate registration of node: Thread, formerNode: Thread 
166220     ERROR Test worker     d.u.i.k.j.KeYJPMapping    Duplicate registration of node: Throwable, formerNode: java.lang.Throwable 
166220     ERROR Test worker     d.u.i.k.j.KeYJPMapping    Duplicate registration of node: Throwable, formerNode: java.lang.Throwable 
166220     ERROR Test worker     d.u.i.k.j.KeYJPMapping    Duplicate registration of node: Collection, formerNode: Collection 
166220     ERROR Test worker     d.u.i.k.j.KeYJPMapping    Duplicate registration of node: Iterator, formerNode: java.util.Iterator 
166220     ERROR Test worker     d.u.i.k.j.KeYJPMapping    Duplicate registration of node: Iterator, formerNode: java.util.Iterator 
166236     ERROR Test worker     d.u.i.k.j.KeYJPMapping    Duplicate registration of node: List, formerNode: java.util.List 
166236     ERROR Test worker     d.u.i.k.j.KeYJPMapping    Duplicate registration of node: List, formerNode: java.util.List 
166236     ERROR Test worker     d.u.i.k.j.KeYJPMapping    Duplicate registration of node: ListIterator, formerNode: java.util.ListIterator 
166236     ERROR Test worker     d.u.i.k.j.KeYJPMapping    Duplicate registration of node: ListIterator, formerNode: java.util.ListIterator 
166236     ERROR Test worker     d.u.i.k.j.KeYJPMapping    Duplicate registration of node: Long, formerNode: Long 
166236     ERROR Test worker     d.u.i.k.j.KeYJPMapping    Duplicate registration of node: Boolean, formerNode: Boolean 
166236     ERROR Test worker     d.u.i.k.j.KeYJPMapping    Duplicate registration of node: Map, formerNode: Map 
166236     ERROR Test worker     d.u.i.k.j.KeYJPMapping    Duplicate registration of node: Set, formerNode: java.util.Set 
166236     ERROR Test worker     d.u.i.k.j.KeYJPMapping    Duplicate registration of node: Set, formerNode: java.util.Set 
166236     ERROR Test worker     d.u.i.k.j.KeYJPMapping    Duplicate registration of node: FilterOutputStream, formerNode: FilterOutputStream 
166236     ERROR Test worker     d.u.i.k.j.KeYJPMapping    Duplicate registration of node: InputStream, formerNode: java.io.InputStream 
166236     ERROR Test worker     d.u.i.k.j.KeYJPMapping    Duplicate registration of node: InputStream, formerNode: java.io.InputStream 
166236     ERROR Test worker     d.u.i.k.j.KeYJPMapping    Duplicate registration of node: IOException, formerNode: IOException 
166251     ERROR Test worker     d.u.i.k.j.KeYJPMapping    Duplicate registration of node: OutputStream, formerNode: java.io.OutputStream 
166251     ERROR Test worker     d.u.i.k.j.KeYJPMapping    Duplicate registration of node: OutputStream, formerNode: java.io.OutputStream 
166251     ERROR Test worker     d.u.i.k.j.KeYJPMapping    Duplicate registration of node: PrintStream, formerNode: java.io.PrintStream 
166251     ERROR Test worker     d.u.i.k.j.KeYJPMapping    Duplicate registration of node: PrintStream, formerNode: java.io.PrintStream 
166251     ERROR Test worker     d.u.i.k.j.KeYJPMapping    Duplicate registration of node: Serializable, formerNode: Serializable 
166251     ERROR Test worker     d.u.i.k.j.KeYJPMapping    Duplicate registration of node: BigInteger, formerNode: java.math.BigInteger 
166251     ERROR Test worker     d.u.i.k.j.KeYJPMapping    Duplicate registration of node: BigInteger, formerNode: java.math.BigInteger 
166251     ERROR Test worker     d.u.i.k.j.KeYJPMapping    Duplicate registration of node: ArrayList, formerNode: ArrayList 
166251     ERROR Test worker     d.u.i.k.j.KeYJPMapping    Duplicate registration of node: byte[], formerNode: byte[] 
166267     ERROR Test worker     d.u.i.k.j.KeYJPMapping    Duplicate registration of node: Arrays, formerNode: Arrays 
166267     ERROR Test worker     d.u.i.k.j.KeYJPMapping    Duplicate registration of node: ListIteratorImpl, formerNode: ListIteratorImpl 
166267     ERROR Test worker     d.u.i.k.j.KeYJPMapping    Duplicate registration of node: Date, formerNode: Date 
166267     ERROR Test worker     d.u.i.k.j.KeYJPMapping    Duplicate registration of node: LinkedHashMap, formerNode: LinkedHashMap 
166267     ERROR Test worker     d.u.i.k.j.KeYJPMapping    Duplicate registration of node: /*@pure@*/
String, formerNode: /*@strictly_pure*/
java.lang.String 
166267     ERROR Test worker     d.u.i.k.j.KeYJPMapping    Duplicate registration of node: LinkedList, formerNode: LinkedList 
166267     ERROR Test worker     d.u.i.k.j.KeYJPMapping    Duplicate registration of node: Relaxed, formerNode: Relaxed 
166314     DEBUG Test worker     d.u.i.k.p.i.AbstractProblemLoader Init config took 2.94s 
]]></system-err>
</testsuite>
