<?xml version="1.0" encoding="UTF-8"?>
<testsuite name="de.uka.ilkd.key.rule.merge.MergeRuleTests" tests="11" skipped="0" failures="11" errors="0" timestamp="2023-06-09T14:38:01" hostname="fv-az479-659" time="7.454">
  <properties/>
  <testcase name="testDoManualGcdProof()" classname="de.uka.ilkd.key.rule.merge.MergeRuleTests" time="2.842">
    <failure message="org.opentest4j.AssertionFailedError: Proof could not be loaded" type="org.opentest4j.AssertionFailedError">org.opentest4j.AssertionFailedError: Proof could not be loaded
	at app//org.junit.jupiter.api.AssertionUtils.fail(AssertionUtils.java:42)
	at app//org.junit.jupiter.api.Assertions.fail(Assertions.java:147)
	at app//de.uka.ilkd.key.rule.merge.MergeRuleTests.loadProof(MergeRuleTests.java:326)
	at app//de.uka.ilkd.key.rule.merge.MergeRuleTests.testDoManualGcdProof(MergeRuleTests.java:175)
	at java.base@17.0.7/jdk.internal.reflect.NativeMethodAccessorImpl.invoke0(Native Method)
	at java.base@17.0.7/jdk.internal.reflect.NativeMethodAccessorImpl.invoke(NativeMethodAccessorImpl.java:77)
	at java.base@17.0.7/jdk.internal.reflect.DelegatingMethodAccessorImpl.invoke(DelegatingMethodAccessorImpl.java:43)
	at java.base@17.0.7/java.lang.reflect.Method.invoke(Method.java:568)
	at app//org.junit.platform.commons.util.ReflectionUtils.invokeMethod(ReflectionUtils.java:727)
	at app//org.junit.jupiter.engine.execution.MethodInvocation.proceed(MethodInvocation.java:60)
	at app//org.junit.jupiter.engine.execution.InvocationInterceptorChain$ValidatingInvocation.proceed(InvocationInterceptorChain.java:131)
	at app//org.junit.jupiter.engine.extension.TimeoutExtension.intercept(TimeoutExtension.java:156)
	at app//org.junit.jupiter.engine.extension.TimeoutExtension.interceptTestableMethod(TimeoutExtension.java:147)
	at app//org.junit.jupiter.engine.extension.TimeoutExtension.interceptTestMethod(TimeoutExtension.java:86)
	at app//org.junit.jupiter.engine.execution.InterceptingExecutableInvoker$ReflectiveInterceptorCall.lambda$ofVoidMethod$0(InterceptingExecutableInvoker.java:103)
	at app//org.junit.jupiter.engine.execution.InterceptingExecutableInvoker.lambda$invoke$0(InterceptingExecutableInvoker.java:93)
	at app//org.junit.jupiter.engine.execution.InvocationInterceptorChain$InterceptedInvocation.proceed(InvocationInterceptorChain.java:106)
	at app//org.junit.jupiter.engine.execution.InvocationInterceptorChain.proceed(InvocationInterceptorChain.java:64)
	at app//org.junit.jupiter.engine.execution.InvocationInterceptorChain.chainAndInvoke(InvocationInterceptorChain.java:45)
	at app//org.junit.jupiter.engine.execution.InvocationInterceptorChain.invoke(InvocationInterceptorChain.java:37)
	at app//org.junit.jupiter.engine.execution.InterceptingExecutableInvoker.invoke(InterceptingExecutableInvoker.java:92)
	at app//org.junit.jupiter.engine.execution.InterceptingExecutableInvoker.invoke(InterceptingExecutableInvoker.java:86)
	at app//org.junit.jupiter.engine.descriptor.TestMethodTestDescriptor.lambda$invokeTestMethod$7(TestMethodTestDescriptor.java:217)
	at app//org.junit.platform.engine.support.hierarchical.ThrowableCollector.execute(ThrowableCollector.java:73)
	at app//org.junit.jupiter.engine.descriptor.TestMethodTestDescriptor.invokeTestMethod(TestMethodTestDescriptor.java:213)
	at app//org.junit.jupiter.engine.descriptor.TestMethodTestDescriptor.execute(TestMethodTestDescriptor.java:138)
	at app//org.junit.jupiter.engine.descriptor.TestMethodTestDescriptor.execute(TestMethodTestDescriptor.java:68)
	at app//org.junit.platform.engine.support.hierarchical.NodeTestTask.lambda$executeRecursively$6(NodeTestTask.java:151)
	at app//org.junit.platform.engine.support.hierarchical.ThrowableCollector.execute(ThrowableCollector.java:73)
	at app//org.junit.platform.engine.support.hierarchical.NodeTestTask.lambda$executeRecursively$8(NodeTestTask.java:141)
	at app//org.junit.platform.engine.support.hierarchical.Node.around(Node.java:137)
	at app//org.junit.platform.engine.support.hierarchical.NodeTestTask.lambda$executeRecursively$9(NodeTestTask.java:139)
	at app//org.junit.platform.engine.support.hierarchical.ThrowableCollector.execute(ThrowableCollector.java:73)
	at app//org.junit.platform.engine.support.hierarchical.NodeTestTask.executeRecursively(NodeTestTask.java:138)
	at app//org.junit.platform.engine.support.hierarchical.NodeTestTask.execute(NodeTestTask.java:95)
	at java.base@17.0.7/java.util.ArrayList.forEach(ArrayList.java:1511)
	at app//org.junit.platform.engine.support.hierarchical.SameThreadHierarchicalTestExecutorService.invokeAll(SameThreadHierarchicalTestExecutorService.java:41)
	at app//org.junit.platform.engine.support.hierarchical.NodeTestTask.lambda$executeRecursively$6(NodeTestTask.java:155)
	at app//org.junit.platform.engine.support.hierarchical.ThrowableCollector.execute(ThrowableCollector.java:73)
	at app//org.junit.platform.engine.support.hierarchical.NodeTestTask.lambda$executeRecursively$8(NodeTestTask.java:141)
	at app//org.junit.platform.engine.support.hierarchical.Node.around(Node.java:137)
	at app//org.junit.platform.engine.support.hierarchical.NodeTestTask.lambda$executeRecursively$9(NodeTestTask.java:139)
	at app//org.junit.platform.engine.support.hierarchical.ThrowableCollector.execute(ThrowableCollector.java:73)
	at app//org.junit.platform.engine.support.hierarchical.NodeTestTask.executeRecursively(NodeTestTask.java:138)
	at app//org.junit.platform.engine.support.hierarchical.NodeTestTask.execute(NodeTestTask.java:95)
	at java.base@17.0.7/java.util.ArrayList.forEach(ArrayList.java:1511)
	at app//org.junit.platform.engine.support.hierarchical.SameThreadHierarchicalTestExecutorService.invokeAll(SameThreadHierarchicalTestExecutorService.java:41)
	at app//org.junit.platform.engine.support.hierarchical.NodeTestTask.lambda$executeRecursively$6(NodeTestTask.java:155)
	at app//org.junit.platform.engine.support.hierarchical.ThrowableCollector.execute(ThrowableCollector.java:73)
	at app//org.junit.platform.engine.support.hierarchical.NodeTestTask.lambda$executeRecursively$8(NodeTestTask.java:141)
	at app//org.junit.platform.engine.support.hierarchical.Node.around(Node.java:137)
	at app//org.junit.platform.engine.support.hierarchical.NodeTestTask.lambda$executeRecursively$9(NodeTestTask.java:139)
	at app//org.junit.platform.engine.support.hierarchical.ThrowableCollector.execute(ThrowableCollector.java:73)
	at app//org.junit.platform.engine.support.hierarchical.NodeTestTask.executeRecursively(NodeTestTask.java:138)
	at app//org.junit.platform.engine.support.hierarchical.NodeTestTask.execute(NodeTestTask.java:95)
	at app//org.junit.platform.engine.support.hierarchical.SameThreadHierarchicalTestExecutorService.submit(SameThreadHierarchicalTestExecutorService.java:35)
	at app//org.junit.platform.engine.support.hierarchical.HierarchicalTestExecutor.execute(HierarchicalTestExecutor.java:57)
	at app//org.junit.platform.engine.support.hierarchical.HierarchicalTestEngine.execute(HierarchicalTestEngine.java:54)
	at app//org.junit.platform.launcher.core.EngineExecutionOrchestrator.execute(EngineExecutionOrchestrator.java:107)
	at app//org.junit.platform.launcher.core.EngineExecutionOrchestrator.execute(EngineExecutionOrchestrator.java:88)
	at app//org.junit.platform.launcher.core.EngineExecutionOrchestrator.lambda$execute$0(EngineExecutionOrchestrator.java:54)
	at app//org.junit.platform.launcher.core.EngineExecutionOrchestrator.withInterceptedStreams(EngineExecutionOrchestrator.java:67)
	at app//org.junit.platform.launcher.core.EngineExecutionOrchestrator.execute(EngineExecutionOrchestrator.java:52)
	at app//org.junit.platform.launcher.core.DefaultLauncher.execute(DefaultLauncher.java:114)
	at app//org.junit.platform.launcher.core.DefaultLauncher.execute(DefaultLauncher.java:86)
	at app//org.junit.platform.launcher.core.DefaultLauncherSession$DelegatingLauncher.execute(DefaultLauncherSession.java:86)
	at org.gradle.api.internal.tasks.testing.junitplatform.JUnitPlatformTestClassProcessor$CollectAllTestClassesExecutor.processAllTestClasses(JUnitPlatformTestClassProcessor.java:110)
	at org.gradle.api.internal.tasks.testing.junitplatform.JUnitPlatformTestClassProcessor$CollectAllTestClassesExecutor.access$000(JUnitPlatformTestClassProcessor.java:90)
	at org.gradle.api.internal.tasks.testing.junitplatform.JUnitPlatformTestClassProcessor.stop(JUnitPlatformTestClassProcessor.java:85)
	at org.gradle.api.internal.tasks.testing.SuiteTestClassProcessor.stop(SuiteTestClassProcessor.java:62)
	at java.base@17.0.7/jdk.internal.reflect.NativeMethodAccessorImpl.invoke0(Native Method)
	at java.base@17.0.7/jdk.internal.reflect.NativeMethodAccessorImpl.invoke(NativeMethodAccessorImpl.java:77)
	at java.base@17.0.7/jdk.internal.reflect.DelegatingMethodAccessorImpl.invoke(DelegatingMethodAccessorImpl.java:43)
	at java.base@17.0.7/java.lang.reflect.Method.invoke(Method.java:568)
	at org.gradle.internal.dispatch.ReflectionDispatch.dispatch(ReflectionDispatch.java:36)
	at org.gradle.internal.dispatch.ReflectionDispatch.dispatch(ReflectionDispatch.java:24)
	at org.gradle.internal.dispatch.ContextClassLoaderDispatch.dispatch(ContextClassLoaderDispatch.java:33)
	at org.gradle.internal.dispatch.ProxyDispatchAdapter$DispatchingInvocationHandler.invoke(ProxyDispatchAdapter.java:94)
	at jdk.proxy2/jdk.proxy2.$Proxy5.stop(Unknown Source)
	at org.gradle.api.internal.tasks.testing.worker.TestWorker$3.run(TestWorker.java:193)
	at org.gradle.api.internal.tasks.testing.worker.TestWorker.executeAndMaintainThreadName(TestWorker.java:129)
	at org.gradle.api.internal.tasks.testing.worker.TestWorker.execute(TestWorker.java:100)
	at org.gradle.api.internal.tasks.testing.worker.TestWorker.execute(TestWorker.java:60)
	at org.gradle.process.internal.worker.child.ActionExecutionWorker.execute(ActionExecutionWorker.java:56)
	at org.gradle.process.internal.worker.child.SystemApplicationClassLoaderWorker.call(SystemApplicationClassLoaderWorker.java:113)
	at org.gradle.process.internal.worker.child.SystemApplicationClassLoaderWorker.call(SystemApplicationClassLoaderWorker.java:65)
	at app//worker.org.gradle.process.internal.worker.GradleWorkerMain.run(GradleWorkerMain.java:69)
	at app//worker.org.gradle.process.internal.worker.GradleWorkerMain.main(GradleWorkerMain.java:74)
Caused by: Contract not found: Gcd[Gcd::gcd(int,int)].JML normal_behavior operation contract.0 (file: src\test\resources\testcase\merge\gcd.key; caused by: java.io.IOException: Contract not found: Gcd[Gcd::gcd(int,int)].JML normal_behavior operation contract.0)
	at app//de.uka.ilkd.key.control.AbstractUserInterfaceControl.load(AbstractUserInterfaceControl.java:225)
	at app//de.uka.ilkd.key.control.KeYEnvironment.load(KeYEnvironment.java:282)
	at app//de.uka.ilkd.key.control.KeYEnvironment.load(KeYEnvironment.java:251)
	at app//de.uka.ilkd.key.control.KeYEnvironment.load(KeYEnvironment.java:225)
	at app//de.uka.ilkd.key.rule.merge.MergeRuleTests.loadProof(MergeRuleTests.java:319)
	... 85 more
Caused by: java.io.IOException: Contract not found: Gcd[Gcd::gcd(int,int)].JML normal_behavior operation contract.0
	at de.uka.ilkd.key.proof.init.FunctionalOperationContractPO.loadFrom(FunctionalOperationContractPO.java:379)
	at java.base/jdk.internal.reflect.NativeMethodAccessorImpl.invoke0(Native Method)
	at java.base/jdk.internal.reflect.NativeMethodAccessorImpl.invoke(NativeMethodAccessorImpl.java:77)
	at java.base/jdk.internal.reflect.DelegatingMethodAccessorImpl.invoke(DelegatingMethodAccessorImpl.java:43)
	at java.base/java.lang.reflect.Method.invoke(Method.java:568)
	at de.uka.ilkd.key.proof.io.AbstractProblemLoader.createProofObligationContainer(AbstractProblemLoader.java:628)
	at de.uka.ilkd.key.proof.io.AbstractProblemLoader.load(AbstractProblemLoader.java:278)
	at de.uka.ilkd.key.proof.io.AbstractProblemLoader.load(AbstractProblemLoader.java:257)
	at de.uka.ilkd.key.control.AbstractUserInterfaceControl.load(AbstractUserInterfaceControl.java:212)
	... 89 more
</failure>
  </testcase>
  <testcase name="testLoadProofWithDiffVarsWithSameNameAndMPS()" classname="de.uka.ilkd.key.rule.merge.MergeRuleTests" time="0.436">
    <failure message="org.opentest4j.AssertionFailedError: Proof could not be loaded" type="org.opentest4j.AssertionFailedError">org.opentest4j.AssertionFailedError: Proof could not be loaded
	at app//org.junit.jupiter.api.AssertionUtils.fail(AssertionUtils.java:42)
	at app//org.junit.jupiter.api.Assertions.fail(Assertions.java:147)
	at app//de.uka.ilkd.key.rule.merge.MergeRuleTests.loadProof(MergeRuleTests.java:326)
	at app//de.uka.ilkd.key.rule.merge.MergeRuleTests.testLoadProofWithDiffVarsWithSameNameAndMPS(MergeRuleTests.java:150)
	at java.base@17.0.7/jdk.internal.reflect.NativeMethodAccessorImpl.invoke0(Native Method)
	at java.base@17.0.7/jdk.internal.reflect.NativeMethodAccessorImpl.invoke(NativeMethodAccessorImpl.java:77)
	at java.base@17.0.7/jdk.internal.reflect.DelegatingMethodAccessorImpl.invoke(DelegatingMethodAccessorImpl.java:43)
	at java.base@17.0.7/java.lang.reflect.Method.invoke(Method.java:568)
	at app//org.junit.platform.commons.util.ReflectionUtils.invokeMethod(ReflectionUtils.java:727)
	at app//org.junit.jupiter.engine.execution.MethodInvocation.proceed(MethodInvocation.java:60)
	at app//org.junit.jupiter.engine.execution.InvocationInterceptorChain$ValidatingInvocation.proceed(InvocationInterceptorChain.java:131)
	at app//org.junit.jupiter.engine.extension.TimeoutExtension.intercept(TimeoutExtension.java:156)
	at app//org.junit.jupiter.engine.extension.TimeoutExtension.interceptTestableMethod(TimeoutExtension.java:147)
	at app//org.junit.jupiter.engine.extension.TimeoutExtension.interceptTestMethod(TimeoutExtension.java:86)
	at app//org.junit.jupiter.engine.execution.InterceptingExecutableInvoker$ReflectiveInterceptorCall.lambda$ofVoidMethod$0(InterceptingExecutableInvoker.java:103)
	at app//org.junit.jupiter.engine.execution.InterceptingExecutableInvoker.lambda$invoke$0(InterceptingExecutableInvoker.java:93)
	at app//org.junit.jupiter.engine.execution.InvocationInterceptorChain$InterceptedInvocation.proceed(InvocationInterceptorChain.java:106)
	at app//org.junit.jupiter.engine.execution.InvocationInterceptorChain.proceed(InvocationInterceptorChain.java:64)
	at app//org.junit.jupiter.engine.execution.InvocationInterceptorChain.chainAndInvoke(InvocationInterceptorChain.java:45)
	at app//org.junit.jupiter.engine.execution.InvocationInterceptorChain.invoke(InvocationInterceptorChain.java:37)
	at app//org.junit.jupiter.engine.execution.InterceptingExecutableInvoker.invoke(InterceptingExecutableInvoker.java:92)
	at app//org.junit.jupiter.engine.execution.InterceptingExecutableInvoker.invoke(InterceptingExecutableInvoker.java:86)
	at app//org.junit.jupiter.engine.descriptor.TestMethodTestDescriptor.lambda$invokeTestMethod$7(TestMethodTestDescriptor.java:217)
	at app//org.junit.platform.engine.support.hierarchical.ThrowableCollector.execute(ThrowableCollector.java:73)
	at app//org.junit.jupiter.engine.descriptor.TestMethodTestDescriptor.invokeTestMethod(TestMethodTestDescriptor.java:213)
	at app//org.junit.jupiter.engine.descriptor.TestMethodTestDescriptor.execute(TestMethodTestDescriptor.java:138)
	at app//org.junit.jupiter.engine.descriptor.TestMethodTestDescriptor.execute(TestMethodTestDescriptor.java:68)
	at app//org.junit.platform.engine.support.hierarchical.NodeTestTask.lambda$executeRecursively$6(NodeTestTask.java:151)
	at app//org.junit.platform.engine.support.hierarchical.ThrowableCollector.execute(ThrowableCollector.java:73)
	at app//org.junit.platform.engine.support.hierarchical.NodeTestTask.lambda$executeRecursively$8(NodeTestTask.java:141)
	at app//org.junit.platform.engine.support.hierarchical.Node.around(Node.java:137)
	at app//org.junit.platform.engine.support.hierarchical.NodeTestTask.lambda$executeRecursively$9(NodeTestTask.java:139)
	at app//org.junit.platform.engine.support.hierarchical.ThrowableCollector.execute(ThrowableCollector.java:73)
	at app//org.junit.platform.engine.support.hierarchical.NodeTestTask.executeRecursively(NodeTestTask.java:138)
	at app//org.junit.platform.engine.support.hierarchical.NodeTestTask.execute(NodeTestTask.java:95)
	at java.base@17.0.7/java.util.ArrayList.forEach(ArrayList.java:1511)
	at app//org.junit.platform.engine.support.hierarchical.SameThreadHierarchicalTestExecutorService.invokeAll(SameThreadHierarchicalTestExecutorService.java:41)
	at app//org.junit.platform.engine.support.hierarchical.NodeTestTask.lambda$executeRecursively$6(NodeTestTask.java:155)
	at app//org.junit.platform.engine.support.hierarchical.ThrowableCollector.execute(ThrowableCollector.java:73)
	at app//org.junit.platform.engine.support.hierarchical.NodeTestTask.lambda$executeRecursively$8(NodeTestTask.java:141)
	at app//org.junit.platform.engine.support.hierarchical.Node.around(Node.java:137)
	at app//org.junit.platform.engine.support.hierarchical.NodeTestTask.lambda$executeRecursively$9(NodeTestTask.java:139)
	at app//org.junit.platform.engine.support.hierarchical.ThrowableCollector.execute(ThrowableCollector.java:73)
	at app//org.junit.platform.engine.support.hierarchical.NodeTestTask.executeRecursively(NodeTestTask.java:138)
	at app//org.junit.platform.engine.support.hierarchical.NodeTestTask.execute(NodeTestTask.java:95)
	at java.base@17.0.7/java.util.ArrayList.forEach(ArrayList.java:1511)
	at app//org.junit.platform.engine.support.hierarchical.SameThreadHierarchicalTestExecutorService.invokeAll(SameThreadHierarchicalTestExecutorService.java:41)
	at app//org.junit.platform.engine.support.hierarchical.NodeTestTask.lambda$executeRecursively$6(NodeTestTask.java:155)
	at app//org.junit.platform.engine.support.hierarchical.ThrowableCollector.execute(ThrowableCollector.java:73)
	at app//org.junit.platform.engine.support.hierarchical.NodeTestTask.lambda$executeRecursively$8(NodeTestTask.java:141)
	at app//org.junit.platform.engine.support.hierarchical.Node.around(Node.java:137)
	at app//org.junit.platform.engine.support.hierarchical.NodeTestTask.lambda$executeRecursively$9(NodeTestTask.java:139)
	at app//org.junit.platform.engine.support.hierarchical.ThrowableCollector.execute(ThrowableCollector.java:73)
	at app//org.junit.platform.engine.support.hierarchical.NodeTestTask.executeRecursively(NodeTestTask.java:138)
	at app//org.junit.platform.engine.support.hierarchical.NodeTestTask.execute(NodeTestTask.java:95)
	at app//org.junit.platform.engine.support.hierarchical.SameThreadHierarchicalTestExecutorService.submit(SameThreadHierarchicalTestExecutorService.java:35)
	at app//org.junit.platform.engine.support.hierarchical.HierarchicalTestExecutor.execute(HierarchicalTestExecutor.java:57)
	at app//org.junit.platform.engine.support.hierarchical.HierarchicalTestEngine.execute(HierarchicalTestEngine.java:54)
	at app//org.junit.platform.launcher.core.EngineExecutionOrchestrator.execute(EngineExecutionOrchestrator.java:107)
	at app//org.junit.platform.launcher.core.EngineExecutionOrchestrator.execute(EngineExecutionOrchestrator.java:88)
	at app//org.junit.platform.launcher.core.EngineExecutionOrchestrator.lambda$execute$0(EngineExecutionOrchestrator.java:54)
	at app//org.junit.platform.launcher.core.EngineExecutionOrchestrator.withInterceptedStreams(EngineExecutionOrchestrator.java:67)
	at app//org.junit.platform.launcher.core.EngineExecutionOrchestrator.execute(EngineExecutionOrchestrator.java:52)
	at app//org.junit.platform.launcher.core.DefaultLauncher.execute(DefaultLauncher.java:114)
	at app//org.junit.platform.launcher.core.DefaultLauncher.execute(DefaultLauncher.java:86)
	at app//org.junit.platform.launcher.core.DefaultLauncherSession$DelegatingLauncher.execute(DefaultLauncherSession.java:86)
	at org.gradle.api.internal.tasks.testing.junitplatform.JUnitPlatformTestClassProcessor$CollectAllTestClassesExecutor.processAllTestClasses(JUnitPlatformTestClassProcessor.java:110)
	at org.gradle.api.internal.tasks.testing.junitplatform.JUnitPlatformTestClassProcessor$CollectAllTestClassesExecutor.access$000(JUnitPlatformTestClassProcessor.java:90)
	at org.gradle.api.internal.tasks.testing.junitplatform.JUnitPlatformTestClassProcessor.stop(JUnitPlatformTestClassProcessor.java:85)
	at org.gradle.api.internal.tasks.testing.SuiteTestClassProcessor.stop(SuiteTestClassProcessor.java:62)
	at java.base@17.0.7/jdk.internal.reflect.NativeMethodAccessorImpl.invoke0(Native Method)
	at java.base@17.0.7/jdk.internal.reflect.NativeMethodAccessorImpl.invoke(NativeMethodAccessorImpl.java:77)
	at java.base@17.0.7/jdk.internal.reflect.DelegatingMethodAccessorImpl.invoke(DelegatingMethodAccessorImpl.java:43)
	at java.base@17.0.7/java.lang.reflect.Method.invoke(Method.java:568)
	at org.gradle.internal.dispatch.ReflectionDispatch.dispatch(ReflectionDispatch.java:36)
	at org.gradle.internal.dispatch.ReflectionDispatch.dispatch(ReflectionDispatch.java:24)
	at org.gradle.internal.dispatch.ContextClassLoaderDispatch.dispatch(ContextClassLoaderDispatch.java:33)
	at org.gradle.internal.dispatch.ProxyDispatchAdapter$DispatchingInvocationHandler.invoke(ProxyDispatchAdapter.java:94)
	at jdk.proxy2/jdk.proxy2.$Proxy5.stop(Unknown Source)
	at org.gradle.api.internal.tasks.testing.worker.TestWorker$3.run(TestWorker.java:193)
	at org.gradle.api.internal.tasks.testing.worker.TestWorker.executeAndMaintainThreadName(TestWorker.java:129)
	at org.gradle.api.internal.tasks.testing.worker.TestWorker.execute(TestWorker.java:100)
	at org.gradle.api.internal.tasks.testing.worker.TestWorker.execute(TestWorker.java:60)
	at org.gradle.process.internal.worker.child.ActionExecutionWorker.execute(ActionExecutionWorker.java:56)
	at org.gradle.process.internal.worker.child.SystemApplicationClassLoaderWorker.call(SystemApplicationClassLoaderWorker.java:113)
	at org.gradle.process.internal.worker.child.SystemApplicationClassLoaderWorker.call(SystemApplicationClassLoaderWorker.java:65)
	at app//worker.org.gradle.process.internal.worker.GradleWorkerMain.run(GradleWorkerMain.java:69)
	at app//worker.org.gradle.process.internal.worker.GradleWorkerMain.main(GradleWorkerMain.java:74)
Caused by: Contract not found: A[A::m(boolean)].JML operation contract.0 (file: src\test\resources\testcase\merge\A.differentVarsWithSameName.MPS.cut.closed.proof; caused by: java.io.IOException: Contract not found: A[A::m(boolean)].JML operation contract.0)
	at app//de.uka.ilkd.key.control.AbstractUserInterfaceControl.load(AbstractUserInterfaceControl.java:225)
	at app//de.uka.ilkd.key.control.KeYEnvironment.load(KeYEnvironment.java:282)
	at app//de.uka.ilkd.key.control.KeYEnvironment.load(KeYEnvironment.java:251)
	at app//de.uka.ilkd.key.control.KeYEnvironment.load(KeYEnvironment.java:225)
	at app//de.uka.ilkd.key.rule.merge.MergeRuleTests.loadProof(MergeRuleTests.java:319)
	... 85 more
Caused by: java.io.IOException: Contract not found: A[A::m(boolean)].JML operation contract.0
	at de.uka.ilkd.key.proof.init.FunctionalOperationContractPO.loadFrom(FunctionalOperationContractPO.java:379)
	at java.base/jdk.internal.reflect.NativeMethodAccessorImpl.invoke0(Native Method)
	at java.base/jdk.internal.reflect.NativeMethodAccessorImpl.invoke(NativeMethodAccessorImpl.java:77)
	at java.base/jdk.internal.reflect.DelegatingMethodAccessorImpl.invoke(DelegatingMethodAccessorImpl.java:43)
	at java.base/java.lang.reflect.Method.invoke(Method.java:568)
	at de.uka.ilkd.key.proof.io.AbstractProblemLoader.createProofObligationContainer(AbstractProblemLoader.java:628)
	at de.uka.ilkd.key.proof.io.AbstractProblemLoader.load(AbstractProblemLoader.java:278)
	at de.uka.ilkd.key.proof.io.AbstractProblemLoader.load(AbstractProblemLoader.java:257)
	at de.uka.ilkd.key.control.AbstractUserInterfaceControl.load(AbstractUserInterfaceControl.java:212)
	... 89 more
</failure>
  </testcase>
  <testcase name="testDoAutomaticGcdProofWithMergePointStatementAndBlockContract()" classname="de.uka.ilkd.key.rule.merge.MergeRuleTests" time="0.629">
    <failure message="org.opentest4j.AssertionFailedError: Proof could not be loaded" type="org.opentest4j.AssertionFailedError">org.opentest4j.AssertionFailedError: Proof could not be loaded
	at app//org.junit.jupiter.api.AssertionUtils.fail(AssertionUtils.java:42)
	at app//org.junit.jupiter.api.Assertions.fail(Assertions.java:147)
	at app//de.uka.ilkd.key.rule.merge.MergeRuleTests.loadProof(MergeRuleTests.java:326)
	at app//de.uka.ilkd.key.rule.merge.MergeRuleTests.testDoAutomaticGcdProofWithMergePointStatementAndBlockContract(MergeRuleTests.java:125)
	at java.base@17.0.7/jdk.internal.reflect.NativeMethodAccessorImpl.invoke0(Native Method)
	at java.base@17.0.7/jdk.internal.reflect.NativeMethodAccessorImpl.invoke(NativeMethodAccessorImpl.java:77)
	at java.base@17.0.7/jdk.internal.reflect.DelegatingMethodAccessorImpl.invoke(DelegatingMethodAccessorImpl.java:43)
	at java.base@17.0.7/java.lang.reflect.Method.invoke(Method.java:568)
	at app//org.junit.platform.commons.util.ReflectionUtils.invokeMethod(ReflectionUtils.java:727)
	at app//org.junit.jupiter.engine.execution.MethodInvocation.proceed(MethodInvocation.java:60)
	at app//org.junit.jupiter.engine.execution.InvocationInterceptorChain$ValidatingInvocation.proceed(InvocationInterceptorChain.java:131)
	at app//org.junit.jupiter.engine.extension.TimeoutExtension.intercept(TimeoutExtension.java:156)
	at app//org.junit.jupiter.engine.extension.TimeoutExtension.interceptTestableMethod(TimeoutExtension.java:147)
	at app//org.junit.jupiter.engine.extension.TimeoutExtension.interceptTestMethod(TimeoutExtension.java:86)
	at app//org.junit.jupiter.engine.execution.InterceptingExecutableInvoker$ReflectiveInterceptorCall.lambda$ofVoidMethod$0(InterceptingExecutableInvoker.java:103)
	at app//org.junit.jupiter.engine.execution.InterceptingExecutableInvoker.lambda$invoke$0(InterceptingExecutableInvoker.java:93)
	at app//org.junit.jupiter.engine.execution.InvocationInterceptorChain$InterceptedInvocation.proceed(InvocationInterceptorChain.java:106)
	at app//org.junit.jupiter.engine.execution.InvocationInterceptorChain.proceed(InvocationInterceptorChain.java:64)
	at app//org.junit.jupiter.engine.execution.InvocationInterceptorChain.chainAndInvoke(InvocationInterceptorChain.java:45)
	at app//org.junit.jupiter.engine.execution.InvocationInterceptorChain.invoke(InvocationInterceptorChain.java:37)
	at app//org.junit.jupiter.engine.execution.InterceptingExecutableInvoker.invoke(InterceptingExecutableInvoker.java:92)
	at app//org.junit.jupiter.engine.execution.InterceptingExecutableInvoker.invoke(InterceptingExecutableInvoker.java:86)
	at app//org.junit.jupiter.engine.descriptor.TestMethodTestDescriptor.lambda$invokeTestMethod$7(TestMethodTestDescriptor.java:217)
	at app//org.junit.platform.engine.support.hierarchical.ThrowableCollector.execute(ThrowableCollector.java:73)
	at app//org.junit.jupiter.engine.descriptor.TestMethodTestDescriptor.invokeTestMethod(TestMethodTestDescriptor.java:213)
	at app//org.junit.jupiter.engine.descriptor.TestMethodTestDescriptor.execute(TestMethodTestDescriptor.java:138)
	at app//org.junit.jupiter.engine.descriptor.TestMethodTestDescriptor.execute(TestMethodTestDescriptor.java:68)
	at app//org.junit.platform.engine.support.hierarchical.NodeTestTask.lambda$executeRecursively$6(NodeTestTask.java:151)
	at app//org.junit.platform.engine.support.hierarchical.ThrowableCollector.execute(ThrowableCollector.java:73)
	at app//org.junit.platform.engine.support.hierarchical.NodeTestTask.lambda$executeRecursively$8(NodeTestTask.java:141)
	at app//org.junit.platform.engine.support.hierarchical.Node.around(Node.java:137)
	at app//org.junit.platform.engine.support.hierarchical.NodeTestTask.lambda$executeRecursively$9(NodeTestTask.java:139)
	at app//org.junit.platform.engine.support.hierarchical.ThrowableCollector.execute(ThrowableCollector.java:73)
	at app//org.junit.platform.engine.support.hierarchical.NodeTestTask.executeRecursively(NodeTestTask.java:138)
	at app//org.junit.platform.engine.support.hierarchical.NodeTestTask.execute(NodeTestTask.java:95)
	at java.base@17.0.7/java.util.ArrayList.forEach(ArrayList.java:1511)
	at app//org.junit.platform.engine.support.hierarchical.SameThreadHierarchicalTestExecutorService.invokeAll(SameThreadHierarchicalTestExecutorService.java:41)
	at app//org.junit.platform.engine.support.hierarchical.NodeTestTask.lambda$executeRecursively$6(NodeTestTask.java:155)
	at app//org.junit.platform.engine.support.hierarchical.ThrowableCollector.execute(ThrowableCollector.java:73)
	at app//org.junit.platform.engine.support.hierarchical.NodeTestTask.lambda$executeRecursively$8(NodeTestTask.java:141)
	at app//org.junit.platform.engine.support.hierarchical.Node.around(Node.java:137)
	at app//org.junit.platform.engine.support.hierarchical.NodeTestTask.lambda$executeRecursively$9(NodeTestTask.java:139)
	at app//org.junit.platform.engine.support.hierarchical.ThrowableCollector.execute(ThrowableCollector.java:73)
	at app//org.junit.platform.engine.support.hierarchical.NodeTestTask.executeRecursively(NodeTestTask.java:138)
	at app//org.junit.platform.engine.support.hierarchical.NodeTestTask.execute(NodeTestTask.java:95)
	at java.base@17.0.7/java.util.ArrayList.forEach(ArrayList.java:1511)
	at app//org.junit.platform.engine.support.hierarchical.SameThreadHierarchicalTestExecutorService.invokeAll(SameThreadHierarchicalTestExecutorService.java:41)
	at app//org.junit.platform.engine.support.hierarchical.NodeTestTask.lambda$executeRecursively$6(NodeTestTask.java:155)
	at app//org.junit.platform.engine.support.hierarchical.ThrowableCollector.execute(ThrowableCollector.java:73)
	at app//org.junit.platform.engine.support.hierarchical.NodeTestTask.lambda$executeRecursively$8(NodeTestTask.java:141)
	at app//org.junit.platform.engine.support.hierarchical.Node.around(Node.java:137)
	at app//org.junit.platform.engine.support.hierarchical.NodeTestTask.lambda$executeRecursively$9(NodeTestTask.java:139)
	at app//org.junit.platform.engine.support.hierarchical.ThrowableCollector.execute(ThrowableCollector.java:73)
	at app//org.junit.platform.engine.support.hierarchical.NodeTestTask.executeRecursively(NodeTestTask.java:138)
	at app//org.junit.platform.engine.support.hierarchical.NodeTestTask.execute(NodeTestTask.java:95)
	at app//org.junit.platform.engine.support.hierarchical.SameThreadHierarchicalTestExecutorService.submit(SameThreadHierarchicalTestExecutorService.java:35)
	at app//org.junit.platform.engine.support.hierarchical.HierarchicalTestExecutor.execute(HierarchicalTestExecutor.java:57)
	at app//org.junit.platform.engine.support.hierarchical.HierarchicalTestEngine.execute(HierarchicalTestEngine.java:54)
	at app//org.junit.platform.launcher.core.EngineExecutionOrchestrator.execute(EngineExecutionOrchestrator.java:107)
	at app//org.junit.platform.launcher.core.EngineExecutionOrchestrator.execute(EngineExecutionOrchestrator.java:88)
	at app//org.junit.platform.launcher.core.EngineExecutionOrchestrator.lambda$execute$0(EngineExecutionOrchestrator.java:54)
	at app//org.junit.platform.launcher.core.EngineExecutionOrchestrator.withInterceptedStreams(EngineExecutionOrchestrator.java:67)
	at app//org.junit.platform.launcher.core.EngineExecutionOrchestrator.execute(EngineExecutionOrchestrator.java:52)
	at app//org.junit.platform.launcher.core.DefaultLauncher.execute(DefaultLauncher.java:114)
	at app//org.junit.platform.launcher.core.DefaultLauncher.execute(DefaultLauncher.java:86)
	at app//org.junit.platform.launcher.core.DefaultLauncherSession$DelegatingLauncher.execute(DefaultLauncherSession.java:86)
	at org.gradle.api.internal.tasks.testing.junitplatform.JUnitPlatformTestClassProcessor$CollectAllTestClassesExecutor.processAllTestClasses(JUnitPlatformTestClassProcessor.java:110)
	at org.gradle.api.internal.tasks.testing.junitplatform.JUnitPlatformTestClassProcessor$CollectAllTestClassesExecutor.access$000(JUnitPlatformTestClassProcessor.java:90)
	at org.gradle.api.internal.tasks.testing.junitplatform.JUnitPlatformTestClassProcessor.stop(JUnitPlatformTestClassProcessor.java:85)
	at org.gradle.api.internal.tasks.testing.SuiteTestClassProcessor.stop(SuiteTestClassProcessor.java:62)
	at java.base@17.0.7/jdk.internal.reflect.NativeMethodAccessorImpl.invoke0(Native Method)
	at java.base@17.0.7/jdk.internal.reflect.NativeMethodAccessorImpl.invoke(NativeMethodAccessorImpl.java:77)
	at java.base@17.0.7/jdk.internal.reflect.DelegatingMethodAccessorImpl.invoke(DelegatingMethodAccessorImpl.java:43)
	at java.base@17.0.7/java.lang.reflect.Method.invoke(Method.java:568)
	at org.gradle.internal.dispatch.ReflectionDispatch.dispatch(ReflectionDispatch.java:36)
	at org.gradle.internal.dispatch.ReflectionDispatch.dispatch(ReflectionDispatch.java:24)
	at org.gradle.internal.dispatch.ContextClassLoaderDispatch.dispatch(ContextClassLoaderDispatch.java:33)
	at org.gradle.internal.dispatch.ProxyDispatchAdapter$DispatchingInvocationHandler.invoke(ProxyDispatchAdapter.java:94)
	at jdk.proxy2/jdk.proxy2.$Proxy5.stop(Unknown Source)
	at org.gradle.api.internal.tasks.testing.worker.TestWorker$3.run(TestWorker.java:193)
	at org.gradle.api.internal.tasks.testing.worker.TestWorker.executeAndMaintainThreadName(TestWorker.java:129)
	at org.gradle.api.internal.tasks.testing.worker.TestWorker.execute(TestWorker.java:100)
	at org.gradle.api.internal.tasks.testing.worker.TestWorker.execute(TestWorker.java:60)
	at org.gradle.process.internal.worker.child.ActionExecutionWorker.execute(ActionExecutionWorker.java:56)
	at org.gradle.process.internal.worker.child.SystemApplicationClassLoaderWorker.call(SystemApplicationClassLoaderWorker.java:113)
	at org.gradle.process.internal.worker.child.SystemApplicationClassLoaderWorker.call(SystemApplicationClassLoaderWorker.java:65)
	at app//worker.org.gradle.process.internal.worker.GradleWorkerMain.run(GradleWorkerMain.java:69)
	at app//worker.org.gradle.process.internal.worker.GradleWorkerMain.main(GradleWorkerMain.java:74)
Caused by: Contract not found: Gcd[Gcd::gcdMPSAndBlockContract(int,int)].JML normal_behavior operation contract.0 (file: src\test\resources\testcase\merge\gcd.MPSAndBlockContract.key; caused by: java.io.IOException: Contract not found: Gcd[Gcd::gcdMPSAndBlockContract(int,int)].JML normal_behavior operation contract.0)
	at app//de.uka.ilkd.key.control.AbstractUserInterfaceControl.load(AbstractUserInterfaceControl.java:225)
	at app//de.uka.ilkd.key.control.KeYEnvironment.load(KeYEnvironment.java:282)
	at app//de.uka.ilkd.key.control.KeYEnvironment.load(KeYEnvironment.java:251)
	at app//de.uka.ilkd.key.control.KeYEnvironment.load(KeYEnvironment.java:225)
	at app//de.uka.ilkd.key.rule.merge.MergeRuleTests.loadProof(MergeRuleTests.java:319)
	... 85 more
Caused by: java.io.IOException: Contract not found: Gcd[Gcd::gcdMPSAndBlockContract(int,int)].JML normal_behavior operation contract.0
	at de.uka.ilkd.key.proof.init.FunctionalOperationContractPO.loadFrom(FunctionalOperationContractPO.java:379)
	at java.base/jdk.internal.reflect.NativeMethodAccessorImpl.invoke0(Native Method)
	at java.base/jdk.internal.reflect.NativeMethodAccessorImpl.invoke(NativeMethodAccessorImpl.java:77)
	at java.base/jdk.internal.reflect.DelegatingMethodAccessorImpl.invoke(DelegatingMethodAccessorImpl.java:43)
	at java.base/java.lang.reflect.Method.invoke(Method.java:568)
	at de.uka.ilkd.key.proof.io.AbstractProblemLoader.createProofObligationContainer(AbstractProblemLoader.java:628)
	at de.uka.ilkd.key.proof.io.AbstractProblemLoader.load(AbstractProblemLoader.java:278)
	at de.uka.ilkd.key.proof.io.AbstractProblemLoader.load(AbstractProblemLoader.java:257)
	at de.uka.ilkd.key.control.AbstractUserInterfaceControl.load(AbstractUserInterfaceControl.java:212)
	... 89 more
</failure>
  </testcase>
  <testcase name="testLoadGcdProofWithPredAbstrAndUserChoices()" classname="de.uka.ilkd.key.rule.merge.MergeRuleTests" time="0.559">
    <failure message="org.opentest4j.AssertionFailedError: Proof could not be loaded" type="org.opentest4j.AssertionFailedError">org.opentest4j.AssertionFailedError: Proof could not be loaded
	at app//org.junit.jupiter.api.AssertionUtils.fail(AssertionUtils.java:42)
	at app//org.junit.jupiter.api.Assertions.fail(Assertions.java:147)
	at app//de.uka.ilkd.key.rule.merge.MergeRuleTests.loadProof(MergeRuleTests.java:326)
	at app//de.uka.ilkd.key.rule.merge.MergeRuleTests.testLoadGcdProofWithPredAbstrAndUserChoices(MergeRuleTests.java:72)
	at java.base@17.0.7/jdk.internal.reflect.NativeMethodAccessorImpl.invoke0(Native Method)
	at java.base@17.0.7/jdk.internal.reflect.NativeMethodAccessorImpl.invoke(NativeMethodAccessorImpl.java:77)
	at java.base@17.0.7/jdk.internal.reflect.DelegatingMethodAccessorImpl.invoke(DelegatingMethodAccessorImpl.java:43)
	at java.base@17.0.7/java.lang.reflect.Method.invoke(Method.java:568)
	at app//org.junit.platform.commons.util.ReflectionUtils.invokeMethod(ReflectionUtils.java:727)
	at app//org.junit.jupiter.engine.execution.MethodInvocation.proceed(MethodInvocation.java:60)
	at app//org.junit.jupiter.engine.execution.InvocationInterceptorChain$ValidatingInvocation.proceed(InvocationInterceptorChain.java:131)
	at app//org.junit.jupiter.engine.extension.TimeoutExtension.intercept(TimeoutExtension.java:156)
	at app//org.junit.jupiter.engine.extension.TimeoutExtension.interceptTestableMethod(TimeoutExtension.java:147)
	at app//org.junit.jupiter.engine.extension.TimeoutExtension.interceptTestMethod(TimeoutExtension.java:86)
	at app//org.junit.jupiter.engine.execution.InterceptingExecutableInvoker$ReflectiveInterceptorCall.lambda$ofVoidMethod$0(InterceptingExecutableInvoker.java:103)
	at app//org.junit.jupiter.engine.execution.InterceptingExecutableInvoker.lambda$invoke$0(InterceptingExecutableInvoker.java:93)
	at app//org.junit.jupiter.engine.execution.InvocationInterceptorChain$InterceptedInvocation.proceed(InvocationInterceptorChain.java:106)
	at app//org.junit.jupiter.engine.execution.InvocationInterceptorChain.proceed(InvocationInterceptorChain.java:64)
	at app//org.junit.jupiter.engine.execution.InvocationInterceptorChain.chainAndInvoke(InvocationInterceptorChain.java:45)
	at app//org.junit.jupiter.engine.execution.InvocationInterceptorChain.invoke(InvocationInterceptorChain.java:37)
	at app//org.junit.jupiter.engine.execution.InterceptingExecutableInvoker.invoke(InterceptingExecutableInvoker.java:92)
	at app//org.junit.jupiter.engine.execution.InterceptingExecutableInvoker.invoke(InterceptingExecutableInvoker.java:86)
	at app//org.junit.jupiter.engine.descriptor.TestMethodTestDescriptor.lambda$invokeTestMethod$7(TestMethodTestDescriptor.java:217)
	at app//org.junit.platform.engine.support.hierarchical.ThrowableCollector.execute(ThrowableCollector.java:73)
	at app//org.junit.jupiter.engine.descriptor.TestMethodTestDescriptor.invokeTestMethod(TestMethodTestDescriptor.java:213)
	at app//org.junit.jupiter.engine.descriptor.TestMethodTestDescriptor.execute(TestMethodTestDescriptor.java:138)
	at app//org.junit.jupiter.engine.descriptor.TestMethodTestDescriptor.execute(TestMethodTestDescriptor.java:68)
	at app//org.junit.platform.engine.support.hierarchical.NodeTestTask.lambda$executeRecursively$6(NodeTestTask.java:151)
	at app//org.junit.platform.engine.support.hierarchical.ThrowableCollector.execute(ThrowableCollector.java:73)
	at app//org.junit.platform.engine.support.hierarchical.NodeTestTask.lambda$executeRecursively$8(NodeTestTask.java:141)
	at app//org.junit.platform.engine.support.hierarchical.Node.around(Node.java:137)
	at app//org.junit.platform.engine.support.hierarchical.NodeTestTask.lambda$executeRecursively$9(NodeTestTask.java:139)
	at app//org.junit.platform.engine.support.hierarchical.ThrowableCollector.execute(ThrowableCollector.java:73)
	at app//org.junit.platform.engine.support.hierarchical.NodeTestTask.executeRecursively(NodeTestTask.java:138)
	at app//org.junit.platform.engine.support.hierarchical.NodeTestTask.execute(NodeTestTask.java:95)
	at java.base@17.0.7/java.util.ArrayList.forEach(ArrayList.java:1511)
	at app//org.junit.platform.engine.support.hierarchical.SameThreadHierarchicalTestExecutorService.invokeAll(SameThreadHierarchicalTestExecutorService.java:41)
	at app//org.junit.platform.engine.support.hierarchical.NodeTestTask.lambda$executeRecursively$6(NodeTestTask.java:155)
	at app//org.junit.platform.engine.support.hierarchical.ThrowableCollector.execute(ThrowableCollector.java:73)
	at app//org.junit.platform.engine.support.hierarchical.NodeTestTask.lambda$executeRecursively$8(NodeTestTask.java:141)
	at app//org.junit.platform.engine.support.hierarchical.Node.around(Node.java:137)
	at app//org.junit.platform.engine.support.hierarchical.NodeTestTask.lambda$executeRecursively$9(NodeTestTask.java:139)
	at app//org.junit.platform.engine.support.hierarchical.ThrowableCollector.execute(ThrowableCollector.java:73)
	at app//org.junit.platform.engine.support.hierarchical.NodeTestTask.executeRecursively(NodeTestTask.java:138)
	at app//org.junit.platform.engine.support.hierarchical.NodeTestTask.execute(NodeTestTask.java:95)
	at java.base@17.0.7/java.util.ArrayList.forEach(ArrayList.java:1511)
	at app//org.junit.platform.engine.support.hierarchical.SameThreadHierarchicalTestExecutorService.invokeAll(SameThreadHierarchicalTestExecutorService.java:41)
	at app//org.junit.platform.engine.support.hierarchical.NodeTestTask.lambda$executeRecursively$6(NodeTestTask.java:155)
	at app//org.junit.platform.engine.support.hierarchical.ThrowableCollector.execute(ThrowableCollector.java:73)
	at app//org.junit.platform.engine.support.hierarchical.NodeTestTask.lambda$executeRecursively$8(NodeTestTask.java:141)
	at app//org.junit.platform.engine.support.hierarchical.Node.around(Node.java:137)
	at app//org.junit.platform.engine.support.hierarchical.NodeTestTask.lambda$executeRecursively$9(NodeTestTask.java:139)
	at app//org.junit.platform.engine.support.hierarchical.ThrowableCollector.execute(ThrowableCollector.java:73)
	at app//org.junit.platform.engine.support.hierarchical.NodeTestTask.executeRecursively(NodeTestTask.java:138)
	at app//org.junit.platform.engine.support.hierarchical.NodeTestTask.execute(NodeTestTask.java:95)
	at app//org.junit.platform.engine.support.hierarchical.SameThreadHierarchicalTestExecutorService.submit(SameThreadHierarchicalTestExecutorService.java:35)
	at app//org.junit.platform.engine.support.hierarchical.HierarchicalTestExecutor.execute(HierarchicalTestExecutor.java:57)
	at app//org.junit.platform.engine.support.hierarchical.HierarchicalTestEngine.execute(HierarchicalTestEngine.java:54)
	at app//org.junit.platform.launcher.core.EngineExecutionOrchestrator.execute(EngineExecutionOrchestrator.java:107)
	at app//org.junit.platform.launcher.core.EngineExecutionOrchestrator.execute(EngineExecutionOrchestrator.java:88)
	at app//org.junit.platform.launcher.core.EngineExecutionOrchestrator.lambda$execute$0(EngineExecutionOrchestrator.java:54)
	at app//org.junit.platform.launcher.core.EngineExecutionOrchestrator.withInterceptedStreams(EngineExecutionOrchestrator.java:67)
	at app//org.junit.platform.launcher.core.EngineExecutionOrchestrator.execute(EngineExecutionOrchestrator.java:52)
	at app//org.junit.platform.launcher.core.DefaultLauncher.execute(DefaultLauncher.java:114)
	at app//org.junit.platform.launcher.core.DefaultLauncher.execute(DefaultLauncher.java:86)
	at app//org.junit.platform.launcher.core.DefaultLauncherSession$DelegatingLauncher.execute(DefaultLauncherSession.java:86)
	at org.gradle.api.internal.tasks.testing.junitplatform.JUnitPlatformTestClassProcessor$CollectAllTestClassesExecutor.processAllTestClasses(JUnitPlatformTestClassProcessor.java:110)
	at org.gradle.api.internal.tasks.testing.junitplatform.JUnitPlatformTestClassProcessor$CollectAllTestClassesExecutor.access$000(JUnitPlatformTestClassProcessor.java:90)
	at org.gradle.api.internal.tasks.testing.junitplatform.JUnitPlatformTestClassProcessor.stop(JUnitPlatformTestClassProcessor.java:85)
	at org.gradle.api.internal.tasks.testing.SuiteTestClassProcessor.stop(SuiteTestClassProcessor.java:62)
	at java.base@17.0.7/jdk.internal.reflect.NativeMethodAccessorImpl.invoke0(Native Method)
	at java.base@17.0.7/jdk.internal.reflect.NativeMethodAccessorImpl.invoke(NativeMethodAccessorImpl.java:77)
	at java.base@17.0.7/jdk.internal.reflect.DelegatingMethodAccessorImpl.invoke(DelegatingMethodAccessorImpl.java:43)
	at java.base@17.0.7/java.lang.reflect.Method.invoke(Method.java:568)
	at org.gradle.internal.dispatch.ReflectionDispatch.dispatch(ReflectionDispatch.java:36)
	at org.gradle.internal.dispatch.ReflectionDispatch.dispatch(ReflectionDispatch.java:24)
	at org.gradle.internal.dispatch.ContextClassLoaderDispatch.dispatch(ContextClassLoaderDispatch.java:33)
	at org.gradle.internal.dispatch.ProxyDispatchAdapter$DispatchingInvocationHandler.invoke(ProxyDispatchAdapter.java:94)
	at jdk.proxy2/jdk.proxy2.$Proxy5.stop(Unknown Source)
	at org.gradle.api.internal.tasks.testing.worker.TestWorker$3.run(TestWorker.java:193)
	at org.gradle.api.internal.tasks.testing.worker.TestWorker.executeAndMaintainThreadName(TestWorker.java:129)
	at org.gradle.api.internal.tasks.testing.worker.TestWorker.execute(TestWorker.java:100)
	at org.gradle.api.internal.tasks.testing.worker.TestWorker.execute(TestWorker.java:60)
	at org.gradle.process.internal.worker.child.ActionExecutionWorker.execute(ActionExecutionWorker.java:56)
	at org.gradle.process.internal.worker.child.SystemApplicationClassLoaderWorker.call(SystemApplicationClassLoaderWorker.java:113)
	at org.gradle.process.internal.worker.child.SystemApplicationClassLoaderWorker.call(SystemApplicationClassLoaderWorker.java:65)
	at app//worker.org.gradle.process.internal.worker.GradleWorkerMain.run(GradleWorkerMain.java:69)
	at app//worker.org.gradle.process.internal.worker.GradleWorkerMain.main(GradleWorkerMain.java:74)
Caused by: Contract not found: Gcd[Gcd::gcd(int,int)].JML normal_behavior operation contract.0 (file: src\test\resources\testcase\merge\gcd.closed.predicateAbstractionWithUserChoices.proof; caused by: java.io.IOException: Contract not found: Gcd[Gcd::gcd(int,int)].JML normal_behavior operation contract.0)
	at app//de.uka.ilkd.key.control.AbstractUserInterfaceControl.load(AbstractUserInterfaceControl.java:225)
	at app//de.uka.ilkd.key.control.KeYEnvironment.load(KeYEnvironment.java:282)
	at app//de.uka.ilkd.key.control.KeYEnvironment.load(KeYEnvironment.java:251)
	at app//de.uka.ilkd.key.control.KeYEnvironment.load(KeYEnvironment.java:225)
	at app//de.uka.ilkd.key.rule.merge.MergeRuleTests.loadProof(MergeRuleTests.java:319)
	... 85 more
Caused by: java.io.IOException: Contract not found: Gcd[Gcd::gcd(int,int)].JML normal_behavior operation contract.0
	at de.uka.ilkd.key.proof.init.FunctionalOperationContractPO.loadFrom(FunctionalOperationContractPO.java:379)
	at java.base/jdk.internal.reflect.NativeMethodAccessorImpl.invoke0(Native Method)
	at java.base/jdk.internal.reflect.NativeMethodAccessorImpl.invoke(NativeMethodAccessorImpl.java:77)
	at java.base/jdk.internal.reflect.DelegatingMethodAccessorImpl.invoke(DelegatingMethodAccessorImpl.java:43)
	at java.base/java.lang.reflect.Method.invoke(Method.java:568)
	at de.uka.ilkd.key.proof.io.AbstractProblemLoader.createProofObligationContainer(AbstractProblemLoader.java:628)
	at de.uka.ilkd.key.proof.io.AbstractProblemLoader.load(AbstractProblemLoader.java:278)
	at de.uka.ilkd.key.proof.io.AbstractProblemLoader.load(AbstractProblemLoader.java:257)
	at de.uka.ilkd.key.control.AbstractUserInterfaceControl.load(AbstractUserInterfaceControl.java:212)
	... 89 more
</failure>
  </testcase>
  <testcase name="testLoadGcdProofWithPredAbstr()" classname="de.uka.ilkd.key.rule.merge.MergeRuleTests" time="0.445">
    <failure message="org.opentest4j.AssertionFailedError: Proof could not be loaded" type="org.opentest4j.AssertionFailedError">org.opentest4j.AssertionFailedError: Proof could not be loaded
	at app//org.junit.jupiter.api.AssertionUtils.fail(AssertionUtils.java:42)
	at app//org.junit.jupiter.api.Assertions.fail(Assertions.java:147)
	at app//de.uka.ilkd.key.rule.merge.MergeRuleTests.loadProof(MergeRuleTests.java:326)
	at app//de.uka.ilkd.key.rule.merge.MergeRuleTests.testLoadGcdProofWithPredAbstr(MergeRuleTests.java:59)
	at java.base@17.0.7/jdk.internal.reflect.NativeMethodAccessorImpl.invoke0(Native Method)
	at java.base@17.0.7/jdk.internal.reflect.NativeMethodAccessorImpl.invoke(NativeMethodAccessorImpl.java:77)
	at java.base@17.0.7/jdk.internal.reflect.DelegatingMethodAccessorImpl.invoke(DelegatingMethodAccessorImpl.java:43)
	at java.base@17.0.7/java.lang.reflect.Method.invoke(Method.java:568)
	at app//org.junit.platform.commons.util.ReflectionUtils.invokeMethod(ReflectionUtils.java:727)
	at app//org.junit.jupiter.engine.execution.MethodInvocation.proceed(MethodInvocation.java:60)
	at app//org.junit.jupiter.engine.execution.InvocationInterceptorChain$ValidatingInvocation.proceed(InvocationInterceptorChain.java:131)
	at app//org.junit.jupiter.engine.extension.TimeoutExtension.intercept(TimeoutExtension.java:156)
	at app//org.junit.jupiter.engine.extension.TimeoutExtension.interceptTestableMethod(TimeoutExtension.java:147)
	at app//org.junit.jupiter.engine.extension.TimeoutExtension.interceptTestMethod(TimeoutExtension.java:86)
	at app//org.junit.jupiter.engine.execution.InterceptingExecutableInvoker$ReflectiveInterceptorCall.lambda$ofVoidMethod$0(InterceptingExecutableInvoker.java:103)
	at app//org.junit.jupiter.engine.execution.InterceptingExecutableInvoker.lambda$invoke$0(InterceptingExecutableInvoker.java:93)
	at app//org.junit.jupiter.engine.execution.InvocationInterceptorChain$InterceptedInvocation.proceed(InvocationInterceptorChain.java:106)
	at app//org.junit.jupiter.engine.execution.InvocationInterceptorChain.proceed(InvocationInterceptorChain.java:64)
	at app//org.junit.jupiter.engine.execution.InvocationInterceptorChain.chainAndInvoke(InvocationInterceptorChain.java:45)
	at app//org.junit.jupiter.engine.execution.InvocationInterceptorChain.invoke(InvocationInterceptorChain.java:37)
	at app//org.junit.jupiter.engine.execution.InterceptingExecutableInvoker.invoke(InterceptingExecutableInvoker.java:92)
	at app//org.junit.jupiter.engine.execution.InterceptingExecutableInvoker.invoke(InterceptingExecutableInvoker.java:86)
	at app//org.junit.jupiter.engine.descriptor.TestMethodTestDescriptor.lambda$invokeTestMethod$7(TestMethodTestDescriptor.java:217)
	at app//org.junit.platform.engine.support.hierarchical.ThrowableCollector.execute(ThrowableCollector.java:73)
	at app//org.junit.jupiter.engine.descriptor.TestMethodTestDescriptor.invokeTestMethod(TestMethodTestDescriptor.java:213)
	at app//org.junit.jupiter.engine.descriptor.TestMethodTestDescriptor.execute(TestMethodTestDescriptor.java:138)
	at app//org.junit.jupiter.engine.descriptor.TestMethodTestDescriptor.execute(TestMethodTestDescriptor.java:68)
	at app//org.junit.platform.engine.support.hierarchical.NodeTestTask.lambda$executeRecursively$6(NodeTestTask.java:151)
	at app//org.junit.platform.engine.support.hierarchical.ThrowableCollector.execute(ThrowableCollector.java:73)
	at app//org.junit.platform.engine.support.hierarchical.NodeTestTask.lambda$executeRecursively$8(NodeTestTask.java:141)
	at app//org.junit.platform.engine.support.hierarchical.Node.around(Node.java:137)
	at app//org.junit.platform.engine.support.hierarchical.NodeTestTask.lambda$executeRecursively$9(NodeTestTask.java:139)
	at app//org.junit.platform.engine.support.hierarchical.ThrowableCollector.execute(ThrowableCollector.java:73)
	at app//org.junit.platform.engine.support.hierarchical.NodeTestTask.executeRecursively(NodeTestTask.java:138)
	at app//org.junit.platform.engine.support.hierarchical.NodeTestTask.execute(NodeTestTask.java:95)
	at java.base@17.0.7/java.util.ArrayList.forEach(ArrayList.java:1511)
	at app//org.junit.platform.engine.support.hierarchical.SameThreadHierarchicalTestExecutorService.invokeAll(SameThreadHierarchicalTestExecutorService.java:41)
	at app//org.junit.platform.engine.support.hierarchical.NodeTestTask.lambda$executeRecursively$6(NodeTestTask.java:155)
	at app//org.junit.platform.engine.support.hierarchical.ThrowableCollector.execute(ThrowableCollector.java:73)
	at app//org.junit.platform.engine.support.hierarchical.NodeTestTask.lambda$executeRecursively$8(NodeTestTask.java:141)
	at app//org.junit.platform.engine.support.hierarchical.Node.around(Node.java:137)
	at app//org.junit.platform.engine.support.hierarchical.NodeTestTask.lambda$executeRecursively$9(NodeTestTask.java:139)
	at app//org.junit.platform.engine.support.hierarchical.ThrowableCollector.execute(ThrowableCollector.java:73)
	at app//org.junit.platform.engine.support.hierarchical.NodeTestTask.executeRecursively(NodeTestTask.java:138)
	at app//org.junit.platform.engine.support.hierarchical.NodeTestTask.execute(NodeTestTask.java:95)
	at java.base@17.0.7/java.util.ArrayList.forEach(ArrayList.java:1511)
	at app//org.junit.platform.engine.support.hierarchical.SameThreadHierarchicalTestExecutorService.invokeAll(SameThreadHierarchicalTestExecutorService.java:41)
	at app//org.junit.platform.engine.support.hierarchical.NodeTestTask.lambda$executeRecursively$6(NodeTestTask.java:155)
	at app//org.junit.platform.engine.support.hierarchical.ThrowableCollector.execute(ThrowableCollector.java:73)
	at app//org.junit.platform.engine.support.hierarchical.NodeTestTask.lambda$executeRecursively$8(NodeTestTask.java:141)
	at app//org.junit.platform.engine.support.hierarchical.Node.around(Node.java:137)
	at app//org.junit.platform.engine.support.hierarchical.NodeTestTask.lambda$executeRecursively$9(NodeTestTask.java:139)
	at app//org.junit.platform.engine.support.hierarchical.ThrowableCollector.execute(ThrowableCollector.java:73)
	at app//org.junit.platform.engine.support.hierarchical.NodeTestTask.executeRecursively(NodeTestTask.java:138)
	at app//org.junit.platform.engine.support.hierarchical.NodeTestTask.execute(NodeTestTask.java:95)
	at app//org.junit.platform.engine.support.hierarchical.SameThreadHierarchicalTestExecutorService.submit(SameThreadHierarchicalTestExecutorService.java:35)
	at app//org.junit.platform.engine.support.hierarchical.HierarchicalTestExecutor.execute(HierarchicalTestExecutor.java:57)
	at app//org.junit.platform.engine.support.hierarchical.HierarchicalTestEngine.execute(HierarchicalTestEngine.java:54)
	at app//org.junit.platform.launcher.core.EngineExecutionOrchestrator.execute(EngineExecutionOrchestrator.java:107)
	at app//org.junit.platform.launcher.core.EngineExecutionOrchestrator.execute(EngineExecutionOrchestrator.java:88)
	at app//org.junit.platform.launcher.core.EngineExecutionOrchestrator.lambda$execute$0(EngineExecutionOrchestrator.java:54)
	at app//org.junit.platform.launcher.core.EngineExecutionOrchestrator.withInterceptedStreams(EngineExecutionOrchestrator.java:67)
	at app//org.junit.platform.launcher.core.EngineExecutionOrchestrator.execute(EngineExecutionOrchestrator.java:52)
	at app//org.junit.platform.launcher.core.DefaultLauncher.execute(DefaultLauncher.java:114)
	at app//org.junit.platform.launcher.core.DefaultLauncher.execute(DefaultLauncher.java:86)
	at app//org.junit.platform.launcher.core.DefaultLauncherSession$DelegatingLauncher.execute(DefaultLauncherSession.java:86)
	at org.gradle.api.internal.tasks.testing.junitplatform.JUnitPlatformTestClassProcessor$CollectAllTestClassesExecutor.processAllTestClasses(JUnitPlatformTestClassProcessor.java:110)
	at org.gradle.api.internal.tasks.testing.junitplatform.JUnitPlatformTestClassProcessor$CollectAllTestClassesExecutor.access$000(JUnitPlatformTestClassProcessor.java:90)
	at org.gradle.api.internal.tasks.testing.junitplatform.JUnitPlatformTestClassProcessor.stop(JUnitPlatformTestClassProcessor.java:85)
	at org.gradle.api.internal.tasks.testing.SuiteTestClassProcessor.stop(SuiteTestClassProcessor.java:62)
	at java.base@17.0.7/jdk.internal.reflect.NativeMethodAccessorImpl.invoke0(Native Method)
	at java.base@17.0.7/jdk.internal.reflect.NativeMethodAccessorImpl.invoke(NativeMethodAccessorImpl.java:77)
	at java.base@17.0.7/jdk.internal.reflect.DelegatingMethodAccessorImpl.invoke(DelegatingMethodAccessorImpl.java:43)
	at java.base@17.0.7/java.lang.reflect.Method.invoke(Method.java:568)
	at org.gradle.internal.dispatch.ReflectionDispatch.dispatch(ReflectionDispatch.java:36)
	at org.gradle.internal.dispatch.ReflectionDispatch.dispatch(ReflectionDispatch.java:24)
	at org.gradle.internal.dispatch.ContextClassLoaderDispatch.dispatch(ContextClassLoaderDispatch.java:33)
	at org.gradle.internal.dispatch.ProxyDispatchAdapter$DispatchingInvocationHandler.invoke(ProxyDispatchAdapter.java:94)
	at jdk.proxy2/jdk.proxy2.$Proxy5.stop(Unknown Source)
	at org.gradle.api.internal.tasks.testing.worker.TestWorker$3.run(TestWorker.java:193)
	at org.gradle.api.internal.tasks.testing.worker.TestWorker.executeAndMaintainThreadName(TestWorker.java:129)
	at org.gradle.api.internal.tasks.testing.worker.TestWorker.execute(TestWorker.java:100)
	at org.gradle.api.internal.tasks.testing.worker.TestWorker.execute(TestWorker.java:60)
	at org.gradle.process.internal.worker.child.ActionExecutionWorker.execute(ActionExecutionWorker.java:56)
	at org.gradle.process.internal.worker.child.SystemApplicationClassLoaderWorker.call(SystemApplicationClassLoaderWorker.java:113)
	at org.gradle.process.internal.worker.child.SystemApplicationClassLoaderWorker.call(SystemApplicationClassLoaderWorker.java:65)
	at app//worker.org.gradle.process.internal.worker.GradleWorkerMain.run(GradleWorkerMain.java:69)
	at app//worker.org.gradle.process.internal.worker.GradleWorkerMain.main(GradleWorkerMain.java:74)
Caused by: Contract not found: Gcd[Gcd::gcd(int,int)].JML normal_behavior operation contract.0 (file: src\test\resources\testcase\merge\gcd.closed.predicateabstraction.proof; caused by: java.io.IOException: Contract not found: Gcd[Gcd::gcd(int,int)].JML normal_behavior operation contract.0)
	at app//de.uka.ilkd.key.control.AbstractUserInterfaceControl.load(AbstractUserInterfaceControl.java:225)
	at app//de.uka.ilkd.key.control.KeYEnvironment.load(KeYEnvironment.java:282)
	at app//de.uka.ilkd.key.control.KeYEnvironment.load(KeYEnvironment.java:251)
	at app//de.uka.ilkd.key.control.KeYEnvironment.load(KeYEnvironment.java:225)
	at app//de.uka.ilkd.key.rule.merge.MergeRuleTests.loadProof(MergeRuleTests.java:319)
	... 85 more
Caused by: java.io.IOException: Contract not found: Gcd[Gcd::gcd(int,int)].JML normal_behavior operation contract.0
	at de.uka.ilkd.key.proof.init.FunctionalOperationContractPO.loadFrom(FunctionalOperationContractPO.java:379)
	at java.base/jdk.internal.reflect.NativeMethodAccessorImpl.invoke0(Native Method)
	at java.base/jdk.internal.reflect.NativeMethodAccessorImpl.invoke(NativeMethodAccessorImpl.java:77)
	at java.base/jdk.internal.reflect.DelegatingMethodAccessorImpl.invoke(DelegatingMethodAccessorImpl.java:43)
	at java.base/java.lang.reflect.Method.invoke(Method.java:568)
	at de.uka.ilkd.key.proof.io.AbstractProblemLoader.createProofObligationContainer(AbstractProblemLoader.java:628)
	at de.uka.ilkd.key.proof.io.AbstractProblemLoader.load(AbstractProblemLoader.java:278)
	at de.uka.ilkd.key.proof.io.AbstractProblemLoader.load(AbstractProblemLoader.java:257)
	at de.uka.ilkd.key.control.AbstractUserInterfaceControl.load(AbstractUserInterfaceControl.java:212)
	... 89 more
</failure>
  </testcase>
  <testcase name="testMergeThreeIndistinguishablePathConditionsWithITE()" classname="de.uka.ilkd.key.rule.merge.MergeRuleTests" time="0.41">
    <failure message="org.opentest4j.AssertionFailedError: Proof could not be loaded" type="org.opentest4j.AssertionFailedError">org.opentest4j.AssertionFailedError: Proof could not be loaded
	at app//org.junit.jupiter.api.AssertionUtils.fail(AssertionUtils.java:42)
	at app//org.junit.jupiter.api.Assertions.fail(Assertions.java:147)
	at app//de.uka.ilkd.key.rule.merge.MergeRuleTests.loadProof(MergeRuleTests.java:326)
	at app//de.uka.ilkd.key.rule.merge.MergeRuleTests.testMergeThreeIndistinguishablePathConditionsWithITE(MergeRuleTests.java:211)
	at java.base@17.0.7/jdk.internal.reflect.NativeMethodAccessorImpl.invoke0(Native Method)
	at java.base@17.0.7/jdk.internal.reflect.NativeMethodAccessorImpl.invoke(NativeMethodAccessorImpl.java:77)
	at java.base@17.0.7/jdk.internal.reflect.DelegatingMethodAccessorImpl.invoke(DelegatingMethodAccessorImpl.java:43)
	at java.base@17.0.7/java.lang.reflect.Method.invoke(Method.java:568)
	at app//org.junit.platform.commons.util.ReflectionUtils.invokeMethod(ReflectionUtils.java:727)
	at app//org.junit.jupiter.engine.execution.MethodInvocation.proceed(MethodInvocation.java:60)
	at app//org.junit.jupiter.engine.execution.InvocationInterceptorChain$ValidatingInvocation.proceed(InvocationInterceptorChain.java:131)
	at app//org.junit.jupiter.engine.extension.TimeoutExtension.intercept(TimeoutExtension.java:156)
	at app//org.junit.jupiter.engine.extension.TimeoutExtension.interceptTestableMethod(TimeoutExtension.java:147)
	at app//org.junit.jupiter.engine.extension.TimeoutExtension.interceptTestMethod(TimeoutExtension.java:86)
	at app//org.junit.jupiter.engine.execution.InterceptingExecutableInvoker$ReflectiveInterceptorCall.lambda$ofVoidMethod$0(InterceptingExecutableInvoker.java:103)
	at app//org.junit.jupiter.engine.execution.InterceptingExecutableInvoker.lambda$invoke$0(InterceptingExecutableInvoker.java:93)
	at app//org.junit.jupiter.engine.execution.InvocationInterceptorChain$InterceptedInvocation.proceed(InvocationInterceptorChain.java:106)
	at app//org.junit.jupiter.engine.execution.InvocationInterceptorChain.proceed(InvocationInterceptorChain.java:64)
	at app//org.junit.jupiter.engine.execution.InvocationInterceptorChain.chainAndInvoke(InvocationInterceptorChain.java:45)
	at app//org.junit.jupiter.engine.execution.InvocationInterceptorChain.invoke(InvocationInterceptorChain.java:37)
	at app//org.junit.jupiter.engine.execution.InterceptingExecutableInvoker.invoke(InterceptingExecutableInvoker.java:92)
	at app//org.junit.jupiter.engine.execution.InterceptingExecutableInvoker.invoke(InterceptingExecutableInvoker.java:86)
	at app//org.junit.jupiter.engine.descriptor.TestMethodTestDescriptor.lambda$invokeTestMethod$7(TestMethodTestDescriptor.java:217)
	at app//org.junit.platform.engine.support.hierarchical.ThrowableCollector.execute(ThrowableCollector.java:73)
	at app//org.junit.jupiter.engine.descriptor.TestMethodTestDescriptor.invokeTestMethod(TestMethodTestDescriptor.java:213)
	at app//org.junit.jupiter.engine.descriptor.TestMethodTestDescriptor.execute(TestMethodTestDescriptor.java:138)
	at app//org.junit.jupiter.engine.descriptor.TestMethodTestDescriptor.execute(TestMethodTestDescriptor.java:68)
	at app//org.junit.platform.engine.support.hierarchical.NodeTestTask.lambda$executeRecursively$6(NodeTestTask.java:151)
	at app//org.junit.platform.engine.support.hierarchical.ThrowableCollector.execute(ThrowableCollector.java:73)
	at app//org.junit.platform.engine.support.hierarchical.NodeTestTask.lambda$executeRecursively$8(NodeTestTask.java:141)
	at app//org.junit.platform.engine.support.hierarchical.Node.around(Node.java:137)
	at app//org.junit.platform.engine.support.hierarchical.NodeTestTask.lambda$executeRecursively$9(NodeTestTask.java:139)
	at app//org.junit.platform.engine.support.hierarchical.ThrowableCollector.execute(ThrowableCollector.java:73)
	at app//org.junit.platform.engine.support.hierarchical.NodeTestTask.executeRecursively(NodeTestTask.java:138)
	at app//org.junit.platform.engine.support.hierarchical.NodeTestTask.execute(NodeTestTask.java:95)
	at java.base@17.0.7/java.util.ArrayList.forEach(ArrayList.java:1511)
	at app//org.junit.platform.engine.support.hierarchical.SameThreadHierarchicalTestExecutorService.invokeAll(SameThreadHierarchicalTestExecutorService.java:41)
	at app//org.junit.platform.engine.support.hierarchical.NodeTestTask.lambda$executeRecursively$6(NodeTestTask.java:155)
	at app//org.junit.platform.engine.support.hierarchical.ThrowableCollector.execute(ThrowableCollector.java:73)
	at app//org.junit.platform.engine.support.hierarchical.NodeTestTask.lambda$executeRecursively$8(NodeTestTask.java:141)
	at app//org.junit.platform.engine.support.hierarchical.Node.around(Node.java:137)
	at app//org.junit.platform.engine.support.hierarchical.NodeTestTask.lambda$executeRecursively$9(NodeTestTask.java:139)
	at app//org.junit.platform.engine.support.hierarchical.ThrowableCollector.execute(ThrowableCollector.java:73)
	at app//org.junit.platform.engine.support.hierarchical.NodeTestTask.executeRecursively(NodeTestTask.java:138)
	at app//org.junit.platform.engine.support.hierarchical.NodeTestTask.execute(NodeTestTask.java:95)
	at java.base@17.0.7/java.util.ArrayList.forEach(ArrayList.java:1511)
	at app//org.junit.platform.engine.support.hierarchical.SameThreadHierarchicalTestExecutorService.invokeAll(SameThreadHierarchicalTestExecutorService.java:41)
	at app//org.junit.platform.engine.support.hierarchical.NodeTestTask.lambda$executeRecursively$6(NodeTestTask.java:155)
	at app//org.junit.platform.engine.support.hierarchical.ThrowableCollector.execute(ThrowableCollector.java:73)
	at app//org.junit.platform.engine.support.hierarchical.NodeTestTask.lambda$executeRecursively$8(NodeTestTask.java:141)
	at app//org.junit.platform.engine.support.hierarchical.Node.around(Node.java:137)
	at app//org.junit.platform.engine.support.hierarchical.NodeTestTask.lambda$executeRecursively$9(NodeTestTask.java:139)
	at app//org.junit.platform.engine.support.hierarchical.ThrowableCollector.execute(ThrowableCollector.java:73)
	at app//org.junit.platform.engine.support.hierarchical.NodeTestTask.executeRecursively(NodeTestTask.java:138)
	at app//org.junit.platform.engine.support.hierarchical.NodeTestTask.execute(NodeTestTask.java:95)
	at app//org.junit.platform.engine.support.hierarchical.SameThreadHierarchicalTestExecutorService.submit(SameThreadHierarchicalTestExecutorService.java:35)
	at app//org.junit.platform.engine.support.hierarchical.HierarchicalTestExecutor.execute(HierarchicalTestExecutor.java:57)
	at app//org.junit.platform.engine.support.hierarchical.HierarchicalTestEngine.execute(HierarchicalTestEngine.java:54)
	at app//org.junit.platform.launcher.core.EngineExecutionOrchestrator.execute(EngineExecutionOrchestrator.java:107)
	at app//org.junit.platform.launcher.core.EngineExecutionOrchestrator.execute(EngineExecutionOrchestrator.java:88)
	at app//org.junit.platform.launcher.core.EngineExecutionOrchestrator.lambda$execute$0(EngineExecutionOrchestrator.java:54)
	at app//org.junit.platform.launcher.core.EngineExecutionOrchestrator.withInterceptedStreams(EngineExecutionOrchestrator.java:67)
	at app//org.junit.platform.launcher.core.EngineExecutionOrchestrator.execute(EngineExecutionOrchestrator.java:52)
	at app//org.junit.platform.launcher.core.DefaultLauncher.execute(DefaultLauncher.java:114)
	at app//org.junit.platform.launcher.core.DefaultLauncher.execute(DefaultLauncher.java:86)
	at app//org.junit.platform.launcher.core.DefaultLauncherSession$DelegatingLauncher.execute(DefaultLauncherSession.java:86)
	at org.gradle.api.internal.tasks.testing.junitplatform.JUnitPlatformTestClassProcessor$CollectAllTestClassesExecutor.processAllTestClasses(JUnitPlatformTestClassProcessor.java:110)
	at org.gradle.api.internal.tasks.testing.junitplatform.JUnitPlatformTestClassProcessor$CollectAllTestClassesExecutor.access$000(JUnitPlatformTestClassProcessor.java:90)
	at org.gradle.api.internal.tasks.testing.junitplatform.JUnitPlatformTestClassProcessor.stop(JUnitPlatformTestClassProcessor.java:85)
	at org.gradle.api.internal.tasks.testing.SuiteTestClassProcessor.stop(SuiteTestClassProcessor.java:62)
	at java.base@17.0.7/jdk.internal.reflect.NativeMethodAccessorImpl.invoke0(Native Method)
	at java.base@17.0.7/jdk.internal.reflect.NativeMethodAccessorImpl.invoke(NativeMethodAccessorImpl.java:77)
	at java.base@17.0.7/jdk.internal.reflect.DelegatingMethodAccessorImpl.invoke(DelegatingMethodAccessorImpl.java:43)
	at java.base@17.0.7/java.lang.reflect.Method.invoke(Method.java:568)
	at org.gradle.internal.dispatch.ReflectionDispatch.dispatch(ReflectionDispatch.java:36)
	at org.gradle.internal.dispatch.ReflectionDispatch.dispatch(ReflectionDispatch.java:24)
	at org.gradle.internal.dispatch.ContextClassLoaderDispatch.dispatch(ContextClassLoaderDispatch.java:33)
	at org.gradle.internal.dispatch.ProxyDispatchAdapter$DispatchingInvocationHandler.invoke(ProxyDispatchAdapter.java:94)
	at jdk.proxy2/jdk.proxy2.$Proxy5.stop(Unknown Source)
	at org.gradle.api.internal.tasks.testing.worker.TestWorker$3.run(TestWorker.java:193)
	at org.gradle.api.internal.tasks.testing.worker.TestWorker.executeAndMaintainThreadName(TestWorker.java:129)
	at org.gradle.api.internal.tasks.testing.worker.TestWorker.execute(TestWorker.java:100)
	at org.gradle.api.internal.tasks.testing.worker.TestWorker.execute(TestWorker.java:60)
	at org.gradle.process.internal.worker.child.ActionExecutionWorker.execute(ActionExecutionWorker.java:56)
	at org.gradle.process.internal.worker.child.SystemApplicationClassLoaderWorker.call(SystemApplicationClassLoaderWorker.java:113)
	at org.gradle.process.internal.worker.child.SystemApplicationClassLoaderWorker.call(SystemApplicationClassLoaderWorker.java:65)
	at app//worker.org.gradle.process.internal.worker.GradleWorkerMain.run(GradleWorkerMain.java:69)
	at app//worker.org.gradle.process.internal.worker.GradleWorkerMain.main(GradleWorkerMain.java:74)
Caused by: Cannot invoke &quot;de.uka.ilkd.key.rule.Taclet.getChoices()&quot; because &quot;t&quot; is null (file: src\test\resources\testcase\merge\IndistinguishablePathConditions.twoJoins.proof; caused by: java.lang.NullPointerException: Cannot invoke &quot;de.uka.ilkd.key.rule.Taclet.getChoices()&quot; because &quot;t&quot; is null)
	at app//de.uka.ilkd.key.control.AbstractUserInterfaceControl.load(AbstractUserInterfaceControl.java:225)
	at app//de.uka.ilkd.key.control.KeYEnvironment.load(KeYEnvironment.java:282)
	at app//de.uka.ilkd.key.control.KeYEnvironment.load(KeYEnvironment.java:251)
	at app//de.uka.ilkd.key.control.KeYEnvironment.load(KeYEnvironment.java:225)
	at app//de.uka.ilkd.key.rule.merge.MergeRuleTests.loadProof(MergeRuleTests.java:319)
	... 85 more
Caused by: java.lang.NullPointerException: Cannot invoke &quot;de.uka.ilkd.key.rule.Taclet.getChoices()&quot; because &quot;t&quot; is null
	at de.uka.ilkd.key.proof.init.InitConfig.fillActiveTacletCache(InitConfig.java:260)
	at de.uka.ilkd.key.proof.init.InitConfig.activatedTaclets(InitConfig.java:242)
	at de.uka.ilkd.key.proof.init.InitConfig.createTacletIndex(InitConfig.java:321)
	at de.uka.ilkd.key.proof.Proof.&lt;init&gt;(Proof.java:236)
	at de.uka.ilkd.key.proof.init.KeYUserProblemFile.getPO(KeYUserProblemFile.java:165)
	at de.uka.ilkd.key.proof.init.ProblemInitializer.startProver(ProblemInitializer.java:585)
	at de.uka.ilkd.key.proof.io.AbstractProblemLoader.createProof(AbstractProblemLoader.java:661)
	at de.uka.ilkd.key.proof.io.AbstractProblemLoader.load(AbstractProblemLoader.java:286)
	at de.uka.ilkd.key.proof.io.AbstractProblemLoader.load(AbstractProblemLoader.java:257)
	at de.uka.ilkd.key.control.AbstractUserInterfaceControl.load(AbstractUserInterfaceControl.java:212)
	... 89 more
</failure>
  </testcase>
  <testcase name="testMergeIndistinguishablePathConditionsWithFullAnonymization()" classname="de.uka.ilkd.key.rule.merge.MergeRuleTests" time="0.378">
    <failure message="org.opentest4j.AssertionFailedError: Proof could not be loaded" type="org.opentest4j.AssertionFailedError">org.opentest4j.AssertionFailedError: Proof could not be loaded
	at app//org.junit.jupiter.api.AssertionUtils.fail(AssertionUtils.java:42)
	at app//org.junit.jupiter.api.Assertions.fail(Assertions.java:147)
	at app//de.uka.ilkd.key.rule.merge.MergeRuleTests.loadProof(MergeRuleTests.java:326)
	at app//de.uka.ilkd.key.rule.merge.MergeRuleTests.testMergeIndistinguishablePathConditionsWithFullAnonymization(MergeRuleTests.java:228)
	at java.base@17.0.7/jdk.internal.reflect.NativeMethodAccessorImpl.invoke0(Native Method)
	at java.base@17.0.7/jdk.internal.reflect.NativeMethodAccessorImpl.invoke(NativeMethodAccessorImpl.java:77)
	at java.base@17.0.7/jdk.internal.reflect.DelegatingMethodAccessorImpl.invoke(DelegatingMethodAccessorImpl.java:43)
	at java.base@17.0.7/java.lang.reflect.Method.invoke(Method.java:568)
	at app//org.junit.platform.commons.util.ReflectionUtils.invokeMethod(ReflectionUtils.java:727)
	at app//org.junit.jupiter.engine.execution.MethodInvocation.proceed(MethodInvocation.java:60)
	at app//org.junit.jupiter.engine.execution.InvocationInterceptorChain$ValidatingInvocation.proceed(InvocationInterceptorChain.java:131)
	at app//org.junit.jupiter.engine.extension.TimeoutExtension.intercept(TimeoutExtension.java:156)
	at app//org.junit.jupiter.engine.extension.TimeoutExtension.interceptTestableMethod(TimeoutExtension.java:147)
	at app//org.junit.jupiter.engine.extension.TimeoutExtension.interceptTestMethod(TimeoutExtension.java:86)
	at app//org.junit.jupiter.engine.execution.InterceptingExecutableInvoker$ReflectiveInterceptorCall.lambda$ofVoidMethod$0(InterceptingExecutableInvoker.java:103)
	at app//org.junit.jupiter.engine.execution.InterceptingExecutableInvoker.lambda$invoke$0(InterceptingExecutableInvoker.java:93)
	at app//org.junit.jupiter.engine.execution.InvocationInterceptorChain$InterceptedInvocation.proceed(InvocationInterceptorChain.java:106)
	at app//org.junit.jupiter.engine.execution.InvocationInterceptorChain.proceed(InvocationInterceptorChain.java:64)
	at app//org.junit.jupiter.engine.execution.InvocationInterceptorChain.chainAndInvoke(InvocationInterceptorChain.java:45)
	at app//org.junit.jupiter.engine.execution.InvocationInterceptorChain.invoke(InvocationInterceptorChain.java:37)
	at app//org.junit.jupiter.engine.execution.InterceptingExecutableInvoker.invoke(InterceptingExecutableInvoker.java:92)
	at app//org.junit.jupiter.engine.execution.InterceptingExecutableInvoker.invoke(InterceptingExecutableInvoker.java:86)
	at app//org.junit.jupiter.engine.descriptor.TestMethodTestDescriptor.lambda$invokeTestMethod$7(TestMethodTestDescriptor.java:217)
	at app//org.junit.platform.engine.support.hierarchical.ThrowableCollector.execute(ThrowableCollector.java:73)
	at app//org.junit.jupiter.engine.descriptor.TestMethodTestDescriptor.invokeTestMethod(TestMethodTestDescriptor.java:213)
	at app//org.junit.jupiter.engine.descriptor.TestMethodTestDescriptor.execute(TestMethodTestDescriptor.java:138)
	at app//org.junit.jupiter.engine.descriptor.TestMethodTestDescriptor.execute(TestMethodTestDescriptor.java:68)
	at app//org.junit.platform.engine.support.hierarchical.NodeTestTask.lambda$executeRecursively$6(NodeTestTask.java:151)
	at app//org.junit.platform.engine.support.hierarchical.ThrowableCollector.execute(ThrowableCollector.java:73)
	at app//org.junit.platform.engine.support.hierarchical.NodeTestTask.lambda$executeRecursively$8(NodeTestTask.java:141)
	at app//org.junit.platform.engine.support.hierarchical.Node.around(Node.java:137)
	at app//org.junit.platform.engine.support.hierarchical.NodeTestTask.lambda$executeRecursively$9(NodeTestTask.java:139)
	at app//org.junit.platform.engine.support.hierarchical.ThrowableCollector.execute(ThrowableCollector.java:73)
	at app//org.junit.platform.engine.support.hierarchical.NodeTestTask.executeRecursively(NodeTestTask.java:138)
	at app//org.junit.platform.engine.support.hierarchical.NodeTestTask.execute(NodeTestTask.java:95)
	at java.base@17.0.7/java.util.ArrayList.forEach(ArrayList.java:1511)
	at app//org.junit.platform.engine.support.hierarchical.SameThreadHierarchicalTestExecutorService.invokeAll(SameThreadHierarchicalTestExecutorService.java:41)
	at app//org.junit.platform.engine.support.hierarchical.NodeTestTask.lambda$executeRecursively$6(NodeTestTask.java:155)
	at app//org.junit.platform.engine.support.hierarchical.ThrowableCollector.execute(ThrowableCollector.java:73)
	at app//org.junit.platform.engine.support.hierarchical.NodeTestTask.lambda$executeRecursively$8(NodeTestTask.java:141)
	at app//org.junit.platform.engine.support.hierarchical.Node.around(Node.java:137)
	at app//org.junit.platform.engine.support.hierarchical.NodeTestTask.lambda$executeRecursively$9(NodeTestTask.java:139)
	at app//org.junit.platform.engine.support.hierarchical.ThrowableCollector.execute(ThrowableCollector.java:73)
	at app//org.junit.platform.engine.support.hierarchical.NodeTestTask.executeRecursively(NodeTestTask.java:138)
	at app//org.junit.platform.engine.support.hierarchical.NodeTestTask.execute(NodeTestTask.java:95)
	at java.base@17.0.7/java.util.ArrayList.forEach(ArrayList.java:1511)
	at app//org.junit.platform.engine.support.hierarchical.SameThreadHierarchicalTestExecutorService.invokeAll(SameThreadHierarchicalTestExecutorService.java:41)
	at app//org.junit.platform.engine.support.hierarchical.NodeTestTask.lambda$executeRecursively$6(NodeTestTask.java:155)
	at app//org.junit.platform.engine.support.hierarchical.ThrowableCollector.execute(ThrowableCollector.java:73)
	at app//org.junit.platform.engine.support.hierarchical.NodeTestTask.lambda$executeRecursively$8(NodeTestTask.java:141)
	at app//org.junit.platform.engine.support.hierarchical.Node.around(Node.java:137)
	at app//org.junit.platform.engine.support.hierarchical.NodeTestTask.lambda$executeRecursively$9(NodeTestTask.java:139)
	at app//org.junit.platform.engine.support.hierarchical.ThrowableCollector.execute(ThrowableCollector.java:73)
	at app//org.junit.platform.engine.support.hierarchical.NodeTestTask.executeRecursively(NodeTestTask.java:138)
	at app//org.junit.platform.engine.support.hierarchical.NodeTestTask.execute(NodeTestTask.java:95)
	at app//org.junit.platform.engine.support.hierarchical.SameThreadHierarchicalTestExecutorService.submit(SameThreadHierarchicalTestExecutorService.java:35)
	at app//org.junit.platform.engine.support.hierarchical.HierarchicalTestExecutor.execute(HierarchicalTestExecutor.java:57)
	at app//org.junit.platform.engine.support.hierarchical.HierarchicalTestEngine.execute(HierarchicalTestEngine.java:54)
	at app//org.junit.platform.launcher.core.EngineExecutionOrchestrator.execute(EngineExecutionOrchestrator.java:107)
	at app//org.junit.platform.launcher.core.EngineExecutionOrchestrator.execute(EngineExecutionOrchestrator.java:88)
	at app//org.junit.platform.launcher.core.EngineExecutionOrchestrator.lambda$execute$0(EngineExecutionOrchestrator.java:54)
	at app//org.junit.platform.launcher.core.EngineExecutionOrchestrator.withInterceptedStreams(EngineExecutionOrchestrator.java:67)
	at app//org.junit.platform.launcher.core.EngineExecutionOrchestrator.execute(EngineExecutionOrchestrator.java:52)
	at app//org.junit.platform.launcher.core.DefaultLauncher.execute(DefaultLauncher.java:114)
	at app//org.junit.platform.launcher.core.DefaultLauncher.execute(DefaultLauncher.java:86)
	at app//org.junit.platform.launcher.core.DefaultLauncherSession$DelegatingLauncher.execute(DefaultLauncherSession.java:86)
	at org.gradle.api.internal.tasks.testing.junitplatform.JUnitPlatformTestClassProcessor$CollectAllTestClassesExecutor.processAllTestClasses(JUnitPlatformTestClassProcessor.java:110)
	at org.gradle.api.internal.tasks.testing.junitplatform.JUnitPlatformTestClassProcessor$CollectAllTestClassesExecutor.access$000(JUnitPlatformTestClassProcessor.java:90)
	at org.gradle.api.internal.tasks.testing.junitplatform.JUnitPlatformTestClassProcessor.stop(JUnitPlatformTestClassProcessor.java:85)
	at org.gradle.api.internal.tasks.testing.SuiteTestClassProcessor.stop(SuiteTestClassProcessor.java:62)
	at java.base@17.0.7/jdk.internal.reflect.NativeMethodAccessorImpl.invoke0(Native Method)
	at java.base@17.0.7/jdk.internal.reflect.NativeMethodAccessorImpl.invoke(NativeMethodAccessorImpl.java:77)
	at java.base@17.0.7/jdk.internal.reflect.DelegatingMethodAccessorImpl.invoke(DelegatingMethodAccessorImpl.java:43)
	at java.base@17.0.7/java.lang.reflect.Method.invoke(Method.java:568)
	at org.gradle.internal.dispatch.ReflectionDispatch.dispatch(ReflectionDispatch.java:36)
	at org.gradle.internal.dispatch.ReflectionDispatch.dispatch(ReflectionDispatch.java:24)
	at org.gradle.internal.dispatch.ContextClassLoaderDispatch.dispatch(ContextClassLoaderDispatch.java:33)
	at org.gradle.internal.dispatch.ProxyDispatchAdapter$DispatchingInvocationHandler.invoke(ProxyDispatchAdapter.java:94)
	at jdk.proxy2/jdk.proxy2.$Proxy5.stop(Unknown Source)
	at org.gradle.api.internal.tasks.testing.worker.TestWorker$3.run(TestWorker.java:193)
	at org.gradle.api.internal.tasks.testing.worker.TestWorker.executeAndMaintainThreadName(TestWorker.java:129)
	at org.gradle.api.internal.tasks.testing.worker.TestWorker.execute(TestWorker.java:100)
	at org.gradle.api.internal.tasks.testing.worker.TestWorker.execute(TestWorker.java:60)
	at org.gradle.process.internal.worker.child.ActionExecutionWorker.execute(ActionExecutionWorker.java:56)
	at org.gradle.process.internal.worker.child.SystemApplicationClassLoaderWorker.call(SystemApplicationClassLoaderWorker.java:113)
	at org.gradle.process.internal.worker.child.SystemApplicationClassLoaderWorker.call(SystemApplicationClassLoaderWorker.java:65)
	at app//worker.org.gradle.process.internal.worker.GradleWorkerMain.run(GradleWorkerMain.java:69)
	at app//worker.org.gradle.process.internal.worker.GradleWorkerMain.main(GradleWorkerMain.java:74)
Caused by: Cannot invoke &quot;de.uka.ilkd.key.rule.Taclet.getChoices()&quot; because &quot;t&quot; is null (file: src\test\resources\testcase\merge\IndistinguishablePathConditions.proof; caused by: java.lang.NullPointerException: Cannot invoke &quot;de.uka.ilkd.key.rule.Taclet.getChoices()&quot; because &quot;t&quot; is null)
	at app//de.uka.ilkd.key.control.AbstractUserInterfaceControl.load(AbstractUserInterfaceControl.java:225)
	at app//de.uka.ilkd.key.control.KeYEnvironment.load(KeYEnvironment.java:282)
	at app//de.uka.ilkd.key.control.KeYEnvironment.load(KeYEnvironment.java:251)
	at app//de.uka.ilkd.key.control.KeYEnvironment.load(KeYEnvironment.java:225)
	at app//de.uka.ilkd.key.rule.merge.MergeRuleTests.loadProof(MergeRuleTests.java:319)
	... 85 more
Caused by: java.lang.NullPointerException: Cannot invoke &quot;de.uka.ilkd.key.rule.Taclet.getChoices()&quot; because &quot;t&quot; is null
	at de.uka.ilkd.key.proof.init.InitConfig.fillActiveTacletCache(InitConfig.java:260)
	at de.uka.ilkd.key.proof.init.InitConfig.activatedTaclets(InitConfig.java:242)
	at de.uka.ilkd.key.proof.init.InitConfig.createTacletIndex(InitConfig.java:321)
	at de.uka.ilkd.key.proof.Proof.&lt;init&gt;(Proof.java:236)
	at de.uka.ilkd.key.proof.init.KeYUserProblemFile.getPO(KeYUserProblemFile.java:165)
	at de.uka.ilkd.key.proof.init.ProblemInitializer.startProver(ProblemInitializer.java:585)
	at de.uka.ilkd.key.proof.io.AbstractProblemLoader.createProof(AbstractProblemLoader.java:661)
	at de.uka.ilkd.key.proof.io.AbstractProblemLoader.load(AbstractProblemLoader.java:286)
	at de.uka.ilkd.key.proof.io.AbstractProblemLoader.load(AbstractProblemLoader.java:257)
	at de.uka.ilkd.key.control.AbstractUserInterfaceControl.load(AbstractUserInterfaceControl.java:212)
	... 89 more
</failure>
  </testcase>
  <testcase name="testLoadClosedGcdProofWithMergePointStatements()" classname="de.uka.ilkd.key.rule.merge.MergeRuleTests" time="0.42">
    <failure message="org.opentest4j.AssertionFailedError: Proof could not be loaded" type="org.opentest4j.AssertionFailedError">org.opentest4j.AssertionFailedError: Proof could not be loaded
	at app//org.junit.jupiter.api.AssertionUtils.fail(AssertionUtils.java:42)
	at app//org.junit.jupiter.api.Assertions.fail(Assertions.java:147)
	at app//de.uka.ilkd.key.rule.merge.MergeRuleTests.loadProof(MergeRuleTests.java:326)
	at app//de.uka.ilkd.key.rule.merge.MergeRuleTests.testLoadClosedGcdProofWithMergePointStatements(MergeRuleTests.java:105)
	at java.base@17.0.7/jdk.internal.reflect.NativeMethodAccessorImpl.invoke0(Native Method)
	at java.base@17.0.7/jdk.internal.reflect.NativeMethodAccessorImpl.invoke(NativeMethodAccessorImpl.java:77)
	at java.base@17.0.7/jdk.internal.reflect.DelegatingMethodAccessorImpl.invoke(DelegatingMethodAccessorImpl.java:43)
	at java.base@17.0.7/java.lang.reflect.Method.invoke(Method.java:568)
	at app//org.junit.platform.commons.util.ReflectionUtils.invokeMethod(ReflectionUtils.java:727)
	at app//org.junit.jupiter.engine.execution.MethodInvocation.proceed(MethodInvocation.java:60)
	at app//org.junit.jupiter.engine.execution.InvocationInterceptorChain$ValidatingInvocation.proceed(InvocationInterceptorChain.java:131)
	at app//org.junit.jupiter.engine.extension.TimeoutExtension.intercept(TimeoutExtension.java:156)
	at app//org.junit.jupiter.engine.extension.TimeoutExtension.interceptTestableMethod(TimeoutExtension.java:147)
	at app//org.junit.jupiter.engine.extension.TimeoutExtension.interceptTestMethod(TimeoutExtension.java:86)
	at app//org.junit.jupiter.engine.execution.InterceptingExecutableInvoker$ReflectiveInterceptorCall.lambda$ofVoidMethod$0(InterceptingExecutableInvoker.java:103)
	at app//org.junit.jupiter.engine.execution.InterceptingExecutableInvoker.lambda$invoke$0(InterceptingExecutableInvoker.java:93)
	at app//org.junit.jupiter.engine.execution.InvocationInterceptorChain$InterceptedInvocation.proceed(InvocationInterceptorChain.java:106)
	at app//org.junit.jupiter.engine.execution.InvocationInterceptorChain.proceed(InvocationInterceptorChain.java:64)
	at app//org.junit.jupiter.engine.execution.InvocationInterceptorChain.chainAndInvoke(InvocationInterceptorChain.java:45)
	at app//org.junit.jupiter.engine.execution.InvocationInterceptorChain.invoke(InvocationInterceptorChain.java:37)
	at app//org.junit.jupiter.engine.execution.InterceptingExecutableInvoker.invoke(InterceptingExecutableInvoker.java:92)
	at app//org.junit.jupiter.engine.execution.InterceptingExecutableInvoker.invoke(InterceptingExecutableInvoker.java:86)
	at app//org.junit.jupiter.engine.descriptor.TestMethodTestDescriptor.lambda$invokeTestMethod$7(TestMethodTestDescriptor.java:217)
	at app//org.junit.platform.engine.support.hierarchical.ThrowableCollector.execute(ThrowableCollector.java:73)
	at app//org.junit.jupiter.engine.descriptor.TestMethodTestDescriptor.invokeTestMethod(TestMethodTestDescriptor.java:213)
	at app//org.junit.jupiter.engine.descriptor.TestMethodTestDescriptor.execute(TestMethodTestDescriptor.java:138)
	at app//org.junit.jupiter.engine.descriptor.TestMethodTestDescriptor.execute(TestMethodTestDescriptor.java:68)
	at app//org.junit.platform.engine.support.hierarchical.NodeTestTask.lambda$executeRecursively$6(NodeTestTask.java:151)
	at app//org.junit.platform.engine.support.hierarchical.ThrowableCollector.execute(ThrowableCollector.java:73)
	at app//org.junit.platform.engine.support.hierarchical.NodeTestTask.lambda$executeRecursively$8(NodeTestTask.java:141)
	at app//org.junit.platform.engine.support.hierarchical.Node.around(Node.java:137)
	at app//org.junit.platform.engine.support.hierarchical.NodeTestTask.lambda$executeRecursively$9(NodeTestTask.java:139)
	at app//org.junit.platform.engine.support.hierarchical.ThrowableCollector.execute(ThrowableCollector.java:73)
	at app//org.junit.platform.engine.support.hierarchical.NodeTestTask.executeRecursively(NodeTestTask.java:138)
	at app//org.junit.platform.engine.support.hierarchical.NodeTestTask.execute(NodeTestTask.java:95)
	at java.base@17.0.7/java.util.ArrayList.forEach(ArrayList.java:1511)
	at app//org.junit.platform.engine.support.hierarchical.SameThreadHierarchicalTestExecutorService.invokeAll(SameThreadHierarchicalTestExecutorService.java:41)
	at app//org.junit.platform.engine.support.hierarchical.NodeTestTask.lambda$executeRecursively$6(NodeTestTask.java:155)
	at app//org.junit.platform.engine.support.hierarchical.ThrowableCollector.execute(ThrowableCollector.java:73)
	at app//org.junit.platform.engine.support.hierarchical.NodeTestTask.lambda$executeRecursively$8(NodeTestTask.java:141)
	at app//org.junit.platform.engine.support.hierarchical.Node.around(Node.java:137)
	at app//org.junit.platform.engine.support.hierarchical.NodeTestTask.lambda$executeRecursively$9(NodeTestTask.java:139)
	at app//org.junit.platform.engine.support.hierarchical.ThrowableCollector.execute(ThrowableCollector.java:73)
	at app//org.junit.platform.engine.support.hierarchical.NodeTestTask.executeRecursively(NodeTestTask.java:138)
	at app//org.junit.platform.engine.support.hierarchical.NodeTestTask.execute(NodeTestTask.java:95)
	at java.base@17.0.7/java.util.ArrayList.forEach(ArrayList.java:1511)
	at app//org.junit.platform.engine.support.hierarchical.SameThreadHierarchicalTestExecutorService.invokeAll(SameThreadHierarchicalTestExecutorService.java:41)
	at app//org.junit.platform.engine.support.hierarchical.NodeTestTask.lambda$executeRecursively$6(NodeTestTask.java:155)
	at app//org.junit.platform.engine.support.hierarchical.ThrowableCollector.execute(ThrowableCollector.java:73)
	at app//org.junit.platform.engine.support.hierarchical.NodeTestTask.lambda$executeRecursively$8(NodeTestTask.java:141)
	at app//org.junit.platform.engine.support.hierarchical.Node.around(Node.java:137)
	at app//org.junit.platform.engine.support.hierarchical.NodeTestTask.lambda$executeRecursively$9(NodeTestTask.java:139)
	at app//org.junit.platform.engine.support.hierarchical.ThrowableCollector.execute(ThrowableCollector.java:73)
	at app//org.junit.platform.engine.support.hierarchical.NodeTestTask.executeRecursively(NodeTestTask.java:138)
	at app//org.junit.platform.engine.support.hierarchical.NodeTestTask.execute(NodeTestTask.java:95)
	at app//org.junit.platform.engine.support.hierarchical.SameThreadHierarchicalTestExecutorService.submit(SameThreadHierarchicalTestExecutorService.java:35)
	at app//org.junit.platform.engine.support.hierarchical.HierarchicalTestExecutor.execute(HierarchicalTestExecutor.java:57)
	at app//org.junit.platform.engine.support.hierarchical.HierarchicalTestEngine.execute(HierarchicalTestEngine.java:54)
	at app//org.junit.platform.launcher.core.EngineExecutionOrchestrator.execute(EngineExecutionOrchestrator.java:107)
	at app//org.junit.platform.launcher.core.EngineExecutionOrchestrator.execute(EngineExecutionOrchestrator.java:88)
	at app//org.junit.platform.launcher.core.EngineExecutionOrchestrator.lambda$execute$0(EngineExecutionOrchestrator.java:54)
	at app//org.junit.platform.launcher.core.EngineExecutionOrchestrator.withInterceptedStreams(EngineExecutionOrchestrator.java:67)
	at app//org.junit.platform.launcher.core.EngineExecutionOrchestrator.execute(EngineExecutionOrchestrator.java:52)
	at app//org.junit.platform.launcher.core.DefaultLauncher.execute(DefaultLauncher.java:114)
	at app//org.junit.platform.launcher.core.DefaultLauncher.execute(DefaultLauncher.java:86)
	at app//org.junit.platform.launcher.core.DefaultLauncherSession$DelegatingLauncher.execute(DefaultLauncherSession.java:86)
	at org.gradle.api.internal.tasks.testing.junitplatform.JUnitPlatformTestClassProcessor$CollectAllTestClassesExecutor.processAllTestClasses(JUnitPlatformTestClassProcessor.java:110)
	at org.gradle.api.internal.tasks.testing.junitplatform.JUnitPlatformTestClassProcessor$CollectAllTestClassesExecutor.access$000(JUnitPlatformTestClassProcessor.java:90)
	at org.gradle.api.internal.tasks.testing.junitplatform.JUnitPlatformTestClassProcessor.stop(JUnitPlatformTestClassProcessor.java:85)
	at org.gradle.api.internal.tasks.testing.SuiteTestClassProcessor.stop(SuiteTestClassProcessor.java:62)
	at java.base@17.0.7/jdk.internal.reflect.NativeMethodAccessorImpl.invoke0(Native Method)
	at java.base@17.0.7/jdk.internal.reflect.NativeMethodAccessorImpl.invoke(NativeMethodAccessorImpl.java:77)
	at java.base@17.0.7/jdk.internal.reflect.DelegatingMethodAccessorImpl.invoke(DelegatingMethodAccessorImpl.java:43)
	at java.base@17.0.7/java.lang.reflect.Method.invoke(Method.java:568)
	at org.gradle.internal.dispatch.ReflectionDispatch.dispatch(ReflectionDispatch.java:36)
	at org.gradle.internal.dispatch.ReflectionDispatch.dispatch(ReflectionDispatch.java:24)
	at org.gradle.internal.dispatch.ContextClassLoaderDispatch.dispatch(ContextClassLoaderDispatch.java:33)
	at org.gradle.internal.dispatch.ProxyDispatchAdapter$DispatchingInvocationHandler.invoke(ProxyDispatchAdapter.java:94)
	at jdk.proxy2/jdk.proxy2.$Proxy5.stop(Unknown Source)
	at org.gradle.api.internal.tasks.testing.worker.TestWorker$3.run(TestWorker.java:193)
	at org.gradle.api.internal.tasks.testing.worker.TestWorker.executeAndMaintainThreadName(TestWorker.java:129)
	at org.gradle.api.internal.tasks.testing.worker.TestWorker.execute(TestWorker.java:100)
	at org.gradle.api.internal.tasks.testing.worker.TestWorker.execute(TestWorker.java:60)
	at org.gradle.process.internal.worker.child.ActionExecutionWorker.execute(ActionExecutionWorker.java:56)
	at org.gradle.process.internal.worker.child.SystemApplicationClassLoaderWorker.call(SystemApplicationClassLoaderWorker.java:113)
	at org.gradle.process.internal.worker.child.SystemApplicationClassLoaderWorker.call(SystemApplicationClassLoaderWorker.java:65)
	at app//worker.org.gradle.process.internal.worker.GradleWorkerMain.run(GradleWorkerMain.java:69)
	at app//worker.org.gradle.process.internal.worker.GradleWorkerMain.main(GradleWorkerMain.java:74)
Caused by: Contract not found: Gcd[Gcd::gcdMPS(int,int)].JML normal_behavior operation contract.0 (file: src\test\resources\testcase\merge\gcd.mergePointStatements.closed.proof; caused by: java.io.IOException: Contract not found: Gcd[Gcd::gcdMPS(int,int)].JML normal_behavior operation contract.0)
	at app//de.uka.ilkd.key.control.AbstractUserInterfaceControl.load(AbstractUserInterfaceControl.java:225)
	at app//de.uka.ilkd.key.control.KeYEnvironment.load(KeYEnvironment.java:282)
	at app//de.uka.ilkd.key.control.KeYEnvironment.load(KeYEnvironment.java:251)
	at app//de.uka.ilkd.key.control.KeYEnvironment.load(KeYEnvironment.java:225)
	at app//de.uka.ilkd.key.rule.merge.MergeRuleTests.loadProof(MergeRuleTests.java:319)
	... 85 more
Caused by: java.io.IOException: Contract not found: Gcd[Gcd::gcdMPS(int,int)].JML normal_behavior operation contract.0
	at de.uka.ilkd.key.proof.init.FunctionalOperationContractPO.loadFrom(FunctionalOperationContractPO.java:379)
	at java.base/jdk.internal.reflect.NativeMethodAccessorImpl.invoke0(Native Method)
	at java.base/jdk.internal.reflect.NativeMethodAccessorImpl.invoke(NativeMethodAccessorImpl.java:77)
	at java.base/jdk.internal.reflect.DelegatingMethodAccessorImpl.invoke(DelegatingMethodAccessorImpl.java:43)
	at java.base/java.lang.reflect.Method.invoke(Method.java:568)
	at de.uka.ilkd.key.proof.io.AbstractProblemLoader.createProofObligationContainer(AbstractProblemLoader.java:628)
	at de.uka.ilkd.key.proof.io.AbstractProblemLoader.load(AbstractProblemLoader.java:278)
	at de.uka.ilkd.key.proof.io.AbstractProblemLoader.load(AbstractProblemLoader.java:257)
	at de.uka.ilkd.key.control.AbstractUserInterfaceControl.load(AbstractUserInterfaceControl.java:212)
	... 89 more
</failure>
  </testcase>
  <testcase name="testMergeIndistinguishablePathConditionsWithITE()" classname="de.uka.ilkd.key.rule.merge.MergeRuleTests" time="0.399">
    <failure message="org.opentest4j.AssertionFailedError: Proof could not be loaded" type="org.opentest4j.AssertionFailedError">org.opentest4j.AssertionFailedError: Proof could not be loaded
	at app//org.junit.jupiter.api.AssertionUtils.fail(AssertionUtils.java:42)
	at app//org.junit.jupiter.api.Assertions.fail(Assertions.java:147)
	at app//de.uka.ilkd.key.rule.merge.MergeRuleTests.loadProof(MergeRuleTests.java:326)
	at app//de.uka.ilkd.key.rule.merge.MergeRuleTests.testMergeIndistinguishablePathConditionsWithITE(MergeRuleTests.java:196)
	at java.base@17.0.7/jdk.internal.reflect.NativeMethodAccessorImpl.invoke0(Native Method)
	at java.base@17.0.7/jdk.internal.reflect.NativeMethodAccessorImpl.invoke(NativeMethodAccessorImpl.java:77)
	at java.base@17.0.7/jdk.internal.reflect.DelegatingMethodAccessorImpl.invoke(DelegatingMethodAccessorImpl.java:43)
	at java.base@17.0.7/java.lang.reflect.Method.invoke(Method.java:568)
	at app//org.junit.platform.commons.util.ReflectionUtils.invokeMethod(ReflectionUtils.java:727)
	at app//org.junit.jupiter.engine.execution.MethodInvocation.proceed(MethodInvocation.java:60)
	at app//org.junit.jupiter.engine.execution.InvocationInterceptorChain$ValidatingInvocation.proceed(InvocationInterceptorChain.java:131)
	at app//org.junit.jupiter.engine.extension.TimeoutExtension.intercept(TimeoutExtension.java:156)
	at app//org.junit.jupiter.engine.extension.TimeoutExtension.interceptTestableMethod(TimeoutExtension.java:147)
	at app//org.junit.jupiter.engine.extension.TimeoutExtension.interceptTestMethod(TimeoutExtension.java:86)
	at app//org.junit.jupiter.engine.execution.InterceptingExecutableInvoker$ReflectiveInterceptorCall.lambda$ofVoidMethod$0(InterceptingExecutableInvoker.java:103)
	at app//org.junit.jupiter.engine.execution.InterceptingExecutableInvoker.lambda$invoke$0(InterceptingExecutableInvoker.java:93)
	at app//org.junit.jupiter.engine.execution.InvocationInterceptorChain$InterceptedInvocation.proceed(InvocationInterceptorChain.java:106)
	at app//org.junit.jupiter.engine.execution.InvocationInterceptorChain.proceed(InvocationInterceptorChain.java:64)
	at app//org.junit.jupiter.engine.execution.InvocationInterceptorChain.chainAndInvoke(InvocationInterceptorChain.java:45)
	at app//org.junit.jupiter.engine.execution.InvocationInterceptorChain.invoke(InvocationInterceptorChain.java:37)
	at app//org.junit.jupiter.engine.execution.InterceptingExecutableInvoker.invoke(InterceptingExecutableInvoker.java:92)
	at app//org.junit.jupiter.engine.execution.InterceptingExecutableInvoker.invoke(InterceptingExecutableInvoker.java:86)
	at app//org.junit.jupiter.engine.descriptor.TestMethodTestDescriptor.lambda$invokeTestMethod$7(TestMethodTestDescriptor.java:217)
	at app//org.junit.platform.engine.support.hierarchical.ThrowableCollector.execute(ThrowableCollector.java:73)
	at app//org.junit.jupiter.engine.descriptor.TestMethodTestDescriptor.invokeTestMethod(TestMethodTestDescriptor.java:213)
	at app//org.junit.jupiter.engine.descriptor.TestMethodTestDescriptor.execute(TestMethodTestDescriptor.java:138)
	at app//org.junit.jupiter.engine.descriptor.TestMethodTestDescriptor.execute(TestMethodTestDescriptor.java:68)
	at app//org.junit.platform.engine.support.hierarchical.NodeTestTask.lambda$executeRecursively$6(NodeTestTask.java:151)
	at app//org.junit.platform.engine.support.hierarchical.ThrowableCollector.execute(ThrowableCollector.java:73)
	at app//org.junit.platform.engine.support.hierarchical.NodeTestTask.lambda$executeRecursively$8(NodeTestTask.java:141)
	at app//org.junit.platform.engine.support.hierarchical.Node.around(Node.java:137)
	at app//org.junit.platform.engine.support.hierarchical.NodeTestTask.lambda$executeRecursively$9(NodeTestTask.java:139)
	at app//org.junit.platform.engine.support.hierarchical.ThrowableCollector.execute(ThrowableCollector.java:73)
	at app//org.junit.platform.engine.support.hierarchical.NodeTestTask.executeRecursively(NodeTestTask.java:138)
	at app//org.junit.platform.engine.support.hierarchical.NodeTestTask.execute(NodeTestTask.java:95)
	at java.base@17.0.7/java.util.ArrayList.forEach(ArrayList.java:1511)
	at app//org.junit.platform.engine.support.hierarchical.SameThreadHierarchicalTestExecutorService.invokeAll(SameThreadHierarchicalTestExecutorService.java:41)
	at app//org.junit.platform.engine.support.hierarchical.NodeTestTask.lambda$executeRecursively$6(NodeTestTask.java:155)
	at app//org.junit.platform.engine.support.hierarchical.ThrowableCollector.execute(ThrowableCollector.java:73)
	at app//org.junit.platform.engine.support.hierarchical.NodeTestTask.lambda$executeRecursively$8(NodeTestTask.java:141)
	at app//org.junit.platform.engine.support.hierarchical.Node.around(Node.java:137)
	at app//org.junit.platform.engine.support.hierarchical.NodeTestTask.lambda$executeRecursively$9(NodeTestTask.java:139)
	at app//org.junit.platform.engine.support.hierarchical.ThrowableCollector.execute(ThrowableCollector.java:73)
	at app//org.junit.platform.engine.support.hierarchical.NodeTestTask.executeRecursively(NodeTestTask.java:138)
	at app//org.junit.platform.engine.support.hierarchical.NodeTestTask.execute(NodeTestTask.java:95)
	at java.base@17.0.7/java.util.ArrayList.forEach(ArrayList.java:1511)
	at app//org.junit.platform.engine.support.hierarchical.SameThreadHierarchicalTestExecutorService.invokeAll(SameThreadHierarchicalTestExecutorService.java:41)
	at app//org.junit.platform.engine.support.hierarchical.NodeTestTask.lambda$executeRecursively$6(NodeTestTask.java:155)
	at app//org.junit.platform.engine.support.hierarchical.ThrowableCollector.execute(ThrowableCollector.java:73)
	at app//org.junit.platform.engine.support.hierarchical.NodeTestTask.lambda$executeRecursively$8(NodeTestTask.java:141)
	at app//org.junit.platform.engine.support.hierarchical.Node.around(Node.java:137)
	at app//org.junit.platform.engine.support.hierarchical.NodeTestTask.lambda$executeRecursively$9(NodeTestTask.java:139)
	at app//org.junit.platform.engine.support.hierarchical.ThrowableCollector.execute(ThrowableCollector.java:73)
	at app//org.junit.platform.engine.support.hierarchical.NodeTestTask.executeRecursively(NodeTestTask.java:138)
	at app//org.junit.platform.engine.support.hierarchical.NodeTestTask.execute(NodeTestTask.java:95)
	at app//org.junit.platform.engine.support.hierarchical.SameThreadHierarchicalTestExecutorService.submit(SameThreadHierarchicalTestExecutorService.java:35)
	at app//org.junit.platform.engine.support.hierarchical.HierarchicalTestExecutor.execute(HierarchicalTestExecutor.java:57)
	at app//org.junit.platform.engine.support.hierarchical.HierarchicalTestEngine.execute(HierarchicalTestEngine.java:54)
	at app//org.junit.platform.launcher.core.EngineExecutionOrchestrator.execute(EngineExecutionOrchestrator.java:107)
	at app//org.junit.platform.launcher.core.EngineExecutionOrchestrator.execute(EngineExecutionOrchestrator.java:88)
	at app//org.junit.platform.launcher.core.EngineExecutionOrchestrator.lambda$execute$0(EngineExecutionOrchestrator.java:54)
	at app//org.junit.platform.launcher.core.EngineExecutionOrchestrator.withInterceptedStreams(EngineExecutionOrchestrator.java:67)
	at app//org.junit.platform.launcher.core.EngineExecutionOrchestrator.execute(EngineExecutionOrchestrator.java:52)
	at app//org.junit.platform.launcher.core.DefaultLauncher.execute(DefaultLauncher.java:114)
	at app//org.junit.platform.launcher.core.DefaultLauncher.execute(DefaultLauncher.java:86)
	at app//org.junit.platform.launcher.core.DefaultLauncherSession$DelegatingLauncher.execute(DefaultLauncherSession.java:86)
	at org.gradle.api.internal.tasks.testing.junitplatform.JUnitPlatformTestClassProcessor$CollectAllTestClassesExecutor.processAllTestClasses(JUnitPlatformTestClassProcessor.java:110)
	at org.gradle.api.internal.tasks.testing.junitplatform.JUnitPlatformTestClassProcessor$CollectAllTestClassesExecutor.access$000(JUnitPlatformTestClassProcessor.java:90)
	at org.gradle.api.internal.tasks.testing.junitplatform.JUnitPlatformTestClassProcessor.stop(JUnitPlatformTestClassProcessor.java:85)
	at org.gradle.api.internal.tasks.testing.SuiteTestClassProcessor.stop(SuiteTestClassProcessor.java:62)
	at java.base@17.0.7/jdk.internal.reflect.NativeMethodAccessorImpl.invoke0(Native Method)
	at java.base@17.0.7/jdk.internal.reflect.NativeMethodAccessorImpl.invoke(NativeMethodAccessorImpl.java:77)
	at java.base@17.0.7/jdk.internal.reflect.DelegatingMethodAccessorImpl.invoke(DelegatingMethodAccessorImpl.java:43)
	at java.base@17.0.7/java.lang.reflect.Method.invoke(Method.java:568)
	at org.gradle.internal.dispatch.ReflectionDispatch.dispatch(ReflectionDispatch.java:36)
	at org.gradle.internal.dispatch.ReflectionDispatch.dispatch(ReflectionDispatch.java:24)
	at org.gradle.internal.dispatch.ContextClassLoaderDispatch.dispatch(ContextClassLoaderDispatch.java:33)
	at org.gradle.internal.dispatch.ProxyDispatchAdapter$DispatchingInvocationHandler.invoke(ProxyDispatchAdapter.java:94)
	at jdk.proxy2/jdk.proxy2.$Proxy5.stop(Unknown Source)
	at org.gradle.api.internal.tasks.testing.worker.TestWorker$3.run(TestWorker.java:193)
	at org.gradle.api.internal.tasks.testing.worker.TestWorker.executeAndMaintainThreadName(TestWorker.java:129)
	at org.gradle.api.internal.tasks.testing.worker.TestWorker.execute(TestWorker.java:100)
	at org.gradle.api.internal.tasks.testing.worker.TestWorker.execute(TestWorker.java:60)
	at org.gradle.process.internal.worker.child.ActionExecutionWorker.execute(ActionExecutionWorker.java:56)
	at org.gradle.process.internal.worker.child.SystemApplicationClassLoaderWorker.call(SystemApplicationClassLoaderWorker.java:113)
	at org.gradle.process.internal.worker.child.SystemApplicationClassLoaderWorker.call(SystemApplicationClassLoaderWorker.java:65)
	at app//worker.org.gradle.process.internal.worker.GradleWorkerMain.run(GradleWorkerMain.java:69)
	at app//worker.org.gradle.process.internal.worker.GradleWorkerMain.main(GradleWorkerMain.java:74)
Caused by: Cannot invoke &quot;de.uka.ilkd.key.rule.Taclet.getChoices()&quot; because &quot;t&quot; is null (file: src\test\resources\testcase\merge\IndistinguishablePathConditions.proof; caused by: java.lang.NullPointerException: Cannot invoke &quot;de.uka.ilkd.key.rule.Taclet.getChoices()&quot; because &quot;t&quot; is null)
	at app//de.uka.ilkd.key.control.AbstractUserInterfaceControl.load(AbstractUserInterfaceControl.java:225)
	at app//de.uka.ilkd.key.control.KeYEnvironment.load(KeYEnvironment.java:282)
	at app//de.uka.ilkd.key.control.KeYEnvironment.load(KeYEnvironment.java:251)
	at app//de.uka.ilkd.key.control.KeYEnvironment.load(KeYEnvironment.java:225)
	at app//de.uka.ilkd.key.rule.merge.MergeRuleTests.loadProof(MergeRuleTests.java:319)
	... 85 more
Caused by: java.lang.NullPointerException: Cannot invoke &quot;de.uka.ilkd.key.rule.Taclet.getChoices()&quot; because &quot;t&quot; is null
	at de.uka.ilkd.key.proof.init.InitConfig.fillActiveTacletCache(InitConfig.java:260)
	at de.uka.ilkd.key.proof.init.InitConfig.activatedTaclets(InitConfig.java:242)
	at de.uka.ilkd.key.proof.init.InitConfig.createTacletIndex(InitConfig.java:321)
	at de.uka.ilkd.key.proof.Proof.&lt;init&gt;(Proof.java:236)
	at de.uka.ilkd.key.proof.init.KeYUserProblemFile.getPO(KeYUserProblemFile.java:165)
	at de.uka.ilkd.key.proof.init.ProblemInitializer.startProver(ProblemInitializer.java:585)
	at de.uka.ilkd.key.proof.io.AbstractProblemLoader.createProof(AbstractProblemLoader.java:661)
	at de.uka.ilkd.key.proof.io.AbstractProblemLoader.load(AbstractProblemLoader.java:286)
	at de.uka.ilkd.key.proof.io.AbstractProblemLoader.load(AbstractProblemLoader.java:257)
	at de.uka.ilkd.key.control.AbstractUserInterfaceControl.load(AbstractUserInterfaceControl.java:212)
	... 89 more
</failure>
  </testcase>
  <testcase name="testDoAutomaticGcdProofWithMergePointStatements()" classname="de.uka.ilkd.key.rule.merge.MergeRuleTests" time="0.541">
    <failure message="org.opentest4j.AssertionFailedError: Proof could not be loaded" type="org.opentest4j.AssertionFailedError">org.opentest4j.AssertionFailedError: Proof could not be loaded
	at app//org.junit.jupiter.api.AssertionUtils.fail(AssertionUtils.java:42)
	at app//org.junit.jupiter.api.Assertions.fail(Assertions.java:147)
	at app//de.uka.ilkd.key.rule.merge.MergeRuleTests.loadProof(MergeRuleTests.java:326)
	at app//de.uka.ilkd.key.rule.merge.MergeRuleTests.testDoAutomaticGcdProofWithMergePointStatements(MergeRuleTests.java:82)
	at java.base@17.0.7/jdk.internal.reflect.NativeMethodAccessorImpl.invoke0(Native Method)
	at java.base@17.0.7/jdk.internal.reflect.NativeMethodAccessorImpl.invoke(NativeMethodAccessorImpl.java:77)
	at java.base@17.0.7/jdk.internal.reflect.DelegatingMethodAccessorImpl.invoke(DelegatingMethodAccessorImpl.java:43)
	at java.base@17.0.7/java.lang.reflect.Method.invoke(Method.java:568)
	at app//org.junit.platform.commons.util.ReflectionUtils.invokeMethod(ReflectionUtils.java:727)
	at app//org.junit.jupiter.engine.execution.MethodInvocation.proceed(MethodInvocation.java:60)
	at app//org.junit.jupiter.engine.execution.InvocationInterceptorChain$ValidatingInvocation.proceed(InvocationInterceptorChain.java:131)
	at app//org.junit.jupiter.engine.extension.TimeoutExtension.intercept(TimeoutExtension.java:156)
	at app//org.junit.jupiter.engine.extension.TimeoutExtension.interceptTestableMethod(TimeoutExtension.java:147)
	at app//org.junit.jupiter.engine.extension.TimeoutExtension.interceptTestMethod(TimeoutExtension.java:86)
	at app//org.junit.jupiter.engine.execution.InterceptingExecutableInvoker$ReflectiveInterceptorCall.lambda$ofVoidMethod$0(InterceptingExecutableInvoker.java:103)
	at app//org.junit.jupiter.engine.execution.InterceptingExecutableInvoker.lambda$invoke$0(InterceptingExecutableInvoker.java:93)
	at app//org.junit.jupiter.engine.execution.InvocationInterceptorChain$InterceptedInvocation.proceed(InvocationInterceptorChain.java:106)
	at app//org.junit.jupiter.engine.execution.InvocationInterceptorChain.proceed(InvocationInterceptorChain.java:64)
	at app//org.junit.jupiter.engine.execution.InvocationInterceptorChain.chainAndInvoke(InvocationInterceptorChain.java:45)
	at app//org.junit.jupiter.engine.execution.InvocationInterceptorChain.invoke(InvocationInterceptorChain.java:37)
	at app//org.junit.jupiter.engine.execution.InterceptingExecutableInvoker.invoke(InterceptingExecutableInvoker.java:92)
	at app//org.junit.jupiter.engine.execution.InterceptingExecutableInvoker.invoke(InterceptingExecutableInvoker.java:86)
	at app//org.junit.jupiter.engine.descriptor.TestMethodTestDescriptor.lambda$invokeTestMethod$7(TestMethodTestDescriptor.java:217)
	at app//org.junit.platform.engine.support.hierarchical.ThrowableCollector.execute(ThrowableCollector.java:73)
	at app//org.junit.jupiter.engine.descriptor.TestMethodTestDescriptor.invokeTestMethod(TestMethodTestDescriptor.java:213)
	at app//org.junit.jupiter.engine.descriptor.TestMethodTestDescriptor.execute(TestMethodTestDescriptor.java:138)
	at app//org.junit.jupiter.engine.descriptor.TestMethodTestDescriptor.execute(TestMethodTestDescriptor.java:68)
	at app//org.junit.platform.engine.support.hierarchical.NodeTestTask.lambda$executeRecursively$6(NodeTestTask.java:151)
	at app//org.junit.platform.engine.support.hierarchical.ThrowableCollector.execute(ThrowableCollector.java:73)
	at app//org.junit.platform.engine.support.hierarchical.NodeTestTask.lambda$executeRecursively$8(NodeTestTask.java:141)
	at app//org.junit.platform.engine.support.hierarchical.Node.around(Node.java:137)
	at app//org.junit.platform.engine.support.hierarchical.NodeTestTask.lambda$executeRecursively$9(NodeTestTask.java:139)
	at app//org.junit.platform.engine.support.hierarchical.ThrowableCollector.execute(ThrowableCollector.java:73)
	at app//org.junit.platform.engine.support.hierarchical.NodeTestTask.executeRecursively(NodeTestTask.java:138)
	at app//org.junit.platform.engine.support.hierarchical.NodeTestTask.execute(NodeTestTask.java:95)
	at java.base@17.0.7/java.util.ArrayList.forEach(ArrayList.java:1511)
	at app//org.junit.platform.engine.support.hierarchical.SameThreadHierarchicalTestExecutorService.invokeAll(SameThreadHierarchicalTestExecutorService.java:41)
	at app//org.junit.platform.engine.support.hierarchical.NodeTestTask.lambda$executeRecursively$6(NodeTestTask.java:155)
	at app//org.junit.platform.engine.support.hierarchical.ThrowableCollector.execute(ThrowableCollector.java:73)
	at app//org.junit.platform.engine.support.hierarchical.NodeTestTask.lambda$executeRecursively$8(NodeTestTask.java:141)
	at app//org.junit.platform.engine.support.hierarchical.Node.around(Node.java:137)
	at app//org.junit.platform.engine.support.hierarchical.NodeTestTask.lambda$executeRecursively$9(NodeTestTask.java:139)
	at app//org.junit.platform.engine.support.hierarchical.ThrowableCollector.execute(ThrowableCollector.java:73)
	at app//org.junit.platform.engine.support.hierarchical.NodeTestTask.executeRecursively(NodeTestTask.java:138)
	at app//org.junit.platform.engine.support.hierarchical.NodeTestTask.execute(NodeTestTask.java:95)
	at java.base@17.0.7/java.util.ArrayList.forEach(ArrayList.java:1511)
	at app//org.junit.platform.engine.support.hierarchical.SameThreadHierarchicalTestExecutorService.invokeAll(SameThreadHierarchicalTestExecutorService.java:41)
	at app//org.junit.platform.engine.support.hierarchical.NodeTestTask.lambda$executeRecursively$6(NodeTestTask.java:155)
	at app//org.junit.platform.engine.support.hierarchical.ThrowableCollector.execute(ThrowableCollector.java:73)
	at app//org.junit.platform.engine.support.hierarchical.NodeTestTask.lambda$executeRecursively$8(NodeTestTask.java:141)
	at app//org.junit.platform.engine.support.hierarchical.Node.around(Node.java:137)
	at app//org.junit.platform.engine.support.hierarchical.NodeTestTask.lambda$executeRecursively$9(NodeTestTask.java:139)
	at app//org.junit.platform.engine.support.hierarchical.ThrowableCollector.execute(ThrowableCollector.java:73)
	at app//org.junit.platform.engine.support.hierarchical.NodeTestTask.executeRecursively(NodeTestTask.java:138)
	at app//org.junit.platform.engine.support.hierarchical.NodeTestTask.execute(NodeTestTask.java:95)
	at app//org.junit.platform.engine.support.hierarchical.SameThreadHierarchicalTestExecutorService.submit(SameThreadHierarchicalTestExecutorService.java:35)
	at app//org.junit.platform.engine.support.hierarchical.HierarchicalTestExecutor.execute(HierarchicalTestExecutor.java:57)
	at app//org.junit.platform.engine.support.hierarchical.HierarchicalTestEngine.execute(HierarchicalTestEngine.java:54)
	at app//org.junit.platform.launcher.core.EngineExecutionOrchestrator.execute(EngineExecutionOrchestrator.java:107)
	at app//org.junit.platform.launcher.core.EngineExecutionOrchestrator.execute(EngineExecutionOrchestrator.java:88)
	at app//org.junit.platform.launcher.core.EngineExecutionOrchestrator.lambda$execute$0(EngineExecutionOrchestrator.java:54)
	at app//org.junit.platform.launcher.core.EngineExecutionOrchestrator.withInterceptedStreams(EngineExecutionOrchestrator.java:67)
	at app//org.junit.platform.launcher.core.EngineExecutionOrchestrator.execute(EngineExecutionOrchestrator.java:52)
	at app//org.junit.platform.launcher.core.DefaultLauncher.execute(DefaultLauncher.java:114)
	at app//org.junit.platform.launcher.core.DefaultLauncher.execute(DefaultLauncher.java:86)
	at app//org.junit.platform.launcher.core.DefaultLauncherSession$DelegatingLauncher.execute(DefaultLauncherSession.java:86)
	at org.gradle.api.internal.tasks.testing.junitplatform.JUnitPlatformTestClassProcessor$CollectAllTestClassesExecutor.processAllTestClasses(JUnitPlatformTestClassProcessor.java:110)
	at org.gradle.api.internal.tasks.testing.junitplatform.JUnitPlatformTestClassProcessor$CollectAllTestClassesExecutor.access$000(JUnitPlatformTestClassProcessor.java:90)
	at org.gradle.api.internal.tasks.testing.junitplatform.JUnitPlatformTestClassProcessor.stop(JUnitPlatformTestClassProcessor.java:85)
	at org.gradle.api.internal.tasks.testing.SuiteTestClassProcessor.stop(SuiteTestClassProcessor.java:62)
	at java.base@17.0.7/jdk.internal.reflect.NativeMethodAccessorImpl.invoke0(Native Method)
	at java.base@17.0.7/jdk.internal.reflect.NativeMethodAccessorImpl.invoke(NativeMethodAccessorImpl.java:77)
	at java.base@17.0.7/jdk.internal.reflect.DelegatingMethodAccessorImpl.invoke(DelegatingMethodAccessorImpl.java:43)
	at java.base@17.0.7/java.lang.reflect.Method.invoke(Method.java:568)
	at org.gradle.internal.dispatch.ReflectionDispatch.dispatch(ReflectionDispatch.java:36)
	at org.gradle.internal.dispatch.ReflectionDispatch.dispatch(ReflectionDispatch.java:24)
	at org.gradle.internal.dispatch.ContextClassLoaderDispatch.dispatch(ContextClassLoaderDispatch.java:33)
	at org.gradle.internal.dispatch.ProxyDispatchAdapter$DispatchingInvocationHandler.invoke(ProxyDispatchAdapter.java:94)
	at jdk.proxy2/jdk.proxy2.$Proxy5.stop(Unknown Source)
	at org.gradle.api.internal.tasks.testing.worker.TestWorker$3.run(TestWorker.java:193)
	at org.gradle.api.internal.tasks.testing.worker.TestWorker.executeAndMaintainThreadName(TestWorker.java:129)
	at org.gradle.api.internal.tasks.testing.worker.TestWorker.execute(TestWorker.java:100)
	at org.gradle.api.internal.tasks.testing.worker.TestWorker.execute(TestWorker.java:60)
	at org.gradle.process.internal.worker.child.ActionExecutionWorker.execute(ActionExecutionWorker.java:56)
	at org.gradle.process.internal.worker.child.SystemApplicationClassLoaderWorker.call(SystemApplicationClassLoaderWorker.java:113)
	at org.gradle.process.internal.worker.child.SystemApplicationClassLoaderWorker.call(SystemApplicationClassLoaderWorker.java:65)
	at app//worker.org.gradle.process.internal.worker.GradleWorkerMain.run(GradleWorkerMain.java:69)
	at app//worker.org.gradle.process.internal.worker.GradleWorkerMain.main(GradleWorkerMain.java:74)
Caused by: Contract not found: Gcd[Gcd::gcdMPS(int,int)].JML normal_behavior operation contract.0 (file: src\test\resources\testcase\merge\gcd.mergePointStatements.key; caused by: java.io.IOException: Contract not found: Gcd[Gcd::gcdMPS(int,int)].JML normal_behavior operation contract.0)
	at app//de.uka.ilkd.key.control.AbstractUserInterfaceControl.load(AbstractUserInterfaceControl.java:225)
	at app//de.uka.ilkd.key.control.KeYEnvironment.load(KeYEnvironment.java:282)
	at app//de.uka.ilkd.key.control.KeYEnvironment.load(KeYEnvironment.java:251)
	at app//de.uka.ilkd.key.control.KeYEnvironment.load(KeYEnvironment.java:225)
	at app//de.uka.ilkd.key.rule.merge.MergeRuleTests.loadProof(MergeRuleTests.java:319)
	... 85 more
Caused by: java.io.IOException: Contract not found: Gcd[Gcd::gcdMPS(int,int)].JML normal_behavior operation contract.0
	at de.uka.ilkd.key.proof.init.FunctionalOperationContractPO.loadFrom(FunctionalOperationContractPO.java:379)
	at java.base/jdk.internal.reflect.NativeMethodAccessorImpl.invoke0(Native Method)
	at java.base/jdk.internal.reflect.NativeMethodAccessorImpl.invoke(NativeMethodAccessorImpl.java:77)
	at java.base/jdk.internal.reflect.DelegatingMethodAccessorImpl.invoke(DelegatingMethodAccessorImpl.java:43)
	at java.base/java.lang.reflect.Method.invoke(Method.java:568)
	at de.uka.ilkd.key.proof.io.AbstractProblemLoader.createProofObligationContainer(AbstractProblemLoader.java:628)
	at de.uka.ilkd.key.proof.io.AbstractProblemLoader.load(AbstractProblemLoader.java:278)
	at de.uka.ilkd.key.proof.io.AbstractProblemLoader.load(AbstractProblemLoader.java:257)
	at de.uka.ilkd.key.control.AbstractUserInterfaceControl.load(AbstractUserInterfaceControl.java:212)
	... 89 more
</failure>
  </testcase>
  <testcase name="testLoadGcdProof()" classname="de.uka.ilkd.key.rule.merge.MergeRuleTests" time="0.385">
    <failure message="org.opentest4j.AssertionFailedError: Proof could not be loaded" type="org.opentest4j.AssertionFailedError">org.opentest4j.AssertionFailedError: Proof could not be loaded
	at app//org.junit.jupiter.api.AssertionUtils.fail(AssertionUtils.java:42)
	at app//org.junit.jupiter.api.Assertions.fail(Assertions.java:147)
	at app//de.uka.ilkd.key.rule.merge.MergeRuleTests.loadProof(MergeRuleTests.java:326)
	at app//de.uka.ilkd.key.rule.merge.MergeRuleTests.testLoadGcdProof(MergeRuleTests.java:47)
	at java.base@17.0.7/jdk.internal.reflect.NativeMethodAccessorImpl.invoke0(Native Method)
	at java.base@17.0.7/jdk.internal.reflect.NativeMethodAccessorImpl.invoke(NativeMethodAccessorImpl.java:77)
	at java.base@17.0.7/jdk.internal.reflect.DelegatingMethodAccessorImpl.invoke(DelegatingMethodAccessorImpl.java:43)
	at java.base@17.0.7/java.lang.reflect.Method.invoke(Method.java:568)
	at app//org.junit.platform.commons.util.ReflectionUtils.invokeMethod(ReflectionUtils.java:727)
	at app//org.junit.jupiter.engine.execution.MethodInvocation.proceed(MethodInvocation.java:60)
	at app//org.junit.jupiter.engine.execution.InvocationInterceptorChain$ValidatingInvocation.proceed(InvocationInterceptorChain.java:131)
	at app//org.junit.jupiter.engine.extension.TimeoutExtension.intercept(TimeoutExtension.java:156)
	at app//org.junit.jupiter.engine.extension.TimeoutExtension.interceptTestableMethod(TimeoutExtension.java:147)
	at app//org.junit.jupiter.engine.extension.TimeoutExtension.interceptTestMethod(TimeoutExtension.java:86)
	at app//org.junit.jupiter.engine.execution.InterceptingExecutableInvoker$ReflectiveInterceptorCall.lambda$ofVoidMethod$0(InterceptingExecutableInvoker.java:103)
	at app//org.junit.jupiter.engine.execution.InterceptingExecutableInvoker.lambda$invoke$0(InterceptingExecutableInvoker.java:93)
	at app//org.junit.jupiter.engine.execution.InvocationInterceptorChain$InterceptedInvocation.proceed(InvocationInterceptorChain.java:106)
	at app//org.junit.jupiter.engine.execution.InvocationInterceptorChain.proceed(InvocationInterceptorChain.java:64)
	at app//org.junit.jupiter.engine.execution.InvocationInterceptorChain.chainAndInvoke(InvocationInterceptorChain.java:45)
	at app//org.junit.jupiter.engine.execution.InvocationInterceptorChain.invoke(InvocationInterceptorChain.java:37)
	at app//org.junit.jupiter.engine.execution.InterceptingExecutableInvoker.invoke(InterceptingExecutableInvoker.java:92)
	at app//org.junit.jupiter.engine.execution.InterceptingExecutableInvoker.invoke(InterceptingExecutableInvoker.java:86)
	at app//org.junit.jupiter.engine.descriptor.TestMethodTestDescriptor.lambda$invokeTestMethod$7(TestMethodTestDescriptor.java:217)
	at app//org.junit.platform.engine.support.hierarchical.ThrowableCollector.execute(ThrowableCollector.java:73)
	at app//org.junit.jupiter.engine.descriptor.TestMethodTestDescriptor.invokeTestMethod(TestMethodTestDescriptor.java:213)
	at app//org.junit.jupiter.engine.descriptor.TestMethodTestDescriptor.execute(TestMethodTestDescriptor.java:138)
	at app//org.junit.jupiter.engine.descriptor.TestMethodTestDescriptor.execute(TestMethodTestDescriptor.java:68)
	at app//org.junit.platform.engine.support.hierarchical.NodeTestTask.lambda$executeRecursively$6(NodeTestTask.java:151)
	at app//org.junit.platform.engine.support.hierarchical.ThrowableCollector.execute(ThrowableCollector.java:73)
	at app//org.junit.platform.engine.support.hierarchical.NodeTestTask.lambda$executeRecursively$8(NodeTestTask.java:141)
	at app//org.junit.platform.engine.support.hierarchical.Node.around(Node.java:137)
	at app//org.junit.platform.engine.support.hierarchical.NodeTestTask.lambda$executeRecursively$9(NodeTestTask.java:139)
	at app//org.junit.platform.engine.support.hierarchical.ThrowableCollector.execute(ThrowableCollector.java:73)
	at app//org.junit.platform.engine.support.hierarchical.NodeTestTask.executeRecursively(NodeTestTask.java:138)
	at app//org.junit.platform.engine.support.hierarchical.NodeTestTask.execute(NodeTestTask.java:95)
	at java.base@17.0.7/java.util.ArrayList.forEach(ArrayList.java:1511)
	at app//org.junit.platform.engine.support.hierarchical.SameThreadHierarchicalTestExecutorService.invokeAll(SameThreadHierarchicalTestExecutorService.java:41)
	at app//org.junit.platform.engine.support.hierarchical.NodeTestTask.lambda$executeRecursively$6(NodeTestTask.java:155)
	at app//org.junit.platform.engine.support.hierarchical.ThrowableCollector.execute(ThrowableCollector.java:73)
	at app//org.junit.platform.engine.support.hierarchical.NodeTestTask.lambda$executeRecursively$8(NodeTestTask.java:141)
	at app//org.junit.platform.engine.support.hierarchical.Node.around(Node.java:137)
	at app//org.junit.platform.engine.support.hierarchical.NodeTestTask.lambda$executeRecursively$9(NodeTestTask.java:139)
	at app//org.junit.platform.engine.support.hierarchical.ThrowableCollector.execute(ThrowableCollector.java:73)
	at app//org.junit.platform.engine.support.hierarchical.NodeTestTask.executeRecursively(NodeTestTask.java:138)
	at app//org.junit.platform.engine.support.hierarchical.NodeTestTask.execute(NodeTestTask.java:95)
	at java.base@17.0.7/java.util.ArrayList.forEach(ArrayList.java:1511)
	at app//org.junit.platform.engine.support.hierarchical.SameThreadHierarchicalTestExecutorService.invokeAll(SameThreadHierarchicalTestExecutorService.java:41)
	at app//org.junit.platform.engine.support.hierarchical.NodeTestTask.lambda$executeRecursively$6(NodeTestTask.java:155)
	at app//org.junit.platform.engine.support.hierarchical.ThrowableCollector.execute(ThrowableCollector.java:73)
	at app//org.junit.platform.engine.support.hierarchical.NodeTestTask.lambda$executeRecursively$8(NodeTestTask.java:141)
	at app//org.junit.platform.engine.support.hierarchical.Node.around(Node.java:137)
	at app//org.junit.platform.engine.support.hierarchical.NodeTestTask.lambda$executeRecursively$9(NodeTestTask.java:139)
	at app//org.junit.platform.engine.support.hierarchical.ThrowableCollector.execute(ThrowableCollector.java:73)
	at app//org.junit.platform.engine.support.hierarchical.NodeTestTask.executeRecursively(NodeTestTask.java:138)
	at app//org.junit.platform.engine.support.hierarchical.NodeTestTask.execute(NodeTestTask.java:95)
	at app//org.junit.platform.engine.support.hierarchical.SameThreadHierarchicalTestExecutorService.submit(SameThreadHierarchicalTestExecutorService.java:35)
	at app//org.junit.platform.engine.support.hierarchical.HierarchicalTestExecutor.execute(HierarchicalTestExecutor.java:57)
	at app//org.junit.platform.engine.support.hierarchical.HierarchicalTestEngine.execute(HierarchicalTestEngine.java:54)
	at app//org.junit.platform.launcher.core.EngineExecutionOrchestrator.execute(EngineExecutionOrchestrator.java:107)
	at app//org.junit.platform.launcher.core.EngineExecutionOrchestrator.execute(EngineExecutionOrchestrator.java:88)
	at app//org.junit.platform.launcher.core.EngineExecutionOrchestrator.lambda$execute$0(EngineExecutionOrchestrator.java:54)
	at app//org.junit.platform.launcher.core.EngineExecutionOrchestrator.withInterceptedStreams(EngineExecutionOrchestrator.java:67)
	at app//org.junit.platform.launcher.core.EngineExecutionOrchestrator.execute(EngineExecutionOrchestrator.java:52)
	at app//org.junit.platform.launcher.core.DefaultLauncher.execute(DefaultLauncher.java:114)
	at app//org.junit.platform.launcher.core.DefaultLauncher.execute(DefaultLauncher.java:86)
	at app//org.junit.platform.launcher.core.DefaultLauncherSession$DelegatingLauncher.execute(DefaultLauncherSession.java:86)
	at org.gradle.api.internal.tasks.testing.junitplatform.JUnitPlatformTestClassProcessor$CollectAllTestClassesExecutor.processAllTestClasses(JUnitPlatformTestClassProcessor.java:110)
	at org.gradle.api.internal.tasks.testing.junitplatform.JUnitPlatformTestClassProcessor$CollectAllTestClassesExecutor.access$000(JUnitPlatformTestClassProcessor.java:90)
	at org.gradle.api.internal.tasks.testing.junitplatform.JUnitPlatformTestClassProcessor.stop(JUnitPlatformTestClassProcessor.java:85)
	at org.gradle.api.internal.tasks.testing.SuiteTestClassProcessor.stop(SuiteTestClassProcessor.java:62)
	at java.base@17.0.7/jdk.internal.reflect.NativeMethodAccessorImpl.invoke0(Native Method)
	at java.base@17.0.7/jdk.internal.reflect.NativeMethodAccessorImpl.invoke(NativeMethodAccessorImpl.java:77)
	at java.base@17.0.7/jdk.internal.reflect.DelegatingMethodAccessorImpl.invoke(DelegatingMethodAccessorImpl.java:43)
	at java.base@17.0.7/java.lang.reflect.Method.invoke(Method.java:568)
	at org.gradle.internal.dispatch.ReflectionDispatch.dispatch(ReflectionDispatch.java:36)
	at org.gradle.internal.dispatch.ReflectionDispatch.dispatch(ReflectionDispatch.java:24)
	at org.gradle.internal.dispatch.ContextClassLoaderDispatch.dispatch(ContextClassLoaderDispatch.java:33)
	at org.gradle.internal.dispatch.ProxyDispatchAdapter$DispatchingInvocationHandler.invoke(ProxyDispatchAdapter.java:94)
	at jdk.proxy2/jdk.proxy2.$Proxy5.stop(Unknown Source)
	at org.gradle.api.internal.tasks.testing.worker.TestWorker$3.run(TestWorker.java:193)
	at org.gradle.api.internal.tasks.testing.worker.TestWorker.executeAndMaintainThreadName(TestWorker.java:129)
	at org.gradle.api.internal.tasks.testing.worker.TestWorker.execute(TestWorker.java:100)
	at org.gradle.api.internal.tasks.testing.worker.TestWorker.execute(TestWorker.java:60)
	at org.gradle.process.internal.worker.child.ActionExecutionWorker.execute(ActionExecutionWorker.java:56)
	at org.gradle.process.internal.worker.child.SystemApplicationClassLoaderWorker.call(SystemApplicationClassLoaderWorker.java:113)
	at org.gradle.process.internal.worker.child.SystemApplicationClassLoaderWorker.call(SystemApplicationClassLoaderWorker.java:65)
	at app//worker.org.gradle.process.internal.worker.GradleWorkerMain.run(GradleWorkerMain.java:69)
	at app//worker.org.gradle.process.internal.worker.GradleWorkerMain.main(GradleWorkerMain.java:74)
Caused by: Contract not found: Gcd[Gcd::gcd(int,int)].JML normal_behavior operation contract.0 (file: src\test\resources\testcase\merge\gcd.closed.proof; caused by: java.io.IOException: Contract not found: Gcd[Gcd::gcd(int,int)].JML normal_behavior operation contract.0)
	at app//de.uka.ilkd.key.control.AbstractUserInterfaceControl.load(AbstractUserInterfaceControl.java:225)
	at app//de.uka.ilkd.key.control.KeYEnvironment.load(KeYEnvironment.java:282)
	at app//de.uka.ilkd.key.control.KeYEnvironment.load(KeYEnvironment.java:251)
	at app//de.uka.ilkd.key.control.KeYEnvironment.load(KeYEnvironment.java:225)
	at app//de.uka.ilkd.key.rule.merge.MergeRuleTests.loadProof(MergeRuleTests.java:319)
	... 85 more
Caused by: java.io.IOException: Contract not found: Gcd[Gcd::gcd(int,int)].JML normal_behavior operation contract.0
	at de.uka.ilkd.key.proof.init.FunctionalOperationContractPO.loadFrom(FunctionalOperationContractPO.java:379)
	at java.base/jdk.internal.reflect.NativeMethodAccessorImpl.invoke0(Native Method)
	at java.base/jdk.internal.reflect.NativeMethodAccessorImpl.invoke(NativeMethodAccessorImpl.java:77)
	at java.base/jdk.internal.reflect.DelegatingMethodAccessorImpl.invoke(DelegatingMethodAccessorImpl.java:43)
	at java.base/java.lang.reflect.Method.invoke(Method.java:568)
	at de.uka.ilkd.key.proof.io.AbstractProblemLoader.createProofObligationContainer(AbstractProblemLoader.java:628)
	at de.uka.ilkd.key.proof.io.AbstractProblemLoader.load(AbstractProblemLoader.java:278)
	at de.uka.ilkd.key.proof.io.AbstractProblemLoader.load(AbstractProblemLoader.java:257)
	at de.uka.ilkd.key.control.AbstractUserInterfaceControl.load(AbstractUserInterfaceControl.java:212)
	... 89 more
</failure>
  </testcase>
  <system-out><![CDATA[]]></system-out>
  <system-err><![CDATA[99730      INFO  Test worker     d.u.i.k.p.i.AbstractProblemLoader Loading environment from src\test\resources\testcase\merge\gcd.key 
99730      DEBUG Test worker     d.u.i.k.p.i.AbstractProblemLoader Environment load took 339ns 
99730      INFO  Test worker     d.u.i.k.p.i.AbstractProblemLoader Creating init config 
99809      ERROR Test worker     d.u.i.k.n.b.AbstractBuilder  com.github.javaparser.resolution.UnsolvedSymbolException: Unsolved symbol in de.uka.ilkd.key.java.JavaParserFactory$DynamicTypeSolver@39ac9725 : java.lang.Object
	at com.github.javaparser.resolution.TypeSolver.solveType(TypeSolver.java:71)

99809      ERROR Test worker     d.u.i.k.n.b.TacletPBuilder Error in parsing taclet. de.uka.ilkd.key.util.parsing.BuildingException: Unsolved symbol in de.uka.ilkd.key.java.JavaParserFactory$DynamicTypeSolver@39ac9725 : java.lang.Object at file:/D:/a/key/key/key.core/build/resources/main/de/uka/ilkd/key/proof/rules/integerRulesCommon.key:37:15
	at de.uka.ilkd.key.nparser.builder.AbstractBuilder.accept(AbstractBuilder.java:54)
Caused by: com.github.javaparser.resolution.UnsolvedSymbolException: Unsolved symbol in de.uka.ilkd.key.java.JavaParserFactory$DynamicTypeSolver@39ac9725 : java.lang.Object
	at com.github.javaparser.resolution.TypeSolver.solveType(TypeSolver.java:71)

99809      ERROR Test worker     d.u.i.k.n.b.AbstractBuilder  com.github.javaparser.resolution.UnsolvedSymbolException: Unsolved symbol in de.uka.ilkd.key.java.JavaParserFactory$DynamicTypeSolver@39ac9725 : java.lang.Object
	at com.github.javaparser.resolution.TypeSolver.solveType(TypeSolver.java:71)

99809      ERROR Test worker     d.u.i.k.n.b.TacletPBuilder Error in parsing taclet. de.uka.ilkd.key.util.parsing.BuildingException: Unsolved symbol in de.uka.ilkd.key.java.JavaParserFactory$DynamicTypeSolver@39ac9725 : java.lang.Object at file:/D:/a/key/key/key.core/build/resources/main/de/uka/ilkd/key/proof/rules/integerRulesCommon.key:43:15
	at de.uka.ilkd.key.nparser.builder.AbstractBuilder.accept(AbstractBuilder.java:54)
Caused by: com.github.javaparser.resolution.UnsolvedSymbolException: Unsolved symbol in de.uka.ilkd.key.java.JavaParserFactory$DynamicTypeSolver@39ac9725 : java.lang.Object
	at com.github.javaparser.resolution.TypeSolver.solveType(TypeSolver.java:71)

99809      ERROR Test worker     d.u.i.k.n.b.AbstractBuilder  com.github.javaparser.resolution.UnsolvedSymbolException: Unsolved symbol in de.uka.ilkd.key.java.JavaParserFactory$DynamicTypeSolver@39ac9725 : java.lang.Object
	at com.github.javaparser.resolution.TypeSolver.solveType(TypeSolver.java:71)

99809      ERROR Test worker     d.u.i.k.n.b.TacletPBuilder Error in parsing taclet. de.uka.ilkd.key.util.parsing.BuildingException: Unsolved symbol in de.uka.ilkd.key.java.JavaParserFactory$DynamicTypeSolver@39ac9725 : java.lang.Object at file:/D:/a/key/key/key.core/build/resources/main/de/uka/ilkd/key/proof/rules/integerRulesCommon.key:52:15
	at de.uka.ilkd.key.nparser.builder.AbstractBuilder.accept(AbstractBuilder.java:54)
Caused by: com.github.javaparser.resolution.UnsolvedSymbolException: Unsolved symbol in de.uka.ilkd.key.java.JavaParserFactory$DynamicTypeSolver@39ac9725 : java.lang.Object
	at com.github.javaparser.resolution.TypeSolver.solveType(TypeSolver.java:71)

99809      ERROR Test worker     d.u.i.k.n.b.AbstractBuilder  com.github.javaparser.resolution.UnsolvedSymbolException: Unsolved symbol in de.uka.ilkd.key.java.JavaParserFactory$DynamicTypeSolver@39ac9725 : java.lang.Object
	at com.github.javaparser.resolution.TypeSolver.solveType(TypeSolver.java:71)

99809      ERROR Test worker     d.u.i.k.n.b.TacletPBuilder Error in parsing taclet. de.uka.ilkd.key.util.parsing.BuildingException: Unsolved symbol in de.uka.ilkd.key.java.JavaParserFactory$DynamicTypeSolver@39ac9725 : java.lang.Object at file:/D:/a/key/key/key.core/build/resources/main/de/uka/ilkd/key/proof/rules/integerRulesCommon.key:65:15
	at de.uka.ilkd.key.nparser.builder.AbstractBuilder.accept(AbstractBuilder.java:54)
Caused by: com.github.javaparser.resolution.UnsolvedSymbolException: Unsolved symbol in de.uka.ilkd.key.java.JavaParserFactory$DynamicTypeSolver@39ac9725 : java.lang.Object
	at com.github.javaparser.resolution.TypeSolver.solveType(TypeSolver.java:71)

99824      ERROR Test worker     d.u.i.k.n.b.AbstractBuilder  com.github.javaparser.resolution.UnsolvedSymbolException: Unsolved symbol in de.uka.ilkd.key.java.JavaParserFactory$DynamicTypeSolver@39ac9725 : java.lang.Object
	at com.github.javaparser.resolution.TypeSolver.solveType(TypeSolver.java:71)

99824      ERROR Test worker     d.u.i.k.n.b.TacletPBuilder Error in parsing taclet. de.uka.ilkd.key.util.parsing.BuildingException: Unsolved symbol in de.uka.ilkd.key.java.JavaParserFactory$DynamicTypeSolver@39ac9725 : java.lang.Object at file:/D:/a/key/key/key.core/build/resources/main/de/uka/ilkd/key/proof/rules/integerRulesCommon.key:73:15
	at de.uka.ilkd.key.nparser.builder.AbstractBuilder.accept(AbstractBuilder.java:54)
Caused by: com.github.javaparser.resolution.UnsolvedSymbolException: Unsolved symbol in de.uka.ilkd.key.java.JavaParserFactory$DynamicTypeSolver@39ac9725 : java.lang.Object
	at com.github.javaparser.resolution.TypeSolver.solveType(TypeSolver.java:71)

99824      ERROR Test worker     d.u.i.k.n.b.AbstractBuilder  com.github.javaparser.resolution.UnsolvedSymbolException: Unsolved symbol in de.uka.ilkd.key.java.JavaParserFactory$DynamicTypeSolver@39ac9725 : java.lang.Object
	at com.github.javaparser.resolution.TypeSolver.solveType(TypeSolver.java:71)

99824      ERROR Test worker     d.u.i.k.n.b.TacletPBuilder Error in parsing taclet. de.uka.ilkd.key.util.parsing.BuildingException: Unsolved symbol in de.uka.ilkd.key.java.JavaParserFactory$DynamicTypeSolver@39ac9725 : java.lang.Object at file:/D:/a/key/key/key.core/build/resources/main/de/uka/ilkd/key/proof/rules/integerRulesCommon.key:81:15
	at de.uka.ilkd.key.nparser.builder.AbstractBuilder.accept(AbstractBuilder.java:54)
Caused by: com.github.javaparser.resolution.UnsolvedSymbolException: Unsolved symbol in de.uka.ilkd.key.java.JavaParserFactory$DynamicTypeSolver@39ac9725 : java.lang.Object
	at com.github.javaparser.resolution.TypeSolver.solveType(TypeSolver.java:71)

99824      ERROR Test worker     d.u.i.k.n.b.AbstractBuilder  com.github.javaparser.resolution.UnsolvedSymbolException: Unsolved symbol in de.uka.ilkd.key.java.JavaParserFactory$DynamicTypeSolver@39ac9725 : java.lang.Object
	at com.github.javaparser.resolution.TypeSolver.solveType(TypeSolver.java:71)

99824      ERROR Test worker     d.u.i.k.n.b.TacletPBuilder Error in parsing taclet. de.uka.ilkd.key.util.parsing.BuildingException: Unsolved symbol in de.uka.ilkd.key.java.JavaParserFactory$DynamicTypeSolver@39ac9725 : java.lang.Object at file:/D:/a/key/key/key.core/build/resources/main/de/uka/ilkd/key/proof/rules/integerRulesCommon.key:89:15
	at de.uka.ilkd.key.nparser.builder.AbstractBuilder.accept(AbstractBuilder.java:54)
Caused by: com.github.javaparser.resolution.UnsolvedSymbolException: Unsolved symbol in de.uka.ilkd.key.java.JavaParserFactory$DynamicTypeSolver@39ac9725 : java.lang.Object
	at com.github.javaparser.resolution.TypeSolver.solveType(TypeSolver.java:71)

99824      ERROR Test worker     d.u.i.k.n.b.AbstractBuilder  com.github.javaparser.resolution.UnsolvedSymbolException: Unsolved symbol in de.uka.ilkd.key.java.JavaParserFactory$DynamicTypeSolver@39ac9725 : java.lang.Object
	at com.github.javaparser.resolution.TypeSolver.solveType(TypeSolver.java:71)

99824      ERROR Test worker     d.u.i.k.n.b.TacletPBuilder Error in parsing taclet. de.uka.ilkd.key.util.parsing.BuildingException: Unsolved symbol in de.uka.ilkd.key.java.JavaParserFactory$DynamicTypeSolver@39ac9725 : java.lang.Object at file:/D:/a/key/key/key.core/build/resources/main/de/uka/ilkd/key/proof/rules/integerRulesCommon.key:97:15
	at de.uka.ilkd.key.nparser.builder.AbstractBuilder.accept(AbstractBuilder.java:54)
Caused by: com.github.javaparser.resolution.UnsolvedSymbolException: Unsolved symbol in de.uka.ilkd.key.java.JavaParserFactory$DynamicTypeSolver@39ac9725 : java.lang.Object
	at com.github.javaparser.resolution.TypeSolver.solveType(TypeSolver.java:71)

99824      ERROR Test worker     d.u.i.k.n.b.AbstractBuilder  com.github.javaparser.resolution.UnsolvedSymbolException: Unsolved symbol in de.uka.ilkd.key.java.JavaParserFactory$DynamicTypeSolver@39ac9725 : java.lang.Object
	at com.github.javaparser.resolution.TypeSolver.solveType(TypeSolver.java:71)

99824      ERROR Test worker     d.u.i.k.n.b.TacletPBuilder Error in parsing taclet. de.uka.ilkd.key.util.parsing.BuildingException: Unsolved symbol in de.uka.ilkd.key.java.JavaParserFactory$DynamicTypeSolver@39ac9725 : java.lang.Object at file:/D:/a/key/key/key.core/build/resources/main/de/uka/ilkd/key/proof/rules/integerRulesCommon.key:105:15
	at de.uka.ilkd.key.nparser.builder.AbstractBuilder.accept(AbstractBuilder.java:54)
Caused by: com.github.javaparser.resolution.UnsolvedSymbolException: Unsolved symbol in de.uka.ilkd.key.java.JavaParserFactory$DynamicTypeSolver@39ac9725 : java.lang.Object
	at com.github.javaparser.resolution.TypeSolver.solveType(TypeSolver.java:71)

99824      ERROR Test worker     d.u.i.k.n.b.AbstractBuilder  com.github.javaparser.resolution.UnsolvedSymbolException: Unsolved symbol in de.uka.ilkd.key.java.JavaParserFactory$DynamicTypeSolver@39ac9725 : java.lang.Object
	at com.github.javaparser.resolution.TypeSolver.solveType(TypeSolver.java:71)

99824      ERROR Test worker     d.u.i.k.n.b.TacletPBuilder Error in parsing taclet. de.uka.ilkd.key.util.parsing.BuildingException: Unsolved symbol in de.uka.ilkd.key.java.JavaParserFactory$DynamicTypeSolver@39ac9725 : java.lang.Object at file:/D:/a/key/key/key.core/build/resources/main/de/uka/ilkd/key/proof/rules/integerRulesCommon.key:113:15
	at de.uka.ilkd.key.nparser.builder.AbstractBuilder.accept(AbstractBuilder.java:54)
Caused by: com.github.javaparser.resolution.UnsolvedSymbolException: Unsolved symbol in de.uka.ilkd.key.java.JavaParserFactory$DynamicTypeSolver@39ac9725 : java.lang.Object
	at com.github.javaparser.resolution.TypeSolver.solveType(TypeSolver.java:71)

99824      ERROR Test worker     d.u.i.k.n.b.AbstractBuilder  com.github.javaparser.resolution.UnsolvedSymbolException: Unsolved symbol in de.uka.ilkd.key.java.JavaParserFactory$DynamicTypeSolver@39ac9725 : java.lang.Object
	at com.github.javaparser.resolution.TypeSolver.solveType(TypeSolver.java:71)

99824      ERROR Test worker     d.u.i.k.n.b.TacletPBuilder Error in parsing taclet. de.uka.ilkd.key.util.parsing.BuildingException: Unsolved symbol in de.uka.ilkd.key.java.JavaParserFactory$DynamicTypeSolver@39ac9725 : java.lang.Object at file:/D:/a/key/key/key.core/build/resources/main/de/uka/ilkd/key/proof/rules/integerRulesCommon.key:120:15
	at de.uka.ilkd.key.nparser.builder.AbstractBuilder.accept(AbstractBuilder.java:54)
Caused by: com.github.javaparser.resolution.UnsolvedSymbolException: Unsolved symbol in de.uka.ilkd.key.java.JavaParserFactory$DynamicTypeSolver@39ac9725 : java.lang.Object
	at com.github.javaparser.resolution.TypeSolver.solveType(TypeSolver.java:71)

99824      ERROR Test worker     d.u.i.k.n.b.AbstractBuilder  com.github.javaparser.resolution.UnsolvedSymbolException: Unsolved symbol in de.uka.ilkd.key.java.JavaParserFactory$DynamicTypeSolver@39ac9725 : java.lang.Object
	at com.github.javaparser.resolution.TypeSolver.solveType(TypeSolver.java:71)

99824      ERROR Test worker     d.u.i.k.n.b.TacletPBuilder Error in parsing taclet. de.uka.ilkd.key.util.parsing.BuildingException: Unsolved symbol in de.uka.ilkd.key.java.JavaParserFactory$DynamicTypeSolver@39ac9725 : java.lang.Object at file:/D:/a/key/key/key.core/build/resources/main/de/uka/ilkd/key/proof/rules/integerRulesCommon.key:127:15
	at de.uka.ilkd.key.nparser.builder.AbstractBuilder.accept(AbstractBuilder.java:54)
Caused by: com.github.javaparser.resolution.UnsolvedSymbolException: Unsolved symbol in de.uka.ilkd.key.java.JavaParserFactory$DynamicTypeSolver@39ac9725 : java.lang.Object
	at com.github.javaparser.resolution.TypeSolver.solveType(TypeSolver.java:71)

99918      DEBUG Test worker     d.u.i.k.j.TypeConverter   No LDT found for Meta 
99918      DEBUG Test worker     d.u.i.k.j.TypeConverter   No LDT found for Meta 
99918      DEBUG Test worker     d.u.i.k.j.TypeConverter   No LDT found for Meta 
99918      DEBUG Test worker     d.u.i.k.j.TypeConverter   No LDT found for Meta 
100059     ERROR Test worker     d.u.i.k.n.b.AbstractBuilder  com.github.javaparser.resolution.UnsolvedSymbolException: Unsolved symbol in de.uka.ilkd.key.java.JavaParserFactory$DynamicTypeSolver@39ac9725 : java.lang.Object
	at com.github.javaparser.resolution.TypeSolver.solveType(TypeSolver.java:71)

100059     ERROR Test worker     d.u.i.k.n.b.TacletPBuilder Error in parsing taclet. de.uka.ilkd.key.util.parsing.BuildingException: Unsolved symbol in de.uka.ilkd.key.java.JavaParserFactory$DynamicTypeSolver@39ac9725 : java.lang.Object at file:/D:/a/key/key/key.core/build/resources/main/de/uka/ilkd/key/proof/rules/floatRulesAssumeStrictfp.key:77:15
	at de.uka.ilkd.key.nparser.builder.AbstractBuilder.accept(AbstractBuilder.java:54)
Caused by: com.github.javaparser.resolution.UnsolvedSymbolException: Unsolved symbol in de.uka.ilkd.key.java.JavaParserFactory$DynamicTypeSolver@39ac9725 : java.lang.Object
	at com.github.javaparser.resolution.TypeSolver.solveType(TypeSolver.java:71)

100059     ERROR Test worker     d.u.i.k.n.b.TacletPBuilder Override: #loc (program Variable) #loc (program Variable) 
100059     ERROR Test worker     d.u.i.k.n.b.TacletPBuilder Override: #se (program SimpleExpression) #se (program SimpleExpression) 
100059     ERROR Test worker     d.u.i.k.n.b.TacletPBuilder Override: post (formula) post (formula) 
100059     ERROR Test worker     d.u.i.k.n.b.AbstractBuilder  com.github.javaparser.resolution.UnsolvedSymbolException: Unsolved symbol in de.uka.ilkd.key.java.JavaParserFactory$DynamicTypeSolver@39ac9725 : java.lang.Object
	at com.github.javaparser.resolution.TypeSolver.solveType(TypeSolver.java:71)

100059     ERROR Test worker     d.u.i.k.n.b.TacletPBuilder Error in parsing taclet. de.uka.ilkd.key.util.parsing.BuildingException: Unsolved symbol in de.uka.ilkd.key.java.JavaParserFactory$DynamicTypeSolver@39ac9725 : java.lang.Object at file:/D:/a/key/key/key.core/build/resources/main/de/uka/ilkd/key/proof/rules/floatRulesAssumeStrictfp.key:87:15
	at de.uka.ilkd.key.nparser.builder.AbstractBuilder.accept(AbstractBuilder.java:54)
Caused by: com.github.javaparser.resolution.UnsolvedSymbolException: Unsolved symbol in de.uka.ilkd.key.java.JavaParserFactory$DynamicTypeSolver@39ac9725 : java.lang.Object
	at com.github.javaparser.resolution.TypeSolver.solveType(TypeSolver.java:71)

100059     ERROR Test worker     d.u.i.k.n.b.TacletPBuilder Override: #loc (program Variable) #loc (program Variable) 
100059     ERROR Test worker     d.u.i.k.n.b.TacletPBuilder Override: #se (program SimpleExpression) #se (program SimpleExpression) 
100059     ERROR Test worker     d.u.i.k.n.b.TacletPBuilder Override: post (formula) post (formula) 
100059     ERROR Test worker     d.u.i.k.n.b.AbstractBuilder  com.github.javaparser.resolution.UnsolvedSymbolException: Unsolved symbol in de.uka.ilkd.key.java.JavaParserFactory$DynamicTypeSolver@39ac9725 : java.lang.Object
	at com.github.javaparser.resolution.TypeSolver.solveType(TypeSolver.java:71)

100059     ERROR Test worker     d.u.i.k.n.b.TacletPBuilder Error in parsing taclet. de.uka.ilkd.key.util.parsing.BuildingException: Unsolved symbol in de.uka.ilkd.key.java.JavaParserFactory$DynamicTypeSolver@39ac9725 : java.lang.Object at file:/D:/a/key/key/key.core/build/resources/main/de/uka/ilkd/key/proof/rules/floatRulesAssumeStrictfp.key:97:15
	at de.uka.ilkd.key.nparser.builder.AbstractBuilder.accept(AbstractBuilder.java:54)
Caused by: com.github.javaparser.resolution.UnsolvedSymbolException: Unsolved symbol in de.uka.ilkd.key.java.JavaParserFactory$DynamicTypeSolver@39ac9725 : java.lang.Object
	at com.github.javaparser.resolution.TypeSolver.solveType(TypeSolver.java:71)

100059     ERROR Test worker     d.u.i.k.n.b.TacletPBuilder Override: #loc (program Variable) #loc (program Variable) 
100059     ERROR Test worker     d.u.i.k.n.b.TacletPBuilder Override: #se (program SimpleExpression) #se (program SimpleExpression) 
100059     ERROR Test worker     d.u.i.k.n.b.TacletPBuilder Override: post (formula) post (formula) 
100059     ERROR Test worker     d.u.i.k.n.b.AbstractBuilder  com.github.javaparser.resolution.UnsolvedSymbolException: Unsolved symbol in de.uka.ilkd.key.java.JavaParserFactory$DynamicTypeSolver@39ac9725 : java.lang.Object
	at com.github.javaparser.resolution.TypeSolver.solveType(TypeSolver.java:71)

100059     ERROR Test worker     d.u.i.k.n.b.TacletPBuilder Error in parsing taclet. de.uka.ilkd.key.util.parsing.BuildingException: Unsolved symbol in de.uka.ilkd.key.java.JavaParserFactory$DynamicTypeSolver@39ac9725 : java.lang.Object at file:/D:/a/key/key/key.core/build/resources/main/de/uka/ilkd/key/proof/rules/floatRulesAssumeStrictfp.key:107:15
	at de.uka.ilkd.key.nparser.builder.AbstractBuilder.accept(AbstractBuilder.java:54)
Caused by: com.github.javaparser.resolution.UnsolvedSymbolException: Unsolved symbol in de.uka.ilkd.key.java.JavaParserFactory$DynamicTypeSolver@39ac9725 : java.lang.Object
	at com.github.javaparser.resolution.TypeSolver.solveType(TypeSolver.java:71)

100059     ERROR Test worker     d.u.i.k.n.b.TacletPBuilder Override: #loc (program Variable) #loc (program Variable) 
100059     ERROR Test worker     d.u.i.k.n.b.TacletPBuilder Override: #se (program SimpleExpression) #se (program SimpleExpression) 
100059     ERROR Test worker     d.u.i.k.n.b.TacletPBuilder Override: post (formula) post (formula) 
100059     ERROR Test worker     d.u.i.k.n.b.AbstractBuilder  com.github.javaparser.resolution.UnsolvedSymbolException: Unsolved symbol in de.uka.ilkd.key.java.JavaParserFactory$DynamicTypeSolver@39ac9725 : java.lang.Object
	at com.github.javaparser.resolution.TypeSolver.solveType(TypeSolver.java:71)

100059     ERROR Test worker     d.u.i.k.n.b.TacletPBuilder Error in parsing taclet. de.uka.ilkd.key.util.parsing.BuildingException: Unsolved symbol in de.uka.ilkd.key.java.JavaParserFactory$DynamicTypeSolver@39ac9725 : java.lang.Object at file:/D:/a/key/key/key.core/build/resources/main/de/uka/ilkd/key/proof/rules/floatRulesAssumeStrictfp.key:117:15
	at de.uka.ilkd.key.nparser.builder.AbstractBuilder.accept(AbstractBuilder.java:54)
Caused by: com.github.javaparser.resolution.UnsolvedSymbolException: Unsolved symbol in de.uka.ilkd.key.java.JavaParserFactory$DynamicTypeSolver@39ac9725 : java.lang.Object
	at com.github.javaparser.resolution.TypeSolver.solveType(TypeSolver.java:71)

100059     ERROR Test worker     d.u.i.k.n.b.TacletPBuilder Override: #loc (program Variable) #loc (program Variable) 
100059     ERROR Test worker     d.u.i.k.n.b.TacletPBuilder Override: post (formula) post (formula) 
100059     ERROR Test worker     d.u.i.k.n.b.AbstractBuilder  com.github.javaparser.resolution.UnsolvedSymbolException: Unsolved symbol in de.uka.ilkd.key.java.JavaParserFactory$DynamicTypeSolver@39ac9725 : java.lang.Object
	at com.github.javaparser.resolution.TypeSolver.solveType(TypeSolver.java:71)

100074     ERROR Test worker     d.u.i.k.n.b.TacletPBuilder Error in parsing taclet. de.uka.ilkd.key.util.parsing.BuildingException: Unsolved symbol in de.uka.ilkd.key.java.JavaParserFactory$DynamicTypeSolver@39ac9725 : java.lang.Object at file:/D:/a/key/key/key.core/build/resources/main/de/uka/ilkd/key/proof/rules/floatRulesAssumeStrictfp.key:128:15
	at de.uka.ilkd.key.nparser.builder.AbstractBuilder.accept(AbstractBuilder.java:54)
Caused by: com.github.javaparser.resolution.UnsolvedSymbolException: Unsolved symbol in de.uka.ilkd.key.java.JavaParserFactory$DynamicTypeSolver@39ac9725 : java.lang.Object
	at com.github.javaparser.resolution.TypeSolver.solveType(TypeSolver.java:71)

100074     ERROR Test worker     d.u.i.k.n.b.TacletPBuilder Override: #loc (program Variable) #loc (program Variable) 
100074     ERROR Test worker     d.u.i.k.n.b.TacletPBuilder Override: #se (program SimpleExpression) #se (program SimpleExpression) 
100074     ERROR Test worker     d.u.i.k.n.b.TacletPBuilder Override: post (formula) post (formula) 
100074     ERROR Test worker     d.u.i.k.n.b.AbstractBuilder  com.github.javaparser.resolution.UnsolvedSymbolException: Unsolved symbol in de.uka.ilkd.key.java.JavaParserFactory$DynamicTypeSolver@39ac9725 : java.lang.Object
	at com.github.javaparser.resolution.TypeSolver.solveType(TypeSolver.java:71)

100074     ERROR Test worker     d.u.i.k.n.b.TacletPBuilder Error in parsing taclet. de.uka.ilkd.key.util.parsing.BuildingException: Unsolved symbol in de.uka.ilkd.key.java.JavaParserFactory$DynamicTypeSolver@39ac9725 : java.lang.Object at file:/D:/a/key/key/key.core/build/resources/main/de/uka/ilkd/key/proof/rules/floatRulesAssumeStrictfp.key:138:15
	at de.uka.ilkd.key.nparser.builder.AbstractBuilder.accept(AbstractBuilder.java:54)
Caused by: com.github.javaparser.resolution.UnsolvedSymbolException: Unsolved symbol in de.uka.ilkd.key.java.JavaParserFactory$DynamicTypeSolver@39ac9725 : java.lang.Object
	at com.github.javaparser.resolution.TypeSolver.solveType(TypeSolver.java:71)

100074     ERROR Test worker     d.u.i.k.n.b.TacletPBuilder Override: #loc (program Variable) #loc (program Variable) 
100074     ERROR Test worker     d.u.i.k.n.b.TacletPBuilder Override: #se1 (program SimpleExpression) #se1 (program SimpleExpression) 
100074     ERROR Test worker     d.u.i.k.n.b.TacletPBuilder Override: #se2 (program SimpleExpression) #se2 (program SimpleExpression) 
100074     ERROR Test worker     d.u.i.k.n.b.TacletPBuilder Override: post (formula) post (formula) 
100074     ERROR Test worker     d.u.i.k.n.b.AbstractBuilder  com.github.javaparser.resolution.UnsolvedSymbolException: Unsolved symbol in de.uka.ilkd.key.java.JavaParserFactory$DynamicTypeSolver@39ac9725 : java.lang.Object
	at com.github.javaparser.resolution.TypeSolver.solveType(TypeSolver.java:71)

100074     ERROR Test worker     d.u.i.k.n.b.TacletPBuilder Error in parsing taclet. de.uka.ilkd.key.util.parsing.BuildingException: Unsolved symbol in de.uka.ilkd.key.java.JavaParserFactory$DynamicTypeSolver@39ac9725 : java.lang.Object at file:/D:/a/key/key/key.core/build/resources/main/de/uka/ilkd/key/proof/rules/floatRulesAssumeStrictfp.key:149:15
	at de.uka.ilkd.key.nparser.builder.AbstractBuilder.accept(AbstractBuilder.java:54)
Caused by: com.github.javaparser.resolution.UnsolvedSymbolException: Unsolved symbol in de.uka.ilkd.key.java.JavaParserFactory$DynamicTypeSolver@39ac9725 : java.lang.Object
	at com.github.javaparser.resolution.TypeSolver.solveType(TypeSolver.java:71)

100074     ERROR Test worker     d.u.i.k.n.b.TacletPBuilder Override: #loc (program Variable) #loc (program Variable) 
100074     ERROR Test worker     d.u.i.k.n.b.TacletPBuilder Override: #se (program SimpleExpression) #se (program SimpleExpression) 
100074     ERROR Test worker     d.u.i.k.n.b.TacletPBuilder Override: post (formula) post (formula) 
100074     ERROR Test worker     d.u.i.k.n.b.AbstractBuilder  com.github.javaparser.resolution.UnsolvedSymbolException: Unsolved symbol in de.uka.ilkd.key.java.JavaParserFactory$DynamicTypeSolver@39ac9725 : java.lang.Object
	at com.github.javaparser.resolution.TypeSolver.solveType(TypeSolver.java:71)

100074     ERROR Test worker     d.u.i.k.n.b.TacletPBuilder Error in parsing taclet. de.uka.ilkd.key.util.parsing.BuildingException: Unsolved symbol in de.uka.ilkd.key.java.JavaParserFactory$DynamicTypeSolver@39ac9725 : java.lang.Object at file:/D:/a/key/key/key.core/build/resources/main/de/uka/ilkd/key/proof/rules/floatRulesAssumeStrictfp.key:159:15
	at de.uka.ilkd.key.nparser.builder.AbstractBuilder.accept(AbstractBuilder.java:54)
Caused by: com.github.javaparser.resolution.UnsolvedSymbolException: Unsolved symbol in de.uka.ilkd.key.java.JavaParserFactory$DynamicTypeSolver@39ac9725 : java.lang.Object
	at com.github.javaparser.resolution.TypeSolver.solveType(TypeSolver.java:71)

100074     ERROR Test worker     d.u.i.k.n.b.TacletPBuilder Override: #loc (program Variable) #loc (program Variable) 
100074     ERROR Test worker     d.u.i.k.n.b.TacletPBuilder Override: #se (program SimpleExpression) #se (program SimpleExpression) 
100074     ERROR Test worker     d.u.i.k.n.b.TacletPBuilder Override: post (formula) post (formula) 
100074     ERROR Test worker     d.u.i.k.n.b.AbstractBuilder  com.github.javaparser.resolution.UnsolvedSymbolException: Unsolved symbol in de.uka.ilkd.key.java.JavaParserFactory$DynamicTypeSolver@39ac9725 : java.lang.Object
	at com.github.javaparser.resolution.TypeSolver.solveType(TypeSolver.java:71)

100074     ERROR Test worker     d.u.i.k.n.b.TacletPBuilder Error in parsing taclet. de.uka.ilkd.key.util.parsing.BuildingException: Unsolved symbol in de.uka.ilkd.key.java.JavaParserFactory$DynamicTypeSolver@39ac9725 : java.lang.Object at file:/D:/a/key/key/key.core/build/resources/main/de/uka/ilkd/key/proof/rules/floatRulesAssumeStrictfp.key:169:15
	at de.uka.ilkd.key.nparser.builder.AbstractBuilder.accept(AbstractBuilder.java:54)
Caused by: com.github.javaparser.resolution.UnsolvedSymbolException: Unsolved symbol in de.uka.ilkd.key.java.JavaParserFactory$DynamicTypeSolver@39ac9725 : java.lang.Object
	at com.github.javaparser.resolution.TypeSolver.solveType(TypeSolver.java:71)

100511     ERROR Test worker     d.u.i.k.n.b.AbstractBuilder  com.github.javaparser.resolution.UnsolvedSymbolException: Unsolved symbol in de.uka.ilkd.key.java.JavaParserFactory$DynamicTypeSolver@39ac9725 : java.lang.Object
	at com.github.javaparser.resolution.TypeSolver.solveType(TypeSolver.java:71)

100511     ERROR Test worker     d.u.i.k.n.b.TacletPBuilder Error in parsing taclet. de.uka.ilkd.key.util.parsing.BuildingException: Unsolved symbol in de.uka.ilkd.key.java.JavaParserFactory$DynamicTypeSolver@39ac9725 : java.lang.Object at file:/D:/a/key/key/key.core/build/resources/main/de/uka/ilkd/key/proof/rules/assertions.key:16:15
	at de.uka.ilkd.key.nparser.builder.AbstractBuilder.accept(AbstractBuilder.java:54)
Caused by: com.github.javaparser.resolution.UnsolvedSymbolException: Unsolved symbol in de.uka.ilkd.key.java.JavaParserFactory$DynamicTypeSolver@39ac9725 : java.lang.Object
	at com.github.javaparser.resolution.TypeSolver.solveType(TypeSolver.java:71)

100511     ERROR Test worker     d.u.i.k.n.b.AbstractBuilder  com.github.javaparser.resolution.UnsolvedSymbolException: Unsolved symbol in de.uka.ilkd.key.java.JavaParserFactory$DynamicTypeSolver@39ac9725 : java.lang.Object
	at com.github.javaparser.resolution.TypeSolver.solveType(TypeSolver.java:71)

100511     ERROR Test worker     d.u.i.k.n.b.TacletPBuilder Error in parsing taclet. de.uka.ilkd.key.util.parsing.BuildingException: Unsolved symbol in de.uka.ilkd.key.java.JavaParserFactory$DynamicTypeSolver@39ac9725 : java.lang.Object at file:/D:/a/key/key/key.core/build/resources/main/de/uka/ilkd/key/proof/rules/assertions.key:25:15
	at de.uka.ilkd.key.nparser.builder.AbstractBuilder.accept(AbstractBuilder.java:54)
Caused by: com.github.javaparser.resolution.UnsolvedSymbolException: Unsolved symbol in de.uka.ilkd.key.java.JavaParserFactory$DynamicTypeSolver@39ac9725 : java.lang.Object
	at com.github.javaparser.resolution.TypeSolver.solveType(TypeSolver.java:71)

100511     ERROR Test worker     d.u.i.k.n.b.AbstractBuilder  com.github.javaparser.resolution.UnsolvedSymbolException: Unsolved symbol in de.uka.ilkd.key.java.JavaParserFactory$DynamicTypeSolver@39ac9725 : java.lang.Object
	at com.github.javaparser.resolution.TypeSolver.solveType(TypeSolver.java:71)

100511     ERROR Test worker     d.u.i.k.n.b.TacletPBuilder Error in parsing taclet. de.uka.ilkd.key.util.parsing.BuildingException: Unsolved symbol in de.uka.ilkd.key.java.JavaParserFactory$DynamicTypeSolver@39ac9725 : java.lang.Object at file:/D:/a/key/key/key.core/build/resources/main/de/uka/ilkd/key/proof/rules/assertions.key:34:15
	at de.uka.ilkd.key.nparser.builder.AbstractBuilder.accept(AbstractBuilder.java:54)
Caused by: com.github.javaparser.resolution.UnsolvedSymbolException: Unsolved symbol in de.uka.ilkd.key.java.JavaParserFactory$DynamicTypeSolver@39ac9725 : java.lang.Object
	at com.github.javaparser.resolution.TypeSolver.solveType(TypeSolver.java:71)

100511     ERROR Test worker     d.u.i.k.n.b.AbstractBuilder  com.github.javaparser.resolution.UnsolvedSymbolException: Unsolved symbol in de.uka.ilkd.key.java.JavaParserFactory$DynamicTypeSolver@39ac9725 : java.lang.Object
	at com.github.javaparser.resolution.TypeSolver.solveType(TypeSolver.java:71)

100511     ERROR Test worker     d.u.i.k.n.b.TacletPBuilder Error in parsing taclet. de.uka.ilkd.key.util.parsing.BuildingException: Unsolved symbol in de.uka.ilkd.key.java.JavaParserFactory$DynamicTypeSolver@39ac9725 : java.lang.Object at file:/D:/a/key/key/key.core/build/resources/main/de/uka/ilkd/key/proof/rules/assertions.key:43:15
	at de.uka.ilkd.key.nparser.builder.AbstractBuilder.accept(AbstractBuilder.java:54)
Caused by: com.github.javaparser.resolution.UnsolvedSymbolException: Unsolved symbol in de.uka.ilkd.key.java.JavaParserFactory$DynamicTypeSolver@39ac9725 : java.lang.Object
	at com.github.javaparser.resolution.TypeSolver.solveType(TypeSolver.java:71)

100511     ERROR Test worker     d.u.i.k.n.b.AbstractBuilder  com.github.javaparser.resolution.UnsolvedSymbolException: Unsolved symbol in de.uka.ilkd.key.java.JavaParserFactory$DynamicTypeSolver@39ac9725 : java.lang.Object
	at com.github.javaparser.resolution.TypeSolver.solveType(TypeSolver.java:71)

100511     ERROR Test worker     d.u.i.k.n.b.TacletPBuilder Error in parsing taclet. de.uka.ilkd.key.util.parsing.BuildingException: Unsolved symbol in de.uka.ilkd.key.java.JavaParserFactory$DynamicTypeSolver@39ac9725 : java.lang.Object at file:/D:/a/key/key/key.core/build/resources/main/de/uka/ilkd/key/proof/rules/assertions.key:54:15
	at de.uka.ilkd.key.nparser.builder.AbstractBuilder.accept(AbstractBuilder.java:54)
Caused by: com.github.javaparser.resolution.UnsolvedSymbolException: Unsolved symbol in de.uka.ilkd.key.java.JavaParserFactory$DynamicTypeSolver@39ac9725 : java.lang.Object
	at com.github.javaparser.resolution.TypeSolver.solveType(TypeSolver.java:71)

100511     ERROR Test worker     d.u.i.k.n.b.AbstractBuilder  com.github.javaparser.resolution.UnsolvedSymbolException: Unsolved symbol in de.uka.ilkd.key.java.JavaParserFactory$DynamicTypeSolver@39ac9725 : java.lang.Object
	at com.github.javaparser.resolution.TypeSolver.solveType(TypeSolver.java:71)

100511     ERROR Test worker     d.u.i.k.n.b.TacletPBuilder Error in parsing taclet. de.uka.ilkd.key.util.parsing.BuildingException: Unsolved symbol in de.uka.ilkd.key.java.JavaParserFactory$DynamicTypeSolver@39ac9725 : java.lang.Object at file:/D:/a/key/key/key.core/build/resources/main/de/uka/ilkd/key/proof/rules/assertions.key:66:15
	at de.uka.ilkd.key.nparser.builder.AbstractBuilder.accept(AbstractBuilder.java:54)
Caused by: com.github.javaparser.resolution.UnsolvedSymbolException: Unsolved symbol in de.uka.ilkd.key.java.JavaParserFactory$DynamicTypeSolver@39ac9725 : java.lang.Object
	at com.github.javaparser.resolution.TypeSolver.solveType(TypeSolver.java:71)

100511     ERROR Test worker     d.u.i.k.n.b.AbstractBuilder  com.github.javaparser.resolution.UnsolvedSymbolException: Unsolved symbol in de.uka.ilkd.key.java.JavaParserFactory$DynamicTypeSolver@39ac9725 : java.lang.Object
	at com.github.javaparser.resolution.TypeSolver.solveType(TypeSolver.java:71)

100511     ERROR Test worker     d.u.i.k.n.b.TacletPBuilder Error in parsing taclet. de.uka.ilkd.key.util.parsing.BuildingException: Unsolved symbol in de.uka.ilkd.key.java.JavaParserFactory$DynamicTypeSolver@39ac9725 : java.lang.Object at file:/D:/a/key/key/key.core/build/resources/main/de/uka/ilkd/key/proof/rules/assertions.key:78:15
	at de.uka.ilkd.key.nparser.builder.AbstractBuilder.accept(AbstractBuilder.java:54)
Caused by: com.github.javaparser.resolution.UnsolvedSymbolException: Unsolved symbol in de.uka.ilkd.key.java.JavaParserFactory$DynamicTypeSolver@39ac9725 : java.lang.Object
	at com.github.javaparser.resolution.TypeSolver.solveType(TypeSolver.java:71)

100511     ERROR Test worker     d.u.i.k.n.b.AbstractBuilder  com.github.javaparser.resolution.UnsolvedSymbolException: Unsolved symbol in de.uka.ilkd.key.java.JavaParserFactory$DynamicTypeSolver@39ac9725 : java.lang.Object
	at com.github.javaparser.resolution.TypeSolver.solveType(TypeSolver.java:71)

100511     ERROR Test worker     d.u.i.k.n.b.TacletPBuilder Error in parsing taclet. de.uka.ilkd.key.util.parsing.BuildingException: Unsolved symbol in de.uka.ilkd.key.java.JavaParserFactory$DynamicTypeSolver@39ac9725 : java.lang.Object at file:/D:/a/key/key/key.core/build/resources/main/de/uka/ilkd/key/proof/rules/assertions.key:93:15
	at de.uka.ilkd.key.nparser.builder.AbstractBuilder.accept(AbstractBuilder.java:54)
Caused by: com.github.javaparser.resolution.UnsolvedSymbolException: Unsolved symbol in de.uka.ilkd.key.java.JavaParserFactory$DynamicTypeSolver@39ac9725 : java.lang.Object
	at com.github.javaparser.resolution.TypeSolver.solveType(TypeSolver.java:71)

100527     ERROR Test worker     d.u.i.k.n.b.AbstractBuilder  com.github.javaparser.resolution.UnsolvedSymbolException: Unsolved symbol in de.uka.ilkd.key.java.JavaParserFactory$DynamicTypeSolver@39ac9725 : java.lang.Object
	at com.github.javaparser.resolution.TypeSolver.solveType(TypeSolver.java:71)

100527     ERROR Test worker     d.u.i.k.n.b.TacletPBuilder Error in parsing taclet. de.uka.ilkd.key.util.parsing.BuildingException: Unsolved symbol in de.uka.ilkd.key.java.JavaParserFactory$DynamicTypeSolver@39ac9725 : java.lang.Object at file:/D:/a/key/key/key.core/build/resources/main/de/uka/ilkd/key/proof/rules/assertions.key:100:15
	at de.uka.ilkd.key.nparser.builder.AbstractBuilder.accept(AbstractBuilder.java:54)
Caused by: com.github.javaparser.resolution.UnsolvedSymbolException: Unsolved symbol in de.uka.ilkd.key.java.JavaParserFactory$DynamicTypeSolver@39ac9725 : java.lang.Object
	at com.github.javaparser.resolution.TypeSolver.solveType(TypeSolver.java:71)

100527     ERROR Test worker     d.u.i.k.n.b.AbstractBuilder  com.github.javaparser.resolution.UnsolvedSymbolException: Unsolved symbol in de.uka.ilkd.key.java.JavaParserFactory$DynamicTypeSolver@39ac9725 : java.lang.Object
	at com.github.javaparser.resolution.TypeSolver.solveType(TypeSolver.java:71)

100527     ERROR Test worker     d.u.i.k.n.b.TacletPBuilder Error in parsing taclet. de.uka.ilkd.key.util.parsing.BuildingException: Unsolved symbol in de.uka.ilkd.key.java.JavaParserFactory$DynamicTypeSolver@39ac9725 : java.lang.Object at file:/D:/a/key/key/key.core/build/resources/main/de/uka/ilkd/key/proof/rules/assertions.key:115:20
	at de.uka.ilkd.key.nparser.builder.AbstractBuilder.accept(AbstractBuilder.java:54)
Caused by: com.github.javaparser.resolution.UnsolvedSymbolException: Unsolved symbol in de.uka.ilkd.key.java.JavaParserFactory$DynamicTypeSolver@39ac9725 : java.lang.Object
	at com.github.javaparser.resolution.TypeSolver.solveType(TypeSolver.java:71)

100527     ERROR Test worker     d.u.i.k.n.b.TacletPBuilder Override: f (variable) f (variable) 
100527     ERROR Test worker     d.u.i.k.n.b.TacletPBuilder Override: o (variable) o (variable) 
100527     ERROR Test worker     d.u.i.k.n.b.TacletPBuilder Override: oldHeap (Heap skolem term) oldHeap (Heap skolem term) 
100527     ERROR Test worker     d.u.i.k.n.b.AbstractBuilder  com.github.javaparser.resolution.UnsolvedSymbolException: Unsolved symbol in de.uka.ilkd.key.java.JavaParserFactory$DynamicTypeSolver@39ac9725 : java.lang.Object
	at com.github.javaparser.resolution.TypeSolver.solveType(TypeSolver.java:71)

100527     ERROR Test worker     d.u.i.k.n.b.TacletPBuilder Error in parsing taclet. de.uka.ilkd.key.util.parsing.BuildingException: Unsolved symbol in de.uka.ilkd.key.java.JavaParserFactory$DynamicTypeSolver@39ac9725 : java.lang.Object at file:/D:/a/key/key/key.core/build/resources/main/de/uka/ilkd/key/proof/rules/assertions.key:136:20
	at de.uka.ilkd.key.nparser.builder.AbstractBuilder.accept(AbstractBuilder.java:54)
Caused by: com.github.javaparser.resolution.UnsolvedSymbolException: Unsolved symbol in de.uka.ilkd.key.java.JavaParserFactory$DynamicTypeSolver@39ac9725 : java.lang.Object
	at com.github.javaparser.resolution.TypeSolver.solveType(TypeSolver.java:71)

100527     ERROR Test worker     d.u.i.k.n.b.AbstractBuilder  com.github.javaparser.resolution.UnsolvedSymbolException: Unsolved symbol in de.uka.ilkd.key.java.JavaParserFactory$DynamicTypeSolver@39ac9725 : java.lang.Object
	at com.github.javaparser.resolution.TypeSolver.solveType(TypeSolver.java:71)

100527     ERROR Test worker     d.u.i.k.n.b.TacletPBuilder Error in parsing taclet. de.uka.ilkd.key.util.parsing.BuildingException: Unsolved symbol in de.uka.ilkd.key.java.JavaParserFactory$DynamicTypeSolver@39ac9725 : java.lang.Object at file:/D:/a/key/key/key.core/build/resources/main/de/uka/ilkd/key/proof/rules/javaRules.key:106:13
	at de.uka.ilkd.key.nparser.builder.AbstractBuilder.accept(AbstractBuilder.java:54)
Caused by: com.github.javaparser.resolution.UnsolvedSymbolException: Unsolved symbol in de.uka.ilkd.key.java.JavaParserFactory$DynamicTypeSolver@39ac9725 : java.lang.Object
	at com.github.javaparser.resolution.TypeSolver.solveType(TypeSolver.java:71)

100527     ERROR Test worker     d.u.i.k.n.b.AbstractBuilder  com.github.javaparser.resolution.UnsolvedSymbolException: Unsolved symbol in de.uka.ilkd.key.java.JavaParserFactory$DynamicTypeSolver@39ac9725 : java.lang.Object
	at com.github.javaparser.resolution.TypeSolver.solveType(TypeSolver.java:71)

100527     ERROR Test worker     d.u.i.k.n.b.TacletPBuilder Error in parsing taclet. de.uka.ilkd.key.util.parsing.BuildingException: Unsolved symbol in de.uka.ilkd.key.java.JavaParserFactory$DynamicTypeSolver@39ac9725 : java.lang.Object at file:/D:/a/key/key/key.core/build/resources/main/de/uka/ilkd/key/proof/rules/javaRules.key:121:13
	at de.uka.ilkd.key.nparser.builder.AbstractBuilder.accept(AbstractBuilder.java:54)
Caused by: com.github.javaparser.resolution.UnsolvedSymbolException: Unsolved symbol in de.uka.ilkd.key.java.JavaParserFactory$DynamicTypeSolver@39ac9725 : java.lang.Object
	at com.github.javaparser.resolution.TypeSolver.solveType(TypeSolver.java:71)

100527     ERROR Test worker     d.u.i.k.n.b.AbstractBuilder  com.github.javaparser.resolution.UnsolvedSymbolException: Unsolved symbol in de.uka.ilkd.key.java.JavaParserFactory$DynamicTypeSolver@39ac9725 : java.lang.Object
	at com.github.javaparser.resolution.TypeSolver.solveType(TypeSolver.java:71)

100527     ERROR Test worker     d.u.i.k.n.b.TacletPBuilder Error in parsing taclet. de.uka.ilkd.key.util.parsing.BuildingException: Unsolved symbol in de.uka.ilkd.key.java.JavaParserFactory$DynamicTypeSolver@39ac9725 : java.lang.Object at file:/D:/a/key/key/key.core/build/resources/main/de/uka/ilkd/key/proof/rules/javaRules.key:135:13
	at de.uka.ilkd.key.nparser.builder.AbstractBuilder.accept(AbstractBuilder.java:54)
Caused by: com.github.javaparser.resolution.UnsolvedSymbolException: Unsolved symbol in de.uka.ilkd.key.java.JavaParserFactory$DynamicTypeSolver@39ac9725 : java.lang.Object
	at com.github.javaparser.resolution.TypeSolver.solveType(TypeSolver.java:71)

100527     ERROR Test worker     d.u.i.k.n.b.AbstractBuilder  com.github.javaparser.resolution.UnsolvedSymbolException: Unsolved symbol in de.uka.ilkd.key.java.JavaParserFactory$DynamicTypeSolver@39ac9725 : java.lang.Object
	at com.github.javaparser.resolution.TypeSolver.solveType(TypeSolver.java:71)

100527     ERROR Test worker     d.u.i.k.n.b.TacletPBuilder Error in parsing taclet. de.uka.ilkd.key.util.parsing.BuildingException: Unsolved symbol in de.uka.ilkd.key.java.JavaParserFactory$DynamicTypeSolver@39ac9725 : java.lang.Object at file:/D:/a/key/key/key.core/build/resources/main/de/uka/ilkd/key/proof/rules/javaRules.key:145:13
	at de.uka.ilkd.key.nparser.builder.AbstractBuilder.accept(AbstractBuilder.java:54)
Caused by: com.github.javaparser.resolution.UnsolvedSymbolException: Unsolved symbol in de.uka.ilkd.key.java.JavaParserFactory$DynamicTypeSolver@39ac9725 : java.lang.Object
	at com.github.javaparser.resolution.TypeSolver.solveType(TypeSolver.java:71)

100543     ERROR Test worker     d.u.i.k.n.b.AbstractBuilder  com.github.javaparser.resolution.UnsolvedSymbolException: Unsolved symbol in de.uka.ilkd.key.java.JavaParserFactory$DynamicTypeSolver@39ac9725 : java.lang.Object
	at com.github.javaparser.resolution.TypeSolver.solveType(TypeSolver.java:71)

100543     ERROR Test worker     d.u.i.k.n.b.TacletPBuilder Error in parsing taclet. de.uka.ilkd.key.util.parsing.BuildingException: Unsolved symbol in de.uka.ilkd.key.java.JavaParserFactory$DynamicTypeSolver@39ac9725 : java.lang.Object at file:/D:/a/key/key/key.core/build/resources/main/de/uka/ilkd/key/proof/rules/javaRules.key:155:13
	at de.uka.ilkd.key.nparser.builder.AbstractBuilder.accept(AbstractBuilder.java:54)
Caused by: com.github.javaparser.resolution.UnsolvedSymbolException: Unsolved symbol in de.uka.ilkd.key.java.JavaParserFactory$DynamicTypeSolver@39ac9725 : java.lang.Object
	at com.github.javaparser.resolution.TypeSolver.solveType(TypeSolver.java:71)

100543     ERROR Test worker     d.u.i.k.n.b.AbstractBuilder  com.github.javaparser.resolution.UnsolvedSymbolException: Unsolved symbol in de.uka.ilkd.key.java.JavaParserFactory$DynamicTypeSolver@39ac9725 : java.lang.Object
	at com.github.javaparser.resolution.TypeSolver.solveType(TypeSolver.java:71)

100543     ERROR Test worker     d.u.i.k.n.b.TacletPBuilder Error in parsing taclet. de.uka.ilkd.key.util.parsing.BuildingException: Unsolved symbol in de.uka.ilkd.key.java.JavaParserFactory$DynamicTypeSolver@39ac9725 : java.lang.Object at file:/D:/a/key/key/key.core/build/resources/main/de/uka/ilkd/key/proof/rules/javaRules.key:165:13
	at de.uka.ilkd.key.nparser.builder.AbstractBuilder.accept(AbstractBuilder.java:54)
Caused by: com.github.javaparser.resolution.UnsolvedSymbolException: Unsolved symbol in de.uka.ilkd.key.java.JavaParserFactory$DynamicTypeSolver@39ac9725 : java.lang.Object
	at com.github.javaparser.resolution.TypeSolver.solveType(TypeSolver.java:71)

100543     ERROR Test worker     d.u.i.k.n.b.AbstractBuilder  com.github.javaparser.resolution.UnsolvedSymbolException: Unsolved symbol in de.uka.ilkd.key.java.JavaParserFactory$DynamicTypeSolver@39ac9725 : java.lang.Object
	at com.github.javaparser.resolution.TypeSolver.solveType(TypeSolver.java:71)

100543     ERROR Test worker     d.u.i.k.n.b.TacletPBuilder Error in parsing taclet. de.uka.ilkd.key.util.parsing.BuildingException: Unsolved symbol in de.uka.ilkd.key.java.JavaParserFactory$DynamicTypeSolver@39ac9725 : java.lang.Object at file:/D:/a/key/key/key.core/build/resources/main/de/uka/ilkd/key/proof/rules/javaRules.key:176:13
	at de.uka.ilkd.key.nparser.builder.AbstractBuilder.accept(AbstractBuilder.java:54)
Caused by: com.github.javaparser.resolution.UnsolvedSymbolException: Unsolved symbol in de.uka.ilkd.key.java.JavaParserFactory$DynamicTypeSolver@39ac9725 : java.lang.Object
	at com.github.javaparser.resolution.TypeSolver.solveType(TypeSolver.java:71)

100543     ERROR Test worker     d.u.i.k.n.b.AbstractBuilder  com.github.javaparser.resolution.UnsolvedSymbolException: Unsolved symbol in de.uka.ilkd.key.java.JavaParserFactory$DynamicTypeSolver@39ac9725 : java.lang.Object
	at com.github.javaparser.resolution.TypeSolver.solveType(TypeSolver.java:71)

100543     ERROR Test worker     d.u.i.k.n.b.TacletPBuilder Error in parsing taclet. de.uka.ilkd.key.util.parsing.BuildingException: Unsolved symbol in de.uka.ilkd.key.java.JavaParserFactory$DynamicTypeSolver@39ac9725 : java.lang.Object at file:/D:/a/key/key/key.core/build/resources/main/de/uka/ilkd/key/proof/rules/javaRules.key:187:13
	at de.uka.ilkd.key.nparser.builder.AbstractBuilder.accept(AbstractBuilder.java:54)
Caused by: com.github.javaparser.resolution.UnsolvedSymbolException: Unsolved symbol in de.uka.ilkd.key.java.JavaParserFactory$DynamicTypeSolver@39ac9725 : java.lang.Object
	at com.github.javaparser.resolution.TypeSolver.solveType(TypeSolver.java:71)

100543     ERROR Test worker     d.u.i.k.n.b.AbstractBuilder  com.github.javaparser.resolution.UnsolvedSymbolException: Unsolved symbol in de.uka.ilkd.key.java.JavaParserFactory$DynamicTypeSolver@39ac9725 : java.lang.Object
	at com.github.javaparser.resolution.TypeSolver.solveType(TypeSolver.java:71)

100543     ERROR Test worker     d.u.i.k.n.b.TacletPBuilder Error in parsing taclet. de.uka.ilkd.key.util.parsing.BuildingException: Unsolved symbol in de.uka.ilkd.key.java.JavaParserFactory$DynamicTypeSolver@39ac9725 : java.lang.Object at file:/D:/a/key/key/key.core/build/resources/main/de/uka/ilkd/key/proof/rules/javaRules.key:198:13
	at de.uka.ilkd.key.nparser.builder.AbstractBuilder.accept(AbstractBuilder.java:54)
Caused by: com.github.javaparser.resolution.UnsolvedSymbolException: Unsolved symbol in de.uka.ilkd.key.java.JavaParserFactory$DynamicTypeSolver@39ac9725 : java.lang.Object
	at com.github.javaparser.resolution.TypeSolver.solveType(TypeSolver.java:71)

100543     ERROR Test worker     d.u.i.k.n.b.AbstractBuilder  com.github.javaparser.resolution.UnsolvedSymbolException: Unsolved symbol in de.uka.ilkd.key.java.JavaParserFactory$DynamicTypeSolver@39ac9725 : java.lang.Object
	at com.github.javaparser.resolution.TypeSolver.solveType(TypeSolver.java:71)

100543     ERROR Test worker     d.u.i.k.n.b.TacletPBuilder Error in parsing taclet. de.uka.ilkd.key.util.parsing.BuildingException: Unsolved symbol in de.uka.ilkd.key.java.JavaParserFactory$DynamicTypeSolver@39ac9725 : java.lang.Object at file:/D:/a/key/key/key.core/build/resources/main/de/uka/ilkd/key/proof/rules/javaRules.key:209:13
	at de.uka.ilkd.key.nparser.builder.AbstractBuilder.accept(AbstractBuilder.java:54)
Caused by: com.github.javaparser.resolution.UnsolvedSymbolException: Unsolved symbol in de.uka.ilkd.key.java.JavaParserFactory$DynamicTypeSolver@39ac9725 : java.lang.Object
	at com.github.javaparser.resolution.TypeSolver.solveType(TypeSolver.java:71)

100543     ERROR Test worker     d.u.i.k.n.b.AbstractBuilder  com.github.javaparser.resolution.UnsolvedSymbolException: Unsolved symbol in de.uka.ilkd.key.java.JavaParserFactory$DynamicTypeSolver@39ac9725 : java.lang.Object
	at com.github.javaparser.resolution.TypeSolver.solveType(TypeSolver.java:71)

100543     ERROR Test worker     d.u.i.k.n.b.TacletPBuilder Error in parsing taclet. de.uka.ilkd.key.util.parsing.BuildingException: Unsolved symbol in de.uka.ilkd.key.java.JavaParserFactory$DynamicTypeSolver@39ac9725 : java.lang.Object at file:/D:/a/key/key/key.core/build/resources/main/de/uka/ilkd/key/proof/rules/javaRules.key:220:13
	at de.uka.ilkd.key.nparser.builder.AbstractBuilder.accept(AbstractBuilder.java:54)
Caused by: com.github.javaparser.resolution.UnsolvedSymbolException: Unsolved symbol in de.uka.ilkd.key.java.JavaParserFactory$DynamicTypeSolver@39ac9725 : java.lang.Object
	at com.github.javaparser.resolution.TypeSolver.solveType(TypeSolver.java:71)

100543     ERROR Test worker     d.u.i.k.n.b.AbstractBuilder  com.github.javaparser.resolution.UnsolvedSymbolException: Unsolved symbol in de.uka.ilkd.key.java.JavaParserFactory$DynamicTypeSolver@39ac9725 : java.lang.Object
	at com.github.javaparser.resolution.TypeSolver.solveType(TypeSolver.java:71)

100543     ERROR Test worker     d.u.i.k.n.b.TacletPBuilder Error in parsing taclet. de.uka.ilkd.key.util.parsing.BuildingException: Unsolved symbol in de.uka.ilkd.key.java.JavaParserFactory$DynamicTypeSolver@39ac9725 : java.lang.Object at file:/D:/a/key/key/key.core/build/resources/main/de/uka/ilkd/key/proof/rules/javaRules.key:231:13
	at de.uka.ilkd.key.nparser.builder.AbstractBuilder.accept(AbstractBuilder.java:54)
Caused by: com.github.javaparser.resolution.UnsolvedSymbolException: Unsolved symbol in de.uka.ilkd.key.java.JavaParserFactory$DynamicTypeSolver@39ac9725 : java.lang.Object
	at com.github.javaparser.resolution.TypeSolver.solveType(TypeSolver.java:71)

100543     ERROR Test worker     d.u.i.k.n.b.AbstractBuilder  com.github.javaparser.resolution.UnsolvedSymbolException: Unsolved symbol in de.uka.ilkd.key.java.JavaParserFactory$DynamicTypeSolver@39ac9725 : java.lang.Object
	at com.github.javaparser.resolution.TypeSolver.solveType(TypeSolver.java:71)

100543     ERROR Test worker     d.u.i.k.n.b.TacletPBuilder Error in parsing taclet. de.uka.ilkd.key.util.parsing.BuildingException: Unsolved symbol in de.uka.ilkd.key.java.JavaParserFactory$DynamicTypeSolver@39ac9725 : java.lang.Object at file:/D:/a/key/key/key.core/build/resources/main/de/uka/ilkd/key/proof/rules/javaRules.key:242:13
	at de.uka.ilkd.key.nparser.builder.AbstractBuilder.accept(AbstractBuilder.java:54)
Caused by: com.github.javaparser.resolution.UnsolvedSymbolException: Unsolved symbol in de.uka.ilkd.key.java.JavaParserFactory$DynamicTypeSolver@39ac9725 : java.lang.Object
	at com.github.javaparser.resolution.TypeSolver.solveType(TypeSolver.java:71)

100560     ERROR Test worker     d.u.i.k.n.b.AbstractBuilder  com.github.javaparser.resolution.UnsolvedSymbolException: Unsolved symbol in de.uka.ilkd.key.java.JavaParserFactory$DynamicTypeSolver@39ac9725 : java.lang.Object
	at com.github.javaparser.resolution.TypeSolver.solveType(TypeSolver.java:71)

100560     ERROR Test worker     d.u.i.k.n.b.TacletPBuilder Error in parsing taclet. de.uka.ilkd.key.util.parsing.BuildingException: Unsolved symbol in de.uka.ilkd.key.java.JavaParserFactory$DynamicTypeSolver@39ac9725 : java.lang.Object at file:/D:/a/key/key/key.core/build/resources/main/de/uka/ilkd/key/proof/rules/javaRules.key:257:15
	at de.uka.ilkd.key.nparser.builder.AbstractBuilder.accept(AbstractBuilder.java:54)
Caused by: com.github.javaparser.resolution.UnsolvedSymbolException: Unsolved symbol in de.uka.ilkd.key.java.JavaParserFactory$DynamicTypeSolver@39ac9725 : java.lang.Object
	at com.github.javaparser.resolution.TypeSolver.solveType(TypeSolver.java:71)

100561     ERROR Test worker     d.u.i.k.n.b.AbstractBuilder  com.github.javaparser.resolution.UnsolvedSymbolException: Unsolved symbol in de.uka.ilkd.key.java.JavaParserFactory$DynamicTypeSolver@39ac9725 : java.lang.Object
	at com.github.javaparser.resolution.TypeSolver.solveType(TypeSolver.java:71)

100561     ERROR Test worker     d.u.i.k.n.b.TacletPBuilder Error in parsing taclet. de.uka.ilkd.key.util.parsing.BuildingException: Unsolved symbol in de.uka.ilkd.key.java.JavaParserFactory$DynamicTypeSolver@39ac9725 : java.lang.Object at file:/D:/a/key/key/key.core/build/resources/main/de/uka/ilkd/key/proof/rules/javaRules.key:263:15
	at de.uka.ilkd.key.nparser.builder.AbstractBuilder.accept(AbstractBuilder.java:54)
Caused by: com.github.javaparser.resolution.UnsolvedSymbolException: Unsolved symbol in de.uka.ilkd.key.java.JavaParserFactory$DynamicTypeSolver@39ac9725 : java.lang.Object
	at com.github.javaparser.resolution.TypeSolver.solveType(TypeSolver.java:71)

100561     ERROR Test worker     d.u.i.k.n.b.AbstractBuilder  com.github.javaparser.resolution.UnsolvedSymbolException: Unsolved symbol in de.uka.ilkd.key.java.JavaParserFactory$DynamicTypeSolver@39ac9725 : java.lang.Object
	at com.github.javaparser.resolution.TypeSolver.solveType(TypeSolver.java:71)

100561     ERROR Test worker     d.u.i.k.n.b.TacletPBuilder Error in parsing taclet. de.uka.ilkd.key.util.parsing.BuildingException: Unsolved symbol in de.uka.ilkd.key.java.JavaParserFactory$DynamicTypeSolver@39ac9725 : java.lang.Object at file:/D:/a/key/key/key.core/build/resources/main/de/uka/ilkd/key/proof/rules/javaRules.key:271:15
	at de.uka.ilkd.key.nparser.builder.AbstractBuilder.accept(AbstractBuilder.java:54)
Caused by: com.github.javaparser.resolution.UnsolvedSymbolException: Unsolved symbol in de.uka.ilkd.key.java.JavaParserFactory$DynamicTypeSolver@39ac9725 : java.lang.Object
	at com.github.javaparser.resolution.TypeSolver.solveType(TypeSolver.java:71)

100561     ERROR Test worker     d.u.i.k.n.b.AbstractBuilder  com.github.javaparser.resolution.UnsolvedSymbolException: Unsolved symbol in de.uka.ilkd.key.java.JavaParserFactory$DynamicTypeSolver@39ac9725 : java.lang.Object
	at com.github.javaparser.resolution.TypeSolver.solveType(TypeSolver.java:71)

100561     ERROR Test worker     d.u.i.k.n.b.TacletPBuilder Error in parsing taclet. de.uka.ilkd.key.util.parsing.BuildingException: Unsolved symbol in de.uka.ilkd.key.java.JavaParserFactory$DynamicTypeSolver@39ac9725 : java.lang.Object at file:/D:/a/key/key/key.core/build/resources/main/de/uka/ilkd/key/proof/rules/javaRules.key:279:15
	at de.uka.ilkd.key.nparser.builder.AbstractBuilder.accept(AbstractBuilder.java:54)
Caused by: com.github.javaparser.resolution.UnsolvedSymbolException: Unsolved symbol in de.uka.ilkd.key.java.JavaParserFactory$DynamicTypeSolver@39ac9725 : java.lang.Object
	at com.github.javaparser.resolution.TypeSolver.solveType(TypeSolver.java:71)

100561     ERROR Test worker     d.u.i.k.n.b.AbstractBuilder  com.github.javaparser.resolution.UnsolvedSymbolException: Unsolved symbol in de.uka.ilkd.key.java.JavaParserFactory$DynamicTypeSolver@39ac9725 : java.lang.Object
	at com.github.javaparser.resolution.TypeSolver.solveType(TypeSolver.java:71)

100561     ERROR Test worker     d.u.i.k.n.b.TacletPBuilder Error in parsing taclet. de.uka.ilkd.key.util.parsing.BuildingException: Unsolved symbol in de.uka.ilkd.key.java.JavaParserFactory$DynamicTypeSolver@39ac9725 : java.lang.Object at file:/D:/a/key/key/key.core/build/resources/main/de/uka/ilkd/key/proof/rules/javaRules.key:287:15
	at de.uka.ilkd.key.nparser.builder.AbstractBuilder.accept(AbstractBuilder.java:54)
Caused by: com.github.javaparser.resolution.UnsolvedSymbolException: Unsolved symbol in de.uka.ilkd.key.java.JavaParserFactory$DynamicTypeSolver@39ac9725 : java.lang.Object
	at com.github.javaparser.resolution.TypeSolver.solveType(TypeSolver.java:71)

100561     ERROR Test worker     d.u.i.k.n.b.AbstractBuilder  com.github.javaparser.resolution.UnsolvedSymbolException: Unsolved symbol in de.uka.ilkd.key.java.JavaParserFactory$DynamicTypeSolver@39ac9725 : java.lang.Object
	at com.github.javaparser.resolution.TypeSolver.solveType(TypeSolver.java:71)

100561     ERROR Test worker     d.u.i.k.n.b.TacletPBuilder Error in parsing taclet. de.uka.ilkd.key.util.parsing.BuildingException: Unsolved symbol in de.uka.ilkd.key.java.JavaParserFactory$DynamicTypeSolver@39ac9725 : java.lang.Object at file:/D:/a/key/key/key.core/build/resources/main/de/uka/ilkd/key/proof/rules/javaRules.key:297:15
	at de.uka.ilkd.key.nparser.builder.AbstractBuilder.accept(AbstractBuilder.java:54)
Caused by: com.github.javaparser.resolution.UnsolvedSymbolException: Unsolved symbol in de.uka.ilkd.key.java.JavaParserFactory$DynamicTypeSolver@39ac9725 : java.lang.Object
	at com.github.javaparser.resolution.TypeSolver.solveType(TypeSolver.java:71)

100561     ERROR Test worker     d.u.i.k.n.b.AbstractBuilder  com.github.javaparser.resolution.UnsolvedSymbolException: Unsolved symbol in de.uka.ilkd.key.java.JavaParserFactory$DynamicTypeSolver@39ac9725 : java.lang.Object
	at com.github.javaparser.resolution.TypeSolver.solveType(TypeSolver.java:71)

100561     ERROR Test worker     d.u.i.k.n.b.TacletPBuilder Error in parsing taclet. de.uka.ilkd.key.util.parsing.BuildingException: Unsolved symbol in de.uka.ilkd.key.java.JavaParserFactory$DynamicTypeSolver@39ac9725 : java.lang.Object at file:/D:/a/key/key/key.core/build/resources/main/de/uka/ilkd/key/proof/rules/javaRules.key:307:15
	at de.uka.ilkd.key.nparser.builder.AbstractBuilder.accept(AbstractBuilder.java:54)
Caused by: com.github.javaparser.resolution.UnsolvedSymbolException: Unsolved symbol in de.uka.ilkd.key.java.JavaParserFactory$DynamicTypeSolver@39ac9725 : java.lang.Object
	at com.github.javaparser.resolution.TypeSolver.solveType(TypeSolver.java:71)

100561     ERROR Test worker     d.u.i.k.n.b.AbstractBuilder  com.github.javaparser.resolution.UnsolvedSymbolException: Unsolved symbol in de.uka.ilkd.key.java.JavaParserFactory$DynamicTypeSolver@39ac9725 : java.lang.Object
	at com.github.javaparser.resolution.TypeSolver.solveType(TypeSolver.java:71)

100561     ERROR Test worker     d.u.i.k.n.b.TacletPBuilder Error in parsing taclet. de.uka.ilkd.key.util.parsing.BuildingException: Unsolved symbol in de.uka.ilkd.key.java.JavaParserFactory$DynamicTypeSolver@39ac9725 : java.lang.Object at file:/D:/a/key/key/key.core/build/resources/main/de/uka/ilkd/key/proof/rules/javaRules.key:317:15
	at de.uka.ilkd.key.nparser.builder.AbstractBuilder.accept(AbstractBuilder.java:54)
Caused by: com.github.javaparser.resolution.UnsolvedSymbolException: Unsolved symbol in de.uka.ilkd.key.java.JavaParserFactory$DynamicTypeSolver@39ac9725 : java.lang.Object
	at com.github.javaparser.resolution.TypeSolver.solveType(TypeSolver.java:71)

100561     ERROR Test worker     d.u.i.k.n.b.AbstractBuilder  com.github.javaparser.resolution.UnsolvedSymbolException: Unsolved symbol in de.uka.ilkd.key.java.JavaParserFactory$DynamicTypeSolver@39ac9725 : java.lang.Object
	at com.github.javaparser.resolution.TypeSolver.solveType(TypeSolver.java:71)

100561     ERROR Test worker     d.u.i.k.n.b.TacletPBuilder Error in parsing taclet. de.uka.ilkd.key.util.parsing.BuildingException: Unsolved symbol in de.uka.ilkd.key.java.JavaParserFactory$DynamicTypeSolver@39ac9725 : java.lang.Object at file:/D:/a/key/key/key.core/build/resources/main/de/uka/ilkd/key/proof/rules/javaRules.key:329:15
	at de.uka.ilkd.key.nparser.builder.AbstractBuilder.accept(AbstractBuilder.java:54)
Caused by: com.github.javaparser.resolution.UnsolvedSymbolException: Unsolved symbol in de.uka.ilkd.key.java.JavaParserFactory$DynamicTypeSolver@39ac9725 : java.lang.Object
	at com.github.javaparser.resolution.TypeSolver.solveType(TypeSolver.java:71)

100577     ERROR Test worker     d.u.i.k.n.b.AbstractBuilder  com.github.javaparser.resolution.UnsolvedSymbolException: Unsolved symbol in de.uka.ilkd.key.java.JavaParserFactory$DynamicTypeSolver@39ac9725 : java.lang.Object
	at com.github.javaparser.resolution.TypeSolver.solveType(TypeSolver.java:71)

100577     ERROR Test worker     d.u.i.k.n.b.TacletPBuilder Error in parsing taclet. de.uka.ilkd.key.util.parsing.BuildingException: Unsolved symbol in de.uka.ilkd.key.java.JavaParserFactory$DynamicTypeSolver@39ac9725 : java.lang.Object at file:/D:/a/key/key/key.core/build/resources/main/de/uka/ilkd/key/proof/rules/javaRules.key:403:15
	at de.uka.ilkd.key.nparser.builder.AbstractBuilder.accept(AbstractBuilder.java:54)
Caused by: com.github.javaparser.resolution.UnsolvedSymbolException: Unsolved symbol in de.uka.ilkd.key.java.JavaParserFactory$DynamicTypeSolver@39ac9725 : java.lang.Object
	at com.github.javaparser.resolution.TypeSolver.solveType(TypeSolver.java:71)

100577     ERROR Test worker     d.u.i.k.n.b.AbstractBuilder  com.github.javaparser.resolution.UnsolvedSymbolException: Unsolved symbol in de.uka.ilkd.key.java.JavaParserFactory$DynamicTypeSolver@39ac9725 : java.lang.Object
	at com.github.javaparser.resolution.TypeSolver.solveType(TypeSolver.java:71)

100577     ERROR Test worker     d.u.i.k.n.b.TacletPBuilder Error in parsing taclet. de.uka.ilkd.key.util.parsing.BuildingException: Unsolved symbol in de.uka.ilkd.key.java.JavaParserFactory$DynamicTypeSolver@39ac9725 : java.lang.Object at file:/D:/a/key/key/key.core/build/resources/main/de/uka/ilkd/key/proof/rules/javaRules.key:411:15
	at de.uka.ilkd.key.nparser.builder.AbstractBuilder.accept(AbstractBuilder.java:54)
Caused by: com.github.javaparser.resolution.UnsolvedSymbolException: Unsolved symbol in de.uka.ilkd.key.java.JavaParserFactory$DynamicTypeSolver@39ac9725 : java.lang.Object
	at com.github.javaparser.resolution.TypeSolver.solveType(TypeSolver.java:71)

100577     ERROR Test worker     d.u.i.k.n.b.AbstractBuilder  com.github.javaparser.resolution.UnsolvedSymbolException: Unsolved symbol in de.uka.ilkd.key.java.JavaParserFactory$DynamicTypeSolver@39ac9725 : java.lang.Object
	at com.github.javaparser.resolution.TypeSolver.solveType(TypeSolver.java:71)

100577     ERROR Test worker     d.u.i.k.n.b.TacletPBuilder Error in parsing taclet. de.uka.ilkd.key.util.parsing.BuildingException: Unsolved symbol in de.uka.ilkd.key.java.JavaParserFactory$DynamicTypeSolver@39ac9725 : java.lang.Object at file:/D:/a/key/key/key.core/build/resources/main/de/uka/ilkd/key/proof/rules/javaRules.key:419:15
	at de.uka.ilkd.key.nparser.builder.AbstractBuilder.accept(AbstractBuilder.java:54)
Caused by: com.github.javaparser.resolution.UnsolvedSymbolException: Unsolved symbol in de.uka.ilkd.key.java.JavaParserFactory$DynamicTypeSolver@39ac9725 : java.lang.Object
	at com.github.javaparser.resolution.TypeSolver.solveType(TypeSolver.java:71)

100577     ERROR Test worker     d.u.i.k.n.b.AbstractBuilder  com.github.javaparser.resolution.UnsolvedSymbolException: Unsolved symbol in de.uka.ilkd.key.java.JavaParserFactory$DynamicTypeSolver@39ac9725 : java.lang.Object
	at com.github.javaparser.resolution.TypeSolver.solveType(TypeSolver.java:71)

100577     ERROR Test worker     d.u.i.k.n.b.TacletPBuilder Error in parsing taclet. de.uka.ilkd.key.util.parsing.BuildingException: Unsolved symbol in de.uka.ilkd.key.java.JavaParserFactory$DynamicTypeSolver@39ac9725 : java.lang.Object at file:/D:/a/key/key/key.core/build/resources/main/de/uka/ilkd/key/proof/rules/javaRules.key:427:15
	at de.uka.ilkd.key.nparser.builder.AbstractBuilder.accept(AbstractBuilder.java:54)
Caused by: com.github.javaparser.resolution.UnsolvedSymbolException: Unsolved symbol in de.uka.ilkd.key.java.JavaParserFactory$DynamicTypeSolver@39ac9725 : java.lang.Object
	at com.github.javaparser.resolution.TypeSolver.solveType(TypeSolver.java:71)

100577     ERROR Test worker     d.u.i.k.n.b.AbstractBuilder  com.github.javaparser.resolution.UnsolvedSymbolException: Unsolved symbol in de.uka.ilkd.key.java.JavaParserFactory$DynamicTypeSolver@39ac9725 : java.lang.Object
	at com.github.javaparser.resolution.TypeSolver.solveType(TypeSolver.java:71)

100577     ERROR Test worker     d.u.i.k.n.b.TacletPBuilder Error in parsing taclet. de.uka.ilkd.key.util.parsing.BuildingException: Unsolved symbol in de.uka.ilkd.key.java.JavaParserFactory$DynamicTypeSolver@39ac9725 : java.lang.Object at file:/D:/a/key/key/key.core/build/resources/main/de/uka/ilkd/key/proof/rules/javaRules.key:434:15
	at de.uka.ilkd.key.nparser.builder.AbstractBuilder.accept(AbstractBuilder.java:54)
Caused by: com.github.javaparser.resolution.UnsolvedSymbolException: Unsolved symbol in de.uka.ilkd.key.java.JavaParserFactory$DynamicTypeSolver@39ac9725 : java.lang.Object
	at com.github.javaparser.resolution.TypeSolver.solveType(TypeSolver.java:71)

100577     ERROR Test worker     d.u.i.k.n.b.AbstractBuilder  com.github.javaparser.resolution.UnsolvedSymbolException: Unsolved symbol in de.uka.ilkd.key.java.JavaParserFactory$DynamicTypeSolver@39ac9725 : java.lang.Object
	at com.github.javaparser.resolution.TypeSolver.solveType(TypeSolver.java:71)

100577     ERROR Test worker     d.u.i.k.n.b.TacletPBuilder Error in parsing taclet. de.uka.ilkd.key.util.parsing.BuildingException: Unsolved symbol in de.uka.ilkd.key.java.JavaParserFactory$DynamicTypeSolver@39ac9725 : java.lang.Object at file:/D:/a/key/key/key.core/build/resources/main/de/uka/ilkd/key/proof/rules/javaRules.key:441:15
	at de.uka.ilkd.key.nparser.builder.AbstractBuilder.accept(AbstractBuilder.java:54)
Caused by: com.github.javaparser.resolution.UnsolvedSymbolException: Unsolved symbol in de.uka.ilkd.key.java.JavaParserFactory$DynamicTypeSolver@39ac9725 : java.lang.Object
	at com.github.javaparser.resolution.TypeSolver.solveType(TypeSolver.java:71)

100577     ERROR Test worker     d.u.i.k.n.b.AbstractBuilder  com.github.javaparser.resolution.UnsolvedSymbolException: Unsolved symbol in de.uka.ilkd.key.java.JavaParserFactory$DynamicTypeSolver@39ac9725 : java.lang.Object
	at com.github.javaparser.resolution.TypeSolver.solveType(TypeSolver.java:71)

100577     ERROR Test worker     d.u.i.k.n.b.TacletPBuilder Error in parsing taclet. de.uka.ilkd.key.util.parsing.BuildingException: Unsolved symbol in de.uka.ilkd.key.java.JavaParserFactory$DynamicTypeSolver@39ac9725 : java.lang.Object at file:/D:/a/key/key/key.core/build/resources/main/de/uka/ilkd/key/proof/rules/javaRules.key:448:15
	at de.uka.ilkd.key.nparser.builder.AbstractBuilder.accept(AbstractBuilder.java:54)
Caused by: com.github.javaparser.resolution.UnsolvedSymbolException: Unsolved symbol in de.uka.ilkd.key.java.JavaParserFactory$DynamicTypeSolver@39ac9725 : java.lang.Object
	at com.github.javaparser.resolution.TypeSolver.solveType(TypeSolver.java:71)

100577     ERROR Test worker     d.u.i.k.n.b.AbstractBuilder  com.github.javaparser.resolution.UnsolvedSymbolException: Unsolved symbol in de.uka.ilkd.key.java.JavaParserFactory$DynamicTypeSolver@39ac9725 : java.lang.Object
	at com.github.javaparser.resolution.TypeSolver.solveType(TypeSolver.java:71)

100577     ERROR Test worker     d.u.i.k.n.b.TacletPBuilder Error in parsing taclet. de.uka.ilkd.key.util.parsing.BuildingException: Unsolved symbol in de.uka.ilkd.key.java.JavaParserFactory$DynamicTypeSolver@39ac9725 : java.lang.Object at file:/D:/a/key/key/key.core/build/resources/main/de/uka/ilkd/key/proof/rules/javaRules.key:455:15
	at de.uka.ilkd.key.nparser.builder.AbstractBuilder.accept(AbstractBuilder.java:54)
Caused by: com.github.javaparser.resolution.UnsolvedSymbolException: Unsolved symbol in de.uka.ilkd.key.java.JavaParserFactory$DynamicTypeSolver@39ac9725 : java.lang.Object
	at com.github.javaparser.resolution.TypeSolver.solveType(TypeSolver.java:71)

100592     ERROR Test worker     d.u.i.k.n.b.AbstractBuilder  com.github.javaparser.resolution.UnsolvedSymbolException: Unsolved symbol in de.uka.ilkd.key.java.JavaParserFactory$DynamicTypeSolver@39ac9725 : java.lang.Object
	at com.github.javaparser.resolution.TypeSolver.solveType(TypeSolver.java:71)

100592     ERROR Test worker     d.u.i.k.n.b.TacletPBuilder Error in parsing taclet. de.uka.ilkd.key.util.parsing.BuildingException: Unsolved symbol in de.uka.ilkd.key.java.JavaParserFactory$DynamicTypeSolver@39ac9725 : java.lang.Object at file:/D:/a/key/key/key.core/build/resources/main/de/uka/ilkd/key/proof/rules/javaRules.key:466:15
	at de.uka.ilkd.key.nparser.builder.AbstractBuilder.accept(AbstractBuilder.java:54)
Caused by: com.github.javaparser.resolution.UnsolvedSymbolException: Unsolved symbol in de.uka.ilkd.key.java.JavaParserFactory$DynamicTypeSolver@39ac9725 : java.lang.Object
	at com.github.javaparser.resolution.TypeSolver.solveType(TypeSolver.java:71)

100592     ERROR Test worker     d.u.i.k.n.b.AbstractBuilder  com.github.javaparser.resolution.UnsolvedSymbolException: Unsolved symbol in de.uka.ilkd.key.java.JavaParserFactory$DynamicTypeSolver@39ac9725 : java.lang.Object
	at com.github.javaparser.resolution.TypeSolver.solveType(TypeSolver.java:71)

100592     ERROR Test worker     d.u.i.k.n.b.TacletPBuilder Error in parsing taclet. de.uka.ilkd.key.util.parsing.BuildingException: Unsolved symbol in de.uka.ilkd.key.java.JavaParserFactory$DynamicTypeSolver@39ac9725 : java.lang.Object at file:/D:/a/key/key/key.core/build/resources/main/de/uka/ilkd/key/proof/rules/javaRules.key:472:15
	at de.uka.ilkd.key.nparser.builder.AbstractBuilder.accept(AbstractBuilder.java:54)
Caused by: com.github.javaparser.resolution.UnsolvedSymbolException: Unsolved symbol in de.uka.ilkd.key.java.JavaParserFactory$DynamicTypeSolver@39ac9725 : java.lang.Object
	at com.github.javaparser.resolution.TypeSolver.solveType(TypeSolver.java:71)

100592     ERROR Test worker     d.u.i.k.n.b.AbstractBuilder  com.github.javaparser.resolution.UnsolvedSymbolException: Unsolved symbol in de.uka.ilkd.key.java.JavaParserFactory$DynamicTypeSolver@39ac9725 : java.lang.Object
	at com.github.javaparser.resolution.TypeSolver.solveType(TypeSolver.java:71)

100592     ERROR Test worker     d.u.i.k.n.b.TacletPBuilder Error in parsing taclet. de.uka.ilkd.key.util.parsing.BuildingException: Unsolved symbol in de.uka.ilkd.key.java.JavaParserFactory$DynamicTypeSolver@39ac9725 : java.lang.Object at file:/D:/a/key/key/key.core/build/resources/main/de/uka/ilkd/key/proof/rules/javaRules.key:482:15
	at de.uka.ilkd.key.nparser.builder.AbstractBuilder.accept(AbstractBuilder.java:54)
Caused by: com.github.javaparser.resolution.UnsolvedSymbolException: Unsolved symbol in de.uka.ilkd.key.java.JavaParserFactory$DynamicTypeSolver@39ac9725 : java.lang.Object
	at com.github.javaparser.resolution.TypeSolver.solveType(TypeSolver.java:71)

100592     ERROR Test worker     d.u.i.k.n.b.AbstractBuilder  com.github.javaparser.resolution.UnsolvedSymbolException: Unsolved symbol in de.uka.ilkd.key.java.JavaParserFactory$DynamicTypeSolver@39ac9725 : java.lang.Object
	at com.github.javaparser.resolution.TypeSolver.solveType(TypeSolver.java:71)

100592     ERROR Test worker     d.u.i.k.n.b.TacletPBuilder Error in parsing taclet. de.uka.ilkd.key.util.parsing.BuildingException: Unsolved symbol in de.uka.ilkd.key.java.JavaParserFactory$DynamicTypeSolver@39ac9725 : java.lang.Object at file:/D:/a/key/key/key.core/build/resources/main/de/uka/ilkd/key/proof/rules/javaRules.key:488:15
	at de.uka.ilkd.key.nparser.builder.AbstractBuilder.accept(AbstractBuilder.java:54)
Caused by: com.github.javaparser.resolution.UnsolvedSymbolException: Unsolved symbol in de.uka.ilkd.key.java.JavaParserFactory$DynamicTypeSolver@39ac9725 : java.lang.Object
	at com.github.javaparser.resolution.TypeSolver.solveType(TypeSolver.java:71)

100592     ERROR Test worker     d.u.i.k.n.b.AbstractBuilder  com.github.javaparser.resolution.UnsolvedSymbolException: Unsolved symbol in de.uka.ilkd.key.java.JavaParserFactory$DynamicTypeSolver@39ac9725 : java.lang.Object
	at com.github.javaparser.resolution.TypeSolver.solveType(TypeSolver.java:71)

100592     ERROR Test worker     d.u.i.k.n.b.TacletPBuilder Error in parsing taclet. de.uka.ilkd.key.util.parsing.BuildingException: Unsolved symbol in de.uka.ilkd.key.java.JavaParserFactory$DynamicTypeSolver@39ac9725 : java.lang.Object at file:/D:/a/key/key/key.core/build/resources/main/de/uka/ilkd/key/proof/rules/javaRules.key:494:15
	at de.uka.ilkd.key.nparser.builder.AbstractBuilder.accept(AbstractBuilder.java:54)
Caused by: com.github.javaparser.resolution.UnsolvedSymbolException: Unsolved symbol in de.uka.ilkd.key.java.JavaParserFactory$DynamicTypeSolver@39ac9725 : java.lang.Object
	at com.github.javaparser.resolution.TypeSolver.solveType(TypeSolver.java:71)

100592     ERROR Test worker     d.u.i.k.n.b.AbstractBuilder  com.github.javaparser.resolution.UnsolvedSymbolException: Unsolved symbol in de.uka.ilkd.key.java.JavaParserFactory$DynamicTypeSolver@39ac9725 : java.lang.Object
	at com.github.javaparser.resolution.TypeSolver.solveType(TypeSolver.java:71)

100592     ERROR Test worker     d.u.i.k.n.b.TacletPBuilder Error in parsing taclet. de.uka.ilkd.key.util.parsing.BuildingException: Unsolved symbol in de.uka.ilkd.key.java.JavaParserFactory$DynamicTypeSolver@39ac9725 : java.lang.Object at file:/D:/a/key/key/key.core/build/resources/main/de/uka/ilkd/key/proof/rules/javaRules.key:500:15
	at de.uka.ilkd.key.nparser.builder.AbstractBuilder.accept(AbstractBuilder.java:54)
Caused by: com.github.javaparser.resolution.UnsolvedSymbolException: Unsolved symbol in de.uka.ilkd.key.java.JavaParserFactory$DynamicTypeSolver@39ac9725 : java.lang.Object
	at com.github.javaparser.resolution.TypeSolver.solveType(TypeSolver.java:71)

100592     ERROR Test worker     d.u.i.k.n.b.AbstractBuilder  com.github.javaparser.resolution.UnsolvedSymbolException: Unsolved symbol in de.uka.ilkd.key.java.JavaParserFactory$DynamicTypeSolver@39ac9725 : java.lang.Object
	at com.github.javaparser.resolution.TypeSolver.solveType(TypeSolver.java:71)

100592     ERROR Test worker     d.u.i.k.n.b.TacletPBuilder Error in parsing taclet. de.uka.ilkd.key.util.parsing.BuildingException: Unsolved symbol in de.uka.ilkd.key.java.JavaParserFactory$DynamicTypeSolver@39ac9725 : java.lang.Object at file:/D:/a/key/key/key.core/build/resources/main/de/uka/ilkd/key/proof/rules/javaRules.key:506:15
	at de.uka.ilkd.key.nparser.builder.AbstractBuilder.accept(AbstractBuilder.java:54)
Caused by: com.github.javaparser.resolution.UnsolvedSymbolException: Unsolved symbol in de.uka.ilkd.key.java.JavaParserFactory$DynamicTypeSolver@39ac9725 : java.lang.Object
	at com.github.javaparser.resolution.TypeSolver.solveType(TypeSolver.java:71)

100592     ERROR Test worker     d.u.i.k.n.b.AbstractBuilder  com.github.javaparser.resolution.UnsolvedSymbolException: Unsolved symbol in de.uka.ilkd.key.java.JavaParserFactory$DynamicTypeSolver@39ac9725 : java.lang.Object
	at com.github.javaparser.resolution.TypeSolver.solveType(TypeSolver.java:71)

100592     ERROR Test worker     d.u.i.k.n.b.TacletPBuilder Error in parsing taclet. de.uka.ilkd.key.util.parsing.BuildingException: Unsolved symbol in de.uka.ilkd.key.java.JavaParserFactory$DynamicTypeSolver@39ac9725 : java.lang.Object at file:/D:/a/key/key/key.core/build/resources/main/de/uka/ilkd/key/proof/rules/javaRules.key:523:15
	at de.uka.ilkd.key.nparser.builder.AbstractBuilder.accept(AbstractBuilder.java:54)
Caused by: com.github.javaparser.resolution.UnsolvedSymbolException: Unsolved symbol in de.uka.ilkd.key.java.JavaParserFactory$DynamicTypeSolver@39ac9725 : java.lang.Object
	at com.github.javaparser.resolution.TypeSolver.solveType(TypeSolver.java:71)

100592     ERROR Test worker     d.u.i.k.n.b.AbstractBuilder  com.github.javaparser.resolution.UnsolvedSymbolException: Unsolved symbol in de.uka.ilkd.key.java.JavaParserFactory$DynamicTypeSolver@39ac9725 : java.lang.Object
	at com.github.javaparser.resolution.TypeSolver.solveType(TypeSolver.java:71)

100608     ERROR Test worker     d.u.i.k.n.b.TacletPBuilder Error in parsing taclet. de.uka.ilkd.key.util.parsing.BuildingException: Unsolved symbol in de.uka.ilkd.key.java.JavaParserFactory$DynamicTypeSolver@39ac9725 : java.lang.Object at file:/D:/a/key/key/key.core/build/resources/main/de/uka/ilkd/key/proof/rules/javaRules.key:546:15
	at de.uka.ilkd.key.nparser.builder.AbstractBuilder.accept(AbstractBuilder.java:54)
Caused by: com.github.javaparser.resolution.UnsolvedSymbolException: Unsolved symbol in de.uka.ilkd.key.java.JavaParserFactory$DynamicTypeSolver@39ac9725 : java.lang.Object
	at com.github.javaparser.resolution.TypeSolver.solveType(TypeSolver.java:71)

100608     ERROR Test worker     d.u.i.k.n.b.AbstractBuilder  com.github.javaparser.resolution.UnsolvedSymbolException: Unsolved symbol in de.uka.ilkd.key.java.JavaParserFactory$DynamicTypeSolver@39ac9725 : java.lang.Object
	at com.github.javaparser.resolution.TypeSolver.solveType(TypeSolver.java:71)

100608     ERROR Test worker     d.u.i.k.n.b.TacletPBuilder Error in parsing taclet. de.uka.ilkd.key.util.parsing.BuildingException: Unsolved symbol in de.uka.ilkd.key.java.JavaParserFactory$DynamicTypeSolver@39ac9725 : java.lang.Object at file:/D:/a/key/key/key.core/build/resources/main/de/uka/ilkd/key/proof/rules/javaRules.key:574:15
	at de.uka.ilkd.key.nparser.builder.AbstractBuilder.accept(AbstractBuilder.java:54)
Caused by: com.github.javaparser.resolution.UnsolvedSymbolException: Unsolved symbol in de.uka.ilkd.key.java.JavaParserFactory$DynamicTypeSolver@39ac9725 : java.lang.Object
	at com.github.javaparser.resolution.TypeSolver.solveType(TypeSolver.java:71)

100608     ERROR Test worker     d.u.i.k.n.b.AbstractBuilder  com.github.javaparser.resolution.UnsolvedSymbolException: Unsolved symbol in de.uka.ilkd.key.java.JavaParserFactory$DynamicTypeSolver@39ac9725 : java.lang.Object
	at com.github.javaparser.resolution.TypeSolver.solveType(TypeSolver.java:71)

100608     ERROR Test worker     d.u.i.k.n.b.TacletPBuilder Error in parsing taclet. de.uka.ilkd.key.util.parsing.BuildingException: Unsolved symbol in de.uka.ilkd.key.java.JavaParserFactory$DynamicTypeSolver@39ac9725 : java.lang.Object at file:/D:/a/key/key/key.core/build/resources/main/de/uka/ilkd/key/proof/rules/javaRules.key:590:15
	at de.uka.ilkd.key.nparser.builder.AbstractBuilder.accept(AbstractBuilder.java:54)
Caused by: com.github.javaparser.resolution.UnsolvedSymbolException: Unsolved symbol in de.uka.ilkd.key.java.JavaParserFactory$DynamicTypeSolver@39ac9725 : java.lang.Object
	at com.github.javaparser.resolution.TypeSolver.solveType(TypeSolver.java:71)

100608     ERROR Test worker     d.u.i.k.n.b.AbstractBuilder  com.github.javaparser.resolution.UnsolvedSymbolException: Unsolved symbol in de.uka.ilkd.key.java.JavaParserFactory$DynamicTypeSolver@39ac9725 : java.lang.Object
	at com.github.javaparser.resolution.TypeSolver.solveType(TypeSolver.java:71)

100608     ERROR Test worker     d.u.i.k.n.b.TacletPBuilder Error in parsing taclet. de.uka.ilkd.key.util.parsing.BuildingException: Unsolved symbol in de.uka.ilkd.key.java.JavaParserFactory$DynamicTypeSolver@39ac9725 : java.lang.Object at file:/D:/a/key/key/key.core/build/resources/main/de/uka/ilkd/key/proof/rules/javaRules.key:596:15
	at de.uka.ilkd.key.nparser.builder.AbstractBuilder.accept(AbstractBuilder.java:54)
Caused by: com.github.javaparser.resolution.UnsolvedSymbolException: Unsolved symbol in de.uka.ilkd.key.java.JavaParserFactory$DynamicTypeSolver@39ac9725 : java.lang.Object
	at com.github.javaparser.resolution.TypeSolver.solveType(TypeSolver.java:71)

100608     ERROR Test worker     d.u.i.k.n.b.AbstractBuilder  com.github.javaparser.resolution.UnsolvedSymbolException: Unsolved symbol in de.uka.ilkd.key.java.JavaParserFactory$DynamicTypeSolver@39ac9725 : java.lang.Object
	at com.github.javaparser.resolution.TypeSolver.solveType(TypeSolver.java:71)

100608     ERROR Test worker     d.u.i.k.n.b.TacletPBuilder Error in parsing taclet. de.uka.ilkd.key.util.parsing.BuildingException: Unsolved symbol in de.uka.ilkd.key.java.JavaParserFactory$DynamicTypeSolver@39ac9725 : java.lang.Object at file:/D:/a/key/key/key.core/build/resources/main/de/uka/ilkd/key/proof/rules/javaRules.key:605:15
	at de.uka.ilkd.key.nparser.builder.AbstractBuilder.accept(AbstractBuilder.java:54)
Caused by: com.github.javaparser.resolution.UnsolvedSymbolException: Unsolved symbol in de.uka.ilkd.key.java.JavaParserFactory$DynamicTypeSolver@39ac9725 : java.lang.Object
	at com.github.javaparser.resolution.TypeSolver.solveType(TypeSolver.java:71)

100608     ERROR Test worker     d.u.i.k.n.b.AbstractBuilder  com.github.javaparser.resolution.UnsolvedSymbolException: Unsolved symbol in de.uka.ilkd.key.java.JavaParserFactory$DynamicTypeSolver@39ac9725 : java.lang.Object
	at com.github.javaparser.resolution.TypeSolver.solveType(TypeSolver.java:71)

100608     ERROR Test worker     d.u.i.k.n.b.TacletPBuilder Error in parsing taclet. de.uka.ilkd.key.util.parsing.BuildingException: Unsolved symbol in de.uka.ilkd.key.java.JavaParserFactory$DynamicTypeSolver@39ac9725 : java.lang.Object at file:/D:/a/key/key/key.core/build/resources/main/de/uka/ilkd/key/proof/rules/javaRules.key:613:15
	at de.uka.ilkd.key.nparser.builder.AbstractBuilder.accept(AbstractBuilder.java:54)
Caused by: com.github.javaparser.resolution.UnsolvedSymbolException: Unsolved symbol in de.uka.ilkd.key.java.JavaParserFactory$DynamicTypeSolver@39ac9725 : java.lang.Object
	at com.github.javaparser.resolution.TypeSolver.solveType(TypeSolver.java:71)

100608     ERROR Test worker     d.u.i.k.n.b.AbstractBuilder  com.github.javaparser.resolution.UnsolvedSymbolException: Unsolved symbol in de.uka.ilkd.key.java.JavaParserFactory$DynamicTypeSolver@39ac9725 : java.lang.Object
	at com.github.javaparser.resolution.TypeSolver.solveType(TypeSolver.java:71)

100608     ERROR Test worker     d.u.i.k.n.b.TacletPBuilder Error in parsing taclet. de.uka.ilkd.key.util.parsing.BuildingException: Unsolved symbol in de.uka.ilkd.key.java.JavaParserFactory$DynamicTypeSolver@39ac9725 : java.lang.Object at file:/D:/a/key/key/key.core/build/resources/main/de/uka/ilkd/key/proof/rules/javaRules.key:622:15
	at de.uka.ilkd.key.nparser.builder.AbstractBuilder.accept(AbstractBuilder.java:54)
Caused by: com.github.javaparser.resolution.UnsolvedSymbolException: Unsolved symbol in de.uka.ilkd.key.java.JavaParserFactory$DynamicTypeSolver@39ac9725 : java.lang.Object
	at com.github.javaparser.resolution.TypeSolver.solveType(TypeSolver.java:71)

100608     ERROR Test worker     d.u.i.k.n.b.AbstractBuilder  com.github.javaparser.resolution.UnsolvedSymbolException: Unsolved symbol in de.uka.ilkd.key.java.JavaParserFactory$DynamicTypeSolver@39ac9725 : java.lang.Object
	at com.github.javaparser.resolution.TypeSolver.solveType(TypeSolver.java:71)

100608     ERROR Test worker     d.u.i.k.n.b.TacletPBuilder Error in parsing taclet. de.uka.ilkd.key.util.parsing.BuildingException: Unsolved symbol in de.uka.ilkd.key.java.JavaParserFactory$DynamicTypeSolver@39ac9725 : java.lang.Object at file:/D:/a/key/key/key.core/build/resources/main/de/uka/ilkd/key/proof/rules/javaRules.key:630:15
	at de.uka.ilkd.key.nparser.builder.AbstractBuilder.accept(AbstractBuilder.java:54)
Caused by: com.github.javaparser.resolution.UnsolvedSymbolException: Unsolved symbol in de.uka.ilkd.key.java.JavaParserFactory$DynamicTypeSolver@39ac9725 : java.lang.Object
	at com.github.javaparser.resolution.TypeSolver.solveType(TypeSolver.java:71)

100624     ERROR Test worker     d.u.i.k.n.b.AbstractBuilder  com.github.javaparser.resolution.UnsolvedSymbolException: Unsolved symbol in de.uka.ilkd.key.java.JavaParserFactory$DynamicTypeSolver@39ac9725 : java.lang.Object
	at com.github.javaparser.resolution.TypeSolver.solveType(TypeSolver.java:71)

100624     ERROR Test worker     d.u.i.k.n.b.TacletPBuilder Error in parsing taclet. de.uka.ilkd.key.util.parsing.BuildingException: Unsolved symbol in de.uka.ilkd.key.java.JavaParserFactory$DynamicTypeSolver@39ac9725 : java.lang.Object at file:/D:/a/key/key/key.core/build/resources/main/de/uka/ilkd/key/proof/rules/javaRules.key:639:15
	at de.uka.ilkd.key.nparser.builder.AbstractBuilder.accept(AbstractBuilder.java:54)
Caused by: com.github.javaparser.resolution.UnsolvedSymbolException: Unsolved symbol in de.uka.ilkd.key.java.JavaParserFactory$DynamicTypeSolver@39ac9725 : java.lang.Object
	at com.github.javaparser.resolution.TypeSolver.solveType(TypeSolver.java:71)

100624     ERROR Test worker     d.u.i.k.n.b.AbstractBuilder  com.github.javaparser.resolution.UnsolvedSymbolException: Unsolved symbol in de.uka.ilkd.key.java.JavaParserFactory$DynamicTypeSolver@39ac9725 : java.lang.Object
	at com.github.javaparser.resolution.TypeSolver.solveType(TypeSolver.java:71)

100624     ERROR Test worker     d.u.i.k.n.b.TacletPBuilder Error in parsing taclet. de.uka.ilkd.key.util.parsing.BuildingException: Unsolved symbol in de.uka.ilkd.key.java.JavaParserFactory$DynamicTypeSolver@39ac9725 : java.lang.Object at file:/D:/a/key/key/key.core/build/resources/main/de/uka/ilkd/key/proof/rules/javaRules.key:647:15
	at de.uka.ilkd.key.nparser.builder.AbstractBuilder.accept(AbstractBuilder.java:54)
Caused by: com.github.javaparser.resolution.UnsolvedSymbolException: Unsolved symbol in de.uka.ilkd.key.java.JavaParserFactory$DynamicTypeSolver@39ac9725 : java.lang.Object
	at com.github.javaparser.resolution.TypeSolver.solveType(TypeSolver.java:71)

100624     ERROR Test worker     d.u.i.k.n.b.AbstractBuilder  com.github.javaparser.resolution.UnsolvedSymbolException: Unsolved symbol in de.uka.ilkd.key.java.JavaParserFactory$DynamicTypeSolver@39ac9725 : java.lang.Object
	at com.github.javaparser.resolution.TypeSolver.solveType(TypeSolver.java:71)

100624     ERROR Test worker     d.u.i.k.n.b.TacletPBuilder Error in parsing taclet. de.uka.ilkd.key.util.parsing.BuildingException: Unsolved symbol in de.uka.ilkd.key.java.JavaParserFactory$DynamicTypeSolver@39ac9725 : java.lang.Object at file:/D:/a/key/key/key.core/build/resources/main/de/uka/ilkd/key/proof/rules/javaRules.key:656:15
	at de.uka.ilkd.key.nparser.builder.AbstractBuilder.accept(AbstractBuilder.java:54)
Caused by: com.github.javaparser.resolution.UnsolvedSymbolException: Unsolved symbol in de.uka.ilkd.key.java.JavaParserFactory$DynamicTypeSolver@39ac9725 : java.lang.Object
	at com.github.javaparser.resolution.TypeSolver.solveType(TypeSolver.java:71)

100624     ERROR Test worker     d.u.i.k.n.b.AbstractBuilder  com.github.javaparser.resolution.UnsolvedSymbolException: Unsolved symbol in de.uka.ilkd.key.java.JavaParserFactory$DynamicTypeSolver@39ac9725 : java.lang.Object
	at com.github.javaparser.resolution.TypeSolver.solveType(TypeSolver.java:71)

100624     ERROR Test worker     d.u.i.k.n.b.TacletPBuilder Error in parsing taclet. de.uka.ilkd.key.util.parsing.BuildingException: Unsolved symbol in de.uka.ilkd.key.java.JavaParserFactory$DynamicTypeSolver@39ac9725 : java.lang.Object at file:/D:/a/key/key/key.core/build/resources/main/de/uka/ilkd/key/proof/rules/javaRules.key:664:15
	at de.uka.ilkd.key.nparser.builder.AbstractBuilder.accept(AbstractBuilder.java:54)
Caused by: com.github.javaparser.resolution.UnsolvedSymbolException: Unsolved symbol in de.uka.ilkd.key.java.JavaParserFactory$DynamicTypeSolver@39ac9725 : java.lang.Object
	at com.github.javaparser.resolution.TypeSolver.solveType(TypeSolver.java:71)

100624     ERROR Test worker     d.u.i.k.n.b.AbstractBuilder  com.github.javaparser.resolution.UnsolvedSymbolException: Unsolved symbol in de.uka.ilkd.key.java.JavaParserFactory$DynamicTypeSolver@39ac9725 : java.lang.Object
	at com.github.javaparser.resolution.TypeSolver.solveType(TypeSolver.java:71)

100624     ERROR Test worker     d.u.i.k.n.b.TacletPBuilder Error in parsing taclet. de.uka.ilkd.key.util.parsing.BuildingException: Unsolved symbol in de.uka.ilkd.key.java.JavaParserFactory$DynamicTypeSolver@39ac9725 : java.lang.Object at file:/D:/a/key/key/key.core/build/resources/main/de/uka/ilkd/key/proof/rules/javaRules.key:673:15
	at de.uka.ilkd.key.nparser.builder.AbstractBuilder.accept(AbstractBuilder.java:54)
Caused by: com.github.javaparser.resolution.UnsolvedSymbolException: Unsolved symbol in de.uka.ilkd.key.java.JavaParserFactory$DynamicTypeSolver@39ac9725 : java.lang.Object
	at com.github.javaparser.resolution.TypeSolver.solveType(TypeSolver.java:71)

100624     ERROR Test worker     d.u.i.k.n.b.AbstractBuilder  com.github.javaparser.resolution.UnsolvedSymbolException: Unsolved symbol in de.uka.ilkd.key.java.JavaParserFactory$DynamicTypeSolver@39ac9725 : java.lang.Object
	at com.github.javaparser.resolution.TypeSolver.solveType(TypeSolver.java:71)

100624     ERROR Test worker     d.u.i.k.n.b.TacletPBuilder Error in parsing taclet. de.uka.ilkd.key.util.parsing.BuildingException: Unsolved symbol in de.uka.ilkd.key.java.JavaParserFactory$DynamicTypeSolver@39ac9725 : java.lang.Object at file:/D:/a/key/key/key.core/build/resources/main/de/uka/ilkd/key/proof/rules/javaRules.key:681:15
	at de.uka.ilkd.key.nparser.builder.AbstractBuilder.accept(AbstractBuilder.java:54)
Caused by: com.github.javaparser.resolution.UnsolvedSymbolException: Unsolved symbol in de.uka.ilkd.key.java.JavaParserFactory$DynamicTypeSolver@39ac9725 : java.lang.Object
	at com.github.javaparser.resolution.TypeSolver.solveType(TypeSolver.java:71)

100624     ERROR Test worker     d.u.i.k.n.b.AbstractBuilder  com.github.javaparser.resolution.UnsolvedSymbolException: Unsolved symbol in de.uka.ilkd.key.java.JavaParserFactory$DynamicTypeSolver@39ac9725 : java.lang.Object
	at com.github.javaparser.resolution.TypeSolver.solveType(TypeSolver.java:71)

100624     ERROR Test worker     d.u.i.k.n.b.TacletPBuilder Error in parsing taclet. de.uka.ilkd.key.util.parsing.BuildingException: Unsolved symbol in de.uka.ilkd.key.java.JavaParserFactory$DynamicTypeSolver@39ac9725 : java.lang.Object at file:/D:/a/key/key/key.core/build/resources/main/de/uka/ilkd/key/proof/rules/javaRules.key:693:15
	at de.uka.ilkd.key.nparser.builder.AbstractBuilder.accept(AbstractBuilder.java:54)
Caused by: com.github.javaparser.resolution.UnsolvedSymbolException: Unsolved symbol in de.uka.ilkd.key.java.JavaParserFactory$DynamicTypeSolver@39ac9725 : java.lang.Object
	at com.github.javaparser.resolution.TypeSolver.solveType(TypeSolver.java:71)

100624     ERROR Test worker     d.u.i.k.n.b.AbstractBuilder  com.github.javaparser.resolution.UnsolvedSymbolException: Unsolved symbol in de.uka.ilkd.key.java.JavaParserFactory$DynamicTypeSolver@39ac9725 : java.lang.Object
	at com.github.javaparser.resolution.TypeSolver.solveType(TypeSolver.java:71)

100624     ERROR Test worker     d.u.i.k.n.b.TacletPBuilder Error in parsing taclet. de.uka.ilkd.key.util.parsing.BuildingException: Unsolved symbol in de.uka.ilkd.key.java.JavaParserFactory$DynamicTypeSolver@39ac9725 : java.lang.Object at file:/D:/a/key/key/key.core/build/resources/main/de/uka/ilkd/key/proof/rules/javaRules.key:701:15
	at de.uka.ilkd.key.nparser.builder.AbstractBuilder.accept(AbstractBuilder.java:54)
Caused by: com.github.javaparser.resolution.UnsolvedSymbolException: Unsolved symbol in de.uka.ilkd.key.java.JavaParserFactory$DynamicTypeSolver@39ac9725 : java.lang.Object
	at com.github.javaparser.resolution.TypeSolver.solveType(TypeSolver.java:71)

100640     ERROR Test worker     d.u.i.k.n.b.AbstractBuilder  com.github.javaparser.resolution.UnsolvedSymbolException: Unsolved symbol in de.uka.ilkd.key.java.JavaParserFactory$DynamicTypeSolver@39ac9725 : java.lang.Object
	at com.github.javaparser.resolution.TypeSolver.solveType(TypeSolver.java:71)

100640     ERROR Test worker     d.u.i.k.n.b.TacletPBuilder Error in parsing taclet. de.uka.ilkd.key.util.parsing.BuildingException: Unsolved symbol in de.uka.ilkd.key.java.JavaParserFactory$DynamicTypeSolver@39ac9725 : java.lang.Object at file:/D:/a/key/key/key.core/build/resources/main/de/uka/ilkd/key/proof/rules/javaRules.key:715:15
	at de.uka.ilkd.key.nparser.builder.AbstractBuilder.accept(AbstractBuilder.java:54)
Caused by: com.github.javaparser.resolution.UnsolvedSymbolException: Unsolved symbol in de.uka.ilkd.key.java.JavaParserFactory$DynamicTypeSolver@39ac9725 : java.lang.Object
	at com.github.javaparser.resolution.TypeSolver.solveType(TypeSolver.java:71)

100641     ERROR Test worker     d.u.i.k.n.b.AbstractBuilder  com.github.javaparser.resolution.UnsolvedSymbolException: Unsolved symbol in de.uka.ilkd.key.java.JavaParserFactory$DynamicTypeSolver@39ac9725 : java.lang.Object
	at com.github.javaparser.resolution.TypeSolver.solveType(TypeSolver.java:71)

100641     ERROR Test worker     d.u.i.k.n.b.TacletPBuilder Error in parsing taclet. de.uka.ilkd.key.util.parsing.BuildingException: Unsolved symbol in de.uka.ilkd.key.java.JavaParserFactory$DynamicTypeSolver@39ac9725 : java.lang.Object at file:/D:/a/key/key/key.core/build/resources/main/de/uka/ilkd/key/proof/rules/javaRules.key:722:15
	at de.uka.ilkd.key.nparser.builder.AbstractBuilder.accept(AbstractBuilder.java:54)
Caused by: com.github.javaparser.resolution.UnsolvedSymbolException: Unsolved symbol in de.uka.ilkd.key.java.JavaParserFactory$DynamicTypeSolver@39ac9725 : java.lang.Object
	at com.github.javaparser.resolution.TypeSolver.solveType(TypeSolver.java:71)

100641     ERROR Test worker     d.u.i.k.n.b.AbstractBuilder  com.github.javaparser.resolution.UnsolvedSymbolException: Unsolved symbol in de.uka.ilkd.key.java.JavaParserFactory$DynamicTypeSolver@39ac9725 : java.lang.Object
	at com.github.javaparser.resolution.TypeSolver.solveType(TypeSolver.java:71)

100641     ERROR Test worker     d.u.i.k.n.b.TacletPBuilder Error in parsing taclet. de.uka.ilkd.key.util.parsing.BuildingException: Unsolved symbol in de.uka.ilkd.key.java.JavaParserFactory$DynamicTypeSolver@39ac9725 : java.lang.Object at file:/D:/a/key/key/key.core/build/resources/main/de/uka/ilkd/key/proof/rules/javaRules.key:730:15
	at de.uka.ilkd.key.nparser.builder.AbstractBuilder.accept(AbstractBuilder.java:54)
Caused by: com.github.javaparser.resolution.UnsolvedSymbolException: Unsolved symbol in de.uka.ilkd.key.java.JavaParserFactory$DynamicTypeSolver@39ac9725 : java.lang.Object
	at com.github.javaparser.resolution.TypeSolver.solveType(TypeSolver.java:71)

100641     ERROR Test worker     d.u.i.k.n.b.AbstractBuilder  com.github.javaparser.resolution.UnsolvedSymbolException: Unsolved symbol in de.uka.ilkd.key.java.JavaParserFactory$DynamicTypeSolver@39ac9725 : java.lang.Object
	at com.github.javaparser.resolution.TypeSolver.solveType(TypeSolver.java:71)

100641     ERROR Test worker     d.u.i.k.n.b.TacletPBuilder Error in parsing taclet. de.uka.ilkd.key.util.parsing.BuildingException: Unsolved symbol in de.uka.ilkd.key.java.JavaParserFactory$DynamicTypeSolver@39ac9725 : java.lang.Object at file:/D:/a/key/key/key.core/build/resources/main/de/uka/ilkd/key/proof/rules/javaRules.key:739:15
	at de.uka.ilkd.key.nparser.builder.AbstractBuilder.accept(AbstractBuilder.java:54)
Caused by: com.github.javaparser.resolution.UnsolvedSymbolException: Unsolved symbol in de.uka.ilkd.key.java.JavaParserFactory$DynamicTypeSolver@39ac9725 : java.lang.Object
	at com.github.javaparser.resolution.TypeSolver.solveType(TypeSolver.java:71)

100641     ERROR Test worker     d.u.i.k.n.b.AbstractBuilder  com.github.javaparser.resolution.UnsolvedSymbolException: Unsolved symbol in de.uka.ilkd.key.java.JavaParserFactory$DynamicTypeSolver@39ac9725 : java.lang.Object
	at com.github.javaparser.resolution.TypeSolver.solveType(TypeSolver.java:71)

100641     ERROR Test worker     d.u.i.k.n.b.TacletPBuilder Error in parsing taclet. de.uka.ilkd.key.util.parsing.BuildingException: Unsolved symbol in de.uka.ilkd.key.java.JavaParserFactory$DynamicTypeSolver@39ac9725 : java.lang.Object at file:/D:/a/key/key/key.core/build/resources/main/de/uka/ilkd/key/proof/rules/javaRules.key:746:15
	at de.uka.ilkd.key.nparser.builder.AbstractBuilder.accept(AbstractBuilder.java:54)
Caused by: com.github.javaparser.resolution.UnsolvedSymbolException: Unsolved symbol in de.uka.ilkd.key.java.JavaParserFactory$DynamicTypeSolver@39ac9725 : java.lang.Object
	at com.github.javaparser.resolution.TypeSolver.solveType(TypeSolver.java:71)

100641     ERROR Test worker     d.u.i.k.n.b.AbstractBuilder  com.github.javaparser.resolution.UnsolvedSymbolException: Unsolved symbol in de.uka.ilkd.key.java.JavaParserFactory$DynamicTypeSolver@39ac9725 : java.lang.Object
	at com.github.javaparser.resolution.TypeSolver.solveType(TypeSolver.java:71)

100641     ERROR Test worker     d.u.i.k.n.b.TacletPBuilder Error in parsing taclet. de.uka.ilkd.key.util.parsing.BuildingException: Unsolved symbol in de.uka.ilkd.key.java.JavaParserFactory$DynamicTypeSolver@39ac9725 : java.lang.Object at file:/D:/a/key/key/key.core/build/resources/main/de/uka/ilkd/key/proof/rules/javaRules.key:754:15
	at de.uka.ilkd.key.nparser.builder.AbstractBuilder.accept(AbstractBuilder.java:54)
Caused by: com.github.javaparser.resolution.UnsolvedSymbolException: Unsolved symbol in de.uka.ilkd.key.java.JavaParserFactory$DynamicTypeSolver@39ac9725 : java.lang.Object
	at com.github.javaparser.resolution.TypeSolver.solveType(TypeSolver.java:71)

100641     ERROR Test worker     d.u.i.k.n.b.AbstractBuilder  com.github.javaparser.resolution.UnsolvedSymbolException: Unsolved symbol in de.uka.ilkd.key.java.JavaParserFactory$DynamicTypeSolver@39ac9725 : java.lang.Object
	at com.github.javaparser.resolution.TypeSolver.solveType(TypeSolver.java:71)

100641     ERROR Test worker     d.u.i.k.n.b.TacletPBuilder Error in parsing taclet. de.uka.ilkd.key.util.parsing.BuildingException: Unsolved symbol in de.uka.ilkd.key.java.JavaParserFactory$DynamicTypeSolver@39ac9725 : java.lang.Object at file:/D:/a/key/key/key.core/build/resources/main/de/uka/ilkd/key/proof/rules/javaRules.key:763:15
	at de.uka.ilkd.key.nparser.builder.AbstractBuilder.accept(AbstractBuilder.java:54)
Caused by: com.github.javaparser.resolution.UnsolvedSymbolException: Unsolved symbol in de.uka.ilkd.key.java.JavaParserFactory$DynamicTypeSolver@39ac9725 : java.lang.Object
	at com.github.javaparser.resolution.TypeSolver.solveType(TypeSolver.java:71)

100641     ERROR Test worker     d.u.i.k.n.b.AbstractBuilder  com.github.javaparser.resolution.UnsolvedSymbolException: Unsolved symbol in de.uka.ilkd.key.java.JavaParserFactory$DynamicTypeSolver@39ac9725 : java.lang.Object
	at com.github.javaparser.resolution.TypeSolver.solveType(TypeSolver.java:71)

100641     ERROR Test worker     d.u.i.k.n.b.TacletPBuilder Error in parsing taclet. de.uka.ilkd.key.util.parsing.BuildingException: Unsolved symbol in de.uka.ilkd.key.java.JavaParserFactory$DynamicTypeSolver@39ac9725 : java.lang.Object at file:/D:/a/key/key/key.core/build/resources/main/de/uka/ilkd/key/proof/rules/javaRules.key:770:15
	at de.uka.ilkd.key.nparser.builder.AbstractBuilder.accept(AbstractBuilder.java:54)
Caused by: com.github.javaparser.resolution.UnsolvedSymbolException: Unsolved symbol in de.uka.ilkd.key.java.JavaParserFactory$DynamicTypeSolver@39ac9725 : java.lang.Object
	at com.github.javaparser.resolution.TypeSolver.solveType(TypeSolver.java:71)

100641     ERROR Test worker     d.u.i.k.n.b.AbstractBuilder  com.github.javaparser.resolution.UnsolvedSymbolException: Unsolved symbol in de.uka.ilkd.key.java.JavaParserFactory$DynamicTypeSolver@39ac9725 : java.lang.Object
	at com.github.javaparser.resolution.TypeSolver.solveType(TypeSolver.java:71)

100641     ERROR Test worker     d.u.i.k.n.b.TacletPBuilder Error in parsing taclet. de.uka.ilkd.key.util.parsing.BuildingException: Unsolved symbol in de.uka.ilkd.key.java.JavaParserFactory$DynamicTypeSolver@39ac9725 : java.lang.Object at file:/D:/a/key/key/key.core/build/resources/main/de/uka/ilkd/key/proof/rules/javaRules.key:778:15
	at de.uka.ilkd.key.nparser.builder.AbstractBuilder.accept(AbstractBuilder.java:54)
Caused by: com.github.javaparser.resolution.UnsolvedSymbolException: Unsolved symbol in de.uka.ilkd.key.java.JavaParserFactory$DynamicTypeSolver@39ac9725 : java.lang.Object
	at com.github.javaparser.resolution.TypeSolver.solveType(TypeSolver.java:71)

100641     ERROR Test worker     d.u.i.k.n.b.AbstractBuilder  com.github.javaparser.resolution.UnsolvedSymbolException: Unsolved symbol in de.uka.ilkd.key.java.JavaParserFactory$DynamicTypeSolver@39ac9725 : java.lang.Object
	at com.github.javaparser.resolution.TypeSolver.solveType(TypeSolver.java:71)

100641     ERROR Test worker     d.u.i.k.n.b.TacletPBuilder Error in parsing taclet. de.uka.ilkd.key.util.parsing.BuildingException: Unsolved symbol in de.uka.ilkd.key.java.JavaParserFactory$DynamicTypeSolver@39ac9725 : java.lang.Object at file:/D:/a/key/key/key.core/build/resources/main/de/uka/ilkd/key/proof/rules/javaRules.key:787:15
	at de.uka.ilkd.key.nparser.builder.AbstractBuilder.accept(AbstractBuilder.java:54)
Caused by: com.github.javaparser.resolution.UnsolvedSymbolException: Unsolved symbol in de.uka.ilkd.key.java.JavaParserFactory$DynamicTypeSolver@39ac9725 : java.lang.Object
	at com.github.javaparser.resolution.TypeSolver.solveType(TypeSolver.java:71)

100657     ERROR Test worker     d.u.i.k.n.b.AbstractBuilder  com.github.javaparser.resolution.UnsolvedSymbolException: Unsolved symbol in de.uka.ilkd.key.java.JavaParserFactory$DynamicTypeSolver@39ac9725 : java.lang.Object
	at com.github.javaparser.resolution.TypeSolver.solveType(TypeSolver.java:71)

100657     ERROR Test worker     d.u.i.k.n.b.TacletPBuilder Error in parsing taclet. de.uka.ilkd.key.util.parsing.BuildingException: Unsolved symbol in de.uka.ilkd.key.java.JavaParserFactory$DynamicTypeSolver@39ac9725 : java.lang.Object at file:/D:/a/key/key/key.core/build/resources/main/de/uka/ilkd/key/proof/rules/javaRules.key:794:15
	at de.uka.ilkd.key.nparser.builder.AbstractBuilder.accept(AbstractBuilder.java:54)
Caused by: com.github.javaparser.resolution.UnsolvedSymbolException: Unsolved symbol in de.uka.ilkd.key.java.JavaParserFactory$DynamicTypeSolver@39ac9725 : java.lang.Object
	at com.github.javaparser.resolution.TypeSolver.solveType(TypeSolver.java:71)

100657     ERROR Test worker     d.u.i.k.n.b.AbstractBuilder  com.github.javaparser.resolution.UnsolvedSymbolException: Unsolved symbol in de.uka.ilkd.key.java.JavaParserFactory$DynamicTypeSolver@39ac9725 : java.lang.Object
	at com.github.javaparser.resolution.TypeSolver.solveType(TypeSolver.java:71)

100657     ERROR Test worker     d.u.i.k.n.b.TacletPBuilder Error in parsing taclet. de.uka.ilkd.key.util.parsing.BuildingException: Unsolved symbol in de.uka.ilkd.key.java.JavaParserFactory$DynamicTypeSolver@39ac9725 : java.lang.Object at file:/D:/a/key/key/key.core/build/resources/main/de/uka/ilkd/key/proof/rules/javaRules.key:802:15
	at de.uka.ilkd.key.nparser.builder.AbstractBuilder.accept(AbstractBuilder.java:54)
Caused by: com.github.javaparser.resolution.UnsolvedSymbolException: Unsolved symbol in de.uka.ilkd.key.java.JavaParserFactory$DynamicTypeSolver@39ac9725 : java.lang.Object
	at com.github.javaparser.resolution.TypeSolver.solveType(TypeSolver.java:71)

100657     ERROR Test worker     d.u.i.k.n.b.AbstractBuilder  com.github.javaparser.resolution.UnsolvedSymbolException: Unsolved symbol in de.uka.ilkd.key.java.JavaParserFactory$DynamicTypeSolver@39ac9725 : java.lang.Object
	at com.github.javaparser.resolution.TypeSolver.solveType(TypeSolver.java:71)

100657     ERROR Test worker     d.u.i.k.n.b.TacletPBuilder Error in parsing taclet. de.uka.ilkd.key.util.parsing.BuildingException: Unsolved symbol in de.uka.ilkd.key.java.JavaParserFactory$DynamicTypeSolver@39ac9725 : java.lang.Object at file:/D:/a/key/key/key.core/build/resources/main/de/uka/ilkd/key/proof/rules/javaRules.key:811:15
	at de.uka.ilkd.key.nparser.builder.AbstractBuilder.accept(AbstractBuilder.java:54)
Caused by: com.github.javaparser.resolution.UnsolvedSymbolException: Unsolved symbol in de.uka.ilkd.key.java.JavaParserFactory$DynamicTypeSolver@39ac9725 : java.lang.Object
	at com.github.javaparser.resolution.TypeSolver.solveType(TypeSolver.java:71)

100657     ERROR Test worker     d.u.i.k.n.b.AbstractBuilder  com.github.javaparser.resolution.UnsolvedSymbolException: Unsolved symbol in de.uka.ilkd.key.java.JavaParserFactory$DynamicTypeSolver@39ac9725 : java.lang.Object
	at com.github.javaparser.resolution.TypeSolver.solveType(TypeSolver.java:71)

100657     ERROR Test worker     d.u.i.k.n.b.TacletPBuilder Error in parsing taclet. de.uka.ilkd.key.util.parsing.BuildingException: Unsolved symbol in de.uka.ilkd.key.java.JavaParserFactory$DynamicTypeSolver@39ac9725 : java.lang.Object at file:/D:/a/key/key/key.core/build/resources/main/de/uka/ilkd/key/proof/rules/javaRules.key:819:15
	at de.uka.ilkd.key.nparser.builder.AbstractBuilder.accept(AbstractBuilder.java:54)
Caused by: com.github.javaparser.resolution.UnsolvedSymbolException: Unsolved symbol in de.uka.ilkd.key.java.JavaParserFactory$DynamicTypeSolver@39ac9725 : java.lang.Object
	at com.github.javaparser.resolution.TypeSolver.solveType(TypeSolver.java:71)

100657     ERROR Test worker     d.u.i.k.n.b.AbstractBuilder  com.github.javaparser.resolution.UnsolvedSymbolException: Unsolved symbol in de.uka.ilkd.key.java.JavaParserFactory$DynamicTypeSolver@39ac9725 : java.lang.Object
	at com.github.javaparser.resolution.TypeSolver.solveType(TypeSolver.java:71)

100657     ERROR Test worker     d.u.i.k.n.b.TacletPBuilder Error in parsing taclet. de.uka.ilkd.key.util.parsing.BuildingException: Unsolved symbol in de.uka.ilkd.key.java.JavaParserFactory$DynamicTypeSolver@39ac9725 : java.lang.Object at file:/D:/a/key/key/key.core/build/resources/main/de/uka/ilkd/key/proof/rules/javaRules.key:827:15
	at de.uka.ilkd.key.nparser.builder.AbstractBuilder.accept(AbstractBuilder.java:54)
Caused by: com.github.javaparser.resolution.UnsolvedSymbolException: Unsolved symbol in de.uka.ilkd.key.java.JavaParserFactory$DynamicTypeSolver@39ac9725 : java.lang.Object
	at com.github.javaparser.resolution.TypeSolver.solveType(TypeSolver.java:71)

100657     ERROR Test worker     d.u.i.k.n.b.AbstractBuilder  com.github.javaparser.resolution.UnsolvedSymbolException: Unsolved symbol in de.uka.ilkd.key.java.JavaParserFactory$DynamicTypeSolver@39ac9725 : java.lang.Object
	at com.github.javaparser.resolution.TypeSolver.solveType(TypeSolver.java:71)

100657     ERROR Test worker     d.u.i.k.n.b.TacletPBuilder Error in parsing taclet. de.uka.ilkd.key.util.parsing.BuildingException: Unsolved symbol in de.uka.ilkd.key.java.JavaParserFactory$DynamicTypeSolver@39ac9725 : java.lang.Object at file:/D:/a/key/key/key.core/build/resources/main/de/uka/ilkd/key/proof/rules/javaRules.key:836:15
	at de.uka.ilkd.key.nparser.builder.AbstractBuilder.accept(AbstractBuilder.java:54)
Caused by: com.github.javaparser.resolution.UnsolvedSymbolException: Unsolved symbol in de.uka.ilkd.key.java.JavaParserFactory$DynamicTypeSolver@39ac9725 : java.lang.Object
	at com.github.javaparser.resolution.TypeSolver.solveType(TypeSolver.java:71)

100657     ERROR Test worker     d.u.i.k.n.b.AbstractBuilder  com.github.javaparser.resolution.UnsolvedSymbolException: Unsolved symbol in de.uka.ilkd.key.java.JavaParserFactory$DynamicTypeSolver@39ac9725 : java.lang.Object
	at com.github.javaparser.resolution.TypeSolver.solveType(TypeSolver.java:71)

100657     ERROR Test worker     d.u.i.k.n.b.TacletPBuilder Error in parsing taclet. de.uka.ilkd.key.util.parsing.BuildingException: Unsolved symbol in de.uka.ilkd.key.java.JavaParserFactory$DynamicTypeSolver@39ac9725 : java.lang.Object at file:/D:/a/key/key/key.core/build/resources/main/de/uka/ilkd/key/proof/rules/javaRules.key:843:15
	at de.uka.ilkd.key.nparser.builder.AbstractBuilder.accept(AbstractBuilder.java:54)
Caused by: com.github.javaparser.resolution.UnsolvedSymbolException: Unsolved symbol in de.uka.ilkd.key.java.JavaParserFactory$DynamicTypeSolver@39ac9725 : java.lang.Object
	at com.github.javaparser.resolution.TypeSolver.solveType(TypeSolver.java:71)

100657     ERROR Test worker     d.u.i.k.n.b.AbstractBuilder  com.github.javaparser.resolution.UnsolvedSymbolException: Unsolved symbol in de.uka.ilkd.key.java.JavaParserFactory$DynamicTypeSolver@39ac9725 : java.lang.Object
	at com.github.javaparser.resolution.TypeSolver.solveType(TypeSolver.java:71)

100657     ERROR Test worker     d.u.i.k.n.b.TacletPBuilder Error in parsing taclet. de.uka.ilkd.key.util.parsing.BuildingException: Unsolved symbol in de.uka.ilkd.key.java.JavaParserFactory$DynamicTypeSolver@39ac9725 : java.lang.Object at file:/D:/a/key/key/key.core/build/resources/main/de/uka/ilkd/key/proof/rules/javaRules.key:851:15
	at de.uka.ilkd.key.nparser.builder.AbstractBuilder.accept(AbstractBuilder.java:54)
Caused by: com.github.javaparser.resolution.UnsolvedSymbolException: Unsolved symbol in de.uka.ilkd.key.java.JavaParserFactory$DynamicTypeSolver@39ac9725 : java.lang.Object
	at com.github.javaparser.resolution.TypeSolver.solveType(TypeSolver.java:71)

100657     ERROR Test worker     d.u.i.k.n.b.AbstractBuilder  com.github.javaparser.resolution.UnsolvedSymbolException: Unsolved symbol in de.uka.ilkd.key.java.JavaParserFactory$DynamicTypeSolver@39ac9725 : java.lang.Object
	at com.github.javaparser.resolution.TypeSolver.solveType(TypeSolver.java:71)

100673     ERROR Test worker     d.u.i.k.n.b.TacletPBuilder Error in parsing taclet. de.uka.ilkd.key.util.parsing.BuildingException: Unsolved symbol in de.uka.ilkd.key.java.JavaParserFactory$DynamicTypeSolver@39ac9725 : java.lang.Object at file:/D:/a/key/key/key.core/build/resources/main/de/uka/ilkd/key/proof/rules/javaRules.key:860:15
	at de.uka.ilkd.key.nparser.builder.AbstractBuilder.accept(AbstractBuilder.java:54)
Caused by: com.github.javaparser.resolution.UnsolvedSymbolException: Unsolved symbol in de.uka.ilkd.key.java.JavaParserFactory$DynamicTypeSolver@39ac9725 : java.lang.Object
	at com.github.javaparser.resolution.TypeSolver.solveType(TypeSolver.java:71)

100673     ERROR Test worker     d.u.i.k.n.b.AbstractBuilder  com.github.javaparser.resolution.UnsolvedSymbolException: Unsolved symbol in de.uka.ilkd.key.java.JavaParserFactory$DynamicTypeSolver@39ac9725 : java.lang.Object
	at com.github.javaparser.resolution.TypeSolver.solveType(TypeSolver.java:71)

100673     ERROR Test worker     d.u.i.k.n.b.TacletPBuilder Error in parsing taclet. de.uka.ilkd.key.util.parsing.BuildingException: Unsolved symbol in de.uka.ilkd.key.java.JavaParserFactory$DynamicTypeSolver@39ac9725 : java.lang.Object at file:/D:/a/key/key/key.core/build/resources/main/de/uka/ilkd/key/proof/rules/javaRules.key:867:15
	at de.uka.ilkd.key.nparser.builder.AbstractBuilder.accept(AbstractBuilder.java:54)
Caused by: com.github.javaparser.resolution.UnsolvedSymbolException: Unsolved symbol in de.uka.ilkd.key.java.JavaParserFactory$DynamicTypeSolver@39ac9725 : java.lang.Object
	at com.github.javaparser.resolution.TypeSolver.solveType(TypeSolver.java:71)

100673     ERROR Test worker     d.u.i.k.n.b.AbstractBuilder  com.github.javaparser.resolution.UnsolvedSymbolException: Unsolved symbol in de.uka.ilkd.key.java.JavaParserFactory$DynamicTypeSolver@39ac9725 : java.lang.Object
	at com.github.javaparser.resolution.TypeSolver.solveType(TypeSolver.java:71)

100673     ERROR Test worker     d.u.i.k.n.b.TacletPBuilder Error in parsing taclet. de.uka.ilkd.key.util.parsing.BuildingException: Unsolved symbol in de.uka.ilkd.key.java.JavaParserFactory$DynamicTypeSolver@39ac9725 : java.lang.Object at file:/D:/a/key/key/key.core/build/resources/main/de/uka/ilkd/key/proof/rules/javaRules.key:875:15
	at de.uka.ilkd.key.nparser.builder.AbstractBuilder.accept(AbstractBuilder.java:54)
Caused by: com.github.javaparser.resolution.UnsolvedSymbolException: Unsolved symbol in de.uka.ilkd.key.java.JavaParserFactory$DynamicTypeSolver@39ac9725 : java.lang.Object
	at com.github.javaparser.resolution.TypeSolver.solveType(TypeSolver.java:71)

100673     ERROR Test worker     d.u.i.k.n.b.AbstractBuilder  com.github.javaparser.resolution.UnsolvedSymbolException: Unsolved symbol in de.uka.ilkd.key.java.JavaParserFactory$DynamicTypeSolver@39ac9725 : java.lang.Object
	at com.github.javaparser.resolution.TypeSolver.solveType(TypeSolver.java:71)

100673     ERROR Test worker     d.u.i.k.n.b.TacletPBuilder Error in parsing taclet. de.uka.ilkd.key.util.parsing.BuildingException: Unsolved symbol in de.uka.ilkd.key.java.JavaParserFactory$DynamicTypeSolver@39ac9725 : java.lang.Object at file:/D:/a/key/key/key.core/build/resources/main/de/uka/ilkd/key/proof/rules/javaRules.key:884:15
	at de.uka.ilkd.key.nparser.builder.AbstractBuilder.accept(AbstractBuilder.java:54)
Caused by: com.github.javaparser.resolution.UnsolvedSymbolException: Unsolved symbol in de.uka.ilkd.key.java.JavaParserFactory$DynamicTypeSolver@39ac9725 : java.lang.Object
	at com.github.javaparser.resolution.TypeSolver.solveType(TypeSolver.java:71)

100673     ERROR Test worker     d.u.i.k.n.b.AbstractBuilder  com.github.javaparser.resolution.UnsolvedSymbolException: Unsolved symbol in de.uka.ilkd.key.java.JavaParserFactory$DynamicTypeSolver@39ac9725 : java.lang.Object
	at com.github.javaparser.resolution.TypeSolver.solveType(TypeSolver.java:71)

100673     ERROR Test worker     d.u.i.k.n.b.TacletPBuilder Error in parsing taclet. de.uka.ilkd.key.util.parsing.BuildingException: Unsolved symbol in de.uka.ilkd.key.java.JavaParserFactory$DynamicTypeSolver@39ac9725 : java.lang.Object at file:/D:/a/key/key/key.core/build/resources/main/de/uka/ilkd/key/proof/rules/javaRules.key:892:15
	at de.uka.ilkd.key.nparser.builder.AbstractBuilder.accept(AbstractBuilder.java:54)
Caused by: com.github.javaparser.resolution.UnsolvedSymbolException: Unsolved symbol in de.uka.ilkd.key.java.JavaParserFactory$DynamicTypeSolver@39ac9725 : java.lang.Object
	at com.github.javaparser.resolution.TypeSolver.solveType(TypeSolver.java:71)

100673     ERROR Test worker     d.u.i.k.n.b.AbstractBuilder  com.github.javaparser.resolution.UnsolvedSymbolException: Unsolved symbol in de.uka.ilkd.key.java.JavaParserFactory$DynamicTypeSolver@39ac9725 : java.lang.Object
	at com.github.javaparser.resolution.TypeSolver.solveType(TypeSolver.java:71)

100673     ERROR Test worker     d.u.i.k.n.b.TacletPBuilder Error in parsing taclet. de.uka.ilkd.key.util.parsing.BuildingException: Unsolved symbol in de.uka.ilkd.key.java.JavaParserFactory$DynamicTypeSolver@39ac9725 : java.lang.Object at file:/D:/a/key/key/key.core/build/resources/main/de/uka/ilkd/key/proof/rules/javaRules.key:900:15
	at de.uka.ilkd.key.nparser.builder.AbstractBuilder.accept(AbstractBuilder.java:54)
Caused by: com.github.javaparser.resolution.UnsolvedSymbolException: Unsolved symbol in de.uka.ilkd.key.java.JavaParserFactory$DynamicTypeSolver@39ac9725 : java.lang.Object
	at com.github.javaparser.resolution.TypeSolver.solveType(TypeSolver.java:71)

100673     ERROR Test worker     d.u.i.k.n.b.AbstractBuilder  com.github.javaparser.resolution.UnsolvedSymbolException: Unsolved symbol in de.uka.ilkd.key.java.JavaParserFactory$DynamicTypeSolver@39ac9725 : java.lang.Object
	at com.github.javaparser.resolution.TypeSolver.solveType(TypeSolver.java:71)

100673     ERROR Test worker     d.u.i.k.n.b.TacletPBuilder Error in parsing taclet. de.uka.ilkd.key.util.parsing.BuildingException: Unsolved symbol in de.uka.ilkd.key.java.JavaParserFactory$DynamicTypeSolver@39ac9725 : java.lang.Object at file:/D:/a/key/key/key.core/build/resources/main/de/uka/ilkd/key/proof/rules/javaRules.key:909:15
	at de.uka.ilkd.key.nparser.builder.AbstractBuilder.accept(AbstractBuilder.java:54)
Caused by: com.github.javaparser.resolution.UnsolvedSymbolException: Unsolved symbol in de.uka.ilkd.key.java.JavaParserFactory$DynamicTypeSolver@39ac9725 : java.lang.Object
	at com.github.javaparser.resolution.TypeSolver.solveType(TypeSolver.java:71)

100673     ERROR Test worker     d.u.i.k.n.b.AbstractBuilder  com.github.javaparser.resolution.UnsolvedSymbolException: Unsolved symbol in de.uka.ilkd.key.java.JavaParserFactory$DynamicTypeSolver@39ac9725 : java.lang.Object
	at com.github.javaparser.resolution.TypeSolver.solveType(TypeSolver.java:71)

100673     ERROR Test worker     d.u.i.k.n.b.TacletPBuilder Error in parsing taclet. de.uka.ilkd.key.util.parsing.BuildingException: Unsolved symbol in de.uka.ilkd.key.java.JavaParserFactory$DynamicTypeSolver@39ac9725 : java.lang.Object at file:/D:/a/key/key/key.core/build/resources/main/de/uka/ilkd/key/proof/rules/javaRules.key:925:15
	at de.uka.ilkd.key.nparser.builder.AbstractBuilder.accept(AbstractBuilder.java:54)
Caused by: com.github.javaparser.resolution.UnsolvedSymbolException: Unsolved symbol in de.uka.ilkd.key.java.JavaParserFactory$DynamicTypeSolver@39ac9725 : java.lang.Object
	at com.github.javaparser.resolution.TypeSolver.solveType(TypeSolver.java:71)

100688     ERROR Test worker     d.u.i.k.n.b.AbstractBuilder  com.github.javaparser.resolution.UnsolvedSymbolException: Unsolved symbol in de.uka.ilkd.key.java.JavaParserFactory$DynamicTypeSolver@39ac9725 : java.lang.Object
	at com.github.javaparser.resolution.TypeSolver.solveType(TypeSolver.java:71)

100688     ERROR Test worker     d.u.i.k.n.b.TacletPBuilder Error in parsing taclet. de.uka.ilkd.key.util.parsing.BuildingException: Unsolved symbol in de.uka.ilkd.key.java.JavaParserFactory$DynamicTypeSolver@39ac9725 : java.lang.Object at file:/D:/a/key/key/key.core/build/resources/main/de/uka/ilkd/key/proof/rules/javaRules.key:935:15
	at de.uka.ilkd.key.nparser.builder.AbstractBuilder.accept(AbstractBuilder.java:54)
Caused by: com.github.javaparser.resolution.UnsolvedSymbolException: Unsolved symbol in de.uka.ilkd.key.java.JavaParserFactory$DynamicTypeSolver@39ac9725 : java.lang.Object
	at com.github.javaparser.resolution.TypeSolver.solveType(TypeSolver.java:71)

100688     ERROR Test worker     d.u.i.k.n.b.AbstractBuilder  com.github.javaparser.resolution.UnsolvedSymbolException: Unsolved symbol in de.uka.ilkd.key.java.JavaParserFactory$DynamicTypeSolver@39ac9725 : java.lang.Object
	at com.github.javaparser.resolution.TypeSolver.solveType(TypeSolver.java:71)

100688     ERROR Test worker     d.u.i.k.n.b.TacletPBuilder Error in parsing taclet. de.uka.ilkd.key.util.parsing.BuildingException: Unsolved symbol in de.uka.ilkd.key.java.JavaParserFactory$DynamicTypeSolver@39ac9725 : java.lang.Object at file:/D:/a/key/key/key.core/build/resources/main/de/uka/ilkd/key/proof/rules/javaRules.key:945:15
	at de.uka.ilkd.key.nparser.builder.AbstractBuilder.accept(AbstractBuilder.java:54)
Caused by: com.github.javaparser.resolution.UnsolvedSymbolException: Unsolved symbol in de.uka.ilkd.key.java.JavaParserFactory$DynamicTypeSolver@39ac9725 : java.lang.Object
	at com.github.javaparser.resolution.TypeSolver.solveType(TypeSolver.java:71)

100688     ERROR Test worker     d.u.i.k.n.b.AbstractBuilder  com.github.javaparser.resolution.UnsolvedSymbolException: Unsolved symbol in de.uka.ilkd.key.java.JavaParserFactory$DynamicTypeSolver@39ac9725 : java.lang.Object
	at com.github.javaparser.resolution.TypeSolver.solveType(TypeSolver.java:71)

100688     ERROR Test worker     d.u.i.k.n.b.TacletPBuilder Error in parsing taclet. de.uka.ilkd.key.util.parsing.BuildingException: Unsolved symbol in de.uka.ilkd.key.java.JavaParserFactory$DynamicTypeSolver@39ac9725 : java.lang.Object at file:/D:/a/key/key/key.core/build/resources/main/de/uka/ilkd/key/proof/rules/javaRules.key:959:15
	at de.uka.ilkd.key.nparser.builder.AbstractBuilder.accept(AbstractBuilder.java:54)
Caused by: com.github.javaparser.resolution.UnsolvedSymbolException: Unsolved symbol in de.uka.ilkd.key.java.JavaParserFactory$DynamicTypeSolver@39ac9725 : java.lang.Object
	at com.github.javaparser.resolution.TypeSolver.solveType(TypeSolver.java:71)

100688     ERROR Test worker     d.u.i.k.n.b.AbstractBuilder  com.github.javaparser.resolution.UnsolvedSymbolException: Unsolved symbol in de.uka.ilkd.key.java.JavaParserFactory$DynamicTypeSolver@39ac9725 : java.lang.Object
	at com.github.javaparser.resolution.TypeSolver.solveType(TypeSolver.java:71)

100688     ERROR Test worker     d.u.i.k.n.b.TacletPBuilder Error in parsing taclet. de.uka.ilkd.key.util.parsing.BuildingException: Unsolved symbol in de.uka.ilkd.key.java.JavaParserFactory$DynamicTypeSolver@39ac9725 : java.lang.Object at file:/D:/a/key/key/key.core/build/resources/main/de/uka/ilkd/key/proof/rules/javaRules.key:975:20
	at de.uka.ilkd.key.nparser.builder.AbstractBuilder.accept(AbstractBuilder.java:54)
Caused by: com.github.javaparser.resolution.UnsolvedSymbolException: Unsolved symbol in de.uka.ilkd.key.java.JavaParserFactory$DynamicTypeSolver@39ac9725 : java.lang.Object
	at com.github.javaparser.resolution.TypeSolver.solveType(TypeSolver.java:71)

100688     ERROR Test worker     d.u.i.k.n.b.AbstractBuilder  com.github.javaparser.resolution.UnsolvedSymbolException: Unsolved symbol in de.uka.ilkd.key.java.JavaParserFactory$DynamicTypeSolver@39ac9725 : java.lang.Object
	at com.github.javaparser.resolution.TypeSolver.solveType(TypeSolver.java:71)

100688     ERROR Test worker     d.u.i.k.n.b.TacletPBuilder Error in parsing taclet. de.uka.ilkd.key.util.parsing.BuildingException: Unsolved symbol in de.uka.ilkd.key.java.JavaParserFactory$DynamicTypeSolver@39ac9725 : java.lang.Object at file:/D:/a/key/key/key.core/build/resources/main/de/uka/ilkd/key/proof/rules/javaRules.key:990:15
	at de.uka.ilkd.key.nparser.builder.AbstractBuilder.accept(AbstractBuilder.java:54)
Caused by: com.github.javaparser.resolution.UnsolvedSymbolException: Unsolved symbol in de.uka.ilkd.key.java.JavaParserFactory$DynamicTypeSolver@39ac9725 : java.lang.Object
	at com.github.javaparser.resolution.TypeSolver.solveType(TypeSolver.java:71)

100688     ERROR Test worker     d.u.i.k.n.b.AbstractBuilder  com.github.javaparser.resolution.UnsolvedSymbolException: Unsolved symbol in de.uka.ilkd.key.java.JavaParserFactory$DynamicTypeSolver@39ac9725 : java.lang.Object
	at com.github.javaparser.resolution.TypeSolver.solveType(TypeSolver.java:71)

100688     ERROR Test worker     d.u.i.k.n.b.TacletPBuilder Error in parsing taclet. de.uka.ilkd.key.util.parsing.BuildingException: Unsolved symbol in de.uka.ilkd.key.java.JavaParserFactory$DynamicTypeSolver@39ac9725 : java.lang.Object at file:/D:/a/key/key/key.core/build/resources/main/de/uka/ilkd/key/proof/rules/javaRules.key:1001:15
	at de.uka.ilkd.key.nparser.builder.AbstractBuilder.accept(AbstractBuilder.java:54)
Caused by: com.github.javaparser.resolution.UnsolvedSymbolException: Unsolved symbol in de.uka.ilkd.key.java.JavaParserFactory$DynamicTypeSolver@39ac9725 : java.lang.Object
	at com.github.javaparser.resolution.TypeSolver.solveType(TypeSolver.java:71)

100688     ERROR Test worker     d.u.i.k.n.b.AbstractBuilder  com.github.javaparser.resolution.UnsolvedSymbolException: Unsolved symbol in de.uka.ilkd.key.java.JavaParserFactory$DynamicTypeSolver@39ac9725 : java.lang.Object
	at com.github.javaparser.resolution.TypeSolver.solveType(TypeSolver.java:71)

100688     ERROR Test worker     d.u.i.k.n.b.TacletPBuilder Error in parsing taclet. de.uka.ilkd.key.util.parsing.BuildingException: Unsolved symbol in de.uka.ilkd.key.java.JavaParserFactory$DynamicTypeSolver@39ac9725 : java.lang.Object at file:/D:/a/key/key/key.core/build/resources/main/de/uka/ilkd/key/proof/rules/javaRules.key:1018:20
	at de.uka.ilkd.key.nparser.builder.AbstractBuilder.accept(AbstractBuilder.java:54)
Caused by: com.github.javaparser.resolution.UnsolvedSymbolException: Unsolved symbol in de.uka.ilkd.key.java.JavaParserFactory$DynamicTypeSolver@39ac9725 : java.lang.Object
	at com.github.javaparser.resolution.TypeSolver.solveType(TypeSolver.java:71)

100688     ERROR Test worker     d.u.i.k.n.b.AbstractBuilder  com.github.javaparser.resolution.UnsolvedSymbolException: Unsolved symbol in de.uka.ilkd.key.java.JavaParserFactory$DynamicTypeSolver@39ac9725 : java.lang.Object
	at com.github.javaparser.resolution.TypeSolver.solveType(TypeSolver.java:71)

100688     ERROR Test worker     d.u.i.k.n.b.TacletPBuilder Error in parsing taclet. de.uka.ilkd.key.util.parsing.BuildingException: Unsolved symbol in de.uka.ilkd.key.java.JavaParserFactory$DynamicTypeSolver@39ac9725 : java.lang.Object at file:/D:/a/key/key/key.core/build/resources/main/de/uka/ilkd/key/proof/rules/javaRules.key:1034:15
	at de.uka.ilkd.key.nparser.builder.AbstractBuilder.accept(AbstractBuilder.java:54)
Caused by: com.github.javaparser.resolution.UnsolvedSymbolException: Unsolved symbol in de.uka.ilkd.key.java.JavaParserFactory$DynamicTypeSolver@39ac9725 : java.lang.Object
	at com.github.javaparser.resolution.TypeSolver.solveType(TypeSolver.java:71)

100704     ERROR Test worker     d.u.i.k.n.b.AbstractBuilder  com.github.javaparser.resolution.UnsolvedSymbolException: Unsolved symbol in de.uka.ilkd.key.java.JavaParserFactory$DynamicTypeSolver@39ac9725 : java.lang.Object
	at com.github.javaparser.resolution.TypeSolver.solveType(TypeSolver.java:71)

100704     ERROR Test worker     d.u.i.k.n.b.TacletPBuilder Error in parsing taclet. de.uka.ilkd.key.util.parsing.BuildingException: Unsolved symbol in de.uka.ilkd.key.java.JavaParserFactory$DynamicTypeSolver@39ac9725 : java.lang.Object at file:/D:/a/key/key/key.core/build/resources/main/de/uka/ilkd/key/proof/rules/javaRules.key:1044:15
	at de.uka.ilkd.key.nparser.builder.AbstractBuilder.accept(AbstractBuilder.java:54)
Caused by: com.github.javaparser.resolution.UnsolvedSymbolException: Unsolved symbol in de.uka.ilkd.key.java.JavaParserFactory$DynamicTypeSolver@39ac9725 : java.lang.Object
	at com.github.javaparser.resolution.TypeSolver.solveType(TypeSolver.java:71)

100704     ERROR Test worker     d.u.i.k.n.b.AbstractBuilder  com.github.javaparser.resolution.UnsolvedSymbolException: Unsolved symbol in de.uka.ilkd.key.java.JavaParserFactory$DynamicTypeSolver@39ac9725 : java.lang.Object
	at com.github.javaparser.resolution.TypeSolver.solveType(TypeSolver.java:71)

100704     ERROR Test worker     d.u.i.k.n.b.TacletPBuilder Error in parsing taclet. de.uka.ilkd.key.util.parsing.BuildingException: Unsolved symbol in de.uka.ilkd.key.java.JavaParserFactory$DynamicTypeSolver@39ac9725 : java.lang.Object at file:/D:/a/key/key/key.core/build/resources/main/de/uka/ilkd/key/proof/rules/javaRules.key:1063:20
	at de.uka.ilkd.key.nparser.builder.AbstractBuilder.accept(AbstractBuilder.java:54)
Caused by: com.github.javaparser.resolution.UnsolvedSymbolException: Unsolved symbol in de.uka.ilkd.key.java.JavaParserFactory$DynamicTypeSolver@39ac9725 : java.lang.Object
	at com.github.javaparser.resolution.TypeSolver.solveType(TypeSolver.java:71)

100704     ERROR Test worker     d.u.i.k.n.b.AbstractBuilder  com.github.javaparser.resolution.UnsolvedSymbolException: Unsolved symbol in de.uka.ilkd.key.java.JavaParserFactory$DynamicTypeSolver@39ac9725 : java.lang.Object
	at com.github.javaparser.resolution.TypeSolver.solveType(TypeSolver.java:71)

100704     ERROR Test worker     d.u.i.k.n.b.TacletPBuilder Error in parsing taclet. de.uka.ilkd.key.util.parsing.BuildingException: Unsolved symbol in de.uka.ilkd.key.java.JavaParserFactory$DynamicTypeSolver@39ac9725 : java.lang.Object at file:/D:/a/key/key/key.core/build/resources/main/de/uka/ilkd/key/proof/rules/javaRules.key:1081:15
	at de.uka.ilkd.key.nparser.builder.AbstractBuilder.accept(AbstractBuilder.java:54)
Caused by: com.github.javaparser.resolution.UnsolvedSymbolException: Unsolved symbol in de.uka.ilkd.key.java.JavaParserFactory$DynamicTypeSolver@39ac9725 : java.lang.Object
	at com.github.javaparser.resolution.TypeSolver.solveType(TypeSolver.java:71)

100704     ERROR Test worker     d.u.i.k.n.b.AbstractBuilder  com.github.javaparser.resolution.UnsolvedSymbolException: Unsolved symbol in de.uka.ilkd.key.java.JavaParserFactory$DynamicTypeSolver@39ac9725 : java.lang.Object
	at com.github.javaparser.resolution.TypeSolver.solveType(TypeSolver.java:71)

100704     ERROR Test worker     d.u.i.k.n.b.TacletPBuilder Error in parsing taclet. de.uka.ilkd.key.util.parsing.BuildingException: Unsolved symbol in de.uka.ilkd.key.java.JavaParserFactory$DynamicTypeSolver@39ac9725 : java.lang.Object at file:/D:/a/key/key/key.core/build/resources/main/de/uka/ilkd/key/proof/rules/javaRules.key:1094:15
	at de.uka.ilkd.key.nparser.builder.AbstractBuilder.accept(AbstractBuilder.java:54)
Caused by: com.github.javaparser.resolution.UnsolvedSymbolException: Unsolved symbol in de.uka.ilkd.key.java.JavaParserFactory$DynamicTypeSolver@39ac9725 : java.lang.Object
	at com.github.javaparser.resolution.TypeSolver.solveType(TypeSolver.java:71)

100704     ERROR Test worker     d.u.i.k.n.b.AbstractBuilder  com.github.javaparser.resolution.UnsolvedSymbolException: Unsolved symbol in de.uka.ilkd.key.java.JavaParserFactory$DynamicTypeSolver@39ac9725 : java.lang.Object
	at com.github.javaparser.resolution.TypeSolver.solveType(TypeSolver.java:71)

100704     ERROR Test worker     d.u.i.k.n.b.TacletPBuilder Error in parsing taclet. de.uka.ilkd.key.util.parsing.BuildingException: Unsolved symbol in de.uka.ilkd.key.java.JavaParserFactory$DynamicTypeSolver@39ac9725 : java.lang.Object at file:/D:/a/key/key/key.core/build/resources/main/de/uka/ilkd/key/proof/rules/javaRules.key:1100:15
	at de.uka.ilkd.key.nparser.builder.AbstractBuilder.accept(AbstractBuilder.java:54)
Caused by: com.github.javaparser.resolution.UnsolvedSymbolException: Unsolved symbol in de.uka.ilkd.key.java.JavaParserFactory$DynamicTypeSolver@39ac9725 : java.lang.Object
	at com.github.javaparser.resolution.TypeSolver.solveType(TypeSolver.java:71)

100704     ERROR Test worker     d.u.i.k.n.b.AbstractBuilder  com.github.javaparser.resolution.UnsolvedSymbolException: Unsolved symbol in de.uka.ilkd.key.java.JavaParserFactory$DynamicTypeSolver@39ac9725 : java.lang.Object
	at com.github.javaparser.resolution.TypeSolver.solveType(TypeSolver.java:71)

100704     ERROR Test worker     d.u.i.k.n.b.TacletPBuilder Error in parsing taclet. de.uka.ilkd.key.util.parsing.BuildingException: Unsolved symbol in de.uka.ilkd.key.java.JavaParserFactory$DynamicTypeSolver@39ac9725 : java.lang.Object at file:/D:/a/key/key/key.core/build/resources/main/de/uka/ilkd/key/proof/rules/javaRules.key:1114:15
	at de.uka.ilkd.key.nparser.builder.AbstractBuilder.accept(AbstractBuilder.java:54)
Caused by: com.github.javaparser.resolution.UnsolvedSymbolException: Unsolved symbol in de.uka.ilkd.key.java.JavaParserFactory$DynamicTypeSolver@39ac9725 : java.lang.Object
	at com.github.javaparser.resolution.TypeSolver.solveType(TypeSolver.java:71)

100704     ERROR Test worker     d.u.i.k.n.b.AbstractBuilder  com.github.javaparser.resolution.UnsolvedSymbolException: Unsolved symbol in de.uka.ilkd.key.java.JavaParserFactory$DynamicTypeSolver@39ac9725 : java.lang.Object
	at com.github.javaparser.resolution.TypeSolver.solveType(TypeSolver.java:71)

100704     ERROR Test worker     d.u.i.k.n.b.TacletPBuilder Error in parsing taclet. de.uka.ilkd.key.util.parsing.BuildingException: Unsolved symbol in de.uka.ilkd.key.java.JavaParserFactory$DynamicTypeSolver@39ac9725 : java.lang.Object at file:/D:/a/key/key/key.core/build/resources/main/de/uka/ilkd/key/proof/rules/javaRules.key:1124:15
	at de.uka.ilkd.key.nparser.builder.AbstractBuilder.accept(AbstractBuilder.java:54)
Caused by: com.github.javaparser.resolution.UnsolvedSymbolException: Unsolved symbol in de.uka.ilkd.key.java.JavaParserFactory$DynamicTypeSolver@39ac9725 : java.lang.Object
	at com.github.javaparser.resolution.TypeSolver.solveType(TypeSolver.java:71)

100719     ERROR Test worker     d.u.i.k.n.b.AbstractBuilder  com.github.javaparser.resolution.UnsolvedSymbolException: Unsolved symbol in de.uka.ilkd.key.java.JavaParserFactory$DynamicTypeSolver@39ac9725 : java.lang.Object
	at com.github.javaparser.resolution.TypeSolver.solveType(TypeSolver.java:71)

100719     ERROR Test worker     d.u.i.k.n.b.TacletPBuilder Error in parsing taclet. de.uka.ilkd.key.util.parsing.BuildingException: Unsolved symbol in de.uka.ilkd.key.java.JavaParserFactory$DynamicTypeSolver@39ac9725 : java.lang.Object at file:/D:/a/key/key/key.core/build/resources/main/de/uka/ilkd/key/proof/rules/javaRules.key:1135:15
	at de.uka.ilkd.key.nparser.builder.AbstractBuilder.accept(AbstractBuilder.java:54)
Caused by: com.github.javaparser.resolution.UnsolvedSymbolException: Unsolved symbol in de.uka.ilkd.key.java.JavaParserFactory$DynamicTypeSolver@39ac9725 : java.lang.Object
	at com.github.javaparser.resolution.TypeSolver.solveType(TypeSolver.java:71)

100719     ERROR Test worker     d.u.i.k.n.b.AbstractBuilder  com.github.javaparser.resolution.UnsolvedSymbolException: Unsolved symbol in de.uka.ilkd.key.java.JavaParserFactory$DynamicTypeSolver@39ac9725 : java.lang.Object
	at com.github.javaparser.resolution.TypeSolver.solveType(TypeSolver.java:71)

100719     ERROR Test worker     d.u.i.k.n.b.TacletPBuilder Error in parsing taclet. de.uka.ilkd.key.util.parsing.BuildingException: Unsolved symbol in de.uka.ilkd.key.java.JavaParserFactory$DynamicTypeSolver@39ac9725 : java.lang.Object at file:/D:/a/key/key/key.core/build/resources/main/de/uka/ilkd/key/proof/rules/javaRules.key:1142:15
	at de.uka.ilkd.key.nparser.builder.AbstractBuilder.accept(AbstractBuilder.java:54)
Caused by: com.github.javaparser.resolution.UnsolvedSymbolException: Unsolved symbol in de.uka.ilkd.key.java.JavaParserFactory$DynamicTypeSolver@39ac9725 : java.lang.Object
	at com.github.javaparser.resolution.TypeSolver.solveType(TypeSolver.java:71)

100719     ERROR Test worker     d.u.i.k.n.b.AbstractBuilder  com.github.javaparser.resolution.UnsolvedSymbolException: Unsolved symbol in de.uka.ilkd.key.java.JavaParserFactory$DynamicTypeSolver@39ac9725 : java.lang.Object
	at com.github.javaparser.resolution.TypeSolver.solveType(TypeSolver.java:71)

100719     ERROR Test worker     d.u.i.k.n.b.TacletPBuilder Error in parsing taclet. de.uka.ilkd.key.util.parsing.BuildingException: Unsolved symbol in de.uka.ilkd.key.java.JavaParserFactory$DynamicTypeSolver@39ac9725 : java.lang.Object at file:/D:/a/key/key/key.core/build/resources/main/de/uka/ilkd/key/proof/rules/javaRules.key:1151:15
	at de.uka.ilkd.key.nparser.builder.AbstractBuilder.accept(AbstractBuilder.java:54)
Caused by: com.github.javaparser.resolution.UnsolvedSymbolException: Unsolved symbol in de.uka.ilkd.key.java.JavaParserFactory$DynamicTypeSolver@39ac9725 : java.lang.Object
	at com.github.javaparser.resolution.TypeSolver.solveType(TypeSolver.java:71)

100719     ERROR Test worker     d.u.i.k.n.b.AbstractBuilder  com.github.javaparser.resolution.UnsolvedSymbolException: Unsolved symbol in de.uka.ilkd.key.java.JavaParserFactory$DynamicTypeSolver@39ac9725 : java.lang.Object
	at com.github.javaparser.resolution.TypeSolver.solveType(TypeSolver.java:71)

100719     ERROR Test worker     d.u.i.k.n.b.TacletPBuilder Error in parsing taclet. de.uka.ilkd.key.util.parsing.BuildingException: Unsolved symbol in de.uka.ilkd.key.java.JavaParserFactory$DynamicTypeSolver@39ac9725 : java.lang.Object at file:/D:/a/key/key/key.core/build/resources/main/de/uka/ilkd/key/proof/rules/javaRules.key:1157:15
	at de.uka.ilkd.key.nparser.builder.AbstractBuilder.accept(AbstractBuilder.java:54)
Caused by: com.github.javaparser.resolution.UnsolvedSymbolException: Unsolved symbol in de.uka.ilkd.key.java.JavaParserFactory$DynamicTypeSolver@39ac9725 : java.lang.Object
	at com.github.javaparser.resolution.TypeSolver.solveType(TypeSolver.java:71)

100719     ERROR Test worker     d.u.i.k.n.b.AbstractBuilder  com.github.javaparser.resolution.UnsolvedSymbolException: Unsolved symbol in de.uka.ilkd.key.java.JavaParserFactory$DynamicTypeSolver@39ac9725 : java.lang.Object
	at com.github.javaparser.resolution.TypeSolver.solveType(TypeSolver.java:71)

100719     ERROR Test worker     d.u.i.k.n.b.TacletPBuilder Error in parsing taclet. de.uka.ilkd.key.util.parsing.BuildingException: Unsolved symbol in de.uka.ilkd.key.java.JavaParserFactory$DynamicTypeSolver@39ac9725 : java.lang.Object at file:/D:/a/key/key/key.core/build/resources/main/de/uka/ilkd/key/proof/rules/javaRules.key:1164:15
	at de.uka.ilkd.key.nparser.builder.AbstractBuilder.accept(AbstractBuilder.java:54)
Caused by: com.github.javaparser.resolution.UnsolvedSymbolException: Unsolved symbol in de.uka.ilkd.key.java.JavaParserFactory$DynamicTypeSolver@39ac9725 : java.lang.Object
	at com.github.javaparser.resolution.TypeSolver.solveType(TypeSolver.java:71)

100719     ERROR Test worker     d.u.i.k.n.b.AbstractBuilder  com.github.javaparser.resolution.UnsolvedSymbolException: Unsolved symbol in de.uka.ilkd.key.java.JavaParserFactory$DynamicTypeSolver@39ac9725 : java.lang.Object
	at com.github.javaparser.resolution.TypeSolver.solveType(TypeSolver.java:71)

100719     ERROR Test worker     d.u.i.k.n.b.TacletPBuilder Error in parsing taclet. de.uka.ilkd.key.util.parsing.BuildingException: Unsolved symbol in de.uka.ilkd.key.java.JavaParserFactory$DynamicTypeSolver@39ac9725 : java.lang.Object at file:/D:/a/key/key/key.core/build/resources/main/de/uka/ilkd/key/proof/rules/javaRules.key:1171:15
	at de.uka.ilkd.key.nparser.builder.AbstractBuilder.accept(AbstractBuilder.java:54)
Caused by: com.github.javaparser.resolution.UnsolvedSymbolException: Unsolved symbol in de.uka.ilkd.key.java.JavaParserFactory$DynamicTypeSolver@39ac9725 : java.lang.Object
	at com.github.javaparser.resolution.TypeSolver.solveType(TypeSolver.java:71)

100719     ERROR Test worker     d.u.i.k.n.b.AbstractBuilder  com.github.javaparser.resolution.UnsolvedSymbolException: Unsolved symbol in de.uka.ilkd.key.java.JavaParserFactory$DynamicTypeSolver@39ac9725 : java.lang.Object
	at com.github.javaparser.resolution.TypeSolver.solveType(TypeSolver.java:71)

100719     ERROR Test worker     d.u.i.k.n.b.TacletPBuilder Error in parsing taclet. de.uka.ilkd.key.util.parsing.BuildingException: Unsolved symbol in de.uka.ilkd.key.java.JavaParserFactory$DynamicTypeSolver@39ac9725 : java.lang.Object at file:/D:/a/key/key/key.core/build/resources/main/de/uka/ilkd/key/proof/rules/javaRules.key:1178:15
	at de.uka.ilkd.key.nparser.builder.AbstractBuilder.accept(AbstractBuilder.java:54)
Caused by: com.github.javaparser.resolution.UnsolvedSymbolException: Unsolved symbol in de.uka.ilkd.key.java.JavaParserFactory$DynamicTypeSolver@39ac9725 : java.lang.Object
	at com.github.javaparser.resolution.TypeSolver.solveType(TypeSolver.java:71)

100719     ERROR Test worker     d.u.i.k.n.b.AbstractBuilder  com.github.javaparser.resolution.UnsolvedSymbolException: Unsolved symbol in de.uka.ilkd.key.java.JavaParserFactory$DynamicTypeSolver@39ac9725 : java.lang.Object
	at com.github.javaparser.resolution.TypeSolver.solveType(TypeSolver.java:71)

100719     ERROR Test worker     d.u.i.k.n.b.TacletPBuilder Error in parsing taclet. de.uka.ilkd.key.util.parsing.BuildingException: Unsolved symbol in de.uka.ilkd.key.java.JavaParserFactory$DynamicTypeSolver@39ac9725 : java.lang.Object at file:/D:/a/key/key/key.core/build/resources/main/de/uka/ilkd/key/proof/rules/javaRules.key:1184:15
	at de.uka.ilkd.key.nparser.builder.AbstractBuilder.accept(AbstractBuilder.java:54)
Caused by: com.github.javaparser.resolution.UnsolvedSymbolException: Unsolved symbol in de.uka.ilkd.key.java.JavaParserFactory$DynamicTypeSolver@39ac9725 : java.lang.Object
	at com.github.javaparser.resolution.TypeSolver.solveType(TypeSolver.java:71)

100735     ERROR Test worker     d.u.i.k.n.b.AbstractBuilder  com.github.javaparser.resolution.UnsolvedSymbolException: Unsolved symbol in de.uka.ilkd.key.java.JavaParserFactory$DynamicTypeSolver@39ac9725 : java.lang.Object
	at com.github.javaparser.resolution.TypeSolver.solveType(TypeSolver.java:71)

100735     ERROR Test worker     d.u.i.k.n.b.TacletPBuilder Error in parsing taclet. de.uka.ilkd.key.util.parsing.BuildingException: Unsolved symbol in de.uka.ilkd.key.java.JavaParserFactory$DynamicTypeSolver@39ac9725 : java.lang.Object at file:/D:/a/key/key/key.core/build/resources/main/de/uka/ilkd/key/proof/rules/javaRules.key:1191:15
	at de.uka.ilkd.key.nparser.builder.AbstractBuilder.accept(AbstractBuilder.java:54)
Caused by: com.github.javaparser.resolution.UnsolvedSymbolException: Unsolved symbol in de.uka.ilkd.key.java.JavaParserFactory$DynamicTypeSolver@39ac9725 : java.lang.Object
	at com.github.javaparser.resolution.TypeSolver.solveType(TypeSolver.java:71)

100735     ERROR Test worker     d.u.i.k.n.b.AbstractBuilder  com.github.javaparser.resolution.UnsolvedSymbolException: Unsolved symbol in de.uka.ilkd.key.java.JavaParserFactory$DynamicTypeSolver@39ac9725 : java.lang.Object
	at com.github.javaparser.resolution.TypeSolver.solveType(TypeSolver.java:71)

100735     ERROR Test worker     d.u.i.k.n.b.TacletPBuilder Error in parsing taclet. de.uka.ilkd.key.util.parsing.BuildingException: Unsolved symbol in de.uka.ilkd.key.java.JavaParserFactory$DynamicTypeSolver@39ac9725 : java.lang.Object at file:/D:/a/key/key/key.core/build/resources/main/de/uka/ilkd/key/proof/rules/javaRules.key:1198:15
	at de.uka.ilkd.key.nparser.builder.AbstractBuilder.accept(AbstractBuilder.java:54)
Caused by: com.github.javaparser.resolution.UnsolvedSymbolException: Unsolved symbol in de.uka.ilkd.key.java.JavaParserFactory$DynamicTypeSolver@39ac9725 : java.lang.Object
	at com.github.javaparser.resolution.TypeSolver.solveType(TypeSolver.java:71)

100735     ERROR Test worker     d.u.i.k.n.b.AbstractBuilder  com.github.javaparser.resolution.UnsolvedSymbolException: Unsolved symbol in de.uka.ilkd.key.java.JavaParserFactory$DynamicTypeSolver@39ac9725 : java.lang.Object
	at com.github.javaparser.resolution.TypeSolver.solveType(TypeSolver.java:71)

100735     ERROR Test worker     d.u.i.k.n.b.TacletPBuilder Error in parsing taclet. de.uka.ilkd.key.util.parsing.BuildingException: Unsolved symbol in de.uka.ilkd.key.java.JavaParserFactory$DynamicTypeSolver@39ac9725 : java.lang.Object at file:/D:/a/key/key/key.core/build/resources/main/de/uka/ilkd/key/proof/rules/javaRules.key:1205:15
	at de.uka.ilkd.key.nparser.builder.AbstractBuilder.accept(AbstractBuilder.java:54)
Caused by: com.github.javaparser.resolution.UnsolvedSymbolException: Unsolved symbol in de.uka.ilkd.key.java.JavaParserFactory$DynamicTypeSolver@39ac9725 : java.lang.Object
	at com.github.javaparser.resolution.TypeSolver.solveType(TypeSolver.java:71)

100735     ERROR Test worker     d.u.i.k.n.b.AbstractBuilder  com.github.javaparser.resolution.UnsolvedSymbolException: Unsolved symbol in de.uka.ilkd.key.java.JavaParserFactory$DynamicTypeSolver@39ac9725 : java.lang.Object
	at com.github.javaparser.resolution.TypeSolver.solveType(TypeSolver.java:71)

100735     ERROR Test worker     d.u.i.k.n.b.TacletPBuilder Error in parsing taclet. de.uka.ilkd.key.util.parsing.BuildingException: Unsolved symbol in de.uka.ilkd.key.java.JavaParserFactory$DynamicTypeSolver@39ac9725 : java.lang.Object at file:/D:/a/key/key/key.core/build/resources/main/de/uka/ilkd/key/proof/rules/javaRules.key:1212:15
	at de.uka.ilkd.key.nparser.builder.AbstractBuilder.accept(AbstractBuilder.java:54)
Caused by: com.github.javaparser.resolution.UnsolvedSymbolException: Unsolved symbol in de.uka.ilkd.key.java.JavaParserFactory$DynamicTypeSolver@39ac9725 : java.lang.Object
	at com.github.javaparser.resolution.TypeSolver.solveType(TypeSolver.java:71)

100735     ERROR Test worker     d.u.i.k.n.b.AbstractBuilder  com.github.javaparser.resolution.UnsolvedSymbolException: Unsolved symbol in de.uka.ilkd.key.java.JavaParserFactory$DynamicTypeSolver@39ac9725 : java.lang.Object
	at com.github.javaparser.resolution.TypeSolver.solveType(TypeSolver.java:71)

100735     ERROR Test worker     d.u.i.k.n.b.TacletPBuilder Error in parsing taclet. de.uka.ilkd.key.util.parsing.BuildingException: Unsolved symbol in de.uka.ilkd.key.java.JavaParserFactory$DynamicTypeSolver@39ac9725 : java.lang.Object at file:/D:/a/key/key/key.core/build/resources/main/de/uka/ilkd/key/proof/rules/javaRules.key:1220:15
	at de.uka.ilkd.key.nparser.builder.AbstractBuilder.accept(AbstractBuilder.java:54)
Caused by: com.github.javaparser.resolution.UnsolvedSymbolException: Unsolved symbol in de.uka.ilkd.key.java.JavaParserFactory$DynamicTypeSolver@39ac9725 : java.lang.Object
	at com.github.javaparser.resolution.TypeSolver.solveType(TypeSolver.java:71)

100735     ERROR Test worker     d.u.i.k.n.b.AbstractBuilder  com.github.javaparser.resolution.UnsolvedSymbolException: Unsolved symbol in de.uka.ilkd.key.java.JavaParserFactory$DynamicTypeSolver@39ac9725 : java.lang.Object
	at com.github.javaparser.resolution.TypeSolver.solveType(TypeSolver.java:71)

100735     ERROR Test worker     d.u.i.k.n.b.TacletPBuilder Error in parsing taclet. de.uka.ilkd.key.util.parsing.BuildingException: Unsolved symbol in de.uka.ilkd.key.java.JavaParserFactory$DynamicTypeSolver@39ac9725 : java.lang.Object at file:/D:/a/key/key/key.core/build/resources/main/de/uka/ilkd/key/proof/rules/javaRules.key:1230:15
	at de.uka.ilkd.key.nparser.builder.AbstractBuilder.accept(AbstractBuilder.java:54)
Caused by: com.github.javaparser.resolution.UnsolvedSymbolException: Unsolved symbol in de.uka.ilkd.key.java.JavaParserFactory$DynamicTypeSolver@39ac9725 : java.lang.Object
	at com.github.javaparser.resolution.TypeSolver.solveType(TypeSolver.java:71)

100735     ERROR Test worker     d.u.i.k.n.b.AbstractBuilder  com.github.javaparser.resolution.UnsolvedSymbolException: Unsolved symbol in de.uka.ilkd.key.java.JavaParserFactory$DynamicTypeSolver@39ac9725 : java.lang.Object
	at com.github.javaparser.resolution.TypeSolver.solveType(TypeSolver.java:71)

100735     ERROR Test worker     d.u.i.k.n.b.TacletPBuilder Error in parsing taclet. de.uka.ilkd.key.util.parsing.BuildingException: Unsolved symbol in de.uka.ilkd.key.java.JavaParserFactory$DynamicTypeSolver@39ac9725 : java.lang.Object at file:/D:/a/key/key/key.core/build/resources/main/de/uka/ilkd/key/proof/rules/javaRules.key:1238:15
	at de.uka.ilkd.key.nparser.builder.AbstractBuilder.accept(AbstractBuilder.java:54)
Caused by: com.github.javaparser.resolution.UnsolvedSymbolException: Unsolved symbol in de.uka.ilkd.key.java.JavaParserFactory$DynamicTypeSolver@39ac9725 : java.lang.Object
	at com.github.javaparser.resolution.TypeSolver.solveType(TypeSolver.java:71)

100735     ERROR Test worker     d.u.i.k.n.b.AbstractBuilder  com.github.javaparser.resolution.UnsolvedSymbolException: Unsolved symbol in de.uka.ilkd.key.java.JavaParserFactory$DynamicTypeSolver@39ac9725 : java.lang.Object
	at com.github.javaparser.resolution.TypeSolver.solveType(TypeSolver.java:71)

100735     ERROR Test worker     d.u.i.k.n.b.TacletPBuilder Error in parsing taclet. de.uka.ilkd.key.util.parsing.BuildingException: Unsolved symbol in de.uka.ilkd.key.java.JavaParserFactory$DynamicTypeSolver@39ac9725 : java.lang.Object at file:/D:/a/key/key/key.core/build/resources/main/de/uka/ilkd/key/proof/rules/javaRules.key:1245:15
	at de.uka.ilkd.key.nparser.builder.AbstractBuilder.accept(AbstractBuilder.java:54)
Caused by: com.github.javaparser.resolution.UnsolvedSymbolException: Unsolved symbol in de.uka.ilkd.key.java.JavaParserFactory$DynamicTypeSolver@39ac9725 : java.lang.Object
	at com.github.javaparser.resolution.TypeSolver.solveType(TypeSolver.java:71)

100751     ERROR Test worker     d.u.i.k.n.b.AbstractBuilder  com.github.javaparser.resolution.UnsolvedSymbolException: Unsolved symbol in de.uka.ilkd.key.java.JavaParserFactory$DynamicTypeSolver@39ac9725 : java.lang.Object
	at com.github.javaparser.resolution.TypeSolver.solveType(TypeSolver.java:71)

100751     ERROR Test worker     d.u.i.k.n.b.TacletPBuilder Error in parsing taclet. de.uka.ilkd.key.util.parsing.BuildingException: Unsolved symbol in de.uka.ilkd.key.java.JavaParserFactory$DynamicTypeSolver@39ac9725 : java.lang.Object at file:/D:/a/key/key/key.core/build/resources/main/de/uka/ilkd/key/proof/rules/javaRules.key:1254:15
	at de.uka.ilkd.key.nparser.builder.AbstractBuilder.accept(AbstractBuilder.java:54)
Caused by: com.github.javaparser.resolution.UnsolvedSymbolException: Unsolved symbol in de.uka.ilkd.key.java.JavaParserFactory$DynamicTypeSolver@39ac9725 : java.lang.Object
	at com.github.javaparser.resolution.TypeSolver.solveType(TypeSolver.java:71)

100751     ERROR Test worker     d.u.i.k.n.b.AbstractBuilder  com.github.javaparser.resolution.UnsolvedSymbolException: Unsolved symbol in de.uka.ilkd.key.java.JavaParserFactory$DynamicTypeSolver@39ac9725 : java.lang.Object
	at com.github.javaparser.resolution.TypeSolver.solveType(TypeSolver.java:71)

100751     ERROR Test worker     d.u.i.k.n.b.TacletPBuilder Error in parsing taclet. de.uka.ilkd.key.util.parsing.BuildingException: Unsolved symbol in de.uka.ilkd.key.java.JavaParserFactory$DynamicTypeSolver@39ac9725 : java.lang.Object at file:/D:/a/key/key/key.core/build/resources/main/de/uka/ilkd/key/proof/rules/javaRules.key:1262:15
	at de.uka.ilkd.key.nparser.builder.AbstractBuilder.accept(AbstractBuilder.java:54)
Caused by: com.github.javaparser.resolution.UnsolvedSymbolException: Unsolved symbol in de.uka.ilkd.key.java.JavaParserFactory$DynamicTypeSolver@39ac9725 : java.lang.Object
	at com.github.javaparser.resolution.TypeSolver.solveType(TypeSolver.java:71)

100751     ERROR Test worker     d.u.i.k.n.b.AbstractBuilder  com.github.javaparser.resolution.UnsolvedSymbolException: Unsolved symbol in de.uka.ilkd.key.java.JavaParserFactory$DynamicTypeSolver@39ac9725 : java.lang.Object
	at com.github.javaparser.resolution.TypeSolver.solveType(TypeSolver.java:71)

100751     ERROR Test worker     d.u.i.k.n.b.TacletPBuilder Error in parsing taclet. de.uka.ilkd.key.util.parsing.BuildingException: Unsolved symbol in de.uka.ilkd.key.java.JavaParserFactory$DynamicTypeSolver@39ac9725 : java.lang.Object at file:/D:/a/key/key/key.core/build/resources/main/de/uka/ilkd/key/proof/rules/javaRules.key:1271:15
	at de.uka.ilkd.key.nparser.builder.AbstractBuilder.accept(AbstractBuilder.java:54)
Caused by: com.github.javaparser.resolution.UnsolvedSymbolException: Unsolved symbol in de.uka.ilkd.key.java.JavaParserFactory$DynamicTypeSolver@39ac9725 : java.lang.Object
	at com.github.javaparser.resolution.TypeSolver.solveType(TypeSolver.java:71)

100751     ERROR Test worker     d.u.i.k.n.b.AbstractBuilder  com.github.javaparser.resolution.UnsolvedSymbolException: Unsolved symbol in de.uka.ilkd.key.java.JavaParserFactory$DynamicTypeSolver@39ac9725 : java.lang.Object
	at com.github.javaparser.resolution.TypeSolver.solveType(TypeSolver.java:71)

100751     ERROR Test worker     d.u.i.k.n.b.TacletPBuilder Error in parsing taclet. de.uka.ilkd.key.util.parsing.BuildingException: Unsolved symbol in de.uka.ilkd.key.java.JavaParserFactory$DynamicTypeSolver@39ac9725 : java.lang.Object at file:/D:/a/key/key/key.core/build/resources/main/de/uka/ilkd/key/proof/rules/javaRules.key:1279:15
	at de.uka.ilkd.key.nparser.builder.AbstractBuilder.accept(AbstractBuilder.java:54)
Caused by: com.github.javaparser.resolution.UnsolvedSymbolException: Unsolved symbol in de.uka.ilkd.key.java.JavaParserFactory$DynamicTypeSolver@39ac9725 : java.lang.Object
	at com.github.javaparser.resolution.TypeSolver.solveType(TypeSolver.java:71)

100751     ERROR Test worker     d.u.i.k.n.b.AbstractBuilder  com.github.javaparser.resolution.UnsolvedSymbolException: Unsolved symbol in de.uka.ilkd.key.java.JavaParserFactory$DynamicTypeSolver@39ac9725 : java.lang.Object
	at com.github.javaparser.resolution.TypeSolver.solveType(TypeSolver.java:71)

100751     ERROR Test worker     d.u.i.k.n.b.TacletPBuilder Error in parsing taclet. de.uka.ilkd.key.util.parsing.BuildingException: Unsolved symbol in de.uka.ilkd.key.java.JavaParserFactory$DynamicTypeSolver@39ac9725 : java.lang.Object at file:/D:/a/key/key/key.core/build/resources/main/de/uka/ilkd/key/proof/rules/javaRules.key:1287:20
	at de.uka.ilkd.key.nparser.builder.AbstractBuilder.accept(AbstractBuilder.java:54)
Caused by: com.github.javaparser.resolution.UnsolvedSymbolException: Unsolved symbol in de.uka.ilkd.key.java.JavaParserFactory$DynamicTypeSolver@39ac9725 : java.lang.Object
	at com.github.javaparser.resolution.TypeSolver.solveType(TypeSolver.java:71)

100751     ERROR Test worker     d.u.i.k.n.b.AbstractBuilder  com.github.javaparser.resolution.UnsolvedSymbolException: Unsolved symbol in de.uka.ilkd.key.java.JavaParserFactory$DynamicTypeSolver@39ac9725 : java.lang.Object
	at com.github.javaparser.resolution.TypeSolver.solveType(TypeSolver.java:71)

100751     ERROR Test worker     d.u.i.k.n.b.TacletPBuilder Error in parsing taclet. de.uka.ilkd.key.util.parsing.BuildingException: Unsolved symbol in de.uka.ilkd.key.java.JavaParserFactory$DynamicTypeSolver@39ac9725 : java.lang.Object at file:/D:/a/key/key/key.core/build/resources/main/de/uka/ilkd/key/proof/rules/javaRules.key:1297:20
	at de.uka.ilkd.key.nparser.builder.AbstractBuilder.accept(AbstractBuilder.java:54)
Caused by: com.github.javaparser.resolution.UnsolvedSymbolException: Unsolved symbol in de.uka.ilkd.key.java.JavaParserFactory$DynamicTypeSolver@39ac9725 : java.lang.Object
	at com.github.javaparser.resolution.TypeSolver.solveType(TypeSolver.java:71)

100751     ERROR Test worker     d.u.i.k.n.b.AbstractBuilder  com.github.javaparser.resolution.UnsolvedSymbolException: Unsolved symbol in de.uka.ilkd.key.java.JavaParserFactory$DynamicTypeSolver@39ac9725 : java.lang.Object
	at com.github.javaparser.resolution.TypeSolver.solveType(TypeSolver.java:71)

100751     ERROR Test worker     d.u.i.k.n.b.TacletPBuilder Error in parsing taclet. de.uka.ilkd.key.util.parsing.BuildingException: Unsolved symbol in de.uka.ilkd.key.java.JavaParserFactory$DynamicTypeSolver@39ac9725 : java.lang.Object at file:/D:/a/key/key/key.core/build/resources/main/de/uka/ilkd/key/proof/rules/javaRules.key:1307:15
	at de.uka.ilkd.key.nparser.builder.AbstractBuilder.accept(AbstractBuilder.java:54)
Caused by: com.github.javaparser.resolution.UnsolvedSymbolException: Unsolved symbol in de.uka.ilkd.key.java.JavaParserFactory$DynamicTypeSolver@39ac9725 : java.lang.Object
	at com.github.javaparser.resolution.TypeSolver.solveType(TypeSolver.java:71)

100751     ERROR Test worker     d.u.i.k.n.b.AbstractBuilder  com.github.javaparser.resolution.UnsolvedSymbolException: Unsolved symbol in de.uka.ilkd.key.java.JavaParserFactory$DynamicTypeSolver@39ac9725 : java.lang.Object
	at com.github.javaparser.resolution.TypeSolver.solveType(TypeSolver.java:71)

100751     ERROR Test worker     d.u.i.k.n.b.TacletPBuilder Error in parsing taclet. de.uka.ilkd.key.util.parsing.BuildingException: Unsolved symbol in de.uka.ilkd.key.java.JavaParserFactory$DynamicTypeSolver@39ac9725 : java.lang.Object at file:/D:/a/key/key/key.core/build/resources/main/de/uka/ilkd/key/proof/rules/javaRules.key:1313:15
	at de.uka.ilkd.key.nparser.builder.AbstractBuilder.accept(AbstractBuilder.java:54)
Caused by: com.github.javaparser.resolution.UnsolvedSymbolException: Unsolved symbol in de.uka.ilkd.key.java.JavaParserFactory$DynamicTypeSolver@39ac9725 : java.lang.Object
	at com.github.javaparser.resolution.TypeSolver.solveType(TypeSolver.java:71)

100751     ERROR Test worker     d.u.i.k.n.b.AbstractBuilder  com.github.javaparser.resolution.UnsolvedSymbolException: Unsolved symbol in de.uka.ilkd.key.java.JavaParserFactory$DynamicTypeSolver@39ac9725 : java.lang.Object
	at com.github.javaparser.resolution.TypeSolver.solveType(TypeSolver.java:71)

100751     ERROR Test worker     d.u.i.k.n.b.TacletPBuilder Error in parsing taclet. de.uka.ilkd.key.util.parsing.BuildingException: Unsolved symbol in de.uka.ilkd.key.java.JavaParserFactory$DynamicTypeSolver@39ac9725 : java.lang.Object at file:/D:/a/key/key/key.core/build/resources/main/de/uka/ilkd/key/proof/rules/javaRules.key:1320:20
	at de.uka.ilkd.key.nparser.builder.AbstractBuilder.accept(AbstractBuilder.java:54)
Caused by: com.github.javaparser.resolution.UnsolvedSymbolException: Unsolved symbol in de.uka.ilkd.key.java.JavaParserFactory$DynamicTypeSolver@39ac9725 : java.lang.Object
	at com.github.javaparser.resolution.TypeSolver.solveType(TypeSolver.java:71)

100769     ERROR Test worker     d.u.i.k.n.b.AbstractBuilder  com.github.javaparser.resolution.UnsolvedSymbolException: Unsolved symbol in de.uka.ilkd.key.java.JavaParserFactory$DynamicTypeSolver@39ac9725 : java.lang.Object
	at com.github.javaparser.resolution.TypeSolver.solveType(TypeSolver.java:71)

100769     ERROR Test worker     d.u.i.k.n.b.TacletPBuilder Error in parsing taclet. de.uka.ilkd.key.util.parsing.BuildingException: Unsolved symbol in de.uka.ilkd.key.java.JavaParserFactory$DynamicTypeSolver@39ac9725 : java.lang.Object at file:/D:/a/key/key/key.core/build/resources/main/de/uka/ilkd/key/proof/rules/javaRules.key:1327:20
	at de.uka.ilkd.key.nparser.builder.AbstractBuilder.accept(AbstractBuilder.java:54)
Caused by: com.github.javaparser.resolution.UnsolvedSymbolException: Unsolved symbol in de.uka.ilkd.key.java.JavaParserFactory$DynamicTypeSolver@39ac9725 : java.lang.Object
	at com.github.javaparser.resolution.TypeSolver.solveType(TypeSolver.java:71)

100770     ERROR Test worker     d.u.i.k.n.b.AbstractBuilder  com.github.javaparser.resolution.UnsolvedSymbolException: Unsolved symbol in de.uka.ilkd.key.java.JavaParserFactory$DynamicTypeSolver@39ac9725 : java.lang.Object
	at com.github.javaparser.resolution.TypeSolver.solveType(TypeSolver.java:71)

100770     ERROR Test worker     d.u.i.k.n.b.TacletPBuilder Error in parsing taclet. de.uka.ilkd.key.util.parsing.BuildingException: Unsolved symbol in de.uka.ilkd.key.java.JavaParserFactory$DynamicTypeSolver@39ac9725 : java.lang.Object at file:/D:/a/key/key/key.core/build/resources/main/de/uka/ilkd/key/proof/rules/javaRules.key:1334:20
	at de.uka.ilkd.key.nparser.builder.AbstractBuilder.accept(AbstractBuilder.java:54)
Caused by: com.github.javaparser.resolution.UnsolvedSymbolException: Unsolved symbol in de.uka.ilkd.key.java.JavaParserFactory$DynamicTypeSolver@39ac9725 : java.lang.Object
	at com.github.javaparser.resolution.TypeSolver.solveType(TypeSolver.java:71)

100770     ERROR Test worker     d.u.i.k.n.b.AbstractBuilder  com.github.javaparser.resolution.UnsolvedSymbolException: Unsolved symbol in de.uka.ilkd.key.java.JavaParserFactory$DynamicTypeSolver@39ac9725 : java.lang.Object
	at com.github.javaparser.resolution.TypeSolver.solveType(TypeSolver.java:71)

100770     ERROR Test worker     d.u.i.k.n.b.TacletPBuilder Error in parsing taclet. de.uka.ilkd.key.util.parsing.BuildingException: Unsolved symbol in de.uka.ilkd.key.java.JavaParserFactory$DynamicTypeSolver@39ac9725 : java.lang.Object at file:/D:/a/key/key/key.core/build/resources/main/de/uka/ilkd/key/proof/rules/javaRules.key:1341:20
	at de.uka.ilkd.key.nparser.builder.AbstractBuilder.accept(AbstractBuilder.java:54)
Caused by: com.github.javaparser.resolution.UnsolvedSymbolException: Unsolved symbol in de.uka.ilkd.key.java.JavaParserFactory$DynamicTypeSolver@39ac9725 : java.lang.Object
	at com.github.javaparser.resolution.TypeSolver.solveType(TypeSolver.java:71)

100770     ERROR Test worker     d.u.i.k.n.b.AbstractBuilder  com.github.javaparser.resolution.UnsolvedSymbolException: Unsolved symbol in de.uka.ilkd.key.java.JavaParserFactory$DynamicTypeSolver@39ac9725 : java.lang.Object
	at com.github.javaparser.resolution.TypeSolver.solveType(TypeSolver.java:71)

100770     ERROR Test worker     d.u.i.k.n.b.TacletPBuilder Error in parsing taclet. de.uka.ilkd.key.util.parsing.BuildingException: Unsolved symbol in de.uka.ilkd.key.java.JavaParserFactory$DynamicTypeSolver@39ac9725 : java.lang.Object at file:/D:/a/key/key/key.core/build/resources/main/de/uka/ilkd/key/proof/rules/javaRules.key:1347:15
	at de.uka.ilkd.key.nparser.builder.AbstractBuilder.accept(AbstractBuilder.java:54)
Caused by: com.github.javaparser.resolution.UnsolvedSymbolException: Unsolved symbol in de.uka.ilkd.key.java.JavaParserFactory$DynamicTypeSolver@39ac9725 : java.lang.Object
	at com.github.javaparser.resolution.TypeSolver.solveType(TypeSolver.java:71)

100770     ERROR Test worker     d.u.i.k.n.b.AbstractBuilder  com.github.javaparser.resolution.UnsolvedSymbolException: Unsolved symbol in de.uka.ilkd.key.java.JavaParserFactory$DynamicTypeSolver@39ac9725 : java.lang.Object
	at com.github.javaparser.resolution.TypeSolver.solveType(TypeSolver.java:71)

100770     ERROR Test worker     d.u.i.k.n.b.TacletPBuilder Error in parsing taclet. de.uka.ilkd.key.util.parsing.BuildingException: Unsolved symbol in de.uka.ilkd.key.java.JavaParserFactory$DynamicTypeSolver@39ac9725 : java.lang.Object at file:/D:/a/key/key/key.core/build/resources/main/de/uka/ilkd/key/proof/rules/javaRules.key:1353:15
	at de.uka.ilkd.key.nparser.builder.AbstractBuilder.accept(AbstractBuilder.java:54)
Caused by: com.github.javaparser.resolution.UnsolvedSymbolException: Unsolved symbol in de.uka.ilkd.key.java.JavaParserFactory$DynamicTypeSolver@39ac9725 : java.lang.Object
	at com.github.javaparser.resolution.TypeSolver.solveType(TypeSolver.java:71)

100770     ERROR Test worker     d.u.i.k.n.b.AbstractBuilder  com.github.javaparser.resolution.UnsolvedSymbolException: Unsolved symbol in de.uka.ilkd.key.java.JavaParserFactory$DynamicTypeSolver@39ac9725 : java.lang.Object
	at com.github.javaparser.resolution.TypeSolver.solveType(TypeSolver.java:71)

100770     ERROR Test worker     d.u.i.k.n.b.TacletPBuilder Error in parsing taclet. de.uka.ilkd.key.util.parsing.BuildingException: Unsolved symbol in de.uka.ilkd.key.java.JavaParserFactory$DynamicTypeSolver@39ac9725 : java.lang.Object at file:/D:/a/key/key/key.core/build/resources/main/de/uka/ilkd/key/proof/rules/javaRules.key:1359:15
	at de.uka.ilkd.key.nparser.builder.AbstractBuilder.accept(AbstractBuilder.java:54)
Caused by: com.github.javaparser.resolution.UnsolvedSymbolException: Unsolved symbol in de.uka.ilkd.key.java.JavaParserFactory$DynamicTypeSolver@39ac9725 : java.lang.Object
	at com.github.javaparser.resolution.TypeSolver.solveType(TypeSolver.java:71)

100770     ERROR Test worker     d.u.i.k.n.b.AbstractBuilder  com.github.javaparser.resolution.UnsolvedSymbolException: Unsolved symbol in de.uka.ilkd.key.java.JavaParserFactory$DynamicTypeSolver@39ac9725 : java.lang.Object
	at com.github.javaparser.resolution.TypeSolver.solveType(TypeSolver.java:71)

100770     ERROR Test worker     d.u.i.k.n.b.TacletPBuilder Error in parsing taclet. de.uka.ilkd.key.util.parsing.BuildingException: Unsolved symbol in de.uka.ilkd.key.java.JavaParserFactory$DynamicTypeSolver@39ac9725 : java.lang.Object at file:/D:/a/key/key/key.core/build/resources/main/de/uka/ilkd/key/proof/rules/javaRules.key:1365:15
	at de.uka.ilkd.key.nparser.builder.AbstractBuilder.accept(AbstractBuilder.java:54)
Caused by: com.github.javaparser.resolution.UnsolvedSymbolException: Unsolved symbol in de.uka.ilkd.key.java.JavaParserFactory$DynamicTypeSolver@39ac9725 : java.lang.Object
	at com.github.javaparser.resolution.TypeSolver.solveType(TypeSolver.java:71)

100770     ERROR Test worker     d.u.i.k.n.b.AbstractBuilder  com.github.javaparser.resolution.UnsolvedSymbolException: Unsolved symbol in de.uka.ilkd.key.java.JavaParserFactory$DynamicTypeSolver@39ac9725 : java.lang.Object
	at com.github.javaparser.resolution.TypeSolver.solveType(TypeSolver.java:71)

100770     ERROR Test worker     d.u.i.k.n.b.TacletPBuilder Error in parsing taclet. de.uka.ilkd.key.util.parsing.BuildingException: Unsolved symbol in de.uka.ilkd.key.java.JavaParserFactory$DynamicTypeSolver@39ac9725 : java.lang.Object at file:/D:/a/key/key/key.core/build/resources/main/de/uka/ilkd/key/proof/rules/javaRules.key:1371:15
	at de.uka.ilkd.key.nparser.builder.AbstractBuilder.accept(AbstractBuilder.java:54)
Caused by: com.github.javaparser.resolution.UnsolvedSymbolException: Unsolved symbol in de.uka.ilkd.key.java.JavaParserFactory$DynamicTypeSolver@39ac9725 : java.lang.Object
	at com.github.javaparser.resolution.TypeSolver.solveType(TypeSolver.java:71)

100770     ERROR Test worker     d.u.i.k.n.b.AbstractBuilder  com.github.javaparser.resolution.UnsolvedSymbolException: Unsolved symbol in de.uka.ilkd.key.java.JavaParserFactory$DynamicTypeSolver@39ac9725 : java.lang.Object
	at com.github.javaparser.resolution.TypeSolver.solveType(TypeSolver.java:71)

100770     ERROR Test worker     d.u.i.k.n.b.TacletPBuilder Error in parsing taclet. de.uka.ilkd.key.util.parsing.BuildingException: Unsolved symbol in de.uka.ilkd.key.java.JavaParserFactory$DynamicTypeSolver@39ac9725 : java.lang.Object at file:/D:/a/key/key/key.core/build/resources/main/de/uka/ilkd/key/proof/rules/javaRules.key:1378:15
	at de.uka.ilkd.key.nparser.builder.AbstractBuilder.accept(AbstractBuilder.java:54)
Caused by: com.github.javaparser.resolution.UnsolvedSymbolException: Unsolved symbol in de.uka.ilkd.key.java.JavaParserFactory$DynamicTypeSolver@39ac9725 : java.lang.Object
	at com.github.javaparser.resolution.TypeSolver.solveType(TypeSolver.java:71)

100786     ERROR Test worker     d.u.i.k.n.b.AbstractBuilder  com.github.javaparser.resolution.UnsolvedSymbolException: Unsolved symbol in de.uka.ilkd.key.java.JavaParserFactory$DynamicTypeSolver@39ac9725 : java.lang.Object
	at com.github.javaparser.resolution.TypeSolver.solveType(TypeSolver.java:71)

100786     ERROR Test worker     d.u.i.k.n.b.TacletPBuilder Error in parsing taclet. de.uka.ilkd.key.util.parsing.BuildingException: Unsolved symbol in de.uka.ilkd.key.java.JavaParserFactory$DynamicTypeSolver@39ac9725 : java.lang.Object at file:/D:/a/key/key/key.core/build/resources/main/de/uka/ilkd/key/proof/rules/javaRules.key:1385:15
	at de.uka.ilkd.key.nparser.builder.AbstractBuilder.accept(AbstractBuilder.java:54)
Caused by: com.github.javaparser.resolution.UnsolvedSymbolException: Unsolved symbol in de.uka.ilkd.key.java.JavaParserFactory$DynamicTypeSolver@39ac9725 : java.lang.Object
	at com.github.javaparser.resolution.TypeSolver.solveType(TypeSolver.java:71)

100786     ERROR Test worker     d.u.i.k.n.b.AbstractBuilder  com.github.javaparser.resolution.UnsolvedSymbolException: Unsolved symbol in de.uka.ilkd.key.java.JavaParserFactory$DynamicTypeSolver@39ac9725 : java.lang.Object
	at com.github.javaparser.resolution.TypeSolver.solveType(TypeSolver.java:71)

100786     ERROR Test worker     d.u.i.k.n.b.TacletPBuilder Error in parsing taclet. de.uka.ilkd.key.util.parsing.BuildingException: Unsolved symbol in de.uka.ilkd.key.java.JavaParserFactory$DynamicTypeSolver@39ac9725 : java.lang.Object at file:/D:/a/key/key/key.core/build/resources/main/de/uka/ilkd/key/proof/rules/javaRules.key:1392:15
	at de.uka.ilkd.key.nparser.builder.AbstractBuilder.accept(AbstractBuilder.java:54)
Caused by: com.github.javaparser.resolution.UnsolvedSymbolException: Unsolved symbol in de.uka.ilkd.key.java.JavaParserFactory$DynamicTypeSolver@39ac9725 : java.lang.Object
	at com.github.javaparser.resolution.TypeSolver.solveType(TypeSolver.java:71)

100786     ERROR Test worker     d.u.i.k.n.b.AbstractBuilder  com.github.javaparser.resolution.UnsolvedSymbolException: Unsolved symbol in de.uka.ilkd.key.java.JavaParserFactory$DynamicTypeSolver@39ac9725 : java.lang.Object
	at com.github.javaparser.resolution.TypeSolver.solveType(TypeSolver.java:71)

100786     ERROR Test worker     d.u.i.k.n.b.TacletPBuilder Error in parsing taclet. de.uka.ilkd.key.util.parsing.BuildingException: Unsolved symbol in de.uka.ilkd.key.java.JavaParserFactory$DynamicTypeSolver@39ac9725 : java.lang.Object at file:/D:/a/key/key/key.core/build/resources/main/de/uka/ilkd/key/proof/rules/javaRules.key:1402:15
	at de.uka.ilkd.key.nparser.builder.AbstractBuilder.accept(AbstractBuilder.java:54)
Caused by: com.github.javaparser.resolution.UnsolvedSymbolException: Unsolved symbol in de.uka.ilkd.key.java.JavaParserFactory$DynamicTypeSolver@39ac9725 : java.lang.Object
	at com.github.javaparser.resolution.TypeSolver.solveType(TypeSolver.java:71)

100786     ERROR Test worker     d.u.i.k.n.b.AbstractBuilder  com.github.javaparser.resolution.UnsolvedSymbolException: Unsolved symbol in de.uka.ilkd.key.java.JavaParserFactory$DynamicTypeSolver@39ac9725 : java.lang.Object
	at com.github.javaparser.resolution.TypeSolver.solveType(TypeSolver.java:71)

100786     ERROR Test worker     d.u.i.k.n.b.TacletPBuilder Error in parsing taclet. de.uka.ilkd.key.util.parsing.BuildingException: Unsolved symbol in de.uka.ilkd.key.java.JavaParserFactory$DynamicTypeSolver@39ac9725 : java.lang.Object at file:/D:/a/key/key/key.core/build/resources/main/de/uka/ilkd/key/proof/rules/javaRules.key:1411:15
	at de.uka.ilkd.key.nparser.builder.AbstractBuilder.accept(AbstractBuilder.java:54)
Caused by: com.github.javaparser.resolution.UnsolvedSymbolException: Unsolved symbol in de.uka.ilkd.key.java.JavaParserFactory$DynamicTypeSolver@39ac9725 : java.lang.Object
	at com.github.javaparser.resolution.TypeSolver.solveType(TypeSolver.java:71)

100786     ERROR Test worker     d.u.i.k.n.b.AbstractBuilder  com.github.javaparser.resolution.UnsolvedSymbolException: Unsolved symbol in de.uka.ilkd.key.java.JavaParserFactory$DynamicTypeSolver@39ac9725 : java.lang.Object
	at com.github.javaparser.resolution.TypeSolver.solveType(TypeSolver.java:71)

100786     ERROR Test worker     d.u.i.k.n.b.TacletPBuilder Error in parsing taclet. de.uka.ilkd.key.util.parsing.BuildingException: Unsolved symbol in de.uka.ilkd.key.java.JavaParserFactory$DynamicTypeSolver@39ac9725 : java.lang.Object at file:/D:/a/key/key/key.core/build/resources/main/de/uka/ilkd/key/proof/rules/javaRules.key:1417:15
	at de.uka.ilkd.key.nparser.builder.AbstractBuilder.accept(AbstractBuilder.java:54)
Caused by: com.github.javaparser.resolution.UnsolvedSymbolException: Unsolved symbol in de.uka.ilkd.key.java.JavaParserFactory$DynamicTypeSolver@39ac9725 : java.lang.Object
	at com.github.javaparser.resolution.TypeSolver.solveType(TypeSolver.java:71)

100786     ERROR Test worker     d.u.i.k.n.b.AbstractBuilder  com.github.javaparser.resolution.UnsolvedSymbolException: Unsolved symbol in de.uka.ilkd.key.java.JavaParserFactory$DynamicTypeSolver@39ac9725 : java.lang.Object
	at com.github.javaparser.resolution.TypeSolver.solveType(TypeSolver.java:71)

100786     ERROR Test worker     d.u.i.k.n.b.TacletPBuilder Error in parsing taclet. de.uka.ilkd.key.util.parsing.BuildingException: Unsolved symbol in de.uka.ilkd.key.java.JavaParserFactory$DynamicTypeSolver@39ac9725 : java.lang.Object at file:/D:/a/key/key/key.core/build/resources/main/de/uka/ilkd/key/proof/rules/javaRules.key:1424:15
	at de.uka.ilkd.key.nparser.builder.AbstractBuilder.accept(AbstractBuilder.java:54)
Caused by: com.github.javaparser.resolution.UnsolvedSymbolException: Unsolved symbol in de.uka.ilkd.key.java.JavaParserFactory$DynamicTypeSolver@39ac9725 : java.lang.Object
	at com.github.javaparser.resolution.TypeSolver.solveType(TypeSolver.java:71)

100786     ERROR Test worker     d.u.i.k.n.b.AbstractBuilder  com.github.javaparser.resolution.UnsolvedSymbolException: Unsolved symbol in de.uka.ilkd.key.java.JavaParserFactory$DynamicTypeSolver@39ac9725 : java.lang.Object
	at com.github.javaparser.resolution.TypeSolver.solveType(TypeSolver.java:71)

100786     ERROR Test worker     d.u.i.k.n.b.TacletPBuilder Error in parsing taclet. de.uka.ilkd.key.util.parsing.BuildingException: Unsolved symbol in de.uka.ilkd.key.java.JavaParserFactory$DynamicTypeSolver@39ac9725 : java.lang.Object at file:/D:/a/key/key/key.core/build/resources/main/de/uka/ilkd/key/proof/rules/javaRules.key:1430:15
	at de.uka.ilkd.key.nparser.builder.AbstractBuilder.accept(AbstractBuilder.java:54)
Caused by: com.github.javaparser.resolution.UnsolvedSymbolException: Unsolved symbol in de.uka.ilkd.key.java.JavaParserFactory$DynamicTypeSolver@39ac9725 : java.lang.Object
	at com.github.javaparser.resolution.TypeSolver.solveType(TypeSolver.java:71)

100786     ERROR Test worker     d.u.i.k.n.b.AbstractBuilder  com.github.javaparser.resolution.UnsolvedSymbolException: Unsolved symbol in de.uka.ilkd.key.java.JavaParserFactory$DynamicTypeSolver@39ac9725 : java.lang.Object
	at com.github.javaparser.resolution.TypeSolver.solveType(TypeSolver.java:71)

100786     ERROR Test worker     d.u.i.k.n.b.TacletPBuilder Error in parsing taclet. de.uka.ilkd.key.util.parsing.BuildingException: Unsolved symbol in de.uka.ilkd.key.java.JavaParserFactory$DynamicTypeSolver@39ac9725 : java.lang.Object at file:/D:/a/key/key/key.core/build/resources/main/de/uka/ilkd/key/proof/rules/javaRules.key:1437:15
	at de.uka.ilkd.key.nparser.builder.AbstractBuilder.accept(AbstractBuilder.java:54)
Caused by: com.github.javaparser.resolution.UnsolvedSymbolException: Unsolved symbol in de.uka.ilkd.key.java.JavaParserFactory$DynamicTypeSolver@39ac9725 : java.lang.Object
	at com.github.javaparser.resolution.TypeSolver.solveType(TypeSolver.java:71)

100801     ERROR Test worker     d.u.i.k.n.b.AbstractBuilder  com.github.javaparser.resolution.UnsolvedSymbolException: Unsolved symbol in de.uka.ilkd.key.java.JavaParserFactory$DynamicTypeSolver@39ac9725 : java.lang.Object
	at com.github.javaparser.resolution.TypeSolver.solveType(TypeSolver.java:71)

100801     ERROR Test worker     d.u.i.k.n.b.TacletPBuilder Error in parsing taclet. de.uka.ilkd.key.util.parsing.BuildingException: Unsolved symbol in de.uka.ilkd.key.java.JavaParserFactory$DynamicTypeSolver@39ac9725 : java.lang.Object at file:/D:/a/key/key/key.core/build/resources/main/de/uka/ilkd/key/proof/rules/javaRules.key:1443:15
	at de.uka.ilkd.key.nparser.builder.AbstractBuilder.accept(AbstractBuilder.java:54)
Caused by: com.github.javaparser.resolution.UnsolvedSymbolException: Unsolved symbol in de.uka.ilkd.key.java.JavaParserFactory$DynamicTypeSolver@39ac9725 : java.lang.Object
	at com.github.javaparser.resolution.TypeSolver.solveType(TypeSolver.java:71)

100801     ERROR Test worker     d.u.i.k.n.b.AbstractBuilder  com.github.javaparser.resolution.UnsolvedSymbolException: Unsolved symbol in de.uka.ilkd.key.java.JavaParserFactory$DynamicTypeSolver@39ac9725 : java.lang.Object
	at com.github.javaparser.resolution.TypeSolver.solveType(TypeSolver.java:71)

100801     ERROR Test worker     d.u.i.k.n.b.TacletPBuilder Error in parsing taclet. de.uka.ilkd.key.util.parsing.BuildingException: Unsolved symbol in de.uka.ilkd.key.java.JavaParserFactory$DynamicTypeSolver@39ac9725 : java.lang.Object at file:/D:/a/key/key/key.core/build/resources/main/de/uka/ilkd/key/proof/rules/javaRules.key:1450:15
	at de.uka.ilkd.key.nparser.builder.AbstractBuilder.accept(AbstractBuilder.java:54)
Caused by: com.github.javaparser.resolution.UnsolvedSymbolException: Unsolved symbol in de.uka.ilkd.key.java.JavaParserFactory$DynamicTypeSolver@39ac9725 : java.lang.Object
	at com.github.javaparser.resolution.TypeSolver.solveType(TypeSolver.java:71)

100801     ERROR Test worker     d.u.i.k.n.b.AbstractBuilder  com.github.javaparser.resolution.UnsolvedSymbolException: Unsolved symbol in de.uka.ilkd.key.java.JavaParserFactory$DynamicTypeSolver@39ac9725 : java.lang.Object
	at com.github.javaparser.resolution.TypeSolver.solveType(TypeSolver.java:71)

100801     ERROR Test worker     d.u.i.k.n.b.TacletPBuilder Error in parsing taclet. de.uka.ilkd.key.util.parsing.BuildingException: Unsolved symbol in de.uka.ilkd.key.java.JavaParserFactory$DynamicTypeSolver@39ac9725 : java.lang.Object at file:/D:/a/key/key/key.core/build/resources/main/de/uka/ilkd/key/proof/rules/javaRules.key:1456:15
	at de.uka.ilkd.key.nparser.builder.AbstractBuilder.accept(AbstractBuilder.java:54)
Caused by: com.github.javaparser.resolution.UnsolvedSymbolException: Unsolved symbol in de.uka.ilkd.key.java.JavaParserFactory$DynamicTypeSolver@39ac9725 : java.lang.Object
	at com.github.javaparser.resolution.TypeSolver.solveType(TypeSolver.java:71)

100801     ERROR Test worker     d.u.i.k.n.b.AbstractBuilder  com.github.javaparser.resolution.UnsolvedSymbolException: Unsolved symbol in de.uka.ilkd.key.java.JavaParserFactory$DynamicTypeSolver@39ac9725 : java.lang.Object
	at com.github.javaparser.resolution.TypeSolver.solveType(TypeSolver.java:71)

100801     ERROR Test worker     d.u.i.k.n.b.TacletPBuilder Error in parsing taclet. de.uka.ilkd.key.util.parsing.BuildingException: Unsolved symbol in de.uka.ilkd.key.java.JavaParserFactory$DynamicTypeSolver@39ac9725 : java.lang.Object at file:/D:/a/key/key/key.core/build/resources/main/de/uka/ilkd/key/proof/rules/javaRules.key:1467:20
	at de.uka.ilkd.key.nparser.builder.AbstractBuilder.accept(AbstractBuilder.java:54)
Caused by: com.github.javaparser.resolution.UnsolvedSymbolException: Unsolved symbol in de.uka.ilkd.key.java.JavaParserFactory$DynamicTypeSolver@39ac9725 : java.lang.Object
	at com.github.javaparser.resolution.TypeSolver.solveType(TypeSolver.java:71)

100801     ERROR Test worker     d.u.i.k.n.b.AbstractBuilder  com.github.javaparser.resolution.UnsolvedSymbolException: Unsolved symbol in de.uka.ilkd.key.java.JavaParserFactory$DynamicTypeSolver@39ac9725 : java.lang.Object
	at com.github.javaparser.resolution.TypeSolver.solveType(TypeSolver.java:71)

100801     ERROR Test worker     d.u.i.k.n.b.TacletPBuilder Error in parsing taclet. de.uka.ilkd.key.util.parsing.BuildingException: Unsolved symbol in de.uka.ilkd.key.java.JavaParserFactory$DynamicTypeSolver@39ac9725 : java.lang.Object at file:/D:/a/key/key/key.core/build/resources/main/de/uka/ilkd/key/proof/rules/javaRules.key:1481:20
	at de.uka.ilkd.key.nparser.builder.AbstractBuilder.accept(AbstractBuilder.java:54)
Caused by: com.github.javaparser.resolution.UnsolvedSymbolException: Unsolved symbol in de.uka.ilkd.key.java.JavaParserFactory$DynamicTypeSolver@39ac9725 : java.lang.Object
	at com.github.javaparser.resolution.TypeSolver.solveType(TypeSolver.java:71)

100801     ERROR Test worker     d.u.i.k.n.b.AbstractBuilder  com.github.javaparser.resolution.UnsolvedSymbolException: Unsolved symbol in de.uka.ilkd.key.java.JavaParserFactory$DynamicTypeSolver@39ac9725 : java.lang.Object
	at com.github.javaparser.resolution.TypeSolver.solveType(TypeSolver.java:71)

100801     ERROR Test worker     d.u.i.k.n.b.TacletPBuilder Error in parsing taclet. de.uka.ilkd.key.util.parsing.BuildingException: Unsolved symbol in de.uka.ilkd.key.java.JavaParserFactory$DynamicTypeSolver@39ac9725 : java.lang.Object at file:/D:/a/key/key/key.core/build/resources/main/de/uka/ilkd/key/proof/rules/javaRules.key:1493:20
	at de.uka.ilkd.key.nparser.builder.AbstractBuilder.accept(AbstractBuilder.java:54)
Caused by: com.github.javaparser.resolution.UnsolvedSymbolException: Unsolved symbol in de.uka.ilkd.key.java.JavaParserFactory$DynamicTypeSolver@39ac9725 : java.lang.Object
	at com.github.javaparser.resolution.TypeSolver.solveType(TypeSolver.java:71)

100801     ERROR Test worker     d.u.i.k.n.b.AbstractBuilder  com.github.javaparser.resolution.UnsolvedSymbolException: Unsolved symbol in de.uka.ilkd.key.java.JavaParserFactory$DynamicTypeSolver@39ac9725 : java.lang.Object
	at com.github.javaparser.resolution.TypeSolver.solveType(TypeSolver.java:71)

100817     ERROR Test worker     d.u.i.k.n.b.TacletPBuilder Error in parsing taclet. de.uka.ilkd.key.util.parsing.BuildingException: Unsolved symbol in de.uka.ilkd.key.java.JavaParserFactory$DynamicTypeSolver@39ac9725 : java.lang.Object at file:/D:/a/key/key/key.core/build/resources/main/de/uka/ilkd/key/proof/rules/javaRules.key:1505:15
	at de.uka.ilkd.key.nparser.builder.AbstractBuilder.accept(AbstractBuilder.java:54)
Caused by: com.github.javaparser.resolution.UnsolvedSymbolException: Unsolved symbol in de.uka.ilkd.key.java.JavaParserFactory$DynamicTypeSolver@39ac9725 : java.lang.Object
	at com.github.javaparser.resolution.TypeSolver.solveType(TypeSolver.java:71)

100817     ERROR Test worker     d.u.i.k.n.b.AbstractBuilder  com.github.javaparser.resolution.UnsolvedSymbolException: Unsolved symbol in de.uka.ilkd.key.java.JavaParserFactory$DynamicTypeSolver@39ac9725 : java.lang.Object
	at com.github.javaparser.resolution.TypeSolver.solveType(TypeSolver.java:71)

100817     ERROR Test worker     d.u.i.k.n.b.TacletPBuilder Error in parsing taclet. de.uka.ilkd.key.util.parsing.BuildingException: Unsolved symbol in de.uka.ilkd.key.java.JavaParserFactory$DynamicTypeSolver@39ac9725 : java.lang.Object at file:/D:/a/key/key/key.core/build/resources/main/de/uka/ilkd/key/proof/rules/javaRules.key:1516:15
	at de.uka.ilkd.key.nparser.builder.AbstractBuilder.accept(AbstractBuilder.java:54)
Caused by: com.github.javaparser.resolution.UnsolvedSymbolException: Unsolved symbol in de.uka.ilkd.key.java.JavaParserFactory$DynamicTypeSolver@39ac9725 : java.lang.Object
	at com.github.javaparser.resolution.TypeSolver.solveType(TypeSolver.java:71)

100817     ERROR Test worker     d.u.i.k.n.b.AbstractBuilder  com.github.javaparser.resolution.UnsolvedSymbolException: Unsolved symbol in de.uka.ilkd.key.java.JavaParserFactory$DynamicTypeSolver@39ac9725 : java.lang.Object
	at com.github.javaparser.resolution.TypeSolver.solveType(TypeSolver.java:71)

100817     ERROR Test worker     d.u.i.k.n.b.TacletPBuilder Error in parsing taclet. de.uka.ilkd.key.util.parsing.BuildingException: Unsolved symbol in de.uka.ilkd.key.java.JavaParserFactory$DynamicTypeSolver@39ac9725 : java.lang.Object at file:/D:/a/key/key/key.core/build/resources/main/de/uka/ilkd/key/proof/rules/javaRules.key:1539:15
	at de.uka.ilkd.key.nparser.builder.AbstractBuilder.accept(AbstractBuilder.java:54)
Caused by: com.github.javaparser.resolution.UnsolvedSymbolException: Unsolved symbol in de.uka.ilkd.key.java.JavaParserFactory$DynamicTypeSolver@39ac9725 : java.lang.Object
	at com.github.javaparser.resolution.TypeSolver.solveType(TypeSolver.java:71)

100817     ERROR Test worker     d.u.i.k.n.b.AbstractBuilder  com.github.javaparser.resolution.UnsolvedSymbolException: Unsolved symbol in de.uka.ilkd.key.java.JavaParserFactory$DynamicTypeSolver@39ac9725 : java.lang.Object
	at com.github.javaparser.resolution.TypeSolver.solveType(TypeSolver.java:71)

100817     ERROR Test worker     d.u.i.k.n.b.TacletPBuilder Error in parsing taclet. de.uka.ilkd.key.util.parsing.BuildingException: Unsolved symbol in de.uka.ilkd.key.java.JavaParserFactory$DynamicTypeSolver@39ac9725 : java.lang.Object at file:/D:/a/key/key/key.core/build/resources/main/de/uka/ilkd/key/proof/rules/javaRules.key:1546:15
	at de.uka.ilkd.key.nparser.builder.AbstractBuilder.accept(AbstractBuilder.java:54)
Caused by: com.github.javaparser.resolution.UnsolvedSymbolException: Unsolved symbol in de.uka.ilkd.key.java.JavaParserFactory$DynamicTypeSolver@39ac9725 : java.lang.Object
	at com.github.javaparser.resolution.TypeSolver.solveType(TypeSolver.java:71)

100817     ERROR Test worker     d.u.i.k.n.b.AbstractBuilder  com.github.javaparser.resolution.UnsolvedSymbolException: Unsolved symbol in de.uka.ilkd.key.java.JavaParserFactory$DynamicTypeSolver@39ac9725 : java.lang.Object
	at com.github.javaparser.resolution.TypeSolver.solveType(TypeSolver.java:71)

100817     ERROR Test worker     d.u.i.k.n.b.TacletPBuilder Error in parsing taclet. de.uka.ilkd.key.util.parsing.BuildingException: Unsolved symbol in de.uka.ilkd.key.java.JavaParserFactory$DynamicTypeSolver@39ac9725 : java.lang.Object at file:/D:/a/key/key/key.core/build/resources/main/de/uka/ilkd/key/proof/rules/javaRules.key:1554:15
	at de.uka.ilkd.key.nparser.builder.AbstractBuilder.accept(AbstractBuilder.java:54)
Caused by: com.github.javaparser.resolution.UnsolvedSymbolException: Unsolved symbol in de.uka.ilkd.key.java.JavaParserFactory$DynamicTypeSolver@39ac9725 : java.lang.Object
	at com.github.javaparser.resolution.TypeSolver.solveType(TypeSolver.java:71)

100817     ERROR Test worker     d.u.i.k.n.b.AbstractBuilder  com.github.javaparser.resolution.UnsolvedSymbolException: Unsolved symbol in de.uka.ilkd.key.java.JavaParserFactory$DynamicTypeSolver@39ac9725 : java.lang.Object
	at com.github.javaparser.resolution.TypeSolver.solveType(TypeSolver.java:71)

100817     ERROR Test worker     d.u.i.k.n.b.TacletPBuilder Error in parsing taclet. de.uka.ilkd.key.util.parsing.BuildingException: Unsolved symbol in de.uka.ilkd.key.java.JavaParserFactory$DynamicTypeSolver@39ac9725 : java.lang.Object at file:/D:/a/key/key/key.core/build/resources/main/de/uka/ilkd/key/proof/rules/javaRules.key:1566:15
	at de.uka.ilkd.key.nparser.builder.AbstractBuilder.accept(AbstractBuilder.java:54)
Caused by: com.github.javaparser.resolution.UnsolvedSymbolException: Unsolved symbol in de.uka.ilkd.key.java.JavaParserFactory$DynamicTypeSolver@39ac9725 : java.lang.Object
	at com.github.javaparser.resolution.TypeSolver.solveType(TypeSolver.java:71)

100817     ERROR Test worker     d.u.i.k.n.b.AbstractBuilder  com.github.javaparser.resolution.UnsolvedSymbolException: Unsolved symbol in de.uka.ilkd.key.java.JavaParserFactory$DynamicTypeSolver@39ac9725 : java.lang.Object
	at com.github.javaparser.resolution.TypeSolver.solveType(TypeSolver.java:71)

100833     ERROR Test worker     d.u.i.k.n.b.TacletPBuilder Error in parsing taclet. de.uka.ilkd.key.util.parsing.BuildingException: Unsolved symbol in de.uka.ilkd.key.java.JavaParserFactory$DynamicTypeSolver@39ac9725 : java.lang.Object at file:/D:/a/key/key/key.core/build/resources/main/de/uka/ilkd/key/proof/rules/javaRules.key:1575:15
	at de.uka.ilkd.key.nparser.builder.AbstractBuilder.accept(AbstractBuilder.java:54)
Caused by: com.github.javaparser.resolution.UnsolvedSymbolException: Unsolved symbol in de.uka.ilkd.key.java.JavaParserFactory$DynamicTypeSolver@39ac9725 : java.lang.Object
	at com.github.javaparser.resolution.TypeSolver.solveType(TypeSolver.java:71)

100833     ERROR Test worker     d.u.i.k.n.b.AbstractBuilder  com.github.javaparser.resolution.UnsolvedSymbolException: Unsolved symbol in de.uka.ilkd.key.java.JavaParserFactory$DynamicTypeSolver@39ac9725 : java.lang.Object
	at com.github.javaparser.resolution.TypeSolver.solveType(TypeSolver.java:71)

100833     ERROR Test worker     d.u.i.k.n.b.TacletPBuilder Error in parsing taclet. de.uka.ilkd.key.util.parsing.BuildingException: Unsolved symbol in de.uka.ilkd.key.java.JavaParserFactory$DynamicTypeSolver@39ac9725 : java.lang.Object at file:/D:/a/key/key/key.core/build/resources/main/de/uka/ilkd/key/proof/rules/javaRules.key:1583:15
	at de.uka.ilkd.key.nparser.builder.AbstractBuilder.accept(AbstractBuilder.java:54)
Caused by: com.github.javaparser.resolution.UnsolvedSymbolException: Unsolved symbol in de.uka.ilkd.key.java.JavaParserFactory$DynamicTypeSolver@39ac9725 : java.lang.Object
	at com.github.javaparser.resolution.TypeSolver.solveType(TypeSolver.java:71)

100833     ERROR Test worker     d.u.i.k.n.b.AbstractBuilder  com.github.javaparser.resolution.UnsolvedSymbolException: Unsolved symbol in de.uka.ilkd.key.java.JavaParserFactory$DynamicTypeSolver@39ac9725 : java.lang.Object
	at com.github.javaparser.resolution.TypeSolver.solveType(TypeSolver.java:71)

100833     ERROR Test worker     d.u.i.k.n.b.TacletPBuilder Error in parsing taclet. de.uka.ilkd.key.util.parsing.BuildingException: Unsolved symbol in de.uka.ilkd.key.java.JavaParserFactory$DynamicTypeSolver@39ac9725 : java.lang.Object at file:/D:/a/key/key/key.core/build/resources/main/de/uka/ilkd/key/proof/rules/javaRules.key:1591:15
	at de.uka.ilkd.key.nparser.builder.AbstractBuilder.accept(AbstractBuilder.java:54)
Caused by: com.github.javaparser.resolution.UnsolvedSymbolException: Unsolved symbol in de.uka.ilkd.key.java.JavaParserFactory$DynamicTypeSolver@39ac9725 : java.lang.Object
	at com.github.javaparser.resolution.TypeSolver.solveType(TypeSolver.java:71)

100833     ERROR Test worker     d.u.i.k.n.b.AbstractBuilder  com.github.javaparser.resolution.UnsolvedSymbolException: Unsolved symbol in de.uka.ilkd.key.java.JavaParserFactory$DynamicTypeSolver@39ac9725 : java.lang.Object
	at com.github.javaparser.resolution.TypeSolver.solveType(TypeSolver.java:71)

100833     ERROR Test worker     d.u.i.k.n.b.TacletPBuilder Error in parsing taclet. de.uka.ilkd.key.util.parsing.BuildingException: Unsolved symbol in de.uka.ilkd.key.java.JavaParserFactory$DynamicTypeSolver@39ac9725 : java.lang.Object at file:/D:/a/key/key/key.core/build/resources/main/de/uka/ilkd/key/proof/rules/javaRules.key:1599:15
	at de.uka.ilkd.key.nparser.builder.AbstractBuilder.accept(AbstractBuilder.java:54)
Caused by: com.github.javaparser.resolution.UnsolvedSymbolException: Unsolved symbol in de.uka.ilkd.key.java.JavaParserFactory$DynamicTypeSolver@39ac9725 : java.lang.Object
	at com.github.javaparser.resolution.TypeSolver.solveType(TypeSolver.java:71)

100833     ERROR Test worker     d.u.i.k.n.b.AbstractBuilder  com.github.javaparser.resolution.UnsolvedSymbolException: Unsolved symbol in de.uka.ilkd.key.java.JavaParserFactory$DynamicTypeSolver@39ac9725 : java.lang.Object
	at com.github.javaparser.resolution.TypeSolver.solveType(TypeSolver.java:71)

100833     ERROR Test worker     d.u.i.k.n.b.TacletPBuilder Error in parsing taclet. de.uka.ilkd.key.util.parsing.BuildingException: Unsolved symbol in de.uka.ilkd.key.java.JavaParserFactory$DynamicTypeSolver@39ac9725 : java.lang.Object at file:/D:/a/key/key/key.core/build/resources/main/de/uka/ilkd/key/proof/rules/javaRules.key:1607:15
	at de.uka.ilkd.key.nparser.builder.AbstractBuilder.accept(AbstractBuilder.java:54)
Caused by: com.github.javaparser.resolution.UnsolvedSymbolException: Unsolved symbol in de.uka.ilkd.key.java.JavaParserFactory$DynamicTypeSolver@39ac9725 : java.lang.Object
	at com.github.javaparser.resolution.TypeSolver.solveType(TypeSolver.java:71)

100833     ERROR Test worker     d.u.i.k.n.b.AbstractBuilder  com.github.javaparser.resolution.UnsolvedSymbolException: Unsolved symbol in de.uka.ilkd.key.java.JavaParserFactory$DynamicTypeSolver@39ac9725 : java.lang.Object
	at com.github.javaparser.resolution.TypeSolver.solveType(TypeSolver.java:71)

100833     ERROR Test worker     d.u.i.k.n.b.TacletPBuilder Error in parsing taclet. de.uka.ilkd.key.util.parsing.BuildingException: Unsolved symbol in de.uka.ilkd.key.java.JavaParserFactory$DynamicTypeSolver@39ac9725 : java.lang.Object at file:/D:/a/key/key/key.core/build/resources/main/de/uka/ilkd/key/proof/rules/javaRules.key:1615:15
	at de.uka.ilkd.key.nparser.builder.AbstractBuilder.accept(AbstractBuilder.java:54)
Caused by: com.github.javaparser.resolution.UnsolvedSymbolException: Unsolved symbol in de.uka.ilkd.key.java.JavaParserFactory$DynamicTypeSolver@39ac9725 : java.lang.Object
	at com.github.javaparser.resolution.TypeSolver.solveType(TypeSolver.java:71)

100833     ERROR Test worker     d.u.i.k.n.b.AbstractBuilder  com.github.javaparser.resolution.UnsolvedSymbolException: Unsolved symbol in de.uka.ilkd.key.java.JavaParserFactory$DynamicTypeSolver@39ac9725 : java.lang.Object
	at com.github.javaparser.resolution.TypeSolver.solveType(TypeSolver.java:71)

100848     ERROR Test worker     d.u.i.k.n.b.TacletPBuilder Error in parsing taclet. de.uka.ilkd.key.util.parsing.BuildingException: Unsolved symbol in de.uka.ilkd.key.java.JavaParserFactory$DynamicTypeSolver@39ac9725 : java.lang.Object at file:/D:/a/key/key/key.core/build/resources/main/de/uka/ilkd/key/proof/rules/javaRules.key:1623:15
	at de.uka.ilkd.key.nparser.builder.AbstractBuilder.accept(AbstractBuilder.java:54)
Caused by: com.github.javaparser.resolution.UnsolvedSymbolException: Unsolved symbol in de.uka.ilkd.key.java.JavaParserFactory$DynamicTypeSolver@39ac9725 : java.lang.Object
	at com.github.javaparser.resolution.TypeSolver.solveType(TypeSolver.java:71)

100848     ERROR Test worker     d.u.i.k.n.b.AbstractBuilder  com.github.javaparser.resolution.UnsolvedSymbolException: Unsolved symbol in de.uka.ilkd.key.java.JavaParserFactory$DynamicTypeSolver@39ac9725 : java.lang.Object
	at com.github.javaparser.resolution.TypeSolver.solveType(TypeSolver.java:71)

100848     ERROR Test worker     d.u.i.k.n.b.TacletPBuilder Error in parsing taclet. de.uka.ilkd.key.util.parsing.BuildingException: Unsolved symbol in de.uka.ilkd.key.java.JavaParserFactory$DynamicTypeSolver@39ac9725 : java.lang.Object at file:/D:/a/key/key/key.core/build/resources/main/de/uka/ilkd/key/proof/rules/javaRules.key:1631:15
	at de.uka.ilkd.key.nparser.builder.AbstractBuilder.accept(AbstractBuilder.java:54)
Caused by: com.github.javaparser.resolution.UnsolvedSymbolException: Unsolved symbol in de.uka.ilkd.key.java.JavaParserFactory$DynamicTypeSolver@39ac9725 : java.lang.Object
	at com.github.javaparser.resolution.TypeSolver.solveType(TypeSolver.java:71)

100848     ERROR Test worker     d.u.i.k.n.b.AbstractBuilder  com.github.javaparser.resolution.UnsolvedSymbolException: Unsolved symbol in de.uka.ilkd.key.java.JavaParserFactory$DynamicTypeSolver@39ac9725 : java.lang.Object
	at com.github.javaparser.resolution.TypeSolver.solveType(TypeSolver.java:71)

100848     ERROR Test worker     d.u.i.k.n.b.TacletPBuilder Error in parsing taclet. de.uka.ilkd.key.util.parsing.BuildingException: Unsolved symbol in de.uka.ilkd.key.java.JavaParserFactory$DynamicTypeSolver@39ac9725 : java.lang.Object at file:/D:/a/key/key/key.core/build/resources/main/de/uka/ilkd/key/proof/rules/javaRules.key:1639:15
	at de.uka.ilkd.key.nparser.builder.AbstractBuilder.accept(AbstractBuilder.java:54)
Caused by: com.github.javaparser.resolution.UnsolvedSymbolException: Unsolved symbol in de.uka.ilkd.key.java.JavaParserFactory$DynamicTypeSolver@39ac9725 : java.lang.Object
	at com.github.javaparser.resolution.TypeSolver.solveType(TypeSolver.java:71)

100848     ERROR Test worker     d.u.i.k.n.b.AbstractBuilder  com.github.javaparser.resolution.UnsolvedSymbolException: Unsolved symbol in de.uka.ilkd.key.java.JavaParserFactory$DynamicTypeSolver@39ac9725 : java.lang.Object
	at com.github.javaparser.resolution.TypeSolver.solveType(TypeSolver.java:71)

100848     ERROR Test worker     d.u.i.k.n.b.TacletPBuilder Error in parsing taclet. de.uka.ilkd.key.util.parsing.BuildingException: Unsolved symbol in de.uka.ilkd.key.java.JavaParserFactory$DynamicTypeSolver@39ac9725 : java.lang.Object at file:/D:/a/key/key/key.core/build/resources/main/de/uka/ilkd/key/proof/rules/javaRules.key:1647:15
	at de.uka.ilkd.key.nparser.builder.AbstractBuilder.accept(AbstractBuilder.java:54)
Caused by: com.github.javaparser.resolution.UnsolvedSymbolException: Unsolved symbol in de.uka.ilkd.key.java.JavaParserFactory$DynamicTypeSolver@39ac9725 : java.lang.Object
	at com.github.javaparser.resolution.TypeSolver.solveType(TypeSolver.java:71)

100848     ERROR Test worker     d.u.i.k.n.b.AbstractBuilder  com.github.javaparser.resolution.UnsolvedSymbolException: Unsolved symbol in de.uka.ilkd.key.java.JavaParserFactory$DynamicTypeSolver@39ac9725 : java.lang.Object
	at com.github.javaparser.resolution.TypeSolver.solveType(TypeSolver.java:71)

100848     ERROR Test worker     d.u.i.k.n.b.TacletPBuilder Error in parsing taclet. de.uka.ilkd.key.util.parsing.BuildingException: Unsolved symbol in de.uka.ilkd.key.java.JavaParserFactory$DynamicTypeSolver@39ac9725 : java.lang.Object at file:/D:/a/key/key/key.core/build/resources/main/de/uka/ilkd/key/proof/rules/javaRules.key:1655:15
	at de.uka.ilkd.key.nparser.builder.AbstractBuilder.accept(AbstractBuilder.java:54)
Caused by: com.github.javaparser.resolution.UnsolvedSymbolException: Unsolved symbol in de.uka.ilkd.key.java.JavaParserFactory$DynamicTypeSolver@39ac9725 : java.lang.Object
	at com.github.javaparser.resolution.TypeSolver.solveType(TypeSolver.java:71)

100848     ERROR Test worker     d.u.i.k.n.b.AbstractBuilder  com.github.javaparser.resolution.UnsolvedSymbolException: Unsolved symbol in de.uka.ilkd.key.java.JavaParserFactory$DynamicTypeSolver@39ac9725 : java.lang.Object
	at com.github.javaparser.resolution.TypeSolver.solveType(TypeSolver.java:71)

100848     ERROR Test worker     d.u.i.k.n.b.TacletPBuilder Error in parsing taclet. de.uka.ilkd.key.util.parsing.BuildingException: Unsolved symbol in de.uka.ilkd.key.java.JavaParserFactory$DynamicTypeSolver@39ac9725 : java.lang.Object at file:/D:/a/key/key/key.core/build/resources/main/de/uka/ilkd/key/proof/rules/javaRules.key:1667:15
	at de.uka.ilkd.key.nparser.builder.AbstractBuilder.accept(AbstractBuilder.java:54)
Caused by: com.github.javaparser.resolution.UnsolvedSymbolException: Unsolved symbol in de.uka.ilkd.key.java.JavaParserFactory$DynamicTypeSolver@39ac9725 : java.lang.Object
	at com.github.javaparser.resolution.TypeSolver.solveType(TypeSolver.java:71)

100864     ERROR Test worker     d.u.i.k.n.b.AbstractBuilder  com.github.javaparser.resolution.UnsolvedSymbolException: Unsolved symbol in de.uka.ilkd.key.java.JavaParserFactory$DynamicTypeSolver@39ac9725 : java.lang.Object
	at com.github.javaparser.resolution.TypeSolver.solveType(TypeSolver.java:71)

100864     ERROR Test worker     d.u.i.k.n.b.TacletPBuilder Error in parsing taclet. de.uka.ilkd.key.util.parsing.BuildingException: Unsolved symbol in de.uka.ilkd.key.java.JavaParserFactory$DynamicTypeSolver@39ac9725 : java.lang.Object at file:/D:/a/key/key/key.core/build/resources/main/de/uka/ilkd/key/proof/rules/javaRules.key:1675:15
	at de.uka.ilkd.key.nparser.builder.AbstractBuilder.accept(AbstractBuilder.java:54)
Caused by: com.github.javaparser.resolution.UnsolvedSymbolException: Unsolved symbol in de.uka.ilkd.key.java.JavaParserFactory$DynamicTypeSolver@39ac9725 : java.lang.Object
	at com.github.javaparser.resolution.TypeSolver.solveType(TypeSolver.java:71)

100864     ERROR Test worker     d.u.i.k.n.b.AbstractBuilder  com.github.javaparser.resolution.UnsolvedSymbolException: Unsolved symbol in de.uka.ilkd.key.java.JavaParserFactory$DynamicTypeSolver@39ac9725 : java.lang.Object
	at com.github.javaparser.resolution.TypeSolver.solveType(TypeSolver.java:71)

100864     ERROR Test worker     d.u.i.k.n.b.TacletPBuilder Error in parsing taclet. de.uka.ilkd.key.util.parsing.BuildingException: Unsolved symbol in de.uka.ilkd.key.java.JavaParserFactory$DynamicTypeSolver@39ac9725 : java.lang.Object at file:/D:/a/key/key/key.core/build/resources/main/de/uka/ilkd/key/proof/rules/javaRules.key:1683:15
	at de.uka.ilkd.key.nparser.builder.AbstractBuilder.accept(AbstractBuilder.java:54)
Caused by: com.github.javaparser.resolution.UnsolvedSymbolException: Unsolved symbol in de.uka.ilkd.key.java.JavaParserFactory$DynamicTypeSolver@39ac9725 : java.lang.Object
	at com.github.javaparser.resolution.TypeSolver.solveType(TypeSolver.java:71)

100864     ERROR Test worker     d.u.i.k.n.b.AbstractBuilder  com.github.javaparser.resolution.UnsolvedSymbolException: Unsolved symbol in de.uka.ilkd.key.java.JavaParserFactory$DynamicTypeSolver@39ac9725 : java.lang.Object
	at com.github.javaparser.resolution.TypeSolver.solveType(TypeSolver.java:71)

100864     ERROR Test worker     d.u.i.k.n.b.TacletPBuilder Error in parsing taclet. de.uka.ilkd.key.util.parsing.BuildingException: Unsolved symbol in de.uka.ilkd.key.java.JavaParserFactory$DynamicTypeSolver@39ac9725 : java.lang.Object at file:/D:/a/key/key/key.core/build/resources/main/de/uka/ilkd/key/proof/rules/javaRules.key:1691:15
	at de.uka.ilkd.key.nparser.builder.AbstractBuilder.accept(AbstractBuilder.java:54)
Caused by: com.github.javaparser.resolution.UnsolvedSymbolException: Unsolved symbol in de.uka.ilkd.key.java.JavaParserFactory$DynamicTypeSolver@39ac9725 : java.lang.Object
	at com.github.javaparser.resolution.TypeSolver.solveType(TypeSolver.java:71)

100864     ERROR Test worker     d.u.i.k.n.b.AbstractBuilder  com.github.javaparser.resolution.UnsolvedSymbolException: Unsolved symbol in de.uka.ilkd.key.java.JavaParserFactory$DynamicTypeSolver@39ac9725 : java.lang.Object
	at com.github.javaparser.resolution.TypeSolver.solveType(TypeSolver.java:71)

100864     ERROR Test worker     d.u.i.k.n.b.TacletPBuilder Error in parsing taclet. de.uka.ilkd.key.util.parsing.BuildingException: Unsolved symbol in de.uka.ilkd.key.java.JavaParserFactory$DynamicTypeSolver@39ac9725 : java.lang.Object at file:/D:/a/key/key/key.core/build/resources/main/de/uka/ilkd/key/proof/rules/javaRules.key:1703:15
	at de.uka.ilkd.key.nparser.builder.AbstractBuilder.accept(AbstractBuilder.java:54)
Caused by: com.github.javaparser.resolution.UnsolvedSymbolException: Unsolved symbol in de.uka.ilkd.key.java.JavaParserFactory$DynamicTypeSolver@39ac9725 : java.lang.Object
	at com.github.javaparser.resolution.TypeSolver.solveType(TypeSolver.java:71)

100864     ERROR Test worker     d.u.i.k.n.b.AbstractBuilder  com.github.javaparser.resolution.UnsolvedSymbolException: Unsolved symbol in de.uka.ilkd.key.java.JavaParserFactory$DynamicTypeSolver@39ac9725 : java.lang.Object
	at com.github.javaparser.resolution.TypeSolver.solveType(TypeSolver.java:71)

100864     ERROR Test worker     d.u.i.k.n.b.TacletPBuilder Error in parsing taclet. de.uka.ilkd.key.util.parsing.BuildingException: Unsolved symbol in de.uka.ilkd.key.java.JavaParserFactory$DynamicTypeSolver@39ac9725 : java.lang.Object at file:/D:/a/key/key/key.core/build/resources/main/de/uka/ilkd/key/proof/rules/javaRules.key:1710:15
	at de.uka.ilkd.key.nparser.builder.AbstractBuilder.accept(AbstractBuilder.java:54)
Caused by: com.github.javaparser.resolution.UnsolvedSymbolException: Unsolved symbol in de.uka.ilkd.key.java.JavaParserFactory$DynamicTypeSolver@39ac9725 : java.lang.Object
	at com.github.javaparser.resolution.TypeSolver.solveType(TypeSolver.java:71)

100880     ERROR Test worker     d.u.i.k.n.b.AbstractBuilder  com.github.javaparser.resolution.UnsolvedSymbolException: Unsolved symbol in de.uka.ilkd.key.java.JavaParserFactory$DynamicTypeSolver@39ac9725 : java.lang.Object
	at com.github.javaparser.resolution.TypeSolver.solveType(TypeSolver.java:71)

100880     ERROR Test worker     d.u.i.k.n.b.TacletPBuilder Error in parsing taclet. de.uka.ilkd.key.util.parsing.BuildingException: Unsolved symbol in de.uka.ilkd.key.java.JavaParserFactory$DynamicTypeSolver@39ac9725 : java.lang.Object at file:/D:/a/key/key/key.core/build/resources/main/de/uka/ilkd/key/proof/rules/javaRules.key:1718:15
	at de.uka.ilkd.key.nparser.builder.AbstractBuilder.accept(AbstractBuilder.java:54)
Caused by: com.github.javaparser.resolution.UnsolvedSymbolException: Unsolved symbol in de.uka.ilkd.key.java.JavaParserFactory$DynamicTypeSolver@39ac9725 : java.lang.Object
	at com.github.javaparser.resolution.TypeSolver.solveType(TypeSolver.java:71)

100880     ERROR Test worker     d.u.i.k.n.b.AbstractBuilder  com.github.javaparser.resolution.UnsolvedSymbolException: Unsolved symbol in de.uka.ilkd.key.java.JavaParserFactory$DynamicTypeSolver@39ac9725 : java.lang.Object
	at com.github.javaparser.resolution.TypeSolver.solveType(TypeSolver.java:71)

100880     ERROR Test worker     d.u.i.k.n.b.TacletPBuilder Error in parsing taclet. de.uka.ilkd.key.util.parsing.BuildingException: Unsolved symbol in de.uka.ilkd.key.java.JavaParserFactory$DynamicTypeSolver@39ac9725 : java.lang.Object at file:/D:/a/key/key/key.core/build/resources/main/de/uka/ilkd/key/proof/rules/javaRules.key:1724:15
	at de.uka.ilkd.key.nparser.builder.AbstractBuilder.accept(AbstractBuilder.java:54)
Caused by: com.github.javaparser.resolution.UnsolvedSymbolException: Unsolved symbol in de.uka.ilkd.key.java.JavaParserFactory$DynamicTypeSolver@39ac9725 : java.lang.Object
	at com.github.javaparser.resolution.TypeSolver.solveType(TypeSolver.java:71)

100880     ERROR Test worker     d.u.i.k.n.b.AbstractBuilder  com.github.javaparser.resolution.UnsolvedSymbolException: Unsolved symbol in de.uka.ilkd.key.java.JavaParserFactory$DynamicTypeSolver@39ac9725 : java.lang.Object
	at com.github.javaparser.resolution.TypeSolver.solveType(TypeSolver.java:71)

100880     ERROR Test worker     d.u.i.k.n.b.TacletPBuilder Error in parsing taclet. de.uka.ilkd.key.util.parsing.BuildingException: Unsolved symbol in de.uka.ilkd.key.java.JavaParserFactory$DynamicTypeSolver@39ac9725 : java.lang.Object at file:/D:/a/key/key/key.core/build/resources/main/de/uka/ilkd/key/proof/rules/javaRules.key:1731:15
	at de.uka.ilkd.key.nparser.builder.AbstractBuilder.accept(AbstractBuilder.java:54)
Caused by: com.github.javaparser.resolution.UnsolvedSymbolException: Unsolved symbol in de.uka.ilkd.key.java.JavaParserFactory$DynamicTypeSolver@39ac9725 : java.lang.Object
	at com.github.javaparser.resolution.TypeSolver.solveType(TypeSolver.java:71)

100880     ERROR Test worker     d.u.i.k.n.b.AbstractBuilder  com.github.javaparser.resolution.UnsolvedSymbolException: Unsolved symbol in de.uka.ilkd.key.java.JavaParserFactory$DynamicTypeSolver@39ac9725 : java.lang.Object
	at com.github.javaparser.resolution.TypeSolver.solveType(TypeSolver.java:71)

100880     ERROR Test worker     d.u.i.k.n.b.TacletPBuilder Error in parsing taclet. de.uka.ilkd.key.util.parsing.BuildingException: Unsolved symbol in de.uka.ilkd.key.java.JavaParserFactory$DynamicTypeSolver@39ac9725 : java.lang.Object at file:/D:/a/key/key/key.core/build/resources/main/de/uka/ilkd/key/proof/rules/javaRules.key:1738:15
	at de.uka.ilkd.key.nparser.builder.AbstractBuilder.accept(AbstractBuilder.java:54)
Caused by: com.github.javaparser.resolution.UnsolvedSymbolException: Unsolved symbol in de.uka.ilkd.key.java.JavaParserFactory$DynamicTypeSolver@39ac9725 : java.lang.Object
	at com.github.javaparser.resolution.TypeSolver.solveType(TypeSolver.java:71)

100880     ERROR Test worker     d.u.i.k.n.b.AbstractBuilder  com.github.javaparser.resolution.UnsolvedSymbolException: Unsolved symbol in de.uka.ilkd.key.java.JavaParserFactory$DynamicTypeSolver@39ac9725 : java.lang.Object
	at com.github.javaparser.resolution.TypeSolver.solveType(TypeSolver.java:71)

100880     ERROR Test worker     d.u.i.k.n.b.TacletPBuilder Error in parsing taclet. de.uka.ilkd.key.util.parsing.BuildingException: Unsolved symbol in de.uka.ilkd.key.java.JavaParserFactory$DynamicTypeSolver@39ac9725 : java.lang.Object at file:/D:/a/key/key/key.core/build/resources/main/de/uka/ilkd/key/proof/rules/javaRules.key:1744:15
	at de.uka.ilkd.key.nparser.builder.AbstractBuilder.accept(AbstractBuilder.java:54)
Caused by: com.github.javaparser.resolution.UnsolvedSymbolException: Unsolved symbol in de.uka.ilkd.key.java.JavaParserFactory$DynamicTypeSolver@39ac9725 : java.lang.Object
	at com.github.javaparser.resolution.TypeSolver.solveType(TypeSolver.java:71)

100880     ERROR Test worker     d.u.i.k.n.b.AbstractBuilder  com.github.javaparser.resolution.UnsolvedSymbolException: Unsolved symbol in de.uka.ilkd.key.java.JavaParserFactory$DynamicTypeSolver@39ac9725 : java.lang.Object
	at com.github.javaparser.resolution.TypeSolver.solveType(TypeSolver.java:71)

100880     ERROR Test worker     d.u.i.k.n.b.TacletPBuilder Error in parsing taclet. de.uka.ilkd.key.util.parsing.BuildingException: Unsolved symbol in de.uka.ilkd.key.java.JavaParserFactory$DynamicTypeSolver@39ac9725 : java.lang.Object at file:/D:/a/key/key/key.core/build/resources/main/de/uka/ilkd/key/proof/rules/javaRules.key:1751:15
	at de.uka.ilkd.key.nparser.builder.AbstractBuilder.accept(AbstractBuilder.java:54)
Caused by: com.github.javaparser.resolution.UnsolvedSymbolException: Unsolved symbol in de.uka.ilkd.key.java.JavaParserFactory$DynamicTypeSolver@39ac9725 : java.lang.Object
	at com.github.javaparser.resolution.TypeSolver.solveType(TypeSolver.java:71)

100896     ERROR Test worker     d.u.i.k.n.b.AbstractBuilder  com.github.javaparser.resolution.UnsolvedSymbolException: Unsolved symbol in de.uka.ilkd.key.java.JavaParserFactory$DynamicTypeSolver@39ac9725 : java.lang.Object
	at com.github.javaparser.resolution.TypeSolver.solveType(TypeSolver.java:71)

100896     ERROR Test worker     d.u.i.k.n.b.TacletPBuilder Error in parsing taclet. de.uka.ilkd.key.util.parsing.BuildingException: Unsolved symbol in de.uka.ilkd.key.java.JavaParserFactory$DynamicTypeSolver@39ac9725 : java.lang.Object at file:/D:/a/key/key/key.core/build/resources/main/de/uka/ilkd/key/proof/rules/javaRules.key:1759:15
	at de.uka.ilkd.key.nparser.builder.AbstractBuilder.accept(AbstractBuilder.java:54)
Caused by: com.github.javaparser.resolution.UnsolvedSymbolException: Unsolved symbol in de.uka.ilkd.key.java.JavaParserFactory$DynamicTypeSolver@39ac9725 : java.lang.Object
	at com.github.javaparser.resolution.TypeSolver.solveType(TypeSolver.java:71)

100898     ERROR Test worker     d.u.i.k.n.b.AbstractBuilder  com.github.javaparser.resolution.UnsolvedSymbolException: Unsolved symbol in de.uka.ilkd.key.java.JavaParserFactory$DynamicTypeSolver@39ac9725 : java.lang.Object
	at com.github.javaparser.resolution.TypeSolver.solveType(TypeSolver.java:71)

100898     ERROR Test worker     d.u.i.k.n.b.TacletPBuilder Error in parsing taclet. de.uka.ilkd.key.util.parsing.BuildingException: Unsolved symbol in de.uka.ilkd.key.java.JavaParserFactory$DynamicTypeSolver@39ac9725 : java.lang.Object at file:/D:/a/key/key/key.core/build/resources/main/de/uka/ilkd/key/proof/rules/javaRules.key:1765:15
	at de.uka.ilkd.key.nparser.builder.AbstractBuilder.accept(AbstractBuilder.java:54)
Caused by: com.github.javaparser.resolution.UnsolvedSymbolException: Unsolved symbol in de.uka.ilkd.key.java.JavaParserFactory$DynamicTypeSolver@39ac9725 : java.lang.Object
	at com.github.javaparser.resolution.TypeSolver.solveType(TypeSolver.java:71)

100900     ERROR Test worker     d.u.i.k.n.b.AbstractBuilder  com.github.javaparser.resolution.UnsolvedSymbolException: Unsolved symbol in de.uka.ilkd.key.java.JavaParserFactory$DynamicTypeSolver@39ac9725 : java.lang.Object
	at com.github.javaparser.resolution.TypeSolver.solveType(TypeSolver.java:71)

100900     ERROR Test worker     d.u.i.k.n.b.TacletPBuilder Error in parsing taclet. de.uka.ilkd.key.util.parsing.BuildingException: Unsolved symbol in de.uka.ilkd.key.java.JavaParserFactory$DynamicTypeSolver@39ac9725 : java.lang.Object at file:/D:/a/key/key/key.core/build/resources/main/de/uka/ilkd/key/proof/rules/javaRules.key:1772:15
	at de.uka.ilkd.key.nparser.builder.AbstractBuilder.accept(AbstractBuilder.java:54)
Caused by: com.github.javaparser.resolution.UnsolvedSymbolException: Unsolved symbol in de.uka.ilkd.key.java.JavaParserFactory$DynamicTypeSolver@39ac9725 : java.lang.Object
	at com.github.javaparser.resolution.TypeSolver.solveType(TypeSolver.java:71)

100902     ERROR Test worker     d.u.i.k.n.b.AbstractBuilder  com.github.javaparser.resolution.UnsolvedSymbolException: Unsolved symbol in de.uka.ilkd.key.java.JavaParserFactory$DynamicTypeSolver@39ac9725 : java.lang.Object
	at com.github.javaparser.resolution.TypeSolver.solveType(TypeSolver.java:71)

100902     ERROR Test worker     d.u.i.k.n.b.TacletPBuilder Error in parsing taclet. de.uka.ilkd.key.util.parsing.BuildingException: Unsolved symbol in de.uka.ilkd.key.java.JavaParserFactory$DynamicTypeSolver@39ac9725 : java.lang.Object at file:/D:/a/key/key/key.core/build/resources/main/de/uka/ilkd/key/proof/rules/javaRules.key:1780:15
	at de.uka.ilkd.key.nparser.builder.AbstractBuilder.accept(AbstractBuilder.java:54)
Caused by: com.github.javaparser.resolution.UnsolvedSymbolException: Unsolved symbol in de.uka.ilkd.key.java.JavaParserFactory$DynamicTypeSolver@39ac9725 : java.lang.Object
	at com.github.javaparser.resolution.TypeSolver.solveType(TypeSolver.java:71)

100902     ERROR Test worker     d.u.i.k.n.b.AbstractBuilder  com.github.javaparser.resolution.UnsolvedSymbolException: Unsolved symbol in de.uka.ilkd.key.java.JavaParserFactory$DynamicTypeSolver@39ac9725 : java.lang.Object
	at com.github.javaparser.resolution.TypeSolver.solveType(TypeSolver.java:71)

100902     ERROR Test worker     d.u.i.k.n.b.TacletPBuilder Error in parsing taclet. de.uka.ilkd.key.util.parsing.BuildingException: Unsolved symbol in de.uka.ilkd.key.java.JavaParserFactory$DynamicTypeSolver@39ac9725 : java.lang.Object at file:/D:/a/key/key/key.core/build/resources/main/de/uka/ilkd/key/proof/rules/javaRules.key:1786:15
	at de.uka.ilkd.key.nparser.builder.AbstractBuilder.accept(AbstractBuilder.java:54)
Caused by: com.github.javaparser.resolution.UnsolvedSymbolException: Unsolved symbol in de.uka.ilkd.key.java.JavaParserFactory$DynamicTypeSolver@39ac9725 : java.lang.Object
	at com.github.javaparser.resolution.TypeSolver.solveType(TypeSolver.java:71)

100902     ERROR Test worker     d.u.i.k.n.b.AbstractBuilder  com.github.javaparser.resolution.UnsolvedSymbolException: Unsolved symbol in de.uka.ilkd.key.java.JavaParserFactory$DynamicTypeSolver@39ac9725 : java.lang.Object
	at com.github.javaparser.resolution.TypeSolver.solveType(TypeSolver.java:71)

100902     ERROR Test worker     d.u.i.k.n.b.TacletPBuilder Error in parsing taclet. de.uka.ilkd.key.util.parsing.BuildingException: Unsolved symbol in de.uka.ilkd.key.java.JavaParserFactory$DynamicTypeSolver@39ac9725 : java.lang.Object at file:/D:/a/key/key/key.core/build/resources/main/de/uka/ilkd/key/proof/rules/javaRules.key:1793:15
	at de.uka.ilkd.key.nparser.builder.AbstractBuilder.accept(AbstractBuilder.java:54)
Caused by: com.github.javaparser.resolution.UnsolvedSymbolException: Unsolved symbol in de.uka.ilkd.key.java.JavaParserFactory$DynamicTypeSolver@39ac9725 : java.lang.Object
	at com.github.javaparser.resolution.TypeSolver.solveType(TypeSolver.java:71)

100902     ERROR Test worker     d.u.i.k.n.b.AbstractBuilder  com.github.javaparser.resolution.UnsolvedSymbolException: Unsolved symbol in de.uka.ilkd.key.java.JavaParserFactory$DynamicTypeSolver@39ac9725 : java.lang.Object
	at com.github.javaparser.resolution.TypeSolver.solveType(TypeSolver.java:71)

100902     ERROR Test worker     d.u.i.k.n.b.TacletPBuilder Error in parsing taclet. de.uka.ilkd.key.util.parsing.BuildingException: Unsolved symbol in de.uka.ilkd.key.java.JavaParserFactory$DynamicTypeSolver@39ac9725 : java.lang.Object at file:/D:/a/key/key/key.core/build/resources/main/de/uka/ilkd/key/proof/rules/javaRules.key:1801:15
	at de.uka.ilkd.key.nparser.builder.AbstractBuilder.accept(AbstractBuilder.java:54)
Caused by: com.github.javaparser.resolution.UnsolvedSymbolException: Unsolved symbol in de.uka.ilkd.key.java.JavaParserFactory$DynamicTypeSolver@39ac9725 : java.lang.Object
	at com.github.javaparser.resolution.TypeSolver.solveType(TypeSolver.java:71)

100902     ERROR Test worker     d.u.i.k.n.b.AbstractBuilder  com.github.javaparser.resolution.UnsolvedSymbolException: Unsolved symbol in de.uka.ilkd.key.java.JavaParserFactory$DynamicTypeSolver@39ac9725 : java.lang.Object
	at com.github.javaparser.resolution.TypeSolver.solveType(TypeSolver.java:71)

100902     ERROR Test worker     d.u.i.k.n.b.TacletPBuilder Error in parsing taclet. de.uka.ilkd.key.util.parsing.BuildingException: Unsolved symbol in de.uka.ilkd.key.java.JavaParserFactory$DynamicTypeSolver@39ac9725 : java.lang.Object at file:/D:/a/key/key/key.core/build/resources/main/de/uka/ilkd/key/proof/rules/javaRules.key:1807:15
	at de.uka.ilkd.key.nparser.builder.AbstractBuilder.accept(AbstractBuilder.java:54)
Caused by: com.github.javaparser.resolution.UnsolvedSymbolException: Unsolved symbol in de.uka.ilkd.key.java.JavaParserFactory$DynamicTypeSolver@39ac9725 : java.lang.Object
	at com.github.javaparser.resolution.TypeSolver.solveType(TypeSolver.java:71)

100902     ERROR Test worker     d.u.i.k.n.b.AbstractBuilder  com.github.javaparser.resolution.UnsolvedSymbolException: Unsolved symbol in de.uka.ilkd.key.java.JavaParserFactory$DynamicTypeSolver@39ac9725 : java.lang.Object
	at com.github.javaparser.resolution.TypeSolver.solveType(TypeSolver.java:71)

100902     ERROR Test worker     d.u.i.k.n.b.TacletPBuilder Error in parsing taclet. de.uka.ilkd.key.util.parsing.BuildingException: Unsolved symbol in de.uka.ilkd.key.java.JavaParserFactory$DynamicTypeSolver@39ac9725 : java.lang.Object at file:/D:/a/key/key/key.core/build/resources/main/de/uka/ilkd/key/proof/rules/javaRules.key:1814:15
	at de.uka.ilkd.key.nparser.builder.AbstractBuilder.accept(AbstractBuilder.java:54)
Caused by: com.github.javaparser.resolution.UnsolvedSymbolException: Unsolved symbol in de.uka.ilkd.key.java.JavaParserFactory$DynamicTypeSolver@39ac9725 : java.lang.Object
	at com.github.javaparser.resolution.TypeSolver.solveType(TypeSolver.java:71)

100902     ERROR Test worker     d.u.i.k.n.b.AbstractBuilder  com.github.javaparser.resolution.UnsolvedSymbolException: Unsolved symbol in de.uka.ilkd.key.java.JavaParserFactory$DynamicTypeSolver@39ac9725 : java.lang.Object
	at com.github.javaparser.resolution.TypeSolver.solveType(TypeSolver.java:71)

100902     ERROR Test worker     d.u.i.k.n.b.TacletPBuilder Error in parsing taclet. de.uka.ilkd.key.util.parsing.BuildingException: Unsolved symbol in de.uka.ilkd.key.java.JavaParserFactory$DynamicTypeSolver@39ac9725 : java.lang.Object at file:/D:/a/key/key/key.core/build/resources/main/de/uka/ilkd/key/proof/rules/javaRules.key:1822:15
	at de.uka.ilkd.key.nparser.builder.AbstractBuilder.accept(AbstractBuilder.java:54)
Caused by: com.github.javaparser.resolution.UnsolvedSymbolException: Unsolved symbol in de.uka.ilkd.key.java.JavaParserFactory$DynamicTypeSolver@39ac9725 : java.lang.Object
	at com.github.javaparser.resolution.TypeSolver.solveType(TypeSolver.java:71)

100902     ERROR Test worker     d.u.i.k.n.b.AbstractBuilder  com.github.javaparser.resolution.UnsolvedSymbolException: Unsolved symbol in de.uka.ilkd.key.java.JavaParserFactory$DynamicTypeSolver@39ac9725 : java.lang.Object
	at com.github.javaparser.resolution.TypeSolver.solveType(TypeSolver.java:71)

100902     ERROR Test worker     d.u.i.k.n.b.TacletPBuilder Error in parsing taclet. de.uka.ilkd.key.util.parsing.BuildingException: Unsolved symbol in de.uka.ilkd.key.java.JavaParserFactory$DynamicTypeSolver@39ac9725 : java.lang.Object at file:/D:/a/key/key/key.core/build/resources/main/de/uka/ilkd/key/proof/rules/javaRules.key:1828:15
	at de.uka.ilkd.key.nparser.builder.AbstractBuilder.accept(AbstractBuilder.java:54)
Caused by: com.github.javaparser.resolution.UnsolvedSymbolException: Unsolved symbol in de.uka.ilkd.key.java.JavaParserFactory$DynamicTypeSolver@39ac9725 : java.lang.Object
	at com.github.javaparser.resolution.TypeSolver.solveType(TypeSolver.java:71)

100917     ERROR Test worker     d.u.i.k.n.b.AbstractBuilder  com.github.javaparser.resolution.UnsolvedSymbolException: Unsolved symbol in de.uka.ilkd.key.java.JavaParserFactory$DynamicTypeSolver@39ac9725 : java.lang.Object
	at com.github.javaparser.resolution.TypeSolver.solveType(TypeSolver.java:71)

100917     ERROR Test worker     d.u.i.k.n.b.TacletPBuilder Error in parsing taclet. de.uka.ilkd.key.util.parsing.BuildingException: Unsolved symbol in de.uka.ilkd.key.java.JavaParserFactory$DynamicTypeSolver@39ac9725 : java.lang.Object at file:/D:/a/key/key/key.core/build/resources/main/de/uka/ilkd/key/proof/rules/javaRules.key:1835:15
	at de.uka.ilkd.key.nparser.builder.AbstractBuilder.accept(AbstractBuilder.java:54)
Caused by: com.github.javaparser.resolution.UnsolvedSymbolException: Unsolved symbol in de.uka.ilkd.key.java.JavaParserFactory$DynamicTypeSolver@39ac9725 : java.lang.Object
	at com.github.javaparser.resolution.TypeSolver.solveType(TypeSolver.java:71)

100917     ERROR Test worker     d.u.i.k.n.b.AbstractBuilder  com.github.javaparser.resolution.UnsolvedSymbolException: Unsolved symbol in de.uka.ilkd.key.java.JavaParserFactory$DynamicTypeSolver@39ac9725 : java.lang.Object
	at com.github.javaparser.resolution.TypeSolver.solveType(TypeSolver.java:71)

100917     ERROR Test worker     d.u.i.k.n.b.TacletPBuilder Error in parsing taclet. de.uka.ilkd.key.util.parsing.BuildingException: Unsolved symbol in de.uka.ilkd.key.java.JavaParserFactory$DynamicTypeSolver@39ac9725 : java.lang.Object at file:/D:/a/key/key/key.core/build/resources/main/de/uka/ilkd/key/proof/rules/javaRules.key:1843:15
	at de.uka.ilkd.key.nparser.builder.AbstractBuilder.accept(AbstractBuilder.java:54)
Caused by: com.github.javaparser.resolution.UnsolvedSymbolException: Unsolved symbol in de.uka.ilkd.key.java.JavaParserFactory$DynamicTypeSolver@39ac9725 : java.lang.Object
	at com.github.javaparser.resolution.TypeSolver.solveType(TypeSolver.java:71)

100917     ERROR Test worker     d.u.i.k.n.b.AbstractBuilder  com.github.javaparser.resolution.UnsolvedSymbolException: Unsolved symbol in de.uka.ilkd.key.java.JavaParserFactory$DynamicTypeSolver@39ac9725 : java.lang.Object
	at com.github.javaparser.resolution.TypeSolver.solveType(TypeSolver.java:71)

100917     ERROR Test worker     d.u.i.k.n.b.TacletPBuilder Error in parsing taclet. de.uka.ilkd.key.util.parsing.BuildingException: Unsolved symbol in de.uka.ilkd.key.java.JavaParserFactory$DynamicTypeSolver@39ac9725 : java.lang.Object at file:/D:/a/key/key/key.core/build/resources/main/de/uka/ilkd/key/proof/rules/javaRules.key:1849:15
	at de.uka.ilkd.key.nparser.builder.AbstractBuilder.accept(AbstractBuilder.java:54)
Caused by: com.github.javaparser.resolution.UnsolvedSymbolException: Unsolved symbol in de.uka.ilkd.key.java.JavaParserFactory$DynamicTypeSolver@39ac9725 : java.lang.Object
	at com.github.javaparser.resolution.TypeSolver.solveType(TypeSolver.java:71)

100917     ERROR Test worker     d.u.i.k.n.b.AbstractBuilder  com.github.javaparser.resolution.UnsolvedSymbolException: Unsolved symbol in de.uka.ilkd.key.java.JavaParserFactory$DynamicTypeSolver@39ac9725 : java.lang.Object
	at com.github.javaparser.resolution.TypeSolver.solveType(TypeSolver.java:71)

100917     ERROR Test worker     d.u.i.k.n.b.TacletPBuilder Error in parsing taclet. de.uka.ilkd.key.util.parsing.BuildingException: Unsolved symbol in de.uka.ilkd.key.java.JavaParserFactory$DynamicTypeSolver@39ac9725 : java.lang.Object at file:/D:/a/key/key/key.core/build/resources/main/de/uka/ilkd/key/proof/rules/javaRules.key:1856:15
	at de.uka.ilkd.key.nparser.builder.AbstractBuilder.accept(AbstractBuilder.java:54)
Caused by: com.github.javaparser.resolution.UnsolvedSymbolException: Unsolved symbol in de.uka.ilkd.key.java.JavaParserFactory$DynamicTypeSolver@39ac9725 : java.lang.Object
	at com.github.javaparser.resolution.TypeSolver.solveType(TypeSolver.java:71)

100917     ERROR Test worker     d.u.i.k.n.b.AbstractBuilder  com.github.javaparser.resolution.UnsolvedSymbolException: Unsolved symbol in de.uka.ilkd.key.java.JavaParserFactory$DynamicTypeSolver@39ac9725 : java.lang.Object
	at com.github.javaparser.resolution.TypeSolver.solveType(TypeSolver.java:71)

100917     ERROR Test worker     d.u.i.k.n.b.TacletPBuilder Error in parsing taclet. de.uka.ilkd.key.util.parsing.BuildingException: Unsolved symbol in de.uka.ilkd.key.java.JavaParserFactory$DynamicTypeSolver@39ac9725 : java.lang.Object at file:/D:/a/key/key/key.core/build/resources/main/de/uka/ilkd/key/proof/rules/javaRules.key:1864:15
	at de.uka.ilkd.key.nparser.builder.AbstractBuilder.accept(AbstractBuilder.java:54)
Caused by: com.github.javaparser.resolution.UnsolvedSymbolException: Unsolved symbol in de.uka.ilkd.key.java.JavaParserFactory$DynamicTypeSolver@39ac9725 : java.lang.Object
	at com.github.javaparser.resolution.TypeSolver.solveType(TypeSolver.java:71)

100917     ERROR Test worker     d.u.i.k.n.b.AbstractBuilder  com.github.javaparser.resolution.UnsolvedSymbolException: Unsolved symbol in de.uka.ilkd.key.java.JavaParserFactory$DynamicTypeSolver@39ac9725 : java.lang.Object
	at com.github.javaparser.resolution.TypeSolver.solveType(TypeSolver.java:71)

100917     ERROR Test worker     d.u.i.k.n.b.TacletPBuilder Error in parsing taclet. de.uka.ilkd.key.util.parsing.BuildingException: Unsolved symbol in de.uka.ilkd.key.java.JavaParserFactory$DynamicTypeSolver@39ac9725 : java.lang.Object at file:/D:/a/key/key/key.core/build/resources/main/de/uka/ilkd/key/proof/rules/javaRules.key:1870:15
	at de.uka.ilkd.key.nparser.builder.AbstractBuilder.accept(AbstractBuilder.java:54)
Caused by: com.github.javaparser.resolution.UnsolvedSymbolException: Unsolved symbol in de.uka.ilkd.key.java.JavaParserFactory$DynamicTypeSolver@39ac9725 : java.lang.Object
	at com.github.javaparser.resolution.TypeSolver.solveType(TypeSolver.java:71)

100917     ERROR Test worker     d.u.i.k.n.b.AbstractBuilder  com.github.javaparser.resolution.UnsolvedSymbolException: Unsolved symbol in de.uka.ilkd.key.java.JavaParserFactory$DynamicTypeSolver@39ac9725 : java.lang.Object
	at com.github.javaparser.resolution.TypeSolver.solveType(TypeSolver.java:71)

100917     ERROR Test worker     d.u.i.k.n.b.TacletPBuilder Error in parsing taclet. de.uka.ilkd.key.util.parsing.BuildingException: Unsolved symbol in de.uka.ilkd.key.java.JavaParserFactory$DynamicTypeSolver@39ac9725 : java.lang.Object at file:/D:/a/key/key/key.core/build/resources/main/de/uka/ilkd/key/proof/rules/javaRules.key:1877:15
	at de.uka.ilkd.key.nparser.builder.AbstractBuilder.accept(AbstractBuilder.java:54)
Caused by: com.github.javaparser.resolution.UnsolvedSymbolException: Unsolved symbol in de.uka.ilkd.key.java.JavaParserFactory$DynamicTypeSolver@39ac9725 : java.lang.Object
	at com.github.javaparser.resolution.TypeSolver.solveType(TypeSolver.java:71)

100917     ERROR Test worker     d.u.i.k.n.b.AbstractBuilder  com.github.javaparser.resolution.UnsolvedSymbolException: Unsolved symbol in de.uka.ilkd.key.java.JavaParserFactory$DynamicTypeSolver@39ac9725 : java.lang.Object
	at com.github.javaparser.resolution.TypeSolver.solveType(TypeSolver.java:71)

100933     ERROR Test worker     d.u.i.k.n.b.TacletPBuilder Error in parsing taclet. de.uka.ilkd.key.util.parsing.BuildingException: Unsolved symbol in de.uka.ilkd.key.java.JavaParserFactory$DynamicTypeSolver@39ac9725 : java.lang.Object at file:/D:/a/key/key/key.core/build/resources/main/de/uka/ilkd/key/proof/rules/javaRules.key:1885:15
	at de.uka.ilkd.key.nparser.builder.AbstractBuilder.accept(AbstractBuilder.java:54)
Caused by: com.github.javaparser.resolution.UnsolvedSymbolException: Unsolved symbol in de.uka.ilkd.key.java.JavaParserFactory$DynamicTypeSolver@39ac9725 : java.lang.Object
	at com.github.javaparser.resolution.TypeSolver.solveType(TypeSolver.java:71)

100933     ERROR Test worker     d.u.i.k.n.b.AbstractBuilder  com.github.javaparser.resolution.UnsolvedSymbolException: Unsolved symbol in de.uka.ilkd.key.java.JavaParserFactory$DynamicTypeSolver@39ac9725 : java.lang.Object
	at com.github.javaparser.resolution.TypeSolver.solveType(TypeSolver.java:71)

100933     ERROR Test worker     d.u.i.k.n.b.TacletPBuilder Error in parsing taclet. de.uka.ilkd.key.util.parsing.BuildingException: Unsolved symbol in de.uka.ilkd.key.java.JavaParserFactory$DynamicTypeSolver@39ac9725 : java.lang.Object at file:/D:/a/key/key/key.core/build/resources/main/de/uka/ilkd/key/proof/rules/javaRules.key:1891:15
	at de.uka.ilkd.key.nparser.builder.AbstractBuilder.accept(AbstractBuilder.java:54)
Caused by: com.github.javaparser.resolution.UnsolvedSymbolException: Unsolved symbol in de.uka.ilkd.key.java.JavaParserFactory$DynamicTypeSolver@39ac9725 : java.lang.Object
	at com.github.javaparser.resolution.TypeSolver.solveType(TypeSolver.java:71)

100933     ERROR Test worker     d.u.i.k.n.b.AbstractBuilder  com.github.javaparser.resolution.UnsolvedSymbolException: Unsolved symbol in de.uka.ilkd.key.java.JavaParserFactory$DynamicTypeSolver@39ac9725 : java.lang.Object
	at com.github.javaparser.resolution.TypeSolver.solveType(TypeSolver.java:71)

100933     ERROR Test worker     d.u.i.k.n.b.TacletPBuilder Error in parsing taclet. de.uka.ilkd.key.util.parsing.BuildingException: Unsolved symbol in de.uka.ilkd.key.java.JavaParserFactory$DynamicTypeSolver@39ac9725 : java.lang.Object at file:/D:/a/key/key/key.core/build/resources/main/de/uka/ilkd/key/proof/rules/javaRules.key:1898:15
	at de.uka.ilkd.key.nparser.builder.AbstractBuilder.accept(AbstractBuilder.java:54)
Caused by: com.github.javaparser.resolution.UnsolvedSymbolException: Unsolved symbol in de.uka.ilkd.key.java.JavaParserFactory$DynamicTypeSolver@39ac9725 : java.lang.Object
	at com.github.javaparser.resolution.TypeSolver.solveType(TypeSolver.java:71)

100933     ERROR Test worker     d.u.i.k.n.b.AbstractBuilder  com.github.javaparser.resolution.UnsolvedSymbolException: Unsolved symbol in de.uka.ilkd.key.java.JavaParserFactory$DynamicTypeSolver@39ac9725 : java.lang.Object
	at com.github.javaparser.resolution.TypeSolver.solveType(TypeSolver.java:71)

100933     ERROR Test worker     d.u.i.k.n.b.TacletPBuilder Error in parsing taclet. de.uka.ilkd.key.util.parsing.BuildingException: Unsolved symbol in de.uka.ilkd.key.java.JavaParserFactory$DynamicTypeSolver@39ac9725 : java.lang.Object at file:/D:/a/key/key/key.core/build/resources/main/de/uka/ilkd/key/proof/rules/javaRules.key:1906:15
	at de.uka.ilkd.key.nparser.builder.AbstractBuilder.accept(AbstractBuilder.java:54)
Caused by: com.github.javaparser.resolution.UnsolvedSymbolException: Unsolved symbol in de.uka.ilkd.key.java.JavaParserFactory$DynamicTypeSolver@39ac9725 : java.lang.Object
	at com.github.javaparser.resolution.TypeSolver.solveType(TypeSolver.java:71)

100933     ERROR Test worker     d.u.i.k.n.b.AbstractBuilder  com.github.javaparser.resolution.UnsolvedSymbolException: Unsolved symbol in de.uka.ilkd.key.java.JavaParserFactory$DynamicTypeSolver@39ac9725 : java.lang.Object
	at com.github.javaparser.resolution.TypeSolver.solveType(TypeSolver.java:71)

100933     ERROR Test worker     d.u.i.k.n.b.TacletPBuilder Error in parsing taclet. de.uka.ilkd.key.util.parsing.BuildingException: Unsolved symbol in de.uka.ilkd.key.java.JavaParserFactory$DynamicTypeSolver@39ac9725 : java.lang.Object at file:/D:/a/key/key/key.core/build/resources/main/de/uka/ilkd/key/proof/rules/javaRules.key:1912:15
	at de.uka.ilkd.key.nparser.builder.AbstractBuilder.accept(AbstractBuilder.java:54)
Caused by: com.github.javaparser.resolution.UnsolvedSymbolException: Unsolved symbol in de.uka.ilkd.key.java.JavaParserFactory$DynamicTypeSolver@39ac9725 : java.lang.Object
	at com.github.javaparser.resolution.TypeSolver.solveType(TypeSolver.java:71)

100933     ERROR Test worker     d.u.i.k.n.b.AbstractBuilder  com.github.javaparser.resolution.UnsolvedSymbolException: Unsolved symbol in de.uka.ilkd.key.java.JavaParserFactory$DynamicTypeSolver@39ac9725 : java.lang.Object
	at com.github.javaparser.resolution.TypeSolver.solveType(TypeSolver.java:71)

100933     ERROR Test worker     d.u.i.k.n.b.TacletPBuilder Error in parsing taclet. de.uka.ilkd.key.util.parsing.BuildingException: Unsolved symbol in de.uka.ilkd.key.java.JavaParserFactory$DynamicTypeSolver@39ac9725 : java.lang.Object at file:/D:/a/key/key/key.core/build/resources/main/de/uka/ilkd/key/proof/rules/javaRules.key:1919:15
	at de.uka.ilkd.key.nparser.builder.AbstractBuilder.accept(AbstractBuilder.java:54)
Caused by: com.github.javaparser.resolution.UnsolvedSymbolException: Unsolved symbol in de.uka.ilkd.key.java.JavaParserFactory$DynamicTypeSolver@39ac9725 : java.lang.Object
	at com.github.javaparser.resolution.TypeSolver.solveType(TypeSolver.java:71)

100933     ERROR Test worker     d.u.i.k.n.b.AbstractBuilder  com.github.javaparser.resolution.UnsolvedSymbolException: Unsolved symbol in de.uka.ilkd.key.java.JavaParserFactory$DynamicTypeSolver@39ac9725 : java.lang.Object
	at com.github.javaparser.resolution.TypeSolver.solveType(TypeSolver.java:71)

100933     ERROR Test worker     d.u.i.k.n.b.TacletPBuilder Error in parsing taclet. de.uka.ilkd.key.util.parsing.BuildingException: Unsolved symbol in de.uka.ilkd.key.java.JavaParserFactory$DynamicTypeSolver@39ac9725 : java.lang.Object at file:/D:/a/key/key/key.core/build/resources/main/de/uka/ilkd/key/proof/rules/javaRules.key:1927:15
	at de.uka.ilkd.key.nparser.builder.AbstractBuilder.accept(AbstractBuilder.java:54)
Caused by: com.github.javaparser.resolution.UnsolvedSymbolException: Unsolved symbol in de.uka.ilkd.key.java.JavaParserFactory$DynamicTypeSolver@39ac9725 : java.lang.Object
	at com.github.javaparser.resolution.TypeSolver.solveType(TypeSolver.java:71)

100933     ERROR Test worker     d.u.i.k.n.b.AbstractBuilder  com.github.javaparser.resolution.UnsolvedSymbolException: Unsolved symbol in de.uka.ilkd.key.java.JavaParserFactory$DynamicTypeSolver@39ac9725 : java.lang.Object
	at com.github.javaparser.resolution.TypeSolver.solveType(TypeSolver.java:71)

100933     ERROR Test worker     d.u.i.k.n.b.TacletPBuilder Error in parsing taclet. de.uka.ilkd.key.util.parsing.BuildingException: Unsolved symbol in de.uka.ilkd.key.java.JavaParserFactory$DynamicTypeSolver@39ac9725 : java.lang.Object at file:/D:/a/key/key/key.core/build/resources/main/de/uka/ilkd/key/proof/rules/javaRules.key:1937:15
	at de.uka.ilkd.key.nparser.builder.AbstractBuilder.accept(AbstractBuilder.java:54)
Caused by: com.github.javaparser.resolution.UnsolvedSymbolException: Unsolved symbol in de.uka.ilkd.key.java.JavaParserFactory$DynamicTypeSolver@39ac9725 : java.lang.Object
	at com.github.javaparser.resolution.TypeSolver.solveType(TypeSolver.java:71)

100933     ERROR Test worker     d.u.i.k.n.b.AbstractBuilder  com.github.javaparser.resolution.UnsolvedSymbolException: Unsolved symbol in de.uka.ilkd.key.java.JavaParserFactory$DynamicTypeSolver@39ac9725 : java.lang.Object
	at com.github.javaparser.resolution.TypeSolver.solveType(TypeSolver.java:71)

100948     ERROR Test worker     d.u.i.k.n.b.TacletPBuilder Error in parsing taclet. de.uka.ilkd.key.util.parsing.BuildingException: Unsolved symbol in de.uka.ilkd.key.java.JavaParserFactory$DynamicTypeSolver@39ac9725 : java.lang.Object at file:/D:/a/key/key/key.core/build/resources/main/de/uka/ilkd/key/proof/rules/javaRules.key:1949:15
	at de.uka.ilkd.key.nparser.builder.AbstractBuilder.accept(AbstractBuilder.java:54)
Caused by: com.github.javaparser.resolution.UnsolvedSymbolException: Unsolved symbol in de.uka.ilkd.key.java.JavaParserFactory$DynamicTypeSolver@39ac9725 : java.lang.Object
	at com.github.javaparser.resolution.TypeSolver.solveType(TypeSolver.java:71)

100948     ERROR Test worker     d.u.i.k.n.b.AbstractBuilder  com.github.javaparser.resolution.UnsolvedSymbolException: Unsolved symbol in de.uka.ilkd.key.java.JavaParserFactory$DynamicTypeSolver@39ac9725 : java.lang.Object
	at com.github.javaparser.resolution.TypeSolver.solveType(TypeSolver.java:71)

100948     ERROR Test worker     d.u.i.k.n.b.TacletPBuilder Error in parsing taclet. de.uka.ilkd.key.util.parsing.BuildingException: Unsolved symbol in de.uka.ilkd.key.java.JavaParserFactory$DynamicTypeSolver@39ac9725 : java.lang.Object at file:/D:/a/key/key/key.core/build/resources/main/de/uka/ilkd/key/proof/rules/javaRules.key:1959:15
	at de.uka.ilkd.key.nparser.builder.AbstractBuilder.accept(AbstractBuilder.java:54)
Caused by: com.github.javaparser.resolution.UnsolvedSymbolException: Unsolved symbol in de.uka.ilkd.key.java.JavaParserFactory$DynamicTypeSolver@39ac9725 : java.lang.Object
	at com.github.javaparser.resolution.TypeSolver.solveType(TypeSolver.java:71)

100948     ERROR Test worker     d.u.i.k.n.b.AbstractBuilder  com.github.javaparser.resolution.UnsolvedSymbolException: Unsolved symbol in de.uka.ilkd.key.java.JavaParserFactory$DynamicTypeSolver@39ac9725 : java.lang.Object
	at com.github.javaparser.resolution.TypeSolver.solveType(TypeSolver.java:71)

100948     ERROR Test worker     d.u.i.k.n.b.TacletPBuilder Error in parsing taclet. de.uka.ilkd.key.util.parsing.BuildingException: Unsolved symbol in de.uka.ilkd.key.java.JavaParserFactory$DynamicTypeSolver@39ac9725 : java.lang.Object at file:/D:/a/key/key/key.core/build/resources/main/de/uka/ilkd/key/proof/rules/javaRules.key:1966:15
	at de.uka.ilkd.key.nparser.builder.AbstractBuilder.accept(AbstractBuilder.java:54)
Caused by: com.github.javaparser.resolution.UnsolvedSymbolException: Unsolved symbol in de.uka.ilkd.key.java.JavaParserFactory$DynamicTypeSolver@39ac9725 : java.lang.Object
	at com.github.javaparser.resolution.TypeSolver.solveType(TypeSolver.java:71)

100948     ERROR Test worker     d.u.i.k.n.b.AbstractBuilder  com.github.javaparser.resolution.UnsolvedSymbolException: Unsolved symbol in de.uka.ilkd.key.java.JavaParserFactory$DynamicTypeSolver@39ac9725 : java.lang.Object
	at com.github.javaparser.resolution.TypeSolver.solveType(TypeSolver.java:71)

100948     ERROR Test worker     d.u.i.k.n.b.TacletPBuilder Error in parsing taclet. de.uka.ilkd.key.util.parsing.BuildingException: Unsolved symbol in de.uka.ilkd.key.java.JavaParserFactory$DynamicTypeSolver@39ac9725 : java.lang.Object at file:/D:/a/key/key/key.core/build/resources/main/de/uka/ilkd/key/proof/rules/javaRules.key:1978:15
	at de.uka.ilkd.key.nparser.builder.AbstractBuilder.accept(AbstractBuilder.java:54)
Caused by: com.github.javaparser.resolution.UnsolvedSymbolException: Unsolved symbol in de.uka.ilkd.key.java.JavaParserFactory$DynamicTypeSolver@39ac9725 : java.lang.Object
	at com.github.javaparser.resolution.TypeSolver.solveType(TypeSolver.java:71)

100948     ERROR Test worker     d.u.i.k.n.b.AbstractBuilder  com.github.javaparser.resolution.UnsolvedSymbolException: Unsolved symbol in de.uka.ilkd.key.java.JavaParserFactory$DynamicTypeSolver@39ac9725 : java.lang.Object
	at com.github.javaparser.resolution.TypeSolver.solveType(TypeSolver.java:71)

100948     ERROR Test worker     d.u.i.k.n.b.TacletPBuilder Error in parsing taclet. de.uka.ilkd.key.util.parsing.BuildingException: Unsolved symbol in de.uka.ilkd.key.java.JavaParserFactory$DynamicTypeSolver@39ac9725 : java.lang.Object at file:/D:/a/key/key/key.core/build/resources/main/de/uka/ilkd/key/proof/rules/javaRules.key:1988:15
	at de.uka.ilkd.key.nparser.builder.AbstractBuilder.accept(AbstractBuilder.java:54)
Caused by: com.github.javaparser.resolution.UnsolvedSymbolException: Unsolved symbol in de.uka.ilkd.key.java.JavaParserFactory$DynamicTypeSolver@39ac9725 : java.lang.Object
	at com.github.javaparser.resolution.TypeSolver.solveType(TypeSolver.java:71)

100948     ERROR Test worker     d.u.i.k.n.b.AbstractBuilder  com.github.javaparser.resolution.UnsolvedSymbolException: Unsolved symbol in de.uka.ilkd.key.java.JavaParserFactory$DynamicTypeSolver@39ac9725 : java.lang.Object
	at com.github.javaparser.resolution.TypeSolver.solveType(TypeSolver.java:71)

100948     ERROR Test worker     d.u.i.k.n.b.TacletPBuilder Error in parsing taclet. de.uka.ilkd.key.util.parsing.BuildingException: Unsolved symbol in de.uka.ilkd.key.java.JavaParserFactory$DynamicTypeSolver@39ac9725 : java.lang.Object at file:/D:/a/key/key/key.core/build/resources/main/de/uka/ilkd/key/proof/rules/javaRules.key:1995:15
	at de.uka.ilkd.key.nparser.builder.AbstractBuilder.accept(AbstractBuilder.java:54)
Caused by: com.github.javaparser.resolution.UnsolvedSymbolException: Unsolved symbol in de.uka.ilkd.key.java.JavaParserFactory$DynamicTypeSolver@39ac9725 : java.lang.Object
	at com.github.javaparser.resolution.TypeSolver.solveType(TypeSolver.java:71)

100948     ERROR Test worker     d.u.i.k.n.b.AbstractBuilder  com.github.javaparser.resolution.UnsolvedSymbolException: Unsolved symbol in de.uka.ilkd.key.java.JavaParserFactory$DynamicTypeSolver@39ac9725 : java.lang.Object
	at com.github.javaparser.resolution.TypeSolver.solveType(TypeSolver.java:71)

100948     ERROR Test worker     d.u.i.k.n.b.TacletPBuilder Error in parsing taclet. de.uka.ilkd.key.util.parsing.BuildingException: Unsolved symbol in de.uka.ilkd.key.java.JavaParserFactory$DynamicTypeSolver@39ac9725 : java.lang.Object at file:/D:/a/key/key/key.core/build/resources/main/de/uka/ilkd/key/proof/rules/javaRules.key:2007:15
	at de.uka.ilkd.key.nparser.builder.AbstractBuilder.accept(AbstractBuilder.java:54)
Caused by: com.github.javaparser.resolution.UnsolvedSymbolException: Unsolved symbol in de.uka.ilkd.key.java.JavaParserFactory$DynamicTypeSolver@39ac9725 : java.lang.Object
	at com.github.javaparser.resolution.TypeSolver.solveType(TypeSolver.java:71)

100948     ERROR Test worker     d.u.i.k.n.b.AbstractBuilder  com.github.javaparser.resolution.UnsolvedSymbolException: Unsolved symbol in de.uka.ilkd.key.java.JavaParserFactory$DynamicTypeSolver@39ac9725 : java.lang.Object
	at com.github.javaparser.resolution.TypeSolver.solveType(TypeSolver.java:71)

100948     ERROR Test worker     d.u.i.k.n.b.TacletPBuilder Error in parsing taclet. de.uka.ilkd.key.util.parsing.BuildingException: Unsolved symbol in de.uka.ilkd.key.java.JavaParserFactory$DynamicTypeSolver@39ac9725 : java.lang.Object at file:/D:/a/key/key/key.core/build/resources/main/de/uka/ilkd/key/proof/rules/javaRules.key:2017:15
	at de.uka.ilkd.key.nparser.builder.AbstractBuilder.accept(AbstractBuilder.java:54)
Caused by: com.github.javaparser.resolution.UnsolvedSymbolException: Unsolved symbol in de.uka.ilkd.key.java.JavaParserFactory$DynamicTypeSolver@39ac9725 : java.lang.Object
	at com.github.javaparser.resolution.TypeSolver.solveType(TypeSolver.java:71)

100964     ERROR Test worker     d.u.i.k.n.b.AbstractBuilder  com.github.javaparser.resolution.UnsolvedSymbolException: Unsolved symbol in de.uka.ilkd.key.java.JavaParserFactory$DynamicTypeSolver@39ac9725 : java.lang.Object
	at com.github.javaparser.resolution.TypeSolver.solveType(TypeSolver.java:71)

100964     ERROR Test worker     d.u.i.k.n.b.TacletPBuilder Error in parsing taclet. de.uka.ilkd.key.util.parsing.BuildingException: Unsolved symbol in de.uka.ilkd.key.java.JavaParserFactory$DynamicTypeSolver@39ac9725 : java.lang.Object at file:/D:/a/key/key/key.core/build/resources/main/de/uka/ilkd/key/proof/rules/javaRules.key:2024:15
	at de.uka.ilkd.key.nparser.builder.AbstractBuilder.accept(AbstractBuilder.java:54)
Caused by: com.github.javaparser.resolution.UnsolvedSymbolException: Unsolved symbol in de.uka.ilkd.key.java.JavaParserFactory$DynamicTypeSolver@39ac9725 : java.lang.Object
	at com.github.javaparser.resolution.TypeSolver.solveType(TypeSolver.java:71)

100964     ERROR Test worker     d.u.i.k.n.b.AbstractBuilder  com.github.javaparser.resolution.UnsolvedSymbolException: Unsolved symbol in de.uka.ilkd.key.java.JavaParserFactory$DynamicTypeSolver@39ac9725 : java.lang.Object
	at com.github.javaparser.resolution.TypeSolver.solveType(TypeSolver.java:71)

100964     ERROR Test worker     d.u.i.k.n.b.TacletPBuilder Error in parsing taclet. de.uka.ilkd.key.util.parsing.BuildingException: Unsolved symbol in de.uka.ilkd.key.java.JavaParserFactory$DynamicTypeSolver@39ac9725 : java.lang.Object at file:/D:/a/key/key/key.core/build/resources/main/de/uka/ilkd/key/proof/rules/javaRules.key:2036:15
	at de.uka.ilkd.key.nparser.builder.AbstractBuilder.accept(AbstractBuilder.java:54)
Caused by: com.github.javaparser.resolution.UnsolvedSymbolException: Unsolved symbol in de.uka.ilkd.key.java.JavaParserFactory$DynamicTypeSolver@39ac9725 : java.lang.Object
	at com.github.javaparser.resolution.TypeSolver.solveType(TypeSolver.java:71)

100964     ERROR Test worker     d.u.i.k.n.b.AbstractBuilder  com.github.javaparser.resolution.UnsolvedSymbolException: Unsolved symbol in de.uka.ilkd.key.java.JavaParserFactory$DynamicTypeSolver@39ac9725 : java.lang.Object
	at com.github.javaparser.resolution.TypeSolver.solveType(TypeSolver.java:71)

100964     ERROR Test worker     d.u.i.k.n.b.TacletPBuilder Error in parsing taclet. de.uka.ilkd.key.util.parsing.BuildingException: Unsolved symbol in de.uka.ilkd.key.java.JavaParserFactory$DynamicTypeSolver@39ac9725 : java.lang.Object at file:/D:/a/key/key/key.core/build/resources/main/de/uka/ilkd/key/proof/rules/javaRules.key:2046:15
	at de.uka.ilkd.key.nparser.builder.AbstractBuilder.accept(AbstractBuilder.java:54)
Caused by: com.github.javaparser.resolution.UnsolvedSymbolException: Unsolved symbol in de.uka.ilkd.key.java.JavaParserFactory$DynamicTypeSolver@39ac9725 : java.lang.Object
	at com.github.javaparser.resolution.TypeSolver.solveType(TypeSolver.java:71)

100964     ERROR Test worker     d.u.i.k.n.b.AbstractBuilder  com.github.javaparser.resolution.UnsolvedSymbolException: Unsolved symbol in de.uka.ilkd.key.java.JavaParserFactory$DynamicTypeSolver@39ac9725 : java.lang.Object
	at com.github.javaparser.resolution.TypeSolver.solveType(TypeSolver.java:71)

100964     ERROR Test worker     d.u.i.k.n.b.TacletPBuilder Error in parsing taclet. de.uka.ilkd.key.util.parsing.BuildingException: Unsolved symbol in de.uka.ilkd.key.java.JavaParserFactory$DynamicTypeSolver@39ac9725 : java.lang.Object at file:/D:/a/key/key/key.core/build/resources/main/de/uka/ilkd/key/proof/rules/javaRules.key:2053:15
	at de.uka.ilkd.key.nparser.builder.AbstractBuilder.accept(AbstractBuilder.java:54)
Caused by: com.github.javaparser.resolution.UnsolvedSymbolException: Unsolved symbol in de.uka.ilkd.key.java.JavaParserFactory$DynamicTypeSolver@39ac9725 : java.lang.Object
	at com.github.javaparser.resolution.TypeSolver.solveType(TypeSolver.java:71)

100964     ERROR Test worker     d.u.i.k.n.b.AbstractBuilder  com.github.javaparser.resolution.UnsolvedSymbolException: Unsolved symbol in de.uka.ilkd.key.java.JavaParserFactory$DynamicTypeSolver@39ac9725 : java.lang.Object
	at com.github.javaparser.resolution.TypeSolver.solveType(TypeSolver.java:71)

100964     ERROR Test worker     d.u.i.k.n.b.TacletPBuilder Error in parsing taclet. de.uka.ilkd.key.util.parsing.BuildingException: Unsolved symbol in de.uka.ilkd.key.java.JavaParserFactory$DynamicTypeSolver@39ac9725 : java.lang.Object at file:/D:/a/key/key/key.core/build/resources/main/de/uka/ilkd/key/proof/rules/javaRules.key:2065:15
	at de.uka.ilkd.key.nparser.builder.AbstractBuilder.accept(AbstractBuilder.java:54)
Caused by: com.github.javaparser.resolution.UnsolvedSymbolException: Unsolved symbol in de.uka.ilkd.key.java.JavaParserFactory$DynamicTypeSolver@39ac9725 : java.lang.Object
	at com.github.javaparser.resolution.TypeSolver.solveType(TypeSolver.java:71)

100964     ERROR Test worker     d.u.i.k.n.b.AbstractBuilder  com.github.javaparser.resolution.UnsolvedSymbolException: Unsolved symbol in de.uka.ilkd.key.java.JavaParserFactory$DynamicTypeSolver@39ac9725 : java.lang.Object
	at com.github.javaparser.resolution.TypeSolver.solveType(TypeSolver.java:71)

100964     ERROR Test worker     d.u.i.k.n.b.TacletPBuilder Error in parsing taclet. de.uka.ilkd.key.util.parsing.BuildingException: Unsolved symbol in de.uka.ilkd.key.java.JavaParserFactory$DynamicTypeSolver@39ac9725 : java.lang.Object at file:/D:/a/key/key/key.core/build/resources/main/de/uka/ilkd/key/proof/rules/javaRules.key:2075:15
	at de.uka.ilkd.key.nparser.builder.AbstractBuilder.accept(AbstractBuilder.java:54)
Caused by: com.github.javaparser.resolution.UnsolvedSymbolException: Unsolved symbol in de.uka.ilkd.key.java.JavaParserFactory$DynamicTypeSolver@39ac9725 : java.lang.Object
	at com.github.javaparser.resolution.TypeSolver.solveType(TypeSolver.java:71)

100964     ERROR Test worker     d.u.i.k.n.b.AbstractBuilder  com.github.javaparser.resolution.UnsolvedSymbolException: Unsolved symbol in de.uka.ilkd.key.java.JavaParserFactory$DynamicTypeSolver@39ac9725 : java.lang.Object
	at com.github.javaparser.resolution.TypeSolver.solveType(TypeSolver.java:71)

100964     ERROR Test worker     d.u.i.k.n.b.TacletPBuilder Error in parsing taclet. de.uka.ilkd.key.util.parsing.BuildingException: Unsolved symbol in de.uka.ilkd.key.java.JavaParserFactory$DynamicTypeSolver@39ac9725 : java.lang.Object at file:/D:/a/key/key/key.core/build/resources/main/de/uka/ilkd/key/proof/rules/javaRules.key:2082:15
	at de.uka.ilkd.key.nparser.builder.AbstractBuilder.accept(AbstractBuilder.java:54)
Caused by: com.github.javaparser.resolution.UnsolvedSymbolException: Unsolved symbol in de.uka.ilkd.key.java.JavaParserFactory$DynamicTypeSolver@39ac9725 : java.lang.Object
	at com.github.javaparser.resolution.TypeSolver.solveType(TypeSolver.java:71)

100964     ERROR Test worker     d.u.i.k.n.b.AbstractBuilder  com.github.javaparser.resolution.UnsolvedSymbolException: Unsolved symbol in de.uka.ilkd.key.java.JavaParserFactory$DynamicTypeSolver@39ac9725 : java.lang.Object
	at com.github.javaparser.resolution.TypeSolver.solveType(TypeSolver.java:71)

100964     ERROR Test worker     d.u.i.k.n.b.TacletPBuilder Error in parsing taclet. de.uka.ilkd.key.util.parsing.BuildingException: Unsolved symbol in de.uka.ilkd.key.java.JavaParserFactory$DynamicTypeSolver@39ac9725 : java.lang.Object at file:/D:/a/key/key/key.core/build/resources/main/de/uka/ilkd/key/proof/rules/javaRules.key:2094:15
	at de.uka.ilkd.key.nparser.builder.AbstractBuilder.accept(AbstractBuilder.java:54)
Caused by: com.github.javaparser.resolution.UnsolvedSymbolException: Unsolved symbol in de.uka.ilkd.key.java.JavaParserFactory$DynamicTypeSolver@39ac9725 : java.lang.Object
	at com.github.javaparser.resolution.TypeSolver.solveType(TypeSolver.java:71)

100980     ERROR Test worker     d.u.i.k.n.b.AbstractBuilder  com.github.javaparser.resolution.UnsolvedSymbolException: Unsolved symbol in de.uka.ilkd.key.java.JavaParserFactory$DynamicTypeSolver@39ac9725 : java.lang.Object
	at com.github.javaparser.resolution.TypeSolver.solveType(TypeSolver.java:71)

100980     ERROR Test worker     d.u.i.k.n.b.TacletPBuilder Error in parsing taclet. de.uka.ilkd.key.util.parsing.BuildingException: Unsolved symbol in de.uka.ilkd.key.java.JavaParserFactory$DynamicTypeSolver@39ac9725 : java.lang.Object at file:/D:/a/key/key/key.core/build/resources/main/de/uka/ilkd/key/proof/rules/javaRules.key:2104:15
	at de.uka.ilkd.key.nparser.builder.AbstractBuilder.accept(AbstractBuilder.java:54)
Caused by: com.github.javaparser.resolution.UnsolvedSymbolException: Unsolved symbol in de.uka.ilkd.key.java.JavaParserFactory$DynamicTypeSolver@39ac9725 : java.lang.Object
	at com.github.javaparser.resolution.TypeSolver.solveType(TypeSolver.java:71)

100980     ERROR Test worker     d.u.i.k.n.b.AbstractBuilder  com.github.javaparser.resolution.UnsolvedSymbolException: Unsolved symbol in de.uka.ilkd.key.java.JavaParserFactory$DynamicTypeSolver@39ac9725 : java.lang.Object
	at com.github.javaparser.resolution.TypeSolver.solveType(TypeSolver.java:71)

100980     ERROR Test worker     d.u.i.k.n.b.TacletPBuilder Error in parsing taclet. de.uka.ilkd.key.util.parsing.BuildingException: Unsolved symbol in de.uka.ilkd.key.java.JavaParserFactory$DynamicTypeSolver@39ac9725 : java.lang.Object at file:/D:/a/key/key/key.core/build/resources/main/de/uka/ilkd/key/proof/rules/javaRules.key:2111:15
	at de.uka.ilkd.key.nparser.builder.AbstractBuilder.accept(AbstractBuilder.java:54)
Caused by: com.github.javaparser.resolution.UnsolvedSymbolException: Unsolved symbol in de.uka.ilkd.key.java.JavaParserFactory$DynamicTypeSolver@39ac9725 : java.lang.Object
	at com.github.javaparser.resolution.TypeSolver.solveType(TypeSolver.java:71)

100980     ERROR Test worker     d.u.i.k.n.b.AbstractBuilder  com.github.javaparser.resolution.UnsolvedSymbolException: Unsolved symbol in de.uka.ilkd.key.java.JavaParserFactory$DynamicTypeSolver@39ac9725 : java.lang.Object
	at com.github.javaparser.resolution.TypeSolver.solveType(TypeSolver.java:71)

100980     ERROR Test worker     d.u.i.k.n.b.TacletPBuilder Error in parsing taclet. de.uka.ilkd.key.util.parsing.BuildingException: Unsolved symbol in de.uka.ilkd.key.java.JavaParserFactory$DynamicTypeSolver@39ac9725 : java.lang.Object at file:/D:/a/key/key/key.core/build/resources/main/de/uka/ilkd/key/proof/rules/javaRules.key:2123:15
	at de.uka.ilkd.key.nparser.builder.AbstractBuilder.accept(AbstractBuilder.java:54)
Caused by: com.github.javaparser.resolution.UnsolvedSymbolException: Unsolved symbol in de.uka.ilkd.key.java.JavaParserFactory$DynamicTypeSolver@39ac9725 : java.lang.Object
	at com.github.javaparser.resolution.TypeSolver.solveType(TypeSolver.java:71)

100980     ERROR Test worker     d.u.i.k.n.b.AbstractBuilder  com.github.javaparser.resolution.UnsolvedSymbolException: Unsolved symbol in de.uka.ilkd.key.java.JavaParserFactory$DynamicTypeSolver@39ac9725 : java.lang.Object
	at com.github.javaparser.resolution.TypeSolver.solveType(TypeSolver.java:71)

100980     ERROR Test worker     d.u.i.k.n.b.TacletPBuilder Error in parsing taclet. de.uka.ilkd.key.util.parsing.BuildingException: Unsolved symbol in de.uka.ilkd.key.java.JavaParserFactory$DynamicTypeSolver@39ac9725 : java.lang.Object at file:/D:/a/key/key/key.core/build/resources/main/de/uka/ilkd/key/proof/rules/javaRules.key:2133:15
	at de.uka.ilkd.key.nparser.builder.AbstractBuilder.accept(AbstractBuilder.java:54)
Caused by: com.github.javaparser.resolution.UnsolvedSymbolException: Unsolved symbol in de.uka.ilkd.key.java.JavaParserFactory$DynamicTypeSolver@39ac9725 : java.lang.Object
	at com.github.javaparser.resolution.TypeSolver.solveType(TypeSolver.java:71)

100980     ERROR Test worker     d.u.i.k.n.b.AbstractBuilder  com.github.javaparser.resolution.UnsolvedSymbolException: Unsolved symbol in de.uka.ilkd.key.java.JavaParserFactory$DynamicTypeSolver@39ac9725 : java.lang.Object
	at com.github.javaparser.resolution.TypeSolver.solveType(TypeSolver.java:71)

100980     ERROR Test worker     d.u.i.k.n.b.TacletPBuilder Error in parsing taclet. de.uka.ilkd.key.util.parsing.BuildingException: Unsolved symbol in de.uka.ilkd.key.java.JavaParserFactory$DynamicTypeSolver@39ac9725 : java.lang.Object at file:/D:/a/key/key/key.core/build/resources/main/de/uka/ilkd/key/proof/rules/javaRules.key:2140:15
	at de.uka.ilkd.key.nparser.builder.AbstractBuilder.accept(AbstractBuilder.java:54)
Caused by: com.github.javaparser.resolution.UnsolvedSymbolException: Unsolved symbol in de.uka.ilkd.key.java.JavaParserFactory$DynamicTypeSolver@39ac9725 : java.lang.Object
	at com.github.javaparser.resolution.TypeSolver.solveType(TypeSolver.java:71)

100980     ERROR Test worker     d.u.i.k.n.b.AbstractBuilder  com.github.javaparser.resolution.UnsolvedSymbolException: Unsolved symbol in de.uka.ilkd.key.java.JavaParserFactory$DynamicTypeSolver@39ac9725 : java.lang.Object
	at com.github.javaparser.resolution.TypeSolver.solveType(TypeSolver.java:71)

100980     ERROR Test worker     d.u.i.k.n.b.TacletPBuilder Error in parsing taclet. de.uka.ilkd.key.util.parsing.BuildingException: Unsolved symbol in de.uka.ilkd.key.java.JavaParserFactory$DynamicTypeSolver@39ac9725 : java.lang.Object at file:/D:/a/key/key/key.core/build/resources/main/de/uka/ilkd/key/proof/rules/javaRules.key:2152:15
	at de.uka.ilkd.key.nparser.builder.AbstractBuilder.accept(AbstractBuilder.java:54)
Caused by: com.github.javaparser.resolution.UnsolvedSymbolException: Unsolved symbol in de.uka.ilkd.key.java.JavaParserFactory$DynamicTypeSolver@39ac9725 : java.lang.Object
	at com.github.javaparser.resolution.TypeSolver.solveType(TypeSolver.java:71)

100980     ERROR Test worker     d.u.i.k.n.b.AbstractBuilder  com.github.javaparser.resolution.UnsolvedSymbolException: Unsolved symbol in de.uka.ilkd.key.java.JavaParserFactory$DynamicTypeSolver@39ac9725 : java.lang.Object
	at com.github.javaparser.resolution.TypeSolver.solveType(TypeSolver.java:71)

100980     ERROR Test worker     d.u.i.k.n.b.TacletPBuilder Error in parsing taclet. de.uka.ilkd.key.util.parsing.BuildingException: Unsolved symbol in de.uka.ilkd.key.java.JavaParserFactory$DynamicTypeSolver@39ac9725 : java.lang.Object at file:/D:/a/key/key/key.core/build/resources/main/de/uka/ilkd/key/proof/rules/javaRules.key:2162:15
	at de.uka.ilkd.key.nparser.builder.AbstractBuilder.accept(AbstractBuilder.java:54)
Caused by: com.github.javaparser.resolution.UnsolvedSymbolException: Unsolved symbol in de.uka.ilkd.key.java.JavaParserFactory$DynamicTypeSolver@39ac9725 : java.lang.Object
	at com.github.javaparser.resolution.TypeSolver.solveType(TypeSolver.java:71)

100980     ERROR Test worker     d.u.i.k.n.b.AbstractBuilder  com.github.javaparser.resolution.UnsolvedSymbolException: Unsolved symbol in de.uka.ilkd.key.java.JavaParserFactory$DynamicTypeSolver@39ac9725 : java.lang.Object
	at com.github.javaparser.resolution.TypeSolver.solveType(TypeSolver.java:71)

100980     ERROR Test worker     d.u.i.k.n.b.TacletPBuilder Error in parsing taclet. de.uka.ilkd.key.util.parsing.BuildingException: Unsolved symbol in de.uka.ilkd.key.java.JavaParserFactory$DynamicTypeSolver@39ac9725 : java.lang.Object at file:/D:/a/key/key/key.core/build/resources/main/de/uka/ilkd/key/proof/rules/javaRules.key:2169:15
	at de.uka.ilkd.key.nparser.builder.AbstractBuilder.accept(AbstractBuilder.java:54)
Caused by: com.github.javaparser.resolution.UnsolvedSymbolException: Unsolved symbol in de.uka.ilkd.key.java.JavaParserFactory$DynamicTypeSolver@39ac9725 : java.lang.Object
	at com.github.javaparser.resolution.TypeSolver.solveType(TypeSolver.java:71)

100996     ERROR Test worker     d.u.i.k.n.b.AbstractBuilder  com.github.javaparser.resolution.UnsolvedSymbolException: Unsolved symbol in de.uka.ilkd.key.java.JavaParserFactory$DynamicTypeSolver@39ac9725 : java.lang.Object
	at com.github.javaparser.resolution.TypeSolver.solveType(TypeSolver.java:71)

100996     ERROR Test worker     d.u.i.k.n.b.TacletPBuilder Error in parsing taclet. de.uka.ilkd.key.util.parsing.BuildingException: Unsolved symbol in de.uka.ilkd.key.java.JavaParserFactory$DynamicTypeSolver@39ac9725 : java.lang.Object at file:/D:/a/key/key/key.core/build/resources/main/de/uka/ilkd/key/proof/rules/javaRules.key:2181:15
	at de.uka.ilkd.key.nparser.builder.AbstractBuilder.accept(AbstractBuilder.java:54)
Caused by: com.github.javaparser.resolution.UnsolvedSymbolException: Unsolved symbol in de.uka.ilkd.key.java.JavaParserFactory$DynamicTypeSolver@39ac9725 : java.lang.Object
	at com.github.javaparser.resolution.TypeSolver.solveType(TypeSolver.java:71)

100996     ERROR Test worker     d.u.i.k.n.b.AbstractBuilder  com.github.javaparser.resolution.UnsolvedSymbolException: Unsolved symbol in de.uka.ilkd.key.java.JavaParserFactory$DynamicTypeSolver@39ac9725 : java.lang.Object
	at com.github.javaparser.resolution.TypeSolver.solveType(TypeSolver.java:71)

100996     ERROR Test worker     d.u.i.k.n.b.TacletPBuilder Error in parsing taclet. de.uka.ilkd.key.util.parsing.BuildingException: Unsolved symbol in de.uka.ilkd.key.java.JavaParserFactory$DynamicTypeSolver@39ac9725 : java.lang.Object at file:/D:/a/key/key/key.core/build/resources/main/de/uka/ilkd/key/proof/rules/javaRules.key:2191:15
	at de.uka.ilkd.key.nparser.builder.AbstractBuilder.accept(AbstractBuilder.java:54)
Caused by: com.github.javaparser.resolution.UnsolvedSymbolException: Unsolved symbol in de.uka.ilkd.key.java.JavaParserFactory$DynamicTypeSolver@39ac9725 : java.lang.Object
	at com.github.javaparser.resolution.TypeSolver.solveType(TypeSolver.java:71)

100996     ERROR Test worker     d.u.i.k.n.b.AbstractBuilder  com.github.javaparser.resolution.UnsolvedSymbolException: Unsolved symbol in de.uka.ilkd.key.java.JavaParserFactory$DynamicTypeSolver@39ac9725 : java.lang.Object
	at com.github.javaparser.resolution.TypeSolver.solveType(TypeSolver.java:71)

100996     ERROR Test worker     d.u.i.k.n.b.TacletPBuilder Error in parsing taclet. de.uka.ilkd.key.util.parsing.BuildingException: Unsolved symbol in de.uka.ilkd.key.java.JavaParserFactory$DynamicTypeSolver@39ac9725 : java.lang.Object at file:/D:/a/key/key/key.core/build/resources/main/de/uka/ilkd/key/proof/rules/javaRules.key:2198:15
	at de.uka.ilkd.key.nparser.builder.AbstractBuilder.accept(AbstractBuilder.java:54)
Caused by: com.github.javaparser.resolution.UnsolvedSymbolException: Unsolved symbol in de.uka.ilkd.key.java.JavaParserFactory$DynamicTypeSolver@39ac9725 : java.lang.Object
	at com.github.javaparser.resolution.TypeSolver.solveType(TypeSolver.java:71)

100996     ERROR Test worker     d.u.i.k.n.b.AbstractBuilder  com.github.javaparser.resolution.UnsolvedSymbolException: Unsolved symbol in de.uka.ilkd.key.java.JavaParserFactory$DynamicTypeSolver@39ac9725 : java.lang.Object
	at com.github.javaparser.resolution.TypeSolver.solveType(TypeSolver.java:71)

100996     ERROR Test worker     d.u.i.k.n.b.TacletPBuilder Error in parsing taclet. de.uka.ilkd.key.util.parsing.BuildingException: Unsolved symbol in de.uka.ilkd.key.java.JavaParserFactory$DynamicTypeSolver@39ac9725 : java.lang.Object at file:/D:/a/key/key/key.core/build/resources/main/de/uka/ilkd/key/proof/rules/javaRules.key:2210:15
	at de.uka.ilkd.key.nparser.builder.AbstractBuilder.accept(AbstractBuilder.java:54)
Caused by: com.github.javaparser.resolution.UnsolvedSymbolException: Unsolved symbol in de.uka.ilkd.key.java.JavaParserFactory$DynamicTypeSolver@39ac9725 : java.lang.Object
	at com.github.javaparser.resolution.TypeSolver.solveType(TypeSolver.java:71)

100996     ERROR Test worker     d.u.i.k.n.b.AbstractBuilder  com.github.javaparser.resolution.UnsolvedSymbolException: Unsolved symbol in de.uka.ilkd.key.java.JavaParserFactory$DynamicTypeSolver@39ac9725 : java.lang.Object
	at com.github.javaparser.resolution.TypeSolver.solveType(TypeSolver.java:71)

100996     ERROR Test worker     d.u.i.k.n.b.TacletPBuilder Error in parsing taclet. de.uka.ilkd.key.util.parsing.BuildingException: Unsolved symbol in de.uka.ilkd.key.java.JavaParserFactory$DynamicTypeSolver@39ac9725 : java.lang.Object at file:/D:/a/key/key/key.core/build/resources/main/de/uka/ilkd/key/proof/rules/javaRules.key:2220:15
	at de.uka.ilkd.key.nparser.builder.AbstractBuilder.accept(AbstractBuilder.java:54)
Caused by: com.github.javaparser.resolution.UnsolvedSymbolException: Unsolved symbol in de.uka.ilkd.key.java.JavaParserFactory$DynamicTypeSolver@39ac9725 : java.lang.Object
	at com.github.javaparser.resolution.TypeSolver.solveType(TypeSolver.java:71)

100996     ERROR Test worker     d.u.i.k.n.b.AbstractBuilder  com.github.javaparser.resolution.UnsolvedSymbolException: Unsolved symbol in de.uka.ilkd.key.java.JavaParserFactory$DynamicTypeSolver@39ac9725 : java.lang.Object
	at com.github.javaparser.resolution.TypeSolver.solveType(TypeSolver.java:71)

100996     ERROR Test worker     d.u.i.k.n.b.TacletPBuilder Error in parsing taclet. de.uka.ilkd.key.util.parsing.BuildingException: Unsolved symbol in de.uka.ilkd.key.java.JavaParserFactory$DynamicTypeSolver@39ac9725 : java.lang.Object at file:/D:/a/key/key/key.core/build/resources/main/de/uka/ilkd/key/proof/rules/javaRules.key:2227:15
	at de.uka.ilkd.key.nparser.builder.AbstractBuilder.accept(AbstractBuilder.java:54)
Caused by: com.github.javaparser.resolution.UnsolvedSymbolException: Unsolved symbol in de.uka.ilkd.key.java.JavaParserFactory$DynamicTypeSolver@39ac9725 : java.lang.Object
	at com.github.javaparser.resolution.TypeSolver.solveType(TypeSolver.java:71)

100996     ERROR Test worker     d.u.i.k.n.b.AbstractBuilder  com.github.javaparser.resolution.UnsolvedSymbolException: Unsolved symbol in de.uka.ilkd.key.java.JavaParserFactory$DynamicTypeSolver@39ac9725 : java.lang.Object
	at com.github.javaparser.resolution.TypeSolver.solveType(TypeSolver.java:71)

100996     ERROR Test worker     d.u.i.k.n.b.TacletPBuilder Error in parsing taclet. de.uka.ilkd.key.util.parsing.BuildingException: Unsolved symbol in de.uka.ilkd.key.java.JavaParserFactory$DynamicTypeSolver@39ac9725 : java.lang.Object at file:/D:/a/key/key/key.core/build/resources/main/de/uka/ilkd/key/proof/rules/javaRules.key:2239:15
	at de.uka.ilkd.key.nparser.builder.AbstractBuilder.accept(AbstractBuilder.java:54)
Caused by: com.github.javaparser.resolution.UnsolvedSymbolException: Unsolved symbol in de.uka.ilkd.key.java.JavaParserFactory$DynamicTypeSolver@39ac9725 : java.lang.Object
	at com.github.javaparser.resolution.TypeSolver.solveType(TypeSolver.java:71)

100996     ERROR Test worker     d.u.i.k.n.b.AbstractBuilder  com.github.javaparser.resolution.UnsolvedSymbolException: Unsolved symbol in de.uka.ilkd.key.java.JavaParserFactory$DynamicTypeSolver@39ac9725 : java.lang.Object
	at com.github.javaparser.resolution.TypeSolver.solveType(TypeSolver.java:71)

100996     ERROR Test worker     d.u.i.k.n.b.TacletPBuilder Error in parsing taclet. de.uka.ilkd.key.util.parsing.BuildingException: Unsolved symbol in de.uka.ilkd.key.java.JavaParserFactory$DynamicTypeSolver@39ac9725 : java.lang.Object at file:/D:/a/key/key/key.core/build/resources/main/de/uka/ilkd/key/proof/rules/javaRules.key:2249:15
	at de.uka.ilkd.key.nparser.builder.AbstractBuilder.accept(AbstractBuilder.java:54)
Caused by: com.github.javaparser.resolution.UnsolvedSymbolException: Unsolved symbol in de.uka.ilkd.key.java.JavaParserFactory$DynamicTypeSolver@39ac9725 : java.lang.Object
	at com.github.javaparser.resolution.TypeSolver.solveType(TypeSolver.java:71)

100996     ERROR Test worker     d.u.i.k.n.b.AbstractBuilder  com.github.javaparser.resolution.UnsolvedSymbolException: Unsolved symbol in de.uka.ilkd.key.java.JavaParserFactory$DynamicTypeSolver@39ac9725 : java.lang.Object
	at com.github.javaparser.resolution.TypeSolver.solveType(TypeSolver.java:71)

100996     ERROR Test worker     d.u.i.k.n.b.TacletPBuilder Error in parsing taclet. de.uka.ilkd.key.util.parsing.BuildingException: Unsolved symbol in de.uka.ilkd.key.java.JavaParserFactory$DynamicTypeSolver@39ac9725 : java.lang.Object at file:/D:/a/key/key/key.core/build/resources/main/de/uka/ilkd/key/proof/rules/javaRules.key:2256:15
	at de.uka.ilkd.key.nparser.builder.AbstractBuilder.accept(AbstractBuilder.java:54)
Caused by: com.github.javaparser.resolution.UnsolvedSymbolException: Unsolved symbol in de.uka.ilkd.key.java.JavaParserFactory$DynamicTypeSolver@39ac9725 : java.lang.Object
	at com.github.javaparser.resolution.TypeSolver.solveType(TypeSolver.java:71)

100996     ERROR Test worker     d.u.i.k.n.b.AbstractBuilder  com.github.javaparser.resolution.UnsolvedSymbolException: Unsolved symbol in de.uka.ilkd.key.java.JavaParserFactory$DynamicTypeSolver@39ac9725 : java.lang.Object
	at com.github.javaparser.resolution.TypeSolver.solveType(TypeSolver.java:71)

100996     ERROR Test worker     d.u.i.k.n.b.TacletPBuilder Error in parsing taclet. de.uka.ilkd.key.util.parsing.BuildingException: Unsolved symbol in de.uka.ilkd.key.java.JavaParserFactory$DynamicTypeSolver@39ac9725 : java.lang.Object at file:/D:/a/key/key/key.core/build/resources/main/de/uka/ilkd/key/proof/rules/javaRules.key:2268:15
	at de.uka.ilkd.key.nparser.builder.AbstractBuilder.accept(AbstractBuilder.java:54)
Caused by: com.github.javaparser.resolution.UnsolvedSymbolException: Unsolved symbol in de.uka.ilkd.key.java.JavaParserFactory$DynamicTypeSolver@39ac9725 : java.lang.Object
	at com.github.javaparser.resolution.TypeSolver.solveType(TypeSolver.java:71)

101011     ERROR Test worker     d.u.i.k.n.b.AbstractBuilder  com.github.javaparser.resolution.UnsolvedSymbolException: Unsolved symbol in de.uka.ilkd.key.java.JavaParserFactory$DynamicTypeSolver@39ac9725 : java.lang.Object
	at com.github.javaparser.resolution.TypeSolver.solveType(TypeSolver.java:71)

101011     ERROR Test worker     d.u.i.k.n.b.TacletPBuilder Error in parsing taclet. de.uka.ilkd.key.util.parsing.BuildingException: Unsolved symbol in de.uka.ilkd.key.java.JavaParserFactory$DynamicTypeSolver@39ac9725 : java.lang.Object at file:/D:/a/key/key/key.core/build/resources/main/de/uka/ilkd/key/proof/rules/javaRules.key:2278:15
	at de.uka.ilkd.key.nparser.builder.AbstractBuilder.accept(AbstractBuilder.java:54)
Caused by: com.github.javaparser.resolution.UnsolvedSymbolException: Unsolved symbol in de.uka.ilkd.key.java.JavaParserFactory$DynamicTypeSolver@39ac9725 : java.lang.Object
	at com.github.javaparser.resolution.TypeSolver.solveType(TypeSolver.java:71)

101011     ERROR Test worker     d.u.i.k.n.b.AbstractBuilder  com.github.javaparser.resolution.UnsolvedSymbolException: Unsolved symbol in de.uka.ilkd.key.java.JavaParserFactory$DynamicTypeSolver@39ac9725 : java.lang.Object
	at com.github.javaparser.resolution.TypeSolver.solveType(TypeSolver.java:71)

101011     ERROR Test worker     d.u.i.k.n.b.TacletPBuilder Error in parsing taclet. de.uka.ilkd.key.util.parsing.BuildingException: Unsolved symbol in de.uka.ilkd.key.java.JavaParserFactory$DynamicTypeSolver@39ac9725 : java.lang.Object at file:/D:/a/key/key/key.core/build/resources/main/de/uka/ilkd/key/proof/rules/javaRules.key:2289:15
	at de.uka.ilkd.key.nparser.builder.AbstractBuilder.accept(AbstractBuilder.java:54)
Caused by: com.github.javaparser.resolution.UnsolvedSymbolException: Unsolved symbol in de.uka.ilkd.key.java.JavaParserFactory$DynamicTypeSolver@39ac9725 : java.lang.Object
	at com.github.javaparser.resolution.TypeSolver.solveType(TypeSolver.java:71)

101011     ERROR Test worker     d.u.i.k.n.b.AbstractBuilder  com.github.javaparser.resolution.UnsolvedSymbolException: Unsolved symbol in de.uka.ilkd.key.java.JavaParserFactory$DynamicTypeSolver@39ac9725 : java.lang.Object
	at com.github.javaparser.resolution.TypeSolver.solveType(TypeSolver.java:71)

101011     ERROR Test worker     d.u.i.k.n.b.TacletPBuilder Error in parsing taclet. de.uka.ilkd.key.util.parsing.BuildingException: Unsolved symbol in de.uka.ilkd.key.java.JavaParserFactory$DynamicTypeSolver@39ac9725 : java.lang.Object at file:/D:/a/key/key/key.core/build/resources/main/de/uka/ilkd/key/proof/rules/javaRules.key:2295:15
	at de.uka.ilkd.key.nparser.builder.AbstractBuilder.accept(AbstractBuilder.java:54)
Caused by: com.github.javaparser.resolution.UnsolvedSymbolException: Unsolved symbol in de.uka.ilkd.key.java.JavaParserFactory$DynamicTypeSolver@39ac9725 : java.lang.Object
	at com.github.javaparser.resolution.TypeSolver.solveType(TypeSolver.java:71)

101011     ERROR Test worker     d.u.i.k.n.b.AbstractBuilder  com.github.javaparser.resolution.UnsolvedSymbolException: Unsolved symbol in de.uka.ilkd.key.java.JavaParserFactory$DynamicTypeSolver@39ac9725 : java.lang.Object
	at com.github.javaparser.resolution.TypeSolver.solveType(TypeSolver.java:71)

101011     ERROR Test worker     d.u.i.k.n.b.TacletPBuilder Error in parsing taclet. de.uka.ilkd.key.util.parsing.BuildingException: Unsolved symbol in de.uka.ilkd.key.java.JavaParserFactory$DynamicTypeSolver@39ac9725 : java.lang.Object at file:/D:/a/key/key/key.core/build/resources/main/de/uka/ilkd/key/proof/rules/javaRules.key:2302:15
	at de.uka.ilkd.key.nparser.builder.AbstractBuilder.accept(AbstractBuilder.java:54)
Caused by: com.github.javaparser.resolution.UnsolvedSymbolException: Unsolved symbol in de.uka.ilkd.key.java.JavaParserFactory$DynamicTypeSolver@39ac9725 : java.lang.Object
	at com.github.javaparser.resolution.TypeSolver.solveType(TypeSolver.java:71)

101011     ERROR Test worker     d.u.i.k.n.b.AbstractBuilder  com.github.javaparser.resolution.UnsolvedSymbolException: Unsolved symbol in de.uka.ilkd.key.java.JavaParserFactory$DynamicTypeSolver@39ac9725 : java.lang.Object
	at com.github.javaparser.resolution.TypeSolver.solveType(TypeSolver.java:71)

101011     ERROR Test worker     d.u.i.k.n.b.TacletPBuilder Error in parsing taclet. de.uka.ilkd.key.util.parsing.BuildingException: Unsolved symbol in de.uka.ilkd.key.java.JavaParserFactory$DynamicTypeSolver@39ac9725 : java.lang.Object at file:/D:/a/key/key/key.core/build/resources/main/de/uka/ilkd/key/proof/rules/javaRules.key:2309:15
	at de.uka.ilkd.key.nparser.builder.AbstractBuilder.accept(AbstractBuilder.java:54)
Caused by: com.github.javaparser.resolution.UnsolvedSymbolException: Unsolved symbol in de.uka.ilkd.key.java.JavaParserFactory$DynamicTypeSolver@39ac9725 : java.lang.Object
	at com.github.javaparser.resolution.TypeSolver.solveType(TypeSolver.java:71)

101011     ERROR Test worker     d.u.i.k.n.b.AbstractBuilder  com.github.javaparser.resolution.UnsolvedSymbolException: Unsolved symbol in de.uka.ilkd.key.java.JavaParserFactory$DynamicTypeSolver@39ac9725 : java.lang.Object
	at com.github.javaparser.resolution.TypeSolver.solveType(TypeSolver.java:71)

101011     ERROR Test worker     d.u.i.k.n.b.TacletPBuilder Error in parsing taclet. de.uka.ilkd.key.util.parsing.BuildingException: Unsolved symbol in de.uka.ilkd.key.java.JavaParserFactory$DynamicTypeSolver@39ac9725 : java.lang.Object at file:/D:/a/key/key/key.core/build/resources/main/de/uka/ilkd/key/proof/rules/javaRules.key:2316:15
	at de.uka.ilkd.key.nparser.builder.AbstractBuilder.accept(AbstractBuilder.java:54)
Caused by: com.github.javaparser.resolution.UnsolvedSymbolException: Unsolved symbol in de.uka.ilkd.key.java.JavaParserFactory$DynamicTypeSolver@39ac9725 : java.lang.Object
	at com.github.javaparser.resolution.TypeSolver.solveType(TypeSolver.java:71)

101011     ERROR Test worker     d.u.i.k.n.b.AbstractBuilder  com.github.javaparser.resolution.UnsolvedSymbolException: Unsolved symbol in de.uka.ilkd.key.java.JavaParserFactory$DynamicTypeSolver@39ac9725 : java.lang.Object
	at com.github.javaparser.resolution.TypeSolver.solveType(TypeSolver.java:71)

101011     ERROR Test worker     d.u.i.k.n.b.TacletPBuilder Error in parsing taclet. de.uka.ilkd.key.util.parsing.BuildingException: Unsolved symbol in de.uka.ilkd.key.java.JavaParserFactory$DynamicTypeSolver@39ac9725 : java.lang.Object at file:/D:/a/key/key/key.core/build/resources/main/de/uka/ilkd/key/proof/rules/javaRules.key:2323:15
	at de.uka.ilkd.key.nparser.builder.AbstractBuilder.accept(AbstractBuilder.java:54)
Caused by: com.github.javaparser.resolution.UnsolvedSymbolException: Unsolved symbol in de.uka.ilkd.key.java.JavaParserFactory$DynamicTypeSolver@39ac9725 : java.lang.Object
	at com.github.javaparser.resolution.TypeSolver.solveType(TypeSolver.java:71)

101011     ERROR Test worker     d.u.i.k.n.b.AbstractBuilder  com.github.javaparser.resolution.UnsolvedSymbolException: Unsolved symbol in de.uka.ilkd.key.java.JavaParserFactory$DynamicTypeSolver@39ac9725 : java.lang.Object
	at com.github.javaparser.resolution.TypeSolver.solveType(TypeSolver.java:71)

101011     ERROR Test worker     d.u.i.k.n.b.TacletPBuilder Error in parsing taclet. de.uka.ilkd.key.util.parsing.BuildingException: Unsolved symbol in de.uka.ilkd.key.java.JavaParserFactory$DynamicTypeSolver@39ac9725 : java.lang.Object at file:/D:/a/key/key/key.core/build/resources/main/de/uka/ilkd/key/proof/rules/javaRules.key:2330:15
	at de.uka.ilkd.key.nparser.builder.AbstractBuilder.accept(AbstractBuilder.java:54)
Caused by: com.github.javaparser.resolution.UnsolvedSymbolException: Unsolved symbol in de.uka.ilkd.key.java.JavaParserFactory$DynamicTypeSolver@39ac9725 : java.lang.Object
	at com.github.javaparser.resolution.TypeSolver.solveType(TypeSolver.java:71)

101011     ERROR Test worker     d.u.i.k.n.b.AbstractBuilder  com.github.javaparser.resolution.UnsolvedSymbolException: Unsolved symbol in de.uka.ilkd.key.java.JavaParserFactory$DynamicTypeSolver@39ac9725 : java.lang.Object
	at com.github.javaparser.resolution.TypeSolver.solveType(TypeSolver.java:71)

101011     ERROR Test worker     d.u.i.k.n.b.TacletPBuilder Error in parsing taclet. de.uka.ilkd.key.util.parsing.BuildingException: Unsolved symbol in de.uka.ilkd.key.java.JavaParserFactory$DynamicTypeSolver@39ac9725 : java.lang.Object at file:/D:/a/key/key/key.core/build/resources/main/de/uka/ilkd/key/proof/rules/javaRules.key:2337:15
	at de.uka.ilkd.key.nparser.builder.AbstractBuilder.accept(AbstractBuilder.java:54)
Caused by: com.github.javaparser.resolution.UnsolvedSymbolException: Unsolved symbol in de.uka.ilkd.key.java.JavaParserFactory$DynamicTypeSolver@39ac9725 : java.lang.Object
	at com.github.javaparser.resolution.TypeSolver.solveType(TypeSolver.java:71)

101011     ERROR Test worker     d.u.i.k.n.b.AbstractBuilder  com.github.javaparser.resolution.UnsolvedSymbolException: Unsolved symbol in de.uka.ilkd.key.java.JavaParserFactory$DynamicTypeSolver@39ac9725 : java.lang.Object
	at com.github.javaparser.resolution.TypeSolver.solveType(TypeSolver.java:71)

101011     ERROR Test worker     d.u.i.k.n.b.TacletPBuilder Error in parsing taclet. de.uka.ilkd.key.util.parsing.BuildingException: Unsolved symbol in de.uka.ilkd.key.java.JavaParserFactory$DynamicTypeSolver@39ac9725 : java.lang.Object at file:/D:/a/key/key/key.core/build/resources/main/de/uka/ilkd/key/proof/rules/javaRules.key:2344:15
	at de.uka.ilkd.key.nparser.builder.AbstractBuilder.accept(AbstractBuilder.java:54)
Caused by: com.github.javaparser.resolution.UnsolvedSymbolException: Unsolved symbol in de.uka.ilkd.key.java.JavaParserFactory$DynamicTypeSolver@39ac9725 : java.lang.Object
	at com.github.javaparser.resolution.TypeSolver.solveType(TypeSolver.java:71)

101027     ERROR Test worker     d.u.i.k.n.b.AbstractBuilder  com.github.javaparser.resolution.UnsolvedSymbolException: Unsolved symbol in de.uka.ilkd.key.java.JavaParserFactory$DynamicTypeSolver@39ac9725 : java.lang.Object
	at com.github.javaparser.resolution.TypeSolver.solveType(TypeSolver.java:71)

101027     ERROR Test worker     d.u.i.k.n.b.TacletPBuilder Error in parsing taclet. de.uka.ilkd.key.util.parsing.BuildingException: Unsolved symbol in de.uka.ilkd.key.java.JavaParserFactory$DynamicTypeSolver@39ac9725 : java.lang.Object at file:/D:/a/key/key/key.core/build/resources/main/de/uka/ilkd/key/proof/rules/javaRules.key:2355:15
	at de.uka.ilkd.key.nparser.builder.AbstractBuilder.accept(AbstractBuilder.java:54)
Caused by: com.github.javaparser.resolution.UnsolvedSymbolException: Unsolved symbol in de.uka.ilkd.key.java.JavaParserFactory$DynamicTypeSolver@39ac9725 : java.lang.Object
	at com.github.javaparser.resolution.TypeSolver.solveType(TypeSolver.java:71)

101027     ERROR Test worker     d.u.i.k.n.b.AbstractBuilder  com.github.javaparser.resolution.UnsolvedSymbolException: Unsolved symbol in de.uka.ilkd.key.java.JavaParserFactory$DynamicTypeSolver@39ac9725 : java.lang.Object
	at com.github.javaparser.resolution.TypeSolver.solveType(TypeSolver.java:71)

101027     ERROR Test worker     d.u.i.k.n.b.TacletPBuilder Error in parsing taclet. de.uka.ilkd.key.util.parsing.BuildingException: Unsolved symbol in de.uka.ilkd.key.java.JavaParserFactory$DynamicTypeSolver@39ac9725 : java.lang.Object at file:/D:/a/key/key/key.core/build/resources/main/de/uka/ilkd/key/proof/rules/javaRules.key:2360:15
	at de.uka.ilkd.key.nparser.builder.AbstractBuilder.accept(AbstractBuilder.java:54)
Caused by: com.github.javaparser.resolution.UnsolvedSymbolException: Unsolved symbol in de.uka.ilkd.key.java.JavaParserFactory$DynamicTypeSolver@39ac9725 : java.lang.Object
	at com.github.javaparser.resolution.TypeSolver.solveType(TypeSolver.java:71)

101027     ERROR Test worker     d.u.i.k.n.b.AbstractBuilder  com.github.javaparser.resolution.UnsolvedSymbolException: Unsolved symbol in de.uka.ilkd.key.java.JavaParserFactory$DynamicTypeSolver@39ac9725 : java.lang.Object
	at com.github.javaparser.resolution.TypeSolver.solveType(TypeSolver.java:71)

101027     ERROR Test worker     d.u.i.k.n.b.TacletPBuilder Error in parsing taclet. de.uka.ilkd.key.util.parsing.BuildingException: Unsolved symbol in de.uka.ilkd.key.java.JavaParserFactory$DynamicTypeSolver@39ac9725 : java.lang.Object at file:/D:/a/key/key/key.core/build/resources/main/de/uka/ilkd/key/proof/rules/javaRules.key:2366:15
	at de.uka.ilkd.key.nparser.builder.AbstractBuilder.accept(AbstractBuilder.java:54)
Caused by: com.github.javaparser.resolution.UnsolvedSymbolException: Unsolved symbol in de.uka.ilkd.key.java.JavaParserFactory$DynamicTypeSolver@39ac9725 : java.lang.Object
	at com.github.javaparser.resolution.TypeSolver.solveType(TypeSolver.java:71)

101027     ERROR Test worker     d.u.i.k.n.b.AbstractBuilder  com.github.javaparser.resolution.UnsolvedSymbolException: Unsolved symbol in de.uka.ilkd.key.java.JavaParserFactory$DynamicTypeSolver@39ac9725 : java.lang.Object
	at com.github.javaparser.resolution.TypeSolver.solveType(TypeSolver.java:71)

101027     ERROR Test worker     d.u.i.k.n.b.TacletPBuilder Error in parsing taclet. de.uka.ilkd.key.util.parsing.BuildingException: Unsolved symbol in de.uka.ilkd.key.java.JavaParserFactory$DynamicTypeSolver@39ac9725 : java.lang.Object at file:/D:/a/key/key/key.core/build/resources/main/de/uka/ilkd/key/proof/rules/javaRules.key:2376:15
	at de.uka.ilkd.key.nparser.builder.AbstractBuilder.accept(AbstractBuilder.java:54)
Caused by: com.github.javaparser.resolution.UnsolvedSymbolException: Unsolved symbol in de.uka.ilkd.key.java.JavaParserFactory$DynamicTypeSolver@39ac9725 : java.lang.Object
	at com.github.javaparser.resolution.TypeSolver.solveType(TypeSolver.java:71)

101027     ERROR Test worker     d.u.i.k.n.b.AbstractBuilder  com.github.javaparser.resolution.UnsolvedSymbolException: Unsolved symbol in de.uka.ilkd.key.java.JavaParserFactory$DynamicTypeSolver@39ac9725 : java.lang.Object
	at com.github.javaparser.resolution.TypeSolver.solveType(TypeSolver.java:71)

101027     ERROR Test worker     d.u.i.k.n.b.TacletPBuilder Error in parsing taclet. de.uka.ilkd.key.util.parsing.BuildingException: Unsolved symbol in de.uka.ilkd.key.java.JavaParserFactory$DynamicTypeSolver@39ac9725 : java.lang.Object at file:/D:/a/key/key/key.core/build/resources/main/de/uka/ilkd/key/proof/rules/javaRules.key:2384:15
	at de.uka.ilkd.key.nparser.builder.AbstractBuilder.accept(AbstractBuilder.java:54)
Caused by: com.github.javaparser.resolution.UnsolvedSymbolException: Unsolved symbol in de.uka.ilkd.key.java.JavaParserFactory$DynamicTypeSolver@39ac9725 : java.lang.Object
	at com.github.javaparser.resolution.TypeSolver.solveType(TypeSolver.java:71)

101027     ERROR Test worker     d.u.i.k.n.b.AbstractBuilder  com.github.javaparser.resolution.UnsolvedSymbolException: Unsolved symbol in de.uka.ilkd.key.java.JavaParserFactory$DynamicTypeSolver@39ac9725 : java.lang.Object
	at com.github.javaparser.resolution.TypeSolver.solveType(TypeSolver.java:71)

101027     ERROR Test worker     d.u.i.k.n.b.TacletPBuilder Error in parsing taclet. de.uka.ilkd.key.util.parsing.BuildingException: Unsolved symbol in de.uka.ilkd.key.java.JavaParserFactory$DynamicTypeSolver@39ac9725 : java.lang.Object at file:/D:/a/key/key/key.core/build/resources/main/de/uka/ilkd/key/proof/rules/javaRules.key:2392:15
	at de.uka.ilkd.key.nparser.builder.AbstractBuilder.accept(AbstractBuilder.java:54)
Caused by: com.github.javaparser.resolution.UnsolvedSymbolException: Unsolved symbol in de.uka.ilkd.key.java.JavaParserFactory$DynamicTypeSolver@39ac9725 : java.lang.Object
	at com.github.javaparser.resolution.TypeSolver.solveType(TypeSolver.java:71)

101027     ERROR Test worker     d.u.i.k.n.b.AbstractBuilder  com.github.javaparser.resolution.UnsolvedSymbolException: Unsolved symbol in de.uka.ilkd.key.java.JavaParserFactory$DynamicTypeSolver@39ac9725 : java.lang.Object
	at com.github.javaparser.resolution.TypeSolver.solveType(TypeSolver.java:71)

101027     ERROR Test worker     d.u.i.k.n.b.TacletPBuilder Error in parsing taclet. de.uka.ilkd.key.util.parsing.BuildingException: Unsolved symbol in de.uka.ilkd.key.java.JavaParserFactory$DynamicTypeSolver@39ac9725 : java.lang.Object at file:/D:/a/key/key/key.core/build/resources/main/de/uka/ilkd/key/proof/rules/javaRules.key:2400:15
	at de.uka.ilkd.key.nparser.builder.AbstractBuilder.accept(AbstractBuilder.java:54)
Caused by: com.github.javaparser.resolution.UnsolvedSymbolException: Unsolved symbol in de.uka.ilkd.key.java.JavaParserFactory$DynamicTypeSolver@39ac9725 : java.lang.Object
	at com.github.javaparser.resolution.TypeSolver.solveType(TypeSolver.java:71)

101027     ERROR Test worker     d.u.i.k.n.b.AbstractBuilder  com.github.javaparser.resolution.UnsolvedSymbolException: Unsolved symbol in de.uka.ilkd.key.java.JavaParserFactory$DynamicTypeSolver@39ac9725 : java.lang.Object
	at com.github.javaparser.resolution.TypeSolver.solveType(TypeSolver.java:71)

101027     ERROR Test worker     d.u.i.k.n.b.TacletPBuilder Error in parsing taclet. de.uka.ilkd.key.util.parsing.BuildingException: Unsolved symbol in de.uka.ilkd.key.java.JavaParserFactory$DynamicTypeSolver@39ac9725 : java.lang.Object at file:/D:/a/key/key/key.core/build/resources/main/de/uka/ilkd/key/proof/rules/javaRules.key:2408:15
	at de.uka.ilkd.key.nparser.builder.AbstractBuilder.accept(AbstractBuilder.java:54)
Caused by: com.github.javaparser.resolution.UnsolvedSymbolException: Unsolved symbol in de.uka.ilkd.key.java.JavaParserFactory$DynamicTypeSolver@39ac9725 : java.lang.Object
	at com.github.javaparser.resolution.TypeSolver.solveType(TypeSolver.java:71)

101027     ERROR Test worker     d.u.i.k.n.b.AbstractBuilder  com.github.javaparser.resolution.UnsolvedSymbolException: Unsolved symbol in de.uka.ilkd.key.java.JavaParserFactory$DynamicTypeSolver@39ac9725 : java.lang.Object
	at com.github.javaparser.resolution.TypeSolver.solveType(TypeSolver.java:71)

101027     ERROR Test worker     d.u.i.k.n.b.TacletPBuilder Error in parsing taclet. de.uka.ilkd.key.util.parsing.BuildingException: Unsolved symbol in de.uka.ilkd.key.java.JavaParserFactory$DynamicTypeSolver@39ac9725 : java.lang.Object at file:/D:/a/key/key/key.core/build/resources/main/de/uka/ilkd/key/proof/rules/javaRules.key:2416:15
	at de.uka.ilkd.key.nparser.builder.AbstractBuilder.accept(AbstractBuilder.java:54)
Caused by: com.github.javaparser.resolution.UnsolvedSymbolException: Unsolved symbol in de.uka.ilkd.key.java.JavaParserFactory$DynamicTypeSolver@39ac9725 : java.lang.Object
	at com.github.javaparser.resolution.TypeSolver.solveType(TypeSolver.java:71)

101027     ERROR Test worker     d.u.i.k.n.b.AbstractBuilder  com.github.javaparser.resolution.UnsolvedSymbolException: Unsolved symbol in de.uka.ilkd.key.java.JavaParserFactory$DynamicTypeSolver@39ac9725 : java.lang.Object
	at com.github.javaparser.resolution.TypeSolver.solveType(TypeSolver.java:71)

101027     ERROR Test worker     d.u.i.k.n.b.TacletPBuilder Error in parsing taclet. de.uka.ilkd.key.util.parsing.BuildingException: Unsolved symbol in de.uka.ilkd.key.java.JavaParserFactory$DynamicTypeSolver@39ac9725 : java.lang.Object at file:/D:/a/key/key/key.core/build/resources/main/de/uka/ilkd/key/proof/rules/javaRules.key:2424:15
	at de.uka.ilkd.key.nparser.builder.AbstractBuilder.accept(AbstractBuilder.java:54)
Caused by: com.github.javaparser.resolution.UnsolvedSymbolException: Unsolved symbol in de.uka.ilkd.key.java.JavaParserFactory$DynamicTypeSolver@39ac9725 : java.lang.Object
	at com.github.javaparser.resolution.TypeSolver.solveType(TypeSolver.java:71)

101043     ERROR Test worker     d.u.i.k.n.b.AbstractBuilder  com.github.javaparser.resolution.UnsolvedSymbolException: Unsolved symbol in de.uka.ilkd.key.java.JavaParserFactory$DynamicTypeSolver@39ac9725 : java.lang.Object
	at com.github.javaparser.resolution.TypeSolver.solveType(TypeSolver.java:71)

101043     ERROR Test worker     d.u.i.k.n.b.TacletPBuilder Error in parsing taclet. de.uka.ilkd.key.util.parsing.BuildingException: Unsolved symbol in de.uka.ilkd.key.java.JavaParserFactory$DynamicTypeSolver@39ac9725 : java.lang.Object at file:/D:/a/key/key/key.core/build/resources/main/de/uka/ilkd/key/proof/rules/javaRules.key:2432:15
	at de.uka.ilkd.key.nparser.builder.AbstractBuilder.accept(AbstractBuilder.java:54)
Caused by: com.github.javaparser.resolution.UnsolvedSymbolException: Unsolved symbol in de.uka.ilkd.key.java.JavaParserFactory$DynamicTypeSolver@39ac9725 : java.lang.Object
	at com.github.javaparser.resolution.TypeSolver.solveType(TypeSolver.java:71)

101043     ERROR Test worker     d.u.i.k.n.b.AbstractBuilder  com.github.javaparser.resolution.UnsolvedSymbolException: Unsolved symbol in de.uka.ilkd.key.java.JavaParserFactory$DynamicTypeSolver@39ac9725 : java.lang.Object
	at com.github.javaparser.resolution.TypeSolver.solveType(TypeSolver.java:71)

101043     ERROR Test worker     d.u.i.k.n.b.TacletPBuilder Error in parsing taclet. de.uka.ilkd.key.util.parsing.BuildingException: Unsolved symbol in de.uka.ilkd.key.java.JavaParserFactory$DynamicTypeSolver@39ac9725 : java.lang.Object at file:/D:/a/key/key/key.core/build/resources/main/de/uka/ilkd/key/proof/rules/javaRules.key:2440:15
	at de.uka.ilkd.key.nparser.builder.AbstractBuilder.accept(AbstractBuilder.java:54)
Caused by: com.github.javaparser.resolution.UnsolvedSymbolException: Unsolved symbol in de.uka.ilkd.key.java.JavaParserFactory$DynamicTypeSolver@39ac9725 : java.lang.Object
	at com.github.javaparser.resolution.TypeSolver.solveType(TypeSolver.java:71)

101043     ERROR Test worker     d.u.i.k.n.b.AbstractBuilder  com.github.javaparser.resolution.UnsolvedSymbolException: Unsolved symbol in de.uka.ilkd.key.java.JavaParserFactory$DynamicTypeSolver@39ac9725 : java.lang.Object
	at com.github.javaparser.resolution.TypeSolver.solveType(TypeSolver.java:71)

101043     ERROR Test worker     d.u.i.k.n.b.TacletPBuilder Error in parsing taclet. de.uka.ilkd.key.util.parsing.BuildingException: Unsolved symbol in de.uka.ilkd.key.java.JavaParserFactory$DynamicTypeSolver@39ac9725 : java.lang.Object at file:/D:/a/key/key/key.core/build/resources/main/de/uka/ilkd/key/proof/rules/javaRules.key:2448:15
	at de.uka.ilkd.key.nparser.builder.AbstractBuilder.accept(AbstractBuilder.java:54)
Caused by: com.github.javaparser.resolution.UnsolvedSymbolException: Unsolved symbol in de.uka.ilkd.key.java.JavaParserFactory$DynamicTypeSolver@39ac9725 : java.lang.Object
	at com.github.javaparser.resolution.TypeSolver.solveType(TypeSolver.java:71)

101043     ERROR Test worker     d.u.i.k.n.b.AbstractBuilder  com.github.javaparser.resolution.UnsolvedSymbolException: Unsolved symbol in de.uka.ilkd.key.java.JavaParserFactory$DynamicTypeSolver@39ac9725 : java.lang.Object
	at com.github.javaparser.resolution.TypeSolver.solveType(TypeSolver.java:71)

101043     ERROR Test worker     d.u.i.k.n.b.TacletPBuilder Error in parsing taclet. de.uka.ilkd.key.util.parsing.BuildingException: Unsolved symbol in de.uka.ilkd.key.java.JavaParserFactory$DynamicTypeSolver@39ac9725 : java.lang.Object at file:/D:/a/key/key/key.core/build/resources/main/de/uka/ilkd/key/proof/rules/javaRules.key:2456:15
	at de.uka.ilkd.key.nparser.builder.AbstractBuilder.accept(AbstractBuilder.java:54)
Caused by: com.github.javaparser.resolution.UnsolvedSymbolException: Unsolved symbol in de.uka.ilkd.key.java.JavaParserFactory$DynamicTypeSolver@39ac9725 : java.lang.Object
	at com.github.javaparser.resolution.TypeSolver.solveType(TypeSolver.java:71)

101043     ERROR Test worker     d.u.i.k.n.b.AbstractBuilder  com.github.javaparser.resolution.UnsolvedSymbolException: Unsolved symbol in de.uka.ilkd.key.java.JavaParserFactory$DynamicTypeSolver@39ac9725 : java.lang.Object
	at com.github.javaparser.resolution.TypeSolver.solveType(TypeSolver.java:71)

101043     ERROR Test worker     d.u.i.k.n.b.TacletPBuilder Error in parsing taclet. de.uka.ilkd.key.util.parsing.BuildingException: Unsolved symbol in de.uka.ilkd.key.java.JavaParserFactory$DynamicTypeSolver@39ac9725 : java.lang.Object at file:/D:/a/key/key/key.core/build/resources/main/de/uka/ilkd/key/proof/rules/javaRules.key:2464:15
	at de.uka.ilkd.key.nparser.builder.AbstractBuilder.accept(AbstractBuilder.java:54)
Caused by: com.github.javaparser.resolution.UnsolvedSymbolException: Unsolved symbol in de.uka.ilkd.key.java.JavaParserFactory$DynamicTypeSolver@39ac9725 : java.lang.Object
	at com.github.javaparser.resolution.TypeSolver.solveType(TypeSolver.java:71)

101043     ERROR Test worker     d.u.i.k.n.b.AbstractBuilder  com.github.javaparser.resolution.UnsolvedSymbolException: Unsolved symbol in de.uka.ilkd.key.java.JavaParserFactory$DynamicTypeSolver@39ac9725 : java.lang.Object
	at com.github.javaparser.resolution.TypeSolver.solveType(TypeSolver.java:71)

101043     ERROR Test worker     d.u.i.k.n.b.TacletPBuilder Error in parsing taclet. de.uka.ilkd.key.util.parsing.BuildingException: Unsolved symbol in de.uka.ilkd.key.java.JavaParserFactory$DynamicTypeSolver@39ac9725 : java.lang.Object at file:/D:/a/key/key/key.core/build/resources/main/de/uka/ilkd/key/proof/rules/javaRules.key:2472:15
	at de.uka.ilkd.key.nparser.builder.AbstractBuilder.accept(AbstractBuilder.java:54)
Caused by: com.github.javaparser.resolution.UnsolvedSymbolException: Unsolved symbol in de.uka.ilkd.key.java.JavaParserFactory$DynamicTypeSolver@39ac9725 : java.lang.Object
	at com.github.javaparser.resolution.TypeSolver.solveType(TypeSolver.java:71)

101043     ERROR Test worker     d.u.i.k.n.b.AbstractBuilder  com.github.javaparser.resolution.UnsolvedSymbolException: Unsolved symbol in de.uka.ilkd.key.java.JavaParserFactory$DynamicTypeSolver@39ac9725 : java.lang.Object
	at com.github.javaparser.resolution.TypeSolver.solveType(TypeSolver.java:71)

101043     ERROR Test worker     d.u.i.k.n.b.TacletPBuilder Error in parsing taclet. de.uka.ilkd.key.util.parsing.BuildingException: Unsolved symbol in de.uka.ilkd.key.java.JavaParserFactory$DynamicTypeSolver@39ac9725 : java.lang.Object at file:/D:/a/key/key/key.core/build/resources/main/de/uka/ilkd/key/proof/rules/javaRules.key:2480:15
	at de.uka.ilkd.key.nparser.builder.AbstractBuilder.accept(AbstractBuilder.java:54)
Caused by: com.github.javaparser.resolution.UnsolvedSymbolException: Unsolved symbol in de.uka.ilkd.key.java.JavaParserFactory$DynamicTypeSolver@39ac9725 : java.lang.Object
	at com.github.javaparser.resolution.TypeSolver.solveType(TypeSolver.java:71)

101043     ERROR Test worker     d.u.i.k.n.b.AbstractBuilder  com.github.javaparser.resolution.UnsolvedSymbolException: Unsolved symbol in de.uka.ilkd.key.java.JavaParserFactory$DynamicTypeSolver@39ac9725 : java.lang.Object
	at com.github.javaparser.resolution.TypeSolver.solveType(TypeSolver.java:71)

101043     ERROR Test worker     d.u.i.k.n.b.TacletPBuilder Error in parsing taclet. de.uka.ilkd.key.util.parsing.BuildingException: Unsolved symbol in de.uka.ilkd.key.java.JavaParserFactory$DynamicTypeSolver@39ac9725 : java.lang.Object at file:/D:/a/key/key/key.core/build/resources/main/de/uka/ilkd/key/proof/rules/javaRules.key:2488:15
	at de.uka.ilkd.key.nparser.builder.AbstractBuilder.accept(AbstractBuilder.java:54)
Caused by: com.github.javaparser.resolution.UnsolvedSymbolException: Unsolved symbol in de.uka.ilkd.key.java.JavaParserFactory$DynamicTypeSolver@39ac9725 : java.lang.Object
	at com.github.javaparser.resolution.TypeSolver.solveType(TypeSolver.java:71)

101043     ERROR Test worker     d.u.i.k.n.b.AbstractBuilder  com.github.javaparser.resolution.UnsolvedSymbolException: Unsolved symbol in de.uka.ilkd.key.java.JavaParserFactory$DynamicTypeSolver@39ac9725 : java.lang.Object
	at com.github.javaparser.resolution.TypeSolver.solveType(TypeSolver.java:71)

101043     ERROR Test worker     d.u.i.k.n.b.TacletPBuilder Error in parsing taclet. de.uka.ilkd.key.util.parsing.BuildingException: Unsolved symbol in de.uka.ilkd.key.java.JavaParserFactory$DynamicTypeSolver@39ac9725 : java.lang.Object at file:/D:/a/key/key/key.core/build/resources/main/de/uka/ilkd/key/proof/rules/javaRules.key:2496:15
	at de.uka.ilkd.key.nparser.builder.AbstractBuilder.accept(AbstractBuilder.java:54)
Caused by: com.github.javaparser.resolution.UnsolvedSymbolException: Unsolved symbol in de.uka.ilkd.key.java.JavaParserFactory$DynamicTypeSolver@39ac9725 : java.lang.Object
	at com.github.javaparser.resolution.TypeSolver.solveType(TypeSolver.java:71)

101043     ERROR Test worker     d.u.i.k.n.b.AbstractBuilder  com.github.javaparser.resolution.UnsolvedSymbolException: Unsolved symbol in de.uka.ilkd.key.java.JavaParserFactory$DynamicTypeSolver@39ac9725 : java.lang.Object
	at com.github.javaparser.resolution.TypeSolver.solveType(TypeSolver.java:71)

101043     ERROR Test worker     d.u.i.k.n.b.TacletPBuilder Error in parsing taclet. de.uka.ilkd.key.util.parsing.BuildingException: Unsolved symbol in de.uka.ilkd.key.java.JavaParserFactory$DynamicTypeSolver@39ac9725 : java.lang.Object at file:/D:/a/key/key/key.core/build/resources/main/de/uka/ilkd/key/proof/rules/javaRules.key:2504:15
	at de.uka.ilkd.key.nparser.builder.AbstractBuilder.accept(AbstractBuilder.java:54)
Caused by: com.github.javaparser.resolution.UnsolvedSymbolException: Unsolved symbol in de.uka.ilkd.key.java.JavaParserFactory$DynamicTypeSolver@39ac9725 : java.lang.Object
	at com.github.javaparser.resolution.TypeSolver.solveType(TypeSolver.java:71)

101058     ERROR Test worker     d.u.i.k.n.b.AbstractBuilder  com.github.javaparser.resolution.UnsolvedSymbolException: Unsolved symbol in de.uka.ilkd.key.java.JavaParserFactory$DynamicTypeSolver@39ac9725 : java.lang.Object
	at com.github.javaparser.resolution.TypeSolver.solveType(TypeSolver.java:71)

101058     ERROR Test worker     d.u.i.k.n.b.TacletPBuilder Error in parsing taclet. de.uka.ilkd.key.util.parsing.BuildingException: Unsolved symbol in de.uka.ilkd.key.java.JavaParserFactory$DynamicTypeSolver@39ac9725 : java.lang.Object at file:/D:/a/key/key/key.core/build/resources/main/de/uka/ilkd/key/proof/rules/javaRules.key:2512:15
	at de.uka.ilkd.key.nparser.builder.AbstractBuilder.accept(AbstractBuilder.java:54)
Caused by: com.github.javaparser.resolution.UnsolvedSymbolException: Unsolved symbol in de.uka.ilkd.key.java.JavaParserFactory$DynamicTypeSolver@39ac9725 : java.lang.Object
	at com.github.javaparser.resolution.TypeSolver.solveType(TypeSolver.java:71)

101058     ERROR Test worker     d.u.i.k.n.b.AbstractBuilder  com.github.javaparser.resolution.UnsolvedSymbolException: Unsolved symbol in de.uka.ilkd.key.java.JavaParserFactory$DynamicTypeSolver@39ac9725 : java.lang.Object
	at com.github.javaparser.resolution.TypeSolver.solveType(TypeSolver.java:71)

101058     ERROR Test worker     d.u.i.k.n.b.TacletPBuilder Error in parsing taclet. de.uka.ilkd.key.util.parsing.BuildingException: Unsolved symbol in de.uka.ilkd.key.java.JavaParserFactory$DynamicTypeSolver@39ac9725 : java.lang.Object at file:/D:/a/key/key/key.core/build/resources/main/de/uka/ilkd/key/proof/rules/javaRules.key:2520:15
	at de.uka.ilkd.key.nparser.builder.AbstractBuilder.accept(AbstractBuilder.java:54)
Caused by: com.github.javaparser.resolution.UnsolvedSymbolException: Unsolved symbol in de.uka.ilkd.key.java.JavaParserFactory$DynamicTypeSolver@39ac9725 : java.lang.Object
	at com.github.javaparser.resolution.TypeSolver.solveType(TypeSolver.java:71)

101058     ERROR Test worker     d.u.i.k.n.b.AbstractBuilder  com.github.javaparser.resolution.UnsolvedSymbolException: Unsolved symbol in de.uka.ilkd.key.java.JavaParserFactory$DynamicTypeSolver@39ac9725 : java.lang.Object
	at com.github.javaparser.resolution.TypeSolver.solveType(TypeSolver.java:71)

101058     ERROR Test worker     d.u.i.k.n.b.TacletPBuilder Error in parsing taclet. de.uka.ilkd.key.util.parsing.BuildingException: Unsolved symbol in de.uka.ilkd.key.java.JavaParserFactory$DynamicTypeSolver@39ac9725 : java.lang.Object at file:/D:/a/key/key/key.core/build/resources/main/de/uka/ilkd/key/proof/rules/javaRules.key:2528:15
	at de.uka.ilkd.key.nparser.builder.AbstractBuilder.accept(AbstractBuilder.java:54)
Caused by: com.github.javaparser.resolution.UnsolvedSymbolException: Unsolved symbol in de.uka.ilkd.key.java.JavaParserFactory$DynamicTypeSolver@39ac9725 : java.lang.Object
	at com.github.javaparser.resolution.TypeSolver.solveType(TypeSolver.java:71)

101058     ERROR Test worker     d.u.i.k.n.b.AbstractBuilder  com.github.javaparser.resolution.UnsolvedSymbolException: Unsolved symbol in de.uka.ilkd.key.java.JavaParserFactory$DynamicTypeSolver@39ac9725 : java.lang.Object
	at com.github.javaparser.resolution.TypeSolver.solveType(TypeSolver.java:71)

101058     ERROR Test worker     d.u.i.k.n.b.TacletPBuilder Error in parsing taclet. de.uka.ilkd.key.util.parsing.BuildingException: Unsolved symbol in de.uka.ilkd.key.java.JavaParserFactory$DynamicTypeSolver@39ac9725 : java.lang.Object at file:/D:/a/key/key/key.core/build/resources/main/de/uka/ilkd/key/proof/rules/javaRules.key:2536:15
	at de.uka.ilkd.key.nparser.builder.AbstractBuilder.accept(AbstractBuilder.java:54)
Caused by: com.github.javaparser.resolution.UnsolvedSymbolException: Unsolved symbol in de.uka.ilkd.key.java.JavaParserFactory$DynamicTypeSolver@39ac9725 : java.lang.Object
	at com.github.javaparser.resolution.TypeSolver.solveType(TypeSolver.java:71)

101058     ERROR Test worker     d.u.i.k.n.b.AbstractBuilder  com.github.javaparser.resolution.UnsolvedSymbolException: Unsolved symbol in de.uka.ilkd.key.java.JavaParserFactory$DynamicTypeSolver@39ac9725 : java.lang.Object
	at com.github.javaparser.resolution.TypeSolver.solveType(TypeSolver.java:71)

101058     ERROR Test worker     d.u.i.k.n.b.TacletPBuilder Error in parsing taclet. de.uka.ilkd.key.util.parsing.BuildingException: Unsolved symbol in de.uka.ilkd.key.java.JavaParserFactory$DynamicTypeSolver@39ac9725 : java.lang.Object at file:/D:/a/key/key/key.core/build/resources/main/de/uka/ilkd/key/proof/rules/javaRules.key:2544:15
	at de.uka.ilkd.key.nparser.builder.AbstractBuilder.accept(AbstractBuilder.java:54)
Caused by: com.github.javaparser.resolution.UnsolvedSymbolException: Unsolved symbol in de.uka.ilkd.key.java.JavaParserFactory$DynamicTypeSolver@39ac9725 : java.lang.Object
	at com.github.javaparser.resolution.TypeSolver.solveType(TypeSolver.java:71)

101058     ERROR Test worker     d.u.i.k.n.b.AbstractBuilder  com.github.javaparser.resolution.UnsolvedSymbolException: Unsolved symbol in de.uka.ilkd.key.java.JavaParserFactory$DynamicTypeSolver@39ac9725 : java.lang.Object
	at com.github.javaparser.resolution.TypeSolver.solveType(TypeSolver.java:71)

101058     ERROR Test worker     d.u.i.k.n.b.TacletPBuilder Error in parsing taclet. de.uka.ilkd.key.util.parsing.BuildingException: Unsolved symbol in de.uka.ilkd.key.java.JavaParserFactory$DynamicTypeSolver@39ac9725 : java.lang.Object at file:/D:/a/key/key/key.core/build/resources/main/de/uka/ilkd/key/proof/rules/javaRules.key:2552:15
	at de.uka.ilkd.key.nparser.builder.AbstractBuilder.accept(AbstractBuilder.java:54)
Caused by: com.github.javaparser.resolution.UnsolvedSymbolException: Unsolved symbol in de.uka.ilkd.key.java.JavaParserFactory$DynamicTypeSolver@39ac9725 : java.lang.Object
	at com.github.javaparser.resolution.TypeSolver.solveType(TypeSolver.java:71)

101058     ERROR Test worker     d.u.i.k.n.b.AbstractBuilder  com.github.javaparser.resolution.UnsolvedSymbolException: Unsolved symbol in de.uka.ilkd.key.java.JavaParserFactory$DynamicTypeSolver@39ac9725 : java.lang.Object
	at com.github.javaparser.resolution.TypeSolver.solveType(TypeSolver.java:71)

101058     ERROR Test worker     d.u.i.k.n.b.TacletPBuilder Error in parsing taclet. de.uka.ilkd.key.util.parsing.BuildingException: Unsolved symbol in de.uka.ilkd.key.java.JavaParserFactory$DynamicTypeSolver@39ac9725 : java.lang.Object at file:/D:/a/key/key/key.core/build/resources/main/de/uka/ilkd/key/proof/rules/javaRules.key:2560:15
	at de.uka.ilkd.key.nparser.builder.AbstractBuilder.accept(AbstractBuilder.java:54)
Caused by: com.github.javaparser.resolution.UnsolvedSymbolException: Unsolved symbol in de.uka.ilkd.key.java.JavaParserFactory$DynamicTypeSolver@39ac9725 : java.lang.Object
	at com.github.javaparser.resolution.TypeSolver.solveType(TypeSolver.java:71)

101058     ERROR Test worker     d.u.i.k.n.b.AbstractBuilder  com.github.javaparser.resolution.UnsolvedSymbolException: Unsolved symbol in de.uka.ilkd.key.java.JavaParserFactory$DynamicTypeSolver@39ac9725 : java.lang.Object
	at com.github.javaparser.resolution.TypeSolver.solveType(TypeSolver.java:71)

101058     ERROR Test worker     d.u.i.k.n.b.TacletPBuilder Error in parsing taclet. de.uka.ilkd.key.util.parsing.BuildingException: Unsolved symbol in de.uka.ilkd.key.java.JavaParserFactory$DynamicTypeSolver@39ac9725 : java.lang.Object at file:/D:/a/key/key/key.core/build/resources/main/de/uka/ilkd/key/proof/rules/javaRules.key:2568:15
	at de.uka.ilkd.key.nparser.builder.AbstractBuilder.accept(AbstractBuilder.java:54)
Caused by: com.github.javaparser.resolution.UnsolvedSymbolException: Unsolved symbol in de.uka.ilkd.key.java.JavaParserFactory$DynamicTypeSolver@39ac9725 : java.lang.Object
	at com.github.javaparser.resolution.TypeSolver.solveType(TypeSolver.java:71)

101058     ERROR Test worker     d.u.i.k.n.b.AbstractBuilder  com.github.javaparser.resolution.UnsolvedSymbolException: Unsolved symbol in de.uka.ilkd.key.java.JavaParserFactory$DynamicTypeSolver@39ac9725 : java.lang.Object
	at com.github.javaparser.resolution.TypeSolver.solveType(TypeSolver.java:71)

101058     ERROR Test worker     d.u.i.k.n.b.TacletPBuilder Error in parsing taclet. de.uka.ilkd.key.util.parsing.BuildingException: Unsolved symbol in de.uka.ilkd.key.java.JavaParserFactory$DynamicTypeSolver@39ac9725 : java.lang.Object at file:/D:/a/key/key/key.core/build/resources/main/de/uka/ilkd/key/proof/rules/javaRules.key:2576:15
	at de.uka.ilkd.key.nparser.builder.AbstractBuilder.accept(AbstractBuilder.java:54)
Caused by: com.github.javaparser.resolution.UnsolvedSymbolException: Unsolved symbol in de.uka.ilkd.key.java.JavaParserFactory$DynamicTypeSolver@39ac9725 : java.lang.Object
	at com.github.javaparser.resolution.TypeSolver.solveType(TypeSolver.java:71)

101058     ERROR Test worker     d.u.i.k.n.b.AbstractBuilder  com.github.javaparser.resolution.UnsolvedSymbolException: Unsolved symbol in de.uka.ilkd.key.java.JavaParserFactory$DynamicTypeSolver@39ac9725 : java.lang.Object
	at com.github.javaparser.resolution.TypeSolver.solveType(TypeSolver.java:71)

101058     ERROR Test worker     d.u.i.k.n.b.TacletPBuilder Error in parsing taclet. de.uka.ilkd.key.util.parsing.BuildingException: Unsolved symbol in de.uka.ilkd.key.java.JavaParserFactory$DynamicTypeSolver@39ac9725 : java.lang.Object at file:/D:/a/key/key/key.core/build/resources/main/de/uka/ilkd/key/proof/rules/javaRules.key:2584:15
	at de.uka.ilkd.key.nparser.builder.AbstractBuilder.accept(AbstractBuilder.java:54)
Caused by: com.github.javaparser.resolution.UnsolvedSymbolException: Unsolved symbol in de.uka.ilkd.key.java.JavaParserFactory$DynamicTypeSolver@39ac9725 : java.lang.Object
	at com.github.javaparser.resolution.TypeSolver.solveType(TypeSolver.java:71)

101075     ERROR Test worker     d.u.i.k.n.b.AbstractBuilder  com.github.javaparser.resolution.UnsolvedSymbolException: Unsolved symbol in de.uka.ilkd.key.java.JavaParserFactory$DynamicTypeSolver@39ac9725 : java.lang.Object
	at com.github.javaparser.resolution.TypeSolver.solveType(TypeSolver.java:71)

101075     ERROR Test worker     d.u.i.k.n.b.TacletPBuilder Error in parsing taclet. de.uka.ilkd.key.util.parsing.BuildingException: Unsolved symbol in de.uka.ilkd.key.java.JavaParserFactory$DynamicTypeSolver@39ac9725 : java.lang.Object at file:/D:/a/key/key/key.core/build/resources/main/de/uka/ilkd/key/proof/rules/javaRules.key:2592:15
	at de.uka.ilkd.key.nparser.builder.AbstractBuilder.accept(AbstractBuilder.java:54)
Caused by: com.github.javaparser.resolution.UnsolvedSymbolException: Unsolved symbol in de.uka.ilkd.key.java.JavaParserFactory$DynamicTypeSolver@39ac9725 : java.lang.Object
	at com.github.javaparser.resolution.TypeSolver.solveType(TypeSolver.java:71)

101076     ERROR Test worker     d.u.i.k.n.b.AbstractBuilder  com.github.javaparser.resolution.UnsolvedSymbolException: Unsolved symbol in de.uka.ilkd.key.java.JavaParserFactory$DynamicTypeSolver@39ac9725 : java.lang.Object
	at com.github.javaparser.resolution.TypeSolver.solveType(TypeSolver.java:71)

101076     ERROR Test worker     d.u.i.k.n.b.TacletPBuilder Error in parsing taclet. de.uka.ilkd.key.util.parsing.BuildingException: Unsolved symbol in de.uka.ilkd.key.java.JavaParserFactory$DynamicTypeSolver@39ac9725 : java.lang.Object at file:/D:/a/key/key/key.core/build/resources/main/de/uka/ilkd/key/proof/rules/javaRules.key:2600:15
	at de.uka.ilkd.key.nparser.builder.AbstractBuilder.accept(AbstractBuilder.java:54)
Caused by: com.github.javaparser.resolution.UnsolvedSymbolException: Unsolved symbol in de.uka.ilkd.key.java.JavaParserFactory$DynamicTypeSolver@39ac9725 : java.lang.Object
	at com.github.javaparser.resolution.TypeSolver.solveType(TypeSolver.java:71)

101078     ERROR Test worker     d.u.i.k.n.b.AbstractBuilder  com.github.javaparser.resolution.UnsolvedSymbolException: Unsolved symbol in de.uka.ilkd.key.java.JavaParserFactory$DynamicTypeSolver@39ac9725 : java.lang.Object
	at com.github.javaparser.resolution.TypeSolver.solveType(TypeSolver.java:71)

101078     ERROR Test worker     d.u.i.k.n.b.TacletPBuilder Error in parsing taclet. de.uka.ilkd.key.util.parsing.BuildingException: Unsolved symbol in de.uka.ilkd.key.java.JavaParserFactory$DynamicTypeSolver@39ac9725 : java.lang.Object at file:/D:/a/key/key/key.core/build/resources/main/de/uka/ilkd/key/proof/rules/javaRules.key:2608:15
	at de.uka.ilkd.key.nparser.builder.AbstractBuilder.accept(AbstractBuilder.java:54)
Caused by: com.github.javaparser.resolution.UnsolvedSymbolException: Unsolved symbol in de.uka.ilkd.key.java.JavaParserFactory$DynamicTypeSolver@39ac9725 : java.lang.Object
	at com.github.javaparser.resolution.TypeSolver.solveType(TypeSolver.java:71)

101079     ERROR Test worker     d.u.i.k.n.b.AbstractBuilder  com.github.javaparser.resolution.UnsolvedSymbolException: Unsolved symbol in de.uka.ilkd.key.java.JavaParserFactory$DynamicTypeSolver@39ac9725 : java.lang.Object
	at com.github.javaparser.resolution.TypeSolver.solveType(TypeSolver.java:71)

101080     ERROR Test worker     d.u.i.k.n.b.TacletPBuilder Error in parsing taclet. de.uka.ilkd.key.util.parsing.BuildingException: Unsolved symbol in de.uka.ilkd.key.java.JavaParserFactory$DynamicTypeSolver@39ac9725 : java.lang.Object at file:/D:/a/key/key/key.core/build/resources/main/de/uka/ilkd/key/proof/rules/javaRules.key:2616:15
	at de.uka.ilkd.key.nparser.builder.AbstractBuilder.accept(AbstractBuilder.java:54)
Caused by: com.github.javaparser.resolution.UnsolvedSymbolException: Unsolved symbol in de.uka.ilkd.key.java.JavaParserFactory$DynamicTypeSolver@39ac9725 : java.lang.Object
	at com.github.javaparser.resolution.TypeSolver.solveType(TypeSolver.java:71)

101081     ERROR Test worker     d.u.i.k.n.b.AbstractBuilder  com.github.javaparser.resolution.UnsolvedSymbolException: Unsolved symbol in de.uka.ilkd.key.java.JavaParserFactory$DynamicTypeSolver@39ac9725 : java.lang.Object
	at com.github.javaparser.resolution.TypeSolver.solveType(TypeSolver.java:71)

101081     ERROR Test worker     d.u.i.k.n.b.TacletPBuilder Error in parsing taclet. de.uka.ilkd.key.util.parsing.BuildingException: Unsolved symbol in de.uka.ilkd.key.java.JavaParserFactory$DynamicTypeSolver@39ac9725 : java.lang.Object at file:/D:/a/key/key/key.core/build/resources/main/de/uka/ilkd/key/proof/rules/javaRules.key:2624:15
	at de.uka.ilkd.key.nparser.builder.AbstractBuilder.accept(AbstractBuilder.java:54)
Caused by: com.github.javaparser.resolution.UnsolvedSymbolException: Unsolved symbol in de.uka.ilkd.key.java.JavaParserFactory$DynamicTypeSolver@39ac9725 : java.lang.Object
	at com.github.javaparser.resolution.TypeSolver.solveType(TypeSolver.java:71)

101081     ERROR Test worker     d.u.i.k.n.b.AbstractBuilder  com.github.javaparser.resolution.UnsolvedSymbolException: Unsolved symbol in de.uka.ilkd.key.java.JavaParserFactory$DynamicTypeSolver@39ac9725 : java.lang.Object
	at com.github.javaparser.resolution.TypeSolver.solveType(TypeSolver.java:71)

101081     ERROR Test worker     d.u.i.k.n.b.TacletPBuilder Error in parsing taclet. de.uka.ilkd.key.util.parsing.BuildingException: Unsolved symbol in de.uka.ilkd.key.java.JavaParserFactory$DynamicTypeSolver@39ac9725 : java.lang.Object at file:/D:/a/key/key/key.core/build/resources/main/de/uka/ilkd/key/proof/rules/javaRules.key:2632:15
	at de.uka.ilkd.key.nparser.builder.AbstractBuilder.accept(AbstractBuilder.java:54)
Caused by: com.github.javaparser.resolution.UnsolvedSymbolException: Unsolved symbol in de.uka.ilkd.key.java.JavaParserFactory$DynamicTypeSolver@39ac9725 : java.lang.Object
	at com.github.javaparser.resolution.TypeSolver.solveType(TypeSolver.java:71)

101081     ERROR Test worker     d.u.i.k.n.b.AbstractBuilder  com.github.javaparser.resolution.UnsolvedSymbolException: Unsolved symbol in de.uka.ilkd.key.java.JavaParserFactory$DynamicTypeSolver@39ac9725 : java.lang.Object
	at com.github.javaparser.resolution.TypeSolver.solveType(TypeSolver.java:71)

101081     ERROR Test worker     d.u.i.k.n.b.TacletPBuilder Error in parsing taclet. de.uka.ilkd.key.util.parsing.BuildingException: Unsolved symbol in de.uka.ilkd.key.java.JavaParserFactory$DynamicTypeSolver@39ac9725 : java.lang.Object at file:/D:/a/key/key/key.core/build/resources/main/de/uka/ilkd/key/proof/rules/javaRules.key:2640:15
	at de.uka.ilkd.key.nparser.builder.AbstractBuilder.accept(AbstractBuilder.java:54)
Caused by: com.github.javaparser.resolution.UnsolvedSymbolException: Unsolved symbol in de.uka.ilkd.key.java.JavaParserFactory$DynamicTypeSolver@39ac9725 : java.lang.Object
	at com.github.javaparser.resolution.TypeSolver.solveType(TypeSolver.java:71)

101081     ERROR Test worker     d.u.i.k.n.b.AbstractBuilder  com.github.javaparser.resolution.UnsolvedSymbolException: Unsolved symbol in de.uka.ilkd.key.java.JavaParserFactory$DynamicTypeSolver@39ac9725 : java.lang.Object
	at com.github.javaparser.resolution.TypeSolver.solveType(TypeSolver.java:71)

101081     ERROR Test worker     d.u.i.k.n.b.TacletPBuilder Error in parsing taclet. de.uka.ilkd.key.util.parsing.BuildingException: Unsolved symbol in de.uka.ilkd.key.java.JavaParserFactory$DynamicTypeSolver@39ac9725 : java.lang.Object at file:/D:/a/key/key/key.core/build/resources/main/de/uka/ilkd/key/proof/rules/javaRules.key:2648:15
	at de.uka.ilkd.key.nparser.builder.AbstractBuilder.accept(AbstractBuilder.java:54)
Caused by: com.github.javaparser.resolution.UnsolvedSymbolException: Unsolved symbol in de.uka.ilkd.key.java.JavaParserFactory$DynamicTypeSolver@39ac9725 : java.lang.Object
	at com.github.javaparser.resolution.TypeSolver.solveType(TypeSolver.java:71)

101081     ERROR Test worker     d.u.i.k.n.b.AbstractBuilder  com.github.javaparser.resolution.UnsolvedSymbolException: Unsolved symbol in de.uka.ilkd.key.java.JavaParserFactory$DynamicTypeSolver@39ac9725 : java.lang.Object
	at com.github.javaparser.resolution.TypeSolver.solveType(TypeSolver.java:71)

101081     ERROR Test worker     d.u.i.k.n.b.TacletPBuilder Error in parsing taclet. de.uka.ilkd.key.util.parsing.BuildingException: Unsolved symbol in de.uka.ilkd.key.java.JavaParserFactory$DynamicTypeSolver@39ac9725 : java.lang.Object at file:/D:/a/key/key/key.core/build/resources/main/de/uka/ilkd/key/proof/rules/javaRules.key:2663:15
	at de.uka.ilkd.key.nparser.builder.AbstractBuilder.accept(AbstractBuilder.java:54)
Caused by: com.github.javaparser.resolution.UnsolvedSymbolException: Unsolved symbol in de.uka.ilkd.key.java.JavaParserFactory$DynamicTypeSolver@39ac9725 : java.lang.Object
	at com.github.javaparser.resolution.TypeSolver.solveType(TypeSolver.java:71)

101081     ERROR Test worker     d.u.i.k.n.b.AbstractBuilder  com.github.javaparser.resolution.UnsolvedSymbolException: Unsolved symbol in de.uka.ilkd.key.java.JavaParserFactory$DynamicTypeSolver@39ac9725 : java.lang.Object
	at com.github.javaparser.resolution.TypeSolver.solveType(TypeSolver.java:71)

101081     ERROR Test worker     d.u.i.k.n.b.TacletPBuilder Error in parsing taclet. de.uka.ilkd.key.util.parsing.BuildingException: Unsolved symbol in de.uka.ilkd.key.java.JavaParserFactory$DynamicTypeSolver@39ac9725 : java.lang.Object at file:/D:/a/key/key/key.core/build/resources/main/de/uka/ilkd/key/proof/rules/javaRules.key:2670:15
	at de.uka.ilkd.key.nparser.builder.AbstractBuilder.accept(AbstractBuilder.java:54)
Caused by: com.github.javaparser.resolution.UnsolvedSymbolException: Unsolved symbol in de.uka.ilkd.key.java.JavaParserFactory$DynamicTypeSolver@39ac9725 : java.lang.Object
	at com.github.javaparser.resolution.TypeSolver.solveType(TypeSolver.java:71)

101081     ERROR Test worker     d.u.i.k.n.b.AbstractBuilder  com.github.javaparser.resolution.UnsolvedSymbolException: Unsolved symbol in de.uka.ilkd.key.java.JavaParserFactory$DynamicTypeSolver@39ac9725 : java.lang.Object
	at com.github.javaparser.resolution.TypeSolver.solveType(TypeSolver.java:71)

101081     ERROR Test worker     d.u.i.k.n.b.TacletPBuilder Error in parsing taclet. de.uka.ilkd.key.util.parsing.BuildingException: Unsolved symbol in de.uka.ilkd.key.java.JavaParserFactory$DynamicTypeSolver@39ac9725 : java.lang.Object at file:/D:/a/key/key/key.core/build/resources/main/de/uka/ilkd/key/proof/rules/javaRules.key:2678:15
	at de.uka.ilkd.key.nparser.builder.AbstractBuilder.accept(AbstractBuilder.java:54)
Caused by: com.github.javaparser.resolution.UnsolvedSymbolException: Unsolved symbol in de.uka.ilkd.key.java.JavaParserFactory$DynamicTypeSolver@39ac9725 : java.lang.Object
	at com.github.javaparser.resolution.TypeSolver.solveType(TypeSolver.java:71)

101081     ERROR Test worker     d.u.i.k.n.b.AbstractBuilder  com.github.javaparser.resolution.UnsolvedSymbolException: Unsolved symbol in de.uka.ilkd.key.java.JavaParserFactory$DynamicTypeSolver@39ac9725 : java.lang.Object
	at com.github.javaparser.resolution.TypeSolver.solveType(TypeSolver.java:71)

101081     ERROR Test worker     d.u.i.k.n.b.TacletPBuilder Error in parsing taclet. de.uka.ilkd.key.util.parsing.BuildingException: Unsolved symbol in de.uka.ilkd.key.java.JavaParserFactory$DynamicTypeSolver@39ac9725 : java.lang.Object at file:/D:/a/key/key/key.core/build/resources/main/de/uka/ilkd/key/proof/rules/javaRules.key:2685:15
	at de.uka.ilkd.key.nparser.builder.AbstractBuilder.accept(AbstractBuilder.java:54)
Caused by: com.github.javaparser.resolution.UnsolvedSymbolException: Unsolved symbol in de.uka.ilkd.key.java.JavaParserFactory$DynamicTypeSolver@39ac9725 : java.lang.Object
	at com.github.javaparser.resolution.TypeSolver.solveType(TypeSolver.java:71)

101081     ERROR Test worker     d.u.i.k.n.b.AbstractBuilder  com.github.javaparser.resolution.UnsolvedSymbolException: Unsolved symbol in de.uka.ilkd.key.java.JavaParserFactory$DynamicTypeSolver@39ac9725 : java.lang.Object
	at com.github.javaparser.resolution.TypeSolver.solveType(TypeSolver.java:71)

101081     ERROR Test worker     d.u.i.k.n.b.TacletPBuilder Error in parsing taclet. de.uka.ilkd.key.util.parsing.BuildingException: Unsolved symbol in de.uka.ilkd.key.java.JavaParserFactory$DynamicTypeSolver@39ac9725 : java.lang.Object at file:/D:/a/key/key/key.core/build/resources/main/de/uka/ilkd/key/proof/rules/javaRules.key:2693:15
	at de.uka.ilkd.key.nparser.builder.AbstractBuilder.accept(AbstractBuilder.java:54)
Caused by: com.github.javaparser.resolution.UnsolvedSymbolException: Unsolved symbol in de.uka.ilkd.key.java.JavaParserFactory$DynamicTypeSolver@39ac9725 : java.lang.Object
	at com.github.javaparser.resolution.TypeSolver.solveType(TypeSolver.java:71)

101081     ERROR Test worker     d.u.i.k.n.b.AbstractBuilder  com.github.javaparser.resolution.UnsolvedSymbolException: Unsolved symbol in de.uka.ilkd.key.java.JavaParserFactory$DynamicTypeSolver@39ac9725 : java.lang.Object
	at com.github.javaparser.resolution.TypeSolver.solveType(TypeSolver.java:71)

101081     ERROR Test worker     d.u.i.k.n.b.TacletPBuilder Error in parsing taclet. de.uka.ilkd.key.util.parsing.BuildingException: Unsolved symbol in de.uka.ilkd.key.java.JavaParserFactory$DynamicTypeSolver@39ac9725 : java.lang.Object at file:/D:/a/key/key/key.core/build/resources/main/de/uka/ilkd/key/proof/rules/javaRules.key:2701:15
	at de.uka.ilkd.key.nparser.builder.AbstractBuilder.accept(AbstractBuilder.java:54)
Caused by: com.github.javaparser.resolution.UnsolvedSymbolException: Unsolved symbol in de.uka.ilkd.key.java.JavaParserFactory$DynamicTypeSolver@39ac9725 : java.lang.Object
	at com.github.javaparser.resolution.TypeSolver.solveType(TypeSolver.java:71)

101097     ERROR Test worker     d.u.i.k.n.b.AbstractBuilder  com.github.javaparser.resolution.UnsolvedSymbolException: Unsolved symbol in de.uka.ilkd.key.java.JavaParserFactory$DynamicTypeSolver@39ac9725 : java.lang.Object
	at com.github.javaparser.resolution.TypeSolver.solveType(TypeSolver.java:71)

101097     ERROR Test worker     d.u.i.k.n.b.TacletPBuilder Error in parsing taclet. de.uka.ilkd.key.util.parsing.BuildingException: Unsolved symbol in de.uka.ilkd.key.java.JavaParserFactory$DynamicTypeSolver@39ac9725 : java.lang.Object at file:/D:/a/key/key/key.core/build/resources/main/de/uka/ilkd/key/proof/rules/javaRules.key:2710:15
	at de.uka.ilkd.key.nparser.builder.AbstractBuilder.accept(AbstractBuilder.java:54)
Caused by: com.github.javaparser.resolution.UnsolvedSymbolException: Unsolved symbol in de.uka.ilkd.key.java.JavaParserFactory$DynamicTypeSolver@39ac9725 : java.lang.Object
	at com.github.javaparser.resolution.TypeSolver.solveType(TypeSolver.java:71)

101097     ERROR Test worker     d.u.i.k.n.b.AbstractBuilder  com.github.javaparser.resolution.UnsolvedSymbolException: Unsolved symbol in de.uka.ilkd.key.java.JavaParserFactory$DynamicTypeSolver@39ac9725 : java.lang.Object
	at com.github.javaparser.resolution.TypeSolver.solveType(TypeSolver.java:71)

101097     ERROR Test worker     d.u.i.k.n.b.TacletPBuilder Error in parsing taclet. de.uka.ilkd.key.util.parsing.BuildingException: Unsolved symbol in de.uka.ilkd.key.java.JavaParserFactory$DynamicTypeSolver@39ac9725 : java.lang.Object at file:/D:/a/key/key/key.core/build/resources/main/de/uka/ilkd/key/proof/rules/javaRules.key:2718:15
	at de.uka.ilkd.key.nparser.builder.AbstractBuilder.accept(AbstractBuilder.java:54)
Caused by: com.github.javaparser.resolution.UnsolvedSymbolException: Unsolved symbol in de.uka.ilkd.key.java.JavaParserFactory$DynamicTypeSolver@39ac9725 : java.lang.Object
	at com.github.javaparser.resolution.TypeSolver.solveType(TypeSolver.java:71)

101097     ERROR Test worker     d.u.i.k.n.b.AbstractBuilder  com.github.javaparser.resolution.UnsolvedSymbolException: Unsolved symbol in de.uka.ilkd.key.java.JavaParserFactory$DynamicTypeSolver@39ac9725 : java.lang.Object
	at com.github.javaparser.resolution.TypeSolver.solveType(TypeSolver.java:71)

101097     ERROR Test worker     d.u.i.k.n.b.TacletPBuilder Error in parsing taclet. de.uka.ilkd.key.util.parsing.BuildingException: Unsolved symbol in de.uka.ilkd.key.java.JavaParserFactory$DynamicTypeSolver@39ac9725 : java.lang.Object at file:/D:/a/key/key/key.core/build/resources/main/de/uka/ilkd/key/proof/rules/javaRules.key:2725:15
	at de.uka.ilkd.key.nparser.builder.AbstractBuilder.accept(AbstractBuilder.java:54)
Caused by: com.github.javaparser.resolution.UnsolvedSymbolException: Unsolved symbol in de.uka.ilkd.key.java.JavaParserFactory$DynamicTypeSolver@39ac9725 : java.lang.Object
	at com.github.javaparser.resolution.TypeSolver.solveType(TypeSolver.java:71)

101097     ERROR Test worker     d.u.i.k.n.b.AbstractBuilder  com.github.javaparser.resolution.UnsolvedSymbolException: Unsolved symbol in de.uka.ilkd.key.java.JavaParserFactory$DynamicTypeSolver@39ac9725 : java.lang.Object
	at com.github.javaparser.resolution.TypeSolver.solveType(TypeSolver.java:71)

101097     ERROR Test worker     d.u.i.k.n.b.TacletPBuilder Error in parsing taclet. de.uka.ilkd.key.util.parsing.BuildingException: Unsolved symbol in de.uka.ilkd.key.java.JavaParserFactory$DynamicTypeSolver@39ac9725 : java.lang.Object at file:/D:/a/key/key/key.core/build/resources/main/de/uka/ilkd/key/proof/rules/javaRules.key:2733:15
	at de.uka.ilkd.key.nparser.builder.AbstractBuilder.accept(AbstractBuilder.java:54)
Caused by: com.github.javaparser.resolution.UnsolvedSymbolException: Unsolved symbol in de.uka.ilkd.key.java.JavaParserFactory$DynamicTypeSolver@39ac9725 : java.lang.Object
	at com.github.javaparser.resolution.TypeSolver.solveType(TypeSolver.java:71)

101097     ERROR Test worker     d.u.i.k.n.b.AbstractBuilder  com.github.javaparser.resolution.UnsolvedSymbolException: Unsolved symbol in de.uka.ilkd.key.java.JavaParserFactory$DynamicTypeSolver@39ac9725 : java.lang.Object
	at com.github.javaparser.resolution.TypeSolver.solveType(TypeSolver.java:71)

101097     ERROR Test worker     d.u.i.k.n.b.TacletPBuilder Error in parsing taclet. de.uka.ilkd.key.util.parsing.BuildingException: Unsolved symbol in de.uka.ilkd.key.java.JavaParserFactory$DynamicTypeSolver@39ac9725 : java.lang.Object at file:/D:/a/key/key/key.core/build/resources/main/de/uka/ilkd/key/proof/rules/javaRules.key:2741:15
	at de.uka.ilkd.key.nparser.builder.AbstractBuilder.accept(AbstractBuilder.java:54)
Caused by: com.github.javaparser.resolution.UnsolvedSymbolException: Unsolved symbol in de.uka.ilkd.key.java.JavaParserFactory$DynamicTypeSolver@39ac9725 : java.lang.Object
	at com.github.javaparser.resolution.TypeSolver.solveType(TypeSolver.java:71)

101097     ERROR Test worker     d.u.i.k.n.b.AbstractBuilder  com.github.javaparser.resolution.UnsolvedSymbolException: Unsolved symbol in de.uka.ilkd.key.java.JavaParserFactory$DynamicTypeSolver@39ac9725 : java.lang.Object
	at com.github.javaparser.resolution.TypeSolver.solveType(TypeSolver.java:71)

101097     ERROR Test worker     d.u.i.k.n.b.TacletPBuilder Error in parsing taclet. de.uka.ilkd.key.util.parsing.BuildingException: Unsolved symbol in de.uka.ilkd.key.java.JavaParserFactory$DynamicTypeSolver@39ac9725 : java.lang.Object at file:/D:/a/key/key/key.core/build/resources/main/de/uka/ilkd/key/proof/rules/javaRules.key:2750:15
	at de.uka.ilkd.key.nparser.builder.AbstractBuilder.accept(AbstractBuilder.java:54)
Caused by: com.github.javaparser.resolution.UnsolvedSymbolException: Unsolved symbol in de.uka.ilkd.key.java.JavaParserFactory$DynamicTypeSolver@39ac9725 : java.lang.Object
	at com.github.javaparser.resolution.TypeSolver.solveType(TypeSolver.java:71)

101097     ERROR Test worker     d.u.i.k.n.b.AbstractBuilder  com.github.javaparser.resolution.UnsolvedSymbolException: Unsolved symbol in de.uka.ilkd.key.java.JavaParserFactory$DynamicTypeSolver@39ac9725 : java.lang.Object
	at com.github.javaparser.resolution.TypeSolver.solveType(TypeSolver.java:71)

101097     ERROR Test worker     d.u.i.k.n.b.TacletPBuilder Error in parsing taclet. de.uka.ilkd.key.util.parsing.BuildingException: Unsolved symbol in de.uka.ilkd.key.java.JavaParserFactory$DynamicTypeSolver@39ac9725 : java.lang.Object at file:/D:/a/key/key/key.core/build/resources/main/de/uka/ilkd/key/proof/rules/javaRules.key:2758:15
	at de.uka.ilkd.key.nparser.builder.AbstractBuilder.accept(AbstractBuilder.java:54)
Caused by: com.github.javaparser.resolution.UnsolvedSymbolException: Unsolved symbol in de.uka.ilkd.key.java.JavaParserFactory$DynamicTypeSolver@39ac9725 : java.lang.Object
	at com.github.javaparser.resolution.TypeSolver.solveType(TypeSolver.java:71)

101097     ERROR Test worker     d.u.i.k.n.b.AbstractBuilder  com.github.javaparser.resolution.UnsolvedSymbolException: Unsolved symbol in de.uka.ilkd.key.java.JavaParserFactory$DynamicTypeSolver@39ac9725 : java.lang.Object
	at com.github.javaparser.resolution.TypeSolver.solveType(TypeSolver.java:71)

101097     ERROR Test worker     d.u.i.k.n.b.TacletPBuilder Error in parsing taclet. de.uka.ilkd.key.util.parsing.BuildingException: Unsolved symbol in de.uka.ilkd.key.java.JavaParserFactory$DynamicTypeSolver@39ac9725 : java.lang.Object at file:/D:/a/key/key/key.core/build/resources/main/de/uka/ilkd/key/proof/rules/javaRules.key:2767:15
	at de.uka.ilkd.key.nparser.builder.AbstractBuilder.accept(AbstractBuilder.java:54)
Caused by: com.github.javaparser.resolution.UnsolvedSymbolException: Unsolved symbol in de.uka.ilkd.key.java.JavaParserFactory$DynamicTypeSolver@39ac9725 : java.lang.Object
	at com.github.javaparser.resolution.TypeSolver.solveType(TypeSolver.java:71)

101097     ERROR Test worker     d.u.i.k.n.b.AbstractBuilder  com.github.javaparser.resolution.UnsolvedSymbolException: Unsolved symbol in de.uka.ilkd.key.java.JavaParserFactory$DynamicTypeSolver@39ac9725 : java.lang.Object
	at com.github.javaparser.resolution.TypeSolver.solveType(TypeSolver.java:71)

101097     ERROR Test worker     d.u.i.k.n.b.TacletPBuilder Error in parsing taclet. de.uka.ilkd.key.util.parsing.BuildingException: Unsolved symbol in de.uka.ilkd.key.java.JavaParserFactory$DynamicTypeSolver@39ac9725 : java.lang.Object at file:/D:/a/key/key/key.core/build/resources/main/de/uka/ilkd/key/proof/rules/javaRules.key:2779:15
	at de.uka.ilkd.key.nparser.builder.AbstractBuilder.accept(AbstractBuilder.java:54)
Caused by: com.github.javaparser.resolution.UnsolvedSymbolException: Unsolved symbol in de.uka.ilkd.key.java.JavaParserFactory$DynamicTypeSolver@39ac9725 : java.lang.Object
	at com.github.javaparser.resolution.TypeSolver.solveType(TypeSolver.java:71)

101097     ERROR Test worker     d.u.i.k.n.b.AbstractBuilder  com.github.javaparser.resolution.UnsolvedSymbolException: Unsolved symbol in de.uka.ilkd.key.java.JavaParserFactory$DynamicTypeSolver@39ac9725 : java.lang.Object
	at com.github.javaparser.resolution.TypeSolver.solveType(TypeSolver.java:71)

101097     ERROR Test worker     d.u.i.k.n.b.TacletPBuilder Error in parsing taclet. de.uka.ilkd.key.util.parsing.BuildingException: Unsolved symbol in de.uka.ilkd.key.java.JavaParserFactory$DynamicTypeSolver@39ac9725 : java.lang.Object at file:/D:/a/key/key/key.core/build/resources/main/de/uka/ilkd/key/proof/rules/javaRules.key:2789:15
	at de.uka.ilkd.key.nparser.builder.AbstractBuilder.accept(AbstractBuilder.java:54)
Caused by: com.github.javaparser.resolution.UnsolvedSymbolException: Unsolved symbol in de.uka.ilkd.key.java.JavaParserFactory$DynamicTypeSolver@39ac9725 : java.lang.Object
	at com.github.javaparser.resolution.TypeSolver.solveType(TypeSolver.java:71)

101113     ERROR Test worker     d.u.i.k.n.b.AbstractBuilder  com.github.javaparser.resolution.UnsolvedSymbolException: Unsolved symbol in de.uka.ilkd.key.java.JavaParserFactory$DynamicTypeSolver@39ac9725 : java.lang.Object
	at com.github.javaparser.resolution.TypeSolver.solveType(TypeSolver.java:71)

101113     ERROR Test worker     d.u.i.k.n.b.TacletPBuilder Error in parsing taclet. de.uka.ilkd.key.util.parsing.BuildingException: Unsolved symbol in de.uka.ilkd.key.java.JavaParserFactory$DynamicTypeSolver@39ac9725 : java.lang.Object at file:/D:/a/key/key/key.core/build/resources/main/de/uka/ilkd/key/proof/rules/javaRules.key:2802:15
	at de.uka.ilkd.key.nparser.builder.AbstractBuilder.accept(AbstractBuilder.java:54)
Caused by: com.github.javaparser.resolution.UnsolvedSymbolException: Unsolved symbol in de.uka.ilkd.key.java.JavaParserFactory$DynamicTypeSolver@39ac9725 : java.lang.Object
	at com.github.javaparser.resolution.TypeSolver.solveType(TypeSolver.java:71)

101113     ERROR Test worker     d.u.i.k.n.b.AbstractBuilder  com.github.javaparser.resolution.UnsolvedSymbolException: Unsolved symbol in de.uka.ilkd.key.java.JavaParserFactory$DynamicTypeSolver@39ac9725 : java.lang.Object
	at com.github.javaparser.resolution.TypeSolver.solveType(TypeSolver.java:71)

101113     ERROR Test worker     d.u.i.k.n.b.TacletPBuilder Error in parsing taclet. de.uka.ilkd.key.util.parsing.BuildingException: Unsolved symbol in de.uka.ilkd.key.java.JavaParserFactory$DynamicTypeSolver@39ac9725 : java.lang.Object at file:/D:/a/key/key/key.core/build/resources/main/de/uka/ilkd/key/proof/rules/javaRules.key:2816:15
	at de.uka.ilkd.key.nparser.builder.AbstractBuilder.accept(AbstractBuilder.java:54)
Caused by: com.github.javaparser.resolution.UnsolvedSymbolException: Unsolved symbol in de.uka.ilkd.key.java.JavaParserFactory$DynamicTypeSolver@39ac9725 : java.lang.Object
	at com.github.javaparser.resolution.TypeSolver.solveType(TypeSolver.java:71)

101113     ERROR Test worker     d.u.i.k.n.b.AbstractBuilder  com.github.javaparser.resolution.UnsolvedSymbolException: Unsolved symbol in de.uka.ilkd.key.java.JavaParserFactory$DynamicTypeSolver@39ac9725 : java.lang.Object
	at com.github.javaparser.resolution.TypeSolver.solveType(TypeSolver.java:71)

101113     ERROR Test worker     d.u.i.k.n.b.TacletPBuilder Error in parsing taclet. de.uka.ilkd.key.util.parsing.BuildingException: Unsolved symbol in de.uka.ilkd.key.java.JavaParserFactory$DynamicTypeSolver@39ac9725 : java.lang.Object at file:/D:/a/key/key/key.core/build/resources/main/de/uka/ilkd/key/proof/rules/javaRules.key:2828:15
	at de.uka.ilkd.key.nparser.builder.AbstractBuilder.accept(AbstractBuilder.java:54)
Caused by: com.github.javaparser.resolution.UnsolvedSymbolException: Unsolved symbol in de.uka.ilkd.key.java.JavaParserFactory$DynamicTypeSolver@39ac9725 : java.lang.Object
	at com.github.javaparser.resolution.TypeSolver.solveType(TypeSolver.java:71)

101113     ERROR Test worker     d.u.i.k.n.b.AbstractBuilder  com.github.javaparser.resolution.UnsolvedSymbolException: Unsolved symbol in de.uka.ilkd.key.java.JavaParserFactory$DynamicTypeSolver@39ac9725 : java.lang.Object
	at com.github.javaparser.resolution.TypeSolver.solveType(TypeSolver.java:71)

101113     ERROR Test worker     d.u.i.k.n.b.TacletPBuilder Error in parsing taclet. de.uka.ilkd.key.util.parsing.BuildingException: Unsolved symbol in de.uka.ilkd.key.java.JavaParserFactory$DynamicTypeSolver@39ac9725 : java.lang.Object at file:/D:/a/key/key/key.core/build/resources/main/de/uka/ilkd/key/proof/rules/javaRules.key:2838:15
	at de.uka.ilkd.key.nparser.builder.AbstractBuilder.accept(AbstractBuilder.java:54)
Caused by: com.github.javaparser.resolution.UnsolvedSymbolException: Unsolved symbol in de.uka.ilkd.key.java.JavaParserFactory$DynamicTypeSolver@39ac9725 : java.lang.Object
	at com.github.javaparser.resolution.TypeSolver.solveType(TypeSolver.java:71)

101113     ERROR Test worker     d.u.i.k.n.b.AbstractBuilder  com.github.javaparser.resolution.UnsolvedSymbolException: Unsolved symbol in de.uka.ilkd.key.java.JavaParserFactory$DynamicTypeSolver@39ac9725 : java.lang.Object
	at com.github.javaparser.resolution.TypeSolver.solveType(TypeSolver.java:71)

101113     ERROR Test worker     d.u.i.k.n.b.TacletPBuilder Error in parsing taclet. de.uka.ilkd.key.util.parsing.BuildingException: Unsolved symbol in de.uka.ilkd.key.java.JavaParserFactory$DynamicTypeSolver@39ac9725 : java.lang.Object at file:/D:/a/key/key/key.core/build/resources/main/de/uka/ilkd/key/proof/rules/javaRules.key:2849:15
	at de.uka.ilkd.key.nparser.builder.AbstractBuilder.accept(AbstractBuilder.java:54)
Caused by: com.github.javaparser.resolution.UnsolvedSymbolException: Unsolved symbol in de.uka.ilkd.key.java.JavaParserFactory$DynamicTypeSolver@39ac9725 : java.lang.Object
	at com.github.javaparser.resolution.TypeSolver.solveType(TypeSolver.java:71)

101113     ERROR Test worker     d.u.i.k.n.b.AbstractBuilder  com.github.javaparser.resolution.UnsolvedSymbolException: Unsolved symbol in de.uka.ilkd.key.java.JavaParserFactory$DynamicTypeSolver@39ac9725 : java.lang.Object
	at com.github.javaparser.resolution.TypeSolver.solveType(TypeSolver.java:71)

101113     ERROR Test worker     d.u.i.k.n.b.TacletPBuilder Error in parsing taclet. de.uka.ilkd.key.util.parsing.BuildingException: Unsolved symbol in de.uka.ilkd.key.java.JavaParserFactory$DynamicTypeSolver@39ac9725 : java.lang.Object at file:/D:/a/key/key/key.core/build/resources/main/de/uka/ilkd/key/proof/rules/javaRules.key:2860:15
	at de.uka.ilkd.key.nparser.builder.AbstractBuilder.accept(AbstractBuilder.java:54)
Caused by: com.github.javaparser.resolution.UnsolvedSymbolException: Unsolved symbol in de.uka.ilkd.key.java.JavaParserFactory$DynamicTypeSolver@39ac9725 : java.lang.Object
	at com.github.javaparser.resolution.TypeSolver.solveType(TypeSolver.java:71)

101113     ERROR Test worker     d.u.i.k.n.b.AbstractBuilder  com.github.javaparser.resolution.UnsolvedSymbolException: Unsolved symbol in de.uka.ilkd.key.java.JavaParserFactory$DynamicTypeSolver@39ac9725 : java.lang.Object
	at com.github.javaparser.resolution.TypeSolver.solveType(TypeSolver.java:71)

101113     ERROR Test worker     d.u.i.k.n.b.TacletPBuilder Error in parsing taclet. de.uka.ilkd.key.util.parsing.BuildingException: Unsolved symbol in de.uka.ilkd.key.java.JavaParserFactory$DynamicTypeSolver@39ac9725 : java.lang.Object at file:/D:/a/key/key/key.core/build/resources/main/de/uka/ilkd/key/proof/rules/javaRules.key:2868:15
	at de.uka.ilkd.key.nparser.builder.AbstractBuilder.accept(AbstractBuilder.java:54)
Caused by: com.github.javaparser.resolution.UnsolvedSymbolException: Unsolved symbol in de.uka.ilkd.key.java.JavaParserFactory$DynamicTypeSolver@39ac9725 : java.lang.Object
	at com.github.javaparser.resolution.TypeSolver.solveType(TypeSolver.java:71)

101113     ERROR Test worker     d.u.i.k.n.b.AbstractBuilder  com.github.javaparser.resolution.UnsolvedSymbolException: Unsolved symbol in de.uka.ilkd.key.java.JavaParserFactory$DynamicTypeSolver@39ac9725 : java.lang.Object
	at com.github.javaparser.resolution.TypeSolver.solveType(TypeSolver.java:71)

101113     ERROR Test worker     d.u.i.k.n.b.TacletPBuilder Error in parsing taclet. de.uka.ilkd.key.util.parsing.BuildingException: Unsolved symbol in de.uka.ilkd.key.java.JavaParserFactory$DynamicTypeSolver@39ac9725 : java.lang.Object at file:/D:/a/key/key/key.core/build/resources/main/de/uka/ilkd/key/proof/rules/javaRules.key:2876:15
	at de.uka.ilkd.key.nparser.builder.AbstractBuilder.accept(AbstractBuilder.java:54)
Caused by: com.github.javaparser.resolution.UnsolvedSymbolException: Unsolved symbol in de.uka.ilkd.key.java.JavaParserFactory$DynamicTypeSolver@39ac9725 : java.lang.Object
	at com.github.javaparser.resolution.TypeSolver.solveType(TypeSolver.java:71)

101113     ERROR Test worker     d.u.i.k.n.b.AbstractBuilder  com.github.javaparser.resolution.UnsolvedSymbolException: Unsolved symbol in de.uka.ilkd.key.java.JavaParserFactory$DynamicTypeSolver@39ac9725 : java.lang.Object
	at com.github.javaparser.resolution.TypeSolver.solveType(TypeSolver.java:71)

101113     ERROR Test worker     d.u.i.k.n.b.TacletPBuilder Error in parsing taclet. de.uka.ilkd.key.util.parsing.BuildingException: Unsolved symbol in de.uka.ilkd.key.java.JavaParserFactory$DynamicTypeSolver@39ac9725 : java.lang.Object at file:/D:/a/key/key/key.core/build/resources/main/de/uka/ilkd/key/proof/rules/javaRules.key:2888:15
	at de.uka.ilkd.key.nparser.builder.AbstractBuilder.accept(AbstractBuilder.java:54)
Caused by: com.github.javaparser.resolution.UnsolvedSymbolException: Unsolved symbol in de.uka.ilkd.key.java.JavaParserFactory$DynamicTypeSolver@39ac9725 : java.lang.Object
	at com.github.javaparser.resolution.TypeSolver.solveType(TypeSolver.java:71)

101113     ERROR Test worker     d.u.i.k.n.b.AbstractBuilder  com.github.javaparser.resolution.UnsolvedSymbolException: Unsolved symbol in de.uka.ilkd.key.java.JavaParserFactory$DynamicTypeSolver@39ac9725 : java.lang.Object
	at com.github.javaparser.resolution.TypeSolver.solveType(TypeSolver.java:71)

101113     ERROR Test worker     d.u.i.k.n.b.TacletPBuilder Error in parsing taclet. de.uka.ilkd.key.util.parsing.BuildingException: Unsolved symbol in de.uka.ilkd.key.java.JavaParserFactory$DynamicTypeSolver@39ac9725 : java.lang.Object at file:/D:/a/key/key/key.core/build/resources/main/de/uka/ilkd/key/proof/rules/javaRules.key:2904:15
	at de.uka.ilkd.key.nparser.builder.AbstractBuilder.accept(AbstractBuilder.java:54)
Caused by: com.github.javaparser.resolution.UnsolvedSymbolException: Unsolved symbol in de.uka.ilkd.key.java.JavaParserFactory$DynamicTypeSolver@39ac9725 : java.lang.Object
	at com.github.javaparser.resolution.TypeSolver.solveType(TypeSolver.java:71)

101128     ERROR Test worker     d.u.i.k.n.b.AbstractBuilder  com.github.javaparser.resolution.UnsolvedSymbolException: Unsolved symbol in de.uka.ilkd.key.java.JavaParserFactory$DynamicTypeSolver@39ac9725 : java.lang.Object
	at com.github.javaparser.resolution.TypeSolver.solveType(TypeSolver.java:71)

101128     ERROR Test worker     d.u.i.k.n.b.TacletPBuilder Error in parsing taclet. de.uka.ilkd.key.util.parsing.BuildingException: Unsolved symbol in de.uka.ilkd.key.java.JavaParserFactory$DynamicTypeSolver@39ac9725 : java.lang.Object at file:/D:/a/key/key/key.core/build/resources/main/de/uka/ilkd/key/proof/rules/javaRules.key:2932:15
	at de.uka.ilkd.key.nparser.builder.AbstractBuilder.accept(AbstractBuilder.java:54)
Caused by: com.github.javaparser.resolution.UnsolvedSymbolException: Unsolved symbol in de.uka.ilkd.key.java.JavaParserFactory$DynamicTypeSolver@39ac9725 : java.lang.Object
	at com.github.javaparser.resolution.TypeSolver.solveType(TypeSolver.java:71)

101128     ERROR Test worker     d.u.i.k.n.b.AbstractBuilder  com.github.javaparser.resolution.UnsolvedSymbolException: Unsolved symbol in de.uka.ilkd.key.java.JavaParserFactory$DynamicTypeSolver@39ac9725 : java.lang.Object
	at com.github.javaparser.resolution.TypeSolver.solveType(TypeSolver.java:71)

101128     ERROR Test worker     d.u.i.k.n.b.TacletPBuilder Error in parsing taclet. de.uka.ilkd.key.util.parsing.BuildingException: Unsolved symbol in de.uka.ilkd.key.java.JavaParserFactory$DynamicTypeSolver@39ac9725 : java.lang.Object at file:/D:/a/key/key/key.core/build/resources/main/de/uka/ilkd/key/proof/rules/javaRules.key:2963:20
	at de.uka.ilkd.key.nparser.builder.AbstractBuilder.accept(AbstractBuilder.java:54)
Caused by: com.github.javaparser.resolution.UnsolvedSymbolException: Unsolved symbol in de.uka.ilkd.key.java.JavaParserFactory$DynamicTypeSolver@39ac9725 : java.lang.Object
	at com.github.javaparser.resolution.TypeSolver.solveType(TypeSolver.java:71)

101128     ERROR Test worker     d.u.i.k.n.b.AbstractBuilder  com.github.javaparser.resolution.UnsolvedSymbolException: Unsolved symbol in de.uka.ilkd.key.java.JavaParserFactory$DynamicTypeSolver@39ac9725 : java.lang.Object
	at com.github.javaparser.resolution.TypeSolver.solveType(TypeSolver.java:71)

101128     ERROR Test worker     d.u.i.k.n.b.TacletPBuilder Error in parsing taclet. de.uka.ilkd.key.util.parsing.BuildingException: Unsolved symbol in de.uka.ilkd.key.java.JavaParserFactory$DynamicTypeSolver@39ac9725 : java.lang.Object at file:/D:/a/key/key/key.core/build/resources/main/de/uka/ilkd/key/proof/rules/javaRules.key:2989:15
	at de.uka.ilkd.key.nparser.builder.AbstractBuilder.accept(AbstractBuilder.java:54)
Caused by: com.github.javaparser.resolution.UnsolvedSymbolException: Unsolved symbol in de.uka.ilkd.key.java.JavaParserFactory$DynamicTypeSolver@39ac9725 : java.lang.Object
	at com.github.javaparser.resolution.TypeSolver.solveType(TypeSolver.java:71)

101128     ERROR Test worker     d.u.i.k.n.b.AbstractBuilder  com.github.javaparser.resolution.UnsolvedSymbolException: Unsolved symbol in de.uka.ilkd.key.java.JavaParserFactory$DynamicTypeSolver@39ac9725 : java.lang.Object
	at com.github.javaparser.resolution.TypeSolver.solveType(TypeSolver.java:71)

101128     ERROR Test worker     d.u.i.k.n.b.TacletPBuilder Error in parsing taclet. de.uka.ilkd.key.util.parsing.BuildingException: Unsolved symbol in de.uka.ilkd.key.java.JavaParserFactory$DynamicTypeSolver@39ac9725 : java.lang.Object at file:/D:/a/key/key/key.core/build/resources/main/de/uka/ilkd/key/proof/rules/javaRules.key:2999:20
	at de.uka.ilkd.key.nparser.builder.AbstractBuilder.accept(AbstractBuilder.java:54)
Caused by: com.github.javaparser.resolution.UnsolvedSymbolException: Unsolved symbol in de.uka.ilkd.key.java.JavaParserFactory$DynamicTypeSolver@39ac9725 : java.lang.Object
	at com.github.javaparser.resolution.TypeSolver.solveType(TypeSolver.java:71)

101128     ERROR Test worker     d.u.i.k.n.b.AbstractBuilder  com.github.javaparser.resolution.UnsolvedSymbolException: Unsolved symbol in de.uka.ilkd.key.java.JavaParserFactory$DynamicTypeSolver@39ac9725 : java.lang.Object
	at com.github.javaparser.resolution.TypeSolver.solveType(TypeSolver.java:71)

101128     ERROR Test worker     d.u.i.k.n.b.TacletPBuilder Error in parsing taclet. de.uka.ilkd.key.util.parsing.BuildingException: Unsolved symbol in de.uka.ilkd.key.java.JavaParserFactory$DynamicTypeSolver@39ac9725 : java.lang.Object at file:/D:/a/key/key/key.core/build/resources/main/de/uka/ilkd/key/proof/rules/javaRules.key:3030:15
	at de.uka.ilkd.key.nparser.builder.AbstractBuilder.accept(AbstractBuilder.java:54)
Caused by: com.github.javaparser.resolution.UnsolvedSymbolException: Unsolved symbol in de.uka.ilkd.key.java.JavaParserFactory$DynamicTypeSolver@39ac9725 : java.lang.Object
	at com.github.javaparser.resolution.TypeSolver.solveType(TypeSolver.java:71)

101128     ERROR Test worker     d.u.i.k.n.b.AbstractBuilder  com.github.javaparser.resolution.UnsolvedSymbolException: Unsolved symbol in de.uka.ilkd.key.java.JavaParserFactory$DynamicTypeSolver@39ac9725 : java.lang.Object
	at com.github.javaparser.resolution.TypeSolver.solveType(TypeSolver.java:71)

101128     ERROR Test worker     d.u.i.k.n.b.TacletPBuilder Error in parsing taclet. de.uka.ilkd.key.util.parsing.BuildingException: Unsolved symbol in de.uka.ilkd.key.java.JavaParserFactory$DynamicTypeSolver@39ac9725 : java.lang.Object at file:/D:/a/key/key/key.core/build/resources/main/de/uka/ilkd/key/proof/rules/javaRules.key:3049:15
	at de.uka.ilkd.key.nparser.builder.AbstractBuilder.accept(AbstractBuilder.java:54)
Caused by: com.github.javaparser.resolution.UnsolvedSymbolException: Unsolved symbol in de.uka.ilkd.key.java.JavaParserFactory$DynamicTypeSolver@39ac9725 : java.lang.Object
	at com.github.javaparser.resolution.TypeSolver.solveType(TypeSolver.java:71)

101128     ERROR Test worker     d.u.i.k.n.b.AbstractBuilder  com.github.javaparser.resolution.UnsolvedSymbolException: Unsolved symbol in de.uka.ilkd.key.java.JavaParserFactory$DynamicTypeSolver@39ac9725 : java.lang.Object
	at com.github.javaparser.resolution.TypeSolver.solveType(TypeSolver.java:71)

101128     ERROR Test worker     d.u.i.k.n.b.TacletPBuilder Error in parsing taclet. de.uka.ilkd.key.util.parsing.BuildingException: Unsolved symbol in de.uka.ilkd.key.java.JavaParserFactory$DynamicTypeSolver@39ac9725 : java.lang.Object at file:/D:/a/key/key/key.core/build/resources/main/de/uka/ilkd/key/proof/rules/javaRules.key:3075:15
	at de.uka.ilkd.key.nparser.builder.AbstractBuilder.accept(AbstractBuilder.java:54)
Caused by: com.github.javaparser.resolution.UnsolvedSymbolException: Unsolved symbol in de.uka.ilkd.key.java.JavaParserFactory$DynamicTypeSolver@39ac9725 : java.lang.Object
	at com.github.javaparser.resolution.TypeSolver.solveType(TypeSolver.java:71)

101128     ERROR Test worker     d.u.i.k.n.b.AbstractBuilder  com.github.javaparser.resolution.UnsolvedSymbolException: Unsolved symbol in de.uka.ilkd.key.java.JavaParserFactory$DynamicTypeSolver@39ac9725 : java.lang.Object
	at com.github.javaparser.resolution.TypeSolver.solveType(TypeSolver.java:71)

101128     ERROR Test worker     d.u.i.k.n.b.TacletPBuilder Error in parsing taclet. de.uka.ilkd.key.util.parsing.BuildingException: Unsolved symbol in de.uka.ilkd.key.java.JavaParserFactory$DynamicTypeSolver@39ac9725 : java.lang.Object at file:/D:/a/key/key/key.core/build/resources/main/de/uka/ilkd/key/proof/rules/javaRules.key:3105:20
	at de.uka.ilkd.key.nparser.builder.AbstractBuilder.accept(AbstractBuilder.java:54)
Caused by: com.github.javaparser.resolution.UnsolvedSymbolException: Unsolved symbol in de.uka.ilkd.key.java.JavaParserFactory$DynamicTypeSolver@39ac9725 : java.lang.Object
	at com.github.javaparser.resolution.TypeSolver.solveType(TypeSolver.java:71)

101128     ERROR Test worker     d.u.i.k.n.b.AbstractBuilder  com.github.javaparser.resolution.UnsolvedSymbolException: Unsolved symbol in de.uka.ilkd.key.java.JavaParserFactory$DynamicTypeSolver@39ac9725 : java.lang.Object
	at com.github.javaparser.resolution.TypeSolver.solveType(TypeSolver.java:71)

101128     ERROR Test worker     d.u.i.k.n.b.TacletPBuilder Error in parsing taclet. de.uka.ilkd.key.util.parsing.BuildingException: Unsolved symbol in de.uka.ilkd.key.java.JavaParserFactory$DynamicTypeSolver@39ac9725 : java.lang.Object at file:/D:/a/key/key/key.core/build/resources/main/de/uka/ilkd/key/proof/rules/javaRules.key:3128:15
	at de.uka.ilkd.key.nparser.builder.AbstractBuilder.accept(AbstractBuilder.java:54)
Caused by: com.github.javaparser.resolution.UnsolvedSymbolException: Unsolved symbol in de.uka.ilkd.key.java.JavaParserFactory$DynamicTypeSolver@39ac9725 : java.lang.Object
	at com.github.javaparser.resolution.TypeSolver.solveType(TypeSolver.java:71)

101128     ERROR Test worker     d.u.i.k.n.b.AbstractBuilder  com.github.javaparser.resolution.UnsolvedSymbolException: Unsolved symbol in de.uka.ilkd.key.java.JavaParserFactory$DynamicTypeSolver@39ac9725 : java.lang.Object
	at com.github.javaparser.resolution.TypeSolver.solveType(TypeSolver.java:71)

101144     ERROR Test worker     d.u.i.k.n.b.TacletPBuilder Error in parsing taclet. de.uka.ilkd.key.util.parsing.BuildingException: Unsolved symbol in de.uka.ilkd.key.java.JavaParserFactory$DynamicTypeSolver@39ac9725 : java.lang.Object at file:/D:/a/key/key/key.core/build/resources/main/de/uka/ilkd/key/proof/rules/javaRules.key:3138:20
	at de.uka.ilkd.key.nparser.builder.AbstractBuilder.accept(AbstractBuilder.java:54)
Caused by: com.github.javaparser.resolution.UnsolvedSymbolException: Unsolved symbol in de.uka.ilkd.key.java.JavaParserFactory$DynamicTypeSolver@39ac9725 : java.lang.Object
	at com.github.javaparser.resolution.TypeSolver.solveType(TypeSolver.java:71)

101144     ERROR Test worker     d.u.i.k.n.b.AbstractBuilder  com.github.javaparser.resolution.UnsolvedSymbolException: Unsolved symbol in de.uka.ilkd.key.java.JavaParserFactory$DynamicTypeSolver@39ac9725 : java.lang.Object
	at com.github.javaparser.resolution.TypeSolver.solveType(TypeSolver.java:71)

101144     ERROR Test worker     d.u.i.k.n.b.TacletPBuilder Error in parsing taclet. de.uka.ilkd.key.util.parsing.BuildingException: Unsolved symbol in de.uka.ilkd.key.java.JavaParserFactory$DynamicTypeSolver@39ac9725 : java.lang.Object at file:/D:/a/key/key/key.core/build/resources/main/de/uka/ilkd/key/proof/rules/javaRules.key:3167:15
	at de.uka.ilkd.key.nparser.builder.AbstractBuilder.accept(AbstractBuilder.java:54)
Caused by: com.github.javaparser.resolution.UnsolvedSymbolException: Unsolved symbol in de.uka.ilkd.key.java.JavaParserFactory$DynamicTypeSolver@39ac9725 : java.lang.Object
	at com.github.javaparser.resolution.TypeSolver.solveType(TypeSolver.java:71)

101144     ERROR Test worker     d.u.i.k.n.b.AbstractBuilder  com.github.javaparser.resolution.UnsolvedSymbolException: Unsolved symbol in de.uka.ilkd.key.java.JavaParserFactory$DynamicTypeSolver@39ac9725 : java.lang.Object
	at com.github.javaparser.resolution.TypeSolver.solveType(TypeSolver.java:71)

101144     ERROR Test worker     d.u.i.k.n.b.TacletPBuilder Error in parsing taclet. de.uka.ilkd.key.util.parsing.BuildingException: Unsolved symbol in de.uka.ilkd.key.java.JavaParserFactory$DynamicTypeSolver@39ac9725 : java.lang.Object at file:/D:/a/key/key/key.core/build/resources/main/de/uka/ilkd/key/proof/rules/javaRules.key:3186:15
	at de.uka.ilkd.key.nparser.builder.AbstractBuilder.accept(AbstractBuilder.java:54)
Caused by: com.github.javaparser.resolution.UnsolvedSymbolException: Unsolved symbol in de.uka.ilkd.key.java.JavaParserFactory$DynamicTypeSolver@39ac9725 : java.lang.Object
	at com.github.javaparser.resolution.TypeSolver.solveType(TypeSolver.java:71)

101144     ERROR Test worker     d.u.i.k.n.b.AbstractBuilder  com.github.javaparser.resolution.UnsolvedSymbolException: Unsolved symbol in de.uka.ilkd.key.java.JavaParserFactory$DynamicTypeSolver@39ac9725 : java.lang.Object
	at com.github.javaparser.resolution.TypeSolver.solveType(TypeSolver.java:71)

101144     ERROR Test worker     d.u.i.k.n.b.TacletPBuilder Error in parsing taclet. de.uka.ilkd.key.util.parsing.BuildingException: Unsolved symbol in de.uka.ilkd.key.java.JavaParserFactory$DynamicTypeSolver@39ac9725 : java.lang.Object at file:/D:/a/key/key/key.core/build/resources/main/de/uka/ilkd/key/proof/rules/javaRules.key:3213:20
	at de.uka.ilkd.key.nparser.builder.AbstractBuilder.accept(AbstractBuilder.java:54)
Caused by: com.github.javaparser.resolution.UnsolvedSymbolException: Unsolved symbol in de.uka.ilkd.key.java.JavaParserFactory$DynamicTypeSolver@39ac9725 : java.lang.Object
	at com.github.javaparser.resolution.TypeSolver.solveType(TypeSolver.java:71)

101144     ERROR Test worker     d.u.i.k.n.b.AbstractBuilder  com.github.javaparser.resolution.UnsolvedSymbolException: Unsolved symbol in de.uka.ilkd.key.java.JavaParserFactory$DynamicTypeSolver@39ac9725 : java.lang.Object
	at com.github.javaparser.resolution.TypeSolver.solveType(TypeSolver.java:71)

101144     ERROR Test worker     d.u.i.k.n.b.TacletPBuilder Error in parsing taclet. de.uka.ilkd.key.util.parsing.BuildingException: Unsolved symbol in de.uka.ilkd.key.java.JavaParserFactory$DynamicTypeSolver@39ac9725 : java.lang.Object at file:/D:/a/key/key/key.core/build/resources/main/de/uka/ilkd/key/proof/rules/javaRules.key:3235:15
	at de.uka.ilkd.key.nparser.builder.AbstractBuilder.accept(AbstractBuilder.java:54)
Caused by: com.github.javaparser.resolution.UnsolvedSymbolException: Unsolved symbol in de.uka.ilkd.key.java.JavaParserFactory$DynamicTypeSolver@39ac9725 : java.lang.Object
	at com.github.javaparser.resolution.TypeSolver.solveType(TypeSolver.java:71)

101144     ERROR Test worker     d.u.i.k.n.b.AbstractBuilder  com.github.javaparser.resolution.UnsolvedSymbolException: Unsolved symbol in de.uka.ilkd.key.java.JavaParserFactory$DynamicTypeSolver@39ac9725 : java.lang.Object
	at com.github.javaparser.resolution.TypeSolver.solveType(TypeSolver.java:71)

101144     ERROR Test worker     d.u.i.k.n.b.TacletPBuilder Error in parsing taclet. de.uka.ilkd.key.util.parsing.BuildingException: Unsolved symbol in de.uka.ilkd.key.java.JavaParserFactory$DynamicTypeSolver@39ac9725 : java.lang.Object at file:/D:/a/key/key/key.core/build/resources/main/de/uka/ilkd/key/proof/rules/javaRules.key:3244:15
	at de.uka.ilkd.key.nparser.builder.AbstractBuilder.accept(AbstractBuilder.java:54)
Caused by: com.github.javaparser.resolution.UnsolvedSymbolException: Unsolved symbol in de.uka.ilkd.key.java.JavaParserFactory$DynamicTypeSolver@39ac9725 : java.lang.Object
	at com.github.javaparser.resolution.TypeSolver.solveType(TypeSolver.java:71)

101144     ERROR Test worker     d.u.i.k.n.b.AbstractBuilder  com.github.javaparser.resolution.UnsolvedSymbolException: Unsolved symbol in de.uka.ilkd.key.java.JavaParserFactory$DynamicTypeSolver@39ac9725 : java.lang.Object
	at com.github.javaparser.resolution.TypeSolver.solveType(TypeSolver.java:71)

101144     ERROR Test worker     d.u.i.k.n.b.TacletPBuilder Error in parsing taclet. de.uka.ilkd.key.util.parsing.BuildingException: Unsolved symbol in de.uka.ilkd.key.java.JavaParserFactory$DynamicTypeSolver@39ac9725 : java.lang.Object at file:/D:/a/key/key/key.core/build/resources/main/de/uka/ilkd/key/proof/rules/javaRules.key:3266:15
	at de.uka.ilkd.key.nparser.builder.AbstractBuilder.accept(AbstractBuilder.java:54)
Caused by: com.github.javaparser.resolution.UnsolvedSymbolException: Unsolved symbol in de.uka.ilkd.key.java.JavaParserFactory$DynamicTypeSolver@39ac9725 : java.lang.Object
	at com.github.javaparser.resolution.TypeSolver.solveType(TypeSolver.java:71)

101144     ERROR Test worker     d.u.i.k.n.b.AbstractBuilder  com.github.javaparser.resolution.UnsolvedSymbolException: Unsolved symbol in de.uka.ilkd.key.java.JavaParserFactory$DynamicTypeSolver@39ac9725 : java.lang.Object
	at com.github.javaparser.resolution.TypeSolver.solveType(TypeSolver.java:71)

101144     ERROR Test worker     d.u.i.k.n.b.TacletPBuilder Error in parsing taclet. de.uka.ilkd.key.util.parsing.BuildingException: Unsolved symbol in de.uka.ilkd.key.java.JavaParserFactory$DynamicTypeSolver@39ac9725 : java.lang.Object at file:/D:/a/key/key/key.core/build/resources/main/de/uka/ilkd/key/proof/rules/javaRules.key:3285:15
	at de.uka.ilkd.key.nparser.builder.AbstractBuilder.accept(AbstractBuilder.java:54)
Caused by: com.github.javaparser.resolution.UnsolvedSymbolException: Unsolved symbol in de.uka.ilkd.key.java.JavaParserFactory$DynamicTypeSolver@39ac9725 : java.lang.Object
	at com.github.javaparser.resolution.TypeSolver.solveType(TypeSolver.java:71)

101144     ERROR Test worker     d.u.i.k.n.b.AbstractBuilder  com.github.javaparser.resolution.UnsolvedSymbolException: Unsolved symbol in de.uka.ilkd.key.java.JavaParserFactory$DynamicTypeSolver@39ac9725 : java.lang.Object
	at com.github.javaparser.resolution.TypeSolver.solveType(TypeSolver.java:71)

101144     ERROR Test worker     d.u.i.k.n.b.TacletPBuilder Error in parsing taclet. de.uka.ilkd.key.util.parsing.BuildingException: Unsolved symbol in de.uka.ilkd.key.java.JavaParserFactory$DynamicTypeSolver@39ac9725 : java.lang.Object at file:/D:/a/key/key/key.core/build/resources/main/de/uka/ilkd/key/proof/rules/javaRules.key:3301:15
	at de.uka.ilkd.key.nparser.builder.AbstractBuilder.accept(AbstractBuilder.java:54)
Caused by: com.github.javaparser.resolution.UnsolvedSymbolException: Unsolved symbol in de.uka.ilkd.key.java.JavaParserFactory$DynamicTypeSolver@39ac9725 : java.lang.Object
	at com.github.javaparser.resolution.TypeSolver.solveType(TypeSolver.java:71)

101144     ERROR Test worker     d.u.i.k.n.b.AbstractBuilder  com.github.javaparser.resolution.UnsolvedSymbolException: Unsolved symbol in de.uka.ilkd.key.java.JavaParserFactory$DynamicTypeSolver@39ac9725 : java.lang.Object
	at com.github.javaparser.resolution.TypeSolver.solveType(TypeSolver.java:71)

101144     ERROR Test worker     d.u.i.k.n.b.TacletPBuilder Error in parsing taclet. de.uka.ilkd.key.util.parsing.BuildingException: Unsolved symbol in de.uka.ilkd.key.java.JavaParserFactory$DynamicTypeSolver@39ac9725 : java.lang.Object at file:/D:/a/key/key/key.core/build/resources/main/de/uka/ilkd/key/proof/rules/javaRules.key:3312:20
	at de.uka.ilkd.key.nparser.builder.AbstractBuilder.accept(AbstractBuilder.java:54)
Caused by: com.github.javaparser.resolution.UnsolvedSymbolException: Unsolved symbol in de.uka.ilkd.key.java.JavaParserFactory$DynamicTypeSolver@39ac9725 : java.lang.Object
	at com.github.javaparser.resolution.TypeSolver.solveType(TypeSolver.java:71)

101159     ERROR Test worker     d.u.i.k.n.b.AbstractBuilder  com.github.javaparser.resolution.UnsolvedSymbolException: Unsolved symbol in de.uka.ilkd.key.java.JavaParserFactory$DynamicTypeSolver@39ac9725 : java.lang.Object
	at com.github.javaparser.resolution.TypeSolver.solveType(TypeSolver.java:71)

101159     ERROR Test worker     d.u.i.k.n.b.TacletPBuilder Error in parsing taclet. de.uka.ilkd.key.util.parsing.BuildingException: Unsolved symbol in de.uka.ilkd.key.java.JavaParserFactory$DynamicTypeSolver@39ac9725 : java.lang.Object at file:/D:/a/key/key/key.core/build/resources/main/de/uka/ilkd/key/proof/rules/javaRules.key:3333:20
	at de.uka.ilkd.key.nparser.builder.AbstractBuilder.accept(AbstractBuilder.java:54)
Caused by: com.github.javaparser.resolution.UnsolvedSymbolException: Unsolved symbol in de.uka.ilkd.key.java.JavaParserFactory$DynamicTypeSolver@39ac9725 : java.lang.Object
	at com.github.javaparser.resolution.TypeSolver.solveType(TypeSolver.java:71)

101159     ERROR Test worker     d.u.i.k.n.b.AbstractBuilder  com.github.javaparser.resolution.UnsolvedSymbolException: Unsolved symbol in de.uka.ilkd.key.java.JavaParserFactory$DynamicTypeSolver@39ac9725 : java.lang.Object
	at com.github.javaparser.resolution.TypeSolver.solveType(TypeSolver.java:71)

101159     ERROR Test worker     d.u.i.k.n.b.TacletPBuilder Error in parsing taclet. de.uka.ilkd.key.util.parsing.BuildingException: Unsolved symbol in de.uka.ilkd.key.java.JavaParserFactory$DynamicTypeSolver@39ac9725 : java.lang.Object at file:/D:/a/key/key/key.core/build/resources/main/de/uka/ilkd/key/proof/rules/javaRules.key:3350:20
	at de.uka.ilkd.key.nparser.builder.AbstractBuilder.accept(AbstractBuilder.java:54)
Caused by: com.github.javaparser.resolution.UnsolvedSymbolException: Unsolved symbol in de.uka.ilkd.key.java.JavaParserFactory$DynamicTypeSolver@39ac9725 : java.lang.Object
	at com.github.javaparser.resolution.TypeSolver.solveType(TypeSolver.java:71)

101159     ERROR Test worker     d.u.i.k.n.b.AbstractBuilder  com.github.javaparser.resolution.UnsolvedSymbolException: Unsolved symbol in de.uka.ilkd.key.java.JavaParserFactory$DynamicTypeSolver@39ac9725 : java.lang.Object
	at com.github.javaparser.resolution.TypeSolver.solveType(TypeSolver.java:71)

101159     ERROR Test worker     d.u.i.k.n.b.TacletPBuilder Error in parsing taclet. de.uka.ilkd.key.util.parsing.BuildingException: Unsolved symbol in de.uka.ilkd.key.java.JavaParserFactory$DynamicTypeSolver@39ac9725 : java.lang.Object at file:/D:/a/key/key/key.core/build/resources/main/de/uka/ilkd/key/proof/rules/javaRules.key:3366:15
	at de.uka.ilkd.key.nparser.builder.AbstractBuilder.accept(AbstractBuilder.java:54)
Caused by: com.github.javaparser.resolution.UnsolvedSymbolException: Unsolved symbol in de.uka.ilkd.key.java.JavaParserFactory$DynamicTypeSolver@39ac9725 : java.lang.Object
	at com.github.javaparser.resolution.TypeSolver.solveType(TypeSolver.java:71)

101159     ERROR Test worker     d.u.i.k.n.b.AbstractBuilder  com.github.javaparser.resolution.UnsolvedSymbolException: Unsolved symbol in de.uka.ilkd.key.java.JavaParserFactory$DynamicTypeSolver@39ac9725 : java.lang.Object
	at com.github.javaparser.resolution.TypeSolver.solveType(TypeSolver.java:71)

101159     ERROR Test worker     d.u.i.k.n.b.TacletPBuilder Error in parsing taclet. de.uka.ilkd.key.util.parsing.BuildingException: Unsolved symbol in de.uka.ilkd.key.java.JavaParserFactory$DynamicTypeSolver@39ac9725 : java.lang.Object at file:/D:/a/key/key/key.core/build/resources/main/de/uka/ilkd/key/proof/rules/javaRules.key:3377:15
	at de.uka.ilkd.key.nparser.builder.AbstractBuilder.accept(AbstractBuilder.java:54)
Caused by: com.github.javaparser.resolution.UnsolvedSymbolException: Unsolved symbol in de.uka.ilkd.key.java.JavaParserFactory$DynamicTypeSolver@39ac9725 : java.lang.Object
	at com.github.javaparser.resolution.TypeSolver.solveType(TypeSolver.java:71)

101159     ERROR Test worker     d.u.i.k.n.b.AbstractBuilder  com.github.javaparser.resolution.UnsolvedSymbolException: Unsolved symbol in de.uka.ilkd.key.java.JavaParserFactory$DynamicTypeSolver@39ac9725 : java.lang.Object
	at com.github.javaparser.resolution.TypeSolver.solveType(TypeSolver.java:71)

101159     ERROR Test worker     d.u.i.k.n.b.TacletPBuilder Error in parsing taclet. de.uka.ilkd.key.util.parsing.BuildingException: Unsolved symbol in de.uka.ilkd.key.java.JavaParserFactory$DynamicTypeSolver@39ac9725 : java.lang.Object at file:/D:/a/key/key/key.core/build/resources/main/de/uka/ilkd/key/proof/rules/javaRules.key:3388:15
	at de.uka.ilkd.key.nparser.builder.AbstractBuilder.accept(AbstractBuilder.java:54)
Caused by: com.github.javaparser.resolution.UnsolvedSymbolException: Unsolved symbol in de.uka.ilkd.key.java.JavaParserFactory$DynamicTypeSolver@39ac9725 : java.lang.Object
	at com.github.javaparser.resolution.TypeSolver.solveType(TypeSolver.java:71)

101159     ERROR Test worker     d.u.i.k.n.b.AbstractBuilder  com.github.javaparser.resolution.UnsolvedSymbolException: Unsolved symbol in de.uka.ilkd.key.java.JavaParserFactory$DynamicTypeSolver@39ac9725 : java.lang.Object
	at com.github.javaparser.resolution.TypeSolver.solveType(TypeSolver.java:71)

101159     ERROR Test worker     d.u.i.k.n.b.TacletPBuilder Error in parsing taclet. de.uka.ilkd.key.util.parsing.BuildingException: Unsolved symbol in de.uka.ilkd.key.java.JavaParserFactory$DynamicTypeSolver@39ac9725 : java.lang.Object at file:/D:/a/key/key/key.core/build/resources/main/de/uka/ilkd/key/proof/rules/javaRules.key:3398:15
	at de.uka.ilkd.key.nparser.builder.AbstractBuilder.accept(AbstractBuilder.java:54)
Caused by: com.github.javaparser.resolution.UnsolvedSymbolException: Unsolved symbol in de.uka.ilkd.key.java.JavaParserFactory$DynamicTypeSolver@39ac9725 : java.lang.Object
	at com.github.javaparser.resolution.TypeSolver.solveType(TypeSolver.java:71)

101159     ERROR Test worker     d.u.i.k.n.b.AbstractBuilder  com.github.javaparser.resolution.UnsolvedSymbolException: Unsolved symbol in de.uka.ilkd.key.java.JavaParserFactory$DynamicTypeSolver@39ac9725 : java.lang.Object
	at com.github.javaparser.resolution.TypeSolver.solveType(TypeSolver.java:71)

101159     ERROR Test worker     d.u.i.k.n.b.TacletPBuilder Error in parsing taclet. de.uka.ilkd.key.util.parsing.BuildingException: Unsolved symbol in de.uka.ilkd.key.java.JavaParserFactory$DynamicTypeSolver@39ac9725 : java.lang.Object at file:/D:/a/key/key/key.core/build/resources/main/de/uka/ilkd/key/proof/rules/javaRules.key:3417:15
	at de.uka.ilkd.key.nparser.builder.AbstractBuilder.accept(AbstractBuilder.java:54)
Caused by: com.github.javaparser.resolution.UnsolvedSymbolException: Unsolved symbol in de.uka.ilkd.key.java.JavaParserFactory$DynamicTypeSolver@39ac9725 : java.lang.Object
	at com.github.javaparser.resolution.TypeSolver.solveType(TypeSolver.java:71)

101159     ERROR Test worker     d.u.i.k.n.b.AbstractBuilder  com.github.javaparser.resolution.UnsolvedSymbolException: Unsolved symbol in de.uka.ilkd.key.java.JavaParserFactory$DynamicTypeSolver@39ac9725 : java.lang.Object
	at com.github.javaparser.resolution.TypeSolver.solveType(TypeSolver.java:71)

101159     ERROR Test worker     d.u.i.k.n.b.TacletPBuilder Error in parsing taclet. de.uka.ilkd.key.util.parsing.BuildingException: Unsolved symbol in de.uka.ilkd.key.java.JavaParserFactory$DynamicTypeSolver@39ac9725 : java.lang.Object at file:/D:/a/key/key/key.core/build/resources/main/de/uka/ilkd/key/proof/rules/javaRules.key:3437:20
	at de.uka.ilkd.key.nparser.builder.AbstractBuilder.accept(AbstractBuilder.java:54)
Caused by: com.github.javaparser.resolution.UnsolvedSymbolException: Unsolved symbol in de.uka.ilkd.key.java.JavaParserFactory$DynamicTypeSolver@39ac9725 : java.lang.Object
	at com.github.javaparser.resolution.TypeSolver.solveType(TypeSolver.java:71)

101175     ERROR Test worker     d.u.i.k.n.b.AbstractBuilder  com.github.javaparser.resolution.UnsolvedSymbolException: Unsolved symbol in de.uka.ilkd.key.java.JavaParserFactory$DynamicTypeSolver@39ac9725 : java.lang.Object
	at com.github.javaparser.resolution.TypeSolver.solveType(TypeSolver.java:71)

101175     ERROR Test worker     d.u.i.k.n.b.TacletPBuilder Error in parsing taclet. de.uka.ilkd.key.util.parsing.BuildingException: Unsolved symbol in de.uka.ilkd.key.java.JavaParserFactory$DynamicTypeSolver@39ac9725 : java.lang.Object at file:/D:/a/key/key/key.core/build/resources/main/de/uka/ilkd/key/proof/rules/javaRules.key:3455:20
	at de.uka.ilkd.key.nparser.builder.AbstractBuilder.accept(AbstractBuilder.java:54)
Caused by: com.github.javaparser.resolution.UnsolvedSymbolException: Unsolved symbol in de.uka.ilkd.key.java.JavaParserFactory$DynamicTypeSolver@39ac9725 : java.lang.Object
	at com.github.javaparser.resolution.TypeSolver.solveType(TypeSolver.java:71)

101175     ERROR Test worker     d.u.i.k.n.b.AbstractBuilder  com.github.javaparser.resolution.UnsolvedSymbolException: Unsolved symbol in de.uka.ilkd.key.java.JavaParserFactory$DynamicTypeSolver@39ac9725 : java.lang.Object
	at com.github.javaparser.resolution.TypeSolver.solveType(TypeSolver.java:71)

101175     ERROR Test worker     d.u.i.k.n.b.TacletPBuilder Error in parsing taclet. de.uka.ilkd.key.util.parsing.BuildingException: Unsolved symbol in de.uka.ilkd.key.java.JavaParserFactory$DynamicTypeSolver@39ac9725 : java.lang.Object at file:/D:/a/key/key/key.core/build/resources/main/de/uka/ilkd/key/proof/rules/javaRules.key:3473:15
	at de.uka.ilkd.key.nparser.builder.AbstractBuilder.accept(AbstractBuilder.java:54)
Caused by: com.github.javaparser.resolution.UnsolvedSymbolException: Unsolved symbol in de.uka.ilkd.key.java.JavaParserFactory$DynamicTypeSolver@39ac9725 : java.lang.Object
	at com.github.javaparser.resolution.TypeSolver.solveType(TypeSolver.java:71)

101175     ERROR Test worker     d.u.i.k.n.b.AbstractBuilder  com.github.javaparser.resolution.UnsolvedSymbolException: Unsolved symbol in de.uka.ilkd.key.java.JavaParserFactory$DynamicTypeSolver@39ac9725 : java.lang.Object
	at com.github.javaparser.resolution.TypeSolver.solveType(TypeSolver.java:71)

101175     ERROR Test worker     d.u.i.k.n.b.TacletPBuilder Error in parsing taclet. de.uka.ilkd.key.util.parsing.BuildingException: Unsolved symbol in de.uka.ilkd.key.java.JavaParserFactory$DynamicTypeSolver@39ac9725 : java.lang.Object at file:/D:/a/key/key/key.core/build/resources/main/de/uka/ilkd/key/proof/rules/javaRules.key:3489:15
	at de.uka.ilkd.key.nparser.builder.AbstractBuilder.accept(AbstractBuilder.java:54)
Caused by: com.github.javaparser.resolution.UnsolvedSymbolException: Unsolved symbol in de.uka.ilkd.key.java.JavaParserFactory$DynamicTypeSolver@39ac9725 : java.lang.Object
	at com.github.javaparser.resolution.TypeSolver.solveType(TypeSolver.java:71)

101175     ERROR Test worker     d.u.i.k.n.b.AbstractBuilder  com.github.javaparser.resolution.UnsolvedSymbolException: Unsolved symbol in de.uka.ilkd.key.java.JavaParserFactory$DynamicTypeSolver@39ac9725 : java.lang.Object
	at com.github.javaparser.resolution.TypeSolver.solveType(TypeSolver.java:71)

101175     ERROR Test worker     d.u.i.k.n.b.TacletPBuilder Error in parsing taclet. de.uka.ilkd.key.util.parsing.BuildingException: Unsolved symbol in de.uka.ilkd.key.java.JavaParserFactory$DynamicTypeSolver@39ac9725 : java.lang.Object at file:/D:/a/key/key/key.core/build/resources/main/de/uka/ilkd/key/proof/rules/javaRules.key:3495:15
	at de.uka.ilkd.key.nparser.builder.AbstractBuilder.accept(AbstractBuilder.java:54)
Caused by: com.github.javaparser.resolution.UnsolvedSymbolException: Unsolved symbol in de.uka.ilkd.key.java.JavaParserFactory$DynamicTypeSolver@39ac9725 : java.lang.Object
	at com.github.javaparser.resolution.TypeSolver.solveType(TypeSolver.java:71)

101175     ERROR Test worker     d.u.i.k.n.b.AbstractBuilder  com.github.javaparser.resolution.UnsolvedSymbolException: Unsolved symbol in de.uka.ilkd.key.java.JavaParserFactory$DynamicTypeSolver@39ac9725 : java.lang.Object
	at com.github.javaparser.resolution.TypeSolver.solveType(TypeSolver.java:71)

101175     ERROR Test worker     d.u.i.k.n.b.TacletPBuilder Error in parsing taclet. de.uka.ilkd.key.util.parsing.BuildingException: Unsolved symbol in de.uka.ilkd.key.java.JavaParserFactory$DynamicTypeSolver@39ac9725 : java.lang.Object at file:/D:/a/key/key/key.core/build/resources/main/de/uka/ilkd/key/proof/rules/javaRules.key:3501:15
	at de.uka.ilkd.key.nparser.builder.AbstractBuilder.accept(AbstractBuilder.java:54)
Caused by: com.github.javaparser.resolution.UnsolvedSymbolException: Unsolved symbol in de.uka.ilkd.key.java.JavaParserFactory$DynamicTypeSolver@39ac9725 : java.lang.Object
	at com.github.javaparser.resolution.TypeSolver.solveType(TypeSolver.java:71)

101175     ERROR Test worker     d.u.i.k.n.b.AbstractBuilder  com.github.javaparser.resolution.UnsolvedSymbolException: Unsolved symbol in de.uka.ilkd.key.java.JavaParserFactory$DynamicTypeSolver@39ac9725 : java.lang.Object
	at com.github.javaparser.resolution.TypeSolver.solveType(TypeSolver.java:71)

101175     ERROR Test worker     d.u.i.k.n.b.TacletPBuilder Error in parsing taclet. de.uka.ilkd.key.util.parsing.BuildingException: Unsolved symbol in de.uka.ilkd.key.java.JavaParserFactory$DynamicTypeSolver@39ac9725 : java.lang.Object at file:/D:/a/key/key/key.core/build/resources/main/de/uka/ilkd/key/proof/rules/javaRules.key:3506:15
	at de.uka.ilkd.key.nparser.builder.AbstractBuilder.accept(AbstractBuilder.java:54)
Caused by: com.github.javaparser.resolution.UnsolvedSymbolException: Unsolved symbol in de.uka.ilkd.key.java.JavaParserFactory$DynamicTypeSolver@39ac9725 : java.lang.Object
	at com.github.javaparser.resolution.TypeSolver.solveType(TypeSolver.java:71)

101175     ERROR Test worker     d.u.i.k.n.b.AbstractBuilder  com.github.javaparser.resolution.UnsolvedSymbolException: Unsolved symbol in de.uka.ilkd.key.java.JavaParserFactory$DynamicTypeSolver@39ac9725 : java.lang.Object
	at com.github.javaparser.resolution.TypeSolver.solveType(TypeSolver.java:71)

101175     ERROR Test worker     d.u.i.k.n.b.TacletPBuilder Error in parsing taclet. de.uka.ilkd.key.util.parsing.BuildingException: Unsolved symbol in de.uka.ilkd.key.java.JavaParserFactory$DynamicTypeSolver@39ac9725 : java.lang.Object at file:/D:/a/key/key/key.core/build/resources/main/de/uka/ilkd/key/proof/rules/javaRules.key:3511:20
	at de.uka.ilkd.key.nparser.builder.AbstractBuilder.accept(AbstractBuilder.java:54)
Caused by: com.github.javaparser.resolution.UnsolvedSymbolException: Unsolved symbol in de.uka.ilkd.key.java.JavaParserFactory$DynamicTypeSolver@39ac9725 : java.lang.Object
	at com.github.javaparser.resolution.TypeSolver.solveType(TypeSolver.java:71)

101175     ERROR Test worker     d.u.i.k.n.b.AbstractBuilder  com.github.javaparser.resolution.UnsolvedSymbolException: Unsolved symbol in de.uka.ilkd.key.java.JavaParserFactory$DynamicTypeSolver@39ac9725 : java.lang.Object
	at com.github.javaparser.resolution.TypeSolver.solveType(TypeSolver.java:71)

101175     ERROR Test worker     d.u.i.k.n.b.TacletPBuilder Error in parsing taclet. de.uka.ilkd.key.util.parsing.BuildingException: Unsolved symbol in de.uka.ilkd.key.java.JavaParserFactory$DynamicTypeSolver@39ac9725 : java.lang.Object at file:/D:/a/key/key/key.core/build/resources/main/de/uka/ilkd/key/proof/rules/javaRules.key:3517:20
	at de.uka.ilkd.key.nparser.builder.AbstractBuilder.accept(AbstractBuilder.java:54)
Caused by: com.github.javaparser.resolution.UnsolvedSymbolException: Unsolved symbol in de.uka.ilkd.key.java.JavaParserFactory$DynamicTypeSolver@39ac9725 : java.lang.Object
	at com.github.javaparser.resolution.TypeSolver.solveType(TypeSolver.java:71)

101191     ERROR Test worker     d.u.i.k.n.b.AbstractBuilder  com.github.javaparser.resolution.UnsolvedSymbolException: Unsolved symbol in de.uka.ilkd.key.java.JavaParserFactory$DynamicTypeSolver@39ac9725 : java.lang.Object
	at com.github.javaparser.resolution.TypeSolver.solveType(TypeSolver.java:71)

101191     ERROR Test worker     d.u.i.k.n.b.TacletPBuilder Error in parsing taclet. de.uka.ilkd.key.util.parsing.BuildingException: Unsolved symbol in de.uka.ilkd.key.java.JavaParserFactory$DynamicTypeSolver@39ac9725 : java.lang.Object at file:/D:/a/key/key/key.core/build/resources/main/de/uka/ilkd/key/proof/rules/javaRules.key:3523:20
	at de.uka.ilkd.key.nparser.builder.AbstractBuilder.accept(AbstractBuilder.java:54)
Caused by: com.github.javaparser.resolution.UnsolvedSymbolException: Unsolved symbol in de.uka.ilkd.key.java.JavaParserFactory$DynamicTypeSolver@39ac9725 : java.lang.Object
	at com.github.javaparser.resolution.TypeSolver.solveType(TypeSolver.java:71)

101191     ERROR Test worker     d.u.i.k.n.b.AbstractBuilder  com.github.javaparser.resolution.UnsolvedSymbolException: Unsolved symbol in de.uka.ilkd.key.java.JavaParserFactory$DynamicTypeSolver@39ac9725 : java.lang.Object
	at com.github.javaparser.resolution.TypeSolver.solveType(TypeSolver.java:71)

101191     ERROR Test worker     d.u.i.k.n.b.TacletPBuilder Error in parsing taclet. de.uka.ilkd.key.util.parsing.BuildingException: Unsolved symbol in de.uka.ilkd.key.java.JavaParserFactory$DynamicTypeSolver@39ac9725 : java.lang.Object at file:/D:/a/key/key/key.core/build/resources/main/de/uka/ilkd/key/proof/rules/javaRules.key:3528:20
	at de.uka.ilkd.key.nparser.builder.AbstractBuilder.accept(AbstractBuilder.java:54)
Caused by: com.github.javaparser.resolution.UnsolvedSymbolException: Unsolved symbol in de.uka.ilkd.key.java.JavaParserFactory$DynamicTypeSolver@39ac9725 : java.lang.Object
	at com.github.javaparser.resolution.TypeSolver.solveType(TypeSolver.java:71)

101191     ERROR Test worker     d.u.i.k.n.b.AbstractBuilder  com.github.javaparser.resolution.UnsolvedSymbolException: Unsolved symbol in de.uka.ilkd.key.java.JavaParserFactory$DynamicTypeSolver@39ac9725 : java.lang.Object
	at com.github.javaparser.resolution.TypeSolver.solveType(TypeSolver.java:71)

101191     ERROR Test worker     d.u.i.k.n.b.TacletPBuilder Error in parsing taclet. de.uka.ilkd.key.util.parsing.BuildingException: Unsolved symbol in de.uka.ilkd.key.java.JavaParserFactory$DynamicTypeSolver@39ac9725 : java.lang.Object at file:/D:/a/key/key/key.core/build/resources/main/de/uka/ilkd/key/proof/rules/javaRules.key:3533:15
	at de.uka.ilkd.key.nparser.builder.AbstractBuilder.accept(AbstractBuilder.java:54)
Caused by: com.github.javaparser.resolution.UnsolvedSymbolException: Unsolved symbol in de.uka.ilkd.key.java.JavaParserFactory$DynamicTypeSolver@39ac9725 : java.lang.Object
	at com.github.javaparser.resolution.TypeSolver.solveType(TypeSolver.java:71)

101191     ERROR Test worker     d.u.i.k.n.b.AbstractBuilder  com.github.javaparser.resolution.UnsolvedSymbolException: Unsolved symbol in de.uka.ilkd.key.java.JavaParserFactory$DynamicTypeSolver@39ac9725 : java.lang.Object
	at com.github.javaparser.resolution.TypeSolver.solveType(TypeSolver.java:71)

101191     ERROR Test worker     d.u.i.k.n.b.TacletPBuilder Error in parsing taclet. de.uka.ilkd.key.util.parsing.BuildingException: Unsolved symbol in de.uka.ilkd.key.java.JavaParserFactory$DynamicTypeSolver@39ac9725 : java.lang.Object at file:/D:/a/key/key/key.core/build/resources/main/de/uka/ilkd/key/proof/rules/javaRules.key:3538:15
	at de.uka.ilkd.key.nparser.builder.AbstractBuilder.accept(AbstractBuilder.java:54)
Caused by: com.github.javaparser.resolution.UnsolvedSymbolException: Unsolved symbol in de.uka.ilkd.key.java.JavaParserFactory$DynamicTypeSolver@39ac9725 : java.lang.Object
	at com.github.javaparser.resolution.TypeSolver.solveType(TypeSolver.java:71)

101191     ERROR Test worker     d.u.i.k.n.b.AbstractBuilder  com.github.javaparser.resolution.UnsolvedSymbolException: Unsolved symbol in de.uka.ilkd.key.java.JavaParserFactory$DynamicTypeSolver@39ac9725 : java.lang.Object
	at com.github.javaparser.resolution.TypeSolver.solveType(TypeSolver.java:71)

101191     ERROR Test worker     d.u.i.k.n.b.TacletPBuilder Error in parsing taclet. de.uka.ilkd.key.util.parsing.BuildingException: Unsolved symbol in de.uka.ilkd.key.java.JavaParserFactory$DynamicTypeSolver@39ac9725 : java.lang.Object at file:/D:/a/key/key/key.core/build/resources/main/de/uka/ilkd/key/proof/rules/javaRules.key:3545:23
	at de.uka.ilkd.key.nparser.builder.AbstractBuilder.accept(AbstractBuilder.java:54)
Caused by: com.github.javaparser.resolution.UnsolvedSymbolException: Unsolved symbol in de.uka.ilkd.key.java.JavaParserFactory$DynamicTypeSolver@39ac9725 : java.lang.Object
	at com.github.javaparser.resolution.TypeSolver.solveType(TypeSolver.java:71)

101191     ERROR Test worker     d.u.i.k.n.b.AbstractBuilder  com.github.javaparser.resolution.UnsolvedSymbolException: Unsolved symbol in de.uka.ilkd.key.java.JavaParserFactory$DynamicTypeSolver@39ac9725 : java.lang.Object
	at com.github.javaparser.resolution.TypeSolver.solveType(TypeSolver.java:71)

101191     ERROR Test worker     d.u.i.k.n.b.TacletPBuilder Error in parsing taclet. de.uka.ilkd.key.util.parsing.BuildingException: Unsolved symbol in de.uka.ilkd.key.java.JavaParserFactory$DynamicTypeSolver@39ac9725 : java.lang.Object at file:/D:/a/key/key/key.core/build/resources/main/de/uka/ilkd/key/proof/rules/javaRules.key:3551:18
	at de.uka.ilkd.key.nparser.builder.AbstractBuilder.accept(AbstractBuilder.java:54)
Caused by: com.github.javaparser.resolution.UnsolvedSymbolException: Unsolved symbol in de.uka.ilkd.key.java.JavaParserFactory$DynamicTypeSolver@39ac9725 : java.lang.Object
	at com.github.javaparser.resolution.TypeSolver.solveType(TypeSolver.java:71)

101191     ERROR Test worker     d.u.i.k.n.b.AbstractBuilder  com.github.javaparser.resolution.UnsolvedSymbolException: Unsolved symbol in de.uka.ilkd.key.java.JavaParserFactory$DynamicTypeSolver@39ac9725 : java.lang.Object
	at com.github.javaparser.resolution.TypeSolver.solveType(TypeSolver.java:71)

101191     ERROR Test worker     d.u.i.k.n.b.TacletPBuilder Error in parsing taclet. de.uka.ilkd.key.util.parsing.BuildingException: Unsolved symbol in de.uka.ilkd.key.java.JavaParserFactory$DynamicTypeSolver@39ac9725 : java.lang.Object at file:/D:/a/key/key/key.core/build/resources/main/de/uka/ilkd/key/proof/rules/javaRules.key:3557:23
	at de.uka.ilkd.key.nparser.builder.AbstractBuilder.accept(AbstractBuilder.java:54)
Caused by: com.github.javaparser.resolution.UnsolvedSymbolException: Unsolved symbol in de.uka.ilkd.key.java.JavaParserFactory$DynamicTypeSolver@39ac9725 : java.lang.Object
	at com.github.javaparser.resolution.TypeSolver.solveType(TypeSolver.java:71)

101191     ERROR Test worker     d.u.i.k.n.b.AbstractBuilder  com.github.javaparser.resolution.UnsolvedSymbolException: Unsolved symbol in de.uka.ilkd.key.java.JavaParserFactory$DynamicTypeSolver@39ac9725 : java.lang.Object
	at com.github.javaparser.resolution.TypeSolver.solveType(TypeSolver.java:71)

101191     ERROR Test worker     d.u.i.k.n.b.TacletPBuilder Error in parsing taclet. de.uka.ilkd.key.util.parsing.BuildingException: Unsolved symbol in de.uka.ilkd.key.java.JavaParserFactory$DynamicTypeSolver@39ac9725 : java.lang.Object at file:/D:/a/key/key/key.core/build/resources/main/de/uka/ilkd/key/proof/rules/javaRules.key:3563:18
	at de.uka.ilkd.key.nparser.builder.AbstractBuilder.accept(AbstractBuilder.java:54)
Caused by: com.github.javaparser.resolution.UnsolvedSymbolException: Unsolved symbol in de.uka.ilkd.key.java.JavaParserFactory$DynamicTypeSolver@39ac9725 : java.lang.Object
	at com.github.javaparser.resolution.TypeSolver.solveType(TypeSolver.java:71)

101206     ERROR Test worker     d.u.i.k.n.b.AbstractBuilder  com.github.javaparser.resolution.UnsolvedSymbolException: Unsolved symbol in de.uka.ilkd.key.java.JavaParserFactory$DynamicTypeSolver@39ac9725 : java.lang.Object
	at com.github.javaparser.resolution.TypeSolver.solveType(TypeSolver.java:71)

101206     ERROR Test worker     d.u.i.k.n.b.TacletPBuilder Error in parsing taclet. de.uka.ilkd.key.util.parsing.BuildingException: Unsolved symbol in de.uka.ilkd.key.java.JavaParserFactory$DynamicTypeSolver@39ac9725 : java.lang.Object at file:/D:/a/key/key/key.core/build/resources/main/de/uka/ilkd/key/proof/rules/javaRules.key:3569:15
	at de.uka.ilkd.key.nparser.builder.AbstractBuilder.accept(AbstractBuilder.java:54)
Caused by: com.github.javaparser.resolution.UnsolvedSymbolException: Unsolved symbol in de.uka.ilkd.key.java.JavaParserFactory$DynamicTypeSolver@39ac9725 : java.lang.Object
	at com.github.javaparser.resolution.TypeSolver.solveType(TypeSolver.java:71)

101206     ERROR Test worker     d.u.i.k.n.b.AbstractBuilder  com.github.javaparser.resolution.UnsolvedSymbolException: Unsolved symbol in de.uka.ilkd.key.java.JavaParserFactory$DynamicTypeSolver@39ac9725 : java.lang.Object
	at com.github.javaparser.resolution.TypeSolver.solveType(TypeSolver.java:71)

101206     ERROR Test worker     d.u.i.k.n.b.TacletPBuilder Error in parsing taclet. de.uka.ilkd.key.util.parsing.BuildingException: Unsolved symbol in de.uka.ilkd.key.java.JavaParserFactory$DynamicTypeSolver@39ac9725 : java.lang.Object at file:/D:/a/key/key/key.core/build/resources/main/de/uka/ilkd/key/proof/rules/javaRules.key:3576:15
	at de.uka.ilkd.key.nparser.builder.AbstractBuilder.accept(AbstractBuilder.java:54)
Caused by: com.github.javaparser.resolution.UnsolvedSymbolException: Unsolved symbol in de.uka.ilkd.key.java.JavaParserFactory$DynamicTypeSolver@39ac9725 : java.lang.Object
	at com.github.javaparser.resolution.TypeSolver.solveType(TypeSolver.java:71)

101206     ERROR Test worker     d.u.i.k.n.b.AbstractBuilder  com.github.javaparser.resolution.UnsolvedSymbolException: Unsolved symbol in de.uka.ilkd.key.java.JavaParserFactory$DynamicTypeSolver@39ac9725 : java.lang.Object
	at com.github.javaparser.resolution.TypeSolver.solveType(TypeSolver.java:71)

101206     ERROR Test worker     d.u.i.k.n.b.TacletPBuilder Error in parsing taclet. de.uka.ilkd.key.util.parsing.BuildingException: Unsolved symbol in de.uka.ilkd.key.java.JavaParserFactory$DynamicTypeSolver@39ac9725 : java.lang.Object at file:/D:/a/key/key/key.core/build/resources/main/de/uka/ilkd/key/proof/rules/javaRules.key:3583:15
	at de.uka.ilkd.key.nparser.builder.AbstractBuilder.accept(AbstractBuilder.java:54)
Caused by: com.github.javaparser.resolution.UnsolvedSymbolException: Unsolved symbol in de.uka.ilkd.key.java.JavaParserFactory$DynamicTypeSolver@39ac9725 : java.lang.Object
	at com.github.javaparser.resolution.TypeSolver.solveType(TypeSolver.java:71)

101206     ERROR Test worker     d.u.i.k.n.b.AbstractBuilder  com.github.javaparser.resolution.UnsolvedSymbolException: Unsolved symbol in de.uka.ilkd.key.java.JavaParserFactory$DynamicTypeSolver@39ac9725 : java.lang.Object
	at com.github.javaparser.resolution.TypeSolver.solveType(TypeSolver.java:71)

101206     ERROR Test worker     d.u.i.k.n.b.TacletPBuilder Error in parsing taclet. de.uka.ilkd.key.util.parsing.BuildingException: Unsolved symbol in de.uka.ilkd.key.java.JavaParserFactory$DynamicTypeSolver@39ac9725 : java.lang.Object at file:/D:/a/key/key/key.core/build/resources/main/de/uka/ilkd/key/proof/rules/javaRules.key:3589:15
	at de.uka.ilkd.key.nparser.builder.AbstractBuilder.accept(AbstractBuilder.java:54)
Caused by: com.github.javaparser.resolution.UnsolvedSymbolException: Unsolved symbol in de.uka.ilkd.key.java.JavaParserFactory$DynamicTypeSolver@39ac9725 : java.lang.Object
	at com.github.javaparser.resolution.TypeSolver.solveType(TypeSolver.java:71)

101206     ERROR Test worker     d.u.i.k.n.b.AbstractBuilder  com.github.javaparser.resolution.UnsolvedSymbolException: Unsolved symbol in de.uka.ilkd.key.java.JavaParserFactory$DynamicTypeSolver@39ac9725 : java.lang.Object
	at com.github.javaparser.resolution.TypeSolver.solveType(TypeSolver.java:71)

101206     ERROR Test worker     d.u.i.k.n.b.TacletPBuilder Error in parsing taclet. de.uka.ilkd.key.util.parsing.BuildingException: Unsolved symbol in de.uka.ilkd.key.java.JavaParserFactory$DynamicTypeSolver@39ac9725 : java.lang.Object at file:/D:/a/key/key/key.core/build/resources/main/de/uka/ilkd/key/proof/rules/javaRules.key:3596:15
	at de.uka.ilkd.key.nparser.builder.AbstractBuilder.accept(AbstractBuilder.java:54)
Caused by: com.github.javaparser.resolution.UnsolvedSymbolException: Unsolved symbol in de.uka.ilkd.key.java.JavaParserFactory$DynamicTypeSolver@39ac9725 : java.lang.Object
	at com.github.javaparser.resolution.TypeSolver.solveType(TypeSolver.java:71)

101206     ERROR Test worker     d.u.i.k.n.b.AbstractBuilder  com.github.javaparser.resolution.UnsolvedSymbolException: Unsolved symbol in de.uka.ilkd.key.java.JavaParserFactory$DynamicTypeSolver@39ac9725 : java.lang.Object
	at com.github.javaparser.resolution.TypeSolver.solveType(TypeSolver.java:71)

101206     ERROR Test worker     d.u.i.k.n.b.TacletPBuilder Error in parsing taclet. de.uka.ilkd.key.util.parsing.BuildingException: Unsolved symbol in de.uka.ilkd.key.java.JavaParserFactory$DynamicTypeSolver@39ac9725 : java.lang.Object at file:/D:/a/key/key/key.core/build/resources/main/de/uka/ilkd/key/proof/rules/javaRules.key:3608:15
	at de.uka.ilkd.key.nparser.builder.AbstractBuilder.accept(AbstractBuilder.java:54)
Caused by: com.github.javaparser.resolution.UnsolvedSymbolException: Unsolved symbol in de.uka.ilkd.key.java.JavaParserFactory$DynamicTypeSolver@39ac9725 : java.lang.Object
	at com.github.javaparser.resolution.TypeSolver.solveType(TypeSolver.java:71)

101206     ERROR Test worker     d.u.i.k.n.b.AbstractBuilder  com.github.javaparser.resolution.UnsolvedSymbolException: Unsolved symbol in de.uka.ilkd.key.java.JavaParserFactory$DynamicTypeSolver@39ac9725 : java.lang.Object
	at com.github.javaparser.resolution.TypeSolver.solveType(TypeSolver.java:71)

101206     ERROR Test worker     d.u.i.k.n.b.TacletPBuilder Error in parsing taclet. de.uka.ilkd.key.util.parsing.BuildingException: Unsolved symbol in de.uka.ilkd.key.java.JavaParserFactory$DynamicTypeSolver@39ac9725 : java.lang.Object at file:/D:/a/key/key/key.core/build/resources/main/de/uka/ilkd/key/proof/rules/javaRules.key:3622:15
	at de.uka.ilkd.key.nparser.builder.AbstractBuilder.accept(AbstractBuilder.java:54)
Caused by: com.github.javaparser.resolution.UnsolvedSymbolException: Unsolved symbol in de.uka.ilkd.key.java.JavaParserFactory$DynamicTypeSolver@39ac9725 : java.lang.Object
	at com.github.javaparser.resolution.TypeSolver.solveType(TypeSolver.java:71)

101206     ERROR Test worker     d.u.i.k.n.b.AbstractBuilder  com.github.javaparser.resolution.UnsolvedSymbolException: Unsolved symbol in de.uka.ilkd.key.java.JavaParserFactory$DynamicTypeSolver@39ac9725 : java.lang.Object
	at com.github.javaparser.resolution.TypeSolver.solveType(TypeSolver.java:71)

101206     ERROR Test worker     d.u.i.k.n.b.TacletPBuilder Error in parsing taclet. de.uka.ilkd.key.util.parsing.BuildingException: Unsolved symbol in de.uka.ilkd.key.java.JavaParserFactory$DynamicTypeSolver@39ac9725 : java.lang.Object at file:/D:/a/key/key/key.core/build/resources/main/de/uka/ilkd/key/proof/rules/javaRules.key:3635:15
	at de.uka.ilkd.key.nparser.builder.AbstractBuilder.accept(AbstractBuilder.java:54)
Caused by: com.github.javaparser.resolution.UnsolvedSymbolException: Unsolved symbol in de.uka.ilkd.key.java.JavaParserFactory$DynamicTypeSolver@39ac9725 : java.lang.Object
	at com.github.javaparser.resolution.TypeSolver.solveType(TypeSolver.java:71)

101222     ERROR Test worker     d.u.i.k.n.b.AbstractBuilder  com.github.javaparser.resolution.UnsolvedSymbolException: Unsolved symbol in de.uka.ilkd.key.java.JavaParserFactory$DynamicTypeSolver@39ac9725 : java.lang.Object
	at com.github.javaparser.resolution.TypeSolver.solveType(TypeSolver.java:71)

101222     ERROR Test worker     d.u.i.k.n.b.TacletPBuilder Error in parsing taclet. de.uka.ilkd.key.util.parsing.BuildingException: Unsolved symbol in de.uka.ilkd.key.java.JavaParserFactory$DynamicTypeSolver@39ac9725 : java.lang.Object at file:/D:/a/key/key/key.core/build/resources/main/de/uka/ilkd/key/proof/rules/javaRules.key:3650:15
	at de.uka.ilkd.key.nparser.builder.AbstractBuilder.accept(AbstractBuilder.java:54)
Caused by: com.github.javaparser.resolution.UnsolvedSymbolException: Unsolved symbol in de.uka.ilkd.key.java.JavaParserFactory$DynamicTypeSolver@39ac9725 : java.lang.Object
	at com.github.javaparser.resolution.TypeSolver.solveType(TypeSolver.java:71)

101222     ERROR Test worker     d.u.i.k.n.b.AbstractBuilder  com.github.javaparser.resolution.UnsolvedSymbolException: Unsolved symbol in de.uka.ilkd.key.java.JavaParserFactory$DynamicTypeSolver@39ac9725 : java.lang.Object
	at com.github.javaparser.resolution.TypeSolver.solveType(TypeSolver.java:71)

101222     ERROR Test worker     d.u.i.k.n.b.TacletPBuilder Error in parsing taclet. de.uka.ilkd.key.util.parsing.BuildingException: Unsolved symbol in de.uka.ilkd.key.java.JavaParserFactory$DynamicTypeSolver@39ac9725 : java.lang.Object at file:/D:/a/key/key/key.core/build/resources/main/de/uka/ilkd/key/proof/rules/javaRules.key:3671:15
	at de.uka.ilkd.key.nparser.builder.AbstractBuilder.accept(AbstractBuilder.java:54)
Caused by: com.github.javaparser.resolution.UnsolvedSymbolException: Unsolved symbol in de.uka.ilkd.key.java.JavaParserFactory$DynamicTypeSolver@39ac9725 : java.lang.Object
	at com.github.javaparser.resolution.TypeSolver.solveType(TypeSolver.java:71)

101222     ERROR Test worker     d.u.i.k.n.b.AbstractBuilder  com.github.javaparser.resolution.UnsolvedSymbolException: Unsolved symbol in de.uka.ilkd.key.java.JavaParserFactory$DynamicTypeSolver@39ac9725 : java.lang.Object
	at com.github.javaparser.resolution.TypeSolver.solveType(TypeSolver.java:71)

101222     ERROR Test worker     d.u.i.k.n.b.TacletPBuilder Error in parsing taclet. de.uka.ilkd.key.util.parsing.BuildingException: Unsolved symbol in de.uka.ilkd.key.java.JavaParserFactory$DynamicTypeSolver@39ac9725 : java.lang.Object at file:/D:/a/key/key/key.core/build/resources/main/de/uka/ilkd/key/proof/rules/javaRules.key:3682:15
	at de.uka.ilkd.key.nparser.builder.AbstractBuilder.accept(AbstractBuilder.java:54)
Caused by: com.github.javaparser.resolution.UnsolvedSymbolException: Unsolved symbol in de.uka.ilkd.key.java.JavaParserFactory$DynamicTypeSolver@39ac9725 : java.lang.Object
	at com.github.javaparser.resolution.TypeSolver.solveType(TypeSolver.java:71)

101222     ERROR Test worker     d.u.i.k.n.b.AbstractBuilder  com.github.javaparser.resolution.UnsolvedSymbolException: Unsolved symbol in de.uka.ilkd.key.java.JavaParserFactory$DynamicTypeSolver@39ac9725 : java.lang.Object
	at com.github.javaparser.resolution.TypeSolver.solveType(TypeSolver.java:71)

101222     ERROR Test worker     d.u.i.k.n.b.TacletPBuilder Error in parsing taclet. de.uka.ilkd.key.util.parsing.BuildingException: Unsolved symbol in de.uka.ilkd.key.java.JavaParserFactory$DynamicTypeSolver@39ac9725 : java.lang.Object at file:/D:/a/key/key/key.core/build/resources/main/de/uka/ilkd/key/proof/rules/javaRules.key:3695:15
	at de.uka.ilkd.key.nparser.builder.AbstractBuilder.accept(AbstractBuilder.java:54)
Caused by: com.github.javaparser.resolution.UnsolvedSymbolException: Unsolved symbol in de.uka.ilkd.key.java.JavaParserFactory$DynamicTypeSolver@39ac9725 : java.lang.Object
	at com.github.javaparser.resolution.TypeSolver.solveType(TypeSolver.java:71)

101222     ERROR Test worker     d.u.i.k.n.b.AbstractBuilder  com.github.javaparser.resolution.UnsolvedSymbolException: Unsolved symbol in de.uka.ilkd.key.java.JavaParserFactory$DynamicTypeSolver@39ac9725 : java.lang.Object
	at com.github.javaparser.resolution.TypeSolver.solveType(TypeSolver.java:71)

101222     ERROR Test worker     d.u.i.k.n.b.TacletPBuilder Error in parsing taclet. de.uka.ilkd.key.util.parsing.BuildingException: Unsolved symbol in de.uka.ilkd.key.java.JavaParserFactory$DynamicTypeSolver@39ac9725 : java.lang.Object at file:/D:/a/key/key/key.core/build/resources/main/de/uka/ilkd/key/proof/rules/javaRules.key:3702:15
	at de.uka.ilkd.key.nparser.builder.AbstractBuilder.accept(AbstractBuilder.java:54)
Caused by: com.github.javaparser.resolution.UnsolvedSymbolException: Unsolved symbol in de.uka.ilkd.key.java.JavaParserFactory$DynamicTypeSolver@39ac9725 : java.lang.Object
	at com.github.javaparser.resolution.TypeSolver.solveType(TypeSolver.java:71)

101222     ERROR Test worker     d.u.i.k.n.b.AbstractBuilder  com.github.javaparser.resolution.UnsolvedSymbolException: Unsolved symbol in de.uka.ilkd.key.java.JavaParserFactory$DynamicTypeSolver@39ac9725 : java.lang.Object
	at com.github.javaparser.resolution.TypeSolver.solveType(TypeSolver.java:71)

101222     ERROR Test worker     d.u.i.k.n.b.TacletPBuilder Error in parsing taclet. de.uka.ilkd.key.util.parsing.BuildingException: Unsolved symbol in de.uka.ilkd.key.java.JavaParserFactory$DynamicTypeSolver@39ac9725 : java.lang.Object at file:/D:/a/key/key/key.core/build/resources/main/de/uka/ilkd/key/proof/rules/javaRules.key:3712:15
	at de.uka.ilkd.key.nparser.builder.AbstractBuilder.accept(AbstractBuilder.java:54)
Caused by: com.github.javaparser.resolution.UnsolvedSymbolException: Unsolved symbol in de.uka.ilkd.key.java.JavaParserFactory$DynamicTypeSolver@39ac9725 : java.lang.Object
	at com.github.javaparser.resolution.TypeSolver.solveType(TypeSolver.java:71)

101222     ERROR Test worker     d.u.i.k.n.b.AbstractBuilder  com.github.javaparser.resolution.UnsolvedSymbolException: Unsolved symbol in de.uka.ilkd.key.java.JavaParserFactory$DynamicTypeSolver@39ac9725 : java.lang.Object
	at com.github.javaparser.resolution.TypeSolver.solveType(TypeSolver.java:71)

101222     ERROR Test worker     d.u.i.k.n.b.TacletPBuilder Error in parsing taclet. de.uka.ilkd.key.util.parsing.BuildingException: Unsolved symbol in de.uka.ilkd.key.java.JavaParserFactory$DynamicTypeSolver@39ac9725 : java.lang.Object at file:/D:/a/key/key/key.core/build/resources/main/de/uka/ilkd/key/proof/rules/javaRules.key:3723:15
	at de.uka.ilkd.key.nparser.builder.AbstractBuilder.accept(AbstractBuilder.java:54)
Caused by: com.github.javaparser.resolution.UnsolvedSymbolException: Unsolved symbol in de.uka.ilkd.key.java.JavaParserFactory$DynamicTypeSolver@39ac9725 : java.lang.Object
	at com.github.javaparser.resolution.TypeSolver.solveType(TypeSolver.java:71)

101222     ERROR Test worker     d.u.i.k.n.b.AbstractBuilder  com.github.javaparser.resolution.UnsolvedSymbolException: Unsolved symbol in de.uka.ilkd.key.java.JavaParserFactory$DynamicTypeSolver@39ac9725 : java.lang.Object
	at com.github.javaparser.resolution.TypeSolver.solveType(TypeSolver.java:71)

101222     ERROR Test worker     d.u.i.k.n.b.TacletPBuilder Error in parsing taclet. de.uka.ilkd.key.util.parsing.BuildingException: Unsolved symbol in de.uka.ilkd.key.java.JavaParserFactory$DynamicTypeSolver@39ac9725 : java.lang.Object at file:/D:/a/key/key/key.core/build/resources/main/de/uka/ilkd/key/proof/rules/javaRules.key:3735:15
	at de.uka.ilkd.key.nparser.builder.AbstractBuilder.accept(AbstractBuilder.java:54)
Caused by: com.github.javaparser.resolution.UnsolvedSymbolException: Unsolved symbol in de.uka.ilkd.key.java.JavaParserFactory$DynamicTypeSolver@39ac9725 : java.lang.Object
	at com.github.javaparser.resolution.TypeSolver.solveType(TypeSolver.java:71)

101222     ERROR Test worker     d.u.i.k.n.b.AbstractBuilder  com.github.javaparser.resolution.UnsolvedSymbolException: Unsolved symbol in de.uka.ilkd.key.java.JavaParserFactory$DynamicTypeSolver@39ac9725 : java.lang.Object
	at com.github.javaparser.resolution.TypeSolver.solveType(TypeSolver.java:71)

101237     ERROR Test worker     d.u.i.k.n.b.TacletPBuilder Error in parsing taclet. de.uka.ilkd.key.util.parsing.BuildingException: Unsolved symbol in de.uka.ilkd.key.java.JavaParserFactory$DynamicTypeSolver@39ac9725 : java.lang.Object at file:/D:/a/key/key/key.core/build/resources/main/de/uka/ilkd/key/proof/rules/javaRules.key:3747:15
	at de.uka.ilkd.key.nparser.builder.AbstractBuilder.accept(AbstractBuilder.java:54)
Caused by: com.github.javaparser.resolution.UnsolvedSymbolException: Unsolved symbol in de.uka.ilkd.key.java.JavaParserFactory$DynamicTypeSolver@39ac9725 : java.lang.Object
	at com.github.javaparser.resolution.TypeSolver.solveType(TypeSolver.java:71)

101237     ERROR Test worker     d.u.i.k.n.b.AbstractBuilder  com.github.javaparser.resolution.UnsolvedSymbolException: Unsolved symbol in de.uka.ilkd.key.java.JavaParserFactory$DynamicTypeSolver@39ac9725 : java.lang.Object
	at com.github.javaparser.resolution.TypeSolver.solveType(TypeSolver.java:71)

101237     ERROR Test worker     d.u.i.k.n.b.TacletPBuilder Error in parsing taclet. de.uka.ilkd.key.util.parsing.BuildingException: Unsolved symbol in de.uka.ilkd.key.java.JavaParserFactory$DynamicTypeSolver@39ac9725 : java.lang.Object at file:/D:/a/key/key/key.core/build/resources/main/de/uka/ilkd/key/proof/rules/javaRules.key:3761:15
	at de.uka.ilkd.key.nparser.builder.AbstractBuilder.accept(AbstractBuilder.java:54)
Caused by: com.github.javaparser.resolution.UnsolvedSymbolException: Unsolved symbol in de.uka.ilkd.key.java.JavaParserFactory$DynamicTypeSolver@39ac9725 : java.lang.Object
	at com.github.javaparser.resolution.TypeSolver.solveType(TypeSolver.java:71)

101237     ERROR Test worker     d.u.i.k.n.b.AbstractBuilder  com.github.javaparser.resolution.UnsolvedSymbolException: Unsolved symbol in de.uka.ilkd.key.java.JavaParserFactory$DynamicTypeSolver@39ac9725 : java.lang.Object
	at com.github.javaparser.resolution.TypeSolver.solveType(TypeSolver.java:71)

101237     ERROR Test worker     d.u.i.k.n.b.TacletPBuilder Error in parsing taclet. de.uka.ilkd.key.util.parsing.BuildingException: Unsolved symbol in de.uka.ilkd.key.java.JavaParserFactory$DynamicTypeSolver@39ac9725 : java.lang.Object at file:/D:/a/key/key/key.core/build/resources/main/de/uka/ilkd/key/proof/rules/javaRules.key:3769:15
	at de.uka.ilkd.key.nparser.builder.AbstractBuilder.accept(AbstractBuilder.java:54)
Caused by: com.github.javaparser.resolution.UnsolvedSymbolException: Unsolved symbol in de.uka.ilkd.key.java.JavaParserFactory$DynamicTypeSolver@39ac9725 : java.lang.Object
	at com.github.javaparser.resolution.TypeSolver.solveType(TypeSolver.java:71)

101237     ERROR Test worker     d.u.i.k.n.b.AbstractBuilder  com.github.javaparser.resolution.UnsolvedSymbolException: Unsolved symbol in de.uka.ilkd.key.java.JavaParserFactory$DynamicTypeSolver@39ac9725 : java.lang.Object
	at com.github.javaparser.resolution.TypeSolver.solveType(TypeSolver.java:71)

101237     ERROR Test worker     d.u.i.k.n.b.TacletPBuilder Error in parsing taclet. de.uka.ilkd.key.util.parsing.BuildingException: Unsolved symbol in de.uka.ilkd.key.java.JavaParserFactory$DynamicTypeSolver@39ac9725 : java.lang.Object at file:/D:/a/key/key/key.core/build/resources/main/de/uka/ilkd/key/proof/rules/javaRules.key:3780:15
	at de.uka.ilkd.key.nparser.builder.AbstractBuilder.accept(AbstractBuilder.java:54)
Caused by: com.github.javaparser.resolution.UnsolvedSymbolException: Unsolved symbol in de.uka.ilkd.key.java.JavaParserFactory$DynamicTypeSolver@39ac9725 : java.lang.Object
	at com.github.javaparser.resolution.TypeSolver.solveType(TypeSolver.java:71)

101237     ERROR Test worker     d.u.i.k.n.b.AbstractBuilder  com.github.javaparser.resolution.UnsolvedSymbolException: Unsolved symbol in de.uka.ilkd.key.java.JavaParserFactory$DynamicTypeSolver@39ac9725 : java.lang.Object
	at com.github.javaparser.resolution.TypeSolver.solveType(TypeSolver.java:71)

101237     ERROR Test worker     d.u.i.k.n.b.TacletPBuilder Error in parsing taclet. de.uka.ilkd.key.util.parsing.BuildingException: Unsolved symbol in de.uka.ilkd.key.java.JavaParserFactory$DynamicTypeSolver@39ac9725 : java.lang.Object at file:/D:/a/key/key/key.core/build/resources/main/de/uka/ilkd/key/proof/rules/javaRules.key:3792:15
	at de.uka.ilkd.key.nparser.builder.AbstractBuilder.accept(AbstractBuilder.java:54)
Caused by: com.github.javaparser.resolution.UnsolvedSymbolException: Unsolved symbol in de.uka.ilkd.key.java.JavaParserFactory$DynamicTypeSolver@39ac9725 : java.lang.Object
	at com.github.javaparser.resolution.TypeSolver.solveType(TypeSolver.java:71)

101237     ERROR Test worker     d.u.i.k.n.b.AbstractBuilder  com.github.javaparser.resolution.UnsolvedSymbolException: Unsolved symbol in de.uka.ilkd.key.java.JavaParserFactory$DynamicTypeSolver@39ac9725 : java.lang.Object
	at com.github.javaparser.resolution.TypeSolver.solveType(TypeSolver.java:71)

101237     ERROR Test worker     d.u.i.k.n.b.TacletPBuilder Error in parsing taclet. de.uka.ilkd.key.util.parsing.BuildingException: Unsolved symbol in de.uka.ilkd.key.java.JavaParserFactory$DynamicTypeSolver@39ac9725 : java.lang.Object at file:/D:/a/key/key/key.core/build/resources/main/de/uka/ilkd/key/proof/rules/javaRules.key:3803:15
	at de.uka.ilkd.key.nparser.builder.AbstractBuilder.accept(AbstractBuilder.java:54)
Caused by: com.github.javaparser.resolution.UnsolvedSymbolException: Unsolved symbol in de.uka.ilkd.key.java.JavaParserFactory$DynamicTypeSolver@39ac9725 : java.lang.Object
	at com.github.javaparser.resolution.TypeSolver.solveType(TypeSolver.java:71)

101237     ERROR Test worker     d.u.i.k.n.b.AbstractBuilder  com.github.javaparser.resolution.UnsolvedSymbolException: Unsolved symbol in de.uka.ilkd.key.java.JavaParserFactory$DynamicTypeSolver@39ac9725 : java.lang.Object
	at com.github.javaparser.resolution.TypeSolver.solveType(TypeSolver.java:71)

101237     ERROR Test worker     d.u.i.k.n.b.TacletPBuilder Error in parsing taclet. de.uka.ilkd.key.util.parsing.BuildingException: Unsolved symbol in de.uka.ilkd.key.java.JavaParserFactory$DynamicTypeSolver@39ac9725 : java.lang.Object at file:/D:/a/key/key/key.core/build/resources/main/de/uka/ilkd/key/proof/rules/javaRules.key:3810:15
	at de.uka.ilkd.key.nparser.builder.AbstractBuilder.accept(AbstractBuilder.java:54)
Caused by: com.github.javaparser.resolution.UnsolvedSymbolException: Unsolved symbol in de.uka.ilkd.key.java.JavaParserFactory$DynamicTypeSolver@39ac9725 : java.lang.Object
	at com.github.javaparser.resolution.TypeSolver.solveType(TypeSolver.java:71)

101237     ERROR Test worker     d.u.i.k.n.b.AbstractBuilder  com.github.javaparser.resolution.UnsolvedSymbolException: Unsolved symbol in de.uka.ilkd.key.java.JavaParserFactory$DynamicTypeSolver@39ac9725 : java.lang.Object
	at com.github.javaparser.resolution.TypeSolver.solveType(TypeSolver.java:71)

101237     ERROR Test worker     d.u.i.k.n.b.TacletPBuilder Error in parsing taclet. de.uka.ilkd.key.util.parsing.BuildingException: Unsolved symbol in de.uka.ilkd.key.java.JavaParserFactory$DynamicTypeSolver@39ac9725 : java.lang.Object at file:/D:/a/key/key/key.core/build/resources/main/de/uka/ilkd/key/proof/rules/javaRules.key:3817:15
	at de.uka.ilkd.key.nparser.builder.AbstractBuilder.accept(AbstractBuilder.java:54)
Caused by: com.github.javaparser.resolution.UnsolvedSymbolException: Unsolved symbol in de.uka.ilkd.key.java.JavaParserFactory$DynamicTypeSolver@39ac9725 : java.lang.Object
	at com.github.javaparser.resolution.TypeSolver.solveType(TypeSolver.java:71)

101237     ERROR Test worker     d.u.i.k.n.b.AbstractBuilder  com.github.javaparser.resolution.UnsolvedSymbolException: Unsolved symbol in de.uka.ilkd.key.java.JavaParserFactory$DynamicTypeSolver@39ac9725 : java.lang.Object
	at com.github.javaparser.resolution.TypeSolver.solveType(TypeSolver.java:71)

101237     ERROR Test worker     d.u.i.k.n.b.TacletPBuilder Error in parsing taclet. de.uka.ilkd.key.util.parsing.BuildingException: Unsolved symbol in de.uka.ilkd.key.java.JavaParserFactory$DynamicTypeSolver@39ac9725 : java.lang.Object at file:/D:/a/key/key/key.core/build/resources/main/de/uka/ilkd/key/proof/rules/javaRules.key:3828:15
	at de.uka.ilkd.key.nparser.builder.AbstractBuilder.accept(AbstractBuilder.java:54)
Caused by: com.github.javaparser.resolution.UnsolvedSymbolException: Unsolved symbol in de.uka.ilkd.key.java.JavaParserFactory$DynamicTypeSolver@39ac9725 : java.lang.Object
	at com.github.javaparser.resolution.TypeSolver.solveType(TypeSolver.java:71)

101253     ERROR Test worker     d.u.i.k.n.b.AbstractBuilder  com.github.javaparser.resolution.UnsolvedSymbolException: Unsolved symbol in de.uka.ilkd.key.java.JavaParserFactory$DynamicTypeSolver@39ac9725 : java.lang.Object
	at com.github.javaparser.resolution.TypeSolver.solveType(TypeSolver.java:71)

101253     ERROR Test worker     d.u.i.k.n.b.TacletPBuilder Error in parsing taclet. de.uka.ilkd.key.util.parsing.BuildingException: Unsolved symbol in de.uka.ilkd.key.java.JavaParserFactory$DynamicTypeSolver@39ac9725 : java.lang.Object at file:/D:/a/key/key/key.core/build/resources/main/de/uka/ilkd/key/proof/rules/loopRules.key:26:15
	at de.uka.ilkd.key.nparser.builder.AbstractBuilder.accept(AbstractBuilder.java:54)
Caused by: com.github.javaparser.resolution.UnsolvedSymbolException: Unsolved symbol in de.uka.ilkd.key.java.JavaParserFactory$DynamicTypeSolver@39ac9725 : java.lang.Object
	at com.github.javaparser.resolution.TypeSolver.solveType(TypeSolver.java:71)

101253     ERROR Test worker     d.u.i.k.n.b.AbstractBuilder  com.github.javaparser.resolution.UnsolvedSymbolException: Unsolved symbol in de.uka.ilkd.key.java.JavaParserFactory$DynamicTypeSolver@39ac9725 : java.lang.Object
	at com.github.javaparser.resolution.TypeSolver.solveType(TypeSolver.java:71)

101253     ERROR Test worker     d.u.i.k.n.b.TacletPBuilder Error in parsing taclet. de.uka.ilkd.key.util.parsing.BuildingException: Unsolved symbol in de.uka.ilkd.key.java.JavaParserFactory$DynamicTypeSolver@39ac9725 : java.lang.Object at file:/D:/a/key/key/key.core/build/resources/main/de/uka/ilkd/key/proof/rules/loopRules.key:34:15
	at de.uka.ilkd.key.nparser.builder.AbstractBuilder.accept(AbstractBuilder.java:54)
Caused by: com.github.javaparser.resolution.UnsolvedSymbolException: Unsolved symbol in de.uka.ilkd.key.java.JavaParserFactory$DynamicTypeSolver@39ac9725 : java.lang.Object
	at com.github.javaparser.resolution.TypeSolver.solveType(TypeSolver.java:71)

101269     ERROR Test worker     d.u.i.k.n.b.AbstractBuilder  com.github.javaparser.resolution.UnsolvedSymbolException: Unsolved symbol in de.uka.ilkd.key.java.JavaParserFactory$DynamicTypeSolver@39ac9725 : java.lang.Object
	at com.github.javaparser.resolution.TypeSolver.solveType(TypeSolver.java:71)

101269     ERROR Test worker     d.u.i.k.n.b.TacletPBuilder Error in parsing taclet. de.uka.ilkd.key.util.parsing.BuildingException: Unsolved symbol in de.uka.ilkd.key.java.JavaParserFactory$DynamicTypeSolver@39ac9725 : java.lang.Object at file:/D:/a/key/key/key.core/build/resources/main/de/uka/ilkd/key/proof/rules/loopRules.key:45:15
	at de.uka.ilkd.key.nparser.builder.AbstractBuilder.accept(AbstractBuilder.java:54)
Caused by: com.github.javaparser.resolution.UnsolvedSymbolException: Unsolved symbol in de.uka.ilkd.key.java.JavaParserFactory$DynamicTypeSolver@39ac9725 : java.lang.Object
	at com.github.javaparser.resolution.TypeSolver.solveType(TypeSolver.java:71)

101269     ERROR Test worker     d.u.i.k.n.b.AbstractBuilder  com.github.javaparser.resolution.UnsolvedSymbolException: Unsolved symbol in de.uka.ilkd.key.java.JavaParserFactory$DynamicTypeSolver@39ac9725 : java.lang.Object
	at com.github.javaparser.resolution.TypeSolver.solveType(TypeSolver.java:71)

101269     ERROR Test worker     d.u.i.k.n.b.TacletPBuilder Error in parsing taclet. de.uka.ilkd.key.util.parsing.BuildingException: Unsolved symbol in de.uka.ilkd.key.java.JavaParserFactory$DynamicTypeSolver@39ac9725 : java.lang.Object at file:/D:/a/key/key/key.core/build/resources/main/de/uka/ilkd/key/proof/rules/loopRules.key:52:15
	at de.uka.ilkd.key.nparser.builder.AbstractBuilder.accept(AbstractBuilder.java:54)
Caused by: com.github.javaparser.resolution.UnsolvedSymbolException: Unsolved symbol in de.uka.ilkd.key.java.JavaParserFactory$DynamicTypeSolver@39ac9725 : java.lang.Object
	at com.github.javaparser.resolution.TypeSolver.solveType(TypeSolver.java:71)

101284     ERROR Test worker     d.u.i.k.n.b.AbstractBuilder  com.github.javaparser.resolution.UnsolvedSymbolException: Unsolved symbol in de.uka.ilkd.key.java.JavaParserFactory$DynamicTypeSolver@39ac9725 : java.lang.Object
	at com.github.javaparser.resolution.TypeSolver.solveType(TypeSolver.java:71)

101284     ERROR Test worker     d.u.i.k.n.b.TacletPBuilder Error in parsing taclet. de.uka.ilkd.key.util.parsing.BuildingException: Unsolved symbol in de.uka.ilkd.key.java.JavaParserFactory$DynamicTypeSolver@39ac9725 : java.lang.Object at file:/D:/a/key/key/key.core/build/resources/main/de/uka/ilkd/key/proof/rules/activeUse.key:25:15
	at de.uka.ilkd.key.nparser.builder.AbstractBuilder.accept(AbstractBuilder.java:54)
Caused by: com.github.javaparser.resolution.UnsolvedSymbolException: Unsolved symbol in de.uka.ilkd.key.java.JavaParserFactory$DynamicTypeSolver@39ac9725 : java.lang.Object
	at com.github.javaparser.resolution.TypeSolver.solveType(TypeSolver.java:71)

101286     ERROR Test worker     d.u.i.k.n.b.AbstractBuilder  com.github.javaparser.resolution.UnsolvedSymbolException: Unsolved symbol in de.uka.ilkd.key.java.JavaParserFactory$DynamicTypeSolver@39ac9725 : java.lang.Object
	at com.github.javaparser.resolution.TypeSolver.solveType(TypeSolver.java:71)

101286     ERROR Test worker     d.u.i.k.n.b.TacletPBuilder Error in parsing taclet. de.uka.ilkd.key.util.parsing.BuildingException: Unsolved symbol in de.uka.ilkd.key.java.JavaParserFactory$DynamicTypeSolver@39ac9725 : java.lang.Object at file:/D:/a/key/key/key.core/build/resources/main/de/uka/ilkd/key/proof/rules/activeUse.key:38:15
	at de.uka.ilkd.key.nparser.builder.AbstractBuilder.accept(AbstractBuilder.java:54)
Caused by: com.github.javaparser.resolution.UnsolvedSymbolException: Unsolved symbol in de.uka.ilkd.key.java.JavaParserFactory$DynamicTypeSolver@39ac9725 : java.lang.Object
	at com.github.javaparser.resolution.TypeSolver.solveType(TypeSolver.java:71)

101286     ERROR Test worker     d.u.i.k.n.b.AbstractBuilder  com.github.javaparser.resolution.UnsolvedSymbolException: Unsolved symbol in de.uka.ilkd.key.java.JavaParserFactory$DynamicTypeSolver@39ac9725 : java.lang.Object
	at com.github.javaparser.resolution.TypeSolver.solveType(TypeSolver.java:71)

101286     ERROR Test worker     d.u.i.k.n.b.TacletPBuilder Error in parsing taclet. de.uka.ilkd.key.util.parsing.BuildingException: Unsolved symbol in de.uka.ilkd.key.java.JavaParserFactory$DynamicTypeSolver@39ac9725 : java.lang.Object at file:/D:/a/key/key/key.core/build/resources/main/de/uka/ilkd/key/proof/rules/activeUse.key:52:15
	at de.uka.ilkd.key.nparser.builder.AbstractBuilder.accept(AbstractBuilder.java:54)
Caused by: com.github.javaparser.resolution.UnsolvedSymbolException: Unsolved symbol in de.uka.ilkd.key.java.JavaParserFactory$DynamicTypeSolver@39ac9725 : java.lang.Object
	at com.github.javaparser.resolution.TypeSolver.solveType(TypeSolver.java:71)

101286     ERROR Test worker     d.u.i.k.n.b.TacletPBuilder Override: #arr (program Expression) #arr (program Expression) 
101286     ERROR Test worker     d.u.i.k.n.b.TacletPBuilder Override: #idx (program Expression) #idx (program Expression) 
101286     ERROR Test worker     d.u.i.k.n.b.AbstractBuilder  com.github.javaparser.resolution.UnsolvedSymbolException: Unsolved symbol in de.uka.ilkd.key.java.JavaParserFactory$DynamicTypeSolver@39ac9725 : java.lang.Object
	at com.github.javaparser.resolution.TypeSolver.solveType(TypeSolver.java:71)

101286     ERROR Test worker     d.u.i.k.n.b.TacletPBuilder Error in parsing taclet. de.uka.ilkd.key.util.parsing.BuildingException: Unsolved symbol in de.uka.ilkd.key.java.JavaParserFactory$DynamicTypeSolver@39ac9725 : java.lang.Object at file:/D:/a/key/key/key.core/build/resources/main/de/uka/ilkd/key/proof/rules/activeUse.key:66:15
	at de.uka.ilkd.key.nparser.builder.AbstractBuilder.accept(AbstractBuilder.java:54)
Caused by: com.github.javaparser.resolution.UnsolvedSymbolException: Unsolved symbol in de.uka.ilkd.key.java.JavaParserFactory$DynamicTypeSolver@39ac9725 : java.lang.Object
	at com.github.javaparser.resolution.TypeSolver.solveType(TypeSolver.java:71)

101286     ERROR Test worker     d.u.i.k.n.b.AbstractBuilder  com.github.javaparser.resolution.UnsolvedSymbolException: Unsolved symbol in de.uka.ilkd.key.java.JavaParserFactory$DynamicTypeSolver@39ac9725 : java.lang.Object
	at com.github.javaparser.resolution.TypeSolver.solveType(TypeSolver.java:71)

101286     ERROR Test worker     d.u.i.k.n.b.TacletPBuilder Error in parsing taclet. de.uka.ilkd.key.util.parsing.BuildingException: Unsolved symbol in de.uka.ilkd.key.java.JavaParserFactory$DynamicTypeSolver@39ac9725 : java.lang.Object at file:/D:/a/key/key/key.core/build/resources/main/de/uka/ilkd/key/proof/rules/activeUse.key:79:15
	at de.uka.ilkd.key.nparser.builder.AbstractBuilder.accept(AbstractBuilder.java:54)
Caused by: com.github.javaparser.resolution.UnsolvedSymbolException: Unsolved symbol in de.uka.ilkd.key.java.JavaParserFactory$DynamicTypeSolver@39ac9725 : java.lang.Object
	at com.github.javaparser.resolution.TypeSolver.solveType(TypeSolver.java:71)

101286     ERROR Test worker     d.u.i.k.n.b.AbstractBuilder  com.github.javaparser.resolution.UnsolvedSymbolException: Unsolved symbol in de.uka.ilkd.key.java.JavaParserFactory$DynamicTypeSolver@39ac9725 : java.lang.Object
	at com.github.javaparser.resolution.TypeSolver.solveType(TypeSolver.java:71)

101286     ERROR Test worker     d.u.i.k.n.b.TacletPBuilder Error in parsing taclet. de.uka.ilkd.key.util.parsing.BuildingException: Unsolved symbol in de.uka.ilkd.key.java.JavaParserFactory$DynamicTypeSolver@39ac9725 : java.lang.Object at file:/D:/a/key/key/key.core/build/resources/main/de/uka/ilkd/key/proof/rules/activeUse.key:92:15
	at de.uka.ilkd.key.nparser.builder.AbstractBuilder.accept(AbstractBuilder.java:54)
Caused by: com.github.javaparser.resolution.UnsolvedSymbolException: Unsolved symbol in de.uka.ilkd.key.java.JavaParserFactory$DynamicTypeSolver@39ac9725 : java.lang.Object
	at com.github.javaparser.resolution.TypeSolver.solveType(TypeSolver.java:71)

101286     ERROR Test worker     d.u.i.k.n.b.AbstractBuilder  com.github.javaparser.resolution.UnsolvedSymbolException: Unsolved symbol in de.uka.ilkd.key.java.JavaParserFactory$DynamicTypeSolver@39ac9725 : java.lang.Object
	at com.github.javaparser.resolution.TypeSolver.solveType(TypeSolver.java:71)

101286     ERROR Test worker     d.u.i.k.n.b.TacletPBuilder Error in parsing taclet. de.uka.ilkd.key.util.parsing.BuildingException: Unsolved symbol in de.uka.ilkd.key.java.JavaParserFactory$DynamicTypeSolver@39ac9725 : java.lang.Object at file:/D:/a/key/key/key.core/build/resources/main/de/uka/ilkd/key/proof/rules/activeUse.key:105:15
	at de.uka.ilkd.key.nparser.builder.AbstractBuilder.accept(AbstractBuilder.java:54)
Caused by: com.github.javaparser.resolution.UnsolvedSymbolException: Unsolved symbol in de.uka.ilkd.key.java.JavaParserFactory$DynamicTypeSolver@39ac9725 : java.lang.Object
	at com.github.javaparser.resolution.TypeSolver.solveType(TypeSolver.java:71)

101286     ERROR Test worker     d.u.i.k.n.b.AbstractBuilder  com.github.javaparser.resolution.UnsolvedSymbolException: Unsolved symbol in de.uka.ilkd.key.java.JavaParserFactory$DynamicTypeSolver@39ac9725 : java.lang.Object
	at com.github.javaparser.resolution.TypeSolver.solveType(TypeSolver.java:71)

101286     ERROR Test worker     d.u.i.k.n.b.TacletPBuilder Error in parsing taclet. de.uka.ilkd.key.util.parsing.BuildingException: Unsolved symbol in de.uka.ilkd.key.java.JavaParserFactory$DynamicTypeSolver@39ac9725 : java.lang.Object at file:/D:/a/key/key/key.core/build/resources/main/de/uka/ilkd/key/proof/rules/activeUse.key:115:15
	at de.uka.ilkd.key.nparser.builder.AbstractBuilder.accept(AbstractBuilder.java:54)
Caused by: com.github.javaparser.resolution.UnsolvedSymbolException: Unsolved symbol in de.uka.ilkd.key.java.JavaParserFactory$DynamicTypeSolver@39ac9725 : java.lang.Object
	at com.github.javaparser.resolution.TypeSolver.solveType(TypeSolver.java:71)

101286     ERROR Test worker     d.u.i.k.n.b.AbstractBuilder  com.github.javaparser.resolution.UnsolvedSymbolException: Unsolved symbol in de.uka.ilkd.key.java.JavaParserFactory$DynamicTypeSolver@39ac9725 : java.lang.Object
	at com.github.javaparser.resolution.TypeSolver.solveType(TypeSolver.java:71)

101286     ERROR Test worker     d.u.i.k.n.b.TacletPBuilder Error in parsing taclet. de.uka.ilkd.key.util.parsing.BuildingException: Unsolved symbol in de.uka.ilkd.key.java.JavaParserFactory$DynamicTypeSolver@39ac9725 : java.lang.Object at file:/D:/a/key/key/key.core/build/resources/main/de/uka/ilkd/key/proof/rules/activeUse.key:129:15
	at de.uka.ilkd.key.nparser.builder.AbstractBuilder.accept(AbstractBuilder.java:54)
Caused by: com.github.javaparser.resolution.UnsolvedSymbolException: Unsolved symbol in de.uka.ilkd.key.java.JavaParserFactory$DynamicTypeSolver@39ac9725 : java.lang.Object
	at com.github.javaparser.resolution.TypeSolver.solveType(TypeSolver.java:71)

101300     ERROR Test worker     d.u.i.k.n.b.AbstractBuilder  com.github.javaparser.resolution.UnsolvedSymbolException: Unsolved symbol in de.uka.ilkd.key.java.JavaParserFactory$DynamicTypeSolver@39ac9725 : java.lang.Object
	at com.github.javaparser.resolution.TypeSolver.solveType(TypeSolver.java:71)

101300     ERROR Test worker     d.u.i.k.n.b.TacletPBuilder Error in parsing taclet. de.uka.ilkd.key.util.parsing.BuildingException: Unsolved symbol in de.uka.ilkd.key.java.JavaParserFactory$DynamicTypeSolver@39ac9725 : java.lang.Object at file:/D:/a/key/key/key.core/build/resources/main/de/uka/ilkd/key/proof/rules/activeUse.key:141:15
	at de.uka.ilkd.key.nparser.builder.AbstractBuilder.accept(AbstractBuilder.java:54)
Caused by: com.github.javaparser.resolution.UnsolvedSymbolException: Unsolved symbol in de.uka.ilkd.key.java.JavaParserFactory$DynamicTypeSolver@39ac9725 : java.lang.Object
	at com.github.javaparser.resolution.TypeSolver.solveType(TypeSolver.java:71)

101300     ERROR Test worker     d.u.i.k.n.b.TacletPBuilder Override: #arr (program Expression) #arr (program Expression) 
101300     ERROR Test worker     d.u.i.k.n.b.TacletPBuilder Override: #idx (program Expression) #idx (program Expression) 
101300     ERROR Test worker     d.u.i.k.n.b.AbstractBuilder  com.github.javaparser.resolution.UnsolvedSymbolException: Unsolved symbol in de.uka.ilkd.key.java.JavaParserFactory$DynamicTypeSolver@39ac9725 : java.lang.Object
	at com.github.javaparser.resolution.TypeSolver.solveType(TypeSolver.java:71)

101300     ERROR Test worker     d.u.i.k.n.b.TacletPBuilder Error in parsing taclet. de.uka.ilkd.key.util.parsing.BuildingException: Unsolved symbol in de.uka.ilkd.key.java.JavaParserFactory$DynamicTypeSolver@39ac9725 : java.lang.Object at file:/D:/a/key/key/key.core/build/resources/main/de/uka/ilkd/key/proof/rules/activeUse.key:154:15
	at de.uka.ilkd.key.nparser.builder.AbstractBuilder.accept(AbstractBuilder.java:54)
Caused by: com.github.javaparser.resolution.UnsolvedSymbolException: Unsolved symbol in de.uka.ilkd.key.java.JavaParserFactory$DynamicTypeSolver@39ac9725 : java.lang.Object
	at com.github.javaparser.resolution.TypeSolver.solveType(TypeSolver.java:71)

101300     ERROR Test worker     d.u.i.k.n.b.TacletPBuilder Override: #arr (program Expression) #arr (program Expression) 
101300     ERROR Test worker     d.u.i.k.n.b.TacletPBuilder Override: #idx (program Expression) #idx (program Expression) 
101300     ERROR Test worker     d.u.i.k.n.b.AbstractBuilder  com.github.javaparser.resolution.UnsolvedSymbolException: Unsolved symbol in de.uka.ilkd.key.java.JavaParserFactory$DynamicTypeSolver@39ac9725 : java.lang.Object
	at com.github.javaparser.resolution.TypeSolver.solveType(TypeSolver.java:71)

101300     ERROR Test worker     d.u.i.k.n.b.TacletPBuilder Error in parsing taclet. de.uka.ilkd.key.util.parsing.BuildingException: Unsolved symbol in de.uka.ilkd.key.java.JavaParserFactory$DynamicTypeSolver@39ac9725 : java.lang.Object at file:/D:/a/key/key/key.core/build/resources/main/de/uka/ilkd/key/proof/rules/activeUse.key:167:15
	at de.uka.ilkd.key.nparser.builder.AbstractBuilder.accept(AbstractBuilder.java:54)
Caused by: com.github.javaparser.resolution.UnsolvedSymbolException: Unsolved symbol in de.uka.ilkd.key.java.JavaParserFactory$DynamicTypeSolver@39ac9725 : java.lang.Object
	at com.github.javaparser.resolution.TypeSolver.solveType(TypeSolver.java:71)

101300     ERROR Test worker     d.u.i.k.n.b.AbstractBuilder  com.github.javaparser.resolution.UnsolvedSymbolException: Unsolved symbol in de.uka.ilkd.key.java.JavaParserFactory$DynamicTypeSolver@39ac9725 : java.lang.Object
	at com.github.javaparser.resolution.TypeSolver.solveType(TypeSolver.java:71)

101300     ERROR Test worker     d.u.i.k.n.b.TacletPBuilder Error in parsing taclet. de.uka.ilkd.key.util.parsing.BuildingException: Unsolved symbol in de.uka.ilkd.key.java.JavaParserFactory$DynamicTypeSolver@39ac9725 : java.lang.Object at file:/D:/a/key/key/key.core/build/resources/main/de/uka/ilkd/key/proof/rules/activeUse.key:179:15
	at de.uka.ilkd.key.nparser.builder.AbstractBuilder.accept(AbstractBuilder.java:54)
Caused by: com.github.javaparser.resolution.UnsolvedSymbolException: Unsolved symbol in de.uka.ilkd.key.java.JavaParserFactory$DynamicTypeSolver@39ac9725 : java.lang.Object
	at com.github.javaparser.resolution.TypeSolver.solveType(TypeSolver.java:71)

101300     ERROR Test worker     d.u.i.k.n.b.AbstractBuilder  com.github.javaparser.resolution.UnsolvedSymbolException: Unsolved symbol in de.uka.ilkd.key.java.JavaParserFactory$DynamicTypeSolver@39ac9725 : java.lang.Object
	at com.github.javaparser.resolution.TypeSolver.solveType(TypeSolver.java:71)

101300     ERROR Test worker     d.u.i.k.n.b.TacletPBuilder Error in parsing taclet. de.uka.ilkd.key.util.parsing.BuildingException: Unsolved symbol in de.uka.ilkd.key.java.JavaParserFactory$DynamicTypeSolver@39ac9725 : java.lang.Object at file:/D:/a/key/key/key.core/build/resources/main/de/uka/ilkd/key/proof/rules/activeUse.key:191:15
	at de.uka.ilkd.key.nparser.builder.AbstractBuilder.accept(AbstractBuilder.java:54)
Caused by: com.github.javaparser.resolution.UnsolvedSymbolException: Unsolved symbol in de.uka.ilkd.key.java.JavaParserFactory$DynamicTypeSolver@39ac9725 : java.lang.Object
	at com.github.javaparser.resolution.TypeSolver.solveType(TypeSolver.java:71)

101300     ERROR Test worker     d.u.i.k.n.b.AbstractBuilder  com.github.javaparser.resolution.UnsolvedSymbolException: Unsolved symbol in de.uka.ilkd.key.java.JavaParserFactory$DynamicTypeSolver@39ac9725 : java.lang.Object
	at com.github.javaparser.resolution.TypeSolver.solveType(TypeSolver.java:71)

101300     ERROR Test worker     d.u.i.k.n.b.TacletPBuilder Error in parsing taclet. de.uka.ilkd.key.util.parsing.BuildingException: Unsolved symbol in de.uka.ilkd.key.java.JavaParserFactory$DynamicTypeSolver@39ac9725 : java.lang.Object at file:/D:/a/key/key/key.core/build/resources/main/de/uka/ilkd/key/proof/rules/activeUse.key:203:15
	at de.uka.ilkd.key.nparser.builder.AbstractBuilder.accept(AbstractBuilder.java:54)
Caused by: com.github.javaparser.resolution.UnsolvedSymbolException: Unsolved symbol in de.uka.ilkd.key.java.JavaParserFactory$DynamicTypeSolver@39ac9725 : java.lang.Object
	at com.github.javaparser.resolution.TypeSolver.solveType(TypeSolver.java:71)

101300     ERROR Test worker     d.u.i.k.n.b.AbstractBuilder  com.github.javaparser.resolution.UnsolvedSymbolException: Unsolved symbol in de.uka.ilkd.key.java.JavaParserFactory$DynamicTypeSolver@39ac9725 : java.lang.Object
	at com.github.javaparser.resolution.TypeSolver.solveType(TypeSolver.java:71)

101300     ERROR Test worker     d.u.i.k.n.b.TacletPBuilder Error in parsing taclet. de.uka.ilkd.key.util.parsing.BuildingException: Unsolved symbol in de.uka.ilkd.key.java.JavaParserFactory$DynamicTypeSolver@39ac9725 : java.lang.Object at file:/D:/a/key/key/key.core/build/resources/main/de/uka/ilkd/key/proof/rules/activeUse.key:212:15
	at de.uka.ilkd.key.nparser.builder.AbstractBuilder.accept(AbstractBuilder.java:54)
Caused by: com.github.javaparser.resolution.UnsolvedSymbolException: Unsolved symbol in de.uka.ilkd.key.java.JavaParserFactory$DynamicTypeSolver@39ac9725 : java.lang.Object
	at com.github.javaparser.resolution.TypeSolver.solveType(TypeSolver.java:71)

101300     ERROR Test worker     d.u.i.k.n.b.AbstractBuilder  com.github.javaparser.resolution.UnsolvedSymbolException: Unsolved symbol in de.uka.ilkd.key.java.JavaParserFactory$DynamicTypeSolver@39ac9725 : java.lang.Object
	at com.github.javaparser.resolution.TypeSolver.solveType(TypeSolver.java:71)

101300     ERROR Test worker     d.u.i.k.n.b.TacletPBuilder Error in parsing taclet. de.uka.ilkd.key.util.parsing.BuildingException: Unsolved symbol in de.uka.ilkd.key.java.JavaParserFactory$DynamicTypeSolver@39ac9725 : java.lang.Object at file:/D:/a/key/key/key.core/build/resources/main/de/uka/ilkd/key/proof/rules/activeUse.key:224:15
	at de.uka.ilkd.key.nparser.builder.AbstractBuilder.accept(AbstractBuilder.java:54)
Caused by: com.github.javaparser.resolution.UnsolvedSymbolException: Unsolved symbol in de.uka.ilkd.key.java.JavaParserFactory$DynamicTypeSolver@39ac9725 : java.lang.Object
	at com.github.javaparser.resolution.TypeSolver.solveType(TypeSolver.java:71)

101316     ERROR Test worker     d.u.i.k.n.b.AbstractBuilder  com.github.javaparser.resolution.UnsolvedSymbolException: Unsolved symbol in de.uka.ilkd.key.java.JavaParserFactory$DynamicTypeSolver@39ac9725 : java.lang.Object
	at com.github.javaparser.resolution.TypeSolver.solveType(TypeSolver.java:71)

101316     ERROR Test worker     d.u.i.k.n.b.TacletPBuilder Error in parsing taclet. de.uka.ilkd.key.util.parsing.BuildingException: Unsolved symbol in de.uka.ilkd.key.java.JavaParserFactory$DynamicTypeSolver@39ac9725 : java.lang.Object at file:/D:/a/key/key/key.core/build/resources/main/de/uka/ilkd/key/proof/rules/activeUse.key:240:15
	at de.uka.ilkd.key.nparser.builder.AbstractBuilder.accept(AbstractBuilder.java:54)
Caused by: com.github.javaparser.resolution.UnsolvedSymbolException: Unsolved symbol in de.uka.ilkd.key.java.JavaParserFactory$DynamicTypeSolver@39ac9725 : java.lang.Object
	at com.github.javaparser.resolution.TypeSolver.solveType(TypeSolver.java:71)

101316     ERROR Test worker     d.u.i.k.n.b.AbstractBuilder  com.github.javaparser.resolution.UnsolvedSymbolException: Unsolved symbol in de.uka.ilkd.key.java.JavaParserFactory$DynamicTypeSolver@39ac9725 : java.lang.Object
	at com.github.javaparser.resolution.TypeSolver.solveType(TypeSolver.java:71)

101316     ERROR Test worker     d.u.i.k.n.b.TacletPBuilder Error in parsing taclet. de.uka.ilkd.key.util.parsing.BuildingException: Unsolved symbol in de.uka.ilkd.key.java.JavaParserFactory$DynamicTypeSolver@39ac9725 : java.lang.Object at file:/D:/a/key/key/key.core/build/resources/main/de/uka/ilkd/key/proof/rules/activeUse.key:254:15
	at de.uka.ilkd.key.nparser.builder.AbstractBuilder.accept(AbstractBuilder.java:54)
Caused by: com.github.javaparser.resolution.UnsolvedSymbolException: Unsolved symbol in de.uka.ilkd.key.java.JavaParserFactory$DynamicTypeSolver@39ac9725 : java.lang.Object
	at com.github.javaparser.resolution.TypeSolver.solveType(TypeSolver.java:71)

101316     ERROR Test worker     d.u.i.k.n.b.AbstractBuilder  com.github.javaparser.resolution.UnsolvedSymbolException: Unsolved symbol in de.uka.ilkd.key.java.JavaParserFactory$DynamicTypeSolver@39ac9725 : java.lang.Object
	at com.github.javaparser.resolution.TypeSolver.solveType(TypeSolver.java:71)

101316     ERROR Test worker     d.u.i.k.n.b.TacletPBuilder Error in parsing taclet. de.uka.ilkd.key.util.parsing.BuildingException: Unsolved symbol in de.uka.ilkd.key.java.JavaParserFactory$DynamicTypeSolver@39ac9725 : java.lang.Object at file:/D:/a/key/key/key.core/build/resources/main/de/uka/ilkd/key/proof/rules/activeUse.key:268:15
	at de.uka.ilkd.key.nparser.builder.AbstractBuilder.accept(AbstractBuilder.java:54)
Caused by: com.github.javaparser.resolution.UnsolvedSymbolException: Unsolved symbol in de.uka.ilkd.key.java.JavaParserFactory$DynamicTypeSolver@39ac9725 : java.lang.Object
	at com.github.javaparser.resolution.TypeSolver.solveType(TypeSolver.java:71)

101316     ERROR Test worker     d.u.i.k.n.b.AbstractBuilder  com.github.javaparser.resolution.UnsolvedSymbolException: Unsolved symbol in de.uka.ilkd.key.java.JavaParserFactory$DynamicTypeSolver@39ac9725 : java.lang.Object
	at com.github.javaparser.resolution.TypeSolver.solveType(TypeSolver.java:71)

101316     ERROR Test worker     d.u.i.k.n.b.TacletPBuilder Error in parsing taclet. de.uka.ilkd.key.util.parsing.BuildingException: Unsolved symbol in de.uka.ilkd.key.java.JavaParserFactory$DynamicTypeSolver@39ac9725 : java.lang.Object at file:/D:/a/key/key/key.core/build/resources/main/de/uka/ilkd/key/proof/rules/activeUse.key:282:15
	at de.uka.ilkd.key.nparser.builder.AbstractBuilder.accept(AbstractBuilder.java:54)
Caused by: com.github.javaparser.resolution.UnsolvedSymbolException: Unsolved symbol in de.uka.ilkd.key.java.JavaParserFactory$DynamicTypeSolver@39ac9725 : java.lang.Object
	at com.github.javaparser.resolution.TypeSolver.solveType(TypeSolver.java:71)

101316     ERROR Test worker     d.u.i.k.n.b.AbstractBuilder  com.github.javaparser.resolution.UnsolvedSymbolException: Unsolved symbol in de.uka.ilkd.key.java.JavaParserFactory$DynamicTypeSolver@39ac9725 : java.lang.Object
	at com.github.javaparser.resolution.TypeSolver.solveType(TypeSolver.java:71)

101316     ERROR Test worker     d.u.i.k.n.b.TacletPBuilder Error in parsing taclet. de.uka.ilkd.key.util.parsing.BuildingException: Unsolved symbol in de.uka.ilkd.key.java.JavaParserFactory$DynamicTypeSolver@39ac9725 : java.lang.Object at file:/D:/a/key/key/key.core/build/resources/main/de/uka/ilkd/key/proof/rules/activeUse.key:296:15
	at de.uka.ilkd.key.nparser.builder.AbstractBuilder.accept(AbstractBuilder.java:54)
Caused by: com.github.javaparser.resolution.UnsolvedSymbolException: Unsolved symbol in de.uka.ilkd.key.java.JavaParserFactory$DynamicTypeSolver@39ac9725 : java.lang.Object
	at com.github.javaparser.resolution.TypeSolver.solveType(TypeSolver.java:71)

101316     ERROR Test worker     d.u.i.k.n.b.AbstractBuilder  com.github.javaparser.resolution.UnsolvedSymbolException: Unsolved symbol in de.uka.ilkd.key.java.JavaParserFactory$DynamicTypeSolver@39ac9725 : java.lang.Object
	at com.github.javaparser.resolution.TypeSolver.solveType(TypeSolver.java:71)

101316     ERROR Test worker     d.u.i.k.n.b.TacletPBuilder Error in parsing taclet. de.uka.ilkd.key.util.parsing.BuildingException: Unsolved symbol in de.uka.ilkd.key.java.JavaParserFactory$DynamicTypeSolver@39ac9725 : java.lang.Object at file:/D:/a/key/key/key.core/build/resources/main/de/uka/ilkd/key/proof/rules/activeUse.key:310:15
	at de.uka.ilkd.key.nparser.builder.AbstractBuilder.accept(AbstractBuilder.java:54)
Caused by: com.github.javaparser.resolution.UnsolvedSymbolException: Unsolved symbol in de.uka.ilkd.key.java.JavaParserFactory$DynamicTypeSolver@39ac9725 : java.lang.Object
	at com.github.javaparser.resolution.TypeSolver.solveType(TypeSolver.java:71)

101316     ERROR Test worker     d.u.i.k.n.b.AbstractBuilder  com.github.javaparser.resolution.UnsolvedSymbolException: Unsolved symbol in de.uka.ilkd.key.java.JavaParserFactory$DynamicTypeSolver@39ac9725 : java.lang.Object
	at com.github.javaparser.resolution.TypeSolver.solveType(TypeSolver.java:71)

101316     ERROR Test worker     d.u.i.k.n.b.TacletPBuilder Error in parsing taclet. de.uka.ilkd.key.util.parsing.BuildingException: Unsolved symbol in de.uka.ilkd.key.java.JavaParserFactory$DynamicTypeSolver@39ac9725 : java.lang.Object at file:/D:/a/key/key/key.core/build/resources/main/de/uka/ilkd/key/proof/rules/activeUse.key:324:15
	at de.uka.ilkd.key.nparser.builder.AbstractBuilder.accept(AbstractBuilder.java:54)
Caused by: com.github.javaparser.resolution.UnsolvedSymbolException: Unsolved symbol in de.uka.ilkd.key.java.JavaParserFactory$DynamicTypeSolver@39ac9725 : java.lang.Object
	at com.github.javaparser.resolution.TypeSolver.solveType(TypeSolver.java:71)

101316     ERROR Test worker     d.u.i.k.n.b.AbstractBuilder  com.github.javaparser.resolution.UnsolvedSymbolException: Unsolved symbol in de.uka.ilkd.key.java.JavaParserFactory$DynamicTypeSolver@39ac9725 : java.lang.Object
	at com.github.javaparser.resolution.TypeSolver.solveType(TypeSolver.java:71)

101316     ERROR Test worker     d.u.i.k.n.b.TacletPBuilder Error in parsing taclet. de.uka.ilkd.key.util.parsing.BuildingException: Unsolved symbol in de.uka.ilkd.key.java.JavaParserFactory$DynamicTypeSolver@39ac9725 : java.lang.Object at file:/D:/a/key/key/key.core/build/resources/main/de/uka/ilkd/key/proof/rules/activeUse.key:338:15
	at de.uka.ilkd.key.nparser.builder.AbstractBuilder.accept(AbstractBuilder.java:54)
Caused by: com.github.javaparser.resolution.UnsolvedSymbolException: Unsolved symbol in de.uka.ilkd.key.java.JavaParserFactory$DynamicTypeSolver@39ac9725 : java.lang.Object
	at com.github.javaparser.resolution.TypeSolver.solveType(TypeSolver.java:71)

101331     ERROR Test worker     d.u.i.k.n.b.AbstractBuilder  com.github.javaparser.resolution.UnsolvedSymbolException: Unsolved symbol in de.uka.ilkd.key.java.JavaParserFactory$DynamicTypeSolver@39ac9725 : java.lang.Object
	at com.github.javaparser.resolution.TypeSolver.solveType(TypeSolver.java:71)

101331     ERROR Test worker     d.u.i.k.n.b.TacletPBuilder Error in parsing taclet. de.uka.ilkd.key.util.parsing.BuildingException: Unsolved symbol in de.uka.ilkd.key.java.JavaParserFactory$DynamicTypeSolver@39ac9725 : java.lang.Object at file:/D:/a/key/key/key.core/build/resources/main/de/uka/ilkd/key/proof/rules/activeUse.key:352:15
	at de.uka.ilkd.key.nparser.builder.AbstractBuilder.accept(AbstractBuilder.java:54)
Caused by: com.github.javaparser.resolution.UnsolvedSymbolException: Unsolved symbol in de.uka.ilkd.key.java.JavaParserFactory$DynamicTypeSolver@39ac9725 : java.lang.Object
	at com.github.javaparser.resolution.TypeSolver.solveType(TypeSolver.java:71)

101331     ERROR Test worker     d.u.i.k.n.b.AbstractBuilder  com.github.javaparser.resolution.UnsolvedSymbolException: Unsolved symbol in de.uka.ilkd.key.java.JavaParserFactory$DynamicTypeSolver@39ac9725 : java.lang.Object
	at com.github.javaparser.resolution.TypeSolver.solveType(TypeSolver.java:71)

101331     ERROR Test worker     d.u.i.k.n.b.TacletPBuilder Error in parsing taclet. de.uka.ilkd.key.util.parsing.BuildingException: Unsolved symbol in de.uka.ilkd.key.java.JavaParserFactory$DynamicTypeSolver@39ac9725 : java.lang.Object at file:/D:/a/key/key/key.core/build/resources/main/de/uka/ilkd/key/proof/rules/activeUse.key:366:15
	at de.uka.ilkd.key.nparser.builder.AbstractBuilder.accept(AbstractBuilder.java:54)
Caused by: com.github.javaparser.resolution.UnsolvedSymbolException: Unsolved symbol in de.uka.ilkd.key.java.JavaParserFactory$DynamicTypeSolver@39ac9725 : java.lang.Object
	at com.github.javaparser.resolution.TypeSolver.solveType(TypeSolver.java:71)

101331     ERROR Test worker     d.u.i.k.n.b.AbstractBuilder  com.github.javaparser.resolution.UnsolvedSymbolException: Unsolved symbol in de.uka.ilkd.key.java.JavaParserFactory$DynamicTypeSolver@39ac9725 : java.lang.Object
	at com.github.javaparser.resolution.TypeSolver.solveType(TypeSolver.java:71)

101331     ERROR Test worker     d.u.i.k.n.b.TacletPBuilder Error in parsing taclet. de.uka.ilkd.key.util.parsing.BuildingException: Unsolved symbol in de.uka.ilkd.key.java.JavaParserFactory$DynamicTypeSolver@39ac9725 : java.lang.Object at file:/D:/a/key/key/key.core/build/resources/main/de/uka/ilkd/key/proof/rules/activeUse.key:380:15
	at de.uka.ilkd.key.nparser.builder.AbstractBuilder.accept(AbstractBuilder.java:54)
Caused by: com.github.javaparser.resolution.UnsolvedSymbolException: Unsolved symbol in de.uka.ilkd.key.java.JavaParserFactory$DynamicTypeSolver@39ac9725 : java.lang.Object
	at com.github.javaparser.resolution.TypeSolver.solveType(TypeSolver.java:71)

101331     ERROR Test worker     d.u.i.k.n.b.AbstractBuilder  com.github.javaparser.resolution.UnsolvedSymbolException: Unsolved symbol in de.uka.ilkd.key.java.JavaParserFactory$DynamicTypeSolver@39ac9725 : java.lang.Object
	at com.github.javaparser.resolution.TypeSolver.solveType(TypeSolver.java:71)

101331     ERROR Test worker     d.u.i.k.n.b.TacletPBuilder Error in parsing taclet. de.uka.ilkd.key.util.parsing.BuildingException: Unsolved symbol in de.uka.ilkd.key.java.JavaParserFactory$DynamicTypeSolver@39ac9725 : java.lang.Object at file:/D:/a/key/key/key.core/build/resources/main/de/uka/ilkd/key/proof/rules/activeUse.key:394:15
	at de.uka.ilkd.key.nparser.builder.AbstractBuilder.accept(AbstractBuilder.java:54)
Caused by: com.github.javaparser.resolution.UnsolvedSymbolException: Unsolved symbol in de.uka.ilkd.key.java.JavaParserFactory$DynamicTypeSolver@39ac9725 : java.lang.Object
	at com.github.javaparser.resolution.TypeSolver.solveType(TypeSolver.java:71)

101331     ERROR Test worker     d.u.i.k.n.b.AbstractBuilder  com.github.javaparser.resolution.UnsolvedSymbolException: Unsolved symbol in de.uka.ilkd.key.java.JavaParserFactory$DynamicTypeSolver@39ac9725 : java.lang.Object
	at com.github.javaparser.resolution.TypeSolver.solveType(TypeSolver.java:71)

101331     ERROR Test worker     d.u.i.k.n.b.TacletPBuilder Error in parsing taclet. de.uka.ilkd.key.util.parsing.BuildingException: Unsolved symbol in de.uka.ilkd.key.java.JavaParserFactory$DynamicTypeSolver@39ac9725 : java.lang.Object at file:/D:/a/key/key/key.core/build/resources/main/de/uka/ilkd/key/proof/rules/activeUse.key:408:15
	at de.uka.ilkd.key.nparser.builder.AbstractBuilder.accept(AbstractBuilder.java:54)
Caused by: com.github.javaparser.resolution.UnsolvedSymbolException: Unsolved symbol in de.uka.ilkd.key.java.JavaParserFactory$DynamicTypeSolver@39ac9725 : java.lang.Object
	at com.github.javaparser.resolution.TypeSolver.solveType(TypeSolver.java:71)

101331     ERROR Test worker     d.u.i.k.n.b.AbstractBuilder  com.github.javaparser.resolution.UnsolvedSymbolException: Unsolved symbol in de.uka.ilkd.key.java.JavaParserFactory$DynamicTypeSolver@39ac9725 : java.lang.Object
	at com.github.javaparser.resolution.TypeSolver.solveType(TypeSolver.java:71)

101331     ERROR Test worker     d.u.i.k.n.b.TacletPBuilder Error in parsing taclet. de.uka.ilkd.key.util.parsing.BuildingException: Unsolved symbol in de.uka.ilkd.key.java.JavaParserFactory$DynamicTypeSolver@39ac9725 : java.lang.Object at file:/D:/a/key/key/key.core/build/resources/main/de/uka/ilkd/key/proof/rules/activeUse.key:422:15
	at de.uka.ilkd.key.nparser.builder.AbstractBuilder.accept(AbstractBuilder.java:54)
Caused by: com.github.javaparser.resolution.UnsolvedSymbolException: Unsolved symbol in de.uka.ilkd.key.java.JavaParserFactory$DynamicTypeSolver@39ac9725 : java.lang.Object
	at com.github.javaparser.resolution.TypeSolver.solveType(TypeSolver.java:71)

101331     ERROR Test worker     d.u.i.k.n.b.AbstractBuilder  com.github.javaparser.resolution.UnsolvedSymbolException: Unsolved symbol in de.uka.ilkd.key.java.JavaParserFactory$DynamicTypeSolver@39ac9725 : java.lang.Object
	at com.github.javaparser.resolution.TypeSolver.solveType(TypeSolver.java:71)

101331     ERROR Test worker     d.u.i.k.n.b.TacletPBuilder Error in parsing taclet. de.uka.ilkd.key.util.parsing.BuildingException: Unsolved symbol in de.uka.ilkd.key.java.JavaParserFactory$DynamicTypeSolver@39ac9725 : java.lang.Object at file:/D:/a/key/key/key.core/build/resources/main/de/uka/ilkd/key/proof/rules/activeUse.key:436:15
	at de.uka.ilkd.key.nparser.builder.AbstractBuilder.accept(AbstractBuilder.java:54)
Caused by: com.github.javaparser.resolution.UnsolvedSymbolException: Unsolved symbol in de.uka.ilkd.key.java.JavaParserFactory$DynamicTypeSolver@39ac9725 : java.lang.Object
	at com.github.javaparser.resolution.TypeSolver.solveType(TypeSolver.java:71)

101331     ERROR Test worker     d.u.i.k.n.b.AbstractBuilder  com.github.javaparser.resolution.UnsolvedSymbolException: Unsolved symbol in de.uka.ilkd.key.java.JavaParserFactory$DynamicTypeSolver@39ac9725 : java.lang.Object
	at com.github.javaparser.resolution.TypeSolver.solveType(TypeSolver.java:71)

101331     ERROR Test worker     d.u.i.k.n.b.TacletPBuilder Error in parsing taclet. de.uka.ilkd.key.util.parsing.BuildingException: Unsolved symbol in de.uka.ilkd.key.java.JavaParserFactory$DynamicTypeSolver@39ac9725 : java.lang.Object at file:/D:/a/key/key/key.core/build/resources/main/de/uka/ilkd/key/proof/rules/activeUse.key:450:15
	at de.uka.ilkd.key.nparser.builder.AbstractBuilder.accept(AbstractBuilder.java:54)
Caused by: com.github.javaparser.resolution.UnsolvedSymbolException: Unsolved symbol in de.uka.ilkd.key.java.JavaParserFactory$DynamicTypeSolver@39ac9725 : java.lang.Object
	at com.github.javaparser.resolution.TypeSolver.solveType(TypeSolver.java:71)

101347     ERROR Test worker     d.u.i.k.n.b.AbstractBuilder  com.github.javaparser.resolution.UnsolvedSymbolException: Unsolved symbol in de.uka.ilkd.key.java.JavaParserFactory$DynamicTypeSolver@39ac9725 : java.lang.Object
	at com.github.javaparser.resolution.TypeSolver.solveType(TypeSolver.java:71)

101347     ERROR Test worker     d.u.i.k.n.b.TacletPBuilder Error in parsing taclet. de.uka.ilkd.key.util.parsing.BuildingException: Unsolved symbol in de.uka.ilkd.key.java.JavaParserFactory$DynamicTypeSolver@39ac9725 : java.lang.Object at file:/D:/a/key/key/key.core/build/resources/main/de/uka/ilkd/key/proof/rules/activeUse.key:468:15
	at de.uka.ilkd.key.nparser.builder.AbstractBuilder.accept(AbstractBuilder.java:54)
Caused by: com.github.javaparser.resolution.UnsolvedSymbolException: Unsolved symbol in de.uka.ilkd.key.java.JavaParserFactory$DynamicTypeSolver@39ac9725 : java.lang.Object
	at com.github.javaparser.resolution.TypeSolver.solveType(TypeSolver.java:71)

101347     ERROR Test worker     d.u.i.k.n.b.AbstractBuilder  com.github.javaparser.resolution.UnsolvedSymbolException: Unsolved symbol in de.uka.ilkd.key.java.JavaParserFactory$DynamicTypeSolver@39ac9725 : java.lang.Object
	at com.github.javaparser.resolution.TypeSolver.solveType(TypeSolver.java:71)

101347     ERROR Test worker     d.u.i.k.n.b.TacletPBuilder Error in parsing taclet. de.uka.ilkd.key.util.parsing.BuildingException: Unsolved symbol in de.uka.ilkd.key.java.JavaParserFactory$DynamicTypeSolver@39ac9725 : java.lang.Object at file:/D:/a/key/key/key.core/build/resources/main/de/uka/ilkd/key/proof/rules/activeUse.key:483:15
	at de.uka.ilkd.key.nparser.builder.AbstractBuilder.accept(AbstractBuilder.java:54)
Caused by: com.github.javaparser.resolution.UnsolvedSymbolException: Unsolved symbol in de.uka.ilkd.key.java.JavaParserFactory$DynamicTypeSolver@39ac9725 : java.lang.Object
	at com.github.javaparser.resolution.TypeSolver.solveType(TypeSolver.java:71)

101347     ERROR Test worker     d.u.i.k.n.b.AbstractBuilder  com.github.javaparser.resolution.UnsolvedSymbolException: Unsolved symbol in de.uka.ilkd.key.java.JavaParserFactory$DynamicTypeSolver@39ac9725 : java.lang.Object
	at com.github.javaparser.resolution.TypeSolver.solveType(TypeSolver.java:71)

101347     ERROR Test worker     d.u.i.k.n.b.TacletPBuilder Error in parsing taclet. de.uka.ilkd.key.util.parsing.BuildingException: Unsolved symbol in de.uka.ilkd.key.java.JavaParserFactory$DynamicTypeSolver@39ac9725 : java.lang.Object at file:/D:/a/key/key/key.core/build/resources/main/de/uka/ilkd/key/proof/rules/activeUse.key:496:15
	at de.uka.ilkd.key.nparser.builder.AbstractBuilder.accept(AbstractBuilder.java:54)
Caused by: com.github.javaparser.resolution.UnsolvedSymbolException: Unsolved symbol in de.uka.ilkd.key.java.JavaParserFactory$DynamicTypeSolver@39ac9725 : java.lang.Object
	at com.github.javaparser.resolution.TypeSolver.solveType(TypeSolver.java:71)

101347     ERROR Test worker     d.u.i.k.n.b.AbstractBuilder  com.github.javaparser.resolution.UnsolvedSymbolException: Unsolved symbol in de.uka.ilkd.key.java.JavaParserFactory$DynamicTypeSolver@39ac9725 : java.lang.Object
	at com.github.javaparser.resolution.TypeSolver.solveType(TypeSolver.java:71)

101347     ERROR Test worker     d.u.i.k.n.b.TacletPBuilder Error in parsing taclet. de.uka.ilkd.key.util.parsing.BuildingException: Unsolved symbol in de.uka.ilkd.key.java.JavaParserFactory$DynamicTypeSolver@39ac9725 : java.lang.Object at file:/D:/a/key/key/key.core/build/resources/main/de/uka/ilkd/key/proof/rules/activeUse.key:509:15
	at de.uka.ilkd.key.nparser.builder.AbstractBuilder.accept(AbstractBuilder.java:54)
Caused by: com.github.javaparser.resolution.UnsolvedSymbolException: Unsolved symbol in de.uka.ilkd.key.java.JavaParserFactory$DynamicTypeSolver@39ac9725 : java.lang.Object
	at com.github.javaparser.resolution.TypeSolver.solveType(TypeSolver.java:71)

101347     ERROR Test worker     d.u.i.k.n.b.AbstractBuilder  com.github.javaparser.resolution.UnsolvedSymbolException: Unsolved symbol in de.uka.ilkd.key.java.JavaParserFactory$DynamicTypeSolver@39ac9725 : java.lang.Object
	at com.github.javaparser.resolution.TypeSolver.solveType(TypeSolver.java:71)

101347     ERROR Test worker     d.u.i.k.n.b.TacletPBuilder Error in parsing taclet. de.uka.ilkd.key.util.parsing.BuildingException: Unsolved symbol in de.uka.ilkd.key.java.JavaParserFactory$DynamicTypeSolver@39ac9725 : java.lang.Object at file:/D:/a/key/key/key.core/build/resources/main/de/uka/ilkd/key/proof/rules/activeUse.key:522:15
	at de.uka.ilkd.key.nparser.builder.AbstractBuilder.accept(AbstractBuilder.java:54)
Caused by: com.github.javaparser.resolution.UnsolvedSymbolException: Unsolved symbol in de.uka.ilkd.key.java.JavaParserFactory$DynamicTypeSolver@39ac9725 : java.lang.Object
	at com.github.javaparser.resolution.TypeSolver.solveType(TypeSolver.java:71)

101347     ERROR Test worker     d.u.i.k.n.b.AbstractBuilder  com.github.javaparser.resolution.UnsolvedSymbolException: Unsolved symbol in de.uka.ilkd.key.java.JavaParserFactory$DynamicTypeSolver@39ac9725 : java.lang.Object
	at com.github.javaparser.resolution.TypeSolver.solveType(TypeSolver.java:71)

101347     ERROR Test worker     d.u.i.k.n.b.TacletPBuilder Error in parsing taclet. de.uka.ilkd.key.util.parsing.BuildingException: Unsolved symbol in de.uka.ilkd.key.java.JavaParserFactory$DynamicTypeSolver@39ac9725 : java.lang.Object at file:/D:/a/key/key/key.core/build/resources/main/de/uka/ilkd/key/proof/rules/activeUse.key:535:15
	at de.uka.ilkd.key.nparser.builder.AbstractBuilder.accept(AbstractBuilder.java:54)
Caused by: com.github.javaparser.resolution.UnsolvedSymbolException: Unsolved symbol in de.uka.ilkd.key.java.JavaParserFactory$DynamicTypeSolver@39ac9725 : java.lang.Object
	at com.github.javaparser.resolution.TypeSolver.solveType(TypeSolver.java:71)

101347     ERROR Test worker     d.u.i.k.n.b.AbstractBuilder  com.github.javaparser.resolution.UnsolvedSymbolException: Unsolved symbol in de.uka.ilkd.key.java.JavaParserFactory$DynamicTypeSolver@39ac9725 : java.lang.Object
	at com.github.javaparser.resolution.TypeSolver.solveType(TypeSolver.java:71)

101347     ERROR Test worker     d.u.i.k.n.b.TacletPBuilder Error in parsing taclet. de.uka.ilkd.key.util.parsing.BuildingException: Unsolved symbol in de.uka.ilkd.key.java.JavaParserFactory$DynamicTypeSolver@39ac9725 : java.lang.Object at file:/D:/a/key/key/key.core/build/resources/main/de/uka/ilkd/key/proof/rules/activeUse.key:548:15
	at de.uka.ilkd.key.nparser.builder.AbstractBuilder.accept(AbstractBuilder.java:54)
Caused by: com.github.javaparser.resolution.UnsolvedSymbolException: Unsolved symbol in de.uka.ilkd.key.java.JavaParserFactory$DynamicTypeSolver@39ac9725 : java.lang.Object
	at com.github.javaparser.resolution.TypeSolver.solveType(TypeSolver.java:71)

101347     ERROR Test worker     d.u.i.k.n.b.AbstractBuilder  com.github.javaparser.resolution.UnsolvedSymbolException: Unsolved symbol in de.uka.ilkd.key.java.JavaParserFactory$DynamicTypeSolver@39ac9725 : java.lang.Object
	at com.github.javaparser.resolution.TypeSolver.solveType(TypeSolver.java:71)

101347     ERROR Test worker     d.u.i.k.n.b.TacletPBuilder Error in parsing taclet. de.uka.ilkd.key.util.parsing.BuildingException: Unsolved symbol in de.uka.ilkd.key.java.JavaParserFactory$DynamicTypeSolver@39ac9725 : java.lang.Object at file:/D:/a/key/key/key.core/build/resources/main/de/uka/ilkd/key/proof/rules/activeUse.key:561:15
	at de.uka.ilkd.key.nparser.builder.AbstractBuilder.accept(AbstractBuilder.java:54)
Caused by: com.github.javaparser.resolution.UnsolvedSymbolException: Unsolved symbol in de.uka.ilkd.key.java.JavaParserFactory$DynamicTypeSolver@39ac9725 : java.lang.Object
	at com.github.javaparser.resolution.TypeSolver.solveType(TypeSolver.java:71)

101347     ERROR Test worker     d.u.i.k.n.b.AbstractBuilder  com.github.javaparser.resolution.UnsolvedSymbolException: Unsolved symbol in de.uka.ilkd.key.java.JavaParserFactory$DynamicTypeSolver@39ac9725 : java.lang.Object
	at com.github.javaparser.resolution.TypeSolver.solveType(TypeSolver.java:71)

101347     ERROR Test worker     d.u.i.k.n.b.TacletPBuilder Error in parsing taclet. de.uka.ilkd.key.util.parsing.BuildingException: Unsolved symbol in de.uka.ilkd.key.java.JavaParserFactory$DynamicTypeSolver@39ac9725 : java.lang.Object at file:/D:/a/key/key/key.core/build/resources/main/de/uka/ilkd/key/proof/rules/activeUse.key:574:15
	at de.uka.ilkd.key.nparser.builder.AbstractBuilder.accept(AbstractBuilder.java:54)
Caused by: com.github.javaparser.resolution.UnsolvedSymbolException: Unsolved symbol in de.uka.ilkd.key.java.JavaParserFactory$DynamicTypeSolver@39ac9725 : java.lang.Object
	at com.github.javaparser.resolution.TypeSolver.solveType(TypeSolver.java:71)

101363     ERROR Test worker     d.u.i.k.n.b.AbstractBuilder  com.github.javaparser.resolution.UnsolvedSymbolException: Unsolved symbol in de.uka.ilkd.key.java.JavaParserFactory$DynamicTypeSolver@39ac9725 : java.lang.Object
	at com.github.javaparser.resolution.TypeSolver.solveType(TypeSolver.java:71)

101363     ERROR Test worker     d.u.i.k.n.b.TacletPBuilder Error in parsing taclet. de.uka.ilkd.key.util.parsing.BuildingException: Unsolved symbol in de.uka.ilkd.key.java.JavaParserFactory$DynamicTypeSolver@39ac9725 : java.lang.Object at file:/D:/a/key/key/key.core/build/resources/main/de/uka/ilkd/key/proof/rules/activeUse.key:587:15
	at de.uka.ilkd.key.nparser.builder.AbstractBuilder.accept(AbstractBuilder.java:54)
Caused by: com.github.javaparser.resolution.UnsolvedSymbolException: Unsolved symbol in de.uka.ilkd.key.java.JavaParserFactory$DynamicTypeSolver@39ac9725 : java.lang.Object
	at com.github.javaparser.resolution.TypeSolver.solveType(TypeSolver.java:71)

101363     ERROR Test worker     d.u.i.k.n.b.AbstractBuilder  com.github.javaparser.resolution.UnsolvedSymbolException: Unsolved symbol in de.uka.ilkd.key.java.JavaParserFactory$DynamicTypeSolver@39ac9725 : java.lang.Object
	at com.github.javaparser.resolution.TypeSolver.solveType(TypeSolver.java:71)

101363     ERROR Test worker     d.u.i.k.n.b.TacletPBuilder Error in parsing taclet. de.uka.ilkd.key.util.parsing.BuildingException: Unsolved symbol in de.uka.ilkd.key.java.JavaParserFactory$DynamicTypeSolver@39ac9725 : java.lang.Object at file:/D:/a/key/key/key.core/build/resources/main/de/uka/ilkd/key/proof/rules/activeUse.key:600:15
	at de.uka.ilkd.key.nparser.builder.AbstractBuilder.accept(AbstractBuilder.java:54)
Caused by: com.github.javaparser.resolution.UnsolvedSymbolException: Unsolved symbol in de.uka.ilkd.key.java.JavaParserFactory$DynamicTypeSolver@39ac9725 : java.lang.Object
	at com.github.javaparser.resolution.TypeSolver.solveType(TypeSolver.java:71)

101363     ERROR Test worker     d.u.i.k.n.b.AbstractBuilder  com.github.javaparser.resolution.UnsolvedSymbolException: Unsolved symbol in de.uka.ilkd.key.java.JavaParserFactory$DynamicTypeSolver@39ac9725 : java.lang.Object
	at com.github.javaparser.resolution.TypeSolver.solveType(TypeSolver.java:71)

101363     ERROR Test worker     d.u.i.k.n.b.TacletPBuilder Error in parsing taclet. de.uka.ilkd.key.util.parsing.BuildingException: Unsolved symbol in de.uka.ilkd.key.java.JavaParserFactory$DynamicTypeSolver@39ac9725 : java.lang.Object at file:/D:/a/key/key/key.core/build/resources/main/de/uka/ilkd/key/proof/rules/activeUse.key:613:15
	at de.uka.ilkd.key.nparser.builder.AbstractBuilder.accept(AbstractBuilder.java:54)
Caused by: com.github.javaparser.resolution.UnsolvedSymbolException: Unsolved symbol in de.uka.ilkd.key.java.JavaParserFactory$DynamicTypeSolver@39ac9725 : java.lang.Object
	at com.github.javaparser.resolution.TypeSolver.solveType(TypeSolver.java:71)

101363     ERROR Test worker     d.u.i.k.n.b.AbstractBuilder  com.github.javaparser.resolution.UnsolvedSymbolException: Unsolved symbol in de.uka.ilkd.key.java.JavaParserFactory$DynamicTypeSolver@39ac9725 : java.lang.Object
	at com.github.javaparser.resolution.TypeSolver.solveType(TypeSolver.java:71)

101363     ERROR Test worker     d.u.i.k.n.b.TacletPBuilder Error in parsing taclet. de.uka.ilkd.key.util.parsing.BuildingException: Unsolved symbol in de.uka.ilkd.key.java.JavaParserFactory$DynamicTypeSolver@39ac9725 : java.lang.Object at file:/D:/a/key/key/key.core/build/resources/main/de/uka/ilkd/key/proof/rules/activeUse.key:626:15
	at de.uka.ilkd.key.nparser.builder.AbstractBuilder.accept(AbstractBuilder.java:54)
Caused by: com.github.javaparser.resolution.UnsolvedSymbolException: Unsolved symbol in de.uka.ilkd.key.java.JavaParserFactory$DynamicTypeSolver@39ac9725 : java.lang.Object
	at com.github.javaparser.resolution.TypeSolver.solveType(TypeSolver.java:71)

101363     ERROR Test worker     d.u.i.k.n.b.AbstractBuilder  com.github.javaparser.resolution.UnsolvedSymbolException: Unsolved symbol in de.uka.ilkd.key.java.JavaParserFactory$DynamicTypeSolver@39ac9725 : java.lang.Object
	at com.github.javaparser.resolution.TypeSolver.solveType(TypeSolver.java:71)

101363     ERROR Test worker     d.u.i.k.n.b.TacletPBuilder Error in parsing taclet. de.uka.ilkd.key.util.parsing.BuildingException: Unsolved symbol in de.uka.ilkd.key.java.JavaParserFactory$DynamicTypeSolver@39ac9725 : java.lang.Object at file:/D:/a/key/key/key.core/build/resources/main/de/uka/ilkd/key/proof/rules/activeUse.key:639:15
	at de.uka.ilkd.key.nparser.builder.AbstractBuilder.accept(AbstractBuilder.java:54)
Caused by: com.github.javaparser.resolution.UnsolvedSymbolException: Unsolved symbol in de.uka.ilkd.key.java.JavaParserFactory$DynamicTypeSolver@39ac9725 : java.lang.Object
	at com.github.javaparser.resolution.TypeSolver.solveType(TypeSolver.java:71)

101363     ERROR Test worker     d.u.i.k.n.b.AbstractBuilder  com.github.javaparser.resolution.UnsolvedSymbolException: Unsolved symbol in de.uka.ilkd.key.java.JavaParserFactory$DynamicTypeSolver@39ac9725 : java.lang.Object
	at com.github.javaparser.resolution.TypeSolver.solveType(TypeSolver.java:71)

101363     ERROR Test worker     d.u.i.k.n.b.TacletPBuilder Error in parsing taclet. de.uka.ilkd.key.util.parsing.BuildingException: Unsolved symbol in de.uka.ilkd.key.java.JavaParserFactory$DynamicTypeSolver@39ac9725 : java.lang.Object at file:/D:/a/key/key/key.core/build/resources/main/de/uka/ilkd/key/proof/rules/activeUse.key:652:15
	at de.uka.ilkd.key.nparser.builder.AbstractBuilder.accept(AbstractBuilder.java:54)
Caused by: com.github.javaparser.resolution.UnsolvedSymbolException: Unsolved symbol in de.uka.ilkd.key.java.JavaParserFactory$DynamicTypeSolver@39ac9725 : java.lang.Object
	at com.github.javaparser.resolution.TypeSolver.solveType(TypeSolver.java:71)

101363     ERROR Test worker     d.u.i.k.n.b.AbstractBuilder  com.github.javaparser.resolution.UnsolvedSymbolException: Unsolved symbol in de.uka.ilkd.key.java.JavaParserFactory$DynamicTypeSolver@39ac9725 : java.lang.Object
	at com.github.javaparser.resolution.TypeSolver.solveType(TypeSolver.java:71)

101363     ERROR Test worker     d.u.i.k.n.b.TacletPBuilder Error in parsing taclet. de.uka.ilkd.key.util.parsing.BuildingException: Unsolved symbol in de.uka.ilkd.key.java.JavaParserFactory$DynamicTypeSolver@39ac9725 : java.lang.Object at file:/D:/a/key/key/key.core/build/resources/main/de/uka/ilkd/key/proof/rules/activeUse.key:665:15
	at de.uka.ilkd.key.nparser.builder.AbstractBuilder.accept(AbstractBuilder.java:54)
Caused by: com.github.javaparser.resolution.UnsolvedSymbolException: Unsolved symbol in de.uka.ilkd.key.java.JavaParserFactory$DynamicTypeSolver@39ac9725 : java.lang.Object
	at com.github.javaparser.resolution.TypeSolver.solveType(TypeSolver.java:71)

101363     ERROR Test worker     d.u.i.k.n.b.AbstractBuilder  com.github.javaparser.resolution.UnsolvedSymbolException: Unsolved symbol in de.uka.ilkd.key.java.JavaParserFactory$DynamicTypeSolver@39ac9725 : java.lang.Object
	at com.github.javaparser.resolution.TypeSolver.solveType(TypeSolver.java:71)

101378     ERROR Test worker     d.u.i.k.n.b.TacletPBuilder Error in parsing taclet. de.uka.ilkd.key.util.parsing.BuildingException: Unsolved symbol in de.uka.ilkd.key.java.JavaParserFactory$DynamicTypeSolver@39ac9725 : java.lang.Object at file:/D:/a/key/key/key.core/build/resources/main/de/uka/ilkd/key/proof/rules/activeUse.key:678:15
	at de.uka.ilkd.key.nparser.builder.AbstractBuilder.accept(AbstractBuilder.java:54)
Caused by: com.github.javaparser.resolution.UnsolvedSymbolException: Unsolved symbol in de.uka.ilkd.key.java.JavaParserFactory$DynamicTypeSolver@39ac9725 : java.lang.Object
	at com.github.javaparser.resolution.TypeSolver.solveType(TypeSolver.java:71)

101378     ERROR Test worker     d.u.i.k.n.b.AbstractBuilder  com.github.javaparser.resolution.UnsolvedSymbolException: Unsolved symbol in de.uka.ilkd.key.java.JavaParserFactory$DynamicTypeSolver@39ac9725 : java.lang.Object
	at com.github.javaparser.resolution.TypeSolver.solveType(TypeSolver.java:71)

101378     ERROR Test worker     d.u.i.k.n.b.TacletPBuilder Error in parsing taclet. de.uka.ilkd.key.util.parsing.BuildingException: Unsolved symbol in de.uka.ilkd.key.java.JavaParserFactory$DynamicTypeSolver@39ac9725 : java.lang.Object at file:/D:/a/key/key/key.core/build/resources/main/de/uka/ilkd/key/proof/rules/instanceAllocation.key:59:15
	at de.uka.ilkd.key.nparser.builder.AbstractBuilder.accept(AbstractBuilder.java:54)
Caused by: com.github.javaparser.resolution.UnsolvedSymbolException: Unsolved symbol in de.uka.ilkd.key.java.JavaParserFactory$DynamicTypeSolver@39ac9725 : java.lang.Object
	at com.github.javaparser.resolution.TypeSolver.solveType(TypeSolver.java:71)

101378     ERROR Test worker     d.u.i.k.n.b.AbstractBuilder  com.github.javaparser.resolution.UnsolvedSymbolException: Unsolved symbol in de.uka.ilkd.key.java.JavaParserFactory$DynamicTypeSolver@39ac9725 : java.lang.Object
	at com.github.javaparser.resolution.TypeSolver.solveType(TypeSolver.java:71)

101378     ERROR Test worker     d.u.i.k.n.b.TacletPBuilder Error in parsing taclet. de.uka.ilkd.key.util.parsing.BuildingException: Unsolved symbol in de.uka.ilkd.key.java.JavaParserFactory$DynamicTypeSolver@39ac9725 : java.lang.Object at file:/D:/a/key/key/key.core/build/resources/main/de/uka/ilkd/key/proof/rules/instanceAllocation.key:65:15
	at de.uka.ilkd.key.nparser.builder.AbstractBuilder.accept(AbstractBuilder.java:54)
Caused by: com.github.javaparser.resolution.UnsolvedSymbolException: Unsolved symbol in de.uka.ilkd.key.java.JavaParserFactory$DynamicTypeSolver@39ac9725 : java.lang.Object
	at com.github.javaparser.resolution.TypeSolver.solveType(TypeSolver.java:71)

101378     ERROR Test worker     d.u.i.k.n.b.AbstractBuilder  com.github.javaparser.resolution.UnsolvedSymbolException: Unsolved symbol in de.uka.ilkd.key.java.JavaParserFactory$DynamicTypeSolver@39ac9725 : java.lang.Object
	at com.github.javaparser.resolution.TypeSolver.solveType(TypeSolver.java:71)

101378     ERROR Test worker     d.u.i.k.n.b.TacletPBuilder Error in parsing taclet. de.uka.ilkd.key.util.parsing.BuildingException: Unsolved symbol in de.uka.ilkd.key.java.JavaParserFactory$DynamicTypeSolver@39ac9725 : java.lang.Object at file:/D:/a/key/key/key.core/build/resources/main/de/uka/ilkd/key/proof/rules/instanceAllocation.key:71:15
	at de.uka.ilkd.key.nparser.builder.AbstractBuilder.accept(AbstractBuilder.java:54)
Caused by: com.github.javaparser.resolution.UnsolvedSymbolException: Unsolved symbol in de.uka.ilkd.key.java.JavaParserFactory$DynamicTypeSolver@39ac9725 : java.lang.Object
	at com.github.javaparser.resolution.TypeSolver.solveType(TypeSolver.java:71)

101394     ERROR Test worker     d.u.i.k.n.b.AbstractBuilder  com.github.javaparser.resolution.UnsolvedSymbolException: Unsolved symbol in de.uka.ilkd.key.java.JavaParserFactory$DynamicTypeSolver@39ac9725 : java.lang.Object
	at com.github.javaparser.resolution.TypeSolver.solveType(TypeSolver.java:71)

101394     ERROR Test worker     d.u.i.k.n.b.TacletPBuilder Error in parsing taclet. de.uka.ilkd.key.util.parsing.BuildingException: Unsolved symbol in de.uka.ilkd.key.java.JavaParserFactory$DynamicTypeSolver@39ac9725 : java.lang.Object at file:/D:/a/key/key/key.core/build/resources/main/de/uka/ilkd/key/proof/rules/instanceAllocation.key:81:15
	at de.uka.ilkd.key.nparser.builder.AbstractBuilder.accept(AbstractBuilder.java:54)
Caused by: com.github.javaparser.resolution.UnsolvedSymbolException: Unsolved symbol in de.uka.ilkd.key.java.JavaParserFactory$DynamicTypeSolver@39ac9725 : java.lang.Object
	at com.github.javaparser.resolution.TypeSolver.solveType(TypeSolver.java:71)

101394     ERROR Test worker     d.u.i.k.n.b.AbstractBuilder  com.github.javaparser.resolution.UnsolvedSymbolException: Unsolved symbol in de.uka.ilkd.key.java.JavaParserFactory$DynamicTypeSolver@39ac9725 : java.lang.Object
	at com.github.javaparser.resolution.TypeSolver.solveType(TypeSolver.java:71)

101394     ERROR Test worker     d.u.i.k.n.b.TacletPBuilder Error in parsing taclet. de.uka.ilkd.key.util.parsing.BuildingException: Unsolved symbol in de.uka.ilkd.key.java.JavaParserFactory$DynamicTypeSolver@39ac9725 : java.lang.Object at file:/D:/a/key/key/key.core/build/resources/main/de/uka/ilkd/key/proof/rules/instanceAllocation.key:95:20
	at de.uka.ilkd.key.nparser.builder.AbstractBuilder.accept(AbstractBuilder.java:54)
Caused by: com.github.javaparser.resolution.UnsolvedSymbolException: Unsolved symbol in de.uka.ilkd.key.java.JavaParserFactory$DynamicTypeSolver@39ac9725 : java.lang.Object
	at com.github.javaparser.resolution.TypeSolver.solveType(TypeSolver.java:71)

101394     ERROR Test worker     d.u.i.k.n.b.AbstractBuilder  com.github.javaparser.resolution.UnsolvedSymbolException: Unsolved symbol in de.uka.ilkd.key.java.JavaParserFactory$DynamicTypeSolver@39ac9725 : java.lang.Object
	at com.github.javaparser.resolution.TypeSolver.solveType(TypeSolver.java:71)

101394     ERROR Test worker     d.u.i.k.n.b.TacletPBuilder Error in parsing taclet. de.uka.ilkd.key.util.parsing.BuildingException: Unsolved symbol in de.uka.ilkd.key.java.JavaParserFactory$DynamicTypeSolver@39ac9725 : java.lang.Object at file:/D:/a/key/key/key.core/build/resources/main/de/uka/ilkd/key/proof/rules/instanceAllocation.key:112:20
	at de.uka.ilkd.key.nparser.builder.AbstractBuilder.accept(AbstractBuilder.java:54)
Caused by: com.github.javaparser.resolution.UnsolvedSymbolException: Unsolved symbol in de.uka.ilkd.key.java.JavaParserFactory$DynamicTypeSolver@39ac9725 : java.lang.Object
	at com.github.javaparser.resolution.TypeSolver.solveType(TypeSolver.java:71)

101394     ERROR Test worker     d.u.i.k.n.b.AbstractBuilder  com.github.javaparser.resolution.UnsolvedSymbolException: Unsolved symbol in de.uka.ilkd.key.java.JavaParserFactory$DynamicTypeSolver@39ac9725 : java.lang.Object
	at com.github.javaparser.resolution.TypeSolver.solveType(TypeSolver.java:71)

101394     ERROR Test worker     d.u.i.k.n.b.TacletPBuilder Error in parsing taclet. de.uka.ilkd.key.util.parsing.BuildingException: Unsolved symbol in de.uka.ilkd.key.java.JavaParserFactory$DynamicTypeSolver@39ac9725 : java.lang.Object at file:/D:/a/key/key/key.core/build/resources/main/de/uka/ilkd/key/proof/rules/instanceAllocation.key:135:20
	at de.uka.ilkd.key.nparser.builder.AbstractBuilder.accept(AbstractBuilder.java:54)
Caused by: com.github.javaparser.resolution.UnsolvedSymbolException: Unsolved symbol in de.uka.ilkd.key.java.JavaParserFactory$DynamicTypeSolver@39ac9725 : java.lang.Object
	at com.github.javaparser.resolution.TypeSolver.solveType(TypeSolver.java:71)

101394     ERROR Test worker     d.u.i.k.n.b.AbstractBuilder  com.github.javaparser.resolution.UnsolvedSymbolException: Unsolved symbol in de.uka.ilkd.key.java.JavaParserFactory$DynamicTypeSolver@39ac9725 : java.lang.Object
	at com.github.javaparser.resolution.TypeSolver.solveType(TypeSolver.java:71)

101394     ERROR Test worker     d.u.i.k.n.b.TacletPBuilder Error in parsing taclet. de.uka.ilkd.key.util.parsing.BuildingException: Unsolved symbol in de.uka.ilkd.key.java.JavaParserFactory$DynamicTypeSolver@39ac9725 : java.lang.Object at file:/D:/a/key/key/key.core/build/resources/main/de/uka/ilkd/key/proof/rules/instanceAllocation.key:147:20
	at de.uka.ilkd.key.nparser.builder.AbstractBuilder.accept(AbstractBuilder.java:54)
Caused by: com.github.javaparser.resolution.UnsolvedSymbolException: Unsolved symbol in de.uka.ilkd.key.java.JavaParserFactory$DynamicTypeSolver@39ac9725 : java.lang.Object
	at com.github.javaparser.resolution.TypeSolver.solveType(TypeSolver.java:71)

101409     ERROR Test worker     d.u.i.k.n.b.AbstractBuilder  com.github.javaparser.resolution.UnsolvedSymbolException: Unsolved symbol in de.uka.ilkd.key.java.JavaParserFactory$DynamicTypeSolver@39ac9725 : java.lang.Object
	at com.github.javaparser.resolution.TypeSolver.solveType(TypeSolver.java:71)

101409     ERROR Test worker     d.u.i.k.n.b.TacletPBuilder Error in parsing taclet. de.uka.ilkd.key.util.parsing.BuildingException: Unsolved symbol in de.uka.ilkd.key.java.JavaParserFactory$DynamicTypeSolver@39ac9725 : java.lang.Object at file:/D:/a/key/key/key.core/build/resources/main/de/uka/ilkd/key/proof/rules/instanceAllocation.key:168:15
	at de.uka.ilkd.key.nparser.builder.AbstractBuilder.accept(AbstractBuilder.java:54)
Caused by: com.github.javaparser.resolution.UnsolvedSymbolException: Unsolved symbol in de.uka.ilkd.key.java.JavaParserFactory$DynamicTypeSolver@39ac9725 : java.lang.Object
	at com.github.javaparser.resolution.TypeSolver.solveType(TypeSolver.java:71)

101409     ERROR Test worker     d.u.i.k.n.b.AbstractBuilder  com.github.javaparser.resolution.UnsolvedSymbolException: Unsolved symbol in de.uka.ilkd.key.java.JavaParserFactory$DynamicTypeSolver@39ac9725 : java.lang.Object
	at com.github.javaparser.resolution.TypeSolver.solveType(TypeSolver.java:71)

101409     ERROR Test worker     d.u.i.k.n.b.TacletPBuilder Error in parsing taclet. de.uka.ilkd.key.util.parsing.BuildingException: Unsolved symbol in de.uka.ilkd.key.java.JavaParserFactory$DynamicTypeSolver@39ac9725 : java.lang.Object at file:/D:/a/key/key/key.core/build/resources/main/de/uka/ilkd/key/proof/rules/instanceAllocation.key:180:15
	at de.uka.ilkd.key.nparser.builder.AbstractBuilder.accept(AbstractBuilder.java:54)
Caused by: com.github.javaparser.resolution.UnsolvedSymbolException: Unsolved symbol in de.uka.ilkd.key.java.JavaParserFactory$DynamicTypeSolver@39ac9725 : java.lang.Object
	at com.github.javaparser.resolution.TypeSolver.solveType(TypeSolver.java:71)

101409     ERROR Test worker     d.u.i.k.n.b.AbstractBuilder  com.github.javaparser.resolution.UnsolvedSymbolException: Unsolved symbol in de.uka.ilkd.key.java.JavaParserFactory$DynamicTypeSolver@39ac9725 : java.lang.Object
	at com.github.javaparser.resolution.TypeSolver.solveType(TypeSolver.java:71)

101409     ERROR Test worker     d.u.i.k.n.b.TacletPBuilder Error in parsing taclet. de.uka.ilkd.key.util.parsing.BuildingException: Unsolved symbol in de.uka.ilkd.key.java.JavaParserFactory$DynamicTypeSolver@39ac9725 : java.lang.Object at file:/D:/a/key/key/key.core/build/resources/main/de/uka/ilkd/key/proof/rules/instanceAllocation.key:190:15
	at de.uka.ilkd.key.nparser.builder.AbstractBuilder.accept(AbstractBuilder.java:54)
Caused by: com.github.javaparser.resolution.UnsolvedSymbolException: Unsolved symbol in de.uka.ilkd.key.java.JavaParserFactory$DynamicTypeSolver@39ac9725 : java.lang.Object
	at com.github.javaparser.resolution.TypeSolver.solveType(TypeSolver.java:71)

101409     ERROR Test worker     d.u.i.k.n.b.AbstractBuilder  com.github.javaparser.resolution.UnsolvedSymbolException: Unsolved symbol in de.uka.ilkd.key.java.JavaParserFactory$DynamicTypeSolver@39ac9725 : java.lang.Object
	at com.github.javaparser.resolution.TypeSolver.solveType(TypeSolver.java:71)

101409     ERROR Test worker     d.u.i.k.n.b.TacletPBuilder Error in parsing taclet. de.uka.ilkd.key.util.parsing.BuildingException: Unsolved symbol in de.uka.ilkd.key.java.JavaParserFactory$DynamicTypeSolver@39ac9725 : java.lang.Object at file:/D:/a/key/key/key.core/build/resources/main/de/uka/ilkd/key/proof/rules/java5.key:49:15
	at de.uka.ilkd.key.nparser.builder.AbstractBuilder.accept(AbstractBuilder.java:54)
Caused by: com.github.javaparser.resolution.UnsolvedSymbolException: Unsolved symbol in de.uka.ilkd.key.java.JavaParserFactory$DynamicTypeSolver@39ac9725 : java.lang.Object
	at com.github.javaparser.resolution.TypeSolver.solveType(TypeSolver.java:71)

101425     ERROR Test worker     d.u.i.k.n.b.AbstractBuilder  com.github.javaparser.resolution.UnsolvedSymbolException: Unsolved symbol in de.uka.ilkd.key.java.JavaParserFactory$DynamicTypeSolver@39ac9725 : java.lang.Object
	at com.github.javaparser.resolution.TypeSolver.solveType(TypeSolver.java:71)

101425     ERROR Test worker     d.u.i.k.n.b.TacletPBuilder Error in parsing taclet. de.uka.ilkd.key.util.parsing.BuildingException: Unsolved symbol in de.uka.ilkd.key.java.JavaParserFactory$DynamicTypeSolver@39ac9725 : java.lang.Object at file:/D:/a/key/key/key.core/build/resources/main/de/uka/ilkd/key/proof/rules/integerAssignment2UpdateRules.key:38:15
	at de.uka.ilkd.key.nparser.builder.AbstractBuilder.accept(AbstractBuilder.java:54)
Caused by: com.github.javaparser.resolution.UnsolvedSymbolException: Unsolved symbol in de.uka.ilkd.key.java.JavaParserFactory$DynamicTypeSolver@39ac9725 : java.lang.Object
	at com.github.javaparser.resolution.TypeSolver.solveType(TypeSolver.java:71)

101425     ERROR Test worker     d.u.i.k.n.b.AbstractBuilder  com.github.javaparser.resolution.UnsolvedSymbolException: Unsolved symbol in de.uka.ilkd.key.java.JavaParserFactory$DynamicTypeSolver@39ac9725 : java.lang.Object
	at com.github.javaparser.resolution.TypeSolver.solveType(TypeSolver.java:71)

101425     ERROR Test worker     d.u.i.k.n.b.TacletPBuilder Error in parsing taclet. de.uka.ilkd.key.util.parsing.BuildingException: Unsolved symbol in de.uka.ilkd.key.java.JavaParserFactory$DynamicTypeSolver@39ac9725 : java.lang.Object at file:/D:/a/key/key/key.core/build/resources/main/de/uka/ilkd/key/proof/rules/integerAssignment2UpdateRules.key:52:15
	at de.uka.ilkd.key.nparser.builder.AbstractBuilder.accept(AbstractBuilder.java:54)
Caused by: com.github.javaparser.resolution.UnsolvedSymbolException: Unsolved symbol in de.uka.ilkd.key.java.JavaParserFactory$DynamicTypeSolver@39ac9725 : java.lang.Object
	at com.github.javaparser.resolution.TypeSolver.solveType(TypeSolver.java:71)

101425     ERROR Test worker     d.u.i.k.n.b.AbstractBuilder  com.github.javaparser.resolution.UnsolvedSymbolException: Unsolved symbol in de.uka.ilkd.key.java.JavaParserFactory$DynamicTypeSolver@39ac9725 : java.lang.Object
	at com.github.javaparser.resolution.TypeSolver.solveType(TypeSolver.java:71)

101425     ERROR Test worker     d.u.i.k.n.b.TacletPBuilder Error in parsing taclet. de.uka.ilkd.key.util.parsing.BuildingException: Unsolved symbol in de.uka.ilkd.key.java.JavaParserFactory$DynamicTypeSolver@39ac9725 : java.lang.Object at file:/D:/a/key/key/key.core/build/resources/main/de/uka/ilkd/key/proof/rules/integerAssignment2UpdateRules.key:66:15
	at de.uka.ilkd.key.nparser.builder.AbstractBuilder.accept(AbstractBuilder.java:54)
Caused by: com.github.javaparser.resolution.UnsolvedSymbolException: Unsolved symbol in de.uka.ilkd.key.java.JavaParserFactory$DynamicTypeSolver@39ac9725 : java.lang.Object
	at com.github.javaparser.resolution.TypeSolver.solveType(TypeSolver.java:71)

101425     ERROR Test worker     d.u.i.k.n.b.AbstractBuilder  com.github.javaparser.resolution.UnsolvedSymbolException: Unsolved symbol in de.uka.ilkd.key.java.JavaParserFactory$DynamicTypeSolver@39ac9725 : java.lang.Object
	at com.github.javaparser.resolution.TypeSolver.solveType(TypeSolver.java:71)

101425     ERROR Test worker     d.u.i.k.n.b.TacletPBuilder Error in parsing taclet. de.uka.ilkd.key.util.parsing.BuildingException: Unsolved symbol in de.uka.ilkd.key.java.JavaParserFactory$DynamicTypeSolver@39ac9725 : java.lang.Object at file:/D:/a/key/key/key.core/build/resources/main/de/uka/ilkd/key/proof/rules/integerAssignment2UpdateRules.key:80:15
	at de.uka.ilkd.key.nparser.builder.AbstractBuilder.accept(AbstractBuilder.java:54)
Caused by: com.github.javaparser.resolution.UnsolvedSymbolException: Unsolved symbol in de.uka.ilkd.key.java.JavaParserFactory$DynamicTypeSolver@39ac9725 : java.lang.Object
	at com.github.javaparser.resolution.TypeSolver.solveType(TypeSolver.java:71)

101441     ERROR Test worker     d.u.i.k.n.b.AbstractBuilder  com.github.javaparser.resolution.UnsolvedSymbolException: Unsolved symbol in de.uka.ilkd.key.java.JavaParserFactory$DynamicTypeSolver@39ac9725 : java.lang.Object
	at com.github.javaparser.resolution.TypeSolver.solveType(TypeSolver.java:71)

101441     ERROR Test worker     d.u.i.k.n.b.TacletPBuilder Error in parsing taclet. de.uka.ilkd.key.util.parsing.BuildingException: Unsolved symbol in de.uka.ilkd.key.java.JavaParserFactory$DynamicTypeSolver@39ac9725 : java.lang.Object at file:/D:/a/key/key/key.core/build/resources/main/de/uka/ilkd/key/proof/rules/integerAssignment2UpdateRules.key:100:20
	at de.uka.ilkd.key.nparser.builder.AbstractBuilder.accept(AbstractBuilder.java:54)
Caused by: com.github.javaparser.resolution.UnsolvedSymbolException: Unsolved symbol in de.uka.ilkd.key.java.JavaParserFactory$DynamicTypeSolver@39ac9725 : java.lang.Object
	at com.github.javaparser.resolution.TypeSolver.solveType(TypeSolver.java:71)

101441     ERROR Test worker     d.u.i.k.n.b.AbstractBuilder  com.github.javaparser.resolution.UnsolvedSymbolException: Unsolved symbol in de.uka.ilkd.key.java.JavaParserFactory$DynamicTypeSolver@39ac9725 : java.lang.Object
	at com.github.javaparser.resolution.TypeSolver.solveType(TypeSolver.java:71)

101441     ERROR Test worker     d.u.i.k.n.b.TacletPBuilder Error in parsing taclet. de.uka.ilkd.key.util.parsing.BuildingException: Unsolved symbol in de.uka.ilkd.key.java.JavaParserFactory$DynamicTypeSolver@39ac9725 : java.lang.Object at file:/D:/a/key/key/key.core/build/resources/main/de/uka/ilkd/key/proof/rules/integerAssignment2UpdateRules.key:112:20
	at de.uka.ilkd.key.nparser.builder.AbstractBuilder.accept(AbstractBuilder.java:54)
Caused by: com.github.javaparser.resolution.UnsolvedSymbolException: Unsolved symbol in de.uka.ilkd.key.java.JavaParserFactory$DynamicTypeSolver@39ac9725 : java.lang.Object
	at com.github.javaparser.resolution.TypeSolver.solveType(TypeSolver.java:71)

101441     ERROR Test worker     d.u.i.k.n.b.AbstractBuilder  com.github.javaparser.resolution.UnsolvedSymbolException: Unsolved symbol in de.uka.ilkd.key.java.JavaParserFactory$DynamicTypeSolver@39ac9725 : java.lang.Object
	at com.github.javaparser.resolution.TypeSolver.solveType(TypeSolver.java:71)

101441     ERROR Test worker     d.u.i.k.n.b.TacletPBuilder Error in parsing taclet. de.uka.ilkd.key.util.parsing.BuildingException: Unsolved symbol in de.uka.ilkd.key.java.JavaParserFactory$DynamicTypeSolver@39ac9725 : java.lang.Object at file:/D:/a/key/key/key.core/build/resources/main/de/uka/ilkd/key/proof/rules/integerAssignment2UpdateRules.key:124:20
	at de.uka.ilkd.key.nparser.builder.AbstractBuilder.accept(AbstractBuilder.java:54)
Caused by: com.github.javaparser.resolution.UnsolvedSymbolException: Unsolved symbol in de.uka.ilkd.key.java.JavaParserFactory$DynamicTypeSolver@39ac9725 : java.lang.Object
	at com.github.javaparser.resolution.TypeSolver.solveType(TypeSolver.java:71)

101441     ERROR Test worker     d.u.i.k.n.b.AbstractBuilder  com.github.javaparser.resolution.UnsolvedSymbolException: Unsolved symbol in de.uka.ilkd.key.java.JavaParserFactory$DynamicTypeSolver@39ac9725 : java.lang.Object
	at com.github.javaparser.resolution.TypeSolver.solveType(TypeSolver.java:71)

101441     ERROR Test worker     d.u.i.k.n.b.TacletPBuilder Error in parsing taclet. de.uka.ilkd.key.util.parsing.BuildingException: Unsolved symbol in de.uka.ilkd.key.java.JavaParserFactory$DynamicTypeSolver@39ac9725 : java.lang.Object at file:/D:/a/key/key/key.core/build/resources/main/de/uka/ilkd/key/proof/rules/integerAssignment2UpdateRules.key:140:20
	at de.uka.ilkd.key.nparser.builder.AbstractBuilder.accept(AbstractBuilder.java:54)
Caused by: com.github.javaparser.resolution.UnsolvedSymbolException: Unsolved symbol in de.uka.ilkd.key.java.JavaParserFactory$DynamicTypeSolver@39ac9725 : java.lang.Object
	at com.github.javaparser.resolution.TypeSolver.solveType(TypeSolver.java:71)

101441     ERROR Test worker     d.u.i.k.n.b.AbstractBuilder  com.github.javaparser.resolution.UnsolvedSymbolException: Unsolved symbol in de.uka.ilkd.key.java.JavaParserFactory$DynamicTypeSolver@39ac9725 : java.lang.Object
	at com.github.javaparser.resolution.TypeSolver.solveType(TypeSolver.java:71)

101441     ERROR Test worker     d.u.i.k.n.b.TacletPBuilder Error in parsing taclet. de.uka.ilkd.key.util.parsing.BuildingException: Unsolved symbol in de.uka.ilkd.key.java.JavaParserFactory$DynamicTypeSolver@39ac9725 : java.lang.Object at file:/D:/a/key/key/key.core/build/resources/main/de/uka/ilkd/key/proof/rules/integerAssignment2UpdateRules.key:157:15
	at de.uka.ilkd.key.nparser.builder.AbstractBuilder.accept(AbstractBuilder.java:54)
Caused by: com.github.javaparser.resolution.UnsolvedSymbolException: Unsolved symbol in de.uka.ilkd.key.java.JavaParserFactory$DynamicTypeSolver@39ac9725 : java.lang.Object
	at com.github.javaparser.resolution.TypeSolver.solveType(TypeSolver.java:71)

101441     ERROR Test worker     d.u.i.k.n.b.AbstractBuilder  com.github.javaparser.resolution.UnsolvedSymbolException: Unsolved symbol in de.uka.ilkd.key.java.JavaParserFactory$DynamicTypeSolver@39ac9725 : java.lang.Object
	at com.github.javaparser.resolution.TypeSolver.solveType(TypeSolver.java:71)

101456     ERROR Test worker     d.u.i.k.n.b.TacletPBuilder Error in parsing taclet. de.uka.ilkd.key.util.parsing.BuildingException: Unsolved symbol in de.uka.ilkd.key.java.JavaParserFactory$DynamicTypeSolver@39ac9725 : java.lang.Object at file:/D:/a/key/key/key.core/build/resources/main/de/uka/ilkd/key/proof/rules/integerAssignment2UpdateRules.key:168:15
	at de.uka.ilkd.key.nparser.builder.AbstractBuilder.accept(AbstractBuilder.java:54)
Caused by: com.github.javaparser.resolution.UnsolvedSymbolException: Unsolved symbol in de.uka.ilkd.key.java.JavaParserFactory$DynamicTypeSolver@39ac9725 : java.lang.Object
	at com.github.javaparser.resolution.TypeSolver.solveType(TypeSolver.java:71)

101456     ERROR Test worker     d.u.i.k.n.b.AbstractBuilder  com.github.javaparser.resolution.UnsolvedSymbolException: Unsolved symbol in de.uka.ilkd.key.java.JavaParserFactory$DynamicTypeSolver@39ac9725 : java.lang.Object
	at com.github.javaparser.resolution.TypeSolver.solveType(TypeSolver.java:71)

101456     ERROR Test worker     d.u.i.k.n.b.TacletPBuilder Error in parsing taclet. de.uka.ilkd.key.util.parsing.BuildingException: Unsolved symbol in de.uka.ilkd.key.java.JavaParserFactory$DynamicTypeSolver@39ac9725 : java.lang.Object at file:/D:/a/key/key/key.core/build/resources/main/de/uka/ilkd/key/proof/rules/integerAssignment2UpdateRules.key:179:15
	at de.uka.ilkd.key.nparser.builder.AbstractBuilder.accept(AbstractBuilder.java:54)
Caused by: com.github.javaparser.resolution.UnsolvedSymbolException: Unsolved symbol in de.uka.ilkd.key.java.JavaParserFactory$DynamicTypeSolver@39ac9725 : java.lang.Object
	at com.github.javaparser.resolution.TypeSolver.solveType(TypeSolver.java:71)

101456     ERROR Test worker     d.u.i.k.n.b.AbstractBuilder  com.github.javaparser.resolution.UnsolvedSymbolException: Unsolved symbol in de.uka.ilkd.key.java.JavaParserFactory$DynamicTypeSolver@39ac9725 : java.lang.Object
	at com.github.javaparser.resolution.TypeSolver.solveType(TypeSolver.java:71)

101456     ERROR Test worker     d.u.i.k.n.b.TacletPBuilder Error in parsing taclet. de.uka.ilkd.key.util.parsing.BuildingException: Unsolved symbol in de.uka.ilkd.key.java.JavaParserFactory$DynamicTypeSolver@39ac9725 : java.lang.Object at file:/D:/a/key/key/key.core/build/resources/main/de/uka/ilkd/key/proof/rules/integerAssignment2UpdateRules.key:194:15
	at de.uka.ilkd.key.nparser.builder.AbstractBuilder.accept(AbstractBuilder.java:54)
Caused by: com.github.javaparser.resolution.UnsolvedSymbolException: Unsolved symbol in de.uka.ilkd.key.java.JavaParserFactory$DynamicTypeSolver@39ac9725 : java.lang.Object
	at com.github.javaparser.resolution.TypeSolver.solveType(TypeSolver.java:71)

101456     ERROR Test worker     d.u.i.k.n.b.AbstractBuilder  com.github.javaparser.resolution.UnsolvedSymbolException: Unsolved symbol in de.uka.ilkd.key.java.JavaParserFactory$DynamicTypeSolver@39ac9725 : java.lang.Object
	at com.github.javaparser.resolution.TypeSolver.solveType(TypeSolver.java:71)

101456     ERROR Test worker     d.u.i.k.n.b.TacletPBuilder Error in parsing taclet. de.uka.ilkd.key.util.parsing.BuildingException: Unsolved symbol in de.uka.ilkd.key.java.JavaParserFactory$DynamicTypeSolver@39ac9725 : java.lang.Object at file:/D:/a/key/key/key.core/build/resources/main/de/uka/ilkd/key/proof/rules/integerAssignment2UpdateRules.key:210:15
	at de.uka.ilkd.key.nparser.builder.AbstractBuilder.accept(AbstractBuilder.java:54)
Caused by: com.github.javaparser.resolution.UnsolvedSymbolException: Unsolved symbol in de.uka.ilkd.key.java.JavaParserFactory$DynamicTypeSolver@39ac9725 : java.lang.Object
	at com.github.javaparser.resolution.TypeSolver.solveType(TypeSolver.java:71)

101456     ERROR Test worker     d.u.i.k.n.b.AbstractBuilder  com.github.javaparser.resolution.UnsolvedSymbolException: Unsolved symbol in de.uka.ilkd.key.java.JavaParserFactory$DynamicTypeSolver@39ac9725 : java.lang.Object
	at com.github.javaparser.resolution.TypeSolver.solveType(TypeSolver.java:71)

101456     ERROR Test worker     d.u.i.k.n.b.TacletPBuilder Error in parsing taclet. de.uka.ilkd.key.util.parsing.BuildingException: Unsolved symbol in de.uka.ilkd.key.java.JavaParserFactory$DynamicTypeSolver@39ac9725 : java.lang.Object at file:/D:/a/key/key/key.core/build/resources/main/de/uka/ilkd/key/proof/rules/integerAssignment2UpdateRules.key:224:15
	at de.uka.ilkd.key.nparser.builder.AbstractBuilder.accept(AbstractBuilder.java:54)
Caused by: com.github.javaparser.resolution.UnsolvedSymbolException: Unsolved symbol in de.uka.ilkd.key.java.JavaParserFactory$DynamicTypeSolver@39ac9725 : java.lang.Object
	at com.github.javaparser.resolution.TypeSolver.solveType(TypeSolver.java:71)

101456     ERROR Test worker     d.u.i.k.n.b.AbstractBuilder  com.github.javaparser.resolution.UnsolvedSymbolException: Unsolved symbol in de.uka.ilkd.key.java.JavaParserFactory$DynamicTypeSolver@39ac9725 : java.lang.Object
	at com.github.javaparser.resolution.TypeSolver.solveType(TypeSolver.java:71)

101456     ERROR Test worker     d.u.i.k.n.b.TacletPBuilder Error in parsing taclet. de.uka.ilkd.key.util.parsing.BuildingException: Unsolved symbol in de.uka.ilkd.key.java.JavaParserFactory$DynamicTypeSolver@39ac9725 : java.lang.Object at file:/D:/a/key/key/key.core/build/resources/main/de/uka/ilkd/key/proof/rules/integerAssignment2UpdateRules.key:238:15
	at de.uka.ilkd.key.nparser.builder.AbstractBuilder.accept(AbstractBuilder.java:54)
Caused by: com.github.javaparser.resolution.UnsolvedSymbolException: Unsolved symbol in de.uka.ilkd.key.java.JavaParserFactory$DynamicTypeSolver@39ac9725 : java.lang.Object
	at com.github.javaparser.resolution.TypeSolver.solveType(TypeSolver.java:71)

101456     ERROR Test worker     d.u.i.k.n.b.AbstractBuilder  com.github.javaparser.resolution.UnsolvedSymbolException: Unsolved symbol in de.uka.ilkd.key.java.JavaParserFactory$DynamicTypeSolver@39ac9725 : java.lang.Object
	at com.github.javaparser.resolution.TypeSolver.solveType(TypeSolver.java:71)

101456     ERROR Test worker     d.u.i.k.n.b.TacletPBuilder Error in parsing taclet. de.uka.ilkd.key.util.parsing.BuildingException: Unsolved symbol in de.uka.ilkd.key.java.JavaParserFactory$DynamicTypeSolver@39ac9725 : java.lang.Object at file:/D:/a/key/key/key.core/build/resources/main/de/uka/ilkd/key/proof/rules/integerAssignment2UpdateRules.key:256:15
	at de.uka.ilkd.key.nparser.builder.AbstractBuilder.accept(AbstractBuilder.java:54)
Caused by: com.github.javaparser.resolution.UnsolvedSymbolException: Unsolved symbol in de.uka.ilkd.key.java.JavaParserFactory$DynamicTypeSolver@39ac9725 : java.lang.Object
	at com.github.javaparser.resolution.TypeSolver.solveType(TypeSolver.java:71)

101472     ERROR Test worker     d.u.i.k.n.b.AbstractBuilder  com.github.javaparser.resolution.UnsolvedSymbolException: Unsolved symbol in de.uka.ilkd.key.java.JavaParserFactory$DynamicTypeSolver@39ac9725 : java.lang.Object
	at com.github.javaparser.resolution.TypeSolver.solveType(TypeSolver.java:71)

101472     ERROR Test worker     d.u.i.k.n.b.TacletPBuilder Error in parsing taclet. de.uka.ilkd.key.util.parsing.BuildingException: Unsolved symbol in de.uka.ilkd.key.java.JavaParserFactory$DynamicTypeSolver@39ac9725 : java.lang.Object at file:/D:/a/key/key/key.core/build/resources/main/de/uka/ilkd/key/proof/rules/integerAssignment2UpdateRules.key:276:15
	at de.uka.ilkd.key.nparser.builder.AbstractBuilder.accept(AbstractBuilder.java:54)
Caused by: com.github.javaparser.resolution.UnsolvedSymbolException: Unsolved symbol in de.uka.ilkd.key.java.JavaParserFactory$DynamicTypeSolver@39ac9725 : java.lang.Object
	at com.github.javaparser.resolution.TypeSolver.solveType(TypeSolver.java:71)

101474     ERROR Test worker     d.u.i.k.n.b.AbstractBuilder  com.github.javaparser.resolution.UnsolvedSymbolException: Unsolved symbol in de.uka.ilkd.key.java.JavaParserFactory$DynamicTypeSolver@39ac9725 : java.lang.Object
	at com.github.javaparser.resolution.TypeSolver.solveType(TypeSolver.java:71)

101474     ERROR Test worker     d.u.i.k.n.b.TacletPBuilder Error in parsing taclet. de.uka.ilkd.key.util.parsing.BuildingException: Unsolved symbol in de.uka.ilkd.key.java.JavaParserFactory$DynamicTypeSolver@39ac9725 : java.lang.Object at file:/D:/a/key/key/key.core/build/resources/main/de/uka/ilkd/key/proof/rules/integerAssignment2UpdateRules.key:290:15
	at de.uka.ilkd.key.nparser.builder.AbstractBuilder.accept(AbstractBuilder.java:54)
Caused by: com.github.javaparser.resolution.UnsolvedSymbolException: Unsolved symbol in de.uka.ilkd.key.java.JavaParserFactory$DynamicTypeSolver@39ac9725 : java.lang.Object
	at com.github.javaparser.resolution.TypeSolver.solveType(TypeSolver.java:71)

101474     ERROR Test worker     d.u.i.k.n.b.AbstractBuilder  com.github.javaparser.resolution.UnsolvedSymbolException: Unsolved symbol in de.uka.ilkd.key.java.JavaParserFactory$DynamicTypeSolver@39ac9725 : java.lang.Object
	at com.github.javaparser.resolution.TypeSolver.solveType(TypeSolver.java:71)

101474     ERROR Test worker     d.u.i.k.n.b.TacletPBuilder Error in parsing taclet. de.uka.ilkd.key.util.parsing.BuildingException: Unsolved symbol in de.uka.ilkd.key.java.JavaParserFactory$DynamicTypeSolver@39ac9725 : java.lang.Object at file:/D:/a/key/key/key.core/build/resources/main/de/uka/ilkd/key/proof/rules/integerAssignment2UpdateRules.key:304:15
	at de.uka.ilkd.key.nparser.builder.AbstractBuilder.accept(AbstractBuilder.java:54)
Caused by: com.github.javaparser.resolution.UnsolvedSymbolException: Unsolved symbol in de.uka.ilkd.key.java.JavaParserFactory$DynamicTypeSolver@39ac9725 : java.lang.Object
	at com.github.javaparser.resolution.TypeSolver.solveType(TypeSolver.java:71)

101474     ERROR Test worker     d.u.i.k.n.b.AbstractBuilder  com.github.javaparser.resolution.UnsolvedSymbolException: Unsolved symbol in de.uka.ilkd.key.java.JavaParserFactory$DynamicTypeSolver@39ac9725 : java.lang.Object
	at com.github.javaparser.resolution.TypeSolver.solveType(TypeSolver.java:71)

101474     ERROR Test worker     d.u.i.k.n.b.TacletPBuilder Error in parsing taclet. de.uka.ilkd.key.util.parsing.BuildingException: Unsolved symbol in de.uka.ilkd.key.java.JavaParserFactory$DynamicTypeSolver@39ac9725 : java.lang.Object at file:/D:/a/key/key/key.core/build/resources/main/de/uka/ilkd/key/proof/rules/integerAssignment2UpdateRules.key:319:15
	at de.uka.ilkd.key.nparser.builder.AbstractBuilder.accept(AbstractBuilder.java:54)
Caused by: com.github.javaparser.resolution.UnsolvedSymbolException: Unsolved symbol in de.uka.ilkd.key.java.JavaParserFactory$DynamicTypeSolver@39ac9725 : java.lang.Object
	at com.github.javaparser.resolution.TypeSolver.solveType(TypeSolver.java:71)

101474     ERROR Test worker     d.u.i.k.n.b.AbstractBuilder  com.github.javaparser.resolution.UnsolvedSymbolException: Unsolved symbol in de.uka.ilkd.key.java.JavaParserFactory$DynamicTypeSolver@39ac9725 : java.lang.Object
	at com.github.javaparser.resolution.TypeSolver.solveType(TypeSolver.java:71)

101474     ERROR Test worker     d.u.i.k.n.b.TacletPBuilder Error in parsing taclet. de.uka.ilkd.key.util.parsing.BuildingException: Unsolved symbol in de.uka.ilkd.key.java.JavaParserFactory$DynamicTypeSolver@39ac9725 : java.lang.Object at file:/D:/a/key/key/key.core/build/resources/main/de/uka/ilkd/key/proof/rules/integerAssignment2UpdateRules.key:335:15
	at de.uka.ilkd.key.nparser.builder.AbstractBuilder.accept(AbstractBuilder.java:54)
Caused by: com.github.javaparser.resolution.UnsolvedSymbolException: Unsolved symbol in de.uka.ilkd.key.java.JavaParserFactory$DynamicTypeSolver@39ac9725 : java.lang.Object
	at com.github.javaparser.resolution.TypeSolver.solveType(TypeSolver.java:71)

101474     ERROR Test worker     d.u.i.k.n.b.AbstractBuilder  com.github.javaparser.resolution.UnsolvedSymbolException: Unsolved symbol in de.uka.ilkd.key.java.JavaParserFactory$DynamicTypeSolver@39ac9725 : java.lang.Object
	at com.github.javaparser.resolution.TypeSolver.solveType(TypeSolver.java:71)

101474     ERROR Test worker     d.u.i.k.n.b.TacletPBuilder Error in parsing taclet. de.uka.ilkd.key.util.parsing.BuildingException: Unsolved symbol in de.uka.ilkd.key.java.JavaParserFactory$DynamicTypeSolver@39ac9725 : java.lang.Object at file:/D:/a/key/key/key.core/build/resources/main/de/uka/ilkd/key/proof/rules/integerAssignment2UpdateRules.key:350:15
	at de.uka.ilkd.key.nparser.builder.AbstractBuilder.accept(AbstractBuilder.java:54)
Caused by: com.github.javaparser.resolution.UnsolvedSymbolException: Unsolved symbol in de.uka.ilkd.key.java.JavaParserFactory$DynamicTypeSolver@39ac9725 : java.lang.Object
	at com.github.javaparser.resolution.TypeSolver.solveType(TypeSolver.java:71)

101474     ERROR Test worker     d.u.i.k.n.b.AbstractBuilder  com.github.javaparser.resolution.UnsolvedSymbolException: Unsolved symbol in de.uka.ilkd.key.java.JavaParserFactory$DynamicTypeSolver@39ac9725 : java.lang.Object
	at com.github.javaparser.resolution.TypeSolver.solveType(TypeSolver.java:71)

101474     ERROR Test worker     d.u.i.k.n.b.TacletPBuilder Error in parsing taclet. de.uka.ilkd.key.util.parsing.BuildingException: Unsolved symbol in de.uka.ilkd.key.java.JavaParserFactory$DynamicTypeSolver@39ac9725 : java.lang.Object at file:/D:/a/key/key/key.core/build/resources/main/de/uka/ilkd/key/proof/rules/integerAssignment2UpdateRules.key:365:15
	at de.uka.ilkd.key.nparser.builder.AbstractBuilder.accept(AbstractBuilder.java:54)
Caused by: com.github.javaparser.resolution.UnsolvedSymbolException: Unsolved symbol in de.uka.ilkd.key.java.JavaParserFactory$DynamicTypeSolver@39ac9725 : java.lang.Object
	at com.github.javaparser.resolution.TypeSolver.solveType(TypeSolver.java:71)

101474     ERROR Test worker     d.u.i.k.n.b.AbstractBuilder  com.github.javaparser.resolution.UnsolvedSymbolException: Unsolved symbol in de.uka.ilkd.key.java.JavaParserFactory$DynamicTypeSolver@39ac9725 : java.lang.Object
	at com.github.javaparser.resolution.TypeSolver.solveType(TypeSolver.java:71)

101474     ERROR Test worker     d.u.i.k.n.b.TacletPBuilder Error in parsing taclet. de.uka.ilkd.key.util.parsing.BuildingException: Unsolved symbol in de.uka.ilkd.key.java.JavaParserFactory$DynamicTypeSolver@39ac9725 : java.lang.Object at file:/D:/a/key/key/key.core/build/resources/main/de/uka/ilkd/key/proof/rules/integerAssignment2UpdateRules.key:380:15
	at de.uka.ilkd.key.nparser.builder.AbstractBuilder.accept(AbstractBuilder.java:54)
Caused by: com.github.javaparser.resolution.UnsolvedSymbolException: Unsolved symbol in de.uka.ilkd.key.java.JavaParserFactory$DynamicTypeSolver@39ac9725 : java.lang.Object
	at com.github.javaparser.resolution.TypeSolver.solveType(TypeSolver.java:71)

101474     ERROR Test worker     d.u.i.k.n.b.AbstractBuilder  com.github.javaparser.resolution.UnsolvedSymbolException: Unsolved symbol in de.uka.ilkd.key.java.JavaParserFactory$DynamicTypeSolver@39ac9725 : java.lang.Object
	at com.github.javaparser.resolution.TypeSolver.solveType(TypeSolver.java:71)

101474     ERROR Test worker     d.u.i.k.n.b.TacletPBuilder Error in parsing taclet. de.uka.ilkd.key.util.parsing.BuildingException: Unsolved symbol in de.uka.ilkd.key.java.JavaParserFactory$DynamicTypeSolver@39ac9725 : java.lang.Object at file:/D:/a/key/key/key.core/build/resources/main/de/uka/ilkd/key/proof/rules/integerAssignment2UpdateRules.key:397:15
	at de.uka.ilkd.key.nparser.builder.AbstractBuilder.accept(AbstractBuilder.java:54)
Caused by: com.github.javaparser.resolution.UnsolvedSymbolException: Unsolved symbol in de.uka.ilkd.key.java.JavaParserFactory$DynamicTypeSolver@39ac9725 : java.lang.Object
	at com.github.javaparser.resolution.TypeSolver.solveType(TypeSolver.java:71)

101490     ERROR Test worker     d.u.i.k.n.b.AbstractBuilder  com.github.javaparser.resolution.UnsolvedSymbolException: Unsolved symbol in de.uka.ilkd.key.java.JavaParserFactory$DynamicTypeSolver@39ac9725 : java.lang.Object
	at com.github.javaparser.resolution.TypeSolver.solveType(TypeSolver.java:71)

101490     ERROR Test worker     d.u.i.k.n.b.TacletPBuilder Error in parsing taclet. de.uka.ilkd.key.util.parsing.BuildingException: Unsolved symbol in de.uka.ilkd.key.java.JavaParserFactory$DynamicTypeSolver@39ac9725 : java.lang.Object at file:/D:/a/key/key/key.core/build/resources/main/de/uka/ilkd/key/proof/rules/integerAssignment2UpdateRules.key:408:15
	at de.uka.ilkd.key.nparser.builder.AbstractBuilder.accept(AbstractBuilder.java:54)
Caused by: com.github.javaparser.resolution.UnsolvedSymbolException: Unsolved symbol in de.uka.ilkd.key.java.JavaParserFactory$DynamicTypeSolver@39ac9725 : java.lang.Object
	at com.github.javaparser.resolution.TypeSolver.solveType(TypeSolver.java:71)

101490     ERROR Test worker     d.u.i.k.n.b.AbstractBuilder  com.github.javaparser.resolution.UnsolvedSymbolException: Unsolved symbol in de.uka.ilkd.key.java.JavaParserFactory$DynamicTypeSolver@39ac9725 : java.lang.Object
	at com.github.javaparser.resolution.TypeSolver.solveType(TypeSolver.java:71)

101490     ERROR Test worker     d.u.i.k.n.b.TacletPBuilder Error in parsing taclet. de.uka.ilkd.key.util.parsing.BuildingException: Unsolved symbol in de.uka.ilkd.key.java.JavaParserFactory$DynamicTypeSolver@39ac9725 : java.lang.Object at file:/D:/a/key/key/key.core/build/resources/main/de/uka/ilkd/key/proof/rules/integerAssignment2UpdateRules.key:419:15
	at de.uka.ilkd.key.nparser.builder.AbstractBuilder.accept(AbstractBuilder.java:54)
Caused by: com.github.javaparser.resolution.UnsolvedSymbolException: Unsolved symbol in de.uka.ilkd.key.java.JavaParserFactory$DynamicTypeSolver@39ac9725 : java.lang.Object
	at com.github.javaparser.resolution.TypeSolver.solveType(TypeSolver.java:71)

101490     ERROR Test worker     d.u.i.k.n.b.AbstractBuilder  com.github.javaparser.resolution.UnsolvedSymbolException: Unsolved symbol in de.uka.ilkd.key.java.JavaParserFactory$DynamicTypeSolver@39ac9725 : java.lang.Object
	at com.github.javaparser.resolution.TypeSolver.solveType(TypeSolver.java:71)

101490     ERROR Test worker     d.u.i.k.n.b.TacletPBuilder Error in parsing taclet. de.uka.ilkd.key.util.parsing.BuildingException: Unsolved symbol in de.uka.ilkd.key.java.JavaParserFactory$DynamicTypeSolver@39ac9725 : java.lang.Object at file:/D:/a/key/key/key.core/build/resources/main/de/uka/ilkd/key/proof/rules/integerAssignment2UpdateRules.key:430:15
	at de.uka.ilkd.key.nparser.builder.AbstractBuilder.accept(AbstractBuilder.java:54)
Caused by: com.github.javaparser.resolution.UnsolvedSymbolException: Unsolved symbol in de.uka.ilkd.key.java.JavaParserFactory$DynamicTypeSolver@39ac9725 : java.lang.Object
	at com.github.javaparser.resolution.TypeSolver.solveType(TypeSolver.java:71)

101490     ERROR Test worker     d.u.i.k.n.b.AbstractBuilder  com.github.javaparser.resolution.UnsolvedSymbolException: Unsolved symbol in de.uka.ilkd.key.java.JavaParserFactory$DynamicTypeSolver@39ac9725 : java.lang.Object
	at com.github.javaparser.resolution.TypeSolver.solveType(TypeSolver.java:71)

101490     ERROR Test worker     d.u.i.k.n.b.TacletPBuilder Error in parsing taclet. de.uka.ilkd.key.util.parsing.BuildingException: Unsolved symbol in de.uka.ilkd.key.java.JavaParserFactory$DynamicTypeSolver@39ac9725 : java.lang.Object at file:/D:/a/key/key/key.core/build/resources/main/de/uka/ilkd/key/proof/rules/integerAssignment2UpdateRules.key:443:15
	at de.uka.ilkd.key.nparser.builder.AbstractBuilder.accept(AbstractBuilder.java:54)
Caused by: com.github.javaparser.resolution.UnsolvedSymbolException: Unsolved symbol in de.uka.ilkd.key.java.JavaParserFactory$DynamicTypeSolver@39ac9725 : java.lang.Object
	at com.github.javaparser.resolution.TypeSolver.solveType(TypeSolver.java:71)

101490     ERROR Test worker     d.u.i.k.n.b.AbstractBuilder  com.github.javaparser.resolution.UnsolvedSymbolException: Unsolved symbol in de.uka.ilkd.key.java.JavaParserFactory$DynamicTypeSolver@39ac9725 : java.lang.Object
	at com.github.javaparser.resolution.TypeSolver.solveType(TypeSolver.java:71)

101490     ERROR Test worker     d.u.i.k.n.b.TacletPBuilder Error in parsing taclet. de.uka.ilkd.key.util.parsing.BuildingException: Unsolved symbol in de.uka.ilkd.key.java.JavaParserFactory$DynamicTypeSolver@39ac9725 : java.lang.Object at file:/D:/a/key/key/key.core/build/resources/main/de/uka/ilkd/key/proof/rules/integerAssignment2UpdateRules.key:454:15
	at de.uka.ilkd.key.nparser.builder.AbstractBuilder.accept(AbstractBuilder.java:54)
Caused by: com.github.javaparser.resolution.UnsolvedSymbolException: Unsolved symbol in de.uka.ilkd.key.java.JavaParserFactory$DynamicTypeSolver@39ac9725 : java.lang.Object
	at com.github.javaparser.resolution.TypeSolver.solveType(TypeSolver.java:71)

101490     ERROR Test worker     d.u.i.k.n.b.AbstractBuilder  com.github.javaparser.resolution.UnsolvedSymbolException: Unsolved symbol in de.uka.ilkd.key.java.JavaParserFactory$DynamicTypeSolver@39ac9725 : java.lang.Object
	at com.github.javaparser.resolution.TypeSolver.solveType(TypeSolver.java:71)

101490     ERROR Test worker     d.u.i.k.n.b.TacletPBuilder Error in parsing taclet. de.uka.ilkd.key.util.parsing.BuildingException: Unsolved symbol in de.uka.ilkd.key.java.JavaParserFactory$DynamicTypeSolver@39ac9725 : java.lang.Object at file:/D:/a/key/key/key.core/build/resources/main/de/uka/ilkd/key/proof/rules/integerAssignment2UpdateRules.key:466:15
	at de.uka.ilkd.key.nparser.builder.AbstractBuilder.accept(AbstractBuilder.java:54)
Caused by: com.github.javaparser.resolution.UnsolvedSymbolException: Unsolved symbol in de.uka.ilkd.key.java.JavaParserFactory$DynamicTypeSolver@39ac9725 : java.lang.Object
	at com.github.javaparser.resolution.TypeSolver.solveType(TypeSolver.java:71)

101490     ERROR Test worker     d.u.i.k.n.b.AbstractBuilder  com.github.javaparser.resolution.UnsolvedSymbolException: Unsolved symbol in de.uka.ilkd.key.java.JavaParserFactory$DynamicTypeSolver@39ac9725 : java.lang.Object
	at com.github.javaparser.resolution.TypeSolver.solveType(TypeSolver.java:71)

101490     ERROR Test worker     d.u.i.k.n.b.TacletPBuilder Error in parsing taclet. de.uka.ilkd.key.util.parsing.BuildingException: Unsolved symbol in de.uka.ilkd.key.java.JavaParserFactory$DynamicTypeSolver@39ac9725 : java.lang.Object at file:/D:/a/key/key/key.core/build/resources/main/de/uka/ilkd/key/proof/rules/integerAssignment2UpdateRules.key:478:15
	at de.uka.ilkd.key.nparser.builder.AbstractBuilder.accept(AbstractBuilder.java:54)
Caused by: com.github.javaparser.resolution.UnsolvedSymbolException: Unsolved symbol in de.uka.ilkd.key.java.JavaParserFactory$DynamicTypeSolver@39ac9725 : java.lang.Object
	at com.github.javaparser.resolution.TypeSolver.solveType(TypeSolver.java:71)

101490     ERROR Test worker     d.u.i.k.n.b.AbstractBuilder  com.github.javaparser.resolution.UnsolvedSymbolException: Unsolved symbol in de.uka.ilkd.key.java.JavaParserFactory$DynamicTypeSolver@39ac9725 : java.lang.Object
	at com.github.javaparser.resolution.TypeSolver.solveType(TypeSolver.java:71)

101490     ERROR Test worker     d.u.i.k.n.b.TacletPBuilder Error in parsing taclet. de.uka.ilkd.key.util.parsing.BuildingException: Unsolved symbol in de.uka.ilkd.key.java.JavaParserFactory$DynamicTypeSolver@39ac9725 : java.lang.Object at file:/D:/a/key/key/key.core/build/resources/main/de/uka/ilkd/key/proof/rules/integerAssignment2UpdateRules.key:491:15
	at de.uka.ilkd.key.nparser.builder.AbstractBuilder.accept(AbstractBuilder.java:54)
Caused by: com.github.javaparser.resolution.UnsolvedSymbolException: Unsolved symbol in de.uka.ilkd.key.java.JavaParserFactory$DynamicTypeSolver@39ac9725 : java.lang.Object
	at com.github.javaparser.resolution.TypeSolver.solveType(TypeSolver.java:71)

101505     ERROR Test worker     d.u.i.k.n.b.AbstractBuilder  com.github.javaparser.resolution.UnsolvedSymbolException: Unsolved symbol in de.uka.ilkd.key.java.JavaParserFactory$DynamicTypeSolver@39ac9725 : java.lang.Object
	at com.github.javaparser.resolution.TypeSolver.solveType(TypeSolver.java:71)

101505     ERROR Test worker     d.u.i.k.n.b.TacletPBuilder Error in parsing taclet. de.uka.ilkd.key.util.parsing.BuildingException: Unsolved symbol in de.uka.ilkd.key.java.JavaParserFactory$DynamicTypeSolver@39ac9725 : java.lang.Object at file:/D:/a/key/key/key.core/build/resources/main/de/uka/ilkd/key/proof/rules/integerAssignment2UpdateRules.key:502:15
	at de.uka.ilkd.key.nparser.builder.AbstractBuilder.accept(AbstractBuilder.java:54)
Caused by: com.github.javaparser.resolution.UnsolvedSymbolException: Unsolved symbol in de.uka.ilkd.key.java.JavaParserFactory$DynamicTypeSolver@39ac9725 : java.lang.Object
	at com.github.javaparser.resolution.TypeSolver.solveType(TypeSolver.java:71)

101505     ERROR Test worker     d.u.i.k.n.b.AbstractBuilder  com.github.javaparser.resolution.UnsolvedSymbolException: Unsolved symbol in de.uka.ilkd.key.java.JavaParserFactory$DynamicTypeSolver@39ac9725 : java.lang.Object
	at com.github.javaparser.resolution.TypeSolver.solveType(TypeSolver.java:71)

101505     ERROR Test worker     d.u.i.k.n.b.TacletPBuilder Error in parsing taclet. de.uka.ilkd.key.util.parsing.BuildingException: Unsolved symbol in de.uka.ilkd.key.java.JavaParserFactory$DynamicTypeSolver@39ac9725 : java.lang.Object at file:/D:/a/key/key/key.core/build/resources/main/de/uka/ilkd/key/proof/rules/integerAssignment2UpdateRules.key:513:15
	at de.uka.ilkd.key.nparser.builder.AbstractBuilder.accept(AbstractBuilder.java:54)
Caused by: com.github.javaparser.resolution.UnsolvedSymbolException: Unsolved symbol in de.uka.ilkd.key.java.JavaParserFactory$DynamicTypeSolver@39ac9725 : java.lang.Object
	at com.github.javaparser.resolution.TypeSolver.solveType(TypeSolver.java:71)

101505     ERROR Test worker     d.u.i.k.n.b.AbstractBuilder  com.github.javaparser.resolution.UnsolvedSymbolException: Unsolved symbol in de.uka.ilkd.key.java.JavaParserFactory$DynamicTypeSolver@39ac9725 : java.lang.Object
	at com.github.javaparser.resolution.TypeSolver.solveType(TypeSolver.java:71)

101505     ERROR Test worker     d.u.i.k.n.b.TacletPBuilder Error in parsing taclet. de.uka.ilkd.key.util.parsing.BuildingException: Unsolved symbol in de.uka.ilkd.key.java.JavaParserFactory$DynamicTypeSolver@39ac9725 : java.lang.Object at file:/D:/a/key/key/key.core/build/resources/main/de/uka/ilkd/key/proof/rules/integerAssignment2UpdateRules.key:524:15
	at de.uka.ilkd.key.nparser.builder.AbstractBuilder.accept(AbstractBuilder.java:54)
Caused by: com.github.javaparser.resolution.UnsolvedSymbolException: Unsolved symbol in de.uka.ilkd.key.java.JavaParserFactory$DynamicTypeSolver@39ac9725 : java.lang.Object
	at com.github.javaparser.resolution.TypeSolver.solveType(TypeSolver.java:71)

101505     ERROR Test worker     d.u.i.k.n.b.AbstractBuilder  com.github.javaparser.resolution.UnsolvedSymbolException: Unsolved symbol in de.uka.ilkd.key.java.JavaParserFactory$DynamicTypeSolver@39ac9725 : java.lang.Object
	at com.github.javaparser.resolution.TypeSolver.solveType(TypeSolver.java:71)

101505     ERROR Test worker     d.u.i.k.n.b.TacletPBuilder Error in parsing taclet. de.uka.ilkd.key.util.parsing.BuildingException: Unsolved symbol in de.uka.ilkd.key.java.JavaParserFactory$DynamicTypeSolver@39ac9725 : java.lang.Object at file:/D:/a/key/key/key.core/build/resources/main/de/uka/ilkd/key/proof/rules/integerAssignment2UpdateRules.key:537:15
	at de.uka.ilkd.key.nparser.builder.AbstractBuilder.accept(AbstractBuilder.java:54)
Caused by: com.github.javaparser.resolution.UnsolvedSymbolException: Unsolved symbol in de.uka.ilkd.key.java.JavaParserFactory$DynamicTypeSolver@39ac9725 : java.lang.Object
	at com.github.javaparser.resolution.TypeSolver.solveType(TypeSolver.java:71)

101505     ERROR Test worker     d.u.i.k.n.b.AbstractBuilder  com.github.javaparser.resolution.UnsolvedSymbolException: Unsolved symbol in de.uka.ilkd.key.java.JavaParserFactory$DynamicTypeSolver@39ac9725 : java.lang.Object
	at com.github.javaparser.resolution.TypeSolver.solveType(TypeSolver.java:71)

101505     ERROR Test worker     d.u.i.k.n.b.TacletPBuilder Error in parsing taclet. de.uka.ilkd.key.util.parsing.BuildingException: Unsolved symbol in de.uka.ilkd.key.java.JavaParserFactory$DynamicTypeSolver@39ac9725 : java.lang.Object at file:/D:/a/key/key/key.core/build/resources/main/de/uka/ilkd/key/proof/rules/integerAssignment2UpdateRules.key:552:15
	at de.uka.ilkd.key.nparser.builder.AbstractBuilder.accept(AbstractBuilder.java:54)
Caused by: com.github.javaparser.resolution.UnsolvedSymbolException: Unsolved symbol in de.uka.ilkd.key.java.JavaParserFactory$DynamicTypeSolver@39ac9725 : java.lang.Object
	at com.github.javaparser.resolution.TypeSolver.solveType(TypeSolver.java:71)

101505     ERROR Test worker     d.u.i.k.n.b.AbstractBuilder  com.github.javaparser.resolution.UnsolvedSymbolException: Unsolved symbol in de.uka.ilkd.key.java.JavaParserFactory$DynamicTypeSolver@39ac9725 : java.lang.Object
	at com.github.javaparser.resolution.TypeSolver.solveType(TypeSolver.java:71)

101505     ERROR Test worker     d.u.i.k.n.b.TacletPBuilder Error in parsing taclet. de.uka.ilkd.key.util.parsing.BuildingException: Unsolved symbol in de.uka.ilkd.key.java.JavaParserFactory$DynamicTypeSolver@39ac9725 : java.lang.Object at file:/D:/a/key/key/key.core/build/resources/main/de/uka/ilkd/key/proof/rules/integerAssignment2UpdateRules.key:569:15
	at de.uka.ilkd.key.nparser.builder.AbstractBuilder.accept(AbstractBuilder.java:54)
Caused by: com.github.javaparser.resolution.UnsolvedSymbolException: Unsolved symbol in de.uka.ilkd.key.java.JavaParserFactory$DynamicTypeSolver@39ac9725 : java.lang.Object
	at com.github.javaparser.resolution.TypeSolver.solveType(TypeSolver.java:71)

101505     ERROR Test worker     d.u.i.k.n.b.AbstractBuilder  com.github.javaparser.resolution.UnsolvedSymbolException: Unsolved symbol in de.uka.ilkd.key.java.JavaParserFactory$DynamicTypeSolver@39ac9725 : java.lang.Object
	at com.github.javaparser.resolution.TypeSolver.solveType(TypeSolver.java:71)

101505     ERROR Test worker     d.u.i.k.n.b.TacletPBuilder Error in parsing taclet. de.uka.ilkd.key.util.parsing.BuildingException: Unsolved symbol in de.uka.ilkd.key.java.JavaParserFactory$DynamicTypeSolver@39ac9725 : java.lang.Object at file:/D:/a/key/key/key.core/build/resources/main/de/uka/ilkd/key/proof/rules/integerAssignment2UpdateRules.key:584:15
	at de.uka.ilkd.key.nparser.builder.AbstractBuilder.accept(AbstractBuilder.java:54)
Caused by: com.github.javaparser.resolution.UnsolvedSymbolException: Unsolved symbol in de.uka.ilkd.key.java.JavaParserFactory$DynamicTypeSolver@39ac9725 : java.lang.Object
	at com.github.javaparser.resolution.TypeSolver.solveType(TypeSolver.java:71)

101505     ERROR Test worker     d.u.i.k.n.b.AbstractBuilder  com.github.javaparser.resolution.UnsolvedSymbolException: Unsolved symbol in de.uka.ilkd.key.java.JavaParserFactory$DynamicTypeSolver@39ac9725 : java.lang.Object
	at com.github.javaparser.resolution.TypeSolver.solveType(TypeSolver.java:71)

101505     ERROR Test worker     d.u.i.k.n.b.TacletPBuilder Error in parsing taclet. de.uka.ilkd.key.util.parsing.BuildingException: Unsolved symbol in de.uka.ilkd.key.java.JavaParserFactory$DynamicTypeSolver@39ac9725 : java.lang.Object at file:/D:/a/key/key/key.core/build/resources/main/de/uka/ilkd/key/proof/rules/integerAssignment2UpdateRules.key:601:15
	at de.uka.ilkd.key.nparser.builder.AbstractBuilder.accept(AbstractBuilder.java:54)
Caused by: com.github.javaparser.resolution.UnsolvedSymbolException: Unsolved symbol in de.uka.ilkd.key.java.JavaParserFactory$DynamicTypeSolver@39ac9725 : java.lang.Object
	at com.github.javaparser.resolution.TypeSolver.solveType(TypeSolver.java:71)

101521     ERROR Test worker     d.u.i.k.n.b.AbstractBuilder  com.github.javaparser.resolution.UnsolvedSymbolException: Unsolved symbol in de.uka.ilkd.key.java.JavaParserFactory$DynamicTypeSolver@39ac9725 : java.lang.Object
	at com.github.javaparser.resolution.TypeSolver.solveType(TypeSolver.java:71)

101521     ERROR Test worker     d.u.i.k.n.b.TacletPBuilder Error in parsing taclet. de.uka.ilkd.key.util.parsing.BuildingException: Unsolved symbol in de.uka.ilkd.key.java.JavaParserFactory$DynamicTypeSolver@39ac9725 : java.lang.Object at file:/D:/a/key/key/key.core/build/resources/main/de/uka/ilkd/key/proof/rules/integerAssignment2UpdateRules.key:616:15
	at de.uka.ilkd.key.nparser.builder.AbstractBuilder.accept(AbstractBuilder.java:54)
Caused by: com.github.javaparser.resolution.UnsolvedSymbolException: Unsolved symbol in de.uka.ilkd.key.java.JavaParserFactory$DynamicTypeSolver@39ac9725 : java.lang.Object
	at com.github.javaparser.resolution.TypeSolver.solveType(TypeSolver.java:71)

101521     ERROR Test worker     d.u.i.k.n.b.AbstractBuilder  com.github.javaparser.resolution.UnsolvedSymbolException: Unsolved symbol in de.uka.ilkd.key.java.JavaParserFactory$DynamicTypeSolver@39ac9725 : java.lang.Object
	at com.github.javaparser.resolution.TypeSolver.solveType(TypeSolver.java:71)

101521     ERROR Test worker     d.u.i.k.n.b.TacletPBuilder Error in parsing taclet. de.uka.ilkd.key.util.parsing.BuildingException: Unsolved symbol in de.uka.ilkd.key.java.JavaParserFactory$DynamicTypeSolver@39ac9725 : java.lang.Object at file:/D:/a/key/key/key.core/build/resources/main/de/uka/ilkd/key/proof/rules/integerAssignment2UpdateRules.key:634:15
	at de.uka.ilkd.key.nparser.builder.AbstractBuilder.accept(AbstractBuilder.java:54)
Caused by: com.github.javaparser.resolution.UnsolvedSymbolException: Unsolved symbol in de.uka.ilkd.key.java.JavaParserFactory$DynamicTypeSolver@39ac9725 : java.lang.Object
	at com.github.javaparser.resolution.TypeSolver.solveType(TypeSolver.java:71)

101521     ERROR Test worker     d.u.i.k.n.b.AbstractBuilder  com.github.javaparser.resolution.UnsolvedSymbolException: Unsolved symbol in de.uka.ilkd.key.java.JavaParserFactory$DynamicTypeSolver@39ac9725 : java.lang.Object
	at com.github.javaparser.resolution.TypeSolver.solveType(TypeSolver.java:71)

101521     ERROR Test worker     d.u.i.k.n.b.TacletPBuilder Error in parsing taclet. de.uka.ilkd.key.util.parsing.BuildingException: Unsolved symbol in de.uka.ilkd.key.java.JavaParserFactory$DynamicTypeSolver@39ac9725 : java.lang.Object at file:/D:/a/key/key/key.core/build/resources/main/de/uka/ilkd/key/proof/rules/integerAssignment2UpdateRules.key:648:15
	at de.uka.ilkd.key.nparser.builder.AbstractBuilder.accept(AbstractBuilder.java:54)
Caused by: com.github.javaparser.resolution.UnsolvedSymbolException: Unsolved symbol in de.uka.ilkd.key.java.JavaParserFactory$DynamicTypeSolver@39ac9725 : java.lang.Object
	at com.github.javaparser.resolution.TypeSolver.solveType(TypeSolver.java:71)

101521     ERROR Test worker     d.u.i.k.n.b.AbstractBuilder  com.github.javaparser.resolution.UnsolvedSymbolException: Unsolved symbol in de.uka.ilkd.key.java.JavaParserFactory$DynamicTypeSolver@39ac9725 : java.lang.Object
	at com.github.javaparser.resolution.TypeSolver.solveType(TypeSolver.java:71)

101521     ERROR Test worker     d.u.i.k.n.b.TacletPBuilder Error in parsing taclet. de.uka.ilkd.key.util.parsing.BuildingException: Unsolved symbol in de.uka.ilkd.key.java.JavaParserFactory$DynamicTypeSolver@39ac9725 : java.lang.Object at file:/D:/a/key/key/key.core/build/resources/main/de/uka/ilkd/key/proof/rules/integerAssignment2UpdateRules.key:662:15
	at de.uka.ilkd.key.nparser.builder.AbstractBuilder.accept(AbstractBuilder.java:54)
Caused by: com.github.javaparser.resolution.UnsolvedSymbolException: Unsolved symbol in de.uka.ilkd.key.java.JavaParserFactory$DynamicTypeSolver@39ac9725 : java.lang.Object
	at com.github.javaparser.resolution.TypeSolver.solveType(TypeSolver.java:71)

101521     ERROR Test worker     d.u.i.k.n.b.AbstractBuilder  com.github.javaparser.resolution.UnsolvedSymbolException: Unsolved symbol in de.uka.ilkd.key.java.JavaParserFactory$DynamicTypeSolver@39ac9725 : java.lang.Object
	at com.github.javaparser.resolution.TypeSolver.solveType(TypeSolver.java:71)

101521     ERROR Test worker     d.u.i.k.n.b.TacletPBuilder Error in parsing taclet. de.uka.ilkd.key.util.parsing.BuildingException: Unsolved symbol in de.uka.ilkd.key.java.JavaParserFactory$DynamicTypeSolver@39ac9725 : java.lang.Object at file:/D:/a/key/key/key.core/build/resources/main/de/uka/ilkd/key/proof/rules/integerAssignment2UpdateRules.key:670:15
	at de.uka.ilkd.key.nparser.builder.AbstractBuilder.accept(AbstractBuilder.java:54)
Caused by: com.github.javaparser.resolution.UnsolvedSymbolException: Unsolved symbol in de.uka.ilkd.key.java.JavaParserFactory$DynamicTypeSolver@39ac9725 : java.lang.Object
	at com.github.javaparser.resolution.TypeSolver.solveType(TypeSolver.java:71)

101521     ERROR Test worker     d.u.i.k.n.b.AbstractBuilder  com.github.javaparser.resolution.UnsolvedSymbolException: Unsolved symbol in de.uka.ilkd.key.java.JavaParserFactory$DynamicTypeSolver@39ac9725 : java.lang.Object
	at com.github.javaparser.resolution.TypeSolver.solveType(TypeSolver.java:71)

101521     ERROR Test worker     d.u.i.k.n.b.TacletPBuilder Error in parsing taclet. de.uka.ilkd.key.util.parsing.BuildingException: Unsolved symbol in de.uka.ilkd.key.java.JavaParserFactory$DynamicTypeSolver@39ac9725 : java.lang.Object at file:/D:/a/key/key/key.core/build/resources/main/de/uka/ilkd/key/proof/rules/integerAssignment2UpdateRules.key:682:15
	at de.uka.ilkd.key.nparser.builder.AbstractBuilder.accept(AbstractBuilder.java:54)
Caused by: com.github.javaparser.resolution.UnsolvedSymbolException: Unsolved symbol in de.uka.ilkd.key.java.JavaParserFactory$DynamicTypeSolver@39ac9725 : java.lang.Object
	at com.github.javaparser.resolution.TypeSolver.solveType(TypeSolver.java:71)

101521     ERROR Test worker     d.u.i.k.n.b.AbstractBuilder  com.github.javaparser.resolution.UnsolvedSymbolException: Unsolved symbol in de.uka.ilkd.key.java.JavaParserFactory$DynamicTypeSolver@39ac9725 : java.lang.Object
	at com.github.javaparser.resolution.TypeSolver.solveType(TypeSolver.java:71)

101521     ERROR Test worker     d.u.i.k.n.b.TacletPBuilder Error in parsing taclet. de.uka.ilkd.key.util.parsing.BuildingException: Unsolved symbol in de.uka.ilkd.key.java.JavaParserFactory$DynamicTypeSolver@39ac9725 : java.lang.Object at file:/D:/a/key/key/key.core/build/resources/main/de/uka/ilkd/key/proof/rules/integerAssignment2UpdateRules.key:696:15
	at de.uka.ilkd.key.nparser.builder.AbstractBuilder.accept(AbstractBuilder.java:54)
Caused by: com.github.javaparser.resolution.UnsolvedSymbolException: Unsolved symbol in de.uka.ilkd.key.java.JavaParserFactory$DynamicTypeSolver@39ac9725 : java.lang.Object
	at com.github.javaparser.resolution.TypeSolver.solveType(TypeSolver.java:71)

101521     ERROR Test worker     d.u.i.k.n.b.AbstractBuilder  com.github.javaparser.resolution.UnsolvedSymbolException: Unsolved symbol in de.uka.ilkd.key.java.JavaParserFactory$DynamicTypeSolver@39ac9725 : java.lang.Object
	at com.github.javaparser.resolution.TypeSolver.solveType(TypeSolver.java:71)

101521     ERROR Test worker     d.u.i.k.n.b.TacletPBuilder Error in parsing taclet. de.uka.ilkd.key.util.parsing.BuildingException: Unsolved symbol in de.uka.ilkd.key.java.JavaParserFactory$DynamicTypeSolver@39ac9725 : java.lang.Object at file:/D:/a/key/key/key.core/build/resources/main/de/uka/ilkd/key/proof/rules/integerAssignment2UpdateRules.key:710:15
	at de.uka.ilkd.key.nparser.builder.AbstractBuilder.accept(AbstractBuilder.java:54)
Caused by: com.github.javaparser.resolution.UnsolvedSymbolException: Unsolved symbol in de.uka.ilkd.key.java.JavaParserFactory$DynamicTypeSolver@39ac9725 : java.lang.Object
	at com.github.javaparser.resolution.TypeSolver.solveType(TypeSolver.java:71)

101537     ERROR Test worker     d.u.i.k.n.b.AbstractBuilder  com.github.javaparser.resolution.UnsolvedSymbolException: Unsolved symbol in de.uka.ilkd.key.java.JavaParserFactory$DynamicTypeSolver@39ac9725 : java.lang.Object
	at com.github.javaparser.resolution.TypeSolver.solveType(TypeSolver.java:71)

101537     ERROR Test worker     d.u.i.k.n.b.TacletPBuilder Error in parsing taclet. de.uka.ilkd.key.util.parsing.BuildingException: Unsolved symbol in de.uka.ilkd.key.java.JavaParserFactory$DynamicTypeSolver@39ac9725 : java.lang.Object at file:/D:/a/key/key/key.core/build/resources/main/de/uka/ilkd/key/proof/rules/integerAssignment2UpdateRules.key:724:15
	at de.uka.ilkd.key.nparser.builder.AbstractBuilder.accept(AbstractBuilder.java:54)
Caused by: com.github.javaparser.resolution.UnsolvedSymbolException: Unsolved symbol in de.uka.ilkd.key.java.JavaParserFactory$DynamicTypeSolver@39ac9725 : java.lang.Object
	at com.github.javaparser.resolution.TypeSolver.solveType(TypeSolver.java:71)

101537     ERROR Test worker     d.u.i.k.n.b.AbstractBuilder  com.github.javaparser.resolution.UnsolvedSymbolException: Unsolved symbol in de.uka.ilkd.key.java.JavaParserFactory$DynamicTypeSolver@39ac9725 : java.lang.Object
	at com.github.javaparser.resolution.TypeSolver.solveType(TypeSolver.java:71)

101537     ERROR Test worker     d.u.i.k.n.b.TacletPBuilder Error in parsing taclet. de.uka.ilkd.key.util.parsing.BuildingException: Unsolved symbol in de.uka.ilkd.key.java.JavaParserFactory$DynamicTypeSolver@39ac9725 : java.lang.Object at file:/D:/a/key/key/key.core/build/resources/main/de/uka/ilkd/key/proof/rules/integerAssignment2UpdateRules.key:738:15
	at de.uka.ilkd.key.nparser.builder.AbstractBuilder.accept(AbstractBuilder.java:54)
Caused by: com.github.javaparser.resolution.UnsolvedSymbolException: Unsolved symbol in de.uka.ilkd.key.java.JavaParserFactory$DynamicTypeSolver@39ac9725 : java.lang.Object
	at com.github.javaparser.resolution.TypeSolver.solveType(TypeSolver.java:71)

101537     ERROR Test worker     d.u.i.k.n.b.AbstractBuilder  com.github.javaparser.resolution.UnsolvedSymbolException: Unsolved symbol in de.uka.ilkd.key.java.JavaParserFactory$DynamicTypeSolver@39ac9725 : java.lang.Object
	at com.github.javaparser.resolution.TypeSolver.solveType(TypeSolver.java:71)

101537     ERROR Test worker     d.u.i.k.n.b.TacletPBuilder Error in parsing taclet. de.uka.ilkd.key.util.parsing.BuildingException: Unsolved symbol in de.uka.ilkd.key.java.JavaParserFactory$DynamicTypeSolver@39ac9725 : java.lang.Object at file:/D:/a/key/key/key.core/build/resources/main/de/uka/ilkd/key/proof/rules/integerAssignment2UpdateRules.key:752:15
	at de.uka.ilkd.key.nparser.builder.AbstractBuilder.accept(AbstractBuilder.java:54)
Caused by: com.github.javaparser.resolution.UnsolvedSymbolException: Unsolved symbol in de.uka.ilkd.key.java.JavaParserFactory$DynamicTypeSolver@39ac9725 : java.lang.Object
	at com.github.javaparser.resolution.TypeSolver.solveType(TypeSolver.java:71)

101537     ERROR Test worker     d.u.i.k.n.b.AbstractBuilder  com.github.javaparser.resolution.UnsolvedSymbolException: Unsolved symbol in de.uka.ilkd.key.java.JavaParserFactory$DynamicTypeSolver@39ac9725 : java.lang.Object
	at com.github.javaparser.resolution.TypeSolver.solveType(TypeSolver.java:71)

101537     ERROR Test worker     d.u.i.k.n.b.TacletPBuilder Error in parsing taclet. de.uka.ilkd.key.util.parsing.BuildingException: Unsolved symbol in de.uka.ilkd.key.java.JavaParserFactory$DynamicTypeSolver@39ac9725 : java.lang.Object at file:/D:/a/key/key/key.core/build/resources/main/de/uka/ilkd/key/proof/rules/integerAssignment2UpdateRules.key:764:15
	at de.uka.ilkd.key.nparser.builder.AbstractBuilder.accept(AbstractBuilder.java:54)
Caused by: com.github.javaparser.resolution.UnsolvedSymbolException: Unsolved symbol in de.uka.ilkd.key.java.JavaParserFactory$DynamicTypeSolver@39ac9725 : java.lang.Object
	at com.github.javaparser.resolution.TypeSolver.solveType(TypeSolver.java:71)

101537     ERROR Test worker     d.u.i.k.n.b.AbstractBuilder  com.github.javaparser.resolution.UnsolvedSymbolException: Unsolved symbol in de.uka.ilkd.key.java.JavaParserFactory$DynamicTypeSolver@39ac9725 : java.lang.Object
	at com.github.javaparser.resolution.TypeSolver.solveType(TypeSolver.java:71)

101537     ERROR Test worker     d.u.i.k.n.b.TacletPBuilder Error in parsing taclet. de.uka.ilkd.key.util.parsing.BuildingException: Unsolved symbol in de.uka.ilkd.key.java.JavaParserFactory$DynamicTypeSolver@39ac9725 : java.lang.Object at file:/D:/a/key/key/key.core/build/resources/main/de/uka/ilkd/key/proof/rules/integerAssignment2UpdateRules.key:779:15
	at de.uka.ilkd.key.nparser.builder.AbstractBuilder.accept(AbstractBuilder.java:54)
Caused by: com.github.javaparser.resolution.UnsolvedSymbolException: Unsolved symbol in de.uka.ilkd.key.java.JavaParserFactory$DynamicTypeSolver@39ac9725 : java.lang.Object
	at com.github.javaparser.resolution.TypeSolver.solveType(TypeSolver.java:71)

101537     ERROR Test worker     d.u.i.k.n.b.AbstractBuilder  com.github.javaparser.resolution.UnsolvedSymbolException: Unsolved symbol in de.uka.ilkd.key.java.JavaParserFactory$DynamicTypeSolver@39ac9725 : java.lang.Object
	at com.github.javaparser.resolution.TypeSolver.solveType(TypeSolver.java:71)

101537     ERROR Test worker     d.u.i.k.n.b.TacletPBuilder Error in parsing taclet. de.uka.ilkd.key.util.parsing.BuildingException: Unsolved symbol in de.uka.ilkd.key.java.JavaParserFactory$DynamicTypeSolver@39ac9725 : java.lang.Object at file:/D:/a/key/key/key.core/build/resources/main/de/uka/ilkd/key/proof/rules/integerAssignment2UpdateRules.key:794:15
	at de.uka.ilkd.key.nparser.builder.AbstractBuilder.accept(AbstractBuilder.java:54)
Caused by: com.github.javaparser.resolution.UnsolvedSymbolException: Unsolved symbol in de.uka.ilkd.key.java.JavaParserFactory$DynamicTypeSolver@39ac9725 : java.lang.Object
	at com.github.javaparser.resolution.TypeSolver.solveType(TypeSolver.java:71)

101537     ERROR Test worker     d.u.i.k.n.b.AbstractBuilder  com.github.javaparser.resolution.UnsolvedSymbolException: Unsolved symbol in de.uka.ilkd.key.java.JavaParserFactory$DynamicTypeSolver@39ac9725 : java.lang.Object
	at com.github.javaparser.resolution.TypeSolver.solveType(TypeSolver.java:71)

101537     ERROR Test worker     d.u.i.k.n.b.TacletPBuilder Error in parsing taclet. de.uka.ilkd.key.util.parsing.BuildingException: Unsolved symbol in de.uka.ilkd.key.java.JavaParserFactory$DynamicTypeSolver@39ac9725 : java.lang.Object at file:/D:/a/key/key/key.core/build/resources/main/de/uka/ilkd/key/proof/rules/integerAssignment2UpdateRules.key:808:15
	at de.uka.ilkd.key.nparser.builder.AbstractBuilder.accept(AbstractBuilder.java:54)
Caused by: com.github.javaparser.resolution.UnsolvedSymbolException: Unsolved symbol in de.uka.ilkd.key.java.JavaParserFactory$DynamicTypeSolver@39ac9725 : java.lang.Object
	at com.github.javaparser.resolution.TypeSolver.solveType(TypeSolver.java:71)

101552     ERROR Test worker     d.u.i.k.n.b.AbstractBuilder  com.github.javaparser.resolution.UnsolvedSymbolException: Unsolved symbol in de.uka.ilkd.key.java.JavaParserFactory$DynamicTypeSolver@39ac9725 : java.lang.Object
	at com.github.javaparser.resolution.TypeSolver.solveType(TypeSolver.java:71)

101552     ERROR Test worker     d.u.i.k.n.b.TacletPBuilder Error in parsing taclet. de.uka.ilkd.key.util.parsing.BuildingException: Unsolved symbol in de.uka.ilkd.key.java.JavaParserFactory$DynamicTypeSolver@39ac9725 : java.lang.Object at file:/D:/a/key/key/key.core/build/resources/main/de/uka/ilkd/key/proof/rules/floatAssignment2UpdateRules.key:42:15
	at de.uka.ilkd.key.nparser.builder.AbstractBuilder.accept(AbstractBuilder.java:54)
Caused by: com.github.javaparser.resolution.UnsolvedSymbolException: Unsolved symbol in de.uka.ilkd.key.java.JavaParserFactory$DynamicTypeSolver@39ac9725 : java.lang.Object
	at com.github.javaparser.resolution.TypeSolver.solveType(TypeSolver.java:71)

101552     ERROR Test worker     d.u.i.k.n.b.AbstractBuilder  com.github.javaparser.resolution.UnsolvedSymbolException: Unsolved symbol in de.uka.ilkd.key.java.JavaParserFactory$DynamicTypeSolver@39ac9725 : java.lang.Object
	at com.github.javaparser.resolution.TypeSolver.solveType(TypeSolver.java:71)

101552     ERROR Test worker     d.u.i.k.n.b.TacletPBuilder Error in parsing taclet. de.uka.ilkd.key.util.parsing.BuildingException: Unsolved symbol in de.uka.ilkd.key.java.JavaParserFactory$DynamicTypeSolver@39ac9725 : java.lang.Object at file:/D:/a/key/key/key.core/build/resources/main/de/uka/ilkd/key/proof/rules/floatAssignment2UpdateRules.key:50:15
	at de.uka.ilkd.key.nparser.builder.AbstractBuilder.accept(AbstractBuilder.java:54)
Caused by: com.github.javaparser.resolution.UnsolvedSymbolException: Unsolved symbol in de.uka.ilkd.key.java.JavaParserFactory$DynamicTypeSolver@39ac9725 : java.lang.Object
	at com.github.javaparser.resolution.TypeSolver.solveType(TypeSolver.java:71)

101552     ERROR Test worker     d.u.i.k.n.b.AbstractBuilder  com.github.javaparser.resolution.UnsolvedSymbolException: Unsolved symbol in de.uka.ilkd.key.java.JavaParserFactory$DynamicTypeSolver@39ac9725 : java.lang.Object
	at com.github.javaparser.resolution.TypeSolver.solveType(TypeSolver.java:71)

101552     ERROR Test worker     d.u.i.k.n.b.TacletPBuilder Error in parsing taclet. de.uka.ilkd.key.util.parsing.BuildingException: Unsolved symbol in de.uka.ilkd.key.java.JavaParserFactory$DynamicTypeSolver@39ac9725 : java.lang.Object at file:/D:/a/key/key/key.core/build/resources/main/de/uka/ilkd/key/proof/rules/floatAssignment2UpdateRules.key:58:15
	at de.uka.ilkd.key.nparser.builder.AbstractBuilder.accept(AbstractBuilder.java:54)
Caused by: com.github.javaparser.resolution.UnsolvedSymbolException: Unsolved symbol in de.uka.ilkd.key.java.JavaParserFactory$DynamicTypeSolver@39ac9725 : java.lang.Object
	at com.github.javaparser.resolution.TypeSolver.solveType(TypeSolver.java:71)

101552     ERROR Test worker     d.u.i.k.n.b.AbstractBuilder  com.github.javaparser.resolution.UnsolvedSymbolException: Unsolved symbol in de.uka.ilkd.key.java.JavaParserFactory$DynamicTypeSolver@39ac9725 : java.lang.Object
	at com.github.javaparser.resolution.TypeSolver.solveType(TypeSolver.java:71)

101552     ERROR Test worker     d.u.i.k.n.b.TacletPBuilder Error in parsing taclet. de.uka.ilkd.key.util.parsing.BuildingException: Unsolved symbol in de.uka.ilkd.key.java.JavaParserFactory$DynamicTypeSolver@39ac9725 : java.lang.Object at file:/D:/a/key/key/key.core/build/resources/main/de/uka/ilkd/key/proof/rules/floatAssignment2UpdateRules.key:66:15
	at de.uka.ilkd.key.nparser.builder.AbstractBuilder.accept(AbstractBuilder.java:54)
Caused by: com.github.javaparser.resolution.UnsolvedSymbolException: Unsolved symbol in de.uka.ilkd.key.java.JavaParserFactory$DynamicTypeSolver@39ac9725 : java.lang.Object
	at com.github.javaparser.resolution.TypeSolver.solveType(TypeSolver.java:71)

101552     ERROR Test worker     d.u.i.k.n.b.AbstractBuilder  com.github.javaparser.resolution.UnsolvedSymbolException: Unsolved symbol in de.uka.ilkd.key.java.JavaParserFactory$DynamicTypeSolver@39ac9725 : java.lang.Object
	at com.github.javaparser.resolution.TypeSolver.solveType(TypeSolver.java:71)

101552     ERROR Test worker     d.u.i.k.n.b.TacletPBuilder Error in parsing taclet. de.uka.ilkd.key.util.parsing.BuildingException: Unsolved symbol in de.uka.ilkd.key.java.JavaParserFactory$DynamicTypeSolver@39ac9725 : java.lang.Object at file:/D:/a/key/key/key.core/build/resources/main/de/uka/ilkd/key/proof/rules/floatAssignment2UpdateRules.key:74:15
	at de.uka.ilkd.key.nparser.builder.AbstractBuilder.accept(AbstractBuilder.java:54)
Caused by: com.github.javaparser.resolution.UnsolvedSymbolException: Unsolved symbol in de.uka.ilkd.key.java.JavaParserFactory$DynamicTypeSolver@39ac9725 : java.lang.Object
	at com.github.javaparser.resolution.TypeSolver.solveType(TypeSolver.java:71)

101570     ERROR Test worker     d.u.i.k.n.b.AbstractBuilder  com.github.javaparser.resolution.UnsolvedSymbolException: Unsolved symbol in de.uka.ilkd.key.java.JavaParserFactory$DynamicTypeSolver@39ac9725 : java.lang.Object
	at com.github.javaparser.resolution.TypeSolver.solveType(TypeSolver.java:71)

101570     ERROR Test worker     d.u.i.k.n.b.TacletPBuilder Error in parsing taclet. de.uka.ilkd.key.util.parsing.BuildingException: Unsolved symbol in de.uka.ilkd.key.java.JavaParserFactory$DynamicTypeSolver@39ac9725 : java.lang.Object at file:/D:/a/key/key/key.core/build/resources/main/de/uka/ilkd/key/proof/rules/floatAssignment2UpdateRules.key:82:15
	at de.uka.ilkd.key.nparser.builder.AbstractBuilder.accept(AbstractBuilder.java:54)
Caused by: com.github.javaparser.resolution.UnsolvedSymbolException: Unsolved symbol in de.uka.ilkd.key.java.JavaParserFactory$DynamicTypeSolver@39ac9725 : java.lang.Object
	at com.github.javaparser.resolution.TypeSolver.solveType(TypeSolver.java:71)

101571     ERROR Test worker     d.u.i.k.n.b.AbstractBuilder  com.github.javaparser.resolution.UnsolvedSymbolException: Unsolved symbol in de.uka.ilkd.key.java.JavaParserFactory$DynamicTypeSolver@39ac9725 : java.lang.Object
	at com.github.javaparser.resolution.TypeSolver.solveType(TypeSolver.java:71)

101571     ERROR Test worker     d.u.i.k.n.b.TacletPBuilder Error in parsing taclet. de.uka.ilkd.key.util.parsing.BuildingException: Unsolved symbol in de.uka.ilkd.key.java.JavaParserFactory$DynamicTypeSolver@39ac9725 : java.lang.Object at file:/D:/a/key/key/key.core/build/resources/main/de/uka/ilkd/key/proof/rules/floatAssignment2UpdateRules.key:93:15
	at de.uka.ilkd.key.nparser.builder.AbstractBuilder.accept(AbstractBuilder.java:54)
Caused by: com.github.javaparser.resolution.UnsolvedSymbolException: Unsolved symbol in de.uka.ilkd.key.java.JavaParserFactory$DynamicTypeSolver@39ac9725 : java.lang.Object
	at com.github.javaparser.resolution.TypeSolver.solveType(TypeSolver.java:71)

101571     ERROR Test worker     d.u.i.k.n.b.AbstractBuilder  com.github.javaparser.resolution.UnsolvedSymbolException: Unsolved symbol in de.uka.ilkd.key.java.JavaParserFactory$DynamicTypeSolver@39ac9725 : java.lang.Object
	at com.github.javaparser.resolution.TypeSolver.solveType(TypeSolver.java:71)

101571     ERROR Test worker     d.u.i.k.n.b.TacletPBuilder Error in parsing taclet. de.uka.ilkd.key.util.parsing.BuildingException: Unsolved symbol in de.uka.ilkd.key.java.JavaParserFactory$DynamicTypeSolver@39ac9725 : java.lang.Object at file:/D:/a/key/key/key.core/build/resources/main/de/uka/ilkd/key/proof/rules/floatAssignment2UpdateRules.key:101:15
	at de.uka.ilkd.key.nparser.builder.AbstractBuilder.accept(AbstractBuilder.java:54)
Caused by: com.github.javaparser.resolution.UnsolvedSymbolException: Unsolved symbol in de.uka.ilkd.key.java.JavaParserFactory$DynamicTypeSolver@39ac9725 : java.lang.Object
	at com.github.javaparser.resolution.TypeSolver.solveType(TypeSolver.java:71)

101571     ERROR Test worker     d.u.i.k.n.b.AbstractBuilder  com.github.javaparser.resolution.UnsolvedSymbolException: Unsolved symbol in de.uka.ilkd.key.java.JavaParserFactory$DynamicTypeSolver@39ac9725 : java.lang.Object
	at com.github.javaparser.resolution.TypeSolver.solveType(TypeSolver.java:71)

101571     ERROR Test worker     d.u.i.k.n.b.TacletPBuilder Error in parsing taclet. de.uka.ilkd.key.util.parsing.BuildingException: Unsolved symbol in de.uka.ilkd.key.java.JavaParserFactory$DynamicTypeSolver@39ac9725 : java.lang.Object at file:/D:/a/key/key/key.core/build/resources/main/de/uka/ilkd/key/proof/rules/floatAssignment2UpdateRules.key:109:15
	at de.uka.ilkd.key.nparser.builder.AbstractBuilder.accept(AbstractBuilder.java:54)
Caused by: com.github.javaparser.resolution.UnsolvedSymbolException: Unsolved symbol in de.uka.ilkd.key.java.JavaParserFactory$DynamicTypeSolver@39ac9725 : java.lang.Object
	at com.github.javaparser.resolution.TypeSolver.solveType(TypeSolver.java:71)

101571     ERROR Test worker     d.u.i.k.n.b.AbstractBuilder  com.github.javaparser.resolution.UnsolvedSymbolException: Unsolved symbol in de.uka.ilkd.key.java.JavaParserFactory$DynamicTypeSolver@39ac9725 : java.lang.Object
	at com.github.javaparser.resolution.TypeSolver.solveType(TypeSolver.java:71)

101571     ERROR Test worker     d.u.i.k.n.b.TacletPBuilder Error in parsing taclet. de.uka.ilkd.key.util.parsing.BuildingException: Unsolved symbol in de.uka.ilkd.key.java.JavaParserFactory$DynamicTypeSolver@39ac9725 : java.lang.Object at file:/D:/a/key/key/key.core/build/resources/main/de/uka/ilkd/key/proof/rules/floatAssignment2UpdateRules.key:117:15
	at de.uka.ilkd.key.nparser.builder.AbstractBuilder.accept(AbstractBuilder.java:54)
Caused by: com.github.javaparser.resolution.UnsolvedSymbolException: Unsolved symbol in de.uka.ilkd.key.java.JavaParserFactory$DynamicTypeSolver@39ac9725 : java.lang.Object
	at com.github.javaparser.resolution.TypeSolver.solveType(TypeSolver.java:71)

101571     ERROR Test worker     d.u.i.k.n.b.AbstractBuilder  com.github.javaparser.resolution.UnsolvedSymbolException: Unsolved symbol in de.uka.ilkd.key.java.JavaParserFactory$DynamicTypeSolver@39ac9725 : java.lang.Object
	at com.github.javaparser.resolution.TypeSolver.solveType(TypeSolver.java:71)

101571     ERROR Test worker     d.u.i.k.n.b.TacletPBuilder Error in parsing taclet. de.uka.ilkd.key.util.parsing.BuildingException: Unsolved symbol in de.uka.ilkd.key.java.JavaParserFactory$DynamicTypeSolver@39ac9725 : java.lang.Object at file:/D:/a/key/key/key.core/build/resources/main/de/uka/ilkd/key/proof/rules/floatAssignment2UpdateRules.key:125:15
	at de.uka.ilkd.key.nparser.builder.AbstractBuilder.accept(AbstractBuilder.java:54)
Caused by: com.github.javaparser.resolution.UnsolvedSymbolException: Unsolved symbol in de.uka.ilkd.key.java.JavaParserFactory$DynamicTypeSolver@39ac9725 : java.lang.Object
	at com.github.javaparser.resolution.TypeSolver.solveType(TypeSolver.java:71)

101571     ERROR Test worker     d.u.i.k.n.b.AbstractBuilder  com.github.javaparser.resolution.UnsolvedSymbolException: Unsolved symbol in de.uka.ilkd.key.java.JavaParserFactory$DynamicTypeSolver@39ac9725 : java.lang.Object
	at com.github.javaparser.resolution.TypeSolver.solveType(TypeSolver.java:71)

101571     ERROR Test worker     d.u.i.k.n.b.TacletPBuilder Error in parsing taclet. de.uka.ilkd.key.util.parsing.BuildingException: Unsolved symbol in de.uka.ilkd.key.java.JavaParserFactory$DynamicTypeSolver@39ac9725 : java.lang.Object at file:/D:/a/key/key/key.core/build/resources/main/de/uka/ilkd/key/proof/rules/floatAssignment2UpdateRules.key:133:15
	at de.uka.ilkd.key.nparser.builder.AbstractBuilder.accept(AbstractBuilder.java:54)
Caused by: com.github.javaparser.resolution.UnsolvedSymbolException: Unsolved symbol in de.uka.ilkd.key.java.JavaParserFactory$DynamicTypeSolver@39ac9725 : java.lang.Object
	at com.github.javaparser.resolution.TypeSolver.solveType(TypeSolver.java:71)

101571     ERROR Test worker     d.u.i.k.n.b.AbstractBuilder  com.github.javaparser.resolution.UnsolvedSymbolException: Unsolved symbol in de.uka.ilkd.key.java.JavaParserFactory$DynamicTypeSolver@39ac9725 : java.lang.Object
	at com.github.javaparser.resolution.TypeSolver.solveType(TypeSolver.java:71)

101571     ERROR Test worker     d.u.i.k.n.b.TacletPBuilder Error in parsing taclet. de.uka.ilkd.key.util.parsing.BuildingException: Unsolved symbol in de.uka.ilkd.key.java.JavaParserFactory$DynamicTypeSolver@39ac9725 : java.lang.Object at file:/D:/a/key/key/key.core/build/resources/main/de/uka/ilkd/key/proof/rules/floatAssignment2UpdateRules.key:143:15
	at de.uka.ilkd.key.nparser.builder.AbstractBuilder.accept(AbstractBuilder.java:54)
Caused by: com.github.javaparser.resolution.UnsolvedSymbolException: Unsolved symbol in de.uka.ilkd.key.java.JavaParserFactory$DynamicTypeSolver@39ac9725 : java.lang.Object
	at com.github.javaparser.resolution.TypeSolver.solveType(TypeSolver.java:71)

101587     ERROR Test worker     d.u.i.k.n.b.AbstractBuilder  com.github.javaparser.resolution.UnsolvedSymbolException: Unsolved symbol in de.uka.ilkd.key.java.JavaParserFactory$DynamicTypeSolver@39ac9725 : java.lang.Object
	at com.github.javaparser.resolution.TypeSolver.solveType(TypeSolver.java:71)

101587     ERROR Test worker     d.u.i.k.n.b.TacletPBuilder Error in parsing taclet. de.uka.ilkd.key.util.parsing.BuildingException: Unsolved symbol in de.uka.ilkd.key.java.JavaParserFactory$DynamicTypeSolver@39ac9725 : java.lang.Object at file:/D:/a/key/key/key.core/build/resources/main/de/uka/ilkd/key/proof/rules/floatAssignment2UpdateRules.key:153:15
	at de.uka.ilkd.key.nparser.builder.AbstractBuilder.accept(AbstractBuilder.java:54)
Caused by: com.github.javaparser.resolution.UnsolvedSymbolException: Unsolved symbol in de.uka.ilkd.key.java.JavaParserFactory$DynamicTypeSolver@39ac9725 : java.lang.Object
	at com.github.javaparser.resolution.TypeSolver.solveType(TypeSolver.java:71)

101587     ERROR Test worker     d.u.i.k.n.b.AbstractBuilder  com.github.javaparser.resolution.UnsolvedSymbolException: Unsolved symbol in de.uka.ilkd.key.java.JavaParserFactory$DynamicTypeSolver@39ac9725 : java.lang.Object
	at com.github.javaparser.resolution.TypeSolver.solveType(TypeSolver.java:71)

101587     ERROR Test worker     d.u.i.k.n.b.TacletPBuilder Error in parsing taclet. de.uka.ilkd.key.util.parsing.BuildingException: Unsolved symbol in de.uka.ilkd.key.java.JavaParserFactory$DynamicTypeSolver@39ac9725 : java.lang.Object at file:/D:/a/key/key/key.core/build/resources/main/de/uka/ilkd/key/proof/rules/floatAssignment2UpdateRules.key:165:15
	at de.uka.ilkd.key.nparser.builder.AbstractBuilder.accept(AbstractBuilder.java:54)
Caused by: com.github.javaparser.resolution.UnsolvedSymbolException: Unsolved symbol in de.uka.ilkd.key.java.JavaParserFactory$DynamicTypeSolver@39ac9725 : java.lang.Object
	at com.github.javaparser.resolution.TypeSolver.solveType(TypeSolver.java:71)

101587     ERROR Test worker     d.u.i.k.n.b.AbstractBuilder  com.github.javaparser.resolution.UnsolvedSymbolException: Unsolved symbol in de.uka.ilkd.key.java.JavaParserFactory$DynamicTypeSolver@39ac9725 : java.lang.Object
	at com.github.javaparser.resolution.TypeSolver.solveType(TypeSolver.java:71)

101587     ERROR Test worker     d.u.i.k.n.b.TacletPBuilder Error in parsing taclet. de.uka.ilkd.key.util.parsing.BuildingException: Unsolved symbol in de.uka.ilkd.key.java.JavaParserFactory$DynamicTypeSolver@39ac9725 : java.lang.Object at file:/D:/a/key/key/key.core/build/resources/main/de/uka/ilkd/key/proof/rules/floatAssignment2UpdateRules.key:177:15
	at de.uka.ilkd.key.nparser.builder.AbstractBuilder.accept(AbstractBuilder.java:54)
Caused by: com.github.javaparser.resolution.UnsolvedSymbolException: Unsolved symbol in de.uka.ilkd.key.java.JavaParserFactory$DynamicTypeSolver@39ac9725 : java.lang.Object
	at com.github.javaparser.resolution.TypeSolver.solveType(TypeSolver.java:71)

101587     ERROR Test worker     d.u.i.k.n.b.AbstractBuilder  com.github.javaparser.resolution.UnsolvedSymbolException: Unsolved symbol in de.uka.ilkd.key.java.JavaParserFactory$DynamicTypeSolver@39ac9725 : java.lang.Object
	at com.github.javaparser.resolution.TypeSolver.solveType(TypeSolver.java:71)

101587     ERROR Test worker     d.u.i.k.n.b.TacletPBuilder Error in parsing taclet. de.uka.ilkd.key.util.parsing.BuildingException: Unsolved symbol in de.uka.ilkd.key.java.JavaParserFactory$DynamicTypeSolver@39ac9725 : java.lang.Object at file:/D:/a/key/key/key.core/build/resources/main/de/uka/ilkd/key/proof/rules/floatAssignment2UpdateRules.key:189:15
	at de.uka.ilkd.key.nparser.builder.AbstractBuilder.accept(AbstractBuilder.java:54)
Caused by: com.github.javaparser.resolution.UnsolvedSymbolException: Unsolved symbol in de.uka.ilkd.key.java.JavaParserFactory$DynamicTypeSolver@39ac9725 : java.lang.Object
	at com.github.javaparser.resolution.TypeSolver.solveType(TypeSolver.java:71)

101587     ERROR Test worker     d.u.i.k.n.b.AbstractBuilder  com.github.javaparser.resolution.UnsolvedSymbolException: Unsolved symbol in de.uka.ilkd.key.java.JavaParserFactory$DynamicTypeSolver@39ac9725 : java.lang.Object
	at com.github.javaparser.resolution.TypeSolver.solveType(TypeSolver.java:71)

101587     ERROR Test worker     d.u.i.k.n.b.TacletPBuilder Error in parsing taclet. de.uka.ilkd.key.util.parsing.BuildingException: Unsolved symbol in de.uka.ilkd.key.java.JavaParserFactory$DynamicTypeSolver@39ac9725 : java.lang.Object at file:/D:/a/key/key/key.core/build/resources/main/de/uka/ilkd/key/proof/rules/floatAssignment2UpdateRules.key:201:15
	at de.uka.ilkd.key.nparser.builder.AbstractBuilder.accept(AbstractBuilder.java:54)
Caused by: com.github.javaparser.resolution.UnsolvedSymbolException: Unsolved symbol in de.uka.ilkd.key.java.JavaParserFactory$DynamicTypeSolver@39ac9725 : java.lang.Object
	at com.github.javaparser.resolution.TypeSolver.solveType(TypeSolver.java:71)

101587     ERROR Test worker     d.u.i.k.n.b.AbstractBuilder  com.github.javaparser.resolution.UnsolvedSymbolException: Unsolved symbol in de.uka.ilkd.key.java.JavaParserFactory$DynamicTypeSolver@39ac9725 : java.lang.Object
	at com.github.javaparser.resolution.TypeSolver.solveType(TypeSolver.java:71)

101587     ERROR Test worker     d.u.i.k.n.b.TacletPBuilder Error in parsing taclet. de.uka.ilkd.key.util.parsing.BuildingException: Unsolved symbol in de.uka.ilkd.key.java.JavaParserFactory$DynamicTypeSolver@39ac9725 : java.lang.Object at file:/D:/a/key/key/key.core/build/resources/main/de/uka/ilkd/key/proof/rules/floatAssignment2UpdateRules.key:214:15
	at de.uka.ilkd.key.nparser.builder.AbstractBuilder.accept(AbstractBuilder.java:54)
Caused by: com.github.javaparser.resolution.UnsolvedSymbolException: Unsolved symbol in de.uka.ilkd.key.java.JavaParserFactory$DynamicTypeSolver@39ac9725 : java.lang.Object
	at com.github.javaparser.resolution.TypeSolver.solveType(TypeSolver.java:71)

101587     ERROR Test worker     d.u.i.k.n.b.AbstractBuilder  com.github.javaparser.resolution.UnsolvedSymbolException: Unsolved symbol in de.uka.ilkd.key.java.JavaParserFactory$DynamicTypeSolver@39ac9725 : java.lang.Object
	at com.github.javaparser.resolution.TypeSolver.solveType(TypeSolver.java:71)

101587     ERROR Test worker     d.u.i.k.n.b.TacletPBuilder Error in parsing taclet. de.uka.ilkd.key.util.parsing.BuildingException: Unsolved symbol in de.uka.ilkd.key.java.JavaParserFactory$DynamicTypeSolver@39ac9725 : java.lang.Object at file:/D:/a/key/key/key.core/build/resources/main/de/uka/ilkd/key/proof/rules/floatAssignment2UpdateRules.key:226:15
	at de.uka.ilkd.key.nparser.builder.AbstractBuilder.accept(AbstractBuilder.java:54)
Caused by: com.github.javaparser.resolution.UnsolvedSymbolException: Unsolved symbol in de.uka.ilkd.key.java.JavaParserFactory$DynamicTypeSolver@39ac9725 : java.lang.Object
	at com.github.javaparser.resolution.TypeSolver.solveType(TypeSolver.java:71)

101587     ERROR Test worker     d.u.i.k.n.b.AbstractBuilder  com.github.javaparser.resolution.UnsolvedSymbolException: Unsolved symbol in de.uka.ilkd.key.java.JavaParserFactory$DynamicTypeSolver@39ac9725 : java.lang.Object
	at com.github.javaparser.resolution.TypeSolver.solveType(TypeSolver.java:71)

101587     ERROR Test worker     d.u.i.k.n.b.TacletPBuilder Error in parsing taclet. de.uka.ilkd.key.util.parsing.BuildingException: Unsolved symbol in de.uka.ilkd.key.java.JavaParserFactory$DynamicTypeSolver@39ac9725 : java.lang.Object at file:/D:/a/key/key/key.core/build/resources/main/de/uka/ilkd/key/proof/rules/floatAssignment2UpdateRules.key:238:15
	at de.uka.ilkd.key.nparser.builder.AbstractBuilder.accept(AbstractBuilder.java:54)
Caused by: com.github.javaparser.resolution.UnsolvedSymbolException: Unsolved symbol in de.uka.ilkd.key.java.JavaParserFactory$DynamicTypeSolver@39ac9725 : java.lang.Object
	at com.github.javaparser.resolution.TypeSolver.solveType(TypeSolver.java:71)

101602     ERROR Test worker     d.u.i.k.n.b.AbstractBuilder  com.github.javaparser.resolution.UnsolvedSymbolException: Unsolved symbol in de.uka.ilkd.key.java.JavaParserFactory$DynamicTypeSolver@39ac9725 : java.lang.Object
	at com.github.javaparser.resolution.TypeSolver.solveType(TypeSolver.java:71)

101602     ERROR Test worker     d.u.i.k.n.b.TacletPBuilder Error in parsing taclet. de.uka.ilkd.key.util.parsing.BuildingException: Unsolved symbol in de.uka.ilkd.key.java.JavaParserFactory$DynamicTypeSolver@39ac9725 : java.lang.Object at file:/D:/a/key/key/key.core/build/resources/main/de/uka/ilkd/key/proof/rules/floatAssignment2UpdateRules.key:250:15
	at de.uka.ilkd.key.nparser.builder.AbstractBuilder.accept(AbstractBuilder.java:54)
Caused by: com.github.javaparser.resolution.UnsolvedSymbolException: Unsolved symbol in de.uka.ilkd.key.java.JavaParserFactory$DynamicTypeSolver@39ac9725 : java.lang.Object
	at com.github.javaparser.resolution.TypeSolver.solveType(TypeSolver.java:71)

101602     ERROR Test worker     d.u.i.k.n.b.AbstractBuilder  com.github.javaparser.resolution.UnsolvedSymbolException: Unsolved symbol in de.uka.ilkd.key.java.JavaParserFactory$DynamicTypeSolver@39ac9725 : java.lang.Object
	at com.github.javaparser.resolution.TypeSolver.solveType(TypeSolver.java:71)

101602     ERROR Test worker     d.u.i.k.n.b.TacletPBuilder Error in parsing taclet. de.uka.ilkd.key.util.parsing.BuildingException: Unsolved symbol in de.uka.ilkd.key.java.JavaParserFactory$DynamicTypeSolver@39ac9725 : java.lang.Object at file:/D:/a/key/key/key.core/build/resources/main/de/uka/ilkd/key/proof/rules/floatAssignment2UpdateRules.key:264:15
	at de.uka.ilkd.key.nparser.builder.AbstractBuilder.accept(AbstractBuilder.java:54)
Caused by: com.github.javaparser.resolution.UnsolvedSymbolException: Unsolved symbol in de.uka.ilkd.key.java.JavaParserFactory$DynamicTypeSolver@39ac9725 : java.lang.Object
	at com.github.javaparser.resolution.TypeSolver.solveType(TypeSolver.java:71)

101602     ERROR Test worker     d.u.i.k.n.b.AbstractBuilder  com.github.javaparser.resolution.UnsolvedSymbolException: Unsolved symbol in de.uka.ilkd.key.java.JavaParserFactory$DynamicTypeSolver@39ac9725 : java.lang.Object
	at com.github.javaparser.resolution.TypeSolver.solveType(TypeSolver.java:71)

101602     ERROR Test worker     d.u.i.k.n.b.TacletPBuilder Error in parsing taclet. de.uka.ilkd.key.util.parsing.BuildingException: Unsolved symbol in de.uka.ilkd.key.java.JavaParserFactory$DynamicTypeSolver@39ac9725 : java.lang.Object at file:/D:/a/key/key/key.core/build/resources/main/de/uka/ilkd/key/proof/rules/floatAssignment2UpdateRules.key:276:15
	at de.uka.ilkd.key.nparser.builder.AbstractBuilder.accept(AbstractBuilder.java:54)
Caused by: com.github.javaparser.resolution.UnsolvedSymbolException: Unsolved symbol in de.uka.ilkd.key.java.JavaParserFactory$DynamicTypeSolver@39ac9725 : java.lang.Object
	at com.github.javaparser.resolution.TypeSolver.solveType(TypeSolver.java:71)

101602     ERROR Test worker     d.u.i.k.n.b.AbstractBuilder  com.github.javaparser.resolution.UnsolvedSymbolException: Unsolved symbol in de.uka.ilkd.key.java.JavaParserFactory$DynamicTypeSolver@39ac9725 : java.lang.Object
	at com.github.javaparser.resolution.TypeSolver.solveType(TypeSolver.java:71)

101602     ERROR Test worker     d.u.i.k.n.b.TacletPBuilder Error in parsing taclet. de.uka.ilkd.key.util.parsing.BuildingException: Unsolved symbol in de.uka.ilkd.key.java.JavaParserFactory$DynamicTypeSolver@39ac9725 : java.lang.Object at file:/D:/a/key/key/key.core/build/resources/main/de/uka/ilkd/key/proof/rules/floatAssignment2UpdateRules.key:288:15
	at de.uka.ilkd.key.nparser.builder.AbstractBuilder.accept(AbstractBuilder.java:54)
Caused by: com.github.javaparser.resolution.UnsolvedSymbolException: Unsolved symbol in de.uka.ilkd.key.java.JavaParserFactory$DynamicTypeSolver@39ac9725 : java.lang.Object
	at com.github.javaparser.resolution.TypeSolver.solveType(TypeSolver.java:71)

101602     ERROR Test worker     d.u.i.k.n.b.AbstractBuilder  com.github.javaparser.resolution.UnsolvedSymbolException: Unsolved symbol in de.uka.ilkd.key.java.JavaParserFactory$DynamicTypeSolver@39ac9725 : java.lang.Object
	at com.github.javaparser.resolution.TypeSolver.solveType(TypeSolver.java:71)

101602     ERROR Test worker     d.u.i.k.n.b.TacletPBuilder Error in parsing taclet. de.uka.ilkd.key.util.parsing.BuildingException: Unsolved symbol in de.uka.ilkd.key.java.JavaParserFactory$DynamicTypeSolver@39ac9725 : java.lang.Object at file:/D:/a/key/key/key.core/build/resources/main/de/uka/ilkd/key/proof/rules/floatAssignment2UpdateRules.key:300:15
	at de.uka.ilkd.key.nparser.builder.AbstractBuilder.accept(AbstractBuilder.java:54)
Caused by: com.github.javaparser.resolution.UnsolvedSymbolException: Unsolved symbol in de.uka.ilkd.key.java.JavaParserFactory$DynamicTypeSolver@39ac9725 : java.lang.Object
	at com.github.javaparser.resolution.TypeSolver.solveType(TypeSolver.java:71)

101602     ERROR Test worker     d.u.i.k.n.b.AbstractBuilder  com.github.javaparser.resolution.UnsolvedSymbolException: Unsolved symbol in de.uka.ilkd.key.java.JavaParserFactory$DynamicTypeSolver@39ac9725 : java.lang.Object
	at com.github.javaparser.resolution.TypeSolver.solveType(TypeSolver.java:71)

101602     ERROR Test worker     d.u.i.k.n.b.TacletPBuilder Error in parsing taclet. de.uka.ilkd.key.util.parsing.BuildingException: Unsolved symbol in de.uka.ilkd.key.java.JavaParserFactory$DynamicTypeSolver@39ac9725 : java.lang.Object at file:/D:/a/key/key/key.core/build/resources/main/de/uka/ilkd/key/proof/rules/floatAssignment2UpdateRules.key:312:15
	at de.uka.ilkd.key.nparser.builder.AbstractBuilder.accept(AbstractBuilder.java:54)
Caused by: com.github.javaparser.resolution.UnsolvedSymbolException: Unsolved symbol in de.uka.ilkd.key.java.JavaParserFactory$DynamicTypeSolver@39ac9725 : java.lang.Object
	at com.github.javaparser.resolution.TypeSolver.solveType(TypeSolver.java:71)

101602     ERROR Test worker     d.u.i.k.n.b.AbstractBuilder  com.github.javaparser.resolution.UnsolvedSymbolException: Unsolved symbol in de.uka.ilkd.key.java.JavaParserFactory$DynamicTypeSolver@39ac9725 : java.lang.Object
	at com.github.javaparser.resolution.TypeSolver.solveType(TypeSolver.java:71)

101602     ERROR Test worker     d.u.i.k.n.b.TacletPBuilder Error in parsing taclet. de.uka.ilkd.key.util.parsing.BuildingException: Unsolved symbol in de.uka.ilkd.key.java.JavaParserFactory$DynamicTypeSolver@39ac9725 : java.lang.Object at file:/D:/a/key/key/key.core/build/resources/main/de/uka/ilkd/key/proof/rules/floatAssignment2UpdateRules.key:324:15
	at de.uka.ilkd.key.nparser.builder.AbstractBuilder.accept(AbstractBuilder.java:54)
Caused by: com.github.javaparser.resolution.UnsolvedSymbolException: Unsolved symbol in de.uka.ilkd.key.java.JavaParserFactory$DynamicTypeSolver@39ac9725 : java.lang.Object
	at com.github.javaparser.resolution.TypeSolver.solveType(TypeSolver.java:71)

101602     ERROR Test worker     d.u.i.k.n.b.AbstractBuilder  com.github.javaparser.resolution.UnsolvedSymbolException: Unsolved symbol in de.uka.ilkd.key.java.JavaParserFactory$DynamicTypeSolver@39ac9725 : java.lang.Object
	at com.github.javaparser.resolution.TypeSolver.solveType(TypeSolver.java:71)

101602     ERROR Test worker     d.u.i.k.n.b.TacletPBuilder Error in parsing taclet. de.uka.ilkd.key.util.parsing.BuildingException: Unsolved symbol in de.uka.ilkd.key.java.JavaParserFactory$DynamicTypeSolver@39ac9725 : java.lang.Object at file:/D:/a/key/key/key.core/build/resources/main/de/uka/ilkd/key/proof/rules/floatAssignment2UpdateRules.key:336:15
	at de.uka.ilkd.key.nparser.builder.AbstractBuilder.accept(AbstractBuilder.java:54)
Caused by: com.github.javaparser.resolution.UnsolvedSymbolException: Unsolved symbol in de.uka.ilkd.key.java.JavaParserFactory$DynamicTypeSolver@39ac9725 : java.lang.Object
	at com.github.javaparser.resolution.TypeSolver.solveType(TypeSolver.java:71)

101618     ERROR Test worker     d.u.i.k.n.b.AbstractBuilder  com.github.javaparser.resolution.UnsolvedSymbolException: Unsolved symbol in de.uka.ilkd.key.java.JavaParserFactory$DynamicTypeSolver@39ac9725 : java.lang.Object
	at com.github.javaparser.resolution.TypeSolver.solveType(TypeSolver.java:71)

101618     ERROR Test worker     d.u.i.k.n.b.TacletPBuilder Error in parsing taclet. de.uka.ilkd.key.util.parsing.BuildingException: Unsolved symbol in de.uka.ilkd.key.java.JavaParserFactory$DynamicTypeSolver@39ac9725 : java.lang.Object at file:/D:/a/key/key/key.core/build/resources/main/de/uka/ilkd/key/proof/rules/floatAssignment2UpdateRules.key:348:15
	at de.uka.ilkd.key.nparser.builder.AbstractBuilder.accept(AbstractBuilder.java:54)
Caused by: com.github.javaparser.resolution.UnsolvedSymbolException: Unsolved symbol in de.uka.ilkd.key.java.JavaParserFactory$DynamicTypeSolver@39ac9725 : java.lang.Object
	at com.github.javaparser.resolution.TypeSolver.solveType(TypeSolver.java:71)

101618     ERROR Test worker     d.u.i.k.n.b.AbstractBuilder  com.github.javaparser.resolution.UnsolvedSymbolException: Unsolved symbol in de.uka.ilkd.key.java.JavaParserFactory$DynamicTypeSolver@39ac9725 : java.lang.Object
	at com.github.javaparser.resolution.TypeSolver.solveType(TypeSolver.java:71)

101618     ERROR Test worker     d.u.i.k.n.b.TacletPBuilder Error in parsing taclet. de.uka.ilkd.key.util.parsing.BuildingException: Unsolved symbol in de.uka.ilkd.key.java.JavaParserFactory$DynamicTypeSolver@39ac9725 : java.lang.Object at file:/D:/a/key/key/key.core/build/resources/main/de/uka/ilkd/key/proof/rules/floatAssignment2UpdateRules.key:361:15
	at de.uka.ilkd.key.nparser.builder.AbstractBuilder.accept(AbstractBuilder.java:54)
Caused by: com.github.javaparser.resolution.UnsolvedSymbolException: Unsolved symbol in de.uka.ilkd.key.java.JavaParserFactory$DynamicTypeSolver@39ac9725 : java.lang.Object
	at com.github.javaparser.resolution.TypeSolver.solveType(TypeSolver.java:71)

101618     ERROR Test worker     d.u.i.k.n.b.AbstractBuilder  com.github.javaparser.resolution.UnsolvedSymbolException: Unsolved symbol in de.uka.ilkd.key.java.JavaParserFactory$DynamicTypeSolver@39ac9725 : java.lang.Object
	at com.github.javaparser.resolution.TypeSolver.solveType(TypeSolver.java:71)

101618     ERROR Test worker     d.u.i.k.n.b.TacletPBuilder Error in parsing taclet. de.uka.ilkd.key.util.parsing.BuildingException: Unsolved symbol in de.uka.ilkd.key.java.JavaParserFactory$DynamicTypeSolver@39ac9725 : java.lang.Object at file:/D:/a/key/key/key.core/build/resources/main/de/uka/ilkd/key/proof/rules/floatAssignment2UpdateRules.key:372:15
	at de.uka.ilkd.key.nparser.builder.AbstractBuilder.accept(AbstractBuilder.java:54)
Caused by: com.github.javaparser.resolution.UnsolvedSymbolException: Unsolved symbol in de.uka.ilkd.key.java.JavaParserFactory$DynamicTypeSolver@39ac9725 : java.lang.Object
	at com.github.javaparser.resolution.TypeSolver.solveType(TypeSolver.java:71)

101618     ERROR Test worker     d.u.i.k.n.b.AbstractBuilder  com.github.javaparser.resolution.UnsolvedSymbolException: Unsolved symbol in de.uka.ilkd.key.java.JavaParserFactory$DynamicTypeSolver@39ac9725 : java.lang.Object
	at com.github.javaparser.resolution.TypeSolver.solveType(TypeSolver.java:71)

101618     ERROR Test worker     d.u.i.k.n.b.TacletPBuilder Error in parsing taclet. de.uka.ilkd.key.util.parsing.BuildingException: Unsolved symbol in de.uka.ilkd.key.java.JavaParserFactory$DynamicTypeSolver@39ac9725 : java.lang.Object at file:/D:/a/key/key/key.core/build/resources/main/de/uka/ilkd/key/proof/rules/floatAssignment2UpdateRules.key:385:15
	at de.uka.ilkd.key.nparser.builder.AbstractBuilder.accept(AbstractBuilder.java:54)
Caused by: com.github.javaparser.resolution.UnsolvedSymbolException: Unsolved symbol in de.uka.ilkd.key.java.JavaParserFactory$DynamicTypeSolver@39ac9725 : java.lang.Object
	at com.github.javaparser.resolution.TypeSolver.solveType(TypeSolver.java:71)

101618     ERROR Test worker     d.u.i.k.n.b.AbstractBuilder  com.github.javaparser.resolution.UnsolvedSymbolException: Unsolved symbol in de.uka.ilkd.key.java.JavaParserFactory$DynamicTypeSolver@39ac9725 : java.lang.Object
	at com.github.javaparser.resolution.TypeSolver.solveType(TypeSolver.java:71)

101618     ERROR Test worker     d.u.i.k.n.b.TacletPBuilder Error in parsing taclet. de.uka.ilkd.key.util.parsing.BuildingException: Unsolved symbol in de.uka.ilkd.key.java.JavaParserFactory$DynamicTypeSolver@39ac9725 : java.lang.Object at file:/D:/a/key/key/key.core/build/resources/main/de/uka/ilkd/key/proof/rules/floatAssignment2UpdateRules.key:397:15
	at de.uka.ilkd.key.nparser.builder.AbstractBuilder.accept(AbstractBuilder.java:54)
Caused by: com.github.javaparser.resolution.UnsolvedSymbolException: Unsolved symbol in de.uka.ilkd.key.java.JavaParserFactory$DynamicTypeSolver@39ac9725 : java.lang.Object
	at com.github.javaparser.resolution.TypeSolver.solveType(TypeSolver.java:71)

101618     ERROR Test worker     d.u.i.k.n.b.AbstractBuilder  com.github.javaparser.resolution.UnsolvedSymbolException: Unsolved symbol in de.uka.ilkd.key.java.JavaParserFactory$DynamicTypeSolver@39ac9725 : java.lang.Object
	at com.github.javaparser.resolution.TypeSolver.solveType(TypeSolver.java:71)

101618     ERROR Test worker     d.u.i.k.n.b.TacletPBuilder Error in parsing taclet. de.uka.ilkd.key.util.parsing.BuildingException: Unsolved symbol in de.uka.ilkd.key.java.JavaParserFactory$DynamicTypeSolver@39ac9725 : java.lang.Object at file:/D:/a/key/key/key.core/build/resources/main/de/uka/ilkd/key/proof/rules/floatAssignment2UpdateRules.key:407:15
	at de.uka.ilkd.key.nparser.builder.AbstractBuilder.accept(AbstractBuilder.java:54)
Caused by: com.github.javaparser.resolution.UnsolvedSymbolException: Unsolved symbol in de.uka.ilkd.key.java.JavaParserFactory$DynamicTypeSolver@39ac9725 : java.lang.Object
	at com.github.javaparser.resolution.TypeSolver.solveType(TypeSolver.java:71)

101618     ERROR Test worker     d.u.i.k.n.b.AbstractBuilder  com.github.javaparser.resolution.UnsolvedSymbolException: Unsolved symbol in de.uka.ilkd.key.java.JavaParserFactory$DynamicTypeSolver@39ac9725 : java.lang.Object
	at com.github.javaparser.resolution.TypeSolver.solveType(TypeSolver.java:71)

101618     ERROR Test worker     d.u.i.k.n.b.TacletPBuilder Error in parsing taclet. de.uka.ilkd.key.util.parsing.BuildingException: Unsolved symbol in de.uka.ilkd.key.java.JavaParserFactory$DynamicTypeSolver@39ac9725 : java.lang.Object at file:/D:/a/key/key/key.core/build/resources/main/de/uka/ilkd/key/proof/rules/floatAssignment2UpdateRules.key:421:15
	at de.uka.ilkd.key.nparser.builder.AbstractBuilder.accept(AbstractBuilder.java:54)
Caused by: com.github.javaparser.resolution.UnsolvedSymbolException: Unsolved symbol in de.uka.ilkd.key.java.JavaParserFactory$DynamicTypeSolver@39ac9725 : java.lang.Object
	at com.github.javaparser.resolution.TypeSolver.solveType(TypeSolver.java:71)

101618     ERROR Test worker     d.u.i.k.n.b.AbstractBuilder  com.github.javaparser.resolution.UnsolvedSymbolException: Unsolved symbol in de.uka.ilkd.key.java.JavaParserFactory$DynamicTypeSolver@39ac9725 : java.lang.Object
	at com.github.javaparser.resolution.TypeSolver.solveType(TypeSolver.java:71)

101618     ERROR Test worker     d.u.i.k.n.b.TacletPBuilder Error in parsing taclet. de.uka.ilkd.key.util.parsing.BuildingException: Unsolved symbol in de.uka.ilkd.key.java.JavaParserFactory$DynamicTypeSolver@39ac9725 : java.lang.Object at file:/D:/a/key/key/key.core/build/resources/main/de/uka/ilkd/key/proof/rules/floatAssignment2UpdateRules.key:431:15
	at de.uka.ilkd.key.nparser.builder.AbstractBuilder.accept(AbstractBuilder.java:54)
Caused by: com.github.javaparser.resolution.UnsolvedSymbolException: Unsolved symbol in de.uka.ilkd.key.java.JavaParserFactory$DynamicTypeSolver@39ac9725 : java.lang.Object
	at com.github.javaparser.resolution.TypeSolver.solveType(TypeSolver.java:71)

101618     ERROR Test worker     d.u.i.k.n.b.AbstractBuilder  com.github.javaparser.resolution.UnsolvedSymbolException: Unsolved symbol in de.uka.ilkd.key.java.JavaParserFactory$DynamicTypeSolver@39ac9725 : java.lang.Object
	at com.github.javaparser.resolution.TypeSolver.solveType(TypeSolver.java:71)

101618     ERROR Test worker     d.u.i.k.n.b.TacletPBuilder Error in parsing taclet. de.uka.ilkd.key.util.parsing.BuildingException: Unsolved symbol in de.uka.ilkd.key.java.JavaParserFactory$DynamicTypeSolver@39ac9725 : java.lang.Object at file:/D:/a/key/key/key.core/build/resources/main/de/uka/ilkd/key/proof/rules/floatAssignment2UpdateRules.key:441:15
	at de.uka.ilkd.key.nparser.builder.AbstractBuilder.accept(AbstractBuilder.java:54)
Caused by: com.github.javaparser.resolution.UnsolvedSymbolException: Unsolved symbol in de.uka.ilkd.key.java.JavaParserFactory$DynamicTypeSolver@39ac9725 : java.lang.Object
	at com.github.javaparser.resolution.TypeSolver.solveType(TypeSolver.java:71)

101634     ERROR Test worker     d.u.i.k.n.b.AbstractBuilder  com.github.javaparser.resolution.UnsolvedSymbolException: Unsolved symbol in de.uka.ilkd.key.java.JavaParserFactory$DynamicTypeSolver@39ac9725 : java.lang.Object
	at com.github.javaparser.resolution.TypeSolver.solveType(TypeSolver.java:71)

101634     ERROR Test worker     d.u.i.k.n.b.TacletPBuilder Error in parsing taclet. de.uka.ilkd.key.util.parsing.BuildingException: Unsolved symbol in de.uka.ilkd.key.java.JavaParserFactory$DynamicTypeSolver@39ac9725 : java.lang.Object at file:/D:/a/key/key/key.core/build/resources/main/de/uka/ilkd/key/proof/rules/floatAssignment2UpdateRules.key:452:15
	at de.uka.ilkd.key.nparser.builder.AbstractBuilder.accept(AbstractBuilder.java:54)
Caused by: com.github.javaparser.resolution.UnsolvedSymbolException: Unsolved symbol in de.uka.ilkd.key.java.JavaParserFactory$DynamicTypeSolver@39ac9725 : java.lang.Object
	at com.github.javaparser.resolution.TypeSolver.solveType(TypeSolver.java:71)

101634     ERROR Test worker     d.u.i.k.n.b.AbstractBuilder  com.github.javaparser.resolution.UnsolvedSymbolException: Unsolved symbol in de.uka.ilkd.key.java.JavaParserFactory$DynamicTypeSolver@39ac9725 : java.lang.Object
	at com.github.javaparser.resolution.TypeSolver.solveType(TypeSolver.java:71)

101634     ERROR Test worker     d.u.i.k.n.b.TacletPBuilder Error in parsing taclet. de.uka.ilkd.key.util.parsing.BuildingException: Unsolved symbol in de.uka.ilkd.key.java.JavaParserFactory$DynamicTypeSolver@39ac9725 : java.lang.Object at file:/D:/a/key/key/key.core/build/resources/main/de/uka/ilkd/key/proof/rules/floatAssignment2UpdateRules.key:463:15
	at de.uka.ilkd.key.nparser.builder.AbstractBuilder.accept(AbstractBuilder.java:54)
Caused by: com.github.javaparser.resolution.UnsolvedSymbolException: Unsolved symbol in de.uka.ilkd.key.java.JavaParserFactory$DynamicTypeSolver@39ac9725 : java.lang.Object
	at com.github.javaparser.resolution.TypeSolver.solveType(TypeSolver.java:71)

101634     ERROR Test worker     d.u.i.k.n.b.AbstractBuilder  com.github.javaparser.resolution.UnsolvedSymbolException: Unsolved symbol in de.uka.ilkd.key.java.JavaParserFactory$DynamicTypeSolver@39ac9725 : java.lang.Object
	at com.github.javaparser.resolution.TypeSolver.solveType(TypeSolver.java:71)

101634     ERROR Test worker     d.u.i.k.n.b.TacletPBuilder Error in parsing taclet. de.uka.ilkd.key.util.parsing.BuildingException: Unsolved symbol in de.uka.ilkd.key.java.JavaParserFactory$DynamicTypeSolver@39ac9725 : java.lang.Object at file:/D:/a/key/key/key.core/build/resources/main/de/uka/ilkd/key/proof/rules/floatAssignment2UpdateRules.key:473:15
	at de.uka.ilkd.key.nparser.builder.AbstractBuilder.accept(AbstractBuilder.java:54)
Caused by: com.github.javaparser.resolution.UnsolvedSymbolException: Unsolved symbol in de.uka.ilkd.key.java.JavaParserFactory$DynamicTypeSolver@39ac9725 : java.lang.Object
	at com.github.javaparser.resolution.TypeSolver.solveType(TypeSolver.java:71)

101634     ERROR Test worker     d.u.i.k.n.b.AbstractBuilder  com.github.javaparser.resolution.UnsolvedSymbolException: Unsolved symbol in de.uka.ilkd.key.java.JavaParserFactory$DynamicTypeSolver@39ac9725 : java.lang.Object
	at com.github.javaparser.resolution.TypeSolver.solveType(TypeSolver.java:71)

101634     ERROR Test worker     d.u.i.k.n.b.TacletPBuilder Error in parsing taclet. de.uka.ilkd.key.util.parsing.BuildingException: Unsolved symbol in de.uka.ilkd.key.java.JavaParserFactory$DynamicTypeSolver@39ac9725 : java.lang.Object at file:/D:/a/key/key/key.core/build/resources/main/de/uka/ilkd/key/proof/rules/floatAssignment2UpdateRules.key:485:15
	at de.uka.ilkd.key.nparser.builder.AbstractBuilder.accept(AbstractBuilder.java:54)
Caused by: com.github.javaparser.resolution.UnsolvedSymbolException: Unsolved symbol in de.uka.ilkd.key.java.JavaParserFactory$DynamicTypeSolver@39ac9725 : java.lang.Object
	at com.github.javaparser.resolution.TypeSolver.solveType(TypeSolver.java:71)

101634     ERROR Test worker     d.u.i.k.n.b.AbstractBuilder  com.github.javaparser.resolution.UnsolvedSymbolException: Unsolved symbol in de.uka.ilkd.key.java.JavaParserFactory$DynamicTypeSolver@39ac9725 : java.lang.Object
	at com.github.javaparser.resolution.TypeSolver.solveType(TypeSolver.java:71)

101634     ERROR Test worker     d.u.i.k.n.b.TacletPBuilder Error in parsing taclet. de.uka.ilkd.key.util.parsing.BuildingException: Unsolved symbol in de.uka.ilkd.key.java.JavaParserFactory$DynamicTypeSolver@39ac9725 : java.lang.Object at file:/D:/a/key/key/key.core/build/resources/main/de/uka/ilkd/key/proof/rules/floatAssignment2UpdateRules.key:493:15
	at de.uka.ilkd.key.nparser.builder.AbstractBuilder.accept(AbstractBuilder.java:54)
Caused by: com.github.javaparser.resolution.UnsolvedSymbolException: Unsolved symbol in de.uka.ilkd.key.java.JavaParserFactory$DynamicTypeSolver@39ac9725 : java.lang.Object
	at com.github.javaparser.resolution.TypeSolver.solveType(TypeSolver.java:71)

101649     ERROR Test worker     d.u.i.k.n.b.AbstractBuilder  com.github.javaparser.resolution.UnsolvedSymbolException: Unsolved symbol in de.uka.ilkd.key.java.JavaParserFactory$DynamicTypeSolver@39ac9725 : java.lang.Object
	at com.github.javaparser.resolution.TypeSolver.solveType(TypeSolver.java:71)

101649     ERROR Test worker     d.u.i.k.n.b.TacletPBuilder Error in parsing taclet. de.uka.ilkd.key.util.parsing.BuildingException: Unsolved symbol in de.uka.ilkd.key.java.JavaParserFactory$DynamicTypeSolver@39ac9725 : java.lang.Object at file:/D:/a/key/key/key.core/build/resources/main/de/uka/ilkd/key/proof/rules/bigint.key:22:15
	at de.uka.ilkd.key.nparser.builder.AbstractBuilder.accept(AbstractBuilder.java:54)
Caused by: com.github.javaparser.resolution.UnsolvedSymbolException: Unsolved symbol in de.uka.ilkd.key.java.JavaParserFactory$DynamicTypeSolver@39ac9725 : java.lang.Object
	at com.github.javaparser.resolution.TypeSolver.solveType(TypeSolver.java:71)

101649     ERROR Test worker     d.u.i.k.n.b.AbstractBuilder  com.github.javaparser.resolution.UnsolvedSymbolException: Unsolved symbol in de.uka.ilkd.key.java.JavaParserFactory$DynamicTypeSolver@39ac9725 : java.lang.Object
	at com.github.javaparser.resolution.TypeSolver.solveType(TypeSolver.java:71)

101649     ERROR Test worker     d.u.i.k.n.b.TacletPBuilder Error in parsing taclet. de.uka.ilkd.key.util.parsing.BuildingException: Unsolved symbol in de.uka.ilkd.key.java.JavaParserFactory$DynamicTypeSolver@39ac9725 : java.lang.Object at file:/D:/a/key/key/key.core/build/resources/main/de/uka/ilkd/key/proof/rules/bigint.key:31:15
	at de.uka.ilkd.key.nparser.builder.AbstractBuilder.accept(AbstractBuilder.java:54)
Caused by: com.github.javaparser.resolution.UnsolvedSymbolException: Unsolved symbol in de.uka.ilkd.key.java.JavaParserFactory$DynamicTypeSolver@39ac9725 : java.lang.Object
	at com.github.javaparser.resolution.TypeSolver.solveType(TypeSolver.java:71)

101649     ERROR Test worker     d.u.i.k.n.b.AbstractBuilder  com.github.javaparser.resolution.UnsolvedSymbolException: Unsolved symbol in de.uka.ilkd.key.java.JavaParserFactory$DynamicTypeSolver@39ac9725 : java.lang.Object
	at com.github.javaparser.resolution.TypeSolver.solveType(TypeSolver.java:71)

101649     ERROR Test worker     d.u.i.k.n.b.TacletPBuilder Error in parsing taclet. de.uka.ilkd.key.util.parsing.BuildingException: Unsolved symbol in de.uka.ilkd.key.java.JavaParserFactory$DynamicTypeSolver@39ac9725 : java.lang.Object at file:/D:/a/key/key/key.core/build/resources/main/de/uka/ilkd/key/proof/rules/bigint.key:42:15
	at de.uka.ilkd.key.nparser.builder.AbstractBuilder.accept(AbstractBuilder.java:54)
Caused by: com.github.javaparser.resolution.UnsolvedSymbolException: Unsolved symbol in de.uka.ilkd.key.java.JavaParserFactory$DynamicTypeSolver@39ac9725 : java.lang.Object
	at com.github.javaparser.resolution.TypeSolver.solveType(TypeSolver.java:71)

101649     ERROR Test worker     d.u.i.k.n.b.AbstractBuilder  com.github.javaparser.resolution.UnsolvedSymbolException: Unsolved symbol in de.uka.ilkd.key.java.JavaParserFactory$DynamicTypeSolver@39ac9725 : java.lang.Object
	at com.github.javaparser.resolution.TypeSolver.solveType(TypeSolver.java:71)

101649     ERROR Test worker     d.u.i.k.n.b.TacletPBuilder Error in parsing taclet. de.uka.ilkd.key.util.parsing.BuildingException: Unsolved symbol in de.uka.ilkd.key.java.JavaParserFactory$DynamicTypeSolver@39ac9725 : java.lang.Object at file:/D:/a/key/key/key.core/build/resources/main/de/uka/ilkd/key/proof/rules/bigint.key:53:15
	at de.uka.ilkd.key.nparser.builder.AbstractBuilder.accept(AbstractBuilder.java:54)
Caused by: com.github.javaparser.resolution.UnsolvedSymbolException: Unsolved symbol in de.uka.ilkd.key.java.JavaParserFactory$DynamicTypeSolver@39ac9725 : java.lang.Object
	at com.github.javaparser.resolution.TypeSolver.solveType(TypeSolver.java:71)

101649     ERROR Test worker     d.u.i.k.n.b.AbstractBuilder  com.github.javaparser.resolution.UnsolvedSymbolException: Unsolved symbol in de.uka.ilkd.key.java.JavaParserFactory$DynamicTypeSolver@39ac9725 : java.lang.Object
	at com.github.javaparser.resolution.TypeSolver.solveType(TypeSolver.java:71)

101649     ERROR Test worker     d.u.i.k.n.b.TacletPBuilder Error in parsing taclet. de.uka.ilkd.key.util.parsing.BuildingException: Unsolved symbol in de.uka.ilkd.key.java.JavaParserFactory$DynamicTypeSolver@39ac9725 : java.lang.Object at file:/D:/a/key/key/key.core/build/resources/main/de/uka/ilkd/key/proof/rules/bigint.key:63:15
	at de.uka.ilkd.key.nparser.builder.AbstractBuilder.accept(AbstractBuilder.java:54)
Caused by: com.github.javaparser.resolution.UnsolvedSymbolException: Unsolved symbol in de.uka.ilkd.key.java.JavaParserFactory$DynamicTypeSolver@39ac9725 : java.lang.Object
	at com.github.javaparser.resolution.TypeSolver.solveType(TypeSolver.java:71)

101649     ERROR Test worker     d.u.i.k.n.b.AbstractBuilder  com.github.javaparser.resolution.UnsolvedSymbolException: Unsolved symbol in de.uka.ilkd.key.java.JavaParserFactory$DynamicTypeSolver@39ac9725 : java.lang.Object
	at com.github.javaparser.resolution.TypeSolver.solveType(TypeSolver.java:71)

101649     ERROR Test worker     d.u.i.k.n.b.TacletPBuilder Error in parsing taclet. de.uka.ilkd.key.util.parsing.BuildingException: Unsolved symbol in de.uka.ilkd.key.java.JavaParserFactory$DynamicTypeSolver@39ac9725 : java.lang.Object at file:/D:/a/key/key/key.core/build/resources/main/de/uka/ilkd/key/proof/rules/bigint.key:76:20
	at de.uka.ilkd.key.nparser.builder.AbstractBuilder.accept(AbstractBuilder.java:54)
Caused by: com.github.javaparser.resolution.UnsolvedSymbolException: Unsolved symbol in de.uka.ilkd.key.java.JavaParserFactory$DynamicTypeSolver@39ac9725 : java.lang.Object
	at com.github.javaparser.resolution.TypeSolver.solveType(TypeSolver.java:71)

101649     ERROR Test worker     d.u.i.k.n.b.AbstractBuilder  com.github.javaparser.resolution.UnsolvedSymbolException: Unsolved symbol in de.uka.ilkd.key.java.JavaParserFactory$DynamicTypeSolver@39ac9725 : java.lang.Object
	at com.github.javaparser.resolution.TypeSolver.solveType(TypeSolver.java:71)

101649     ERROR Test worker     d.u.i.k.n.b.TacletPBuilder Error in parsing taclet. de.uka.ilkd.key.util.parsing.BuildingException: Unsolved symbol in de.uka.ilkd.key.java.JavaParserFactory$DynamicTypeSolver@39ac9725 : java.lang.Object at file:/D:/a/key/key/key.core/build/resources/main/de/uka/ilkd/key/proof/rules/bigint.key:88:20
	at de.uka.ilkd.key.nparser.builder.AbstractBuilder.accept(AbstractBuilder.java:54)
Caused by: com.github.javaparser.resolution.UnsolvedSymbolException: Unsolved symbol in de.uka.ilkd.key.java.JavaParserFactory$DynamicTypeSolver@39ac9725 : java.lang.Object
	at com.github.javaparser.resolution.TypeSolver.solveType(TypeSolver.java:71)

101649     ERROR Test worker     d.u.i.k.n.b.AbstractBuilder  com.github.javaparser.resolution.UnsolvedSymbolException: Unsolved symbol in de.uka.ilkd.key.java.JavaParserFactory$DynamicTypeSolver@39ac9725 : java.lang.Object
	at com.github.javaparser.resolution.TypeSolver.solveType(TypeSolver.java:71)

101649     ERROR Test worker     d.u.i.k.n.b.TacletPBuilder Error in parsing taclet. de.uka.ilkd.key.util.parsing.BuildingException: Unsolved symbol in de.uka.ilkd.key.java.JavaParserFactory$DynamicTypeSolver@39ac9725 : java.lang.Object at file:/D:/a/key/key/key.core/build/resources/main/de/uka/ilkd/key/proof/rules/bigint.key:100:20
	at de.uka.ilkd.key.nparser.builder.AbstractBuilder.accept(AbstractBuilder.java:54)
Caused by: com.github.javaparser.resolution.UnsolvedSymbolException: Unsolved symbol in de.uka.ilkd.key.java.JavaParserFactory$DynamicTypeSolver@39ac9725 : java.lang.Object
	at com.github.javaparser.resolution.TypeSolver.solveType(TypeSolver.java:71)

101665     ERROR Test worker     d.u.i.k.n.b.AbstractBuilder  com.github.javaparser.resolution.UnsolvedSymbolException: Unsolved symbol in de.uka.ilkd.key.java.JavaParserFactory$DynamicTypeSolver@39ac9725 : java.lang.Object
	at com.github.javaparser.resolution.TypeSolver.solveType(TypeSolver.java:71)

101666     ERROR Test worker     d.u.i.k.n.b.TacletPBuilder Error in parsing taclet. de.uka.ilkd.key.util.parsing.BuildingException: Unsolved symbol in de.uka.ilkd.key.java.JavaParserFactory$DynamicTypeSolver@39ac9725 : java.lang.Object at file:/D:/a/key/key/key.core/build/resources/main/de/uka/ilkd/key/proof/rules/bigint.key:112:20
	at de.uka.ilkd.key.nparser.builder.AbstractBuilder.accept(AbstractBuilder.java:54)
Caused by: com.github.javaparser.resolution.UnsolvedSymbolException: Unsolved symbol in de.uka.ilkd.key.java.JavaParserFactory$DynamicTypeSolver@39ac9725 : java.lang.Object
	at com.github.javaparser.resolution.TypeSolver.solveType(TypeSolver.java:71)

101668     ERROR Test worker     d.u.i.k.n.b.AbstractBuilder  com.github.javaparser.resolution.UnsolvedSymbolException: Unsolved symbol in de.uka.ilkd.key.java.JavaParserFactory$DynamicTypeSolver@39ac9725 : java.lang.Object
	at com.github.javaparser.resolution.TypeSolver.solveType(TypeSolver.java:71)

101668     ERROR Test worker     d.u.i.k.n.b.TacletPBuilder Error in parsing taclet. de.uka.ilkd.key.util.parsing.BuildingException: Unsolved symbol in de.uka.ilkd.key.java.JavaParserFactory$DynamicTypeSolver@39ac9725 : java.lang.Object at file:/D:/a/key/key/key.core/build/resources/main/de/uka/ilkd/key/proof/rules/bigint.key:128:15
	at de.uka.ilkd.key.nparser.builder.AbstractBuilder.accept(AbstractBuilder.java:54)
Caused by: com.github.javaparser.resolution.UnsolvedSymbolException: Unsolved symbol in de.uka.ilkd.key.java.JavaParserFactory$DynamicTypeSolver@39ac9725 : java.lang.Object
	at com.github.javaparser.resolution.TypeSolver.solveType(TypeSolver.java:71)

101670     ERROR Test worker     d.u.i.k.n.b.AbstractBuilder  com.github.javaparser.resolution.UnsolvedSymbolException: Unsolved symbol in de.uka.ilkd.key.java.JavaParserFactory$DynamicTypeSolver@39ac9725 : java.lang.Object
	at com.github.javaparser.resolution.TypeSolver.solveType(TypeSolver.java:71)

101670     ERROR Test worker     d.u.i.k.n.b.TacletPBuilder Error in parsing taclet. de.uka.ilkd.key.util.parsing.BuildingException: Unsolved symbol in de.uka.ilkd.key.java.JavaParserFactory$DynamicTypeSolver@39ac9725 : java.lang.Object at file:/D:/a/key/key/key.core/build/resources/main/de/uka/ilkd/key/proof/rules/bigint.key:139:15
	at de.uka.ilkd.key.nparser.builder.AbstractBuilder.accept(AbstractBuilder.java:54)
Caused by: com.github.javaparser.resolution.UnsolvedSymbolException: Unsolved symbol in de.uka.ilkd.key.java.JavaParserFactory$DynamicTypeSolver@39ac9725 : java.lang.Object
	at com.github.javaparser.resolution.TypeSolver.solveType(TypeSolver.java:71)

101670     ERROR Test worker     d.u.i.k.n.b.AbstractBuilder  com.github.javaparser.resolution.UnsolvedSymbolException: Unsolved symbol in de.uka.ilkd.key.java.JavaParserFactory$DynamicTypeSolver@39ac9725 : java.lang.Object
	at com.github.javaparser.resolution.TypeSolver.solveType(TypeSolver.java:71)

101670     ERROR Test worker     d.u.i.k.n.b.TacletPBuilder Error in parsing taclet. de.uka.ilkd.key.util.parsing.BuildingException: Unsolved symbol in de.uka.ilkd.key.java.JavaParserFactory$DynamicTypeSolver@39ac9725 : java.lang.Object at file:/D:/a/key/key/key.core/build/resources/main/de/uka/ilkd/key/proof/rules/bigint.key:150:15
	at de.uka.ilkd.key.nparser.builder.AbstractBuilder.accept(AbstractBuilder.java:54)
Caused by: com.github.javaparser.resolution.UnsolvedSymbolException: Unsolved symbol in de.uka.ilkd.key.java.JavaParserFactory$DynamicTypeSolver@39ac9725 : java.lang.Object
	at com.github.javaparser.resolution.TypeSolver.solveType(TypeSolver.java:71)

101670     ERROR Test worker     d.u.i.k.n.b.AbstractBuilder  com.github.javaparser.resolution.UnsolvedSymbolException: Unsolved symbol in de.uka.ilkd.key.java.JavaParserFactory$DynamicTypeSolver@39ac9725 : java.lang.Object
	at com.github.javaparser.resolution.TypeSolver.solveType(TypeSolver.java:71)

101670     ERROR Test worker     d.u.i.k.n.b.TacletPBuilder Error in parsing taclet. de.uka.ilkd.key.util.parsing.BuildingException: Unsolved symbol in de.uka.ilkd.key.java.JavaParserFactory$DynamicTypeSolver@39ac9725 : java.lang.Object at file:/D:/a/key/key/key.core/build/resources/main/de/uka/ilkd/key/proof/rules/bigint.key:161:15
	at de.uka.ilkd.key.nparser.builder.AbstractBuilder.accept(AbstractBuilder.java:54)
Caused by: com.github.javaparser.resolution.UnsolvedSymbolException: Unsolved symbol in de.uka.ilkd.key.java.JavaParserFactory$DynamicTypeSolver@39ac9725 : java.lang.Object
	at com.github.javaparser.resolution.TypeSolver.solveType(TypeSolver.java:71)

101670     ERROR Test worker     d.u.i.k.n.b.AbstractBuilder  com.github.javaparser.resolution.UnsolvedSymbolException: Unsolved symbol in de.uka.ilkd.key.java.JavaParserFactory$DynamicTypeSolver@39ac9725 : java.lang.Object
	at com.github.javaparser.resolution.TypeSolver.solveType(TypeSolver.java:71)

101670     ERROR Test worker     d.u.i.k.n.b.TacletPBuilder Error in parsing taclet. de.uka.ilkd.key.util.parsing.BuildingException: Unsolved symbol in de.uka.ilkd.key.java.JavaParserFactory$DynamicTypeSolver@39ac9725 : java.lang.Object at file:/D:/a/key/key/key.core/build/resources/main/de/uka/ilkd/key/proof/rules/bigint.key:176:15
	at de.uka.ilkd.key.nparser.builder.AbstractBuilder.accept(AbstractBuilder.java:54)
Caused by: com.github.javaparser.resolution.UnsolvedSymbolException: Unsolved symbol in de.uka.ilkd.key.java.JavaParserFactory$DynamicTypeSolver@39ac9725 : java.lang.Object
	at com.github.javaparser.resolution.TypeSolver.solveType(TypeSolver.java:71)

101670     ERROR Test worker     d.u.i.k.n.b.AbstractBuilder  com.github.javaparser.resolution.UnsolvedSymbolException: Unsolved symbol in de.uka.ilkd.key.java.JavaParserFactory$DynamicTypeSolver@39ac9725 : java.lang.Object
	at com.github.javaparser.resolution.TypeSolver.solveType(TypeSolver.java:71)

101670     ERROR Test worker     d.u.i.k.n.b.TacletPBuilder Error in parsing taclet. de.uka.ilkd.key.util.parsing.BuildingException: Unsolved symbol in de.uka.ilkd.key.java.JavaParserFactory$DynamicTypeSolver@39ac9725 : java.lang.Object at file:/D:/a/key/key/key.core/build/resources/main/de/uka/ilkd/key/proof/rules/bigint.key:190:15
	at de.uka.ilkd.key.nparser.builder.AbstractBuilder.accept(AbstractBuilder.java:54)
Caused by: com.github.javaparser.resolution.UnsolvedSymbolException: Unsolved symbol in de.uka.ilkd.key.java.JavaParserFactory$DynamicTypeSolver@39ac9725 : java.lang.Object
	at com.github.javaparser.resolution.TypeSolver.solveType(TypeSolver.java:71)

101670     ERROR Test worker     d.u.i.k.n.b.AbstractBuilder  com.github.javaparser.resolution.UnsolvedSymbolException: Unsolved symbol in de.uka.ilkd.key.java.JavaParserFactory$DynamicTypeSolver@39ac9725 : java.lang.Object
	at com.github.javaparser.resolution.TypeSolver.solveType(TypeSolver.java:71)

101670     ERROR Test worker     d.u.i.k.n.b.TacletPBuilder Error in parsing taclet. de.uka.ilkd.key.util.parsing.BuildingException: Unsolved symbol in de.uka.ilkd.key.java.JavaParserFactory$DynamicTypeSolver@39ac9725 : java.lang.Object at file:/D:/a/key/key/key.core/build/resources/main/de/uka/ilkd/key/proof/rules/bigint.key:204:15
	at de.uka.ilkd.key.nparser.builder.AbstractBuilder.accept(AbstractBuilder.java:54)
Caused by: com.github.javaparser.resolution.UnsolvedSymbolException: Unsolved symbol in de.uka.ilkd.key.java.JavaParserFactory$DynamicTypeSolver@39ac9725 : java.lang.Object
	at com.github.javaparser.resolution.TypeSolver.solveType(TypeSolver.java:71)

101670     ERROR Test worker     d.u.i.k.n.b.AbstractBuilder  com.github.javaparser.resolution.UnsolvedSymbolException: Unsolved symbol in de.uka.ilkd.key.java.JavaParserFactory$DynamicTypeSolver@39ac9725 : java.lang.Object
	at com.github.javaparser.resolution.TypeSolver.solveType(TypeSolver.java:71)

101670     ERROR Test worker     d.u.i.k.n.b.TacletPBuilder Error in parsing taclet. de.uka.ilkd.key.util.parsing.BuildingException: Unsolved symbol in de.uka.ilkd.key.java.JavaParserFactory$DynamicTypeSolver@39ac9725 : java.lang.Object at file:/D:/a/key/key/key.core/build/resources/main/de/uka/ilkd/key/proof/rules/bigint.key:218:15
	at de.uka.ilkd.key.nparser.builder.AbstractBuilder.accept(AbstractBuilder.java:54)
Caused by: com.github.javaparser.resolution.UnsolvedSymbolException: Unsolved symbol in de.uka.ilkd.key.java.JavaParserFactory$DynamicTypeSolver@39ac9725 : java.lang.Object
	at com.github.javaparser.resolution.TypeSolver.solveType(TypeSolver.java:71)

101670     ERROR Test worker     d.u.i.k.n.b.AbstractBuilder  com.github.javaparser.resolution.UnsolvedSymbolException: Unsolved symbol in de.uka.ilkd.key.java.JavaParserFactory$DynamicTypeSolver@39ac9725 : java.lang.Object
	at com.github.javaparser.resolution.TypeSolver.solveType(TypeSolver.java:71)

101670     ERROR Test worker     d.u.i.k.n.b.TacletPBuilder Error in parsing taclet. de.uka.ilkd.key.util.parsing.BuildingException: Unsolved symbol in de.uka.ilkd.key.java.JavaParserFactory$DynamicTypeSolver@39ac9725 : java.lang.Object at file:/D:/a/key/key/key.core/build/resources/main/de/uka/ilkd/key/proof/rules/bigint.key:236:15
	at de.uka.ilkd.key.nparser.builder.AbstractBuilder.accept(AbstractBuilder.java:54)
Caused by: com.github.javaparser.resolution.UnsolvedSymbolException: Unsolved symbol in de.uka.ilkd.key.java.JavaParserFactory$DynamicTypeSolver@39ac9725 : java.lang.Object
	at com.github.javaparser.resolution.TypeSolver.solveType(TypeSolver.java:71)

101670     ERROR Test worker     d.u.i.k.n.b.AbstractBuilder  com.github.javaparser.resolution.UnsolvedSymbolException: Unsolved symbol in de.uka.ilkd.key.java.JavaParserFactory$DynamicTypeSolver@39ac9725 : java.lang.Object
	at com.github.javaparser.resolution.TypeSolver.solveType(TypeSolver.java:71)

101670     ERROR Test worker     d.u.i.k.n.b.TacletPBuilder Error in parsing taclet. de.uka.ilkd.key.util.parsing.BuildingException: Unsolved symbol in de.uka.ilkd.key.java.JavaParserFactory$DynamicTypeSolver@39ac9725 : java.lang.Object at file:/D:/a/key/key/key.core/build/resources/main/de/uka/ilkd/key/proof/rules/bigint.key:246:15
	at de.uka.ilkd.key.nparser.builder.AbstractBuilder.accept(AbstractBuilder.java:54)
Caused by: com.github.javaparser.resolution.UnsolvedSymbolException: Unsolved symbol in de.uka.ilkd.key.java.JavaParserFactory$DynamicTypeSolver@39ac9725 : java.lang.Object
	at com.github.javaparser.resolution.TypeSolver.solveType(TypeSolver.java:71)

101685     ERROR Test worker     d.u.i.k.n.b.AbstractBuilder  com.github.javaparser.resolution.UnsolvedSymbolException: Unsolved symbol in de.uka.ilkd.key.java.JavaParserFactory$DynamicTypeSolver@39ac9725 : java.lang.Object
	at com.github.javaparser.resolution.TypeSolver.solveType(TypeSolver.java:71)

101685     ERROR Test worker     d.u.i.k.n.b.TacletPBuilder Error in parsing taclet. de.uka.ilkd.key.util.parsing.BuildingException: Unsolved symbol in de.uka.ilkd.key.java.JavaParserFactory$DynamicTypeSolver@39ac9725 : java.lang.Object at file:/D:/a/key/key/key.core/build/resources/main/de/uka/ilkd/key/proof/rules/bigint.key:256:15
	at de.uka.ilkd.key.nparser.builder.AbstractBuilder.accept(AbstractBuilder.java:54)
Caused by: com.github.javaparser.resolution.UnsolvedSymbolException: Unsolved symbol in de.uka.ilkd.key.java.JavaParserFactory$DynamicTypeSolver@39ac9725 : java.lang.Object
	at com.github.javaparser.resolution.TypeSolver.solveType(TypeSolver.java:71)

101685     ERROR Test worker     d.u.i.k.n.b.AbstractBuilder  com.github.javaparser.resolution.UnsolvedSymbolException: Unsolved symbol in de.uka.ilkd.key.java.JavaParserFactory$DynamicTypeSolver@39ac9725 : java.lang.Object
	at com.github.javaparser.resolution.TypeSolver.solveType(TypeSolver.java:71)

101685     ERROR Test worker     d.u.i.k.n.b.TacletPBuilder Error in parsing taclet. de.uka.ilkd.key.util.parsing.BuildingException: Unsolved symbol in de.uka.ilkd.key.java.JavaParserFactory$DynamicTypeSolver@39ac9725 : java.lang.Object at file:/D:/a/key/key/key.core/build/resources/main/de/uka/ilkd/key/proof/rules/bigint.key:271:15
	at de.uka.ilkd.key.nparser.builder.AbstractBuilder.accept(AbstractBuilder.java:54)
Caused by: com.github.javaparser.resolution.UnsolvedSymbolException: Unsolved symbol in de.uka.ilkd.key.java.JavaParserFactory$DynamicTypeSolver@39ac9725 : java.lang.Object
	at com.github.javaparser.resolution.TypeSolver.solveType(TypeSolver.java:71)

101685     ERROR Test worker     d.u.i.k.n.b.AbstractBuilder  com.github.javaparser.resolution.UnsolvedSymbolException: Unsolved symbol in de.uka.ilkd.key.java.JavaParserFactory$DynamicTypeSolver@39ac9725 : java.lang.Object
	at com.github.javaparser.resolution.TypeSolver.solveType(TypeSolver.java:71)

101685     ERROR Test worker     d.u.i.k.n.b.TacletPBuilder Error in parsing taclet. de.uka.ilkd.key.util.parsing.BuildingException: Unsolved symbol in de.uka.ilkd.key.java.JavaParserFactory$DynamicTypeSolver@39ac9725 : java.lang.Object at file:/D:/a/key/key/key.core/build/resources/main/de/uka/ilkd/key/proof/rules/bigint.key:281:15
	at de.uka.ilkd.key.nparser.builder.AbstractBuilder.accept(AbstractBuilder.java:54)
Caused by: com.github.javaparser.resolution.UnsolvedSymbolException: Unsolved symbol in de.uka.ilkd.key.java.JavaParserFactory$DynamicTypeSolver@39ac9725 : java.lang.Object
	at com.github.javaparser.resolution.TypeSolver.solveType(TypeSolver.java:71)

101685     ERROR Test worker     d.u.i.k.n.b.AbstractBuilder  com.github.javaparser.resolution.UnsolvedSymbolException: Unsolved symbol in de.uka.ilkd.key.java.JavaParserFactory$DynamicTypeSolver@39ac9725 : java.lang.Object
	at com.github.javaparser.resolution.TypeSolver.solveType(TypeSolver.java:71)

101685     ERROR Test worker     d.u.i.k.n.b.TacletPBuilder Error in parsing taclet. de.uka.ilkd.key.util.parsing.BuildingException: Unsolved symbol in de.uka.ilkd.key.java.JavaParserFactory$DynamicTypeSolver@39ac9725 : java.lang.Object at file:/D:/a/key/key/key.core/build/resources/main/de/uka/ilkd/key/proof/rules/bigint.key:289:15
	at de.uka.ilkd.key.nparser.builder.AbstractBuilder.accept(AbstractBuilder.java:54)
Caused by: com.github.javaparser.resolution.UnsolvedSymbolException: Unsolved symbol in de.uka.ilkd.key.java.JavaParserFactory$DynamicTypeSolver@39ac9725 : java.lang.Object
	at com.github.javaparser.resolution.TypeSolver.solveType(TypeSolver.java:71)

101685     ERROR Test worker     d.u.i.k.n.b.AbstractBuilder  com.github.javaparser.resolution.UnsolvedSymbolException: Unsolved symbol in de.uka.ilkd.key.java.JavaParserFactory$DynamicTypeSolver@39ac9725 : java.lang.Object
	at com.github.javaparser.resolution.TypeSolver.solveType(TypeSolver.java:71)

101685     ERROR Test worker     d.u.i.k.n.b.TacletPBuilder Error in parsing taclet. de.uka.ilkd.key.util.parsing.BuildingException: Unsolved symbol in de.uka.ilkd.key.java.JavaParserFactory$DynamicTypeSolver@39ac9725 : java.lang.Object at file:/D:/a/key/key/key.core/build/resources/main/de/uka/ilkd/key/proof/rules/bigint.key:297:15
	at de.uka.ilkd.key.nparser.builder.AbstractBuilder.accept(AbstractBuilder.java:54)
Caused by: com.github.javaparser.resolution.UnsolvedSymbolException: Unsolved symbol in de.uka.ilkd.key.java.JavaParserFactory$DynamicTypeSolver@39ac9725 : java.lang.Object
	at com.github.javaparser.resolution.TypeSolver.solveType(TypeSolver.java:71)

101685     ERROR Test worker     d.u.i.k.n.b.AbstractBuilder  com.github.javaparser.resolution.UnsolvedSymbolException: Unsolved symbol in de.uka.ilkd.key.java.JavaParserFactory$DynamicTypeSolver@39ac9725 : java.lang.Object
	at com.github.javaparser.resolution.TypeSolver.solveType(TypeSolver.java:71)

101685     ERROR Test worker     d.u.i.k.n.b.TacletPBuilder Error in parsing taclet. de.uka.ilkd.key.util.parsing.BuildingException: Unsolved symbol in de.uka.ilkd.key.java.JavaParserFactory$DynamicTypeSolver@39ac9725 : java.lang.Object at file:/D:/a/key/key/key.core/build/resources/main/de/uka/ilkd/key/proof/rules/bigint.key:308:15
	at de.uka.ilkd.key.nparser.builder.AbstractBuilder.accept(AbstractBuilder.java:54)
Caused by: com.github.javaparser.resolution.UnsolvedSymbolException: Unsolved symbol in de.uka.ilkd.key.java.JavaParserFactory$DynamicTypeSolver@39ac9725 : java.lang.Object
	at com.github.javaparser.resolution.TypeSolver.solveType(TypeSolver.java:71)

101701     ERROR Test worker     d.u.i.k.n.b.AbstractBuilder  com.github.javaparser.resolution.UnsolvedSymbolException: Unsolved symbol in de.uka.ilkd.key.java.JavaParserFactory$DynamicTypeSolver@39ac9725 : java.lang.Object
	at com.github.javaparser.resolution.TypeSolver.solveType(TypeSolver.java:71)

101701     ERROR Test worker     d.u.i.k.n.b.TacletPBuilder Error in parsing taclet. de.uka.ilkd.key.util.parsing.BuildingException: Unsolved symbol in de.uka.ilkd.key.java.JavaParserFactory$DynamicTypeSolver@39ac9725 : java.lang.Object at file:/D:/a/key/key/key.core/build/resources/main/de/uka/ilkd/key/proof/rules/adtProgramDecompositionRules.key:17:15
	at de.uka.ilkd.key.nparser.builder.AbstractBuilder.accept(AbstractBuilder.java:54)
Caused by: com.github.javaparser.resolution.UnsolvedSymbolException: Unsolved symbol in de.uka.ilkd.key.java.JavaParserFactory$DynamicTypeSolver@39ac9725 : java.lang.Object
	at com.github.javaparser.resolution.TypeSolver.solveType(TypeSolver.java:71)

101701     ERROR Test worker     d.u.i.k.n.b.TacletPBuilder Override: #v (program Variable) #v (program Variable) 
101701     ERROR Test worker     d.u.i.k.n.b.TacletPBuilder Override: post (formula) post (formula) 
101701     ERROR Test worker     d.u.i.k.n.b.AbstractBuilder  com.github.javaparser.resolution.UnsolvedSymbolException: Unsolved symbol in de.uka.ilkd.key.java.JavaParserFactory$DynamicTypeSolver@39ac9725 : java.lang.Object
	at com.github.javaparser.resolution.TypeSolver.solveType(TypeSolver.java:71)

101701     ERROR Test worker     d.u.i.k.n.b.TacletPBuilder Error in parsing taclet. de.uka.ilkd.key.util.parsing.BuildingException: Unsolved symbol in de.uka.ilkd.key.java.JavaParserFactory$DynamicTypeSolver@39ac9725 : java.lang.Object at file:/D:/a/key/key/key.core/build/resources/main/de/uka/ilkd/key/proof/rules/adtProgramDecompositionRules.key:30:15
	at de.uka.ilkd.key.nparser.builder.AbstractBuilder.accept(AbstractBuilder.java:54)
Caused by: com.github.javaparser.resolution.UnsolvedSymbolException: Unsolved symbol in de.uka.ilkd.key.java.JavaParserFactory$DynamicTypeSolver@39ac9725 : java.lang.Object
	at com.github.javaparser.resolution.TypeSolver.solveType(TypeSolver.java:71)

101701     ERROR Test worker     d.u.i.k.n.b.TacletPBuilder Override: #v (program Variable) #v (program Variable) 
101701     ERROR Test worker     d.u.i.k.n.b.TacletPBuilder Override: #vLeftNew (program Variable) #vLeftNew (program Variable) 
101701     ERROR Test worker     d.u.i.k.n.b.TacletPBuilder Override: #nseLeft (program NonSimpleExpression) #nseLeft (program NonSimpleExpression) 
101701     ERROR Test worker     d.u.i.k.n.b.TacletPBuilder Override: #eRight (program Expression) #eRight (program Expression) 
101701     ERROR Test worker     d.u.i.k.n.b.TacletPBuilder Override: post (formula) post (formula) 
101701     ERROR Test worker     d.u.i.k.n.b.AbstractBuilder  com.github.javaparser.resolution.UnsolvedSymbolException: Unsolved symbol in de.uka.ilkd.key.java.JavaParserFactory$DynamicTypeSolver@39ac9725 : java.lang.Object
	at com.github.javaparser.resolution.TypeSolver.solveType(TypeSolver.java:71)

101701     ERROR Test worker     d.u.i.k.n.b.TacletPBuilder Error in parsing taclet. de.uka.ilkd.key.util.parsing.BuildingException: Unsolved symbol in de.uka.ilkd.key.java.JavaParserFactory$DynamicTypeSolver@39ac9725 : java.lang.Object at file:/D:/a/key/key/key.core/build/resources/main/de/uka/ilkd/key/proof/rules/adtProgramDecompositionRules.key:43:15
	at de.uka.ilkd.key.nparser.builder.AbstractBuilder.accept(AbstractBuilder.java:54)
Caused by: com.github.javaparser.resolution.UnsolvedSymbolException: Unsolved symbol in de.uka.ilkd.key.java.JavaParserFactory$DynamicTypeSolver@39ac9725 : java.lang.Object
	at com.github.javaparser.resolution.TypeSolver.solveType(TypeSolver.java:71)

101701     ERROR Test worker     d.u.i.k.n.b.TacletPBuilder Override: #v (program Variable) #v (program Variable) 
101701     ERROR Test worker     d.u.i.k.n.b.TacletPBuilder Override: #vRightNew (program Variable) #vRightNew (program Variable) 
101701     ERROR Test worker     d.u.i.k.n.b.TacletPBuilder Override: #seLeft (program SimpleExpression) #seLeft (program SimpleExpression) 
101701     ERROR Test worker     d.u.i.k.n.b.TacletPBuilder Override: #nseRight (program NonSimpleExpression) #nseRight (program NonSimpleExpression) 
101701     ERROR Test worker     d.u.i.k.n.b.TacletPBuilder Override: post (formula) post (formula) 
101701     ERROR Test worker     d.u.i.k.n.b.AbstractBuilder  com.github.javaparser.resolution.UnsolvedSymbolException: Unsolved symbol in de.uka.ilkd.key.java.JavaParserFactory$DynamicTypeSolver@39ac9725 : java.lang.Object
	at com.github.javaparser.resolution.TypeSolver.solveType(TypeSolver.java:71)

101701     ERROR Test worker     d.u.i.k.n.b.TacletPBuilder Error in parsing taclet. de.uka.ilkd.key.util.parsing.BuildingException: Unsolved symbol in de.uka.ilkd.key.java.JavaParserFactory$DynamicTypeSolver@39ac9725 : java.lang.Object at file:/D:/a/key/key/key.core/build/resources/main/de/uka/ilkd/key/proof/rules/adtProgramDecompositionRules.key:56:15
	at de.uka.ilkd.key.nparser.builder.AbstractBuilder.accept(AbstractBuilder.java:54)
Caused by: com.github.javaparser.resolution.UnsolvedSymbolException: Unsolved symbol in de.uka.ilkd.key.java.JavaParserFactory$DynamicTypeSolver@39ac9725 : java.lang.Object
	at com.github.javaparser.resolution.TypeSolver.solveType(TypeSolver.java:71)

101701     ERROR Test worker     d.u.i.k.n.b.TacletPBuilder Override: #v (program Variable) #v (program Variable) 
101701     ERROR Test worker     d.u.i.k.n.b.TacletPBuilder Override: #vLeftNew (program Variable) #vLeftNew (program Variable) 
101701     ERROR Test worker     d.u.i.k.n.b.TacletPBuilder Override: #nseLeft (program NonSimpleExpression) #nseLeft (program NonSimpleExpression) 
101701     ERROR Test worker     d.u.i.k.n.b.TacletPBuilder Override: #eRight (program Expression) #eRight (program Expression) 
101701     ERROR Test worker     d.u.i.k.n.b.TacletPBuilder Override: post (formula) post (formula) 
101701     ERROR Test worker     d.u.i.k.n.b.AbstractBuilder  com.github.javaparser.resolution.UnsolvedSymbolException: Unsolved symbol in de.uka.ilkd.key.java.JavaParserFactory$DynamicTypeSolver@39ac9725 : java.lang.Object
	at com.github.javaparser.resolution.TypeSolver.solveType(TypeSolver.java:71)

101701     ERROR Test worker     d.u.i.k.n.b.TacletPBuilder Error in parsing taclet. de.uka.ilkd.key.util.parsing.BuildingException: Unsolved symbol in de.uka.ilkd.key.java.JavaParserFactory$DynamicTypeSolver@39ac9725 : java.lang.Object at file:/D:/a/key/key/key.core/build/resources/main/de/uka/ilkd/key/proof/rules/adtProgramDecompositionRules.key:69:15
	at de.uka.ilkd.key.nparser.builder.AbstractBuilder.accept(AbstractBuilder.java:54)
Caused by: com.github.javaparser.resolution.UnsolvedSymbolException: Unsolved symbol in de.uka.ilkd.key.java.JavaParserFactory$DynamicTypeSolver@39ac9725 : java.lang.Object
	at com.github.javaparser.resolution.TypeSolver.solveType(TypeSolver.java:71)

101701     ERROR Test worker     d.u.i.k.n.b.TacletPBuilder Override: #v (program Variable) #v (program Variable) 
101701     ERROR Test worker     d.u.i.k.n.b.TacletPBuilder Override: #vRightNew (program Variable) #vRightNew (program Variable) 
101701     ERROR Test worker     d.u.i.k.n.b.TacletPBuilder Override: #seLeft (program SimpleExpression) #seLeft (program SimpleExpression) 
101701     ERROR Test worker     d.u.i.k.n.b.TacletPBuilder Override: #nseRight (program NonSimpleExpression) #nseRight (program NonSimpleExpression) 
101701     ERROR Test worker     d.u.i.k.n.b.TacletPBuilder Override: post (formula) post (formula) 
101717     ERROR Test worker     d.u.i.k.n.b.AbstractBuilder  com.github.javaparser.resolution.UnsolvedSymbolException: Unsolved symbol in de.uka.ilkd.key.java.JavaParserFactory$DynamicTypeSolver@39ac9725 : java.lang.Object
	at com.github.javaparser.resolution.TypeSolver.solveType(TypeSolver.java:71)

101717     ERROR Test worker     d.u.i.k.n.b.TacletPBuilder Error in parsing taclet. de.uka.ilkd.key.util.parsing.BuildingException: Unsolved symbol in de.uka.ilkd.key.java.JavaParserFactory$DynamicTypeSolver@39ac9725 : java.lang.Object at file:/D:/a/key/key/key.core/build/resources/main/de/uka/ilkd/key/proof/rules/adtProgramDecompositionRules.key:82:15
	at de.uka.ilkd.key.nparser.builder.AbstractBuilder.accept(AbstractBuilder.java:54)
Caused by: com.github.javaparser.resolution.UnsolvedSymbolException: Unsolved symbol in de.uka.ilkd.key.java.JavaParserFactory$DynamicTypeSolver@39ac9725 : java.lang.Object
	at com.github.javaparser.resolution.TypeSolver.solveType(TypeSolver.java:71)

101717     ERROR Test worker     d.u.i.k.n.b.TacletPBuilder Override: #v (program Variable) #v (program Variable) 
101717     ERROR Test worker     d.u.i.k.n.b.TacletPBuilder Override: post (formula) post (formula) 
101717     ERROR Test worker     d.u.i.k.n.b.AbstractBuilder  com.github.javaparser.resolution.UnsolvedSymbolException: Unsolved symbol in de.uka.ilkd.key.java.JavaParserFactory$DynamicTypeSolver@39ac9725 : java.lang.Object
	at com.github.javaparser.resolution.TypeSolver.solveType(TypeSolver.java:71)

101717     ERROR Test worker     d.u.i.k.n.b.TacletPBuilder Error in parsing taclet. de.uka.ilkd.key.util.parsing.BuildingException: Unsolved symbol in de.uka.ilkd.key.java.JavaParserFactory$DynamicTypeSolver@39ac9725 : java.lang.Object at file:/D:/a/key/key/key.core/build/resources/main/de/uka/ilkd/key/proof/rules/adtProgramDecompositionRules.key:94:15
	at de.uka.ilkd.key.nparser.builder.AbstractBuilder.accept(AbstractBuilder.java:54)
Caused by: com.github.javaparser.resolution.UnsolvedSymbolException: Unsolved symbol in de.uka.ilkd.key.java.JavaParserFactory$DynamicTypeSolver@39ac9725 : java.lang.Object
	at com.github.javaparser.resolution.TypeSolver.solveType(TypeSolver.java:71)

101717     ERROR Test worker     d.u.i.k.n.b.TacletPBuilder Override: #v (program Variable) #v (program Variable) 
101717     ERROR Test worker     d.u.i.k.n.b.TacletPBuilder Override: #a (program Variable) #a (program Variable) 
101717     ERROR Test worker     d.u.i.k.n.b.TacletPBuilder Override: post (formula) post (formula) 
101717     ERROR Test worker     d.u.i.k.n.b.AbstractBuilder  com.github.javaparser.resolution.UnsolvedSymbolException: Unsolved symbol in de.uka.ilkd.key.java.JavaParserFactory$DynamicTypeSolver@39ac9725 : java.lang.Object
	at com.github.javaparser.resolution.TypeSolver.solveType(TypeSolver.java:71)

101717     ERROR Test worker     d.u.i.k.n.b.TacletPBuilder Error in parsing taclet. de.uka.ilkd.key.util.parsing.BuildingException: Unsolved symbol in de.uka.ilkd.key.java.JavaParserFactory$DynamicTypeSolver@39ac9725 : java.lang.Object at file:/D:/a/key/key/key.core/build/resources/main/de/uka/ilkd/key/proof/rules/adtProgramDecompositionRules.key:107:15
	at de.uka.ilkd.key.nparser.builder.AbstractBuilder.accept(AbstractBuilder.java:54)
Caused by: com.github.javaparser.resolution.UnsolvedSymbolException: Unsolved symbol in de.uka.ilkd.key.java.JavaParserFactory$DynamicTypeSolver@39ac9725 : java.lang.Object
	at com.github.javaparser.resolution.TypeSolver.solveType(TypeSolver.java:71)

101717     ERROR Test worker     d.u.i.k.n.b.TacletPBuilder Override: #v (program Variable) #v (program Variable) 
101717     ERROR Test worker     d.u.i.k.n.b.TacletPBuilder Override: #a (program Variable) #a (program Variable) 
101717     ERROR Test worker     d.u.i.k.n.b.TacletPBuilder Override: post (formula) post (formula) 
101717     ERROR Test worker     d.u.i.k.n.b.AbstractBuilder  com.github.javaparser.resolution.UnsolvedSymbolException: Unsolved symbol in de.uka.ilkd.key.java.JavaParserFactory$DynamicTypeSolver@39ac9725 : java.lang.Object
	at com.github.javaparser.resolution.TypeSolver.solveType(TypeSolver.java:71)

101717     ERROR Test worker     d.u.i.k.n.b.TacletPBuilder Error in parsing taclet. de.uka.ilkd.key.util.parsing.BuildingException: Unsolved symbol in de.uka.ilkd.key.java.JavaParserFactory$DynamicTypeSolver@39ac9725 : java.lang.Object at file:/D:/a/key/key/key.core/build/resources/main/de/uka/ilkd/key/proof/rules/adtProgramDecompositionRules.key:119:15
	at de.uka.ilkd.key.nparser.builder.AbstractBuilder.accept(AbstractBuilder.java:54)
Caused by: com.github.javaparser.resolution.UnsolvedSymbolException: Unsolved symbol in de.uka.ilkd.key.java.JavaParserFactory$DynamicTypeSolver@39ac9725 : java.lang.Object
	at com.github.javaparser.resolution.TypeSolver.solveType(TypeSolver.java:71)

101717     ERROR Test worker     d.u.i.k.n.b.TacletPBuilder Override: #v (program Variable) #v (program Variable) 
101717     ERROR Test worker     d.u.i.k.n.b.TacletPBuilder Override: #vObjNew (program Variable) #vObjNew (program Variable) 
101717     ERROR Test worker     d.u.i.k.n.b.TacletPBuilder Override: #nseObj (program NonSimpleExpression) #nseObj (program NonSimpleExpression) 
101717     ERROR Test worker     d.u.i.k.n.b.TacletPBuilder Override: post (formula) post (formula) 
101717     ERROR Test worker     d.u.i.k.n.b.AbstractBuilder  com.github.javaparser.resolution.UnsolvedSymbolException: Unsolved symbol in de.uka.ilkd.key.java.JavaParserFactory$DynamicTypeSolver@39ac9725 : java.lang.Object
	at com.github.javaparser.resolution.TypeSolver.solveType(TypeSolver.java:71)

101717     ERROR Test worker     d.u.i.k.n.b.TacletPBuilder Error in parsing taclet. de.uka.ilkd.key.util.parsing.BuildingException: Unsolved symbol in de.uka.ilkd.key.java.JavaParserFactory$DynamicTypeSolver@39ac9725 : java.lang.Object at file:/D:/a/key/key/key.core/build/resources/main/de/uka/ilkd/key/proof/rules/adtProgramDecompositionRules.key:131:15
	at de.uka.ilkd.key.nparser.builder.AbstractBuilder.accept(AbstractBuilder.java:54)
Caused by: com.github.javaparser.resolution.UnsolvedSymbolException: Unsolved symbol in de.uka.ilkd.key.java.JavaParserFactory$DynamicTypeSolver@39ac9725 : java.lang.Object
	at com.github.javaparser.resolution.TypeSolver.solveType(TypeSolver.java:71)

101717     ERROR Test worker     d.u.i.k.n.b.TacletPBuilder Override: #v (program Variable) #v (program Variable) 
101717     ERROR Test worker     d.u.i.k.n.b.TacletPBuilder Override: #vLeftNew (program Variable) #vLeftNew (program Variable) 
101717     ERROR Test worker     d.u.i.k.n.b.TacletPBuilder Override: #nseLeft (program NonSimpleExpression) #nseLeft (program NonSimpleExpression) 
101717     ERROR Test worker     d.u.i.k.n.b.TacletPBuilder Override: #eRight (program Expression) #eRight (program Expression) 
101717     ERROR Test worker     d.u.i.k.n.b.TacletPBuilder Override: post (formula) post (formula) 
101717     ERROR Test worker     d.u.i.k.n.b.AbstractBuilder  com.github.javaparser.resolution.UnsolvedSymbolException: Unsolved symbol in de.uka.ilkd.key.java.JavaParserFactory$DynamicTypeSolver@39ac9725 : java.lang.Object
	at com.github.javaparser.resolution.TypeSolver.solveType(TypeSolver.java:71)

101717     ERROR Test worker     d.u.i.k.n.b.TacletPBuilder Error in parsing taclet. de.uka.ilkd.key.util.parsing.BuildingException: Unsolved symbol in de.uka.ilkd.key.java.JavaParserFactory$DynamicTypeSolver@39ac9725 : java.lang.Object at file:/D:/a/key/key/key.core/build/resources/main/de/uka/ilkd/key/proof/rules/adtProgramDecompositionRules.key:150:15
	at de.uka.ilkd.key.nparser.builder.AbstractBuilder.accept(AbstractBuilder.java:54)
Caused by: com.github.javaparser.resolution.UnsolvedSymbolException: Unsolved symbol in de.uka.ilkd.key.java.JavaParserFactory$DynamicTypeSolver@39ac9725 : java.lang.Object
	at com.github.javaparser.resolution.TypeSolver.solveType(TypeSolver.java:71)

101717     ERROR Test worker     d.u.i.k.n.b.TacletPBuilder Override: #v (program Variable) #v (program Variable) 
101717     ERROR Test worker     d.u.i.k.n.b.TacletPBuilder Override: #vRightNew (program Variable) #vRightNew (program Variable) 
101717     ERROR Test worker     d.u.i.k.n.b.TacletPBuilder Override: #seLeft (program SimpleExpression) #seLeft (program SimpleExpression) 
101717     ERROR Test worker     d.u.i.k.n.b.TacletPBuilder Override: #nseRight (program NonSimpleExpression) #nseRight (program NonSimpleExpression) 
101717     ERROR Test worker     d.u.i.k.n.b.TacletPBuilder Override: post (formula) post (formula) 
101717     ERROR Test worker     d.u.i.k.n.b.AbstractBuilder  com.github.javaparser.resolution.UnsolvedSymbolException: Unsolved symbol in de.uka.ilkd.key.java.JavaParserFactory$DynamicTypeSolver@39ac9725 : java.lang.Object
	at com.github.javaparser.resolution.TypeSolver.solveType(TypeSolver.java:71)

101717     ERROR Test worker     d.u.i.k.n.b.TacletPBuilder Error in parsing taclet. de.uka.ilkd.key.util.parsing.BuildingException: Unsolved symbol in de.uka.ilkd.key.java.JavaParserFactory$DynamicTypeSolver@39ac9725 : java.lang.Object at file:/D:/a/key/key/key.core/build/resources/main/de/uka/ilkd/key/proof/rules/adtProgramDecompositionRules.key:163:15
	at de.uka.ilkd.key.nparser.builder.AbstractBuilder.accept(AbstractBuilder.java:54)
Caused by: com.github.javaparser.resolution.UnsolvedSymbolException: Unsolved symbol in de.uka.ilkd.key.java.JavaParserFactory$DynamicTypeSolver@39ac9725 : java.lang.Object
	at com.github.javaparser.resolution.TypeSolver.solveType(TypeSolver.java:71)

101717     ERROR Test worker     d.u.i.k.n.b.TacletPBuilder Override: #v (program Variable) #v (program Variable) 
101717     ERROR Test worker     d.u.i.k.n.b.TacletPBuilder Override: #vLeftNew (program Variable) #vLeftNew (program Variable) 
101717     ERROR Test worker     d.u.i.k.n.b.TacletPBuilder Override: #nseLeft (program NonSimpleExpression) #nseLeft (program NonSimpleExpression) 
101717     ERROR Test worker     d.u.i.k.n.b.TacletPBuilder Override: #eRight (program Expression) #eRight (program Expression) 
101717     ERROR Test worker     d.u.i.k.n.b.TacletPBuilder Override: post (formula) post (formula) 
101717     ERROR Test worker     d.u.i.k.n.b.AbstractBuilder  com.github.javaparser.resolution.UnsolvedSymbolException: Unsolved symbol in de.uka.ilkd.key.java.JavaParserFactory$DynamicTypeSolver@39ac9725 : java.lang.Object
	at com.github.javaparser.resolution.TypeSolver.solveType(TypeSolver.java:71)

101717     ERROR Test worker     d.u.i.k.n.b.TacletPBuilder Error in parsing taclet. de.uka.ilkd.key.util.parsing.BuildingException: Unsolved symbol in de.uka.ilkd.key.java.JavaParserFactory$DynamicTypeSolver@39ac9725 : java.lang.Object at file:/D:/a/key/key/key.core/build/resources/main/de/uka/ilkd/key/proof/rules/adtProgramDecompositionRules.key:176:15
	at de.uka.ilkd.key.nparser.builder.AbstractBuilder.accept(AbstractBuilder.java:54)
Caused by: com.github.javaparser.resolution.UnsolvedSymbolException: Unsolved symbol in de.uka.ilkd.key.java.JavaParserFactory$DynamicTypeSolver@39ac9725 : java.lang.Object
	at com.github.javaparser.resolution.TypeSolver.solveType(TypeSolver.java:71)

101732     ERROR Test worker     d.u.i.k.n.b.TacletPBuilder Override: #v (program Variable) #v (program Variable) 
101732     ERROR Test worker     d.u.i.k.n.b.TacletPBuilder Override: #vRightNew (program Variable) #vRightNew (program Variable) 
101732     ERROR Test worker     d.u.i.k.n.b.TacletPBuilder Override: #seLeft (program SimpleExpression) #seLeft (program SimpleExpression) 
101732     ERROR Test worker     d.u.i.k.n.b.TacletPBuilder Override: #nseRight (program NonSimpleExpression) #nseRight (program NonSimpleExpression) 
101732     ERROR Test worker     d.u.i.k.n.b.TacletPBuilder Override: post (formula) post (formula) 
101732     ERROR Test worker     d.u.i.k.n.b.AbstractBuilder  com.github.javaparser.resolution.UnsolvedSymbolException: Unsolved symbol in de.uka.ilkd.key.java.JavaParserFactory$DynamicTypeSolver@39ac9725 : java.lang.Object
	at com.github.javaparser.resolution.TypeSolver.solveType(TypeSolver.java:71)

101732     ERROR Test worker     d.u.i.k.n.b.TacletPBuilder Error in parsing taclet. de.uka.ilkd.key.util.parsing.BuildingException: Unsolved symbol in de.uka.ilkd.key.java.JavaParserFactory$DynamicTypeSolver@39ac9725 : java.lang.Object at file:/D:/a/key/key/key.core/build/resources/main/de/uka/ilkd/key/proof/rules/adtProgramDecompositionRules.key:189:15
	at de.uka.ilkd.key.nparser.builder.AbstractBuilder.accept(AbstractBuilder.java:54)
Caused by: com.github.javaparser.resolution.UnsolvedSymbolException: Unsolved symbol in de.uka.ilkd.key.java.JavaParserFactory$DynamicTypeSolver@39ac9725 : java.lang.Object
	at com.github.javaparser.resolution.TypeSolver.solveType(TypeSolver.java:71)

101732     ERROR Test worker     d.u.i.k.n.b.TacletPBuilder Override: #v (program Variable) #v (program Variable) 
101732     ERROR Test worker     d.u.i.k.n.b.TacletPBuilder Override: #vLeftNew (program Variable) #vLeftNew (program Variable) 
101732     ERROR Test worker     d.u.i.k.n.b.TacletPBuilder Override: #nseLeft (program NonSimpleExpression) #nseLeft (program NonSimpleExpression) 
101732     ERROR Test worker     d.u.i.k.n.b.TacletPBuilder Override: #eRight (program Expression) #eRight (program Expression) 
101732     ERROR Test worker     d.u.i.k.n.b.TacletPBuilder Override: post (formula) post (formula) 
101732     ERROR Test worker     d.u.i.k.n.b.AbstractBuilder  com.github.javaparser.resolution.UnsolvedSymbolException: Unsolved symbol in de.uka.ilkd.key.java.JavaParserFactory$DynamicTypeSolver@39ac9725 : java.lang.Object
	at com.github.javaparser.resolution.TypeSolver.solveType(TypeSolver.java:71)

101732     ERROR Test worker     d.u.i.k.n.b.TacletPBuilder Error in parsing taclet. de.uka.ilkd.key.util.parsing.BuildingException: Unsolved symbol in de.uka.ilkd.key.java.JavaParserFactory$DynamicTypeSolver@39ac9725 : java.lang.Object at file:/D:/a/key/key/key.core/build/resources/main/de/uka/ilkd/key/proof/rules/adtProgramDecompositionRules.key:202:15
	at de.uka.ilkd.key.nparser.builder.AbstractBuilder.accept(AbstractBuilder.java:54)
Caused by: com.github.javaparser.resolution.UnsolvedSymbolException: Unsolved symbol in de.uka.ilkd.key.java.JavaParserFactory$DynamicTypeSolver@39ac9725 : java.lang.Object
	at com.github.javaparser.resolution.TypeSolver.solveType(TypeSolver.java:71)

101732     ERROR Test worker     d.u.i.k.n.b.TacletPBuilder Override: #v (program Variable) #v (program Variable) 
101732     ERROR Test worker     d.u.i.k.n.b.TacletPBuilder Override: #vRightNew (program Variable) #vRightNew (program Variable) 
101732     ERROR Test worker     d.u.i.k.n.b.TacletPBuilder Override: #seLeft (program SimpleExpression) #seLeft (program SimpleExpression) 
101732     ERROR Test worker     d.u.i.k.n.b.TacletPBuilder Override: #nseRight (program NonSimpleExpression) #nseRight (program NonSimpleExpression) 
101732     ERROR Test worker     d.u.i.k.n.b.TacletPBuilder Override: post (formula) post (formula) 
101732     ERROR Test worker     d.u.i.k.n.b.AbstractBuilder  com.github.javaparser.resolution.UnsolvedSymbolException: Unsolved symbol in de.uka.ilkd.key.java.JavaParserFactory$DynamicTypeSolver@39ac9725 : java.lang.Object
	at com.github.javaparser.resolution.TypeSolver.solveType(TypeSolver.java:71)

101732     ERROR Test worker     d.u.i.k.n.b.TacletPBuilder Error in parsing taclet. de.uka.ilkd.key.util.parsing.BuildingException: Unsolved symbol in de.uka.ilkd.key.java.JavaParserFactory$DynamicTypeSolver@39ac9725 : java.lang.Object at file:/D:/a/key/key/key.core/build/resources/main/de/uka/ilkd/key/proof/rules/adtProgramDecompositionRules.key:215:15
	at de.uka.ilkd.key.nparser.builder.AbstractBuilder.accept(AbstractBuilder.java:54)
Caused by: com.github.javaparser.resolution.UnsolvedSymbolException: Unsolved symbol in de.uka.ilkd.key.java.JavaParserFactory$DynamicTypeSolver@39ac9725 : java.lang.Object
	at com.github.javaparser.resolution.TypeSolver.solveType(TypeSolver.java:71)

101732     ERROR Test worker     d.u.i.k.n.b.TacletPBuilder Override: #v (program Variable) #v (program Variable) 
101732     ERROR Test worker     d.u.i.k.n.b.TacletPBuilder Override: #vLeftNew (program Variable) #vLeftNew (program Variable) 
101732     ERROR Test worker     d.u.i.k.n.b.TacletPBuilder Override: #nseLeft (program NonSimpleExpression) #nseLeft (program NonSimpleExpression) 
101732     ERROR Test worker     d.u.i.k.n.b.TacletPBuilder Override: #eRight (program Expression) #eRight (program Expression) 
101732     ERROR Test worker     d.u.i.k.n.b.TacletPBuilder Override: post (formula) post (formula) 
101732     ERROR Test worker     d.u.i.k.n.b.AbstractBuilder  com.github.javaparser.resolution.UnsolvedSymbolException: Unsolved symbol in de.uka.ilkd.key.java.JavaParserFactory$DynamicTypeSolver@39ac9725 : java.lang.Object
	at com.github.javaparser.resolution.TypeSolver.solveType(TypeSolver.java:71)

101732     ERROR Test worker     d.u.i.k.n.b.TacletPBuilder Error in parsing taclet. de.uka.ilkd.key.util.parsing.BuildingException: Unsolved symbol in de.uka.ilkd.key.java.JavaParserFactory$DynamicTypeSolver@39ac9725 : java.lang.Object at file:/D:/a/key/key/key.core/build/resources/main/de/uka/ilkd/key/proof/rules/adtProgramDecompositionRules.key:228:15
	at de.uka.ilkd.key.nparser.builder.AbstractBuilder.accept(AbstractBuilder.java:54)
Caused by: com.github.javaparser.resolution.UnsolvedSymbolException: Unsolved symbol in de.uka.ilkd.key.java.JavaParserFactory$DynamicTypeSolver@39ac9725 : java.lang.Object
	at com.github.javaparser.resolution.TypeSolver.solveType(TypeSolver.java:71)

101732     ERROR Test worker     d.u.i.k.n.b.TacletPBuilder Override: #v (program Variable) #v (program Variable) 
101732     ERROR Test worker     d.u.i.k.n.b.TacletPBuilder Override: #seLeft (program SimpleExpression) #seLeft (program SimpleExpression) 
101732     ERROR Test worker     d.u.i.k.n.b.TacletPBuilder Override: #eRight (program Expression) #eRight (program Expression) 
101732     ERROR Test worker     d.u.i.k.n.b.TacletPBuilder Override: post (formula) post (formula) 
101732     ERROR Test worker     d.u.i.k.n.b.AbstractBuilder  com.github.javaparser.resolution.UnsolvedSymbolException: Unsolved symbol in de.uka.ilkd.key.java.JavaParserFactory$DynamicTypeSolver@39ac9725 : java.lang.Object
	at com.github.javaparser.resolution.TypeSolver.solveType(TypeSolver.java:71)

101732     ERROR Test worker     d.u.i.k.n.b.TacletPBuilder Error in parsing taclet. de.uka.ilkd.key.util.parsing.BuildingException: Unsolved symbol in de.uka.ilkd.key.java.JavaParserFactory$DynamicTypeSolver@39ac9725 : java.lang.Object at file:/D:/a/key/key/key.core/build/resources/main/de/uka/ilkd/key/proof/rules/adtProgramDecompositionRules.key:243:15
	at de.uka.ilkd.key.nparser.builder.AbstractBuilder.accept(AbstractBuilder.java:54)
Caused by: com.github.javaparser.resolution.UnsolvedSymbolException: Unsolved symbol in de.uka.ilkd.key.java.JavaParserFactory$DynamicTypeSolver@39ac9725 : java.lang.Object
	at com.github.javaparser.resolution.TypeSolver.solveType(TypeSolver.java:71)

101732     ERROR Test worker     d.u.i.k.n.b.TacletPBuilder Override: #v (program Variable) #v (program Variable) 
101732     ERROR Test worker     d.u.i.k.n.b.TacletPBuilder Override: #vRightNew (program Variable) #vRightNew (program Variable) 
101732     ERROR Test worker     d.u.i.k.n.b.TacletPBuilder Override: #seLeft (program SimpleExpression) #seLeft (program SimpleExpression) 
101732     ERROR Test worker     d.u.i.k.n.b.TacletPBuilder Override: #nseRight (program NonSimpleExpression) #nseRight (program NonSimpleExpression) 
101732     ERROR Test worker     d.u.i.k.n.b.TacletPBuilder Override: post (formula) post (formula) 
101732     ERROR Test worker     d.u.i.k.n.b.AbstractBuilder  com.github.javaparser.resolution.UnsolvedSymbolException: Unsolved symbol in de.uka.ilkd.key.java.JavaParserFactory$DynamicTypeSolver@39ac9725 : java.lang.Object
	at com.github.javaparser.resolution.TypeSolver.solveType(TypeSolver.java:71)

101732     ERROR Test worker     d.u.i.k.n.b.TacletPBuilder Error in parsing taclet. de.uka.ilkd.key.util.parsing.BuildingException: Unsolved symbol in de.uka.ilkd.key.java.JavaParserFactory$DynamicTypeSolver@39ac9725 : java.lang.Object at file:/D:/a/key/key/key.core/build/resources/main/de/uka/ilkd/key/proof/rules/adtProgramDecompositionRules.key:256:15
	at de.uka.ilkd.key.nparser.builder.AbstractBuilder.accept(AbstractBuilder.java:54)
Caused by: com.github.javaparser.resolution.UnsolvedSymbolException: Unsolved symbol in de.uka.ilkd.key.java.JavaParserFactory$DynamicTypeSolver@39ac9725 : java.lang.Object
	at com.github.javaparser.resolution.TypeSolver.solveType(TypeSolver.java:71)

101732     ERROR Test worker     d.u.i.k.n.b.TacletPBuilder Override: #v (program Variable) #v (program Variable) 
101732     ERROR Test worker     d.u.i.k.n.b.TacletPBuilder Override: post (formula) post (formula) 
101732     ERROR Test worker     d.u.i.k.n.b.AbstractBuilder  com.github.javaparser.resolution.UnsolvedSymbolException: Unsolved symbol in de.uka.ilkd.key.java.JavaParserFactory$DynamicTypeSolver@39ac9725 : java.lang.Object
	at com.github.javaparser.resolution.TypeSolver.solveType(TypeSolver.java:71)

101732     ERROR Test worker     d.u.i.k.n.b.TacletPBuilder Error in parsing taclet. de.uka.ilkd.key.util.parsing.BuildingException: Unsolved symbol in de.uka.ilkd.key.java.JavaParserFactory$DynamicTypeSolver@39ac9725 : java.lang.Object at file:/D:/a/key/key/key.core/build/resources/main/de/uka/ilkd/key/proof/rules/adtProgramDecompositionRules.key:268:15
	at de.uka.ilkd.key.nparser.builder.AbstractBuilder.accept(AbstractBuilder.java:54)
Caused by: com.github.javaparser.resolution.UnsolvedSymbolException: Unsolved symbol in de.uka.ilkd.key.java.JavaParserFactory$DynamicTypeSolver@39ac9725 : java.lang.Object
	at com.github.javaparser.resolution.TypeSolver.solveType(TypeSolver.java:71)

101732     ERROR Test worker     d.u.i.k.n.b.TacletPBuilder Override: #v (program Variable) #v (program Variable) 
101732     ERROR Test worker     d.u.i.k.n.b.TacletPBuilder Override: #vNew (program Variable) #vNew (program Variable) 
101748     ERROR Test worker     d.u.i.k.n.b.TacletPBuilder Override: #nse (program NonSimpleExpression) #nse (program NonSimpleExpression) 
101748     ERROR Test worker     d.u.i.k.n.b.TacletPBuilder Override: post (formula) post (formula) 
101748     ERROR Test worker     d.u.i.k.n.b.AbstractBuilder  com.github.javaparser.resolution.UnsolvedSymbolException: Unsolved symbol in de.uka.ilkd.key.java.JavaParserFactory$DynamicTypeSolver@39ac9725 : java.lang.Object
	at com.github.javaparser.resolution.TypeSolver.solveType(TypeSolver.java:71)

101748     ERROR Test worker     d.u.i.k.n.b.TacletPBuilder Error in parsing taclet. de.uka.ilkd.key.util.parsing.BuildingException: Unsolved symbol in de.uka.ilkd.key.java.JavaParserFactory$DynamicTypeSolver@39ac9725 : java.lang.Object at file:/D:/a/key/key/key.core/build/resources/main/de/uka/ilkd/key/proof/rules/adtProgramDecompositionRules.key:281:15
	at de.uka.ilkd.key.nparser.builder.AbstractBuilder.accept(AbstractBuilder.java:54)
Caused by: com.github.javaparser.resolution.UnsolvedSymbolException: Unsolved symbol in de.uka.ilkd.key.java.JavaParserFactory$DynamicTypeSolver@39ac9725 : java.lang.Object
	at com.github.javaparser.resolution.TypeSolver.solveType(TypeSolver.java:71)

101748     ERROR Test worker     d.u.i.k.n.b.TacletPBuilder Override: #v (program Variable) #v (program Variable) 
101748     ERROR Test worker     d.u.i.k.n.b.TacletPBuilder Override: #vNew (program Variable) #vNew (program Variable) 
101748     ERROR Test worker     d.u.i.k.n.b.TacletPBuilder Override: #nse (program NonSimpleExpression) #nse (program NonSimpleExpression) 
101748     ERROR Test worker     d.u.i.k.n.b.TacletPBuilder Override: post (formula) post (formula) 
101748     ERROR Test worker     d.u.i.k.n.b.AbstractBuilder  com.github.javaparser.resolution.UnsolvedSymbolException: Unsolved symbol in de.uka.ilkd.key.java.JavaParserFactory$DynamicTypeSolver@39ac9725 : java.lang.Object
	at com.github.javaparser.resolution.TypeSolver.solveType(TypeSolver.java:71)

101748     ERROR Test worker     d.u.i.k.n.b.TacletPBuilder Error in parsing taclet. de.uka.ilkd.key.util.parsing.BuildingException: Unsolved symbol in de.uka.ilkd.key.java.JavaParserFactory$DynamicTypeSolver@39ac9725 : java.lang.Object at file:/D:/a/key/key/key.core/build/resources/main/de/uka/ilkd/key/proof/rules/adtProgramDecompositionRules.key:294:15
	at de.uka.ilkd.key.nparser.builder.AbstractBuilder.accept(AbstractBuilder.java:54)
Caused by: com.github.javaparser.resolution.UnsolvedSymbolException: Unsolved symbol in de.uka.ilkd.key.java.JavaParserFactory$DynamicTypeSolver@39ac9725 : java.lang.Object
	at com.github.javaparser.resolution.TypeSolver.solveType(TypeSolver.java:71)

101857     ERROR Test worker     d.u.i.k.n.b.AbstractBuilder  com.github.javaparser.resolution.UnsolvedSymbolException: Unsolved symbol in de.uka.ilkd.key.java.JavaParserFactory$DynamicTypeSolver@39ac9725 : java.lang.Object
	at com.github.javaparser.resolution.TypeSolver.solveType(TypeSolver.java:71)

101857     ERROR Test worker     d.u.i.k.n.b.TacletPBuilder Error in parsing taclet. de.uka.ilkd.key.util.parsing.BuildingException: Unsolved symbol in de.uka.ilkd.key.java.JavaParserFactory$DynamicTypeSolver@39ac9725 : java.lang.Object at file:/D:/a/key/key/key.core/build/resources/main/de/uka/ilkd/key/proof/rules/forLoopRules.key:12:15
	at de.uka.ilkd.key.nparser.builder.AbstractBuilder.accept(AbstractBuilder.java:54)
Caused by: com.github.javaparser.resolution.UnsolvedSymbolException: Unsolved symbol in de.uka.ilkd.key.java.JavaParserFactory$DynamicTypeSolver@39ac9725 : java.lang.Object
	at com.github.javaparser.resolution.TypeSolver.solveType(TypeSolver.java:71)

101857     ERROR Test worker     d.u.i.k.n.b.AbstractBuilder  com.github.javaparser.resolution.UnsolvedSymbolException: Unsolved symbol in de.uka.ilkd.key.java.JavaParserFactory$DynamicTypeSolver@39ac9725 : java.lang.Object
	at com.github.javaparser.resolution.TypeSolver.solveType(TypeSolver.java:71)

101857     ERROR Test worker     d.u.i.k.n.b.TacletPBuilder Error in parsing taclet. de.uka.ilkd.key.util.parsing.BuildingException: Unsolved symbol in de.uka.ilkd.key.java.JavaParserFactory$DynamicTypeSolver@39ac9725 : java.lang.Object at file:/D:/a/key/key/key.core/build/resources/main/de/uka/ilkd/key/proof/rules/execRules.key:26:13
	at de.uka.ilkd.key.nparser.builder.AbstractBuilder.accept(AbstractBuilder.java:54)
Caused by: com.github.javaparser.resolution.UnsolvedSymbolException: Unsolved symbol in de.uka.ilkd.key.java.JavaParserFactory$DynamicTypeSolver@39ac9725 : java.lang.Object
	at com.github.javaparser.resolution.TypeSolver.solveType(TypeSolver.java:71)

101857     ERROR Test worker     d.u.i.k.n.b.AbstractBuilder  com.github.javaparser.resolution.UnsolvedSymbolException: Unsolved symbol in de.uka.ilkd.key.java.JavaParserFactory$DynamicTypeSolver@39ac9725 : java.lang.Object
	at com.github.javaparser.resolution.TypeSolver.solveType(TypeSolver.java:71)

101857     ERROR Test worker     d.u.i.k.n.b.TacletPBuilder Error in parsing taclet. de.uka.ilkd.key.util.parsing.BuildingException: Unsolved symbol in de.uka.ilkd.key.java.JavaParserFactory$DynamicTypeSolver@39ac9725 : java.lang.Object at file:/D:/a/key/key/key.core/build/resources/main/de/uka/ilkd/key/proof/rules/execRules.key:37:13
	at de.uka.ilkd.key.nparser.builder.AbstractBuilder.accept(AbstractBuilder.java:54)
Caused by: com.github.javaparser.resolution.UnsolvedSymbolException: Unsolved symbol in de.uka.ilkd.key.java.JavaParserFactory$DynamicTypeSolver@39ac9725 : java.lang.Object
	at com.github.javaparser.resolution.TypeSolver.solveType(TypeSolver.java:71)

101857     ERROR Test worker     d.u.i.k.n.b.AbstractBuilder  com.github.javaparser.resolution.UnsolvedSymbolException: Unsolved symbol in de.uka.ilkd.key.java.JavaParserFactory$DynamicTypeSolver@39ac9725 : java.lang.Object
	at com.github.javaparser.resolution.TypeSolver.solveType(TypeSolver.java:71)

101857     ERROR Test worker     d.u.i.k.n.b.TacletPBuilder Error in parsing taclet. de.uka.ilkd.key.util.parsing.BuildingException: Unsolved symbol in de.uka.ilkd.key.java.JavaParserFactory$DynamicTypeSolver@39ac9725 : java.lang.Object at file:/D:/a/key/key/key.core/build/resources/main/de/uka/ilkd/key/proof/rules/execRules.key:50:13
	at de.uka.ilkd.key.nparser.builder.AbstractBuilder.accept(AbstractBuilder.java:54)
Caused by: com.github.javaparser.resolution.UnsolvedSymbolException: Unsolved symbol in de.uka.ilkd.key.java.JavaParserFactory$DynamicTypeSolver@39ac9725 : java.lang.Object
	at com.github.javaparser.resolution.TypeSolver.solveType(TypeSolver.java:71)

101857     ERROR Test worker     d.u.i.k.n.b.AbstractBuilder  com.github.javaparser.resolution.UnsolvedSymbolException: Unsolved symbol in de.uka.ilkd.key.java.JavaParserFactory$DynamicTypeSolver@39ac9725 : java.lang.Object
	at com.github.javaparser.resolution.TypeSolver.solveType(TypeSolver.java:71)

101857     ERROR Test worker     d.u.i.k.n.b.TacletPBuilder Error in parsing taclet. de.uka.ilkd.key.util.parsing.BuildingException: Unsolved symbol in de.uka.ilkd.key.java.JavaParserFactory$DynamicTypeSolver@39ac9725 : java.lang.Object at file:/D:/a/key/key/key.core/build/resources/main/de/uka/ilkd/key/proof/rules/execRules.key:64:13
	at de.uka.ilkd.key.nparser.builder.AbstractBuilder.accept(AbstractBuilder.java:54)
Caused by: com.github.javaparser.resolution.UnsolvedSymbolException: Unsolved symbol in de.uka.ilkd.key.java.JavaParserFactory$DynamicTypeSolver@39ac9725 : java.lang.Object
	at com.github.javaparser.resolution.TypeSolver.solveType(TypeSolver.java:71)

101873     ERROR Test worker     d.u.i.k.n.b.AbstractBuilder  com.github.javaparser.resolution.UnsolvedSymbolException: Unsolved symbol in de.uka.ilkd.key.java.JavaParserFactory$DynamicTypeSolver@39ac9725 : java.lang.Object
	at com.github.javaparser.resolution.TypeSolver.solveType(TypeSolver.java:71)

101873     ERROR Test worker     d.u.i.k.n.b.TacletPBuilder Error in parsing taclet. de.uka.ilkd.key.util.parsing.BuildingException: Unsolved symbol in de.uka.ilkd.key.java.JavaParserFactory$DynamicTypeSolver@39ac9725 : java.lang.Object at file:/D:/a/key/key/key.core/build/resources/main/de/uka/ilkd/key/proof/rules/execRules.key:83:13
	at de.uka.ilkd.key.nparser.builder.AbstractBuilder.accept(AbstractBuilder.java:54)
Caused by: com.github.javaparser.resolution.UnsolvedSymbolException: Unsolved symbol in de.uka.ilkd.key.java.JavaParserFactory$DynamicTypeSolver@39ac9725 : java.lang.Object
	at com.github.javaparser.resolution.TypeSolver.solveType(TypeSolver.java:71)

101873     ERROR Test worker     d.u.i.k.n.b.AbstractBuilder  com.github.javaparser.resolution.UnsolvedSymbolException: Unsolved symbol in de.uka.ilkd.key.java.JavaParserFactory$DynamicTypeSolver@39ac9725 : java.lang.Object
	at com.github.javaparser.resolution.TypeSolver.solveType(TypeSolver.java:71)

101873     ERROR Test worker     d.u.i.k.n.b.TacletPBuilder Error in parsing taclet. de.uka.ilkd.key.util.parsing.BuildingException: Unsolved symbol in de.uka.ilkd.key.java.JavaParserFactory$DynamicTypeSolver@39ac9725 : java.lang.Object at file:/D:/a/key/key/key.core/build/resources/main/de/uka/ilkd/key/proof/rules/execRules.key:97:13
	at de.uka.ilkd.key.nparser.builder.AbstractBuilder.accept(AbstractBuilder.java:54)
Caused by: com.github.javaparser.resolution.UnsolvedSymbolException: Unsolved symbol in de.uka.ilkd.key.java.JavaParserFactory$DynamicTypeSolver@39ac9725 : java.lang.Object
	at com.github.javaparser.resolution.TypeSolver.solveType(TypeSolver.java:71)

101873     ERROR Test worker     d.u.i.k.n.b.AbstractBuilder  com.github.javaparser.resolution.UnsolvedSymbolException: Unsolved symbol in de.uka.ilkd.key.java.JavaParserFactory$DynamicTypeSolver@39ac9725 : java.lang.Object
	at com.github.javaparser.resolution.TypeSolver.solveType(TypeSolver.java:71)

101873     ERROR Test worker     d.u.i.k.n.b.TacletPBuilder Error in parsing taclet. de.uka.ilkd.key.util.parsing.BuildingException: Unsolved symbol in de.uka.ilkd.key.java.JavaParserFactory$DynamicTypeSolver@39ac9725 : java.lang.Object at file:/D:/a/key/key/key.core/build/resources/main/de/uka/ilkd/key/proof/rules/execRules.key:111:13
	at de.uka.ilkd.key.nparser.builder.AbstractBuilder.accept(AbstractBuilder.java:54)
Caused by: com.github.javaparser.resolution.UnsolvedSymbolException: Unsolved symbol in de.uka.ilkd.key.java.JavaParserFactory$DynamicTypeSolver@39ac9725 : java.lang.Object
	at com.github.javaparser.resolution.TypeSolver.solveType(TypeSolver.java:71)

101873     ERROR Test worker     d.u.i.k.n.b.AbstractBuilder  com.github.javaparser.resolution.UnsolvedSymbolException: Unsolved symbol in de.uka.ilkd.key.java.JavaParserFactory$DynamicTypeSolver@39ac9725 : java.lang.Object
	at com.github.javaparser.resolution.TypeSolver.solveType(TypeSolver.java:71)

101873     ERROR Test worker     d.u.i.k.n.b.TacletPBuilder Error in parsing taclet. de.uka.ilkd.key.util.parsing.BuildingException: Unsolved symbol in de.uka.ilkd.key.java.JavaParserFactory$DynamicTypeSolver@39ac9725 : java.lang.Object at file:/D:/a/key/key/key.core/build/resources/main/de/uka/ilkd/key/proof/rules/execRules.key:125:13
	at de.uka.ilkd.key.nparser.builder.AbstractBuilder.accept(AbstractBuilder.java:54)
Caused by: com.github.javaparser.resolution.UnsolvedSymbolException: Unsolved symbol in de.uka.ilkd.key.java.JavaParserFactory$DynamicTypeSolver@39ac9725 : java.lang.Object
	at com.github.javaparser.resolution.TypeSolver.solveType(TypeSolver.java:71)

101873     ERROR Test worker     d.u.i.k.n.b.AbstractBuilder  com.github.javaparser.resolution.UnsolvedSymbolException: Unsolved symbol in de.uka.ilkd.key.java.JavaParserFactory$DynamicTypeSolver@39ac9725 : java.lang.Object
	at com.github.javaparser.resolution.TypeSolver.solveType(TypeSolver.java:71)

101873     ERROR Test worker     d.u.i.k.n.b.TacletPBuilder Error in parsing taclet. de.uka.ilkd.key.util.parsing.BuildingException: Unsolved symbol in de.uka.ilkd.key.java.JavaParserFactory$DynamicTypeSolver@39ac9725 : java.lang.Object at file:/D:/a/key/key/key.core/build/resources/main/de/uka/ilkd/key/proof/rules/execRules.key:139:13
	at de.uka.ilkd.key.nparser.builder.AbstractBuilder.accept(AbstractBuilder.java:54)
Caused by: com.github.javaparser.resolution.UnsolvedSymbolException: Unsolved symbol in de.uka.ilkd.key.java.JavaParserFactory$DynamicTypeSolver@39ac9725 : java.lang.Object
	at com.github.javaparser.resolution.TypeSolver.solveType(TypeSolver.java:71)

101873     ERROR Test worker     d.u.i.k.n.b.AbstractBuilder  com.github.javaparser.resolution.UnsolvedSymbolException: Unsolved symbol in de.uka.ilkd.key.java.JavaParserFactory$DynamicTypeSolver@39ac9725 : java.lang.Object
	at com.github.javaparser.resolution.TypeSolver.solveType(TypeSolver.java:71)

101873     ERROR Test worker     d.u.i.k.n.b.TacletPBuilder Error in parsing taclet. de.uka.ilkd.key.util.parsing.BuildingException: Unsolved symbol in de.uka.ilkd.key.java.JavaParserFactory$DynamicTypeSolver@39ac9725 : java.lang.Object at file:/D:/a/key/key/key.core/build/resources/main/de/uka/ilkd/key/proof/rules/execRules.key:153:13
	at de.uka.ilkd.key.nparser.builder.AbstractBuilder.accept(AbstractBuilder.java:54)
Caused by: com.github.javaparser.resolution.UnsolvedSymbolException: Unsolved symbol in de.uka.ilkd.key.java.JavaParserFactory$DynamicTypeSolver@39ac9725 : java.lang.Object
	at com.github.javaparser.resolution.TypeSolver.solveType(TypeSolver.java:71)

101873     ERROR Test worker     d.u.i.k.n.b.AbstractBuilder  com.github.javaparser.resolution.UnsolvedSymbolException: Unsolved symbol in de.uka.ilkd.key.java.JavaParserFactory$DynamicTypeSolver@39ac9725 : java.lang.Object
	at com.github.javaparser.resolution.TypeSolver.solveType(TypeSolver.java:71)

101873     ERROR Test worker     d.u.i.k.n.b.TacletPBuilder Error in parsing taclet. de.uka.ilkd.key.util.parsing.BuildingException: Unsolved symbol in de.uka.ilkd.key.java.JavaParserFactory$DynamicTypeSolver@39ac9725 : java.lang.Object at file:/D:/a/key/key/key.core/build/resources/main/de/uka/ilkd/key/proof/rules/execRules.key:170:15
	at de.uka.ilkd.key.nparser.builder.AbstractBuilder.accept(AbstractBuilder.java:54)
Caused by: com.github.javaparser.resolution.UnsolvedSymbolException: Unsolved symbol in de.uka.ilkd.key.java.JavaParserFactory$DynamicTypeSolver@39ac9725 : java.lang.Object
	at com.github.javaparser.resolution.TypeSolver.solveType(TypeSolver.java:71)

101873     ERROR Test worker     d.u.i.k.n.b.AbstractBuilder  com.github.javaparser.resolution.UnsolvedSymbolException: Unsolved symbol in de.uka.ilkd.key.java.JavaParserFactory$DynamicTypeSolver@39ac9725 : java.lang.Object
	at com.github.javaparser.resolution.TypeSolver.solveType(TypeSolver.java:71)

101873     ERROR Test worker     d.u.i.k.n.b.TacletPBuilder Error in parsing taclet. de.uka.ilkd.key.util.parsing.BuildingException: Unsolved symbol in de.uka.ilkd.key.java.JavaParserFactory$DynamicTypeSolver@39ac9725 : java.lang.Object at file:/D:/a/key/key/key.core/build/resources/main/de/uka/ilkd/key/proof/rules/execRules.key:187:15
	at de.uka.ilkd.key.nparser.builder.AbstractBuilder.accept(AbstractBuilder.java:54)
Caused by: com.github.javaparser.resolution.UnsolvedSymbolException: Unsolved symbol in de.uka.ilkd.key.java.JavaParserFactory$DynamicTypeSolver@39ac9725 : java.lang.Object
	at com.github.javaparser.resolution.TypeSolver.solveType(TypeSolver.java:71)

101889     ERROR Test worker     d.u.i.k.n.b.AbstractBuilder  com.github.javaparser.resolution.UnsolvedSymbolException: Unsolved symbol in de.uka.ilkd.key.java.JavaParserFactory$DynamicTypeSolver@39ac9725 : java.lang.Object
	at com.github.javaparser.resolution.TypeSolver.solveType(TypeSolver.java:71)

101889     ERROR Test worker     d.u.i.k.n.b.TacletPBuilder Error in parsing taclet. de.uka.ilkd.key.util.parsing.BuildingException: Unsolved symbol in de.uka.ilkd.key.java.JavaParserFactory$DynamicTypeSolver@39ac9725 : java.lang.Object at file:/D:/a/key/key/key.core/build/resources/main/de/uka/ilkd/key/proof/rules/execRules.key:218:15
	at de.uka.ilkd.key.nparser.builder.AbstractBuilder.accept(AbstractBuilder.java:54)
Caused by: com.github.javaparser.resolution.UnsolvedSymbolException: Unsolved symbol in de.uka.ilkd.key.java.JavaParserFactory$DynamicTypeSolver@39ac9725 : java.lang.Object
	at com.github.javaparser.resolution.TypeSolver.solveType(TypeSolver.java:71)

101889     ERROR Test worker     d.u.i.k.n.b.AbstractBuilder  com.github.javaparser.resolution.UnsolvedSymbolException: Unsolved symbol in de.uka.ilkd.key.java.JavaParserFactory$DynamicTypeSolver@39ac9725 : java.lang.Object
	at com.github.javaparser.resolution.TypeSolver.solveType(TypeSolver.java:71)

101889     ERROR Test worker     d.u.i.k.n.b.TacletPBuilder Error in parsing taclet. de.uka.ilkd.key.util.parsing.BuildingException: Unsolved symbol in de.uka.ilkd.key.java.JavaParserFactory$DynamicTypeSolver@39ac9725 : java.lang.Object at file:/D:/a/key/key/key.core/build/resources/main/de/uka/ilkd/key/proof/rules/execRules.key:235:15
	at de.uka.ilkd.key.nparser.builder.AbstractBuilder.accept(AbstractBuilder.java:54)
Caused by: com.github.javaparser.resolution.UnsolvedSymbolException: Unsolved symbol in de.uka.ilkd.key.java.JavaParserFactory$DynamicTypeSolver@39ac9725 : java.lang.Object
	at com.github.javaparser.resolution.TypeSolver.solveType(TypeSolver.java:71)

101889     ERROR Test worker     d.u.i.k.n.b.AbstractBuilder  com.github.javaparser.resolution.UnsolvedSymbolException: Unsolved symbol in de.uka.ilkd.key.java.JavaParserFactory$DynamicTypeSolver@39ac9725 : java.lang.Object
	at com.github.javaparser.resolution.TypeSolver.solveType(TypeSolver.java:71)

101889     ERROR Test worker     d.u.i.k.n.b.TacletPBuilder Error in parsing taclet. de.uka.ilkd.key.util.parsing.BuildingException: Unsolved symbol in de.uka.ilkd.key.java.JavaParserFactory$DynamicTypeSolver@39ac9725 : java.lang.Object at file:/D:/a/key/key/key.core/build/resources/main/de/uka/ilkd/key/proof/rules/execRules.key:252:15
	at de.uka.ilkd.key.nparser.builder.AbstractBuilder.accept(AbstractBuilder.java:54)
Caused by: com.github.javaparser.resolution.UnsolvedSymbolException: Unsolved symbol in de.uka.ilkd.key.java.JavaParserFactory$DynamicTypeSolver@39ac9725 : java.lang.Object
	at com.github.javaparser.resolution.TypeSolver.solveType(TypeSolver.java:71)

101889     ERROR Test worker     d.u.i.k.n.b.AbstractBuilder  com.github.javaparser.resolution.UnsolvedSymbolException: Unsolved symbol in de.uka.ilkd.key.java.JavaParserFactory$DynamicTypeSolver@39ac9725 : java.lang.Object
	at com.github.javaparser.resolution.TypeSolver.solveType(TypeSolver.java:71)

101889     ERROR Test worker     d.u.i.k.n.b.TacletPBuilder Error in parsing taclet. de.uka.ilkd.key.util.parsing.BuildingException: Unsolved symbol in de.uka.ilkd.key.java.JavaParserFactory$DynamicTypeSolver@39ac9725 : java.lang.Object at file:/D:/a/key/key/key.core/build/resources/main/de/uka/ilkd/key/proof/rules/execRules.key:269:15
	at de.uka.ilkd.key.nparser.builder.AbstractBuilder.accept(AbstractBuilder.java:54)
Caused by: com.github.javaparser.resolution.UnsolvedSymbolException: Unsolved symbol in de.uka.ilkd.key.java.JavaParserFactory$DynamicTypeSolver@39ac9725 : java.lang.Object
	at com.github.javaparser.resolution.TypeSolver.solveType(TypeSolver.java:71)

101889     ERROR Test worker     d.u.i.k.n.b.AbstractBuilder  com.github.javaparser.resolution.UnsolvedSymbolException: Unsolved symbol in de.uka.ilkd.key.java.JavaParserFactory$DynamicTypeSolver@39ac9725 : java.lang.Object
	at com.github.javaparser.resolution.TypeSolver.solveType(TypeSolver.java:71)

101889     ERROR Test worker     d.u.i.k.n.b.TacletPBuilder Error in parsing taclet. de.uka.ilkd.key.util.parsing.BuildingException: Unsolved symbol in de.uka.ilkd.key.java.JavaParserFactory$DynamicTypeSolver@39ac9725 : java.lang.Object at file:/D:/a/key/key/key.core/build/resources/main/de/uka/ilkd/key/proof/rules/execRules.key:286:15
	at de.uka.ilkd.key.nparser.builder.AbstractBuilder.accept(AbstractBuilder.java:54)
Caused by: com.github.javaparser.resolution.UnsolvedSymbolException: Unsolved symbol in de.uka.ilkd.key.java.JavaParserFactory$DynamicTypeSolver@39ac9725 : java.lang.Object
	at com.github.javaparser.resolution.TypeSolver.solveType(TypeSolver.java:71)

101889     ERROR Test worker     d.u.i.k.n.b.AbstractBuilder  com.github.javaparser.resolution.UnsolvedSymbolException: Unsolved symbol in de.uka.ilkd.key.java.JavaParserFactory$DynamicTypeSolver@39ac9725 : java.lang.Object
	at com.github.javaparser.resolution.TypeSolver.solveType(TypeSolver.java:71)

101889     ERROR Test worker     d.u.i.k.n.b.TacletPBuilder Error in parsing taclet. de.uka.ilkd.key.util.parsing.BuildingException: Unsolved symbol in de.uka.ilkd.key.java.JavaParserFactory$DynamicTypeSolver@39ac9725 : java.lang.Object at file:/D:/a/key/key/key.core/build/resources/main/de/uka/ilkd/key/proof/rules/execRules.key:303:15
	at de.uka.ilkd.key.nparser.builder.AbstractBuilder.accept(AbstractBuilder.java:54)
Caused by: com.github.javaparser.resolution.UnsolvedSymbolException: Unsolved symbol in de.uka.ilkd.key.java.JavaParserFactory$DynamicTypeSolver@39ac9725 : java.lang.Object
	at com.github.javaparser.resolution.TypeSolver.solveType(TypeSolver.java:71)

101889     ERROR Test worker     d.u.i.k.n.b.AbstractBuilder  com.github.javaparser.resolution.UnsolvedSymbolException: Unsolved symbol in de.uka.ilkd.key.java.JavaParserFactory$DynamicTypeSolver@39ac9725 : java.lang.Object
	at com.github.javaparser.resolution.TypeSolver.solveType(TypeSolver.java:71)

101889     ERROR Test worker     d.u.i.k.n.b.TacletPBuilder Error in parsing taclet. de.uka.ilkd.key.util.parsing.BuildingException: Unsolved symbol in de.uka.ilkd.key.java.JavaParserFactory$DynamicTypeSolver@39ac9725 : java.lang.Object at file:/D:/a/key/key/key.core/build/resources/main/de/uka/ilkd/key/proof/rules/execRules.key:320:15
	at de.uka.ilkd.key.nparser.builder.AbstractBuilder.accept(AbstractBuilder.java:54)
Caused by: com.github.javaparser.resolution.UnsolvedSymbolException: Unsolved symbol in de.uka.ilkd.key.java.JavaParserFactory$DynamicTypeSolver@39ac9725 : java.lang.Object
	at com.github.javaparser.resolution.TypeSolver.solveType(TypeSolver.java:71)

101889     ERROR Test worker     d.u.i.k.n.b.AbstractBuilder  com.github.javaparser.resolution.UnsolvedSymbolException: Unsolved symbol in de.uka.ilkd.key.java.JavaParserFactory$DynamicTypeSolver@39ac9725 : java.lang.Object
	at com.github.javaparser.resolution.TypeSolver.solveType(TypeSolver.java:71)

101889     ERROR Test worker     d.u.i.k.n.b.TacletPBuilder Error in parsing taclet. de.uka.ilkd.key.util.parsing.BuildingException: Unsolved symbol in de.uka.ilkd.key.java.JavaParserFactory$DynamicTypeSolver@39ac9725 : java.lang.Object at file:/D:/a/key/key/key.core/build/resources/main/de/uka/ilkd/key/proof/rules/execRules.key:337:15
	at de.uka.ilkd.key.nparser.builder.AbstractBuilder.accept(AbstractBuilder.java:54)
Caused by: com.github.javaparser.resolution.UnsolvedSymbolException: Unsolved symbol in de.uka.ilkd.key.java.JavaParserFactory$DynamicTypeSolver@39ac9725 : java.lang.Object
	at com.github.javaparser.resolution.TypeSolver.solveType(TypeSolver.java:71)

101904     ERROR Test worker     d.u.i.k.n.b.AbstractBuilder  com.github.javaparser.resolution.UnsolvedSymbolException: Unsolved symbol in de.uka.ilkd.key.java.JavaParserFactory$DynamicTypeSolver@39ac9725 : java.lang.Object
	at com.github.javaparser.resolution.TypeSolver.solveType(TypeSolver.java:71)

101904     ERROR Test worker     d.u.i.k.n.b.TacletPBuilder Error in parsing taclet. de.uka.ilkd.key.util.parsing.BuildingException: Unsolved symbol in de.uka.ilkd.key.java.JavaParserFactory$DynamicTypeSolver@39ac9725 : java.lang.Object at file:/D:/a/key/key/key.core/build/resources/main/de/uka/ilkd/key/proof/rules/execRules.key:355:13
	at de.uka.ilkd.key.nparser.builder.AbstractBuilder.accept(AbstractBuilder.java:54)
Caused by: com.github.javaparser.resolution.UnsolvedSymbolException: Unsolved symbol in de.uka.ilkd.key.java.JavaParserFactory$DynamicTypeSolver@39ac9725 : java.lang.Object
	at com.github.javaparser.resolution.TypeSolver.solveType(TypeSolver.java:71)

101904     ERROR Test worker     d.u.i.k.n.b.AbstractBuilder  com.github.javaparser.resolution.UnsolvedSymbolException: Unsolved symbol in de.uka.ilkd.key.java.JavaParserFactory$DynamicTypeSolver@39ac9725 : java.lang.Object
	at com.github.javaparser.resolution.TypeSolver.solveType(TypeSolver.java:71)

101904     ERROR Test worker     d.u.i.k.n.b.TacletPBuilder Error in parsing taclet. de.uka.ilkd.key.util.parsing.BuildingException: Unsolved symbol in de.uka.ilkd.key.java.JavaParserFactory$DynamicTypeSolver@39ac9725 : java.lang.Object at file:/D:/a/key/key/key.core/build/resources/main/de/uka/ilkd/key/proof/rules/execRules.key:370:15
	at de.uka.ilkd.key.nparser.builder.AbstractBuilder.accept(AbstractBuilder.java:54)
Caused by: com.github.javaparser.resolution.UnsolvedSymbolException: Unsolved symbol in de.uka.ilkd.key.java.JavaParserFactory$DynamicTypeSolver@39ac9725 : java.lang.Object
	at com.github.javaparser.resolution.TypeSolver.solveType(TypeSolver.java:71)

101904     ERROR Test worker     d.u.i.k.n.b.AbstractBuilder  com.github.javaparser.resolution.UnsolvedSymbolException: Unsolved symbol in de.uka.ilkd.key.java.JavaParserFactory$DynamicTypeSolver@39ac9725 : java.lang.Object
	at com.github.javaparser.resolution.TypeSolver.solveType(TypeSolver.java:71)

101904     ERROR Test worker     d.u.i.k.n.b.TacletPBuilder Error in parsing taclet. de.uka.ilkd.key.util.parsing.BuildingException: Unsolved symbol in de.uka.ilkd.key.java.JavaParserFactory$DynamicTypeSolver@39ac9725 : java.lang.Object at file:/D:/a/key/key/key.core/build/resources/main/de/uka/ilkd/key/proof/rules/execRules.key:388:15
	at de.uka.ilkd.key.nparser.builder.AbstractBuilder.accept(AbstractBuilder.java:54)
Caused by: com.github.javaparser.resolution.UnsolvedSymbolException: Unsolved symbol in de.uka.ilkd.key.java.JavaParserFactory$DynamicTypeSolver@39ac9725 : java.lang.Object
	at com.github.javaparser.resolution.TypeSolver.solveType(TypeSolver.java:71)

101904     ERROR Test worker     d.u.i.k.n.b.AbstractBuilder  com.github.javaparser.resolution.UnsolvedSymbolException: Unsolved symbol in de.uka.ilkd.key.java.JavaParserFactory$DynamicTypeSolver@39ac9725 : java.lang.Object
	at com.github.javaparser.resolution.TypeSolver.solveType(TypeSolver.java:71)

101904     ERROR Test worker     d.u.i.k.n.b.TacletPBuilder Error in parsing taclet. de.uka.ilkd.key.util.parsing.BuildingException: Unsolved symbol in de.uka.ilkd.key.java.JavaParserFactory$DynamicTypeSolver@39ac9725 : java.lang.Object at file:/D:/a/key/key/key.core/build/resources/main/de/uka/ilkd/key/proof/rules/execRules.key:405:15
	at de.uka.ilkd.key.nparser.builder.AbstractBuilder.accept(AbstractBuilder.java:54)
Caused by: com.github.javaparser.resolution.UnsolvedSymbolException: Unsolved symbol in de.uka.ilkd.key.java.JavaParserFactory$DynamicTypeSolver@39ac9725 : java.lang.Object
	at com.github.javaparser.resolution.TypeSolver.solveType(TypeSolver.java:71)

101904     ERROR Test worker     d.u.i.k.n.b.AbstractBuilder  com.github.javaparser.resolution.UnsolvedSymbolException: Unsolved symbol in de.uka.ilkd.key.java.JavaParserFactory$DynamicTypeSolver@39ac9725 : java.lang.Object
	at com.github.javaparser.resolution.TypeSolver.solveType(TypeSolver.java:71)

101904     ERROR Test worker     d.u.i.k.n.b.TacletPBuilder Error in parsing taclet. de.uka.ilkd.key.util.parsing.BuildingException: Unsolved symbol in de.uka.ilkd.key.java.JavaParserFactory$DynamicTypeSolver@39ac9725 : java.lang.Object at file:/D:/a/key/key/key.core/build/resources/main/de/uka/ilkd/key/proof/rules/execRules.key:422:15
	at de.uka.ilkd.key.nparser.builder.AbstractBuilder.accept(AbstractBuilder.java:54)
Caused by: com.github.javaparser.resolution.UnsolvedSymbolException: Unsolved symbol in de.uka.ilkd.key.java.JavaParserFactory$DynamicTypeSolver@39ac9725 : java.lang.Object
	at com.github.javaparser.resolution.TypeSolver.solveType(TypeSolver.java:71)

101904     ERROR Test worker     d.u.i.k.n.b.AbstractBuilder  com.github.javaparser.resolution.UnsolvedSymbolException: Unsolved symbol in de.uka.ilkd.key.java.JavaParserFactory$DynamicTypeSolver@39ac9725 : java.lang.Object
	at com.github.javaparser.resolution.TypeSolver.solveType(TypeSolver.java:71)

101904     ERROR Test worker     d.u.i.k.n.b.TacletPBuilder Error in parsing taclet. de.uka.ilkd.key.util.parsing.BuildingException: Unsolved symbol in de.uka.ilkd.key.java.JavaParserFactory$DynamicTypeSolver@39ac9725 : java.lang.Object at file:/D:/a/key/key/key.core/build/resources/main/de/uka/ilkd/key/proof/rules/execRules.key:439:15
	at de.uka.ilkd.key.nparser.builder.AbstractBuilder.accept(AbstractBuilder.java:54)
Caused by: com.github.javaparser.resolution.UnsolvedSymbolException: Unsolved symbol in de.uka.ilkd.key.java.JavaParserFactory$DynamicTypeSolver@39ac9725 : java.lang.Object
	at com.github.javaparser.resolution.TypeSolver.solveType(TypeSolver.java:71)

101904     ERROR Test worker     d.u.i.k.n.b.AbstractBuilder  com.github.javaparser.resolution.UnsolvedSymbolException: Unsolved symbol in de.uka.ilkd.key.java.JavaParserFactory$DynamicTypeSolver@39ac9725 : java.lang.Object
	at com.github.javaparser.resolution.TypeSolver.solveType(TypeSolver.java:71)

101904     ERROR Test worker     d.u.i.k.n.b.TacletPBuilder Error in parsing taclet. de.uka.ilkd.key.util.parsing.BuildingException: Unsolved symbol in de.uka.ilkd.key.java.JavaParserFactory$DynamicTypeSolver@39ac9725 : java.lang.Object at file:/D:/a/key/key/key.core/build/resources/main/de/uka/ilkd/key/proof/rules/execRules.key:456:15
	at de.uka.ilkd.key.nparser.builder.AbstractBuilder.accept(AbstractBuilder.java:54)
Caused by: com.github.javaparser.resolution.UnsolvedSymbolException: Unsolved symbol in de.uka.ilkd.key.java.JavaParserFactory$DynamicTypeSolver@39ac9725 : java.lang.Object
	at com.github.javaparser.resolution.TypeSolver.solveType(TypeSolver.java:71)

101904     ERROR Test worker     d.u.i.k.n.b.AbstractBuilder  com.github.javaparser.resolution.UnsolvedSymbolException: Unsolved symbol in de.uka.ilkd.key.java.JavaParserFactory$DynamicTypeSolver@39ac9725 : java.lang.Object
	at com.github.javaparser.resolution.TypeSolver.solveType(TypeSolver.java:71)

101904     ERROR Test worker     d.u.i.k.n.b.TacletPBuilder Error in parsing taclet. de.uka.ilkd.key.util.parsing.BuildingException: Unsolved symbol in de.uka.ilkd.key.java.JavaParserFactory$DynamicTypeSolver@39ac9725 : java.lang.Object at file:/D:/a/key/key/key.core/build/resources/main/de/uka/ilkd/key/proof/rules/execRules.key:473:15
	at de.uka.ilkd.key.nparser.builder.AbstractBuilder.accept(AbstractBuilder.java:54)
Caused by: com.github.javaparser.resolution.UnsolvedSymbolException: Unsolved symbol in de.uka.ilkd.key.java.JavaParserFactory$DynamicTypeSolver@39ac9725 : java.lang.Object
	at com.github.javaparser.resolution.TypeSolver.solveType(TypeSolver.java:71)

101920     ERROR Test worker     d.u.i.k.n.b.AbstractBuilder  com.github.javaparser.resolution.UnsolvedSymbolException: Unsolved symbol in de.uka.ilkd.key.java.JavaParserFactory$DynamicTypeSolver@39ac9725 : java.lang.Object
	at com.github.javaparser.resolution.TypeSolver.solveType(TypeSolver.java:71)

101920     ERROR Test worker     d.u.i.k.n.b.TacletPBuilder Error in parsing taclet. de.uka.ilkd.key.util.parsing.BuildingException: Unsolved symbol in de.uka.ilkd.key.java.JavaParserFactory$DynamicTypeSolver@39ac9725 : java.lang.Object at file:/D:/a/key/key/key.core/build/resources/main/de/uka/ilkd/key/proof/rules/execRules.key:490:15
	at de.uka.ilkd.key.nparser.builder.AbstractBuilder.accept(AbstractBuilder.java:54)
Caused by: com.github.javaparser.resolution.UnsolvedSymbolException: Unsolved symbol in de.uka.ilkd.key.java.JavaParserFactory$DynamicTypeSolver@39ac9725 : java.lang.Object
	at com.github.javaparser.resolution.TypeSolver.solveType(TypeSolver.java:71)

101920     ERROR Test worker     d.u.i.k.n.b.AbstractBuilder  com.github.javaparser.resolution.UnsolvedSymbolException: Unsolved symbol in de.uka.ilkd.key.java.JavaParserFactory$DynamicTypeSolver@39ac9725 : java.lang.Object
	at com.github.javaparser.resolution.TypeSolver.solveType(TypeSolver.java:71)

101920     ERROR Test worker     d.u.i.k.n.b.TacletPBuilder Error in parsing taclet. de.uka.ilkd.key.util.parsing.BuildingException: Unsolved symbol in de.uka.ilkd.key.java.JavaParserFactory$DynamicTypeSolver@39ac9725 : java.lang.Object at file:/D:/a/key/key/key.core/build/resources/main/de/uka/ilkd/key/proof/rules/execRules.key:507:15
	at de.uka.ilkd.key.nparser.builder.AbstractBuilder.accept(AbstractBuilder.java:54)
Caused by: com.github.javaparser.resolution.UnsolvedSymbolException: Unsolved symbol in de.uka.ilkd.key.java.JavaParserFactory$DynamicTypeSolver@39ac9725 : java.lang.Object
	at com.github.javaparser.resolution.TypeSolver.solveType(TypeSolver.java:71)

101920     ERROR Test worker     d.u.i.k.n.b.AbstractBuilder  com.github.javaparser.resolution.UnsolvedSymbolException: Unsolved symbol in de.uka.ilkd.key.java.JavaParserFactory$DynamicTypeSolver@39ac9725 : java.lang.Object
	at com.github.javaparser.resolution.TypeSolver.solveType(TypeSolver.java:71)

101920     ERROR Test worker     d.u.i.k.n.b.TacletPBuilder Error in parsing taclet. de.uka.ilkd.key.util.parsing.BuildingException: Unsolved symbol in de.uka.ilkd.key.java.JavaParserFactory$DynamicTypeSolver@39ac9725 : java.lang.Object at file:/D:/a/key/key/key.core/build/resources/main/de/uka/ilkd/key/proof/rules/execRules.key:523:15
	at de.uka.ilkd.key.nparser.builder.AbstractBuilder.accept(AbstractBuilder.java:54)
Caused by: com.github.javaparser.resolution.UnsolvedSymbolException: Unsolved symbol in de.uka.ilkd.key.java.JavaParserFactory$DynamicTypeSolver@39ac9725 : java.lang.Object
	at com.github.javaparser.resolution.TypeSolver.solveType(TypeSolver.java:71)

101920     ERROR Test worker     d.u.i.k.n.b.AbstractBuilder  com.github.javaparser.resolution.UnsolvedSymbolException: Unsolved symbol in de.uka.ilkd.key.java.JavaParserFactory$DynamicTypeSolver@39ac9725 : java.lang.Object
	at com.github.javaparser.resolution.TypeSolver.solveType(TypeSolver.java:71)

101920     ERROR Test worker     d.u.i.k.n.b.TacletPBuilder Error in parsing taclet. de.uka.ilkd.key.util.parsing.BuildingException: Unsolved symbol in de.uka.ilkd.key.java.JavaParserFactory$DynamicTypeSolver@39ac9725 : java.lang.Object at file:/D:/a/key/key/key.core/build/resources/main/de/uka/ilkd/key/proof/rules/execRules.key:541:15
	at de.uka.ilkd.key.nparser.builder.AbstractBuilder.accept(AbstractBuilder.java:54)
Caused by: com.github.javaparser.resolution.UnsolvedSymbolException: Unsolved symbol in de.uka.ilkd.key.java.JavaParserFactory$DynamicTypeSolver@39ac9725 : java.lang.Object
	at com.github.javaparser.resolution.TypeSolver.solveType(TypeSolver.java:71)

101920     ERROR Test worker     d.u.i.k.n.b.AbstractBuilder  com.github.javaparser.resolution.UnsolvedSymbolException: Unsolved symbol in de.uka.ilkd.key.java.JavaParserFactory$DynamicTypeSolver@39ac9725 : java.lang.Object
	at com.github.javaparser.resolution.TypeSolver.solveType(TypeSolver.java:71)

101920     ERROR Test worker     d.u.i.k.n.b.TacletPBuilder Error in parsing taclet. de.uka.ilkd.key.util.parsing.BuildingException: Unsolved symbol in de.uka.ilkd.key.java.JavaParserFactory$DynamicTypeSolver@39ac9725 : java.lang.Object at file:/D:/a/key/key/key.core/build/resources/main/de/uka/ilkd/key/proof/rules/execRules.key:558:15
	at de.uka.ilkd.key.nparser.builder.AbstractBuilder.accept(AbstractBuilder.java:54)
Caused by: com.github.javaparser.resolution.UnsolvedSymbolException: Unsolved symbol in de.uka.ilkd.key.java.JavaParserFactory$DynamicTypeSolver@39ac9725 : java.lang.Object
	at com.github.javaparser.resolution.TypeSolver.solveType(TypeSolver.java:71)

101920     ERROR Test worker     d.u.i.k.n.b.AbstractBuilder  com.github.javaparser.resolution.UnsolvedSymbolException: Unsolved symbol in de.uka.ilkd.key.java.JavaParserFactory$DynamicTypeSolver@39ac9725 : java.lang.Object
	at com.github.javaparser.resolution.TypeSolver.solveType(TypeSolver.java:71)

101920     ERROR Test worker     d.u.i.k.n.b.TacletPBuilder Error in parsing taclet. de.uka.ilkd.key.util.parsing.BuildingException: Unsolved symbol in de.uka.ilkd.key.java.JavaParserFactory$DynamicTypeSolver@39ac9725 : java.lang.Object at file:/D:/a/key/key/key.core/build/resources/main/de/uka/ilkd/key/proof/rules/execRules.key:575:15
	at de.uka.ilkd.key.nparser.builder.AbstractBuilder.accept(AbstractBuilder.java:54)
Caused by: com.github.javaparser.resolution.UnsolvedSymbolException: Unsolved symbol in de.uka.ilkd.key.java.JavaParserFactory$DynamicTypeSolver@39ac9725 : java.lang.Object
	at com.github.javaparser.resolution.TypeSolver.solveType(TypeSolver.java:71)

101920     ERROR Test worker     d.u.i.k.n.b.AbstractBuilder  com.github.javaparser.resolution.UnsolvedSymbolException: Unsolved symbol in de.uka.ilkd.key.java.JavaParserFactory$DynamicTypeSolver@39ac9725 : java.lang.Object
	at com.github.javaparser.resolution.TypeSolver.solveType(TypeSolver.java:71)

101920     ERROR Test worker     d.u.i.k.n.b.TacletPBuilder Error in parsing taclet. de.uka.ilkd.key.util.parsing.BuildingException: Unsolved symbol in de.uka.ilkd.key.java.JavaParserFactory$DynamicTypeSolver@39ac9725 : java.lang.Object at file:/D:/a/key/key/key.core/build/resources/main/de/uka/ilkd/key/proof/rules/execRules.key:592:15
	at de.uka.ilkd.key.nparser.builder.AbstractBuilder.accept(AbstractBuilder.java:54)
Caused by: com.github.javaparser.resolution.UnsolvedSymbolException: Unsolved symbol in de.uka.ilkd.key.java.JavaParserFactory$DynamicTypeSolver@39ac9725 : java.lang.Object
	at com.github.javaparser.resolution.TypeSolver.solveType(TypeSolver.java:71)

101920     ERROR Test worker     d.u.i.k.n.b.AbstractBuilder  com.github.javaparser.resolution.UnsolvedSymbolException: Unsolved symbol in de.uka.ilkd.key.java.JavaParserFactory$DynamicTypeSolver@39ac9725 : java.lang.Object
	at com.github.javaparser.resolution.TypeSolver.solveType(TypeSolver.java:71)

101920     ERROR Test worker     d.u.i.k.n.b.TacletPBuilder Error in parsing taclet. de.uka.ilkd.key.util.parsing.BuildingException: Unsolved symbol in de.uka.ilkd.key.java.JavaParserFactory$DynamicTypeSolver@39ac9725 : java.lang.Object at file:/D:/a/key/key/key.core/build/resources/main/de/uka/ilkd/key/proof/rules/execRules.key:609:15
	at de.uka.ilkd.key.nparser.builder.AbstractBuilder.accept(AbstractBuilder.java:54)
Caused by: com.github.javaparser.resolution.UnsolvedSymbolException: Unsolved symbol in de.uka.ilkd.key.java.JavaParserFactory$DynamicTypeSolver@39ac9725 : java.lang.Object
	at com.github.javaparser.resolution.TypeSolver.solveType(TypeSolver.java:71)

101935     ERROR Test worker     d.u.i.k.n.b.AbstractBuilder  com.github.javaparser.resolution.UnsolvedSymbolException: Unsolved symbol in de.uka.ilkd.key.java.JavaParserFactory$DynamicTypeSolver@39ac9725 : java.lang.Object
	at com.github.javaparser.resolution.TypeSolver.solveType(TypeSolver.java:71)

101935     ERROR Test worker     d.u.i.k.n.b.TacletPBuilder Error in parsing taclet. de.uka.ilkd.key.util.parsing.BuildingException: Unsolved symbol in de.uka.ilkd.key.java.JavaParserFactory$DynamicTypeSolver@39ac9725 : java.lang.Object at file:/D:/a/key/key/key.core/build/resources/main/de/uka/ilkd/key/proof/rules/execRules.key:626:15
	at de.uka.ilkd.key.nparser.builder.AbstractBuilder.accept(AbstractBuilder.java:54)
Caused by: com.github.javaparser.resolution.UnsolvedSymbolException: Unsolved symbol in de.uka.ilkd.key.java.JavaParserFactory$DynamicTypeSolver@39ac9725 : java.lang.Object
	at com.github.javaparser.resolution.TypeSolver.solveType(TypeSolver.java:71)

101935     ERROR Test worker     d.u.i.k.n.b.AbstractBuilder  com.github.javaparser.resolution.UnsolvedSymbolException: Unsolved symbol in de.uka.ilkd.key.java.JavaParserFactory$DynamicTypeSolver@39ac9725 : java.lang.Object
	at com.github.javaparser.resolution.TypeSolver.solveType(TypeSolver.java:71)

101935     ERROR Test worker     d.u.i.k.n.b.TacletPBuilder Error in parsing taclet. de.uka.ilkd.key.util.parsing.BuildingException: Unsolved symbol in de.uka.ilkd.key.java.JavaParserFactory$DynamicTypeSolver@39ac9725 : java.lang.Object at file:/D:/a/key/key/key.core/build/resources/main/de/uka/ilkd/key/proof/rules/execRules.key:643:15
	at de.uka.ilkd.key.nparser.builder.AbstractBuilder.accept(AbstractBuilder.java:54)
Caused by: com.github.javaparser.resolution.UnsolvedSymbolException: Unsolved symbol in de.uka.ilkd.key.java.JavaParserFactory$DynamicTypeSolver@39ac9725 : java.lang.Object
	at com.github.javaparser.resolution.TypeSolver.solveType(TypeSolver.java:71)

101935     ERROR Test worker     d.u.i.k.n.b.AbstractBuilder  com.github.javaparser.resolution.UnsolvedSymbolException: Unsolved symbol in de.uka.ilkd.key.java.JavaParserFactory$DynamicTypeSolver@39ac9725 : java.lang.Object
	at com.github.javaparser.resolution.TypeSolver.solveType(TypeSolver.java:71)

101935     ERROR Test worker     d.u.i.k.n.b.TacletPBuilder Error in parsing taclet. de.uka.ilkd.key.util.parsing.BuildingException: Unsolved symbol in de.uka.ilkd.key.java.JavaParserFactory$DynamicTypeSolver@39ac9725 : java.lang.Object at file:/D:/a/key/key/key.core/build/resources/main/de/uka/ilkd/key/proof/rules/execRules.key:659:15
	at de.uka.ilkd.key.nparser.builder.AbstractBuilder.accept(AbstractBuilder.java:54)
Caused by: com.github.javaparser.resolution.UnsolvedSymbolException: Unsolved symbol in de.uka.ilkd.key.java.JavaParserFactory$DynamicTypeSolver@39ac9725 : java.lang.Object
	at com.github.javaparser.resolution.TypeSolver.solveType(TypeSolver.java:71)

101935     ERROR Test worker     d.u.i.k.n.b.AbstractBuilder  com.github.javaparser.resolution.UnsolvedSymbolException: Unsolved symbol in de.uka.ilkd.key.java.JavaParserFactory$DynamicTypeSolver@39ac9725 : java.lang.Object
	at com.github.javaparser.resolution.TypeSolver.solveType(TypeSolver.java:71)

101935     ERROR Test worker     d.u.i.k.n.b.TacletPBuilder Error in parsing taclet. de.uka.ilkd.key.util.parsing.BuildingException: Unsolved symbol in de.uka.ilkd.key.java.JavaParserFactory$DynamicTypeSolver@39ac9725 : java.lang.Object at file:/D:/a/key/key/key.core/build/resources/main/de/uka/ilkd/key/proof/rules/execRules.key:675:15
	at de.uka.ilkd.key.nparser.builder.AbstractBuilder.accept(AbstractBuilder.java:54)
Caused by: com.github.javaparser.resolution.UnsolvedSymbolException: Unsolved symbol in de.uka.ilkd.key.java.JavaParserFactory$DynamicTypeSolver@39ac9725 : java.lang.Object
	at com.github.javaparser.resolution.TypeSolver.solveType(TypeSolver.java:71)

101935     ERROR Test worker     d.u.i.k.n.b.AbstractBuilder  com.github.javaparser.resolution.UnsolvedSymbolException: Unsolved symbol in de.uka.ilkd.key.java.JavaParserFactory$DynamicTypeSolver@39ac9725 : java.lang.Object
	at com.github.javaparser.resolution.TypeSolver.solveType(TypeSolver.java:71)

101935     ERROR Test worker     d.u.i.k.n.b.TacletPBuilder Error in parsing taclet. de.uka.ilkd.key.util.parsing.BuildingException: Unsolved symbol in de.uka.ilkd.key.java.JavaParserFactory$DynamicTypeSolver@39ac9725 : java.lang.Object at file:/D:/a/key/key/key.core/build/resources/main/de/uka/ilkd/key/proof/rules/execRules.key:691:15
	at de.uka.ilkd.key.nparser.builder.AbstractBuilder.accept(AbstractBuilder.java:54)
Caused by: com.github.javaparser.resolution.UnsolvedSymbolException: Unsolved symbol in de.uka.ilkd.key.java.JavaParserFactory$DynamicTypeSolver@39ac9725 : java.lang.Object
	at com.github.javaparser.resolution.TypeSolver.solveType(TypeSolver.java:71)

101935     ERROR Test worker     d.u.i.k.n.b.AbstractBuilder  com.github.javaparser.resolution.UnsolvedSymbolException: Unsolved symbol in de.uka.ilkd.key.java.JavaParserFactory$DynamicTypeSolver@39ac9725 : java.lang.Object
	at com.github.javaparser.resolution.TypeSolver.solveType(TypeSolver.java:71)

101935     ERROR Test worker     d.u.i.k.n.b.TacletPBuilder Error in parsing taclet. de.uka.ilkd.key.util.parsing.BuildingException: Unsolved symbol in de.uka.ilkd.key.java.JavaParserFactory$DynamicTypeSolver@39ac9725 : java.lang.Object at file:/D:/a/key/key/key.core/build/resources/main/de/uka/ilkd/key/proof/rules/execRules.key:711:15
	at de.uka.ilkd.key.nparser.builder.AbstractBuilder.accept(AbstractBuilder.java:54)
Caused by: com.github.javaparser.resolution.UnsolvedSymbolException: Unsolved symbol in de.uka.ilkd.key.java.JavaParserFactory$DynamicTypeSolver@39ac9725 : java.lang.Object
	at com.github.javaparser.resolution.TypeSolver.solveType(TypeSolver.java:71)

101935     ERROR Test worker     d.u.i.k.n.b.AbstractBuilder  com.github.javaparser.resolution.UnsolvedSymbolException: Unsolved symbol in de.uka.ilkd.key.java.JavaParserFactory$DynamicTypeSolver@39ac9725 : java.lang.Object
	at com.github.javaparser.resolution.TypeSolver.solveType(TypeSolver.java:71)

101935     ERROR Test worker     d.u.i.k.n.b.TacletPBuilder Error in parsing taclet. de.uka.ilkd.key.util.parsing.BuildingException: Unsolved symbol in de.uka.ilkd.key.java.JavaParserFactory$DynamicTypeSolver@39ac9725 : java.lang.Object at file:/D:/a/key/key/key.core/build/resources/main/de/uka/ilkd/key/proof/rules/execRules.key:728:15
	at de.uka.ilkd.key.nparser.builder.AbstractBuilder.accept(AbstractBuilder.java:54)
Caused by: com.github.javaparser.resolution.UnsolvedSymbolException: Unsolved symbol in de.uka.ilkd.key.java.JavaParserFactory$DynamicTypeSolver@39ac9725 : java.lang.Object
	at com.github.javaparser.resolution.TypeSolver.solveType(TypeSolver.java:71)

101935     ERROR Test worker     d.u.i.k.n.b.AbstractBuilder  com.github.javaparser.resolution.UnsolvedSymbolException: Unsolved symbol in de.uka.ilkd.key.java.JavaParserFactory$DynamicTypeSolver@39ac9725 : java.lang.Object
	at com.github.javaparser.resolution.TypeSolver.solveType(TypeSolver.java:71)

101935     ERROR Test worker     d.u.i.k.n.b.TacletPBuilder Error in parsing taclet. de.uka.ilkd.key.util.parsing.BuildingException: Unsolved symbol in de.uka.ilkd.key.java.JavaParserFactory$DynamicTypeSolver@39ac9725 : java.lang.Object at file:/D:/a/key/key/key.core/build/resources/main/de/uka/ilkd/key/proof/rules/execRules.key:745:15
	at de.uka.ilkd.key.nparser.builder.AbstractBuilder.accept(AbstractBuilder.java:54)
Caused by: com.github.javaparser.resolution.UnsolvedSymbolException: Unsolved symbol in de.uka.ilkd.key.java.JavaParserFactory$DynamicTypeSolver@39ac9725 : java.lang.Object
	at com.github.javaparser.resolution.TypeSolver.solveType(TypeSolver.java:71)

101951     ERROR Test worker     d.u.i.k.n.b.AbstractBuilder  com.github.javaparser.resolution.UnsolvedSymbolException: Unsolved symbol in de.uka.ilkd.key.java.JavaParserFactory$DynamicTypeSolver@39ac9725 : java.lang.Object
	at com.github.javaparser.resolution.TypeSolver.solveType(TypeSolver.java:71)

101951     ERROR Test worker     d.u.i.k.n.b.TacletPBuilder Error in parsing taclet. de.uka.ilkd.key.util.parsing.BuildingException: Unsolved symbol in de.uka.ilkd.key.java.JavaParserFactory$DynamicTypeSolver@39ac9725 : java.lang.Object at file:/D:/a/key/key/key.core/build/resources/main/de/uka/ilkd/key/proof/rules/execRules.key:762:15
	at de.uka.ilkd.key.nparser.builder.AbstractBuilder.accept(AbstractBuilder.java:54)
Caused by: com.github.javaparser.resolution.UnsolvedSymbolException: Unsolved symbol in de.uka.ilkd.key.java.JavaParserFactory$DynamicTypeSolver@39ac9725 : java.lang.Object
	at com.github.javaparser.resolution.TypeSolver.solveType(TypeSolver.java:71)

101951     ERROR Test worker     d.u.i.k.n.b.AbstractBuilder  com.github.javaparser.resolution.UnsolvedSymbolException: Unsolved symbol in de.uka.ilkd.key.java.JavaParserFactory$DynamicTypeSolver@39ac9725 : java.lang.Object
	at com.github.javaparser.resolution.TypeSolver.solveType(TypeSolver.java:71)

101951     ERROR Test worker     d.u.i.k.n.b.TacletPBuilder Error in parsing taclet. de.uka.ilkd.key.util.parsing.BuildingException: Unsolved symbol in de.uka.ilkd.key.java.JavaParserFactory$DynamicTypeSolver@39ac9725 : java.lang.Object at file:/D:/a/key/key/key.core/build/resources/main/de/uka/ilkd/key/proof/rules/execRules.key:779:15
	at de.uka.ilkd.key.nparser.builder.AbstractBuilder.accept(AbstractBuilder.java:54)
Caused by: com.github.javaparser.resolution.UnsolvedSymbolException: Unsolved symbol in de.uka.ilkd.key.java.JavaParserFactory$DynamicTypeSolver@39ac9725 : java.lang.Object
	at com.github.javaparser.resolution.TypeSolver.solveType(TypeSolver.java:71)

101951     ERROR Test worker     d.u.i.k.n.b.AbstractBuilder  com.github.javaparser.resolution.UnsolvedSymbolException: Unsolved symbol in de.uka.ilkd.key.java.JavaParserFactory$DynamicTypeSolver@39ac9725 : java.lang.Object
	at com.github.javaparser.resolution.TypeSolver.solveType(TypeSolver.java:71)

101951     ERROR Test worker     d.u.i.k.n.b.TacletPBuilder Error in parsing taclet. de.uka.ilkd.key.util.parsing.BuildingException: Unsolved symbol in de.uka.ilkd.key.java.JavaParserFactory$DynamicTypeSolver@39ac9725 : java.lang.Object at file:/D:/a/key/key/key.core/build/resources/main/de/uka/ilkd/key/proof/rules/execRules.key:795:15
	at de.uka.ilkd.key.nparser.builder.AbstractBuilder.accept(AbstractBuilder.java:54)
Caused by: com.github.javaparser.resolution.UnsolvedSymbolException: Unsolved symbol in de.uka.ilkd.key.java.JavaParserFactory$DynamicTypeSolver@39ac9725 : java.lang.Object
	at com.github.javaparser.resolution.TypeSolver.solveType(TypeSolver.java:71)

101951     ERROR Test worker     d.u.i.k.n.b.AbstractBuilder  com.github.javaparser.resolution.UnsolvedSymbolException: Unsolved symbol in de.uka.ilkd.key.java.JavaParserFactory$DynamicTypeSolver@39ac9725 : java.lang.Object
	at com.github.javaparser.resolution.TypeSolver.solveType(TypeSolver.java:71)

101951     ERROR Test worker     d.u.i.k.n.b.TacletPBuilder Error in parsing taclet. de.uka.ilkd.key.util.parsing.BuildingException: Unsolved symbol in de.uka.ilkd.key.java.JavaParserFactory$DynamicTypeSolver@39ac9725 : java.lang.Object at file:/D:/a/key/key/key.core/build/resources/main/de/uka/ilkd/key/proof/rules/execRules.key:811:15
	at de.uka.ilkd.key.nparser.builder.AbstractBuilder.accept(AbstractBuilder.java:54)
Caused by: com.github.javaparser.resolution.UnsolvedSymbolException: Unsolved symbol in de.uka.ilkd.key.java.JavaParserFactory$DynamicTypeSolver@39ac9725 : java.lang.Object
	at com.github.javaparser.resolution.TypeSolver.solveType(TypeSolver.java:71)

101951     ERROR Test worker     d.u.i.k.n.b.AbstractBuilder  com.github.javaparser.resolution.UnsolvedSymbolException: Unsolved symbol in de.uka.ilkd.key.java.JavaParserFactory$DynamicTypeSolver@39ac9725 : java.lang.Object
	at com.github.javaparser.resolution.TypeSolver.solveType(TypeSolver.java:71)

101951     ERROR Test worker     d.u.i.k.n.b.TacletPBuilder Error in parsing taclet. de.uka.ilkd.key.util.parsing.BuildingException: Unsolved symbol in de.uka.ilkd.key.java.JavaParserFactory$DynamicTypeSolver@39ac9725 : java.lang.Object at file:/D:/a/key/key/key.core/build/resources/main/de/uka/ilkd/key/proof/rules/execRules.key:827:15
	at de.uka.ilkd.key.nparser.builder.AbstractBuilder.accept(AbstractBuilder.java:54)
Caused by: com.github.javaparser.resolution.UnsolvedSymbolException: Unsolved symbol in de.uka.ilkd.key.java.JavaParserFactory$DynamicTypeSolver@39ac9725 : java.lang.Object
	at com.github.javaparser.resolution.TypeSolver.solveType(TypeSolver.java:71)

101951     ERROR Test worker     d.u.i.k.n.b.AbstractBuilder  com.github.javaparser.resolution.UnsolvedSymbolException: Unsolved symbol in de.uka.ilkd.key.java.JavaParserFactory$DynamicTypeSolver@39ac9725 : java.lang.Object
	at com.github.javaparser.resolution.TypeSolver.solveType(TypeSolver.java:71)

101951     ERROR Test worker     d.u.i.k.n.b.TacletPBuilder Error in parsing taclet. de.uka.ilkd.key.util.parsing.BuildingException: Unsolved symbol in de.uka.ilkd.key.java.JavaParserFactory$DynamicTypeSolver@39ac9725 : java.lang.Object at file:/D:/a/key/key/key.core/build/resources/main/de/uka/ilkd/key/proof/rules/execRules.key:843:15
	at de.uka.ilkd.key.nparser.builder.AbstractBuilder.accept(AbstractBuilder.java:54)
Caused by: com.github.javaparser.resolution.UnsolvedSymbolException: Unsolved symbol in de.uka.ilkd.key.java.JavaParserFactory$DynamicTypeSolver@39ac9725 : java.lang.Object
	at com.github.javaparser.resolution.TypeSolver.solveType(TypeSolver.java:71)

101951     ERROR Test worker     d.u.i.k.n.b.AbstractBuilder  com.github.javaparser.resolution.UnsolvedSymbolException: Unsolved symbol in de.uka.ilkd.key.java.JavaParserFactory$DynamicTypeSolver@39ac9725 : java.lang.Object
	at com.github.javaparser.resolution.TypeSolver.solveType(TypeSolver.java:71)

101951     ERROR Test worker     d.u.i.k.n.b.TacletPBuilder Error in parsing taclet. de.uka.ilkd.key.util.parsing.BuildingException: Unsolved symbol in de.uka.ilkd.key.java.JavaParserFactory$DynamicTypeSolver@39ac9725 : java.lang.Object at file:/D:/a/key/key/key.core/build/resources/main/de/uka/ilkd/key/proof/rules/execRules.key:861:15
	at de.uka.ilkd.key.nparser.builder.AbstractBuilder.accept(AbstractBuilder.java:54)
Caused by: com.github.javaparser.resolution.UnsolvedSymbolException: Unsolved symbol in de.uka.ilkd.key.java.JavaParserFactory$DynamicTypeSolver@39ac9725 : java.lang.Object
	at com.github.javaparser.resolution.TypeSolver.solveType(TypeSolver.java:71)

101967     ERROR Test worker     d.u.i.k.n.b.AbstractBuilder  com.github.javaparser.resolution.UnsolvedSymbolException: Unsolved symbol in de.uka.ilkd.key.java.JavaParserFactory$DynamicTypeSolver@39ac9725 : java.lang.Object
	at com.github.javaparser.resolution.TypeSolver.solveType(TypeSolver.java:71)

101967     ERROR Test worker     d.u.i.k.n.b.TacletPBuilder Error in parsing taclet. de.uka.ilkd.key.util.parsing.BuildingException: Unsolved symbol in de.uka.ilkd.key.java.JavaParserFactory$DynamicTypeSolver@39ac9725 : java.lang.Object at file:/D:/a/key/key/key.core/build/resources/main/de/uka/ilkd/key/proof/rules/execRules.key:878:15
	at de.uka.ilkd.key.nparser.builder.AbstractBuilder.accept(AbstractBuilder.java:54)
Caused by: com.github.javaparser.resolution.UnsolvedSymbolException: Unsolved symbol in de.uka.ilkd.key.java.JavaParserFactory$DynamicTypeSolver@39ac9725 : java.lang.Object
	at com.github.javaparser.resolution.TypeSolver.solveType(TypeSolver.java:71)

101967     ERROR Test worker     d.u.i.k.n.b.AbstractBuilder  com.github.javaparser.resolution.UnsolvedSymbolException: Unsolved symbol in de.uka.ilkd.key.java.JavaParserFactory$DynamicTypeSolver@39ac9725 : java.lang.Object
	at com.github.javaparser.resolution.TypeSolver.solveType(TypeSolver.java:71)

101967     ERROR Test worker     d.u.i.k.n.b.TacletPBuilder Error in parsing taclet. de.uka.ilkd.key.util.parsing.BuildingException: Unsolved symbol in de.uka.ilkd.key.java.JavaParserFactory$DynamicTypeSolver@39ac9725 : java.lang.Object at file:/D:/a/key/key/key.core/build/resources/main/de/uka/ilkd/key/proof/rules/execRules.key:894:15
	at de.uka.ilkd.key.nparser.builder.AbstractBuilder.accept(AbstractBuilder.java:54)
Caused by: com.github.javaparser.resolution.UnsolvedSymbolException: Unsolved symbol in de.uka.ilkd.key.java.JavaParserFactory$DynamicTypeSolver@39ac9725 : java.lang.Object
	at com.github.javaparser.resolution.TypeSolver.solveType(TypeSolver.java:71)

101967     ERROR Test worker     d.u.i.k.n.b.AbstractBuilder  com.github.javaparser.resolution.UnsolvedSymbolException: Unsolved symbol in de.uka.ilkd.key.java.JavaParserFactory$DynamicTypeSolver@39ac9725 : java.lang.Object
	at com.github.javaparser.resolution.TypeSolver.solveType(TypeSolver.java:71)

101967     ERROR Test worker     d.u.i.k.n.b.TacletPBuilder Error in parsing taclet. de.uka.ilkd.key.util.parsing.BuildingException: Unsolved symbol in de.uka.ilkd.key.java.JavaParserFactory$DynamicTypeSolver@39ac9725 : java.lang.Object at file:/D:/a/key/key/key.core/build/resources/main/de/uka/ilkd/key/proof/rules/execRules.key:910:15
	at de.uka.ilkd.key.nparser.builder.AbstractBuilder.accept(AbstractBuilder.java:54)
Caused by: com.github.javaparser.resolution.UnsolvedSymbolException: Unsolved symbol in de.uka.ilkd.key.java.JavaParserFactory$DynamicTypeSolver@39ac9725 : java.lang.Object
	at com.github.javaparser.resolution.TypeSolver.solveType(TypeSolver.java:71)

101967     ERROR Test worker     d.u.i.k.n.b.AbstractBuilder  com.github.javaparser.resolution.UnsolvedSymbolException: Unsolved symbol in de.uka.ilkd.key.java.JavaParserFactory$DynamicTypeSolver@39ac9725 : java.lang.Object
	at com.github.javaparser.resolution.TypeSolver.solveType(TypeSolver.java:71)

101967     ERROR Test worker     d.u.i.k.n.b.TacletPBuilder Error in parsing taclet. de.uka.ilkd.key.util.parsing.BuildingException: Unsolved symbol in de.uka.ilkd.key.java.JavaParserFactory$DynamicTypeSolver@39ac9725 : java.lang.Object at file:/D:/a/key/key/key.core/build/resources/main/de/uka/ilkd/key/proof/rules/execRules.key:926:15
	at de.uka.ilkd.key.nparser.builder.AbstractBuilder.accept(AbstractBuilder.java:54)
Caused by: com.github.javaparser.resolution.UnsolvedSymbolException: Unsolved symbol in de.uka.ilkd.key.java.JavaParserFactory$DynamicTypeSolver@39ac9725 : java.lang.Object
	at com.github.javaparser.resolution.TypeSolver.solveType(TypeSolver.java:71)

101967     ERROR Test worker     d.u.i.k.n.b.AbstractBuilder  com.github.javaparser.resolution.UnsolvedSymbolException: Unsolved symbol in de.uka.ilkd.key.java.JavaParserFactory$DynamicTypeSolver@39ac9725 : java.lang.Object
	at com.github.javaparser.resolution.TypeSolver.solveType(TypeSolver.java:71)

101982     ERROR Test worker     d.u.i.k.n.b.TacletPBuilder Error in parsing taclet. de.uka.ilkd.key.util.parsing.BuildingException: Unsolved symbol in de.uka.ilkd.key.java.JavaParserFactory$DynamicTypeSolver@39ac9725 : java.lang.Object at file:/D:/a/key/key/key.core/build/resources/main/de/uka/ilkd/key/proof/rules/execRules.key:942:15
	at de.uka.ilkd.key.nparser.builder.AbstractBuilder.accept(AbstractBuilder.java:54)
Caused by: com.github.javaparser.resolution.UnsolvedSymbolException: Unsolved symbol in de.uka.ilkd.key.java.JavaParserFactory$DynamicTypeSolver@39ac9725 : java.lang.Object
	at com.github.javaparser.resolution.TypeSolver.solveType(TypeSolver.java:71)

101982     ERROR Test worker     d.u.i.k.n.b.AbstractBuilder  com.github.javaparser.resolution.UnsolvedSymbolException: Unsolved symbol in de.uka.ilkd.key.java.JavaParserFactory$DynamicTypeSolver@39ac9725 : java.lang.Object
	at com.github.javaparser.resolution.TypeSolver.solveType(TypeSolver.java:71)

101982     ERROR Test worker     d.u.i.k.n.b.TacletPBuilder Error in parsing taclet. de.uka.ilkd.key.util.parsing.BuildingException: Unsolved symbol in de.uka.ilkd.key.java.JavaParserFactory$DynamicTypeSolver@39ac9725 : java.lang.Object at file:/D:/a/key/key/key.core/build/resources/main/de/uka/ilkd/key/proof/rules/execRules.key:958:15
	at de.uka.ilkd.key.nparser.builder.AbstractBuilder.accept(AbstractBuilder.java:54)
Caused by: com.github.javaparser.resolution.UnsolvedSymbolException: Unsolved symbol in de.uka.ilkd.key.java.JavaParserFactory$DynamicTypeSolver@39ac9725 : java.lang.Object
	at com.github.javaparser.resolution.TypeSolver.solveType(TypeSolver.java:71)

101982     ERROR Test worker     d.u.i.k.n.b.AbstractBuilder  com.github.javaparser.resolution.UnsolvedSymbolException: Unsolved symbol in de.uka.ilkd.key.java.JavaParserFactory$DynamicTypeSolver@39ac9725 : java.lang.Object
	at com.github.javaparser.resolution.TypeSolver.solveType(TypeSolver.java:71)

101982     ERROR Test worker     d.u.i.k.n.b.TacletPBuilder Error in parsing taclet. de.uka.ilkd.key.util.parsing.BuildingException: Unsolved symbol in de.uka.ilkd.key.java.JavaParserFactory$DynamicTypeSolver@39ac9725 : java.lang.Object at file:/D:/a/key/key/key.core/build/resources/main/de/uka/ilkd/key/proof/rules/execRules.key:974:15
	at de.uka.ilkd.key.nparser.builder.AbstractBuilder.accept(AbstractBuilder.java:54)
Caused by: com.github.javaparser.resolution.UnsolvedSymbolException: Unsolved symbol in de.uka.ilkd.key.java.JavaParserFactory$DynamicTypeSolver@39ac9725 : java.lang.Object
	at com.github.javaparser.resolution.TypeSolver.solveType(TypeSolver.java:71)

101982     ERROR Test worker     d.u.i.k.n.b.AbstractBuilder  com.github.javaparser.resolution.UnsolvedSymbolException: Unsolved symbol in de.uka.ilkd.key.java.JavaParserFactory$DynamicTypeSolver@39ac9725 : java.lang.Object
	at com.github.javaparser.resolution.TypeSolver.solveType(TypeSolver.java:71)

101982     ERROR Test worker     d.u.i.k.n.b.TacletPBuilder Error in parsing taclet. de.uka.ilkd.key.util.parsing.BuildingException: Unsolved symbol in de.uka.ilkd.key.java.JavaParserFactory$DynamicTypeSolver@39ac9725 : java.lang.Object at file:/D:/a/key/key/key.core/build/resources/main/de/uka/ilkd/key/proof/rules/execRules.key:994:15
	at de.uka.ilkd.key.nparser.builder.AbstractBuilder.accept(AbstractBuilder.java:54)
Caused by: com.github.javaparser.resolution.UnsolvedSymbolException: Unsolved symbol in de.uka.ilkd.key.java.JavaParserFactory$DynamicTypeSolver@39ac9725 : java.lang.Object
	at com.github.javaparser.resolution.TypeSolver.solveType(TypeSolver.java:71)

101982     ERROR Test worker     d.u.i.k.n.b.AbstractBuilder  com.github.javaparser.resolution.UnsolvedSymbolException: Unsolved symbol in de.uka.ilkd.key.java.JavaParserFactory$DynamicTypeSolver@39ac9725 : java.lang.Object
	at com.github.javaparser.resolution.TypeSolver.solveType(TypeSolver.java:71)

101982     ERROR Test worker     d.u.i.k.n.b.TacletPBuilder Error in parsing taclet. de.uka.ilkd.key.util.parsing.BuildingException: Unsolved symbol in de.uka.ilkd.key.java.JavaParserFactory$DynamicTypeSolver@39ac9725 : java.lang.Object at file:/D:/a/key/key/key.core/build/resources/main/de/uka/ilkd/key/proof/rules/execRules.key:1011:15
	at de.uka.ilkd.key.nparser.builder.AbstractBuilder.accept(AbstractBuilder.java:54)
Caused by: com.github.javaparser.resolution.UnsolvedSymbolException: Unsolved symbol in de.uka.ilkd.key.java.JavaParserFactory$DynamicTypeSolver@39ac9725 : java.lang.Object
	at com.github.javaparser.resolution.TypeSolver.solveType(TypeSolver.java:71)

101982     ERROR Test worker     d.u.i.k.n.b.AbstractBuilder  com.github.javaparser.resolution.UnsolvedSymbolException: Unsolved symbol in de.uka.ilkd.key.java.JavaParserFactory$DynamicTypeSolver@39ac9725 : java.lang.Object
	at com.github.javaparser.resolution.TypeSolver.solveType(TypeSolver.java:71)

101982     ERROR Test worker     d.u.i.k.n.b.TacletPBuilder Error in parsing taclet. de.uka.ilkd.key.util.parsing.BuildingException: Unsolved symbol in de.uka.ilkd.key.java.JavaParserFactory$DynamicTypeSolver@39ac9725 : java.lang.Object at file:/D:/a/key/key/key.core/build/resources/main/de/uka/ilkd/key/proof/rules/execRules.key:1027:15
	at de.uka.ilkd.key.nparser.builder.AbstractBuilder.accept(AbstractBuilder.java:54)
Caused by: com.github.javaparser.resolution.UnsolvedSymbolException: Unsolved symbol in de.uka.ilkd.key.java.JavaParserFactory$DynamicTypeSolver@39ac9725 : java.lang.Object
	at com.github.javaparser.resolution.TypeSolver.solveType(TypeSolver.java:71)

101998     ERROR Test worker     d.u.i.k.n.b.AbstractBuilder  com.github.javaparser.resolution.UnsolvedSymbolException: Unsolved symbol in de.uka.ilkd.key.java.JavaParserFactory$DynamicTypeSolver@39ac9725 : java.lang.Object
	at com.github.javaparser.resolution.TypeSolver.solveType(TypeSolver.java:71)

101998     ERROR Test worker     d.u.i.k.n.b.TacletPBuilder Error in parsing taclet. de.uka.ilkd.key.util.parsing.BuildingException: Unsolved symbol in de.uka.ilkd.key.java.JavaParserFactory$DynamicTypeSolver@39ac9725 : java.lang.Object at file:/D:/a/key/key/key.core/build/resources/main/de/uka/ilkd/key/proof/rules/execRules.key:1043:15
	at de.uka.ilkd.key.nparser.builder.AbstractBuilder.accept(AbstractBuilder.java:54)
Caused by: com.github.javaparser.resolution.UnsolvedSymbolException: Unsolved symbol in de.uka.ilkd.key.java.JavaParserFactory$DynamicTypeSolver@39ac9725 : java.lang.Object
	at com.github.javaparser.resolution.TypeSolver.solveType(TypeSolver.java:71)

101998     ERROR Test worker     d.u.i.k.n.b.AbstractBuilder  com.github.javaparser.resolution.UnsolvedSymbolException: Unsolved symbol in de.uka.ilkd.key.java.JavaParserFactory$DynamicTypeSolver@39ac9725 : java.lang.Object
	at com.github.javaparser.resolution.TypeSolver.solveType(TypeSolver.java:71)

101998     ERROR Test worker     d.u.i.k.n.b.TacletPBuilder Error in parsing taclet. de.uka.ilkd.key.util.parsing.BuildingException: Unsolved symbol in de.uka.ilkd.key.java.JavaParserFactory$DynamicTypeSolver@39ac9725 : java.lang.Object at file:/D:/a/key/key/key.core/build/resources/main/de/uka/ilkd/key/proof/rules/execRules.key:1059:15
	at de.uka.ilkd.key.nparser.builder.AbstractBuilder.accept(AbstractBuilder.java:54)
Caused by: com.github.javaparser.resolution.UnsolvedSymbolException: Unsolved symbol in de.uka.ilkd.key.java.JavaParserFactory$DynamicTypeSolver@39ac9725 : java.lang.Object
	at com.github.javaparser.resolution.TypeSolver.solveType(TypeSolver.java:71)

101998     ERROR Test worker     d.u.i.k.n.b.AbstractBuilder  com.github.javaparser.resolution.UnsolvedSymbolException: Unsolved symbol in de.uka.ilkd.key.java.JavaParserFactory$DynamicTypeSolver@39ac9725 : java.lang.Object
	at com.github.javaparser.resolution.TypeSolver.solveType(TypeSolver.java:71)

101998     ERROR Test worker     d.u.i.k.n.b.TacletPBuilder Error in parsing taclet. de.uka.ilkd.key.util.parsing.BuildingException: Unsolved symbol in de.uka.ilkd.key.java.JavaParserFactory$DynamicTypeSolver@39ac9725 : java.lang.Object at file:/D:/a/key/key/key.core/build/resources/main/de/uka/ilkd/key/proof/rules/execRules.key:1075:15
	at de.uka.ilkd.key.nparser.builder.AbstractBuilder.accept(AbstractBuilder.java:54)
Caused by: com.github.javaparser.resolution.UnsolvedSymbolException: Unsolved symbol in de.uka.ilkd.key.java.JavaParserFactory$DynamicTypeSolver@39ac9725 : java.lang.Object
	at com.github.javaparser.resolution.TypeSolver.solveType(TypeSolver.java:71)

101998     ERROR Test worker     d.u.i.k.n.b.AbstractBuilder  com.github.javaparser.resolution.UnsolvedSymbolException: Unsolved symbol in de.uka.ilkd.key.java.JavaParserFactory$DynamicTypeSolver@39ac9725 : java.lang.Object
	at com.github.javaparser.resolution.TypeSolver.solveType(TypeSolver.java:71)

101998     ERROR Test worker     d.u.i.k.n.b.TacletPBuilder Error in parsing taclet. de.uka.ilkd.key.util.parsing.BuildingException: Unsolved symbol in de.uka.ilkd.key.java.JavaParserFactory$DynamicTypeSolver@39ac9725 : java.lang.Object at file:/D:/a/key/key/key.core/build/resources/main/de/uka/ilkd/key/proof/rules/execRules.key:1091:15
	at de.uka.ilkd.key.nparser.builder.AbstractBuilder.accept(AbstractBuilder.java:54)
Caused by: com.github.javaparser.resolution.UnsolvedSymbolException: Unsolved symbol in de.uka.ilkd.key.java.JavaParserFactory$DynamicTypeSolver@39ac9725 : java.lang.Object
	at com.github.javaparser.resolution.TypeSolver.solveType(TypeSolver.java:71)

101998     ERROR Test worker     d.u.i.k.n.b.AbstractBuilder  com.github.javaparser.resolution.UnsolvedSymbolException: Unsolved symbol in de.uka.ilkd.key.java.JavaParserFactory$DynamicTypeSolver@39ac9725 : java.lang.Object
	at com.github.javaparser.resolution.TypeSolver.solveType(TypeSolver.java:71)

101998     ERROR Test worker     d.u.i.k.n.b.TacletPBuilder Error in parsing taclet. de.uka.ilkd.key.util.parsing.BuildingException: Unsolved symbol in de.uka.ilkd.key.java.JavaParserFactory$DynamicTypeSolver@39ac9725 : java.lang.Object at file:/D:/a/key/key/key.core/build/resources/main/de/uka/ilkd/key/proof/rules/execRules.key:1107:15
	at de.uka.ilkd.key.nparser.builder.AbstractBuilder.accept(AbstractBuilder.java:54)
Caused by: com.github.javaparser.resolution.UnsolvedSymbolException: Unsolved symbol in de.uka.ilkd.key.java.JavaParserFactory$DynamicTypeSolver@39ac9725 : java.lang.Object
	at com.github.javaparser.resolution.TypeSolver.solveType(TypeSolver.java:71)

101998     ERROR Test worker     d.u.i.k.n.b.AbstractBuilder  com.github.javaparser.resolution.UnsolvedSymbolException: Unsolved symbol in de.uka.ilkd.key.java.JavaParserFactory$DynamicTypeSolver@39ac9725 : java.lang.Object
	at com.github.javaparser.resolution.TypeSolver.solveType(TypeSolver.java:71)

101998     ERROR Test worker     d.u.i.k.n.b.TacletPBuilder Error in parsing taclet. de.uka.ilkd.key.util.parsing.BuildingException: Unsolved symbol in de.uka.ilkd.key.java.JavaParserFactory$DynamicTypeSolver@39ac9725 : java.lang.Object at file:/D:/a/key/key/key.core/build/resources/main/de/uka/ilkd/key/proof/rules/execRules.key:1123:15
	at de.uka.ilkd.key.nparser.builder.AbstractBuilder.accept(AbstractBuilder.java:54)
Caused by: com.github.javaparser.resolution.UnsolvedSymbolException: Unsolved symbol in de.uka.ilkd.key.java.JavaParserFactory$DynamicTypeSolver@39ac9725 : java.lang.Object
	at com.github.javaparser.resolution.TypeSolver.solveType(TypeSolver.java:71)

102029     ERROR Test worker     d.u.i.k.n.b.AbstractBuilder  com.github.javaparser.resolution.UnsolvedSymbolException: Unsolved symbol in de.uka.ilkd.key.java.JavaParserFactory$DynamicTypeSolver@39ac9725 : java.lang.Object
	at com.github.javaparser.resolution.TypeSolver.solveType(TypeSolver.java:71)

102029     ERROR Test worker     d.u.i.k.n.b.TacletPBuilder Error in parsing taclet. de.uka.ilkd.key.util.parsing.BuildingException: Unsolved symbol in de.uka.ilkd.key.java.JavaParserFactory$DynamicTypeSolver@39ac9725 : java.lang.Object at file:/D:/a/key/key/key.core/build/resources/main/de/uka/ilkd/key/proof/rules/loopScopeRules.key:38:16
	at de.uka.ilkd.key.nparser.builder.AbstractBuilder.accept(AbstractBuilder.java:54)
Caused by: com.github.javaparser.resolution.UnsolvedSymbolException: Unsolved symbol in de.uka.ilkd.key.java.JavaParserFactory$DynamicTypeSolver@39ac9725 : java.lang.Object
	at com.github.javaparser.resolution.TypeSolver.solveType(TypeSolver.java:71)

102029     ERROR Test worker     d.u.i.k.n.b.TacletPBuilder Override: inv (formula) inv (formula) 
102029     ERROR Test worker     d.u.i.k.n.b.TacletPBuilder Override: freeInv (formula) freeInv (formula) 
102029     ERROR Test worker     d.u.i.k.n.b.TacletPBuilder Override: loopFormula (formula) loopFormula (formula) 
102029     ERROR Test worker     d.u.i.k.n.b.TacletPBuilder Override: #loopStmt (program Statement) #loopStmt (program Statement) 
102029     ERROR Test worker     d.u.i.k.n.b.TacletPBuilder Override: anon_heap_LOOP (Heap skolem term) anon_heap_LOOP (Heap skolem term) 
102029     ERROR Test worker     d.u.i.k.n.b.TacletPBuilder Override: anon_savedHeap_LOOP (Heap skolem term) anon_savedHeap_LOOP (Heap skolem term) 
102029     ERROR Test worker     d.u.i.k.n.b.TacletPBuilder Override: anon_permissions_LOOP (Heap skolem term) anon_permissions_LOOP (Heap skolem term) 
102029     ERROR Test worker     d.u.i.k.n.b.TacletPBuilder Override: #heapBefore_LOOP (program Variable) #heapBefore_LOOP (program Variable) 
102029     ERROR Test worker     d.u.i.k.n.b.TacletPBuilder Override: #savedHeapBefore_LOOP (program Variable) #savedHeapBefore_LOOP (program Variable) 
102029     ERROR Test worker     d.u.i.k.n.b.TacletPBuilder Override: #permissionsBefore_LOOP (program Variable) #permissionsBefore_LOOP (program Variable) 
102029     ERROR Test worker     d.u.i.k.n.b.AbstractBuilder  com.github.javaparser.resolution.UnsolvedSymbolException: Unsolved symbol in de.uka.ilkd.key.java.JavaParserFactory$DynamicTypeSolver@39ac9725 : java.lang.Object
	at com.github.javaparser.resolution.TypeSolver.solveType(TypeSolver.java:71)

102029     ERROR Test worker     d.u.i.k.n.b.TacletPBuilder Error in parsing taclet. de.uka.ilkd.key.util.parsing.BuildingException: Unsolved symbol in de.uka.ilkd.key.java.JavaParserFactory$DynamicTypeSolver@39ac9725 : java.lang.Object at file:/D:/a/key/key/key.core/build/resources/main/de/uka/ilkd/key/proof/rules/loopScopeRules.key:110:16
	at de.uka.ilkd.key.nparser.builder.AbstractBuilder.accept(AbstractBuilder.java:54)
Caused by: com.github.javaparser.resolution.UnsolvedSymbolException: Unsolved symbol in de.uka.ilkd.key.java.JavaParserFactory$DynamicTypeSolver@39ac9725 : java.lang.Object
	at com.github.javaparser.resolution.TypeSolver.solveType(TypeSolver.java:71)

102185     ERROR Test worker     d.u.i.k.n.b.AbstractBuilder  com.github.javaparser.resolution.UnsolvedSymbolException: Unsolved symbol in de.uka.ilkd.key.java.JavaParserFactory$DynamicTypeSolver@39ac9725 : java.lang.Object
	at com.github.javaparser.resolution.TypeSolver.solveType(TypeSolver.java:71)

102185     ERROR Test worker     d.u.i.k.n.b.TacletPBuilder Error in parsing taclet. de.uka.ilkd.key.util.parsing.BuildingException: Unsolved symbol in de.uka.ilkd.key.java.JavaParserFactory$DynamicTypeSolver@39ac9725 : java.lang.Object at file:/D:/a/key/key/key.core/build/resources/main/de/uka/ilkd/key/proof/rules/loopScopeRules.key:160:16
	at de.uka.ilkd.key.nparser.builder.AbstractBuilder.accept(AbstractBuilder.java:54)
Caused by: com.github.javaparser.resolution.UnsolvedSymbolException: Unsolved symbol in de.uka.ilkd.key.java.JavaParserFactory$DynamicTypeSolver@39ac9725 : java.lang.Object
	at com.github.javaparser.resolution.TypeSolver.solveType(TypeSolver.java:71)

102185     ERROR Test worker     d.u.i.k.n.b.TacletPBuilder Override: inv (formula) inv (formula) 
102185     ERROR Test worker     d.u.i.k.n.b.TacletPBuilder Override: freeInv (formula) freeInv (formula) 
102185     ERROR Test worker     d.u.i.k.n.b.TacletPBuilder Override: variantTerm (any term) variantTerm (any term) 
102185     ERROR Test worker     d.u.i.k.n.b.TacletPBuilder Override: loopFormula (formula) loopFormula (formula) 
102185     ERROR Test worker     d.u.i.k.n.b.TacletPBuilder Override: #loopStmt (program Statement) #loopStmt (program Statement) 
102185     ERROR Test worker     d.u.i.k.n.b.TacletPBuilder Override: #variant (program Variable) #variant (program Variable) 
102185     ERROR Test worker     d.u.i.k.n.b.TacletPBuilder Override: anon_heap_LOOP (Heap skolem term) anon_heap_LOOP (Heap skolem term) 
102185     ERROR Test worker     d.u.i.k.n.b.TacletPBuilder Override: anon_savedHeap_LOOP (Heap skolem term) anon_savedHeap_LOOP (Heap skolem term) 
102185     ERROR Test worker     d.u.i.k.n.b.TacletPBuilder Override: anon_permissions_LOOP (Heap skolem term) anon_permissions_LOOP (Heap skolem term) 
102185     ERROR Test worker     d.u.i.k.n.b.TacletPBuilder Override: #heapBefore_LOOP (program Variable) #heapBefore_LOOP (program Variable) 
102185     ERROR Test worker     d.u.i.k.n.b.TacletPBuilder Override: #savedHeapBefore_LOOP (program Variable) #savedHeapBefore_LOOP (program Variable) 
102185     ERROR Test worker     d.u.i.k.n.b.TacletPBuilder Override: #permissionsBefore_LOOP (program Variable) #permissionsBefore_LOOP (program Variable) 
102185     ERROR Test worker     d.u.i.k.n.b.AbstractBuilder  com.github.javaparser.resolution.UnsolvedSymbolException: Unsolved symbol in de.uka.ilkd.key.java.JavaParserFactory$DynamicTypeSolver@39ac9725 : java.lang.Object
	at com.github.javaparser.resolution.TypeSolver.solveType(TypeSolver.java:71)

102185     ERROR Test worker     d.u.i.k.n.b.TacletPBuilder Error in parsing taclet. de.uka.ilkd.key.util.parsing.BuildingException: Unsolved symbol in de.uka.ilkd.key.java.JavaParserFactory$DynamicTypeSolver@39ac9725 : java.lang.Object at file:/D:/a/key/key/key.core/build/resources/main/de/uka/ilkd/key/proof/rules/loopScopeRules.key:207:16
	at de.uka.ilkd.key.nparser.builder.AbstractBuilder.accept(AbstractBuilder.java:54)
Caused by: com.github.javaparser.resolution.UnsolvedSymbolException: Unsolved symbol in de.uka.ilkd.key.java.JavaParserFactory$DynamicTypeSolver@39ac9725 : java.lang.Object
	at com.github.javaparser.resolution.TypeSolver.solveType(TypeSolver.java:71)

102185     ERROR Test worker     d.u.i.k.n.b.TacletPBuilder Override: inv (formula) inv (formula) 
102185     ERROR Test worker     d.u.i.k.n.b.TacletPBuilder Override: freeInv (formula) freeInv (formula) 
102185     ERROR Test worker     d.u.i.k.n.b.TacletPBuilder Override: loopFormula (formula) loopFormula (formula) 
102185     ERROR Test worker     d.u.i.k.n.b.TacletPBuilder Override: #loopStmt (program Statement) #loopStmt (program Statement) 
102185     ERROR Test worker     d.u.i.k.n.b.TacletPBuilder Override: anon_heap_LOOP (Heap skolem term) anon_heap_LOOP (Heap skolem term) 
102185     ERROR Test worker     d.u.i.k.n.b.TacletPBuilder Override: anon_savedHeap_LOOP (Heap skolem term) anon_savedHeap_LOOP (Heap skolem term) 
102185     ERROR Test worker     d.u.i.k.n.b.TacletPBuilder Override: anon_permissions_LOOP (Heap skolem term) anon_permissions_LOOP (Heap skolem term) 
102185     ERROR Test worker     d.u.i.k.n.b.TacletPBuilder Override: #heapBefore_LOOP (program Variable) #heapBefore_LOOP (program Variable) 
102185     ERROR Test worker     d.u.i.k.n.b.TacletPBuilder Override: #savedHeapBefore_LOOP (program Variable) #savedHeapBefore_LOOP (program Variable) 
102185     ERROR Test worker     d.u.i.k.n.b.TacletPBuilder Override: #permissionsBefore_LOOP (program Variable) #permissionsBefore_LOOP (program Variable) 
102185     ERROR Test worker     d.u.i.k.n.b.AbstractBuilder  com.github.javaparser.resolution.UnsolvedSymbolException: Unsolved symbol in de.uka.ilkd.key.java.JavaParserFactory$DynamicTypeSolver@39ac9725 : java.lang.Object
	at com.github.javaparser.resolution.TypeSolver.solveType(TypeSolver.java:71)

102185     ERROR Test worker     d.u.i.k.n.b.TacletPBuilder Error in parsing taclet. de.uka.ilkd.key.util.parsing.BuildingException: Unsolved symbol in de.uka.ilkd.key.java.JavaParserFactory$DynamicTypeSolver@39ac9725 : java.lang.Object at file:/D:/a/key/key/key.core/build/resources/main/de/uka/ilkd/key/proof/rules/loopScopeRules.key:297:16
	at de.uka.ilkd.key.nparser.builder.AbstractBuilder.accept(AbstractBuilder.java:54)
Caused by: com.github.javaparser.resolution.UnsolvedSymbolException: Unsolved symbol in de.uka.ilkd.key.java.JavaParserFactory$DynamicTypeSolver@39ac9725 : java.lang.Object
	at com.github.javaparser.resolution.TypeSolver.solveType(TypeSolver.java:71)

102202     ERROR Test worker     d.u.i.k.n.b.AbstractBuilder  com.github.javaparser.resolution.UnsolvedSymbolException: Unsolved symbol in de.uka.ilkd.key.java.JavaParserFactory$DynamicTypeSolver@39ac9725 : java.lang.Object
	at com.github.javaparser.resolution.TypeSolver.solveType(TypeSolver.java:71)

102202     ERROR Test worker     d.u.i.k.n.b.TacletPBuilder Error in parsing taclet. de.uka.ilkd.key.util.parsing.BuildingException: Unsolved symbol in de.uka.ilkd.key.java.JavaParserFactory$DynamicTypeSolver@39ac9725 : java.lang.Object at file:/D:/a/key/key/key.core/build/resources/main/de/uka/ilkd/key/proof/rules/loopScopeRules.key:375:15
	at de.uka.ilkd.key.nparser.builder.AbstractBuilder.accept(AbstractBuilder.java:54)
Caused by: com.github.javaparser.resolution.UnsolvedSymbolException: Unsolved symbol in de.uka.ilkd.key.java.JavaParserFactory$DynamicTypeSolver@39ac9725 : java.lang.Object
	at com.github.javaparser.resolution.TypeSolver.solveType(TypeSolver.java:71)

102203     ERROR Test worker     d.u.i.k.n.b.AbstractBuilder  com.github.javaparser.resolution.UnsolvedSymbolException: Unsolved symbol in de.uka.ilkd.key.java.JavaParserFactory$DynamicTypeSolver@39ac9725 : java.lang.Object
	at com.github.javaparser.resolution.TypeSolver.solveType(TypeSolver.java:71)

102203     ERROR Test worker     d.u.i.k.n.b.TacletPBuilder Error in parsing taclet. de.uka.ilkd.key.util.parsing.BuildingException: Unsolved symbol in de.uka.ilkd.key.java.JavaParserFactory$DynamicTypeSolver@39ac9725 : java.lang.Object at file:/D:/a/key/key/key.core/build/resources/main/de/uka/ilkd/key/proof/rules/loopScopeRules.key:381:15
	at de.uka.ilkd.key.nparser.builder.AbstractBuilder.accept(AbstractBuilder.java:54)
Caused by: com.github.javaparser.resolution.UnsolvedSymbolException: Unsolved symbol in de.uka.ilkd.key.java.JavaParserFactory$DynamicTypeSolver@39ac9725 : java.lang.Object
	at com.github.javaparser.resolution.TypeSolver.solveType(TypeSolver.java:71)

102203     ERROR Test worker     d.u.i.k.n.b.AbstractBuilder  com.github.javaparser.resolution.UnsolvedSymbolException: Unsolved symbol in de.uka.ilkd.key.java.JavaParserFactory$DynamicTypeSolver@39ac9725 : java.lang.Object
	at com.github.javaparser.resolution.TypeSolver.solveType(TypeSolver.java:71)

102203     ERROR Test worker     d.u.i.k.n.b.TacletPBuilder Error in parsing taclet. de.uka.ilkd.key.util.parsing.BuildingException: Unsolved symbol in de.uka.ilkd.key.java.JavaParserFactory$DynamicTypeSolver@39ac9725 : java.lang.Object at file:/D:/a/key/key/key.core/build/resources/main/de/uka/ilkd/key/proof/rules/loopScopeRules.key:387:15
	at de.uka.ilkd.key.nparser.builder.AbstractBuilder.accept(AbstractBuilder.java:54)
Caused by: com.github.javaparser.resolution.UnsolvedSymbolException: Unsolved symbol in de.uka.ilkd.key.java.JavaParserFactory$DynamicTypeSolver@39ac9725 : java.lang.Object
	at com.github.javaparser.resolution.TypeSolver.solveType(TypeSolver.java:71)

102203     ERROR Test worker     d.u.i.k.n.b.AbstractBuilder  com.github.javaparser.resolution.UnsolvedSymbolException: Unsolved symbol in de.uka.ilkd.key.java.JavaParserFactory$DynamicTypeSolver@39ac9725 : java.lang.Object
	at com.github.javaparser.resolution.TypeSolver.solveType(TypeSolver.java:71)

102203     ERROR Test worker     d.u.i.k.n.b.TacletPBuilder Error in parsing taclet. de.uka.ilkd.key.util.parsing.BuildingException: Unsolved symbol in de.uka.ilkd.key.java.JavaParserFactory$DynamicTypeSolver@39ac9725 : java.lang.Object at file:/D:/a/key/key/key.core/build/resources/main/de/uka/ilkd/key/proof/rules/loopScopeRules.key:395:15
	at de.uka.ilkd.key.nparser.builder.AbstractBuilder.accept(AbstractBuilder.java:54)
Caused by: com.github.javaparser.resolution.UnsolvedSymbolException: Unsolved symbol in de.uka.ilkd.key.java.JavaParserFactory$DynamicTypeSolver@39ac9725 : java.lang.Object
	at com.github.javaparser.resolution.TypeSolver.solveType(TypeSolver.java:71)

102203     ERROR Test worker     d.u.i.k.n.b.TacletPBuilder Override: #lsStmt (program Statement) #lsStmt (program Statement) 
102203     ERROR Test worker     d.u.i.k.n.b.AbstractBuilder  com.github.javaparser.resolution.UnsolvedSymbolException: Unsolved symbol in de.uka.ilkd.key.java.JavaParserFactory$DynamicTypeSolver@39ac9725 : java.lang.Object
	at com.github.javaparser.resolution.TypeSolver.solveType(TypeSolver.java:71)

102203     ERROR Test worker     d.u.i.k.n.b.TacletPBuilder Error in parsing taclet. de.uka.ilkd.key.util.parsing.BuildingException: Unsolved symbol in de.uka.ilkd.key.java.JavaParserFactory$DynamicTypeSolver@39ac9725 : java.lang.Object at file:/D:/a/key/key/key.core/build/resources/main/de/uka/ilkd/key/proof/rules/loopScopeRules.key:410:15
	at de.uka.ilkd.key.nparser.builder.AbstractBuilder.accept(AbstractBuilder.java:54)
Caused by: com.github.javaparser.resolution.UnsolvedSymbolException: Unsolved symbol in de.uka.ilkd.key.java.JavaParserFactory$DynamicTypeSolver@39ac9725 : java.lang.Object
	at com.github.javaparser.resolution.TypeSolver.solveType(TypeSolver.java:71)

102203     ERROR Test worker     d.u.i.k.n.b.AbstractBuilder  com.github.javaparser.resolution.UnsolvedSymbolException: Unsolved symbol in de.uka.ilkd.key.java.JavaParserFactory$DynamicTypeSolver@39ac9725 : java.lang.Object
	at com.github.javaparser.resolution.TypeSolver.solveType(TypeSolver.java:71)

102203     ERROR Test worker     d.u.i.k.n.b.TacletPBuilder Error in parsing taclet. de.uka.ilkd.key.util.parsing.BuildingException: Unsolved symbol in de.uka.ilkd.key.java.JavaParserFactory$DynamicTypeSolver@39ac9725 : java.lang.Object at file:/D:/a/key/key/key.core/build/resources/main/de/uka/ilkd/key/proof/rules/loopScopeRules.key:418:15
	at de.uka.ilkd.key.nparser.builder.AbstractBuilder.accept(AbstractBuilder.java:54)
Caused by: com.github.javaparser.resolution.UnsolvedSymbolException: Unsolved symbol in de.uka.ilkd.key.java.JavaParserFactory$DynamicTypeSolver@39ac9725 : java.lang.Object
	at com.github.javaparser.resolution.TypeSolver.solveType(TypeSolver.java:71)

102203     ERROR Test worker     d.u.i.k.n.b.AbstractBuilder  com.github.javaparser.resolution.UnsolvedSymbolException: Unsolved symbol in de.uka.ilkd.key.java.JavaParserFactory$DynamicTypeSolver@39ac9725 : java.lang.Object
	at com.github.javaparser.resolution.TypeSolver.solveType(TypeSolver.java:71)

102203     ERROR Test worker     d.u.i.k.n.b.TacletPBuilder Error in parsing taclet. de.uka.ilkd.key.util.parsing.BuildingException: Unsolved symbol in de.uka.ilkd.key.java.JavaParserFactory$DynamicTypeSolver@39ac9725 : java.lang.Object at file:/D:/a/key/key/key.core/build/resources/main/de/uka/ilkd/key/proof/rules/loopScopeRules.key:424:15
	at de.uka.ilkd.key.nparser.builder.AbstractBuilder.accept(AbstractBuilder.java:54)
Caused by: com.github.javaparser.resolution.UnsolvedSymbolException: Unsolved symbol in de.uka.ilkd.key.java.JavaParserFactory$DynamicTypeSolver@39ac9725 : java.lang.Object
	at com.github.javaparser.resolution.TypeSolver.solveType(TypeSolver.java:71)

102203     ERROR Test worker     d.u.i.k.n.b.AbstractBuilder  com.github.javaparser.resolution.UnsolvedSymbolException: Unsolved symbol in de.uka.ilkd.key.java.JavaParserFactory$DynamicTypeSolver@39ac9725 : java.lang.Object
	at com.github.javaparser.resolution.TypeSolver.solveType(TypeSolver.java:71)

102203     ERROR Test worker     d.u.i.k.n.b.TacletPBuilder Error in parsing taclet. de.uka.ilkd.key.util.parsing.BuildingException: Unsolved symbol in de.uka.ilkd.key.java.JavaParserFactory$DynamicTypeSolver@39ac9725 : java.lang.Object at file:/D:/a/key/key/key.core/build/resources/main/de/uka/ilkd/key/proof/rules/loopScopeRules.key:430:15
	at de.uka.ilkd.key.nparser.builder.AbstractBuilder.accept(AbstractBuilder.java:54)
Caused by: com.github.javaparser.resolution.UnsolvedSymbolException: Unsolved symbol in de.uka.ilkd.key.java.JavaParserFactory$DynamicTypeSolver@39ac9725 : java.lang.Object
	at com.github.javaparser.resolution.TypeSolver.solveType(TypeSolver.java:71)

102219     ERROR Test worker     d.u.i.k.n.b.AbstractBuilder  com.github.javaparser.resolution.UnsolvedSymbolException: Unsolved symbol in de.uka.ilkd.key.java.JavaParserFactory$DynamicTypeSolver@39ac9725 : java.lang.Object
	at com.github.javaparser.resolution.TypeSolver.solveType(TypeSolver.java:71)

102219     ERROR Test worker     d.u.i.k.n.b.TacletPBuilder Error in parsing taclet. de.uka.ilkd.key.util.parsing.BuildingException: Unsolved symbol in de.uka.ilkd.key.java.JavaParserFactory$DynamicTypeSolver@39ac9725 : java.lang.Object at file:/D:/a/key/key/key.core/build/resources/main/de/uka/ilkd/key/proof/rules/loopScopeRules.key:436:15
	at de.uka.ilkd.key.nparser.builder.AbstractBuilder.accept(AbstractBuilder.java:54)
Caused by: com.github.javaparser.resolution.UnsolvedSymbolException: Unsolved symbol in de.uka.ilkd.key.java.JavaParserFactory$DynamicTypeSolver@39ac9725 : java.lang.Object
	at com.github.javaparser.resolution.TypeSolver.solveType(TypeSolver.java:71)

102219     ERROR Test worker     d.u.i.k.n.b.AbstractBuilder  com.github.javaparser.resolution.UnsolvedSymbolException: Unsolved symbol in de.uka.ilkd.key.java.JavaParserFactory$DynamicTypeSolver@39ac9725 : java.lang.Object
	at com.github.javaparser.resolution.TypeSolver.solveType(TypeSolver.java:71)

102219     ERROR Test worker     d.u.i.k.n.b.TacletPBuilder Error in parsing taclet. de.uka.ilkd.key.util.parsing.BuildingException: Unsolved symbol in de.uka.ilkd.key.java.JavaParserFactory$DynamicTypeSolver@39ac9725 : java.lang.Object at file:/D:/a/key/key/key.core/build/resources/main/de/uka/ilkd/key/proof/rules/loopScopeRules.key:446:15
	at de.uka.ilkd.key.nparser.builder.AbstractBuilder.accept(AbstractBuilder.java:54)
Caused by: com.github.javaparser.resolution.UnsolvedSymbolException: Unsolved symbol in de.uka.ilkd.key.java.JavaParserFactory$DynamicTypeSolver@39ac9725 : java.lang.Object
	at com.github.javaparser.resolution.TypeSolver.solveType(TypeSolver.java:71)

102219     ERROR Test worker     d.u.i.k.n.b.AbstractBuilder  com.github.javaparser.resolution.UnsolvedSymbolException: Unsolved symbol in de.uka.ilkd.key.java.JavaParserFactory$DynamicTypeSolver@39ac9725 : java.lang.Object
	at com.github.javaparser.resolution.TypeSolver.solveType(TypeSolver.java:71)

102219     ERROR Test worker     d.u.i.k.n.b.TacletPBuilder Error in parsing taclet. de.uka.ilkd.key.util.parsing.BuildingException: Unsolved symbol in de.uka.ilkd.key.java.JavaParserFactory$DynamicTypeSolver@39ac9725 : java.lang.Object at file:/D:/a/key/key/key.core/build/resources/main/de/uka/ilkd/key/proof/rules/loopScopeRules.key:452:15
	at de.uka.ilkd.key.nparser.builder.AbstractBuilder.accept(AbstractBuilder.java:54)
Caused by: com.github.javaparser.resolution.UnsolvedSymbolException: Unsolved symbol in de.uka.ilkd.key.java.JavaParserFactory$DynamicTypeSolver@39ac9725 : java.lang.Object
	at com.github.javaparser.resolution.TypeSolver.solveType(TypeSolver.java:71)

102219     ERROR Test worker     d.u.i.k.n.b.AbstractBuilder  com.github.javaparser.resolution.UnsolvedSymbolException: Unsolved symbol in de.uka.ilkd.key.java.JavaParserFactory$DynamicTypeSolver@39ac9725 : java.lang.Object
	at com.github.javaparser.resolution.TypeSolver.solveType(TypeSolver.java:71)

102219     ERROR Test worker     d.u.i.k.n.b.TacletPBuilder Error in parsing taclet. de.uka.ilkd.key.util.parsing.BuildingException: Unsolved symbol in de.uka.ilkd.key.java.JavaParserFactory$DynamicTypeSolver@39ac9725 : java.lang.Object at file:/D:/a/key/key/key.core/build/resources/main/de/uka/ilkd/key/proof/rules/loopScopeRules.key:458:15
	at de.uka.ilkd.key.nparser.builder.AbstractBuilder.accept(AbstractBuilder.java:54)
Caused by: com.github.javaparser.resolution.UnsolvedSymbolException: Unsolved symbol in de.uka.ilkd.key.java.JavaParserFactory$DynamicTypeSolver@39ac9725 : java.lang.Object
	at com.github.javaparser.resolution.TypeSolver.solveType(TypeSolver.java:71)

102219     ERROR Test worker     d.u.i.k.n.b.AbstractBuilder  com.github.javaparser.resolution.UnsolvedSymbolException: Unsolved symbol in de.uka.ilkd.key.java.JavaParserFactory$DynamicTypeSolver@39ac9725 : java.lang.Object
	at com.github.javaparser.resolution.TypeSolver.solveType(TypeSolver.java:71)

102219     ERROR Test worker     d.u.i.k.n.b.TacletPBuilder Error in parsing taclet. de.uka.ilkd.key.util.parsing.BuildingException: Unsolved symbol in de.uka.ilkd.key.java.JavaParserFactory$DynamicTypeSolver@39ac9725 : java.lang.Object at file:/D:/a/key/key/key.core/build/resources/main/de/uka/ilkd/key/proof/rules/loopScopeRules.key:464:15
	at de.uka.ilkd.key.nparser.builder.AbstractBuilder.accept(AbstractBuilder.java:54)
Caused by: com.github.javaparser.resolution.UnsolvedSymbolException: Unsolved symbol in de.uka.ilkd.key.java.JavaParserFactory$DynamicTypeSolver@39ac9725 : java.lang.Object
	at com.github.javaparser.resolution.TypeSolver.solveType(TypeSolver.java:71)

102360     ERROR Test worker     d.u.i.k.j.KeYJPMapping    Duplicate registration of node: boolean, formerNode: /*@ pure @*/
boolean 
102375     ERROR Test worker     d.u.i.k.j.KeYJPMapping    Duplicate registration of node: Object, formerNode: java.lang.Object 
102375     ERROR Test worker     d.u.i.k.j.KeYJPMapping    Duplicate registration of node: Object, formerNode: java.lang.Object 
102375     ERROR Test worker     d.u.i.k.j.KeYJPMapping    Duplicate registration of node: Annotation, formerNode: Annotation 
102375     ERROR Test worker     d.u.i.k.j.KeYJPMapping    Duplicate registration of node: ArithmeticException, formerNode: ArithmeticException 
102375     ERROR Test worker     d.u.i.k.j.KeYJPMapping    Duplicate registration of node: ArrayIndexOutOfBoundsException, formerNode: ArrayIndexOutOfBoundsException 
102375     ERROR Test worker     d.u.i.k.j.KeYJPMapping    Duplicate registration of node: ArrayStoreException, formerNode: ArrayStoreException 
102375     ERROR Test worker     d.u.i.k.j.KeYJPMapping    Duplicate registration of node: AssertionError, formerNode: AssertionError 
102375     ERROR Test worker     d.u.i.k.j.KeYJPMapping    Duplicate registration of node: Character, formerNode: Character 
102375     ERROR Test worker     d.u.i.k.j.KeYJPMapping    Duplicate registration of node: Class, formerNode: java.lang.Class 
102375     ERROR Test worker     d.u.i.k.j.KeYJPMapping    Duplicate registration of node: Class, formerNode: java.lang.Class 
102375     ERROR Test worker     d.u.i.k.j.KeYJPMapping    Duplicate registration of node: ClassCastException, formerNode: ClassCastException 
102375     ERROR Test worker     d.u.i.k.j.KeYJPMapping    Duplicate registration of node: CloneNotSupportedException, formerNode: CloneNotSupportedException 
102375     ERROR Test worker     d.u.i.k.j.KeYJPMapping    Duplicate registration of node: Cloneable, formerNode: Cloneable 
102375     ERROR Test worker     d.u.i.k.j.KeYJPMapping    Duplicate registration of node: Comparable, formerNode: Comparable 
102375     ERROR Test worker     d.u.i.k.j.KeYJPMapping    Duplicate registration of node: Double, formerNode: Double 
102391     ERROR Test worker     d.u.i.k.j.KeYJPMapping    Duplicate registration of node: Enum, formerNode: java.lang.Enum 
102391     ERROR Test worker     d.u.i.k.j.KeYJPMapping    Duplicate registration of node: Enum, formerNode: java.lang.Enum 
102391     ERROR Test worker     d.u.i.k.j.KeYJPMapping    Duplicate registration of node: Error, formerNode: Error 
102391     ERROR Test worker     d.u.i.k.j.KeYJPMapping    Duplicate registration of node: Exception, formerNode: Exception 
102391     ERROR Test worker     d.u.i.k.j.KeYJPMapping    Duplicate registration of node: ExceptionInInitializerError, formerNode: java.lang.ExceptionInInitializerError 
102391     ERROR Test worker     d.u.i.k.j.KeYJPMapping    Duplicate registration of node: ExceptionInInitializerError, formerNode: java.lang.ExceptionInInitializerError 
102391     ERROR Test worker     d.u.i.k.j.KeYJPMapping    Duplicate registration of node: Float, formerNode: Float 
102391     ERROR Test worker     d.u.i.k.j.KeYJPMapping    Duplicate registration of node: IllegalArgumentException, formerNode: IllegalArgumentException 
102391     ERROR Test worker     d.u.i.k.j.KeYJPMapping    Duplicate registration of node: IndexOutOfBoundsException, formerNode: IndexOutOfBoundsException 
102407     ERROR Test worker     d.u.i.k.j.KeYJPMapping    Duplicate registration of node: Integer, formerNode: java.lang.Integer 
102407     ERROR Test worker     d.u.i.k.j.KeYJPMapping    Duplicate registration of node: Integer, formerNode: java.lang.Integer 
102407     ERROR Test worker     d.u.i.k.j.KeYJPMapping    Duplicate registration of node: InterruptedException, formerNode: InterruptedException 
102407     ERROR Test worker     d.u.i.k.j.KeYJPMapping    Duplicate registration of node: Iterable, formerNode: Iterable 
102407     ERROR Test worker     d.u.i.k.j.KeYJPMapping    Duplicate registration of node: LinkageError, formerNode: LinkageError 
102407     ERROR Test worker     d.u.i.k.j.KeYJPMapping    Duplicate registration of node: Math, formerNode: Math 
102422     ERROR Test worker     d.u.i.k.j.KeYJPMapping    Duplicate registration of node: NegativeArraySizeException, formerNode: NegativeArraySizeException 
102422     ERROR Test worker     d.u.i.k.j.KeYJPMapping    Duplicate registration of node: NoClassDefFoundError, formerNode: java.lang.NoClassDefFoundError 
102422     ERROR Test worker     d.u.i.k.j.KeYJPMapping    Duplicate registration of node: NoClassDefFoundError, formerNode: java.lang.NoClassDefFoundError 
102422     ERROR Test worker     d.u.i.k.j.KeYJPMapping    Duplicate registration of node: NullPointerException, formerNode: NullPointerException 
102422     ERROR Test worker     d.u.i.k.j.KeYJPMapping    Duplicate registration of node: Number, formerNode: Number 
102422     ERROR Test worker     d.u.i.k.j.KeYJPMapping    Duplicate registration of node: NumberFormatException, formerNode: NumberFormatException 
102422     ERROR Test worker     d.u.i.k.j.KeYJPMapping    Duplicate registration of node: VirtualMachineError, formerNode: VirtualMachineError 
102422     ERROR Test worker     d.u.i.k.j.KeYJPMapping    Duplicate registration of node: OutOfMemoryError, formerNode: OutOfMemoryError 
102422     ERROR Test worker     d.u.i.k.j.KeYJPMapping    Duplicate registration of node: Runnable, formerNode: Runnable 
102422     ERROR Test worker     d.u.i.k.j.KeYJPMapping    Duplicate registration of node: RuntimeException, formerNode: RuntimeException 
102422     ERROR Test worker     d.u.i.k.j.KeYJPMapping    Duplicate registration of node: /*@pure*/
int, formerNode: int 
102422     ERROR Test worker     d.u.i.k.j.KeYJPMapping    Duplicate registration of node: /*@ helper */
int, formerNode: int 
102422     ERROR Test worker     d.u.i.k.j.KeYJPMapping    Duplicate registration of node: /*@ helper */
boolean, formerNode: /*@ pure @*/
boolean 
102438     ERROR Test worker     d.u.i.k.j.KeYJPMapping    Duplicate registration of node: /*@ helper */
java.lang.String, formerNode: java.lang.String 
102438     ERROR Test worker     d.u.i.k.j.KeYJPMapping    Duplicate registration of node: String, formerNode: java.lang.String 
102453     ERROR Test worker     d.u.i.k.j.KeYJPMapping    Duplicate registration of node: String, formerNode: java.lang.String 
102453     ERROR Test worker     d.u.i.k.j.KeYJPMapping    Duplicate registration of node: char, formerNode: /*@ helper */
char 
102453     ERROR Test worker     d.u.i.k.j.KeYJPMapping    Duplicate registration of node: StringBuffer, formerNode: StringBuffer 
102469     ERROR Test worker     d.u.i.k.j.KeYJPMapping    Duplicate registration of node: System, formerNode: System 
102469     ERROR Test worker     d.u.i.k.j.KeYJPMapping    Duplicate registration of node: Thread, formerNode: Thread 
102469     ERROR Test worker     d.u.i.k.j.KeYJPMapping    Duplicate registration of node: Throwable, formerNode: java.lang.Throwable 
102469     ERROR Test worker     d.u.i.k.j.KeYJPMapping    Duplicate registration of node: Throwable, formerNode: java.lang.Throwable 
102469     ERROR Test worker     d.u.i.k.j.KeYJPMapping    Duplicate registration of node: Collection, formerNode: Collection 
102469     ERROR Test worker     d.u.i.k.j.KeYJPMapping    Duplicate registration of node: Iterator, formerNode: java.util.Iterator 
102469     ERROR Test worker     d.u.i.k.j.KeYJPMapping    Duplicate registration of node: Iterator, formerNode: java.util.Iterator 
102485     ERROR Test worker     d.u.i.k.j.KeYJPMapping    Duplicate registration of node: List, formerNode: java.util.List 
102485     ERROR Test worker     d.u.i.k.j.KeYJPMapping    Duplicate registration of node: List, formerNode: java.util.List 
102485     ERROR Test worker     d.u.i.k.j.KeYJPMapping    Duplicate registration of node: ListIterator, formerNode: java.util.ListIterator 
102485     ERROR Test worker     d.u.i.k.j.KeYJPMapping    Duplicate registration of node: ListIterator, formerNode: java.util.ListIterator 
102485     ERROR Test worker     d.u.i.k.j.KeYJPMapping    Duplicate registration of node: Long, formerNode: Long 
102485     ERROR Test worker     d.u.i.k.j.KeYJPMapping    Duplicate registration of node: Boolean, formerNode: Boolean 
102485     ERROR Test worker     d.u.i.k.j.KeYJPMapping    Duplicate registration of node: Map, formerNode: Map 
102485     ERROR Test worker     d.u.i.k.j.KeYJPMapping    Duplicate registration of node: Set, formerNode: java.util.Set 
102485     ERROR Test worker     d.u.i.k.j.KeYJPMapping    Duplicate registration of node: Set, formerNode: java.util.Set 
102485     ERROR Test worker     d.u.i.k.j.KeYJPMapping    Duplicate registration of node: FilterOutputStream, formerNode: FilterOutputStream 
102485     ERROR Test worker     d.u.i.k.j.KeYJPMapping    Duplicate registration of node: InputStream, formerNode: java.io.InputStream 
102485     ERROR Test worker     d.u.i.k.j.KeYJPMapping    Duplicate registration of node: InputStream, formerNode: java.io.InputStream 
102500     ERROR Test worker     d.u.i.k.j.KeYJPMapping    Duplicate registration of node: IOException, formerNode: IOException 
102500     ERROR Test worker     d.u.i.k.j.KeYJPMapping    Duplicate registration of node: OutputStream, formerNode: java.io.OutputStream 
102500     ERROR Test worker     d.u.i.k.j.KeYJPMapping    Duplicate registration of node: OutputStream, formerNode: java.io.OutputStream 
102500     ERROR Test worker     d.u.i.k.j.KeYJPMapping    Duplicate registration of node: PrintStream, formerNode: java.io.PrintStream 
102500     ERROR Test worker     d.u.i.k.j.KeYJPMapping    Duplicate registration of node: PrintStream, formerNode: java.io.PrintStream 
102500     ERROR Test worker     d.u.i.k.j.KeYJPMapping    Duplicate registration of node: Serializable, formerNode: Serializable 
102500     ERROR Test worker     d.u.i.k.j.KeYJPMapping    Duplicate registration of node: BigInteger, formerNode: java.math.BigInteger 
102500     ERROR Test worker     d.u.i.k.j.KeYJPMapping    Duplicate registration of node: BigInteger, formerNode: java.math.BigInteger 
102500     ERROR Test worker     d.u.i.k.j.KeYJPMapping    Duplicate registration of node: ArrayList, formerNode: ArrayList 
102500     ERROR Test worker     d.u.i.k.j.KeYJPMapping    Duplicate registration of node: byte[], formerNode: byte[] 
102516     ERROR Test worker     d.u.i.k.j.KeYJPMapping    Duplicate registration of node: Arrays, formerNode: Arrays 
102532     ERROR Test worker     d.u.i.k.j.KeYJPMapping    Duplicate registration of node: ListIteratorImpl, formerNode: ListIteratorImpl 
102532     ERROR Test worker     d.u.i.k.j.KeYJPMapping    Duplicate registration of node: Date, formerNode: Date 
102532     ERROR Test worker     d.u.i.k.j.KeYJPMapping    Duplicate registration of node: LinkedHashMap, formerNode: LinkedHashMap 
102532     ERROR Test worker     d.u.i.k.j.KeYJPMapping    Duplicate registration of node: /*@pure@*/
String, formerNode: /*@strictly_pure*/
java.lang.String 
102532     ERROR Test worker     d.u.i.k.j.KeYJPMapping    Duplicate registration of node: LinkedList, formerNode: LinkedList 
102532     ERROR Test worker     d.u.i.k.j.KeYJPMapping    Duplicate registration of node: A, formerNode: A 
102532     ERROR Test worker     d.u.i.k.j.KeYJPMapping    Duplicate registration of node: Gcd, formerNode: Gcd 
102532     ERROR Test worker     d.u.i.k.j.KeYJPMapping    Duplicate registration of node: a = -a;, formerNode: a = -a 
102532     ERROR Test worker     d.u.i.k.j.KeYJPMapping    Duplicate registration of node: b = -b;, formerNode: b = -b 
102578     DEBUG Test worker     d.u.i.k.p.i.AbstractProblemLoader Init config took 2.84s 
102578     INFO  Test worker     d.u.i.k.p.i.AbstractProblemLoader Loading environment from src\test\resources\testcase\merge\A.differentVarsWithSameName.MPS.cut.closed.proof 
102578     DEBUG Test worker     d.u.i.k.p.i.AbstractProblemLoader Environment load took 98ns 
102578     INFO  Test worker     d.u.i.k.p.i.AbstractProblemLoader Creating init config 
102797     ERROR Test worker     d.u.i.k.j.KeYJPMapping    Duplicate registration of node: boolean, formerNode: /*@ pure @*/
boolean 
102797     ERROR Test worker     d.u.i.k.j.KeYJPMapping    Duplicate registration of node: Object, formerNode: java.lang.Object 
102797     ERROR Test worker     d.u.i.k.j.KeYJPMapping    Duplicate registration of node: Object, formerNode: java.lang.Object 
102797     ERROR Test worker     d.u.i.k.j.KeYJPMapping    Duplicate registration of node: Annotation, formerNode: Annotation 
102797     ERROR Test worker     d.u.i.k.j.KeYJPMapping    Duplicate registration of node: ArithmeticException, formerNode: ArithmeticException 
102813     ERROR Test worker     d.u.i.k.j.KeYJPMapping    Duplicate registration of node: ArrayIndexOutOfBoundsException, formerNode: ArrayIndexOutOfBoundsException 
102813     ERROR Test worker     d.u.i.k.j.KeYJPMapping    Duplicate registration of node: ArrayStoreException, formerNode: ArrayStoreException 
102813     ERROR Test worker     d.u.i.k.j.KeYJPMapping    Duplicate registration of node: AssertionError, formerNode: AssertionError 
102813     ERROR Test worker     d.u.i.k.j.KeYJPMapping    Duplicate registration of node: Character, formerNode: Character 
102813     ERROR Test worker     d.u.i.k.j.KeYJPMapping    Duplicate registration of node: Class, formerNode: java.lang.Class 
102813     ERROR Test worker     d.u.i.k.j.KeYJPMapping    Duplicate registration of node: Class, formerNode: java.lang.Class 
102813     ERROR Test worker     d.u.i.k.j.KeYJPMapping    Duplicate registration of node: ClassCastException, formerNode: ClassCastException 
102813     ERROR Test worker     d.u.i.k.j.KeYJPMapping    Duplicate registration of node: CloneNotSupportedException, formerNode: CloneNotSupportedException 
102813     ERROR Test worker     d.u.i.k.j.KeYJPMapping    Duplicate registration of node: Cloneable, formerNode: Cloneable 
102813     ERROR Test worker     d.u.i.k.j.KeYJPMapping    Duplicate registration of node: Comparable, formerNode: Comparable 
102813     ERROR Test worker     d.u.i.k.j.KeYJPMapping    Duplicate registration of node: Double, formerNode: Double 
102813     ERROR Test worker     d.u.i.k.j.KeYJPMapping    Duplicate registration of node: Enum, formerNode: java.lang.Enum 
102813     ERROR Test worker     d.u.i.k.j.KeYJPMapping    Duplicate registration of node: Enum, formerNode: java.lang.Enum 
102813     ERROR Test worker     d.u.i.k.j.KeYJPMapping    Duplicate registration of node: Error, formerNode: Error 
102828     ERROR Test worker     d.u.i.k.j.KeYJPMapping    Duplicate registration of node: Exception, formerNode: Exception 
102828     ERROR Test worker     d.u.i.k.j.KeYJPMapping    Duplicate registration of node: ExceptionInInitializerError, formerNode: java.lang.ExceptionInInitializerError 
102828     ERROR Test worker     d.u.i.k.j.KeYJPMapping    Duplicate registration of node: ExceptionInInitializerError, formerNode: java.lang.ExceptionInInitializerError 
102828     ERROR Test worker     d.u.i.k.j.KeYJPMapping    Duplicate registration of node: Float, formerNode: Float 
102828     ERROR Test worker     d.u.i.k.j.KeYJPMapping    Duplicate registration of node: IllegalArgumentException, formerNode: IllegalArgumentException 
102828     ERROR Test worker     d.u.i.k.j.KeYJPMapping    Duplicate registration of node: IndexOutOfBoundsException, formerNode: IndexOutOfBoundsException 
102844     ERROR Test worker     d.u.i.k.j.KeYJPMapping    Duplicate registration of node: Integer, formerNode: java.lang.Integer 
102844     ERROR Test worker     d.u.i.k.j.KeYJPMapping    Duplicate registration of node: Integer, formerNode: java.lang.Integer 
102844     ERROR Test worker     d.u.i.k.j.KeYJPMapping    Duplicate registration of node: InterruptedException, formerNode: InterruptedException 
102844     ERROR Test worker     d.u.i.k.j.KeYJPMapping    Duplicate registration of node: Iterable, formerNode: Iterable 
102844     ERROR Test worker     d.u.i.k.j.KeYJPMapping    Duplicate registration of node: LinkageError, formerNode: LinkageError 
102844     ERROR Test worker     d.u.i.k.j.KeYJPMapping    Duplicate registration of node: Math, formerNode: Math 
102844     ERROR Test worker     d.u.i.k.j.KeYJPMapping    Duplicate registration of node: NegativeArraySizeException, formerNode: NegativeArraySizeException 
102860     ERROR Test worker     d.u.i.k.j.KeYJPMapping    Duplicate registration of node: NoClassDefFoundError, formerNode: java.lang.NoClassDefFoundError 
102860     ERROR Test worker     d.u.i.k.j.KeYJPMapping    Duplicate registration of node: NoClassDefFoundError, formerNode: java.lang.NoClassDefFoundError 
102860     ERROR Test worker     d.u.i.k.j.KeYJPMapping    Duplicate registration of node: NullPointerException, formerNode: NullPointerException 
102860     ERROR Test worker     d.u.i.k.j.KeYJPMapping    Duplicate registration of node: Number, formerNode: Number 
102860     ERROR Test worker     d.u.i.k.j.KeYJPMapping    Duplicate registration of node: NumberFormatException, formerNode: NumberFormatException 
102860     ERROR Test worker     d.u.i.k.j.KeYJPMapping    Duplicate registration of node: VirtualMachineError, formerNode: VirtualMachineError 
102860     ERROR Test worker     d.u.i.k.j.KeYJPMapping    Duplicate registration of node: OutOfMemoryError, formerNode: OutOfMemoryError 
102860     ERROR Test worker     d.u.i.k.j.KeYJPMapping    Duplicate registration of node: Runnable, formerNode: Runnable 
102860     ERROR Test worker     d.u.i.k.j.KeYJPMapping    Duplicate registration of node: RuntimeException, formerNode: RuntimeException 
102860     ERROR Test worker     d.u.i.k.j.KeYJPMapping    Duplicate registration of node: /*@pure*/
int, formerNode: int 
102860     ERROR Test worker     d.u.i.k.j.KeYJPMapping    Duplicate registration of node: /*@ helper */
int, formerNode: int 
102860     ERROR Test worker     d.u.i.k.j.KeYJPMapping    Duplicate registration of node: /*@ helper */
boolean, formerNode: /*@ pure @*/
boolean 
102880     ERROR Test worker     d.u.i.k.j.KeYJPMapping    Duplicate registration of node: /*@ helper */
java.lang.String, formerNode: java.lang.String 
102880     ERROR Test worker     d.u.i.k.j.KeYJPMapping    Duplicate registration of node: String, formerNode: java.lang.String 
102896     ERROR Test worker     d.u.i.k.j.KeYJPMapping    Duplicate registration of node: String, formerNode: java.lang.String 
102896     ERROR Test worker     d.u.i.k.j.KeYJPMapping    Duplicate registration of node: char, formerNode: /*@ helper */
char 
102896     ERROR Test worker     d.u.i.k.j.KeYJPMapping    Duplicate registration of node: StringBuffer, formerNode: StringBuffer 
102896     ERROR Test worker     d.u.i.k.j.KeYJPMapping    Duplicate registration of node: System, formerNode: System 
102896     ERROR Test worker     d.u.i.k.j.KeYJPMapping    Duplicate registration of node: Thread, formerNode: Thread 
102911     ERROR Test worker     d.u.i.k.j.KeYJPMapping    Duplicate registration of node: Throwable, formerNode: java.lang.Throwable 
102911     ERROR Test worker     d.u.i.k.j.KeYJPMapping    Duplicate registration of node: Throwable, formerNode: java.lang.Throwable 
102911     ERROR Test worker     d.u.i.k.j.KeYJPMapping    Duplicate registration of node: Collection, formerNode: Collection 
102911     ERROR Test worker     d.u.i.k.j.KeYJPMapping    Duplicate registration of node: Iterator, formerNode: java.util.Iterator 
102911     ERROR Test worker     d.u.i.k.j.KeYJPMapping    Duplicate registration of node: Iterator, formerNode: java.util.Iterator 
102911     ERROR Test worker     d.u.i.k.j.KeYJPMapping    Duplicate registration of node: List, formerNode: java.util.List 
102911     ERROR Test worker     d.u.i.k.j.KeYJPMapping    Duplicate registration of node: List, formerNode: java.util.List 
102911     ERROR Test worker     d.u.i.k.j.KeYJPMapping    Duplicate registration of node: ListIterator, formerNode: java.util.ListIterator 
102911     ERROR Test worker     d.u.i.k.j.KeYJPMapping    Duplicate registration of node: ListIterator, formerNode: java.util.ListIterator 
102911     ERROR Test worker     d.u.i.k.j.KeYJPMapping    Duplicate registration of node: Long, formerNode: Long 
102911     ERROR Test worker     d.u.i.k.j.KeYJPMapping    Duplicate registration of node: Boolean, formerNode: Boolean 
102927     ERROR Test worker     d.u.i.k.j.KeYJPMapping    Duplicate registration of node: Map, formerNode: Map 
102927     ERROR Test worker     d.u.i.k.j.KeYJPMapping    Duplicate registration of node: Set, formerNode: java.util.Set 
102927     ERROR Test worker     d.u.i.k.j.KeYJPMapping    Duplicate registration of node: Set, formerNode: java.util.Set 
102927     ERROR Test worker     d.u.i.k.j.KeYJPMapping    Duplicate registration of node: FilterOutputStream, formerNode: FilterOutputStream 
102927     ERROR Test worker     d.u.i.k.j.KeYJPMapping    Duplicate registration of node: InputStream, formerNode: java.io.InputStream 
102927     ERROR Test worker     d.u.i.k.j.KeYJPMapping    Duplicate registration of node: InputStream, formerNode: java.io.InputStream 
102927     ERROR Test worker     d.u.i.k.j.KeYJPMapping    Duplicate registration of node: IOException, formerNode: IOException 
102927     ERROR Test worker     d.u.i.k.j.KeYJPMapping    Duplicate registration of node: OutputStream, formerNode: java.io.OutputStream 
102927     ERROR Test worker     d.u.i.k.j.KeYJPMapping    Duplicate registration of node: OutputStream, formerNode: java.io.OutputStream 
102927     ERROR Test worker     d.u.i.k.j.KeYJPMapping    Duplicate registration of node: PrintStream, formerNode: java.io.PrintStream 
102943     ERROR Test worker     d.u.i.k.j.KeYJPMapping    Duplicate registration of node: PrintStream, formerNode: java.io.PrintStream 
102943     ERROR Test worker     d.u.i.k.j.KeYJPMapping    Duplicate registration of node: Serializable, formerNode: Serializable 
102943     ERROR Test worker     d.u.i.k.j.KeYJPMapping    Duplicate registration of node: BigInteger, formerNode: java.math.BigInteger 
102943     ERROR Test worker     d.u.i.k.j.KeYJPMapping    Duplicate registration of node: BigInteger, formerNode: java.math.BigInteger 
102943     ERROR Test worker     d.u.i.k.j.KeYJPMapping    Duplicate registration of node: ArrayList, formerNode: ArrayList 
102943     ERROR Test worker     d.u.i.k.j.KeYJPMapping    Duplicate registration of node: byte[], formerNode: byte[] 
102958     ERROR Test worker     d.u.i.k.j.KeYJPMapping    Duplicate registration of node: Arrays, formerNode: Arrays 
102958     ERROR Test worker     d.u.i.k.j.KeYJPMapping    Duplicate registration of node: ListIteratorImpl, formerNode: ListIteratorImpl 
102958     ERROR Test worker     d.u.i.k.j.KeYJPMapping    Duplicate registration of node: Date, formerNode: Date 
102958     ERROR Test worker     d.u.i.k.j.KeYJPMapping    Duplicate registration of node: LinkedHashMap, formerNode: LinkedHashMap 
102958     ERROR Test worker     d.u.i.k.j.KeYJPMapping    Duplicate registration of node: /*@pure@*/
String, formerNode: /*@strictly_pure*/
java.lang.String 
102958     ERROR Test worker     d.u.i.k.j.KeYJPMapping    Duplicate registration of node: LinkedList, formerNode: LinkedList 
102958     ERROR Test worker     d.u.i.k.j.KeYJPMapping    Duplicate registration of node: A, formerNode: A 
102958     ERROR Test worker     d.u.i.k.j.KeYJPMapping    Duplicate registration of node: Gcd, formerNode: Gcd 
102974     ERROR Test worker     d.u.i.k.j.KeYJPMapping    Duplicate registration of node: a = -a;, formerNode: a = -a 
102974     ERROR Test worker     d.u.i.k.j.KeYJPMapping    Duplicate registration of node: b = -b;, formerNode: b = -b 
103006     DEBUG Test worker     d.u.i.k.p.i.AbstractProblemLoader Init config took 433.33ms 
103021     INFO  Test worker     d.u.i.k.p.i.AbstractProblemLoader Loading environment from src\test\resources\testcase\merge\gcd.MPSAndBlockContract.key 
103021     DEBUG Test worker     d.u.i.k.p.i.AbstractProblemLoader Environment load took 96.1ns 
103021     INFO  Test worker     d.u.i.k.p.i.AbstractProblemLoader Creating init config 
103321     ERROR Test worker     d.u.i.k.j.KeYJPMapping    Duplicate registration of node: boolean, formerNode: /*@ pure @*/
boolean 
103321     ERROR Test worker     d.u.i.k.j.KeYJPMapping    Duplicate registration of node: Object, formerNode: java.lang.Object 
103321     ERROR Test worker     d.u.i.k.j.KeYJPMapping    Duplicate registration of node: Object, formerNode: java.lang.Object 
103321     ERROR Test worker     d.u.i.k.j.KeYJPMapping    Duplicate registration of node: Annotation, formerNode: Annotation 
103336     ERROR Test worker     d.u.i.k.j.KeYJPMapping    Duplicate registration of node: ArithmeticException, formerNode: ArithmeticException 
103336     ERROR Test worker     d.u.i.k.j.KeYJPMapping    Duplicate registration of node: ArrayIndexOutOfBoundsException, formerNode: ArrayIndexOutOfBoundsException 
103336     ERROR Test worker     d.u.i.k.j.KeYJPMapping    Duplicate registration of node: ArrayStoreException, formerNode: ArrayStoreException 
103336     ERROR Test worker     d.u.i.k.j.KeYJPMapping    Duplicate registration of node: AssertionError, formerNode: AssertionError 
103336     ERROR Test worker     d.u.i.k.j.KeYJPMapping    Duplicate registration of node: Character, formerNode: Character 
103336     ERROR Test worker     d.u.i.k.j.KeYJPMapping    Duplicate registration of node: Class, formerNode: java.lang.Class 
103336     ERROR Test worker     d.u.i.k.j.KeYJPMapping    Duplicate registration of node: Class, formerNode: java.lang.Class 
103336     ERROR Test worker     d.u.i.k.j.KeYJPMapping    Duplicate registration of node: ClassCastException, formerNode: ClassCastException 
103336     ERROR Test worker     d.u.i.k.j.KeYJPMapping    Duplicate registration of node: CloneNotSupportedException, formerNode: CloneNotSupportedException 
103336     ERROR Test worker     d.u.i.k.j.KeYJPMapping    Duplicate registration of node: Cloneable, formerNode: Cloneable 
103336     ERROR Test worker     d.u.i.k.j.KeYJPMapping    Duplicate registration of node: Comparable, formerNode: Comparable 
103336     ERROR Test worker     d.u.i.k.j.KeYJPMapping    Duplicate registration of node: Double, formerNode: Double 
103336     ERROR Test worker     d.u.i.k.j.KeYJPMapping    Duplicate registration of node: Enum, formerNode: java.lang.Enum 
103336     ERROR Test worker     d.u.i.k.j.KeYJPMapping    Duplicate registration of node: Enum, formerNode: java.lang.Enum 
103352     ERROR Test worker     d.u.i.k.j.KeYJPMapping    Duplicate registration of node: Error, formerNode: Error 
103352     ERROR Test worker     d.u.i.k.j.KeYJPMapping    Duplicate registration of node: Exception, formerNode: Exception 
103352     ERROR Test worker     d.u.i.k.j.KeYJPMapping    Duplicate registration of node: ExceptionInInitializerError, formerNode: java.lang.ExceptionInInitializerError 
103352     ERROR Test worker     d.u.i.k.j.KeYJPMapping    Duplicate registration of node: ExceptionInInitializerError, formerNode: java.lang.ExceptionInInitializerError 
103352     ERROR Test worker     d.u.i.k.j.KeYJPMapping    Duplicate registration of node: Float, formerNode: Float 
103352     ERROR Test worker     d.u.i.k.j.KeYJPMapping    Duplicate registration of node: IllegalArgumentException, formerNode: IllegalArgumentException 
103352     ERROR Test worker     d.u.i.k.j.KeYJPMapping    Duplicate registration of node: IndexOutOfBoundsException, formerNode: IndexOutOfBoundsException 
103368     ERROR Test worker     d.u.i.k.j.KeYJPMapping    Duplicate registration of node: Integer, formerNode: java.lang.Integer 
103368     ERROR Test worker     d.u.i.k.j.KeYJPMapping    Duplicate registration of node: Integer, formerNode: java.lang.Integer 
103368     ERROR Test worker     d.u.i.k.j.KeYJPMapping    Duplicate registration of node: InterruptedException, formerNode: InterruptedException 
103368     ERROR Test worker     d.u.i.k.j.KeYJPMapping    Duplicate registration of node: Iterable, formerNode: Iterable 
103368     ERROR Test worker     d.u.i.k.j.KeYJPMapping    Duplicate registration of node: LinkageError, formerNode: LinkageError 
103368     ERROR Test worker     d.u.i.k.j.KeYJPMapping    Duplicate registration of node: Math, formerNode: Math 
103383     ERROR Test worker     d.u.i.k.j.KeYJPMapping    Duplicate registration of node: NegativeArraySizeException, formerNode: NegativeArraySizeException 
103383     ERROR Test worker     d.u.i.k.j.KeYJPMapping    Duplicate registration of node: NoClassDefFoundError, formerNode: java.lang.NoClassDefFoundError 
103383     ERROR Test worker     d.u.i.k.j.KeYJPMapping    Duplicate registration of node: NoClassDefFoundError, formerNode: java.lang.NoClassDefFoundError 
103383     ERROR Test worker     d.u.i.k.j.KeYJPMapping    Duplicate registration of node: NullPointerException, formerNode: NullPointerException 
103383     ERROR Test worker     d.u.i.k.j.KeYJPMapping    Duplicate registration of node: Number, formerNode: Number 
103383     ERROR Test worker     d.u.i.k.j.KeYJPMapping    Duplicate registration of node: NumberFormatException, formerNode: NumberFormatException 
103383     ERROR Test worker     d.u.i.k.j.KeYJPMapping    Duplicate registration of node: VirtualMachineError, formerNode: VirtualMachineError 
103383     ERROR Test worker     d.u.i.k.j.KeYJPMapping    Duplicate registration of node: OutOfMemoryError, formerNode: OutOfMemoryError 
103383     ERROR Test worker     d.u.i.k.j.KeYJPMapping    Duplicate registration of node: Runnable, formerNode: Runnable 
103383     ERROR Test worker     d.u.i.k.j.KeYJPMapping    Duplicate registration of node: RuntimeException, formerNode: RuntimeException 
103383     ERROR Test worker     d.u.i.k.j.KeYJPMapping    Duplicate registration of node: /*@pure*/
int, formerNode: int 
103383     ERROR Test worker     d.u.i.k.j.KeYJPMapping    Duplicate registration of node: /*@ helper */
int, formerNode: int 
103383     ERROR Test worker     d.u.i.k.j.KeYJPMapping    Duplicate registration of node: /*@ helper */
boolean, formerNode: /*@ pure @*/
boolean 
103399     ERROR Test worker     d.u.i.k.j.KeYJPMapping    Duplicate registration of node: /*@ helper */
java.lang.String, formerNode: java.lang.String 
103399     ERROR Test worker     d.u.i.k.j.KeYJPMapping    Duplicate registration of node: String, formerNode: java.lang.String 
103414     ERROR Test worker     d.u.i.k.j.KeYJPMapping    Duplicate registration of node: String, formerNode: java.lang.String 
103430     ERROR Test worker     d.u.i.k.j.KeYJPMapping    Duplicate registration of node: char, formerNode: /*@ helper */
char 
103430     ERROR Test worker     d.u.i.k.j.KeYJPMapping    Duplicate registration of node: StringBuffer, formerNode: StringBuffer 
103430     ERROR Test worker     d.u.i.k.j.KeYJPMapping    Duplicate registration of node: System, formerNode: System 
103430     ERROR Test worker     d.u.i.k.j.KeYJPMapping    Duplicate registration of node: Thread, formerNode: Thread 
103430     ERROR Test worker     d.u.i.k.j.KeYJPMapping    Duplicate registration of node: Throwable, formerNode: java.lang.Throwable 
103430     ERROR Test worker     d.u.i.k.j.KeYJPMapping    Duplicate registration of node: Throwable, formerNode: java.lang.Throwable 
103448     ERROR Test worker     d.u.i.k.j.KeYJPMapping    Duplicate registration of node: Collection, formerNode: Collection 
103449     ERROR Test worker     d.u.i.k.j.KeYJPMapping    Duplicate registration of node: Iterator, formerNode: java.util.Iterator 
103450     ERROR Test worker     d.u.i.k.j.KeYJPMapping    Duplicate registration of node: Iterator, formerNode: java.util.Iterator 
103456     ERROR Test worker     d.u.i.k.j.KeYJPMapping    Duplicate registration of node: List, formerNode: java.util.List 
103456     ERROR Test worker     d.u.i.k.j.KeYJPMapping    Duplicate registration of node: List, formerNode: java.util.List 
103456     ERROR Test worker     d.u.i.k.j.KeYJPMapping    Duplicate registration of node: ListIterator, formerNode: java.util.ListIterator 
103456     ERROR Test worker     d.u.i.k.j.KeYJPMapping    Duplicate registration of node: ListIterator, formerNode: java.util.ListIterator 
103456     ERROR Test worker     d.u.i.k.j.KeYJPMapping    Duplicate registration of node: Long, formerNode: Long 
103456     ERROR Test worker     d.u.i.k.j.KeYJPMapping    Duplicate registration of node: Boolean, formerNode: Boolean 
103456     ERROR Test worker     d.u.i.k.j.KeYJPMapping    Duplicate registration of node: Map, formerNode: Map 
103456     ERROR Test worker     d.u.i.k.j.KeYJPMapping    Duplicate registration of node: Set, formerNode: java.util.Set 
103456     ERROR Test worker     d.u.i.k.j.KeYJPMapping    Duplicate registration of node: Set, formerNode: java.util.Set 
103472     ERROR Test worker     d.u.i.k.j.KeYJPMapping    Duplicate registration of node: FilterOutputStream, formerNode: FilterOutputStream 
103472     ERROR Test worker     d.u.i.k.j.KeYJPMapping    Duplicate registration of node: InputStream, formerNode: java.io.InputStream 
103472     ERROR Test worker     d.u.i.k.j.KeYJPMapping    Duplicate registration of node: InputStream, formerNode: java.io.InputStream 
103472     ERROR Test worker     d.u.i.k.j.KeYJPMapping    Duplicate registration of node: IOException, formerNode: IOException 
103472     ERROR Test worker     d.u.i.k.j.KeYJPMapping    Duplicate registration of node: OutputStream, formerNode: java.io.OutputStream 
103472     ERROR Test worker     d.u.i.k.j.KeYJPMapping    Duplicate registration of node: OutputStream, formerNode: java.io.OutputStream 
103472     ERROR Test worker     d.u.i.k.j.KeYJPMapping    Duplicate registration of node: PrintStream, formerNode: java.io.PrintStream 
103472     ERROR Test worker     d.u.i.k.j.KeYJPMapping    Duplicate registration of node: PrintStream, formerNode: java.io.PrintStream 
103472     ERROR Test worker     d.u.i.k.j.KeYJPMapping    Duplicate registration of node: Serializable, formerNode: Serializable 
103472     ERROR Test worker     d.u.i.k.j.KeYJPMapping    Duplicate registration of node: BigInteger, formerNode: java.math.BigInteger 
103472     ERROR Test worker     d.u.i.k.j.KeYJPMapping    Duplicate registration of node: BigInteger, formerNode: java.math.BigInteger 
103487     ERROR Test worker     d.u.i.k.j.KeYJPMapping    Duplicate registration of node: ArrayList, formerNode: ArrayList 
103487     ERROR Test worker     d.u.i.k.j.KeYJPMapping    Duplicate registration of node: byte[], formerNode: byte[] 
103581     ERROR Test worker     d.u.i.k.j.KeYJPMapping    Duplicate registration of node: Arrays, formerNode: Arrays 
103581     ERROR Test worker     d.u.i.k.j.KeYJPMapping    Duplicate registration of node: ListIteratorImpl, formerNode: ListIteratorImpl 
103581     ERROR Test worker     d.u.i.k.j.KeYJPMapping    Duplicate registration of node: Date, formerNode: Date 
103598     ERROR Test worker     d.u.i.k.j.KeYJPMapping    Duplicate registration of node: LinkedHashMap, formerNode: LinkedHashMap 
103599     ERROR Test worker     d.u.i.k.j.KeYJPMapping    Duplicate registration of node: /*@pure@*/
String, formerNode: /*@strictly_pure*/
java.lang.String 
103599     ERROR Test worker     d.u.i.k.j.KeYJPMapping    Duplicate registration of node: LinkedList, formerNode: LinkedList 
103600     ERROR Test worker     d.u.i.k.j.KeYJPMapping    Duplicate registration of node: A, formerNode: A 
103601     ERROR Test worker     d.u.i.k.j.KeYJPMapping    Duplicate registration of node: Gcd, formerNode: Gcd 
103605     ERROR Test worker     d.u.i.k.j.KeYJPMapping    Duplicate registration of node: a = -a;, formerNode: a = -a 
103605     ERROR Test worker     d.u.i.k.j.KeYJPMapping    Duplicate registration of node: b = -b;, formerNode: b = -b 
103652     DEBUG Test worker     d.u.i.k.p.i.AbstractProblemLoader Init config took 627.53ms 
103652     INFO  Test worker     d.u.i.k.p.i.AbstractProblemLoader Loading environment from src\test\resources\testcase\merge\gcd.closed.predicateAbstractionWithUserChoices.proof 
103652     DEBUG Test worker     d.u.i.k.p.i.AbstractProblemLoader Environment load took 110.8ns 
103652     INFO  Test worker     d.u.i.k.p.i.AbstractProblemLoader Creating init config 
103895     ERROR Test worker     d.u.i.k.j.KeYJPMapping    Duplicate registration of node: boolean, formerNode: /*@ pure @*/
boolean 
103895     ERROR Test worker     d.u.i.k.j.KeYJPMapping    Duplicate registration of node: Object, formerNode: java.lang.Object 
103895     ERROR Test worker     d.u.i.k.j.KeYJPMapping    Duplicate registration of node: Object, formerNode: java.lang.Object 
103895     ERROR Test worker     d.u.i.k.j.KeYJPMapping    Duplicate registration of node: Annotation, formerNode: Annotation 
103895     ERROR Test worker     d.u.i.k.j.KeYJPMapping    Duplicate registration of node: ArithmeticException, formerNode: ArithmeticException 
103895     ERROR Test worker     d.u.i.k.j.KeYJPMapping    Duplicate registration of node: ArrayIndexOutOfBoundsException, formerNode: ArrayIndexOutOfBoundsException 
103895     ERROR Test worker     d.u.i.k.j.KeYJPMapping    Duplicate registration of node: ArrayStoreException, formerNode: ArrayStoreException 
103895     ERROR Test worker     d.u.i.k.j.KeYJPMapping    Duplicate registration of node: AssertionError, formerNode: AssertionError 
103911     ERROR Test worker     d.u.i.k.j.KeYJPMapping    Duplicate registration of node: Character, formerNode: Character 
103911     ERROR Test worker     d.u.i.k.j.KeYJPMapping    Duplicate registration of node: Class, formerNode: java.lang.Class 
103911     ERROR Test worker     d.u.i.k.j.KeYJPMapping    Duplicate registration of node: Class, formerNode: java.lang.Class 
103911     ERROR Test worker     d.u.i.k.j.KeYJPMapping    Duplicate registration of node: ClassCastException, formerNode: ClassCastException 
103911     ERROR Test worker     d.u.i.k.j.KeYJPMapping    Duplicate registration of node: CloneNotSupportedException, formerNode: CloneNotSupportedException 
103911     ERROR Test worker     d.u.i.k.j.KeYJPMapping    Duplicate registration of node: Cloneable, formerNode: Cloneable 
103911     ERROR Test worker     d.u.i.k.j.KeYJPMapping    Duplicate registration of node: Comparable, formerNode: Comparable 
103911     ERROR Test worker     d.u.i.k.j.KeYJPMapping    Duplicate registration of node: Double, formerNode: Double 
103911     ERROR Test worker     d.u.i.k.j.KeYJPMapping    Duplicate registration of node: Enum, formerNode: java.lang.Enum 
103911     ERROR Test worker     d.u.i.k.j.KeYJPMapping    Duplicate registration of node: Enum, formerNode: java.lang.Enum 
103911     ERROR Test worker     d.u.i.k.j.KeYJPMapping    Duplicate registration of node: Error, formerNode: Error 
103911     ERROR Test worker     d.u.i.k.j.KeYJPMapping    Duplicate registration of node: Exception, formerNode: Exception 
103911     ERROR Test worker     d.u.i.k.j.KeYJPMapping    Duplicate registration of node: ExceptionInInitializerError, formerNode: java.lang.ExceptionInInitializerError 
103911     ERROR Test worker     d.u.i.k.j.KeYJPMapping    Duplicate registration of node: ExceptionInInitializerError, formerNode: java.lang.ExceptionInInitializerError 
103911     ERROR Test worker     d.u.i.k.j.KeYJPMapping    Duplicate registration of node: Float, formerNode: Float 
103927     ERROR Test worker     d.u.i.k.j.KeYJPMapping    Duplicate registration of node: IllegalArgumentException, formerNode: IllegalArgumentException 
103927     ERROR Test worker     d.u.i.k.j.KeYJPMapping    Duplicate registration of node: IndexOutOfBoundsException, formerNode: IndexOutOfBoundsException 
104020     ERROR Test worker     d.u.i.k.j.KeYJPMapping    Duplicate registration of node: Integer, formerNode: java.lang.Integer 
104020     ERROR Test worker     d.u.i.k.j.KeYJPMapping    Duplicate registration of node: Integer, formerNode: java.lang.Integer 
104020     ERROR Test worker     d.u.i.k.j.KeYJPMapping    Duplicate registration of node: InterruptedException, formerNode: InterruptedException 
104020     ERROR Test worker     d.u.i.k.j.KeYJPMapping    Duplicate registration of node: Iterable, formerNode: Iterable 
104020     ERROR Test worker     d.u.i.k.j.KeYJPMapping    Duplicate registration of node: LinkageError, formerNode: LinkageError 
104036     ERROR Test worker     d.u.i.k.j.KeYJPMapping    Duplicate registration of node: Math, formerNode: Math 
104036     ERROR Test worker     d.u.i.k.j.KeYJPMapping    Duplicate registration of node: NegativeArraySizeException, formerNode: NegativeArraySizeException 
104036     ERROR Test worker     d.u.i.k.j.KeYJPMapping    Duplicate registration of node: NoClassDefFoundError, formerNode: java.lang.NoClassDefFoundError 
104036     ERROR Test worker     d.u.i.k.j.KeYJPMapping    Duplicate registration of node: NoClassDefFoundError, formerNode: java.lang.NoClassDefFoundError 
104036     ERROR Test worker     d.u.i.k.j.KeYJPMapping    Duplicate registration of node: NullPointerException, formerNode: NullPointerException 
104036     ERROR Test worker     d.u.i.k.j.KeYJPMapping    Duplicate registration of node: Number, formerNode: Number 
104036     ERROR Test worker     d.u.i.k.j.KeYJPMapping    Duplicate registration of node: NumberFormatException, formerNode: NumberFormatException 
104036     ERROR Test worker     d.u.i.k.j.KeYJPMapping    Duplicate registration of node: VirtualMachineError, formerNode: VirtualMachineError 
104036     ERROR Test worker     d.u.i.k.j.KeYJPMapping    Duplicate registration of node: OutOfMemoryError, formerNode: OutOfMemoryError 
104036     ERROR Test worker     d.u.i.k.j.KeYJPMapping    Duplicate registration of node: Runnable, formerNode: Runnable 
104036     ERROR Test worker     d.u.i.k.j.KeYJPMapping    Duplicate registration of node: RuntimeException, formerNode: RuntimeException 
104052     ERROR Test worker     d.u.i.k.j.KeYJPMapping    Duplicate registration of node: /*@pure*/
int, formerNode: int 
104052     ERROR Test worker     d.u.i.k.j.KeYJPMapping    Duplicate registration of node: /*@ helper */
int, formerNode: int 
104052     ERROR Test worker     d.u.i.k.j.KeYJPMapping    Duplicate registration of node: /*@ helper */
boolean, formerNode: /*@ pure @*/
boolean 
104052     ERROR Test worker     d.u.i.k.j.KeYJPMapping    Duplicate registration of node: /*@ helper */
java.lang.String, formerNode: java.lang.String 
104067     ERROR Test worker     d.u.i.k.j.KeYJPMapping    Duplicate registration of node: String, formerNode: java.lang.String 
104083     ERROR Test worker     d.u.i.k.j.KeYJPMapping    Duplicate registration of node: String, formerNode: java.lang.String 
104083     ERROR Test worker     d.u.i.k.j.KeYJPMapping    Duplicate registration of node: char, formerNode: /*@ helper */
char 
104083     ERROR Test worker     d.u.i.k.j.KeYJPMapping    Duplicate registration of node: StringBuffer, formerNode: StringBuffer 
104083     ERROR Test worker     d.u.i.k.j.KeYJPMapping    Duplicate registration of node: System, formerNode: System 
104083     ERROR Test worker     d.u.i.k.j.KeYJPMapping    Duplicate registration of node: Thread, formerNode: Thread 
104098     ERROR Test worker     d.u.i.k.j.KeYJPMapping    Duplicate registration of node: Throwable, formerNode: java.lang.Throwable 
104098     ERROR Test worker     d.u.i.k.j.KeYJPMapping    Duplicate registration of node: Throwable, formerNode: java.lang.Throwable 
104098     ERROR Test worker     d.u.i.k.j.KeYJPMapping    Duplicate registration of node: Collection, formerNode: Collection 
104098     ERROR Test worker     d.u.i.k.j.KeYJPMapping    Duplicate registration of node: Iterator, formerNode: java.util.Iterator 
104098     ERROR Test worker     d.u.i.k.j.KeYJPMapping    Duplicate registration of node: Iterator, formerNode: java.util.Iterator 
104114     ERROR Test worker     d.u.i.k.j.KeYJPMapping    Duplicate registration of node: List, formerNode: java.util.List 
104114     ERROR Test worker     d.u.i.k.j.KeYJPMapping    Duplicate registration of node: List, formerNode: java.util.List 
104114     ERROR Test worker     d.u.i.k.j.KeYJPMapping    Duplicate registration of node: ListIterator, formerNode: java.util.ListIterator 
104114     ERROR Test worker     d.u.i.k.j.KeYJPMapping    Duplicate registration of node: ListIterator, formerNode: java.util.ListIterator 
104114     ERROR Test worker     d.u.i.k.j.KeYJPMapping    Duplicate registration of node: Long, formerNode: Long 
104114     ERROR Test worker     d.u.i.k.j.KeYJPMapping    Duplicate registration of node: Boolean, formerNode: Boolean 
104114     ERROR Test worker     d.u.i.k.j.KeYJPMapping    Duplicate registration of node: Map, formerNode: Map 
104114     ERROR Test worker     d.u.i.k.j.KeYJPMapping    Duplicate registration of node: Set, formerNode: java.util.Set 
104114     ERROR Test worker     d.u.i.k.j.KeYJPMapping    Duplicate registration of node: Set, formerNode: java.util.Set 
104130     ERROR Test worker     d.u.i.k.j.KeYJPMapping    Duplicate registration of node: FilterOutputStream, formerNode: FilterOutputStream 
104130     ERROR Test worker     d.u.i.k.j.KeYJPMapping    Duplicate registration of node: InputStream, formerNode: java.io.InputStream 
104130     ERROR Test worker     d.u.i.k.j.KeYJPMapping    Duplicate registration of node: InputStream, formerNode: java.io.InputStream 
104130     ERROR Test worker     d.u.i.k.j.KeYJPMapping    Duplicate registration of node: IOException, formerNode: IOException 
104130     ERROR Test worker     d.u.i.k.j.KeYJPMapping    Duplicate registration of node: OutputStream, formerNode: java.io.OutputStream 
104130     ERROR Test worker     d.u.i.k.j.KeYJPMapping    Duplicate registration of node: OutputStream, formerNode: java.io.OutputStream 
104130     ERROR Test worker     d.u.i.k.j.KeYJPMapping    Duplicate registration of node: PrintStream, formerNode: java.io.PrintStream 
104130     ERROR Test worker     d.u.i.k.j.KeYJPMapping    Duplicate registration of node: PrintStream, formerNode: java.io.PrintStream 
104130     ERROR Test worker     d.u.i.k.j.KeYJPMapping    Duplicate registration of node: Serializable, formerNode: Serializable 
104130     ERROR Test worker     d.u.i.k.j.KeYJPMapping    Duplicate registration of node: BigInteger, formerNode: java.math.BigInteger 
104130     ERROR Test worker     d.u.i.k.j.KeYJPMapping    Duplicate registration of node: BigInteger, formerNode: java.math.BigInteger 
104130     ERROR Test worker     d.u.i.k.j.KeYJPMapping    Duplicate registration of node: ArrayList, formerNode: ArrayList 
104145     ERROR Test worker     d.u.i.k.j.KeYJPMapping    Duplicate registration of node: byte[], formerNode: byte[] 
104145     ERROR Test worker     d.u.i.k.j.KeYJPMapping    Duplicate registration of node: Arrays, formerNode: Arrays 
104161     ERROR Test worker     d.u.i.k.j.KeYJPMapping    Duplicate registration of node: ListIteratorImpl, formerNode: ListIteratorImpl 
104161     ERROR Test worker     d.u.i.k.j.KeYJPMapping    Duplicate registration of node: Date, formerNode: Date 
104161     ERROR Test worker     d.u.i.k.j.KeYJPMapping    Duplicate registration of node: LinkedHashMap, formerNode: LinkedHashMap 
104161     ERROR Test worker     d.u.i.k.j.KeYJPMapping    Duplicate registration of node: /*@pure@*/
String, formerNode: /*@strictly_pure*/
java.lang.String 
104161     ERROR Test worker     d.u.i.k.j.KeYJPMapping    Duplicate registration of node: LinkedList, formerNode: LinkedList 
104161     ERROR Test worker     d.u.i.k.j.KeYJPMapping    Duplicate registration of node: A, formerNode: A 
104161     ERROR Test worker     d.u.i.k.j.KeYJPMapping    Duplicate registration of node: Gcd, formerNode: Gcd 
104161     ERROR Test worker     d.u.i.k.j.KeYJPMapping    Duplicate registration of node: a = -a;, formerNode: a = -a 
104161     ERROR Test worker     d.u.i.k.j.KeYJPMapping    Duplicate registration of node: b = -b;, formerNode: b = -b 
104208     DEBUG Test worker     d.u.i.k.p.i.AbstractProblemLoader Init config took 555.65ms 
104208     INFO  Test worker     d.u.i.k.p.i.AbstractProblemLoader Loading environment from src\test\resources\testcase\merge\gcd.closed.predicateabstraction.proof 
104208     DEBUG Test worker     d.u.i.k.p.i.AbstractProblemLoader Environment load took 111.6ns 
104208     INFO  Test worker     d.u.i.k.p.i.AbstractProblemLoader Creating init config 
104405     ERROR Test worker     d.u.i.k.j.KeYJPMapping    Duplicate registration of node: boolean, formerNode: /*@ pure @*/
boolean 
104405     ERROR Test worker     d.u.i.k.j.KeYJPMapping    Duplicate registration of node: Object, formerNode: java.lang.Object 
104405     ERROR Test worker     d.u.i.k.j.KeYJPMapping    Duplicate registration of node: Object, formerNode: java.lang.Object 
104405     ERROR Test worker     d.u.i.k.j.KeYJPMapping    Duplicate registration of node: Annotation, formerNode: Annotation 
104405     ERROR Test worker     d.u.i.k.j.KeYJPMapping    Duplicate registration of node: ArithmeticException, formerNode: ArithmeticException 
104421     ERROR Test worker     d.u.i.k.j.KeYJPMapping    Duplicate registration of node: ArrayIndexOutOfBoundsException, formerNode: ArrayIndexOutOfBoundsException 
104421     ERROR Test worker     d.u.i.k.j.KeYJPMapping    Duplicate registration of node: ArrayStoreException, formerNode: ArrayStoreException 
104421     ERROR Test worker     d.u.i.k.j.KeYJPMapping    Duplicate registration of node: AssertionError, formerNode: AssertionError 
104421     ERROR Test worker     d.u.i.k.j.KeYJPMapping    Duplicate registration of node: Character, formerNode: Character 
104421     ERROR Test worker     d.u.i.k.j.KeYJPMapping    Duplicate registration of node: Class, formerNode: java.lang.Class 
104421     ERROR Test worker     d.u.i.k.j.KeYJPMapping    Duplicate registration of node: Class, formerNode: java.lang.Class 
104421     ERROR Test worker     d.u.i.k.j.KeYJPMapping    Duplicate registration of node: ClassCastException, formerNode: ClassCastException 
104421     ERROR Test worker     d.u.i.k.j.KeYJPMapping    Duplicate registration of node: CloneNotSupportedException, formerNode: CloneNotSupportedException 
104421     ERROR Test worker     d.u.i.k.j.KeYJPMapping    Duplicate registration of node: Cloneable, formerNode: Cloneable 
104421     ERROR Test worker     d.u.i.k.j.KeYJPMapping    Duplicate registration of node: Comparable, formerNode: Comparable 
104421     ERROR Test worker     d.u.i.k.j.KeYJPMapping    Duplicate registration of node: Double, formerNode: Double 
104421     ERROR Test worker     d.u.i.k.j.KeYJPMapping    Duplicate registration of node: Enum, formerNode: java.lang.Enum 
104421     ERROR Test worker     d.u.i.k.j.KeYJPMapping    Duplicate registration of node: Enum, formerNode: java.lang.Enum 
104421     ERROR Test worker     d.u.i.k.j.KeYJPMapping    Duplicate registration of node: Error, formerNode: Error 
104436     ERROR Test worker     d.u.i.k.j.KeYJPMapping    Duplicate registration of node: Exception, formerNode: Exception 
104436     ERROR Test worker     d.u.i.k.j.KeYJPMapping    Duplicate registration of node: ExceptionInInitializerError, formerNode: java.lang.ExceptionInInitializerError 
104436     ERROR Test worker     d.u.i.k.j.KeYJPMapping    Duplicate registration of node: ExceptionInInitializerError, formerNode: java.lang.ExceptionInInitializerError 
104436     ERROR Test worker     d.u.i.k.j.KeYJPMapping    Duplicate registration of node: Float, formerNode: Float 
104436     ERROR Test worker     d.u.i.k.j.KeYJPMapping    Duplicate registration of node: IllegalArgumentException, formerNode: IllegalArgumentException 
104436     ERROR Test worker     d.u.i.k.j.KeYJPMapping    Duplicate registration of node: IndexOutOfBoundsException, formerNode: IndexOutOfBoundsException 
104452     ERROR Test worker     d.u.i.k.j.KeYJPMapping    Duplicate registration of node: Integer, formerNode: java.lang.Integer 
104452     ERROR Test worker     d.u.i.k.j.KeYJPMapping    Duplicate registration of node: Integer, formerNode: java.lang.Integer 
104452     ERROR Test worker     d.u.i.k.j.KeYJPMapping    Duplicate registration of node: InterruptedException, formerNode: InterruptedException 
104452     ERROR Test worker     d.u.i.k.j.KeYJPMapping    Duplicate registration of node: Iterable, formerNode: Iterable 
104452     ERROR Test worker     d.u.i.k.j.KeYJPMapping    Duplicate registration of node: LinkageError, formerNode: LinkageError 
104452     ERROR Test worker     d.u.i.k.j.KeYJPMapping    Duplicate registration of node: Math, formerNode: Math 
104468     ERROR Test worker     d.u.i.k.j.KeYJPMapping    Duplicate registration of node: NegativeArraySizeException, formerNode: NegativeArraySizeException 
104469     ERROR Test worker     d.u.i.k.j.KeYJPMapping    Duplicate registration of node: NoClassDefFoundError, formerNode: java.lang.NoClassDefFoundError 
104469     ERROR Test worker     d.u.i.k.j.KeYJPMapping    Duplicate registration of node: NoClassDefFoundError, formerNode: java.lang.NoClassDefFoundError 
104470     ERROR Test worker     d.u.i.k.j.KeYJPMapping    Duplicate registration of node: NullPointerException, formerNode: NullPointerException 
104471     ERROR Test worker     d.u.i.k.j.KeYJPMapping    Duplicate registration of node: Number, formerNode: Number 
104473     ERROR Test worker     d.u.i.k.j.KeYJPMapping    Duplicate registration of node: NumberFormatException, formerNode: NumberFormatException 
104474     ERROR Test worker     d.u.i.k.j.KeYJPMapping    Duplicate registration of node: VirtualMachineError, formerNode: VirtualMachineError 
104475     ERROR Test worker     d.u.i.k.j.KeYJPMapping    Duplicate registration of node: OutOfMemoryError, formerNode: OutOfMemoryError 
104475     ERROR Test worker     d.u.i.k.j.KeYJPMapping    Duplicate registration of node: Runnable, formerNode: Runnable 
104475     ERROR Test worker     d.u.i.k.j.KeYJPMapping    Duplicate registration of node: RuntimeException, formerNode: RuntimeException 
104475     ERROR Test worker     d.u.i.k.j.KeYJPMapping    Duplicate registration of node: /*@pure*/
int, formerNode: int 
104475     ERROR Test worker     d.u.i.k.j.KeYJPMapping    Duplicate registration of node: /*@ helper */
int, formerNode: int 
104475     ERROR Test worker     d.u.i.k.j.KeYJPMapping    Duplicate registration of node: /*@ helper */
boolean, formerNode: /*@ pure @*/
boolean 
104475     ERROR Test worker     d.u.i.k.j.KeYJPMapping    Duplicate registration of node: /*@ helper */
java.lang.String, formerNode: java.lang.String 
104490     ERROR Test worker     d.u.i.k.j.KeYJPMapping    Duplicate registration of node: String, formerNode: java.lang.String 
104506     ERROR Test worker     d.u.i.k.j.KeYJPMapping    Duplicate registration of node: String, formerNode: java.lang.String 
104506     ERROR Test worker     d.u.i.k.j.KeYJPMapping    Duplicate registration of node: char, formerNode: /*@ helper */
char 
104506     ERROR Test worker     d.u.i.k.j.KeYJPMapping    Duplicate registration of node: StringBuffer, formerNode: StringBuffer 
104506     ERROR Test worker     d.u.i.k.j.KeYJPMapping    Duplicate registration of node: System, formerNode: System 
104506     ERROR Test worker     d.u.i.k.j.KeYJPMapping    Duplicate registration of node: Thread, formerNode: Thread 
104506     ERROR Test worker     d.u.i.k.j.KeYJPMapping    Duplicate registration of node: Throwable, formerNode: java.lang.Throwable 
104506     ERROR Test worker     d.u.i.k.j.KeYJPMapping    Duplicate registration of node: Throwable, formerNode: java.lang.Throwable 
104521     ERROR Test worker     d.u.i.k.j.KeYJPMapping    Duplicate registration of node: Collection, formerNode: Collection 
104521     ERROR Test worker     d.u.i.k.j.KeYJPMapping    Duplicate registration of node: Iterator, formerNode: java.util.Iterator 
104521     ERROR Test worker     d.u.i.k.j.KeYJPMapping    Duplicate registration of node: Iterator, formerNode: java.util.Iterator 
104521     ERROR Test worker     d.u.i.k.j.KeYJPMapping    Duplicate registration of node: List, formerNode: java.util.List 
104521     ERROR Test worker     d.u.i.k.j.KeYJPMapping    Duplicate registration of node: List, formerNode: java.util.List 
104521     ERROR Test worker     d.u.i.k.j.KeYJPMapping    Duplicate registration of node: ListIterator, formerNode: java.util.ListIterator 
104521     ERROR Test worker     d.u.i.k.j.KeYJPMapping    Duplicate registration of node: ListIterator, formerNode: java.util.ListIterator 
104521     ERROR Test worker     d.u.i.k.j.KeYJPMapping    Duplicate registration of node: Long, formerNode: Long 
104521     ERROR Test worker     d.u.i.k.j.KeYJPMapping    Duplicate registration of node: Boolean, formerNode: Boolean 
104521     ERROR Test worker     d.u.i.k.j.KeYJPMapping    Duplicate registration of node: Map, formerNode: Map 
104537     ERROR Test worker     d.u.i.k.j.KeYJPMapping    Duplicate registration of node: Set, formerNode: java.util.Set 
104537     ERROR Test worker     d.u.i.k.j.KeYJPMapping    Duplicate registration of node: Set, formerNode: java.util.Set 
104537     ERROR Test worker     d.u.i.k.j.KeYJPMapping    Duplicate registration of node: FilterOutputStream, formerNode: FilterOutputStream 
104537     ERROR Test worker     d.u.i.k.j.KeYJPMapping    Duplicate registration of node: InputStream, formerNode: java.io.InputStream 
104537     ERROR Test worker     d.u.i.k.j.KeYJPMapping    Duplicate registration of node: InputStream, formerNode: java.io.InputStream 
104537     ERROR Test worker     d.u.i.k.j.KeYJPMapping    Duplicate registration of node: IOException, formerNode: IOException 
104537     ERROR Test worker     d.u.i.k.j.KeYJPMapping    Duplicate registration of node: OutputStream, formerNode: java.io.OutputStream 
104537     ERROR Test worker     d.u.i.k.j.KeYJPMapping    Duplicate registration of node: OutputStream, formerNode: java.io.OutputStream 
104553     ERROR Test worker     d.u.i.k.j.KeYJPMapping    Duplicate registration of node: PrintStream, formerNode: java.io.PrintStream 
104553     ERROR Test worker     d.u.i.k.j.KeYJPMapping    Duplicate registration of node: PrintStream, formerNode: java.io.PrintStream 
104553     ERROR Test worker     d.u.i.k.j.KeYJPMapping    Duplicate registration of node: Serializable, formerNode: Serializable 
104553     ERROR Test worker     d.u.i.k.j.KeYJPMapping    Duplicate registration of node: BigInteger, formerNode: java.math.BigInteger 
104553     ERROR Test worker     d.u.i.k.j.KeYJPMapping    Duplicate registration of node: BigInteger, formerNode: java.math.BigInteger 
104553     ERROR Test worker     d.u.i.k.j.KeYJPMapping    Duplicate registration of node: ArrayList, formerNode: ArrayList 
104553     ERROR Test worker     d.u.i.k.j.KeYJPMapping    Duplicate registration of node: byte[], formerNode: byte[] 
104568     ERROR Test worker     d.u.i.k.j.KeYJPMapping    Duplicate registration of node: Arrays, formerNode: Arrays 
104568     ERROR Test worker     d.u.i.k.j.KeYJPMapping    Duplicate registration of node: ListIteratorImpl, formerNode: ListIteratorImpl 
104568     ERROR Test worker     d.u.i.k.j.KeYJPMapping    Duplicate registration of node: Date, formerNode: Date 
104584     ERROR Test worker     d.u.i.k.j.KeYJPMapping    Duplicate registration of node: LinkedHashMap, formerNode: LinkedHashMap 
104584     ERROR Test worker     d.u.i.k.j.KeYJPMapping    Duplicate registration of node: /*@pure@*/
String, formerNode: /*@strictly_pure*/
java.lang.String 
104584     ERROR Test worker     d.u.i.k.j.KeYJPMapping    Duplicate registration of node: LinkedList, formerNode: LinkedList 
104584     ERROR Test worker     d.u.i.k.j.KeYJPMapping    Duplicate registration of node: A, formerNode: A 
104584     ERROR Test worker     d.u.i.k.j.KeYJPMapping    Duplicate registration of node: Gcd, formerNode: Gcd 
104584     ERROR Test worker     d.u.i.k.j.KeYJPMapping    Duplicate registration of node: a = -a;, formerNode: a = -a 
104584     ERROR Test worker     d.u.i.k.j.KeYJPMapping    Duplicate registration of node: b = -b;, formerNode: b = -b 
104655     DEBUG Test worker     d.u.i.k.p.i.AbstractProblemLoader Init config took 442ms 
104655     INFO  Test worker     d.u.i.k.p.i.AbstractProblemLoader Loading environment from src\test\resources\testcase\merge\IndistinguishablePathConditions.twoJoins.proof 
104655     DEBUG Test worker     d.u.i.k.p.i.AbstractProblemLoader Environment load took 311.2ns 
104655     INFO  Test worker     d.u.i.k.p.i.AbstractProblemLoader Creating init config 
104780     ERROR Test worker     d.u.i.k.j.KeYJPMapping    Duplicate registration of node: boolean, formerNode: /*@ pure @*/
boolean 
104780     ERROR Test worker     d.u.i.k.j.KeYJPMapping    Duplicate registration of node: Object, formerNode: java.lang.Object 
104780     ERROR Test worker     d.u.i.k.j.KeYJPMapping    Duplicate registration of node: Object, formerNode: java.lang.Object 
104780     ERROR Test worker     d.u.i.k.j.KeYJPMapping    Duplicate registration of node: Annotation, formerNode: Annotation 
104780     ERROR Test worker     d.u.i.k.j.KeYJPMapping    Duplicate registration of node: ArithmeticException, formerNode: ArithmeticException 
104780     ERROR Test worker     d.u.i.k.j.KeYJPMapping    Duplicate registration of node: ArrayIndexOutOfBoundsException, formerNode: ArrayIndexOutOfBoundsException 
104795     ERROR Test worker     d.u.i.k.j.KeYJPMapping    Duplicate registration of node: ArrayStoreException, formerNode: ArrayStoreException 
104795     ERROR Test worker     d.u.i.k.j.KeYJPMapping    Duplicate registration of node: AssertionError, formerNode: AssertionError 
104795     ERROR Test worker     d.u.i.k.j.KeYJPMapping    Duplicate registration of node: Character, formerNode: Character 
104795     ERROR Test worker     d.u.i.k.j.KeYJPMapping    Duplicate registration of node: Class, formerNode: java.lang.Class 
104795     ERROR Test worker     d.u.i.k.j.KeYJPMapping    Duplicate registration of node: Class, formerNode: java.lang.Class 
104795     ERROR Test worker     d.u.i.k.j.KeYJPMapping    Duplicate registration of node: ClassCastException, formerNode: ClassCastException 
104795     ERROR Test worker     d.u.i.k.j.KeYJPMapping    Duplicate registration of node: CloneNotSupportedException, formerNode: CloneNotSupportedException 
104795     ERROR Test worker     d.u.i.k.j.KeYJPMapping    Duplicate registration of node: Cloneable, formerNode: Cloneable 
104795     ERROR Test worker     d.u.i.k.j.KeYJPMapping    Duplicate registration of node: Comparable, formerNode: Comparable 
104795     ERROR Test worker     d.u.i.k.j.KeYJPMapping    Duplicate registration of node: Double, formerNode: Double 
104795     ERROR Test worker     d.u.i.k.j.KeYJPMapping    Duplicate registration of node: Enum, formerNode: java.lang.Enum 
104795     ERROR Test worker     d.u.i.k.j.KeYJPMapping    Duplicate registration of node: Enum, formerNode: java.lang.Enum 
104795     ERROR Test worker     d.u.i.k.j.KeYJPMapping    Duplicate registration of node: Error, formerNode: Error 
104795     ERROR Test worker     d.u.i.k.j.KeYJPMapping    Duplicate registration of node: Exception, formerNode: Exception 
104795     ERROR Test worker     d.u.i.k.j.KeYJPMapping    Duplicate registration of node: ExceptionInInitializerError, formerNode: java.lang.ExceptionInInitializerError 
104795     ERROR Test worker     d.u.i.k.j.KeYJPMapping    Duplicate registration of node: ExceptionInInitializerError, formerNode: java.lang.ExceptionInInitializerError 
104811     ERROR Test worker     d.u.i.k.j.KeYJPMapping    Duplicate registration of node: Float, formerNode: Float 
104811     ERROR Test worker     d.u.i.k.j.KeYJPMapping    Duplicate registration of node: IllegalArgumentException, formerNode: IllegalArgumentException 
104811     ERROR Test worker     d.u.i.k.j.KeYJPMapping    Duplicate registration of node: IndexOutOfBoundsException, formerNode: IndexOutOfBoundsException 
104811     ERROR Test worker     d.u.i.k.j.KeYJPMapping    Duplicate registration of node: Integer, formerNode: java.lang.Integer 
104811     ERROR Test worker     d.u.i.k.j.KeYJPMapping    Duplicate registration of node: Integer, formerNode: java.lang.Integer 
104826     ERROR Test worker     d.u.i.k.j.KeYJPMapping    Duplicate registration of node: InterruptedException, formerNode: InterruptedException 
104826     ERROR Test worker     d.u.i.k.j.KeYJPMapping    Duplicate registration of node: Iterable, formerNode: Iterable 
104826     ERROR Test worker     d.u.i.k.j.KeYJPMapping    Duplicate registration of node: LinkageError, formerNode: LinkageError 
104826     ERROR Test worker     d.u.i.k.j.KeYJPMapping    Duplicate registration of node: Math, formerNode: Math 
104826     ERROR Test worker     d.u.i.k.j.KeYJPMapping    Duplicate registration of node: NegativeArraySizeException, formerNode: NegativeArraySizeException 
104826     ERROR Test worker     d.u.i.k.j.KeYJPMapping    Duplicate registration of node: NoClassDefFoundError, formerNode: java.lang.NoClassDefFoundError 
104826     ERROR Test worker     d.u.i.k.j.KeYJPMapping    Duplicate registration of node: NoClassDefFoundError, formerNode: java.lang.NoClassDefFoundError 
104826     ERROR Test worker     d.u.i.k.j.KeYJPMapping    Duplicate registration of node: NullPointerException, formerNode: NullPointerException 
104826     ERROR Test worker     d.u.i.k.j.KeYJPMapping    Duplicate registration of node: Number, formerNode: Number 
104826     ERROR Test worker     d.u.i.k.j.KeYJPMapping    Duplicate registration of node: NumberFormatException, formerNode: NumberFormatException 
104826     ERROR Test worker     d.u.i.k.j.KeYJPMapping    Duplicate registration of node: VirtualMachineError, formerNode: VirtualMachineError 
104842     ERROR Test worker     d.u.i.k.j.KeYJPMapping    Duplicate registration of node: OutOfMemoryError, formerNode: OutOfMemoryError 
104842     ERROR Test worker     d.u.i.k.j.KeYJPMapping    Duplicate registration of node: Runnable, formerNode: Runnable 
104842     ERROR Test worker     d.u.i.k.j.KeYJPMapping    Duplicate registration of node: RuntimeException, formerNode: RuntimeException 
104842     ERROR Test worker     d.u.i.k.j.KeYJPMapping    Duplicate registration of node: /*@pure*/
int, formerNode: int 
104842     ERROR Test worker     d.u.i.k.j.KeYJPMapping    Duplicate registration of node: /*@ helper */
int, formerNode: int 
104842     ERROR Test worker     d.u.i.k.j.KeYJPMapping    Duplicate registration of node: /*@ helper */
boolean, formerNode: /*@ pure @*/
boolean 
104842     ERROR Test worker     d.u.i.k.j.KeYJPMapping    Duplicate registration of node: /*@ helper */
java.lang.String, formerNode: java.lang.String 
104858     ERROR Test worker     d.u.i.k.j.KeYJPMapping    Duplicate registration of node: String, formerNode: java.lang.String 
104873     ERROR Test worker     d.u.i.k.j.KeYJPMapping    Duplicate registration of node: String, formerNode: java.lang.String 
104873     ERROR Test worker     d.u.i.k.j.KeYJPMapping    Duplicate registration of node: char, formerNode: /*@ helper */
char 
104873     ERROR Test worker     d.u.i.k.j.KeYJPMapping    Duplicate registration of node: StringBuffer, formerNode: StringBuffer 
104873     ERROR Test worker     d.u.i.k.j.KeYJPMapping    Duplicate registration of node: System, formerNode: System 
104873     ERROR Test worker     d.u.i.k.j.KeYJPMapping    Duplicate registration of node: Thread, formerNode: Thread 
104873     ERROR Test worker     d.u.i.k.j.KeYJPMapping    Duplicate registration of node: Throwable, formerNode: java.lang.Throwable 
104873     ERROR Test worker     d.u.i.k.j.KeYJPMapping    Duplicate registration of node: Throwable, formerNode: java.lang.Throwable 
104889     ERROR Test worker     d.u.i.k.j.KeYJPMapping    Duplicate registration of node: Collection, formerNode: Collection 
104889     ERROR Test worker     d.u.i.k.j.KeYJPMapping    Duplicate registration of node: Iterator, formerNode: java.util.Iterator 
104889     ERROR Test worker     d.u.i.k.j.KeYJPMapping    Duplicate registration of node: Iterator, formerNode: java.util.Iterator 
104889     ERROR Test worker     d.u.i.k.j.KeYJPMapping    Duplicate registration of node: List, formerNode: java.util.List 
104889     ERROR Test worker     d.u.i.k.j.KeYJPMapping    Duplicate registration of node: List, formerNode: java.util.List 
104951     ERROR Test worker     d.u.i.k.j.KeYJPMapping    Duplicate registration of node: ListIterator, formerNode: java.util.ListIterator 
104951     ERROR Test worker     d.u.i.k.j.KeYJPMapping    Duplicate registration of node: ListIterator, formerNode: java.util.ListIterator 
104951     ERROR Test worker     d.u.i.k.j.KeYJPMapping    Duplicate registration of node: Long, formerNode: Long 
104951     ERROR Test worker     d.u.i.k.j.KeYJPMapping    Duplicate registration of node: Boolean, formerNode: Boolean 
104951     ERROR Test worker     d.u.i.k.j.KeYJPMapping    Duplicate registration of node: Map, formerNode: Map 
104951     ERROR Test worker     d.u.i.k.j.KeYJPMapping    Duplicate registration of node: Set, formerNode: java.util.Set 
104951     ERROR Test worker     d.u.i.k.j.KeYJPMapping    Duplicate registration of node: Set, formerNode: java.util.Set 
104951     ERROR Test worker     d.u.i.k.j.KeYJPMapping    Duplicate registration of node: FilterOutputStream, formerNode: FilterOutputStream 
104951     ERROR Test worker     d.u.i.k.j.KeYJPMapping    Duplicate registration of node: InputStream, formerNode: java.io.InputStream 
104951     ERROR Test worker     d.u.i.k.j.KeYJPMapping    Duplicate registration of node: InputStream, formerNode: java.io.InputStream 
104967     ERROR Test worker     d.u.i.k.j.KeYJPMapping    Duplicate registration of node: IOException, formerNode: IOException 
104967     ERROR Test worker     d.u.i.k.j.KeYJPMapping    Duplicate registration of node: OutputStream, formerNode: java.io.OutputStream 
104967     ERROR Test worker     d.u.i.k.j.KeYJPMapping    Duplicate registration of node: OutputStream, formerNode: java.io.OutputStream 
104967     ERROR Test worker     d.u.i.k.j.KeYJPMapping    Duplicate registration of node: PrintStream, formerNode: java.io.PrintStream 
104967     ERROR Test worker     d.u.i.k.j.KeYJPMapping    Duplicate registration of node: PrintStream, formerNode: java.io.PrintStream 
104967     ERROR Test worker     d.u.i.k.j.KeYJPMapping    Duplicate registration of node: Serializable, formerNode: Serializable 
104967     ERROR Test worker     d.u.i.k.j.KeYJPMapping    Duplicate registration of node: BigInteger, formerNode: java.math.BigInteger 
104967     ERROR Test worker     d.u.i.k.j.KeYJPMapping    Duplicate registration of node: BigInteger, formerNode: java.math.BigInteger 
104967     ERROR Test worker     d.u.i.k.j.KeYJPMapping    Duplicate registration of node: ArrayList, formerNode: ArrayList 
104967     ERROR Test worker     d.u.i.k.j.KeYJPMapping    Duplicate registration of node: byte[], formerNode: byte[] 
104983     ERROR Test worker     d.u.i.k.j.KeYJPMapping    Duplicate registration of node: Arrays, formerNode: Arrays 
104983     ERROR Test worker     d.u.i.k.j.KeYJPMapping    Duplicate registration of node: ListIteratorImpl, formerNode: ListIteratorImpl 
104983     ERROR Test worker     d.u.i.k.j.KeYJPMapping    Duplicate registration of node: Date, formerNode: Date 
104983     ERROR Test worker     d.u.i.k.j.KeYJPMapping    Duplicate registration of node: LinkedHashMap, formerNode: LinkedHashMap 
104983     ERROR Test worker     d.u.i.k.j.KeYJPMapping    Duplicate registration of node: /*@pure@*/
String, formerNode: /*@strictly_pure*/
java.lang.String 
104983     ERROR Test worker     d.u.i.k.j.KeYJPMapping    Duplicate registration of node: LinkedList, formerNode: LinkedList 
105046     DEBUG Test worker     d.u.i.k.p.i.AbstractProblemLoader Init config took 388.62ms 
105078     INFO  Test worker     d.u.i.k.p.i.AbstractProblemLoader Loading environment from src\test\resources\testcase\merge\IndistinguishablePathConditions.proof 
105078     DEBUG Test worker     d.u.i.k.p.i.AbstractProblemLoader Environment load took 390.3ns 
105078     INFO  Test worker     d.u.i.k.p.i.AbstractProblemLoader Creating init config 
105214     ERROR Test worker     d.u.i.k.j.KeYJPMapping    Duplicate registration of node: boolean, formerNode: /*@ pure @*/
boolean 
105216     ERROR Test worker     d.u.i.k.j.KeYJPMapping    Duplicate registration of node: Object, formerNode: java.lang.Object 
105216     ERROR Test worker     d.u.i.k.j.KeYJPMapping    Duplicate registration of node: Object, formerNode: java.lang.Object 
105216     ERROR Test worker     d.u.i.k.j.KeYJPMapping    Duplicate registration of node: Annotation, formerNode: Annotation 
105216     ERROR Test worker     d.u.i.k.j.KeYJPMapping    Duplicate registration of node: ArithmeticException, formerNode: ArithmeticException 
105216     ERROR Test worker     d.u.i.k.j.KeYJPMapping    Duplicate registration of node: ArrayIndexOutOfBoundsException, formerNode: ArrayIndexOutOfBoundsException 
105216     ERROR Test worker     d.u.i.k.j.KeYJPMapping    Duplicate registration of node: ArrayStoreException, formerNode: ArrayStoreException 
105216     ERROR Test worker     d.u.i.k.j.KeYJPMapping    Duplicate registration of node: AssertionError, formerNode: AssertionError 
105216     ERROR Test worker     d.u.i.k.j.KeYJPMapping    Duplicate registration of node: Character, formerNode: Character 
105216     ERROR Test worker     d.u.i.k.j.KeYJPMapping    Duplicate registration of node: Class, formerNode: java.lang.Class 
105216     ERROR Test worker     d.u.i.k.j.KeYJPMapping    Duplicate registration of node: Class, formerNode: java.lang.Class 
105231     ERROR Test worker     d.u.i.k.j.KeYJPMapping    Duplicate registration of node: ClassCastException, formerNode: ClassCastException 
105231     ERROR Test worker     d.u.i.k.j.KeYJPMapping    Duplicate registration of node: CloneNotSupportedException, formerNode: CloneNotSupportedException 
105231     ERROR Test worker     d.u.i.k.j.KeYJPMapping    Duplicate registration of node: Cloneable, formerNode: Cloneable 
105231     ERROR Test worker     d.u.i.k.j.KeYJPMapping    Duplicate registration of node: Comparable, formerNode: Comparable 
105231     ERROR Test worker     d.u.i.k.j.KeYJPMapping    Duplicate registration of node: Double, formerNode: Double 
105231     ERROR Test worker     d.u.i.k.j.KeYJPMapping    Duplicate registration of node: Enum, formerNode: java.lang.Enum 
105231     ERROR Test worker     d.u.i.k.j.KeYJPMapping    Duplicate registration of node: Enum, formerNode: java.lang.Enum 
105231     ERROR Test worker     d.u.i.k.j.KeYJPMapping    Duplicate registration of node: Error, formerNode: Error 
105231     ERROR Test worker     d.u.i.k.j.KeYJPMapping    Duplicate registration of node: Exception, formerNode: Exception 
105231     ERROR Test worker     d.u.i.k.j.KeYJPMapping    Duplicate registration of node: ExceptionInInitializerError, formerNode: java.lang.ExceptionInInitializerError 
105231     ERROR Test worker     d.u.i.k.j.KeYJPMapping    Duplicate registration of node: ExceptionInInitializerError, formerNode: java.lang.ExceptionInInitializerError 
105231     ERROR Test worker     d.u.i.k.j.KeYJPMapping    Duplicate registration of node: Float, formerNode: Float 
105247     ERROR Test worker     d.u.i.k.j.KeYJPMapping    Duplicate registration of node: IllegalArgumentException, formerNode: IllegalArgumentException 
105247     ERROR Test worker     d.u.i.k.j.KeYJPMapping    Duplicate registration of node: IndexOutOfBoundsException, formerNode: IndexOutOfBoundsException 
105247     ERROR Test worker     d.u.i.k.j.KeYJPMapping    Duplicate registration of node: Integer, formerNode: java.lang.Integer 
105247     ERROR Test worker     d.u.i.k.j.KeYJPMapping    Duplicate registration of node: Integer, formerNode: java.lang.Integer 
105247     ERROR Test worker     d.u.i.k.j.KeYJPMapping    Duplicate registration of node: InterruptedException, formerNode: InterruptedException 
105263     ERROR Test worker     d.u.i.k.j.KeYJPMapping    Duplicate registration of node: Iterable, formerNode: Iterable 
105263     ERROR Test worker     d.u.i.k.j.KeYJPMapping    Duplicate registration of node: LinkageError, formerNode: LinkageError 
105263     ERROR Test worker     d.u.i.k.j.KeYJPMapping    Duplicate registration of node: Math, formerNode: Math 
105263     ERROR Test worker     d.u.i.k.j.KeYJPMapping    Duplicate registration of node: NegativeArraySizeException, formerNode: NegativeArraySizeException 
105263     ERROR Test worker     d.u.i.k.j.KeYJPMapping    Duplicate registration of node: NoClassDefFoundError, formerNode: java.lang.NoClassDefFoundError 
105263     ERROR Test worker     d.u.i.k.j.KeYJPMapping    Duplicate registration of node: NoClassDefFoundError, formerNode: java.lang.NoClassDefFoundError 
105263     ERROR Test worker     d.u.i.k.j.KeYJPMapping    Duplicate registration of node: NullPointerException, formerNode: NullPointerException 
105263     ERROR Test worker     d.u.i.k.j.KeYJPMapping    Duplicate registration of node: Number, formerNode: Number 
105278     ERROR Test worker     d.u.i.k.j.KeYJPMapping    Duplicate registration of node: NumberFormatException, formerNode: NumberFormatException 
105278     ERROR Test worker     d.u.i.k.j.KeYJPMapping    Duplicate registration of node: VirtualMachineError, formerNode: VirtualMachineError 
105278     ERROR Test worker     d.u.i.k.j.KeYJPMapping    Duplicate registration of node: OutOfMemoryError, formerNode: OutOfMemoryError 
105278     ERROR Test worker     d.u.i.k.j.KeYJPMapping    Duplicate registration of node: Runnable, formerNode: Runnable 
105278     ERROR Test worker     d.u.i.k.j.KeYJPMapping    Duplicate registration of node: RuntimeException, formerNode: RuntimeException 
105278     ERROR Test worker     d.u.i.k.j.KeYJPMapping    Duplicate registration of node: /*@pure*/
int, formerNode: int 
105278     ERROR Test worker     d.u.i.k.j.KeYJPMapping    Duplicate registration of node: /*@ helper */
int, formerNode: int 
105278     ERROR Test worker     d.u.i.k.j.KeYJPMapping    Duplicate registration of node: /*@ helper */
boolean, formerNode: /*@ pure @*/
boolean 
105294     ERROR Test worker     d.u.i.k.j.KeYJPMapping    Duplicate registration of node: /*@ helper */
java.lang.String, formerNode: java.lang.String 
105294     ERROR Test worker     d.u.i.k.j.KeYJPMapping    Duplicate registration of node: String, formerNode: java.lang.String 
105310     ERROR Test worker     d.u.i.k.j.KeYJPMapping    Duplicate registration of node: String, formerNode: java.lang.String 
105310     ERROR Test worker     d.u.i.k.j.KeYJPMapping    Duplicate registration of node: char, formerNode: /*@ helper */
char 
105310     ERROR Test worker     d.u.i.k.j.KeYJPMapping    Duplicate registration of node: StringBuffer, formerNode: StringBuffer 
105310     ERROR Test worker     d.u.i.k.j.KeYJPMapping    Duplicate registration of node: System, formerNode: System 
105310     ERROR Test worker     d.u.i.k.j.KeYJPMapping    Duplicate registration of node: Thread, formerNode: Thread 
105325     ERROR Test worker     d.u.i.k.j.KeYJPMapping    Duplicate registration of node: Throwable, formerNode: java.lang.Throwable 
105325     ERROR Test worker     d.u.i.k.j.KeYJPMapping    Duplicate registration of node: Throwable, formerNode: java.lang.Throwable 
105325     ERROR Test worker     d.u.i.k.j.KeYJPMapping    Duplicate registration of node: Collection, formerNode: Collection 
105325     ERROR Test worker     d.u.i.k.j.KeYJPMapping    Duplicate registration of node: Iterator, formerNode: java.util.Iterator 
105325     ERROR Test worker     d.u.i.k.j.KeYJPMapping    Duplicate registration of node: Iterator, formerNode: java.util.Iterator 
105325     ERROR Test worker     d.u.i.k.j.KeYJPMapping    Duplicate registration of node: List, formerNode: java.util.List 
105325     ERROR Test worker     d.u.i.k.j.KeYJPMapping    Duplicate registration of node: List, formerNode: java.util.List 
105325     ERROR Test worker     d.u.i.k.j.KeYJPMapping    Duplicate registration of node: ListIterator, formerNode: java.util.ListIterator 
105325     ERROR Test worker     d.u.i.k.j.KeYJPMapping    Duplicate registration of node: ListIterator, formerNode: java.util.ListIterator 
105325     ERROR Test worker     d.u.i.k.j.KeYJPMapping    Duplicate registration of node: Long, formerNode: Long 
105325     ERROR Test worker     d.u.i.k.j.KeYJPMapping    Duplicate registration of node: Boolean, formerNode: Boolean 
105343     ERROR Test worker     d.u.i.k.j.KeYJPMapping    Duplicate registration of node: Map, formerNode: Map 
105343     ERROR Test worker     d.u.i.k.j.KeYJPMapping    Duplicate registration of node: Set, formerNode: java.util.Set 
105343     ERROR Test worker     d.u.i.k.j.KeYJPMapping    Duplicate registration of node: Set, formerNode: java.util.Set 
105343     ERROR Test worker     d.u.i.k.j.KeYJPMapping    Duplicate registration of node: FilterOutputStream, formerNode: FilterOutputStream 
105343     ERROR Test worker     d.u.i.k.j.KeYJPMapping    Duplicate registration of node: InputStream, formerNode: java.io.InputStream 
105343     ERROR Test worker     d.u.i.k.j.KeYJPMapping    Duplicate registration of node: InputStream, formerNode: java.io.InputStream 
105343     ERROR Test worker     d.u.i.k.j.KeYJPMapping    Duplicate registration of node: IOException, formerNode: IOException 
105343     ERROR Test worker     d.u.i.k.j.KeYJPMapping    Duplicate registration of node: OutputStream, formerNode: java.io.OutputStream 
105343     ERROR Test worker     d.u.i.k.j.KeYJPMapping    Duplicate registration of node: OutputStream, formerNode: java.io.OutputStream 
105343     ERROR Test worker     d.u.i.k.j.KeYJPMapping    Duplicate registration of node: PrintStream, formerNode: java.io.PrintStream 
105343     ERROR Test worker     d.u.i.k.j.KeYJPMapping    Duplicate registration of node: PrintStream, formerNode: java.io.PrintStream 
105343     ERROR Test worker     d.u.i.k.j.KeYJPMapping    Duplicate registration of node: Serializable, formerNode: Serializable 
105357     ERROR Test worker     d.u.i.k.j.KeYJPMapping    Duplicate registration of node: BigInteger, formerNode: java.math.BigInteger 
105357     ERROR Test worker     d.u.i.k.j.KeYJPMapping    Duplicate registration of node: BigInteger, formerNode: java.math.BigInteger 
105357     ERROR Test worker     d.u.i.k.j.KeYJPMapping    Duplicate registration of node: ArrayList, formerNode: ArrayList 
105357     ERROR Test worker     d.u.i.k.j.KeYJPMapping    Duplicate registration of node: byte[], formerNode: byte[] 
105372     ERROR Test worker     d.u.i.k.j.KeYJPMapping    Duplicate registration of node: Arrays, formerNode: Arrays 
105372     ERROR Test worker     d.u.i.k.j.KeYJPMapping    Duplicate registration of node: ListIteratorImpl, formerNode: ListIteratorImpl 
105372     ERROR Test worker     d.u.i.k.j.KeYJPMapping    Duplicate registration of node: Date, formerNode: Date 
105372     ERROR Test worker     d.u.i.k.j.KeYJPMapping    Duplicate registration of node: LinkedHashMap, formerNode: LinkedHashMap 
105372     ERROR Test worker     d.u.i.k.j.KeYJPMapping    Duplicate registration of node: /*@pure@*/
String, formerNode: /*@strictly_pure*/
java.lang.String 
105372     ERROR Test worker     d.u.i.k.j.KeYJPMapping    Duplicate registration of node: LinkedList, formerNode: LinkedList 
105419     DEBUG Test worker     d.u.i.k.p.i.AbstractProblemLoader Init config took 354.92ms 
105451     INFO  Test worker     d.u.i.k.p.i.AbstractProblemLoader Loading environment from src\test\resources\testcase\merge\gcd.mergePointStatements.closed.proof 
105451     DEBUG Test worker     d.u.i.k.p.i.AbstractProblemLoader Environment load took 1.05ms 
105451     INFO  Test worker     d.u.i.k.p.i.AbstractProblemLoader Creating init config 
105638     ERROR Test worker     d.u.i.k.j.KeYJPMapping    Duplicate registration of node: boolean, formerNode: /*@ pure @*/
boolean 
105638     ERROR Test worker     d.u.i.k.j.KeYJPMapping    Duplicate registration of node: Object, formerNode: java.lang.Object 
105638     ERROR Test worker     d.u.i.k.j.KeYJPMapping    Duplicate registration of node: Object, formerNode: java.lang.Object 
105638     ERROR Test worker     d.u.i.k.j.KeYJPMapping    Duplicate registration of node: Annotation, formerNode: Annotation 
105654     ERROR Test worker     d.u.i.k.j.KeYJPMapping    Duplicate registration of node: ArithmeticException, formerNode: ArithmeticException 
105654     ERROR Test worker     d.u.i.k.j.KeYJPMapping    Duplicate registration of node: ArrayIndexOutOfBoundsException, formerNode: ArrayIndexOutOfBoundsException 
105654     ERROR Test worker     d.u.i.k.j.KeYJPMapping    Duplicate registration of node: ArrayStoreException, formerNode: ArrayStoreException 
105654     ERROR Test worker     d.u.i.k.j.KeYJPMapping    Duplicate registration of node: AssertionError, formerNode: AssertionError 
105654     ERROR Test worker     d.u.i.k.j.KeYJPMapping    Duplicate registration of node: Character, formerNode: Character 
105654     ERROR Test worker     d.u.i.k.j.KeYJPMapping    Duplicate registration of node: Class, formerNode: java.lang.Class 
105654     ERROR Test worker     d.u.i.k.j.KeYJPMapping    Duplicate registration of node: Class, formerNode: java.lang.Class 
105654     ERROR Test worker     d.u.i.k.j.KeYJPMapping    Duplicate registration of node: ClassCastException, formerNode: ClassCastException 
105654     ERROR Test worker     d.u.i.k.j.KeYJPMapping    Duplicate registration of node: CloneNotSupportedException, formerNode: CloneNotSupportedException 
105654     ERROR Test worker     d.u.i.k.j.KeYJPMapping    Duplicate registration of node: Cloneable, formerNode: Cloneable 
105654     ERROR Test worker     d.u.i.k.j.KeYJPMapping    Duplicate registration of node: Comparable, formerNode: Comparable 
105654     ERROR Test worker     d.u.i.k.j.KeYJPMapping    Duplicate registration of node: Double, formerNode: Double 
105654     ERROR Test worker     d.u.i.k.j.KeYJPMapping    Duplicate registration of node: Enum, formerNode: java.lang.Enum 
105654     ERROR Test worker     d.u.i.k.j.KeYJPMapping    Duplicate registration of node: Enum, formerNode: java.lang.Enum 
105654     ERROR Test worker     d.u.i.k.j.KeYJPMapping    Duplicate registration of node: Error, formerNode: Error 
105654     ERROR Test worker     d.u.i.k.j.KeYJPMapping    Duplicate registration of node: Exception, formerNode: Exception 
105669     ERROR Test worker     d.u.i.k.j.KeYJPMapping    Duplicate registration of node: ExceptionInInitializerError, formerNode: java.lang.ExceptionInInitializerError 
105669     ERROR Test worker     d.u.i.k.j.KeYJPMapping    Duplicate registration of node: ExceptionInInitializerError, formerNode: java.lang.ExceptionInInitializerError 
105669     ERROR Test worker     d.u.i.k.j.KeYJPMapping    Duplicate registration of node: Float, formerNode: Float 
105669     ERROR Test worker     d.u.i.k.j.KeYJPMapping    Duplicate registration of node: IllegalArgumentException, formerNode: IllegalArgumentException 
105669     ERROR Test worker     d.u.i.k.j.KeYJPMapping    Duplicate registration of node: IndexOutOfBoundsException, formerNode: IndexOutOfBoundsException 
105685     ERROR Test worker     d.u.i.k.j.KeYJPMapping    Duplicate registration of node: Integer, formerNode: java.lang.Integer 
105685     ERROR Test worker     d.u.i.k.j.KeYJPMapping    Duplicate registration of node: Integer, formerNode: java.lang.Integer 
105685     ERROR Test worker     d.u.i.k.j.KeYJPMapping    Duplicate registration of node: InterruptedException, formerNode: InterruptedException 
105685     ERROR Test worker     d.u.i.k.j.KeYJPMapping    Duplicate registration of node: Iterable, formerNode: Iterable 
105685     ERROR Test worker     d.u.i.k.j.KeYJPMapping    Duplicate registration of node: LinkageError, formerNode: LinkageError 
105685     ERROR Test worker     d.u.i.k.j.KeYJPMapping    Duplicate registration of node: Math, formerNode: Math 
105701     ERROR Test worker     d.u.i.k.j.KeYJPMapping    Duplicate registration of node: NegativeArraySizeException, formerNode: NegativeArraySizeException 
105701     ERROR Test worker     d.u.i.k.j.KeYJPMapping    Duplicate registration of node: NoClassDefFoundError, formerNode: java.lang.NoClassDefFoundError 
105701     ERROR Test worker     d.u.i.k.j.KeYJPMapping    Duplicate registration of node: NoClassDefFoundError, formerNode: java.lang.NoClassDefFoundError 
105701     ERROR Test worker     d.u.i.k.j.KeYJPMapping    Duplicate registration of node: NullPointerException, formerNode: NullPointerException 
105701     ERROR Test worker     d.u.i.k.j.KeYJPMapping    Duplicate registration of node: Number, formerNode: Number 
105701     ERROR Test worker     d.u.i.k.j.KeYJPMapping    Duplicate registration of node: NumberFormatException, formerNode: NumberFormatException 
105701     ERROR Test worker     d.u.i.k.j.KeYJPMapping    Duplicate registration of node: VirtualMachineError, formerNode: VirtualMachineError 
105701     ERROR Test worker     d.u.i.k.j.KeYJPMapping    Duplicate registration of node: OutOfMemoryError, formerNode: OutOfMemoryError 
105701     ERROR Test worker     d.u.i.k.j.KeYJPMapping    Duplicate registration of node: Runnable, formerNode: Runnable 
105701     ERROR Test worker     d.u.i.k.j.KeYJPMapping    Duplicate registration of node: RuntimeException, formerNode: RuntimeException 
105701     ERROR Test worker     d.u.i.k.j.KeYJPMapping    Duplicate registration of node: /*@pure*/
int, formerNode: int 
105701     ERROR Test worker     d.u.i.k.j.KeYJPMapping    Duplicate registration of node: /*@ helper */
int, formerNode: int 
105701     ERROR Test worker     d.u.i.k.j.KeYJPMapping    Duplicate registration of node: /*@ helper */
boolean, formerNode: /*@ pure @*/
boolean 
105716     ERROR Test worker     d.u.i.k.j.KeYJPMapping    Duplicate registration of node: /*@ helper */
java.lang.String, formerNode: java.lang.String 
105716     ERROR Test worker     d.u.i.k.j.KeYJPMapping    Duplicate registration of node: String, formerNode: java.lang.String 
105732     ERROR Test worker     d.u.i.k.j.KeYJPMapping    Duplicate registration of node: String, formerNode: java.lang.String 
105748     ERROR Test worker     d.u.i.k.j.KeYJPMapping    Duplicate registration of node: char, formerNode: /*@ helper */
char 
105749     ERROR Test worker     d.u.i.k.j.KeYJPMapping    Duplicate registration of node: StringBuffer, formerNode: StringBuffer 
105752     ERROR Test worker     d.u.i.k.j.KeYJPMapping    Duplicate registration of node: System, formerNode: System 
105752     ERROR Test worker     d.u.i.k.j.KeYJPMapping    Duplicate registration of node: Thread, formerNode: Thread 
105752     ERROR Test worker     d.u.i.k.j.KeYJPMapping    Duplicate registration of node: Throwable, formerNode: java.lang.Throwable 
105752     ERROR Test worker     d.u.i.k.j.KeYJPMapping    Duplicate registration of node: Throwable, formerNode: java.lang.Throwable 
105752     ERROR Test worker     d.u.i.k.j.KeYJPMapping    Duplicate registration of node: Collection, formerNode: Collection 
105752     ERROR Test worker     d.u.i.k.j.KeYJPMapping    Duplicate registration of node: Iterator, formerNode: java.util.Iterator 
105752     ERROR Test worker     d.u.i.k.j.KeYJPMapping    Duplicate registration of node: Iterator, formerNode: java.util.Iterator 
105752     ERROR Test worker     d.u.i.k.j.KeYJPMapping    Duplicate registration of node: List, formerNode: java.util.List 
105752     ERROR Test worker     d.u.i.k.j.KeYJPMapping    Duplicate registration of node: List, formerNode: java.util.List 
105768     ERROR Test worker     d.u.i.k.j.KeYJPMapping    Duplicate registration of node: ListIterator, formerNode: java.util.ListIterator 
105769     ERROR Test worker     d.u.i.k.j.KeYJPMapping    Duplicate registration of node: ListIterator, formerNode: java.util.ListIterator 
105770     ERROR Test worker     d.u.i.k.j.KeYJPMapping    Duplicate registration of node: Long, formerNode: Long 
105770     ERROR Test worker     d.u.i.k.j.KeYJPMapping    Duplicate registration of node: Boolean, formerNode: Boolean 
105770     ERROR Test worker     d.u.i.k.j.KeYJPMapping    Duplicate registration of node: Map, formerNode: Map 
105770     ERROR Test worker     d.u.i.k.j.KeYJPMapping    Duplicate registration of node: Set, formerNode: java.util.Set 
105770     ERROR Test worker     d.u.i.k.j.KeYJPMapping    Duplicate registration of node: Set, formerNode: java.util.Set 
105770     ERROR Test worker     d.u.i.k.j.KeYJPMapping    Duplicate registration of node: FilterOutputStream, formerNode: FilterOutputStream 
105770     ERROR Test worker     d.u.i.k.j.KeYJPMapping    Duplicate registration of node: InputStream, formerNode: java.io.InputStream 
105770     ERROR Test worker     d.u.i.k.j.KeYJPMapping    Duplicate registration of node: InputStream, formerNode: java.io.InputStream 
105770     ERROR Test worker     d.u.i.k.j.KeYJPMapping    Duplicate registration of node: IOException, formerNode: IOException 
105770     ERROR Test worker     d.u.i.k.j.KeYJPMapping    Duplicate registration of node: OutputStream, formerNode: java.io.OutputStream 
105770     ERROR Test worker     d.u.i.k.j.KeYJPMapping    Duplicate registration of node: OutputStream, formerNode: java.io.OutputStream 
105786     ERROR Test worker     d.u.i.k.j.KeYJPMapping    Duplicate registration of node: PrintStream, formerNode: java.io.PrintStream 
105786     ERROR Test worker     d.u.i.k.j.KeYJPMapping    Duplicate registration of node: PrintStream, formerNode: java.io.PrintStream 
105786     ERROR Test worker     d.u.i.k.j.KeYJPMapping    Duplicate registration of node: Serializable, formerNode: Serializable 
105786     ERROR Test worker     d.u.i.k.j.KeYJPMapping    Duplicate registration of node: BigInteger, formerNode: java.math.BigInteger 
105786     ERROR Test worker     d.u.i.k.j.KeYJPMapping    Duplicate registration of node: BigInteger, formerNode: java.math.BigInteger 
105786     ERROR Test worker     d.u.i.k.j.KeYJPMapping    Duplicate registration of node: ArrayList, formerNode: ArrayList 
105786     ERROR Test worker     d.u.i.k.j.KeYJPMapping    Duplicate registration of node: byte[], formerNode: byte[] 
105801     ERROR Test worker     d.u.i.k.j.KeYJPMapping    Duplicate registration of node: Arrays, formerNode: Arrays 
105801     ERROR Test worker     d.u.i.k.j.KeYJPMapping    Duplicate registration of node: ListIteratorImpl, formerNode: ListIteratorImpl 
105801     ERROR Test worker     d.u.i.k.j.KeYJPMapping    Duplicate registration of node: Date, formerNode: Date 
105801     ERROR Test worker     d.u.i.k.j.KeYJPMapping    Duplicate registration of node: LinkedHashMap, formerNode: LinkedHashMap 
105801     ERROR Test worker     d.u.i.k.j.KeYJPMapping    Duplicate registration of node: /*@pure@*/
String, formerNode: /*@strictly_pure*/
java.lang.String 
105801     ERROR Test worker     d.u.i.k.j.KeYJPMapping    Duplicate registration of node: LinkedList, formerNode: LinkedList 
105801     ERROR Test worker     d.u.i.k.j.KeYJPMapping    Duplicate registration of node: A, formerNode: A 
105817     ERROR Test worker     d.u.i.k.j.KeYJPMapping    Duplicate registration of node: Gcd, formerNode: Gcd 
105817     ERROR Test worker     d.u.i.k.j.KeYJPMapping    Duplicate registration of node: a = -a;, formerNode: a = -a 
105817     ERROR Test worker     d.u.i.k.j.KeYJPMapping    Duplicate registration of node: b = -b;, formerNode: b = -b 
105864     DEBUG Test worker     d.u.i.k.p.i.AbstractProblemLoader Init config took 405.71ms 
105864     INFO  Test worker     d.u.i.k.p.i.AbstractProblemLoader Loading environment from src\test\resources\testcase\merge\IndistinguishablePathConditions.proof 
105864     DEBUG Test worker     d.u.i.k.p.i.AbstractProblemLoader Environment load took 102.6ns 
105864     INFO  Test worker     d.u.i.k.p.i.AbstractProblemLoader Creating init config 
105973     ERROR Test worker     d.u.i.k.j.KeYJPMapping    Duplicate registration of node: boolean, formerNode: /*@ pure @*/
boolean 
105973     ERROR Test worker     d.u.i.k.j.KeYJPMapping    Duplicate registration of node: Object, formerNode: java.lang.Object 
105973     ERROR Test worker     d.u.i.k.j.KeYJPMapping    Duplicate registration of node: Object, formerNode: java.lang.Object 
105973     ERROR Test worker     d.u.i.k.j.KeYJPMapping    Duplicate registration of node: Annotation, formerNode: Annotation 
105973     ERROR Test worker     d.u.i.k.j.KeYJPMapping    Duplicate registration of node: ArithmeticException, formerNode: ArithmeticException 
105973     ERROR Test worker     d.u.i.k.j.KeYJPMapping    Duplicate registration of node: ArrayIndexOutOfBoundsException, formerNode: ArrayIndexOutOfBoundsException 
105973     ERROR Test worker     d.u.i.k.j.KeYJPMapping    Duplicate registration of node: ArrayStoreException, formerNode: ArrayStoreException 
105973     ERROR Test worker     d.u.i.k.j.KeYJPMapping    Duplicate registration of node: AssertionError, formerNode: AssertionError 
105989     ERROR Test worker     d.u.i.k.j.KeYJPMapping    Duplicate registration of node: Character, formerNode: Character 
105989     ERROR Test worker     d.u.i.k.j.KeYJPMapping    Duplicate registration of node: Class, formerNode: java.lang.Class 
105989     ERROR Test worker     d.u.i.k.j.KeYJPMapping    Duplicate registration of node: Class, formerNode: java.lang.Class 
105989     ERROR Test worker     d.u.i.k.j.KeYJPMapping    Duplicate registration of node: ClassCastException, formerNode: ClassCastException 
105989     ERROR Test worker     d.u.i.k.j.KeYJPMapping    Duplicate registration of node: CloneNotSupportedException, formerNode: CloneNotSupportedException 
105989     ERROR Test worker     d.u.i.k.j.KeYJPMapping    Duplicate registration of node: Cloneable, formerNode: Cloneable 
105989     ERROR Test worker     d.u.i.k.j.KeYJPMapping    Duplicate registration of node: Comparable, formerNode: Comparable 
105989     ERROR Test worker     d.u.i.k.j.KeYJPMapping    Duplicate registration of node: Double, formerNode: Double 
105989     ERROR Test worker     d.u.i.k.j.KeYJPMapping    Duplicate registration of node: Enum, formerNode: java.lang.Enum 
105989     ERROR Test worker     d.u.i.k.j.KeYJPMapping    Duplicate registration of node: Enum, formerNode: java.lang.Enum 
105989     ERROR Test worker     d.u.i.k.j.KeYJPMapping    Duplicate registration of node: Error, formerNode: Error 
105989     ERROR Test worker     d.u.i.k.j.KeYJPMapping    Duplicate registration of node: Exception, formerNode: Exception 
105989     ERROR Test worker     d.u.i.k.j.KeYJPMapping    Duplicate registration of node: ExceptionInInitializerError, formerNode: java.lang.ExceptionInInitializerError 
105989     ERROR Test worker     d.u.i.k.j.KeYJPMapping    Duplicate registration of node: ExceptionInInitializerError, formerNode: java.lang.ExceptionInInitializerError 
105989     ERROR Test worker     d.u.i.k.j.KeYJPMapping    Duplicate registration of node: Float, formerNode: Float 
105989     ERROR Test worker     d.u.i.k.j.KeYJPMapping    Duplicate registration of node: IllegalArgumentException, formerNode: IllegalArgumentException 
106004     ERROR Test worker     d.u.i.k.j.KeYJPMapping    Duplicate registration of node: IndexOutOfBoundsException, formerNode: IndexOutOfBoundsException 
106004     ERROR Test worker     d.u.i.k.j.KeYJPMapping    Duplicate registration of node: Integer, formerNode: java.lang.Integer 
106004     ERROR Test worker     d.u.i.k.j.KeYJPMapping    Duplicate registration of node: Integer, formerNode: java.lang.Integer 
106004     ERROR Test worker     d.u.i.k.j.KeYJPMapping    Duplicate registration of node: InterruptedException, formerNode: InterruptedException 
106004     ERROR Test worker     d.u.i.k.j.KeYJPMapping    Duplicate registration of node: Iterable, formerNode: Iterable 
106020     ERROR Test worker     d.u.i.k.j.KeYJPMapping    Duplicate registration of node: LinkageError, formerNode: LinkageError 
106098     ERROR Test worker     d.u.i.k.j.KeYJPMapping    Duplicate registration of node: Math, formerNode: Math 
106098     ERROR Test worker     d.u.i.k.j.KeYJPMapping    Duplicate registration of node: NegativeArraySizeException, formerNode: NegativeArraySizeException 
106098     ERROR Test worker     d.u.i.k.j.KeYJPMapping    Duplicate registration of node: NoClassDefFoundError, formerNode: java.lang.NoClassDefFoundError 
106098     ERROR Test worker     d.u.i.k.j.KeYJPMapping    Duplicate registration of node: NoClassDefFoundError, formerNode: java.lang.NoClassDefFoundError 
106098     ERROR Test worker     d.u.i.k.j.KeYJPMapping    Duplicate registration of node: NullPointerException, formerNode: NullPointerException 
106098     ERROR Test worker     d.u.i.k.j.KeYJPMapping    Duplicate registration of node: Number, formerNode: Number 
106098     ERROR Test worker     d.u.i.k.j.KeYJPMapping    Duplicate registration of node: NumberFormatException, formerNode: NumberFormatException 
106098     ERROR Test worker     d.u.i.k.j.KeYJPMapping    Duplicate registration of node: VirtualMachineError, formerNode: VirtualMachineError 
106098     ERROR Test worker     d.u.i.k.j.KeYJPMapping    Duplicate registration of node: OutOfMemoryError, formerNode: OutOfMemoryError 
106098     ERROR Test worker     d.u.i.k.j.KeYJPMapping    Duplicate registration of node: Runnable, formerNode: Runnable 
106098     ERROR Test worker     d.u.i.k.j.KeYJPMapping    Duplicate registration of node: RuntimeException, formerNode: RuntimeException 
106098     ERROR Test worker     d.u.i.k.j.KeYJPMapping    Duplicate registration of node: /*@pure*/
int, formerNode: int 
106114     ERROR Test worker     d.u.i.k.j.KeYJPMapping    Duplicate registration of node: /*@ helper */
int, formerNode: int 
106114     ERROR Test worker     d.u.i.k.j.KeYJPMapping    Duplicate registration of node: /*@ helper */
boolean, formerNode: /*@ pure @*/
boolean 
106114     ERROR Test worker     d.u.i.k.j.KeYJPMapping    Duplicate registration of node: /*@ helper */
java.lang.String, formerNode: java.lang.String 
106114     ERROR Test worker     d.u.i.k.j.KeYJPMapping    Duplicate registration of node: String, formerNode: java.lang.String 
106129     ERROR Test worker     d.u.i.k.j.KeYJPMapping    Duplicate registration of node: String, formerNode: java.lang.String 
106129     ERROR Test worker     d.u.i.k.j.KeYJPMapping    Duplicate registration of node: char, formerNode: /*@ helper */
char 
106129     ERROR Test worker     d.u.i.k.j.KeYJPMapping    Duplicate registration of node: StringBuffer, formerNode: StringBuffer 
106145     ERROR Test worker     d.u.i.k.j.KeYJPMapping    Duplicate registration of node: System, formerNode: System 
106145     ERROR Test worker     d.u.i.k.j.KeYJPMapping    Duplicate registration of node: Thread, formerNode: Thread 
106145     ERROR Test worker     d.u.i.k.j.KeYJPMapping    Duplicate registration of node: Throwable, formerNode: java.lang.Throwable 
106145     ERROR Test worker     d.u.i.k.j.KeYJPMapping    Duplicate registration of node: Throwable, formerNode: java.lang.Throwable 
106145     ERROR Test worker     d.u.i.k.j.KeYJPMapping    Duplicate registration of node: Collection, formerNode: Collection 
106145     ERROR Test worker     d.u.i.k.j.KeYJPMapping    Duplicate registration of node: Iterator, formerNode: java.util.Iterator 
106145     ERROR Test worker     d.u.i.k.j.KeYJPMapping    Duplicate registration of node: Iterator, formerNode: java.util.Iterator 
106145     ERROR Test worker     d.u.i.k.j.KeYJPMapping    Duplicate registration of node: List, formerNode: java.util.List 
106145     ERROR Test worker     d.u.i.k.j.KeYJPMapping    Duplicate registration of node: List, formerNode: java.util.List 
106145     ERROR Test worker     d.u.i.k.j.KeYJPMapping    Duplicate registration of node: ListIterator, formerNode: java.util.ListIterator 
106145     ERROR Test worker     d.u.i.k.j.KeYJPMapping    Duplicate registration of node: ListIterator, formerNode: java.util.ListIterator 
106161     ERROR Test worker     d.u.i.k.j.KeYJPMapping    Duplicate registration of node: Long, formerNode: Long 
106161     ERROR Test worker     d.u.i.k.j.KeYJPMapping    Duplicate registration of node: Boolean, formerNode: Boolean 
106161     ERROR Test worker     d.u.i.k.j.KeYJPMapping    Duplicate registration of node: Map, formerNode: Map 
106161     ERROR Test worker     d.u.i.k.j.KeYJPMapping    Duplicate registration of node: Set, formerNode: java.util.Set 
106161     ERROR Test worker     d.u.i.k.j.KeYJPMapping    Duplicate registration of node: Set, formerNode: java.util.Set 
106161     ERROR Test worker     d.u.i.k.j.KeYJPMapping    Duplicate registration of node: FilterOutputStream, formerNode: FilterOutputStream 
106161     ERROR Test worker     d.u.i.k.j.KeYJPMapping    Duplicate registration of node: InputStream, formerNode: java.io.InputStream 
106161     ERROR Test worker     d.u.i.k.j.KeYJPMapping    Duplicate registration of node: InputStream, formerNode: java.io.InputStream 
106161     ERROR Test worker     d.u.i.k.j.KeYJPMapping    Duplicate registration of node: IOException, formerNode: IOException 
106161     ERROR Test worker     d.u.i.k.j.KeYJPMapping    Duplicate registration of node: OutputStream, formerNode: java.io.OutputStream 
106161     ERROR Test worker     d.u.i.k.j.KeYJPMapping    Duplicate registration of node: OutputStream, formerNode: java.io.OutputStream 
106161     ERROR Test worker     d.u.i.k.j.KeYJPMapping    Duplicate registration of node: PrintStream, formerNode: java.io.PrintStream 
106161     ERROR Test worker     d.u.i.k.j.KeYJPMapping    Duplicate registration of node: PrintStream, formerNode: java.io.PrintStream 
106161     ERROR Test worker     d.u.i.k.j.KeYJPMapping    Duplicate registration of node: Serializable, formerNode: Serializable 
106176     ERROR Test worker     d.u.i.k.j.KeYJPMapping    Duplicate registration of node: BigInteger, formerNode: java.math.BigInteger 
106176     ERROR Test worker     d.u.i.k.j.KeYJPMapping    Duplicate registration of node: BigInteger, formerNode: java.math.BigInteger 
106176     ERROR Test worker     d.u.i.k.j.KeYJPMapping    Duplicate registration of node: ArrayList, formerNode: ArrayList 
106176     ERROR Test worker     d.u.i.k.j.KeYJPMapping    Duplicate registration of node: byte[], formerNode: byte[] 
106192     ERROR Test worker     d.u.i.k.j.KeYJPMapping    Duplicate registration of node: Arrays, formerNode: Arrays 
106192     ERROR Test worker     d.u.i.k.j.KeYJPMapping    Duplicate registration of node: ListIteratorImpl, formerNode: ListIteratorImpl 
106192     ERROR Test worker     d.u.i.k.j.KeYJPMapping    Duplicate registration of node: Date, formerNode: Date 
106192     ERROR Test worker     d.u.i.k.j.KeYJPMapping    Duplicate registration of node: LinkedHashMap, formerNode: LinkedHashMap 
106192     ERROR Test worker     d.u.i.k.j.KeYJPMapping    Duplicate registration of node: /*@pure@*/
String, formerNode: /*@strictly_pure*/
java.lang.String 
106192     ERROR Test worker     d.u.i.k.j.KeYJPMapping    Duplicate registration of node: LinkedList, formerNode: LinkedList 
106239     DEBUG Test worker     d.u.i.k.p.i.AbstractProblemLoader Init config took 384.05ms 
106263     INFO  Test worker     d.u.i.k.p.i.AbstractProblemLoader Loading environment from src\test\resources\testcase\merge\gcd.mergePointStatements.key 
106263     DEBUG Test worker     d.u.i.k.p.i.AbstractProblemLoader Environment load took 110.3ns 
106263     INFO  Test worker     d.u.i.k.p.i.AbstractProblemLoader Creating init config 
106591     ERROR Test worker     d.u.i.k.j.KeYJPMapping    Duplicate registration of node: boolean, formerNode: /*@ pure @*/
boolean 
106591     ERROR Test worker     d.u.i.k.j.KeYJPMapping    Duplicate registration of node: Object, formerNode: java.lang.Object 
106591     ERROR Test worker     d.u.i.k.j.KeYJPMapping    Duplicate registration of node: Object, formerNode: java.lang.Object 
106591     ERROR Test worker     d.u.i.k.j.KeYJPMapping    Duplicate registration of node: Annotation, formerNode: Annotation 
106591     ERROR Test worker     d.u.i.k.j.KeYJPMapping    Duplicate registration of node: ArithmeticException, formerNode: ArithmeticException 
106607     ERROR Test worker     d.u.i.k.j.KeYJPMapping    Duplicate registration of node: ArrayIndexOutOfBoundsException, formerNode: ArrayIndexOutOfBoundsException 
106607     ERROR Test worker     d.u.i.k.j.KeYJPMapping    Duplicate registration of node: ArrayStoreException, formerNode: ArrayStoreException 
106607     ERROR Test worker     d.u.i.k.j.KeYJPMapping    Duplicate registration of node: AssertionError, formerNode: AssertionError 
106607     ERROR Test worker     d.u.i.k.j.KeYJPMapping    Duplicate registration of node: Character, formerNode: Character 
106607     ERROR Test worker     d.u.i.k.j.KeYJPMapping    Duplicate registration of node: Class, formerNode: java.lang.Class 
106607     ERROR Test worker     d.u.i.k.j.KeYJPMapping    Duplicate registration of node: Class, formerNode: java.lang.Class 
106607     ERROR Test worker     d.u.i.k.j.KeYJPMapping    Duplicate registration of node: ClassCastException, formerNode: ClassCastException 
106607     ERROR Test worker     d.u.i.k.j.KeYJPMapping    Duplicate registration of node: CloneNotSupportedException, formerNode: CloneNotSupportedException 
106607     ERROR Test worker     d.u.i.k.j.KeYJPMapping    Duplicate registration of node: Cloneable, formerNode: Cloneable 
106607     ERROR Test worker     d.u.i.k.j.KeYJPMapping    Duplicate registration of node: Comparable, formerNode: Comparable 
106607     ERROR Test worker     d.u.i.k.j.KeYJPMapping    Duplicate registration of node: Double, formerNode: Double 
106607     ERROR Test worker     d.u.i.k.j.KeYJPMapping    Duplicate registration of node: Enum, formerNode: java.lang.Enum 
106607     ERROR Test worker     d.u.i.k.j.KeYJPMapping    Duplicate registration of node: Enum, formerNode: java.lang.Enum 
106607     ERROR Test worker     d.u.i.k.j.KeYJPMapping    Duplicate registration of node: Error, formerNode: Error 
106607     ERROR Test worker     d.u.i.k.j.KeYJPMapping    Duplicate registration of node: Exception, formerNode: Exception 
106607     ERROR Test worker     d.u.i.k.j.KeYJPMapping    Duplicate registration of node: ExceptionInInitializerError, formerNode: java.lang.ExceptionInInitializerError 
106607     ERROR Test worker     d.u.i.k.j.KeYJPMapping    Duplicate registration of node: ExceptionInInitializerError, formerNode: java.lang.ExceptionInInitializerError 
106607     ERROR Test worker     d.u.i.k.j.KeYJPMapping    Duplicate registration of node: Float, formerNode: Float 
106622     ERROR Test worker     d.u.i.k.j.KeYJPMapping    Duplicate registration of node: IllegalArgumentException, formerNode: IllegalArgumentException 
106622     ERROR Test worker     d.u.i.k.j.KeYJPMapping    Duplicate registration of node: IndexOutOfBoundsException, formerNode: IndexOutOfBoundsException 
106622     ERROR Test worker     d.u.i.k.j.KeYJPMapping    Duplicate registration of node: Integer, formerNode: java.lang.Integer 
106622     ERROR Test worker     d.u.i.k.j.KeYJPMapping    Duplicate registration of node: Integer, formerNode: java.lang.Integer 
106622     ERROR Test worker     d.u.i.k.j.KeYJPMapping    Duplicate registration of node: InterruptedException, formerNode: InterruptedException 
106638     ERROR Test worker     d.u.i.k.j.KeYJPMapping    Duplicate registration of node: Iterable, formerNode: Iterable 
106638     ERROR Test worker     d.u.i.k.j.KeYJPMapping    Duplicate registration of node: LinkageError, formerNode: LinkageError 
106638     ERROR Test worker     d.u.i.k.j.KeYJPMapping    Duplicate registration of node: Math, formerNode: Math 
106638     ERROR Test worker     d.u.i.k.j.KeYJPMapping    Duplicate registration of node: NegativeArraySizeException, formerNode: NegativeArraySizeException 
106638     ERROR Test worker     d.u.i.k.j.KeYJPMapping    Duplicate registration of node: NoClassDefFoundError, formerNode: java.lang.NoClassDefFoundError 
106638     ERROR Test worker     d.u.i.k.j.KeYJPMapping    Duplicate registration of node: NoClassDefFoundError, formerNode: java.lang.NoClassDefFoundError 
106638     ERROR Test worker     d.u.i.k.j.KeYJPMapping    Duplicate registration of node: NullPointerException, formerNode: NullPointerException 
106638     ERROR Test worker     d.u.i.k.j.KeYJPMapping    Duplicate registration of node: Number, formerNode: Number 
106638     ERROR Test worker     d.u.i.k.j.KeYJPMapping    Duplicate registration of node: NumberFormatException, formerNode: NumberFormatException 
106638     ERROR Test worker     d.u.i.k.j.KeYJPMapping    Duplicate registration of node: VirtualMachineError, formerNode: VirtualMachineError 
106654     ERROR Test worker     d.u.i.k.j.KeYJPMapping    Duplicate registration of node: OutOfMemoryError, formerNode: OutOfMemoryError 
106654     ERROR Test worker     d.u.i.k.j.KeYJPMapping    Duplicate registration of node: Runnable, formerNode: Runnable 
106654     ERROR Test worker     d.u.i.k.j.KeYJPMapping    Duplicate registration of node: RuntimeException, formerNode: RuntimeException 
106654     ERROR Test worker     d.u.i.k.j.KeYJPMapping    Duplicate registration of node: /*@pure*/
int, formerNode: int 
106654     ERROR Test worker     d.u.i.k.j.KeYJPMapping    Duplicate registration of node: /*@ helper */
int, formerNode: int 
106654     ERROR Test worker     d.u.i.k.j.KeYJPMapping    Duplicate registration of node: /*@ helper */
boolean, formerNode: /*@ pure @*/
boolean 
106654     ERROR Test worker     d.u.i.k.j.KeYJPMapping    Duplicate registration of node: /*@ helper */
java.lang.String, formerNode: java.lang.String 
106669     ERROR Test worker     d.u.i.k.j.KeYJPMapping    Duplicate registration of node: String, formerNode: java.lang.String 
106685     ERROR Test worker     d.u.i.k.j.KeYJPMapping    Duplicate registration of node: String, formerNode: java.lang.String 
106685     ERROR Test worker     d.u.i.k.j.KeYJPMapping    Duplicate registration of node: char, formerNode: /*@ helper */
char 
106685     ERROR Test worker     d.u.i.k.j.KeYJPMapping    Duplicate registration of node: StringBuffer, formerNode: StringBuffer 
106685     ERROR Test worker     d.u.i.k.j.KeYJPMapping    Duplicate registration of node: System, formerNode: System 
106685     ERROR Test worker     d.u.i.k.j.KeYJPMapping    Duplicate registration of node: Thread, formerNode: Thread 
106685     ERROR Test worker     d.u.i.k.j.KeYJPMapping    Duplicate registration of node: Throwable, formerNode: java.lang.Throwable 
106685     ERROR Test worker     d.u.i.k.j.KeYJPMapping    Duplicate registration of node: Throwable, formerNode: java.lang.Throwable 
106701     ERROR Test worker     d.u.i.k.j.KeYJPMapping    Duplicate registration of node: Collection, formerNode: Collection 
106701     ERROR Test worker     d.u.i.k.j.KeYJPMapping    Duplicate registration of node: Iterator, formerNode: java.util.Iterator 
106701     ERROR Test worker     d.u.i.k.j.KeYJPMapping    Duplicate registration of node: Iterator, formerNode: java.util.Iterator 
106701     ERROR Test worker     d.u.i.k.j.KeYJPMapping    Duplicate registration of node: List, formerNode: java.util.List 
106701     ERROR Test worker     d.u.i.k.j.KeYJPMapping    Duplicate registration of node: List, formerNode: java.util.List 
106701     ERROR Test worker     d.u.i.k.j.KeYJPMapping    Duplicate registration of node: ListIterator, formerNode: java.util.ListIterator 
106701     ERROR Test worker     d.u.i.k.j.KeYJPMapping    Duplicate registration of node: ListIterator, formerNode: java.util.ListIterator 
106701     ERROR Test worker     d.u.i.k.j.KeYJPMapping    Duplicate registration of node: Long, formerNode: Long 
106701     ERROR Test worker     d.u.i.k.j.KeYJPMapping    Duplicate registration of node: Boolean, formerNode: Boolean 
106701     ERROR Test worker     d.u.i.k.j.KeYJPMapping    Duplicate registration of node: Map, formerNode: Map 
106716     ERROR Test worker     d.u.i.k.j.KeYJPMapping    Duplicate registration of node: Set, formerNode: java.util.Set 
106716     ERROR Test worker     d.u.i.k.j.KeYJPMapping    Duplicate registration of node: Set, formerNode: java.util.Set 
106716     ERROR Test worker     d.u.i.k.j.KeYJPMapping    Duplicate registration of node: FilterOutputStream, formerNode: FilterOutputStream 
106716     ERROR Test worker     d.u.i.k.j.KeYJPMapping    Duplicate registration of node: InputStream, formerNode: java.io.InputStream 
106716     ERROR Test worker     d.u.i.k.j.KeYJPMapping    Duplicate registration of node: InputStream, formerNode: java.io.InputStream 
106716     ERROR Test worker     d.u.i.k.j.KeYJPMapping    Duplicate registration of node: IOException, formerNode: IOException 
106716     ERROR Test worker     d.u.i.k.j.KeYJPMapping    Duplicate registration of node: OutputStream, formerNode: java.io.OutputStream 
106716     ERROR Test worker     d.u.i.k.j.KeYJPMapping    Duplicate registration of node: OutputStream, formerNode: java.io.OutputStream 
106716     ERROR Test worker     d.u.i.k.j.KeYJPMapping    Duplicate registration of node: PrintStream, formerNode: java.io.PrintStream 
106716     ERROR Test worker     d.u.i.k.j.KeYJPMapping    Duplicate registration of node: PrintStream, formerNode: java.io.PrintStream 
106716     ERROR Test worker     d.u.i.k.j.KeYJPMapping    Duplicate registration of node: Serializable, formerNode: Serializable 
106716     ERROR Test worker     d.u.i.k.j.KeYJPMapping    Duplicate registration of node: BigInteger, formerNode: java.math.BigInteger 
106732     ERROR Test worker     d.u.i.k.j.KeYJPMapping    Duplicate registration of node: BigInteger, formerNode: java.math.BigInteger 
106732     ERROR Test worker     d.u.i.k.j.KeYJPMapping    Duplicate registration of node: ArrayList, formerNode: ArrayList 
106732     ERROR Test worker     d.u.i.k.j.KeYJPMapping    Duplicate registration of node: byte[], formerNode: byte[] 
106747     ERROR Test worker     d.u.i.k.j.KeYJPMapping    Duplicate registration of node: Arrays, formerNode: Arrays 
106747     ERROR Test worker     d.u.i.k.j.KeYJPMapping    Duplicate registration of node: ListIteratorImpl, formerNode: ListIteratorImpl 
106747     ERROR Test worker     d.u.i.k.j.KeYJPMapping    Duplicate registration of node: Date, formerNode: Date 
106747     ERROR Test worker     d.u.i.k.j.KeYJPMapping    Duplicate registration of node: LinkedHashMap, formerNode: LinkedHashMap 
106747     ERROR Test worker     d.u.i.k.j.KeYJPMapping    Duplicate registration of node: /*@pure@*/
String, formerNode: /*@strictly_pure*/
java.lang.String 
106747     ERROR Test worker     d.u.i.k.j.KeYJPMapping    Duplicate registration of node: LinkedList, formerNode: LinkedList 
106747     ERROR Test worker     d.u.i.k.j.KeYJPMapping    Duplicate registration of node: A, formerNode: A 
106747     ERROR Test worker     d.u.i.k.j.KeYJPMapping    Duplicate registration of node: Gcd, formerNode: Gcd 
106747     ERROR Test worker     d.u.i.k.j.KeYJPMapping    Duplicate registration of node: a = -a;, formerNode: a = -a 
106747     ERROR Test worker     d.u.i.k.j.KeYJPMapping    Duplicate registration of node: b = -b;, formerNode: b = -b 
106794     DEBUG Test worker     d.u.i.k.p.i.AbstractProblemLoader Init config took 539.36ms 
106794     INFO  Test worker     d.u.i.k.p.i.AbstractProblemLoader Loading environment from src\test\resources\testcase\merge\gcd.closed.proof 
106794     DEBUG Test worker     d.u.i.k.p.i.AbstractProblemLoader Environment load took 98.6ns 
106794     INFO  Test worker     d.u.i.k.p.i.AbstractProblemLoader Creating init config 
106986     ERROR Test worker     d.u.i.k.j.KeYJPMapping    Duplicate registration of node: boolean, formerNode: /*@ pure @*/
boolean 
106989     ERROR Test worker     d.u.i.k.j.KeYJPMapping    Duplicate registration of node: Object, formerNode: java.lang.Object 
106990     ERROR Test worker     d.u.i.k.j.KeYJPMapping    Duplicate registration of node: Object, formerNode: java.lang.Object 
106991     ERROR Test worker     d.u.i.k.j.KeYJPMapping    Duplicate registration of node: Annotation, formerNode: Annotation 
106991     ERROR Test worker     d.u.i.k.j.KeYJPMapping    Duplicate registration of node: ArithmeticException, formerNode: ArithmeticException 
106991     ERROR Test worker     d.u.i.k.j.KeYJPMapping    Duplicate registration of node: ArrayIndexOutOfBoundsException, formerNode: ArrayIndexOutOfBoundsException 
106991     ERROR Test worker     d.u.i.k.j.KeYJPMapping    Duplicate registration of node: ArrayStoreException, formerNode: ArrayStoreException 
106991     ERROR Test worker     d.u.i.k.j.KeYJPMapping    Duplicate registration of node: AssertionError, formerNode: AssertionError 
106991     ERROR Test worker     d.u.i.k.j.KeYJPMapping    Duplicate registration of node: Character, formerNode: Character 
106991     ERROR Test worker     d.u.i.k.j.KeYJPMapping    Duplicate registration of node: Class, formerNode: java.lang.Class 
106991     ERROR Test worker     d.u.i.k.j.KeYJPMapping    Duplicate registration of node: Class, formerNode: java.lang.Class 
106991     ERROR Test worker     d.u.i.k.j.KeYJPMapping    Duplicate registration of node: ClassCastException, formerNode: ClassCastException 
106991     ERROR Test worker     d.u.i.k.j.KeYJPMapping    Duplicate registration of node: CloneNotSupportedException, formerNode: CloneNotSupportedException 
106991     ERROR Test worker     d.u.i.k.j.KeYJPMapping    Duplicate registration of node: Cloneable, formerNode: Cloneable 
106991     ERROR Test worker     d.u.i.k.j.KeYJPMapping    Duplicate registration of node: Comparable, formerNode: Comparable 
106991     ERROR Test worker     d.u.i.k.j.KeYJPMapping    Duplicate registration of node: Double, formerNode: Double 
106991     ERROR Test worker     d.u.i.k.j.KeYJPMapping    Duplicate registration of node: Enum, formerNode: java.lang.Enum 
106991     ERROR Test worker     d.u.i.k.j.KeYJPMapping    Duplicate registration of node: Enum, formerNode: java.lang.Enum 
106991     ERROR Test worker     d.u.i.k.j.KeYJPMapping    Duplicate registration of node: Error, formerNode: Error 
107007     ERROR Test worker     d.u.i.k.j.KeYJPMapping    Duplicate registration of node: Exception, formerNode: Exception 
107007     ERROR Test worker     d.u.i.k.j.KeYJPMapping    Duplicate registration of node: ExceptionInInitializerError, formerNode: java.lang.ExceptionInInitializerError 
107007     ERROR Test worker     d.u.i.k.j.KeYJPMapping    Duplicate registration of node: ExceptionInInitializerError, formerNode: java.lang.ExceptionInInitializerError 
107007     ERROR Test worker     d.u.i.k.j.KeYJPMapping    Duplicate registration of node: Float, formerNode: Float 
107007     ERROR Test worker     d.u.i.k.j.KeYJPMapping    Duplicate registration of node: IllegalArgumentException, formerNode: IllegalArgumentException 
107007     ERROR Test worker     d.u.i.k.j.KeYJPMapping    Duplicate registration of node: IndexOutOfBoundsException, formerNode: IndexOutOfBoundsException 
107023     ERROR Test worker     d.u.i.k.j.KeYJPMapping    Duplicate registration of node: Integer, formerNode: java.lang.Integer 
107023     ERROR Test worker     d.u.i.k.j.KeYJPMapping    Duplicate registration of node: Integer, formerNode: java.lang.Integer 
107023     ERROR Test worker     d.u.i.k.j.KeYJPMapping    Duplicate registration of node: InterruptedException, formerNode: InterruptedException 
107023     ERROR Test worker     d.u.i.k.j.KeYJPMapping    Duplicate registration of node: Iterable, formerNode: Iterable 
107023     ERROR Test worker     d.u.i.k.j.KeYJPMapping    Duplicate registration of node: LinkageError, formerNode: LinkageError 
107023     ERROR Test worker     d.u.i.k.j.KeYJPMapping    Duplicate registration of node: Math, formerNode: Math 
107023     ERROR Test worker     d.u.i.k.j.KeYJPMapping    Duplicate registration of node: NegativeArraySizeException, formerNode: NegativeArraySizeException 
107023     ERROR Test worker     d.u.i.k.j.KeYJPMapping    Duplicate registration of node: NoClassDefFoundError, formerNode: java.lang.NoClassDefFoundError 
107023     ERROR Test worker     d.u.i.k.j.KeYJPMapping    Duplicate registration of node: NoClassDefFoundError, formerNode: java.lang.NoClassDefFoundError 
107023     ERROR Test worker     d.u.i.k.j.KeYJPMapping    Duplicate registration of node: NullPointerException, formerNode: NullPointerException 
107023     ERROR Test worker     d.u.i.k.j.KeYJPMapping    Duplicate registration of node: Number, formerNode: Number 
107038     ERROR Test worker     d.u.i.k.j.KeYJPMapping    Duplicate registration of node: NumberFormatException, formerNode: NumberFormatException 
107038     ERROR Test worker     d.u.i.k.j.KeYJPMapping    Duplicate registration of node: VirtualMachineError, formerNode: VirtualMachineError 
107038     ERROR Test worker     d.u.i.k.j.KeYJPMapping    Duplicate registration of node: OutOfMemoryError, formerNode: OutOfMemoryError 
107038     ERROR Test worker     d.u.i.k.j.KeYJPMapping    Duplicate registration of node: Runnable, formerNode: Runnable 
107038     ERROR Test worker     d.u.i.k.j.KeYJPMapping    Duplicate registration of node: RuntimeException, formerNode: RuntimeException 
107038     ERROR Test worker     d.u.i.k.j.KeYJPMapping    Duplicate registration of node: /*@pure*/
int, formerNode: int 
107038     ERROR Test worker     d.u.i.k.j.KeYJPMapping    Duplicate registration of node: /*@ helper */
int, formerNode: int 
107038     ERROR Test worker     d.u.i.k.j.KeYJPMapping    Duplicate registration of node: /*@ helper */
boolean, formerNode: /*@ pure @*/
boolean 
107038     ERROR Test worker     d.u.i.k.j.KeYJPMapping    Duplicate registration of node: /*@ helper */
java.lang.String, formerNode: java.lang.String 
107054     ERROR Test worker     d.u.i.k.j.KeYJPMapping    Duplicate registration of node: String, formerNode: java.lang.String 
107069     ERROR Test worker     d.u.i.k.j.KeYJPMapping    Duplicate registration of node: String, formerNode: java.lang.String 
107069     ERROR Test worker     d.u.i.k.j.KeYJPMapping    Duplicate registration of node: char, formerNode: /*@ helper */
char 
107069     ERROR Test worker     d.u.i.k.j.KeYJPMapping    Duplicate registration of node: StringBuffer, formerNode: StringBuffer 
107069     ERROR Test worker     d.u.i.k.j.KeYJPMapping    Duplicate registration of node: System, formerNode: System 
107069     ERROR Test worker     d.u.i.k.j.KeYJPMapping    Duplicate registration of node: Thread, formerNode: Thread 
107069     ERROR Test worker     d.u.i.k.j.KeYJPMapping    Duplicate registration of node: Throwable, formerNode: java.lang.Throwable 
107069     ERROR Test worker     d.u.i.k.j.KeYJPMapping    Duplicate registration of node: Throwable, formerNode: java.lang.Throwable 
107085     ERROR Test worker     d.u.i.k.j.KeYJPMapping    Duplicate registration of node: Collection, formerNode: Collection 
107085     ERROR Test worker     d.u.i.k.j.KeYJPMapping    Duplicate registration of node: Iterator, formerNode: java.util.Iterator 
107085     ERROR Test worker     d.u.i.k.j.KeYJPMapping    Duplicate registration of node: Iterator, formerNode: java.util.Iterator 
107085     ERROR Test worker     d.u.i.k.j.KeYJPMapping    Duplicate registration of node: List, formerNode: java.util.List 
107085     ERROR Test worker     d.u.i.k.j.KeYJPMapping    Duplicate registration of node: List, formerNode: java.util.List 
107085     ERROR Test worker     d.u.i.k.j.KeYJPMapping    Duplicate registration of node: ListIterator, formerNode: java.util.ListIterator 
107085     ERROR Test worker     d.u.i.k.j.KeYJPMapping    Duplicate registration of node: ListIterator, formerNode: java.util.ListIterator 
107085     ERROR Test worker     d.u.i.k.j.KeYJPMapping    Duplicate registration of node: Long, formerNode: Long 
107085     ERROR Test worker     d.u.i.k.j.KeYJPMapping    Duplicate registration of node: Boolean, formerNode: Boolean 
107101     ERROR Test worker     d.u.i.k.j.KeYJPMapping    Duplicate registration of node: Map, formerNode: Map 
107101     ERROR Test worker     d.u.i.k.j.KeYJPMapping    Duplicate registration of node: Set, formerNode: java.util.Set 
107101     ERROR Test worker     d.u.i.k.j.KeYJPMapping    Duplicate registration of node: Set, formerNode: java.util.Set 
107101     ERROR Test worker     d.u.i.k.j.KeYJPMapping    Duplicate registration of node: FilterOutputStream, formerNode: FilterOutputStream 
107101     ERROR Test worker     d.u.i.k.j.KeYJPMapping    Duplicate registration of node: InputStream, formerNode: java.io.InputStream 
107101     ERROR Test worker     d.u.i.k.j.KeYJPMapping    Duplicate registration of node: InputStream, formerNode: java.io.InputStream 
107101     ERROR Test worker     d.u.i.k.j.KeYJPMapping    Duplicate registration of node: IOException, formerNode: IOException 
107101     ERROR Test worker     d.u.i.k.j.KeYJPMapping    Duplicate registration of node: OutputStream, formerNode: java.io.OutputStream 
107101     ERROR Test worker     d.u.i.k.j.KeYJPMapping    Duplicate registration of node: OutputStream, formerNode: java.io.OutputStream 
107101     ERROR Test worker     d.u.i.k.j.KeYJPMapping    Duplicate registration of node: PrintStream, formerNode: java.io.PrintStream 
107101     ERROR Test worker     d.u.i.k.j.KeYJPMapping    Duplicate registration of node: PrintStream, formerNode: java.io.PrintStream 
107101     ERROR Test worker     d.u.i.k.j.KeYJPMapping    Duplicate registration of node: Serializable, formerNode: Serializable 
107116     ERROR Test worker     d.u.i.k.j.KeYJPMapping    Duplicate registration of node: BigInteger, formerNode: java.math.BigInteger 
107116     ERROR Test worker     d.u.i.k.j.KeYJPMapping    Duplicate registration of node: BigInteger, formerNode: java.math.BigInteger 
107116     ERROR Test worker     d.u.i.k.j.KeYJPMapping    Duplicate registration of node: ArrayList, formerNode: ArrayList 
107116     ERROR Test worker     d.u.i.k.j.KeYJPMapping    Duplicate registration of node: byte[], formerNode: byte[] 
107132     ERROR Test worker     d.u.i.k.j.KeYJPMapping    Duplicate registration of node: Arrays, formerNode: Arrays 
107132     ERROR Test worker     d.u.i.k.j.KeYJPMapping    Duplicate registration of node: ListIteratorImpl, formerNode: ListIteratorImpl 
107132     ERROR Test worker     d.u.i.k.j.KeYJPMapping    Duplicate registration of node: Date, formerNode: Date 
107132     ERROR Test worker     d.u.i.k.j.KeYJPMapping    Duplicate registration of node: LinkedHashMap, formerNode: LinkedHashMap 
107132     ERROR Test worker     d.u.i.k.j.KeYJPMapping    Duplicate registration of node: /*@pure@*/
String, formerNode: /*@strictly_pure*/
java.lang.String 
107132     ERROR Test worker     d.u.i.k.j.KeYJPMapping    Duplicate registration of node: LinkedList, formerNode: LinkedList 
107132     ERROR Test worker     d.u.i.k.j.KeYJPMapping    Duplicate registration of node: A, formerNode: A 
107132     ERROR Test worker     d.u.i.k.j.KeYJPMapping    Duplicate registration of node: Gcd, formerNode: Gcd 
107147     ERROR Test worker     d.u.i.k.j.KeYJPMapping    Duplicate registration of node: a = -a;, formerNode: a = -a 
107147     ERROR Test worker     d.u.i.k.j.KeYJPMapping    Duplicate registration of node: b = -b;, formerNode: b = -b 
107179     DEBUG Test worker     d.u.i.k.p.i.AbstractProblemLoader Init config took 382.05ms 
]]></system-err>
</testsuite>
