<?xml version="1.0" encoding="UTF-8"?>
<testsuite name="org.key_project.util.testcase.java.XMLUtilTest" tests="3" skipped="0" failures="0" errors="0" timestamp="2023-05-01T14:08:51" hostname="fv-az282-660" time="0.005">
  <properties/>
  <testcase name="testEncodeText()" classname="org.key_project.util.testcase.java.XMLUtilTest" time="0.001"/>
  <testcase name="testReplaceTags()" classname="org.key_project.util.testcase.java.XMLUtilTest" time="0.001"/>
  <testcase name="testRemoveTags()" classname="org.key_project.util.testcase.java.XMLUtilTest" time="0.001"/>
  <system-out><![CDATA[]]></system-out>
  <system-err><![CDATA[]]></system-err>
</testsuite>
