<?xml version="1.0" encoding="UTF-8"?>
<testsuite name="recoder.testsuite.basic.syntax.CloneTest" tests="1" skipped="0" failures="0" errors="0" timestamp="2023-02-05T15:54:38" hostname="fv-az456-167" time="0.012">
  <properties/>
  <testcase name="testClone" classname="recoder.testsuite.basic.syntax.CloneTest" time="0.012"/>
  <system-out><![CDATA[]]></system-out>
  <system-err><![CDATA[]]></system-err>
</testsuite>
