<?xml version="1.0" encoding="UTF-8"?>
<testsuite name="de.uka.ilkd.key.proof.runallproofs.RunAllProofsFunctional" tests="34" skipped="0" failures="0" errors="0" timestamp="2023-06-05T22:01:03" hostname="fv-az221-896" time="6837.157">
  <properties/>
  <testcase name="newBook" classname="de.uka.ilkd.key.proof.runallproofs.RunAllProofsFunctional" time="81.564"/>
  <testcase name="oldBook" classname="de.uka.ilkd.key.proof.runallproofs.RunAllProofsFunctional" time="24.005"/>
  <testcase name="comprehensions" classname="de.uka.ilkd.key.proof.runallproofs.RunAllProofsFunctional" time="91.507"/>
  <testcase name="performance" classname="de.uka.ilkd.key.proof.runallproofs.RunAllProofsFunctional" time="292.619"/>
  <testcase name="performancePOConstruction" classname="de.uka.ilkd.key.proof.runallproofs.RunAllProofsFunctional" time="100.771"/>
  <testcase name="applicationRestrictions" classname="de.uka.ilkd.key.proof.runallproofs.RunAllProofsFunctional" time="63.388"/>
  <testcase name="blockContracts" classname="de.uka.ilkd.key.proof.runallproofs.RunAllProofsFunctional" time="181.058"/>
  <testcase name="jmlAsserts" classname="de.uka.ilkd.key.proof.runallproofs.RunAllProofsFunctional" time="117.292"/>
  <testcase name="javaCard" classname="de.uka.ilkd.key.proof.runallproofs.RunAllProofsFunctional" time="176.809"/>
  <testcase name="list" classname="de.uka.ilkd.key.proof.runallproofs.RunAllProofsFunctional" time="346.303"/>
  <testcase name="list_ghost" classname="de.uka.ilkd.key.proof.runallproofs.RunAllProofsFunctional" time="87.96"/>
  <testcase name="list_recursive" classname="de.uka.ilkd.key.proof.runallproofs.RunAllProofsFunctional" time="29.753"/>
  <testcase name="list_seq" classname="de.uka.ilkd.key.proof.runallproofs.RunAllProofsFunctional" time="211.883"/>
  <testcase name="observer" classname="de.uka.ilkd.key.proof.runallproofs.RunAllProofsFunctional" time="131.632"/>
  <testcase name="removeDups" classname="de.uka.ilkd.key.proof.runallproofs.RunAllProofsFunctional" time="177.842"/>
  <testcase name="quicksort" classname="de.uka.ilkd.key.proof.runallproofs.RunAllProofsFunctional" time="139.416"/>
  <testcase name="simpleTests" classname="de.uka.ilkd.key.proof.runallproofs.RunAllProofsFunctional" time="199.072"/>
  <testcase name="SmansEtAl" classname="de.uka.ilkd.key.proof.runallproofs.RunAllProofsFunctional" time="251.992"/>
  <testcase name="VACID0" classname="de.uka.ilkd.key.proof.runallproofs.RunAllProofsFunctional" time="102.283"/>
  <testcase name="VSTTE10" classname="de.uka.ilkd.key.proof.runallproofs.RunAllProofsFunctional" time="232.528"/>
  <testcase name="WeideEtAl" classname="de.uka.ilkd.key.proof.runallproofs.RunAllProofsFunctional" time="37.315"/>
  <testcase name="arithmetic" classname="de.uka.ilkd.key.proof.runallproofs.RunAllProofsFunctional" time="625.022"/>
  <testcase name="arrays" classname="de.uka.ilkd.key.proof.runallproofs.RunAllProofsFunctional" time="74.339"/>
  <testcase name="javadl" classname="de.uka.ilkd.key.proof.runallproofs.RunAllProofsFunctional" time="769.366"/>
  <testcase name="FOL" classname="de.uka.ilkd.key.proof.runallproofs.RunAllProofsFunctional" time="351.263"/>
  <testcase name="strings" classname="de.uka.ilkd.key.proof.runallproofs.RunAllProofsFunctional" time="200.607"/>
  <testcase name="simple_info_flow" classname="de.uka.ilkd.key.proof.runallproofs.RunAllProofsFunctional" time="17.548"/>
  <testcase name="modelMethods" classname="de.uka.ilkd.key.proof.runallproofs.RunAllProofsFunctional" time="225.89"/>
  <testcase name="permissionHeap" classname="de.uka.ilkd.key.proof.runallproofs.RunAllProofsFunctional" time="1106.941"/>
  <testcase name="completionScopes" classname="de.uka.ilkd.key.proof.runallproofs.RunAllProofsFunctional" time="64.073"/>
  <testcase name="reload_examples" classname="de.uka.ilkd.key.proof.runallproofs.RunAllProofsFunctional" time="54.942"/>
  <testcase name="proofLoadRepair" classname="de.uka.ilkd.key.proof.runallproofs.RunAllProofsFunctional" time="24.046"/>
  <testcase name="switch" classname="de.uka.ilkd.key.proof.runallproofs.RunAllProofsFunctional" time="81.656"/>
  <testcase name="redux" classname="de.uka.ilkd.key.proof.runallproofs.RunAllProofsFunctional" time="164.449"/>
  <system-out><![CDATA[671        INFO  Test worker     d.u.i.k.p.r.RunAllProofsTestUnit Running test newBook 
529        INFO  Timeout watchdog d.u.i.k.p.r.p.ForkedTestFileRunner Timeout watcher launched (2000 secs.) 
563        WARN  main            d.u.i.k.s.ProofSettings   No proof-settings could be loaded, using defaults java.io.FileNotFoundException: /home/runner/.key/proof-settings.props (No such file or directory)
	at java.base/java.io.FileInputStream.open0(Native Method)

631        INFO  main            d.u.i.k.p.r.p.TestFile    Now processing file /home/runner/work/key/key/key.core/../key.ui/examples/newBook/09.list_modelfield/ArrayList.add.key 
828        INFO  main            d.u.i.k.p.i.AbstractProblemLoader Loading environment from /home/runner/work/key/key/key.core/../key.ui/examples/newBook/09.list_modelfield/ArrayList.add.key 
860        DEBUG main            d.u.i.k.p.i.AbstractProblemLoader Environment load took 3.7ms 
1250       INFO  main            d.u.i.k.p.i.AbstractProblemLoader Creating init config 
2455       DEBUG main            d.u.i.k.j.TypeConverter   No LDT found for Meta 
2457       DEBUG main            d.u.i.k.j.TypeConverter   No LDT found for Meta 
2499       DEBUG main            d.u.i.k.j.TypeConverter   No LDT found for Meta 
2499       DEBUG main            d.u.i.k.j.TypeConverter   No LDT found for Meta 
4411       DEBUG main            d.u.i.k.j.TypeConverter   No LDT found for JavaBigintExpression 
11230      DEBUG main            d.u.i.k.p.i.AbstractProblemLoader Init config took 9.98s 
11402      INFO  main            d.u.i.k.p.i.AbstractProblemLoader Replaying proof ArrayList[List::add(int)].JML normal_behavior operation contract.0 
11449      DEBUG main            d.u.i.k.p.i.IntermediateProofReplayer Proof replay took 40.5ns 
35067      INFO  main            d.u.i.k.p.r.p.TestFile    ... finished proof: closed. 
35377      INFO  main            d.u.i.k.p.i.AbstractProblemLoader Loading environment from /home/runner/work/key/key/key.core/../key.ui/examples/newBook/09.list_modelfield/ArrayList.add.key.proof 
35377      DEBUG main            d.u.i.k.p.i.AbstractProblemLoader Environment load took 202.6ns 
35385      INFO  main            d.u.i.k.p.i.AbstractProblemLoader Creating init config 
39392      DEBUG main            d.u.i.k.p.i.AbstractProblemLoader Init config took 4.01s 
39523      INFO  main            d.u.i.k.p.i.AbstractProblemLoader Replaying proof ArrayList[List::add(int)].JML normal_behavior operation contract.0 
40862      DEBUG main            d.u.i.k.p.i.IntermediateProofReplayer Proof replay took 1.24s 
40877      DEBUG main            d.u.i.k.p.r.p.TestFile    ... success: reloaded. 
40884      INFO  main            d.u.i.k.p.r.p.TestFile    Now processing file /home/runner/work/key/key/key.core/../key.ui/examples/newBook/09.list_modelfield/ArrayList.remFirst.key 
40885      INFO  main            d.u.i.k.p.i.AbstractProblemLoader Loading environment from /home/runner/work/key/key/key.core/../key.ui/examples/newBook/09.list_modelfield/ArrayList.remFirst.key 
40886      DEBUG main            d.u.i.k.p.i.AbstractProblemLoader Environment load took 571.5ns 
40890      INFO  main            d.u.i.k.p.i.AbstractProblemLoader Creating init config 
44833      DEBUG main            d.u.i.k.p.i.AbstractProblemLoader Init config took 3.94s 
44966      INFO  main            d.u.i.k.p.i.AbstractProblemLoader Replaying proof ArrayList[List::remFirst()].JML normal_behavior operation contract.0 
44971      DEBUG main            d.u.i.k.p.i.IntermediateProofReplayer Proof replay took 8.2ns 
50506      INFO  main            d.u.i.k.p.r.p.TestFile    ... finished proof: closed. 
50726      INFO  main            d.u.i.k.p.i.AbstractProblemLoader Loading environment from /home/runner/work/key/key/key.core/../key.ui/examples/newBook/09.list_modelfield/ArrayList.remFirst.key.proof 
50728      DEBUG main            d.u.i.k.p.i.AbstractProblemLoader Environment load took 1.11ms 
50730      INFO  main            d.u.i.k.p.i.AbstractProblemLoader Creating init config 
54372      DEBUG main            d.u.i.k.p.i.AbstractProblemLoader Init config took 3.64s 
54440      INFO  main            d.u.i.k.p.i.AbstractProblemLoader Replaying proof ArrayList[List::remFirst()].JML normal_behavior operation contract.0 
54938      DEBUG main            d.u.i.k.p.i.IntermediateProofReplayer Proof replay took 477.39ms 
54945      DEBUG main            d.u.i.k.p.r.p.TestFile    ... success: reloaded. 
54946      INFO  main            d.u.i.k.p.r.p.TestFile    Now processing file /home/runner/work/key/key/key.core/../key.ui/examples/newBook/09.list_modelfield/ArrayList.empty.key 
54946      INFO  main            d.u.i.k.p.i.AbstractProblemLoader Loading environment from /home/runner/work/key/key/key.core/../key.ui/examples/newBook/09.list_modelfield/ArrayList.empty.key 
54946      DEBUG main            d.u.i.k.p.i.AbstractProblemLoader Environment load took 91ns 
54948      INFO  main            d.u.i.k.p.i.AbstractProblemLoader Creating init config 
58489      DEBUG main            d.u.i.k.p.i.AbstractProblemLoader Init config took 3.54s 
58550      INFO  main            d.u.i.k.p.i.AbstractProblemLoader Replaying proof ArrayList[List::empty()].JML normal_behavior operation contract.0 
58552      DEBUG main            d.u.i.k.p.i.IntermediateProofReplayer Proof replay took 6.9ns 
59870      INFO  main            d.u.i.k.p.r.p.TestFile    ... finished proof: closed. 
60073      INFO  main            d.u.i.k.p.i.AbstractProblemLoader Loading environment from /home/runner/work/key/key/key.core/../key.ui/examples/newBook/09.list_modelfield/ArrayList.empty.key.proof 
60077      DEBUG main            d.u.i.k.p.i.AbstractProblemLoader Environment load took 163.7ns 
60079      INFO  main            d.u.i.k.p.i.AbstractProblemLoader Creating init config 
63704      DEBUG main            d.u.i.k.p.i.AbstractProblemLoader Init config took 3.62s 
63782      INFO  main            d.u.i.k.p.i.AbstractProblemLoader Replaying proof ArrayList[List::empty()].JML normal_behavior operation contract.0 
63899      DEBUG main            d.u.i.k.p.i.IntermediateProofReplayer Proof replay took 109.76ms 
63901      DEBUG main            d.u.i.k.p.r.p.TestFile    ... success: reloaded. 
63902      INFO  main            d.u.i.k.p.r.p.TestFile    Now processing file /home/runner/work/key/key/key.core/../key.ui/examples/newBook/09.list_modelfield/ArrayList.size.key 
63902      INFO  main            d.u.i.k.p.i.AbstractProblemLoader Loading environment from /home/runner/work/key/key/key.core/../key.ui/examples/newBook/09.list_modelfield/ArrayList.size.key 
63902      DEBUG main            d.u.i.k.p.i.AbstractProblemLoader Environment load took 87ns 
63903      INFO  main            d.u.i.k.p.i.AbstractProblemLoader Creating init config 
67573      DEBUG main            d.u.i.k.p.i.AbstractProblemLoader Init config took 3.67s 
67637      INFO  main            d.u.i.k.p.i.AbstractProblemLoader Replaying proof ArrayList[List::size()].JML normal_behavior operation contract.0 
67640      DEBUG main            d.u.i.k.p.i.IntermediateProofReplayer Proof replay took 6ns 
68246      INFO  main            d.u.i.k.p.r.p.TestFile    ... finished proof: closed. 
68477      INFO  main            d.u.i.k.p.i.AbstractProblemLoader Loading environment from /home/runner/work/key/key/key.core/../key.ui/examples/newBook/09.list_modelfield/ArrayList.size.key.proof 
68479      DEBUG main            d.u.i.k.p.i.AbstractProblemLoader Environment load took 1.46ms 
68480      INFO  main            d.u.i.k.p.i.AbstractProblemLoader Creating init config 
72110      DEBUG main            d.u.i.k.p.i.AbstractProblemLoader Init config took 3.63s 
72180      INFO  main            d.u.i.k.p.i.AbstractProblemLoader Replaying proof ArrayList[List::size()].JML normal_behavior operation contract.0 
72227      DEBUG main            d.u.i.k.p.i.IntermediateProofReplayer Proof replay took 42.27ms 
72228      DEBUG main            d.u.i.k.p.r.p.TestFile    ... success: reloaded. 
72229      INFO  main            d.u.i.k.p.r.p.TestFile    Now processing file /home/runner/work/key/key/key.core/../key.ui/examples/newBook/09.list_modelfield/ArrayList.get.key 
72230      INFO  main            d.u.i.k.p.i.AbstractProblemLoader Loading environment from /home/runner/work/key/key/key.core/../key.ui/examples/newBook/09.list_modelfield/ArrayList.get.key 
72230      DEBUG main            d.u.i.k.p.i.AbstractProblemLoader Environment load took 81.4ns 
72231      INFO  main            d.u.i.k.p.i.AbstractProblemLoader Creating init config 
75859      DEBUG main            d.u.i.k.p.i.AbstractProblemLoader Init config took 3.63s 
75921      INFO  main            d.u.i.k.p.i.AbstractProblemLoader Replaying proof ArrayList[List::get(int)].JML normal_behavior operation contract.0 
75924      DEBUG main            d.u.i.k.p.i.IntermediateProofReplayer Proof replay took 6.7ns 
77231      INFO  main            d.u.i.k.p.r.p.TestFile    ... finished proof: closed. 
77474      INFO  main            d.u.i.k.p.i.AbstractProblemLoader Loading environment from /home/runner/work/key/key/key.core/../key.ui/examples/newBook/09.list_modelfield/ArrayList.get.key.proof 
77478      DEBUG main            d.u.i.k.p.i.AbstractProblemLoader Environment load took 4.53ms 
77481      INFO  main            d.u.i.k.p.i.AbstractProblemLoader Creating init config 
80996      DEBUG main            d.u.i.k.p.i.AbstractProblemLoader Init config took 3.52s 
81061      INFO  main            d.u.i.k.p.i.AbstractProblemLoader Replaying proof ArrayList[List::get(int)].JML normal_behavior operation contract.0 
81151      DEBUG main            d.u.i.k.p.i.IntermediateProofReplayer Proof replay took 81.87ms 
81153      DEBUG main            d.u.i.k.p.r.p.TestFile    ... success: reloaded. 
82225      INFO  Test worker     d.u.i.k.p.r.RunAllProofsTestUnit Returning from test newBook 
82231      INFO  Test worker     d.u.i.k.p.r.RunAllProofsTestUnit Running test oldBook 
494        INFO  Timeout watchdog d.u.i.k.p.r.p.ForkedTestFileRunner Timeout watcher launched (2000 secs.) 
506        WARN  main            d.u.i.k.s.ProofSettings   The settings in /home/runner/.key/proof-settings.props are *not* read. 
559        INFO  main            d.u.i.k.p.r.p.TestFile    Now processing file /home/runner/work/key/key/key.core/../key.ui/examples/standard_key/BookExamples/02FirstOrderLogic/Ex2.58.key 
751        INFO  main            d.u.i.k.p.i.AbstractProblemLoader Loading environment from /home/runner/work/key/key/key.core/../key.ui/examples/standard_key/BookExamples/02FirstOrderLogic/Ex2.58.key 
773        DEBUG main            d.u.i.k.p.i.AbstractProblemLoader Environment load took 3.27ms 
1140       INFO  main            d.u.i.k.p.i.AbstractProblemLoader Creating init config 
2318       DEBUG main            d.u.i.k.j.TypeConverter   No LDT found for Meta 
2319       DEBUG main            d.u.i.k.j.TypeConverter   No LDT found for Meta 
2322       DEBUG main            d.u.i.k.j.TypeConverter   No LDT found for Meta 
2323       DEBUG main            d.u.i.k.j.TypeConverter   No LDT found for Meta 
4660       DEBUG main            d.u.i.k.j.TypeConverter   No LDT found for JavaBigintExpression 
11404      DEBUG main            d.u.i.k.p.i.AbstractProblemLoader Init config took 10.26s 
11507      INFO  main            d.u.i.k.p.i.AbstractProblemLoader Replaying proof Ex2.58.key 
11569      DEBUG main            d.u.i.k.p.i.IntermediateProofReplayer Proof replay took 44.3ns 
11748      INFO  main            d.u.i.k.p.r.p.TestFile    ... finished proof: closed. 
11872      INFO  main            d.u.i.k.p.i.AbstractProblemLoader Loading environment from /home/runner/work/key/key/key.core/../key.ui/examples/standard_key/BookExamples/02FirstOrderLogic/Ex2.58.key.proof 
11872      DEBUG main            d.u.i.k.p.i.AbstractProblemLoader Environment load took 183.1ns 
11878      INFO  main            d.u.i.k.p.i.AbstractProblemLoader Creating init config 
15604      DEBUG main            d.u.i.k.p.i.AbstractProblemLoader Init config took 3.73s 
15666      INFO  main            d.u.i.k.p.i.AbstractProblemLoader Replaying proof Ex2.58.key.proof 
15675      DEBUG main            d.u.i.k.p.i.IntermediateProofReplayer Proof replay took 3.52ms 
15691      DEBUG main            d.u.i.k.p.r.p.TestFile    ... success: reloaded. 
15693      INFO  main            d.u.i.k.p.r.p.TestFile    Now processing file /home/runner/work/key/key/key.core/../key.ui/examples/standard_key/BookExamples/03DynamicLogic/Sect3.3.1.key 
15693      INFO  main            d.u.i.k.p.i.AbstractProblemLoader Loading environment from /home/runner/work/key/key/key.core/../key.ui/examples/standard_key/BookExamples/03DynamicLogic/Sect3.3.1.key 
15693      DEBUG main            d.u.i.k.p.i.AbstractProblemLoader Environment load took 181.6ns 
15696      INFO  main            d.u.i.k.p.i.AbstractProblemLoader Creating init config 
19216      DEBUG main            d.u.i.k.p.i.AbstractProblemLoader Init config took 3.52s 
19276      INFO  main            d.u.i.k.p.i.AbstractProblemLoader Replaying proof Sect3.3.1.key 
19284      DEBUG main            d.u.i.k.p.i.IntermediateProofReplayer Proof replay took 8ns 
19997      INFO  main            d.u.i.k.p.r.p.TestFile    ... finished proof: closed. 
20179      INFO  main            d.u.i.k.p.i.AbstractProblemLoader Loading environment from /home/runner/work/key/key/key.core/../key.ui/examples/standard_key/BookExamples/03DynamicLogic/Sect3.3.1.key.proof 
20181      DEBUG main            d.u.i.k.p.i.AbstractProblemLoader Environment load took 1.62ms 
20186      INFO  main            d.u.i.k.p.i.AbstractProblemLoader Creating init config 
23667      DEBUG main            d.u.i.k.p.i.AbstractProblemLoader Init config took 3.48s 
23697      INFO  main            d.u.i.k.p.i.AbstractProblemLoader Replaying proof Sect3.3.1.key.proof 
23775      DEBUG main            d.u.i.k.p.i.IntermediateProofReplayer Proof replay took 72.36ms 
23776      DEBUG main            d.u.i.k.p.r.p.TestFile    ... success: reloaded. 
106235     INFO  Test worker     d.u.i.k.p.r.RunAllProofsTestUnit Returning from test oldBook 
106241     INFO  Test worker     d.u.i.k.p.r.RunAllProofsTestUnit Running test comprehensions 
450        INFO  Timeout watchdog d.u.i.k.p.r.p.ForkedTestFileRunner Timeout watcher launched (2000 secs.) 
469        WARN  main            d.u.i.k.s.ProofSettings   The settings in /home/runner/.key/proof-settings.props are *not* read. 
514        INFO  main            d.u.i.k.p.r.p.TestFile    Now processing file /home/runner/work/key/key/key.core/../key.ui/examples/heap/comprehensions/general_sum.key 
668        INFO  main            d.u.i.k.p.i.AbstractProblemLoader Loading environment from /home/runner/work/key/key/key.core/../key.ui/examples/heap/comprehensions/general_sum.key 
691        DEBUG main            d.u.i.k.p.i.AbstractProblemLoader Environment load took 2.6ms 
1040       INFO  main            d.u.i.k.p.i.AbstractProblemLoader Creating init config 
2361       DEBUG main            d.u.i.k.j.TypeConverter   No LDT found for Meta 
2362       DEBUG main            d.u.i.k.j.TypeConverter   No LDT found for Meta 
2364       DEBUG main            d.u.i.k.j.TypeConverter   No LDT found for Meta 
2364       DEBUG main            d.u.i.k.j.TypeConverter   No LDT found for Meta 
4010       DEBUG main            d.u.i.k.j.TypeConverter   No LDT found for JavaBigintExpression 
11044      DEBUG main            d.u.i.k.p.i.AbstractProblemLoader Init config took 10s 
11290      INFO  main            d.u.i.k.p.i.AbstractProblemLoader Replaying proof GSum[GSum::doNothing()].JML operation contract.0 
11341      DEBUG main            d.u.i.k.p.i.IntermediateProofReplayer Proof replay took 41ns 
11890      INFO  main            d.u.i.k.p.r.p.TestFile    ... finished proof: closed. 
12056      INFO  main            d.u.i.k.p.i.AbstractProblemLoader Loading environment from /home/runner/work/key/key/key.core/../key.ui/examples/heap/comprehensions/general_sum.key.proof 
12056      DEBUG main            d.u.i.k.p.i.AbstractProblemLoader Environment load took 228.7ns 
12063      INFO  main            d.u.i.k.p.i.AbstractProblemLoader Creating init config 
16046      DEBUG main            d.u.i.k.p.i.AbstractProblemLoader Init config took 3.98s 
16128      INFO  main            d.u.i.k.p.i.AbstractProblemLoader Replaying proof GSum[GSum::doNothing()].JML operation contract.0 
16165      DEBUG main            d.u.i.k.p.i.IntermediateProofReplayer Proof replay took 28.81ms 
16177      DEBUG main            d.u.i.k.p.r.p.TestFile    ... success: reloaded. 
16179      INFO  main            d.u.i.k.p.r.p.TestFile    Now processing file /home/runner/work/key/key/key.core/../key.ui/examples/heap/comprehensions/sum0.key 
16179      INFO  main            d.u.i.k.p.i.AbstractProblemLoader Loading environment from /home/runner/work/key/key/key.core/../key.ui/examples/heap/comprehensions/sum0.key 
16179      DEBUG main            d.u.i.k.p.i.AbstractProblemLoader Environment load took 182ns 
16185      INFO  main            d.u.i.k.p.i.AbstractProblemLoader Creating init config 
20079      DEBUG main            d.u.i.k.p.i.AbstractProblemLoader Init config took 3.89s 
20159      INFO  main            d.u.i.k.p.i.AbstractProblemLoader Replaying proof Sum[Sum::sum0([I)].JML normal_behavior operation contract.0 
20164      DEBUG main            d.u.i.k.p.i.IntermediateProofReplayer Proof replay took 7.8ns 
20396      DEBUG Thread-4        d.u.i.k.l.l.OriginTermLabel commonFileName is null! 
20397      DEBUG Thread-4        d.u.i.k.l.l.OriginTermLabel commonFileName is null! 
20726      DEBUG Thread-4        d.u.i.k.l.l.OriginTermLabel commonFileName is null! 
20728      DEBUG Thread-4        d.u.i.k.l.l.OriginTermLabel commonFileName is null! 
20983      DEBUG Thread-4        d.u.i.k.l.l.OriginTermLabel commonFileName is null! 
21274      INFO  main            d.u.i.k.p.r.p.TestFile    ... finished proof: closed. 
21484      INFO  main            d.u.i.k.p.i.AbstractProblemLoader Loading environment from /home/runner/work/key/key/key.core/../key.ui/examples/heap/comprehensions/sum0.key.proof 
21495      DEBUG main            d.u.i.k.p.i.AbstractProblemLoader Environment load took 11.49ms 
21497      INFO  main            d.u.i.k.p.i.AbstractProblemLoader Creating init config 
25349      DEBUG main            d.u.i.k.p.i.AbstractProblemLoader Init config took 3.85s 
25429      INFO  main            d.u.i.k.p.i.AbstractProblemLoader Replaying proof Sum[Sum::sum0([I)].JML normal_behavior operation contract.0 
25473      DEBUG main            d.u.i.k.l.l.OriginTermLabel commonFileName is null! 
25474      DEBUG main            d.u.i.k.l.l.OriginTermLabel commonFileName is null! 
25546      DEBUG main            d.u.i.k.l.l.OriginTermLabel commonFileName is null! 
25611      DEBUG main            d.u.i.k.l.l.OriginTermLabel commonFileName is null! 
25613      DEBUG main            d.u.i.k.l.l.OriginTermLabel commonFileName is null! 
25618      DEBUG main            d.u.i.k.p.i.IntermediateProofReplayer Proof replay took 182.45ms 
25621      DEBUG main            d.u.i.k.p.r.p.TestFile    ... success: reloaded. 
25624      INFO  main            d.u.i.k.p.r.p.TestFile    Now processing file /home/runner/work/key/key/key.core/../key.ui/examples/heap/comprehensions/sum1.key 
25624      INFO  main            d.u.i.k.p.i.AbstractProblemLoader Loading environment from /home/runner/work/key/key/key.core/../key.ui/examples/heap/comprehensions/sum1.key 
25625      DEBUG main            d.u.i.k.p.i.AbstractProblemLoader Environment load took 588.8ns 
25628      INFO  main            d.u.i.k.p.i.AbstractProblemLoader Creating init config 
29302      DEBUG main            d.u.i.k.p.i.AbstractProblemLoader Init config took 3.67s 
29364      INFO  main            d.u.i.k.p.i.AbstractProblemLoader Replaying proof Sum[Sum::sum1([I)].JML normal_behavior operation contract.0 
29366      DEBUG main            d.u.i.k.p.i.IntermediateProofReplayer Proof replay took 7.1ns 
29510      DEBUG Thread-7        d.u.i.k.l.l.OriginTermLabel commonFileName is null! 
29512      DEBUG Thread-7        d.u.i.k.l.l.OriginTermLabel commonFileName is null! 
29748      DEBUG Thread-7        d.u.i.k.l.l.OriginTermLabel commonFileName is null! 
29748      DEBUG Thread-7        d.u.i.k.l.l.OriginTermLabel commonFileName is null! 
29929      DEBUG Thread-7        d.u.i.k.l.l.OriginTermLabel commonFileName is null! 
30177      INFO  main            d.u.i.k.p.r.p.TestFile    ... finished proof: closed. 
30420      INFO  main            d.u.i.k.p.i.AbstractProblemLoader Loading environment from /home/runner/work/key/key/key.core/../key.ui/examples/heap/comprehensions/sum1.key.proof 
30423      DEBUG main            d.u.i.k.p.i.AbstractProblemLoader Environment load took 2.76ms 
30425      INFO  main            d.u.i.k.p.i.AbstractProblemLoader Creating init config 
34084      DEBUG main            d.u.i.k.p.i.AbstractProblemLoader Init config took 3.66s 
34145      INFO  main            d.u.i.k.p.i.AbstractProblemLoader Replaying proof Sum[Sum::sum1([I)].JML normal_behavior operation contract.0 
34187      DEBUG main            d.u.i.k.l.l.OriginTermLabel commonFileName is null! 
34188      DEBUG main            d.u.i.k.l.l.OriginTermLabel commonFileName is null! 
34245      DEBUG main            d.u.i.k.l.l.OriginTermLabel commonFileName is null! 
34289      DEBUG main            d.u.i.k.l.l.OriginTermLabel commonFileName is null! 
34290      DEBUG main            d.u.i.k.l.l.OriginTermLabel commonFileName is null! 
34294      DEBUG main            d.u.i.k.p.i.IntermediateProofReplayer Proof replay took 141.84ms 
34297      DEBUG main            d.u.i.k.p.r.p.TestFile    ... success: reloaded. 
34299      INFO  main            d.u.i.k.p.r.p.TestFile    Now processing file /home/runner/work/key/key/key.core/../key.ui/examples/heap/comprehensions/sum2.key 
34300      INFO  main            d.u.i.k.p.i.AbstractProblemLoader Loading environment from /home/runner/work/key/key/key.core/../key.ui/examples/heap/comprehensions/sum2.key 
34301      DEBUG main            d.u.i.k.p.i.AbstractProblemLoader Environment load took 464.7ns 
34302      INFO  main            d.u.i.k.p.i.AbstractProblemLoader Creating init config 
38006      DEBUG main            d.u.i.k.p.i.AbstractProblemLoader Init config took 3.7s 
38069      INFO  main            d.u.i.k.p.i.AbstractProblemLoader Replaying proof Sum[Sum::sum2([I)].JML normal_behavior operation contract.0 
38072      DEBUG main            d.u.i.k.p.i.IntermediateProofReplayer Proof replay took 7.4ns 
38130      DEBUG Thread-10       d.u.i.k.l.l.OriginTermLabel commonFileName is null! 
38130      DEBUG Thread-10       d.u.i.k.l.l.OriginTermLabel commonFileName is null! 
38269      DEBUG Thread-10       d.u.i.k.l.l.OriginTermLabel commonFileName is null! 
38270      DEBUG Thread-10       d.u.i.k.l.l.OriginTermLabel commonFileName is null! 
38369      DEBUG Thread-10       d.u.i.k.l.l.OriginTermLabel commonFileName is null! 
38575      INFO  main            d.u.i.k.p.r.p.TestFile    ... finished proof: closed. 
38801      INFO  main            d.u.i.k.p.i.AbstractProblemLoader Loading environment from /home/runner/work/key/key/key.core/../key.ui/examples/heap/comprehensions/sum2.key.proof 
38801      DEBUG main            d.u.i.k.p.i.AbstractProblemLoader Environment load took 156.3ns 
38802      INFO  main            d.u.i.k.p.i.AbstractProblemLoader Creating init config 
42413      DEBUG main            d.u.i.k.p.i.AbstractProblemLoader Init config took 3.61s 
42475      INFO  main            d.u.i.k.p.i.AbstractProblemLoader Replaying proof Sum[Sum::sum2([I)].JML normal_behavior operation contract.0 
42510      DEBUG main            d.u.i.k.l.l.OriginTermLabel commonFileName is null! 
42511      DEBUG main            d.u.i.k.l.l.OriginTermLabel commonFileName is null! 
42556      DEBUG main            d.u.i.k.l.l.OriginTermLabel commonFileName is null! 
42586      DEBUG main            d.u.i.k.l.l.OriginTermLabel commonFileName is null! 
42587      DEBUG main            d.u.i.k.l.l.OriginTermLabel commonFileName is null! 
42590      DEBUG main            d.u.i.k.p.i.IntermediateProofReplayer Proof replay took 109.12ms 
42591      DEBUG main            d.u.i.k.p.r.p.TestFile    ... success: reloaded. 
42593      INFO  main            d.u.i.k.p.r.p.TestFile    Now processing file /home/runner/work/key/key/key.core/../key.ui/examples/heap/comprehensions/sum3.key 
42595      INFO  main            d.u.i.k.p.i.AbstractProblemLoader Loading environment from /home/runner/work/key/key/key.core/../key.ui/examples/heap/comprehensions/sum3.key 
42596      DEBUG main            d.u.i.k.p.i.AbstractProblemLoader Environment load took 694.2ns 
42597      INFO  main            d.u.i.k.p.i.AbstractProblemLoader Creating init config 
46251      DEBUG main            d.u.i.k.p.i.AbstractProblemLoader Init config took 3.65s 
46308      INFO  main            d.u.i.k.p.i.AbstractProblemLoader Replaying proof Sum[Sum::sum3([I)].JML normal_behavior operation contract.0 
46311      DEBUG main            d.u.i.k.p.i.IntermediateProofReplayer Proof replay took 7.8ns 
46375      DEBUG Thread-13       d.u.i.k.l.l.OriginTermLabel commonFileName is null! 
46376      DEBUG Thread-13       d.u.i.k.l.l.OriginTermLabel commonFileName is null! 
46520      DEBUG Thread-13       d.u.i.k.l.l.OriginTermLabel commonFileName is null! 
46522      DEBUG Thread-13       d.u.i.k.l.l.OriginTermLabel commonFileName is null! 
46631      DEBUG Thread-13       d.u.i.k.l.l.OriginTermLabel commonFileName is null! 
46815      INFO  main            d.u.i.k.p.r.p.TestFile    ... finished proof: closed. 
47072      INFO  main            d.u.i.k.p.i.AbstractProblemLoader Loading environment from /home/runner/work/key/key/key.core/../key.ui/examples/heap/comprehensions/sum3.key.proof 
47073      DEBUG main            d.u.i.k.p.i.AbstractProblemLoader Environment load took 1.01ms 
47078      INFO  main            d.u.i.k.p.i.AbstractProblemLoader Creating init config 
50646      DEBUG main            d.u.i.k.p.i.AbstractProblemLoader Init config took 3.57s 
50701      INFO  main            d.u.i.k.p.i.AbstractProblemLoader Replaying proof Sum[Sum::sum3([I)].JML normal_behavior operation contract.0 
50739      DEBUG main            d.u.i.k.l.l.OriginTermLabel commonFileName is null! 
50746      DEBUG main            d.u.i.k.l.l.OriginTermLabel commonFileName is null! 
50786      DEBUG main            d.u.i.k.l.l.OriginTermLabel commonFileName is null! 
50815      DEBUG main            d.u.i.k.l.l.OriginTermLabel commonFileName is null! 
50818      DEBUG main            d.u.i.k.l.l.OriginTermLabel commonFileName is null! 
50822      DEBUG main            d.u.i.k.p.i.IntermediateProofReplayer Proof replay took 114.64ms 
50824      DEBUG main            d.u.i.k.p.r.p.TestFile    ... success: reloaded. 
50826      INFO  main            d.u.i.k.p.r.p.TestFile    Now processing file /home/runner/work/key/key/key.core/../key.ui/examples/heap/comprehensions/segsum.key 
50827      INFO  main            d.u.i.k.p.i.AbstractProblemLoader Loading environment from /home/runner/work/key/key/key.core/../key.ui/examples/heap/comprehensions/segsum.key 
50827      DEBUG main            d.u.i.k.p.i.AbstractProblemLoader Environment load took 111.1ns 
50830      INFO  main            d.u.i.k.p.i.AbstractProblemLoader Creating init config 
54451      DEBUG main            d.u.i.k.p.i.AbstractProblemLoader Init config took 3.62s 
54505      INFO  main            d.u.i.k.p.i.AbstractProblemLoader Replaying proof SegSum[SegSum::segSum([I,int,int)].JML normal_behavior operation contract.0 
54510      DEBUG main            d.u.i.k.p.i.IntermediateProofReplayer Proof replay took 8.8ns 
55117      INFO  main            d.u.i.k.p.r.p.TestFile    ... finished proof: closed. 
55354      INFO  main            d.u.i.k.p.i.AbstractProblemLoader Loading environment from /home/runner/work/key/key/key.core/../key.ui/examples/heap/comprehensions/segsum.key.proof 
55355      DEBUG main            d.u.i.k.p.i.AbstractProblemLoader Environment load took 407.7ns 
55356      INFO  main            d.u.i.k.p.i.AbstractProblemLoader Creating init config 
58966      DEBUG main            d.u.i.k.p.i.AbstractProblemLoader Init config took 3.61s 
59026      INFO  main            d.u.i.k.p.i.AbstractProblemLoader Replaying proof SegSum[SegSum::segSum([I,int,int)].JML normal_behavior operation contract.0 
59134      DEBUG main            d.u.i.k.p.i.IntermediateProofReplayer Proof replay took 101.93ms 
59138      DEBUG main            d.u.i.k.p.r.p.TestFile    ... success: reloaded. 
59139      INFO  main            d.u.i.k.p.r.p.TestFile    Now processing file /home/runner/work/key/key/key.core/../key.ui/examples/heap/comprehensions/bsum_negative.key 
59141      INFO  main            d.u.i.k.p.i.AbstractProblemLoader Loading environment from /home/runner/work/key/key/key.core/../key.ui/examples/heap/comprehensions/bsum_negative.key 
59142      DEBUG main            d.u.i.k.p.i.AbstractProblemLoader Environment load took 403.5ns 
59144      INFO  main            d.u.i.k.p.i.AbstractProblemLoader Creating init config 
62630      DEBUG main            d.u.i.k.p.i.AbstractProblemLoader Init config took 3.49s 
62654      INFO  main            d.u.i.k.p.i.AbstractProblemLoader Replaying proof bsum_negative.key 
62656      DEBUG main            d.u.i.k.p.i.IntermediateProofReplayer Proof replay took 8.8ns 
62759      INFO  main            d.u.i.k.p.r.p.TestFile    ... finished proof: closed. 
62976      INFO  main            d.u.i.k.p.i.AbstractProblemLoader Loading environment from /home/runner/work/key/key/key.core/../key.ui/examples/heap/comprehensions/bsum_negative.key.proof 
62978      DEBUG main            d.u.i.k.p.i.AbstractProblemLoader Environment load took 2.16ms 
62983      INFO  main            d.u.i.k.p.i.AbstractProblemLoader Creating init config 
66335      DEBUG main            d.u.i.k.p.i.AbstractProblemLoader Init config took 3.35s 
66357      INFO  main            d.u.i.k.p.i.AbstractProblemLoader Replaying proof bsum_negative.key.proof 
66362      DEBUG main            d.u.i.k.p.i.IntermediateProofReplayer Proof replay took 1.6ms 
66363      DEBUG main            d.u.i.k.p.r.p.TestFile    ... success: reloaded. 
66364      INFO  main            d.u.i.k.p.r.p.TestFile    Now processing file /home/runner/work/key/key/key.core/../key.ui/examples/heap/comprehensions/bsum_neg2.key 
66365      INFO  main            d.u.i.k.p.i.AbstractProblemLoader Loading environment from /home/runner/work/key/key/key.core/../key.ui/examples/heap/comprehensions/bsum_neg2.key 
66365      DEBUG main            d.u.i.k.p.i.AbstractProblemLoader Environment load took 397.8ns 
66366      INFO  main            d.u.i.k.p.i.AbstractProblemLoader Creating init config 
69703      DEBUG main            d.u.i.k.p.i.AbstractProblemLoader Init config took 3.34s 
69724      INFO  main            d.u.i.k.p.i.AbstractProblemLoader Replaying proof bsum_neg2.key 
69725      DEBUG main            d.u.i.k.p.i.IntermediateProofReplayer Proof replay took 7.3ns 
69828      INFO  main            d.u.i.k.p.r.p.TestFile    ... finished proof: closed. 
70053      INFO  main            d.u.i.k.p.i.AbstractProblemLoader Loading environment from /home/runner/work/key/key/key.core/../key.ui/examples/heap/comprehensions/bsum_neg2.key.proof 
70053      DEBUG main            d.u.i.k.p.i.AbstractProblemLoader Environment load took 139.2ns 
70054      INFO  main            d.u.i.k.p.i.AbstractProblemLoader Creating init config 
73411      DEBUG main            d.u.i.k.p.i.AbstractProblemLoader Init config took 3.36s 
73433      INFO  main            d.u.i.k.p.i.AbstractProblemLoader Replaying proof bsum_neg2.key.proof 
73436      DEBUG main            d.u.i.k.p.i.IntermediateProofReplayer Proof replay took 1.06ms 
73437      DEBUG main            d.u.i.k.p.r.p.TestFile    ... success: reloaded. 
73438      INFO  main            d.u.i.k.p.r.p.TestFile    Now processing file /home/runner/work/key/key/key.core/../key.ui/examples/heap/comprehensions/bsumSplit.key 
73438      INFO  main            d.u.i.k.p.i.AbstractProblemLoader Loading environment from /home/runner/work/key/key/key.core/../key.ui/examples/heap/comprehensions/bsumSplit.key 
73438      DEBUG main            d.u.i.k.p.i.AbstractProblemLoader Environment load took 155ns 
73440      INFO  main            d.u.i.k.p.i.AbstractProblemLoader Creating init config 
76840      DEBUG main            d.u.i.k.p.i.AbstractProblemLoader Init config took 3.4s 
76862      INFO  main            d.u.i.k.p.i.AbstractProblemLoader Replaying proof bsumSplit.key 
76864      DEBUG main            d.u.i.k.p.i.IntermediateProofReplayer Proof replay took 7.6ns 
76967      INFO  main            d.u.i.k.p.r.p.TestFile    ... finished proof: closed. 
77208      INFO  main            d.u.i.k.p.i.AbstractProblemLoader Loading environment from /home/runner/work/key/key/key.core/../key.ui/examples/heap/comprehensions/bsumSplit.key.proof 
77208      DEBUG main            d.u.i.k.p.i.AbstractProblemLoader Environment load took 167.2ns 
77209      INFO  main            d.u.i.k.p.i.AbstractProblemLoader Creating init config 
80457      DEBUG main            d.u.i.k.p.i.AbstractProblemLoader Init config took 3.25s 
80479      INFO  main            d.u.i.k.p.i.AbstractProblemLoader Replaying proof bsumSplit.key.proof 
80486      DEBUG main            d.u.i.k.p.i.IntermediateProofReplayer Proof replay took 3.98ms 
80487      DEBUG main            d.u.i.k.p.r.p.TestFile    ... success: reloaded. 
80488      INFO  main            d.u.i.k.p.r.p.TestFile    Now processing file /home/runner/work/key/key/key.core/../key.ui/examples/heap/comprehensions/bprodSplit.key 
80489      INFO  main            d.u.i.k.p.i.AbstractProblemLoader Loading environment from /home/runner/work/key/key/key.core/../key.ui/examples/heap/comprehensions/bprodSplit.key 
80489      DEBUG main            d.u.i.k.p.i.AbstractProblemLoader Environment load took 387.2ns 
80491      INFO  main            d.u.i.k.p.i.AbstractProblemLoader Creating init config 
83871      DEBUG main            d.u.i.k.p.i.AbstractProblemLoader Init config took 3.38s 
83891      INFO  main            d.u.i.k.p.i.AbstractProblemLoader Replaying proof bprodSplit.key 
83892      DEBUG main            d.u.i.k.p.i.IntermediateProofReplayer Proof replay took 8ns 
83999      INFO  main            d.u.i.k.p.r.p.TestFile    ... finished proof: closed. 
84235      INFO  main            d.u.i.k.p.i.AbstractProblemLoader Loading environment from /home/runner/work/key/key/key.core/../key.ui/examples/heap/comprehensions/bprodSplit.key.proof 
84235      DEBUG main            d.u.i.k.p.i.AbstractProblemLoader Environment load took 150ns 
84237      INFO  main            d.u.i.k.p.i.AbstractProblemLoader Creating init config 
87532      DEBUG main            d.u.i.k.p.i.AbstractProblemLoader Init config took 3.29s 
87555      INFO  main            d.u.i.k.p.i.AbstractProblemLoader Replaying proof bprodSplit.key.proof 
87560      DEBUG main            d.u.i.k.p.i.IntermediateProofReplayer Proof replay took 2.28ms 
87561      DEBUG main            d.u.i.k.p.r.p.TestFile    ... success: reloaded. 
87562      INFO  main            d.u.i.k.p.r.p.TestFile    Now processing file /home/runner/work/key/key/key.core/../key.ui/examples/heap/comprehensions/bsumSplitInvalid.key 
87563      INFO  main            d.u.i.k.p.i.AbstractProblemLoader Loading environment from /home/runner/work/key/key/key.core/../key.ui/examples/heap/comprehensions/bsumSplitInvalid.key 
87563      DEBUG main            d.u.i.k.p.i.AbstractProblemLoader Environment load took 337.7ns 
87565      INFO  main            d.u.i.k.p.i.AbstractProblemLoader Creating init config 
90886      DEBUG main            d.u.i.k.p.i.AbstractProblemLoader Init config took 3.32s 
90906      INFO  main            d.u.i.k.p.i.AbstractProblemLoader Replaying proof bsumSplitInvalid.key 
90908      DEBUG main            d.u.i.k.p.i.IntermediateProofReplayer Proof replay took 8.6ns 
91012      INFO  main            d.u.i.k.p.r.p.TestFile    ... finished proof: open goal(s) 
197746     INFO  Test worker     d.u.i.k.p.r.RunAllProofsTestUnit Returning from test comprehensions 
197751     INFO  Test worker     d.u.i.k.p.r.RunAllProofsTestUnit Running test performance 
463        INFO  Timeout watchdog d.u.i.k.p.r.p.ForkedTestFileRunner Timeout watcher launched (2000 secs.) 
496        WARN  main            d.u.i.k.s.ProofSettings   The settings in /home/runner/.key/proof-settings.props are *not* read. 
576        INFO  main            d.u.i.k.p.r.p.TestFile    Now processing file /home/runner/work/key/key/key.core/../key.ui/examples/performance-test/Disjoint(Disjoint__disjoint_08()).JML_operation_contract.0.key 
765        INFO  main            d.u.i.k.p.i.AbstractProblemLoader Loading environment from /home/runner/work/key/key/key.core/../key.ui/examples/performance-test/Disjoint(Disjoint__disjoint_08()).JML_operation_contract.0.key 
788        DEBUG main            d.u.i.k.p.i.AbstractProblemLoader Environment load took 4.69ms 
1128       INFO  main            d.u.i.k.p.i.AbstractProblemLoader Creating init config 
2301       DEBUG main            d.u.i.k.j.TypeConverter   No LDT found for Meta 
2304       DEBUG main            d.u.i.k.j.TypeConverter   No LDT found for Meta 
2307       DEBUG main            d.u.i.k.j.TypeConverter   No LDT found for Meta 
2309       DEBUG main            d.u.i.k.j.TypeConverter   No LDT found for Meta 
4410       DEBUG main            d.u.i.k.j.TypeConverter   No LDT found for JavaBigintExpression 
11794      DEBUG main            d.u.i.k.j.r.ClassPreparationMethodBuilder clPrepBuilder: Inner Class detected. Reject building class initialisation methods. 
22444      DEBUG main            d.u.i.k.p.i.AbstractProblemLoader Init config took 21.32s 
22749      INFO  main            d.u.i.k.p.i.AbstractProblemLoader Replaying proof Disjoint[Disjoint::disjoint_8()].JML operation contract.0 
22826      DEBUG main            d.u.i.k.p.i.IntermediateProofReplayer Proof replay took 436.9ns 
26200      INFO  main            d.u.i.k.p.r.p.TestFile    ... finished proof: closed. 
26640      INFO  main            d.u.i.k.p.i.AbstractProblemLoader Loading environment from /home/runner/work/key/key/key.core/../key.ui/examples/performance-test/Disjoint(Disjoint__disjoint_08()).JML_operation_contract.0.key.proof 
26641      DEBUG main            d.u.i.k.p.i.AbstractProblemLoader Environment load took 1.15ms 
26644      INFO  main            d.u.i.k.p.i.AbstractProblemLoader Creating init config 
30839      DEBUG main            d.u.i.k.j.r.ClassPreparationMethodBuilder clPrepBuilder: Inner Class detected. Reject building class initialisation methods. 
40188      DEBUG main            d.u.i.k.p.i.AbstractProblemLoader Init config took 13.54s 
40402      INFO  main            d.u.i.k.p.i.AbstractProblemLoader Replaying proof Disjoint[Disjoint::disjoint_8()].JML operation contract.0 
40911      DEBUG main            d.u.i.k.p.i.IntermediateProofReplayer Proof replay took 494.28ms 
40925      DEBUG main            d.u.i.k.p.r.p.TestFile    ... success: reloaded. 
40928      INFO  main            d.u.i.k.p.r.p.TestFile    Now processing file /home/runner/work/key/key/key.core/../key.ui/examples/performance-test/Disjoint(Disjoint__disjoint2_08()).JML_operation_contract.0.key 
40929      INFO  main            d.u.i.k.p.i.AbstractProblemLoader Loading environment from /home/runner/work/key/key/key.core/../key.ui/examples/performance-test/Disjoint(Disjoint__disjoint2_08()).JML_operation_contract.0.key 
40929      DEBUG main            d.u.i.k.p.i.AbstractProblemLoader Environment load took 382.3ns 
40932      INFO  main            d.u.i.k.p.i.AbstractProblemLoader Creating init config 
44942      DEBUG main            d.u.i.k.j.r.ClassPreparationMethodBuilder clPrepBuilder: Inner Class detected. Reject building class initialisation methods. 
54317      DEBUG main            d.u.i.k.p.i.AbstractProblemLoader Init config took 13.38s 
54486      INFO  main            d.u.i.k.p.i.AbstractProblemLoader Replaying proof Disjoint[Disjoint::disjoint2_8()].JML operation contract.0 
54493      DEBUG main            d.u.i.k.p.i.IntermediateProofReplayer Proof replay took 24.6ns 
55899      INFO  main            d.u.i.k.p.r.p.TestFile    ... finished proof: closed. 
56254      INFO  main            d.u.i.k.p.i.AbstractProblemLoader Loading environment from /home/runner/work/key/key/key.core/../key.ui/examples/performance-test/Disjoint(Disjoint__disjoint2_08()).JML_operation_contract.0.key.proof 
56255      DEBUG main            d.u.i.k.p.i.AbstractProblemLoader Environment load took 828.6ns 
56261      INFO  main            d.u.i.k.p.i.AbstractProblemLoader Creating init config 
60074      DEBUG main            d.u.i.k.j.r.ClassPreparationMethodBuilder clPrepBuilder: Inner Class detected. Reject building class initialisation methods. 
68985      DEBUG main            d.u.i.k.p.i.AbstractProblemLoader Init config took 12.72s 
69132      INFO  main            d.u.i.k.p.i.AbstractProblemLoader Replaying proof Disjoint[Disjoint::disjoint2_8()].JML operation contract.0 
69259      DEBUG main            d.u.i.k.p.i.IntermediateProofReplayer Proof replay took 122.38ms 
69263      DEBUG main            d.u.i.k.p.r.p.TestFile    ... success: reloaded. 
69265      INFO  main            d.u.i.k.p.r.p.TestFile    Now processing file /home/runner/work/key/key/key.core/../key.ui/examples/performance-test/AccessChain1(AccessChain1__foo_08()).JML_operation_contract.0.key 
69266      INFO  main            d.u.i.k.p.i.AbstractProblemLoader Loading environment from /home/runner/work/key/key/key.core/../key.ui/examples/performance-test/AccessChain1(AccessChain1__foo_08()).JML_operation_contract.0.key 
69266      DEBUG main            d.u.i.k.p.i.AbstractProblemLoader Environment load took 86.8ns 
69268      INFO  main            d.u.i.k.p.i.AbstractProblemLoader Creating init config 
73283      DEBUG main            d.u.i.k.j.r.ClassPreparationMethodBuilder clPrepBuilder: Inner Class detected. Reject building class initialisation methods. 
82324      DEBUG main            d.u.i.k.p.i.AbstractProblemLoader Init config took 13.06s 
82475      INFO  main            d.u.i.k.p.i.AbstractProblemLoader Replaying proof AccessChain1[AccessChain1::foo_8()].JML operation contract.0 
82482      DEBUG main            d.u.i.k.p.i.IntermediateProofReplayer Proof replay took 12.9ns 
86203      INFO  main            d.u.i.k.p.r.p.TestFile    ... finished proof: closed. 
86678      INFO  main            d.u.i.k.p.i.AbstractProblemLoader Loading environment from /home/runner/work/key/key/key.core/../key.ui/examples/performance-test/AccessChain1(AccessChain1__foo_08()).JML_operation_contract.0.key.proof 
86678      DEBUG main            d.u.i.k.p.i.AbstractProblemLoader Environment load took 375.3ns 
86684      INFO  main            d.u.i.k.p.i.AbstractProblemLoader Creating init config 
90612      DEBUG main            d.u.i.k.j.r.ClassPreparationMethodBuilder clPrepBuilder: Inner Class detected. Reject building class initialisation methods. 
99607      DEBUG main            d.u.i.k.p.i.AbstractProblemLoader Init config took 12.92s 
99776      INFO  main            d.u.i.k.p.i.AbstractProblemLoader Replaying proof AccessChain1[AccessChain1::foo_8()].JML operation contract.0 
100426     DEBUG main            d.u.i.k.p.i.IntermediateProofReplayer Proof replay took 618.31ms 
100428     DEBUG main            d.u.i.k.p.r.p.TestFile    ... success: reloaded. 
100430     INFO  main            d.u.i.k.p.r.p.TestFile    Now processing file /home/runner/work/key/key/key.core/../key.ui/examples/performance-test/AccessChain4(AccessChain4__foo_08()).JML_operation_contract.0.key 
100431     INFO  main            d.u.i.k.p.i.AbstractProblemLoader Loading environment from /home/runner/work/key/key/key.core/../key.ui/examples/performance-test/AccessChain4(AccessChain4__foo_08()).JML_operation_contract.0.key 
100431     DEBUG main            d.u.i.k.p.i.AbstractProblemLoader Environment load took 436.1ns 
100432     INFO  main            d.u.i.k.p.i.AbstractProblemLoader Creating init config 
104456     DEBUG main            d.u.i.k.j.r.ClassPreparationMethodBuilder clPrepBuilder: Inner Class detected. Reject building class initialisation methods. 
113515     DEBUG main            d.u.i.k.p.i.AbstractProblemLoader Init config took 13.08s 
113647     INFO  main            d.u.i.k.p.i.AbstractProblemLoader Replaying proof AccessChain4[AccessChain4::foo_8()].JML operation contract.0 
113651     DEBUG main            d.u.i.k.p.i.IntermediateProofReplayer Proof replay took 12.3ns 
122448     INFO  main            d.u.i.k.p.r.p.TestFile    ... finished proof: closed. 
122943     INFO  main            d.u.i.k.p.i.AbstractProblemLoader Loading environment from /home/runner/work/key/key/key.core/../key.ui/examples/performance-test/AccessChain4(AccessChain4__foo_08()).JML_operation_contract.0.key.proof 
122943     DEBUG main            d.u.i.k.p.i.AbstractProblemLoader Environment load took 901.1ns 
122956     INFO  main            d.u.i.k.p.i.AbstractProblemLoader Creating init config 
126764     DEBUG main            d.u.i.k.j.r.ClassPreparationMethodBuilder clPrepBuilder: Inner Class detected. Reject building class initialisation methods. 
135838     DEBUG main            d.u.i.k.p.i.AbstractProblemLoader Init config took 12.88s 
135959     INFO  main            d.u.i.k.p.i.AbstractProblemLoader Replaying proof AccessChain4[AccessChain4::foo_8()].JML operation contract.0 
137000     DEBUG main            d.u.i.k.p.i.IntermediateProofReplayer Proof replay took 1.01s 
137005     DEBUG main            d.u.i.k.p.r.p.TestFile    ... success: reloaded. 
137009     INFO  main            d.u.i.k.p.r.p.TestFile    Now processing file /home/runner/work/key/key/key.core/../key.ui/examples/performance-test/Disjoint(Disjoint__xZero_08()).JML_operation_contract.0.key 
137010     INFO  main            d.u.i.k.p.i.AbstractProblemLoader Loading environment from /home/runner/work/key/key/key.core/../key.ui/examples/performance-test/Disjoint(Disjoint__xZero_08()).JML_operation_contract.0.key 
137010     DEBUG main            d.u.i.k.p.i.AbstractProblemLoader Environment load took 158.3ns 
137011     INFO  main            d.u.i.k.p.i.AbstractProblemLoader Creating init config 
140975     DEBUG main            d.u.i.k.j.r.ClassPreparationMethodBuilder clPrepBuilder: Inner Class detected. Reject building class initialisation methods. 
150020     DEBUG main            d.u.i.k.p.i.AbstractProblemLoader Init config took 13.01s 
150138     INFO  main            d.u.i.k.p.i.AbstractProblemLoader Replaying proof Disjoint[Disjoint::xZero_8()].JML operation contract.0 
150141     DEBUG main            d.u.i.k.p.i.IntermediateProofReplayer Proof replay took 12.9ns 
151649     INFO  main            d.u.i.k.p.r.p.TestFile    ... finished proof: closed. 
152127     INFO  main            d.u.i.k.p.i.AbstractProblemLoader Loading environment from /home/runner/work/key/key/key.core/../key.ui/examples/performance-test/Disjoint(Disjoint__xZero_08()).JML_operation_contract.0.key.proof 
152128     DEBUG main            d.u.i.k.p.i.AbstractProblemLoader Environment load took 834.5ns 
152134     INFO  main            d.u.i.k.p.i.AbstractProblemLoader Creating init config 
155877     DEBUG main            d.u.i.k.j.r.ClassPreparationMethodBuilder clPrepBuilder: Inner Class detected. Reject building class initialisation methods. 
164878     DEBUG main            d.u.i.k.p.i.AbstractProblemLoader Init config took 12.74s 
165010     INFO  main            d.u.i.k.p.i.AbstractProblemLoader Replaying proof Disjoint[Disjoint::xZero_8()].JML operation contract.0 
165328     DEBUG main            d.u.i.k.p.i.IntermediateProofReplayer Proof replay took 308.88ms 
165331     DEBUG main            d.u.i.k.p.r.p.TestFile    ... success: reloaded. 
165334     INFO  main            d.u.i.k.p.r.p.TestFile    Now processing file /home/runner/work/key/key/key.core/../key.ui/examples/performance-test/Dynamic(Dynamic__foo_08()).JML_operation_contract.0.key 
165334     INFO  main            d.u.i.k.p.i.AbstractProblemLoader Loading environment from /home/runner/work/key/key/key.core/../key.ui/examples/performance-test/Dynamic(Dynamic__foo_08()).JML_operation_contract.0.key 
165334     DEBUG main            d.u.i.k.p.i.AbstractProblemLoader Environment load took 80.7ns 
165336     INFO  main            d.u.i.k.p.i.AbstractProblemLoader Creating init config 
169265     DEBUG main            d.u.i.k.j.r.ClassPreparationMethodBuilder clPrepBuilder: Inner Class detected. Reject building class initialisation methods. 
178329     DEBUG main            d.u.i.k.p.i.AbstractProblemLoader Init config took 12.99s 
178453     INFO  main            d.u.i.k.p.i.AbstractProblemLoader Replaying proof Dynamic[Dynamic::foo_8()].JML operation contract.0 
178455     DEBUG main            d.u.i.k.p.i.IntermediateProofReplayer Proof replay took 13.2ns 
185515     INFO  main            d.u.i.k.p.r.p.TestFile    ... finished proof: closed. 
186045     INFO  main            d.u.i.k.p.i.AbstractProblemLoader Loading environment from /home/runner/work/key/key/key.core/../key.ui/examples/performance-test/Dynamic(Dynamic__foo_08()).JML_operation_contract.0.key.proof 
186046     DEBUG main            d.u.i.k.p.i.AbstractProblemLoader Environment load took 837.8ns 
186049     INFO  main            d.u.i.k.p.i.AbstractProblemLoader Creating init config 
189788     DEBUG main            d.u.i.k.j.r.ClassPreparationMethodBuilder clPrepBuilder: Inner Class detected. Reject building class initialisation methods. 
198799     DEBUG main            d.u.i.k.p.i.AbstractProblemLoader Init config took 12.75s 
198953     INFO  main            d.u.i.k.p.i.AbstractProblemLoader Replaying proof Dynamic[Dynamic::foo_8()].JML operation contract.0 
199634     DEBUG main            d.u.i.k.p.i.IntermediateProofReplayer Proof replay took 647.36ms 
199637     DEBUG main            d.u.i.k.p.r.p.TestFile    ... success: reloaded. 
199639     INFO  main            d.u.i.k.p.r.p.TestFile    Now processing file /home/runner/work/key/key/key.core/../key.ui/examples/performance-test/DynamicGhost(DynamicGhost__dynamicGhost_08()).JML_normal_behavior_operation_contract.0.key 
199640     INFO  main            d.u.i.k.p.i.AbstractProblemLoader Loading environment from /home/runner/work/key/key/key.core/../key.ui/examples/performance-test/DynamicGhost(DynamicGhost__dynamicGhost_08()).JML_normal_behavior_operation_contract.0.key 
199640     DEBUG main            d.u.i.k.p.i.AbstractProblemLoader Environment load took 321.6ns 
199641     INFO  main            d.u.i.k.p.i.AbstractProblemLoader Creating init config 
203547     DEBUG main            d.u.i.k.j.r.ClassPreparationMethodBuilder clPrepBuilder: Inner Class detected. Reject building class initialisation methods. 
212568     DEBUG main            d.u.i.k.p.i.AbstractProblemLoader Init config took 12.93s 
212692     INFO  main            d.u.i.k.p.i.AbstractProblemLoader Replaying proof DynamicGhost[DynamicGhost::dynamicGhost_8()].JML normal_behavior operation contract.0 
212695     DEBUG main            d.u.i.k.p.i.IntermediateProofReplayer Proof replay took 13.5ns 
218364     INFO  main            d.u.i.k.p.r.p.TestFile    ... finished proof: closed. 
218933     INFO  main            d.u.i.k.p.i.AbstractProblemLoader Loading environment from /home/runner/work/key/key/key.core/../key.ui/examples/performance-test/DynamicGhost(DynamicGhost__dynamicGhost_08()).JML_normal_behavior_operation_contract.0.key.proof 
218934     DEBUG main            d.u.i.k.p.i.AbstractProblemLoader Environment load took 929.8ns 
218937     INFO  main            d.u.i.k.p.i.AbstractProblemLoader Creating init config 
222652     DEBUG main            d.u.i.k.j.r.ClassPreparationMethodBuilder clPrepBuilder: Inner Class detected. Reject building class initialisation methods. 
231712     DEBUG main            d.u.i.k.p.i.AbstractProblemLoader Init config took 12.78s 
231841     INFO  main            d.u.i.k.p.i.AbstractProblemLoader Replaying proof DynamicGhost[DynamicGhost::dynamicGhost_8()].JML normal_behavior operation contract.0 
232524     DEBUG main            d.u.i.k.p.i.IntermediateProofReplayer Proof replay took 657.57ms 
232528     DEBUG main            d.u.i.k.p.r.p.TestFile    ... success: reloaded. 
232530     INFO  main            d.u.i.k.p.r.p.TestFile    Now processing file /home/runner/work/key/key/key.core/../key.ui/examples/performance-test/GhostFrame(GhostFrame__foo_08()).JML_operation_contract.0.key 
232531     INFO  main            d.u.i.k.p.i.AbstractProblemLoader Loading environment from /home/runner/work/key/key/key.core/../key.ui/examples/performance-test/GhostFrame(GhostFrame__foo_08()).JML_operation_contract.0.key 
232531     DEBUG main            d.u.i.k.p.i.AbstractProblemLoader Environment load took 478.2ns 
232542     INFO  main            d.u.i.k.p.i.AbstractProblemLoader Creating init config 
236407     DEBUG main            d.u.i.k.j.r.ClassPreparationMethodBuilder clPrepBuilder: Inner Class detected. Reject building class initialisation methods. 
245345     DEBUG main            d.u.i.k.p.i.AbstractProblemLoader Init config took 12.8s 
245460     INFO  main            d.u.i.k.p.i.AbstractProblemLoader Replaying proof GhostFrame[GhostFrame::foo_8()].JML operation contract.0 
245463     DEBUG main            d.u.i.k.p.i.IntermediateProofReplayer Proof replay took 30.6ns 
248074     INFO  main            d.u.i.k.p.r.p.TestFile    ... finished proof: closed. 
248620     INFO  main            d.u.i.k.p.i.AbstractProblemLoader Loading environment from /home/runner/work/key/key/key.core/../key.ui/examples/performance-test/GhostFrame(GhostFrame__foo_08()).JML_operation_contract.0.key.proof 
248620     DEBUG main            d.u.i.k.p.i.AbstractProblemLoader Environment load took 675.5ns 
248622     INFO  main            d.u.i.k.p.i.AbstractProblemLoader Creating init config 
252290     DEBUG main            d.u.i.k.j.r.ClassPreparationMethodBuilder clPrepBuilder: Inner Class detected. Reject building class initialisation methods. 
261140     DEBUG main            d.u.i.k.p.i.AbstractProblemLoader Init config took 12.52s 
261257     INFO  main            d.u.i.k.p.i.AbstractProblemLoader Replaying proof GhostFrame[GhostFrame::foo_8()].JML operation contract.0 
261627     DEBUG main            d.u.i.k.p.i.IntermediateProofReplayer Proof replay took 357.2ms 
261629     DEBUG main            d.u.i.k.p.r.p.TestFile    ... success: reloaded. 
261632     INFO  main            d.u.i.k.p.r.p.TestFile    Now processing file /home/runner/work/key/key/key.core/../key.ui/examples/performance-test/Modelfield(Modelfield__foo_08()).JML_operation_contract.0.key 
261632     INFO  main            d.u.i.k.p.i.AbstractProblemLoader Loading environment from /home/runner/work/key/key/key.core/../key.ui/examples/performance-test/Modelfield(Modelfield__foo_08()).JML_operation_contract.0.key 
261633     DEBUG main            d.u.i.k.p.i.AbstractProblemLoader Environment load took 388.4ns 
261634     INFO  main            d.u.i.k.p.i.AbstractProblemLoader Creating init config 
265409     DEBUG main            d.u.i.k.j.r.ClassPreparationMethodBuilder clPrepBuilder: Inner Class detected. Reject building class initialisation methods. 
274299     DEBUG main            d.u.i.k.p.i.AbstractProblemLoader Init config took 12.67s 
274414     INFO  main            d.u.i.k.p.i.AbstractProblemLoader Replaying proof Modelfield[Modelfield::foo_8()].JML operation contract.0 
274416     DEBUG main            d.u.i.k.p.i.IntermediateProofReplayer Proof replay took 6.8ns 
278359     INFO  main            d.u.i.k.p.r.p.TestFile    ... finished proof: closed. 
278965     INFO  main            d.u.i.k.p.i.AbstractProblemLoader Loading environment from /home/runner/work/key/key/key.core/../key.ui/examples/performance-test/Modelfield(Modelfield__foo_08()).JML_operation_contract.0.key.proof 
278965     DEBUG main            d.u.i.k.p.i.AbstractProblemLoader Environment load took 259ns 
278967     INFO  main            d.u.i.k.p.i.AbstractProblemLoader Creating init config 
282648     DEBUG main            d.u.i.k.j.r.ClassPreparationMethodBuilder clPrepBuilder: Inner Class detected. Reject building class initialisation methods. 
291789     DEBUG main            d.u.i.k.p.i.AbstractProblemLoader Init config took 12.82s 
291907     INFO  main            d.u.i.k.p.i.AbstractProblemLoader Replaying proof Modelfield[Modelfield::foo_8()].JML operation contract.0 
292361     DEBUG main            d.u.i.k.p.i.IntermediateProofReplayer Proof replay took 438.88ms 
292364     DEBUG main            d.u.i.k.p.r.p.TestFile    ... success: reloaded. 
490368     INFO  Test worker     d.u.i.k.p.r.RunAllProofsTestUnit Returning from test performance 
490371     INFO  Test worker     d.u.i.k.p.r.RunAllProofsTestUnit Running test performancePOConstruction 
484        INFO  Timeout watchdog d.u.i.k.p.r.p.ForkedTestFileRunner Timeout watcher launched (2000 secs.) 
489        WARN  main            d.u.i.k.s.ProofSettings   The settings in /home/runner/.key/proof-settings.props are *not* read. 
525        INFO  main            d.u.i.k.p.r.p.TestFile    Now processing file /home/runner/work/key/key/key.core/../key.ui/examples/performance-test/Test(Test__a0(int)).JML_normal_behavior_operation_contract.0.key 
686        INFO  main            d.u.i.k.p.i.AbstractProblemLoader Loading environment from /home/runner/work/key/key/key.core/../key.ui/examples/performance-test/Test(Test__a0(int)).JML_normal_behavior_operation_contract.0.key 
711        DEBUG main            d.u.i.k.p.i.AbstractProblemLoader Environment load took 3.08ms 
1005       INFO  main            d.u.i.k.p.i.AbstractProblemLoader Creating init config 
2354       DEBUG main            d.u.i.k.j.TypeConverter   No LDT found for Meta 
2354       DEBUG main            d.u.i.k.j.TypeConverter   No LDT found for Meta 
2358       DEBUG main            d.u.i.k.j.TypeConverter   No LDT found for Meta 
2358       DEBUG main            d.u.i.k.j.TypeConverter   No LDT found for Meta 
4167       DEBUG main            d.u.i.k.j.TypeConverter   No LDT found for JavaBigintExpression 
11700      DEBUG main            d.u.i.k.j.r.ClassPreparationMethodBuilder clPrepBuilder: Inner Class detected. Reject building class initialisation methods. 
22532      DEBUG main            d.u.i.k.p.i.AbstractProblemLoader Init config took 21.53s 
24268      INFO  main            d.u.i.k.p.i.AbstractProblemLoader Replaying proof Test[Test::a0(int)].JML normal_behavior operation contract.0 
24360      DEBUG main            d.u.i.k.p.i.IntermediateProofReplayer Proof replay took 37.2ns 
24928      INFO  main            d.u.i.k.p.r.p.TestFile    ... finished proof: closed. 
25182      INFO  main            d.u.i.k.p.i.AbstractProblemLoader Loading environment from /home/runner/work/key/key/key.core/../key.ui/examples/performance-test/Test(Test__a0(int)).JML_normal_behavior_operation_contract.0.key.proof 
25187      DEBUG main            d.u.i.k.p.i.AbstractProblemLoader Environment load took 5.74ms 
25192      INFO  main            d.u.i.k.p.i.AbstractProblemLoader Creating init config 
29543      DEBUG main            d.u.i.k.j.r.ClassPreparationMethodBuilder clPrepBuilder: Inner Class detected. Reject building class initialisation methods. 
39220      DEBUG main            d.u.i.k.p.i.AbstractProblemLoader Init config took 14.03s 
40561      INFO  main            d.u.i.k.p.i.AbstractProblemLoader Replaying proof Test[Test::a0(int)].JML normal_behavior operation contract.0 
40609      DEBUG main            d.u.i.k.p.i.IntermediateProofReplayer Proof replay took 41.3ms 
40628      DEBUG main            d.u.i.k.p.r.p.TestFile    ... success: reloaded. 
40634      INFO  main            d.u.i.k.p.r.p.TestFile    Now processing file /home/runner/work/key/key/key.core/../key.ui/examples/performance-test/Test(Test__a1(int)).JML_normal_behavior_operation_contract.0.key 
40635      INFO  main            d.u.i.k.p.i.AbstractProblemLoader Loading environment from /home/runner/work/key/key/key.core/../key.ui/examples/performance-test/Test(Test__a1(int)).JML_normal_behavior_operation_contract.0.key 
40635      DEBUG main            d.u.i.k.p.i.AbstractProblemLoader Environment load took 184.7ns 
40637      INFO  main            d.u.i.k.p.i.AbstractProblemLoader Creating init config 
44748      DEBUG main            d.u.i.k.j.r.ClassPreparationMethodBuilder clPrepBuilder: Inner Class detected. Reject building class initialisation methods. 
54027      DEBUG main            d.u.i.k.p.i.AbstractProblemLoader Init config took 13.39s 
55380      INFO  main            d.u.i.k.p.i.AbstractProblemLoader Replaying proof Test[Test::a1(int)].JML normal_behavior operation contract.0 
55383      DEBUG main            d.u.i.k.p.i.IntermediateProofReplayer Proof replay took 7.9ns 
55790      INFO  main            d.u.i.k.p.r.p.TestFile    ... finished proof: closed. 
56130      INFO  main            d.u.i.k.p.i.AbstractProblemLoader Loading environment from /home/runner/work/key/key/key.core/../key.ui/examples/performance-test/Test(Test__a1(int)).JML_normal_behavior_operation_contract.0.key.proof 
56131      DEBUG main            d.u.i.k.p.i.AbstractProblemLoader Environment load took 872.8ns 
56136      INFO  main            d.u.i.k.p.i.AbstractProblemLoader Creating init config 
60182      DEBUG main            d.u.i.k.j.r.ClassPreparationMethodBuilder clPrepBuilder: Inner Class detected. Reject building class initialisation methods. 
69399      DEBUG main            d.u.i.k.p.i.AbstractProblemLoader Init config took 13.26s 
70707      INFO  main            d.u.i.k.p.i.AbstractProblemLoader Replaying proof Test[Test::a1(int)].JML normal_behavior operation contract.0 
70784      DEBUG main            d.u.i.k.p.i.IntermediateProofReplayer Proof replay took 72.07ms 
70786      DEBUG main            d.u.i.k.p.r.p.TestFile    ... success: reloaded. 
70788      INFO  main            d.u.i.k.p.r.p.TestFile    Now processing file /home/runner/work/key/key/key.core/../key.ui/examples/performance-test/Test(Test__f1(int)).JML_normal_behavior_operation_contract.0.key 
70788      INFO  main            d.u.i.k.p.i.AbstractProblemLoader Loading environment from /home/runner/work/key/key/key.core/../key.ui/examples/performance-test/Test(Test__f1(int)).JML_normal_behavior_operation_contract.0.key 
70789      DEBUG main            d.u.i.k.p.i.AbstractProblemLoader Environment load took 305ns 
70791      INFO  main            d.u.i.k.p.i.AbstractProblemLoader Creating init config 
74735      DEBUG main            d.u.i.k.j.r.ClassPreparationMethodBuilder clPrepBuilder: Inner Class detected. Reject building class initialisation methods. 
83942      DEBUG main            d.u.i.k.p.i.AbstractProblemLoader Init config took 13.15s 
85230      INFO  main            d.u.i.k.p.i.AbstractProblemLoader Replaying proof Test[Test::f1(int)].JML normal_behavior operation contract.0 
85232      DEBUG main            d.u.i.k.p.i.IntermediateProofReplayer Proof replay took 6.4ns 
85636      INFO  main            d.u.i.k.p.r.p.TestFile    ... finished proof: closed. 
85981      INFO  main            d.u.i.k.p.i.AbstractProblemLoader Loading environment from /home/runner/work/key/key/key.core/../key.ui/examples/performance-test/Test(Test__f1(int)).JML_normal_behavior_operation_contract.0.key.proof 
85981      DEBUG main            d.u.i.k.p.i.AbstractProblemLoader Environment load took 675.8ns 
85983      INFO  main            d.u.i.k.p.i.AbstractProblemLoader Creating init config 
90030      DEBUG main            d.u.i.k.j.r.ClassPreparationMethodBuilder clPrepBuilder: Inner Class detected. Reject building class initialisation methods. 
99201      DEBUG main            d.u.i.k.p.i.AbstractProblemLoader Init config took 13.22s 
100471     INFO  main            d.u.i.k.p.i.AbstractProblemLoader Replaying proof Test[Test::f1(int)].JML normal_behavior operation contract.0 
100529     DEBUG main            d.u.i.k.p.i.IntermediateProofReplayer Proof replay took 54.22ms 
100531     DEBUG main            d.u.i.k.p.r.p.TestFile    ... success: reloaded. 
591139     INFO  Test worker     d.u.i.k.p.r.RunAllProofsTestUnit Returning from test performancePOConstruction 
591142     INFO  Test worker     d.u.i.k.p.r.RunAllProofsTestUnit Running test applicationRestrictions 
443        INFO  Timeout watchdog d.u.i.k.p.r.p.ForkedTestFileRunner Timeout watcher launched (2000 secs.) 
474        WARN  main            d.u.i.k.s.ProofSettings   The settings in /home/runner/.key/proof-settings.props are *not* read. 
531        INFO  main            d.u.i.k.p.r.p.TestFile    Now processing file /home/runner/work/key/key/key.core/../key.ui/examples/heap/polarity_tests/wellformed1.key 
753        INFO  main            d.u.i.k.p.i.AbstractProblemLoader Loading environment from /home/runner/work/key/key/key.core/../key.ui/examples/heap/polarity_tests/wellformed1.key 
775        DEBUG main            d.u.i.k.p.i.AbstractProblemLoader Environment load took 2.57ms 
1073       INFO  main            d.u.i.k.p.i.AbstractProblemLoader Creating init config 
2341       DEBUG main            d.u.i.k.j.TypeConverter   No LDT found for Meta 
2344       DEBUG main            d.u.i.k.j.TypeConverter   No LDT found for Meta 
2348       DEBUG main            d.u.i.k.j.TypeConverter   No LDT found for Meta 
2348       DEBUG main            d.u.i.k.j.TypeConverter   No LDT found for Meta 
4230       DEBUG main            d.u.i.k.j.TypeConverter   No LDT found for JavaBigintExpression 
10427      DEBUG main            d.u.i.k.p.i.AbstractProblemLoader Init config took 9.35s 
10507      INFO  main            d.u.i.k.p.i.AbstractProblemLoader Replaying proof wellformed1.key 
10554      DEBUG main            d.u.i.k.p.i.IntermediateProofReplayer Proof replay took 37ns 
10729      INFO  main            d.u.i.k.p.r.p.TestFile    ... finished proof: closed. 
10874      INFO  main            d.u.i.k.p.i.AbstractProblemLoader Loading environment from /home/runner/work/key/key/key.core/../key.ui/examples/heap/polarity_tests/wellformed1.key.proof 
10875      DEBUG main            d.u.i.k.p.i.AbstractProblemLoader Environment load took 840.8ns 
10880      INFO  main            d.u.i.k.p.i.AbstractProblemLoader Creating init config 
14397      DEBUG main            d.u.i.k.p.i.AbstractProblemLoader Init config took 3.52s 
14442      INFO  main            d.u.i.k.p.i.AbstractProblemLoader Replaying proof wellformed1.key.proof 
14456      DEBUG main            d.u.i.k.p.i.IntermediateProofReplayer Proof replay took 3.89ms 
14471      DEBUG main            d.u.i.k.p.r.p.TestFile    ... success: reloaded. 
14474      INFO  main            d.u.i.k.p.r.p.TestFile    Now processing file /home/runner/work/key/key/key.core/../key.ui/examples/heap/polarity_tests/wellformed2.key 
14475      INFO  main            d.u.i.k.p.i.AbstractProblemLoader Loading environment from /home/runner/work/key/key/key.core/../key.ui/examples/heap/polarity_tests/wellformed2.key 
14475      DEBUG main            d.u.i.k.p.i.AbstractProblemLoader Environment load took 359.5ns 
14481      INFO  main            d.u.i.k.p.i.AbstractProblemLoader Creating init config 
17893      DEBUG main            d.u.i.k.p.i.AbstractProblemLoader Init config took 3.41s 
17930      INFO  main            d.u.i.k.p.i.AbstractProblemLoader Replaying proof wellformed2.key 
17932      DEBUG main            d.u.i.k.p.i.IntermediateProofReplayer Proof replay took 6.9ns 
18038      INFO  main            d.u.i.k.p.r.p.TestFile    ... finished proof: open goal(s) 
18203      INFO  main            d.u.i.k.p.r.p.TestFile    Now processing file /home/runner/work/key/key/key.core/../key.ui/examples/heap/polarity_tests/wellformed3.key 
18204      INFO  main            d.u.i.k.p.i.AbstractProblemLoader Loading environment from /home/runner/work/key/key/key.core/../key.ui/examples/heap/polarity_tests/wellformed3.key 
18206      DEBUG main            d.u.i.k.p.i.AbstractProblemLoader Environment load took 1.38ms 
18209      INFO  main            d.u.i.k.p.i.AbstractProblemLoader Creating init config 
21494      DEBUG main            d.u.i.k.p.i.AbstractProblemLoader Init config took 3.29s 
21523      INFO  main            d.u.i.k.p.i.AbstractProblemLoader Replaying proof wellformed3.key 
21526      DEBUG main            d.u.i.k.p.i.IntermediateProofReplayer Proof replay took 7.7ns 
21629      INFO  main            d.u.i.k.p.r.p.TestFile    ... finished proof: closed. 
21775      INFO  main            d.u.i.k.p.i.AbstractProblemLoader Loading environment from /home/runner/work/key/key/key.core/../key.ui/examples/heap/polarity_tests/wellformed3.key.proof 
21775      DEBUG main            d.u.i.k.p.i.AbstractProblemLoader Environment load took 290.1ns 
21777      INFO  main            d.u.i.k.p.i.AbstractProblemLoader Creating init config 
25024      DEBUG main            d.u.i.k.p.i.AbstractProblemLoader Init config took 3.25s 
25054      INFO  main            d.u.i.k.p.i.AbstractProblemLoader Replaying proof wellformed3.key.proof 
25059      DEBUG main            d.u.i.k.p.i.IntermediateProofReplayer Proof replay took 2.34ms 
25061      DEBUG main            d.u.i.k.p.r.p.TestFile    ... success: reloaded. 
25062      INFO  main            d.u.i.k.p.r.p.TestFile    Now processing file /home/runner/work/key/key/key.core/../key.ui/examples/heap/polarity_tests/wellformed4.key 
25062      INFO  main            d.u.i.k.p.i.AbstractProblemLoader Loading environment from /home/runner/work/key/key/key.core/../key.ui/examples/heap/polarity_tests/wellformed4.key 
25062      DEBUG main            d.u.i.k.p.i.AbstractProblemLoader Environment load took 135.6ns 
25064      INFO  main            d.u.i.k.p.i.AbstractProblemLoader Creating init config 
28223      DEBUG main            d.u.i.k.p.i.AbstractProblemLoader Init config took 3.16s 
28279      INFO  main            d.u.i.k.p.i.AbstractProblemLoader Replaying proof wellformed4.key 
28283      DEBUG main            d.u.i.k.p.i.IntermediateProofReplayer Proof replay took 8.9ns 
28388      INFO  main            d.u.i.k.p.r.p.TestFile    ... finished proof: open goal(s) 
28555      INFO  main            d.u.i.k.p.r.p.TestFile    Now processing file /home/runner/work/key/key/key.core/../key.ui/examples/heap/polarity_tests/wellformed5.key 
28555      INFO  main            d.u.i.k.p.i.AbstractProblemLoader Loading environment from /home/runner/work/key/key/key.core/../key.ui/examples/heap/polarity_tests/wellformed5.key 
28556      DEBUG main            d.u.i.k.p.i.AbstractProblemLoader Environment load took 888.9ns 
28558      INFO  main            d.u.i.k.p.i.AbstractProblemLoader Creating init config 
31777      DEBUG main            d.u.i.k.p.i.AbstractProblemLoader Init config took 3.22s 
31804      INFO  main            d.u.i.k.p.i.AbstractProblemLoader Replaying proof wellformed5.key 
31806      DEBUG main            d.u.i.k.p.i.IntermediateProofReplayer Proof replay took 8.3ns 
31909      INFO  main            d.u.i.k.p.r.p.TestFile    ... finished proof: closed. 
32064      INFO  main            d.u.i.k.p.i.AbstractProblemLoader Loading environment from /home/runner/work/key/key/key.core/../key.ui/examples/heap/polarity_tests/wellformed5.key.proof 
32067      DEBUG main            d.u.i.k.p.i.AbstractProblemLoader Environment load took 2.12ms 
32069      INFO  main            d.u.i.k.p.i.AbstractProblemLoader Creating init config 
35534      DEBUG main            d.u.i.k.p.i.AbstractProblemLoader Init config took 3.47s 
35558      INFO  main            d.u.i.k.p.i.AbstractProblemLoader Replaying proof wellformed5.key.proof 
35562      DEBUG main            d.u.i.k.p.i.IntermediateProofReplayer Proof replay took 1.26ms 
35564      DEBUG main            d.u.i.k.p.r.p.TestFile    ... success: reloaded. 
35565      INFO  main            d.u.i.k.p.r.p.TestFile    Now processing file /home/runner/work/key/key/key.core/../key.ui/examples/heap/polarity_tests/wellformed6.key 
35565      INFO  main            d.u.i.k.p.i.AbstractProblemLoader Loading environment from /home/runner/work/key/key/key.core/../key.ui/examples/heap/polarity_tests/wellformed6.key 
35565      DEBUG main            d.u.i.k.p.i.AbstractProblemLoader Environment load took 293.6ns 
35567      INFO  main            d.u.i.k.p.i.AbstractProblemLoader Creating init config 
38978      DEBUG main            d.u.i.k.p.i.AbstractProblemLoader Init config took 3.41s 
39007      INFO  main            d.u.i.k.p.i.AbstractProblemLoader Replaying proof wellformed6.key 
39010      DEBUG main            d.u.i.k.p.i.IntermediateProofReplayer Proof replay took 8.6ns 
39113      INFO  main            d.u.i.k.p.r.p.TestFile    ... finished proof: open goal(s) 
39307      INFO  main            d.u.i.k.p.r.p.TestFile    Now processing file /home/runner/work/key/key/key.core/../key.ui/examples/heap/polarity_tests/wellformed7.key 
39308      INFO  main            d.u.i.k.p.i.AbstractProblemLoader Loading environment from /home/runner/work/key/key/key.core/../key.ui/examples/heap/polarity_tests/wellformed7.key 
39308      DEBUG main            d.u.i.k.p.i.AbstractProblemLoader Environment load took 95.2ns 
39310      INFO  main            d.u.i.k.p.i.AbstractProblemLoader Creating init config 
42473      DEBUG main            d.u.i.k.p.i.AbstractProblemLoader Init config took 3.16s 
42496      INFO  main            d.u.i.k.p.i.AbstractProblemLoader Replaying proof wellformed7.key 
42500      DEBUG main            d.u.i.k.p.i.IntermediateProofReplayer Proof replay took 8ns 
42602      INFO  main            d.u.i.k.p.r.p.TestFile    ... finished proof: closed. 
42784      INFO  main            d.u.i.k.p.i.AbstractProblemLoader Loading environment from /home/runner/work/key/key/key.core/../key.ui/examples/heap/polarity_tests/wellformed7.key.proof 
42784      DEBUG main            d.u.i.k.p.i.AbstractProblemLoader Environment load took 137.6ns 
42785      INFO  main            d.u.i.k.p.i.AbstractProblemLoader Creating init config 
46010      DEBUG main            d.u.i.k.p.i.AbstractProblemLoader Init config took 3.22s 
46039      INFO  main            d.u.i.k.p.i.AbstractProblemLoader Replaying proof wellformed7.key.proof 
46044      DEBUG main            d.u.i.k.p.i.IntermediateProofReplayer Proof replay took 1.87ms 
46045      DEBUG main            d.u.i.k.p.r.p.TestFile    ... success: reloaded. 
46046      INFO  main            d.u.i.k.p.r.p.TestFile    Now processing file /home/runner/work/key/key/key.core/../key.ui/examples/heap/polarity_tests/wellformed8.key 
46047      INFO  main            d.u.i.k.p.i.AbstractProblemLoader Loading environment from /home/runner/work/key/key/key.core/../key.ui/examples/heap/polarity_tests/wellformed8.key 
46047      DEBUG main            d.u.i.k.p.i.AbstractProblemLoader Environment load took 276.7ns 
46049      INFO  main            d.u.i.k.p.i.AbstractProblemLoader Creating init config 
49365      DEBUG main            d.u.i.k.p.i.AbstractProblemLoader Init config took 3.32s 
49388      INFO  main            d.u.i.k.p.i.AbstractProblemLoader Replaying proof wellformed8.key 
49390      DEBUG main            d.u.i.k.p.i.IntermediateProofReplayer Proof replay took 9.9ns 
49494      INFO  main            d.u.i.k.p.r.p.TestFile    ... finished proof: open goal(s) 
49741      INFO  main            d.u.i.k.p.r.p.TestFile    Now processing file /home/runner/work/key/key/key.core/../key.ui/examples/heap/polarity_tests/wellformed9.key 
49741      INFO  main            d.u.i.k.p.i.AbstractProblemLoader Loading environment from /home/runner/work/key/key/key.core/../key.ui/examples/heap/polarity_tests/wellformed9.key 
49741      DEBUG main            d.u.i.k.p.i.AbstractProblemLoader Environment load took 85ns 
49743      INFO  main            d.u.i.k.p.i.AbstractProblemLoader Creating init config 
52854      DEBUG main            d.u.i.k.p.i.AbstractProblemLoader Init config took 3.11s 
52876      INFO  main            d.u.i.k.p.i.AbstractProblemLoader Replaying proof wellformed9.key 
52878      DEBUG main            d.u.i.k.p.i.IntermediateProofReplayer Proof replay took 8.1ns 
52980      INFO  main            d.u.i.k.p.r.p.TestFile    ... finished proof: closed. 
53165      INFO  main            d.u.i.k.p.i.AbstractProblemLoader Loading environment from /home/runner/work/key/key/key.core/../key.ui/examples/heap/polarity_tests/wellformed9.key.proof 
53166      DEBUG main            d.u.i.k.p.i.AbstractProblemLoader Environment load took 825.7ns 
53168      INFO  main            d.u.i.k.p.i.AbstractProblemLoader Creating init config 
56220      DEBUG main            d.u.i.k.p.i.AbstractProblemLoader Init config took 3.05s 
56241      INFO  main            d.u.i.k.p.i.AbstractProblemLoader Replaying proof wellformed9.key.proof 
56245      DEBUG main            d.u.i.k.p.i.IntermediateProofReplayer Proof replay took 1.6ms 
56246      DEBUG main            d.u.i.k.p.r.p.TestFile    ... success: reloaded. 
56247      INFO  main            d.u.i.k.p.r.p.TestFile    Now processing file /home/runner/work/key/key/key.core/../key.ui/examples/heap/polarity_tests/wellformed10.key 
56248      INFO  main            d.u.i.k.p.i.AbstractProblemLoader Loading environment from /home/runner/work/key/key/key.core/../key.ui/examples/heap/polarity_tests/wellformed10.key 
56248      DEBUG main            d.u.i.k.p.i.AbstractProblemLoader Environment load took 276.1ns 
56250      INFO  main            d.u.i.k.p.i.AbstractProblemLoader Creating init config 
59452      DEBUG main            d.u.i.k.p.i.AbstractProblemLoader Init config took 3.2s 
59481      INFO  main            d.u.i.k.p.i.AbstractProblemLoader Replaying proof wellformed10.key 
59483      DEBUG main            d.u.i.k.p.i.IntermediateProofReplayer Proof replay took 8.9ns 
59590      INFO  main            d.u.i.k.p.r.p.TestFile    ... finished proof: open goal(s) 
59798      INFO  main            d.u.i.k.p.r.p.TestFile    Now processing file /home/runner/work/key/key/key.core/../key.ui/examples/heap/polarity_tests/wellformed11.key 
59798      INFO  main            d.u.i.k.p.i.AbstractProblemLoader Loading environment from /home/runner/work/key/key/key.core/../key.ui/examples/heap/polarity_tests/wellformed11.key 
59798      DEBUG main            d.u.i.k.p.i.AbstractProblemLoader Environment load took 83.7ns 
59799      INFO  main            d.u.i.k.p.i.AbstractProblemLoader Creating init config 
62857      DEBUG main            d.u.i.k.p.i.AbstractProblemLoader Init config took 3.06s 
62876      INFO  main            d.u.i.k.p.i.AbstractProblemLoader Replaying proof wellformed11.key 
62878      DEBUG main            d.u.i.k.p.i.IntermediateProofReplayer Proof replay took 8.4ns 
62982      INFO  main            d.u.i.k.p.r.p.TestFile    ... finished proof: open goal(s) 
654529     INFO  Test worker     d.u.i.k.p.r.RunAllProofsTestUnit Returning from test applicationRestrictions 
654531     INFO  Test worker     d.u.i.k.p.r.RunAllProofsTestUnit Running test blockContracts 
509        INFO  Timeout watchdog d.u.i.k.p.r.p.ForkedTestFileRunner Timeout watcher launched (2000 secs.) 
517        WARN  main            d.u.i.k.s.ProofSettings   The settings in /home/runner/.key/proof-settings.props are *not* read. 
557        INFO  main            d.u.i.k.p.r.p.TestFile    Now processing file /home/runner/work/key/key/key.core/../key.ui/examples/heap/block_contracts/Simple__add.key 
746        INFO  main            d.u.i.k.p.i.AbstractProblemLoader Loading environment from /home/runner/work/key/key/key.core/../key.ui/examples/heap/block_contracts/Simple__add.key 
772        DEBUG main            d.u.i.k.p.i.AbstractProblemLoader Environment load took 2.62ms 
1076       INFO  main            d.u.i.k.p.i.AbstractProblemLoader Creating init config 
2440       DEBUG main            d.u.i.k.j.TypeConverter   No LDT found for Meta 
2441       DEBUG main            d.u.i.k.j.TypeConverter   No LDT found for Meta 
2445       DEBUG main            d.u.i.k.j.TypeConverter   No LDT found for Meta 
2446       DEBUG main            d.u.i.k.j.TypeConverter   No LDT found for Meta 
4381       DEBUG main            d.u.i.k.j.TypeConverter   No LDT found for JavaBigintExpression 
12154      DEBUG main            d.u.i.k.p.i.AbstractProblemLoader Init config took 11.08s 
12407      INFO  main            d.u.i.k.p.i.AbstractProblemLoader Replaying proof Simple[Simple::add(int,int)].JML operation contract.0 
12544      DEBUG main            d.u.i.k.p.i.IntermediateProofReplayer Proof replay took 629ns 
13508      INFO  main            d.u.i.k.p.r.p.TestFile    ... finished proof: closed. 
13652      INFO  main            d.u.i.k.p.i.AbstractProblemLoader Loading environment from /home/runner/work/key/key/key.core/../key.ui/examples/heap/block_contracts/Simple__add.key.proof 
13653      DEBUG main            d.u.i.k.p.i.AbstractProblemLoader Environment load took 1.27ms 
13658      INFO  main            d.u.i.k.p.i.AbstractProblemLoader Creating init config 
18092      DEBUG main            d.u.i.k.p.i.AbstractProblemLoader Init config took 4.43s 
18176      INFO  main            d.u.i.k.p.i.AbstractProblemLoader Replaying proof Simple[Simple::add(int,int)].JML operation contract.0 
18270      DEBUG main            d.u.i.k.p.i.IntermediateProofReplayer Proof replay took 88.72ms 
18281      DEBUG main            d.u.i.k.p.r.p.TestFile    ... success: reloaded. 
18283      INFO  main            d.u.i.k.p.r.p.TestFile    Now processing file /home/runner/work/key/key/key.core/../key.ui/examples/heap/block_contracts/Simple__addAbsoluteValues.key 
18284      INFO  main            d.u.i.k.p.i.AbstractProblemLoader Loading environment from /home/runner/work/key/key/key.core/../key.ui/examples/heap/block_contracts/Simple__addAbsoluteValues.key 
18284      DEBUG main            d.u.i.k.p.i.AbstractProblemLoader Environment load took 311.7ns 
18287      INFO  main            d.u.i.k.p.i.AbstractProblemLoader Creating init config 
22577      DEBUG main            d.u.i.k.p.i.AbstractProblemLoader Init config took 4.29s 
22651      INFO  main            d.u.i.k.p.i.AbstractProblemLoader Replaying proof Simple[Simple::addAbsoluteValues(int,int)].JML normal_behavior operation contract.0 
22655      DEBUG main            d.u.i.k.p.i.IntermediateProofReplayer Proof replay took 16.4ns 
23985      INFO  main            d.u.i.k.p.r.p.TestFile    ... finished proof: closed. 
24289      INFO  main            d.u.i.k.p.i.AbstractProblemLoader Loading environment from /home/runner/work/key/key/key.core/../key.ui/examples/heap/block_contracts/Simple__addAbsoluteValues.key.proof 
24289      DEBUG main            d.u.i.k.p.i.AbstractProblemLoader Environment load took 612.9ns 
24293      INFO  main            d.u.i.k.p.i.AbstractProblemLoader Creating init config 
28446      DEBUG main            d.u.i.k.p.i.AbstractProblemLoader Init config took 4.15s 
28514      INFO  main            d.u.i.k.p.i.AbstractProblemLoader Replaying proof Simple[Simple::addAbsoluteValues(int,int)].JML normal_behavior operation contract.0 
28719      DEBUG main            d.u.i.k.p.i.IntermediateProofReplayer Proof replay took 194.11ms 
28722      DEBUG main            d.u.i.k.p.r.p.TestFile    ... success: reloaded. 
28724      INFO  main            d.u.i.k.p.r.p.TestFile    Now processing file /home/runner/work/key/key/key.core/../key.ui/examples/heap/block_contracts/Simple__addWithJump.key 
28725      INFO  main            d.u.i.k.p.i.AbstractProblemLoader Loading environment from /home/runner/work/key/key/key.core/../key.ui/examples/heap/block_contracts/Simple__addWithJump.key 
28725      DEBUG main            d.u.i.k.p.i.AbstractProblemLoader Environment load took 291.2ns 
28727      INFO  main            d.u.i.k.p.i.AbstractProblemLoader Creating init config 
32805      DEBUG main            d.u.i.k.p.i.AbstractProblemLoader Init config took 4.08s 
32868      INFO  main            d.u.i.k.p.i.AbstractProblemLoader Replaying proof Simple[Simple::addWithJump(int,int,int)].JML operation contract.0 
32874      DEBUG main            d.u.i.k.p.i.IntermediateProofReplayer Proof replay took 27ns 
33077      INFO  main            d.u.i.k.p.r.p.TestFile    ... finished proof: closed. 
33411      INFO  main            d.u.i.k.p.i.AbstractProblemLoader Loading environment from /home/runner/work/key/key/key.core/../key.ui/examples/heap/block_contracts/Simple__addWithJump.key.proof 
33412      DEBUG main            d.u.i.k.p.i.AbstractProblemLoader Environment load took 644ns 
33413      INFO  main            d.u.i.k.p.i.AbstractProblemLoader Creating init config 
37445      DEBUG main            d.u.i.k.p.i.AbstractProblemLoader Init config took 4.03s 
37516      INFO  main            d.u.i.k.p.i.AbstractProblemLoader Replaying proof Simple[Simple::addWithJump(int,int,int)].JML operation contract.0 
37578      DEBUG main            d.u.i.k.p.i.IntermediateProofReplayer Proof replay took 55.83ms 
37580      DEBUG main            d.u.i.k.p.r.p.TestFile    ... success: reloaded. 
37585      INFO  main            d.u.i.k.p.r.p.TestFile    Now processing file /home/runner/work/key/key/key.core/../key.ui/examples/heap/block_contracts/Simple__addWithTwoBlockContracts.key 
37586      INFO  main            d.u.i.k.p.i.AbstractProblemLoader Loading environment from /home/runner/work/key/key/key.core/../key.ui/examples/heap/block_contracts/Simple__addWithTwoBlockContracts.key 
37586      DEBUG main            d.u.i.k.p.i.AbstractProblemLoader Environment load took 356.2ns 
37591      INFO  main            d.u.i.k.p.i.AbstractProblemLoader Creating init config 
41592      DEBUG main            d.u.i.k.p.i.AbstractProblemLoader Init config took 4s 
41651      INFO  main            d.u.i.k.p.i.AbstractProblemLoader Replaying proof Simple[Simple::addWithTwoBlockContracts(int,int,int)].JML operation contract.0 
41655      DEBUG main            d.u.i.k.p.i.IntermediateProofReplayer Proof replay took 14.5ns 
42073      INFO  main            d.u.i.k.p.r.p.TestFile    ... finished proof: closed. 
42293      INFO  main            d.u.i.k.p.i.AbstractProblemLoader Loading environment from /home/runner/work/key/key/key.core/../key.ui/examples/heap/block_contracts/Simple__addWithTwoBlockContracts.key.proof 
42294      DEBUG main            d.u.i.k.p.i.AbstractProblemLoader Environment load took 676.8ns 
42295      INFO  main            d.u.i.k.p.i.AbstractProblemLoader Creating init config 
46345      DEBUG main            d.u.i.k.p.i.AbstractProblemLoader Init config took 4.05s 
46407      INFO  main            d.u.i.k.p.i.AbstractProblemLoader Replaying proof Simple[Simple::addWithTwoBlockContracts(int,int,int)].JML operation contract.0 
46481      DEBUG main            d.u.i.k.p.i.IntermediateProofReplayer Proof replay took 69.13ms 
46483      DEBUG main            d.u.i.k.p.r.p.TestFile    ... success: reloaded. 
46485      INFO  main            d.u.i.k.p.r.p.TestFile    Now processing file /home/runner/work/key/key/key.core/../key.ui/examples/heap/block_contracts/Simple__generateByteArray.key 
46485      INFO  main            d.u.i.k.p.i.AbstractProblemLoader Loading environment from /home/runner/work/key/key/key.core/../key.ui/examples/heap/block_contracts/Simple__generateByteArray.key 
46485      DEBUG main            d.u.i.k.p.i.AbstractProblemLoader Environment load took 303.4ns 
46487      INFO  main            d.u.i.k.p.i.AbstractProblemLoader Creating init config 
50456      DEBUG main            d.u.i.k.p.i.AbstractProblemLoader Init config took 3.97s 
50515      INFO  main            d.u.i.k.p.i.AbstractProblemLoader Replaying proof Simple[Simple::generateByteArray()].JML normal_behavior operation contract.0 
50518      DEBUG main            d.u.i.k.p.i.IntermediateProofReplayer Proof replay took 14.5ns 
52928      INFO  main            d.u.i.k.p.r.p.TestFile    ... finished proof: closed. 
53290      INFO  main            d.u.i.k.p.i.AbstractProblemLoader Loading environment from /home/runner/work/key/key/key.core/../key.ui/examples/heap/block_contracts/Simple__generateByteArray.key.proof 
53290      DEBUG main            d.u.i.k.p.i.AbstractProblemLoader Environment load took 155.3ns 
53292      INFO  main            d.u.i.k.p.i.AbstractProblemLoader Creating init config 
57217      DEBUG main            d.u.i.k.p.i.AbstractProblemLoader Init config took 3.93s 
57274      INFO  main            d.u.i.k.p.i.AbstractProblemLoader Replaying proof Simple[Simple::generateByteArray()].JML normal_behavior operation contract.0 
57602      DEBUG main            d.u.i.k.p.i.IntermediateProofReplayer Proof replay took 311.24ms 
57604      DEBUG main            d.u.i.k.p.r.p.TestFile    ... success: reloaded. 
57605      INFO  main            d.u.i.k.p.r.p.TestFile    Now processing file /home/runner/work/key/key/key.core/../key.ui/examples/heap/block_contracts/Simple__getLength.key 
57606      INFO  main            d.u.i.k.p.i.AbstractProblemLoader Loading environment from /home/runner/work/key/key/key.core/../key.ui/examples/heap/block_contracts/Simple__getLength.key 
57606      DEBUG main            d.u.i.k.p.i.AbstractProblemLoader Environment load took 384.1ns 
57608      INFO  main            d.u.i.k.p.i.AbstractProblemLoader Creating init config 
61511      DEBUG main            d.u.i.k.p.i.AbstractProblemLoader Init config took 3.9s 
61565      INFO  main            d.u.i.k.p.i.AbstractProblemLoader Replaying proof Simple[Simple::getLength()].JML normal_behavior operation contract.0 
61567      DEBUG main            d.u.i.k.p.i.IntermediateProofReplayer Proof replay took 14.7ns 
61672      INFO  main            d.u.i.k.p.r.p.TestFile    ... finished proof: closed. 
61930      INFO  main            d.u.i.k.p.i.AbstractProblemLoader Loading environment from /home/runner/work/key/key/key.core/../key.ui/examples/heap/block_contracts/Simple__getLength.key.proof 
61930      DEBUG main            d.u.i.k.p.i.AbstractProblemLoader Environment load took 135.3ns 
61933      INFO  main            d.u.i.k.p.i.AbstractProblemLoader Creating init config 
65900      DEBUG main            d.u.i.k.p.i.AbstractProblemLoader Init config took 3.97s 
65953      INFO  main            d.u.i.k.p.i.AbstractProblemLoader Replaying proof Simple[Simple::getLength()].JML normal_behavior operation contract.0 
65964      DEBUG main            d.u.i.k.p.i.IntermediateProofReplayer Proof replay took 8.05ms 
65965      DEBUG main            d.u.i.k.p.r.p.TestFile    ... success: reloaded. 
65967      INFO  main            d.u.i.k.p.r.p.TestFile    Now processing file /home/runner/work/key/key/key.core/../key.ui/examples/heap/block_contracts/Simple__square.key 
65967      INFO  main            d.u.i.k.p.i.AbstractProblemLoader Loading environment from /home/runner/work/key/key/key.core/../key.ui/examples/heap/block_contracts/Simple__square.key 
65968      DEBUG main            d.u.i.k.p.i.AbstractProblemLoader Environment load took 297.6ns 
65969      INFO  main            d.u.i.k.p.i.AbstractProblemLoader Creating init config 
69863      DEBUG main            d.u.i.k.p.i.AbstractProblemLoader Init config took 3.89s 
69915      INFO  main            d.u.i.k.p.i.AbstractProblemLoader Replaying proof Simple[Simple::square(int)].JML operation contract.0 
69917      DEBUG main            d.u.i.k.p.i.IntermediateProofReplayer Proof replay took 14.5ns 
70422      INFO  main            d.u.i.k.p.r.p.TestFile    ... finished proof: closed. 
70680      INFO  main            d.u.i.k.p.i.AbstractProblemLoader Loading environment from /home/runner/work/key/key/key.core/../key.ui/examples/heap/block_contracts/Simple__square.key.proof 
70681      DEBUG main            d.u.i.k.p.i.AbstractProblemLoader Environment load took 1.3ms 
70683      INFO  main            d.u.i.k.p.i.AbstractProblemLoader Creating init config 
74624      DEBUG main            d.u.i.k.p.i.AbstractProblemLoader Init config took 3.94s 
74679      INFO  main            d.u.i.k.p.i.AbstractProblemLoader Replaying proof Simple[Simple::square(int)].JML operation contract.0 
74791      DEBUG main            d.u.i.k.p.i.IntermediateProofReplayer Proof replay took 106.91ms 
74793      DEBUG main            d.u.i.k.p.r.p.TestFile    ... success: reloaded. 
74794      INFO  main            d.u.i.k.p.r.p.TestFile    Now processing file /home/runner/work/key/key/key.core/../key.ui/examples/heap/block_contracts/Simple__unnecessaryBlockContract.key 
74795      INFO  main            d.u.i.k.p.i.AbstractProblemLoader Loading environment from /home/runner/work/key/key/key.core/../key.ui/examples/heap/block_contracts/Simple__unnecessaryBlockContract.key 
74796      DEBUG main            d.u.i.k.p.i.AbstractProblemLoader Environment load took 310.4ns 
74804      INFO  main            d.u.i.k.p.i.AbstractProblemLoader Creating init config 
78785      DEBUG main            d.u.i.k.p.i.AbstractProblemLoader Init config took 3.98s 
78839      INFO  main            d.u.i.k.p.i.AbstractProblemLoader Replaying proof Simple[Simple::unnecessaryBlockContract()].JML operation contract.0 
78842      DEBUG main            d.u.i.k.p.i.IntermediateProofReplayer Proof replay took 17.7ns 
78945      INFO  main            d.u.i.k.p.r.p.TestFile    ... finished proof: closed. 
79216      INFO  main            d.u.i.k.p.i.AbstractProblemLoader Loading environment from /home/runner/work/key/key/key.core/../key.ui/examples/heap/block_contracts/Simple__unnecessaryBlockContract.key.proof 
79217      DEBUG main            d.u.i.k.p.i.AbstractProblemLoader Environment load took 162.1ns 
79218      INFO  main            d.u.i.k.p.i.AbstractProblemLoader Creating init config 
83116      DEBUG main            d.u.i.k.p.i.AbstractProblemLoader Init config took 3.9s 
83168      INFO  main            d.u.i.k.p.i.AbstractProblemLoader Replaying proof Simple[Simple::unnecessaryBlockContract()].JML operation contract.0 
83200      DEBUG main            d.u.i.k.p.i.IntermediateProofReplayer Proof replay took 29.2ms 
83201      DEBUG main            d.u.i.k.p.r.p.TestFile    ... success: reloaded. 
83203      INFO  main            d.u.i.k.p.r.p.TestFile    Now processing file /home/runner/work/key/key/key.core/../key.ui/examples/heap/block_contracts/Simple__unnecessaryLoopInvariant.key 
83203      INFO  main            d.u.i.k.p.i.AbstractProblemLoader Loading environment from /home/runner/work/key/key/key.core/../key.ui/examples/heap/block_contracts/Simple__unnecessaryLoopInvariant.key 
83203      DEBUG main            d.u.i.k.p.i.AbstractProblemLoader Environment load took 208.2ns 
83205      INFO  main            d.u.i.k.p.i.AbstractProblemLoader Creating init config 
87054      DEBUG main            d.u.i.k.p.i.AbstractProblemLoader Init config took 3.85s 
87102      INFO  main            d.u.i.k.p.i.AbstractProblemLoader Replaying proof Simple[Simple::unnecessaryLoopInvariant()].JML operation contract.0 
87104      DEBUG main            d.u.i.k.p.i.IntermediateProofReplayer Proof replay took 12.5ns 
87208      INFO  main            d.u.i.k.p.r.p.TestFile    ... finished proof: closed. 
87479      INFO  main            d.u.i.k.p.i.AbstractProblemLoader Loading environment from /home/runner/work/key/key/key.core/../key.ui/examples/heap/block_contracts/Simple__unnecessaryLoopInvariant.key.proof 
87480      DEBUG main            d.u.i.k.p.i.AbstractProblemLoader Environment load took 139.2ns 
87481      INFO  main            d.u.i.k.p.i.AbstractProblemLoader Creating init config 
91194      DEBUG main            d.u.i.k.p.i.AbstractProblemLoader Init config took 3.71s 
91255      INFO  main            d.u.i.k.p.i.AbstractProblemLoader Replaying proof Simple[Simple::unnecessaryLoopInvariant()].JML operation contract.0 
91269      DEBUG main            d.u.i.k.p.i.IntermediateProofReplayer Proof replay took 11.9ms 
91270      DEBUG main            d.u.i.k.p.r.p.TestFile    ... success: reloaded. 
91272      INFO  main            d.u.i.k.p.r.p.TestFile    Now processing file /home/runner/work/key/key/key.core/../key.ui/examples/standard_key/java_dl/jml-assert/assert.key 
91273      INFO  main            d.u.i.k.p.i.AbstractProblemLoader Loading environment from /home/runner/work/key/key/key.core/../key.ui/examples/standard_key/java_dl/jml-assert/assert.key 
91274      DEBUG main            d.u.i.k.p.i.AbstractProblemLoader Environment load took 320.1ns 
91275      INFO  main            d.u.i.k.p.i.AbstractProblemLoader Creating init config 
94836      DEBUG main            d.u.i.k.p.i.AbstractProblemLoader Init config took 3.56s 
94895      INFO  main            d.u.i.k.p.i.AbstractProblemLoader Replaying proof Assert[Assert::createArray(int)].JML normal_behavior operation contract.0 
94900      DEBUG main            d.u.i.k.p.i.IntermediateProofReplayer Proof replay took 8.5ns 
95203      INFO  main            d.u.i.k.p.r.p.TestFile    ... finished proof: closed. 
95474      INFO  main            d.u.i.k.p.i.AbstractProblemLoader Loading environment from /home/runner/work/key/key/key.core/../key.ui/examples/standard_key/java_dl/jml-assert/assert.key.proof 
95474      DEBUG main            d.u.i.k.p.i.AbstractProblemLoader Environment load took 149.8ns 
95475      INFO  main            d.u.i.k.p.i.AbstractProblemLoader Creating init config 
98813      DEBUG main            d.u.i.k.p.i.AbstractProblemLoader Init config took 3.34s 
98868      INFO  main            d.u.i.k.p.i.AbstractProblemLoader Replaying proof Assert[Assert::createArray(int)].JML normal_behavior operation contract.0 
98925      DEBUG main            d.u.i.k.p.i.IntermediateProofReplayer Proof replay took 54.01ms 
98926      DEBUG main            d.u.i.k.p.r.p.TestFile    ... success: reloaded. 
98928      INFO  main            d.u.i.k.p.r.p.TestFile    Now processing file /home/runner/work/key/key/key.core/../key.ui/examples/standard_key/java_dl/jml-assert/assert_assume_order.key 
98928      INFO  main            d.u.i.k.p.i.AbstractProblemLoader Loading environment from /home/runner/work/key/key/key.core/../key.ui/examples/standard_key/java_dl/jml-assert/assert_assume_order.key 
98929      DEBUG main            d.u.i.k.p.i.AbstractProblemLoader Environment load took 156ns 
98930      INFO  main            d.u.i.k.p.i.AbstractProblemLoader Creating init config 
102280     DEBUG main            d.u.i.k.p.i.AbstractProblemLoader Init config took 3.35s 
102326     INFO  main            d.u.i.k.p.i.AbstractProblemLoader Replaying proof AssertAssume[AssertAssume::singleAssumeAssert(int)].JML normal_behavior operation contract.0 
102328     DEBUG main            d.u.i.k.p.i.IntermediateProofReplayer Proof replay took 8.4ns 
102432     INFO  main            d.u.i.k.p.r.p.TestFile    ... finished proof: closed. 
102692     INFO  main            d.u.i.k.p.i.AbstractProblemLoader Loading environment from /home/runner/work/key/key/key.core/../key.ui/examples/standard_key/java_dl/jml-assert/assert_assume_order.key.proof 
102692     DEBUG main            d.u.i.k.p.i.AbstractProblemLoader Environment load took 188.9ns 
102694     INFO  main            d.u.i.k.p.i.AbstractProblemLoader Creating init config 
106107     DEBUG main            d.u.i.k.p.i.AbstractProblemLoader Init config took 3.41s 
106155     INFO  main            d.u.i.k.p.i.AbstractProblemLoader Replaying proof AssertAssume[AssertAssume::singleAssumeAssert(int)].JML normal_behavior operation contract.0 
106170     DEBUG main            d.u.i.k.p.i.IntermediateProofReplayer Proof replay took 10.41ms 
106172     DEBUG main            d.u.i.k.p.r.p.TestFile    ... success: reloaded. 
106175     INFO  main            d.u.i.k.p.r.p.TestFile    Now processing file /home/runner/work/key/key/key.core/../key.ui/examples/heap/block_loop_contracts/SimpleVariants/sum_onBlock_external.key 
106175     INFO  main            d.u.i.k.p.i.AbstractProblemLoader Loading environment from /home/runner/work/key/key/key.core/../key.ui/examples/heap/block_loop_contracts/SimpleVariants/sum_onBlock_external.key 
106175     DEBUG main            d.u.i.k.p.i.AbstractProblemLoader Environment load took 135.1ns 
106176     INFO  main            d.u.i.k.p.i.AbstractProblemLoader Creating init config 
109974     DEBUG main            d.u.i.k.p.i.AbstractProblemLoader Init config took 3.8s 
110053     INFO  main            d.u.i.k.p.i.AbstractProblemLoader Replaying proof LoopContractExamplesAll[LoopContractExamplesAll::sum_loopContract_onBlock([I)].JML normal_behavior operation contract.0 
110056     DEBUG main            d.u.i.k.p.i.IntermediateProofReplayer Proof replay took 12.8ns 
110260     INFO  main            d.u.i.k.p.r.p.TestFile    ... finished proof: closed. 
110559     INFO  main            d.u.i.k.p.i.AbstractProblemLoader Loading environment from /home/runner/work/key/key/key.core/../key.ui/examples/heap/block_loop_contracts/SimpleVariants/sum_onBlock_external.key.proof 
110559     DEBUG main            d.u.i.k.p.i.AbstractProblemLoader Environment load took 144.3ns 
110561     INFO  main            d.u.i.k.p.i.AbstractProblemLoader Creating init config 
114241     DEBUG main            d.u.i.k.p.i.AbstractProblemLoader Init config took 3.68s 
114288     INFO  main            d.u.i.k.p.i.AbstractProblemLoader Replaying proof LoopContractExamplesAll[LoopContractExamplesAll::sum_loopContract_onBlock([I)].JML normal_behavior operation contract.0 
114334     DEBUG main            d.u.i.k.p.i.IntermediateProofReplayer Proof replay took 43.92ms 
114335     DEBUG main            d.u.i.k.p.r.p.TestFile    ... success: reloaded. 
114336     INFO  main            d.u.i.k.p.r.p.TestFile    Now processing file /home/runner/work/key/key/key.core/../key.ui/examples/heap/block_loop_contracts/SimpleVariants/sum_onBlock_internal.key 
114337     INFO  main            d.u.i.k.p.i.AbstractProblemLoader Loading environment from /home/runner/work/key/key/key.core/../key.ui/examples/heap/block_loop_contracts/SimpleVariants/sum_onBlock_internal.key 
114337     DEBUG main            d.u.i.k.p.i.AbstractProblemLoader Environment load took 77.3ns 
114338     INFO  main            d.u.i.k.p.i.AbstractProblemLoader Creating init config 
118104     DEBUG main            d.u.i.k.p.i.AbstractProblemLoader Init config took 3.77s 
118150     INFO  main            d.u.i.k.p.i.AbstractProblemLoader Replaying proof LoopContractExamplesAll[LoopContractExamplesAll::sum_loopContract_onBlock([I)].JML normal_behavior operation contract.0 
118153     DEBUG main            d.u.i.k.p.i.IntermediateProofReplayer Proof replay took 14ns 
118962     INFO  main            d.u.i.k.p.r.p.TestFile    ... finished proof: closed. 
119318     INFO  main            d.u.i.k.p.i.AbstractProblemLoader Loading environment from /home/runner/work/key/key/key.core/../key.ui/examples/heap/block_loop_contracts/SimpleVariants/sum_onBlock_internal.key.proof 
119318     DEBUG main            d.u.i.k.p.i.AbstractProblemLoader Environment load took 583.6ns 
119320     INFO  main            d.u.i.k.p.i.AbstractProblemLoader Creating init config 
122932     DEBUG main            d.u.i.k.p.i.AbstractProblemLoader Init config took 3.61s 
122978     INFO  main            d.u.i.k.p.i.AbstractProblemLoader Replaying proof LoopContractExamplesAll[LoopContractExamplesAll::sum_loopContract_onBlock([I)].JML normal_behavior operation contract.0 
123258     DEBUG main            d.u.i.k.p.i.IntermediateProofReplayer Proof replay took 270.57ms 
123259     DEBUG main            d.u.i.k.p.r.p.TestFile    ... success: reloaded. 
123261     INFO  main            d.u.i.k.p.r.p.TestFile    Now processing file /home/runner/work/key/key/key.core/../key.ui/examples/heap/block_loop_contracts/SimpleVariants/sum_onBlock_loop.key 
123261     INFO  main            d.u.i.k.p.i.AbstractProblemLoader Loading environment from /home/runner/work/key/key/key.core/../key.ui/examples/heap/block_loop_contracts/SimpleVariants/sum_onBlock_loop.key 
123261     DEBUG main            d.u.i.k.p.i.AbstractProblemLoader Environment load took 181.8ns 
123263     INFO  main            d.u.i.k.p.i.AbstractProblemLoader Creating init config 
126971     DEBUG main            d.u.i.k.p.i.AbstractProblemLoader Init config took 3.71s 
127022     INFO  main            d.u.i.k.p.i.AbstractProblemLoader Replaying proof LoopContractExamplesAll[LoopContractExamplesAll::sum_loopContract_onBlock([I)].JML normal_behavior loop contract.0 
127024     DEBUG main            d.u.i.k.p.i.IntermediateProofReplayer Proof replay took 16.4ns 
127962     INFO  main            d.u.i.k.p.r.p.TestFile    ... finished proof: closed. 
128406     INFO  main            d.u.i.k.p.i.AbstractProblemLoader Loading environment from /home/runner/work/key/key/key.core/../key.ui/examples/heap/block_loop_contracts/SimpleVariants/sum_onBlock_loop.key.proof 
128408     DEBUG main            d.u.i.k.p.i.AbstractProblemLoader Environment load took 2.17ms 
128409     INFO  main            d.u.i.k.p.i.AbstractProblemLoader Creating init config 
132074     DEBUG main            d.u.i.k.p.i.AbstractProblemLoader Init config took 3.66s 
132119     INFO  main            d.u.i.k.p.i.AbstractProblemLoader Replaying proof LoopContractExamplesAll[LoopContractExamplesAll::sum_loopContract_onBlock([I)].JML normal_behavior loop contract.0 
132361     DEBUG main            d.u.i.k.p.i.IntermediateProofReplayer Proof replay took 236.53ms 
132363     DEBUG main            d.u.i.k.p.r.p.TestFile    ... success: reloaded. 
132364     INFO  main            d.u.i.k.p.r.p.TestFile    Now processing file /home/runner/work/key/key/key.core/../key.ui/examples/heap/block_loop_contracts/SimpleVariants/sum_onLoop_external.key 
132365     INFO  main            d.u.i.k.p.i.AbstractProblemLoader Loading environment from /home/runner/work/key/key/key.core/../key.ui/examples/heap/block_loop_contracts/SimpleVariants/sum_onLoop_external.key 
132365     DEBUG main            d.u.i.k.p.i.AbstractProblemLoader Environment load took 287.7ns 
132366     INFO  main            d.u.i.k.p.i.AbstractProblemLoader Creating init config 
136033     DEBUG main            d.u.i.k.p.i.AbstractProblemLoader Init config took 3.67s 
136105     INFO  main            d.u.i.k.p.i.AbstractProblemLoader Replaying proof LoopContractExamplesAll[LoopContractExamplesAll::sum_loopContract_onLoop([I)].JML normal_behavior operation contract.0 
136109     DEBUG main            d.u.i.k.p.i.IntermediateProofReplayer Proof replay took 29ns 
136312     INFO  main            d.u.i.k.p.r.p.TestFile    ... finished proof: closed. 
136744     INFO  main            d.u.i.k.p.i.AbstractProblemLoader Loading environment from /home/runner/work/key/key/key.core/../key.ui/examples/heap/block_loop_contracts/SimpleVariants/sum_onLoop_external.key.proof 
136744     DEBUG main            d.u.i.k.p.i.AbstractProblemLoader Environment load took 181ns 
136746     INFO  main            d.u.i.k.p.i.AbstractProblemLoader Creating init config 
140449     DEBUG main            d.u.i.k.p.i.AbstractProblemLoader Init config took 3.7s 
140502     INFO  main            d.u.i.k.p.i.AbstractProblemLoader Replaying proof LoopContractExamplesAll[LoopContractExamplesAll::sum_loopContract_onLoop([I)].JML normal_behavior operation contract.0 
140539     DEBUG main            d.u.i.k.p.i.IntermediateProofReplayer Proof replay took 34.72ms 
140541     DEBUG main            d.u.i.k.p.r.p.TestFile    ... success: reloaded. 
140542     INFO  main            d.u.i.k.p.r.p.TestFile    Now processing file /home/runner/work/key/key/key.core/../key.ui/examples/heap/block_loop_contracts/SimpleVariants/sum_onLoop_internal.key 
140542     INFO  main            d.u.i.k.p.i.AbstractProblemLoader Loading environment from /home/runner/work/key/key/key.core/../key.ui/examples/heap/block_loop_contracts/SimpleVariants/sum_onLoop_internal.key 
140542     DEBUG main            d.u.i.k.p.i.AbstractProblemLoader Environment load took 107.1ns 
140543     INFO  main            d.u.i.k.p.i.AbstractProblemLoader Creating init config 
144265     DEBUG main            d.u.i.k.p.i.AbstractProblemLoader Init config took 3.72s 
144309     INFO  main            d.u.i.k.p.i.AbstractProblemLoader Replaying proof LoopContractExamplesAll[LoopContractExamplesAll::sum_loopContract_onLoop([I)].JML normal_behavior operation contract.0 
144311     DEBUG main            d.u.i.k.p.i.IntermediateProofReplayer Proof replay took 13.9ns 
145115     INFO  main            d.u.i.k.p.r.p.TestFile    ... finished proof: closed. 
145501     INFO  main            d.u.i.k.p.i.AbstractProblemLoader Loading environment from /home/runner/work/key/key/key.core/../key.ui/examples/heap/block_loop_contracts/SimpleVariants/sum_onLoop_internal.key.proof 
145502     DEBUG main            d.u.i.k.p.i.AbstractProblemLoader Environment load took 788.3ns 
145503     INFO  main            d.u.i.k.p.i.AbstractProblemLoader Creating init config 
149110     DEBUG main            d.u.i.k.p.i.AbstractProblemLoader Init config took 3.61s 
149157     INFO  main            d.u.i.k.p.i.AbstractProblemLoader Replaying proof LoopContractExamplesAll[LoopContractExamplesAll::sum_loopContract_onLoop([I)].JML normal_behavior operation contract.0 
149401     DEBUG main            d.u.i.k.p.i.IntermediateProofReplayer Proof replay took 239.3ms 
149402     DEBUG main            d.u.i.k.p.r.p.TestFile    ... success: reloaded. 
149404     INFO  main            d.u.i.k.p.r.p.TestFile    Now processing file /home/runner/work/key/key/key.core/../key.ui/examples/heap/block_loop_contracts/SimpleVariants/sum_onLoop_loop.key 
149404     INFO  main            d.u.i.k.p.i.AbstractProblemLoader Loading environment from /home/runner/work/key/key/key.core/../key.ui/examples/heap/block_loop_contracts/SimpleVariants/sum_onLoop_loop.key 
149404     DEBUG main            d.u.i.k.p.i.AbstractProblemLoader Environment load took 177.3ns 
149405     INFO  main            d.u.i.k.p.i.AbstractProblemLoader Creating init config 
153180     DEBUG main            d.u.i.k.p.i.AbstractProblemLoader Init config took 3.77s 
153226     INFO  main            d.u.i.k.p.i.AbstractProblemLoader Replaying proof LoopContractExamplesAll[LoopContractExamplesAll::sum_loopContract_onLoop([I)].JML normal_behavior loop contract.0 
153229     DEBUG main            d.u.i.k.p.i.IntermediateProofReplayer Proof replay took 15.8ns 
154140     INFO  main            d.u.i.k.p.r.p.TestFile    ... finished proof: closed. 
154524     INFO  main            d.u.i.k.p.i.AbstractProblemLoader Loading environment from /home/runner/work/key/key/key.core/../key.ui/examples/heap/block_loop_contracts/SimpleVariants/sum_onLoop_loop.key.proof 
154525     DEBUG main            d.u.i.k.p.i.AbstractProblemLoader Environment load took 806.8ns 
154526     INFO  main            d.u.i.k.p.i.AbstractProblemLoader Creating init config 
158068     DEBUG main            d.u.i.k.p.i.AbstractProblemLoader Init config took 3.54s 
158112     INFO  main            d.u.i.k.p.i.AbstractProblemLoader Replaying proof LoopContractExamplesAll[LoopContractExamplesAll::sum_loopContract_onLoop([I)].JML normal_behavior loop contract.0 
158363     DEBUG main            d.u.i.k.p.i.IntermediateProofReplayer Proof replay took 245.23ms 
158365     DEBUG main            d.u.i.k.p.r.p.TestFile    ... success: reloaded. 
158366     INFO  main            d.u.i.k.p.r.p.TestFile    Now processing file /home/runner/work/key/key/key.core/../key.ui/examples/heap/block_loop_contracts/Free/blockContracts0.key 
158366     INFO  main            d.u.i.k.p.i.AbstractProblemLoader Loading environment from /home/runner/work/key/key/key.core/../key.ui/examples/heap/block_loop_contracts/Free/blockContracts0.key 
158366     DEBUG main            d.u.i.k.p.i.AbstractProblemLoader Environment load took 163ns 
158368     INFO  main            d.u.i.k.p.i.AbstractProblemLoader Creating init config 
161562     DEBUG main            d.u.i.k.p.i.AbstractProblemLoader Init config took 3.19s 
161603     INFO  main            d.u.i.k.p.i.AbstractProblemLoader Replaying proof FreeConditions[FreeConditions::blockContract0()].JML normal_behavior operation contract.0 
161605     DEBUG main            d.u.i.k.p.i.IntermediateProofReplayer Proof replay took 15.2ns 
161708     INFO  main            d.u.i.k.p.r.p.TestFile    ... finished proof: closed. 
162087     INFO  main            d.u.i.k.p.i.AbstractProblemLoader Loading environment from /home/runner/work/key/key/key.core/../key.ui/examples/heap/block_loop_contracts/Free/blockContracts0.key.proof 
162087     DEBUG main            d.u.i.k.p.i.AbstractProblemLoader Environment load took 146.5ns 
162088     INFO  main            d.u.i.k.p.i.AbstractProblemLoader Creating init config 
165218     DEBUG main            d.u.i.k.p.i.AbstractProblemLoader Init config took 3.13s 
165261     INFO  main            d.u.i.k.p.i.AbstractProblemLoader Replaying proof FreeConditions[FreeConditions::blockContract0()].JML normal_behavior operation contract.0 
165289     DEBUG main            d.u.i.k.p.i.IntermediateProofReplayer Proof replay took 26.07ms 
165291     DEBUG main            d.u.i.k.p.r.p.TestFile    ... success: reloaded. 
165292     INFO  main            d.u.i.k.p.r.p.TestFile    Now processing file /home/runner/work/key/key/key.core/../key.ui/examples/heap/block_loop_contracts/Free/blockContracts1.key 
165292     INFO  main            d.u.i.k.p.i.AbstractProblemLoader Loading environment from /home/runner/work/key/key/key.core/../key.ui/examples/heap/block_loop_contracts/Free/blockContracts1.key 
165292     DEBUG main            d.u.i.k.p.i.AbstractProblemLoader Environment load took 134.8ns 
165294     INFO  main            d.u.i.k.p.i.AbstractProblemLoader Creating init config 
168489     DEBUG main            d.u.i.k.p.i.AbstractProblemLoader Init config took 3.2s 
168555     INFO  main            d.u.i.k.p.i.AbstractProblemLoader Replaying proof FreeConditions[FreeConditions::blockContract1()].JML normal_behavior operation contract.0 
168557     DEBUG main            d.u.i.k.p.i.IntermediateProofReplayer Proof replay took 16ns 
168660     INFO  main            d.u.i.k.p.r.p.TestFile    ... finished proof: closed. 
169015     INFO  main            d.u.i.k.p.i.AbstractProblemLoader Loading environment from /home/runner/work/key/key/key.core/../key.ui/examples/heap/block_loop_contracts/Free/blockContracts1.key.proof 
169015     DEBUG main            d.u.i.k.p.i.AbstractProblemLoader Environment load took 145.9ns 
169017     INFO  main            d.u.i.k.p.i.AbstractProblemLoader Creating init config 
172067     DEBUG main            d.u.i.k.p.i.AbstractProblemLoader Init config took 3.05s 
172112     INFO  main            d.u.i.k.p.i.AbstractProblemLoader Replaying proof FreeConditions[FreeConditions::blockContract1()].JML normal_behavior operation contract.0 
172136     DEBUG main            d.u.i.k.p.i.IntermediateProofReplayer Proof replay took 19.69ms 
172138     DEBUG main            d.u.i.k.p.r.p.TestFile    ... success: reloaded. 
172139     INFO  main            d.u.i.k.p.r.p.TestFile    Now processing file /home/runner/work/key/key/key.core/../key.ui/examples/heap/block_loop_contracts/Finally/block_finally.key 
172140     INFO  main            d.u.i.k.p.i.AbstractProblemLoader Loading environment from /home/runner/work/key/key/key.core/../key.ui/examples/heap/block_loop_contracts/Finally/block_finally.key 
172140     DEBUG main            d.u.i.k.p.i.AbstractProblemLoader Environment load took 311.8ns 
172141     INFO  main            d.u.i.k.p.i.AbstractProblemLoader Creating init config 
175305     DEBUG main            d.u.i.k.p.i.AbstractProblemLoader Init config took 3.16s 
175350     INFO  main            d.u.i.k.p.i.AbstractProblemLoader Replaying proof AuxiliaryContractsFinally[AuxiliaryContractsFinally::breakThrowContinueBlockContract(java.lang.Exception)].JML block contract.0 
175353     DEBUG main            d.u.i.k.p.i.IntermediateProofReplayer Proof replay took 13.9ns 
175958     INFO  main            d.u.i.k.p.r.p.TestFile    ... finished proof: open goal(s) 
176371     INFO  main            d.u.i.k.p.r.p.TestFile    Now processing file /home/runner/work/key/key/key.core/../key.ui/examples/heap/block_loop_contracts/Finally/loop_finally.key 
176371     INFO  main            d.u.i.k.p.i.AbstractProblemLoader Loading environment from /home/runner/work/key/key/key.core/../key.ui/examples/heap/block_loop_contracts/Finally/loop_finally.key 
176372     DEBUG main            d.u.i.k.p.i.AbstractProblemLoader Environment load took 590.6ns 
176373     INFO  main            d.u.i.k.p.i.AbstractProblemLoader Creating init config 
179546     DEBUG main            d.u.i.k.p.i.AbstractProblemLoader Init config took 3.17s 
179597     INFO  main            d.u.i.k.p.i.AbstractProblemLoader Replaying proof AuxiliaryContractsFinally[AuxiliaryContractsFinally::breakThrowContinueLoopContract(java.lang.Exception)].JML normal_behavior loop contract.0 
179601     DEBUG main            d.u.i.k.p.i.IntermediateProofReplayer Proof replay took 15.1ns 
180449     INFO  main            d.u.i.k.p.r.p.TestFile    ... finished proof: open goal(s) 
835587     INFO  Test worker     d.u.i.k.p.r.RunAllProofsTestUnit Returning from test blockContracts 
835590     INFO  Test worker     d.u.i.k.p.r.RunAllProofsTestUnit Running test jmlAsserts 
411        INFO  Timeout watchdog d.u.i.k.p.r.p.ForkedTestFileRunner Timeout watcher launched (2000 secs.) 
434        WARN  main            d.u.i.k.s.ProofSettings   The settings in /home/runner/.key/proof-settings.props are *not* read. 
482        INFO  main            d.u.i.k.p.r.p.TestFile    Now processing file /home/runner/work/key/key/key.core/../key.ui/examples/standard_key/java_dl/jml-assert/assert.key 
649        INFO  main            d.u.i.k.p.i.AbstractProblemLoader Loading environment from /home/runner/work/key/key/key.core/../key.ui/examples/standard_key/java_dl/jml-assert/assert.key 
672        DEBUG main            d.u.i.k.p.i.AbstractProblemLoader Environment load took 3.09ms 
964        INFO  main            d.u.i.k.p.i.AbstractProblemLoader Creating init config 
2337       DEBUG main            d.u.i.k.j.TypeConverter   No LDT found for Meta 
2338       DEBUG main            d.u.i.k.j.TypeConverter   No LDT found for Meta 
2342       DEBUG main            d.u.i.k.j.TypeConverter   No LDT found for Meta 
2342       DEBUG main            d.u.i.k.j.TypeConverter   No LDT found for Meta 
4333       DEBUG main            d.u.i.k.j.TypeConverter   No LDT found for JavaBigintExpression 
10902      DEBUG main            d.u.i.k.p.i.AbstractProblemLoader Init config took 9.94s 
11159      INFO  main            d.u.i.k.p.i.AbstractProblemLoader Replaying proof Assert[Assert::createArray(int)].JML normal_behavior operation contract.0 
11220      DEBUG main            d.u.i.k.p.i.IntermediateProofReplayer Proof replay took 37.5ns 
12460      INFO  main            d.u.i.k.p.r.p.TestFile    ... finished proof: closed. 
12625      INFO  main            d.u.i.k.p.i.AbstractProblemLoader Loading environment from /home/runner/work/key/key/key.core/../key.ui/examples/standard_key/java_dl/jml-assert/assert.key.proof 
12626      DEBUG main            d.u.i.k.p.i.AbstractProblemLoader Environment load took 778.1ns 
12629      INFO  main            d.u.i.k.p.i.AbstractProblemLoader Creating init config 
16390      DEBUG main            d.u.i.k.p.i.AbstractProblemLoader Init config took 3.76s 
16509      INFO  main            d.u.i.k.p.i.AbstractProblemLoader Replaying proof Assert[Assert::createArray(int)].JML normal_behavior operation contract.0 
16673      DEBUG main            d.u.i.k.p.i.IntermediateProofReplayer Proof replay took 155.4ms 
16684      DEBUG main            d.u.i.k.p.r.p.TestFile    ... success: reloaded. 
16690      INFO  main            d.u.i.k.p.r.p.TestFile    Now processing file /home/runner/work/key/key/key.core/../key.ui/examples/heap/block_loop_contracts/Free/assertions0.key 
16691      INFO  main            d.u.i.k.p.i.AbstractProblemLoader Loading environment from /home/runner/work/key/key/key.core/../key.ui/examples/heap/block_loop_contracts/Free/assertions0.key 
16691      DEBUG main            d.u.i.k.p.i.AbstractProblemLoader Environment load took 163.6ns 
16696      INFO  main            d.u.i.k.p.i.AbstractProblemLoader Creating init config 
20319      DEBUG main            d.u.i.k.p.i.AbstractProblemLoader Init config took 3.62s 
20413      INFO  main            d.u.i.k.p.i.AbstractProblemLoader Replaying proof FreeConditions[FreeConditions::assertions0()].JML normal_behavior operation contract.0 
20422      DEBUG main            d.u.i.k.p.i.IntermediateProofReplayer Proof replay took 18.8ns 
20726      INFO  main            d.u.i.k.p.r.p.TestFile    ... finished proof: closed. 
20984      INFO  main            d.u.i.k.p.i.AbstractProblemLoader Loading environment from /home/runner/work/key/key/key.core/../key.ui/examples/heap/block_loop_contracts/Free/assertions0.key.proof 
20985      DEBUG main            d.u.i.k.p.i.AbstractProblemLoader Environment load took 926.81ns 
20987      INFO  main            d.u.i.k.p.i.AbstractProblemLoader Creating init config 
24306      DEBUG main            d.u.i.k.p.i.AbstractProblemLoader Init config took 3.32s 
24369      INFO  main            d.u.i.k.p.i.AbstractProblemLoader Replaying proof FreeConditions[FreeConditions::assertions0()].JML normal_behavior operation contract.0 
24400      DEBUG main            d.u.i.k.p.i.IntermediateProofReplayer Proof replay took 27.21ms 
24402      DEBUG main            d.u.i.k.p.r.p.TestFile    ... success: reloaded. 
24404      INFO  main            d.u.i.k.p.r.p.TestFile    Now processing file /home/runner/work/key/key/key.core/../key.ui/examples/heap/block_loop_contracts/Free/assertions1.key 
24404      INFO  main            d.u.i.k.p.i.AbstractProblemLoader Loading environment from /home/runner/work/key/key/key.core/../key.ui/examples/heap/block_loop_contracts/Free/assertions1.key 
24405      DEBUG main            d.u.i.k.p.i.AbstractProblemLoader Environment load took 345.3ns 
24407      INFO  main            d.u.i.k.p.i.AbstractProblemLoader Creating init config 
27827      DEBUG main            d.u.i.k.p.i.AbstractProblemLoader Init config took 3.42s 
27893      INFO  main            d.u.i.k.p.i.AbstractProblemLoader Replaying proof FreeConditions[FreeConditions::assertions1()].JML normal_behavior operation contract.0 
27896      DEBUG main            d.u.i.k.p.i.IntermediateProofReplayer Proof replay took 14.6ns 
27999      INFO  main            d.u.i.k.p.r.p.TestFile    ... finished proof: closed. 
28230      INFO  main            d.u.i.k.p.i.AbstractProblemLoader Loading environment from /home/runner/work/key/key/key.core/../key.ui/examples/heap/block_loop_contracts/Free/assertions1.key.proof 
28230      DEBUG main            d.u.i.k.p.i.AbstractProblemLoader Environment load took 154.8ns 
28231      INFO  main            d.u.i.k.p.i.AbstractProblemLoader Creating init config 
31461      DEBUG main            d.u.i.k.p.i.AbstractProblemLoader Init config took 3.23s 
31523      INFO  main            d.u.i.k.p.i.AbstractProblemLoader Replaying proof FreeConditions[FreeConditions::assertions1()].JML normal_behavior operation contract.0 
31534      DEBUG main            d.u.i.k.p.i.IntermediateProofReplayer Proof replay took 7.02ms 
31535      DEBUG main            d.u.i.k.p.r.p.TestFile    ... success: reloaded. 
31537      INFO  main            d.u.i.k.p.r.p.TestFile    Now processing file /home/runner/work/key/key/key.core/../key.ui/examples/standard_key/java_dl/jml-assert/recursion-assert.key 
31537      INFO  main            d.u.i.k.p.i.AbstractProblemLoader Loading environment from /home/runner/work/key/key/key.core/../key.ui/examples/standard_key/java_dl/jml-assert/recursion-assert.key 
31538      DEBUG main            d.u.i.k.p.i.AbstractProblemLoader Environment load took 294.5ns 
31539      INFO  main            d.u.i.k.p.i.AbstractProblemLoader Creating init config 
34961      DEBUG main            d.u.i.k.p.i.AbstractProblemLoader Init config took 3.42s 
35020      INFO  main            d.u.i.k.p.i.AbstractProblemLoader Replaying proof RecursiveMethod[RecursiveMethod::fac1(int)].JML normal_behavior operation contract.0 
35024      DEBUG main            d.u.i.k.p.i.IntermediateProofReplayer Proof replay took 7.4ns 
35331      INFO  main            d.u.i.k.p.r.p.TestFile    ... finished proof: closed. 
35551      INFO  main            d.u.i.k.p.i.AbstractProblemLoader Loading environment from /home/runner/work/key/key/key.core/../key.ui/examples/standard_key/java_dl/jml-assert/recursion-assert.key.proof 
35552      DEBUG main            d.u.i.k.p.i.AbstractProblemLoader Environment load took 615.71ns 
35554      INFO  main            d.u.i.k.p.i.AbstractProblemLoader Creating init config 
38975      DEBUG main            d.u.i.k.p.i.AbstractProblemLoader Init config took 3.42s 
39036      INFO  main            d.u.i.k.p.i.AbstractProblemLoader Replaying proof RecursiveMethod[RecursiveMethod::fac1(int)].JML normal_behavior operation contract.0 
39093      DEBUG main            d.u.i.k.p.i.IntermediateProofReplayer Proof replay took 52.56ms 
39094      DEBUG main            d.u.i.k.p.r.p.TestFile    ... success: reloaded. 
39096      INFO  main            d.u.i.k.p.r.p.TestFile    Now processing file /home/runner/work/key/key/key.core/../key.ui/examples/standard_key/java_dl/jml-assert/recursion-assume.key 
39096      INFO  main            d.u.i.k.p.i.AbstractProblemLoader Loading environment from /home/runner/work/key/key/key.core/../key.ui/examples/standard_key/java_dl/jml-assert/recursion-assume.key 
39097      DEBUG main            d.u.i.k.p.i.AbstractProblemLoader Environment load took 299.5ns 
39098      INFO  main            d.u.i.k.p.i.AbstractProblemLoader Creating init config 
42509      DEBUG main            d.u.i.k.p.i.AbstractProblemLoader Init config took 3.41s 
42577      INFO  main            d.u.i.k.p.i.AbstractProblemLoader Replaying proof RecursiveMethod[RecursiveMethod::fac2(int)].JML normal_behavior operation contract.0 
42579      DEBUG main            d.u.i.k.p.i.IntermediateProofReplayer Proof replay took 8.2ns 
42782      INFO  main            d.u.i.k.p.r.p.TestFile    ... finished proof: closed. 
43010      INFO  main            d.u.i.k.p.i.AbstractProblemLoader Loading environment from /home/runner/work/key/key/key.core/../key.ui/examples/standard_key/java_dl/jml-assert/recursion-assume.key.proof 
43011      DEBUG main            d.u.i.k.p.i.AbstractProblemLoader Environment load took 1.22ms 
43014      INFO  main            d.u.i.k.p.i.AbstractProblemLoader Creating init config 
46399      DEBUG main            d.u.i.k.p.i.AbstractProblemLoader Init config took 3.39s 
46457      INFO  main            d.u.i.k.p.i.AbstractProblemLoader Replaying proof RecursiveMethod[RecursiveMethod::fac2(int)].JML normal_behavior operation contract.0 
46510      DEBUG main            d.u.i.k.p.i.IntermediateProofReplayer Proof replay took 48.82ms 
46512      DEBUG main            d.u.i.k.p.r.p.TestFile    ... success: reloaded. 
46513      INFO  main            d.u.i.k.p.r.p.TestFile    Now processing file /home/runner/work/key/key/key.core/../key.ui/examples/standard_key/java_dl/jml-assert/quantor-assert.key 
46514      INFO  main            d.u.i.k.p.i.AbstractProblemLoader Loading environment from /home/runner/work/key/key/key.core/../key.ui/examples/standard_key/java_dl/jml-assert/quantor-assert.key 
46514      DEBUG main            d.u.i.k.p.i.AbstractProblemLoader Environment load took 310.1ns 
46515      INFO  main            d.u.i.k.p.i.AbstractProblemLoader Creating init config 
49914      DEBUG main            d.u.i.k.p.i.AbstractProblemLoader Init config took 3.4s 
49997      INFO  main            d.u.i.k.p.i.AbstractProblemLoader Replaying proof Quantor[Quantor::square1(int)].JML normal_behavior operation contract.0 
49999      DEBUG main            d.u.i.k.p.i.IntermediateProofReplayer Proof replay took 7.7ns 
50202      INFO  main            d.u.i.k.p.r.p.TestFile    ... finished proof: closed. 
50434      INFO  main            d.u.i.k.p.i.AbstractProblemLoader Loading environment from /home/runner/work/key/key/key.core/../key.ui/examples/standard_key/java_dl/jml-assert/quantor-assert.key.proof 
50434      DEBUG main            d.u.i.k.p.i.AbstractProblemLoader Environment load took 682.3ns 
50436      INFO  main            d.u.i.k.p.i.AbstractProblemLoader Creating init config 
53721      DEBUG main            d.u.i.k.p.i.AbstractProblemLoader Init config took 3.28s 
53777      INFO  main            d.u.i.k.p.i.AbstractProblemLoader Replaying proof Quantor[Quantor::square1(int)].JML normal_behavior operation contract.0 
53799      DEBUG main            d.u.i.k.p.i.IntermediateProofReplayer Proof replay took 18.64ms 
53801      DEBUG main            d.u.i.k.p.r.p.TestFile    ... success: reloaded. 
53802      INFO  main            d.u.i.k.p.r.p.TestFile    Now processing file /home/runner/work/key/key/key.core/../key.ui/examples/standard_key/java_dl/jml-assert/quantor-assume.key 
53802      INFO  main            d.u.i.k.p.i.AbstractProblemLoader Loading environment from /home/runner/work/key/key/key.core/../key.ui/examples/standard_key/java_dl/jml-assert/quantor-assume.key 
53803      DEBUG main            d.u.i.k.p.i.AbstractProblemLoader Environment load took 293.31ns 
53804      INFO  main            d.u.i.k.p.i.AbstractProblemLoader Creating init config 
57131      DEBUG main            d.u.i.k.p.i.AbstractProblemLoader Init config took 3.33s 
57187      INFO  main            d.u.i.k.p.i.AbstractProblemLoader Replaying proof Quantor[Quantor::square2(int)].JML normal_behavior operation contract.0 
57189      DEBUG main            d.u.i.k.p.i.IntermediateProofReplayer Proof replay took 8.7ns 
57292      INFO  main            d.u.i.k.p.r.p.TestFile    ... finished proof: closed. 
57653      INFO  main            d.u.i.k.p.i.AbstractProblemLoader Loading environment from /home/runner/work/key/key/key.core/../key.ui/examples/standard_key/java_dl/jml-assert/quantor-assume.key.proof 
57654      DEBUG main            d.u.i.k.p.i.AbstractProblemLoader Environment load took 1.11ms 
57655      INFO  main            d.u.i.k.p.i.AbstractProblemLoader Creating init config 
60897      DEBUG main            d.u.i.k.p.i.AbstractProblemLoader Init config took 3.24s 
60973      INFO  main            d.u.i.k.p.i.AbstractProblemLoader Replaying proof Quantor[Quantor::square2(int)].JML normal_behavior operation contract.0 
60995      DEBUG main            d.u.i.k.p.i.IntermediateProofReplayer Proof replay took 19.96ms 
60997      DEBUG main            d.u.i.k.p.r.p.TestFile    ... success: reloaded. 
61000      INFO  main            d.u.i.k.p.r.p.TestFile    Now processing file /home/runner/work/key/key/key.core/../key.ui/examples/standard_key/java_dl/jml-assert/model-methods-static-static.key 
61000      INFO  main            d.u.i.k.p.i.AbstractProblemLoader Loading environment from /home/runner/work/key/key/key.core/../key.ui/examples/standard_key/java_dl/jml-assert/model-methods-static-static.key 
61001      DEBUG main            d.u.i.k.p.i.AbstractProblemLoader Environment load took 342.4ns 
61002      INFO  main            d.u.i.k.p.i.AbstractProblemLoader Creating init config 
64345      DEBUG main            d.u.i.k.p.i.AbstractProblemLoader Init config took 3.34s 
64397      INFO  main            d.u.i.k.p.i.AbstractProblemLoader Replaying proof ModelMethods[ModelMethods::test1()].JML normal_behavior operation contract.0 
64398      DEBUG main            d.u.i.k.p.i.IntermediateProofReplayer Proof replay took 7.5ns 
64501      INFO  main            d.u.i.k.p.r.p.TestFile    ... finished proof: closed. 
64769      INFO  main            d.u.i.k.p.i.AbstractProblemLoader Loading environment from /home/runner/work/key/key/key.core/../key.ui/examples/standard_key/java_dl/jml-assert/model-methods-static-static.key.proof 
64769      DEBUG main            d.u.i.k.p.i.AbstractProblemLoader Environment load took 145.5ns 
64770      INFO  main            d.u.i.k.p.i.AbstractProblemLoader Creating init config 
68125      DEBUG main            d.u.i.k.p.i.AbstractProblemLoader Init config took 3.36s 
68183      INFO  main            d.u.i.k.p.i.AbstractProblemLoader Replaying proof ModelMethods[ModelMethods::test1()].JML normal_behavior operation contract.0 
68195      DEBUG main            d.u.i.k.p.i.IntermediateProofReplayer Proof replay took 8.66ms 
68196      DEBUG main            d.u.i.k.p.r.p.TestFile    ... success: reloaded. 
68197      INFO  main            d.u.i.k.p.r.p.TestFile    Now processing file /home/runner/work/key/key/key.core/../key.ui/examples/standard_key/java_dl/jml-assert/model-methods-instance-static.key 
68198      INFO  main            d.u.i.k.p.i.AbstractProblemLoader Loading environment from /home/runner/work/key/key/key.core/../key.ui/examples/standard_key/java_dl/jml-assert/model-methods-instance-static.key 
68198      DEBUG main            d.u.i.k.p.i.AbstractProblemLoader Environment load took 116.8ns 
68199      INFO  main            d.u.i.k.p.i.AbstractProblemLoader Creating init config 
71497      DEBUG main            d.u.i.k.p.i.AbstractProblemLoader Init config took 3.3s 
71552      INFO  main            d.u.i.k.p.i.AbstractProblemLoader Replaying proof ModelMethods[ModelMethods::test2()].JML normal_behavior operation contract.0 
71554      DEBUG main            d.u.i.k.p.i.IntermediateProofReplayer Proof replay took 7.2ns 
71657      INFO  main            d.u.i.k.p.r.p.TestFile    ... finished proof: closed. 
71929      INFO  main            d.u.i.k.p.i.AbstractProblemLoader Loading environment from /home/runner/work/key/key/key.core/../key.ui/examples/standard_key/java_dl/jml-assert/model-methods-instance-static.key.proof 
71931      DEBUG main            d.u.i.k.p.i.AbstractProblemLoader Environment load took 2.05ms 
71932      INFO  main            d.u.i.k.p.i.AbstractProblemLoader Creating init config 
75287      DEBUG main            d.u.i.k.p.i.AbstractProblemLoader Init config took 3.35s 
75335      INFO  main            d.u.i.k.p.i.AbstractProblemLoader Replaying proof ModelMethods[ModelMethods::test2()].JML normal_behavior operation contract.0 
75349      DEBUG main            d.u.i.k.p.i.IntermediateProofReplayer Proof replay took 11.58ms 
75350      DEBUG main            d.u.i.k.p.r.p.TestFile    ... success: reloaded. 
75352      INFO  main            d.u.i.k.p.r.p.TestFile    Now processing file /home/runner/work/key/key/key.core/../key.ui/examples/standard_key/java_dl/jml-assert/model-methods-instance-instance.key 
75352      INFO  main            d.u.i.k.p.i.AbstractProblemLoader Loading environment from /home/runner/work/key/key/key.core/../key.ui/examples/standard_key/java_dl/jml-assert/model-methods-instance-instance.key 
75353      DEBUG main            d.u.i.k.p.i.AbstractProblemLoader Environment load took 325.4ns 
75354      INFO  main            d.u.i.k.p.i.AbstractProblemLoader Creating init config 
78679      DEBUG main            d.u.i.k.p.i.AbstractProblemLoader Init config took 3.33s 
78730      INFO  main            d.u.i.k.p.i.AbstractProblemLoader Replaying proof ModelMethods[ModelMethods::test3()].JML normal_behavior operation contract.0 
78732      DEBUG main            d.u.i.k.p.i.IntermediateProofReplayer Proof replay took 7.8ns 
78837      INFO  main            d.u.i.k.p.r.p.TestFile    ... finished proof: closed. 
79105      INFO  main            d.u.i.k.p.i.AbstractProblemLoader Loading environment from /home/runner/work/key/key/key.core/../key.ui/examples/standard_key/java_dl/jml-assert/model-methods-instance-instance.key.proof 
79105      DEBUG main            d.u.i.k.p.i.AbstractProblemLoader Environment load took 128.5ns 
79107      INFO  main            d.u.i.k.p.i.AbstractProblemLoader Creating init config 
82337      DEBUG main            d.u.i.k.p.i.AbstractProblemLoader Init config took 3.23s 
82392      INFO  main            d.u.i.k.p.i.AbstractProblemLoader Replaying proof ModelMethods[ModelMethods::test3()].JML normal_behavior operation contract.0 
82408      DEBUG main            d.u.i.k.p.i.IntermediateProofReplayer Proof replay took 12.88ms 
82409      DEBUG main            d.u.i.k.p.r.p.TestFile    ... success: reloaded. 
82410      INFO  main            d.u.i.k.p.r.p.TestFile    Now processing file /home/runner/work/key/key/key.core/../key.ui/examples/standard_key/java_dl/jml-assert/model-methods-static-instance.key 
82411      INFO  main            d.u.i.k.p.i.AbstractProblemLoader Loading environment from /home/runner/work/key/key/key.core/../key.ui/examples/standard_key/java_dl/jml-assert/model-methods-static-instance.key 
82411      DEBUG main            d.u.i.k.p.i.AbstractProblemLoader Environment load took 194.4ns 
82412      INFO  main            d.u.i.k.p.i.AbstractProblemLoader Creating init config 
85700      DEBUG main            d.u.i.k.p.i.AbstractProblemLoader Init config took 3.29s 
85746      INFO  main            d.u.i.k.p.i.AbstractProblemLoader Replaying proof ModelMethods[ModelMethods::test4()].JML normal_behavior operation contract.0 
85747      DEBUG main            d.u.i.k.p.i.IntermediateProofReplayer Proof replay took 7.2ns 
85954      INFO  main            d.u.i.k.p.r.p.TestFile    ... finished proof: closed. 
86240      INFO  main            d.u.i.k.p.i.AbstractProblemLoader Loading environment from /home/runner/work/key/key/key.core/../key.ui/examples/standard_key/java_dl/jml-assert/model-methods-static-instance.key.proof 
86242      DEBUG main            d.u.i.k.p.i.AbstractProblemLoader Environment load took 1.41ms 
86244      INFO  main            d.u.i.k.p.i.AbstractProblemLoader Creating init config 
89538      DEBUG main            d.u.i.k.p.i.AbstractProblemLoader Init config took 3.29s 
89586      INFO  main            d.u.i.k.p.i.AbstractProblemLoader Replaying proof ModelMethods[ModelMethods::test4()].JML normal_behavior operation contract.0 
89625      DEBUG main            d.u.i.k.p.i.IntermediateProofReplayer Proof replay took 36ms 
89627      DEBUG main            d.u.i.k.p.r.p.TestFile    ... success: reloaded. 
89628      INFO  main            d.u.i.k.p.r.p.TestFile    Now processing file /home/runner/work/key/key/key.core/../key.ui/examples/standard_key/java_dl/jml-assert/assert-old/inc-field.key 
89628      INFO  main            d.u.i.k.p.i.AbstractProblemLoader Loading environment from /home/runner/work/key/key/key.core/../key.ui/examples/standard_key/java_dl/jml-assert/assert-old/inc-field.key 
89628      DEBUG main            d.u.i.k.p.i.AbstractProblemLoader Environment load took 137ns 
89629      INFO  main            d.u.i.k.p.i.AbstractProblemLoader Creating init config 
92816      DEBUG main            d.u.i.k.p.i.AbstractProblemLoader Init config took 3.19s 
92861      INFO  main            d.u.i.k.p.i.AbstractProblemLoader Replaying proof Inc[Inc::inc_field()].JML normal_behavior operation contract.0 
92863      DEBUG main            d.u.i.k.p.i.IntermediateProofReplayer Proof replay took 8.2ns 
93066      INFO  main            d.u.i.k.p.r.p.TestFile    ... finished proof: closed. 
93342      INFO  main            d.u.i.k.p.i.AbstractProblemLoader Loading environment from /home/runner/work/key/key/key.core/../key.ui/examples/standard_key/java_dl/jml-assert/assert-old/inc-field.key.proof 
93342      DEBUG main            d.u.i.k.p.i.AbstractProblemLoader Environment load took 137.8ns 
93343      INFO  main            d.u.i.k.p.i.AbstractProblemLoader Creating init config 
96459      DEBUG main            d.u.i.k.p.i.AbstractProblemLoader Init config took 3.12s 
96512      INFO  main            d.u.i.k.p.i.AbstractProblemLoader Replaying proof Inc[Inc::inc_field()].JML normal_behavior operation contract.0 
96561      DEBUG main            d.u.i.k.p.i.IntermediateProofReplayer Proof replay took 43.62ms 
96562      DEBUG main            d.u.i.k.p.r.p.TestFile    ... success: reloaded. 
96563      INFO  main            d.u.i.k.p.r.p.TestFile    Now processing file /home/runner/work/key/key/key.core/../key.ui/examples/standard_key/java_dl/jml-assert/assert-old/inc-parameter.key 
96563      INFO  main            d.u.i.k.p.i.AbstractProblemLoader Loading environment from /home/runner/work/key/key/key.core/../key.ui/examples/standard_key/java_dl/jml-assert/assert-old/inc-parameter.key 
96564      DEBUG main            d.u.i.k.p.i.AbstractProblemLoader Environment load took 134.5ns 
96565      INFO  main            d.u.i.k.p.i.AbstractProblemLoader Creating init config 
99771      DEBUG main            d.u.i.k.p.i.AbstractProblemLoader Init config took 3.21s 
99820      INFO  main            d.u.i.k.p.i.AbstractProblemLoader Replaying proof Inc[Inc::inc_parameter(int)].JML normal_behavior operation contract.0 
99822      DEBUG main            d.u.i.k.p.i.IntermediateProofReplayer Proof replay took 7.9ns 
99925      INFO  main            d.u.i.k.p.r.p.TestFile    ... finished proof: closed. 
100215     INFO  main            d.u.i.k.p.i.AbstractProblemLoader Loading environment from /home/runner/work/key/key/key.core/../key.ui/examples/standard_key/java_dl/jml-assert/assert-old/inc-parameter.key.proof 
100215     DEBUG main            d.u.i.k.p.i.AbstractProblemLoader Environment load took 128.5ns 
100217     INFO  main            d.u.i.k.p.i.AbstractProblemLoader Creating init config 
103310     DEBUG main            d.u.i.k.p.i.AbstractProblemLoader Init config took 3.09s 
103357     INFO  main            d.u.i.k.p.i.AbstractProblemLoader Replaying proof Inc[Inc::inc_parameter(int)].JML normal_behavior operation contract.0 
103378     DEBUG main            d.u.i.k.p.i.IntermediateProofReplayer Proof replay took 18.47ms 
103379     DEBUG main            d.u.i.k.p.r.p.TestFile    ... success: reloaded. 
103380     INFO  main            d.u.i.k.p.r.p.TestFile    Now processing file /home/runner/work/key/key/key.core/../key.ui/examples/standard_key/java_dl/jml-assert/assert-old/inc-parameter-field.key 
103381     INFO  main            d.u.i.k.p.i.AbstractProblemLoader Loading environment from /home/runner/work/key/key/key.core/../key.ui/examples/standard_key/java_dl/jml-assert/assert-old/inc-parameter-field.key 
103381     DEBUG main            d.u.i.k.p.i.AbstractProblemLoader Environment load took 336ns 
103382     INFO  main            d.u.i.k.p.i.AbstractProblemLoader Creating init config 
106541     DEBUG main            d.u.i.k.p.i.AbstractProblemLoader Init config took 3.16s 
106587     INFO  main            d.u.i.k.p.i.AbstractProblemLoader Replaying proof Inc[Inc::inc_parameter_field(Inc)].JML normal_behavior operation contract.0 
106589     DEBUG main            d.u.i.k.p.i.IntermediateProofReplayer Proof replay took 7.5ns 
106792     INFO  main            d.u.i.k.p.r.p.TestFile    ... finished proof: closed. 
107094     INFO  main            d.u.i.k.p.i.AbstractProblemLoader Loading environment from /home/runner/work/key/key/key.core/../key.ui/examples/standard_key/java_dl/jml-assert/assert-old/inc-parameter-field.key.proof 
107094     DEBUG main            d.u.i.k.p.i.AbstractProblemLoader Environment load took 165.4ns 
107095     INFO  main            d.u.i.k.p.i.AbstractProblemLoader Creating init config 
110117     DEBUG main            d.u.i.k.p.i.AbstractProblemLoader Init config took 3.02s 
110162     INFO  main            d.u.i.k.p.i.AbstractProblemLoader Replaying proof Inc[Inc::inc_parameter_field(Inc)].JML normal_behavior operation contract.0 
110215     DEBUG main            d.u.i.k.p.i.IntermediateProofReplayer Proof replay took 50.97ms 
110217     DEBUG main            d.u.i.k.p.r.p.TestFile    ... success: reloaded. 
110218     INFO  main            d.u.i.k.p.r.p.TestFile    Now processing file /home/runner/work/key/key/key.core/../key.ui/examples/standard_key/java_dl/jml-assert/assert-old/inc-ghost-field.key 
110219     INFO  main            d.u.i.k.p.i.AbstractProblemLoader Loading environment from /home/runner/work/key/key/key.core/../key.ui/examples/standard_key/java_dl/jml-assert/assert-old/inc-ghost-field.key 
110219     DEBUG main            d.u.i.k.p.i.AbstractProblemLoader Environment load took 327.5ns 
110220     INFO  main            d.u.i.k.p.i.AbstractProblemLoader Creating init config 
113397     DEBUG main            d.u.i.k.p.i.AbstractProblemLoader Init config took 3.18s 
113444     INFO  main            d.u.i.k.p.i.AbstractProblemLoader Replaying proof Inc[Inc::inc_ghost_field()].JML normal_behavior operation contract.0 
113446     DEBUG main            d.u.i.k.p.i.IntermediateProofReplayer Proof replay took 9.3ns 
113649     INFO  main            d.u.i.k.p.r.p.TestFile    ... finished proof: closed. 
113956     INFO  main            d.u.i.k.p.i.AbstractProblemLoader Loading environment from /home/runner/work/key/key/key.core/../key.ui/examples/standard_key/java_dl/jml-assert/assert-old/inc-ghost-field.key.proof 
113957     DEBUG main            d.u.i.k.p.i.AbstractProblemLoader Environment load took 640.21ns 
113958     INFO  main            d.u.i.k.p.i.AbstractProblemLoader Creating init config 
116984     DEBUG main            d.u.i.k.p.i.AbstractProblemLoader Init config took 3.03s 
117026     INFO  main            d.u.i.k.p.i.AbstractProblemLoader Replaying proof Inc[Inc::inc_ghost_field()].JML normal_behavior operation contract.0 
117058     DEBUG main            d.u.i.k.p.i.IntermediateProofReplayer Proof replay took 29.24ms 
117059     DEBUG main            d.u.i.k.p.r.p.TestFile    ... success: reloaded. 
952881     INFO  Test worker     d.u.i.k.p.r.RunAllProofsTestUnit Returning from test jmlAsserts 
952882     INFO  Test worker     d.u.i.k.p.r.RunAllProofsTestUnit Running test javaCard 
497        INFO  Timeout watchdog d.u.i.k.p.r.p.ForkedTestFileRunner Timeout watcher launched (2000 secs.) 
517        WARN  main            d.u.i.k.s.ProofSettings   The settings in /home/runner/.key/proof-settings.props are *not* read. 
570        INFO  main            d.u.i.k.p.r.p.TestFile    Now processing file /home/runner/work/key/key/key.core/../key.ui/examples/heap/javacard/updateBalance0.key 
709        INFO  main            d.u.i.k.p.i.AbstractProblemLoader Loading environment from /home/runner/work/key/key/key.core/../key.ui/examples/heap/javacard/updateBalance0.key 
731        DEBUG main            d.u.i.k.p.i.AbstractProblemLoader Environment load took 2.81ms 
1037       INFO  main            d.u.i.k.p.i.AbstractProblemLoader Creating init config 
2339       DEBUG main            d.u.i.k.j.TypeConverter   No LDT found for Meta 
2339       DEBUG main            d.u.i.k.j.TypeConverter   No LDT found for Meta 
2344       DEBUG main            d.u.i.k.j.TypeConverter   No LDT found for Meta 
2344       DEBUG main            d.u.i.k.j.TypeConverter   No LDT found for Meta 
4168       DEBUG main            d.u.i.k.j.TypeConverter   No LDT found for JavaBigintExpression 
8813       DEBUG main            d.u.i.k.p.i.AbstractProblemLoader Init config took 7.78s 
8964       INFO  main            d.u.i.k.p.i.AbstractProblemLoader Replaying proof Examples[Examples::updateBalance(short)].JML normal_behavior operation contract.0 
9013       DEBUG main            d.u.i.k.p.i.IntermediateProofReplayer Proof replay took 39.8ns 
10850      INFO  main            d.u.i.k.p.r.p.TestFile    ... finished proof: closed. 
11053      INFO  main            d.u.i.k.p.i.AbstractProblemLoader Loading environment from /home/runner/work/key/key/key.core/../key.ui/examples/heap/javacard/updateBalance0.key.proof 
11056      DEBUG main            d.u.i.k.p.i.AbstractProblemLoader Environment load took 2.49ms 
11058      INFO  main            d.u.i.k.p.i.AbstractProblemLoader Creating init config 
13499      DEBUG main            d.u.i.k.p.i.AbstractProblemLoader Init config took 2.44s 
13582      INFO  main            d.u.i.k.p.i.AbstractProblemLoader Replaying proof Examples[Examples::updateBalance(short)].JML normal_behavior operation contract.0 
13850      DEBUG main            d.u.i.k.p.i.IntermediateProofReplayer Proof replay took 256.25ms 
13866      DEBUG main            d.u.i.k.p.r.p.TestFile    ... success: reloaded. 
13875      INFO  main            d.u.i.k.p.r.p.TestFile    Now processing file /home/runner/work/key/key/key.core/../key.ui/examples/heap/javacard/updateBalance1.key 
13875      INFO  main            d.u.i.k.p.i.AbstractProblemLoader Loading environment from /home/runner/work/key/key/key.core/../key.ui/examples/heap/javacard/updateBalance1.key 
13876      DEBUG main            d.u.i.k.p.i.AbstractProblemLoader Environment load took 335.1ns 
13879      INFO  main            d.u.i.k.p.i.AbstractProblemLoader Creating init config 
16250      DEBUG main            d.u.i.k.p.i.AbstractProblemLoader Init config took 2.37s 
16318      INFO  main            d.u.i.k.p.i.AbstractProblemLoader Replaying proof Examples[Examples::updateBalance(short)].JML normal_behavior operation contract.1 
16322      DEBUG main            d.u.i.k.p.i.IntermediateProofReplayer Proof replay took 7.5ns 
17128      INFO  main            d.u.i.k.p.r.p.TestFile    ... finished proof: closed. 
17299      INFO  main            d.u.i.k.p.i.AbstractProblemLoader Loading environment from /home/runner/work/key/key/key.core/../key.ui/examples/heap/javacard/updateBalance1.key.proof 
17299      DEBUG main            d.u.i.k.p.i.AbstractProblemLoader Environment load took 663.3ns 
17301      INFO  main            d.u.i.k.p.i.AbstractProblemLoader Creating init config 
19536      DEBUG main            d.u.i.k.p.i.AbstractProblemLoader Init config took 2.23s 
19595      INFO  main            d.u.i.k.p.i.AbstractProblemLoader Replaying proof Examples[Examples::updateBalance(short)].JML normal_behavior operation contract.1 
19731      DEBUG main            d.u.i.k.p.i.IntermediateProofReplayer Proof replay took 129.95ms 
19734      DEBUG main            d.u.i.k.p.r.p.TestFile    ... success: reloaded. 
19737      INFO  main            d.u.i.k.p.r.p.TestFile    Now processing file /home/runner/work/key/key/key.core/../key.ui/examples/heap/javacard/setArray1.key 
19738      INFO  main            d.u.i.k.p.i.AbstractProblemLoader Loading environment from /home/runner/work/key/key/key.core/../key.ui/examples/heap/javacard/setArray1.key 
19738      DEBUG main            d.u.i.k.p.i.AbstractProblemLoader Environment load took 294.3ns 
19740      INFO  main            d.u.i.k.p.i.AbstractProblemLoader Creating init config 
22032      DEBUG main            d.u.i.k.p.i.AbstractProblemLoader Init config took 2.29s 
22088      INFO  main            d.u.i.k.p.i.AbstractProblemLoader Replaying proof Examples[Examples::setArray1([B)].JML normal_behavior operation contract.0 
22091      DEBUG main            d.u.i.k.p.i.IntermediateProofReplayer Proof replay took 7.5ns 
23531      INFO  main            d.u.i.k.p.r.p.TestFile    ... finished proof: closed. 
23773      INFO  main            d.u.i.k.p.i.AbstractProblemLoader Loading environment from /home/runner/work/key/key/key.core/../key.ui/examples/heap/javacard/setArray1.key.proof 
23773      DEBUG main            d.u.i.k.p.i.AbstractProblemLoader Environment load took 182.3ns 
23774      INFO  main            d.u.i.k.p.i.AbstractProblemLoader Creating init config 
26039      DEBUG main            d.u.i.k.p.i.AbstractProblemLoader Init config took 2.26s 
26092      INFO  main            d.u.i.k.p.i.AbstractProblemLoader Replaying proof Examples[Examples::setArray1([B)].JML normal_behavior operation contract.0 
26348      DEBUG main            d.u.i.k.p.i.IntermediateProofReplayer Proof replay took 247.92ms 
26351      DEBUG main            d.u.i.k.p.r.p.TestFile    ... success: reloaded. 
26354      INFO  main            d.u.i.k.p.r.p.TestFile    Now processing file /home/runner/work/key/key/key.core/../key.ui/examples/heap/javacard/setArray2.key 
26354      INFO  main            d.u.i.k.p.i.AbstractProblemLoader Loading environment from /home/runner/work/key/key/key.core/../key.ui/examples/heap/javacard/setArray2.key 
26355      DEBUG main            d.u.i.k.p.i.AbstractProblemLoader Environment load took 307.8ns 
26356      INFO  main            d.u.i.k.p.i.AbstractProblemLoader Creating init config 
28561      DEBUG main            d.u.i.k.p.i.AbstractProblemLoader Init config took 2.2s 
28614      INFO  main            d.u.i.k.p.i.AbstractProblemLoader Replaying proof Examples[Examples::setArray2([B)].JML normal_behavior operation contract.0 
28617      DEBUG main            d.u.i.k.p.i.IntermediateProofReplayer Proof replay took 7.6ns 
30125      INFO  main            d.u.i.k.p.r.p.TestFile    ... finished proof: closed. 
30283      INFO  main            d.u.i.k.p.i.AbstractProblemLoader Loading environment from /home/runner/work/key/key/key.core/../key.ui/examples/heap/javacard/setArray2.key.proof 
30285      DEBUG main            d.u.i.k.p.i.AbstractProblemLoader Environment load took 2.87ms 
30287      INFO  main            d.u.i.k.p.i.AbstractProblemLoader Creating init config 
32415      DEBUG main            d.u.i.k.p.i.AbstractProblemLoader Init config took 2.13s 
32471      INFO  main            d.u.i.k.p.i.AbstractProblemLoader Replaying proof Examples[Examples::setArray2([B)].JML normal_behavior operation contract.0 
32746      DEBUG main            d.u.i.k.p.i.IntermediateProofReplayer Proof replay took 266.84ms 
32751      DEBUG main            d.u.i.k.p.r.p.TestFile    ... success: reloaded. 
32754      INFO  main            d.u.i.k.p.r.p.TestFile    Now processing file /home/runner/work/key/key/key.core/../key.ui/examples/heap/javacard/arrayFillNonAtomic.key 
32754      INFO  main            d.u.i.k.p.i.AbstractProblemLoader Loading environment from /home/runner/work/key/key/key.core/../key.ui/examples/heap/javacard/arrayFillNonAtomic.key 
32755      DEBUG main            d.u.i.k.p.i.AbstractProblemLoader Environment load took 362.3ns 
32756      INFO  main            d.u.i.k.p.i.AbstractProblemLoader Creating init config 
34902      DEBUG main            d.u.i.k.p.i.AbstractProblemLoader Init config took 2.15s 
34978      INFO  main            d.u.i.k.p.i.AbstractProblemLoader Replaying proof javacard.framework.Util[javacard.framework.Util::arrayFillNonAtomic([B,short,short,byte)].JML behavior operation contract.0.transaction_inactive 
34981      DEBUG main            d.u.i.k.p.i.IntermediateProofReplayer Proof replay took 8ns 
36110      DEBUG Thread-13       d.u.i.k.l.o.ProgramSV     Match failed: Former match of  SchemaVariable incompatible with  the current match. 
36111      DEBUG Thread-13       d.u.i.k.l.o.ProgramSV     Match failed: Former match of  SchemaVariable incompatible with  the current match. 
37834      DEBUG Thread-13       d.u.i.k.l.o.ProgramSV     Match failed: Former match of  SchemaVariable incompatible with  the current match. 
37834      DEBUG Thread-13       d.u.i.k.l.o.ProgramSV     Match failed: Former match of  SchemaVariable incompatible with  the current match. 
39868      INFO  main            d.u.i.k.p.r.p.TestFile    ... finished proof: closed. 
40086      INFO  main            d.u.i.k.p.i.AbstractProblemLoader Loading environment from /home/runner/work/key/key/key.core/../key.ui/examples/heap/javacard/arrayFillNonAtomic.key.proof 
40087      DEBUG main            d.u.i.k.p.i.AbstractProblemLoader Environment load took 709.61ns 
40091      INFO  main            d.u.i.k.p.i.AbstractProblemLoader Creating init config 
42220      DEBUG main            d.u.i.k.p.i.AbstractProblemLoader Init config took 2.13s 
42307      INFO  main            d.u.i.k.p.i.AbstractProblemLoader Replaying proof javacard.framework.Util[javacard.framework.Util::arrayFillNonAtomic([B,short,short,byte)].JML behavior operation contract.0.transaction_inactive 
43186      DEBUG main            d.u.i.k.p.i.IntermediateProofReplayer Proof replay took 855.01ms 
43187      DEBUG main            d.u.i.k.p.r.p.TestFile    ... success: reloaded. 
43189      INFO  main            d.u.i.k.p.r.p.TestFile    Now processing file /home/runner/work/key/key/key.core/../key.ui/examples/heap/coincidence_count/project.key 
43189      INFO  main            d.u.i.k.p.i.AbstractProblemLoader Loading environment from /home/runner/work/key/key/key.core/../key.ui/examples/heap/coincidence_count/project.key 
43189      DEBUG main            d.u.i.k.p.i.AbstractProblemLoader Environment load took 296.6ns 
43191      INFO  main            d.u.i.k.p.i.AbstractProblemLoader Creating init config 
47891      DEBUG main            d.u.i.k.p.i.AbstractProblemLoader Init config took 4.7s 
47962      INFO  main            d.u.i.k.p.i.AbstractProblemLoader Replaying proof CC[CC::calcCoinIndex([I,[I)].JML normal_behavior operation contract.0 
47970      DEBUG main            d.u.i.k.p.i.IntermediateProofReplayer Proof replay took 7.7ns 
71281      INFO  main            d.u.i.k.p.r.p.TestFile    ... finished proof: closed. 
71662      INFO  main            d.u.i.k.p.i.AbstractProblemLoader Loading environment from /home/runner/work/key/key/key.core/../key.ui/examples/heap/coincidence_count/project.key.proof 
71663      DEBUG main            d.u.i.k.p.i.AbstractProblemLoader Environment load took 769.31ns 
71667      INFO  main            d.u.i.k.p.i.AbstractProblemLoader Creating init config 
75174      DEBUG main            d.u.i.k.p.i.AbstractProblemLoader Init config took 3.51s 
75229      INFO  main            d.u.i.k.p.i.AbstractProblemLoader Replaying proof CC[CC::calcCoinIndex([I,[I)].JML normal_behavior operation contract.0 
76223      DEBUG main            d.u.i.k.p.i.IntermediateProofReplayer Proof replay took 901.66ms 
76228      DEBUG main            d.u.i.k.p.r.p.TestFile    ... success: reloaded. 
76230      INFO  main            d.u.i.k.p.r.p.TestFile    Now processing file /home/runner/work/key/key/key.core/../key.ui/examples/heap/verifyThis11_1_Maximum/project.key 
76230      INFO  main            d.u.i.k.p.i.AbstractProblemLoader Loading environment from /home/runner/work/key/key/key.core/../key.ui/examples/heap/verifyThis11_1_Maximum/project.key 
76231      DEBUG main            d.u.i.k.p.i.AbstractProblemLoader Environment load took 369.6ns 
76232      INFO  main            d.u.i.k.p.i.AbstractProblemLoader Creating init config 
79816      DEBUG main            d.u.i.k.p.i.AbstractProblemLoader Init config took 3.58s 
79870      INFO  main            d.u.i.k.p.i.AbstractProblemLoader Replaying proof Maximum[Maximum::maxIndex([I)].JML normal_behavior operation contract.0 
79874      DEBUG main            d.u.i.k.p.i.IntermediateProofReplayer Proof replay took 7.8ns 
81081      INFO  main            d.u.i.k.p.r.p.TestFile    ... finished proof: closed. 
81406      INFO  main            d.u.i.k.p.i.AbstractProblemLoader Loading environment from /home/runner/work/key/key/key.core/../key.ui/examples/heap/verifyThis11_1_Maximum/project.key.proof 
81407      DEBUG main            d.u.i.k.p.i.AbstractProblemLoader Environment load took 589.4ns 
81410      INFO  main            d.u.i.k.p.i.AbstractProblemLoader Creating init config 
84779      DEBUG main            d.u.i.k.p.i.AbstractProblemLoader Init config took 3.37s 
84829      INFO  main            d.u.i.k.p.i.AbstractProblemLoader Replaying proof Maximum[Maximum::maxIndex([I)].JML normal_behavior operation contract.0 
85006      DEBUG main            d.u.i.k.p.i.IntermediateProofReplayer Proof replay took 168.68ms 
85007      DEBUG main            d.u.i.k.p.r.p.TestFile    ... success: reloaded. 
85008      INFO  main            d.u.i.k.p.r.p.TestFile    Now processing file /home/runner/work/key/key/key.core/../key.ui/examples/heap/fm12_01_LRS/lcp.key 
85009      INFO  main            d.u.i.k.p.i.AbstractProblemLoader Loading environment from /home/runner/work/key/key/key.core/../key.ui/examples/heap/fm12_01_LRS/lcp.key 
85009      DEBUG main            d.u.i.k.p.i.AbstractProblemLoader Environment load took 266.2ns 
85010      INFO  main            d.u.i.k.p.i.AbstractProblemLoader Creating init config 
89278      DEBUG main            d.u.i.k.p.i.AbstractProblemLoader Init config took 4.27s 
89350      INFO  main            d.u.i.k.p.i.AbstractProblemLoader Replaying proof LCP[LCP::lcp([I,int,int)].JML normal_behavior operation contract.0 
89353      DEBUG main            d.u.i.k.p.i.IntermediateProofReplayer Proof replay took 6.7ns 
90564      INFO  main            d.u.i.k.p.r.p.TestFile    ... finished proof: closed. 
90971      INFO  main            d.u.i.k.p.i.AbstractProblemLoader Loading environment from /home/runner/work/key/key/key.core/../key.ui/examples/heap/fm12_01_LRS/lcp.key.proof 
90972      DEBUG main            d.u.i.k.p.i.AbstractProblemLoader Environment load took 188.5ns 
90973      INFO  main            d.u.i.k.p.i.AbstractProblemLoader Creating init config 
94990      DEBUG main            d.u.i.k.p.i.AbstractProblemLoader Init config took 4.02s 
95057      INFO  main            d.u.i.k.p.i.AbstractProblemLoader Replaying proof LCP[LCP::lcp([I,int,int)].JML normal_behavior operation contract.0 
95251      DEBUG main            d.u.i.k.p.i.IntermediateProofReplayer Proof replay took 186.2ms 
95252      DEBUG main            d.u.i.k.p.r.p.TestFile    ... success: reloaded. 
95254      INFO  main            d.u.i.k.p.r.p.TestFile    Now processing file /home/runner/work/key/key/key.core/../key.ui/examples/heap/SemanticSlicing/project.key 
95254      INFO  main            d.u.i.k.p.i.AbstractProblemLoader Loading environment from /home/runner/work/key/key/key.core/../key.ui/examples/heap/SemanticSlicing/project.key 
95255      DEBUG main            d.u.i.k.p.i.AbstractProblemLoader Environment load took 367.9ns 
95256      INFO  main            d.u.i.k.p.i.AbstractProblemLoader Creating init config 
98921      DEBUG main            d.u.i.k.p.i.AbstractProblemLoader Init config took 3.66s 
99014      INFO  main            d.u.i.k.p.i.AbstractProblemLoader Replaying proof unsatcore_after.competition.postcond5.scope333.LRS[unsatcore_after.competition.postcond5.scope333.LRS::doLRS()].JML operation contract.0 
99016      DEBUG main            d.u.i.k.p.i.IntermediateProofReplayer Proof replay took 7.1ns 
103961     INFO  main            d.u.i.k.p.r.p.TestFile    ... finished proof: closed. 
104353     INFO  main            d.u.i.k.p.i.AbstractProblemLoader Loading environment from /home/runner/work/key/key/key.core/../key.ui/examples/heap/SemanticSlicing/project.key.proof 
104354     DEBUG main            d.u.i.k.p.i.AbstractProblemLoader Environment load took 1.25ms 
104356     INFO  main            d.u.i.k.p.i.AbstractProblemLoader Creating init config 
107983     DEBUG main            d.u.i.k.p.i.AbstractProblemLoader Init config took 3.63s 
108047     INFO  main            d.u.i.k.p.i.AbstractProblemLoader Replaying proof unsatcore_after.competition.postcond5.scope333.LRS[unsatcore_after.competition.postcond5.scope333.LRS::doLRS()].JML operation contract.0 
108827     DEBUG main            d.u.i.k.p.i.IntermediateProofReplayer Proof replay took 763.71ms 
108830     DEBUG main            d.u.i.k.p.r.p.TestFile    ... success: reloaded. 
108831     INFO  main            d.u.i.k.p.r.p.TestFile    Now processing file /home/runner/work/key/key/key.core/../key.ui/examples/heap/information_flow/ArrayList_contains.key 
108832     INFO  main            d.u.i.k.p.i.AbstractProblemLoader Loading environment from /home/runner/work/key/key/key.core/../key.ui/examples/heap/information_flow/ArrayList_contains.key 
108833     DEBUG main            d.u.i.k.p.i.AbstractProblemLoader Environment load took 301.4ns 
108834     INFO  main            d.u.i.k.p.i.AbstractProblemLoader Creating init config 
112816     DEBUG main            d.u.i.k.p.i.AbstractProblemLoader Init config took 3.98s 
112864     INFO  main            d.u.i.k.p.i.AbstractProblemLoader Replaying proof ArrayList[ArrayList::get(int)].JML normal_behavior operation contract.0 
112866     DEBUG main            d.u.i.k.p.i.IntermediateProofReplayer Proof replay took 6.9ns 
113270     INFO  main            d.u.i.k.p.r.p.TestFile    ... finished proof: closed. 
113617     INFO  main            d.u.i.k.p.i.AbstractProblemLoader Loading environment from /home/runner/work/key/key/key.core/../key.ui/examples/heap/information_flow/ArrayList_contains.key.proof 
113617     DEBUG main            d.u.i.k.p.i.AbstractProblemLoader Environment load took 689.1ns 
113619     INFO  main            d.u.i.k.p.i.AbstractProblemLoader Creating init config 
117449     DEBUG main            d.u.i.k.p.i.AbstractProblemLoader Init config took 3.83s 
117502     INFO  main            d.u.i.k.p.i.AbstractProblemLoader Replaying proof ArrayList[ArrayList::get(int)].JML normal_behavior operation contract.0 
117564     DEBUG main            d.u.i.k.p.i.IntermediateProofReplayer Proof replay took 58.11ms 
117565     DEBUG main            d.u.i.k.p.r.p.TestFile    ... success: reloaded. 
117566     INFO  main            d.u.i.k.p.r.p.TestFile    Now processing file /home/runner/work/key/key/key.core/../key.ui/examples/heap/information_flow/ArrayList_get.key 
117567     INFO  main            d.u.i.k.p.i.AbstractProblemLoader Loading environment from /home/runner/work/key/key/key.core/../key.ui/examples/heap/information_flow/ArrayList_get.key 
117567     DEBUG main            d.u.i.k.p.i.AbstractProblemLoader Environment load took 132.2ns 
117568     INFO  main            d.u.i.k.p.i.AbstractProblemLoader Creating init config 
121330     DEBUG main            d.u.i.k.p.i.AbstractProblemLoader Init config took 3.76s 
121380     INFO  main            d.u.i.k.p.i.AbstractProblemLoader Replaying proof ArrayList[ArrayList::contains(java.lang.Object)].JML normal_behavior operation contract.0 
121382     DEBUG main            d.u.i.k.p.i.IntermediateProofReplayer Proof replay took 24.8ns 
122607     INFO  main            d.u.i.k.p.r.p.TestFile    ... finished proof: closed. 
122962     INFO  main            d.u.i.k.p.i.AbstractProblemLoader Loading environment from /home/runner/work/key/key/key.core/../key.ui/examples/heap/information_flow/ArrayList_get.key.proof 
122962     DEBUG main            d.u.i.k.p.i.AbstractProblemLoader Environment load took 589.3ns 
122964     INFO  main            d.u.i.k.p.i.AbstractProblemLoader Creating init config 
126641     DEBUG main            d.u.i.k.p.i.AbstractProblemLoader Init config took 3.68s 
126692     INFO  main            d.u.i.k.p.i.AbstractProblemLoader Replaying proof ArrayList[ArrayList::contains(java.lang.Object)].JML normal_behavior operation contract.0 
126870     DEBUG main            d.u.i.k.p.i.IntermediateProofReplayer Proof replay took 170.36ms 
126872     DEBUG main            d.u.i.k.p.r.p.TestFile    ... success: reloaded. 
126873     INFO  main            d.u.i.k.p.r.p.TestFile    Now processing file /home/runner/work/key/key/key.core/../key.ui/examples/heap/information_flow/ArrayList_size.key 
126874     INFO  main            d.u.i.k.p.i.AbstractProblemLoader Loading environment from /home/runner/work/key/key/key.core/../key.ui/examples/heap/information_flow/ArrayList_size.key 
126874     DEBUG main            d.u.i.k.p.i.AbstractProblemLoader Environment load took 278.7ns 
126875     INFO  main            d.u.i.k.p.i.AbstractProblemLoader Creating init config 
130726     DEBUG main            d.u.i.k.p.i.AbstractProblemLoader Init config took 3.85s 
130796     INFO  main            d.u.i.k.p.i.AbstractProblemLoader Replaying proof ArrayList[ArrayList::size()].JML normal_behavior operation contract.0 
130798     DEBUG main            d.u.i.k.p.i.IntermediateProofReplayer Proof replay took 7.6ns 
130901     INFO  main            d.u.i.k.p.r.p.TestFile    ... finished proof: closed. 
131239     INFO  main            d.u.i.k.p.i.AbstractProblemLoader Loading environment from /home/runner/work/key/key/key.core/../key.ui/examples/heap/information_flow/ArrayList_size.key.proof 
131239     DEBUG main            d.u.i.k.p.i.AbstractProblemLoader Environment load took 142.3ns 
131242     INFO  main            d.u.i.k.p.i.AbstractProblemLoader Creating init config 
134855     DEBUG main            d.u.i.k.p.i.AbstractProblemLoader Init config took 3.61s 
134903     INFO  main            d.u.i.k.p.i.AbstractProblemLoader Replaying proof ArrayList[ArrayList::size()].JML normal_behavior operation contract.0 
134920     DEBUG main            d.u.i.k.p.i.IntermediateProofReplayer Proof replay took 14.79ms 
134921     DEBUG main            d.u.i.k.p.r.p.TestFile    ... success: reloaded. 
134922     INFO  main            d.u.i.k.p.r.p.TestFile    Now processing file /home/runner/work/key/key/key.core/../key.ui/examples/heap/information_flow/UpdateAbstraction_ex7_3_secure.key 
134922     INFO  main            d.u.i.k.p.i.AbstractProblemLoader Loading environment from /home/runner/work/key/key/key.core/../key.ui/examples/heap/information_flow/UpdateAbstraction_ex7_3_secure.key 
134923     DEBUG main            d.u.i.k.p.i.AbstractProblemLoader Environment load took 169.8ns 
134924     INFO  main            d.u.i.k.p.i.AbstractProblemLoader Creating init config 
138659     DEBUG main            d.u.i.k.p.i.AbstractProblemLoader Init config took 3.74s 
138704     INFO  main            d.u.i.k.p.i.AbstractProblemLoader Replaying proof UpdateAbstraction[UpdateAbstraction::ex7_3_secure()].JML operation contract.0 
138705     DEBUG main            d.u.i.k.p.i.IntermediateProofReplayer Proof replay took 7.6ns 
138908     INFO  main            d.u.i.k.p.r.p.TestFile    ... finished proof: closed. 
139261     INFO  main            d.u.i.k.p.i.AbstractProblemLoader Loading environment from /home/runner/work/key/key/key.core/../key.ui/examples/heap/information_flow/UpdateAbstraction_ex7_3_secure.key.proof 
139261     DEBUG main            d.u.i.k.p.i.AbstractProblemLoader Environment load took 141.6ns 
139262     INFO  main            d.u.i.k.p.i.AbstractProblemLoader Creating init config 
142893     DEBUG main            d.u.i.k.p.i.AbstractProblemLoader Init config took 3.63s 
142937     INFO  main            d.u.i.k.p.i.AbstractProblemLoader Replaying proof UpdateAbstraction[UpdateAbstraction::ex7_3_secure()].JML operation contract.0 
142975     DEBUG main            d.u.i.k.p.i.IntermediateProofReplayer Proof replay took 34.58ms 
142976     DEBUG main            d.u.i.k.p.r.p.TestFile    ... success: reloaded. 
142977     INFO  main            d.u.i.k.p.r.p.TestFile    Now processing file /home/runner/work/key/key/key.core/../key.ui/examples/heap/information_flow/UpdateAbstraction_ex7_4_secure.key 
142977     INFO  main            d.u.i.k.p.i.AbstractProblemLoader Loading environment from /home/runner/work/key/key/key.core/../key.ui/examples/heap/information_flow/UpdateAbstraction_ex7_4_secure.key 
142977     DEBUG main            d.u.i.k.p.i.AbstractProblemLoader Environment load took 109.7ns 
142978     INFO  main            d.u.i.k.p.i.AbstractProblemLoader Creating init config 
146698     DEBUG main            d.u.i.k.p.i.AbstractProblemLoader Init config took 3.72s 
146747     INFO  main            d.u.i.k.p.i.AbstractProblemLoader Replaying proof UpdateAbstraction[UpdateAbstraction::ex7_4_secure()].JML operation contract.0 
146749     DEBUG main            d.u.i.k.p.i.IntermediateProofReplayer Proof replay took 7.1ns 
147054     INFO  main            d.u.i.k.p.r.p.TestFile    ... finished proof: closed. 
147420     INFO  main            d.u.i.k.p.i.AbstractProblemLoader Loading environment from /home/runner/work/key/key/key.core/../key.ui/examples/heap/information_flow/UpdateAbstraction_ex7_4_secure.key.proof 
147420     DEBUG main            d.u.i.k.p.i.AbstractProblemLoader Environment load took 133.9ns 
147422     INFO  main            d.u.i.k.p.i.AbstractProblemLoader Creating init config 
151069     DEBUG main            d.u.i.k.p.i.AbstractProblemLoader Init config took 3.65s 
151125     INFO  main            d.u.i.k.p.i.AbstractProblemLoader Replaying proof UpdateAbstraction[UpdateAbstraction::ex7_4_secure()].JML operation contract.0 
151176     DEBUG main            d.u.i.k.p.i.IntermediateProofReplayer Proof replay took 48.3ms 
151177     DEBUG main            d.u.i.k.p.r.p.TestFile    ... success: reloaded. 
151178     INFO  main            d.u.i.k.p.r.p.TestFile    Now processing file /home/runner/work/key/key/key.core/../key.ui/examples/heap/information_flow/UpdateAbstraction_ex7_5_secure.key 
151178     INFO  main            d.u.i.k.p.i.AbstractProblemLoader Loading environment from /home/runner/work/key/key/key.core/../key.ui/examples/heap/information_flow/UpdateAbstraction_ex7_5_secure.key 
151178     DEBUG main            d.u.i.k.p.i.AbstractProblemLoader Environment load took 142.9ns 
151179     INFO  main            d.u.i.k.p.i.AbstractProblemLoader Creating init config 
154887     DEBUG main            d.u.i.k.p.i.AbstractProblemLoader Init config took 3.71s 
154932     INFO  main            d.u.i.k.p.i.AbstractProblemLoader Replaying proof UpdateAbstraction[UpdateAbstraction::ex7_5_secure()].JML operation contract.0 
154934     DEBUG main            d.u.i.k.p.i.IntermediateProofReplayer Proof replay took 7.2ns 
155037     INFO  main            d.u.i.k.p.r.p.TestFile    ... finished proof: closed. 
155406     INFO  main            d.u.i.k.p.i.AbstractProblemLoader Loading environment from /home/runner/work/key/key/key.core/../key.ui/examples/heap/information_flow/UpdateAbstraction_ex7_5_secure.key.proof 
155406     DEBUG main            d.u.i.k.p.i.AbstractProblemLoader Environment load took 133.2ns 
155407     INFO  main            d.u.i.k.p.i.AbstractProblemLoader Creating init config 
158995     DEBUG main            d.u.i.k.p.i.AbstractProblemLoader Init config took 3.59s 
159041     INFO  main            d.u.i.k.p.i.AbstractProblemLoader Replaying proof UpdateAbstraction[UpdateAbstraction::ex7_5_secure()].JML operation contract.0 
159063     DEBUG main            d.u.i.k.p.i.IntermediateProofReplayer Proof replay took 19.31ms 
159064     DEBUG main            d.u.i.k.p.r.p.TestFile    ... success: reloaded. 
159065     INFO  main            d.u.i.k.p.r.p.TestFile    Now processing file /home/runner/work/key/key/key.core/../key.ui/examples/heap/information_flow/UpdateAbstraction_ex7_6_secure.key 
159066     INFO  main            d.u.i.k.p.i.AbstractProblemLoader Loading environment from /home/runner/work/key/key/key.core/../key.ui/examples/heap/information_flow/UpdateAbstraction_ex7_6_secure.key 
159066     DEBUG main            d.u.i.k.p.i.AbstractProblemLoader Environment load took 263.9ns 
159067     INFO  main            d.u.i.k.p.i.AbstractProblemLoader Creating init config 
162718     DEBUG main            d.u.i.k.p.i.AbstractProblemLoader Init config took 3.65s 
162761     INFO  main            d.u.i.k.p.i.AbstractProblemLoader Replaying proof UpdateAbstraction[UpdateAbstraction::ex7_6_secure()].JML operation contract.0 
162762     DEBUG main            d.u.i.k.p.i.IntermediateProofReplayer Proof replay took 7.3ns 
163165     INFO  main            d.u.i.k.p.r.p.TestFile    ... finished proof: closed. 
163564     INFO  main            d.u.i.k.p.i.AbstractProblemLoader Loading environment from /home/runner/work/key/key/key.core/../key.ui/examples/heap/information_flow/UpdateAbstraction_ex7_6_secure.key.proof 
163565     DEBUG main            d.u.i.k.p.i.AbstractProblemLoader Environment load took 629.6ns 
163566     INFO  main            d.u.i.k.p.i.AbstractProblemLoader Creating init config 
167179     DEBUG main            d.u.i.k.p.i.AbstractProblemLoader Init config took 3.61s 
167222     INFO  main            d.u.i.k.p.i.AbstractProblemLoader Replaying proof UpdateAbstraction[UpdateAbstraction::ex7_6_secure()].JML operation contract.0 
167291     DEBUG main            d.u.i.k.p.i.IntermediateProofReplayer Proof replay took 65.53ms 
167292     DEBUG main            d.u.i.k.p.r.p.TestFile    ... success: reloaded. 
167293     INFO  main            d.u.i.k.p.r.p.TestFile    Now processing file /home/runner/work/key/key/key.core/../key.ui/examples/heap/information_flow/UpdateAbstraction_ex9_secure.key 
167293     INFO  main            d.u.i.k.p.i.AbstractProblemLoader Loading environment from /home/runner/work/key/key/key.core/../key.ui/examples/heap/information_flow/UpdateAbstraction_ex9_secure.key 
167294     DEBUG main            d.u.i.k.p.i.AbstractProblemLoader Environment load took 126.2ns 
167295     INFO  main            d.u.i.k.p.i.AbstractProblemLoader Creating init config 
171022     DEBUG main            d.u.i.k.p.i.AbstractProblemLoader Init config took 3.73s 
171065     INFO  main            d.u.i.k.p.i.AbstractProblemLoader Replaying proof UpdateAbstraction[UpdateAbstraction::ex9_secure()].JML operation contract.0 
171067     DEBUG main            d.u.i.k.p.i.IntermediateProofReplayer Proof replay took 7.1ns 
172298     INFO  main            d.u.i.k.p.r.p.TestFile    ... finished proof: closed. 
172684     INFO  main            d.u.i.k.p.i.AbstractProblemLoader Loading environment from /home/runner/work/key/key/key.core/../key.ui/examples/heap/information_flow/UpdateAbstraction_ex9_secure.key.proof 
172684     DEBUG main            d.u.i.k.p.i.AbstractProblemLoader Environment load took 288ns 
172687     INFO  main            d.u.i.k.p.i.AbstractProblemLoader Creating init config 
176314     DEBUG main            d.u.i.k.p.i.AbstractProblemLoader Init config took 3.63s 
176357     INFO  main            d.u.i.k.p.i.AbstractProblemLoader Replaying proof UpdateAbstraction[UpdateAbstraction::ex9_secure()].JML operation contract.0 
176559     DEBUG main            d.u.i.k.p.i.IntermediateProofReplayer Proof replay took 196.88ms 
176561     DEBUG main            d.u.i.k.p.r.p.TestFile    ... success: reloaded. 
1129690    INFO  Test worker     d.u.i.k.p.r.RunAllProofsTestUnit Returning from test javaCard 
1129692    INFO  Test worker     d.u.i.k.p.r.RunAllProofsTestUnit Running test list 
411        INFO  Timeout watchdog d.u.i.k.p.r.p.ForkedTestFileRunner Timeout watcher launched (2000 secs.) 
426        WARN  main            d.u.i.k.s.ProofSettings   The settings in /home/runner/.key/proof-settings.props are *not* read. 
462        INFO  main            d.u.i.k.p.r.p.TestFile    Now processing file /home/runner/work/key/key/key.core/../key.ui/examples/heap/list/ArrayList_add.key 
613        INFO  main            d.u.i.k.p.i.AbstractProblemLoader Loading environment from /home/runner/work/key/key/key.core/../key.ui/examples/heap/list/ArrayList_add.key 
634        DEBUG main            d.u.i.k.p.i.AbstractProblemLoader Environment load took 2.24ms 
946        INFO  main            d.u.i.k.p.i.AbstractProblemLoader Creating init config 
2200       DEBUG main            d.u.i.k.j.TypeConverter   No LDT found for Meta 
2201       DEBUG main            d.u.i.k.j.TypeConverter   No LDT found for Meta 
2203       DEBUG main            d.u.i.k.j.TypeConverter   No LDT found for Meta 
2204       DEBUG main            d.u.i.k.j.TypeConverter   No LDT found for Meta 
4492       DEBUG main            d.u.i.k.j.TypeConverter   No LDT found for JavaBigintExpression 
8873       DEBUG main            d.u.i.k.j.r.ClassPreparationMethodBuilder clPrepBuilder: Inner Class detected. Reject building class initialisation methods. 
12348      DEBUG main            d.u.i.k.p.i.AbstractProblemLoader Init config took 11.4s 
12609      INFO  main            d.u.i.k.p.i.AbstractProblemLoader Replaying proof ArrayList[List::add(java.lang.Object)].JML normal_behavior operation contract.0 
12660      DEBUG main            d.u.i.k.p.i.IntermediateProofReplayer Proof replay took 41.4ns 
19691      INFO  main            d.u.i.k.p.r.p.TestFile    ... finished proof: closed. 
19968      INFO  main            d.u.i.k.p.i.AbstractProblemLoader Loading environment from /home/runner/work/key/key/key.core/../key.ui/examples/heap/list/ArrayList_add.key.proof 
19968      DEBUG main            d.u.i.k.p.i.AbstractProblemLoader Environment load took 208.3ns 
19987      INFO  main            d.u.i.k.p.i.AbstractProblemLoader Creating init config 
21518      DEBUG main            d.u.i.k.j.r.ClassPreparationMethodBuilder clPrepBuilder: Inner Class detected. Reject building class initialisation methods. 
24563      DEBUG main            d.u.i.k.p.i.AbstractProblemLoader Init config took 4.58s 
24660      INFO  main            d.u.i.k.p.i.AbstractProblemLoader Replaying proof ArrayList[List::add(java.lang.Object)].JML normal_behavior operation contract.0 
25636      DEBUG main            d.u.i.k.p.i.IntermediateProofReplayer Proof replay took 927.11ms 
25648      DEBUG main            d.u.i.k.p.r.p.TestFile    ... success: reloaded. 
25651      INFO  main            d.u.i.k.p.r.p.TestFile    Now processing file /home/runner/work/key/key/key.core/../key.ui/examples/heap/list/ArrayList_ArrayList.key 
25652      INFO  main            d.u.i.k.p.i.AbstractProblemLoader Loading environment from /home/runner/work/key/key/key.core/../key.ui/examples/heap/list/ArrayList_ArrayList.key 
25653      DEBUG main            d.u.i.k.p.i.AbstractProblemLoader Environment load took 443ns 
25657      INFO  main            d.u.i.k.p.i.AbstractProblemLoader Creating init config 
27132      DEBUG main            d.u.i.k.j.r.ClassPreparationMethodBuilder clPrepBuilder: Inner Class detected. Reject building class initialisation methods. 
30061      DEBUG main            d.u.i.k.p.i.AbstractProblemLoader Init config took 4.4s 
30152      INFO  main            d.u.i.k.p.i.AbstractProblemLoader Replaying proof ArrayList[ArrayList::ArrayList()].JML normal_behavior operation contract.0 
30155      DEBUG main            d.u.i.k.p.i.IntermediateProofReplayer Proof replay took 6.4ns 
32031      INFO  main            d.u.i.k.p.r.p.TestFile    ... finished proof: closed. 
32282      INFO  main            d.u.i.k.p.i.AbstractProblemLoader Loading environment from /home/runner/work/key/key/key.core/../key.ui/examples/heap/list/ArrayList_ArrayList.key.proof 
32283      DEBUG main            d.u.i.k.p.i.AbstractProblemLoader Environment load took 680.1ns 
32288      INFO  main            d.u.i.k.p.i.AbstractProblemLoader Creating init config 
33692      DEBUG main            d.u.i.k.j.r.ClassPreparationMethodBuilder clPrepBuilder: Inner Class detected. Reject building class initialisation methods. 
36550      DEBUG main            d.u.i.k.p.i.AbstractProblemLoader Init config took 4.26s 
36646      INFO  main            d.u.i.k.p.i.AbstractProblemLoader Replaying proof ArrayList[ArrayList::ArrayList()].JML normal_behavior operation contract.0 
36893      DEBUG main            d.u.i.k.p.i.IntermediateProofReplayer Proof replay took 236.07ms 
36895      DEBUG main            d.u.i.k.p.r.p.TestFile    ... success: reloaded. 
36897      INFO  main            d.u.i.k.p.r.p.TestFile    Now processing file /home/runner/work/key/key/key.core/../key.ui/examples/heap/list/ArrayList_concatenate.key 
36898      INFO  main            d.u.i.k.p.i.AbstractProblemLoader Loading environment from /home/runner/work/key/key/key.core/../key.ui/examples/heap/list/ArrayList_concatenate.key 
36898      DEBUG main            d.u.i.k.p.i.AbstractProblemLoader Environment load took 273.2ns 
36900      INFO  main            d.u.i.k.p.i.AbstractProblemLoader Creating init config 
38235      DEBUG main            d.u.i.k.j.r.ClassPreparationMethodBuilder clPrepBuilder: Inner Class detected. Reject building class initialisation methods. 
41084      DEBUG main            d.u.i.k.p.i.AbstractProblemLoader Init config took 4.18s 
41160      INFO  main            d.u.i.k.p.i.AbstractProblemLoader Replaying proof ArrayList[List::concatenate(List)].JML normal_behavior operation contract.0 
41162      DEBUG main            d.u.i.k.p.i.IntermediateProofReplayer Proof replay took 6.2ns 
72105      INFO  main            d.u.i.k.p.r.p.TestFile    ... finished proof: closed. 
72449      INFO  main            d.u.i.k.p.i.AbstractProblemLoader Loading environment from /home/runner/work/key/key/key.core/../key.ui/examples/heap/list/ArrayList_concatenate.key.proof 
72450      DEBUG main            d.u.i.k.p.i.AbstractProblemLoader Environment load took 693.9ns 
72457      INFO  main            d.u.i.k.p.i.AbstractProblemLoader Creating init config 
73818      DEBUG main            d.u.i.k.j.r.ClassPreparationMethodBuilder clPrepBuilder: Inner Class detected. Reject building class initialisation methods. 
76692      DEBUG main            d.u.i.k.p.i.AbstractProblemLoader Init config took 4.24s 
76777      INFO  main            d.u.i.k.p.i.AbstractProblemLoader Replaying proof ArrayList[List::concatenate(List)].JML normal_behavior operation contract.0 
78858      DEBUG main            d.u.i.k.p.i.IntermediateProofReplayer Proof replay took 1.98s 
78863      DEBUG main            d.u.i.k.p.r.p.TestFile    ... success: reloaded. 
78865      INFO  main            d.u.i.k.p.r.p.TestFile    Now processing file /home/runner/work/key/key/key.core/../key.ui/examples/heap/list/ArrayList_contains_dep.key 
78865      INFO  main            d.u.i.k.p.i.AbstractProblemLoader Loading environment from /home/runner/work/key/key/key.core/../key.ui/examples/heap/list/ArrayList_contains_dep.key 
78865      DEBUG main            d.u.i.k.p.i.AbstractProblemLoader Environment load took 150.2ns 
78866      INFO  main            d.u.i.k.p.i.AbstractProblemLoader Creating init config 
80221      DEBUG main            d.u.i.k.j.r.ClassPreparationMethodBuilder clPrepBuilder: Inner Class detected. Reject building class initialisation methods. 
83064      DEBUG main            d.u.i.k.p.i.AbstractProblemLoader Init config took 4.2s 
83139      INFO  main            d.u.i.k.p.i.AbstractProblemLoader Replaying proof ArrayList[List::contains(java.lang.Object)].JML accessible clause.0 
83141      DEBUG main            d.u.i.k.p.i.IntermediateProofReplayer Proof replay took 5.6ns 
86713      INFO  main            d.u.i.k.p.r.p.TestFile    ... finished proof: closed. 
87009      INFO  main            d.u.i.k.p.i.AbstractProblemLoader Loading environment from /home/runner/work/key/key/key.core/../key.ui/examples/heap/list/ArrayList_contains_dep.key.proof 
87009      DEBUG main            d.u.i.k.p.i.AbstractProblemLoader Environment load took 595.4ns 
87011      INFO  main            d.u.i.k.p.i.AbstractProblemLoader Creating init config 
88283      DEBUG main            d.u.i.k.j.r.ClassPreparationMethodBuilder clPrepBuilder: Inner Class detected. Reject building class initialisation methods. 
91158      DEBUG main            d.u.i.k.p.i.AbstractProblemLoader Init config took 4.15s 
91236      INFO  main            d.u.i.k.p.i.AbstractProblemLoader Replaying proof ArrayList[List::contains(java.lang.Object)].JML accessible clause.0 
91698      DEBUG main            d.u.i.k.p.i.IntermediateProofReplayer Proof replay took 445.33ms 
91700      DEBUG main            d.u.i.k.p.r.p.TestFile    ... success: reloaded. 
91702      INFO  main            d.u.i.k.p.r.p.TestFile    Now processing file /home/runner/work/key/key/key.core/../key.ui/examples/heap/list/ArrayList_enlarge.key 
91702      INFO  main            d.u.i.k.p.i.AbstractProblemLoader Loading environment from /home/runner/work/key/key/key.core/../key.ui/examples/heap/list/ArrayList_enlarge.key 
91702      DEBUG main            d.u.i.k.p.i.AbstractProblemLoader Environment load took 160.3ns 
91703      INFO  main            d.u.i.k.p.i.AbstractProblemLoader Creating init config 
93006      DEBUG main            d.u.i.k.j.r.ClassPreparationMethodBuilder clPrepBuilder: Inner Class detected. Reject building class initialisation methods. 
95874      DEBUG main            d.u.i.k.p.i.AbstractProblemLoader Init config took 4.17s 
95945      INFO  main            d.u.i.k.p.i.AbstractProblemLoader Replaying proof ArrayList[ArrayList::enlarge()].JML normal_behavior operation contract.0 
95948      DEBUG main            d.u.i.k.p.i.IntermediateProofReplayer Proof replay took 7.2ns 
99057      INFO  main            d.u.i.k.p.r.p.TestFile    ... finished proof: closed. 
99362      INFO  main            d.u.i.k.p.i.AbstractProblemLoader Loading environment from /home/runner/work/key/key/key.core/../key.ui/examples/heap/list/ArrayList_enlarge.key.proof 
99364      DEBUG main            d.u.i.k.p.i.AbstractProblemLoader Environment load took 2.22ms 
99366      INFO  main            d.u.i.k.p.i.AbstractProblemLoader Creating init config 
100708     DEBUG main            d.u.i.k.j.r.ClassPreparationMethodBuilder clPrepBuilder: Inner Class detected. Reject building class initialisation methods. 
103439     DEBUG main            d.u.i.k.p.i.AbstractProblemLoader Init config took 4.07s 
103512     INFO  main            d.u.i.k.p.i.AbstractProblemLoader Replaying proof ArrayList[ArrayList::enlarge()].JML normal_behavior operation contract.0 
103936     DEBUG main            d.u.i.k.p.i.IntermediateProofReplayer Proof replay took 411.47ms 
103939     DEBUG main            d.u.i.k.p.r.p.TestFile    ... success: reloaded. 
103941     INFO  main            d.u.i.k.p.r.p.TestFile    Now processing file /home/runner/work/key/key/key.core/../key.ui/examples/heap/list/ArrayList_footprint.key 
103941     INFO  main            d.u.i.k.p.i.AbstractProblemLoader Loading environment from /home/runner/work/key/key/key.core/../key.ui/examples/heap/list/ArrayList_footprint.key 
103942     DEBUG main            d.u.i.k.p.i.AbstractProblemLoader Environment load took 289ns 
103943     INFO  main            d.u.i.k.p.i.AbstractProblemLoader Creating init config 
105277     DEBUG main            d.u.i.k.j.r.ClassPreparationMethodBuilder clPrepBuilder: Inner Class detected. Reject building class initialisation methods. 
108068     DEBUG main            d.u.i.k.p.i.AbstractProblemLoader Init config took 4.13s 
108127     INFO  main            d.u.i.k.p.i.AbstractProblemLoader Replaying proof List[List::$footprint()].JML accessible clause.0 
108129     DEBUG main            d.u.i.k.p.i.IntermediateProofReplayer Proof replay took 6.2ns 
108237     INFO  main            d.u.i.k.p.r.p.TestFile    ... finished proof: closed. 
108479     INFO  main            d.u.i.k.p.i.AbstractProblemLoader Loading environment from /home/runner/work/key/key/key.core/../key.ui/examples/heap/list/ArrayList_footprint.key.proof 
108479     DEBUG main            d.u.i.k.p.i.AbstractProblemLoader Environment load took 143.1ns 
108481     INFO  main            d.u.i.k.p.i.AbstractProblemLoader Creating init config 
109761     DEBUG main            d.u.i.k.j.r.ClassPreparationMethodBuilder clPrepBuilder: Inner Class detected. Reject building class initialisation methods. 
112460     DEBUG main            d.u.i.k.p.i.AbstractProblemLoader Init config took 3.98s 
112518     INFO  main            d.u.i.k.p.i.AbstractProblemLoader Replaying proof List[List::$footprint()].JML accessible clause.0 
112522     DEBUG main            d.u.i.k.p.i.IntermediateProofReplayer Proof replay took 1.53ms 
112524     DEBUG main            d.u.i.k.p.r.p.TestFile    ... success: reloaded. 
112526     INFO  main            d.u.i.k.p.r.p.TestFile    Now processing file /home/runner/work/key/key/key.core/../key.ui/examples/heap/list/ArrayList_get_dep.key 
112526     INFO  main            d.u.i.k.p.i.AbstractProblemLoader Loading environment from /home/runner/work/key/key/key.core/../key.ui/examples/heap/list/ArrayList_get_dep.key 
112526     DEBUG main            d.u.i.k.p.i.AbstractProblemLoader Environment load took 289ns 
112528     INFO  main            d.u.i.k.p.i.AbstractProblemLoader Creating init config 
113810     DEBUG main            d.u.i.k.j.r.ClassPreparationMethodBuilder clPrepBuilder: Inner Class detected. Reject building class initialisation methods. 
116629     DEBUG main            d.u.i.k.p.i.AbstractProblemLoader Init config took 4.1s 
116692     INFO  main            d.u.i.k.p.i.AbstractProblemLoader Replaying proof ArrayList[List::get(int)].JML accessible clause.0 
116697     DEBUG main            d.u.i.k.p.i.IntermediateProofReplayer Proof replay took 6.6ns 
117306     INFO  main            d.u.i.k.p.r.p.TestFile    ... finished proof: closed. 
117552     INFO  main            d.u.i.k.p.i.AbstractProblemLoader Loading environment from /home/runner/work/key/key/key.core/../key.ui/examples/heap/list/ArrayList_get_dep.key.proof 
117553     DEBUG main            d.u.i.k.p.i.AbstractProblemLoader Environment load took 687.5ns 
117554     INFO  main            d.u.i.k.p.i.AbstractProblemLoader Creating init config 
118812     DEBUG main            d.u.i.k.j.r.ClassPreparationMethodBuilder clPrepBuilder: Inner Class detected. Reject building class initialisation methods. 
121544     DEBUG main            d.u.i.k.p.i.AbstractProblemLoader Init config took 3.99s 
121626     INFO  main            d.u.i.k.p.i.AbstractProblemLoader Replaying proof ArrayList[List::get(int)].JML accessible clause.0 
121705     DEBUG main            d.u.i.k.p.i.IntermediateProofReplayer Proof replay took 74.18ms 
121707     DEBUG main            d.u.i.k.p.r.p.TestFile    ... success: reloaded. 
121709     INFO  main            d.u.i.k.p.r.p.TestFile    Now processing file /home/runner/work/key/key/key.core/../key.ui/examples/heap/list/ArrayList_get_exceptional.key 
121709     INFO  main            d.u.i.k.p.i.AbstractProblemLoader Loading environment from /home/runner/work/key/key/key.core/../key.ui/examples/heap/list/ArrayList_get_exceptional.key 
121710     DEBUG main            d.u.i.k.p.i.AbstractProblemLoader Environment load took 483.9ns 
121711     INFO  main            d.u.i.k.p.i.AbstractProblemLoader Creating init config 
123006     DEBUG main            d.u.i.k.j.r.ClassPreparationMethodBuilder clPrepBuilder: Inner Class detected. Reject building class initialisation methods. 
125703     DEBUG main            d.u.i.k.p.i.AbstractProblemLoader Init config took 3.99s 
125763     INFO  main            d.u.i.k.p.i.AbstractProblemLoader Replaying proof ArrayList[List::get(int)].JML exceptional_behavior operation contract.0 
125765     DEBUG main            d.u.i.k.p.i.IntermediateProofReplayer Proof replay took 22.3ns 
127299     INFO  main            d.u.i.k.p.r.p.TestFile    ... finished proof: closed. 
127599     INFO  main            d.u.i.k.p.i.AbstractProblemLoader Loading environment from /home/runner/work/key/key/key.core/../key.ui/examples/heap/list/ArrayList_get_exceptional.key.proof 
127600     DEBUG main            d.u.i.k.p.i.AbstractProblemLoader Environment load took 620.4ns 
127602     INFO  main            d.u.i.k.p.i.AbstractProblemLoader Creating init config 
128863     DEBUG main            d.u.i.k.j.r.ClassPreparationMethodBuilder clPrepBuilder: Inner Class detected. Reject building class initialisation methods. 
131617     DEBUG main            d.u.i.k.p.i.AbstractProblemLoader Init config took 4.01s 
131695     INFO  main            d.u.i.k.p.i.AbstractProblemLoader Replaying proof ArrayList[List::get(int)].JML exceptional_behavior operation contract.0 
131918     DEBUG main            d.u.i.k.p.i.IntermediateProofReplayer Proof replay took 214.99ms 
131920     DEBUG main            d.u.i.k.p.r.p.TestFile    ... success: reloaded. 
131922     INFO  main            d.u.i.k.p.r.p.TestFile    Now processing file /home/runner/work/key/key/key.core/../key.ui/examples/heap/list/ArrayList_get_normal.key 
131922     INFO  main            d.u.i.k.p.i.AbstractProblemLoader Loading environment from /home/runner/work/key/key/key.core/../key.ui/examples/heap/list/ArrayList_get_normal.key 
131923     DEBUG main            d.u.i.k.p.i.AbstractProblemLoader Environment load took 297.1ns 
131924     INFO  main            d.u.i.k.p.i.AbstractProblemLoader Creating init config 
133201     DEBUG main            d.u.i.k.j.r.ClassPreparationMethodBuilder clPrepBuilder: Inner Class detected. Reject building class initialisation methods. 
136037     DEBUG main            d.u.i.k.p.i.AbstractProblemLoader Init config took 4.11s 
136133     INFO  main            d.u.i.k.p.i.AbstractProblemLoader Replaying proof ArrayList[List::get(int)].JML normal_behavior operation contract.0 
136135     DEBUG main            d.u.i.k.p.i.IntermediateProofReplayer Proof replay took 7.1ns 
136742     INFO  main            d.u.i.k.p.r.p.TestFile    ... finished proof: closed. 
137072     INFO  main            d.u.i.k.p.i.AbstractProblemLoader Loading environment from /home/runner/work/key/key/key.core/../key.ui/examples/heap/list/ArrayList_get_normal.key.proof 
137073     DEBUG main            d.u.i.k.p.i.AbstractProblemLoader Environment load took 717ns 
137074     INFO  main            d.u.i.k.p.i.AbstractProblemLoader Creating init config 
138357     DEBUG main            d.u.i.k.j.r.ClassPreparationMethodBuilder clPrepBuilder: Inner Class detected. Reject building class initialisation methods. 
141114     DEBUG main            d.u.i.k.p.i.AbstractProblemLoader Init config took 4.04s 
141176     INFO  main            d.u.i.k.p.i.AbstractProblemLoader Replaying proof ArrayList[List::get(int)].JML normal_behavior operation contract.0 
141258     DEBUG main            d.u.i.k.p.i.IntermediateProofReplayer Proof replay took 77.11ms 
141260     DEBUG main            d.u.i.k.p.r.p.TestFile    ... success: reloaded. 
141261     INFO  main            d.u.i.k.p.r.p.TestFile    Now processing file /home/runner/work/key/key/key.core/../key.ui/examples/heap/list/ArrayList_inv.key 
141262     INFO  main            d.u.i.k.p.i.AbstractProblemLoader Loading environment from /home/runner/work/key/key/key.core/../key.ui/examples/heap/list/ArrayList_inv.key 
141262     DEBUG main            d.u.i.k.p.i.AbstractProblemLoader Environment load took 325.2ns 
141264     INFO  main            d.u.i.k.p.i.AbstractProblemLoader Creating init config 
142603     DEBUG main            d.u.i.k.j.r.ClassPreparationMethodBuilder clPrepBuilder: Inner Class detected. Reject building class initialisation methods. 
145453     DEBUG main            d.u.i.k.p.i.AbstractProblemLoader Init config took 4.19s 
145513     INFO  main            d.u.i.k.p.i.AbstractProblemLoader Replaying proof ArrayList[java.lang.Object::<inv>()].JML accessible clause.0 
145515     DEBUG main            d.u.i.k.p.i.IntermediateProofReplayer Proof replay took 7ns 
146119     INFO  main            d.u.i.k.p.r.p.TestFile    ... finished proof: closed. 
146441     INFO  main            d.u.i.k.p.i.AbstractProblemLoader Loading environment from /home/runner/work/key/key/key.core/../key.ui/examples/heap/list/ArrayList_inv.key.proof 
146442     DEBUG main            d.u.i.k.p.i.AbstractProblemLoader Environment load took 673.11ns 
146443     INFO  main            d.u.i.k.p.i.AbstractProblemLoader Creating init config 
147709     DEBUG main            d.u.i.k.j.r.ClassPreparationMethodBuilder clPrepBuilder: Inner Class detected. Reject building class initialisation methods. 
150424     DEBUG main            d.u.i.k.p.i.AbstractProblemLoader Init config took 3.98s 
150487     INFO  main            d.u.i.k.p.i.AbstractProblemLoader Replaying proof ArrayList[java.lang.Object::<inv>()].JML accessible clause.0 
150555     DEBUG main            d.u.i.k.p.i.IntermediateProofReplayer Proof replay took 63.92ms 
150556     DEBUG main            d.u.i.k.p.r.p.TestFile    ... success: reloaded. 
150558     INFO  main            d.u.i.k.p.r.p.TestFile    Now processing file /home/runner/work/key/key/key.core/../key.ui/examples/heap/list/ArrayList_iterator.key 
150558     INFO  main            d.u.i.k.p.i.AbstractProblemLoader Loading environment from /home/runner/work/key/key/key.core/../key.ui/examples/heap/list/ArrayList_iterator.key 
150559     DEBUG main            d.u.i.k.p.i.AbstractProblemLoader Environment load took 317.7ns 
150560     INFO  main            d.u.i.k.p.i.AbstractProblemLoader Creating init config 
151870     DEBUG main            d.u.i.k.j.r.ClassPreparationMethodBuilder clPrepBuilder: Inner Class detected. Reject building class initialisation methods. 
154629     DEBUG main            d.u.i.k.p.i.AbstractProblemLoader Init config took 4.07s 
154689     INFO  main            d.u.i.k.p.i.AbstractProblemLoader Replaying proof ArrayList[List::iterator()].JML normal_behavior operation contract.0 
154691     DEBUG main            d.u.i.k.p.i.IntermediateProofReplayer Proof replay took 7.4ns 
155396     INFO  main            d.u.i.k.p.r.p.TestFile    ... finished proof: closed. 
155712     INFO  main            d.u.i.k.p.i.AbstractProblemLoader Loading environment from /home/runner/work/key/key/key.core/../key.ui/examples/heap/list/ArrayList_iterator.key.proof 
155712     DEBUG main            d.u.i.k.p.i.AbstractProblemLoader Environment load took 717.11ns 
155714     INFO  main            d.u.i.k.p.i.AbstractProblemLoader Creating init config 
156953     DEBUG main            d.u.i.k.j.r.ClassPreparationMethodBuilder clPrepBuilder: Inner Class detected. Reject building class initialisation methods. 
159692     DEBUG main            d.u.i.k.p.i.AbstractProblemLoader Init config took 3.98s 
159753     INFO  main            d.u.i.k.p.i.AbstractProblemLoader Replaying proof ArrayList[List::iterator()].JML normal_behavior operation contract.0 
159843     DEBUG main            d.u.i.k.p.i.IntermediateProofReplayer Proof replay took 85.71ms 
159845     DEBUG main            d.u.i.k.p.r.p.TestFile    ... success: reloaded. 
159847     INFO  main            d.u.i.k.p.r.p.TestFile    Now processing file /home/runner/work/key/key/key.core/../key.ui/examples/heap/list/ArrayList_size_dep.key 
159847     INFO  main            d.u.i.k.p.i.AbstractProblemLoader Loading environment from /home/runner/work/key/key/key.core/../key.ui/examples/heap/list/ArrayList_size_dep.key 
159847     DEBUG main            d.u.i.k.p.i.AbstractProblemLoader Environment load took 163.2ns 
159848     INFO  main            d.u.i.k.p.i.AbstractProblemLoader Creating init config 
161092     DEBUG main            d.u.i.k.j.r.ClassPreparationMethodBuilder clPrepBuilder: Inner Class detected. Reject building class initialisation methods. 
163913     DEBUG main            d.u.i.k.p.i.AbstractProblemLoader Init config took 4.07s 
163971     INFO  main            d.u.i.k.p.i.AbstractProblemLoader Replaying proof ArrayList[List::size()].JML accessible clause.0 
163973     DEBUG main            d.u.i.k.p.i.IntermediateProofReplayer Proof replay took 6.8ns 
164193     INFO  main            d.u.i.k.p.r.p.TestFile    ... finished proof: closed. 
164469     INFO  main            d.u.i.k.p.i.AbstractProblemLoader Loading environment from /home/runner/work/key/key/key.core/../key.ui/examples/heap/list/ArrayList_size_dep.key.proof 
164469     DEBUG main            d.u.i.k.p.i.AbstractProblemLoader Environment load took 152.2ns 
164470     INFO  main            d.u.i.k.p.i.AbstractProblemLoader Creating init config 
165706     DEBUG main            d.u.i.k.j.r.ClassPreparationMethodBuilder clPrepBuilder: Inner Class detected. Reject building class initialisation methods. 
168424     DEBUG main            d.u.i.k.p.i.AbstractProblemLoader Init config took 3.95s 
168503     INFO  main            d.u.i.k.p.i.AbstractProblemLoader Replaying proof ArrayList[List::size()].JML accessible clause.0 
168531     DEBUG main            d.u.i.k.p.i.IntermediateProofReplayer Proof replay took 23.64ms 
168532     DEBUG main            d.u.i.k.p.r.p.TestFile    ... success: reloaded. 
168536     INFO  main            d.u.i.k.p.r.p.TestFile    Now processing file /home/runner/work/key/key/key.core/../key.ui/examples/heap/list/ArrayList_size.key 
168536     INFO  main            d.u.i.k.p.i.AbstractProblemLoader Loading environment from /home/runner/work/key/key/key.core/../key.ui/examples/heap/list/ArrayList_size.key 
168537     DEBUG main            d.u.i.k.p.i.AbstractProblemLoader Environment load took 201.3ns 
168539     INFO  main            d.u.i.k.p.i.AbstractProblemLoader Creating init config 
169811     DEBUG main            d.u.i.k.j.r.ClassPreparationMethodBuilder clPrepBuilder: Inner Class detected. Reject building class initialisation methods. 
172621     DEBUG main            d.u.i.k.p.i.AbstractProblemLoader Init config took 4.08s 
172680     INFO  main            d.u.i.k.p.i.AbstractProblemLoader Replaying proof ArrayList[List::size()].JML normal_behavior operation contract.0 
172683     DEBUG main            d.u.i.k.p.i.IntermediateProofReplayer Proof replay took 7.2ns 
172985     INFO  main            d.u.i.k.p.r.p.TestFile    ... finished proof: closed. 
173294     INFO  main            d.u.i.k.p.i.AbstractProblemLoader Loading environment from /home/runner/work/key/key/key.core/../key.ui/examples/heap/list/ArrayList_size.key.proof 
173294     DEBUG main            d.u.i.k.p.i.AbstractProblemLoader Environment load took 150.5ns 
173296     INFO  main            d.u.i.k.p.i.AbstractProblemLoader Creating init config 
174564     DEBUG main            d.u.i.k.j.r.ClassPreparationMethodBuilder clPrepBuilder: Inner Class detected. Reject building class initialisation methods. 
177252     DEBUG main            d.u.i.k.p.i.AbstractProblemLoader Init config took 3.96s 
177313     INFO  main            d.u.i.k.p.i.AbstractProblemLoader Replaying proof ArrayList[List::size()].JML normal_behavior operation contract.0 
177352     DEBUG main            d.u.i.k.p.i.IntermediateProofReplayer Proof replay took 36.01ms 
177353     DEBUG main            d.u.i.k.p.r.p.TestFile    ... success: reloaded. 
177354     INFO  main            d.u.i.k.p.r.p.TestFile    Now processing file /home/runner/work/key/key/key.core/../key.ui/examples/heap/list/ArrayList.ArrayListIterator_ArrayListIterator.key 
177355     INFO  main            d.u.i.k.p.i.AbstractProblemLoader Loading environment from /home/runner/work/key/key/key.core/../key.ui/examples/heap/list/ArrayList.ArrayListIterator_ArrayListIterator.key 
177355     DEBUG main            d.u.i.k.p.i.AbstractProblemLoader Environment load took 160.2ns 
177356     INFO  main            d.u.i.k.p.i.AbstractProblemLoader Creating init config 
178648     DEBUG main            d.u.i.k.j.r.ClassPreparationMethodBuilder clPrepBuilder: Inner Class detected. Reject building class initialisation methods. 
181529     DEBUG main            d.u.i.k.p.i.AbstractProblemLoader Init config took 4.17s 
181629     INFO  main            d.u.i.k.p.i.AbstractProblemLoader Replaying proof ArrayList.ArrayListIterator[ArrayList.ArrayListIterator::ArrayListIterator(ArrayList)].JML normal_behavior operation contract.0 
181631     DEBUG main            d.u.i.k.p.i.IntermediateProofReplayer Proof replay took 7ns 
182439     INFO  main            d.u.i.k.p.r.p.TestFile    ... finished proof: closed. 
182810     INFO  main            d.u.i.k.p.i.AbstractProblemLoader Loading environment from /home/runner/work/key/key/key.core/../key.ui/examples/heap/list/ArrayList.ArrayListIterator_ArrayListIterator.key.proof 
182811     DEBUG main            d.u.i.k.p.i.AbstractProblemLoader Environment load took 911.5ns 
182812     INFO  main            d.u.i.k.p.i.AbstractProblemLoader Creating init config 
184059     DEBUG main            d.u.i.k.j.r.ClassPreparationMethodBuilder clPrepBuilder: Inner Class detected. Reject building class initialisation methods. 
186799     DEBUG main            d.u.i.k.p.i.AbstractProblemLoader Init config took 3.99s 
186869     INFO  main            d.u.i.k.p.i.AbstractProblemLoader Replaying proof ArrayList.ArrayListIterator[ArrayList.ArrayListIterator::ArrayListIterator(ArrayList)].JML normal_behavior operation contract.0 
186973     DEBUG main            d.u.i.k.p.i.IntermediateProofReplayer Proof replay took 98.94ms 
186974     DEBUG main            d.u.i.k.p.r.p.TestFile    ... success: reloaded. 
186976     INFO  main            d.u.i.k.p.r.p.TestFile    Now processing file /home/runner/work/key/key/key.core/../key.ui/examples/heap/list/ArrayList.ArrayListIterator_hasNext_dep.key 
186976     INFO  main            d.u.i.k.p.i.AbstractProblemLoader Loading environment from /home/runner/work/key/key/key.core/../key.ui/examples/heap/list/ArrayList.ArrayListIterator_hasNext_dep.key 
186976     DEBUG main            d.u.i.k.p.i.AbstractProblemLoader Environment load took 123.1ns 
186977     INFO  main            d.u.i.k.p.i.AbstractProblemLoader Creating init config 
188276     DEBUG main            d.u.i.k.j.r.ClassPreparationMethodBuilder clPrepBuilder: Inner Class detected. Reject building class initialisation methods. 
191183     DEBUG main            d.u.i.k.p.i.AbstractProblemLoader Init config took 4.21s 
191259     INFO  main            d.u.i.k.p.i.AbstractProblemLoader Replaying proof ArrayList.ArrayListIterator[ListIterator::hasNext()].JML accessible clause.0 
191261     DEBUG main            d.u.i.k.p.i.IntermediateProofReplayer Proof replay took 6.9ns 
191769     INFO  main            d.u.i.k.p.r.p.TestFile    ... finished proof: closed. 
192093     INFO  main            d.u.i.k.p.i.AbstractProblemLoader Loading environment from /home/runner/work/key/key/key.core/../key.ui/examples/heap/list/ArrayList.ArrayListIterator_hasNext_dep.key.proof 
192095     DEBUG main            d.u.i.k.p.i.AbstractProblemLoader Environment load took 2.08ms 
192099     INFO  main            d.u.i.k.p.i.AbstractProblemLoader Creating init config 
193360     DEBUG main            d.u.i.k.j.r.ClassPreparationMethodBuilder clPrepBuilder: Inner Class detected. Reject building class initialisation methods. 
196196     DEBUG main            d.u.i.k.p.i.AbstractProblemLoader Init config took 4.1s 
196295     INFO  main            d.u.i.k.p.i.AbstractProblemLoader Replaying proof ArrayList.ArrayListIterator[ListIterator::hasNext()].JML accessible clause.0 
196350     DEBUG main            d.u.i.k.p.i.IntermediateProofReplayer Proof replay took 51.85ms 
196352     DEBUG main            d.u.i.k.p.r.p.TestFile    ... success: reloaded. 
196354     INFO  main            d.u.i.k.p.r.p.TestFile    Now processing file /home/runner/work/key/key/key.core/../key.ui/examples/heap/list/ArrayList.ArrayListIterator_hasNext.key 
196354     INFO  main            d.u.i.k.p.i.AbstractProblemLoader Loading environment from /home/runner/work/key/key/key.core/../key.ui/examples/heap/list/ArrayList.ArrayListIterator_hasNext.key 
196355     DEBUG main            d.u.i.k.p.i.AbstractProblemLoader Environment load took 309.2ns 
196356     INFO  main            d.u.i.k.p.i.AbstractProblemLoader Creating init config 
197660     DEBUG main            d.u.i.k.j.r.ClassPreparationMethodBuilder clPrepBuilder: Inner Class detected. Reject building class initialisation methods. 
200505     DEBUG main            d.u.i.k.p.i.AbstractProblemLoader Init config took 4.15s 
200593     INFO  main            d.u.i.k.p.i.AbstractProblemLoader Replaying proof ArrayList.ArrayListIterator[ListIterator::hasNext()].JML normal_behavior operation contract.0 
200595     DEBUG main            d.u.i.k.p.i.IntermediateProofReplayer Proof replay took 7.1ns 
201101     INFO  main            d.u.i.k.p.r.p.TestFile    ... finished proof: closed. 
201459     INFO  main            d.u.i.k.p.i.AbstractProblemLoader Loading environment from /home/runner/work/key/key/key.core/../key.ui/examples/heap/list/ArrayList.ArrayListIterator_hasNext.key.proof 
201459     DEBUG main            d.u.i.k.p.i.AbstractProblemLoader Environment load took 206.7ns 
201460     INFO  main            d.u.i.k.p.i.AbstractProblemLoader Creating init config 
202720     DEBUG main            d.u.i.k.j.r.ClassPreparationMethodBuilder clPrepBuilder: Inner Class detected. Reject building class initialisation methods. 
205426     DEBUG main            d.u.i.k.p.i.AbstractProblemLoader Init config took 3.97s 
205493     INFO  main            d.u.i.k.p.i.AbstractProblemLoader Replaying proof ArrayList.ArrayListIterator[ListIterator::hasNext()].JML normal_behavior operation contract.0 
205549     DEBUG main            d.u.i.k.p.i.IntermediateProofReplayer Proof replay took 52.82ms 
205551     DEBUG main            d.u.i.k.p.r.p.TestFile    ... success: reloaded. 
205552     INFO  main            d.u.i.k.p.r.p.TestFile    Now processing file /home/runner/work/key/key/key.core/../key.ui/examples/heap/list/ArrayList.ArrayListIterator_inv.key 
205552     INFO  main            d.u.i.k.p.i.AbstractProblemLoader Loading environment from /home/runner/work/key/key/key.core/../key.ui/examples/heap/list/ArrayList.ArrayListIterator_inv.key 
205552     DEBUG main            d.u.i.k.p.i.AbstractProblemLoader Environment load took 77.3ns 
205553     INFO  main            d.u.i.k.p.i.AbstractProblemLoader Creating init config 
206874     DEBUG main            d.u.i.k.j.r.ClassPreparationMethodBuilder clPrepBuilder: Inner Class detected. Reject building class initialisation methods. 
209699     DEBUG main            d.u.i.k.p.i.AbstractProblemLoader Init config took 4.15s 
209794     INFO  main            d.u.i.k.p.i.AbstractProblemLoader Replaying proof ArrayList.ArrayListIterator[java.lang.Object::<inv>()].JML accessible clause.0 
209796     DEBUG main            d.u.i.k.p.i.IntermediateProofReplayer Proof replay took 6.5ns 
211205     INFO  main            d.u.i.k.p.r.p.TestFile    ... finished proof: closed. 
211603     INFO  main            d.u.i.k.p.i.AbstractProblemLoader Loading environment from /home/runner/work/key/key/key.core/../key.ui/examples/heap/list/ArrayList.ArrayListIterator_inv.key.proof 
211603     DEBUG main            d.u.i.k.p.i.AbstractProblemLoader Environment load took 135.3ns 
211604     INFO  main            d.u.i.k.p.i.AbstractProblemLoader Creating init config 
212875     DEBUG main            d.u.i.k.j.r.ClassPreparationMethodBuilder clPrepBuilder: Inner Class detected. Reject building class initialisation methods. 
215612     DEBUG main            d.u.i.k.p.i.AbstractProblemLoader Init config took 4.01s 
215688     INFO  main            d.u.i.k.p.i.AbstractProblemLoader Replaying proof ArrayList.ArrayListIterator[java.lang.Object::<inv>()].JML accessible clause.0 
215805     DEBUG main            d.u.i.k.p.i.IntermediateProofReplayer Proof replay took 108.48ms 
215808     DEBUG main            d.u.i.k.p.r.p.TestFile    ... success: reloaded. 
215810     INFO  main            d.u.i.k.p.r.p.TestFile    Now processing file /home/runner/work/key/key/key.core/../key.ui/examples/heap/list/ArrayList.ArrayListIterator_list.key 
215810     INFO  main            d.u.i.k.p.i.AbstractProblemLoader Loading environment from /home/runner/work/key/key/key.core/../key.ui/examples/heap/list/ArrayList.ArrayListIterator_list.key 
215810     DEBUG main            d.u.i.k.p.i.AbstractProblemLoader Environment load took 277ns 
215814     INFO  main            d.u.i.k.p.i.AbstractProblemLoader Creating init config 
217119     DEBUG main            d.u.i.k.j.r.ClassPreparationMethodBuilder clPrepBuilder: Inner Class detected. Reject building class initialisation methods. 
219925     DEBUG main            d.u.i.k.p.i.AbstractProblemLoader Init config took 4.11s 
219980     INFO  main            d.u.i.k.p.i.AbstractProblemLoader Replaying proof ListIterator[ListIterator::$list()].JML accessible clause.0 
219982     DEBUG main            d.u.i.k.p.i.IntermediateProofReplayer Proof replay took 6.8ns 
220084     INFO  main            d.u.i.k.p.r.p.TestFile    ... finished proof: closed. 
220440     INFO  main            d.u.i.k.p.i.AbstractProblemLoader Loading environment from /home/runner/work/key/key/key.core/../key.ui/examples/heap/list/ArrayList.ArrayListIterator_list.key.proof 
220440     DEBUG main            d.u.i.k.p.i.AbstractProblemLoader Environment load took 126.3ns 
220441     INFO  main            d.u.i.k.p.i.AbstractProblemLoader Creating init config 
221732     DEBUG main            d.u.i.k.j.r.ClassPreparationMethodBuilder clPrepBuilder: Inner Class detected. Reject building class initialisation methods. 
224437     DEBUG main            d.u.i.k.p.i.AbstractProblemLoader Init config took 4s 
224491     INFO  main            d.u.i.k.p.i.AbstractProblemLoader Replaying proof ListIterator[ListIterator::$list()].JML accessible clause.0 
224494     DEBUG main            d.u.i.k.p.i.IntermediateProofReplayer Proof replay took 1.1ms 
224496     DEBUG main            d.u.i.k.p.r.p.TestFile    ... success: reloaded. 
224497     INFO  main            d.u.i.k.p.r.p.TestFile    Now processing file /home/runner/work/key/key/key.core/../key.ui/examples/heap/list/ArrayList.ArrayListIterator_next_exceptional.key 
224498     INFO  main            d.u.i.k.p.i.AbstractProblemLoader Loading environment from /home/runner/work/key/key/key.core/../key.ui/examples/heap/list/ArrayList.ArrayListIterator_next_exceptional.key 
224498     DEBUG main            d.u.i.k.p.i.AbstractProblemLoader Environment load took 139.6ns 
224499     INFO  main            d.u.i.k.p.i.AbstractProblemLoader Creating init config 
225820     DEBUG main            d.u.i.k.j.r.ClassPreparationMethodBuilder clPrepBuilder: Inner Class detected. Reject building class initialisation methods. 
228553     DEBUG main            d.u.i.k.p.i.AbstractProblemLoader Init config took 4.05s 
228625     INFO  main            d.u.i.k.p.i.AbstractProblemLoader Replaying proof ArrayList.ArrayListIterator[ListIterator::next()].JML exceptional_behavior operation contract.0 
228628     DEBUG main            d.u.i.k.p.i.IntermediateProofReplayer Proof replay took 7.3ns 
229735     INFO  main            d.u.i.k.p.r.p.TestFile    ... finished proof: closed. 
230116     INFO  main            d.u.i.k.p.i.AbstractProblemLoader Loading environment from /home/runner/work/key/key/key.core/../key.ui/examples/heap/list/ArrayList.ArrayListIterator_next_exceptional.key.proof 
230116     DEBUG main            d.u.i.k.p.i.AbstractProblemLoader Environment load took 238ns 
230117     INFO  main            d.u.i.k.p.i.AbstractProblemLoader Creating init config 
231330     DEBUG main            d.u.i.k.j.r.ClassPreparationMethodBuilder clPrepBuilder: Inner Class detected. Reject building class initialisation methods. 
234016     DEBUG main            d.u.i.k.p.i.AbstractProblemLoader Init config took 3.9s 
234081     INFO  main            d.u.i.k.p.i.AbstractProblemLoader Replaying proof ArrayList.ArrayListIterator[ListIterator::next()].JML exceptional_behavior operation contract.0 
234219     DEBUG main            d.u.i.k.p.i.IntermediateProofReplayer Proof replay took 133.01ms 
234220     DEBUG main            d.u.i.k.p.r.p.TestFile    ... success: reloaded. 
234222     INFO  main            d.u.i.k.p.r.p.TestFile    Now processing file /home/runner/work/key/key/key.core/../key.ui/examples/heap/list/ArrayList.ArrayListIterator_next_normal.key 
234222     INFO  main            d.u.i.k.p.i.AbstractProblemLoader Loading environment from /home/runner/work/key/key/key.core/../key.ui/examples/heap/list/ArrayList.ArrayListIterator_next_normal.key 
234223     DEBUG main            d.u.i.k.p.i.AbstractProblemLoader Environment load took 314.9ns 
234224     INFO  main            d.u.i.k.p.i.AbstractProblemLoader Creating init config 
235509     DEBUG main            d.u.i.k.j.r.ClassPreparationMethodBuilder clPrepBuilder: Inner Class detected. Reject building class initialisation methods. 
238226     DEBUG main            d.u.i.k.p.i.AbstractProblemLoader Init config took 4s 
238294     INFO  main            d.u.i.k.p.i.AbstractProblemLoader Replaying proof ArrayList.ArrayListIterator[ListIterator::next()].JML normal_behavior operation contract.0 
238296     DEBUG main            d.u.i.k.p.i.IntermediateProofReplayer Proof replay took 22.6ns 
239506     INFO  main            d.u.i.k.p.r.p.TestFile    ... finished proof: closed. 
239881     INFO  main            d.u.i.k.p.i.AbstractProblemLoader Loading environment from /home/runner/work/key/key/key.core/../key.ui/examples/heap/list/ArrayList.ArrayListIterator_next_normal.key.proof 
239881     DEBUG main            d.u.i.k.p.i.AbstractProblemLoader Environment load took 140.2ns 
239882     INFO  main            d.u.i.k.p.i.AbstractProblemLoader Creating init config 
241129     DEBUG main            d.u.i.k.j.r.ClassPreparationMethodBuilder clPrepBuilder: Inner Class detected. Reject building class initialisation methods. 
243835     DEBUG main            d.u.i.k.p.i.AbstractProblemLoader Init config took 3.95s 
243905     INFO  main            d.u.i.k.p.i.AbstractProblemLoader Replaying proof ArrayList.ArrayListIterator[ListIterator::next()].JML normal_behavior operation contract.0 
244072     DEBUG main            d.u.i.k.p.i.IntermediateProofReplayer Proof replay took 160.92ms 
244073     DEBUG main            d.u.i.k.p.r.p.TestFile    ... success: reloaded. 
244075     INFO  main            d.u.i.k.p.r.p.TestFile    Now processing file /home/runner/work/key/key/key.core/../key.ui/examples/heap/list/ArrayList.ArrayListIterator_pos.key 
244075     INFO  main            d.u.i.k.p.i.AbstractProblemLoader Loading environment from /home/runner/work/key/key/key.core/../key.ui/examples/heap/list/ArrayList.ArrayListIterator_pos.key 
244075     DEBUG main            d.u.i.k.p.i.AbstractProblemLoader Environment load took 164.5ns 
244077     INFO  main            d.u.i.k.p.i.AbstractProblemLoader Creating init config 
245321     DEBUG main            d.u.i.k.j.r.ClassPreparationMethodBuilder clPrepBuilder: Inner Class detected. Reject building class initialisation methods. 
248065     DEBUG main            d.u.i.k.p.i.AbstractProblemLoader Init config took 3.99s 
248116     INFO  main            d.u.i.k.p.i.AbstractProblemLoader Replaying proof ListIterator[ListIterator::$pos()].JML accessible clause.0 
248118     DEBUG main            d.u.i.k.p.i.IntermediateProofReplayer Proof replay took 7.6ns 
248224     INFO  main            d.u.i.k.p.r.p.TestFile    ... finished proof: closed. 
248602     INFO  main            d.u.i.k.p.i.AbstractProblemLoader Loading environment from /home/runner/work/key/key/key.core/../key.ui/examples/heap/list/ArrayList.ArrayListIterator_pos.key.proof 
248602     DEBUG main            d.u.i.k.p.i.AbstractProblemLoader Environment load took 123.8ns 
248603     INFO  main            d.u.i.k.p.i.AbstractProblemLoader Creating init config 
249864     DEBUG main            d.u.i.k.j.r.ClassPreparationMethodBuilder clPrepBuilder: Inner Class detected. Reject building class initialisation methods. 
252553     DEBUG main            d.u.i.k.p.i.AbstractProblemLoader Init config took 3.95s 
252604     INFO  main            d.u.i.k.p.i.AbstractProblemLoader Replaying proof ListIterator[ListIterator::$pos()].JML accessible clause.0 
252607     DEBUG main            d.u.i.k.p.i.IntermediateProofReplayer Proof replay took 1.06ms 
252608     DEBUG main            d.u.i.k.p.r.p.TestFile    ... success: reloaded. 
252609     INFO  main            d.u.i.k.p.r.p.TestFile    Now processing file /home/runner/work/key/key/key.core/../key.ui/examples/heap/list/Client_m.key 
252609     INFO  main            d.u.i.k.p.i.AbstractProblemLoader Loading environment from /home/runner/work/key/key/key.core/../key.ui/examples/heap/list/Client_m.key 
252610     DEBUG main            d.u.i.k.p.i.AbstractProblemLoader Environment load took 98.9ns 
252611     INFO  main            d.u.i.k.p.i.AbstractProblemLoader Creating init config 
253899     DEBUG main            d.u.i.k.j.r.ClassPreparationMethodBuilder clPrepBuilder: Inner Class detected. Reject building class initialisation methods. 
256593     DEBUG main            d.u.i.k.p.i.AbstractProblemLoader Init config took 3.98s 
256644     INFO  main            d.u.i.k.p.i.AbstractProblemLoader Replaying proof Client[Client::m(List)].JML normal_behavior operation contract.0 
256646     DEBUG main            d.u.i.k.p.i.IntermediateProofReplayer Proof replay took 7ns 
257050     INFO  main            d.u.i.k.p.r.p.TestFile    ... finished proof: closed. 
257432     INFO  main            d.u.i.k.p.i.AbstractProblemLoader Loading environment from /home/runner/work/key/key/key.core/../key.ui/examples/heap/list/Client_m.key.proof 
257432     DEBUG main            d.u.i.k.p.i.AbstractProblemLoader Environment load took 127.4ns 
257433     INFO  main            d.u.i.k.p.i.AbstractProblemLoader Creating init config 
258650     DEBUG main            d.u.i.k.j.r.ClassPreparationMethodBuilder clPrepBuilder: Inner Class detected. Reject building class initialisation methods. 
261302     DEBUG main            d.u.i.k.p.i.AbstractProblemLoader Init config took 3.87s 
261353     INFO  main            d.u.i.k.p.i.AbstractProblemLoader Replaying proof Client[Client::m(List)].JML normal_behavior operation contract.0 
261427     DEBUG main            d.u.i.k.p.i.IntermediateProofReplayer Proof replay took 70.62ms 
261429     DEBUG main            d.u.i.k.p.r.p.TestFile    ... success: reloaded. 
261430     INFO  main            d.u.i.k.p.r.p.TestFile    Now processing file /home/runner/work/key/key/key.core/../key.ui/examples/heap/list/Client_n.key 
261430     INFO  main            d.u.i.k.p.i.AbstractProblemLoader Loading environment from /home/runner/work/key/key/key.core/../key.ui/examples/heap/list/Client_n.key 
261431     DEBUG main            d.u.i.k.p.i.AbstractProblemLoader Environment load took 260.9ns 
261432     INFO  main            d.u.i.k.p.i.AbstractProblemLoader Creating init config 
262703     DEBUG main            d.u.i.k.j.r.ClassPreparationMethodBuilder clPrepBuilder: Inner Class detected. Reject building class initialisation methods. 
265389     DEBUG main            d.u.i.k.p.i.AbstractProblemLoader Init config took 3.96s 
265444     INFO  main            d.u.i.k.p.i.AbstractProblemLoader Replaying proof Client[Client::n(List)].JML normal_behavior operation contract.0 
265447     DEBUG main            d.u.i.k.p.i.IntermediateProofReplayer Proof replay took 9.6ns 
265550     INFO  main            d.u.i.k.p.r.p.TestFile    ... finished proof: closed. 
265946     INFO  main            d.u.i.k.p.i.AbstractProblemLoader Loading environment from /home/runner/work/key/key/key.core/../key.ui/examples/heap/list/Client_n.key.proof 
265946     DEBUG main            d.u.i.k.p.i.AbstractProblemLoader Environment load took 114.8ns 
265947     INFO  main            d.u.i.k.p.i.AbstractProblemLoader Creating init config 
267213     DEBUG main            d.u.i.k.j.r.ClassPreparationMethodBuilder clPrepBuilder: Inner Class detected. Reject building class initialisation methods. 
269889     DEBUG main            d.u.i.k.p.i.AbstractProblemLoader Init config took 3.94s 
269938     INFO  main            d.u.i.k.p.i.AbstractProblemLoader Replaying proof Client[Client::n(List)].JML normal_behavior operation contract.0 
269960     DEBUG main            d.u.i.k.p.i.IntermediateProofReplayer Proof replay took 19.91ms 
269961     DEBUG main            d.u.i.k.p.r.p.TestFile    ... success: reloaded. 
269962     INFO  main            d.u.i.k.p.r.p.TestFile    Now processing file /home/runner/work/key/key/key.core/../key.ui/examples/heap/list/LinkedList_get_exceptional.key 
269963     INFO  main            d.u.i.k.p.i.AbstractProblemLoader Loading environment from /home/runner/work/key/key/key.core/../key.ui/examples/heap/list/LinkedList_get_exceptional.key 
269963     DEBUG main            d.u.i.k.p.i.AbstractProblemLoader Environment load took 114.7ns 
269964     INFO  main            d.u.i.k.p.i.AbstractProblemLoader Creating init config 
271196     DEBUG main            d.u.i.k.j.r.ClassPreparationMethodBuilder clPrepBuilder: Inner Class detected. Reject building class initialisation methods. 
273809     DEBUG main            d.u.i.k.p.i.AbstractProblemLoader Init config took 3.85s 
273888     INFO  main            d.u.i.k.p.i.AbstractProblemLoader Replaying proof LinkedList[List::get(int)].JML exceptional_behavior operation contract.0 
273890     DEBUG main            d.u.i.k.p.i.IntermediateProofReplayer Proof replay took 6.6ns 
276632     INFO  main            d.u.i.k.p.r.p.TestFile    ... finished proof: closed. 
277115     INFO  main            d.u.i.k.p.i.AbstractProblemLoader Loading environment from /home/runner/work/key/key/key.core/../key.ui/examples/heap/list/LinkedList_get_exceptional.key.proof 
277116     DEBUG main            d.u.i.k.p.i.AbstractProblemLoader Environment load took 647.4ns 
277118     INFO  main            d.u.i.k.p.i.AbstractProblemLoader Creating init config 
278350     DEBUG main            d.u.i.k.j.r.ClassPreparationMethodBuilder clPrepBuilder: Inner Class detected. Reject building class initialisation methods. 
280928     DEBUG main            d.u.i.k.p.i.AbstractProblemLoader Init config took 3.81s 
280985     INFO  main            d.u.i.k.p.i.AbstractProblemLoader Replaying proof LinkedList[List::get(int)].JML exceptional_behavior operation contract.0 
281304     DEBUG main            d.u.i.k.p.i.IntermediateProofReplayer Proof replay took 308.78ms 
281305     DEBUG main            d.u.i.k.p.r.p.TestFile    ... success: reloaded. 
281306     INFO  main            d.u.i.k.p.r.p.TestFile    Now processing file /home/runner/work/key/key/key.core/../key.ui/examples/heap/list/LinkedList_get_normal.key 
281307     INFO  main            d.u.i.k.p.i.AbstractProblemLoader Loading environment from /home/runner/work/key/key/key.core/../key.ui/examples/heap/list/LinkedList_get_normal.key 
281307     DEBUG main            d.u.i.k.p.i.AbstractProblemLoader Environment load took 254.5ns 
281308     INFO  main            d.u.i.k.p.i.AbstractProblemLoader Creating init config 
282574     DEBUG main            d.u.i.k.j.r.ClassPreparationMethodBuilder clPrepBuilder: Inner Class detected. Reject building class initialisation methods. 
285176     DEBUG main            d.u.i.k.p.i.AbstractProblemLoader Init config took 3.87s 
285236     INFO  main            d.u.i.k.p.i.AbstractProblemLoader Replaying proof LinkedList[List::get(int)].JML normal_behavior operation contract.0 
285238     DEBUG main            d.u.i.k.p.i.IntermediateProofReplayer Proof replay took 6.4ns 
293086     INFO  main            d.u.i.k.p.r.p.TestFile    ... finished proof: closed. 
293609     INFO  main            d.u.i.k.p.i.AbstractProblemLoader Loading environment from /home/runner/work/key/key/key.core/../key.ui/examples/heap/list/LinkedList_get_normal.key.proof 
293610     DEBUG main            d.u.i.k.p.i.AbstractProblemLoader Environment load took 537ns 
293613     INFO  main            d.u.i.k.p.i.AbstractProblemLoader Creating init config 
294822     DEBUG main            d.u.i.k.j.r.ClassPreparationMethodBuilder clPrepBuilder: Inner Class detected. Reject building class initialisation methods. 
297495     DEBUG main            d.u.i.k.p.i.AbstractProblemLoader Init config took 3.88s 
297554     INFO  main            d.u.i.k.p.i.AbstractProblemLoader Replaying proof LinkedList[List::get(int)].JML normal_behavior operation contract.0 
298138     DEBUG main            d.u.i.k.p.i.IntermediateProofReplayer Proof replay took 554.28ms 
298141     DEBUG main            d.u.i.k.p.r.p.TestFile    ... success: reloaded. 
298142     INFO  main            d.u.i.k.p.r.p.TestFile    Now processing file /home/runner/work/key/key/key.core/../key.ui/examples/heap/list/LinkedList_LinkedList.key 
298143     INFO  main            d.u.i.k.p.i.AbstractProblemLoader Loading environment from /home/runner/work/key/key/key.core/../key.ui/examples/heap/list/LinkedList_LinkedList.key 
298143     DEBUG main            d.u.i.k.p.i.AbstractProblemLoader Environment load took 119.3ns 
298144     INFO  main            d.u.i.k.p.i.AbstractProblemLoader Creating init config 
299399     DEBUG main            d.u.i.k.j.r.ClassPreparationMethodBuilder clPrepBuilder: Inner Class detected. Reject building class initialisation methods. 
302112     DEBUG main            d.u.i.k.p.i.AbstractProblemLoader Init config took 3.97s 
302169     INFO  main            d.u.i.k.p.i.AbstractProblemLoader Replaying proof LinkedList[LinkedList::LinkedList()].JML normal_behavior operation contract.0 
302171     DEBUG main            d.u.i.k.p.i.IntermediateProofReplayer Proof replay took 7ns 
302878     INFO  main            d.u.i.k.p.r.p.TestFile    ... finished proof: closed. 
303313     INFO  main            d.u.i.k.p.i.AbstractProblemLoader Loading environment from /home/runner/work/key/key/key.core/../key.ui/examples/heap/list/LinkedList_LinkedList.key.proof 
303313     DEBUG main            d.u.i.k.p.i.AbstractProblemLoader Environment load took 219ns 
303315     INFO  main            d.u.i.k.p.i.AbstractProblemLoader Creating init config 
304532     DEBUG main            d.u.i.k.j.r.ClassPreparationMethodBuilder clPrepBuilder: Inner Class detected. Reject building class initialisation methods. 
307146     DEBUG main            d.u.i.k.p.i.AbstractProblemLoader Init config took 3.83s 
307201     INFO  main            d.u.i.k.p.i.AbstractProblemLoader Replaying proof LinkedList[LinkedList::LinkedList()].JML normal_behavior operation contract.0 
307294     DEBUG main            d.u.i.k.p.i.IntermediateProofReplayer Proof replay took 87.13ms 
307296     DEBUG main            d.u.i.k.p.r.p.TestFile    ... success: reloaded. 
307297     INFO  main            d.u.i.k.p.r.p.TestFile    Now processing file /home/runner/work/key/key/key.core/../key.ui/examples/heap/list/LinkedList_size_dep.key 
307297     INFO  main            d.u.i.k.p.i.AbstractProblemLoader Loading environment from /home/runner/work/key/key/key.core/../key.ui/examples/heap/list/LinkedList_size_dep.key 
307297     DEBUG main            d.u.i.k.p.i.AbstractProblemLoader Environment load took 98.8ns 
307298     INFO  main            d.u.i.k.p.i.AbstractProblemLoader Creating init config 
308613     DEBUG main            d.u.i.k.j.r.ClassPreparationMethodBuilder clPrepBuilder: Inner Class detected. Reject building class initialisation methods. 
311289     DEBUG main            d.u.i.k.p.i.AbstractProblemLoader Init config took 3.99s 
311343     INFO  main            d.u.i.k.p.i.AbstractProblemLoader Replaying proof LinkedList[List::size()].JML accessible clause.0 
311344     DEBUG main            d.u.i.k.p.i.IntermediateProofReplayer Proof replay took 6.5ns 
311947     INFO  main            d.u.i.k.p.r.p.TestFile    ... finished proof: closed. 
312346     INFO  main            d.u.i.k.p.i.AbstractProblemLoader Loading environment from /home/runner/work/key/key/key.core/../key.ui/examples/heap/list/LinkedList_size_dep.key.proof 
312346     DEBUG main            d.u.i.k.p.i.AbstractProblemLoader Environment load took 126.8ns 
312348     INFO  main            d.u.i.k.p.i.AbstractProblemLoader Creating init config 
313564     DEBUG main            d.u.i.k.j.r.ClassPreparationMethodBuilder clPrepBuilder: Inner Class detected. Reject building class initialisation methods. 
316167     DEBUG main            d.u.i.k.p.i.AbstractProblemLoader Init config took 3.82s 
316230     INFO  main            d.u.i.k.p.i.AbstractProblemLoader Replaying proof LinkedList[List::size()].JML accessible clause.0 
316277     DEBUG main            d.u.i.k.p.i.IntermediateProofReplayer Proof replay took 43.92ms 
316279     DEBUG main            d.u.i.k.p.r.p.TestFile    ... success: reloaded. 
316280     INFO  main            d.u.i.k.p.r.p.TestFile    Now processing file /home/runner/work/key/key/key.core/../key.ui/examples/heap/list/LinkedList_size.key 
316280     INFO  main            d.u.i.k.p.i.AbstractProblemLoader Loading environment from /home/runner/work/key/key/key.core/../key.ui/examples/heap/list/LinkedList_size.key 
316280     DEBUG main            d.u.i.k.p.i.AbstractProblemLoader Environment load took 172.6ns 
316281     INFO  main            d.u.i.k.p.i.AbstractProblemLoader Creating init config 
317536     DEBUG main            d.u.i.k.j.r.ClassPreparationMethodBuilder clPrepBuilder: Inner Class detected. Reject building class initialisation methods. 
320270     DEBUG main            d.u.i.k.p.i.AbstractProblemLoader Init config took 3.99s 
320325     INFO  main            d.u.i.k.p.i.AbstractProblemLoader Replaying proof LinkedList[List::size()].JML normal_behavior operation contract.0 
320327     DEBUG main            d.u.i.k.p.i.IntermediateProofReplayer Proof replay took 6.9ns 
320934     INFO  main            d.u.i.k.p.r.p.TestFile    ... finished proof: closed. 
321357     INFO  main            d.u.i.k.p.i.AbstractProblemLoader Loading environment from /home/runner/work/key/key/key.core/../key.ui/examples/heap/list/LinkedList_size.key.proof 
321357     DEBUG main            d.u.i.k.p.i.AbstractProblemLoader Environment load took 232.1ns 
321358     INFO  main            d.u.i.k.p.i.AbstractProblemLoader Creating init config 
322589     DEBUG main            d.u.i.k.j.r.ClassPreparationMethodBuilder clPrepBuilder: Inner Class detected. Reject building class initialisation methods. 
325175     DEBUG main            d.u.i.k.p.i.AbstractProblemLoader Init config took 3.82s 
325231     INFO  main            d.u.i.k.p.i.AbstractProblemLoader Replaying proof LinkedList[List::size()].JML normal_behavior operation contract.0 
325290     DEBUG main            d.u.i.k.p.i.IntermediateProofReplayer Proof replay took 55.93ms 
325292     DEBUG main            d.u.i.k.p.r.p.TestFile    ... success: reloaded. 
325293     INFO  main            d.u.i.k.p.r.p.TestFile    Now processing file /home/runner/work/key/key/key.core/../key.ui/examples/heap/list/MySet_footprint.key 
325294     INFO  main            d.u.i.k.p.i.AbstractProblemLoader Loading environment from /home/runner/work/key/key/key.core/../key.ui/examples/heap/list/MySet_footprint.key 
325294     DEBUG main            d.u.i.k.p.i.AbstractProblemLoader Environment load took 120.3ns 
325295     INFO  main            d.u.i.k.p.i.AbstractProblemLoader Creating init config 
326556     DEBUG main            d.u.i.k.j.r.ClassPreparationMethodBuilder clPrepBuilder: Inner Class detected. Reject building class initialisation methods. 
329264     DEBUG main            d.u.i.k.p.i.AbstractProblemLoader Init config took 3.97s 
329328     INFO  main            d.u.i.k.p.i.AbstractProblemLoader Replaying proof MySet[MySet::$footprint()].JML accessible clause.0 
329330     DEBUG main            d.u.i.k.p.i.IntermediateProofReplayer Proof replay took 7.2ns 
329638     INFO  main            d.u.i.k.p.r.p.TestFile    ... finished proof: closed. 
330071     INFO  main            d.u.i.k.p.i.AbstractProblemLoader Loading environment from /home/runner/work/key/key/key.core/../key.ui/examples/heap/list/MySet_footprint.key.proof 
330072     DEBUG main            d.u.i.k.p.i.AbstractProblemLoader Environment load took 440ns 
330073     INFO  main            d.u.i.k.p.i.AbstractProblemLoader Creating init config 
331271     DEBUG main            d.u.i.k.j.r.ClassPreparationMethodBuilder clPrepBuilder: Inner Class detected. Reject building class initialisation methods. 
333906     DEBUG main            d.u.i.k.p.i.AbstractProblemLoader Init config took 3.83s 
333982     INFO  main            d.u.i.k.p.i.AbstractProblemLoader Replaying proof MySet[MySet::$footprint()].JML accessible clause.0 
334014     DEBUG main            d.u.i.k.p.i.IntermediateProofReplayer Proof replay took 28.36ms 
334016     DEBUG main            d.u.i.k.p.r.p.TestFile    ... success: reloaded. 
334017     INFO  main            d.u.i.k.p.r.p.TestFile    Now processing file /home/runner/work/key/key/key.core/../key.ui/examples/heap/list/MySet_MySet.key 
334017     INFO  main            d.u.i.k.p.i.AbstractProblemLoader Loading environment from /home/runner/work/key/key/key.core/../key.ui/examples/heap/list/MySet_MySet.key 
334017     DEBUG main            d.u.i.k.p.i.AbstractProblemLoader Environment load took 137ns 
334020     INFO  main            d.u.i.k.p.i.AbstractProblemLoader Creating init config 
335309     DEBUG main            d.u.i.k.j.r.ClassPreparationMethodBuilder clPrepBuilder: Inner Class detected. Reject building class initialisation methods. 
338027     DEBUG main            d.u.i.k.p.i.AbstractProblemLoader Init config took 4.01s 
338088     INFO  main            d.u.i.k.p.i.AbstractProblemLoader Replaying proof MySet[MySet::MySet()].JML normal_behavior operation contract.0 
338090     DEBUG main            d.u.i.k.p.i.IntermediateProofReplayer Proof replay took 7.3ns 
341225     INFO  main            d.u.i.k.p.r.p.TestFile    ... finished proof: closed. 
341713     INFO  main            d.u.i.k.p.i.AbstractProblemLoader Loading environment from /home/runner/work/key/key/key.core/../key.ui/examples/heap/list/MySet_MySet.key.proof 
341714     DEBUG main            d.u.i.k.p.i.AbstractProblemLoader Environment load took 550.6ns 
341720     INFO  main            d.u.i.k.p.i.AbstractProblemLoader Creating init config 
342932     DEBUG main            d.u.i.k.j.r.ClassPreparationMethodBuilder clPrepBuilder: Inner Class detected. Reject building class initialisation methods. 
345622     DEBUG main            d.u.i.k.p.i.AbstractProblemLoader Init config took 3.9s 
345685     INFO  main            d.u.i.k.p.i.AbstractProblemLoader Replaying proof MySet[MySet::MySet()].JML normal_behavior operation contract.0 
346070     DEBUG main            d.u.i.k.p.i.IntermediateProofReplayer Proof replay took 371.16ms 
346072     DEBUG main            d.u.i.k.p.r.p.TestFile    ... success: reloaded. 
1475993    INFO  Test worker     d.u.i.k.p.r.RunAllProofsTestUnit Returning from test list 
1475995    INFO  Test worker     d.u.i.k.p.r.RunAllProofsTestUnit Running test list_ghost 
457        INFO  Timeout watchdog d.u.i.k.p.r.p.ForkedTestFileRunner Timeout watcher launched (2000 secs.) 
478        WARN  main            d.u.i.k.s.ProofSettings   The settings in /home/runner/.key/proof-settings.props are *not* read. 
552        INFO  main            d.u.i.k.p.r.p.TestFile    Now processing file /home/runner/work/key/key/key.core/../key.ui/examples/heap/list_ghost/ArrayList_add.key 
721        INFO  main            d.u.i.k.p.i.AbstractProblemLoader Loading environment from /home/runner/work/key/key/key.core/../key.ui/examples/heap/list_ghost/ArrayList_add.key 
744        DEBUG main            d.u.i.k.p.i.AbstractProblemLoader Environment load took 2.84ms 
1057       INFO  main            d.u.i.k.p.i.AbstractProblemLoader Creating init config 
2504       DEBUG main            d.u.i.k.j.TypeConverter   No LDT found for Meta 
2505       DEBUG main            d.u.i.k.j.TypeConverter   No LDT found for Meta 
2508       DEBUG main            d.u.i.k.j.TypeConverter   No LDT found for Meta 
2508       DEBUG main            d.u.i.k.j.TypeConverter   No LDT found for Meta 
4581       DEBUG main            d.u.i.k.j.TypeConverter   No LDT found for JavaBigintExpression 
11523      DEBUG main            d.u.i.k.p.i.AbstractProblemLoader Init config took 10.47s 
11763      INFO  main            d.u.i.k.p.i.AbstractProblemLoader Replaying proof ArrayList[List::add(java.lang.Object)].JML normal_behavior operation contract.0 
11816      DEBUG main            d.u.i.k.p.i.IntermediateProofReplayer Proof replay took 38.6ns 
18437      INFO  main            d.u.i.k.p.r.p.TestFile    ... finished proof: closed. 
18684      INFO  main            d.u.i.k.p.i.AbstractProblemLoader Loading environment from /home/runner/work/key/key/key.core/../key.ui/examples/heap/list_ghost/ArrayList_add.key.proof 
18684      DEBUG main            d.u.i.k.p.i.AbstractProblemLoader Environment load took 183.5ns 
18687      INFO  main            d.u.i.k.p.i.AbstractProblemLoader Creating init config 
22688      DEBUG main            d.u.i.k.p.i.AbstractProblemLoader Init config took 4s 
22774      INFO  main            d.u.i.k.p.i.AbstractProblemLoader Replaying proof ArrayList[List::add(java.lang.Object)].JML normal_behavior operation contract.0 
23453      DEBUG main            d.u.i.k.p.i.IntermediateProofReplayer Proof replay took 647.12ms 
23464      DEBUG main            d.u.i.k.p.r.p.TestFile    ... success: reloaded. 
23466      INFO  main            d.u.i.k.p.r.p.TestFile    Now processing file /home/runner/work/key/key/key.core/../key.ui/examples/heap/list_ghost/ArrayList_ArrayList.key 
23467      INFO  main            d.u.i.k.p.i.AbstractProblemLoader Loading environment from /home/runner/work/key/key/key.core/../key.ui/examples/heap/list_ghost/ArrayList_ArrayList.key 
23467      DEBUG main            d.u.i.k.p.i.AbstractProblemLoader Environment load took 366ns 
23469      INFO  main            d.u.i.k.p.i.AbstractProblemLoader Creating init config 
27198      DEBUG main            d.u.i.k.p.i.AbstractProblemLoader Init config took 3.73s 
27274      INFO  main            d.u.i.k.p.i.AbstractProblemLoader Replaying proof ArrayList[ArrayList::ArrayList()].JML normal_behavior operation contract.0 
27277      DEBUG main            d.u.i.k.p.i.IntermediateProofReplayer Proof replay took 7ns 
28613      INFO  main            d.u.i.k.p.r.p.TestFile    ... finished proof: closed. 
28826      INFO  main            d.u.i.k.p.i.AbstractProblemLoader Loading environment from /home/runner/work/key/key/key.core/../key.ui/examples/heap/list_ghost/ArrayList_ArrayList.key.proof 
28826      DEBUG main            d.u.i.k.p.i.AbstractProblemLoader Environment load took 175.9ns 
28828      INFO  main            d.u.i.k.p.i.AbstractProblemLoader Creating init config 
32343      DEBUG main            d.u.i.k.p.i.AbstractProblemLoader Init config took 3.51s 
32421      INFO  main            d.u.i.k.p.i.AbstractProblemLoader Replaying proof ArrayList[ArrayList::ArrayList()].JML normal_behavior operation contract.0 
32661      DEBUG main            d.u.i.k.p.i.IntermediateProofReplayer Proof replay took 229.58ms 
32664      DEBUG main            d.u.i.k.p.r.p.TestFile    ... success: reloaded. 
32666      INFO  main            d.u.i.k.p.r.p.TestFile    Now processing file /home/runner/work/key/key/key.core/../key.ui/examples/heap/list_ghost/ArrayList_enlarge.key 
32667      INFO  main            d.u.i.k.p.i.AbstractProblemLoader Loading environment from /home/runner/work/key/key/key.core/../key.ui/examples/heap/list_ghost/ArrayList_enlarge.key 
32667      DEBUG main            d.u.i.k.p.i.AbstractProblemLoader Environment load took 205.1ns 
32670      INFO  main            d.u.i.k.p.i.AbstractProblemLoader Creating init config 
36159      DEBUG main            d.u.i.k.p.i.AbstractProblemLoader Init config took 3.49s 
36241      INFO  main            d.u.i.k.p.i.AbstractProblemLoader Replaying proof ArrayList[ArrayList::enlarge()].JML normal_behavior operation contract.0 
36243      DEBUG main            d.u.i.k.p.i.IntermediateProofReplayer Proof replay took 6.4ns 
38896      INFO  main            d.u.i.k.p.r.p.TestFile    ... finished proof: closed. 
39120      INFO  main            d.u.i.k.p.i.AbstractProblemLoader Loading environment from /home/runner/work/key/key/key.core/../key.ui/examples/heap/list_ghost/ArrayList_enlarge.key.proof 
39121      DEBUG main            d.u.i.k.p.i.AbstractProblemLoader Environment load took 632.6ns 
39126      INFO  main            d.u.i.k.p.i.AbstractProblemLoader Creating init config 
42584      DEBUG main            d.u.i.k.p.i.AbstractProblemLoader Init config took 3.46s 
42642      INFO  main            d.u.i.k.p.i.AbstractProblemLoader Replaying proof ArrayList[ArrayList::enlarge()].JML normal_behavior operation contract.0 
43070      DEBUG main            d.u.i.k.p.i.IntermediateProofReplayer Proof replay took 415.99ms 
43073      DEBUG main            d.u.i.k.p.r.p.TestFile    ... success: reloaded. 
43075      INFO  main            d.u.i.k.p.r.p.TestFile    Now processing file /home/runner/work/key/key/key.core/../key.ui/examples/heap/list_ghost/ArrayList_get_dep.key 
43075      INFO  main            d.u.i.k.p.i.AbstractProblemLoader Loading environment from /home/runner/work/key/key/key.core/../key.ui/examples/heap/list_ghost/ArrayList_get_dep.key 
43076      DEBUG main            d.u.i.k.p.i.AbstractProblemLoader Environment load took 275.2ns 
43077      INFO  main            d.u.i.k.p.i.AbstractProblemLoader Creating init config 
46532      DEBUG main            d.u.i.k.p.i.AbstractProblemLoader Init config took 3.46s 
46609      INFO  main            d.u.i.k.p.i.AbstractProblemLoader Replaying proof ArrayList[List::get(int)].JML accessible clause.0 
46613      DEBUG main            d.u.i.k.p.i.IntermediateProofReplayer Proof replay took 26.6ns 
47020      INFO  main            d.u.i.k.p.r.p.TestFile    ... finished proof: closed. 
47254      INFO  main            d.u.i.k.p.i.AbstractProblemLoader Loading environment from /home/runner/work/key/key/key.core/../key.ui/examples/heap/list_ghost/ArrayList_get_dep.key.proof 
47255      DEBUG main            d.u.i.k.p.i.AbstractProblemLoader Environment load took 1.09ms 
47257      INFO  main            d.u.i.k.p.i.AbstractProblemLoader Creating init config 
50592      DEBUG main            d.u.i.k.p.i.AbstractProblemLoader Init config took 3.34s 
50650      INFO  main            d.u.i.k.p.i.AbstractProblemLoader Replaying proof ArrayList[List::get(int)].JML accessible clause.0 
50719      DEBUG main            d.u.i.k.p.i.IntermediateProofReplayer Proof replay took 64.81ms 
50721      DEBUG main            d.u.i.k.p.r.p.TestFile    ... success: reloaded. 
50722      INFO  main            d.u.i.k.p.r.p.TestFile    Now processing file /home/runner/work/key/key/key.core/../key.ui/examples/heap/list_ghost/ArrayList_get_exceptional.key 
50723      INFO  main            d.u.i.k.p.i.AbstractProblemLoader Loading environment from /home/runner/work/key/key/key.core/../key.ui/examples/heap/list_ghost/ArrayList_get_exceptional.key 
50723      DEBUG main            d.u.i.k.p.i.AbstractProblemLoader Environment load took 251.7ns 
50724      INFO  main            d.u.i.k.p.i.AbstractProblemLoader Creating init config 
54145      DEBUG main            d.u.i.k.p.i.AbstractProblemLoader Init config took 3.42s 
54205      INFO  main            d.u.i.k.p.i.AbstractProblemLoader Replaying proof ArrayList[List::get(int)].JML exceptional_behavior operation contract.0 
54208      DEBUG main            d.u.i.k.p.i.IntermediateProofReplayer Proof replay took 7.3ns 
55218      INFO  main            d.u.i.k.p.r.p.TestFile    ... finished proof: closed. 
55564      INFO  main            d.u.i.k.p.i.AbstractProblemLoader Loading environment from /home/runner/work/key/key/key.core/../key.ui/examples/heap/list_ghost/ArrayList_get_exceptional.key.proof 
55566      DEBUG main            d.u.i.k.p.i.AbstractProblemLoader Environment load took 1.7ms 
55568      INFO  main            d.u.i.k.p.i.AbstractProblemLoader Creating init config 
58982      DEBUG main            d.u.i.k.p.i.AbstractProblemLoader Init config took 3.41s 
59041      INFO  main            d.u.i.k.p.i.AbstractProblemLoader Replaying proof ArrayList[List::get(int)].JML exceptional_behavior operation contract.0 
59212      DEBUG main            d.u.i.k.p.i.IntermediateProofReplayer Proof replay took 163.02ms 
59214      DEBUG main            d.u.i.k.p.r.p.TestFile    ... success: reloaded. 
59215      INFO  main            d.u.i.k.p.r.p.TestFile    Now processing file /home/runner/work/key/key/key.core/../key.ui/examples/heap/list_ghost/ArrayList_get_normal.key 
59216      INFO  main            d.u.i.k.p.i.AbstractProblemLoader Loading environment from /home/runner/work/key/key/key.core/../key.ui/examples/heap/list_ghost/ArrayList_get_normal.key 
59216      DEBUG main            d.u.i.k.p.i.AbstractProblemLoader Environment load took 275.7ns 
59217      INFO  main            d.u.i.k.p.i.AbstractProblemLoader Creating init config 
62536      DEBUG main            d.u.i.k.p.i.AbstractProblemLoader Init config took 3.32s 
62594      INFO  main            d.u.i.k.p.i.AbstractProblemLoader Replaying proof ArrayList[List::get(int)].JML normal_behavior operation contract.0 
62597      DEBUG main            d.u.i.k.p.i.IntermediateProofReplayer Proof replay took 7.9ns 
62900      INFO  main            d.u.i.k.p.r.p.TestFile    ... finished proof: closed. 
63194      INFO  main            d.u.i.k.p.i.AbstractProblemLoader Loading environment from /home/runner/work/key/key/key.core/../key.ui/examples/heap/list_ghost/ArrayList_get_normal.key.proof 
63195      DEBUG main            d.u.i.k.p.i.AbstractProblemLoader Environment load took 666.5ns 
63197      INFO  main            d.u.i.k.p.i.AbstractProblemLoader Creating init config 
66522      DEBUG main            d.u.i.k.p.i.AbstractProblemLoader Init config took 3.33s 
66589      INFO  main            d.u.i.k.p.i.AbstractProblemLoader Replaying proof ArrayList[List::get(int)].JML normal_behavior operation contract.0 
66657      DEBUG main            d.u.i.k.p.i.IntermediateProofReplayer Proof replay took 59.11ms 
66659      DEBUG main            d.u.i.k.p.r.p.TestFile    ... success: reloaded. 
66660      INFO  main            d.u.i.k.p.r.p.TestFile    Now processing file /home/runner/work/key/key/key.core/../key.ui/examples/heap/list_ghost/ArrayList_inv.key 
66661      INFO  main            d.u.i.k.p.i.AbstractProblemLoader Loading environment from /home/runner/work/key/key/key.core/../key.ui/examples/heap/list_ghost/ArrayList_inv.key 
66661      DEBUG main            d.u.i.k.p.i.AbstractProblemLoader Environment load took 293.4ns 
66663      INFO  main            d.u.i.k.p.i.AbstractProblemLoader Creating init config 
69977      DEBUG main            d.u.i.k.p.i.AbstractProblemLoader Init config took 3.31s 
70029      INFO  main            d.u.i.k.p.i.AbstractProblemLoader Replaying proof ArrayList[java.lang.Object::<inv>()].JML accessible clause.0 
70034      DEBUG main            d.u.i.k.p.i.IntermediateProofReplayer Proof replay took 7.1ns 
70137      INFO  main            d.u.i.k.p.r.p.TestFile    ... finished proof: closed. 
70362      INFO  main            d.u.i.k.p.i.AbstractProblemLoader Loading environment from /home/runner/work/key/key/key.core/../key.ui/examples/heap/list_ghost/ArrayList_inv.key.proof 
70362      DEBUG main            d.u.i.k.p.i.AbstractProblemLoader Environment load took 172.4ns 
70363      INFO  main            d.u.i.k.p.i.AbstractProblemLoader Creating init config 
73697      DEBUG main            d.u.i.k.p.i.AbstractProblemLoader Init config took 3.33s 
73748      INFO  main            d.u.i.k.p.i.AbstractProblemLoader Replaying proof ArrayList[java.lang.Object::<inv>()].JML accessible clause.0 
73761      DEBUG main            d.u.i.k.p.i.IntermediateProofReplayer Proof replay took 10.52ms 
73762      DEBUG main            d.u.i.k.p.r.p.TestFile    ... success: reloaded. 
73764      INFO  main            d.u.i.k.p.r.p.TestFile    Now processing file /home/runner/work/key/key/key.core/../key.ui/examples/heap/list_ghost/ArrayList_size_dep.key 
73764      INFO  main            d.u.i.k.p.i.AbstractProblemLoader Loading environment from /home/runner/work/key/key/key.core/../key.ui/examples/heap/list_ghost/ArrayList_size_dep.key 
73764      DEBUG main            d.u.i.k.p.i.AbstractProblemLoader Environment load took 176.7ns 
73765      INFO  main            d.u.i.k.p.i.AbstractProblemLoader Creating init config 
77067      DEBUG main            d.u.i.k.p.i.AbstractProblemLoader Init config took 3.3s 
77133      INFO  main            d.u.i.k.p.i.AbstractProblemLoader Replaying proof ArrayList[List::size()].JML accessible clause.0 
77139      DEBUG main            d.u.i.k.p.i.IntermediateProofReplayer Proof replay took 7.7ns 
77241      INFO  main            d.u.i.k.p.r.p.TestFile    ... finished proof: closed. 
77478      INFO  main            d.u.i.k.p.i.AbstractProblemLoader Loading environment from /home/runner/work/key/key/key.core/../key.ui/examples/heap/list_ghost/ArrayList_size_dep.key.proof 
77478      DEBUG main            d.u.i.k.p.i.AbstractProblemLoader Environment load took 142ns 
77479      INFO  main            d.u.i.k.p.i.AbstractProblemLoader Creating init config 
80708      DEBUG main            d.u.i.k.p.i.AbstractProblemLoader Init config took 3.23s 
80783      INFO  main            d.u.i.k.p.i.AbstractProblemLoader Replaying proof ArrayList[List::size()].JML accessible clause.0 
80807      DEBUG main            d.u.i.k.p.i.IntermediateProofReplayer Proof replay took 15.44ms 
80808      DEBUG main            d.u.i.k.p.r.p.TestFile    ... success: reloaded. 
80814      INFO  main            d.u.i.k.p.r.p.TestFile    Now processing file /home/runner/work/key/key/key.core/../key.ui/examples/heap/list_ghost/ArrayList_size.key 
80816      INFO  main            d.u.i.k.p.i.AbstractProblemLoader Loading environment from /home/runner/work/key/key/key.core/../key.ui/examples/heap/list_ghost/ArrayList_size.key 
80816      DEBUG main            d.u.i.k.p.i.AbstractProblemLoader Environment load took 595.3ns 
80818      INFO  main            d.u.i.k.p.i.AbstractProblemLoader Creating init config 
84066      DEBUG main            d.u.i.k.p.i.AbstractProblemLoader Init config took 3.25s 
84115      INFO  main            d.u.i.k.p.i.AbstractProblemLoader Replaying proof ArrayList[List::size()].JML normal_behavior operation contract.0 
84117      DEBUG main            d.u.i.k.p.i.IntermediateProofReplayer Proof replay took 7.2ns 
84222      INFO  main            d.u.i.k.p.r.p.TestFile    ... finished proof: closed. 
84465      INFO  main            d.u.i.k.p.i.AbstractProblemLoader Loading environment from /home/runner/work/key/key/key.core/../key.ui/examples/heap/list_ghost/ArrayList_size.key.proof 
84465      DEBUG main            d.u.i.k.p.i.AbstractProblemLoader Environment load took 203.5ns 
84466      INFO  main            d.u.i.k.p.i.AbstractProblemLoader Creating init config 
87670      DEBUG main            d.u.i.k.p.i.AbstractProblemLoader Init config took 3.2s 
87720      INFO  main            d.u.i.k.p.i.AbstractProblemLoader Replaying proof ArrayList[List::size()].JML normal_behavior operation contract.0 
87738      DEBUG main            d.u.i.k.p.i.IntermediateProofReplayer Proof replay took 14.8ms 
87739      DEBUG main            d.u.i.k.p.r.p.TestFile    ... success: reloaded. 
1563954    INFO  Test worker     d.u.i.k.p.r.RunAllProofsTestUnit Returning from test list_ghost 
1563956    INFO  Test worker     d.u.i.k.p.r.RunAllProofsTestUnit Running test list_recursive 
475        INFO  Timeout watchdog d.u.i.k.p.r.p.ForkedTestFileRunner Timeout watcher launched (2000 secs.) 
488        WARN  main            d.u.i.k.s.ProofSettings   The settings in /home/runner/.key/proof-settings.props are *not* read. 
550        INFO  main            d.u.i.k.p.r.p.TestFile    Now processing file /home/runner/work/key/key/key.core/../key.ui/examples/heap/list_recursiveSpec/ListOperationsNonNull_getNextNN_normal_behavior.key 
723        INFO  main            d.u.i.k.p.i.AbstractProblemLoader Loading environment from /home/runner/work/key/key/key.core/../key.ui/examples/heap/list_recursiveSpec/ListOperationsNonNull_getNextNN_normal_behavior.key 
752        DEBUG main            d.u.i.k.p.i.AbstractProblemLoader Environment load took 2.81ms 
1101       INFO  main            d.u.i.k.p.i.AbstractProblemLoader Creating init config 
2297       DEBUG main            d.u.i.k.j.TypeConverter   No LDT found for Meta 
2297       DEBUG main            d.u.i.k.j.TypeConverter   No LDT found for Meta 
2299       DEBUG main            d.u.i.k.j.TypeConverter   No LDT found for Meta 
2300       DEBUG main            d.u.i.k.j.TypeConverter   No LDT found for Meta 
4348       DEBUG main            d.u.i.k.j.TypeConverter   No LDT found for JavaBigintExpression 
11695      DEBUG main            d.u.i.k.p.i.AbstractProblemLoader Init config took 10.59s 
11921      INFO  main            d.u.i.k.p.i.AbstractProblemLoader Replaying proof ListOperationsNonNull[ListOperationsNonNull::getNextNN(ListNN,int)].JML normal_behavior operation contract.0 
11968      DEBUG main            d.u.i.k.p.i.IntermediateProofReplayer Proof replay took 56.7ns 
13555      INFO  main            d.u.i.k.p.r.p.TestFile    ... finished proof: closed. 
13772      INFO  main            d.u.i.k.p.i.AbstractProblemLoader Loading environment from /home/runner/work/key/key/key.core/../key.ui/examples/heap/list_recursiveSpec/ListOperationsNonNull_getNextNN_normal_behavior.key.proof 
13773      DEBUG main            d.u.i.k.p.i.AbstractProblemLoader Environment load took 658.5ns 
13776      INFO  main            d.u.i.k.p.i.AbstractProblemLoader Creating init config 
17864      DEBUG main            d.u.i.k.p.i.AbstractProblemLoader Init config took 4.09s 
17968      INFO  main            d.u.i.k.p.i.AbstractProblemLoader Replaying proof ListOperationsNonNull[ListOperationsNonNull::getNextNN(ListNN,int)].JML normal_behavior operation contract.0 
18159      DEBUG main            d.u.i.k.p.i.IntermediateProofReplayer Proof replay took 180.56ms 
18168      DEBUG main            d.u.i.k.p.r.p.TestFile    ... success: reloaded. 
18170      INFO  main            d.u.i.k.p.r.p.TestFile    Now processing file /home/runner/work/key/key/key.core/../key.ui/examples/heap/list_recursiveSpec/ListOperationsNonNull_setValueAt_normal_behavior.key 
18171      INFO  main            d.u.i.k.p.i.AbstractProblemLoader Loading environment from /home/runner/work/key/key/key.core/../key.ui/examples/heap/list_recursiveSpec/ListOperationsNonNull_setValueAt_normal_behavior.key 
18171      DEBUG main            d.u.i.k.p.i.AbstractProblemLoader Environment load took 294.3ns 
18174      INFO  main            d.u.i.k.p.i.AbstractProblemLoader Creating init config 
22055      DEBUG main            d.u.i.k.p.i.AbstractProblemLoader Init config took 3.88s 
22137      INFO  main            d.u.i.k.p.i.AbstractProblemLoader Replaying proof ListOperationsNonNull[ListOperationsNonNull::setValueAt_NN(ListNN,int,int)].JML normal_behavior operation contract.0 
22141      DEBUG main            d.u.i.k.p.i.IntermediateProofReplayer Proof replay took 7.4ns 
22190      DEBUG main            d.u.i.k.m.s.ProofScriptEngine [1] goal: 0, source line: 51, command: 'macro autopilot' 
25219      DEBUG main            d.u.i.k.m.s.ProofScriptEngine [2] goal: 79, source line: 52, command: 'macro simp-upd' 
25228      DEBUG main            d.u.i.k.m.s.ProofScriptEngine [3] goal: 1451, source line: 53, command: 'rule observerDependencyEQ' 
25250      DEBUG main            d.u.i.k.m.s.ProofScriptEngine [4] goal: 1452, source line: 54, command: 'tryclose' 
25291      INFO  main            d.u.i.k.p.r.p.TestFile    ... finished proof: closed. 
25476      INFO  main            d.u.i.k.p.i.AbstractProblemLoader Loading environment from /home/runner/work/key/key/key.core/../key.ui/examples/heap/list_recursiveSpec/ListOperationsNonNull_setValueAt_normal_behavior.key.proof 
25477      DEBUG main            d.u.i.k.p.i.AbstractProblemLoader Environment load took 600.2ns 
25479      INFO  main            d.u.i.k.p.i.AbstractProblemLoader Creating init config 
29302      DEBUG main            d.u.i.k.p.i.AbstractProblemLoader Init config took 3.82s 
29373      INFO  main            d.u.i.k.p.i.AbstractProblemLoader Replaying proof ListOperationsNonNull[ListOperationsNonNull::setValueAt_NN(ListNN,int,int)].JML normal_behavior operation contract.0 
29527      DEBUG main            d.u.i.k.p.i.IntermediateProofReplayer Proof replay took 145.99ms 
29529      DEBUG main            d.u.i.k.p.r.p.TestFile    ... success: reloaded. 
1593707    INFO  Test worker     d.u.i.k.p.r.RunAllProofsTestUnit Returning from test list_recursive 
1593709    INFO  Test worker     d.u.i.k.p.r.RunAllProofsTestUnit Running test list_seq 
410        INFO  Timeout watchdog d.u.i.k.p.r.p.ForkedTestFileRunner Timeout watcher launched (2000 secs.) 
435        WARN  main            d.u.i.k.s.ProofSettings   The settings in /home/runner/.key/proof-settings.props are *not* read. 
470        INFO  main            d.u.i.k.p.r.p.TestFile    Now processing file /home/runner/work/key/key/key.core/../key.ui/examples/heap/list_seq/SimplifiedLinkedList.remove.key 
644        INFO  main            d.u.i.k.p.i.AbstractProblemLoader Loading environment from /home/runner/work/key/key/key.core/../key.ui/examples/heap/list_seq/SimplifiedLinkedList.remove.key 
666        DEBUG main            d.u.i.k.p.i.AbstractProblemLoader Environment load took 3.03ms 
981        INFO  main            d.u.i.k.p.i.AbstractProblemLoader Creating init config 
2293       DEBUG main            d.u.i.k.j.TypeConverter   No LDT found for Meta 
2293       DEBUG main            d.u.i.k.j.TypeConverter   No LDT found for Meta 
2297       DEBUG main            d.u.i.k.j.TypeConverter   No LDT found for Meta 
2297       DEBUG main            d.u.i.k.j.TypeConverter   No LDT found for Meta 
4178       DEBUG main            d.u.i.k.j.TypeConverter   No LDT found for JavaBigintExpression 
11645      DEBUG main            d.u.i.k.p.i.AbstractProblemLoader Init config took 10.66s 
11874      INFO  main            d.u.i.k.p.i.AbstractProblemLoader Replaying proof SimplifiedLinkedList[SimplifiedLinkedList::remove(int)].JML normal_behavior operation contract.0 
11923      DEBUG main            d.u.i.k.p.i.IntermediateProofReplayer Proof replay took 53ns 
103078     INFO  main            d.u.i.k.p.r.p.TestFile    ... finished proof: closed. 
103615     INFO  main            d.u.i.k.p.i.AbstractProblemLoader Loading environment from /home/runner/work/key/key/key.core/../key.ui/examples/heap/list_seq/SimplifiedLinkedList.remove.key.proof 
103617     DEBUG main            d.u.i.k.p.i.AbstractProblemLoader Environment load took 1.7ms 
103642     INFO  main            d.u.i.k.p.i.AbstractProblemLoader Creating init config 
107977     DEBUG main            d.u.i.k.p.i.AbstractProblemLoader Init config took 4.33s 
108116     INFO  main            d.u.i.k.p.i.AbstractProblemLoader Replaying proof SimplifiedLinkedList[SimplifiedLinkedList::remove(int)].JML normal_behavior operation contract.0 
112118     DEBUG main            d.u.i.k.p.i.IntermediateProofReplayer Proof replay took 3.64s 
112143     DEBUG main            d.u.i.k.p.r.p.TestFile    ... success: reloaded. 
112147     INFO  main            d.u.i.k.p.r.p.TestFile    Now processing file /home/runner/work/key/key/key.core/../key.ui/examples/heap/list_seq/ArrayList.ArrayList.key 
112147     INFO  main            d.u.i.k.p.i.AbstractProblemLoader Loading environment from /home/runner/work/key/key/key.core/../key.ui/examples/heap/list_seq/ArrayList.ArrayList.key 
112148     DEBUG main            d.u.i.k.p.i.AbstractProblemLoader Environment load took 439.9ns 
112150     INFO  main            d.u.i.k.p.i.AbstractProblemLoader Creating init config 
116521     DEBUG main            d.u.i.k.p.i.AbstractProblemLoader Init config took 4.37s 
116641     INFO  main            d.u.i.k.p.i.AbstractProblemLoader Replaying proof ArrayList[ArrayList::ArrayList()].JML normal_behavior operation contract.0 
116644     DEBUG main            d.u.i.k.p.i.IntermediateProofReplayer Proof replay took 7.7ns 
117851     INFO  main            d.u.i.k.p.r.p.TestFile    ... finished proof: closed. 
118091     INFO  main            d.u.i.k.p.i.AbstractProblemLoader Loading environment from /home/runner/work/key/key/key.core/../key.ui/examples/heap/list_seq/ArrayList.ArrayList.key.proof 
118092     DEBUG main            d.u.i.k.p.i.AbstractProblemLoader Environment load took 963.8ns 
118096     INFO  main            d.u.i.k.p.i.AbstractProblemLoader Creating init config 
122119     DEBUG main            d.u.i.k.p.i.AbstractProblemLoader Init config took 4.02s 
122240     INFO  main            d.u.i.k.p.i.AbstractProblemLoader Replaying proof ArrayList[ArrayList::ArrayList()].JML normal_behavior operation contract.0 
122413     DEBUG main            d.u.i.k.p.i.IntermediateProofReplayer Proof replay took 164.47ms 
122415     DEBUG main            d.u.i.k.p.r.p.TestFile    ... success: reloaded. 
122417     INFO  main            d.u.i.k.p.r.p.TestFile    Now processing file /home/runner/work/key/key/key.core/../key.ui/examples/heap/list_seq/ArrayList.add.key 
122417     INFO  main            d.u.i.k.p.i.AbstractProblemLoader Loading environment from /home/runner/work/key/key/key.core/../key.ui/examples/heap/list_seq/ArrayList.add.key 
122418     DEBUG main            d.u.i.k.p.i.AbstractProblemLoader Environment load took 369.7ns 
122421     INFO  main            d.u.i.k.p.i.AbstractProblemLoader Creating init config 
126441     DEBUG main            d.u.i.k.p.i.AbstractProblemLoader Init config took 4.02s 
126570     INFO  main            d.u.i.k.p.i.AbstractProblemLoader Replaying proof ArrayList[List::add(java.lang.Object)].JML normal_behavior operation contract.0 
126572     DEBUG main            d.u.i.k.p.i.IntermediateProofReplayer Proof replay took 7.4ns 
130969     INFO  main            d.u.i.k.p.r.p.TestFile    ... finished proof: closed. 
131219     INFO  main            d.u.i.k.p.i.AbstractProblemLoader Loading environment from /home/runner/work/key/key/key.core/../key.ui/examples/heap/list_seq/ArrayList.add.key.proof 
131220     DEBUG main            d.u.i.k.p.i.AbstractProblemLoader Environment load took 658.6ns 
131223     INFO  main            d.u.i.k.p.i.AbstractProblemLoader Creating init config 
135076     DEBUG main            d.u.i.k.p.i.AbstractProblemLoader Init config took 3.85s 
135180     INFO  main            d.u.i.k.p.i.AbstractProblemLoader Replaying proof ArrayList[List::add(java.lang.Object)].JML normal_behavior operation contract.0 
135528     DEBUG main            d.u.i.k.p.i.IntermediateProofReplayer Proof replay took 334.72ms 
135530     DEBUG main            d.u.i.k.p.r.p.TestFile    ... success: reloaded. 
135538     INFO  main            d.u.i.k.p.r.p.TestFile    Now processing file /home/runner/work/key/key/key.core/../key.ui/examples/heap/list_seq/ArrayList.contains.key 
135539     INFO  main            d.u.i.k.p.i.AbstractProblemLoader Loading environment from /home/runner/work/key/key/key.core/../key.ui/examples/heap/list_seq/ArrayList.contains.key 
135539     DEBUG main            d.u.i.k.p.i.AbstractProblemLoader Environment load took 303.3ns 
135549     INFO  main            d.u.i.k.p.i.AbstractProblemLoader Creating init config 
139429     DEBUG main            d.u.i.k.p.i.AbstractProblemLoader Init config took 3.88s 
139538     INFO  main            d.u.i.k.p.i.AbstractProblemLoader Replaying proof ArrayList[List::contains(java.lang.Object)].JML normal_behavior operation contract.0 
139540     DEBUG main            d.u.i.k.p.i.IntermediateProofReplayer Proof replay took 8.2ns 
141551     INFO  main            d.u.i.k.p.r.p.TestFile    ... finished proof: closed. 
141812     INFO  main            d.u.i.k.p.i.AbstractProblemLoader Loading environment from /home/runner/work/key/key/key.core/../key.ui/examples/heap/list_seq/ArrayList.contains.key.proof 
141812     DEBUG main            d.u.i.k.p.i.AbstractProblemLoader Environment load took 244.4ns 
141814     INFO  main            d.u.i.k.p.i.AbstractProblemLoader Creating init config 
145738     DEBUG main            d.u.i.k.p.i.AbstractProblemLoader Init config took 3.92s 
145855     INFO  main            d.u.i.k.p.i.AbstractProblemLoader Replaying proof ArrayList[List::contains(java.lang.Object)].JML normal_behavior operation contract.0 
146117     DEBUG main            d.u.i.k.p.i.IntermediateProofReplayer Proof replay took 251.05ms 
146119     DEBUG main            d.u.i.k.p.r.p.TestFile    ... success: reloaded. 
146120     INFO  main            d.u.i.k.p.r.p.TestFile    Now processing file /home/runner/work/key/key/key.core/../key.ui/examples/heap/list_seq/ArrayList.enlarge.key 
146121     INFO  main            d.u.i.k.p.i.AbstractProblemLoader Loading environment from /home/runner/work/key/key/key.core/../key.ui/examples/heap/list_seq/ArrayList.enlarge.key 
146121     DEBUG main            d.u.i.k.p.i.AbstractProblemLoader Environment load took 301.1ns 
146122     INFO  main            d.u.i.k.p.i.AbstractProblemLoader Creating init config 
150111     DEBUG main            d.u.i.k.p.i.AbstractProblemLoader Init config took 3.99s 
150227     INFO  main            d.u.i.k.p.i.AbstractProblemLoader Replaying proof ArrayList[ArrayList::enlarge()].JML normal_behavior operation contract.0 
150229     DEBUG main            d.u.i.k.p.i.IntermediateProofReplayer Proof replay took 7.3ns 
152939     INFO  main            d.u.i.k.p.r.p.TestFile    ... finished proof: closed. 
153188     INFO  main            d.u.i.k.p.i.AbstractProblemLoader Loading environment from /home/runner/work/key/key/key.core/../key.ui/examples/heap/list_seq/ArrayList.enlarge.key.proof 
153191     DEBUG main            d.u.i.k.p.i.AbstractProblemLoader Environment load took 2.92ms 
153193     INFO  main            d.u.i.k.p.i.AbstractProblemLoader Creating init config 
157171     DEBUG main            d.u.i.k.p.i.AbstractProblemLoader Init config took 3.98s 
157273     INFO  main            d.u.i.k.p.i.AbstractProblemLoader Replaying proof ArrayList[ArrayList::enlarge()].JML normal_behavior operation contract.0 
157597     DEBUG main            d.u.i.k.p.i.IntermediateProofReplayer Proof replay took 313.89ms 
157598     DEBUG main            d.u.i.k.p.r.p.TestFile    ... success: reloaded. 
157600     INFO  main            d.u.i.k.p.r.p.TestFile    Now processing file /home/runner/work/key/key/key.core/../key.ui/examples/heap/list_seq/ArrayList.get.key 
157600     INFO  main            d.u.i.k.p.i.AbstractProblemLoader Loading environment from /home/runner/work/key/key/key.core/../key.ui/examples/heap/list_seq/ArrayList.get.key 
157601     DEBUG main            d.u.i.k.p.i.AbstractProblemLoader Environment load took 321.6ns 
157602     INFO  main            d.u.i.k.p.i.AbstractProblemLoader Creating init config 
161504     DEBUG main            d.u.i.k.p.i.AbstractProblemLoader Init config took 3.9s 
161611     INFO  main            d.u.i.k.p.i.AbstractProblemLoader Replaying proof ArrayList[List::get(int)].JML normal_behavior operation contract.0 
161615     DEBUG main            d.u.i.k.p.i.IntermediateProofReplayer Proof replay took 9.8ns 
162425     INFO  main            d.u.i.k.p.r.p.TestFile    ... finished proof: closed. 
162675     INFO  main            d.u.i.k.p.i.AbstractProblemLoader Loading environment from /home/runner/work/key/key/key.core/../key.ui/examples/heap/list_seq/ArrayList.get.key.proof 
162676     DEBUG main            d.u.i.k.p.i.AbstractProblemLoader Environment load took 1.28ms 
162679     INFO  main            d.u.i.k.p.i.AbstractProblemLoader Creating init config 
166640     DEBUG main            d.u.i.k.p.i.AbstractProblemLoader Init config took 3.96s 
166739     INFO  main            d.u.i.k.p.i.AbstractProblemLoader Replaying proof ArrayList[List::get(int)].JML normal_behavior operation contract.0 
166805     DEBUG main            d.u.i.k.p.i.IntermediateProofReplayer Proof replay took 56.89ms 
166807     DEBUG main            d.u.i.k.p.r.p.TestFile    ... success: reloaded. 
166809     INFO  main            d.u.i.k.p.r.p.TestFile    Now processing file /home/runner/work/key/key/key.core/../key.ui/examples/heap/list_seq/ArrayList.newArray.key 
166809     INFO  main            d.u.i.k.p.i.AbstractProblemLoader Loading environment from /home/runner/work/key/key/key.core/../key.ui/examples/heap/list_seq/ArrayList.newArray.key 
166810     DEBUG main            d.u.i.k.p.i.AbstractProblemLoader Environment load took 302.8ns 
166812     INFO  main            d.u.i.k.p.i.AbstractProblemLoader Creating init config 
170848     DEBUG main            d.u.i.k.p.i.AbstractProblemLoader Init config took 4.04s 
170960     INFO  main            d.u.i.k.p.i.AbstractProblemLoader Replaying proof ArrayList[ArrayList::newArray(int)].JML normal_behavior operation contract.0 
170962     DEBUG main            d.u.i.k.p.i.IntermediateProofReplayer Proof replay took 9.9ns 
171366     INFO  main            d.u.i.k.p.r.p.TestFile    ... finished proof: closed. 
171598     INFO  main            d.u.i.k.p.i.AbstractProblemLoader Loading environment from /home/runner/work/key/key/key.core/../key.ui/examples/heap/list_seq/ArrayList.newArray.key.proof 
171598     DEBUG main            d.u.i.k.p.i.AbstractProblemLoader Environment load took 628.3ns 
171600     INFO  main            d.u.i.k.p.i.AbstractProblemLoader Creating init config 
175418     DEBUG main            d.u.i.k.p.i.AbstractProblemLoader Init config took 3.82s 
175530     INFO  main            d.u.i.k.p.i.AbstractProblemLoader Replaying proof ArrayList[ArrayList::newArray(int)].JML normal_behavior operation contract.0 
175595     DEBUG main            d.u.i.k.p.i.IntermediateProofReplayer Proof replay took 60.69ms 
175596     DEBUG main            d.u.i.k.p.r.p.TestFile    ... success: reloaded. 
175597     INFO  main            d.u.i.k.p.r.p.TestFile    Now processing file /home/runner/work/key/key/key.core/../key.ui/examples/heap/list_seq/ArrayList.remove.0.key 
175597     INFO  main            d.u.i.k.p.i.AbstractProblemLoader Loading environment from /home/runner/work/key/key/key.core/../key.ui/examples/heap/list_seq/ArrayList.remove.0.key 
175598     DEBUG main            d.u.i.k.p.i.AbstractProblemLoader Environment load took 199.9ns 
175599     INFO  main            d.u.i.k.p.i.AbstractProblemLoader Creating init config 
179502     DEBUG main            d.u.i.k.p.i.AbstractProblemLoader Init config took 3.9s 
179605     INFO  main            d.u.i.k.p.i.AbstractProblemLoader Replaying proof ArrayList[List::remove(java.lang.Object)].JML normal_behavior operation contract.0 
179607     DEBUG main            d.u.i.k.p.i.IntermediateProofReplayer Proof replay took 8.5ns 
182162     INFO  main            d.u.i.k.p.r.p.TestFile    ... finished proof: closed. 
182431     INFO  main            d.u.i.k.p.i.AbstractProblemLoader Loading environment from /home/runner/work/key/key/key.core/../key.ui/examples/heap/list_seq/ArrayList.remove.0.key.proof 
182431     DEBUG main            d.u.i.k.p.i.AbstractProblemLoader Environment load took 275.2ns 
182432     INFO  main            d.u.i.k.p.i.AbstractProblemLoader Creating init config 
186254     DEBUG main            d.u.i.k.p.i.AbstractProblemLoader Init config took 3.82s 
186348     INFO  main            d.u.i.k.p.i.AbstractProblemLoader Replaying proof ArrayList[List::remove(java.lang.Object)].JML normal_behavior operation contract.0 
186813     DEBUG main            d.u.i.k.p.i.IntermediateProofReplayer Proof replay took 456.31ms 
186816     DEBUG main            d.u.i.k.p.r.p.TestFile    ... success: reloaded. 
186817     INFO  main            d.u.i.k.p.r.p.TestFile    Now processing file /home/runner/work/key/key/key.core/../key.ui/examples/heap/list_seq/ArrayList.remove.1.key 
186817     INFO  main            d.u.i.k.p.i.AbstractProblemLoader Loading environment from /home/runner/work/key/key/key.core/../key.ui/examples/heap/list_seq/ArrayList.remove.1.key 
186817     DEBUG main            d.u.i.k.p.i.AbstractProblemLoader Environment load took 106.8ns 
186818     INFO  main            d.u.i.k.p.i.AbstractProblemLoader Creating init config 
190558     DEBUG main            d.u.i.k.p.i.AbstractProblemLoader Init config took 3.74s 
190650     INFO  main            d.u.i.k.p.i.AbstractProblemLoader Replaying proof ArrayList[List::remove(java.lang.Object)].JML normal_behavior operation contract.1 
190654     DEBUG main            d.u.i.k.p.i.IntermediateProofReplayer Proof replay took 8.4ns 
206178     INFO  main            d.u.i.k.p.r.p.TestFile    ... finished proof: closed. 
206529     INFO  main            d.u.i.k.p.i.AbstractProblemLoader Loading environment from /home/runner/work/key/key/key.core/../key.ui/examples/heap/list_seq/ArrayList.remove.1.key.proof 
206529     DEBUG main            d.u.i.k.p.i.AbstractProblemLoader Environment load took 281.4ns 
206533     INFO  main            d.u.i.k.p.i.AbstractProblemLoader Creating init config 
210290     DEBUG main            d.u.i.k.p.i.AbstractProblemLoader Init config took 3.76s 
210383     INFO  main            d.u.i.k.p.i.AbstractProblemLoader Replaying proof ArrayList[List::remove(java.lang.Object)].JML normal_behavior operation contract.1 
211599     DEBUG main            d.u.i.k.p.i.IntermediateProofReplayer Proof replay took 1.17s 
211603     DEBUG main            d.u.i.k.p.r.p.TestFile    ... success: reloaded. 
1805592    INFO  Test worker     d.u.i.k.p.r.RunAllProofsTestUnit Returning from test list_seq 
1805595    INFO  Test worker     d.u.i.k.p.r.RunAllProofsTestUnit Running test observer 
494        INFO  Timeout watchdog d.u.i.k.p.r.p.ForkedTestFileRunner Timeout watcher launched (2000 secs.) 
525        WARN  main            d.u.i.k.s.ProofSettings   The settings in /home/runner/.key/proof-settings.props are *not* read. 
559        INFO  main            d.u.i.k.p.r.p.TestFile    Now processing file /home/runner/work/key/key/key.core/../key.ui/examples/heap/observer/ExampleObserver_ExampleObserver.key 
701        INFO  main            d.u.i.k.p.i.AbstractProblemLoader Loading environment from /home/runner/work/key/key/key.core/../key.ui/examples/heap/observer/ExampleObserver_ExampleObserver.key 
725        DEBUG main            d.u.i.k.p.i.AbstractProblemLoader Environment load took 2.89ms 
1063       INFO  main            d.u.i.k.p.i.AbstractProblemLoader Creating init config 
2413       DEBUG main            d.u.i.k.j.TypeConverter   No LDT found for Meta 
2414       DEBUG main            d.u.i.k.j.TypeConverter   No LDT found for Meta 
2417       DEBUG main            d.u.i.k.j.TypeConverter   No LDT found for Meta 
2418       DEBUG main            d.u.i.k.j.TypeConverter   No LDT found for Meta 
4281       DEBUG main            d.u.i.k.j.TypeConverter   No LDT found for JavaBigintExpression 
11652      DEBUG main            d.u.i.k.p.i.AbstractProblemLoader Init config took 10.59s 
11940      INFO  main            d.u.i.k.p.i.AbstractProblemLoader Replaying proof ExampleObserver[ExampleObserver::ExampleObserver(ExampleSubject)].JML normal_behavior operation contract.0 
11995      DEBUG main            d.u.i.k.p.i.IntermediateProofReplayer Proof replay took 44.6ns 
13193      INFO  main            d.u.i.k.p.r.p.TestFile    ... finished proof: closed. 
13356      INFO  main            d.u.i.k.p.i.AbstractProblemLoader Loading environment from /home/runner/work/key/key/key.core/../key.ui/examples/heap/observer/ExampleObserver_ExampleObserver.key.proof 
13356      DEBUG main            d.u.i.k.p.i.AbstractProblemLoader Environment load took 611.8ns 
13359      INFO  main            d.u.i.k.p.i.AbstractProblemLoader Creating init config 
17482      DEBUG main            d.u.i.k.p.i.AbstractProblemLoader Init config took 4.12s 
17623      INFO  main            d.u.i.k.p.i.AbstractProblemLoader Replaying proof ExampleObserver[ExampleObserver::ExampleObserver(ExampleSubject)].JML normal_behavior operation contract.0 
17833      DEBUG main            d.u.i.k.p.i.IntermediateProofReplayer Proof replay took 197.64ms 
17848      DEBUG main            d.u.i.k.p.r.p.TestFile    ... success: reloaded. 
17854      INFO  main            d.u.i.k.p.r.p.TestFile    Now processing file /home/runner/work/key/key/key.core/../key.ui/examples/heap/observer/ExampleObserver_inv.key 
17854      INFO  main            d.u.i.k.p.i.AbstractProblemLoader Loading environment from /home/runner/work/key/key/key.core/../key.ui/examples/heap/observer/ExampleObserver_inv.key 
17855      DEBUG main            d.u.i.k.p.i.AbstractProblemLoader Environment load took 197.3ns 
17860      INFO  main            d.u.i.k.p.i.AbstractProblemLoader Creating init config 
21806      DEBUG main            d.u.i.k.p.i.AbstractProblemLoader Init config took 3.95s 
21886      INFO  main            d.u.i.k.p.i.AbstractProblemLoader Replaying proof ExampleObserver[java.lang.Object::<inv>()].JML accessible clause.0 
21889      DEBUG main            d.u.i.k.p.i.IntermediateProofReplayer Proof replay took 8.1ns 
22092      INFO  main            d.u.i.k.p.r.p.TestFile    ... finished proof: closed. 
22266      INFO  main            d.u.i.k.p.i.AbstractProblemLoader Loading environment from /home/runner/work/key/key/key.core/../key.ui/examples/heap/observer/ExampleObserver_inv.key.proof 
22267      DEBUG main            d.u.i.k.p.i.AbstractProblemLoader Environment load took 158.2ns 
22268      INFO  main            d.u.i.k.p.i.AbstractProblemLoader Creating init config 
26012      DEBUG main            d.u.i.k.p.i.AbstractProblemLoader Init config took 3.74s 
26123      INFO  main            d.u.i.k.p.i.AbstractProblemLoader Replaying proof ExampleObserver[java.lang.Object::<inv>()].JML accessible clause.0 
26157      DEBUG main            d.u.i.k.p.i.IntermediateProofReplayer Proof replay took 26.55ms 
26159      DEBUG main            d.u.i.k.p.r.p.TestFile    ... success: reloaded. 
26162      INFO  main            d.u.i.k.p.r.p.TestFile    Now processing file /home/runner/work/key/key/key.core/../key.ui/examples/heap/observer/ExampleObserver_subject.key 
26162      INFO  main            d.u.i.k.p.i.AbstractProblemLoader Loading environment from /home/runner/work/key/key/key.core/../key.ui/examples/heap/observer/ExampleObserver_subject.key 
26163      DEBUG main            d.u.i.k.p.i.AbstractProblemLoader Environment load took 325.9ns 
26166      INFO  main            d.u.i.k.p.i.AbstractProblemLoader Creating init config 
29866      DEBUG main            d.u.i.k.p.i.AbstractProblemLoader Init config took 3.7s 
29958      INFO  main            d.u.i.k.p.i.AbstractProblemLoader Replaying proof Observer[Observer::$subject()].JML accessible clause.0 
29961      DEBUG main            d.u.i.k.p.i.IntermediateProofReplayer Proof replay took 6.3ns 
30063      INFO  main            d.u.i.k.p.r.p.TestFile    ... finished proof: closed. 
30284      INFO  main            d.u.i.k.p.i.AbstractProblemLoader Loading environment from /home/runner/work/key/key/key.core/../key.ui/examples/heap/observer/ExampleObserver_subject.key.proof 
30284      DEBUG main            d.u.i.k.p.i.AbstractProblemLoader Environment load took 166.3ns 
30286      INFO  main            d.u.i.k.p.i.AbstractProblemLoader Creating init config 
33965      DEBUG main            d.u.i.k.p.i.AbstractProblemLoader Init config took 3.68s 
34026      INFO  main            d.u.i.k.p.i.AbstractProblemLoader Replaying proof Observer[Observer::$subject()].JML accessible clause.0 
34030      DEBUG main            d.u.i.k.p.i.IntermediateProofReplayer Proof replay took 2.3ms 
34031      DEBUG main            d.u.i.k.p.r.p.TestFile    ... success: reloaded. 
34033      INFO  main            d.u.i.k.p.r.p.TestFile    Now processing file /home/runner/work/key/key/key.core/../key.ui/examples/heap/observer/ExampleObserver_update.key 
34033      INFO  main            d.u.i.k.p.i.AbstractProblemLoader Loading environment from /home/runner/work/key/key/key.core/../key.ui/examples/heap/observer/ExampleObserver_update.key 
34033      DEBUG main            d.u.i.k.p.i.AbstractProblemLoader Environment load took 119ns 
34034      INFO  main            d.u.i.k.p.i.AbstractProblemLoader Creating init config 
37704      DEBUG main            d.u.i.k.p.i.AbstractProblemLoader Init config took 3.67s 
37778      INFO  main            d.u.i.k.p.i.AbstractProblemLoader Replaying proof ExampleObserver[Observer::update()].JML normal_behavior operation contract.0 
37782      DEBUG main            d.u.i.k.p.i.IntermediateProofReplayer Proof replay took 8.2ns 
38286      INFO  main            d.u.i.k.p.r.p.TestFile    ... finished proof: closed. 
38509      INFO  main            d.u.i.k.p.i.AbstractProblemLoader Loading environment from /home/runner/work/key/key/key.core/../key.ui/examples/heap/observer/ExampleObserver_update.key.proof 
38511      DEBUG main            d.u.i.k.p.i.AbstractProblemLoader Environment load took 1.99ms 
38513      INFO  main            d.u.i.k.p.i.AbstractProblemLoader Creating init config 
42013      DEBUG main            d.u.i.k.p.i.AbstractProblemLoader Init config took 3.5s 
42091      INFO  main            d.u.i.k.p.i.AbstractProblemLoader Replaying proof ExampleObserver[Observer::update()].JML normal_behavior operation contract.0 
42183      DEBUG main            d.u.i.k.p.i.IntermediateProofReplayer Proof replay took 82.57ms 
42185      DEBUG main            d.u.i.k.p.r.p.TestFile    ... success: reloaded. 
42187      INFO  main            d.u.i.k.p.r.p.TestFile    Now processing file /home/runner/work/key/key/key.core/../key.ui/examples/heap/observer/ExampleObserver_upToDate.key 
42187      INFO  main            d.u.i.k.p.i.AbstractProblemLoader Loading environment from /home/runner/work/key/key/key.core/../key.ui/examples/heap/observer/ExampleObserver_upToDate.key 
42187      DEBUG main            d.u.i.k.p.i.AbstractProblemLoader Environment load took 142.3ns 
42188      INFO  main            d.u.i.k.p.i.AbstractProblemLoader Creating init config 
45874      DEBUG main            d.u.i.k.p.i.AbstractProblemLoader Init config took 3.69s 
45934      INFO  main            d.u.i.k.p.i.AbstractProblemLoader Replaying proof ExampleObserver[Observer::$upToDate()].JML accessible clause.0 
45937      DEBUG main            d.u.i.k.p.i.IntermediateProofReplayer Proof replay took 6.7ns 
46143      INFO  main            d.u.i.k.p.r.p.TestFile    ... finished proof: closed. 
46352      INFO  main            d.u.i.k.p.i.AbstractProblemLoader Loading environment from /home/runner/work/key/key/key.core/../key.ui/examples/heap/observer/ExampleObserver_upToDate.key.proof 
46352      DEBUG main            d.u.i.k.p.i.AbstractProblemLoader Environment load took 548.5ns 
46354      INFO  main            d.u.i.k.p.i.AbstractProblemLoader Creating init config 
50000      DEBUG main            d.u.i.k.p.i.AbstractProblemLoader Init config took 3.65s 
50066      INFO  main            d.u.i.k.p.i.AbstractProblemLoader Replaying proof ExampleObserver[Observer::$upToDate()].JML accessible clause.0 
50096      DEBUG main            d.u.i.k.p.i.IntermediateProofReplayer Proof replay took 25.38ms 
50098      DEBUG main            d.u.i.k.p.r.p.TestFile    ... success: reloaded. 
50100      INFO  main            d.u.i.k.p.r.p.TestFile    Now processing file /home/runner/work/key/key/key.core/../key.ui/examples/heap/observer/ExampleObserver_value.key 
50101      INFO  main            d.u.i.k.p.i.AbstractProblemLoader Loading environment from /home/runner/work/key/key/key.core/../key.ui/examples/heap/observer/ExampleObserver_value.key 
50101      DEBUG main            d.u.i.k.p.i.AbstractProblemLoader Environment load took 306.6ns 
50103      INFO  main            d.u.i.k.p.i.AbstractProblemLoader Creating init config 
53685      DEBUG main            d.u.i.k.p.i.AbstractProblemLoader Init config took 3.58s 
53744      INFO  main            d.u.i.k.p.i.AbstractProblemLoader Replaying proof ExampleObserver[ExampleObserver::value()].JML normal_behavior operation contract.0 
53746      DEBUG main            d.u.i.k.p.i.IntermediateProofReplayer Proof replay took 16.1ns 
53849      INFO  main            d.u.i.k.p.r.p.TestFile    ... finished proof: closed. 
54060      INFO  main            d.u.i.k.p.i.AbstractProblemLoader Loading environment from /home/runner/work/key/key/key.core/../key.ui/examples/heap/observer/ExampleObserver_value.key.proof 
54061      DEBUG main            d.u.i.k.p.i.AbstractProblemLoader Environment load took 748.6ns 
54063      INFO  main            d.u.i.k.p.i.AbstractProblemLoader Creating init config 
57596      DEBUG main            d.u.i.k.p.i.AbstractProblemLoader Init config took 3.53s 
57654      INFO  main            d.u.i.k.p.i.AbstractProblemLoader Replaying proof ExampleObserver[ExampleObserver::value()].JML normal_behavior operation contract.0 
57678      DEBUG main            d.u.i.k.p.i.IntermediateProofReplayer Proof replay took 21.71ms 
57679      DEBUG main            d.u.i.k.p.r.p.TestFile    ... success: reloaded. 
57681      INFO  main            d.u.i.k.p.r.p.TestFile    Now processing file /home/runner/work/key/key/key.core/../key.ui/examples/heap/observer/ExampleSubject_addObserver.key 
57681      INFO  main            d.u.i.k.p.i.AbstractProblemLoader Loading environment from /home/runner/work/key/key/key.core/../key.ui/examples/heap/observer/ExampleSubject_addObserver.key 
57681      DEBUG main            d.u.i.k.p.i.AbstractProblemLoader Environment load took 131.8ns 
57683      INFO  main            d.u.i.k.p.i.AbstractProblemLoader Creating init config 
61400      DEBUG main            d.u.i.k.p.i.AbstractProblemLoader Init config took 3.72s 
61465      INFO  main            d.u.i.k.p.i.AbstractProblemLoader Replaying proof ExampleSubject[Subject::addObserver(Observer)].JML normal_behavior operation contract.0 
61468      DEBUG main            d.u.i.k.p.i.IntermediateProofReplayer Proof replay took 8ns 
69212      INFO  main            d.u.i.k.p.r.p.TestFile    ... finished proof: closed. 
69505      INFO  main            d.u.i.k.p.i.AbstractProblemLoader Loading environment from /home/runner/work/key/key/key.core/../key.ui/examples/heap/observer/ExampleSubject_addObserver.key.proof 
69505      DEBUG main            d.u.i.k.p.i.AbstractProblemLoader Environment load took 252.2ns 
69507      INFO  main            d.u.i.k.p.i.AbstractProblemLoader Creating init config 
73094      DEBUG main            d.u.i.k.p.i.AbstractProblemLoader Init config took 3.59s 
73155      INFO  main            d.u.i.k.p.i.AbstractProblemLoader Replaying proof ExampleSubject[Subject::addObserver(Observer)].JML normal_behavior operation contract.0 
73952      DEBUG main            d.u.i.k.p.i.IntermediateProofReplayer Proof replay took 771.63ms 
73954      DEBUG main            d.u.i.k.p.r.p.TestFile    ... success: reloaded. 
73956      INFO  main            d.u.i.k.p.r.p.TestFile    Now processing file /home/runner/work/key/key/key.core/../key.ui/examples/heap/observer/ExampleSubject_change.key 
73957      INFO  main            d.u.i.k.p.i.AbstractProblemLoader Loading environment from /home/runner/work/key/key/key.core/../key.ui/examples/heap/observer/ExampleSubject_change.key 
73957      DEBUG main            d.u.i.k.p.i.AbstractProblemLoader Environment load took 304.9ns 
73958      INFO  main            d.u.i.k.p.i.AbstractProblemLoader Creating init config 
77523      DEBUG main            d.u.i.k.p.i.AbstractProblemLoader Init config took 3.56s 
77582      INFO  main            d.u.i.k.p.i.AbstractProblemLoader Replaying proof ExampleSubject[ExampleSubject::change()].JML normal_behavior operation contract.0 
77584      DEBUG main            d.u.i.k.p.i.IntermediateProofReplayer Proof replay took 16.8ns 
78192      INFO  main            d.u.i.k.p.r.p.TestFile    ... finished proof: closed. 
78479      INFO  main            d.u.i.k.p.i.AbstractProblemLoader Loading environment from /home/runner/work/key/key/key.core/../key.ui/examples/heap/observer/ExampleSubject_change.key.proof 
78480      DEBUG main            d.u.i.k.p.i.AbstractProblemLoader Environment load took 620.6ns 
78482      INFO  main            d.u.i.k.p.i.AbstractProblemLoader Creating init config 
81975      DEBUG main            d.u.i.k.p.i.AbstractProblemLoader Init config took 3.49s 
82030      INFO  main            d.u.i.k.p.i.AbstractProblemLoader Replaying proof ExampleSubject[ExampleSubject::change()].JML normal_behavior operation contract.0 
82106      DEBUG main            d.u.i.k.p.i.IntermediateProofReplayer Proof replay took 69.77ms 
82108      DEBUG main            d.u.i.k.p.r.p.TestFile    ... success: reloaded. 
82110      INFO  main            d.u.i.k.p.r.p.TestFile    Now processing file /home/runner/work/key/key/key.core/../key.ui/examples/heap/observer/ExampleSubject_ExampleSubject.key 
82110      INFO  main            d.u.i.k.p.i.AbstractProblemLoader Loading environment from /home/runner/work/key/key/key.core/../key.ui/examples/heap/observer/ExampleSubject_ExampleSubject.key 
82111      DEBUG main            d.u.i.k.p.i.AbstractProblemLoader Environment load took 298.3ns 
82112      INFO  main            d.u.i.k.p.i.AbstractProblemLoader Creating init config 
85791      DEBUG main            d.u.i.k.p.i.AbstractProblemLoader Init config took 3.68s 
85848      INFO  main            d.u.i.k.p.i.AbstractProblemLoader Replaying proof ExampleSubject[ExampleSubject::ExampleSubject()].JML normal_behavior operation contract.0 
85850      DEBUG main            d.u.i.k.p.i.IntermediateProofReplayer Proof replay took 6.8ns 
87257      INFO  main            d.u.i.k.p.r.p.TestFile    ... finished proof: closed. 
87553      INFO  main            d.u.i.k.p.i.AbstractProblemLoader Loading environment from /home/runner/work/key/key/key.core/../key.ui/examples/heap/observer/ExampleSubject_ExampleSubject.key.proof 
87553      DEBUG main            d.u.i.k.p.i.AbstractProblemLoader Environment load took 150.9ns 
87554      INFO  main            d.u.i.k.p.i.AbstractProblemLoader Creating init config 
91120      DEBUG main            d.u.i.k.p.i.AbstractProblemLoader Init config took 3.57s 
91176      INFO  main            d.u.i.k.p.i.AbstractProblemLoader Replaying proof ExampleSubject[ExampleSubject::ExampleSubject()].JML normal_behavior operation contract.0 
91382      DEBUG main            d.u.i.k.p.i.IntermediateProofReplayer Proof replay took 197.49ms 
91384      DEBUG main            d.u.i.k.p.r.p.TestFile    ... success: reloaded. 
91385      INFO  main            d.u.i.k.p.r.p.TestFile    Now processing file /home/runner/work/key/key/key.core/../key.ui/examples/heap/observer/ExampleSubject_footprint.key 
91386      INFO  main            d.u.i.k.p.i.AbstractProblemLoader Loading environment from /home/runner/work/key/key/key.core/../key.ui/examples/heap/observer/ExampleSubject_footprint.key 
91386      DEBUG main            d.u.i.k.p.i.AbstractProblemLoader Environment load took 289.6ns 
91388      INFO  main            d.u.i.k.p.i.AbstractProblemLoader Creating init config 
94926      DEBUG main            d.u.i.k.p.i.AbstractProblemLoader Init config took 3.54s 
94981      INFO  main            d.u.i.k.p.i.AbstractProblemLoader Replaying proof ExampleSubject[Subject::$footprint()].JML accessible clause.0 
94983      DEBUG main            d.u.i.k.p.i.IntermediateProofReplayer Proof replay took 6.6ns 
95187      INFO  main            d.u.i.k.p.r.p.TestFile    ... finished proof: closed. 
95442      INFO  main            d.u.i.k.p.i.AbstractProblemLoader Loading environment from /home/runner/work/key/key/key.core/../key.ui/examples/heap/observer/ExampleSubject_footprint.key.proof 
95443      DEBUG main            d.u.i.k.p.i.AbstractProblemLoader Environment load took 573.8ns 
95444      INFO  main            d.u.i.k.p.i.AbstractProblemLoader Creating init config 
98972      DEBUG main            d.u.i.k.p.i.AbstractProblemLoader Init config took 3.53s 
99024      INFO  main            d.u.i.k.p.i.AbstractProblemLoader Replaying proof ExampleSubject[Subject::$footprint()].JML accessible clause.0 
99041      DEBUG main            d.u.i.k.p.i.IntermediateProofReplayer Proof replay took 14.5ms 
99043      DEBUG main            d.u.i.k.p.r.p.TestFile    ... success: reloaded. 
99044      INFO  main            d.u.i.k.p.r.p.TestFile    Now processing file /home/runner/work/key/key/key.core/../key.ui/examples/heap/observer/ExampleSubject_inv.key 
99045      INFO  main            d.u.i.k.p.i.AbstractProblemLoader Loading environment from /home/runner/work/key/key/key.core/../key.ui/examples/heap/observer/ExampleSubject_inv.key 
99045      DEBUG main            d.u.i.k.p.i.AbstractProblemLoader Environment load took 279.1ns 
99046      INFO  main            d.u.i.k.p.i.AbstractProblemLoader Creating init config 
102732     DEBUG main            d.u.i.k.p.i.AbstractProblemLoader Init config took 3.69s 
102783     INFO  main            d.u.i.k.p.i.AbstractProblemLoader Replaying proof ExampleSubject[java.lang.Object::<inv>()].JML accessible clause.0 
102785     DEBUG main            d.u.i.k.p.i.IntermediateProofReplayer Proof replay took 7.3ns 
104311     INFO  main            d.u.i.k.p.r.p.TestFile    ... finished proof: closed. 
104620     INFO  main            d.u.i.k.p.i.AbstractProblemLoader Loading environment from /home/runner/work/key/key/key.core/../key.ui/examples/heap/observer/ExampleSubject_inv.key.proof 
104621     DEBUG main            d.u.i.k.p.i.AbstractProblemLoader Environment load took 155.8ns 
104622     INFO  main            d.u.i.k.p.i.AbstractProblemLoader Creating init config 
108192     DEBUG main            d.u.i.k.p.i.AbstractProblemLoader Init config took 3.57s 
108251     INFO  main            d.u.i.k.p.i.AbstractProblemLoader Replaying proof ExampleSubject[java.lang.Object::<inv>()].JML accessible clause.0 
108364     DEBUG main            d.u.i.k.p.i.IntermediateProofReplayer Proof replay took 105.4ms 
108366     DEBUG main            d.u.i.k.p.r.p.TestFile    ... success: reloaded. 
108368     INFO  main            d.u.i.k.p.r.p.TestFile    Now processing file /home/runner/work/key/key/key.core/../key.ui/examples/heap/observer/ExampleSubject_notifyObservers.key 
108368     INFO  main            d.u.i.k.p.i.AbstractProblemLoader Loading environment from /home/runner/work/key/key/key.core/../key.ui/examples/heap/observer/ExampleSubject_notifyObservers.key 
108368     DEBUG main            d.u.i.k.p.i.AbstractProblemLoader Environment load took 278.5ns 
108370     INFO  main            d.u.i.k.p.i.AbstractProblemLoader Creating init config 
111980     DEBUG main            d.u.i.k.p.i.AbstractProblemLoader Init config took 3.61s 
112031     INFO  main            d.u.i.k.p.i.AbstractProblemLoader Replaying proof Subject[Subject::notifyObservers()].JML normal_behavior operation contract.0 
112034     DEBUG main            d.u.i.k.p.i.IntermediateProofReplayer Proof replay took 6.9ns 
112136     INFO  main            d.u.i.k.p.r.p.TestFile    ... finished proof: closed. 
112431     INFO  main            d.u.i.k.p.i.AbstractProblemLoader Loading environment from /home/runner/work/key/key/key.core/../key.ui/examples/heap/observer/ExampleSubject_notifyObservers.key.proof 
112431     DEBUG main            d.u.i.k.p.i.AbstractProblemLoader Environment load took 143.5ns 
112434     INFO  main            d.u.i.k.p.i.AbstractProblemLoader Creating init config 
116032     DEBUG main            d.u.i.k.p.i.AbstractProblemLoader Init config took 3.6s 
116106     INFO  main            d.u.i.k.p.i.AbstractProblemLoader Replaying proof Subject[Subject::notifyObservers()].JML normal_behavior operation contract.0 
116112     DEBUG main            d.u.i.k.p.i.IntermediateProofReplayer Proof replay took 4.07ms 
116113     DEBUG main            d.u.i.k.p.r.p.TestFile    ... success: reloaded. 
116115     INFO  main            d.u.i.k.p.r.p.TestFile    Now processing file /home/runner/work/key/key/key.core/../key.ui/examples/heap/observer/ExampleSubject_value_dep.key 
116116     INFO  main            d.u.i.k.p.i.AbstractProblemLoader Loading environment from /home/runner/work/key/key/key.core/../key.ui/examples/heap/observer/ExampleSubject_value_dep.key 
116116     DEBUG main            d.u.i.k.p.i.AbstractProblemLoader Environment load took 164.9ns 
116117     INFO  main            d.u.i.k.p.i.AbstractProblemLoader Creating init config 
119690     DEBUG main            d.u.i.k.p.i.AbstractProblemLoader Init config took 3.57s 
119744     INFO  main            d.u.i.k.p.i.AbstractProblemLoader Replaying proof ExampleSubject[ExampleSubject::value()].JML accessible clause.0 
119746     DEBUG main            d.u.i.k.p.i.IntermediateProofReplayer Proof replay took 6.8ns 
119848     INFO  main            d.u.i.k.p.r.p.TestFile    ... finished proof: closed. 
120125     INFO  main            d.u.i.k.p.i.AbstractProblemLoader Loading environment from /home/runner/work/key/key/key.core/../key.ui/examples/heap/observer/ExampleSubject_value_dep.key.proof 
120126     DEBUG main            d.u.i.k.p.i.AbstractProblemLoader Environment load took 188.4ns 
120127     INFO  main            d.u.i.k.p.i.AbstractProblemLoader Creating init config 
123663     DEBUG main            d.u.i.k.p.i.AbstractProblemLoader Init config took 3.54s 
123717     INFO  main            d.u.i.k.p.i.AbstractProblemLoader Replaying proof ExampleSubject[ExampleSubject::value()].JML accessible clause.0 
123733     DEBUG main            d.u.i.k.p.i.IntermediateProofReplayer Proof replay took 13.65ms 
123735     DEBUG main            d.u.i.k.p.r.p.TestFile    ... success: reloaded. 
123737     INFO  main            d.u.i.k.p.r.p.TestFile    Now processing file /home/runner/work/key/key/key.core/../key.ui/examples/heap/observer/ExampleSubject_value.key 
123737     INFO  main            d.u.i.k.p.i.AbstractProblemLoader Loading environment from /home/runner/work/key/key/key.core/../key.ui/examples/heap/observer/ExampleSubject_value.key 
123749     DEBUG main            d.u.i.k.p.i.AbstractProblemLoader Environment load took 11.44ms 
123750     INFO  main            d.u.i.k.p.i.AbstractProblemLoader Creating init config 
127422     DEBUG main            d.u.i.k.p.i.AbstractProblemLoader Init config took 3.67s 
127490     INFO  main            d.u.i.k.p.i.AbstractProblemLoader Replaying proof ExampleSubject[ExampleSubject::value()].JML normal_behavior operation contract.0 
127492     DEBUG main            d.u.i.k.p.i.IntermediateProofReplayer Proof replay took 7.3ns 
127594     INFO  main            d.u.i.k.p.r.p.TestFile    ... finished proof: closed. 
127884     INFO  main            d.u.i.k.p.i.AbstractProblemLoader Loading environment from /home/runner/work/key/key/key.core/../key.ui/examples/heap/observer/ExampleSubject_value.key.proof 
127884     DEBUG main            d.u.i.k.p.i.AbstractProblemLoader Environment load took 149.5ns 
127886     INFO  main            d.u.i.k.p.i.AbstractProblemLoader Creating init config 
131342     DEBUG main            d.u.i.k.p.i.AbstractProblemLoader Init config took 3.46s 
131396     INFO  main            d.u.i.k.p.i.AbstractProblemLoader Replaying proof ExampleSubject[ExampleSubject::value()].JML normal_behavior operation contract.0 
131411     DEBUG main            d.u.i.k.p.i.IntermediateProofReplayer Proof replay took 12.47ms 
131412     DEBUG main            d.u.i.k.p.r.p.TestFile    ... success: reloaded. 
1937224    INFO  Test worker     d.u.i.k.p.r.RunAllProofsTestUnit Returning from test observer 
1937226    INFO  Test worker     d.u.i.k.p.r.RunAllProofsTestUnit Running test removeDups 
492        INFO  Timeout watchdog d.u.i.k.p.r.p.ForkedTestFileRunner Timeout watcher launched (2000 secs.) 
519        WARN  main            d.u.i.k.s.ProofSettings   The settings in /home/runner/.key/proof-settings.props are *not* read. 
555        INFO  main            d.u.i.k.p.r.p.TestFile    Now processing file /home/runner/work/key/key/key.core/../key.ui/examples/heap/removeDups/arrayPart.key 
698        INFO  main            d.u.i.k.p.i.AbstractProblemLoader Loading environment from /home/runner/work/key/key/key.core/../key.ui/examples/heap/removeDups/arrayPart.key 
724        DEBUG main            d.u.i.k.p.i.AbstractProblemLoader Environment load took 2.51ms 
1059       INFO  main            d.u.i.k.p.i.AbstractProblemLoader Creating init config 
2487       DEBUG main            d.u.i.k.j.TypeConverter   No LDT found for Meta 
2488       DEBUG main            d.u.i.k.j.TypeConverter   No LDT found for Meta 
2491       DEBUG main            d.u.i.k.j.TypeConverter   No LDT found for Meta 
2492       DEBUG main            d.u.i.k.j.TypeConverter   No LDT found for Meta 
4336       DEBUG main            d.u.i.k.j.TypeConverter   No LDT found for JavaBigintExpression 
11325      DEBUG main            d.u.i.k.p.i.AbstractProblemLoader Init config took 10.27s 
11540      INFO  main            d.u.i.k.p.i.AbstractProblemLoader Replaying proof RemoveDup[RemoveDup::arrayPart([I,int)].JML normal_behavior operation contract.0 
11590      DEBUG main            d.u.i.k.p.i.IntermediateProofReplayer Proof replay took 47.1ns 
15125      INFO  main            d.u.i.k.p.r.p.TestFile    ... finished proof: closed. 
15379      INFO  main            d.u.i.k.p.i.AbstractProblemLoader Loading environment from /home/runner/work/key/key/key.core/../key.ui/examples/heap/removeDups/arrayPart.key.proof 
15382      DEBUG main            d.u.i.k.p.i.AbstractProblemLoader Environment load took 2.36ms 
15385      INFO  main            d.u.i.k.p.i.AbstractProblemLoader Creating init config 
19281      DEBUG main            d.u.i.k.p.i.AbstractProblemLoader Init config took 3.9s 
19396      INFO  main            d.u.i.k.p.i.AbstractProblemLoader Replaying proof RemoveDup[RemoveDup::arrayPart([I,int)].JML normal_behavior operation contract.0 
19746      DEBUG main            d.u.i.k.p.i.IntermediateProofReplayer Proof replay took 320.2ms 
19759      DEBUG main            d.u.i.k.p.r.p.TestFile    ... success: reloaded. 
19762      INFO  main            d.u.i.k.p.r.p.TestFile    Now processing file /home/runner/work/key/key/key.core/../key.ui/examples/heap/removeDups/contains.key 
19762      INFO  main            d.u.i.k.p.i.AbstractProblemLoader Loading environment from /home/runner/work/key/key/key.core/../key.ui/examples/heap/removeDups/contains.key 
19762      DEBUG main            d.u.i.k.p.i.AbstractProblemLoader Environment load took 164.5ns 
19766      INFO  main            d.u.i.k.p.i.AbstractProblemLoader Creating init config 
23355      DEBUG main            d.u.i.k.p.i.AbstractProblemLoader Init config took 3.59s 
23429      INFO  main            d.u.i.k.p.i.AbstractProblemLoader Replaying proof RemoveDup[RemoveDup::contains([I,int,int)].JML normal_behavior operation contract.0 
23432      DEBUG main            d.u.i.k.p.i.IntermediateProofReplayer Proof replay took 6.8ns 
24137      INFO  main            d.u.i.k.p.r.p.TestFile    ... finished proof: closed. 
24314      INFO  main            d.u.i.k.p.i.AbstractProblemLoader Loading environment from /home/runner/work/key/key/key.core/../key.ui/examples/heap/removeDups/contains.key.proof 
24318      DEBUG main            d.u.i.k.p.i.AbstractProblemLoader Environment load took 3.97ms 
24321      INFO  main            d.u.i.k.p.i.AbstractProblemLoader Creating init config 
27849      DEBUG main            d.u.i.k.p.i.AbstractProblemLoader Init config took 3.53s 
27929      INFO  main            d.u.i.k.p.i.AbstractProblemLoader Replaying proof RemoveDup[RemoveDup::contains([I,int,int)].JML normal_behavior operation contract.0 
28044      DEBUG main            d.u.i.k.p.i.IntermediateProofReplayer Proof replay took 109.01ms 
28046      DEBUG main            d.u.i.k.p.r.p.TestFile    ... success: reloaded. 
28047      INFO  main            d.u.i.k.p.r.p.TestFile    Now processing file /home/runner/work/key/key/key.core/../key.ui/examples/heap/removeDups/removeDup.key 
28048      INFO  main            d.u.i.k.p.i.AbstractProblemLoader Loading environment from /home/runner/work/key/key/key.core/../key.ui/examples/heap/removeDups/removeDup.key 
28048      DEBUG main            d.u.i.k.p.i.AbstractProblemLoader Environment load took 256ns 
28050      INFO  main            d.u.i.k.p.i.AbstractProblemLoader Creating init config 
31505      DEBUG main            d.u.i.k.p.i.AbstractProblemLoader Init config took 3.45s 
31567      INFO  main            d.u.i.k.p.i.AbstractProblemLoader Replaying proof RemoveDup[RemoveDup::removeDup([I)].JML normal_behavior operation contract.0 
31570      DEBUG main            d.u.i.k.p.i.IntermediateProofReplayer Proof replay took 7.6ns 
59018      INFO  main            d.u.i.k.p.r.p.TestFile    ... finished proof: closed. 
59386      INFO  main            d.u.i.k.p.i.AbstractProblemLoader Loading environment from /home/runner/work/key/key/key.core/../key.ui/examples/heap/removeDups/removeDup.key.proof 
59386      DEBUG main            d.u.i.k.p.i.AbstractProblemLoader Environment load took 345.9ns 
59400      INFO  main            d.u.i.k.p.i.AbstractProblemLoader Creating init config 
62916      DEBUG main            d.u.i.k.p.i.AbstractProblemLoader Init config took 3.52s 
62998      INFO  main            d.u.i.k.p.i.AbstractProblemLoader Replaying proof RemoveDup[RemoveDup::removeDup([I)].JML normal_behavior operation contract.0 
64798      DEBUG main            d.u.i.k.p.i.IntermediateProofReplayer Proof replay took 1.73s 
64802      DEBUG main            d.u.i.k.p.r.p.TestFile    ... success: reloaded. 
64804      INFO  main            d.u.i.k.p.r.p.TestFile    Now processing file /home/runner/work/key/key/key.core/../key.ui/examples/heap/saddleback_search/Saddleback_search.key 
64804      INFO  main            d.u.i.k.p.i.AbstractProblemLoader Loading environment from /home/runner/work/key/key/key.core/../key.ui/examples/heap/saddleback_search/Saddleback_search.key 
64806      DEBUG main            d.u.i.k.p.i.AbstractProblemLoader Environment load took 2.28ms 
64808      INFO  main            d.u.i.k.p.i.AbstractProblemLoader Creating init config 
68355      DEBUG main            d.u.i.k.p.i.AbstractProblemLoader Init config took 3.55s 
68409      INFO  main            d.u.i.k.p.i.AbstractProblemLoader Replaying proof Saddleback[Saddleback::search([[I,int)].JML normal_behavior operation contract.0 
68420      DEBUG main            d.u.i.k.p.i.IntermediateProofReplayer Proof replay took 26.1ns 
171396     INFO  main            d.u.i.k.p.r.p.TestFile    ... finished proof: closed. 
171892     INFO  main            d.u.i.k.p.i.AbstractProblemLoader Loading environment from /home/runner/work/key/key/key.core/../key.ui/examples/heap/saddleback_search/Saddleback_search.key.proof 
171892     DEBUG main            d.u.i.k.p.i.AbstractProblemLoader Environment load took 288.2ns 
171903     INFO  main            d.u.i.k.p.i.AbstractProblemLoader Creating init config 
175239     DEBUG main            d.u.i.k.p.i.AbstractProblemLoader Init config took 3.34s 
175291     INFO  main            d.u.i.k.p.i.AbstractProblemLoader Replaying proof Saddleback[Saddleback::search([[I,int)].JML normal_behavior operation contract.0 
177592     DEBUG main            d.u.i.k.p.i.IntermediateProofReplayer Proof replay took 2.11s 
177603     DEBUG main            d.u.i.k.p.r.p.TestFile    ... success: reloaded. 
2115067    INFO  Test worker     d.u.i.k.p.r.RunAllProofsTestUnit Returning from test removeDups 
2115068    INFO  Test worker     d.u.i.k.p.r.RunAllProofsTestUnit Running test quicksort 
427        INFO  Timeout watchdog d.u.i.k.p.r.p.ForkedTestFileRunner Timeout watcher launched (2000 secs.) 
456        WARN  main            d.u.i.k.s.ProofSettings   The settings in /home/runner/.key/proof-settings.props are *not* read. 
523        INFO  main            d.u.i.k.p.r.p.TestFile    Now processing file /home/runner/work/key/key/key.core/../key.ui/examples/heap/quicksort/toplevel.key 
719        INFO  main            d.u.i.k.p.i.AbstractProblemLoader Loading environment from /home/runner/work/key/key/key.core/../key.ui/examples/heap/quicksort/toplevel.key 
741        DEBUG main            d.u.i.k.p.i.AbstractProblemLoader Environment load took 2.8ms 
1035       INFO  main            d.u.i.k.p.i.AbstractProblemLoader Creating init config 
2198       DEBUG main            d.u.i.k.j.TypeConverter   No LDT found for Meta 
2199       DEBUG main            d.u.i.k.j.TypeConverter   No LDT found for Meta 
2201       DEBUG main            d.u.i.k.j.TypeConverter   No LDT found for Meta 
2201       DEBUG main            d.u.i.k.j.TypeConverter   No LDT found for Meta 
4003       DEBUG main            d.u.i.k.j.TypeConverter   No LDT found for JavaBigintExpression 
10372      DEBUG main            d.u.i.k.p.i.AbstractProblemLoader Init config took 9.34s 
10594      INFO  main            d.u.i.k.p.i.AbstractProblemLoader Replaying proof Quicksort[Quicksort::sort([I)].JML normal_behavior operation contract.0 
10642      DEBUG main            d.u.i.k.p.i.IntermediateProofReplayer Proof replay took 50.9ns 
12194      INFO  main            d.u.i.k.p.r.p.TestFile    ... finished proof: closed. 
12426      INFO  main            d.u.i.k.p.i.AbstractProblemLoader Loading environment from /home/runner/work/key/key/key.core/../key.ui/examples/heap/quicksort/toplevel.key.proof 
12431      DEBUG main            d.u.i.k.p.i.AbstractProblemLoader Environment load took 5.43ms 
12435      INFO  main            d.u.i.k.p.i.AbstractProblemLoader Creating init config 
16355      DEBUG main            d.u.i.k.p.i.AbstractProblemLoader Init config took 3.92s 
16433      INFO  main            d.u.i.k.p.i.AbstractProblemLoader Replaying proof Quicksort[Quicksort::sort([I)].JML normal_behavior operation contract.0 
16628      DEBUG main            d.u.i.k.p.i.IntermediateProofReplayer Proof replay took 183.65ms 
16638      DEBUG main            d.u.i.k.p.r.p.TestFile    ... success: reloaded. 
16643      INFO  main            d.u.i.k.p.r.p.TestFile    Now processing file /home/runner/work/key/key/key.core/../key.ui/examples/heap/quicksort/sort.key 
16644      INFO  main            d.u.i.k.p.i.AbstractProblemLoader Loading environment from /home/runner/work/key/key/key.core/../key.ui/examples/heap/quicksort/sort.key 
16644      DEBUG main            d.u.i.k.p.i.AbstractProblemLoader Environment load took 308.1ns 
16649      INFO  main            d.u.i.k.p.i.AbstractProblemLoader Creating init config 
20465      DEBUG main            d.u.i.k.p.i.AbstractProblemLoader Init config took 3.82s 
20542      INFO  main            d.u.i.k.p.i.AbstractProblemLoader Replaying proof Quicksort[Quicksort::sort([I,int,int)].JML normal_behavior operation contract.0 
20549      DEBUG main            d.u.i.k.p.i.IntermediateProofReplayer Proof replay took 8.3ns 
20601      DEBUG main            d.u.i.k.m.s.ProofScriptEngine [1] goal: 0, source line: 7, command: 'script 'sort.script'' 
20602      INFO  main            d.u.i.k.m.s.ProofScriptCommand Included script /home/runner/work/key/key/key.core/../key.ui/examples/heap/quicksort/sort.script 
20605      DEBUG main            d.u.i.k.m.s.ProofScriptEngine [1] goal: 0, source line: 1, command: 'macro autopilot-prep' 
22273      DEBUG main            d.u.i.k.m.s.ProofScriptEngine [2] goal: 358, source line: 3, command: 'select formula="{heapAtPre:=heap || exc:=null || heap:=heapAfter_sort_0}
   seq ...' 
22275      DEBUG main            d.u.i.k.m.s.ProofScriptEngine [3] goal: 358, source line: 9, command: 'macro simp-upd' 
22290      DEBUG main            d.u.i.k.m.s.ProofScriptEngine [4] goal: 369, source line: 11, command: 'let   @seqPre="seqDef{int u;}(0, array.length, array[u])"
    @seqSplit="seqDef ...' 
22295      DEBUG main            d.u.i.k.m.s.ProofScriptEngine [5] goal: 369, source line: 16, command: 'rule seqPermSym 
  formula="seqPerm(@seqSplit, @seqPre)"' 
22318      DEBUG main            d.u.i.k.m.s.ProofScriptEngine [6] goal: 370, source line: 19, command: 'rule seqPermSym
  formula="seqPerm(@seqSort, @seqSplit)"' 
22321      DEBUG main            d.u.i.k.m.s.ProofScriptEngine [7] goal: 371, source line: 22, command: 'rule seqPermSym
  formula="seqPerm(@seqSort0, @seqSort)"' 
22323      DEBUG main            d.u.i.k.m.s.ProofScriptEngine [8] goal: 372, source line: 25, command: 'rule seqPermTrans
  formula="seqPerm(@seqPre, @seqSplit)"' 
22337      DEBUG main            d.u.i.k.m.s.ProofScriptEngine [9] goal: 373, source line: 28, command: 'rule seqPermTrans
  formula="seqPerm(@seqPre, @seqSort)"' 
22338      DEBUG main            d.u.i.k.m.s.ProofScriptEngine [10] goal: 374, source line: 31, command: 'rule seqPermSym
  formula="seqPerm(@seqPre, @seqSort0)"' 
22340      DEBUG main            d.u.i.k.m.s.ProofScriptEngine [11] goal: 375, source line: 34, command: 'tryclose' 
55409      INFO  main            d.u.i.k.p.r.p.TestFile    ... finished proof: closed. 
55771      INFO  main            d.u.i.k.p.i.AbstractProblemLoader Loading environment from /home/runner/work/key/key/key.core/../key.ui/examples/heap/quicksort/sort.key.proof 
55771      DEBUG main            d.u.i.k.p.i.AbstractProblemLoader Environment load took 697.6ns 
55786      INFO  main            d.u.i.k.p.i.AbstractProblemLoader Creating init config 
59248      DEBUG main            d.u.i.k.p.i.AbstractProblemLoader Init config took 3.46s 
59312      INFO  main            d.u.i.k.p.i.AbstractProblemLoader Replaying proof Quicksort[Quicksort::sort([I,int,int)].JML normal_behavior operation contract.0 
61602      DEBUG main            d.u.i.k.p.i.IntermediateProofReplayer Proof replay took 2.15s 
61619      DEBUG main            d.u.i.k.p.r.p.TestFile    ... success: reloaded. 
61623      INFO  main            d.u.i.k.p.r.p.TestFile    Now processing file /home/runner/work/key/key/key.core/../key.ui/examples/heap/quicksort/split.key 
61627      INFO  main            d.u.i.k.p.i.AbstractProblemLoader Loading environment from /home/runner/work/key/key/key.core/../key.ui/examples/heap/quicksort/split.key 
61629      DEBUG main            d.u.i.k.p.i.AbstractProblemLoader Environment load took 2.07ms 
61632      INFO  main            d.u.i.k.p.i.AbstractProblemLoader Creating init config 
65386      DEBUG main            d.u.i.k.p.i.AbstractProblemLoader Init config took 3.75s 
65445      INFO  main            d.u.i.k.p.i.AbstractProblemLoader Replaying proof Quicksort[Quicksort::split([I,int,int)].JML normal_behavior operation contract.0 
65449      DEBUG main            d.u.i.k.p.i.IntermediateProofReplayer Proof replay took 7ns 
65450      DEBUG main            d.u.i.k.m.s.ProofScriptEngine [1] goal: 0, source line: 15, command: 'macro autopilot-prep' 
67012      DEBUG main            d.u.i.k.m.s.ProofScriptEngine [2] goal: 520, source line: 17, command: 'tryclose' 
115242     DEBUG main            d.u.i.k.m.s.ProofScriptEngine [3] goal: 495, source line: 20, command: 'macro simp-upd' 
115399     DEBUG main            d.u.i.k.m.s.ProofScriptEngine [4] goal: 495, source line: 25, command: 'rule seqPermFromSwap' 
115417     DEBUG main            d.u.i.k.m.s.ProofScriptEngine [5] goal: 40829, source line: 26, command: 'rule andRight' 
115423     DEBUG main            d.u.i.k.m.s.ProofScriptEngine [6] goal: 40830, source line: 27, command: 'auto' 
115461     DEBUG main            d.u.i.k.m.s.ProofScriptEngine [7] goal: 40831, source line: 29, command: 'instantiate hide var=iv with=i_0' 
115464     DEBUG main            d.u.i.k.m.s.ProofScriptEngine [8] goal: 40836, source line: 31, command: 'instantiate hide var=jv with=j_0' 
115467     DEBUG main            d.u.i.k.m.s.ProofScriptEngine [9] goal: 40837, source line: 32, command: 'auto' 
123648     DEBUG main            d.u.i.k.m.s.ProofScriptEngine [10] goal: 190, source line: 34, command: 'macro simp-upd' 
123751     DEBUG main            d.u.i.k.m.s.ProofScriptEngine [11] goal: 46168, source line: 36, command: 'rule seqPermFromSwap' 
123753     DEBUG main            d.u.i.k.m.s.ProofScriptEngine [12] goal: 46169, source line: 37, command: 'rule andRight' 
123757     DEBUG main            d.u.i.k.m.s.ProofScriptEngine [13] goal: 46170, source line: 38, command: 'auto' 
123777     DEBUG main            d.u.i.k.m.s.ProofScriptEngine [14] goal: 46171, source line: 40, command: 'instantiate hide var=iv with=i_0' 
123778     DEBUG main            d.u.i.k.m.s.ProofScriptEngine [15] goal: 46176, source line: 42, command: 'instantiate hide var=jv with=to' 
123781     DEBUG main            d.u.i.k.m.s.ProofScriptEngine [16] goal: 46177, source line: 43, command: 'auto' 
130307     INFO  main            d.u.i.k.p.r.p.TestFile    ... finished proof: closed. 
131024     INFO  main            d.u.i.k.p.i.AbstractProblemLoader Loading environment from /home/runner/work/key/key/key.core/../key.ui/examples/heap/quicksort/split.key.proof 
131024     DEBUG main            d.u.i.k.p.i.AbstractProblemLoader Environment load took 340.8ns 
131036     INFO  main            d.u.i.k.p.i.AbstractProblemLoader Creating init config 
134406     DEBUG main            d.u.i.k.p.i.AbstractProblemLoader Init config took 3.37s 
134470     INFO  main            d.u.i.k.p.i.AbstractProblemLoader Replaying proof Quicksort[Quicksort::split([I,int,int)].JML normal_behavior operation contract.0 
138087     DEBUG main            d.u.i.k.p.i.IntermediateProofReplayer Proof replay took 3.37s 
138163     DEBUG main            d.u.i.k.p.r.p.TestFile    ... success: reloaded. 
2254483    INFO  Test worker     d.u.i.k.p.r.RunAllProofsTestUnit Returning from test quicksort 
2254488    INFO  Test worker     d.u.i.k.p.r.RunAllProofsTestUnit Running test simpleTests 
445        INFO  Timeout watchdog d.u.i.k.p.r.p.ForkedTestFileRunner Timeout watcher launched (2000 secs.) 
476        WARN  main            d.u.i.k.s.ProofSettings   The settings in /home/runner/.key/proof-settings.props are *not* read. 
537        INFO  main            d.u.i.k.p.r.p.TestFile    Now processing file /home/runner/work/key/key/key.core/../key.ui/examples/heap/simple/anonymise_datagroup.key 
693        INFO  main            d.u.i.k.p.i.AbstractProblemLoader Loading environment from /home/runner/work/key/key/key.core/../key.ui/examples/heap/simple/anonymise_datagroup.key 
715        DEBUG main            d.u.i.k.p.i.AbstractProblemLoader Environment load took 2.93ms 
1085       INFO  main            d.u.i.k.p.i.AbstractProblemLoader Creating init config 
2412       DEBUG main            d.u.i.k.j.TypeConverter   No LDT found for Meta 
2413       DEBUG main            d.u.i.k.j.TypeConverter   No LDT found for Meta 
2417       DEBUG main            d.u.i.k.j.TypeConverter   No LDT found for Meta 
2417       DEBUG main            d.u.i.k.j.TypeConverter   No LDT found for Meta 
4371       DEBUG main            d.u.i.k.j.TypeConverter   No LDT found for JavaBigintExpression 
10431      DEBUG main            d.u.i.k.p.i.AbstractProblemLoader Init config took 9.35s 
10527      INFO  main            d.u.i.k.p.i.AbstractProblemLoader Replaying proof anonymise_datagroup.key 
10573      DEBUG main            d.u.i.k.p.i.IntermediateProofReplayer Proof replay took 55.4ns 
10856      INFO  main            d.u.i.k.p.r.p.TestFile    ... finished proof: closed. 
11004      INFO  main            d.u.i.k.p.i.AbstractProblemLoader Loading environment from /home/runner/work/key/key/key.core/../key.ui/examples/heap/simple/anonymise_datagroup.key.proof 
11005      DEBUG main            d.u.i.k.p.i.AbstractProblemLoader Environment load took 1.35ms 
11015      INFO  main            d.u.i.k.p.i.AbstractProblemLoader Creating init config 
14521      DEBUG main            d.u.i.k.p.i.AbstractProblemLoader Init config took 3.51s 
14559      INFO  main            d.u.i.k.p.i.AbstractProblemLoader Replaying proof anonymise_datagroup.key.proof 
14577      DEBUG main            d.u.i.k.p.i.IntermediateProofReplayer Proof replay took 11.94ms 
14592      DEBUG main            d.u.i.k.p.r.p.TestFile    ... success: reloaded. 
14593      INFO  main            d.u.i.k.p.r.p.TestFile    Now processing file /home/runner/work/key/key/key.core/../key.ui/examples/heap/simple/array_creation.key 
14594      INFO  main            d.u.i.k.p.i.AbstractProblemLoader Loading environment from /home/runner/work/key/key/key.core/../key.ui/examples/heap/simple/array_creation.key 
14594      DEBUG main            d.u.i.k.p.i.AbstractProblemLoader Environment load took 296.3ns 
14598      INFO  main            d.u.i.k.p.i.AbstractProblemLoader Creating init config 
17998      DEBUG main            d.u.i.k.p.i.AbstractProblemLoader Init config took 3.4s 
18039      INFO  main            d.u.i.k.p.i.AbstractProblemLoader Replaying proof array_creation.key 
18045      DEBUG main            d.u.i.k.p.i.IntermediateProofReplayer Proof replay took 8.9ns 
19057      INFO  main            d.u.i.k.p.r.p.TestFile    ... finished proof: closed. 
19241      INFO  main            d.u.i.k.p.i.AbstractProblemLoader Loading environment from /home/runner/work/key/key/key.core/../key.ui/examples/heap/simple/array_creation.key.proof 
19242      DEBUG main            d.u.i.k.p.i.AbstractProblemLoader Environment load took 564.1ns 
19245      INFO  main            d.u.i.k.p.i.AbstractProblemLoader Creating init config 
22417      DEBUG main            d.u.i.k.p.i.AbstractProblemLoader Init config took 3.17s 
22461      INFO  main            d.u.i.k.p.i.AbstractProblemLoader Replaying proof array_creation.key.proof 
22644      DEBUG main            d.u.i.k.p.i.IntermediateProofReplayer Proof replay took 176.53ms 
22648      DEBUG main            d.u.i.k.p.r.p.TestFile    ... success: reloaded. 
22651      INFO  main            d.u.i.k.p.r.p.TestFile    Now processing file /home/runner/work/key/key/key.core/../key.ui/examples/heap/simple/arrays_with_disjoint_sorts.key 
22651      INFO  main            d.u.i.k.p.i.AbstractProblemLoader Loading environment from /home/runner/work/key/key/key.core/../key.ui/examples/heap/simple/arrays_with_disjoint_sorts.key 
22651      DEBUG main            d.u.i.k.p.i.AbstractProblemLoader Environment load took 292.5ns 
22654      INFO  main            d.u.i.k.p.i.AbstractProblemLoader Creating init config 
25859      DEBUG main            d.u.i.k.p.i.AbstractProblemLoader Init config took 3.21s 
25890      INFO  main            d.u.i.k.p.i.AbstractProblemLoader Replaying proof arrays_with_disjoint_sorts.key 
25892      DEBUG main            d.u.i.k.p.i.IntermediateProofReplayer Proof replay took 8.3ns 
26098      INFO  main            d.u.i.k.p.r.p.TestFile    ... finished proof: closed. 
26297      INFO  main            d.u.i.k.p.i.AbstractProblemLoader Loading environment from /home/runner/work/key/key/key.core/../key.ui/examples/heap/simple/arrays_with_disjoint_sorts.key.proof 
26297      DEBUG main            d.u.i.k.p.i.AbstractProblemLoader Environment load took 171.6ns 
26299      INFO  main            d.u.i.k.p.i.AbstractProblemLoader Creating init config 
29496      DEBUG main            d.u.i.k.p.i.AbstractProblemLoader Init config took 3.2s 
29524      INFO  main            d.u.i.k.p.i.AbstractProblemLoader Replaying proof arrays_with_disjoint_sorts.key.proof 
29553      DEBUG main            d.u.i.k.p.i.IntermediateProofReplayer Proof replay took 24.5ms 
29555      DEBUG main            d.u.i.k.p.r.p.TestFile    ... success: reloaded. 
29556      INFO  main            d.u.i.k.p.r.p.TestFile    Now processing file /home/runner/work/key/key/key.core/../key.ui/examples/heap/simple/arrays.key 
29556      INFO  main            d.u.i.k.p.i.AbstractProblemLoader Loading environment from /home/runner/work/key/key/key.core/../key.ui/examples/heap/simple/arrays.key 
29556      DEBUG main            d.u.i.k.p.i.AbstractProblemLoader Environment load took 271.5ns 
29558      INFO  main            d.u.i.k.p.i.AbstractProblemLoader Creating init config 
32773      DEBUG main            d.u.i.k.p.i.AbstractProblemLoader Init config took 3.21s 
32803      INFO  main            d.u.i.k.p.i.AbstractProblemLoader Replaying proof arrays.key 
32809      DEBUG main            d.u.i.k.p.i.IntermediateProofReplayer Proof replay took 8.7ns 
33022      INFO  main            d.u.i.k.p.r.p.TestFile    ... finished proof: closed. 
33228      INFO  main            d.u.i.k.p.i.AbstractProblemLoader Loading environment from /home/runner/work/key/key/key.core/../key.ui/examples/heap/simple/arrays.key.proof 
33230      DEBUG main            d.u.i.k.p.i.AbstractProblemLoader Environment load took 2.72ms 
33232      INFO  main            d.u.i.k.p.i.AbstractProblemLoader Creating init config 
36308      DEBUG main            d.u.i.k.p.i.AbstractProblemLoader Init config took 3.08s 
36335      INFO  main            d.u.i.k.p.i.AbstractProblemLoader Replaying proof arrays.key.proof 
36362      DEBUG main            d.u.i.k.p.i.IntermediateProofReplayer Proof replay took 22.66ms 
36363      DEBUG main            d.u.i.k.p.r.p.TestFile    ... success: reloaded. 
36365      INFO  main            d.u.i.k.p.r.p.TestFile    Now processing file /home/runner/work/key/key/key.core/../key.ui/examples/heap/simple/attributes.key 
36365      INFO  main            d.u.i.k.p.i.AbstractProblemLoader Loading environment from /home/runner/work/key/key/key.core/../key.ui/examples/heap/simple/attributes.key 
36366      DEBUG main            d.u.i.k.p.i.AbstractProblemLoader Environment load took 245.8ns 
36367      INFO  main            d.u.i.k.p.i.AbstractProblemLoader Creating init config 
39457      DEBUG main            d.u.i.k.p.i.AbstractProblemLoader Init config took 3.09s 
39483      INFO  main            d.u.i.k.p.i.AbstractProblemLoader Replaying proof attributes.key 
39486      DEBUG main            d.u.i.k.p.i.IntermediateProofReplayer Proof replay took 17.4ns 
39589      INFO  main            d.u.i.k.p.r.p.TestFile    ... finished proof: closed. 
39780      INFO  main            d.u.i.k.p.i.AbstractProblemLoader Loading environment from /home/runner/work/key/key/key.core/../key.ui/examples/heap/simple/attributes.key.proof 
39780      DEBUG main            d.u.i.k.p.i.AbstractProblemLoader Environment load took 139.8ns 
39782      INFO  main            d.u.i.k.p.i.AbstractProblemLoader Creating init config 
42811      DEBUG main            d.u.i.k.p.i.AbstractProblemLoader Init config took 3.03s 
42837      INFO  main            d.u.i.k.p.i.AbstractProblemLoader Replaying proof attributes.key.proof 
42842      DEBUG main            d.u.i.k.p.i.IntermediateProofReplayer Proof replay took 1.88ms 
42843      DEBUG main            d.u.i.k.p.r.p.TestFile    ... success: reloaded. 
42844      INFO  main            d.u.i.k.p.r.p.TestFile    Now processing file /home/runner/work/key/key/key.core/../key.ui/examples/heap/simple/constructor_contracts.key 
42847      INFO  main            d.u.i.k.p.i.AbstractProblemLoader Loading environment from /home/runner/work/key/key/key.core/../key.ui/examples/heap/simple/constructor_contracts.key 
42848      DEBUG main            d.u.i.k.p.i.AbstractProblemLoader Environment load took 343ns 
42851      INFO  main            d.u.i.k.p.i.AbstractProblemLoader Creating init config 
46459      DEBUG main            d.u.i.k.p.i.AbstractProblemLoader Init config took 3.61s 
46488      INFO  main            d.u.i.k.p.i.AbstractProblemLoader Replaying proof constructor_contracts.key 
46490      DEBUG main            d.u.i.k.p.i.IntermediateProofReplayer Proof replay took 9ns 
47406      INFO  main            d.u.i.k.p.r.p.TestFile    ... finished proof: closed. 
47662      INFO  main            d.u.i.k.p.i.AbstractProblemLoader Loading environment from /home/runner/work/key/key/key.core/../key.ui/examples/heap/simple/constructor_contracts.key.proof 
47663      DEBUG main            d.u.i.k.p.i.AbstractProblemLoader Environment load took 408.3ns 
47665      INFO  main            d.u.i.k.p.i.AbstractProblemLoader Creating init config 
51083      DEBUG main            d.u.i.k.p.i.AbstractProblemLoader Init config took 3.42s 
51109      INFO  main            d.u.i.k.p.i.AbstractProblemLoader Replaying proof constructor_contracts.key.proof 
51256      DEBUG main            d.u.i.k.p.i.IntermediateProofReplayer Proof replay took 140.5ms 
51259      DEBUG main            d.u.i.k.p.r.p.TestFile    ... success: reloaded. 
51261      INFO  main            d.u.i.k.p.r.p.TestFile    Now processing file /home/runner/work/key/key/key.core/../key.ui/examples/heap/simple/dependencies.key 
51261      INFO  main            d.u.i.k.p.i.AbstractProblemLoader Loading environment from /home/runner/work/key/key/key.core/../key.ui/examples/heap/simple/dependencies.key 
51261      DEBUG main            d.u.i.k.p.i.AbstractProblemLoader Environment load took 272.1ns 
51263      INFO  main            d.u.i.k.p.i.AbstractProblemLoader Creating init config 
54320      DEBUG main            d.u.i.k.p.i.AbstractProblemLoader Init config took 3.06s 
54346      INFO  main            d.u.i.k.p.i.AbstractProblemLoader Replaying proof dependencies.key 
54348      DEBUG main            d.u.i.k.p.i.IntermediateProofReplayer Proof replay took 8.2ns 
54457      INFO  main            d.u.i.k.p.r.p.TestFile    ... finished proof: closed. 
54685      INFO  main            d.u.i.k.p.i.AbstractProblemLoader Loading environment from /home/runner/work/key/key/key.core/../key.ui/examples/heap/simple/dependencies.key.proof 
54687      DEBUG main            d.u.i.k.p.i.AbstractProblemLoader Environment load took 1.6ms 
54689      INFO  main            d.u.i.k.p.i.AbstractProblemLoader Creating init config 
57713      DEBUG main            d.u.i.k.p.i.AbstractProblemLoader Init config took 3.02s 
57738      INFO  main            d.u.i.k.p.i.AbstractProblemLoader Replaying proof dependencies.key.proof 
57749      DEBUG main            d.u.i.k.p.i.IntermediateProofReplayer Proof replay took 8.75ms 
57750      DEBUG main            d.u.i.k.p.r.p.TestFile    ... success: reloaded. 
57751      INFO  main            d.u.i.k.p.r.p.TestFile    Now processing file /home/runner/work/key/key/key.core/../key.ui/examples/heap/simple/dependency_contracts.key 
57752      INFO  main            d.u.i.k.p.i.AbstractProblemLoader Loading environment from /home/runner/work/key/key/key.core/../key.ui/examples/heap/simple/dependency_contracts.key 
57752      DEBUG main            d.u.i.k.p.i.AbstractProblemLoader Environment load took 273.6ns 
57754      INFO  main            d.u.i.k.p.i.AbstractProblemLoader Creating init config 
61127      DEBUG main            d.u.i.k.p.i.AbstractProblemLoader Init config took 3.37s 
61153      INFO  main            d.u.i.k.p.i.AbstractProblemLoader Replaying proof dependency_contracts.key 
61156      DEBUG main            d.u.i.k.p.i.IntermediateProofReplayer Proof replay took 8.4ns 
62873      INFO  main            d.u.i.k.p.r.p.TestFile    ... finished proof: closed. 
63142      INFO  main            d.u.i.k.p.i.AbstractProblemLoader Loading environment from /home/runner/work/key/key/key.core/../key.ui/examples/heap/simple/dependency_contracts.key.proof 
63143      DEBUG main            d.u.i.k.p.i.AbstractProblemLoader Environment load took 565.9ns 
63145      INFO  main            d.u.i.k.p.i.AbstractProblemLoader Creating init config 
66384      DEBUG main            d.u.i.k.p.i.AbstractProblemLoader Init config took 3.24s 
66428      INFO  main            d.u.i.k.p.i.AbstractProblemLoader Replaying proof dependency_contracts.key.proof 
66676      DEBUG main            d.u.i.k.p.i.IntermediateProofReplayer Proof replay took 237.03ms 
66679      DEBUG main            d.u.i.k.p.r.p.TestFile    ... success: reloaded. 
66681      INFO  main            d.u.i.k.p.r.p.TestFile    Now processing file /home/runner/work/key/key/key.core/../key.ui/examples/heap/simple/invariant_preservation.key 
66682      INFO  main            d.u.i.k.p.i.AbstractProblemLoader Loading environment from /home/runner/work/key/key/key.core/../key.ui/examples/heap/simple/invariant_preservation.key 
66682      DEBUG main            d.u.i.k.p.i.AbstractProblemLoader Environment load took 276.6ns 
66686      INFO  main            d.u.i.k.p.i.AbstractProblemLoader Creating init config 
69908      DEBUG main            d.u.i.k.p.i.AbstractProblemLoader Init config took 3.22s 
69955      INFO  main            d.u.i.k.p.i.AbstractProblemLoader Replaying proof invariant_preservation.key 
69957      DEBUG main            d.u.i.k.p.i.IntermediateProofReplayer Proof replay took 9ns 
70165      INFO  main            d.u.i.k.p.r.p.TestFile    ... finished proof: closed. 
70489      INFO  main            d.u.i.k.p.i.AbstractProblemLoader Loading environment from /home/runner/work/key/key/key.core/../key.ui/examples/heap/simple/invariant_preservation.key.proof 
70489      DEBUG main            d.u.i.k.p.i.AbstractProblemLoader Environment load took 211.2ns 
70491      INFO  main            d.u.i.k.p.i.AbstractProblemLoader Creating init config 
73652      DEBUG main            d.u.i.k.p.i.AbstractProblemLoader Init config took 3.16s 
73676      INFO  main            d.u.i.k.p.i.AbstractProblemLoader Replaying proof invariant_preservation.key.proof 
73710      DEBUG main            d.u.i.k.p.i.IntermediateProofReplayer Proof replay took 32.26ms 
73712      DEBUG main            d.u.i.k.p.r.p.TestFile    ... success: reloaded. 
73714      INFO  main            d.u.i.k.p.r.p.TestFile    Now processing file /home/runner/work/key/key/key.core/../key.ui/examples/heap/simple/locsets.key 
73714      INFO  main            d.u.i.k.p.i.AbstractProblemLoader Loading environment from /home/runner/work/key/key/key.core/../key.ui/examples/heap/simple/locsets.key 
73714      DEBUG main            d.u.i.k.p.i.AbstractProblemLoader Environment load took 177.7ns 
73716      INFO  main            d.u.i.k.p.i.AbstractProblemLoader Creating init config 
76672      DEBUG main            d.u.i.k.p.i.AbstractProblemLoader Init config took 2.96s 
76694      INFO  main            d.u.i.k.p.i.AbstractProblemLoader Replaying proof locsets.key 
76696      DEBUG main            d.u.i.k.p.i.IntermediateProofReplayer Proof replay took 9.3ns 
76800      INFO  main            d.u.i.k.p.r.p.TestFile    ... finished proof: closed. 
77051      INFO  main            d.u.i.k.p.i.AbstractProblemLoader Loading environment from /home/runner/work/key/key/key.core/../key.ui/examples/heap/simple/locsets.key.proof 
77052      DEBUG main            d.u.i.k.p.i.AbstractProblemLoader Environment load took 173.3ns 
77053      INFO  main            d.u.i.k.p.i.AbstractProblemLoader Creating init config 
79914      DEBUG main            d.u.i.k.p.i.AbstractProblemLoader Init config took 2.86s 
79936      INFO  main            d.u.i.k.p.i.AbstractProblemLoader Replaying proof locsets.key.proof 
79940      DEBUG main            d.u.i.k.p.i.IntermediateProofReplayer Proof replay took 1.58ms 
79941      DEBUG main            d.u.i.k.p.r.p.TestFile    ... success: reloaded. 
79942      INFO  main            d.u.i.k.p.r.p.TestFile    Now processing file /home/runner/work/key/key/key.core/../key.ui/examples/heap/simple/loop1.key 
79943      INFO  main            d.u.i.k.p.i.AbstractProblemLoader Loading environment from /home/runner/work/key/key/key.core/../key.ui/examples/heap/simple/loop1.key 
79943      DEBUG main            d.u.i.k.p.i.AbstractProblemLoader Environment load took 310.4ns 
79945      INFO  main            d.u.i.k.p.i.AbstractProblemLoader Creating init config 
83255      DEBUG main            d.u.i.k.p.i.AbstractProblemLoader Init config took 3.31s 
83277      INFO  main            d.u.i.k.p.i.AbstractProblemLoader Replaying proof loop1.key 
83279      DEBUG main            d.u.i.k.p.i.IntermediateProofReplayer Proof replay took 10.1ns 
83587      INFO  main            d.u.i.k.p.r.p.TestFile    ... finished proof: closed. 
83838      INFO  main            d.u.i.k.p.i.AbstractProblemLoader Loading environment from /home/runner/work/key/key/key.core/../key.ui/examples/heap/simple/loop1.key.proof 
83838      DEBUG main            d.u.i.k.p.i.AbstractProblemLoader Environment load took 642.5ns 
83840      INFO  main            d.u.i.k.p.i.AbstractProblemLoader Creating init config 
87057      DEBUG main            d.u.i.k.p.i.AbstractProblemLoader Init config took 3.22s 
87077      INFO  main            d.u.i.k.p.i.AbstractProblemLoader Replaying proof loop1.key.proof 
87148      DEBUG main            d.u.i.k.p.i.IntermediateProofReplayer Proof replay took 69.07ms 
87150      DEBUG main            d.u.i.k.p.r.p.TestFile    ... success: reloaded. 
87151      INFO  main            d.u.i.k.p.r.p.TestFile    Now processing file /home/runner/work/key/key/key.core/../key.ui/examples/heap/simple/loop2.key 
87151      INFO  main            d.u.i.k.p.i.AbstractProblemLoader Loading environment from /home/runner/work/key/key/key.core/../key.ui/examples/heap/simple/loop2.key 
87151      DEBUG main            d.u.i.k.p.i.AbstractProblemLoader Environment load took 78.5ns 
87153      INFO  main            d.u.i.k.p.i.AbstractProblemLoader Creating init config 
90391      DEBUG main            d.u.i.k.p.i.AbstractProblemLoader Init config took 3.24s 
90412      INFO  main            d.u.i.k.p.i.AbstractProblemLoader Replaying proof loop2.key 
90417      DEBUG main            d.u.i.k.p.i.IntermediateProofReplayer Proof replay took 8.9ns 
91422      INFO  main            d.u.i.k.p.r.p.TestFile    ... finished proof: closed. 
91750      INFO  main            d.u.i.k.p.i.AbstractProblemLoader Loading environment from /home/runner/work/key/key/key.core/../key.ui/examples/heap/simple/loop2.key.proof 
91751      DEBUG main            d.u.i.k.p.i.AbstractProblemLoader Environment load took 925.3ns 
91753      INFO  main            d.u.i.k.p.i.AbstractProblemLoader Creating init config 
94947      DEBUG main            d.u.i.k.p.i.AbstractProblemLoader Init config took 3.19s 
94968      INFO  main            d.u.i.k.p.i.AbstractProblemLoader Replaying proof loop2.key.proof 
95093      DEBUG main            d.u.i.k.p.i.IntermediateProofReplayer Proof replay took 120.21ms 
95095      DEBUG main            d.u.i.k.p.r.p.TestFile    ... success: reloaded. 
95097      INFO  main            d.u.i.k.p.r.p.TestFile    Now processing file /home/runner/work/key/key/key.core/../key.ui/examples/heap/simple/modifies_datagroup.key 
95098      INFO  main            d.u.i.k.p.i.AbstractProblemLoader Loading environment from /home/runner/work/key/key/key.core/../key.ui/examples/heap/simple/modifies_datagroup.key 
95098      DEBUG main            d.u.i.k.p.i.AbstractProblemLoader Environment load took 274.6ns 
95099      INFO  main            d.u.i.k.p.i.AbstractProblemLoader Creating init config 
98072      DEBUG main            d.u.i.k.p.i.AbstractProblemLoader Init config took 2.97s 
98093      INFO  main            d.u.i.k.p.i.AbstractProblemLoader Replaying proof modifies_datagroup.key 
98095      DEBUG main            d.u.i.k.p.i.IntermediateProofReplayer Proof replay took 9.1ns 
98198      INFO  main            d.u.i.k.p.r.p.TestFile    ... finished proof: closed. 
98490      INFO  main            d.u.i.k.p.i.AbstractProblemLoader Loading environment from /home/runner/work/key/key/key.core/../key.ui/examples/heap/simple/modifies_datagroup.key.proof 
98490      DEBUG main            d.u.i.k.p.i.AbstractProblemLoader Environment load took 132.8ns 
98492      INFO  main            d.u.i.k.p.i.AbstractProblemLoader Creating init config 
101477     DEBUG main            d.u.i.k.p.i.AbstractProblemLoader Init config took 2.98s 
101501     INFO  main            d.u.i.k.p.i.AbstractProblemLoader Replaying proof modifies_datagroup.key.proof 
101514     DEBUG main            d.u.i.k.p.i.IntermediateProofReplayer Proof replay took 8.96ms 
101515     DEBUG main            d.u.i.k.p.r.p.TestFile    ... success: reloaded. 
101516     INFO  main            d.u.i.k.p.r.p.TestFile    Now processing file /home/runner/work/key/key/key.core/../key.ui/examples/heap/simple/modifies.key 
101516     INFO  main            d.u.i.k.p.i.AbstractProblemLoader Loading environment from /home/runner/work/key/key/key.core/../key.ui/examples/heap/simple/modifies.key 
101516     DEBUG main            d.u.i.k.p.i.AbstractProblemLoader Environment load took 258ns 
101518     INFO  main            d.u.i.k.p.i.AbstractProblemLoader Creating init config 
104435     DEBUG main            d.u.i.k.p.i.AbstractProblemLoader Init config took 2.92s 
104453     INFO  main            d.u.i.k.p.i.AbstractProblemLoader Replaying proof modifies.key 
104455     DEBUG main            d.u.i.k.p.i.IntermediateProofReplayer Proof replay took 25.1ns 
104558     INFO  main            d.u.i.k.p.r.p.TestFile    ... finished proof: closed. 
104854     INFO  main            d.u.i.k.p.i.AbstractProblemLoader Loading environment from /home/runner/work/key/key/key.core/../key.ui/examples/heap/simple/modifies.key.proof 
104854     DEBUG main            d.u.i.k.p.i.AbstractProblemLoader Environment load took 182.7ns 
104856     INFO  main            d.u.i.k.p.i.AbstractProblemLoader Creating init config 
107727     DEBUG main            d.u.i.k.p.i.AbstractProblemLoader Init config took 2.87s 
107745     INFO  main            d.u.i.k.p.i.AbstractProblemLoader Replaying proof modifies.key.proof 
107767     DEBUG main            d.u.i.k.p.i.IntermediateProofReplayer Proof replay took 19.29ms 
107768     DEBUG main            d.u.i.k.p.r.p.TestFile    ... success: reloaded. 
107769     INFO  main            d.u.i.k.p.r.p.TestFile    Now processing file /home/runner/work/key/key/key.core/../key.ui/examples/heap/simple/object_creation.key 
107769     INFO  main            d.u.i.k.p.i.AbstractProblemLoader Loading environment from /home/runner/work/key/key/key.core/../key.ui/examples/heap/simple/object_creation.key 
107769     DEBUG main            d.u.i.k.p.i.AbstractProblemLoader Environment load took 121.3ns 
107771     INFO  main            d.u.i.k.p.i.AbstractProblemLoader Creating init config 
110809     DEBUG main            d.u.i.k.p.i.AbstractProblemLoader Init config took 3.04s 
110828     INFO  main            d.u.i.k.p.i.AbstractProblemLoader Replaying proof object_creation.key 
110830     DEBUG main            d.u.i.k.p.i.IntermediateProofReplayer Proof replay took 18.2ns 
111136     INFO  main            d.u.i.k.p.r.p.TestFile    ... finished proof: closed. 
111436     INFO  main            d.u.i.k.p.i.AbstractProblemLoader Loading environment from /home/runner/work/key/key/key.core/../key.ui/examples/heap/simple/object_creation.key.proof 
111436     DEBUG main            d.u.i.k.p.i.AbstractProblemLoader Environment load took 539.4ns 
111438     INFO  main            d.u.i.k.p.i.AbstractProblemLoader Creating init config 
114269     DEBUG main            d.u.i.k.p.i.AbstractProblemLoader Init config took 2.83s 
114288     INFO  main            d.u.i.k.p.i.AbstractProblemLoader Replaying proof object_creation.key.proof 
114346     DEBUG main            d.u.i.k.p.i.IntermediateProofReplayer Proof replay took 54.5ms 
114348     DEBUG main            d.u.i.k.p.r.p.TestFile    ... success: reloaded. 
114349     INFO  main            d.u.i.k.p.r.p.TestFile    Now processing file /home/runner/work/key/key/key.core/../key.ui/examples/heap/simple/operation_contracts.key 
114349     INFO  main            d.u.i.k.p.i.AbstractProblemLoader Loading environment from /home/runner/work/key/key/key.core/../key.ui/examples/heap/simple/operation_contracts.key 
114350     DEBUG main            d.u.i.k.p.i.AbstractProblemLoader Environment load took 275.3ns 
114352     INFO  main            d.u.i.k.p.i.AbstractProblemLoader Creating init config 
117569     DEBUG main            d.u.i.k.p.i.AbstractProblemLoader Init config took 3.22s 
117590     INFO  main            d.u.i.k.p.i.AbstractProblemLoader Replaying proof operation_contracts.key 
117591     DEBUG main            d.u.i.k.p.i.IntermediateProofReplayer Proof replay took 8.5ns 
118600     INFO  main            d.u.i.k.p.r.p.TestFile    ... finished proof: closed. 
118936     INFO  main            d.u.i.k.p.i.AbstractProblemLoader Loading environment from /home/runner/work/key/key/key.core/../key.ui/examples/heap/simple/operation_contracts.key.proof 
118937     DEBUG main            d.u.i.k.p.i.AbstractProblemLoader Environment load took 508.3ns 
118939     INFO  main            d.u.i.k.p.i.AbstractProblemLoader Creating init config 
122066     DEBUG main            d.u.i.k.p.i.AbstractProblemLoader Init config took 3.13s 
122089     INFO  main            d.u.i.k.p.i.AbstractProblemLoader Replaying proof operation_contracts.key.proof 
122238     DEBUG main            d.u.i.k.p.i.IntermediateProofReplayer Proof replay took 142.1ms 
122241     DEBUG main            d.u.i.k.p.r.p.TestFile    ... success: reloaded. 
122243     INFO  main            d.u.i.k.p.r.p.TestFile    Now processing file /home/runner/work/key/key/key.core/../key.ui/examples/heap/simple/select_store.key 
122243     INFO  main            d.u.i.k.p.i.AbstractProblemLoader Loading environment from /home/runner/work/key/key/key.core/../key.ui/examples/heap/simple/select_store.key 
122243     DEBUG main            d.u.i.k.p.i.AbstractProblemLoader Environment load took 76.4ns 
122245     INFO  main            d.u.i.k.p.i.AbstractProblemLoader Creating init config 
125216     DEBUG main            d.u.i.k.p.i.AbstractProblemLoader Init config took 2.97s 
125234     INFO  main            d.u.i.k.p.i.AbstractProblemLoader Replaying proof select_store.key 
125236     DEBUG main            d.u.i.k.p.i.IntermediateProofReplayer Proof replay took 9.1ns 
125339     INFO  main            d.u.i.k.p.r.p.TestFile    ... finished proof: closed. 
125668     INFO  main            d.u.i.k.p.i.AbstractProblemLoader Loading environment from /home/runner/work/key/key/key.core/../key.ui/examples/heap/simple/select_store.key.proof 
125669     DEBUG main            d.u.i.k.p.i.AbstractProblemLoader Environment load took 246.8ns 
125671     INFO  main            d.u.i.k.p.i.AbstractProblemLoader Creating init config 
128551     DEBUG main            d.u.i.k.p.i.AbstractProblemLoader Init config took 2.88s 
128568     INFO  main            d.u.i.k.p.i.AbstractProblemLoader Replaying proof select_store.key.proof 
128573     DEBUG main            d.u.i.k.p.i.IntermediateProofReplayer Proof replay took 2.79ms 
128574     DEBUG main            d.u.i.k.p.r.p.TestFile    ... success: reloaded. 
128575     INFO  main            d.u.i.k.p.r.p.TestFile    Now processing file /home/runner/work/key/key/key.core/../key.ui/examples/heap/simple/selection_sort.key 
128575     INFO  main            d.u.i.k.p.i.AbstractProblemLoader Loading environment from /home/runner/work/key/key/key.core/../key.ui/examples/heap/simple/selection_sort.key 
128576     DEBUG main            d.u.i.k.p.i.AbstractProblemLoader Environment load took 104.9ns 
128577     INFO  main            d.u.i.k.p.i.AbstractProblemLoader Creating init config 
131709     DEBUG main            d.u.i.k.p.i.AbstractProblemLoader Init config took 3.13s 
131727     INFO  main            d.u.i.k.p.i.AbstractProblemLoader Replaying proof selection_sort.key 
131730     DEBUG main            d.u.i.k.p.i.IntermediateProofReplayer Proof replay took 8.8ns 
136263     INFO  main            d.u.i.k.p.r.p.TestFile    ... finished proof: closed. 
136662     INFO  main            d.u.i.k.p.i.AbstractProblemLoader Loading environment from /home/runner/work/key/key/key.core/../key.ui/examples/heap/simple/selection_sort.key.proof 
136663     DEBUG main            d.u.i.k.p.i.AbstractProblemLoader Environment load took 588.8ns 
136665     INFO  main            d.u.i.k.p.i.AbstractProblemLoader Creating init config 
139782     DEBUG main            d.u.i.k.p.i.AbstractProblemLoader Init config took 3.12s 
139800     INFO  main            d.u.i.k.p.i.AbstractProblemLoader Replaying proof selection_sort.key.proof 
140405     DEBUG main            d.u.i.k.p.i.IntermediateProofReplayer Proof replay took 579.45ms 
140408     DEBUG main            d.u.i.k.p.r.p.TestFile    ... success: reloaded. 
140411     INFO  main            d.u.i.k.p.r.p.TestFile    Now processing file /home/runner/work/key/key/key.core/../key.ui/examples/heap/simple/seq.key 
140412     INFO  main            d.u.i.k.p.i.AbstractProblemLoader Loading environment from /home/runner/work/key/key/key.core/../key.ui/examples/heap/simple/seq.key 
140412     DEBUG main            d.u.i.k.p.i.AbstractProblemLoader Environment load took 136.1ns 
140416     INFO  main            d.u.i.k.p.i.AbstractProblemLoader Creating init config 
143335     DEBUG main            d.u.i.k.p.i.AbstractProblemLoader Init config took 2.92s 
143354     INFO  main            d.u.i.k.p.i.AbstractProblemLoader Replaying proof seq.key 
143356     DEBUG main            d.u.i.k.p.i.IntermediateProofReplayer Proof replay took 9.6ns 
143961     INFO  main            d.u.i.k.p.r.p.TestFile    ... finished proof: closed. 
144327     INFO  main            d.u.i.k.p.i.AbstractProblemLoader Loading environment from /home/runner/work/key/key/key.core/../key.ui/examples/heap/simple/seq.key.proof 
144328     DEBUG main            d.u.i.k.p.i.AbstractProblemLoader Environment load took 626.4ns 
144330     INFO  main            d.u.i.k.p.i.AbstractProblemLoader Creating init config 
147140     DEBUG main            d.u.i.k.p.i.AbstractProblemLoader Init config took 2.81s 
147159     INFO  main            d.u.i.k.p.i.AbstractProblemLoader Replaying proof seq.key.proof 
147220     DEBUG main            d.u.i.k.p.i.IntermediateProofReplayer Proof replay took 52.39ms 
147222     DEBUG main            d.u.i.k.p.r.p.TestFile    ... success: reloaded. 
147222     INFO  main            d.u.i.k.p.r.p.TestFile    Now processing file /home/runner/work/key/key/key.core/../key.ui/examples/heap/simple/oldForParams.key 
147222     INFO  main            d.u.i.k.p.i.AbstractProblemLoader Loading environment from /home/runner/work/key/key/key.core/../key.ui/examples/heap/simple/oldForParams.key 
147223     DEBUG main            d.u.i.k.p.i.AbstractProblemLoader Environment load took 174ns 
147224     INFO  main            d.u.i.k.p.i.AbstractProblemLoader Creating init config 
150420     DEBUG main            d.u.i.k.p.i.AbstractProblemLoader Init config took 3.2s 
150503     INFO  main            d.u.i.k.p.i.AbstractProblemLoader Replaying proof OldForParameters[OldForParameters::method(int)].JML operation contract.0 
150505     DEBUG main            d.u.i.k.p.i.IntermediateProofReplayer Proof replay took 7.5ns 
150809     INFO  main            d.u.i.k.p.r.p.TestFile    ... finished proof: closed. 
151174     INFO  main            d.u.i.k.p.i.AbstractProblemLoader Loading environment from /home/runner/work/key/key/key.core/../key.ui/examples/heap/simple/oldForParams.key.proof 
151175     DEBUG main            d.u.i.k.p.i.AbstractProblemLoader Environment load took 536.7ns 
151176     INFO  main            d.u.i.k.p.i.AbstractProblemLoader Creating init config 
154291     DEBUG main            d.u.i.k.p.i.AbstractProblemLoader Init config took 3.12s 
154343     INFO  main            d.u.i.k.p.i.AbstractProblemLoader Replaying proof OldForParameters[OldForParameters::method(int)].JML operation contract.0 
154394     DEBUG main            d.u.i.k.p.i.IntermediateProofReplayer Proof replay took 48.23ms 
154395     DEBUG main            d.u.i.k.p.r.p.TestFile    ... success: reloaded. 
154396     INFO  main            d.u.i.k.p.r.p.TestFile    Now processing file /home/runner/work/key/key/key.core/../key.ui/examples/heap/simple/parse_lmtd.key 
154397     INFO  main            d.u.i.k.p.i.AbstractProblemLoader Loading environment from /home/runner/work/key/key/key.core/../key.ui/examples/heap/simple/parse_lmtd.key 
154397     DEBUG main            d.u.i.k.p.i.AbstractProblemLoader Environment load took 191.7ns 
154398     INFO  main            d.u.i.k.p.i.AbstractProblemLoader Creating init config 
157651     DEBUG main            d.u.i.k.p.i.AbstractProblemLoader Init config took 3.25s 
157705     INFO  main            d.u.i.k.p.i.AbstractProblemLoader Replaying proof ParseLmtd[ParseLmtd::simple(int)].JML normal_behavior operation contract.0 
157707     DEBUG main            d.u.i.k.p.i.IntermediateProofReplayer Proof replay took 8.6ns 
157909     INFO  main            d.u.i.k.p.r.p.TestFile    ... finished proof: closed. 
158361     INFO  main            d.u.i.k.p.i.AbstractProblemLoader Loading environment from /home/runner/work/key/key/key.core/../key.ui/examples/heap/simple/parse_lmtd.key.proof 
158365     DEBUG main            d.u.i.k.p.i.AbstractProblemLoader Environment load took 4.26ms 
158367     INFO  main            d.u.i.k.p.i.AbstractProblemLoader Creating init config 
161532     DEBUG main            d.u.i.k.p.i.AbstractProblemLoader Init config took 3.16s 
161588     INFO  main            d.u.i.k.p.i.AbstractProblemLoader Replaying proof ParseLmtd[ParseLmtd::simple(int)].JML normal_behavior operation contract.0 
161616     DEBUG main            d.u.i.k.p.i.IntermediateProofReplayer Proof replay took 25.44ms 
161621     DEBUG main            d.u.i.k.p.r.p.TestFile    ... success: reloaded. 
161622     INFO  main            d.u.i.k.p.r.p.TestFile    Now processing file /home/runner/work/key/key/key.core/../key.ui/examples/heap/strictly_pure/strictlyPureMethod.key 
161622     INFO  main            d.u.i.k.p.i.AbstractProblemLoader Loading environment from /home/runner/work/key/key/key.core/../key.ui/examples/heap/strictly_pure/strictlyPureMethod.key 
161622     DEBUG main            d.u.i.k.p.i.AbstractProblemLoader Environment load took 242.9ns 
161624     INFO  main            d.u.i.k.p.i.AbstractProblemLoader Creating init config 
164618     DEBUG main            d.u.i.k.p.i.AbstractProblemLoader Init config took 2.99s 
164665     INFO  main            d.u.i.k.p.i.AbstractProblemLoader Replaying proof StrictlyPure[StrictlyPure::strictlyPureMethod()].JML operation contract.0 
164667     DEBUG main            d.u.i.k.p.i.IntermediateProofReplayer Proof replay took 8.9ns 
164975     INFO  main            d.u.i.k.p.r.p.TestFile    ... finished proof: closed. 
165320     INFO  main            d.u.i.k.p.i.AbstractProblemLoader Loading environment from /home/runner/work/key/key/key.core/../key.ui/examples/heap/strictly_pure/strictlyPureMethod.key.proof 
165320     DEBUG main            d.u.i.k.p.i.AbstractProblemLoader Environment load took 126.8ns 
165321     INFO  main            d.u.i.k.p.i.AbstractProblemLoader Creating init config 
168308     DEBUG main            d.u.i.k.p.i.AbstractProblemLoader Init config took 2.99s 
168353     INFO  main            d.u.i.k.p.i.AbstractProblemLoader Replaying proof StrictlyPure[StrictlyPure::strictlyPureMethod()].JML operation contract.0 
168396     DEBUG main            d.u.i.k.p.i.IntermediateProofReplayer Proof replay took 40.56ms 
168397     DEBUG main            d.u.i.k.p.r.p.TestFile    ... success: reloaded. 
168399     INFO  main            d.u.i.k.p.r.p.TestFile    Now processing file /home/runner/work/key/key/key.core/../key.ui/examples/heap/strictly_pure/useStrictlyPureMethod.key 
168399     INFO  main            d.u.i.k.p.i.AbstractProblemLoader Loading environment from /home/runner/work/key/key/key.core/../key.ui/examples/heap/strictly_pure/useStrictlyPureMethod.key 
168399     DEBUG main            d.u.i.k.p.i.AbstractProblemLoader Environment load took 115ns 
168400     INFO  main            d.u.i.k.p.i.AbstractProblemLoader Creating init config 
171454     DEBUG main            d.u.i.k.p.i.AbstractProblemLoader Init config took 3.05s 
171500     INFO  main            d.u.i.k.p.i.AbstractProblemLoader Replaying proof StrictlyPure[StrictlyPure::useStrictlyPureMethod(StrictlyPureClass)].JML operation contract.0 
171502     DEBUG main            d.u.i.k.p.i.IntermediateProofReplayer Proof replay took 19.8ns 
171805     INFO  main            d.u.i.k.p.r.p.TestFile    ... finished proof: closed. 
172174     INFO  main            d.u.i.k.p.i.AbstractProblemLoader Loading environment from /home/runner/work/key/key/key.core/../key.ui/examples/heap/strictly_pure/useStrictlyPureMethod.key.proof 
172175     DEBUG main            d.u.i.k.p.i.AbstractProblemLoader Environment load took 826.8ns 
172177     INFO  main            d.u.i.k.p.i.AbstractProblemLoader Creating init config 
175110     DEBUG main            d.u.i.k.p.i.AbstractProblemLoader Init config took 2.93s 
175157     INFO  main            d.u.i.k.p.i.AbstractProblemLoader Replaying proof StrictlyPure[StrictlyPure::useStrictlyPureMethod(StrictlyPureClass)].JML operation contract.0 
175234     DEBUG main            d.u.i.k.p.i.IntermediateProofReplayer Proof replay took 73.85ms 
175236     DEBUG main            d.u.i.k.p.r.p.TestFile    ... success: reloaded. 
175237     INFO  main            d.u.i.k.p.r.p.TestFile    Now processing file /home/runner/work/key/key/key.core/../key.ui/examples/heap/Wellfounded/ackermann.key 
175238     INFO  main            d.u.i.k.p.i.AbstractProblemLoader Loading environment from /home/runner/work/key/key/key.core/../key.ui/examples/heap/Wellfounded/ackermann.key 
175238     DEBUG main            d.u.i.k.p.i.AbstractProblemLoader Environment load took 172.5ns 
175239     INFO  main            d.u.i.k.p.i.AbstractProblemLoader Creating init config 
178340     DEBUG main            d.u.i.k.p.i.AbstractProblemLoader Init config took 3.1s 
178402     INFO  main            d.u.i.k.p.i.AbstractProblemLoader Replaying proof Ackermann[Ackermann::a(int,int)].JML normal_behavior operation contract.0 
178405     DEBUG main            d.u.i.k.p.i.IntermediateProofReplayer Proof replay took 7.8ns 
178812     INFO  main            d.u.i.k.p.r.p.TestFile    ... finished proof: closed. 
179322     INFO  main            d.u.i.k.p.i.AbstractProblemLoader Loading environment from /home/runner/work/key/key/key.core/../key.ui/examples/heap/Wellfounded/ackermann.key.proof 
179324     DEBUG main            d.u.i.k.p.i.AbstractProblemLoader Environment load took 1.1ms 
179325     INFO  main            d.u.i.k.p.i.AbstractProblemLoader Creating init config 
182328     DEBUG main            d.u.i.k.p.i.AbstractProblemLoader Init config took 3s 
182376     INFO  main            d.u.i.k.p.i.AbstractProblemLoader Replaying proof Ackermann[Ackermann::a(int,int)].JML normal_behavior operation contract.0 
182459     DEBUG main            d.u.i.k.p.i.IntermediateProofReplayer Proof replay took 76.66ms 
182460     DEBUG main            d.u.i.k.p.r.p.TestFile    ... success: reloaded. 
182462     INFO  main            d.u.i.k.p.r.p.TestFile    Now processing file /home/runner/work/key/key/key.core/../key.ui/examples/standard_key/unicode_test.key 
182462     INFO  main            d.u.i.k.p.i.AbstractProblemLoader Loading environment from /home/runner/work/key/key/key.core/../key.ui/examples/standard_key/unicode_test.key 
182463     DEBUG main            d.u.i.k.p.i.AbstractProblemLoader Environment load took 274.8ns 
182467     INFO  main            d.u.i.k.p.i.AbstractProblemLoader Creating init config 
185394     DEBUG main            d.u.i.k.p.i.AbstractProblemLoader Init config took 2.93s 
185410     INFO  main            d.u.i.k.p.i.AbstractProblemLoader Replaying proof unicode_test.key 
185411     DEBUG main            d.u.i.k.p.i.IntermediateProofReplayer Proof replay took 8.1ns 
185516     INFO  main            d.u.i.k.p.r.p.TestFile    ... finished proof: closed. 
185872     INFO  main            d.u.i.k.p.i.AbstractProblemLoader Loading environment from /home/runner/work/key/key/key.core/../key.ui/examples/standard_key/unicode_test.key.proof 
185872     DEBUG main            d.u.i.k.p.i.AbstractProblemLoader Environment load took 129.8ns 
185873     INFO  main            d.u.i.k.p.i.AbstractProblemLoader Creating init config 
188643     DEBUG main            d.u.i.k.p.i.AbstractProblemLoader Init config took 2.77s 
188659     INFO  main            d.u.i.k.p.i.AbstractProblemLoader Replaying proof unicode_test.key.proof 
188662     DEBUG main            d.u.i.k.p.i.IntermediateProofReplayer Proof replay took 404.3ns 
188662     DEBUG main            d.u.i.k.p.r.p.TestFile    ... success: reloaded. 
188663     INFO  main            d.u.i.k.p.r.p.TestFile    Now processing file /home/runner/work/key/key/key.core/../key.ui/examples/heap/strictlyModular/mayExpand.key 
188664     INFO  main            d.u.i.k.p.i.AbstractProblemLoader Loading environment from /home/runner/work/key/key/key.core/../key.ui/examples/heap/strictlyModular/mayExpand.key 
188664     DEBUG main            d.u.i.k.p.i.AbstractProblemLoader Environment load took 338.7ns 
188665     INFO  main            d.u.i.k.p.i.AbstractProblemLoader Creating init config 
191686     DEBUG main            d.u.i.k.p.i.AbstractProblemLoader Init config took 3.02s 
191730     INFO  main            d.u.i.k.p.i.AbstractProblemLoader Replaying proof Modular[Modular::m()].JML operation contract.0 
191732     DEBUG main            d.u.i.k.p.i.IntermediateProofReplayer Proof replay took 8.5ns 
191834     INFO  main            d.u.i.k.p.r.p.TestFile    ... finished proof: closed. 
192222     INFO  main            d.u.i.k.p.i.AbstractProblemLoader Loading environment from /home/runner/work/key/key/key.core/../key.ui/examples/heap/strictlyModular/mayExpand.key.proof 
192222     DEBUG main            d.u.i.k.p.i.AbstractProblemLoader Environment load took 111.5ns 
192224     INFO  main            d.u.i.k.p.i.AbstractProblemLoader Creating init config 
195189     DEBUG main            d.u.i.k.p.i.AbstractProblemLoader Init config took 2.97s 
195237     INFO  main            d.u.i.k.p.i.AbstractProblemLoader Replaying proof Modular[Modular::m()].JML operation contract.0 
195256     DEBUG main            d.u.i.k.p.i.IntermediateProofReplayer Proof replay took 16.53ms 
195258     DEBUG main            d.u.i.k.p.r.p.TestFile    ... success: reloaded. 
195259     INFO  main            d.u.i.k.p.r.p.TestFile    Now processing file /home/runner/work/key/key/key.core/../key.ui/examples/heap/strictlyModular/modularOnly.key 
195259     INFO  main            d.u.i.k.p.i.AbstractProblemLoader Loading environment from /home/runner/work/key/key/key.core/../key.ui/examples/heap/strictlyModular/modularOnly.key 
195260     DEBUG main            d.u.i.k.p.i.AbstractProblemLoader Environment load took 225ns 
195261     INFO  main            d.u.i.k.p.i.AbstractProblemLoader Creating init config 
198300     DEBUG main            d.u.i.k.p.i.AbstractProblemLoader Init config took 3.04s 
198346     INFO  main            d.u.i.k.p.i.AbstractProblemLoader Replaying proof Modular[Modular::m()].JML operation contract.0 
198347     DEBUG main            d.u.i.k.p.i.IntermediateProofReplayer Proof replay took 18.2ns 
198452     INFO  main            d.u.i.k.p.r.p.TestFile    ... finished proof: open goal(s) 
2453559    INFO  Test worker     d.u.i.k.p.r.RunAllProofsTestUnit Returning from test simpleTests 
2453561    INFO  Test worker     d.u.i.k.p.r.RunAllProofsTestUnit Running test SmansEtAl 
503        INFO  Timeout watchdog d.u.i.k.p.r.p.ForkedTestFileRunner Timeout watcher launched (2000 secs.) 
550        WARN  main            d.u.i.k.s.ProofSettings   The settings in /home/runner/.key/proof-settings.props are *not* read. 
597        INFO  main            d.u.i.k.p.r.p.TestFile    Now processing file /home/runner/work/key/key/key.core/../key.ui/examples/heap/SmansEtAl/ArrayList_add.key 
734        INFO  main            d.u.i.k.p.i.AbstractProblemLoader Loading environment from /home/runner/work/key/key/key.core/../key.ui/examples/heap/SmansEtAl/ArrayList_add.key 
755        DEBUG main            d.u.i.k.p.i.AbstractProblemLoader Environment load took 2.34ms 
1115       INFO  main            d.u.i.k.p.i.AbstractProblemLoader Creating init config 
2549       DEBUG main            d.u.i.k.j.TypeConverter   No LDT found for Meta 
2550       DEBUG main            d.u.i.k.j.TypeConverter   No LDT found for Meta 
2554       DEBUG main            d.u.i.k.j.TypeConverter   No LDT found for Meta 
2554       DEBUG main            d.u.i.k.j.TypeConverter   No LDT found for Meta 
4343       DEBUG main            d.u.i.k.j.TypeConverter   No LDT found for JavaBigintExpression 
11253      DEBUG main            d.u.i.k.p.i.AbstractProblemLoader Init config took 10.14s 
11511      INFO  main            d.u.i.k.p.i.AbstractProblemLoader Replaying proof ArrayList[ArrayList::add(java.lang.Object)].JML normal_behavior operation contract.0 
11574      DEBUG main            d.u.i.k.p.i.IntermediateProofReplayer Proof replay took 39.3ns 
21137      INFO  main            d.u.i.k.p.r.p.TestFile    ... finished proof: closed. 
21433      INFO  main            d.u.i.k.p.i.AbstractProblemLoader Loading environment from /home/runner/work/key/key/key.core/../key.ui/examples/heap/SmansEtAl/ArrayList_add.key.proof 
21435      DEBUG main            d.u.i.k.p.i.AbstractProblemLoader Environment load took 1.42ms 
21443      INFO  main            d.u.i.k.p.i.AbstractProblemLoader Creating init config 
25375      DEBUG main            d.u.i.k.p.i.AbstractProblemLoader Init config took 3.93s 
25455      INFO  main            d.u.i.k.p.i.AbstractProblemLoader Replaying proof ArrayList[ArrayList::add(java.lang.Object)].JML normal_behavior operation contract.0 
26649      DEBUG main            d.u.i.k.p.i.IntermediateProofReplayer Proof replay took 1.16s 
26665      DEBUG main            d.u.i.k.p.r.p.TestFile    ... success: reloaded. 
26667      INFO  main            d.u.i.k.p.r.p.TestFile    Now processing file /home/runner/work/key/key/key.core/../key.ui/examples/heap/SmansEtAl/ArrayList_ArrayList.key 
26667      INFO  main            d.u.i.k.p.i.AbstractProblemLoader Loading environment from /home/runner/work/key/key/key.core/../key.ui/examples/heap/SmansEtAl/ArrayList_ArrayList.key 
26667      DEBUG main            d.u.i.k.p.i.AbstractProblemLoader Environment load took 82.6ns 
26669      INFO  main            d.u.i.k.p.i.AbstractProblemLoader Creating init config 
30482      DEBUG main            d.u.i.k.p.i.AbstractProblemLoader Init config took 3.81s 
30559      INFO  main            d.u.i.k.p.i.AbstractProblemLoader Replaying proof ArrayList[ArrayList::ArrayList()].JML normal_behavior operation contract.0 
30563      DEBUG main            d.u.i.k.p.i.IntermediateProofReplayer Proof replay took 7.1ns 
31988      INFO  main            d.u.i.k.p.r.p.TestFile    ... finished proof: closed. 
32180      INFO  main            d.u.i.k.p.i.AbstractProblemLoader Loading environment from /home/runner/work/key/key/key.core/../key.ui/examples/heap/SmansEtAl/ArrayList_ArrayList.key.proof 
32180      DEBUG main            d.u.i.k.p.i.AbstractProblemLoader Environment load took 608.4ns 
32184      INFO  main            d.u.i.k.p.i.AbstractProblemLoader Creating init config 
35775      DEBUG main            d.u.i.k.p.i.AbstractProblemLoader Init config took 3.59s 
35863      INFO  main            d.u.i.k.p.i.AbstractProblemLoader Replaying proof ArrayList[ArrayList::ArrayList()].JML normal_behavior operation contract.0 
36070      DEBUG main            d.u.i.k.p.i.IntermediateProofReplayer Proof replay took 187.87ms 
36072      DEBUG main            d.u.i.k.p.r.p.TestFile    ... success: reloaded. 
36075      INFO  main            d.u.i.k.p.r.p.TestFile    Now processing file /home/runner/work/key/key/key.core/../key.ui/examples/heap/SmansEtAl/ArrayList_footprint.key 
36076      INFO  main            d.u.i.k.p.i.AbstractProblemLoader Loading environment from /home/runner/work/key/key/key.core/../key.ui/examples/heap/SmansEtAl/ArrayList_footprint.key 
36076      DEBUG main            d.u.i.k.p.i.AbstractProblemLoader Environment load took 550.5ns 
36079      INFO  main            d.u.i.k.p.i.AbstractProblemLoader Creating init config 
39731      DEBUG main            d.u.i.k.p.i.AbstractProblemLoader Init config took 3.65s 
39796      INFO  main            d.u.i.k.p.i.AbstractProblemLoader Replaying proof ArrayList[ArrayList::$footprint()].JML accessible clause.0 
39799      DEBUG main            d.u.i.k.p.i.IntermediateProofReplayer Proof replay took 6.9ns 
39902      INFO  main            d.u.i.k.p.r.p.TestFile    ... finished proof: closed. 
40124      INFO  main            d.u.i.k.p.i.AbstractProblemLoader Loading environment from /home/runner/work/key/key/key.core/../key.ui/examples/heap/SmansEtAl/ArrayList_footprint.key.proof 
40124      DEBUG main            d.u.i.k.p.i.AbstractProblemLoader Environment load took 154.1ns 
40125      INFO  main            d.u.i.k.p.i.AbstractProblemLoader Creating init config 
43757      DEBUG main            d.u.i.k.p.i.AbstractProblemLoader Init config took 3.63s 
43834      INFO  main            d.u.i.k.p.i.AbstractProblemLoader Replaying proof ArrayList[ArrayList::$footprint()].JML accessible clause.0 
43854      DEBUG main            d.u.i.k.p.i.IntermediateProofReplayer Proof replay took 14.28ms 
43855      DEBUG main            d.u.i.k.p.r.p.TestFile    ... success: reloaded. 
43857      INFO  main            d.u.i.k.p.r.p.TestFile    Now processing file /home/runner/work/key/key/key.core/../key.ui/examples/heap/SmansEtAl/ArrayList_get_dep.key 
43857      INFO  main            d.u.i.k.p.i.AbstractProblemLoader Loading environment from /home/runner/work/key/key/key.core/../key.ui/examples/heap/SmansEtAl/ArrayList_get_dep.key 
43858      DEBUG main            d.u.i.k.p.i.AbstractProblemLoader Environment load took 319.4ns 
43859      INFO  main            d.u.i.k.p.i.AbstractProblemLoader Creating init config 
47397      DEBUG main            d.u.i.k.p.i.AbstractProblemLoader Init config took 3.54s 
47458      INFO  main            d.u.i.k.p.i.AbstractProblemLoader Replaying proof ArrayList[ArrayList::get(int)].JML accessible clause.0 
47460      DEBUG main            d.u.i.k.p.i.IntermediateProofReplayer Proof replay took 7.6ns 
47865      INFO  main            d.u.i.k.p.r.p.TestFile    ... finished proof: closed. 
48107      INFO  main            d.u.i.k.p.i.AbstractProblemLoader Loading environment from /home/runner/work/key/key/key.core/../key.ui/examples/heap/SmansEtAl/ArrayList_get_dep.key.proof 
48108      DEBUG main            d.u.i.k.p.i.AbstractProblemLoader Environment load took 1.4ms 
48111      INFO  main            d.u.i.k.p.i.AbstractProblemLoader Creating init config 
51580      DEBUG main            d.u.i.k.p.i.AbstractProblemLoader Init config took 3.47s 
51638      INFO  main            d.u.i.k.p.i.AbstractProblemLoader Replaying proof ArrayList[ArrayList::get(int)].JML accessible clause.0 
51711      DEBUG main            d.u.i.k.p.i.IntermediateProofReplayer Proof replay took 67.74ms 
51712      DEBUG main            d.u.i.k.p.r.p.TestFile    ... success: reloaded. 
51714      INFO  main            d.u.i.k.p.r.p.TestFile    Now processing file /home/runner/work/key/key/key.core/../key.ui/examples/heap/SmansEtAl/ArrayList_get.key 
51714      INFO  main            d.u.i.k.p.i.AbstractProblemLoader Loading environment from /home/runner/work/key/key/key.core/../key.ui/examples/heap/SmansEtAl/ArrayList_get.key 
51715      DEBUG main            d.u.i.k.p.i.AbstractProblemLoader Environment load took 140.6ns 
51716      INFO  main            d.u.i.k.p.i.AbstractProblemLoader Creating init config 
55250      DEBUG main            d.u.i.k.p.i.AbstractProblemLoader Init config took 3.53s 
55309      INFO  main            d.u.i.k.p.i.AbstractProblemLoader Replaying proof ArrayList[ArrayList::get(int)].JML normal_behavior operation contract.0 
55311      DEBUG main            d.u.i.k.p.i.IntermediateProofReplayer Proof replay took 6.6ns 
55516      INFO  main            d.u.i.k.p.r.p.TestFile    ... finished proof: closed. 
55717      INFO  main            d.u.i.k.p.i.AbstractProblemLoader Loading environment from /home/runner/work/key/key/key.core/../key.ui/examples/heap/SmansEtAl/ArrayList_get.key.proof 
55717      DEBUG main            d.u.i.k.p.i.AbstractProblemLoader Environment load took 630.5ns 
55719      INFO  main            d.u.i.k.p.i.AbstractProblemLoader Creating init config 
59143      DEBUG main            d.u.i.k.p.i.AbstractProblemLoader Init config took 3.42s 
59203      INFO  main            d.u.i.k.p.i.AbstractProblemLoader Replaying proof ArrayList[ArrayList::get(int)].JML normal_behavior operation contract.0 
59253      DEBUG main            d.u.i.k.p.i.IntermediateProofReplayer Proof replay took 33.52ms 
59254      DEBUG main            d.u.i.k.p.r.p.TestFile    ... success: reloaded. 
59256      INFO  main            d.u.i.k.p.r.p.TestFile    Now processing file /home/runner/work/key/key/key.core/../key.ui/examples/heap/SmansEtAl/ArrayList_inv.key 
59256      INFO  main            d.u.i.k.p.i.AbstractProblemLoader Loading environment from /home/runner/work/key/key/key.core/../key.ui/examples/heap/SmansEtAl/ArrayList_inv.key 
59257      DEBUG main            d.u.i.k.p.i.AbstractProblemLoader Environment load took 249.5ns 
59258      INFO  main            d.u.i.k.p.i.AbstractProblemLoader Creating init config 
62819      DEBUG main            d.u.i.k.p.i.AbstractProblemLoader Init config took 3.56s 
62882      INFO  main            d.u.i.k.p.i.AbstractProblemLoader Replaying proof ArrayList[java.lang.Object::<inv>()].JML accessible clause.0 
62884      DEBUG main            d.u.i.k.p.i.IntermediateProofReplayer Proof replay took 8.8ns 
62987      INFO  main            d.u.i.k.p.r.p.TestFile    ... finished proof: closed. 
63246      INFO  main            d.u.i.k.p.i.AbstractProblemLoader Loading environment from /home/runner/work/key/key/key.core/../key.ui/examples/heap/SmansEtAl/ArrayList_inv.key.proof 
63246      DEBUG main            d.u.i.k.p.i.AbstractProblemLoader Environment load took 161ns 
63248      INFO  main            d.u.i.k.p.i.AbstractProblemLoader Creating init config 
66694      DEBUG main            d.u.i.k.p.i.AbstractProblemLoader Init config took 3.45s 
66758      INFO  main            d.u.i.k.p.i.AbstractProblemLoader Replaying proof ArrayList[java.lang.Object::<inv>()].JML accessible clause.0 
66772      DEBUG main            d.u.i.k.p.i.IntermediateProofReplayer Proof replay took 11.66ms 
66773      DEBUG main            d.u.i.k.p.r.p.TestFile    ... success: reloaded. 
66775      INFO  main            d.u.i.k.p.r.p.TestFile    Now processing file /home/runner/work/key/key/key.core/../key.ui/examples/heap/SmansEtAl/ArrayList_size_dep.key 
66775      INFO  main            d.u.i.k.p.i.AbstractProblemLoader Loading environment from /home/runner/work/key/key/key.core/../key.ui/examples/heap/SmansEtAl/ArrayList_size_dep.key 
66775      DEBUG main            d.u.i.k.p.i.AbstractProblemLoader Environment load took 105ns 
66776      INFO  main            d.u.i.k.p.i.AbstractProblemLoader Creating init config 
70277      DEBUG main            d.u.i.k.p.i.AbstractProblemLoader Init config took 3.5s 
70332      INFO  main            d.u.i.k.p.i.AbstractProblemLoader Replaying proof ArrayList[ArrayList::size()].JML accessible clause.0 
70334      DEBUG main            d.u.i.k.p.i.IntermediateProofReplayer Proof replay took 7.1ns 
70437      INFO  main            d.u.i.k.p.r.p.TestFile    ... finished proof: closed. 
70681      INFO  main            d.u.i.k.p.i.AbstractProblemLoader Loading environment from /home/runner/work/key/key/key.core/../key.ui/examples/heap/SmansEtAl/ArrayList_size_dep.key.proof 
70682      DEBUG main            d.u.i.k.p.i.AbstractProblemLoader Environment load took 541.7ns 
70683      INFO  main            d.u.i.k.p.i.AbstractProblemLoader Creating init config 
74122      DEBUG main            d.u.i.k.p.i.AbstractProblemLoader Init config took 3.44s 
74174      INFO  main            d.u.i.k.p.i.AbstractProblemLoader Replaying proof ArrayList[ArrayList::size()].JML accessible clause.0 
74196      DEBUG main            d.u.i.k.p.i.IntermediateProofReplayer Proof replay took 17.28ms 
74197      DEBUG main            d.u.i.k.p.r.p.TestFile    ... success: reloaded. 
74198      INFO  main            d.u.i.k.p.r.p.TestFile    Now processing file /home/runner/work/key/key/key.core/../key.ui/examples/heap/SmansEtAl/ArrayList_size.key 
74199      INFO  main            d.u.i.k.p.i.AbstractProblemLoader Loading environment from /home/runner/work/key/key/key.core/../key.ui/examples/heap/SmansEtAl/ArrayList_size.key 
74199      DEBUG main            d.u.i.k.p.i.AbstractProblemLoader Environment load took 160.4ns 
74200      INFO  main            d.u.i.k.p.i.AbstractProblemLoader Creating init config 
77770      DEBUG main            d.u.i.k.p.i.AbstractProblemLoader Init config took 3.57s 
77822      INFO  main            d.u.i.k.p.i.AbstractProblemLoader Replaying proof ArrayList[ArrayList::size()].JML normal_behavior operation contract.0 
77824      DEBUG main            d.u.i.k.p.i.IntermediateProofReplayer Proof replay took 8.3ns 
77926      INFO  main            d.u.i.k.p.r.p.TestFile    ... finished proof: closed. 
78174      INFO  main            d.u.i.k.p.i.AbstractProblemLoader Loading environment from /home/runner/work/key/key/key.core/../key.ui/examples/heap/SmansEtAl/ArrayList_size.key.proof 
78174      DEBUG main            d.u.i.k.p.i.AbstractProblemLoader Environment load took 156.7ns 
78177      INFO  main            d.u.i.k.p.i.AbstractProblemLoader Creating init config 
81730      DEBUG main            d.u.i.k.p.i.AbstractProblemLoader Init config took 3.55s 
81782      INFO  main            d.u.i.k.p.i.AbstractProblemLoader Replaying proof ArrayList[ArrayList::size()].JML normal_behavior operation contract.0 
81801      DEBUG main            d.u.i.k.p.i.IntermediateProofReplayer Proof replay took 16.2ms 
81803      DEBUG main            d.u.i.k.p.r.p.TestFile    ... success: reloaded. 
81805      INFO  main            d.u.i.k.p.r.p.TestFile    Now processing file /home/runner/work/key/key/key.core/../key.ui/examples/heap/SmansEtAl/Cell_Cell.key 
81805      INFO  main            d.u.i.k.p.i.AbstractProblemLoader Loading environment from /home/runner/work/key/key/key.core/../key.ui/examples/heap/SmansEtAl/Cell_Cell.key 
81805      DEBUG main            d.u.i.k.p.i.AbstractProblemLoader Environment load took 285.8ns 
81807      INFO  main            d.u.i.k.p.i.AbstractProblemLoader Creating init config 
85314      DEBUG main            d.u.i.k.p.i.AbstractProblemLoader Init config took 3.51s 
85366      INFO  main            d.u.i.k.p.i.AbstractProblemLoader Replaying proof Cell[Cell::Cell()].JML normal_behavior operation contract.0 
85368      DEBUG main            d.u.i.k.p.i.IntermediateProofReplayer Proof replay took 8.3ns 
85571      INFO  main            d.u.i.k.p.r.p.TestFile    ... finished proof: closed. 
85824      INFO  main            d.u.i.k.p.i.AbstractProblemLoader Loading environment from /home/runner/work/key/key/key.core/../key.ui/examples/heap/SmansEtAl/Cell_Cell.key.proof 
85825      DEBUG main            d.u.i.k.p.i.AbstractProblemLoader Environment load took 560.4ns 
85827      INFO  main            d.u.i.k.p.i.AbstractProblemLoader Creating init config 
89264      DEBUG main            d.u.i.k.p.i.AbstractProblemLoader Init config took 3.44s 
89311      INFO  main            d.u.i.k.p.i.AbstractProblemLoader Replaying proof Cell[Cell::Cell()].JML normal_behavior operation contract.0 
89364      DEBUG main            d.u.i.k.p.i.IntermediateProofReplayer Proof replay took 49.33ms 
89366      DEBUG main            d.u.i.k.p.r.p.TestFile    ... success: reloaded. 
89368      INFO  main            d.u.i.k.p.r.p.TestFile    Now processing file /home/runner/work/key/key/key.core/../key.ui/examples/heap/SmansEtAl/Cell_footprint.key 
89368      INFO  main            d.u.i.k.p.i.AbstractProblemLoader Loading environment from /home/runner/work/key/key/key.core/../key.ui/examples/heap/SmansEtAl/Cell_footprint.key 
89369      DEBUG main            d.u.i.k.p.i.AbstractProblemLoader Environment load took 293.4ns 
89371      INFO  main            d.u.i.k.p.i.AbstractProblemLoader Creating init config 
92906      DEBUG main            d.u.i.k.p.i.AbstractProblemLoader Init config took 3.53s 
92957      INFO  main            d.u.i.k.p.i.AbstractProblemLoader Replaying proof Cell[Cell::$footprint()].JML accessible clause.0 
92960      DEBUG main            d.u.i.k.p.i.IntermediateProofReplayer Proof replay took 7.3ns 
93062      INFO  main            d.u.i.k.p.r.p.TestFile    ... finished proof: closed. 
93315      INFO  main            d.u.i.k.p.i.AbstractProblemLoader Loading environment from /home/runner/work/key/key/key.core/../key.ui/examples/heap/SmansEtAl/Cell_footprint.key.proof 
93315      DEBUG main            d.u.i.k.p.i.AbstractProblemLoader Environment load took 138ns 
93317      INFO  main            d.u.i.k.p.i.AbstractProblemLoader Creating init config 
96751      DEBUG main            d.u.i.k.p.i.AbstractProblemLoader Init config took 3.43s 
96802      INFO  main            d.u.i.k.p.i.AbstractProblemLoader Replaying proof Cell[Cell::$footprint()].JML accessible clause.0 
96808      DEBUG main            d.u.i.k.p.i.IntermediateProofReplayer Proof replay took 4.24ms 
96809      DEBUG main            d.u.i.k.p.r.p.TestFile    ... success: reloaded. 
96811      INFO  main            d.u.i.k.p.r.p.TestFile    Now processing file /home/runner/work/key/key/key.core/../key.ui/examples/heap/SmansEtAl/Cell_getX_dep.key 
96811      INFO  main            d.u.i.k.p.i.AbstractProblemLoader Loading environment from /home/runner/work/key/key/key.core/../key.ui/examples/heap/SmansEtAl/Cell_getX_dep.key 
96812      DEBUG main            d.u.i.k.p.i.AbstractProblemLoader Environment load took 134.7ns 
96813      INFO  main            d.u.i.k.p.i.AbstractProblemLoader Creating init config 
100376     DEBUG main            d.u.i.k.p.i.AbstractProblemLoader Init config took 3.56s 
100421     INFO  main            d.u.i.k.p.i.AbstractProblemLoader Replaying proof Cell[Cell::getX()].JML accessible clause.0 
100423     DEBUG main            d.u.i.k.p.i.IntermediateProofReplayer Proof replay took 8.9ns 
100528     INFO  main            d.u.i.k.p.r.p.TestFile    ... finished proof: closed. 
100793     INFO  main            d.u.i.k.p.i.AbstractProblemLoader Loading environment from /home/runner/work/key/key/key.core/../key.ui/examples/heap/SmansEtAl/Cell_getX_dep.key.proof 
100793     DEBUG main            d.u.i.k.p.i.AbstractProblemLoader Environment load took 143.4ns 
100796     INFO  main            d.u.i.k.p.i.AbstractProblemLoader Creating init config 
104245     DEBUG main            d.u.i.k.p.i.AbstractProblemLoader Init config took 3.45s 
104297     INFO  main            d.u.i.k.p.i.AbstractProblemLoader Replaying proof Cell[Cell::getX()].JML accessible clause.0 
104318     DEBUG main            d.u.i.k.p.i.IntermediateProofReplayer Proof replay took 17.2ms 
104319     DEBUG main            d.u.i.k.p.r.p.TestFile    ... success: reloaded. 
104321     INFO  main            d.u.i.k.p.r.p.TestFile    Now processing file /home/runner/work/key/key/key.core/../key.ui/examples/heap/SmansEtAl/Cell_getX.key 
104321     INFO  main            d.u.i.k.p.i.AbstractProblemLoader Loading environment from /home/runner/work/key/key/key.core/../key.ui/examples/heap/SmansEtAl/Cell_getX.key 
104321     DEBUG main            d.u.i.k.p.i.AbstractProblemLoader Environment load took 238.9ns 
104322     INFO  main            d.u.i.k.p.i.AbstractProblemLoader Creating init config 
107782     DEBUG main            d.u.i.k.p.i.AbstractProblemLoader Init config took 3.46s 
107845     INFO  main            d.u.i.k.p.i.AbstractProblemLoader Replaying proof Cell[Cell::getX()].JML normal_behavior operation contract.0 
107846     DEBUG main            d.u.i.k.p.i.IntermediateProofReplayer Proof replay took 7.4ns 
107952     INFO  main            d.u.i.k.p.r.p.TestFile    ... finished proof: closed. 
108206     INFO  main            d.u.i.k.p.i.AbstractProblemLoader Loading environment from /home/runner/work/key/key/key.core/../key.ui/examples/heap/SmansEtAl/Cell_getX.key.proof 
108206     DEBUG main            d.u.i.k.p.i.AbstractProblemLoader Environment load took 147.6ns 
108208     INFO  main            d.u.i.k.p.i.AbstractProblemLoader Creating init config 
111553     DEBUG main            d.u.i.k.p.i.AbstractProblemLoader Init config took 3.34s 
111597     INFO  main            d.u.i.k.p.i.AbstractProblemLoader Replaying proof Cell[Cell::getX()].JML normal_behavior operation contract.0 
111613     DEBUG main            d.u.i.k.p.i.IntermediateProofReplayer Proof replay took 13.12ms 
111614     DEBUG main            d.u.i.k.p.r.p.TestFile    ... success: reloaded. 
111615     INFO  main            d.u.i.k.p.r.p.TestFile    Now processing file /home/runner/work/key/key/key.core/../key.ui/examples/heap/SmansEtAl/Cell_inv.key 
111616     INFO  main            d.u.i.k.p.i.AbstractProblemLoader Loading environment from /home/runner/work/key/key/key.core/../key.ui/examples/heap/SmansEtAl/Cell_inv.key 
111616     DEBUG main            d.u.i.k.p.i.AbstractProblemLoader Environment load took 130.2ns 
111617     INFO  main            d.u.i.k.p.i.AbstractProblemLoader Creating init config 
115047     DEBUG main            d.u.i.k.p.i.AbstractProblemLoader Init config took 3.43s 
115097     INFO  main            d.u.i.k.p.i.AbstractProblemLoader Replaying proof Cell[java.lang.Object::<inv>()].JML accessible clause.0 
115099     DEBUG main            d.u.i.k.p.i.IntermediateProofReplayer Proof replay took 8.7ns 
115204     INFO  main            d.u.i.k.p.r.p.TestFile    ... finished proof: closed. 
115488     INFO  main            d.u.i.k.p.i.AbstractProblemLoader Loading environment from /home/runner/work/key/key/key.core/../key.ui/examples/heap/SmansEtAl/Cell_inv.key.proof 
115488     DEBUG main            d.u.i.k.p.i.AbstractProblemLoader Environment load took 131.2ns 
115489     INFO  main            d.u.i.k.p.i.AbstractProblemLoader Creating init config 
118825     DEBUG main            d.u.i.k.p.i.AbstractProblemLoader Init config took 3.34s 
118869     INFO  main            d.u.i.k.p.i.AbstractProblemLoader Replaying proof Cell[java.lang.Object::<inv>()].JML accessible clause.0 
118873     DEBUG main            d.u.i.k.p.i.IntermediateProofReplayer Proof replay took 1.89ms 
118874     DEBUG main            d.u.i.k.p.r.p.TestFile    ... success: reloaded. 
118875     INFO  main            d.u.i.k.p.r.p.TestFile    Now processing file /home/runner/work/key/key/key.core/../key.ui/examples/heap/SmansEtAl/Cell_setX.key 
118876     INFO  main            d.u.i.k.p.i.AbstractProblemLoader Loading environment from /home/runner/work/key/key/key.core/../key.ui/examples/heap/SmansEtAl/Cell_setX.key 
118876     DEBUG main            d.u.i.k.p.i.AbstractProblemLoader Environment load took 177.3ns 
118877     INFO  main            d.u.i.k.p.i.AbstractProblemLoader Creating init config 
122282     DEBUG main            d.u.i.k.p.i.AbstractProblemLoader Init config took 3.4s 
122326     INFO  main            d.u.i.k.p.i.AbstractProblemLoader Replaying proof Cell[Cell::setX(int)].JML normal_behavior operation contract.0 
122328     DEBUG main            d.u.i.k.p.i.IntermediateProofReplayer Proof replay took 7ns 
122532     INFO  main            d.u.i.k.p.r.p.TestFile    ... finished proof: closed. 
122803     INFO  main            d.u.i.k.p.i.AbstractProblemLoader Loading environment from /home/runner/work/key/key/key.core/../key.ui/examples/heap/SmansEtAl/Cell_setX.key.proof 
122803     DEBUG main            d.u.i.k.p.i.AbstractProblemLoader Environment load took 144.4ns 
122804     INFO  main            d.u.i.k.p.i.AbstractProblemLoader Creating init config 
126185     DEBUG main            d.u.i.k.p.i.AbstractProblemLoader Init config took 3.38s 
126235     INFO  main            d.u.i.k.p.i.AbstractProblemLoader Replaying proof Cell[Cell::setX(int)].JML normal_behavior operation contract.0 
126261     DEBUG main            d.u.i.k.p.i.IntermediateProofReplayer Proof replay took 23.39ms 
126262     DEBUG main            d.u.i.k.p.r.p.TestFile    ... success: reloaded. 
126264     INFO  main            d.u.i.k.p.r.p.TestFile    Now processing file /home/runner/work/key/key/key.core/../key.ui/examples/heap/SmansEtAl/CellClient_m.key 
126264     INFO  main            d.u.i.k.p.i.AbstractProblemLoader Loading environment from /home/runner/work/key/key/key.core/../key.ui/examples/heap/SmansEtAl/CellClient_m.key 
126264     DEBUG main            d.u.i.k.p.i.AbstractProblemLoader Environment load took 133ns 
126265     INFO  main            d.u.i.k.p.i.AbstractProblemLoader Creating init config 
129747     DEBUG main            d.u.i.k.p.i.AbstractProblemLoader Init config took 3.48s 
129793     INFO  main            d.u.i.k.p.i.AbstractProblemLoader Replaying proof CellClient[CellClient::m()].JML operation contract.0 
129796     DEBUG main            d.u.i.k.p.i.IntermediateProofReplayer Proof replay took 8ns 
130407     INFO  main            d.u.i.k.p.r.p.TestFile    ... finished proof: closed. 
130697     INFO  main            d.u.i.k.p.i.AbstractProblemLoader Loading environment from /home/runner/work/key/key/key.core/../key.ui/examples/heap/SmansEtAl/CellClient_m.key.proof 
130703     DEBUG main            d.u.i.k.p.i.AbstractProblemLoader Environment load took 5.58ms 
130704     INFO  main            d.u.i.k.p.i.AbstractProblemLoader Creating init config 
134077     DEBUG main            d.u.i.k.p.i.AbstractProblemLoader Init config took 3.37s 
134121     INFO  main            d.u.i.k.p.i.AbstractProblemLoader Replaying proof CellClient[CellClient::m()].JML operation contract.0 
134247     DEBUG main            d.u.i.k.p.i.IntermediateProofReplayer Proof replay took 115.46ms 
134248     DEBUG main            d.u.i.k.p.r.p.TestFile    ... success: reloaded. 
134250     INFO  main            d.u.i.k.p.r.p.TestFile    Now processing file /home/runner/work/key/key/key.core/../key.ui/examples/heap/SmansEtAl/Iterator_footprint.key 
134250     INFO  main            d.u.i.k.p.i.AbstractProblemLoader Loading environment from /home/runner/work/key/key/key.core/../key.ui/examples/heap/SmansEtAl/Iterator_footprint.key 
134251     DEBUG main            d.u.i.k.p.i.AbstractProblemLoader Environment load took 331.4ns 
134252     INFO  main            d.u.i.k.p.i.AbstractProblemLoader Creating init config 
137671     DEBUG main            d.u.i.k.p.i.AbstractProblemLoader Init config took 3.42s 
137719     INFO  main            d.u.i.k.p.i.AbstractProblemLoader Replaying proof Iterator[Iterator::$footprint()].JML accessible clause.0 
137721     DEBUG main            d.u.i.k.p.i.IntermediateProofReplayer Proof replay took 7.7ns 
137824     INFO  main            d.u.i.k.p.r.p.TestFile    ... finished proof: closed. 
138122     INFO  main            d.u.i.k.p.i.AbstractProblemLoader Loading environment from /home/runner/work/key/key/key.core/../key.ui/examples/heap/SmansEtAl/Iterator_footprint.key.proof 
138122     DEBUG main            d.u.i.k.p.i.AbstractProblemLoader Environment load took 233.4ns 
138123     INFO  main            d.u.i.k.p.i.AbstractProblemLoader Creating init config 
141428     DEBUG main            d.u.i.k.p.i.AbstractProblemLoader Init config took 3.31s 
141476     INFO  main            d.u.i.k.p.i.AbstractProblemLoader Replaying proof Iterator[Iterator::$footprint()].JML accessible clause.0 
141489     DEBUG main            d.u.i.k.p.i.IntermediateProofReplayer Proof replay took 7.64ms 
141490     DEBUG main            d.u.i.k.p.r.p.TestFile    ... success: reloaded. 
141493     INFO  main            d.u.i.k.p.r.p.TestFile    Now processing file /home/runner/work/key/key/key.core/../key.ui/examples/heap/SmansEtAl/Iterator_hasNext_dep.key 
141494     INFO  main            d.u.i.k.p.i.AbstractProblemLoader Loading environment from /home/runner/work/key/key/key.core/../key.ui/examples/heap/SmansEtAl/Iterator_hasNext_dep.key 
141494     DEBUG main            d.u.i.k.p.i.AbstractProblemLoader Environment load took 167.4ns 
141495     INFO  main            d.u.i.k.p.i.AbstractProblemLoader Creating init config 
144937     DEBUG main            d.u.i.k.p.i.AbstractProblemLoader Init config took 3.44s 
144983     INFO  main            d.u.i.k.p.i.AbstractProblemLoader Replaying proof Iterator[Iterator::hasNext()].JML accessible clause.0 
144985     DEBUG main            d.u.i.k.p.i.IntermediateProofReplayer Proof replay took 8ns 
145791     INFO  main            d.u.i.k.p.r.p.TestFile    ... finished proof: closed. 
146145     INFO  main            d.u.i.k.p.i.AbstractProblemLoader Loading environment from /home/runner/work/key/key/key.core/../key.ui/examples/heap/SmansEtAl/Iterator_hasNext_dep.key.proof 
146146     DEBUG main            d.u.i.k.p.i.AbstractProblemLoader Environment load took 595.8ns 
146147     INFO  main            d.u.i.k.p.i.AbstractProblemLoader Creating init config 
149404     DEBUG main            d.u.i.k.p.i.AbstractProblemLoader Init config took 3.26s 
149448     INFO  main            d.u.i.k.p.i.AbstractProblemLoader Replaying proof Iterator[Iterator::hasNext()].JML accessible clause.0 
149562     DEBUG main            d.u.i.k.p.i.IntermediateProofReplayer Proof replay took 107.42ms 
149563     DEBUG main            d.u.i.k.p.r.p.TestFile    ... success: reloaded. 
149565     INFO  main            d.u.i.k.p.r.p.TestFile    Now processing file /home/runner/work/key/key/key.core/../key.ui/examples/heap/SmansEtAl/Iterator_hasNext.key 
149565     INFO  main            d.u.i.k.p.i.AbstractProblemLoader Loading environment from /home/runner/work/key/key/key.core/../key.ui/examples/heap/SmansEtAl/Iterator_hasNext.key 
149565     DEBUG main            d.u.i.k.p.i.AbstractProblemLoader Environment load took 109.5ns 
149566     INFO  main            d.u.i.k.p.i.AbstractProblemLoader Creating init config 
152965     DEBUG main            d.u.i.k.p.i.AbstractProblemLoader Init config took 3.4s 
153034     INFO  main            d.u.i.k.p.i.AbstractProblemLoader Replaying proof Iterator[Iterator::hasNext()].JML normal_behavior operation contract.0 
153036     DEBUG main            d.u.i.k.p.i.IntermediateProofReplayer Proof replay took 17.7ns 
153641     INFO  main            d.u.i.k.p.r.p.TestFile    ... finished proof: closed. 
153998     INFO  main            d.u.i.k.p.i.AbstractProblemLoader Loading environment from /home/runner/work/key/key/key.core/../key.ui/examples/heap/SmansEtAl/Iterator_hasNext.key.proof 
154002     DEBUG main            d.u.i.k.p.i.AbstractProblemLoader Environment load took 3.94ms 
154003     INFO  main            d.u.i.k.p.i.AbstractProblemLoader Creating init config 
157273     DEBUG main            d.u.i.k.p.i.AbstractProblemLoader Init config took 3.27s 
157320     INFO  main            d.u.i.k.p.i.AbstractProblemLoader Replaying proof Iterator[Iterator::hasNext()].JML normal_behavior operation contract.0 
157421     DEBUG main            d.u.i.k.p.i.IntermediateProofReplayer Proof replay took 94.42ms 
157423     DEBUG main            d.u.i.k.p.r.p.TestFile    ... success: reloaded. 
157424     INFO  main            d.u.i.k.p.r.p.TestFile    Now processing file /home/runner/work/key/key/key.core/../key.ui/examples/heap/SmansEtAl/Iterator_inv.key 
157425     INFO  main            d.u.i.k.p.i.AbstractProblemLoader Loading environment from /home/runner/work/key/key/key.core/../key.ui/examples/heap/SmansEtAl/Iterator_inv.key 
157425     DEBUG main            d.u.i.k.p.i.AbstractProblemLoader Environment load took 273.1ns 
157426     INFO  main            d.u.i.k.p.i.AbstractProblemLoader Creating init config 
160802     DEBUG main            d.u.i.k.p.i.AbstractProblemLoader Init config took 3.38s 
160852     INFO  main            d.u.i.k.p.i.AbstractProblemLoader Replaying proof Iterator[java.lang.Object::<inv>()].JML accessible clause.0 
160855     DEBUG main            d.u.i.k.p.i.IntermediateProofReplayer Proof replay took 8.5ns 
161059     INFO  main            d.u.i.k.p.r.p.TestFile    ... finished proof: closed. 
161417     INFO  main            d.u.i.k.p.i.AbstractProblemLoader Loading environment from /home/runner/work/key/key/key.core/../key.ui/examples/heap/SmansEtAl/Iterator_inv.key.proof 
161417     DEBUG main            d.u.i.k.p.i.AbstractProblemLoader Environment load took 119.4ns 
161418     INFO  main            d.u.i.k.p.i.AbstractProblemLoader Creating init config 
164712     DEBUG main            d.u.i.k.p.i.AbstractProblemLoader Init config took 3.29s 
164757     INFO  main            d.u.i.k.p.i.AbstractProblemLoader Replaying proof Iterator[java.lang.Object::<inv>()].JML accessible clause.0 
164784     DEBUG main            d.u.i.k.p.i.IntermediateProofReplayer Proof replay took 23.4ms 
164785     DEBUG main            d.u.i.k.p.r.p.TestFile    ... success: reloaded. 
164786     INFO  main            d.u.i.k.p.r.p.TestFile    Now processing file /home/runner/work/key/key/key.core/../key.ui/examples/heap/SmansEtAl/Iterator_Iterator.key 
164786     INFO  main            d.u.i.k.p.i.AbstractProblemLoader Loading environment from /home/runner/work/key/key/key.core/../key.ui/examples/heap/SmansEtAl/Iterator_Iterator.key 
164786     DEBUG main            d.u.i.k.p.i.AbstractProblemLoader Environment load took 113.7ns 
164788     INFO  main            d.u.i.k.p.i.AbstractProblemLoader Creating init config 
168154     DEBUG main            d.u.i.k.p.i.AbstractProblemLoader Init config took 3.37s 
168199     INFO  main            d.u.i.k.p.i.AbstractProblemLoader Replaying proof Iterator[Iterator::Iterator(ArrayList)].JML normal_behavior operation contract.0 
168201     DEBUG main            d.u.i.k.p.i.IntermediateProofReplayer Proof replay took 8.6ns 
169840     INFO  main            d.u.i.k.p.r.p.TestFile    ... finished proof: closed. 
170204     INFO  main            d.u.i.k.p.i.AbstractProblemLoader Loading environment from /home/runner/work/key/key/key.core/../key.ui/examples/heap/SmansEtAl/Iterator_Iterator.key.proof 
170205     DEBUG main            d.u.i.k.p.i.AbstractProblemLoader Environment load took 472.5ns 
170206     INFO  main            d.u.i.k.p.i.AbstractProblemLoader Creating init config 
173494     DEBUG main            d.u.i.k.p.i.AbstractProblemLoader Init config took 3.29s 
173539     INFO  main            d.u.i.k.p.i.AbstractProblemLoader Replaying proof Iterator[Iterator::Iterator(ArrayList)].JML normal_behavior operation contract.0 
173755     DEBUG main            d.u.i.k.p.i.IntermediateProofReplayer Proof replay took 202.13ms 
173757     DEBUG main            d.u.i.k.p.r.p.TestFile    ... success: reloaded. 
173759     INFO  main            d.u.i.k.p.r.p.TestFile    Now processing file /home/runner/work/key/key/key.core/../key.ui/examples/heap/SmansEtAl/Iterator_list_dep.key 
173759     INFO  main            d.u.i.k.p.i.AbstractProblemLoader Loading environment from /home/runner/work/key/key/key.core/../key.ui/examples/heap/SmansEtAl/Iterator_list_dep.key 
173759     DEBUG main            d.u.i.k.p.i.AbstractProblemLoader Environment load took 257.5ns 
173761     INFO  main            d.u.i.k.p.i.AbstractProblemLoader Creating init config 
177114     DEBUG main            d.u.i.k.p.i.AbstractProblemLoader Init config took 3.35s 
177159     INFO  main            d.u.i.k.p.i.AbstractProblemLoader Replaying proof Iterator[Iterator::list()].JML accessible clause.0 
177161     DEBUG main            d.u.i.k.p.i.IntermediateProofReplayer Proof replay took 7.6ns 
177264     INFO  main            d.u.i.k.p.r.p.TestFile    ... finished proof: closed. 
177661     INFO  main            d.u.i.k.p.i.AbstractProblemLoader Loading environment from /home/runner/work/key/key/key.core/../key.ui/examples/heap/SmansEtAl/Iterator_list_dep.key.proof 
177661     DEBUG main            d.u.i.k.p.i.AbstractProblemLoader Environment load took 121ns 
177663     INFO  main            d.u.i.k.p.i.AbstractProblemLoader Creating init config 
180937     DEBUG main            d.u.i.k.p.i.AbstractProblemLoader Init config took 3.27s 
180986     INFO  main            d.u.i.k.p.i.AbstractProblemLoader Replaying proof Iterator[Iterator::list()].JML accessible clause.0 
181010     DEBUG main            d.u.i.k.p.i.IntermediateProofReplayer Proof replay took 20.46ms 
181011     DEBUG main            d.u.i.k.p.r.p.TestFile    ... success: reloaded. 
181012     INFO  main            d.u.i.k.p.r.p.TestFile    Now processing file /home/runner/work/key/key/key.core/../key.ui/examples/heap/SmansEtAl/Iterator_list.key 
181013     INFO  main            d.u.i.k.p.i.AbstractProblemLoader Loading environment from /home/runner/work/key/key/key.core/../key.ui/examples/heap/SmansEtAl/Iterator_list.key 
181013     DEBUG main            d.u.i.k.p.i.AbstractProblemLoader Environment load took 113.9ns 
181014     INFO  main            d.u.i.k.p.i.AbstractProblemLoader Creating init config 
184323     DEBUG main            d.u.i.k.p.i.AbstractProblemLoader Init config took 3.31s 
184369     INFO  main            d.u.i.k.p.i.AbstractProblemLoader Replaying proof Iterator[Iterator::list()].JML normal_behavior operation contract.0 
184371     DEBUG main            d.u.i.k.p.i.IntermediateProofReplayer Proof replay took 8.1ns 
184473     INFO  main            d.u.i.k.p.r.p.TestFile    ... finished proof: closed. 
184815     INFO  main            d.u.i.k.p.i.AbstractProblemLoader Loading environment from /home/runner/work/key/key/key.core/../key.ui/examples/heap/SmansEtAl/Iterator_list.key.proof 
184815     DEBUG main            d.u.i.k.p.i.AbstractProblemLoader Environment load took 129.5ns 
184816     INFO  main            d.u.i.k.p.i.AbstractProblemLoader Creating init config 
188089     DEBUG main            d.u.i.k.p.i.AbstractProblemLoader Init config took 3.27s 
188135     INFO  main            d.u.i.k.p.i.AbstractProblemLoader Replaying proof Iterator[Iterator::list()].JML normal_behavior operation contract.0 
188153     DEBUG main            d.u.i.k.p.i.IntermediateProofReplayer Proof replay took 16.41ms 
188154     DEBUG main            d.u.i.k.p.r.p.TestFile    ... success: reloaded. 
188156     INFO  main            d.u.i.k.p.r.p.TestFile    Now processing file /home/runner/work/key/key/key.core/../key.ui/examples/heap/SmansEtAl/Iterator_next.key 
188156     INFO  main            d.u.i.k.p.i.AbstractProblemLoader Loading environment from /home/runner/work/key/key/key.core/../key.ui/examples/heap/SmansEtAl/Iterator_next.key 
188156     DEBUG main            d.u.i.k.p.i.AbstractProblemLoader Environment load took 120ns 
188157     INFO  main            d.u.i.k.p.i.AbstractProblemLoader Creating init config 
191557     DEBUG main            d.u.i.k.p.i.AbstractProblemLoader Init config took 3.4s 
191602     INFO  main            d.u.i.k.p.i.AbstractProblemLoader Replaying proof Iterator[Iterator::next()].JML normal_behavior operation contract.0 
191603     DEBUG main            d.u.i.k.p.i.IntermediateProofReplayer Proof replay took 7.7ns 
194918     INFO  main            d.u.i.k.p.r.p.TestFile    ... finished proof: closed. 
195314     INFO  main            d.u.i.k.p.i.AbstractProblemLoader Loading environment from /home/runner/work/key/key/key.core/../key.ui/examples/heap/SmansEtAl/Iterator_next.key.proof 
195315     DEBUG main            d.u.i.k.p.i.AbstractProblemLoader Environment load took 231.1ns 
195317     INFO  main            d.u.i.k.p.i.AbstractProblemLoader Creating init config 
198619     DEBUG main            d.u.i.k.p.i.AbstractProblemLoader Init config took 3.3s 
198683     INFO  main            d.u.i.k.p.i.AbstractProblemLoader Replaying proof Iterator[Iterator::next()].JML normal_behavior operation contract.0 
199028     DEBUG main            d.u.i.k.p.i.IntermediateProofReplayer Proof replay took 322.43ms 
199030     DEBUG main            d.u.i.k.p.r.p.TestFile    ... success: reloaded. 
199032     INFO  main            d.u.i.k.p.r.p.TestFile    Now processing file /home/runner/work/key/key/key.core/../key.ui/examples/heap/SmansEtAl/Stack_footprint.key 
199032     INFO  main            d.u.i.k.p.i.AbstractProblemLoader Loading environment from /home/runner/work/key/key/key.core/../key.ui/examples/heap/SmansEtAl/Stack_footprint.key 
199032     DEBUG main            d.u.i.k.p.i.AbstractProblemLoader Environment load took 117.3ns 
199033     INFO  main            d.u.i.k.p.i.AbstractProblemLoader Creating init config 
202454     DEBUG main            d.u.i.k.p.i.AbstractProblemLoader Init config took 3.42s 
202498     INFO  main            d.u.i.k.p.i.AbstractProblemLoader Replaying proof Stack[Stack::$footprint()].JML accessible clause.0 
202500     DEBUG main            d.u.i.k.p.i.IntermediateProofReplayer Proof replay took 7.3ns 
202803     INFO  main            d.u.i.k.p.r.p.TestFile    ... finished proof: closed. 
203216     INFO  main            d.u.i.k.p.i.AbstractProblemLoader Loading environment from /home/runner/work/key/key/key.core/../key.ui/examples/heap/SmansEtAl/Stack_footprint.key.proof 
203216     DEBUG main            d.u.i.k.p.i.AbstractProblemLoader Environment load took 577.5ns 
203218     INFO  main            d.u.i.k.p.i.AbstractProblemLoader Creating init config 
206555     DEBUG main            d.u.i.k.p.i.AbstractProblemLoader Init config took 3.34s 
206600     INFO  main            d.u.i.k.p.i.AbstractProblemLoader Replaying proof Stack[Stack::$footprint()].JML accessible clause.0 
206632     DEBUG main            d.u.i.k.p.i.IntermediateProofReplayer Proof replay took 27.96ms 
206633     DEBUG main            d.u.i.k.p.r.p.TestFile    ... success: reloaded. 
206635     INFO  main            d.u.i.k.p.r.p.TestFile    Now processing file /home/runner/work/key/key/key.core/../key.ui/examples/heap/SmansEtAl/Stack_inv.key 
206635     INFO  main            d.u.i.k.p.i.AbstractProblemLoader Loading environment from /home/runner/work/key/key/key.core/../key.ui/examples/heap/SmansEtAl/Stack_inv.key 
206636     DEBUG main            d.u.i.k.p.i.AbstractProblemLoader Environment load took 237.8ns 
206637     INFO  main            d.u.i.k.p.i.AbstractProblemLoader Creating init config 
210023     DEBUG main            d.u.i.k.p.i.AbstractProblemLoader Init config took 3.39s 
210073     INFO  main            d.u.i.k.p.i.AbstractProblemLoader Replaying proof Stack[java.lang.Object::<inv>()].JML accessible clause.0 
210075     DEBUG main            d.u.i.k.p.i.IntermediateProofReplayer Proof replay took 7.6ns 
210179     INFO  main            d.u.i.k.p.r.p.TestFile    ... finished proof: closed. 
210581     INFO  main            d.u.i.k.p.i.AbstractProblemLoader Loading environment from /home/runner/work/key/key/key.core/../key.ui/examples/heap/SmansEtAl/Stack_inv.key.proof 
210581     DEBUG main            d.u.i.k.p.i.AbstractProblemLoader Environment load took 141.4ns 
210582     INFO  main            d.u.i.k.p.i.AbstractProblemLoader Creating init config 
213939     DEBUG main            d.u.i.k.p.i.AbstractProblemLoader Init config took 3.36s 
213981     INFO  main            d.u.i.k.p.i.AbstractProblemLoader Replaying proof Stack[java.lang.Object::<inv>()].JML accessible clause.0 
213994     DEBUG main            d.u.i.k.p.i.IntermediateProofReplayer Proof replay took 10.7ms 
213995     DEBUG main            d.u.i.k.p.r.p.TestFile    ... success: reloaded. 
213996     INFO  main            d.u.i.k.p.r.p.TestFile    Now processing file /home/runner/work/key/key/key.core/../key.ui/examples/heap/SmansEtAl/Stack_push.key 
213996     INFO  main            d.u.i.k.p.i.AbstractProblemLoader Loading environment from /home/runner/work/key/key/key.core/../key.ui/examples/heap/SmansEtAl/Stack_push.key 
213996     DEBUG main            d.u.i.k.p.i.AbstractProblemLoader Environment load took 289.2ns 
213998     INFO  main            d.u.i.k.p.i.AbstractProblemLoader Creating init config 
217406     DEBUG main            d.u.i.k.p.i.AbstractProblemLoader Init config took 3.41s 
217451     INFO  main            d.u.i.k.p.i.AbstractProblemLoader Replaying proof Stack[Stack::push(java.lang.Object)].JML normal_behavior operation contract.0 
217453     DEBUG main            d.u.i.k.p.i.IntermediateProofReplayer Proof replay took 7.7ns 
218358     INFO  main            d.u.i.k.p.r.p.TestFile    ... finished proof: closed. 
218738     INFO  main            d.u.i.k.p.i.AbstractProblemLoader Loading environment from /home/runner/work/key/key/key.core/../key.ui/examples/heap/SmansEtAl/Stack_push.key.proof 
218738     DEBUG main            d.u.i.k.p.i.AbstractProblemLoader Environment load took 656.4ns 
218740     INFO  main            d.u.i.k.p.i.AbstractProblemLoader Creating init config 
222045     DEBUG main            d.u.i.k.p.i.AbstractProblemLoader Init config took 3.3s 
222089     INFO  main            d.u.i.k.p.i.AbstractProblemLoader Replaying proof Stack[Stack::push(java.lang.Object)].JML normal_behavior operation contract.0 
222222     DEBUG main            d.u.i.k.p.i.IntermediateProofReplayer Proof replay took 128ms 
222224     DEBUG main            d.u.i.k.p.r.p.TestFile    ... success: reloaded. 
222225     INFO  main            d.u.i.k.p.r.p.TestFile    Now processing file /home/runner/work/key/key/key.core/../key.ui/examples/heap/SmansEtAl/Stack_size.key 
222226     INFO  main            d.u.i.k.p.i.AbstractProblemLoader Loading environment from /home/runner/work/key/key/key.core/../key.ui/examples/heap/SmansEtAl/Stack_size.key 
222226     DEBUG main            d.u.i.k.p.i.AbstractProblemLoader Environment load took 120.4ns 
222227     INFO  main            d.u.i.k.p.i.AbstractProblemLoader Creating init config 
225631     DEBUG main            d.u.i.k.p.i.AbstractProblemLoader Init config took 3.4s 
225697     INFO  main            d.u.i.k.p.i.AbstractProblemLoader Replaying proof Stack[Stack::size()].JML accessible clause.0 
225699     DEBUG main            d.u.i.k.p.i.IntermediateProofReplayer Proof replay took 7.2ns 
226005     INFO  main            d.u.i.k.p.r.p.TestFile    ... finished proof: closed. 
226411     INFO  main            d.u.i.k.p.i.AbstractProblemLoader Loading environment from /home/runner/work/key/key/key.core/../key.ui/examples/heap/SmansEtAl/Stack_size.key.proof 
226411     DEBUG main            d.u.i.k.p.i.AbstractProblemLoader Environment load took 125.8ns 
226412     INFO  main            d.u.i.k.p.i.AbstractProblemLoader Creating init config 
229748     DEBUG main            d.u.i.k.p.i.AbstractProblemLoader Init config took 3.34s 
229798     INFO  main            d.u.i.k.p.i.AbstractProblemLoader Replaying proof Stack[Stack::size()].JML accessible clause.0 
229852     DEBUG main            d.u.i.k.p.i.IntermediateProofReplayer Proof replay took 47.04ms 
229853     DEBUG main            d.u.i.k.p.r.p.TestFile    ... success: reloaded. 
229854     INFO  main            d.u.i.k.p.r.p.TestFile    Now processing file /home/runner/work/key/key/key.core/../key.ui/examples/heap/SmansEtAl/Stack_Stack.key 
229855     INFO  main            d.u.i.k.p.i.AbstractProblemLoader Loading environment from /home/runner/work/key/key/key.core/../key.ui/examples/heap/SmansEtAl/Stack_Stack.key 
229855     DEBUG main            d.u.i.k.p.i.AbstractProblemLoader Environment load took 135.5ns 
229856     INFO  main            d.u.i.k.p.i.AbstractProblemLoader Creating init config 
233173     DEBUG main            d.u.i.k.p.i.AbstractProblemLoader Init config took 3.32s 
233245     INFO  main            d.u.i.k.p.i.AbstractProblemLoader Replaying proof Stack[Stack::Stack()].JML normal_behavior operation contract.0 
233247     DEBUG main            d.u.i.k.p.i.IntermediateProofReplayer Proof replay took 7.5ns 
234553     INFO  main            d.u.i.k.p.r.p.TestFile    ... finished proof: closed. 
235006     INFO  main            d.u.i.k.p.i.AbstractProblemLoader Loading environment from /home/runner/work/key/key/key.core/../key.ui/examples/heap/SmansEtAl/Stack_Stack.key.proof 
235007     DEBUG main            d.u.i.k.p.i.AbstractProblemLoader Environment load took 501.7ns 
235009     INFO  main            d.u.i.k.p.i.AbstractProblemLoader Creating init config 
238334     DEBUG main            d.u.i.k.p.i.AbstractProblemLoader Init config took 3.33s 
238377     INFO  main            d.u.i.k.p.i.AbstractProblemLoader Replaying proof Stack[Stack::Stack()].JML normal_behavior operation contract.0 
238575     DEBUG main            d.u.i.k.p.i.IntermediateProofReplayer Proof replay took 190.74ms 
238577     DEBUG main            d.u.i.k.p.r.p.TestFile    ... success: reloaded. 
238578     INFO  main            d.u.i.k.p.r.p.TestFile    Now processing file /home/runner/work/key/key/key.core/../key.ui/examples/heap/SmansEtAl/Stack_switchContents.key 
238578     INFO  main            d.u.i.k.p.i.AbstractProblemLoader Loading environment from /home/runner/work/key/key/key.core/../key.ui/examples/heap/SmansEtAl/Stack_switchContents.key 
238578     DEBUG main            d.u.i.k.p.i.AbstractProblemLoader Environment load took 91.2ns 
238579     INFO  main            d.u.i.k.p.i.AbstractProblemLoader Creating init config 
241906     DEBUG main            d.u.i.k.p.i.AbstractProblemLoader Init config took 3.33s 
241951     INFO  main            d.u.i.k.p.i.AbstractProblemLoader Replaying proof Stack[Stack::switchContents(Stack)].JML normal_behavior operation contract.0 
241953     DEBUG main            d.u.i.k.p.i.IntermediateProofReplayer Proof replay took 8ns 
247515     INFO  main            d.u.i.k.p.r.p.TestFile    ... finished proof: closed. 
247950     INFO  main            d.u.i.k.p.i.AbstractProblemLoader Loading environment from /home/runner/work/key/key/key.core/../key.ui/examples/heap/SmansEtAl/Stack_switchContents.key.proof 
247950     DEBUG main            d.u.i.k.p.i.AbstractProblemLoader Environment load took 144ns 
247952     INFO  main            d.u.i.k.p.i.AbstractProblemLoader Creating init config 
251302     DEBUG main            d.u.i.k.p.i.AbstractProblemLoader Init config took 3.35s 
251358     INFO  main            d.u.i.k.p.i.AbstractProblemLoader Replaying proof Stack[Stack::switchContents(Stack)].JML normal_behavior operation contract.0 
251741     DEBUG main            d.u.i.k.p.i.IntermediateProofReplayer Proof replay took 365.52ms 
251744     DEBUG main            d.u.i.k.p.r.p.TestFile    ... success: reloaded. 
2705552    INFO  Test worker     d.u.i.k.p.r.RunAllProofsTestUnit Returning from test SmansEtAl 
2705553    INFO  Test worker     d.u.i.k.p.r.RunAllProofsTestUnit Running test VACID0 
525        INFO  Timeout watchdog d.u.i.k.p.r.p.ForkedTestFileRunner Timeout watcher launched (2000 secs.) 
539        WARN  main            d.u.i.k.s.ProofSettings   The settings in /home/runner/.key/proof-settings.props are *not* read. 
573        INFO  main            d.u.i.k.p.r.p.TestFile    Now processing file /home/runner/work/key/key/key.core/../key.ui/examples/heap/vacid0_01_SparseArray/Harness_sparseArrayTestHarness1.key 
786        INFO  main            d.u.i.k.p.i.AbstractProblemLoader Loading environment from /home/runner/work/key/key/key.core/../key.ui/examples/heap/vacid0_01_SparseArray/Harness_sparseArrayTestHarness1.key 
823        DEBUG main            d.u.i.k.p.i.AbstractProblemLoader Environment load took 3.46ms 
1139       INFO  main            d.u.i.k.p.i.AbstractProblemLoader Creating init config 
2394       DEBUG main            d.u.i.k.j.TypeConverter   No LDT found for Meta 
2395       DEBUG main            d.u.i.k.j.TypeConverter   No LDT found for Meta 
2399       DEBUG main            d.u.i.k.j.TypeConverter   No LDT found for Meta 
2399       DEBUG main            d.u.i.k.j.TypeConverter   No LDT found for Meta 
4370       DEBUG main            d.u.i.k.j.TypeConverter   No LDT found for JavaBigintExpression 
11279      DEBUG main            d.u.i.k.p.i.AbstractProblemLoader Init config took 10.14s 
11487      INFO  main            d.u.i.k.p.i.AbstractProblemLoader Replaying proof Harness[Harness::sparseArrayTestHarness1()].JML normal_behavior operation contract.0 
11545      DEBUG main            d.u.i.k.p.i.IntermediateProofReplayer Proof replay took 59ns 
13595      INFO  main            d.u.i.k.p.r.p.TestFile    ... finished proof: closed. 
13773      INFO  main            d.u.i.k.p.i.AbstractProblemLoader Loading environment from /home/runner/work/key/key/key.core/../key.ui/examples/heap/vacid0_01_SparseArray/Harness_sparseArrayTestHarness1.key.proof 
13778      DEBUG main            d.u.i.k.p.i.AbstractProblemLoader Environment load took 5.09ms 
13785      INFO  main            d.u.i.k.p.i.AbstractProblemLoader Creating init config 
17726      DEBUG main            d.u.i.k.p.i.AbstractProblemLoader Init config took 3.94s 
17809      INFO  main            d.u.i.k.p.i.AbstractProblemLoader Replaying proof Harness[Harness::sparseArrayTestHarness1()].JML normal_behavior operation contract.0 
18056      DEBUG main            d.u.i.k.p.i.IntermediateProofReplayer Proof replay took 234.71ms 
18067      DEBUG main            d.u.i.k.p.r.p.TestFile    ... success: reloaded. 
18070      INFO  main            d.u.i.k.p.r.p.TestFile    Now processing file /home/runner/work/key/key/key.core/../key.ui/examples/heap/vacid0_01_SparseArray/Harness_sparseArrayTestHarness2.key 
18071      INFO  main            d.u.i.k.p.i.AbstractProblemLoader Loading environment from /home/runner/work/key/key/key.core/../key.ui/examples/heap/vacid0_01_SparseArray/Harness_sparseArrayTestHarness2.key 
18072      DEBUG main            d.u.i.k.p.i.AbstractProblemLoader Environment load took 1.57ms 
18077      INFO  main            d.u.i.k.p.i.AbstractProblemLoader Creating init config 
21842      DEBUG main            d.u.i.k.p.i.AbstractProblemLoader Init config took 3.77s 
21915      INFO  main            d.u.i.k.p.i.AbstractProblemLoader Replaying proof Harness[Harness::sparseArrayTestHarness2()].JML normal_behavior operation contract.0 
21919      DEBUG main            d.u.i.k.p.i.IntermediateProofReplayer Proof replay took 7.7ns 
36795      INFO  main            d.u.i.k.p.r.p.TestFile    ... finished proof: closed. 
37107      INFO  main            d.u.i.k.p.i.AbstractProblemLoader Loading environment from /home/runner/work/key/key/key.core/../key.ui/examples/heap/vacid0_01_SparseArray/Harness_sparseArrayTestHarness2.key.proof 
37107      DEBUG main            d.u.i.k.p.i.AbstractProblemLoader Environment load took 670.3ns 
37111      INFO  main            d.u.i.k.p.i.AbstractProblemLoader Creating init config 
40612      DEBUG main            d.u.i.k.p.i.AbstractProblemLoader Init config took 3.5s 
40682      INFO  main            d.u.i.k.p.i.AbstractProblemLoader Replaying proof Harness[Harness::sparseArrayTestHarness2()].JML normal_behavior operation contract.0 
42114      DEBUG main            d.u.i.k.p.i.IntermediateProofReplayer Proof replay took 1.35s 
42120      DEBUG main            d.u.i.k.p.r.p.TestFile    ... success: reloaded. 
42123      INFO  main            d.u.i.k.p.r.p.TestFile    Now processing file /home/runner/work/key/key/key.core/../key.ui/examples/heap/vacid0_01_SparseArray/MemoryAllocator_alloc_unsigned.key 
42123      INFO  main            d.u.i.k.p.i.AbstractProblemLoader Loading environment from /home/runner/work/key/key/key.core/../key.ui/examples/heap/vacid0_01_SparseArray/MemoryAllocator_alloc_unsigned.key 
42124      DEBUG main            d.u.i.k.p.i.AbstractProblemLoader Environment load took 281.4ns 
42126      INFO  main            d.u.i.k.p.i.AbstractProblemLoader Creating init config 
45657      DEBUG main            d.u.i.k.p.i.AbstractProblemLoader Init config took 3.53s 
45719      INFO  main            d.u.i.k.p.i.AbstractProblemLoader Replaying proof MemoryAllocator[MemoryAllocator::alloc_unsigned(int)].JML normal_behavior operation contract.0 
45723      DEBUG main            d.u.i.k.p.i.IntermediateProofReplayer Proof replay took 7.5ns 
46929      INFO  main            d.u.i.k.p.r.p.TestFile    ... finished proof: closed. 
47205      INFO  main            d.u.i.k.p.i.AbstractProblemLoader Loading environment from /home/runner/work/key/key/key.core/../key.ui/examples/heap/vacid0_01_SparseArray/MemoryAllocator_alloc_unsigned.key.proof 
47206      DEBUG main            d.u.i.k.p.i.AbstractProblemLoader Environment load took 752.3ns 
47207      INFO  main            d.u.i.k.p.i.AbstractProblemLoader Creating init config 
50630      DEBUG main            d.u.i.k.p.i.AbstractProblemLoader Init config took 3.42s 
50684      INFO  main            d.u.i.k.p.i.AbstractProblemLoader Replaying proof MemoryAllocator[MemoryAllocator::alloc_unsigned(int)].JML normal_behavior operation contract.0 
50913      DEBUG main            d.u.i.k.p.i.IntermediateProofReplayer Proof replay took 222.29ms 
50915      DEBUG main            d.u.i.k.p.r.p.TestFile    ... success: reloaded. 
50916      INFO  main            d.u.i.k.p.r.p.TestFile    Now processing file /home/runner/work/key/key/key.core/../key.ui/examples/heap/vacid0_01_SparseArray/MemoryAllocator_alloc.key 
50917      INFO  main            d.u.i.k.p.i.AbstractProblemLoader Loading environment from /home/runner/work/key/key/key.core/../key.ui/examples/heap/vacid0_01_SparseArray/MemoryAllocator_alloc.key 
50917      DEBUG main            d.u.i.k.p.i.AbstractProblemLoader Environment load took 250.2ns 
50918      INFO  main            d.u.i.k.p.i.AbstractProblemLoader Creating init config 
54356      DEBUG main            d.u.i.k.p.i.AbstractProblemLoader Init config took 3.44s 
54427      INFO  main            d.u.i.k.p.i.AbstractProblemLoader Replaying proof MemoryAllocator[MemoryAllocator::alloc(int)].JML normal_behavior operation contract.0 
54430      DEBUG main            d.u.i.k.p.i.IntermediateProofReplayer Proof replay took 6.2ns 
55241      INFO  main            d.u.i.k.p.r.p.TestFile    ... finished proof: closed. 
55442      INFO  main            d.u.i.k.p.i.AbstractProblemLoader Loading environment from /home/runner/work/key/key/key.core/../key.ui/examples/heap/vacid0_01_SparseArray/MemoryAllocator_alloc.key.proof 
55443      DEBUG main            d.u.i.k.p.i.AbstractProblemLoader Environment load took 618.4ns 
55444      INFO  main            d.u.i.k.p.i.AbstractProblemLoader Creating init config 
58808      DEBUG main            d.u.i.k.p.i.AbstractProblemLoader Init config took 3.36s 
58861      INFO  main            d.u.i.k.p.i.AbstractProblemLoader Replaying proof MemoryAllocator[MemoryAllocator::alloc(int)].JML normal_behavior operation contract.0 
59017      DEBUG main            d.u.i.k.p.i.IntermediateProofReplayer Proof replay took 151.1ms 
59019      DEBUG main            d.u.i.k.p.r.p.TestFile    ... success: reloaded. 
59020      INFO  main            d.u.i.k.p.r.p.TestFile    Now processing file /home/runner/work/key/key/key.core/../key.ui/examples/heap/vacid0_01_SparseArray/SparseArray_get_dep.key 
59021      INFO  main            d.u.i.k.p.i.AbstractProblemLoader Loading environment from /home/runner/work/key/key/key.core/../key.ui/examples/heap/vacid0_01_SparseArray/SparseArray_get_dep.key 
59021      DEBUG main            d.u.i.k.p.i.AbstractProblemLoader Environment load took 290ns 
59022      INFO  main            d.u.i.k.p.i.AbstractProblemLoader Creating init config 
62552      DEBUG main            d.u.i.k.p.i.AbstractProblemLoader Init config took 3.53s 
62632      INFO  main            d.u.i.k.p.i.AbstractProblemLoader Replaying proof SparseArray[SparseArray::get(int)].JML accessible clause.0 
62635      DEBUG main            d.u.i.k.p.i.IntermediateProofReplayer Proof replay took 6.6ns 
65583      INFO  main            d.u.i.k.p.r.p.TestFile    ... finished proof: closed. 
65819      INFO  main            d.u.i.k.p.i.AbstractProblemLoader Loading environment from /home/runner/work/key/key/key.core/../key.ui/examples/heap/vacid0_01_SparseArray/SparseArray_get_dep.key.proof 
65820      DEBUG main            d.u.i.k.p.i.AbstractProblemLoader Environment load took 550.7ns 
65821      INFO  main            d.u.i.k.p.i.AbstractProblemLoader Creating init config 
69216      DEBUG main            d.u.i.k.p.i.AbstractProblemLoader Init config took 3.4s 
69292      INFO  main            d.u.i.k.p.i.AbstractProblemLoader Replaying proof SparseArray[SparseArray::get(int)].JML accessible clause.0 
69533      DEBUG main            d.u.i.k.p.i.IntermediateProofReplayer Proof replay took 229.43ms 
69535      DEBUG main            d.u.i.k.p.r.p.TestFile    ... success: reloaded. 
69537      INFO  main            d.u.i.k.p.r.p.TestFile    Now processing file /home/runner/work/key/key/key.core/../key.ui/examples/heap/vacid0_01_SparseArray/SparseArray_get.key 
69537      INFO  main            d.u.i.k.p.i.AbstractProblemLoader Loading environment from /home/runner/work/key/key/key.core/../key.ui/examples/heap/vacid0_01_SparseArray/SparseArray_get.key 
69538      DEBUG main            d.u.i.k.p.i.AbstractProblemLoader Environment load took 318.4ns 
69539      INFO  main            d.u.i.k.p.i.AbstractProblemLoader Creating init config 
73024      DEBUG main            d.u.i.k.p.i.AbstractProblemLoader Init config took 3.48s 
73102      INFO  main            d.u.i.k.p.i.AbstractProblemLoader Replaying proof SparseArray[SparseArray::get(int)].JML normal_behavior operation contract.0 
73104      DEBUG main            d.u.i.k.p.i.IntermediateProofReplayer Proof replay took 7.7ns 
75955      INFO  main            d.u.i.k.p.r.p.TestFile    ... finished proof: closed. 
76335      INFO  main            d.u.i.k.p.i.AbstractProblemLoader Loading environment from /home/runner/work/key/key/key.core/../key.ui/examples/heap/vacid0_01_SparseArray/SparseArray_get.key.proof 
76336      DEBUG main            d.u.i.k.p.i.AbstractProblemLoader Environment load took 781.8ns 
76338      INFO  main            d.u.i.k.p.i.AbstractProblemLoader Creating init config 
79776      DEBUG main            d.u.i.k.p.i.AbstractProblemLoader Init config took 3.44s 
79855      INFO  main            d.u.i.k.p.i.AbstractProblemLoader Replaying proof SparseArray[SparseArray::get(int)].JML normal_behavior operation contract.0 
80084      DEBUG main            d.u.i.k.p.i.IntermediateProofReplayer Proof replay took 218.59ms 
80086      DEBUG main            d.u.i.k.p.r.p.TestFile    ... success: reloaded. 
80088      INFO  main            d.u.i.k.p.r.p.TestFile    Now processing file /home/runner/work/key/key/key.core/../key.ui/examples/heap/vacid0_01_SparseArray/SparseArray_inv.key 
80088      INFO  main            d.u.i.k.p.i.AbstractProblemLoader Loading environment from /home/runner/work/key/key/key.core/../key.ui/examples/heap/vacid0_01_SparseArray/SparseArray_inv.key 
80089      DEBUG main            d.u.i.k.p.i.AbstractProblemLoader Environment load took 319.6ns 
80090      INFO  main            d.u.i.k.p.i.AbstractProblemLoader Creating init config 
83608      DEBUG main            d.u.i.k.p.i.AbstractProblemLoader Init config took 3.52s 
83697      INFO  main            d.u.i.k.p.i.AbstractProblemLoader Replaying proof SparseArray[java.lang.Object::<inv>()].JML accessible clause.0 
83699      DEBUG main            d.u.i.k.p.i.IntermediateProofReplayer Proof replay took 7.3ns 
86124      INFO  main            d.u.i.k.p.r.p.TestFile    ... finished proof: closed. 
86373      INFO  main            d.u.i.k.p.i.AbstractProblemLoader Loading environment from /home/runner/work/key/key/key.core/../key.ui/examples/heap/vacid0_01_SparseArray/SparseArray_inv.key.proof 
86374      DEBUG main            d.u.i.k.p.i.AbstractProblemLoader Environment load took 670.5ns 
86375      INFO  main            d.u.i.k.p.i.AbstractProblemLoader Creating init config 
89802      DEBUG main            d.u.i.k.p.i.AbstractProblemLoader Init config took 3.43s 
89873      INFO  main            d.u.i.k.p.i.AbstractProblemLoader Replaying proof SparseArray[java.lang.Object::<inv>()].JML accessible clause.0 
89967      DEBUG main            d.u.i.k.p.i.IntermediateProofReplayer Proof replay took 87.7ms 
89968      DEBUG main            d.u.i.k.p.r.p.TestFile    ... success: reloaded. 
89970      INFO  main            d.u.i.k.p.r.p.TestFile    Now processing file /home/runner/work/key/key/key.core/../key.ui/examples/heap/vacid0_01_SparseArray/SparseArray_SparseArray.key 
89970      INFO  main            d.u.i.k.p.i.AbstractProblemLoader Loading environment from /home/runner/work/key/key/key.core/../key.ui/examples/heap/vacid0_01_SparseArray/SparseArray_SparseArray.key 
89970      DEBUG main            d.u.i.k.p.i.AbstractProblemLoader Environment load took 261.8ns 
89972      INFO  main            d.u.i.k.p.i.AbstractProblemLoader Creating init config 
93397      DEBUG main            d.u.i.k.p.i.AbstractProblemLoader Init config took 3.43s 
93474      INFO  main            d.u.i.k.p.i.AbstractProblemLoader Replaying proof SparseArray[SparseArray::SparseArray(int)].JML normal_behavior operation contract.0 
93476      DEBUG main            d.u.i.k.p.i.IntermediateProofReplayer Proof replay took 7.4ns 
97833      INFO  main            d.u.i.k.p.r.p.TestFile    ... finished proof: closed. 
98116      INFO  main            d.u.i.k.p.i.AbstractProblemLoader Loading environment from /home/runner/work/key/key/key.core/../key.ui/examples/heap/vacid0_01_SparseArray/SparseArray_SparseArray.key.proof 
98116      DEBUG main            d.u.i.k.p.i.AbstractProblemLoader Environment load took 267.3ns 
98118      INFO  main            d.u.i.k.p.i.AbstractProblemLoader Creating init config 
101565     DEBUG main            d.u.i.k.p.i.AbstractProblemLoader Init config took 3.45s 
101636     INFO  main            d.u.i.k.p.i.AbstractProblemLoader Replaying proof SparseArray[SparseArray::SparseArray(int)].JML normal_behavior operation contract.0 
102056     DEBUG main            d.u.i.k.p.i.IntermediateProofReplayer Proof replay took 408.66ms 
102058     DEBUG main            d.u.i.k.p.r.p.TestFile    ... success: reloaded. 
2807835    INFO  Test worker     d.u.i.k.p.r.RunAllProofsTestUnit Returning from test VACID0 
2807836    INFO  Test worker     d.u.i.k.p.r.RunAllProofsTestUnit Running test VSTTE10 
503        INFO  Timeout watchdog d.u.i.k.p.r.p.ForkedTestFileRunner Timeout watcher launched (2000 secs.) 
532        WARN  main            d.u.i.k.s.ProofSettings   The settings in /home/runner/.key/proof-settings.props are *not* read. 
592        INFO  main            d.u.i.k.p.r.p.TestFile    Now processing file /home/runner/work/key/key/key.core/../key.ui/examples/heap/vstte10_01_SumAndMax/SumAndMax_sumAndMax.key 
761        INFO  main            d.u.i.k.p.i.AbstractProblemLoader Loading environment from /home/runner/work/key/key/key.core/../key.ui/examples/heap/vstte10_01_SumAndMax/SumAndMax_sumAndMax.key 
787        DEBUG main            d.u.i.k.p.i.AbstractProblemLoader Environment load took 3.08ms 
1131       INFO  main            d.u.i.k.p.i.AbstractProblemLoader Creating init config 
2418       DEBUG main            d.u.i.k.j.TypeConverter   No LDT found for Meta 
2419       DEBUG main            d.u.i.k.j.TypeConverter   No LDT found for Meta 
2423       DEBUG main            d.u.i.k.j.TypeConverter   No LDT found for Meta 
2423       DEBUG main            d.u.i.k.j.TypeConverter   No LDT found for Meta 
4602       DEBUG main            d.u.i.k.j.TypeConverter   No LDT found for JavaBigintExpression 
11038      DEBUG main            d.u.i.k.p.i.AbstractProblemLoader Init config took 9.91s 
11203      INFO  main            d.u.i.k.p.i.AbstractProblemLoader Replaying proof SumAndMax[SumAndMax::sumAndMax([I)].JML normal_behavior operation contract.0 
11254      DEBUG main            d.u.i.k.p.i.IntermediateProofReplayer Proof replay took 45.4ns 
17990      INFO  main            d.u.i.k.p.r.p.TestFile    ... finished proof: closed. 
18224      INFO  main            d.u.i.k.p.i.AbstractProblemLoader Loading environment from /home/runner/work/key/key/key.core/../key.ui/examples/heap/vstte10_01_SumAndMax/SumAndMax_sumAndMax.key.proof 
18227      DEBUG main            d.u.i.k.p.i.AbstractProblemLoader Environment load took 3.16ms 
18231      INFO  main            d.u.i.k.p.i.AbstractProblemLoader Creating init config 
21875      DEBUG main            d.u.i.k.p.i.AbstractProblemLoader Init config took 3.64s 
21952      INFO  main            d.u.i.k.p.i.AbstractProblemLoader Replaying proof SumAndMax[SumAndMax::sumAndMax([I)].JML normal_behavior operation contract.0 
22683      DEBUG main            d.u.i.k.p.i.IntermediateProofReplayer Proof replay took 704.16ms 
22693      DEBUG main            d.u.i.k.p.r.p.TestFile    ... success: reloaded. 
22695      INFO  main            d.u.i.k.p.r.p.TestFile    Now processing file /home/runner/work/key/key/key.core/../key.ui/examples/heap/vstte10_03_LinkedList/Node_cons.key 
22696      INFO  main            d.u.i.k.p.i.AbstractProblemLoader Loading environment from /home/runner/work/key/key/key.core/../key.ui/examples/heap/vstte10_03_LinkedList/Node_cons.key 
22696      DEBUG main            d.u.i.k.p.i.AbstractProblemLoader Environment load took 324.3ns 
22698      INFO  main            d.u.i.k.p.i.AbstractProblemLoader Creating init config 
26356      DEBUG main            d.u.i.k.p.i.AbstractProblemLoader Init config took 3.66s 
26454      INFO  main            d.u.i.k.p.i.AbstractProblemLoader Replaying proof Node[Node::cons(int,Node)].JML normal_behavior operation contract.0 
26458      DEBUG main            d.u.i.k.p.i.IntermediateProofReplayer Proof replay took 7.7ns 
28570      INFO  main            d.u.i.k.p.r.p.TestFile    ... finished proof: closed. 
28804      INFO  main            d.u.i.k.p.i.AbstractProblemLoader Loading environment from /home/runner/work/key/key/key.core/../key.ui/examples/heap/vstte10_03_LinkedList/Node_cons.key.proof 
28804      DEBUG main            d.u.i.k.p.i.AbstractProblemLoader Environment load took 262.4ns 
28809      INFO  main            d.u.i.k.p.i.AbstractProblemLoader Creating init config 
32272      DEBUG main            d.u.i.k.p.i.AbstractProblemLoader Init config took 3.46s 
32337      INFO  main            d.u.i.k.p.i.AbstractProblemLoader Replaying proof Node[Node::cons(int,Node)].JML normal_behavior operation contract.0 
32638      DEBUG main            d.u.i.k.p.i.IntermediateProofReplayer Proof replay took 287.08ms 
32641      DEBUG main            d.u.i.k.p.r.p.TestFile    ... success: reloaded. 
32642      INFO  main            d.u.i.k.p.r.p.TestFile    Now processing file /home/runner/work/key/key/key.core/../key.ui/examples/heap/vstte10_03_LinkedList/Node_inv.key 
32643      INFO  main            d.u.i.k.p.i.AbstractProblemLoader Loading environment from /home/runner/work/key/key/key.core/../key.ui/examples/heap/vstte10_03_LinkedList/Node_inv.key 
32643      DEBUG main            d.u.i.k.p.i.AbstractProblemLoader Environment load took 253.5ns 
32644      INFO  main            d.u.i.k.p.i.AbstractProblemLoader Creating init config 
35983      DEBUG main            d.u.i.k.p.i.AbstractProblemLoader Init config took 3.34s 
36056      INFO  main            d.u.i.k.p.i.AbstractProblemLoader Replaying proof Node[java.lang.Object::<inv>()].JML accessible clause.0 
36059      DEBUG main            d.u.i.k.p.i.IntermediateProofReplayer Proof replay took 18.8ns 
36563      INFO  main            d.u.i.k.p.r.p.TestFile    ... finished proof: closed. 
36764      INFO  main            d.u.i.k.p.i.AbstractProblemLoader Loading environment from /home/runner/work/key/key/key.core/../key.ui/examples/heap/vstte10_03_LinkedList/Node_inv.key.proof 
36765      DEBUG main            d.u.i.k.p.i.AbstractProblemLoader Environment load took 532.3ns 
36767      INFO  main            d.u.i.k.p.i.AbstractProblemLoader Creating init config 
40111      DEBUG main            d.u.i.k.p.i.AbstractProblemLoader Init config took 3.34s 
40177      INFO  main            d.u.i.k.p.i.AbstractProblemLoader Replaying proof Node[java.lang.Object::<inv>()].JML accessible clause.0 
40235      DEBUG main            d.u.i.k.p.i.IntermediateProofReplayer Proof replay took 53.34ms 
40237      DEBUG main            d.u.i.k.p.r.p.TestFile    ... success: reloaded. 
40239      INFO  main            d.u.i.k.p.r.p.TestFile    Now processing file /home/runner/work/key/key/key.core/../key.ui/examples/heap/vstte10_03_LinkedList/Node_search.key 
40239      INFO  main            d.u.i.k.p.i.AbstractProblemLoader Loading environment from /home/runner/work/key/key/key.core/../key.ui/examples/heap/vstte10_03_LinkedList/Node_search.key 
40239      DEBUG main            d.u.i.k.p.i.AbstractProblemLoader Environment load took 277.3ns 
40242      INFO  main            d.u.i.k.p.i.AbstractProblemLoader Creating init config 
43576      DEBUG main            d.u.i.k.p.i.AbstractProblemLoader Init config took 3.33s 
43641      INFO  main            d.u.i.k.p.i.AbstractProblemLoader Replaying proof Node[Node::search()].JML normal_behavior operation contract.0 
43644      DEBUG main            d.u.i.k.p.i.IntermediateProofReplayer Proof replay took 7.8ns 
51621      INFO  main            d.u.i.k.p.r.p.TestFile    ... finished proof: closed. 
51896      INFO  main            d.u.i.k.p.i.AbstractProblemLoader Loading environment from /home/runner/work/key/key/key.core/../key.ui/examples/heap/vstte10_03_LinkedList/Node_search.key.proof 
51896      DEBUG main            d.u.i.k.p.i.AbstractProblemLoader Environment load took 659.7ns 
51900      INFO  main            d.u.i.k.p.i.AbstractProblemLoader Creating init config 
55164      DEBUG main            d.u.i.k.p.i.AbstractProblemLoader Init config took 3.26s 
55229      INFO  main            d.u.i.k.p.i.AbstractProblemLoader Replaying proof Node[Node::search()].JML normal_behavior operation contract.0 
55930      DEBUG main            d.u.i.k.p.i.IntermediateProofReplayer Proof replay took 649.59ms 
55933      DEBUG main            d.u.i.k.p.r.p.TestFile    ... success: reloaded. 
55934      INFO  main            d.u.i.k.p.r.p.TestFile    Now processing file /home/runner/work/key/key/key.core/../key.ui/examples/heap/vstte10_04_Queens/Queens_isConsistent.key 
55935      INFO  main            d.u.i.k.p.i.AbstractProblemLoader Loading environment from /home/runner/work/key/key/key.core/../key.ui/examples/heap/vstte10_04_Queens/Queens_isConsistent.key 
55935      DEBUG main            d.u.i.k.p.i.AbstractProblemLoader Environment load took 329.4ns 
55937      INFO  main            d.u.i.k.p.i.AbstractProblemLoader Creating init config 
59639      DEBUG main            d.u.i.k.p.i.AbstractProblemLoader Init config took 3.7s 
59697      INFO  main            d.u.i.k.p.i.AbstractProblemLoader Replaying proof Queens[Queens::isConsistent([I,int)].JML normal_behavior operation contract.0 
59700      DEBUG main            d.u.i.k.p.i.IntermediateProofReplayer Proof replay took 6.5ns 
62075      INFO  main            d.u.i.k.p.r.p.TestFile    ... finished proof: closed. 
62354      INFO  main            d.u.i.k.p.i.AbstractProblemLoader Loading environment from /home/runner/work/key/key/key.core/../key.ui/examples/heap/vstte10_04_Queens/Queens_isConsistent.key.proof 
62355      DEBUG main            d.u.i.k.p.i.AbstractProblemLoader Environment load took 540.8ns 
62357      INFO  main            d.u.i.k.p.i.AbstractProblemLoader Creating init config 
65706      DEBUG main            d.u.i.k.p.i.AbstractProblemLoader Init config took 3.35s 
65783      INFO  main            d.u.i.k.p.i.AbstractProblemLoader Replaying proof Queens[Queens::isConsistent([I,int)].JML normal_behavior operation contract.0 
66210      DEBUG main            d.u.i.k.p.i.IntermediateProofReplayer Proof replay took 413.61ms 
66212      DEBUG main            d.u.i.k.p.r.p.TestFile    ... success: reloaded. 
66213      INFO  main            d.u.i.k.p.r.p.TestFile    Now processing file /home/runner/work/key/key/key.core/../key.ui/examples/heap/vstte10_04_Queens/Queens_nQueens.key 
66214      INFO  main            d.u.i.k.p.i.AbstractProblemLoader Loading environment from /home/runner/work/key/key/key.core/../key.ui/examples/heap/vstte10_04_Queens/Queens_nQueens.key 
66214      DEBUG main            d.u.i.k.p.i.AbstractProblemLoader Environment load took 255.8ns 
66215      INFO  main            d.u.i.k.p.i.AbstractProblemLoader Creating init config 
69557      DEBUG main            d.u.i.k.p.i.AbstractProblemLoader Init config took 3.34s 
69612      INFO  main            d.u.i.k.p.i.AbstractProblemLoader Replaying proof Queens[Queens::nQueens(int)].JML normal_behavior operation contract.0 
69614      DEBUG main            d.u.i.k.p.i.IntermediateProofReplayer Proof replay took 7.2ns 
86489      INFO  main            d.u.i.k.p.r.p.TestFile    ... finished proof: closed. 
86796      INFO  main            d.u.i.k.p.i.AbstractProblemLoader Loading environment from /home/runner/work/key/key/key.core/../key.ui/examples/heap/vstte10_04_Queens/Queens_nQueens.key.proof 
86797      DEBUG main            d.u.i.k.p.i.AbstractProblemLoader Environment load took 557.3ns 
86799      INFO  main            d.u.i.k.p.i.AbstractProblemLoader Creating init config 
90164      DEBUG main            d.u.i.k.p.i.AbstractProblemLoader Init config took 3.36s 
90238      INFO  main            d.u.i.k.p.i.AbstractProblemLoader Replaying proof Queens[Queens::nQueens(int)].JML normal_behavior operation contract.0 
90810      DEBUG main            d.u.i.k.p.i.IntermediateProofReplayer Proof replay took 548.12ms 
90812      DEBUG main            d.u.i.k.p.r.p.TestFile    ... success: reloaded. 
90813      INFO  main            d.u.i.k.p.r.p.TestFile    Now processing file /home/runner/work/key/key/key.core/../key.ui/examples/heap/vstte10_05_Queue/AmortizedQueue_AmortizedQueue.key 
90814      INFO  main            d.u.i.k.p.i.AbstractProblemLoader Loading environment from /home/runner/work/key/key/key.core/../key.ui/examples/heap/vstte10_05_Queue/AmortizedQueue_AmortizedQueue.key 
90814      DEBUG main            d.u.i.k.p.i.AbstractProblemLoader Environment load took 187.6ns 
90815      INFO  main            d.u.i.k.p.i.AbstractProblemLoader Creating init config 
94327      DEBUG main            d.u.i.k.p.i.AbstractProblemLoader Init config took 3.51s 
94387      INFO  main            d.u.i.k.p.i.AbstractProblemLoader Replaying proof AmortizedQueue[AmortizedQueue::AmortizedQueue()].JML normal_behavior operation contract.0 
94390      DEBUG main            d.u.i.k.p.i.IntermediateProofReplayer Proof replay took 8ns 
96196      INFO  main            d.u.i.k.p.r.p.TestFile    ... finished proof: closed. 
96479      INFO  main            d.u.i.k.p.i.AbstractProblemLoader Loading environment from /home/runner/work/key/key/key.core/../key.ui/examples/heap/vstte10_05_Queue/AmortizedQueue_AmortizedQueue.key.proof 
96479      DEBUG main            d.u.i.k.p.i.AbstractProblemLoader Environment load took 518.1ns 
96481      INFO  main            d.u.i.k.p.i.AbstractProblemLoader Creating init config 
99748      DEBUG main            d.u.i.k.p.i.AbstractProblemLoader Init config took 3.27s 
99816      INFO  main            d.u.i.k.p.i.AbstractProblemLoader Replaying proof AmortizedQueue[AmortizedQueue::AmortizedQueue()].JML normal_behavior operation contract.0 
100045     DEBUG main            d.u.i.k.p.i.IntermediateProofReplayer Proof replay took 220.86ms 
100047     DEBUG main            d.u.i.k.p.r.p.TestFile    ... success: reloaded. 
100048     INFO  main            d.u.i.k.p.r.p.TestFile    Now processing file /home/runner/work/key/key/key.core/../key.ui/examples/heap/vstte10_05_Queue/AmortizedQueue_front.key 
100048     INFO  main            d.u.i.k.p.i.AbstractProblemLoader Loading environment from /home/runner/work/key/key/key.core/../key.ui/examples/heap/vstte10_05_Queue/AmortizedQueue_front.key 
100048     DEBUG main            d.u.i.k.p.i.AbstractProblemLoader Environment load took 99.5ns 
100049     INFO  main            d.u.i.k.p.i.AbstractProblemLoader Creating init config 
103277     DEBUG main            d.u.i.k.p.i.AbstractProblemLoader Init config took 3.23s 
103329     INFO  main            d.u.i.k.p.i.AbstractProblemLoader Replaying proof AmortizedQueue[AmortizedQueue::front()].JML normal_behavior operation contract.0 
103331     DEBUG main            d.u.i.k.p.i.IntermediateProofReplayer Proof replay took 6.7ns 
103937     INFO  main            d.u.i.k.p.r.p.TestFile    ... finished proof: closed. 
104187     INFO  main            d.u.i.k.p.i.AbstractProblemLoader Loading environment from /home/runner/work/key/key/key.core/../key.ui/examples/heap/vstte10_05_Queue/AmortizedQueue_front.key.proof 
104188     DEBUG main            d.u.i.k.p.i.AbstractProblemLoader Environment load took 1.21ms 
104189     INFO  main            d.u.i.k.p.i.AbstractProblemLoader Creating init config 
107480     DEBUG main            d.u.i.k.p.i.AbstractProblemLoader Init config took 3.29s 
107533     INFO  main            d.u.i.k.p.i.AbstractProblemLoader Replaying proof AmortizedQueue[AmortizedQueue::front()].JML normal_behavior operation contract.0 
107608     DEBUG main            d.u.i.k.p.i.IntermediateProofReplayer Proof replay took 70.75ms 
107609     DEBUG main            d.u.i.k.p.r.p.TestFile    ... success: reloaded. 
107611     INFO  main            d.u.i.k.p.r.p.TestFile    Now processing file /home/runner/work/key/key/key.core/../key.ui/examples/heap/vstte10_05_Queue/LinkedList_concat.key 
107611     INFO  main            d.u.i.k.p.i.AbstractProblemLoader Loading environment from /home/runner/work/key/key/key.core/../key.ui/examples/heap/vstte10_05_Queue/LinkedList_concat.key 
107612     DEBUG main            d.u.i.k.p.i.AbstractProblemLoader Environment load took 308.7ns 
107613     INFO  main            d.u.i.k.p.i.AbstractProblemLoader Creating init config 
110935     DEBUG main            d.u.i.k.p.i.AbstractProblemLoader Init config took 3.32s 
110994     INFO  main            d.u.i.k.p.i.AbstractProblemLoader Replaying proof LinkedList[LinkedList::concat(LinkedList)].JML normal_behavior operation contract.0 
110996     DEBUG main            d.u.i.k.p.i.IntermediateProofReplayer Proof replay took 6.6ns 
121329     INFO  main            d.u.i.k.p.r.p.TestFile    ... finished proof: closed. 
121668     INFO  main            d.u.i.k.p.i.AbstractProblemLoader Loading environment from /home/runner/work/key/key/key.core/../key.ui/examples/heap/vstte10_05_Queue/LinkedList_concat.key.proof 
121669     DEBUG main            d.u.i.k.p.i.AbstractProblemLoader Environment load took 542.7ns 
121672     INFO  main            d.u.i.k.p.i.AbstractProblemLoader Creating init config 
124917     DEBUG main            d.u.i.k.p.i.AbstractProblemLoader Init config took 3.24s 
124983     INFO  main            d.u.i.k.p.i.AbstractProblemLoader Replaying proof LinkedList[LinkedList::concat(LinkedList)].JML normal_behavior operation contract.0 
125634     DEBUG main            d.u.i.k.p.i.IntermediateProofReplayer Proof replay took 618.4ms 
125641     DEBUG main            d.u.i.k.p.r.p.TestFile    ... success: reloaded. 
125643     INFO  main            d.u.i.k.p.r.p.TestFile    Now processing file /home/runner/work/key/key/key.core/../key.ui/examples/heap/vstte10_05_Queue/LinkedList_cons.key 
125643     INFO  main            d.u.i.k.p.i.AbstractProblemLoader Loading environment from /home/runner/work/key/key/key.core/../key.ui/examples/heap/vstte10_05_Queue/LinkedList_cons.key 
125644     DEBUG main            d.u.i.k.p.i.AbstractProblemLoader Environment load took 868.61ns 
125646     INFO  main            d.u.i.k.p.i.AbstractProblemLoader Creating init config 
128898     DEBUG main            d.u.i.k.p.i.AbstractProblemLoader Init config took 3.25s 
128953     INFO  main            d.u.i.k.p.i.AbstractProblemLoader Replaying proof LinkedList[LinkedList::cons(int)].JML normal_behavior operation contract.0 
128956     DEBUG main            d.u.i.k.p.i.IntermediateProofReplayer Proof replay took 6.1ns 
131866     INFO  main            d.u.i.k.p.r.p.TestFile    ... finished proof: closed. 
132188     INFO  main            d.u.i.k.p.i.AbstractProblemLoader Loading environment from /home/runner/work/key/key/key.core/../key.ui/examples/heap/vstte10_05_Queue/LinkedList_cons.key.proof 
132188     DEBUG main            d.u.i.k.p.i.AbstractProblemLoader Environment load took 552ns 
132192     INFO  main            d.u.i.k.p.i.AbstractProblemLoader Creating init config 
135471     DEBUG main            d.u.i.k.p.i.AbstractProblemLoader Init config took 3.28s 
135539     INFO  main            d.u.i.k.p.i.AbstractProblemLoader Replaying proof LinkedList[LinkedList::cons(int)].JML normal_behavior operation contract.0 
135814     DEBUG main            d.u.i.k.p.i.IntermediateProofReplayer Proof replay took 263.33ms 
135816     DEBUG main            d.u.i.k.p.r.p.TestFile    ... success: reloaded. 
135817     INFO  main            d.u.i.k.p.r.p.TestFile    Now processing file /home/runner/work/key/key/key.core/../key.ui/examples/heap/vstte10_05_Queue/LinkedList_head.key 
135818     INFO  main            d.u.i.k.p.i.AbstractProblemLoader Loading environment from /home/runner/work/key/key/key.core/../key.ui/examples/heap/vstte10_05_Queue/LinkedList_head.key 
135818     DEBUG main            d.u.i.k.p.i.AbstractProblemLoader Environment load took 271.3ns 
135820     INFO  main            d.u.i.k.p.i.AbstractProblemLoader Creating init config 
139131     DEBUG main            d.u.i.k.p.i.AbstractProblemLoader Init config took 3.31s 
139186     INFO  main            d.u.i.k.p.i.AbstractProblemLoader Replaying proof LinkedList[LinkedList::head()].JML normal_behavior operation contract.0 
139188     DEBUG main            d.u.i.k.p.i.IntermediateProofReplayer Proof replay took 7.9ns 
139391     INFO  main            d.u.i.k.p.r.p.TestFile    ... finished proof: closed. 
139667     INFO  main            d.u.i.k.p.i.AbstractProblemLoader Loading environment from /home/runner/work/key/key/key.core/../key.ui/examples/heap/vstte10_05_Queue/LinkedList_head.key.proof 
139667     DEBUG main            d.u.i.k.p.i.AbstractProblemLoader Environment load took 143.5ns 
139668     INFO  main            d.u.i.k.p.i.AbstractProblemLoader Creating init config 
142970     DEBUG main            d.u.i.k.p.i.AbstractProblemLoader Init config took 3.3s 
143023     INFO  main            d.u.i.k.p.i.AbstractProblemLoader Replaying proof LinkedList[LinkedList::head()].JML normal_behavior operation contract.0 
143041     DEBUG main            d.u.i.k.p.i.IntermediateProofReplayer Proof replay took 14.5ms 
143042     DEBUG main            d.u.i.k.p.r.p.TestFile    ... success: reloaded. 
143043     INFO  main            d.u.i.k.p.r.p.TestFile    Now processing file /home/runner/work/key/key/key.core/../key.ui/examples/heap/vstte10_05_Queue/LinkedList_inv.key 
143044     INFO  main            d.u.i.k.p.i.AbstractProblemLoader Loading environment from /home/runner/work/key/key/key.core/../key.ui/examples/heap/vstte10_05_Queue/LinkedList_inv.key 
143044     DEBUG main            d.u.i.k.p.i.AbstractProblemLoader Environment load took 176.4ns 
143045     INFO  main            d.u.i.k.p.i.AbstractProblemLoader Creating init config 
146424     DEBUG main            d.u.i.k.p.i.AbstractProblemLoader Init config took 3.38s 
146480     INFO  main            d.u.i.k.p.i.AbstractProblemLoader Replaying proof LinkedList[java.lang.Object::<inv>()].JML accessible clause.0 
146482     DEBUG main            d.u.i.k.p.i.IntermediateProofReplayer Proof replay took 24.4ns 
146887     INFO  main            d.u.i.k.p.r.p.TestFile    ... finished proof: closed. 
147189     INFO  main            d.u.i.k.p.i.AbstractProblemLoader Loading environment from /home/runner/work/key/key/key.core/../key.ui/examples/heap/vstte10_05_Queue/LinkedList_inv.key.proof 
147190     DEBUG main            d.u.i.k.p.i.AbstractProblemLoader Environment load took 269.5ns 
147191     INFO  main            d.u.i.k.p.i.AbstractProblemLoader Creating init config 
150536     DEBUG main            d.u.i.k.p.i.AbstractProblemLoader Init config took 3.34s 
150589     INFO  main            d.u.i.k.p.i.AbstractProblemLoader Replaying proof LinkedList[java.lang.Object::<inv>()].JML accessible clause.0 
150637     DEBUG main            d.u.i.k.p.i.IntermediateProofReplayer Proof replay took 44.28ms 
150638     DEBUG main            d.u.i.k.p.r.p.TestFile    ... success: reloaded. 
150639     INFO  main            d.u.i.k.p.r.p.TestFile    Now processing file /home/runner/work/key/key/key.core/../key.ui/examples/heap/vstte10_05_Queue/LinkedList_length.key 
150640     INFO  main            d.u.i.k.p.i.AbstractProblemLoader Loading environment from /home/runner/work/key/key/key.core/../key.ui/examples/heap/vstte10_05_Queue/LinkedList_length.key 
150640     DEBUG main            d.u.i.k.p.i.AbstractProblemLoader Environment load took 292ns 
150641     INFO  main            d.u.i.k.p.i.AbstractProblemLoader Creating init config 
154064     DEBUG main            d.u.i.k.p.i.AbstractProblemLoader Init config took 3.42s 
154122     INFO  main            d.u.i.k.p.i.AbstractProblemLoader Replaying proof LinkedList[LinkedList::length()].JML normal_behavior operation contract.0 
154124     DEBUG main            d.u.i.k.p.i.IntermediateProofReplayer Proof replay took 6.9ns 
154327     INFO  main            d.u.i.k.p.r.p.TestFile    ... finished proof: closed. 
154624     INFO  main            d.u.i.k.p.i.AbstractProblemLoader Loading environment from /home/runner/work/key/key/key.core/../key.ui/examples/heap/vstte10_05_Queue/LinkedList_length.key.proof 
154625     DEBUG main            d.u.i.k.p.i.AbstractProblemLoader Environment load took 170.3ns 
154626     INFO  main            d.u.i.k.p.i.AbstractProblemLoader Creating init config 
157911     DEBUG main            d.u.i.k.p.i.AbstractProblemLoader Init config took 3.29s 
157966     INFO  main            d.u.i.k.p.i.AbstractProblemLoader Replaying proof LinkedList[LinkedList::length()].JML normal_behavior operation contract.0 
157982     DEBUG main            d.u.i.k.p.i.IntermediateProofReplayer Proof replay took 13.3ms 
157983     DEBUG main            d.u.i.k.p.r.p.TestFile    ... success: reloaded. 
157984     INFO  main            d.u.i.k.p.r.p.TestFile    Now processing file /home/runner/work/key/key/key.core/../key.ui/examples/heap/vstte10_05_Queue/LinkedList_LinkedList1.key 
157985     INFO  main            d.u.i.k.p.i.AbstractProblemLoader Loading environment from /home/runner/work/key/key/key.core/../key.ui/examples/heap/vstte10_05_Queue/LinkedList_LinkedList1.key 
157985     DEBUG main            d.u.i.k.p.i.AbstractProblemLoader Environment load took 197.4ns 
157986     INFO  main            d.u.i.k.p.i.AbstractProblemLoader Creating init config 
161382     DEBUG main            d.u.i.k.p.i.AbstractProblemLoader Init config took 3.4s 
161465     INFO  main            d.u.i.k.p.i.AbstractProblemLoader Replaying proof LinkedList[LinkedList::LinkedList(int,LinkedList)].JML normal_behavior operation contract.0 
161467     DEBUG main            d.u.i.k.p.i.IntermediateProofReplayer Proof replay took 7ns 
164013     INFO  main            d.u.i.k.p.r.p.TestFile    ... finished proof: closed. 
164333     INFO  main            d.u.i.k.p.i.AbstractProblemLoader Loading environment from /home/runner/work/key/key/key.core/../key.ui/examples/heap/vstte10_05_Queue/LinkedList_LinkedList1.key.proof 
164333     DEBUG main            d.u.i.k.p.i.AbstractProblemLoader Environment load took 164.4ns 
164334     INFO  main            d.u.i.k.p.i.AbstractProblemLoader Creating init config 
167583     DEBUG main            d.u.i.k.p.i.AbstractProblemLoader Init config took 3.25s 
167637     INFO  main            d.u.i.k.p.i.AbstractProblemLoader Replaying proof LinkedList[LinkedList::LinkedList(int,LinkedList)].JML normal_behavior operation contract.0 
167866     DEBUG main            d.u.i.k.p.i.IntermediateProofReplayer Proof replay took 221.61ms 
167868     DEBUG main            d.u.i.k.p.r.p.TestFile    ... success: reloaded. 
167869     INFO  main            d.u.i.k.p.r.p.TestFile    Now processing file /home/runner/work/key/key/key.core/../key.ui/examples/heap/vstte10_05_Queue/LinkedList_LinkedList2.key 
167870     INFO  main            d.u.i.k.p.i.AbstractProblemLoader Loading environment from /home/runner/work/key/key/key.core/../key.ui/examples/heap/vstte10_05_Queue/LinkedList_LinkedList2.key 
167870     DEBUG main            d.u.i.k.p.i.AbstractProblemLoader Environment load took 79.9ns 
167871     INFO  main            d.u.i.k.p.i.AbstractProblemLoader Creating init config 
171253     DEBUG main            d.u.i.k.p.i.AbstractProblemLoader Init config took 3.38s 
171306     INFO  main            d.u.i.k.p.i.AbstractProblemLoader Replaying proof LinkedList[LinkedList::LinkedList(int,LinkedList)].JML normal_behavior operation contract.0 
171308     DEBUG main            d.u.i.k.p.i.IntermediateProofReplayer Proof replay took 7.3ns 
173767     INFO  main            d.u.i.k.p.r.p.TestFile    ... finished proof: closed. 
174113     INFO  main            d.u.i.k.p.i.AbstractProblemLoader Loading environment from /home/runner/work/key/key/key.core/../key.ui/examples/heap/vstte10_05_Queue/LinkedList_LinkedList2.key.proof 
174113     DEBUG main            d.u.i.k.p.i.AbstractProblemLoader Environment load took 600.4ns 
174115     INFO  main            d.u.i.k.p.i.AbstractProblemLoader Creating init config 
177399     DEBUG main            d.u.i.k.p.i.AbstractProblemLoader Init config took 3.28s 
177454     INFO  main            d.u.i.k.p.i.AbstractProblemLoader Replaying proof LinkedList[LinkedList::LinkedList(int,LinkedList)].JML normal_behavior operation contract.0 
177689     DEBUG main            d.u.i.k.p.i.IntermediateProofReplayer Proof replay took 227.04ms 
177690     DEBUG main            d.u.i.k.p.r.p.TestFile    ... success: reloaded. 
177692     INFO  main            d.u.i.k.p.r.p.TestFile    Now processing file /home/runner/work/key/key/key.core/../key.ui/examples/heap/vstte10_05_Queue/LinkedList_LinkedList3.key 
177692     INFO  main            d.u.i.k.p.i.AbstractProblemLoader Loading environment from /home/runner/work/key/key/key.core/../key.ui/examples/heap/vstte10_05_Queue/LinkedList_LinkedList3.key 
177692     DEBUG main            d.u.i.k.p.i.AbstractProblemLoader Environment load took 97.6ns 
177693     INFO  main            d.u.i.k.p.i.AbstractProblemLoader Creating init config 
180945     DEBUG main            d.u.i.k.p.i.AbstractProblemLoader Init config took 3.25s 
180998     INFO  main            d.u.i.k.p.i.AbstractProblemLoader Replaying proof LinkedList[LinkedList::LinkedList(int,LinkedList)].JML normal_behavior operation contract.0 
181001     DEBUG main            d.u.i.k.p.i.IntermediateProofReplayer Proof replay took 6.4ns 
199314     INFO  main            d.u.i.k.p.r.p.TestFile    ... finished proof: closed. 
199775     INFO  main            d.u.i.k.p.i.AbstractProblemLoader Loading environment from /home/runner/work/key/key/key.core/../key.ui/examples/heap/vstte10_05_Queue/LinkedList_LinkedList3.key.proof 
199776     DEBUG main            d.u.i.k.p.i.AbstractProblemLoader Environment load took 607.8ns 
199789     INFO  main            d.u.i.k.p.i.AbstractProblemLoader Creating init config 
203015     DEBUG main            d.u.i.k.p.i.AbstractProblemLoader Init config took 3.23s 
203068     INFO  main            d.u.i.k.p.i.AbstractProblemLoader Replaying proof LinkedList[LinkedList::LinkedList(int,LinkedList)].JML normal_behavior operation contract.0 
204730     DEBUG main            d.u.i.k.p.i.IntermediateProofReplayer Proof replay took 1.57s 
204737     DEBUG main            d.u.i.k.p.r.p.TestFile    ... success: reloaded. 
204738     INFO  main            d.u.i.k.p.r.p.TestFile    Now processing file /home/runner/work/key/key/key.core/../key.ui/examples/heap/vstte10_05_Queue/LinkedList_reverse.key 
204738     INFO  main            d.u.i.k.p.i.AbstractProblemLoader Loading environment from /home/runner/work/key/key/key.core/../key.ui/examples/heap/vstte10_05_Queue/LinkedList_reverse.key 
204738     DEBUG main            d.u.i.k.p.i.AbstractProblemLoader Environment load took 130.6ns 
204739     INFO  main            d.u.i.k.p.i.AbstractProblemLoader Creating init config 
208037     DEBUG main            d.u.i.k.p.i.AbstractProblemLoader Init config took 3.3s 
208096     INFO  main            d.u.i.k.p.i.AbstractProblemLoader Replaying proof LinkedList[LinkedList::reverse()].JML normal_behavior operation contract.0 
208098     DEBUG main            d.u.i.k.p.i.IntermediateProofReplayer Proof replay took 6.4ns 
220022     INFO  main            d.u.i.k.p.r.p.TestFile    ... finished proof: closed. 
220439     INFO  main            d.u.i.k.p.i.AbstractProblemLoader Loading environment from /home/runner/work/key/key/key.core/../key.ui/examples/heap/vstte10_05_Queue/LinkedList_reverse.key.proof 
220440     DEBUG main            d.u.i.k.p.i.AbstractProblemLoader Environment load took 515.7ns 
220443     INFO  main            d.u.i.k.p.i.AbstractProblemLoader Creating init config 
223652     DEBUG main            d.u.i.k.p.i.AbstractProblemLoader Init config took 3.21s 
223725     INFO  main            d.u.i.k.p.i.AbstractProblemLoader Replaying proof LinkedList[LinkedList::reverse()].JML normal_behavior operation contract.0 
224452     DEBUG main            d.u.i.k.p.i.IntermediateProofReplayer Proof replay took 695.5ms 
224455     DEBUG main            d.u.i.k.p.r.p.TestFile    ... success: reloaded. 
224456     INFO  main            d.u.i.k.p.r.p.TestFile    Now processing file /home/runner/work/key/key/key.core/../key.ui/examples/heap/vstte10_05_Queue/LinkedList_tail.key 
224457     INFO  main            d.u.i.k.p.i.AbstractProblemLoader Loading environment from /home/runner/work/key/key/key.core/../key.ui/examples/heap/vstte10_05_Queue/LinkedList_tail.key 
224457     DEBUG main            d.u.i.k.p.i.AbstractProblemLoader Environment load took 162.5ns 
224458     INFO  main            d.u.i.k.p.i.AbstractProblemLoader Creating init config 
227836     DEBUG main            d.u.i.k.p.i.AbstractProblemLoader Init config took 3.38s 
227891     INFO  main            d.u.i.k.p.i.AbstractProblemLoader Replaying proof LinkedList[LinkedList::tail()].JML normal_behavior operation contract.0 
227893     DEBUG main            d.u.i.k.p.i.IntermediateProofReplayer Proof replay took 53.2ns 
228597     INFO  main            d.u.i.k.p.r.p.TestFile    ... finished proof: closed. 
228967     INFO  main            d.u.i.k.p.i.AbstractProblemLoader Loading environment from /home/runner/work/key/key/key.core/../key.ui/examples/heap/vstte10_05_Queue/LinkedList_tail.key.proof 
228967     DEBUG main            d.u.i.k.p.i.AbstractProblemLoader Environment load took 154.3ns 
228969     INFO  main            d.u.i.k.p.i.AbstractProblemLoader Creating init config 
232148     DEBUG main            d.u.i.k.p.i.AbstractProblemLoader Init config took 3.18s 
232203     INFO  main            d.u.i.k.p.i.AbstractProblemLoader Replaying proof LinkedList[LinkedList::tail()].JML normal_behavior operation contract.0 
232302     DEBUG main            d.u.i.k.p.i.IntermediateProofReplayer Proof replay took 95.2ms 
232304     DEBUG main            d.u.i.k.p.r.p.TestFile    ... success: reloaded. 
3040362    INFO  Test worker     d.u.i.k.p.r.RunAllProofsTestUnit Returning from test VSTTE10 
3040365    INFO  Test worker     d.u.i.k.p.r.RunAllProofsTestUnit Running test WeideEtAl 
456        INFO  Timeout watchdog d.u.i.k.p.r.p.ForkedTestFileRunner Timeout watcher launched (2000 secs.) 
478        WARN  main            d.u.i.k.s.ProofSettings   The settings in /home/runner/.key/proof-settings.props are *not* read. 
526        INFO  main            d.u.i.k.p.r.p.TestFile    Now processing file /home/runner/work/key/key/key.core/../key.ui/examples/heap/WeideEtAl_01_AddAndMultiply/AddAndMultiply_add.key 
709        INFO  main            d.u.i.k.p.i.AbstractProblemLoader Loading environment from /home/runner/work/key/key/key.core/../key.ui/examples/heap/WeideEtAl_01_AddAndMultiply/AddAndMultiply_add.key 
731        DEBUG main            d.u.i.k.p.i.AbstractProblemLoader Environment load took 2.57ms 
1038       INFO  main            d.u.i.k.p.i.AbstractProblemLoader Creating init config 
2218       DEBUG main            d.u.i.k.j.TypeConverter   No LDT found for Meta 
2219       DEBUG main            d.u.i.k.j.TypeConverter   No LDT found for Meta 
2222       DEBUG main            d.u.i.k.j.TypeConverter   No LDT found for Meta 
2223       DEBUG main            d.u.i.k.j.TypeConverter   No LDT found for Meta 
4200       DEBUG main            d.u.i.k.j.TypeConverter   No LDT found for JavaBigintExpression 
10689      DEBUG main            d.u.i.k.p.i.AbstractProblemLoader Init config took 9.65s 
10879      INFO  main            d.u.i.k.p.i.AbstractProblemLoader Replaying proof AddAndMultiply[AddAndMultiply::add(int,int)].JML normal_behavior operation contract.0 
10934      DEBUG main            d.u.i.k.p.i.IntermediateProofReplayer Proof replay took 40.4ns 
12986      INFO  main            d.u.i.k.p.r.p.TestFile    ... finished proof: closed. 
13179      INFO  main            d.u.i.k.p.i.AbstractProblemLoader Loading environment from /home/runner/work/key/key/key.core/../key.ui/examples/heap/WeideEtAl_01_AddAndMultiply/AddAndMultiply_add.key.proof 
13188      DEBUG main            d.u.i.k.p.i.AbstractProblemLoader Environment load took 9.03ms 
13192      INFO  main            d.u.i.k.p.i.AbstractProblemLoader Creating init config 
16625      DEBUG main            d.u.i.k.p.i.AbstractProblemLoader Init config took 3.43s 
16707      INFO  main            d.u.i.k.p.i.AbstractProblemLoader Replaying proof AddAndMultiply[AddAndMultiply::add(int,int)].JML normal_behavior operation contract.0 
16968      DEBUG main            d.u.i.k.p.i.IntermediateProofReplayer Proof replay took 249.29ms 
16978      DEBUG main            d.u.i.k.p.r.p.TestFile    ... success: reloaded. 
16980      INFO  main            d.u.i.k.p.r.p.TestFile    Now processing file /home/runner/work/key/key/key.core/../key.ui/examples/heap/WeideEtAl_01_AddAndMultiply/AddAndMultiply_mul.key 
16981      INFO  main            d.u.i.k.p.i.AbstractProblemLoader Loading environment from /home/runner/work/key/key/key.core/../key.ui/examples/heap/WeideEtAl_01_AddAndMultiply/AddAndMultiply_mul.key 
16981      DEBUG main            d.u.i.k.p.i.AbstractProblemLoader Environment load took 298.9ns 
16984      INFO  main            d.u.i.k.p.i.AbstractProblemLoader Creating init config 
20524      DEBUG main            d.u.i.k.p.i.AbstractProblemLoader Init config took 3.54s 
20597      INFO  main            d.u.i.k.p.i.AbstractProblemLoader Replaying proof AddAndMultiply[AddAndMultiply::mul(int,int)].JML normal_behavior operation contract.0 
20601      DEBUG main            d.u.i.k.p.i.IntermediateProofReplayer Proof replay took 7.4ns 
21207      INFO  main            d.u.i.k.p.r.p.TestFile    ... finished proof: closed. 
21517      INFO  main            d.u.i.k.p.i.AbstractProblemLoader Loading environment from /home/runner/work/key/key/key.core/../key.ui/examples/heap/WeideEtAl_01_AddAndMultiply/AddAndMultiply_mul.key.proof 
21519      DEBUG main            d.u.i.k.p.i.AbstractProblemLoader Environment load took 2.5ms 
21523      INFO  main            d.u.i.k.p.i.AbstractProblemLoader Creating init config 
24906      DEBUG main            d.u.i.k.p.i.AbstractProblemLoader Init config took 3.38s 
25012      INFO  main            d.u.i.k.p.i.AbstractProblemLoader Replaying proof AddAndMultiply[AddAndMultiply::mul(int,int)].JML normal_behavior operation contract.0 
25157      DEBUG main            d.u.i.k.p.i.IntermediateProofReplayer Proof replay took 138.6ms 
25158      DEBUG main            d.u.i.k.p.r.p.TestFile    ... success: reloaded. 
25160      INFO  main            d.u.i.k.p.r.p.TestFile    Now processing file /home/runner/work/key/key/key.core/../key.ui/examples/heap/WeideEtAl_02_BinarySearch/BinarySearch_search.key 
25161      INFO  main            d.u.i.k.p.i.AbstractProblemLoader Loading environment from /home/runner/work/key/key/key.core/../key.ui/examples/heap/WeideEtAl_02_BinarySearch/BinarySearch_search.key 
25161      DEBUG main            d.u.i.k.p.i.AbstractProblemLoader Environment load took 259.2ns 
25163      INFO  main            d.u.i.k.p.i.AbstractProblemLoader Creating init config 
28568      DEBUG main            d.u.i.k.p.i.AbstractProblemLoader Init config took 3.41s 
28635      INFO  main            d.u.i.k.p.i.AbstractProblemLoader Replaying proof BinarySearch[BinarySearch::search([I,int)].JML normal_behavior operation contract.0 
28641      DEBUG main            d.u.i.k.p.i.IntermediateProofReplayer Proof replay took 7.2ns 
32998      INFO  main            d.u.i.k.p.r.p.TestFile    ... finished proof: closed. 
33246      INFO  main            d.u.i.k.p.i.AbstractProblemLoader Loading environment from /home/runner/work/key/key/key.core/../key.ui/examples/heap/WeideEtAl_02_BinarySearch/BinarySearch_search.key.proof 
33248      DEBUG main            d.u.i.k.p.i.AbstractProblemLoader Environment load took 1.4ms 
33251      INFO  main            d.u.i.k.p.i.AbstractProblemLoader Creating init config 
36499      DEBUG main            d.u.i.k.p.i.AbstractProblemLoader Init config took 3.25s 
36557      INFO  main            d.u.i.k.p.i.AbstractProblemLoader Replaying proof BinarySearch[BinarySearch::search([I,int)].JML normal_behavior operation contract.0 
37090      DEBUG main            d.u.i.k.p.i.IntermediateProofReplayer Proof replay took 511.03ms 
37092      DEBUG main            d.u.i.k.p.r.p.TestFile    ... success: reloaded. 
3077677    INFO  Test worker     d.u.i.k.p.r.RunAllProofsTestUnit Returning from test WeideEtAl 
3077680    INFO  Test worker     d.u.i.k.p.r.RunAllProofsTestUnit Running test arithmetic 
456        INFO  Timeout watchdog d.u.i.k.p.r.p.ForkedTestFileRunner Timeout watcher launched (2000 secs.) 
476        WARN  main            d.u.i.k.s.ProofSettings   The settings in /home/runner/.key/proof-settings.props are *not* read. 
524        INFO  main            d.u.i.k.p.r.p.TestFile    Now processing file /home/runner/work/key/key/key.core/../key.ui/examples/standard_key/arith/binomial1.key 
723        INFO  main            d.u.i.k.p.i.AbstractProblemLoader Loading environment from /home/runner/work/key/key/key.core/../key.ui/examples/standard_key/arith/binomial1.key 
747        DEBUG main            d.u.i.k.p.i.AbstractProblemLoader Environment load took 2.88ms 
1102       INFO  main            d.u.i.k.p.i.AbstractProblemLoader Creating init config 
2406       DEBUG main            d.u.i.k.j.TypeConverter   No LDT found for Meta 
2407       DEBUG main            d.u.i.k.j.TypeConverter   No LDT found for Meta 
2411       DEBUG main            d.u.i.k.j.TypeConverter   No LDT found for Meta 
2412       DEBUG main            d.u.i.k.j.TypeConverter   No LDT found for Meta 
4059       DEBUG main            d.u.i.k.j.TypeConverter   No LDT found for JavaBigintExpression 
10306      DEBUG main            d.u.i.k.p.i.AbstractProblemLoader Init config took 9.2s 
10381      INFO  main            d.u.i.k.p.i.AbstractProblemLoader Replaying proof binomial1.key 
10426      DEBUG main            d.u.i.k.p.i.IntermediateProofReplayer Proof replay took 45.5ns 
10820      INFO  main            d.u.i.k.p.r.p.TestFile    ... finished proof: closed. 
11014      INFO  main            d.u.i.k.p.i.AbstractProblemLoader Loading environment from /home/runner/work/key/key/key.core/../key.ui/examples/standard_key/arith/binomial1.key.proof 
11017      DEBUG main            d.u.i.k.p.i.AbstractProblemLoader Environment load took 2.79ms 
11028      INFO  main            d.u.i.k.p.i.AbstractProblemLoader Creating init config 
14596      DEBUG main            d.u.i.k.p.i.AbstractProblemLoader Init config took 3.57s 
14636      INFO  main            d.u.i.k.p.i.AbstractProblemLoader Replaying proof binomial1.key.proof 
14654      DEBUG main            d.u.i.k.p.i.IntermediateProofReplayer Proof replay took 11.63ms 
14668      DEBUG main            d.u.i.k.p.r.p.TestFile    ... success: reloaded. 
14670      INFO  main            d.u.i.k.p.r.p.TestFile    Now processing file /home/runner/work/key/key/key.core/../key.ui/examples/standard_key/arith/binomial2.key 
14670      INFO  main            d.u.i.k.p.i.AbstractProblemLoader Loading environment from /home/runner/work/key/key/key.core/../key.ui/examples/standard_key/arith/binomial2.key 
14671      DEBUG main            d.u.i.k.p.i.AbstractProblemLoader Environment load took 355.2ns 
14673      INFO  main            d.u.i.k.p.i.AbstractProblemLoader Creating init config 
18121      DEBUG main            d.u.i.k.p.i.AbstractProblemLoader Init config took 3.45s 
18155      INFO  main            d.u.i.k.p.i.AbstractProblemLoader Replaying proof binomial2.key 
18161      DEBUG main            d.u.i.k.p.i.IntermediateProofReplayer Proof replay took 7.3ns 
18366      INFO  main            d.u.i.k.p.r.p.TestFile    ... finished proof: closed. 
18564      INFO  main            d.u.i.k.p.i.AbstractProblemLoader Loading environment from /home/runner/work/key/key/key.core/../key.ui/examples/standard_key/arith/binomial2.key.proof 
18564      DEBUG main            d.u.i.k.p.i.AbstractProblemLoader Environment load took 798ns 
18567      INFO  main            d.u.i.k.p.i.AbstractProblemLoader Creating init config 
21917      DEBUG main            d.u.i.k.p.i.AbstractProblemLoader Init config took 3.35s 
21961      INFO  main            d.u.i.k.p.i.AbstractProblemLoader Replaying proof binomial2.key.proof 
21989      DEBUG main            d.u.i.k.p.i.IntermediateProofReplayer Proof replay took 20.71ms 
21993      DEBUG main            d.u.i.k.p.r.p.TestFile    ... success: reloaded. 
21996      INFO  main            d.u.i.k.p.r.p.TestFile    Now processing file /home/runner/work/key/key/key.core/../key.ui/examples/standard_key/arith/check_jdiv.key 
21996      INFO  main            d.u.i.k.p.i.AbstractProblemLoader Loading environment from /home/runner/work/key/key/key.core/../key.ui/examples/standard_key/arith/check_jdiv.key 
21997      DEBUG main            d.u.i.k.p.i.AbstractProblemLoader Environment load took 321.7ns 
22001      INFO  main            d.u.i.k.p.i.AbstractProblemLoader Creating init config 
25340      DEBUG main            d.u.i.k.p.i.AbstractProblemLoader Init config took 3.34s 
25370      INFO  main            d.u.i.k.p.i.AbstractProblemLoader Replaying proof check_jdiv.key 
25375      DEBUG main            d.u.i.k.p.i.IntermediateProofReplayer Proof replay took 7.6ns 
32316      INFO  main            d.u.i.k.p.r.p.TestFile    ... finished proof: closed. 
32608      INFO  main            d.u.i.k.p.i.AbstractProblemLoader Loading environment from /home/runner/work/key/key/key.core/../key.ui/examples/standard_key/arith/check_jdiv.key.proof 
32609      DEBUG main            d.u.i.k.p.i.AbstractProblemLoader Environment load took 579.6ns 
32615      INFO  main            d.u.i.k.p.i.AbstractProblemLoader Creating init config 
35758      DEBUG main            d.u.i.k.p.i.AbstractProblemLoader Init config took 3.14s 
35785      INFO  main            d.u.i.k.p.i.AbstractProblemLoader Replaying proof check_jdiv.key.proof 
36220      DEBUG main            d.u.i.k.p.i.IntermediateProofReplayer Proof replay took 387.63ms 
36223      DEBUG main            d.u.i.k.p.r.p.TestFile    ... success: reloaded. 
36225      INFO  main            d.u.i.k.p.r.p.TestFile    Now processing file /home/runner/work/key/key/key.core/../key.ui/examples/standard_key/arith/check_jdiv_concrete.key 
36225      INFO  main            d.u.i.k.p.i.AbstractProblemLoader Loading environment from /home/runner/work/key/key/key.core/../key.ui/examples/standard_key/arith/check_jdiv_concrete.key 
36226      DEBUG main            d.u.i.k.p.i.AbstractProblemLoader Environment load took 320ns 
36228      INFO  main            d.u.i.k.p.i.AbstractProblemLoader Creating init config 
39499      DEBUG main            d.u.i.k.p.i.AbstractProblemLoader Init config took 3.27s 
39525      INFO  main            d.u.i.k.p.i.AbstractProblemLoader Replaying proof check_jdiv_concrete.key 
39529      DEBUG main            d.u.i.k.p.i.IntermediateProofReplayer Proof replay took 8.8ns 
39632      INFO  main            d.u.i.k.p.r.p.TestFile    ... finished proof: closed. 
39882      INFO  main            d.u.i.k.p.i.AbstractProblemLoader Loading environment from /home/runner/work/key/key/key.core/../key.ui/examples/standard_key/arith/check_jdiv_concrete.key.proof 
39882      DEBUG main            d.u.i.k.p.i.AbstractProblemLoader Environment load took 232ns 
39884      INFO  main            d.u.i.k.p.i.AbstractProblemLoader Creating init config 
42962      DEBUG main            d.u.i.k.p.i.AbstractProblemLoader Init config took 3.08s 
42988      INFO  main            d.u.i.k.p.i.AbstractProblemLoader Replaying proof check_jdiv_concrete.key.proof 
42994      DEBUG main            d.u.i.k.p.i.IntermediateProofReplayer Proof replay took 3.55ms 
42995      DEBUG main            d.u.i.k.p.r.p.TestFile    ... success: reloaded. 
42996      INFO  main            d.u.i.k.p.r.p.TestFile    Now processing file /home/runner/work/key/key/key.core/../key.ui/examples/standard_key/arith/check_jdiv_instantiated.key 
42997      INFO  main            d.u.i.k.p.i.AbstractProblemLoader Loading environment from /home/runner/work/key/key/key.core/../key.ui/examples/standard_key/arith/check_jdiv_instantiated.key 
42997      DEBUG main            d.u.i.k.p.i.AbstractProblemLoader Environment load took 141.2ns 
42999      INFO  main            d.u.i.k.p.i.AbstractProblemLoader Creating init config 
46170      DEBUG main            d.u.i.k.p.i.AbstractProblemLoader Init config took 3.17s 
46197      INFO  main            d.u.i.k.p.i.AbstractProblemLoader Replaying proof check_jdiv_instantiated.key 
46200      DEBUG main            d.u.i.k.p.i.IntermediateProofReplayer Proof replay took 62.7ns 
50672      INFO  main            d.u.i.k.p.r.p.TestFile    ... finished proof: closed. 
50927      INFO  main            d.u.i.k.p.i.AbstractProblemLoader Loading environment from /home/runner/work/key/key/key.core/../key.ui/examples/standard_key/arith/check_jdiv_instantiated.key.proof 
50927      DEBUG main            d.u.i.k.p.i.AbstractProblemLoader Environment load took 170.9ns 
50930      INFO  main            d.u.i.k.p.i.AbstractProblemLoader Creating init config 
54068      DEBUG main            d.u.i.k.p.i.AbstractProblemLoader Init config took 3.14s 
54097      INFO  main            d.u.i.k.p.i.AbstractProblemLoader Replaying proof check_jdiv_instantiated.key.proof 
54341      DEBUG main            d.u.i.k.p.i.IntermediateProofReplayer Proof replay took 208.42ms 
54344      DEBUG main            d.u.i.k.p.r.p.TestFile    ... success: reloaded. 
54345      INFO  main            d.u.i.k.p.r.p.TestFile    Now processing file /home/runner/work/key/key/key.core/../key.ui/examples/standard_key/arith/check_jmod.key 
54346      INFO  main            d.u.i.k.p.i.AbstractProblemLoader Loading environment from /home/runner/work/key/key/key.core/../key.ui/examples/standard_key/arith/check_jmod.key 
54346      DEBUG main            d.u.i.k.p.i.AbstractProblemLoader Environment load took 338.3ns 
54348      INFO  main            d.u.i.k.p.i.AbstractProblemLoader Creating init config 
57385      DEBUG main            d.u.i.k.p.i.AbstractProblemLoader Init config took 3.04s 
57408      INFO  main            d.u.i.k.p.i.AbstractProblemLoader Replaying proof check_jmod.key 
57412      DEBUG main            d.u.i.k.p.i.IntermediateProofReplayer Proof replay took 115.7ns 
58119      INFO  main            d.u.i.k.p.r.p.TestFile    ... finished proof: closed. 
58421      INFO  main            d.u.i.k.p.i.AbstractProblemLoader Loading environment from /home/runner/work/key/key/key.core/../key.ui/examples/standard_key/arith/check_jmod.key.proof 
58422      DEBUG main            d.u.i.k.p.i.AbstractProblemLoader Environment load took 592.5ns 
58423      INFO  main            d.u.i.k.p.i.AbstractProblemLoader Creating init config 
61524      DEBUG main            d.u.i.k.p.i.AbstractProblemLoader Init config took 3.1s 
61549      INFO  main            d.u.i.k.p.i.AbstractProblemLoader Replaying proof check_jmod.key.proof 
61602      DEBUG main            d.u.i.k.p.i.IntermediateProofReplayer Proof replay took 45.61ms 
61607      DEBUG main            d.u.i.k.p.r.p.TestFile    ... success: reloaded. 
61608      INFO  main            d.u.i.k.p.r.p.TestFile    Now processing file /home/runner/work/key/key/key.core/../key.ui/examples/standard_key/arith/complexExpressions.key 
61609      INFO  main            d.u.i.k.p.i.AbstractProblemLoader Loading environment from /home/runner/work/key/key/key.core/../key.ui/examples/standard_key/arith/complexExpressions.key 
61609      DEBUG main            d.u.i.k.p.i.AbstractProblemLoader Environment load took 134.4ns 
61610      INFO  main            d.u.i.k.p.i.AbstractProblemLoader Creating init config 
64662      DEBUG main            d.u.i.k.p.i.AbstractProblemLoader Init config took 3.05s 
64695      INFO  main            d.u.i.k.p.i.AbstractProblemLoader Replaying proof complexExpressions.key 
64698      DEBUG main            d.u.i.k.p.i.IntermediateProofReplayer Proof replay took 8.9ns 
64909      INFO  main            d.u.i.k.p.r.p.TestFile    ... finished proof: closed. 
65127      INFO  main            d.u.i.k.p.i.AbstractProblemLoader Loading environment from /home/runner/work/key/key/key.core/../key.ui/examples/standard_key/arith/complexExpressions.key.proof 
65128      DEBUG main            d.u.i.k.p.i.AbstractProblemLoader Environment load took 758.8ns 
65130      INFO  main            d.u.i.k.p.i.AbstractProblemLoader Creating init config 
68218      DEBUG main            d.u.i.k.p.i.AbstractProblemLoader Init config took 3.09s 
68244      INFO  main            d.u.i.k.p.i.AbstractProblemLoader Replaying proof complexExpressions.key.proof 
68258      DEBUG main            d.u.i.k.p.i.IntermediateProofReplayer Proof replay took 10.87ms 
68259      DEBUG main            d.u.i.k.p.r.p.TestFile    ... success: reloaded. 
68260      INFO  main            d.u.i.k.p.r.p.TestFile    Now processing file /home/runner/work/key/key/key.core/../key.ui/examples/standard_key/arith/compound_unaryMinus.key 
68260      INFO  main            d.u.i.k.p.i.AbstractProblemLoader Loading environment from /home/runner/work/key/key/key.core/../key.ui/examples/standard_key/arith/compound_unaryMinus.key 
68260      DEBUG main            d.u.i.k.p.i.AbstractProblemLoader Environment load took 207.3ns 
68262      INFO  main            d.u.i.k.p.i.AbstractProblemLoader Creating init config 
71406      DEBUG main            d.u.i.k.p.i.AbstractProblemLoader Init config took 3.14s 
71432      INFO  main            d.u.i.k.p.i.AbstractProblemLoader Replaying proof compound_unaryMinus.key 
71434      DEBUG main            d.u.i.k.p.i.IntermediateProofReplayer Proof replay took 7.8ns 
71541      INFO  main            d.u.i.k.p.r.p.TestFile    ... finished proof: closed. 
71752      INFO  main            d.u.i.k.p.i.AbstractProblemLoader Loading environment from /home/runner/work/key/key/key.core/../key.ui/examples/standard_key/arith/compound_unaryMinus.key.proof 
71752      DEBUG main            d.u.i.k.p.i.AbstractProblemLoader Environment load took 149.9ns 
71754      INFO  main            d.u.i.k.p.i.AbstractProblemLoader Creating init config 
74775      DEBUG main            d.u.i.k.p.i.AbstractProblemLoader Init config took 3.02s 
74797      INFO  main            d.u.i.k.p.i.AbstractProblemLoader Replaying proof compound_unaryMinus.key.proof 
74804      DEBUG main            d.u.i.k.p.i.IntermediateProofReplayer Proof replay took 4.72ms 
74805      DEBUG main            d.u.i.k.p.r.p.TestFile    ... success: reloaded. 
74806      INFO  main            d.u.i.k.p.r.p.TestFile    Now processing file /home/runner/work/key/key/key.core/../key.ui/examples/standard_key/arith/computation.key 
74806      INFO  main            d.u.i.k.p.i.AbstractProblemLoader Loading environment from /home/runner/work/key/key/key.core/../key.ui/examples/standard_key/arith/computation.key 
74806      DEBUG main            d.u.i.k.p.i.AbstractProblemLoader Environment load took 109.3ns 
74808      INFO  main            d.u.i.k.p.i.AbstractProblemLoader Creating init config 
77838      DEBUG main            d.u.i.k.p.i.AbstractProblemLoader Init config took 3.03s 
77861      INFO  main            d.u.i.k.p.i.AbstractProblemLoader Replaying proof computation.key 
77864      DEBUG main            d.u.i.k.p.i.IntermediateProofReplayer Proof replay took 7ns 
79590      INFO  main            d.u.i.k.p.r.p.TestFile    ... finished proof: closed. 
79933      INFO  main            d.u.i.k.p.i.AbstractProblemLoader Loading environment from /home/runner/work/key/key/key.core/../key.ui/examples/standard_key/arith/computation.key.proof 
79933      DEBUG main            d.u.i.k.p.i.AbstractProblemLoader Environment load took 510.3ns 
79935      INFO  main            d.u.i.k.p.i.AbstractProblemLoader Creating init config 
82826      DEBUG main            d.u.i.k.p.i.AbstractProblemLoader Init config took 2.89s 
82848      INFO  main            d.u.i.k.p.i.AbstractProblemLoader Replaying proof computation.key.proof 
82930      DEBUG main            d.u.i.k.p.i.IntermediateProofReplayer Proof replay took 74.57ms 
82931      DEBUG main            d.u.i.k.p.r.p.TestFile    ... success: reloaded. 
82933      INFO  main            d.u.i.k.p.r.p.TestFile    Now processing file /home/runner/work/key/key/key.core/../key.ui/examples/standard_key/arith/cubicSum.key 
82933      INFO  main            d.u.i.k.p.i.AbstractProblemLoader Loading environment from /home/runner/work/key/key/key.core/../key.ui/examples/standard_key/arith/cubicSum.key 
82934      DEBUG main            d.u.i.k.p.i.AbstractProblemLoader Environment load took 289.2ns 
82936      INFO  main            d.u.i.k.p.i.AbstractProblemLoader Creating init config 
86054      DEBUG main            d.u.i.k.p.i.AbstractProblemLoader Init config took 3.12s 
86078      INFO  main            d.u.i.k.p.i.AbstractProblemLoader Replaying proof cubicSum.key 
86080      DEBUG main            d.u.i.k.p.i.IntermediateProofReplayer Proof replay took 6.5ns 
87389      INFO  main            d.u.i.k.p.r.p.TestFile    ... finished proof: closed. 
87749      INFO  main            d.u.i.k.p.i.AbstractProblemLoader Loading environment from /home/runner/work/key/key/key.core/../key.ui/examples/standard_key/arith/cubicSum.key.proof 
87751      DEBUG main            d.u.i.k.p.i.AbstractProblemLoader Environment load took 2.36ms 
87754      INFO  main            d.u.i.k.p.i.AbstractProblemLoader Creating init config 
90920      DEBUG main            d.u.i.k.p.i.AbstractProblemLoader Init config took 3.17s 
90943      INFO  main            d.u.i.k.p.i.AbstractProblemLoader Replaying proof cubicSum.key.proof 
91047      DEBUG main            d.u.i.k.p.i.IntermediateProofReplayer Proof replay took 98.92ms 
91048      DEBUG main            d.u.i.k.p.r.p.TestFile    ... success: reloaded. 
91050      INFO  main            d.u.i.k.p.r.p.TestFile    Now processing file /home/runner/work/key/key/key.core/../key.ui/examples/standard_key/arith/divByZero.key 
91050      INFO  main            d.u.i.k.p.i.AbstractProblemLoader Loading environment from /home/runner/work/key/key/key.core/../key.ui/examples/standard_key/arith/divByZero.key 
91050      DEBUG main            d.u.i.k.p.i.AbstractProblemLoader Environment load took 118.5ns 
91051      INFO  main            d.u.i.k.p.i.AbstractProblemLoader Creating init config 
94049      DEBUG main            d.u.i.k.p.i.AbstractProblemLoader Init config took 3s 
94069      INFO  main            d.u.i.k.p.i.AbstractProblemLoader Replaying proof divByZero.key 
94071      DEBUG main            d.u.i.k.p.i.IntermediateProofReplayer Proof replay took 8ns 
94284      INFO  main            d.u.i.k.p.r.p.TestFile    ... finished proof: closed. 
94546      INFO  main            d.u.i.k.p.i.AbstractProblemLoader Loading environment from /home/runner/work/key/key/key.core/../key.ui/examples/standard_key/arith/divByZero.key.proof 
94546      DEBUG main            d.u.i.k.p.i.AbstractProblemLoader Environment load took 140.3ns 
94548      INFO  main            d.u.i.k.p.i.AbstractProblemLoader Creating init config 
97587      DEBUG main            d.u.i.k.p.i.AbstractProblemLoader Init config took 3.04s 
97609      INFO  main            d.u.i.k.p.i.AbstractProblemLoader Replaying proof divByZero.key.proof 
97653      DEBUG main            d.u.i.k.p.i.IntermediateProofReplayer Proof replay took 40.66ms 
97654      DEBUG main            d.u.i.k.p.r.p.TestFile    ... success: reloaded. 
97656      INFO  main            d.u.i.k.p.r.p.TestFile    Now processing file /home/runner/work/key/key/key.core/../key.ui/examples/standard_key/arith/divisionAssoc.key 
97656      INFO  main            d.u.i.k.p.i.AbstractProblemLoader Loading environment from /home/runner/work/key/key/key.core/../key.ui/examples/standard_key/arith/divisionAssoc.key 
97656      DEBUG main            d.u.i.k.p.i.AbstractProblemLoader Environment load took 367.7ns 
97658      INFO  main            d.u.i.k.p.i.AbstractProblemLoader Creating init config 
100690     DEBUG main            d.u.i.k.p.i.AbstractProblemLoader Init config took 3.03s 
100711     INFO  main            d.u.i.k.p.i.AbstractProblemLoader Replaying proof divisionAssoc.key 
100713     DEBUG main            d.u.i.k.p.i.IntermediateProofReplayer Proof replay took 25.3ns 
101619     INFO  main            d.u.i.k.p.r.p.TestFile    ... finished proof: closed. 
101899     INFO  main            d.u.i.k.p.i.AbstractProblemLoader Loading environment from /home/runner/work/key/key/key.core/../key.ui/examples/standard_key/arith/divisionAssoc.key.proof 
101899     DEBUG main            d.u.i.k.p.i.AbstractProblemLoader Environment load took 555ns 
101901     INFO  main            d.u.i.k.p.i.AbstractProblemLoader Creating init config 
104886     DEBUG main            d.u.i.k.p.i.AbstractProblemLoader Init config took 2.99s 
104906     INFO  main            d.u.i.k.p.i.AbstractProblemLoader Replaying proof divisionAssoc.key.proof 
104961     DEBUG main            d.u.i.k.p.i.IntermediateProofReplayer Proof replay took 48.05ms 
104962     DEBUG main            d.u.i.k.p.r.p.TestFile    ... success: reloaded. 
104964     INFO  main            d.u.i.k.p.r.p.TestFile    Now processing file /home/runner/work/key/key/key.core/../key.ui/examples/standard_key/arith/divisionBy2.key 
104964     INFO  main            d.u.i.k.p.i.AbstractProblemLoader Loading environment from /home/runner/work/key/key/key.core/../key.ui/examples/standard_key/arith/divisionBy2.key 
104964     DEBUG main            d.u.i.k.p.i.AbstractProblemLoader Environment load took 258.2ns 
104966     INFO  main            d.u.i.k.p.i.AbstractProblemLoader Creating init config 
107954     DEBUG main            d.u.i.k.p.i.AbstractProblemLoader Init config took 2.99s 
107972     INFO  main            d.u.i.k.p.i.AbstractProblemLoader Replaying proof divisionBy2.key 
107973     DEBUG main            d.u.i.k.p.i.IntermediateProofReplayer Proof replay took 6.6ns 
108076     INFO  main            d.u.i.k.p.r.p.TestFile    ... finished proof: closed. 
108356     INFO  main            d.u.i.k.p.i.AbstractProblemLoader Loading environment from /home/runner/work/key/key/key.core/../key.ui/examples/standard_key/arith/divisionBy2.key.proof 
108356     DEBUG main            d.u.i.k.p.i.AbstractProblemLoader Environment load took 162.4ns 
108358     INFO  main            d.u.i.k.p.i.AbstractProblemLoader Creating init config 
111357     DEBUG main            d.u.i.k.p.i.AbstractProblemLoader Init config took 3s 
111375     INFO  main            d.u.i.k.p.i.AbstractProblemLoader Replaying proof divisionBy2.key.proof 
111384     DEBUG main            d.u.i.k.p.i.IntermediateProofReplayer Proof replay took 6.19ms 
111385     DEBUG main            d.u.i.k.p.r.p.TestFile    ... success: reloaded. 
111386     INFO  main            d.u.i.k.p.r.p.TestFile    Now processing file /home/runner/work/key/key/key.core/../key.ui/examples/standard_key/arith/euclidean/gcdHelp-post.key 
111386     INFO  main            d.u.i.k.p.i.AbstractProblemLoader Loading environment from /home/runner/work/key/key/key.core/../key.ui/examples/standard_key/arith/euclidean/gcdHelp-post.key 
111387     DEBUG main            d.u.i.k.p.i.AbstractProblemLoader Environment load took 336.2ns 
111388     INFO  main            d.u.i.k.p.i.AbstractProblemLoader Creating init config 
114655     DEBUG main            d.u.i.k.p.i.AbstractProblemLoader Init config took 3.27s 
114676     INFO  main            d.u.i.k.p.i.AbstractProblemLoader Replaying proof gcdHelp-post.key 
114679     DEBUG main            d.u.i.k.p.i.IntermediateProofReplayer Proof replay took 7.2ns 
118930     INFO  main            d.u.i.k.p.r.p.TestFile    ... finished proof: closed. 
119305     INFO  main            d.u.i.k.p.i.AbstractProblemLoader Loading environment from /home/runner/work/key/key/key.core/../key.ui/examples/standard_key/arith/euclidean/gcdHelp-post.key.proof 
119306     DEBUG main            d.u.i.k.p.i.AbstractProblemLoader Environment load took 614.9ns 
119308     INFO  main            d.u.i.k.p.i.AbstractProblemLoader Creating init config 
122475     DEBUG main            d.u.i.k.p.i.AbstractProblemLoader Init config took 3.17s 
122499     INFO  main            d.u.i.k.p.i.AbstractProblemLoader Replaying proof gcdHelp-post.key.proof 
122773     DEBUG main            d.u.i.k.p.i.IntermediateProofReplayer Proof replay took 257.99ms 
122775     DEBUG main            d.u.i.k.p.r.p.TestFile    ... success: reloaded. 
122777     INFO  main            d.u.i.k.p.r.p.TestFile    Now processing file /home/runner/work/key/key/key.core/../key.ui/examples/standard_key/arith/gemplusDecimal/add.key 
122777     INFO  main            d.u.i.k.p.i.AbstractProblemLoader Loading environment from /home/runner/work/key/key/key.core/../key.ui/examples/standard_key/arith/gemplusDecimal/add.key 
122777     DEBUG main            d.u.i.k.p.i.AbstractProblemLoader Environment load took 237.2ns 
122780     INFO  main            d.u.i.k.p.i.AbstractProblemLoader Creating init config 
125897     DEBUG main            d.u.i.k.p.i.AbstractProblemLoader Init config took 3.12s 
125917     INFO  main            d.u.i.k.p.i.AbstractProblemLoader Replaying proof add.key 
125918     DEBUG main            d.u.i.k.p.i.IntermediateProofReplayer Proof replay took 6.2ns 
180596     INFO  main            d.u.i.k.p.r.p.TestFile    ... finished proof: closed. 
181119     INFO  main            d.u.i.k.p.i.AbstractProblemLoader Loading environment from /home/runner/work/key/key/key.core/../key.ui/examples/standard_key/arith/gemplusDecimal/add.key.proof 
181120     DEBUG main            d.u.i.k.p.i.AbstractProblemLoader Environment load took 647.6ns 
181129     INFO  main            d.u.i.k.p.i.AbstractProblemLoader Creating init config 
184106     DEBUG main            d.u.i.k.p.i.AbstractProblemLoader Init config took 2.98s 
184126     INFO  main            d.u.i.k.p.i.AbstractProblemLoader Replaying proof add.key.proof 
186946     DEBUG main            d.u.i.k.p.i.IntermediateProofReplayer Proof replay took 2.68s 
186955     DEBUG main            d.u.i.k.p.r.p.TestFile    ... success: reloaded. 
186956     INFO  main            d.u.i.k.p.r.p.TestFile    Now processing file /home/runner/work/key/key/key.core/../key.ui/examples/standard_key/arith/jdivevenodd.key 
186956     INFO  main            d.u.i.k.p.i.AbstractProblemLoader Loading environment from /home/runner/work/key/key/key.core/../key.ui/examples/standard_key/arith/jdivevenodd.key 
186957     DEBUG main            d.u.i.k.p.i.AbstractProblemLoader Environment load took 133.4ns 
186958     INFO  main            d.u.i.k.p.i.AbstractProblemLoader Creating init config 
190011     DEBUG main            d.u.i.k.p.i.AbstractProblemLoader Init config took 3.05s 
190027     INFO  main            d.u.i.k.p.i.AbstractProblemLoader Replaying proof jdivevenodd.key 
190029     DEBUG main            d.u.i.k.p.i.IntermediateProofReplayer Proof replay took 6.9ns 
190233     INFO  main            d.u.i.k.p.r.p.TestFile    ... finished proof: closed. 
190704     INFO  main            d.u.i.k.p.i.AbstractProblemLoader Loading environment from /home/runner/work/key/key/key.core/../key.ui/examples/standard_key/arith/jdivevenodd.key.proof 
190704     DEBUG main            d.u.i.k.p.i.AbstractProblemLoader Environment load took 164.7ns 
190706     INFO  main            d.u.i.k.p.i.AbstractProblemLoader Creating init config 
193554     DEBUG main            d.u.i.k.p.i.AbstractProblemLoader Init config took 2.85s 
193571     INFO  main            d.u.i.k.p.i.AbstractProblemLoader Replaying proof jdivevenodd.key.proof 
193611     DEBUG main            d.u.i.k.p.i.IntermediateProofReplayer Proof replay took 36.06ms 
193612     DEBUG main            d.u.i.k.p.r.p.TestFile    ... success: reloaded. 
193613     INFO  main            d.u.i.k.p.r.p.TestFile    Now processing file /home/runner/work/key/key/key.core/../key.ui/examples/standard_key/arith/median.key 
193614     INFO  main            d.u.i.k.p.i.AbstractProblemLoader Loading environment from /home/runner/work/key/key/key.core/../key.ui/examples/standard_key/arith/median.key 
193614     DEBUG main            d.u.i.k.p.i.AbstractProblemLoader Environment load took 248.6ns 
193616     INFO  main            d.u.i.k.p.i.AbstractProblemLoader Creating init config 
196486     DEBUG main            d.u.i.k.p.i.AbstractProblemLoader Init config took 2.87s 
196505     INFO  main            d.u.i.k.p.i.AbstractProblemLoader Replaying proof median.key 
196509     DEBUG main            d.u.i.k.p.i.IntermediateProofReplayer Proof replay took 6.3ns 
215458     INFO  main            d.u.i.k.p.r.p.TestFile    ... finished proof: closed. 
215864     INFO  main            d.u.i.k.p.i.AbstractProblemLoader Loading environment from /home/runner/work/key/key/key.core/../key.ui/examples/standard_key/arith/median.key.proof 
215868     DEBUG main            d.u.i.k.p.i.AbstractProblemLoader Environment load took 5.86ms 
215874     INFO  main            d.u.i.k.p.i.AbstractProblemLoader Creating init config 
218753     DEBUG main            d.u.i.k.p.i.AbstractProblemLoader Init config took 2.88s 
218771     INFO  main            d.u.i.k.p.i.AbstractProblemLoader Replaying proof median.key.proof 
219514     DEBUG main            d.u.i.k.p.i.IntermediateProofReplayer Proof replay took 681.04ms 
219518     DEBUG main            d.u.i.k.p.r.p.TestFile    ... success: reloaded. 
219519     INFO  main            d.u.i.k.p.r.p.TestFile    Now processing file /home/runner/work/key/key/key.core/../key.ui/examples/standard_key/arith/mod1.key 
219520     INFO  main            d.u.i.k.p.i.AbstractProblemLoader Loading environment from /home/runner/work/key/key/key.core/../key.ui/examples/standard_key/arith/mod1.key 
219520     DEBUG main            d.u.i.k.p.i.AbstractProblemLoader Environment load took 263.6ns 
219521     INFO  main            d.u.i.k.p.i.AbstractProblemLoader Creating init config 
222531     DEBUG main            d.u.i.k.p.i.AbstractProblemLoader Init config took 3.01s 
222549     INFO  main            d.u.i.k.p.i.AbstractProblemLoader Replaying proof mod1.key 
222552     DEBUG main            d.u.i.k.p.i.IntermediateProofReplayer Proof replay took 7.2ns 
222655     INFO  main            d.u.i.k.p.r.p.TestFile    ... finished proof: closed. 
223041     INFO  main            d.u.i.k.p.i.AbstractProblemLoader Loading environment from /home/runner/work/key/key/key.core/../key.ui/examples/standard_key/arith/mod1.key.proof 
223041     DEBUG main            d.u.i.k.p.i.AbstractProblemLoader Environment load took 116.4ns 
223042     INFO  main            d.u.i.k.p.i.AbstractProblemLoader Creating init config 
225909     DEBUG main            d.u.i.k.p.i.AbstractProblemLoader Init config took 2.87s 
225926     INFO  main            d.u.i.k.p.i.AbstractProblemLoader Replaying proof mod1.key.proof 
225932     DEBUG main            d.u.i.k.p.i.IntermediateProofReplayer Proof replay took 2.38ms 
225935     DEBUG main            d.u.i.k.p.r.p.TestFile    ... success: reloaded. 
225936     INFO  main            d.u.i.k.p.r.p.TestFile    Now processing file /home/runner/work/key/key/key.core/../key.ui/examples/standard_key/arith/mod2.key 
225936     INFO  main            d.u.i.k.p.i.AbstractProblemLoader Loading environment from /home/runner/work/key/key/key.core/../key.ui/examples/standard_key/arith/mod2.key 
225936     DEBUG main            d.u.i.k.p.i.AbstractProblemLoader Environment load took 127ns 
225937     INFO  main            d.u.i.k.p.i.AbstractProblemLoader Creating init config 
228874     DEBUG main            d.u.i.k.p.i.AbstractProblemLoader Init config took 2.94s 
228892     INFO  main            d.u.i.k.p.i.AbstractProblemLoader Replaying proof mod2.key 
228894     DEBUG main            d.u.i.k.p.i.IntermediateProofReplayer Proof replay took 7.4ns 
228996     INFO  main            d.u.i.k.p.r.p.TestFile    ... finished proof: closed. 
229287     INFO  main            d.u.i.k.p.i.AbstractProblemLoader Loading environment from /home/runner/work/key/key/key.core/../key.ui/examples/standard_key/arith/mod2.key.proof 
229288     DEBUG main            d.u.i.k.p.i.AbstractProblemLoader Environment load took 117.7ns 
229292     INFO  main            d.u.i.k.p.i.AbstractProblemLoader Creating init config 
232150     DEBUG main            d.u.i.k.p.i.AbstractProblemLoader Init config took 2.86s 
232166     INFO  main            d.u.i.k.p.i.AbstractProblemLoader Replaying proof mod2.key.proof 
232169     DEBUG main            d.u.i.k.p.i.IntermediateProofReplayer Proof replay took 1.72ms 
232170     DEBUG main            d.u.i.k.p.r.p.TestFile    ... success: reloaded. 
232171     INFO  main            d.u.i.k.p.r.p.TestFile    Now processing file /home/runner/work/key/key/key.core/../key.ui/examples/standard_key/arith/mod7.key 
232171     INFO  main            d.u.i.k.p.i.AbstractProblemLoader Loading environment from /home/runner/work/key/key/key.core/../key.ui/examples/standard_key/arith/mod7.key 
232171     DEBUG main            d.u.i.k.p.i.AbstractProblemLoader Environment load took 118.8ns 
232173     INFO  main            d.u.i.k.p.i.AbstractProblemLoader Creating init config 
235085     DEBUG main            d.u.i.k.p.i.AbstractProblemLoader Init config took 2.91s 
235102     INFO  main            d.u.i.k.p.i.AbstractProblemLoader Replaying proof mod7.key 
235104     DEBUG main            d.u.i.k.p.i.IntermediateProofReplayer Proof replay took 7.6ns 
235207     INFO  main            d.u.i.k.p.r.p.TestFile    ... finished proof: closed. 
235505     INFO  main            d.u.i.k.p.i.AbstractProblemLoader Loading environment from /home/runner/work/key/key/key.core/../key.ui/examples/standard_key/arith/mod7.key.proof 
235505     DEBUG main            d.u.i.k.p.i.AbstractProblemLoader Environment load took 114.1ns 
235507     INFO  main            d.u.i.k.p.i.AbstractProblemLoader Creating init config 
238414     DEBUG main            d.u.i.k.p.i.AbstractProblemLoader Init config took 2.91s 
238431     INFO  main            d.u.i.k.p.i.AbstractProblemLoader Replaying proof mod7.key.proof 
238439     DEBUG main            d.u.i.k.p.i.IntermediateProofReplayer Proof replay took 5.36ms 
238440     DEBUG main            d.u.i.k.p.r.p.TestFile    ... success: reloaded. 
238440     INFO  main            d.u.i.k.p.r.p.TestFile    Now processing file /home/runner/work/key/key/key.core/../key.ui/examples/standard_key/arith/overflow_hija.key 
238440     INFO  main            d.u.i.k.p.i.AbstractProblemLoader Loading environment from /home/runner/work/key/key/key.core/../key.ui/examples/standard_key/arith/overflow_hija.key 
238441     DEBUG main            d.u.i.k.p.i.AbstractProblemLoader Environment load took 104.2ns 
238443     INFO  main            d.u.i.k.p.i.AbstractProblemLoader Creating init config 
241456     DEBUG main            d.u.i.k.p.i.AbstractProblemLoader Init config took 3.01s 
241477     INFO  main            d.u.i.k.p.i.AbstractProblemLoader Replaying proof overflow_hija.key 
241478     DEBUG main            d.u.i.k.p.i.IntermediateProofReplayer Proof replay took 7.9ns 
247313     INFO  main            d.u.i.k.p.r.p.TestFile    ... finished proof: closed. 
247696     INFO  main            d.u.i.k.p.i.AbstractProblemLoader Loading environment from /home/runner/work/key/key/key.core/../key.ui/examples/standard_key/arith/overflow_hija.key.proof 
247697     DEBUG main            d.u.i.k.p.i.AbstractProblemLoader Environment load took 470.6ns 
247699     INFO  main            d.u.i.k.p.i.AbstractProblemLoader Creating init config 
250597     DEBUG main            d.u.i.k.p.i.AbstractProblemLoader Init config took 2.9s 
250620     INFO  main            d.u.i.k.p.i.AbstractProblemLoader Replaying proof overflow_hija.key.proof 
250831     DEBUG main            d.u.i.k.p.i.IntermediateProofReplayer Proof replay took 196.99ms 
250834     DEBUG main            d.u.i.k.p.r.p.TestFile    ... success: reloaded. 
250835     INFO  main            d.u.i.k.p.r.p.TestFile    Now processing file /home/runner/work/key/key/key.core/../key.ui/examples/standard_key/arith/poly_division0.key 
250835     INFO  main            d.u.i.k.p.i.AbstractProblemLoader Loading environment from /home/runner/work/key/key/key.core/../key.ui/examples/standard_key/arith/poly_division0.key 
250836     DEBUG main            d.u.i.k.p.i.AbstractProblemLoader Environment load took 249.2ns 
250837     INFO  main            d.u.i.k.p.i.AbstractProblemLoader Creating init config 
253771     DEBUG main            d.u.i.k.p.i.AbstractProblemLoader Init config took 2.93s 
253788     INFO  main            d.u.i.k.p.i.AbstractProblemLoader Replaying proof poly_division0.key 
253789     DEBUG main            d.u.i.k.p.i.IntermediateProofReplayer Proof replay took 7ns 
253896     INFO  main            d.u.i.k.p.r.p.TestFile    ... finished proof: closed. 
254295     INFO  main            d.u.i.k.p.i.AbstractProblemLoader Loading environment from /home/runner/work/key/key/key.core/../key.ui/examples/standard_key/arith/poly_division0.key.proof 
254295     DEBUG main            d.u.i.k.p.i.AbstractProblemLoader Environment load took 135.3ns 
254296     INFO  main            d.u.i.k.p.i.AbstractProblemLoader Creating init config 
257207     DEBUG main            d.u.i.k.p.i.AbstractProblemLoader Init config took 2.91s 
257223     INFO  main            d.u.i.k.p.i.AbstractProblemLoader Replaying proof poly_division0.key.proof 
257231     DEBUG main            d.u.i.k.p.i.IntermediateProofReplayer Proof replay took 4.83ms 
257232     DEBUG main            d.u.i.k.p.r.p.TestFile    ... success: reloaded. 
257233     INFO  main            d.u.i.k.p.r.p.TestFile    Now processing file /home/runner/work/key/key/key.core/../key.ui/examples/standard_key/arith/poly_division1.key 
257233     INFO  main            d.u.i.k.p.i.AbstractProblemLoader Loading environment from /home/runner/work/key/key/key.core/../key.ui/examples/standard_key/arith/poly_division1.key 
257233     DEBUG main            d.u.i.k.p.i.AbstractProblemLoader Environment load took 98ns 
257234     INFO  main            d.u.i.k.p.i.AbstractProblemLoader Creating init config 
260188     DEBUG main            d.u.i.k.p.i.AbstractProblemLoader Init config took 2.95s 
260204     INFO  main            d.u.i.k.p.i.AbstractProblemLoader Replaying proof poly_division1.key 
260206     DEBUG main            d.u.i.k.p.i.IntermediateProofReplayer Proof replay took 7.3ns 
260308     INFO  main            d.u.i.k.p.r.p.TestFile    ... finished proof: closed. 
260648     INFO  main            d.u.i.k.p.i.AbstractProblemLoader Loading environment from /home/runner/work/key/key/key.core/../key.ui/examples/standard_key/arith/poly_division1.key.proof 
260648     DEBUG main            d.u.i.k.p.i.AbstractProblemLoader Environment load took 118.5ns 
260649     INFO  main            d.u.i.k.p.i.AbstractProblemLoader Creating init config 
263517     DEBUG main            d.u.i.k.p.i.AbstractProblemLoader Init config took 2.87s 
263533     INFO  main            d.u.i.k.p.i.AbstractProblemLoader Replaying proof poly_division1.key.proof 
263546     DEBUG main            d.u.i.k.p.i.IntermediateProofReplayer Proof replay took 4.86ms 
263547     DEBUG main            d.u.i.k.p.r.p.TestFile    ... success: reloaded. 
263548     INFO  main            d.u.i.k.p.r.p.TestFile    Now processing file /home/runner/work/key/key/key.core/../key.ui/examples/standard_key/inEqSimp/division.key 
263548     INFO  main            d.u.i.k.p.i.AbstractProblemLoader Loading environment from /home/runner/work/key/key/key.core/../key.ui/examples/standard_key/inEqSimp/division.key 
263548     DEBUG main            d.u.i.k.p.i.AbstractProblemLoader Environment load took 183.7ns 
263550     INFO  main            d.u.i.k.p.i.AbstractProblemLoader Creating init config 
266464     DEBUG main            d.u.i.k.p.i.AbstractProblemLoader Init config took 2.91s 
266480     INFO  main            d.u.i.k.p.i.AbstractProblemLoader Replaying proof division.key 
266483     DEBUG main            d.u.i.k.p.i.IntermediateProofReplayer Proof replay took 10.6ns 
269016     INFO  main            d.u.i.k.p.r.p.TestFile    ... finished proof: closed. 
269370     INFO  main            d.u.i.k.p.i.AbstractProblemLoader Loading environment from /home/runner/work/key/key/key.core/../key.ui/examples/standard_key/inEqSimp/division.key.proof 
269370     DEBUG main            d.u.i.k.p.i.AbstractProblemLoader Environment load took 526.8ns 
269372     INFO  main            d.u.i.k.p.i.AbstractProblemLoader Creating init config 
272255     DEBUG main            d.u.i.k.p.i.AbstractProblemLoader Init config took 2.88s 
272273     INFO  main            d.u.i.k.p.i.AbstractProblemLoader Replaying proof division.key.proof 
272374     DEBUG main            d.u.i.k.p.i.IntermediateProofReplayer Proof replay took 92.03ms 
272376     DEBUG main            d.u.i.k.p.r.p.TestFile    ... success: reloaded. 
272377     INFO  main            d.u.i.k.p.r.p.TestFile    Now processing file /home/runner/work/key/key/key.core/../key.ui/examples/standard_key/inEqSimp/inequations0.key 
272378     INFO  main            d.u.i.k.p.i.AbstractProblemLoader Loading environment from /home/runner/work/key/key/key.core/../key.ui/examples/standard_key/inEqSimp/inequations0.key 
272378     DEBUG main            d.u.i.k.p.i.AbstractProblemLoader Environment load took 198.2ns 
272379     INFO  main            d.u.i.k.p.i.AbstractProblemLoader Creating init config 
275279     DEBUG main            d.u.i.k.p.i.AbstractProblemLoader Init config took 2.9s 
275295     INFO  main            d.u.i.k.p.i.AbstractProblemLoader Replaying proof inequations0.key 
275296     DEBUG main            d.u.i.k.p.i.IntermediateProofReplayer Proof replay took 43.4ns 
275399     INFO  main            d.u.i.k.p.r.p.TestFile    ... finished proof: closed. 
275779     INFO  main            d.u.i.k.p.i.AbstractProblemLoader Loading environment from /home/runner/work/key/key/key.core/../key.ui/examples/standard_key/inEqSimp/inequations0.key.proof 
275779     DEBUG main            d.u.i.k.p.i.AbstractProblemLoader Environment load took 129ns 
275781     INFO  main            d.u.i.k.p.i.AbstractProblemLoader Creating init config 
278648     DEBUG main            d.u.i.k.p.i.AbstractProblemLoader Init config took 2.87s 
278664     INFO  main            d.u.i.k.p.i.AbstractProblemLoader Replaying proof inequations0.key.proof 
278668     DEBUG main            d.u.i.k.p.i.IntermediateProofReplayer Proof replay took 2.27ms 
278669     DEBUG main            d.u.i.k.p.r.p.TestFile    ... success: reloaded. 
278670     INFO  main            d.u.i.k.p.r.p.TestFile    Now processing file /home/runner/work/key/key/key.core/../key.ui/examples/standard_key/inEqSimp/inequations1.key 
278672     INFO  main            d.u.i.k.p.i.AbstractProblemLoader Loading environment from /home/runner/work/key/key/key.core/../key.ui/examples/standard_key/inEqSimp/inequations1.key 
278674     DEBUG main            d.u.i.k.p.i.AbstractProblemLoader Environment load took 1.47ms 
278676     INFO  main            d.u.i.k.p.i.AbstractProblemLoader Creating init config 
281647     DEBUG main            d.u.i.k.p.i.AbstractProblemLoader Init config took 2.97s 
281665     INFO  main            d.u.i.k.p.i.AbstractProblemLoader Replaying proof inequations1.key 
281667     DEBUG main            d.u.i.k.p.i.IntermediateProofReplayer Proof replay took 3.2ns 
281774     INFO  main            d.u.i.k.p.r.p.TestFile    ... finished proof: closed. 
282131     INFO  main            d.u.i.k.p.i.AbstractProblemLoader Loading environment from /home/runner/work/key/key/key.core/../key.ui/examples/standard_key/inEqSimp/inequations1.key.proof 
282131     DEBUG main            d.u.i.k.p.i.AbstractProblemLoader Environment load took 105.4ns 
282132     INFO  main            d.u.i.k.p.i.AbstractProblemLoader Creating init config 
285125     DEBUG main            d.u.i.k.p.i.AbstractProblemLoader Init config took 2.99s 
285141     INFO  main            d.u.i.k.p.i.AbstractProblemLoader Replaying proof inequations1.key.proof 
285144     DEBUG main            d.u.i.k.p.i.IntermediateProofReplayer Proof replay took 1.36ms 
285145     DEBUG main            d.u.i.k.p.r.p.TestFile    ... success: reloaded. 
285146     INFO  main            d.u.i.k.p.r.p.TestFile    Now processing file /home/runner/work/key/key/key.core/../key.ui/examples/standard_key/inEqSimp/inequations2.key 
285146     INFO  main            d.u.i.k.p.i.AbstractProblemLoader Loading environment from /home/runner/work/key/key/key.core/../key.ui/examples/standard_key/inEqSimp/inequations2.key 
285146     DEBUG main            d.u.i.k.p.i.AbstractProblemLoader Environment load took 64.8ns 
285147     INFO  main            d.u.i.k.p.i.AbstractProblemLoader Creating init config 
288197     DEBUG main            d.u.i.k.p.i.AbstractProblemLoader Init config took 3.05s 
288215     INFO  main            d.u.i.k.p.i.AbstractProblemLoader Replaying proof inequations2.key 
288217     DEBUG main            d.u.i.k.p.i.IntermediateProofReplayer Proof replay took 3.6ns 
288320     INFO  main            d.u.i.k.p.r.p.TestFile    ... finished proof: closed. 
288678     INFO  main            d.u.i.k.p.i.AbstractProblemLoader Loading environment from /home/runner/work/key/key/key.core/../key.ui/examples/standard_key/inEqSimp/inequations2.key.proof 
288678     DEBUG main            d.u.i.k.p.i.AbstractProblemLoader Environment load took 103.2ns 
288680     INFO  main            d.u.i.k.p.i.AbstractProblemLoader Creating init config 
291554     DEBUG main            d.u.i.k.p.i.AbstractProblemLoader Init config took 2.87s 
291572     INFO  main            d.u.i.k.p.i.AbstractProblemLoader Replaying proof inequations2.key.proof 
291575     DEBUG main            d.u.i.k.p.i.IntermediateProofReplayer Proof replay took 1.66ms 
291576     DEBUG main            d.u.i.k.p.r.p.TestFile    ... success: reloaded. 
291577     INFO  main            d.u.i.k.p.r.p.TestFile    Now processing file /home/runner/work/key/key/key.core/../key.ui/examples/standard_key/inEqSimp/linApprox.key 
291577     INFO  main            d.u.i.k.p.i.AbstractProblemLoader Loading environment from /home/runner/work/key/key/key.core/../key.ui/examples/standard_key/inEqSimp/linApprox.key 
291578     DEBUG main            d.u.i.k.p.i.AbstractProblemLoader Environment load took 180.7ns 
291579     INFO  main            d.u.i.k.p.i.AbstractProblemLoader Creating init config 
294519     DEBUG main            d.u.i.k.p.i.AbstractProblemLoader Init config took 2.94s 
294537     INFO  main            d.u.i.k.p.i.AbstractProblemLoader Replaying proof linApprox.key 
294539     DEBUG main            d.u.i.k.p.i.IntermediateProofReplayer Proof replay took 3.6ns 
294641     INFO  main            d.u.i.k.p.r.p.TestFile    ... finished proof: closed. 
295007     INFO  main            d.u.i.k.p.i.AbstractProblemLoader Loading environment from /home/runner/work/key/key/key.core/../key.ui/examples/standard_key/inEqSimp/linApprox.key.proof 
295007     DEBUG main            d.u.i.k.p.i.AbstractProblemLoader Environment load took 125.6ns 
295008     INFO  main            d.u.i.k.p.i.AbstractProblemLoader Creating init config 
297913     DEBUG main            d.u.i.k.p.i.AbstractProblemLoader Init config took 2.9s 
297929     INFO  main            d.u.i.k.p.i.AbstractProblemLoader Replaying proof linApprox.key.proof 
297934     DEBUG main            d.u.i.k.p.i.IntermediateProofReplayer Proof replay took 2.4ms 
297936     DEBUG main            d.u.i.k.p.r.p.TestFile    ... success: reloaded. 
297937     INFO  main            d.u.i.k.p.r.p.TestFile    Now processing file /home/runner/work/key/key/key.core/../key.ui/examples/standard_key/inEqSimp/nonLinInEqExample0.key 
297937     INFO  main            d.u.i.k.p.i.AbstractProblemLoader Loading environment from /home/runner/work/key/key/key.core/../key.ui/examples/standard_key/inEqSimp/nonLinInEqExample0.key 
297937     DEBUG main            d.u.i.k.p.i.AbstractProblemLoader Environment load took 117.1ns 
297939     INFO  main            d.u.i.k.p.i.AbstractProblemLoader Creating init config 
300997     DEBUG main            d.u.i.k.p.i.AbstractProblemLoader Init config took 3.06s 
301015     INFO  main            d.u.i.k.p.i.AbstractProblemLoader Replaying proof nonLinInEqExample0.key 
301017     DEBUG main            d.u.i.k.p.i.IntermediateProofReplayer Proof replay took 4ns 
301119     INFO  main            d.u.i.k.p.r.p.TestFile    ... finished proof: closed. 
301500     INFO  main            d.u.i.k.p.i.AbstractProblemLoader Loading environment from /home/runner/work/key/key/key.core/../key.ui/examples/standard_key/inEqSimp/nonLinInEqExample0.key.proof 
301500     DEBUG main            d.u.i.k.p.i.AbstractProblemLoader Environment load took 104.3ns 
301502     INFO  main            d.u.i.k.p.i.AbstractProblemLoader Creating init config 
304403     DEBUG main            d.u.i.k.p.i.AbstractProblemLoader Init config took 2.9s 
304419     INFO  main            d.u.i.k.p.i.AbstractProblemLoader Replaying proof nonLinInEqExample0.key.proof 
304421     DEBUG main            d.u.i.k.p.i.IntermediateProofReplayer Proof replay took 808.5ns 
304422     DEBUG main            d.u.i.k.p.r.p.TestFile    ... success: reloaded. 
304423     INFO  main            d.u.i.k.p.r.p.TestFile    Now processing file /home/runner/work/key/key/key.core/../key.ui/examples/standard_key/inEqSimp/nonLinInEqExample2.key 
304423     INFO  main            d.u.i.k.p.i.AbstractProblemLoader Loading environment from /home/runner/work/key/key/key.core/../key.ui/examples/standard_key/inEqSimp/nonLinInEqExample2.key 
304423     DEBUG main            d.u.i.k.p.i.AbstractProblemLoader Environment load took 114.3ns 
304425     INFO  main            d.u.i.k.p.i.AbstractProblemLoader Creating init config 
307455     DEBUG main            d.u.i.k.p.i.AbstractProblemLoader Init config took 3.03s 
307472     INFO  main            d.u.i.k.p.i.AbstractProblemLoader Replaying proof nonLinInEqExample2.key 
307474     DEBUG main            d.u.i.k.p.i.IntermediateProofReplayer Proof replay took 4ns 
307877     INFO  main            d.u.i.k.p.r.p.TestFile    ... finished proof: closed. 
308271     INFO  main            d.u.i.k.p.i.AbstractProblemLoader Loading environment from /home/runner/work/key/key/key.core/../key.ui/examples/standard_key/inEqSimp/nonLinInEqExample2.key.proof 
308272     DEBUG main            d.u.i.k.p.i.AbstractProblemLoader Environment load took 427.4ns 
308274     INFO  main            d.u.i.k.p.i.AbstractProblemLoader Creating init config 
311154     DEBUG main            d.u.i.k.p.i.AbstractProblemLoader Init config took 2.88s 
311169     INFO  main            d.u.i.k.p.i.AbstractProblemLoader Replaying proof nonLinInEqExample2.key.proof 
311202     DEBUG main            d.u.i.k.p.i.IntermediateProofReplayer Proof replay took 28.34ms 
311203     DEBUG main            d.u.i.k.p.r.p.TestFile    ... success: reloaded. 
311204     INFO  main            d.u.i.k.p.r.p.TestFile    Now processing file /home/runner/work/key/key/key.core/../key.ui/examples/standard_key/inEqSimp/nonLinInEqExample3.key 
311204     INFO  main            d.u.i.k.p.i.AbstractProblemLoader Loading environment from /home/runner/work/key/key/key.core/../key.ui/examples/standard_key/inEqSimp/nonLinInEqExample3.key 
311204     DEBUG main            d.u.i.k.p.i.AbstractProblemLoader Environment load took 121.9ns 
311205     INFO  main            d.u.i.k.p.i.AbstractProblemLoader Creating init config 
314231     DEBUG main            d.u.i.k.p.i.AbstractProblemLoader Init config took 3.03s 
314246     INFO  main            d.u.i.k.p.i.AbstractProblemLoader Replaying proof nonLinInEqExample3.key 
314248     DEBUG main            d.u.i.k.p.i.IntermediateProofReplayer Proof replay took 3.6ns 
314551     INFO  main            d.u.i.k.p.r.p.TestFile    ... finished proof: closed. 
314975     INFO  main            d.u.i.k.p.i.AbstractProblemLoader Loading environment from /home/runner/work/key/key/key.core/../key.ui/examples/standard_key/inEqSimp/nonLinInEqExample3.key.proof 
314976     DEBUG main            d.u.i.k.p.i.AbstractProblemLoader Environment load took 124.3ns 
314977     INFO  main            d.u.i.k.p.i.AbstractProblemLoader Creating init config 
317895     DEBUG main            d.u.i.k.p.i.AbstractProblemLoader Init config took 2.92s 
317912     INFO  main            d.u.i.k.p.i.AbstractProblemLoader Replaying proof nonLinInEqExample3.key.proof 
317931     DEBUG main            d.u.i.k.p.i.IntermediateProofReplayer Proof replay took 17ms 
317933     DEBUG main            d.u.i.k.p.r.p.TestFile    ... success: reloaded. 
317934     INFO  main            d.u.i.k.p.r.p.TestFile    Now processing file /home/runner/work/key/key/key.core/../key.ui/examples/standard_key/inEqSimp/nonLinInEqExample4.key 
317934     INFO  main            d.u.i.k.p.i.AbstractProblemLoader Loading environment from /home/runner/work/key/key/key.core/../key.ui/examples/standard_key/inEqSimp/nonLinInEqExample4.key 
317934     DEBUG main            d.u.i.k.p.i.AbstractProblemLoader Environment load took 110.5ns 
317935     INFO  main            d.u.i.k.p.i.AbstractProblemLoader Creating init config 
320938     DEBUG main            d.u.i.k.p.i.AbstractProblemLoader Init config took 3s 
320954     INFO  main            d.u.i.k.p.i.AbstractProblemLoader Replaying proof nonLinInEqExample4.key 
320956     DEBUG main            d.u.i.k.p.i.IntermediateProofReplayer Proof replay took 3.3ns 
321060     INFO  main            d.u.i.k.p.r.p.TestFile    ... finished proof: closed. 
321468     INFO  main            d.u.i.k.p.i.AbstractProblemLoader Loading environment from /home/runner/work/key/key/key.core/../key.ui/examples/standard_key/inEqSimp/nonLinInEqExample4.key.proof 
321468     DEBUG main            d.u.i.k.p.i.AbstractProblemLoader Environment load took 102.3ns 
321469     INFO  main            d.u.i.k.p.i.AbstractProblemLoader Creating init config 
324420     DEBUG main            d.u.i.k.p.i.AbstractProblemLoader Init config took 2.95s 
324436     INFO  main            d.u.i.k.p.i.AbstractProblemLoader Replaying proof nonLinInEqExample4.key.proof 
324446     DEBUG main            d.u.i.k.p.i.IntermediateProofReplayer Proof replay took 4.31ms 
324447     DEBUG main            d.u.i.k.p.r.p.TestFile    ... success: reloaded. 
324448     INFO  main            d.u.i.k.p.r.p.TestFile    Now processing file /home/runner/work/key/key/key.core/../key.ui/examples/standard_key/inEqSimp/quadraticInEq.key 
324448     INFO  main            d.u.i.k.p.i.AbstractProblemLoader Loading environment from /home/runner/work/key/key/key.core/../key.ui/examples/standard_key/inEqSimp/quadraticInEq.key 
324448     DEBUG main            d.u.i.k.p.i.AbstractProblemLoader Environment load took 135.3ns 
324450     INFO  main            d.u.i.k.p.i.AbstractProblemLoader Creating init config 
327321     DEBUG main            d.u.i.k.p.i.AbstractProblemLoader Init config took 2.87s 
327337     INFO  main            d.u.i.k.p.i.AbstractProblemLoader Replaying proof quadraticInEq.key 
327339     DEBUG main            d.u.i.k.p.i.IntermediateProofReplayer Proof replay took 3.8ns 
327844     INFO  main            d.u.i.k.p.r.p.TestFile    ... finished proof: closed. 
328258     INFO  main            d.u.i.k.p.i.AbstractProblemLoader Loading environment from /home/runner/work/key/key/key.core/../key.ui/examples/standard_key/inEqSimp/quadraticInEq.key.proof 
328258     DEBUG main            d.u.i.k.p.i.AbstractProblemLoader Environment load took 557ns 
328260     INFO  main            d.u.i.k.p.i.AbstractProblemLoader Creating init config 
331203     DEBUG main            d.u.i.k.p.i.AbstractProblemLoader Init config took 2.94s 
331221     INFO  main            d.u.i.k.p.i.AbstractProblemLoader Replaying proof quadraticInEq.key.proof 
331271     DEBUG main            d.u.i.k.p.i.IntermediateProofReplayer Proof replay took 44.02ms 
331273     DEBUG main            d.u.i.k.p.r.p.TestFile    ... success: reloaded. 
331274     INFO  main            d.u.i.k.p.r.p.TestFile    Now processing file /home/runner/work/key/key/key.core/../key.ui/examples/standard_key/inEqSimp/quadraticInEq10.key 
331274     INFO  main            d.u.i.k.p.i.AbstractProblemLoader Loading environment from /home/runner/work/key/key/key.core/../key.ui/examples/standard_key/inEqSimp/quadraticInEq10.key 
331274     DEBUG main            d.u.i.k.p.i.AbstractProblemLoader Environment load took 119.2ns 
331276     INFO  main            d.u.i.k.p.i.AbstractProblemLoader Creating init config 
334287     DEBUG main            d.u.i.k.p.i.AbstractProblemLoader Init config took 3.01s 
334303     INFO  main            d.u.i.k.p.i.AbstractProblemLoader Replaying proof quadraticInEq10.key 
334306     DEBUG main            d.u.i.k.p.i.IntermediateProofReplayer Proof replay took 3.1ns 
334509     INFO  main            d.u.i.k.p.r.p.TestFile    ... finished proof: closed. 
334946     INFO  main            d.u.i.k.p.i.AbstractProblemLoader Loading environment from /home/runner/work/key/key/key.core/../key.ui/examples/standard_key/inEqSimp/quadraticInEq10.key.proof 
334947     DEBUG main            d.u.i.k.p.i.AbstractProblemLoader Environment load took 156.7ns 
334948     INFO  main            d.u.i.k.p.i.AbstractProblemLoader Creating init config 
337909     DEBUG main            d.u.i.k.p.i.AbstractProblemLoader Init config took 2.96s 
337925     INFO  main            d.u.i.k.p.i.AbstractProblemLoader Replaying proof quadraticInEq10.key.proof 
337940     DEBUG main            d.u.i.k.p.i.IntermediateProofReplayer Proof replay took 12.25ms 
337942     DEBUG main            d.u.i.k.p.r.p.TestFile    ... success: reloaded. 
337943     INFO  main            d.u.i.k.p.r.p.TestFile    Now processing file /home/runner/work/key/key/key.core/../key.ui/examples/standard_key/inEqSimp/quadraticInEq13.key 
337943     INFO  main            d.u.i.k.p.i.AbstractProblemLoader Loading environment from /home/runner/work/key/key/key.core/../key.ui/examples/standard_key/inEqSimp/quadraticInEq13.key 
337943     DEBUG main            d.u.i.k.p.i.AbstractProblemLoader Environment load took 60.9ns 
337944     INFO  main            d.u.i.k.p.i.AbstractProblemLoader Creating init config 
340955     DEBUG main            d.u.i.k.p.i.AbstractProblemLoader Init config took 3.01s 
340972     INFO  main            d.u.i.k.p.i.AbstractProblemLoader Replaying proof quadraticInEq13.key 
340974     DEBUG main            d.u.i.k.p.i.IntermediateProofReplayer Proof replay took 3.5ns 
341280     INFO  main            d.u.i.k.p.r.p.TestFile    ... finished proof: closed. 
341699     INFO  main            d.u.i.k.p.i.AbstractProblemLoader Loading environment from /home/runner/work/key/key/key.core/../key.ui/examples/standard_key/inEqSimp/quadraticInEq13.key.proof 
341699     DEBUG main            d.u.i.k.p.i.AbstractProblemLoader Environment load took 97.2ns 
341700     INFO  main            d.u.i.k.p.i.AbstractProblemLoader Creating init config 
344708     DEBUG main            d.u.i.k.p.i.AbstractProblemLoader Init config took 3.01s 
344723     INFO  main            d.u.i.k.p.i.AbstractProblemLoader Replaying proof quadraticInEq13.key.proof 
344740     DEBUG main            d.u.i.k.p.i.IntermediateProofReplayer Proof replay took 14ms 
344741     DEBUG main            d.u.i.k.p.r.p.TestFile    ... success: reloaded. 
344742     INFO  main            d.u.i.k.p.r.p.TestFile    Now processing file /home/runner/work/key/key/key.core/../key.ui/examples/standard_key/inEqSimp/quadraticInEq14.key 
344743     INFO  main            d.u.i.k.p.i.AbstractProblemLoader Loading environment from /home/runner/work/key/key/key.core/../key.ui/examples/standard_key/inEqSimp/quadraticInEq14.key 
344743     DEBUG main            d.u.i.k.p.i.AbstractProblemLoader Environment load took 65.6ns 
344744     INFO  main            d.u.i.k.p.i.AbstractProblemLoader Creating init config 
347720     DEBUG main            d.u.i.k.p.i.AbstractProblemLoader Init config took 2.98s 
347736     INFO  main            d.u.i.k.p.i.AbstractProblemLoader Replaying proof quadraticInEq14.key 
347740     DEBUG main            d.u.i.k.p.i.IntermediateProofReplayer Proof replay took 4.2ns 
348157     INFO  main            d.u.i.k.p.r.p.TestFile    ... finished proof: closed. 
348600     INFO  main            d.u.i.k.p.i.AbstractProblemLoader Loading environment from /home/runner/work/key/key/key.core/../key.ui/examples/standard_key/inEqSimp/quadraticInEq14.key.proof 
348601     DEBUG main            d.u.i.k.p.i.AbstractProblemLoader Environment load took 109.2ns 
348602     INFO  main            d.u.i.k.p.i.AbstractProblemLoader Creating init config 
351583     DEBUG main            d.u.i.k.p.i.AbstractProblemLoader Init config took 2.98s 
351601     INFO  main            d.u.i.k.p.i.AbstractProblemLoader Replaying proof quadraticInEq14.key.proof 
351632     DEBUG main            d.u.i.k.p.i.IntermediateProofReplayer Proof replay took 26.97ms 
351633     DEBUG main            d.u.i.k.p.r.p.TestFile    ... success: reloaded. 
351634     INFO  main            d.u.i.k.p.r.p.TestFile    Now processing file /home/runner/work/key/key/key.core/../key.ui/examples/standard_key/inEqSimp/quadraticInEq2.key 
351634     INFO  main            d.u.i.k.p.i.AbstractProblemLoader Loading environment from /home/runner/work/key/key/key.core/../key.ui/examples/standard_key/inEqSimp/quadraticInEq2.key 
351634     DEBUG main            d.u.i.k.p.i.AbstractProblemLoader Environment load took 160.4ns 
351636     INFO  main            d.u.i.k.p.i.AbstractProblemLoader Creating init config 
354658     DEBUG main            d.u.i.k.p.i.AbstractProblemLoader Init config took 3.02s 
354674     INFO  main            d.u.i.k.p.i.AbstractProblemLoader Replaying proof quadraticInEq2.key 
354676     DEBUG main            d.u.i.k.p.i.IntermediateProofReplayer Proof replay took 3.6ns 
354780     INFO  main            d.u.i.k.p.r.p.TestFile    ... finished proof: closed. 
355224     INFO  main            d.u.i.k.p.i.AbstractProblemLoader Loading environment from /home/runner/work/key/key/key.core/../key.ui/examples/standard_key/inEqSimp/quadraticInEq2.key.proof 
355224     DEBUG main            d.u.i.k.p.i.AbstractProblemLoader Environment load took 107.6ns 
355225     INFO  main            d.u.i.k.p.i.AbstractProblemLoader Creating init config 
358245     DEBUG main            d.u.i.k.p.i.AbstractProblemLoader Init config took 3.02s 
358261     INFO  main            d.u.i.k.p.i.AbstractProblemLoader Replaying proof quadraticInEq2.key.proof 
358265     DEBUG main            d.u.i.k.p.i.IntermediateProofReplayer Proof replay took 2.42ms 
358266     DEBUG main            d.u.i.k.p.r.p.TestFile    ... success: reloaded. 
358267     INFO  main            d.u.i.k.p.r.p.TestFile    Now processing file /home/runner/work/key/key/key.core/../key.ui/examples/standard_key/inEqSimp/quadraticInEq3.key 
358268     INFO  main            d.u.i.k.p.i.AbstractProblemLoader Loading environment from /home/runner/work/key/key/key.core/../key.ui/examples/standard_key/inEqSimp/quadraticInEq3.key 
358268     DEBUG main            d.u.i.k.p.i.AbstractProblemLoader Environment load took 100.8ns 
358269     INFO  main            d.u.i.k.p.i.AbstractProblemLoader Creating init config 
361273     DEBUG main            d.u.i.k.p.i.AbstractProblemLoader Init config took 3s 
361289     INFO  main            d.u.i.k.p.i.AbstractProblemLoader Replaying proof quadraticInEq3.key 
361291     DEBUG main            d.u.i.k.p.i.IntermediateProofReplayer Proof replay took 3.3ns 
361393     INFO  main            d.u.i.k.p.r.p.TestFile    ... finished proof: closed. 
361840     INFO  main            d.u.i.k.p.i.AbstractProblemLoader Loading environment from /home/runner/work/key/key/key.core/../key.ui/examples/standard_key/inEqSimp/quadraticInEq3.key.proof 
361840     DEBUG main            d.u.i.k.p.i.AbstractProblemLoader Environment load took 158.6ns 
361841     INFO  main            d.u.i.k.p.i.AbstractProblemLoader Creating init config 
364807     DEBUG main            d.u.i.k.p.i.AbstractProblemLoader Init config took 2.97s 
364823     INFO  main            d.u.i.k.p.i.AbstractProblemLoader Replaying proof quadraticInEq3.key.proof 
364832     DEBUG main            d.u.i.k.p.i.IntermediateProofReplayer Proof replay took 7.01ms 
364833     DEBUG main            d.u.i.k.p.r.p.TestFile    ... success: reloaded. 
364834     INFO  main            d.u.i.k.p.r.p.TestFile    Now processing file /home/runner/work/key/key/key.core/../key.ui/examples/standard_key/inEqSimp/quadraticInEq4.key 
364834     INFO  main            d.u.i.k.p.i.AbstractProblemLoader Loading environment from /home/runner/work/key/key/key.core/../key.ui/examples/standard_key/inEqSimp/quadraticInEq4.key 
364834     DEBUG main            d.u.i.k.p.i.AbstractProblemLoader Environment load took 140.2ns 
364835     INFO  main            d.u.i.k.p.i.AbstractProblemLoader Creating init config 
367898     DEBUG main            d.u.i.k.p.i.AbstractProblemLoader Init config took 3.06s 
367917     INFO  main            d.u.i.k.p.i.AbstractProblemLoader Replaying proof quadraticInEq4.key 
367919     DEBUG main            d.u.i.k.p.i.IntermediateProofReplayer Proof replay took 3.1ns 
368021     INFO  main            d.u.i.k.p.r.p.TestFile    ... finished proof: closed. 
368476     INFO  main            d.u.i.k.p.i.AbstractProblemLoader Loading environment from /home/runner/work/key/key/key.core/../key.ui/examples/standard_key/inEqSimp/quadraticInEq4.key.proof 
368476     DEBUG main            d.u.i.k.p.i.AbstractProblemLoader Environment load took 105.8ns 
368478     INFO  main            d.u.i.k.p.i.AbstractProblemLoader Creating init config 
371431     DEBUG main            d.u.i.k.p.i.AbstractProblemLoader Init config took 2.95s 
371448     INFO  main            d.u.i.k.p.i.AbstractProblemLoader Replaying proof quadraticInEq4.key.proof 
371454     DEBUG main            d.u.i.k.p.i.IntermediateProofReplayer Proof replay took 4.11ms 
371455     DEBUG main            d.u.i.k.p.r.p.TestFile    ... success: reloaded. 
371456     INFO  main            d.u.i.k.p.r.p.TestFile    Now processing file /home/runner/work/key/key/key.core/../key.ui/examples/standard_key/inEqSimp/quadraticInEq5.key 
371456     INFO  main            d.u.i.k.p.i.AbstractProblemLoader Loading environment from /home/runner/work/key/key/key.core/../key.ui/examples/standard_key/inEqSimp/quadraticInEq5.key 
371456     DEBUG main            d.u.i.k.p.i.AbstractProblemLoader Environment load took 116.3ns 
371458     INFO  main            d.u.i.k.p.i.AbstractProblemLoader Creating init config 
374459     DEBUG main            d.u.i.k.p.i.AbstractProblemLoader Init config took 3s 
374474     INFO  main            d.u.i.k.p.i.AbstractProblemLoader Replaying proof quadraticInEq5.key 
374476     DEBUG main            d.u.i.k.p.i.IntermediateProofReplayer Proof replay took 3.8ns 
374578     INFO  main            d.u.i.k.p.r.p.TestFile    ... finished proof: closed. 
375052     INFO  main            d.u.i.k.p.i.AbstractProblemLoader Loading environment from /home/runner/work/key/key/key.core/../key.ui/examples/standard_key/inEqSimp/quadraticInEq5.key.proof 
375052     DEBUG main            d.u.i.k.p.i.AbstractProblemLoader Environment load took 102ns 
375053     INFO  main            d.u.i.k.p.i.AbstractProblemLoader Creating init config 
378051     DEBUG main            d.u.i.k.p.i.AbstractProblemLoader Init config took 3s 
378067     INFO  main            d.u.i.k.p.i.AbstractProblemLoader Replaying proof quadraticInEq5.key.proof 
378073     DEBUG main            d.u.i.k.p.i.IntermediateProofReplayer Proof replay took 4.44ms 
378074     DEBUG main            d.u.i.k.p.r.p.TestFile    ... success: reloaded. 
378075     INFO  main            d.u.i.k.p.r.p.TestFile    Now processing file /home/runner/work/key/key/key.core/../key.ui/examples/standard_key/inEqSimp/quadraticInEq6.key 
378075     INFO  main            d.u.i.k.p.i.AbstractProblemLoader Loading environment from /home/runner/work/key/key/key.core/../key.ui/examples/standard_key/inEqSimp/quadraticInEq6.key 
378075     DEBUG main            d.u.i.k.p.i.AbstractProblemLoader Environment load took 159.2ns 
378077     INFO  main            d.u.i.k.p.i.AbstractProblemLoader Creating init config 
381093     DEBUG main            d.u.i.k.p.i.AbstractProblemLoader Init config took 3.02s 
381109     INFO  main            d.u.i.k.p.i.AbstractProblemLoader Replaying proof quadraticInEq6.key 
381112     DEBUG main            d.u.i.k.p.i.IntermediateProofReplayer Proof replay took 3.1ns 
381214     INFO  main            d.u.i.k.p.r.p.TestFile    ... finished proof: closed. 
381677     INFO  main            d.u.i.k.p.i.AbstractProblemLoader Loading environment from /home/runner/work/key/key/key.core/../key.ui/examples/standard_key/inEqSimp/quadraticInEq6.key.proof 
381677     DEBUG main            d.u.i.k.p.i.AbstractProblemLoader Environment load took 106.7ns 
381679     INFO  main            d.u.i.k.p.i.AbstractProblemLoader Creating init config 
384640     DEBUG main            d.u.i.k.p.i.AbstractProblemLoader Init config took 2.96s 
384655     INFO  main            d.u.i.k.p.i.AbstractProblemLoader Replaying proof quadraticInEq6.key.proof 
384662     DEBUG main            d.u.i.k.p.i.IntermediateProofReplayer Proof replay took 4.97ms 
384663     DEBUG main            d.u.i.k.p.r.p.TestFile    ... success: reloaded. 
384664     INFO  main            d.u.i.k.p.r.p.TestFile    Now processing file /home/runner/work/key/key/key.core/../key.ui/examples/standard_key/inEqSimp/quadraticInEq7.key 
384665     INFO  main            d.u.i.k.p.i.AbstractProblemLoader Loading environment from /home/runner/work/key/key/key.core/../key.ui/examples/standard_key/inEqSimp/quadraticInEq7.key 
384665     DEBUG main            d.u.i.k.p.i.AbstractProblemLoader Environment load took 67.1ns 
384666     INFO  main            d.u.i.k.p.i.AbstractProblemLoader Creating init config 
387588     DEBUG main            d.u.i.k.p.i.AbstractProblemLoader Init config took 2.92s 
387604     INFO  main            d.u.i.k.p.i.AbstractProblemLoader Replaying proof quadraticInEq7.key 
387605     DEBUG main            d.u.i.k.p.i.IntermediateProofReplayer Proof replay took 2.9ns 
387708     INFO  main            d.u.i.k.p.r.p.TestFile    ... finished proof: closed. 
388189     INFO  main            d.u.i.k.p.i.AbstractProblemLoader Loading environment from /home/runner/work/key/key/key.core/../key.ui/examples/standard_key/inEqSimp/quadraticInEq7.key.proof 
388189     DEBUG main            d.u.i.k.p.i.AbstractProblemLoader Environment load took 119.5ns 
388190     INFO  main            d.u.i.k.p.i.AbstractProblemLoader Creating init config 
391109     DEBUG main            d.u.i.k.p.i.AbstractProblemLoader Init config took 2.92s 
391125     INFO  main            d.u.i.k.p.i.AbstractProblemLoader Replaying proof quadraticInEq7.key.proof 
391128     DEBUG main            d.u.i.k.p.i.IntermediateProofReplayer Proof replay took 2.08ms 
391129     DEBUG main            d.u.i.k.p.r.p.TestFile    ... success: reloaded. 
391130     INFO  main            d.u.i.k.p.r.p.TestFile    Now processing file /home/runner/work/key/key/key.core/../key.ui/examples/standard_key/inEqSimp/quadraticInEq8.key 
391130     INFO  main            d.u.i.k.p.i.AbstractProblemLoader Loading environment from /home/runner/work/key/key/key.core/../key.ui/examples/standard_key/inEqSimp/quadraticInEq8.key 
391130     DEBUG main            d.u.i.k.p.i.AbstractProblemLoader Environment load took 86.7ns 
391132     INFO  main            d.u.i.k.p.i.AbstractProblemLoader Creating init config 
394118     DEBUG main            d.u.i.k.p.i.AbstractProblemLoader Init config took 2.99s 
394134     INFO  main            d.u.i.k.p.i.AbstractProblemLoader Replaying proof quadraticInEq8.key 
394136     DEBUG main            d.u.i.k.p.i.IntermediateProofReplayer Proof replay took 3.4ns 
394338     INFO  main            d.u.i.k.p.r.p.TestFile    ... finished proof: closed. 
394823     INFO  main            d.u.i.k.p.i.AbstractProblemLoader Loading environment from /home/runner/work/key/key/key.core/../key.ui/examples/standard_key/inEqSimp/quadraticInEq8.key.proof 
394823     DEBUG main            d.u.i.k.p.i.AbstractProblemLoader Environment load took 125.1ns 
394825     INFO  main            d.u.i.k.p.i.AbstractProblemLoader Creating init config 
397725     DEBUG main            d.u.i.k.p.i.AbstractProblemLoader Init config took 2.9s 
397745     INFO  main            d.u.i.k.p.i.AbstractProblemLoader Replaying proof quadraticInEq8.key.proof 
397755     DEBUG main            d.u.i.k.p.i.IntermediateProofReplayer Proof replay took 7.06ms 
397756     DEBUG main            d.u.i.k.p.r.p.TestFile    ... success: reloaded. 
397757     INFO  main            d.u.i.k.p.r.p.TestFile    Now processing file /home/runner/work/key/key/key.core/../key.ui/examples/standard_key/inEqSimp/simplify0.key 
397757     INFO  main            d.u.i.k.p.i.AbstractProblemLoader Loading environment from /home/runner/work/key/key/key.core/../key.ui/examples/standard_key/inEqSimp/simplify0.key 
397757     DEBUG main            d.u.i.k.p.i.AbstractProblemLoader Environment load took 129.6ns 
397759     INFO  main            d.u.i.k.p.i.AbstractProblemLoader Creating init config 
400806     DEBUG main            d.u.i.k.p.i.AbstractProblemLoader Init config took 3.05s 
400822     INFO  main            d.u.i.k.p.i.AbstractProblemLoader Replaying proof simplify0.key 
400823     DEBUG main            d.u.i.k.p.i.IntermediateProofReplayer Proof replay took 3.1ns 
400926     INFO  main            d.u.i.k.p.r.p.TestFile    ... finished proof: closed. 
401408     INFO  main            d.u.i.k.p.i.AbstractProblemLoader Loading environment from /home/runner/work/key/key/key.core/../key.ui/examples/standard_key/inEqSimp/simplify0.key.proof 
401408     DEBUG main            d.u.i.k.p.i.AbstractProblemLoader Environment load took 110.3ns 
401409     INFO  main            d.u.i.k.p.i.AbstractProblemLoader Creating init config 
404372     DEBUG main            d.u.i.k.p.i.AbstractProblemLoader Init config took 2.96s 
404389     INFO  main            d.u.i.k.p.i.AbstractProblemLoader Replaying proof simplify0.key.proof 
404393     DEBUG main            d.u.i.k.p.i.IntermediateProofReplayer Proof replay took 1.85ms 
404394     DEBUG main            d.u.i.k.p.r.p.TestFile    ... success: reloaded. 
404394     INFO  main            d.u.i.k.p.r.p.TestFile    Now processing file /home/runner/work/key/key/key.core/../key.ui/examples/standard_key/inEqSimp/simplify1.key 
404395     INFO  main            d.u.i.k.p.i.AbstractProblemLoader Loading environment from /home/runner/work/key/key/key.core/../key.ui/examples/standard_key/inEqSimp/simplify1.key 
404395     DEBUG main            d.u.i.k.p.i.AbstractProblemLoader Environment load took 66.2ns 
404396     INFO  main            d.u.i.k.p.i.AbstractProblemLoader Creating init config 
407376     DEBUG main            d.u.i.k.p.i.AbstractProblemLoader Init config took 2.98s 
407393     INFO  main            d.u.i.k.p.i.AbstractProblemLoader Replaying proof simplify1.key 
407394     DEBUG main            d.u.i.k.p.i.IntermediateProofReplayer Proof replay took 3.2ns 
407496     INFO  main            d.u.i.k.p.r.p.TestFile    ... finished proof: closed. 
407991     INFO  main            d.u.i.k.p.i.AbstractProblemLoader Loading environment from /home/runner/work/key/key/key.core/../key.ui/examples/standard_key/inEqSimp/simplify1.key.proof 
407991     DEBUG main            d.u.i.k.p.i.AbstractProblemLoader Environment load took 122.4ns 
407992     INFO  main            d.u.i.k.p.i.AbstractProblemLoader Creating init config 
410917     DEBUG main            d.u.i.k.p.i.AbstractProblemLoader Init config took 2.93s 
410933     INFO  main            d.u.i.k.p.i.AbstractProblemLoader Replaying proof simplify1.key.proof 
410935     DEBUG main            d.u.i.k.p.i.IntermediateProofReplayer Proof replay took 1.18ms 
410936     DEBUG main            d.u.i.k.p.r.p.TestFile    ... success: reloaded. 
410937     INFO  main            d.u.i.k.p.r.p.TestFile    Now processing file /home/runner/work/key/key/key.core/../key.ui/examples/standard_key/inEqSimp/simplify2.key 
410937     INFO  main            d.u.i.k.p.i.AbstractProblemLoader Loading environment from /home/runner/work/key/key/key.core/../key.ui/examples/standard_key/inEqSimp/simplify2.key 
410937     DEBUG main            d.u.i.k.p.i.AbstractProblemLoader Environment load took 56ns 
410938     INFO  main            d.u.i.k.p.i.AbstractProblemLoader Creating init config 
413912     DEBUG main            d.u.i.k.p.i.AbstractProblemLoader Init config took 2.97s 
413928     INFO  main            d.u.i.k.p.i.AbstractProblemLoader Replaying proof simplify2.key 
413929     DEBUG main            d.u.i.k.p.i.IntermediateProofReplayer Proof replay took 3.6ns 
414132     INFO  main            d.u.i.k.p.r.p.TestFile    ... finished proof: closed. 
414622     INFO  main            d.u.i.k.p.i.AbstractProblemLoader Loading environment from /home/runner/work/key/key/key.core/../key.ui/examples/standard_key/inEqSimp/simplify2.key.proof 
414622     DEBUG main            d.u.i.k.p.i.AbstractProblemLoader Environment load took 97ns 
414624     INFO  main            d.u.i.k.p.i.AbstractProblemLoader Creating init config 
417552     DEBUG main            d.u.i.k.p.i.AbstractProblemLoader Init config took 2.93s 
417570     INFO  main            d.u.i.k.p.i.AbstractProblemLoader Replaying proof simplify2.key.proof 
417584     DEBUG main            d.u.i.k.p.i.IntermediateProofReplayer Proof replay took 10.8ms 
417585     DEBUG main            d.u.i.k.p.r.p.TestFile    ... success: reloaded. 
417586     INFO  main            d.u.i.k.p.r.p.TestFile    Now processing file /home/runner/work/key/key/key.core/../key.ui/examples/standard_key/inEqSimp/simplify3.key 
417586     INFO  main            d.u.i.k.p.i.AbstractProblemLoader Loading environment from /home/runner/work/key/key/key.core/../key.ui/examples/standard_key/inEqSimp/simplify3.key 
417586     DEBUG main            d.u.i.k.p.i.AbstractProblemLoader Environment load took 219.2ns 
417587     INFO  main            d.u.i.k.p.i.AbstractProblemLoader Creating init config 
420598     DEBUG main            d.u.i.k.p.i.AbstractProblemLoader Init config took 3.01s 
420614     INFO  main            d.u.i.k.p.i.AbstractProblemLoader Replaying proof simplify3.key 
420615     DEBUG main            d.u.i.k.p.i.IntermediateProofReplayer Proof replay took 3.5ns 
420717     INFO  main            d.u.i.k.p.r.p.TestFile    ... finished proof: closed. 
421227     INFO  main            d.u.i.k.p.i.AbstractProblemLoader Loading environment from /home/runner/work/key/key/key.core/../key.ui/examples/standard_key/inEqSimp/simplify3.key.proof 
421227     DEBUG main            d.u.i.k.p.i.AbstractProblemLoader Environment load took 97.1ns 
421228     INFO  main            d.u.i.k.p.i.AbstractProblemLoader Creating init config 
424217     DEBUG main            d.u.i.k.p.i.AbstractProblemLoader Init config took 2.99s 
424233     INFO  main            d.u.i.k.p.i.AbstractProblemLoader Replaying proof simplify3.key.proof 
424237     DEBUG main            d.u.i.k.p.i.IntermediateProofReplayer Proof replay took 1.91ms 
424238     DEBUG main            d.u.i.k.p.r.p.TestFile    ... success: reloaded. 
424238     INFO  main            d.u.i.k.p.r.p.TestFile    Now processing file /home/runner/work/key/key/key.core/../key.ui/examples/standard_key/inEqSimp/simplify4.key 
424239     INFO  main            d.u.i.k.p.i.AbstractProblemLoader Loading environment from /home/runner/work/key/key/key.core/../key.ui/examples/standard_key/inEqSimp/simplify4.key 
424239     DEBUG main            d.u.i.k.p.i.AbstractProblemLoader Environment load took 65.4ns 
424240     INFO  main            d.u.i.k.p.i.AbstractProblemLoader Creating init config 
427214     DEBUG main            d.u.i.k.p.i.AbstractProblemLoader Init config took 2.97s 
427231     INFO  main            d.u.i.k.p.i.AbstractProblemLoader Replaying proof simplify4.key 
427232     DEBUG main            d.u.i.k.p.i.IntermediateProofReplayer Proof replay took 3.6ns 
427436     INFO  main            d.u.i.k.p.r.p.TestFile    ... finished proof: closed. 
427959     INFO  main            d.u.i.k.p.i.AbstractProblemLoader Loading environment from /home/runner/work/key/key/key.core/../key.ui/examples/standard_key/inEqSimp/simplify4.key.proof 
427960     DEBUG main            d.u.i.k.p.i.AbstractProblemLoader Environment load took 88.2ns 
427961     INFO  main            d.u.i.k.p.i.AbstractProblemLoader Creating init config 
430808     DEBUG main            d.u.i.k.p.i.AbstractProblemLoader Init config took 2.85s 
430824     INFO  main            d.u.i.k.p.i.AbstractProblemLoader Replaying proof simplify4.key.proof 
430834     DEBUG main            d.u.i.k.p.i.IntermediateProofReplayer Proof replay took 7.07ms 
430835     DEBUG main            d.u.i.k.p.r.p.TestFile    ... success: reloaded. 
430835     INFO  main            d.u.i.k.p.r.p.TestFile    Now processing file /home/runner/work/key/key/key.core/../key.ui/examples/standard_key/inEqSimp/simplify5.key 
430835     INFO  main            d.u.i.k.p.i.AbstractProblemLoader Loading environment from /home/runner/work/key/key/key.core/../key.ui/examples/standard_key/inEqSimp/simplify5.key 
430836     DEBUG main            d.u.i.k.p.i.AbstractProblemLoader Environment load took 177.4ns 
430837     INFO  main            d.u.i.k.p.i.AbstractProblemLoader Creating init config 
433772     DEBUG main            d.u.i.k.p.i.AbstractProblemLoader Init config took 2.94s 
433788     INFO  main            d.u.i.k.p.i.AbstractProblemLoader Replaying proof simplify5.key 
433790     DEBUG main            d.u.i.k.p.i.IntermediateProofReplayer Proof replay took 3.5ns 
434496     INFO  main            d.u.i.k.p.r.p.TestFile    ... finished proof: closed. 
435061     INFO  main            d.u.i.k.p.i.AbstractProblemLoader Loading environment from /home/runner/work/key/key/key.core/../key.ui/examples/standard_key/inEqSimp/simplify5.key.proof 
435061     DEBUG main            d.u.i.k.p.i.AbstractProblemLoader Environment load took 105.8ns 
435063     INFO  main            d.u.i.k.p.i.AbstractProblemLoader Creating init config 
437949     DEBUG main            d.u.i.k.p.i.AbstractProblemLoader Init config took 2.89s 
437965     INFO  main            d.u.i.k.p.i.AbstractProblemLoader Replaying proof simplify5.key.proof 
438024     DEBUG main            d.u.i.k.p.i.IntermediateProofReplayer Proof replay took 52.17ms 
438026     DEBUG main            d.u.i.k.p.r.p.TestFile    ... success: reloaded. 
438027     INFO  main            d.u.i.k.p.r.p.TestFile    Now processing file /home/runner/work/key/key/key.core/../key.ui/examples/standard_key/inEqSimp/subsumptionExample.key 
438027     INFO  main            d.u.i.k.p.i.AbstractProblemLoader Loading environment from /home/runner/work/key/key/key.core/../key.ui/examples/standard_key/inEqSimp/subsumptionExample.key 
438027     DEBUG main            d.u.i.k.p.i.AbstractProblemLoader Environment load took 115.6ns 
438028     INFO  main            d.u.i.k.p.i.AbstractProblemLoader Creating init config 
440950     DEBUG main            d.u.i.k.p.i.AbstractProblemLoader Init config took 2.92s 
440965     INFO  main            d.u.i.k.p.i.AbstractProblemLoader Replaying proof subsumptionExample.key 
440966     DEBUG main            d.u.i.k.p.i.IntermediateProofReplayer Proof replay took 3.1ns 
441071     INFO  main            d.u.i.k.p.r.p.TestFile    ... finished proof: closed. 
441619     INFO  main            d.u.i.k.p.i.AbstractProblemLoader Loading environment from /home/runner/work/key/key/key.core/../key.ui/examples/standard_key/inEqSimp/subsumptionExample.key.proof 
441619     DEBUG main            d.u.i.k.p.i.AbstractProblemLoader Environment load took 90.3ns 
441620     INFO  main            d.u.i.k.p.i.AbstractProblemLoader Creating init config 
444509     DEBUG main            d.u.i.k.p.i.AbstractProblemLoader Init config took 2.89s 
444524     INFO  main            d.u.i.k.p.i.AbstractProblemLoader Replaying proof subsumptionExample.key.proof 
444527     DEBUG main            d.u.i.k.p.i.IntermediateProofReplayer Proof replay took 996.7ns 
444528     DEBUG main            d.u.i.k.p.r.p.TestFile    ... success: reloaded. 
444528     INFO  main            d.u.i.k.p.r.p.TestFile    Now processing file /home/runner/work/key/key/key.core/../key.ui/examples/standard_key/polySimp/simplify0.key 
444529     INFO  main            d.u.i.k.p.i.AbstractProblemLoader Loading environment from /home/runner/work/key/key/key.core/../key.ui/examples/standard_key/polySimp/simplify0.key 
444529     DEBUG main            d.u.i.k.p.i.AbstractProblemLoader Environment load took 96.4ns 
444530     INFO  main            d.u.i.k.p.i.AbstractProblemLoader Creating init config 
447430     DEBUG main            d.u.i.k.p.i.AbstractProblemLoader Init config took 2.9s 
447447     INFO  main            d.u.i.k.p.i.AbstractProblemLoader Replaying proof simplify0.key 
447448     DEBUG main            d.u.i.k.p.i.IntermediateProofReplayer Proof replay took 3.4ns 
447653     INFO  main            d.u.i.k.p.r.p.TestFile    ... finished proof: closed. 
448205     INFO  main            d.u.i.k.p.i.AbstractProblemLoader Loading environment from /home/runner/work/key/key/key.core/../key.ui/examples/standard_key/polySimp/simplify0.key.proof 
448205     DEBUG main            d.u.i.k.p.i.AbstractProblemLoader Environment load took 103.6ns 
448206     INFO  main            d.u.i.k.p.i.AbstractProblemLoader Creating init config 
451112     DEBUG main            d.u.i.k.p.i.AbstractProblemLoader Init config took 2.91s 
451128     INFO  main            d.u.i.k.p.i.AbstractProblemLoader Replaying proof simplify0.key.proof 
451137     DEBUG main            d.u.i.k.p.i.IntermediateProofReplayer Proof replay took 6.77ms 
451139     DEBUG main            d.u.i.k.p.r.p.TestFile    ... success: reloaded. 
451139     INFO  main            d.u.i.k.p.r.p.TestFile    Now processing file /home/runner/work/key/key/key.core/../key.ui/examples/standard_key/polySimp/simplify1.key 
451139     INFO  main            d.u.i.k.p.i.AbstractProblemLoader Loading environment from /home/runner/work/key/key/key.core/../key.ui/examples/standard_key/polySimp/simplify1.key 
451139     DEBUG main            d.u.i.k.p.i.AbstractProblemLoader Environment load took 105.2ns 
451141     INFO  main            d.u.i.k.p.i.AbstractProblemLoader Creating init config 
454026     DEBUG main            d.u.i.k.p.i.AbstractProblemLoader Init config took 2.88s 
454042     INFO  main            d.u.i.k.p.i.AbstractProblemLoader Replaying proof simplify1.key 
454044     DEBUG main            d.u.i.k.p.i.IntermediateProofReplayer Proof replay took 3.9ns 
454448     INFO  main            d.u.i.k.p.r.p.TestFile    ... finished proof: closed. 
455002     INFO  main            d.u.i.k.p.i.AbstractProblemLoader Loading environment from /home/runner/work/key/key/key.core/../key.ui/examples/standard_key/polySimp/simplify1.key.proof 
455003     DEBUG main            d.u.i.k.p.i.AbstractProblemLoader Environment load took 126ns 
455004     INFO  main            d.u.i.k.p.i.AbstractProblemLoader Creating init config 
457860     DEBUG main            d.u.i.k.p.i.AbstractProblemLoader Init config took 2.86s 
457876     INFO  main            d.u.i.k.p.i.AbstractProblemLoader Replaying proof simplify1.key.proof 
457888     DEBUG main            d.u.i.k.p.i.IntermediateProofReplayer Proof replay took 9.13ms 
457889     DEBUG main            d.u.i.k.p.r.p.TestFile    ... success: reloaded. 
457890     INFO  main            d.u.i.k.p.r.p.TestFile    Now processing file /home/runner/work/key/key/key.core/../key.ui/examples/standard_key/polySimp/simplify10.key 
457890     INFO  main            d.u.i.k.p.i.AbstractProblemLoader Loading environment from /home/runner/work/key/key/key.core/../key.ui/examples/standard_key/polySimp/simplify10.key 
457890     DEBUG main            d.u.i.k.p.i.AbstractProblemLoader Environment load took 86.7ns 
457892     INFO  main            d.u.i.k.p.i.AbstractProblemLoader Creating init config 
460800     DEBUG main            d.u.i.k.p.i.AbstractProblemLoader Init config took 2.91s 
460818     INFO  main            d.u.i.k.p.i.AbstractProblemLoader Replaying proof simplify10.key 
460819     DEBUG main            d.u.i.k.p.i.IntermediateProofReplayer Proof replay took 3.9ns 
461122     INFO  main            d.u.i.k.p.r.p.TestFile    ... finished proof: closed. 
461719     INFO  main            d.u.i.k.p.i.AbstractProblemLoader Loading environment from /home/runner/work/key/key/key.core/../key.ui/examples/standard_key/polySimp/simplify10.key.proof 
461719     DEBUG main            d.u.i.k.p.i.AbstractProblemLoader Environment load took 109ns 
461720     INFO  main            d.u.i.k.p.i.AbstractProblemLoader Creating init config 
464631     DEBUG main            d.u.i.k.p.i.AbstractProblemLoader Init config took 2.91s 
464652     INFO  main            d.u.i.k.p.i.AbstractProblemLoader Replaying proof simplify10.key.proof 
464668     DEBUG main            d.u.i.k.p.i.IntermediateProofReplayer Proof replay took 13.08ms 
464671     DEBUG main            d.u.i.k.p.r.p.TestFile    ... success: reloaded. 
464671     INFO  main            d.u.i.k.p.r.p.TestFile    Now processing file /home/runner/work/key/key/key.core/../key.ui/examples/standard_key/polySimp/simplify11.key 
464671     INFO  main            d.u.i.k.p.i.AbstractProblemLoader Loading environment from /home/runner/work/key/key/key.core/../key.ui/examples/standard_key/polySimp/simplify11.key 
464671     DEBUG main            d.u.i.k.p.i.AbstractProblemLoader Environment load took 58.3ns 
464673     INFO  main            d.u.i.k.p.i.AbstractProblemLoader Creating init config 
467555     DEBUG main            d.u.i.k.p.i.AbstractProblemLoader Init config took 2.88s 
467571     INFO  main            d.u.i.k.p.i.AbstractProblemLoader Replaying proof simplify11.key 
467573     DEBUG main            d.u.i.k.p.i.IntermediateProofReplayer Proof replay took 3.6ns 
467876     INFO  main            d.u.i.k.p.r.p.TestFile    ... finished proof: closed. 
468465     INFO  main            d.u.i.k.p.i.AbstractProblemLoader Loading environment from /home/runner/work/key/key/key.core/../key.ui/examples/standard_key/polySimp/simplify11.key.proof 
468465     DEBUG main            d.u.i.k.p.i.AbstractProblemLoader Environment load took 145.6ns 
468467     INFO  main            d.u.i.k.p.i.AbstractProblemLoader Creating init config 
471323     DEBUG main            d.u.i.k.p.i.AbstractProblemLoader Init config took 2.86s 
471340     INFO  main            d.u.i.k.p.i.AbstractProblemLoader Replaying proof simplify11.key.proof 
471354     DEBUG main            d.u.i.k.p.i.IntermediateProofReplayer Proof replay took 10.56ms 
471355     DEBUG main            d.u.i.k.p.r.p.TestFile    ... success: reloaded. 
471356     INFO  main            d.u.i.k.p.r.p.TestFile    Now processing file /home/runner/work/key/key/key.core/../key.ui/examples/standard_key/polySimp/simplify12.key 
471356     INFO  main            d.u.i.k.p.i.AbstractProblemLoader Loading environment from /home/runner/work/key/key/key.core/../key.ui/examples/standard_key/polySimp/simplify12.key 
471356     DEBUG main            d.u.i.k.p.i.AbstractProblemLoader Environment load took 77.1ns 
471357     INFO  main            d.u.i.k.p.i.AbstractProblemLoader Creating init config 
474280     DEBUG main            d.u.i.k.p.i.AbstractProblemLoader Init config took 2.92s 
474295     INFO  main            d.u.i.k.p.i.AbstractProblemLoader Replaying proof simplify12.key 
474296     DEBUG main            d.u.i.k.p.i.IntermediateProofReplayer Proof replay took 3.6ns 
474499     INFO  main            d.u.i.k.p.r.p.TestFile    ... finished proof: closed. 
475062     INFO  main            d.u.i.k.p.i.AbstractProblemLoader Loading environment from /home/runner/work/key/key/key.core/../key.ui/examples/standard_key/polySimp/simplify12.key.proof 
475062     DEBUG main            d.u.i.k.p.i.AbstractProblemLoader Environment load took 92.2ns 
475063     INFO  main            d.u.i.k.p.i.AbstractProblemLoader Creating init config 
477936     DEBUG main            d.u.i.k.p.i.AbstractProblemLoader Init config took 2.87s 
477952     INFO  main            d.u.i.k.p.i.AbstractProblemLoader Replaying proof simplify12.key.proof 
477960     DEBUG main            d.u.i.k.p.i.IntermediateProofReplayer Proof replay took 5.13ms 
477960     DEBUG main            d.u.i.k.p.r.p.TestFile    ... success: reloaded. 
477961     INFO  main            d.u.i.k.p.r.p.TestFile    Now processing file /home/runner/work/key/key/key.core/../key.ui/examples/standard_key/polySimp/simplify13.key 
477962     INFO  main            d.u.i.k.p.i.AbstractProblemLoader Loading environment from /home/runner/work/key/key/key.core/../key.ui/examples/standard_key/polySimp/simplify13.key 
477962     DEBUG main            d.u.i.k.p.i.AbstractProblemLoader Environment load took 94.8ns 
477963     INFO  main            d.u.i.k.p.i.AbstractProblemLoader Creating init config 
480948     DEBUG main            d.u.i.k.p.i.AbstractProblemLoader Init config took 2.99s 
480964     INFO  main            d.u.i.k.p.i.AbstractProblemLoader Replaying proof simplify13.key 
480965     DEBUG main            d.u.i.k.p.i.IntermediateProofReplayer Proof replay took 3.2ns 
481067     INFO  main            d.u.i.k.p.r.p.TestFile    ... finished proof: closed. 
481642     INFO  main            d.u.i.k.p.i.AbstractProblemLoader Loading environment from /home/runner/work/key/key/key.core/../key.ui/examples/standard_key/polySimp/simplify13.key.proof 
481642     DEBUG main            d.u.i.k.p.i.AbstractProblemLoader Environment load took 87.3ns 
481643     INFO  main            d.u.i.k.p.i.AbstractProblemLoader Creating init config 
484510     DEBUG main            d.u.i.k.p.i.AbstractProblemLoader Init config took 2.87s 
484528     INFO  main            d.u.i.k.p.i.AbstractProblemLoader Replaying proof simplify13.key.proof 
484534     DEBUG main            d.u.i.k.p.i.IntermediateProofReplayer Proof replay took 4.28ms 
484535     DEBUG main            d.u.i.k.p.r.p.TestFile    ... success: reloaded. 
484536     INFO  main            d.u.i.k.p.r.p.TestFile    Now processing file /home/runner/work/key/key/key.core/../key.ui/examples/standard_key/polySimp/simplify14.key 
484536     INFO  main            d.u.i.k.p.i.AbstractProblemLoader Loading environment from /home/runner/work/key/key/key.core/../key.ui/examples/standard_key/polySimp/simplify14.key 
484536     DEBUG main            d.u.i.k.p.i.AbstractProblemLoader Environment load took 58.9ns 
484537     INFO  main            d.u.i.k.p.i.AbstractProblemLoader Creating init config 
487416     DEBUG main            d.u.i.k.p.i.AbstractProblemLoader Init config took 2.88s 
487433     INFO  main            d.u.i.k.p.i.AbstractProblemLoader Replaying proof simplify14.key 
487434     DEBUG main            d.u.i.k.p.i.IntermediateProofReplayer Proof replay took 3.2ns 
487536     INFO  main            d.u.i.k.p.r.p.TestFile    ... finished proof: closed. 
488111     INFO  main            d.u.i.k.p.i.AbstractProblemLoader Loading environment from /home/runner/work/key/key/key.core/../key.ui/examples/standard_key/polySimp/simplify14.key.proof 
488111     DEBUG main            d.u.i.k.p.i.AbstractProblemLoader Environment load took 109.6ns 
488113     INFO  main            d.u.i.k.p.i.AbstractProblemLoader Creating init config 
490912     DEBUG main            d.u.i.k.p.i.AbstractProblemLoader Init config took 2.8s 
490929     INFO  main            d.u.i.k.p.i.AbstractProblemLoader Replaying proof simplify14.key.proof 
490932     DEBUG main            d.u.i.k.p.i.IntermediateProofReplayer Proof replay took 660ns 
490933     DEBUG main            d.u.i.k.p.r.p.TestFile    ... success: reloaded. 
490933     INFO  main            d.u.i.k.p.r.p.TestFile    Now processing file /home/runner/work/key/key/key.core/../key.ui/examples/standard_key/polySimp/simplify15.key 
490934     INFO  main            d.u.i.k.p.i.AbstractProblemLoader Loading environment from /home/runner/work/key/key/key.core/../key.ui/examples/standard_key/polySimp/simplify15.key 
490934     DEBUG main            d.u.i.k.p.i.AbstractProblemLoader Environment load took 56.5ns 
490935     INFO  main            d.u.i.k.p.i.AbstractProblemLoader Creating init config 
493787     DEBUG main            d.u.i.k.p.i.AbstractProblemLoader Init config took 2.85s 
493804     INFO  main            d.u.i.k.p.i.AbstractProblemLoader Replaying proof simplify15.key 
493805     DEBUG main            d.u.i.k.p.i.IntermediateProofReplayer Proof replay took 3.3ns 
493907     INFO  main            d.u.i.k.p.r.p.TestFile    ... finished proof: closed. 
494514     INFO  main            d.u.i.k.p.i.AbstractProblemLoader Loading environment from /home/runner/work/key/key/key.core/../key.ui/examples/standard_key/polySimp/simplify15.key.proof 
494514     DEBUG main            d.u.i.k.p.i.AbstractProblemLoader Environment load took 140.7ns 
494515     INFO  main            d.u.i.k.p.i.AbstractProblemLoader Creating init config 
497363     DEBUG main            d.u.i.k.p.i.AbstractProblemLoader Init config took 2.85s 
497378     INFO  main            d.u.i.k.p.i.AbstractProblemLoader Replaying proof simplify15.key.proof 
497383     DEBUG main            d.u.i.k.p.i.IntermediateProofReplayer Proof replay took 557.6ns 
497383     DEBUG main            d.u.i.k.p.r.p.TestFile    ... success: reloaded. 
497384     INFO  main            d.u.i.k.p.r.p.TestFile    Now processing file /home/runner/work/key/key/key.core/../key.ui/examples/standard_key/polySimp/simplify16.key 
497384     INFO  main            d.u.i.k.p.i.AbstractProblemLoader Loading environment from /home/runner/work/key/key/key.core/../key.ui/examples/standard_key/polySimp/simplify16.key 
497384     DEBUG main            d.u.i.k.p.i.AbstractProblemLoader Environment load took 76.9ns 
497385     INFO  main            d.u.i.k.p.i.AbstractProblemLoader Creating init config 
500216     DEBUG main            d.u.i.k.p.i.AbstractProblemLoader Init config took 2.83s 
500231     INFO  main            d.u.i.k.p.i.AbstractProblemLoader Replaying proof simplify16.key 
500233     DEBUG main            d.u.i.k.p.i.IntermediateProofReplayer Proof replay took 3.5ns 
500336     INFO  main            d.u.i.k.p.r.p.TestFile    ... finished proof: closed. 
500903     INFO  main            d.u.i.k.p.i.AbstractProblemLoader Loading environment from /home/runner/work/key/key/key.core/../key.ui/examples/standard_key/polySimp/simplify16.key.proof 
500903     DEBUG main            d.u.i.k.p.i.AbstractProblemLoader Environment load took 87ns 
500904     INFO  main            d.u.i.k.p.i.AbstractProblemLoader Creating init config 
503697     DEBUG main            d.u.i.k.p.i.AbstractProblemLoader Init config took 2.79s 
503712     INFO  main            d.u.i.k.p.i.AbstractProblemLoader Replaying proof simplify16.key.proof 
503713     DEBUG main            d.u.i.k.p.i.IntermediateProofReplayer Proof replay took 251.3ns 
503714     DEBUG main            d.u.i.k.p.r.p.TestFile    ... success: reloaded. 
503714     INFO  main            d.u.i.k.p.r.p.TestFile    Now processing file /home/runner/work/key/key/key.core/../key.ui/examples/standard_key/polySimp/simplify17.key 
503715     INFO  main            d.u.i.k.p.i.AbstractProblemLoader Loading environment from /home/runner/work/key/key/key.core/../key.ui/examples/standard_key/polySimp/simplify17.key 
503715     DEBUG main            d.u.i.k.p.i.AbstractProblemLoader Environment load took 84.3ns 
503716     INFO  main            d.u.i.k.p.i.AbstractProblemLoader Creating init config 
506506     DEBUG main            d.u.i.k.p.i.AbstractProblemLoader Init config took 2.79s 
506521     INFO  main            d.u.i.k.p.i.AbstractProblemLoader Replaying proof simplify17.key 
506522     DEBUG main            d.u.i.k.p.i.IntermediateProofReplayer Proof replay took 3.7ns 
506625     INFO  main            d.u.i.k.p.r.p.TestFile    ... finished proof: closed. 
507196     INFO  main            d.u.i.k.p.i.AbstractProblemLoader Loading environment from /home/runner/work/key/key/key.core/../key.ui/examples/standard_key/polySimp/simplify17.key.proof 
507196     DEBUG main            d.u.i.k.p.i.AbstractProblemLoader Environment load took 85.1ns 
507197     INFO  main            d.u.i.k.p.i.AbstractProblemLoader Creating init config 
509981     DEBUG main            d.u.i.k.p.i.AbstractProblemLoader Init config took 2.78s 
509996     INFO  main            d.u.i.k.p.i.AbstractProblemLoader Replaying proof simplify17.key.proof 
510002     DEBUG main            d.u.i.k.p.i.IntermediateProofReplayer Proof replay took 3.88ms 
510003     DEBUG main            d.u.i.k.p.r.p.TestFile    ... success: reloaded. 
510003     INFO  main            d.u.i.k.p.r.p.TestFile    Now processing file /home/runner/work/key/key/key.core/../key.ui/examples/standard_key/polySimp/simplify18.key 
510003     INFO  main            d.u.i.k.p.i.AbstractProblemLoader Loading environment from /home/runner/work/key/key/key.core/../key.ui/examples/standard_key/polySimp/simplify18.key 
510003     DEBUG main            d.u.i.k.p.i.AbstractProblemLoader Environment load took 54.6ns 
510005     INFO  main            d.u.i.k.p.i.AbstractProblemLoader Creating init config 
512825     DEBUG main            d.u.i.k.p.i.AbstractProblemLoader Init config took 2.82s 
512841     INFO  main            d.u.i.k.p.i.AbstractProblemLoader Replaying proof simplify18.key 
512842     DEBUG main            d.u.i.k.p.i.IntermediateProofReplayer Proof replay took 2.7ns 
513048     INFO  main            d.u.i.k.p.r.p.TestFile    ... finished proof: closed. 
513661     INFO  main            d.u.i.k.p.i.AbstractProblemLoader Loading environment from /home/runner/work/key/key/key.core/../key.ui/examples/standard_key/polySimp/simplify18.key.proof 
513661     DEBUG main            d.u.i.k.p.i.AbstractProblemLoader Environment load took 83.9ns 
513662     INFO  main            d.u.i.k.p.i.AbstractProblemLoader Creating init config 
516549     DEBUG main            d.u.i.k.p.i.AbstractProblemLoader Init config took 2.89s 
516565     INFO  main            d.u.i.k.p.i.AbstractProblemLoader Replaying proof simplify18.key.proof 
516575     DEBUG main            d.u.i.k.p.i.IntermediateProofReplayer Proof replay took 8.37ms 
516576     DEBUG main            d.u.i.k.p.r.p.TestFile    ... success: reloaded. 
516577     INFO  main            d.u.i.k.p.r.p.TestFile    Now processing file /home/runner/work/key/key/key.core/../key.ui/examples/standard_key/polySimp/simplify19.key 
516577     INFO  main            d.u.i.k.p.i.AbstractProblemLoader Loading environment from /home/runner/work/key/key/key.core/../key.ui/examples/standard_key/polySimp/simplify19.key 
516577     DEBUG main            d.u.i.k.p.i.AbstractProblemLoader Environment load took 86.7ns 
516578     INFO  main            d.u.i.k.p.i.AbstractProblemLoader Creating init config 
519353     DEBUG main            d.u.i.k.p.i.AbstractProblemLoader Init config took 2.77s 
519368     INFO  main            d.u.i.k.p.i.AbstractProblemLoader Replaying proof simplify19.key 
519370     DEBUG main            d.u.i.k.p.i.IntermediateProofReplayer Proof replay took 2.8ns 
523151     INFO  main            d.u.i.k.p.r.p.TestFile    ... finished proof: closed. 
523825     INFO  main            d.u.i.k.p.i.AbstractProblemLoader Loading environment from /home/runner/work/key/key/key.core/../key.ui/examples/standard_key/polySimp/simplify19.key.proof 
523825     DEBUG main            d.u.i.k.p.i.AbstractProblemLoader Environment load took 93.5ns 
523827     INFO  main            d.u.i.k.p.i.AbstractProblemLoader Creating init config 
526633     DEBUG main            d.u.i.k.p.i.AbstractProblemLoader Init config took 2.81s 
526650     INFO  main            d.u.i.k.p.i.AbstractProblemLoader Replaying proof simplify19.key.proof 
526806     DEBUG main            d.u.i.k.p.i.IntermediateProofReplayer Proof replay took 139.83ms 
526808     DEBUG main            d.u.i.k.p.r.p.TestFile    ... success: reloaded. 
526808     INFO  main            d.u.i.k.p.r.p.TestFile    Now processing file /home/runner/work/key/key/key.core/../key.ui/examples/standard_key/polySimp/simplify2.key 
526808     INFO  main            d.u.i.k.p.i.AbstractProblemLoader Loading environment from /home/runner/work/key/key/key.core/../key.ui/examples/standard_key/polySimp/simplify2.key 
526809     DEBUG main            d.u.i.k.p.i.AbstractProblemLoader Environment load took 75.1ns 
526809     INFO  main            d.u.i.k.p.i.AbstractProblemLoader Creating init config 
529582     DEBUG main            d.u.i.k.p.i.AbstractProblemLoader Init config took 2.77s 
529598     INFO  main            d.u.i.k.p.i.AbstractProblemLoader Replaying proof simplify2.key 
529599     DEBUG main            d.u.i.k.p.i.IntermediateProofReplayer Proof replay took 3.1ns 
529701     INFO  main            d.u.i.k.p.r.p.TestFile    ... finished proof: closed. 
530368     INFO  main            d.u.i.k.p.i.AbstractProblemLoader Loading environment from /home/runner/work/key/key/key.core/../key.ui/examples/standard_key/polySimp/simplify2.key.proof 
530368     DEBUG main            d.u.i.k.p.i.AbstractProblemLoader Environment load took 81.2ns 
530369     INFO  main            d.u.i.k.p.i.AbstractProblemLoader Creating init config 
533131     DEBUG main            d.u.i.k.p.i.AbstractProblemLoader Init config took 2.76s 
533147     INFO  main            d.u.i.k.p.i.AbstractProblemLoader Replaying proof simplify2.key.proof 
533149     DEBUG main            d.u.i.k.p.i.IntermediateProofReplayer Proof replay took 736.6ns 
533150     DEBUG main            d.u.i.k.p.r.p.TestFile    ... success: reloaded. 
533150     INFO  main            d.u.i.k.p.r.p.TestFile    Now processing file /home/runner/work/key/key/key.core/../key.ui/examples/standard_key/polySimp/simplify20.key 
533151     INFO  main            d.u.i.k.p.i.AbstractProblemLoader Loading environment from /home/runner/work/key/key/key.core/../key.ui/examples/standard_key/polySimp/simplify20.key 
533151     DEBUG main            d.u.i.k.p.i.AbstractProblemLoader Environment load took 56ns 
533152     INFO  main            d.u.i.k.p.i.AbstractProblemLoader Creating init config 
536065     DEBUG main            d.u.i.k.p.i.AbstractProblemLoader Init config took 2.91s 
536080     INFO  main            d.u.i.k.p.i.AbstractProblemLoader Replaying proof simplify20.key 
536081     DEBUG main            d.u.i.k.p.i.IntermediateProofReplayer Proof replay took 3.6ns 
536886     INFO  main            d.u.i.k.p.r.p.TestFile    ... finished proof: closed. 
537630     INFO  main            d.u.i.k.p.i.AbstractProblemLoader Loading environment from /home/runner/work/key/key/key.core/../key.ui/examples/standard_key/polySimp/simplify20.key.proof 
537630     DEBUG main            d.u.i.k.p.i.AbstractProblemLoader Environment load took 457.5ns 
537632     INFO  main            d.u.i.k.p.i.AbstractProblemLoader Creating init config 
540534     DEBUG main            d.u.i.k.p.i.AbstractProblemLoader Init config took 2.9s 
540551     INFO  main            d.u.i.k.p.i.AbstractProblemLoader Replaying proof simplify20.key.proof 
540595     DEBUG main            d.u.i.k.p.i.IntermediateProofReplayer Proof replay took 37.67ms 
540596     DEBUG main            d.u.i.k.p.r.p.TestFile    ... success: reloaded. 
540597     INFO  main            d.u.i.k.p.r.p.TestFile    Now processing file /home/runner/work/key/key/key.core/../key.ui/examples/standard_key/polySimp/simplify21.key 
540597     INFO  main            d.u.i.k.p.i.AbstractProblemLoader Loading environment from /home/runner/work/key/key/key.core/../key.ui/examples/standard_key/polySimp/simplify21.key 
540597     DEBUG main            d.u.i.k.p.i.AbstractProblemLoader Environment load took 99.4ns 
540601     INFO  main            d.u.i.k.p.i.AbstractProblemLoader Creating init config 
543465     DEBUG main            d.u.i.k.p.i.AbstractProblemLoader Init config took 2.86s 
543494     INFO  main            d.u.i.k.p.i.AbstractProblemLoader Replaying proof simplify21.key 
543498     DEBUG main            d.u.i.k.p.i.IntermediateProofReplayer Proof replay took 3.7ns 
544205     INFO  main            d.u.i.k.p.r.p.TestFile    ... finished proof: closed. 
544909     INFO  main            d.u.i.k.p.i.AbstractProblemLoader Loading environment from /home/runner/work/key/key/key.core/../key.ui/examples/standard_key/polySimp/simplify21.key.proof 
544909     DEBUG main            d.u.i.k.p.i.AbstractProblemLoader Environment load took 142.5ns 
544912     INFO  main            d.u.i.k.p.i.AbstractProblemLoader Creating init config 
547818     DEBUG main            d.u.i.k.p.i.AbstractProblemLoader Init config took 2.91s 
547838     INFO  main            d.u.i.k.p.i.AbstractProblemLoader Replaying proof simplify21.key.proof 
547871     DEBUG main            d.u.i.k.p.i.IntermediateProofReplayer Proof replay took 28.49ms 
547874     DEBUG main            d.u.i.k.p.r.p.TestFile    ... success: reloaded. 
547874     INFO  main            d.u.i.k.p.r.p.TestFile    Now processing file /home/runner/work/key/key/key.core/../key.ui/examples/standard_key/polySimp/simplify22.key 
547875     INFO  main            d.u.i.k.p.i.AbstractProblemLoader Loading environment from /home/runner/work/key/key/key.core/../key.ui/examples/standard_key/polySimp/simplify22.key 
547875     DEBUG main            d.u.i.k.p.i.AbstractProblemLoader Environment load took 97.6ns 
547876     INFO  main            d.u.i.k.p.i.AbstractProblemLoader Creating init config 
550757     DEBUG main            d.u.i.k.p.i.AbstractProblemLoader Init config took 2.88s 
550772     INFO  main            d.u.i.k.p.i.AbstractProblemLoader Replaying proof simplify22.key 
550773     DEBUG main            d.u.i.k.p.i.IntermediateProofReplayer Proof replay took 3ns 
550875     INFO  main            d.u.i.k.p.r.p.TestFile    ... finished proof: closed. 
551542     INFO  main            d.u.i.k.p.i.AbstractProblemLoader Loading environment from /home/runner/work/key/key/key.core/../key.ui/examples/standard_key/polySimp/simplify22.key.proof 
551542     DEBUG main            d.u.i.k.p.i.AbstractProblemLoader Environment load took 82.4ns 
551543     INFO  main            d.u.i.k.p.i.AbstractProblemLoader Creating init config 
554405     DEBUG main            d.u.i.k.p.i.AbstractProblemLoader Init config took 2.86s 
554421     INFO  main            d.u.i.k.p.i.AbstractProblemLoader Replaying proof simplify22.key.proof 
554431     DEBUG main            d.u.i.k.p.i.IntermediateProofReplayer Proof replay took 3.84ms 
554432     DEBUG main            d.u.i.k.p.r.p.TestFile    ... success: reloaded. 
554433     INFO  main            d.u.i.k.p.r.p.TestFile    Now processing file /home/runner/work/key/key/key.core/../key.ui/examples/standard_key/polySimp/simplify23.key 
554433     INFO  main            d.u.i.k.p.i.AbstractProblemLoader Loading environment from /home/runner/work/key/key/key.core/../key.ui/examples/standard_key/polySimp/simplify23.key 
554433     DEBUG main            d.u.i.k.p.i.AbstractProblemLoader Environment load took 114.9ns 
554434     INFO  main            d.u.i.k.p.i.AbstractProblemLoader Creating init config 
557393     DEBUG main            d.u.i.k.p.i.AbstractProblemLoader Init config took 2.96s 
557409     INFO  main            d.u.i.k.p.i.AbstractProblemLoader Replaying proof simplify23.key 
557410     DEBUG main            d.u.i.k.p.i.IntermediateProofReplayer Proof replay took 2.7ns 
557614     INFO  main            d.u.i.k.p.r.p.TestFile    ... finished proof: closed. 
558270     INFO  main            d.u.i.k.p.i.AbstractProblemLoader Loading environment from /home/runner/work/key/key/key.core/../key.ui/examples/standard_key/polySimp/simplify23.key.proof 
558270     DEBUG main            d.u.i.k.p.i.AbstractProblemLoader Environment load took 86.7ns 
558272     INFO  main            d.u.i.k.p.i.AbstractProblemLoader Creating init config 
561056     DEBUG main            d.u.i.k.p.i.AbstractProblemLoader Init config took 2.78s 
561072     INFO  main            d.u.i.k.p.i.AbstractProblemLoader Replaying proof simplify23.key.proof 
561084     DEBUG main            d.u.i.k.p.i.IntermediateProofReplayer Proof replay took 9.33ms 
561085     DEBUG main            d.u.i.k.p.r.p.TestFile    ... success: reloaded. 
561086     INFO  main            d.u.i.k.p.r.p.TestFile    Now processing file /home/runner/work/key/key/key.core/../key.ui/examples/standard_key/polySimp/simplify24.key 
561086     INFO  main            d.u.i.k.p.i.AbstractProblemLoader Loading environment from /home/runner/work/key/key/key.core/../key.ui/examples/standard_key/polySimp/simplify24.key 
561086     DEBUG main            d.u.i.k.p.i.AbstractProblemLoader Environment load took 88ns 
561087     INFO  main            d.u.i.k.p.i.AbstractProblemLoader Creating init config 
563977     DEBUG main            d.u.i.k.p.i.AbstractProblemLoader Init config took 2.89s 
563993     INFO  main            d.u.i.k.p.i.AbstractProblemLoader Replaying proof simplify24.key 
563994     DEBUG main            d.u.i.k.p.i.IntermediateProofReplayer Proof replay took 2.9ns 
564096     INFO  main            d.u.i.k.p.r.p.TestFile    ... finished proof: closed. 
564749     INFO  main            d.u.i.k.p.i.AbstractProblemLoader Loading environment from /home/runner/work/key/key/key.core/../key.ui/examples/standard_key/polySimp/simplify24.key.proof 
564749     DEBUG main            d.u.i.k.p.i.AbstractProblemLoader Environment load took 75.6ns 
564750     INFO  main            d.u.i.k.p.i.AbstractProblemLoader Creating init config 
567588     DEBUG main            d.u.i.k.p.i.AbstractProblemLoader Init config took 2.84s 
567603     INFO  main            d.u.i.k.p.i.AbstractProblemLoader Replaying proof simplify24.key.proof 
567607     DEBUG main            d.u.i.k.p.i.IntermediateProofReplayer Proof replay took 1.79ms 
567608     DEBUG main            d.u.i.k.p.r.p.TestFile    ... success: reloaded. 
567608     INFO  main            d.u.i.k.p.r.p.TestFile    Now processing file /home/runner/work/key/key/key.core/../key.ui/examples/standard_key/polySimp/simplify25.key 
567608     INFO  main            d.u.i.k.p.i.AbstractProblemLoader Loading environment from /home/runner/work/key/key/key.core/../key.ui/examples/standard_key/polySimp/simplify25.key 
567608     DEBUG main            d.u.i.k.p.i.AbstractProblemLoader Environment load took 91.7ns 
567609     INFO  main            d.u.i.k.p.i.AbstractProblemLoader Creating init config 
570476     DEBUG main            d.u.i.k.p.i.AbstractProblemLoader Init config took 2.87s 
570491     INFO  main            d.u.i.k.p.i.AbstractProblemLoader Replaying proof simplify25.key 
570492     DEBUG main            d.u.i.k.p.i.IntermediateProofReplayer Proof replay took 2.6ns 
570595     INFO  main            d.u.i.k.p.r.p.TestFile    ... finished proof: closed. 
571258     INFO  main            d.u.i.k.p.i.AbstractProblemLoader Loading environment from /home/runner/work/key/key/key.core/../key.ui/examples/standard_key/polySimp/simplify25.key.proof 
571258     DEBUG main            d.u.i.k.p.i.AbstractProblemLoader Environment load took 95.4ns 
571259     INFO  main            d.u.i.k.p.i.AbstractProblemLoader Creating init config 
574138     DEBUG main            d.u.i.k.p.i.AbstractProblemLoader Init config took 2.88s 
574154     INFO  main            d.u.i.k.p.i.AbstractProblemLoader Replaying proof simplify25.key.proof 
574158     DEBUG main            d.u.i.k.p.i.IntermediateProofReplayer Proof replay took 2.22ms 
574159     DEBUG main            d.u.i.k.p.r.p.TestFile    ... success: reloaded. 
574160     INFO  main            d.u.i.k.p.r.p.TestFile    Now processing file /home/runner/work/key/key/key.core/../key.ui/examples/standard_key/polySimp/simplify3.key 
574160     INFO  main            d.u.i.k.p.i.AbstractProblemLoader Loading environment from /home/runner/work/key/key/key.core/../key.ui/examples/standard_key/polySimp/simplify3.key 
574160     DEBUG main            d.u.i.k.p.i.AbstractProblemLoader Environment load took 57.6ns 
574161     INFO  main            d.u.i.k.p.i.AbstractProblemLoader Creating init config 
577043     DEBUG main            d.u.i.k.p.i.AbstractProblemLoader Init config took 2.88s 
577059     INFO  main            d.u.i.k.p.i.AbstractProblemLoader Replaying proof simplify3.key 
577060     DEBUG main            d.u.i.k.p.i.IntermediateProofReplayer Proof replay took 3.1ns 
577161     INFO  main            d.u.i.k.p.r.p.TestFile    ... finished proof: closed. 
577823     INFO  main            d.u.i.k.p.i.AbstractProblemLoader Loading environment from /home/runner/work/key/key/key.core/../key.ui/examples/standard_key/polySimp/simplify3.key.proof 
577823     DEBUG main            d.u.i.k.p.i.AbstractProblemLoader Environment load took 81.8ns 
577824     INFO  main            d.u.i.k.p.i.AbstractProblemLoader Creating init config 
580635     DEBUG main            d.u.i.k.p.i.AbstractProblemLoader Init config took 2.81s 
580650     INFO  main            d.u.i.k.p.i.AbstractProblemLoader Replaying proof simplify3.key.proof 
580653     DEBUG main            d.u.i.k.p.i.IntermediateProofReplayer Proof replay took 752.7ns 
580653     DEBUG main            d.u.i.k.p.r.p.TestFile    ... success: reloaded. 
580654     INFO  main            d.u.i.k.p.r.p.TestFile    Now processing file /home/runner/work/key/key/key.core/../key.ui/examples/standard_key/polySimp/simplify4.key 
580654     INFO  main            d.u.i.k.p.i.AbstractProblemLoader Loading environment from /home/runner/work/key/key/key.core/../key.ui/examples/standard_key/polySimp/simplify4.key 
580654     DEBUG main            d.u.i.k.p.i.AbstractProblemLoader Environment load took 52.6ns 
580655     INFO  main            d.u.i.k.p.i.AbstractProblemLoader Creating init config 
583504     DEBUG main            d.u.i.k.p.i.AbstractProblemLoader Init config took 2.85s 
583524     INFO  main            d.u.i.k.p.i.AbstractProblemLoader Replaying proof simplify4.key 
583526     DEBUG main            d.u.i.k.p.i.IntermediateProofReplayer Proof replay took 3.6ns 
583628     INFO  main            d.u.i.k.p.r.p.TestFile    ... finished proof: closed. 
584289     INFO  main            d.u.i.k.p.i.AbstractProblemLoader Loading environment from /home/runner/work/key/key/key.core/../key.ui/examples/standard_key/polySimp/simplify4.key.proof 
584289     DEBUG main            d.u.i.k.p.i.AbstractProblemLoader Environment load took 82.7ns 
584290     INFO  main            d.u.i.k.p.i.AbstractProblemLoader Creating init config 
587085     DEBUG main            d.u.i.k.p.i.AbstractProblemLoader Init config took 2.79s 
587099     INFO  main            d.u.i.k.p.i.AbstractProblemLoader Replaying proof simplify4.key.proof 
587101     DEBUG main            d.u.i.k.p.i.IntermediateProofReplayer Proof replay took 744.1ns 
587102     DEBUG main            d.u.i.k.p.r.p.TestFile    ... success: reloaded. 
587104     INFO  main            d.u.i.k.p.r.p.TestFile    Now processing file /home/runner/work/key/key/key.core/../key.ui/examples/standard_key/polySimp/simplify5.key 
587104     INFO  main            d.u.i.k.p.i.AbstractProblemLoader Loading environment from /home/runner/work/key/key/key.core/../key.ui/examples/standard_key/polySimp/simplify5.key 
587104     DEBUG main            d.u.i.k.p.i.AbstractProblemLoader Environment load took 99.2ns 
587105     INFO  main            d.u.i.k.p.i.AbstractProblemLoader Creating init config 
589996     DEBUG main            d.u.i.k.p.i.AbstractProblemLoader Init config took 2.89s 
590012     INFO  main            d.u.i.k.p.i.AbstractProblemLoader Replaying proof simplify5.key 
590013     DEBUG main            d.u.i.k.p.i.IntermediateProofReplayer Proof replay took 2.7ns 
590115     INFO  main            d.u.i.k.p.r.p.TestFile    ... finished proof: closed. 
590788     INFO  main            d.u.i.k.p.i.AbstractProblemLoader Loading environment from /home/runner/work/key/key/key.core/../key.ui/examples/standard_key/polySimp/simplify5.key.proof 
590788     DEBUG main            d.u.i.k.p.i.AbstractProblemLoader Environment load took 74ns 
590789     INFO  main            d.u.i.k.p.i.AbstractProblemLoader Creating init config 
593586     DEBUG main            d.u.i.k.p.i.AbstractProblemLoader Init config took 2.8s 
593601     INFO  main            d.u.i.k.p.i.AbstractProblemLoader Replaying proof simplify5.key.proof 
593606     DEBUG main            d.u.i.k.p.i.IntermediateProofReplayer Proof replay took 3.2ms 
593607     DEBUG main            d.u.i.k.p.r.p.TestFile    ... success: reloaded. 
593607     INFO  main            d.u.i.k.p.r.p.TestFile    Now processing file /home/runner/work/key/key/key.core/../key.ui/examples/standard_key/polySimp/simplify6.key 
593607     INFO  main            d.u.i.k.p.i.AbstractProblemLoader Loading environment from /home/runner/work/key/key/key.core/../key.ui/examples/standard_key/polySimp/simplify6.key 
593607     DEBUG main            d.u.i.k.p.i.AbstractProblemLoader Environment load took 49.3ns 
593608     INFO  main            d.u.i.k.p.i.AbstractProblemLoader Creating init config 
596439     DEBUG main            d.u.i.k.p.i.AbstractProblemLoader Init config took 2.83s 
596455     INFO  main            d.u.i.k.p.i.AbstractProblemLoader Replaying proof simplify6.key 
596456     DEBUG main            d.u.i.k.p.i.IntermediateProofReplayer Proof replay took 2.7ns 
596560     INFO  main            d.u.i.k.p.r.p.TestFile    ... finished proof: closed. 
597232     INFO  main            d.u.i.k.p.i.AbstractProblemLoader Loading environment from /home/runner/work/key/key/key.core/../key.ui/examples/standard_key/polySimp/simplify6.key.proof 
597232     DEBUG main            d.u.i.k.p.i.AbstractProblemLoader Environment load took 72.2ns 
597233     INFO  main            d.u.i.k.p.i.AbstractProblemLoader Creating init config 
600034     DEBUG main            d.u.i.k.p.i.AbstractProblemLoader Init config took 2.8s 
600050     INFO  main            d.u.i.k.p.i.AbstractProblemLoader Replaying proof simplify6.key.proof 
600052     DEBUG main            d.u.i.k.p.i.IntermediateProofReplayer Proof replay took 183.4ns 
600052     DEBUG main            d.u.i.k.p.r.p.TestFile    ... success: reloaded. 
600053     INFO  main            d.u.i.k.p.r.p.TestFile    Now processing file /home/runner/work/key/key/key.core/../key.ui/examples/standard_key/polySimp/simplify7.key 
600053     INFO  main            d.u.i.k.p.i.AbstractProblemLoader Loading environment from /home/runner/work/key/key/key.core/../key.ui/examples/standard_key/polySimp/simplify7.key 
600053     DEBUG main            d.u.i.k.p.i.AbstractProblemLoader Environment load took 50.5ns 
600054     INFO  main            d.u.i.k.p.i.AbstractProblemLoader Creating init config 
602912     DEBUG main            d.u.i.k.p.i.AbstractProblemLoader Init config took 2.86s 
602927     INFO  main            d.u.i.k.p.i.AbstractProblemLoader Replaying proof simplify7.key 
602929     DEBUG main            d.u.i.k.p.i.IntermediateProofReplayer Proof replay took 2.9ns 
603030     INFO  main            d.u.i.k.p.r.p.TestFile    ... finished proof: closed. 
603707     INFO  main            d.u.i.k.p.i.AbstractProblemLoader Loading environment from /home/runner/work/key/key/key.core/../key.ui/examples/standard_key/polySimp/simplify7.key.proof 
603707     DEBUG main            d.u.i.k.p.i.AbstractProblemLoader Environment load took 79ns 
603708     INFO  main            d.u.i.k.p.i.AbstractProblemLoader Creating init config 
606505     DEBUG main            d.u.i.k.p.i.AbstractProblemLoader Init config took 2.8s 
606521     INFO  main            d.u.i.k.p.i.AbstractProblemLoader Replaying proof simplify7.key.proof 
606522     DEBUG main            d.u.i.k.p.i.IntermediateProofReplayer Proof replay took 347ns 
606523     DEBUG main            d.u.i.k.p.r.p.TestFile    ... success: reloaded. 
606524     INFO  main            d.u.i.k.p.r.p.TestFile    Now processing file /home/runner/work/key/key/key.core/../key.ui/examples/standard_key/polySimp/simplify8.key 
606524     INFO  main            d.u.i.k.p.i.AbstractProblemLoader Loading environment from /home/runner/work/key/key/key.core/../key.ui/examples/standard_key/polySimp/simplify8.key 
606524     DEBUG main            d.u.i.k.p.i.AbstractProblemLoader Environment load took 125.7ns 
606528     INFO  main            d.u.i.k.p.i.AbstractProblemLoader Creating init config 
609422     DEBUG main            d.u.i.k.p.i.AbstractProblemLoader Init config took 2.89s 
609461     INFO  main            d.u.i.k.p.i.AbstractProblemLoader Replaying proof simplify8.key 
609462     DEBUG main            d.u.i.k.p.i.IntermediateProofReplayer Proof replay took 3.4ns 
614471     INFO  main            d.u.i.k.p.r.p.TestFile    ... finished proof: closed. 
615188     INFO  main            d.u.i.k.p.i.AbstractProblemLoader Loading environment from /home/runner/work/key/key/key.core/../key.ui/examples/standard_key/polySimp/simplify8.key.proof 
615188     DEBUG main            d.u.i.k.p.i.AbstractProblemLoader Environment load took 77.2ns 
615190     INFO  main            d.u.i.k.p.i.AbstractProblemLoader Creating init config 
617984     DEBUG main            d.u.i.k.p.i.AbstractProblemLoader Init config took 2.79s 
618003     INFO  main            d.u.i.k.p.i.AbstractProblemLoader Replaying proof simplify8.key.proof 
618064     DEBUG main            d.u.i.k.p.i.IntermediateProofReplayer Proof replay took 52.75ms 
618067     DEBUG main            d.u.i.k.p.r.p.TestFile    ... success: reloaded. 
618068     INFO  main            d.u.i.k.p.r.p.TestFile    Now processing file /home/runner/work/key/key/key.core/../key.ui/examples/standard_key/polySimp/simplify9.key 
618068     INFO  main            d.u.i.k.p.i.AbstractProblemLoader Loading environment from /home/runner/work/key/key/key.core/../key.ui/examples/standard_key/polySimp/simplify9.key 
618068     DEBUG main            d.u.i.k.p.i.AbstractProblemLoader Environment load took 50.6ns 
618069     INFO  main            d.u.i.k.p.i.AbstractProblemLoader Creating init config 
620936     DEBUG main            d.u.i.k.p.i.AbstractProblemLoader Init config took 2.87s 
620952     INFO  main            d.u.i.k.p.i.AbstractProblemLoader Replaying proof simplify9.key 
620953     DEBUG main            d.u.i.k.p.i.IntermediateProofReplayer Proof replay took 3.3ns 
621155     INFO  main            d.u.i.k.p.r.p.TestFile    ... finished proof: closed. 
621893     INFO  main            d.u.i.k.p.i.AbstractProblemLoader Loading environment from /home/runner/work/key/key/key.core/../key.ui/examples/standard_key/polySimp/simplify9.key.proof 
621893     DEBUG main            d.u.i.k.p.i.AbstractProblemLoader Environment load took 82.7ns 
621895     INFO  main            d.u.i.k.p.i.AbstractProblemLoader Creating init config 
624752     DEBUG main            d.u.i.k.p.i.AbstractProblemLoader Init config took 2.86s 
624770     INFO  main            d.u.i.k.p.i.AbstractProblemLoader Replaying proof simplify9.key.proof 
624776     DEBUG main            d.u.i.k.p.i.IntermediateProofReplayer Proof replay took 4.4ms 
624778     DEBUG main            d.u.i.k.p.r.p.TestFile    ... success: reloaded. 
3702700    INFO  Test worker     d.u.i.k.p.r.RunAllProofsTestUnit Returning from test arithmetic 
3702702    INFO  Test worker     d.u.i.k.p.r.RunAllProofsTestUnit Running test arrays 
436        INFO  Timeout watchdog d.u.i.k.p.r.p.ForkedTestFileRunner Timeout watcher launched (2000 secs.) 
458        WARN  main            d.u.i.k.s.ProofSettings   The settings in /home/runner/.key/proof-settings.props are *not* read. 
500        INFO  main            d.u.i.k.p.r.p.TestFile    Now processing file /home/runner/work/key/key/key.core/../key.ui/examples/standard_key/arrays/arrayStoreException/array2DimPrim.key 
660        INFO  main            d.u.i.k.p.i.AbstractProblemLoader Loading environment from /home/runner/work/key/key/key.core/../key.ui/examples/standard_key/arrays/arrayStoreException/array2DimPrim.key 
682        DEBUG main            d.u.i.k.p.i.AbstractProblemLoader Environment load took 2.84ms 
1070       INFO  main            d.u.i.k.p.i.AbstractProblemLoader Creating init config 
2256       DEBUG main            d.u.i.k.j.TypeConverter   No LDT found for Meta 
2257       DEBUG main            d.u.i.k.j.TypeConverter   No LDT found for Meta 
2258       DEBUG main            d.u.i.k.j.TypeConverter   No LDT found for Meta 
2258       DEBUG main            d.u.i.k.j.TypeConverter   No LDT found for Meta 
4229       DEBUG main            d.u.i.k.j.TypeConverter   No LDT found for JavaBigintExpression 
10653      DEBUG main            d.u.i.k.p.i.AbstractProblemLoader Init config took 9.58s 
10769      INFO  main            d.u.i.k.p.i.AbstractProblemLoader Replaying proof array2DimPrim.key 
10825      DEBUG main            d.u.i.k.p.i.IntermediateProofReplayer Proof replay took 42.5ns 
16126      INFO  main            d.u.i.k.p.r.p.TestFile    ... finished proof: closed. 
16398      INFO  main            d.u.i.k.p.i.AbstractProblemLoader Loading environment from /home/runner/work/key/key/key.core/../key.ui/examples/standard_key/arrays/arrayStoreException/array2DimPrim.key.proof 
16398      DEBUG main            d.u.i.k.p.i.AbstractProblemLoader Environment load took 226.6ns 
16408      INFO  main            d.u.i.k.p.i.AbstractProblemLoader Creating init config 
19964      DEBUG main            d.u.i.k.p.i.AbstractProblemLoader Init config took 3.56s 
20024      INFO  main            d.u.i.k.p.i.AbstractProblemLoader Replaying proof array2DimPrim.key.proof 
20575      DEBUG main            d.u.i.k.p.i.IntermediateProofReplayer Proof replay took 529.92ms 
20601      DEBUG main            d.u.i.k.p.r.p.TestFile    ... success: reloaded. 
20608      INFO  main            d.u.i.k.p.r.p.TestFile    Now processing file /home/runner/work/key/key/key.core/../key.ui/examples/standard_key/arrays/arrayStoreException/arrayStoreKnownDynType.key 
20608      INFO  main            d.u.i.k.p.i.AbstractProblemLoader Loading environment from /home/runner/work/key/key/key.core/../key.ui/examples/standard_key/arrays/arrayStoreException/arrayStoreKnownDynType.key 
20609      DEBUG main            d.u.i.k.p.i.AbstractProblemLoader Environment load took 106.1ns 
20612      INFO  main            d.u.i.k.p.i.AbstractProblemLoader Creating init config 
24078      DEBUG main            d.u.i.k.p.i.AbstractProblemLoader Init config took 3.47s 
24118      INFO  main            d.u.i.k.p.i.AbstractProblemLoader Replaying proof arrayStoreKnownDynType.key 
24122      DEBUG main            d.u.i.k.p.i.IntermediateProofReplayer Proof replay took 24.9ns 
24427      INFO  main            d.u.i.k.p.r.p.TestFile    ... finished proof: closed. 
24744      INFO  main            d.u.i.k.p.i.AbstractProblemLoader Loading environment from /home/runner/work/key/key/key.core/../key.ui/examples/standard_key/arrays/arrayStoreException/arrayStoreKnownDynType.key.proof 
24744      DEBUG main            d.u.i.k.p.i.AbstractProblemLoader Environment load took 522.8ns 
24749      INFO  main            d.u.i.k.p.i.AbstractProblemLoader Creating init config 
28066      DEBUG main            d.u.i.k.p.i.AbstractProblemLoader Init config took 3.32s 
28098      INFO  main            d.u.i.k.p.i.AbstractProblemLoader Replaying proof arrayStoreKnownDynType.key.proof 
28152      DEBUG main            d.u.i.k.p.i.IntermediateProofReplayer Proof replay took 50.13ms 
28154      DEBUG main            d.u.i.k.p.r.p.TestFile    ... success: reloaded. 
28156      INFO  main            d.u.i.k.p.r.p.TestFile    Now processing file /home/runner/work/key/key/key.core/../key.ui/examples/standard_key/arrays/arrayStoreException/reverseArray.key 
28156      INFO  main            d.u.i.k.p.i.AbstractProblemLoader Loading environment from /home/runner/work/key/key/key.core/../key.ui/examples/standard_key/arrays/arrayStoreException/reverseArray.key 
28157      DEBUG main            d.u.i.k.p.i.AbstractProblemLoader Environment load took 275.5ns 
28159      INFO  main            d.u.i.k.p.i.AbstractProblemLoader Creating init config 
31590      DEBUG main            d.u.i.k.p.i.AbstractProblemLoader Init config took 3.43s 
31622      INFO  main            d.u.i.k.p.i.AbstractProblemLoader Replaying proof reverseArray.key 
31626      DEBUG main            d.u.i.k.p.i.IntermediateProofReplayer Proof replay took 7.5ns 
32432      INFO  main            d.u.i.k.p.r.p.TestFile    ... finished proof: closed. 
32638      INFO  main            d.u.i.k.p.i.AbstractProblemLoader Loading environment from /home/runner/work/key/key/key.core/../key.ui/examples/standard_key/arrays/arrayStoreException/reverseArray.key.proof 
32638      DEBUG main            d.u.i.k.p.i.AbstractProblemLoader Environment load took 572.6ns 
32640      INFO  main            d.u.i.k.p.i.AbstractProblemLoader Creating init config 
35930      DEBUG main            d.u.i.k.p.i.AbstractProblemLoader Init config took 3.29s 
35958      INFO  main            d.u.i.k.p.i.AbstractProblemLoader Replaying proof reverseArray.key.proof 
36117      DEBUG main            d.u.i.k.p.i.IntermediateProofReplayer Proof replay took 150.67ms 
36120      DEBUG main            d.u.i.k.p.r.p.TestFile    ... success: reloaded. 
36121      INFO  main            d.u.i.k.p.r.p.TestFile    Now processing file /home/runner/work/key/key/key.core/../key.ui/examples/standard_key/arrays/arrayStoreException/throwArrayStoreException.key 
36122      INFO  main            d.u.i.k.p.i.AbstractProblemLoader Loading environment from /home/runner/work/key/key/key.core/../key.ui/examples/standard_key/arrays/arrayStoreException/throwArrayStoreException.key 
36122      DEBUG main            d.u.i.k.p.i.AbstractProblemLoader Environment load took 399.6ns 
36124      INFO  main            d.u.i.k.p.i.AbstractProblemLoader Creating init config 
39446      DEBUG main            d.u.i.k.p.i.AbstractProblemLoader Init config took 3.32s 
39483      INFO  main            d.u.i.k.p.i.AbstractProblemLoader Replaying proof throwArrayStoreException.key 
39487      DEBUG main            d.u.i.k.p.i.IntermediateProofReplayer Proof replay took 8.9ns 
40095      INFO  main            d.u.i.k.p.r.p.TestFile    ... finished proof: closed. 
40337      INFO  main            d.u.i.k.p.i.AbstractProblemLoader Loading environment from /home/runner/work/key/key/key.core/../key.ui/examples/standard_key/arrays/arrayStoreException/throwArrayStoreException.key.proof 
40337      DEBUG main            d.u.i.k.p.i.AbstractProblemLoader Environment load took 157.2ns 
40339      INFO  main            d.u.i.k.p.i.AbstractProblemLoader Creating init config 
43683      DEBUG main            d.u.i.k.p.i.AbstractProblemLoader Init config took 3.34s 
43711      INFO  main            d.u.i.k.p.i.AbstractProblemLoader Replaying proof throwArrayStoreException.key.proof 
43827      DEBUG main            d.u.i.k.p.i.IntermediateProofReplayer Proof replay took 110.65ms 
43829      DEBUG main            d.u.i.k.p.r.p.TestFile    ... success: reloaded. 
43830      INFO  main            d.u.i.k.p.r.p.TestFile    Now processing file /home/runner/work/key/key/key.core/../key.ui/examples/standard_key/arrays/creation/arrayCreation1.key 
43831      INFO  main            d.u.i.k.p.i.AbstractProblemLoader Loading environment from /home/runner/work/key/key/key.core/../key.ui/examples/standard_key/arrays/creation/arrayCreation1.key 
43831      DEBUG main            d.u.i.k.p.i.AbstractProblemLoader Environment load took 263ns 
43833      INFO  main            d.u.i.k.p.i.AbstractProblemLoader Creating init config 
47049      DEBUG main            d.u.i.k.p.i.AbstractProblemLoader Init config took 3.22s 
47075      INFO  main            d.u.i.k.p.i.AbstractProblemLoader Replaying proof arrayCreation1.key 
47078      DEBUG main            d.u.i.k.p.i.IntermediateProofReplayer Proof replay took 8.1ns 
47282      INFO  main            d.u.i.k.p.r.p.TestFile    ... finished proof: closed. 
47526      INFO  main            d.u.i.k.p.i.AbstractProblemLoader Loading environment from /home/runner/work/key/key/key.core/../key.ui/examples/standard_key/arrays/creation/arrayCreation1.key.proof 
47526      DEBUG main            d.u.i.k.p.i.AbstractProblemLoader Environment load took 185.9ns 
47531      INFO  main            d.u.i.k.p.i.AbstractProblemLoader Creating init config 
50878      DEBUG main            d.u.i.k.p.i.AbstractProblemLoader Init config took 3.35s 
50904      INFO  main            d.u.i.k.p.i.AbstractProblemLoader Replaying proof arrayCreation1.key.proof 
50941      DEBUG main            d.u.i.k.p.i.IntermediateProofReplayer Proof replay took 32.95ms 
50943      DEBUG main            d.u.i.k.p.r.p.TestFile    ... success: reloaded. 
50944      INFO  main            d.u.i.k.p.r.p.TestFile    Now processing file /home/runner/work/key/key/key.core/../key.ui/examples/standard_key/arrays/arrayStoreException/array2Dim.key 
50945      INFO  main            d.u.i.k.p.i.AbstractProblemLoader Loading environment from /home/runner/work/key/key/key.core/../key.ui/examples/standard_key/arrays/arrayStoreException/array2Dim.key 
50946      DEBUG main            d.u.i.k.p.i.AbstractProblemLoader Environment load took 687.2ns 
50947      INFO  main            d.u.i.k.p.i.AbstractProblemLoader Creating init config 
54263      DEBUG main            d.u.i.k.p.i.AbstractProblemLoader Init config took 3.32s 
54289      INFO  main            d.u.i.k.p.i.AbstractProblemLoader Replaying proof array2Dim.key 
54292      DEBUG main            d.u.i.k.p.i.IntermediateProofReplayer Proof replay took 8.9ns 
58504      INFO  main            d.u.i.k.p.r.p.TestFile    ... finished proof: open goal(s) 
58876      INFO  main            d.u.i.k.p.r.p.TestFile    Now processing file /home/runner/work/key/key/key.core/../key.ui/examples/standard_key/arrays/arrayStoreException/array2DimClose.key 
58878      INFO  main            d.u.i.k.p.i.AbstractProblemLoader Loading environment from /home/runner/work/key/key/key.core/../key.ui/examples/standard_key/arrays/arrayStoreException/array2DimClose.key 
58878      DEBUG main            d.u.i.k.p.i.AbstractProblemLoader Environment load took 285.7ns 
58880      INFO  main            d.u.i.k.p.i.AbstractProblemLoader Creating init config 
61931      DEBUG main            d.u.i.k.p.i.AbstractProblemLoader Init config took 3.05s 
61961      INFO  main            d.u.i.k.p.i.AbstractProblemLoader Replaying proof array2DimClose.key 
61965      DEBUG main            d.u.i.k.p.i.IntermediateProofReplayer Proof replay took 14.8ns 
64789      INFO  main            d.u.i.k.p.r.p.TestFile    ... finished proof: open goal(s) 
65259      INFO  main            d.u.i.k.p.r.p.TestFile    Now processing file /home/runner/work/key/key/key.core/../key.ui/examples/standard_key/arrays/arrayStoreException/throwASEForPrim.key 
65259      INFO  main            d.u.i.k.p.i.AbstractProblemLoader Loading environment from /home/runner/work/key/key/key.core/../key.ui/examples/standard_key/arrays/arrayStoreException/throwASEForPrim.key 
65260      DEBUG main            d.u.i.k.p.i.AbstractProblemLoader Environment load took 312.5ns 
65261      INFO  main            d.u.i.k.p.i.AbstractProblemLoader Creating init config 
68367      DEBUG main            d.u.i.k.p.i.AbstractProblemLoader Init config took 3.11s 
68390      INFO  main            d.u.i.k.p.i.AbstractProblemLoader Replaying proof throwASEForPrim.key 
68393      DEBUG main            d.u.i.k.p.i.IntermediateProofReplayer Proof replay took 12.7ns 
73685      INFO  main            d.u.i.k.p.r.p.TestFile    ... finished proof: open goal(s) 
3777039    INFO  Test worker     d.u.i.k.p.r.RunAllProofsTestUnit Returning from test arrays 
3777041    INFO  Test worker     d.u.i.k.p.r.RunAllProofsTestUnit Running test javadl 
502        INFO  Timeout watchdog d.u.i.k.p.r.p.ForkedTestFileRunner Timeout watcher launched (2000 secs.) 
530        WARN  main            d.u.i.k.s.ProofSettings   The settings in /home/runner/.key/proof-settings.props are *not* read. 
594        INFO  main            d.u.i.k.p.r.p.TestFile    Now processing file /home/runner/work/key/key/key.core/../key.ui/examples/standard_key/instanceCreation/instanceCreation1.key 
748        INFO  main            d.u.i.k.p.i.AbstractProblemLoader Loading environment from /home/runner/work/key/key/key.core/../key.ui/examples/standard_key/instanceCreation/instanceCreation1.key 
769        DEBUG main            d.u.i.k.p.i.AbstractProblemLoader Environment load took 2.25ms 
1117       INFO  main            d.u.i.k.p.i.AbstractProblemLoader Creating init config 
2406       DEBUG main            d.u.i.k.j.TypeConverter   No LDT found for Meta 
2407       DEBUG main            d.u.i.k.j.TypeConverter   No LDT found for Meta 
2408       DEBUG main            d.u.i.k.j.TypeConverter   No LDT found for Meta 
2409       DEBUG main            d.u.i.k.j.TypeConverter   No LDT found for Meta 
4414       DEBUG main            d.u.i.k.j.TypeConverter   No LDT found for JavaBigintExpression 
10781      DEBUG main            d.u.i.k.p.i.AbstractProblemLoader Init config took 9.66s 
10861      INFO  main            d.u.i.k.p.i.AbstractProblemLoader Replaying proof instanceCreation1.key 
10906      DEBUG main            d.u.i.k.p.i.IntermediateProofReplayer Proof replay took 40.7ns 
12275      INFO  main            d.u.i.k.p.r.p.TestFile    ... finished proof: closed. 
12421      INFO  main            d.u.i.k.p.i.AbstractProblemLoader Loading environment from /home/runner/work/key/key/key.core/../key.ui/examples/standard_key/instanceCreation/instanceCreation1.key.proof 
12424      DEBUG main            d.u.i.k.p.i.AbstractProblemLoader Environment load took 226.9ns 
12429      INFO  main            d.u.i.k.p.i.AbstractProblemLoader Creating init config 
15851      DEBUG main            d.u.i.k.p.i.AbstractProblemLoader Init config took 3.42s 
15911      INFO  main            d.u.i.k.p.i.AbstractProblemLoader Replaying proof instanceCreation1.key.proof 
16047      DEBUG main            d.u.i.k.p.i.IntermediateProofReplayer Proof replay took 119.6ms 
16062      DEBUG main            d.u.i.k.p.r.p.TestFile    ... success: reloaded. 
16068      INFO  main            d.u.i.k.p.r.p.TestFile    Now processing file /home/runner/work/key/key/key.core/../key.ui/examples/standard_key/instanceCreation/instanceCreation2.key 
16072      INFO  main            d.u.i.k.p.i.AbstractProblemLoader Loading environment from /home/runner/work/key/key/key.core/../key.ui/examples/standard_key/instanceCreation/instanceCreation2.key 
16085      DEBUG main            d.u.i.k.p.i.AbstractProblemLoader Environment load took 12.75ms 
16091      INFO  main            d.u.i.k.p.i.AbstractProblemLoader Creating init config 
19560      DEBUG main            d.u.i.k.p.i.AbstractProblemLoader Init config took 3.47s 
19602      INFO  main            d.u.i.k.p.i.AbstractProblemLoader Replaying proof instanceCreation2.key 
19620      DEBUG main            d.u.i.k.p.i.IntermediateProofReplayer Proof replay took 6.7ns 
20539      INFO  main            d.u.i.k.p.r.p.TestFile    ... finished proof: closed. 
20741      INFO  main            d.u.i.k.p.i.AbstractProblemLoader Loading environment from /home/runner/work/key/key/key.core/../key.ui/examples/standard_key/instanceCreation/instanceCreation2.key.proof 
20741      DEBUG main            d.u.i.k.p.i.AbstractProblemLoader Environment load took 510.9ns 
20744      INFO  main            d.u.i.k.p.i.AbstractProblemLoader Creating init config 
23955      DEBUG main            d.u.i.k.p.i.AbstractProblemLoader Init config took 3.21s 
23995      INFO  main            d.u.i.k.p.i.AbstractProblemLoader Replaying proof instanceCreation2.key.proof 
24112      DEBUG main            d.u.i.k.p.i.IntermediateProofReplayer Proof replay took 110.25ms 
24114      DEBUG main            d.u.i.k.p.r.p.TestFile    ... success: reloaded. 
24116      INFO  main            d.u.i.k.p.r.p.TestFile    Now processing file /home/runner/work/key/key/key.core/../key.ui/examples/standard_key/instanceCreation/interfacesAndAbstractClassesHaveNoInstances.key 
24116      INFO  main            d.u.i.k.p.i.AbstractProblemLoader Loading environment from /home/runner/work/key/key/key.core/../key.ui/examples/standard_key/instanceCreation/interfacesAndAbstractClassesHaveNoInstances.key 
24116      DEBUG main            d.u.i.k.p.i.AbstractProblemLoader Environment load took 258.6ns 
24118      INFO  main            d.u.i.k.p.i.AbstractProblemLoader Creating init config 
27401      DEBUG main            d.u.i.k.p.i.AbstractProblemLoader Init config took 3.28s 
27428      INFO  main            d.u.i.k.p.i.AbstractProblemLoader Replaying proof interfacesAndAbstractClassesHaveNoInstances.key 
27430      DEBUG main            d.u.i.k.p.i.IntermediateProofReplayer Proof replay took 6.6ns 
27533      INFO  main            d.u.i.k.p.r.p.TestFile    ... finished proof: closed. 
27734      INFO  main            d.u.i.k.p.i.AbstractProblemLoader Loading environment from /home/runner/work/key/key/key.core/../key.ui/examples/standard_key/instanceCreation/interfacesAndAbstractClassesHaveNoInstances.key.proof 
27734      DEBUG main            d.u.i.k.p.i.AbstractProblemLoader Environment load took 141.8ns 
27735      INFO  main            d.u.i.k.p.i.AbstractProblemLoader Creating init config 
30856      DEBUG main            d.u.i.k.p.i.AbstractProblemLoader Init config took 3.12s 
30882      INFO  main            d.u.i.k.p.i.AbstractProblemLoader Replaying proof interfacesAndAbstractClassesHaveNoInstances.key.proof 
30886      DEBUG main            d.u.i.k.p.i.IntermediateProofReplayer Proof replay took 1.55ms 
30887      DEBUG main            d.u.i.k.p.r.p.TestFile    ... success: reloaded. 
30889      INFO  main            d.u.i.k.p.r.p.TestFile    Now processing file /home/runner/work/key/key/key.core/../key.ui/examples/standard_key/instanceCreation/successiveCreatedObjectsAreDistinct.key 
30889      INFO  main            d.u.i.k.p.i.AbstractProblemLoader Loading environment from /home/runner/work/key/key/key.core/../key.ui/examples/standard_key/instanceCreation/successiveCreatedObjectsAreDistinct.key 
30889      DEBUG main            d.u.i.k.p.i.AbstractProblemLoader Environment load took 255.6ns 
30891      INFO  main            d.u.i.k.p.i.AbstractProblemLoader Creating init config 
34015      DEBUG main            d.u.i.k.p.i.AbstractProblemLoader Init config took 3.12s 
34041      INFO  main            d.u.i.k.p.i.AbstractProblemLoader Replaying proof successiveCreatedObjectsAreDistinct.key 
34043      DEBUG main            d.u.i.k.p.i.IntermediateProofReplayer Proof replay took 5.7ns 
34447      INFO  main            d.u.i.k.p.r.p.TestFile    ... finished proof: closed. 
34735      INFO  main            d.u.i.k.p.i.AbstractProblemLoader Loading environment from /home/runner/work/key/key/key.core/../key.ui/examples/standard_key/instanceCreation/successiveCreatedObjectsAreDistinct.key.proof 
34735      DEBUG main            d.u.i.k.p.i.AbstractProblemLoader Environment load took 174.4ns 
34737      INFO  main            d.u.i.k.p.i.AbstractProblemLoader Creating init config 
37842      DEBUG main            d.u.i.k.p.i.AbstractProblemLoader Init config took 3.1s 
37871      INFO  main            d.u.i.k.p.i.AbstractProblemLoader Replaying proof successiveCreatedObjectsAreDistinct.key.proof 
37949      DEBUG main            d.u.i.k.p.i.IntermediateProofReplayer Proof replay took 73.79ms 
37951      DEBUG main            d.u.i.k.p.r.p.TestFile    ... success: reloaded. 
37953      INFO  main            d.u.i.k.p.r.p.TestFile    Now processing file /home/runner/work/key/key/key.core/../key.ui/examples/standard_key/instanceCreation/testOverloadingConstructors.key 
37953      INFO  main            d.u.i.k.p.i.AbstractProblemLoader Loading environment from /home/runner/work/key/key/key.core/../key.ui/examples/standard_key/instanceCreation/testOverloadingConstructors.key 
37954      DEBUG main            d.u.i.k.p.i.AbstractProblemLoader Environment load took 259.7ns 
37955      INFO  main            d.u.i.k.p.i.AbstractProblemLoader Creating init config 
41004      DEBUG main            d.u.i.k.p.i.AbstractProblemLoader Init config took 3.05s 
41032      INFO  main            d.u.i.k.p.i.AbstractProblemLoader Replaying proof testOverloadingConstructors.key 
41035      DEBUG main            d.u.i.k.p.i.IntermediateProofReplayer Proof replay took 8.4ns 
41339      INFO  main            d.u.i.k.p.r.p.TestFile    ... finished proof: closed. 
41562      INFO  main            d.u.i.k.p.i.AbstractProblemLoader Loading environment from /home/runner/work/key/key/key.core/../key.ui/examples/standard_key/instanceCreation/testOverloadingConstructors.key.proof 
41562      DEBUG main            d.u.i.k.p.i.AbstractProblemLoader Environment load took 554.5ns 
41564      INFO  main            d.u.i.k.p.i.AbstractProblemLoader Creating init config 
44573      DEBUG main            d.u.i.k.p.i.AbstractProblemLoader Init config took 3.01s 
44598      INFO  main            d.u.i.k.p.i.AbstractProblemLoader Replaying proof testOverloadingConstructors.key.proof 
44661      DEBUG main            d.u.i.k.p.i.IntermediateProofReplayer Proof replay took 58.94ms 
44663      DEBUG main            d.u.i.k.p.r.p.TestFile    ... success: reloaded. 
44664      INFO  main            d.u.i.k.p.r.p.TestFile    Now processing file /home/runner/work/key/key/key.core/../key.ui/examples/standard_key/java_dl/SimpleAttributes.key 
44665      INFO  main            d.u.i.k.p.i.AbstractProblemLoader Loading environment from /home/runner/work/key/key/key.core/../key.ui/examples/standard_key/java_dl/SimpleAttributes.key 
44665      DEBUG main            d.u.i.k.p.i.AbstractProblemLoader Environment load took 202.1ns 
44666      INFO  main            d.u.i.k.p.i.AbstractProblemLoader Creating init config 
47758      DEBUG main            d.u.i.k.p.i.AbstractProblemLoader Init config took 3.09s 
47788      INFO  main            d.u.i.k.p.i.AbstractProblemLoader Replaying proof SimpleAttributes.key 
47790      DEBUG main            d.u.i.k.p.i.IntermediateProofReplayer Proof replay took 8.9ns 
47997      INFO  main            d.u.i.k.p.r.p.TestFile    ... finished proof: closed. 
48211      INFO  main            d.u.i.k.p.i.AbstractProblemLoader Loading environment from /home/runner/work/key/key/key.core/../key.ui/examples/standard_key/java_dl/SimpleAttributes.key.proof 
48212      DEBUG main            d.u.i.k.p.i.AbstractProblemLoader Environment load took 589.4ns 
48214      INFO  main            d.u.i.k.p.i.AbstractProblemLoader Creating init config 
51204      DEBUG main            d.u.i.k.p.i.AbstractProblemLoader Init config took 2.99s 
51230      INFO  main            d.u.i.k.p.i.AbstractProblemLoader Replaying proof SimpleAttributes.key.proof 
51260      DEBUG main            d.u.i.k.p.i.IntermediateProofReplayer Proof replay took 27.48ms 
51262      DEBUG main            d.u.i.k.p.r.p.TestFile    ... success: reloaded. 
51263      INFO  main            d.u.i.k.p.r.p.TestFile    Now processing file /home/runner/work/key/key/key.core/../key.ui/examples/standard_key/java_dl/arrayMax.key 
51263      INFO  main            d.u.i.k.p.i.AbstractProblemLoader Loading environment from /home/runner/work/key/key/key.core/../key.ui/examples/standard_key/java_dl/arrayMax.key 
51263      DEBUG main            d.u.i.k.p.i.AbstractProblemLoader Environment load took 99.4ns 
51266      INFO  main            d.u.i.k.p.i.AbstractProblemLoader Creating init config 
54476      DEBUG main            d.u.i.k.p.i.AbstractProblemLoader Init config took 3.21s 
54503      INFO  main            d.u.i.k.p.i.AbstractProblemLoader Replaying proof arrayMax.key 
54506      DEBUG main            d.u.i.k.p.i.IntermediateProofReplayer Proof replay took 7ns 
56052      INFO  main            d.u.i.k.p.r.p.TestFile    ... finished proof: closed. 
56312      INFO  main            d.u.i.k.p.i.AbstractProblemLoader Loading environment from /home/runner/work/key/key/key.core/../key.ui/examples/standard_key/java_dl/arrayMax.key.proof 
56313      DEBUG main            d.u.i.k.p.i.AbstractProblemLoader Environment load took 461.9ns 
56315      INFO  main            d.u.i.k.p.i.AbstractProblemLoader Creating init config 
59431      DEBUG main            d.u.i.k.p.i.AbstractProblemLoader Init config took 3.12s 
59463      INFO  main            d.u.i.k.p.i.AbstractProblemLoader Replaying proof arrayMax.key.proof 
59714      DEBUG main            d.u.i.k.p.i.IntermediateProofReplayer Proof replay took 242.71ms 
59716      DEBUG main            d.u.i.k.p.r.p.TestFile    ... success: reloaded. 
59718      INFO  main            d.u.i.k.p.r.p.TestFile    Now processing file /home/runner/work/key/key/key.core/../key.ui/examples/standard_key/java_dl/arrayUpdateSimp.key 
59718      INFO  main            d.u.i.k.p.i.AbstractProblemLoader Loading environment from /home/runner/work/key/key/key.core/../key.ui/examples/standard_key/java_dl/arrayUpdateSimp.key 
59719      DEBUG main            d.u.i.k.p.i.AbstractProblemLoader Environment load took 233.6ns 
59722      INFO  main            d.u.i.k.p.i.AbstractProblemLoader Creating init config 
59757      WARN  main            d.u.i.k.j.r.KeYCrossReferenceNameInfo Datatype java.io.PrintStream declared twice: Once in FILE:/home/runner/work/key/key/key.core/../key.ui/examples/standard_key/java_dl/./classpath/PrintStream.java and once in URL:file:/home/runner/work/key/key/key.core/build/resources/main/de/uka/ilkd/key/java/JavaRedux/java/io/PrintStream.java, Keeping one from URL:file:/home/runner/work/key/key/key.core/build/resources/main/de/uka/ilkd/key/java/JavaRedux/java/io/PrintStream.java 
59758      WARN  main            d.u.i.k.j.r.KeYCrossReferenceNameInfo Datatype java.lang.System declared twice: Once in FILE:/home/runner/work/key/key/key.core/../key.ui/examples/standard_key/java_dl/./classpath/System.java and once in URL:file:/home/runner/work/key/key/key.core/build/resources/main/de/uka/ilkd/key/java/JavaRedux/java/lang/System.java, Keeping one from URL:file:/home/runner/work/key/key/key.core/build/resources/main/de/uka/ilkd/key/java/JavaRedux/java/lang/System.java 
59758      WARN  main            d.u.i.k.j.r.KeYCrossReferenceNameInfo Datatype java.io.InputStream declared twice: Once in FILE:/home/runner/work/key/key/key.core/../key.ui/examples/standard_key/java_dl/./classpath/InputStream.java and once in URL:file:/home/runner/work/key/key/key.core/build/resources/main/de/uka/ilkd/key/java/JavaRedux/java/io/InputStream.java, Keeping one from URL:file:/home/runner/work/key/key/key.core/build/resources/main/de/uka/ilkd/key/java/JavaRedux/java/io/InputStream.java 
59766      DEBUG main            d.u.i.k.j.r.ClassFileDeclarationBuilder Parsing: package java.io; public class Closeable { } 
59766      DEBUG main            r.s.KeYCrossReferenceSourceInfo Dynamically created class: java.io.Closeable 
62900      DEBUG main            d.u.i.k.p.i.AbstractProblemLoader Init config took 3.18s 
62927      INFO  main            d.u.i.k.p.i.AbstractProblemLoader Replaying proof arrayUpdateSimp.key 
62929      DEBUG main            d.u.i.k.p.i.IntermediateProofReplayer Proof replay took 9.2ns 
63033      INFO  main            d.u.i.k.p.r.p.TestFile    ... finished proof: closed. 
63301      INFO  main            d.u.i.k.p.i.AbstractProblemLoader Loading environment from /home/runner/work/key/key/key.core/../key.ui/examples/standard_key/java_dl/arrayUpdateSimp.key.proof 
63301      DEBUG main            d.u.i.k.p.i.AbstractProblemLoader Environment load took 659.3ns 
63307      INFO  main            d.u.i.k.p.i.AbstractProblemLoader Creating init config 
63340      WARN  main            d.u.i.k.j.r.KeYCrossReferenceNameInfo Datatype java.io.PrintStream declared twice: Once in FILE:/home/runner/work/key/key/key.core/../key.ui/examples/standard_key/java_dl/classpath/PrintStream.java and once in URL:file:/home/runner/work/key/key/key.core/build/resources/main/de/uka/ilkd/key/java/JavaRedux/java/io/PrintStream.java, Keeping one from URL:file:/home/runner/work/key/key/key.core/build/resources/main/de/uka/ilkd/key/java/JavaRedux/java/io/PrintStream.java 
63341      WARN  main            d.u.i.k.j.r.KeYCrossReferenceNameInfo Datatype java.lang.System declared twice: Once in FILE:/home/runner/work/key/key/key.core/../key.ui/examples/standard_key/java_dl/classpath/System.java and once in URL:file:/home/runner/work/key/key/key.core/build/resources/main/de/uka/ilkd/key/java/JavaRedux/java/lang/System.java, Keeping one from URL:file:/home/runner/work/key/key/key.core/build/resources/main/de/uka/ilkd/key/java/JavaRedux/java/lang/System.java 
63341      WARN  main            d.u.i.k.j.r.KeYCrossReferenceNameInfo Datatype java.io.InputStream declared twice: Once in FILE:/home/runner/work/key/key/key.core/../key.ui/examples/standard_key/java_dl/classpath/InputStream.java and once in URL:file:/home/runner/work/key/key/key.core/build/resources/main/de/uka/ilkd/key/java/JavaRedux/java/io/InputStream.java, Keeping one from URL:file:/home/runner/work/key/key/key.core/build/resources/main/de/uka/ilkd/key/java/JavaRedux/java/io/InputStream.java 
63345      DEBUG main            d.u.i.k.j.r.ClassFileDeclarationBuilder Parsing: package java.io; public class Closeable { } 
63356      DEBUG main            r.s.KeYCrossReferenceSourceInfo Dynamically created class: java.io.Closeable 
66440      DEBUG main            d.u.i.k.p.i.AbstractProblemLoader Init config took 3.13s 
66468      INFO  main            d.u.i.k.p.i.AbstractProblemLoader Replaying proof arrayUpdateSimp.key.proof 
66472      DEBUG main            d.u.i.k.p.i.IntermediateProofReplayer Proof replay took 840.9ns 
66474      DEBUG main            d.u.i.k.p.r.p.TestFile    ... success: reloaded. 
66476      INFO  main            d.u.i.k.p.r.p.TestFile    Now processing file /home/runner/work/key/key/key.core/../key.ui/examples/standard_key/java_dl/attributes.key 
66477      INFO  main            d.u.i.k.p.i.AbstractProblemLoader Loading environment from /home/runner/work/key/key/key.core/../key.ui/examples/standard_key/java_dl/attributes.key 
66477      DEBUG main            d.u.i.k.p.i.AbstractProblemLoader Environment load took 368ns 
66479      INFO  main            d.u.i.k.p.i.AbstractProblemLoader Creating init config 
69689      DEBUG main            d.u.i.k.p.i.AbstractProblemLoader Init config took 3.21s 
69713      INFO  main            d.u.i.k.p.i.AbstractProblemLoader Replaying proof attributes.key 
69715      DEBUG main            d.u.i.k.p.i.IntermediateProofReplayer Proof replay took 9.3ns 
69919      INFO  main            d.u.i.k.p.r.p.TestFile    ... finished proof: closed. 
70156      INFO  main            d.u.i.k.p.i.AbstractProblemLoader Loading environment from /home/runner/work/key/key/key.core/../key.ui/examples/standard_key/java_dl/attributes.key.proof 
70159      DEBUG main            d.u.i.k.p.i.AbstractProblemLoader Environment load took 2.86ms 
70160      INFO  main            d.u.i.k.p.i.AbstractProblemLoader Creating init config 
73258      DEBUG main            d.u.i.k.p.i.AbstractProblemLoader Init config took 3.1s 
73282      INFO  main            d.u.i.k.p.i.AbstractProblemLoader Replaying proof attributes.key.proof 
73328      DEBUG main            d.u.i.k.p.i.IntermediateProofReplayer Proof replay took 43.51ms 
73329      DEBUG main            d.u.i.k.p.r.p.TestFile    ... success: reloaded. 
73330      INFO  main            d.u.i.k.p.r.p.TestFile    Now processing file /home/runner/work/key/key/key.core/../key.ui/examples/standard_key/java_dl/break.key 
73331      INFO  main            d.u.i.k.p.i.AbstractProblemLoader Loading environment from /home/runner/work/key/key/key.core/../key.ui/examples/standard_key/java_dl/break.key 
73331      DEBUG main            d.u.i.k.p.i.AbstractProblemLoader Environment load took 113.1ns 
73332      INFO  main            d.u.i.k.p.i.AbstractProblemLoader Creating init config 
73362      WARN  main            d.u.i.k.j.r.KeYCrossReferenceNameInfo Datatype java.io.PrintStream declared twice: Once in FILE:/home/runner/work/key/key/key.core/../key.ui/examples/standard_key/java_dl/classpath/PrintStream.java and once in URL:file:/home/runner/work/key/key/key.core/build/resources/main/de/uka/ilkd/key/java/JavaRedux/java/io/PrintStream.java, Keeping one from URL:file:/home/runner/work/key/key/key.core/build/resources/main/de/uka/ilkd/key/java/JavaRedux/java/io/PrintStream.java 
73363      WARN  main            d.u.i.k.j.r.KeYCrossReferenceNameInfo Datatype java.lang.System declared twice: Once in FILE:/home/runner/work/key/key/key.core/../key.ui/examples/standard_key/java_dl/classpath/System.java and once in URL:file:/home/runner/work/key/key/key.core/build/resources/main/de/uka/ilkd/key/java/JavaRedux/java/lang/System.java, Keeping one from URL:file:/home/runner/work/key/key/key.core/build/resources/main/de/uka/ilkd/key/java/JavaRedux/java/lang/System.java 
73363      WARN  main            d.u.i.k.j.r.KeYCrossReferenceNameInfo Datatype java.io.InputStream declared twice: Once in FILE:/home/runner/work/key/key/key.core/../key.ui/examples/standard_key/java_dl/classpath/InputStream.java and once in URL:file:/home/runner/work/key/key/key.core/build/resources/main/de/uka/ilkd/key/java/JavaRedux/java/io/InputStream.java, Keeping one from URL:file:/home/runner/work/key/key/key.core/build/resources/main/de/uka/ilkd/key/java/JavaRedux/java/io/InputStream.java 
73366      DEBUG main            d.u.i.k.j.r.ClassFileDeclarationBuilder Parsing: package java.io; public class Closeable { } 
73367      DEBUG main            r.s.KeYCrossReferenceSourceInfo Dynamically created class: java.io.Closeable 
76395      DEBUG main            d.u.i.k.p.i.AbstractProblemLoader Init config took 3.06s 
76419      INFO  main            d.u.i.k.p.i.AbstractProblemLoader Replaying proof break.key 
76421      DEBUG main            d.u.i.k.p.i.IntermediateProofReplayer Proof replay took 8.8ns 
76523      INFO  main            d.u.i.k.p.r.p.TestFile    ... finished proof: closed. 
76790      INFO  main            d.u.i.k.p.i.AbstractProblemLoader Loading environment from /home/runner/work/key/key/key.core/../key.ui/examples/standard_key/java_dl/break.key.proof 
76790      DEBUG main            d.u.i.k.p.i.AbstractProblemLoader Environment load took 193.7ns 
76792      INFO  main            d.u.i.k.p.i.AbstractProblemLoader Creating init config 
76825      WARN  main            d.u.i.k.j.r.KeYCrossReferenceNameInfo Datatype java.io.PrintStream declared twice: Once in FILE:/home/runner/work/key/key/key.core/../key.ui/examples/standard_key/java_dl/classpath/PrintStream.java and once in URL:file:/home/runner/work/key/key/key.core/build/resources/main/de/uka/ilkd/key/java/JavaRedux/java/io/PrintStream.java, Keeping one from URL:file:/home/runner/work/key/key/key.core/build/resources/main/de/uka/ilkd/key/java/JavaRedux/java/io/PrintStream.java 
76825      WARN  main            d.u.i.k.j.r.KeYCrossReferenceNameInfo Datatype java.lang.System declared twice: Once in FILE:/home/runner/work/key/key/key.core/../key.ui/examples/standard_key/java_dl/classpath/System.java and once in URL:file:/home/runner/work/key/key/key.core/build/resources/main/de/uka/ilkd/key/java/JavaRedux/java/lang/System.java, Keeping one from URL:file:/home/runner/work/key/key/key.core/build/resources/main/de/uka/ilkd/key/java/JavaRedux/java/lang/System.java 
76826      WARN  main            d.u.i.k.j.r.KeYCrossReferenceNameInfo Datatype java.io.InputStream declared twice: Once in FILE:/home/runner/work/key/key/key.core/../key.ui/examples/standard_key/java_dl/classpath/InputStream.java and once in URL:file:/home/runner/work/key/key/key.core/build/resources/main/de/uka/ilkd/key/java/JavaRedux/java/io/InputStream.java, Keeping one from URL:file:/home/runner/work/key/key/key.core/build/resources/main/de/uka/ilkd/key/java/JavaRedux/java/io/InputStream.java 
76830      DEBUG main            d.u.i.k.j.r.ClassFileDeclarationBuilder Parsing: package java.io; public class Closeable { } 
76830      DEBUG main            r.s.KeYCrossReferenceSourceInfo Dynamically created class: java.io.Closeable 
79942      DEBUG main            d.u.i.k.p.i.AbstractProblemLoader Init config took 3.15s 
79989      INFO  main            d.u.i.k.p.i.AbstractProblemLoader Replaying proof break.key.proof 
80002      DEBUG main            d.u.i.k.p.i.IntermediateProofReplayer Proof replay took 10.52ms 
80003      DEBUG main            d.u.i.k.p.r.p.TestFile    ... success: reloaded. 
80005      INFO  main            d.u.i.k.p.r.p.TestFile    Now processing file /home/runner/work/key/key/key.core/../key.ui/examples/standard_key/java_dl/char.key 
80005      INFO  main            d.u.i.k.p.i.AbstractProblemLoader Loading environment from /home/runner/work/key/key/key.core/../key.ui/examples/standard_key/java_dl/char.key 
80006      DEBUG main            d.u.i.k.p.i.AbstractProblemLoader Environment load took 126.9ns 
80007      INFO  main            d.u.i.k.p.i.AbstractProblemLoader Creating init config 
83049      DEBUG main            d.u.i.k.p.i.AbstractProblemLoader Init config took 3.04s 
83070      INFO  main            d.u.i.k.p.i.AbstractProblemLoader Replaying proof char.key 
83072      DEBUG main            d.u.i.k.p.i.IntermediateProofReplayer Proof replay took 8.6ns 
83175      INFO  main            d.u.i.k.p.r.p.TestFile    ... finished proof: closed. 
83432      INFO  main            d.u.i.k.p.i.AbstractProblemLoader Loading environment from /home/runner/work/key/key/key.core/../key.ui/examples/standard_key/java_dl/char.key.proof 
83433      DEBUG main            d.u.i.k.p.i.AbstractProblemLoader Environment load took 131.9ns 
83435      INFO  main            d.u.i.k.p.i.AbstractProblemLoader Creating init config 
86474      DEBUG main            d.u.i.k.p.i.AbstractProblemLoader Init config took 3.04s 
86494      INFO  main            d.u.i.k.p.i.AbstractProblemLoader Replaying proof char.key.proof 
86500      DEBUG main            d.u.i.k.p.i.IntermediateProofReplayer Proof replay took 3.04ms 
86501      DEBUG main            d.u.i.k.p.r.p.TestFile    ... success: reloaded. 
86501      INFO  main            d.u.i.k.p.r.p.TestFile    Now processing file /home/runner/work/key/key/key.core/../key.ui/examples/standard_key/java_dl/compileTimeConstants.key 
86502      INFO  main            d.u.i.k.p.i.AbstractProblemLoader Loading environment from /home/runner/work/key/key/key.core/../key.ui/examples/standard_key/java_dl/compileTimeConstants.key 
86502      DEBUG main            d.u.i.k.p.i.AbstractProblemLoader Environment load took 247.4ns 
86504      INFO  main            d.u.i.k.p.i.AbstractProblemLoader Creating init config 
89543      DEBUG main            d.u.i.k.p.i.AbstractProblemLoader Init config took 3.04s 
89563      INFO  main            d.u.i.k.p.i.AbstractProblemLoader Replaying proof compileTimeConstants.key 
89565      DEBUG main            d.u.i.k.p.i.IntermediateProofReplayer Proof replay took 8.6ns 
89668      INFO  main            d.u.i.k.p.r.p.TestFile    ... finished proof: closed. 
89918      INFO  main            d.u.i.k.p.i.AbstractProblemLoader Loading environment from /home/runner/work/key/key/key.core/../key.ui/examples/standard_key/java_dl/compileTimeConstants.key.proof 
89918      DEBUG main            d.u.i.k.p.i.AbstractProblemLoader Environment load took 150.8ns 
89920      INFO  main            d.u.i.k.p.i.AbstractProblemLoader Creating init config 
92849      DEBUG main            d.u.i.k.p.i.AbstractProblemLoader Init config took 2.93s 
92869      INFO  main            d.u.i.k.p.i.AbstractProblemLoader Replaying proof compileTimeConstants.key.proof 
92885      DEBUG main            d.u.i.k.p.i.IntermediateProofReplayer Proof replay took 13.58ms 
92892      DEBUG main            d.u.i.k.p.r.p.TestFile    ... success: reloaded. 
92893      INFO  main            d.u.i.k.p.r.p.TestFile    Now processing file /home/runner/work/key/key/key.core/../key.ui/examples/standard_key/java_dl/constructorException/test.key 
92893      INFO  main            d.u.i.k.p.i.AbstractProblemLoader Loading environment from /home/runner/work/key/key/key.core/../key.ui/examples/standard_key/java_dl/constructorException/test.key 
92893      DEBUG main            d.u.i.k.p.i.AbstractProblemLoader Environment load took 127.6ns 
92894      INFO  main            d.u.i.k.p.i.AbstractProblemLoader Creating init config 
95960      DEBUG main            d.u.i.k.p.i.AbstractProblemLoader Init config took 3.07s 
96066      INFO  main            d.u.i.k.p.i.AbstractProblemLoader Replaying proof Test[Test::Test(int)].JML operation contract.0 
96067      DEBUG main            d.u.i.k.p.i.IntermediateProofReplayer Proof replay took 7.4ns 
96370      INFO  main            d.u.i.k.p.r.p.TestFile    ... finished proof: closed. 
96693      INFO  main            d.u.i.k.p.i.AbstractProblemLoader Loading environment from /home/runner/work/key/key/key.core/../key.ui/examples/standard_key/java_dl/constructorException/test.key.proof 
96693      DEBUG main            d.u.i.k.p.i.AbstractProblemLoader Environment load took 121.3ns 
96694      INFO  main            d.u.i.k.p.i.AbstractProblemLoader Creating init config 
99648      DEBUG main            d.u.i.k.p.i.AbstractProblemLoader Init config took 2.95s 
99702      INFO  main            d.u.i.k.p.i.AbstractProblemLoader Replaying proof Test[Test::Test(int)].JML operation contract.0 
99770      DEBUG main            d.u.i.k.p.i.IntermediateProofReplayer Proof replay took 65.35ms 
99772      DEBUG main            d.u.i.k.p.r.p.TestFile    ... success: reloaded. 
99773      INFO  main            d.u.i.k.p.r.p.TestFile    Now processing file /home/runner/work/key/key/key.core/../key.ui/examples/standard_key/java_dl/constructorException/regressionTestBug1333.key 
99774      INFO  main            d.u.i.k.p.i.AbstractProblemLoader Loading environment from /home/runner/work/key/key/key.core/../key.ui/examples/standard_key/java_dl/constructorException/regressionTestBug1333.key 
99774      DEBUG main            d.u.i.k.p.i.AbstractProblemLoader Environment load took 252.1ns 
99775      INFO  main            d.u.i.k.p.i.AbstractProblemLoader Creating init config 
102863     DEBUG main            d.u.i.k.p.i.AbstractProblemLoader Init config took 3.09s 
102912     INFO  main            d.u.i.k.p.i.AbstractProblemLoader Replaying proof False[False::False()].JML normal_behavior operation contract.0 
102914     DEBUG main            d.u.i.k.p.i.IntermediateProofReplayer Proof replay took 6.5ns 
103021     INFO  main            d.u.i.k.p.r.p.TestFile    ... finished proof: open goal(s) 
103292     INFO  main            d.u.i.k.p.r.p.TestFile    Now processing file /home/runner/work/key/key/key.core/../key.ui/examples/standard_key/java_dl/continue1.key 
103293     INFO  main            d.u.i.k.p.i.AbstractProblemLoader Loading environment from /home/runner/work/key/key/key.core/../key.ui/examples/standard_key/java_dl/continue1.key 
103293     DEBUG main            d.u.i.k.p.i.AbstractProblemLoader Environment load took 70.1ns 
103294     INFO  main            d.u.i.k.p.i.AbstractProblemLoader Creating init config 
103323     WARN  main            d.u.i.k.j.r.KeYCrossReferenceNameInfo Datatype java.io.PrintStream declared twice: Once in FILE:/home/runner/work/key/key/key.core/../key.ui/examples/standard_key/java_dl/classpath/PrintStream.java and once in URL:file:/home/runner/work/key/key/key.core/build/resources/main/de/uka/ilkd/key/java/JavaRedux/java/io/PrintStream.java, Keeping one from URL:file:/home/runner/work/key/key/key.core/build/resources/main/de/uka/ilkd/key/java/JavaRedux/java/io/PrintStream.java 
103323     WARN  main            d.u.i.k.j.r.KeYCrossReferenceNameInfo Datatype java.lang.System declared twice: Once in FILE:/home/runner/work/key/key/key.core/../key.ui/examples/standard_key/java_dl/classpath/System.java and once in URL:file:/home/runner/work/key/key/key.core/build/resources/main/de/uka/ilkd/key/java/JavaRedux/java/lang/System.java, Keeping one from URL:file:/home/runner/work/key/key/key.core/build/resources/main/de/uka/ilkd/key/java/JavaRedux/java/lang/System.java 
103323     WARN  main            d.u.i.k.j.r.KeYCrossReferenceNameInfo Datatype java.io.InputStream declared twice: Once in FILE:/home/runner/work/key/key/key.core/../key.ui/examples/standard_key/java_dl/classpath/InputStream.java and once in URL:file:/home/runner/work/key/key/key.core/build/resources/main/de/uka/ilkd/key/java/JavaRedux/java/io/InputStream.java, Keeping one from URL:file:/home/runner/work/key/key/key.core/build/resources/main/de/uka/ilkd/key/java/JavaRedux/java/io/InputStream.java 
103327     DEBUG main            d.u.i.k.j.r.ClassFileDeclarationBuilder Parsing: package java.io; public class Closeable { } 
103327     DEBUG main            r.s.KeYCrossReferenceSourceInfo Dynamically created class: java.io.Closeable 
106262     DEBUG main            d.u.i.k.p.i.AbstractProblemLoader Init config took 2.97s 
106289     INFO  main            d.u.i.k.p.i.AbstractProblemLoader Replaying proof continue1.key 
106291     DEBUG main            d.u.i.k.p.i.IntermediateProofReplayer Proof replay took 7.7ns 
106495     INFO  main            d.u.i.k.p.r.p.TestFile    ... finished proof: closed. 
106749     INFO  main            d.u.i.k.p.i.AbstractProblemLoader Loading environment from /home/runner/work/key/key/key.core/../key.ui/examples/standard_key/java_dl/continue1.key.proof 
106749     DEBUG main            d.u.i.k.p.i.AbstractProblemLoader Environment load took 157.3ns 
106751     INFO  main            d.u.i.k.p.i.AbstractProblemLoader Creating init config 
106780     WARN  main            d.u.i.k.j.r.KeYCrossReferenceNameInfo Datatype java.io.PrintStream declared twice: Once in FILE:/home/runner/work/key/key/key.core/../key.ui/examples/standard_key/java_dl/classpath/PrintStream.java and once in URL:file:/home/runner/work/key/key/key.core/build/resources/main/de/uka/ilkd/key/java/JavaRedux/java/io/PrintStream.java, Keeping one from URL:file:/home/runner/work/key/key/key.core/build/resources/main/de/uka/ilkd/key/java/JavaRedux/java/io/PrintStream.java 
106780     WARN  main            d.u.i.k.j.r.KeYCrossReferenceNameInfo Datatype java.lang.System declared twice: Once in FILE:/home/runner/work/key/key/key.core/../key.ui/examples/standard_key/java_dl/classpath/System.java and once in URL:file:/home/runner/work/key/key/key.core/build/resources/main/de/uka/ilkd/key/java/JavaRedux/java/lang/System.java, Keeping one from URL:file:/home/runner/work/key/key/key.core/build/resources/main/de/uka/ilkd/key/java/JavaRedux/java/lang/System.java 
106780     WARN  main            d.u.i.k.j.r.KeYCrossReferenceNameInfo Datatype java.io.InputStream declared twice: Once in FILE:/home/runner/work/key/key/key.core/../key.ui/examples/standard_key/java_dl/classpath/InputStream.java and once in URL:file:/home/runner/work/key/key/key.core/build/resources/main/de/uka/ilkd/key/java/JavaRedux/java/io/InputStream.java, Keeping one from URL:file:/home/runner/work/key/key/key.core/build/resources/main/de/uka/ilkd/key/java/JavaRedux/java/io/InputStream.java 
106784     DEBUG main            d.u.i.k.j.r.ClassFileDeclarationBuilder Parsing: package java.io; public class Closeable { } 
106784     DEBUG main            r.s.KeYCrossReferenceSourceInfo Dynamically created class: java.io.Closeable 
109677     DEBUG main            d.u.i.k.p.i.AbstractProblemLoader Init config took 2.93s 
109695     INFO  main            d.u.i.k.p.i.AbstractProblemLoader Replaying proof continue1.key.proof 
109719     DEBUG main            d.u.i.k.p.i.IntermediateProofReplayer Proof replay took 21.44ms 
109721     DEBUG main            d.u.i.k.p.r.p.TestFile    ... success: reloaded. 
109723     INFO  main            d.u.i.k.p.r.p.TestFile    Now processing file /home/runner/work/key/key/key.core/../key.ui/examples/standard_key/java_dl/continue2.key 
109723     INFO  main            d.u.i.k.p.i.AbstractProblemLoader Loading environment from /home/runner/work/key/key/key.core/../key.ui/examples/standard_key/java_dl/continue2.key 
109723     DEBUG main            d.u.i.k.p.i.AbstractProblemLoader Environment load took 224.5ns 
109725     INFO  main            d.u.i.k.p.i.AbstractProblemLoader Creating init config 
109752     WARN  main            d.u.i.k.j.r.KeYCrossReferenceNameInfo Datatype java.io.PrintStream declared twice: Once in FILE:/home/runner/work/key/key/key.core/../key.ui/examples/standard_key/java_dl/classpath/PrintStream.java and once in URL:file:/home/runner/work/key/key/key.core/build/resources/main/de/uka/ilkd/key/java/JavaRedux/java/io/PrintStream.java, Keeping one from URL:file:/home/runner/work/key/key/key.core/build/resources/main/de/uka/ilkd/key/java/JavaRedux/java/io/PrintStream.java 
109753     WARN  main            d.u.i.k.j.r.KeYCrossReferenceNameInfo Datatype java.lang.System declared twice: Once in FILE:/home/runner/work/key/key/key.core/../key.ui/examples/standard_key/java_dl/classpath/System.java and once in URL:file:/home/runner/work/key/key/key.core/build/resources/main/de/uka/ilkd/key/java/JavaRedux/java/lang/System.java, Keeping one from URL:file:/home/runner/work/key/key/key.core/build/resources/main/de/uka/ilkd/key/java/JavaRedux/java/lang/System.java 
109753     WARN  main            d.u.i.k.j.r.KeYCrossReferenceNameInfo Datatype java.io.InputStream declared twice: Once in FILE:/home/runner/work/key/key/key.core/../key.ui/examples/standard_key/java_dl/classpath/InputStream.java and once in URL:file:/home/runner/work/key/key/key.core/build/resources/main/de/uka/ilkd/key/java/JavaRedux/java/io/InputStream.java, Keeping one from URL:file:/home/runner/work/key/key/key.core/build/resources/main/de/uka/ilkd/key/java/JavaRedux/java/io/InputStream.java 
109756     DEBUG main            d.u.i.k.j.r.ClassFileDeclarationBuilder Parsing: package java.io; public class Closeable { } 
109757     DEBUG main            r.s.KeYCrossReferenceSourceInfo Dynamically created class: java.io.Closeable 
112832     DEBUG main            d.u.i.k.p.i.AbstractProblemLoader Init config took 3.11s 
112865     INFO  main            d.u.i.k.p.i.AbstractProblemLoader Replaying proof continue2.key 
112868     DEBUG main            d.u.i.k.p.i.IntermediateProofReplayer Proof replay took 8.3ns 
113171     INFO  main            d.u.i.k.p.r.p.TestFile    ... finished proof: closed. 
113462     INFO  main            d.u.i.k.p.i.AbstractProblemLoader Loading environment from /home/runner/work/key/key/key.core/../key.ui/examples/standard_key/java_dl/continue2.key.proof 
113463     DEBUG main            d.u.i.k.p.i.AbstractProblemLoader Environment load took 769.4ns 
113465     INFO  main            d.u.i.k.p.i.AbstractProblemLoader Creating init config 
113511     WARN  main            d.u.i.k.j.r.KeYCrossReferenceNameInfo Datatype java.io.PrintStream declared twice: Once in FILE:/home/runner/work/key/key/key.core/../key.ui/examples/standard_key/java_dl/classpath/PrintStream.java and once in URL:file:/home/runner/work/key/key/key.core/build/resources/main/de/uka/ilkd/key/java/JavaRedux/java/io/PrintStream.java, Keeping one from URL:file:/home/runner/work/key/key/key.core/build/resources/main/de/uka/ilkd/key/java/JavaRedux/java/io/PrintStream.java 
113515     WARN  main            d.u.i.k.j.r.KeYCrossReferenceNameInfo Datatype java.lang.System declared twice: Once in FILE:/home/runner/work/key/key/key.core/../key.ui/examples/standard_key/java_dl/classpath/System.java and once in URL:file:/home/runner/work/key/key/key.core/build/resources/main/de/uka/ilkd/key/java/JavaRedux/java/lang/System.java, Keeping one from URL:file:/home/runner/work/key/key/key.core/build/resources/main/de/uka/ilkd/key/java/JavaRedux/java/lang/System.java 
113515     WARN  main            d.u.i.k.j.r.KeYCrossReferenceNameInfo Datatype java.io.InputStream declared twice: Once in FILE:/home/runner/work/key/key/key.core/../key.ui/examples/standard_key/java_dl/classpath/InputStream.java and once in URL:file:/home/runner/work/key/key/key.core/build/resources/main/de/uka/ilkd/key/java/JavaRedux/java/io/InputStream.java, Keeping one from URL:file:/home/runner/work/key/key/key.core/build/resources/main/de/uka/ilkd/key/java/JavaRedux/java/io/InputStream.java 
113536     DEBUG main            d.u.i.k.j.r.ClassFileDeclarationBuilder Parsing: package java.io; public class Closeable { } 
113536     DEBUG main            r.s.KeYCrossReferenceSourceInfo Dynamically created class: java.io.Closeable 
116451     DEBUG main            d.u.i.k.p.i.AbstractProblemLoader Init config took 2.99s 
116470     INFO  main            d.u.i.k.p.i.AbstractProblemLoader Replaying proof continue2.key.proof 
116572     DEBUG main            d.u.i.k.p.i.IntermediateProofReplayer Proof replay took 98.57ms 
116575     DEBUG main            d.u.i.k.p.r.p.TestFile    ... success: reloaded. 
116577     INFO  main            d.u.i.k.p.r.p.TestFile    Now processing file /home/runner/work/key/key/key.core/../key.ui/examples/standard_key/java_dl/complexAssignment.key 
116577     INFO  main            d.u.i.k.p.i.AbstractProblemLoader Loading environment from /home/runner/work/key/key/key.core/../key.ui/examples/standard_key/java_dl/complexAssignment.key 
116577     DEBUG main            d.u.i.k.p.i.AbstractProblemLoader Environment load took 233ns 
116580     INFO  main            d.u.i.k.p.i.AbstractProblemLoader Creating init config 
119509     DEBUG main            d.u.i.k.p.i.AbstractProblemLoader Init config took 2.93s 
119526     INFO  main            d.u.i.k.p.i.AbstractProblemLoader Replaying proof complexAssignment.key 
119527     DEBUG main            d.u.i.k.p.i.IntermediateProofReplayer Proof replay took 7.9ns 
119630     INFO  main            d.u.i.k.p.r.p.TestFile    ... finished proof: closed. 
119927     INFO  main            d.u.i.k.p.i.AbstractProblemLoader Loading environment from /home/runner/work/key/key/key.core/../key.ui/examples/standard_key/java_dl/complexAssignment.key.proof 
119927     DEBUG main            d.u.i.k.p.i.AbstractProblemLoader Environment load took 129.5ns 
119929     INFO  main            d.u.i.k.p.i.AbstractProblemLoader Creating init config 
122845     DEBUG main            d.u.i.k.p.i.AbstractProblemLoader Init config took 2.92s 
122864     INFO  main            d.u.i.k.p.i.AbstractProblemLoader Replaying proof complexAssignment.key.proof 
122874     DEBUG main            d.u.i.k.p.i.IntermediateProofReplayer Proof replay took 8.04ms 
122875     DEBUG main            d.u.i.k.p.r.p.TestFile    ... success: reloaded. 
122876     INFO  main            d.u.i.k.p.r.p.TestFile    Now processing file /home/runner/work/key/key/key.core/../key.ui/examples/standard_key/java_dl/danglingElseSolution1.key 
122876     INFO  main            d.u.i.k.p.i.AbstractProblemLoader Loading environment from /home/runner/work/key/key/key.core/../key.ui/examples/standard_key/java_dl/danglingElseSolution1.key 
122876     DEBUG main            d.u.i.k.p.i.AbstractProblemLoader Environment load took 101.8ns 
122878     INFO  main            d.u.i.k.p.i.AbstractProblemLoader Creating init config 
125791     DEBUG main            d.u.i.k.p.i.AbstractProblemLoader Init config took 2.91s 
125808     INFO  main            d.u.i.k.p.i.AbstractProblemLoader Replaying proof danglingElseSolution1.key 
125809     DEBUG main            d.u.i.k.p.i.IntermediateProofReplayer Proof replay took 25.4ns 
125912     INFO  main            d.u.i.k.p.r.p.TestFile    ... finished proof: closed. 
126217     INFO  main            d.u.i.k.p.i.AbstractProblemLoader Loading environment from /home/runner/work/key/key/key.core/../key.ui/examples/standard_key/java_dl/danglingElseSolution1.key.proof 
126218     DEBUG main            d.u.i.k.p.i.AbstractProblemLoader Environment load took 114.6ns 
126219     INFO  main            d.u.i.k.p.i.AbstractProblemLoader Creating init config 
129065     DEBUG main            d.u.i.k.p.i.AbstractProblemLoader Init config took 2.85s 
129082     INFO  main            d.u.i.k.p.i.AbstractProblemLoader Replaying proof danglingElseSolution1.key.proof 
129095     DEBUG main            d.u.i.k.p.i.IntermediateProofReplayer Proof replay took 10.38ms 
129096     DEBUG main            d.u.i.k.p.r.p.TestFile    ... success: reloaded. 
129097     INFO  main            d.u.i.k.p.r.p.TestFile    Now processing file /home/runner/work/key/key/key.core/../key.ui/examples/standard_key/java_dl/danglingElseSolution2.key 
129097     INFO  main            d.u.i.k.p.i.AbstractProblemLoader Loading environment from /home/runner/work/key/key/key.core/../key.ui/examples/standard_key/java_dl/danglingElseSolution2.key 
129098     DEBUG main            d.u.i.k.p.i.AbstractProblemLoader Environment load took 246.6ns 
129099     INFO  main            d.u.i.k.p.i.AbstractProblemLoader Creating init config 
132033     DEBUG main            d.u.i.k.p.i.AbstractProblemLoader Init config took 2.93s 
132051     INFO  main            d.u.i.k.p.i.AbstractProblemLoader Replaying proof danglingElseSolution2.key 
132052     DEBUG main            d.u.i.k.p.i.IntermediateProofReplayer Proof replay took 7.8ns 
132156     INFO  main            d.u.i.k.p.r.p.TestFile    ... finished proof: closed. 
132463     INFO  main            d.u.i.k.p.i.AbstractProblemLoader Loading environment from /home/runner/work/key/key/key.core/../key.ui/examples/standard_key/java_dl/danglingElseSolution2.key.proof 
132463     DEBUG main            d.u.i.k.p.i.AbstractProblemLoader Environment load took 111.8ns 
132464     INFO  main            d.u.i.k.p.i.AbstractProblemLoader Creating init config 
135278     DEBUG main            d.u.i.k.p.i.AbstractProblemLoader Init config took 2.81s 
135296     INFO  main            d.u.i.k.p.i.AbstractProblemLoader Replaying proof danglingElseSolution2.key.proof 
135310     DEBUG main            d.u.i.k.p.i.IntermediateProofReplayer Proof replay took 11.52ms 
135311     DEBUG main            d.u.i.k.p.r.p.TestFile    ... success: reloaded. 
135312     INFO  main            d.u.i.k.p.r.p.TestFile    Now processing file /home/runner/work/key/key/key.core/../key.ui/examples/standard_key/java_dl/deepNonNull/deepNonNull0.key 
135312     INFO  main            d.u.i.k.p.i.AbstractProblemLoader Loading environment from /home/runner/work/key/key/key.core/../key.ui/examples/standard_key/java_dl/deepNonNull/deepNonNull0.key 
135313     DEBUG main            d.u.i.k.p.i.AbstractProblemLoader Environment load took 116.3ns 
135314     INFO  main            d.u.i.k.p.i.AbstractProblemLoader Creating init config 
138334     DEBUG main            d.u.i.k.p.i.AbstractProblemLoader Init config took 3.02s 
138422     INFO  main            d.u.i.k.p.i.AbstractProblemLoader Replaying proof Arrays[Arrays::get()].JML operation contract.0 
138424     DEBUG main            d.u.i.k.p.i.IntermediateProofReplayer Proof replay took 24.8ns 
138727     INFO  main            d.u.i.k.p.r.p.TestFile    ... finished proof: closed. 
139093     INFO  main            d.u.i.k.p.i.AbstractProblemLoader Loading environment from /home/runner/work/key/key/key.core/../key.ui/examples/standard_key/java_dl/deepNonNull/deepNonNull0.key.proof 
139093     DEBUG main            d.u.i.k.p.i.AbstractProblemLoader Environment load took 121.1ns 
139094     INFO  main            d.u.i.k.p.i.AbstractProblemLoader Creating init config 
142116     DEBUG main            d.u.i.k.p.i.AbstractProblemLoader Init config took 3.02s 
142180     INFO  main            d.u.i.k.p.i.AbstractProblemLoader Replaying proof Arrays[Arrays::get()].JML operation contract.0 
142207     DEBUG main            d.u.i.k.p.i.IntermediateProofReplayer Proof replay took 24.07ms 
142209     DEBUG main            d.u.i.k.p.r.p.TestFile    ... success: reloaded. 
142210     INFO  main            d.u.i.k.p.r.p.TestFile    Now processing file /home/runner/work/key/key/key.core/../key.ui/examples/standard_key/java_dl/deepNonNull/deepNonNull1.key 
142210     INFO  main            d.u.i.k.p.i.AbstractProblemLoader Loading environment from /home/runner/work/key/key/key.core/../key.ui/examples/standard_key/java_dl/deepNonNull/deepNonNull1.key 
142210     DEBUG main            d.u.i.k.p.i.AbstractProblemLoader Environment load took 221.4ns 
142211     INFO  main            d.u.i.k.p.i.AbstractProblemLoader Creating init config 
145198     DEBUG main            d.u.i.k.p.i.AbstractProblemLoader Init config took 2.99s 
145244     INFO  main            d.u.i.k.p.i.AbstractProblemLoader Replaying proof Arrays[Arrays::head()].JML operation contract.0 
145246     DEBUG main            d.u.i.k.p.i.IntermediateProofReplayer Proof replay took 8.9ns 
145448     INFO  main            d.u.i.k.p.r.p.TestFile    ... finished proof: closed. 
145796     INFO  main            d.u.i.k.p.i.AbstractProblemLoader Loading environment from /home/runner/work/key/key/key.core/../key.ui/examples/standard_key/java_dl/deepNonNull/deepNonNull1.key.proof 
145798     DEBUG main            d.u.i.k.p.i.AbstractProblemLoader Environment load took 1.3ms 
145799     INFO  main            d.u.i.k.p.i.AbstractProblemLoader Creating init config 
148761     DEBUG main            d.u.i.k.p.i.AbstractProblemLoader Init config took 2.96s 
148808     INFO  main            d.u.i.k.p.i.AbstractProblemLoader Replaying proof Arrays[Arrays::head()].JML operation contract.0 
148834     DEBUG main            d.u.i.k.p.i.IntermediateProofReplayer Proof replay took 23.51ms 
148835     DEBUG main            d.u.i.k.p.r.p.TestFile    ... success: reloaded. 
148836     INFO  main            d.u.i.k.p.r.p.TestFile    Now processing file /home/runner/work/key/key/key.core/../key.ui/examples/standard_key/java_dl/deepNonNull/deepNonNull2.key 
148836     INFO  main            d.u.i.k.p.i.AbstractProblemLoader Loading environment from /home/runner/work/key/key/key.core/../key.ui/examples/standard_key/java_dl/deepNonNull/deepNonNull2.key 
148836     DEBUG main            d.u.i.k.p.i.AbstractProblemLoader Environment load took 102.9ns 
148837     INFO  main            d.u.i.k.p.i.AbstractProblemLoader Creating init config 
151850     DEBUG main            d.u.i.k.p.i.AbstractProblemLoader Init config took 3.01s 
151898     INFO  main            d.u.i.k.p.i.AbstractProblemLoader Replaying proof Arrays[Arrays::unprovable(java.lang.Object)].JML operation contract.0 
151900     DEBUG main            d.u.i.k.p.i.IntermediateProofReplayer Proof replay took 7.6ns 
152009     INFO  main            d.u.i.k.p.r.p.TestFile    ... finished proof: open goal(s) 
152442     INFO  main            d.u.i.k.p.r.p.TestFile    Now processing file /home/runner/work/key/key/key.core/../key.ui/examples/standard_key/java_dl/deepNonNull/deepNonNull3.key 
152442     INFO  main            d.u.i.k.p.i.AbstractProblemLoader Loading environment from /home/runner/work/key/key/key.core/../key.ui/examples/standard_key/java_dl/deepNonNull/deepNonNull3.key 
152442     DEBUG main            d.u.i.k.p.i.AbstractProblemLoader Environment load took 64.1ns 
152443     INFO  main            d.u.i.k.p.i.AbstractProblemLoader Creating init config 
155375     DEBUG main            d.u.i.k.p.i.AbstractProblemLoader Init config took 2.93s 
155425     INFO  main            d.u.i.k.p.i.AbstractProblemLoader Replaying proof Arrays[Arrays::head([[[[Ljava.lang.Object)].JML operation contract.0 
155427     DEBUG main            d.u.i.k.p.i.IntermediateProofReplayer Proof replay took 8.2ns 
156552     INFO  main            d.u.i.k.p.r.p.TestFile    ... finished proof: closed. 
156994     INFO  main            d.u.i.k.p.i.AbstractProblemLoader Loading environment from /home/runner/work/key/key/key.core/../key.ui/examples/standard_key/java_dl/deepNonNull/deepNonNull3.key.proof 
156994     DEBUG main            d.u.i.k.p.i.AbstractProblemLoader Environment load took 129.8ns 
156996     INFO  main            d.u.i.k.p.i.AbstractProblemLoader Creating init config 
160008     DEBUG main            d.u.i.k.p.i.AbstractProblemLoader Init config took 3.01s 
160055     INFO  main            d.u.i.k.p.i.AbstractProblemLoader Replaying proof Arrays[Arrays::head([[[[Ljava.lang.Object)].JML operation contract.0 
160146     DEBUG main            d.u.i.k.p.i.IntermediateProofReplayer Proof replay took 85.29ms 
160148     DEBUG main            d.u.i.k.p.r.p.TestFile    ... success: reloaded. 
160149     INFO  main            d.u.i.k.p.r.p.TestFile    Now processing file /home/runner/work/key/key/key.core/../key.ui/examples/standard_key/java_dl/exceptions.key 
160150     INFO  main            d.u.i.k.p.i.AbstractProblemLoader Loading environment from /home/runner/work/key/key/key.core/../key.ui/examples/standard_key/java_dl/exceptions.key 
160150     DEBUG main            d.u.i.k.p.i.AbstractProblemLoader Environment load took 267.6ns 
160152     INFO  main            d.u.i.k.p.i.AbstractProblemLoader Creating init config 
160181     WARN  main            d.u.i.k.j.r.KeYCrossReferenceNameInfo Datatype java.io.PrintStream declared twice: Once in FILE:/home/runner/work/key/key/key.core/../key.ui/examples/standard_key/java_dl/classpath/PrintStream.java and once in URL:file:/home/runner/work/key/key/key.core/build/resources/main/de/uka/ilkd/key/java/JavaRedux/java/io/PrintStream.java, Keeping one from URL:file:/home/runner/work/key/key/key.core/build/resources/main/de/uka/ilkd/key/java/JavaRedux/java/io/PrintStream.java 
160182     WARN  main            d.u.i.k.j.r.KeYCrossReferenceNameInfo Datatype java.lang.System declared twice: Once in FILE:/home/runner/work/key/key/key.core/../key.ui/examples/standard_key/java_dl/classpath/System.java and once in URL:file:/home/runner/work/key/key/key.core/build/resources/main/de/uka/ilkd/key/java/JavaRedux/java/lang/System.java, Keeping one from URL:file:/home/runner/work/key/key/key.core/build/resources/main/de/uka/ilkd/key/java/JavaRedux/java/lang/System.java 
160182     WARN  main            d.u.i.k.j.r.KeYCrossReferenceNameInfo Datatype java.io.InputStream declared twice: Once in FILE:/home/runner/work/key/key/key.core/../key.ui/examples/standard_key/java_dl/classpath/InputStream.java and once in URL:file:/home/runner/work/key/key/key.core/build/resources/main/de/uka/ilkd/key/java/JavaRedux/java/io/InputStream.java, Keeping one from URL:file:/home/runner/work/key/key/key.core/build/resources/main/de/uka/ilkd/key/java/JavaRedux/java/io/InputStream.java 
160186     DEBUG main            d.u.i.k.j.r.ClassFileDeclarationBuilder Parsing: package java.io; public class Closeable { } 
160187     DEBUG main            r.s.KeYCrossReferenceSourceInfo Dynamically created class: java.io.Closeable 
163332     DEBUG main            d.u.i.k.p.i.AbstractProblemLoader Init config took 3.18s 
163353     INFO  main            d.u.i.k.p.i.AbstractProblemLoader Replaying proof exceptions.key 
163357     DEBUG main            d.u.i.k.p.i.IntermediateProofReplayer Proof replay took 10.9ns 
163569     INFO  main            d.u.i.k.p.r.p.TestFile    ... finished proof: closed. 
163949     INFO  main            d.u.i.k.p.i.AbstractProblemLoader Loading environment from /home/runner/work/key/key/key.core/../key.ui/examples/standard_key/java_dl/exceptions.key.proof 
163949     DEBUG main            d.u.i.k.p.i.AbstractProblemLoader Environment load took 107.2ns 
163950     INFO  main            d.u.i.k.p.i.AbstractProblemLoader Creating init config 
163982     WARN  main            d.u.i.k.j.r.KeYCrossReferenceNameInfo Datatype java.io.PrintStream declared twice: Once in FILE:/home/runner/work/key/key/key.core/../key.ui/examples/standard_key/java_dl/classpath/PrintStream.java and once in URL:file:/home/runner/work/key/key/key.core/build/resources/main/de/uka/ilkd/key/java/JavaRedux/java/io/PrintStream.java, Keeping one from URL:file:/home/runner/work/key/key/key.core/build/resources/main/de/uka/ilkd/key/java/JavaRedux/java/io/PrintStream.java 
163982     WARN  main            d.u.i.k.j.r.KeYCrossReferenceNameInfo Datatype java.lang.System declared twice: Once in FILE:/home/runner/work/key/key/key.core/../key.ui/examples/standard_key/java_dl/classpath/System.java and once in URL:file:/home/runner/work/key/key/key.core/build/resources/main/de/uka/ilkd/key/java/JavaRedux/java/lang/System.java, Keeping one from URL:file:/home/runner/work/key/key/key.core/build/resources/main/de/uka/ilkd/key/java/JavaRedux/java/lang/System.java 
163982     WARN  main            d.u.i.k.j.r.KeYCrossReferenceNameInfo Datatype java.io.InputStream declared twice: Once in FILE:/home/runner/work/key/key/key.core/../key.ui/examples/standard_key/java_dl/classpath/InputStream.java and once in URL:file:/home/runner/work/key/key/key.core/build/resources/main/de/uka/ilkd/key/java/JavaRedux/java/io/InputStream.java, Keeping one from URL:file:/home/runner/work/key/key/key.core/build/resources/main/de/uka/ilkd/key/java/JavaRedux/java/io/InputStream.java 
163986     DEBUG main            d.u.i.k.j.r.ClassFileDeclarationBuilder Parsing: package java.io; public class Closeable { } 
163986     DEBUG main            r.s.KeYCrossReferenceSourceInfo Dynamically created class: java.io.Closeable 
166949     DEBUG main            d.u.i.k.p.i.AbstractProblemLoader Init config took 3s 
166965     INFO  main            d.u.i.k.p.i.AbstractProblemLoader Replaying proof exceptions.key.proof 
167011     DEBUG main            d.u.i.k.p.i.IntermediateProofReplayer Proof replay took 43.1ms 
167013     DEBUG main            d.u.i.k.p.r.p.TestFile    ... success: reloaded. 
167014     INFO  main            d.u.i.k.p.r.p.TestFile    Now processing file /home/runner/work/key/key/key.core/../key.ui/examples/standard_key/java_dl/exceptions1.key 
167014     INFO  main            d.u.i.k.p.i.AbstractProblemLoader Loading environment from /home/runner/work/key/key/key.core/../key.ui/examples/standard_key/java_dl/exceptions1.key 
167014     DEBUG main            d.u.i.k.p.i.AbstractProblemLoader Environment load took 103.1ns 
167015     INFO  main            d.u.i.k.p.i.AbstractProblemLoader Creating init config 
170021     DEBUG main            d.u.i.k.p.i.AbstractProblemLoader Init config took 3.01s 
170043     INFO  main            d.u.i.k.p.i.AbstractProblemLoader Replaying proof exceptions1.key 
170047     DEBUG main            d.u.i.k.p.i.IntermediateProofReplayer Proof replay took 9.5ns 
170250     INFO  main            d.u.i.k.p.r.p.TestFile    ... finished proof: closed. 
170627     INFO  main            d.u.i.k.p.i.AbstractProblemLoader Loading environment from /home/runner/work/key/key/key.core/../key.ui/examples/standard_key/java_dl/exceptions1.key.proof 
170628     DEBUG main            d.u.i.k.p.i.AbstractProblemLoader Environment load took 110.3ns 
170629     INFO  main            d.u.i.k.p.i.AbstractProblemLoader Creating init config 
173534     DEBUG main            d.u.i.k.p.i.AbstractProblemLoader Init config took 2.91s 
173553     INFO  main            d.u.i.k.p.i.AbstractProblemLoader Replaying proof exceptions1.key.proof 
173595     DEBUG main            d.u.i.k.p.i.IntermediateProofReplayer Proof replay took 39.19ms 
173596     DEBUG main            d.u.i.k.p.r.p.TestFile    ... success: reloaded. 
173598     INFO  main            d.u.i.k.p.r.p.TestFile    Now processing file /home/runner/work/key/key/key.core/../key.ui/examples/standard_key/java_dl/exceptions2.key 
173598     INFO  main            d.u.i.k.p.i.AbstractProblemLoader Loading environment from /home/runner/work/key/key/key.core/../key.ui/examples/standard_key/java_dl/exceptions2.key 
173598     DEBUG main            d.u.i.k.p.i.AbstractProblemLoader Environment load took 190.4ns 
173599     INFO  main            d.u.i.k.p.i.AbstractProblemLoader Creating init config 
176606     DEBUG main            d.u.i.k.p.i.AbstractProblemLoader Init config took 3.01s 
176623     INFO  main            d.u.i.k.p.i.AbstractProblemLoader Replaying proof exceptions2.key 
176626     DEBUG main            d.u.i.k.p.i.IntermediateProofReplayer Proof replay took 8ns 
176829     INFO  main            d.u.i.k.p.r.p.TestFile    ... finished proof: closed. 
177207     INFO  main            d.u.i.k.p.i.AbstractProblemLoader Loading environment from /home/runner/work/key/key/key.core/../key.ui/examples/standard_key/java_dl/exceptions2.key.proof 
177208     DEBUG main            d.u.i.k.p.i.AbstractProblemLoader Environment load took 402.4ns 
177209     INFO  main            d.u.i.k.p.i.AbstractProblemLoader Creating init config 
180116     DEBUG main            d.u.i.k.p.i.AbstractProblemLoader Init config took 2.91s 
180134     INFO  main            d.u.i.k.p.i.AbstractProblemLoader Replaying proof exceptions2.key.proof 
180174     DEBUG main            d.u.i.k.p.i.IntermediateProofReplayer Proof replay took 37.07ms 
180176     DEBUG main            d.u.i.k.p.r.p.TestFile    ... success: reloaded. 
180176     INFO  main            d.u.i.k.p.r.p.TestFile    Now processing file /home/runner/work/key/key/key.core/../key.ui/examples/standard_key/java_dl/exceptions3.key 
180177     INFO  main            d.u.i.k.p.i.AbstractProblemLoader Loading environment from /home/runner/work/key/key/key.core/../key.ui/examples/standard_key/java_dl/exceptions3.key 
180177     DEBUG main            d.u.i.k.p.i.AbstractProblemLoader Environment load took 89.6ns 
180178     INFO  main            d.u.i.k.p.i.AbstractProblemLoader Creating init config 
180206     WARN  main            d.u.i.k.j.r.KeYCrossReferenceNameInfo Datatype java.io.PrintStream declared twice: Once in FILE:/home/runner/work/key/key/key.core/../key.ui/examples/standard_key/java_dl/classpath/PrintStream.java and once in URL:file:/home/runner/work/key/key/key.core/build/resources/main/de/uka/ilkd/key/java/JavaRedux/java/io/PrintStream.java, Keeping one from URL:file:/home/runner/work/key/key/key.core/build/resources/main/de/uka/ilkd/key/java/JavaRedux/java/io/PrintStream.java 
180206     WARN  main            d.u.i.k.j.r.KeYCrossReferenceNameInfo Datatype java.lang.System declared twice: Once in FILE:/home/runner/work/key/key/key.core/../key.ui/examples/standard_key/java_dl/classpath/System.java and once in URL:file:/home/runner/work/key/key/key.core/build/resources/main/de/uka/ilkd/key/java/JavaRedux/java/lang/System.java, Keeping one from URL:file:/home/runner/work/key/key/key.core/build/resources/main/de/uka/ilkd/key/java/JavaRedux/java/lang/System.java 
180206     WARN  main            d.u.i.k.j.r.KeYCrossReferenceNameInfo Datatype java.io.InputStream declared twice: Once in FILE:/home/runner/work/key/key/key.core/../key.ui/examples/standard_key/java_dl/classpath/InputStream.java and once in URL:file:/home/runner/work/key/key/key.core/build/resources/main/de/uka/ilkd/key/java/JavaRedux/java/io/InputStream.java, Keeping one from URL:file:/home/runner/work/key/key/key.core/build/resources/main/de/uka/ilkd/key/java/JavaRedux/java/io/InputStream.java 
180210     DEBUG main            d.u.i.k.j.r.ClassFileDeclarationBuilder Parsing: package java.io; public class Closeable { } 
180210     DEBUG main            r.s.KeYCrossReferenceSourceInfo Dynamically created class: java.io.Closeable 
183328     DEBUG main            d.u.i.k.p.i.AbstractProblemLoader Init config took 3.15s 
183345     INFO  main            d.u.i.k.p.i.AbstractProblemLoader Replaying proof exceptions3.key 
183346     DEBUG main            d.u.i.k.p.i.IntermediateProofReplayer Proof replay took 9.5ns 
183452     INFO  main            d.u.i.k.p.r.p.TestFile    ... finished proof: closed. 
183820     INFO  main            d.u.i.k.p.i.AbstractProblemLoader Loading environment from /home/runner/work/key/key/key.core/../key.ui/examples/standard_key/java_dl/exceptions3.key.proof 
183820     DEBUG main            d.u.i.k.p.i.AbstractProblemLoader Environment load took 105.6ns 
183821     INFO  main            d.u.i.k.p.i.AbstractProblemLoader Creating init config 
183850     WARN  main            d.u.i.k.j.r.KeYCrossReferenceNameInfo Datatype java.io.PrintStream declared twice: Once in FILE:/home/runner/work/key/key/key.core/../key.ui/examples/standard_key/java_dl/classpath/PrintStream.java and once in URL:file:/home/runner/work/key/key/key.core/build/resources/main/de/uka/ilkd/key/java/JavaRedux/java/io/PrintStream.java, Keeping one from URL:file:/home/runner/work/key/key/key.core/build/resources/main/de/uka/ilkd/key/java/JavaRedux/java/io/PrintStream.java 
183850     WARN  main            d.u.i.k.j.r.KeYCrossReferenceNameInfo Datatype java.lang.System declared twice: Once in FILE:/home/runner/work/key/key/key.core/../key.ui/examples/standard_key/java_dl/classpath/System.java and once in URL:file:/home/runner/work/key/key/key.core/build/resources/main/de/uka/ilkd/key/java/JavaRedux/java/lang/System.java, Keeping one from URL:file:/home/runner/work/key/key/key.core/build/resources/main/de/uka/ilkd/key/java/JavaRedux/java/lang/System.java 
183850     WARN  main            d.u.i.k.j.r.KeYCrossReferenceNameInfo Datatype java.io.InputStream declared twice: Once in FILE:/home/runner/work/key/key/key.core/../key.ui/examples/standard_key/java_dl/classpath/InputStream.java and once in URL:file:/home/runner/work/key/key/key.core/build/resources/main/de/uka/ilkd/key/java/JavaRedux/java/io/InputStream.java, Keeping one from URL:file:/home/runner/work/key/key/key.core/build/resources/main/de/uka/ilkd/key/java/JavaRedux/java/io/InputStream.java 
183854     DEBUG main            d.u.i.k.j.r.ClassFileDeclarationBuilder Parsing: package java.io; public class Closeable { } 
183854     DEBUG main            r.s.KeYCrossReferenceSourceInfo Dynamically created class: java.io.Closeable 
186846     DEBUG main            d.u.i.k.p.i.AbstractProblemLoader Init config took 3.03s 
186864     INFO  main            d.u.i.k.p.i.AbstractProblemLoader Replaying proof exceptions3.key.proof 
186872     DEBUG main            d.u.i.k.p.i.IntermediateProofReplayer Proof replay took 4.69ms 
186873     DEBUG main            d.u.i.k.p.r.p.TestFile    ... success: reloaded. 
186874     INFO  main            d.u.i.k.p.r.p.TestFile    Now processing file /home/runner/work/key/key/key.core/../key.ui/examples/standard_key/java_dl/exchange.key 
186875     INFO  main            d.u.i.k.p.i.AbstractProblemLoader Loading environment from /home/runner/work/key/key/key.core/../key.ui/examples/standard_key/java_dl/exchange.key 
186875     DEBUG main            d.u.i.k.p.i.AbstractProblemLoader Environment load took 211.9ns 
186876     INFO  main            d.u.i.k.p.i.AbstractProblemLoader Creating init config 
189812     DEBUG main            d.u.i.k.p.i.AbstractProblemLoader Init config took 2.94s 
189831     INFO  main            d.u.i.k.p.i.AbstractProblemLoader Replaying proof exchange.key 
189833     DEBUG main            d.u.i.k.p.i.IntermediateProofReplayer Proof replay took 9.7ns 
189936     INFO  main            d.u.i.k.p.r.p.TestFile    ... finished proof: closed. 
190312     INFO  main            d.u.i.k.p.i.AbstractProblemLoader Loading environment from /home/runner/work/key/key/key.core/../key.ui/examples/standard_key/java_dl/exchange.key.proof 
190312     DEBUG main            d.u.i.k.p.i.AbstractProblemLoader Environment load took 106.4ns 
190313     INFO  main            d.u.i.k.p.i.AbstractProblemLoader Creating init config 
193212     DEBUG main            d.u.i.k.p.i.AbstractProblemLoader Init config took 2.9s 
193231     INFO  main            d.u.i.k.p.i.AbstractProblemLoader Replaying proof exchange.key.proof 
193239     DEBUG main            d.u.i.k.p.i.IntermediateProofReplayer Proof replay took 5.51ms 
193240     DEBUG main            d.u.i.k.p.r.p.TestFile    ... success: reloaded. 
193241     INFO  main            d.u.i.k.p.r.p.TestFile    Now processing file /home/runner/work/key/key/key.core/../key.ui/examples/standard_key/java_dl/if.key 
193241     INFO  main            d.u.i.k.p.i.AbstractProblemLoader Loading environment from /home/runner/work/key/key/key.core/../key.ui/examples/standard_key/java_dl/if.key 
193241     DEBUG main            d.u.i.k.p.i.AbstractProblemLoader Environment load took 177.4ns 
193242     INFO  main            d.u.i.k.p.i.AbstractProblemLoader Creating init config 
196212     DEBUG main            d.u.i.k.p.i.AbstractProblemLoader Init config took 2.97s 
196228     INFO  main            d.u.i.k.p.i.AbstractProblemLoader Replaying proof if.key 
196230     DEBUG main            d.u.i.k.p.i.IntermediateProofReplayer Proof replay took 9ns 
196336     INFO  main            d.u.i.k.p.r.p.TestFile    ... finished proof: closed. 
196713     INFO  main            d.u.i.k.p.i.AbstractProblemLoader Loading environment from /home/runner/work/key/key/key.core/../key.ui/examples/standard_key/java_dl/if.key.proof 
196713     DEBUG main            d.u.i.k.p.i.AbstractProblemLoader Environment load took 99.4ns 
196716     INFO  main            d.u.i.k.p.i.AbstractProblemLoader Creating init config 
199641     DEBUG main            d.u.i.k.p.i.AbstractProblemLoader Init config took 2.93s 
199658     INFO  main            d.u.i.k.p.i.AbstractProblemLoader Replaying proof if.key.proof 
199666     DEBUG main            d.u.i.k.p.i.IntermediateProofReplayer Proof replay took 4.82ms 
199667     DEBUG main            d.u.i.k.p.r.p.TestFile    ... success: reloaded. 
199668     INFO  main            d.u.i.k.p.r.p.TestFile    Now processing file /home/runner/work/key/key/key.core/../key.ui/examples/standard_key/java_dl/incrementcounter.key 
199668     INFO  main            d.u.i.k.p.i.AbstractProblemLoader Loading environment from /home/runner/work/key/key/key.core/../key.ui/examples/standard_key/java_dl/incrementcounter.key 
199668     DEBUG main            d.u.i.k.p.i.AbstractProblemLoader Environment load took 66.8ns 
199670     INFO  main            d.u.i.k.p.i.AbstractProblemLoader Creating init config 
202638     DEBUG main            d.u.i.k.p.i.AbstractProblemLoader Init config took 2.97s 
202656     INFO  main            d.u.i.k.p.i.AbstractProblemLoader Replaying proof incrementcounter.key 
202657     DEBUG main            d.u.i.k.p.i.IntermediateProofReplayer Proof replay took 10.1ns 
202760     INFO  main            d.u.i.k.p.r.p.TestFile    ... finished proof: closed. 
203246     INFO  main            d.u.i.k.p.i.AbstractProblemLoader Loading environment from /home/runner/work/key/key/key.core/../key.ui/examples/standard_key/java_dl/incrementcounter.key.proof 
203246     DEBUG main            d.u.i.k.p.i.AbstractProblemLoader Environment load took 113.6ns 
203249     INFO  main            d.u.i.k.p.i.AbstractProblemLoader Creating init config 
206145     DEBUG main            d.u.i.k.p.i.AbstractProblemLoader Init config took 2.9s 
206163     INFO  main            d.u.i.k.p.i.AbstractProblemLoader Replaying proof incrementcounter.key.proof 
206168     DEBUG main            d.u.i.k.p.i.IntermediateProofReplayer Proof replay took 2.42ms 
206169     DEBUG main            d.u.i.k.p.r.p.TestFile    ... success: reloaded. 
206169     INFO  main            d.u.i.k.p.r.p.TestFile    Now processing file /home/runner/work/key/key/key.core/../key.ui/examples/standard_key/java_dl/danglingElse.key 
206170     INFO  main            d.u.i.k.p.i.AbstractProblemLoader Loading environment from /home/runner/work/key/key/key.core/../key.ui/examples/standard_key/java_dl/danglingElse.key 
206170     DEBUG main            d.u.i.k.p.i.AbstractProblemLoader Environment load took 64.9ns 
206171     INFO  main            d.u.i.k.p.i.AbstractProblemLoader Creating init config 
209140     DEBUG main            d.u.i.k.p.i.AbstractProblemLoader Init config took 2.97s 
209156     INFO  main            d.u.i.k.p.i.AbstractProblemLoader Replaying proof danglingElse.key 
209159     DEBUG main            d.u.i.k.p.i.IntermediateProofReplayer Proof replay took 8.2ns 
209261     INFO  main            d.u.i.k.p.r.p.TestFile    ... finished proof: open goal(s) 
209685     INFO  main            d.u.i.k.p.r.p.TestFile    Now processing file /home/runner/work/key/key/key.core/../key.ui/examples/standard_key/java_dl/iteratedAssignment.key 
209686     INFO  main            d.u.i.k.p.i.AbstractProblemLoader Loading environment from /home/runner/work/key/key/key.core/../key.ui/examples/standard_key/java_dl/iteratedAssignment.key 
209686     DEBUG main            d.u.i.k.p.i.AbstractProblemLoader Environment load took 61ns 
209688     INFO  main            d.u.i.k.p.i.AbstractProblemLoader Creating init config 
212576     DEBUG main            d.u.i.k.p.i.AbstractProblemLoader Init config took 2.89s 
212594     INFO  main            d.u.i.k.p.i.AbstractProblemLoader Replaying proof iteratedAssignment.key 
212601     DEBUG main            d.u.i.k.p.i.IntermediateProofReplayer Proof replay took 10.1ns 
213005     INFO  main            d.u.i.k.p.r.p.TestFile    ... finished proof: closed. 
213418     INFO  main            d.u.i.k.p.i.AbstractProblemLoader Loading environment from /home/runner/work/key/key/key.core/../key.ui/examples/standard_key/java_dl/iteratedAssignment.key.proof 
213418     DEBUG main            d.u.i.k.p.i.AbstractProblemLoader Environment load took 680.31ns 
213420     INFO  main            d.u.i.k.p.i.AbstractProblemLoader Creating init config 
216398     DEBUG main            d.u.i.k.p.i.AbstractProblemLoader Init config took 2.98s 
216417     INFO  main            d.u.i.k.p.i.AbstractProblemLoader Replaying proof iteratedAssignment.key.proof 
216492     DEBUG main            d.u.i.k.p.i.IntermediateProofReplayer Proof replay took 70.23ms 
216493     DEBUG main            d.u.i.k.p.r.p.TestFile    ... success: reloaded. 
216494     INFO  main            d.u.i.k.p.r.p.TestFile    Now processing file /home/runner/work/key/key/key.core/../key.ui/examples/standard_key/java_dl/assert/assert1.key 
216494     INFO  main            d.u.i.k.p.i.AbstractProblemLoader Loading environment from /home/runner/work/key/key/key.core/../key.ui/examples/standard_key/java_dl/assert/assert1.key 
216495     DEBUG main            d.u.i.k.p.i.AbstractProblemLoader Environment load took 213.3ns 
216496     INFO  main            d.u.i.k.p.i.AbstractProblemLoader Creating init config 
219556     DEBUG main            d.u.i.k.p.i.AbstractProblemLoader Init config took 3.06s 
219599     INFO  main            d.u.i.k.p.i.AbstractProblemLoader Replaying proof C[C::foo()].JML normal_behavior operation contract.0 
219605     DEBUG main            d.u.i.k.p.i.IntermediateProofReplayer Proof replay took 9.8ns 
219809     INFO  main            d.u.i.k.p.r.p.TestFile    ... finished proof: open goal(s) 
220236     INFO  main            d.u.i.k.p.r.p.TestFile    Now processing file /home/runner/work/key/key/key.core/../key.ui/examples/standard_key/java_dl/assert/assert2.key 
220236     INFO  main            d.u.i.k.p.i.AbstractProblemLoader Loading environment from /home/runner/work/key/key/key.core/../key.ui/examples/standard_key/java_dl/assert/assert2.key 
220236     DEBUG main            d.u.i.k.p.i.AbstractProblemLoader Environment load took 59.8ns 
220238     INFO  main            d.u.i.k.p.i.AbstractProblemLoader Creating init config 
223211     DEBUG main            d.u.i.k.p.i.AbstractProblemLoader Init config took 2.97s 
223264     INFO  main            d.u.i.k.p.i.AbstractProblemLoader Replaying proof C[C::bar()].JML exceptional_behavior operation contract.0 
223267     DEBUG main            d.u.i.k.p.i.IntermediateProofReplayer Proof replay took 8.8ns 
223469     INFO  main            d.u.i.k.p.r.p.TestFile    ... finished proof: closed. 
223901     INFO  main            d.u.i.k.p.i.AbstractProblemLoader Loading environment from /home/runner/work/key/key/key.core/../key.ui/examples/standard_key/java_dl/assert/assert2.key.proof 
223901     DEBUG main            d.u.i.k.p.i.AbstractProblemLoader Environment load took 101.7ns 
223902     INFO  main            d.u.i.k.p.i.AbstractProblemLoader Creating init config 
226817     DEBUG main            d.u.i.k.p.i.AbstractProblemLoader Init config took 2.92s 
226858     INFO  main            d.u.i.k.p.i.AbstractProblemLoader Replaying proof C[C::bar()].JML exceptional_behavior operation contract.0 
226902     DEBUG main            d.u.i.k.p.i.IntermediateProofReplayer Proof replay took 40.84ms 
226903     DEBUG main            d.u.i.k.p.r.p.TestFile    ... success: reloaded. 
226904     INFO  main            d.u.i.k.p.r.p.TestFile    Now processing file /home/runner/work/key/key/key.core/../key.ui/examples/standard_key/java_dl/assert/assert3.key 
226904     INFO  main            d.u.i.k.p.i.AbstractProblemLoader Loading environment from /home/runner/work/key/key/key.core/../key.ui/examples/standard_key/java_dl/assert/assert3.key 
226904     DEBUG main            d.u.i.k.p.i.AbstractProblemLoader Environment load took 89.3ns 
226905     INFO  main            d.u.i.k.p.i.AbstractProblemLoader Creating init config 
229936     DEBUG main            d.u.i.k.p.i.AbstractProblemLoader Init config took 3.03s 
229977     INFO  main            d.u.i.k.p.i.AbstractProblemLoader Replaying proof C[C::foo()].JML normal_behavior operation contract.0 
229980     DEBUG main            d.u.i.k.p.i.IntermediateProofReplayer Proof replay took 8.4ns 
230082     INFO  main            d.u.i.k.p.r.p.TestFile    ... finished proof: open goal(s) 
230490     INFO  main            d.u.i.k.p.r.p.TestFile    Now processing file /home/runner/work/key/key/key.core/../key.ui/examples/standard_key/java_dl/java5/vararg.key 
230491     INFO  main            d.u.i.k.p.i.AbstractProblemLoader Loading environment from /home/runner/work/key/key/key.core/../key.ui/examples/standard_key/java_dl/java5/vararg.key 
230491     DEBUG main            d.u.i.k.p.i.AbstractProblemLoader Environment load took 77.1ns 
230494     INFO  main            d.u.i.k.p.i.AbstractProblemLoader Creating init config 
231543     DEBUG main            d.u.i.k.j.r.ClassPreparationMethodBuilder clPrepBuilder: Inner Class detected. Reject building class initialisation methods. 
233707     DEBUG main            d.u.i.k.p.i.AbstractProblemLoader Init config took 3.21s 
233738     INFO  main            d.u.i.k.p.i.AbstractProblemLoader Replaying proof vararg.key 
233740     DEBUG main            d.u.i.k.p.i.IntermediateProofReplayer Proof replay took 8.3ns 
235376     INFO  main            d.u.i.k.p.r.p.TestFile    ... finished proof: closed. 
235881     INFO  main            d.u.i.k.p.i.AbstractProblemLoader Loading environment from /home/runner/work/key/key/key.core/../key.ui/examples/standard_key/java_dl/java5/vararg.key.proof 
235881     DEBUG main            d.u.i.k.p.i.AbstractProblemLoader Environment load took 417.9ns 
235883     INFO  main            d.u.i.k.p.i.AbstractProblemLoader Creating init config 
236876     DEBUG main            d.u.i.k.j.r.ClassPreparationMethodBuilder clPrepBuilder: Inner Class detected. Reject building class initialisation methods. 
239028     DEBUG main            d.u.i.k.p.i.AbstractProblemLoader Init config took 3.14s 
239057     INFO  main            d.u.i.k.p.i.AbstractProblemLoader Replaying proof vararg.key.proof 
239454     DEBUG main            d.u.i.k.p.i.IntermediateProofReplayer Proof replay took 382.76ms 
239456     DEBUG main            d.u.i.k.p.r.p.TestFile    ... success: reloaded. 
239457     INFO  main            d.u.i.k.p.r.p.TestFile    Now processing file /home/runner/work/key/key/key.core/../key.ui/examples/standard_key/java_dl/java5/for_Array.key 
239457     INFO  main            d.u.i.k.p.i.AbstractProblemLoader Loading environment from /home/runner/work/key/key/key.core/../key.ui/examples/standard_key/java_dl/java5/for_Array.key 
239457     DEBUG main            d.u.i.k.p.i.AbstractProblemLoader Environment load took 223.2ns 
239459     INFO  main            d.u.i.k.p.i.AbstractProblemLoader Creating init config 
240472     DEBUG main            d.u.i.k.j.r.ClassPreparationMethodBuilder clPrepBuilder: Inner Class detected. Reject building class initialisation methods. 
242715     DEBUG main            d.u.i.k.p.i.AbstractProblemLoader Init config took 3.26s 
242783     INFO  main            d.u.i.k.p.i.AbstractProblemLoader Replaying proof For[For::sum([I)].JML operation contract.0 
242785     DEBUG main            d.u.i.k.p.i.IntermediateProofReplayer Proof replay took 8.7ns 
243289     INFO  main            d.u.i.k.p.r.p.TestFile    ... finished proof: closed. 
243813     INFO  main            d.u.i.k.p.i.AbstractProblemLoader Loading environment from /home/runner/work/key/key/key.core/../key.ui/examples/standard_key/java_dl/java5/for_Array.key.proof 
243813     DEBUG main            d.u.i.k.p.i.AbstractProblemLoader Environment load took 405.5ns 
243815     INFO  main            d.u.i.k.p.i.AbstractProblemLoader Creating init config 
244817     DEBUG main            d.u.i.k.j.r.ClassPreparationMethodBuilder clPrepBuilder: Inner Class detected. Reject building class initialisation methods. 
247067     DEBUG main            d.u.i.k.p.i.AbstractProblemLoader Init config took 3.25s 
247133     INFO  main            d.u.i.k.p.i.AbstractProblemLoader Replaying proof For[For::sum([I)].JML operation contract.0 
247225     DEBUG main            d.u.i.k.p.i.IntermediateProofReplayer Proof replay took 88.65ms 
247226     DEBUG main            d.u.i.k.p.r.p.TestFile    ... success: reloaded. 
247227     INFO  main            d.u.i.k.p.r.p.TestFile    Now processing file /home/runner/work/key/key/key.core/../key.ui/examples/standard_key/java_dl/java5/for_Iterable.key 
247228     INFO  main            d.u.i.k.p.i.AbstractProblemLoader Loading environment from /home/runner/work/key/key/key.core/../key.ui/examples/standard_key/java_dl/java5/for_Iterable.key 
247228     DEBUG main            d.u.i.k.p.i.AbstractProblemLoader Environment load took 76.7ns 
247229     INFO  main            d.u.i.k.p.i.AbstractProblemLoader Creating init config 
248254     DEBUG main            d.u.i.k.j.r.ClassPreparationMethodBuilder clPrepBuilder: Inner Class detected. Reject building class initialisation methods. 
250476     DEBUG main            d.u.i.k.p.i.AbstractProblemLoader Init config took 3.25s 
250544     INFO  main            d.u.i.k.p.i.AbstractProblemLoader Replaying proof For[For::infiniteLoop(For)].JML operation contract.0 
250546     DEBUG main            d.u.i.k.p.i.IntermediateProofReplayer Proof replay took 8.7ns 
250749     INFO  main            d.u.i.k.p.r.p.TestFile    ... finished proof: closed. 
251275     INFO  main            d.u.i.k.p.i.AbstractProblemLoader Loading environment from /home/runner/work/key/key/key.core/../key.ui/examples/standard_key/java_dl/java5/for_Iterable.key.proof 
251275     DEBUG main            d.u.i.k.p.i.AbstractProblemLoader Environment load took 100.3ns 
251276     INFO  main            d.u.i.k.p.i.AbstractProblemLoader Creating init config 
252301     DEBUG main            d.u.i.k.j.r.ClassPreparationMethodBuilder clPrepBuilder: Inner Class detected. Reject building class initialisation methods. 
254464     DEBUG main            d.u.i.k.p.i.AbstractProblemLoader Init config took 3.19s 
254532     INFO  main            d.u.i.k.p.i.AbstractProblemLoader Replaying proof For[For::infiniteLoop(For)].JML operation contract.0 
254590     DEBUG main            d.u.i.k.p.i.IntermediateProofReplayer Proof replay took 55.36ms 
254592     DEBUG main            d.u.i.k.p.r.p.TestFile    ... success: reloaded. 
254593     INFO  main            d.u.i.k.p.r.p.TestFile    Now processing file /home/runner/work/key/key/key.core/../key.ui/examples/standard_key/java_dl/java5/for_ReferenceArray.key 
254593     INFO  main            d.u.i.k.p.i.AbstractProblemLoader Loading environment from /home/runner/work/key/key/key.core/../key.ui/examples/standard_key/java_dl/java5/for_ReferenceArray.key 
254593     DEBUG main            d.u.i.k.p.i.AbstractProblemLoader Environment load took 87.1ns 
254594     INFO  main            d.u.i.k.p.i.AbstractProblemLoader Creating init config 
255613     DEBUG main            d.u.i.k.j.r.ClassPreparationMethodBuilder clPrepBuilder: Inner Class detected. Reject building class initialisation methods. 
257829     DEBUG main            d.u.i.k.p.i.AbstractProblemLoader Init config took 3.23s 
257894     INFO  main            d.u.i.k.p.i.AbstractProblemLoader Replaying proof ForReferenceArray[ForReferenceArray::foo([Ljava.lang.Object)].JML operation contract.0 
257896     DEBUG main            d.u.i.k.p.i.IntermediateProofReplayer Proof replay took 8.4ns 
258199     INFO  main            d.u.i.k.p.r.p.TestFile    ... finished proof: closed. 
258715     INFO  main            d.u.i.k.p.i.AbstractProblemLoader Loading environment from /home/runner/work/key/key/key.core/../key.ui/examples/standard_key/java_dl/java5/for_ReferenceArray.key.proof 
258715     DEBUG main            d.u.i.k.p.i.AbstractProblemLoader Environment load took 567.5ns 
258717     INFO  main            d.u.i.k.p.i.AbstractProblemLoader Creating init config 
259694     DEBUG main            d.u.i.k.j.r.ClassPreparationMethodBuilder clPrepBuilder: Inner Class detected. Reject building class initialisation methods. 
261782     DEBUG main            d.u.i.k.p.i.AbstractProblemLoader Init config took 3.07s 
261859     INFO  main            d.u.i.k.p.i.AbstractProblemLoader Replaying proof ForReferenceArray[ForReferenceArray::foo([Ljava.lang.Object)].JML operation contract.0 
261919     DEBUG main            d.u.i.k.p.i.IntermediateProofReplayer Proof replay took 57.14ms 
261920     DEBUG main            d.u.i.k.p.r.p.TestFile    ... success: reloaded. 
261922     INFO  main            d.u.i.k.p.r.p.TestFile    Now processing file /home/runner/work/key/key/key.core/../key.ui/examples/standard_key/java_dl/jml-bigint/cast.key 
261922     INFO  main            d.u.i.k.p.i.AbstractProblemLoader Loading environment from /home/runner/work/key/key/key.core/../key.ui/examples/standard_key/java_dl/jml-bigint/cast.key 
261922     DEBUG main            d.u.i.k.p.i.AbstractProblemLoader Environment load took 125.4ns 
261923     INFO  main            d.u.i.k.p.i.AbstractProblemLoader Creating init config 
264851     DEBUG main            d.u.i.k.p.i.AbstractProblemLoader Init config took 2.93s 
264893     INFO  main            d.u.i.k.p.i.AbstractProblemLoader Replaying proof Mult[Mult::cast()].JML operation contract.0 
264895     DEBUG main            d.u.i.k.p.i.IntermediateProofReplayer Proof replay took 7.8ns 
264997     INFO  main            d.u.i.k.p.r.p.TestFile    ... finished proof: closed. 
265442     INFO  main            d.u.i.k.p.i.AbstractProblemLoader Loading environment from /home/runner/work/key/key/key.core/../key.ui/examples/standard_key/java_dl/jml-bigint/cast.key.proof 
265442     DEBUG main            d.u.i.k.p.i.AbstractProblemLoader Environment load took 87.2ns 
265443     INFO  main            d.u.i.k.p.i.AbstractProblemLoader Creating init config 
268386     DEBUG main            d.u.i.k.p.i.AbstractProblemLoader Init config took 2.94s 
268427     INFO  main            d.u.i.k.p.i.AbstractProblemLoader Replaying proof Mult[Mult::cast()].JML operation contract.0 
268441     DEBUG main            d.u.i.k.p.i.IntermediateProofReplayer Proof replay took 11.81ms 
268441     DEBUG main            d.u.i.k.p.r.p.TestFile    ... success: reloaded. 
268442     INFO  main            d.u.i.k.p.r.p.TestFile    Now processing file /home/runner/work/key/key/key.core/../key.ui/examples/standard_key/java_dl/jml-free/loopInvFree.key 
268443     INFO  main            d.u.i.k.p.i.AbstractProblemLoader Loading environment from /home/runner/work/key/key/key.core/../key.ui/examples/standard_key/java_dl/jml-free/loopInvFree.key 
268443     DEBUG main            d.u.i.k.p.i.AbstractProblemLoader Environment load took 124.4ns 
268444     INFO  main            d.u.i.k.p.i.AbstractProblemLoader Creating init config 
271361     DEBUG main            d.u.i.k.p.i.AbstractProblemLoader Init config took 2.92s 
271403     INFO  main            d.u.i.k.p.i.AbstractProblemLoader Replaying proof LoopInvFree[LoopInvFree::test()].JML operation contract.0 
271405     DEBUG main            d.u.i.k.p.i.IntermediateProofReplayer Proof replay took 8.8ns 
271607     INFO  main            d.u.i.k.p.r.p.TestFile    ... finished proof: closed. 
272080     INFO  main            d.u.i.k.p.i.AbstractProblemLoader Loading environment from /home/runner/work/key/key/key.core/../key.ui/examples/standard_key/java_dl/jml-free/loopInvFree.key.proof 
272081     DEBUG main            d.u.i.k.p.i.AbstractProblemLoader Environment load took 89ns 
272082     INFO  main            d.u.i.k.p.i.AbstractProblemLoader Creating init config 
274980     DEBUG main            d.u.i.k.p.i.AbstractProblemLoader Init config took 2.9s 
275021     INFO  main            d.u.i.k.p.i.AbstractProblemLoader Replaying proof LoopInvFree[LoopInvFree::test()].JML operation contract.0 
275065     DEBUG main            d.u.i.k.p.i.IntermediateProofReplayer Proof replay took 41.28ms 
275066     DEBUG main            d.u.i.k.p.r.p.TestFile    ... success: reloaded. 
275067     INFO  main            d.u.i.k.p.r.p.TestFile    Now processing file /home/runner/work/key/key/key.core/../key.ui/examples/standard_key/java_dl/jml-free/ensuresFree.key 
275067     INFO  main            d.u.i.k.p.i.AbstractProblemLoader Loading environment from /home/runner/work/key/key/key.core/../key.ui/examples/standard_key/java_dl/jml-free/ensuresFree.key 
275067     DEBUG main            d.u.i.k.p.i.AbstractProblemLoader Environment load took 129.4ns 
275068     INFO  main            d.u.i.k.p.i.AbstractProblemLoader Creating init config 
278074     DEBUG main            d.u.i.k.p.i.AbstractProblemLoader Init config took 3.01s 
278116     INFO  main            d.u.i.k.p.i.AbstractProblemLoader Replaying proof EnsuresFree[EnsuresFree::test()].JML operation contract.0 
278118     DEBUG main            d.u.i.k.p.i.IntermediateProofReplayer Proof replay took 7.9ns 
278220     INFO  main            d.u.i.k.p.r.p.TestFile    ... finished proof: closed. 
278708     INFO  main            d.u.i.k.p.i.AbstractProblemLoader Loading environment from /home/runner/work/key/key/key.core/../key.ui/examples/standard_key/java_dl/jml-free/ensuresFree.key.proof 
278708     DEBUG main            d.u.i.k.p.i.AbstractProblemLoader Environment load took 108.8ns 
278709     INFO  main            d.u.i.k.p.i.AbstractProblemLoader Creating init config 
281592     DEBUG main            d.u.i.k.p.i.AbstractProblemLoader Init config took 2.88s 
281634     INFO  main            d.u.i.k.p.i.AbstractProblemLoader Replaying proof EnsuresFree[EnsuresFree::test()].JML operation contract.0 
281654     DEBUG main            d.u.i.k.p.i.IntermediateProofReplayer Proof replay took 17.99ms 
281655     DEBUG main            d.u.i.k.p.r.p.TestFile    ... success: reloaded. 
281656     INFO  main            d.u.i.k.p.r.p.TestFile    Now processing file /home/runner/work/key/key/key.core/../key.ui/examples/standard_key/java_dl/jml-information-flow.key 
281656     INFO  main            d.u.i.k.p.i.AbstractProblemLoader Loading environment from /home/runner/work/key/key/key.core/../key.ui/examples/standard_key/java_dl/jml-information-flow.key 
281656     DEBUG main            d.u.i.k.p.i.AbstractProblemLoader Environment load took 74.8ns 
281663     INFO  main            d.u.i.k.p.i.AbstractProblemLoader Creating init config 
284796     DEBUG main            d.u.i.k.p.i.AbstractProblemLoader Init config took 3.13s 
284818     INFO  main            d.u.i.k.p.i.AbstractProblemLoader Replaying proof jml-information-flow.key 
284820     DEBUG main            d.u.i.k.p.i.IntermediateProofReplayer Proof replay took 23.3ns 
432327     INFO  main            d.u.i.k.p.r.p.TestFile    ... finished proof: closed. 
433101     INFO  main            d.u.i.k.p.i.AbstractProblemLoader Loading environment from /home/runner/work/key/key/key.core/../key.ui/examples/standard_key/java_dl/jml-information-flow.key.proof 
433102     DEBUG main            d.u.i.k.p.i.AbstractProblemLoader Environment load took 442.2ns 
433112     INFO  main            d.u.i.k.p.i.AbstractProblemLoader Creating init config 
436240     DEBUG main            d.u.i.k.p.i.AbstractProblemLoader Init config took 3.13s 
436264     INFO  main            d.u.i.k.p.i.AbstractProblemLoader Replaying proof jml-information-flow.key.proof 
440102     DEBUG main            d.u.i.k.p.i.IntermediateProofReplayer Proof replay took 3.71s 
440115     DEBUG main            d.u.i.k.p.r.p.TestFile    ... success: reloaded. 
440116     INFO  main            d.u.i.k.p.r.p.TestFile    Now processing file /home/runner/work/key/key/key.core/../key.ui/examples/standard_key/java_dl/jml-min/min-unprovable1.key 
440117     INFO  main            d.u.i.k.p.i.AbstractProblemLoader Loading environment from /home/runner/work/key/key/key.core/../key.ui/examples/standard_key/java_dl/jml-min/min-unprovable1.key 
440117     DEBUG main            d.u.i.k.p.i.AbstractProblemLoader Environment load took 413.4ns 
440118     INFO  main            d.u.i.k.p.i.AbstractProblemLoader Creating init config 
443267     DEBUG main            d.u.i.k.p.i.AbstractProblemLoader Init config took 3.15s 
443309     INFO  main            d.u.i.k.p.i.AbstractProblemLoader Replaying proof Min[Min::foo()].JML operation contract.0 
443311     DEBUG main            d.u.i.k.p.i.IntermediateProofReplayer Proof replay took 8.8ns 
443414     INFO  main            d.u.i.k.p.r.p.TestFile    ... finished proof: open goal(s) 
444117     INFO  main            d.u.i.k.p.r.p.TestFile    Now processing file /home/runner/work/key/key/key.core/../key.ui/examples/standard_key/java_dl/jml-min/min-unprovable2.key 
444117     INFO  main            d.u.i.k.p.i.AbstractProblemLoader Loading environment from /home/runner/work/key/key/key.core/../key.ui/examples/standard_key/java_dl/jml-min/min-unprovable2.key 
444117     DEBUG main            d.u.i.k.p.i.AbstractProblemLoader Environment load took 58ns 
444118     INFO  main            d.u.i.k.p.i.AbstractProblemLoader Creating init config 
447097     DEBUG main            d.u.i.k.p.i.AbstractProblemLoader Init config took 2.98s 
447137     INFO  main            d.u.i.k.p.i.AbstractProblemLoader Replaying proof Min[Min::foo2()].JML operation contract.0 
447139     DEBUG main            d.u.i.k.p.i.IntermediateProofReplayer Proof replay took 8.8ns 
447242     INFO  main            d.u.i.k.p.r.p.TestFile    ... finished proof: open goal(s) 
447741     INFO  main            d.u.i.k.p.r.p.TestFile    Now processing file /home/runner/work/key/key/key.core/../key.ui/examples/standard_key/java_dl/methodCall.key 
447742     INFO  main            d.u.i.k.p.i.AbstractProblemLoader Loading environment from /home/runner/work/key/key/key.core/../key.ui/examples/standard_key/java_dl/methodCall.key 
447742     DEBUG main            d.u.i.k.p.i.AbstractProblemLoader Environment load took 54.9ns 
447743     INFO  main            d.u.i.k.p.i.AbstractProblemLoader Creating init config 
450716     DEBUG main            d.u.i.k.p.i.AbstractProblemLoader Init config took 2.97s 
450732     INFO  main            d.u.i.k.p.i.AbstractProblemLoader Replaying proof methodCall.key 
450734     DEBUG main            d.u.i.k.p.i.IntermediateProofReplayer Proof replay took 8ns 
450839     INFO  main            d.u.i.k.p.r.p.TestFile    ... finished proof: closed. 
451340     INFO  main            d.u.i.k.p.i.AbstractProblemLoader Loading environment from /home/runner/work/key/key/key.core/../key.ui/examples/standard_key/java_dl/methodCall.key.proof 
451340     DEBUG main            d.u.i.k.p.i.AbstractProblemLoader Environment load took 97ns 
451341     INFO  main            d.u.i.k.p.i.AbstractProblemLoader Creating init config 
454435     DEBUG main            d.u.i.k.p.i.AbstractProblemLoader Init config took 3.09s 
454452     INFO  main            d.u.i.k.p.i.AbstractProblemLoader Replaying proof methodCall.key.proof 
454456     DEBUG main            d.u.i.k.p.i.IntermediateProofReplayer Proof replay took 2.39ms 
454457     DEBUG main            d.u.i.k.p.r.p.TestFile    ... success: reloaded. 
454458     INFO  main            d.u.i.k.p.r.p.TestFile    Now processing file /home/runner/work/key/key/key.core/../key.ui/examples/standard_key/java_dl/methodCall1.key 
454458     INFO  main            d.u.i.k.p.i.AbstractProblemLoader Loading environment from /home/runner/work/key/key/key.core/../key.ui/examples/standard_key/java_dl/methodCall1.key 
454458     DEBUG main            d.u.i.k.p.i.AbstractProblemLoader Environment load took 68.4ns 
454459     INFO  main            d.u.i.k.p.i.AbstractProblemLoader Creating init config 
457452     DEBUG main            d.u.i.k.p.i.AbstractProblemLoader Init config took 2.99s 
457469     INFO  main            d.u.i.k.p.i.AbstractProblemLoader Replaying proof methodCall1.key 
457470     DEBUG main            d.u.i.k.p.i.IntermediateProofReplayer Proof replay took 8.4ns 
457574     INFO  main            d.u.i.k.p.r.p.TestFile    ... finished proof: closed. 
458105     INFO  main            d.u.i.k.p.i.AbstractProblemLoader Loading environment from /home/runner/work/key/key/key.core/../key.ui/examples/standard_key/java_dl/methodCall1.key.proof 
458105     DEBUG main            d.u.i.k.p.i.AbstractProblemLoader Environment load took 98.2ns 
458107     INFO  main            d.u.i.k.p.i.AbstractProblemLoader Creating init config 
461008     DEBUG main            d.u.i.k.p.i.AbstractProblemLoader Init config took 2.9s 
461025     INFO  main            d.u.i.k.p.i.AbstractProblemLoader Replaying proof methodCall1.key.proof 
461041     DEBUG main            d.u.i.k.p.i.IntermediateProofReplayer Proof replay took 13.27ms 
461042     DEBUG main            d.u.i.k.p.r.p.TestFile    ... success: reloaded. 
461043     INFO  main            d.u.i.k.p.r.p.TestFile    Now processing file /home/runner/work/key/key/key.core/../key.ui/examples/standard_key/java_dl/methodCall1box.key 
461043     INFO  main            d.u.i.k.p.i.AbstractProblemLoader Loading environment from /home/runner/work/key/key/key.core/../key.ui/examples/standard_key/java_dl/methodCall1box.key 
461043     DEBUG main            d.u.i.k.p.i.AbstractProblemLoader Environment load took 140.9ns 
461044     INFO  main            d.u.i.k.p.i.AbstractProblemLoader Creating init config 
464041     DEBUG main            d.u.i.k.p.i.AbstractProblemLoader Init config took 3s 
464058     INFO  main            d.u.i.k.p.i.AbstractProblemLoader Replaying proof methodCall1box.key 
464059     DEBUG main            d.u.i.k.p.i.IntermediateProofReplayer Proof replay took 10.6ns 
464161     INFO  main            d.u.i.k.p.r.p.TestFile    ... finished proof: closed. 
464675     INFO  main            d.u.i.k.p.i.AbstractProblemLoader Loading environment from /home/runner/work/key/key/key.core/../key.ui/examples/standard_key/java_dl/methodCall1box.key.proof 
464676     DEBUG main            d.u.i.k.p.i.AbstractProblemLoader Environment load took 97.3ns 
464677     INFO  main            d.u.i.k.p.i.AbstractProblemLoader Creating init config 
467580     DEBUG main            d.u.i.k.p.i.AbstractProblemLoader Init config took 2.9s 
467597     INFO  main            d.u.i.k.p.i.AbstractProblemLoader Replaying proof methodCall1box.key.proof 
467613     DEBUG main            d.u.i.k.p.i.IntermediateProofReplayer Proof replay took 13.91ms 
467614     DEBUG main            d.u.i.k.p.r.p.TestFile    ... success: reloaded. 
467615     INFO  main            d.u.i.k.p.r.p.TestFile    Now processing file /home/runner/work/key/key/key.core/../key.ui/examples/standard_key/java_dl/methodCall3.key 
467615     INFO  main            d.u.i.k.p.i.AbstractProblemLoader Loading environment from /home/runner/work/key/key/key.core/../key.ui/examples/standard_key/java_dl/methodCall3.key 
467616     DEBUG main            d.u.i.k.p.i.AbstractProblemLoader Environment load took 96.6ns 
467617     INFO  main            d.u.i.k.p.i.AbstractProblemLoader Creating init config 
470578     DEBUG main            d.u.i.k.p.i.AbstractProblemLoader Init config took 2.96s 
470595     INFO  main            d.u.i.k.p.i.AbstractProblemLoader Replaying proof methodCall3.key 
470597     DEBUG main            d.u.i.k.p.i.IntermediateProofReplayer Proof replay took 8.5ns 
470699     INFO  main            d.u.i.k.p.r.p.TestFile    ... finished proof: closed. 
471224     INFO  main            d.u.i.k.p.i.AbstractProblemLoader Loading environment from /home/runner/work/key/key/key.core/../key.ui/examples/standard_key/java_dl/methodCall3.key.proof 
471224     DEBUG main            d.u.i.k.p.i.AbstractProblemLoader Environment load took 91.4ns 
471226     INFO  main            d.u.i.k.p.i.AbstractProblemLoader Creating init config 
474192     DEBUG main            d.u.i.k.p.i.AbstractProblemLoader Init config took 2.97s 
474209     INFO  main            d.u.i.k.p.i.AbstractProblemLoader Replaying proof methodCall3.key.proof 
474220     DEBUG main            d.u.i.k.p.i.IntermediateProofReplayer Proof replay took 9.21ms 
474221     DEBUG main            d.u.i.k.p.r.p.TestFile    ... success: reloaded. 
474222     INFO  main            d.u.i.k.p.r.p.TestFile    Now processing file /home/runner/work/key/key/key.core/../key.ui/examples/standard_key/java_dl/polishFlagSort.key 
474222     INFO  main            d.u.i.k.p.i.AbstractProblemLoader Loading environment from /home/runner/work/key/key/key.core/../key.ui/examples/standard_key/java_dl/polishFlagSort.key 
474223     DEBUG main            d.u.i.k.p.i.AbstractProblemLoader Environment load took 81.8ns 
474225     INFO  main            d.u.i.k.p.i.AbstractProblemLoader Creating init config 
477246     DEBUG main            d.u.i.k.p.i.AbstractProblemLoader Init config took 3.02s 
477265     INFO  main            d.u.i.k.p.i.AbstractProblemLoader Replaying proof polishFlagSort.key 
477267     DEBUG main            d.u.i.k.p.i.IntermediateProofReplayer Proof replay took 9.3ns 
480223     INFO  main            d.u.i.k.p.r.p.TestFile    ... finished proof: closed. 
480820     INFO  main            d.u.i.k.p.i.AbstractProblemLoader Loading environment from /home/runner/work/key/key/key.core/../key.ui/examples/standard_key/java_dl/polishFlagSort.key.proof 
480820     DEBUG main            d.u.i.k.p.i.AbstractProblemLoader Environment load took 138.8ns 
480822     INFO  main            d.u.i.k.p.i.AbstractProblemLoader Creating init config 
483832     DEBUG main            d.u.i.k.p.i.AbstractProblemLoader Init config took 3.01s 
483850     INFO  main            d.u.i.k.p.i.AbstractProblemLoader Replaying proof polishFlagSort.key.proof 
484217     DEBUG main            d.u.i.k.p.i.IntermediateProofReplayer Proof replay took 354.06ms 
484219     DEBUG main            d.u.i.k.p.r.p.TestFile    ... success: reloaded. 
484221     INFO  main            d.u.i.k.p.r.p.TestFile    Now processing file /home/runner/work/key/key/key.core/../key.ui/examples/standard_key/java_dl/postConditionTaclets1.key 
484221     INFO  main            d.u.i.k.p.i.AbstractProblemLoader Loading environment from /home/runner/work/key/key/key.core/../key.ui/examples/standard_key/java_dl/postConditionTaclets1.key 
484221     DEBUG main            d.u.i.k.p.i.AbstractProblemLoader Environment load took 209.8ns 
484223     INFO  main            d.u.i.k.p.i.AbstractProblemLoader Creating init config 
487158     DEBUG main            d.u.i.k.p.i.AbstractProblemLoader Init config took 2.94s 
487175     INFO  main            d.u.i.k.p.i.AbstractProblemLoader Replaying proof postConditionTaclets1.key 
487177     DEBUG main            d.u.i.k.p.i.IntermediateProofReplayer Proof replay took 8ns 
487284     INFO  main            d.u.i.k.p.r.p.TestFile    ... finished proof: closed. 
487889     INFO  main            d.u.i.k.p.i.AbstractProblemLoader Loading environment from /home/runner/work/key/key/key.core/../key.ui/examples/standard_key/java_dl/postConditionTaclets1.key.proof 
487889     DEBUG main            d.u.i.k.p.i.AbstractProblemLoader Environment load took 99.5ns 
487890     INFO  main            d.u.i.k.p.i.AbstractProblemLoader Creating init config 
490857     DEBUG main            d.u.i.k.p.i.AbstractProblemLoader Init config took 2.97s 
490873     INFO  main            d.u.i.k.p.i.AbstractProblemLoader Replaying proof postConditionTaclets1.key.proof 
490876     DEBUG main            d.u.i.k.p.i.IntermediateProofReplayer Proof replay took 394.3ns 
490876     DEBUG main            d.u.i.k.p.r.p.TestFile    ... success: reloaded. 
490877     INFO  main            d.u.i.k.p.r.p.TestFile    Now processing file /home/runner/work/key/key/key.core/../key.ui/examples/standard_key/java_dl/postConditionTaclets2.key 
490877     INFO  main            d.u.i.k.p.i.AbstractProblemLoader Loading environment from /home/runner/work/key/key/key.core/../key.ui/examples/standard_key/java_dl/postConditionTaclets2.key 
490878     DEBUG main            d.u.i.k.p.i.AbstractProblemLoader Environment load took 59ns 
490879     INFO  main            d.u.i.k.p.i.AbstractProblemLoader Creating init config 
493834     DEBUG main            d.u.i.k.p.i.AbstractProblemLoader Init config took 2.96s 
493851     INFO  main            d.u.i.k.p.i.AbstractProblemLoader Replaying proof postConditionTaclets2.key 
493853     DEBUG main            d.u.i.k.p.i.IntermediateProofReplayer Proof replay took 8.9ns 
493962     INFO  main            d.u.i.k.p.r.p.TestFile    ... finished proof: closed. 
494526     INFO  main            d.u.i.k.p.i.AbstractProblemLoader Loading environment from /home/runner/work/key/key/key.core/../key.ui/examples/standard_key/java_dl/postConditionTaclets2.key.proof 
494526     DEBUG main            d.u.i.k.p.i.AbstractProblemLoader Environment load took 103.8ns 
494528     INFO  main            d.u.i.k.p.i.AbstractProblemLoader Creating init config 
497432     DEBUG main            d.u.i.k.p.i.AbstractProblemLoader Init config took 2.9s 
497452     INFO  main            d.u.i.k.p.i.AbstractProblemLoader Replaying proof postConditionTaclets2.key.proof 
497454     DEBUG main            d.u.i.k.p.i.IntermediateProofReplayer Proof replay took 674.5ns 
497455     DEBUG main            d.u.i.k.p.r.p.TestFile    ... success: reloaded. 
497456     INFO  main            d.u.i.k.p.r.p.TestFile    Now processing file /home/runner/work/key/key/key.core/../key.ui/examples/standard_key/java_dl/quantifiedQuery.key 
497456     INFO  main            d.u.i.k.p.i.AbstractProblemLoader Loading environment from /home/runner/work/key/key/key.core/../key.ui/examples/standard_key/java_dl/quantifiedQuery.key 
497456     DEBUG main            d.u.i.k.p.i.AbstractProblemLoader Environment load took 76.8ns 
497458     INFO  main            d.u.i.k.p.i.AbstractProblemLoader Creating init config 
500547     DEBUG main            d.u.i.k.p.i.AbstractProblemLoader Init config took 3.09s 
500564     INFO  main            d.u.i.k.p.i.AbstractProblemLoader Replaying proof quantifiedQuery.key 
500566     DEBUG main            d.u.i.k.p.i.IntermediateProofReplayer Proof replay took 7.8ns 
500669     INFO  main            d.u.i.k.p.r.p.TestFile    ... finished proof: closed. 
501278     INFO  main            d.u.i.k.p.i.AbstractProblemLoader Loading environment from /home/runner/work/key/key/key.core/../key.ui/examples/standard_key/java_dl/quantifiedQuery.key.proof 
501279     DEBUG main            d.u.i.k.p.i.AbstractProblemLoader Environment load took 84.9ns 
501280     INFO  main            d.u.i.k.p.i.AbstractProblemLoader Creating init config 
504223     DEBUG main            d.u.i.k.p.i.AbstractProblemLoader Init config took 2.94s 
504240     INFO  main            d.u.i.k.p.i.AbstractProblemLoader Replaying proof quantifiedQuery.key.proof 
504252     DEBUG main            d.u.i.k.p.i.IntermediateProofReplayer Proof replay took 9.64ms 
504253     DEBUG main            d.u.i.k.p.r.p.TestFile    ... success: reloaded. 
504254     INFO  main            d.u.i.k.p.r.p.TestFile    Now processing file /home/runner/work/key/key/key.core/../key.ui/examples/standard_key/java_dl/recursion/triangular.key 
504254     INFO  main            d.u.i.k.p.i.AbstractProblemLoader Loading environment from /home/runner/work/key/key/key.core/../key.ui/examples/standard_key/java_dl/recursion/triangular.key 
504254     DEBUG main            d.u.i.k.p.i.AbstractProblemLoader Environment load took 149.1ns 
504255     INFO  main            d.u.i.k.p.i.AbstractProblemLoader Creating init config 
507219     DEBUG main            d.u.i.k.p.i.AbstractProblemLoader Init config took 2.96s 
507260     INFO  main            d.u.i.k.p.i.AbstractProblemLoader Replaying proof Triangular[Triangular::tria(int)].JML normal_behavior operation contract.0 
507261     DEBUG main            d.u.i.k.p.i.IntermediateProofReplayer Proof replay took 7.9ns 
507564     INFO  main            d.u.i.k.p.r.p.TestFile    ... finished proof: closed. 
508140     INFO  main            d.u.i.k.p.i.AbstractProblemLoader Loading environment from /home/runner/work/key/key/key.core/../key.ui/examples/standard_key/java_dl/recursion/triangular.key.proof 
508140     DEBUG main            d.u.i.k.p.i.AbstractProblemLoader Environment load took 98.7ns 
508141     INFO  main            d.u.i.k.p.i.AbstractProblemLoader Creating init config 
511073     DEBUG main            d.u.i.k.p.i.AbstractProblemLoader Init config took 2.93s 
511114     INFO  main            d.u.i.k.p.i.AbstractProblemLoader Replaying proof Triangular[Triangular::tria(int)].JML normal_behavior operation contract.0 
511150     DEBUG main            d.u.i.k.p.i.IntermediateProofReplayer Proof replay took 33.48ms 
511151     DEBUG main            d.u.i.k.p.r.p.TestFile    ... success: reloaded. 
511152     INFO  main            d.u.i.k.p.r.p.TestFile    Now processing file /home/runner/work/key/key/key.core/../key.ui/examples/standard_key/java_dl/reverseArray.key 
511152     INFO  main            d.u.i.k.p.i.AbstractProblemLoader Loading environment from /home/runner/work/key/key/key.core/../key.ui/examples/standard_key/java_dl/reverseArray.key 
511152     DEBUG main            d.u.i.k.p.i.AbstractProblemLoader Environment load took 119.7ns 
511154     INFO  main            d.u.i.k.p.i.AbstractProblemLoader Creating init config 
511182     WARN  main            d.u.i.k.j.r.KeYCrossReferenceNameInfo Datatype java.io.PrintStream declared twice: Once in FILE:/home/runner/work/key/key/key.core/../key.ui/examples/standard_key/java_dl/./classpath/PrintStream.java and once in URL:file:/home/runner/work/key/key/key.core/build/resources/main/de/uka/ilkd/key/java/JavaRedux/java/io/PrintStream.java, Keeping one from URL:file:/home/runner/work/key/key/key.core/build/resources/main/de/uka/ilkd/key/java/JavaRedux/java/io/PrintStream.java 
511182     WARN  main            d.u.i.k.j.r.KeYCrossReferenceNameInfo Datatype java.lang.System declared twice: Once in FILE:/home/runner/work/key/key/key.core/../key.ui/examples/standard_key/java_dl/./classpath/System.java and once in URL:file:/home/runner/work/key/key/key.core/build/resources/main/de/uka/ilkd/key/java/JavaRedux/java/lang/System.java, Keeping one from URL:file:/home/runner/work/key/key/key.core/build/resources/main/de/uka/ilkd/key/java/JavaRedux/java/lang/System.java 
511182     WARN  main            d.u.i.k.j.r.KeYCrossReferenceNameInfo Datatype java.io.InputStream declared twice: Once in FILE:/home/runner/work/key/key/key.core/../key.ui/examples/standard_key/java_dl/./classpath/InputStream.java and once in URL:file:/home/runner/work/key/key/key.core/build/resources/main/de/uka/ilkd/key/java/JavaRedux/java/io/InputStream.java, Keeping one from URL:file:/home/runner/work/key/key/key.core/build/resources/main/de/uka/ilkd/key/java/JavaRedux/java/io/InputStream.java 
511186     DEBUG main            d.u.i.k.j.r.ClassFileDeclarationBuilder Parsing: package java.io; public class Closeable { } 
511186     DEBUG main            r.s.KeYCrossReferenceSourceInfo Dynamically created class: java.io.Closeable 
514301     DEBUG main            d.u.i.k.p.i.AbstractProblemLoader Init config took 3.15s 
514327     INFO  main            d.u.i.k.p.i.AbstractProblemLoader Replaying proof reverseArray.key 
514329     DEBUG main            d.u.i.k.p.i.IntermediateProofReplayer Proof replay took 8.1ns 
520098     INFO  main            d.u.i.k.p.r.p.TestFile    ... finished proof: closed. 
520724     INFO  main            d.u.i.k.p.i.AbstractProblemLoader Loading environment from /home/runner/work/key/key/key.core/../key.ui/examples/standard_key/java_dl/reverseArray.key.proof 
520724     DEBUG main            d.u.i.k.p.i.AbstractProblemLoader Environment load took 99.1ns 
520728     INFO  main            d.u.i.k.p.i.AbstractProblemLoader Creating init config 
520762     WARN  main            d.u.i.k.j.r.KeYCrossReferenceNameInfo Datatype java.io.PrintStream declared twice: Once in FILE:/home/runner/work/key/key/key.core/../key.ui/examples/standard_key/java_dl/classpath/PrintStream.java and once in URL:file:/home/runner/work/key/key/key.core/build/resources/main/de/uka/ilkd/key/java/JavaRedux/java/io/PrintStream.java, Keeping one from URL:file:/home/runner/work/key/key/key.core/build/resources/main/de/uka/ilkd/key/java/JavaRedux/java/io/PrintStream.java 
520763     WARN  main            d.u.i.k.j.r.KeYCrossReferenceNameInfo Datatype java.lang.System declared twice: Once in FILE:/home/runner/work/key/key/key.core/../key.ui/examples/standard_key/java_dl/classpath/System.java and once in URL:file:/home/runner/work/key/key/key.core/build/resources/main/de/uka/ilkd/key/java/JavaRedux/java/lang/System.java, Keeping one from URL:file:/home/runner/work/key/key/key.core/build/resources/main/de/uka/ilkd/key/java/JavaRedux/java/lang/System.java 
520763     WARN  main            d.u.i.k.j.r.KeYCrossReferenceNameInfo Datatype java.io.InputStream declared twice: Once in FILE:/home/runner/work/key/key/key.core/../key.ui/examples/standard_key/java_dl/classpath/InputStream.java and once in URL:file:/home/runner/work/key/key/key.core/build/resources/main/de/uka/ilkd/key/java/JavaRedux/java/io/InputStream.java, Keeping one from URL:file:/home/runner/work/key/key/key.core/build/resources/main/de/uka/ilkd/key/java/JavaRedux/java/io/InputStream.java 
520767     DEBUG main            d.u.i.k.j.r.ClassFileDeclarationBuilder Parsing: package java.io; public class Closeable { } 
520767     DEBUG main            r.s.KeYCrossReferenceSourceInfo Dynamically created class: java.io.Closeable 
523856     DEBUG main            d.u.i.k.p.i.AbstractProblemLoader Init config took 3.13s 
523875     INFO  main            d.u.i.k.p.i.AbstractProblemLoader Replaying proof reverseArray.key.proof 
524432     DEBUG main            d.u.i.k.p.i.IntermediateProofReplayer Proof replay took 545.35ms 
524434     DEBUG main            d.u.i.k.p.r.p.TestFile    ... success: reloaded. 
524435     INFO  main            d.u.i.k.p.r.p.TestFile    Now processing file /home/runner/work/key/key/key.core/../key.ui/examples/standard_key/java_dl/reverseArray2.key 
524436     INFO  main            d.u.i.k.p.i.AbstractProblemLoader Loading environment from /home/runner/work/key/key/key.core/../key.ui/examples/standard_key/java_dl/reverseArray2.key 
524436     DEBUG main            d.u.i.k.p.i.AbstractProblemLoader Environment load took 65.3ns 
524438     INFO  main            d.u.i.k.p.i.AbstractProblemLoader Creating init config 
524465     WARN  main            d.u.i.k.j.r.KeYCrossReferenceNameInfo Datatype java.io.PrintStream declared twice: Once in FILE:/home/runner/work/key/key/key.core/../key.ui/examples/standard_key/java_dl/classpath/PrintStream.java and once in URL:file:/home/runner/work/key/key/key.core/build/resources/main/de/uka/ilkd/key/java/JavaRedux/java/io/PrintStream.java, Keeping one from URL:file:/home/runner/work/key/key/key.core/build/resources/main/de/uka/ilkd/key/java/JavaRedux/java/io/PrintStream.java 
524465     WARN  main            d.u.i.k.j.r.KeYCrossReferenceNameInfo Datatype java.lang.System declared twice: Once in FILE:/home/runner/work/key/key/key.core/../key.ui/examples/standard_key/java_dl/classpath/System.java and once in URL:file:/home/runner/work/key/key/key.core/build/resources/main/de/uka/ilkd/key/java/JavaRedux/java/lang/System.java, Keeping one from URL:file:/home/runner/work/key/key/key.core/build/resources/main/de/uka/ilkd/key/java/JavaRedux/java/lang/System.java 
524465     WARN  main            d.u.i.k.j.r.KeYCrossReferenceNameInfo Datatype java.io.InputStream declared twice: Once in FILE:/home/runner/work/key/key/key.core/../key.ui/examples/standard_key/java_dl/classpath/InputStream.java and once in URL:file:/home/runner/work/key/key/key.core/build/resources/main/de/uka/ilkd/key/java/JavaRedux/java/io/InputStream.java, Keeping one from URL:file:/home/runner/work/key/key/key.core/build/resources/main/de/uka/ilkd/key/java/JavaRedux/java/io/InputStream.java 
524469     DEBUG main            d.u.i.k.j.r.ClassFileDeclarationBuilder Parsing: package java.io; public class Closeable { } 
524469     DEBUG main            r.s.KeYCrossReferenceSourceInfo Dynamically created class: java.io.Closeable 
527543     DEBUG main            d.u.i.k.p.i.AbstractProblemLoader Init config took 3.1s 
527561     INFO  main            d.u.i.k.p.i.AbstractProblemLoader Replaying proof reverseArray2.key 
527563     DEBUG main            d.u.i.k.p.i.IntermediateProofReplayer Proof replay took 40.3ns 
529308     INFO  main            d.u.i.k.p.r.p.TestFile    ... finished proof: closed. 
530032     INFO  main            d.u.i.k.p.i.AbstractProblemLoader Loading environment from /home/runner/work/key/key/key.core/../key.ui/examples/standard_key/java_dl/reverseArray2.key.proof 
530032     DEBUG main            d.u.i.k.p.i.AbstractProblemLoader Environment load took 106.7ns 
530034     INFO  main            d.u.i.k.p.i.AbstractProblemLoader Creating init config 
530061     WARN  main            d.u.i.k.j.r.KeYCrossReferenceNameInfo Datatype java.io.PrintStream declared twice: Once in FILE:/home/runner/work/key/key/key.core/../key.ui/examples/standard_key/java_dl/classpath/PrintStream.java and once in URL:file:/home/runner/work/key/key/key.core/build/resources/main/de/uka/ilkd/key/java/JavaRedux/java/io/PrintStream.java, Keeping one from URL:file:/home/runner/work/key/key/key.core/build/resources/main/de/uka/ilkd/key/java/JavaRedux/java/io/PrintStream.java 
530061     WARN  main            d.u.i.k.j.r.KeYCrossReferenceNameInfo Datatype java.lang.System declared twice: Once in FILE:/home/runner/work/key/key/key.core/../key.ui/examples/standard_key/java_dl/classpath/System.java and once in URL:file:/home/runner/work/key/key/key.core/build/resources/main/de/uka/ilkd/key/java/JavaRedux/java/lang/System.java, Keeping one from URL:file:/home/runner/work/key/key/key.core/build/resources/main/de/uka/ilkd/key/java/JavaRedux/java/lang/System.java 
530061     WARN  main            d.u.i.k.j.r.KeYCrossReferenceNameInfo Datatype java.io.InputStream declared twice: Once in FILE:/home/runner/work/key/key/key.core/../key.ui/examples/standard_key/java_dl/classpath/InputStream.java and once in URL:file:/home/runner/work/key/key/key.core/build/resources/main/de/uka/ilkd/key/java/JavaRedux/java/io/InputStream.java, Keeping one from URL:file:/home/runner/work/key/key/key.core/build/resources/main/de/uka/ilkd/key/java/JavaRedux/java/io/InputStream.java 
530065     DEBUG main            d.u.i.k.j.r.ClassFileDeclarationBuilder Parsing: package java.io; public class Closeable { } 
530065     DEBUG main            r.s.KeYCrossReferenceSourceInfo Dynamically created class: java.io.Closeable 
532987     DEBUG main            d.u.i.k.p.i.AbstractProblemLoader Init config took 2.95s 
533006     INFO  main            d.u.i.k.p.i.AbstractProblemLoader Replaying proof reverseArray2.key.proof 
533208     DEBUG main            d.u.i.k.p.i.IntermediateProofReplayer Proof replay took 197.35ms 
533210     DEBUG main            d.u.i.k.p.r.p.TestFile    ... success: reloaded. 
533211     INFO  main            d.u.i.k.p.r.p.TestFile    Now processing file /home/runner/work/key/key/key.core/../key.ui/examples/standard_key/java_dl/simpleAssignment.key 
533211     INFO  main            d.u.i.k.p.i.AbstractProblemLoader Loading environment from /home/runner/work/key/key/key.core/../key.ui/examples/standard_key/java_dl/simpleAssignment.key 
533211     DEBUG main            d.u.i.k.p.i.AbstractProblemLoader Environment load took 62.8ns 
533212     INFO  main            d.u.i.k.p.i.AbstractProblemLoader Creating init config 
536030     DEBUG main            d.u.i.k.p.i.AbstractProblemLoader Init config took 2.82s 
536046     INFO  main            d.u.i.k.p.i.AbstractProblemLoader Replaying proof simpleAssignment.key 
536048     DEBUG main            d.u.i.k.p.i.IntermediateProofReplayer Proof replay took 4.2ns 
536152     INFO  main            d.u.i.k.p.r.p.TestFile    ... finished proof: closed. 
536780     INFO  main            d.u.i.k.p.i.AbstractProblemLoader Loading environment from /home/runner/work/key/key/key.core/../key.ui/examples/standard_key/java_dl/simpleAssignment.key.proof 
536781     DEBUG main            d.u.i.k.p.i.AbstractProblemLoader Environment load took 82.5ns 
536781     INFO  main            d.u.i.k.p.i.AbstractProblemLoader Creating init config 
539562     DEBUG main            d.u.i.k.p.i.AbstractProblemLoader Init config took 2.78s 
539579     INFO  main            d.u.i.k.p.i.AbstractProblemLoader Replaying proof simpleAssignment.key.proof 
539581     DEBUG main            d.u.i.k.p.i.IntermediateProofReplayer Proof replay took 796.4ns 
539582     DEBUG main            d.u.i.k.p.r.p.TestFile    ... success: reloaded. 
539582     INFO  main            d.u.i.k.p.r.p.TestFile    Now processing file /home/runner/work/key/key/key.core/../key.ui/examples/standard_key/java_dl/simpleAssignment2.key 
539583     INFO  main            d.u.i.k.p.i.AbstractProblemLoader Loading environment from /home/runner/work/key/key/key.core/../key.ui/examples/standard_key/java_dl/simpleAssignment2.key 
539583     DEBUG main            d.u.i.k.p.i.AbstractProblemLoader Environment load took 101.7ns 
539584     INFO  main            d.u.i.k.p.i.AbstractProblemLoader Creating init config 
542392     DEBUG main            d.u.i.k.p.i.AbstractProblemLoader Init config took 2.81s 
542408     INFO  main            d.u.i.k.p.i.AbstractProblemLoader Replaying proof simpleAssignment2.key 
542410     DEBUG main            d.u.i.k.p.i.IntermediateProofReplayer Proof replay took 3.7ns 
542511     INFO  main            d.u.i.k.p.r.p.TestFile    ... finished proof: closed. 
543107     INFO  main            d.u.i.k.p.i.AbstractProblemLoader Loading environment from /home/runner/work/key/key/key.core/../key.ui/examples/standard_key/java_dl/simpleAssignment2.key.proof 
543107     DEBUG main            d.u.i.k.p.i.AbstractProblemLoader Environment load took 84.1ns 
543108     INFO  main            d.u.i.k.p.i.AbstractProblemLoader Creating init config 
546005     DEBUG main            d.u.i.k.p.i.AbstractProblemLoader Init config took 2.9s 
546020     INFO  main            d.u.i.k.p.i.AbstractProblemLoader Replaying proof simpleAssignment2.key.proof 
546022     DEBUG main            d.u.i.k.p.i.IntermediateProofReplayer Proof replay took 482.5ns 
546023     DEBUG main            d.u.i.k.p.r.p.TestFile    ... success: reloaded. 
546024     INFO  main            d.u.i.k.p.r.p.TestFile    Now processing file /home/runner/work/key/key/key.core/../key.ui/examples/standard_key/java_dl/splittingWithQueries.key 
546024     INFO  main            d.u.i.k.p.i.AbstractProblemLoader Loading environment from /home/runner/work/key/key/key.core/../key.ui/examples/standard_key/java_dl/splittingWithQueries.key 
546024     DEBUG main            d.u.i.k.p.i.AbstractProblemLoader Environment load took 88.9ns 
546025     INFO  main            d.u.i.k.p.i.AbstractProblemLoader Creating init config 
549038     DEBUG main            d.u.i.k.p.i.AbstractProblemLoader Init config took 3.01s 
549053     INFO  main            d.u.i.k.p.i.AbstractProblemLoader Replaying proof splittingWithQueries.key 
549058     DEBUG main            d.u.i.k.p.i.IntermediateProofReplayer Proof replay took 3.3ns 
549162     INFO  main            d.u.i.k.p.r.p.TestFile    ... finished proof: closed. 
549772     INFO  main            d.u.i.k.p.i.AbstractProblemLoader Loading environment from /home/runner/work/key/key/key.core/../key.ui/examples/standard_key/java_dl/splittingWithQueries.key.proof 
549772     DEBUG main            d.u.i.k.p.i.AbstractProblemLoader Environment load took 82.2ns 
549773     INFO  main            d.u.i.k.p.i.AbstractProblemLoader Creating init config 
552577     DEBUG main            d.u.i.k.p.i.AbstractProblemLoader Init config took 2.8s 
552593     INFO  main            d.u.i.k.p.i.AbstractProblemLoader Replaying proof splittingWithQueries.key.proof 
552597     DEBUG main            d.u.i.k.p.i.IntermediateProofReplayer Proof replay took 1.85ms 
552597     DEBUG main            d.u.i.k.p.r.p.TestFile    ... success: reloaded. 
552599     INFO  main            d.u.i.k.p.r.p.TestFile    Now processing file /home/runner/work/key/key/key.core/../key.ui/examples/standard_key/java_dl/strassen/strassen.key 
552599     INFO  main            d.u.i.k.p.i.AbstractProblemLoader Loading environment from /home/runner/work/key/key/key.core/../key.ui/examples/standard_key/java_dl/strassen/strassen.key 
552599     DEBUG main            d.u.i.k.p.i.AbstractProblemLoader Environment load took 226.5ns 
552600     INFO  main            d.u.i.k.p.i.AbstractProblemLoader Creating init config 
555579     DEBUG main            d.u.i.k.p.i.AbstractProblemLoader Init config took 2.98s 
555632     INFO  main            d.u.i.k.p.i.AbstractProblemLoader Replaying proof Matrix22[Matrix22::strassen(Matrix22,Matrix22)].JML normal_behavior operation contract.0 
555634     DEBUG main            d.u.i.k.p.i.IntermediateProofReplayer Proof replay took 3.6ns 
561776     INFO  main            d.u.i.k.p.r.p.TestFile    ... finished proof: closed. 
562575     INFO  main            d.u.i.k.p.i.AbstractProblemLoader Loading environment from /home/runner/work/key/key/key.core/../key.ui/examples/standard_key/java_dl/strassen/strassen.key.proof 
562575     DEBUG main            d.u.i.k.p.i.AbstractProblemLoader Environment load took 408.6ns 
562577     INFO  main            d.u.i.k.p.i.AbstractProblemLoader Creating init config 
565595     DEBUG main            d.u.i.k.p.i.AbstractProblemLoader Init config took 3.02s 
565652     INFO  main            d.u.i.k.p.i.AbstractProblemLoader Replaying proof Matrix22[Matrix22::strassen(Matrix22,Matrix22)].JML normal_behavior operation contract.0 
566164     DEBUG main            d.u.i.k.p.i.IntermediateProofReplayer Proof replay took 502.16ms 
566166     DEBUG main            d.u.i.k.p.r.p.TestFile    ... success: reloaded. 
566167     INFO  main            d.u.i.k.p.r.p.TestFile    Now processing file /home/runner/work/key/key/key.core/../key.ui/examples/standard_key/java_dl/symmArray.key 
566167     INFO  main            d.u.i.k.p.i.AbstractProblemLoader Loading environment from /home/runner/work/key/key/key.core/../key.ui/examples/standard_key/java_dl/symmArray.key 
566167     DEBUG main            d.u.i.k.p.i.AbstractProblemLoader Environment load took 101.9ns 
566171     INFO  main            d.u.i.k.p.i.AbstractProblemLoader Creating init config 
569249     DEBUG main            d.u.i.k.p.i.AbstractProblemLoader Init config took 3.08s 
569266     INFO  main            d.u.i.k.p.i.AbstractProblemLoader Replaying proof symmArray.key 
569268     DEBUG main            d.u.i.k.p.i.IntermediateProofReplayer Proof replay took 3.7ns 
669129     INFO  main            d.u.i.k.p.r.p.TestFile    ... finished proof: closed. 
669905     INFO  main            d.u.i.k.p.i.AbstractProblemLoader Loading environment from /home/runner/work/key/key/key.core/../key.ui/examples/standard_key/java_dl/symmArray.key.proof 
669905     DEBUG main            d.u.i.k.p.i.AbstractProblemLoader Environment load took 176.4ns 
669911     INFO  main            d.u.i.k.p.i.AbstractProblemLoader Creating init config 
672856     DEBUG main            d.u.i.k.p.i.AbstractProblemLoader Init config took 2.95s 
672875     INFO  main            d.u.i.k.p.i.AbstractProblemLoader Replaying proof symmArray.key.proof 
673985     DEBUG main            d.u.i.k.p.i.IntermediateProofReplayer Proof replay took 1.06s 
673991     DEBUG main            d.u.i.k.p.r.p.TestFile    ... success: reloaded. 
673992     INFO  main            d.u.i.k.p.r.p.TestFile    Now processing file /home/runner/work/key/key/key.core/../key.ui/examples/standard_key/java_dl/testcontext.key 
673992     INFO  main            d.u.i.k.p.i.AbstractProblemLoader Loading environment from /home/runner/work/key/key/key.core/../key.ui/examples/standard_key/java_dl/testcontext.key 
673992     DEBUG main            d.u.i.k.p.i.AbstractProblemLoader Environment load took 94.6ns 
673993     INFO  main            d.u.i.k.p.i.AbstractProblemLoader Creating init config 
674018     WARN  main            d.u.i.k.j.r.KeYCrossReferenceNameInfo Datatype java.io.PrintStream declared twice: Once in FILE:/home/runner/work/key/key/key.core/../key.ui/examples/standard_key/java_dl/classpath/PrintStream.java and once in URL:file:/home/runner/work/key/key/key.core/build/resources/main/de/uka/ilkd/key/java/JavaRedux/java/io/PrintStream.java, Keeping one from URL:file:/home/runner/work/key/key/key.core/build/resources/main/de/uka/ilkd/key/java/JavaRedux/java/io/PrintStream.java 
674018     WARN  main            d.u.i.k.j.r.KeYCrossReferenceNameInfo Datatype java.lang.System declared twice: Once in FILE:/home/runner/work/key/key/key.core/../key.ui/examples/standard_key/java_dl/classpath/System.java and once in URL:file:/home/runner/work/key/key/key.core/build/resources/main/de/uka/ilkd/key/java/JavaRedux/java/lang/System.java, Keeping one from URL:file:/home/runner/work/key/key/key.core/build/resources/main/de/uka/ilkd/key/java/JavaRedux/java/lang/System.java 
674018     WARN  main            d.u.i.k.j.r.KeYCrossReferenceNameInfo Datatype java.io.InputStream declared twice: Once in FILE:/home/runner/work/key/key/key.core/../key.ui/examples/standard_key/java_dl/classpath/InputStream.java and once in URL:file:/home/runner/work/key/key/key.core/build/resources/main/de/uka/ilkd/key/java/JavaRedux/java/io/InputStream.java, Keeping one from URL:file:/home/runner/work/key/key/key.core/build/resources/main/de/uka/ilkd/key/java/JavaRedux/java/io/InputStream.java 
674022     DEBUG main            d.u.i.k.j.r.ClassFileDeclarationBuilder Parsing: package java.io; public class Closeable { } 
674022     DEBUG main            r.s.KeYCrossReferenceSourceInfo Dynamically created class: java.io.Closeable 
676939     DEBUG main            d.u.i.k.p.i.AbstractProblemLoader Init config took 2.95s 
676955     INFO  main            d.u.i.k.p.i.AbstractProblemLoader Replaying proof testcontext.key 
676957     DEBUG main            d.u.i.k.p.i.IntermediateProofReplayer Proof replay took 19.5ns 
677260     INFO  main            d.u.i.k.p.r.p.TestFile    ... finished proof: closed. 
678050     INFO  main            d.u.i.k.p.i.AbstractProblemLoader Loading environment from /home/runner/work/key/key/key.core/../key.ui/examples/standard_key/java_dl/testcontext.key.proof 
678050     DEBUG main            d.u.i.k.p.i.AbstractProblemLoader Environment load took 261.3ns 
678051     INFO  main            d.u.i.k.p.i.AbstractProblemLoader Creating init config 
678084     WARN  main            d.u.i.k.j.r.KeYCrossReferenceNameInfo Datatype java.io.PrintStream declared twice: Once in FILE:/home/runner/work/key/key/key.core/../key.ui/examples/standard_key/java_dl/classpath/PrintStream.java and once in URL:file:/home/runner/work/key/key/key.core/build/resources/main/de/uka/ilkd/key/java/JavaRedux/java/io/PrintStream.java, Keeping one from URL:file:/home/runner/work/key/key/key.core/build/resources/main/de/uka/ilkd/key/java/JavaRedux/java/io/PrintStream.java 
678085     WARN  main            d.u.i.k.j.r.KeYCrossReferenceNameInfo Datatype java.lang.System declared twice: Once in FILE:/home/runner/work/key/key/key.core/../key.ui/examples/standard_key/java_dl/classpath/System.java and once in URL:file:/home/runner/work/key/key/key.core/build/resources/main/de/uka/ilkd/key/java/JavaRedux/java/lang/System.java, Keeping one from URL:file:/home/runner/work/key/key/key.core/build/resources/main/de/uka/ilkd/key/java/JavaRedux/java/lang/System.java 
678085     WARN  main            d.u.i.k.j.r.KeYCrossReferenceNameInfo Datatype java.io.InputStream declared twice: Once in FILE:/home/runner/work/key/key/key.core/../key.ui/examples/standard_key/java_dl/classpath/InputStream.java and once in URL:file:/home/runner/work/key/key/key.core/build/resources/main/de/uka/ilkd/key/java/JavaRedux/java/io/InputStream.java, Keeping one from URL:file:/home/runner/work/key/key/key.core/build/resources/main/de/uka/ilkd/key/java/JavaRedux/java/io/InputStream.java 
678088     DEBUG main            d.u.i.k.j.r.ClassFileDeclarationBuilder Parsing: package java.io; public class Closeable { } 
678088     DEBUG main            r.s.KeYCrossReferenceSourceInfo Dynamically created class: java.io.Closeable 
681015     DEBUG main            d.u.i.k.p.i.AbstractProblemLoader Init config took 2.96s 
681031     INFO  main            d.u.i.k.p.i.AbstractProblemLoader Replaying proof testcontext.key.proof 
681087     DEBUG main            d.u.i.k.p.i.IntermediateProofReplayer Proof replay took 53.1ms 
681089     DEBUG main            d.u.i.k.p.r.p.TestFile    ... success: reloaded. 
681089     INFO  main            d.u.i.k.p.r.p.TestFile    Now processing file /home/runner/work/key/key/key.core/../key.ui/examples/standard_key/staticInitialisation/cascadeStaticInitialisation.key 
681089     INFO  main            d.u.i.k.p.i.AbstractProblemLoader Loading environment from /home/runner/work/key/key/key.core/../key.ui/examples/standard_key/staticInitialisation/cascadeStaticInitialisation.key 
681090     DEBUG main            d.u.i.k.p.i.AbstractProblemLoader Environment load took 88.8ns 
681092     INFO  main            d.u.i.k.p.i.AbstractProblemLoader Creating init config 
681115     WARN  main            d.u.i.k.j.r.KeYCrossReferenceNameInfo Datatype java.io.PrintStream declared twice: Once in FILE:/home/runner/work/key/key/key.core/../key.ui/examples/standard_key/staticInitialisation/classpath/PrintStream.java and once in URL:file:/home/runner/work/key/key/key.core/build/resources/main/de/uka/ilkd/key/java/JavaRedux/java/io/PrintStream.java, Keeping one from URL:file:/home/runner/work/key/key/key.core/build/resources/main/de/uka/ilkd/key/java/JavaRedux/java/io/PrintStream.java 
681115     WARN  main            d.u.i.k.j.r.KeYCrossReferenceNameInfo Datatype java.lang.System declared twice: Once in FILE:/home/runner/work/key/key/key.core/../key.ui/examples/standard_key/staticInitialisation/classpath/System.java and once in URL:file:/home/runner/work/key/key/key.core/build/resources/main/de/uka/ilkd/key/java/JavaRedux/java/lang/System.java, Keeping one from URL:file:/home/runner/work/key/key/key.core/build/resources/main/de/uka/ilkd/key/java/JavaRedux/java/lang/System.java 
684008     DEBUG main            d.u.i.k.p.i.AbstractProblemLoader Init config took 2.92s 
684025     INFO  main            d.u.i.k.p.i.AbstractProblemLoader Replaying proof cascadeStaticInitialisation.key 
684026     DEBUG main            d.u.i.k.p.i.IntermediateProofReplayer Proof replay took 3.5ns 
684831     INFO  main            d.u.i.k.p.r.p.TestFile    ... finished proof: closed. 
685561     INFO  main            d.u.i.k.p.i.AbstractProblemLoader Loading environment from /home/runner/work/key/key/key.core/../key.ui/examples/standard_key/staticInitialisation/cascadeStaticInitialisation.key.proof 
685561     DEBUG main            d.u.i.k.p.i.AbstractProblemLoader Environment load took 357.2ns 
685563     INFO  main            d.u.i.k.p.i.AbstractProblemLoader Creating init config 
685589     WARN  main            d.u.i.k.j.r.KeYCrossReferenceNameInfo Datatype java.io.PrintStream declared twice: Once in FILE:/home/runner/work/key/key/key.core/../key.ui/examples/standard_key/staticInitialisation/classpath/PrintStream.java and once in URL:file:/home/runner/work/key/key/key.core/build/resources/main/de/uka/ilkd/key/java/JavaRedux/java/io/PrintStream.java, Keeping one from URL:file:/home/runner/work/key/key/key.core/build/resources/main/de/uka/ilkd/key/java/JavaRedux/java/io/PrintStream.java 
685590     WARN  main            d.u.i.k.j.r.KeYCrossReferenceNameInfo Datatype java.lang.System declared twice: Once in FILE:/home/runner/work/key/key/key.core/../key.ui/examples/standard_key/staticInitialisation/classpath/System.java and once in URL:file:/home/runner/work/key/key/key.core/build/resources/main/de/uka/ilkd/key/java/JavaRedux/java/lang/System.java, Keeping one from URL:file:/home/runner/work/key/key/key.core/build/resources/main/de/uka/ilkd/key/java/JavaRedux/java/lang/System.java 
688470     DEBUG main            d.u.i.k.p.i.AbstractProblemLoader Init config took 2.91s 
688486     INFO  main            d.u.i.k.p.i.AbstractProblemLoader Replaying proof cascadeStaticInitialisation.key.proof 
688624     DEBUG main            d.u.i.k.p.i.IntermediateProofReplayer Proof replay took 135.45ms 
688626     DEBUG main            d.u.i.k.p.r.p.TestFile    ... success: reloaded. 
688627     INFO  main            d.u.i.k.p.r.p.TestFile    Now processing file /home/runner/work/key/key/key.core/../key.ui/examples/standard_key/staticInitialisation/erroneousClassImpliesErroneousSubclass.key 
688627     INFO  main            d.u.i.k.p.i.AbstractProblemLoader Loading environment from /home/runner/work/key/key/key.core/../key.ui/examples/standard_key/staticInitialisation/erroneousClassImpliesErroneousSubclass.key 
688627     DEBUG main            d.u.i.k.p.i.AbstractProblemLoader Environment load took 55.8ns 
688628     INFO  main            d.u.i.k.p.i.AbstractProblemLoader Creating init config 
688652     WARN  main            d.u.i.k.j.r.KeYCrossReferenceNameInfo Datatype java.io.PrintStream declared twice: Once in FILE:/home/runner/work/key/key/key.core/../key.ui/examples/standard_key/staticInitialisation/classpath/PrintStream.java and once in URL:file:/home/runner/work/key/key/key.core/build/resources/main/de/uka/ilkd/key/java/JavaRedux/java/io/PrintStream.java, Keeping one from URL:file:/home/runner/work/key/key/key.core/build/resources/main/de/uka/ilkd/key/java/JavaRedux/java/io/PrintStream.java 
688652     WARN  main            d.u.i.k.j.r.KeYCrossReferenceNameInfo Datatype java.lang.System declared twice: Once in FILE:/home/runner/work/key/key/key.core/../key.ui/examples/standard_key/staticInitialisation/classpath/System.java and once in URL:file:/home/runner/work/key/key/key.core/build/resources/main/de/uka/ilkd/key/java/JavaRedux/java/lang/System.java, Keeping one from URL:file:/home/runner/work/key/key/key.core/build/resources/main/de/uka/ilkd/key/java/JavaRedux/java/lang/System.java 
691512     DEBUG main            d.u.i.k.p.i.AbstractProblemLoader Init config took 2.88s 
691551     INFO  main            d.u.i.k.p.i.AbstractProblemLoader Replaying proof erroneousClassImpliesErroneousSubclass.key 
691552     DEBUG main            d.u.i.k.p.i.IntermediateProofReplayer Proof replay took 3.9ns 
691654     INFO  main            d.u.i.k.p.r.p.TestFile    ... finished proof: closed. 
692333     INFO  main            d.u.i.k.p.i.AbstractProblemLoader Loading environment from /home/runner/work/key/key/key.core/../key.ui/examples/standard_key/staticInitialisation/erroneousClassImpliesErroneousSubclass.key.proof 
692333     DEBUG main            d.u.i.k.p.i.AbstractProblemLoader Environment load took 76.8ns 
692334     INFO  main            d.u.i.k.p.i.AbstractProblemLoader Creating init config 
692365     WARN  main            d.u.i.k.j.r.KeYCrossReferenceNameInfo Datatype java.io.PrintStream declared twice: Once in FILE:/home/runner/work/key/key/key.core/../key.ui/examples/standard_key/staticInitialisation/classpath/PrintStream.java and once in URL:file:/home/runner/work/key/key/key.core/build/resources/main/de/uka/ilkd/key/java/JavaRedux/java/io/PrintStream.java, Keeping one from URL:file:/home/runner/work/key/key/key.core/build/resources/main/de/uka/ilkd/key/java/JavaRedux/java/io/PrintStream.java 
692365     WARN  main            d.u.i.k.j.r.KeYCrossReferenceNameInfo Datatype java.lang.System declared twice: Once in FILE:/home/runner/work/key/key/key.core/../key.ui/examples/standard_key/staticInitialisation/classpath/System.java and once in URL:file:/home/runner/work/key/key/key.core/build/resources/main/de/uka/ilkd/key/java/JavaRedux/java/lang/System.java, Keeping one from URL:file:/home/runner/work/key/key/key.core/build/resources/main/de/uka/ilkd/key/java/JavaRedux/java/lang/System.java 
695230     DEBUG main            d.u.i.k.p.i.AbstractProblemLoader Init config took 2.9s 
695245     INFO  main            d.u.i.k.p.i.AbstractProblemLoader Replaying proof erroneousClassImpliesErroneousSubclass.key.proof 
695247     DEBUG main            d.u.i.k.p.i.IntermediateProofReplayer Proof replay took 600.1ns 
695248     DEBUG main            d.u.i.k.p.r.p.TestFile    ... success: reloaded. 
695249     INFO  main            d.u.i.k.p.r.p.TestFile    Now processing file /home/runner/work/key/key/key.core/../key.ui/examples/standard_key/staticInitialisation/initializedSubclassImpliesInitializedSuperclass.key 
695249     INFO  main            d.u.i.k.p.i.AbstractProblemLoader Loading environment from /home/runner/work/key/key/key.core/../key.ui/examples/standard_key/staticInitialisation/initializedSubclassImpliesInitializedSuperclass.key 
695249     DEBUG main            d.u.i.k.p.i.AbstractProblemLoader Environment load took 80.1ns 
695250     INFO  main            d.u.i.k.p.i.AbstractProblemLoader Creating init config 
695276     WARN  main            d.u.i.k.j.r.KeYCrossReferenceNameInfo Datatype java.io.PrintStream declared twice: Once in FILE:/home/runner/work/key/key/key.core/../key.ui/examples/standard_key/staticInitialisation/classpath/PrintStream.java and once in URL:file:/home/runner/work/key/key/key.core/build/resources/main/de/uka/ilkd/key/java/JavaRedux/java/io/PrintStream.java, Keeping one from URL:file:/home/runner/work/key/key/key.core/build/resources/main/de/uka/ilkd/key/java/JavaRedux/java/io/PrintStream.java 
695276     WARN  main            d.u.i.k.j.r.KeYCrossReferenceNameInfo Datatype java.lang.System declared twice: Once in FILE:/home/runner/work/key/key/key.core/../key.ui/examples/standard_key/staticInitialisation/classpath/System.java and once in URL:file:/home/runner/work/key/key/key.core/build/resources/main/de/uka/ilkd/key/java/JavaRedux/java/lang/System.java, Keeping one from URL:file:/home/runner/work/key/key/key.core/build/resources/main/de/uka/ilkd/key/java/JavaRedux/java/lang/System.java 
698131     DEBUG main            d.u.i.k.p.i.AbstractProblemLoader Init config took 2.88s 
698146     INFO  main            d.u.i.k.p.i.AbstractProblemLoader Replaying proof initializedSubclassImpliesInitializedSuperclass.key 
698148     DEBUG main            d.u.i.k.p.i.IntermediateProofReplayer Proof replay took 3.5ns 
698250     INFO  main            d.u.i.k.p.r.p.TestFile    ... finished proof: closed. 
698886     INFO  main            d.u.i.k.p.i.AbstractProblemLoader Loading environment from /home/runner/work/key/key/key.core/../key.ui/examples/standard_key/staticInitialisation/initializedSubclassImpliesInitializedSuperclass.key.proof 
698886     DEBUG main            d.u.i.k.p.i.AbstractProblemLoader Environment load took 84.9ns 
698887     INFO  main            d.u.i.k.p.i.AbstractProblemLoader Creating init config 
698912     WARN  main            d.u.i.k.j.r.KeYCrossReferenceNameInfo Datatype java.io.PrintStream declared twice: Once in FILE:/home/runner/work/key/key/key.core/../key.ui/examples/standard_key/staticInitialisation/classpath/PrintStream.java and once in URL:file:/home/runner/work/key/key/key.core/build/resources/main/de/uka/ilkd/key/java/JavaRedux/java/io/PrintStream.java, Keeping one from URL:file:/home/runner/work/key/key/key.core/build/resources/main/de/uka/ilkd/key/java/JavaRedux/java/io/PrintStream.java 
698912     WARN  main            d.u.i.k.j.r.KeYCrossReferenceNameInfo Datatype java.lang.System declared twice: Once in FILE:/home/runner/work/key/key/key.core/../key.ui/examples/standard_key/staticInitialisation/classpath/System.java and once in URL:file:/home/runner/work/key/key/key.core/build/resources/main/de/uka/ilkd/key/java/JavaRedux/java/lang/System.java, Keeping one from URL:file:/home/runner/work/key/key/key.core/build/resources/main/de/uka/ilkd/key/java/JavaRedux/java/lang/System.java 
701785     DEBUG main            d.u.i.k.p.i.AbstractProblemLoader Init config took 2.9s 
701801     INFO  main            d.u.i.k.p.i.AbstractProblemLoader Replaying proof initializedSubclassImpliesInitializedSuperclass.key.proof 
701804     DEBUG main            d.u.i.k.p.i.IntermediateProofReplayer Proof replay took 395.9ns 
701805     DEBUG main            d.u.i.k.p.r.p.TestFile    ... success: reloaded. 
701806     INFO  main            d.u.i.k.p.r.p.TestFile    Now processing file /home/runner/work/key/key/key.core/../key.ui/examples/standard_key/staticInitialisation/localDeclared.key 
701806     INFO  main            d.u.i.k.p.i.AbstractProblemLoader Loading environment from /home/runner/work/key/key/key.core/../key.ui/examples/standard_key/staticInitialisation/localDeclared.key 
701806     DEBUG main            d.u.i.k.p.i.AbstractProblemLoader Environment load took 220.3ns 
701809     INFO  main            d.u.i.k.p.i.AbstractProblemLoader Creating init config 
701834     WARN  main            d.u.i.k.j.r.KeYCrossReferenceNameInfo Datatype java.io.PrintStream declared twice: Once in FILE:/home/runner/work/key/key/key.core/../key.ui/examples/standard_key/staticInitialisation/classpath/PrintStream.java and once in URL:file:/home/runner/work/key/key/key.core/build/resources/main/de/uka/ilkd/key/java/JavaRedux/java/io/PrintStream.java, Keeping one from URL:file:/home/runner/work/key/key/key.core/build/resources/main/de/uka/ilkd/key/java/JavaRedux/java/io/PrintStream.java 
701834     WARN  main            d.u.i.k.j.r.KeYCrossReferenceNameInfo Datatype java.lang.System declared twice: Once in FILE:/home/runner/work/key/key/key.core/../key.ui/examples/standard_key/staticInitialisation/classpath/System.java and once in URL:file:/home/runner/work/key/key/key.core/build/resources/main/de/uka/ilkd/key/java/JavaRedux/java/lang/System.java, Keeping one from URL:file:/home/runner/work/key/key/key.core/build/resources/main/de/uka/ilkd/key/java/JavaRedux/java/lang/System.java 
704819     DEBUG main            d.u.i.k.p.i.AbstractProblemLoader Init config took 3.01s 
704836     INFO  main            d.u.i.k.p.i.AbstractProblemLoader Replaying proof localDeclared.key 
704837     DEBUG main            d.u.i.k.p.i.IntermediateProofReplayer Proof replay took 3ns 
705141     INFO  main            d.u.i.k.p.r.p.TestFile    ... finished proof: closed. 
705820     INFO  main            d.u.i.k.p.i.AbstractProblemLoader Loading environment from /home/runner/work/key/key/key.core/../key.ui/examples/standard_key/staticInitialisation/localDeclared.key.proof 
705820     DEBUG main            d.u.i.k.p.i.AbstractProblemLoader Environment load took 87.5ns 
705821     INFO  main            d.u.i.k.p.i.AbstractProblemLoader Creating init config 
705853     WARN  main            d.u.i.k.j.r.KeYCrossReferenceNameInfo Datatype java.io.PrintStream declared twice: Once in FILE:/home/runner/work/key/key/key.core/../key.ui/examples/standard_key/staticInitialisation/classpath/PrintStream.java and once in URL:file:/home/runner/work/key/key/key.core/build/resources/main/de/uka/ilkd/key/java/JavaRedux/java/io/PrintStream.java, Keeping one from URL:file:/home/runner/work/key/key/key.core/build/resources/main/de/uka/ilkd/key/java/JavaRedux/java/io/PrintStream.java 
705853     WARN  main            d.u.i.k.j.r.KeYCrossReferenceNameInfo Datatype java.lang.System declared twice: Once in FILE:/home/runner/work/key/key/key.core/../key.ui/examples/standard_key/staticInitialisation/classpath/System.java and once in URL:file:/home/runner/work/key/key/key.core/build/resources/main/de/uka/ilkd/key/java/JavaRedux/java/lang/System.java, Keeping one from URL:file:/home/runner/work/key/key/key.core/build/resources/main/de/uka/ilkd/key/java/JavaRedux/java/lang/System.java 
708815     DEBUG main            d.u.i.k.p.i.AbstractProblemLoader Init config took 2.99s 
708833     INFO  main            d.u.i.k.p.i.AbstractProblemLoader Replaying proof localDeclared.key.proof 
708895     DEBUG main            d.u.i.k.p.i.IntermediateProofReplayer Proof replay took 59.46ms 
708896     DEBUG main            d.u.i.k.p.r.p.TestFile    ... success: reloaded. 
708898     INFO  main            d.u.i.k.p.r.p.TestFile    Now processing file /home/runner/work/key/key/key.core/../key.ui/examples/standard_key/staticInitialisation/localDeclaredMethod.key 
708898     INFO  main            d.u.i.k.p.i.AbstractProblemLoader Loading environment from /home/runner/work/key/key/key.core/../key.ui/examples/standard_key/staticInitialisation/localDeclaredMethod.key 
708899     DEBUG main            d.u.i.k.p.i.AbstractProblemLoader Environment load took 163.6ns 
708901     INFO  main            d.u.i.k.p.i.AbstractProblemLoader Creating init config 
708926     WARN  main            d.u.i.k.j.r.KeYCrossReferenceNameInfo Datatype java.io.PrintStream declared twice: Once in FILE:/home/runner/work/key/key/key.core/../key.ui/examples/standard_key/staticInitialisation/classpath/PrintStream.java and once in URL:file:/home/runner/work/key/key/key.core/build/resources/main/de/uka/ilkd/key/java/JavaRedux/java/io/PrintStream.java, Keeping one from URL:file:/home/runner/work/key/key/key.core/build/resources/main/de/uka/ilkd/key/java/JavaRedux/java/io/PrintStream.java 
708927     WARN  main            d.u.i.k.j.r.KeYCrossReferenceNameInfo Datatype java.lang.System declared twice: Once in FILE:/home/runner/work/key/key/key.core/../key.ui/examples/standard_key/staticInitialisation/classpath/System.java and once in URL:file:/home/runner/work/key/key/key.core/build/resources/main/de/uka/ilkd/key/java/JavaRedux/java/lang/System.java, Keeping one from URL:file:/home/runner/work/key/key/key.core/build/resources/main/de/uka/ilkd/key/java/JavaRedux/java/lang/System.java 
711842     DEBUG main            d.u.i.k.p.i.AbstractProblemLoader Init config took 2.94s 
711859     INFO  main            d.u.i.k.p.i.AbstractProblemLoader Replaying proof localDeclaredMethod.key 
711860     DEBUG main            d.u.i.k.p.i.IntermediateProofReplayer Proof replay took 3.8ns 
712164     INFO  main            d.u.i.k.p.r.p.TestFile    ... finished proof: closed. 
712878     INFO  main            d.u.i.k.p.i.AbstractProblemLoader Loading environment from /home/runner/work/key/key/key.core/../key.ui/examples/standard_key/staticInitialisation/localDeclaredMethod.key.proof 
712878     DEBUG main            d.u.i.k.p.i.AbstractProblemLoader Environment load took 132.9ns 
712880     INFO  main            d.u.i.k.p.i.AbstractProblemLoader Creating init config 
712905     WARN  main            d.u.i.k.j.r.KeYCrossReferenceNameInfo Datatype java.io.PrintStream declared twice: Once in FILE:/home/runner/work/key/key/key.core/../key.ui/examples/standard_key/staticInitialisation/classpath/PrintStream.java and once in URL:file:/home/runner/work/key/key/key.core/build/resources/main/de/uka/ilkd/key/java/JavaRedux/java/io/PrintStream.java, Keeping one from URL:file:/home/runner/work/key/key/key.core/build/resources/main/de/uka/ilkd/key/java/JavaRedux/java/io/PrintStream.java 
712906     WARN  main            d.u.i.k.j.r.KeYCrossReferenceNameInfo Datatype java.lang.System declared twice: Once in FILE:/home/runner/work/key/key/key.core/../key.ui/examples/standard_key/staticInitialisation/classpath/System.java and once in URL:file:/home/runner/work/key/key/key.core/build/resources/main/de/uka/ilkd/key/java/JavaRedux/java/lang/System.java, Keeping one from URL:file:/home/runner/work/key/key/key.core/build/resources/main/de/uka/ilkd/key/java/JavaRedux/java/lang/System.java 
715796     DEBUG main            d.u.i.k.p.i.AbstractProblemLoader Init config took 2.92s 
715813     INFO  main            d.u.i.k.p.i.AbstractProblemLoader Replaying proof localDeclaredMethod.key.proof 
715868     DEBUG main            d.u.i.k.p.i.IntermediateProofReplayer Proof replay took 52.51ms 
715869     DEBUG main            d.u.i.k.p.r.p.TestFile    ... success: reloaded. 
715870     INFO  main            d.u.i.k.p.r.p.TestFile    Now processing file /home/runner/work/key/key/key.core/../key.ui/examples/standard_key/staticInitialisation/objectOfErroneousClass.key 
715870     INFO  main            d.u.i.k.p.i.AbstractProblemLoader Loading environment from /home/runner/work/key/key/key.core/../key.ui/examples/standard_key/staticInitialisation/objectOfErroneousClass.key 
715870     DEBUG main            d.u.i.k.p.i.AbstractProblemLoader Environment load took 87.5ns 
715872     INFO  main            d.u.i.k.p.i.AbstractProblemLoader Creating init config 
715896     WARN  main            d.u.i.k.j.r.KeYCrossReferenceNameInfo Datatype java.io.PrintStream declared twice: Once in FILE:/home/runner/work/key/key/key.core/../key.ui/examples/standard_key/staticInitialisation/classpath/PrintStream.java and once in URL:file:/home/runner/work/key/key/key.core/build/resources/main/de/uka/ilkd/key/java/JavaRedux/java/io/PrintStream.java, Keeping one from URL:file:/home/runner/work/key/key/key.core/build/resources/main/de/uka/ilkd/key/java/JavaRedux/java/io/PrintStream.java 
715896     WARN  main            d.u.i.k.j.r.KeYCrossReferenceNameInfo Datatype java.lang.System declared twice: Once in FILE:/home/runner/work/key/key/key.core/../key.ui/examples/standard_key/staticInitialisation/classpath/System.java and once in URL:file:/home/runner/work/key/key/key.core/build/resources/main/de/uka/ilkd/key/java/JavaRedux/java/lang/System.java, Keeping one from URL:file:/home/runner/work/key/key/key.core/build/resources/main/de/uka/ilkd/key/java/JavaRedux/java/lang/System.java 
718864     DEBUG main            d.u.i.k.p.i.AbstractProblemLoader Init config took 2.99s 
718882     INFO  main            d.u.i.k.p.i.AbstractProblemLoader Replaying proof objectOfErroneousClass.key 
718885     DEBUG main            d.u.i.k.p.i.IntermediateProofReplayer Proof replay took 3.9ns 
734607     INFO  main            d.u.i.k.p.r.p.TestFile    ... finished proof: closed. 
735402     INFO  main            d.u.i.k.p.i.AbstractProblemLoader Loading environment from /home/runner/work/key/key/key.core/../key.ui/examples/standard_key/staticInitialisation/objectOfErroneousClass.key.proof 
735402     DEBUG main            d.u.i.k.p.i.AbstractProblemLoader Environment load took 111ns 
735406     INFO  main            d.u.i.k.p.i.AbstractProblemLoader Creating init config 
735432     WARN  main            d.u.i.k.j.r.KeYCrossReferenceNameInfo Datatype java.io.PrintStream declared twice: Once in FILE:/home/runner/work/key/key/key.core/../key.ui/examples/standard_key/staticInitialisation/classpath/PrintStream.java and once in URL:file:/home/runner/work/key/key/key.core/build/resources/main/de/uka/ilkd/key/java/JavaRedux/java/io/PrintStream.java, Keeping one from URL:file:/home/runner/work/key/key/key.core/build/resources/main/de/uka/ilkd/key/java/JavaRedux/java/io/PrintStream.java 
735432     WARN  main            d.u.i.k.j.r.KeYCrossReferenceNameInfo Datatype java.lang.System declared twice: Once in FILE:/home/runner/work/key/key/key.core/../key.ui/examples/standard_key/staticInitialisation/classpath/System.java and once in URL:file:/home/runner/work/key/key/key.core/build/resources/main/de/uka/ilkd/key/java/JavaRedux/java/lang/System.java, Keeping one from URL:file:/home/runner/work/key/key/key.core/build/resources/main/de/uka/ilkd/key/java/JavaRedux/java/lang/System.java 
738311     DEBUG main            d.u.i.k.p.i.AbstractProblemLoader Init config took 2.9s 
738329     INFO  main            d.u.i.k.p.i.AbstractProblemLoader Replaying proof objectOfErroneousClass.key.proof 
740304     DEBUG main            d.u.i.k.p.i.IntermediateProofReplayer Proof replay took 1.95s 
740308     DEBUG main            d.u.i.k.p.r.p.TestFile    ... success: reloaded. 
740309     INFO  main            d.u.i.k.p.r.p.TestFile    Now processing file /home/runner/work/key/key/key.core/../key.ui/examples/standard_key/staticInitialisation/staticInitialisersAreNonSimple.key 
740310     INFO  main            d.u.i.k.p.i.AbstractProblemLoader Loading environment from /home/runner/work/key/key/key.core/../key.ui/examples/standard_key/staticInitialisation/staticInitialisersAreNonSimple.key 
740310     DEBUG main            d.u.i.k.p.i.AbstractProblemLoader Environment load took 57ns 
740312     INFO  main            d.u.i.k.p.i.AbstractProblemLoader Creating init config 
740336     WARN  main            d.u.i.k.j.r.KeYCrossReferenceNameInfo Datatype java.io.PrintStream declared twice: Once in FILE:/home/runner/work/key/key/key.core/../key.ui/examples/standard_key/staticInitialisation/classpath/PrintStream.java and once in URL:file:/home/runner/work/key/key/key.core/build/resources/main/de/uka/ilkd/key/java/JavaRedux/java/io/PrintStream.java, Keeping one from URL:file:/home/runner/work/key/key/key.core/build/resources/main/de/uka/ilkd/key/java/JavaRedux/java/io/PrintStream.java 
740336     WARN  main            d.u.i.k.j.r.KeYCrossReferenceNameInfo Datatype java.lang.System declared twice: Once in FILE:/home/runner/work/key/key/key.core/../key.ui/examples/standard_key/staticInitialisation/classpath/System.java and once in URL:file:/home/runner/work/key/key/key.core/build/resources/main/de/uka/ilkd/key/java/JavaRedux/java/lang/System.java, Keeping one from URL:file:/home/runner/work/key/key/key.core/build/resources/main/de/uka/ilkd/key/java/JavaRedux/java/lang/System.java 
743263     DEBUG main            d.u.i.k.p.i.AbstractProblemLoader Init config took 2.95s 
743282     INFO  main            d.u.i.k.p.i.AbstractProblemLoader Replaying proof staticInitialisersAreNonSimple.key 
743283     DEBUG main            d.u.i.k.p.i.IntermediateProofReplayer Proof replay took 3.6ns 
743698     INFO  main            d.u.i.k.p.r.p.TestFile    ... finished proof: closed. 
744520     INFO  main            d.u.i.k.p.i.AbstractProblemLoader Loading environment from /home/runner/work/key/key/key.core/../key.ui/examples/standard_key/staticInitialisation/staticInitialisersAreNonSimple.key.proof 
744521     DEBUG main            d.u.i.k.p.i.AbstractProblemLoader Environment load took 720.8ns 
744523     INFO  main            d.u.i.k.p.i.AbstractProblemLoader Creating init config 
744549     WARN  main            d.u.i.k.j.r.KeYCrossReferenceNameInfo Datatype java.io.PrintStream declared twice: Once in FILE:/home/runner/work/key/key/key.core/../key.ui/examples/standard_key/staticInitialisation/classpath/PrintStream.java and once in URL:file:/home/runner/work/key/key/key.core/build/resources/main/de/uka/ilkd/key/java/JavaRedux/java/io/PrintStream.java, Keeping one from URL:file:/home/runner/work/key/key/key.core/build/resources/main/de/uka/ilkd/key/java/JavaRedux/java/io/PrintStream.java 
744549     WARN  main            d.u.i.k.j.r.KeYCrossReferenceNameInfo Datatype java.lang.System declared twice: Once in FILE:/home/runner/work/key/key/key.core/../key.ui/examples/standard_key/staticInitialisation/classpath/System.java and once in URL:file:/home/runner/work/key/key/key.core/build/resources/main/de/uka/ilkd/key/java/JavaRedux/java/lang/System.java, Keeping one from URL:file:/home/runner/work/key/key/key.core/build/resources/main/de/uka/ilkd/key/java/JavaRedux/java/lang/System.java 
747467     DEBUG main            d.u.i.k.p.i.AbstractProblemLoader Init config took 2.94s 
747484     INFO  main            d.u.i.k.p.i.AbstractProblemLoader Replaying proof staticInitialisersAreNonSimple.key.proof 
747564     DEBUG main            d.u.i.k.p.i.IntermediateProofReplayer Proof replay took 76.71ms 
747566     DEBUG main            d.u.i.k.p.r.p.TestFile    ... success: reloaded. 
747566     INFO  main            d.u.i.k.p.r.p.TestFile    Now processing file /home/runner/work/key/key/key.core/../key.ui/examples/standard_key/types/disjoint.key 
747567     INFO  main            d.u.i.k.p.i.AbstractProblemLoader Loading environment from /home/runner/work/key/key/key.core/../key.ui/examples/standard_key/types/disjoint.key 
747567     DEBUG main            d.u.i.k.p.i.AbstractProblemLoader Environment load took 80.7ns 
747568     INFO  main            d.u.i.k.p.i.AbstractProblemLoader Creating init config 
750466     DEBUG main            d.u.i.k.p.i.AbstractProblemLoader Init config took 2.9s 
750482     INFO  main            d.u.i.k.p.i.AbstractProblemLoader Replaying proof disjoint.key 
750483     DEBUG main            d.u.i.k.p.i.IntermediateProofReplayer Proof replay took 3.5ns 
750585     INFO  main            d.u.i.k.p.r.p.TestFile    ... finished proof: closed. 
751308     INFO  main            d.u.i.k.p.i.AbstractProblemLoader Loading environment from /home/runner/work/key/key/key.core/../key.ui/examples/standard_key/types/disjoint.key.proof 
751308     DEBUG main            d.u.i.k.p.i.AbstractProblemLoader Environment load took 97.5ns 
751309     INFO  main            d.u.i.k.p.i.AbstractProblemLoader Creating init config 
754146     DEBUG main            d.u.i.k.p.i.AbstractProblemLoader Init config took 2.84s 
754161     INFO  main            d.u.i.k.p.i.AbstractProblemLoader Replaying proof disjoint.key.proof 
754163     DEBUG main            d.u.i.k.p.i.IntermediateProofReplayer Proof replay took 315.6ns 
754164     DEBUG main            d.u.i.k.p.r.p.TestFile    ... success: reloaded. 
754164     INFO  main            d.u.i.k.p.r.p.TestFile    Now processing file /home/runner/work/key/key/key.core/../key.ui/examples/../../key.core/src/test/resources/testcase/classpath/classpath.key 
754164     INFO  main            d.u.i.k.p.i.AbstractProblemLoader Loading environment from /home/runner/work/key/key/key.core/../key.ui/examples/../../key.core/src/test/resources/testcase/classpath/classpath.key 
754165     DEBUG main            d.u.i.k.p.i.AbstractProblemLoader Environment load took 132.9ns 
754165     INFO  main            d.u.i.k.p.i.AbstractProblemLoader Creating init config 
754193     WARN  main            d.u.i.k.j.r.KeYCrossReferenceNameInfo Datatype cp.C declared twice: Once in FILE:/home/runner/work/key/key/key.core/../key.ui/examples/../../key.core/src/test/resources/testcase/classpath/classpath/C.class and once in FILE:/home/runner/work/key/key/key.core/../key.ui/examples/../../key.core/src/test/resources/testcase/classpath/classpath/C.jml, Keeping one from FILE:/home/runner/work/key/key/key.core/../key.ui/examples/../../key.core/src/test/resources/testcase/classpath/classpath/C.jml 
754196     DEBUG main            d.u.i.k.j.r.ClassFileDeclarationBuilder Parsing: package cp; public class Unresolved1 { } 
754196     DEBUG main            r.s.KeYCrossReferenceSourceInfo Dynamically created class: cp.Unresolved1 
754196     DEBUG main            d.u.i.k.j.r.ClassFileDeclarationBuilder Parsing: package cp; public class Unresolved2 { } 
754197     DEBUG main            r.s.KeYCrossReferenceSourceInfo Dynamically created class: cp.Unresolved2 
757349     DEBUG main            d.u.i.k.p.i.AbstractProblemLoader Init config took 3.18s 
757368     INFO  main            d.u.i.k.p.i.AbstractProblemLoader Replaying proof classpath.key 
757370     DEBUG main            d.u.i.k.p.i.IntermediateProofReplayer Proof replay took 3.6ns 
757476     INFO  main            d.u.i.k.p.r.p.TestFile    ... finished proof: closed. 
758188     INFO  main            d.u.i.k.p.i.AbstractProblemLoader Loading environment from /home/runner/work/key/key/key.core/../key.ui/examples/../../key.core/src/test/resources/testcase/classpath/classpath.key.proof 
758188     DEBUG main            d.u.i.k.p.i.AbstractProblemLoader Environment load took 86.2ns 
758189     INFO  main            d.u.i.k.p.i.AbstractProblemLoader Creating init config 
758234     WARN  main            d.u.i.k.j.r.KeYCrossReferenceNameInfo Datatype cp.C declared twice: Once in FILE:/home/runner/work/key/key/key.core/../key.ui/examples/../../key.core/src/test/resources/testcase/classpath/classpath/C.class and once in FILE:/home/runner/work/key/key/key.core/../key.ui/examples/../../key.core/src/test/resources/testcase/classpath/classpath/C.jml, Keeping one from FILE:/home/runner/work/key/key/key.core/../key.ui/examples/../../key.core/src/test/resources/testcase/classpath/classpath/C.jml 
758242     DEBUG main            d.u.i.k.j.r.ClassFileDeclarationBuilder Parsing: package cp; public class Unresolved1 { } 
758242     DEBUG main            r.s.KeYCrossReferenceSourceInfo Dynamically created class: cp.Unresolved1 
758242     DEBUG main            d.u.i.k.j.r.ClassFileDeclarationBuilder Parsing: package cp; public class Unresolved2 { } 
758242     DEBUG main            r.s.KeYCrossReferenceSourceInfo Dynamically created class: cp.Unresolved2 
761315     DEBUG main            d.u.i.k.p.i.AbstractProblemLoader Init config took 3.13s 
761334     INFO  main            d.u.i.k.p.i.AbstractProblemLoader Replaying proof classpath.key.proof 
761336     DEBUG main            d.u.i.k.p.i.IntermediateProofReplayer Proof replay took 662.7ns 
761337     DEBUG main            d.u.i.k.p.r.p.TestFile    ... success: reloaded. 
761338     INFO  main            d.u.i.k.p.r.p.TestFile    Now processing file /home/runner/work/key/key/key.core/../key.ui/examples/heap/inconsistent_represents/MyClass_m.key 
761339     INFO  main            d.u.i.k.p.i.AbstractProblemLoader Loading environment from /home/runner/work/key/key/key.core/../key.ui/examples/heap/inconsistent_represents/MyClass_m.key 
761339     DEBUG main            d.u.i.k.p.i.AbstractProblemLoader Environment load took 97ns 
761339     INFO  main            d.u.i.k.p.i.AbstractProblemLoader Creating init config 
764381     DEBUG main            d.u.i.k.p.i.AbstractProblemLoader Init config took 3.04s 
764426     INFO  main            d.u.i.k.p.i.AbstractProblemLoader Replaying proof MyClass[MyClass::m()].JML operation contract.0 
764427     DEBUG main            d.u.i.k.p.i.IntermediateProofReplayer Proof replay took 3.3ns 
764532     INFO  main            d.u.i.k.p.r.p.TestFile    ... finished proof: open goal(s) 
765249     INFO  main            d.u.i.k.p.r.p.TestFile    Now processing file /home/runner/work/key/key/key.core/../key.ui/examples/heap/inconsistent_represents/MyClass_n.key 
765249     INFO  main            d.u.i.k.p.i.AbstractProblemLoader Loading environment from /home/runner/work/key/key/key.core/../key.ui/examples/heap/inconsistent_represents/MyClass_n.key 
765249     DEBUG main            d.u.i.k.p.i.AbstractProblemLoader Environment load took 59ns 
765250     INFO  main            d.u.i.k.p.i.AbstractProblemLoader Creating init config 
768197     DEBUG main            d.u.i.k.p.i.AbstractProblemLoader Init config took 2.95s 
768241     INFO  main            d.u.i.k.p.i.AbstractProblemLoader Replaying proof MyClass[MyClass::n()].JML operation contract.0 
768242     DEBUG main            d.u.i.k.p.i.IntermediateProofReplayer Proof replay took 4.4ns 
768348     INFO  main            d.u.i.k.p.r.p.TestFile    ... finished proof: open goal(s) 
4546406    INFO  Test worker     d.u.i.k.p.r.RunAllProofsTestUnit Returning from test javadl 
4546407    INFO  Test worker     d.u.i.k.p.r.RunAllProofsTestUnit Running test FOL 
502        INFO  Timeout watchdog d.u.i.k.p.r.p.ForkedTestFileRunner Timeout watcher launched (2000 secs.) 
503        WARN  main            d.u.i.k.s.ProofSettings   The settings in /home/runner/.key/proof-settings.props are *not* read. 
569        INFO  main            d.u.i.k.p.r.p.TestFile    Now processing file /home/runner/work/key/key/key.core/../key.ui/examples/standard_key/pred_log/count.key 
723        INFO  main            d.u.i.k.p.i.AbstractProblemLoader Loading environment from /home/runner/work/key/key/key.core/../key.ui/examples/standard_key/pred_log/count.key 
746        DEBUG main            d.u.i.k.p.i.AbstractProblemLoader Environment load took 2.73ms 
1080       INFO  main            d.u.i.k.p.i.AbstractProblemLoader Creating init config 
2408       DEBUG main            d.u.i.k.j.TypeConverter   No LDT found for Meta 
2409       DEBUG main            d.u.i.k.j.TypeConverter   No LDT found for Meta 
2412       DEBUG main            d.u.i.k.j.TypeConverter   No LDT found for Meta 
2412       DEBUG main            d.u.i.k.j.TypeConverter   No LDT found for Meta 
4068       DEBUG main            d.u.i.k.j.TypeConverter   No LDT found for JavaBigintExpression 
10443      DEBUG main            d.u.i.k.p.i.AbstractProblemLoader Init config took 9.36s 
10549      INFO  main            d.u.i.k.p.i.AbstractProblemLoader Replaying proof count.key 
10607      DEBUG main            d.u.i.k.p.i.IntermediateProofReplayer Proof replay took 43.6ns 
10920      INFO  main            d.u.i.k.p.r.p.TestFile    ... finished proof: closed. 
11044      INFO  main            d.u.i.k.p.i.AbstractProblemLoader Loading environment from /home/runner/work/key/key/key.core/../key.ui/examples/standard_key/pred_log/count.key.proof 
11045      DEBUG main            d.u.i.k.p.i.AbstractProblemLoader Environment load took 708.8ns 
11051      INFO  main            d.u.i.k.p.i.AbstractProblemLoader Creating init config 
14675      DEBUG main            d.u.i.k.p.i.AbstractProblemLoader Init config took 3.62s 
14714      INFO  main            d.u.i.k.p.i.AbstractProblemLoader Replaying proof count.key.proof 
14727      DEBUG main            d.u.i.k.p.i.IntermediateProofReplayer Proof replay took 7.26ms 
14745      DEBUG main            d.u.i.k.p.r.p.TestFile    ... success: reloaded. 
14747      INFO  main            d.u.i.k.p.r.p.TestFile    Now processing file /home/runner/work/key/key/key.core/../key.ui/examples/standard_key/pred_log/count2.key 
14747      INFO  main            d.u.i.k.p.i.AbstractProblemLoader Loading environment from /home/runner/work/key/key/key.core/../key.ui/examples/standard_key/pred_log/count2.key 
14748      DEBUG main            d.u.i.k.p.i.AbstractProblemLoader Environment load took 168.6ns 
14753      INFO  main            d.u.i.k.p.i.AbstractProblemLoader Creating init config 
18129      DEBUG main            d.u.i.k.p.i.AbstractProblemLoader Init config took 3.38s 
18168      INFO  main            d.u.i.k.p.i.AbstractProblemLoader Replaying proof count2.key 
18170      DEBUG main            d.u.i.k.p.i.IntermediateProofReplayer Proof replay took 7.9ns 
18275      INFO  main            d.u.i.k.p.r.p.TestFile    ... finished proof: closed. 
18445      INFO  main            d.u.i.k.p.i.AbstractProblemLoader Loading environment from /home/runner/work/key/key/key.core/../key.ui/examples/standard_key/pred_log/count2.key.proof 
18447      DEBUG main            d.u.i.k.p.i.AbstractProblemLoader Environment load took 1.24ms 
18449      INFO  main            d.u.i.k.p.i.AbstractProblemLoader Creating init config 
21695      DEBUG main            d.u.i.k.p.i.AbstractProblemLoader Init config took 3.25s 
21723      INFO  main            d.u.i.k.p.i.AbstractProblemLoader Replaying proof count2.key.proof 
21729      DEBUG main            d.u.i.k.p.i.IntermediateProofReplayer Proof replay took 3.06ms 
21731      DEBUG main            d.u.i.k.p.r.p.TestFile    ... success: reloaded. 
21732      INFO  main            d.u.i.k.p.r.p.TestFile    Now processing file /home/runner/work/key/key/key.core/../key.ui/examples/standard_key/pred_log/count3.key 
21732      INFO  main            d.u.i.k.p.i.AbstractProblemLoader Loading environment from /home/runner/work/key/key/key.core/../key.ui/examples/standard_key/pred_log/count3.key 
21733      DEBUG main            d.u.i.k.p.i.AbstractProblemLoader Environment load took 270.7ns 
21734      INFO  main            d.u.i.k.p.i.AbstractProblemLoader Creating init config 
24941      DEBUG main            d.u.i.k.p.i.AbstractProblemLoader Init config took 3.21s 
24966      INFO  main            d.u.i.k.p.i.AbstractProblemLoader Replaying proof count3.key 
24968      DEBUG main            d.u.i.k.p.i.IntermediateProofReplayer Proof replay took 7.4ns 
25072      INFO  main            d.u.i.k.p.r.p.TestFile    ... finished proof: closed. 
25240      INFO  main            d.u.i.k.p.i.AbstractProblemLoader Loading environment from /home/runner/work/key/key/key.core/../key.ui/examples/standard_key/pred_log/count3.key.proof 
25240      DEBUG main            d.u.i.k.p.i.AbstractProblemLoader Environment load took 435.4ns 
25242      INFO  main            d.u.i.k.p.i.AbstractProblemLoader Creating init config 
28377      DEBUG main            d.u.i.k.p.i.AbstractProblemLoader Init config took 3.13s 
28413      INFO  main            d.u.i.k.p.i.AbstractProblemLoader Replaying proof count3.key.proof 
28418      DEBUG main            d.u.i.k.p.i.IntermediateProofReplayer Proof replay took 2.63ms 
28419      DEBUG main            d.u.i.k.p.r.p.TestFile    ... success: reloaded. 
28420      INFO  main            d.u.i.k.p.r.p.TestFile    Now processing file /home/runner/work/key/key/key.core/../key.ui/examples/standard_key/pred_log/equalities.key 
28421      INFO  main            d.u.i.k.p.i.AbstractProblemLoader Loading environment from /home/runner/work/key/key/key.core/../key.ui/examples/standard_key/pred_log/equalities.key 
28430      DEBUG main            d.u.i.k.p.i.AbstractProblemLoader Environment load took 8.78ms 
28431      INFO  main            d.u.i.k.p.i.AbstractProblemLoader Creating init config 
31633      DEBUG main            d.u.i.k.p.i.AbstractProblemLoader Init config took 3.2s 
31668      INFO  main            d.u.i.k.p.i.AbstractProblemLoader Replaying proof equalities.key 
31672      DEBUG main            d.u.i.k.p.i.IntermediateProofReplayer Proof replay took 8.9ns 
31775      INFO  main            d.u.i.k.p.r.p.TestFile    ... finished proof: closed. 
31997      INFO  main            d.u.i.k.p.i.AbstractProblemLoader Loading environment from /home/runner/work/key/key/key.core/../key.ui/examples/standard_key/pred_log/equalities.key.proof 
31997      DEBUG main            d.u.i.k.p.i.AbstractProblemLoader Environment load took 158.5ns 
31999      INFO  main            d.u.i.k.p.i.AbstractProblemLoader Creating init config 
35145      DEBUG main            d.u.i.k.p.i.AbstractProblemLoader Init config took 3.15s 
35166      INFO  main            d.u.i.k.p.i.AbstractProblemLoader Replaying proof equalities.key.proof 
35171      DEBUG main            d.u.i.k.p.i.IntermediateProofReplayer Proof replay took 1.53ms 
35172      DEBUG main            d.u.i.k.p.r.p.TestFile    ... success: reloaded. 
35173      INFO  main            d.u.i.k.p.r.p.TestFile    Now processing file /home/runner/work/key/key/key.core/../key.ui/examples/standard_key/pred_log/equalities2.key 
35173      INFO  main            d.u.i.k.p.i.AbstractProblemLoader Loading environment from /home/runner/work/key/key/key.core/../key.ui/examples/standard_key/pred_log/equalities2.key 
35174      DEBUG main            d.u.i.k.p.i.AbstractProblemLoader Environment load took 308.4ns 
35175      INFO  main            d.u.i.k.p.i.AbstractProblemLoader Creating init config 
38287      DEBUG main            d.u.i.k.p.i.AbstractProblemLoader Init config took 3.11s 
38309      INFO  main            d.u.i.k.p.i.AbstractProblemLoader Replaying proof equalities2.key 
38311      DEBUG main            d.u.i.k.p.i.IntermediateProofReplayer Proof replay took 110.2ns 
38414      INFO  main            d.u.i.k.p.r.p.TestFile    ... finished proof: closed. 
38604      INFO  main            d.u.i.k.p.i.AbstractProblemLoader Loading environment from /home/runner/work/key/key/key.core/../key.ui/examples/standard_key/pred_log/equalities2.key.proof 
38604      DEBUG main            d.u.i.k.p.i.AbstractProblemLoader Environment load took 538.6ns 
38606      INFO  main            d.u.i.k.p.i.AbstractProblemLoader Creating init config 
41659      DEBUG main            d.u.i.k.p.i.AbstractProblemLoader Init config took 3.05s 
41682      INFO  main            d.u.i.k.p.i.AbstractProblemLoader Replaying proof equalities2.key.proof 
41690      DEBUG main            d.u.i.k.p.i.IntermediateProofReplayer Proof replay took 4.47ms 
41691      DEBUG main            d.u.i.k.p.r.p.TestFile    ... success: reloaded. 
41692      INFO  main            d.u.i.k.p.r.p.TestFile    Now processing file /home/runner/work/key/key/key.core/../key.ui/examples/standard_key/pred_log/equalities3.key 
41692      INFO  main            d.u.i.k.p.i.AbstractProblemLoader Loading environment from /home/runner/work/key/key/key.core/../key.ui/examples/standard_key/pred_log/equalities3.key 
41692      DEBUG main            d.u.i.k.p.i.AbstractProblemLoader Environment load took 243.5ns 
41694      INFO  main            d.u.i.k.p.i.AbstractProblemLoader Creating init config 
44720      DEBUG main            d.u.i.k.p.i.AbstractProblemLoader Init config took 3.03s 
44741      INFO  main            d.u.i.k.p.i.AbstractProblemLoader Replaying proof equalities3.key 
44743      DEBUG main            d.u.i.k.p.i.IntermediateProofReplayer Proof replay took 8.7ns 
44846      INFO  main            d.u.i.k.p.r.p.TestFile    ... finished proof: closed. 
45052      INFO  main            d.u.i.k.p.i.AbstractProblemLoader Loading environment from /home/runner/work/key/key/key.core/../key.ui/examples/standard_key/pred_log/equalities3.key.proof 
45052      DEBUG main            d.u.i.k.p.i.AbstractProblemLoader Environment load took 436.8ns 
45054      INFO  main            d.u.i.k.p.i.AbstractProblemLoader Creating init config 
48022      DEBUG main            d.u.i.k.p.i.AbstractProblemLoader Init config took 2.97s 
48041      INFO  main            d.u.i.k.p.i.AbstractProblemLoader Replaying proof equalities3.key.proof 
48050      DEBUG main            d.u.i.k.p.i.IntermediateProofReplayer Proof replay took 6.18ms 
48051      DEBUG main            d.u.i.k.p.r.p.TestFile    ... success: reloaded. 
48051      INFO  main            d.u.i.k.p.r.p.TestFile    Now processing file /home/runner/work/key/key/key.core/../key.ui/examples/standard_key/pred_log/functions.key 
48052      INFO  main            d.u.i.k.p.i.AbstractProblemLoader Loading environment from /home/runner/work/key/key/key.core/../key.ui/examples/standard_key/pred_log/functions.key 
48052      DEBUG main            d.u.i.k.p.i.AbstractProblemLoader Environment load took 123.8ns 
48053      INFO  main            d.u.i.k.p.i.AbstractProblemLoader Creating init config 
51078      DEBUG main            d.u.i.k.p.i.AbstractProblemLoader Init config took 3.02s 
51098      INFO  main            d.u.i.k.p.i.AbstractProblemLoader Replaying proof functions.key 
51100      DEBUG main            d.u.i.k.p.i.IntermediateProofReplayer Proof replay took 7.4ns 
51203      INFO  main            d.u.i.k.p.r.p.TestFile    ... finished proof: closed. 
51481      INFO  main            d.u.i.k.p.i.AbstractProblemLoader Loading environment from /home/runner/work/key/key/key.core/../key.ui/examples/standard_key/pred_log/functions.key.proof 
51481      DEBUG main            d.u.i.k.p.i.AbstractProblemLoader Environment load took 211.4ns 
51482      INFO  main            d.u.i.k.p.i.AbstractProblemLoader Creating init config 
54460      DEBUG main            d.u.i.k.p.i.AbstractProblemLoader Init config took 2.98s 
54478      INFO  main            d.u.i.k.p.i.AbstractProblemLoader Replaying proof functions.key.proof 
54483      DEBUG main            d.u.i.k.p.i.IntermediateProofReplayer Proof replay took 2.19ms 
54484      DEBUG main            d.u.i.k.p.r.p.TestFile    ... success: reloaded. 
54484      INFO  main            d.u.i.k.p.r.p.TestFile    Now processing file /home/runner/work/key/key/key.core/../key.ui/examples/standard_key/pred_log/mv1.key 
54485      INFO  main            d.u.i.k.p.i.AbstractProblemLoader Loading environment from /home/runner/work/key/key/key.core/../key.ui/examples/standard_key/pred_log/mv1.key 
54485      DEBUG main            d.u.i.k.p.i.AbstractProblemLoader Environment load took 136.4ns 
54486      INFO  main            d.u.i.k.p.i.AbstractProblemLoader Creating init config 
57508      DEBUG main            d.u.i.k.p.i.AbstractProblemLoader Init config took 3.02s 
57527      INFO  main            d.u.i.k.p.i.AbstractProblemLoader Replaying proof mv1.key 
57528      DEBUG main            d.u.i.k.p.i.IntermediateProofReplayer Proof replay took 7.5ns 
57631      INFO  main            d.u.i.k.p.r.p.TestFile    ... finished proof: closed. 
57834      INFO  main            d.u.i.k.p.i.AbstractProblemLoader Loading environment from /home/runner/work/key/key/key.core/../key.ui/examples/standard_key/pred_log/mv1.key.proof 
57834      DEBUG main            d.u.i.k.p.i.AbstractProblemLoader Environment load took 224.2ns 
57836      INFO  main            d.u.i.k.p.i.AbstractProblemLoader Creating init config 
60862      DEBUG main            d.u.i.k.p.i.AbstractProblemLoader Init config took 3.03s 
60881      INFO  main            d.u.i.k.p.i.AbstractProblemLoader Replaying proof mv1.key.proof 
60884      DEBUG main            d.u.i.k.p.i.IntermediateProofReplayer Proof replay took 1.02ms 
60885      DEBUG main            d.u.i.k.p.r.p.TestFile    ... success: reloaded. 
60886      INFO  main            d.u.i.k.p.r.p.TestFile    Now processing file /home/runner/work/key/key/key.core/../key.ui/examples/standard_key/pred_log/mv2.key 
60886      INFO  main            d.u.i.k.p.i.AbstractProblemLoader Loading environment from /home/runner/work/key/key/key.core/../key.ui/examples/standard_key/pred_log/mv2.key 
60887      DEBUG main            d.u.i.k.p.i.AbstractProblemLoader Environment load took 104.7ns 
60888      INFO  main            d.u.i.k.p.i.AbstractProblemLoader Creating init config 
63873      DEBUG main            d.u.i.k.p.i.AbstractProblemLoader Init config took 2.99s 
63913      INFO  main            d.u.i.k.p.i.AbstractProblemLoader Replaying proof mv2.key 
63915      DEBUG main            d.u.i.k.p.i.IntermediateProofReplayer Proof replay took 8.4ns 
64017      INFO  main            d.u.i.k.p.r.p.TestFile    ... finished proof: closed. 
64282      INFO  main            d.u.i.k.p.i.AbstractProblemLoader Loading environment from /home/runner/work/key/key/key.core/../key.ui/examples/standard_key/pred_log/mv2.key.proof 
64282      DEBUG main            d.u.i.k.p.i.AbstractProblemLoader Environment load took 292.2ns 
64283      INFO  main            d.u.i.k.p.i.AbstractProblemLoader Creating init config 
67245      DEBUG main            d.u.i.k.p.i.AbstractProblemLoader Init config took 2.96s 
67263      INFO  main            d.u.i.k.p.i.AbstractProblemLoader Replaying proof mv2.key.proof 
67267      DEBUG main            d.u.i.k.p.i.IntermediateProofReplayer Proof replay took 1.83ms 
67268      DEBUG main            d.u.i.k.p.r.p.TestFile    ... success: reloaded. 
67268      INFO  main            d.u.i.k.p.r.p.TestFile    Now processing file /home/runner/work/key/key/key.core/../key.ui/examples/standard_key/pred_log/quantifiers.key 
67269      INFO  main            d.u.i.k.p.i.AbstractProblemLoader Loading environment from /home/runner/work/key/key/key.core/../key.ui/examples/standard_key/pred_log/quantifiers.key 
67269      DEBUG main            d.u.i.k.p.i.AbstractProblemLoader Environment load took 191.2ns 
67270      INFO  main            d.u.i.k.p.i.AbstractProblemLoader Creating init config 
70293      DEBUG main            d.u.i.k.p.i.AbstractProblemLoader Init config took 3.02s 
70311      INFO  main            d.u.i.k.p.i.AbstractProblemLoader Replaying proof quantifiers.key 
70312      DEBUG main            d.u.i.k.p.i.IntermediateProofReplayer Proof replay took 7.9ns 
70415      INFO  main            d.u.i.k.p.r.p.TestFile    ... finished proof: closed. 
70644      INFO  main            d.u.i.k.p.i.AbstractProblemLoader Loading environment from /home/runner/work/key/key/key.core/../key.ui/examples/standard_key/pred_log/quantifiers.key.proof 
70645      DEBUG main            d.u.i.k.p.i.AbstractProblemLoader Environment load took 525ns 
70646      INFO  main            d.u.i.k.p.i.AbstractProblemLoader Creating init config 
73630      DEBUG main            d.u.i.k.p.i.AbstractProblemLoader Init config took 2.98s 
73648      INFO  main            d.u.i.k.p.i.AbstractProblemLoader Replaying proof quantifiers.key.proof 
73654      DEBUG main            d.u.i.k.p.i.IntermediateProofReplayer Proof replay took 2.3ms 
73655      DEBUG main            d.u.i.k.p.r.p.TestFile    ... success: reloaded. 
73655      INFO  main            d.u.i.k.p.r.p.TestFile    Now processing file /home/runner/work/key/key/key.core/../key.ui/examples/standard_key/pred_log/simpleEps.key 
73656      INFO  main            d.u.i.k.p.i.AbstractProblemLoader Loading environment from /home/runner/work/key/key/key.core/../key.ui/examples/standard_key/pred_log/simpleEps.key 
73656      DEBUG main            d.u.i.k.p.i.AbstractProblemLoader Environment load took 232.2ns 
73657      INFO  main            d.u.i.k.p.i.AbstractProblemLoader Creating init config 
76704      DEBUG main            d.u.i.k.p.i.AbstractProblemLoader Init config took 3.05s 
76722      INFO  main            d.u.i.k.p.i.AbstractProblemLoader Replaying proof simpleEps.key 
76723      DEBUG main            d.u.i.k.p.i.IntermediateProofReplayer Proof replay took 7.4ns 
76826      INFO  main            d.u.i.k.p.r.p.TestFile    ... finished proof: closed. 
77051      INFO  main            d.u.i.k.p.i.AbstractProblemLoader Loading environment from /home/runner/work/key/key/key.core/../key.ui/examples/standard_key/pred_log/simpleEps.key.proof 
77051      DEBUG main            d.u.i.k.p.i.AbstractProblemLoader Environment load took 135.2ns 
77053      INFO  main            d.u.i.k.p.i.AbstractProblemLoader Creating init config 
79960      DEBUG main            d.u.i.k.p.i.AbstractProblemLoader Init config took 2.91s 
79977      INFO  main            d.u.i.k.p.i.AbstractProblemLoader Replaying proof simpleEps.key.proof 
79980      DEBUG main            d.u.i.k.p.i.IntermediateProofReplayer Proof replay took 1.26ms 
79981      DEBUG main            d.u.i.k.p.r.p.TestFile    ... success: reloaded. 
79982      INFO  main            d.u.i.k.p.r.p.TestFile    Now processing file /home/runner/work/key/key/key.core/../key.ui/examples/standard_key/pred_log/steam1.key 
79982      INFO  main            d.u.i.k.p.i.AbstractProblemLoader Loading environment from /home/runner/work/key/key/key.core/../key.ui/examples/standard_key/pred_log/steam1.key 
79982      DEBUG main            d.u.i.k.p.i.AbstractProblemLoader Environment load took 125.1ns 
79985      INFO  main            d.u.i.k.p.i.AbstractProblemLoader Creating init config 
82985      DEBUG main            d.u.i.k.p.i.AbstractProblemLoader Init config took 3s 
83013      INFO  main            d.u.i.k.p.i.AbstractProblemLoader Replaying proof steam1.key 
83014      DEBUG main            d.u.i.k.p.i.IntermediateProofReplayer Proof replay took 8.6ns 
83426      INFO  main            d.u.i.k.p.r.p.TestFile    ... finished proof: closed. 
83677      INFO  main            d.u.i.k.p.i.AbstractProblemLoader Loading environment from /home/runner/work/key/key/key.core/../key.ui/examples/standard_key/pred_log/steam1.key.proof 
83681      DEBUG main            d.u.i.k.p.i.AbstractProblemLoader Environment load took 4.08ms 
83684      INFO  main            d.u.i.k.p.i.AbstractProblemLoader Creating init config 
86544      DEBUG main            d.u.i.k.p.i.AbstractProblemLoader Init config took 2.86s 
86573      INFO  main            d.u.i.k.p.i.AbstractProblemLoader Replaying proof steam1.key.proof 
86620      DEBUG main            d.u.i.k.p.i.IntermediateProofReplayer Proof replay took 42.1ms 
86623      DEBUG main            d.u.i.k.p.r.p.TestFile    ... success: reloaded. 
86624      INFO  main            d.u.i.k.p.r.p.TestFile    Now processing file /home/runner/work/key/key/key.core/../key.ui/examples/standard_key/pred_log/tptp/PUZ/PUZ001p1.key 
86624      INFO  main            d.u.i.k.p.i.AbstractProblemLoader Loading environment from /home/runner/work/key/key/key.core/../key.ui/examples/standard_key/pred_log/tptp/PUZ/PUZ001p1.key 
86624      DEBUG main            d.u.i.k.p.i.AbstractProblemLoader Environment load took 195.6ns 
86626      INFO  main            d.u.i.k.p.i.AbstractProblemLoader Creating init config 
89584      DEBUG main            d.u.i.k.p.i.AbstractProblemLoader Init config took 2.96s 
89609      INFO  main            d.u.i.k.p.i.AbstractProblemLoader Replaying proof PUZ001p1.key 
89611      DEBUG main            d.u.i.k.p.i.IntermediateProofReplayer Proof replay took 8.3ns 
93159      INFO  main            d.u.i.k.p.r.p.TestFile    ... finished proof: closed. 
93462      INFO  main            d.u.i.k.p.i.AbstractProblemLoader Loading environment from /home/runner/work/key/key/key.core/../key.ui/examples/standard_key/pred_log/tptp/PUZ/PUZ001p1.key.proof 
93462      DEBUG main            d.u.i.k.p.i.AbstractProblemLoader Environment load took 439.8ns 
93465      INFO  main            d.u.i.k.p.i.AbstractProblemLoader Creating init config 
96318      DEBUG main            d.u.i.k.p.i.AbstractProblemLoader Init config took 2.85s 
96341      INFO  main            d.u.i.k.p.i.AbstractProblemLoader Replaying proof PUZ001p1.key.proof 
96546      DEBUG main            d.u.i.k.p.i.IntermediateProofReplayer Proof replay took 179.25ms 
96549      DEBUG main            d.u.i.k.p.r.p.TestFile    ... success: reloaded. 
96550      INFO  main            d.u.i.k.p.r.p.TestFile    Now processing file /home/runner/work/key/key/key.core/../key.ui/examples/standard_key/pred_log/tptp/PUZ/PUZ001p1-eq.key 
96550      INFO  main            d.u.i.k.p.i.AbstractProblemLoader Loading environment from /home/runner/work/key/key/key.core/../key.ui/examples/standard_key/pred_log/tptp/PUZ/PUZ001p1-eq.key 
96550      DEBUG main            d.u.i.k.p.i.AbstractProblemLoader Environment load took 220.3ns 
96552      INFO  main            d.u.i.k.p.i.AbstractProblemLoader Creating init config 
99495      DEBUG main            d.u.i.k.p.i.AbstractProblemLoader Init config took 2.94s 
99512      INFO  main            d.u.i.k.p.i.AbstractProblemLoader Replaying proof PUZ001p1-eq.key 
99514      DEBUG main            d.u.i.k.p.i.IntermediateProofReplayer Proof replay took 7.6ns 
99718      INFO  main            d.u.i.k.p.r.p.TestFile    ... finished proof: closed. 
100006     INFO  main            d.u.i.k.p.i.AbstractProblemLoader Loading environment from /home/runner/work/key/key/key.core/../key.ui/examples/standard_key/pred_log/tptp/PUZ/PUZ001p1-eq.key.proof 
100007     DEBUG main            d.u.i.k.p.i.AbstractProblemLoader Environment load took 165.8ns 
100008     INFO  main            d.u.i.k.p.i.AbstractProblemLoader Creating init config 
102915     DEBUG main            d.u.i.k.p.i.AbstractProblemLoader Init config took 2.91s 
102936     INFO  main            d.u.i.k.p.i.AbstractProblemLoader Replaying proof PUZ001p1-eq.key.proof 
102953     DEBUG main            d.u.i.k.p.i.IntermediateProofReplayer Proof replay took 13.86ms 
102955     DEBUG main            d.u.i.k.p.r.p.TestFile    ... success: reloaded. 
102955     INFO  main            d.u.i.k.p.r.p.TestFile    Now processing file /home/runner/work/key/key/key.core/../key.ui/examples/standard_key/pred_log/tptp/PUZ/PUZ031p1.key 
102956     INFO  main            d.u.i.k.p.i.AbstractProblemLoader Loading environment from /home/runner/work/key/key/key.core/../key.ui/examples/standard_key/pred_log/tptp/PUZ/PUZ031p1.key 
102956     DEBUG main            d.u.i.k.p.i.AbstractProblemLoader Environment load took 118.9ns 
102958     INFO  main            d.u.i.k.p.i.AbstractProblemLoader Creating init config 
105828     DEBUG main            d.u.i.k.p.i.AbstractProblemLoader Init config took 2.87s 
105846     INFO  main            d.u.i.k.p.i.AbstractProblemLoader Replaying proof PUZ031p1.key 
105848     DEBUG main            d.u.i.k.p.i.IntermediateProofReplayer Proof replay took 7.7ns 
116202     INFO  main            d.u.i.k.p.r.p.TestFile    ... finished proof: closed. 
116469     INFO  main            d.u.i.k.p.i.AbstractProblemLoader Loading environment from /home/runner/work/key/key/key.core/../key.ui/examples/standard_key/pred_log/tptp/PUZ/PUZ031p1.key.proof 
116470     DEBUG main            d.u.i.k.p.i.AbstractProblemLoader Environment load took 460ns 
116472     INFO  main            d.u.i.k.p.i.AbstractProblemLoader Creating init config 
119289     DEBUG main            d.u.i.k.p.i.AbstractProblemLoader Init config took 2.82s 
119308     INFO  main            d.u.i.k.p.i.AbstractProblemLoader Replaying proof PUZ031p1.key.proof 
119376     DEBUG main            d.u.i.k.p.i.IntermediateProofReplayer Proof replay took 61.6ms 
119378     DEBUG main            d.u.i.k.p.r.p.TestFile    ... success: reloaded. 
119379     INFO  main            d.u.i.k.p.r.p.TestFile    Now processing file /home/runner/work/key/key/key.core/../key.ui/examples/standard_key/pred_log/tptp/SET/SET027p3.key 
119379     INFO  main            d.u.i.k.p.i.AbstractProblemLoader Loading environment from /home/runner/work/key/key/key.core/../key.ui/examples/standard_key/pred_log/tptp/SET/SET027p3.key 
119379     DEBUG main            d.u.i.k.p.i.AbstractProblemLoader Environment load took 171.4ns 
119381     INFO  main            d.u.i.k.p.i.AbstractProblemLoader Creating init config 
122311     DEBUG main            d.u.i.k.p.i.AbstractProblemLoader Init config took 2.93s 
122328     INFO  main            d.u.i.k.p.i.AbstractProblemLoader Replaying proof SET027p3.key 
122330     DEBUG main            d.u.i.k.p.i.IntermediateProofReplayer Proof replay took 8.1ns 
122435     INFO  main            d.u.i.k.p.r.p.TestFile    ... finished proof: closed. 
122735     INFO  main            d.u.i.k.p.i.AbstractProblemLoader Loading environment from /home/runner/work/key/key/key.core/../key.ui/examples/standard_key/pred_log/tptp/SET/SET027p3.key.proof 
122735     DEBUG main            d.u.i.k.p.i.AbstractProblemLoader Environment load took 138.5ns 
122737     INFO  main            d.u.i.k.p.i.AbstractProblemLoader Creating init config 
125641     DEBUG main            d.u.i.k.p.i.AbstractProblemLoader Init config took 2.9s 
125659     INFO  main            d.u.i.k.p.i.AbstractProblemLoader Replaying proof SET027p3.key.proof 
125665     DEBUG main            d.u.i.k.p.i.IntermediateProofReplayer Proof replay took 4.41ms 
125667     DEBUG main            d.u.i.k.p.r.p.TestFile    ... success: reloaded. 
125668     INFO  main            d.u.i.k.p.r.p.TestFile    Now processing file /home/runner/work/key/key/key.core/../key.ui/examples/standard_key/pred_log/tptp/SET/SET043p1.key 
125668     INFO  main            d.u.i.k.p.i.AbstractProblemLoader Loading environment from /home/runner/work/key/key/key.core/../key.ui/examples/standard_key/pred_log/tptp/SET/SET043p1.key 
125669     DEBUG main            d.u.i.k.p.i.AbstractProblemLoader Environment load took 293.4ns 
125670     INFO  main            d.u.i.k.p.i.AbstractProblemLoader Creating init config 
128578     DEBUG main            d.u.i.k.p.i.AbstractProblemLoader Init config took 2.91s 
128595     INFO  main            d.u.i.k.p.i.AbstractProblemLoader Replaying proof SET043p1.key 
128597     DEBUG main            d.u.i.k.p.i.IntermediateProofReplayer Proof replay took 8.4ns 
128702     INFO  main            d.u.i.k.p.r.p.TestFile    ... finished proof: closed. 
128970     INFO  main            d.u.i.k.p.i.AbstractProblemLoader Loading environment from /home/runner/work/key/key/key.core/../key.ui/examples/standard_key/pred_log/tptp/SET/SET043p1.key.proof 
128970     DEBUG main            d.u.i.k.p.i.AbstractProblemLoader Environment load took 187.4ns 
128971     INFO  main            d.u.i.k.p.i.AbstractProblemLoader Creating init config 
131861     DEBUG main            d.u.i.k.p.i.AbstractProblemLoader Init config took 2.89s 
131880     INFO  main            d.u.i.k.p.i.AbstractProblemLoader Replaying proof SET043p1.key.proof 
131885     DEBUG main            d.u.i.k.p.i.IntermediateProofReplayer Proof replay took 1.62ms 
131886     DEBUG main            d.u.i.k.p.r.p.TestFile    ... success: reloaded. 
131886     INFO  main            d.u.i.k.p.r.p.TestFile    Now processing file /home/runner/work/key/key/key.core/../key.ui/examples/standard_key/pred_log/tptp/SET/SET045p1.key 
131887     INFO  main            d.u.i.k.p.i.AbstractProblemLoader Loading environment from /home/runner/work/key/key/key.core/../key.ui/examples/standard_key/pred_log/tptp/SET/SET045p1.key 
131887     DEBUG main            d.u.i.k.p.i.AbstractProblemLoader Environment load took 94.9ns 
131888     INFO  main            d.u.i.k.p.i.AbstractProblemLoader Creating init config 
134819     DEBUG main            d.u.i.k.p.i.AbstractProblemLoader Init config took 2.93s 
134836     INFO  main            d.u.i.k.p.i.AbstractProblemLoader Replaying proof SET045p1.key 
134838     DEBUG main            d.u.i.k.p.i.IntermediateProofReplayer Proof replay took 8.6ns 
134943     INFO  main            d.u.i.k.p.r.p.TestFile    ... finished proof: closed. 
135243     INFO  main            d.u.i.k.p.i.AbstractProblemLoader Loading environment from /home/runner/work/key/key/key.core/../key.ui/examples/standard_key/pred_log/tptp/SET/SET045p1.key.proof 
135243     DEBUG main            d.u.i.k.p.i.AbstractProblemLoader Environment load took 124.8ns 
135245     INFO  main            d.u.i.k.p.i.AbstractProblemLoader Creating init config 
138158     DEBUG main            d.u.i.k.p.i.AbstractProblemLoader Init config took 2.91s 
138175     INFO  main            d.u.i.k.p.i.AbstractProblemLoader Replaying proof SET045p1.key.proof 
138181     DEBUG main            d.u.i.k.p.i.IntermediateProofReplayer Proof replay took 3.65ms 
138182     DEBUG main            d.u.i.k.p.r.p.TestFile    ... success: reloaded. 
138182     INFO  main            d.u.i.k.p.r.p.TestFile    Now processing file /home/runner/work/key/key/key.core/../key.ui/examples/standard_key/pred_log/tptp/SET/SET062p3.key 
138183     INFO  main            d.u.i.k.p.i.AbstractProblemLoader Loading environment from /home/runner/work/key/key/key.core/../key.ui/examples/standard_key/pred_log/tptp/SET/SET062p3.key 
138183     DEBUG main            d.u.i.k.p.i.AbstractProblemLoader Environment load took 111.2ns 
138184     INFO  main            d.u.i.k.p.i.AbstractProblemLoader Creating init config 
141135     DEBUG main            d.u.i.k.p.i.AbstractProblemLoader Init config took 2.95s 
141155     INFO  main            d.u.i.k.p.i.AbstractProblemLoader Replaying proof SET062p3.key 
141157     DEBUG main            d.u.i.k.p.i.IntermediateProofReplayer Proof replay took 9.5ns 
141260     INFO  main            d.u.i.k.p.r.p.TestFile    ... finished proof: closed. 
141558     INFO  main            d.u.i.k.p.i.AbstractProblemLoader Loading environment from /home/runner/work/key/key/key.core/../key.ui/examples/standard_key/pred_log/tptp/SET/SET062p3.key.proof 
141558     DEBUG main            d.u.i.k.p.i.AbstractProblemLoader Environment load took 120.1ns 
141560     INFO  main            d.u.i.k.p.i.AbstractProblemLoader Creating init config 
144479     DEBUG main            d.u.i.k.p.i.AbstractProblemLoader Init config took 2.92s 
144498     INFO  main            d.u.i.k.p.i.AbstractProblemLoader Replaying proof SET062p3.key.proof 
144503     DEBUG main            d.u.i.k.p.i.IntermediateProofReplayer Proof replay took 3.19ms 
144504     DEBUG main            d.u.i.k.p.r.p.TestFile    ... success: reloaded. 
144505     INFO  main            d.u.i.k.p.r.p.TestFile    Now processing file /home/runner/work/key/key/key.core/../key.ui/examples/standard_key/pred_log/tptp/SET/SET063p3.key 
144505     INFO  main            d.u.i.k.p.i.AbstractProblemLoader Loading environment from /home/runner/work/key/key/key.core/../key.ui/examples/standard_key/pred_log/tptp/SET/SET063p3.key 
144505     DEBUG main            d.u.i.k.p.i.AbstractProblemLoader Environment load took 160ns 
144507     INFO  main            d.u.i.k.p.i.AbstractProblemLoader Creating init config 
147457     DEBUG main            d.u.i.k.p.i.AbstractProblemLoader Init config took 2.95s 
147473     INFO  main            d.u.i.k.p.i.AbstractProblemLoader Replaying proof SET063p3.key 
147475     DEBUG main            d.u.i.k.p.i.IntermediateProofReplayer Proof replay took 8ns 
147577     INFO  main            d.u.i.k.p.r.p.TestFile    ... finished proof: closed. 
147876     INFO  main            d.u.i.k.p.i.AbstractProblemLoader Loading environment from /home/runner/work/key/key/key.core/../key.ui/examples/standard_key/pred_log/tptp/SET/SET063p3.key.proof 
147877     DEBUG main            d.u.i.k.p.i.AbstractProblemLoader Environment load took 588.4ns 
147879     INFO  main            d.u.i.k.p.i.AbstractProblemLoader Creating init config 
150751     DEBUG main            d.u.i.k.p.i.AbstractProblemLoader Init config took 2.87s 
150771     INFO  main            d.u.i.k.p.i.AbstractProblemLoader Replaying proof SET063p3.key.proof 
150777     DEBUG main            d.u.i.k.p.i.IntermediateProofReplayer Proof replay took 3.8ms 
150778     DEBUG main            d.u.i.k.p.r.p.TestFile    ... success: reloaded. 
150778     INFO  main            d.u.i.k.p.r.p.TestFile    Now processing file /home/runner/work/key/key/key.core/../key.ui/examples/standard_key/pred_log/tptp/SYN/SYN036p2.key 
150779     INFO  main            d.u.i.k.p.i.AbstractProblemLoader Loading environment from /home/runner/work/key/key/key.core/../key.ui/examples/standard_key/pred_log/tptp/SYN/SYN036p2.key 
150779     DEBUG main            d.u.i.k.p.i.AbstractProblemLoader Environment load took 105.2ns 
150780     INFO  main            d.u.i.k.p.i.AbstractProblemLoader Creating init config 
153765     DEBUG main            d.u.i.k.p.i.AbstractProblemLoader Init config took 2.98s 
153782     INFO  main            d.u.i.k.p.i.AbstractProblemLoader Replaying proof SYN036p2.key 
153783     DEBUG main            d.u.i.k.p.i.IntermediateProofReplayer Proof replay took 9.3ns 
154089     INFO  main            d.u.i.k.p.r.p.TestFile    ... finished proof: closed. 
154413     INFO  main            d.u.i.k.p.i.AbstractProblemLoader Loading environment from /home/runner/work/key/key/key.core/../key.ui/examples/standard_key/pred_log/tptp/SYN/SYN036p2.key.proof 
154414     DEBUG main            d.u.i.k.p.i.AbstractProblemLoader Environment load took 446.6ns 
154416     INFO  main            d.u.i.k.p.i.AbstractProblemLoader Creating init config 
157273     DEBUG main            d.u.i.k.p.i.AbstractProblemLoader Init config took 2.86s 
157289     INFO  main            d.u.i.k.p.i.AbstractProblemLoader Replaying proof SYN036p2.key.proof 
157376     DEBUG main            d.u.i.k.p.i.IntermediateProofReplayer Proof replay took 77.88ms 
157377     DEBUG main            d.u.i.k.p.r.p.TestFile    ... success: reloaded. 
157378     INFO  main            d.u.i.k.p.r.p.TestFile    Now processing file /home/runner/work/key/key/key.core/../key.ui/examples/standard_key/pred_log/tptp/SYN/SYN550p1.key 
157378     INFO  main            d.u.i.k.p.i.AbstractProblemLoader Loading environment from /home/runner/work/key/key/key.core/../key.ui/examples/standard_key/pred_log/tptp/SYN/SYN550p1.key 
157378     DEBUG main            d.u.i.k.p.i.AbstractProblemLoader Environment load took 95ns 
157380     INFO  main            d.u.i.k.p.i.AbstractProblemLoader Creating init config 
160271     DEBUG main            d.u.i.k.p.i.AbstractProblemLoader Init config took 2.89s 
160288     INFO  main            d.u.i.k.p.i.AbstractProblemLoader Replaying proof SYN550p1.key 
160290     DEBUG main            d.u.i.k.p.i.IntermediateProofReplayer Proof replay took 18.1ns 
163657     INFO  main            d.u.i.k.p.r.p.TestFile    ... finished proof: closed. 
163999     INFO  main            d.u.i.k.p.i.AbstractProblemLoader Loading environment from /home/runner/work/key/key/key.core/../key.ui/examples/standard_key/pred_log/tptp/SYN/SYN550p1.key.proof 
164000     DEBUG main            d.u.i.k.p.i.AbstractProblemLoader Environment load took 996.39ns 
164001     INFO  main            d.u.i.k.p.i.AbstractProblemLoader Creating init config 
166767     DEBUG main            d.u.i.k.p.i.AbstractProblemLoader Init config took 2.77s 
166786     INFO  main            d.u.i.k.p.i.AbstractProblemLoader Replaying proof SYN550p1.key.proof 
166886     DEBUG main            d.u.i.k.p.i.IntermediateProofReplayer Proof replay took 92.26ms 
166887     DEBUG main            d.u.i.k.p.r.p.TestFile    ... success: reloaded. 
166888     INFO  main            d.u.i.k.p.r.p.TestFile    Now processing file /home/runner/work/key/key/key.core/../key.ui/examples/standard_key/prop_log/reallySimple.key 
166888     INFO  main            d.u.i.k.p.i.AbstractProblemLoader Loading environment from /home/runner/work/key/key/key.core/../key.ui/examples/standard_key/prop_log/reallySimple.key 
166888     DEBUG main            d.u.i.k.p.i.AbstractProblemLoader Environment load took 106.6ns 
166889     INFO  main            d.u.i.k.p.i.AbstractProblemLoader Creating init config 
169791     DEBUG main            d.u.i.k.p.i.AbstractProblemLoader Init config took 2.9s 
169807     INFO  main            d.u.i.k.p.i.AbstractProblemLoader Replaying proof reallySimple.key 
169808     DEBUG main            d.u.i.k.p.i.IntermediateProofReplayer Proof replay took 7.4ns 
169910     INFO  main            d.u.i.k.p.r.p.TestFile    ... finished proof: open goal(s) 
170251     INFO  main            d.u.i.k.p.r.p.TestFile    Now processing file /home/runner/work/key/key/key.core/../key.ui/examples/standard_key/pred_log/sameName1.key 
170251     INFO  main            d.u.i.k.p.i.AbstractProblemLoader Loading environment from /home/runner/work/key/key/key.core/../key.ui/examples/standard_key/pred_log/sameName1.key 
170251     DEBUG main            d.u.i.k.p.i.AbstractProblemLoader Environment load took 81.7ns 
170252     INFO  main            d.u.i.k.p.i.AbstractProblemLoader Creating init config 
173150     DEBUG main            d.u.i.k.p.i.AbstractProblemLoader Init config took 2.9s 
173166     INFO  main            d.u.i.k.p.i.AbstractProblemLoader Replaying proof sameName1.key 
173171     DEBUG main            d.u.i.k.p.i.IntermediateProofReplayer Proof replay took 8ns 
173273     INFO  main            d.u.i.k.p.r.p.TestFile    ... finished proof: open goal(s) 
173580     INFO  main            d.u.i.k.p.r.p.TestFile    Now processing file /home/runner/work/key/key/key.core/../key.ui/examples/standard_key/pred_log/jbyteIfEx.key 
173581     INFO  main            d.u.i.k.p.i.AbstractProblemLoader Loading environment from /home/runner/work/key/key/key.core/../key.ui/examples/standard_key/pred_log/jbyteIfEx.key 
173581     DEBUG main            d.u.i.k.p.i.AbstractProblemLoader Environment load took 83.4ns 
173582     INFO  main            d.u.i.k.p.i.AbstractProblemLoader Creating init config 
176420     DEBUG main            d.u.i.k.p.i.AbstractProblemLoader Init config took 2.84s 
176437     INFO  main            d.u.i.k.p.i.AbstractProblemLoader Replaying proof jbyteIfEx.key 
176438     DEBUG main            d.u.i.k.p.i.IntermediateProofReplayer Proof replay took 7.8ns 
176543     INFO  main            d.u.i.k.p.r.p.TestFile    ... finished proof: closed. 
176859     INFO  main            d.u.i.k.p.i.AbstractProblemLoader Loading environment from /home/runner/work/key/key/key.core/../key.ui/examples/standard_key/pred_log/jbyteIfEx.key.proof 
176860     DEBUG main            d.u.i.k.p.i.AbstractProblemLoader Environment load took 709.9ns 
176862     INFO  main            d.u.i.k.p.i.AbstractProblemLoader Creating init config 
179753     DEBUG main            d.u.i.k.p.i.AbstractProblemLoader Init config took 2.89s 
179769     INFO  main            d.u.i.k.p.i.AbstractProblemLoader Replaying proof jbyteIfEx.key.proof 
179777     DEBUG main            d.u.i.k.p.i.IntermediateProofReplayer Proof replay took 5.85ms 
179778     DEBUG main            d.u.i.k.p.r.p.TestFile    ... success: reloaded. 
179779     INFO  main            d.u.i.k.p.r.p.TestFile    Now processing file /home/runner/work/key/key/key.core/../key.ui/examples/standard_key/prop_log/allClausesLength4.key 
179779     INFO  main            d.u.i.k.p.i.AbstractProblemLoader Loading environment from /home/runner/work/key/key/key.core/../key.ui/examples/standard_key/prop_log/allClausesLength4.key 
179779     DEBUG main            d.u.i.k.p.i.AbstractProblemLoader Environment load took 104.2ns 
179781     INFO  main            d.u.i.k.p.i.AbstractProblemLoader Creating init config 
182860     DEBUG main            d.u.i.k.p.i.AbstractProblemLoader Init config took 3.08s 
182878     INFO  main            d.u.i.k.p.i.AbstractProblemLoader Replaying proof allClausesLength4.key 
182880     DEBUG main            d.u.i.k.p.i.IntermediateProofReplayer Proof replay took 7.1ns 
182982     INFO  main            d.u.i.k.p.r.p.TestFile    ... finished proof: closed. 
183328     INFO  main            d.u.i.k.p.i.AbstractProblemLoader Loading environment from /home/runner/work/key/key/key.core/../key.ui/examples/standard_key/prop_log/allClausesLength4.key.proof 
183328     DEBUG main            d.u.i.k.p.i.AbstractProblemLoader Environment load took 142.3ns 
183330     INFO  main            d.u.i.k.p.i.AbstractProblemLoader Creating init config 
186259     DEBUG main            d.u.i.k.p.i.AbstractProblemLoader Init config took 2.93s 
186275     INFO  main            d.u.i.k.p.i.AbstractProblemLoader Replaying proof allClausesLength4.key.proof 
186293     DEBUG main            d.u.i.k.p.i.IntermediateProofReplayer Proof replay took 14.54ms 
186295     DEBUG main            d.u.i.k.p.r.p.TestFile    ... success: reloaded. 
186296     INFO  main            d.u.i.k.p.r.p.TestFile    Now processing file /home/runner/work/key/key/key.core/../key.ui/examples/standard_key/prop_log/allClausesLength5.key 
186297     INFO  main            d.u.i.k.p.i.AbstractProblemLoader Loading environment from /home/runner/work/key/key/key.core/../key.ui/examples/standard_key/prop_log/allClausesLength5.key 
186297     DEBUG main            d.u.i.k.p.i.AbstractProblemLoader Environment load took 223.4ns 
186299     INFO  main            d.u.i.k.p.i.AbstractProblemLoader Creating init config 
189279     DEBUG main            d.u.i.k.p.i.AbstractProblemLoader Init config took 2.98s 
189296     INFO  main            d.u.i.k.p.i.AbstractProblemLoader Replaying proof allClausesLength5.key 
189298     DEBUG main            d.u.i.k.p.i.IntermediateProofReplayer Proof replay took 8ns 
189602     INFO  main            d.u.i.k.p.r.p.TestFile    ... finished proof: closed. 
189936     INFO  main            d.u.i.k.p.i.AbstractProblemLoader Loading environment from /home/runner/work/key/key/key.core/../key.ui/examples/standard_key/prop_log/allClausesLength5.key.proof 
189937     DEBUG main            d.u.i.k.p.i.AbstractProblemLoader Environment load took 846.9ns 
189940     INFO  main            d.u.i.k.p.i.AbstractProblemLoader Creating init config 
192837     DEBUG main            d.u.i.k.p.i.AbstractProblemLoader Init config took 2.9s 
192854     INFO  main            d.u.i.k.p.i.AbstractProblemLoader Replaying proof allClausesLength5.key.proof 
192900     DEBUG main            d.u.i.k.p.i.IntermediateProofReplayer Proof replay took 40.4ms 
192902     DEBUG main            d.u.i.k.p.r.p.TestFile    ... success: reloaded. 
192902     INFO  main            d.u.i.k.p.r.p.TestFile    Now processing file /home/runner/work/key/key/key.core/../key.ui/examples/standard_key/prop_log/doubleNeg.key 
192902     INFO  main            d.u.i.k.p.i.AbstractProblemLoader Loading environment from /home/runner/work/key/key/key.core/../key.ui/examples/standard_key/prop_log/doubleNeg.key 
192903     DEBUG main            d.u.i.k.p.i.AbstractProblemLoader Environment load took 120.6ns 
192904     INFO  main            d.u.i.k.p.i.AbstractProblemLoader Creating init config 
195873     DEBUG main            d.u.i.k.p.i.AbstractProblemLoader Init config took 2.97s 
195890     INFO  main            d.u.i.k.p.i.AbstractProblemLoader Replaying proof doubleNeg.key 
195891     DEBUG main            d.u.i.k.p.i.IntermediateProofReplayer Proof replay took 7.7ns 
195993     INFO  main            d.u.i.k.p.r.p.TestFile    ... finished proof: closed. 
196350     INFO  main            d.u.i.k.p.i.AbstractProblemLoader Loading environment from /home/runner/work/key/key/key.core/../key.ui/examples/standard_key/prop_log/doubleNeg.key.proof 
196350     DEBUG main            d.u.i.k.p.i.AbstractProblemLoader Environment load took 109.4ns 
196351     INFO  main            d.u.i.k.p.i.AbstractProblemLoader Creating init config 
199262     DEBUG main            d.u.i.k.p.i.AbstractProblemLoader Init config took 2.91s 
199279     INFO  main            d.u.i.k.p.i.AbstractProblemLoader Replaying proof doubleNeg.key.proof 
199281     DEBUG main            d.u.i.k.p.i.IntermediateProofReplayer Proof replay took 510.4ns 
199282     DEBUG main            d.u.i.k.p.r.p.TestFile    ... success: reloaded. 
199283     INFO  main            d.u.i.k.p.r.p.TestFile    Now processing file /home/runner/work/key/key/key.core/../key.ui/examples/standard_key/prop_log/liarsville.key 
199283     INFO  main            d.u.i.k.p.i.AbstractProblemLoader Loading environment from /home/runner/work/key/key/key.core/../key.ui/examples/standard_key/prop_log/liarsville.key 
199284     DEBUG main            d.u.i.k.p.i.AbstractProblemLoader Environment load took 201.3ns 
199285     INFO  main            d.u.i.k.p.i.AbstractProblemLoader Creating init config 
202253     DEBUG main            d.u.i.k.p.i.AbstractProblemLoader Init config took 2.97s 
202269     INFO  main            d.u.i.k.p.i.AbstractProblemLoader Replaying proof liarsville.key 
202271     DEBUG main            d.u.i.k.p.i.IntermediateProofReplayer Proof replay took 7.2ns 
202373     INFO  main            d.u.i.k.p.r.p.TestFile    ... finished proof: closed. 
202719     INFO  main            d.u.i.k.p.i.AbstractProblemLoader Loading environment from /home/runner/work/key/key/key.core/../key.ui/examples/standard_key/prop_log/liarsville.key.proof 
202720     DEBUG main            d.u.i.k.p.i.AbstractProblemLoader Environment load took 106.4ns 
202721     INFO  main            d.u.i.k.p.i.AbstractProblemLoader Creating init config 
205584     DEBUG main            d.u.i.k.p.i.AbstractProblemLoader Init config took 2.86s 
205600     INFO  main            d.u.i.k.p.i.AbstractProblemLoader Replaying proof liarsville.key.proof 
205604     DEBUG main            d.u.i.k.p.i.IntermediateProofReplayer Proof replay took 1.27ms 
205605     DEBUG main            d.u.i.k.p.r.p.TestFile    ... success: reloaded. 
205605     INFO  main            d.u.i.k.p.r.p.TestFile    Now processing file /home/runner/work/key/key/key.core/../key.ui/examples/standard_key/prop_log/simplest.key 
205606     INFO  main            d.u.i.k.p.i.AbstractProblemLoader Loading environment from /home/runner/work/key/key/key.core/../key.ui/examples/standard_key/prop_log/simplest.key 
205606     DEBUG main            d.u.i.k.p.i.AbstractProblemLoader Environment load took 250.9ns 
205607     INFO  main            d.u.i.k.p.i.AbstractProblemLoader Creating init config 
208546     DEBUG main            d.u.i.k.p.i.AbstractProblemLoader Init config took 2.94s 
208561     INFO  main            d.u.i.k.p.i.AbstractProblemLoader Replaying proof simplest.key 
208562     DEBUG main            d.u.i.k.p.i.IntermediateProofReplayer Proof replay took 7.1ns 
208668     INFO  main            d.u.i.k.p.r.p.TestFile    ... finished proof: closed. 
209035     INFO  main            d.u.i.k.p.i.AbstractProblemLoader Loading environment from /home/runner/work/key/key/key.core/../key.ui/examples/standard_key/prop_log/simplest.key.proof 
209035     DEBUG main            d.u.i.k.p.i.AbstractProblemLoader Environment load took 126.8ns 
209036     INFO  main            d.u.i.k.p.i.AbstractProblemLoader Creating init config 
211926     DEBUG main            d.u.i.k.p.i.AbstractProblemLoader Init config took 2.89s 
211942     INFO  main            d.u.i.k.p.i.AbstractProblemLoader Replaying proof simplest.key.proof 
211944     DEBUG main            d.u.i.k.p.i.IntermediateProofReplayer Proof replay took 119.9ns 
211945     DEBUG main            d.u.i.k.p.r.p.TestFile    ... success: reloaded. 
211945     INFO  main            d.u.i.k.p.r.p.TestFile    Now processing file /home/runner/work/key/key/key.core/../key.ui/examples/standard_key/prop_log/contraposition.key 
211946     INFO  main            d.u.i.k.p.i.AbstractProblemLoader Loading environment from /home/runner/work/key/key/key.core/../key.ui/examples/standard_key/prop_log/contraposition.key 
211946     DEBUG main            d.u.i.k.p.i.AbstractProblemLoader Environment load took 98.7ns 
211947     INFO  main            d.u.i.k.p.i.AbstractProblemLoader Creating init config 
214888     DEBUG main            d.u.i.k.p.i.AbstractProblemLoader Init config took 2.94s 
214905     INFO  main            d.u.i.k.p.i.AbstractProblemLoader Replaying proof contraposition.key 
214906     DEBUG main            d.u.i.k.p.i.IntermediateProofReplayer Proof replay took 6.9ns 
215008     INFO  main            d.u.i.k.p.r.p.TestFile    ... finished proof: closed. 
215364     INFO  main            d.u.i.k.p.i.AbstractProblemLoader Loading environment from /home/runner/work/key/key/key.core/../key.ui/examples/standard_key/prop_log/contraposition.key.proof 
215364     DEBUG main            d.u.i.k.p.i.AbstractProblemLoader Environment load took 116.1ns 
215365     INFO  main            d.u.i.k.p.i.AbstractProblemLoader Creating init config 
218185     DEBUG main            d.u.i.k.p.i.AbstractProblemLoader Init config took 2.82s 
218200     INFO  main            d.u.i.k.p.i.AbstractProblemLoader Replaying proof contraposition.key.proof 
218203     DEBUG main            d.u.i.k.p.i.IntermediateProofReplayer Proof replay took 688.1ns 
218203     DEBUG main            d.u.i.k.p.r.p.TestFile    ... success: reloaded. 
218204     INFO  main            d.u.i.k.p.r.p.TestFile    Now processing file /home/runner/work/key/key/key.core/../key.ui/examples/standard_key/quantifiers/elimination0.key 
218204     INFO  main            d.u.i.k.p.i.AbstractProblemLoader Loading environment from /home/runner/work/key/key/key.core/../key.ui/examples/standard_key/quantifiers/elimination0.key 
218204     DEBUG main            d.u.i.k.p.i.AbstractProblemLoader Environment load took 65.5ns 
218205     INFO  main            d.u.i.k.p.i.AbstractProblemLoader Creating init config 
221036     DEBUG main            d.u.i.k.p.i.AbstractProblemLoader Init config took 2.83s 
221051     INFO  main            d.u.i.k.p.i.AbstractProblemLoader Replaying proof elimination0.key 
221053     DEBUG main            d.u.i.k.p.i.IntermediateProofReplayer Proof replay took 7.2ns 
221155     INFO  main            d.u.i.k.p.r.p.TestFile    ... finished proof: closed. 
221516     INFO  main            d.u.i.k.p.i.AbstractProblemLoader Loading environment from /home/runner/work/key/key/key.core/../key.ui/examples/standard_key/quantifiers/elimination0.key.proof 
221517     DEBUG main            d.u.i.k.p.i.AbstractProblemLoader Environment load took 118ns 
221518     INFO  main            d.u.i.k.p.i.AbstractProblemLoader Creating init config 
224251     DEBUG main            d.u.i.k.p.i.AbstractProblemLoader Init config took 2.73s 
224267     INFO  main            d.u.i.k.p.i.AbstractProblemLoader Replaying proof elimination0.key.proof 
224270     DEBUG main            d.u.i.k.p.i.IntermediateProofReplayer Proof replay took 1.35ms 
224271     DEBUG main            d.u.i.k.p.r.p.TestFile    ... success: reloaded. 
224272     INFO  main            d.u.i.k.p.r.p.TestFile    Now processing file /home/runner/work/key/key/key.core/../key.ui/examples/standard_key/quantifiers/heuristic_PUZ001p1-eq.key 
224272     INFO  main            d.u.i.k.p.i.AbstractProblemLoader Loading environment from /home/runner/work/key/key/key.core/../key.ui/examples/standard_key/quantifiers/heuristic_PUZ001p1-eq.key 
224272     DEBUG main            d.u.i.k.p.i.AbstractProblemLoader Environment load took 156.4ns 
224274     INFO  main            d.u.i.k.p.i.AbstractProblemLoader Creating init config 
227141     DEBUG main            d.u.i.k.p.i.AbstractProblemLoader Init config took 2.87s 
227163     INFO  main            d.u.i.k.p.i.AbstractProblemLoader Replaying proof heuristic_PUZ001p1-eq.key 
227165     DEBUG main            d.u.i.k.p.i.IntermediateProofReplayer Proof replay took 7.6ns 
227275     INFO  main            d.u.i.k.p.r.p.TestFile    ... finished proof: closed. 
227661     INFO  main            d.u.i.k.p.i.AbstractProblemLoader Loading environment from /home/runner/work/key/key/key.core/../key.ui/examples/standard_key/quantifiers/heuristic_PUZ001p1-eq.key.proof 
227661     DEBUG main            d.u.i.k.p.i.AbstractProblemLoader Environment load took 138.5ns 
227667     INFO  main            d.u.i.k.p.i.AbstractProblemLoader Creating init config 
230442     DEBUG main            d.u.i.k.p.i.AbstractProblemLoader Init config took 2.77s 
230459     INFO  main            d.u.i.k.p.i.AbstractProblemLoader Replaying proof heuristic_PUZ001p1-eq.key.proof 
230472     DEBUG main            d.u.i.k.p.i.IntermediateProofReplayer Proof replay took 10.75ms 
230473     DEBUG main            d.u.i.k.p.r.p.TestFile    ... success: reloaded. 
230474     INFO  main            d.u.i.k.p.r.p.TestFile    Now processing file /home/runner/work/key/key/key.core/../key.ui/examples/standard_key/quantifiers/heuristic_PUZ001p1.key 
230475     INFO  main            d.u.i.k.p.i.AbstractProblemLoader Loading environment from /home/runner/work/key/key/key.core/../key.ui/examples/standard_key/quantifiers/heuristic_PUZ001p1.key 
230475     DEBUG main            d.u.i.k.p.i.AbstractProblemLoader Environment load took 216.3ns 
230476     INFO  main            d.u.i.k.p.i.AbstractProblemLoader Creating init config 
233367     DEBUG main            d.u.i.k.p.i.AbstractProblemLoader Init config took 2.89s 
233409     INFO  main            d.u.i.k.p.i.AbstractProblemLoader Replaying proof heuristic_PUZ001p1.key 
233411     DEBUG main            d.u.i.k.p.i.IntermediateProofReplayer Proof replay took 7.7ns 
235021     INFO  main            d.u.i.k.p.r.p.TestFile    ... finished proof: closed. 
235445     INFO  main            d.u.i.k.p.i.AbstractProblemLoader Loading environment from /home/runner/work/key/key/key.core/../key.ui/examples/standard_key/quantifiers/heuristic_PUZ001p1.key.proof 
235445     DEBUG main            d.u.i.k.p.i.AbstractProblemLoader Environment load took 146.6ns 
235448     INFO  main            d.u.i.k.p.i.AbstractProblemLoader Creating init config 
238300     DEBUG main            d.u.i.k.p.i.AbstractProblemLoader Init config took 2.85s 
238318     INFO  main            d.u.i.k.p.i.AbstractProblemLoader Replaying proof heuristic_PUZ001p1.key.proof 
238370     DEBUG main            d.u.i.k.p.i.IntermediateProofReplayer Proof replay took 47.14ms 
238372     DEBUG main            d.u.i.k.p.r.p.TestFile    ... success: reloaded. 
238373     INFO  main            d.u.i.k.p.r.p.TestFile    Now processing file /home/runner/work/key/key/key.core/../key.ui/examples/standard_key/quantifiers/heuristic_PUZ031p1.key 
238373     INFO  main            d.u.i.k.p.i.AbstractProblemLoader Loading environment from /home/runner/work/key/key/key.core/../key.ui/examples/standard_key/quantifiers/heuristic_PUZ031p1.key 
238373     DEBUG main            d.u.i.k.p.i.AbstractProblemLoader Environment load took 103.3ns 
238375     INFO  main            d.u.i.k.p.i.AbstractProblemLoader Creating init config 
241241     DEBUG main            d.u.i.k.p.i.AbstractProblemLoader Init config took 2.87s 
241259     INFO  main            d.u.i.k.p.i.AbstractProblemLoader Replaying proof heuristic_PUZ031p1.key 
241261     DEBUG main            d.u.i.k.p.i.IntermediateProofReplayer Proof replay took 6.9ns 
247090     INFO  main            d.u.i.k.p.r.p.TestFile    ... finished proof: closed. 
247523     INFO  main            d.u.i.k.p.i.AbstractProblemLoader Loading environment from /home/runner/work/key/key/key.core/../key.ui/examples/standard_key/quantifiers/heuristic_PUZ031p1.key.proof 
247523     DEBUG main            d.u.i.k.p.i.AbstractProblemLoader Environment load took 392.1ns 
247525     INFO  main            d.u.i.k.p.i.AbstractProblemLoader Creating init config 
250313     DEBUG main            d.u.i.k.p.i.AbstractProblemLoader Init config took 2.79s 
250332     INFO  main            d.u.i.k.p.i.AbstractProblemLoader Replaying proof heuristic_PUZ031p1.key.proof 
250383     DEBUG main            d.u.i.k.p.i.IntermediateProofReplayer Proof replay took 46.52ms 
250385     DEBUG main            d.u.i.k.p.r.p.TestFile    ... success: reloaded. 
250386     INFO  main            d.u.i.k.p.r.p.TestFile    Now processing file /home/runner/work/key/key/key.core/../key.ui/examples/standard_key/quantifiers/heuristic_SYN036p2.key 
250386     INFO  main            d.u.i.k.p.i.AbstractProblemLoader Loading environment from /home/runner/work/key/key/key.core/../key.ui/examples/standard_key/quantifiers/heuristic_SYN036p2.key 
250386     DEBUG main            d.u.i.k.p.i.AbstractProblemLoader Environment load took 105.6ns 
250388     INFO  main            d.u.i.k.p.i.AbstractProblemLoader Creating init config 
253272     DEBUG main            d.u.i.k.p.i.AbstractProblemLoader Init config took 2.88s 
253287     INFO  main            d.u.i.k.p.i.AbstractProblemLoader Replaying proof heuristic_SYN036p2.key 
253289     DEBUG main            d.u.i.k.p.i.IntermediateProofReplayer Proof replay took 7.5ns 
253595     INFO  main            d.u.i.k.p.r.p.TestFile    ... finished proof: closed. 
254089     INFO  main            d.u.i.k.p.i.AbstractProblemLoader Loading environment from /home/runner/work/key/key/key.core/../key.ui/examples/standard_key/quantifiers/heuristic_SYN036p2.key.proof 
254089     DEBUG main            d.u.i.k.p.i.AbstractProblemLoader Environment load took 435.3ns 
254091     INFO  main            d.u.i.k.p.i.AbstractProblemLoader Creating init config 
256869     DEBUG main            d.u.i.k.p.i.AbstractProblemLoader Init config took 2.78s 
256884     INFO  main            d.u.i.k.p.i.AbstractProblemLoader Replaying proof heuristic_SYN036p2.key.proof 
256957     DEBUG main            d.u.i.k.p.i.IntermediateProofReplayer Proof replay took 64.15ms 
256958     DEBUG main            d.u.i.k.p.r.p.TestFile    ... success: reloaded. 
256959     INFO  main            d.u.i.k.p.r.p.TestFile    Now processing file /home/runner/work/key/key/key.core/../key.ui/examples/standard_key/quantifiers/injectivity.key 
256959     INFO  main            d.u.i.k.p.i.AbstractProblemLoader Loading environment from /home/runner/work/key/key/key.core/../key.ui/examples/standard_key/quantifiers/injectivity.key 
256959     DEBUG main            d.u.i.k.p.i.AbstractProblemLoader Environment load took 98ns 
256960     INFO  main            d.u.i.k.p.i.AbstractProblemLoader Creating init config 
259716     DEBUG main            d.u.i.k.p.i.AbstractProblemLoader Init config took 2.76s 
259730     INFO  main            d.u.i.k.p.i.AbstractProblemLoader Replaying proof injectivity.key 
259732     DEBUG main            d.u.i.k.p.i.IntermediateProofReplayer Proof replay took 6.7ns 
259834     INFO  main            d.u.i.k.p.r.p.TestFile    ... finished proof: closed. 
260243     INFO  main            d.u.i.k.p.i.AbstractProblemLoader Loading environment from /home/runner/work/key/key/key.core/../key.ui/examples/standard_key/quantifiers/injectivity.key.proof 
260243     DEBUG main            d.u.i.k.p.i.AbstractProblemLoader Environment load took 102.8ns 
260244     INFO  main            d.u.i.k.p.i.AbstractProblemLoader Creating init config 
263026     DEBUG main            d.u.i.k.p.i.AbstractProblemLoader Init config took 2.78s 
263042     INFO  main            d.u.i.k.p.i.AbstractProblemLoader Replaying proof injectivity.key.proof 
263045     DEBUG main            d.u.i.k.p.i.IntermediateProofReplayer Proof replay took 1.26ms 
263045     DEBUG main            d.u.i.k.p.r.p.TestFile    ... success: reloaded. 
263046     INFO  main            d.u.i.k.p.r.p.TestFile    Now processing file /home/runner/work/key/key/key.core/../key.ui/examples/standard_key/quantifiers/normalisation0.key 
263047     INFO  main            d.u.i.k.p.i.AbstractProblemLoader Loading environment from /home/runner/work/key/key/key.core/../key.ui/examples/standard_key/quantifiers/normalisation0.key 
263047     DEBUG main            d.u.i.k.p.i.AbstractProblemLoader Environment load took 59.9ns 
263048     INFO  main            d.u.i.k.p.i.AbstractProblemLoader Creating init config 
265860     DEBUG main            d.u.i.k.p.i.AbstractProblemLoader Init config took 2.81s 
265876     INFO  main            d.u.i.k.p.i.AbstractProblemLoader Replaying proof normalisation0.key 
265899     DEBUG main            d.u.i.k.p.i.IntermediateProofReplayer Proof replay took 9.7ns 
266001     INFO  main            d.u.i.k.p.r.p.TestFile    ... finished proof: closed. 
266409     INFO  main            d.u.i.k.p.i.AbstractProblemLoader Loading environment from /home/runner/work/key/key/key.core/../key.ui/examples/standard_key/quantifiers/normalisation0.key.proof 
266409     DEBUG main            d.u.i.k.p.i.AbstractProblemLoader Environment load took 104.4ns 
266411     INFO  main            d.u.i.k.p.i.AbstractProblemLoader Creating init config 
269217     DEBUG main            d.u.i.k.p.i.AbstractProblemLoader Init config took 2.81s 
269232     INFO  main            d.u.i.k.p.i.AbstractProblemLoader Replaying proof normalisation0.key.proof 
269236     DEBUG main            d.u.i.k.p.i.IntermediateProofReplayer Proof replay took 1.89ms 
269237     DEBUG main            d.u.i.k.p.r.p.TestFile    ... success: reloaded. 
269238     INFO  main            d.u.i.k.p.r.p.TestFile    Now processing file /home/runner/work/key/key/key.core/../key.ui/examples/standard_key/quantifiers/normalisation1.key 
269238     INFO  main            d.u.i.k.p.i.AbstractProblemLoader Loading environment from /home/runner/work/key/key/key.core/../key.ui/examples/standard_key/quantifiers/normalisation1.key 
269238     DEBUG main            d.u.i.k.p.i.AbstractProblemLoader Environment load took 86ns 
269240     INFO  main            d.u.i.k.p.i.AbstractProblemLoader Creating init config 
272219     DEBUG main            d.u.i.k.p.i.AbstractProblemLoader Init config took 2.98s 
272237     INFO  main            d.u.i.k.p.i.AbstractProblemLoader Replaying proof normalisation1.key 
272239     DEBUG main            d.u.i.k.p.i.IntermediateProofReplayer Proof replay took 8.2ns 
272345     INFO  main            d.u.i.k.p.r.p.TestFile    ... finished proof: closed. 
272776     INFO  main            d.u.i.k.p.i.AbstractProblemLoader Loading environment from /home/runner/work/key/key/key.core/../key.ui/examples/standard_key/quantifiers/normalisation1.key.proof 
272776     DEBUG main            d.u.i.k.p.i.AbstractProblemLoader Environment load took 99.7ns 
272777     INFO  main            d.u.i.k.p.i.AbstractProblemLoader Creating init config 
275615     DEBUG main            d.u.i.k.p.i.AbstractProblemLoader Init config took 2.84s 
275632     INFO  main            d.u.i.k.p.i.AbstractProblemLoader Replaying proof normalisation1.key.proof 
275635     DEBUG main            d.u.i.k.p.i.IntermediateProofReplayer Proof replay took 1.41ms 
275636     DEBUG main            d.u.i.k.p.r.p.TestFile    ... success: reloaded. 
275637     INFO  main            d.u.i.k.p.r.p.TestFile    Now processing file /home/runner/work/key/key/key.core/../key.ui/examples/standard_key/quantifiers/normalisation2.key 
275637     INFO  main            d.u.i.k.p.i.AbstractProblemLoader Loading environment from /home/runner/work/key/key/key.core/../key.ui/examples/standard_key/quantifiers/normalisation2.key 
275637     DEBUG main            d.u.i.k.p.i.AbstractProblemLoader Environment load took 92.5ns 
275638     INFO  main            d.u.i.k.p.i.AbstractProblemLoader Creating init config 
278525     DEBUG main            d.u.i.k.p.i.AbstractProblemLoader Init config took 2.89s 
278545     INFO  main            d.u.i.k.p.i.AbstractProblemLoader Replaying proof normalisation2.key 
278547     DEBUG main            d.u.i.k.p.i.IntermediateProofReplayer Proof replay took 7.6ns 
278650     INFO  main            d.u.i.k.p.r.p.TestFile    ... finished proof: closed. 
279082     INFO  main            d.u.i.k.p.i.AbstractProblemLoader Loading environment from /home/runner/work/key/key/key.core/../key.ui/examples/standard_key/quantifiers/normalisation2.key.proof 
279082     DEBUG main            d.u.i.k.p.i.AbstractProblemLoader Environment load took 164.5ns 
279085     INFO  main            d.u.i.k.p.i.AbstractProblemLoader Creating init config 
281863     DEBUG main            d.u.i.k.p.i.AbstractProblemLoader Init config took 2.78s 
281879     INFO  main            d.u.i.k.p.i.AbstractProblemLoader Replaying proof normalisation2.key.proof 
281884     DEBUG main            d.u.i.k.p.i.IntermediateProofReplayer Proof replay took 2.33ms 
281885     DEBUG main            d.u.i.k.p.r.p.TestFile    ... success: reloaded. 
281886     INFO  main            d.u.i.k.p.r.p.TestFile    Now processing file /home/runner/work/key/key/key.core/../key.ui/examples/standard_key/quantifiers/normalisation3.key 
281886     INFO  main            d.u.i.k.p.i.AbstractProblemLoader Loading environment from /home/runner/work/key/key/key.core/../key.ui/examples/standard_key/quantifiers/normalisation3.key 
281886     DEBUG main            d.u.i.k.p.i.AbstractProblemLoader Environment load took 80.2ns 
281887     INFO  main            d.u.i.k.p.i.AbstractProblemLoader Creating init config 
284638     DEBUG main            d.u.i.k.p.i.AbstractProblemLoader Init config took 2.75s 
284653     INFO  main            d.u.i.k.p.i.AbstractProblemLoader Replaying proof normalisation3.key 
284654     DEBUG main            d.u.i.k.p.i.IntermediateProofReplayer Proof replay took 7.6ns 
284756     INFO  main            d.u.i.k.p.r.p.TestFile    ... finished proof: closed. 
285193     INFO  main            d.u.i.k.p.i.AbstractProblemLoader Loading environment from /home/runner/work/key/key/key.core/../key.ui/examples/standard_key/quantifiers/normalisation3.key.proof 
285193     DEBUG main            d.u.i.k.p.i.AbstractProblemLoader Environment load took 118.6ns 
285195     INFO  main            d.u.i.k.p.i.AbstractProblemLoader Creating init config 
287949     DEBUG main            d.u.i.k.p.i.AbstractProblemLoader Init config took 2.75s 
287966     INFO  main            d.u.i.k.p.i.AbstractProblemLoader Replaying proof normalisation3.key.proof 
287969     DEBUG main            d.u.i.k.p.i.IntermediateProofReplayer Proof replay took 1.77ms 
287970     DEBUG main            d.u.i.k.p.r.p.TestFile    ... success: reloaded. 
287971     INFO  main            d.u.i.k.p.r.p.TestFile    Now processing file /home/runner/work/key/key/key.core/../key.ui/examples/standard_key/quantifiers/normalisation4.key 
287971     INFO  main            d.u.i.k.p.i.AbstractProblemLoader Loading environment from /home/runner/work/key/key/key.core/../key.ui/examples/standard_key/quantifiers/normalisation4.key 
287971     DEBUG main            d.u.i.k.p.i.AbstractProblemLoader Environment load took 107.9ns 
287972     INFO  main            d.u.i.k.p.i.AbstractProblemLoader Creating init config 
290794     DEBUG main            d.u.i.k.p.i.AbstractProblemLoader Init config took 2.82s 
290809     INFO  main            d.u.i.k.p.i.AbstractProblemLoader Replaying proof normalisation4.key 
290811     DEBUG main            d.u.i.k.p.i.IntermediateProofReplayer Proof replay took 7.4ns 
290913     INFO  main            d.u.i.k.p.r.p.TestFile    ... finished proof: closed. 
291339     INFO  main            d.u.i.k.p.i.AbstractProblemLoader Loading environment from /home/runner/work/key/key/key.core/../key.ui/examples/standard_key/quantifiers/normalisation4.key.proof 
291339     DEBUG main            d.u.i.k.p.i.AbstractProblemLoader Environment load took 96.7ns 
291340     INFO  main            d.u.i.k.p.i.AbstractProblemLoader Creating init config 
294141     DEBUG main            d.u.i.k.p.i.AbstractProblemLoader Init config took 2.8s 
294156     INFO  main            d.u.i.k.p.i.AbstractProblemLoader Replaying proof normalisation4.key.proof 
294161     DEBUG main            d.u.i.k.p.i.IntermediateProofReplayer Proof replay took 3.14ms 
294162     DEBUG main            d.u.i.k.p.r.p.TestFile    ... success: reloaded. 
294163     INFO  main            d.u.i.k.p.r.p.TestFile    Now processing file /home/runner/work/key/key/key.core/../key.ui/examples/standard_key/quantifiers/normalisation5.key 
294163     INFO  main            d.u.i.k.p.i.AbstractProblemLoader Loading environment from /home/runner/work/key/key/key.core/../key.ui/examples/standard_key/quantifiers/normalisation5.key 
294163     DEBUG main            d.u.i.k.p.i.AbstractProblemLoader Environment load took 74ns 
294164     INFO  main            d.u.i.k.p.i.AbstractProblemLoader Creating init config 
296944     DEBUG main            d.u.i.k.p.i.AbstractProblemLoader Init config took 2.78s 
296960     INFO  main            d.u.i.k.p.i.AbstractProblemLoader Replaying proof normalisation5.key 
296962     DEBUG main            d.u.i.k.p.i.IntermediateProofReplayer Proof replay took 8.4ns 
297065     INFO  main            d.u.i.k.p.r.p.TestFile    ... finished proof: closed. 
297509     INFO  main            d.u.i.k.p.i.AbstractProblemLoader Loading environment from /home/runner/work/key/key/key.core/../key.ui/examples/standard_key/quantifiers/normalisation5.key.proof 
297509     DEBUG main            d.u.i.k.p.i.AbstractProblemLoader Environment load took 118.4ns 
297511     INFO  main            d.u.i.k.p.i.AbstractProblemLoader Creating init config 
300283     DEBUG main            d.u.i.k.p.i.AbstractProblemLoader Init config took 2.77s 
300300     INFO  main            d.u.i.k.p.i.AbstractProblemLoader Replaying proof normalisation5.key.proof 
300304     DEBUG main            d.u.i.k.p.i.IntermediateProofReplayer Proof replay took 1.93ms 
300305     DEBUG main            d.u.i.k.p.r.p.TestFile    ... success: reloaded. 
300306     INFO  main            d.u.i.k.p.r.p.TestFile    Now processing file /home/runner/work/key/key/key.core/../key.ui/examples/standard_key/quantifiers/normalisation6.key 
300306     INFO  main            d.u.i.k.p.i.AbstractProblemLoader Loading environment from /home/runner/work/key/key/key.core/../key.ui/examples/standard_key/quantifiers/normalisation6.key 
300306     DEBUG main            d.u.i.k.p.i.AbstractProblemLoader Environment load took 152.2ns 
300307     INFO  main            d.u.i.k.p.i.AbstractProblemLoader Creating init config 
303149     DEBUG main            d.u.i.k.p.i.AbstractProblemLoader Init config took 2.84s 
303163     INFO  main            d.u.i.k.p.i.AbstractProblemLoader Replaying proof normalisation6.key 
303165     DEBUG main            d.u.i.k.p.i.IntermediateProofReplayer Proof replay took 6.9ns 
303267     INFO  main            d.u.i.k.p.r.p.TestFile    ... finished proof: closed. 
303748     INFO  main            d.u.i.k.p.i.AbstractProblemLoader Loading environment from /home/runner/work/key/key/key.core/../key.ui/examples/standard_key/quantifiers/normalisation6.key.proof 
303748     DEBUG main            d.u.i.k.p.i.AbstractProblemLoader Environment load took 97ns 
303749     INFO  main            d.u.i.k.p.i.AbstractProblemLoader Creating init config 
306525     DEBUG main            d.u.i.k.p.i.AbstractProblemLoader Init config took 2.78s 
306541     INFO  main            d.u.i.k.p.i.AbstractProblemLoader Replaying proof normalisation6.key.proof 
306544     DEBUG main            d.u.i.k.p.i.IntermediateProofReplayer Proof replay took 2.03ms 
306545     DEBUG main            d.u.i.k.p.r.p.TestFile    ... success: reloaded. 
306546     INFO  main            d.u.i.k.p.r.p.TestFile    Now processing file /home/runner/work/key/key/key.core/../key.ui/examples/standard_key/quantifiers/normalisation7.key 
306547     INFO  main            d.u.i.k.p.i.AbstractProblemLoader Loading environment from /home/runner/work/key/key/key.core/../key.ui/examples/standard_key/quantifiers/normalisation7.key 
306547     DEBUG main            d.u.i.k.p.i.AbstractProblemLoader Environment load took 149.9ns 
306548     INFO  main            d.u.i.k.p.i.AbstractProblemLoader Creating init config 
309318     DEBUG main            d.u.i.k.p.i.AbstractProblemLoader Init config took 2.77s 
309352     INFO  main            d.u.i.k.p.i.AbstractProblemLoader Replaying proof normalisation7.key 
309354     DEBUG main            d.u.i.k.p.i.IntermediateProofReplayer Proof replay took 7.3ns 
309455     INFO  main            d.u.i.k.p.r.p.TestFile    ... finished proof: closed. 
309911     INFO  main            d.u.i.k.p.i.AbstractProblemLoader Loading environment from /home/runner/work/key/key/key.core/../key.ui/examples/standard_key/quantifiers/normalisation7.key.proof 
309911     DEBUG main            d.u.i.k.p.i.AbstractProblemLoader Environment load took 107.8ns 
309912     INFO  main            d.u.i.k.p.i.AbstractProblemLoader Creating init config 
312744     DEBUG main            d.u.i.k.p.i.AbstractProblemLoader Init config took 2.83s 
312760     INFO  main            d.u.i.k.p.i.AbstractProblemLoader Replaying proof normalisation7.key.proof 
312764     DEBUG main            d.u.i.k.p.i.IntermediateProofReplayer Proof replay took 1.84ms 
312765     DEBUG main            d.u.i.k.p.r.p.TestFile    ... success: reloaded. 
312766     INFO  main            d.u.i.k.p.r.p.TestFile    Now processing file /home/runner/work/key/key/key.core/../key.ui/examples/standard_key/quantifiers/normalisation8.key 
312766     INFO  main            d.u.i.k.p.i.AbstractProblemLoader Loading environment from /home/runner/work/key/key/key.core/../key.ui/examples/standard_key/quantifiers/normalisation8.key 
312766     DEBUG main            d.u.i.k.p.i.AbstractProblemLoader Environment load took 88.4ns 
312767     INFO  main            d.u.i.k.p.i.AbstractProblemLoader Creating init config 
315613     DEBUG main            d.u.i.k.p.i.AbstractProblemLoader Init config took 2.85s 
315629     INFO  main            d.u.i.k.p.i.AbstractProblemLoader Replaying proof normalisation8.key 
315631     DEBUG main            d.u.i.k.p.i.IntermediateProofReplayer Proof replay took 29ns 
315733     INFO  main            d.u.i.k.p.r.p.TestFile    ... finished proof: closed. 
316205     INFO  main            d.u.i.k.p.i.AbstractProblemLoader Loading environment from /home/runner/work/key/key/key.core/../key.ui/examples/standard_key/quantifiers/normalisation8.key.proof 
316205     DEBUG main            d.u.i.k.p.i.AbstractProblemLoader Environment load took 88.4ns 
316207     INFO  main            d.u.i.k.p.i.AbstractProblemLoader Creating init config 
318948     DEBUG main            d.u.i.k.p.i.AbstractProblemLoader Init config took 2.74s 
318964     INFO  main            d.u.i.k.p.i.AbstractProblemLoader Replaying proof normalisation8.key.proof 
318970     DEBUG main            d.u.i.k.p.i.IntermediateProofReplayer Proof replay took 3.49ms 
318972     DEBUG main            d.u.i.k.p.r.p.TestFile    ... success: reloaded. 
318973     INFO  main            d.u.i.k.p.r.p.TestFile    Now processing file /home/runner/work/key/key/key.core/../key.ui/examples/standard_key/quantifiers/normalisation9.key 
318974     INFO  main            d.u.i.k.p.i.AbstractProblemLoader Loading environment from /home/runner/work/key/key/key.core/../key.ui/examples/standard_key/quantifiers/normalisation9.key 
318974     DEBUG main            d.u.i.k.p.i.AbstractProblemLoader Environment load took 93.5ns 
318975     INFO  main            d.u.i.k.p.i.AbstractProblemLoader Creating init config 
321860     DEBUG main            d.u.i.k.p.i.AbstractProblemLoader Init config took 2.88s 
321877     INFO  main            d.u.i.k.p.i.AbstractProblemLoader Replaying proof normalisation9.key 
321879     DEBUG main            d.u.i.k.p.i.IntermediateProofReplayer Proof replay took 7.6ns 
321981     INFO  main            d.u.i.k.p.r.p.TestFile    ... finished proof: closed. 
322469     INFO  main            d.u.i.k.p.i.AbstractProblemLoader Loading environment from /home/runner/work/key/key/key.core/../key.ui/examples/standard_key/quantifiers/normalisation9.key.proof 
322469     DEBUG main            d.u.i.k.p.i.AbstractProblemLoader Environment load took 94.7ns 
322470     INFO  main            d.u.i.k.p.i.AbstractProblemLoader Creating init config 
325231     DEBUG main            d.u.i.k.p.i.AbstractProblemLoader Init config took 2.76s 
325247     INFO  main            d.u.i.k.p.i.AbstractProblemLoader Replaying proof normalisation9.key.proof 
325252     DEBUG main            d.u.i.k.p.i.IntermediateProofReplayer Proof replay took 3.27ms 
325253     DEBUG main            d.u.i.k.p.r.p.TestFile    ... success: reloaded. 
325255     INFO  main            d.u.i.k.p.r.p.TestFile    Now processing file /home/runner/work/key/key/key.core/../key.ui/examples/standard_key/quantifiers/normalisation10.key 
325255     INFO  main            d.u.i.k.p.i.AbstractProblemLoader Loading environment from /home/runner/work/key/key/key.core/../key.ui/examples/standard_key/quantifiers/normalisation10.key 
325255     DEBUG main            d.u.i.k.p.i.AbstractProblemLoader Environment load took 100.6ns 
325256     INFO  main            d.u.i.k.p.i.AbstractProblemLoader Creating init config 
328183     DEBUG main            d.u.i.k.p.i.AbstractProblemLoader Init config took 2.93s 
328198     INFO  main            d.u.i.k.p.i.AbstractProblemLoader Replaying proof normalisation10.key 
328200     DEBUG main            d.u.i.k.p.i.IntermediateProofReplayer Proof replay took 8ns 
328302     INFO  main            d.u.i.k.p.r.p.TestFile    ... finished proof: closed. 
328787     INFO  main            d.u.i.k.p.i.AbstractProblemLoader Loading environment from /home/runner/work/key/key/key.core/../key.ui/examples/standard_key/quantifiers/normalisation10.key.proof 
328787     DEBUG main            d.u.i.k.p.i.AbstractProblemLoader Environment load took 93.4ns 
328788     INFO  main            d.u.i.k.p.i.AbstractProblemLoader Creating init config 
331663     DEBUG main            d.u.i.k.p.i.AbstractProblemLoader Init config took 2.88s 
331681     INFO  main            d.u.i.k.p.i.AbstractProblemLoader Replaying proof normalisation10.key.proof 
331688     DEBUG main            d.u.i.k.p.i.IntermediateProofReplayer Proof replay took 4.49ms 
331689     DEBUG main            d.u.i.k.p.r.p.TestFile    ... success: reloaded. 
331690     INFO  main            d.u.i.k.p.r.p.TestFile    Now processing file /home/runner/work/key/key/key.core/../key.ui/examples/standard_key/quantifiers/normalisation12.key 
331690     INFO  main            d.u.i.k.p.i.AbstractProblemLoader Loading environment from /home/runner/work/key/key/key.core/../key.ui/examples/standard_key/quantifiers/normalisation12.key 
331690     DEBUG main            d.u.i.k.p.i.AbstractProblemLoader Environment load took 90.1ns 
331692     INFO  main            d.u.i.k.p.i.AbstractProblemLoader Creating init config 
334589     DEBUG main            d.u.i.k.p.i.AbstractProblemLoader Init config took 2.9s 
334607     INFO  main            d.u.i.k.p.i.AbstractProblemLoader Replaying proof normalisation12.key 
334609     DEBUG main            d.u.i.k.p.i.IntermediateProofReplayer Proof replay took 7.6ns 
334711     INFO  main            d.u.i.k.p.r.p.TestFile    ... finished proof: closed. 
335202     INFO  main            d.u.i.k.p.i.AbstractProblemLoader Loading environment from /home/runner/work/key/key/key.core/../key.ui/examples/standard_key/quantifiers/normalisation12.key.proof 
335202     DEBUG main            d.u.i.k.p.i.AbstractProblemLoader Environment load took 97.8ns 
335203     INFO  main            d.u.i.k.p.i.AbstractProblemLoader Creating init config 
338027     DEBUG main            d.u.i.k.p.i.AbstractProblemLoader Init config took 2.82s 
338043     INFO  main            d.u.i.k.p.i.AbstractProblemLoader Replaying proof normalisation12.key.proof 
338046     DEBUG main            d.u.i.k.p.i.IntermediateProofReplayer Proof replay took 1.06ms 
338047     DEBUG main            d.u.i.k.p.r.p.TestFile    ... success: reloaded. 
338048     INFO  main            d.u.i.k.p.r.p.TestFile    Now processing file /home/runner/work/key/key/key.core/../key.ui/examples/standard_key/quantifiers/normalisation13.key 
338048     INFO  main            d.u.i.k.p.i.AbstractProblemLoader Loading environment from /home/runner/work/key/key/key.core/../key.ui/examples/standard_key/quantifiers/normalisation13.key 
338048     DEBUG main            d.u.i.k.p.i.AbstractProblemLoader Environment load took 98.4ns 
338050     INFO  main            d.u.i.k.p.i.AbstractProblemLoader Creating init config 
340949     DEBUG main            d.u.i.k.p.i.AbstractProblemLoader Init config took 2.9s 
340966     INFO  main            d.u.i.k.p.i.AbstractProblemLoader Replaying proof normalisation13.key 
340967     DEBUG main            d.u.i.k.p.i.IntermediateProofReplayer Proof replay took 8.6ns 
341070     INFO  main            d.u.i.k.p.r.p.TestFile    ... finished proof: closed. 
341578     INFO  main            d.u.i.k.p.i.AbstractProblemLoader Loading environment from /home/runner/work/key/key/key.core/../key.ui/examples/standard_key/quantifiers/normalisation13.key.proof 
341579     DEBUG main            d.u.i.k.p.i.AbstractProblemLoader Environment load took 128.2ns 
341580     INFO  main            d.u.i.k.p.i.AbstractProblemLoader Creating init config 
344499     DEBUG main            d.u.i.k.p.i.AbstractProblemLoader Init config took 2.92s 
344515     INFO  main            d.u.i.k.p.i.AbstractProblemLoader Replaying proof normalisation13.key.proof 
344518     DEBUG main            d.u.i.k.p.i.IntermediateProofReplayer Proof replay took 737.4ns 
344519     DEBUG main            d.u.i.k.p.r.p.TestFile    ... success: reloaded. 
344519     INFO  main            d.u.i.k.p.r.p.TestFile    Now processing file /home/runner/work/key/key/key.core/../key.ui/examples/standard_key/quantifiers/triggers0.key 
344520     INFO  main            d.u.i.k.p.i.AbstractProblemLoader Loading environment from /home/runner/work/key/key/key.core/../key.ui/examples/standard_key/quantifiers/triggers0.key 
344520     DEBUG main            d.u.i.k.p.i.AbstractProblemLoader Environment load took 62.7ns 
344521     INFO  main            d.u.i.k.p.i.AbstractProblemLoader Creating init config 
347481     DEBUG main            d.u.i.k.p.i.AbstractProblemLoader Init config took 2.96s 
347496     INFO  main            d.u.i.k.p.i.AbstractProblemLoader Replaying proof triggers0.key 
347498     DEBUG main            d.u.i.k.p.i.IntermediateProofReplayer Proof replay took 8ns 
347600     INFO  main            d.u.i.k.p.r.p.TestFile    ... finished proof: closed. 
348139     INFO  main            d.u.i.k.p.i.AbstractProblemLoader Loading environment from /home/runner/work/key/key/key.core/../key.ui/examples/standard_key/quantifiers/triggers0.key.proof 
348139     DEBUG main            d.u.i.k.p.i.AbstractProblemLoader Environment load took 96.1ns 
348140     INFO  main            d.u.i.k.p.i.AbstractProblemLoader Creating init config 
351009     DEBUG main            d.u.i.k.p.i.AbstractProblemLoader Init config took 2.87s 
351025     INFO  main            d.u.i.k.p.i.AbstractProblemLoader Replaying proof triggers0.key.proof 
351028     DEBUG main            d.u.i.k.p.i.IntermediateProofReplayer Proof replay took 1.34ms 
351029     DEBUG main            d.u.i.k.p.r.p.TestFile    ... success: reloaded. 
4897669    INFO  Test worker     d.u.i.k.p.r.RunAllProofsTestUnit Returning from test FOL 
4897670    INFO  Test worker     d.u.i.k.p.r.RunAllProofsTestUnit Running test strings 
519        INFO  Timeout watchdog d.u.i.k.p.r.p.ForkedTestFileRunner Timeout watcher launched (2000 secs.) 
526        WARN  main            d.u.i.k.s.ProofSettings   The settings in /home/runner/.key/proof-settings.props are *not* read. 
562        INFO  main            d.u.i.k.p.r.p.TestFile    Now processing file /home/runner/work/key/key/key.core/../key.ui/examples/standard_key/strings/charAt0.key 
705        INFO  main            d.u.i.k.p.i.AbstractProblemLoader Loading environment from /home/runner/work/key/key/key.core/../key.ui/examples/standard_key/strings/charAt0.key 
727        DEBUG main            d.u.i.k.p.i.AbstractProblemLoader Environment load took 2.44ms 
1047       INFO  main            d.u.i.k.p.i.AbstractProblemLoader Creating init config 
2287       DEBUG main            d.u.i.k.j.TypeConverter   No LDT found for Meta 
2288       DEBUG main            d.u.i.k.j.TypeConverter   No LDT found for Meta 
2293       DEBUG main            d.u.i.k.j.TypeConverter   No LDT found for Meta 
2293       DEBUG main            d.u.i.k.j.TypeConverter   No LDT found for Meta 
4013       DEBUG main            d.u.i.k.j.TypeConverter   No LDT found for JavaBigintExpression 
10656      DEBUG main            d.u.i.k.p.i.AbstractProblemLoader Init config took 9.61s 
10728      INFO  main            d.u.i.k.p.i.AbstractProblemLoader Replaying proof charAt0.key 
10772      DEBUG main            d.u.i.k.p.i.IntermediateProofReplayer Proof replay took 41.5ns 
11272      INFO  main            d.u.i.k.p.r.p.TestFile    ... finished proof: closed. 
11397      INFO  main            d.u.i.k.p.i.AbstractProblemLoader Loading environment from /home/runner/work/key/key/key.core/../key.ui/examples/standard_key/strings/charAt0.key.proof 
11398      DEBUG main            d.u.i.k.p.i.AbstractProblemLoader Environment load took 1.07ms 
11407      INFO  main            d.u.i.k.p.i.AbstractProblemLoader Creating init config 
15027      DEBUG main            d.u.i.k.p.i.AbstractProblemLoader Init config took 3.62s 
15081      INFO  main            d.u.i.k.p.i.AbstractProblemLoader Replaying proof charAt0.key.proof 
15108      DEBUG main            d.u.i.k.p.i.IntermediateProofReplayer Proof replay took 20.92ms 
15122      DEBUG main            d.u.i.k.p.r.p.TestFile    ... success: reloaded. 
15124      INFO  main            d.u.i.k.p.r.p.TestFile    Now processing file /home/runner/work/key/key/key.core/../key.ui/examples/standard_key/strings/charAt1.key 
15124      INFO  main            d.u.i.k.p.i.AbstractProblemLoader Loading environment from /home/runner/work/key/key/key.core/../key.ui/examples/standard_key/strings/charAt1.key 
15124      DEBUG main            d.u.i.k.p.i.AbstractProblemLoader Environment load took 223.5ns 
15127      INFO  main            d.u.i.k.p.i.AbstractProblemLoader Creating init config 
18475      DEBUG main            d.u.i.k.p.i.AbstractProblemLoader Init config took 3.35s 
18521      INFO  main            d.u.i.k.p.i.AbstractProblemLoader Replaying proof charAt1.key 
18530      DEBUG main            d.u.i.k.p.i.IntermediateProofReplayer Proof replay took 24ns 
18738      INFO  main            d.u.i.k.p.r.p.TestFile    ... finished proof: closed. 
18898      INFO  main            d.u.i.k.p.i.AbstractProblemLoader Loading environment from /home/runner/work/key/key/key.core/../key.ui/examples/standard_key/strings/charAt1.key.proof 
18899      DEBUG main            d.u.i.k.p.i.AbstractProblemLoader Environment load took 459ns 
18901      INFO  main            d.u.i.k.p.i.AbstractProblemLoader Creating init config 
22242      DEBUG main            d.u.i.k.p.i.AbstractProblemLoader Init config took 3.34s 
22273      INFO  main            d.u.i.k.p.i.AbstractProblemLoader Replaying proof charAt1.key.proof 
22293      DEBUG main            d.u.i.k.p.i.IntermediateProofReplayer Proof replay took 16.54ms 
22295      DEBUG main            d.u.i.k.p.r.p.TestFile    ... success: reloaded. 
22296      INFO  main            d.u.i.k.p.r.p.TestFile    Now processing file /home/runner/work/key/key/key.core/../key.ui/examples/standard_key/strings/concat1.key 
22296      INFO  main            d.u.i.k.p.i.AbstractProblemLoader Loading environment from /home/runner/work/key/key/key.core/../key.ui/examples/standard_key/strings/concat1.key 
22297      DEBUG main            d.u.i.k.p.i.AbstractProblemLoader Environment load took 247.3ns 
22298      INFO  main            d.u.i.k.p.i.AbstractProblemLoader Creating init config 
25672      DEBUG main            d.u.i.k.p.i.AbstractProblemLoader Init config took 3.37s 
25705      INFO  main            d.u.i.k.p.i.AbstractProblemLoader Replaying proof concat1.key 
25711      DEBUG main            d.u.i.k.p.i.IntermediateProofReplayer Proof replay took 19.2ns 
25814      INFO  main            d.u.i.k.p.r.p.TestFile    ... finished proof: closed. 
25982      INFO  main            d.u.i.k.p.i.AbstractProblemLoader Loading environment from /home/runner/work/key/key/key.core/../key.ui/examples/standard_key/strings/concat1.key.proof 
25984      DEBUG main            d.u.i.k.p.i.AbstractProblemLoader Environment load took 2.6ms 
25987      INFO  main            d.u.i.k.p.i.AbstractProblemLoader Creating init config 
29256      DEBUG main            d.u.i.k.p.i.AbstractProblemLoader Init config took 3.27s 
29284      INFO  main            d.u.i.k.p.i.AbstractProblemLoader Replaying proof concat1.key.proof 
29289      DEBUG main            d.u.i.k.p.i.IntermediateProofReplayer Proof replay took 1.57ms 
29291      DEBUG main            d.u.i.k.p.r.p.TestFile    ... success: reloaded. 
29293      INFO  main            d.u.i.k.p.r.p.TestFile    Now processing file /home/runner/work/key/key/key.core/../key.ui/examples/standard_key/strings/concat2.key 
29294      INFO  main            d.u.i.k.p.i.AbstractProblemLoader Loading environment from /home/runner/work/key/key/key.core/../key.ui/examples/standard_key/strings/concat2.key 
29294      DEBUG main            d.u.i.k.p.i.AbstractProblemLoader Environment load took 264.5ns 
29297      INFO  main            d.u.i.k.p.i.AbstractProblemLoader Creating init config 
32561      DEBUG main            d.u.i.k.p.i.AbstractProblemLoader Init config took 3.26s 
32588      INFO  main            d.u.i.k.p.i.AbstractProblemLoader Replaying proof concat2.key 
32591      DEBUG main            d.u.i.k.p.i.IntermediateProofReplayer Proof replay took 6.7ns 
32696      INFO  main            d.u.i.k.p.r.p.TestFile    ... finished proof: closed. 
32874      INFO  main            d.u.i.k.p.i.AbstractProblemLoader Loading environment from /home/runner/work/key/key/key.core/../key.ui/examples/standard_key/strings/concat2.key.proof 
32874      DEBUG main            d.u.i.k.p.i.AbstractProblemLoader Environment load took 130.4ns 
32875      INFO  main            d.u.i.k.p.i.AbstractProblemLoader Creating init config 
36092      DEBUG main            d.u.i.k.p.i.AbstractProblemLoader Init config took 3.22s 
36122      INFO  main            d.u.i.k.p.i.AbstractProblemLoader Replaying proof concat2.key.proof 
36137      DEBUG main            d.u.i.k.p.i.IntermediateProofReplayer Proof replay took 11.82ms 
36142      DEBUG main            d.u.i.k.p.r.p.TestFile    ... success: reloaded. 
36145      INFO  main            d.u.i.k.p.r.p.TestFile    Now processing file /home/runner/work/key/key/key.core/../key.ui/examples/standard_key/strings/deriveLength1.key 
36145      INFO  main            d.u.i.k.p.i.AbstractProblemLoader Loading environment from /home/runner/work/key/key/key.core/../key.ui/examples/standard_key/strings/deriveLength1.key 
36146      DEBUG main            d.u.i.k.p.i.AbstractProblemLoader Environment load took 112.8ns 
36147      INFO  main            d.u.i.k.p.i.AbstractProblemLoader Creating init config 
39567      DEBUG main            d.u.i.k.p.i.AbstractProblemLoader Init config took 3.42s 
39592      INFO  main            d.u.i.k.p.i.AbstractProblemLoader Replaying proof deriveLength1.key 
39594      DEBUG main            d.u.i.k.p.i.IntermediateProofReplayer Proof replay took 8.1ns 
39701      INFO  main            d.u.i.k.p.r.p.TestFile    ... finished proof: closed. 
39888      INFO  main            d.u.i.k.p.i.AbstractProblemLoader Loading environment from /home/runner/work/key/key/key.core/../key.ui/examples/standard_key/strings/deriveLength1.key.proof 
39889      DEBUG main            d.u.i.k.p.i.AbstractProblemLoader Environment load took 495.5ns 
39891      INFO  main            d.u.i.k.p.i.AbstractProblemLoader Creating init config 
43171      DEBUG main            d.u.i.k.p.i.AbstractProblemLoader Init config took 3.28s 
43206      INFO  main            d.u.i.k.p.i.AbstractProblemLoader Replaying proof deriveLength1.key.proof 
43220      DEBUG main            d.u.i.k.p.i.IntermediateProofReplayer Proof replay took 10.11ms 
43221      DEBUG main            d.u.i.k.p.r.p.TestFile    ... success: reloaded. 
43222      INFO  main            d.u.i.k.p.r.p.TestFile    Now processing file /home/runner/work/key/key/key.core/../key.ui/examples/standard_key/strings/emptyStringLengthZero.key 
43222      INFO  main            d.u.i.k.p.i.AbstractProblemLoader Loading environment from /home/runner/work/key/key/key.core/../key.ui/examples/standard_key/strings/emptyStringLengthZero.key 
43223      DEBUG main            d.u.i.k.p.i.AbstractProblemLoader Environment load took 238.8ns 
43224      INFO  main            d.u.i.k.p.i.AbstractProblemLoader Creating init config 
46485      DEBUG main            d.u.i.k.p.i.AbstractProblemLoader Init config took 3.26s 
46509      INFO  main            d.u.i.k.p.i.AbstractProblemLoader Replaying proof emptyStringLengthZero.key 
46511      DEBUG main            d.u.i.k.p.i.IntermediateProofReplayer Proof replay took 8ns 
46619      INFO  main            d.u.i.k.p.r.p.TestFile    ... finished proof: closed. 
46808      INFO  main            d.u.i.k.p.i.AbstractProblemLoader Loading environment from /home/runner/work/key/key/key.core/../key.ui/examples/standard_key/strings/emptyStringLengthZero.key.proof 
46810      DEBUG main            d.u.i.k.p.i.AbstractProblemLoader Environment load took 1.67ms 
46812      INFO  main            d.u.i.k.p.i.AbstractProblemLoader Creating init config 
50012      DEBUG main            d.u.i.k.p.i.AbstractProblemLoader Init config took 3.2s 
50036      INFO  main            d.u.i.k.p.i.AbstractProblemLoader Replaying proof emptyStringLengthZero.key.proof 
50043      DEBUG main            d.u.i.k.p.i.IntermediateProofReplayer Proof replay took 4.67ms 
50043      DEBUG main            d.u.i.k.p.r.p.TestFile    ... success: reloaded. 
50044      INFO  main            d.u.i.k.p.r.p.TestFile    Now processing file /home/runner/work/key/key/key.core/../key.ui/examples/standard_key/strings/implicitBooleanStringConversion.key 
50044      INFO  main            d.u.i.k.p.i.AbstractProblemLoader Loading environment from /home/runner/work/key/key/key.core/../key.ui/examples/standard_key/strings/implicitBooleanStringConversion.key 
50045      DEBUG main            d.u.i.k.p.i.AbstractProblemLoader Environment load took 104.4ns 
50046      INFO  main            d.u.i.k.p.i.AbstractProblemLoader Creating init config 
53404      DEBUG main            d.u.i.k.p.i.AbstractProblemLoader Init config took 3.36s 
53429      INFO  main            d.u.i.k.p.i.AbstractProblemLoader Replaying proof implicitBooleanStringConversion.key 
53432      DEBUG main            d.u.i.k.p.i.IntermediateProofReplayer Proof replay took 7.5ns 
54650      INFO  main            d.u.i.k.p.r.p.TestFile    ... finished proof: closed. 
54896      INFO  main            d.u.i.k.p.i.AbstractProblemLoader Loading environment from /home/runner/work/key/key/key.core/../key.ui/examples/standard_key/strings/implicitBooleanStringConversion.key.proof 
54896      DEBUG main            d.u.i.k.p.i.AbstractProblemLoader Environment load took 469.7ns 
54898      INFO  main            d.u.i.k.p.i.AbstractProblemLoader Creating init config 
58189      DEBUG main            d.u.i.k.p.i.AbstractProblemLoader Init config took 3.29s 
58213      INFO  main            d.u.i.k.p.i.AbstractProblemLoader Replaying proof implicitBooleanStringConversion.key.proof 
58300      DEBUG main            d.u.i.k.p.i.IntermediateProofReplayer Proof replay took 79.23ms 
58301      DEBUG main            d.u.i.k.p.r.p.TestFile    ... success: reloaded. 
58303      INFO  main            d.u.i.k.p.r.p.TestFile    Now processing file /home/runner/work/key/key/key.core/../key.ui/examples/standard_key/strings/implicitBooleanStringConversion2.key 
58303      INFO  main            d.u.i.k.p.i.AbstractProblemLoader Loading environment from /home/runner/work/key/key/key.core/../key.ui/examples/standard_key/strings/implicitBooleanStringConversion2.key 
58303      DEBUG main            d.u.i.k.p.i.AbstractProblemLoader Environment load took 209.1ns 
58305      INFO  main            d.u.i.k.p.i.AbstractProblemLoader Creating init config 
61650      DEBUG main            d.u.i.k.p.i.AbstractProblemLoader Init config took 3.35s 
61677      INFO  main            d.u.i.k.p.i.AbstractProblemLoader Replaying proof implicitBooleanStringConversion2.key 
61680      DEBUG main            d.u.i.k.p.i.IntermediateProofReplayer Proof replay took 7.7ns 
62184      INFO  main            d.u.i.k.p.r.p.TestFile    ... finished proof: closed. 
62428      INFO  main            d.u.i.k.p.i.AbstractProblemLoader Loading environment from /home/runner/work/key/key/key.core/../key.ui/examples/standard_key/strings/implicitBooleanStringConversion2.key.proof 
62428      DEBUG main            d.u.i.k.p.i.AbstractProblemLoader Environment load took 561.31ns 
62430      INFO  main            d.u.i.k.p.i.AbstractProblemLoader Creating init config 
65602      DEBUG main            d.u.i.k.p.i.AbstractProblemLoader Init config took 3.17s 
65628      INFO  main            d.u.i.k.p.i.AbstractProblemLoader Replaying proof implicitBooleanStringConversion2.key.proof 
65665      DEBUG main            d.u.i.k.p.i.IntermediateProofReplayer Proof replay took 32.42ms 
65666      DEBUG main            d.u.i.k.p.r.p.TestFile    ... success: reloaded. 
65667      INFO  main            d.u.i.k.p.r.p.TestFile    Now processing file /home/runner/work/key/key/key.core/../key.ui/examples/standard_key/strings/implicitIntStringConversion.key 
65667      INFO  main            d.u.i.k.p.i.AbstractProblemLoader Loading environment from /home/runner/work/key/key/key.core/../key.ui/examples/standard_key/strings/implicitIntStringConversion.key 
65667      DEBUG main            d.u.i.k.p.i.AbstractProblemLoader Environment load took 119ns 
65668      INFO  main            d.u.i.k.p.i.AbstractProblemLoader Creating init config 
69073      DEBUG main            d.u.i.k.p.i.AbstractProblemLoader Init config took 3.4s 
69116      INFO  main            d.u.i.k.p.i.AbstractProblemLoader Replaying proof implicitIntStringConversion.key 
69118      DEBUG main            d.u.i.k.p.i.IntermediateProofReplayer Proof replay took 8.4ns 
70026      INFO  main            d.u.i.k.p.r.p.TestFile    ... finished proof: closed. 
70280      INFO  main            d.u.i.k.p.i.AbstractProblemLoader Loading environment from /home/runner/work/key/key/key.core/../key.ui/examples/standard_key/strings/implicitIntStringConversion.key.proof 
70281      DEBUG main            d.u.i.k.p.i.AbstractProblemLoader Environment load took 466.9ns 
70282      INFO  main            d.u.i.k.p.i.AbstractProblemLoader Creating init config 
73522      DEBUG main            d.u.i.k.p.i.AbstractProblemLoader Init config took 3.24s 
73548      INFO  main            d.u.i.k.p.i.AbstractProblemLoader Replaying proof implicitIntStringConversion.key.proof 
73638      DEBUG main            d.u.i.k.p.i.IntermediateProofReplayer Proof replay took 80.1ms 
73640      DEBUG main            d.u.i.k.p.r.p.TestFile    ... success: reloaded. 
73641      INFO  main            d.u.i.k.p.r.p.TestFile    Now processing file /home/runner/work/key/key/key.core/../key.ui/examples/standard_key/strings/implicitNullStringConversion.key 
73642      INFO  main            d.u.i.k.p.i.AbstractProblemLoader Loading environment from /home/runner/work/key/key/key.core/../key.ui/examples/standard_key/strings/implicitNullStringConversion.key 
73642      DEBUG main            d.u.i.k.p.i.AbstractProblemLoader Environment load took 349.9ns 
73643      INFO  main            d.u.i.k.p.i.AbstractProblemLoader Creating init config 
76938      DEBUG main            d.u.i.k.p.i.AbstractProblemLoader Init config took 3.29s 
76960      INFO  main            d.u.i.k.p.i.AbstractProblemLoader Replaying proof implicitNullStringConversion.key 
76962      DEBUG main            d.u.i.k.p.i.IntermediateProofReplayer Proof replay took 8.1ns 
77369      INFO  main            d.u.i.k.p.r.p.TestFile    ... finished proof: closed. 
77661      INFO  main            d.u.i.k.p.i.AbstractProblemLoader Loading environment from /home/runner/work/key/key/key.core/../key.ui/examples/standard_key/strings/implicitNullStringConversion.key.proof 
77661      DEBUG main            d.u.i.k.p.i.AbstractProblemLoader Environment load took 696.51ns 
77663      INFO  main            d.u.i.k.p.i.AbstractProblemLoader Creating init config 
80847      DEBUG main            d.u.i.k.p.i.AbstractProblemLoader Init config took 3.18s 
80870      INFO  main            d.u.i.k.p.i.AbstractProblemLoader Replaying proof implicitNullStringConversion.key.proof 
80903      DEBUG main            d.u.i.k.p.i.IntermediateProofReplayer Proof replay took 28.53ms 
80904      DEBUG main            d.u.i.k.p.r.p.TestFile    ... success: reloaded. 
80905      INFO  main            d.u.i.k.p.r.p.TestFile    Now processing file /home/runner/work/key/key/key.core/../key.ui/examples/standard_key/strings/implicitNullStringConversion2.key 
80905      INFO  main            d.u.i.k.p.i.AbstractProblemLoader Loading environment from /home/runner/work/key/key/key.core/../key.ui/examples/standard_key/strings/implicitNullStringConversion2.key 
80906      DEBUG main            d.u.i.k.p.i.AbstractProblemLoader Environment load took 220.2ns 
80907      INFO  main            d.u.i.k.p.i.AbstractProblemLoader Creating init config 
84243      DEBUG main            d.u.i.k.p.i.AbstractProblemLoader Init config took 3.34s 
84264      INFO  main            d.u.i.k.p.i.AbstractProblemLoader Replaying proof implicitNullStringConversion2.key 
84266      DEBUG main            d.u.i.k.p.i.IntermediateProofReplayer Proof replay took 7.8ns 
84576      INFO  main            d.u.i.k.p.r.p.TestFile    ... finished proof: closed. 
84829      INFO  main            d.u.i.k.p.i.AbstractProblemLoader Loading environment from /home/runner/work/key/key/key.core/../key.ui/examples/standard_key/strings/implicitNullStringConversion2.key.proof 
84829      DEBUG main            d.u.i.k.p.i.AbstractProblemLoader Environment load took 148.1ns 
84830      INFO  main            d.u.i.k.p.i.AbstractProblemLoader Creating init config 
87972      DEBUG main            d.u.i.k.p.i.AbstractProblemLoader Init config took 3.14s 
87994      INFO  main            d.u.i.k.p.i.AbstractProblemLoader Replaying proof implicitNullStringConversion2.key.proof 
88017      DEBUG main            d.u.i.k.p.i.IntermediateProofReplayer Proof replay took 20.03ms 
88019      DEBUG main            d.u.i.k.p.r.p.TestFile    ... success: reloaded. 
88019      INFO  main            d.u.i.k.p.r.p.TestFile    Now processing file /home/runner/work/key/key/key.core/../key.ui/examples/standard_key/strings/implicitObjectStringConversion.key 
88020      INFO  main            d.u.i.k.p.i.AbstractProblemLoader Loading environment from /home/runner/work/key/key/key.core/../key.ui/examples/standard_key/strings/implicitObjectStringConversion.key 
88020      DEBUG main            d.u.i.k.p.i.AbstractProblemLoader Environment load took 230.1ns 
88022      INFO  main            d.u.i.k.p.i.AbstractProblemLoader Creating init config 
91487      DEBUG main            d.u.i.k.p.i.AbstractProblemLoader Init config took 3.47s 
91509      INFO  main            d.u.i.k.p.i.AbstractProblemLoader Replaying proof implicitObjectStringConversion.key 
91511      DEBUG main            d.u.i.k.p.i.IntermediateProofReplayer Proof replay took 7.1ns 
92419      INFO  main            d.u.i.k.p.r.p.TestFile    ... finished proof: closed. 
92684      INFO  main            d.u.i.k.p.i.AbstractProblemLoader Loading environment from /home/runner/work/key/key/key.core/../key.ui/examples/standard_key/strings/implicitObjectStringConversion.key.proof 
92685      DEBUG main            d.u.i.k.p.i.AbstractProblemLoader Environment load took 677.31ns 
92687      INFO  main            d.u.i.k.p.i.AbstractProblemLoader Creating init config 
96051      DEBUG main            d.u.i.k.p.i.AbstractProblemLoader Init config took 3.36s 
96075      INFO  main            d.u.i.k.p.i.AbstractProblemLoader Replaying proof implicitObjectStringConversion.key.proof 
96139      DEBUG main            d.u.i.k.p.i.IntermediateProofReplayer Proof replay took 58.93ms 
96140      DEBUG main            d.u.i.k.p.r.p.TestFile    ... success: reloaded. 
96141      INFO  main            d.u.i.k.p.r.p.TestFile    Now processing file /home/runner/work/key/key/key.core/../key.ui/examples/standard_key/strings/literalEquality.key 
96141      INFO  main            d.u.i.k.p.i.AbstractProblemLoader Loading environment from /home/runner/work/key/key/key.core/../key.ui/examples/standard_key/strings/literalEquality.key 
96141      DEBUG main            d.u.i.k.p.i.AbstractProblemLoader Environment load took 129.7ns 
96142      INFO  main            d.u.i.k.p.i.AbstractProblemLoader Creating init config 
99298      DEBUG main            d.u.i.k.p.i.AbstractProblemLoader Init config took 3.16s 
99317      INFO  main            d.u.i.k.p.i.AbstractProblemLoader Replaying proof literalEquality.key 
99319      DEBUG main            d.u.i.k.p.i.IntermediateProofReplayer Proof replay took 8ns 
99425      INFO  main            d.u.i.k.p.r.p.TestFile    ... finished proof: closed. 
99731      INFO  main            d.u.i.k.p.i.AbstractProblemLoader Loading environment from /home/runner/work/key/key/key.core/../key.ui/examples/standard_key/strings/literalEquality.key.proof 
99731      DEBUG main            d.u.i.k.p.i.AbstractProblemLoader Environment load took 226.8ns 
99732      INFO  main            d.u.i.k.p.i.AbstractProblemLoader Creating init config 
102783     DEBUG main            d.u.i.k.p.i.AbstractProblemLoader Init config took 3.05s 
102803     INFO  main            d.u.i.k.p.i.AbstractProblemLoader Replaying proof literalEquality.key.proof 
102811     DEBUG main            d.u.i.k.p.i.IntermediateProofReplayer Proof replay took 3.4ms 
102812     DEBUG main            d.u.i.k.p.r.p.TestFile    ... success: reloaded. 
102813     INFO  main            d.u.i.k.p.r.p.TestFile    Now processing file /home/runner/work/key/key/key.core/../key.ui/examples/standard_key/strings/replace0.key 
102813     INFO  main            d.u.i.k.p.i.AbstractProblemLoader Loading environment from /home/runner/work/key/key/key.core/../key.ui/examples/standard_key/strings/replace0.key 
102814     DEBUG main            d.u.i.k.p.i.AbstractProblemLoader Environment load took 311.6ns 
102815     INFO  main            d.u.i.k.p.i.AbstractProblemLoader Creating init config 
105977     DEBUG main            d.u.i.k.p.i.AbstractProblemLoader Init config took 3.16s 
105994     INFO  main            d.u.i.k.p.i.AbstractProblemLoader Replaying proof replace0.key 
105996     DEBUG main            d.u.i.k.p.i.IntermediateProofReplayer Proof replay took 6.9ns 
106098     INFO  main            d.u.i.k.p.r.p.TestFile    ... finished proof: closed. 
106403     INFO  main            d.u.i.k.p.i.AbstractProblemLoader Loading environment from /home/runner/work/key/key/key.core/../key.ui/examples/standard_key/strings/replace0.key.proof 
106403     DEBUG main            d.u.i.k.p.i.AbstractProblemLoader Environment load took 176.1ns 
106405     INFO  main            d.u.i.k.p.i.AbstractProblemLoader Creating init config 
109520     DEBUG main            d.u.i.k.p.i.AbstractProblemLoader Init config took 3.11s 
109538     INFO  main            d.u.i.k.p.i.AbstractProblemLoader Replaying proof replace0.key.proof 
109544     DEBUG main            d.u.i.k.p.i.IntermediateProofReplayer Proof replay took 3.99ms 
109545     DEBUG main            d.u.i.k.p.r.p.TestFile    ... success: reloaded. 
109546     INFO  main            d.u.i.k.p.r.p.TestFile    Now processing file /home/runner/work/key/key/key.core/../key.ui/examples/standard_key/strings/replace1.key 
109546     INFO  main            d.u.i.k.p.i.AbstractProblemLoader Loading environment from /home/runner/work/key/key/key.core/../key.ui/examples/standard_key/strings/replace1.key 
109546     DEBUG main            d.u.i.k.p.i.AbstractProblemLoader Environment load took 206ns 
109547     INFO  main            d.u.i.k.p.i.AbstractProblemLoader Creating init config 
112601     DEBUG main            d.u.i.k.p.i.AbstractProblemLoader Init config took 3.05s 
112620     INFO  main            d.u.i.k.p.i.AbstractProblemLoader Replaying proof replace1.key 
112623     DEBUG main            d.u.i.k.p.i.IntermediateProofReplayer Proof replay took 8.2ns 
112725     INFO  main            d.u.i.k.p.r.p.TestFile    ... finished proof: closed. 
112983     INFO  main            d.u.i.k.p.i.AbstractProblemLoader Loading environment from /home/runner/work/key/key/key.core/../key.ui/examples/standard_key/strings/replace1.key.proof 
112983     DEBUG main            d.u.i.k.p.i.AbstractProblemLoader Environment load took 128ns 
112985     INFO  main            d.u.i.k.p.i.AbstractProblemLoader Creating init config 
116064     DEBUG main            d.u.i.k.p.i.AbstractProblemLoader Init config took 3.08s 
116081     INFO  main            d.u.i.k.p.i.AbstractProblemLoader Replaying proof replace1.key.proof 
116092     DEBUG main            d.u.i.k.p.i.IntermediateProofReplayer Proof replay took 8.57ms 
116094     DEBUG main            d.u.i.k.p.r.p.TestFile    ... success: reloaded. 
116095     INFO  main            d.u.i.k.p.r.p.TestFile    Now processing file /home/runner/work/key/key/key.core/../key.ui/examples/standard_key/strings/simpleAssignment.key 
116096     INFO  main            d.u.i.k.p.i.AbstractProblemLoader Loading environment from /home/runner/work/key/key/key.core/../key.ui/examples/standard_key/strings/simpleAssignment.key 
116096     DEBUG main            d.u.i.k.p.i.AbstractProblemLoader Environment load took 130.2ns 
116097     INFO  main            d.u.i.k.p.i.AbstractProblemLoader Creating init config 
119192     DEBUG main            d.u.i.k.p.i.AbstractProblemLoader Init config took 3.1s 
119210     INFO  main            d.u.i.k.p.i.AbstractProblemLoader Replaying proof simpleAssignment.key 
119212     DEBUG main            d.u.i.k.p.i.IntermediateProofReplayer Proof replay took 28.4ns 
119314     INFO  main            d.u.i.k.p.r.p.TestFile    ... finished proof: closed. 
119608     INFO  main            d.u.i.k.p.i.AbstractProblemLoader Loading environment from /home/runner/work/key/key/key.core/../key.ui/examples/standard_key/strings/simpleAssignment.key.proof 
119608     DEBUG main            d.u.i.k.p.i.AbstractProblemLoader Environment load took 136.7ns 
119609     INFO  main            d.u.i.k.p.i.AbstractProblemLoader Creating init config 
122723     DEBUG main            d.u.i.k.p.i.AbstractProblemLoader Init config took 3.11s 
122742     INFO  main            d.u.i.k.p.i.AbstractProblemLoader Replaying proof simpleAssignment.key.proof 
122746     DEBUG main            d.u.i.k.p.i.IntermediateProofReplayer Proof replay took 1.73ms 
122747     DEBUG main            d.u.i.k.p.r.p.TestFile    ... success: reloaded. 
122748     INFO  main            d.u.i.k.p.r.p.TestFile    Now processing file /home/runner/work/key/key/key.core/../key.ui/examples/standard_key/strings/simpleLengthComp.key 
122748     INFO  main            d.u.i.k.p.i.AbstractProblemLoader Loading environment from /home/runner/work/key/key/key.core/../key.ui/examples/standard_key/strings/simpleLengthComp.key 
122749     DEBUG main            d.u.i.k.p.i.AbstractProblemLoader Environment load took 116.2ns 
122750     INFO  main            d.u.i.k.p.i.AbstractProblemLoader Creating init config 
125885     DEBUG main            d.u.i.k.p.i.AbstractProblemLoader Init config took 3.14s 
125926     INFO  main            d.u.i.k.p.i.AbstractProblemLoader Replaying proof simpleLengthComp.key 
125931     DEBUG main            d.u.i.k.p.i.IntermediateProofReplayer Proof replay took 9.9ns 
126136     INFO  main            d.u.i.k.p.r.p.TestFile    ... finished proof: closed. 
126430     INFO  main            d.u.i.k.p.i.AbstractProblemLoader Loading environment from /home/runner/work/key/key/key.core/../key.ui/examples/standard_key/strings/simpleLengthComp.key.proof 
126431     DEBUG main            d.u.i.k.p.i.AbstractProblemLoader Environment load took 509.4ns 
126433     INFO  main            d.u.i.k.p.i.AbstractProblemLoader Creating init config 
129499     DEBUG main            d.u.i.k.p.i.AbstractProblemLoader Init config took 3.07s 
129518     INFO  main            d.u.i.k.p.i.AbstractProblemLoader Replaying proof simpleLengthComp.key.proof 
129556     DEBUG main            d.u.i.k.p.i.IntermediateProofReplayer Proof replay took 35.51ms 
129558     DEBUG main            d.u.i.k.p.r.p.TestFile    ... success: reloaded. 
129559     INFO  main            d.u.i.k.p.r.p.TestFile    Now processing file /home/runner/work/key/key/key.core/../key.ui/examples/standard_key/strings/stringCompileTimeConstant1.key 
129560     INFO  main            d.u.i.k.p.i.AbstractProblemLoader Loading environment from /home/runner/work/key/key/key.core/../key.ui/examples/standard_key/strings/stringCompileTimeConstant1.key 
129560     DEBUG main            d.u.i.k.p.i.AbstractProblemLoader Environment load took 128.4ns 
129561     INFO  main            d.u.i.k.p.i.AbstractProblemLoader Creating init config 
132681     DEBUG main            d.u.i.k.p.i.AbstractProblemLoader Init config took 3.12s 
132702     INFO  main            d.u.i.k.p.i.AbstractProblemLoader Replaying proof stringCompileTimeConstant1.key 
132704     DEBUG main            d.u.i.k.p.i.IntermediateProofReplayer Proof replay took 7.6ns 
132807     INFO  main            d.u.i.k.p.r.p.TestFile    ... finished proof: closed. 
133090     INFO  main            d.u.i.k.p.i.AbstractProblemLoader Loading environment from /home/runner/work/key/key/key.core/../key.ui/examples/standard_key/strings/stringCompileTimeConstant1.key.proof 
133090     DEBUG main            d.u.i.k.p.i.AbstractProblemLoader Environment load took 134.8ns 
133092     INFO  main            d.u.i.k.p.i.AbstractProblemLoader Creating init config 
136139     DEBUG main            d.u.i.k.p.i.AbstractProblemLoader Init config took 3.05s 
136158     INFO  main            d.u.i.k.p.i.AbstractProblemLoader Replaying proof stringCompileTimeConstant1.key.proof 
136169     DEBUG main            d.u.i.k.p.i.IntermediateProofReplayer Proof replay took 4.35ms 
136170     DEBUG main            d.u.i.k.p.r.p.TestFile    ... success: reloaded. 
136171     INFO  main            d.u.i.k.p.r.p.TestFile    Now processing file /home/runner/work/key/key/key.core/../key.ui/examples/standard_key/strings/stringCompileTimeConstant2.key 
136171     INFO  main            d.u.i.k.p.i.AbstractProblemLoader Loading environment from /home/runner/work/key/key/key.core/../key.ui/examples/standard_key/strings/stringCompileTimeConstant2.key 
136171     DEBUG main            d.u.i.k.p.i.AbstractProblemLoader Environment load took 210.4ns 
136172     INFO  main            d.u.i.k.p.i.AbstractProblemLoader Creating init config 
139465     DEBUG main            d.u.i.k.p.i.AbstractProblemLoader Init config took 3.29s 
139486     INFO  main            d.u.i.k.p.i.AbstractProblemLoader Replaying proof stringCompileTimeConstant2.key 
139489     DEBUG main            d.u.i.k.p.i.IntermediateProofReplayer Proof replay took 17.8ns 
142949     INFO  main            d.u.i.k.p.r.p.TestFile    ... finished proof: closed. 
143264     INFO  main            d.u.i.k.p.i.AbstractProblemLoader Loading environment from /home/runner/work/key/key/key.core/../key.ui/examples/standard_key/strings/stringCompileTimeConstant2.key.proof 
143271     DEBUG main            d.u.i.k.p.i.AbstractProblemLoader Environment load took 6.36ms 
143273     INFO  main            d.u.i.k.p.i.AbstractProblemLoader Creating init config 
146517     DEBUG main            d.u.i.k.p.i.AbstractProblemLoader Init config took 3.24s 
146536     INFO  main            d.u.i.k.p.i.AbstractProblemLoader Replaying proof stringCompileTimeConstant2.key.proof 
146868     DEBUG main            d.u.i.k.p.i.IntermediateProofReplayer Proof replay took 315.57ms 
146879     DEBUG main            d.u.i.k.p.r.p.TestFile    ... success: reloaded. 
146880     INFO  main            d.u.i.k.p.r.p.TestFile    Now processing file /home/runner/work/key/key/key.core/../key.ui/examples/standard_key/strings/stringEquality1.key 
146880     INFO  main            d.u.i.k.p.i.AbstractProblemLoader Loading environment from /home/runner/work/key/key/key.core/../key.ui/examples/standard_key/strings/stringEquality1.key 
146881     DEBUG main            d.u.i.k.p.i.AbstractProblemLoader Environment load took 136.2ns 
146882     INFO  main            d.u.i.k.p.i.AbstractProblemLoader Creating init config 
150003     DEBUG main            d.u.i.k.p.i.AbstractProblemLoader Init config took 3.12s 
150020     INFO  main            d.u.i.k.p.i.AbstractProblemLoader Replaying proof stringEquality1.key 
150022     DEBUG main            d.u.i.k.p.i.IntermediateProofReplayer Proof replay took 7.4ns 
150124     INFO  main            d.u.i.k.p.r.p.TestFile    ... finished proof: closed. 
150474     INFO  main            d.u.i.k.p.i.AbstractProblemLoader Loading environment from /home/runner/work/key/key/key.core/../key.ui/examples/standard_key/strings/stringEquality1.key.proof 
150474     DEBUG main            d.u.i.k.p.i.AbstractProblemLoader Environment load took 208.3ns 
150476     INFO  main            d.u.i.k.p.i.AbstractProblemLoader Creating init config 
153451     DEBUG main            d.u.i.k.p.i.AbstractProblemLoader Init config took 2.98s 
153469     INFO  main            d.u.i.k.p.i.AbstractProblemLoader Replaying proof stringEquality1.key.proof 
153479     DEBUG main            d.u.i.k.p.i.IntermediateProofReplayer Proof replay took 6.88ms 
153480     DEBUG main            d.u.i.k.p.r.p.TestFile    ... success: reloaded. 
153481     INFO  main            d.u.i.k.p.r.p.TestFile    Now processing file /home/runner/work/key/key/key.core/../key.ui/examples/standard_key/strings/stringEquality2.key 
153482     INFO  main            d.u.i.k.p.i.AbstractProblemLoader Loading environment from /home/runner/work/key/key/key.core/../key.ui/examples/standard_key/strings/stringEquality2.key 
153482     DEBUG main            d.u.i.k.p.i.AbstractProblemLoader Environment load took 195.9ns 
153483     INFO  main            d.u.i.k.p.i.AbstractProblemLoader Creating init config 
156563     DEBUG main            d.u.i.k.p.i.AbstractProblemLoader Init config took 3.08s 
156580     INFO  main            d.u.i.k.p.i.AbstractProblemLoader Replaying proof stringEquality2.key 
156582     DEBUG main            d.u.i.k.p.i.IntermediateProofReplayer Proof replay took 7.7ns 
157086     INFO  main            d.u.i.k.p.r.p.TestFile    ... finished proof: closed. 
157425     INFO  main            d.u.i.k.p.i.AbstractProblemLoader Loading environment from /home/runner/work/key/key/key.core/../key.ui/examples/standard_key/strings/stringEquality2.key.proof 
157425     DEBUG main            d.u.i.k.p.i.AbstractProblemLoader Environment load took 454.3ns 
157427     INFO  main            d.u.i.k.p.i.AbstractProblemLoader Creating init config 
160539     DEBUG main            d.u.i.k.p.i.AbstractProblemLoader Init config took 3.11s 
160557     INFO  main            d.u.i.k.p.i.AbstractProblemLoader Replaying proof stringEquality2.key.proof 
160590     DEBUG main            d.u.i.k.p.i.IntermediateProofReplayer Proof replay took 26.7ms 
160591     DEBUG main            d.u.i.k.p.r.p.TestFile    ... success: reloaded. 
160592     INFO  main            d.u.i.k.p.r.p.TestFile    Now processing file /home/runner/work/key/key/key.core/../key.ui/examples/standard_key/strings/substring0.key 
160592     INFO  main            d.u.i.k.p.i.AbstractProblemLoader Loading environment from /home/runner/work/key/key/key.core/../key.ui/examples/standard_key/strings/substring0.key 
160592     DEBUG main            d.u.i.k.p.i.AbstractProblemLoader Environment load took 90.5ns 
160593     INFO  main            d.u.i.k.p.i.AbstractProblemLoader Creating init config 
163635     DEBUG main            d.u.i.k.p.i.AbstractProblemLoader Init config took 3.04s 
163650     INFO  main            d.u.i.k.p.i.AbstractProblemLoader Replaying proof substring0.key 
163652     DEBUG main            d.u.i.k.p.i.IntermediateProofReplayer Proof replay took 16.4ns 
163759     INFO  main            d.u.i.k.p.r.p.TestFile    ... finished proof: closed. 
164082     INFO  main            d.u.i.k.p.i.AbstractProblemLoader Loading environment from /home/runner/work/key/key/key.core/../key.ui/examples/standard_key/strings/substring0.key.proof 
164082     DEBUG main            d.u.i.k.p.i.AbstractProblemLoader Environment load took 192.6ns 
164084     INFO  main            d.u.i.k.p.i.AbstractProblemLoader Creating init config 
167107     DEBUG main            d.u.i.k.p.i.AbstractProblemLoader Init config took 3.02s 
167125     INFO  main            d.u.i.k.p.i.AbstractProblemLoader Replaying proof substring0.key.proof 
167127     DEBUG main            d.u.i.k.p.i.IntermediateProofReplayer Proof replay took 532.8ns 
167128     DEBUG main            d.u.i.k.p.r.p.TestFile    ... success: reloaded. 
167129     INFO  main            d.u.i.k.p.r.p.TestFile    Now processing file /home/runner/work/key/key/key.core/../key.ui/examples/standard_key/strings/substring1.key 
167129     INFO  main            d.u.i.k.p.i.AbstractProblemLoader Loading environment from /home/runner/work/key/key/key.core/../key.ui/examples/standard_key/strings/substring1.key 
167129     DEBUG main            d.u.i.k.p.i.AbstractProblemLoader Environment load took 156.8ns 
167131     INFO  main            d.u.i.k.p.i.AbstractProblemLoader Creating init config 
170190     DEBUG main            d.u.i.k.p.i.AbstractProblemLoader Init config took 3.06s 
170207     INFO  main            d.u.i.k.p.i.AbstractProblemLoader Replaying proof substring1.key 
170209     DEBUG main            d.u.i.k.p.i.IntermediateProofReplayer Proof replay took 7.3ns 
170312     INFO  main            d.u.i.k.p.r.p.TestFile    ... finished proof: closed. 
170627     INFO  main            d.u.i.k.p.i.AbstractProblemLoader Loading environment from /home/runner/work/key/key/key.core/../key.ui/examples/standard_key/strings/substring1.key.proof 
170627     DEBUG main            d.u.i.k.p.i.AbstractProblemLoader Environment load took 114.3ns 
170629     INFO  main            d.u.i.k.p.i.AbstractProblemLoader Creating init config 
173592     DEBUG main            d.u.i.k.p.i.AbstractProblemLoader Init config took 2.96s 
173609     INFO  main            d.u.i.k.p.i.AbstractProblemLoader Replaying proof substring1.key.proof 
173612     DEBUG main            d.u.i.k.p.i.IntermediateProofReplayer Proof replay took 547.7ns 
173612     DEBUG main            d.u.i.k.p.r.p.TestFile    ... success: reloaded. 
173613     INFO  main            d.u.i.k.p.r.p.TestFile    Now processing file /home/runner/work/key/key/key.core/../key.ui/examples/standard_key/strings/substring2.key 
173613     INFO  main            d.u.i.k.p.i.AbstractProblemLoader Loading environment from /home/runner/work/key/key/key.core/../key.ui/examples/standard_key/strings/substring2.key 
173613     DEBUG main            d.u.i.k.p.i.AbstractProblemLoader Environment load took 87.3ns 
173617     INFO  main            d.u.i.k.p.i.AbstractProblemLoader Creating init config 
176697     DEBUG main            d.u.i.k.p.i.AbstractProblemLoader Init config took 3.08s 
176713     INFO  main            d.u.i.k.p.i.AbstractProblemLoader Replaying proof substring2.key 
176715     DEBUG main            d.u.i.k.p.i.IntermediateProofReplayer Proof replay took 7.9ns 
176817     INFO  main            d.u.i.k.p.r.p.TestFile    ... finished proof: closed. 
177134     INFO  main            d.u.i.k.p.i.AbstractProblemLoader Loading environment from /home/runner/work/key/key/key.core/../key.ui/examples/standard_key/strings/substring2.key.proof 
177134     DEBUG main            d.u.i.k.p.i.AbstractProblemLoader Environment load took 112.7ns 
177135     INFO  main            d.u.i.k.p.i.AbstractProblemLoader Creating init config 
180098     DEBUG main            d.u.i.k.p.i.AbstractProblemLoader Init config took 2.96s 
180113     INFO  main            d.u.i.k.p.i.AbstractProblemLoader Replaying proof substring2.key.proof 
180117     DEBUG main            d.u.i.k.p.i.IntermediateProofReplayer Proof replay took 1.23ms 
180117     DEBUG main            d.u.i.k.p.r.p.TestFile    ... success: reloaded. 
180118     INFO  main            d.u.i.k.p.r.p.TestFile    Now processing file /home/runner/work/key/key/key.core/../key.ui/examples/standard_key/strings/substring3.key 
180118     INFO  main            d.u.i.k.p.i.AbstractProblemLoader Loading environment from /home/runner/work/key/key/key.core/../key.ui/examples/standard_key/strings/substring3.key 
180118     DEBUG main            d.u.i.k.p.i.AbstractProblemLoader Environment load took 77.5ns 
180124     INFO  main            d.u.i.k.p.i.AbstractProblemLoader Creating init config 
183332     DEBUG main            d.u.i.k.p.i.AbstractProblemLoader Init config took 3.21s 
183348     INFO  main            d.u.i.k.p.i.AbstractProblemLoader Replaying proof substring3.key 
183349     DEBUG main            d.u.i.k.p.i.IntermediateProofReplayer Proof replay took 7.6ns 
183451     INFO  main            d.u.i.k.p.r.p.TestFile    ... finished proof: closed. 
183772     INFO  main            d.u.i.k.p.i.AbstractProblemLoader Loading environment from /home/runner/work/key/key/key.core/../key.ui/examples/standard_key/strings/substring3.key.proof 
183773     DEBUG main            d.u.i.k.p.i.AbstractProblemLoader Environment load took 482ns 
183774     INFO  main            d.u.i.k.p.i.AbstractProblemLoader Creating init config 
186781     DEBUG main            d.u.i.k.p.i.AbstractProblemLoader Init config took 3.01s 
186797     INFO  main            d.u.i.k.p.i.AbstractProblemLoader Replaying proof substring3.key.proof 
186802     DEBUG main            d.u.i.k.p.i.IntermediateProofReplayer Proof replay took 2.56ms 
186803     DEBUG main            d.u.i.k.p.r.p.TestFile    ... success: reloaded. 
186804     INFO  main            d.u.i.k.p.r.p.TestFile    Now processing file /home/runner/work/key/key/key.core/../key.ui/examples/standard_key/strings/substring4.key 
186804     INFO  main            d.u.i.k.p.i.AbstractProblemLoader Loading environment from /home/runner/work/key/key/key.core/../key.ui/examples/standard_key/strings/substring4.key 
186804     DEBUG main            d.u.i.k.p.i.AbstractProblemLoader Environment load took 263.7ns 
186805     INFO  main            d.u.i.k.p.i.AbstractProblemLoader Creating init config 
189926     DEBUG main            d.u.i.k.p.i.AbstractProblemLoader Init config took 3.12s 
189944     INFO  main            d.u.i.k.p.i.AbstractProblemLoader Replaying proof substring4.key 
189945     DEBUG main            d.u.i.k.p.i.IntermediateProofReplayer Proof replay took 8.3ns 
190050     INFO  main            d.u.i.k.p.r.p.TestFile    ... finished proof: closed. 
190401     INFO  main            d.u.i.k.p.i.AbstractProblemLoader Loading environment from /home/runner/work/key/key/key.core/../key.ui/examples/standard_key/strings/substring4.key.proof 
190402     DEBUG main            d.u.i.k.p.i.AbstractProblemLoader Environment load took 128.7ns 
190403     INFO  main            d.u.i.k.p.i.AbstractProblemLoader Creating init config 
193399     DEBUG main            d.u.i.k.p.i.AbstractProblemLoader Init config took 3s 
193415     INFO  main            d.u.i.k.p.i.AbstractProblemLoader Replaying proof substring4.key.proof 
193421     DEBUG main            d.u.i.k.p.i.IntermediateProofReplayer Proof replay took 2.98ms 
193421     DEBUG main            d.u.i.k.p.r.p.TestFile    ... success: reloaded. 
193422     INFO  main            d.u.i.k.p.r.p.TestFile    Now processing file /home/runner/work/key/key/key.core/../key.ui/examples/standard_key/strings/substring5.key 
193422     INFO  main            d.u.i.k.p.i.AbstractProblemLoader Loading environment from /home/runner/work/key/key/key.core/../key.ui/examples/standard_key/strings/substring5.key 
193422     DEBUG main            d.u.i.k.p.i.AbstractProblemLoader Environment load took 79.3ns 
193424     INFO  main            d.u.i.k.p.i.AbstractProblemLoader Creating init config 
196498     DEBUG main            d.u.i.k.p.i.AbstractProblemLoader Init config took 3.07s 
196516     INFO  main            d.u.i.k.p.i.AbstractProblemLoader Replaying proof substring5.key 
196517     DEBUG main            d.u.i.k.p.i.IntermediateProofReplayer Proof replay took 8.3ns 
196821     INFO  main            d.u.i.k.p.r.p.TestFile    ... finished proof: closed. 
197256     INFO  main            d.u.i.k.p.i.AbstractProblemLoader Loading environment from /home/runner/work/key/key/key.core/../key.ui/examples/standard_key/strings/substring5.key.proof 
197257     DEBUG main            d.u.i.k.p.i.AbstractProblemLoader Environment load took 478.5ns 
197258     INFO  main            d.u.i.k.p.i.AbstractProblemLoader Creating init config 
200330     DEBUG main            d.u.i.k.p.i.AbstractProblemLoader Init config took 3.07s 
200348     INFO  main            d.u.i.k.p.i.AbstractProblemLoader Replaying proof substring5.key.proof 
200373     DEBUG main            d.u.i.k.p.i.IntermediateProofReplayer Proof replay took 21.07ms 
200375     DEBUG main            d.u.i.k.p.r.p.TestFile    ... success: reloaded. 
5098276    INFO  Test worker     d.u.i.k.p.r.RunAllProofsTestUnit Returning from test strings 
5098277    INFO  Test worker     d.u.i.k.p.r.RunAllProofsTestUnit Running test simple_info_flow 
481        INFO  Timeout watchdog d.u.i.k.p.r.p.ForkedTestFileRunner Timeout watcher launched (2000 secs.) 
512        WARN  main            d.u.i.k.s.ProofSettings   The settings in /home/runner/.key/proof-settings.props are *not* read. 
573        INFO  main            d.u.i.k.p.r.p.TestFile    Now processing file /home/runner/work/key/key/key.core/../key.ui/examples/heap/information_flow/UpdateAbstraction_ex7_1_insecure.key 
783        INFO  main            d.u.i.k.p.i.AbstractProblemLoader Loading environment from /home/runner/work/key/key/key.core/../key.ui/examples/heap/information_flow/UpdateAbstraction_ex7_1_insecure.key 
810        DEBUG main            d.u.i.k.p.i.AbstractProblemLoader Environment load took 3.45ms 
1099       INFO  main            d.u.i.k.p.i.AbstractProblemLoader Creating init config 
2324       DEBUG main            d.u.i.k.j.TypeConverter   No LDT found for Meta 
2328       DEBUG main            d.u.i.k.j.TypeConverter   No LDT found for Meta 
2333       DEBUG main            d.u.i.k.j.TypeConverter   No LDT found for Meta 
2333       DEBUG main            d.u.i.k.j.TypeConverter   No LDT found for Meta 
4246       DEBUG main            d.u.i.k.j.TypeConverter   No LDT found for JavaBigintExpression 
11435      DEBUG main            d.u.i.k.p.i.AbstractProblemLoader Init config took 10.34s 
11673      INFO  main            d.u.i.k.p.i.AbstractProblemLoader Replaying proof UpdateAbstraction[UpdateAbstraction::ex7_1_insecure()].JML operation contract.0 
11722      DEBUG main            d.u.i.k.p.i.IntermediateProofReplayer Proof replay took 62.9ns 
12525      INFO  main            d.u.i.k.p.r.p.TestFile    ... finished proof: open goal(s) 
12684      INFO  main            d.u.i.k.p.r.p.TestFile    Now processing file /home/runner/work/key/key/key.core/../key.ui/examples/heap/information_flow/UpdateAbstraction_ex7_2_insecure.key 
12686      INFO  main            d.u.i.k.p.i.AbstractProblemLoader Loading environment from /home/runner/work/key/key/key.core/../key.ui/examples/heap/information_flow/UpdateAbstraction_ex7_2_insecure.key 
12686      DEBUG main            d.u.i.k.p.i.AbstractProblemLoader Environment load took 143.8ns 
12689      INFO  main            d.u.i.k.p.i.AbstractProblemLoader Creating init config 
16640      DEBUG main            d.u.i.k.p.i.AbstractProblemLoader Init config took 3.95s 
16735      INFO  main            d.u.i.k.p.i.AbstractProblemLoader Replaying proof UpdateAbstraction[UpdateAbstraction::ex7_2_insecure()].JML operation contract.0 
16741      DEBUG main            d.u.i.k.p.i.IntermediateProofReplayer Proof replay took 8.1ns 
17152      INFO  main            d.u.i.k.p.r.p.TestFile    ... finished proof: open goal(s) 
5115823    INFO  Test worker     d.u.i.k.p.r.RunAllProofsTestUnit Returning from test simple_info_flow 
5115825    INFO  Test worker     d.u.i.k.p.r.RunAllProofsTestUnit Running test modelMethods 
495        INFO  Timeout watchdog d.u.i.k.p.r.p.ForkedTestFileRunner Timeout watcher launched (2000 secs.) 
537        WARN  main            d.u.i.k.s.ProofSettings   The settings in /home/runner/.key/proof-settings.props are *not* read. 
599        INFO  main            d.u.i.k.p.r.p.TestFile    Now processing file /home/runner/work/key/key/key.core/../key.ui/examples/heap/model_methods/Cell_footprint_acc.key 
816        INFO  main            d.u.i.k.p.i.AbstractProblemLoader Loading environment from /home/runner/work/key/key/key.core/../key.ui/examples/heap/model_methods/Cell_footprint_acc.key 
838        DEBUG main            d.u.i.k.p.i.AbstractProblemLoader Environment load took 3.19ms 
1144       INFO  main            d.u.i.k.p.i.AbstractProblemLoader Creating init config 
2386       DEBUG main            d.u.i.k.j.TypeConverter   No LDT found for Meta 
2387       DEBUG main            d.u.i.k.j.TypeConverter   No LDT found for Meta 
2389       DEBUG main            d.u.i.k.j.TypeConverter   No LDT found for Meta 
2389       DEBUG main            d.u.i.k.j.TypeConverter   No LDT found for Meta 
4372       DEBUG main            d.u.i.k.j.TypeConverter   No LDT found for JavaBigintExpression 
11021      DEBUG main            d.u.i.k.p.i.AbstractProblemLoader Init config took 9.88s 
11252      INFO  main            d.u.i.k.p.i.AbstractProblemLoader Replaying proof Cell[Cell::footprint()].JML accessible clause.0 
11300      DEBUG main            d.u.i.k.p.i.IntermediateProofReplayer Proof replay took 38ns 
11849      INFO  main            d.u.i.k.p.r.p.TestFile    ... finished proof: closed. 
12000      INFO  main            d.u.i.k.p.i.AbstractProblemLoader Loading environment from /home/runner/work/key/key/key.core/../key.ui/examples/heap/model_methods/Cell_footprint_acc.key.proof 
12000      DEBUG main            d.u.i.k.p.i.AbstractProblemLoader Environment load took 493.8ns 
12014      INFO  main            d.u.i.k.p.i.AbstractProblemLoader Creating init config 
15720      DEBUG main            d.u.i.k.p.i.AbstractProblemLoader Init config took 3.71s 
15823      INFO  main            d.u.i.k.p.i.AbstractProblemLoader Replaying proof Cell[Cell::footprint()].JML accessible clause.0 
15847      DEBUG main            d.u.i.k.p.i.IntermediateProofReplayer Proof replay took 18.2ms 
15855      DEBUG main            d.u.i.k.p.r.p.TestFile    ... success: reloaded. 
15857      INFO  main            d.u.i.k.p.r.p.TestFile    Now processing file /home/runner/work/key/key/key.core/../key.ui/examples/heap/model_methods/Cell_footprint.key 
15858      INFO  main            d.u.i.k.p.i.AbstractProblemLoader Loading environment from /home/runner/work/key/key/key.core/../key.ui/examples/heap/model_methods/Cell_footprint.key 
15858      DEBUG main            d.u.i.k.p.i.AbstractProblemLoader Environment load took 297.5ns 
15860      INFO  main            d.u.i.k.p.i.AbstractProblemLoader Creating init config 
19495      DEBUG main            d.u.i.k.p.i.AbstractProblemLoader Init config took 3.63s 
19586      INFO  main            d.u.i.k.p.i.AbstractProblemLoader Replaying proof Cell[Cell::footprint()].JML model_behavior operation contract.0 
19591      DEBUG main            d.u.i.k.p.i.IntermediateProofReplayer Proof replay took 7.8ns 
19694      INFO  main            d.u.i.k.p.r.p.TestFile    ... finished proof: closed. 
19873      INFO  main            d.u.i.k.p.i.AbstractProblemLoader Loading environment from /home/runner/work/key/key/key.core/../key.ui/examples/heap/model_methods/Cell_footprint.key.proof 
19874      DEBUG main            d.u.i.k.p.i.AbstractProblemLoader Environment load took 186.1ns 
19876      INFO  main            d.u.i.k.p.i.AbstractProblemLoader Creating init config 
23311      DEBUG main            d.u.i.k.p.i.AbstractProblemLoader Init config took 3.44s 
23392      INFO  main            d.u.i.k.p.i.AbstractProblemLoader Replaying proof Cell[Cell::footprint()].JML model_behavior operation contract.0 
23406      DEBUG main            d.u.i.k.p.i.IntermediateProofReplayer Proof replay took 10.94ms 
23408      DEBUG main            d.u.i.k.p.r.p.TestFile    ... success: reloaded. 
23409      INFO  main            d.u.i.k.p.r.p.TestFile    Now processing file /home/runner/work/key/key/key.core/../key.ui/examples/heap/model_methods/Cell_get_acc.key 
23410      INFO  main            d.u.i.k.p.i.AbstractProblemLoader Loading environment from /home/runner/work/key/key/key.core/../key.ui/examples/heap/model_methods/Cell_get_acc.key 
23410      DEBUG main            d.u.i.k.p.i.AbstractProblemLoader Environment load took 229.2ns 
23412      INFO  main            d.u.i.k.p.i.AbstractProblemLoader Creating init config 
26820      DEBUG main            d.u.i.k.p.i.AbstractProblemLoader Init config took 3.41s 
26891      INFO  main            d.u.i.k.p.i.AbstractProblemLoader Replaying proof Cell[Cell::get()].JML accessible clause.0 
26893      DEBUG main            d.u.i.k.p.i.IntermediateProofReplayer Proof replay took 6.7ns 
27205      INFO  main            d.u.i.k.p.r.p.TestFile    ... finished proof: closed. 
27394      INFO  main            d.u.i.k.p.i.AbstractProblemLoader Loading environment from /home/runner/work/key/key/key.core/../key.ui/examples/heap/model_methods/Cell_get_acc.key.proof 
27395      DEBUG main            d.u.i.k.p.i.AbstractProblemLoader Environment load took 1.32ms 
27400      INFO  main            d.u.i.k.p.i.AbstractProblemLoader Creating init config 
30715      DEBUG main            d.u.i.k.p.i.AbstractProblemLoader Init config took 3.32s 
30802      INFO  main            d.u.i.k.p.i.AbstractProblemLoader Replaying proof Cell[Cell::get()].JML accessible clause.0 
30845      DEBUG main            d.u.i.k.p.i.IntermediateProofReplayer Proof replay took 39.44ms 
30847      DEBUG main            d.u.i.k.p.r.p.TestFile    ... success: reloaded. 
30848      INFO  main            d.u.i.k.p.r.p.TestFile    Now processing file /home/runner/work/key/key/key.core/../key.ui/examples/heap/model_methods/Cell_get.key 
30849      INFO  main            d.u.i.k.p.i.AbstractProblemLoader Loading environment from /home/runner/work/key/key/key.core/../key.ui/examples/heap/model_methods/Cell_get.key 
30849      DEBUG main            d.u.i.k.p.i.AbstractProblemLoader Environment load took 249.3ns 
30850      INFO  main            d.u.i.k.p.i.AbstractProblemLoader Creating init config 
34256      DEBUG main            d.u.i.k.p.i.AbstractProblemLoader Init config took 3.41s 
34320      INFO  main            d.u.i.k.p.i.AbstractProblemLoader Replaying proof Cell[Cell::get()].JML operation contract.0 
34323      DEBUG main            d.u.i.k.p.i.IntermediateProofReplayer Proof replay took 6.3ns 
34428      INFO  main            d.u.i.k.p.r.p.TestFile    ... finished proof: closed. 
34618      INFO  main            d.u.i.k.p.i.AbstractProblemLoader Loading environment from /home/runner/work/key/key/key.core/../key.ui/examples/heap/model_methods/Cell_get.key.proof 
34618      DEBUG main            d.u.i.k.p.i.AbstractProblemLoader Environment load took 159.7ns 
34619      INFO  main            d.u.i.k.p.i.AbstractProblemLoader Creating init config 
37822      DEBUG main            d.u.i.k.p.i.AbstractProblemLoader Init config took 3.2s 
37883      INFO  main            d.u.i.k.p.i.AbstractProblemLoader Replaying proof Cell[Cell::get()].JML operation contract.0 
37906      DEBUG main            d.u.i.k.p.i.IntermediateProofReplayer Proof replay took 19.21ms 
37907      DEBUG main            d.u.i.k.p.r.p.TestFile    ... success: reloaded. 
37908      INFO  main            d.u.i.k.p.r.p.TestFile    Now processing file /home/runner/work/key/key/key.core/../key.ui/examples/heap/model_methods/Cell_post_set.key 
37909      INFO  main            d.u.i.k.p.i.AbstractProblemLoader Loading environment from /home/runner/work/key/key/key.core/../key.ui/examples/heap/model_methods/Cell_post_set.key 
37909      DEBUG main            d.u.i.k.p.i.AbstractProblemLoader Environment load took 241.3ns 
37910      INFO  main            d.u.i.k.p.i.AbstractProblemLoader Creating init config 
41233      DEBUG main            d.u.i.k.p.i.AbstractProblemLoader Init config took 3.32s 
41306      INFO  main            d.u.i.k.p.i.AbstractProblemLoader Replaying proof Cell[Cell::post_set(int)].JML model_behavior operation contract.0 
41313      DEBUG main            d.u.i.k.p.i.IntermediateProofReplayer Proof replay took 19.8ns 
41420      INFO  main            d.u.i.k.p.r.p.TestFile    ... finished proof: closed. 
41627      INFO  main            d.u.i.k.p.i.AbstractProblemLoader Loading environment from /home/runner/work/key/key/key.core/../key.ui/examples/heap/model_methods/Cell_post_set.key.proof 
41628      DEBUG main            d.u.i.k.p.i.AbstractProblemLoader Environment load took 229.8ns 
41629      INFO  main            d.u.i.k.p.i.AbstractProblemLoader Creating init config 
44940      DEBUG main            d.u.i.k.p.i.AbstractProblemLoader Init config took 3.31s 
45038      INFO  main            d.u.i.k.p.i.AbstractProblemLoader Replaying proof Cell[Cell::post_set(int)].JML model_behavior operation contract.0 
45048      DEBUG main            d.u.i.k.p.i.IntermediateProofReplayer Proof replay took 7.43ms 
45049      DEBUG main            d.u.i.k.p.r.p.TestFile    ... success: reloaded. 
45050      INFO  main            d.u.i.k.p.r.p.TestFile    Now processing file /home/runner/work/key/key/key.core/../key.ui/examples/heap/model_methods/Cell_set.key 
45051      INFO  main            d.u.i.k.p.i.AbstractProblemLoader Loading environment from /home/runner/work/key/key/key.core/../key.ui/examples/heap/model_methods/Cell_set.key 
45051      DEBUG main            d.u.i.k.p.i.AbstractProblemLoader Environment load took 278.3ns 
45052      INFO  main            d.u.i.k.p.i.AbstractProblemLoader Creating init config 
48439      DEBUG main            d.u.i.k.p.i.AbstractProblemLoader Init config took 3.39s 
48496      INFO  main            d.u.i.k.p.i.AbstractProblemLoader Replaying proof Cell[Cell::set(int)].JML operation contract.0 
48498      DEBUG main            d.u.i.k.p.i.IntermediateProofReplayer Proof replay took 8.3ns 
56574      INFO  main            d.u.i.k.p.r.p.TestFile    ... finished proof: closed. 
56861      INFO  main            d.u.i.k.p.i.AbstractProblemLoader Loading environment from /home/runner/work/key/key/key.core/../key.ui/examples/heap/model_methods/Cell_set.key.proof 
56861      DEBUG main            d.u.i.k.p.i.AbstractProblemLoader Environment load took 450.2ns 
56863      INFO  main            d.u.i.k.p.i.AbstractProblemLoader Creating init config 
60213      DEBUG main            d.u.i.k.p.i.AbstractProblemLoader Init config took 3.35s 
60282      INFO  main            d.u.i.k.p.i.AbstractProblemLoader Replaying proof Cell[Cell::set(int)].JML operation contract.0 
60952      DEBUG main            d.u.i.k.p.i.IntermediateProofReplayer Proof replay took 647.03ms 
60954      DEBUG main            d.u.i.k.p.r.p.TestFile    ... success: reloaded. 
60955      INFO  main            d.u.i.k.p.r.p.TestFile    Now processing file /home/runner/work/key/key/key.core/../key.ui/examples/heap/model_methods/CellTest_callSet.key 
60956      INFO  main            d.u.i.k.p.i.AbstractProblemLoader Loading environment from /home/runner/work/key/key/key.core/../key.ui/examples/heap/model_methods/CellTest_callSet.key 
60956      DEBUG main            d.u.i.k.p.i.AbstractProblemLoader Environment load took 320.2ns 
60957      INFO  main            d.u.i.k.p.i.AbstractProblemLoader Creating init config 
64343      DEBUG main            d.u.i.k.p.i.AbstractProblemLoader Init config took 3.39s 
64402      INFO  main            d.u.i.k.p.i.AbstractProblemLoader Replaying proof CellTest[CellTest::callSet(Cell,int)].JML operation contract.0 
64404      DEBUG main            d.u.i.k.p.i.IntermediateProofReplayer Proof replay took 8.1ns 
64607      INFO  main            d.u.i.k.p.r.p.TestFile    ... finished proof: closed. 
64833      INFO  main            d.u.i.k.p.i.AbstractProblemLoader Loading environment from /home/runner/work/key/key/key.core/../key.ui/examples/heap/model_methods/CellTest_callSet.key.proof 
64834      DEBUG main            d.u.i.k.p.i.AbstractProblemLoader Environment load took 844.21ns 
64836      INFO  main            d.u.i.k.p.i.AbstractProblemLoader Creating init config 
68184      DEBUG main            d.u.i.k.p.i.AbstractProblemLoader Init config took 3.35s 
68251      INFO  main            d.u.i.k.p.i.AbstractProblemLoader Replaying proof CellTest[CellTest::callSet(Cell,int)].JML operation contract.0 
68317      DEBUG main            d.u.i.k.p.i.IntermediateProofReplayer Proof replay took 60.23ms 
68320      DEBUG main            d.u.i.k.p.r.p.TestFile    ... success: reloaded. 
68321      INFO  main            d.u.i.k.p.r.p.TestFile    Now processing file /home/runner/work/key/key/key.core/../key.ui/examples/heap/model_methods/CellTest_test2.key 
68322      INFO  main            d.u.i.k.p.i.AbstractProblemLoader Loading environment from /home/runner/work/key/key/key.core/../key.ui/examples/heap/model_methods/CellTest_test2.key 
68322      DEBUG main            d.u.i.k.p.i.AbstractProblemLoader Environment load took 135.9ns 
68323      INFO  main            d.u.i.k.p.i.AbstractProblemLoader Creating init config 
71727      DEBUG main            d.u.i.k.p.i.AbstractProblemLoader Init config took 3.4s 
71785      INFO  main            d.u.i.k.p.i.AbstractProblemLoader Replaying proof CellTest[CellTest::test2(Cell)].JML operation contract.0 
71787      DEBUG main            d.u.i.k.p.i.IntermediateProofReplayer Proof replay took 7.6ns 
72193      INFO  main            d.u.i.k.p.r.p.TestFile    ... finished proof: closed. 
72491      INFO  main            d.u.i.k.p.i.AbstractProblemLoader Loading environment from /home/runner/work/key/key/key.core/../key.ui/examples/heap/model_methods/CellTest_test2.key.proof 
72491      DEBUG main            d.u.i.k.p.i.AbstractProblemLoader Environment load took 566.8ns 
72493      INFO  main            d.u.i.k.p.i.AbstractProblemLoader Creating init config 
75767      DEBUG main            d.u.i.k.p.i.AbstractProblemLoader Init config took 3.27s 
75822      INFO  main            d.u.i.k.p.i.AbstractProblemLoader Replaying proof CellTest[CellTest::test2(Cell)].JML operation contract.0 
75926      DEBUG main            d.u.i.k.p.i.IntermediateProofReplayer Proof replay took 100.42ms 
75928      DEBUG main            d.u.i.k.p.r.p.TestFile    ... success: reloaded. 
75931      INFO  main            d.u.i.k.p.r.p.TestFile    Now processing file /home/runner/work/key/key/key.core/../key.ui/examples/heap/model_methods/CellTest_test.key 
75933      INFO  main            d.u.i.k.p.i.AbstractProblemLoader Loading environment from /home/runner/work/key/key/key.core/../key.ui/examples/heap/model_methods/CellTest_test.key 
75934      DEBUG main            d.u.i.k.p.i.AbstractProblemLoader Environment load took 270ns 
75935      INFO  main            d.u.i.k.p.i.AbstractProblemLoader Creating init config 
79241      DEBUG main            d.u.i.k.p.i.AbstractProblemLoader Init config took 3.31s 
79318      INFO  main            d.u.i.k.p.i.AbstractProblemLoader Replaying proof CellTest[CellTest::test(Recell)].JML operation contract.0 
79320      DEBUG main            d.u.i.k.p.i.IntermediateProofReplayer Proof replay took 7.9ns 
81730      INFO  main            d.u.i.k.p.r.p.TestFile    ... finished proof: closed. 
82038      INFO  main            d.u.i.k.p.i.AbstractProblemLoader Loading environment from /home/runner/work/key/key/key.core/../key.ui/examples/heap/model_methods/CellTest_test.key.proof 
82039      DEBUG main            d.u.i.k.p.i.AbstractProblemLoader Environment load took 1.16ms 
82041      INFO  main            d.u.i.k.p.i.AbstractProblemLoader Creating init config 
85340      DEBUG main            d.u.i.k.p.i.AbstractProblemLoader Init config took 3.3s 
85394      INFO  main            d.u.i.k.p.i.AbstractProblemLoader Replaying proof CellTest[CellTest::test(Recell)].JML operation contract.0 
85949      DEBUG main            d.u.i.k.p.i.IntermediateProofReplayer Proof replay took 537.3ms 
85951      DEBUG main            d.u.i.k.p.r.p.TestFile    ... success: reloaded. 
85953      INFO  main            d.u.i.k.p.r.p.TestFile    Now processing file /home/runner/work/key/key/key.core/../key.ui/examples/heap/model_methods/Coll1_add.key 
85953      INFO  main            d.u.i.k.p.i.AbstractProblemLoader Loading environment from /home/runner/work/key/key/key.core/../key.ui/examples/heap/model_methods/Coll1_add.key 
85953      DEBUG main            d.u.i.k.p.i.AbstractProblemLoader Environment load took 123.1ns 
85954      INFO  main            d.u.i.k.p.i.AbstractProblemLoader Creating init config 
89322      DEBUG main            d.u.i.k.p.i.AbstractProblemLoader Init config took 3.37s 
89374      INFO  main            d.u.i.k.p.i.AbstractProblemLoader Replaying proof Coll1[Coll::add(int)].JML operation contract.0 
89376      DEBUG main            d.u.i.k.p.i.IntermediateProofReplayer Proof replay took 6.8ns 
89481      INFO  main            d.u.i.k.p.r.p.TestFile    ... finished proof: closed. 
89723      INFO  main            d.u.i.k.p.i.AbstractProblemLoader Loading environment from /home/runner/work/key/key/key.core/../key.ui/examples/heap/model_methods/Coll1_add.key.proof 
89723      DEBUG main            d.u.i.k.p.i.AbstractProblemLoader Environment load took 153.6ns 
89724      INFO  main            d.u.i.k.p.i.AbstractProblemLoader Creating init config 
92924      DEBUG main            d.u.i.k.p.i.AbstractProblemLoader Init config took 3.2s 
92973      INFO  main            d.u.i.k.p.i.AbstractProblemLoader Replaying proof Coll1[Coll::add(int)].JML operation contract.0 
92984      DEBUG main            d.u.i.k.p.i.IntermediateProofReplayer Proof replay took 8.38ms 
92985      DEBUG main            d.u.i.k.p.r.p.TestFile    ... success: reloaded. 
92986      INFO  main            d.u.i.k.p.r.p.TestFile    Now processing file /home/runner/work/key/key/key.core/../key.ui/examples/heap/model_methods/Coll1_Coll1_add_pre.key 
92986      INFO  main            d.u.i.k.p.i.AbstractProblemLoader Loading environment from /home/runner/work/key/key/key.core/../key.ui/examples/heap/model_methods/Coll1_Coll1_add_pre.key 
92987      DEBUG main            d.u.i.k.p.i.AbstractProblemLoader Environment load took 126.9ns 
92988      INFO  main            d.u.i.k.p.i.AbstractProblemLoader Creating init config 
96225      DEBUG main            d.u.i.k.p.i.AbstractProblemLoader Init config took 3.24s 
96284      INFO  main            d.u.i.k.p.i.AbstractProblemLoader Replaying proof Coll1[Coll1::add_pre(int)].JML model_behavior operation contract.0 
96287      DEBUG main            d.u.i.k.p.i.IntermediateProofReplayer Proof replay took 8ns 
96391      INFO  main            d.u.i.k.p.r.p.TestFile    ... finished proof: closed. 
96711      INFO  main            d.u.i.k.p.i.AbstractProblemLoader Loading environment from /home/runner/work/key/key/key.core/../key.ui/examples/heap/model_methods/Coll1_Coll1_add_pre.key.proof 
96711      DEBUG main            d.u.i.k.p.i.AbstractProblemLoader Environment load took 131ns 
96712      INFO  main            d.u.i.k.p.i.AbstractProblemLoader Creating init config 
99875      DEBUG main            d.u.i.k.p.i.AbstractProblemLoader Init config took 3.16s 
99925      INFO  main            d.u.i.k.p.i.AbstractProblemLoader Replaying proof Coll1[Coll1::add_pre(int)].JML model_behavior operation contract.0 
99929      DEBUG main            d.u.i.k.p.i.IntermediateProofReplayer Proof replay took 2.14ms 
99930      DEBUG main            d.u.i.k.p.r.p.TestFile    ... success: reloaded. 
99931      INFO  main            d.u.i.k.p.r.p.TestFile    Now processing file /home/runner/work/key/key/key.core/../key.ui/examples/heap/model_methods/Coll1_Coll_add_pre.key 
99931      INFO  main            d.u.i.k.p.i.AbstractProblemLoader Loading environment from /home/runner/work/key/key/key.core/../key.ui/examples/heap/model_methods/Coll1_Coll_add_pre.key 
99931      DEBUG main            d.u.i.k.p.i.AbstractProblemLoader Environment load took 71.2ns 
99933      INFO  main            d.u.i.k.p.i.AbstractProblemLoader Creating init config 
103165     DEBUG main            d.u.i.k.p.i.AbstractProblemLoader Init config took 3.23s 
103215     INFO  main            d.u.i.k.p.i.AbstractProblemLoader Replaying proof Coll1[Coll::add_pre(int)].JML model_behavior operation contract.0 
103217     DEBUG main            d.u.i.k.p.i.IntermediateProofReplayer Proof replay took 6.6ns 
103319     INFO  main            d.u.i.k.p.r.p.TestFile    ... finished proof: closed. 
103588     INFO  main            d.u.i.k.p.i.AbstractProblemLoader Loading environment from /home/runner/work/key/key/key.core/../key.ui/examples/heap/model_methods/Coll1_Coll_add_pre.key.proof 
103588     DEBUG main            d.u.i.k.p.i.AbstractProblemLoader Environment load took 137.5ns 
103589     INFO  main            d.u.i.k.p.i.AbstractProblemLoader Creating init config 
106684     DEBUG main            d.u.i.k.p.i.AbstractProblemLoader Init config took 3.09s 
106733     INFO  main            d.u.i.k.p.i.AbstractProblemLoader Replaying proof Coll1[Coll::add_pre(int)].JML model_behavior operation contract.0 
106738     DEBUG main            d.u.i.k.p.i.IntermediateProofReplayer Proof replay took 2.94ms 
106740     DEBUG main            d.u.i.k.p.r.p.TestFile    ... success: reloaded. 
106741     INFO  main            d.u.i.k.p.r.p.TestFile    Now processing file /home/runner/work/key/key/key.core/../key.ui/examples/heap/model_methods/Coll2_add.key 
106741     INFO  main            d.u.i.k.p.i.AbstractProblemLoader Loading environment from /home/runner/work/key/key/key.core/../key.ui/examples/heap/model_methods/Coll2_add.key 
106741     DEBUG main            d.u.i.k.p.i.AbstractProblemLoader Environment load took 137.9ns 
106743     INFO  main            d.u.i.k.p.i.AbstractProblemLoader Creating init config 
110050     DEBUG main            d.u.i.k.p.i.AbstractProblemLoader Init config took 3.31s 
110101     INFO  main            d.u.i.k.p.i.AbstractProblemLoader Replaying proof Coll2[Coll::add(int)].JML operation contract.0 
110104     DEBUG main            d.u.i.k.p.i.IntermediateProofReplayer Proof replay took 6.5ns 
110206     INFO  main            d.u.i.k.p.r.p.TestFile    ... finished proof: closed. 
110477     INFO  main            d.u.i.k.p.i.AbstractProblemLoader Loading environment from /home/runner/work/key/key/key.core/../key.ui/examples/heap/model_methods/Coll2_add.key.proof 
110477     DEBUG main            d.u.i.k.p.i.AbstractProblemLoader Environment load took 174ns 
110478     INFO  main            d.u.i.k.p.i.AbstractProblemLoader Creating init config 
113615     DEBUG main            d.u.i.k.p.i.AbstractProblemLoader Init config took 3.14s 
113662     INFO  main            d.u.i.k.p.i.AbstractProblemLoader Replaying proof Coll2[Coll::add(int)].JML operation contract.0 
113672     DEBUG main            d.u.i.k.p.i.IntermediateProofReplayer Proof replay took 7.46ms 
113673     DEBUG main            d.u.i.k.p.r.p.TestFile    ... success: reloaded. 
113674     INFO  main            d.u.i.k.p.r.p.TestFile    Now processing file /home/runner/work/key/key/key.core/../key.ui/examples/heap/model_methods/Coll2_Coll2_add_pre.key 
113675     INFO  main            d.u.i.k.p.i.AbstractProblemLoader Loading environment from /home/runner/work/key/key/key.core/../key.ui/examples/heap/model_methods/Coll2_Coll2_add_pre.key 
113675     DEBUG main            d.u.i.k.p.i.AbstractProblemLoader Environment load took 113.7ns 
113676     INFO  main            d.u.i.k.p.i.AbstractProblemLoader Creating init config 
116856     DEBUG main            d.u.i.k.p.i.AbstractProblemLoader Init config took 3.18s 
116903     INFO  main            d.u.i.k.p.i.AbstractProblemLoader Replaying proof Coll2[Coll2::add_pre(int)].JML model_behavior operation contract.0 
116905     DEBUG main            d.u.i.k.p.i.IntermediateProofReplayer Proof replay took 6.8ns 
117007     INFO  main            d.u.i.k.p.r.p.TestFile    ... finished proof: closed. 
117287     INFO  main            d.u.i.k.p.i.AbstractProblemLoader Loading environment from /home/runner/work/key/key/key.core/../key.ui/examples/heap/model_methods/Coll2_Coll2_add_pre.key.proof 
117287     DEBUG main            d.u.i.k.p.i.AbstractProblemLoader Environment load took 145.3ns 
117288     INFO  main            d.u.i.k.p.i.AbstractProblemLoader Creating init config 
120398     DEBUG main            d.u.i.k.p.i.AbstractProblemLoader Init config took 3.11s 
120446     INFO  main            d.u.i.k.p.i.AbstractProblemLoader Replaying proof Coll2[Coll2::add_pre(int)].JML model_behavior operation contract.0 
120450     DEBUG main            d.u.i.k.p.i.IntermediateProofReplayer Proof replay took 2.16ms 
120451     DEBUG main            d.u.i.k.p.r.p.TestFile    ... success: reloaded. 
120455     INFO  main            d.u.i.k.p.r.p.TestFile    Now processing file /home/runner/work/key/key/key.core/../key.ui/examples/heap/model_methods/Coll2_Coll_add_pre.key 
120455     INFO  main            d.u.i.k.p.i.AbstractProblemLoader Loading environment from /home/runner/work/key/key/key.core/../key.ui/examples/heap/model_methods/Coll2_Coll_add_pre.key 
120455     DEBUG main            d.u.i.k.p.i.AbstractProblemLoader Environment load took 139.3ns 
120456     INFO  main            d.u.i.k.p.i.AbstractProblemLoader Creating init config 
123753     DEBUG main            d.u.i.k.p.i.AbstractProblemLoader Init config took 3.3s 
123802     INFO  main            d.u.i.k.p.i.AbstractProblemLoader Replaying proof Coll2[Coll::add_pre(int)].JML model_behavior operation contract.0 
123804     DEBUG main            d.u.i.k.p.i.IntermediateProofReplayer Proof replay took 7.9ns 
123908     INFO  main            d.u.i.k.p.r.p.TestFile    ... finished proof: closed. 
124194     INFO  main            d.u.i.k.p.i.AbstractProblemLoader Loading environment from /home/runner/work/key/key/key.core/../key.ui/examples/heap/model_methods/Coll2_Coll_add_pre.key.proof 
124194     DEBUG main            d.u.i.k.p.i.AbstractProblemLoader Environment load took 131.4ns 
124196     INFO  main            d.u.i.k.p.i.AbstractProblemLoader Creating init config 
127292     DEBUG main            d.u.i.k.p.i.AbstractProblemLoader Init config took 3.1s 
127342     INFO  main            d.u.i.k.p.i.AbstractProblemLoader Replaying proof Coll2[Coll::add_pre(int)].JML model_behavior operation contract.0 
127347     DEBUG main            d.u.i.k.p.i.IntermediateProofReplayer Proof replay took 2.88ms 
127348     DEBUG main            d.u.i.k.p.r.p.TestFile    ... success: reloaded. 
127349     INFO  main            d.u.i.k.p.r.p.TestFile    Now processing file /home/runner/work/key/key/key.core/../key.ui/examples/heap/model_methods/Coll_add.key 
127350     INFO  main            d.u.i.k.p.i.AbstractProblemLoader Loading environment from /home/runner/work/key/key/key.core/../key.ui/examples/heap/model_methods/Coll_add.key 
127350     DEBUG main            d.u.i.k.p.i.AbstractProblemLoader Environment load took 176.9ns 
127351     INFO  main            d.u.i.k.p.i.AbstractProblemLoader Creating init config 
130577     DEBUG main            d.u.i.k.p.i.AbstractProblemLoader Init config took 3.23s 
130624     INFO  main            d.u.i.k.p.i.AbstractProblemLoader Replaying proof Coll[Coll::add(int)].JML operation contract.0 
130626     DEBUG main            d.u.i.k.p.i.IntermediateProofReplayer Proof replay took 7.6ns 
130732     INFO  main            d.u.i.k.p.r.p.TestFile    ... finished proof: closed. 
131023     INFO  main            d.u.i.k.p.i.AbstractProblemLoader Loading environment from /home/runner/work/key/key/key.core/../key.ui/examples/heap/model_methods/Coll_add.key.proof 
131023     DEBUG main            d.u.i.k.p.i.AbstractProblemLoader Environment load took 151ns 
131024     INFO  main            d.u.i.k.p.i.AbstractProblemLoader Creating init config 
134166     DEBUG main            d.u.i.k.p.i.AbstractProblemLoader Init config took 3.14s 
134216     INFO  main            d.u.i.k.p.i.AbstractProblemLoader Replaying proof Coll[Coll::add(int)].JML operation contract.0 
134220     DEBUG main            d.u.i.k.p.i.IntermediateProofReplayer Proof replay took 2.84ms 
134222     DEBUG main            d.u.i.k.p.r.p.TestFile    ... success: reloaded. 
134223     INFO  main            d.u.i.k.p.r.p.TestFile    Now processing file /home/runner/work/key/key/key.core/../key.ui/examples/heap/model_methods/Coll_add_pre.key 
134223     INFO  main            d.u.i.k.p.i.AbstractProblemLoader Loading environment from /home/runner/work/key/key/key.core/../key.ui/examples/heap/model_methods/Coll_add_pre.key 
134223     DEBUG main            d.u.i.k.p.i.AbstractProblemLoader Environment load took 159ns 
134224     INFO  main            d.u.i.k.p.i.AbstractProblemLoader Creating init config 
137407     DEBUG main            d.u.i.k.p.i.AbstractProblemLoader Init config took 3.18s 
137454     INFO  main            d.u.i.k.p.i.AbstractProblemLoader Replaying proof Coll[Coll::add_pre(int)].JML model_behavior operation contract.0 
137457     DEBUG main            d.u.i.k.p.i.IntermediateProofReplayer Proof replay took 28.5ns 
137559     INFO  main            d.u.i.k.p.r.p.TestFile    ... finished proof: closed. 
137846     INFO  main            d.u.i.k.p.i.AbstractProblemLoader Loading environment from /home/runner/work/key/key/key.core/../key.ui/examples/heap/model_methods/Coll_add_pre.key.proof 
137847     DEBUG main            d.u.i.k.p.i.AbstractProblemLoader Environment load took 191.6ns 
137848     INFO  main            d.u.i.k.p.i.AbstractProblemLoader Creating init config 
140925     DEBUG main            d.u.i.k.p.i.AbstractProblemLoader Init config took 3.08s 
140973     INFO  main            d.u.i.k.p.i.AbstractProblemLoader Replaying proof Coll[Coll::add_pre(int)].JML model_behavior operation contract.0 
140979     DEBUG main            d.u.i.k.p.i.IntermediateProofReplayer Proof replay took 3.5ms 
140980     DEBUG main            d.u.i.k.p.r.p.TestFile    ... success: reloaded. 
140982     INFO  main            d.u.i.k.p.r.p.TestFile    Now processing file /home/runner/work/key/key/key.core/../key.ui/examples/heap/model_methods/Indirect_callAdd.key 
140982     INFO  main            d.u.i.k.p.i.AbstractProblemLoader Loading environment from /home/runner/work/key/key/key.core/../key.ui/examples/heap/model_methods/Indirect_callAdd.key 
140982     DEBUG main            d.u.i.k.p.i.AbstractProblemLoader Environment load took 140.5ns 
140983     INFO  main            d.u.i.k.p.i.AbstractProblemLoader Creating init config 
144171     DEBUG main            d.u.i.k.p.i.AbstractProblemLoader Init config took 3.19s 
144218     INFO  main            d.u.i.k.p.i.AbstractProblemLoader Replaying proof Indirect[Indirect::callAdd(Coll,int)].JML operation contract.0 
144220     DEBUG main            d.u.i.k.p.i.IntermediateProofReplayer Proof replay took 6.5ns 
144422     INFO  main            d.u.i.k.p.r.p.TestFile    ... finished proof: closed. 
144733     INFO  main            d.u.i.k.p.i.AbstractProblemLoader Loading environment from /home/runner/work/key/key/key.core/../key.ui/examples/heap/model_methods/Indirect_callAdd.key.proof 
144733     DEBUG main            d.u.i.k.p.i.AbstractProblemLoader Environment load took 154.7ns 
144736     INFO  main            d.u.i.k.p.i.AbstractProblemLoader Creating init config 
147833     DEBUG main            d.u.i.k.p.i.AbstractProblemLoader Init config took 3.1s 
147902     INFO  main            d.u.i.k.p.i.AbstractProblemLoader Replaying proof Indirect[Indirect::callAdd(Coll,int)].JML operation contract.0 
147933     DEBUG main            d.u.i.k.p.i.IntermediateProofReplayer Proof replay took 29.02ms 
147934     DEBUG main            d.u.i.k.p.r.p.TestFile    ... success: reloaded. 
147935     INFO  main            d.u.i.k.p.r.p.TestFile    Now processing file /home/runner/work/key/key/key.core/../key.ui/examples/heap/model_methods/Indirect_test.key 
147936     INFO  main            d.u.i.k.p.i.AbstractProblemLoader Loading environment from /home/runner/work/key/key/key.core/../key.ui/examples/heap/model_methods/Indirect_test.key 
147936     DEBUG main            d.u.i.k.p.i.AbstractProblemLoader Environment load took 134.4ns 
147937     INFO  main            d.u.i.k.p.i.AbstractProblemLoader Creating init config 
151157     DEBUG main            d.u.i.k.p.i.AbstractProblemLoader Init config took 3.22s 
151205     INFO  main            d.u.i.k.p.i.AbstractProblemLoader Replaying proof Indirect[Indirect::test(Coll1,Coll2)].JML operation contract.0 
151207     DEBUG main            d.u.i.k.p.i.IntermediateProofReplayer Proof replay took 7.3ns 
151511     INFO  main            d.u.i.k.p.r.p.TestFile    ... finished proof: closed. 
151859     INFO  main            d.u.i.k.p.i.AbstractProblemLoader Loading environment from /home/runner/work/key/key/key.core/../key.ui/examples/heap/model_methods/Indirect_test.key.proof 
151860     DEBUG main            d.u.i.k.p.i.AbstractProblemLoader Environment load took 423.8ns 
151861     INFO  main            d.u.i.k.p.i.AbstractProblemLoader Creating init config 
154929     DEBUG main            d.u.i.k.p.i.AbstractProblemLoader Init config took 3.07s 
154975     INFO  main            d.u.i.k.p.i.AbstractProblemLoader Replaying proof Indirect[Indirect::test(Coll1,Coll2)].JML operation contract.0 
155044     DEBUG main            d.u.i.k.p.i.IntermediateProofReplayer Proof replay took 64.8ms 
155045     DEBUG main            d.u.i.k.p.r.p.TestFile    ... success: reloaded. 
155046     INFO  main            d.u.i.k.p.r.p.TestFile    Now processing file /home/runner/work/key/key/key.core/../key.ui/examples/heap/model_methods/Recell_Cell_footprint.key 
155047     INFO  main            d.u.i.k.p.i.AbstractProblemLoader Loading environment from /home/runner/work/key/key/key.core/../key.ui/examples/heap/model_methods/Recell_Cell_footprint.key 
155047     DEBUG main            d.u.i.k.p.i.AbstractProblemLoader Environment load took 257.4ns 
155048     INFO  main            d.u.i.k.p.i.AbstractProblemLoader Creating init config 
158304     DEBUG main            d.u.i.k.p.i.AbstractProblemLoader Init config took 3.26s 
158349     INFO  main            d.u.i.k.p.i.AbstractProblemLoader Replaying proof Recell[Cell::footprint()].JML model_behavior operation contract.0 
158351     DEBUG main            d.u.i.k.p.i.IntermediateProofReplayer Proof replay took 7.2ns 
158453     INFO  main            d.u.i.k.p.r.p.TestFile    ... finished proof: closed. 
158771     INFO  main            d.u.i.k.p.i.AbstractProblemLoader Loading environment from /home/runner/work/key/key/key.core/../key.ui/examples/heap/model_methods/Recell_Cell_footprint.key.proof 
158771     DEBUG main            d.u.i.k.p.i.AbstractProblemLoader Environment load took 129.9ns 
158772     INFO  main            d.u.i.k.p.i.AbstractProblemLoader Creating init config 
161807     DEBUG main            d.u.i.k.p.i.AbstractProblemLoader Init config took 3.04s 
161856     INFO  main            d.u.i.k.p.i.AbstractProblemLoader Replaying proof Recell[Cell::footprint()].JML model_behavior operation contract.0 
161862     DEBUG main            d.u.i.k.p.i.IntermediateProofReplayer Proof replay took 3.72ms 
161863     DEBUG main            d.u.i.k.p.r.p.TestFile    ... success: reloaded. 
161864     INFO  main            d.u.i.k.p.r.p.TestFile    Now processing file /home/runner/work/key/key/key.core/../key.ui/examples/heap/model_methods/Recell_Cell_post_set.key 
161865     INFO  main            d.u.i.k.p.i.AbstractProblemLoader Loading environment from /home/runner/work/key/key/key.core/../key.ui/examples/heap/model_methods/Recell_Cell_post_set.key 
161865     DEBUG main            d.u.i.k.p.i.AbstractProblemLoader Environment load took 130.6ns 
161866     INFO  main            d.u.i.k.p.i.AbstractProblemLoader Creating init config 
165074     DEBUG main            d.u.i.k.p.i.AbstractProblemLoader Init config took 3.21s 
165123     INFO  main            d.u.i.k.p.i.AbstractProblemLoader Replaying proof Recell[Cell::post_set(int)].JML model_behavior operation contract.0 
165125     DEBUG main            d.u.i.k.p.i.IntermediateProofReplayer Proof replay took 7.4ns 
165227     INFO  main            d.u.i.k.p.r.p.TestFile    ... finished proof: closed. 
165558     INFO  main            d.u.i.k.p.i.AbstractProblemLoader Loading environment from /home/runner/work/key/key/key.core/../key.ui/examples/heap/model_methods/Recell_Cell_post_set.key.proof 
165558     DEBUG main            d.u.i.k.p.i.AbstractProblemLoader Environment load took 174ns 
165559     INFO  main            d.u.i.k.p.i.AbstractProblemLoader Creating init config 
168663     DEBUG main            d.u.i.k.p.i.AbstractProblemLoader Init config took 3.1s 
168708     INFO  main            d.u.i.k.p.i.AbstractProblemLoader Replaying proof Recell[Cell::post_set(int)].JML model_behavior operation contract.0 
168715     DEBUG main            d.u.i.k.p.i.IntermediateProofReplayer Proof replay took 5.31ms 
168716     DEBUG main            d.u.i.k.p.r.p.TestFile    ... success: reloaded. 
168717     INFO  main            d.u.i.k.p.r.p.TestFile    Now processing file /home/runner/work/key/key/key.core/../key.ui/examples/heap/model_methods/Recell_footprint_acc.key 
168717     INFO  main            d.u.i.k.p.i.AbstractProblemLoader Loading environment from /home/runner/work/key/key/key.core/../key.ui/examples/heap/model_methods/Recell_footprint_acc.key 
168717     DEBUG main            d.u.i.k.p.i.AbstractProblemLoader Environment load took 122ns 
168718     INFO  main            d.u.i.k.p.i.AbstractProblemLoader Creating init config 
171926     DEBUG main            d.u.i.k.p.i.AbstractProblemLoader Init config took 3.21s 
171974     INFO  main            d.u.i.k.p.i.AbstractProblemLoader Replaying proof Recell[Cell::footprint()].JML accessible clause.0 
171983     DEBUG main            d.u.i.k.p.i.IntermediateProofReplayer Proof replay took 7.2ns 
172085     INFO  main            d.u.i.k.p.r.p.TestFile    ... finished proof: closed. 
172473     INFO  main            d.u.i.k.p.i.AbstractProblemLoader Loading environment from /home/runner/work/key/key/key.core/../key.ui/examples/heap/model_methods/Recell_footprint_acc.key.proof 
172474     DEBUG main            d.u.i.k.p.i.AbstractProblemLoader Environment load took 5.38ms 
172475     INFO  main            d.u.i.k.p.i.AbstractProblemLoader Creating init config 
175555     DEBUG main            d.u.i.k.p.i.AbstractProblemLoader Init config took 3.08s 
175601     INFO  main            d.u.i.k.p.i.AbstractProblemLoader Replaying proof Recell[Cell::footprint()].JML accessible clause.0 
175626     DEBUG main            d.u.i.k.p.i.IntermediateProofReplayer Proof replay took 22.41ms 
175627     DEBUG main            d.u.i.k.p.r.p.TestFile    ... success: reloaded. 
175628     INFO  main            d.u.i.k.p.r.p.TestFile    Now processing file /home/runner/work/key/key/key.core/../key.ui/examples/heap/model_methods/Recell_get_acc.key 
175629     INFO  main            d.u.i.k.p.i.AbstractProblemLoader Loading environment from /home/runner/work/key/key/key.core/../key.ui/examples/heap/model_methods/Recell_get_acc.key 
175629     DEBUG main            d.u.i.k.p.i.AbstractProblemLoader Environment load took 93.8ns 
175630     INFO  main            d.u.i.k.p.i.AbstractProblemLoader Creating init config 
178846     DEBUG main            d.u.i.k.p.i.AbstractProblemLoader Init config took 3.22s 
178891     INFO  main            d.u.i.k.p.i.AbstractProblemLoader Replaying proof Recell[Cell::get()].JML accessible clause.0 
178893     DEBUG main            d.u.i.k.p.i.IntermediateProofReplayer Proof replay took 7.6ns 
178996     INFO  main            d.u.i.k.p.r.p.TestFile    ... finished proof: closed. 
179352     INFO  main            d.u.i.k.p.i.AbstractProblemLoader Loading environment from /home/runner/work/key/key/key.core/../key.ui/examples/heap/model_methods/Recell_get_acc.key.proof 
179352     DEBUG main            d.u.i.k.p.i.AbstractProblemLoader Environment load took 115.7ns 
179354     INFO  main            d.u.i.k.p.i.AbstractProblemLoader Creating init config 
182490     DEBUG main            d.u.i.k.p.i.AbstractProblemLoader Init config took 3.14s 
182538     INFO  main            d.u.i.k.p.i.AbstractProblemLoader Replaying proof Recell[Cell::get()].JML accessible clause.0 
182563     DEBUG main            d.u.i.k.p.i.IntermediateProofReplayer Proof replay took 22.01ms 
182564     DEBUG main            d.u.i.k.p.r.p.TestFile    ... success: reloaded. 
182565     INFO  main            d.u.i.k.p.r.p.TestFile    Now processing file /home/runner/work/key/key/key.core/../key.ui/examples/heap/model_methods/Recell_get.key 
182565     INFO  main            d.u.i.k.p.i.AbstractProblemLoader Loading environment from /home/runner/work/key/key/key.core/../key.ui/examples/heap/model_methods/Recell_get.key 
182566     DEBUG main            d.u.i.k.p.i.AbstractProblemLoader Environment load took 114ns 
182567     INFO  main            d.u.i.k.p.i.AbstractProblemLoader Creating init config 
185812     DEBUG main            d.u.i.k.p.i.AbstractProblemLoader Init config took 3.25s 
185860     INFO  main            d.u.i.k.p.i.AbstractProblemLoader Replaying proof Recell[Cell::get()].JML operation contract.0 
185863     DEBUG main            d.u.i.k.p.i.IntermediateProofReplayer Proof replay took 8.8ns 
185965     INFO  main            d.u.i.k.p.r.p.TestFile    ... finished proof: closed. 
186315     INFO  main            d.u.i.k.p.i.AbstractProblemLoader Loading environment from /home/runner/work/key/key/key.core/../key.ui/examples/heap/model_methods/Recell_get.key.proof 
186316     DEBUG main            d.u.i.k.p.i.AbstractProblemLoader Environment load took 114.9ns 
186317     INFO  main            d.u.i.k.p.i.AbstractProblemLoader Creating init config 
189447     DEBUG main            d.u.i.k.p.i.AbstractProblemLoader Init config took 3.13s 
189493     INFO  main            d.u.i.k.p.i.AbstractProblemLoader Replaying proof Recell[Cell::get()].JML operation contract.0 
189504     DEBUG main            d.u.i.k.p.i.IntermediateProofReplayer Proof replay took 9.46ms 
189505     DEBUG main            d.u.i.k.p.r.p.TestFile    ... success: reloaded. 
189507     INFO  main            d.u.i.k.p.r.p.TestFile    Now processing file /home/runner/work/key/key/key.core/../key.ui/examples/heap/model_methods/Recell_Recell_footprint.key 
189507     INFO  main            d.u.i.k.p.i.AbstractProblemLoader Loading environment from /home/runner/work/key/key/key.core/../key.ui/examples/heap/model_methods/Recell_Recell_footprint.key 
189507     DEBUG main            d.u.i.k.p.i.AbstractProblemLoader Environment load took 104.7ns 
189508     INFO  main            d.u.i.k.p.i.AbstractProblemLoader Creating init config 
192760     DEBUG main            d.u.i.k.p.i.AbstractProblemLoader Init config took 3.25s 
192807     INFO  main            d.u.i.k.p.i.AbstractProblemLoader Replaying proof Recell[Recell::footprint()].JML model_behavior operation contract.0 
192809     DEBUG main            d.u.i.k.p.i.IntermediateProofReplayer Proof replay took 7.2ns 
192912     INFO  main            d.u.i.k.p.r.p.TestFile    ... finished proof: closed. 
193270     INFO  main            d.u.i.k.p.i.AbstractProblemLoader Loading environment from /home/runner/work/key/key/key.core/../key.ui/examples/heap/model_methods/Recell_Recell_footprint.key.proof 
193271     DEBUG main            d.u.i.k.p.i.AbstractProblemLoader Environment load took 164.7ns 
193272     INFO  main            d.u.i.k.p.i.AbstractProblemLoader Creating init config 
196384     DEBUG main            d.u.i.k.p.i.AbstractProblemLoader Init config took 3.11s 
196431     INFO  main            d.u.i.k.p.i.AbstractProblemLoader Replaying proof Recell[Recell::footprint()].JML model_behavior operation contract.0 
196435     DEBUG main            d.u.i.k.p.i.IntermediateProofReplayer Proof replay took 1.95ms 
196436     DEBUG main            d.u.i.k.p.r.p.TestFile    ... success: reloaded. 
196437     INFO  main            d.u.i.k.p.r.p.TestFile    Now processing file /home/runner/work/key/key/key.core/../key.ui/examples/heap/model_methods/Recell_Recell_post_set.key 
196437     INFO  main            d.u.i.k.p.i.AbstractProblemLoader Loading environment from /home/runner/work/key/key/key.core/../key.ui/examples/heap/model_methods/Recell_Recell_post_set.key 
196438     DEBUG main            d.u.i.k.p.i.AbstractProblemLoader Environment load took 152.4ns 
196439     INFO  main            d.u.i.k.p.i.AbstractProblemLoader Creating init config 
199646     DEBUG main            d.u.i.k.p.i.AbstractProblemLoader Init config took 3.21s 
199694     INFO  main            d.u.i.k.p.i.AbstractProblemLoader Replaying proof Recell[Recell::post_set(int)].JML model_behavior operation contract.0 
199696     DEBUG main            d.u.i.k.p.i.IntermediateProofReplayer Proof replay took 7.7ns 
199799     INFO  main            d.u.i.k.p.r.p.TestFile    ... finished proof: closed. 
200162     INFO  main            d.u.i.k.p.i.AbstractProblemLoader Loading environment from /home/runner/work/key/key/key.core/../key.ui/examples/heap/model_methods/Recell_Recell_post_set.key.proof 
200162     DEBUG main            d.u.i.k.p.i.AbstractProblemLoader Environment load took 124.4ns 
200163     INFO  main            d.u.i.k.p.i.AbstractProblemLoader Creating init config 
203273     DEBUG main            d.u.i.k.p.i.AbstractProblemLoader Init config took 3.11s 
203322     INFO  main            d.u.i.k.p.i.AbstractProblemLoader Replaying proof Recell[Recell::post_set(int)].JML model_behavior operation contract.0 
203328     DEBUG main            d.u.i.k.p.i.IntermediateProofReplayer Proof replay took 2.85ms 
203330     DEBUG main            d.u.i.k.p.r.p.TestFile    ... success: reloaded. 
203330     INFO  main            d.u.i.k.p.r.p.TestFile    Now processing file /home/runner/work/key/key/key.core/../key.ui/examples/heap/model_methods/Recell_set.key 
203331     INFO  main            d.u.i.k.p.i.AbstractProblemLoader Loading environment from /home/runner/work/key/key/key.core/../key.ui/examples/heap/model_methods/Recell_set.key 
203331     DEBUG main            d.u.i.k.p.i.AbstractProblemLoader Environment load took 149.8ns 
203332     INFO  main            d.u.i.k.p.i.AbstractProblemLoader Creating init config 
206479     DEBUG main            d.u.i.k.p.i.AbstractProblemLoader Init config took 3.15s 
206524     INFO  main            d.u.i.k.p.i.AbstractProblemLoader Replaying proof Recell[Cell::set(int)].JML operation contract.0 
206526     DEBUG main            d.u.i.k.p.i.IntermediateProofReplayer Proof replay took 7.6ns 
214600     INFO  main            d.u.i.k.p.r.p.TestFile    ... finished proof: closed. 
215016     INFO  main            d.u.i.k.p.i.AbstractProblemLoader Loading environment from /home/runner/work/key/key/key.core/../key.ui/examples/heap/model_methods/Recell_set.key.proof 
215016     DEBUG main            d.u.i.k.p.i.AbstractProblemLoader Environment load took 129.6ns 
215019     INFO  main            d.u.i.k.p.i.AbstractProblemLoader Creating init config 
218090     DEBUG main            d.u.i.k.p.i.AbstractProblemLoader Init config took 3.07s 
218136     INFO  main            d.u.i.k.p.i.AbstractProblemLoader Replaying proof Recell[Cell::set(int)].JML operation contract.0 
218631     DEBUG main            d.u.i.k.p.i.IntermediateProofReplayer Proof replay took 474.53ms 
218632     DEBUG main            d.u.i.k.p.r.p.TestFile    ... success: reloaded. 
218633     INFO  main            d.u.i.k.p.r.p.TestFile    Now processing file /home/runner/work/key/key/key.core/../key.ui/examples/heap/model_methods/Recell_undo.key 
218634     INFO  main            d.u.i.k.p.i.AbstractProblemLoader Loading environment from /home/runner/work/key/key/key.core/../key.ui/examples/heap/model_methods/Recell_undo.key 
218634     DEBUG main            d.u.i.k.p.i.AbstractProblemLoader Environment load took 183ns 
218635     INFO  main            d.u.i.k.p.i.AbstractProblemLoader Creating init config 
221793     DEBUG main            d.u.i.k.p.i.AbstractProblemLoader Init config took 3.16s 
221837     INFO  main            d.u.i.k.p.i.AbstractProblemLoader Replaying proof Recell[Recell::undo()].JML operation contract.0 
221839     DEBUG main            d.u.i.k.p.i.IntermediateProofReplayer Proof replay took 8.5ns 
222042     INFO  main            d.u.i.k.p.r.p.TestFile    ... finished proof: closed. 
222420     INFO  main            d.u.i.k.p.i.AbstractProblemLoader Loading environment from /home/runner/work/key/key/key.core/../key.ui/examples/heap/model_methods/Recell_undo.key.proof 
222421     DEBUG main            d.u.i.k.p.i.AbstractProblemLoader Environment load took 126.9ns 
222422     INFO  main            d.u.i.k.p.i.AbstractProblemLoader Creating init config 
225510     DEBUG main            d.u.i.k.p.i.AbstractProblemLoader Init config took 3.09s 
225568     INFO  main            d.u.i.k.p.i.AbstractProblemLoader Replaying proof Recell[Recell::undo()].JML operation contract.0 
225605     DEBUG main            d.u.i.k.p.i.IntermediateProofReplayer Proof replay took 33.71ms 
225606     DEBUG main            d.u.i.k.p.r.p.TestFile    ... success: reloaded. 
5341714    INFO  Test worker     d.u.i.k.p.r.RunAllProofsTestUnit Returning from test modelMethods 
5341715    INFO  Test worker     d.u.i.k.p.r.RunAllProofsTestUnit Running test permissionHeap 
451        INFO  Timeout watchdog d.u.i.k.p.r.p.ForkedTestFileRunner Timeout watcher launched (2000 secs.) 
466        WARN  main            d.u.i.k.s.ProofSettings   The settings in /home/runner/.key/proof-settings.props are *not* read. 
526        INFO  main            d.u.i.k.p.r.p.TestFile    Now processing file /home/runner/work/key/key/key.core/../key.ui/examples/heap/permissions/permissions_method0.key 
690        INFO  main            d.u.i.k.p.i.AbstractProblemLoader Loading environment from /home/runner/work/key/key/key.core/../key.ui/examples/heap/permissions/permissions_method0.key 
712        DEBUG main            d.u.i.k.p.i.AbstractProblemLoader Environment load took 2.53ms 
1030       INFO  main            d.u.i.k.p.i.AbstractProblemLoader Creating init config 
2334       DEBUG main            d.u.i.k.j.TypeConverter   No LDT found for Meta 
2335       DEBUG main            d.u.i.k.j.TypeConverter   No LDT found for Meta 
2336       DEBUG main            d.u.i.k.j.TypeConverter   No LDT found for Meta 
2337       DEBUG main            d.u.i.k.j.TypeConverter   No LDT found for Meta 
4370       DEBUG main            d.u.i.k.j.TypeConverter   No LDT found for JavaBigintExpression 
11180      DEBUG main            d.u.i.k.p.i.AbstractProblemLoader Init config took 10.15s 
11344      INFO  main            d.u.i.k.p.i.AbstractProblemLoader Replaying proof MyClass[MyClass::method0()].JML normal_behavior operation contract.0 
11388      DEBUG main            d.u.i.k.p.i.IntermediateProofReplayer Proof replay took 37.5ns 
12616      INFO  main            d.u.i.k.p.r.p.TestFile    ... finished proof: closed. 
12764      INFO  main            d.u.i.k.p.i.AbstractProblemLoader Loading environment from /home/runner/work/key/key/key.core/../key.ui/examples/heap/permissions/permissions_method0.key.proof 
12766      DEBUG main            d.u.i.k.p.i.AbstractProblemLoader Environment load took 2.11ms 
12771      INFO  main            d.u.i.k.p.i.AbstractProblemLoader Creating init config 
16734      DEBUG main            d.u.i.k.p.i.AbstractProblemLoader Init config took 3.96s 
16867      INFO  main            d.u.i.k.p.i.AbstractProblemLoader Replaying proof MyClass[MyClass::method0()].JML normal_behavior operation contract.0 
17072      DEBUG main            d.u.i.k.p.i.IntermediateProofReplayer Proof replay took 191.33ms 
17082      DEBUG main            d.u.i.k.p.r.p.TestFile    ... success: reloaded. 
17086      INFO  main            d.u.i.k.p.r.p.TestFile    Now processing file /home/runner/work/key/key/key.core/../key.ui/examples/heap/permissions/permissions_method1.key 
17086      INFO  main            d.u.i.k.p.i.AbstractProblemLoader Loading environment from /home/runner/work/key/key/key.core/../key.ui/examples/heap/permissions/permissions_method1.key 
17086      DEBUG main            d.u.i.k.p.i.AbstractProblemLoader Environment load took 148.3ns 
17090      INFO  main            d.u.i.k.p.i.AbstractProblemLoader Creating init config 
20860      DEBUG main            d.u.i.k.p.i.AbstractProblemLoader Init config took 3.77s 
20951      INFO  main            d.u.i.k.p.i.AbstractProblemLoader Replaying proof MyClass[MyClass::method1()].JML normal_behavior operation contract.0 
20956      DEBUG main            d.u.i.k.p.i.IntermediateProofReplayer Proof replay took 8ns 
21364      INFO  main            d.u.i.k.p.r.p.TestFile    ... finished proof: closed. 
21552      INFO  main            d.u.i.k.p.i.AbstractProblemLoader Loading environment from /home/runner/work/key/key/key.core/../key.ui/examples/heap/permissions/permissions_method1.key.proof 
21552      DEBUG main            d.u.i.k.p.i.AbstractProblemLoader Environment load took 167.6ns 
21554      INFO  main            d.u.i.k.p.i.AbstractProblemLoader Creating init config 
25082      DEBUG main            d.u.i.k.p.i.AbstractProblemLoader Init config took 3.53s 
25158      INFO  main            d.u.i.k.p.i.AbstractProblemLoader Replaying proof MyClass[MyClass::method1()].JML normal_behavior operation contract.0 
25237      DEBUG main            d.u.i.k.p.i.IntermediateProofReplayer Proof replay took 75.4ms 
25239      DEBUG main            d.u.i.k.p.r.p.TestFile    ... success: reloaded. 
25240      INFO  main            d.u.i.k.p.r.p.TestFile    Now processing file /home/runner/work/key/key/key.core/../key.ui/examples/heap/permissions/permissions_method3.key 
25241      INFO  main            d.u.i.k.p.i.AbstractProblemLoader Loading environment from /home/runner/work/key/key/key.core/../key.ui/examples/heap/permissions/permissions_method3.key 
25241      DEBUG main            d.u.i.k.p.i.AbstractProblemLoader Environment load took 277.7ns 
25243      INFO  main            d.u.i.k.p.i.AbstractProblemLoader Creating init config 
28696      DEBUG main            d.u.i.k.p.i.AbstractProblemLoader Init config took 3.45s 
28756      INFO  main            d.u.i.k.p.i.AbstractProblemLoader Replaying proof MyClass[MyClass::method3()].JML normal_behavior operation contract.0 
28758      DEBUG main            d.u.i.k.p.i.IntermediateProofReplayer Proof replay took 6ns 
30486      INFO  main            d.u.i.k.p.r.p.TestFile    ... finished proof: closed. 
30732      INFO  main            d.u.i.k.p.i.AbstractProblemLoader Loading environment from /home/runner/work/key/key/key.core/../key.ui/examples/heap/permissions/permissions_method3.key.proof 
30734      DEBUG main            d.u.i.k.p.i.AbstractProblemLoader Environment load took 2.53ms 
30736      INFO  main            d.u.i.k.p.i.AbstractProblemLoader Creating init config 
34226      DEBUG main            d.u.i.k.p.i.AbstractProblemLoader Init config took 3.49s 
34287      INFO  main            d.u.i.k.p.i.AbstractProblemLoader Replaying proof MyClass[MyClass::method3()].JML normal_behavior operation contract.0 
34573      DEBUG main            d.u.i.k.p.i.IntermediateProofReplayer Proof replay took 276.76ms 
34575      DEBUG main            d.u.i.k.p.r.p.TestFile    ... success: reloaded. 
34577      INFO  main            d.u.i.k.p.r.p.TestFile    Now processing file /home/runner/work/key/key/key.core/../key.ui/examples/heap/permissions/permissions_setAB.key 
34577      INFO  main            d.u.i.k.p.i.AbstractProblemLoader Loading environment from /home/runner/work/key/key/key.core/../key.ui/examples/heap/permissions/permissions_setAB.key 
34577      DEBUG main            d.u.i.k.p.i.AbstractProblemLoader Environment load took 118.2ns 
34578      INFO  main            d.u.i.k.p.i.AbstractProblemLoader Creating init config 
38100      DEBUG main            d.u.i.k.p.i.AbstractProblemLoader Init config took 3.52s 
38169      INFO  main            d.u.i.k.p.i.AbstractProblemLoader Replaying proof MyClass[MyClass::setAB()].JML normal_behavior operation contract.0 
38173      DEBUG main            d.u.i.k.p.i.IntermediateProofReplayer Proof replay took 7.3ns 
40080      INFO  main            d.u.i.k.p.r.p.TestFile    ... finished proof: closed. 
40322      INFO  main            d.u.i.k.p.i.AbstractProblemLoader Loading environment from /home/runner/work/key/key/key.core/../key.ui/examples/heap/permissions/permissions_setAB.key.proof 
40325      DEBUG main            d.u.i.k.p.i.AbstractProblemLoader Environment load took 2.97ms 
40327      INFO  main            d.u.i.k.p.i.AbstractProblemLoader Creating init config 
43810      DEBUG main            d.u.i.k.p.i.AbstractProblemLoader Init config took 3.48s 
43865      INFO  main            d.u.i.k.p.i.AbstractProblemLoader Replaying proof MyClass[MyClass::setAB()].JML normal_behavior operation contract.0 
44096      DEBUG main            d.u.i.k.p.i.IntermediateProofReplayer Proof replay took 222.33ms 
44098      DEBUG main            d.u.i.k.p.r.p.TestFile    ... success: reloaded. 
44099      INFO  main            d.u.i.k.p.r.p.TestFile    Now processing file /home/runner/work/key/key/key.core/../key.ui/examples/heap/permissions/permissionProperties.key 
44100      INFO  main            d.u.i.k.p.i.AbstractProblemLoader Loading environment from /home/runner/work/key/key/key.core/../key.ui/examples/heap/permissions/permissionProperties.key 
44100      DEBUG main            d.u.i.k.p.i.AbstractProblemLoader Environment load took 214.8ns 
44102      INFO  main            d.u.i.k.p.i.AbstractProblemLoader Creating init config 
44294      DEBUG main            d.u.i.k.j.TypeConverter   No LDT found for Meta 
44295      DEBUG main            d.u.i.k.j.TypeConverter   No LDT found for Meta 
44295      DEBUG main            d.u.i.k.j.TypeConverter   No LDT found for Meta 
44296      DEBUG main            d.u.i.k.j.TypeConverter   No LDT found for Meta 
45197      DEBUG main            d.u.i.k.j.TypeConverter   No LDT found for JavaBigintExpression 
48787      DEBUG main            d.u.i.k.p.i.AbstractProblemLoader Init config took 4.69s 
48814      INFO  main            d.u.i.k.p.i.AbstractProblemLoader Replaying proof permissionProperties.key 
48816      DEBUG main            d.u.i.k.p.i.IntermediateProofReplayer Proof replay took 7.1ns 
49020      INFO  main            d.u.i.k.p.r.p.TestFile    ... finished proof: closed. 
49232      INFO  main            d.u.i.k.p.i.AbstractProblemLoader Loading environment from /home/runner/work/key/key/key.core/../key.ui/examples/heap/permissions/permissionProperties.key.proof 
49233      DEBUG main            d.u.i.k.p.i.AbstractProblemLoader Environment load took 575.4ns 
49235      INFO  main            d.u.i.k.p.i.AbstractProblemLoader Creating init config 
52446      DEBUG main            d.u.i.k.p.i.AbstractProblemLoader Init config took 3.21s 
52471      INFO  main            d.u.i.k.p.i.AbstractProblemLoader Replaying proof permissionProperties.key.proof 
52492      DEBUG main            d.u.i.k.p.i.IntermediateProofReplayer Proof replay took 18.48ms 
52495      DEBUG main            d.u.i.k.p.r.p.TestFile    ... success: reloaded. 
52496      INFO  main            d.u.i.k.p.r.p.TestFile    Now processing file /home/runner/work/key/key/key.core/../key.ui/examples/heap/permissions/threads/AFilter_AFilter.key 
52497      INFO  main            d.u.i.k.p.i.AbstractProblemLoader Loading environment from /home/runner/work/key/key/key.core/../key.ui/examples/heap/permissions/threads/AFilter_AFilter.key 
52497      DEBUG main            d.u.i.k.p.i.AbstractProblemLoader Environment load took 257.1ns 
52499      INFO  main            d.u.i.k.p.i.AbstractProblemLoader Creating init config 
52661      DEBUG main            d.u.i.k.j.TypeConverter   No LDT found for Meta 
52661      DEBUG main            d.u.i.k.j.TypeConverter   No LDT found for Meta 
52662      DEBUG main            d.u.i.k.j.TypeConverter   No LDT found for Meta 
52662      DEBUG main            d.u.i.k.j.TypeConverter   No LDT found for Meta 
53470      DEBUG main            d.u.i.k.j.TypeConverter   No LDT found for JavaBigintExpression 
60396      DEBUG main            d.u.i.k.p.i.AbstractProblemLoader Init config took 7.9s 
60523      INFO  main            d.u.i.k.p.i.AbstractProblemLoader Replaying proof AFilter[AFilter::AFilter(Sampler,Buffer)].JML normal_behavior operation contract.0 
60526      DEBUG main            d.u.i.k.p.i.IntermediateProofReplayer Proof replay took 8ns 
61885      INFO  main            d.u.i.k.p.r.p.TestFile    ... finished proof: closed. 
62201      INFO  main            d.u.i.k.p.i.AbstractProblemLoader Loading environment from /home/runner/work/key/key/key.core/../key.ui/examples/heap/permissions/threads/AFilter_AFilter.key.proof 
62203      DEBUG main            d.u.i.k.p.i.AbstractProblemLoader Environment load took 1.99ms 
62204      INFO  main            d.u.i.k.p.i.AbstractProblemLoader Creating init config 
68362      DEBUG main            d.u.i.k.p.i.AbstractProblemLoader Init config took 6.16s 
68479      INFO  main            d.u.i.k.p.i.AbstractProblemLoader Replaying proof AFilter[AFilter::AFilter(Sampler,Buffer)].JML normal_behavior operation contract.0 
68644      DEBUG main            d.u.i.k.p.i.IntermediateProofReplayer Proof replay took 158.78ms 
68646      DEBUG main            d.u.i.k.p.r.p.TestFile    ... success: reloaded. 
68647      INFO  main            d.u.i.k.p.r.p.TestFile    Now processing file /home/runner/work/key/key/key.core/../key.ui/examples/heap/permissions/threads/AFilter_initPost_accessible.key 
68648      INFO  main            d.u.i.k.p.i.AbstractProblemLoader Loading environment from /home/runner/work/key/key/key.core/../key.ui/examples/heap/permissions/threads/AFilter_initPost_accessible.key 
68648      DEBUG main            d.u.i.k.p.i.AbstractProblemLoader Environment load took 215.5ns 
68649      INFO  main            d.u.i.k.p.i.AbstractProblemLoader Creating init config 
74950      DEBUG main            d.u.i.k.p.i.AbstractProblemLoader Init config took 6.3s 
75079      INFO  main            d.u.i.k.p.i.AbstractProblemLoader Replaying proof AFilter[ThreadSpec2::initPost()].JML accessible clause.0 
75082      DEBUG main            d.u.i.k.p.i.IntermediateProofReplayer Proof replay took 8.6ns 
75185      INFO  main            d.u.i.k.p.r.p.TestFile    ... finished proof: closed. 
75452      INFO  main            d.u.i.k.p.i.AbstractProblemLoader Loading environment from /home/runner/work/key/key/key.core/../key.ui/examples/heap/permissions/threads/AFilter_initPost_accessible.key.proof 
75452      DEBUG main            d.u.i.k.p.i.AbstractProblemLoader Environment load took 145.2ns 
75454      INFO  main            d.u.i.k.p.i.AbstractProblemLoader Creating init config 
81753      DEBUG main            d.u.i.k.p.i.AbstractProblemLoader Init config took 6.3s 
81863      INFO  main            d.u.i.k.p.i.AbstractProblemLoader Replaying proof AFilter[ThreadSpec2::initPost()].JML accessible clause.0 
81879      DEBUG main            d.u.i.k.p.i.IntermediateProofReplayer Proof replay took 13.16ms 
81881      DEBUG main            d.u.i.k.p.r.p.TestFile    ... success: reloaded. 
81882      INFO  main            d.u.i.k.p.r.p.TestFile    Now processing file /home/runner/work/key/key/key.core/../key.ui/examples/heap/permissions/threads/AFilter_inv_accessible1.key 
81883      INFO  main            d.u.i.k.p.i.AbstractProblemLoader Loading environment from /home/runner/work/key/key/key.core/../key.ui/examples/heap/permissions/threads/AFilter_inv_accessible1.key 
81883      DEBUG main            d.u.i.k.p.i.AbstractProblemLoader Environment load took 228.9ns 
81884      INFO  main            d.u.i.k.p.i.AbstractProblemLoader Creating init config 
88103      DEBUG main            d.u.i.k.p.i.AbstractProblemLoader Init config took 6.22s 
88207      INFO  main            d.u.i.k.p.i.AbstractProblemLoader Replaying proof AFilter[java.lang.Object::<inv>()].JML accessible clause.0 
88209      DEBUG main            d.u.i.k.p.i.IntermediateProofReplayer Proof replay took 7.8ns 
88311      INFO  main            d.u.i.k.p.r.p.TestFile    ... finished proof: closed. 
88622      INFO  main            d.u.i.k.p.i.AbstractProblemLoader Loading environment from /home/runner/work/key/key/key.core/../key.ui/examples/heap/permissions/threads/AFilter_inv_accessible1.key.proof 
88622      DEBUG main            d.u.i.k.p.i.AbstractProblemLoader Environment load took 143.7ns 
88623      INFO  main            d.u.i.k.p.i.AbstractProblemLoader Creating init config 
94660      DEBUG main            d.u.i.k.p.i.AbstractProblemLoader Init config took 6.04s 
94771      INFO  main            d.u.i.k.p.i.AbstractProblemLoader Replaying proof AFilter[java.lang.Object::<inv>()].JML accessible clause.0 
94776      DEBUG main            d.u.i.k.p.i.IntermediateProofReplayer Proof replay took 2.58ms 
94777      DEBUG main            d.u.i.k.p.r.p.TestFile    ... success: reloaded. 
94779      INFO  main            d.u.i.k.p.r.p.TestFile    Now processing file /home/runner/work/key/key/key.core/../key.ui/examples/heap/permissions/threads/AFilter_inv_accessible2.key 
94779      INFO  main            d.u.i.k.p.i.AbstractProblemLoader Loading environment from /home/runner/work/key/key/key.core/../key.ui/examples/heap/permissions/threads/AFilter_inv_accessible2.key 
94779      DEBUG main            d.u.i.k.p.i.AbstractProblemLoader Environment load took 118.8ns 
94780      INFO  main            d.u.i.k.p.i.AbstractProblemLoader Creating init config 
100886     DEBUG main            d.u.i.k.p.i.AbstractProblemLoader Init config took 6.11s 
101011     INFO  main            d.u.i.k.p.i.AbstractProblemLoader Replaying proof AFilter[java.lang.Object::<inv>()].JML accessible clause.1 
101013     DEBUG main            d.u.i.k.p.i.IntermediateProofReplayer Proof replay took 7.4ns 
101115     INFO  main            d.u.i.k.p.r.p.TestFile    ... finished proof: closed. 
101388     INFO  main            d.u.i.k.p.i.AbstractProblemLoader Loading environment from /home/runner/work/key/key/key.core/../key.ui/examples/heap/permissions/threads/AFilter_inv_accessible2.key.proof 
101388     DEBUG main            d.u.i.k.p.i.AbstractProblemLoader Environment load took 150.8ns 
101393     INFO  main            d.u.i.k.p.i.AbstractProblemLoader Creating init config 
107339     DEBUG main            d.u.i.k.p.i.AbstractProblemLoader Init config took 5.95s 
107447     INFO  main            d.u.i.k.p.i.AbstractProblemLoader Replaying proof AFilter[java.lang.Object::<inv>()].JML accessible clause.1 
107452     DEBUG main            d.u.i.k.p.i.IntermediateProofReplayer Proof replay took 2.53ms 
107453     DEBUG main            d.u.i.k.p.r.p.TestFile    ... success: reloaded. 
107455     INFO  main            d.u.i.k.p.r.p.TestFile    Now processing file /home/runner/work/key/key/key.core/../key.ui/examples/heap/permissions/threads/AFilter_joinTransfer_accessible.key 
107455     INFO  main            d.u.i.k.p.i.AbstractProblemLoader Loading environment from /home/runner/work/key/key/key.core/../key.ui/examples/heap/permissions/threads/AFilter_joinTransfer_accessible.key 
107455     DEBUG main            d.u.i.k.p.i.AbstractProblemLoader Environment load took 177ns 
107456     INFO  main            d.u.i.k.p.i.AbstractProblemLoader Creating init config 
113480     DEBUG main            d.u.i.k.p.i.AbstractProblemLoader Init config took 6.02s 
113598     INFO  main            d.u.i.k.p.i.AbstractProblemLoader Replaying proof AFilter[ThreadSpec2::joinTransfer()].JML accessible clause.0 
113601     DEBUG main            d.u.i.k.p.i.IntermediateProofReplayer Proof replay took 19.7ns 
117830     INFO  main            d.u.i.k.p.r.p.TestFile    ... finished proof: closed. 
118152     INFO  main            d.u.i.k.p.i.AbstractProblemLoader Loading environment from /home/runner/work/key/key/key.core/../key.ui/examples/heap/permissions/threads/AFilter_joinTransfer_accessible.key.proof 
118156     DEBUG main            d.u.i.k.p.i.AbstractProblemLoader Environment load took 3.85ms 
118158     INFO  main            d.u.i.k.p.i.AbstractProblemLoader Creating init config 
124096     DEBUG main            d.u.i.k.p.i.AbstractProblemLoader Init config took 5.94s 
124217     INFO  main            d.u.i.k.p.i.AbstractProblemLoader Replaying proof AFilter[ThreadSpec2::joinTransfer()].JML accessible clause.0 
124554     DEBUG main            d.u.i.k.p.i.IntermediateProofReplayer Proof replay took 323.71ms 
124555     DEBUG main            d.u.i.k.p.r.p.TestFile    ... success: reloaded. 
124557     INFO  main            d.u.i.k.p.r.p.TestFile    Now processing file /home/runner/work/key/key/key.core/../key.ui/examples/heap/permissions/threads/AFilter_joinTransfer_contract.key 
124557     INFO  main            d.u.i.k.p.i.AbstractProblemLoader Loading environment from /home/runner/work/key/key/key.core/../key.ui/examples/heap/permissions/threads/AFilter_joinTransfer_contract.key 
124558     DEBUG main            d.u.i.k.p.i.AbstractProblemLoader Environment load took 256.4ns 
124559     INFO  main            d.u.i.k.p.i.AbstractProblemLoader Creating init config 
130541     DEBUG main            d.u.i.k.p.i.AbstractProblemLoader Init config took 5.98s 
130643     INFO  main            d.u.i.k.p.i.AbstractProblemLoader Replaying proof AFilter[ThreadSpec2::joinTransfer()].JML model_behavior operation contract.0 
130645     DEBUG main            d.u.i.k.p.i.IntermediateProofReplayer Proof replay took 8.8ns 
130750     INFO  main            d.u.i.k.p.r.p.TestFile    ... finished proof: closed. 
131044     INFO  main            d.u.i.k.p.i.AbstractProblemLoader Loading environment from /home/runner/work/key/key/key.core/../key.ui/examples/heap/permissions/threads/AFilter_joinTransfer_contract.key.proof 
131044     DEBUG main            d.u.i.k.p.i.AbstractProblemLoader Environment load took 166.9ns 
131045     INFO  main            d.u.i.k.p.i.AbstractProblemLoader Creating init config 
137026     DEBUG main            d.u.i.k.p.i.AbstractProblemLoader Init config took 5.98s 
137125     INFO  main            d.u.i.k.p.i.AbstractProblemLoader Replaying proof AFilter[ThreadSpec2::joinTransfer()].JML model_behavior operation contract.0 
137137     DEBUG main            d.u.i.k.p.i.IntermediateProofReplayer Proof replay took 9.85ms 
137138     DEBUG main            d.u.i.k.p.r.p.TestFile    ... success: reloaded. 
137140     INFO  main            d.u.i.k.p.r.p.TestFile    Now processing file /home/runner/work/key/key/key.core/../key.ui/examples/heap/permissions/threads/AFilter_postJoin_accessible.key 
137140     INFO  main            d.u.i.k.p.i.AbstractProblemLoader Loading environment from /home/runner/work/key/key/key.core/../key.ui/examples/heap/permissions/threads/AFilter_postJoin_accessible.key 
137141     DEBUG main            d.u.i.k.p.i.AbstractProblemLoader Environment load took 127.2ns 
137142     INFO  main            d.u.i.k.p.i.AbstractProblemLoader Creating init config 
143088     DEBUG main            d.u.i.k.p.i.AbstractProblemLoader Init config took 5.95s 
143189     INFO  main            d.u.i.k.p.i.AbstractProblemLoader Replaying proof AFilter[ThreadSpec2::postJoin(java.lang.Object)].JML accessible clause.0 
143195     DEBUG main            d.u.i.k.p.i.IntermediateProofReplayer Proof replay took 8.7ns 
143297     INFO  main            d.u.i.k.p.r.p.TestFile    ... finished proof: closed. 
143606     INFO  main            d.u.i.k.p.i.AbstractProblemLoader Loading environment from /home/runner/work/key/key/key.core/../key.ui/examples/heap/permissions/threads/AFilter_postJoin_accessible.key.proof 
143606     DEBUG main            d.u.i.k.p.i.AbstractProblemLoader Environment load took 141.9ns 
143607     INFO  main            d.u.i.k.p.i.AbstractProblemLoader Creating init config 
149508     DEBUG main            d.u.i.k.p.i.AbstractProblemLoader Init config took 5.9s 
149619     INFO  main            d.u.i.k.p.i.AbstractProblemLoader Replaying proof AFilter[ThreadSpec2::postJoin(java.lang.Object)].JML accessible clause.0 
149633     DEBUG main            d.u.i.k.p.i.IntermediateProofReplayer Proof replay took 7.65ms 
149634     DEBUG main            d.u.i.k.p.r.p.TestFile    ... success: reloaded. 
149635     INFO  main            d.u.i.k.p.r.p.TestFile    Now processing file /home/runner/work/key/key/key.core/../key.ui/examples/heap/permissions/threads/AFilter_preStart_accessible.key 
149636     INFO  main            d.u.i.k.p.i.AbstractProblemLoader Loading environment from /home/runner/work/key/key/key.core/../key.ui/examples/heap/permissions/threads/AFilter_preStart_accessible.key 
149636     DEBUG main            d.u.i.k.p.i.AbstractProblemLoader Environment load took 276.3ns 
149637     INFO  main            d.u.i.k.p.i.AbstractProblemLoader Creating init config 
155629     DEBUG main            d.u.i.k.p.i.AbstractProblemLoader Init config took 5.99s 
155728     INFO  main            d.u.i.k.p.i.AbstractProblemLoader Replaying proof AFilter[ThreadSpec2::preStart(java.lang.Object)].JML accessible clause.0 
155730     DEBUG main            d.u.i.k.p.i.IntermediateProofReplayer Proof replay took 8.9ns 
156133     INFO  main            d.u.i.k.p.r.p.TestFile    ... finished proof: closed. 
156554     INFO  main            d.u.i.k.p.i.AbstractProblemLoader Loading environment from /home/runner/work/key/key/key.core/../key.ui/examples/heap/permissions/threads/AFilter_preStart_accessible.key.proof 
156557     DEBUG main            d.u.i.k.p.i.AbstractProblemLoader Environment load took 2.79ms 
156558     INFO  main            d.u.i.k.p.i.AbstractProblemLoader Creating init config 
162561     DEBUG main            d.u.i.k.p.i.AbstractProblemLoader Init config took 6s 
162663     INFO  main            d.u.i.k.p.i.AbstractProblemLoader Replaying proof AFilter[ThreadSpec2::preStart(java.lang.Object)].JML accessible clause.0 
162710     DEBUG main            d.u.i.k.p.i.IntermediateProofReplayer Proof replay took 40.12ms 
162711     DEBUG main            d.u.i.k.p.r.p.TestFile    ... success: reloaded. 
162712     INFO  main            d.u.i.k.p.r.p.TestFile    Now processing file /home/runner/work/key/key/key.core/../key.ui/examples/heap/permissions/threads/AFilter_startTransfer_accessible.key 
162713     INFO  main            d.u.i.k.p.i.AbstractProblemLoader Loading environment from /home/runner/work/key/key/key.core/../key.ui/examples/heap/permissions/threads/AFilter_startTransfer_accessible.key 
162713     DEBUG main            d.u.i.k.p.i.AbstractProblemLoader Environment load took 78.3ns 
162714     INFO  main            d.u.i.k.p.i.AbstractProblemLoader Creating init config 
168788     DEBUG main            d.u.i.k.p.i.AbstractProblemLoader Init config took 6.07s 
168889     INFO  main            d.u.i.k.p.i.AbstractProblemLoader Replaying proof AFilter[ThreadSpec2::startTransfer()].JML accessible clause.0 
168891     DEBUG main            d.u.i.k.p.i.IntermediateProofReplayer Proof replay took 7.9ns 
176635     INFO  main            d.u.i.k.p.r.p.TestFile    ... finished proof: closed. 
177001     INFO  main            d.u.i.k.p.i.AbstractProblemLoader Loading environment from /home/runner/work/key/key/key.core/../key.ui/examples/heap/permissions/threads/AFilter_startTransfer_accessible.key.proof 
177001     DEBUG main            d.u.i.k.p.i.AbstractProblemLoader Environment load took 428ns 
177003     INFO  main            d.u.i.k.p.i.AbstractProblemLoader Creating init config 
182922     DEBUG main            d.u.i.k.p.i.AbstractProblemLoader Init config took 5.92s 
183018     INFO  main            d.u.i.k.p.i.AbstractProblemLoader Replaying proof AFilter[ThreadSpec2::startTransfer()].JML accessible clause.0 
183456     DEBUG main            d.u.i.k.p.i.IntermediateProofReplayer Proof replay took 419.3ms 
183457     DEBUG main            d.u.i.k.p.r.p.TestFile    ... success: reloaded. 
183458     INFO  main            d.u.i.k.p.r.p.TestFile    Now processing file /home/runner/work/key/key/key.core/../key.ui/examples/heap/permissions/threads/AFilter_startTransfer_contract.key 
183459     INFO  main            d.u.i.k.p.i.AbstractProblemLoader Loading environment from /home/runner/work/key/key/key.core/../key.ui/examples/heap/permissions/threads/AFilter_startTransfer_contract.key 
183459     DEBUG main            d.u.i.k.p.i.AbstractProblemLoader Environment load took 116.8ns 
183460     INFO  main            d.u.i.k.p.i.AbstractProblemLoader Creating init config 
189511     DEBUG main            d.u.i.k.p.i.AbstractProblemLoader Init config took 6.05s 
189609     INFO  main            d.u.i.k.p.i.AbstractProblemLoader Replaying proof AFilter[ThreadSpec2::startTransfer()].JML model_behavior operation contract.0 
189611     DEBUG main            d.u.i.k.p.i.IntermediateProofReplayer Proof replay took 8.2ns 
190115     INFO  main            d.u.i.k.p.r.p.TestFile    ... finished proof: closed. 
190452     INFO  main            d.u.i.k.p.i.AbstractProblemLoader Loading environment from /home/runner/work/key/key/key.core/../key.ui/examples/heap/permissions/threads/AFilter_startTransfer_contract.key.proof 
190453     DEBUG main            d.u.i.k.p.i.AbstractProblemLoader Environment load took 443ns 
190454     INFO  main            d.u.i.k.p.i.AbstractProblemLoader Creating init config 
196343     DEBUG main            d.u.i.k.p.i.AbstractProblemLoader Init config took 5.89s 
196462     INFO  main            d.u.i.k.p.i.AbstractProblemLoader Replaying proof AFilter[ThreadSpec2::startTransfer()].JML model_behavior operation contract.0 
196536     DEBUG main            d.u.i.k.p.i.IntermediateProofReplayer Proof replay took 66.41ms 
196540     DEBUG main            d.u.i.k.p.r.p.TestFile    ... success: reloaded. 
196542     INFO  main            d.u.i.k.p.r.p.TestFile    Now processing file /home/runner/work/key/key/key.core/../key.ui/examples/heap/permissions/threads/AFilter_stateInv_accessible.key 
196542     INFO  main            d.u.i.k.p.i.AbstractProblemLoader Loading environment from /home/runner/work/key/key/key.core/../key.ui/examples/heap/permissions/threads/AFilter_stateInv_accessible.key 
196542     DEBUG main            d.u.i.k.p.i.AbstractProblemLoader Environment load took 157.5ns 
196543     INFO  main            d.u.i.k.p.i.AbstractProblemLoader Creating init config 
202436     DEBUG main            d.u.i.k.p.i.AbstractProblemLoader Init config took 5.89s 
202555     INFO  main            d.u.i.k.p.i.AbstractProblemLoader Replaying proof AFilter[ThreadSpec2::stateInv()].JML accessible clause.0 
202558     DEBUG main            d.u.i.k.p.i.IntermediateProofReplayer Proof replay took 8.8ns 
202960     INFO  main            d.u.i.k.p.r.p.TestFile    ... finished proof: closed. 
203330     INFO  main            d.u.i.k.p.i.AbstractProblemLoader Loading environment from /home/runner/work/key/key/key.core/../key.ui/examples/heap/permissions/threads/AFilter_stateInv_accessible.key.proof 
203330     DEBUG main            d.u.i.k.p.i.AbstractProblemLoader Environment load took 279.1ns 
203332     INFO  main            d.u.i.k.p.i.AbstractProblemLoader Creating init config 
209129     DEBUG main            d.u.i.k.p.i.AbstractProblemLoader Init config took 5.8s 
209224     INFO  main            d.u.i.k.p.i.AbstractProblemLoader Replaying proof AFilter[ThreadSpec2::stateInv()].JML accessible clause.0 
209262     DEBUG main            d.u.i.k.p.i.IntermediateProofReplayer Proof replay took 34.45ms 
209264     DEBUG main            d.u.i.k.p.r.p.TestFile    ... success: reloaded. 
209265     INFO  main            d.u.i.k.p.r.p.TestFile    Now processing file /home/runner/work/key/key/key.core/../key.ui/examples/heap/permissions/threads/AFilter_staticPermissions_accessible.key 
209266     INFO  main            d.u.i.k.p.i.AbstractProblemLoader Loading environment from /home/runner/work/key/key/key.core/../key.ui/examples/heap/permissions/threads/AFilter_staticPermissions_accessible.key 
209266     DEBUG main            d.u.i.k.p.i.AbstractProblemLoader Environment load took 223.3ns 
209267     INFO  main            d.u.i.k.p.i.AbstractProblemLoader Creating init config 
215239     DEBUG main            d.u.i.k.p.i.AbstractProblemLoader Init config took 5.97s 
215335     INFO  main            d.u.i.k.p.i.AbstractProblemLoader Replaying proof AFilter[ThreadSpec2::staticPermissions()].JML accessible clause.0 
215337     DEBUG main            d.u.i.k.p.i.IntermediateProofReplayer Proof replay took 7.7ns 
215442     INFO  main            d.u.i.k.p.r.p.TestFile    ... finished proof: closed. 
215793     INFO  main            d.u.i.k.p.i.AbstractProblemLoader Loading environment from /home/runner/work/key/key/key.core/../key.ui/examples/heap/permissions/threads/AFilter_staticPermissions_accessible.key.proof 
215793     DEBUG main            d.u.i.k.p.i.AbstractProblemLoader Environment load took 136.7ns 
215794     INFO  main            d.u.i.k.p.i.AbstractProblemLoader Creating init config 
221662     DEBUG main            d.u.i.k.p.i.AbstractProblemLoader Init config took 5.87s 
221761     INFO  main            d.u.i.k.p.i.AbstractProblemLoader Replaying proof AFilter[ThreadSpec2::staticPermissions()].JML accessible clause.0 
221773     DEBUG main            d.u.i.k.p.i.IntermediateProofReplayer Proof replay took 9.72ms 
221774     DEBUG main            d.u.i.k.p.r.p.TestFile    ... success: reloaded. 
221776     INFO  main            d.u.i.k.p.r.p.TestFile    Now processing file /home/runner/work/key/key/key.core/../key.ui/examples/heap/permissions/threads/AFilter_workingPermissions_accessible.key 
221776     INFO  main            d.u.i.k.p.i.AbstractProblemLoader Loading environment from /home/runner/work/key/key/key.core/../key.ui/examples/heap/permissions/threads/AFilter_workingPermissions_accessible.key 
221776     DEBUG main            d.u.i.k.p.i.AbstractProblemLoader Environment load took 91.1ns 
221777     INFO  main            d.u.i.k.p.i.AbstractProblemLoader Creating init config 
227870     DEBUG main            d.u.i.k.p.i.AbstractProblemLoader Init config took 6.09s 
227971     INFO  main            d.u.i.k.p.i.AbstractProblemLoader Replaying proof AFilter[ThreadSpec2::workingPermissions()].JML accessible clause.0 
227973     DEBUG main            d.u.i.k.p.i.IntermediateProofReplayer Proof replay took 7.2ns 
228078     INFO  main            d.u.i.k.p.r.p.TestFile    ... finished proof: closed. 
228439     INFO  main            d.u.i.k.p.i.AbstractProblemLoader Loading environment from /home/runner/work/key/key/key.core/../key.ui/examples/heap/permissions/threads/AFilter_workingPermissions_accessible.key.proof 
228439     DEBUG main            d.u.i.k.p.i.AbstractProblemLoader Environment load took 137.1ns 
228440     INFO  main            d.u.i.k.p.i.AbstractProblemLoader Creating init config 
234470     DEBUG main            d.u.i.k.p.i.AbstractProblemLoader Init config took 6.03s 
234568     INFO  main            d.u.i.k.p.i.AbstractProblemLoader Replaying proof AFilter[ThreadSpec2::workingPermissions()].JML accessible clause.0 
234579     DEBUG main            d.u.i.k.p.i.IntermediateProofReplayer Proof replay took 8.65ms 
234580     DEBUG main            d.u.i.k.p.r.p.TestFile    ... success: reloaded. 
234582     INFO  main            d.u.i.k.p.r.p.TestFile    Now processing file /home/runner/work/key/key/key.core/../key.ui/examples/heap/permissions/threads/BFilter_BFilter.key 
234582     INFO  main            d.u.i.k.p.i.AbstractProblemLoader Loading environment from /home/runner/work/key/key/key.core/../key.ui/examples/heap/permissions/threads/BFilter_BFilter.key 
234582     DEBUG main            d.u.i.k.p.i.AbstractProblemLoader Environment load took 144.3ns 
234583     INFO  main            d.u.i.k.p.i.AbstractProblemLoader Creating init config 
240659     DEBUG main            d.u.i.k.p.i.AbstractProblemLoader Init config took 6.08s 
240776     INFO  main            d.u.i.k.p.i.AbstractProblemLoader Replaying proof BFilter[BFilter::BFilter(Sampler,Buffer)].JML normal_behavior operation contract.0 
240778     DEBUG main            d.u.i.k.p.i.IntermediateProofReplayer Proof replay took 22.5ns 
242009     INFO  main            d.u.i.k.p.r.p.TestFile    ... finished proof: closed. 
242390     INFO  main            d.u.i.k.p.i.AbstractProblemLoader Loading environment from /home/runner/work/key/key/key.core/../key.ui/examples/heap/permissions/threads/BFilter_BFilter.key.proof 
242390     DEBUG main            d.u.i.k.p.i.AbstractProblemLoader Environment load took 476.9ns 
242392     INFO  main            d.u.i.k.p.i.AbstractProblemLoader Creating init config 
248345     DEBUG main            d.u.i.k.p.i.AbstractProblemLoader Init config took 5.95s 
248443     INFO  main            d.u.i.k.p.i.AbstractProblemLoader Replaying proof BFilter[BFilter::BFilter(Sampler,Buffer)].JML normal_behavior operation contract.0 
248589     DEBUG main            d.u.i.k.p.i.IntermediateProofReplayer Proof replay took 140.08ms 
248590     DEBUG main            d.u.i.k.p.r.p.TestFile    ... success: reloaded. 
248592     INFO  main            d.u.i.k.p.r.p.TestFile    Now processing file /home/runner/work/key/key/key.core/../key.ui/examples/heap/permissions/threads/BFilter_initPost_accessible.key 
248592     INFO  main            d.u.i.k.p.i.AbstractProblemLoader Loading environment from /home/runner/work/key/key/key.core/../key.ui/examples/heap/permissions/threads/BFilter_initPost_accessible.key 
248592     DEBUG main            d.u.i.k.p.i.AbstractProblemLoader Environment load took 180.7ns 
248594     INFO  main            d.u.i.k.p.i.AbstractProblemLoader Creating init config 
254592     DEBUG main            d.u.i.k.p.i.AbstractProblemLoader Init config took 6s 
254691     INFO  main            d.u.i.k.p.i.AbstractProblemLoader Replaying proof BFilter[ThreadSpec2::initPost()].JML accessible clause.0 
254693     DEBUG main            d.u.i.k.p.i.IntermediateProofReplayer Proof replay took 7.1ns 
254796     INFO  main            d.u.i.k.p.r.p.TestFile    ... finished proof: closed. 
255174     INFO  main            d.u.i.k.p.i.AbstractProblemLoader Loading environment from /home/runner/work/key/key/key.core/../key.ui/examples/heap/permissions/threads/BFilter_initPost_accessible.key.proof 
255174     DEBUG main            d.u.i.k.p.i.AbstractProblemLoader Environment load took 147.1ns 
255175     INFO  main            d.u.i.k.p.i.AbstractProblemLoader Creating init config 
261096     DEBUG main            d.u.i.k.p.i.AbstractProblemLoader Init config took 5.92s 
261208     INFO  main            d.u.i.k.p.i.AbstractProblemLoader Replaying proof BFilter[ThreadSpec2::initPost()].JML accessible clause.0 
261221     DEBUG main            d.u.i.k.p.i.IntermediateProofReplayer Proof replay took 10.29ms 
261223     DEBUG main            d.u.i.k.p.r.p.TestFile    ... success: reloaded. 
261224     INFO  main            d.u.i.k.p.r.p.TestFile    Now processing file /home/runner/work/key/key/key.core/../key.ui/examples/heap/permissions/threads/BFilter_inv_accessible1.key 
261224     INFO  main            d.u.i.k.p.i.AbstractProblemLoader Loading environment from /home/runner/work/key/key/key.core/../key.ui/examples/heap/permissions/threads/BFilter_inv_accessible1.key 
261224     DEBUG main            d.u.i.k.p.i.AbstractProblemLoader Environment load took 245ns 
261226     INFO  main            d.u.i.k.p.i.AbstractProblemLoader Creating init config 
267264     DEBUG main            d.u.i.k.p.i.AbstractProblemLoader Init config took 6.04s 
267378     INFO  main            d.u.i.k.p.i.AbstractProblemLoader Replaying proof BFilter[java.lang.Object::<inv>()].JML accessible clause.0 
267379     DEBUG main            d.u.i.k.p.i.IntermediateProofReplayer Proof replay took 6.9ns 
267486     INFO  main            d.u.i.k.p.r.p.TestFile    ... finished proof: closed. 
267866     INFO  main            d.u.i.k.p.i.AbstractProblemLoader Loading environment from /home/runner/work/key/key/key.core/../key.ui/examples/heap/permissions/threads/BFilter_inv_accessible1.key.proof 
267866     DEBUG main            d.u.i.k.p.i.AbstractProblemLoader Environment load took 126.5ns 
267867     INFO  main            d.u.i.k.p.i.AbstractProblemLoader Creating init config 
273689     DEBUG main            d.u.i.k.p.i.AbstractProblemLoader Init config took 5.82s 
273781     INFO  main            d.u.i.k.p.i.AbstractProblemLoader Replaying proof BFilter[java.lang.Object::<inv>()].JML accessible clause.0 
273786     DEBUG main            d.u.i.k.p.i.IntermediateProofReplayer Proof replay took 2.13ms 
273787     DEBUG main            d.u.i.k.p.r.p.TestFile    ... success: reloaded. 
273788     INFO  main            d.u.i.k.p.r.p.TestFile    Now processing file /home/runner/work/key/key/key.core/../key.ui/examples/heap/permissions/threads/BFilter_inv_accessible2.key 
273789     INFO  main            d.u.i.k.p.i.AbstractProblemLoader Loading environment from /home/runner/work/key/key/key.core/../key.ui/examples/heap/permissions/threads/BFilter_inv_accessible2.key 
273789     DEBUG main            d.u.i.k.p.i.AbstractProblemLoader Environment load took 154ns 
273790     INFO  main            d.u.i.k.p.i.AbstractProblemLoader Creating init config 
279700     DEBUG main            d.u.i.k.p.i.AbstractProblemLoader Init config took 5.91s 
279797     INFO  main            d.u.i.k.p.i.AbstractProblemLoader Replaying proof BFilter[java.lang.Object::<inv>()].JML accessible clause.1 
279799     DEBUG main            d.u.i.k.p.i.IntermediateProofReplayer Proof replay took 7.2ns 
279906     INFO  main            d.u.i.k.p.r.p.TestFile    ... finished proof: closed. 
280291     INFO  main            d.u.i.k.p.i.AbstractProblemLoader Loading environment from /home/runner/work/key/key/key.core/../key.ui/examples/heap/permissions/threads/BFilter_inv_accessible2.key.proof 
280292     DEBUG main            d.u.i.k.p.i.AbstractProblemLoader Environment load took 146ns 
280293     INFO  main            d.u.i.k.p.i.AbstractProblemLoader Creating init config 
286159     DEBUG main            d.u.i.k.p.i.AbstractProblemLoader Init config took 5.87s 
286257     INFO  main            d.u.i.k.p.i.AbstractProblemLoader Replaying proof BFilter[java.lang.Object::<inv>()].JML accessible clause.1 
286261     DEBUG main            d.u.i.k.p.i.IntermediateProofReplayer Proof replay took 1.99ms 
286262     DEBUG main            d.u.i.k.p.r.p.TestFile    ... success: reloaded. 
286263     INFO  main            d.u.i.k.p.r.p.TestFile    Now processing file /home/runner/work/key/key/key.core/../key.ui/examples/heap/permissions/threads/BFilter_joinTransfer_accessible.key 
286264     INFO  main            d.u.i.k.p.i.AbstractProblemLoader Loading environment from /home/runner/work/key/key/key.core/../key.ui/examples/heap/permissions/threads/BFilter_joinTransfer_accessible.key 
286264     DEBUG main            d.u.i.k.p.i.AbstractProblemLoader Environment load took 98.4ns 
286265     INFO  main            d.u.i.k.p.i.AbstractProblemLoader Creating init config 
292182     DEBUG main            d.u.i.k.p.i.AbstractProblemLoader Init config took 5.92s 
292277     INFO  main            d.u.i.k.p.i.AbstractProblemLoader Replaying proof BFilter[ThreadSpec2::joinTransfer()].JML accessible clause.0 
292280     DEBUG main            d.u.i.k.p.i.IntermediateProofReplayer Proof replay took 7.4ns 
296257     INFO  main            d.u.i.k.p.r.p.TestFile    ... finished proof: closed. 
296680     INFO  main            d.u.i.k.p.i.AbstractProblemLoader Loading environment from /home/runner/work/key/key/key.core/../key.ui/examples/heap/permissions/threads/BFilter_joinTransfer_accessible.key.proof 
296681     DEBUG main            d.u.i.k.p.i.AbstractProblemLoader Environment load took 738.2ns 
296683     INFO  main            d.u.i.k.p.i.AbstractProblemLoader Creating init config 
302684     DEBUG main            d.u.i.k.p.i.AbstractProblemLoader Init config took 6s 
302801     INFO  main            d.u.i.k.p.i.AbstractProblemLoader Replaying proof BFilter[ThreadSpec2::joinTransfer()].JML accessible clause.0 
303075     DEBUG main            d.u.i.k.p.i.IntermediateProofReplayer Proof replay took 262.59ms 
303077     DEBUG main            d.u.i.k.p.r.p.TestFile    ... success: reloaded. 
303079     INFO  main            d.u.i.k.p.r.p.TestFile    Now processing file /home/runner/work/key/key/key.core/../key.ui/examples/heap/permissions/threads/BFilter_joinTransfer_contract.key 
303079     INFO  main            d.u.i.k.p.i.AbstractProblemLoader Loading environment from /home/runner/work/key/key/key.core/../key.ui/examples/heap/permissions/threads/BFilter_joinTransfer_contract.key 
303079     DEBUG main            d.u.i.k.p.i.AbstractProblemLoader Environment load took 112.6ns 
303080     INFO  main            d.u.i.k.p.i.AbstractProblemLoader Creating init config 
309194     DEBUG main            d.u.i.k.p.i.AbstractProblemLoader Init config took 6.11s 
309313     INFO  main            d.u.i.k.p.i.AbstractProblemLoader Replaying proof BFilter[ThreadSpec2::joinTransfer()].JML model_behavior operation contract.0 
309315     DEBUG main            d.u.i.k.p.i.IntermediateProofReplayer Proof replay took 7.3ns 
309417     INFO  main            d.u.i.k.p.r.p.TestFile    ... finished proof: closed. 
309831     INFO  main            d.u.i.k.p.i.AbstractProblemLoader Loading environment from /home/runner/work/key/key/key.core/../key.ui/examples/heap/permissions/threads/BFilter_joinTransfer_contract.key.proof 
309831     DEBUG main            d.u.i.k.p.i.AbstractProblemLoader Environment load took 143.9ns 
309832     INFO  main            d.u.i.k.p.i.AbstractProblemLoader Creating init config 
316007     DEBUG main            d.u.i.k.p.i.AbstractProblemLoader Init config took 6.17s 
316107     INFO  main            d.u.i.k.p.i.AbstractProblemLoader Replaying proof BFilter[ThreadSpec2::joinTransfer()].JML model_behavior operation contract.0 
316119     DEBUG main            d.u.i.k.p.i.IntermediateProofReplayer Proof replay took 9.76ms 
316121     DEBUG main            d.u.i.k.p.r.p.TestFile    ... success: reloaded. 
316122     INFO  main            d.u.i.k.p.r.p.TestFile    Now processing file /home/runner/work/key/key/key.core/../key.ui/examples/heap/permissions/threads/BFilter_postJoin_accessible.key 
316123     INFO  main            d.u.i.k.p.i.AbstractProblemLoader Loading environment from /home/runner/work/key/key/key.core/../key.ui/examples/heap/permissions/threads/BFilter_postJoin_accessible.key 
316123     DEBUG main            d.u.i.k.p.i.AbstractProblemLoader Environment load took 388.2ns 
316124     INFO  main            d.u.i.k.p.i.AbstractProblemLoader Creating init config 
322248     DEBUG main            d.u.i.k.p.i.AbstractProblemLoader Init config took 6.12s 
322373     INFO  main            d.u.i.k.p.i.AbstractProblemLoader Replaying proof BFilter[ThreadSpec2::postJoin(java.lang.Object)].JML accessible clause.0 
322375     DEBUG main            d.u.i.k.p.i.IntermediateProofReplayer Proof replay took 9.7ns 
322484     INFO  main            d.u.i.k.p.r.p.TestFile    ... finished proof: closed. 
322996     INFO  main            d.u.i.k.p.i.AbstractProblemLoader Loading environment from /home/runner/work/key/key/key.core/../key.ui/examples/heap/permissions/threads/BFilter_postJoin_accessible.key.proof 
322996     DEBUG main            d.u.i.k.p.i.AbstractProblemLoader Environment load took 107.8ns 
322998     INFO  main            d.u.i.k.p.i.AbstractProblemLoader Creating init config 
329064     DEBUG main            d.u.i.k.p.i.AbstractProblemLoader Init config took 6.07s 
329163     INFO  main            d.u.i.k.p.i.AbstractProblemLoader Replaying proof BFilter[ThreadSpec2::postJoin(java.lang.Object)].JML accessible clause.0 
329171     DEBUG main            d.u.i.k.p.i.IntermediateProofReplayer Proof replay took 5.82ms 
329172     DEBUG main            d.u.i.k.p.r.p.TestFile    ... success: reloaded. 
329173     INFO  main            d.u.i.k.p.r.p.TestFile    Now processing file /home/runner/work/key/key/key.core/../key.ui/examples/heap/permissions/threads/BFilter_preStart_accessible.key 
329174     INFO  main            d.u.i.k.p.i.AbstractProblemLoader Loading environment from /home/runner/work/key/key/key.core/../key.ui/examples/heap/permissions/threads/BFilter_preStart_accessible.key 
329174     DEBUG main            d.u.i.k.p.i.AbstractProblemLoader Environment load took 102ns 
329175     INFO  main            d.u.i.k.p.i.AbstractProblemLoader Creating init config 
335264     DEBUG main            d.u.i.k.p.i.AbstractProblemLoader Init config took 6.09s 
335358     INFO  main            d.u.i.k.p.i.AbstractProblemLoader Replaying proof BFilter[ThreadSpec2::preStart(java.lang.Object)].JML accessible clause.0 
335360     DEBUG main            d.u.i.k.p.i.IntermediateProofReplayer Proof replay took 25.5ns 
335763     INFO  main            d.u.i.k.p.r.p.TestFile    ... finished proof: closed. 
336255     INFO  main            d.u.i.k.p.i.AbstractProblemLoader Loading environment from /home/runner/work/key/key/key.core/../key.ui/examples/heap/permissions/threads/BFilter_preStart_accessible.key.proof 
336255     DEBUG main            d.u.i.k.p.i.AbstractProblemLoader Environment load took 111.3ns 
336256     INFO  main            d.u.i.k.p.i.AbstractProblemLoader Creating init config 
342320     DEBUG main            d.u.i.k.p.i.AbstractProblemLoader Init config took 6.06s 
342419     INFO  main            d.u.i.k.p.i.AbstractProblemLoader Replaying proof BFilter[ThreadSpec2::preStart(java.lang.Object)].JML accessible clause.0 
342449     DEBUG main            d.u.i.k.p.i.IntermediateProofReplayer Proof replay took 26.29ms 
342450     DEBUG main            d.u.i.k.p.r.p.TestFile    ... success: reloaded. 
342451     INFO  main            d.u.i.k.p.r.p.TestFile    Now processing file /home/runner/work/key/key/key.core/../key.ui/examples/heap/permissions/threads/BFilter_startTransfer_accessible.key 
342452     INFO  main            d.u.i.k.p.i.AbstractProblemLoader Loading environment from /home/runner/work/key/key/key.core/../key.ui/examples/heap/permissions/threads/BFilter_startTransfer_accessible.key 
342452     DEBUG main            d.u.i.k.p.i.AbstractProblemLoader Environment load took 202.7ns 
342453     INFO  main            d.u.i.k.p.i.AbstractProblemLoader Creating init config 
348496     DEBUG main            d.u.i.k.p.i.AbstractProblemLoader Init config took 6.04s 
348613     INFO  main            d.u.i.k.p.i.AbstractProblemLoader Replaying proof BFilter[ThreadSpec2::startTransfer()].JML accessible clause.0 
348615     DEBUG main            d.u.i.k.p.i.IntermediateProofReplayer Proof replay took 8.3ns 
355974     INFO  main            d.u.i.k.p.r.p.TestFile    ... finished proof: closed. 
356425     INFO  main            d.u.i.k.p.i.AbstractProblemLoader Loading environment from /home/runner/work/key/key/key.core/../key.ui/examples/heap/permissions/threads/BFilter_startTransfer_accessible.key.proof 
356425     DEBUG main            d.u.i.k.p.i.AbstractProblemLoader Environment load took 208.2ns 
356427     INFO  main            d.u.i.k.p.i.AbstractProblemLoader Creating init config 
362459     DEBUG main            d.u.i.k.p.i.AbstractProblemLoader Init config took 6.03s 
362558     INFO  main            d.u.i.k.p.i.AbstractProblemLoader Replaying proof BFilter[ThreadSpec2::startTransfer()].JML accessible clause.0 
363010     DEBUG main            d.u.i.k.p.i.IntermediateProofReplayer Proof replay took 433.37ms 
363012     DEBUG main            d.u.i.k.p.r.p.TestFile    ... success: reloaded. 
363013     INFO  main            d.u.i.k.p.r.p.TestFile    Now processing file /home/runner/work/key/key/key.core/../key.ui/examples/heap/permissions/threads/BFilter_startTransfer_contract.key 
363014     INFO  main            d.u.i.k.p.i.AbstractProblemLoader Loading environment from /home/runner/work/key/key/key.core/../key.ui/examples/heap/permissions/threads/BFilter_startTransfer_contract.key 
363014     DEBUG main            d.u.i.k.p.i.AbstractProblemLoader Environment load took 102.6ns 
363015     INFO  main            d.u.i.k.p.i.AbstractProblemLoader Creating init config 
368972     DEBUG main            d.u.i.k.p.i.AbstractProblemLoader Init config took 5.96s 
369066     INFO  main            d.u.i.k.p.i.AbstractProblemLoader Replaying proof BFilter[ThreadSpec2::startTransfer()].JML model_behavior operation contract.0 
369069     DEBUG main            d.u.i.k.p.i.IntermediateProofReplayer Proof replay took 8.5ns 
370500     INFO  main            d.u.i.k.p.r.p.TestFile    ... finished proof: closed. 
370948     INFO  main            d.u.i.k.p.i.AbstractProblemLoader Loading environment from /home/runner/work/key/key/key.core/../key.ui/examples/heap/permissions/threads/BFilter_startTransfer_contract.key.proof 
370948     DEBUG main            d.u.i.k.p.i.AbstractProblemLoader Environment load took 130ns 
370949     INFO  main            d.u.i.k.p.i.AbstractProblemLoader Creating init config 
376817     DEBUG main            d.u.i.k.p.i.AbstractProblemLoader Init config took 5.87s 
376912     INFO  main            d.u.i.k.p.i.AbstractProblemLoader Replaying proof BFilter[ThreadSpec2::startTransfer()].JML model_behavior operation contract.0 
377060     DEBUG main            d.u.i.k.p.i.IntermediateProofReplayer Proof replay took 141.16ms 
377062     DEBUG main            d.u.i.k.p.r.p.TestFile    ... success: reloaded. 
377063     INFO  main            d.u.i.k.p.r.p.TestFile    Now processing file /home/runner/work/key/key/key.core/../key.ui/examples/heap/permissions/threads/BFilter_stateInv_accessible.key 
377063     INFO  main            d.u.i.k.p.i.AbstractProblemLoader Loading environment from /home/runner/work/key/key/key.core/../key.ui/examples/heap/permissions/threads/BFilter_stateInv_accessible.key 
377063     DEBUG main            d.u.i.k.p.i.AbstractProblemLoader Environment load took 106.2ns 
377064     INFO  main            d.u.i.k.p.i.AbstractProblemLoader Creating init config 
383008     DEBUG main            d.u.i.k.p.i.AbstractProblemLoader Init config took 5.94s 
383118     INFO  main            d.u.i.k.p.i.AbstractProblemLoader Replaying proof BFilter[ThreadSpec2::stateInv()].JML accessible clause.0 
383120     DEBUG main            d.u.i.k.p.i.IntermediateProofReplayer Proof replay took 7.6ns 
383523     INFO  main            d.u.i.k.p.r.p.TestFile    ... finished proof: closed. 
383985     INFO  main            d.u.i.k.p.i.AbstractProblemLoader Loading environment from /home/runner/work/key/key/key.core/../key.ui/examples/heap/permissions/threads/BFilter_stateInv_accessible.key.proof 
383985     DEBUG main            d.u.i.k.p.i.AbstractProblemLoader Environment load took 107.1ns 
383986     INFO  main            d.u.i.k.p.i.AbstractProblemLoader Creating init config 
389961     DEBUG main            d.u.i.k.p.i.AbstractProblemLoader Init config took 5.98s 
390077     INFO  main            d.u.i.k.p.i.AbstractProblemLoader Replaying proof BFilter[ThreadSpec2::stateInv()].JML accessible clause.0 
390112     DEBUG main            d.u.i.k.p.i.IntermediateProofReplayer Proof replay took 32.63ms 
390113     DEBUG main            d.u.i.k.p.r.p.TestFile    ... success: reloaded. 
390114     INFO  main            d.u.i.k.p.r.p.TestFile    Now processing file /home/runner/work/key/key/key.core/../key.ui/examples/heap/permissions/threads/BFilter_staticPermissions_accessible.key 
390114     INFO  main            d.u.i.k.p.i.AbstractProblemLoader Loading environment from /home/runner/work/key/key/key.core/../key.ui/examples/heap/permissions/threads/BFilter_staticPermissions_accessible.key 
390115     DEBUG main            d.u.i.k.p.i.AbstractProblemLoader Environment load took 60ns 
390116     INFO  main            d.u.i.k.p.i.AbstractProblemLoader Creating init config 
396156     DEBUG main            d.u.i.k.p.i.AbstractProblemLoader Init config took 6.04s 
396251     INFO  main            d.u.i.k.p.i.AbstractProblemLoader Replaying proof BFilter[ThreadSpec2::staticPermissions()].JML accessible clause.0 
396253     DEBUG main            d.u.i.k.p.i.IntermediateProofReplayer Proof replay took 7.2ns 
396358     INFO  main            d.u.i.k.p.r.p.TestFile    ... finished proof: closed. 
396821     INFO  main            d.u.i.k.p.i.AbstractProblemLoader Loading environment from /home/runner/work/key/key/key.core/../key.ui/examples/heap/permissions/threads/BFilter_staticPermissions_accessible.key.proof 
396822     DEBUG main            d.u.i.k.p.i.AbstractProblemLoader Environment load took 98.6ns 
396823     INFO  main            d.u.i.k.p.i.AbstractProblemLoader Creating init config 
402627     DEBUG main            d.u.i.k.p.i.AbstractProblemLoader Init config took 5.8s 
402739     INFO  main            d.u.i.k.p.i.AbstractProblemLoader Replaying proof BFilter[ThreadSpec2::staticPermissions()].JML accessible clause.0 
402751     DEBUG main            d.u.i.k.p.i.IntermediateProofReplayer Proof replay took 8.98ms 
402752     DEBUG main            d.u.i.k.p.r.p.TestFile    ... success: reloaded. 
402753     INFO  main            d.u.i.k.p.r.p.TestFile    Now processing file /home/runner/work/key/key/key.core/../key.ui/examples/heap/permissions/threads/BFilter_workingPermissions_accessible.key 
402753     INFO  main            d.u.i.k.p.i.AbstractProblemLoader Loading environment from /home/runner/work/key/key/key.core/../key.ui/examples/heap/permissions/threads/BFilter_workingPermissions_accessible.key 
402753     DEBUG main            d.u.i.k.p.i.AbstractProblemLoader Environment load took 60.7ns 
402754     INFO  main            d.u.i.k.p.i.AbstractProblemLoader Creating init config 
408664     DEBUG main            d.u.i.k.p.i.AbstractProblemLoader Init config took 5.91s 
408756     INFO  main            d.u.i.k.p.i.AbstractProblemLoader Replaying proof BFilter[ThreadSpec2::workingPermissions()].JML accessible clause.0 
408758     DEBUG main            d.u.i.k.p.i.IntermediateProofReplayer Proof replay took 14.9ns 
408862     INFO  main            d.u.i.k.p.r.p.TestFile    ... finished proof: closed. 
409336     INFO  main            d.u.i.k.p.i.AbstractProblemLoader Loading environment from /home/runner/work/key/key/key.core/../key.ui/examples/heap/permissions/threads/BFilter_workingPermissions_accessible.key.proof 
409337     DEBUG main            d.u.i.k.p.i.AbstractProblemLoader Environment load took 117.9ns 
409338     INFO  main            d.u.i.k.p.i.AbstractProblemLoader Creating init config 
415166     DEBUG main            d.u.i.k.p.i.AbstractProblemLoader Init config took 5.83s 
415265     INFO  main            d.u.i.k.p.i.AbstractProblemLoader Replaying proof BFilter[ThreadSpec2::workingPermissions()].JML accessible clause.0 
415275     DEBUG main            d.u.i.k.p.i.IntermediateProofReplayer Proof replay took 7.7ms 
415276     DEBUG main            d.u.i.k.p.r.p.TestFile    ... success: reloaded. 
415277     INFO  main            d.u.i.k.p.r.p.TestFile    Now processing file /home/runner/work/key/key/key.core/../key.ui/examples/heap/permissions/threads/Fib_Fib.key 
415277     INFO  main            d.u.i.k.p.i.AbstractProblemLoader Loading environment from /home/runner/work/key/key/key.core/../key.ui/examples/heap/permissions/threads/Fib_Fib.key 
415277     DEBUG main            d.u.i.k.p.i.AbstractProblemLoader Environment load took 99.8ns 
415278     INFO  main            d.u.i.k.p.i.AbstractProblemLoader Creating init config 
421311     DEBUG main            d.u.i.k.p.i.AbstractProblemLoader Init config took 6.03s 
421407     INFO  main            d.u.i.k.p.i.AbstractProblemLoader Replaying proof Fib[Fib::Fib(int)].JML normal_behavior operation contract.0 
421408     DEBUG main            d.u.i.k.p.i.IntermediateProofReplayer Proof replay took 7.8ns 
422219     INFO  main            d.u.i.k.p.r.p.TestFile    ... finished proof: closed. 
422716     INFO  main            d.u.i.k.p.i.AbstractProblemLoader Loading environment from /home/runner/work/key/key/key.core/../key.ui/examples/heap/permissions/threads/Fib_Fib.key.proof 
422716     DEBUG main            d.u.i.k.p.i.AbstractProblemLoader Environment load took 97.7ns 
422717     INFO  main            d.u.i.k.p.i.AbstractProblemLoader Creating init config 
428571     DEBUG main            d.u.i.k.p.i.AbstractProblemLoader Init config took 5.85s 
428665     INFO  main            d.u.i.k.p.i.AbstractProblemLoader Replaying proof Fib[Fib::Fib(int)].JML normal_behavior operation contract.0 
428772     DEBUG main            d.u.i.k.p.i.IntermediateProofReplayer Proof replay took 99.59ms 
428774     DEBUG main            d.u.i.k.p.r.p.TestFile    ... success: reloaded. 
428775     INFO  main            d.u.i.k.p.r.p.TestFile    Now processing file /home/runner/work/key/key/key.core/../key.ui/examples/heap/permissions/threads/Fib_initPost_accessible.key 
428775     INFO  main            d.u.i.k.p.i.AbstractProblemLoader Loading environment from /home/runner/work/key/key/key.core/../key.ui/examples/heap/permissions/threads/Fib_initPost_accessible.key 
428775     DEBUG main            d.u.i.k.p.i.AbstractProblemLoader Environment load took 88.5ns 
428776     INFO  main            d.u.i.k.p.i.AbstractProblemLoader Creating init config 
434675     DEBUG main            d.u.i.k.p.i.AbstractProblemLoader Init config took 5.9s 
434769     INFO  main            d.u.i.k.p.i.AbstractProblemLoader Replaying proof Fib[ThreadSpec::initPost()].JML accessible clause.0 
434771     DEBUG main            d.u.i.k.p.i.IntermediateProofReplayer Proof replay took 7.7ns 
434873     INFO  main            d.u.i.k.p.r.p.TestFile    ... finished proof: closed. 
435365     INFO  main            d.u.i.k.p.i.AbstractProblemLoader Loading environment from /home/runner/work/key/key/key.core/../key.ui/examples/heap/permissions/threads/Fib_initPost_accessible.key.proof 
435365     DEBUG main            d.u.i.k.p.i.AbstractProblemLoader Environment load took 109.9ns 
435367     INFO  main            d.u.i.k.p.i.AbstractProblemLoader Creating init config 
441232     DEBUG main            d.u.i.k.p.i.AbstractProblemLoader Init config took 5.87s 
441329     INFO  main            d.u.i.k.p.i.AbstractProblemLoader Replaying proof Fib[ThreadSpec::initPost()].JML accessible clause.0 
441336     DEBUG main            d.u.i.k.p.i.IntermediateProofReplayer Proof replay took 5.27ms 
441337     DEBUG main            d.u.i.k.p.r.p.TestFile    ... success: reloaded. 
441339     INFO  main            d.u.i.k.p.r.p.TestFile    Now processing file /home/runner/work/key/key/key.core/../key.ui/examples/heap/permissions/threads/Fib_inv1_accessible.key 
441339     INFO  main            d.u.i.k.p.i.AbstractProblemLoader Loading environment from /home/runner/work/key/key/key.core/../key.ui/examples/heap/permissions/threads/Fib_inv1_accessible.key 
441339     DEBUG main            d.u.i.k.p.i.AbstractProblemLoader Environment load took 168.1ns 
441340     INFO  main            d.u.i.k.p.i.AbstractProblemLoader Creating init config 
447434     DEBUG main            d.u.i.k.p.i.AbstractProblemLoader Init config took 6.09s 
447533     INFO  main            d.u.i.k.p.i.AbstractProblemLoader Replaying proof Fib[java.lang.Object::<inv>()].JML accessible clause.0 
447536     DEBUG main            d.u.i.k.p.i.IntermediateProofReplayer Proof replay took 7.7ns 
447637     INFO  main            d.u.i.k.p.r.p.TestFile    ... finished proof: closed. 
448144     INFO  main            d.u.i.k.p.i.AbstractProblemLoader Loading environment from /home/runner/work/key/key/key.core/../key.ui/examples/heap/permissions/threads/Fib_inv1_accessible.key.proof 
448144     DEBUG main            d.u.i.k.p.i.AbstractProblemLoader Environment load took 134.2ns 
448145     INFO  main            d.u.i.k.p.i.AbstractProblemLoader Creating init config 
454191     DEBUG main            d.u.i.k.p.i.AbstractProblemLoader Init config took 6.05s 
454285     INFO  main            d.u.i.k.p.i.AbstractProblemLoader Replaying proof Fib[java.lang.Object::<inv>()].JML accessible clause.0 
454289     DEBUG main            d.u.i.k.p.i.IntermediateProofReplayer Proof replay took 1.83ms 
454290     DEBUG main            d.u.i.k.p.r.p.TestFile    ... success: reloaded. 
454291     INFO  main            d.u.i.k.p.r.p.TestFile    Now processing file /home/runner/work/key/key/key.core/../key.ui/examples/heap/permissions/threads/Fib_inv2_accessible.key 
454291     INFO  main            d.u.i.k.p.i.AbstractProblemLoader Loading environment from /home/runner/work/key/key/key.core/../key.ui/examples/heap/permissions/threads/Fib_inv2_accessible.key 
454291     DEBUG main            d.u.i.k.p.i.AbstractProblemLoader Environment load took 93.2ns 
454292     INFO  main            d.u.i.k.p.i.AbstractProblemLoader Creating init config 
460375     DEBUG main            d.u.i.k.p.i.AbstractProblemLoader Init config took 6.08s 
460474     INFO  main            d.u.i.k.p.i.AbstractProblemLoader Replaying proof Fib[java.lang.Object::<inv>()].JML accessible clause.1 
460476     DEBUG main            d.u.i.k.p.i.IntermediateProofReplayer Proof replay took 14.8ns 
460578     INFO  main            d.u.i.k.p.r.p.TestFile    ... finished proof: closed. 
461084     INFO  main            d.u.i.k.p.i.AbstractProblemLoader Loading environment from /home/runner/work/key/key/key.core/../key.ui/examples/heap/permissions/threads/Fib_inv2_accessible.key.proof 
461084     DEBUG main            d.u.i.k.p.i.AbstractProblemLoader Environment load took 93.1ns 
461085     INFO  main            d.u.i.k.p.i.AbstractProblemLoader Creating init config 
467137     DEBUG main            d.u.i.k.p.i.AbstractProblemLoader Init config took 6.05s 
467231     INFO  main            d.u.i.k.p.i.AbstractProblemLoader Replaying proof Fib[java.lang.Object::<inv>()].JML accessible clause.1 
467234     DEBUG main            d.u.i.k.p.i.IntermediateProofReplayer Proof replay took 1.73ms 
467235     DEBUG main            d.u.i.k.p.r.p.TestFile    ... success: reloaded. 
467236     INFO  main            d.u.i.k.p.r.p.TestFile    Now processing file /home/runner/work/key/key/key.core/../key.ui/examples/heap/permissions/threads/Fib_joinTransfer_accessible.key 
467236     INFO  main            d.u.i.k.p.i.AbstractProblemLoader Loading environment from /home/runner/work/key/key/key.core/../key.ui/examples/heap/permissions/threads/Fib_joinTransfer_accessible.key 
467237     DEBUG main            d.u.i.k.p.i.AbstractProblemLoader Environment load took 72.6ns 
467238     INFO  main            d.u.i.k.p.i.AbstractProblemLoader Creating init config 
473290     DEBUG main            d.u.i.k.p.i.AbstractProblemLoader Init config took 6.05s 
473386     INFO  main            d.u.i.k.p.i.AbstractProblemLoader Replaying proof Fib[ThreadSpec::joinTransfer()].JML accessible clause.0 
473387     DEBUG main            d.u.i.k.p.i.IntermediateProofReplayer Proof replay took 7.9ns 
473589     INFO  main            d.u.i.k.p.r.p.TestFile    ... finished proof: closed. 
474082     INFO  main            d.u.i.k.p.i.AbstractProblemLoader Loading environment from /home/runner/work/key/key/key.core/../key.ui/examples/heap/permissions/threads/Fib_joinTransfer_accessible.key.proof 
474082     DEBUG main            d.u.i.k.p.i.AbstractProblemLoader Environment load took 111.3ns 
474083     INFO  main            d.u.i.k.p.i.AbstractProblemLoader Creating init config 
480162     DEBUG main            d.u.i.k.p.i.AbstractProblemLoader Init config took 6.08s 
480259     INFO  main            d.u.i.k.p.i.AbstractProblemLoader Replaying proof Fib[ThreadSpec::joinTransfer()].JML accessible clause.0 
480285     DEBUG main            d.u.i.k.p.i.IntermediateProofReplayer Proof replay took 22.97ms 
480286     DEBUG main            d.u.i.k.p.r.p.TestFile    ... success: reloaded. 
480287     INFO  main            d.u.i.k.p.r.p.TestFile    Now processing file /home/runner/work/key/key/key.core/../key.ui/examples/heap/permissions/threads/Fib_joinTransfer_contract.key 
480287     INFO  main            d.u.i.k.p.i.AbstractProblemLoader Loading environment from /home/runner/work/key/key/key.core/../key.ui/examples/heap/permissions/threads/Fib_joinTransfer_contract.key 
480287     DEBUG main            d.u.i.k.p.i.AbstractProblemLoader Environment load took 59.7ns 
480288     INFO  main            d.u.i.k.p.i.AbstractProblemLoader Creating init config 
486405     DEBUG main            d.u.i.k.p.i.AbstractProblemLoader Init config took 6.12s 
486519     INFO  main            d.u.i.k.p.i.AbstractProblemLoader Replaying proof Fib[ThreadSpec::joinTransfer()].JML model_behavior operation contract.0 
486521     DEBUG main            d.u.i.k.p.i.IntermediateProofReplayer Proof replay took 8.3ns 
486622     INFO  main            d.u.i.k.p.r.p.TestFile    ... finished proof: closed. 
487147     INFO  main            d.u.i.k.p.i.AbstractProblemLoader Loading environment from /home/runner/work/key/key/key.core/../key.ui/examples/heap/permissions/threads/Fib_joinTransfer_contract.key.proof 
487147     DEBUG main            d.u.i.k.p.i.AbstractProblemLoader Environment load took 193.5ns 
487148     INFO  main            d.u.i.k.p.i.AbstractProblemLoader Creating init config 
493117     DEBUG main            d.u.i.k.p.i.AbstractProblemLoader Init config took 5.97s 
493233     INFO  main            d.u.i.k.p.i.AbstractProblemLoader Replaying proof Fib[ThreadSpec::joinTransfer()].JML model_behavior operation contract.0 
493245     DEBUG main            d.u.i.k.p.i.IntermediateProofReplayer Proof replay took 9.11ms 
493246     DEBUG main            d.u.i.k.p.r.p.TestFile    ... success: reloaded. 
493247     INFO  main            d.u.i.k.p.r.p.TestFile    Now processing file /home/runner/work/key/key/key.core/../key.ui/examples/heap/permissions/threads/Fib_postJoin_accessible.key 
493248     INFO  main            d.u.i.k.p.i.AbstractProblemLoader Loading environment from /home/runner/work/key/key/key.core/../key.ui/examples/heap/permissions/threads/Fib_postJoin_accessible.key 
493248     DEBUG main            d.u.i.k.p.i.AbstractProblemLoader Environment load took 186ns 
493249     INFO  main            d.u.i.k.p.i.AbstractProblemLoader Creating init config 
499448     DEBUG main            d.u.i.k.p.i.AbstractProblemLoader Init config took 6.2s 
499544     INFO  main            d.u.i.k.p.i.AbstractProblemLoader Replaying proof Fib[ThreadSpec::postJoin(java.lang.Object)].JML accessible clause.0 
499546     DEBUG main            d.u.i.k.p.i.IntermediateProofReplayer Proof replay took 8.7ns 
499648     INFO  main            d.u.i.k.p.r.p.TestFile    ... finished proof: closed. 
500173     INFO  main            d.u.i.k.p.i.AbstractProblemLoader Loading environment from /home/runner/work/key/key/key.core/../key.ui/examples/heap/permissions/threads/Fib_postJoin_accessible.key.proof 
500173     DEBUG main            d.u.i.k.p.i.AbstractProblemLoader Environment load took 122.4ns 
500174     INFO  main            d.u.i.k.p.i.AbstractProblemLoader Creating init config 
506179     DEBUG main            d.u.i.k.p.i.AbstractProblemLoader Init config took 6.01s 
506292     INFO  main            d.u.i.k.p.i.AbstractProblemLoader Replaying proof Fib[ThreadSpec::postJoin(java.lang.Object)].JML accessible clause.0 
506299     DEBUG main            d.u.i.k.p.i.IntermediateProofReplayer Proof replay took 4.99ms 
506300     DEBUG main            d.u.i.k.p.r.p.TestFile    ... success: reloaded. 
506301     INFO  main            d.u.i.k.p.r.p.TestFile    Now processing file /home/runner/work/key/key/key.core/../key.ui/examples/heap/permissions/threads/Fib_preStart_accessible.key 
506301     INFO  main            d.u.i.k.p.i.AbstractProblemLoader Loading environment from /home/runner/work/key/key/key.core/../key.ui/examples/heap/permissions/threads/Fib_preStart_accessible.key 
506301     DEBUG main            d.u.i.k.p.i.AbstractProblemLoader Environment load took 92.2ns 
506302     INFO  main            d.u.i.k.p.i.AbstractProblemLoader Creating init config 
512408     DEBUG main            d.u.i.k.p.i.AbstractProblemLoader Init config took 6.11s 
512501     INFO  main            d.u.i.k.p.i.AbstractProblemLoader Replaying proof Fib[ThreadSpec::preStart(java.lang.Object)].JML accessible clause.0 
512503     DEBUG main            d.u.i.k.p.i.IntermediateProofReplayer Proof replay took 8.4ns 
512605     INFO  main            d.u.i.k.p.r.p.TestFile    ... finished proof: closed. 
513140     INFO  main            d.u.i.k.p.i.AbstractProblemLoader Loading environment from /home/runner/work/key/key/key.core/../key.ui/examples/heap/permissions/threads/Fib_preStart_accessible.key.proof 
513141     DEBUG main            d.u.i.k.p.i.AbstractProblemLoader Environment load took 126ns 
513142     INFO  main            d.u.i.k.p.i.AbstractProblemLoader Creating init config 
519085     DEBUG main            d.u.i.k.p.i.AbstractProblemLoader Init config took 5.94s 
519177     INFO  main            d.u.i.k.p.i.AbstractProblemLoader Replaying proof Fib[ThreadSpec::preStart(java.lang.Object)].JML accessible clause.0 
519183     DEBUG main            d.u.i.k.p.i.IntermediateProofReplayer Proof replay took 4.94ms 
519184     DEBUG main            d.u.i.k.p.r.p.TestFile    ... success: reloaded. 
519185     INFO  main            d.u.i.k.p.r.p.TestFile    Now processing file /home/runner/work/key/key/key.core/../key.ui/examples/heap/permissions/threads/Fib_startTransfer_accessible.key 
519186     INFO  main            d.u.i.k.p.i.AbstractProblemLoader Loading environment from /home/runner/work/key/key/key.core/../key.ui/examples/heap/permissions/threads/Fib_startTransfer_accessible.key 
519186     DEBUG main            d.u.i.k.p.i.AbstractProblemLoader Environment load took 93.4ns 
519187     INFO  main            d.u.i.k.p.i.AbstractProblemLoader Creating init config 
525373     DEBUG main            d.u.i.k.p.i.AbstractProblemLoader Init config took 6.19s 
525471     INFO  main            d.u.i.k.p.i.AbstractProblemLoader Replaying proof Fib[ThreadSpec::startTransfer()].JML accessible clause.0 
525472     DEBUG main            d.u.i.k.p.i.IntermediateProofReplayer Proof replay took 8ns 
525677     INFO  main            d.u.i.k.p.r.p.TestFile    ... finished proof: closed. 
526249     INFO  main            d.u.i.k.p.i.AbstractProblemLoader Loading environment from /home/runner/work/key/key/key.core/../key.ui/examples/heap/permissions/threads/Fib_startTransfer_accessible.key.proof 
526249     DEBUG main            d.u.i.k.p.i.AbstractProblemLoader Environment load took 95.8ns 
526251     INFO  main            d.u.i.k.p.i.AbstractProblemLoader Creating init config 
532428     DEBUG main            d.u.i.k.p.i.AbstractProblemLoader Init config took 6.18s 
532525     INFO  main            d.u.i.k.p.i.AbstractProblemLoader Replaying proof Fib[ThreadSpec::startTransfer()].JML accessible clause.0 
532552     DEBUG main            d.u.i.k.p.i.IntermediateProofReplayer Proof replay took 24.82ms 
532553     DEBUG main            d.u.i.k.p.r.p.TestFile    ... success: reloaded. 
532555     INFO  main            d.u.i.k.p.r.p.TestFile    Now processing file /home/runner/work/key/key/key.core/../key.ui/examples/heap/permissions/threads/Fib_startTransfer_contract.key 
532555     INFO  main            d.u.i.k.p.i.AbstractProblemLoader Loading environment from /home/runner/work/key/key/key.core/../key.ui/examples/heap/permissions/threads/Fib_startTransfer_contract.key 
532555     DEBUG main            d.u.i.k.p.i.AbstractProblemLoader Environment load took 127.8ns 
532556     INFO  main            d.u.i.k.p.i.AbstractProblemLoader Creating init config 
538856     DEBUG main            d.u.i.k.p.i.AbstractProblemLoader Init config took 6.3s 
538964     INFO  main            d.u.i.k.p.i.AbstractProblemLoader Replaying proof Fib[ThreadSpec::startTransfer()].JML model_behavior operation contract.0 
538966     DEBUG main            d.u.i.k.p.i.IntermediateProofReplayer Proof replay took 7.6ns 
539068     INFO  main            d.u.i.k.p.r.p.TestFile    ... finished proof: closed. 
539635     INFO  main            d.u.i.k.p.i.AbstractProblemLoader Loading environment from /home/runner/work/key/key/key.core/../key.ui/examples/heap/permissions/threads/Fib_startTransfer_contract.key.proof 
539635     DEBUG main            d.u.i.k.p.i.AbstractProblemLoader Environment load took 90.3ns 
539636     INFO  main            d.u.i.k.p.i.AbstractProblemLoader Creating init config 
545811     DEBUG main            d.u.i.k.p.i.AbstractProblemLoader Init config took 6.17s 
545912     INFO  main            d.u.i.k.p.i.AbstractProblemLoader Replaying proof Fib[ThreadSpec::startTransfer()].JML model_behavior operation contract.0 
545924     DEBUG main            d.u.i.k.p.i.IntermediateProofReplayer Proof replay took 9.44ms 
545925     DEBUG main            d.u.i.k.p.r.p.TestFile    ... success: reloaded. 
545926     INFO  main            d.u.i.k.p.r.p.TestFile    Now processing file /home/runner/work/key/key/key.core/../key.ui/examples/heap/permissions/threads/Fib_workingPermissions_accessible.key 
545927     INFO  main            d.u.i.k.p.i.AbstractProblemLoader Loading environment from /home/runner/work/key/key/key.core/../key.ui/examples/heap/permissions/threads/Fib_workingPermissions_accessible.key 
545927     DEBUG main            d.u.i.k.p.i.AbstractProblemLoader Environment load took 102.7ns 
545928     INFO  main            d.u.i.k.p.i.AbstractProblemLoader Creating init config 
552067     DEBUG main            d.u.i.k.p.i.AbstractProblemLoader Init config took 6.14s 
552180     INFO  main            d.u.i.k.p.i.AbstractProblemLoader Replaying proof Fib[ThreadSpec::workingPermissions()].JML accessible clause.0 
552182     DEBUG main            d.u.i.k.p.i.IntermediateProofReplayer Proof replay took 9.4ns 
552284     INFO  main            d.u.i.k.p.r.p.TestFile    ... finished proof: closed. 
552811     INFO  main            d.u.i.k.p.i.AbstractProblemLoader Loading environment from /home/runner/work/key/key/key.core/../key.ui/examples/heap/permissions/threads/Fib_workingPermissions_accessible.key.proof 
552812     DEBUG main            d.u.i.k.p.i.AbstractProblemLoader Environment load took 88.3ns 
552812     INFO  main            d.u.i.k.p.i.AbstractProblemLoader Creating init config 
558725     DEBUG main            d.u.i.k.p.i.AbstractProblemLoader Init config took 5.91s 
558821     INFO  main            d.u.i.k.p.i.AbstractProblemLoader Replaying proof Fib[ThreadSpec::workingPermissions()].JML accessible clause.0 
558825     DEBUG main            d.u.i.k.p.i.IntermediateProofReplayer Proof replay took 2.26ms 
558826     DEBUG main            d.u.i.k.p.r.p.TestFile    ... success: reloaded. 
558827     INFO  main            d.u.i.k.p.r.p.TestFile    Now processing file /home/runner/work/key/key/key.core/../key.ui/examples/heap/permissions/threads/Plotter_initPost_accessible.key 
558827     INFO  main            d.u.i.k.p.i.AbstractProblemLoader Loading environment from /home/runner/work/key/key/key.core/../key.ui/examples/heap/permissions/threads/Plotter_initPost_accessible.key 
558828     DEBUG main            d.u.i.k.p.i.AbstractProblemLoader Environment load took 150.4ns 
558829     INFO  main            d.u.i.k.p.i.AbstractProblemLoader Creating init config 
564915     DEBUG main            d.u.i.k.p.i.AbstractProblemLoader Init config took 6.09s 
565009     INFO  main            d.u.i.k.p.i.AbstractProblemLoader Replaying proof Plotter[ThreadSpec2::initPost()].JML accessible clause.0 
565011     DEBUG main            d.u.i.k.p.i.IntermediateProofReplayer Proof replay took 8.4ns 
565213     INFO  main            d.u.i.k.p.r.p.TestFile    ... finished proof: closed. 
565781     INFO  main            d.u.i.k.p.i.AbstractProblemLoader Loading environment from /home/runner/work/key/key/key.core/../key.ui/examples/heap/permissions/threads/Plotter_initPost_accessible.key.proof 
565781     DEBUG main            d.u.i.k.p.i.AbstractProblemLoader Environment load took 84.5ns 
565782     INFO  main            d.u.i.k.p.i.AbstractProblemLoader Creating init config 
571776     DEBUG main            d.u.i.k.p.i.AbstractProblemLoader Init config took 5.99s 
571890     INFO  main            d.u.i.k.p.i.AbstractProblemLoader Replaying proof Plotter[ThreadSpec2::initPost()].JML accessible clause.0 
571904     DEBUG main            d.u.i.k.p.i.IntermediateProofReplayer Proof replay took 11.82ms 
571905     DEBUG main            d.u.i.k.p.r.p.TestFile    ... success: reloaded. 
571906     INFO  main            d.u.i.k.p.r.p.TestFile    Now processing file /home/runner/work/key/key/key.core/../key.ui/examples/heap/permissions/threads/Plotter_inv_accessible1.key 
571906     INFO  main            d.u.i.k.p.i.AbstractProblemLoader Loading environment from /home/runner/work/key/key/key.core/../key.ui/examples/heap/permissions/threads/Plotter_inv_accessible1.key 
571906     DEBUG main            d.u.i.k.p.i.AbstractProblemLoader Environment load took 82.2ns 
571907     INFO  main            d.u.i.k.p.i.AbstractProblemLoader Creating init config 
577928     DEBUG main            d.u.i.k.p.i.AbstractProblemLoader Init config took 6.02s 
578023     INFO  main            d.u.i.k.p.i.AbstractProblemLoader Replaying proof Plotter[java.lang.Object::<inv>()].JML accessible clause.0 
578025     DEBUG main            d.u.i.k.p.i.IntermediateProofReplayer Proof replay took 9ns 
578129     INFO  main            d.u.i.k.p.r.p.TestFile    ... finished proof: closed. 
578713     INFO  main            d.u.i.k.p.i.AbstractProblemLoader Loading environment from /home/runner/work/key/key/key.core/../key.ui/examples/heap/permissions/threads/Plotter_inv_accessible1.key.proof 
578713     DEBUG main            d.u.i.k.p.i.AbstractProblemLoader Environment load took 84.1ns 
578714     INFO  main            d.u.i.k.p.i.AbstractProblemLoader Creating init config 
584605     DEBUG main            d.u.i.k.p.i.AbstractProblemLoader Init config took 5.89s 
584699     INFO  main            d.u.i.k.p.i.AbstractProblemLoader Replaying proof Plotter[java.lang.Object::<inv>()].JML accessible clause.0 
584703     DEBUG main            d.u.i.k.p.i.IntermediateProofReplayer Proof replay took 1.9ms 
584704     DEBUG main            d.u.i.k.p.r.p.TestFile    ... success: reloaded. 
584705     INFO  main            d.u.i.k.p.r.p.TestFile    Now processing file /home/runner/work/key/key/key.core/../key.ui/examples/heap/permissions/threads/Plotter_inv_accessible2.key 
584705     INFO  main            d.u.i.k.p.i.AbstractProblemLoader Loading environment from /home/runner/work/key/key/key.core/../key.ui/examples/heap/permissions/threads/Plotter_inv_accessible2.key 
584705     DEBUG main            d.u.i.k.p.i.AbstractProblemLoader Environment load took 141.5ns 
584706     INFO  main            d.u.i.k.p.i.AbstractProblemLoader Creating init config 
590756     DEBUG main            d.u.i.k.p.i.AbstractProblemLoader Init config took 6.05s 
590868     INFO  main            d.u.i.k.p.i.AbstractProblemLoader Replaying proof Plotter[java.lang.Object::<inv>()].JML accessible clause.1 
590870     DEBUG main            d.u.i.k.p.i.IntermediateProofReplayer Proof replay took 7.9ns 
590974     INFO  main            d.u.i.k.p.r.p.TestFile    ... finished proof: closed. 
591563     INFO  main            d.u.i.k.p.i.AbstractProblemLoader Loading environment from /home/runner/work/key/key/key.core/../key.ui/examples/heap/permissions/threads/Plotter_inv_accessible2.key.proof 
591563     DEBUG main            d.u.i.k.p.i.AbstractProblemLoader Environment load took 83.6ns 
591564     INFO  main            d.u.i.k.p.i.AbstractProblemLoader Creating init config 
597489     DEBUG main            d.u.i.k.p.i.AbstractProblemLoader Init config took 5.93s 
597582     INFO  main            d.u.i.k.p.i.AbstractProblemLoader Replaying proof Plotter[java.lang.Object::<inv>()].JML accessible clause.1 
597586     DEBUG main            d.u.i.k.p.i.IntermediateProofReplayer Proof replay took 2.04ms 
597587     DEBUG main            d.u.i.k.p.r.p.TestFile    ... success: reloaded. 
597588     INFO  main            d.u.i.k.p.r.p.TestFile    Now processing file /home/runner/work/key/key/key.core/../key.ui/examples/heap/permissions/threads/Plotter_joinTransfer_contract.key 
597588     INFO  main            d.u.i.k.p.i.AbstractProblemLoader Loading environment from /home/runner/work/key/key/key.core/../key.ui/examples/heap/permissions/threads/Plotter_joinTransfer_contract.key 
597588     DEBUG main            d.u.i.k.p.i.AbstractProblemLoader Environment load took 126.4ns 
597589     INFO  main            d.u.i.k.p.i.AbstractProblemLoader Creating init config 
603640     DEBUG main            d.u.i.k.p.i.AbstractProblemLoader Init config took 6.05s 
603736     INFO  main            d.u.i.k.p.i.AbstractProblemLoader Replaying proof Plotter[ThreadSpec2::joinTransfer()].JML model_behavior operation contract.0 
603738     DEBUG main            d.u.i.k.p.i.IntermediateProofReplayer Proof replay took 8.2ns 
603840     INFO  main            d.u.i.k.p.r.p.TestFile    ... finished proof: closed. 
604421     INFO  main            d.u.i.k.p.i.AbstractProblemLoader Loading environment from /home/runner/work/key/key/key.core/../key.ui/examples/heap/permissions/threads/Plotter_joinTransfer_contract.key.proof 
604421     DEBUG main            d.u.i.k.p.i.AbstractProblemLoader Environment load took 80.8ns 
604422     INFO  main            d.u.i.k.p.i.AbstractProblemLoader Creating init config 
610343     DEBUG main            d.u.i.k.p.i.AbstractProblemLoader Init config took 5.92s 
610437     INFO  main            d.u.i.k.p.i.AbstractProblemLoader Replaying proof Plotter[ThreadSpec2::joinTransfer()].JML model_behavior operation contract.0 
610447     DEBUG main            d.u.i.k.p.i.IntermediateProofReplayer Proof replay took 9.02ms 
610448     DEBUG main            d.u.i.k.p.r.p.TestFile    ... success: reloaded. 
610449     INFO  main            d.u.i.k.p.r.p.TestFile    Now processing file /home/runner/work/key/key/key.core/../key.ui/examples/heap/permissions/threads/Plotter_Plotter.key 
610449     INFO  main            d.u.i.k.p.i.AbstractProblemLoader Loading environment from /home/runner/work/key/key/key.core/../key.ui/examples/heap/permissions/threads/Plotter_Plotter.key 
610449     DEBUG main            d.u.i.k.p.i.AbstractProblemLoader Environment load took 56.2ns 
610450     INFO  main            d.u.i.k.p.i.AbstractProblemLoader Creating init config 
616491     DEBUG main            d.u.i.k.p.i.AbstractProblemLoader Init config took 6.04s 
616586     INFO  main            d.u.i.k.p.i.AbstractProblemLoader Replaying proof Plotter[Plotter::Plotter(AFilter,BFilter,Buffer)].JML normal_behavior operation contract.0 
616588     DEBUG main            d.u.i.k.p.i.IntermediateProofReplayer Proof replay took 7.6ns 
618804     INFO  main            d.u.i.k.p.r.p.TestFile    ... finished proof: closed. 
619428     INFO  main            d.u.i.k.p.i.AbstractProblemLoader Loading environment from /home/runner/work/key/key/key.core/../key.ui/examples/heap/permissions/threads/Plotter_Plotter.key.proof 
619428     DEBUG main            d.u.i.k.p.i.AbstractProblemLoader Environment load took 479.3ns 
619430     INFO  main            d.u.i.k.p.i.AbstractProblemLoader Creating init config 
625620     DEBUG main            d.u.i.k.p.i.AbstractProblemLoader Init config took 6.19s 
625732     INFO  main            d.u.i.k.p.i.AbstractProblemLoader Replaying proof Plotter[Plotter::Plotter(AFilter,BFilter,Buffer)].JML normal_behavior operation contract.0 
626042     DEBUG main            d.u.i.k.p.i.IntermediateProofReplayer Proof replay took 292.73ms 
626047     DEBUG main            d.u.i.k.p.r.p.TestFile    ... success: reloaded. 
626048     INFO  main            d.u.i.k.p.r.p.TestFile    Now processing file /home/runner/work/key/key/key.core/../key.ui/examples/heap/permissions/threads/Plotter_postJoin_accessible.key 
626049     INFO  main            d.u.i.k.p.i.AbstractProblemLoader Loading environment from /home/runner/work/key/key/key.core/../key.ui/examples/heap/permissions/threads/Plotter_postJoin_accessible.key 
626058     DEBUG main            d.u.i.k.p.i.AbstractProblemLoader Environment load took 9.48ms 
626059     INFO  main            d.u.i.k.p.i.AbstractProblemLoader Creating init config 
632473     DEBUG main            d.u.i.k.p.i.AbstractProblemLoader Init config took 6.41s 
632591     INFO  main            d.u.i.k.p.i.AbstractProblemLoader Replaying proof Plotter[ThreadSpec2::postJoin(java.lang.Object)].JML accessible clause.0 
632593     DEBUG main            d.u.i.k.p.i.IntermediateProofReplayer Proof replay took 8.1ns 
632695     INFO  main            d.u.i.k.p.r.p.TestFile    ... finished proof: closed. 
633295     INFO  main            d.u.i.k.p.i.AbstractProblemLoader Loading environment from /home/runner/work/key/key/key.core/../key.ui/examples/heap/permissions/threads/Plotter_postJoin_accessible.key.proof 
633295     DEBUG main            d.u.i.k.p.i.AbstractProblemLoader Environment load took 80ns 
633296     INFO  main            d.u.i.k.p.i.AbstractProblemLoader Creating init config 
639191     DEBUG main            d.u.i.k.p.i.AbstractProblemLoader Init config took 5.89s 
639284     INFO  main            d.u.i.k.p.i.AbstractProblemLoader Replaying proof Plotter[ThreadSpec2::postJoin(java.lang.Object)].JML accessible clause.0 
639297     DEBUG main            d.u.i.k.p.i.IntermediateProofReplayer Proof replay took 10.34ms 
639298     DEBUG main            d.u.i.k.p.r.p.TestFile    ... success: reloaded. 
639299     INFO  main            d.u.i.k.p.r.p.TestFile    Now processing file /home/runner/work/key/key/key.core/../key.ui/examples/heap/permissions/threads/Plotter_preStart_accessible.key 
639299     INFO  main            d.u.i.k.p.i.AbstractProblemLoader Loading environment from /home/runner/work/key/key/key.core/../key.ui/examples/heap/permissions/threads/Plotter_preStart_accessible.key 
639299     DEBUG main            d.u.i.k.p.i.AbstractProblemLoader Environment load took 94.7ns 
639300     INFO  main            d.u.i.k.p.i.AbstractProblemLoader Creating init config 
645383     DEBUG main            d.u.i.k.p.i.AbstractProblemLoader Init config took 6.08s 
645502     INFO  main            d.u.i.k.p.i.AbstractProblemLoader Replaying proof Plotter[ThreadSpec2::preStart(java.lang.Object)].JML accessible clause.0 
645509     DEBUG main            d.u.i.k.p.i.IntermediateProofReplayer Proof replay took 7.7ns 
646813     INFO  main            d.u.i.k.p.r.p.TestFile    ... finished proof: closed. 
647423     INFO  main            d.u.i.k.p.i.AbstractProblemLoader Loading environment from /home/runner/work/key/key/key.core/../key.ui/examples/heap/permissions/threads/Plotter_preStart_accessible.key.proof 
647423     DEBUG main            d.u.i.k.p.i.AbstractProblemLoader Environment load took 85.2ns 
647424     INFO  main            d.u.i.k.p.i.AbstractProblemLoader Creating init config 
653558     DEBUG main            d.u.i.k.p.i.AbstractProblemLoader Init config took 6.13s 
653688     INFO  main            d.u.i.k.p.i.AbstractProblemLoader Replaying proof Plotter[ThreadSpec2::preStart(java.lang.Object)].JML accessible clause.0 
653793     DEBUG main            d.u.i.k.p.i.IntermediateProofReplayer Proof replay took 100.14ms 
653795     DEBUG main            d.u.i.k.p.r.p.TestFile    ... success: reloaded. 
653798     INFO  main            d.u.i.k.p.r.p.TestFile    Now processing file /home/runner/work/key/key/key.core/../key.ui/examples/heap/permissions/threads/Plotter_stateInv_accessible.key 
653801     INFO  main            d.u.i.k.p.i.AbstractProblemLoader Loading environment from /home/runner/work/key/key/key.core/../key.ui/examples/heap/permissions/threads/Plotter_stateInv_accessible.key 
653801     DEBUG main            d.u.i.k.p.i.AbstractProblemLoader Environment load took 187.6ns 
653802     INFO  main            d.u.i.k.p.i.AbstractProblemLoader Creating init config 
660073     DEBUG main            d.u.i.k.p.i.AbstractProblemLoader Init config took 6.27s 
660169     INFO  main            d.u.i.k.p.i.AbstractProblemLoader Replaying proof Plotter[ThreadSpec2::stateInv()].JML accessible clause.0 
660171     DEBUG main            d.u.i.k.p.i.IntermediateProofReplayer Proof replay took 7.1ns 
670649     INFO  main            d.u.i.k.p.r.p.TestFile    ... finished proof: closed. 
671286     INFO  main            d.u.i.k.p.i.AbstractProblemLoader Loading environment from /home/runner/work/key/key/key.core/../key.ui/examples/heap/permissions/threads/Plotter_stateInv_accessible.key.proof 
671287     DEBUG main            d.u.i.k.p.i.AbstractProblemLoader Environment load took 190ns 
671289     INFO  main            d.u.i.k.p.i.AbstractProblemLoader Creating init config 
677319     DEBUG main            d.u.i.k.p.i.AbstractProblemLoader Init config took 6.03s 
677411     INFO  main            d.u.i.k.p.i.AbstractProblemLoader Replaying proof Plotter[ThreadSpec2::stateInv()].JML accessible clause.0 
677918     DEBUG main            d.u.i.k.p.i.IntermediateProofReplayer Proof replay took 489.51ms 
677920     DEBUG main            d.u.i.k.p.r.p.TestFile    ... success: reloaded. 
677920     INFO  main            d.u.i.k.p.r.p.TestFile    Now processing file /home/runner/work/key/key/key.core/../key.ui/examples/heap/permissions/threads/Plotter_staticPermissions_accessible.key 
677921     INFO  main            d.u.i.k.p.i.AbstractProblemLoader Loading environment from /home/runner/work/key/key/key.core/../key.ui/examples/heap/permissions/threads/Plotter_staticPermissions_accessible.key 
677921     DEBUG main            d.u.i.k.p.i.AbstractProblemLoader Environment load took 55.9ns 
677922     INFO  main            d.u.i.k.p.i.AbstractProblemLoader Creating init config 
683957     DEBUG main            d.u.i.k.p.i.AbstractProblemLoader Init config took 6.04s 
684069     INFO  main            d.u.i.k.p.i.AbstractProblemLoader Replaying proof Plotter[ThreadSpec2::staticPermissions()].JML accessible clause.0 
684070     DEBUG main            d.u.i.k.p.i.IntermediateProofReplayer Proof replay took 56.8ns 
685177     INFO  main            d.u.i.k.p.r.p.TestFile    ... finished proof: closed. 
685867     INFO  main            d.u.i.k.p.i.AbstractProblemLoader Loading environment from /home/runner/work/key/key/key.core/../key.ui/examples/heap/permissions/threads/Plotter_staticPermissions_accessible.key.proof 
685867     DEBUG main            d.u.i.k.p.i.AbstractProblemLoader Environment load took 84.2ns 
685868     INFO  main            d.u.i.k.p.i.AbstractProblemLoader Creating init config 
691789     DEBUG main            d.u.i.k.p.i.AbstractProblemLoader Init config took 5.92s 
691895     INFO  main            d.u.i.k.p.i.AbstractProblemLoader Replaying proof Plotter[ThreadSpec2::staticPermissions()].JML accessible clause.0 
691950     DEBUG main            d.u.i.k.p.i.IntermediateProofReplayer Proof replay took 51.17ms 
691951     DEBUG main            d.u.i.k.p.r.p.TestFile    ... success: reloaded. 
691952     INFO  main            d.u.i.k.p.r.p.TestFile    Now processing file /home/runner/work/key/key/key.core/../key.ui/examples/heap/permissions/threads/Plotter_workingPermissions_accessible.key 
691952     INFO  main            d.u.i.k.p.i.AbstractProblemLoader Loading environment from /home/runner/work/key/key/key.core/../key.ui/examples/heap/permissions/threads/Plotter_workingPermissions_accessible.key 
691952     DEBUG main            d.u.i.k.p.i.AbstractProblemLoader Environment load took 109.3ns 
691953     INFO  main            d.u.i.k.p.i.AbstractProblemLoader Creating init config 
697891     DEBUG main            d.u.i.k.p.i.AbstractProblemLoader Init config took 5.94s 
697988     INFO  main            d.u.i.k.p.i.AbstractProblemLoader Replaying proof Plotter[ThreadSpec2::workingPermissions()].JML accessible clause.0 
697990     DEBUG main            d.u.i.k.p.i.IntermediateProofReplayer Proof replay took 3.3ns 
698192     INFO  main            d.u.i.k.p.r.p.TestFile    ... finished proof: closed. 
698843     INFO  main            d.u.i.k.p.i.AbstractProblemLoader Loading environment from /home/runner/work/key/key/key.core/../key.ui/examples/heap/permissions/threads/Plotter_workingPermissions_accessible.key.proof 
698844     DEBUG main            d.u.i.k.p.i.AbstractProblemLoader Environment load took 80.6ns 
698845     INFO  main            d.u.i.k.p.i.AbstractProblemLoader Creating init config 
704734     DEBUG main            d.u.i.k.p.i.AbstractProblemLoader Init config took 5.89s 
704830     INFO  main            d.u.i.k.p.i.AbstractProblemLoader Replaying proof Plotter[ThreadSpec2::workingPermissions()].JML accessible clause.0 
704867     DEBUG main            d.u.i.k.p.i.IntermediateProofReplayer Proof replay took 34.71ms 
704868     DEBUG main            d.u.i.k.p.r.p.TestFile    ... success: reloaded. 
704869     INFO  main            d.u.i.k.p.r.p.TestFile    Now processing file /home/runner/work/key/key/key.core/../key.ui/examples/heap/permissions/threads/Sampler_initPost_accessible.key 
704870     INFO  main            d.u.i.k.p.i.AbstractProblemLoader Loading environment from /home/runner/work/key/key/key.core/../key.ui/examples/heap/permissions/threads/Sampler_initPost_accessible.key 
704870     DEBUG main            d.u.i.k.p.i.AbstractProblemLoader Environment load took 100.2ns 
704871     INFO  main            d.u.i.k.p.i.AbstractProblemLoader Creating init config 
710893     DEBUG main            d.u.i.k.p.i.AbstractProblemLoader Init config took 6.02s 
710987     INFO  main            d.u.i.k.p.i.AbstractProblemLoader Replaying proof Sampler[ThreadSpec2::initPost()].JML accessible clause.0 
710989     DEBUG main            d.u.i.k.p.i.IntermediateProofReplayer Proof replay took 3.3ns 
711091     INFO  main            d.u.i.k.p.r.p.TestFile    ... finished proof: closed. 
711754     INFO  main            d.u.i.k.p.i.AbstractProblemLoader Loading environment from /home/runner/work/key/key/key.core/../key.ui/examples/heap/permissions/threads/Sampler_initPost_accessible.key.proof 
711754     DEBUG main            d.u.i.k.p.i.AbstractProblemLoader Environment load took 86.6ns 
711755     INFO  main            d.u.i.k.p.i.AbstractProblemLoader Creating init config 
717689     DEBUG main            d.u.i.k.p.i.AbstractProblemLoader Init config took 5.93s 
717799     INFO  main            d.u.i.k.p.i.AbstractProblemLoader Replaying proof Sampler[ThreadSpec2::initPost()].JML accessible clause.0 
717807     DEBUG main            d.u.i.k.p.i.IntermediateProofReplayer Proof replay took 5.44ms 
717807     DEBUG main            d.u.i.k.p.r.p.TestFile    ... success: reloaded. 
717808     INFO  main            d.u.i.k.p.r.p.TestFile    Now processing file /home/runner/work/key/key/key.core/../key.ui/examples/heap/permissions/threads/Sampler_inv_accessible1.key 
717809     INFO  main            d.u.i.k.p.i.AbstractProblemLoader Loading environment from /home/runner/work/key/key/key.core/../key.ui/examples/heap/permissions/threads/Sampler_inv_accessible1.key 
717809     DEBUG main            d.u.i.k.p.i.AbstractProblemLoader Environment load took 58.9ns 
717810     INFO  main            d.u.i.k.p.i.AbstractProblemLoader Creating init config 
723882     DEBUG main            d.u.i.k.p.i.AbstractProblemLoader Init config took 6.07s 
723979     INFO  main            d.u.i.k.p.i.AbstractProblemLoader Replaying proof Sampler[java.lang.Object::<inv>()].JML accessible clause.0 
723981     DEBUG main            d.u.i.k.p.i.IntermediateProofReplayer Proof replay took 3.6ns 
724083     INFO  main            d.u.i.k.p.r.p.TestFile    ... finished proof: closed. 
724771     INFO  main            d.u.i.k.p.i.AbstractProblemLoader Loading environment from /home/runner/work/key/key/key.core/../key.ui/examples/heap/permissions/threads/Sampler_inv_accessible1.key.proof 
724772     DEBUG main            d.u.i.k.p.i.AbstractProblemLoader Environment load took 105.4ns 
724773     INFO  main            d.u.i.k.p.i.AbstractProblemLoader Creating init config 
730799     DEBUG main            d.u.i.k.p.i.AbstractProblemLoader Init config took 6.03s 
730892     INFO  main            d.u.i.k.p.i.AbstractProblemLoader Replaying proof Sampler[java.lang.Object::<inv>()].JML accessible clause.0 
730895     DEBUG main            d.u.i.k.p.i.IntermediateProofReplayer Proof replay took 1.42ms 
730896     DEBUG main            d.u.i.k.p.r.p.TestFile    ... success: reloaded. 
730897     INFO  main            d.u.i.k.p.r.p.TestFile    Now processing file /home/runner/work/key/key/key.core/../key.ui/examples/heap/permissions/threads/Sampler_inv_accessible2.key 
730897     INFO  main            d.u.i.k.p.i.AbstractProblemLoader Loading environment from /home/runner/work/key/key/key.core/../key.ui/examples/heap/permissions/threads/Sampler_inv_accessible2.key 
730897     DEBUG main            d.u.i.k.p.i.AbstractProblemLoader Environment load took 91ns 
730898     INFO  main            d.u.i.k.p.i.AbstractProblemLoader Creating init config 
737003     DEBUG main            d.u.i.k.p.i.AbstractProblemLoader Init config took 6.11s 
737100     INFO  main            d.u.i.k.p.i.AbstractProblemLoader Replaying proof Sampler[java.lang.Object::<inv>()].JML accessible clause.1 
737102     DEBUG main            d.u.i.k.p.i.IntermediateProofReplayer Proof replay took 3.3ns 
737203     INFO  main            d.u.i.k.p.r.p.TestFile    ... finished proof: closed. 
737891     INFO  main            d.u.i.k.p.i.AbstractProblemLoader Loading environment from /home/runner/work/key/key/key.core/../key.ui/examples/heap/permissions/threads/Sampler_inv_accessible2.key.proof 
737891     DEBUG main            d.u.i.k.p.i.AbstractProblemLoader Environment load took 82.2ns 
737892     INFO  main            d.u.i.k.p.i.AbstractProblemLoader Creating init config 
744049     DEBUG main            d.u.i.k.p.i.AbstractProblemLoader Init config took 6.16s 
744141     INFO  main            d.u.i.k.p.i.AbstractProblemLoader Replaying proof Sampler[java.lang.Object::<inv>()].JML accessible clause.1 
744145     DEBUG main            d.u.i.k.p.i.IntermediateProofReplayer Proof replay took 1.71ms 
744146     DEBUG main            d.u.i.k.p.r.p.TestFile    ... success: reloaded. 
744147     INFO  main            d.u.i.k.p.r.p.TestFile    Now processing file /home/runner/work/key/key/key.core/../key.ui/examples/heap/permissions/threads/Sampler_joinTransfer_accessible.key 
744147     INFO  main            d.u.i.k.p.i.AbstractProblemLoader Loading environment from /home/runner/work/key/key/key.core/../key.ui/examples/heap/permissions/threads/Sampler_joinTransfer_accessible.key 
744147     DEBUG main            d.u.i.k.p.i.AbstractProblemLoader Environment load took 90.9ns 
744148     INFO  main            d.u.i.k.p.i.AbstractProblemLoader Creating init config 
750334     DEBUG main            d.u.i.k.p.i.AbstractProblemLoader Init config took 6.19s 
750443     INFO  main            d.u.i.k.p.i.AbstractProblemLoader Replaying proof Sampler[ThreadSpec2::joinTransfer()].JML accessible clause.0 
750445     DEBUG main            d.u.i.k.p.i.IntermediateProofReplayer Proof replay took 3.8ns 
754994     INFO  main            d.u.i.k.p.r.p.TestFile    ... finished proof: closed. 
755657     INFO  main            d.u.i.k.p.i.AbstractProblemLoader Loading environment from /home/runner/work/key/key/key.core/../key.ui/examples/heap/permissions/threads/Sampler_joinTransfer_accessible.key.proof 
755658     DEBUG main            d.u.i.k.p.i.AbstractProblemLoader Environment load took 304.5ns 
755659     INFO  main            d.u.i.k.p.i.AbstractProblemLoader Creating init config 
761799     DEBUG main            d.u.i.k.p.i.AbstractProblemLoader Init config took 6.14s 
761895     INFO  main            d.u.i.k.p.i.AbstractProblemLoader Replaying proof Sampler[ThreadSpec2::joinTransfer()].JML accessible clause.0 
762464     DEBUG main            d.u.i.k.p.i.IntermediateProofReplayer Proof replay took 554.69ms 
762466     DEBUG main            d.u.i.k.p.r.p.TestFile    ... success: reloaded. 
762467     INFO  main            d.u.i.k.p.r.p.TestFile    Now processing file /home/runner/work/key/key/key.core/../key.ui/examples/heap/permissions/threads/Sampler_joinTransfer_contract.key 
762467     INFO  main            d.u.i.k.p.i.AbstractProblemLoader Loading environment from /home/runner/work/key/key/key.core/../key.ui/examples/heap/permissions/threads/Sampler_joinTransfer_contract.key 
762467     DEBUG main            d.u.i.k.p.i.AbstractProblemLoader Environment load took 57ns 
762468     INFO  main            d.u.i.k.p.i.AbstractProblemLoader Creating init config 
768742     DEBUG main            d.u.i.k.p.i.AbstractProblemLoader Init config took 6.27s 
768854     INFO  main            d.u.i.k.p.i.AbstractProblemLoader Replaying proof Sampler[ThreadSpec2::joinTransfer()].JML model_behavior operation contract.0 
768856     DEBUG main            d.u.i.k.p.i.IntermediateProofReplayer Proof replay took 3.2ns 
768957     INFO  main            d.u.i.k.p.r.p.TestFile    ... finished proof: closed. 
769630     INFO  main            d.u.i.k.p.i.AbstractProblemLoader Loading environment from /home/runner/work/key/key/key.core/../key.ui/examples/heap/permissions/threads/Sampler_joinTransfer_contract.key.proof 
769631     DEBUG main            d.u.i.k.p.i.AbstractProblemLoader Environment load took 94.6ns 
769631     INFO  main            d.u.i.k.p.i.AbstractProblemLoader Creating init config 
775531     DEBUG main            d.u.i.k.p.i.AbstractProblemLoader Init config took 5.9s 
775624     INFO  main            d.u.i.k.p.i.AbstractProblemLoader Replaying proof Sampler[ThreadSpec2::joinTransfer()].JML model_behavior operation contract.0 
775633     DEBUG main            d.u.i.k.p.i.IntermediateProofReplayer Proof replay took 7.86ms 
775634     DEBUG main            d.u.i.k.p.r.p.TestFile    ... success: reloaded. 
775635     INFO  main            d.u.i.k.p.r.p.TestFile    Now processing file /home/runner/work/key/key/key.core/../key.ui/examples/heap/permissions/threads/Sampler_postJoin_accessible.key 
775635     INFO  main            d.u.i.k.p.i.AbstractProblemLoader Loading environment from /home/runner/work/key/key/key.core/../key.ui/examples/heap/permissions/threads/Sampler_postJoin_accessible.key 
775635     DEBUG main            d.u.i.k.p.i.AbstractProblemLoader Environment load took 131.2ns 
775636     INFO  main            d.u.i.k.p.i.AbstractProblemLoader Creating init config 
781765     DEBUG main            d.u.i.k.p.i.AbstractProblemLoader Init config took 6.13s 
781864     INFO  main            d.u.i.k.p.i.AbstractProblemLoader Replaying proof Sampler[ThreadSpec2::postJoin(java.lang.Object)].JML accessible clause.0 
781866     DEBUG main            d.u.i.k.p.i.IntermediateProofReplayer Proof replay took 3.6ns 
781968     INFO  main            d.u.i.k.p.r.p.TestFile    ... finished proof: closed. 
782646     INFO  main            d.u.i.k.p.i.AbstractProblemLoader Loading environment from /home/runner/work/key/key/key.core/../key.ui/examples/heap/permissions/threads/Sampler_postJoin_accessible.key.proof 
782646     DEBUG main            d.u.i.k.p.i.AbstractProblemLoader Environment load took 72.6ns 
782647     INFO  main            d.u.i.k.p.i.AbstractProblemLoader Creating init config 
788747     DEBUG main            d.u.i.k.p.i.AbstractProblemLoader Init config took 6.1s 
788842     INFO  main            d.u.i.k.p.i.AbstractProblemLoader Replaying proof Sampler[ThreadSpec2::postJoin(java.lang.Object)].JML accessible clause.0 
788853     DEBUG main            d.u.i.k.p.i.IntermediateProofReplayer Proof replay took 9.2ms 
788854     DEBUG main            d.u.i.k.p.r.p.TestFile    ... success: reloaded. 
788856     INFO  main            d.u.i.k.p.r.p.TestFile    Now processing file /home/runner/work/key/key/key.core/../key.ui/examples/heap/permissions/threads/Sampler_preStart_accessible.key 
788856     INFO  main            d.u.i.k.p.i.AbstractProblemLoader Loading environment from /home/runner/work/key/key/key.core/../key.ui/examples/heap/permissions/threads/Sampler_preStart_accessible.key 
788857     DEBUG main            d.u.i.k.p.i.AbstractProblemLoader Environment load took 221.5ns 
788858     INFO  main            d.u.i.k.p.i.AbstractProblemLoader Creating init config 
795097     DEBUG main            d.u.i.k.p.i.AbstractProblemLoader Init config took 6.24s 
795188     INFO  main            d.u.i.k.p.i.AbstractProblemLoader Replaying proof Sampler[ThreadSpec2::preStart(java.lang.Object)].JML accessible clause.0 
795189     DEBUG main            d.u.i.k.p.i.IntermediateProofReplayer Proof replay took 3.9ns 
795293     INFO  main            d.u.i.k.p.r.p.TestFile    ... finished proof: closed. 
796029     INFO  main            d.u.i.k.p.i.AbstractProblemLoader Loading environment from /home/runner/work/key/key/key.core/../key.ui/examples/heap/permissions/threads/Sampler_preStart_accessible.key.proof 
796029     DEBUG main            d.u.i.k.p.i.AbstractProblemLoader Environment load took 77.7ns 
796030     INFO  main            d.u.i.k.p.i.AbstractProblemLoader Creating init config 
802042     DEBUG main            d.u.i.k.p.i.AbstractProblemLoader Init config took 6.01s 
802136     INFO  main            d.u.i.k.p.i.AbstractProblemLoader Replaying proof Sampler[ThreadSpec2::preStart(java.lang.Object)].JML accessible clause.0 
802146     DEBUG main            d.u.i.k.p.i.IntermediateProofReplayer Proof replay took 8.74ms 
802147     DEBUG main            d.u.i.k.p.r.p.TestFile    ... success: reloaded. 
802148     INFO  main            d.u.i.k.p.r.p.TestFile    Now processing file /home/runner/work/key/key/key.core/../key.ui/examples/heap/permissions/threads/Sampler_run.key 
802148     INFO  main            d.u.i.k.p.i.AbstractProblemLoader Loading environment from /home/runner/work/key/key/key.core/../key.ui/examples/heap/permissions/threads/Sampler_run.key 
802148     DEBUG main            d.u.i.k.p.i.AbstractProblemLoader Environment load took 46.1ns 
802149     INFO  main            d.u.i.k.p.i.AbstractProblemLoader Creating init config 
808347     DEBUG main            d.u.i.k.p.i.AbstractProblemLoader Init config took 6.2s 
808459     INFO  main            d.u.i.k.p.i.AbstractProblemLoader Replaying proof Sampler[ThreadSpec2::run()].JML normal_behavior operation contract.0 
808462     DEBUG main            d.u.i.k.p.i.IntermediateProofReplayer Proof replay took 3.1ns 
808664     INFO  main            d.u.i.k.p.r.p.TestFile    ... finished proof: closed. 
809367     INFO  main            d.u.i.k.p.i.AbstractProblemLoader Loading environment from /home/runner/work/key/key/key.core/../key.ui/examples/heap/permissions/threads/Sampler_run.key.proof 
809367     DEBUG main            d.u.i.k.p.i.AbstractProblemLoader Environment load took 74.8ns 
809368     INFO  main            d.u.i.k.p.i.AbstractProblemLoader Creating init config 
815651     DEBUG main            d.u.i.k.p.i.AbstractProblemLoader Init config took 6.28s 
815762     INFO  main            d.u.i.k.p.i.AbstractProblemLoader Replaying proof Sampler[ThreadSpec2::run()].JML normal_behavior operation contract.0 
815797     DEBUG main            d.u.i.k.p.i.IntermediateProofReplayer Proof replay took 33.23ms 
815798     DEBUG main            d.u.i.k.p.r.p.TestFile    ... success: reloaded. 
815799     INFO  main            d.u.i.k.p.r.p.TestFile    Now processing file /home/runner/work/key/key/key.core/../key.ui/examples/heap/permissions/threads/Sampler_Sampler.key 
815800     INFO  main            d.u.i.k.p.i.AbstractProblemLoader Loading environment from /home/runner/work/key/key/key.core/../key.ui/examples/heap/permissions/threads/Sampler_Sampler.key 
815800     DEBUG main            d.u.i.k.p.i.AbstractProblemLoader Environment load took 84.9ns 
815801     INFO  main            d.u.i.k.p.i.AbstractProblemLoader Creating init config 
822155     DEBUG main            d.u.i.k.p.i.AbstractProblemLoader Init config took 6.35s 
822247     INFO  main            d.u.i.k.p.i.AbstractProblemLoader Replaying proof Sampler[Sampler::Sampler(Buffer)].JML normal_behavior operation contract.0 
822249     DEBUG main            d.u.i.k.p.i.IntermediateProofReplayer Proof replay took 3.7ns 
823061     INFO  main            d.u.i.k.p.r.p.TestFile    ... finished proof: closed. 
823776     INFO  main            d.u.i.k.p.i.AbstractProblemLoader Loading environment from /home/runner/work/key/key/key.core/../key.ui/examples/heap/permissions/threads/Sampler_Sampler.key.proof 
823776     DEBUG main            d.u.i.k.p.i.AbstractProblemLoader Environment load took 81.6ns 
823777     INFO  main            d.u.i.k.p.i.AbstractProblemLoader Creating init config 
830329     DEBUG main            d.u.i.k.p.i.AbstractProblemLoader Init config took 6.55s 
830439     INFO  main            d.u.i.k.p.i.AbstractProblemLoader Replaying proof Sampler[Sampler::Sampler(Buffer)].JML normal_behavior operation contract.0 
830545     DEBUG main            d.u.i.k.p.i.IntermediateProofReplayer Proof replay took 96.39ms 
830546     DEBUG main            d.u.i.k.p.r.p.TestFile    ... success: reloaded. 
830547     INFO  main            d.u.i.k.p.r.p.TestFile    Now processing file /home/runner/work/key/key/key.core/../key.ui/examples/heap/permissions/threads/Sampler_startTransfer_accessible.key 
830547     INFO  main            d.u.i.k.p.i.AbstractProblemLoader Loading environment from /home/runner/work/key/key/key.core/../key.ui/examples/heap/permissions/threads/Sampler_startTransfer_accessible.key 
830548     DEBUG main            d.u.i.k.p.i.AbstractProblemLoader Environment load took 164.8ns 
830549     INFO  main            d.u.i.k.p.i.AbstractProblemLoader Creating init config 
836933     DEBUG main            d.u.i.k.p.i.AbstractProblemLoader Init config took 6.38s 
837052     INFO  main            d.u.i.k.p.i.AbstractProblemLoader Replaying proof Sampler[ThreadSpec2::startTransfer()].JML accessible clause.0 
837054     DEBUG main            d.u.i.k.p.i.IntermediateProofReplayer Proof replay took 3.4ns 
841668     INFO  main            d.u.i.k.p.r.p.TestFile    ... finished proof: closed. 
842420     INFO  main            d.u.i.k.p.i.AbstractProblemLoader Loading environment from /home/runner/work/key/key/key.core/../key.ui/examples/heap/permissions/threads/Sampler_startTransfer_accessible.key.proof 
842420     DEBUG main            d.u.i.k.p.i.AbstractProblemLoader Environment load took 87.4ns 
842426     INFO  main            d.u.i.k.p.i.AbstractProblemLoader Creating init config 
848617     DEBUG main            d.u.i.k.p.i.AbstractProblemLoader Init config took 6.19s 
848709     INFO  main            d.u.i.k.p.i.AbstractProblemLoader Replaying proof Sampler[ThreadSpec2::startTransfer()].JML accessible clause.0 
849183     DEBUG main            d.u.i.k.p.i.IntermediateProofReplayer Proof replay took 462.57ms 
849185     DEBUG main            d.u.i.k.p.r.p.TestFile    ... success: reloaded. 
849186     INFO  main            d.u.i.k.p.r.p.TestFile    Now processing file /home/runner/work/key/key/key.core/../key.ui/examples/heap/permissions/threads/Sampler_startTransfer_contract.key 
849186     INFO  main            d.u.i.k.p.i.AbstractProblemLoader Loading environment from /home/runner/work/key/key/key.core/../key.ui/examples/heap/permissions/threads/Sampler_startTransfer_contract.key 
849186     DEBUG main            d.u.i.k.p.i.AbstractProblemLoader Environment load took 171.1ns 
849187     INFO  main            d.u.i.k.p.i.AbstractProblemLoader Creating init config 
855172     DEBUG main            d.u.i.k.p.i.AbstractProblemLoader Init config took 5.98s 
855267     INFO  main            d.u.i.k.p.i.AbstractProblemLoader Replaying proof Sampler[ThreadSpec2::startTransfer()].JML model_behavior operation contract.0 
855268     DEBUG main            d.u.i.k.p.i.IntermediateProofReplayer Proof replay took 3.5ns 
855370     INFO  main            d.u.i.k.p.r.p.TestFile    ... finished proof: closed. 
856102     INFO  main            d.u.i.k.p.i.AbstractProblemLoader Loading environment from /home/runner/work/key/key/key.core/../key.ui/examples/heap/permissions/threads/Sampler_startTransfer_contract.key.proof 
856102     DEBUG main            d.u.i.k.p.i.AbstractProblemLoader Environment load took 74.6ns 
856103     INFO  main            d.u.i.k.p.i.AbstractProblemLoader Creating init config 
861979     DEBUG main            d.u.i.k.p.i.AbstractProblemLoader Init config took 5.88s 
862072     INFO  main            d.u.i.k.p.i.AbstractProblemLoader Replaying proof Sampler[ThreadSpec2::startTransfer()].JML model_behavior operation contract.0 
862082     DEBUG main            d.u.i.k.p.i.IntermediateProofReplayer Proof replay took 7.91ms 
862082     DEBUG main            d.u.i.k.p.r.p.TestFile    ... success: reloaded. 
862083     INFO  main            d.u.i.k.p.r.p.TestFile    Now processing file /home/runner/work/key/key/key.core/../key.ui/examples/heap/permissions/threads/Sampler_stateInv_accessible.key 
862084     INFO  main            d.u.i.k.p.i.AbstractProblemLoader Loading environment from /home/runner/work/key/key/key.core/../key.ui/examples/heap/permissions/threads/Sampler_stateInv_accessible.key 
862084     DEBUG main            d.u.i.k.p.i.AbstractProblemLoader Environment load took 55.2ns 
862085     INFO  main            d.u.i.k.p.i.AbstractProblemLoader Creating init config 
867995     DEBUG main            d.u.i.k.p.i.AbstractProblemLoader Init config took 5.91s 
868086     INFO  main            d.u.i.k.p.i.AbstractProblemLoader Replaying proof Sampler[ThreadSpec2::stateInv()].JML accessible clause.0 
868087     DEBUG main            d.u.i.k.p.i.IntermediateProofReplayer Proof replay took 3.2ns 
868189     INFO  main            d.u.i.k.p.r.p.TestFile    ... finished proof: closed. 
868937     INFO  main            d.u.i.k.p.i.AbstractProblemLoader Loading environment from /home/runner/work/key/key/key.core/../key.ui/examples/heap/permissions/threads/Sampler_stateInv_accessible.key.proof 
868937     DEBUG main            d.u.i.k.p.i.AbstractProblemLoader Environment load took 84.2ns 
868939     INFO  main            d.u.i.k.p.i.AbstractProblemLoader Creating init config 
874751     DEBUG main            d.u.i.k.p.i.AbstractProblemLoader Init config took 5.81s 
874842     INFO  main            d.u.i.k.p.i.AbstractProblemLoader Replaying proof Sampler[ThreadSpec2::stateInv()].JML accessible clause.0 
874850     DEBUG main            d.u.i.k.p.i.IntermediateProofReplayer Proof replay took 6.37ms 
874852     DEBUG main            d.u.i.k.p.r.p.TestFile    ... success: reloaded. 
874853     INFO  main            d.u.i.k.p.r.p.TestFile    Now processing file /home/runner/work/key/key/key.core/../key.ui/examples/heap/permissions/threads/Sampler_staticPermissions_accessible.key 
874853     INFO  main            d.u.i.k.p.i.AbstractProblemLoader Loading environment from /home/runner/work/key/key/key.core/../key.ui/examples/heap/permissions/threads/Sampler_staticPermissions_accessible.key 
874853     DEBUG main            d.u.i.k.p.i.AbstractProblemLoader Environment load took 179.6ns 
874855     INFO  main            d.u.i.k.p.i.AbstractProblemLoader Creating init config 
880804     DEBUG main            d.u.i.k.p.i.AbstractProblemLoader Init config took 5.95s 
880899     INFO  main            d.u.i.k.p.i.AbstractProblemLoader Replaying proof Sampler[ThreadSpec2::staticPermissions()].JML accessible clause.0 
880900     DEBUG main            d.u.i.k.p.i.IntermediateProofReplayer Proof replay took 3.2ns 
881006     INFO  main            d.u.i.k.p.r.p.TestFile    ... finished proof: closed. 
881751     INFO  main            d.u.i.k.p.i.AbstractProblemLoader Loading environment from /home/runner/work/key/key/key.core/../key.ui/examples/heap/permissions/threads/Sampler_staticPermissions_accessible.key.proof 
881752     DEBUG main            d.u.i.k.p.i.AbstractProblemLoader Environment load took 75.6ns 
881752     INFO  main            d.u.i.k.p.i.AbstractProblemLoader Creating init config 
887658     DEBUG main            d.u.i.k.p.i.AbstractProblemLoader Init config took 5.91s 
887755     INFO  main            d.u.i.k.p.i.AbstractProblemLoader Replaying proof Sampler[ThreadSpec2::staticPermissions()].JML accessible clause.0 
887762     DEBUG main            d.u.i.k.p.i.IntermediateProofReplayer Proof replay took 4.71ms 
887765     DEBUG main            d.u.i.k.p.r.p.TestFile    ... success: reloaded. 
887766     INFO  main            d.u.i.k.p.r.p.TestFile    Now processing file /home/runner/work/key/key/key.core/../key.ui/examples/heap/permissions/threads/Sampler_workingPermissions_accessible.key 
887766     INFO  main            d.u.i.k.p.i.AbstractProblemLoader Loading environment from /home/runner/work/key/key/key.core/../key.ui/examples/heap/permissions/threads/Sampler_workingPermissions_accessible.key 
887767     DEBUG main            d.u.i.k.p.i.AbstractProblemLoader Environment load took 62.3ns 
887768     INFO  main            d.u.i.k.p.i.AbstractProblemLoader Creating init config 
893756     DEBUG main            d.u.i.k.p.i.AbstractProblemLoader Init config took 5.99s 
893846     INFO  main            d.u.i.k.p.i.AbstractProblemLoader Replaying proof Sampler[ThreadSpec2::workingPermissions()].JML accessible clause.0 
893848     DEBUG main            d.u.i.k.p.i.IntermediateProofReplayer Proof replay took 3.4ns 
893950     INFO  main            d.u.i.k.p.r.p.TestFile    ... finished proof: closed. 
894694     INFO  main            d.u.i.k.p.i.AbstractProblemLoader Loading environment from /home/runner/work/key/key/key.core/../key.ui/examples/heap/permissions/threads/Sampler_workingPermissions_accessible.key.proof 
894694     DEBUG main            d.u.i.k.p.i.AbstractProblemLoader Environment load took 76.9ns 
894695     INFO  main            d.u.i.k.p.i.AbstractProblemLoader Creating init config 
900575     DEBUG main            d.u.i.k.p.i.AbstractProblemLoader Init config took 5.88s 
900666     INFO  main            d.u.i.k.p.i.AbstractProblemLoader Replaying proof Sampler[ThreadSpec2::workingPermissions()].JML accessible clause.0 
900675     DEBUG main            d.u.i.k.p.i.IntermediateProofReplayer Proof replay took 6.89ms 
900676     DEBUG main            d.u.i.k.p.r.p.TestFile    ... success: reloaded. 
900676     INFO  main            d.u.i.k.p.r.p.TestFile    Now processing file /home/runner/work/key/key/key.core/../key.ui/examples/heap/permissions/mulleretal/ReadWrite_doRead_contract.key 
900677     INFO  main            d.u.i.k.p.i.AbstractProblemLoader Loading environment from /home/runner/work/key/key/key.core/../key.ui/examples/heap/permissions/mulleretal/ReadWrite_doRead_contract.key 
900677     DEBUG main            d.u.i.k.p.i.AbstractProblemLoader Environment load took 81.7ns 
900678     INFO  main            d.u.i.k.p.i.AbstractProblemLoader Creating init config 
904027     DEBUG main            d.u.i.k.p.i.AbstractProblemLoader Init config took 3.35s 
904064     INFO  main            d.u.i.k.p.i.AbstractProblemLoader Replaying proof ReadWrite[ReadWrite::doRead()].JML normal_behavior operation contract.0 
904067     DEBUG main            d.u.i.k.p.i.IntermediateProofReplayer Proof replay took 3.2ns 
906074     INFO  main            d.u.i.k.p.r.p.TestFile    ... finished proof: closed. 
906893     INFO  main            d.u.i.k.p.i.AbstractProblemLoader Loading environment from /home/runner/work/key/key/key.core/../key.ui/examples/heap/permissions/mulleretal/ReadWrite_doRead_contract.key.proof 
906893     DEBUG main            d.u.i.k.p.i.AbstractProblemLoader Environment load took 361.7ns 
906894     INFO  main            d.u.i.k.p.i.AbstractProblemLoader Creating init config 
910210     DEBUG main            d.u.i.k.p.i.AbstractProblemLoader Init config took 3.32s 
910260     INFO  main            d.u.i.k.p.i.AbstractProblemLoader Replaying proof ReadWrite[ReadWrite::doRead()].JML normal_behavior operation contract.0 
910675     DEBUG main            d.u.i.k.p.i.IntermediateProofReplayer Proof replay took 408.09ms 
910676     DEBUG main            d.u.i.k.p.r.p.TestFile    ... success: reloaded. 
910677     INFO  main            d.u.i.k.p.r.p.TestFile    Now processing file /home/runner/work/key/key/key.core/../key.ui/examples/heap/permissions/mulleretal/ReadWrite_doWrite_contract.key 
910678     INFO  main            d.u.i.k.p.i.AbstractProblemLoader Loading environment from /home/runner/work/key/key/key.core/../key.ui/examples/heap/permissions/mulleretal/ReadWrite_doWrite_contract.key 
910678     DEBUG main            d.u.i.k.p.i.AbstractProblemLoader Environment load took 63.1ns 
910679     INFO  main            d.u.i.k.p.i.AbstractProblemLoader Creating init config 
914116     DEBUG main            d.u.i.k.p.i.AbstractProblemLoader Init config took 3.44s 
914156     INFO  main            d.u.i.k.p.i.AbstractProblemLoader Replaying proof ReadWrite[ReadWrite::doWrite()].JML normal_behavior operation contract.0 
914158     DEBUG main            d.u.i.k.p.i.IntermediateProofReplayer Proof replay took 3.3ns 
916092     INFO  main            d.u.i.k.p.r.p.TestFile    ... finished proof: closed. 
916926     INFO  main            d.u.i.k.p.i.AbstractProblemLoader Loading environment from /home/runner/work/key/key/key.core/../key.ui/examples/heap/permissions/mulleretal/ReadWrite_doWrite_contract.key.proof 
916926     DEBUG main            d.u.i.k.p.i.AbstractProblemLoader Environment load took 481.1ns 
916928     INFO  main            d.u.i.k.p.i.AbstractProblemLoader Creating init config 
920271     DEBUG main            d.u.i.k.p.i.AbstractProblemLoader Init config took 3.34s 
920310     INFO  main            d.u.i.k.p.i.AbstractProblemLoader Replaying proof ReadWrite[ReadWrite::doWrite()].JML normal_behavior operation contract.0 
920734     DEBUG main            d.u.i.k.p.i.IntermediateProofReplayer Proof replay took 417.7ms 
920735     DEBUG main            d.u.i.k.p.r.p.TestFile    ... success: reloaded. 
920736     INFO  main            d.u.i.k.p.r.p.TestFile    Now processing file /home/runner/work/key/key/key.core/../key.ui/examples/heap/permissions/mulleretal/ReadWrite_read_contract.key 
920736     INFO  main            d.u.i.k.p.i.AbstractProblemLoader Loading environment from /home/runner/work/key/key/key.core/../key.ui/examples/heap/permissions/mulleretal/ReadWrite_read_contract.key 
920736     DEBUG main            d.u.i.k.p.i.AbstractProblemLoader Environment load took 86.6ns 
920737     INFO  main            d.u.i.k.p.i.AbstractProblemLoader Creating init config 
924185     DEBUG main            d.u.i.k.p.i.AbstractProblemLoader Init config took 3.45s 
924222     INFO  main            d.u.i.k.p.i.AbstractProblemLoader Replaying proof ReadWrite[ReadWrite::read()].JML normal_behavior operation contract.0 
924223     DEBUG main            d.u.i.k.p.i.IntermediateProofReplayer Proof replay took 3.1ns 
924325     INFO  main            d.u.i.k.p.r.p.TestFile    ... finished proof: closed. 
925100     INFO  main            d.u.i.k.p.i.AbstractProblemLoader Loading environment from /home/runner/work/key/key/key.core/../key.ui/examples/heap/permissions/mulleretal/ReadWrite_read_contract.key.proof 
925100     DEBUG main            d.u.i.k.p.i.AbstractProblemLoader Environment load took 78.3ns 
925101     INFO  main            d.u.i.k.p.i.AbstractProblemLoader Creating init config 
928398     DEBUG main            d.u.i.k.p.i.AbstractProblemLoader Init config took 3.3s 
928434     INFO  main            d.u.i.k.p.i.AbstractProblemLoader Replaying proof ReadWrite[ReadWrite::read()].JML normal_behavior operation contract.0 
928442     DEBUG main            d.u.i.k.p.i.IntermediateProofReplayer Proof replay took 6.27ms 
928442     DEBUG main            d.u.i.k.p.r.p.TestFile    ... success: reloaded. 
928444     INFO  main            d.u.i.k.p.r.p.TestFile    Now processing file /home/runner/work/key/key/key.core/../key.ui/examples/heap/permissions/mulleretal/ReadWrite_write_contract.key 
928444     INFO  main            d.u.i.k.p.i.AbstractProblemLoader Loading environment from /home/runner/work/key/key/key.core/../key.ui/examples/heap/permissions/mulleretal/ReadWrite_write_contract.key 
928444     DEBUG main            d.u.i.k.p.i.AbstractProblemLoader Environment load took 89.9ns 
928445     INFO  main            d.u.i.k.p.i.AbstractProblemLoader Creating init config 
931771     DEBUG main            d.u.i.k.p.i.AbstractProblemLoader Init config took 3.33s 
931811     INFO  main            d.u.i.k.p.i.AbstractProblemLoader Replaying proof ReadWrite[ReadWrite::write()].JML normal_behavior operation contract.0 
931813     DEBUG main            d.u.i.k.p.i.IntermediateProofReplayer Proof replay took 3.6ns 
932015     INFO  main            d.u.i.k.p.r.p.TestFile    ... finished proof: closed. 
932816     INFO  main            d.u.i.k.p.i.AbstractProblemLoader Loading environment from /home/runner/work/key/key/key.core/../key.ui/examples/heap/permissions/mulleretal/ReadWrite_write_contract.key.proof 
932816     DEBUG main            d.u.i.k.p.i.AbstractProblemLoader Environment load took 117.1ns 
932817     INFO  main            d.u.i.k.p.i.AbstractProblemLoader Creating init config 
936099     DEBUG main            d.u.i.k.p.i.AbstractProblemLoader Init config took 3.28s 
936148     INFO  main            d.u.i.k.p.i.AbstractProblemLoader Replaying proof ReadWrite[ReadWrite::write()].JML normal_behavior operation contract.0 
936174     DEBUG main            d.u.i.k.p.i.IntermediateProofReplayer Proof replay took 24.41ms 
936175     DEBUG main            d.u.i.k.p.r.p.TestFile    ... success: reloaded. 
936176     INFO  main            d.u.i.k.p.r.p.TestFile    Now processing file /home/runner/work/key/key/key.core/../key.ui/examples/heap/permissions/mulleretal/ReadWrite_inv1_accessible.key 
936176     INFO  main            d.u.i.k.p.i.AbstractProblemLoader Loading environment from /home/runner/work/key/key/key.core/../key.ui/examples/heap/permissions/mulleretal/ReadWrite_inv1_accessible.key 
936176     DEBUG main            d.u.i.k.p.i.AbstractProblemLoader Environment load took 53.4ns 
936177     INFO  main            d.u.i.k.p.i.AbstractProblemLoader Creating init config 
939505     DEBUG main            d.u.i.k.p.i.AbstractProblemLoader Init config took 3.33s 
939544     INFO  main            d.u.i.k.p.i.AbstractProblemLoader Replaying proof ReadWrite[java.lang.Object::<inv>()].JML accessible clause.0 
939546     DEBUG main            d.u.i.k.p.i.IntermediateProofReplayer Proof replay took 3.5ns 
939647     INFO  main            d.u.i.k.p.r.p.TestFile    ... finished proof: closed. 
940435     INFO  main            d.u.i.k.p.i.AbstractProblemLoader Loading environment from /home/runner/work/key/key/key.core/../key.ui/examples/heap/permissions/mulleretal/ReadWrite_inv1_accessible.key.proof 
940435     DEBUG main            d.u.i.k.p.i.AbstractProblemLoader Environment load took 91.5ns 
940436     INFO  main            d.u.i.k.p.i.AbstractProblemLoader Creating init config 
943684     DEBUG main            d.u.i.k.p.i.AbstractProblemLoader Init config took 3.25s 
943721     INFO  main            d.u.i.k.p.i.AbstractProblemLoader Replaying proof ReadWrite[java.lang.Object::<inv>()].JML accessible clause.0 
943724     DEBUG main            d.u.i.k.p.i.IntermediateProofReplayer Proof replay took 1.55ms 
943725     DEBUG main            d.u.i.k.p.r.p.TestFile    ... success: reloaded. 
943725     INFO  main            d.u.i.k.p.r.p.TestFile    Now processing file /home/runner/work/key/key/key.core/../key.ui/examples/heap/permissions/mulleretal/ReadWrite_inv2_accessible.key 
943726     INFO  main            d.u.i.k.p.i.AbstractProblemLoader Loading environment from /home/runner/work/key/key/key.core/../key.ui/examples/heap/permissions/mulleretal/ReadWrite_inv2_accessible.key 
943726     DEBUG main            d.u.i.k.p.i.AbstractProblemLoader Environment load took 50.4ns 
943727     INFO  main            d.u.i.k.p.i.AbstractProblemLoader Creating init config 
947116     DEBUG main            d.u.i.k.p.i.AbstractProblemLoader Init config took 3.39s 
947154     INFO  main            d.u.i.k.p.i.AbstractProblemLoader Replaying proof ReadWrite[java.lang.Object::<inv>()].JML accessible clause.1 
947155     DEBUG main            d.u.i.k.p.i.IntermediateProofReplayer Proof replay took 21.2ns 
947258     INFO  main            d.u.i.k.p.r.p.TestFile    ... finished proof: closed. 
948046     INFO  main            d.u.i.k.p.i.AbstractProblemLoader Loading environment from /home/runner/work/key/key/key.core/../key.ui/examples/heap/permissions/mulleretal/ReadWrite_inv2_accessible.key.proof 
948046     DEBUG main            d.u.i.k.p.i.AbstractProblemLoader Environment load took 81.2ns 
948047     INFO  main            d.u.i.k.p.i.AbstractProblemLoader Creating init config 
951401     DEBUG main            d.u.i.k.p.i.AbstractProblemLoader Init config took 3.35s 
951439     INFO  main            d.u.i.k.p.i.AbstractProblemLoader Replaying proof ReadWrite[java.lang.Object::<inv>()].JML accessible clause.1 
951443     DEBUG main            d.u.i.k.p.i.IntermediateProofReplayer Proof replay took 1.57ms 
951443     DEBUG main            d.u.i.k.p.r.p.TestFile    ... success: reloaded. 
951444     INFO  main            d.u.i.k.p.r.p.TestFile    Now processing file /home/runner/work/key/key/key.core/../key.ui/examples/heap/permissions/lockspec/Counter_lockConsistent_contract.key 
951444     INFO  main            d.u.i.k.p.i.AbstractProblemLoader Loading environment from /home/runner/work/key/key/key.core/../key.ui/examples/heap/permissions/lockspec/Counter_lockConsistent_contract.key 
951444     DEBUG main            d.u.i.k.p.i.AbstractProblemLoader Environment load took 56.5ns 
951445     INFO  main            d.u.i.k.p.i.AbstractProblemLoader Creating init config 
955577     DEBUG main            d.u.i.k.p.i.AbstractProblemLoader Init config took 4.13s 
955638     INFO  main            d.u.i.k.p.i.AbstractProblemLoader Replaying proof Counter[LockSpec::lockConsistent()].JML model_behavior operation contract.0 
955640     DEBUG main            d.u.i.k.p.i.IntermediateProofReplayer Proof replay took 4ns 
956849     INFO  main            d.u.i.k.p.r.p.TestFile    ... finished proof: closed. 
957658     INFO  main            d.u.i.k.p.i.AbstractProblemLoader Loading environment from /home/runner/work/key/key/key.core/../key.ui/examples/heap/permissions/lockspec/Counter_lockConsistent_contract.key.proof 
957658     DEBUG main            d.u.i.k.p.i.AbstractProblemLoader Environment load took 142.5ns 
957659     INFO  main            d.u.i.k.p.i.AbstractProblemLoader Creating init config 
961666     DEBUG main            d.u.i.k.p.i.AbstractProblemLoader Init config took 4.01s 
961736     INFO  main            d.u.i.k.p.i.AbstractProblemLoader Replaying proof Counter[LockSpec::lockConsistent()].JML model_behavior operation contract.0 
962131     DEBUG main            d.u.i.k.p.i.IntermediateProofReplayer Proof replay took 383.7ms 
962133     DEBUG main            d.u.i.k.p.r.p.TestFile    ... success: reloaded. 
962133     INFO  main            d.u.i.k.p.r.p.TestFile    Now processing file /home/runner/work/key/key/key.core/../key.ui/examples/heap/permissions/lockspec/Counter_increase_contract.key 
962134     INFO  main            d.u.i.k.p.i.AbstractProblemLoader Loading environment from /home/runner/work/key/key/key.core/../key.ui/examples/heap/permissions/lockspec/Counter_increase_contract.key 
962134     DEBUG main            d.u.i.k.p.i.AbstractProblemLoader Environment load took 178ns 
962135     INFO  main            d.u.i.k.p.i.AbstractProblemLoader Creating init config 
966392     DEBUG main            d.u.i.k.p.i.AbstractProblemLoader Init config took 4.26s 
966449     INFO  main            d.u.i.k.p.i.AbstractProblemLoader Replaying proof Counter[Counter::increase()].JML normal_behavior operation contract.0 
966455     DEBUG main            d.u.i.k.p.i.IntermediateProofReplayer Proof replay took 3ns 
968968     INFO  main            d.u.i.k.p.r.p.TestFile    ... finished proof: closed. 
969815     INFO  main            d.u.i.k.p.i.AbstractProblemLoader Loading environment from /home/runner/work/key/key/key.core/../key.ui/examples/heap/permissions/lockspec/Counter_increase_contract.key.proof 
969815     DEBUG main            d.u.i.k.p.i.AbstractProblemLoader Environment load took 86.7ns 
969817     INFO  main            d.u.i.k.p.i.AbstractProblemLoader Creating init config 
973809     DEBUG main            d.u.i.k.p.i.AbstractProblemLoader Init config took 3.99s 
973870     INFO  main            d.u.i.k.p.i.AbstractProblemLoader Replaying proof Counter[Counter::increase()].JML normal_behavior operation contract.0 
974135     DEBUG main            d.u.i.k.p.i.IntermediateProofReplayer Proof replay took 244.43ms 
974138     DEBUG main            d.u.i.k.p.r.p.TestFile    ... success: reloaded. 
974138     INFO  main            d.u.i.k.p.r.p.TestFile    Now processing file /home/runner/work/key/key/key.core/../key.ui/examples/heap/permissions/lockspec/Counter_fp_accessible.key 
974149     INFO  main            d.u.i.k.p.i.AbstractProblemLoader Loading environment from /home/runner/work/key/key/key.core/../key.ui/examples/heap/permissions/lockspec/Counter_fp_accessible.key 
974149     DEBUG main            d.u.i.k.p.i.AbstractProblemLoader Environment load took 222.5ns 
974150     INFO  main            d.u.i.k.p.i.AbstractProblemLoader Creating init config 
978216     DEBUG main            d.u.i.k.p.i.AbstractProblemLoader Init config took 4.07s 
978273     INFO  main            d.u.i.k.p.i.AbstractProblemLoader Replaying proof Counter[LockSpec::fp()].JML accessible clause.0 
978275     DEBUG main            d.u.i.k.p.i.IntermediateProofReplayer Proof replay took 3.2ns 
978377     INFO  main            d.u.i.k.p.r.p.TestFile    ... finished proof: closed. 
979162     INFO  main            d.u.i.k.p.i.AbstractProblemLoader Loading environment from /home/runner/work/key/key/key.core/../key.ui/examples/heap/permissions/lockspec/Counter_fp_accessible.key.proof 
979162     DEBUG main            d.u.i.k.p.i.AbstractProblemLoader Environment load took 92.4ns 
979163     INFO  main            d.u.i.k.p.i.AbstractProblemLoader Creating init config 
983247     DEBUG main            d.u.i.k.p.i.AbstractProblemLoader Init config took 4.08s 
983325     INFO  main            d.u.i.k.p.i.AbstractProblemLoader Replaying proof Counter[LockSpec::fp()].JML accessible clause.0 
983335     DEBUG main            d.u.i.k.p.i.IntermediateProofReplayer Proof replay took 8.26ms 
983336     DEBUG main            d.u.i.k.p.r.p.TestFile    ... success: reloaded. 
983337     INFO  main            d.u.i.k.p.r.p.TestFile    Now processing file /home/runner/work/key/key/key.core/../key.ui/examples/heap/permissions/lockspec/Counter_fpLock_accessible.key 
983338     INFO  main            d.u.i.k.p.i.AbstractProblemLoader Loading environment from /home/runner/work/key/key/key.core/../key.ui/examples/heap/permissions/lockspec/Counter_fpLock_accessible.key 
983338     DEBUG main            d.u.i.k.p.i.AbstractProblemLoader Environment load took 87.4ns 
983339     INFO  main            d.u.i.k.p.i.AbstractProblemLoader Creating init config 
987548     DEBUG main            d.u.i.k.p.i.AbstractProblemLoader Init config took 4.21s 
987608     INFO  main            d.u.i.k.p.i.AbstractProblemLoader Replaying proof Counter[LockSpec::fpLock()].JML accessible clause.0 
987610     DEBUG main            d.u.i.k.p.i.IntermediateProofReplayer Proof replay took 3.5ns 
987712     INFO  main            d.u.i.k.p.r.p.TestFile    ... finished proof: closed. 
988548     INFO  main            d.u.i.k.p.i.AbstractProblemLoader Loading environment from /home/runner/work/key/key/key.core/../key.ui/examples/heap/permissions/lockspec/Counter_fpLock_accessible.key.proof 
988548     DEBUG main            d.u.i.k.p.i.AbstractProblemLoader Environment load took 84.3ns 
988549     INFO  main            d.u.i.k.p.i.AbstractProblemLoader Creating init config 
992720     DEBUG main            d.u.i.k.p.i.AbstractProblemLoader Init config took 4.17s 
992787     INFO  main            d.u.i.k.p.i.AbstractProblemLoader Replaying proof Counter[LockSpec::fpLock()].JML accessible clause.0 
992800     DEBUG main            d.u.i.k.p.i.IntermediateProofReplayer Proof replay took 10.63ms 
992801     DEBUG main            d.u.i.k.p.r.p.TestFile    ... success: reloaded. 
992804     INFO  main            d.u.i.k.p.r.p.TestFile    Now processing file /home/runner/work/key/key/key.core/../key.ui/examples/heap/permissions/lockspec/Counter_fpPerm_accessible.key 
992804     INFO  main            d.u.i.k.p.i.AbstractProblemLoader Loading environment from /home/runner/work/key/key/key.core/../key.ui/examples/heap/permissions/lockspec/Counter_fpPerm_accessible.key 
992804     DEBUG main            d.u.i.k.p.i.AbstractProblemLoader Environment load took 91.6ns 
992805     INFO  main            d.u.i.k.p.i.AbstractProblemLoader Creating init config 
997038     DEBUG main            d.u.i.k.p.i.AbstractProblemLoader Init config took 4.23s 
997098     INFO  main            d.u.i.k.p.i.AbstractProblemLoader Replaying proof Counter[LockSpec::fpPerm()].JML accessible clause.0 
997100     DEBUG main            d.u.i.k.p.i.IntermediateProofReplayer Proof replay took 3.3ns 
997202     INFO  main            d.u.i.k.p.r.p.TestFile    ... finished proof: closed. 
998032     INFO  main            d.u.i.k.p.i.AbstractProblemLoader Loading environment from /home/runner/work/key/key/key.core/../key.ui/examples/heap/permissions/lockspec/Counter_fpPerm_accessible.key.proof 
998032     DEBUG main            d.u.i.k.p.i.AbstractProblemLoader Environment load took 75.9ns 
998033     INFO  main            d.u.i.k.p.i.AbstractProblemLoader Creating init config 
1002211    DEBUG main            d.u.i.k.p.i.AbstractProblemLoader Init config took 4.18s 
1002281    INFO  main            d.u.i.k.p.i.AbstractProblemLoader Replaying proof Counter[LockSpec::fpPerm()].JML accessible clause.0 
1002291    DEBUG main            d.u.i.k.p.i.IntermediateProofReplayer Proof replay took 8ms 
1002292    DEBUG main            d.u.i.k.p.r.p.TestFile    ... success: reloaded. 
1002293    INFO  main            d.u.i.k.p.r.p.TestFile    Now processing file /home/runner/work/key/key/key.core/../key.ui/examples/heap/permissions/lockspec/Counter_inv_accessible1.key 
1002293    INFO  main            d.u.i.k.p.i.AbstractProblemLoader Loading environment from /home/runner/work/key/key/key.core/../key.ui/examples/heap/permissions/lockspec/Counter_inv_accessible1.key 
1002294    DEBUG main            d.u.i.k.p.i.AbstractProblemLoader Environment load took 309.1ns 
1002295    INFO  main            d.u.i.k.p.i.AbstractProblemLoader Creating init config 
1006513    DEBUG main            d.u.i.k.p.i.AbstractProblemLoader Init config took 4.22s 
1006574    INFO  main            d.u.i.k.p.i.AbstractProblemLoader Replaying proof Counter[java.lang.Object::<inv>()].JML accessible clause.0 
1006575    DEBUG main            d.u.i.k.p.i.IntermediateProofReplayer Proof replay took 3.1ns 
1006677    INFO  main            d.u.i.k.p.r.p.TestFile    ... finished proof: closed. 
1007550    INFO  main            d.u.i.k.p.i.AbstractProblemLoader Loading environment from /home/runner/work/key/key/key.core/../key.ui/examples/heap/permissions/lockspec/Counter_inv_accessible1.key.proof 
1007550    DEBUG main            d.u.i.k.p.i.AbstractProblemLoader Environment load took 79.2ns 
1007551    INFO  main            d.u.i.k.p.i.AbstractProblemLoader Creating init config 
1011724    DEBUG main            d.u.i.k.p.i.AbstractProblemLoader Init config took 4.17s 
1011801    INFO  main            d.u.i.k.p.i.AbstractProblemLoader Replaying proof Counter[java.lang.Object::<inv>()].JML accessible clause.0 
1011815    DEBUG main            d.u.i.k.p.i.IntermediateProofReplayer Proof replay took 12.1ms 
1011816    DEBUG main            d.u.i.k.p.r.p.TestFile    ... success: reloaded. 
1011817    INFO  main            d.u.i.k.p.r.p.TestFile    Now processing file /home/runner/work/key/key/key.core/../key.ui/examples/heap/permissions/lockspec/Counter_inv_accessible2.key 
1011818    INFO  main            d.u.i.k.p.i.AbstractProblemLoader Loading environment from /home/runner/work/key/key/key.core/../key.ui/examples/heap/permissions/lockspec/Counter_inv_accessible2.key 
1011818    DEBUG main            d.u.i.k.p.i.AbstractProblemLoader Environment load took 210.5ns 
1011819    INFO  main            d.u.i.k.p.i.AbstractProblemLoader Creating init config 
1016030    DEBUG main            d.u.i.k.p.i.AbstractProblemLoader Init config took 4.21s 
1016098    INFO  main            d.u.i.k.p.i.AbstractProblemLoader Replaying proof Counter[java.lang.Object::<inv>()].JML accessible clause.1 
1016100    DEBUG main            d.u.i.k.p.i.IntermediateProofReplayer Proof replay took 4.4ns 
1016202    INFO  main            d.u.i.k.p.r.p.TestFile    ... finished proof: closed. 
1017055    INFO  main            d.u.i.k.p.i.AbstractProblemLoader Loading environment from /home/runner/work/key/key/key.core/../key.ui/examples/heap/permissions/lockspec/Counter_inv_accessible2.key.proof 
1017055    DEBUG main            d.u.i.k.p.i.AbstractProblemLoader Environment load took 109.5ns 
1017056    INFO  main            d.u.i.k.p.i.AbstractProblemLoader Creating init config 
1021095    DEBUG main            d.u.i.k.p.i.AbstractProblemLoader Init config took 4.04s 
1021168    INFO  main            d.u.i.k.p.i.AbstractProblemLoader Replaying proof Counter[java.lang.Object::<inv>()].JML accessible clause.1 
1021182    DEBUG main            d.u.i.k.p.i.IntermediateProofReplayer Proof replay took 11.98ms 
1021183    DEBUG main            d.u.i.k.p.r.p.TestFile    ... success: reloaded. 
1021184    INFO  main            d.u.i.k.p.r.p.TestFile    Now processing file /home/runner/work/key/key/key.core/../key.ui/examples/heap/permissions/lockspec/Counter_lockRef_accessible.key 
1021184    INFO  main            d.u.i.k.p.i.AbstractProblemLoader Loading environment from /home/runner/work/key/key/key.core/../key.ui/examples/heap/permissions/lockspec/Counter_lockRef_accessible.key 
1021184    DEBUG main            d.u.i.k.p.i.AbstractProblemLoader Environment load took 191.8ns 
1021185    INFO  main            d.u.i.k.p.i.AbstractProblemLoader Creating init config 
1025386    DEBUG main            d.u.i.k.p.i.AbstractProblemLoader Init config took 4.2s 
1025446    INFO  main            d.u.i.k.p.i.AbstractProblemLoader Replaying proof Counter[LockSpec::lockRef()].JML accessible clause.0 
1025448    DEBUG main            d.u.i.k.p.i.IntermediateProofReplayer Proof replay took 3.3ns 
1025650    INFO  main            d.u.i.k.p.r.p.TestFile    ... finished proof: closed. 
1026508    INFO  main            d.u.i.k.p.i.AbstractProblemLoader Loading environment from /home/runner/work/key/key/key.core/../key.ui/examples/heap/permissions/lockspec/Counter_lockRef_accessible.key.proof 
1026508    DEBUG main            d.u.i.k.p.i.AbstractProblemLoader Environment load took 120ns 
1026509    INFO  main            d.u.i.k.p.i.AbstractProblemLoader Creating init config 
1030588    DEBUG main            d.u.i.k.p.i.AbstractProblemLoader Init config took 4.08s 
1030655    INFO  main            d.u.i.k.p.i.AbstractProblemLoader Replaying proof Counter[LockSpec::lockRef()].JML accessible clause.0 
1030714    DEBUG main            d.u.i.k.p.i.IntermediateProofReplayer Proof replay took 56.05ms 
1030715    DEBUG main            d.u.i.k.p.r.p.TestFile    ... success: reloaded. 
1030716    INFO  main            d.u.i.k.p.r.p.TestFile    Now processing file /home/runner/work/key/key/key.core/../key.ui/examples/heap/permissions/lockspec/Counter_lockRef_contract1.key 
1030718    INFO  main            d.u.i.k.p.i.AbstractProblemLoader Loading environment from /home/runner/work/key/key/key.core/../key.ui/examples/heap/permissions/lockspec/Counter_lockRef_contract1.key 
1030718    DEBUG main            d.u.i.k.p.i.AbstractProblemLoader Environment load took 283.2ns 
1030719    INFO  main            d.u.i.k.p.i.AbstractProblemLoader Creating init config 
1034747    DEBUG main            d.u.i.k.p.i.AbstractProblemLoader Init config took 4.03s 
1034819    INFO  main            d.u.i.k.p.i.AbstractProblemLoader Replaying proof Counter[LockSpec::lockRef()].JML model_behavior operation contract.0 
1034820    DEBUG main            d.u.i.k.p.i.IntermediateProofReplayer Proof replay took 3.5ns 
1034922    INFO  main            d.u.i.k.p.r.p.TestFile    ... finished proof: closed. 
1035767    INFO  main            d.u.i.k.p.i.AbstractProblemLoader Loading environment from /home/runner/work/key/key/key.core/../key.ui/examples/heap/permissions/lockspec/Counter_lockRef_contract1.key.proof 
1035767    DEBUG main            d.u.i.k.p.i.AbstractProblemLoader Environment load took 116.6ns 
1035768    INFO  main            d.u.i.k.p.i.AbstractProblemLoader Creating init config 
1039720    DEBUG main            d.u.i.k.p.i.AbstractProblemLoader Init config took 3.95s 
1039784    INFO  main            d.u.i.k.p.i.AbstractProblemLoader Replaying proof Counter[LockSpec::lockRef()].JML model_behavior operation contract.0 
1039791    DEBUG main            d.u.i.k.p.i.IntermediateProofReplayer Proof replay took 4.63ms 
1039792    DEBUG main            d.u.i.k.p.r.p.TestFile    ... success: reloaded. 
1039793    INFO  main            d.u.i.k.p.r.p.TestFile    Now processing file /home/runner/work/key/key/key.core/../key.ui/examples/heap/permissions/lockspec/Counter_lockRef_contract2.key 
1039793    INFO  main            d.u.i.k.p.i.AbstractProblemLoader Loading environment from /home/runner/work/key/key/key.core/../key.ui/examples/heap/permissions/lockspec/Counter_lockRef_contract2.key 
1039793    DEBUG main            d.u.i.k.p.i.AbstractProblemLoader Environment load took 97.6ns 
1039794    INFO  main            d.u.i.k.p.i.AbstractProblemLoader Creating init config 
1044113    DEBUG main            d.u.i.k.p.i.AbstractProblemLoader Init config took 4.32s 
1044168    INFO  main            d.u.i.k.p.i.AbstractProblemLoader Replaying proof Counter[Counter::lockRef()].JML model_behavior operation contract.0 
1044170    DEBUG main            d.u.i.k.p.i.IntermediateProofReplayer Proof replay took 3.2ns 
1044272    INFO  main            d.u.i.k.p.r.p.TestFile    ... finished proof: closed. 
1045127    INFO  main            d.u.i.k.p.i.AbstractProblemLoader Loading environment from /home/runner/work/key/key/key.core/../key.ui/examples/heap/permissions/lockspec/Counter_lockRef_contract2.key.proof 
1045127    DEBUG main            d.u.i.k.p.i.AbstractProblemLoader Environment load took 67ns 
1045128    INFO  main            d.u.i.k.p.i.AbstractProblemLoader Creating init config 
1049093    DEBUG main            d.u.i.k.p.i.AbstractProblemLoader Init config took 3.97s 
1049161    INFO  main            d.u.i.k.p.i.AbstractProblemLoader Replaying proof Counter[Counter::lockRef()].JML model_behavior operation contract.0 
1049168    DEBUG main            d.u.i.k.p.i.IntermediateProofReplayer Proof replay took 5.16ms 
1049173    DEBUG main            d.u.i.k.p.r.p.TestFile    ... success: reloaded. 
1049174    INFO  main            d.u.i.k.p.r.p.TestFile    Now processing file /home/runner/work/key/key/key.core/../key.ui/examples/heap/permissions/lockspec/Counter_lockState_accessible.key 
1049175    INFO  main            d.u.i.k.p.i.AbstractProblemLoader Loading environment from /home/runner/work/key/key/key.core/../key.ui/examples/heap/permissions/lockspec/Counter_lockState_accessible.key 
1049175    DEBUG main            d.u.i.k.p.i.AbstractProblemLoader Environment load took 443.7ns 
1049176    INFO  main            d.u.i.k.p.i.AbstractProblemLoader Creating init config 
1053463    DEBUG main            d.u.i.k.p.i.AbstractProblemLoader Init config took 4.29s 
1053527    INFO  main            d.u.i.k.p.i.AbstractProblemLoader Replaying proof Counter[LockSpec::lockState(boolean)].JML accessible clause.0 
1053529    DEBUG main            d.u.i.k.p.i.IntermediateProofReplayer Proof replay took 3.5ns 
1053832    INFO  main            d.u.i.k.p.r.p.TestFile    ... finished proof: closed. 
1054694    INFO  main            d.u.i.k.p.i.AbstractProblemLoader Loading environment from /home/runner/work/key/key/key.core/../key.ui/examples/heap/permissions/lockspec/Counter_lockState_accessible.key.proof 
1054694    DEBUG main            d.u.i.k.p.i.AbstractProblemLoader Environment load took 74.4ns 
1054695    INFO  main            d.u.i.k.p.i.AbstractProblemLoader Creating init config 
1058773    DEBUG main            d.u.i.k.p.i.AbstractProblemLoader Init config took 4.08s 
1058841    INFO  main            d.u.i.k.p.i.AbstractProblemLoader Replaying proof Counter[LockSpec::lockState(boolean)].JML accessible clause.0 
1058899    DEBUG main            d.u.i.k.p.i.IntermediateProofReplayer Proof replay took 54.52ms 
1058902    DEBUG main            d.u.i.k.p.r.p.TestFile    ... success: reloaded. 
1058903    INFO  main            d.u.i.k.p.r.p.TestFile    Now processing file /home/runner/work/key/key/key.core/../key.ui/examples/heap/permissions/lockspec/Counter_lockStatus_accessible.key 
1058908    INFO  main            d.u.i.k.p.i.AbstractProblemLoader Loading environment from /home/runner/work/key/key/key.core/../key.ui/examples/heap/permissions/lockspec/Counter_lockStatus_accessible.key 
1058908    DEBUG main            d.u.i.k.p.i.AbstractProblemLoader Environment load took 114.4ns 
1058909    INFO  main            d.u.i.k.p.i.AbstractProblemLoader Creating init config 
1062962    DEBUG main            d.u.i.k.p.i.AbstractProblemLoader Init config took 4.05s 
1063019    INFO  main            d.u.i.k.p.i.AbstractProblemLoader Replaying proof Counter[LockSpec::lockStatus(boolean)].JML accessible clause.0 
1063021    DEBUG main            d.u.i.k.p.i.IntermediateProofReplayer Proof replay took 3.6ns 
1063223    INFO  main            d.u.i.k.p.r.p.TestFile    ... finished proof: closed. 
1064063    INFO  main            d.u.i.k.p.i.AbstractProblemLoader Loading environment from /home/runner/work/key/key/key.core/../key.ui/examples/heap/permissions/lockspec/Counter_lockStatus_accessible.key.proof 
1064063    DEBUG main            d.u.i.k.p.i.AbstractProblemLoader Environment load took 78.3ns 
1064064    INFO  main            d.u.i.k.p.i.AbstractProblemLoader Creating init config 
1068028    DEBUG main            d.u.i.k.p.i.AbstractProblemLoader Init config took 3.96s 
1068115    INFO  main            d.u.i.k.p.i.AbstractProblemLoader Replaying proof Counter[LockSpec::lockStatus(boolean)].JML accessible clause.0 
1068136    DEBUG main            d.u.i.k.p.i.IntermediateProofReplayer Proof replay took 18.54ms 
1068138    DEBUG main            d.u.i.k.p.r.p.TestFile    ... success: reloaded. 
1068139    INFO  main            d.u.i.k.p.r.p.TestFile    Now processing file /home/runner/work/key/key/key.core/../key.ui/examples/heap/permissions/lockspec/Counter_lockTransfer_accessible.key 
1068139    INFO  main            d.u.i.k.p.i.AbstractProblemLoader Loading environment from /home/runner/work/key/key/key.core/../key.ui/examples/heap/permissions/lockspec/Counter_lockTransfer_accessible.key 
1068139    DEBUG main            d.u.i.k.p.i.AbstractProblemLoader Environment load took 234.6ns 
1068140    INFO  main            d.u.i.k.p.i.AbstractProblemLoader Creating init config 
1072230    DEBUG main            d.u.i.k.p.i.AbstractProblemLoader Init config took 4.09s 
1072298    INFO  main            d.u.i.k.p.i.AbstractProblemLoader Replaying proof Counter[LockSpec::lockTransfer()].JML accessible clause.0 
1072300    DEBUG main            d.u.i.k.p.i.IntermediateProofReplayer Proof replay took 3.6ns 
1072803    INFO  main            d.u.i.k.p.r.p.TestFile    ... finished proof: closed. 
1073655    INFO  main            d.u.i.k.p.i.AbstractProblemLoader Loading environment from /home/runner/work/key/key/key.core/../key.ui/examples/heap/permissions/lockspec/Counter_lockTransfer_accessible.key.proof 
1073655    DEBUG main            d.u.i.k.p.i.AbstractProblemLoader Environment load took 90.8ns 
1073656    INFO  main            d.u.i.k.p.i.AbstractProblemLoader Creating init config 
1077575    DEBUG main            d.u.i.k.p.i.AbstractProblemLoader Init config took 3.92s 
1077655    INFO  main            d.u.i.k.p.i.AbstractProblemLoader Replaying proof Counter[LockSpec::lockTransfer()].JML accessible clause.0 
1077723    DEBUG main            d.u.i.k.p.i.IntermediateProofReplayer Proof replay took 64.32ms 
1077724    DEBUG main            d.u.i.k.p.r.p.TestFile    ... success: reloaded. 
1077725    INFO  main            d.u.i.k.p.r.p.TestFile    Now processing file /home/runner/work/key/key/key.core/../key.ui/examples/heap/permissions/lockspec/Counter_unlockTransfer_accessible.key 
1077726    INFO  main            d.u.i.k.p.i.AbstractProblemLoader Loading environment from /home/runner/work/key/key/key.core/../key.ui/examples/heap/permissions/lockspec/Counter_unlockTransfer_accessible.key 
1077726    DEBUG main            d.u.i.k.p.i.AbstractProblemLoader Environment load took 256.8ns 
1077727    INFO  main            d.u.i.k.p.i.AbstractProblemLoader Creating init config 
1081783    DEBUG main            d.u.i.k.p.i.AbstractProblemLoader Init config took 4.06s 
1081843    INFO  main            d.u.i.k.p.i.AbstractProblemLoader Replaying proof Counter[LockSpec::unlockTransfer()].JML accessible clause.0 
1081847    DEBUG main            d.u.i.k.p.i.IntermediateProofReplayer Proof replay took 3.2ns 
1082251    INFO  main            d.u.i.k.p.r.p.TestFile    ... finished proof: closed. 
1083154    INFO  main            d.u.i.k.p.i.AbstractProblemLoader Loading environment from /home/runner/work/key/key/key.core/../key.ui/examples/heap/permissions/lockspec/Counter_unlockTransfer_accessible.key.proof 
1083154    DEBUG main            d.u.i.k.p.i.AbstractProblemLoader Environment load took 70.9ns 
1083155    INFO  main            d.u.i.k.p.i.AbstractProblemLoader Creating init config 
1087090    DEBUG main            d.u.i.k.p.i.AbstractProblemLoader Init config took 3.93s 
1087160    INFO  main            d.u.i.k.p.i.AbstractProblemLoader Replaying proof Counter[LockSpec::unlockTransfer()].JML accessible clause.0 
1087232    DEBUG main            d.u.i.k.p.i.IntermediateProofReplayer Proof replay took 64.39ms 
1087233    DEBUG main            d.u.i.k.p.r.p.TestFile    ... success: reloaded. 
1087234    INFO  main            d.u.i.k.p.r.p.TestFile    Now processing file /home/runner/work/key/key/key.core/../key.ui/examples/heap/permissions/threads/Plotter_startTransfer_contract.proof 
1087234    INFO  main            d.u.i.k.p.i.AbstractProblemLoader Loading environment from /home/runner/work/key/key/key.core/../key.ui/examples/heap/permissions/threads/Plotter_startTransfer_contract.proof 
1087234    DEBUG main            d.u.i.k.p.i.AbstractProblemLoader Environment load took 81.7ns 
1087236    INFO  main            d.u.i.k.p.i.AbstractProblemLoader Creating init config 
1093482    DEBUG main            d.u.i.k.p.i.AbstractProblemLoader Init config took 6.25s 
1093574    INFO  main            d.u.i.k.p.i.AbstractProblemLoader Replaying proof Plotter[ThreadSpec2::startTransfer()].JML model_behavior operation contract.0 
1093686    DEBUG main            d.u.i.k.p.i.IntermediateProofReplayer Proof replay took 104.36ms 
1093687    INFO  main            d.u.i.k.p.r.p.TestFile    ... success: loaded 
1093688    INFO  main            d.u.i.k.p.r.p.TestFile    Now processing file /home/runner/work/key/key/key.core/../key.ui/examples/heap/permissions/threads/Plotter_startTransfer_accessible.proof 
1093689    INFO  main            d.u.i.k.p.i.AbstractProblemLoader Loading environment from /home/runner/work/key/key/key.core/../key.ui/examples/heap/permissions/threads/Plotter_startTransfer_accessible.proof 
1093689    DEBUG main            d.u.i.k.p.i.AbstractProblemLoader Environment load took 96.5ns 
1093690    INFO  main            d.u.i.k.p.i.AbstractProblemLoader Creating init config 
1099818    DEBUG main            d.u.i.k.p.i.AbstractProblemLoader Init config took 6.13s 
1099940    INFO  main            d.u.i.k.p.i.AbstractProblemLoader Replaying proof Plotter[ThreadSpec2::startTransfer()].JML accessible clause.0 
1100065    DEBUG main            d.u.i.k.p.i.IntermediateProofReplayer Proof replay took 112.31ms 
1100066    INFO  main            d.u.i.k.p.r.p.TestFile    ... success: loaded 
1100068    INFO  main            d.u.i.k.p.r.p.TestFile    Now processing file /home/runner/work/key/key/key.core/../key.ui/examples/heap/permissions/threads/Plotter_joinTransfer_accessible.proof 
1100068    INFO  main            d.u.i.k.p.i.AbstractProblemLoader Loading environment from /home/runner/work/key/key/key.core/../key.ui/examples/heap/permissions/threads/Plotter_joinTransfer_accessible.proof 
1100068    DEBUG main            d.u.i.k.p.i.AbstractProblemLoader Environment load took 253.5ns 
1100069    INFO  main            d.u.i.k.p.i.AbstractProblemLoader Creating init config 
1106486    DEBUG main            d.u.i.k.p.i.AbstractProblemLoader Init config took 6.42s 
1106587    INFO  main            d.u.i.k.p.i.AbstractProblemLoader Replaying proof Plotter[ThreadSpec2::joinTransfer()].JML accessible clause.0 
1106595    WARN  main            d.u.i.k.p.i.IntermediateProofReplayer Proof contains wrong number of \assumes instatiations for Definition_axiom_for_stateInv_in_Plotter 
1106597    WARN  main            d.u.i.k.p.i.IntermediateProofReplayer Proof contains wrong number of \assumes instatiations for Definition_axiom_for_stateInv_in_Plotter 
1106599    WARN  main            d.u.i.k.p.i.IntermediateProofReplayer Proof contains wrong number of \assumes instatiations for Definition_axiom_for_workingPermissions_in_Plotter 
1106600    WARN  main            d.u.i.k.p.i.IntermediateProofReplayer Proof contains wrong number of \assumes instatiations for Definition_axiom_for_staticPermissions_in_Plotter 
1106600    WARN  main            d.u.i.k.p.i.IntermediateProofReplayer Proof contains wrong number of \assumes instatiations for Definition_axiom_for_joinTransfer_in_Plotter 
1106601    WARN  main            d.u.i.k.p.i.IntermediateProofReplayer Proof contains wrong number of \assumes instatiations for Definition_axiom_for_stateInv_in_BFilter 
1106603    WARN  main            d.u.i.k.p.i.IntermediateProofReplayer Proof contains wrong number of \assumes instatiations for Definition_axiom_for_stateInv_in_AFilter 
1106605    WARN  main            d.u.i.k.p.i.IntermediateProofReplayer Proof contains wrong number of \assumes instatiations for Definition_axiom_for_stateInv_in_BFilter 
1106607    WARN  main            d.u.i.k.p.i.IntermediateProofReplayer Proof contains wrong number of \assumes instatiations for Definition_axiom_for_stateInv_in_AFilter 
1106608    WARN  main            d.u.i.k.p.i.IntermediateProofReplayer Proof contains wrong number of \assumes instatiations for Definition_axiom_for_staticPermissions_in_AFilter 
1106609    WARN  main            d.u.i.k.p.i.IntermediateProofReplayer Proof contains wrong number of \assumes instatiations for Definition_axiom_for_staticPermissions_in_Plotter 
1106610    WARN  main            d.u.i.k.p.i.IntermediateProofReplayer Proof contains wrong number of \assumes instatiations for Definition_axiom_for_staticPermissions_in_BFilter 
1106610    WARN  main            d.u.i.k.p.i.IntermediateProofReplayer Proof contains wrong number of \assumes instatiations for Definition_axiom_for_workingPermissions_in_Plotter 
1106611    WARN  main            d.u.i.k.p.i.IntermediateProofReplayer Proof contains wrong number of \assumes instatiations for Definition_axiom_for_stateInv_in_Sampler 
1106612    WARN  main            d.u.i.k.p.i.IntermediateProofReplayer Proof contains wrong number of \assumes instatiations for Definition_axiom_for_stateInv_in_Sampler 
1106613    WARN  main            d.u.i.k.p.i.IntermediateProofReplayer Proof contains wrong number of \assumes instatiations for Definition_axiom_for_staticPermissions_in_Sampler 
1106614    WARN  main            d.u.i.k.p.i.IntermediateProofReplayer Proof contains wrong number of \assumes instatiations for Definition_axiom_for_staticPermissions_in_BFilter 
1106614    WARN  main            d.u.i.k.p.i.IntermediateProofReplayer Proof contains wrong number of \assumes instatiations for Definition_axiom_for_staticPermissions_in_AFilter 
1106615    WARN  main            d.u.i.k.p.i.IntermediateProofReplayer Proof contains wrong number of \assumes instatiations for Definition_axiom_for_staticPermissions_in_Sampler 
1106615    WARN  main            d.u.i.k.p.i.IntermediateProofReplayer Proof contains wrong number of \assumes instatiations for Definition_axiom_for_staticPermissions_in_Sampler 
1106616    WARN  main            d.u.i.k.p.i.IntermediateProofReplayer Proof contains wrong number of \assumes instatiations for Definition_axiom_for_staticPermissions_in_Sampler 
1106617    WARN  main            d.u.i.k.p.i.IntermediateProofReplayer Proof contains wrong number of \assumes instatiations for Definition_axiom_for_joinTransfer_in_Plotter 
1106693    DEBUG main            d.u.i.k.p.i.IntermediateProofReplayer Proof replay took 101.51ms 
1106696    INFO  main            d.u.i.k.p.r.p.TestFile    ... success: loaded 
6448654    INFO  Test worker     d.u.i.k.p.r.RunAllProofsTestUnit Returning from test permissionHeap 
6448656    INFO  Test worker     d.u.i.k.p.r.RunAllProofsTestUnit Running test completionScopes 
477        INFO  Timeout watchdog d.u.i.k.p.r.p.ForkedTestFileRunner Timeout watcher launched (2000 secs.) 
496        WARN  main            d.u.i.k.s.ProofSettings   The settings in /home/runner/.key/proof-settings.props are *not* read. 
561        INFO  main            d.u.i.k.p.r.p.TestFile    Now processing file /home/runner/work/key/key/key.core/../key.ui/examples/completionscopes/testCcatchReturnVal.key 
715        INFO  main            d.u.i.k.p.i.AbstractProblemLoader Loading environment from /home/runner/work/key/key/key.core/../key.ui/examples/completionscopes/testCcatchReturnVal.key 
735        DEBUG main            d.u.i.k.p.i.AbstractProblemLoader Environment load took 2.27ms 
1034       INFO  main            d.u.i.k.p.i.AbstractProblemLoader Creating init config 
2299       DEBUG main            d.u.i.k.j.TypeConverter   No LDT found for Meta 
2299       DEBUG main            d.u.i.k.j.TypeConverter   No LDT found for Meta 
2303       DEBUG main            d.u.i.k.j.TypeConverter   No LDT found for Meta 
2303       DEBUG main            d.u.i.k.j.TypeConverter   No LDT found for Meta 
3941       DEBUG main            d.u.i.k.j.TypeConverter   No LDT found for JavaBigintExpression 
10170      DEBUG main            d.u.i.k.p.i.AbstractProblemLoader Init config took 9.14s 
10404      INFO  main            d.u.i.k.p.i.AbstractProblemLoader Replaying proof CompletionScopes[CompletionScopes::testCcatchReturnVal()].JML normal_behavior operation contract.0 
10459      DEBUG main            d.u.i.k.p.i.IntermediateProofReplayer Proof replay took 36.6ns 
11123      INFO  main            d.u.i.k.p.r.p.TestFile    ... finished proof: closed. 
11254      INFO  main            d.u.i.k.p.i.AbstractProblemLoader Loading environment from /home/runner/work/key/key/key.core/../key.ui/examples/completionscopes/testCcatchReturnVal.key.proof 
11256      DEBUG main            d.u.i.k.p.i.AbstractProblemLoader Environment load took 2.18ms 
11259      INFO  main            d.u.i.k.p.i.AbstractProblemLoader Creating init config 
14929      DEBUG main            d.u.i.k.p.i.AbstractProblemLoader Init config took 3.67s 
15026      INFO  main            d.u.i.k.p.i.AbstractProblemLoader Replaying proof CompletionScopes[CompletionScopes::testCcatchReturnVal()].JML normal_behavior operation contract.0 
15069      DEBUG main            d.u.i.k.p.i.IntermediateProofReplayer Proof replay took 35.86ms 
15078      DEBUG main            d.u.i.k.p.r.p.TestFile    ... success: reloaded. 
15083      INFO  main            d.u.i.k.p.r.p.TestFile    Now processing file /home/runner/work/key/key/key.core/../key.ui/examples/completionscopes/testMultCcatchClauses.key 
15083      INFO  main            d.u.i.k.p.i.AbstractProblemLoader Loading environment from /home/runner/work/key/key/key.core/../key.ui/examples/completionscopes/testMultCcatchClauses.key 
15084      DEBUG main            d.u.i.k.p.i.AbstractProblemLoader Environment load took 226.6ns 
15088      INFO  main            d.u.i.k.p.i.AbstractProblemLoader Creating init config 
18492      DEBUG main            d.u.i.k.p.i.AbstractProblemLoader Init config took 3.4s 
18589      INFO  main            d.u.i.k.p.i.AbstractProblemLoader Replaying proof CompletionScopes[CompletionScopes::testMultCcatchClauses()].JML normal_behavior operation contract.0 
18593      DEBUG main            d.u.i.k.p.i.IntermediateProofReplayer Proof replay took 7.5ns 
19300      INFO  main            d.u.i.k.p.r.p.TestFile    ... finished proof: closed. 
19491      INFO  main            d.u.i.k.p.i.AbstractProblemLoader Loading environment from /home/runner/work/key/key/key.core/../key.ui/examples/completionscopes/testMultCcatchClauses.key.proof 
19491      DEBUG main            d.u.i.k.p.i.AbstractProblemLoader Environment load took 177.9ns 
19494      INFO  main            d.u.i.k.p.i.AbstractProblemLoader Creating init config 
22724      DEBUG main            d.u.i.k.p.i.AbstractProblemLoader Init config took 3.23s 
22785      INFO  main            d.u.i.k.p.i.AbstractProblemLoader Replaying proof CompletionScopes[CompletionScopes::testMultCcatchClauses()].JML normal_behavior operation contract.0 
22899      DEBUG main            d.u.i.k.p.i.IntermediateProofReplayer Proof replay took 109.65ms 
22900      DEBUG main            d.u.i.k.p.r.p.TestFile    ... success: reloaded. 
22902      INFO  main            d.u.i.k.p.r.p.TestFile    Now processing file /home/runner/work/key/key/key.core/../key.ui/examples/completionscopes/testNestedExec.key 
22903      INFO  main            d.u.i.k.p.i.AbstractProblemLoader Loading environment from /home/runner/work/key/key/key.core/../key.ui/examples/completionscopes/testNestedExec.key 
22903      DEBUG main            d.u.i.k.p.i.AbstractProblemLoader Environment load took 285.3ns 
22904      INFO  main            d.u.i.k.p.i.AbstractProblemLoader Creating init config 
26101      DEBUG main            d.u.i.k.p.i.AbstractProblemLoader Init config took 3.2s 
26176      INFO  main            d.u.i.k.p.i.AbstractProblemLoader Replaying proof CompletionScopes[CompletionScopes::testMultCcatchClauses()].JML normal_behavior operation contract.0 
26179      DEBUG main            d.u.i.k.p.i.IntermediateProofReplayer Proof replay took 7.8ns 
26583      INFO  main            d.u.i.k.p.r.p.TestFile    ... finished proof: closed. 
26775      INFO  main            d.u.i.k.p.i.AbstractProblemLoader Loading environment from /home/runner/work/key/key/key.core/../key.ui/examples/completionscopes/testNestedExec.key.proof 
26780      DEBUG main            d.u.i.k.p.i.AbstractProblemLoader Environment load took 5.26ms 
26782      INFO  main            d.u.i.k.p.i.AbstractProblemLoader Creating init config 
29995      DEBUG main            d.u.i.k.p.i.AbstractProblemLoader Init config took 3.21s 
30058      INFO  main            d.u.i.k.p.i.AbstractProblemLoader Replaying proof CompletionScopes[CompletionScopes::testMultCcatchClauses()].JML normal_behavior operation contract.0 
30150      DEBUG main            d.u.i.k.p.i.IntermediateProofReplayer Proof replay took 88.26ms 
30151      DEBUG main            d.u.i.k.p.r.p.TestFile    ... success: reloaded. 
30153      INFO  main            d.u.i.k.p.r.p.TestFile    Now processing file /home/runner/work/key/key/key.core/../key.ui/examples/completionscopes/testCcatchBreakLabel.key 
30153      INFO  main            d.u.i.k.p.i.AbstractProblemLoader Loading environment from /home/runner/work/key/key/key.core/../key.ui/examples/completionscopes/testCcatchBreakLabel.key 
30154      DEBUG main            d.u.i.k.p.i.AbstractProblemLoader Environment load took 248ns 
30155      INFO  main            d.u.i.k.p.i.AbstractProblemLoader Creating init config 
33440      DEBUG main            d.u.i.k.p.i.AbstractProblemLoader Init config took 3.28s 
33499      INFO  main            d.u.i.k.p.i.AbstractProblemLoader Replaying proof CompletionScopes[CompletionScopes::testBreakLabel()].JML normal_behavior operation contract.0 
33502      DEBUG main            d.u.i.k.p.i.IntermediateProofReplayer Proof replay took 7.7ns 
33524      DEBUG Thread-10       d.u.i.k.l.o.ProgramSV     Match failed: Former match of  SchemaVariable incompatible with  the current match. 
33604      INFO  main            d.u.i.k.p.r.p.TestFile    ... finished proof: closed. 
33785      INFO  main            d.u.i.k.p.i.AbstractProblemLoader Loading environment from /home/runner/work/key/key/key.core/../key.ui/examples/completionscopes/testCcatchBreakLabel.key.proof 
33786      DEBUG main            d.u.i.k.p.i.AbstractProblemLoader Environment load took 148.5ns 
33787      INFO  main            d.u.i.k.p.i.AbstractProblemLoader Creating init config 
37017      DEBUG main            d.u.i.k.p.i.AbstractProblemLoader Init config took 3.23s 
37094      INFO  main            d.u.i.k.p.i.AbstractProblemLoader Replaying proof CompletionScopes[CompletionScopes::testBreakLabel()].JML normal_behavior operation contract.0 
37106      DEBUG main            d.u.i.k.p.i.IntermediateProofReplayer Proof replay took 9.63ms 
37106      DEBUG main            d.u.i.k.p.r.p.TestFile    ... success: reloaded. 
37108      INFO  main            d.u.i.k.p.r.p.TestFile    Now processing file /home/runner/work/key/key/key.core/../key.ui/examples/completionscopes/testCcatchContinueLabel.key 
37108      INFO  main            d.u.i.k.p.i.AbstractProblemLoader Loading environment from /home/runner/work/key/key/key.core/../key.ui/examples/completionscopes/testCcatchContinueLabel.key 
37108      DEBUG main            d.u.i.k.p.i.AbstractProblemLoader Environment load took 101.8ns 
37110      INFO  main            d.u.i.k.p.i.AbstractProblemLoader Creating init config 
40257      DEBUG main            d.u.i.k.p.i.AbstractProblemLoader Init config took 3.15s 
40315      INFO  main            d.u.i.k.p.i.AbstractProblemLoader Replaying proof CompletionScopes[CompletionScopes::testContinueLabel()].JML normal_behavior operation contract.0 
40317      DEBUG main            d.u.i.k.p.i.IntermediateProofReplayer Proof replay took 7.8ns 
40343      DEBUG Thread-13       d.u.i.k.l.o.ProgramSV     Match failed: Former match of  SchemaVariable incompatible with  the current match. 
40422      INFO  main            d.u.i.k.p.r.p.TestFile    ... finished proof: closed. 
40626      INFO  main            d.u.i.k.p.i.AbstractProblemLoader Loading environment from /home/runner/work/key/key/key.core/../key.ui/examples/completionscopes/testCcatchContinueLabel.key.proof 
40626      DEBUG main            d.u.i.k.p.i.AbstractProblemLoader Environment load took 156.8ns 
40628      INFO  main            d.u.i.k.p.i.AbstractProblemLoader Creating init config 
43785      DEBUG main            d.u.i.k.p.i.AbstractProblemLoader Init config took 3.16s 
43842      INFO  main            d.u.i.k.p.i.AbstractProblemLoader Replaying proof CompletionScopes[CompletionScopes::testContinueLabel()].JML normal_behavior operation contract.0 
43853      DEBUG main            d.u.i.k.p.i.IntermediateProofReplayer Proof replay took 8.96ms 
43854      DEBUG main            d.u.i.k.p.r.p.TestFile    ... success: reloaded. 
43856      INFO  main            d.u.i.k.p.r.p.TestFile    Now processing file /home/runner/work/key/key/key.core/../key.ui/examples/completionscopes/testCcatchBreakLabelWildcard.key 
43856      INFO  main            d.u.i.k.p.i.AbstractProblemLoader Loading environment from /home/runner/work/key/key/key.core/../key.ui/examples/completionscopes/testCcatchBreakLabelWildcard.key 
43857      DEBUG main            d.u.i.k.p.i.AbstractProblemLoader Environment load took 230.4ns 
43858      INFO  main            d.u.i.k.p.i.AbstractProblemLoader Creating init config 
46984      DEBUG main            d.u.i.k.p.i.AbstractProblemLoader Init config took 3.13s 
47038      INFO  main            d.u.i.k.p.i.AbstractProblemLoader Replaying proof CompletionScopes[CompletionScopes::testBreakLabelWildcard()].JML normal_behavior operation contract.0 
47041      DEBUG main            d.u.i.k.p.i.IntermediateProofReplayer Proof replay took 8.1ns 
47059      DEBUG Thread-16       d.u.i.k.l.o.ProgramSV     Match failed: Former match of  SchemaVariable incompatible with  the current match. 
47060      DEBUG Thread-16       d.u.i.k.l.o.ProgramSV     Match failed: Former match of  SchemaVariable incompatible with  the current match. 
47144      INFO  main            d.u.i.k.p.r.p.TestFile    ... finished proof: closed. 
47420      INFO  main            d.u.i.k.p.i.AbstractProblemLoader Loading environment from /home/runner/work/key/key/key.core/../key.ui/examples/completionscopes/testCcatchBreakLabelWildcard.key.proof 
47421      DEBUG main            d.u.i.k.p.i.AbstractProblemLoader Environment load took 153.2ns 
47422      INFO  main            d.u.i.k.p.i.AbstractProblemLoader Creating init config 
50520      DEBUG main            d.u.i.k.p.i.AbstractProblemLoader Init config took 3.1s 
50582      INFO  main            d.u.i.k.p.i.AbstractProblemLoader Replaying proof CompletionScopes[CompletionScopes::testBreakLabelWildcard()].JML normal_behavior operation contract.0 
50593      DEBUG main            d.u.i.k.p.i.IntermediateProofReplayer Proof replay took 9.17ms 
50594      DEBUG main            d.u.i.k.p.r.p.TestFile    ... success: reloaded. 
50596      INFO  main            d.u.i.k.p.r.p.TestFile    Now processing file /home/runner/work/key/key/key.core/../key.ui/examples/completionscopes/testCcatchContinueLabelWildcard.key 
50596      INFO  main            d.u.i.k.p.i.AbstractProblemLoader Loading environment from /home/runner/work/key/key/key.core/../key.ui/examples/completionscopes/testCcatchContinueLabelWildcard.key 
50596      DEBUG main            d.u.i.k.p.i.AbstractProblemLoader Environment load took 124.6ns 
50597      INFO  main            d.u.i.k.p.i.AbstractProblemLoader Creating init config 
53775      DEBUG main            d.u.i.k.p.i.AbstractProblemLoader Init config took 3.18s 
53828      INFO  main            d.u.i.k.p.i.AbstractProblemLoader Replaying proof CompletionScopes[CompletionScopes::testContinueLabelWildcard()].JML normal_behavior operation contract.0 
53830      DEBUG main            d.u.i.k.p.i.IntermediateProofReplayer Proof replay took 7ns 
53852      DEBUG Thread-19       d.u.i.k.l.o.ProgramSV     Match failed: Former match of  SchemaVariable incompatible with  the current match. 
53854      DEBUG Thread-19       d.u.i.k.l.o.ProgramSV     Match failed: Former match of  SchemaVariable incompatible with  the current match. 
53932      INFO  main            d.u.i.k.p.r.p.TestFile    ... finished proof: closed. 
54140      INFO  main            d.u.i.k.p.i.AbstractProblemLoader Loading environment from /home/runner/work/key/key/key.core/../key.ui/examples/completionscopes/testCcatchContinueLabelWildcard.key.proof 
54140      DEBUG main            d.u.i.k.p.i.AbstractProblemLoader Environment load took 167.1ns 
54142      INFO  main            d.u.i.k.p.i.AbstractProblemLoader Creating init config 
57217      DEBUG main            d.u.i.k.p.i.AbstractProblemLoader Init config took 3.08s 
57266      INFO  main            d.u.i.k.p.i.AbstractProblemLoader Replaying proof CompletionScopes[CompletionScopes::testContinueLabelWildcard()].JML normal_behavior operation contract.0 
57278      DEBUG main            d.u.i.k.p.i.IntermediateProofReplayer Proof replay took 9.94ms 
57279      DEBUG main            d.u.i.k.p.r.p.TestFile    ... success: reloaded. 
57280      INFO  main            d.u.i.k.p.r.p.TestFile    Now processing file /home/runner/work/key/key/key.core/../key.ui/examples/completionscopes/testCcatchBreakLabelNonmatchingNested.key 
57281      INFO  main            d.u.i.k.p.i.AbstractProblemLoader Loading environment from /home/runner/work/key/key/key.core/../key.ui/examples/completionscopes/testCcatchBreakLabelNonmatchingNested.key 
57281      DEBUG main            d.u.i.k.p.i.AbstractProblemLoader Environment load took 126.6ns 
57282      INFO  main            d.u.i.k.p.i.AbstractProblemLoader Creating init config 
60405      DEBUG main            d.u.i.k.p.i.AbstractProblemLoader Init config took 3.12s 
60453      INFO  main            d.u.i.k.p.i.AbstractProblemLoader Replaying proof CompletionScopes[CompletionScopes::testBreakLabelNonmatchingNested()].JML normal_behavior operation contract.0 
60456      DEBUG main            d.u.i.k.p.i.IntermediateProofReplayer Proof replay took 8.1ns 
60474      DEBUG Thread-22       d.u.i.k.l.o.ProgramSV     Match failed: Former match of  SchemaVariable incompatible with  the current match. 
60476      DEBUG Thread-22       d.u.i.k.l.o.ProgramSV     Match failed: Former match of  SchemaVariable incompatible with  the current match. 
60558      INFO  main            d.u.i.k.p.r.p.TestFile    ... finished proof: closed. 
60804      INFO  main            d.u.i.k.p.i.AbstractProblemLoader Loading environment from /home/runner/work/key/key/key.core/../key.ui/examples/completionscopes/testCcatchBreakLabelNonmatchingNested.key.proof 
60804      DEBUG main            d.u.i.k.p.i.AbstractProblemLoader Environment load took 132.6ns 
60806      INFO  main            d.u.i.k.p.i.AbstractProblemLoader Creating init config 
63796      DEBUG main            d.u.i.k.p.i.AbstractProblemLoader Init config took 2.99s 
63844      INFO  main            d.u.i.k.p.i.AbstractProblemLoader Replaying proof CompletionScopes[CompletionScopes::testBreakLabelNonmatchingNested()].JML normal_behavior operation contract.0 
63856      DEBUG main            d.u.i.k.p.i.IntermediateProofReplayer Proof replay took 8.92ms 
63857      DEBUG main            d.u.i.k.p.r.p.TestFile    ... success: reloaded. 
6512728    INFO  Test worker     d.u.i.k.p.r.RunAllProofsTestUnit Returning from test completionScopes 
6512729    INFO  Test worker     d.u.i.k.p.r.RunAllProofsTestUnit Running test reload_examples 
412        INFO  Timeout watchdog d.u.i.k.p.r.p.ForkedTestFileRunner Timeout watcher launched (2000 secs.) 
429        WARN  main            d.u.i.k.s.ProofSettings   The settings in /home/runner/.key/proof-settings.props are *not* read. 
465        INFO  main            d.u.i.k.p.r.p.TestFile    Now processing file /home/runner/work/key/key/key.core/../key.ui/examples/firstTouch/05-ReverseArray/reverseArray.key 
625        INFO  main            d.u.i.k.p.i.AbstractProblemLoader Loading environment from /home/runner/work/key/key/key.core/../key.ui/examples/firstTouch/05-ReverseArray/reverseArray.key 
655        DEBUG main            d.u.i.k.p.i.AbstractProblemLoader Environment load took 2.96ms 
990        INFO  main            d.u.i.k.p.i.AbstractProblemLoader Creating init config 
2339       DEBUG main            d.u.i.k.j.TypeConverter   No LDT found for Meta 
2340       DEBUG main            d.u.i.k.j.TypeConverter   No LDT found for Meta 
2344       DEBUG main            d.u.i.k.j.TypeConverter   No LDT found for Meta 
2344       DEBUG main            d.u.i.k.j.TypeConverter   No LDT found for Meta 
4239       DEBUG main            d.u.i.k.j.TypeConverter   No LDT found for JavaBigintExpression 
10938      DEBUG main            d.u.i.k.p.i.AbstractProblemLoader Init config took 9.95s 
11093      INFO  main            d.u.i.k.p.i.AbstractProblemLoader Replaying proof ReverseArray[ReverseArray::reverse()].JML normal_behavior operation contract.0 
11162      DEBUG main            d.u.i.k.p.i.IntermediateProofReplayer Proof replay took 45.7ns 
25654      INFO  main            d.u.i.k.p.r.p.TestFile    ... finished proof: closed. 
25906      INFO  main            d.u.i.k.p.i.AbstractProblemLoader Loading environment from /home/runner/work/key/key/key.core/../key.ui/examples/firstTouch/05-ReverseArray/reverseArray.key.proof 
25907      DEBUG main            d.u.i.k.p.i.AbstractProblemLoader Environment load took 1.05ms 
25917      INFO  main            d.u.i.k.p.i.AbstractProblemLoader Creating init config 
29426      DEBUG main            d.u.i.k.p.i.AbstractProblemLoader Init config took 3.51s 
29503      INFO  main            d.u.i.k.p.i.AbstractProblemLoader Replaying proof ReverseArray[ReverseArray::reverse()].JML normal_behavior operation contract.0 
30279      DEBUG main            d.u.i.k.p.i.IntermediateProofReplayer Proof replay took 676.01ms 
30292      DEBUG main            d.u.i.k.p.r.p.TestFile    ... success: reloaded. 
30296      INFO  main            d.u.i.k.p.r.p.TestFile    Now processing file /home/runner/work/key/key/key.core/../key.ui/examples/standard_key/arith/saveProofTest.key.proof 
30296      INFO  main            d.u.i.k.p.i.AbstractProblemLoader Loading environment from /home/runner/work/key/key/key.core/../key.ui/examples/standard_key/arith/saveProofTest.key.proof 
30297      DEBUG main            d.u.i.k.p.i.AbstractProblemLoader Environment load took 222.8ns 
30301      INFO  main            d.u.i.k.p.i.AbstractProblemLoader Creating init config 
33474      DEBUG main            d.u.i.k.p.i.AbstractProblemLoader Init config took 3.17s 
33507      INFO  main            d.u.i.k.p.i.AbstractProblemLoader Replaying proof saveProofTest.key.proof 
33516      DEBUG main            d.u.i.k.p.i.IntermediateProofReplayer Proof replay took 3.39ms 
33517      INFO  main            d.u.i.k.p.r.p.TestFile    ... success: loaded 
33518      INFO  main            d.u.i.k.p.r.p.TestFile    Now processing file /home/runner/work/key/key/key.core/../key.ui/examples/heap/permutedSum/perm.proof 
33518      INFO  main            d.u.i.k.p.i.AbstractProblemLoader Loading environment from /home/runner/work/key/key/key.core/../key.ui/examples/heap/permutedSum/perm.proof 
33519      DEBUG main            d.u.i.k.p.i.AbstractProblemLoader Environment load took 260.9ns 
33522      INFO  main            d.u.i.k.p.i.AbstractProblemLoader Creating init config 
36895      DEBUG main            d.u.i.k.p.i.AbstractProblemLoader Init config took 3.37s 
37006      INFO  main            d.u.i.k.p.i.AbstractProblemLoader Replaying proof Perm[Perm::foo()].JML normal_behavior operation contract.0 
38235      DEBUG main            d.u.i.k.p.i.IntermediateProofReplayer Proof replay took 1.16s 
38239      INFO  main            d.u.i.k.p.r.p.TestFile    ... success: loaded 
38241      INFO  main            d.u.i.k.p.r.p.TestFile    Now processing file /home/runner/work/key/key/key.core/../key.ui/examples/firstTouch/05-ReverseArray/reverseArray.proof 
38242      INFO  main            d.u.i.k.p.i.AbstractProblemLoader Loading environment from /home/runner/work/key/key/key.core/../key.ui/examples/firstTouch/05-ReverseArray/reverseArray.proof 
38242      DEBUG main            d.u.i.k.p.i.AbstractProblemLoader Environment load took 233.7ns 
38245      INFO  main            d.u.i.k.p.i.AbstractProblemLoader Creating init config 
41450      DEBUG main            d.u.i.k.p.i.AbstractProblemLoader Init config took 3.2s 
41531      INFO  main            d.u.i.k.p.i.AbstractProblemLoader Replaying proof ReverseArray[ReverseArray::reverse()].JML normal_behavior operation contract.0 
42163      DEBUG main            d.u.i.k.p.i.IntermediateProofReplayer Proof replay took 584.66ms 
42167      INFO  main            d.u.i.k.p.r.p.TestFile    ... success: loaded 
42168      INFO  main            d.u.i.k.p.r.p.TestFile    Now processing file /home/runner/work/key/key/key.core/../key.ui/examples/heap/verifyThis15_1_RelaxedPrefix/relax.proof 
42169      INFO  main            d.u.i.k.p.i.AbstractProblemLoader Loading environment from /home/runner/work/key/key/key.core/../key.ui/examples/heap/verifyThis15_1_RelaxedPrefix/relax.proof 
42169      DEBUG main            d.u.i.k.p.i.AbstractProblemLoader Environment load took 313ns 
42171      INFO  main            d.u.i.k.p.i.AbstractProblemLoader Creating init config 
45486      DEBUG main            d.u.i.k.p.i.AbstractProblemLoader Init config took 3.31s 
45544      INFO  main            d.u.i.k.p.i.AbstractProblemLoader Replaying proof Relaxed[Relaxed::isRelaxedPrefix([I,[I)].JML operation contract.0 
46106      DEBUG main            d.u.i.k.p.i.IntermediateProofReplayer Proof replay took 541.73ms 
46108      INFO  main            d.u.i.k.p.r.p.TestFile    ... success: loaded 
46109      INFO  main            d.u.i.k.p.r.p.TestFile    Now processing file /home/runner/work/key/key/key.core/../key.ui/examples/heap/verifyThis15_3_DLL/doUndo.proof 
46110      INFO  main            d.u.i.k.p.i.AbstractProblemLoader Loading environment from /home/runner/work/key/key/key.core/../key.ui/examples/heap/verifyThis15_3_DLL/doUndo.proof 
46110      DEBUG main            d.u.i.k.p.i.AbstractProblemLoader Environment load took 219.6ns 
46112      INFO  main            d.u.i.k.p.i.AbstractProblemLoader Creating init config 
47350      DEBUG main            d.u.i.k.j.r.ClassPreparationMethodBuilder clPrepBuilder: Inner Class detected. Reject building class initialisation methods. 
49754      DEBUG main            d.u.i.k.p.i.AbstractProblemLoader Init config took 3.64s 
49856      INFO  main            d.u.i.k.p.i.AbstractProblemLoader Replaying proof DoubleLinkedList[DoubleLinkedList::doUndo(DoubleLinkedList.Node,int)].JML normal_behavior operation contract.0 
50590      DEBUG main            d.u.i.k.p.i.IntermediateProofReplayer Proof replay took 698.02ms 
50592      INFO  main            d.u.i.k.p.r.p.TestFile    ... success: loaded 
50595      INFO  main            d.u.i.k.p.r.p.TestFile    Now processing file /home/runner/work/key/key/key.core/../key.ui/examples/heap/verifyThis15_2_ParallelGcd/parallelGcd.proof 
50596      INFO  main            d.u.i.k.p.i.AbstractProblemLoader Loading environment from /home/runner/work/key/key/key.core/../key.ui/examples/heap/verifyThis15_2_ParallelGcd/parallelGcd.proof 
50596      DEBUG main            d.u.i.k.p.i.AbstractProblemLoader Environment load took 220.6ns 
50598      INFO  main            d.u.i.k.p.i.AbstractProblemLoader Creating init config 
53961      DEBUG main            d.u.i.k.p.i.AbstractProblemLoader Init config took 3.36s 
54030      INFO  main            d.u.i.k.p.i.AbstractProblemLoader Replaying proof ParallelGcd[ParallelGcd::parallelGcd(int,int,[Z)].JML behavior operation contract.0 
54720      DEBUG main            d.u.i.k.p.i.IntermediateProofReplayer Proof replay took 672.04ms 
54722      INFO  main            d.u.i.k.p.r.p.TestFile    ... success: loaded 
6567670    INFO  Test worker     d.u.i.k.p.r.RunAllProofsTestUnit Returning from test reload_examples 
6567671    INFO  Test worker     d.u.i.k.p.r.RunAllProofsTestUnit Running test proofLoadRepair 
524        INFO  Timeout watchdog d.u.i.k.p.r.p.ForkedTestFileRunner Timeout watcher launched (2000 secs.) 
543        WARN  main            d.u.i.k.s.ProofSettings   The settings in /home/runner/.key/proof-settings.props are *not* read. 
579        INFO  main            d.u.i.k.p.r.p.TestFile    Now processing file /home/runner/work/key/key/key.core/../key.ui/examples/proofLoadRepair/disjConj-manipulated.proof 
723        INFO  main            d.u.i.k.p.i.AbstractProblemLoader Loading environment from /home/runner/work/key/key/key.core/../key.ui/examples/proofLoadRepair/disjConj-manipulated.proof 
747        DEBUG main            d.u.i.k.p.i.AbstractProblemLoader Environment load took 2.67ms 
1065       INFO  main            d.u.i.k.p.i.AbstractProblemLoader Creating init config 
2360       DEBUG main            d.u.i.k.j.TypeConverter   No LDT found for Meta 
2361       DEBUG main            d.u.i.k.j.TypeConverter   No LDT found for Meta 
2363       DEBUG main            d.u.i.k.j.TypeConverter   No LDT found for Meta 
2363       DEBUG main            d.u.i.k.j.TypeConverter   No LDT found for Meta 
4367       DEBUG main            d.u.i.k.j.TypeConverter   No LDT found for JavaBigintExpression 
10538      DEBUG main            d.u.i.k.p.i.AbstractProblemLoader Init config took 9.47s 
10619      INFO  main            d.u.i.k.p.i.AbstractProblemLoader Replaying proof disjConj-manipulated.proof 
10681      WARN  main            d.u.i.k.p.i.IntermediateProofReplayer Proof contains wrong number of \assumes instatiations for andLeft 
10683      WARN  main            d.u.i.k.p.i.IntermediateProofReplayer Proof contains wrong number of \assumes instatiations for replace_known_right 
10687      WARN  main            d.u.i.k.p.i.IntermediateProofReplayer Proof contains wrong number of \assumes instatiations for close 
10687      DEBUG main            d.u.i.k.p.i.IntermediateProofReplayer Proof replay took 17.57ms 
10693      INFO  main            d.u.i.k.p.r.p.TestFile    ... success: loaded 
10698      INFO  main            d.u.i.k.p.r.p.TestFile    Now processing file /home/runner/work/key/key/key.core/../key.ui/examples/proofLoadRepair/insufficient-manipulated.proof 
10699      INFO  main            d.u.i.k.p.i.AbstractProblemLoader Loading environment from /home/runner/work/key/key/key.core/../key.ui/examples/proofLoadRepair/insufficient-manipulated.proof 
10699      DEBUG main            d.u.i.k.p.i.AbstractProblemLoader Environment load took 305.3ns 
10704      INFO  main            d.u.i.k.p.i.AbstractProblemLoader Creating init config 
14165      DEBUG main            d.u.i.k.p.i.AbstractProblemLoader Init config took 3.46s 
14188      INFO  main            d.u.i.k.p.i.AbstractProblemLoader Replaying proof insufficient-manipulated.proof 
14209      WARN  main            d.u.i.k.p.i.IntermediateProofReplayer Proof contains wrong number of \assumes instatiations for applyEq 
14221      DEBUG main            d.u.i.k.p.i.IntermediateProofReplayer Proof replay took 13.2ms 
14224      INFO  main            d.u.i.k.p.r.p.TestFile    ... success: loading failed 
14226      INFO  main            d.u.i.k.p.r.p.TestFile    Now processing file /home/runner/work/key/key/key.core/../key.ui/examples/../../key.core/src/test/resources/testcase/issues/1716/incorrectPolarity.proof 
14226      INFO  main            d.u.i.k.p.i.AbstractProblemLoader Loading environment from /home/runner/work/key/key/key.core/../key.ui/examples/../../key.core/src/test/resources/testcase/issues/1716/incorrectPolarity.proof 
14227      DEBUG main            d.u.i.k.p.i.AbstractProblemLoader Environment load took 264.5ns 
14229      INFO  main            d.u.i.k.p.i.AbstractProblemLoader Creating init config 
17521      DEBUG main            d.u.i.k.p.i.AbstractProblemLoader Init config took 3.29s 
17557      INFO  main            d.u.i.k.p.i.AbstractProblemLoader Replaying proof incorrectPolarity.proof 
17560      DEBUG main            d.u.i.k.p.i.IntermediateProofReplayer Proof replay took 236ns 
17561      INFO  main            d.u.i.k.p.r.p.TestFile    ... success: loading failed 
17562      INFO  main            d.u.i.k.p.r.p.TestFile    Now processing file /home/runner/work/key/key/key.core/../key.ui/examples/../../key.core/src/test/resources/testcase/issues/1716/incorrectPolarity2.proof 
17563      INFO  main            d.u.i.k.p.i.AbstractProblemLoader Loading environment from /home/runner/work/key/key/key.core/../key.ui/examples/../../key.core/src/test/resources/testcase/issues/1716/incorrectPolarity2.proof 
17563      DEBUG main            d.u.i.k.p.i.AbstractProblemLoader Environment load took 268.2ns 
17565      INFO  main            d.u.i.k.p.i.AbstractProblemLoader Creating init config 
20646      DEBUG main            d.u.i.k.p.i.AbstractProblemLoader Init config took 3.08s 
20676      INFO  main            d.u.i.k.p.i.AbstractProblemLoader Replaying proof incorrectPolarity2.proof 
20679      DEBUG main            d.u.i.k.p.i.IntermediateProofReplayer Proof replay took 469.5ns 
20680      INFO  main            d.u.i.k.p.r.p.TestFile    ... success: loading failed 
20681      INFO  main            d.u.i.k.p.r.p.TestFile    Now processing file /home/runner/work/key/key/key.core/../key.ui/examples/../../key.core/src/test/resources/testcase/issues/1716/incorrectPolarity3.proof 
20681      INFO  main            d.u.i.k.p.i.AbstractProblemLoader Loading environment from /home/runner/work/key/key/key.core/../key.ui/examples/../../key.core/src/test/resources/testcase/issues/1716/incorrectPolarity3.proof 
20681      DEBUG main            d.u.i.k.p.i.AbstractProblemLoader Environment load took 144.6ns 
20683      INFO  main            d.u.i.k.p.i.AbstractProblemLoader Creating init config 
23798      DEBUG main            d.u.i.k.p.i.AbstractProblemLoader Init config took 3.12s 
23827      INFO  main            d.u.i.k.p.i.AbstractProblemLoader Replaying proof incorrectPolarity3.proof 
23831      DEBUG main            d.u.i.k.p.i.IntermediateProofReplayer Proof replay took 1.34ms 
23832      INFO  main            d.u.i.k.p.r.p.TestFile    ... success: loading failed 
6591716    INFO  Test worker     d.u.i.k.p.r.RunAllProofsTestUnit Returning from test proofLoadRepair 
6591717    INFO  Test worker     d.u.i.k.p.r.RunAllProofsTestUnit Running test switch 
485        INFO  Timeout watchdog d.u.i.k.p.r.p.ForkedTestFileRunner Timeout watcher launched (2000 secs.) 
510        WARN  main            d.u.i.k.s.ProofSettings   The settings in /home/runner/.key/proof-settings.props are *not* read. 
571        INFO  main            d.u.i.k.p.r.p.TestFile    Now processing file /home/runner/work/key/key/key.core/../key.ui/examples/standard_key/java_dl/switch/labeled_case.key 
749        INFO  main            d.u.i.k.p.i.AbstractProblemLoader Loading environment from /home/runner/work/key/key/key.core/../key.ui/examples/standard_key/java_dl/switch/labeled_case.key 
772        DEBUG main            d.u.i.k.p.i.AbstractProblemLoader Environment load took 2.58ms 
1066       INFO  main            d.u.i.k.p.i.AbstractProblemLoader Creating init config 
2388       DEBUG main            d.u.i.k.j.TypeConverter   No LDT found for Meta 
2389       DEBUG main            d.u.i.k.j.TypeConverter   No LDT found for Meta 
2392       DEBUG main            d.u.i.k.j.TypeConverter   No LDT found for Meta 
2393       DEBUG main            d.u.i.k.j.TypeConverter   No LDT found for Meta 
3987       DEBUG main            d.u.i.k.j.TypeConverter   No LDT found for JavaBigintExpression 
10629      DEBUG main            d.u.i.k.p.i.AbstractProblemLoader Init config took 9.56s 
10843      INFO  main            d.u.i.k.p.i.AbstractProblemLoader Replaying proof LabeledCase[LabeledCase::m(int)].JML normal_behavior operation contract.0 
10888      DEBUG main            d.u.i.k.p.i.IntermediateProofReplayer Proof replay took 38.6ns 
11720      INFO  main            d.u.i.k.p.r.p.TestFile    ... finished proof: closed. 
11862      INFO  main            d.u.i.k.p.i.AbstractProblemLoader Loading environment from /home/runner/work/key/key/key.core/../key.ui/examples/standard_key/java_dl/switch/labeled_case.key.proof 
11862      DEBUG main            d.u.i.k.p.i.AbstractProblemLoader Environment load took 170.4ns 
11868      INFO  main            d.u.i.k.p.i.AbstractProblemLoader Creating init config 
15568      DEBUG main            d.u.i.k.p.i.AbstractProblemLoader Init config took 3.7s 
15667      INFO  main            d.u.i.k.p.i.AbstractProblemLoader Replaying proof LabeledCase[LabeledCase::m(int)].JML normal_behavior operation contract.0 
15750      DEBUG main            d.u.i.k.p.i.IntermediateProofReplayer Proof replay took 76.27ms 
15771      DEBUG main            d.u.i.k.p.r.p.TestFile    ... success: reloaded. 
15772      INFO  main            d.u.i.k.p.r.p.TestFile    Now processing file /home/runner/work/key/key/key.core/../key.ui/examples/standard_key/java_dl/switch/empty_switch.key 
15773      INFO  main            d.u.i.k.p.i.AbstractProblemLoader Loading environment from /home/runner/work/key/key/key.core/../key.ui/examples/standard_key/java_dl/switch/empty_switch.key 
15773      DEBUG main            d.u.i.k.p.i.AbstractProblemLoader Environment load took 154.2ns 
15775      INFO  main            d.u.i.k.p.i.AbstractProblemLoader Creating init config 
19177      DEBUG main            d.u.i.k.p.i.AbstractProblemLoader Init config took 3.4s 
19226      INFO  main            d.u.i.k.p.i.AbstractProblemLoader Replaying proof empty_switch.key 
19233      DEBUG main            d.u.i.k.p.i.IntermediateProofReplayer Proof replay took 7.9ns 
19340      INFO  main            d.u.i.k.p.r.p.TestFile    ... finished proof: closed. 
19505      INFO  main            d.u.i.k.p.i.AbstractProblemLoader Loading environment from /home/runner/work/key/key/key.core/../key.ui/examples/standard_key/java_dl/switch/empty_switch.key.proof 
19506      DEBUG main            d.u.i.k.p.i.AbstractProblemLoader Environment load took 147.6ns 
19507      INFO  main            d.u.i.k.p.i.AbstractProblemLoader Creating init config 
22845      DEBUG main            d.u.i.k.p.i.AbstractProblemLoader Init config took 3.34s 
22874      INFO  main            d.u.i.k.p.i.AbstractProblemLoader Replaying proof empty_switch.key.proof 
22880      DEBUG main            d.u.i.k.p.i.IntermediateProofReplayer Proof replay took 2.53ms 
22881      DEBUG main            d.u.i.k.p.r.p.TestFile    ... success: reloaded. 
22882      INFO  main            d.u.i.k.p.r.p.TestFile    Now processing file /home/runner/work/key/key/key.core/../key.ui/examples/standard_key/java_dl/switch/empty_switch_null.key 
22883      INFO  main            d.u.i.k.p.i.AbstractProblemLoader Loading environment from /home/runner/work/key/key/key.core/../key.ui/examples/standard_key/java_dl/switch/empty_switch_null.key 
22883      DEBUG main            d.u.i.k.p.i.AbstractProblemLoader Environment load took 240.4ns 
22884      INFO  main            d.u.i.k.p.i.AbstractProblemLoader Creating init config 
26228      DEBUG main            d.u.i.k.p.i.AbstractProblemLoader Init config took 3.34s 
26257      INFO  main            d.u.i.k.p.i.AbstractProblemLoader Replaying proof empty_switch_null.key 
26260      DEBUG main            d.u.i.k.p.i.IntermediateProofReplayer Proof replay took 29ns 
26466      INFO  main            d.u.i.k.p.r.p.TestFile    ... finished proof: closed. 
26654      INFO  main            d.u.i.k.p.i.AbstractProblemLoader Loading environment from /home/runner/work/key/key/key.core/../key.ui/examples/standard_key/java_dl/switch/empty_switch_null.key.proof 
26660      DEBUG main            d.u.i.k.p.i.AbstractProblemLoader Environment load took 5.93ms 
26661      INFO  main            d.u.i.k.p.i.AbstractProblemLoader Creating init config 
29901      DEBUG main            d.u.i.k.p.i.AbstractProblemLoader Init config took 3.24s 
29928      INFO  main            d.u.i.k.p.i.AbstractProblemLoader Replaying proof empty_switch_null.key.proof 
29981      DEBUG main            d.u.i.k.p.i.IntermediateProofReplayer Proof replay took 48.29ms 
29984      DEBUG main            d.u.i.k.p.r.p.TestFile    ... success: reloaded. 
29985      INFO  main            d.u.i.k.p.r.p.TestFile    Now processing file /home/runner/work/key/key/key.core/../key.ui/examples/standard_key/java_dl/switch/empty_switch_null_catch.key 
29986      INFO  main            d.u.i.k.p.i.AbstractProblemLoader Loading environment from /home/runner/work/key/key/key.core/../key.ui/examples/standard_key/java_dl/switch/empty_switch_null_catch.key 
29986      DEBUG main            d.u.i.k.p.i.AbstractProblemLoader Environment load took 133.6ns 
29987      INFO  main            d.u.i.k.p.i.AbstractProblemLoader Creating init config 
33370      DEBUG main            d.u.i.k.p.i.AbstractProblemLoader Init config took 3.38s 
33398      INFO  main            d.u.i.k.p.i.AbstractProblemLoader Replaying proof empty_switch_null_catch.key 
33401      DEBUG main            d.u.i.k.p.i.IntermediateProofReplayer Proof replay took 7.4ns 
33605      INFO  main            d.u.i.k.p.r.p.TestFile    ... finished proof: closed. 
33819      INFO  main            d.u.i.k.p.i.AbstractProblemLoader Loading environment from /home/runner/work/key/key/key.core/../key.ui/examples/standard_key/java_dl/switch/empty_switch_null_catch.key.proof 
33819      DEBUG main            d.u.i.k.p.i.AbstractProblemLoader Environment load took 456.6ns 
33821      INFO  main            d.u.i.k.p.i.AbstractProblemLoader Creating init config 
37070      DEBUG main            d.u.i.k.p.i.AbstractProblemLoader Init config took 3.25s 
37098      INFO  main            d.u.i.k.p.i.AbstractProblemLoader Replaying proof empty_switch_null_catch.key.proof 
37153      DEBUG main            d.u.i.k.p.i.IntermediateProofReplayer Proof replay took 50.9ms 
37155      DEBUG main            d.u.i.k.p.r.p.TestFile    ... success: reloaded. 
37156      INFO  main            d.u.i.k.p.r.p.TestFile    Now processing file /home/runner/work/key/key/key.core/../key.ui/examples/standard_key/java_dl/switch/empty_switch_array_out_of_bounds.key 
37156      INFO  main            d.u.i.k.p.i.AbstractProblemLoader Loading environment from /home/runner/work/key/key/key.core/../key.ui/examples/standard_key/java_dl/switch/empty_switch_array_out_of_bounds.key 
37157      DEBUG main            d.u.i.k.p.i.AbstractProblemLoader Environment load took 222.5ns 
37158      INFO  main            d.u.i.k.p.i.AbstractProblemLoader Creating init config 
40409      DEBUG main            d.u.i.k.p.i.AbstractProblemLoader Init config took 3.25s 
40437      INFO  main            d.u.i.k.p.i.AbstractProblemLoader Replaying proof empty_switch_array_out_of_bounds.key 
40442      DEBUG main            d.u.i.k.p.i.IntermediateProofReplayer Proof replay took 7.9ns 
40847      INFO  main            d.u.i.k.p.r.p.TestFile    ... finished proof: closed. 
41054      INFO  main            d.u.i.k.p.i.AbstractProblemLoader Loading environment from /home/runner/work/key/key/key.core/../key.ui/examples/standard_key/java_dl/switch/empty_switch_array_out_of_bounds.key.proof 
41055      DEBUG main            d.u.i.k.p.i.AbstractProblemLoader Environment load took 424.9ns 
41056      INFO  main            d.u.i.k.p.i.AbstractProblemLoader Creating init config 
44203      DEBUG main            d.u.i.k.p.i.AbstractProblemLoader Init config took 3.15s 
44243      INFO  main            d.u.i.k.p.i.AbstractProblemLoader Replaying proof empty_switch_array_out_of_bounds.key.proof 
44325      DEBUG main            d.u.i.k.p.i.IntermediateProofReplayer Proof replay took 76.93ms 
44326      DEBUG main            d.u.i.k.p.r.p.TestFile    ... success: reloaded. 
44328      INFO  main            d.u.i.k.p.r.p.TestFile    Now processing file /home/runner/work/key/key/key.core/../key.ui/examples/standard_key/java_dl/switch/empty_switch_array_out_of_bounds_catch.key 
44329      INFO  main            d.u.i.k.p.i.AbstractProblemLoader Loading environment from /home/runner/work/key/key/key.core/../key.ui/examples/standard_key/java_dl/switch/empty_switch_array_out_of_bounds_catch.key 
44329      DEBUG main            d.u.i.k.p.i.AbstractProblemLoader Environment load took 233.6ns 
44332      INFO  main            d.u.i.k.p.i.AbstractProblemLoader Creating init config 
47550      DEBUG main            d.u.i.k.p.i.AbstractProblemLoader Init config took 3.22s 
47579      INFO  main            d.u.i.k.p.i.AbstractProblemLoader Replaying proof empty_switch_array_out_of_bounds_catch.key 
47582      DEBUG main            d.u.i.k.p.i.IntermediateProofReplayer Proof replay took 7.5ns 
47887      INFO  main            d.u.i.k.p.r.p.TestFile    ... finished proof: closed. 
48245      INFO  main            d.u.i.k.p.i.AbstractProblemLoader Loading environment from /home/runner/work/key/key/key.core/../key.ui/examples/standard_key/java_dl/switch/empty_switch_array_out_of_bounds_catch.key.proof 
48246      DEBUG main            d.u.i.k.p.i.AbstractProblemLoader Environment load took 488.7ns 
48248      INFO  main            d.u.i.k.p.i.AbstractProblemLoader Creating init config 
51398      DEBUG main            d.u.i.k.p.i.AbstractProblemLoader Init config took 3.15s 
51434      INFO  main            d.u.i.k.p.i.AbstractProblemLoader Replaying proof empty_switch_array_out_of_bounds_catch.key.proof 
51488      DEBUG main            d.u.i.k.p.i.IntermediateProofReplayer Proof replay took 50.3ms 
51490      DEBUG main            d.u.i.k.p.r.p.TestFile    ... success: reloaded. 
51491      INFO  main            d.u.i.k.p.r.p.TestFile    Now processing file /home/runner/work/key/key/key.core/../key.ui/examples/standard_key/java_dl/switch/switch_in_switch.key 
51491      INFO  main            d.u.i.k.p.i.AbstractProblemLoader Loading environment from /home/runner/work/key/key/key.core/../key.ui/examples/standard_key/java_dl/switch/switch_in_switch.key 
51492      DEBUG main            d.u.i.k.p.i.AbstractProblemLoader Environment load took 248.6ns 
51493      INFO  main            d.u.i.k.p.i.AbstractProblemLoader Creating init config 
54735      DEBUG main            d.u.i.k.p.i.AbstractProblemLoader Init config took 3.24s 
54802      INFO  main            d.u.i.k.p.i.AbstractProblemLoader Replaying proof SwitchInSwitch[SwitchInSwitch::m(int)].JML normal_behavior operation contract.0 
54804      DEBUG main            d.u.i.k.p.i.IntermediateProofReplayer Proof replay took 7.3ns 
60550      INFO  main            d.u.i.k.p.r.p.TestFile    ... finished proof: closed. 
60857      INFO  main            d.u.i.k.p.i.AbstractProblemLoader Loading environment from /home/runner/work/key/key/key.core/../key.ui/examples/standard_key/java_dl/switch/switch_in_switch.key.proof 
60857      DEBUG main            d.u.i.k.p.i.AbstractProblemLoader Environment load took 497.8ns 
60859      INFO  main            d.u.i.k.p.i.AbstractProblemLoader Creating init config 
63968      DEBUG main            d.u.i.k.p.i.AbstractProblemLoader Init config took 3.11s 
64033      INFO  main            d.u.i.k.p.i.AbstractProblemLoader Replaying proof SwitchInSwitch[SwitchInSwitch::m(int)].JML normal_behavior operation contract.0 
64529      DEBUG main            d.u.i.k.p.i.IntermediateProofReplayer Proof replay took 465.5ms 
64533      DEBUG main            d.u.i.k.p.r.p.TestFile    ... success: reloaded. 
64534      INFO  main            d.u.i.k.p.r.p.TestFile    Now processing file /home/runner/work/key/key/key.core/../key.ui/examples/standard_key/java_dl/switch/while_and_switch.key 
64534      INFO  main            d.u.i.k.p.i.AbstractProblemLoader Loading environment from /home/runner/work/key/key/key.core/../key.ui/examples/standard_key/java_dl/switch/while_and_switch.key 
64535      DEBUG main            d.u.i.k.p.i.AbstractProblemLoader Environment load took 283.7ns 
64536      INFO  main            d.u.i.k.p.i.AbstractProblemLoader Creating init config 
67826      DEBUG main            d.u.i.k.p.i.AbstractProblemLoader Init config took 3.29s 
67891      INFO  main            d.u.i.k.p.i.AbstractProblemLoader Replaying proof WhileAndSwitch[WhileAndSwitch::m(int)].JML normal_behavior operation contract.0 
67895      DEBUG main            d.u.i.k.p.i.IntermediateProofReplayer Proof replay took 8ns 
68801      INFO  main            d.u.i.k.p.r.p.TestFile    ... finished proof: closed. 
69065      INFO  main            d.u.i.k.p.i.AbstractProblemLoader Loading environment from /home/runner/work/key/key/key.core/../key.ui/examples/standard_key/java_dl/switch/while_and_switch.key.proof 
69065      DEBUG main            d.u.i.k.p.i.AbstractProblemLoader Environment load took 536.8ns 
69067      INFO  main            d.u.i.k.p.i.AbstractProblemLoader Creating init config 
72271      DEBUG main            d.u.i.k.p.i.AbstractProblemLoader Init config took 3.2s 
72330      INFO  main            d.u.i.k.p.i.AbstractProblemLoader Replaying proof WhileAndSwitch[WhileAndSwitch::m(int)].JML normal_behavior operation contract.0 
72481      DEBUG main            d.u.i.k.p.i.IntermediateProofReplayer Proof replay took 143.18ms 
72483      DEBUG main            d.u.i.k.p.r.p.TestFile    ... success: reloaded. 
72484      INFO  main            d.u.i.k.p.r.p.TestFile    Now processing file /home/runner/work/key/key/key.core/../key.ui/examples/standard_key/java_dl/switch/large_switch.key 
72485      INFO  main            d.u.i.k.p.i.AbstractProblemLoader Loading environment from /home/runner/work/key/key/key.core/../key.ui/examples/standard_key/java_dl/switch/large_switch.key 
72485      DEBUG main            d.u.i.k.p.i.AbstractProblemLoader Environment load took 305.4ns 
72486      INFO  main            d.u.i.k.p.i.AbstractProblemLoader Creating init config 
75741      DEBUG main            d.u.i.k.p.i.AbstractProblemLoader Init config took 3.25s 
75793      INFO  main            d.u.i.k.p.i.AbstractProblemLoader Replaying proof LargeSwitch[LargeSwitch::m(int)].JML normal_behavior operation contract.0 
75795      DEBUG main            d.u.i.k.p.i.IntermediateProofReplayer Proof replay took 7.9ns 
77504      INFO  main            d.u.i.k.p.r.p.TestFile    ... finished proof: closed. 
77771      INFO  main            d.u.i.k.p.i.AbstractProblemLoader Loading environment from /home/runner/work/key/key/key.core/../key.ui/examples/standard_key/java_dl/switch/large_switch.key.proof 
77772      DEBUG main            d.u.i.k.p.i.AbstractProblemLoader Environment load took 1.03ms 
77774      INFO  main            d.u.i.k.p.i.AbstractProblemLoader Creating init config 
80940      DEBUG main            d.u.i.k.p.i.AbstractProblemLoader Init config took 3.17s 
80996      INFO  main            d.u.i.k.p.i.AbstractProblemLoader Replaying proof LargeSwitch[LargeSwitch::m(int)].JML normal_behavior operation contract.0 
81422      DEBUG main            d.u.i.k.p.i.IntermediateProofReplayer Proof replay took 408.09ms 
81424      DEBUG main            d.u.i.k.p.r.p.TestFile    ... success: reloaded. 
6673372    INFO  Test worker     d.u.i.k.p.r.RunAllProofsTestUnit Returning from test switch 
6673373    INFO  Test worker     d.u.i.k.p.r.RunAllProofsTestUnit Running test redux 
431        INFO  Timeout watchdog d.u.i.k.p.r.p.ForkedTestFileRunner Timeout watcher launched (2000 secs.) 
451        WARN  main            d.u.i.k.s.ProofSettings   The settings in /home/runner/.key/proof-settings.props are *not* read. 
518        INFO  main            d.u.i.k.p.r.p.TestFile    Now processing file /home/runner/work/key/key/key.core/../key.ui/examples/redux/arrays/Arrays.copyOf.key 
691        INFO  main            d.u.i.k.p.i.AbstractProblemLoader Loading environment from /home/runner/work/key/key/key.core/../key.ui/examples/redux/arrays/Arrays.copyOf.key 
712        DEBUG main            d.u.i.k.p.i.AbstractProblemLoader Environment load took 2.62ms 
1023       INFO  main            d.u.i.k.p.i.AbstractProblemLoader Creating init config 
2376       DEBUG main            d.u.i.k.j.TypeConverter   No LDT found for Meta 
2377       DEBUG main            d.u.i.k.j.TypeConverter   No LDT found for Meta 
2381       DEBUG main            d.u.i.k.j.TypeConverter   No LDT found for Meta 
2382       DEBUG main            d.u.i.k.j.TypeConverter   No LDT found for Meta 
4541       DEBUG main            d.u.i.k.j.TypeConverter   No LDT found for JavaBigintExpression 
12145      DEBUG main            d.u.i.k.p.i.AbstractProblemLoader Init config took 11.12s 
12323      INFO  main            d.u.i.k.p.i.AbstractProblemLoader Replaying proof Arrays[Arrays::copyOf([I,int)].JML normal_behavior operation contract.0 
12375      DEBUG main            d.u.i.k.p.i.IntermediateProofReplayer Proof replay took 40.2ns 
18899      INFO  main            d.u.i.k.p.r.p.TestFile    ... finished proof: closed. 
19134      INFO  main            d.u.i.k.p.i.AbstractProblemLoader Loading environment from /home/runner/work/key/key/key.core/../key.ui/examples/redux/arrays/Arrays.copyOf.key.proof 
19143      DEBUG main            d.u.i.k.p.i.AbstractProblemLoader Environment load took 9.08ms 
19146      INFO  main            d.u.i.k.p.i.AbstractProblemLoader Creating init config 
23421      DEBUG main            d.u.i.k.p.i.AbstractProblemLoader Init config took 4.27s 
23497      INFO  main            d.u.i.k.p.i.AbstractProblemLoader Replaying proof Arrays[Arrays::copyOf([I,int)].JML normal_behavior operation contract.0 
24121      DEBUG main            d.u.i.k.p.i.IntermediateProofReplayer Proof replay took 595.77ms 
24132      DEBUG main            d.u.i.k.p.r.p.TestFile    ... success: reloaded. 
24134      INFO  main            d.u.i.k.p.r.p.TestFile    Now processing file /home/runner/work/key/key/key.core/../key.ui/examples/redux/arrays/Arrays.copyOf.float.key 
24135      INFO  main            d.u.i.k.p.i.AbstractProblemLoader Loading environment from /home/runner/work/key/key/key.core/../key.ui/examples/redux/arrays/Arrays.copyOf.float.key 
24135      DEBUG main            d.u.i.k.p.i.AbstractProblemLoader Environment load took 131.6ns 
24141      INFO  main            d.u.i.k.p.i.AbstractProblemLoader Creating init config 
28367      DEBUG main            d.u.i.k.p.i.AbstractProblemLoader Init config took 4.23s 
28441      INFO  main            d.u.i.k.p.i.AbstractProblemLoader Replaying proof Arrays[Arrays::copyOf([F,int)].JML normal_behavior operation contract.0 
28444      DEBUG main            d.u.i.k.p.i.IntermediateProofReplayer Proof replay took 16.4ns 
28486      DEBUG main            d.u.i.k.m.s.ProofScriptEngine [1] goal: 0, source line: 6, command: 'macro autopilot' 
34072      DEBUG main            d.u.i.k.m.s.ProofScriptEngine [2] goal: 17, source line: 7, command: 'smt solver=Z3' 
34198      INFO  main            d.u.i.k.m.s.SMTCommand    Finished run on goal 17 in 92ms, result is valid 
34199      DEBUG main            d.u.i.k.m.s.ProofScriptEngine [3] goal: 309, source line: 8, command: 'tryclose' 
36312      INFO  main            d.u.i.k.p.r.p.TestFile    ... finished proof: closed. 
36613      INFO  main            d.u.i.k.p.i.AbstractProblemLoader Loading environment from /home/runner/work/key/key/key.core/../key.ui/examples/redux/arrays/Arrays.copyOf.float.key.proof 
36614      DEBUG main            d.u.i.k.p.i.AbstractProblemLoader Environment load took 452ns 
36620      INFO  main            d.u.i.k.p.i.AbstractProblemLoader Creating init config 
40766      DEBUG main            d.u.i.k.p.i.AbstractProblemLoader Init config took 4.15s 
40832      INFO  main            d.u.i.k.p.i.AbstractProblemLoader Replaying proof Arrays[Arrays::copyOf([F,int)].JML normal_behavior operation contract.0 
40952      INFO  main            d.u.i.k.s.SMTFocusResults Analyzing unsat core: (L_6) 
41672      DEBUG main            d.u.i.k.p.i.IntermediateProofReplayer Proof replay took 812.8ms 
41674      DEBUG main            d.u.i.k.p.r.p.TestFile    ... success: reloaded. 
41682      INFO  main            d.u.i.k.p.r.p.TestFile    Now processing file /home/runner/work/key/key/key.core/../key.ui/examples/redux/arrays/Arrays.copyOfRange.key 
41684      INFO  main            d.u.i.k.p.i.AbstractProblemLoader Loading environment from /home/runner/work/key/key/key.core/../key.ui/examples/redux/arrays/Arrays.copyOfRange.key 
41684      DEBUG main            d.u.i.k.p.i.AbstractProblemLoader Environment load took 238.8ns 
41686      INFO  main            d.u.i.k.p.i.AbstractProblemLoader Creating init config 
45798      DEBUG main            d.u.i.k.p.i.AbstractProblemLoader Init config took 4.11s 
45857      INFO  main            d.u.i.k.p.i.AbstractProblemLoader Replaying proof Arrays[Arrays::copyOfRange([I,int,int)].JML normal_behavior operation contract.0 
45859      DEBUG main            d.u.i.k.p.i.IntermediateProofReplayer Proof replay took 17.1ns 
51659      INFO  main            d.u.i.k.p.r.p.TestFile    ... finished proof: closed. 
51958      INFO  main            d.u.i.k.p.i.AbstractProblemLoader Loading environment from /home/runner/work/key/key/key.core/../key.ui/examples/redux/arrays/Arrays.copyOfRange.key.proof 
51959      DEBUG main            d.u.i.k.p.i.AbstractProblemLoader Environment load took 465.1ns 
51965      INFO  main            d.u.i.k.p.i.AbstractProblemLoader Creating init config 
55836      DEBUG main            d.u.i.k.p.i.AbstractProblemLoader Init config took 3.87s 
55896      INFO  main            d.u.i.k.p.i.AbstractProblemLoader Replaying proof Arrays[Arrays::copyOfRange([I,int,int)].JML normal_behavior operation contract.0 
56410      DEBUG main            d.u.i.k.p.i.IntermediateProofReplayer Proof replay took 469.42ms 
56413      DEBUG main            d.u.i.k.p.r.p.TestFile    ... success: reloaded. 
56414      INFO  main            d.u.i.k.p.r.p.TestFile    Now processing file /home/runner/work/key/key/key.core/../key.ui/examples/redux/arrays/Arrays.copyOfRange.float.key 
56414      INFO  main            d.u.i.k.p.i.AbstractProblemLoader Loading environment from /home/runner/work/key/key/key.core/../key.ui/examples/redux/arrays/Arrays.copyOfRange.float.key 
56415      DEBUG main            d.u.i.k.p.i.AbstractProblemLoader Environment load took 233.4ns 
56416      INFO  main            d.u.i.k.p.i.AbstractProblemLoader Creating init config 
60513      DEBUG main            d.u.i.k.p.i.AbstractProblemLoader Init config took 4.1s 
60589      INFO  main            d.u.i.k.p.i.AbstractProblemLoader Replaying proof Arrays[Arrays::copyOfRange([F,int,int)].JML normal_behavior operation contract.0 
60593      DEBUG main            d.u.i.k.p.i.IntermediateProofReplayer Proof replay took 6.3ns 
60594      DEBUG main            d.u.i.k.m.s.ProofScriptEngine [1] goal: 0, source line: 6, command: 'macro autopilot' 
68131      DEBUG main            d.u.i.k.m.s.ProofScriptEngine [2] goal: 27, source line: 7, command: 'smt solver=Z3' 
68186      INFO  main            d.u.i.k.m.s.SMTCommand    Finished run on goal 27 in 42ms, result is valid 
68186      DEBUG main            d.u.i.k.m.s.ProofScriptEngine [3] goal: 375, source line: 8, command: 'tryclose' 
72459      INFO  main            d.u.i.k.p.r.p.TestFile    ... finished proof: closed. 
72729      INFO  main            d.u.i.k.p.i.AbstractProblemLoader Loading environment from /home/runner/work/key/key/key.core/../key.ui/examples/redux/arrays/Arrays.copyOfRange.float.key.proof 
72729      DEBUG main            d.u.i.k.p.i.AbstractProblemLoader Environment load took 484.7ns 
72732      INFO  main            d.u.i.k.p.i.AbstractProblemLoader Creating init config 
76664      DEBUG main            d.u.i.k.p.i.AbstractProblemLoader Init config took 3.93s 
76719      INFO  main            d.u.i.k.p.i.AbstractProblemLoader Replaying proof Arrays[Arrays::copyOfRange([F,int,int)].JML normal_behavior operation contract.0 
76808      INFO  main            d.u.i.k.s.SMTFocusResults Analyzing unsat core: (L_8) 
77659      DEBUG main            d.u.i.k.p.i.IntermediateProofReplayer Proof replay took 907.47ms 
77662      DEBUG main            d.u.i.k.p.r.p.TestFile    ... success: reloaded. 
77663      INFO  main            d.u.i.k.p.r.p.TestFile    Now processing file /home/runner/work/key/key/key.core/../key.ui/examples/redux/arrays/Arrays.equals.key 
77664      INFO  main            d.u.i.k.p.i.AbstractProblemLoader Loading environment from /home/runner/work/key/key/key.core/../key.ui/examples/redux/arrays/Arrays.equals.key 
77664      DEBUG main            d.u.i.k.p.i.AbstractProblemLoader Environment load took 230.2ns 
77665      INFO  main            d.u.i.k.p.i.AbstractProblemLoader Creating init config 
81604      DEBUG main            d.u.i.k.p.i.AbstractProblemLoader Init config took 3.94s 
81687      INFO  main            d.u.i.k.p.i.AbstractProblemLoader Replaying proof Arrays[Arrays::equals([B,[B)].JML normal_behavior operation contract.0 
81688      DEBUG main            d.u.i.k.p.i.IntermediateProofReplayer Proof replay took 6ns 
82292      INFO  main            d.u.i.k.p.r.p.TestFile    ... finished proof: closed. 
82624      INFO  main            d.u.i.k.p.i.AbstractProblemLoader Loading environment from /home/runner/work/key/key/key.core/../key.ui/examples/redux/arrays/Arrays.equals.key.proof 
82625      DEBUG main            d.u.i.k.p.i.AbstractProblemLoader Environment load took 459ns 
82626      INFO  main            d.u.i.k.p.i.AbstractProblemLoader Creating init config 
86486      DEBUG main            d.u.i.k.p.i.AbstractProblemLoader Init config took 3.86s 
86540      INFO  main            d.u.i.k.p.i.AbstractProblemLoader Replaying proof Arrays[Arrays::equals([B,[B)].JML normal_behavior operation contract.0 
86691      DEBUG main            d.u.i.k.p.i.IntermediateProofReplayer Proof replay took 145.82ms 
86693      DEBUG main            d.u.i.k.p.r.p.TestFile    ... success: reloaded. 
86694      INFO  main            d.u.i.k.p.r.p.TestFile    Now processing file /home/runner/work/key/key/key.core/../key.ui/examples/redux/arrays/Arrays.fill.key 
86695      INFO  main            d.u.i.k.p.i.AbstractProblemLoader Loading environment from /home/runner/work/key/key/key.core/../key.ui/examples/redux/arrays/Arrays.fill.key 
86695      DEBUG main            d.u.i.k.p.i.AbstractProblemLoader Environment load took 343.3ns 
86696      INFO  main            d.u.i.k.p.i.AbstractProblemLoader Creating init config 
90598      DEBUG main            d.u.i.k.p.i.AbstractProblemLoader Init config took 3.9s 
90667      INFO  main            d.u.i.k.p.i.AbstractProblemLoader Replaying proof Arrays[Arrays::fill([I,int)].JML normal_behavior operation contract.0 
90668      DEBUG main            d.u.i.k.p.i.IntermediateProofReplayer Proof replay took 6.8ns 
90874      INFO  main            d.u.i.k.p.r.p.TestFile    ... finished proof: closed. 
91094      INFO  main            d.u.i.k.p.i.AbstractProblemLoader Loading environment from /home/runner/work/key/key/key.core/../key.ui/examples/redux/arrays/Arrays.fill.key.proof 
91094      DEBUG main            d.u.i.k.p.i.AbstractProblemLoader Environment load took 137.3ns 
91095      INFO  main            d.u.i.k.p.i.AbstractProblemLoader Creating init config 
94939      DEBUG main            d.u.i.k.p.i.AbstractProblemLoader Init config took 3.84s 
94989      INFO  main            d.u.i.k.p.i.AbstractProblemLoader Replaying proof Arrays[Arrays::fill([I,int)].JML normal_behavior operation contract.0 
95025      DEBUG main            d.u.i.k.p.i.IntermediateProofReplayer Proof replay took 32.81ms 
95026      DEBUG main            d.u.i.k.p.r.p.TestFile    ... success: reloaded. 
95027      INFO  main            d.u.i.k.p.r.p.TestFile    Now processing file /home/runner/work/key/key/key.core/../key.ui/examples/redux/arrays/Arrays.fill.float.key 
95027      INFO  main            d.u.i.k.p.i.AbstractProblemLoader Loading environment from /home/runner/work/key/key/key.core/../key.ui/examples/redux/arrays/Arrays.fill.float.key 
95027      DEBUG main            d.u.i.k.p.i.AbstractProblemLoader Environment load took 92.1ns 
95028      INFO  main            d.u.i.k.p.i.AbstractProblemLoader Creating init config 
98956      DEBUG main            d.u.i.k.p.i.AbstractProblemLoader Init config took 3.93s 
99003      INFO  main            d.u.i.k.p.i.AbstractProblemLoader Replaying proof Arrays[Arrays::fill([F,float)].JML normal_behavior operation contract.0 
99005      DEBUG main            d.u.i.k.p.i.IntermediateProofReplayer Proof replay took 6.5ns 
99210      INFO  main            d.u.i.k.p.r.p.TestFile    ... finished proof: closed. 
99453      INFO  main            d.u.i.k.p.i.AbstractProblemLoader Loading environment from /home/runner/work/key/key/key.core/../key.ui/examples/redux/arrays/Arrays.fill.float.key.proof 
99454      DEBUG main            d.u.i.k.p.i.AbstractProblemLoader Environment load took 140ns 
99455      INFO  main            d.u.i.k.p.i.AbstractProblemLoader Creating init config 
103316     DEBUG main            d.u.i.k.p.i.AbstractProblemLoader Init config took 3.86s 
103363     INFO  main            d.u.i.k.p.i.AbstractProblemLoader Replaying proof Arrays[Arrays::fill([F,float)].JML normal_behavior operation contract.0 
103409     DEBUG main            d.u.i.k.p.i.IntermediateProofReplayer Proof replay took 43.33ms 
103410     DEBUG main            d.u.i.k.p.r.p.TestFile    ... success: reloaded. 
103411     INFO  main            d.u.i.k.p.r.p.TestFile    Now processing file /home/runner/work/key/key/key.core/../key.ui/examples/redux/arrays/Arrays.fillFromTo.key 
103411     INFO  main            d.u.i.k.p.i.AbstractProblemLoader Loading environment from /home/runner/work/key/key/key.core/../key.ui/examples/redux/arrays/Arrays.fillFromTo.key 
103412     DEBUG main            d.u.i.k.p.i.AbstractProblemLoader Environment load took 139.8ns 
103413     INFO  main            d.u.i.k.p.i.AbstractProblemLoader Creating init config 
107320     DEBUG main            d.u.i.k.p.i.AbstractProblemLoader Init config took 3.91s 
107366     INFO  main            d.u.i.k.p.i.AbstractProblemLoader Replaying proof Arrays[Arrays::fill([I,int,int,int)].JML normal_behavior operation contract.0 
107368     DEBUG main            d.u.i.k.p.i.IntermediateProofReplayer Proof replay took 6.3ns 
108076     INFO  main            d.u.i.k.p.r.p.TestFile    ... finished proof: closed. 
108353     INFO  main            d.u.i.k.p.i.AbstractProblemLoader Loading environment from /home/runner/work/key/key/key.core/../key.ui/examples/redux/arrays/Arrays.fillFromTo.key.proof 
108354     DEBUG main            d.u.i.k.p.i.AbstractProblemLoader Environment load took 434.1ns 
108355     INFO  main            d.u.i.k.p.i.AbstractProblemLoader Creating init config 
112278     DEBUG main            d.u.i.k.p.i.AbstractProblemLoader Init config took 3.92s 
112324     INFO  main            d.u.i.k.p.i.AbstractProblemLoader Replaying proof Arrays[Arrays::fill([I,int,int,int)].JML normal_behavior operation contract.0 
112431     DEBUG main            d.u.i.k.p.i.IntermediateProofReplayer Proof replay took 102.28ms 
112433     DEBUG main            d.u.i.k.p.r.p.TestFile    ... success: reloaded. 
112434     INFO  main            d.u.i.k.p.r.p.TestFile    Now processing file /home/runner/work/key/key/key.core/../key.ui/examples/redux/arrays/Arrays.fillFromTo.float.key 
112434     INFO  main            d.u.i.k.p.i.AbstractProblemLoader Loading environment from /home/runner/work/key/key/key.core/../key.ui/examples/redux/arrays/Arrays.fillFromTo.float.key 
112435     DEBUG main            d.u.i.k.p.i.AbstractProblemLoader Environment load took 205.2ns 
112436     INFO  main            d.u.i.k.p.i.AbstractProblemLoader Creating init config 
116363     DEBUG main            d.u.i.k.p.i.AbstractProblemLoader Init config took 3.93s 
116408     INFO  main            d.u.i.k.p.i.AbstractProblemLoader Replaying proof Arrays[Arrays::fill([F,int,int,float)].JML normal_behavior operation contract.0 
116410     DEBUG main            d.u.i.k.p.i.IntermediateProofReplayer Proof replay took 6.4ns 
117316     INFO  main            d.u.i.k.p.r.p.TestFile    ... finished proof: closed. 
117582     INFO  main            d.u.i.k.p.i.AbstractProblemLoader Loading environment from /home/runner/work/key/key/key.core/../key.ui/examples/redux/arrays/Arrays.fillFromTo.float.key.proof 
117582     DEBUG main            d.u.i.k.p.i.AbstractProblemLoader Environment load took 152ns 
117584     INFO  main            d.u.i.k.p.i.AbstractProblemLoader Creating init config 
121496     DEBUG main            d.u.i.k.p.i.AbstractProblemLoader Init config took 3.91s 
121542     INFO  main            d.u.i.k.p.i.AbstractProblemLoader Replaying proof Arrays[Arrays::fill([F,int,int,float)].JML normal_behavior operation contract.0 
121709     DEBUG main            d.u.i.k.p.i.IntermediateProofReplayer Proof replay took 160.47ms 
121711     DEBUG main            d.u.i.k.p.r.p.TestFile    ... success: reloaded. 
121712     INFO  main            d.u.i.k.p.r.p.TestFile    Now processing file /home/runner/work/key/key/key.core/../key.ui/examples/redux/arrays/ArrayCopy.arraycopy.normal.0.key 
121712     INFO  main            d.u.i.k.p.i.AbstractProblemLoader Loading environment from /home/runner/work/key/key/key.core/../key.ui/examples/redux/arrays/ArrayCopy.arraycopy.normal.0.key 
121712     DEBUG main            d.u.i.k.p.i.AbstractProblemLoader Environment load took 168.5ns 
121713     INFO  main            d.u.i.k.p.i.AbstractProblemLoader Creating init config 
125570     DEBUG main            d.u.i.k.p.i.AbstractProblemLoader Init config took 3.86s 
125615     INFO  main            d.u.i.k.p.i.AbstractProblemLoader Replaying proof ArrayCopy[ArrayCopy::arraycopy(java.lang.Object,int,java.lang.Object,int,int)].JML normal_behavior operation contract.0 
125617     DEBUG main            d.u.i.k.p.i.IntermediateProofReplayer Proof replay took 6.9ns 
133264     INFO  main            d.u.i.k.p.r.p.TestFile    ... finished proof: closed. 
133604     INFO  main            d.u.i.k.p.i.AbstractProblemLoader Loading environment from /home/runner/work/key/key/key.core/../key.ui/examples/redux/arrays/ArrayCopy.arraycopy.normal.0.key.proof 
133604     DEBUG main            d.u.i.k.p.i.AbstractProblemLoader Environment load took 450.7ns 
133606     INFO  main            d.u.i.k.p.i.AbstractProblemLoader Creating init config 
137394     DEBUG main            d.u.i.k.p.i.AbstractProblemLoader Init config took 3.79s 
137438     INFO  main            d.u.i.k.p.i.AbstractProblemLoader Replaying proof ArrayCopy[ArrayCopy::arraycopy(java.lang.Object,int,java.lang.Object,int,int)].JML normal_behavior operation contract.0 
138271     DEBUG main            d.u.i.k.p.i.IntermediateProofReplayer Proof replay took 811.72ms 
138273     DEBUG main            d.u.i.k.p.r.p.TestFile    ... success: reloaded. 
138274     INFO  main            d.u.i.k.p.r.p.TestFile    Now processing file /home/runner/work/key/key/key.core/../key.ui/examples/redux/arrays/ArrayCopy.arraycopy.exceptional.0.key 
138275     INFO  main            d.u.i.k.p.i.AbstractProblemLoader Loading environment from /home/runner/work/key/key/key.core/../key.ui/examples/redux/arrays/ArrayCopy.arraycopy.exceptional.0.key 
138275     DEBUG main            d.u.i.k.p.i.AbstractProblemLoader Environment load took 225.8ns 
138276     INFO  main            d.u.i.k.p.i.AbstractProblemLoader Creating init config 
142212     DEBUG main            d.u.i.k.p.i.AbstractProblemLoader Init config took 3.94s 
142265     INFO  main            d.u.i.k.p.i.AbstractProblemLoader Replaying proof ArrayCopy[ArrayCopy::arraycopy(java.lang.Object,int,java.lang.Object,int,int)].JML exceptional_behavior operation contract.0 
142268     DEBUG main            d.u.i.k.p.i.IntermediateProofReplayer Proof replay took 27.4ns 
142794     INFO  main            d.u.i.k.p.r.p.TestFile    ... finished proof: closed. 
143054     INFO  main            d.u.i.k.p.i.AbstractProblemLoader Loading environment from /home/runner/work/key/key/key.core/../key.ui/examples/redux/arrays/ArrayCopy.arraycopy.exceptional.0.key.proof 
143058     DEBUG main            d.u.i.k.p.i.AbstractProblemLoader Environment load took 3.89ms 
143060     INFO  main            d.u.i.k.p.i.AbstractProblemLoader Creating init config 
146847     DEBUG main            d.u.i.k.p.i.AbstractProblemLoader Init config took 3.79s 
146903     INFO  main            d.u.i.k.p.i.AbstractProblemLoader Replaying proof ArrayCopy[ArrayCopy::arraycopy(java.lang.Object,int,java.lang.Object,int,int)].JML exceptional_behavior operation contract.0 
147058     DEBUG main            d.u.i.k.p.i.IntermediateProofReplayer Proof replay took 143.68ms 
147059     DEBUG main            d.u.i.k.p.r.p.TestFile    ... success: reloaded. 
147060     INFO  main            d.u.i.k.p.r.p.TestFile    Now processing file /home/runner/work/key/key/key.core/../key.ui/examples/redux/arrays/ArrayCopy.arraycopy.exceptional.1.key 
147061     INFO  main            d.u.i.k.p.i.AbstractProblemLoader Loading environment from /home/runner/work/key/key/key.core/../key.ui/examples/redux/arrays/ArrayCopy.arraycopy.exceptional.1.key 
147061     DEBUG main            d.u.i.k.p.i.AbstractProblemLoader Environment load took 135.7ns 
147062     INFO  main            d.u.i.k.p.i.AbstractProblemLoader Creating init config 
150880     DEBUG main            d.u.i.k.p.i.AbstractProblemLoader Init config took 3.82s 
150922     INFO  main            d.u.i.k.p.i.AbstractProblemLoader Replaying proof ArrayCopy[ArrayCopy::arraycopy(java.lang.Object,int,java.lang.Object,int,int)].JML exceptional_behavior operation contract.1 
150924     DEBUG main            d.u.i.k.p.i.IntermediateProofReplayer Proof replay took 6.7ns 
158434     INFO  main            d.u.i.k.p.r.p.TestFile    ... finished proof: closed. 
158754     INFO  main            d.u.i.k.p.i.AbstractProblemLoader Loading environment from /home/runner/work/key/key/key.core/../key.ui/examples/redux/arrays/ArrayCopy.arraycopy.exceptional.1.key.proof 
158754     DEBUG main            d.u.i.k.p.i.AbstractProblemLoader Environment load took 450.5ns 
158757     INFO  main            d.u.i.k.p.i.AbstractProblemLoader Creating init config 
162592     DEBUG main            d.u.i.k.p.i.AbstractProblemLoader Init config took 3.83s 
162634     INFO  main            d.u.i.k.p.i.AbstractProblemLoader Replaying proof ArrayCopy[ArrayCopy::arraycopy(java.lang.Object,int,java.lang.Object,int,int)].JML exceptional_behavior operation contract.1 
164219     DEBUG main            d.u.i.k.p.i.IntermediateProofReplayer Proof replay took 1.56s 
164222     DEBUG main            d.u.i.k.p.r.p.TestFile    ... success: reloaded. 
6837820    INFO  Test worker     d.u.i.k.p.r.RunAllProofsTestUnit Returning from test redux 
]]></system-out>
  <system-err><![CDATA[]]></system-err>
</testsuite>
