<?xml version="1.0" encoding="UTF-8"?>
<testsuite name="de.uka.ilkd.key.proof.runallproofs.RunAllProofsInfFlow" tests="29" skipped="0" failures="0" errors="0" timestamp="2023-06-06T09:47:18" hostname="fv-az622-302" time="2638.79">
  <properties/>
  <testcase name="ToyVoting" classname="de.uka.ilkd.key.proof.runallproofs.RunAllProofsInfFlow" time="25.042"/>
  <testcase name="ConditionalConfidential" classname="de.uka.ilkd.key.proof.runallproofs.RunAllProofsInfFlow" time="14.62"/>
  <testcase name="SumExample" classname="de.uka.ilkd.key.proof.runallproofs.RunAllProofsInfFlow" time="9.879"/>
  <testcase name="ToyBanking" classname="de.uka.ilkd.key.proof.runallproofs.RunAllProofsInfFlow" time="102.926"/>
  <testcase name="BlockContracts" classname="de.uka.ilkd.key.proof.runallproofs.RunAllProofsInfFlow" time="60.314"/>
  <testcase name="MethodContracts" classname="de.uka.ilkd.key.proof.runallproofs.RunAllProofsInfFlow" time="75.002"/>
  <testcase name="LoopInvariants" classname="de.uka.ilkd.key.proof.runallproofs.RunAllProofsInfFlow" time="66.917"/>
  <testcase name="MiniExamples" classname="de.uka.ilkd.key.proof.runallproofs.RunAllProofsInfFlow" time="88.217"/>
  <testcase name="NewObjects" classname="de.uka.ilkd.key.proof.runallproofs.RunAllProofsInfFlow" time="79.568"/>
  <testcase name="SimpleEvoting" classname="de.uka.ilkd.key.proof.runallproofs.RunAllProofsInfFlow" time="166.587"/>
  <testcase name="ToyVoting_nomacro" classname="de.uka.ilkd.key.proof.runallproofs.RunAllProofsInfFlow" time="34.118"/>
  <testcase name="ConditionalConfidential_nomacro" classname="de.uka.ilkd.key.proof.runallproofs.RunAllProofsInfFlow" time="0.001"/>
  <testcase name="SumExample_nomacro" classname="de.uka.ilkd.key.proof.runallproofs.RunAllProofsInfFlow" time="11.607"/>
  <testcase name="ToyBanking_nomacro" classname="de.uka.ilkd.key.proof.runallproofs.RunAllProofsInfFlow" time="71.457"/>
  <testcase name="BlockContracts_nomacro" classname="de.uka.ilkd.key.proof.runallproofs.RunAllProofsInfFlow" time="79.583"/>
  <testcase name="MethodContracts_nomacro" classname="de.uka.ilkd.key.proof.runallproofs.RunAllProofsInfFlow" time="69.703"/>
  <testcase name="LoopInvariants_nomacro" classname="de.uka.ilkd.key.proof.runallproofs.RunAllProofsInfFlow" time="106.837"/>
  <testcase name="MiniExamples_nomacro" classname="de.uka.ilkd.key.proof.runallproofs.RunAllProofsInfFlow" time="96.471"/>
  <testcase name="NewObjects_nomacro" classname="de.uka.ilkd.key.proof.runallproofs.RunAllProofsInfFlow" time="126.336"/>
  <testcase name="SimpleEvoting_nomacro" classname="de.uka.ilkd.key.proof.runallproofs.RunAllProofsInfFlow" time="124.439"/>
  <testcase name="ToyVoting_fullmacro" classname="de.uka.ilkd.key.proof.runallproofs.RunAllProofsInfFlow" time="55.626"/>
  <testcase name="SumExample_fullmacro" classname="de.uka.ilkd.key.proof.runallproofs.RunAllProofsInfFlow" time="10.449"/>
  <testcase name="ToyBanking_fullmacro" classname="de.uka.ilkd.key.proof.runallproofs.RunAllProofsInfFlow" time="254.035"/>
  <testcase name="BlockContracts_fullmacro" classname="de.uka.ilkd.key.proof.runallproofs.RunAllProofsInfFlow" time="78.496"/>
  <testcase name="MethodContracts_fullmacro" classname="de.uka.ilkd.key.proof.runallproofs.RunAllProofsInfFlow" time="71.839"/>
  <testcase name="InformationFlow_fullmacro" classname="de.uka.ilkd.key.proof.runallproofs.RunAllProofsInfFlow" time="295.704"/>
  <testcase name="MiniExamples_fullmacro" classname="de.uka.ilkd.key.proof.runallproofs.RunAllProofsInfFlow" time="97.469"/>
  <testcase name="NewObjects_fullmacro" classname="de.uka.ilkd.key.proof.runallproofs.RunAllProofsInfFlow" time="193.47"/>
  <testcase name="SimpleEvoting_fullmacro" classname="de.uka.ilkd.key.proof.runallproofs.RunAllProofsInfFlow" time="172.062"/>
  <system-out><![CDATA[236        INFO  Test worker     d.u.i.k.p.r.RunAllProofsTestUnit Running test ToyVoting 
359        INFO  Timeout watchdog d.u.i.k.p.r.p.ForkedTestFileRunner Timeout watcher launched (1000 secs.) 
370        WARN  main            d.u.i.k.s.ProofSettings   No proof-settings could be loaded, using defaults java.io.FileNotFoundException: /home/runner/.key/proof-settings.props (No such file or directory)
	at java.base/java.io.FileInputStream.open0(Native Method)

398        INFO  main            d.u.i.k.p.r.p.TestFile    Now processing file /home/runner/work/key/key/key.core/../key.ui/examples/InformationFlow/ToyVoting/Voter(Voter__insecure_voting()).JML normal_behavior operation contract.0.key 
504        INFO  main            d.u.i.k.p.i.AbstractProblemLoader Loading environment from /home/runner/work/key/key/key.core/../key.ui/examples/InformationFlow/ToyVoting/Voter(Voter__insecure_voting()).JML normal_behavior operation contract.0.key 
523        DEBUG main            d.u.i.k.p.i.AbstractProblemLoader Environment load took 2.54ms 
777        INFO  main            d.u.i.k.p.i.AbstractProblemLoader Creating init config 
1736       DEBUG main            d.u.i.k.j.TypeConverter   No LDT found for Meta 
1737       DEBUG main            d.u.i.k.j.TypeConverter   No LDT found for Meta 
1740       DEBUG main            d.u.i.k.j.TypeConverter   No LDT found for Meta 
1740       DEBUG main            d.u.i.k.j.TypeConverter   No LDT found for Meta 
3080       DEBUG main            d.u.i.k.j.TypeConverter   No LDT found for JavaBigintExpression 
7956       DEBUG main            d.u.i.k.p.i.AbstractProblemLoader Init config took 7.18s 
8104       INFO  main            d.u.i.k.p.i.AbstractProblemLoader Replaying proof Voter[Voter::insecure_voting()].JML normal_behavior operation contract.0 
8177       DEBUG main            d.u.i.k.p.i.IntermediateProofReplayer Proof replay took 370.7ns 
9213       INFO  main            d.u.i.k.p.r.p.TestFile    ... finished proof: closed. 
9335       INFO  main            d.u.i.k.p.r.p.TestFile    Now processing file /home/runner/work/key/key/key.core/../key.ui/examples/InformationFlow/ToyVoting/Voter(Voter__publishVoterParticipation()).JML normal_behavior operation contract.0.key 
9336       INFO  main            d.u.i.k.p.i.AbstractProblemLoader Loading environment from /home/runner/work/key/key/key.core/../key.ui/examples/InformationFlow/ToyVoting/Voter(Voter__publishVoterParticipation()).JML normal_behavior operation contract.0.key 
9337       DEBUG main            d.u.i.k.p.i.AbstractProblemLoader Environment load took 554.3ns 
9340       INFO  main            d.u.i.k.p.i.AbstractProblemLoader Creating init config 
12304      DEBUG main            d.u.i.k.p.i.AbstractProblemLoader Init config took 2.96s 
12371      INFO  main            d.u.i.k.p.i.AbstractProblemLoader Replaying proof Voter[Voter::publishVoterParticipation()].JML normal_behavior operation contract.0 
12376      DEBUG main            d.u.i.k.p.i.IntermediateProofReplayer Proof replay took 11.8ns 
12479      INFO  main            d.u.i.k.p.r.p.TestFile    ... finished proof: closed. 
12591      INFO  main            d.u.i.k.p.r.p.TestFile    Now processing file /home/runner/work/key/key/key.core/../key.ui/examples/InformationFlow/ToyVoting/Voter(Voter__isValid(int)).JML normal_behavior operation contract.0.key 
12592      INFO  main            d.u.i.k.p.i.AbstractProblemLoader Loading environment from /home/runner/work/key/key/key.core/../key.ui/examples/InformationFlow/ToyVoting/Voter(Voter__isValid(int)).JML normal_behavior operation contract.0.key 
12593      DEBUG main            d.u.i.k.p.i.AbstractProblemLoader Environment load took 141.4ns 
12594      INFO  main            d.u.i.k.p.i.AbstractProblemLoader Creating init config 
15284      DEBUG main            d.u.i.k.p.i.AbstractProblemLoader Init config took 2.69s 
15340      INFO  main            d.u.i.k.p.i.AbstractProblemLoader Replaying proof Voter[Voter::isValid(int)].JML normal_behavior operation contract.0 
15344      DEBUG main            d.u.i.k.p.i.IntermediateProofReplayer Proof replay took 12.6ns 
15446      INFO  main            d.u.i.k.p.r.p.TestFile    ... finished proof: closed. 
15556      INFO  main            d.u.i.k.p.r.p.TestFile    Now processing file /home/runner/work/key/key/key.core/../key.ui/examples/InformationFlow/ToyVoting/Voter(Voter__sendVote(int)).JML normal_behavior operation contract.0.key 
15556      INFO  main            d.u.i.k.p.i.AbstractProblemLoader Loading environment from /home/runner/work/key/key/key.core/../key.ui/examples/InformationFlow/ToyVoting/Voter(Voter__sendVote(int)).JML normal_behavior operation contract.0.key 
15557      DEBUG main            d.u.i.k.p.i.AbstractProblemLoader Environment load took 597.7ns 
15558      INFO  main            d.u.i.k.p.i.AbstractProblemLoader Creating init config 
18151      DEBUG main            d.u.i.k.p.i.AbstractProblemLoader Init config took 2.59s 
18205      INFO  main            d.u.i.k.p.i.AbstractProblemLoader Replaying proof Voter[Voter::sendVote(int)].JML normal_behavior operation contract.0 
18208      DEBUG main            d.u.i.k.p.i.IntermediateProofReplayer Proof replay took 11.9ns 
18311      INFO  main            d.u.i.k.p.r.p.TestFile    ... finished proof: closed. 
18417      INFO  main            d.u.i.k.p.r.p.TestFile    Now processing file /home/runner/work/key/key/key.core/../key.ui/examples/InformationFlow/ToyVoting/Voter(Voter__inputVote()).JML normal_behavior operation contract.0.key 
18417      INFO  main            d.u.i.k.p.i.AbstractProblemLoader Loading environment from /home/runner/work/key/key/key.core/../key.ui/examples/InformationFlow/ToyVoting/Voter(Voter__inputVote()).JML normal_behavior operation contract.0.key 
18417      DEBUG main            d.u.i.k.p.i.AbstractProblemLoader Environment load took 59.3ns 
18428      INFO  main            d.u.i.k.p.i.AbstractProblemLoader Creating init config 
21026      DEBUG main            d.u.i.k.p.i.AbstractProblemLoader Init config took 2.6s 
21073      INFO  main            d.u.i.k.p.i.AbstractProblemLoader Replaying proof Voter[Voter::inputVote()].JML normal_behavior operation contract.0 
21080      DEBUG main            d.u.i.k.p.i.IntermediateProofReplayer Proof replay took 14.7ns 
21182      INFO  main            d.u.i.k.p.r.p.TestFile    ... finished proof: closed. 
21298      INFO  main            d.u.i.k.p.r.p.TestFile    Now processing file /home/runner/work/key/key/key.core/../key.ui/examples/InformationFlow/ToyVoting/Voter(Voter__secure_voting()).JML normal_behavior operation contract.0.key 
21299      INFO  main            d.u.i.k.p.i.AbstractProblemLoader Loading environment from /home/runner/work/key/key/key.core/../key.ui/examples/InformationFlow/ToyVoting/Voter(Voter__secure_voting()).JML normal_behavior operation contract.0.key 
21299      DEBUG main            d.u.i.k.p.i.AbstractProblemLoader Environment load took 63.6ns 
21300      INFO  main            d.u.i.k.p.i.AbstractProblemLoader Creating init config 
23848      DEBUG main            d.u.i.k.p.i.AbstractProblemLoader Init config took 2.55s 
23892      INFO  main            d.u.i.k.p.i.AbstractProblemLoader Replaying proof Voter[Voter::secure_voting()].JML normal_behavior operation contract.0 
23895      DEBUG main            d.u.i.k.p.i.IntermediateProofReplayer Proof replay took 11.6ns 
24599      INFO  main            d.u.i.k.p.r.p.TestFile    ... finished proof: closed. 
25271      INFO  Test worker     d.u.i.k.p.r.RunAllProofsTestUnit Returning from test ToyVoting 
25275      INFO  Test worker     d.u.i.k.p.r.RunAllProofsTestUnit Running test ConditionalConfidential 
356        INFO  Timeout watchdog d.u.i.k.p.r.p.ForkedTestFileRunner Timeout watcher launched (1000 secs.) 
361        WARN  main            d.u.i.k.s.ProofSettings   The settings in /home/runner/.key/proof-settings.props are *not* read. 
398        INFO  main            d.u.i.k.p.r.p.TestFile    Now processing file /home/runner/work/key/key/key.core/../key.ui/examples/InformationFlow/ConditionalConfidential/CCExample(CCExample__hasAccessRight(CCExample.User)).JML normal_behavior operation contract.0.key 
522        INFO  main            d.u.i.k.p.i.AbstractProblemLoader Loading environment from /home/runner/work/key/key/key.core/../key.ui/examples/InformationFlow/ConditionalConfidential/CCExample(CCExample__hasAccessRight(CCExample.User)).JML normal_behavior operation contract.0.key 
541        DEBUG main            d.u.i.k.p.i.AbstractProblemLoader Environment load took 2.46ms 
763        INFO  main            d.u.i.k.p.i.AbstractProblemLoader Creating init config 
1582       DEBUG main            d.u.i.k.j.TypeConverter   No LDT found for Meta 
1582       DEBUG main            d.u.i.k.j.TypeConverter   No LDT found for Meta 
1583       DEBUG main            d.u.i.k.j.TypeConverter   No LDT found for Meta 
1584       DEBUG main            d.u.i.k.j.TypeConverter   No LDT found for Meta 
3426       DEBUG main            d.u.i.k.j.TypeConverter   No LDT found for JavaBigintExpression 
6067       DEBUG main            d.u.i.k.j.r.ClassPreparationMethodBuilder clPrepBuilder: Inner Class detected. Reject building class initialisation methods. 
8288       DEBUG main            d.u.i.k.p.i.AbstractProblemLoader Init config took 7.52s 
8476       INFO  main            d.u.i.k.p.i.AbstractProblemLoader Replaying proof ConditionalConfidentialExample[ConditionalConfidentialExample::hasAccessRight(ConditionalConfidentialExample.User)].JML normal_behavior operation contract.0 
8514       DEBUG main            d.u.i.k.p.i.IntermediateProofReplayer Proof replay took 304.6ns 
10766      INFO  main            d.u.i.k.p.r.p.TestFile    ... finished proof: closed. 
10933      INFO  main            d.u.i.k.p.r.p.TestFile    Now processing file /home/runner/work/key/key/key.core/../key.ui/examples/InformationFlow/ConditionalConfidential/CCExample(CCExample__getConfidentialData(CCExample.User)).JML normal_behavior operation contract.0.key 
10933      INFO  main            d.u.i.k.p.i.AbstractProblemLoader Loading environment from /home/runner/work/key/key/key.core/../key.ui/examples/InformationFlow/ConditionalConfidential/CCExample(CCExample__getConfidentialData(CCExample.User)).JML normal_behavior operation contract.0.key 
10933      DEBUG main            d.u.i.k.p.i.AbstractProblemLoader Environment load took 111.2ns 
10935      INFO  main            d.u.i.k.p.i.AbstractProblemLoader Creating init config 
11834      DEBUG main            d.u.i.k.j.r.ClassPreparationMethodBuilder clPrepBuilder: Inner Class detected. Reject building class initialisation methods. 
13613      DEBUG main            d.u.i.k.p.i.AbstractProblemLoader Init config took 2.68s 
13686      INFO  main            d.u.i.k.p.i.AbstractProblemLoader Replaying proof ConditionalConfidentialExample[ConditionalConfidentialExample::getConfidentialData(ConditionalConfidentialExample.User)].JML normal_behavior operation contract.0 
13690      DEBUG main            d.u.i.k.p.i.IntermediateProofReplayer Proof replay took 12.1ns 
14296      INFO  main            d.u.i.k.p.r.p.TestFile    ... finished proof: closed. 
39894      INFO  Test worker     d.u.i.k.p.r.RunAllProofsTestUnit Returning from test ConditionalConfidential 
39896      INFO  Test worker     d.u.i.k.p.r.RunAllProofsTestUnit Running test SumExample 
391        INFO  Timeout watchdog d.u.i.k.p.r.p.ForkedTestFileRunner Timeout watcher launched (1000 secs.) 
396        WARN  main            d.u.i.k.s.ProofSettings   The settings in /home/runner/.key/proof-settings.props are *not* read. 
437        INFO  main            d.u.i.k.p.r.p.TestFile    Now processing file /home/runner/work/key/key/key.core/../key.ui/examples/InformationFlow/Sum/SumExample(SumExample__getSum()).JML normal_behavior operation contract.0.key 
585        INFO  main            d.u.i.k.p.i.AbstractProblemLoader Loading environment from /home/runner/work/key/key/key.core/../key.ui/examples/InformationFlow/Sum/SumExample(SumExample__getSum()).JML normal_behavior operation contract.0.key 
612        DEBUG main            d.u.i.k.p.i.AbstractProblemLoader Environment load took 3.12ms 
852        INFO  main            d.u.i.k.p.i.AbstractProblemLoader Creating init config 
1811       DEBUG main            d.u.i.k.j.TypeConverter   No LDT found for Meta 
1812       DEBUG main            d.u.i.k.j.TypeConverter   No LDT found for Meta 
1813       DEBUG main            d.u.i.k.j.TypeConverter   No LDT found for Meta 
1814       DEBUG main            d.u.i.k.j.TypeConverter   No LDT found for Meta 
3013       DEBUG main            d.u.i.k.j.TypeConverter   No LDT found for JavaBigintExpression 
8065       DEBUG main            d.u.i.k.p.i.AbstractProblemLoader Init config took 7.21s 
8225       INFO  main            d.u.i.k.p.i.AbstractProblemLoader Replaying proof SumExample[SumExample::getSum()].JML normal_behavior operation contract.0 
8263       DEBUG main            d.u.i.k.p.i.IntermediateProofReplayer Proof replay took 350.3ns 
9600       INFO  main            d.u.i.k.p.r.p.TestFile    ... finished proof: closed. 
49774      INFO  Test worker     d.u.i.k.p.r.RunAllProofsTestUnit Returning from test SumExample 
49776      INFO  Test worker     d.u.i.k.p.r.RunAllProofsTestUnit Running test ToyBanking 
359        INFO  Timeout watchdog d.u.i.k.p.r.p.ForkedTestFileRunner Timeout watcher launched (1000 secs.) 
358        WARN  main            d.u.i.k.s.ProofSettings   The settings in /home/runner/.key/proof-settings.props are *not* read. 
409        INFO  main            d.u.i.k.p.r.p.TestFile    Now processing file /home/runner/work/key/key/key.core/../key.ui/examples/InformationFlow/ToyBanking/banking_example.UserAccount(banking_example.UserAccount__getBankAccount(int)).JML normal_behavior operation contract.0.key 
550        INFO  main            d.u.i.k.p.i.AbstractProblemLoader Loading environment from /home/runner/work/key/key/key.core/../key.ui/examples/InformationFlow/ToyBanking/banking_example.UserAccount(banking_example.UserAccount__getBankAccount(int)).JML normal_behavior operation contract.0.key 
572        DEBUG main            d.u.i.k.p.i.AbstractProblemLoader Environment load took 1.78ms 
787        INFO  main            d.u.i.k.p.i.AbstractProblemLoader Creating init config 
1891       DEBUG main            d.u.i.k.j.TypeConverter   No LDT found for Meta 
1892       DEBUG main            d.u.i.k.j.TypeConverter   No LDT found for Meta 
1895       DEBUG main            d.u.i.k.j.TypeConverter   No LDT found for Meta 
1896       DEBUG main            d.u.i.k.j.TypeConverter   No LDT found for Meta 
3310       DEBUG main            d.u.i.k.j.TypeConverter   No LDT found for JavaBigintExpression 
8699       DEBUG main            d.u.i.k.p.i.AbstractProblemLoader Init config took 7.91s 
8847       INFO  main            d.u.i.k.p.i.AbstractProblemLoader Replaying proof banking_example.UserAccount[banking_example.UserAccount::getBankAccount(int)].JML normal_behavior operation contract.0 
8879       DEBUG main            d.u.i.k.p.i.IntermediateProofReplayer Proof replay took 332ns 
10105      INFO  main            d.u.i.k.p.r.p.TestFile    ... finished proof: closed. 
10241      INFO  main            d.u.i.k.p.r.p.TestFile    Now processing file /home/runner/work/key/key/key.core/../key.ui/examples/InformationFlow/ToyBanking/banking_example.UserAccount(banking_example.UserAccount__tryLogin(int,(C)).JML normal_behavior operation contract.0.key 
10242      INFO  main            d.u.i.k.p.i.AbstractProblemLoader Loading environment from /home/runner/work/key/key/key.core/../key.ui/examples/InformationFlow/ToyBanking/banking_example.UserAccount(banking_example.UserAccount__tryLogin(int,(C)).JML normal_behavior operation contract.0.key 
10242      DEBUG main            d.u.i.k.p.i.AbstractProblemLoader Environment load took 95.1ns 
10245      INFO  main            d.u.i.k.p.i.AbstractProblemLoader Creating init config 
13137      DEBUG main            d.u.i.k.p.i.AbstractProblemLoader Init config took 2.89s 
13219      INFO  main            d.u.i.k.p.i.AbstractProblemLoader Replaying proof banking_example.UserAccount[banking_example.UserAccount::tryLogin(int,[C)].JML normal_behavior operation contract.0 
13223      DEBUG main            d.u.i.k.p.i.IntermediateProofReplayer Proof replay took 12.6ns 
32678      INFO  main            d.u.i.k.p.r.p.TestFile    ... finished proof: closed. 
32955      INFO  main            d.u.i.k.p.r.p.TestFile    Now processing file /home/runner/work/key/key/key.core/../key.ui/examples/InformationFlow/ToyBanking/banking_example.UserAccount(java.lang.Object___inv_()).JML accessible clause.0.key 
32956      INFO  main            d.u.i.k.p.i.AbstractProblemLoader Loading environment from /home/runner/work/key/key/key.core/../key.ui/examples/InformationFlow/ToyBanking/banking_example.UserAccount(java.lang.Object___inv_()).JML accessible clause.0.key 
32956      DEBUG main            d.u.i.k.p.i.AbstractProblemLoader Environment load took 79.3ns 
32957      INFO  main            d.u.i.k.p.i.AbstractProblemLoader Creating init config 
35751      DEBUG main            d.u.i.k.p.i.AbstractProblemLoader Init config took 2.79s 
35834      INFO  main            d.u.i.k.p.i.AbstractProblemLoader Replaying proof banking_example.UserAccount[java.lang.Object::<inv>()].JML accessible clause.0 
35839      DEBUG main            d.u.i.k.p.i.IntermediateProofReplayer Proof replay took 11.9ns 
39301      INFO  main            d.u.i.k.p.r.p.TestFile    ... finished proof: closed. 
39511      INFO  main            d.u.i.k.p.r.p.TestFile    Now processing file /home/runner/work/key/key/key.core/../key.ui/examples/InformationFlow/ToyBanking/banking_example.BankAccount(banking_example.BankAccount__depositMoney(int)).JML normal_behavior operation contract.0.key 
39511      INFO  main            d.u.i.k.p.i.AbstractProblemLoader Loading environment from /home/runner/work/key/key/key.core/../key.ui/examples/InformationFlow/ToyBanking/banking_example.BankAccount(banking_example.BankAccount__depositMoney(int)).JML normal_behavior operation contract.0.key 
39511      DEBUG main            d.u.i.k.p.i.AbstractProblemLoader Environment load took 97.2ns 
39512      INFO  main            d.u.i.k.p.i.AbstractProblemLoader Creating init config 
42307      DEBUG main            d.u.i.k.p.i.AbstractProblemLoader Init config took 2.8s 
42365      INFO  main            d.u.i.k.p.i.AbstractProblemLoader Replaying proof banking_example.BankAccount[banking_example.BankAccount::depositMoney(int)].JML normal_behavior operation contract.0 
42370      DEBUG main            d.u.i.k.p.i.IntermediateProofReplayer Proof replay took 11.1ns 
42673      INFO  main            d.u.i.k.p.r.p.TestFile    ... finished proof: closed. 
42814      INFO  main            d.u.i.k.p.r.p.TestFile    Now processing file /home/runner/work/key/key/key.core/../key.ui/examples/InformationFlow/ToyBanking/banking_example.BankAccount(banking_example.BankAccount__getBalance()).JML normal_behavior operation contract.0.key 
42814      INFO  main            d.u.i.k.p.i.AbstractProblemLoader Loading environment from /home/runner/work/key/key/key.core/../key.ui/examples/InformationFlow/ToyBanking/banking_example.BankAccount(banking_example.BankAccount__getBalance()).JML normal_behavior operation contract.0.key 
42814      DEBUG main            d.u.i.k.p.i.AbstractProblemLoader Environment load took 63.7ns 
42816      INFO  main            d.u.i.k.p.i.AbstractProblemLoader Creating init config 
45640      DEBUG main            d.u.i.k.p.i.AbstractProblemLoader Init config took 2.82s 
45703      INFO  main            d.u.i.k.p.i.AbstractProblemLoader Replaying proof banking_example.BankAccount[banking_example.BankAccount::getBalance()].JML normal_behavior operation contract.0 
45707      DEBUG main            d.u.i.k.p.i.IntermediateProofReplayer Proof replay took 11.1ns 
45810      INFO  main            d.u.i.k.p.r.p.TestFile    ... finished proof: closed. 
45934      INFO  main            d.u.i.k.p.r.p.TestFile    Now processing file /home/runner/work/key/key/key.core/../key.ui/examples/InformationFlow/ToyBanking/banking_example.BankAccount(banking_example.BankAccount__getId()).JML normal_behavior operation contract.0.key 
45934      INFO  main            d.u.i.k.p.i.AbstractProblemLoader Loading environment from /home/runner/work/key/key/key.core/../key.ui/examples/InformationFlow/ToyBanking/banking_example.BankAccount(banking_example.BankAccount__getId()).JML normal_behavior operation contract.0.key 
45934      DEBUG main            d.u.i.k.p.i.AbstractProblemLoader Environment load took 64ns 
45936      INFO  main            d.u.i.k.p.i.AbstractProblemLoader Creating init config 
48617      DEBUG main            d.u.i.k.p.i.AbstractProblemLoader Init config took 2.68s 
48668      INFO  main            d.u.i.k.p.i.AbstractProblemLoader Replaying proof banking_example.BankAccount[banking_example.BankAccount::getId()].JML normal_behavior operation contract.0 
48670      DEBUG main            d.u.i.k.p.i.IntermediateProofReplayer Proof replay took 12ns 
48772      INFO  main            d.u.i.k.p.r.p.TestFile    ... finished proof: closed. 
48898      INFO  main            d.u.i.k.p.r.p.TestFile    Now processing file /home/runner/work/key/key/key.core/../key.ui/examples/InformationFlow/ToyBanking/banking_example.Bank(banking_example.Bank__login(int,(C)).JML normal_behavior operation contract.0.key 
48899      INFO  main            d.u.i.k.p.i.AbstractProblemLoader Loading environment from /home/runner/work/key/key/key.core/../key.ui/examples/InformationFlow/ToyBanking/banking_example.Bank(banking_example.Bank__login(int,(C)).JML normal_behavior operation contract.0.key 
48899      DEBUG main            d.u.i.k.p.i.AbstractProblemLoader Environment load took 57.5ns 
48900      INFO  main            d.u.i.k.p.i.AbstractProblemLoader Creating init config 
51624      DEBUG main            d.u.i.k.p.i.AbstractProblemLoader Init config took 2.72s 
51681      INFO  main            d.u.i.k.p.i.AbstractProblemLoader Replaying proof banking_example.Bank[banking_example.Bank::login(int,[C)].JML normal_behavior operation contract.0 
51684      DEBUG main            d.u.i.k.p.i.IntermediateProofReplayer Proof replay took 10.9ns 
56831      INFO  main            d.u.i.k.p.r.p.TestFile    ... finished proof: closed. 
57016      INFO  main            d.u.i.k.p.r.p.TestFile    Now processing file /home/runner/work/key/key/key.core/../key.ui/examples/InformationFlow/ToyBanking/banking_example2.UserAccount(banking_example2.UserAccount__getBankAccount(int)).JML normal_behavior operation contract.0.key 
57016      INFO  main            d.u.i.k.p.i.AbstractProblemLoader Loading environment from /home/runner/work/key/key/key.core/../key.ui/examples/InformationFlow/ToyBanking/banking_example2.UserAccount(banking_example2.UserAccount__getBankAccount(int)).JML normal_behavior operation contract.0.key 
57016      DEBUG main            d.u.i.k.p.i.AbstractProblemLoader Environment load took 59.3ns 
57017      INFO  main            d.u.i.k.p.i.AbstractProblemLoader Creating init config 
59614      DEBUG main            d.u.i.k.p.i.AbstractProblemLoader Init config took 2.6s 
59679      INFO  main            d.u.i.k.p.i.AbstractProblemLoader Replaying proof banking_example2.UserAccount[banking_example2.UserAccount::getBankAccount(int)].JML normal_behavior operation contract.0 
59682      DEBUG main            d.u.i.k.p.i.IntermediateProofReplayer Proof replay took 12.3ns 
59989      INFO  main            d.u.i.k.p.r.p.TestFile    ... finished proof: closed. 
60140      INFO  main            d.u.i.k.p.r.p.TestFile    Now processing file /home/runner/work/key/key/key.core/../key.ui/examples/InformationFlow/ToyBanking/banking_example2.UserAccount(banking_example2.UserAccount__tryLogin(int,(C)).JML normal_behavior operation contract.0.key 
60141      INFO  main            d.u.i.k.p.i.AbstractProblemLoader Loading environment from /home/runner/work/key/key/key.core/../key.ui/examples/InformationFlow/ToyBanking/banking_example2.UserAccount(banking_example2.UserAccount__tryLogin(int,(C)).JML normal_behavior operation contract.0.key 
60141      DEBUG main            d.u.i.k.p.i.AbstractProblemLoader Environment load took 116ns 
60143      INFO  main            d.u.i.k.p.i.AbstractProblemLoader Creating init config 
62739      DEBUG main            d.u.i.k.p.i.AbstractProblemLoader Init config took 2.6s 
62815      INFO  main            d.u.i.k.p.i.AbstractProblemLoader Replaying proof banking_example2.UserAccount[banking_example2.UserAccount::tryLogin(int,[C)].JML normal_behavior operation contract.0 
62819      DEBUG main            d.u.i.k.p.i.IntermediateProofReplayer Proof replay took 12.4ns 
80623      INFO  main            d.u.i.k.p.r.p.TestFile    ... finished proof: closed. 
80860      INFO  main            d.u.i.k.p.r.p.TestFile    Now processing file /home/runner/work/key/key/key.core/../key.ui/examples/InformationFlow/ToyBanking/banking_example2.UserAccount(java.lang.Object___inv_()).JML accessible clause.0.key 
80867      INFO  main            d.u.i.k.p.i.AbstractProblemLoader Loading environment from /home/runner/work/key/key/key.core/../key.ui/examples/InformationFlow/ToyBanking/banking_example2.UserAccount(java.lang.Object___inv_()).JML accessible clause.0.key 
80867      DEBUG main            d.u.i.k.p.i.AbstractProblemLoader Environment load took 183.7ns 
80868      INFO  main            d.u.i.k.p.i.AbstractProblemLoader Creating init config 
83439      DEBUG main            d.u.i.k.p.i.AbstractProblemLoader Init config took 2.57s 
83495      INFO  main            d.u.i.k.p.i.AbstractProblemLoader Replaying proof banking_example2.UserAccount[java.lang.Object::<inv>()].JML accessible clause.0 
83498      DEBUG main            d.u.i.k.p.i.IntermediateProofReplayer Proof replay took 12ns 
87631      INFO  main            d.u.i.k.p.r.p.TestFile    ... finished proof: open goal(s) 
87841      INFO  main            d.u.i.k.p.r.p.TestFile    Now processing file /home/runner/work/key/key/key.core/../key.ui/examples/InformationFlow/ToyBanking/banking_example2.BankAccount(banking_example2.BankAccount__depositMoney(int)).JML normal_behavior operation contract.0.key 
87842      INFO  main            d.u.i.k.p.i.AbstractProblemLoader Loading environment from /home/runner/work/key/key/key.core/../key.ui/examples/InformationFlow/ToyBanking/banking_example2.BankAccount(banking_example2.BankAccount__depositMoney(int)).JML normal_behavior operation contract.0.key 
87842      DEBUG main            d.u.i.k.p.i.AbstractProblemLoader Environment load took 106.7ns 
87843      INFO  main            d.u.i.k.p.i.AbstractProblemLoader Creating init config 
90367      DEBUG main            d.u.i.k.p.i.AbstractProblemLoader Init config took 2.52s 
90418      INFO  main            d.u.i.k.p.i.AbstractProblemLoader Replaying proof banking_example2.BankAccount[banking_example2.BankAccount::depositMoney(int)].JML normal_behavior operation contract.0 
90422      DEBUG main            d.u.i.k.p.i.IntermediateProofReplayer Proof replay took 13.4ns 
90725      INFO  main            d.u.i.k.p.r.p.TestFile    ... finished proof: closed. 
90884      INFO  main            d.u.i.k.p.r.p.TestFile    Now processing file /home/runner/work/key/key/key.core/../key.ui/examples/InformationFlow/ToyBanking/banking_example2.BankAccount(banking_example2.BankAccount__getBalance()).JML normal_behavior operation contract.0.key 
90885      INFO  main            d.u.i.k.p.i.AbstractProblemLoader Loading environment from /home/runner/work/key/key/key.core/../key.ui/examples/InformationFlow/ToyBanking/banking_example2.BankAccount(banking_example2.BankAccount__getBalance()).JML normal_behavior operation contract.0.key 
90885      DEBUG main            d.u.i.k.p.i.AbstractProblemLoader Environment load took 130.5ns 
90886      INFO  main            d.u.i.k.p.i.AbstractProblemLoader Creating init config 
93396      DEBUG main            d.u.i.k.p.i.AbstractProblemLoader Init config took 2.51s 
93451      INFO  main            d.u.i.k.p.i.AbstractProblemLoader Replaying proof banking_example2.BankAccount[banking_example2.BankAccount::getBalance()].JML normal_behavior operation contract.0 
93453      DEBUG main            d.u.i.k.p.i.IntermediateProofReplayer Proof replay took 12.1ns 
93558      INFO  main            d.u.i.k.p.r.p.TestFile    ... finished proof: closed. 
93706      INFO  main            d.u.i.k.p.r.p.TestFile    Now processing file /home/runner/work/key/key/key.core/../key.ui/examples/InformationFlow/ToyBanking/banking_example2.BankAccount(banking_example2.BankAccount__getId()).JML normal_behavior operation contract.0.key 
93706      INFO  main            d.u.i.k.p.i.AbstractProblemLoader Loading environment from /home/runner/work/key/key/key.core/../key.ui/examples/InformationFlow/ToyBanking/banking_example2.BankAccount(banking_example2.BankAccount__getId()).JML normal_behavior operation contract.0.key 
93707      DEBUG main            d.u.i.k.p.i.AbstractProblemLoader Environment load took 64ns 
93707      INFO  main            d.u.i.k.p.i.AbstractProblemLoader Creating init config 
96236      DEBUG main            d.u.i.k.p.i.AbstractProblemLoader Init config took 2.53s 
96280      INFO  main            d.u.i.k.p.i.AbstractProblemLoader Replaying proof banking_example2.BankAccount[banking_example2.BankAccount::getId()].JML normal_behavior operation contract.0 
96283      DEBUG main            d.u.i.k.p.i.IntermediateProofReplayer Proof replay took 11.7ns 
96385      INFO  main            d.u.i.k.p.r.p.TestFile    ... finished proof: closed. 
96537      INFO  main            d.u.i.k.p.r.p.TestFile    Now processing file /home/runner/work/key/key/key.core/../key.ui/examples/InformationFlow/ToyBanking/banking_example2.Bank(banking_example2.Bank__login(int,(C)).JML normal_behavior operation contract.0.key 
96537      INFO  main            d.u.i.k.p.i.AbstractProblemLoader Loading environment from /home/runner/work/key/key/key.core/../key.ui/examples/InformationFlow/ToyBanking/banking_example2.Bank(banking_example2.Bank__login(int,(C)).JML normal_behavior operation contract.0.key 
96537      DEBUG main            d.u.i.k.p.i.AbstractProblemLoader Environment load took 54.9ns 
96538      INFO  main            d.u.i.k.p.i.AbstractProblemLoader Creating init config 
99063      DEBUG main            d.u.i.k.p.i.AbstractProblemLoader Init config took 2.52s 
99107      INFO  main            d.u.i.k.p.i.AbstractProblemLoader Replaying proof banking_example2.Bank[banking_example2.Bank::login(int,[C)].JML normal_behavior operation contract.0 
99111      DEBUG main            d.u.i.k.p.i.IntermediateProofReplayer Proof replay took 14.9ns 
102561     INFO  main            d.u.i.k.p.r.p.TestFile    ... finished proof: closed. 
152698     INFO  Test worker     d.u.i.k.p.r.RunAllProofsTestUnit Returning from test ToyBanking 
152706     INFO  Test worker     d.u.i.k.p.r.RunAllProofsTestUnit Running test BlockContracts 
355        INFO  Timeout watchdog d.u.i.k.p.r.p.ForkedTestFileRunner Timeout watcher launched (1000 secs.) 
370        WARN  main            d.u.i.k.s.ProofSettings   The settings in /home/runner/.key/proof-settings.props are *not* read. 
410        INFO  main            d.u.i.k.p.r.p.TestFile    Now processing file /home/runner/work/key/key/key.core/../key.ui/examples/InformationFlow/BlockContracts/contract.IFBlockExamples(contract.IFBlockExamples__secure_5()).JML operation contract.0.key 
553        INFO  main            d.u.i.k.p.i.AbstractProblemLoader Loading environment from /home/runner/work/key/key/key.core/../key.ui/examples/InformationFlow/BlockContracts/contract.IFBlockExamples(contract.IFBlockExamples__secure_5()).JML operation contract.0.key 
576        DEBUG main            d.u.i.k.p.i.AbstractProblemLoader Environment load took 2.56ms 
791        INFO  main            d.u.i.k.p.i.AbstractProblemLoader Creating init config 
1709       DEBUG main            d.u.i.k.j.TypeConverter   No LDT found for Meta 
1709       DEBUG main            d.u.i.k.j.TypeConverter   No LDT found for Meta 
1711       DEBUG main            d.u.i.k.j.TypeConverter   No LDT found for Meta 
1711       DEBUG main            d.u.i.k.j.TypeConverter   No LDT found for Meta 
3064       DEBUG main            d.u.i.k.j.TypeConverter   No LDT found for JavaBigintExpression 
8385       DEBUG main            d.u.i.k.p.i.AbstractProblemLoader Init config took 7.59s 
8560       INFO  main            d.u.i.k.p.i.AbstractProblemLoader Replaying proof contract.IFBlockExamples[contract.IFBlockExamples::secure_5()].JML operation contract.0 
8628       DEBUG main            d.u.i.k.p.i.IntermediateProofReplayer Proof replay took 380.3ns 
9252       INFO  main            d.u.i.k.p.r.p.TestFile    ... finished proof: closed. 
9366       INFO  main            d.u.i.k.p.r.p.TestFile    Now processing file /home/runner/work/key/key/key.core/../key.ui/examples/InformationFlow/BlockContracts/contract.IFBlockExamples(contract.IFBlockExamples__block_no_return_secure(int)).JML operation contract.0.key 
9369       INFO  main            d.u.i.k.p.i.AbstractProblemLoader Loading environment from /home/runner/work/key/key/key.core/../key.ui/examples/InformationFlow/BlockContracts/contract.IFBlockExamples(contract.IFBlockExamples__block_no_return_secure(int)).JML operation contract.0.key 
9370       DEBUG main            d.u.i.k.p.i.AbstractProblemLoader Environment load took 1.01ms 
9373       INFO  main            d.u.i.k.p.i.AbstractProblemLoader Creating init config 
12371      DEBUG main            d.u.i.k.p.i.AbstractProblemLoader Init config took 3s 
12446      INFO  main            d.u.i.k.p.i.AbstractProblemLoader Replaying proof contract.IFBlockExamples[contract.IFBlockExamples::block_no_return_secure(int)].JML operation contract.0 
12449      DEBUG main            d.u.i.k.p.i.IntermediateProofReplayer Proof replay took 13.7ns 
12651      INFO  main            d.u.i.k.p.r.p.TestFile    ... finished proof: closed. 
12768      INFO  main            d.u.i.k.p.r.p.TestFile    Now processing file /home/runner/work/key/key/key.core/../key.ui/examples/InformationFlow/BlockContracts/contract.IFBlockExamples(contract.IFBlockExamples__while_block_insecure(int)).JML operation contract.0.key 
12768      INFO  main            d.u.i.k.p.i.AbstractProblemLoader Loading environment from /home/runner/work/key/key/key.core/../key.ui/examples/InformationFlow/BlockContracts/contract.IFBlockExamples(contract.IFBlockExamples__while_block_insecure(int)).JML operation contract.0.key 
12768      DEBUG main            d.u.i.k.p.i.AbstractProblemLoader Environment load took 128.8ns 
12769      INFO  main            d.u.i.k.p.i.AbstractProblemLoader Creating init config 
15579      DEBUG main            d.u.i.k.p.i.AbstractProblemLoader Init config took 2.81s 
15640      INFO  main            d.u.i.k.p.i.AbstractProblemLoader Replaying proof contract.IFBlockExamples[contract.IFBlockExamples::while_block_insecure(int)].JML operation contract.0 
15643      DEBUG main            d.u.i.k.p.i.IntermediateProofReplayer Proof replay took 13ns 
16047      INFO  main            d.u.i.k.p.r.p.TestFile    ... finished proof: closed. 
16223      INFO  main            d.u.i.k.p.r.p.TestFile    Now processing file /home/runner/work/key/key/key.core/../key.ui/examples/InformationFlow/BlockContracts/contract.IFBlockExamples(contract.IFBlockExamples__while_block_secure(int)).JML operation contract.0.key 
16223      INFO  main            d.u.i.k.p.i.AbstractProblemLoader Loading environment from /home/runner/work/key/key/key.core/../key.ui/examples/InformationFlow/BlockContracts/contract.IFBlockExamples(contract.IFBlockExamples__while_block_secure(int)).JML operation contract.0.key 
16223      DEBUG main            d.u.i.k.p.i.AbstractProblemLoader Environment load took 77.8ns 
16225      INFO  main            d.u.i.k.p.i.AbstractProblemLoader Creating init config 
18932      DEBUG main            d.u.i.k.p.i.AbstractProblemLoader Init config took 2.71s 
18996      INFO  main            d.u.i.k.p.i.AbstractProblemLoader Replaying proof contract.IFBlockExamples[contract.IFBlockExamples::while_block_secure(int)].JML operation contract.0 
19005      DEBUG main            d.u.i.k.p.i.IntermediateProofReplayer Proof replay took 12.4ns 
19309      INFO  main            d.u.i.k.p.r.p.TestFile    ... finished proof: closed. 
19433      INFO  main            d.u.i.k.p.r.p.TestFile    Now processing file /home/runner/work/key/key/key.core/../key.ui/examples/InformationFlow/BlockContracts/contract.IFBlockExamples(contract.IFBlockExamples__block_while_secure(int)).JML operation contract.0.key 
19434      INFO  main            d.u.i.k.p.i.AbstractProblemLoader Loading environment from /home/runner/work/key/key/key.core/../key.ui/examples/InformationFlow/BlockContracts/contract.IFBlockExamples(contract.IFBlockExamples__block_while_secure(int)).JML operation contract.0.key 
19437      DEBUG main            d.u.i.k.p.i.AbstractProblemLoader Environment load took 3.23ms 
19439      INFO  main            d.u.i.k.p.i.AbstractProblemLoader Creating init config 
22179      DEBUG main            d.u.i.k.p.i.AbstractProblemLoader Init config took 2.74s 
22227      INFO  main            d.u.i.k.p.i.AbstractProblemLoader Replaying proof contract.IFBlockExamples[contract.IFBlockExamples::block_while_secure(int)].JML operation contract.0 
22230      DEBUG main            d.u.i.k.p.i.IntermediateProofReplayer Proof replay took 13.3ns 
22533      INFO  main            d.u.i.k.p.r.p.TestFile    ... finished proof: closed. 
22670      INFO  main            d.u.i.k.p.r.p.TestFile    Now processing file /home/runner/work/key/key/key.core/../key.ui/examples/InformationFlow/BlockContracts/contract.IFBlockExamples(contract.IFBlockExamples__insecure_4(int)).JML operation contract.0.key 
22670      INFO  main            d.u.i.k.p.i.AbstractProblemLoader Loading environment from /home/runner/work/key/key/key.core/../key.ui/examples/InformationFlow/BlockContracts/contract.IFBlockExamples(contract.IFBlockExamples__insecure_4(int)).JML operation contract.0.key 
22670      DEBUG main            d.u.i.k.p.i.AbstractProblemLoader Environment load took 60.2ns 
22671      INFO  main            d.u.i.k.p.i.AbstractProblemLoader Creating init config 
25320      DEBUG main            d.u.i.k.p.i.AbstractProblemLoader Init config took 2.65s 
25366      INFO  main            d.u.i.k.p.i.AbstractProblemLoader Replaying proof contract.IFBlockExamples[contract.IFBlockExamples::insecure_4(int)].JML operation contract.0 
25372      DEBUG main            d.u.i.k.p.i.IntermediateProofReplayer Proof replay took 12.8ns 
25775      INFO  main            d.u.i.k.p.r.p.TestFile    ... finished proof: closed. 
25957      INFO  main            d.u.i.k.p.r.p.TestFile    Now processing file /home/runner/work/key/key/key.core/../key.ui/examples/InformationFlow/BlockContracts/contract.IFBlockExamples(contract.IFBlockExamples__insecure_3(int)).JML operation contract.0.key 
25957      INFO  main            d.u.i.k.p.i.AbstractProblemLoader Loading environment from /home/runner/work/key/key/key.core/../key.ui/examples/InformationFlow/BlockContracts/contract.IFBlockExamples(contract.IFBlockExamples__insecure_3(int)).JML operation contract.0.key 
25958      DEBUG main            d.u.i.k.p.i.AbstractProblemLoader Environment load took 72.8ns 
25961      INFO  main            d.u.i.k.p.i.AbstractProblemLoader Creating init config 
28587      DEBUG main            d.u.i.k.p.i.AbstractProblemLoader Init config took 2.63s 
28632      INFO  main            d.u.i.k.p.i.AbstractProblemLoader Replaying proof contract.IFBlockExamples[contract.IFBlockExamples::insecure_3(int)].JML operation contract.0 
28635      DEBUG main            d.u.i.k.p.i.IntermediateProofReplayer Proof replay took 11.9ns 
29039      INFO  main            d.u.i.k.p.r.p.TestFile    ... finished proof: closed. 
29225      INFO  main            d.u.i.k.p.r.p.TestFile    Now processing file /home/runner/work/key/key/key.core/../key.ui/examples/InformationFlow/BlockContracts/contract.IFBlockExamples(contract.IFBlockExamples__secure_3(int)).JML operation contract.0.key 
29225      INFO  main            d.u.i.k.p.i.AbstractProblemLoader Loading environment from /home/runner/work/key/key/key.core/../key.ui/examples/InformationFlow/BlockContracts/contract.IFBlockExamples(contract.IFBlockExamples__secure_3(int)).JML operation contract.0.key 
29226      DEBUG main            d.u.i.k.p.i.AbstractProblemLoader Environment load took 68ns 
29228      INFO  main            d.u.i.k.p.i.AbstractProblemLoader Creating init config 
31878      DEBUG main            d.u.i.k.p.i.AbstractProblemLoader Init config took 2.65s 
31943      INFO  main            d.u.i.k.p.i.AbstractProblemLoader Replaying proof contract.IFBlockExamples[contract.IFBlockExamples::secure_3(int)].JML operation contract.0 
31953      DEBUG main            d.u.i.k.p.i.IntermediateProofReplayer Proof replay took 12.7ns 
32366      INFO  main            d.u.i.k.p.r.p.TestFile    ... finished proof: closed. 
32522      INFO  main            d.u.i.k.p.r.p.TestFile    Now processing file /home/runner/work/key/key/key.core/../key.ui/examples/InformationFlow/BlockContracts/contract.IFBlockExamples(contract.IFBlockExamples__secure_2(int)).JML operation contract.0.key 
32523      INFO  main            d.u.i.k.p.i.AbstractProblemLoader Loading environment from /home/runner/work/key/key/key.core/../key.ui/examples/InformationFlow/BlockContracts/contract.IFBlockExamples(contract.IFBlockExamples__secure_2(int)).JML operation contract.0.key 
32523      DEBUG main            d.u.i.k.p.i.AbstractProblemLoader Environment load took 110.5ns 
32525      INFO  main            d.u.i.k.p.i.AbstractProblemLoader Creating init config 
35173      DEBUG main            d.u.i.k.p.i.AbstractProblemLoader Init config took 2.65s 
35230      INFO  main            d.u.i.k.p.i.AbstractProblemLoader Replaying proof contract.IFBlockExamples[contract.IFBlockExamples::secure_2(int)].JML operation contract.0 
35235      DEBUG main            d.u.i.k.p.i.IntermediateProofReplayer Proof replay took 14.3ns 
35538      INFO  main            d.u.i.k.p.r.p.TestFile    ... finished proof: closed. 
35691      INFO  main            d.u.i.k.p.r.p.TestFile    Now processing file /home/runner/work/key/key/key.core/../key.ui/examples/InformationFlow/BlockContracts/contract.IFBlockExamples(contract.IFBlockExamples__secure_8(int)).JML operation contract.0.key 
35691      INFO  main            d.u.i.k.p.i.AbstractProblemLoader Loading environment from /home/runner/work/key/key/key.core/../key.ui/examples/InformationFlow/BlockContracts/contract.IFBlockExamples(contract.IFBlockExamples__secure_8(int)).JML operation contract.0.key 
35691      DEBUG main            d.u.i.k.p.i.AbstractProblemLoader Environment load took 87.6ns 
35693      INFO  main            d.u.i.k.p.i.AbstractProblemLoader Creating init config 
38270      DEBUG main            d.u.i.k.p.i.AbstractProblemLoader Init config took 2.58s 
38326      INFO  main            d.u.i.k.p.i.AbstractProblemLoader Replaying proof contract.IFBlockExamples[contract.IFBlockExamples::secure_8(int)].JML operation contract.0 
38328      DEBUG main            d.u.i.k.p.i.IntermediateProofReplayer Proof replay took 26.6ns 
38531      INFO  main            d.u.i.k.p.r.p.TestFile    ... finished proof: closed. 
38699      INFO  main            d.u.i.k.p.r.p.TestFile    Now processing file /home/runner/work/key/key/key.core/../key.ui/examples/InformationFlow/BlockContracts/contract.IFBlockExamples(contract.IFBlockExamples__secure_7(int)).JML operation contract.0.key 
38700      INFO  main            d.u.i.k.p.i.AbstractProblemLoader Loading environment from /home/runner/work/key/key/key.core/../key.ui/examples/InformationFlow/BlockContracts/contract.IFBlockExamples(contract.IFBlockExamples__secure_7(int)).JML operation contract.0.key 
38700      DEBUG main            d.u.i.k.p.i.AbstractProblemLoader Environment load took 69.7ns 
38701      INFO  main            d.u.i.k.p.i.AbstractProblemLoader Creating init config 
41293      DEBUG main            d.u.i.k.p.i.AbstractProblemLoader Init config took 2.59s 
41336      INFO  main            d.u.i.k.p.i.AbstractProblemLoader Replaying proof contract.IFBlockExamples[contract.IFBlockExamples::secure_7(int)].JML operation contract.0 
41338      DEBUG main            d.u.i.k.p.i.IntermediateProofReplayer Proof replay took 13.1ns 
41541      INFO  main            d.u.i.k.p.r.p.TestFile    ... finished proof: closed. 
41690      INFO  main            d.u.i.k.p.r.p.TestFile    Now processing file /home/runner/work/key/key/key.core/../key.ui/examples/InformationFlow/BlockContracts/contract.IFBlockExamples(contract.IFBlockExamples__secure_6(int)).JML operation contract.0.key 
41690      INFO  main            d.u.i.k.p.i.AbstractProblemLoader Loading environment from /home/runner/work/key/key/key.core/../key.ui/examples/InformationFlow/BlockContracts/contract.IFBlockExamples(contract.IFBlockExamples__secure_6(int)).JML operation contract.0.key 
41690      DEBUG main            d.u.i.k.p.i.AbstractProblemLoader Environment load took 55.6ns 
41691      INFO  main            d.u.i.k.p.i.AbstractProblemLoader Creating init config 
44294      DEBUG main            d.u.i.k.p.i.AbstractProblemLoader Init config took 2.6s 
44337      INFO  main            d.u.i.k.p.i.AbstractProblemLoader Replaying proof contract.IFBlockExamples[contract.IFBlockExamples::secure_6(int)].JML operation contract.0 
44341      DEBUG main            d.u.i.k.p.i.IntermediateProofReplayer Proof replay took 13.1ns 
44544      INFO  main            d.u.i.k.p.r.p.TestFile    ... finished proof: closed. 
44691      INFO  main            d.u.i.k.p.r.p.TestFile    Now processing file /home/runner/work/key/key/key.core/../key.ui/examples/InformationFlow/BlockContracts/contract.IFBlockExamples(contract.IFBlockExamples__insecure_1(int)).JML operation contract.0.key 
44692      INFO  main            d.u.i.k.p.i.AbstractProblemLoader Loading environment from /home/runner/work/key/key/key.core/../key.ui/examples/InformationFlow/BlockContracts/contract.IFBlockExamples(contract.IFBlockExamples__insecure_1(int)).JML operation contract.0.key 
44692      DEBUG main            d.u.i.k.p.i.AbstractProblemLoader Environment load took 143.6ns 
44693      INFO  main            d.u.i.k.p.i.AbstractProblemLoader Creating init config 
47237      DEBUG main            d.u.i.k.p.i.AbstractProblemLoader Init config took 2.54s 
47278      INFO  main            d.u.i.k.p.i.AbstractProblemLoader Replaying proof contract.IFBlockExamples[contract.IFBlockExamples::insecure_1(int)].JML operation contract.0 
47280      DEBUG main            d.u.i.k.p.i.IntermediateProofReplayer Proof replay took 11.2ns 
47482      INFO  main            d.u.i.k.p.r.p.TestFile    ... finished proof: closed. 
47623      INFO  main            d.u.i.k.p.r.p.TestFile    Now processing file /home/runner/work/key/key/key.core/../key.ui/examples/InformationFlow/BlockContracts/contract.IFBlockExamples(contract.IFBlockExamples__secure_4(int)).JML operation contract.0.key 
47623      INFO  main            d.u.i.k.p.i.AbstractProblemLoader Loading environment from /home/runner/work/key/key/key.core/../key.ui/examples/InformationFlow/BlockContracts/contract.IFBlockExamples(contract.IFBlockExamples__secure_4(int)).JML operation contract.0.key 
47623      DEBUG main            d.u.i.k.p.i.AbstractProblemLoader Environment load took 56.5ns 
47624      INFO  main            d.u.i.k.p.i.AbstractProblemLoader Creating init config 
50157      DEBUG main            d.u.i.k.p.i.AbstractProblemLoader Init config took 2.53s 
50207      INFO  main            d.u.i.k.p.i.AbstractProblemLoader Replaying proof contract.IFBlockExamples[contract.IFBlockExamples::secure_4(int)].JML operation contract.0 
50210      DEBUG main            d.u.i.k.p.i.IntermediateProofReplayer Proof replay took 12.3ns 
50414      INFO  main            d.u.i.k.p.r.p.TestFile    ... finished proof: closed. 
50580      INFO  main            d.u.i.k.p.r.p.TestFile    Now processing file /home/runner/work/key/key/key.core/../key.ui/examples/InformationFlow/BlockContracts/contract.IFBlockExamples(contract.IFBlockExamples__secure_1(int)).JML operation contract.0.key 
50580      INFO  main            d.u.i.k.p.i.AbstractProblemLoader Loading environment from /home/runner/work/key/key/key.core/../key.ui/examples/InformationFlow/BlockContracts/contract.IFBlockExamples(contract.IFBlockExamples__secure_1(int)).JML operation contract.0.key 
50580      DEBUG main            d.u.i.k.p.i.AbstractProblemLoader Environment load took 56.7ns 
50581      INFO  main            d.u.i.k.p.i.AbstractProblemLoader Creating init config 
53130      DEBUG main            d.u.i.k.p.i.AbstractProblemLoader Init config took 2.55s 
53170      INFO  main            d.u.i.k.p.i.AbstractProblemLoader Replaying proof contract.IFBlockExamples[contract.IFBlockExamples::secure_1(int)].JML operation contract.0 
53172      DEBUG main            d.u.i.k.p.i.IntermediateProofReplayer Proof replay took 13.5ns 
53375      INFO  main            d.u.i.k.p.r.p.TestFile    ... finished proof: closed. 
53533      INFO  main            d.u.i.k.p.r.p.TestFile    Now processing file /home/runner/work/key/key/key.core/../key.ui/examples/InformationFlow/BlockContracts/contract.IFEfficiencyExamples(contract.IFEfficiencyExamples__mWithoutBlockContract()).JML operation contract.0.key 
53533      INFO  main            d.u.i.k.p.i.AbstractProblemLoader Loading environment from /home/runner/work/key/key/key.core/../key.ui/examples/InformationFlow/BlockContracts/contract.IFEfficiencyExamples(contract.IFEfficiencyExamples__mWithoutBlockContract()).JML operation contract.0.key 
53534      DEBUG main            d.u.i.k.p.i.AbstractProblemLoader Environment load took 55.8ns 
53534      INFO  main            d.u.i.k.p.i.AbstractProblemLoader Creating init config 
56088      DEBUG main            d.u.i.k.p.i.AbstractProblemLoader Init config took 2.55s 
56137      INFO  main            d.u.i.k.p.i.AbstractProblemLoader Replaying proof contract.IFEfficiencyExamples[contract.IFEfficiencyExamples::mWithoutBlockContract()].JML operation contract.0 
56139      DEBUG main            d.u.i.k.p.i.IntermediateProofReplayer Proof replay took 13.3ns 
56743      INFO  main            d.u.i.k.p.r.p.TestFile    ... finished proof: closed. 
56963      INFO  main            d.u.i.k.p.r.p.TestFile    Now processing file /home/runner/work/key/key/key.core/../key.ui/examples/InformationFlow/BlockContracts/contract.IFEfficiencyExamples(contract.IFEfficiencyExamples__mWithBlockContract()).JML operation contract.0.key 
56964      INFO  main            d.u.i.k.p.i.AbstractProblemLoader Loading environment from /home/runner/work/key/key/key.core/../key.ui/examples/InformationFlow/BlockContracts/contract.IFEfficiencyExamples(contract.IFEfficiencyExamples__mWithBlockContract()).JML operation contract.0.key 
56964      DEBUG main            d.u.i.k.p.i.AbstractProblemLoader Environment load took 101.7ns 
56965      INFO  main            d.u.i.k.p.i.AbstractProblemLoader Creating init config 
59481      DEBUG main            d.u.i.k.p.i.AbstractProblemLoader Init config took 2.52s 
59521      INFO  main            d.u.i.k.p.i.AbstractProblemLoader Replaying proof contract.IFEfficiencyExamples[contract.IFEfficiencyExamples::mWithBlockContract()].JML operation contract.0 
59525      DEBUG main            d.u.i.k.p.i.IntermediateProofReplayer Proof replay took 14.5ns 
59929      INFO  main            d.u.i.k.p.r.p.TestFile    ... finished proof: closed. 
213018     INFO  Test worker     d.u.i.k.p.r.RunAllProofsTestUnit Returning from test BlockContracts 
213021     INFO  Test worker     d.u.i.k.p.r.RunAllProofsTestUnit Running test MethodContracts 
337        INFO  Timeout watchdog d.u.i.k.p.r.p.ForkedTestFileRunner Timeout watcher launched (1000 secs.) 
345        WARN  main            d.u.i.k.s.ProofSettings   The settings in /home/runner/.key/proof-settings.props are *not* read. 
367        INFO  main            d.u.i.k.p.r.p.TestFile    Now processing file /home/runner/work/key/key/key.core/../key.ui/examples/InformationFlow/MethodContracts/contract.IFMethodContract(contract.IFMethodContract__secure_recursion_2((I,int)).JML normal_behavior operation contract.0.key 
481        INFO  main            d.u.i.k.p.i.AbstractProblemLoader Loading environment from /home/runner/work/key/key/key.core/../key.ui/examples/InformationFlow/MethodContracts/contract.IFMethodContract(contract.IFMethodContract__secure_recursion_2((I,int)).JML normal_behavior operation contract.0.key 
507        DEBUG main            d.u.i.k.p.i.AbstractProblemLoader Environment load took 1.96ms 
746        INFO  main            d.u.i.k.p.i.AbstractProblemLoader Creating init config 
1538       DEBUG main            d.u.i.k.j.TypeConverter   No LDT found for Meta 
1542       DEBUG main            d.u.i.k.j.TypeConverter   No LDT found for Meta 
1546       DEBUG main            d.u.i.k.j.TypeConverter   No LDT found for Meta 
1546       DEBUG main            d.u.i.k.j.TypeConverter   No LDT found for Meta 
3068       DEBUG main            d.u.i.k.j.TypeConverter   No LDT found for JavaBigintExpression 
8227       DEBUG main            d.u.i.k.p.i.AbstractProblemLoader Init config took 7.48s 
8420       INFO  main            d.u.i.k.p.i.AbstractProblemLoader Replaying proof contract.IFMethodContract[contract.IFMethodContract::secure_recursion_2([I,int)].JML normal_behavior operation contract.0 
8456       DEBUG main            d.u.i.k.p.i.IntermediateProofReplayer Proof replay took 306ns 
9385       INFO  main            d.u.i.k.p.r.p.TestFile    ... finished proof: closed. 
9501       INFO  main            d.u.i.k.p.r.p.TestFile    Now processing file /home/runner/work/key/key/key.core/../key.ui/examples/InformationFlow/MethodContracts/contract.IFMethodContract(contract.IFMethodContract__secure_recursion(int)).JML normal_behavior operation contract.0.key 
9502       INFO  main            d.u.i.k.p.i.AbstractProblemLoader Loading environment from /home/runner/work/key/key/key.core/../key.ui/examples/InformationFlow/MethodContracts/contract.IFMethodContract(contract.IFMethodContract__secure_recursion(int)).JML normal_behavior operation contract.0.key 
9502       DEBUG main            d.u.i.k.p.i.AbstractProblemLoader Environment load took 87.2ns 
9503       INFO  main            d.u.i.k.p.i.AbstractProblemLoader Creating init config 
12539      DEBUG main            d.u.i.k.p.i.AbstractProblemLoader Init config took 3.04s 
12605      INFO  main            d.u.i.k.p.i.AbstractProblemLoader Replaying proof contract.IFMethodContract[contract.IFMethodContract::secure_recursion(int)].JML normal_behavior operation contract.0 
12617      DEBUG main            d.u.i.k.p.i.IntermediateProofReplayer Proof replay took 12.9ns 
12820      INFO  main            d.u.i.k.p.r.p.TestFile    ... finished proof: closed. 
12932      INFO  main            d.u.i.k.p.r.p.TestFile    Now processing file /home/runner/work/key/key/key.core/../key.ui/examples/InformationFlow/MethodContracts/contract.IFMethodContract(contract.IFMethodContract__secure_catch_exception()).JML operation contract.0.key 
12933      INFO  main            d.u.i.k.p.i.AbstractProblemLoader Loading environment from /home/runner/work/key/key/key.core/../key.ui/examples/InformationFlow/MethodContracts/contract.IFMethodContract(contract.IFMethodContract__secure_catch_exception()).JML operation contract.0.key 
12933      DEBUG main            d.u.i.k.p.i.AbstractProblemLoader Environment load took 135.2ns 
12935      INFO  main            d.u.i.k.p.i.AbstractProblemLoader Creating init config 
15855      DEBUG main            d.u.i.k.p.i.AbstractProblemLoader Init config took 2.92s 
15917      INFO  main            d.u.i.k.p.i.AbstractProblemLoader Replaying proof contract.IFMethodContract[contract.IFMethodContract::secure_catch_exception()].JML operation contract.0 
15921      DEBUG main            d.u.i.k.p.i.IntermediateProofReplayer Proof replay took 13.8ns 
16124      INFO  main            d.u.i.k.p.r.p.TestFile    ... finished proof: closed. 
16235      INFO  main            d.u.i.k.p.r.p.TestFile    Now processing file /home/runner/work/key/key/key.core/../key.ui/examples/InformationFlow/MethodContracts/contract.IFMethodContract(contract.IFMethodContract__n6()).JML normal_behavior operation contract.0.key 
16236      INFO  main            d.u.i.k.p.i.AbstractProblemLoader Loading environment from /home/runner/work/key/key/key.core/../key.ui/examples/InformationFlow/MethodContracts/contract.IFMethodContract(contract.IFMethodContract__n6()).JML normal_behavior operation contract.0.key 
16239      DEBUG main            d.u.i.k.p.i.AbstractProblemLoader Environment load took 2.81ms 
16240      INFO  main            d.u.i.k.p.i.AbstractProblemLoader Creating init config 
19061      DEBUG main            d.u.i.k.p.i.AbstractProblemLoader Init config took 2.82s 
19130      INFO  main            d.u.i.k.p.i.AbstractProblemLoader Replaying proof contract.IFMethodContract[contract.IFMethodContract::n6()].JML normal_behavior operation contract.0 
19133      DEBUG main            d.u.i.k.p.i.IntermediateProofReplayer Proof replay took 13.1ns 
19235      INFO  main            d.u.i.k.p.r.p.TestFile    ... finished proof: closed. 
19343      INFO  main            d.u.i.k.p.r.p.TestFile    Now processing file /home/runner/work/key/key/key.core/../key.ui/examples/InformationFlow/MethodContracts/contract.IFMethodContract(contract.IFMethodContract__secure_n6()).JML operation contract.0.key 
19343      INFO  main            d.u.i.k.p.i.AbstractProblemLoader Loading environment from /home/runner/work/key/key/key.core/../key.ui/examples/InformationFlow/MethodContracts/contract.IFMethodContract(contract.IFMethodContract__secure_n6()).JML operation contract.0.key 
19343      DEBUG main            d.u.i.k.p.i.AbstractProblemLoader Environment load took 62.3ns 
19345      INFO  main            d.u.i.k.p.i.AbstractProblemLoader Creating init config 
22124      DEBUG main            d.u.i.k.p.i.AbstractProblemLoader Init config took 2.78s 
22174      INFO  main            d.u.i.k.p.i.AbstractProblemLoader Replaying proof contract.IFMethodContract[contract.IFMethodContract::secure_n6()].JML operation contract.0 
22177      DEBUG main            d.u.i.k.p.i.IntermediateProofReplayer Proof replay took 11.9ns 
22280      INFO  main            d.u.i.k.p.r.p.TestFile    ... finished proof: closed. 
22399      INFO  main            d.u.i.k.p.r.p.TestFile    Now processing file /home/runner/work/key/key/key.core/../key.ui/examples/InformationFlow/MethodContracts/contract.IFMethodContract(contract.IFMethodContract__secure_array_param_helper()).JML normal_behavior operation contract.0.key 
22399      INFO  main            d.u.i.k.p.i.AbstractProblemLoader Loading environment from /home/runner/work/key/key/key.core/../key.ui/examples/InformationFlow/MethodContracts/contract.IFMethodContract(contract.IFMethodContract__secure_array_param_helper()).JML normal_behavior operation contract.0.key 
22400      DEBUG main            d.u.i.k.p.i.AbstractProblemLoader Environment load took 64.9ns 
22402      INFO  main            d.u.i.k.p.i.AbstractProblemLoader Creating init config 
25176      DEBUG main            d.u.i.k.p.i.AbstractProblemLoader Init config took 2.77s 
25231      INFO  main            d.u.i.k.p.i.AbstractProblemLoader Replaying proof contract.IFMethodContract[contract.IFMethodContract::secure_array_param_helper()].JML normal_behavior operation contract.0 
25236      DEBUG main            d.u.i.k.p.i.IntermediateProofReplayer Proof replay took 12.6ns 
25338      INFO  main            d.u.i.k.p.r.p.TestFile    ... finished proof: closed. 
25458      INFO  main            d.u.i.k.p.r.p.TestFile    Now processing file /home/runner/work/key/key/key.core/../key.ui/examples/InformationFlow/MethodContracts/contract.IFMethodContract(contract.IFMethodContract__secure_array_param((I,int)).JML operation contract.0.key 
25459      INFO  main            d.u.i.k.p.i.AbstractProblemLoader Loading environment from /home/runner/work/key/key/key.core/../key.ui/examples/InformationFlow/MethodContracts/contract.IFMethodContract(contract.IFMethodContract__secure_array_param((I,int)).JML operation contract.0.key 
25459      DEBUG main            d.u.i.k.p.i.AbstractProblemLoader Environment load took 59.9ns 
25460      INFO  main            d.u.i.k.p.i.AbstractProblemLoader Creating init config 
28230      DEBUG main            d.u.i.k.p.i.AbstractProblemLoader Init config took 2.77s 
28278      INFO  main            d.u.i.k.p.i.AbstractProblemLoader Replaying proof contract.IFMethodContract[contract.IFMethodContract::secure_array_param([I,int)].JML operation contract.0 
28281      DEBUG main            d.u.i.k.p.i.IntermediateProofReplayer Proof replay took 13ns 
28384      INFO  main            d.u.i.k.p.r.p.TestFile    ... finished proof: closed. 
28518      INFO  main            d.u.i.k.p.r.p.TestFile    Now processing file /home/runner/work/key/key/key.core/../key.ui/examples/InformationFlow/MethodContracts/contract.IFMethodContract(contract.IFMethodContract__n9()).JML normal_behavior operation contract.0.key 
28519      INFO  main            d.u.i.k.p.i.AbstractProblemLoader Loading environment from /home/runner/work/key/key/key.core/../key.ui/examples/InformationFlow/MethodContracts/contract.IFMethodContract(contract.IFMethodContract__n9()).JML normal_behavior operation contract.0.key 
28519      DEBUG main            d.u.i.k.p.i.AbstractProblemLoader Environment load took 107.9ns 
28520      INFO  main            d.u.i.k.p.i.AbstractProblemLoader Creating init config 
31250      DEBUG main            d.u.i.k.p.i.AbstractProblemLoader Init config took 2.73s 
31315      INFO  main            d.u.i.k.p.i.AbstractProblemLoader Replaying proof contract.IFMethodContract[contract.IFMethodContract::n9()].JML normal_behavior operation contract.0 
31319      DEBUG main            d.u.i.k.p.i.IntermediateProofReplayer Proof replay took 13.5ns 
31421      INFO  main            d.u.i.k.p.r.p.TestFile    ... finished proof: closed. 
31563      INFO  main            d.u.i.k.p.r.p.TestFile    Now processing file /home/runner/work/key/key/key.core/../key.ui/examples/InformationFlow/MethodContracts/contract.IFMethodContract(contract.IFMethodContract__secure_assignment_0_n9()).JML operation contract.0.key 
31563      INFO  main            d.u.i.k.p.i.AbstractProblemLoader Loading environment from /home/runner/work/key/key/key.core/../key.ui/examples/InformationFlow/MethodContracts/contract.IFMethodContract(contract.IFMethodContract__secure_assignment_0_n9()).JML operation contract.0.key 
31564      DEBUG main            d.u.i.k.p.i.AbstractProblemLoader Environment load took 61.9ns 
31564      INFO  main            d.u.i.k.p.i.AbstractProblemLoader Creating init config 
34329      DEBUG main            d.u.i.k.p.i.AbstractProblemLoader Init config took 2.76s 
34396      INFO  main            d.u.i.k.p.i.AbstractProblemLoader Replaying proof contract.IFMethodContract[contract.IFMethodContract::secure_assignment_0_n9()].JML operation contract.0 
34399      DEBUG main            d.u.i.k.p.i.IntermediateProofReplayer Proof replay took 26.2ns 
34501      INFO  main            d.u.i.k.p.r.p.TestFile    ... finished proof: closed. 
34637      INFO  main            d.u.i.k.p.r.p.TestFile    Now processing file /home/runner/work/key/key/key.core/../key.ui/examples/InformationFlow/MethodContracts/contract.IFMethodContract(contract.IFMethodContract__insecure_if_high_n5_n1()).JML operation contract.0.key 
34637      INFO  main            d.u.i.k.p.i.AbstractProblemLoader Loading environment from /home/runner/work/key/key/key.core/../key.ui/examples/InformationFlow/MethodContracts/contract.IFMethodContract(contract.IFMethodContract__insecure_if_high_n5_n1()).JML operation contract.0.key 
34637      DEBUG main            d.u.i.k.p.i.AbstractProblemLoader Environment load took 272.9ns 
34639      INFO  main            d.u.i.k.p.i.AbstractProblemLoader Creating init config 
37362      DEBUG main            d.u.i.k.p.i.AbstractProblemLoader Init config took 2.72s 
37407      INFO  main            d.u.i.k.p.i.AbstractProblemLoader Replaying proof contract.IFMethodContract[contract.IFMethodContract::insecure_if_high_n5_n1()].JML operation contract.0 
37409      DEBUG main            d.u.i.k.p.i.IntermediateProofReplayer Proof replay took 13.1ns 
37612      INFO  main            d.u.i.k.p.r.p.TestFile    ... finished proof: closed. 
37757      INFO  main            d.u.i.k.p.r.p.TestFile    Now processing file /home/runner/work/key/key/key.core/../key.ui/examples/InformationFlow/MethodContracts/contract.IFMethodContract(contract.IFMethodContract__n5(int)).JML normal_behavior operation contract.0.key 
37757      INFO  main            d.u.i.k.p.i.AbstractProblemLoader Loading environment from /home/runner/work/key/key/key.core/../key.ui/examples/InformationFlow/MethodContracts/contract.IFMethodContract(contract.IFMethodContract__n5(int)).JML normal_behavior operation contract.0.key 
37758      DEBUG main            d.u.i.k.p.i.AbstractProblemLoader Environment load took 146.3ns 
37759      INFO  main            d.u.i.k.p.i.AbstractProblemLoader Creating init config 
40508      DEBUG main            d.u.i.k.p.i.AbstractProblemLoader Init config took 2.75s 
40552      INFO  main            d.u.i.k.p.i.AbstractProblemLoader Replaying proof contract.IFMethodContract[contract.IFMethodContract::n5(int)].JML normal_behavior operation contract.0 
40558      DEBUG main            d.u.i.k.p.i.IntermediateProofReplayer Proof replay took 13.9ns 
40660      INFO  main            d.u.i.k.p.r.p.TestFile    ... finished proof: closed. 
40793      INFO  main            d.u.i.k.p.r.p.TestFile    Now processing file /home/runner/work/key/key/key.core/../key.ui/examples/InformationFlow/MethodContracts/contract.IFMethodContract(contract.IFMethodContract__secure_if_high_n5_n1()).JML operation contract.0.key 
40793      INFO  main            d.u.i.k.p.i.AbstractProblemLoader Loading environment from /home/runner/work/key/key/key.core/../key.ui/examples/InformationFlow/MethodContracts/contract.IFMethodContract(contract.IFMethodContract__secure_if_high_n5_n1()).JML operation contract.0.key 
40793      DEBUG main            d.u.i.k.p.i.AbstractProblemLoader Environment load took 73.1ns 
40794      INFO  main            d.u.i.k.p.i.AbstractProblemLoader Creating init config 
43558      DEBUG main            d.u.i.k.p.i.AbstractProblemLoader Init config took 2.76s 
43608      INFO  main            d.u.i.k.p.i.AbstractProblemLoader Replaying proof contract.IFMethodContract[contract.IFMethodContract::secure_if_high_n5_n1()].JML operation contract.0 
43612      DEBUG main            d.u.i.k.p.i.IntermediateProofReplayer Proof replay took 13.1ns 
43916      INFO  main            d.u.i.k.p.r.p.TestFile    ... finished proof: closed. 
44063      INFO  main            d.u.i.k.p.r.p.TestFile    Now processing file /home/runner/work/key/key/key.core/../key.ui/examples/InformationFlow/MethodContracts/contract.IFMethodContract(contract.IFMethodContract__secure_if_high_n1()).JML operation contract.0.key 
44063      INFO  main            d.u.i.k.p.i.AbstractProblemLoader Loading environment from /home/runner/work/key/key/key.core/../key.ui/examples/InformationFlow/MethodContracts/contract.IFMethodContract(contract.IFMethodContract__secure_if_high_n1()).JML operation contract.0.key 
44064      DEBUG main            d.u.i.k.p.i.AbstractProblemLoader Environment load took 63ns 
44064      INFO  main            d.u.i.k.p.i.AbstractProblemLoader Creating init config 
46825      DEBUG main            d.u.i.k.p.i.AbstractProblemLoader Init config took 2.76s 
46875      INFO  main            d.u.i.k.p.i.AbstractProblemLoader Replaying proof contract.IFMethodContract[contract.IFMethodContract::secure_if_high_n1()].JML operation contract.0 
46878      DEBUG main            d.u.i.k.p.i.IntermediateProofReplayer Proof replay took 13.5ns 
47080      INFO  main            d.u.i.k.p.r.p.TestFile    ... finished proof: closed. 
47260      INFO  main            d.u.i.k.p.r.p.TestFile    Now processing file /home/runner/work/key/key/key.core/../key.ui/examples/InformationFlow/MethodContracts/contract.IFMethodContract(contract.IFMethodContract__secure_n5()).JML operation contract.0.key 
47260      INFO  main            d.u.i.k.p.i.AbstractProblemLoader Loading environment from /home/runner/work/key/key/key.core/../key.ui/examples/InformationFlow/MethodContracts/contract.IFMethodContract(contract.IFMethodContract__secure_n5()).JML operation contract.0.key 
47261      DEBUG main            d.u.i.k.p.i.AbstractProblemLoader Environment load took 57.9ns 
47262      INFO  main            d.u.i.k.p.i.AbstractProblemLoader Creating init config 
50044      DEBUG main            d.u.i.k.p.i.AbstractProblemLoader Init config took 2.78s 
50088      INFO  main            d.u.i.k.p.i.AbstractProblemLoader Replaying proof contract.IFMethodContract[contract.IFMethodContract::secure_n5()].JML operation contract.0 
50091      DEBUG main            d.u.i.k.p.i.IntermediateProofReplayer Proof replay took 13.1ns 
50193      INFO  main            d.u.i.k.p.r.p.TestFile    ... finished proof: closed. 
50361      INFO  main            d.u.i.k.p.r.p.TestFile    Now processing file /home/runner/work/key/key/key.core/../key.ui/examples/InformationFlow/MethodContracts/contract.IFMethodContract(contract.IFMethodContract__n4()).JML normal_behavior operation contract.0.key 
50361      INFO  main            d.u.i.k.p.i.AbstractProblemLoader Loading environment from /home/runner/work/key/key/key.core/../key.ui/examples/InformationFlow/MethodContracts/contract.IFMethodContract(contract.IFMethodContract__n4()).JML normal_behavior operation contract.0.key 
50361      DEBUG main            d.u.i.k.p.i.AbstractProblemLoader Environment load took 61.9ns 
50363      INFO  main            d.u.i.k.p.i.AbstractProblemLoader Creating init config 
53099      DEBUG main            d.u.i.k.p.i.AbstractProblemLoader Init config took 2.74s 
53202      INFO  main            d.u.i.k.p.i.AbstractProblemLoader Replaying proof contract.IFMethodContract[contract.IFMethodContract::n4()].JML normal_behavior operation contract.0 
53204      DEBUG main            d.u.i.k.p.i.IntermediateProofReplayer Proof replay took 16.6ns 
53307      INFO  main            d.u.i.k.p.r.p.TestFile    ... finished proof: closed. 
53461      INFO  main            d.u.i.k.p.r.p.TestFile    Now processing file /home/runner/work/key/key/key.core/../key.ui/examples/InformationFlow/MethodContracts/contract.IFMethodContract(contract.IFMethodContract__n3()).JML normal_behavior operation contract.0.key 
53465      INFO  main            d.u.i.k.p.i.AbstractProblemLoader Loading environment from /home/runner/work/key/key/key.core/../key.ui/examples/InformationFlow/MethodContracts/contract.IFMethodContract(contract.IFMethodContract__n3()).JML normal_behavior operation contract.0.key 
53465      DEBUG main            d.u.i.k.p.i.AbstractProblemLoader Environment load took 125.5ns 
53466      INFO  main            d.u.i.k.p.i.AbstractProblemLoader Creating init config 
56205      DEBUG main            d.u.i.k.p.i.AbstractProblemLoader Init config took 2.74s 
56243      INFO  main            d.u.i.k.p.i.AbstractProblemLoader Replaying proof contract.IFMethodContract[contract.IFMethodContract::n3()].JML normal_behavior operation contract.0 
56245      DEBUG main            d.u.i.k.p.i.IntermediateProofReplayer Proof replay took 12.1ns 
56347      INFO  main            d.u.i.k.p.r.p.TestFile    ... finished proof: closed. 
56492      INFO  main            d.u.i.k.p.r.p.TestFile    Now processing file /home/runner/work/key/key/key.core/../key.ui/examples/InformationFlow/MethodContracts/contract.IFMethodContract(contract.IFMethodContract__secure_sequential_n3_precond_n4()).JML operation contract.0.key 
56492      INFO  main            d.u.i.k.p.i.AbstractProblemLoader Loading environment from /home/runner/work/key/key/key.core/../key.ui/examples/InformationFlow/MethodContracts/contract.IFMethodContract(contract.IFMethodContract__secure_sequential_n3_precond_n4()).JML operation contract.0.key 
56492      DEBUG main            d.u.i.k.p.i.AbstractProblemLoader Environment load took 61.9ns 
56494      INFO  main            d.u.i.k.p.i.AbstractProblemLoader Creating init config 
59246      DEBUG main            d.u.i.k.p.i.AbstractProblemLoader Init config took 2.75s 
59284      INFO  main            d.u.i.k.p.i.AbstractProblemLoader Replaying proof contract.IFMethodContract[contract.IFMethodContract::secure_sequential_n3_precond_n4()].JML operation contract.0 
59286      DEBUG main            d.u.i.k.p.i.IntermediateProofReplayer Proof replay took 13.8ns 
59392      INFO  main            d.u.i.k.p.r.p.TestFile    ... finished proof: closed. 
59543      INFO  main            d.u.i.k.p.r.p.TestFile    Now processing file /home/runner/work/key/key/key.core/../key.ui/examples/InformationFlow/MethodContracts/contract.IFMethodContract(contract.IFMethodContract__insecure_assignment_n2()).JML operation contract.0.key 
59543      INFO  main            d.u.i.k.p.i.AbstractProblemLoader Loading environment from /home/runner/work/key/key/key.core/../key.ui/examples/InformationFlow/MethodContracts/contract.IFMethodContract(contract.IFMethodContract__insecure_assignment_n2()).JML operation contract.0.key 
59543      DEBUG main            d.u.i.k.p.i.AbstractProblemLoader Environment load took 57.4ns 
59545      INFO  main            d.u.i.k.p.i.AbstractProblemLoader Creating init config 
62279      DEBUG main            d.u.i.k.p.i.AbstractProblemLoader Init config took 2.73s 
62318      INFO  main            d.u.i.k.p.i.AbstractProblemLoader Replaying proof contract.IFMethodContract[contract.IFMethodContract::insecure_assignment_n2()].JML operation contract.0 
62321      DEBUG main            d.u.i.k.p.i.IntermediateProofReplayer Proof replay took 13.2ns 
62422      INFO  main            d.u.i.k.p.r.p.TestFile    ... finished proof: closed. 
62573      INFO  main            d.u.i.k.p.r.p.TestFile    Now processing file /home/runner/work/key/key/key.core/../key.ui/examples/InformationFlow/MethodContracts/contract.IFMethodContract(contract.IFMethodContract__secure_assignments_n2()).JML operation contract.0.key 
62573      INFO  main            d.u.i.k.p.i.AbstractProblemLoader Loading environment from /home/runner/work/key/key/key.core/../key.ui/examples/InformationFlow/MethodContracts/contract.IFMethodContract(contract.IFMethodContract__secure_assignments_n2()).JML operation contract.0.key 
62573      DEBUG main            d.u.i.k.p.i.AbstractProblemLoader Environment load took 56.6ns 
62574      INFO  main            d.u.i.k.p.i.AbstractProblemLoader Creating init config 
65307      DEBUG main            d.u.i.k.p.i.AbstractProblemLoader Init config took 2.73s 
65344      INFO  main            d.u.i.k.p.i.AbstractProblemLoader Replaying proof contract.IFMethodContract[contract.IFMethodContract::secure_assignments_n2()].JML operation contract.0 
65347      DEBUG main            d.u.i.k.p.i.IntermediateProofReplayer Proof replay took 14.9ns 
65449      INFO  main            d.u.i.k.p.r.p.TestFile    ... finished proof: closed. 
65604      INFO  main            d.u.i.k.p.r.p.TestFile    Now processing file /home/runner/work/key/key/key.core/../key.ui/examples/InformationFlow/MethodContracts/contract.IFMethodContract(contract.IFMethodContract__n2()).JML normal_behavior operation contract.0.key 
65605      INFO  main            d.u.i.k.p.i.AbstractProblemLoader Loading environment from /home/runner/work/key/key/key.core/../key.ui/examples/InformationFlow/MethodContracts/contract.IFMethodContract(contract.IFMethodContract__n2()).JML normal_behavior operation contract.0.key 
65605      DEBUG main            d.u.i.k.p.i.AbstractProblemLoader Environment load took 56.6ns 
65606      INFO  main            d.u.i.k.p.i.AbstractProblemLoader Creating init config 
68365      DEBUG main            d.u.i.k.p.i.AbstractProblemLoader Init config took 2.76s 
68402      INFO  main            d.u.i.k.p.i.AbstractProblemLoader Replaying proof contract.IFMethodContract[contract.IFMethodContract::n2()].JML normal_behavior operation contract.0 
68404      DEBUG main            d.u.i.k.p.i.IntermediateProofReplayer Proof replay took 13.9ns 
68507      INFO  main            d.u.i.k.p.r.p.TestFile    ... finished proof: closed. 
68664      INFO  main            d.u.i.k.p.r.p.TestFile    Now processing file /home/runner/work/key/key/key.core/../key.ui/examples/InformationFlow/MethodContracts/contract.IFMethodContract(contract.IFMethodContract__n1()).JML normal_behavior operation contract.0.key 
68664      INFO  main            d.u.i.k.p.i.AbstractProblemLoader Loading environment from /home/runner/work/key/key/key.core/../key.ui/examples/InformationFlow/MethodContracts/contract.IFMethodContract(contract.IFMethodContract__n1()).JML normal_behavior operation contract.0.key 
68664      DEBUG main            d.u.i.k.p.i.AbstractProblemLoader Environment load took 70.4ns 
68665      INFO  main            d.u.i.k.p.i.AbstractProblemLoader Creating init config 
71419      DEBUG main            d.u.i.k.p.i.AbstractProblemLoader Init config took 2.75s 
71456      INFO  main            d.u.i.k.p.i.AbstractProblemLoader Replaying proof contract.IFMethodContract[contract.IFMethodContract::n1()].JML normal_behavior operation contract.0 
71458      DEBUG main            d.u.i.k.p.i.IntermediateProofReplayer Proof replay took 14.6ns 
71560      INFO  main            d.u.i.k.p.r.p.TestFile    ... finished proof: closed. 
71743      INFO  main            d.u.i.k.p.r.p.TestFile    Now processing file /home/runner/work/key/key/key.core/../key.ui/examples/InformationFlow/MethodContracts/contract.IFMethodContract(contract.IFMethodContract__secure_sequential_n1_n2()).JML operation contract.0.key 
71743      INFO  main            d.u.i.k.p.i.AbstractProblemLoader Loading environment from /home/runner/work/key/key/key.core/../key.ui/examples/InformationFlow/MethodContracts/contract.IFMethodContract(contract.IFMethodContract__secure_sequential_n1_n2()).JML operation contract.0.key 
71743      DEBUG main            d.u.i.k.p.i.AbstractProblemLoader Environment load took 61.7ns 
71744      INFO  main            d.u.i.k.p.i.AbstractProblemLoader Creating init config 
74481      DEBUG main            d.u.i.k.p.i.AbstractProblemLoader Init config took 2.74s 
74534      INFO  main            d.u.i.k.p.i.AbstractProblemLoader Replaying proof contract.IFMethodContract[contract.IFMethodContract::secure_sequential_n1_n2()].JML operation contract.0 
74536      DEBUG main            d.u.i.k.p.i.IntermediateProofReplayer Proof replay took 14.1ns 
74638      INFO  main            d.u.i.k.p.r.p.TestFile    ... finished proof: closed. 
288022     INFO  Test worker     d.u.i.k.p.r.RunAllProofsTestUnit Returning from test MethodContracts 
288025     INFO  Test worker     d.u.i.k.p.r.RunAllProofsTestUnit Running test LoopInvariants 
380        INFO  Timeout watchdog d.u.i.k.p.r.p.ForkedTestFileRunner Timeout watcher launched (1000 secs.) 
401        WARN  main            d.u.i.k.s.ProofSettings   The settings in /home/runner/.key/proof-settings.props are *not* read. 
424        INFO  main            d.u.i.k.p.r.p.TestFile    Now processing file /home/runner/work/key/key/key.core/../key.ui/examples/InformationFlow/LoopInvariants/loop.IFLoopExamples(loop.IFLoopExamples__insecure_while_3(int)).JML operation contract.0.key 
526        INFO  main            d.u.i.k.p.i.AbstractProblemLoader Loading environment from /home/runner/work/key/key/key.core/../key.ui/examples/InformationFlow/LoopInvariants/loop.IFLoopExamples(loop.IFLoopExamples__insecure_while_3(int)).JML operation contract.0.key 
556        DEBUG main            d.u.i.k.p.i.AbstractProblemLoader Environment load took 2.36ms 
786        INFO  main            d.u.i.k.p.i.AbstractProblemLoader Creating init config 
1860       DEBUG main            d.u.i.k.j.TypeConverter   No LDT found for Meta 
1861       DEBUG main            d.u.i.k.j.TypeConverter   No LDT found for Meta 
1864       DEBUG main            d.u.i.k.j.TypeConverter   No LDT found for Meta 
1864       DEBUG main            d.u.i.k.j.TypeConverter   No LDT found for Meta 
3088       DEBUG main            d.u.i.k.j.TypeConverter   No LDT found for JavaBigintExpression 
8475       DEBUG main            d.u.i.k.p.i.AbstractProblemLoader Init config took 7.69s 
8594       INFO  main            d.u.i.k.p.i.AbstractProblemLoader Replaying proof loop.IFLoopExamples[loop.IFLoopExamples::insecure_while_3(int)].JML operation contract.0 
8627       DEBUG main            d.u.i.k.p.i.IntermediateProofReplayer Proof replay took 912.2ns 
9898       INFO  main            d.u.i.k.p.r.p.TestFile    ... finished proof: closed. 
10011      INFO  main            d.u.i.k.p.r.p.TestFile    Now processing file /home/runner/work/key/key/key.core/../key.ui/examples/InformationFlow/LoopInvariants/loop.IFLoopExamples(loop.IFLoopExamples__secure_while_2(int)).JML operation contract.0.key 
10012      INFO  main            d.u.i.k.p.i.AbstractProblemLoader Loading environment from /home/runner/work/key/key/key.core/../key.ui/examples/InformationFlow/LoopInvariants/loop.IFLoopExamples(loop.IFLoopExamples__secure_while_2(int)).JML operation contract.0.key 
10012      DEBUG main            d.u.i.k.p.i.AbstractProblemLoader Environment load took 115.8ns 
10013      INFO  main            d.u.i.k.p.i.AbstractProblemLoader Creating init config 
13257      DEBUG main            d.u.i.k.p.i.AbstractProblemLoader Init config took 3.24s 
13319      INFO  main            d.u.i.k.p.i.AbstractProblemLoader Replaying proof loop.IFLoopExamples[loop.IFLoopExamples::secure_while_2(int)].JML operation contract.0 
13323      DEBUG main            d.u.i.k.p.i.IntermediateProofReplayer Proof replay took 12.5ns 
13828      INFO  main            d.u.i.k.p.r.p.TestFile    ... finished proof: closed. 
13948      INFO  main            d.u.i.k.p.r.p.TestFile    Now processing file /home/runner/work/key/key/key.core/../key.ui/examples/InformationFlow/LoopInvariants/loop.IFLoopExamples(loop.IFLoopExamples__secure_while_4(int)).JML operation contract.0.key 
13949      INFO  main            d.u.i.k.p.i.AbstractProblemLoader Loading environment from /home/runner/work/key/key/key.core/../key.ui/examples/InformationFlow/LoopInvariants/loop.IFLoopExamples(loop.IFLoopExamples__secure_while_4(int)).JML operation contract.0.key 
13949      DEBUG main            d.u.i.k.p.i.AbstractProblemLoader Environment load took 82.6ns 
13956      INFO  main            d.u.i.k.p.i.AbstractProblemLoader Creating init config 
16947      DEBUG main            d.u.i.k.p.i.AbstractProblemLoader Init config took 2.99s 
17007      INFO  main            d.u.i.k.p.i.AbstractProblemLoader Replaying proof loop.IFLoopExamples[loop.IFLoopExamples::secure_while_4(int)].JML operation contract.0 
17012      DEBUG main            d.u.i.k.p.i.IntermediateProofReplayer Proof replay took 12.5ns 
17517      INFO  main            d.u.i.k.p.r.p.TestFile    ... finished proof: closed. 
17645      INFO  main            d.u.i.k.p.r.p.TestFile    Now processing file /home/runner/work/key/key/key.core/../key.ui/examples/InformationFlow/LoopInvariants/loop.IFLoopExamples(loop.IFLoopExamples__insecure_doubleNestedWhile2(int)).JML operation contract.0.key 
17645      INFO  main            d.u.i.k.p.i.AbstractProblemLoader Loading environment from /home/runner/work/key/key/key.core/../key.ui/examples/InformationFlow/LoopInvariants/loop.IFLoopExamples(loop.IFLoopExamples__insecure_doubleNestedWhile2(int)).JML operation contract.0.key 
17646      DEBUG main            d.u.i.k.p.i.AbstractProblemLoader Environment load took 70.6ns 
17648      INFO  main            d.u.i.k.p.i.AbstractProblemLoader Creating init config 
20550      DEBUG main            d.u.i.k.p.i.AbstractProblemLoader Init config took 2.9s 
20601      INFO  main            d.u.i.k.p.i.AbstractProblemLoader Replaying proof loop.IFLoopExamples[loop.IFLoopExamples::insecure_doubleNestedWhile2(int)].JML operation contract.0 
20604      DEBUG main            d.u.i.k.p.i.IntermediateProofReplayer Proof replay took 12.4ns 
21611      INFO  main            d.u.i.k.p.r.p.TestFile    ... finished proof: closed. 
21757      INFO  main            d.u.i.k.p.r.p.TestFile    Now processing file /home/runner/work/key/key/key.core/../key.ui/examples/InformationFlow/LoopInvariants/loop.IFLoopExamples(loop.IFLoopExamples__insecure_doubleNestedWhile(int)).JML operation contract.0.key 
21757      INFO  main            d.u.i.k.p.i.AbstractProblemLoader Loading environment from /home/runner/work/key/key/key.core/../key.ui/examples/InformationFlow/LoopInvariants/loop.IFLoopExamples(loop.IFLoopExamples__insecure_doubleNestedWhile(int)).JML operation contract.0.key 
21757      DEBUG main            d.u.i.k.p.i.AbstractProblemLoader Environment load took 68ns 
21758      INFO  main            d.u.i.k.p.i.AbstractProblemLoader Creating init config 
24590      DEBUG main            d.u.i.k.p.i.AbstractProblemLoader Init config took 2.83s 
24641      INFO  main            d.u.i.k.p.i.AbstractProblemLoader Replaying proof loop.IFLoopExamples[loop.IFLoopExamples::insecure_doubleNestedWhile(int)].JML operation contract.0 
24645      DEBUG main            d.u.i.k.p.i.IntermediateProofReplayer Proof replay took 13.9ns 
25751      INFO  main            d.u.i.k.p.r.p.TestFile    ... finished proof: closed. 
25895      INFO  main            d.u.i.k.p.r.p.TestFile    Now processing file /home/runner/work/key/key/key.core/../key.ui/examples/InformationFlow/LoopInvariants/loop.IFLoopExamples(loop.IFLoopExamples__secure_doubleNestedWhile(int)).JML operation contract.0.key 
25896      INFO  main            d.u.i.k.p.i.AbstractProblemLoader Loading environment from /home/runner/work/key/key/key.core/../key.ui/examples/InformationFlow/LoopInvariants/loop.IFLoopExamples(loop.IFLoopExamples__secure_doubleNestedWhile(int)).JML operation contract.0.key 
25896      DEBUG main            d.u.i.k.p.i.AbstractProblemLoader Environment load took 103.5ns 
25897      INFO  main            d.u.i.k.p.i.AbstractProblemLoader Creating init config 
28792      DEBUG main            d.u.i.k.p.i.AbstractProblemLoader Init config took 2.9s 
28843      INFO  main            d.u.i.k.p.i.AbstractProblemLoader Replaying proof loop.IFLoopExamples[loop.IFLoopExamples::secure_doubleNestedWhile(int)].JML operation contract.0 
28847      DEBUG main            d.u.i.k.p.i.IntermediateProofReplayer Proof replay took 11.8ns 
29751      INFO  main            d.u.i.k.p.r.p.TestFile    ... finished proof: closed. 
29900      INFO  main            d.u.i.k.p.r.p.TestFile    Now processing file /home/runner/work/key/key/key.core/../key.ui/examples/InformationFlow/LoopInvariants/loop.IFLoopExamples(loop.IFLoopExamples__secure_nestedTwoWhile(int)).JML operation contract.0.key 
29901      INFO  main            d.u.i.k.p.i.AbstractProblemLoader Loading environment from /home/runner/work/key/key/key.core/../key.ui/examples/InformationFlow/LoopInvariants/loop.IFLoopExamples(loop.IFLoopExamples__secure_nestedTwoWhile(int)).JML operation contract.0.key 
29901      DEBUG main            d.u.i.k.p.i.AbstractProblemLoader Environment load took 111ns 
29902      INFO  main            d.u.i.k.p.i.AbstractProblemLoader Creating init config 
32745      DEBUG main            d.u.i.k.p.i.AbstractProblemLoader Init config took 2.84s 
32795      INFO  main            d.u.i.k.p.i.AbstractProblemLoader Replaying proof loop.IFLoopExamples[loop.IFLoopExamples::secure_nestedTwoWhile(int)].JML operation contract.0 
32799      DEBUG main            d.u.i.k.p.i.IntermediateProofReplayer Proof replay took 13.3ns 
33606      INFO  main            d.u.i.k.p.r.p.TestFile    ... finished proof: closed. 
33752      INFO  main            d.u.i.k.p.r.p.TestFile    Now processing file /home/runner/work/key/key/key.core/../key.ui/examples/InformationFlow/LoopInvariants/loop.IFLoopExamples(loop.IFLoopExamples__secure_nestedWhile(int)).JML operation contract.0.key 
33754      INFO  main            d.u.i.k.p.i.AbstractProblemLoader Loading environment from /home/runner/work/key/key/key.core/../key.ui/examples/InformationFlow/LoopInvariants/loop.IFLoopExamples(loop.IFLoopExamples__secure_nestedWhile(int)).JML operation contract.0.key 
33754      DEBUG main            d.u.i.k.p.i.AbstractProblemLoader Environment load took 112.7ns 
33755      INFO  main            d.u.i.k.p.i.AbstractProblemLoader Creating init config 
36597      DEBUG main            d.u.i.k.p.i.AbstractProblemLoader Init config took 2.84s 
36643      INFO  main            d.u.i.k.p.i.AbstractProblemLoader Replaying proof loop.IFLoopExamples[loop.IFLoopExamples::secure_nestedWhile(int)].JML operation contract.0 
36649      DEBUG main            d.u.i.k.p.i.IntermediateProofReplayer Proof replay took 14.1ns 
37153      INFO  main            d.u.i.k.p.r.p.TestFile    ... finished proof: closed. 
37306      INFO  main            d.u.i.k.p.r.p.TestFile    Now processing file /home/runner/work/key/key/key.core/../key.ui/examples/InformationFlow/LoopInvariants/loop.IFLoopExamples(loop.IFLoopExamples__notSecure_while(int)).JML operation contract.0.key 
37307      INFO  main            d.u.i.k.p.i.AbstractProblemLoader Loading environment from /home/runner/work/key/key/key.core/../key.ui/examples/InformationFlow/LoopInvariants/loop.IFLoopExamples(loop.IFLoopExamples__notSecure_while(int)).JML operation contract.0.key 
37307      DEBUG main            d.u.i.k.p.i.AbstractProblemLoader Environment load took 566ns 
37308      INFO  main            d.u.i.k.p.i.AbstractProblemLoader Creating init config 
40123      DEBUG main            d.u.i.k.p.i.AbstractProblemLoader Init config took 2.81s 
40165      INFO  main            d.u.i.k.p.i.AbstractProblemLoader Replaying proof loop.IFLoopExamples[loop.IFLoopExamples::notSecure_while(int)].JML operation contract.0 
40168      DEBUG main            d.u.i.k.p.i.IntermediateProofReplayer Proof replay took 13.2ns 
40373      INFO  main            d.u.i.k.p.r.p.TestFile    ... finished proof: closed. 
40505      INFO  main            d.u.i.k.p.r.p.TestFile    Now processing file /home/runner/work/key/key/key.core/../key.ui/examples/InformationFlow/LoopInvariants/loop.IFLoopExamples(loop.IFLoopExamples__notSecure_while_wrongInv(int)).JML operation contract.0.key 
40506      INFO  main            d.u.i.k.p.i.AbstractProblemLoader Loading environment from /home/runner/work/key/key/key.core/../key.ui/examples/InformationFlow/LoopInvariants/loop.IFLoopExamples(loop.IFLoopExamples__notSecure_while_wrongInv(int)).JML operation contract.0.key 
40506      DEBUG main            d.u.i.k.p.i.AbstractProblemLoader Environment load took 70ns 
40507      INFO  main            d.u.i.k.p.i.AbstractProblemLoader Creating init config 
43307      DEBUG main            d.u.i.k.p.i.AbstractProblemLoader Init config took 2.8s 
43351      INFO  main            d.u.i.k.p.i.AbstractProblemLoader Replaying proof loop.IFLoopExamples[loop.IFLoopExamples::notSecure_while_wrongInv(int)].JML operation contract.0 
43353      DEBUG main            d.u.i.k.p.i.IntermediateProofReplayer Proof replay took 12.5ns 
43561      INFO  main            d.u.i.k.p.r.p.TestFile    ... finished proof: open goal(s) 
43723      INFO  main            d.u.i.k.p.r.p.TestFile    Now processing file /home/runner/work/key/key/key.core/../key.ui/examples/InformationFlow/LoopInvariants/loop.IFLoopExamples(loop.IFLoopExamples__insecure_twoWhile(int)).JML operation contract.0.key 
43723      INFO  main            d.u.i.k.p.i.AbstractProblemLoader Loading environment from /home/runner/work/key/key/key.core/../key.ui/examples/InformationFlow/LoopInvariants/loop.IFLoopExamples(loop.IFLoopExamples__insecure_twoWhile(int)).JML operation contract.0.key 
43724      DEBUG main            d.u.i.k.p.i.AbstractProblemLoader Environment load took 59.8ns 
43725      INFO  main            d.u.i.k.p.i.AbstractProblemLoader Creating init config 
46499      DEBUG main            d.u.i.k.p.i.AbstractProblemLoader Init config took 2.77s 
46539      INFO  main            d.u.i.k.p.i.AbstractProblemLoader Replaying proof loop.IFLoopExamples[loop.IFLoopExamples::insecure_twoWhile(int)].JML operation contract.0 
46541      DEBUG main            d.u.i.k.p.i.IntermediateProofReplayer Proof replay took 11.8ns 
46945      INFO  main            d.u.i.k.p.r.p.TestFile    ... finished proof: closed. 
47102      INFO  main            d.u.i.k.p.r.p.TestFile    Now processing file /home/runner/work/key/key/key.core/../key.ui/examples/InformationFlow/LoopInvariants/loop.IFLoopExamples(loop.IFLoopExamples__insecure_twoWhile_2(int)).JML operation contract.0.key 
47103      INFO  main            d.u.i.k.p.i.AbstractProblemLoader Loading environment from /home/runner/work/key/key/key.core/../key.ui/examples/InformationFlow/LoopInvariants/loop.IFLoopExamples(loop.IFLoopExamples__insecure_twoWhile_2(int)).JML operation contract.0.key 
47103      DEBUG main            d.u.i.k.p.i.AbstractProblemLoader Environment load took 119.4ns 
47104      INFO  main            d.u.i.k.p.i.AbstractProblemLoader Creating init config 
49895      DEBUG main            d.u.i.k.p.i.AbstractProblemLoader Init config took 2.79s 
49938      INFO  main            d.u.i.k.p.i.AbstractProblemLoader Replaying proof loop.IFLoopExamples[loop.IFLoopExamples::insecure_twoWhile_2(int)].JML operation contract.0 
49940      DEBUG main            d.u.i.k.p.i.IntermediateProofReplayer Proof replay took 11.4ns 
50343      INFO  main            d.u.i.k.p.r.p.TestFile    ... finished proof: closed. 
50501      INFO  main            d.u.i.k.p.r.p.TestFile    Now processing file /home/runner/work/key/key/key.core/../key.ui/examples/InformationFlow/LoopInvariants/loop.IFLoopExamples(loop.IFLoopExamples__secure_twoWhile(int)).JML operation contract.0.key 
50501      INFO  main            d.u.i.k.p.i.AbstractProblemLoader Loading environment from /home/runner/work/key/key/key.core/../key.ui/examples/InformationFlow/LoopInvariants/loop.IFLoopExamples(loop.IFLoopExamples__secure_twoWhile(int)).JML operation contract.0.key 
50501      DEBUG main            d.u.i.k.p.i.AbstractProblemLoader Environment load took 117.3ns 
50502      INFO  main            d.u.i.k.p.i.AbstractProblemLoader Creating init config 
53304      DEBUG main            d.u.i.k.p.i.AbstractProblemLoader Init config took 2.8s 
53342      INFO  main            d.u.i.k.p.i.AbstractProblemLoader Replaying proof loop.IFLoopExamples[loop.IFLoopExamples::secure_twoWhile(int)].JML operation contract.0 
53347      DEBUG main            d.u.i.k.p.i.IntermediateProofReplayer Proof replay took 13ns 
53750      INFO  main            d.u.i.k.p.r.p.TestFile    ... finished proof: closed. 
53913      INFO  main            d.u.i.k.p.r.p.TestFile    Now processing file /home/runner/work/key/key/key.core/../key.ui/examples/InformationFlow/LoopInvariants/loop.IFLoopExamples(loop.IFLoopExamples__loc_secure_while(int)).JML operation contract.0.key 
53913      INFO  main            d.u.i.k.p.i.AbstractProblemLoader Loading environment from /home/runner/work/key/key/key.core/../key.ui/examples/InformationFlow/LoopInvariants/loop.IFLoopExamples(loop.IFLoopExamples__loc_secure_while(int)).JML operation contract.0.key 
53913      DEBUG main            d.u.i.k.p.i.AbstractProblemLoader Environment load took 73.9ns 
53914      INFO  main            d.u.i.k.p.i.AbstractProblemLoader Creating init config 
56720      DEBUG main            d.u.i.k.p.i.AbstractProblemLoader Init config took 2.81s 
56768      INFO  main            d.u.i.k.p.i.AbstractProblemLoader Replaying proof loop.IFLoopExamples[loop.IFLoopExamples::loc_secure_while(int)].JML operation contract.0 
56771      DEBUG main            d.u.i.k.p.i.IntermediateProofReplayer Proof replay took 12.2ns 
56977      INFO  main            d.u.i.k.p.r.p.TestFile    ... finished proof: closed. 
57127      INFO  main            d.u.i.k.p.r.p.TestFile    Now processing file /home/runner/work/key/key/key.core/../key.ui/examples/InformationFlow/LoopInvariants/loop.IFLoopExamples(loop.IFLoopExamples__secure_while(int)).JML operation contract.0.key 
57127      INFO  main            d.u.i.k.p.i.AbstractProblemLoader Loading environment from /home/runner/work/key/key/key.core/../key.ui/examples/InformationFlow/LoopInvariants/loop.IFLoopExamples(loop.IFLoopExamples__secure_while(int)).JML operation contract.0.key 
57127      DEBUG main            d.u.i.k.p.i.AbstractProblemLoader Environment load took 87.9ns 
57128      INFO  main            d.u.i.k.p.i.AbstractProblemLoader Creating init config 
59878      DEBUG main            d.u.i.k.p.i.AbstractProblemLoader Init config took 2.75s 
59931      INFO  main            d.u.i.k.p.i.AbstractProblemLoader Replaying proof loop.IFLoopExamples[loop.IFLoopExamples::secure_while(int)].JML operation contract.0 
59934      DEBUG main            d.u.i.k.p.i.IntermediateProofReplayer Proof replay took 14.1ns 
60137      INFO  main            d.u.i.k.p.r.p.TestFile    ... finished proof: closed. 
60297      INFO  main            d.u.i.k.p.r.p.TestFile    Now processing file /home/runner/work/key/key/key.core/../key.ui/examples/InformationFlow/LoopInvariants/loop.IFLoopExamples(loop.IFLoopExamples__print(int)).JML normal_behavior operation contract.0.key 
60298      INFO  main            d.u.i.k.p.i.AbstractProblemLoader Loading environment from /home/runner/work/key/key/key.core/../key.ui/examples/InformationFlow/LoopInvariants/loop.IFLoopExamples(loop.IFLoopExamples__print(int)).JML normal_behavior operation contract.0.key 
60298      DEBUG main            d.u.i.k.p.i.AbstractProblemLoader Environment load took 94.4ns 
60299      INFO  main            d.u.i.k.p.i.AbstractProblemLoader Creating init config 
63050      DEBUG main            d.u.i.k.p.i.AbstractProblemLoader Init config took 2.75s 
63087      INFO  main            d.u.i.k.p.i.AbstractProblemLoader Replaying proof loop.IFLoopExamples[loop.IFLoopExamples::print(int)].JML normal_behavior operation contract.0 
63089      DEBUG main            d.u.i.k.p.i.IntermediateProofReplayer Proof replay took 12.2ns 
63192      INFO  main            d.u.i.k.p.r.p.TestFile    ... finished proof: closed. 
63343      INFO  main            d.u.i.k.p.r.p.TestFile    Now processing file /home/runner/work/key/key/key.core/../key.ui/examples/InformationFlow/LoopInvariants/loop.IFLoopExamples(loop.IFLoopExamples__hammer(int)).JML normal_behavior operation contract.0.key 
63343      INFO  main            d.u.i.k.p.i.AbstractProblemLoader Loading environment from /home/runner/work/key/key/key.core/../key.ui/examples/InformationFlow/LoopInvariants/loop.IFLoopExamples(loop.IFLoopExamples__hammer(int)).JML normal_behavior operation contract.0.key 
63343      DEBUG main            d.u.i.k.p.i.AbstractProblemLoader Environment load took 74.5ns 
63344      INFO  main            d.u.i.k.p.i.AbstractProblemLoader Creating init config 
66069      DEBUG main            d.u.i.k.p.i.AbstractProblemLoader Init config took 2.73s 
66106      INFO  main            d.u.i.k.p.i.AbstractProblemLoader Replaying proof loop.IFLoopExamples[loop.IFLoopExamples::hammer(int)].JML normal_behavior operation contract.0 
66109      DEBUG main            d.u.i.k.p.i.IntermediateProofReplayer Proof replay took 13.2ns 
66523      INFO  main            d.u.i.k.p.r.p.TestFile    ... finished proof: closed. 
354939     INFO  Test worker     d.u.i.k.p.r.RunAllProofsTestUnit Returning from test LoopInvariants 
354940     INFO  Test worker     d.u.i.k.p.r.RunAllProofsTestUnit Running test MiniExamples 
363        INFO  Timeout watchdog d.u.i.k.p.r.p.ForkedTestFileRunner Timeout watcher launched (1000 secs.) 
373        WARN  main            d.u.i.k.s.ProofSettings   The settings in /home/runner/.key/proof-settings.props are *not* read. 
405        INFO  main            d.u.i.k.p.r.p.TestFile    Now processing file /home/runner/work/key/key/key.core/../key.ui/examples/InformationFlow/MiniExamples/mini.AliasingExamples(mini.AliasingExamples__insecure_1(mini.AliasingExamples,mini.AliasingExamples,int)).JML operation contract.0.key 
516        INFO  main            d.u.i.k.p.i.AbstractProblemLoader Loading environment from /home/runner/work/key/key/key.core/../key.ui/examples/InformationFlow/MiniExamples/mini.AliasingExamples(mini.AliasingExamples__insecure_1(mini.AliasingExamples,mini.AliasingExamples,int)).JML operation contract.0.key 
534        DEBUG main            d.u.i.k.p.i.AbstractProblemLoader Environment load took 2.33ms 
745        INFO  main            d.u.i.k.p.i.AbstractProblemLoader Creating init config 
1737       DEBUG main            d.u.i.k.j.TypeConverter   No LDT found for Meta 
1738       DEBUG main            d.u.i.k.j.TypeConverter   No LDT found for Meta 
1739       DEBUG main            d.u.i.k.j.TypeConverter   No LDT found for Meta 
1739       DEBUG main            d.u.i.k.j.TypeConverter   No LDT found for Meta 
2925       DEBUG main            d.u.i.k.j.TypeConverter   No LDT found for JavaBigintExpression 
7865       DEBUG main            d.u.i.k.p.i.AbstractProblemLoader Init config took 7.12s 
7990       INFO  main            d.u.i.k.p.i.AbstractProblemLoader Replaying proof mini.AliasingExamples[mini.AliasingExamples::insecure_1(mini.AliasingExamples,mini.AliasingExamples,int)].JML operation contract.0 
8022       DEBUG main            d.u.i.k.p.i.IntermediateProofReplayer Proof replay took 324.9ns 
8576       INFO  main            d.u.i.k.p.r.p.TestFile    ... finished proof: closed. 
8674       INFO  main            d.u.i.k.p.r.p.TestFile    Now processing file /home/runner/work/key/key/key.core/../key.ui/examples/InformationFlow/MiniExamples/mini.AliasingExamples(mini.AliasingExamples__secure_1(mini.AliasingExamples,mini.AliasingExamples,int)).JML operation contract.0.key 
8674       INFO  main            d.u.i.k.p.i.AbstractProblemLoader Loading environment from /home/runner/work/key/key/key.core/../key.ui/examples/InformationFlow/MiniExamples/mini.AliasingExamples(mini.AliasingExamples__secure_1(mini.AliasingExamples,mini.AliasingExamples,int)).JML operation contract.0.key 
8675       DEBUG main            d.u.i.k.p.i.AbstractProblemLoader Environment load took 86.2ns 
8676       INFO  main            d.u.i.k.p.i.AbstractProblemLoader Creating init config 
11363      DEBUG main            d.u.i.k.p.i.AbstractProblemLoader Init config took 2.69s 
11436      INFO  main            d.u.i.k.p.i.AbstractProblemLoader Replaying proof mini.AliasingExamples[mini.AliasingExamples::secure_1(mini.AliasingExamples,mini.AliasingExamples,int)].JML operation contract.0 
11440      DEBUG main            d.u.i.k.p.i.IntermediateProofReplayer Proof replay took 11.8ns 
11643      INFO  main            d.u.i.k.p.r.p.TestFile    ... finished proof: closed. 
11747      INFO  main            d.u.i.k.p.r.p.TestFile    Now processing file /home/runner/work/key/key/key.core/../key.ui/examples/InformationFlow/MiniExamples/mini.MiniExamplesLecture(mini.MiniExamplesLecture__m_6()).JML normal_behavior operation contract.0.key 
11747      INFO  main            d.u.i.k.p.i.AbstractProblemLoader Loading environment from /home/runner/work/key/key/key.core/../key.ui/examples/InformationFlow/MiniExamples/mini.MiniExamplesLecture(mini.MiniExamplesLecture__m_6()).JML normal_behavior operation contract.0.key 
11747      DEBUG main            d.u.i.k.p.i.AbstractProblemLoader Environment load took 102.5ns 
11749      INFO  main            d.u.i.k.p.i.AbstractProblemLoader Creating init config 
14335      DEBUG main            d.u.i.k.p.i.AbstractProblemLoader Init config took 2.59s 
14404      INFO  main            d.u.i.k.p.i.AbstractProblemLoader Replaying proof mini.MiniExamplesLecture[mini.MiniExamplesLecture::m_6()].JML normal_behavior operation contract.0 
14407      DEBUG main            d.u.i.k.p.i.IntermediateProofReplayer Proof replay took 32.5ns 
14509      INFO  main            d.u.i.k.p.r.p.TestFile    ... finished proof: closed. 
14619      INFO  main            d.u.i.k.p.r.p.TestFile    Now processing file /home/runner/work/key/key/key.core/../key.ui/examples/InformationFlow/MiniExamples/mini.MiniExamplesLecture(mini.MiniExamplesLecture__m_5()).JML normal_behavior operation contract.0.key 
14619      INFO  main            d.u.i.k.p.i.AbstractProblemLoader Loading environment from /home/runner/work/key/key/key.core/../key.ui/examples/InformationFlow/MiniExamples/mini.MiniExamplesLecture(mini.MiniExamplesLecture__m_5()).JML normal_behavior operation contract.0.key 
14619      DEBUG main            d.u.i.k.p.i.AbstractProblemLoader Environment load took 125.4ns 
14621      INFO  main            d.u.i.k.p.i.AbstractProblemLoader Creating init config 
17170      DEBUG main            d.u.i.k.p.i.AbstractProblemLoader Init config took 2.55s 
17219      INFO  main            d.u.i.k.p.i.AbstractProblemLoader Replaying proof mini.MiniExamplesLecture[mini.MiniExamplesLecture::m_5()].JML normal_behavior operation contract.0 
17222      DEBUG main            d.u.i.k.p.i.IntermediateProofReplayer Proof replay took 12.6ns 
17325      INFO  main            d.u.i.k.p.r.p.TestFile    ... finished proof: closed. 
17440      INFO  main            d.u.i.k.p.r.p.TestFile    Now processing file /home/runner/work/key/key/key.core/../key.ui/examples/InformationFlow/MiniExamples/mini.MiniExamplesLecture(mini.MiniExamplesLecture__m_4()).JML normal_behavior operation contract.0.key 
17440      INFO  main            d.u.i.k.p.i.AbstractProblemLoader Loading environment from /home/runner/work/key/key/key.core/../key.ui/examples/InformationFlow/MiniExamples/mini.MiniExamplesLecture(mini.MiniExamplesLecture__m_4()).JML normal_behavior operation contract.0.key 
17440      DEBUG main            d.u.i.k.p.i.AbstractProblemLoader Environment load took 85.3ns 
17442      INFO  main            d.u.i.k.p.i.AbstractProblemLoader Creating init config 
19954      DEBUG main            d.u.i.k.p.i.AbstractProblemLoader Init config took 2.51s 
20002      INFO  main            d.u.i.k.p.i.AbstractProblemLoader Replaying proof mini.MiniExamplesLecture[mini.MiniExamplesLecture::m_4()].JML normal_behavior operation contract.0 
20005      DEBUG main            d.u.i.k.p.i.IntermediateProofReplayer Proof replay took 11.9ns 
20110      INFO  main            d.u.i.k.p.r.p.TestFile    ... finished proof: closed. 
20273      INFO  main            d.u.i.k.p.r.p.TestFile    Now processing file /home/runner/work/key/key/key.core/../key.ui/examples/InformationFlow/MiniExamples/mini.MiniExamplesLecture(mini.MiniExamplesLecture__m_3()).JML normal_behavior operation contract.0.key 
20273      INFO  main            d.u.i.k.p.i.AbstractProblemLoader Loading environment from /home/runner/work/key/key/key.core/../key.ui/examples/InformationFlow/MiniExamples/mini.MiniExamplesLecture(mini.MiniExamplesLecture__m_3()).JML normal_behavior operation contract.0.key 
20274      DEBUG main            d.u.i.k.p.i.AbstractProblemLoader Environment load took 68.9ns 
20275      INFO  main            d.u.i.k.p.i.AbstractProblemLoader Creating init config 
22794      DEBUG main            d.u.i.k.p.i.AbstractProblemLoader Init config took 2.52s 
22838      INFO  main            d.u.i.k.p.i.AbstractProblemLoader Replaying proof mini.MiniExamplesLecture[mini.MiniExamplesLecture::m_3()].JML normal_behavior operation contract.0 
22841      DEBUG main            d.u.i.k.p.i.IntermediateProofReplayer Proof replay took 11.3ns 
22943      INFO  main            d.u.i.k.p.r.p.TestFile    ... finished proof: closed. 
23074      INFO  main            d.u.i.k.p.r.p.TestFile    Now processing file /home/runner/work/key/key/key.core/../key.ui/examples/InformationFlow/MiniExamples/mini.MiniExamplesLecture(mini.MiniExamplesLecture__m_2()).JML normal_behavior operation contract.0.key 
23076      INFO  main            d.u.i.k.p.i.AbstractProblemLoader Loading environment from /home/runner/work/key/key/key.core/../key.ui/examples/InformationFlow/MiniExamples/mini.MiniExamplesLecture(mini.MiniExamplesLecture__m_2()).JML normal_behavior operation contract.0.key 
23076      DEBUG main            d.u.i.k.p.i.AbstractProblemLoader Environment load took 122.2ns 
23077      INFO  main            d.u.i.k.p.i.AbstractProblemLoader Creating init config 
25511      DEBUG main            d.u.i.k.p.i.AbstractProblemLoader Init config took 2.43s 
25553      INFO  main            d.u.i.k.p.i.AbstractProblemLoader Replaying proof mini.MiniExamplesLecture[mini.MiniExamplesLecture::m_2()].JML normal_behavior operation contract.0 
25556      DEBUG main            d.u.i.k.p.i.IntermediateProofReplayer Proof replay took 10.6ns 
25658      INFO  main            d.u.i.k.p.r.p.TestFile    ... finished proof: closed. 
25778      INFO  main            d.u.i.k.p.r.p.TestFile    Now processing file /home/runner/work/key/key/key.core/../key.ui/examples/InformationFlow/MiniExamples/mini.MiniExamplesLecture(mini.MiniExamplesLecture__m_1()).JML normal_behavior operation contract.0.key 
25779      INFO  main            d.u.i.k.p.i.AbstractProblemLoader Loading environment from /home/runner/work/key/key/key.core/../key.ui/examples/InformationFlow/MiniExamples/mini.MiniExamplesLecture(mini.MiniExamplesLecture__m_1()).JML normal_behavior operation contract.0.key 
25779      DEBUG main            d.u.i.k.p.i.AbstractProblemLoader Environment load took 68.6ns 
25780      INFO  main            d.u.i.k.p.i.AbstractProblemLoader Creating init config 
28222      DEBUG main            d.u.i.k.p.i.AbstractProblemLoader Init config took 2.44s 
28264      INFO  main            d.u.i.k.p.i.AbstractProblemLoader Replaying proof mini.MiniExamplesLecture[mini.MiniExamplesLecture::m_1()].JML normal_behavior operation contract.0 
28267      DEBUG main            d.u.i.k.p.i.IntermediateProofReplayer Proof replay took 12.8ns 
28369      INFO  main            d.u.i.k.p.r.p.TestFile    ... finished proof: closed. 
28503      INFO  main            d.u.i.k.p.r.p.TestFile    Now processing file /home/runner/work/key/key/key.core/../key.ui/examples/InformationFlow/MiniExamples/mini.DifferenceSeqLocset(mini.DifferenceSeqLocset__m()).JML normal_behavior operation contract.1.key 
28504      INFO  main            d.u.i.k.p.i.AbstractProblemLoader Loading environment from /home/runner/work/key/key/key.core/../key.ui/examples/InformationFlow/MiniExamples/mini.DifferenceSeqLocset(mini.DifferenceSeqLocset__m()).JML normal_behavior operation contract.1.key 
28504      DEBUG main            d.u.i.k.p.i.AbstractProblemLoader Environment load took 119.3ns 
28505      INFO  main            d.u.i.k.p.i.AbstractProblemLoader Creating init config 
30958      DEBUG main            d.u.i.k.p.i.AbstractProblemLoader Init config took 2.45s 
31005      INFO  main            d.u.i.k.p.i.AbstractProblemLoader Replaying proof mini.DifferenceSeqLocset[mini.DifferenceSeqLocset::m()].JML normal_behavior operation contract.1 
31009      DEBUG main            d.u.i.k.p.i.IntermediateProofReplayer Proof replay took 13.4ns 
31212      INFO  main            d.u.i.k.p.r.p.TestFile    ... finished proof: closed. 
31348      INFO  main            d.u.i.k.p.r.p.TestFile    Now processing file /home/runner/work/key/key/key.core/../key.ui/examples/InformationFlow/MiniExamples/mini.DifferenceSeqLocset(mini.DifferenceSeqLocset__m()).JML normal_behavior operation contract.0.key 
31349      INFO  main            d.u.i.k.p.i.AbstractProblemLoader Loading environment from /home/runner/work/key/key/key.core/../key.ui/examples/InformationFlow/MiniExamples/mini.DifferenceSeqLocset(mini.DifferenceSeqLocset__m()).JML normal_behavior operation contract.0.key 
31349      DEBUG main            d.u.i.k.p.i.AbstractProblemLoader Environment load took 62.4ns 
31350      INFO  main            d.u.i.k.p.i.AbstractProblemLoader Creating init config 
33740      DEBUG main            d.u.i.k.p.i.AbstractProblemLoader Init config took 2.39s 
33784      INFO  main            d.u.i.k.p.i.AbstractProblemLoader Replaying proof mini.DifferenceSeqLocset[mini.DifferenceSeqLocset::m()].JML normal_behavior operation contract.0 
33786      DEBUG main            d.u.i.k.p.i.IntermediateProofReplayer Proof replay took 13ns 
33989      INFO  main            d.u.i.k.p.r.p.TestFile    ... finished proof: closed. 
34116      INFO  main            d.u.i.k.p.r.p.TestFile    Now processing file /home/runner/work/key/key/key.core/../key.ui/examples/InformationFlow/MiniExamples/mini.MiniExamples(mini.MiniExamples__secure_p2_8()).JML normal_behavior operation contract.0.key 
34117      INFO  main            d.u.i.k.p.i.AbstractProblemLoader Loading environment from /home/runner/work/key/key/key.core/../key.ui/examples/InformationFlow/MiniExamples/mini.MiniExamples(mini.MiniExamples__secure_p2_8()).JML normal_behavior operation contract.0.key 
34117      DEBUG main            d.u.i.k.p.i.AbstractProblemLoader Environment load took 100.5ns 
34118      INFO  main            d.u.i.k.p.i.AbstractProblemLoader Creating init config 
36521      DEBUG main            d.u.i.k.p.i.AbstractProblemLoader Init config took 2.4s 
36570      INFO  main            d.u.i.k.p.i.AbstractProblemLoader Replaying proof mini.MiniExamples[mini.MiniExamples::secure_p2_8()].JML normal_behavior operation contract.0 
36573      DEBUG main            d.u.i.k.p.i.IntermediateProofReplayer Proof replay took 13.5ns 
36676      INFO  main            d.u.i.k.p.r.p.TestFile    ... finished proof: closed. 
36806      INFO  main            d.u.i.k.p.r.p.TestFile    Now processing file /home/runner/work/key/key/key.core/../key.ui/examples/InformationFlow/MiniExamples/mini.MiniExamples(mini.MiniExamples__secure_parameter(int)).JML operation contract.0.key 
36807      INFO  main            d.u.i.k.p.i.AbstractProblemLoader Loading environment from /home/runner/work/key/key/key.core/../key.ui/examples/InformationFlow/MiniExamples/mini.MiniExamples(mini.MiniExamples__secure_parameter(int)).JML operation contract.0.key 
36807      DEBUG main            d.u.i.k.p.i.AbstractProblemLoader Environment load took 107.1ns 
36808      INFO  main            d.u.i.k.p.i.AbstractProblemLoader Creating init config 
39222      DEBUG main            d.u.i.k.p.i.AbstractProblemLoader Init config took 2.41s 
39264      INFO  main            d.u.i.k.p.i.AbstractProblemLoader Replaying proof mini.MiniExamples[mini.MiniExamples::secure_parameter(int)].JML operation contract.0 
39268      DEBUG main            d.u.i.k.p.i.IntermediateProofReplayer Proof replay took 12.7ns 
39370      INFO  main            d.u.i.k.p.r.p.TestFile    ... finished proof: closed. 
39504      INFO  main            d.u.i.k.p.r.p.TestFile    Now processing file /home/runner/work/key/key/key.core/../key.ui/examples/InformationFlow/MiniExamples/mini.MiniExamples(mini.MiniExamples__secure_p2_7()).JML normal_behavior operation contract.0.key 
39505      INFO  main            d.u.i.k.p.i.AbstractProblemLoader Loading environment from /home/runner/work/key/key/key.core/../key.ui/examples/InformationFlow/MiniExamples/mini.MiniExamples(mini.MiniExamples__secure_p2_7()).JML normal_behavior operation contract.0.key 
39505      DEBUG main            d.u.i.k.p.i.AbstractProblemLoader Environment load took 62.3ns 
39506      INFO  main            d.u.i.k.p.i.AbstractProblemLoader Creating init config 
41917      DEBUG main            d.u.i.k.p.i.AbstractProblemLoader Init config took 2.41s 
41957      INFO  main            d.u.i.k.p.i.AbstractProblemLoader Replaying proof mini.MiniExamples[mini.MiniExamples::secure_p2_7()].JML normal_behavior operation contract.0 
41960      DEBUG main            d.u.i.k.p.i.IntermediateProofReplayer Proof replay took 11.4ns 
42062      INFO  main            d.u.i.k.p.r.p.TestFile    ... finished proof: closed. 
42207      INFO  main            d.u.i.k.p.r.p.TestFile    Now processing file /home/runner/work/key/key/key.core/../key.ui/examples/InformationFlow/MiniExamples/mini.MiniExamples(mini.MiniExamples__insecure_p2_2()).JML normal_behavior operation contract.0.key 
42207      INFO  main            d.u.i.k.p.i.AbstractProblemLoader Loading environment from /home/runner/work/key/key/key.core/../key.ui/examples/InformationFlow/MiniExamples/mini.MiniExamples(mini.MiniExamples__insecure_p2_2()).JML normal_behavior operation contract.0.key 
42207      DEBUG main            d.u.i.k.p.i.AbstractProblemLoader Environment load took 69ns 
42208      INFO  main            d.u.i.k.p.i.AbstractProblemLoader Creating init config 
44629      DEBUG main            d.u.i.k.p.i.AbstractProblemLoader Init config took 2.42s 
44667      INFO  main            d.u.i.k.p.i.AbstractProblemLoader Replaying proof mini.MiniExamples[mini.MiniExamples::insecure_p2_2()].JML normal_behavior operation contract.0 
44670      DEBUG main            d.u.i.k.p.i.IntermediateProofReplayer Proof replay took 13.7ns 
44772      INFO  main            d.u.i.k.p.r.p.TestFile    ... finished proof: closed. 
44913      INFO  main            d.u.i.k.p.r.p.TestFile    Now processing file /home/runner/work/key/key/key.core/../key.ui/examples/InformationFlow/MiniExamples/mini.MiniExamples(mini.MiniExamples__secure_p2_6()).JML normal_behavior operation contract.0.key 
44913      INFO  main            d.u.i.k.p.i.AbstractProblemLoader Loading environment from /home/runner/work/key/key/key.core/../key.ui/examples/InformationFlow/MiniExamples/mini.MiniExamples(mini.MiniExamples__secure_p2_6()).JML normal_behavior operation contract.0.key 
44913      DEBUG main            d.u.i.k.p.i.AbstractProblemLoader Environment load took 57ns 
44914      INFO  main            d.u.i.k.p.i.AbstractProblemLoader Creating init config 
47317      DEBUG main            d.u.i.k.p.i.AbstractProblemLoader Init config took 2.4s 
47354      INFO  main            d.u.i.k.p.i.AbstractProblemLoader Replaying proof mini.MiniExamples[mini.MiniExamples::secure_p2_6()].JML normal_behavior operation contract.0 
47357      DEBUG main            d.u.i.k.p.i.IntermediateProofReplayer Proof replay took 13.7ns 
47459      INFO  main            d.u.i.k.p.r.p.TestFile    ... finished proof: closed. 
47602      INFO  main            d.u.i.k.p.r.p.TestFile    Now processing file /home/runner/work/key/key/key.core/../key.ui/examples/InformationFlow/MiniExamples/mini.MiniExamples(mini.MiniExamples__secure_p2_5()).JML normal_behavior operation contract.0.key 
47602      INFO  main            d.u.i.k.p.i.AbstractProblemLoader Loading environment from /home/runner/work/key/key/key.core/../key.ui/examples/InformationFlow/MiniExamples/mini.MiniExamples(mini.MiniExamples__secure_p2_5()).JML normal_behavior operation contract.0.key 
47602      DEBUG main            d.u.i.k.p.i.AbstractProblemLoader Environment load took 61.9ns 
47603      INFO  main            d.u.i.k.p.i.AbstractProblemLoader Creating init config 
50025      DEBUG main            d.u.i.k.p.i.AbstractProblemLoader Init config took 2.42s 
50063      INFO  main            d.u.i.k.p.i.AbstractProblemLoader Replaying proof mini.MiniExamples[mini.MiniExamples::secure_p2_5()].JML normal_behavior operation contract.0 
50065      DEBUG main            d.u.i.k.p.i.IntermediateProofReplayer Proof replay took 12ns 
50167      INFO  main            d.u.i.k.p.r.p.TestFile    ... finished proof: closed. 
50319      INFO  main            d.u.i.k.p.r.p.TestFile    Now processing file /home/runner/work/key/key/key.core/../key.ui/examples/InformationFlow/MiniExamples/mini.MiniExamples(mini.MiniExamples__secure_p2_4()).JML normal_behavior operation contract.0.key 
50320      INFO  main            d.u.i.k.p.i.AbstractProblemLoader Loading environment from /home/runner/work/key/key/key.core/../key.ui/examples/InformationFlow/MiniExamples/mini.MiniExamples(mini.MiniExamples__secure_p2_4()).JML normal_behavior operation contract.0.key 
50320      DEBUG main            d.u.i.k.p.i.AbstractProblemLoader Environment load took 56.7ns 
50321      INFO  main            d.u.i.k.p.i.AbstractProblemLoader Creating init config 
52703      DEBUG main            d.u.i.k.p.i.AbstractProblemLoader Init config took 2.38s 
52741      INFO  main            d.u.i.k.p.i.AbstractProblemLoader Replaying proof mini.MiniExamples[mini.MiniExamples::secure_p2_4()].JML normal_behavior operation contract.0 
52743      DEBUG main            d.u.i.k.p.i.IntermediateProofReplayer Proof replay took 11.9ns 
52845      INFO  main            d.u.i.k.p.r.p.TestFile    ... finished proof: closed. 
52996      INFO  main            d.u.i.k.p.r.p.TestFile    Now processing file /home/runner/work/key/key/key.core/../key.ui/examples/InformationFlow/MiniExamples/mini.MiniExamples(mini.MiniExamples__secure_p2_3()).JML normal_behavior operation contract.0.key 
52996      INFO  main            d.u.i.k.p.i.AbstractProblemLoader Loading environment from /home/runner/work/key/key/key.core/../key.ui/examples/InformationFlow/MiniExamples/mini.MiniExamples(mini.MiniExamples__secure_p2_3()).JML normal_behavior operation contract.0.key 
52996      DEBUG main            d.u.i.k.p.i.AbstractProblemLoader Environment load took 59.8ns 
52998      INFO  main            d.u.i.k.p.i.AbstractProblemLoader Creating init config 
55407      DEBUG main            d.u.i.k.p.i.AbstractProblemLoader Init config took 2.41s 
55458      INFO  main            d.u.i.k.p.i.AbstractProblemLoader Replaying proof mini.MiniExamples[mini.MiniExamples::secure_p2_3()].JML normal_behavior operation contract.0 
55462      DEBUG main            d.u.i.k.p.i.IntermediateProofReplayer Proof replay took 13.2ns 
55564      INFO  main            d.u.i.k.p.r.p.TestFile    ... finished proof: closed. 
55716      INFO  main            d.u.i.k.p.r.p.TestFile    Now processing file /home/runner/work/key/key/key.core/../key.ui/examples/InformationFlow/MiniExamples/mini.MiniExamples(mini.MiniExamples__secure_p2_2()).JML normal_behavior operation contract.0.key 
55717      INFO  main            d.u.i.k.p.i.AbstractProblemLoader Loading environment from /home/runner/work/key/key/key.core/../key.ui/examples/InformationFlow/MiniExamples/mini.MiniExamples(mini.MiniExamples__secure_p2_2()).JML normal_behavior operation contract.0.key 
55717      DEBUG main            d.u.i.k.p.i.AbstractProblemLoader Environment load took 120.6ns 
55718      INFO  main            d.u.i.k.p.i.AbstractProblemLoader Creating init config 
58106      DEBUG main            d.u.i.k.p.i.AbstractProblemLoader Init config took 2.39s 
58150      INFO  main            d.u.i.k.p.i.AbstractProblemLoader Replaying proof mini.MiniExamples[mini.MiniExamples::secure_p2_2()].JML normal_behavior operation contract.0 
58152      DEBUG main            d.u.i.k.p.i.IntermediateProofReplayer Proof replay took 12.3ns 
58254      INFO  main            d.u.i.k.p.r.p.TestFile    ... finished proof: closed. 
58436      INFO  main            d.u.i.k.p.r.p.TestFile    Now processing file /home/runner/work/key/key/key.core/../key.ui/examples/InformationFlow/MiniExamples/mini.MiniExamples(mini.MiniExamples__secure_p2_1()).JML normal_behavior operation contract.0.key 
58436      INFO  main            d.u.i.k.p.i.AbstractProblemLoader Loading environment from /home/runner/work/key/key/key.core/../key.ui/examples/InformationFlow/MiniExamples/mini.MiniExamples(mini.MiniExamples__secure_p2_1()).JML normal_behavior operation contract.0.key 
58436      DEBUG main            d.u.i.k.p.i.AbstractProblemLoader Environment load took 430.2ns 
58438      INFO  main            d.u.i.k.p.i.AbstractProblemLoader Creating init config 
60834      DEBUG main            d.u.i.k.p.i.AbstractProblemLoader Init config took 2.4s 
60870      INFO  main            d.u.i.k.p.i.AbstractProblemLoader Replaying proof mini.MiniExamples[mini.MiniExamples::secure_p2_1()].JML normal_behavior operation contract.0 
60872      DEBUG main            d.u.i.k.p.i.IntermediateProofReplayer Proof replay took 13.1ns 
60975      INFO  main            d.u.i.k.p.r.p.TestFile    ... finished proof: closed. 
61132      INFO  main            d.u.i.k.p.r.p.TestFile    Now processing file /home/runner/work/key/key/key.core/../key.ui/examples/InformationFlow/MiniExamples/mini.MiniExamples(mini.MiniExamples__insecure_p2_1()).JML normal_behavior operation contract.0.key 
61133      INFO  main            d.u.i.k.p.i.AbstractProblemLoader Loading environment from /home/runner/work/key/key/key.core/../key.ui/examples/InformationFlow/MiniExamples/mini.MiniExamples(mini.MiniExamples__insecure_p2_1()).JML normal_behavior operation contract.0.key 
61133      DEBUG main            d.u.i.k.p.i.AbstractProblemLoader Environment load took 58.8ns 
61134      INFO  main            d.u.i.k.p.i.AbstractProblemLoader Creating init config 
63498      DEBUG main            d.u.i.k.p.i.AbstractProblemLoader Init config took 2.36s 
63535      INFO  main            d.u.i.k.p.i.AbstractProblemLoader Replaying proof mini.MiniExamples[mini.MiniExamples::insecure_p2_1()].JML normal_behavior operation contract.0 
63542      DEBUG main            d.u.i.k.p.i.IntermediateProofReplayer Proof replay took 18ns 
63644      INFO  main            d.u.i.k.p.r.p.TestFile    ... finished proof: closed. 
63808      INFO  main            d.u.i.k.p.r.p.TestFile    Now processing file /home/runner/work/key/key/key.core/../key.ui/examples/InformationFlow/MiniExamples/mini.MiniExamples(mini.MiniExamples__secure_p1_6()).JML normal_behavior operation contract.0.key 
63808      INFO  main            d.u.i.k.p.i.AbstractProblemLoader Loading environment from /home/runner/work/key/key/key.core/../key.ui/examples/InformationFlow/MiniExamples/mini.MiniExamples(mini.MiniExamples__secure_p1_6()).JML normal_behavior operation contract.0.key 
63808      DEBUG main            d.u.i.k.p.i.AbstractProblemLoader Environment load took 59.1ns 
63810      INFO  main            d.u.i.k.p.i.AbstractProblemLoader Creating init config 
66201      DEBUG main            d.u.i.k.p.i.AbstractProblemLoader Init config took 2.39s 
66237      INFO  main            d.u.i.k.p.i.AbstractProblemLoader Replaying proof mini.MiniExamples[mini.MiniExamples::secure_p1_6()].JML normal_behavior operation contract.0 
66240      DEBUG main            d.u.i.k.p.i.IntermediateProofReplayer Proof replay took 12.9ns 
66342      INFO  main            d.u.i.k.p.r.p.TestFile    ... finished proof: closed. 
66509      INFO  main            d.u.i.k.p.r.p.TestFile    Now processing file /home/runner/work/key/key/key.core/../key.ui/examples/InformationFlow/MiniExamples/mini.MiniExamples(mini.MiniExamples__secure_p1_5()).JML normal_behavior operation contract.0.key 
66510      INFO  main            d.u.i.k.p.i.AbstractProblemLoader Loading environment from /home/runner/work/key/key/key.core/../key.ui/examples/InformationFlow/MiniExamples/mini.MiniExamples(mini.MiniExamples__secure_p1_5()).JML normal_behavior operation contract.0.key 
66510      DEBUG main            d.u.i.k.p.i.AbstractProblemLoader Environment load took 64ns 
66511      INFO  main            d.u.i.k.p.i.AbstractProblemLoader Creating init config 
68877      DEBUG main            d.u.i.k.p.i.AbstractProblemLoader Init config took 2.37s 
68912      INFO  main            d.u.i.k.p.i.AbstractProblemLoader Replaying proof mini.MiniExamples[mini.MiniExamples::secure_p1_5()].JML normal_behavior operation contract.0 
68915      DEBUG main            d.u.i.k.p.i.IntermediateProofReplayer Proof replay took 13ns 
69018      INFO  main            d.u.i.k.p.r.p.TestFile    ... finished proof: closed. 
69191      INFO  main            d.u.i.k.p.r.p.TestFile    Now processing file /home/runner/work/key/key/key.core/../key.ui/examples/InformationFlow/MiniExamples/mini.MiniExamples(mini.MiniExamples__secure_p1_4()).JML normal_behavior operation contract.0.key 
69192      INFO  main            d.u.i.k.p.i.AbstractProblemLoader Loading environment from /home/runner/work/key/key/key.core/../key.ui/examples/InformationFlow/MiniExamples/mini.MiniExamples(mini.MiniExamples__secure_p1_4()).JML normal_behavior operation contract.0.key 
69192      DEBUG main            d.u.i.k.p.i.AbstractProblemLoader Environment load took 68ns 
69193      INFO  main            d.u.i.k.p.i.AbstractProblemLoader Creating init config 
71554      DEBUG main            d.u.i.k.p.i.AbstractProblemLoader Init config took 2.36s 
71589      INFO  main            d.u.i.k.p.i.AbstractProblemLoader Replaying proof mini.MiniExamples[mini.MiniExamples::secure_p1_4()].JML normal_behavior operation contract.0 
71591      DEBUG main            d.u.i.k.p.i.IntermediateProofReplayer Proof replay took 12.9ns 
71694      INFO  main            d.u.i.k.p.r.p.TestFile    ... finished proof: closed. 
71882      INFO  main            d.u.i.k.p.r.p.TestFile    Now processing file /home/runner/work/key/key/key.core/../key.ui/examples/InformationFlow/MiniExamples/mini.MiniExamples(mini.MiniExamples__secure_p1_3()).JML normal_behavior operation contract.0.key 
71882      INFO  main            d.u.i.k.p.i.AbstractProblemLoader Loading environment from /home/runner/work/key/key/key.core/../key.ui/examples/InformationFlow/MiniExamples/mini.MiniExamples(mini.MiniExamples__secure_p1_3()).JML normal_behavior operation contract.0.key 
71882      DEBUG main            d.u.i.k.p.i.AbstractProblemLoader Environment load took 53.3ns 
71883      INFO  main            d.u.i.k.p.i.AbstractProblemLoader Creating init config 
74233      DEBUG main            d.u.i.k.p.i.AbstractProblemLoader Init config took 2.35s 
74270      INFO  main            d.u.i.k.p.i.AbstractProblemLoader Replaying proof mini.MiniExamples[mini.MiniExamples::secure_p1_3()].JML normal_behavior operation contract.0 
74273      DEBUG main            d.u.i.k.p.i.IntermediateProofReplayer Proof replay took 13.9ns 
74375      INFO  main            d.u.i.k.p.r.p.TestFile    ... finished proof: closed. 
74547      INFO  main            d.u.i.k.p.r.p.TestFile    Now processing file /home/runner/work/key/key/key.core/../key.ui/examples/InformationFlow/MiniExamples/mini.MiniExamples(mini.MiniExamples__secure_p1_2()).JML normal_behavior operation contract.0.key 
74547      INFO  main            d.u.i.k.p.i.AbstractProblemLoader Loading environment from /home/runner/work/key/key/key.core/../key.ui/examples/InformationFlow/MiniExamples/mini.MiniExamples(mini.MiniExamples__secure_p1_2()).JML normal_behavior operation contract.0.key 
74547      DEBUG main            d.u.i.k.p.i.AbstractProblemLoader Environment load took 54.2ns 
74548      INFO  main            d.u.i.k.p.i.AbstractProblemLoader Creating init config 
76920      DEBUG main            d.u.i.k.p.i.AbstractProblemLoader Init config took 2.37s 
76955      INFO  main            d.u.i.k.p.i.AbstractProblemLoader Replaying proof mini.MiniExamples[mini.MiniExamples::secure_p1_2()].JML normal_behavior operation contract.0 
76957      DEBUG main            d.u.i.k.p.i.IntermediateProofReplayer Proof replay took 13ns 
77062      INFO  main            d.u.i.k.p.r.p.TestFile    ... finished proof: closed. 
77245      INFO  main            d.u.i.k.p.r.p.TestFile    Now processing file /home/runner/work/key/key/key.core/../key.ui/examples/InformationFlow/MiniExamples/mini.MiniExamples(mini.MiniExamples__secure_p1_1()).JML normal_behavior operation contract.1.key 
77248      INFO  main            d.u.i.k.p.i.AbstractProblemLoader Loading environment from /home/runner/work/key/key/key.core/../key.ui/examples/InformationFlow/MiniExamples/mini.MiniExamples(mini.MiniExamples__secure_p1_1()).JML normal_behavior operation contract.1.key 
77248      DEBUG main            d.u.i.k.p.i.AbstractProblemLoader Environment load took 115.5ns 
77249      INFO  main            d.u.i.k.p.i.AbstractProblemLoader Creating init config 
79617      DEBUG main            d.u.i.k.p.i.AbstractProblemLoader Init config took 2.37s 
79660      INFO  main            d.u.i.k.p.i.AbstractProblemLoader Replaying proof mini.MiniExamples[mini.MiniExamples::secure_p1_1()].JML normal_behavior operation contract.1 
79663      DEBUG main            d.u.i.k.p.i.IntermediateProofReplayer Proof replay took 13.5ns 
79765      INFO  main            d.u.i.k.p.r.p.TestFile    ... finished proof: closed. 
79942      INFO  main            d.u.i.k.p.r.p.TestFile    Now processing file /home/runner/work/key/key/key.core/../key.ui/examples/InformationFlow/MiniExamples/mini.MiniExamples(mini.MiniExamples__secure_p1_1()).JML normal_behavior operation contract.0.key 
79942      INFO  main            d.u.i.k.p.i.AbstractProblemLoader Loading environment from /home/runner/work/key/key/key.core/../key.ui/examples/InformationFlow/MiniExamples/mini.MiniExamples(mini.MiniExamples__secure_p1_1()).JML normal_behavior operation contract.0.key 
79942      DEBUG main            d.u.i.k.p.i.AbstractProblemLoader Environment load took 346.2ns 
79943      INFO  main            d.u.i.k.p.i.AbstractProblemLoader Creating init config 
82318      DEBUG main            d.u.i.k.p.i.AbstractProblemLoader Init config took 2.38s 
82352      INFO  main            d.u.i.k.p.i.AbstractProblemLoader Replaying proof mini.MiniExamples[mini.MiniExamples::secure_p1_1()].JML normal_behavior operation contract.0 
82354      DEBUG main            d.u.i.k.p.i.IntermediateProofReplayer Proof replay took 14.1ns 
82458      INFO  main            d.u.i.k.p.r.p.TestFile    ... finished proof: closed. 
82680      INFO  main            d.u.i.k.p.r.p.TestFile    Now processing file /home/runner/work/key/key/key.core/../key.ui/examples/InformationFlow/MiniExamples/mini.MiniExamples(mini.MiniExamples__insecure_p1_2()).JML normal_behavior operation contract.0.key 
82680      INFO  main            d.u.i.k.p.i.AbstractProblemLoader Loading environment from /home/runner/work/key/key/key.core/../key.ui/examples/InformationFlow/MiniExamples/mini.MiniExamples(mini.MiniExamples__insecure_p1_2()).JML normal_behavior operation contract.0.key 
82680      DEBUG main            d.u.i.k.p.i.AbstractProblemLoader Environment load took 99.8ns 
82681      INFO  main            d.u.i.k.p.i.AbstractProblemLoader Creating init config 
85034      DEBUG main            d.u.i.k.p.i.AbstractProblemLoader Init config took 2.35s 
85068      INFO  main            d.u.i.k.p.i.AbstractProblemLoader Replaying proof mini.MiniExamples[mini.MiniExamples::insecure_p1_2()].JML normal_behavior operation contract.0 
85070      DEBUG main            d.u.i.k.p.i.IntermediateProofReplayer Proof replay took 13.5ns 
85172      INFO  main            d.u.i.k.p.r.p.TestFile    ... finished proof: closed. 
85364      INFO  main            d.u.i.k.p.r.p.TestFile    Now processing file /home/runner/work/key/key/key.core/../key.ui/examples/InformationFlow/MiniExamples/mini.MiniExamples(mini.MiniExamples__insecure_p1_1()).JML normal_behavior operation contract.0.key 
85364      INFO  main            d.u.i.k.p.i.AbstractProblemLoader Loading environment from /home/runner/work/key/key/key.core/../key.ui/examples/InformationFlow/MiniExamples/mini.MiniExamples(mini.MiniExamples__insecure_p1_1()).JML normal_behavior operation contract.0.key 
85364      DEBUG main            d.u.i.k.p.i.AbstractProblemLoader Environment load took 54.9ns 
85365      INFO  main            d.u.i.k.p.i.AbstractProblemLoader Creating init config 
87728      DEBUG main            d.u.i.k.p.i.AbstractProblemLoader Init config took 2.36s 
87762      INFO  main            d.u.i.k.p.i.AbstractProblemLoader Replaying proof mini.MiniExamples[mini.MiniExamples::insecure_p1_1()].JML normal_behavior operation contract.0 
87764      DEBUG main            d.u.i.k.p.i.IntermediateProofReplayer Proof replay took 13ns 
87866      INFO  main            d.u.i.k.p.r.p.TestFile    ... finished proof: closed. 
443155     INFO  Test worker     d.u.i.k.p.r.RunAllProofsTestUnit Returning from test MiniExamples 
443156     INFO  Test worker     d.u.i.k.p.r.RunAllProofsTestUnit Running test NewObjects 
362        INFO  Timeout watchdog d.u.i.k.p.r.p.ForkedTestFileRunner Timeout watcher launched (1000 secs.) 
373        WARN  main            d.u.i.k.s.ProofSettings   The settings in /home/runner/.key/proof-settings.props are *not* read. 
411        INFO  main            d.u.i.k.p.r.p.TestFile    Now processing file /home/runner/work/key/key/key.core/../key.ui/examples/InformationFlow/NewObjects/object.AmtoftBanerjee3(object.AmtoftBanerjee3__m()).JML operation contract.0.key 
574        INFO  main            d.u.i.k.p.i.AbstractProblemLoader Loading environment from /home/runner/work/key/key/key.core/../key.ui/examples/InformationFlow/NewObjects/object.AmtoftBanerjee3(object.AmtoftBanerjee3__m()).JML operation contract.0.key 
602        DEBUG main            d.u.i.k.p.i.AbstractProblemLoader Environment load took 2.79ms 
815        INFO  main            d.u.i.k.p.i.AbstractProblemLoader Creating init config 
1703       DEBUG main            d.u.i.k.j.TypeConverter   No LDT found for Meta 
1704       DEBUG main            d.u.i.k.j.TypeConverter   No LDT found for Meta 
1705       DEBUG main            d.u.i.k.j.TypeConverter   No LDT found for Meta 
1705       DEBUG main            d.u.i.k.j.TypeConverter   No LDT found for Meta 
3006       DEBUG main            d.u.i.k.j.TypeConverter   No LDT found for JavaBigintExpression 
5759       DEBUG main            d.u.i.k.j.r.ClassPreparationMethodBuilder clPrepBuilder: Inner Class detected. Reject building class initialisation methods. 
8286       DEBUG main            d.u.i.k.p.i.AbstractProblemLoader Init config took 7.47s 
8462       INFO  main            d.u.i.k.p.i.AbstractProblemLoader Replaying proof object.AmtoftBanerjee3[object.AmtoftBanerjee3::m()].JML operation contract.0 
8541       DEBUG main            d.u.i.k.p.i.IntermediateProofReplayer Proof replay took 344.3ns 
9091       INFO  main            d.u.i.k.p.r.p.TestFile    ... finished proof: closed. 
9207       INFO  main            d.u.i.k.p.r.p.TestFile    Now processing file /home/runner/work/key/key/key.core/../key.ui/examples/InformationFlow/NewObjects/object.AmtoftBanerjee(object.AmtoftBanerjee__m_2()).JML normal_behavior operation contract.0.key 
9208       INFO  main            d.u.i.k.p.i.AbstractProblemLoader Loading environment from /home/runner/work/key/key/key.core/../key.ui/examples/InformationFlow/NewObjects/object.AmtoftBanerjee(object.AmtoftBanerjee__m_2()).JML normal_behavior operation contract.0.key 
9208       DEBUG main            d.u.i.k.p.i.AbstractProblemLoader Environment load took 435.5ns 
9210       INFO  main            d.u.i.k.p.i.AbstractProblemLoader Creating init config 
10201      DEBUG main            d.u.i.k.j.r.ClassPreparationMethodBuilder clPrepBuilder: Inner Class detected. Reject building class initialisation methods. 
12256      DEBUG main            d.u.i.k.p.i.AbstractProblemLoader Init config took 3.05s 
12359      INFO  main            d.u.i.k.p.i.AbstractProblemLoader Replaying proof object.AmtoftBanerjee[object.AmtoftBanerjee::m_2()].JML normal_behavior operation contract.0 
12368      DEBUG main            d.u.i.k.p.i.IntermediateProofReplayer Proof replay took 14.3ns 
12973      INFO  main            d.u.i.k.p.r.p.TestFile    ... finished proof: closed. 
13097      INFO  main            d.u.i.k.p.r.p.TestFile    Now processing file /home/runner/work/key/key/key.core/../key.ui/examples/InformationFlow/NewObjects/object.AmtoftBanerjee(object.AmtoftBanerjee__m_1()).JML normal_behavior operation contract.1.key 
13099      INFO  main            d.u.i.k.p.i.AbstractProblemLoader Loading environment from /home/runner/work/key/key/key.core/../key.ui/examples/InformationFlow/NewObjects/object.AmtoftBanerjee(object.AmtoftBanerjee__m_1()).JML normal_behavior operation contract.1.key 
13099      DEBUG main            d.u.i.k.p.i.AbstractProblemLoader Environment load took 137.4ns 
13100      INFO  main            d.u.i.k.p.i.AbstractProblemLoader Creating init config 
14066      DEBUG main            d.u.i.k.j.r.ClassPreparationMethodBuilder clPrepBuilder: Inner Class detected. Reject building class initialisation methods. 
16016      DEBUG main            d.u.i.k.p.i.AbstractProblemLoader Init config took 2.92s 
16076      INFO  main            d.u.i.k.p.i.AbstractProblemLoader Replaying proof object.AmtoftBanerjee[object.AmtoftBanerjee::m_1()].JML normal_behavior operation contract.1 
16079      DEBUG main            d.u.i.k.p.i.IntermediateProofReplayer Proof replay took 12.3ns 
16383      INFO  main            d.u.i.k.p.r.p.TestFile    ... finished proof: closed. 
16497      INFO  main            d.u.i.k.p.r.p.TestFile    Now processing file /home/runner/work/key/key/key.core/../key.ui/examples/InformationFlow/NewObjects/object.AmtoftBanerjee(object.AmtoftBanerjee__m_1()).JML normal_behavior operation contract.0.key 
16498      INFO  main            d.u.i.k.p.i.AbstractProblemLoader Loading environment from /home/runner/work/key/key/key.core/../key.ui/examples/InformationFlow/NewObjects/object.AmtoftBanerjee(object.AmtoftBanerjee__m_1()).JML normal_behavior operation contract.0.key 
16498      DEBUG main            d.u.i.k.p.i.AbstractProblemLoader Environment load took 109.9ns 
16499      INFO  main            d.u.i.k.p.i.AbstractProblemLoader Creating init config 
17388      DEBUG main            d.u.i.k.j.r.ClassPreparationMethodBuilder clPrepBuilder: Inner Class detected. Reject building class initialisation methods. 
19366      DEBUG main            d.u.i.k.p.i.AbstractProblemLoader Init config took 2.87s 
19433      INFO  main            d.u.i.k.p.i.AbstractProblemLoader Replaying proof object.AmtoftBanerjee[object.AmtoftBanerjee::m_1()].JML normal_behavior operation contract.0 
19439      DEBUG main            d.u.i.k.p.i.IntermediateProofReplayer Proof replay took 13.1ns 
19643      INFO  main            d.u.i.k.p.r.p.TestFile    ... finished proof: closed. 
19767      INFO  main            d.u.i.k.p.r.p.TestFile    Now processing file /home/runner/work/key/key/key.core/../key.ui/examples/InformationFlow/NewObjects/object.AmtoftBanerjee(object.AmtoftBanerjee__getQ()).JML normal_behavior operation contract.0.key 
19771      INFO  main            d.u.i.k.p.i.AbstractProblemLoader Loading environment from /home/runner/work/key/key/key.core/../key.ui/examples/InformationFlow/NewObjects/object.AmtoftBanerjee(object.AmtoftBanerjee__getQ()).JML normal_behavior operation contract.0.key 
19771      DEBUG main            d.u.i.k.p.i.AbstractProblemLoader Environment load took 603.3ns 
19773      INFO  main            d.u.i.k.p.i.AbstractProblemLoader Creating init config 
20677      DEBUG main            d.u.i.k.j.r.ClassPreparationMethodBuilder clPrepBuilder: Inner Class detected. Reject building class initialisation methods. 
22537      DEBUG main            d.u.i.k.p.i.AbstractProblemLoader Init config took 2.76s 
22594      INFO  main            d.u.i.k.p.i.AbstractProblemLoader Replaying proof object.AmtoftBanerjee[object.AmtoftBanerjee::getQ()].JML normal_behavior operation contract.0 
22597      DEBUG main            d.u.i.k.p.i.IntermediateProofReplayer Proof replay took 11.7ns 
22699      INFO  main            d.u.i.k.p.r.p.TestFile    ... finished proof: closed. 
22847      INFO  main            d.u.i.k.p.r.p.TestFile    Now processing file /home/runner/work/key/key/key.core/../key.ui/examples/InformationFlow/NewObjects/object.Naumann(object.Naumann__Pair_m(int,int)).JML operation contract.0.key 
22848      INFO  main            d.u.i.k.p.i.AbstractProblemLoader Loading environment from /home/runner/work/key/key/key.core/../key.ui/examples/InformationFlow/NewObjects/object.Naumann(object.Naumann__Pair_m(int,int)).JML operation contract.0.key 
22848      DEBUG main            d.u.i.k.p.i.AbstractProblemLoader Environment load took 67.4ns 
22849      INFO  main            d.u.i.k.p.i.AbstractProblemLoader Creating init config 
23702      DEBUG main            d.u.i.k.j.r.ClassPreparationMethodBuilder clPrepBuilder: Inner Class detected. Reject building class initialisation methods. 
25580      DEBUG main            d.u.i.k.p.i.AbstractProblemLoader Init config took 2.73s 
25628      INFO  main            d.u.i.k.p.i.AbstractProblemLoader Replaying proof object.Naumann[object.Naumann::Pair_m(int,int)].JML operation contract.0 
25631      DEBUG main            d.u.i.k.p.i.IntermediateProofReplayer Proof replay took 12.1ns 
27138      INFO  main            d.u.i.k.p.r.p.TestFile    ... finished proof: closed. 
27386      INFO  main            d.u.i.k.p.r.p.TestFile    Now processing file /home/runner/work/key/key/key.core/../key.ui/examples/InformationFlow/NewObjects/object.ObjectOrientation(object.ObjectOrientation__secure_while_i((Ljava.lang.Object)).JML operation contract.0.key 
27386      INFO  main            d.u.i.k.p.i.AbstractProblemLoader Loading environment from /home/runner/work/key/key/key.core/../key.ui/examples/InformationFlow/NewObjects/object.ObjectOrientation(object.ObjectOrientation__secure_while_i((Ljava.lang.Object)).JML operation contract.0.key 
27386      DEBUG main            d.u.i.k.p.i.AbstractProblemLoader Environment load took 63.3ns 
27387      INFO  main            d.u.i.k.p.i.AbstractProblemLoader Creating init config 
28296      DEBUG main            d.u.i.k.j.r.ClassPreparationMethodBuilder clPrepBuilder: Inner Class detected. Reject building class initialisation methods. 
30159      DEBUG main            d.u.i.k.p.i.AbstractProblemLoader Init config took 2.77s 
30222      INFO  main            d.u.i.k.p.i.AbstractProblemLoader Replaying proof object.ObjectOrientation[object.ObjectOrientation::secure_while_i([Ljava.lang.Object)].JML operation contract.0 
30227      DEBUG main            d.u.i.k.p.i.IntermediateProofReplayer Proof replay took 13ns 
30833      INFO  main            d.u.i.k.p.r.p.TestFile    ... finished proof: closed. 
31090      INFO  main            d.u.i.k.p.r.p.TestFile    Now processing file /home/runner/work/key/key/key.core/../key.ui/examples/InformationFlow/NewObjects/object.ObjectOrientation(object.ObjectOrientation__secure_method_call()).JML operation contract.0.key 
31090      INFO  main            d.u.i.k.p.i.AbstractProblemLoader Loading environment from /home/runner/work/key/key/key.core/../key.ui/examples/InformationFlow/NewObjects/object.ObjectOrientation(object.ObjectOrientation__secure_method_call()).JML operation contract.0.key 
31090      DEBUG main            d.u.i.k.p.i.AbstractProblemLoader Environment load took 70.1ns 
31092      INFO  main            d.u.i.k.p.i.AbstractProblemLoader Creating init config 
31963      DEBUG main            d.u.i.k.j.r.ClassPreparationMethodBuilder clPrepBuilder: Inner Class detected. Reject building class initialisation methods. 
33780      DEBUG main            d.u.i.k.p.i.AbstractProblemLoader Init config took 2.68s 
33846      INFO  main            d.u.i.k.p.i.AbstractProblemLoader Replaying proof object.ObjectOrientation[object.ObjectOrientation::secure_method_call()].JML operation contract.0 
33849      DEBUG main            d.u.i.k.p.i.IntermediateProofReplayer Proof replay took 15.6ns 
34051      INFO  main            d.u.i.k.p.r.p.TestFile    ... finished proof: closed. 
34219      INFO  main            d.u.i.k.p.r.p.TestFile    Now processing file /home/runner/work/key/key/key.core/../key.ui/examples/InformationFlow/NewObjects/object.ObjectOrientation(object.ObjectOrientation__if_two_object_creation_next()).JML operation contract.1.key 
34221      INFO  main            d.u.i.k.p.i.AbstractProblemLoader Loading environment from /home/runner/work/key/key/key.core/../key.ui/examples/InformationFlow/NewObjects/object.ObjectOrientation(object.ObjectOrientation__if_two_object_creation_next()).JML operation contract.1.key 
34221      DEBUG main            d.u.i.k.p.i.AbstractProblemLoader Environment load took 120ns 
34222      INFO  main            d.u.i.k.p.i.AbstractProblemLoader Creating init config 
35070      DEBUG main            d.u.i.k.j.r.ClassPreparationMethodBuilder clPrepBuilder: Inner Class detected. Reject building class initialisation methods. 
36902      DEBUG main            d.u.i.k.p.i.AbstractProblemLoader Init config took 2.68s 
36948      INFO  main            d.u.i.k.p.i.AbstractProblemLoader Replaying proof object.ObjectOrientation[object.ObjectOrientation::if_two_object_creation_next()].JML operation contract.1 
36951      DEBUG main            d.u.i.k.p.i.IntermediateProofReplayer Proof replay took 12.6ns 
37955      INFO  main            d.u.i.k.p.r.p.TestFile    ... finished proof: closed. 
38129      INFO  main            d.u.i.k.p.r.p.TestFile    Now processing file /home/runner/work/key/key/key.core/../key.ui/examples/InformationFlow/NewObjects/object.ObjectOrientation(object.ObjectOrientation__if_two_object_creation_next()).JML operation contract.0.key 
38129      INFO  main            d.u.i.k.p.i.AbstractProblemLoader Loading environment from /home/runner/work/key/key/key.core/../key.ui/examples/InformationFlow/NewObjects/object.ObjectOrientation(object.ObjectOrientation__if_two_object_creation_next()).JML operation contract.0.key 
38130      DEBUG main            d.u.i.k.p.i.AbstractProblemLoader Environment load took 1ms 
38131      INFO  main            d.u.i.k.p.i.AbstractProblemLoader Creating init config 
38989      DEBUG main            d.u.i.k.j.r.ClassPreparationMethodBuilder clPrepBuilder: Inner Class detected. Reject building class initialisation methods. 
40801      DEBUG main            d.u.i.k.p.i.AbstractProblemLoader Init config took 2.67s 
40857      INFO  main            d.u.i.k.p.i.AbstractProblemLoader Replaying proof object.ObjectOrientation[object.ObjectOrientation::if_two_object_creation_next()].JML operation contract.0 
40860      DEBUG main            d.u.i.k.p.i.IntermediateProofReplayer Proof replay took 12.9ns 
41766      INFO  main            d.u.i.k.p.r.p.TestFile    ... finished proof: closed. 
41923      INFO  main            d.u.i.k.p.r.p.TestFile    Now processing file /home/runner/work/key/key/key.core/../key.ui/examples/InformationFlow/NewObjects/object.ObjectOrientation(object.ObjectOrientation__secure_if_two_object_creation()).JML operation contract.0.key 
41923      INFO  main            d.u.i.k.p.i.AbstractProblemLoader Loading environment from /home/runner/work/key/key/key.core/../key.ui/examples/InformationFlow/NewObjects/object.ObjectOrientation(object.ObjectOrientation__secure_if_two_object_creation()).JML operation contract.0.key 
41923      DEBUG main            d.u.i.k.p.i.AbstractProblemLoader Environment load took 58.1ns 
41925      INFO  main            d.u.i.k.p.i.AbstractProblemLoader Creating init config 
42794      DEBUG main            d.u.i.k.j.r.ClassPreparationMethodBuilder clPrepBuilder: Inner Class detected. Reject building class initialisation methods. 
44611      DEBUG main            d.u.i.k.p.i.AbstractProblemLoader Init config took 2.69s 
44655      INFO  main            d.u.i.k.p.i.AbstractProblemLoader Replaying proof object.ObjectOrientation[object.ObjectOrientation::secure_if_two_object_creation()].JML operation contract.0 
44659      DEBUG main            d.u.i.k.p.i.IntermediateProofReplayer Proof replay took 13.4ns 
45463      INFO  main            d.u.i.k.p.r.p.TestFile    ... finished proof: closed. 
45620      INFO  main            d.u.i.k.p.r.p.TestFile    Now processing file /home/runner/work/key/key/key.core/../key.ui/examples/InformationFlow/NewObjects/object.ObjectOrientation(object.ObjectOrientation__insecure_two_object_creation()).JML operation contract.0.key 
45620      INFO  main            d.u.i.k.p.i.AbstractProblemLoader Loading environment from /home/runner/work/key/key/key.core/../key.ui/examples/InformationFlow/NewObjects/object.ObjectOrientation(object.ObjectOrientation__insecure_two_object_creation()).JML operation contract.0.key 
45620      DEBUG main            d.u.i.k.p.i.AbstractProblemLoader Environment load took 59.7ns 
45621      INFO  main            d.u.i.k.p.i.AbstractProblemLoader Creating init config 
46445      DEBUG main            d.u.i.k.j.r.ClassPreparationMethodBuilder clPrepBuilder: Inner Class detected. Reject building class initialisation methods. 
48292      DEBUG main            d.u.i.k.p.i.AbstractProblemLoader Init config took 2.67s 
48343      INFO  main            d.u.i.k.p.i.AbstractProblemLoader Replaying proof object.ObjectOrientation[object.ObjectOrientation::insecure_two_object_creation()].JML operation contract.0 
48378      DEBUG main            d.u.i.k.p.i.IntermediateProofReplayer Proof replay took 15.8ns 
48989      INFO  main            d.u.i.k.p.r.p.TestFile    ... finished proof: closed. 
49159      INFO  main            d.u.i.k.p.r.p.TestFile    Now processing file /home/runner/work/key/key/key.core/../key.ui/examples/InformationFlow/NewObjects/object.ObjectOrientation(object.ObjectOrientation__secure_two_object_creation()).JML normal_behavior operation contract.0.key 
49160      INFO  main            d.u.i.k.p.i.AbstractProblemLoader Loading environment from /home/runner/work/key/key/key.core/../key.ui/examples/InformationFlow/NewObjects/object.ObjectOrientation(object.ObjectOrientation__secure_two_object_creation()).JML normal_behavior operation contract.0.key 
49160      DEBUG main            d.u.i.k.p.i.AbstractProblemLoader Environment load took 58.5ns 
49161      INFO  main            d.u.i.k.p.i.AbstractProblemLoader Creating init config 
49989      DEBUG main            d.u.i.k.j.r.ClassPreparationMethodBuilder clPrepBuilder: Inner Class detected. Reject building class initialisation methods. 
51814      DEBUG main            d.u.i.k.p.i.AbstractProblemLoader Init config took 2.65s 
51866      INFO  main            d.u.i.k.p.i.AbstractProblemLoader Replaying proof object.ObjectOrientation[object.ObjectOrientation::secure_two_object_creation()].JML normal_behavior operation contract.0 
51869      DEBUG main            d.u.i.k.p.i.IntermediateProofReplayer Proof replay took 12.6ns 
52271      INFO  main            d.u.i.k.p.r.p.TestFile    ... finished proof: closed. 
52431      INFO  main            d.u.i.k.p.r.p.TestFile    Now processing file /home/runner/work/key/key/key.core/../key.ui/examples/InformationFlow/NewObjects/object.ObjectOrientation(object.ObjectOrientation__insecure_object_assignment()).JML operation contract.1.key 
52431      INFO  main            d.u.i.k.p.i.AbstractProblemLoader Loading environment from /home/runner/work/key/key/key.core/../key.ui/examples/InformationFlow/NewObjects/object.ObjectOrientation(object.ObjectOrientation__insecure_object_assignment()).JML operation contract.1.key 
52432      DEBUG main            d.u.i.k.p.i.AbstractProblemLoader Environment load took 61.1ns 
52433      INFO  main            d.u.i.k.p.i.AbstractProblemLoader Creating init config 
53257      DEBUG main            d.u.i.k.j.r.ClassPreparationMethodBuilder clPrepBuilder: Inner Class detected. Reject building class initialisation methods. 
55098      DEBUG main            d.u.i.k.p.i.AbstractProblemLoader Init config took 2.66s 
55139      INFO  main            d.u.i.k.p.i.AbstractProblemLoader Replaying proof object.ObjectOrientation[object.ObjectOrientation::insecure_object_assignment()].JML operation contract.1 
55142      DEBUG main            d.u.i.k.p.i.IntermediateProofReplayer Proof replay took 12.7ns 
55244      INFO  main            d.u.i.k.p.r.p.TestFile    ... finished proof: closed. 
55394      INFO  main            d.u.i.k.p.r.p.TestFile    Now processing file /home/runner/work/key/key/key.core/../key.ui/examples/InformationFlow/NewObjects/object.ObjectOrientation(object.ObjectOrientation__insecure_object_assignment()).JML operation contract.0.key 
55394      INFO  main            d.u.i.k.p.i.AbstractProblemLoader Loading environment from /home/runner/work/key/key/key.core/../key.ui/examples/InformationFlow/NewObjects/object.ObjectOrientation(object.ObjectOrientation__insecure_object_assignment()).JML operation contract.0.key 
55394      DEBUG main            d.u.i.k.p.i.AbstractProblemLoader Environment load took 57.7ns 
55395      INFO  main            d.u.i.k.p.i.AbstractProblemLoader Creating init config 
56207      DEBUG main            d.u.i.k.j.r.ClassPreparationMethodBuilder clPrepBuilder: Inner Class detected. Reject building class initialisation methods. 
58008      DEBUG main            d.u.i.k.p.i.AbstractProblemLoader Init config took 2.61s 
58067      INFO  main            d.u.i.k.p.i.AbstractProblemLoader Replaying proof object.ObjectOrientation[object.ObjectOrientation::insecure_object_assignment()].JML operation contract.0 
58070      DEBUG main            d.u.i.k.p.i.IntermediateProofReplayer Proof replay took 15.9ns 
58172      INFO  main            d.u.i.k.p.r.p.TestFile    ... finished proof: closed. 
58335      INFO  main            d.u.i.k.p.r.p.TestFile    Now processing file /home/runner/work/key/key/key.core/../key.ui/examples/InformationFlow/NewObjects/object.ObjectOrientation(object.ObjectOrientation__secure_object_creation_3()).JML operation contract.0.key 
58335      INFO  main            d.u.i.k.p.i.AbstractProblemLoader Loading environment from /home/runner/work/key/key/key.core/../key.ui/examples/InformationFlow/NewObjects/object.ObjectOrientation(object.ObjectOrientation__secure_object_creation_3()).JML operation contract.0.key 
58337      DEBUG main            d.u.i.k.p.i.AbstractProblemLoader Environment load took 1.47ms 
58338      INFO  main            d.u.i.k.p.i.AbstractProblemLoader Creating init config 
59151      DEBUG main            d.u.i.k.j.r.ClassPreparationMethodBuilder clPrepBuilder: Inner Class detected. Reject building class initialisation methods. 
60991      DEBUG main            d.u.i.k.p.i.AbstractProblemLoader Init config took 2.65s 
61034      INFO  main            d.u.i.k.p.i.AbstractProblemLoader Replaying proof object.ObjectOrientation[object.ObjectOrientation::secure_object_creation_3()].JML operation contract.0 
61036      DEBUG main            d.u.i.k.p.i.IntermediateProofReplayer Proof replay took 12.6ns 
61241      INFO  main            d.u.i.k.p.r.p.TestFile    ... finished proof: closed. 
61414      INFO  main            d.u.i.k.p.r.p.TestFile    Now processing file /home/runner/work/key/key/key.core/../key.ui/examples/InformationFlow/NewObjects/object.ObjectOrientation(object.ObjectOrientation__secure_object_creation_2()).JML operation contract.0.key 
61414      INFO  main            d.u.i.k.p.i.AbstractProblemLoader Loading environment from /home/runner/work/key/key/key.core/../key.ui/examples/InformationFlow/NewObjects/object.ObjectOrientation(object.ObjectOrientation__secure_object_creation_2()).JML operation contract.0.key 
61414      DEBUG main            d.u.i.k.p.i.AbstractProblemLoader Environment load took 64.1ns 
61415      INFO  main            d.u.i.k.p.i.AbstractProblemLoader Creating init config 
62251      DEBUG main            d.u.i.k.j.r.ClassPreparationMethodBuilder clPrepBuilder: Inner Class detected. Reject building class initialisation methods. 
64089      DEBUG main            d.u.i.k.p.i.AbstractProblemLoader Init config took 2.67s 
64135      INFO  main            d.u.i.k.p.i.AbstractProblemLoader Replaying proof object.ObjectOrientation[object.ObjectOrientation::secure_object_creation_2()].JML operation contract.0 
64137      DEBUG main            d.u.i.k.p.i.IntermediateProofReplayer Proof replay took 14ns 
64343      INFO  main            d.u.i.k.p.r.p.TestFile    ... finished proof: closed. 
64569      INFO  main            d.u.i.k.p.r.p.TestFile    Now processing file /home/runner/work/key/key/key.core/../key.ui/examples/InformationFlow/NewObjects/object.ObjectOrientation(object.ObjectOrientation__secure_object_creation()).JML operation contract.0.key 
64570      INFO  main            d.u.i.k.p.i.AbstractProblemLoader Loading environment from /home/runner/work/key/key/key.core/../key.ui/examples/InformationFlow/NewObjects/object.ObjectOrientation(object.ObjectOrientation__secure_object_creation()).JML operation contract.0.key 
64570      DEBUG main            d.u.i.k.p.i.AbstractProblemLoader Environment load took 110ns 
64571      INFO  main            d.u.i.k.p.i.AbstractProblemLoader Creating init config 
65380      DEBUG main            d.u.i.k.j.r.ClassPreparationMethodBuilder clPrepBuilder: Inner Class detected. Reject building class initialisation methods. 
67172      DEBUG main            d.u.i.k.p.i.AbstractProblemLoader Init config took 2.6s 
67212      INFO  main            d.u.i.k.p.i.AbstractProblemLoader Replaying proof object.ObjectOrientation[object.ObjectOrientation::secure_object_creation()].JML operation contract.0 
67214      DEBUG main            d.u.i.k.p.i.IntermediateProofReplayer Proof replay took 12.8ns 
67419      INFO  main            d.u.i.k.p.r.p.TestFile    ... finished proof: closed. 
67590      INFO  main            d.u.i.k.p.r.p.TestFile    Now processing file /home/runner/work/key/key/key.core/../key.ui/examples/InformationFlow/NewObjects/object.AmtoftBanerjee2(object.AmtoftBanerjee2__expensive(int)).JML accessible clause.0.key 
67590      INFO  main            d.u.i.k.p.i.AbstractProblemLoader Loading environment from /home/runner/work/key/key/key.core/../key.ui/examples/InformationFlow/NewObjects/object.AmtoftBanerjee2(object.AmtoftBanerjee2__expensive(int)).JML accessible clause.0.key 
67591      DEBUG main            d.u.i.k.p.i.AbstractProblemLoader Environment load took 71.6ns 
67591      INFO  main            d.u.i.k.p.i.AbstractProblemLoader Creating init config 
68434      DEBUG main            d.u.i.k.j.r.ClassPreparationMethodBuilder clPrepBuilder: Inner Class detected. Reject building class initialisation methods. 
70212      DEBUG main            d.u.i.k.p.i.AbstractProblemLoader Init config took 2.62s 
70255      INFO  main            d.u.i.k.p.i.AbstractProblemLoader Replaying proof object.AmtoftBanerjee2[object.AmtoftBanerjee2::expensive(int)].JML accessible clause.0 
70258      DEBUG main            d.u.i.k.p.i.IntermediateProofReplayer Proof replay took 13.6ns 
70360      INFO  main            d.u.i.k.p.r.p.TestFile    ... finished proof: closed. 
70520      INFO  main            d.u.i.k.p.r.p.TestFile    Now processing file /home/runner/work/key/key/key.core/../key.ui/examples/InformationFlow/NewObjects/object.AmtoftBanerjee2(object.AmtoftBanerjee2__expensive(int)).JML normal_behavior operation contract.0.key 
70520      INFO  main            d.u.i.k.p.i.AbstractProblemLoader Loading environment from /home/runner/work/key/key/key.core/../key.ui/examples/InformationFlow/NewObjects/object.AmtoftBanerjee2(object.AmtoftBanerjee2__expensive(int)).JML normal_behavior operation contract.0.key 
70520      DEBUG main            d.u.i.k.p.i.AbstractProblemLoader Environment load took 56.5ns 
70522      INFO  main            d.u.i.k.p.i.AbstractProblemLoader Creating init config 
71336      DEBUG main            d.u.i.k.j.r.ClassPreparationMethodBuilder clPrepBuilder: Inner Class detected. Reject building class initialisation methods. 
73142      DEBUG main            d.u.i.k.p.i.AbstractProblemLoader Init config took 2.62s 
73183      INFO  main            d.u.i.k.p.i.AbstractProblemLoader Replaying proof object.AmtoftBanerjee2[object.AmtoftBanerjee2::expensive(int)].JML normal_behavior operation contract.0 
73185      DEBUG main            d.u.i.k.p.i.IntermediateProofReplayer Proof replay took 14.1ns 
73291      INFO  main            d.u.i.k.p.r.p.TestFile    ... finished proof: closed. 
73458      INFO  main            d.u.i.k.p.r.p.TestFile    Now processing file /home/runner/work/key/key/key.core/../key.ui/examples/InformationFlow/NewObjects/object.AmtoftBanerjee2(object.AmtoftBanerjee2__cexp(int)).JML normal_behavior operation contract.0.key 
73458      INFO  main            d.u.i.k.p.i.AbstractProblemLoader Loading environment from /home/runner/work/key/key/key.core/../key.ui/examples/InformationFlow/NewObjects/object.AmtoftBanerjee2(object.AmtoftBanerjee2__cexp(int)).JML normal_behavior operation contract.0.key 
73458      DEBUG main            d.u.i.k.p.i.AbstractProblemLoader Environment load took 57.1ns 
73459      INFO  main            d.u.i.k.p.i.AbstractProblemLoader Creating init config 
74273      DEBUG main            d.u.i.k.j.r.ClassPreparationMethodBuilder clPrepBuilder: Inner Class detected. Reject building class initialisation methods. 
76091      DEBUG main            d.u.i.k.p.i.AbstractProblemLoader Init config took 2.63s 
76135      INFO  main            d.u.i.k.p.i.AbstractProblemLoader Replaying proof object.AmtoftBanerjee2[object.AmtoftBanerjee2::cexp(int)].JML normal_behavior operation contract.0 
76137      DEBUG main            d.u.i.k.p.i.IntermediateProofReplayer Proof replay took 30.1ns 
76443      INFO  main            d.u.i.k.p.r.p.TestFile    ... finished proof: closed. 
76630      INFO  main            d.u.i.k.p.r.p.TestFile    Now processing file /home/runner/work/key/key/key.core/../key.ui/examples/InformationFlow/PasswordFile/passwordfile.SecurePasswordFile(passwordfile.SecurePasswordFile___userIndex()).JML accessible clause.0.key 
76631      INFO  main            d.u.i.k.p.i.AbstractProblemLoader Loading environment from /home/runner/work/key/key/key.core/../key.ui/examples/InformationFlow/PasswordFile/passwordfile.SecurePasswordFile(passwordfile.SecurePasswordFile___userIndex()).JML accessible clause.0.key 
76631      DEBUG main            d.u.i.k.p.i.AbstractProblemLoader Environment load took 112.5ns 
76632      INFO  main            d.u.i.k.p.i.AbstractProblemLoader Creating init config 
79063      DEBUG main            d.u.i.k.p.i.AbstractProblemLoader Init config took 2.43s 
79100      INFO  main            d.u.i.k.p.i.AbstractProblemLoader Replaying proof passwordfile.SecurePasswordFile[passwordfile.SecurePasswordFile::$userIndex()].JML accessible clause.0 
79102      DEBUG main            d.u.i.k.p.i.IntermediateProofReplayer Proof replay took 14.3ns 
79208      INFO  main            d.u.i.k.p.r.p.TestFile    ... finished proof: open goal(s) 
522724     INFO  Test worker     d.u.i.k.p.r.RunAllProofsTestUnit Returning from test NewObjects 
522730     INFO  Test worker     d.u.i.k.p.r.RunAllProofsTestUnit Running test SimpleEvoting 
332        INFO  Timeout watchdog d.u.i.k.p.r.p.ForkedTestFileRunner Timeout watcher launched (1000 secs.) 
341        WARN  main            d.u.i.k.s.ProofSettings   The settings in /home/runner/.key/proof-settings.props are *not* read. 
363        INFO  main            d.u.i.k.p.r.p.TestFile    Now processing file /home/runner/work/key/key/key.core/../key.ui/examples/InformationFlow/SimpleEvoting/simple_evoting.Environment(simple_evoting.Environment__untrustedOutputMessage((B)).JML normal_behavior operation contract.0.key 
478        INFO  main            d.u.i.k.p.i.AbstractProblemLoader Loading environment from /home/runner/work/key/key/key.core/../key.ui/examples/InformationFlow/SimpleEvoting/simple_evoting.Environment(simple_evoting.Environment__untrustedOutputMessage((B)).JML normal_behavior operation contract.0.key 
509        DEBUG main            d.u.i.k.p.i.AbstractProblemLoader Environment load took 2.12ms 
751        INFO  main            d.u.i.k.p.i.AbstractProblemLoader Creating init config 
1697       DEBUG main            d.u.i.k.j.TypeConverter   No LDT found for Meta 
1698       DEBUG main            d.u.i.k.j.TypeConverter   No LDT found for Meta 
1698       DEBUG main            d.u.i.k.j.TypeConverter   No LDT found for Meta 
1699       DEBUG main            d.u.i.k.j.TypeConverter   No LDT found for Meta 
3155       DEBUG main            d.u.i.k.j.TypeConverter   No LDT found for JavaBigintExpression 
9562       DEBUG main            d.u.i.k.p.i.AbstractProblemLoader Init config took 8.81s 
9743       INFO  main            d.u.i.k.p.i.AbstractProblemLoader Replaying proof simple_evoting.Environment[simple_evoting.Environment::untrustedOutputMessage([B)].JML normal_behavior operation contract.0 
9835       DEBUG main            d.u.i.k.p.i.IntermediateProofReplayer Proof replay took 317.5ns 
11180      INFO  main            d.u.i.k.p.r.p.TestFile    ... finished proof: closed. 
11320      INFO  main            d.u.i.k.p.r.p.TestFile    Now processing file /home/runner/work/key/key/key.core/../key.ui/examples/InformationFlow/SimpleEvoting/simple_evoting.Environment(simple_evoting.Environment__untrustedInputMessage((B)).JML normal_behavior operation contract.0.key 
11321      INFO  main            d.u.i.k.p.i.AbstractProblemLoader Loading environment from /home/runner/work/key/key/key.core/../key.ui/examples/InformationFlow/SimpleEvoting/simple_evoting.Environment(simple_evoting.Environment__untrustedInputMessage((B)).JML normal_behavior operation contract.0.key 
11321      DEBUG main            d.u.i.k.p.i.AbstractProblemLoader Environment load took 82.6ns 
11322      INFO  main            d.u.i.k.p.i.AbstractProblemLoader Creating init config 
14866      DEBUG main            d.u.i.k.p.i.AbstractProblemLoader Init config took 3.54s 
14969      INFO  main            d.u.i.k.p.i.AbstractProblemLoader Replaying proof simple_evoting.Environment[simple_evoting.Environment::untrustedInputMessage([B)].JML normal_behavior operation contract.0 
14972      DEBUG main            d.u.i.k.p.i.IntermediateProofReplayer Proof replay took 30.9ns 
15477      INFO  main            d.u.i.k.p.r.p.TestFile    ... finished proof: closed. 
15614      INFO  main            d.u.i.k.p.r.p.TestFile    Now processing file /home/runner/work/key/key/key.core/../key.ui/examples/InformationFlow/SimpleEvoting/simple_evoting.Environment(simple_evoting.Environment__untrustedInputMessage()).JML normal_behavior operation contract.0.key 
15615      INFO  main            d.u.i.k.p.i.AbstractProblemLoader Loading environment from /home/runner/work/key/key/key.core/../key.ui/examples/InformationFlow/SimpleEvoting/simple_evoting.Environment(simple_evoting.Environment__untrustedInputMessage()).JML normal_behavior operation contract.0.key 
15615      DEBUG main            d.u.i.k.p.i.AbstractProblemLoader Environment load took 462.7ns 
15617      INFO  main            d.u.i.k.p.i.AbstractProblemLoader Creating init config 
18952      DEBUG main            d.u.i.k.p.i.AbstractProblemLoader Init config took 3.34s 
19024      INFO  main            d.u.i.k.p.i.AbstractProblemLoader Replaying proof simple_evoting.Environment[simple_evoting.Environment::untrustedInputMessage()].JML normal_behavior operation contract.0 
19028      DEBUG main            d.u.i.k.p.i.IntermediateProofReplayer Proof replay took 11.2ns 
20437      INFO  main            d.u.i.k.p.r.p.TestFile    ... finished proof: closed. 
20598      INFO  main            d.u.i.k.p.r.p.TestFile    Now processing file /home/runner/work/key/key/key.core/../key.ui/examples/InformationFlow/SimpleEvoting/simple_evoting.Environment(simple_evoting.Environment__untrustedOutput(int)).JML normal_behavior operation contract.0.key 
20598      INFO  main            d.u.i.k.p.i.AbstractProblemLoader Loading environment from /home/runner/work/key/key/key.core/../key.ui/examples/InformationFlow/SimpleEvoting/simple_evoting.Environment(simple_evoting.Environment__untrustedOutput(int)).JML normal_behavior operation contract.0.key 
20598      DEBUG main            d.u.i.k.p.i.AbstractProblemLoader Environment load took 62.1ns 
20603      INFO  main            d.u.i.k.p.i.AbstractProblemLoader Creating init config 
23939      DEBUG main            d.u.i.k.p.i.AbstractProblemLoader Init config took 3.34s 
24010      INFO  main            d.u.i.k.p.i.AbstractProblemLoader Replaying proof simple_evoting.Environment[simple_evoting.Environment::untrustedOutput(int)].JML normal_behavior operation contract.0 
24016      DEBUG main            d.u.i.k.p.i.IntermediateProofReplayer Proof replay took 12.8ns 
24119      INFO  main            d.u.i.k.p.r.p.TestFile    ... finished proof: closed. 
24271      INFO  main            d.u.i.k.p.r.p.TestFile    Now processing file /home/runner/work/key/key/key.core/../key.ui/examples/InformationFlow/SimpleEvoting/simple_evoting.Environment(simple_evoting.Environment__untrustedInput(int)).JML normal_behavior operation contract.0.key 
24272      INFO  main            d.u.i.k.p.i.AbstractProblemLoader Loading environment from /home/runner/work/key/key/key.core/../key.ui/examples/InformationFlow/SimpleEvoting/simple_evoting.Environment(simple_evoting.Environment__untrustedInput(int)).JML normal_behavior operation contract.0.key 
24272      DEBUG main            d.u.i.k.p.i.AbstractProblemLoader Environment load took 96ns 
24275      INFO  main            d.u.i.k.p.i.AbstractProblemLoader Creating init config 
27549      DEBUG main            d.u.i.k.p.i.AbstractProblemLoader Init config took 3.27s 
27611      INFO  main            d.u.i.k.p.i.AbstractProblemLoader Replaying proof simple_evoting.Environment[simple_evoting.Environment::untrustedInput(int)].JML normal_behavior operation contract.0 
27614      DEBUG main            d.u.i.k.p.i.IntermediateProofReplayer Proof replay took 10.9ns 
27723      INFO  main            d.u.i.k.p.r.p.TestFile    ... finished proof: open goal(s) 
27854      INFO  main            d.u.i.k.p.r.p.TestFile    Now processing file /home/runner/work/key/key/key.core/../key.ui/examples/InformationFlow/SimpleEvoting/simple_evoting.Environment(simple_evoting.Environment__untrustedInput()).JML normal_behavior operation contract.0.key 
27854      INFO  main            d.u.i.k.p.i.AbstractProblemLoader Loading environment from /home/runner/work/key/key/key.core/../key.ui/examples/InformationFlow/SimpleEvoting/simple_evoting.Environment(simple_evoting.Environment__untrustedInput()).JML normal_behavior operation contract.0.key 
27856      DEBUG main            d.u.i.k.p.i.AbstractProblemLoader Environment load took 1.48ms 
27857      INFO  main            d.u.i.k.p.i.AbstractProblemLoader Creating init config 
31057      DEBUG main            d.u.i.k.p.i.AbstractProblemLoader Init config took 3.2s 
31116      INFO  main            d.u.i.k.p.i.AbstractProblemLoader Replaying proof simple_evoting.Environment[simple_evoting.Environment::untrustedInput()].JML normal_behavior operation contract.0 
31118      DEBUG main            d.u.i.k.p.i.IntermediateProofReplayer Proof replay took 11.6ns 
31224      INFO  main            d.u.i.k.p.r.p.TestFile    ... finished proof: open goal(s) 
31353      INFO  main            d.u.i.k.p.r.p.TestFile    Now processing file /home/runner/work/key/key/key.core/../key.ui/examples/InformationFlow/SimpleEvoting/simple_evoting.Environment(simple_evoting.Environment___rep()).JML accessible clause.0.key 
31353      INFO  main            d.u.i.k.p.i.AbstractProblemLoader Loading environment from /home/runner/work/key/key/key.core/../key.ui/examples/InformationFlow/SimpleEvoting/simple_evoting.Environment(simple_evoting.Environment___rep()).JML accessible clause.0.key 
31353      DEBUG main            d.u.i.k.p.i.AbstractProblemLoader Environment load took 59.5ns 
31354      INFO  main            d.u.i.k.p.i.AbstractProblemLoader Creating init config 
34546      DEBUG main            d.u.i.k.p.i.AbstractProblemLoader Init config took 3.19s 
34606      INFO  main            d.u.i.k.p.i.AbstractProblemLoader Replaying proof simple_evoting.Environment[simple_evoting.Environment::$rep()].JML accessible clause.0 
34609      DEBUG main            d.u.i.k.p.i.IntermediateProofReplayer Proof replay took 11.8ns 
34711      INFO  main            d.u.i.k.p.r.p.TestFile    ... finished proof: closed. 
34849      INFO  main            d.u.i.k.p.r.p.TestFile    Now processing file /home/runner/work/key/key/key.core/../key.ui/examples/InformationFlow/SimpleEvoting/simple_evoting.SMT(simple_evoting.SMT__send(simple_evoting.Message,int,simple_evoting.Server)).JML normal_behavior operation contract.1.key 
34850      INFO  main            d.u.i.k.p.i.AbstractProblemLoader Loading environment from /home/runner/work/key/key/key.core/../key.ui/examples/InformationFlow/SimpleEvoting/simple_evoting.SMT(simple_evoting.SMT__send(simple_evoting.Message,int,simple_evoting.Server)).JML normal_behavior operation contract.1.key 
34850      DEBUG main            d.u.i.k.p.i.AbstractProblemLoader Environment load took 110.6ns 
34853      INFO  main            d.u.i.k.p.i.AbstractProblemLoader Creating init config 
38035      DEBUG main            d.u.i.k.p.i.AbstractProblemLoader Init config took 3.18s 
38092      INFO  main            d.u.i.k.p.i.AbstractProblemLoader Replaying proof simple_evoting.SMT[simple_evoting.SMT::send(simple_evoting.Message,int,simple_evoting.Server)].JML normal_behavior operation contract.1 
38094      DEBUG main            d.u.i.k.p.i.IntermediateProofReplayer Proof replay took 12.9ns 
49072      INFO  main            d.u.i.k.p.r.p.TestFile    ... finished proof: closed. 
49272      INFO  main            d.u.i.k.p.r.p.TestFile    Now processing file /home/runner/work/key/key/key.core/../key.ui/examples/InformationFlow/SimpleEvoting/simple_evoting.SMT(simple_evoting.SMT__send(simple_evoting.Message,int,simple_evoting.Server)).JML normal_behavior operation contract.0.key 
49272      INFO  main            d.u.i.k.p.i.AbstractProblemLoader Loading environment from /home/runner/work/key/key/key.core/../key.ui/examples/InformationFlow/SimpleEvoting/simple_evoting.SMT(simple_evoting.SMT__send(simple_evoting.Message,int,simple_evoting.Server)).JML normal_behavior operation contract.0.key 
49272      DEBUG main            d.u.i.k.p.i.AbstractProblemLoader Environment load took 78.9ns 
49273      INFO  main            d.u.i.k.p.i.AbstractProblemLoader Creating init config 
52451      DEBUG main            d.u.i.k.p.i.AbstractProblemLoader Init config took 3.18s 
52535      INFO  main            d.u.i.k.p.i.AbstractProblemLoader Replaying proof simple_evoting.SMT[simple_evoting.SMT::send(simple_evoting.Message,int,simple_evoting.Server)].JML normal_behavior operation contract.0 
52538      DEBUG main            d.u.i.k.p.i.IntermediateProofReplayer Proof replay took 11.8ns 
61095      INFO  main            d.u.i.k.p.r.p.TestFile    ... finished proof: closed. 
61283      INFO  main            d.u.i.k.p.r.p.TestFile    Now processing file /home/runner/work/key/key/key.core/../key.ui/examples/InformationFlow/SimpleEvoting/simple_evoting.Message(java.lang.Object___inv_()).JML accessible clause.0.key 
61283      INFO  main            d.u.i.k.p.i.AbstractProblemLoader Loading environment from /home/runner/work/key/key/key.core/../key.ui/examples/InformationFlow/SimpleEvoting/simple_evoting.Message(java.lang.Object___inv_()).JML accessible clause.0.key 
61283      DEBUG main            d.u.i.k.p.i.AbstractProblemLoader Environment load took 62.8ns 
61284      INFO  main            d.u.i.k.p.i.AbstractProblemLoader Creating init config 
64427      DEBUG main            d.u.i.k.p.i.AbstractProblemLoader Init config took 3.14s 
64482      INFO  main            d.u.i.k.p.i.AbstractProblemLoader Replaying proof simple_evoting.Message[java.lang.Object::<inv>()].JML accessible clause.0 
64484      DEBUG main            d.u.i.k.p.i.IntermediateProofReplayer Proof replay took 12.6ns 
64696      INFO  main            d.u.i.k.p.r.p.TestFile    ... finished proof: closed. 
64847      INFO  main            d.u.i.k.p.r.p.TestFile    Now processing file /home/runner/work/key/key/key.core/../key.ui/examples/InformationFlow/SimpleEvoting/simple_evoting.Server(simple_evoting.Server__resultReady()).JML accessible clause.0.key 
64848      INFO  main            d.u.i.k.p.i.AbstractProblemLoader Loading environment from /home/runner/work/key/key/key.core/../key.ui/examples/InformationFlow/SimpleEvoting/simple_evoting.Server(simple_evoting.Server__resultReady()).JML accessible clause.0.key 
64848      DEBUG main            d.u.i.k.p.i.AbstractProblemLoader Environment load took 130.3ns 
64849      INFO  main            d.u.i.k.p.i.AbstractProblemLoader Creating init config 
67989      DEBUG main            d.u.i.k.p.i.AbstractProblemLoader Init config took 3.14s 
68051      INFO  main            d.u.i.k.p.i.AbstractProblemLoader Replaying proof simple_evoting.Server[simple_evoting.Server::resultReady()].JML accessible clause.0 
68054      DEBUG main            d.u.i.k.p.i.IntermediateProofReplayer Proof replay took 13.7ns 
69365      INFO  main            d.u.i.k.p.r.p.TestFile    ... finished proof: closed. 
69544      INFO  main            d.u.i.k.p.r.p.TestFile    Now processing file /home/runner/work/key/key/key.core/../key.ui/examples/InformationFlow/SimpleEvoting/simple_evoting.Server(simple_evoting.Server__resultReady()).JML normal_behavior operation contract.0.key 
69545      INFO  main            d.u.i.k.p.i.AbstractProblemLoader Loading environment from /home/runner/work/key/key/key.core/../key.ui/examples/InformationFlow/SimpleEvoting/simple_evoting.Server(simple_evoting.Server__resultReady()).JML normal_behavior operation contract.0.key 
69545      DEBUG main            d.u.i.k.p.i.AbstractProblemLoader Environment load took 126.2ns 
69547      INFO  main            d.u.i.k.p.i.AbstractProblemLoader Creating init config 
72718      DEBUG main            d.u.i.k.p.i.AbstractProblemLoader Init config took 3.17s 
72773      INFO  main            d.u.i.k.p.i.AbstractProblemLoader Replaying proof simple_evoting.Server[simple_evoting.Server::resultReady()].JML normal_behavior operation contract.0 
72775      DEBUG main            d.u.i.k.p.i.IntermediateProofReplayer Proof replay took 11.7ns 
73479      INFO  main            d.u.i.k.p.r.p.TestFile    ... finished proof: closed. 
73660      INFO  main            d.u.i.k.p.r.p.TestFile    Now processing file /home/runner/work/key/key/key.core/../key.ui/examples/InformationFlow/SimpleEvoting/simple_evoting.Server(simple_evoting.Server__onSendResult()).JML normal_behavior operation contract.0.key 
73660      INFO  main            d.u.i.k.p.i.AbstractProblemLoader Loading environment from /home/runner/work/key/key/key.core/../key.ui/examples/InformationFlow/SimpleEvoting/simple_evoting.Server(simple_evoting.Server__onSendResult()).JML normal_behavior operation contract.0.key 
73660      DEBUG main            d.u.i.k.p.i.AbstractProblemLoader Environment load took 60.1ns 
73661      INFO  main            d.u.i.k.p.i.AbstractProblemLoader Creating init config 
76787      DEBUG main            d.u.i.k.p.i.AbstractProblemLoader Init config took 3.13s 
76838      INFO  main            d.u.i.k.p.i.AbstractProblemLoader Replaying proof simple_evoting.Server[simple_evoting.Server::onSendResult()].JML normal_behavior operation contract.0 
76840      DEBUG main            d.u.i.k.p.i.IntermediateProofReplayer Proof replay took 12.1ns 
77044      INFO  main            d.u.i.k.p.r.p.TestFile    ... finished proof: closed. 
77205      INFO  main            d.u.i.k.p.r.p.TestFile    Now processing file /home/runner/work/key/key/key.core/../key.ui/examples/InformationFlow/SimpleEvoting/simple_evoting.Server(simple_evoting.Server__onCollectBallot(simple_evoting.Message)).JML normal_behavior operation contract.1.key 
77205      INFO  main            d.u.i.k.p.i.AbstractProblemLoader Loading environment from /home/runner/work/key/key/key.core/../key.ui/examples/InformationFlow/SimpleEvoting/simple_evoting.Server(simple_evoting.Server__onCollectBallot(simple_evoting.Message)).JML normal_behavior operation contract.1.key 
77206      DEBUG main            d.u.i.k.p.i.AbstractProblemLoader Environment load took 59.1ns 
77207      INFO  main            d.u.i.k.p.i.AbstractProblemLoader Creating init config 
80314      DEBUG main            d.u.i.k.p.i.AbstractProblemLoader Init config took 3.11s 
80365      INFO  main            d.u.i.k.p.i.AbstractProblemLoader Replaying proof simple_evoting.Server[simple_evoting.Server::onCollectBallot(simple_evoting.Message)].JML normal_behavior operation contract.1 
80367      DEBUG main            d.u.i.k.p.i.IntermediateProofReplayer Proof replay took 12.9ns 
80572      INFO  main            d.u.i.k.p.r.p.TestFile    ... finished proof: closed. 
80736      INFO  main            d.u.i.k.p.r.p.TestFile    Now processing file /home/runner/work/key/key/key.core/../key.ui/examples/InformationFlow/SimpleEvoting/simple_evoting.Server(simple_evoting.Server__onCollectBallot(simple_evoting.Message)).JML normal_behavior operation contract.0.key 
80736      INFO  main            d.u.i.k.p.i.AbstractProblemLoader Loading environment from /home/runner/work/key/key/key.core/../key.ui/examples/InformationFlow/SimpleEvoting/simple_evoting.Server(simple_evoting.Server__onCollectBallot(simple_evoting.Message)).JML normal_behavior operation contract.0.key 
80736      DEBUG main            d.u.i.k.p.i.AbstractProblemLoader Environment load took 58.1ns 
80737      INFO  main            d.u.i.k.p.i.AbstractProblemLoader Creating init config 
83834      DEBUG main            d.u.i.k.p.i.AbstractProblemLoader Init config took 3.1s 
83885      INFO  main            d.u.i.k.p.i.AbstractProblemLoader Replaying proof simple_evoting.Server[simple_evoting.Server::onCollectBallot(simple_evoting.Message)].JML normal_behavior operation contract.0 
83887      DEBUG main            d.u.i.k.p.i.IntermediateProofReplayer Proof replay took 14.2ns 
84492      INFO  main            d.u.i.k.p.r.p.TestFile    ... finished proof: closed. 
84667      INFO  main            d.u.i.k.p.r.p.TestFile    Now processing file /home/runner/work/key/key/key.core/../key.ui/examples/InformationFlow/SimpleEvoting/simple_evoting.Server(java.lang.Object___inv_()).JML accessible clause.0.key 
84668      INFO  main            d.u.i.k.p.i.AbstractProblemLoader Loading environment from /home/runner/work/key/key/key.core/../key.ui/examples/InformationFlow/SimpleEvoting/simple_evoting.Server(java.lang.Object___inv_()).JML accessible clause.0.key 
84668      DEBUG main            d.u.i.k.p.i.AbstractProblemLoader Environment load took 63.9ns 
84669      INFO  main            d.u.i.k.p.i.AbstractProblemLoader Creating init config 
87784      DEBUG main            d.u.i.k.p.i.AbstractProblemLoader Init config took 3.12s 
87834      INFO  main            d.u.i.k.p.i.AbstractProblemLoader Replaying proof simple_evoting.Server[java.lang.Object::<inv>()].JML accessible clause.0 
87836      DEBUG main            d.u.i.k.p.i.IntermediateProofReplayer Proof replay took 11.7ns 
88038      INFO  main            d.u.i.k.p.r.p.TestFile    ... finished proof: closed. 
88218      INFO  main            d.u.i.k.p.r.p.TestFile    Now processing file /home/runner/work/key/key/key.core/../key.ui/examples/InformationFlow/SimpleEvoting/simple_evoting.SMTEnv(simple_evoting.SMTEnv__send(int,int,int,simple_evoting.Server,int)).JML normal_behavior operation contract.0.key 
88219      INFO  main            d.u.i.k.p.i.AbstractProblemLoader Loading environment from /home/runner/work/key/key/key.core/../key.ui/examples/InformationFlow/SimpleEvoting/simple_evoting.SMTEnv(simple_evoting.SMTEnv__send(int,int,int,simple_evoting.Server,int)).JML normal_behavior operation contract.0.key 
88219      DEBUG main            d.u.i.k.p.i.AbstractProblemLoader Environment load took 434.1ns 
88220      INFO  main            d.u.i.k.p.i.AbstractProblemLoader Creating init config 
91321      DEBUG main            d.u.i.k.p.i.AbstractProblemLoader Init config took 3.1s 
91372      INFO  main            d.u.i.k.p.i.AbstractProblemLoader Replaying proof simple_evoting.SMTEnv[simple_evoting.SMTEnv::send(int,int,int,simple_evoting.Server,int)].JML normal_behavior operation contract.0 
91375      DEBUG main            d.u.i.k.p.i.IntermediateProofReplayer Proof replay took 12.9ns 
91678      INFO  main            d.u.i.k.p.r.p.TestFile    ... finished proof: closed. 
91853      INFO  main            d.u.i.k.p.r.p.TestFile    Now processing file /home/runner/work/key/key/key.core/../key.ui/examples/InformationFlow/SimpleEvoting/simple_evoting.NetworkClient(simple_evoting.NetworkClient__send((B,simple_evoting.Server,int)).JML normal_behavior operation contract.0.key 
91854      INFO  main            d.u.i.k.p.i.AbstractProblemLoader Loading environment from /home/runner/work/key/key/key.core/../key.ui/examples/InformationFlow/SimpleEvoting/simple_evoting.NetworkClient(simple_evoting.NetworkClient__send((B,simple_evoting.Server,int)).JML normal_behavior operation contract.0.key 
91854      DEBUG main            d.u.i.k.p.i.AbstractProblemLoader Environment load took 58.9ns 
91855      INFO  main            d.u.i.k.p.i.AbstractProblemLoader Creating init config 
94962      DEBUG main            d.u.i.k.p.i.AbstractProblemLoader Init config took 3.11s 
95011      INFO  main            d.u.i.k.p.i.AbstractProblemLoader Replaying proof simple_evoting.NetworkClient[simple_evoting.NetworkClient::send([B,simple_evoting.Server,int)].JML normal_behavior operation contract.0 
95013      DEBUG main            d.u.i.k.p.i.IntermediateProofReplayer Proof replay took 11.1ns 
95115      INFO  main            d.u.i.k.p.r.p.TestFile    ... finished proof: closed. 
95305      INFO  main            d.u.i.k.p.r.p.TestFile    Now processing file /home/runner/work/key/key/key.core/../key.ui/examples/InformationFlow/SimpleEvoting/simple_evoting.Setup(simple_evoting.Setup__publishResult()).JML normal_behavior operation contract.0.key 
95306      INFO  main            d.u.i.k.p.i.AbstractProblemLoader Loading environment from /home/runner/work/key/key/key.core/../key.ui/examples/InformationFlow/SimpleEvoting/simple_evoting.Setup(simple_evoting.Setup__publishResult()).JML normal_behavior operation contract.0.key 
95306      DEBUG main            d.u.i.k.p.i.AbstractProblemLoader Environment load took 103.5ns 
95307      INFO  main            d.u.i.k.p.i.AbstractProblemLoader Creating init config 
98410      DEBUG main            d.u.i.k.p.i.AbstractProblemLoader Init config took 3.1s 
98467      INFO  main            d.u.i.k.p.i.AbstractProblemLoader Replaying proof simple_evoting.Setup[simple_evoting.Setup::publishResult()].JML normal_behavior operation contract.0 
98471      DEBUG main            d.u.i.k.p.i.IntermediateProofReplayer Proof replay took 13.5ns 
99077      INFO  main            d.u.i.k.p.r.p.TestFile    ... finished proof: closed. 
99270      INFO  main            d.u.i.k.p.r.p.TestFile    Now processing file /home/runner/work/key/key/key.core/../key.ui/examples/InformationFlow/SimpleEvoting/simple_evoting.Setup(simple_evoting.Setup__main()).JML normal_behavior operation contract.0.key 
99270      INFO  main            d.u.i.k.p.i.AbstractProblemLoader Loading environment from /home/runner/work/key/key/key.core/../key.ui/examples/InformationFlow/SimpleEvoting/simple_evoting.Setup(simple_evoting.Setup__main()).JML normal_behavior operation contract.0.key 
99270      DEBUG main            d.u.i.k.p.i.AbstractProblemLoader Environment load took 59.5ns 
99271      INFO  main            d.u.i.k.p.i.AbstractProblemLoader Creating init config 
102349     DEBUG main            d.u.i.k.p.i.AbstractProblemLoader Init config took 3.08s 
102403     INFO  main            d.u.i.k.p.i.AbstractProblemLoader Replaying proof simple_evoting.Setup[simple_evoting.Setup::main()].JML normal_behavior operation contract.0 
102406     DEBUG main            d.u.i.k.p.i.IntermediateProofReplayer Proof replay took 13.5ns 
137302     INFO  main            d.u.i.k.p.r.p.TestFile    ... finished proof: open goal(s) 
137575     INFO  main            d.u.i.k.p.r.p.TestFile    Now processing file /home/runner/work/key/key/key.core/../key.ui/examples/InformationFlow/SimpleEvoting/simple_evoting.Setup(java.lang.Object___inv_()).JML accessible clause.0.key 
137577     INFO  main            d.u.i.k.p.i.AbstractProblemLoader Loading environment from /home/runner/work/key/key/key.core/../key.ui/examples/InformationFlow/SimpleEvoting/simple_evoting.Setup(java.lang.Object___inv_()).JML accessible clause.0.key 
137577     DEBUG main            d.u.i.k.p.i.AbstractProblemLoader Environment load took 104.2ns 
137578     INFO  main            d.u.i.k.p.i.AbstractProblemLoader Creating init config 
140625     DEBUG main            d.u.i.k.p.i.AbstractProblemLoader Init config took 3.05s 
140687     INFO  main            d.u.i.k.p.i.AbstractProblemLoader Replaying proof simple_evoting.Setup[java.lang.Object::<inv>()].JML accessible clause.0 
140690     DEBUG main            d.u.i.k.p.i.IntermediateProofReplayer Proof replay took 13.7ns 
144302     INFO  main            d.u.i.k.p.r.p.TestFile    ... finished proof: closed. 
144619     INFO  main            d.u.i.k.p.r.p.TestFile    Now processing file /home/runner/work/key/key/key.core/../key.ui/examples/InformationFlow/SimpleEvoting/simple_evoting.Voter(simple_evoting.Voter__onSendBallot(simple_evoting.Server)).JML normal_behavior operation contract.1.key 
144620     INFO  main            d.u.i.k.p.i.AbstractProblemLoader Loading environment from /home/runner/work/key/key/key.core/../key.ui/examples/InformationFlow/SimpleEvoting/simple_evoting.Voter(simple_evoting.Voter__onSendBallot(simple_evoting.Server)).JML normal_behavior operation contract.1.key 
144620     DEBUG main            d.u.i.k.p.i.AbstractProblemLoader Environment load took 59ns 
144621     INFO  main            d.u.i.k.p.i.AbstractProblemLoader Creating init config 
147663     DEBUG main            d.u.i.k.p.i.AbstractProblemLoader Init config took 3.04s 
147712     INFO  main            d.u.i.k.p.i.AbstractProblemLoader Replaying proof simple_evoting.Voter[simple_evoting.Voter::onSendBallot(simple_evoting.Server)].JML normal_behavior operation contract.1 
147714     DEBUG main            d.u.i.k.p.i.IntermediateProofReplayer Proof replay took 12.4ns 
151968     INFO  main            d.u.i.k.p.r.p.TestFile    ... finished proof: closed. 
152194     INFO  main            d.u.i.k.p.r.p.TestFile    Now processing file /home/runner/work/key/key/key.core/../key.ui/examples/InformationFlow/SimpleEvoting/simple_evoting.Voter(simple_evoting.Voter__onSendBallot(simple_evoting.Server)).JML normal_behavior operation contract.0.key 
152195     INFO  main            d.u.i.k.p.i.AbstractProblemLoader Loading environment from /home/runner/work/key/key/key.core/../key.ui/examples/InformationFlow/SimpleEvoting/simple_evoting.Voter(simple_evoting.Voter__onSendBallot(simple_evoting.Server)).JML normal_behavior operation contract.0.key 
152195     DEBUG main            d.u.i.k.p.i.AbstractProblemLoader Environment load took 95.6ns 
152196     INFO  main            d.u.i.k.p.i.AbstractProblemLoader Creating init config 
155273     DEBUG main            d.u.i.k.p.i.AbstractProblemLoader Init config took 3.08s 
155322     INFO  main            d.u.i.k.p.i.AbstractProblemLoader Replaying proof simple_evoting.Voter[simple_evoting.Voter::onSendBallot(simple_evoting.Server)].JML normal_behavior operation contract.0 
155324     DEBUG main            d.u.i.k.p.i.IntermediateProofReplayer Proof replay took 13.7ns 
162647     INFO  main            d.u.i.k.p.r.p.TestFile    ... finished proof: closed. 
162889     INFO  main            d.u.i.k.p.r.p.TestFile    Now processing file /home/runner/work/key/key/key.core/../key.ui/examples/InformationFlow/SimpleEvoting/simple_evoting.Voter(java.lang.Object___inv_()).JML accessible clause.0.key 
162889     INFO  main            d.u.i.k.p.i.AbstractProblemLoader Loading environment from /home/runner/work/key/key/key.core/../key.ui/examples/InformationFlow/SimpleEvoting/simple_evoting.Voter(java.lang.Object___inv_()).JML accessible clause.0.key 
162889     DEBUG main            d.u.i.k.p.i.AbstractProblemLoader Environment load took 59.1ns 
162890     INFO  main            d.u.i.k.p.i.AbstractProblemLoader Creating init config 
165969     DEBUG main            d.u.i.k.p.i.AbstractProblemLoader Init config took 3.08s 
166017     INFO  main            d.u.i.k.p.i.AbstractProblemLoader Replaying proof simple_evoting.Voter[java.lang.Object::<inv>()].JML accessible clause.0 
166019     DEBUG main            d.u.i.k.p.i.IntermediateProofReplayer Proof replay took 13.2ns 
166224     INFO  main            d.u.i.k.p.r.p.TestFile    ... finished proof: closed. 
689314     INFO  Test worker     d.u.i.k.p.r.RunAllProofsTestUnit Returning from test SimpleEvoting 
689315     INFO  Test worker     d.u.i.k.p.r.RunAllProofsTestUnit Running test ToyVoting_nomacro 
394        INFO  Timeout watchdog d.u.i.k.p.r.p.ForkedTestFileRunner Timeout watcher launched (1000 secs.) 
410        WARN  main            d.u.i.k.s.ProofSettings   The settings in /home/runner/.key/proof-settings.props are *not* read. 
445        INFO  main            d.u.i.k.p.r.p.TestFile    Now processing file /home/runner/work/key/key/key.core/../key.ui/examples/InformationFlow/ToyVoting/Voter(Voter__insecure_voting()).Non-interference contract.0.key 
616        INFO  main            d.u.i.k.p.i.AbstractProblemLoader Loading environment from /home/runner/work/key/key/key.core/../key.ui/examples/InformationFlow/ToyVoting/Voter(Voter__insecure_voting()).Non-interference contract.0.key 
634        DEBUG main            d.u.i.k.p.i.AbstractProblemLoader Environment load took 2.14ms 
845        INFO  main            d.u.i.k.p.i.AbstractProblemLoader Creating init config 
1760       DEBUG main            d.u.i.k.j.TypeConverter   No LDT found for Meta 
1761       DEBUG main            d.u.i.k.j.TypeConverter   No LDT found for Meta 
1762       DEBUG main            d.u.i.k.j.TypeConverter   No LDT found for Meta 
1763       DEBUG main            d.u.i.k.j.TypeConverter   No LDT found for Meta 
3292       DEBUG main            d.u.i.k.j.TypeConverter   No LDT found for JavaBigintExpression 
8103       DEBUG main            d.u.i.k.p.i.AbstractProblemLoader Init config took 7.26s 
8248       INFO  main            d.u.i.k.p.i.AbstractProblemLoader Replaying proof Voter[Voter::insecure_voting()].Non-interference contract.0 
8345       DEBUG main            d.u.i.k.p.i.IntermediateProofReplayer Proof replay took 344.1ns 
21309      INFO  main            d.u.i.k.p.r.p.TestFile    ... finished proof: open goal(s) 
21503      INFO  main            d.u.i.k.p.r.p.TestFile    Now processing file /home/runner/work/key/key/key.core/../key.ui/examples/InformationFlow/ToyVoting/Voter(Voter__publishVoterParticipation()).Non-interference contract.0.key 
21504      INFO  main            d.u.i.k.p.i.AbstractProblemLoader Loading environment from /home/runner/work/key/key/key.core/../key.ui/examples/InformationFlow/ToyVoting/Voter(Voter__publishVoterParticipation()).Non-interference contract.0.key 
21504      DEBUG main            d.u.i.k.p.i.AbstractProblemLoader Environment load took 295ns 
21506      INFO  main            d.u.i.k.p.i.AbstractProblemLoader Creating init config 
24186      DEBUG main            d.u.i.k.p.i.AbstractProblemLoader Init config took 2.68s 
24259      INFO  main            d.u.i.k.p.i.AbstractProblemLoader Replaying proof Voter[Voter::publishVoterParticipation()].Non-interference contract.0 
24263      DEBUG main            d.u.i.k.p.i.IntermediateProofReplayer Proof replay took 34.8ns 
24566      INFO  main            d.u.i.k.p.r.p.TestFile    ... finished proof: closed. 
24757      INFO  main            d.u.i.k.p.r.p.TestFile    Now processing file /home/runner/work/key/key/key.core/../key.ui/examples/InformationFlow/ToyVoting/Voter(Voter__isValid(int)).Non-interference contract.0.key 
24758      INFO  main            d.u.i.k.p.i.AbstractProblemLoader Loading environment from /home/runner/work/key/key/key.core/../key.ui/examples/InformationFlow/ToyVoting/Voter(Voter__isValid(int)).Non-interference contract.0.key 
24758      DEBUG main            d.u.i.k.p.i.AbstractProblemLoader Environment load took 116.7ns 
24759      INFO  main            d.u.i.k.p.i.AbstractProblemLoader Creating init config 
27433      DEBUG main            d.u.i.k.p.i.AbstractProblemLoader Init config took 2.67s 
27496      INFO  main            d.u.i.k.p.i.AbstractProblemLoader Replaying proof Voter[Voter::isValid(int)].Non-interference contract.0 
27501      DEBUG main            d.u.i.k.p.i.IntermediateProofReplayer Proof replay took 13.6ns 
27906      INFO  main            d.u.i.k.p.r.p.TestFile    ... finished proof: closed. 
28031      INFO  main            d.u.i.k.p.r.p.TestFile    Now processing file /home/runner/work/key/key/key.core/../key.ui/examples/InformationFlow/ToyVoting/Voter(Voter__sendVote(int)).Non-interference contract.0.key 
28031      INFO  main            d.u.i.k.p.i.AbstractProblemLoader Loading environment from /home/runner/work/key/key/key.core/../key.ui/examples/InformationFlow/ToyVoting/Voter(Voter__sendVote(int)).Non-interference contract.0.key 
28033      DEBUG main            d.u.i.k.p.i.AbstractProblemLoader Environment load took 2.02ms 
28035      INFO  main            d.u.i.k.p.i.AbstractProblemLoader Creating init config 
30582      DEBUG main            d.u.i.k.p.i.AbstractProblemLoader Init config took 2.55s 
30633      INFO  main            d.u.i.k.p.i.AbstractProblemLoader Replaying proof Voter[Voter::sendVote(int)].Non-interference contract.0 
30636      DEBUG main            d.u.i.k.p.i.IntermediateProofReplayer Proof replay took 12.3ns 
30939      INFO  main            d.u.i.k.p.r.p.TestFile    ... finished proof: closed. 
31063      INFO  main            d.u.i.k.p.r.p.TestFile    Now processing file /home/runner/work/key/key/key.core/../key.ui/examples/InformationFlow/ToyVoting/Voter(Voter__inputVote()).Non-interference contract.0.key 
31063      INFO  main            d.u.i.k.p.i.AbstractProblemLoader Loading environment from /home/runner/work/key/key/key.core/../key.ui/examples/InformationFlow/ToyVoting/Voter(Voter__inputVote()).Non-interference contract.0.key 
31063      DEBUG main            d.u.i.k.p.i.AbstractProblemLoader Environment load took 90.1ns 
31065      INFO  main            d.u.i.k.p.i.AbstractProblemLoader Creating init config 
33581      DEBUG main            d.u.i.k.p.i.AbstractProblemLoader Init config took 2.52s 
33626      INFO  main            d.u.i.k.p.i.AbstractProblemLoader Replaying proof Voter[Voter::inputVote()].Non-interference contract.0 
33630      DEBUG main            d.u.i.k.p.i.IntermediateProofReplayer Proof replay took 12ns 
33833      INFO  main            d.u.i.k.p.r.p.TestFile    ... finished proof: closed. 
723432     INFO  Test worker     d.u.i.k.p.r.RunAllProofsTestUnit Returning from test ToyVoting_nomacro 
723433     INFO  Test worker     d.u.i.k.p.r.RunAllProofsTestUnit Running test ConditionalConfidential_nomacro 
723434     INFO  Test worker     d.u.i.k.p.r.RunAllProofsTestUnit Returning from test ConditionalConfidential_nomacro 
723435     INFO  Test worker     d.u.i.k.p.r.RunAllProofsTestUnit Running test SumExample_nomacro 
365        INFO  Timeout watchdog d.u.i.k.p.r.p.ForkedTestFileRunner Timeout watcher launched (1000 secs.) 
368        WARN  main            d.u.i.k.s.ProofSettings   The settings in /home/runner/.key/proof-settings.props are *not* read. 
390        INFO  main            d.u.i.k.p.r.p.TestFile    Now processing file /home/runner/work/key/key/key.core/../key.ui/examples/InformationFlow/Sum/SumExample(SumExample__getSum()).Non-interference contract.0.key 
501        INFO  main            d.u.i.k.p.i.AbstractProblemLoader Loading environment from /home/runner/work/key/key/key.core/../key.ui/examples/InformationFlow/Sum/SumExample(SumExample__getSum()).Non-interference contract.0.key 
521        DEBUG main            d.u.i.k.p.i.AbstractProblemLoader Environment load took 2.35ms 
728        INFO  main            d.u.i.k.p.i.AbstractProblemLoader Creating init config 
1586       DEBUG main            d.u.i.k.j.TypeConverter   No LDT found for Meta 
1587       DEBUG main            d.u.i.k.j.TypeConverter   No LDT found for Meta 
1588       DEBUG main            d.u.i.k.j.TypeConverter   No LDT found for Meta 
1588       DEBUG main            d.u.i.k.j.TypeConverter   No LDT found for Meta 
3139       DEBUG main            d.u.i.k.j.TypeConverter   No LDT found for JavaBigintExpression 
7909       DEBUG main            d.u.i.k.p.i.AbstractProblemLoader Init config took 7.18s 
8093       INFO  main            d.u.i.k.p.i.AbstractProblemLoader Replaying proof SumExample[SumExample::getSum()].Non-interference contract.0 
8170       DEBUG main            d.u.i.k.p.i.IntermediateProofReplayer Proof replay took 402ns 
11293      INFO  main            d.u.i.k.p.r.p.TestFile    ... finished proof: closed. 
735041     INFO  Test worker     d.u.i.k.p.r.RunAllProofsTestUnit Returning from test SumExample_nomacro 
735043     INFO  Test worker     d.u.i.k.p.r.RunAllProofsTestUnit Running test ToyBanking_nomacro 
404        WARN  main            d.u.i.k.s.ProofSettings   The settings in /home/runner/.key/proof-settings.props are *not* read. 
382        INFO  Timeout watchdog d.u.i.k.p.r.p.ForkedTestFileRunner Timeout watcher launched (1000 secs.) 
447        INFO  main            d.u.i.k.p.r.p.TestFile    Now processing file /home/runner/work/key/key/key.core/../key.ui/examples/InformationFlow/ToyBanking/banking_example.UserAccount(banking_example.UserAccount__getBankAccount(int)).Non-interference contract.0.key 
580        INFO  main            d.u.i.k.p.i.AbstractProblemLoader Loading environment from /home/runner/work/key/key/key.core/../key.ui/examples/InformationFlow/ToyBanking/banking_example.UserAccount(banking_example.UserAccount__getBankAccount(int)).Non-interference contract.0.key 
602        DEBUG main            d.u.i.k.p.i.AbstractProblemLoader Environment load took 2.1ms 
813        INFO  main            d.u.i.k.p.i.AbstractProblemLoader Creating init config 
1721       DEBUG main            d.u.i.k.j.TypeConverter   No LDT found for Meta 
1726       DEBUG main            d.u.i.k.j.TypeConverter   No LDT found for Meta 
1728       DEBUG main            d.u.i.k.j.TypeConverter   No LDT found for Meta 
1729       DEBUG main            d.u.i.k.j.TypeConverter   No LDT found for Meta 
2944       DEBUG main            d.u.i.k.j.TypeConverter   No LDT found for JavaBigintExpression 
8120       DEBUG main            d.u.i.k.p.i.AbstractProblemLoader Init config took 7.31s 
8275       INFO  main            d.u.i.k.p.i.AbstractProblemLoader Replaying proof banking_example.UserAccount[banking_example.UserAccount::getBankAccount(int)].Non-interference contract.0 
8337       DEBUG main            d.u.i.k.p.i.IntermediateProofReplayer Proof replay took 364.3ns 
11877      INFO  main            d.u.i.k.p.r.p.TestFile    ... finished proof: closed. 
12044      INFO  main            d.u.i.k.p.r.p.TestFile    Now processing file /home/runner/work/key/key/key.core/../key.ui/examples/InformationFlow/ToyBanking/banking_example.BankAccount(banking_example.BankAccount__depositMoney(int)).Non-interference contract.0.key 
12045      INFO  main            d.u.i.k.p.i.AbstractProblemLoader Loading environment from /home/runner/work/key/key/key.core/../key.ui/examples/InformationFlow/ToyBanking/banking_example.BankAccount(banking_example.BankAccount__depositMoney(int)).Non-interference contract.0.key 
12046      DEBUG main            d.u.i.k.p.i.AbstractProblemLoader Environment load took 280.9ns 
12049      INFO  main            d.u.i.k.p.i.AbstractProblemLoader Creating init config 
15052      DEBUG main            d.u.i.k.p.i.AbstractProblemLoader Init config took 3s 
15171      INFO  main            d.u.i.k.p.i.AbstractProblemLoader Replaying proof banking_example.BankAccount[banking_example.BankAccount::depositMoney(int)].Non-interference contract.0 
15174      DEBUG main            d.u.i.k.p.i.IntermediateProofReplayer Proof replay took 12.1ns 
16309      INFO  main            d.u.i.k.p.r.p.TestFile    ... finished proof: closed. 
16434      INFO  main            d.u.i.k.p.r.p.TestFile    Now processing file /home/runner/work/key/key/key.core/../key.ui/examples/InformationFlow/ToyBanking/banking_example.BankAccount(banking_example.BankAccount__getBalance()).Non-interference contract.0.key 
16435      INFO  main            d.u.i.k.p.i.AbstractProblemLoader Loading environment from /home/runner/work/key/key/key.core/../key.ui/examples/InformationFlow/ToyBanking/banking_example.BankAccount(banking_example.BankAccount__getBalance()).Non-interference contract.0.key 
16435      DEBUG main            d.u.i.k.p.i.AbstractProblemLoader Environment load took 141.1ns 
16436      INFO  main            d.u.i.k.p.i.AbstractProblemLoader Creating init config 
19452      DEBUG main            d.u.i.k.p.i.AbstractProblemLoader Init config took 3.02s 
19533      INFO  main            d.u.i.k.p.i.AbstractProblemLoader Replaying proof banking_example.BankAccount[banking_example.BankAccount::getBalance()].Non-interference contract.0 
19541      DEBUG main            d.u.i.k.p.i.IntermediateProofReplayer Proof replay took 12.8ns 
19844      INFO  main            d.u.i.k.p.r.p.TestFile    ... finished proof: closed. 
19976      INFO  main            d.u.i.k.p.r.p.TestFile    Now processing file /home/runner/work/key/key/key.core/../key.ui/examples/InformationFlow/ToyBanking/banking_example.BankAccount(banking_example.BankAccount__getId()).Non-interference contract.0.key 
19976      INFO  main            d.u.i.k.p.i.AbstractProblemLoader Loading environment from /home/runner/work/key/key/key.core/../key.ui/examples/InformationFlow/ToyBanking/banking_example.BankAccount(banking_example.BankAccount__getId()).Non-interference contract.0.key 
19977      DEBUG main            d.u.i.k.p.i.AbstractProblemLoader Environment load took 69.4ns 
19979      INFO  main            d.u.i.k.p.i.AbstractProblemLoader Creating init config 
22916      DEBUG main            d.u.i.k.p.i.AbstractProblemLoader Init config took 2.94s 
22981      INFO  main            d.u.i.k.p.i.AbstractProblemLoader Replaying proof banking_example.BankAccount[banking_example.BankAccount::getId()].Non-interference contract.0 
22985      DEBUG main            d.u.i.k.p.i.IntermediateProofReplayer Proof replay took 12.1ns 
23288      INFO  main            d.u.i.k.p.r.p.TestFile    ... finished proof: closed. 
23440      INFO  main            d.u.i.k.p.r.p.TestFile    Now processing file /home/runner/work/key/key/key.core/../key.ui/examples/InformationFlow/ToyBanking/banking_example.Bank(banking_example.Bank__login(int,(C)).Non-interference contract.0.key 
23441      INFO  main            d.u.i.k.p.i.AbstractProblemLoader Loading environment from /home/runner/work/key/key/key.core/../key.ui/examples/InformationFlow/ToyBanking/banking_example.Bank(banking_example.Bank__login(int,(C)).Non-interference contract.0.key 
23441      DEBUG main            d.u.i.k.p.i.AbstractProblemLoader Environment load took 149.8ns 
23442      INFO  main            d.u.i.k.p.i.AbstractProblemLoader Creating init config 
26265      DEBUG main            d.u.i.k.p.i.AbstractProblemLoader Init config took 2.82s 
26354      INFO  main            d.u.i.k.p.i.AbstractProblemLoader Replaying proof banking_example.Bank[banking_example.Bank::login(int,[C)].Non-interference contract.0 
26356      DEBUG main            d.u.i.k.p.i.IntermediateProofReplayer Proof replay took 12.6ns 
56454      INFO  main            d.u.i.k.p.r.p.TestFile    ... finished proof: open goal(s) 
56704      INFO  main            d.u.i.k.p.r.p.TestFile    Now processing file /home/runner/work/key/key/key.core/../key.ui/examples/InformationFlow/ToyBanking/banking_example2.UserAccount(banking_example2.UserAccount__getBankAccount(int)).Non-interference contract.0.key 
56705      INFO  main            d.u.i.k.p.i.AbstractProblemLoader Loading environment from /home/runner/work/key/key/key.core/../key.ui/examples/InformationFlow/ToyBanking/banking_example2.UserAccount(banking_example2.UserAccount__getBankAccount(int)).Non-interference contract.0.key 
56705      DEBUG main            d.u.i.k.p.i.AbstractProblemLoader Environment load took 129.4ns 
56706      INFO  main            d.u.i.k.p.i.AbstractProblemLoader Creating init config 
59427      DEBUG main            d.u.i.k.p.i.AbstractProblemLoader Init config took 2.72s 
59521      INFO  main            d.u.i.k.p.i.AbstractProblemLoader Replaying proof banking_example2.UserAccount[banking_example2.UserAccount::getBankAccount(int)].Non-interference contract.0 
59526      DEBUG main            d.u.i.k.p.i.IntermediateProofReplayer Proof replay took 14.1ns 
61032      INFO  main            d.u.i.k.p.r.p.TestFile    ... finished proof: closed. 
61313      INFO  main            d.u.i.k.p.r.p.TestFile    Now processing file /home/runner/work/key/key/key.core/../key.ui/examples/InformationFlow/ToyBanking/banking_example2.BankAccount(banking_example2.BankAccount__depositMoney(int)).Non-interference contract.0.key 
61313      INFO  main            d.u.i.k.p.i.AbstractProblemLoader Loading environment from /home/runner/work/key/key/key.core/../key.ui/examples/InformationFlow/ToyBanking/banking_example2.BankAccount(banking_example2.BankAccount__depositMoney(int)).Non-interference contract.0.key 
61313      DEBUG main            d.u.i.k.p.i.AbstractProblemLoader Environment load took 101.5ns 
61314      INFO  main            d.u.i.k.p.i.AbstractProblemLoader Creating init config 
63973      DEBUG main            d.u.i.k.p.i.AbstractProblemLoader Init config took 2.66s 
64034      INFO  main            d.u.i.k.p.i.AbstractProblemLoader Replaying proof banking_example2.BankAccount[banking_example2.BankAccount::depositMoney(int)].Non-interference contract.0 
64037      DEBUG main            d.u.i.k.p.i.IntermediateProofReplayer Proof replay took 12.9ns 
64742      INFO  main            d.u.i.k.p.r.p.TestFile    ... finished proof: closed. 
64910      INFO  main            d.u.i.k.p.r.p.TestFile    Now processing file /home/runner/work/key/key/key.core/../key.ui/examples/InformationFlow/ToyBanking/banking_example2.BankAccount(banking_example2.BankAccount__getBalance()).Non-interference contract.0.key 
64911      INFO  main            d.u.i.k.p.i.AbstractProblemLoader Loading environment from /home/runner/work/key/key/key.core/../key.ui/examples/InformationFlow/ToyBanking/banking_example2.BankAccount(banking_example2.BankAccount__getBalance()).Non-interference contract.0.key 
64911      DEBUG main            d.u.i.k.p.i.AbstractProblemLoader Environment load took 65ns 
64912      INFO  main            d.u.i.k.p.i.AbstractProblemLoader Creating init config 
67683      DEBUG main            d.u.i.k.p.i.AbstractProblemLoader Init config took 2.77s 
67748      INFO  main            d.u.i.k.p.i.AbstractProblemLoader Replaying proof banking_example2.BankAccount[banking_example2.BankAccount::getBalance()].Non-interference contract.0 
67750      DEBUG main            d.u.i.k.p.i.IntermediateProofReplayer Proof replay took 12ns 
68057      INFO  main            d.u.i.k.p.r.p.TestFile    ... finished proof: closed. 
68199      INFO  main            d.u.i.k.p.r.p.TestFile    Now processing file /home/runner/work/key/key/key.core/../key.ui/examples/InformationFlow/ToyBanking/banking_example2.BankAccount(banking_example2.BankAccount__getId()).Non-interference contract.0.key 
68199      INFO  main            d.u.i.k.p.i.AbstractProblemLoader Loading environment from /home/runner/work/key/key/key.core/../key.ui/examples/InformationFlow/ToyBanking/banking_example2.BankAccount(banking_example2.BankAccount__getId()).Non-interference contract.0.key 
68200      DEBUG main            d.u.i.k.p.i.AbstractProblemLoader Environment load took 69.2ns 
68201      INFO  main            d.u.i.k.p.i.AbstractProblemLoader Creating init config 
70866      DEBUG main            d.u.i.k.p.i.AbstractProblemLoader Init config took 2.67s 
70930      INFO  main            d.u.i.k.p.i.AbstractProblemLoader Replaying proof banking_example2.BankAccount[banking_example2.BankAccount::getId()].Non-interference contract.0 
70932      DEBUG main            d.u.i.k.p.i.IntermediateProofReplayer Proof replay took 12ns 
71134      INFO  main            d.u.i.k.p.r.p.TestFile    ... finished proof: closed. 
806497     INFO  Test worker     d.u.i.k.p.r.RunAllProofsTestUnit Returning from test ToyBanking_nomacro 
806499     INFO  Test worker     d.u.i.k.p.r.RunAllProofsTestUnit Running test BlockContracts_nomacro 
324        INFO  Timeout watchdog d.u.i.k.p.r.p.ForkedTestFileRunner Timeout watcher launched (1000 secs.) 
340        WARN  main            d.u.i.k.s.ProofSettings   The settings in /home/runner/.key/proof-settings.props are *not* read. 
384        INFO  main            d.u.i.k.p.r.p.TestFile    Now processing file /home/runner/work/key/key/key.core/../key.ui/examples/InformationFlow/BlockContracts/contract.IFBlockExamples(contract.IFBlockExamples__secure_5()).Non-interference contract.0.key 
490        INFO  main            d.u.i.k.p.i.AbstractProblemLoader Loading environment from /home/runner/work/key/key/key.core/../key.ui/examples/InformationFlow/BlockContracts/contract.IFBlockExamples(contract.IFBlockExamples__secure_5()).Non-interference contract.0.key 
515        DEBUG main            d.u.i.k.p.i.AbstractProblemLoader Environment load took 2.02ms 
722        INFO  main            d.u.i.k.p.i.AbstractProblemLoader Creating init config 
1605       DEBUG main            d.u.i.k.j.TypeConverter   No LDT found for Meta 
1605       DEBUG main            d.u.i.k.j.TypeConverter   No LDT found for Meta 
1613       DEBUG main            d.u.i.k.j.TypeConverter   No LDT found for Meta 
1613       DEBUG main            d.u.i.k.j.TypeConverter   No LDT found for Meta 
3100       DEBUG main            d.u.i.k.j.TypeConverter   No LDT found for JavaBigintExpression 
8285       DEBUG main            d.u.i.k.p.i.AbstractProblemLoader Init config took 7.56s 
8431       INFO  main            d.u.i.k.p.i.AbstractProblemLoader Replaying proof contract.IFBlockExamples[contract.IFBlockExamples::secure_5()].Non-interference contract.0 
8495       DEBUG main            d.u.i.k.p.i.IntermediateProofReplayer Proof replay took 410ns 
10033      INFO  main            d.u.i.k.p.r.p.TestFile    ... finished proof: closed. 
10158      INFO  main            d.u.i.k.p.r.p.TestFile    Now processing file /home/runner/work/key/key/key.core/../key.ui/examples/InformationFlow/BlockContracts/contract.IFBlockExamples(contract.IFBlockExamples__block_no_return_secure(int)).Non-interference contract.0.key 
10159      INFO  main            d.u.i.k.p.i.AbstractProblemLoader Loading environment from /home/runner/work/key/key/key.core/../key.ui/examples/InformationFlow/BlockContracts/contract.IFBlockExamples(contract.IFBlockExamples__block_no_return_secure(int)).Non-interference contract.0.key 
10159      DEBUG main            d.u.i.k.p.i.AbstractProblemLoader Environment load took 78.1ns 
10163      INFO  main            d.u.i.k.p.i.AbstractProblemLoader Creating init config 
13251      DEBUG main            d.u.i.k.p.i.AbstractProblemLoader Init config took 3.09s 
13316      INFO  main            d.u.i.k.p.i.AbstractProblemLoader Replaying proof contract.IFBlockExamples[contract.IFBlockExamples::block_no_return_secure(int)].Non-interference contract.0 
13320      DEBUG main            d.u.i.k.p.i.IntermediateProofReplayer Proof replay took 13.4ns 
13824      INFO  main            d.u.i.k.p.r.p.TestFile    ... finished proof: closed. 
13959      INFO  main            d.u.i.k.p.r.p.TestFile    Now processing file /home/runner/work/key/key/key.core/../key.ui/examples/InformationFlow/BlockContracts/contract.IFBlockExamples(contract.IFBlockExamples__while_block_insecure(int)).Non-interference contract.0.key 
13960      INFO  main            d.u.i.k.p.i.AbstractProblemLoader Loading environment from /home/runner/work/key/key/key.core/../key.ui/examples/InformationFlow/BlockContracts/contract.IFBlockExamples(contract.IFBlockExamples__while_block_insecure(int)).Non-interference contract.0.key 
13960      DEBUG main            d.u.i.k.p.i.AbstractProblemLoader Environment load took 69ns 
13962      INFO  main            d.u.i.k.p.i.AbstractProblemLoader Creating init config 
16899      DEBUG main            d.u.i.k.p.i.AbstractProblemLoader Init config took 2.94s 
16972      INFO  main            d.u.i.k.p.i.AbstractProblemLoader Replaying proof contract.IFBlockExamples[contract.IFBlockExamples::while_block_insecure(int)].Non-interference contract.0 
16980      DEBUG main            d.u.i.k.p.i.IntermediateProofReplayer Proof replay took 13.5ns 
18509      INFO  main            d.u.i.k.p.r.p.TestFile    ... finished proof: open goal(s) 
18670      INFO  main            d.u.i.k.p.r.p.TestFile    Now processing file /home/runner/work/key/key/key.core/../key.ui/examples/InformationFlow/BlockContracts/contract.IFBlockExamples(contract.IFBlockExamples__while_block_secure(int)).Non-interference contract.0.key 
18672      INFO  main            d.u.i.k.p.i.AbstractProblemLoader Loading environment from /home/runner/work/key/key/key.core/../key.ui/examples/InformationFlow/BlockContracts/contract.IFBlockExamples(contract.IFBlockExamples__while_block_secure(int)).Non-interference contract.0.key 
18672      DEBUG main            d.u.i.k.p.i.AbstractProblemLoader Environment load took 127ns 
18673      INFO  main            d.u.i.k.p.i.AbstractProblemLoader Creating init config 
21600      DEBUG main            d.u.i.k.p.i.AbstractProblemLoader Init config took 2.93s 
21649      INFO  main            d.u.i.k.p.i.AbstractProblemLoader Replaying proof contract.IFBlockExamples[contract.IFBlockExamples::while_block_secure(int)].Non-interference contract.0 
21652      DEBUG main            d.u.i.k.p.i.IntermediateProofReplayer Proof replay took 13.4ns 
22857      INFO  main            d.u.i.k.p.r.p.TestFile    ... finished proof: closed. 
23041      INFO  main            d.u.i.k.p.r.p.TestFile    Now processing file /home/runner/work/key/key/key.core/../key.ui/examples/InformationFlow/BlockContracts/contract.IFBlockExamples(contract.IFBlockExamples__block_while_secure(int)).Non-interference contract.0.key 
23041      INFO  main            d.u.i.k.p.i.AbstractProblemLoader Loading environment from /home/runner/work/key/key/key.core/../key.ui/examples/InformationFlow/BlockContracts/contract.IFBlockExamples(contract.IFBlockExamples__block_while_secure(int)).Non-interference contract.0.key 
23041      DEBUG main            d.u.i.k.p.i.AbstractProblemLoader Environment load took 60.8ns 
23043      INFO  main            d.u.i.k.p.i.AbstractProblemLoader Creating init config 
25877      DEBUG main            d.u.i.k.p.i.AbstractProblemLoader Init config took 2.83s 
25924      INFO  main            d.u.i.k.p.i.AbstractProblemLoader Replaying proof contract.IFBlockExamples[contract.IFBlockExamples::block_while_secure(int)].Non-interference contract.0 
25927      DEBUG main            d.u.i.k.p.i.IntermediateProofReplayer Proof replay took 12.8ns 
27338      INFO  main            d.u.i.k.p.r.p.TestFile    ... finished proof: closed. 
27541      INFO  main            d.u.i.k.p.r.p.TestFile    Now processing file /home/runner/work/key/key/key.core/../key.ui/examples/InformationFlow/BlockContracts/contract.IFBlockExamples(contract.IFBlockExamples__insecure_4(int)).Non-interference contract.0.key 
27542      INFO  main            d.u.i.k.p.i.AbstractProblemLoader Loading environment from /home/runner/work/key/key/key.core/../key.ui/examples/InformationFlow/BlockContracts/contract.IFBlockExamples(contract.IFBlockExamples__insecure_4(int)).Non-interference contract.0.key 
27542      DEBUG main            d.u.i.k.p.i.AbstractProblemLoader Environment load took 98.6ns 
27543      INFO  main            d.u.i.k.p.i.AbstractProblemLoader Creating init config 
30350      DEBUG main            d.u.i.k.p.i.AbstractProblemLoader Init config took 2.81s 
30396      INFO  main            d.u.i.k.p.i.AbstractProblemLoader Replaying proof contract.IFBlockExamples[contract.IFBlockExamples::insecure_4(int)].Non-interference contract.0 
30399      DEBUG main            d.u.i.k.p.i.IntermediateProofReplayer Proof replay took 11.8ns 
32332      INFO  main            d.u.i.k.p.r.p.TestFile    ... finished proof: open goal(s) 
32534      INFO  main            d.u.i.k.p.r.p.TestFile    Now processing file /home/runner/work/key/key/key.core/../key.ui/examples/InformationFlow/BlockContracts/contract.IFBlockExamples(contract.IFBlockExamples__insecure_3(int)).Non-interference contract.0.key 
32535      INFO  main            d.u.i.k.p.i.AbstractProblemLoader Loading environment from /home/runner/work/key/key/key.core/../key.ui/examples/InformationFlow/BlockContracts/contract.IFBlockExamples(contract.IFBlockExamples__insecure_3(int)).Non-interference contract.0.key 
32535      DEBUG main            d.u.i.k.p.i.AbstractProblemLoader Environment load took 66.9ns 
32538      INFO  main            d.u.i.k.p.i.AbstractProblemLoader Creating init config 
35326      DEBUG main            d.u.i.k.p.i.AbstractProblemLoader Init config took 2.79s 
35376      INFO  main            d.u.i.k.p.i.AbstractProblemLoader Replaying proof contract.IFBlockExamples[contract.IFBlockExamples::insecure_3(int)].Non-interference contract.0 
35379      DEBUG main            d.u.i.k.p.i.IntermediateProofReplayer Proof replay took 12.2ns 
37291      INFO  main            d.u.i.k.p.r.p.TestFile    ... finished proof: open goal(s) 
37518      INFO  main            d.u.i.k.p.r.p.TestFile    Now processing file /home/runner/work/key/key/key.core/../key.ui/examples/InformationFlow/BlockContracts/contract.IFBlockExamples(contract.IFBlockExamples__secure_3(int)).Non-interference contract.0.key 
37518      INFO  main            d.u.i.k.p.i.AbstractProblemLoader Loading environment from /home/runner/work/key/key/key.core/../key.ui/examples/InformationFlow/BlockContracts/contract.IFBlockExamples(contract.IFBlockExamples__secure_3(int)).Non-interference contract.0.key 
37518      DEBUG main            d.u.i.k.p.i.AbstractProblemLoader Environment load took 65.5ns 
37519      INFO  main            d.u.i.k.p.i.AbstractProblemLoader Creating init config 
40240      DEBUG main            d.u.i.k.p.i.AbstractProblemLoader Init config took 2.72s 
40283      INFO  main            d.u.i.k.p.i.AbstractProblemLoader Replaying proof contract.IFBlockExamples[contract.IFBlockExamples::secure_3(int)].Non-interference contract.0 
40286      DEBUG main            d.u.i.k.p.i.IntermediateProofReplayer Proof replay took 12.6ns 
41993      INFO  main            d.u.i.k.p.r.p.TestFile    ... finished proof: closed. 
42235      INFO  main            d.u.i.k.p.r.p.TestFile    Now processing file /home/runner/work/key/key/key.core/../key.ui/examples/InformationFlow/BlockContracts/contract.IFBlockExamples(contract.IFBlockExamples__secure_2(int)).Non-interference contract.0.key 
42235      INFO  main            d.u.i.k.p.i.AbstractProblemLoader Loading environment from /home/runner/work/key/key/key.core/../key.ui/examples/InformationFlow/BlockContracts/contract.IFBlockExamples(contract.IFBlockExamples__secure_2(int)).Non-interference contract.0.key 
42236      DEBUG main            d.u.i.k.p.i.AbstractProblemLoader Environment load took 66.3ns 
42237      INFO  main            d.u.i.k.p.i.AbstractProblemLoader Creating init config 
44935      DEBUG main            d.u.i.k.p.i.AbstractProblemLoader Init config took 2.7s 
44992      INFO  main            d.u.i.k.p.i.AbstractProblemLoader Replaying proof contract.IFBlockExamples[contract.IFBlockExamples::secure_2(int)].Non-interference contract.0 
44995      DEBUG main            d.u.i.k.p.i.IntermediateProofReplayer Proof replay took 12.8ns 
47137      INFO  main            d.u.i.k.p.r.p.TestFile    ... finished proof: closed. 
47393      INFO  main            d.u.i.k.p.r.p.TestFile    Now processing file /home/runner/work/key/key/key.core/../key.ui/examples/InformationFlow/BlockContracts/contract.IFBlockExamples(contract.IFBlockExamples__secure_8(int)).Non-interference contract.0.key 
47393      INFO  main            d.u.i.k.p.i.AbstractProblemLoader Loading environment from /home/runner/work/key/key/key.core/../key.ui/examples/InformationFlow/BlockContracts/contract.IFBlockExamples(contract.IFBlockExamples__secure_8(int)).Non-interference contract.0.key 
47394      DEBUG main            d.u.i.k.p.i.AbstractProblemLoader Environment load took 73.5ns 
47395      INFO  main            d.u.i.k.p.i.AbstractProblemLoader Creating init config 
50105      DEBUG main            d.u.i.k.p.i.AbstractProblemLoader Init config took 2.71s 
50148      INFO  main            d.u.i.k.p.i.AbstractProblemLoader Replaying proof contract.IFBlockExamples[contract.IFBlockExamples::secure_8(int)].Non-interference contract.0 
50151      DEBUG main            d.u.i.k.p.i.IntermediateProofReplayer Proof replay took 12.5ns 
50758      INFO  main            d.u.i.k.p.r.p.TestFile    ... finished proof: closed. 
50958      INFO  main            d.u.i.k.p.r.p.TestFile    Now processing file /home/runner/work/key/key/key.core/../key.ui/examples/InformationFlow/BlockContracts/contract.IFBlockExamples(contract.IFBlockExamples__secure_7(int)).Non-interference contract.0.key 
50959      INFO  main            d.u.i.k.p.i.AbstractProblemLoader Loading environment from /home/runner/work/key/key/key.core/../key.ui/examples/InformationFlow/BlockContracts/contract.IFBlockExamples(contract.IFBlockExamples__secure_7(int)).Non-interference contract.0.key 
50959      DEBUG main            d.u.i.k.p.i.AbstractProblemLoader Environment load took 112.4ns 
50960      INFO  main            d.u.i.k.p.i.AbstractProblemLoader Creating init config 
53658      DEBUG main            d.u.i.k.p.i.AbstractProblemLoader Init config took 2.7s 
53700      INFO  main            d.u.i.k.p.i.AbstractProblemLoader Replaying proof contract.IFBlockExamples[contract.IFBlockExamples::secure_7(int)].Non-interference contract.0 
53702      DEBUG main            d.u.i.k.p.i.IntermediateProofReplayer Proof replay took 13.3ns 
54105      INFO  main            d.u.i.k.p.r.p.TestFile    ... finished proof: closed. 
54314      INFO  main            d.u.i.k.p.r.p.TestFile    Now processing file /home/runner/work/key/key/key.core/../key.ui/examples/InformationFlow/BlockContracts/contract.IFBlockExamples(contract.IFBlockExamples__secure_6(int)).Non-interference contract.0.key 
54315      INFO  main            d.u.i.k.p.i.AbstractProblemLoader Loading environment from /home/runner/work/key/key/key.core/../key.ui/examples/InformationFlow/BlockContracts/contract.IFBlockExamples(contract.IFBlockExamples__secure_6(int)).Non-interference contract.0.key 
54315      DEBUG main            d.u.i.k.p.i.AbstractProblemLoader Environment load took 58.7ns 
54316      INFO  main            d.u.i.k.p.i.AbstractProblemLoader Creating init config 
57019      DEBUG main            d.u.i.k.p.i.AbstractProblemLoader Init config took 2.7s 
57069      INFO  main            d.u.i.k.p.i.AbstractProblemLoader Replaying proof contract.IFBlockExamples[contract.IFBlockExamples::secure_6(int)].Non-interference contract.0 
57073      DEBUG main            d.u.i.k.p.i.IntermediateProofReplayer Proof replay took 12ns 
57576      INFO  main            d.u.i.k.p.r.p.TestFile    ... finished proof: closed. 
57774      INFO  main            d.u.i.k.p.r.p.TestFile    Now processing file /home/runner/work/key/key/key.core/../key.ui/examples/InformationFlow/BlockContracts/contract.IFBlockExamples(contract.IFBlockExamples__insecure_1(int)).Non-interference contract.0.key 
57774      INFO  main            d.u.i.k.p.i.AbstractProblemLoader Loading environment from /home/runner/work/key/key/key.core/../key.ui/examples/InformationFlow/BlockContracts/contract.IFBlockExamples(contract.IFBlockExamples__insecure_1(int)).Non-interference contract.0.key 
57774      DEBUG main            d.u.i.k.p.i.AbstractProblemLoader Environment load took 61.1ns 
57775      INFO  main            d.u.i.k.p.i.AbstractProblemLoader Creating init config 
60530      DEBUG main            d.u.i.k.p.i.AbstractProblemLoader Init config took 2.76s 
60573      INFO  main            d.u.i.k.p.i.AbstractProblemLoader Replaying proof contract.IFBlockExamples[contract.IFBlockExamples::insecure_1(int)].Non-interference contract.0 
60576      DEBUG main            d.u.i.k.p.i.IntermediateProofReplayer Proof replay took 13.4ns 
61085      INFO  main            d.u.i.k.p.r.p.TestFile    ... finished proof: open goal(s) 
61273      INFO  main            d.u.i.k.p.r.p.TestFile    Now processing file /home/runner/work/key/key/key.core/../key.ui/examples/InformationFlow/BlockContracts/contract.IFBlockExamples(contract.IFBlockExamples__secure_4(int)).Non-interference contract.0.key 
61276      INFO  main            d.u.i.k.p.i.AbstractProblemLoader Loading environment from /home/runner/work/key/key/key.core/../key.ui/examples/InformationFlow/BlockContracts/contract.IFBlockExamples(contract.IFBlockExamples__secure_4(int)).Non-interference contract.0.key 
61276      DEBUG main            d.u.i.k.p.i.AbstractProblemLoader Environment load took 123.5ns 
61277      INFO  main            d.u.i.k.p.i.AbstractProblemLoader Creating init config 
63997      DEBUG main            d.u.i.k.p.i.AbstractProblemLoader Init config took 2.72s 
64039      INFO  main            d.u.i.k.p.i.AbstractProblemLoader Replaying proof contract.IFBlockExamples[contract.IFBlockExamples::secure_4(int)].Non-interference contract.0 
64041      DEBUG main            d.u.i.k.p.i.IntermediateProofReplayer Proof replay took 13ns 
64644      INFO  main            d.u.i.k.p.r.p.TestFile    ... finished proof: closed. 
64904      INFO  main            d.u.i.k.p.r.p.TestFile    Now processing file /home/runner/work/key/key/key.core/../key.ui/examples/InformationFlow/BlockContracts/contract.IFBlockExamples(contract.IFBlockExamples__secure_1(int)).Non-interference contract.0.key 
64905      INFO  main            d.u.i.k.p.i.AbstractProblemLoader Loading environment from /home/runner/work/key/key/key.core/../key.ui/examples/InformationFlow/BlockContracts/contract.IFBlockExamples(contract.IFBlockExamples__secure_1(int)).Non-interference contract.0.key 
64905      DEBUG main            d.u.i.k.p.i.AbstractProblemLoader Environment load took 55.5ns 
64906      INFO  main            d.u.i.k.p.i.AbstractProblemLoader Creating init config 
67611      DEBUG main            d.u.i.k.p.i.AbstractProblemLoader Init config took 2.71s 
67674      INFO  main            d.u.i.k.p.i.AbstractProblemLoader Replaying proof contract.IFBlockExamples[contract.IFBlockExamples::secure_1(int)].Non-interference contract.0 
67676      DEBUG main            d.u.i.k.p.i.IntermediateProofReplayer Proof replay took 13.9ns 
68380      INFO  main            d.u.i.k.p.r.p.TestFile    ... finished proof: closed. 
68580      INFO  main            d.u.i.k.p.r.p.TestFile    Now processing file /home/runner/work/key/key/key.core/../key.ui/examples/InformationFlow/BlockContracts/contract.IFEfficiencyExamples(contract.IFEfficiencyExamples__mWithoutBlockContract()).Non-interference contract.0.key 
68580      INFO  main            d.u.i.k.p.i.AbstractProblemLoader Loading environment from /home/runner/work/key/key/key.core/../key.ui/examples/InformationFlow/BlockContracts/contract.IFEfficiencyExamples(contract.IFEfficiencyExamples__mWithoutBlockContract()).Non-interference contract.0.key 
68580      DEBUG main            d.u.i.k.p.i.AbstractProblemLoader Environment load took 59ns 
68581      INFO  main            d.u.i.k.p.i.AbstractProblemLoader Creating init config 
71264      DEBUG main            d.u.i.k.p.i.AbstractProblemLoader Init config took 2.68s 
71307      INFO  main            d.u.i.k.p.i.AbstractProblemLoader Replaying proof contract.IFEfficiencyExamples[contract.IFEfficiencyExamples::mWithoutBlockContract()].Non-interference contract.0 
71309      DEBUG main            d.u.i.k.p.i.IntermediateProofReplayer Proof replay took 13.2ns 
73981      INFO  main            d.u.i.k.p.r.p.TestFile    ... finished proof: closed. 
74287      INFO  main            d.u.i.k.p.r.p.TestFile    Now processing file /home/runner/work/key/key/key.core/../key.ui/examples/InformationFlow/BlockContracts/contract.IFEfficiencyExamples(contract.IFEfficiencyExamples__mWithBlockContract()).Non-interference contract.0.key 
74287      INFO  main            d.u.i.k.p.i.AbstractProblemLoader Loading environment from /home/runner/work/key/key/key.core/../key.ui/examples/InformationFlow/BlockContracts/contract.IFEfficiencyExamples(contract.IFEfficiencyExamples__mWithBlockContract()).Non-interference contract.0.key 
74287      DEBUG main            d.u.i.k.p.i.AbstractProblemLoader Environment load took 55.1ns 
74288      INFO  main            d.u.i.k.p.i.AbstractProblemLoader Creating init config 
76963      DEBUG main            d.u.i.k.p.i.AbstractProblemLoader Init config took 2.67s 
77000      INFO  main            d.u.i.k.p.i.AbstractProblemLoader Replaying proof contract.IFEfficiencyExamples[contract.IFEfficiencyExamples::mWithBlockContract()].Non-interference contract.0 
77002      DEBUG main            d.u.i.k.p.i.IntermediateProofReplayer Proof replay took 13.1ns 
79215      INFO  main            d.u.i.k.p.r.p.TestFile    ... finished proof: closed. 
886080     INFO  Test worker     d.u.i.k.p.r.RunAllProofsTestUnit Returning from test BlockContracts_nomacro 
886081     INFO  Test worker     d.u.i.k.p.r.RunAllProofsTestUnit Running test MethodContracts_nomacro 
355        INFO  Timeout watchdog d.u.i.k.p.r.p.ForkedTestFileRunner Timeout watcher launched (1000 secs.) 
377        WARN  main            d.u.i.k.s.ProofSettings   The settings in /home/runner/.key/proof-settings.props are *not* read. 
399        INFO  main            d.u.i.k.p.r.p.TestFile    Now processing file /home/runner/work/key/key/key.core/../key.ui/examples/InformationFlow/MethodContracts/contract.IFMethodContract(contract.IFMethodContract__secure_recursion_2((I,int)).Non-interference contract.0.key 
564        INFO  main            d.u.i.k.p.i.AbstractProblemLoader Loading environment from /home/runner/work/key/key/key.core/../key.ui/examples/InformationFlow/MethodContracts/contract.IFMethodContract(contract.IFMethodContract__secure_recursion_2((I,int)).Non-interference contract.0.key 
582        DEBUG main            d.u.i.k.p.i.AbstractProblemLoader Environment load took 2.35ms 
798        INFO  main            d.u.i.k.p.i.AbstractProblemLoader Creating init config 
1572       DEBUG main            d.u.i.k.j.TypeConverter   No LDT found for Meta 
1573       DEBUG main            d.u.i.k.j.TypeConverter   No LDT found for Meta 
1575       DEBUG main            d.u.i.k.j.TypeConverter   No LDT found for Meta 
1575       DEBUG main            d.u.i.k.j.TypeConverter   No LDT found for Meta 
3118       DEBUG main            d.u.i.k.j.TypeConverter   No LDT found for JavaBigintExpression 
7873       DEBUG main            d.u.i.k.p.i.AbstractProblemLoader Init config took 7.08s 
8035       INFO  main            d.u.i.k.p.i.AbstractProblemLoader Replaying proof contract.IFMethodContract[contract.IFMethodContract::secure_recursion_2([I,int)].Non-interference contract.0 
8111       DEBUG main            d.u.i.k.p.i.IntermediateProofReplayer Proof replay took 419.3ns 
11770      INFO  main            d.u.i.k.p.r.p.TestFile    ... finished proof: closed. 
12017      INFO  main            d.u.i.k.p.r.p.TestFile    Now processing file /home/runner/work/key/key/key.core/../key.ui/examples/InformationFlow/MethodContracts/contract.IFMethodContract(contract.IFMethodContract__secure_recursion(int)).Non-interference contract.0.key 
12018      INFO  main            d.u.i.k.p.i.AbstractProblemLoader Loading environment from /home/runner/work/key/key/key.core/../key.ui/examples/InformationFlow/MethodContracts/contract.IFMethodContract(contract.IFMethodContract__secure_recursion(int)).Non-interference contract.0.key 
12018      DEBUG main            d.u.i.k.p.i.AbstractProblemLoader Environment load took 345ns 
12021      INFO  main            d.u.i.k.p.i.AbstractProblemLoader Creating init config 
14847      DEBUG main            d.u.i.k.p.i.AbstractProblemLoader Init config took 2.83s 
14908      INFO  main            d.u.i.k.p.i.AbstractProblemLoader Replaying proof contract.IFMethodContract[contract.IFMethodContract::secure_recursion(int)].Non-interference contract.0 
14912      DEBUG main            d.u.i.k.p.i.IntermediateProofReplayer Proof replay took 12.4ns 
15316      INFO  main            d.u.i.k.p.r.p.TestFile    ... finished proof: closed. 
15432      INFO  main            d.u.i.k.p.r.p.TestFile    Now processing file /home/runner/work/key/key/key.core/../key.ui/examples/InformationFlow/MethodContracts/contract.IFMethodContract(contract.IFMethodContract__secure_catch_exception()).Non-interference contract.0.key 
15432      INFO  main            d.u.i.k.p.i.AbstractProblemLoader Loading environment from /home/runner/work/key/key/key.core/../key.ui/examples/InformationFlow/MethodContracts/contract.IFMethodContract(contract.IFMethodContract__secure_catch_exception()).Non-interference contract.0.key 
15432      DEBUG main            d.u.i.k.p.i.AbstractProblemLoader Environment load took 75.3ns 
15434      INFO  main            d.u.i.k.p.i.AbstractProblemLoader Creating init config 
18058      DEBUG main            d.u.i.k.p.i.AbstractProblemLoader Init config took 2.62s 
18113      INFO  main            d.u.i.k.p.i.AbstractProblemLoader Replaying proof contract.IFMethodContract[contract.IFMethodContract::secure_catch_exception()].Non-interference contract.0 
18117      DEBUG main            d.u.i.k.p.i.IntermediateProofReplayer Proof replay took 14.6ns 
18420      INFO  main            d.u.i.k.p.r.p.TestFile    ... finished proof: closed. 
18545      INFO  main            d.u.i.k.p.r.p.TestFile    Now processing file /home/runner/work/key/key/key.core/../key.ui/examples/InformationFlow/MethodContracts/contract.IFMethodContract(contract.IFMethodContract__n6()).Non-interference contract.0.key 
18545      INFO  main            d.u.i.k.p.i.AbstractProblemLoader Loading environment from /home/runner/work/key/key/key.core/../key.ui/examples/InformationFlow/MethodContracts/contract.IFMethodContract(contract.IFMethodContract__n6()).Non-interference contract.0.key 
18545      DEBUG main            d.u.i.k.p.i.AbstractProblemLoader Environment load took 72.4ns 
18546      INFO  main            d.u.i.k.p.i.AbstractProblemLoader Creating init config 
21117      DEBUG main            d.u.i.k.p.i.AbstractProblemLoader Init config took 2.57s 
21167      INFO  main            d.u.i.k.p.i.AbstractProblemLoader Replaying proof contract.IFMethodContract[contract.IFMethodContract::n6()].Non-interference contract.0 
21170      DEBUG main            d.u.i.k.p.i.IntermediateProofReplayer Proof replay took 11.3ns 
21372      INFO  main            d.u.i.k.p.r.p.TestFile    ... finished proof: closed. 
21547      INFO  main            d.u.i.k.p.r.p.TestFile    Now processing file /home/runner/work/key/key/key.core/../key.ui/examples/InformationFlow/MethodContracts/contract.IFMethodContract(contract.IFMethodContract__secure_n6()).Non-interference contract.0.key 
21549      INFO  main            d.u.i.k.p.i.AbstractProblemLoader Loading environment from /home/runner/work/key/key/key.core/../key.ui/examples/InformationFlow/MethodContracts/contract.IFMethodContract(contract.IFMethodContract__secure_n6()).Non-interference contract.0.key 
21549      DEBUG main            d.u.i.k.p.i.AbstractProblemLoader Environment load took 113.9ns 
21551      INFO  main            d.u.i.k.p.i.AbstractProblemLoader Creating init config 
24106      DEBUG main            d.u.i.k.p.i.AbstractProblemLoader Init config took 2.56s 
24152      INFO  main            d.u.i.k.p.i.AbstractProblemLoader Replaying proof contract.IFMethodContract[contract.IFMethodContract::secure_n6()].Non-interference contract.0 
24155      DEBUG main            d.u.i.k.p.i.IntermediateProofReplayer Proof replay took 11.8ns 
24360      INFO  main            d.u.i.k.p.r.p.TestFile    ... finished proof: closed. 
24488      INFO  main            d.u.i.k.p.r.p.TestFile    Now processing file /home/runner/work/key/key/key.core/../key.ui/examples/InformationFlow/MethodContracts/contract.IFMethodContract(contract.IFMethodContract__secure_array_param((I,int)).Non-interference contract.0.key 
24488      INFO  main            d.u.i.k.p.i.AbstractProblemLoader Loading environment from /home/runner/work/key/key/key.core/../key.ui/examples/InformationFlow/MethodContracts/contract.IFMethodContract(contract.IFMethodContract__secure_array_param((I,int)).Non-interference contract.0.key 
24488      DEBUG main            d.u.i.k.p.i.AbstractProblemLoader Environment load took 58.4ns 
24490      INFO  main            d.u.i.k.p.i.AbstractProblemLoader Creating init config 
26995      DEBUG main            d.u.i.k.p.i.AbstractProblemLoader Init config took 2.5s 
27040      INFO  main            d.u.i.k.p.i.AbstractProblemLoader Replaying proof contract.IFMethodContract[contract.IFMethodContract::secure_array_param([I,int)].Non-interference contract.0 
27043      DEBUG main            d.u.i.k.p.i.IntermediateProofReplayer Proof replay took 12.4ns 
28149      INFO  main            d.u.i.k.p.r.p.TestFile    ... finished proof: closed. 
28282      INFO  main            d.u.i.k.p.r.p.TestFile    Now processing file /home/runner/work/key/key/key.core/../key.ui/examples/InformationFlow/MethodContracts/contract.IFMethodContract(contract.IFMethodContract__secure_assignment_0_n9()).Non-interference contract.0.key 
28282      INFO  main            d.u.i.k.p.i.AbstractProblemLoader Loading environment from /home/runner/work/key/key/key.core/../key.ui/examples/InformationFlow/MethodContracts/contract.IFMethodContract(contract.IFMethodContract__secure_assignment_0_n9()).Non-interference contract.0.key 
28282      DEBUG main            d.u.i.k.p.i.AbstractProblemLoader Environment load took 62.3ns 
28283      INFO  main            d.u.i.k.p.i.AbstractProblemLoader Creating init config 
30746      DEBUG main            d.u.i.k.p.i.AbstractProblemLoader Init config took 2.46s 
30789      INFO  main            d.u.i.k.p.i.AbstractProblemLoader Replaying proof contract.IFMethodContract[contract.IFMethodContract::secure_assignment_0_n9()].Non-interference contract.0 
30792      DEBUG main            d.u.i.k.p.i.IntermediateProofReplayer Proof replay took 11.7ns 
30995      INFO  main            d.u.i.k.p.r.p.TestFile    ... finished proof: closed. 
31124      INFO  main            d.u.i.k.p.r.p.TestFile    Now processing file /home/runner/work/key/key/key.core/../key.ui/examples/InformationFlow/MethodContracts/contract.IFMethodContract(contract.IFMethodContract__insecure_if_high_n5_n1()).Non-interference contract.0.key 
31124      INFO  main            d.u.i.k.p.i.AbstractProblemLoader Loading environment from /home/runner/work/key/key/key.core/../key.ui/examples/InformationFlow/MethodContracts/contract.IFMethodContract(contract.IFMethodContract__insecure_if_high_n5_n1()).Non-interference contract.0.key 
31125      DEBUG main            d.u.i.k.p.i.AbstractProblemLoader Environment load took 61.5ns 
31126      INFO  main            d.u.i.k.p.i.AbstractProblemLoader Creating init config 
33594      DEBUG main            d.u.i.k.p.i.AbstractProblemLoader Init config took 2.47s 
33637      INFO  main            d.u.i.k.p.i.AbstractProblemLoader Replaying proof contract.IFMethodContract[contract.IFMethodContract::insecure_if_high_n5_n1()].Non-interference contract.0 
33639      DEBUG main            d.u.i.k.p.i.IntermediateProofReplayer Proof replay took 12.7ns 
34351      INFO  main            d.u.i.k.p.r.p.TestFile    ... finished proof: open goal(s) 
34499      INFO  main            d.u.i.k.p.r.p.TestFile    Now processing file /home/runner/work/key/key/key.core/../key.ui/examples/InformationFlow/MethodContracts/contract.IFMethodContract(contract.IFMethodContract__n5(int)).Non-interference contract.0.key 
34500      INFO  main            d.u.i.k.p.i.AbstractProblemLoader Loading environment from /home/runner/work/key/key/key.core/../key.ui/examples/InformationFlow/MethodContracts/contract.IFMethodContract(contract.IFMethodContract__n5(int)).Non-interference contract.0.key 
34500      DEBUG main            d.u.i.k.p.i.AbstractProblemLoader Environment load took 58.1ns 
34501      INFO  main            d.u.i.k.p.i.AbstractProblemLoader Creating init config 
37002      DEBUG main            d.u.i.k.p.i.AbstractProblemLoader Init config took 2.5s 
37045      INFO  main            d.u.i.k.p.i.AbstractProblemLoader Replaying proof contract.IFMethodContract[contract.IFMethodContract::n5(int)].Non-interference contract.0 
37048      DEBUG main            d.u.i.k.p.i.IntermediateProofReplayer Proof replay took 13.2ns 
37151      INFO  main            d.u.i.k.p.r.p.TestFile    ... finished proof: closed. 
37304      INFO  main            d.u.i.k.p.r.p.TestFile    Now processing file /home/runner/work/key/key/key.core/../key.ui/examples/InformationFlow/MethodContracts/contract.IFMethodContract(contract.IFMethodContract__secure_if_high_n5_n1()).Non-interference contract.0.key 
37305      INFO  main            d.u.i.k.p.i.AbstractProblemLoader Loading environment from /home/runner/work/key/key/key.core/../key.ui/examples/InformationFlow/MethodContracts/contract.IFMethodContract(contract.IFMethodContract__secure_if_high_n5_n1()).Non-interference contract.0.key 
37305      DEBUG main            d.u.i.k.p.i.AbstractProblemLoader Environment load took 65ns 
37306      INFO  main            d.u.i.k.p.i.AbstractProblemLoader Creating init config 
39782      DEBUG main            d.u.i.k.p.i.AbstractProblemLoader Init config took 2.48s 
39823      INFO  main            d.u.i.k.p.i.AbstractProblemLoader Replaying proof contract.IFMethodContract[contract.IFMethodContract::secure_if_high_n5_n1()].Non-interference contract.0 
39825      DEBUG main            d.u.i.k.p.i.IntermediateProofReplayer Proof replay took 11.3ns 
40752      INFO  main            d.u.i.k.p.r.p.TestFile    ... finished proof: closed. 
40918      INFO  main            d.u.i.k.p.r.p.TestFile    Now processing file /home/runner/work/key/key/key.core/../key.ui/examples/InformationFlow/MethodContracts/contract.IFMethodContract(contract.IFMethodContract__secure_if_high_n1()).Non-interference contract.0.key 
40918      INFO  main            d.u.i.k.p.i.AbstractProblemLoader Loading environment from /home/runner/work/key/key/key.core/../key.ui/examples/InformationFlow/MethodContracts/contract.IFMethodContract(contract.IFMethodContract__secure_if_high_n1()).Non-interference contract.0.key 
40918      DEBUG main            d.u.i.k.p.i.AbstractProblemLoader Environment load took 60.2ns 
40920      INFO  main            d.u.i.k.p.i.AbstractProblemLoader Creating init config 
43380      DEBUG main            d.u.i.k.p.i.AbstractProblemLoader Init config took 2.46s 
43421      INFO  main            d.u.i.k.p.i.AbstractProblemLoader Replaying proof contract.IFMethodContract[contract.IFMethodContract::secure_if_high_n1()].Non-interference contract.0 
43424      DEBUG main            d.u.i.k.p.i.IntermediateProofReplayer Proof replay took 12ns 
43927      INFO  main            d.u.i.k.p.r.p.TestFile    ... finished proof: closed. 
44090      INFO  main            d.u.i.k.p.r.p.TestFile    Now processing file /home/runner/work/key/key/key.core/../key.ui/examples/InformationFlow/MethodContracts/contract.IFMethodContract(contract.IFMethodContract__secure_n5()).Non-interference contract.0.key 
44090      INFO  main            d.u.i.k.p.i.AbstractProblemLoader Loading environment from /home/runner/work/key/key/key.core/../key.ui/examples/InformationFlow/MethodContracts/contract.IFMethodContract(contract.IFMethodContract__secure_n5()).Non-interference contract.0.key 
44091      DEBUG main            d.u.i.k.p.i.AbstractProblemLoader Environment load took 117.4ns 
44091      INFO  main            d.u.i.k.p.i.AbstractProblemLoader Creating init config 
46528      DEBUG main            d.u.i.k.p.i.AbstractProblemLoader Init config took 2.44s 
46569      INFO  main            d.u.i.k.p.i.AbstractProblemLoader Replaying proof contract.IFMethodContract[contract.IFMethodContract::secure_n5()].Non-interference contract.0 
46572      DEBUG main            d.u.i.k.p.i.IntermediateProofReplayer Proof replay took 12.1ns 
46774      INFO  main            d.u.i.k.p.r.p.TestFile    ... finished proof: closed. 
46974      INFO  main            d.u.i.k.p.r.p.TestFile    Now processing file /home/runner/work/key/key/key.core/../key.ui/examples/InformationFlow/MethodContracts/contract.IFMethodContract(contract.IFMethodContract__n4()).Non-interference contract.0.key 
46974      INFO  main            d.u.i.k.p.i.AbstractProblemLoader Loading environment from /home/runner/work/key/key/key.core/../key.ui/examples/InformationFlow/MethodContracts/contract.IFMethodContract(contract.IFMethodContract__n4()).Non-interference contract.0.key 
46974      DEBUG main            d.u.i.k.p.i.AbstractProblemLoader Environment load took 59.2ns 
46975      INFO  main            d.u.i.k.p.i.AbstractProblemLoader Creating init config 
49394      DEBUG main            d.u.i.k.p.i.AbstractProblemLoader Init config took 2.42s 
49433      INFO  main            d.u.i.k.p.i.AbstractProblemLoader Replaying proof contract.IFMethodContract[contract.IFMethodContract::n4()].Non-interference contract.0 
49435      DEBUG main            d.u.i.k.p.i.IntermediateProofReplayer Proof replay took 12.1ns 
49640      INFO  main            d.u.i.k.p.r.p.TestFile    ... finished proof: closed. 
49782      INFO  main            d.u.i.k.p.r.p.TestFile    Now processing file /home/runner/work/key/key/key.core/../key.ui/examples/InformationFlow/MethodContracts/contract.IFMethodContract(contract.IFMethodContract__n3()).Non-interference contract.0.key 
49783      INFO  main            d.u.i.k.p.i.AbstractProblemLoader Loading environment from /home/runner/work/key/key/key.core/../key.ui/examples/InformationFlow/MethodContracts/contract.IFMethodContract(contract.IFMethodContract__n3()).Non-interference contract.0.key 
49783      DEBUG main            d.u.i.k.p.i.AbstractProblemLoader Environment load took 55.1ns 
49783      INFO  main            d.u.i.k.p.i.AbstractProblemLoader Creating init config 
52222      DEBUG main            d.u.i.k.p.i.AbstractProblemLoader Init config took 2.44s 
52264      INFO  main            d.u.i.k.p.i.AbstractProblemLoader Replaying proof contract.IFMethodContract[contract.IFMethodContract::n3()].Non-interference contract.0 
52269      DEBUG main            d.u.i.k.p.i.IntermediateProofReplayer Proof replay took 14.4ns 
52371      INFO  main            d.u.i.k.p.r.p.TestFile    ... finished proof: closed. 
52523      INFO  main            d.u.i.k.p.r.p.TestFile    Now processing file /home/runner/work/key/key/key.core/../key.ui/examples/InformationFlow/MethodContracts/contract.IFMethodContract(contract.IFMethodContract__secure_sequential_n3_precond_n4()).Non-interference contract.0.key 
52524      INFO  main            d.u.i.k.p.i.AbstractProblemLoader Loading environment from /home/runner/work/key/key/key.core/../key.ui/examples/InformationFlow/MethodContracts/contract.IFMethodContract(contract.IFMethodContract__secure_sequential_n3_precond_n4()).Non-interference contract.0.key 
52524      DEBUG main            d.u.i.k.p.i.AbstractProblemLoader Environment load took 101.5ns 
52525      INFO  main            d.u.i.k.p.i.AbstractProblemLoader Creating init config 
54948      DEBUG main            d.u.i.k.p.i.AbstractProblemLoader Init config took 2.42s 
54987      INFO  main            d.u.i.k.p.i.AbstractProblemLoader Replaying proof contract.IFMethodContract[contract.IFMethodContract::secure_sequential_n3_precond_n4()].Non-interference contract.0 
54990      DEBUG main            d.u.i.k.p.i.IntermediateProofReplayer Proof replay took 17.3ns 
55296      INFO  main            d.u.i.k.p.r.p.TestFile    ... finished proof: closed. 
55450      INFO  main            d.u.i.k.p.r.p.TestFile    Now processing file /home/runner/work/key/key/key.core/../key.ui/examples/InformationFlow/MethodContracts/contract.IFMethodContract(contract.IFMethodContract__insecure_assignment_n2()).Non-interference contract.0.key 
55450      INFO  main            d.u.i.k.p.i.AbstractProblemLoader Loading environment from /home/runner/work/key/key/key.core/../key.ui/examples/InformationFlow/MethodContracts/contract.IFMethodContract(contract.IFMethodContract__insecure_assignment_n2()).Non-interference contract.0.key 
55450      DEBUG main            d.u.i.k.p.i.AbstractProblemLoader Environment load took 58.7ns 
55451      INFO  main            d.u.i.k.p.i.AbstractProblemLoader Creating init config 
57865      DEBUG main            d.u.i.k.p.i.AbstractProblemLoader Init config took 2.41s 
57903      INFO  main            d.u.i.k.p.i.AbstractProblemLoader Replaying proof contract.IFMethodContract[contract.IFMethodContract::insecure_assignment_n2()].Non-interference contract.0 
57905      DEBUG main            d.u.i.k.p.i.IntermediateProofReplayer Proof replay took 13.3ns 
58109      INFO  main            d.u.i.k.p.r.p.TestFile    ... finished proof: open goal(s) 
58296      INFO  main            d.u.i.k.p.r.p.TestFile    Now processing file /home/runner/work/key/key/key.core/../key.ui/examples/InformationFlow/MethodContracts/contract.IFMethodContract(contract.IFMethodContract__secure_assignments_n2()).Non-interference contract.0.key 
58296      INFO  main            d.u.i.k.p.i.AbstractProblemLoader Loading environment from /home/runner/work/key/key/key.core/../key.ui/examples/InformationFlow/MethodContracts/contract.IFMethodContract(contract.IFMethodContract__secure_assignments_n2()).Non-interference contract.0.key 
58296      DEBUG main            d.u.i.k.p.i.AbstractProblemLoader Environment load took 55.8ns 
58297      INFO  main            d.u.i.k.p.i.AbstractProblemLoader Creating init config 
60709      DEBUG main            d.u.i.k.p.i.AbstractProblemLoader Init config took 2.41s 
60746      INFO  main            d.u.i.k.p.i.AbstractProblemLoader Replaying proof contract.IFMethodContract[contract.IFMethodContract::secure_assignments_n2()].Non-interference contract.0 
60748      DEBUG main            d.u.i.k.p.i.IntermediateProofReplayer Proof replay took 13ns 
61051      INFO  main            d.u.i.k.p.r.p.TestFile    ... finished proof: closed. 
61211      INFO  main            d.u.i.k.p.r.p.TestFile    Now processing file /home/runner/work/key/key/key.core/../key.ui/examples/InformationFlow/MethodContracts/contract.IFMethodContract(contract.IFMethodContract__n2()).Non-interference contract.0.key 
61211      INFO  main            d.u.i.k.p.i.AbstractProblemLoader Loading environment from /home/runner/work/key/key/key.core/../key.ui/examples/InformationFlow/MethodContracts/contract.IFMethodContract(contract.IFMethodContract__n2()).Non-interference contract.0.key 
61211      DEBUG main            d.u.i.k.p.i.AbstractProblemLoader Environment load took 99ns 
61212      INFO  main            d.u.i.k.p.i.AbstractProblemLoader Creating init config 
63627      DEBUG main            d.u.i.k.p.i.AbstractProblemLoader Init config took 2.41s 
63663      INFO  main            d.u.i.k.p.i.AbstractProblemLoader Replaying proof contract.IFMethodContract[contract.IFMethodContract::n2()].Non-interference contract.0 
63666      DEBUG main            d.u.i.k.p.i.IntermediateProofReplayer Proof replay took 13.4ns 
63768      INFO  main            d.u.i.k.p.r.p.TestFile    ... finished proof: closed. 
63932      INFO  main            d.u.i.k.p.r.p.TestFile    Now processing file /home/runner/work/key/key/key.core/../key.ui/examples/InformationFlow/MethodContracts/contract.IFMethodContract(contract.IFMethodContract__n1()).Non-interference contract.0.key 
63932      INFO  main            d.u.i.k.p.i.AbstractProblemLoader Loading environment from /home/runner/work/key/key/key.core/../key.ui/examples/InformationFlow/MethodContracts/contract.IFMethodContract(contract.IFMethodContract__n1()).Non-interference contract.0.key 
63932      DEBUG main            d.u.i.k.p.i.AbstractProblemLoader Environment load took 56.7ns 
63933      INFO  main            d.u.i.k.p.i.AbstractProblemLoader Creating init config 
66341      DEBUG main            d.u.i.k.p.i.AbstractProblemLoader Init config took 2.41s 
66393      INFO  main            d.u.i.k.p.i.AbstractProblemLoader Replaying proof contract.IFMethodContract[contract.IFMethodContract::n1()].Non-interference contract.0 
66395      DEBUG main            d.u.i.k.p.i.IntermediateProofReplayer Proof replay took 12.1ns 
66499      INFO  main            d.u.i.k.p.r.p.TestFile    ... finished proof: closed. 
66657      INFO  main            d.u.i.k.p.r.p.TestFile    Now processing file /home/runner/work/key/key/key.core/../key.ui/examples/InformationFlow/MethodContracts/contract.IFMethodContract(contract.IFMethodContract__secure_sequential_n1_n2()).Non-interference contract.0.key 
66657      INFO  main            d.u.i.k.p.i.AbstractProblemLoader Loading environment from /home/runner/work/key/key/key.core/../key.ui/examples/InformationFlow/MethodContracts/contract.IFMethodContract(contract.IFMethodContract__secure_sequential_n1_n2()).Non-interference contract.0.key 
66657      DEBUG main            d.u.i.k.p.i.AbstractProblemLoader Environment load took 53.7ns 
66659      INFO  main            d.u.i.k.p.i.AbstractProblemLoader Creating init config 
69110      DEBUG main            d.u.i.k.p.i.AbstractProblemLoader Init config took 2.45s 
69151      INFO  main            d.u.i.k.p.i.AbstractProblemLoader Replaying proof contract.IFMethodContract[contract.IFMethodContract::secure_sequential_n1_n2()].Non-interference contract.0 
69153      DEBUG main            d.u.i.k.p.i.IntermediateProofReplayer Proof replay took 14ns 
69355      INFO  main            d.u.i.k.p.r.p.TestFile    ... finished proof: closed. 
955784     INFO  Test worker     d.u.i.k.p.r.RunAllProofsTestUnit Returning from test MethodContracts_nomacro 
955787     INFO  Test worker     d.u.i.k.p.r.RunAllProofsTestUnit Running test LoopInvariants_nomacro 
352        INFO  Timeout watchdog d.u.i.k.p.r.p.ForkedTestFileRunner Timeout watcher launched (1000 secs.) 
357        WARN  main            d.u.i.k.s.ProofSettings   The settings in /home/runner/.key/proof-settings.props are *not* read. 
379        INFO  main            d.u.i.k.p.r.p.TestFile    Now processing file /home/runner/work/key/key/key.core/../key.ui/examples/InformationFlow/LoopInvariants/loop.IFLoopExamples(loop.IFLoopExamples__insecure_while_3(int)).Non-interference contract.0.key 
487        INFO  main            d.u.i.k.p.i.AbstractProblemLoader Loading environment from /home/runner/work/key/key/key.core/../key.ui/examples/InformationFlow/LoopInvariants/loop.IFLoopExamples(loop.IFLoopExamples__insecure_while_3(int)).Non-interference contract.0.key 
506        DEBUG main            d.u.i.k.p.i.AbstractProblemLoader Environment load took 3.03ms 
722        INFO  main            d.u.i.k.p.i.AbstractProblemLoader Creating init config 
1648       DEBUG main            d.u.i.k.j.TypeConverter   No LDT found for Meta 
1648       DEBUG main            d.u.i.k.j.TypeConverter   No LDT found for Meta 
1652       DEBUG main            d.u.i.k.j.TypeConverter   No LDT found for Meta 
1652       DEBUG main            d.u.i.k.j.TypeConverter   No LDT found for Meta 
3031       DEBUG main            d.u.i.k.j.TypeConverter   No LDT found for JavaBigintExpression 
8540       DEBUG main            d.u.i.k.p.i.AbstractProblemLoader Init config took 7.82s 
8775       INFO  main            d.u.i.k.p.i.AbstractProblemLoader Replaying proof loop.IFLoopExamples[loop.IFLoopExamples::insecure_while_3(int)].Non-interference contract.0 
8855       DEBUG main            d.u.i.k.p.i.IntermediateProofReplayer Proof replay took 348.2ns 
11737      INFO  main            d.u.i.k.p.r.p.TestFile    ... finished proof: open goal(s) 
11877      INFO  main            d.u.i.k.p.r.p.TestFile    Now processing file /home/runner/work/key/key/key.core/../key.ui/examples/InformationFlow/LoopInvariants/loop.IFLoopExamples(loop.IFLoopExamples__secure_while_2(int)).Non-interference contract.0.key 
11878      INFO  main            d.u.i.k.p.i.AbstractProblemLoader Loading environment from /home/runner/work/key/key/key.core/../key.ui/examples/InformationFlow/LoopInvariants/loop.IFLoopExamples(loop.IFLoopExamples__secure_while_2(int)).Non-interference contract.0.key 
11879      DEBUG main            d.u.i.k.p.i.AbstractProblemLoader Environment load took 1.59ms 
11882      INFO  main            d.u.i.k.p.i.AbstractProblemLoader Creating init config 
15266      DEBUG main            d.u.i.k.p.i.AbstractProblemLoader Init config took 3.38s 
15354      INFO  main            d.u.i.k.p.i.AbstractProblemLoader Replaying proof loop.IFLoopExamples[loop.IFLoopExamples::secure_while_2(int)].Non-interference contract.0 
15362      DEBUG main            d.u.i.k.p.i.IntermediateProofReplayer Proof replay took 14.1ns 
16887      INFO  main            d.u.i.k.p.r.p.TestFile    ... finished proof: closed. 
17068      INFO  main            d.u.i.k.p.r.p.TestFile    Now processing file /home/runner/work/key/key/key.core/../key.ui/examples/InformationFlow/LoopInvariants/loop.IFLoopExamples(loop.IFLoopExamples__secure_while_4(int)).Non-interference contract.0.key 
17069      INFO  main            d.u.i.k.p.i.AbstractProblemLoader Loading environment from /home/runner/work/key/key/key.core/../key.ui/examples/InformationFlow/LoopInvariants/loop.IFLoopExamples(loop.IFLoopExamples__secure_while_4(int)).Non-interference contract.0.key 
17069      DEBUG main            d.u.i.k.p.i.AbstractProblemLoader Environment load took 78.1ns 
17071      INFO  main            d.u.i.k.p.i.AbstractProblemLoader Creating init config 
20149      DEBUG main            d.u.i.k.p.i.AbstractProblemLoader Init config took 3.08s 
20203      INFO  main            d.u.i.k.p.i.AbstractProblemLoader Replaying proof loop.IFLoopExamples[loop.IFLoopExamples::secure_while_4(int)].Non-interference contract.0 
20211      DEBUG main            d.u.i.k.p.i.IntermediateProofReplayer Proof replay took 12.9ns 
21620      INFO  main            d.u.i.k.p.r.p.TestFile    ... finished proof: closed. 
21765      INFO  main            d.u.i.k.p.r.p.TestFile    Now processing file /home/runner/work/key/key/key.core/../key.ui/examples/InformationFlow/LoopInvariants/loop.IFLoopExamples(loop.IFLoopExamples__insecure_doubleNestedWhile2(int)).Non-interference contract.0.key 
21766      INFO  main            d.u.i.k.p.i.AbstractProblemLoader Loading environment from /home/runner/work/key/key/key.core/../key.ui/examples/InformationFlow/LoopInvariants/loop.IFLoopExamples(loop.IFLoopExamples__insecure_doubleNestedWhile2(int)).Non-interference contract.0.key 
21766      DEBUG main            d.u.i.k.p.i.AbstractProblemLoader Environment load took 102.6ns 
21767      INFO  main            d.u.i.k.p.i.AbstractProblemLoader Creating init config 
24822      DEBUG main            d.u.i.k.p.i.AbstractProblemLoader Init config took 3.06s 
24876      INFO  main            d.u.i.k.p.i.AbstractProblemLoader Replaying proof loop.IFLoopExamples[loop.IFLoopExamples::insecure_doubleNestedWhile2(int)].Non-interference contract.0 
24879      DEBUG main            d.u.i.k.p.i.IntermediateProofReplayer Proof replay took 11.7ns 
32961      INFO  main            d.u.i.k.p.r.p.TestFile    ... finished proof: open goal(s) 
33163      INFO  main            d.u.i.k.p.r.p.TestFile    Now processing file /home/runner/work/key/key/key.core/../key.ui/examples/InformationFlow/LoopInvariants/loop.IFLoopExamples(loop.IFLoopExamples__insecure_doubleNestedWhile(int)).Non-interference contract.0.key 
33164      INFO  main            d.u.i.k.p.i.AbstractProblemLoader Loading environment from /home/runner/work/key/key/key.core/../key.ui/examples/InformationFlow/LoopInvariants/loop.IFLoopExamples(loop.IFLoopExamples__insecure_doubleNestedWhile(int)).Non-interference contract.0.key 
33164      DEBUG main            d.u.i.k.p.i.AbstractProblemLoader Environment load took 104.2ns 
33166      INFO  main            d.u.i.k.p.i.AbstractProblemLoader Creating init config 
36163      DEBUG main            d.u.i.k.p.i.AbstractProblemLoader Init config took 3s 
36228      INFO  main            d.u.i.k.p.i.AbstractProblemLoader Replaying proof loop.IFLoopExamples[loop.IFLoopExamples::insecure_doubleNestedWhile(int)].Non-interference contract.0 
36233      DEBUG main            d.u.i.k.p.i.IntermediateProofReplayer Proof replay took 14ns 
43012      INFO  main            d.u.i.k.p.r.p.TestFile    ... finished proof: open goal(s) 
43310      INFO  main            d.u.i.k.p.r.p.TestFile    Now processing file /home/runner/work/key/key/key.core/../key.ui/examples/InformationFlow/LoopInvariants/loop.IFLoopExamples(loop.IFLoopExamples__secure_doubleNestedWhile(int)).Non-interference contract.0.key 
43312      INFO  main            d.u.i.k.p.i.AbstractProblemLoader Loading environment from /home/runner/work/key/key/key.core/../key.ui/examples/InformationFlow/LoopInvariants/loop.IFLoopExamples(loop.IFLoopExamples__secure_doubleNestedWhile(int)).Non-interference contract.0.key 
43312      DEBUG main            d.u.i.k.p.i.AbstractProblemLoader Environment load took 107.4ns 
43313      INFO  main            d.u.i.k.p.i.AbstractProblemLoader Creating init config 
46271      DEBUG main            d.u.i.k.p.i.AbstractProblemLoader Init config took 2.96s 
46313      INFO  main            d.u.i.k.p.i.AbstractProblemLoader Replaying proof loop.IFLoopExamples[loop.IFLoopExamples::secure_doubleNestedWhile(int)].Non-interference contract.0 
46317      DEBUG main            d.u.i.k.p.i.IntermediateProofReplayer Proof replay took 12.7ns 
52661      INFO  main            d.u.i.k.p.r.p.TestFile    ... finished proof: closed. 
52960      INFO  main            d.u.i.k.p.r.p.TestFile    Now processing file /home/runner/work/key/key/key.core/../key.ui/examples/InformationFlow/LoopInvariants/loop.IFLoopExamples(loop.IFLoopExamples__secure_nestedTwoWhile(int)).Non-interference contract.0.key 
52960      INFO  main            d.u.i.k.p.i.AbstractProblemLoader Loading environment from /home/runner/work/key/key/key.core/../key.ui/examples/InformationFlow/LoopInvariants/loop.IFLoopExamples(loop.IFLoopExamples__secure_nestedTwoWhile(int)).Non-interference contract.0.key 
52961      DEBUG main            d.u.i.k.p.i.AbstractProblemLoader Environment load took 61.2ns 
52962      INFO  main            d.u.i.k.p.i.AbstractProblemLoader Creating init config 
55909      DEBUG main            d.u.i.k.p.i.AbstractProblemLoader Init config took 2.95s 
55962      INFO  main            d.u.i.k.p.i.AbstractProblemLoader Replaying proof loop.IFLoopExamples[loop.IFLoopExamples::secure_nestedTwoWhile(int)].Non-interference contract.0 
55966      DEBUG main            d.u.i.k.p.i.IntermediateProofReplayer Proof replay took 12.6ns 
60771      INFO  main            d.u.i.k.p.r.p.TestFile    ... finished proof: closed. 
60968      INFO  main            d.u.i.k.p.r.p.TestFile    Now processing file /home/runner/work/key/key/key.core/../key.ui/examples/InformationFlow/LoopInvariants/loop.IFLoopExamples(loop.IFLoopExamples__secure_nestedWhile(int)).Non-interference contract.0.key 
60969      INFO  main            d.u.i.k.p.i.AbstractProblemLoader Loading environment from /home/runner/work/key/key/key.core/../key.ui/examples/InformationFlow/LoopInvariants/loop.IFLoopExamples(loop.IFLoopExamples__secure_nestedWhile(int)).Non-interference contract.0.key 
60969      DEBUG main            d.u.i.k.p.i.AbstractProblemLoader Environment load took 64.8ns 
60970      INFO  main            d.u.i.k.p.i.AbstractProblemLoader Creating init config 
63914      DEBUG main            d.u.i.k.p.i.AbstractProblemLoader Init config took 2.94s 
63970      INFO  main            d.u.i.k.p.i.AbstractProblemLoader Replaying proof loop.IFLoopExamples[loop.IFLoopExamples::secure_nestedWhile(int)].Non-interference contract.0 
63972      DEBUG main            d.u.i.k.p.i.IntermediateProofReplayer Proof replay took 12.4ns 
66690      INFO  main            d.u.i.k.p.r.p.TestFile    ... finished proof: closed. 
66881      INFO  main            d.u.i.k.p.r.p.TestFile    Now processing file /home/runner/work/key/key/key.core/../key.ui/examples/InformationFlow/LoopInvariants/loop.IFLoopExamples(loop.IFLoopExamples__notSecure_while(int)).Non-interference contract.0.key 
66882      INFO  main            d.u.i.k.p.i.AbstractProblemLoader Loading environment from /home/runner/work/key/key/key.core/../key.ui/examples/InformationFlow/LoopInvariants/loop.IFLoopExamples(loop.IFLoopExamples__notSecure_while(int)).Non-interference contract.0.key 
66882      DEBUG main            d.u.i.k.p.i.AbstractProblemLoader Environment load took 113.8ns 
66883      INFO  main            d.u.i.k.p.i.AbstractProblemLoader Creating init config 
69939      DEBUG main            d.u.i.k.p.i.AbstractProblemLoader Init config took 3.06s 
69979      INFO  main            d.u.i.k.p.i.AbstractProblemLoader Replaying proof loop.IFLoopExamples[loop.IFLoopExamples::notSecure_while(int)].Non-interference contract.0 
69981      DEBUG main            d.u.i.k.p.i.IntermediateProofReplayer Proof replay took 12.9ns 
70889      INFO  main            d.u.i.k.p.r.p.TestFile    ... finished proof: open goal(s) 
71068      INFO  main            d.u.i.k.p.r.p.TestFile    Now processing file /home/runner/work/key/key/key.core/../key.ui/examples/InformationFlow/LoopInvariants/loop.IFLoopExamples(loop.IFLoopExamples__notSecure_while_wrongInv(int)).Non-interference contract.0.key 
71068      INFO  main            d.u.i.k.p.i.AbstractProblemLoader Loading environment from /home/runner/work/key/key/key.core/../key.ui/examples/InformationFlow/LoopInvariants/loop.IFLoopExamples(loop.IFLoopExamples__notSecure_while_wrongInv(int)).Non-interference contract.0.key 
71068      DEBUG main            d.u.i.k.p.i.AbstractProblemLoader Environment load took 67.1ns 
71069      INFO  main            d.u.i.k.p.i.AbstractProblemLoader Creating init config 
74055      DEBUG main            d.u.i.k.p.i.AbstractProblemLoader Init config took 2.99s 
74096      INFO  main            d.u.i.k.p.i.AbstractProblemLoader Replaying proof loop.IFLoopExamples[loop.IFLoopExamples::notSecure_while_wrongInv(int)].Non-interference contract.0 
74098      DEBUG main            d.u.i.k.p.i.IntermediateProofReplayer Proof replay took 12.8ns 
74502      INFO  main            d.u.i.k.p.r.p.TestFile    ... finished proof: open goal(s) 
74674      INFO  main            d.u.i.k.p.r.p.TestFile    Now processing file /home/runner/work/key/key/key.core/../key.ui/examples/InformationFlow/LoopInvariants/loop.IFLoopExamples(loop.IFLoopExamples__insecure_twoWhile(int)).Non-interference contract.0.key 
74675      INFO  main            d.u.i.k.p.i.AbstractProblemLoader Loading environment from /home/runner/work/key/key/key.core/../key.ui/examples/InformationFlow/LoopInvariants/loop.IFLoopExamples(loop.IFLoopExamples__insecure_twoWhile(int)).Non-interference contract.0.key 
74675      DEBUG main            d.u.i.k.p.i.AbstractProblemLoader Environment load took 60.1ns 
74676      INFO  main            d.u.i.k.p.i.AbstractProblemLoader Creating init config 
77679      DEBUG main            d.u.i.k.p.i.AbstractProblemLoader Init config took 3s 
77719      INFO  main            d.u.i.k.p.i.AbstractProblemLoader Replaying proof loop.IFLoopExamples[loop.IFLoopExamples::insecure_twoWhile(int)].Non-interference contract.0 
77722      DEBUG main            d.u.i.k.p.i.IntermediateProofReplayer Proof replay took 13.6ns 
79552      INFO  main            d.u.i.k.p.r.p.TestFile    ... finished proof: open goal(s) 
79740      INFO  main            d.u.i.k.p.r.p.TestFile    Now processing file /home/runner/work/key/key/key.core/../key.ui/examples/InformationFlow/LoopInvariants/loop.IFLoopExamples(loop.IFLoopExamples__insecure_twoWhile_2(int)).Non-interference contract.0.key 
79740      INFO  main            d.u.i.k.p.i.AbstractProblemLoader Loading environment from /home/runner/work/key/key/key.core/../key.ui/examples/InformationFlow/LoopInvariants/loop.IFLoopExamples(loop.IFLoopExamples__insecure_twoWhile_2(int)).Non-interference contract.0.key 
79741      DEBUG main            d.u.i.k.p.i.AbstractProblemLoader Environment load took 57.7ns 
79741      INFO  main            d.u.i.k.p.i.AbstractProblemLoader Creating init config 
82722      DEBUG main            d.u.i.k.p.i.AbstractProblemLoader Init config took 2.98s 
82769      INFO  main            d.u.i.k.p.i.AbstractProblemLoader Replaying proof loop.IFLoopExamples[loop.IFLoopExamples::insecure_twoWhile_2(int)].Non-interference contract.0 
82773      DEBUG main            d.u.i.k.p.i.IntermediateProofReplayer Proof replay took 13.2ns 
84982      INFO  main            d.u.i.k.p.r.p.TestFile    ... finished proof: open goal(s) 
85212      INFO  main            d.u.i.k.p.r.p.TestFile    Now processing file /home/runner/work/key/key/key.core/../key.ui/examples/InformationFlow/LoopInvariants/loop.IFLoopExamples(loop.IFLoopExamples__secure_twoWhile(int)).Non-interference contract.0.key 
85213      INFO  main            d.u.i.k.p.i.AbstractProblemLoader Loading environment from /home/runner/work/key/key/key.core/../key.ui/examples/InformationFlow/LoopInvariants/loop.IFLoopExamples(loop.IFLoopExamples__secure_twoWhile(int)).Non-interference contract.0.key 
85213      DEBUG main            d.u.i.k.p.i.AbstractProblemLoader Environment load took 127.8ns 
85214      INFO  main            d.u.i.k.p.i.AbstractProblemLoader Creating init config 
88186      DEBUG main            d.u.i.k.p.i.AbstractProblemLoader Init config took 2.97s 
88228      INFO  main            d.u.i.k.p.i.AbstractProblemLoader Replaying proof loop.IFLoopExamples[loop.IFLoopExamples::secure_twoWhile(int)].Non-interference contract.0 
88231      DEBUG main            d.u.i.k.p.i.IntermediateProofReplayer Proof replay took 12.8ns 
89940      INFO  main            d.u.i.k.p.r.p.TestFile    ... finished proof: closed. 
90194      INFO  main            d.u.i.k.p.r.p.TestFile    Now processing file /home/runner/work/key/key/key.core/../key.ui/examples/InformationFlow/LoopInvariants/loop.IFLoopExamples(loop.IFLoopExamples__loc_secure_while(int)).Non-interference contract.0.key 
90194      INFO  main            d.u.i.k.p.i.AbstractProblemLoader Loading environment from /home/runner/work/key/key/key.core/../key.ui/examples/InformationFlow/LoopInvariants/loop.IFLoopExamples(loop.IFLoopExamples__loc_secure_while(int)).Non-interference contract.0.key 
90194      DEBUG main            d.u.i.k.p.i.AbstractProblemLoader Environment load took 56.8ns 
90195      INFO  main            d.u.i.k.p.i.AbstractProblemLoader Creating init config 
93099      DEBUG main            d.u.i.k.p.i.AbstractProblemLoader Init config took 2.9s 
93135      INFO  main            d.u.i.k.p.i.AbstractProblemLoader Replaying proof loop.IFLoopExamples[loop.IFLoopExamples::loc_secure_while(int)].Non-interference contract.0 
93137      DEBUG main            d.u.i.k.p.i.IntermediateProofReplayer Proof replay took 12.9ns 
94242      INFO  main            d.u.i.k.p.r.p.TestFile    ... finished proof: closed. 
94416      INFO  main            d.u.i.k.p.r.p.TestFile    Now processing file /home/runner/work/key/key/key.core/../key.ui/examples/InformationFlow/LoopInvariants/loop.IFLoopExamples(loop.IFLoopExamples__secure_while(int)).Non-interference contract.0.key 
94416      INFO  main            d.u.i.k.p.i.AbstractProblemLoader Loading environment from /home/runner/work/key/key/key.core/../key.ui/examples/InformationFlow/LoopInvariants/loop.IFLoopExamples(loop.IFLoopExamples__secure_while(int)).Non-interference contract.0.key 
94416      DEBUG main            d.u.i.k.p.i.AbstractProblemLoader Environment load took 60.4ns 
94417      INFO  main            d.u.i.k.p.i.AbstractProblemLoader Creating init config 
97331      DEBUG main            d.u.i.k.p.i.AbstractProblemLoader Init config took 2.91s 
97369      INFO  main            d.u.i.k.p.i.AbstractProblemLoader Replaying proof loop.IFLoopExamples[loop.IFLoopExamples::secure_while(int)].Non-interference contract.0 
97371      DEBUG main            d.u.i.k.p.i.IntermediateProofReplayer Proof replay took 16.2ns 
98275      INFO  main            d.u.i.k.p.r.p.TestFile    ... finished proof: closed. 
98442      INFO  main            d.u.i.k.p.r.p.TestFile    Now processing file /home/runner/work/key/key/key.core/../key.ui/examples/InformationFlow/LoopInvariants/loop.IFLoopExamples(loop.IFLoopExamples__print(int)).Non-interference contract.0.key 
98443      INFO  main            d.u.i.k.p.i.AbstractProblemLoader Loading environment from /home/runner/work/key/key/key.core/../key.ui/examples/InformationFlow/LoopInvariants/loop.IFLoopExamples(loop.IFLoopExamples__print(int)).Non-interference contract.0.key 
98443      DEBUG main            d.u.i.k.p.i.AbstractProblemLoader Environment load took 65.4ns 
98444      INFO  main            d.u.i.k.p.i.AbstractProblemLoader Creating init config 
101368     DEBUG main            d.u.i.k.p.i.AbstractProblemLoader Init config took 2.92s 
101407     INFO  main            d.u.i.k.p.i.AbstractProblemLoader Replaying proof loop.IFLoopExamples[loop.IFLoopExamples::print(int)].Non-interference contract.0 
101410     DEBUG main            d.u.i.k.p.i.IntermediateProofReplayer Proof replay took 12.5ns 
101511     INFO  main            d.u.i.k.p.r.p.TestFile    ... finished proof: closed. 
101672     INFO  main            d.u.i.k.p.r.p.TestFile    Now processing file /home/runner/work/key/key/key.core/../key.ui/examples/InformationFlow/LoopInvariants/loop.IFLoopExamples(loop.IFLoopExamples__hammer(int)).Non-interference contract.0.key 
101672     INFO  main            d.u.i.k.p.i.AbstractProblemLoader Loading environment from /home/runner/work/key/key/key.core/../key.ui/examples/InformationFlow/LoopInvariants/loop.IFLoopExamples(loop.IFLoopExamples__hammer(int)).Non-interference contract.0.key 
101672     DEBUG main            d.u.i.k.p.i.AbstractProblemLoader Environment load took 54.1ns 
101673     INFO  main            d.u.i.k.p.i.AbstractProblemLoader Creating init config 
104615     DEBUG main            d.u.i.k.p.i.AbstractProblemLoader Init config took 2.94s 
104649     INFO  main            d.u.i.k.p.i.AbstractProblemLoader Replaying proof loop.IFLoopExamples[loop.IFLoopExamples::hammer(int)].Non-interference contract.0 
104651     DEBUG main            d.u.i.k.p.i.IntermediateProofReplayer Proof replay took 14.5ns 
106473     INFO  main            d.u.i.k.p.r.p.TestFile    ... finished proof: closed. 
1062623    INFO  Test worker     d.u.i.k.p.r.RunAllProofsTestUnit Returning from test LoopInvariants_nomacro 
1062624    INFO  Test worker     d.u.i.k.p.r.RunAllProofsTestUnit Running test MiniExamples_nomacro 
365        INFO  Timeout watchdog d.u.i.k.p.r.p.ForkedTestFileRunner Timeout watcher launched (1000 secs.) 
378        WARN  main            d.u.i.k.s.ProofSettings   The settings in /home/runner/.key/proof-settings.props are *not* read. 
424        INFO  main            d.u.i.k.p.r.p.TestFile    Now processing file /home/runner/work/key/key/key.core/../key.ui/examples/InformationFlow/MiniExamples/mini.AliasingExamples(mini.AliasingExamples__insecure_1(mini.AliasingExamples,mini.AliasingExamples,int)).Non-interference contract.0.key 
582        INFO  main            d.u.i.k.p.i.AbstractProblemLoader Loading environment from /home/runner/work/key/key/key.core/../key.ui/examples/InformationFlow/MiniExamples/mini.AliasingExamples(mini.AliasingExamples__insecure_1(mini.AliasingExamples,mini.AliasingExamples,int)).Non-interference contract.0.key 
602        DEBUG main            d.u.i.k.p.i.AbstractProblemLoader Environment load took 2.38ms 
831        INFO  main            d.u.i.k.p.i.AbstractProblemLoader Creating init config 
1846       DEBUG main            d.u.i.k.j.TypeConverter   No LDT found for Meta 
1846       DEBUG main            d.u.i.k.j.TypeConverter   No LDT found for Meta 
1850       DEBUG main            d.u.i.k.j.TypeConverter   No LDT found for Meta 
1850       DEBUG main            d.u.i.k.j.TypeConverter   No LDT found for Meta 
3208       DEBUG main            d.u.i.k.j.TypeConverter   No LDT found for JavaBigintExpression 
8297       DEBUG main            d.u.i.k.p.i.AbstractProblemLoader Init config took 7.47s 
8455       INFO  main            d.u.i.k.p.i.AbstractProblemLoader Replaying proof mini.AliasingExamples[mini.AliasingExamples::insecure_1(mini.AliasingExamples,mini.AliasingExamples,int)].Non-interference contract.0 
8521       DEBUG main            d.u.i.k.p.i.IntermediateProofReplayer Proof replay took 392.6ns 
9471       INFO  main            d.u.i.k.p.r.p.TestFile    ... finished proof: open goal(s) 
9577       INFO  main            d.u.i.k.p.r.p.TestFile    Now processing file /home/runner/work/key/key/key.core/../key.ui/examples/InformationFlow/MiniExamples/mini.AliasingExamples(mini.AliasingExamples__secure_1(mini.AliasingExamples,mini.AliasingExamples,int)).Non-interference contract.0.key 
9578       INFO  main            d.u.i.k.p.i.AbstractProblemLoader Loading environment from /home/runner/work/key/key/key.core/../key.ui/examples/InformationFlow/MiniExamples/mini.AliasingExamples(mini.AliasingExamples__secure_1(mini.AliasingExamples,mini.AliasingExamples,int)).Non-interference contract.0.key 
9579       DEBUG main            d.u.i.k.p.i.AbstractProblemLoader Environment load took 290.2ns 
9582       INFO  main            d.u.i.k.p.i.AbstractProblemLoader Creating init config 
12468      DEBUG main            d.u.i.k.p.i.AbstractProblemLoader Init config took 2.89s 
12541      INFO  main            d.u.i.k.p.i.AbstractProblemLoader Replaying proof mini.AliasingExamples[mini.AliasingExamples::secure_1(mini.AliasingExamples,mini.AliasingExamples,int)].Non-interference contract.0 
12549      DEBUG main            d.u.i.k.p.i.IntermediateProofReplayer Proof replay took 13.6ns 
12953      INFO  main            d.u.i.k.p.r.p.TestFile    ... finished proof: closed. 
13070      INFO  main            d.u.i.k.p.r.p.TestFile    Now processing file /home/runner/work/key/key/key.core/../key.ui/examples/InformationFlow/MiniExamples/mini.MiniExamplesLecture(mini.MiniExamplesLecture__m_6()).Non-interference contract.0.key 
13071      INFO  main            d.u.i.k.p.i.AbstractProblemLoader Loading environment from /home/runner/work/key/key/key.core/../key.ui/examples/InformationFlow/MiniExamples/mini.MiniExamplesLecture(mini.MiniExamplesLecture__m_6()).Non-interference contract.0.key 
13071      DEBUG main            d.u.i.k.p.i.AbstractProblemLoader Environment load took 126.5ns 
13074      INFO  main            d.u.i.k.p.i.AbstractProblemLoader Creating init config 
15722      DEBUG main            d.u.i.k.p.i.AbstractProblemLoader Init config took 2.65s 
15788      INFO  main            d.u.i.k.p.i.AbstractProblemLoader Replaying proof mini.MiniExamplesLecture[mini.MiniExamplesLecture::m_6()].Non-interference contract.0 
15792      DEBUG main            d.u.i.k.p.i.IntermediateProofReplayer Proof replay took 12ns 
15995      INFO  main            d.u.i.k.p.r.p.TestFile    ... finished proof: closed. 
16115      INFO  main            d.u.i.k.p.r.p.TestFile    Now processing file /home/runner/work/key/key/key.core/../key.ui/examples/InformationFlow/MiniExamples/mini.MiniExamplesLecture(mini.MiniExamplesLecture__m_5()).Non-interference contract.0.key 
16115      INFO  main            d.u.i.k.p.i.AbstractProblemLoader Loading environment from /home/runner/work/key/key/key.core/../key.ui/examples/InformationFlow/MiniExamples/mini.MiniExamplesLecture(mini.MiniExamplesLecture__m_5()).Non-interference contract.0.key 
16116      DEBUG main            d.u.i.k.p.i.AbstractProblemLoader Environment load took 109.7ns 
16117      INFO  main            d.u.i.k.p.i.AbstractProblemLoader Creating init config 
18753      DEBUG main            d.u.i.k.p.i.AbstractProblemLoader Init config took 2.64s 
18845      INFO  main            d.u.i.k.p.i.AbstractProblemLoader Replaying proof mini.MiniExamplesLecture[mini.MiniExamplesLecture::m_5()].Non-interference contract.0 
18851      DEBUG main            d.u.i.k.p.i.IntermediateProofReplayer Proof replay took 13.1ns 
19154      INFO  main            d.u.i.k.p.r.p.TestFile    ... finished proof: closed. 
19277      INFO  main            d.u.i.k.p.r.p.TestFile    Now processing file /home/runner/work/key/key/key.core/../key.ui/examples/InformationFlow/MiniExamples/mini.MiniExamplesLecture(mini.MiniExamplesLecture__m_4()).Non-interference contract.0.key 
19278      INFO  main            d.u.i.k.p.i.AbstractProblemLoader Loading environment from /home/runner/work/key/key/key.core/../key.ui/examples/InformationFlow/MiniExamples/mini.MiniExamplesLecture(mini.MiniExamplesLecture__m_4()).Non-interference contract.0.key 
19278      DEBUG main            d.u.i.k.p.i.AbstractProblemLoader Environment load took 60ns 
19280      INFO  main            d.u.i.k.p.i.AbstractProblemLoader Creating init config 
21851      DEBUG main            d.u.i.k.p.i.AbstractProblemLoader Init config took 2.57s 
21911      INFO  main            d.u.i.k.p.i.AbstractProblemLoader Replaying proof mini.MiniExamplesLecture[mini.MiniExamplesLecture::m_4()].Non-interference contract.0 
21916      DEBUG main            d.u.i.k.p.i.IntermediateProofReplayer Proof replay took 13.9ns 
22121      INFO  main            d.u.i.k.p.r.p.TestFile    ... finished proof: closed. 
22276      INFO  main            d.u.i.k.p.r.p.TestFile    Now processing file /home/runner/work/key/key/key.core/../key.ui/examples/InformationFlow/MiniExamples/mini.MiniExamplesLecture(mini.MiniExamplesLecture__m_3()).Non-interference contract.0.key 
22277      INFO  main            d.u.i.k.p.i.AbstractProblemLoader Loading environment from /home/runner/work/key/key/key.core/../key.ui/examples/InformationFlow/MiniExamples/mini.MiniExamplesLecture(mini.MiniExamplesLecture__m_3()).Non-interference contract.0.key 
22277      DEBUG main            d.u.i.k.p.i.AbstractProblemLoader Environment load took 99ns 
22278      INFO  main            d.u.i.k.p.i.AbstractProblemLoader Creating init config 
24826      DEBUG main            d.u.i.k.p.i.AbstractProblemLoader Init config took 2.55s 
24874      INFO  main            d.u.i.k.p.i.AbstractProblemLoader Replaying proof mini.MiniExamplesLecture[mini.MiniExamplesLecture::m_3()].Non-interference contract.0 
24877      DEBUG main            d.u.i.k.p.i.IntermediateProofReplayer Proof replay took 12.5ns 
25182      INFO  main            d.u.i.k.p.r.p.TestFile    ... finished proof: open goal(s) 
25337      INFO  main            d.u.i.k.p.r.p.TestFile    Now processing file /home/runner/work/key/key/key.core/../key.ui/examples/InformationFlow/MiniExamples/mini.MiniExamplesLecture(mini.MiniExamplesLecture__m_2()).Non-interference contract.0.key 
25338      INFO  main            d.u.i.k.p.i.AbstractProblemLoader Loading environment from /home/runner/work/key/key/key.core/../key.ui/examples/InformationFlow/MiniExamples/mini.MiniExamplesLecture(mini.MiniExamplesLecture__m_2()).Non-interference contract.0.key 
25338      DEBUG main            d.u.i.k.p.i.AbstractProblemLoader Environment load took 60.1ns 
25339      INFO  main            d.u.i.k.p.i.AbstractProblemLoader Creating init config 
27845      DEBUG main            d.u.i.k.p.i.AbstractProblemLoader Init config took 2.51s 
27890      INFO  main            d.u.i.k.p.i.AbstractProblemLoader Replaying proof mini.MiniExamplesLecture[mini.MiniExamplesLecture::m_2()].Non-interference contract.0 
27893      DEBUG main            d.u.i.k.p.i.IntermediateProofReplayer Proof replay took 13.3ns 
28096      INFO  main            d.u.i.k.p.r.p.TestFile    ... finished proof: closed. 
28225      INFO  main            d.u.i.k.p.r.p.TestFile    Now processing file /home/runner/work/key/key/key.core/../key.ui/examples/InformationFlow/MiniExamples/mini.MiniExamplesLecture(mini.MiniExamplesLecture__m_1()).Non-interference contract.0.key 
28225      INFO  main            d.u.i.k.p.i.AbstractProblemLoader Loading environment from /home/runner/work/key/key/key.core/../key.ui/examples/InformationFlow/MiniExamples/mini.MiniExamplesLecture(mini.MiniExamplesLecture__m_1()).Non-interference contract.0.key 
28225      DEBUG main            d.u.i.k.p.i.AbstractProblemLoader Environment load took 59.8ns 
28226      INFO  main            d.u.i.k.p.i.AbstractProblemLoader Creating init config 
30823      DEBUG main            d.u.i.k.p.i.AbstractProblemLoader Init config took 2.59s 
30880      INFO  main            d.u.i.k.p.i.AbstractProblemLoader Replaying proof mini.MiniExamplesLecture[mini.MiniExamplesLecture::m_1()].Non-interference contract.0 
30884      DEBUG main            d.u.i.k.p.i.IntermediateProofReplayer Proof replay took 14.7ns 
30987      INFO  main            d.u.i.k.p.r.p.TestFile    ... finished proof: open goal(s) 
31120      INFO  main            d.u.i.k.p.r.p.TestFile    Now processing file /home/runner/work/key/key/key.core/../key.ui/examples/InformationFlow/MiniExamples/mini.DifferenceSeqLocset(mini.DifferenceSeqLocset__m()).Non-interference contract.1.key 
31122      INFO  main            d.u.i.k.p.i.AbstractProblemLoader Loading environment from /home/runner/work/key/key/key.core/../key.ui/examples/InformationFlow/MiniExamples/mini.DifferenceSeqLocset(mini.DifferenceSeqLocset__m()).Non-interference contract.1.key 
31122      DEBUG main            d.u.i.k.p.i.AbstractProblemLoader Environment load took 120.5ns 
31123      INFO  main            d.u.i.k.p.i.AbstractProblemLoader Creating init config 
33675      DEBUG main            d.u.i.k.p.i.AbstractProblemLoader Init config took 2.55s 
33721      INFO  main            d.u.i.k.p.i.AbstractProblemLoader Replaying proof mini.DifferenceSeqLocset[mini.DifferenceSeqLocset::m()].Non-interference contract.1 
33724      DEBUG main            d.u.i.k.p.i.IntermediateProofReplayer Proof replay took 13.6ns 
34433      INFO  main            d.u.i.k.p.r.p.TestFile    ... finished proof: open goal(s) 
34580      INFO  main            d.u.i.k.p.r.p.TestFile    Now processing file /home/runner/work/key/key/key.core/../key.ui/examples/InformationFlow/MiniExamples/mini.DifferenceSeqLocset(mini.DifferenceSeqLocset__m()).Non-interference contract.0.key 
34581      INFO  main            d.u.i.k.p.i.AbstractProblemLoader Loading environment from /home/runner/work/key/key/key.core/../key.ui/examples/InformationFlow/MiniExamples/mini.DifferenceSeqLocset(mini.DifferenceSeqLocset__m()).Non-interference contract.0.key 
34581      DEBUG main            d.u.i.k.p.i.AbstractProblemLoader Environment load took 464.8ns 
34582      INFO  main            d.u.i.k.p.i.AbstractProblemLoader Creating init config 
37069      DEBUG main            d.u.i.k.p.i.AbstractProblemLoader Init config took 2.49s 
37117      INFO  main            d.u.i.k.p.i.AbstractProblemLoader Replaying proof mini.DifferenceSeqLocset[mini.DifferenceSeqLocset::m()].Non-interference contract.0 
37119      DEBUG main            d.u.i.k.p.i.IntermediateProofReplayer Proof replay took 14ns 
39073      INFO  main            d.u.i.k.p.r.p.TestFile    ... finished proof: open goal(s) 
39231      INFO  main            d.u.i.k.p.r.p.TestFile    Now processing file /home/runner/work/key/key/key.core/../key.ui/examples/InformationFlow/MiniExamples/mini.MiniExamples(mini.MiniExamples__secure_p2_8()).Non-interference contract.0.key 
39231      INFO  main            d.u.i.k.p.i.AbstractProblemLoader Loading environment from /home/runner/work/key/key/key.core/../key.ui/examples/InformationFlow/MiniExamples/mini.MiniExamples(mini.MiniExamples__secure_p2_8()).Non-interference contract.0.key 
39231      DEBUG main            d.u.i.k.p.i.AbstractProblemLoader Environment load took 78.1ns 
39232      INFO  main            d.u.i.k.p.i.AbstractProblemLoader Creating init config 
41735      DEBUG main            d.u.i.k.p.i.AbstractProblemLoader Init config took 2.5s 
41781      INFO  main            d.u.i.k.p.i.AbstractProblemLoader Replaying proof mini.MiniExamples[mini.MiniExamples::secure_p2_8()].Non-interference contract.0 
41784      DEBUG main            d.u.i.k.p.i.IntermediateProofReplayer Proof replay took 12.9ns 
42089      INFO  main            d.u.i.k.p.r.p.TestFile    ... finished proof: closed. 
42263      INFO  main            d.u.i.k.p.r.p.TestFile    Now processing file /home/runner/work/key/key/key.core/../key.ui/examples/InformationFlow/MiniExamples/mini.MiniExamples(mini.MiniExamples__secure_parameter(int)).Non-interference contract.0.key 
42264      INFO  main            d.u.i.k.p.i.AbstractProblemLoader Loading environment from /home/runner/work/key/key/key.core/../key.ui/examples/InformationFlow/MiniExamples/mini.MiniExamples(mini.MiniExamples__secure_parameter(int)).Non-interference contract.0.key 
42264      DEBUG main            d.u.i.k.p.i.AbstractProblemLoader Environment load took 69.7ns 
42265      INFO  main            d.u.i.k.p.i.AbstractProblemLoader Creating init config 
44741      DEBUG main            d.u.i.k.p.i.AbstractProblemLoader Init config took 2.48s 
44791      INFO  main            d.u.i.k.p.i.AbstractProblemLoader Replaying proof mini.MiniExamples[mini.MiniExamples::secure_parameter(int)].Non-interference contract.0 
44794      DEBUG main            d.u.i.k.p.i.IntermediateProofReplayer Proof replay took 12.6ns 
44896      INFO  main            d.u.i.k.p.r.p.TestFile    ... finished proof: closed. 
45040      INFO  main            d.u.i.k.p.r.p.TestFile    Now processing file /home/runner/work/key/key/key.core/../key.ui/examples/InformationFlow/MiniExamples/mini.MiniExamples(mini.MiniExamples__secure_p2_7()).Non-interference contract.0.key 
45040      INFO  main            d.u.i.k.p.i.AbstractProblemLoader Loading environment from /home/runner/work/key/key/key.core/../key.ui/examples/InformationFlow/MiniExamples/mini.MiniExamples(mini.MiniExamples__secure_p2_7()).Non-interference contract.0.key 
45041      DEBUG main            d.u.i.k.p.i.AbstractProblemLoader Environment load took 62.2ns 
45042      INFO  main            d.u.i.k.p.i.AbstractProblemLoader Creating init config 
47503      DEBUG main            d.u.i.k.p.i.AbstractProblemLoader Init config took 2.46s 
47546      INFO  main            d.u.i.k.p.i.AbstractProblemLoader Replaying proof mini.MiniExamples[mini.MiniExamples::secure_p2_7()].Non-interference contract.0 
47548      DEBUG main            d.u.i.k.p.i.IntermediateProofReplayer Proof replay took 12.9ns 
47851      INFO  main            d.u.i.k.p.r.p.TestFile    ... finished proof: closed. 
48000      INFO  main            d.u.i.k.p.r.p.TestFile    Now processing file /home/runner/work/key/key/key.core/../key.ui/examples/InformationFlow/MiniExamples/mini.MiniExamples(mini.MiniExamples__insecure_p2_2()).Non-interference contract.0.key 
48000      INFO  main            d.u.i.k.p.i.AbstractProblemLoader Loading environment from /home/runner/work/key/key/key.core/../key.ui/examples/InformationFlow/MiniExamples/mini.MiniExamples(mini.MiniExamples__insecure_p2_2()).Non-interference contract.0.key 
48001      DEBUG main            d.u.i.k.p.i.AbstractProblemLoader Environment load took 57.3ns 
48002      INFO  main            d.u.i.k.p.i.AbstractProblemLoader Creating init config 
50462      DEBUG main            d.u.i.k.p.i.AbstractProblemLoader Init config took 2.46s 
50505      INFO  main            d.u.i.k.p.i.AbstractProblemLoader Replaying proof mini.MiniExamples[mini.MiniExamples::insecure_p2_2()].Non-interference contract.0 
50507      DEBUG main            d.u.i.k.p.i.IntermediateProofReplayer Proof replay took 13.3ns 
50709      INFO  main            d.u.i.k.p.r.p.TestFile    ... finished proof: open goal(s) 
50863      INFO  main            d.u.i.k.p.r.p.TestFile    Now processing file /home/runner/work/key/key/key.core/../key.ui/examples/InformationFlow/MiniExamples/mini.MiniExamples(mini.MiniExamples__secure_p2_6()).Non-interference contract.0.key 
50863      INFO  main            d.u.i.k.p.i.AbstractProblemLoader Loading environment from /home/runner/work/key/key/key.core/../key.ui/examples/InformationFlow/MiniExamples/mini.MiniExamples(mini.MiniExamples__secure_p2_6()).Non-interference contract.0.key 
50863      DEBUG main            d.u.i.k.p.i.AbstractProblemLoader Environment load took 67.9ns 
50864      INFO  main            d.u.i.k.p.i.AbstractProblemLoader Creating init config 
53329      DEBUG main            d.u.i.k.p.i.AbstractProblemLoader Init config took 2.47s 
53378      INFO  main            d.u.i.k.p.i.AbstractProblemLoader Replaying proof mini.MiniExamples[mini.MiniExamples::secure_p2_6()].Non-interference contract.0 
53381      DEBUG main            d.u.i.k.p.i.IntermediateProofReplayer Proof replay took 15.9ns 
53483      INFO  main            d.u.i.k.p.r.p.TestFile    ... finished proof: closed. 
53635      INFO  main            d.u.i.k.p.r.p.TestFile    Now processing file /home/runner/work/key/key/key.core/../key.ui/examples/InformationFlow/MiniExamples/mini.MiniExamples(mini.MiniExamples__secure_p2_5()).Non-interference contract.0.key 
53636      INFO  main            d.u.i.k.p.i.AbstractProblemLoader Loading environment from /home/runner/work/key/key/key.core/../key.ui/examples/InformationFlow/MiniExamples/mini.MiniExamples(mini.MiniExamples__secure_p2_5()).Non-interference contract.0.key 
53636      DEBUG main            d.u.i.k.p.i.AbstractProblemLoader Environment load took 103.4ns 
53637      INFO  main            d.u.i.k.p.i.AbstractProblemLoader Creating init config 
56106      DEBUG main            d.u.i.k.p.i.AbstractProblemLoader Init config took 2.47s 
56150      INFO  main            d.u.i.k.p.i.AbstractProblemLoader Replaying proof mini.MiniExamples[mini.MiniExamples::secure_p2_5()].Non-interference contract.0 
56156      DEBUG main            d.u.i.k.p.i.IntermediateProofReplayer Proof replay took 14.3ns 
56358      INFO  main            d.u.i.k.p.r.p.TestFile    ... finished proof: closed. 
56518      INFO  main            d.u.i.k.p.r.p.TestFile    Now processing file /home/runner/work/key/key/key.core/../key.ui/examples/InformationFlow/MiniExamples/mini.MiniExamples(mini.MiniExamples__secure_p2_4()).Non-interference contract.0.key 
56518      INFO  main            d.u.i.k.p.i.AbstractProblemLoader Loading environment from /home/runner/work/key/key/key.core/../key.ui/examples/InformationFlow/MiniExamples/mini.MiniExamples(mini.MiniExamples__secure_p2_4()).Non-interference contract.0.key 
56518      DEBUG main            d.u.i.k.p.i.AbstractProblemLoader Environment load took 57.1ns 
56521      INFO  main            d.u.i.k.p.i.AbstractProblemLoader Creating init config 
58990      DEBUG main            d.u.i.k.p.i.AbstractProblemLoader Init config took 2.47s 
59036      INFO  main            d.u.i.k.p.i.AbstractProblemLoader Replaying proof mini.MiniExamples[mini.MiniExamples::secure_p2_4()].Non-interference contract.0 
59038      DEBUG main            d.u.i.k.p.i.IntermediateProofReplayer Proof replay took 13.6ns 
59241      INFO  main            d.u.i.k.p.r.p.TestFile    ... finished proof: closed. 
59401      INFO  main            d.u.i.k.p.r.p.TestFile    Now processing file /home/runner/work/key/key/key.core/../key.ui/examples/InformationFlow/MiniExamples/mini.MiniExamples(mini.MiniExamples__secure_p2_3()).Non-interference contract.0.key 
59401      INFO  main            d.u.i.k.p.i.AbstractProblemLoader Loading environment from /home/runner/work/key/key/key.core/../key.ui/examples/InformationFlow/MiniExamples/mini.MiniExamples(mini.MiniExamples__secure_p2_3()).Non-interference contract.0.key 
59401      DEBUG main            d.u.i.k.p.i.AbstractProblemLoader Environment load took 57.5ns 
59402      INFO  main            d.u.i.k.p.i.AbstractProblemLoader Creating init config 
61855      DEBUG main            d.u.i.k.p.i.AbstractProblemLoader Init config took 2.45s 
61894      INFO  main            d.u.i.k.p.i.AbstractProblemLoader Replaying proof mini.MiniExamples[mini.MiniExamples::secure_p2_3()].Non-interference contract.0 
61896      DEBUG main            d.u.i.k.p.i.IntermediateProofReplayer Proof replay took 13.8ns 
62000      INFO  main            d.u.i.k.p.r.p.TestFile    ... finished proof: closed. 
62192      INFO  main            d.u.i.k.p.r.p.TestFile    Now processing file /home/runner/work/key/key/key.core/../key.ui/examples/InformationFlow/MiniExamples/mini.MiniExamples(mini.MiniExamples__secure_p2_2()).Non-interference contract.0.key 
62192      INFO  main            d.u.i.k.p.i.AbstractProblemLoader Loading environment from /home/runner/work/key/key/key.core/../key.ui/examples/InformationFlow/MiniExamples/mini.MiniExamples(mini.MiniExamples__secure_p2_2()).Non-interference contract.0.key 
62192      DEBUG main            d.u.i.k.p.i.AbstractProblemLoader Environment load took 56.4ns 
62193      INFO  main            d.u.i.k.p.i.AbstractProblemLoader Creating init config 
64619      DEBUG main            d.u.i.k.p.i.AbstractProblemLoader Init config took 2.43s 
64660      INFO  main            d.u.i.k.p.i.AbstractProblemLoader Replaying proof mini.MiniExamples[mini.MiniExamples::secure_p2_2()].Non-interference contract.0 
64667      DEBUG main            d.u.i.k.p.i.IntermediateProofReplayer Proof replay took 14.5ns 
64769      INFO  main            d.u.i.k.p.r.p.TestFile    ... finished proof: closed. 
64932      INFO  main            d.u.i.k.p.r.p.TestFile    Now processing file /home/runner/work/key/key/key.core/../key.ui/examples/InformationFlow/MiniExamples/mini.MiniExamples(mini.MiniExamples__secure_p2_1()).Non-interference contract.0.key 
64933      INFO  main            d.u.i.k.p.i.AbstractProblemLoader Loading environment from /home/runner/work/key/key/key.core/../key.ui/examples/InformationFlow/MiniExamples/mini.MiniExamples(mini.MiniExamples__secure_p2_1()).Non-interference contract.0.key 
64933      DEBUG main            d.u.i.k.p.i.AbstractProblemLoader Environment load took 102.9ns 
64934      INFO  main            d.u.i.k.p.i.AbstractProblemLoader Creating init config 
67376      DEBUG main            d.u.i.k.p.i.AbstractProblemLoader Init config took 2.44s 
67417      INFO  main            d.u.i.k.p.i.AbstractProblemLoader Replaying proof mini.MiniExamples[mini.MiniExamples::secure_p2_1()].Non-interference contract.0 
67419      DEBUG main            d.u.i.k.p.i.IntermediateProofReplayer Proof replay took 12.1ns 
67521      INFO  main            d.u.i.k.p.r.p.TestFile    ... finished proof: closed. 
67686      INFO  main            d.u.i.k.p.r.p.TestFile    Now processing file /home/runner/work/key/key/key.core/../key.ui/examples/InformationFlow/MiniExamples/mini.MiniExamples(mini.MiniExamples__insecure_p2_1()).Non-interference contract.0.key 
67686      INFO  main            d.u.i.k.p.i.AbstractProblemLoader Loading environment from /home/runner/work/key/key/key.core/../key.ui/examples/InformationFlow/MiniExamples/mini.MiniExamples(mini.MiniExamples__insecure_p2_1()).Non-interference contract.0.key 
67686      DEBUG main            d.u.i.k.p.i.AbstractProblemLoader Environment load took 83.9ns 
67687      INFO  main            d.u.i.k.p.i.AbstractProblemLoader Creating init config 
70108      DEBUG main            d.u.i.k.p.i.AbstractProblemLoader Init config took 2.42s 
70146      INFO  main            d.u.i.k.p.i.AbstractProblemLoader Replaying proof mini.MiniExamples[mini.MiniExamples::insecure_p2_1()].Non-interference contract.0 
70149      DEBUG main            d.u.i.k.p.i.IntermediateProofReplayer Proof replay took 14ns 
70252      INFO  main            d.u.i.k.p.r.p.TestFile    ... finished proof: open goal(s) 
70492      INFO  main            d.u.i.k.p.r.p.TestFile    Now processing file /home/runner/work/key/key/key.core/../key.ui/examples/InformationFlow/MiniExamples/mini.MiniExamples(mini.MiniExamples__secure_p1_6()).Non-interference contract.0.key 
70493      INFO  main            d.u.i.k.p.i.AbstractProblemLoader Loading environment from /home/runner/work/key/key/key.core/../key.ui/examples/InformationFlow/MiniExamples/mini.MiniExamples(mini.MiniExamples__secure_p1_6()).Non-interference contract.0.key 
70493      DEBUG main            d.u.i.k.p.i.AbstractProblemLoader Environment load took 107.8ns 
70494      INFO  main            d.u.i.k.p.i.AbstractProblemLoader Creating init config 
72907      DEBUG main            d.u.i.k.p.i.AbstractProblemLoader Init config took 2.41s 
72946      INFO  main            d.u.i.k.p.i.AbstractProblemLoader Replaying proof mini.MiniExamples[mini.MiniExamples::secure_p1_6()].Non-interference contract.0 
72949      DEBUG main            d.u.i.k.p.i.IntermediateProofReplayer Proof replay took 14.9ns 
73152      INFO  main            d.u.i.k.p.r.p.TestFile    ... finished proof: closed. 
73327      INFO  main            d.u.i.k.p.r.p.TestFile    Now processing file /home/runner/work/key/key/key.core/../key.ui/examples/InformationFlow/MiniExamples/mini.MiniExamples(mini.MiniExamples__secure_p1_5()).Non-interference contract.0.key 
73328      INFO  main            d.u.i.k.p.i.AbstractProblemLoader Loading environment from /home/runner/work/key/key/key.core/../key.ui/examples/InformationFlow/MiniExamples/mini.MiniExamples(mini.MiniExamples__secure_p1_5()).Non-interference contract.0.key 
73331      DEBUG main            d.u.i.k.p.i.AbstractProblemLoader Environment load took 3.66ms 
73332      INFO  main            d.u.i.k.p.i.AbstractProblemLoader Creating init config 
75786      DEBUG main            d.u.i.k.p.i.AbstractProblemLoader Init config took 2.45s 
75828      INFO  main            d.u.i.k.p.i.AbstractProblemLoader Replaying proof mini.MiniExamples[mini.MiniExamples::secure_p1_5()].Non-interference contract.0 
75831      DEBUG main            d.u.i.k.p.i.IntermediateProofReplayer Proof replay took 15.1ns 
76134      INFO  main            d.u.i.k.p.r.p.TestFile    ... finished proof: closed. 
76340      INFO  main            d.u.i.k.p.r.p.TestFile    Now processing file /home/runner/work/key/key/key.core/../key.ui/examples/InformationFlow/MiniExamples/mini.MiniExamples(mini.MiniExamples__secure_p1_4()).Non-interference contract.0.key 
76340      INFO  main            d.u.i.k.p.i.AbstractProblemLoader Loading environment from /home/runner/work/key/key/key.core/../key.ui/examples/InformationFlow/MiniExamples/mini.MiniExamples(mini.MiniExamples__secure_p1_4()).Non-interference contract.0.key 
76341      DEBUG main            d.u.i.k.p.i.AbstractProblemLoader Environment load took 57.7ns 
76341      INFO  main            d.u.i.k.p.i.AbstractProblemLoader Creating init config 
78770      DEBUG main            d.u.i.k.p.i.AbstractProblemLoader Init config took 2.43s 
78808      INFO  main            d.u.i.k.p.i.AbstractProblemLoader Replaying proof mini.MiniExamples[mini.MiniExamples::secure_p1_4()].Non-interference contract.0 
78814      DEBUG main            d.u.i.k.p.i.IntermediateProofReplayer Proof replay took 15ns 
79116      INFO  main            d.u.i.k.p.r.p.TestFile    ... finished proof: closed. 
79299      INFO  main            d.u.i.k.p.r.p.TestFile    Now processing file /home/runner/work/key/key/key.core/../key.ui/examples/InformationFlow/MiniExamples/mini.MiniExamples(mini.MiniExamples__secure_p1_3()).Non-interference contract.0.key 
79299      INFO  main            d.u.i.k.p.i.AbstractProblemLoader Loading environment from /home/runner/work/key/key/key.core/../key.ui/examples/InformationFlow/MiniExamples/mini.MiniExamples(mini.MiniExamples__secure_p1_3()).Non-interference contract.0.key 
79300      DEBUG main            d.u.i.k.p.i.AbstractProblemLoader Environment load took 462.4ns 
79300      INFO  main            d.u.i.k.p.i.AbstractProblemLoader Creating init config 
81717      DEBUG main            d.u.i.k.p.i.AbstractProblemLoader Init config took 2.42s 
81765      INFO  main            d.u.i.k.p.i.AbstractProblemLoader Replaying proof mini.MiniExamples[mini.MiniExamples::secure_p1_3()].Non-interference contract.0 
81767      DEBUG main            d.u.i.k.p.i.IntermediateProofReplayer Proof replay took 14.9ns 
81872      INFO  main            d.u.i.k.p.r.p.TestFile    ... finished proof: closed. 
82060      INFO  main            d.u.i.k.p.r.p.TestFile    Now processing file /home/runner/work/key/key/key.core/../key.ui/examples/InformationFlow/MiniExamples/mini.MiniExamples(mini.MiniExamples__secure_p1_2()).Non-interference contract.0.key 
82060      INFO  main            d.u.i.k.p.i.AbstractProblemLoader Loading environment from /home/runner/work/key/key/key.core/../key.ui/examples/InformationFlow/MiniExamples/mini.MiniExamples(mini.MiniExamples__secure_p1_2()).Non-interference contract.0.key 
82060      DEBUG main            d.u.i.k.p.i.AbstractProblemLoader Environment load took 57.5ns 
82061      INFO  main            d.u.i.k.p.i.AbstractProblemLoader Creating init config 
84539      DEBUG main            d.u.i.k.p.i.AbstractProblemLoader Init config took 2.48s 
84576      INFO  main            d.u.i.k.p.i.AbstractProblemLoader Replaying proof mini.MiniExamples[mini.MiniExamples::secure_p1_2()].Non-interference contract.0 
84580      DEBUG main            d.u.i.k.p.i.IntermediateProofReplayer Proof replay took 18.7ns 
84889      INFO  main            d.u.i.k.p.r.p.TestFile    ... finished proof: closed. 
85070      INFO  main            d.u.i.k.p.r.p.TestFile    Now processing file /home/runner/work/key/key/key.core/../key.ui/examples/InformationFlow/MiniExamples/mini.MiniExamples(mini.MiniExamples__secure_p1_1()).Non-interference contract.1.key 
85070      INFO  main            d.u.i.k.p.i.AbstractProblemLoader Loading environment from /home/runner/work/key/key/key.core/../key.ui/examples/InformationFlow/MiniExamples/mini.MiniExamples(mini.MiniExamples__secure_p1_1()).Non-interference contract.1.key 
85070      DEBUG main            d.u.i.k.p.i.AbstractProblemLoader Environment load took 63.1ns 
85075      INFO  main            d.u.i.k.p.i.AbstractProblemLoader Creating init config 
87479      DEBUG main            d.u.i.k.p.i.AbstractProblemLoader Init config took 2.4s 
87515      INFO  main            d.u.i.k.p.i.AbstractProblemLoader Replaying proof mini.MiniExamples[mini.MiniExamples::secure_p1_1()].Non-interference contract.1 
87518      DEBUG main            d.u.i.k.p.i.IntermediateProofReplayer Proof replay took 14.8ns 
87721      INFO  main            d.u.i.k.p.r.p.TestFile    ... finished proof: closed. 
87921      INFO  main            d.u.i.k.p.r.p.TestFile    Now processing file /home/runner/work/key/key/key.core/../key.ui/examples/InformationFlow/MiniExamples/mini.MiniExamples(mini.MiniExamples__secure_p1_1()).Non-interference contract.0.key 
87921      INFO  main            d.u.i.k.p.i.AbstractProblemLoader Loading environment from /home/runner/work/key/key/key.core/../key.ui/examples/InformationFlow/MiniExamples/mini.MiniExamples(mini.MiniExamples__secure_p1_1()).Non-interference contract.0.key 
87922      DEBUG main            d.u.i.k.p.i.AbstractProblemLoader Environment load took 543.1ns 
87922      INFO  main            d.u.i.k.p.i.AbstractProblemLoader Creating init config 
90295      DEBUG main            d.u.i.k.p.i.AbstractProblemLoader Init config took 2.37s 
90331      INFO  main            d.u.i.k.p.i.AbstractProblemLoader Replaying proof mini.MiniExamples[mini.MiniExamples::secure_p1_1()].Non-interference contract.0 
90333      DEBUG main            d.u.i.k.p.i.IntermediateProofReplayer Proof replay took 13.4ns 
90537      INFO  main            d.u.i.k.p.r.p.TestFile    ... finished proof: closed. 
90722      INFO  main            d.u.i.k.p.r.p.TestFile    Now processing file /home/runner/work/key/key/key.core/../key.ui/examples/InformationFlow/MiniExamples/mini.MiniExamples(mini.MiniExamples__insecure_p1_2()).Non-interference contract.0.key 
90722      INFO  main            d.u.i.k.p.i.AbstractProblemLoader Loading environment from /home/runner/work/key/key/key.core/../key.ui/examples/InformationFlow/MiniExamples/mini.MiniExamples(mini.MiniExamples__insecure_p1_2()).Non-interference contract.0.key 
90722      DEBUG main            d.u.i.k.p.i.AbstractProblemLoader Environment load took 55.4ns 
90724      INFO  main            d.u.i.k.p.i.AbstractProblemLoader Creating init config 
93106      DEBUG main            d.u.i.k.p.i.AbstractProblemLoader Init config took 2.38s 
93142      INFO  main            d.u.i.k.p.i.AbstractProblemLoader Replaying proof mini.MiniExamples[mini.MiniExamples::insecure_p1_2()].Non-interference contract.0 
93144      DEBUG main            d.u.i.k.p.i.IntermediateProofReplayer Proof replay took 14.6ns 
93346      INFO  main            d.u.i.k.p.r.p.TestFile    ... finished proof: open goal(s) 
93578      INFO  main            d.u.i.k.p.r.p.TestFile    Now processing file /home/runner/work/key/key/key.core/../key.ui/examples/InformationFlow/MiniExamples/mini.MiniExamples(mini.MiniExamples__insecure_p1_1()).Non-interference contract.0.key 
93578      INFO  main            d.u.i.k.p.i.AbstractProblemLoader Loading environment from /home/runner/work/key/key/key.core/../key.ui/examples/InformationFlow/MiniExamples/mini.MiniExamples(mini.MiniExamples__insecure_p1_1()).Non-interference contract.0.key 
93578      DEBUG main            d.u.i.k.p.i.AbstractProblemLoader Environment load took 56.4ns 
93579      INFO  main            d.u.i.k.p.i.AbstractProblemLoader Creating init config 
95964      DEBUG main            d.u.i.k.p.i.AbstractProblemLoader Init config took 2.38s 
96002      INFO  main            d.u.i.k.p.i.AbstractProblemLoader Replaying proof mini.MiniExamples[mini.MiniExamples::insecure_p1_1()].Non-interference contract.0 
96004      DEBUG main            d.u.i.k.p.i.IntermediateProofReplayer Proof replay took 13.2ns 
96105      INFO  main            d.u.i.k.p.r.p.TestFile    ... finished proof: open goal(s) 
1159094    INFO  Test worker     d.u.i.k.p.r.RunAllProofsTestUnit Returning from test MiniExamples_nomacro 
1159095    INFO  Test worker     d.u.i.k.p.r.RunAllProofsTestUnit Running test NewObjects_nomacro 
345        INFO  Timeout watchdog d.u.i.k.p.r.p.ForkedTestFileRunner Timeout watcher launched (1000 secs.) 
357        WARN  main            d.u.i.k.s.ProofSettings   The settings in /home/runner/.key/proof-settings.props are *not* read. 
387        INFO  main            d.u.i.k.p.r.p.TestFile    Now processing file /home/runner/work/key/key/key.core/../key.ui/examples/InformationFlow/NewObjects/object.AmtoftBanerjee3(object.AmtoftBanerjee3__m()).Non-interference contract.0.key 
546        INFO  main            d.u.i.k.p.i.AbstractProblemLoader Loading environment from /home/runner/work/key/key/key.core/../key.ui/examples/InformationFlow/NewObjects/object.AmtoftBanerjee3(object.AmtoftBanerjee3__m()).Non-interference contract.0.key 
564        DEBUG main            d.u.i.k.p.i.AbstractProblemLoader Environment load took 2ms 
783        INFO  main            d.u.i.k.p.i.AbstractProblemLoader Creating init config 
1595       DEBUG main            d.u.i.k.j.TypeConverter   No LDT found for Meta 
1599       DEBUG main            d.u.i.k.j.TypeConverter   No LDT found for Meta 
1602       DEBUG main            d.u.i.k.j.TypeConverter   No LDT found for Meta 
1603       DEBUG main            d.u.i.k.j.TypeConverter   No LDT found for Meta 
3023       DEBUG main            d.u.i.k.j.TypeConverter   No LDT found for JavaBigintExpression 
5789       DEBUG main            d.u.i.k.j.r.ClassPreparationMethodBuilder clPrepBuilder: Inner Class detected. Reject building class initialisation methods. 
8234       DEBUG main            d.u.i.k.p.i.AbstractProblemLoader Init config took 7.45s 
8402       INFO  main            d.u.i.k.p.i.AbstractProblemLoader Replaying proof object.AmtoftBanerjee3[object.AmtoftBanerjee3::m()].Non-interference contract.0 
8491       DEBUG main            d.u.i.k.p.i.IntermediateProofReplayer Proof replay took 322.8ns 
9320       INFO  main            d.u.i.k.p.r.p.TestFile    ... finished proof: closed. 
9425       INFO  main            d.u.i.k.p.r.p.TestFile    Now processing file /home/runner/work/key/key/key.core/../key.ui/examples/InformationFlow/NewObjects/object.AmtoftBanerjee(object.AmtoftBanerjee__m_2()).Non-interference contract.0.key 
9426       INFO  main            d.u.i.k.p.i.AbstractProblemLoader Loading environment from /home/runner/work/key/key/key.core/../key.ui/examples/InformationFlow/NewObjects/object.AmtoftBanerjee(object.AmtoftBanerjee__m_2()).Non-interference contract.0.key 
9426       DEBUG main            d.u.i.k.p.i.AbstractProblemLoader Environment load took 636.6ns 
9430       INFO  main            d.u.i.k.p.i.AbstractProblemLoader Creating init config 
10531      DEBUG main            d.u.i.k.j.r.ClassPreparationMethodBuilder clPrepBuilder: Inner Class detected. Reject building class initialisation methods. 
12576      DEBUG main            d.u.i.k.p.i.AbstractProblemLoader Init config took 3.15s 
12663      INFO  main            d.u.i.k.p.i.AbstractProblemLoader Replaying proof object.AmtoftBanerjee[object.AmtoftBanerjee::m_2()].Non-interference contract.0 
12667      DEBUG main            d.u.i.k.p.i.IntermediateProofReplayer Proof replay took 13.3ns 
13988      INFO  main            d.u.i.k.p.r.p.TestFile    ... finished proof: closed. 
14160      INFO  main            d.u.i.k.p.r.p.TestFile    Now processing file /home/runner/work/key/key/key.core/../key.ui/examples/InformationFlow/NewObjects/object.AmtoftBanerjee(object.AmtoftBanerjee__m_1()).Non-interference contract.1.key 
14161      INFO  main            d.u.i.k.p.i.AbstractProblemLoader Loading environment from /home/runner/work/key/key/key.core/../key.ui/examples/InformationFlow/NewObjects/object.AmtoftBanerjee(object.AmtoftBanerjee__m_1()).Non-interference contract.1.key 
14161      DEBUG main            d.u.i.k.p.i.AbstractProblemLoader Environment load took 117.3ns 
14162      INFO  main            d.u.i.k.p.i.AbstractProblemLoader Creating init config 
15038      DEBUG main            d.u.i.k.j.r.ClassPreparationMethodBuilder clPrepBuilder: Inner Class detected. Reject building class initialisation methods. 
16953      DEBUG main            d.u.i.k.p.i.AbstractProblemLoader Init config took 2.79s 
17014      INFO  main            d.u.i.k.p.i.AbstractProblemLoader Replaying proof object.AmtoftBanerjee[object.AmtoftBanerjee::m_1()].Non-interference contract.1 
17018      DEBUG main            d.u.i.k.p.i.IntermediateProofReplayer Proof replay took 12.8ns 
17530      INFO  main            d.u.i.k.p.r.p.TestFile    ... finished proof: open goal(s) 
17659      INFO  main            d.u.i.k.p.r.p.TestFile    Now processing file /home/runner/work/key/key/key.core/../key.ui/examples/InformationFlow/NewObjects/object.AmtoftBanerjee(object.AmtoftBanerjee__m_1()).Non-interference contract.0.key 
17660      INFO  main            d.u.i.k.p.i.AbstractProblemLoader Loading environment from /home/runner/work/key/key/key.core/../key.ui/examples/InformationFlow/NewObjects/object.AmtoftBanerjee(object.AmtoftBanerjee__m_1()).Non-interference contract.0.key 
17660      DEBUG main            d.u.i.k.p.i.AbstractProblemLoader Environment load took 137.7ns 
17661      INFO  main            d.u.i.k.p.i.AbstractProblemLoader Creating init config 
18547      DEBUG main            d.u.i.k.j.r.ClassPreparationMethodBuilder clPrepBuilder: Inner Class detected. Reject building class initialisation methods. 
20410      DEBUG main            d.u.i.k.p.i.AbstractProblemLoader Init config took 2.75s 
20488      INFO  main            d.u.i.k.p.i.AbstractProblemLoader Replaying proof object.AmtoftBanerjee[object.AmtoftBanerjee::m_1()].Non-interference contract.0 
20494      DEBUG main            d.u.i.k.p.i.IntermediateProofReplayer Proof replay took 12.8ns 
20998      INFO  main            d.u.i.k.p.r.p.TestFile    ... finished proof: closed. 
21140      INFO  main            d.u.i.k.p.r.p.TestFile    Now processing file /home/runner/work/key/key/key.core/../key.ui/examples/InformationFlow/NewObjects/object.AmtoftBanerjee(object.AmtoftBanerjee__getQ()).Non-interference contract.0.key 
21141      INFO  main            d.u.i.k.p.i.AbstractProblemLoader Loading environment from /home/runner/work/key/key/key.core/../key.ui/examples/InformationFlow/NewObjects/object.AmtoftBanerjee(object.AmtoftBanerjee__getQ()).Non-interference contract.0.key 
21141      DEBUG main            d.u.i.k.p.i.AbstractProblemLoader Environment load took 90.4ns 
21142      INFO  main            d.u.i.k.p.i.AbstractProblemLoader Creating init config 
21993      DEBUG main            d.u.i.k.j.r.ClassPreparationMethodBuilder clPrepBuilder: Inner Class detected. Reject building class initialisation methods. 
23859      DEBUG main            d.u.i.k.p.i.AbstractProblemLoader Init config took 2.72s 
23908      INFO  main            d.u.i.k.p.i.AbstractProblemLoader Replaying proof object.AmtoftBanerjee[object.AmtoftBanerjee::getQ()].Non-interference contract.0 
23911      DEBUG main            d.u.i.k.p.i.IntermediateProofReplayer Proof replay took 13.2ns 
24013      INFO  main            d.u.i.k.p.r.p.TestFile    ... finished proof: closed. 
24137      INFO  main            d.u.i.k.p.r.p.TestFile    Now processing file /home/runner/work/key/key/key.core/../key.ui/examples/InformationFlow/NewObjects/object.ObjectOrientation(object.ObjectOrientation__secure_while_i((Ljava.lang.Object)).Non-interference contract.0.key 
24138      INFO  main            d.u.i.k.p.i.AbstractProblemLoader Loading environment from /home/runner/work/key/key/key.core/../key.ui/examples/InformationFlow/NewObjects/object.ObjectOrientation(object.ObjectOrientation__secure_while_i((Ljava.lang.Object)).Non-interference contract.0.key 
24138      DEBUG main            d.u.i.k.p.i.AbstractProblemLoader Environment load took 65.4ns 
24139      INFO  main            d.u.i.k.p.i.AbstractProblemLoader Creating init config 
24979      DEBUG main            d.u.i.k.j.r.ClassPreparationMethodBuilder clPrepBuilder: Inner Class detected. Reject building class initialisation methods. 
26879      DEBUG main            d.u.i.k.p.i.AbstractProblemLoader Init config took 2.74s 
26928      INFO  main            d.u.i.k.p.i.AbstractProblemLoader Replaying proof object.ObjectOrientation[object.ObjectOrientation::secure_while_i([Ljava.lang.Object)].Non-interference contract.0 
26931      DEBUG main            d.u.i.k.p.i.IntermediateProofReplayer Proof replay took 10.8ns 
35713      INFO  main            d.u.i.k.p.r.p.TestFile    ... finished proof: closed. 
35889      INFO  main            d.u.i.k.p.r.p.TestFile    Now processing file /home/runner/work/key/key/key.core/../key.ui/examples/InformationFlow/NewObjects/object.ObjectOrientation(object.ObjectOrientation__secure_method_call()).Non-interference contract.0.key 
35889      INFO  main            d.u.i.k.p.i.AbstractProblemLoader Loading environment from /home/runner/work/key/key/key.core/../key.ui/examples/InformationFlow/NewObjects/object.ObjectOrientation(object.ObjectOrientation__secure_method_call()).Non-interference contract.0.key 
35889      DEBUG main            d.u.i.k.p.i.AbstractProblemLoader Environment load took 65.8ns 
35890      INFO  main            d.u.i.k.p.i.AbstractProblemLoader Creating init config 
36727      DEBUG main            d.u.i.k.j.r.ClassPreparationMethodBuilder clPrepBuilder: Inner Class detected. Reject building class initialisation methods. 
38568      DEBUG main            d.u.i.k.p.i.AbstractProblemLoader Init config took 2.68s 
38620      INFO  main            d.u.i.k.p.i.AbstractProblemLoader Replaying proof object.ObjectOrientation[object.ObjectOrientation::secure_method_call()].Non-interference contract.0 
38622      DEBUG main            d.u.i.k.p.i.IntermediateProofReplayer Proof replay took 12.7ns 
39126      INFO  main            d.u.i.k.p.r.p.TestFile    ... finished proof: closed. 
39268      INFO  main            d.u.i.k.p.r.p.TestFile    Now processing file /home/runner/work/key/key/key.core/../key.ui/examples/InformationFlow/NewObjects/object.ObjectOrientation(object.ObjectOrientation__if_two_object_creation_next()).Non-interference contract.1.key 
39268      INFO  main            d.u.i.k.p.i.AbstractProblemLoader Loading environment from /home/runner/work/key/key/key.core/../key.ui/examples/InformationFlow/NewObjects/object.ObjectOrientation(object.ObjectOrientation__if_two_object_creation_next()).Non-interference contract.1.key 
39268      DEBUG main            d.u.i.k.p.i.AbstractProblemLoader Environment load took 65.2ns 
39270      INFO  main            d.u.i.k.p.i.AbstractProblemLoader Creating init config 
40093      DEBUG main            d.u.i.k.j.r.ClassPreparationMethodBuilder clPrepBuilder: Inner Class detected. Reject building class initialisation methods. 
41951      DEBUG main            d.u.i.k.p.i.AbstractProblemLoader Init config took 2.68s 
42002      INFO  main            d.u.i.k.p.i.AbstractProblemLoader Replaying proof object.ObjectOrientation[object.ObjectOrientation::if_two_object_creation_next()].Non-interference contract.1 
42007      DEBUG main            d.u.i.k.p.i.IntermediateProofReplayer Proof replay took 13.2ns 
59372      INFO  main            d.u.i.k.p.r.p.TestFile    ... finished proof: open goal(s) 
59572      INFO  main            d.u.i.k.p.r.p.TestFile    Now processing file /home/runner/work/key/key/key.core/../key.ui/examples/InformationFlow/NewObjects/object.ObjectOrientation(object.ObjectOrientation__insecure_two_object_creation()).Non-interference contract.0.key 
59572      INFO  main            d.u.i.k.p.i.AbstractProblemLoader Loading environment from /home/runner/work/key/key/key.core/../key.ui/examples/InformationFlow/NewObjects/object.ObjectOrientation(object.ObjectOrientation__insecure_two_object_creation()).Non-interference contract.0.key 
59572      DEBUG main            d.u.i.k.p.i.AbstractProblemLoader Environment load took 95.9ns 
59573      INFO  main            d.u.i.k.p.i.AbstractProblemLoader Creating init config 
60398      DEBUG main            d.u.i.k.j.r.ClassPreparationMethodBuilder clPrepBuilder: Inner Class detected. Reject building class initialisation methods. 
62191      DEBUG main            d.u.i.k.p.i.AbstractProblemLoader Init config took 2.62s 
62237      INFO  main            d.u.i.k.p.i.AbstractProblemLoader Replaying proof object.ObjectOrientation[object.ObjectOrientation::insecure_two_object_creation()].Non-interference contract.0 
62240      DEBUG main            d.u.i.k.p.i.IntermediateProofReplayer Proof replay took 13ns 
79440      INFO  main            d.u.i.k.p.r.p.TestFile    ... finished proof: open goal(s) 
79701      INFO  main            d.u.i.k.p.r.p.TestFile    Now processing file /home/runner/work/key/key/key.core/../key.ui/examples/InformationFlow/NewObjects/object.ObjectOrientation(object.ObjectOrientation__secure_two_object_creation()).Non-interference contract.0.key 
79701      INFO  main            d.u.i.k.p.i.AbstractProblemLoader Loading environment from /home/runner/work/key/key/key.core/../key.ui/examples/InformationFlow/NewObjects/object.ObjectOrientation(object.ObjectOrientation__secure_two_object_creation()).Non-interference contract.0.key 
79702      DEBUG main            d.u.i.k.p.i.AbstractProblemLoader Environment load took 58.7ns 
79702      INFO  main            d.u.i.k.p.i.AbstractProblemLoader Creating init config 
80543      DEBUG main            d.u.i.k.j.r.ClassPreparationMethodBuilder clPrepBuilder: Inner Class detected. Reject building class initialisation methods. 
82337      DEBUG main            d.u.i.k.p.i.AbstractProblemLoader Init config took 2.63s 
82380      INFO  main            d.u.i.k.p.i.AbstractProblemLoader Replaying proof object.ObjectOrientation[object.ObjectOrientation::secure_two_object_creation()].Non-interference contract.0 
82383      DEBUG main            d.u.i.k.p.i.IntermediateProofReplayer Proof replay took 11ns 
94547      INFO  main            d.u.i.k.p.r.p.TestFile    ... finished proof: closed. 
94801      INFO  main            d.u.i.k.p.r.p.TestFile    Now processing file /home/runner/work/key/key/key.core/../key.ui/examples/InformationFlow/NewObjects/object.ObjectOrientation(object.ObjectOrientation__insecure_object_assignment()).Non-interference contract.1.key 
94801      INFO  main            d.u.i.k.p.i.AbstractProblemLoader Loading environment from /home/runner/work/key/key/key.core/../key.ui/examples/InformationFlow/NewObjects/object.ObjectOrientation(object.ObjectOrientation__insecure_object_assignment()).Non-interference contract.1.key 
94801      DEBUG main            d.u.i.k.p.i.AbstractProblemLoader Environment load took 65.1ns 
94802      INFO  main            d.u.i.k.p.i.AbstractProblemLoader Creating init config 
95628      DEBUG main            d.u.i.k.j.r.ClassPreparationMethodBuilder clPrepBuilder: Inner Class detected. Reject building class initialisation methods. 
97437      DEBUG main            d.u.i.k.p.i.AbstractProblemLoader Init config took 2.63s 
97480      INFO  main            d.u.i.k.p.i.AbstractProblemLoader Replaying proof object.ObjectOrientation[object.ObjectOrientation::insecure_object_assignment()].Non-interference contract.1 
97483      DEBUG main            d.u.i.k.p.i.IntermediateProofReplayer Proof replay took 11.9ns 
105534     INFO  main            d.u.i.k.p.r.p.TestFile    ... finished proof: open goal(s) 
105731     INFO  main            d.u.i.k.p.r.p.TestFile    Now processing file /home/runner/work/key/key/key.core/../key.ui/examples/InformationFlow/NewObjects/object.ObjectOrientation(object.ObjectOrientation__insecure_object_assignment()).Non-interference contract.0.key 
105731     INFO  main            d.u.i.k.p.i.AbstractProblemLoader Loading environment from /home/runner/work/key/key/key.core/../key.ui/examples/InformationFlow/NewObjects/object.ObjectOrientation(object.ObjectOrientation__insecure_object_assignment()).Non-interference contract.0.key 
105731     DEBUG main            d.u.i.k.p.i.AbstractProblemLoader Environment load took 71.5ns 
105732     INFO  main            d.u.i.k.p.i.AbstractProblemLoader Creating init config 
106546     DEBUG main            d.u.i.k.j.r.ClassPreparationMethodBuilder clPrepBuilder: Inner Class detected. Reject building class initialisation methods. 
108344     DEBUG main            d.u.i.k.p.i.AbstractProblemLoader Init config took 2.61s 
108389     INFO  main            d.u.i.k.p.i.AbstractProblemLoader Replaying proof object.ObjectOrientation[object.ObjectOrientation::insecure_object_assignment()].Non-interference contract.0 
108391     DEBUG main            d.u.i.k.p.i.IntermediateProofReplayer Proof replay took 12.5ns 
108597     INFO  main            d.u.i.k.p.r.p.TestFile    ... finished proof: open goal(s) 
108763     INFO  main            d.u.i.k.p.r.p.TestFile    Now processing file /home/runner/work/key/key/key.core/../key.ui/examples/InformationFlow/NewObjects/object.ObjectOrientation(object.ObjectOrientation__secure_object_creation_3()).Non-interference contract.0.key 
108763     INFO  main            d.u.i.k.p.i.AbstractProblemLoader Loading environment from /home/runner/work/key/key/key.core/../key.ui/examples/InformationFlow/NewObjects/object.ObjectOrientation(object.ObjectOrientation__secure_object_creation_3()).Non-interference contract.0.key 
108763     DEBUG main            d.u.i.k.p.i.AbstractProblemLoader Environment load took 70.9ns 
108764     INFO  main            d.u.i.k.p.i.AbstractProblemLoader Creating init config 
109578     DEBUG main            d.u.i.k.j.r.ClassPreparationMethodBuilder clPrepBuilder: Inner Class detected. Reject building class initialisation methods. 
111384     DEBUG main            d.u.i.k.p.i.AbstractProblemLoader Init config took 2.62s 
111424     INFO  main            d.u.i.k.p.i.AbstractProblemLoader Replaying proof object.ObjectOrientation[object.ObjectOrientation::secure_object_creation_3()].Non-interference contract.0 
111426     DEBUG main            d.u.i.k.p.i.IntermediateProofReplayer Proof replay took 12ns 
111929     INFO  main            d.u.i.k.p.r.p.TestFile    ... finished proof: closed. 
112087     INFO  main            d.u.i.k.p.r.p.TestFile    Now processing file /home/runner/work/key/key/key.core/../key.ui/examples/InformationFlow/NewObjects/object.ObjectOrientation(object.ObjectOrientation__secure_object_creation_2()).Non-interference contract.0.key 
112087     INFO  main            d.u.i.k.p.i.AbstractProblemLoader Loading environment from /home/runner/work/key/key/key.core/../key.ui/examples/InformationFlow/NewObjects/object.ObjectOrientation(object.ObjectOrientation__secure_object_creation_2()).Non-interference contract.0.key 
112087     DEBUG main            d.u.i.k.p.i.AbstractProblemLoader Environment load took 69.2ns 
112088     INFO  main            d.u.i.k.p.i.AbstractProblemLoader Creating init config 
112916     DEBUG main            d.u.i.k.j.r.ClassPreparationMethodBuilder clPrepBuilder: Inner Class detected. Reject building class initialisation methods. 
114709     DEBUG main            d.u.i.k.p.i.AbstractProblemLoader Init config took 2.62s 
114749     INFO  main            d.u.i.k.p.i.AbstractProblemLoader Replaying proof object.ObjectOrientation[object.ObjectOrientation::secure_object_creation_2()].Non-interference contract.0 
114751     DEBUG main            d.u.i.k.p.i.IntermediateProofReplayer Proof replay took 13.1ns 
115057     INFO  main            d.u.i.k.p.r.p.TestFile    ... finished proof: closed. 
115218     INFO  main            d.u.i.k.p.r.p.TestFile    Now processing file /home/runner/work/key/key/key.core/../key.ui/examples/InformationFlow/NewObjects/object.ObjectOrientation(object.ObjectOrientation__secure_object_creation()).Non-interference contract.0.key 
115218     INFO  main            d.u.i.k.p.i.AbstractProblemLoader Loading environment from /home/runner/work/key/key/key.core/../key.ui/examples/InformationFlow/NewObjects/object.ObjectOrientation(object.ObjectOrientation__secure_object_creation()).Non-interference contract.0.key 
115218     DEBUG main            d.u.i.k.p.i.AbstractProblemLoader Environment load took 68.3ns 
115219     INFO  main            d.u.i.k.p.i.AbstractProblemLoader Creating init config 
116033     DEBUG main            d.u.i.k.j.r.ClassPreparationMethodBuilder clPrepBuilder: Inner Class detected. Reject building class initialisation methods. 
117842     DEBUG main            d.u.i.k.p.i.AbstractProblemLoader Init config took 2.62s 
117882     INFO  main            d.u.i.k.p.i.AbstractProblemLoader Replaying proof object.ObjectOrientation[object.ObjectOrientation::secure_object_creation()].Non-interference contract.0 
117884     DEBUG main            d.u.i.k.p.i.IntermediateProofReplayer Proof replay took 14.3ns 
118687     INFO  main            d.u.i.k.p.r.p.TestFile    ... finished proof: closed. 
118867     INFO  main            d.u.i.k.p.r.p.TestFile    Now processing file /home/runner/work/key/key/key.core/../key.ui/examples/InformationFlow/NewObjects/object.AmtoftBanerjee2(object.AmtoftBanerjee2__expensive(int)).Non-interference contract.0.key 
118867     INFO  main            d.u.i.k.p.i.AbstractProblemLoader Loading environment from /home/runner/work/key/key/key.core/../key.ui/examples/InformationFlow/NewObjects/object.AmtoftBanerjee2(object.AmtoftBanerjee2__expensive(int)).Non-interference contract.0.key 
118867     DEBUG main            d.u.i.k.p.i.AbstractProblemLoader Environment load took 59.4ns 
118869     INFO  main            d.u.i.k.p.i.AbstractProblemLoader Creating init config 
119715     DEBUG main            d.u.i.k.j.r.ClassPreparationMethodBuilder clPrepBuilder: Inner Class detected. Reject building class initialisation methods. 
121578     DEBUG main            d.u.i.k.p.i.AbstractProblemLoader Init config took 2.71s 
121619     INFO  main            d.u.i.k.p.i.AbstractProblemLoader Replaying proof object.AmtoftBanerjee2[object.AmtoftBanerjee2::expensive(int)].Non-interference contract.0 
121621     DEBUG main            d.u.i.k.p.i.IntermediateProofReplayer Proof replay took 13.7ns 
121724     INFO  main            d.u.i.k.p.r.p.TestFile    ... finished proof: closed. 
121887     INFO  main            d.u.i.k.p.r.p.TestFile    Now processing file /home/runner/work/key/key/key.core/../key.ui/examples/InformationFlow/NewObjects/object.AmtoftBanerjee2(object.AmtoftBanerjee2__cexp(int)).Non-interference contract.0.key 
121887     INFO  main            d.u.i.k.p.i.AbstractProblemLoader Loading environment from /home/runner/work/key/key/key.core/../key.ui/examples/InformationFlow/NewObjects/object.AmtoftBanerjee2(object.AmtoftBanerjee2__cexp(int)).Non-interference contract.0.key 
121887     DEBUG main            d.u.i.k.p.i.AbstractProblemLoader Environment load took 59.5ns 
121888     INFO  main            d.u.i.k.p.i.AbstractProblemLoader Creating init config 
122702     DEBUG main            d.u.i.k.j.r.ClassPreparationMethodBuilder clPrepBuilder: Inner Class detected. Reject building class initialisation methods. 
124507     DEBUG main            d.u.i.k.p.i.AbstractProblemLoader Init config took 2.62s 
124547     INFO  main            d.u.i.k.p.i.AbstractProblemLoader Replaying proof object.AmtoftBanerjee2[object.AmtoftBanerjee2::cexp(int)].Non-interference contract.0 
124550     DEBUG main            d.u.i.k.p.i.IntermediateProofReplayer Proof replay took 13.4ns 
125973     INFO  main            d.u.i.k.p.r.p.TestFile    ... finished proof: closed. 
1285430    INFO  Test worker     d.u.i.k.p.r.RunAllProofsTestUnit Returning from test NewObjects_nomacro 
1285432    INFO  Test worker     d.u.i.k.p.r.RunAllProofsTestUnit Running test SimpleEvoting_nomacro 
327        INFO  Timeout watchdog d.u.i.k.p.r.p.ForkedTestFileRunner Timeout watcher launched (1000 secs.) 
332        WARN  main            d.u.i.k.s.ProofSettings   The settings in /home/runner/.key/proof-settings.props are *not* read. 
356        INFO  main            d.u.i.k.p.r.p.TestFile    Now processing file /home/runner/work/key/key/key.core/../key.ui/examples/InformationFlow/SimpleEvoting/simple_evoting.Environment(simple_evoting.Environment__untrustedOutputMessage((B)).Non-interference contract.0.key 
459        INFO  main            d.u.i.k.p.i.AbstractProblemLoader Loading environment from /home/runner/work/key/key/key.core/../key.ui/examples/InformationFlow/SimpleEvoting/simple_evoting.Environment(simple_evoting.Environment__untrustedOutputMessage((B)).Non-interference contract.0.key 
486        DEBUG main            d.u.i.k.p.i.AbstractProblemLoader Environment load took 1.95ms 
749        INFO  main            d.u.i.k.p.i.AbstractProblemLoader Creating init config 
1643       DEBUG main            d.u.i.k.j.TypeConverter   No LDT found for Meta 
1643       DEBUG main            d.u.i.k.j.TypeConverter   No LDT found for Meta 
1644       DEBUG main            d.u.i.k.j.TypeConverter   No LDT found for Meta 
1645       DEBUG main            d.u.i.k.j.TypeConverter   No LDT found for Meta 
2984       DEBUG main            d.u.i.k.j.TypeConverter   No LDT found for JavaBigintExpression 
9104       DEBUG main            d.u.i.k.p.i.AbstractProblemLoader Init config took 8.35s 
9271       INFO  main            d.u.i.k.p.i.AbstractProblemLoader Replaying proof simple_evoting.Environment[simple_evoting.Environment::untrustedOutputMessage([B)].Non-interference contract.0 
9361       DEBUG main            d.u.i.k.p.i.IntermediateProofReplayer Proof replay took 331.5ns 
16742      INFO  main            d.u.i.k.p.r.p.TestFile    ... finished proof: closed. 
16945      INFO  main            d.u.i.k.p.r.p.TestFile    Now processing file /home/runner/work/key/key/key.core/../key.ui/examples/InformationFlow/SimpleEvoting/simple_evoting.Environment(simple_evoting.Environment__untrustedOutput(int)).Non-interference contract.0.key 
16948      INFO  main            d.u.i.k.p.i.AbstractProblemLoader Loading environment from /home/runner/work/key/key/key.core/../key.ui/examples/InformationFlow/SimpleEvoting/simple_evoting.Environment(simple_evoting.Environment__untrustedOutput(int)).Non-interference contract.0.key 
16948      DEBUG main            d.u.i.k.p.i.AbstractProblemLoader Environment load took 351.2ns 
16950      INFO  main            d.u.i.k.p.i.AbstractProblemLoader Creating init config 
20607      DEBUG main            d.u.i.k.p.i.AbstractProblemLoader Init config took 3.66s 
20696      INFO  main            d.u.i.k.p.i.AbstractProblemLoader Replaying proof simple_evoting.Environment[simple_evoting.Environment::untrustedOutput(int)].Non-interference contract.0 
20700      DEBUG main            d.u.i.k.p.i.IntermediateProofReplayer Proof replay took 13.4ns 
20802      INFO  main            d.u.i.k.p.r.p.TestFile    ... finished proof: closed. 
20925      INFO  main            d.u.i.k.p.r.p.TestFile    Now processing file /home/runner/work/key/key/key.core/../key.ui/examples/InformationFlow/SimpleEvoting/simple_evoting.Environment(simple_evoting.Environment__untrustedInput(int)).Non-interference contract.0.key 
20925      INFO  main            d.u.i.k.p.i.AbstractProblemLoader Loading environment from /home/runner/work/key/key/key.core/../key.ui/examples/InformationFlow/SimpleEvoting/simple_evoting.Environment(simple_evoting.Environment__untrustedInput(int)).Non-interference contract.0.key 
20925      DEBUG main            d.u.i.k.p.i.AbstractProblemLoader Environment load took 131.9ns 
20927      INFO  main            d.u.i.k.p.i.AbstractProblemLoader Creating init config 
24419      DEBUG main            d.u.i.k.p.i.AbstractProblemLoader Init config took 3.49s 
24488      INFO  main            d.u.i.k.p.i.AbstractProblemLoader Replaying proof simple_evoting.Environment[simple_evoting.Environment::untrustedInput(int)].Non-interference contract.0 
24492      DEBUG main            d.u.i.k.p.i.IntermediateProofReplayer Proof replay took 12.3ns 
24599      INFO  main            d.u.i.k.p.r.p.TestFile    ... finished proof: open goal(s) 
24723      INFO  main            d.u.i.k.p.r.p.TestFile    Now processing file /home/runner/work/key/key/key.core/../key.ui/examples/InformationFlow/SimpleEvoting/simple_evoting.Environment(simple_evoting.Environment__untrustedInput()).Non-interference contract.0.key 
24723      INFO  main            d.u.i.k.p.i.AbstractProblemLoader Loading environment from /home/runner/work/key/key/key.core/../key.ui/examples/InformationFlow/SimpleEvoting/simple_evoting.Environment(simple_evoting.Environment__untrustedInput()).Non-interference contract.0.key 
24723      DEBUG main            d.u.i.k.p.i.AbstractProblemLoader Environment load took 81.9ns 
24725      INFO  main            d.u.i.k.p.i.AbstractProblemLoader Creating init config 
28029      DEBUG main            d.u.i.k.p.i.AbstractProblemLoader Init config took 3.3s 
28095      INFO  main            d.u.i.k.p.i.AbstractProblemLoader Replaying proof simple_evoting.Environment[simple_evoting.Environment::untrustedInput()].Non-interference contract.0 
28097      DEBUG main            d.u.i.k.p.i.IntermediateProofReplayer Proof replay took 11.7ns 
28201      INFO  main            d.u.i.k.p.r.p.TestFile    ... finished proof: open goal(s) 
28341      INFO  main            d.u.i.k.p.r.p.TestFile    Now processing file /home/runner/work/key/key/key.core/../key.ui/examples/InformationFlow/SimpleEvoting/simple_evoting.SMT(simple_evoting.SMT__send(simple_evoting.Message,int,simple_evoting.Server)).Non-interference contract.1.key 
28342      INFO  main            d.u.i.k.p.i.AbstractProblemLoader Loading environment from /home/runner/work/key/key/key.core/../key.ui/examples/InformationFlow/SimpleEvoting/simple_evoting.SMT(simple_evoting.SMT__send(simple_evoting.Message,int,simple_evoting.Server)).Non-interference contract.1.key 
28342      DEBUG main            d.u.i.k.p.i.AbstractProblemLoader Environment load took 62.9ns 
28343      INFO  main            d.u.i.k.p.i.AbstractProblemLoader Creating init config 
31629      DEBUG main            d.u.i.k.p.i.AbstractProblemLoader Init config took 3.29s 
31707      INFO  main            d.u.i.k.p.i.AbstractProblemLoader Replaying proof simple_evoting.SMT[simple_evoting.SMT::send(simple_evoting.Message,int,simple_evoting.Server)].Non-interference contract.1 
31710      DEBUG main            d.u.i.k.p.i.IntermediateProofReplayer Proof replay took 12.4ns 
56742      INFO  main            d.u.i.k.p.r.p.TestFile    ... finished proof: closed. 
56988      INFO  main            d.u.i.k.p.r.p.TestFile    Now processing file /home/runner/work/key/key/key.core/../key.ui/examples/InformationFlow/SimpleEvoting/simple_evoting.SMT(simple_evoting.SMT__send(simple_evoting.Message,int,simple_evoting.Server)).Non-interference contract.0.key 
56988      INFO  main            d.u.i.k.p.i.AbstractProblemLoader Loading environment from /home/runner/work/key/key/key.core/../key.ui/examples/InformationFlow/SimpleEvoting/simple_evoting.SMT(simple_evoting.SMT__send(simple_evoting.Message,int,simple_evoting.Server)).Non-interference contract.0.key 
56988      DEBUG main            d.u.i.k.p.i.AbstractProblemLoader Environment load took 81.6ns 
56989      INFO  main            d.u.i.k.p.i.AbstractProblemLoader Creating init config 
60172      DEBUG main            d.u.i.k.p.i.AbstractProblemLoader Init config took 3.18s 
60248      INFO  main            d.u.i.k.p.i.AbstractProblemLoader Replaying proof simple_evoting.SMT[simple_evoting.SMT::send(simple_evoting.Message,int,simple_evoting.Server)].Non-interference contract.0 
60251      DEBUG main            d.u.i.k.p.i.IntermediateProofReplayer Proof replay took 12.2ns 
88922      INFO  main            d.u.i.k.p.r.p.TestFile    ... finished proof: closed. 
89165      INFO  main            d.u.i.k.p.r.p.TestFile    Now processing file /home/runner/work/key/key/key.core/../key.ui/examples/InformationFlow/SimpleEvoting/simple_evoting.NetworkClient(simple_evoting.NetworkClient__send((B,simple_evoting.Server,int)).Non-interference contract.0.key 
89165      INFO  main            d.u.i.k.p.i.AbstractProblemLoader Loading environment from /home/runner/work/key/key/key.core/../key.ui/examples/InformationFlow/SimpleEvoting/simple_evoting.NetworkClient(simple_evoting.NetworkClient__send((B,simple_evoting.Server,int)).Non-interference contract.0.key 
89165      DEBUG main            d.u.i.k.p.i.AbstractProblemLoader Environment load took 66.9ns 
89166      INFO  main            d.u.i.k.p.i.AbstractProblemLoader Creating init config 
92375      DEBUG main            d.u.i.k.p.i.AbstractProblemLoader Init config took 3.21s 
92432      INFO  main            d.u.i.k.p.i.AbstractProblemLoader Replaying proof simple_evoting.NetworkClient[simple_evoting.NetworkClient::send([B,simple_evoting.Server,int)].Non-interference contract.0 
92435      DEBUG main            d.u.i.k.p.i.IntermediateProofReplayer Proof replay took 12.4ns 
95148      INFO  main            d.u.i.k.p.r.p.TestFile    ... finished proof: closed. 
95318      INFO  main            d.u.i.k.p.r.p.TestFile    Now processing file /home/runner/work/key/key/key.core/../key.ui/examples/InformationFlow/SimpleEvoting/simple_evoting.Voter(simple_evoting.Voter__onSendBallot(simple_evoting.Server)).Non-interference contract.1.key 
95319      INFO  main            d.u.i.k.p.i.AbstractProblemLoader Loading environment from /home/runner/work/key/key/key.core/../key.ui/examples/InformationFlow/SimpleEvoting/simple_evoting.Voter(simple_evoting.Voter__onSendBallot(simple_evoting.Server)).Non-interference contract.1.key 
95319      DEBUG main            d.u.i.k.p.i.AbstractProblemLoader Environment load took 100.3ns 
95320      INFO  main            d.u.i.k.p.i.AbstractProblemLoader Creating init config 
98527      DEBUG main            d.u.i.k.p.i.AbstractProblemLoader Init config took 3.21s 
98584      INFO  main            d.u.i.k.p.i.AbstractProblemLoader Replaying proof simple_evoting.Voter[simple_evoting.Voter::onSendBallot(simple_evoting.Server)].Non-interference contract.1 
98587      DEBUG main            d.u.i.k.p.i.IntermediateProofReplayer Proof replay took 12.3ns 
108777     INFO  main            d.u.i.k.p.r.p.TestFile    ... finished proof: closed. 
108991     INFO  main            d.u.i.k.p.r.p.TestFile    Now processing file /home/runner/work/key/key/key.core/../key.ui/examples/InformationFlow/SimpleEvoting/simple_evoting.Voter(simple_evoting.Voter__onSendBallot(simple_evoting.Server)).Non-interference contract.0.key 
108991     INFO  main            d.u.i.k.p.i.AbstractProblemLoader Loading environment from /home/runner/work/key/key/key.core/../key.ui/examples/InformationFlow/SimpleEvoting/simple_evoting.Voter(simple_evoting.Voter__onSendBallot(simple_evoting.Server)).Non-interference contract.0.key 
108991     DEBUG main            d.u.i.k.p.i.AbstractProblemLoader Environment load took 106ns 
108992     INFO  main            d.u.i.k.p.i.AbstractProblemLoader Creating init config 
112201     DEBUG main            d.u.i.k.p.i.AbstractProblemLoader Init config took 3.21s 
112258     INFO  main            d.u.i.k.p.i.AbstractProblemLoader Replaying proof simple_evoting.Voter[simple_evoting.Voter::onSendBallot(simple_evoting.Server)].Non-interference contract.0 
112261     DEBUG main            d.u.i.k.p.i.IntermediateProofReplayer Proof replay took 13.2ns 
124052     INFO  main            d.u.i.k.p.r.p.TestFile    ... finished proof: closed. 
1409869    INFO  Test worker     d.u.i.k.p.r.RunAllProofsTestUnit Returning from test SimpleEvoting_nomacro 
1409871    INFO  Test worker     d.u.i.k.p.r.RunAllProofsTestUnit Running test ToyVoting_fullmacro 
379        INFO  Timeout watchdog d.u.i.k.p.r.p.ForkedTestFileRunner Timeout watcher launched (1000 secs.) 
393        WARN  main            d.u.i.k.s.ProofSettings   The settings in /home/runner/.key/proof-settings.props are *not* read. 
416        INFO  main            d.u.i.k.p.r.p.TestFile    Now processing file /home/runner/work/key/key/key.core/../key.ui/examples/InformationFlow/ToyVoting/Voter(Voter__insecure_voting()).Non-interference contract.0.m.key 
536        INFO  main            d.u.i.k.p.i.AbstractProblemLoader Loading environment from /home/runner/work/key/key/key.core/../key.ui/examples/InformationFlow/ToyVoting/Voter(Voter__insecure_voting()).Non-interference contract.0.m.key 
565        DEBUG main            d.u.i.k.p.i.AbstractProblemLoader Environment load took 2.91ms 
794        INFO  main            d.u.i.k.p.i.AbstractProblemLoader Creating init config 
1664       DEBUG main            d.u.i.k.j.TypeConverter   No LDT found for Meta 
1665       DEBUG main            d.u.i.k.j.TypeConverter   No LDT found for Meta 
1667       DEBUG main            d.u.i.k.j.TypeConverter   No LDT found for Meta 
1667       DEBUG main            d.u.i.k.j.TypeConverter   No LDT found for Meta 
2893       DEBUG main            d.u.i.k.j.TypeConverter   No LDT found for JavaBigintExpression 
7747       DEBUG main            d.u.i.k.p.i.AbstractProblemLoader Init config took 6.95s 
7880       INFO  main            d.u.i.k.p.i.AbstractProblemLoader Replaying proof Voter[Voter::insecure_voting()].Non-interference contract.0 
7942       DEBUG main            d.u.i.k.p.i.IntermediateProofReplayer Proof replay took 309ns 
7977       DEBUG main            d.u.i.k.m.s.ProofScriptEngine 1: 'macro 'infflow-autopilot'' 
8298       DEBUG main            d.u.i.k.p.m.ProofCorrectnessMgt No justification found for rule Class_invariant_axiom_for_Voter 
8458       DEBUG main            d.u.i.k.p.m.ProofCorrectnessMgt No justification found for rule Class_invariant_axiom_for_Voter 
8462       DEBUG main            d.u.i.k.p.m.ProofCorrectnessMgt No justification found for rule Class_invariant_axiom_for_Voter 
8683       DEBUG main            d.u.i.k.p.m.ProofCorrectnessMgt No justification found for rule Class_invariant_axiom_for_Voter 
8685       DEBUG main            d.u.i.k.p.m.ProofCorrectnessMgt No justification found for rule Class_invariant_axiom_for_Voter 
8726       DEBUG main            d.u.i.k.p.m.ProofCorrectnessMgt No justification found for rule Class_invariant_axiom_for_Voter 
8729       DEBUG main            d.u.i.k.p.m.ProofCorrectnessMgt No justification found for rule Class_invariant_axiom_for_Voter 
8798       DEBUG main            d.u.i.k.p.m.ProofCorrectnessMgt No justification found for rule Class_invariant_axiom_for_Voter 
8799       DEBUG main            d.u.i.k.p.m.ProofCorrectnessMgt No justification found for rule Class_invariant_axiom_for_Voter 
8911       DEBUG main            d.u.i.k.p.m.ProofCorrectnessMgt No justification found for rule Class_invariant_axiom_for_Voter 
8912       DEBUG main            d.u.i.k.p.m.ProofCorrectnessMgt No justification found for rule Class_invariant_axiom_for_Voter 
8987       DEBUG main            d.u.i.k.p.m.ProofCorrectnessMgt No justification found for rule Class_invariant_axiom_for_Voter 
8989       DEBUG main            d.u.i.k.p.m.ProofCorrectnessMgt No justification found for rule Class_invariant_axiom_for_Voter 
9022       DEBUG main            d.u.i.k.p.m.ProofCorrectnessMgt No justification found for rule Class_invariant_axiom_for_Voter 
9023       DEBUG main            d.u.i.k.p.m.ProofCorrectnessMgt No justification found for rule Class_invariant_axiom_for_Voter 
9098       DEBUG main            d.u.i.k.p.m.ProofCorrectnessMgt No justification found for rule Class_invariant_axiom_for_Voter 
9114       DEBUG main            d.u.i.k.p.m.ProofCorrectnessMgt No justification found for rule Class_invariant_axiom_for_Voter 
9180       DEBUG main            d.u.i.k.p.m.ProofCorrectnessMgt No justification found for rule Class_invariant_axiom_for_Voter 
9194       DEBUG main            d.u.i.k.p.m.ProofCorrectnessMgt No justification found for rule Class_invariant_axiom_for_Voter 
9262       DEBUG main            d.u.i.k.p.m.ProofCorrectnessMgt No justification found for rule Class_invariant_axiom_for_Voter 
9279       DEBUG main            d.u.i.k.p.m.ProofCorrectnessMgt No justification found for rule Class_invariant_axiom_for_Voter 
9284       DEBUG main            d.u.i.k.p.m.ProofCorrectnessMgt No justification found for rule Class_invariant_axiom_for_Voter 
31842      INFO  main            d.u.i.k.p.r.p.TestFile    ... finished proof: open goal(s) 
32031      INFO  main            d.u.i.k.p.r.p.TestFile    Now processing file /home/runner/work/key/key/key.core/../key.ui/examples/InformationFlow/ToyVoting/Voter(Voter__publishVoterParticipation()).Non-interference contract.0.m.key 
32031      INFO  main            d.u.i.k.p.i.AbstractProblemLoader Loading environment from /home/runner/work/key/key/key.core/../key.ui/examples/InformationFlow/ToyVoting/Voter(Voter__publishVoterParticipation()).Non-interference contract.0.m.key 
32031      DEBUG main            d.u.i.k.p.i.AbstractProblemLoader Environment load took 288.7ns 
32033      INFO  main            d.u.i.k.p.i.AbstractProblemLoader Creating init config 
34702      DEBUG main            d.u.i.k.p.i.AbstractProblemLoader Init config took 2.67s 
34769      INFO  main            d.u.i.k.p.i.AbstractProblemLoader Replaying proof Voter[Voter::publishVoterParticipation()].Non-interference contract.0 
34772      DEBUG main            d.u.i.k.p.i.IntermediateProofReplayer Proof replay took 11.4ns 
34772      DEBUG main            d.u.i.k.m.s.ProofScriptEngine 1: 'macro 'infflow-autopilot'' 
34820      DEBUG main            d.u.i.k.p.m.ProofCorrectnessMgt No justification found for rule Class_invariant_axiom_for_Voter 
34968      INFO  main            d.u.i.k.p.r.p.TestFile    ... finished proof: closed. 
35167      INFO  main            d.u.i.k.p.r.p.TestFile    Now processing file /home/runner/work/key/key/key.core/../key.ui/examples/InformationFlow/ToyVoting/Voter(Voter__isValid(int)).Non-interference contract.0.m.key 
35168      INFO  main            d.u.i.k.p.i.AbstractProblemLoader Loading environment from /home/runner/work/key/key/key.core/../key.ui/examples/InformationFlow/ToyVoting/Voter(Voter__isValid(int)).Non-interference contract.0.m.key 
35168      DEBUG main            d.u.i.k.p.i.AbstractProblemLoader Environment load took 122ns 
35169      INFO  main            d.u.i.k.p.i.AbstractProblemLoader Creating init config 
37665      DEBUG main            d.u.i.k.p.i.AbstractProblemLoader Init config took 2.5s 
37713      INFO  main            d.u.i.k.p.i.AbstractProblemLoader Replaying proof Voter[Voter::isValid(int)].Non-interference contract.0 
37716      DEBUG main            d.u.i.k.p.i.IntermediateProofReplayer Proof replay took 12.5ns 
37716      DEBUG main            d.u.i.k.m.s.ProofScriptEngine 1: 'macro 'infflow-autopilot'' 
37758      DEBUG main            d.u.i.k.p.m.ProofCorrectnessMgt No justification found for rule Class_invariant_axiom_for_Voter 
38050      INFO  main            d.u.i.k.p.r.p.TestFile    ... finished proof: closed. 
38190      INFO  main            d.u.i.k.p.r.p.TestFile    Now processing file /home/runner/work/key/key/key.core/../key.ui/examples/InformationFlow/ToyVoting/Voter(Voter__sendVote(int)).Non-interference contract.0.m.key 
38191      INFO  main            d.u.i.k.p.i.AbstractProblemLoader Loading environment from /home/runner/work/key/key/key.core/../key.ui/examples/InformationFlow/ToyVoting/Voter(Voter__sendVote(int)).Non-interference contract.0.m.key 
38191      DEBUG main            d.u.i.k.p.i.AbstractProblemLoader Environment load took 113ns 
38192      INFO  main            d.u.i.k.p.i.AbstractProblemLoader Creating init config 
40674      DEBUG main            d.u.i.k.p.i.AbstractProblemLoader Init config took 2.48s 
40725      INFO  main            d.u.i.k.p.i.AbstractProblemLoader Replaying proof Voter[Voter::sendVote(int)].Non-interference contract.0 
40728      DEBUG main            d.u.i.k.p.i.IntermediateProofReplayer Proof replay took 14.7ns 
40729      DEBUG main            d.u.i.k.m.s.ProofScriptEngine 1: 'macro 'infflow-autopilot'' 
40792      DEBUG main            d.u.i.k.p.m.ProofCorrectnessMgt No justification found for rule Class_invariant_axiom_for_Voter 
41028      INFO  main            d.u.i.k.p.r.p.TestFile    ... finished proof: closed. 
41159      INFO  main            d.u.i.k.p.r.p.TestFile    Now processing file /home/runner/work/key/key/key.core/../key.ui/examples/InformationFlow/ToyVoting/Voter(Voter__inputVote()).Non-interference contract.0.m.key 
41159      INFO  main            d.u.i.k.p.i.AbstractProblemLoader Loading environment from /home/runner/work/key/key/key.core/../key.ui/examples/InformationFlow/ToyVoting/Voter(Voter__inputVote()).Non-interference contract.0.m.key 
41159      DEBUG main            d.u.i.k.p.i.AbstractProblemLoader Environment load took 56.2ns 
41160      INFO  main            d.u.i.k.p.i.AbstractProblemLoader Creating init config 
43653      DEBUG main            d.u.i.k.p.i.AbstractProblemLoader Init config took 2.49s 
43697      INFO  main            d.u.i.k.p.i.AbstractProblemLoader Replaying proof Voter[Voter::inputVote()].Non-interference contract.0 
43700      DEBUG main            d.u.i.k.p.i.IntermediateProofReplayer Proof replay took 24.4ns 
43700      DEBUG main            d.u.i.k.m.s.ProofScriptEngine 1: 'macro 'infflow-autopilot'' 
43738      DEBUG main            d.u.i.k.p.m.ProofCorrectnessMgt No justification found for rule Class_invariant_axiom_for_Voter 
43849      INFO  main            d.u.i.k.p.r.p.TestFile    ... finished proof: closed. 
43979      INFO  main            d.u.i.k.p.r.p.TestFile    Now processing file /home/runner/work/key/key/key.core/../key.ui/examples/InformationFlow/ToyVoting/Voter(Voter__secure_voting()).Non-interference contract.0.m.key 
43980      INFO  main            d.u.i.k.p.i.AbstractProblemLoader Loading environment from /home/runner/work/key/key/key.core/../key.ui/examples/InformationFlow/ToyVoting/Voter(Voter__secure_voting()).Non-interference contract.0.m.key 
43980      DEBUG main            d.u.i.k.p.i.AbstractProblemLoader Environment load took 63.8ns 
43981      INFO  main            d.u.i.k.p.i.AbstractProblemLoader Creating init config 
46404      DEBUG main            d.u.i.k.p.i.AbstractProblemLoader Init config took 2.42s 
46445      INFO  main            d.u.i.k.p.i.AbstractProblemLoader Replaying proof Voter[Voter::secure_voting()].Non-interference contract.0 
46447      DEBUG main            d.u.i.k.p.i.IntermediateProofReplayer Proof replay took 13.6ns 
46448      DEBUG main            d.u.i.k.m.s.ProofScriptEngine 1: 'macro 'infflow-autopilot'' 
46481      DEBUG main            d.u.i.k.p.m.ProofCorrectnessMgt No justification found for rule Class_invariant_axiom_for_Voter 
46571      DEBUG main            d.u.i.k.p.m.ProofCorrectnessMgt No justification found for rule Class_invariant_axiom_for_Voter 
46617      DEBUG main            d.u.i.k.p.m.ProofCorrectnessMgt No justification found for rule Class_invariant_axiom_for_Voter 
46618      DEBUG main            d.u.i.k.p.m.ProofCorrectnessMgt No justification found for rule Class_invariant_axiom_for_Voter 
46702      DEBUG main            d.u.i.k.p.m.ProofCorrectnessMgt No justification found for rule Class_invariant_axiom_for_Voter 
46875      DEBUG main            d.u.i.k.p.m.ProofCorrectnessMgt No justification found for rule Class_invariant_axiom_for_Voter 
46877      DEBUG main            d.u.i.k.p.m.ProofCorrectnessMgt No justification found for rule Class_invariant_axiom_for_Voter 
47102      DEBUG main            d.u.i.k.p.m.ProofCorrectnessMgt No justification found for rule Class_invariant_axiom_for_Voter 
47182      DEBUG main            d.u.i.k.p.m.ProofCorrectnessMgt No justification found for rule Class_invariant_axiom_for_Voter 
47184      DEBUG main            d.u.i.k.p.m.ProofCorrectnessMgt No justification found for rule Class_invariant_axiom_for_Voter 
47199      DEBUG main            d.u.i.k.p.m.ProofCorrectnessMgt No justification found for rule Class_invariant_axiom_for_Voter 
47261      DEBUG main            d.u.i.k.p.m.ProofCorrectnessMgt No justification found for rule Class_invariant_axiom_for_Voter 
47264      DEBUG main            d.u.i.k.p.m.ProofCorrectnessMgt No justification found for rule Class_invariant_axiom_for_Voter 
47942      DEBUG main            d.u.i.k.p.m.ProofCorrectnessMgt No justification found for rule Class_invariant_axiom_for_Voter 
47944      DEBUG main            d.u.i.k.p.m.ProofCorrectnessMgt No justification found for rule Class_invariant_axiom_for_Voter 
47990      DEBUG main            d.u.i.k.p.m.ProofCorrectnessMgt No justification found for rule Class_invariant_axiom_for_Voter 
47993      DEBUG main            d.u.i.k.p.m.ProofCorrectnessMgt No justification found for rule Class_invariant_axiom_for_Voter 
48036      DEBUG main            d.u.i.k.p.m.ProofCorrectnessMgt No justification found for rule Class_invariant_axiom_for_Voter 
48039      DEBUG main            d.u.i.k.p.m.ProofCorrectnessMgt No justification found for rule Class_invariant_axiom_for_Voter 
48084      DEBUG main            d.u.i.k.p.m.ProofCorrectnessMgt No justification found for rule Class_invariant_axiom_for_Voter 
48147      DEBUG main            d.u.i.k.p.m.ProofCorrectnessMgt No justification found for rule Class_invariant_axiom_for_Voter 
48225      DEBUG main            d.u.i.k.p.m.ProofCorrectnessMgt No justification found for rule Class_invariant_axiom_for_Voter 
48226      DEBUG main            d.u.i.k.p.m.ProofCorrectnessMgt No justification found for rule Class_invariant_axiom_for_Voter 
48693      DEBUG main            d.u.i.k.p.m.ProofCorrectnessMgt No justification found for rule Class_invariant_axiom_for_Voter 
48720      DEBUG main            d.u.i.k.p.m.ProofCorrectnessMgt No justification found for rule Class_invariant_axiom_for_Voter 
48722      DEBUG main            d.u.i.k.p.m.ProofCorrectnessMgt No justification found for rule Class_invariant_axiom_for_Voter 
48735      DEBUG main            d.u.i.k.p.m.ProofCorrectnessMgt No justification found for rule Class_invariant_axiom_for_Voter 
48763      DEBUG main            d.u.i.k.p.m.ProofCorrectnessMgt No justification found for rule Class_invariant_axiom_for_Voter 
48766      DEBUG main            d.u.i.k.p.m.ProofCorrectnessMgt No justification found for rule Class_invariant_axiom_for_Voter 
48795      DEBUG main            d.u.i.k.p.m.ProofCorrectnessMgt No justification found for rule Class_invariant_axiom_for_Voter 
48831      DEBUG main            d.u.i.k.p.m.ProofCorrectnessMgt No justification found for rule Class_invariant_axiom_for_Voter 
48833      DEBUG main            d.u.i.k.p.m.ProofCorrectnessMgt No justification found for rule Class_invariant_axiom_for_Voter 
48921      DEBUG main            d.u.i.k.p.m.ProofCorrectnessMgt No justification found for rule Class_invariant_axiom_for_Voter 
48953      DEBUG main            d.u.i.k.p.m.ProofCorrectnessMgt No justification found for rule Class_invariant_axiom_for_Voter 
48955      DEBUG main            d.u.i.k.p.m.ProofCorrectnessMgt No justification found for rule Class_invariant_axiom_for_Voter 
49113      DEBUG main            d.u.i.k.p.m.ProofCorrectnessMgt No justification found for rule Class_invariant_axiom_for_Voter 
49118      DEBUG main            d.u.i.k.p.m.ProofCorrectnessMgt No justification found for rule Class_invariant_axiom_for_Voter 
49268      DEBUG main            d.u.i.k.p.m.ProofCorrectnessMgt No justification found for rule Class_invariant_axiom_for_Voter 
49271      DEBUG main            d.u.i.k.p.m.ProofCorrectnessMgt No justification found for rule Class_invariant_axiom_for_Voter 
49421      DEBUG main            d.u.i.k.p.m.ProofCorrectnessMgt No justification found for rule Class_invariant_axiom_for_Voter 
49424      DEBUG main            d.u.i.k.p.m.ProofCorrectnessMgt No justification found for rule Class_invariant_axiom_for_Voter 
49500      DEBUG main            d.u.i.k.p.m.ProofCorrectnessMgt No justification found for rule Class_invariant_axiom_for_Voter 
49504      DEBUG main            d.u.i.k.p.m.ProofCorrectnessMgt No justification found for rule Class_invariant_axiom_for_Voter 
49562      DEBUG main            d.u.i.k.p.m.ProofCorrectnessMgt No justification found for rule Class_invariant_axiom_for_Voter 
49565      DEBUG main            d.u.i.k.p.m.ProofCorrectnessMgt No justification found for rule Class_invariant_axiom_for_Voter 
49679      DEBUG main            d.u.i.k.p.m.ProofCorrectnessMgt No justification found for rule Class_invariant_axiom_for_Voter 
49685      DEBUG main            d.u.i.k.p.m.ProofCorrectnessMgt No justification found for rule Class_invariant_axiom_for_Voter 
49781      DEBUG main            d.u.i.k.p.m.ProofCorrectnessMgt No justification found for rule Class_invariant_axiom_for_Voter 
49783      DEBUG main            d.u.i.k.p.m.ProofCorrectnessMgt No justification found for rule Class_invariant_axiom_for_Voter 
49892      DEBUG main            d.u.i.k.p.m.ProofCorrectnessMgt No justification found for rule Class_invariant_axiom_for_Voter 
49971      DEBUG main            d.u.i.k.p.m.ProofCorrectnessMgt No justification found for rule Class_invariant_axiom_for_Voter 
49972      DEBUG main            d.u.i.k.p.m.ProofCorrectnessMgt No justification found for rule Class_invariant_axiom_for_Voter 
50008      DEBUG main            d.u.i.k.p.m.ProofCorrectnessMgt No justification found for rule Class_invariant_axiom_for_Voter 
50010      DEBUG main            d.u.i.k.p.m.ProofCorrectnessMgt No justification found for rule Class_invariant_axiom_for_Voter 
50050      DEBUG main            d.u.i.k.p.m.ProofCorrectnessMgt No justification found for rule Class_invariant_axiom_for_Voter 
50050      DEBUG main            d.u.i.k.p.m.ProofCorrectnessMgt No justification found for rule Class_invariant_axiom_for_Voter 
50076      DEBUG main            d.u.i.k.p.m.ProofCorrectnessMgt No justification found for rule Class_invariant_axiom_for_Voter 
50096      DEBUG main            d.u.i.k.p.m.ProofCorrectnessMgt No justification found for rule Class_invariant_axiom_for_Voter 
50098      DEBUG main            d.u.i.k.p.m.ProofCorrectnessMgt No justification found for rule Class_invariant_axiom_for_Voter 
50594      DEBUG main            d.u.i.k.p.m.ProofCorrectnessMgt No justification found for rule Class_invariant_axiom_for_Voter 
50597      DEBUG main            d.u.i.k.p.m.ProofCorrectnessMgt No justification found for rule Class_invariant_axiom_for_Voter 
50599      DEBUG main            d.u.i.k.p.m.ProofCorrectnessMgt No justification found for rule Class_invariant_axiom_for_Voter 
50602      DEBUG main            d.u.i.k.p.m.ProofCorrectnessMgt No justification found for rule Class_invariant_axiom_for_Voter 
50778      DEBUG main            d.u.i.k.p.m.ProofCorrectnessMgt No justification found for rule Class_invariant_axiom_for_Voter 
50781      DEBUG main            d.u.i.k.p.m.ProofCorrectnessMgt No justification found for rule Class_invariant_axiom_for_Voter 
50856      DEBUG main            d.u.i.k.p.m.ProofCorrectnessMgt No justification found for rule Class_invariant_axiom_for_Voter 
50858      DEBUG main            d.u.i.k.p.m.ProofCorrectnessMgt No justification found for rule Class_invariant_axiom_for_Voter 
50966      DEBUG main            d.u.i.k.p.m.ProofCorrectnessMgt No justification found for rule Class_invariant_axiom_for_Voter 
50969      DEBUG main            d.u.i.k.p.m.ProofCorrectnessMgt No justification found for rule Class_invariant_axiom_for_Voter 
51034      DEBUG main            d.u.i.k.p.m.ProofCorrectnessMgt No justification found for rule Class_invariant_axiom_for_Voter 
51036      DEBUG main            d.u.i.k.p.m.ProofCorrectnessMgt No justification found for rule Class_invariant_axiom_for_Voter 
51140      DEBUG main            d.u.i.k.p.m.ProofCorrectnessMgt No justification found for rule Class_invariant_axiom_for_Voter 
51143      DEBUG main            d.u.i.k.p.m.ProofCorrectnessMgt No justification found for rule Class_invariant_axiom_for_Voter 
51191      DEBUG main            d.u.i.k.p.m.ProofCorrectnessMgt No justification found for rule Class_invariant_axiom_for_Voter 
51193      DEBUG main            d.u.i.k.p.m.ProofCorrectnessMgt No justification found for rule Class_invariant_axiom_for_Voter 
51355      DEBUG main            d.u.i.k.p.m.ProofCorrectnessMgt No justification found for rule Class_invariant_axiom_for_Voter 
51359      DEBUG main            d.u.i.k.p.m.ProofCorrectnessMgt No justification found for rule Class_invariant_axiom_for_Voter 
51427      DEBUG main            d.u.i.k.p.m.ProofCorrectnessMgt No justification found for rule Class_invariant_axiom_for_Voter 
51429      DEBUG main            d.u.i.k.p.m.ProofCorrectnessMgt No justification found for rule Class_invariant_axiom_for_Voter 
51557      DEBUG main            d.u.i.k.p.m.ProofCorrectnessMgt No justification found for rule Class_invariant_axiom_for_Voter 
51559      DEBUG main            d.u.i.k.p.m.ProofCorrectnessMgt No justification found for rule Class_invariant_axiom_for_Voter 
51720      DEBUG main            d.u.i.k.p.m.ProofCorrectnessMgt No justification found for rule Class_invariant_axiom_for_Voter 
51722      DEBUG main            d.u.i.k.p.m.ProofCorrectnessMgt No justification found for rule Class_invariant_axiom_for_Voter 
51763      DEBUG main            d.u.i.k.p.m.ProofCorrectnessMgt No justification found for rule Class_invariant_axiom_for_Voter 
51765      DEBUG main            d.u.i.k.p.m.ProofCorrectnessMgt No justification found for rule Class_invariant_axiom_for_Voter 
52574      DEBUG main            d.u.i.k.p.m.ProofCorrectnessMgt No justification found for rule Class_invariant_axiom_for_Voter 
52576      DEBUG main            d.u.i.k.p.m.ProofCorrectnessMgt No justification found for rule Class_invariant_axiom_for_Voter 
52969      DEBUG main            d.u.i.k.p.m.ProofCorrectnessMgt No justification found for rule Class_invariant_axiom_for_Voter 
52972      DEBUG main            d.u.i.k.p.m.ProofCorrectnessMgt No justification found for rule Class_invariant_axiom_for_Voter 
53081      DEBUG main            d.u.i.k.p.m.ProofCorrectnessMgt No justification found for rule Class_invariant_axiom_for_Voter 
53084      DEBUG main            d.u.i.k.p.m.ProofCorrectnessMgt No justification found for rule Class_invariant_axiom_for_Voter 
53398      DEBUG main            d.u.i.k.p.m.ProofCorrectnessMgt No justification found for rule Class_invariant_axiom_for_Voter 
53400      DEBUG main            d.u.i.k.p.m.ProofCorrectnessMgt No justification found for rule Class_invariant_axiom_for_Voter 
53566      DEBUG main            d.u.i.k.p.m.ProofCorrectnessMgt No justification found for rule Class_invariant_axiom_for_Voter 
53571      DEBUG main            d.u.i.k.p.m.ProofCorrectnessMgt No justification found for rule Class_invariant_axiom_for_Voter 
53710      DEBUG main            d.u.i.k.p.m.ProofCorrectnessMgt No justification found for rule Class_invariant_axiom_for_Voter 
53712      DEBUG main            d.u.i.k.p.m.ProofCorrectnessMgt No justification found for rule Class_invariant_axiom_for_Voter 
53882      DEBUG main            d.u.i.k.p.m.ProofCorrectnessMgt No justification found for rule Class_invariant_axiom_for_Voter 
53884      DEBUG main            d.u.i.k.p.m.ProofCorrectnessMgt No justification found for rule Class_invariant_axiom_for_Voter 
54022      DEBUG main            d.u.i.k.p.m.ProofCorrectnessMgt No justification found for rule Class_invariant_axiom_for_Voter 
54024      DEBUG main            d.u.i.k.p.m.ProofCorrectnessMgt No justification found for rule Class_invariant_axiom_for_Voter 
54176      DEBUG main            d.u.i.k.p.m.ProofCorrectnessMgt No justification found for rule Class_invariant_axiom_for_Voter 
54178      DEBUG main            d.u.i.k.p.m.ProofCorrectnessMgt No justification found for rule Class_invariant_axiom_for_Voter 
55267      INFO  main            d.u.i.k.p.r.p.TestFile    ... finished proof: closed. 
1465496    INFO  Test worker     d.u.i.k.p.r.RunAllProofsTestUnit Returning from test ToyVoting_fullmacro 
1465497    INFO  Test worker     d.u.i.k.p.r.RunAllProofsTestUnit Running test SumExample_fullmacro 
361        INFO  Timeout watchdog d.u.i.k.p.r.p.ForkedTestFileRunner Timeout watcher launched (1000 secs.) 
376        WARN  main            d.u.i.k.s.ProofSettings   The settings in /home/runner/.key/proof-settings.props are *not* read. 
427        INFO  main            d.u.i.k.p.r.p.TestFile    Now processing file /home/runner/work/key/key/key.core/../key.ui/examples/InformationFlow/Sum/SumExample(SumExample__getSum()).Non-interference contract.0.m.key 
591        INFO  main            d.u.i.k.p.i.AbstractProblemLoader Loading environment from /home/runner/work/key/key/key.core/../key.ui/examples/InformationFlow/Sum/SumExample(SumExample__getSum()).Non-interference contract.0.m.key 
611        DEBUG main            d.u.i.k.p.i.AbstractProblemLoader Environment load took 1.97ms 
819        INFO  main            d.u.i.k.p.i.AbstractProblemLoader Creating init config 
1724       DEBUG main            d.u.i.k.j.TypeConverter   No LDT found for Meta 
1729       DEBUG main            d.u.i.k.j.TypeConverter   No LDT found for Meta 
1732       DEBUG main            d.u.i.k.j.TypeConverter   No LDT found for Meta 
1732       DEBUG main            d.u.i.k.j.TypeConverter   No LDT found for Meta 
3137       DEBUG main            d.u.i.k.j.TypeConverter   No LDT found for JavaBigintExpression 
7870       DEBUG main            d.u.i.k.p.i.AbstractProblemLoader Init config took 7.05s 
8008       INFO  main            d.u.i.k.p.i.AbstractProblemLoader Replaying proof SumExample[SumExample::getSum()].Non-interference contract.0 
8070       DEBUG main            d.u.i.k.p.i.IntermediateProofReplayer Proof replay took 371.4ns 
8129       DEBUG main            d.u.i.k.m.s.ProofScriptEngine 1: 'macro 'infflow-autopilot'' 
8455       DEBUG main            d.u.i.k.p.m.ProofCorrectnessMgt No justification found for rule Class_invariant_axiom_for_SumExample 
10124      INFO  main            d.u.i.k.p.r.p.TestFile    ... finished proof: closed. 
1475946    INFO  Test worker     d.u.i.k.p.r.RunAllProofsTestUnit Returning from test SumExample_fullmacro 
1475947    INFO  Test worker     d.u.i.k.p.r.RunAllProofsTestUnit Running test ToyBanking_fullmacro 
316        INFO  Timeout watchdog d.u.i.k.p.r.p.ForkedTestFileRunner Timeout watcher launched (1000 secs.) 
335        WARN  main            d.u.i.k.s.ProofSettings   The settings in /home/runner/.key/proof-settings.props are *not* read. 
377        INFO  main            d.u.i.k.p.r.p.TestFile    Now processing file /home/runner/work/key/key/key.core/../key.ui/examples/InformationFlow/ToyBanking/banking_example.UserAccount(banking_example.UserAccount__getBankAccount(int)).Non-interference contract.0.m.key 
508        INFO  main            d.u.i.k.p.i.AbstractProblemLoader Loading environment from /home/runner/work/key/key/key.core/../key.ui/examples/InformationFlow/ToyBanking/banking_example.UserAccount(banking_example.UserAccount__getBankAccount(int)).Non-interference contract.0.m.key 
531        DEBUG main            d.u.i.k.p.i.AbstractProblemLoader Environment load took 2.18ms 
763        INFO  main            d.u.i.k.p.i.AbstractProblemLoader Creating init config 
1594       DEBUG main            d.u.i.k.j.TypeConverter   No LDT found for Meta 
1595       DEBUG main            d.u.i.k.j.TypeConverter   No LDT found for Meta 
1596       DEBUG main            d.u.i.k.j.TypeConverter   No LDT found for Meta 
1596       DEBUG main            d.u.i.k.j.TypeConverter   No LDT found for Meta 
2742       DEBUG main            d.u.i.k.j.TypeConverter   No LDT found for JavaBigintExpression 
7891       DEBUG main            d.u.i.k.p.i.AbstractProblemLoader Init config took 7.13s 
8061       INFO  main            d.u.i.k.p.i.AbstractProblemLoader Replaying proof banking_example.UserAccount[banking_example.UserAccount::getBankAccount(int)].Non-interference contract.0 
8132       DEBUG main            d.u.i.k.p.i.IntermediateProofReplayer Proof replay took 376.7ns 
8161       DEBUG main            d.u.i.k.m.s.ProofScriptEngine 1: 'macro 'infflow-autopilot'' 
8454       DEBUG main            d.u.i.k.p.m.ProofCorrectnessMgt No justification found for rule Class_invariant_axiom_for_banking_example_UserAccount 
12346      INFO  main            d.u.i.k.p.r.p.TestFile    ... finished proof: closed. 
12515      INFO  main            d.u.i.k.p.r.p.TestFile    Now processing file /home/runner/work/key/key/key.core/../key.ui/examples/InformationFlow/ToyBanking/banking_example.UserAccount(banking_example.UserAccount__tryLogin(int,(C)).Non-interference contract.0.m.key 
12516      INFO  main            d.u.i.k.p.i.AbstractProblemLoader Loading environment from /home/runner/work/key/key/key.core/../key.ui/examples/InformationFlow/ToyBanking/banking_example.UserAccount(banking_example.UserAccount__tryLogin(int,(C)).Non-interference contract.0.m.key 
12516      DEBUG main            d.u.i.k.p.i.AbstractProblemLoader Environment load took 320.3ns 
12519      INFO  main            d.u.i.k.p.i.AbstractProblemLoader Creating init config 
15701      DEBUG main            d.u.i.k.p.i.AbstractProblemLoader Init config took 3.18s 
15796      INFO  main            d.u.i.k.p.i.AbstractProblemLoader Replaying proof banking_example.UserAccount[banking_example.UserAccount::tryLogin(int,[C)].Non-interference contract.0 
15801      DEBUG main            d.u.i.k.p.i.IntermediateProofReplayer Proof replay took 13ns 
15802      DEBUG main            d.u.i.k.m.s.ProofScriptEngine 1: 'macro 'infflow-autopilot'' 
15891      DEBUG main            d.u.i.k.p.m.ProofCorrectnessMgt No justification found for rule Class_invariant_axiom_for_banking_example_UserAccount 
64407      INFO  main            d.u.i.k.p.r.p.TestFile    ... finished proof: closed. 
64701      INFO  main            d.u.i.k.p.r.p.TestFile    Now processing file /home/runner/work/key/key/key.core/../key.ui/examples/InformationFlow/ToyBanking/banking_example.BankAccount(banking_example.BankAccount__depositMoney(int)).Non-interference contract.0.m.key 
64702      INFO  main            d.u.i.k.p.i.AbstractProblemLoader Loading environment from /home/runner/work/key/key/key.core/../key.ui/examples/InformationFlow/ToyBanking/banking_example.BankAccount(banking_example.BankAccount__depositMoney(int)).Non-interference contract.0.m.key 
64702      DEBUG main            d.u.i.k.p.i.AbstractProblemLoader Environment load took 624.5ns 
64703      INFO  main            d.u.i.k.p.i.AbstractProblemLoader Creating init config 
67523      DEBUG main            d.u.i.k.p.i.AbstractProblemLoader Init config took 2.82s 
67666      INFO  main            d.u.i.k.p.i.AbstractProblemLoader Replaying proof banking_example.BankAccount[banking_example.BankAccount::depositMoney(int)].Non-interference contract.0 
67679      DEBUG main            d.u.i.k.p.i.IntermediateProofReplayer Proof replay took 16.7ns 
67680      DEBUG main            d.u.i.k.m.s.ProofScriptEngine 1: 'macro 'infflow-autopilot'' 
67745      DEBUG main            d.u.i.k.p.m.ProofCorrectnessMgt No justification found for rule Class_invariant_axiom_for_banking_example_BankAccount 
68208      INFO  main            d.u.i.k.p.r.p.TestFile    ... finished proof: closed. 
68459      INFO  main            d.u.i.k.p.r.p.TestFile    Now processing file /home/runner/work/key/key/key.core/../key.ui/examples/InformationFlow/ToyBanking/banking_example.BankAccount(banking_example.BankAccount__getBalance()).Non-interference contract.0.m.key 
68460      INFO  main            d.u.i.k.p.i.AbstractProblemLoader Loading environment from /home/runner/work/key/key/key.core/../key.ui/examples/InformationFlow/ToyBanking/banking_example.BankAccount(banking_example.BankAccount__getBalance()).Non-interference contract.0.m.key 
68460      DEBUG main            d.u.i.k.p.i.AbstractProblemLoader Environment load took 69ns 
68461      INFO  main            d.u.i.k.p.i.AbstractProblemLoader Creating init config 
71197      DEBUG main            d.u.i.k.p.i.AbstractProblemLoader Init config took 2.74s 
71273      INFO  main            d.u.i.k.p.i.AbstractProblemLoader Replaying proof banking_example.BankAccount[banking_example.BankAccount::getBalance()].Non-interference contract.0 
71279      DEBUG main            d.u.i.k.p.i.IntermediateProofReplayer Proof replay took 13.4ns 
71280      DEBUG main            d.u.i.k.m.s.ProofScriptEngine 1: 'macro 'infflow-autopilot'' 
71317      DEBUG main            d.u.i.k.p.m.ProofCorrectnessMgt No justification found for rule Class_invariant_axiom_for_banking_example_BankAccount 
71438      INFO  main            d.u.i.k.p.r.p.TestFile    ... finished proof: closed. 
71571      INFO  main            d.u.i.k.p.r.p.TestFile    Now processing file /home/runner/work/key/key/key.core/../key.ui/examples/InformationFlow/ToyBanking/banking_example.BankAccount(banking_example.BankAccount__getId()).Non-interference contract.0.m.key 
71571      INFO  main            d.u.i.k.p.i.AbstractProblemLoader Loading environment from /home/runner/work/key/key/key.core/../key.ui/examples/InformationFlow/ToyBanking/banking_example.BankAccount(banking_example.BankAccount__getId()).Non-interference contract.0.m.key 
71571      DEBUG main            d.u.i.k.p.i.AbstractProblemLoader Environment load took 107.1ns 
71572      INFO  main            d.u.i.k.p.i.AbstractProblemLoader Creating init config 
74361      DEBUG main            d.u.i.k.p.i.AbstractProblemLoader Init config took 2.79s 
74415      INFO  main            d.u.i.k.p.i.AbstractProblemLoader Replaying proof banking_example.BankAccount[banking_example.BankAccount::getId()].Non-interference contract.0 
74417      DEBUG main            d.u.i.k.p.i.IntermediateProofReplayer Proof replay took 59.5ns 
74417      DEBUG main            d.u.i.k.m.s.ProofScriptEngine 1: 'macro 'infflow-autopilot'' 
74453      DEBUG main            d.u.i.k.p.m.ProofCorrectnessMgt No justification found for rule Class_invariant_axiom_for_banking_example_BankAccount 
74571      INFO  main            d.u.i.k.p.r.p.TestFile    ... finished proof: closed. 
74707      INFO  main            d.u.i.k.p.r.p.TestFile    Now processing file /home/runner/work/key/key/key.core/../key.ui/examples/InformationFlow/ToyBanking/banking_example.Bank(banking_example.Bank__login(int,(C)).Non-interference contract.0.m.key 
74707      INFO  main            d.u.i.k.p.i.AbstractProblemLoader Loading environment from /home/runner/work/key/key/key.core/../key.ui/examples/InformationFlow/ToyBanking/banking_example.Bank(banking_example.Bank__login(int,(C)).Non-interference contract.0.m.key 
74708      DEBUG main            d.u.i.k.p.i.AbstractProblemLoader Environment load took 67.2ns 
74708      INFO  main            d.u.i.k.p.i.AbstractProblemLoader Creating init config 
77404      DEBUG main            d.u.i.k.p.i.AbstractProblemLoader Init config took 2.7s 
77487      INFO  main            d.u.i.k.p.i.AbstractProblemLoader Replaying proof banking_example.Bank[banking_example.Bank::login(int,[C)].Non-interference contract.0 
77489      DEBUG main            d.u.i.k.p.i.IntermediateProofReplayer Proof replay took 12.9ns 
77489      DEBUG main            d.u.i.k.m.s.ProofScriptEngine 1: 'macro 'infflow-autopilot'' 
77527      DEBUG main            d.u.i.k.p.m.ProofCorrectnessMgt No justification found for rule Class_invariant_axiom_for_banking_example_Bank 
78615      DEBUG main            d.u.i.k.p.m.ProofCorrectnessMgt No justification found for rule Partial_inv_axiom_for_JML_class_invariant_nr_15_in_UserAccount 
78622      DEBUG main            d.u.i.k.p.m.ProofCorrectnessMgt No justification found for rule Partial_inv_axiom_for_JML_class_invariant_nr_11_in_UserAccount_EQ 
78711      DEBUG main            d.u.i.k.p.m.ProofCorrectnessMgt No justification found for rule Partial_inv_axiom_for_JML_class_invariant_nr_9_in_UserAccount_EQ 
78717      DEBUG main            d.u.i.k.p.m.ProofCorrectnessMgt No justification found for rule Partial_inv_axiom_for_JML_class_invariant_nr_13_in_UserAccount_EQ 
78801      DEBUG main            d.u.i.k.p.m.ProofCorrectnessMgt No justification found for rule Partial_inv_axiom_for_JML_class_invariant_nr_13_in_UserAccount 
78812      DEBUG main            d.u.i.k.p.m.ProofCorrectnessMgt No justification found for rule Partial_inv_axiom_for_JML_class_invariant_nr_9_in_UserAccount 
78816      DEBUG main            d.u.i.k.p.m.ProofCorrectnessMgt No justification found for rule Partial_inv_axiom_for_JML_class_invariant_nr_15_in_UserAccount_EQ 
78827      DEBUG main            d.u.i.k.p.m.ProofCorrectnessMgt No justification found for rule Partial_inv_axiom_for_JML_class_invariant_nr_11_in_UserAccount 
79328      DEBUG main            d.u.i.k.p.m.ProofCorrectnessMgt No justification found for rule Partial_inv_axiom_for_JML_class_invariant_nr_11_in_UserAccount 
79336      DEBUG main            d.u.i.k.p.m.ProofCorrectnessMgt No justification found for rule Partial_inv_axiom_for_JML_class_invariant_nr_15_in_UserAccount 
79344      DEBUG main            d.u.i.k.p.m.ProofCorrectnessMgt No justification found for rule Partial_inv_axiom_for_JML_class_invariant_nr_11_in_UserAccount_EQ 
79368      DEBUG main            d.u.i.k.p.m.ProofCorrectnessMgt No justification found for rule Partial_inv_axiom_for_JML_class_invariant_nr_13_in_UserAccount_EQ 
79925      DEBUG main            d.u.i.k.p.m.ProofCorrectnessMgt No justification found for rule Partial_inv_axiom_for_JML_class_invariant_nr_15_in_UserAccount 
79974      DEBUG main            d.u.i.k.p.m.ProofCorrectnessMgt No justification found for rule Partial_inv_axiom_for_JML_class_invariant_nr_11_in_UserAccount 
80478      DEBUG main            d.u.i.k.p.m.ProofCorrectnessMgt No justification found for rule Partial_inv_axiom_for_JML_class_invariant_nr_13_in_UserAccount 
224633     INFO  main            d.u.i.k.p.r.p.TestFile    ... finished proof: open goal(s) 
224965     INFO  main            d.u.i.k.p.r.p.TestFile    Now processing file /home/runner/work/key/key/key.core/../key.ui/examples/InformationFlow/ToyBanking/banking_example2.UserAccount(banking_example2.UserAccount__getBankAccount(int)).Non-interference contract.0.m.key 
224965     INFO  main            d.u.i.k.p.i.AbstractProblemLoader Loading environment from /home/runner/work/key/key/key.core/../key.ui/examples/InformationFlow/ToyBanking/banking_example2.UserAccount(banking_example2.UserAccount__getBankAccount(int)).Non-interference contract.0.m.key 
224965     DEBUG main            d.u.i.k.p.i.AbstractProblemLoader Environment load took 69.3ns 
224967     INFO  main            d.u.i.k.p.i.AbstractProblemLoader Creating init config 
227531     DEBUG main            d.u.i.k.p.i.AbstractProblemLoader Init config took 2.56s 
227586     INFO  main            d.u.i.k.p.i.AbstractProblemLoader Replaying proof banking_example2.UserAccount[banking_example2.UserAccount::getBankAccount(int)].Non-interference contract.0 
227588     DEBUG main            d.u.i.k.p.i.IntermediateProofReplayer Proof replay took 14.4ns 
227589     DEBUG main            d.u.i.k.m.s.ProofScriptEngine 1: 'macro 'infflow-autopilot'' 
227624     DEBUG main            d.u.i.k.p.m.ProofCorrectnessMgt No justification found for rule Class_invariant_axiom_for_banking_example2_UserAccount 
229514     INFO  main            d.u.i.k.p.r.p.TestFile    ... finished proof: closed. 
229905     INFO  main            d.u.i.k.p.r.p.TestFile    Now processing file /home/runner/work/key/key/key.core/../key.ui/examples/InformationFlow/ToyBanking/banking_example2.UserAccount(banking_example2.UserAccount__tryLogin(int,(C)).Non-interference contract.0.m.key 
229905     INFO  main            d.u.i.k.p.i.AbstractProblemLoader Loading environment from /home/runner/work/key/key/key.core/../key.ui/examples/InformationFlow/ToyBanking/banking_example2.UserAccount(banking_example2.UserAccount__tryLogin(int,(C)).Non-interference contract.0.m.key 
229905     DEBUG main            d.u.i.k.p.i.AbstractProblemLoader Environment load took 103.9ns 
229907     INFO  main            d.u.i.k.p.i.AbstractProblemLoader Creating init config 
232470     DEBUG main            d.u.i.k.p.i.AbstractProblemLoader Init config took 2.56s 
232524     INFO  main            d.u.i.k.p.i.AbstractProblemLoader Replaying proof banking_example2.UserAccount[banking_example2.UserAccount::tryLogin(int,[C)].Non-interference contract.0 
232527     DEBUG main            d.u.i.k.p.i.IntermediateProofReplayer Proof replay took 13ns 
232527     DEBUG main            d.u.i.k.m.s.ProofScriptEngine 1: 'macro 'infflow-autopilot'' 
232564     DEBUG main            d.u.i.k.p.m.ProofCorrectnessMgt No justification found for rule Class_invariant_axiom_for_banking_example2_UserAccount 
244476     INFO  main            d.u.i.k.p.r.p.TestFile    ... finished proof: closed. 
244735     INFO  main            d.u.i.k.p.r.p.TestFile    Now processing file /home/runner/work/key/key/key.core/../key.ui/examples/InformationFlow/ToyBanking/banking_example2.BankAccount(banking_example2.BankAccount__depositMoney(int)).Non-interference contract.0.m.key 
244738     INFO  main            d.u.i.k.p.i.AbstractProblemLoader Loading environment from /home/runner/work/key/key/key.core/../key.ui/examples/InformationFlow/ToyBanking/banking_example2.BankAccount(banking_example2.BankAccount__depositMoney(int)).Non-interference contract.0.m.key 
244738     DEBUG main            d.u.i.k.p.i.AbstractProblemLoader Environment load took 118.5ns 
244739     INFO  main            d.u.i.k.p.i.AbstractProblemLoader Creating init config 
247296     DEBUG main            d.u.i.k.p.i.AbstractProblemLoader Init config took 2.56s 
247341     INFO  main            d.u.i.k.p.i.AbstractProblemLoader Replaying proof banking_example2.BankAccount[banking_example2.BankAccount::depositMoney(int)].Non-interference contract.0 
247343     DEBUG main            d.u.i.k.p.i.IntermediateProofReplayer Proof replay took 14.3ns 
247344     DEBUG main            d.u.i.k.m.s.ProofScriptEngine 1: 'macro 'infflow-autopilot'' 
247375     DEBUG main            d.u.i.k.p.m.ProofCorrectnessMgt No justification found for rule Class_invariant_axiom_for_banking_example2_BankAccount 
247842     INFO  main            d.u.i.k.p.r.p.TestFile    ... finished proof: closed. 
248055     INFO  main            d.u.i.k.p.r.p.TestFile    Now processing file /home/runner/work/key/key/key.core/../key.ui/examples/InformationFlow/ToyBanking/banking_example2.BankAccount(banking_example2.BankAccount__getBalance()).Non-interference contract.0.m.key 
248056     INFO  main            d.u.i.k.p.i.AbstractProblemLoader Loading environment from /home/runner/work/key/key/key.core/../key.ui/examples/InformationFlow/ToyBanking/banking_example2.BankAccount(banking_example2.BankAccount__getBalance()).Non-interference contract.0.m.key 
248056     DEBUG main            d.u.i.k.p.i.AbstractProblemLoader Environment load took 100ns 
248057     INFO  main            d.u.i.k.p.i.AbstractProblemLoader Creating init config 
250604     DEBUG main            d.u.i.k.p.i.AbstractProblemLoader Init config took 2.55s 
250647     INFO  main            d.u.i.k.p.i.AbstractProblemLoader Replaying proof banking_example2.BankAccount[banking_example2.BankAccount::getBalance()].Non-interference contract.0 
250649     DEBUG main            d.u.i.k.p.i.IntermediateProofReplayer Proof replay took 15.4ns 
250650     DEBUG main            d.u.i.k.m.s.ProofScriptEngine 1: 'macro 'infflow-autopilot'' 
250714     DEBUG main            d.u.i.k.p.m.ProofCorrectnessMgt No justification found for rule Class_invariant_axiom_for_banking_example2_BankAccount 
250812     INFO  main            d.u.i.k.p.r.p.TestFile    ... finished proof: closed. 
250968     INFO  main            d.u.i.k.p.r.p.TestFile    Now processing file /home/runner/work/key/key/key.core/../key.ui/examples/InformationFlow/ToyBanking/banking_example2.BankAccount(banking_example2.BankAccount__getId()).Non-interference contract.0.m.key 
250968     INFO  main            d.u.i.k.p.i.AbstractProblemLoader Loading environment from /home/runner/work/key/key/key.core/../key.ui/examples/InformationFlow/ToyBanking/banking_example2.BankAccount(banking_example2.BankAccount__getId()).Non-interference contract.0.m.key 
250968     DEBUG main            d.u.i.k.p.i.AbstractProblemLoader Environment load took 60.2ns 
250969     INFO  main            d.u.i.k.p.i.AbstractProblemLoader Creating init config 
253523     DEBUG main            d.u.i.k.p.i.AbstractProblemLoader Init config took 2.55s 
253567     INFO  main            d.u.i.k.p.i.AbstractProblemLoader Replaying proof banking_example2.BankAccount[banking_example2.BankAccount::getId()].Non-interference contract.0 
253569     DEBUG main            d.u.i.k.p.i.IntermediateProofReplayer Proof replay took 15.6ns 
253569     DEBUG main            d.u.i.k.m.s.ProofScriptEngine 1: 'macro 'infflow-autopilot'' 
253600     DEBUG main            d.u.i.k.p.m.ProofCorrectnessMgt No justification found for rule Class_invariant_axiom_for_banking_example2_BankAccount 
253699     INFO  main            d.u.i.k.p.r.p.TestFile    ... finished proof: closed. 
1729981    INFO  Test worker     d.u.i.k.p.r.RunAllProofsTestUnit Returning from test ToyBanking_fullmacro 
1729982    INFO  Test worker     d.u.i.k.p.r.RunAllProofsTestUnit Running test BlockContracts_fullmacro 
374        INFO  Timeout watchdog d.u.i.k.p.r.p.ForkedTestFileRunner Timeout watcher launched (1000 secs.) 
390        WARN  main            d.u.i.k.s.ProofSettings   The settings in /home/runner/.key/proof-settings.props are *not* read. 
412        INFO  main            d.u.i.k.p.r.p.TestFile    Now processing file /home/runner/work/key/key/key.core/../key.ui/examples/InformationFlow/BlockContracts/contract.IFBlockExamples(contract.IFBlockExamples__secure_5()).Non-interference contract.0.m.key 
546        INFO  main            d.u.i.k.p.i.AbstractProblemLoader Loading environment from /home/runner/work/key/key/key.core/../key.ui/examples/InformationFlow/BlockContracts/contract.IFBlockExamples(contract.IFBlockExamples__secure_5()).Non-interference contract.0.m.key 
569        DEBUG main            d.u.i.k.p.i.AbstractProblemLoader Environment load took 3.12ms 
786        INFO  main            d.u.i.k.p.i.AbstractProblemLoader Creating init config 
1739       DEBUG main            d.u.i.k.j.TypeConverter   No LDT found for Meta 
1739       DEBUG main            d.u.i.k.j.TypeConverter   No LDT found for Meta 
1742       DEBUG main            d.u.i.k.j.TypeConverter   No LDT found for Meta 
1742       DEBUG main            d.u.i.k.j.TypeConverter   No LDT found for Meta 
3267       DEBUG main            d.u.i.k.j.TypeConverter   No LDT found for JavaBigintExpression 
8092       DEBUG main            d.u.i.k.p.i.AbstractProblemLoader Init config took 7.31s 
8226       INFO  main            d.u.i.k.p.i.AbstractProblemLoader Replaying proof contract.IFBlockExamples[contract.IFBlockExamples::secure_5()].Non-interference contract.0 
8305       DEBUG main            d.u.i.k.p.i.IntermediateProofReplayer Proof replay took 364.1ns 
8371       DEBUG main            d.u.i.k.m.s.ProofScriptEngine 1: 'macro 'infflow-autopilot'' 
8715       DEBUG main            d.u.i.k.p.m.ProofCorrectnessMgt No justification found for rule Class_invariant_axiom_for_contract_IFBlockExamples 
9670       INFO  main            d.u.i.k.p.r.p.TestFile    ... finished proof: closed. 
9802       INFO  main            d.u.i.k.p.r.p.TestFile    Now processing file /home/runner/work/key/key/key.core/../key.ui/examples/InformationFlow/BlockContracts/contract.IFBlockExamples(contract.IFBlockExamples__block_no_return_secure(int)).Non-interference contract.0.m.key 
9803       INFO  main            d.u.i.k.p.i.AbstractProblemLoader Loading environment from /home/runner/work/key/key/key.core/../key.ui/examples/InformationFlow/BlockContracts/contract.IFBlockExamples(contract.IFBlockExamples__block_no_return_secure(int)).Non-interference contract.0.m.key 
9803       DEBUG main            d.u.i.k.p.i.AbstractProblemLoader Environment load took 120.1ns 
9806       INFO  main            d.u.i.k.p.i.AbstractProblemLoader Creating init config 
12595      DEBUG main            d.u.i.k.p.i.AbstractProblemLoader Init config took 2.79s 
12652      INFO  main            d.u.i.k.p.i.AbstractProblemLoader Replaying proof contract.IFBlockExamples[contract.IFBlockExamples::block_no_return_secure(int)].Non-interference contract.0 
12655      DEBUG main            d.u.i.k.p.i.IntermediateProofReplayer Proof replay took 11.2ns 
12656      DEBUG main            d.u.i.k.m.s.ProofScriptEngine 1: 'macro 'infflow-autopilot'' 
12709      DEBUG main            d.u.i.k.p.m.ProofCorrectnessMgt No justification found for rule Class_invariant_axiom_for_contract_IFBlockExamples 
13239      INFO  main            d.u.i.k.p.r.p.TestFile    ... finished proof: closed. 
13410      INFO  main            d.u.i.k.p.r.p.TestFile    Now processing file /home/runner/work/key/key/key.core/../key.ui/examples/InformationFlow/BlockContracts/contract.IFBlockExamples(contract.IFBlockExamples__while_block_insecure(int)).Non-interference contract.0.m.key 
13411      INFO  main            d.u.i.k.p.i.AbstractProblemLoader Loading environment from /home/runner/work/key/key/key.core/../key.ui/examples/InformationFlow/BlockContracts/contract.IFBlockExamples(contract.IFBlockExamples__while_block_insecure(int)).Non-interference contract.0.m.key 
13411      DEBUG main            d.u.i.k.p.i.AbstractProblemLoader Environment load took 117.2ns 
13412      INFO  main            d.u.i.k.p.i.AbstractProblemLoader Creating init config 
16076      DEBUG main            d.u.i.k.p.i.AbstractProblemLoader Init config took 2.66s 
16129      INFO  main            d.u.i.k.p.i.AbstractProblemLoader Replaying proof contract.IFBlockExamples[contract.IFBlockExamples::while_block_insecure(int)].Non-interference contract.0 
16132      DEBUG main            d.u.i.k.p.i.IntermediateProofReplayer Proof replay took 12.1ns 
16133      DEBUG main            d.u.i.k.m.s.ProofScriptEngine 1: 'macro 'infflow-autopilot'' 
16184      DEBUG main            d.u.i.k.p.m.ProofCorrectnessMgt No justification found for rule Class_invariant_axiom_for_contract_IFBlockExamples 
17528      INFO  main            d.u.i.k.p.r.p.TestFile    ... finished proof: open goal(s) 
17683      INFO  main            d.u.i.k.p.r.p.TestFile    Now processing file /home/runner/work/key/key/key.core/../key.ui/examples/InformationFlow/BlockContracts/contract.IFBlockExamples(contract.IFBlockExamples__while_block_secure(int)).Non-interference contract.0.m.key 
17683      INFO  main            d.u.i.k.p.i.AbstractProblemLoader Loading environment from /home/runner/work/key/key/key.core/../key.ui/examples/InformationFlow/BlockContracts/contract.IFBlockExamples(contract.IFBlockExamples__while_block_secure(int)).Non-interference contract.0.m.key 
17683      DEBUG main            d.u.i.k.p.i.AbstractProblemLoader Environment load took 65.2ns 
17684      INFO  main            d.u.i.k.p.i.AbstractProblemLoader Creating init config 
20240      DEBUG main            d.u.i.k.p.i.AbstractProblemLoader Init config took 2.56s 
20288      INFO  main            d.u.i.k.p.i.AbstractProblemLoader Replaying proof contract.IFBlockExamples[contract.IFBlockExamples::while_block_secure(int)].Non-interference contract.0 
20290      DEBUG main            d.u.i.k.p.i.IntermediateProofReplayer Proof replay took 12.5ns 
20291      DEBUG main            d.u.i.k.m.s.ProofScriptEngine 1: 'macro 'infflow-autopilot'' 
20334      DEBUG main            d.u.i.k.p.m.ProofCorrectnessMgt No justification found for rule Class_invariant_axiom_for_contract_IFBlockExamples 
21347      INFO  main            d.u.i.k.p.r.p.TestFile    ... finished proof: closed. 
21578      INFO  main            d.u.i.k.p.r.p.TestFile    Now processing file /home/runner/work/key/key/key.core/../key.ui/examples/InformationFlow/BlockContracts/contract.IFBlockExamples(contract.IFBlockExamples__block_while_secure(int)).Non-interference contract.0.m.key 
21578      INFO  main            d.u.i.k.p.i.AbstractProblemLoader Loading environment from /home/runner/work/key/key/key.core/../key.ui/examples/InformationFlow/BlockContracts/contract.IFBlockExamples(contract.IFBlockExamples__block_while_secure(int)).Non-interference contract.0.m.key 
21579      DEBUG main            d.u.i.k.p.i.AbstractProblemLoader Environment load took 70.9ns 
21579      INFO  main            d.u.i.k.p.i.AbstractProblemLoader Creating init config 
24096      DEBUG main            d.u.i.k.p.i.AbstractProblemLoader Init config took 2.52s 
24143      INFO  main            d.u.i.k.p.i.AbstractProblemLoader Replaying proof contract.IFBlockExamples[contract.IFBlockExamples::block_while_secure(int)].Non-interference contract.0 
24145      DEBUG main            d.u.i.k.p.i.IntermediateProofReplayer Proof replay took 13.6ns 
24146      DEBUG main            d.u.i.k.m.s.ProofScriptEngine 1: 'macro 'infflow-autopilot'' 
24187      DEBUG main            d.u.i.k.p.m.ProofCorrectnessMgt No justification found for rule Class_invariant_axiom_for_contract_IFBlockExamples 
25348      INFO  main            d.u.i.k.p.r.p.TestFile    ... finished proof: closed. 
25519      INFO  main            d.u.i.k.p.r.p.TestFile    Now processing file /home/runner/work/key/key/key.core/../key.ui/examples/InformationFlow/BlockContracts/contract.IFBlockExamples(contract.IFBlockExamples__insecure_4(int)).Non-interference contract.0.m.key 
25519      INFO  main            d.u.i.k.p.i.AbstractProblemLoader Loading environment from /home/runner/work/key/key/key.core/../key.ui/examples/InformationFlow/BlockContracts/contract.IFBlockExamples(contract.IFBlockExamples__insecure_4(int)).Non-interference contract.0.m.key 
25519      DEBUG main            d.u.i.k.p.i.AbstractProblemLoader Environment load took 59.9ns 
25520      INFO  main            d.u.i.k.p.i.AbstractProblemLoader Creating init config 
28018      DEBUG main            d.u.i.k.p.i.AbstractProblemLoader Init config took 2.5s 
28063      INFO  main            d.u.i.k.p.i.AbstractProblemLoader Replaying proof contract.IFBlockExamples[contract.IFBlockExamples::insecure_4(int)].Non-interference contract.0 
28065      DEBUG main            d.u.i.k.p.i.IntermediateProofReplayer Proof replay took 12.7ns 
28066      DEBUG main            d.u.i.k.m.s.ProofScriptEngine 1: 'macro 'infflow-autopilot'' 
28105      DEBUG main            d.u.i.k.p.m.ProofCorrectnessMgt No justification found for rule Class_invariant_axiom_for_contract_IFBlockExamples 
29459      INFO  main            d.u.i.k.p.r.p.TestFile    ... finished proof: open goal(s) 
29662      INFO  main            d.u.i.k.p.r.p.TestFile    Now processing file /home/runner/work/key/key/key.core/../key.ui/examples/InformationFlow/BlockContracts/contract.IFBlockExamples(contract.IFBlockExamples__insecure_3(int)).Non-interference contract.0.m.key 
29662      INFO  main            d.u.i.k.p.i.AbstractProblemLoader Loading environment from /home/runner/work/key/key/key.core/../key.ui/examples/InformationFlow/BlockContracts/contract.IFBlockExamples(contract.IFBlockExamples__insecure_3(int)).Non-interference contract.0.m.key 
29662      DEBUG main            d.u.i.k.p.i.AbstractProblemLoader Environment load took 65.8ns 
29663      INFO  main            d.u.i.k.p.i.AbstractProblemLoader Creating init config 
32130      DEBUG main            d.u.i.k.p.i.AbstractProblemLoader Init config took 2.47s 
32174      INFO  main            d.u.i.k.p.i.AbstractProblemLoader Replaying proof contract.IFBlockExamples[contract.IFBlockExamples::insecure_3(int)].Non-interference contract.0 
32176      DEBUG main            d.u.i.k.p.i.IntermediateProofReplayer Proof replay took 12.8ns 
32177      DEBUG main            d.u.i.k.m.s.ProofScriptEngine 1: 'macro 'infflow-autopilot'' 
32215      DEBUG main            d.u.i.k.p.m.ProofCorrectnessMgt No justification found for rule Class_invariant_axiom_for_contract_IFBlockExamples 
39089      INFO  main            d.u.i.k.p.r.p.TestFile    ... finished proof: open goal(s) 
39362      INFO  main            d.u.i.k.p.r.p.TestFile    Now processing file /home/runner/work/key/key/key.core/../key.ui/examples/InformationFlow/BlockContracts/contract.IFBlockExamples(contract.IFBlockExamples__secure_3(int)).Non-interference contract.0.m.key 
39363      INFO  main            d.u.i.k.p.i.AbstractProblemLoader Loading environment from /home/runner/work/key/key/key.core/../key.ui/examples/InformationFlow/BlockContracts/contract.IFBlockExamples(contract.IFBlockExamples__secure_3(int)).Non-interference contract.0.m.key 
39363      DEBUG main            d.u.i.k.p.i.AbstractProblemLoader Environment load took 124.8ns 
39364      INFO  main            d.u.i.k.p.i.AbstractProblemLoader Creating init config 
41822      DEBUG main            d.u.i.k.p.i.AbstractProblemLoader Init config took 2.46s 
41864      INFO  main            d.u.i.k.p.i.AbstractProblemLoader Replaying proof contract.IFBlockExamples[contract.IFBlockExamples::secure_3(int)].Non-interference contract.0 
41866      DEBUG main            d.u.i.k.p.i.IntermediateProofReplayer Proof replay took 15.2ns 
41866      DEBUG main            d.u.i.k.m.s.ProofScriptEngine 1: 'macro 'infflow-autopilot'' 
41903      DEBUG main            d.u.i.k.p.m.ProofCorrectnessMgt No justification found for rule Class_invariant_axiom_for_contract_IFBlockExamples 
42973      INFO  main            d.u.i.k.p.r.p.TestFile    ... finished proof: closed. 
43244      INFO  main            d.u.i.k.p.r.p.TestFile    Now processing file /home/runner/work/key/key/key.core/../key.ui/examples/InformationFlow/BlockContracts/contract.IFBlockExamples(contract.IFBlockExamples__secure_2(int)).Non-interference contract.0.m.key 
43246      INFO  main            d.u.i.k.p.i.AbstractProblemLoader Loading environment from /home/runner/work/key/key/key.core/../key.ui/examples/InformationFlow/BlockContracts/contract.IFBlockExamples(contract.IFBlockExamples__secure_2(int)).Non-interference contract.0.m.key 
43246      DEBUG main            d.u.i.k.p.i.AbstractProblemLoader Environment load took 117.1ns 
43247      INFO  main            d.u.i.k.p.i.AbstractProblemLoader Creating init config 
45721      DEBUG main            d.u.i.k.p.i.AbstractProblemLoader Init config took 2.47s 
45761      INFO  main            d.u.i.k.p.i.AbstractProblemLoader Replaying proof contract.IFBlockExamples[contract.IFBlockExamples::secure_2(int)].Non-interference contract.0 
45764      DEBUG main            d.u.i.k.p.i.IntermediateProofReplayer Proof replay took 14.2ns 
45764      DEBUG main            d.u.i.k.m.s.ProofScriptEngine 1: 'macro 'infflow-autopilot'' 
45798      DEBUG main            d.u.i.k.p.m.ProofCorrectnessMgt No justification found for rule Class_invariant_axiom_for_contract_IFBlockExamples 
47146      INFO  main            d.u.i.k.p.r.p.TestFile    ... finished proof: closed. 
47370      INFO  main            d.u.i.k.p.r.p.TestFile    Now processing file /home/runner/work/key/key/key.core/../key.ui/examples/InformationFlow/BlockContracts/contract.IFBlockExamples(contract.IFBlockExamples__secure_8(int)).Non-interference contract.0.m.key 
47370      INFO  main            d.u.i.k.p.i.AbstractProblemLoader Loading environment from /home/runner/work/key/key/key.core/../key.ui/examples/InformationFlow/BlockContracts/contract.IFBlockExamples(contract.IFBlockExamples__secure_8(int)).Non-interference contract.0.m.key 
47370      DEBUG main            d.u.i.k.p.i.AbstractProblemLoader Environment load took 61.3ns 
47371      INFO  main            d.u.i.k.p.i.AbstractProblemLoader Creating init config 
49822      DEBUG main            d.u.i.k.p.i.AbstractProblemLoader Init config took 2.45s 
49861      INFO  main            d.u.i.k.p.i.AbstractProblemLoader Replaying proof contract.IFBlockExamples[contract.IFBlockExamples::secure_8(int)].Non-interference contract.0 
49863      DEBUG main            d.u.i.k.p.i.IntermediateProofReplayer Proof replay took 16.1ns 
49864      DEBUG main            d.u.i.k.m.s.ProofScriptEngine 1: 'macro 'infflow-autopilot'' 
49897      DEBUG main            d.u.i.k.p.m.ProofCorrectnessMgt No justification found for rule Class_invariant_axiom_for_contract_IFBlockExamples 
50353      INFO  main            d.u.i.k.p.r.p.TestFile    ... finished proof: closed. 
50570      INFO  main            d.u.i.k.p.r.p.TestFile    Now processing file /home/runner/work/key/key/key.core/../key.ui/examples/InformationFlow/BlockContracts/contract.IFBlockExamples(contract.IFBlockExamples__secure_7(int)).Non-interference contract.0.m.key 
50571      INFO  main            d.u.i.k.p.i.AbstractProblemLoader Loading environment from /home/runner/work/key/key/key.core/../key.ui/examples/InformationFlow/BlockContracts/contract.IFBlockExamples(contract.IFBlockExamples__secure_7(int)).Non-interference contract.0.m.key 
50571      DEBUG main            d.u.i.k.p.i.AbstractProblemLoader Environment load took 106ns 
50572      INFO  main            d.u.i.k.p.i.AbstractProblemLoader Creating init config 
53026      DEBUG main            d.u.i.k.p.i.AbstractProblemLoader Init config took 2.45s 
53066      INFO  main            d.u.i.k.p.i.AbstractProblemLoader Replaying proof contract.IFBlockExamples[contract.IFBlockExamples::secure_7(int)].Non-interference contract.0 
53069      DEBUG main            d.u.i.k.p.i.IntermediateProofReplayer Proof replay took 14.5ns 
53069      DEBUG main            d.u.i.k.m.s.ProofScriptEngine 1: 'macro 'infflow-autopilot'' 
53105      DEBUG main            d.u.i.k.p.m.ProofCorrectnessMgt No justification found for rule Class_invariant_axiom_for_contract_IFBlockExamples 
53442      INFO  main            d.u.i.k.p.r.p.TestFile    ... finished proof: closed. 
53640      INFO  main            d.u.i.k.p.r.p.TestFile    Now processing file /home/runner/work/key/key/key.core/../key.ui/examples/InformationFlow/BlockContracts/contract.IFBlockExamples(contract.IFBlockExamples__secure_6(int)).Non-interference contract.0.m.key 
53641      INFO  main            d.u.i.k.p.i.AbstractProblemLoader Loading environment from /home/runner/work/key/key/key.core/../key.ui/examples/InformationFlow/BlockContracts/contract.IFBlockExamples(contract.IFBlockExamples__secure_6(int)).Non-interference contract.0.m.key 
53641      DEBUG main            d.u.i.k.p.i.AbstractProblemLoader Environment load took 60.6ns 
53642      INFO  main            d.u.i.k.p.i.AbstractProblemLoader Creating init config 
56104      DEBUG main            d.u.i.k.p.i.AbstractProblemLoader Init config took 2.46s 
56148      INFO  main            d.u.i.k.p.i.AbstractProblemLoader Replaying proof contract.IFBlockExamples[contract.IFBlockExamples::secure_6(int)].Non-interference contract.0 
56150      DEBUG main            d.u.i.k.p.i.IntermediateProofReplayer Proof replay took 14.1ns 
56150      DEBUG main            d.u.i.k.m.s.ProofScriptEngine 1: 'macro 'infflow-autopilot'' 
56187      DEBUG main            d.u.i.k.p.m.ProofCorrectnessMgt No justification found for rule Class_invariant_axiom_for_contract_IFBlockExamples 
56547      INFO  main            d.u.i.k.p.r.p.TestFile    ... finished proof: closed. 
56726      INFO  main            d.u.i.k.p.r.p.TestFile    Now processing file /home/runner/work/key/key/key.core/../key.ui/examples/InformationFlow/BlockContracts/contract.IFBlockExamples(contract.IFBlockExamples__insecure_1(int)).Non-interference contract.0.m.key 
56726      INFO  main            d.u.i.k.p.i.AbstractProblemLoader Loading environment from /home/runner/work/key/key/key.core/../key.ui/examples/InformationFlow/BlockContracts/contract.IFBlockExamples(contract.IFBlockExamples__insecure_1(int)).Non-interference contract.0.m.key 
56727      DEBUG main            d.u.i.k.p.i.AbstractProblemLoader Environment load took 60.5ns 
56728      INFO  main            d.u.i.k.p.i.AbstractProblemLoader Creating init config 
59210      DEBUG main            d.u.i.k.p.i.AbstractProblemLoader Init config took 2.48s 
59246      INFO  main            d.u.i.k.p.i.AbstractProblemLoader Replaying proof contract.IFBlockExamples[contract.IFBlockExamples::insecure_1(int)].Non-interference contract.0 
59248      DEBUG main            d.u.i.k.p.i.IntermediateProofReplayer Proof replay took 14.6ns 
59249      DEBUG main            d.u.i.k.m.s.ProofScriptEngine 1: 'macro 'infflow-autopilot'' 
59280      DEBUG main            d.u.i.k.p.m.ProofCorrectnessMgt No justification found for rule Class_invariant_axiom_for_contract_IFBlockExamples 
59813      INFO  main            d.u.i.k.p.r.p.TestFile    ... finished proof: open goal(s) 
60000      INFO  main            d.u.i.k.p.r.p.TestFile    Now processing file /home/runner/work/key/key/key.core/../key.ui/examples/InformationFlow/BlockContracts/contract.IFBlockExamples(contract.IFBlockExamples__secure_4(int)).Non-interference contract.0.m.key 
60000      INFO  main            d.u.i.k.p.i.AbstractProblemLoader Loading environment from /home/runner/work/key/key/key.core/../key.ui/examples/InformationFlow/BlockContracts/contract.IFBlockExamples(contract.IFBlockExamples__secure_4(int)).Non-interference contract.0.m.key 
60000      DEBUG main            d.u.i.k.p.i.AbstractProblemLoader Environment load took 56.4ns 
60001      INFO  main            d.u.i.k.p.i.AbstractProblemLoader Creating init config 
62496      DEBUG main            d.u.i.k.p.i.AbstractProblemLoader Init config took 2.49s 
62532      INFO  main            d.u.i.k.p.i.AbstractProblemLoader Replaying proof contract.IFBlockExamples[contract.IFBlockExamples::secure_4(int)].Non-interference contract.0 
62534      DEBUG main            d.u.i.k.p.i.IntermediateProofReplayer Proof replay took 15.3ns 
62535      DEBUG main            d.u.i.k.m.s.ProofScriptEngine 1: 'macro 'infflow-autopilot'' 
62566      DEBUG main            d.u.i.k.p.m.ProofCorrectnessMgt No justification found for rule Class_invariant_axiom_for_contract_IFBlockExamples 
63002      INFO  main            d.u.i.k.p.r.p.TestFile    ... finished proof: closed. 
63222      INFO  main            d.u.i.k.p.r.p.TestFile    Now processing file /home/runner/work/key/key/key.core/../key.ui/examples/InformationFlow/BlockContracts/contract.IFBlockExamples(contract.IFBlockExamples__secure_1(int)).Non-interference contract.0.m.key 
63222      INFO  main            d.u.i.k.p.i.AbstractProblemLoader Loading environment from /home/runner/work/key/key/key.core/../key.ui/examples/InformationFlow/BlockContracts/contract.IFBlockExamples(contract.IFBlockExamples__secure_1(int)).Non-interference contract.0.m.key 
63222      DEBUG main            d.u.i.k.p.i.AbstractProblemLoader Environment load took 57.8ns 
63224      INFO  main            d.u.i.k.p.i.AbstractProblemLoader Creating init config 
65673      DEBUG main            d.u.i.k.p.i.AbstractProblemLoader Init config took 2.45s 
65722      INFO  main            d.u.i.k.p.i.AbstractProblemLoader Replaying proof contract.IFBlockExamples[contract.IFBlockExamples::secure_1(int)].Non-interference contract.0 
65724      DEBUG main            d.u.i.k.p.i.IntermediateProofReplayer Proof replay took 17.1ns 
65724      DEBUG main            d.u.i.k.m.s.ProofScriptEngine 1: 'macro 'infflow-autopilot'' 
65756      DEBUG main            d.u.i.k.p.m.ProofCorrectnessMgt No justification found for rule Class_invariant_axiom_for_contract_IFBlockExamples 
66281      INFO  main            d.u.i.k.p.r.p.TestFile    ... finished proof: closed. 
66477      INFO  main            d.u.i.k.p.r.p.TestFile    Now processing file /home/runner/work/key/key/key.core/../key.ui/examples/InformationFlow/BlockContracts/contract.IFEfficiencyExamples(contract.IFEfficiencyExamples__mWithoutBlockContract()).Non-interference contract.0.m.key 
66478      INFO  main            d.u.i.k.p.i.AbstractProblemLoader Loading environment from /home/runner/work/key/key/key.core/../key.ui/examples/InformationFlow/BlockContracts/contract.IFEfficiencyExamples(contract.IFEfficiencyExamples__mWithoutBlockContract()).Non-interference contract.0.m.key 
66478      DEBUG main            d.u.i.k.p.i.AbstractProblemLoader Environment load took 63.7ns 
66480      INFO  main            d.u.i.k.p.i.AbstractProblemLoader Creating init config 
68922      DEBUG main            d.u.i.k.p.i.AbstractProblemLoader Init config took 2.44s 
68958      INFO  main            d.u.i.k.p.i.AbstractProblemLoader Replaying proof contract.IFEfficiencyExamples[contract.IFEfficiencyExamples::mWithoutBlockContract()].Non-interference contract.0 
68960      DEBUG main            d.u.i.k.p.i.IntermediateProofReplayer Proof replay took 14.4ns 
68961      DEBUG main            d.u.i.k.m.s.ProofScriptEngine 1: 'macro 'infflow-autopilot'' 
68990      DEBUG main            d.u.i.k.p.m.ProofCorrectnessMgt No justification found for rule Class_invariant_axiom_for_contract_IFEfficiencyExamples 
73911      INFO  main            d.u.i.k.p.r.p.TestFile    ... finished proof: closed. 
74147      INFO  main            d.u.i.k.p.r.p.TestFile    Now processing file /home/runner/work/key/key/key.core/../key.ui/examples/InformationFlow/BlockContracts/contract.IFEfficiencyExamples(contract.IFEfficiencyExamples__mWithBlockContract()).Non-interference contract.0.m.key 
74147      INFO  main            d.u.i.k.p.i.AbstractProblemLoader Loading environment from /home/runner/work/key/key/key.core/../key.ui/examples/InformationFlow/BlockContracts/contract.IFEfficiencyExamples(contract.IFEfficiencyExamples__mWithBlockContract()).Non-interference contract.0.m.key 
74147      DEBUG main            d.u.i.k.p.i.AbstractProblemLoader Environment load took 58.3ns 
74148      INFO  main            d.u.i.k.p.i.AbstractProblemLoader Creating init config 
76555      DEBUG main            d.u.i.k.p.i.AbstractProblemLoader Init config took 2.41s 
76589      INFO  main            d.u.i.k.p.i.AbstractProblemLoader Replaying proof contract.IFEfficiencyExamples[contract.IFEfficiencyExamples::mWithBlockContract()].Non-interference contract.0 
76591      DEBUG main            d.u.i.k.p.i.IntermediateProofReplayer Proof replay took 15.6ns 
76592      DEBUG main            d.u.i.k.m.s.ProofScriptEngine 1: 'macro 'infflow-autopilot'' 
76619      DEBUG main            d.u.i.k.p.m.ProofCorrectnessMgt No justification found for rule Class_invariant_axiom_for_contract_IFEfficiencyExamples 
78097      INFO  main            d.u.i.k.p.r.p.TestFile    ... finished proof: closed. 
1808476    INFO  Test worker     d.u.i.k.p.r.RunAllProofsTestUnit Returning from test BlockContracts_fullmacro 
1808477    INFO  Test worker     d.u.i.k.p.r.RunAllProofsTestUnit Running test MethodContracts_fullmacro 
348        INFO  Timeout watchdog d.u.i.k.p.r.p.ForkedTestFileRunner Timeout watcher launched (1000 secs.) 
362        WARN  main            d.u.i.k.s.ProofSettings   The settings in /home/runner/.key/proof-settings.props are *not* read. 
385        INFO  main            d.u.i.k.p.r.p.TestFile    Now processing file /home/runner/work/key/key/key.core/../key.ui/examples/InformationFlow/MethodContracts/contract.IFMethodContract(contract.IFMethodContract__secure_recursion_2((I,int)).Non-interference contract.0.m.key 
490        INFO  main            d.u.i.k.p.i.AbstractProblemLoader Loading environment from /home/runner/work/key/key/key.core/../key.ui/examples/InformationFlow/MethodContracts/contract.IFMethodContract(contract.IFMethodContract__secure_recursion_2((I,int)).Non-interference contract.0.m.key 
519        DEBUG main            d.u.i.k.p.i.AbstractProblemLoader Environment load took 2.31ms 
738        INFO  main            d.u.i.k.p.i.AbstractProblemLoader Creating init config 
1743       DEBUG main            d.u.i.k.j.TypeConverter   No LDT found for Meta 
1744       DEBUG main            d.u.i.k.j.TypeConverter   No LDT found for Meta 
1747       DEBUG main            d.u.i.k.j.TypeConverter   No LDT found for Meta 
1747       DEBUG main            d.u.i.k.j.TypeConverter   No LDT found for Meta 
3178       DEBUG main            d.u.i.k.j.TypeConverter   No LDT found for JavaBigintExpression 
8163       DEBUG main            d.u.i.k.p.i.AbstractProblemLoader Init config took 7.42s 
8360       INFO  main            d.u.i.k.p.i.AbstractProblemLoader Replaying proof contract.IFMethodContract[contract.IFMethodContract::secure_recursion_2([I,int)].Non-interference contract.0 
8436       DEBUG main            d.u.i.k.p.i.IntermediateProofReplayer Proof replay took 358.4ns 
8503       DEBUG main            d.u.i.k.m.s.ProofScriptEngine 1: 'macro 'infflow-autopilot'' 
8868       DEBUG main            d.u.i.k.p.m.ProofCorrectnessMgt No justification found for rule Class_invariant_axiom_for_contract_IFMethodContract 
9319       DEBUG main            d.u.i.k.p.m.ProofCorrectnessMgt No justification found for rule Class_invariant_axiom_for_contract_IFMethodContract 
9322       DEBUG main            d.u.i.k.p.m.ProofCorrectnessMgt No justification found for rule Class_invariant_axiom_for_contract_IFMethodContract 
9504       DEBUG main            d.u.i.k.p.m.ProofCorrectnessMgt No justification found for rule Class_invariant_axiom_for_contract_IFMethodContract 
12375      INFO  main            d.u.i.k.p.r.p.TestFile    ... finished proof: closed. 
12516      INFO  main            d.u.i.k.p.r.p.TestFile    Now processing file /home/runner/work/key/key/key.core/../key.ui/examples/InformationFlow/MethodContracts/contract.IFMethodContract(contract.IFMethodContract__secure_recursion(int)).Non-interference contract.0.m.key 
12517      INFO  main            d.u.i.k.p.i.AbstractProblemLoader Loading environment from /home/runner/work/key/key/key.core/../key.ui/examples/InformationFlow/MethodContracts/contract.IFMethodContract(contract.IFMethodContract__secure_recursion(int)).Non-interference contract.0.m.key 
12517      DEBUG main            d.u.i.k.p.i.AbstractProblemLoader Environment load took 289.8ns 
12519      INFO  main            d.u.i.k.p.i.AbstractProblemLoader Creating init config 
15337      DEBUG main            d.u.i.k.p.i.AbstractProblemLoader Init config took 2.82s 
15405      INFO  main            d.u.i.k.p.i.AbstractProblemLoader Replaying proof contract.IFMethodContract[contract.IFMethodContract::secure_recursion(int)].Non-interference contract.0 
15408      DEBUG main            d.u.i.k.p.i.IntermediateProofReplayer Proof replay took 32.6ns 
15409      DEBUG main            d.u.i.k.m.s.ProofScriptEngine 1: 'macro 'infflow-autopilot'' 
15476      DEBUG main            d.u.i.k.p.m.ProofCorrectnessMgt No justification found for rule Class_invariant_axiom_for_contract_IFMethodContract 
15536      DEBUG main            d.u.i.k.p.m.ProofCorrectnessMgt No justification found for rule Class_invariant_axiom_for_contract_IFMethodContract 
15537      DEBUG main            d.u.i.k.p.m.ProofCorrectnessMgt No justification found for rule Class_invariant_axiom_for_contract_IFMethodContract 
15595      DEBUG main            d.u.i.k.p.m.ProofCorrectnessMgt No justification found for rule Class_invariant_axiom_for_contract_IFMethodContract 
16083      INFO  main            d.u.i.k.p.r.p.TestFile    ... finished proof: closed. 
16223      INFO  main            d.u.i.k.p.r.p.TestFile    Now processing file /home/runner/work/key/key/key.core/../key.ui/examples/InformationFlow/MethodContracts/contract.IFMethodContract(contract.IFMethodContract__secure_catch_exception()).Non-interference contract.0.m.key 
16224      INFO  main            d.u.i.k.p.i.AbstractProblemLoader Loading environment from /home/runner/work/key/key/key.core/../key.ui/examples/InformationFlow/MethodContracts/contract.IFMethodContract(contract.IFMethodContract__secure_catch_exception()).Non-interference contract.0.m.key 
16224      DEBUG main            d.u.i.k.p.i.AbstractProblemLoader Environment load took 123.5ns 
16226      INFO  main            d.u.i.k.p.i.AbstractProblemLoader Creating init config 
18894      DEBUG main            d.u.i.k.p.i.AbstractProblemLoader Init config took 2.67s 
18944      INFO  main            d.u.i.k.p.i.AbstractProblemLoader Replaying proof contract.IFMethodContract[contract.IFMethodContract::secure_catch_exception()].Non-interference contract.0 
18947      DEBUG main            d.u.i.k.p.i.IntermediateProofReplayer Proof replay took 12.6ns 
18948      DEBUG main            d.u.i.k.m.s.ProofScriptEngine 1: 'macro 'infflow-autopilot'' 
18991      DEBUG main            d.u.i.k.p.m.ProofCorrectnessMgt No justification found for rule Class_invariant_axiom_for_contract_IFMethodContract 
19286      INFO  main            d.u.i.k.p.r.p.TestFile    ... finished proof: closed. 
19419      INFO  main            d.u.i.k.p.r.p.TestFile    Now processing file /home/runner/work/key/key/key.core/../key.ui/examples/InformationFlow/MethodContracts/contract.IFMethodContract(contract.IFMethodContract__n6()).Non-interference contract.0.m.key 
19420      INFO  main            d.u.i.k.p.i.AbstractProblemLoader Loading environment from /home/runner/work/key/key/key.core/../key.ui/examples/InformationFlow/MethodContracts/contract.IFMethodContract(contract.IFMethodContract__n6()).Non-interference contract.0.m.key 
19420      DEBUG main            d.u.i.k.p.i.AbstractProblemLoader Environment load took 109.8ns 
19422      INFO  main            d.u.i.k.p.i.AbstractProblemLoader Creating init config 
21977      DEBUG main            d.u.i.k.p.i.AbstractProblemLoader Init config took 2.55s 
22022      INFO  main            d.u.i.k.p.i.AbstractProblemLoader Replaying proof contract.IFMethodContract[contract.IFMethodContract::n6()].Non-interference contract.0 
22025      DEBUG main            d.u.i.k.p.i.IntermediateProofReplayer Proof replay took 13.4ns 
22026      DEBUG main            d.u.i.k.m.s.ProofScriptEngine 1: 'macro 'infflow-autopilot'' 
22069      DEBUG main            d.u.i.k.p.m.ProofCorrectnessMgt No justification found for rule Class_invariant_axiom_for_contract_IFMethodContract 
22183      INFO  main            d.u.i.k.p.r.p.TestFile    ... finished proof: closed. 
22331      INFO  main            d.u.i.k.p.r.p.TestFile    Now processing file /home/runner/work/key/key/key.core/../key.ui/examples/InformationFlow/MethodContracts/contract.IFMethodContract(contract.IFMethodContract__secure_n6()).Non-interference contract.0.m.key 
22332      INFO  main            d.u.i.k.p.i.AbstractProblemLoader Loading environment from /home/runner/work/key/key/key.core/../key.ui/examples/InformationFlow/MethodContracts/contract.IFMethodContract(contract.IFMethodContract__secure_n6()).Non-interference contract.0.m.key 
22332      DEBUG main            d.u.i.k.p.i.AbstractProblemLoader Environment load took 66.2ns 
22333      INFO  main            d.u.i.k.p.i.AbstractProblemLoader Creating init config 
24889      DEBUG main            d.u.i.k.p.i.AbstractProblemLoader Init config took 2.56s 
24933      INFO  main            d.u.i.k.p.i.AbstractProblemLoader Replaying proof contract.IFMethodContract[contract.IFMethodContract::secure_n6()].Non-interference contract.0 
24936      DEBUG main            d.u.i.k.p.i.IntermediateProofReplayer Proof replay took 26ns 
24937      DEBUG main            d.u.i.k.m.s.ProofScriptEngine 1: 'macro 'infflow-autopilot'' 
24976      DEBUG main            d.u.i.k.p.m.ProofCorrectnessMgt No justification found for rule Class_invariant_axiom_for_contract_IFMethodContract 
24999      DEBUG main            d.u.i.k.p.m.ProofCorrectnessMgt No justification found for rule Class_invariant_axiom_for_contract_IFMethodContract 
25000      DEBUG main            d.u.i.k.p.m.ProofCorrectnessMgt No justification found for rule Class_invariant_axiom_for_contract_IFMethodContract 
25015      DEBUG main            d.u.i.k.p.m.ProofCorrectnessMgt No justification found for rule Class_invariant_axiom_for_contract_IFMethodContract 
25197      INFO  main            d.u.i.k.p.r.p.TestFile    ... finished proof: closed. 
25326      INFO  main            d.u.i.k.p.r.p.TestFile    Now processing file /home/runner/work/key/key/key.core/../key.ui/examples/InformationFlow/MethodContracts/contract.IFMethodContract(contract.IFMethodContract__secure_array_param((I,int)).Non-interference contract.0.m.key 
25326      INFO  main            d.u.i.k.p.i.AbstractProblemLoader Loading environment from /home/runner/work/key/key/key.core/../key.ui/examples/InformationFlow/MethodContracts/contract.IFMethodContract(contract.IFMethodContract__secure_array_param((I,int)).Non-interference contract.0.m.key 
25326      DEBUG main            d.u.i.k.p.i.AbstractProblemLoader Environment load took 64.8ns 
25327      INFO  main            d.u.i.k.p.i.AbstractProblemLoader Creating init config 
27852      DEBUG main            d.u.i.k.p.i.AbstractProblemLoader Init config took 2.52s 
27895      INFO  main            d.u.i.k.p.i.AbstractProblemLoader Replaying proof contract.IFMethodContract[contract.IFMethodContract::secure_array_param([I,int)].Non-interference contract.0 
27898      DEBUG main            d.u.i.k.p.i.IntermediateProofReplayer Proof replay took 14.5ns 
27898      DEBUG main            d.u.i.k.m.s.ProofScriptEngine 1: 'macro 'infflow-autopilot'' 
27948      DEBUG main            d.u.i.k.p.m.ProofCorrectnessMgt No justification found for rule Class_invariant_axiom_for_contract_IFMethodContract 
27991      DEBUG main            d.u.i.k.p.m.ProofCorrectnessMgt No justification found for rule Class_invariant_axiom_for_contract_IFMethodContract 
27992      DEBUG main            d.u.i.k.p.m.ProofCorrectnessMgt No justification found for rule Class_invariant_axiom_for_contract_IFMethodContract 
28044      DEBUG main            d.u.i.k.p.m.ProofCorrectnessMgt No justification found for rule Class_invariant_axiom_for_contract_IFMethodContract 
29491      INFO  main            d.u.i.k.p.r.p.TestFile    ... finished proof: closed. 
29641      INFO  main            d.u.i.k.p.r.p.TestFile    Now processing file /home/runner/work/key/key/key.core/../key.ui/examples/InformationFlow/MethodContracts/contract.IFMethodContract(contract.IFMethodContract__secure_assignment_0_n9()).Non-interference contract.0.m.key 
29641      INFO  main            d.u.i.k.p.i.AbstractProblemLoader Loading environment from /home/runner/work/key/key/key.core/../key.ui/examples/InformationFlow/MethodContracts/contract.IFMethodContract(contract.IFMethodContract__secure_assignment_0_n9()).Non-interference contract.0.m.key 
29641      DEBUG main            d.u.i.k.p.i.AbstractProblemLoader Environment load took 61.4ns 
29642      INFO  main            d.u.i.k.p.i.AbstractProblemLoader Creating init config 
32175      DEBUG main            d.u.i.k.p.i.AbstractProblemLoader Init config took 2.53s 
32215      INFO  main            d.u.i.k.p.i.AbstractProblemLoader Replaying proof contract.IFMethodContract[contract.IFMethodContract::secure_assignment_0_n9()].Non-interference contract.0 
32217      DEBUG main            d.u.i.k.p.i.IntermediateProofReplayer Proof replay took 15.3ns 
32218      DEBUG main            d.u.i.k.m.s.ProofScriptEngine 1: 'macro 'infflow-autopilot'' 
32255      DEBUG main            d.u.i.k.p.m.ProofCorrectnessMgt No justification found for rule Class_invariant_axiom_for_contract_IFMethodContract 
32318      DEBUG main            d.u.i.k.p.m.ProofCorrectnessMgt No justification found for rule Class_invariant_axiom_for_contract_IFMethodContract 
32319      DEBUG main            d.u.i.k.p.m.ProofCorrectnessMgt No justification found for rule Class_invariant_axiom_for_contract_IFMethodContract 
32331      DEBUG main            d.u.i.k.p.m.ProofCorrectnessMgt No justification found for rule Class_invariant_axiom_for_contract_IFMethodContract 
32470      INFO  main            d.u.i.k.p.r.p.TestFile    ... finished proof: closed. 
32623      INFO  main            d.u.i.k.p.r.p.TestFile    Now processing file /home/runner/work/key/key/key.core/../key.ui/examples/InformationFlow/MethodContracts/contract.IFMethodContract(contract.IFMethodContract__insecure_if_high_n5_n1()).Non-interference contract.0.m.key 
32624      INFO  main            d.u.i.k.p.i.AbstractProblemLoader Loading environment from /home/runner/work/key/key/key.core/../key.ui/examples/InformationFlow/MethodContracts/contract.IFMethodContract(contract.IFMethodContract__insecure_if_high_n5_n1()).Non-interference contract.0.m.key 
32624      DEBUG main            d.u.i.k.p.i.AbstractProblemLoader Environment load took 112.4ns 
32625      INFO  main            d.u.i.k.p.i.AbstractProblemLoader Creating init config 
35138      DEBUG main            d.u.i.k.p.i.AbstractProblemLoader Init config took 2.51s 
35183      INFO  main            d.u.i.k.p.i.AbstractProblemLoader Replaying proof contract.IFMethodContract[contract.IFMethodContract::insecure_if_high_n5_n1()].Non-interference contract.0 
35185      DEBUG main            d.u.i.k.p.i.IntermediateProofReplayer Proof replay took 14.3ns 
35186      DEBUG main            d.u.i.k.m.s.ProofScriptEngine 1: 'macro 'infflow-autopilot'' 
35221      DEBUG main            d.u.i.k.p.m.ProofCorrectnessMgt No justification found for rule Class_invariant_axiom_for_contract_IFMethodContract 
35258      DEBUG main            d.u.i.k.p.m.ProofCorrectnessMgt No justification found for rule Class_invariant_axiom_for_contract_IFMethodContract 
35259      DEBUG main            d.u.i.k.p.m.ProofCorrectnessMgt No justification found for rule Class_invariant_axiom_for_contract_IFMethodContract 
35301      DEBUG main            d.u.i.k.p.m.ProofCorrectnessMgt No justification found for rule Class_invariant_axiom_for_contract_IFMethodContract 
35302      DEBUG main            d.u.i.k.p.m.ProofCorrectnessMgt No justification found for rule Class_invariant_axiom_for_contract_IFMethodContract 
35320      DEBUG main            d.u.i.k.p.m.ProofCorrectnessMgt No justification found for rule Class_invariant_axiom_for_contract_IFMethodContract 
35321      DEBUG main            d.u.i.k.p.m.ProofCorrectnessMgt No justification found for rule Class_invariant_axiom_for_contract_IFMethodContract 
35341      DEBUG main            d.u.i.k.p.m.ProofCorrectnessMgt No justification found for rule Class_invariant_axiom_for_contract_IFMethodContract 
35348      DEBUG main            d.u.i.k.p.m.ProofCorrectnessMgt No justification found for rule Class_invariant_axiom_for_contract_IFMethodContract 
35359      DEBUG main            d.u.i.k.p.m.ProofCorrectnessMgt No justification found for rule Class_invariant_axiom_for_contract_IFMethodContract 
36028      INFO  main            d.u.i.k.p.r.p.TestFile    ... finished proof: open goal(s) 
36192      INFO  main            d.u.i.k.p.r.p.TestFile    Now processing file /home/runner/work/key/key/key.core/../key.ui/examples/InformationFlow/MethodContracts/contract.IFMethodContract(contract.IFMethodContract__n5(int)).Non-interference contract.0.m.key 
36192      INFO  main            d.u.i.k.p.i.AbstractProblemLoader Loading environment from /home/runner/work/key/key/key.core/../key.ui/examples/InformationFlow/MethodContracts/contract.IFMethodContract(contract.IFMethodContract__n5(int)).Non-interference contract.0.m.key 
36193      DEBUG main            d.u.i.k.p.i.AbstractProblemLoader Environment load took 1.07ms 
36194      INFO  main            d.u.i.k.p.i.AbstractProblemLoader Creating init config 
38707      DEBUG main            d.u.i.k.p.i.AbstractProblemLoader Init config took 2.51s 
38751      INFO  main            d.u.i.k.p.i.AbstractProblemLoader Replaying proof contract.IFMethodContract[contract.IFMethodContract::n5(int)].Non-interference contract.0 
38753      DEBUG main            d.u.i.k.p.i.IntermediateProofReplayer Proof replay took 15ns 
38753      DEBUG main            d.u.i.k.m.s.ProofScriptEngine 1: 'macro 'infflow-autopilot'' 
38790      DEBUG main            d.u.i.k.p.m.ProofCorrectnessMgt No justification found for rule Class_invariant_axiom_for_contract_IFMethodContract 
38881      INFO  main            d.u.i.k.p.r.p.TestFile    ... finished proof: closed. 
39057      INFO  main            d.u.i.k.p.r.p.TestFile    Now processing file /home/runner/work/key/key/key.core/../key.ui/examples/InformationFlow/MethodContracts/contract.IFMethodContract(contract.IFMethodContract__secure_if_high_n5_n1()).Non-interference contract.0.m.key 
39058      INFO  main            d.u.i.k.p.i.AbstractProblemLoader Loading environment from /home/runner/work/key/key/key.core/../key.ui/examples/InformationFlow/MethodContracts/contract.IFMethodContract(contract.IFMethodContract__secure_if_high_n5_n1()).Non-interference contract.0.m.key 
39058      DEBUG main            d.u.i.k.p.i.AbstractProblemLoader Environment load took 72.4ns 
39059      INFO  main            d.u.i.k.p.i.AbstractProblemLoader Creating init config 
41598      DEBUG main            d.u.i.k.p.i.AbstractProblemLoader Init config took 2.54s 
41637      INFO  main            d.u.i.k.p.i.AbstractProblemLoader Replaying proof contract.IFMethodContract[contract.IFMethodContract::secure_if_high_n5_n1()].Non-interference contract.0 
41639      DEBUG main            d.u.i.k.p.i.IntermediateProofReplayer Proof replay took 13.9ns 
41640      DEBUG main            d.u.i.k.m.s.ProofScriptEngine 1: 'macro 'infflow-autopilot'' 
41671      DEBUG main            d.u.i.k.p.m.ProofCorrectnessMgt No justification found for rule Class_invariant_axiom_for_contract_IFMethodContract 
41763      DEBUG main            d.u.i.k.p.m.ProofCorrectnessMgt No justification found for rule Class_invariant_axiom_for_contract_IFMethodContract 
41763      DEBUG main            d.u.i.k.p.m.ProofCorrectnessMgt No justification found for rule Class_invariant_axiom_for_contract_IFMethodContract 
41782      DEBUG main            d.u.i.k.p.m.ProofCorrectnessMgt No justification found for rule Class_invariant_axiom_for_contract_IFMethodContract 
41783      DEBUG main            d.u.i.k.p.m.ProofCorrectnessMgt No justification found for rule Class_invariant_axiom_for_contract_IFMethodContract 
41823      DEBUG main            d.u.i.k.p.m.ProofCorrectnessMgt No justification found for rule Class_invariant_axiom_for_contract_IFMethodContract 
41824      DEBUG main            d.u.i.k.p.m.ProofCorrectnessMgt No justification found for rule Class_invariant_axiom_for_contract_IFMethodContract 
41841      DEBUG main            d.u.i.k.p.m.ProofCorrectnessMgt No justification found for rule Class_invariant_axiom_for_contract_IFMethodContract 
41842      DEBUG main            d.u.i.k.p.m.ProofCorrectnessMgt No justification found for rule Class_invariant_axiom_for_contract_IFMethodContract 
41862      DEBUG main            d.u.i.k.p.m.ProofCorrectnessMgt No justification found for rule Class_invariant_axiom_for_contract_IFMethodContract 
41868      DEBUG main            d.u.i.k.p.m.ProofCorrectnessMgt No justification found for rule Class_invariant_axiom_for_contract_IFMethodContract 
41886      DEBUG main            d.u.i.k.p.m.ProofCorrectnessMgt No justification found for rule Class_invariant_axiom_for_contract_IFMethodContract 
41891      DEBUG main            d.u.i.k.p.m.ProofCorrectnessMgt No justification found for rule Class_invariant_axiom_for_contract_IFMethodContract 
42463      INFO  main            d.u.i.k.p.r.p.TestFile    ... finished proof: closed. 
42643      INFO  main            d.u.i.k.p.r.p.TestFile    Now processing file /home/runner/work/key/key/key.core/../key.ui/examples/InformationFlow/MethodContracts/contract.IFMethodContract(contract.IFMethodContract__secure_if_high_n1()).Non-interference contract.0.m.key 
42644      INFO  main            d.u.i.k.p.i.AbstractProblemLoader Loading environment from /home/runner/work/key/key/key.core/../key.ui/examples/InformationFlow/MethodContracts/contract.IFMethodContract(contract.IFMethodContract__secure_if_high_n1()).Non-interference contract.0.m.key 
42644      DEBUG main            d.u.i.k.p.i.AbstractProblemLoader Environment load took 62.2ns 
42647      INFO  main            d.u.i.k.p.i.AbstractProblemLoader Creating init config 
45156      DEBUG main            d.u.i.k.p.i.AbstractProblemLoader Init config took 2.51s 
45194      INFO  main            d.u.i.k.p.i.AbstractProblemLoader Replaying proof contract.IFMethodContract[contract.IFMethodContract::secure_if_high_n1()].Non-interference contract.0 
45197      DEBUG main            d.u.i.k.p.i.IntermediateProofReplayer Proof replay took 16.9ns 
45198      DEBUG main            d.u.i.k.m.s.ProofScriptEngine 1: 'macro 'infflow-autopilot'' 
45230      DEBUG main            d.u.i.k.p.m.ProofCorrectnessMgt No justification found for rule Class_invariant_axiom_for_contract_IFMethodContract 
45312      DEBUG main            d.u.i.k.p.m.ProofCorrectnessMgt No justification found for rule Class_invariant_axiom_for_contract_IFMethodContract 
45313      DEBUG main            d.u.i.k.p.m.ProofCorrectnessMgt No justification found for rule Class_invariant_axiom_for_contract_IFMethodContract 
45356      DEBUG main            d.u.i.k.p.m.ProofCorrectnessMgt No justification found for rule Class_invariant_axiom_for_contract_IFMethodContract 
45357      DEBUG main            d.u.i.k.p.m.ProofCorrectnessMgt No justification found for rule Class_invariant_axiom_for_contract_IFMethodContract 
45373      DEBUG main            d.u.i.k.p.m.ProofCorrectnessMgt No justification found for rule Class_invariant_axiom_for_contract_IFMethodContract 
45386      DEBUG main            d.u.i.k.p.m.ProofCorrectnessMgt No justification found for rule Class_invariant_axiom_for_contract_IFMethodContract 
45701      INFO  main            d.u.i.k.p.r.p.TestFile    ... finished proof: closed. 
45875      INFO  main            d.u.i.k.p.r.p.TestFile    Now processing file /home/runner/work/key/key/key.core/../key.ui/examples/InformationFlow/MethodContracts/contract.IFMethodContract(contract.IFMethodContract__secure_n5()).Non-interference contract.0.m.key 
45875      INFO  main            d.u.i.k.p.i.AbstractProblemLoader Loading environment from /home/runner/work/key/key/key.core/../key.ui/examples/InformationFlow/MethodContracts/contract.IFMethodContract(contract.IFMethodContract__secure_n5()).Non-interference contract.0.m.key 
45875      DEBUG main            d.u.i.k.p.i.AbstractProblemLoader Environment load took 58.5ns 
45877      INFO  main            d.u.i.k.p.i.AbstractProblemLoader Creating init config 
48343      DEBUG main            d.u.i.k.p.i.AbstractProblemLoader Init config took 2.47s 
48384      INFO  main            d.u.i.k.p.i.AbstractProblemLoader Replaying proof contract.IFMethodContract[contract.IFMethodContract::secure_n5()].Non-interference contract.0 
48386      DEBUG main            d.u.i.k.p.i.IntermediateProofReplayer Proof replay took 18.4ns 
48388      DEBUG main            d.u.i.k.m.s.ProofScriptEngine 1: 'macro 'infflow-autopilot'' 
48423      DEBUG main            d.u.i.k.p.m.ProofCorrectnessMgt No justification found for rule Class_invariant_axiom_for_contract_IFMethodContract 
48458      DEBUG main            d.u.i.k.p.m.ProofCorrectnessMgt No justification found for rule Class_invariant_axiom_for_contract_IFMethodContract 
48459      DEBUG main            d.u.i.k.p.m.ProofCorrectnessMgt No justification found for rule Class_invariant_axiom_for_contract_IFMethodContract 
48471      DEBUG main            d.u.i.k.p.m.ProofCorrectnessMgt No justification found for rule Class_invariant_axiom_for_contract_IFMethodContract 
48601      INFO  main            d.u.i.k.p.r.p.TestFile    ... finished proof: closed. 
48766      INFO  main            d.u.i.k.p.r.p.TestFile    Now processing file /home/runner/work/key/key/key.core/../key.ui/examples/InformationFlow/MethodContracts/contract.IFMethodContract(contract.IFMethodContract__n4()).Non-interference contract.0.m.key 
48767      INFO  main            d.u.i.k.p.i.AbstractProblemLoader Loading environment from /home/runner/work/key/key/key.core/../key.ui/examples/InformationFlow/MethodContracts/contract.IFMethodContract(contract.IFMethodContract__n4()).Non-interference contract.0.m.key 
48767      DEBUG main            d.u.i.k.p.i.AbstractProblemLoader Environment load took 105ns 
48768      INFO  main            d.u.i.k.p.i.AbstractProblemLoader Creating init config 
51202      DEBUG main            d.u.i.k.p.i.AbstractProblemLoader Init config took 2.43s 
51238      INFO  main            d.u.i.k.p.i.AbstractProblemLoader Replaying proof contract.IFMethodContract[contract.IFMethodContract::n4()].Non-interference contract.0 
51240      DEBUG main            d.u.i.k.p.i.IntermediateProofReplayer Proof replay took 15.5ns 
51240      DEBUG main            d.u.i.k.m.s.ProofScriptEngine 1: 'macro 'infflow-autopilot'' 
51273      DEBUG main            d.u.i.k.p.m.ProofCorrectnessMgt No justification found for rule Class_invariant_axiom_for_contract_IFMethodContract 
51408      INFO  main            d.u.i.k.p.r.p.TestFile    ... finished proof: closed. 
51561      INFO  main            d.u.i.k.p.r.p.TestFile    Now processing file /home/runner/work/key/key/key.core/../key.ui/examples/InformationFlow/MethodContracts/contract.IFMethodContract(contract.IFMethodContract__n3()).Non-interference contract.0.m.key 
51561      INFO  main            d.u.i.k.p.i.AbstractProblemLoader Loading environment from /home/runner/work/key/key/key.core/../key.ui/examples/InformationFlow/MethodContracts/contract.IFMethodContract(contract.IFMethodContract__n3()).Non-interference contract.0.m.key 
51561      DEBUG main            d.u.i.k.p.i.AbstractProblemLoader Environment load took 60.8ns 
51563      INFO  main            d.u.i.k.p.i.AbstractProblemLoader Creating init config 
53973      DEBUG main            d.u.i.k.p.i.AbstractProblemLoader Init config took 2.41s 
54009      INFO  main            d.u.i.k.p.i.AbstractProblemLoader Replaying proof contract.IFMethodContract[contract.IFMethodContract::n3()].Non-interference contract.0 
54011      DEBUG main            d.u.i.k.p.i.IntermediateProofReplayer Proof replay took 15ns 
54011      DEBUG main            d.u.i.k.m.s.ProofScriptEngine 1: 'macro 'infflow-autopilot'' 
54041      DEBUG main            d.u.i.k.p.m.ProofCorrectnessMgt No justification found for rule Class_invariant_axiom_for_contract_IFMethodContract 
54119      INFO  main            d.u.i.k.p.r.p.TestFile    ... finished proof: closed. 
54275      INFO  main            d.u.i.k.p.r.p.TestFile    Now processing file /home/runner/work/key/key/key.core/../key.ui/examples/InformationFlow/MethodContracts/contract.IFMethodContract(contract.IFMethodContract__secure_sequential_n3_precond_n4()).Non-interference contract.0.m.key 
54275      INFO  main            d.u.i.k.p.i.AbstractProblemLoader Loading environment from /home/runner/work/key/key/key.core/../key.ui/examples/InformationFlow/MethodContracts/contract.IFMethodContract(contract.IFMethodContract__secure_sequential_n3_precond_n4()).Non-interference contract.0.m.key 
54275      DEBUG main            d.u.i.k.p.i.AbstractProblemLoader Environment load took 89.3ns 
54277      INFO  main            d.u.i.k.p.i.AbstractProblemLoader Creating init config 
56711      DEBUG main            d.u.i.k.p.i.AbstractProblemLoader Init config took 2.43s 
56748      INFO  main            d.u.i.k.p.i.AbstractProblemLoader Replaying proof contract.IFMethodContract[contract.IFMethodContract::secure_sequential_n3_precond_n4()].Non-interference contract.0 
56750      DEBUG main            d.u.i.k.p.i.IntermediateProofReplayer Proof replay took 19.3ns 
56751      DEBUG main            d.u.i.k.m.s.ProofScriptEngine 1: 'macro 'infflow-autopilot'' 
56782      DEBUG main            d.u.i.k.p.m.ProofCorrectnessMgt No justification found for rule Class_invariant_axiom_for_contract_IFMethodContract 
56806      DEBUG main            d.u.i.k.p.m.ProofCorrectnessMgt No justification found for rule Class_invariant_axiom_for_contract_IFMethodContract 
56807      DEBUG main            d.u.i.k.p.m.ProofCorrectnessMgt No justification found for rule Class_invariant_axiom_for_contract_IFMethodContract 
56826      DEBUG main            d.u.i.k.p.m.ProofCorrectnessMgt No justification found for rule Class_invariant_axiom_for_contract_IFMethodContract 
56827      DEBUG main            d.u.i.k.p.m.ProofCorrectnessMgt No justification found for rule Class_invariant_axiom_for_contract_IFMethodContract 
56846      DEBUG main            d.u.i.k.p.m.ProofCorrectnessMgt No justification found for rule Class_invariant_axiom_for_contract_IFMethodContract 
56848      DEBUG main            d.u.i.k.p.m.ProofCorrectnessMgt No justification found for rule Class_invariant_axiom_for_contract_IFMethodContract 
57106      INFO  main            d.u.i.k.p.r.p.TestFile    ... finished proof: closed. 
57273      INFO  main            d.u.i.k.p.r.p.TestFile    Now processing file /home/runner/work/key/key/key.core/../key.ui/examples/InformationFlow/MethodContracts/contract.IFMethodContract(contract.IFMethodContract__insecure_assignment_n2()).Non-interference contract.0.m.key 
57274      INFO  main            d.u.i.k.p.i.AbstractProblemLoader Loading environment from /home/runner/work/key/key/key.core/../key.ui/examples/InformationFlow/MethodContracts/contract.IFMethodContract(contract.IFMethodContract__insecure_assignment_n2()).Non-interference contract.0.m.key 
57274      DEBUG main            d.u.i.k.p.i.AbstractProblemLoader Environment load took 60ns 
57275      INFO  main            d.u.i.k.p.i.AbstractProblemLoader Creating init config 
59705      DEBUG main            d.u.i.k.p.i.AbstractProblemLoader Init config took 2.43s 
59741      INFO  main            d.u.i.k.p.i.AbstractProblemLoader Replaying proof contract.IFMethodContract[contract.IFMethodContract::insecure_assignment_n2()].Non-interference contract.0 
59743      DEBUG main            d.u.i.k.p.i.IntermediateProofReplayer Proof replay took 16.1ns 
59743      DEBUG main            d.u.i.k.m.s.ProofScriptEngine 1: 'macro 'infflow-autopilot'' 
59772      DEBUG main            d.u.i.k.p.m.ProofCorrectnessMgt No justification found for rule Class_invariant_axiom_for_contract_IFMethodContract 
59800      DEBUG main            d.u.i.k.p.m.ProofCorrectnessMgt No justification found for rule Class_invariant_axiom_for_contract_IFMethodContract 
59801      DEBUG main            d.u.i.k.p.m.ProofCorrectnessMgt No justification found for rule Class_invariant_axiom_for_contract_IFMethodContract 
59810      DEBUG main            d.u.i.k.p.m.ProofCorrectnessMgt No justification found for rule Class_invariant_axiom_for_contract_IFMethodContract 
60081      INFO  main            d.u.i.k.p.r.p.TestFile    ... finished proof: open goal(s) 
60250      INFO  main            d.u.i.k.p.r.p.TestFile    Now processing file /home/runner/work/key/key/key.core/../key.ui/examples/InformationFlow/MethodContracts/contract.IFMethodContract(contract.IFMethodContract__secure_assignments_n2()).Non-interference contract.0.m.key 
60251      INFO  main            d.u.i.k.p.i.AbstractProblemLoader Loading environment from /home/runner/work/key/key/key.core/../key.ui/examples/InformationFlow/MethodContracts/contract.IFMethodContract(contract.IFMethodContract__secure_assignments_n2()).Non-interference contract.0.m.key 
60251      DEBUG main            d.u.i.k.p.i.AbstractProblemLoader Environment load took 100.1ns 
60252      INFO  main            d.u.i.k.p.i.AbstractProblemLoader Creating init config 
62694      DEBUG main            d.u.i.k.p.i.AbstractProblemLoader Init config took 2.44s 
62729      INFO  main            d.u.i.k.p.i.AbstractProblemLoader Replaying proof contract.IFMethodContract[contract.IFMethodContract::secure_assignments_n2()].Non-interference contract.0 
62731      DEBUG main            d.u.i.k.p.i.IntermediateProofReplayer Proof replay took 19.3ns 
62731      DEBUG main            d.u.i.k.m.s.ProofScriptEngine 1: 'macro 'infflow-autopilot'' 
62759      DEBUG main            d.u.i.k.p.m.ProofCorrectnessMgt No justification found for rule Class_invariant_axiom_for_contract_IFMethodContract 
62807      DEBUG main            d.u.i.k.p.m.ProofCorrectnessMgt No justification found for rule Class_invariant_axiom_for_contract_IFMethodContract 
62807      DEBUG main            d.u.i.k.p.m.ProofCorrectnessMgt No justification found for rule Class_invariant_axiom_for_contract_IFMethodContract 
62820      DEBUG main            d.u.i.k.p.m.ProofCorrectnessMgt No justification found for rule Class_invariant_axiom_for_contract_IFMethodContract 
63038      INFO  main            d.u.i.k.p.r.p.TestFile    ... finished proof: closed. 
63241      INFO  main            d.u.i.k.p.r.p.TestFile    Now processing file /home/runner/work/key/key/key.core/../key.ui/examples/InformationFlow/MethodContracts/contract.IFMethodContract(contract.IFMethodContract__n2()).Non-interference contract.0.m.key 
63241      INFO  main            d.u.i.k.p.i.AbstractProblemLoader Loading environment from /home/runner/work/key/key/key.core/../key.ui/examples/InformationFlow/MethodContracts/contract.IFMethodContract(contract.IFMethodContract__n2()).Non-interference contract.0.m.key 
63242      DEBUG main            d.u.i.k.p.i.AbstractProblemLoader Environment load took 57ns 
63242      INFO  main            d.u.i.k.p.i.AbstractProblemLoader Creating init config 
65673      DEBUG main            d.u.i.k.p.i.AbstractProblemLoader Init config took 2.43s 
65709      INFO  main            d.u.i.k.p.i.AbstractProblemLoader Replaying proof contract.IFMethodContract[contract.IFMethodContract::n2()].Non-interference contract.0 
65711      DEBUG main            d.u.i.k.p.i.IntermediateProofReplayer Proof replay took 15.8ns 
65712      DEBUG main            d.u.i.k.m.s.ProofScriptEngine 1: 'macro 'infflow-autopilot'' 
65747      DEBUG main            d.u.i.k.p.m.ProofCorrectnessMgt No justification found for rule Class_invariant_axiom_for_contract_IFMethodContract 
65851      INFO  main            d.u.i.k.p.r.p.TestFile    ... finished proof: closed. 
66025      INFO  main            d.u.i.k.p.r.p.TestFile    Now processing file /home/runner/work/key/key/key.core/../key.ui/examples/InformationFlow/MethodContracts/contract.IFMethodContract(contract.IFMethodContract__n1()).Non-interference contract.0.m.key 
66026      INFO  main            d.u.i.k.p.i.AbstractProblemLoader Loading environment from /home/runner/work/key/key/key.core/../key.ui/examples/InformationFlow/MethodContracts/contract.IFMethodContract(contract.IFMethodContract__n1()).Non-interference contract.0.m.key 
66026      DEBUG main            d.u.i.k.p.i.AbstractProblemLoader Environment load took 58.7ns 
66027      INFO  main            d.u.i.k.p.i.AbstractProblemLoader Creating init config 
68430      DEBUG main            d.u.i.k.p.i.AbstractProblemLoader Init config took 2.4s 
68479      INFO  main            d.u.i.k.p.i.AbstractProblemLoader Replaying proof contract.IFMethodContract[contract.IFMethodContract::n1()].Non-interference contract.0 
68481      DEBUG main            d.u.i.k.p.i.IntermediateProofReplayer Proof replay took 16.8ns 
68483      DEBUG main            d.u.i.k.m.s.ProofScriptEngine 1: 'macro 'infflow-autopilot'' 
68518      DEBUG main            d.u.i.k.p.m.ProofCorrectnessMgt No justification found for rule Class_invariant_axiom_for_contract_IFMethodContract 
68599      INFO  main            d.u.i.k.p.r.p.TestFile    ... finished proof: closed. 
68768      INFO  main            d.u.i.k.p.r.p.TestFile    Now processing file /home/runner/work/key/key/key.core/../key.ui/examples/InformationFlow/MethodContracts/contract.IFMethodContract(contract.IFMethodContract__secure_sequential_n1_n2()).Non-interference contract.0.m.key 
68769      INFO  main            d.u.i.k.p.i.AbstractProblemLoader Loading environment from /home/runner/work/key/key/key.core/../key.ui/examples/InformationFlow/MethodContracts/contract.IFMethodContract(contract.IFMethodContract__secure_sequential_n1_n2()).Non-interference contract.0.m.key 
68769      DEBUG main            d.u.i.k.p.i.AbstractProblemLoader Environment load took 69.5ns 
68770      INFO  main            d.u.i.k.p.i.AbstractProblemLoader Creating init config 
71160      DEBUG main            d.u.i.k.p.i.AbstractProblemLoader Init config took 2.39s 
71195      INFO  main            d.u.i.k.p.i.AbstractProblemLoader Replaying proof contract.IFMethodContract[contract.IFMethodContract::secure_sequential_n1_n2()].Non-interference contract.0 
71197      DEBUG main            d.u.i.k.p.i.IntermediateProofReplayer Proof replay took 15.4ns 
71198      DEBUG main            d.u.i.k.m.s.ProofScriptEngine 1: 'macro 'infflow-autopilot'' 
71225      DEBUG main            d.u.i.k.p.m.ProofCorrectnessMgt No justification found for rule Class_invariant_axiom_for_contract_IFMethodContract 
71241      DEBUG main            d.u.i.k.p.m.ProofCorrectnessMgt No justification found for rule Class_invariant_axiom_for_contract_IFMethodContract 
71242      DEBUG main            d.u.i.k.p.m.ProofCorrectnessMgt No justification found for rule Class_invariant_axiom_for_contract_IFMethodContract 
71257      DEBUG main            d.u.i.k.p.m.ProofCorrectnessMgt No justification found for rule Class_invariant_axiom_for_contract_IFMethodContract 
71257      DEBUG main            d.u.i.k.p.m.ProofCorrectnessMgt No justification found for rule Class_invariant_axiom_for_contract_IFMethodContract 
71269      DEBUG main            d.u.i.k.p.m.ProofCorrectnessMgt No justification found for rule Class_invariant_axiom_for_contract_IFMethodContract 
71271      DEBUG main            d.u.i.k.p.m.ProofCorrectnessMgt No justification found for rule Class_invariant_axiom_for_contract_IFMethodContract 
71451      INFO  main            d.u.i.k.p.r.p.TestFile    ... finished proof: closed. 
1880315    INFO  Test worker     d.u.i.k.p.r.RunAllProofsTestUnit Returning from test MethodContracts_fullmacro 
1880316    INFO  Test worker     d.u.i.k.p.r.RunAllProofsTestUnit Running test InformationFlow_fullmacro 
391        INFO  Timeout watchdog d.u.i.k.p.r.p.ForkedTestFileRunner Timeout watcher launched (1000 secs.) 
408        WARN  main            d.u.i.k.s.ProofSettings   The settings in /home/runner/.key/proof-settings.props are *not* read. 
435        INFO  main            d.u.i.k.p.r.p.TestFile    Now processing file /home/runner/work/key/key/key.core/../key.ui/examples/InformationFlow/LoopInvariants/loop.IFLoopExamples(loop.IFLoopExamples__insecure_while_3(int)).Non-interference contract.0.m.key 
568        INFO  main            d.u.i.k.p.i.AbstractProblemLoader Loading environment from /home/runner/work/key/key/key.core/../key.ui/examples/InformationFlow/LoopInvariants/loop.IFLoopExamples(loop.IFLoopExamples__insecure_while_3(int)).Non-interference contract.0.m.key 
590        DEBUG main            d.u.i.k.p.i.AbstractProblemLoader Environment load took 2.63ms 
818        INFO  main            d.u.i.k.p.i.AbstractProblemLoader Creating init config 
1711       DEBUG main            d.u.i.k.j.TypeConverter   No LDT found for Meta 
1713       DEBUG main            d.u.i.k.j.TypeConverter   No LDT found for Meta 
1714       DEBUG main            d.u.i.k.j.TypeConverter   No LDT found for Meta 
1716       DEBUG main            d.u.i.k.j.TypeConverter   No LDT found for Meta 
3224       DEBUG main            d.u.i.k.j.TypeConverter   No LDT found for JavaBigintExpression 
8375       DEBUG main            d.u.i.k.p.i.AbstractProblemLoader Init config took 7.56s 
8507       INFO  main            d.u.i.k.p.i.AbstractProblemLoader Replaying proof loop.IFLoopExamples[loop.IFLoopExamples::insecure_while_3(int)].Non-interference contract.0 
8580       DEBUG main            d.u.i.k.p.i.IntermediateProofReplayer Proof replay took 397.8ns 
8635       DEBUG main            d.u.i.k.m.s.ProofScriptEngine 1: 'macro 'infflow-autopilot'' 
8935       DEBUG main            d.u.i.k.p.m.ProofCorrectnessMgt No justification found for rule Class_invariant_axiom_for_loop_IFLoopExamples 
13816      INFO  main            d.u.i.k.p.r.p.TestFile    ... finished proof: open goal(s) 
13986      INFO  main            d.u.i.k.p.r.p.TestFile    Now processing file /home/runner/work/key/key/key.core/../key.ui/examples/InformationFlow/LoopInvariants/loop.IFLoopExamples(loop.IFLoopExamples__secure_while_2(int)).Non-interference contract.0.m.key 
13987      INFO  main            d.u.i.k.p.i.AbstractProblemLoader Loading environment from /home/runner/work/key/key/key.core/../key.ui/examples/InformationFlow/LoopInvariants/loop.IFLoopExamples(loop.IFLoopExamples__secure_while_2(int)).Non-interference contract.0.m.key 
13989      DEBUG main            d.u.i.k.p.i.AbstractProblemLoader Environment load took 1.6ms 
13993      INFO  main            d.u.i.k.p.i.AbstractProblemLoader Creating init config 
17264      DEBUG main            d.u.i.k.p.i.AbstractProblemLoader Init config took 3.27s 
17315      INFO  main            d.u.i.k.p.i.AbstractProblemLoader Replaying proof loop.IFLoopExamples[loop.IFLoopExamples::secure_while_2(int)].Non-interference contract.0 
17318      DEBUG main            d.u.i.k.p.i.IntermediateProofReplayer Proof replay took 13ns 
17319      DEBUG main            d.u.i.k.m.s.ProofScriptEngine 1: 'macro 'infflow-autopilot'' 
17368      DEBUG main            d.u.i.k.p.m.ProofCorrectnessMgt No justification found for rule Class_invariant_axiom_for_loop_IFLoopExamples 
18570      INFO  main            d.u.i.k.p.r.p.TestFile    ... finished proof: closed. 
18761      INFO  main            d.u.i.k.p.r.p.TestFile    Now processing file /home/runner/work/key/key/key.core/../key.ui/examples/InformationFlow/LoopInvariants/loop.IFLoopExamples(loop.IFLoopExamples__secure_while_4(int)).Non-interference contract.0.m.key 
18761      INFO  main            d.u.i.k.p.i.AbstractProblemLoader Loading environment from /home/runner/work/key/key/key.core/../key.ui/examples/InformationFlow/LoopInvariants/loop.IFLoopExamples(loop.IFLoopExamples__secure_while_4(int)).Non-interference contract.0.m.key 
18761      DEBUG main            d.u.i.k.p.i.AbstractProblemLoader Environment load took 77.3ns 
18763      INFO  main            d.u.i.k.p.i.AbstractProblemLoader Creating init config 
21835      DEBUG main            d.u.i.k.p.i.AbstractProblemLoader Init config took 3.07s 
21884      INFO  main            d.u.i.k.p.i.AbstractProblemLoader Replaying proof loop.IFLoopExamples[loop.IFLoopExamples::secure_while_4(int)].Non-interference contract.0 
21886      DEBUG main            d.u.i.k.p.i.IntermediateProofReplayer Proof replay took 14ns 
21887      DEBUG main            d.u.i.k.m.s.ProofScriptEngine 1: 'macro 'infflow-autopilot'' 
21931      DEBUG main            d.u.i.k.p.m.ProofCorrectnessMgt No justification found for rule Class_invariant_axiom_for_loop_IFLoopExamples 
23055      INFO  main            d.u.i.k.p.r.p.TestFile    ... finished proof: closed. 
23240      INFO  main            d.u.i.k.p.r.p.TestFile    Now processing file /home/runner/work/key/key/key.core/../key.ui/examples/InformationFlow/LoopInvariants/loop.IFLoopExamples(loop.IFLoopExamples__insecure_doubleNestedWhile2(int)).Non-interference contract.0.m.key 
23241      INFO  main            d.u.i.k.p.i.AbstractProblemLoader Loading environment from /home/runner/work/key/key/key.core/../key.ui/examples/InformationFlow/LoopInvariants/loop.IFLoopExamples(loop.IFLoopExamples__insecure_doubleNestedWhile2(int)).Non-interference contract.0.m.key 
23241      DEBUG main            d.u.i.k.p.i.AbstractProblemLoader Environment load took 74.3ns 
23242      INFO  main            d.u.i.k.p.i.AbstractProblemLoader Creating init config 
26302      DEBUG main            d.u.i.k.p.i.AbstractProblemLoader Init config took 3.06s 
26348      INFO  main            d.u.i.k.p.i.AbstractProblemLoader Replaying proof loop.IFLoopExamples[loop.IFLoopExamples::insecure_doubleNestedWhile2(int)].Non-interference contract.0 
26350      DEBUG main            d.u.i.k.p.i.IntermediateProofReplayer Proof replay took 13.7ns 
26351      DEBUG main            d.u.i.k.m.s.ProofScriptEngine 1: 'macro 'infflow-autopilot'' 
26394      DEBUG main            d.u.i.k.p.m.ProofCorrectnessMgt No justification found for rule Class_invariant_axiom_for_loop_IFLoopExamples 
228455     INFO  main            d.u.i.k.p.r.p.TestFile    ... finished proof: open goal(s) 
228704     INFO  main            d.u.i.k.p.r.p.TestFile    Now processing file /home/runner/work/key/key/key.core/../key.ui/examples/InformationFlow/LoopInvariants/loop.IFLoopExamples(loop.IFLoopExamples__insecure_doubleNestedWhile(int)).Non-interference contract.0.m.key 
228705     INFO  main            d.u.i.k.p.i.AbstractProblemLoader Loading environment from /home/runner/work/key/key/key.core/../key.ui/examples/InformationFlow/LoopInvariants/loop.IFLoopExamples(loop.IFLoopExamples__insecure_doubleNestedWhile(int)).Non-interference contract.0.m.key 
228705     DEBUG main            d.u.i.k.p.i.AbstractProblemLoader Environment load took 76.2ns 
228706     INFO  main            d.u.i.k.p.i.AbstractProblemLoader Creating init config 
231523     DEBUG main            d.u.i.k.p.i.AbstractProblemLoader Init config took 2.82s 
231566     INFO  main            d.u.i.k.p.i.AbstractProblemLoader Replaying proof loop.IFLoopExamples[loop.IFLoopExamples::insecure_doubleNestedWhile(int)].Non-interference contract.0 
231569     DEBUG main            d.u.i.k.p.i.IntermediateProofReplayer Proof replay took 14.6ns 
231570     DEBUG main            d.u.i.k.m.s.ProofScriptEngine 1: 'macro 'infflow-autopilot'' 
231629     DEBUG main            d.u.i.k.p.m.ProofCorrectnessMgt No justification found for rule Class_invariant_axiom_for_loop_IFLoopExamples 
236323     INFO  main            d.u.i.k.p.r.p.TestFile    ... finished proof: open goal(s) 
236612     INFO  main            d.u.i.k.p.r.p.TestFile    Now processing file /home/runner/work/key/key/key.core/../key.ui/examples/InformationFlow/LoopInvariants/loop.IFLoopExamples(loop.IFLoopExamples__secure_doubleNestedWhile(int)).Non-interference contract.0.m.key 
236612     INFO  main            d.u.i.k.p.i.AbstractProblemLoader Loading environment from /home/runner/work/key/key/key.core/../key.ui/examples/InformationFlow/LoopInvariants/loop.IFLoopExamples(loop.IFLoopExamples__secure_doubleNestedWhile(int)).Non-interference contract.0.m.key 
236613     DEBUG main            d.u.i.k.p.i.AbstractProblemLoader Environment load took 61.6ns 
236613     INFO  main            d.u.i.k.p.i.AbstractProblemLoader Creating init config 
239408     DEBUG main            d.u.i.k.p.i.AbstractProblemLoader Init config took 2.79s 
239446     INFO  main            d.u.i.k.p.i.AbstractProblemLoader Replaying proof loop.IFLoopExamples[loop.IFLoopExamples::secure_doubleNestedWhile(int)].Non-interference contract.0 
239448     DEBUG main            d.u.i.k.p.i.IntermediateProofReplayer Proof replay took 13.9ns 
239449     DEBUG main            d.u.i.k.m.s.ProofScriptEngine 1: 'macro 'infflow-autopilot'' 
239480     DEBUG main            d.u.i.k.p.m.ProofCorrectnessMgt No justification found for rule Class_invariant_axiom_for_loop_IFLoopExamples 
243579     INFO  main            d.u.i.k.p.r.p.TestFile    ... finished proof: closed. 
243866     INFO  main            d.u.i.k.p.r.p.TestFile    Now processing file /home/runner/work/key/key/key.core/../key.ui/examples/InformationFlow/LoopInvariants/loop.IFLoopExamples(loop.IFLoopExamples__secure_nestedTwoWhile(int)).Non-interference contract.0.m.key 
243867     INFO  main            d.u.i.k.p.i.AbstractProblemLoader Loading environment from /home/runner/work/key/key/key.core/../key.ui/examples/InformationFlow/LoopInvariants/loop.IFLoopExamples(loop.IFLoopExamples__secure_nestedTwoWhile(int)).Non-interference contract.0.m.key 
243867     DEBUG main            d.u.i.k.p.i.AbstractProblemLoader Environment load took 67.6ns 
243868     INFO  main            d.u.i.k.p.i.AbstractProblemLoader Creating init config 
246691     DEBUG main            d.u.i.k.p.i.AbstractProblemLoader Init config took 2.82s 
246733     INFO  main            d.u.i.k.p.i.AbstractProblemLoader Replaying proof loop.IFLoopExamples[loop.IFLoopExamples::secure_nestedTwoWhile(int)].Non-interference contract.0 
246735     DEBUG main            d.u.i.k.p.i.IntermediateProofReplayer Proof replay took 15.9ns 
246736     DEBUG main            d.u.i.k.m.s.ProofScriptEngine 1: 'macro 'infflow-autopilot'' 
246768     DEBUG main            d.u.i.k.p.m.ProofCorrectnessMgt No justification found for rule Class_invariant_axiom_for_loop_IFLoopExamples 
250088     INFO  main            d.u.i.k.p.r.p.TestFile    ... finished proof: closed. 
250325     INFO  main            d.u.i.k.p.r.p.TestFile    Now processing file /home/runner/work/key/key/key.core/../key.ui/examples/InformationFlow/LoopInvariants/loop.IFLoopExamples(loop.IFLoopExamples__secure_nestedWhile(int)).Non-interference contract.0.m.key 
250325     INFO  main            d.u.i.k.p.i.AbstractProblemLoader Loading environment from /home/runner/work/key/key/key.core/../key.ui/examples/InformationFlow/LoopInvariants/loop.IFLoopExamples(loop.IFLoopExamples__secure_nestedWhile(int)).Non-interference contract.0.m.key 
250325     DEBUG main            d.u.i.k.p.i.AbstractProblemLoader Environment load took 62.1ns 
250326     INFO  main            d.u.i.k.p.i.AbstractProblemLoader Creating init config 
253194     DEBUG main            d.u.i.k.p.i.AbstractProblemLoader Init config took 2.87s 
253230     INFO  main            d.u.i.k.p.i.AbstractProblemLoader Replaying proof loop.IFLoopExamples[loop.IFLoopExamples::secure_nestedWhile(int)].Non-interference contract.0 
253232     DEBUG main            d.u.i.k.p.i.IntermediateProofReplayer Proof replay took 15.9ns 
253232     DEBUG main            d.u.i.k.m.s.ProofScriptEngine 1: 'macro 'infflow-autopilot'' 
253262     DEBUG main            d.u.i.k.p.m.ProofCorrectnessMgt No justification found for rule Class_invariant_axiom_for_loop_IFLoopExamples 
255600     INFO  main            d.u.i.k.p.r.p.TestFile    ... finished proof: closed. 
255788     INFO  main            d.u.i.k.p.r.p.TestFile    Now processing file /home/runner/work/key/key/key.core/../key.ui/examples/InformationFlow/LoopInvariants/loop.IFLoopExamples(loop.IFLoopExamples__notSecure_while(int)).Non-interference contract.0.m.key 
255788     INFO  main            d.u.i.k.p.i.AbstractProblemLoader Loading environment from /home/runner/work/key/key/key.core/../key.ui/examples/InformationFlow/LoopInvariants/loop.IFLoopExamples(loop.IFLoopExamples__notSecure_while(int)).Non-interference contract.0.m.key 
255788     DEBUG main            d.u.i.k.p.i.AbstractProblemLoader Environment load took 60ns 
255789     INFO  main            d.u.i.k.p.i.AbstractProblemLoader Creating init config 
258592     DEBUG main            d.u.i.k.p.i.AbstractProblemLoader Init config took 2.8s 
258627     INFO  main            d.u.i.k.p.i.AbstractProblemLoader Replaying proof loop.IFLoopExamples[loop.IFLoopExamples::notSecure_while(int)].Non-interference contract.0 
258629     DEBUG main            d.u.i.k.p.i.IntermediateProofReplayer Proof replay took 14.6ns 
258629     DEBUG main            d.u.i.k.m.s.ProofScriptEngine 1: 'macro 'infflow-autopilot'' 
258658     DEBUG main            d.u.i.k.p.m.ProofCorrectnessMgt No justification found for rule Class_invariant_axiom_for_loop_IFLoopExamples 
261127     INFO  main            d.u.i.k.p.r.p.TestFile    ... finished proof: open goal(s) 
261325     INFO  main            d.u.i.k.p.r.p.TestFile    Now processing file /home/runner/work/key/key/key.core/../key.ui/examples/InformationFlow/LoopInvariants/loop.IFLoopExamples(loop.IFLoopExamples__notSecure_while_wrongInv(int)).Non-interference contract.0.m.key 
261325     INFO  main            d.u.i.k.p.i.AbstractProblemLoader Loading environment from /home/runner/work/key/key/key.core/../key.ui/examples/InformationFlow/LoopInvariants/loop.IFLoopExamples(loop.IFLoopExamples__notSecure_while_wrongInv(int)).Non-interference contract.0.m.key 
261325     DEBUG main            d.u.i.k.p.i.AbstractProblemLoader Environment load took 69.8ns 
261326     INFO  main            d.u.i.k.p.i.AbstractProblemLoader Creating init config 
264120     DEBUG main            d.u.i.k.p.i.AbstractProblemLoader Init config took 2.79s 
264154     INFO  main            d.u.i.k.p.i.AbstractProblemLoader Replaying proof loop.IFLoopExamples[loop.IFLoopExamples::notSecure_while_wrongInv(int)].Non-interference contract.0 
264156     DEBUG main            d.u.i.k.p.i.IntermediateProofReplayer Proof replay took 15.8ns 
264156     DEBUG main            d.u.i.k.m.s.ProofScriptEngine 1: 'macro 'infflow-autopilot'' 
264185     DEBUG main            d.u.i.k.p.m.ProofCorrectnessMgt No justification found for rule Class_invariant_axiom_for_loop_IFLoopExamples 
265814     INFO  main            d.u.i.k.p.r.p.TestFile    ... finished proof: open goal(s) 
266034     INFO  main            d.u.i.k.p.r.p.TestFile    Now processing file /home/runner/work/key/key/key.core/../key.ui/examples/InformationFlow/LoopInvariants/loop.IFLoopExamples(loop.IFLoopExamples__insecure_twoWhile(int)).Non-interference contract.0.m.key 
266034     INFO  main            d.u.i.k.p.i.AbstractProblemLoader Loading environment from /home/runner/work/key/key/key.core/../key.ui/examples/InformationFlow/LoopInvariants/loop.IFLoopExamples(loop.IFLoopExamples__insecure_twoWhile(int)).Non-interference contract.0.m.key 
266034     DEBUG main            d.u.i.k.p.i.AbstractProblemLoader Environment load took 102.5ns 
266035     INFO  main            d.u.i.k.p.i.AbstractProblemLoader Creating init config 
268835     DEBUG main            d.u.i.k.p.i.AbstractProblemLoader Init config took 2.8s 
268869     INFO  main            d.u.i.k.p.i.AbstractProblemLoader Replaying proof loop.IFLoopExamples[loop.IFLoopExamples::insecure_twoWhile(int)].Non-interference contract.0 
268870     DEBUG main            d.u.i.k.p.i.IntermediateProofReplayer Proof replay took 13.6ns 
268871     DEBUG main            d.u.i.k.m.s.ProofScriptEngine 1: 'macro 'infflow-autopilot'' 
268899     DEBUG main            d.u.i.k.p.m.ProofCorrectnessMgt No justification found for rule Class_invariant_axiom_for_loop_IFLoopExamples 
270518     INFO  main            d.u.i.k.p.r.p.TestFile    ... finished proof: open goal(s) 
270742     INFO  main            d.u.i.k.p.r.p.TestFile    Now processing file /home/runner/work/key/key/key.core/../key.ui/examples/InformationFlow/LoopInvariants/loop.IFLoopExamples(loop.IFLoopExamples__insecure_twoWhile_2(int)).Non-interference contract.0.m.key 
270742     INFO  main            d.u.i.k.p.i.AbstractProblemLoader Loading environment from /home/runner/work/key/key/key.core/../key.ui/examples/InformationFlow/LoopInvariants/loop.IFLoopExamples(loop.IFLoopExamples__insecure_twoWhile_2(int)).Non-interference contract.0.m.key 
270742     DEBUG main            d.u.i.k.p.i.AbstractProblemLoader Environment load took 62.1ns 
270743     INFO  main            d.u.i.k.p.i.AbstractProblemLoader Creating init config 
273495     DEBUG main            d.u.i.k.p.i.AbstractProblemLoader Init config took 2.75s 
273533     INFO  main            d.u.i.k.p.i.AbstractProblemLoader Replaying proof loop.IFLoopExamples[loop.IFLoopExamples::insecure_twoWhile_2(int)].Non-interference contract.0 
273539     DEBUG main            d.u.i.k.p.i.IntermediateProofReplayer Proof replay took 15.4ns 
273541     DEBUG main            d.u.i.k.m.s.ProofScriptEngine 1: 'macro 'infflow-autopilot'' 
273574     DEBUG main            d.u.i.k.p.m.ProofCorrectnessMgt No justification found for rule Class_invariant_axiom_for_loop_IFLoopExamples 
275815     INFO  main            d.u.i.k.p.r.p.TestFile    ... finished proof: open goal(s) 
276043     INFO  main            d.u.i.k.p.r.p.TestFile    Now processing file /home/runner/work/key/key/key.core/../key.ui/examples/InformationFlow/LoopInvariants/loop.IFLoopExamples(loop.IFLoopExamples__secure_twoWhile(int)).Non-interference contract.0.m.key 
276044     INFO  main            d.u.i.k.p.i.AbstractProblemLoader Loading environment from /home/runner/work/key/key/key.core/../key.ui/examples/InformationFlow/LoopInvariants/loop.IFLoopExamples(loop.IFLoopExamples__secure_twoWhile(int)).Non-interference contract.0.m.key 
276044     DEBUG main            d.u.i.k.p.i.AbstractProblemLoader Environment load took 102ns 
276045     INFO  main            d.u.i.k.p.i.AbstractProblemLoader Creating init config 
278850     DEBUG main            d.u.i.k.p.i.AbstractProblemLoader Init config took 2.8s 
278888     INFO  main            d.u.i.k.p.i.AbstractProblemLoader Replaying proof loop.IFLoopExamples[loop.IFLoopExamples::secure_twoWhile(int)].Non-interference contract.0 
278890     DEBUG main            d.u.i.k.p.i.IntermediateProofReplayer Proof replay took 15ns 
278891     DEBUG main            d.u.i.k.m.s.ProofScriptEngine 1: 'macro 'infflow-autopilot'' 
278922     DEBUG main            d.u.i.k.p.m.ProofCorrectnessMgt No justification found for rule Class_invariant_axiom_for_loop_IFLoopExamples 
280323     INFO  main            d.u.i.k.p.r.p.TestFile    ... finished proof: closed. 
280555     INFO  main            d.u.i.k.p.r.p.TestFile    Now processing file /home/runner/work/key/key/key.core/../key.ui/examples/InformationFlow/LoopInvariants/loop.IFLoopExamples(loop.IFLoopExamples__loc_secure_while(int)).Non-interference contract.0.m.key 
280556     INFO  main            d.u.i.k.p.i.AbstractProblemLoader Loading environment from /home/runner/work/key/key/key.core/../key.ui/examples/InformationFlow/LoopInvariants/loop.IFLoopExamples(loop.IFLoopExamples__loc_secure_while(int)).Non-interference contract.0.m.key 
280556     DEBUG main            d.u.i.k.p.i.AbstractProblemLoader Environment load took 68.1ns 
280556     INFO  main            d.u.i.k.p.i.AbstractProblemLoader Creating init config 
283288     DEBUG main            d.u.i.k.p.i.AbstractProblemLoader Init config took 2.73s 
283321     INFO  main            d.u.i.k.p.i.AbstractProblemLoader Replaying proof loop.IFLoopExamples[loop.IFLoopExamples::loc_secure_while(int)].Non-interference contract.0 
283323     DEBUG main            d.u.i.k.p.i.IntermediateProofReplayer Proof replay took 15.1ns 
283323     DEBUG main            d.u.i.k.m.s.ProofScriptEngine 1: 'macro 'infflow-autopilot'' 
283383     DEBUG main            d.u.i.k.p.m.ProofCorrectnessMgt No justification found for rule Class_invariant_axiom_for_loop_IFLoopExamples 
284267     INFO  main            d.u.i.k.p.r.p.TestFile    ... finished proof: closed. 
284485     INFO  main            d.u.i.k.p.r.p.TestFile    Now processing file /home/runner/work/key/key/key.core/../key.ui/examples/InformationFlow/LoopInvariants/loop.IFLoopExamples(loop.IFLoopExamples__secure_while(int)).Non-interference contract.0.m.key 
284485     INFO  main            d.u.i.k.p.i.AbstractProblemLoader Loading environment from /home/runner/work/key/key/key.core/../key.ui/examples/InformationFlow/LoopInvariants/loop.IFLoopExamples(loop.IFLoopExamples__secure_while(int)).Non-interference contract.0.m.key 
284485     DEBUG main            d.u.i.k.p.i.AbstractProblemLoader Environment load took 63.7ns 
284486     INFO  main            d.u.i.k.p.i.AbstractProblemLoader Creating init config 
287250     DEBUG main            d.u.i.k.p.i.AbstractProblemLoader Init config took 2.76s 
287293     INFO  main            d.u.i.k.p.i.AbstractProblemLoader Replaying proof loop.IFLoopExamples[loop.IFLoopExamples::secure_while(int)].Non-interference contract.0 
287296     DEBUG main            d.u.i.k.p.i.IntermediateProofReplayer Proof replay took 17.8ns 
287297     DEBUG main            d.u.i.k.m.s.ProofScriptEngine 1: 'macro 'infflow-autopilot'' 
287328     DEBUG main            d.u.i.k.p.m.ProofCorrectnessMgt No justification found for rule Class_invariant_axiom_for_loop_IFLoopExamples 
288030     INFO  main            d.u.i.k.p.r.p.TestFile    ... finished proof: closed. 
288209     INFO  main            d.u.i.k.p.r.p.TestFile    Now processing file /home/runner/work/key/key/key.core/../key.ui/examples/InformationFlow/LoopInvariants/loop.IFLoopExamples(loop.IFLoopExamples__print(int)).Non-interference contract.0.m.key 
288209     INFO  main            d.u.i.k.p.i.AbstractProblemLoader Loading environment from /home/runner/work/key/key/key.core/../key.ui/examples/InformationFlow/LoopInvariants/loop.IFLoopExamples(loop.IFLoopExamples__print(int)).Non-interference contract.0.m.key 
288209     DEBUG main            d.u.i.k.p.i.AbstractProblemLoader Environment load took 70.3ns 
288210     INFO  main            d.u.i.k.p.i.AbstractProblemLoader Creating init config 
290966     DEBUG main            d.u.i.k.p.i.AbstractProblemLoader Init config took 2.76s 
290999     INFO  main            d.u.i.k.p.i.AbstractProblemLoader Replaying proof loop.IFLoopExamples[loop.IFLoopExamples::print(int)].Non-interference contract.0 
291001     DEBUG main            d.u.i.k.p.i.IntermediateProofReplayer Proof replay took 15.5ns 
291001     DEBUG main            d.u.i.k.m.s.ProofScriptEngine 1: 'macro 'infflow-autopilot'' 
291090     INFO  main            d.u.i.k.p.r.p.TestFile    ... finished proof: closed. 
291253     INFO  main            d.u.i.k.p.r.p.TestFile    Now processing file /home/runner/work/key/key/key.core/../key.ui/examples/InformationFlow/LoopInvariants/loop.IFLoopExamples(loop.IFLoopExamples__hammer(int)).Non-interference contract.0.m.key 
291253     INFO  main            d.u.i.k.p.i.AbstractProblemLoader Loading environment from /home/runner/work/key/key/key.core/../key.ui/examples/InformationFlow/LoopInvariants/loop.IFLoopExamples(loop.IFLoopExamples__hammer(int)).Non-interference contract.0.m.key 
291253     DEBUG main            d.u.i.k.p.i.AbstractProblemLoader Environment load took 57.4ns 
291254     INFO  main            d.u.i.k.p.i.AbstractProblemLoader Creating init config 
294048     DEBUG main            d.u.i.k.p.i.AbstractProblemLoader Init config took 2.79s 
294081     INFO  main            d.u.i.k.p.i.AbstractProblemLoader Replaying proof loop.IFLoopExamples[loop.IFLoopExamples::hammer(int)].Non-interference contract.0 
294083     DEBUG main            d.u.i.k.p.i.IntermediateProofReplayer Proof replay took 15.6ns 
294084     DEBUG main            d.u.i.k.m.s.ProofScriptEngine 1: 'macro 'infflow-autopilot'' 
294110     DEBUG main            d.u.i.k.p.m.ProofCorrectnessMgt No justification found for rule Class_invariant_axiom_for_loop_IFLoopExamples 
295327     INFO  main            d.u.i.k.p.r.p.TestFile    ... finished proof: closed. 
2176020    INFO  Test worker     d.u.i.k.p.r.RunAllProofsTestUnit Returning from test InformationFlow_fullmacro 
2176020    INFO  Test worker     d.u.i.k.p.r.RunAllProofsTestUnit Running test MiniExamples_fullmacro 
367        INFO  Timeout watchdog d.u.i.k.p.r.p.ForkedTestFileRunner Timeout watcher launched (1000 secs.) 
391        WARN  main            d.u.i.k.s.ProofSettings   The settings in /home/runner/.key/proof-settings.props are *not* read. 
431        INFO  main            d.u.i.k.p.r.p.TestFile    Now processing file /home/runner/work/key/key/key.core/../key.ui/examples/InformationFlow/MiniExamples/mini.AliasingExamples(mini.AliasingExamples__insecure_1(mini.AliasingExamples,mini.AliasingExamples,int)).Non-interference contract.0.m.key 
543        INFO  main            d.u.i.k.p.i.AbstractProblemLoader Loading environment from /home/runner/work/key/key/key.core/../key.ui/examples/InformationFlow/MiniExamples/mini.AliasingExamples(mini.AliasingExamples__insecure_1(mini.AliasingExamples,mini.AliasingExamples,int)).Non-interference contract.0.m.key 
562        DEBUG main            d.u.i.k.p.i.AbstractProblemLoader Environment load took 2.31ms 
773        INFO  main            d.u.i.k.p.i.AbstractProblemLoader Creating init config 
1599       DEBUG main            d.u.i.k.j.TypeConverter   No LDT found for Meta 
1605       DEBUG main            d.u.i.k.j.TypeConverter   No LDT found for Meta 
1606       DEBUG main            d.u.i.k.j.TypeConverter   No LDT found for Meta 
1608       DEBUG main            d.u.i.k.j.TypeConverter   No LDT found for Meta 
2870       DEBUG main            d.u.i.k.j.TypeConverter   No LDT found for JavaBigintExpression 
7796       DEBUG main            d.u.i.k.p.i.AbstractProblemLoader Init config took 7.02s 
7989       INFO  main            d.u.i.k.p.i.AbstractProblemLoader Replaying proof mini.AliasingExamples[mini.AliasingExamples::insecure_1(mini.AliasingExamples,mini.AliasingExamples,int)].Non-interference contract.0 
8062       DEBUG main            d.u.i.k.p.i.IntermediateProofReplayer Proof replay took 399.6ns 
8125       DEBUG main            d.u.i.k.m.s.ProofScriptEngine 1: 'macro 'infflow-autopilot'' 
8566       DEBUG main            d.u.i.k.p.m.ProofCorrectnessMgt No justification found for rule Class_invariant_axiom_for_mini_AliasingExamples 
9205       INFO  main            d.u.i.k.p.r.p.TestFile    ... finished proof: open goal(s) 
9317       INFO  main            d.u.i.k.p.r.p.TestFile    Now processing file /home/runner/work/key/key/key.core/../key.ui/examples/InformationFlow/MiniExamples/mini.AliasingExamples(mini.AliasingExamples__secure_1(mini.AliasingExamples,mini.AliasingExamples,int)).Non-interference contract.0.m.key 
9318       INFO  main            d.u.i.k.p.i.AbstractProblemLoader Loading environment from /home/runner/work/key/key/key.core/../key.ui/examples/InformationFlow/MiniExamples/mini.AliasingExamples(mini.AliasingExamples__secure_1(mini.AliasingExamples,mini.AliasingExamples,int)).Non-interference contract.0.m.key 
9318       DEBUG main            d.u.i.k.p.i.AbstractProblemLoader Environment load took 259.7ns 
9319       INFO  main            d.u.i.k.p.i.AbstractProblemLoader Creating init config 
12167      DEBUG main            d.u.i.k.p.i.AbstractProblemLoader Init config took 2.85s 
12231      INFO  main            d.u.i.k.p.i.AbstractProblemLoader Replaying proof mini.AliasingExamples[mini.AliasingExamples::secure_1(mini.AliasingExamples,mini.AliasingExamples,int)].Non-interference contract.0 
12235      DEBUG main            d.u.i.k.p.i.IntermediateProofReplayer Proof replay took 13.4ns 
12236      DEBUG main            d.u.i.k.m.s.ProofScriptEngine 1: 'macro 'infflow-autopilot'' 
12317      DEBUG main            d.u.i.k.p.m.ProofCorrectnessMgt No justification found for rule Class_invariant_axiom_for_mini_AliasingExamples 
12599      INFO  main            d.u.i.k.p.r.p.TestFile    ... finished proof: closed. 
12739      INFO  main            d.u.i.k.p.r.p.TestFile    Now processing file /home/runner/work/key/key/key.core/../key.ui/examples/InformationFlow/MiniExamples/mini.MiniExamplesLecture(mini.MiniExamplesLecture__m_6()).Non-interference contract.0.m.key 
12739      INFO  main            d.u.i.k.p.i.AbstractProblemLoader Loading environment from /home/runner/work/key/key/key.core/../key.ui/examples/InformationFlow/MiniExamples/mini.MiniExamplesLecture(mini.MiniExamplesLecture__m_6()).Non-interference contract.0.m.key 
12739      DEBUG main            d.u.i.k.p.i.AbstractProblemLoader Environment load took 75.4ns 
12742      INFO  main            d.u.i.k.p.i.AbstractProblemLoader Creating init config 
15490      DEBUG main            d.u.i.k.p.i.AbstractProblemLoader Init config took 2.75s 
15544      INFO  main            d.u.i.k.p.i.AbstractProblemLoader Replaying proof mini.MiniExamplesLecture[mini.MiniExamplesLecture::m_6()].Non-interference contract.0 
15547      DEBUG main            d.u.i.k.p.i.IntermediateProofReplayer Proof replay took 12.1ns 
15548      DEBUG main            d.u.i.k.m.s.ProofScriptEngine 1: 'macro 'infflow-autopilot'' 
15620      DEBUG main            d.u.i.k.p.m.ProofCorrectnessMgt No justification found for rule Class_invariant_axiom_for_mini_MiniExamplesLecture 
15701      INFO  main            d.u.i.k.p.r.p.TestFile    ... finished proof: closed. 
15822      INFO  main            d.u.i.k.p.r.p.TestFile    Now processing file /home/runner/work/key/key/key.core/../key.ui/examples/InformationFlow/MiniExamples/mini.MiniExamplesLecture(mini.MiniExamplesLecture__m_5()).Non-interference contract.0.m.key 
15823      INFO  main            d.u.i.k.p.i.AbstractProblemLoader Loading environment from /home/runner/work/key/key/key.core/../key.ui/examples/InformationFlow/MiniExamples/mini.MiniExamplesLecture(mini.MiniExamplesLecture__m_5()).Non-interference contract.0.m.key 
15823      DEBUG main            d.u.i.k.p.i.AbstractProblemLoader Environment load took 65.9ns 
15824      INFO  main            d.u.i.k.p.i.AbstractProblemLoader Creating init config 
18500      DEBUG main            d.u.i.k.p.i.AbstractProblemLoader Init config took 2.68s 
18550      INFO  main            d.u.i.k.p.i.AbstractProblemLoader Replaying proof mini.MiniExamplesLecture[mini.MiniExamplesLecture::m_5()].Non-interference contract.0 
18553      DEBUG main            d.u.i.k.p.i.IntermediateProofReplayer Proof replay took 12.5ns 
18554      DEBUG main            d.u.i.k.m.s.ProofScriptEngine 1: 'macro 'infflow-autopilot'' 
18596      DEBUG main            d.u.i.k.p.m.ProofCorrectnessMgt No justification found for rule Class_invariant_axiom_for_mini_MiniExamplesLecture 
18744      INFO  main            d.u.i.k.p.r.p.TestFile    ... finished proof: closed. 
18875      INFO  main            d.u.i.k.p.r.p.TestFile    Now processing file /home/runner/work/key/key/key.core/../key.ui/examples/InformationFlow/MiniExamples/mini.MiniExamplesLecture(mini.MiniExamplesLecture__m_4()).Non-interference contract.0.m.key 
18876      INFO  main            d.u.i.k.p.i.AbstractProblemLoader Loading environment from /home/runner/work/key/key/key.core/../key.ui/examples/InformationFlow/MiniExamples/mini.MiniExamplesLecture(mini.MiniExamplesLecture__m_4()).Non-interference contract.0.m.key 
18876      DEBUG main            d.u.i.k.p.i.AbstractProblemLoader Environment load took 106.9ns 
18877      INFO  main            d.u.i.k.p.i.AbstractProblemLoader Creating init config 
21534      DEBUG main            d.u.i.k.p.i.AbstractProblemLoader Init config took 2.66s 
21585      INFO  main            d.u.i.k.p.i.AbstractProblemLoader Replaying proof mini.MiniExamplesLecture[mini.MiniExamplesLecture::m_4()].Non-interference contract.0 
21588      DEBUG main            d.u.i.k.p.i.IntermediateProofReplayer Proof replay took 14.6ns 
21589      DEBUG main            d.u.i.k.m.s.ProofScriptEngine 1: 'macro 'infflow-autopilot'' 
21631      DEBUG main            d.u.i.k.p.m.ProofCorrectnessMgt No justification found for rule Class_invariant_axiom_for_mini_MiniExamplesLecture 
21747      INFO  main            d.u.i.k.p.r.p.TestFile    ... finished proof: closed. 
21881      INFO  main            d.u.i.k.p.r.p.TestFile    Now processing file /home/runner/work/key/key/key.core/../key.ui/examples/InformationFlow/MiniExamples/mini.MiniExamplesLecture(mini.MiniExamplesLecture__m_3()).Non-interference contract.0.m.key 
21882      INFO  main            d.u.i.k.p.i.AbstractProblemLoader Loading environment from /home/runner/work/key/key/key.core/../key.ui/examples/InformationFlow/MiniExamples/mini.MiniExamplesLecture(mini.MiniExamplesLecture__m_3()).Non-interference contract.0.m.key 
21882      DEBUG main            d.u.i.k.p.i.AbstractProblemLoader Environment load took 111.6ns 
21883      INFO  main            d.u.i.k.p.i.AbstractProblemLoader Creating init config 
24488      DEBUG main            d.u.i.k.p.i.AbstractProblemLoader Init config took 2.6s 
24531      INFO  main            d.u.i.k.p.i.AbstractProblemLoader Replaying proof mini.MiniExamplesLecture[mini.MiniExamplesLecture::m_3()].Non-interference contract.0 
24533      DEBUG main            d.u.i.k.p.i.IntermediateProofReplayer Proof replay took 12.2ns 
24534      DEBUG main            d.u.i.k.m.s.ProofScriptEngine 1: 'macro 'infflow-autopilot'' 
24592      DEBUG main            d.u.i.k.p.m.ProofCorrectnessMgt No justification found for rule Class_invariant_axiom_for_mini_MiniExamplesLecture 
24863      INFO  main            d.u.i.k.p.r.p.TestFile    ... finished proof: open goal(s) 
25015      INFO  main            d.u.i.k.p.r.p.TestFile    Now processing file /home/runner/work/key/key/key.core/../key.ui/examples/InformationFlow/MiniExamples/mini.MiniExamplesLecture(mini.MiniExamplesLecture__m_2()).Non-interference contract.0.m.key 
25016      INFO  main            d.u.i.k.p.i.AbstractProblemLoader Loading environment from /home/runner/work/key/key/key.core/../key.ui/examples/InformationFlow/MiniExamples/mini.MiniExamplesLecture(mini.MiniExamplesLecture__m_2()).Non-interference contract.0.m.key 
25016      DEBUG main            d.u.i.k.p.i.AbstractProblemLoader Environment load took 61.5ns 
25017      INFO  main            d.u.i.k.p.i.AbstractProblemLoader Creating init config 
27681      DEBUG main            d.u.i.k.p.i.AbstractProblemLoader Init config took 2.66s 
27725      INFO  main            d.u.i.k.p.i.AbstractProblemLoader Replaying proof mini.MiniExamplesLecture[mini.MiniExamplesLecture::m_2()].Non-interference contract.0 
27727      DEBUG main            d.u.i.k.p.i.IntermediateProofReplayer Proof replay took 12.8ns 
27728      DEBUG main            d.u.i.k.m.s.ProofScriptEngine 1: 'macro 'infflow-autopilot'' 
27764      DEBUG main            d.u.i.k.p.m.ProofCorrectnessMgt No justification found for rule Class_invariant_axiom_for_mini_MiniExamplesLecture 
27951      INFO  main            d.u.i.k.p.r.p.TestFile    ... finished proof: closed. 
28099      INFO  main            d.u.i.k.p.r.p.TestFile    Now processing file /home/runner/work/key/key/key.core/../key.ui/examples/InformationFlow/MiniExamples/mini.MiniExamplesLecture(mini.MiniExamplesLecture__m_1()).Non-interference contract.0.m.key 
28100      INFO  main            d.u.i.k.p.i.AbstractProblemLoader Loading environment from /home/runner/work/key/key/key.core/../key.ui/examples/InformationFlow/MiniExamples/mini.MiniExamplesLecture(mini.MiniExamplesLecture__m_1()).Non-interference contract.0.m.key 
28100      DEBUG main            d.u.i.k.p.i.AbstractProblemLoader Environment load took 60.1ns 
28101      INFO  main            d.u.i.k.p.i.AbstractProblemLoader Creating init config 
30710      DEBUG main            d.u.i.k.p.i.AbstractProblemLoader Init config took 2.61s 
30751      INFO  main            d.u.i.k.p.i.AbstractProblemLoader Replaying proof mini.MiniExamplesLecture[mini.MiniExamplesLecture::m_1()].Non-interference contract.0 
30754      DEBUG main            d.u.i.k.p.i.IntermediateProofReplayer Proof replay took 12.3ns 
30754      DEBUG main            d.u.i.k.m.s.ProofScriptEngine 1: 'macro 'infflow-autopilot'' 
30812      DEBUG main            d.u.i.k.p.m.ProofCorrectnessMgt No justification found for rule Class_invariant_axiom_for_mini_MiniExamplesLecture 
30918      INFO  main            d.u.i.k.p.r.p.TestFile    ... finished proof: open goal(s) 
31079      INFO  main            d.u.i.k.p.r.p.TestFile    Now processing file /home/runner/work/key/key/key.core/../key.ui/examples/InformationFlow/MiniExamples/mini.DifferenceSeqLocset(mini.DifferenceSeqLocset__m()).Non-interference contract.1.m.key 
31079      INFO  main            d.u.i.k.p.i.AbstractProblemLoader Loading environment from /home/runner/work/key/key/key.core/../key.ui/examples/InformationFlow/MiniExamples/mini.DifferenceSeqLocset(mini.DifferenceSeqLocset__m()).Non-interference contract.1.m.key 
31079      DEBUG main            d.u.i.k.p.i.AbstractProblemLoader Environment load took 59.2ns 
31080      INFO  main            d.u.i.k.p.i.AbstractProblemLoader Creating init config 
33671      DEBUG main            d.u.i.k.p.i.AbstractProblemLoader Init config took 2.59s 
33716      INFO  main            d.u.i.k.p.i.AbstractProblemLoader Replaying proof mini.DifferenceSeqLocset[mini.DifferenceSeqLocset::m()].Non-interference contract.1 
33718      DEBUG main            d.u.i.k.p.i.IntermediateProofReplayer Proof replay took 13.9ns 
33719      DEBUG main            d.u.i.k.m.s.ProofScriptEngine 1: 'macro 'infflow-autopilot'' 
33752      DEBUG main            d.u.i.k.p.m.ProofCorrectnessMgt No justification found for rule Class_invariant_axiom_for_mini_DifferenceSeqLocset 
34286      INFO  main            d.u.i.k.p.r.p.TestFile    ... finished proof: open goal(s) 
34437      INFO  main            d.u.i.k.p.r.p.TestFile    Now processing file /home/runner/work/key/key/key.core/../key.ui/examples/InformationFlow/MiniExamples/mini.DifferenceSeqLocset(mini.DifferenceSeqLocset__m()).Non-interference contract.0.m.key 
34438      INFO  main            d.u.i.k.p.i.AbstractProblemLoader Loading environment from /home/runner/work/key/key/key.core/../key.ui/examples/InformationFlow/MiniExamples/mini.DifferenceSeqLocset(mini.DifferenceSeqLocset__m()).Non-interference contract.0.m.key 
34438      DEBUG main            d.u.i.k.p.i.AbstractProblemLoader Environment load took 62.1ns 
34439      INFO  main            d.u.i.k.p.i.AbstractProblemLoader Creating init config 
37038      DEBUG main            d.u.i.k.p.i.AbstractProblemLoader Init config took 2.6s 
37103      INFO  main            d.u.i.k.p.i.AbstractProblemLoader Replaying proof mini.DifferenceSeqLocset[mini.DifferenceSeqLocset::m()].Non-interference contract.0 
37105      DEBUG main            d.u.i.k.p.i.IntermediateProofReplayer Proof replay took 13.8ns 
37106      DEBUG main            d.u.i.k.m.s.ProofScriptEngine 1: 'macro 'infflow-autopilot'' 
37139      DEBUG main            d.u.i.k.p.m.ProofCorrectnessMgt No justification found for rule Class_invariant_axiom_for_mini_DifferenceSeqLocset 
38777      INFO  main            d.u.i.k.p.r.p.TestFile    ... finished proof: open goal(s) 
38941      INFO  main            d.u.i.k.p.r.p.TestFile    Now processing file /home/runner/work/key/key/key.core/../key.ui/examples/InformationFlow/MiniExamples/mini.MiniExamples(mini.MiniExamples__secure_p2_8()).Non-interference contract.0.m.key 
38941      INFO  main            d.u.i.k.p.i.AbstractProblemLoader Loading environment from /home/runner/work/key/key/key.core/../key.ui/examples/InformationFlow/MiniExamples/mini.MiniExamples(mini.MiniExamples__secure_p2_8()).Non-interference contract.0.m.key 
38941      DEBUG main            d.u.i.k.p.i.AbstractProblemLoader Environment load took 62ns 
38942      INFO  main            d.u.i.k.p.i.AbstractProblemLoader Creating init config 
41536      DEBUG main            d.u.i.k.p.i.AbstractProblemLoader Init config took 2.59s 
41576      INFO  main            d.u.i.k.p.i.AbstractProblemLoader Replaying proof mini.MiniExamples[mini.MiniExamples::secure_p2_8()].Non-interference contract.0 
41578      DEBUG main            d.u.i.k.p.i.IntermediateProofReplayer Proof replay took 17.2ns 
41579      DEBUG main            d.u.i.k.m.s.ProofScriptEngine 1: 'macro 'infflow-autopilot'' 
41611      DEBUG main            d.u.i.k.p.m.ProofCorrectnessMgt No justification found for rule Class_invariant_axiom_for_mini_MiniExamples 
41855      INFO  main            d.u.i.k.p.r.p.TestFile    ... finished proof: closed. 
42037      INFO  main            d.u.i.k.p.r.p.TestFile    Now processing file /home/runner/work/key/key/key.core/../key.ui/examples/InformationFlow/MiniExamples/mini.MiniExamples(mini.MiniExamples__secure_parameter(int)).Non-interference contract.0.m.key 
42037      INFO  main            d.u.i.k.p.i.AbstractProblemLoader Loading environment from /home/runner/work/key/key/key.core/../key.ui/examples/InformationFlow/MiniExamples/mini.MiniExamples(mini.MiniExamples__secure_parameter(int)).Non-interference contract.0.m.key 
42037      DEBUG main            d.u.i.k.p.i.AbstractProblemLoader Environment load took 78.3ns 
42038      INFO  main            d.u.i.k.p.i.AbstractProblemLoader Creating init config 
44590      DEBUG main            d.u.i.k.p.i.AbstractProblemLoader Init config took 2.55s 
44629      INFO  main            d.u.i.k.p.i.AbstractProblemLoader Replaying proof mini.MiniExamples[mini.MiniExamples::secure_parameter(int)].Non-interference contract.0 
44631      DEBUG main            d.u.i.k.p.i.IntermediateProofReplayer Proof replay took 16.2ns 
44631      DEBUG main            d.u.i.k.m.s.ProofScriptEngine 1: 'macro 'infflow-autopilot'' 
44665      DEBUG main            d.u.i.k.p.m.ProofCorrectnessMgt No justification found for rule Class_invariant_axiom_for_mini_MiniExamples 
44759      INFO  main            d.u.i.k.p.r.p.TestFile    ... finished proof: closed. 
44913      INFO  main            d.u.i.k.p.r.p.TestFile    Now processing file /home/runner/work/key/key/key.core/../key.ui/examples/InformationFlow/MiniExamples/mini.MiniExamples(mini.MiniExamples__secure_p2_7()).Non-interference contract.0.m.key 
44914      INFO  main            d.u.i.k.p.i.AbstractProblemLoader Loading environment from /home/runner/work/key/key/key.core/../key.ui/examples/InformationFlow/MiniExamples/mini.MiniExamples(mini.MiniExamples__secure_p2_7()).Non-interference contract.0.m.key 
44914      DEBUG main            d.u.i.k.p.i.AbstractProblemLoader Environment load took 108.3ns 
44915      INFO  main            d.u.i.k.p.i.AbstractProblemLoader Creating init config 
47462      DEBUG main            d.u.i.k.p.i.AbstractProblemLoader Init config took 2.55s 
47499      INFO  main            d.u.i.k.p.i.AbstractProblemLoader Replaying proof mini.MiniExamples[mini.MiniExamples::secure_p2_7()].Non-interference contract.0 
47501      DEBUG main            d.u.i.k.p.i.IntermediateProofReplayer Proof replay took 14ns 
47502      DEBUG main            d.u.i.k.m.s.ProofScriptEngine 1: 'macro 'infflow-autopilot'' 
47530      DEBUG main            d.u.i.k.p.m.ProofCorrectnessMgt No justification found for rule Class_invariant_axiom_for_mini_MiniExamples 
47716      INFO  main            d.u.i.k.p.r.p.TestFile    ... finished proof: closed. 
47878      INFO  main            d.u.i.k.p.r.p.TestFile    Now processing file /home/runner/work/key/key/key.core/../key.ui/examples/InformationFlow/MiniExamples/mini.MiniExamples(mini.MiniExamples__insecure_p2_2()).Non-interference contract.0.m.key 
47878      INFO  main            d.u.i.k.p.i.AbstractProblemLoader Loading environment from /home/runner/work/key/key/key.core/../key.ui/examples/InformationFlow/MiniExamples/mini.MiniExamples(mini.MiniExamples__insecure_p2_2()).Non-interference contract.0.m.key 
47879      DEBUG main            d.u.i.k.p.i.AbstractProblemLoader Environment load took 57.2ns 
47879      INFO  main            d.u.i.k.p.i.AbstractProblemLoader Creating init config 
50415      DEBUG main            d.u.i.k.p.i.AbstractProblemLoader Init config took 2.54s 
50468      INFO  main            d.u.i.k.p.i.AbstractProblemLoader Replaying proof mini.MiniExamples[mini.MiniExamples::insecure_p2_2()].Non-interference contract.0 
50470      DEBUG main            d.u.i.k.p.i.IntermediateProofReplayer Proof replay took 16ns 
50470      DEBUG main            d.u.i.k.m.s.ProofScriptEngine 1: 'macro 'infflow-autopilot'' 
50502      DEBUG main            d.u.i.k.p.m.ProofCorrectnessMgt No justification found for rule Class_invariant_axiom_for_mini_MiniExamples 
50731      INFO  main            d.u.i.k.p.r.p.TestFile    ... finished proof: open goal(s) 
50905      INFO  main            d.u.i.k.p.r.p.TestFile    Now processing file /home/runner/work/key/key/key.core/../key.ui/examples/InformationFlow/MiniExamples/mini.MiniExamples(mini.MiniExamples__secure_p2_6()).Non-interference contract.0.m.key 
50905      INFO  main            d.u.i.k.p.i.AbstractProblemLoader Loading environment from /home/runner/work/key/key/key.core/../key.ui/examples/InformationFlow/MiniExamples/mini.MiniExamples(mini.MiniExamples__secure_p2_6()).Non-interference contract.0.m.key 
50906      DEBUG main            d.u.i.k.p.i.AbstractProblemLoader Environment load took 57.8ns 
50907      INFO  main            d.u.i.k.p.i.AbstractProblemLoader Creating init config 
53436      DEBUG main            d.u.i.k.p.i.AbstractProblemLoader Init config took 2.53s 
53472      INFO  main            d.u.i.k.p.i.AbstractProblemLoader Replaying proof mini.MiniExamples[mini.MiniExamples::secure_p2_6()].Non-interference contract.0 
53474      DEBUG main            d.u.i.k.p.i.IntermediateProofReplayer Proof replay took 15.8ns 
53475      DEBUG main            d.u.i.k.m.s.ProofScriptEngine 1: 'macro 'infflow-autopilot'' 
53504      DEBUG main            d.u.i.k.p.m.ProofCorrectnessMgt No justification found for rule Class_invariant_axiom_for_mini_MiniExamples 
53562      INFO  main            d.u.i.k.p.r.p.TestFile    ... finished proof: closed. 
53729      INFO  main            d.u.i.k.p.r.p.TestFile    Now processing file /home/runner/work/key/key/key.core/../key.ui/examples/InformationFlow/MiniExamples/mini.MiniExamples(mini.MiniExamples__secure_p2_5()).Non-interference contract.0.m.key 
53729      INFO  main            d.u.i.k.p.i.AbstractProblemLoader Loading environment from /home/runner/work/key/key/key.core/../key.ui/examples/InformationFlow/MiniExamples/mini.MiniExamples(mini.MiniExamples__secure_p2_5()).Non-interference contract.0.m.key 
53729      DEBUG main            d.u.i.k.p.i.AbstractProblemLoader Environment load took 59.2ns 
53730      INFO  main            d.u.i.k.p.i.AbstractProblemLoader Creating init config 
56288      DEBUG main            d.u.i.k.p.i.AbstractProblemLoader Init config took 2.56s 
56324      INFO  main            d.u.i.k.p.i.AbstractProblemLoader Replaying proof mini.MiniExamples[mini.MiniExamples::secure_p2_5()].Non-interference contract.0 
56326      DEBUG main            d.u.i.k.p.i.IntermediateProofReplayer Proof replay took 14.5ns 
56326      DEBUG main            d.u.i.k.m.s.ProofScriptEngine 1: 'macro 'infflow-autopilot'' 
56355      DEBUG main            d.u.i.k.p.m.ProofCorrectnessMgt No justification found for rule Class_invariant_axiom_for_mini_MiniExamples 
56452      INFO  main            d.u.i.k.p.r.p.TestFile    ... finished proof: closed. 
56629      INFO  main            d.u.i.k.p.r.p.TestFile    Now processing file /home/runner/work/key/key/key.core/../key.ui/examples/InformationFlow/MiniExamples/mini.MiniExamples(mini.MiniExamples__secure_p2_4()).Non-interference contract.0.m.key 
56629      INFO  main            d.u.i.k.p.i.AbstractProblemLoader Loading environment from /home/runner/work/key/key/key.core/../key.ui/examples/InformationFlow/MiniExamples/mini.MiniExamples(mini.MiniExamples__secure_p2_4()).Non-interference contract.0.m.key 
56629      DEBUG main            d.u.i.k.p.i.AbstractProblemLoader Environment load took 56.5ns 
56630      INFO  main            d.u.i.k.p.i.AbstractProblemLoader Creating init config 
59143      DEBUG main            d.u.i.k.p.i.AbstractProblemLoader Init config took 2.51s 
59180      INFO  main            d.u.i.k.p.i.AbstractProblemLoader Replaying proof mini.MiniExamples[mini.MiniExamples::secure_p2_4()].Non-interference contract.0 
59181      DEBUG main            d.u.i.k.p.i.IntermediateProofReplayer Proof replay took 15ns 
59182      DEBUG main            d.u.i.k.m.s.ProofScriptEngine 1: 'macro 'infflow-autopilot'' 
59210      DEBUG main            d.u.i.k.p.m.ProofCorrectnessMgt No justification found for rule Class_invariant_axiom_for_mini_MiniExamples 
59316      INFO  main            d.u.i.k.p.r.p.TestFile    ... finished proof: closed. 
59483      INFO  main            d.u.i.k.p.r.p.TestFile    Now processing file /home/runner/work/key/key/key.core/../key.ui/examples/InformationFlow/MiniExamples/mini.MiniExamples(mini.MiniExamples__secure_p2_3()).Non-interference contract.0.m.key 
59483      INFO  main            d.u.i.k.p.i.AbstractProblemLoader Loading environment from /home/runner/work/key/key/key.core/../key.ui/examples/InformationFlow/MiniExamples/mini.MiniExamples(mini.MiniExamples__secure_p2_3()).Non-interference contract.0.m.key 
59483      DEBUG main            d.u.i.k.p.i.AbstractProblemLoader Environment load took 54.6ns 
59485      INFO  main            d.u.i.k.p.i.AbstractProblemLoader Creating init config 
61993      DEBUG main            d.u.i.k.p.i.AbstractProblemLoader Init config took 2.51s 
62029      INFO  main            d.u.i.k.p.i.AbstractProblemLoader Replaying proof mini.MiniExamples[mini.MiniExamples::secure_p2_3()].Non-interference contract.0 
62031      DEBUG main            d.u.i.k.p.i.IntermediateProofReplayer Proof replay took 16.4ns 
62032      DEBUG main            d.u.i.k.m.s.ProofScriptEngine 1: 'macro 'infflow-autopilot'' 
62060      DEBUG main            d.u.i.k.p.m.ProofCorrectnessMgt No justification found for rule Class_invariant_axiom_for_mini_MiniExamples 
62137      INFO  main            d.u.i.k.p.r.p.TestFile    ... finished proof: closed. 
62308      INFO  main            d.u.i.k.p.r.p.TestFile    Now processing file /home/runner/work/key/key/key.core/../key.ui/examples/InformationFlow/MiniExamples/mini.MiniExamples(mini.MiniExamples__secure_p2_2()).Non-interference contract.0.m.key 
62309      INFO  main            d.u.i.k.p.i.AbstractProblemLoader Loading environment from /home/runner/work/key/key/key.core/../key.ui/examples/InformationFlow/MiniExamples/mini.MiniExamples(mini.MiniExamples__secure_p2_2()).Non-interference contract.0.m.key 
62309      DEBUG main            d.u.i.k.p.i.AbstractProblemLoader Environment load took 94.3ns 
62310      INFO  main            d.u.i.k.p.i.AbstractProblemLoader Creating init config 
64810      DEBUG main            d.u.i.k.p.i.AbstractProblemLoader Init config took 2.5s 
64846      INFO  main            d.u.i.k.p.i.AbstractProblemLoader Replaying proof mini.MiniExamples[mini.MiniExamples::secure_p2_2()].Non-interference contract.0 
64848      DEBUG main            d.u.i.k.p.i.IntermediateProofReplayer Proof replay took 14.3ns 
64849      DEBUG main            d.u.i.k.m.s.ProofScriptEngine 1: 'macro 'infflow-autopilot'' 
64876      DEBUG main            d.u.i.k.p.m.ProofCorrectnessMgt No justification found for rule Class_invariant_axiom_for_mini_MiniExamples 
64946      INFO  main            d.u.i.k.p.r.p.TestFile    ... finished proof: closed. 
65113      INFO  main            d.u.i.k.p.r.p.TestFile    Now processing file /home/runner/work/key/key/key.core/../key.ui/examples/InformationFlow/MiniExamples/mini.MiniExamples(mini.MiniExamples__secure_p2_1()).Non-interference contract.0.m.key 
65114      INFO  main            d.u.i.k.p.i.AbstractProblemLoader Loading environment from /home/runner/work/key/key/key.core/../key.ui/examples/InformationFlow/MiniExamples/mini.MiniExamples(mini.MiniExamples__secure_p2_1()).Non-interference contract.0.m.key 
65114      DEBUG main            d.u.i.k.p.i.AbstractProblemLoader Environment load took 99.4ns 
65115      INFO  main            d.u.i.k.p.i.AbstractProblemLoader Creating init config 
67623      DEBUG main            d.u.i.k.p.i.AbstractProblemLoader Init config took 2.51s 
67659      INFO  main            d.u.i.k.p.i.AbstractProblemLoader Replaying proof mini.MiniExamples[mini.MiniExamples::secure_p2_1()].Non-interference contract.0 
67661      DEBUG main            d.u.i.k.p.i.IntermediateProofReplayer Proof replay took 14.3ns 
67661      DEBUG main            d.u.i.k.m.s.ProofScriptEngine 1: 'macro 'infflow-autopilot'' 
67690      DEBUG main            d.u.i.k.p.m.ProofCorrectnessMgt No justification found for rule Class_invariant_axiom_for_mini_MiniExamples 
67759      INFO  main            d.u.i.k.p.r.p.TestFile    ... finished proof: closed. 
67937      INFO  main            d.u.i.k.p.r.p.TestFile    Now processing file /home/runner/work/key/key/key.core/../key.ui/examples/InformationFlow/MiniExamples/mini.MiniExamples(mini.MiniExamples__insecure_p2_1()).Non-interference contract.0.m.key 
67937      INFO  main            d.u.i.k.p.i.AbstractProblemLoader Loading environment from /home/runner/work/key/key/key.core/../key.ui/examples/InformationFlow/MiniExamples/mini.MiniExamples(mini.MiniExamples__insecure_p2_1()).Non-interference contract.0.m.key 
67937      DEBUG main            d.u.i.k.p.i.AbstractProblemLoader Environment load took 55.4ns 
67938      INFO  main            d.u.i.k.p.i.AbstractProblemLoader Creating init config 
70453      DEBUG main            d.u.i.k.p.i.AbstractProblemLoader Init config took 2.51s 
70488      INFO  main            d.u.i.k.p.i.AbstractProblemLoader Replaying proof mini.MiniExamples[mini.MiniExamples::insecure_p2_1()].Non-interference contract.0 
70490      DEBUG main            d.u.i.k.p.i.IntermediateProofReplayer Proof replay took 15.2ns 
70491      DEBUG main            d.u.i.k.m.s.ProofScriptEngine 1: 'macro 'infflow-autopilot'' 
70519      DEBUG main            d.u.i.k.p.m.ProofCorrectnessMgt No justification found for rule Class_invariant_axiom_for_mini_MiniExamples 
70634      INFO  main            d.u.i.k.p.r.p.TestFile    ... finished proof: open goal(s) 
70809      INFO  main            d.u.i.k.p.r.p.TestFile    Now processing file /home/runner/work/key/key/key.core/../key.ui/examples/InformationFlow/MiniExamples/mini.MiniExamples(mini.MiniExamples__secure_p1_6()).Non-interference contract.0.m.key 
70809      INFO  main            d.u.i.k.p.i.AbstractProblemLoader Loading environment from /home/runner/work/key/key/key.core/../key.ui/examples/InformationFlow/MiniExamples/mini.MiniExamples(mini.MiniExamples__secure_p1_6()).Non-interference contract.0.m.key 
70809      DEBUG main            d.u.i.k.p.i.AbstractProblemLoader Environment load took 74.1ns 
70810      INFO  main            d.u.i.k.p.i.AbstractProblemLoader Creating init config 
73297      DEBUG main            d.u.i.k.p.i.AbstractProblemLoader Init config took 2.49s 
73347      INFO  main            d.u.i.k.p.i.AbstractProblemLoader Replaying proof mini.MiniExamples[mini.MiniExamples::secure_p1_6()].Non-interference contract.0 
73349      DEBUG main            d.u.i.k.p.i.IntermediateProofReplayer Proof replay took 14.5ns 
73350      DEBUG main            d.u.i.k.m.s.ProofScriptEngine 1: 'macro 'infflow-autopilot'' 
73377      DEBUG main            d.u.i.k.p.m.ProofCorrectnessMgt No justification found for rule Class_invariant_axiom_for_mini_MiniExamples 
73460      INFO  main            d.u.i.k.p.r.p.TestFile    ... finished proof: closed. 
73641      INFO  main            d.u.i.k.p.r.p.TestFile    Now processing file /home/runner/work/key/key/key.core/../key.ui/examples/InformationFlow/MiniExamples/mini.MiniExamples(mini.MiniExamples__secure_p1_5()).Non-interference contract.0.m.key 
73641      INFO  main            d.u.i.k.p.i.AbstractProblemLoader Loading environment from /home/runner/work/key/key/key.core/../key.ui/examples/InformationFlow/MiniExamples/mini.MiniExamples(mini.MiniExamples__secure_p1_5()).Non-interference contract.0.m.key 
73641      DEBUG main            d.u.i.k.p.i.AbstractProblemLoader Environment load took 499.9ns 
73642      INFO  main            d.u.i.k.p.i.AbstractProblemLoader Creating init config 
76133      DEBUG main            d.u.i.k.p.i.AbstractProblemLoader Init config took 2.49s 
76170      INFO  main            d.u.i.k.p.i.AbstractProblemLoader Replaying proof mini.MiniExamples[mini.MiniExamples::secure_p1_5()].Non-interference contract.0 
76176      DEBUG main            d.u.i.k.p.i.IntermediateProofReplayer Proof replay took 15.2ns 
76177      DEBUG main            d.u.i.k.m.s.ProofScriptEngine 1: 'macro 'infflow-autopilot'' 
76207      DEBUG main            d.u.i.k.p.m.ProofCorrectnessMgt No justification found for rule Class_invariant_axiom_for_mini_MiniExamples 
76442      INFO  main            d.u.i.k.p.r.p.TestFile    ... finished proof: closed. 
76623      INFO  main            d.u.i.k.p.r.p.TestFile    Now processing file /home/runner/work/key/key/key.core/../key.ui/examples/InformationFlow/MiniExamples/mini.MiniExamples(mini.MiniExamples__secure_p1_4()).Non-interference contract.0.m.key 
76623      INFO  main            d.u.i.k.p.i.AbstractProblemLoader Loading environment from /home/runner/work/key/key/key.core/../key.ui/examples/InformationFlow/MiniExamples/mini.MiniExamples(mini.MiniExamples__secure_p1_4()).Non-interference contract.0.m.key 
76623      DEBUG main            d.u.i.k.p.i.AbstractProblemLoader Environment load took 55.9ns 
76625      INFO  main            d.u.i.k.p.i.AbstractProblemLoader Creating init config 
79135      DEBUG main            d.u.i.k.p.i.AbstractProblemLoader Init config took 2.51s 
79171      INFO  main            d.u.i.k.p.i.AbstractProblemLoader Replaying proof mini.MiniExamples[mini.MiniExamples::secure_p1_4()].Non-interference contract.0 
79172      DEBUG main            d.u.i.k.p.i.IntermediateProofReplayer Proof replay took 15.6ns 
79173      DEBUG main            d.u.i.k.m.s.ProofScriptEngine 1: 'macro 'infflow-autopilot'' 
79201      DEBUG main            d.u.i.k.p.m.ProofCorrectnessMgt No justification found for rule Class_invariant_axiom_for_mini_MiniExamples 
79411      INFO  main            d.u.i.k.p.r.p.TestFile    ... finished proof: closed. 
79594      INFO  main            d.u.i.k.p.r.p.TestFile    Now processing file /home/runner/work/key/key/key.core/../key.ui/examples/InformationFlow/MiniExamples/mini.MiniExamples(mini.MiniExamples__secure_p1_3()).Non-interference contract.0.m.key 
79595      INFO  main            d.u.i.k.p.i.AbstractProblemLoader Loading environment from /home/runner/work/key/key/key.core/../key.ui/examples/InformationFlow/MiniExamples/mini.MiniExamples(mini.MiniExamples__secure_p1_3()).Non-interference contract.0.m.key 
79595      DEBUG main            d.u.i.k.p.i.AbstractProblemLoader Environment load took 55.2ns 
79596      INFO  main            d.u.i.k.p.i.AbstractProblemLoader Creating init config 
82113      DEBUG main            d.u.i.k.p.i.AbstractProblemLoader Init config took 2.52s 
82153      INFO  main            d.u.i.k.p.i.AbstractProblemLoader Replaying proof mini.MiniExamples[mini.MiniExamples::secure_p1_3()].Non-interference contract.0 
82155      DEBUG main            d.u.i.k.p.i.IntermediateProofReplayer Proof replay took 14.5ns 
82156      DEBUG main            d.u.i.k.m.s.ProofScriptEngine 1: 'macro 'infflow-autopilot'' 
82186      DEBUG main            d.u.i.k.p.m.ProofCorrectnessMgt No justification found for rule Class_invariant_axiom_for_mini_MiniExamples 
82285      INFO  main            d.u.i.k.p.r.p.TestFile    ... finished proof: closed. 
82478      INFO  main            d.u.i.k.p.r.p.TestFile    Now processing file /home/runner/work/key/key/key.core/../key.ui/examples/InformationFlow/MiniExamples/mini.MiniExamples(mini.MiniExamples__secure_p1_2()).Non-interference contract.0.m.key 
82479      INFO  main            d.u.i.k.p.i.AbstractProblemLoader Loading environment from /home/runner/work/key/key/key.core/../key.ui/examples/InformationFlow/MiniExamples/mini.MiniExamples(mini.MiniExamples__secure_p1_2()).Non-interference contract.0.m.key 
82479      DEBUG main            d.u.i.k.p.i.AbstractProblemLoader Environment load took 54.6ns 
82480      INFO  main            d.u.i.k.p.i.AbstractProblemLoader Creating init config 
85032      DEBUG main            d.u.i.k.p.i.AbstractProblemLoader Init config took 2.55s 
85066      INFO  main            d.u.i.k.p.i.AbstractProblemLoader Replaying proof mini.MiniExamples[mini.MiniExamples::secure_p1_2()].Non-interference contract.0 
85068      DEBUG main            d.u.i.k.p.i.IntermediateProofReplayer Proof replay took 30.3ns 
85068      DEBUG main            d.u.i.k.m.s.ProofScriptEngine 1: 'macro 'infflow-autopilot'' 
85096      DEBUG main            d.u.i.k.p.m.ProofCorrectnessMgt No justification found for rule Class_invariant_axiom_for_mini_MiniExamples 
85306      INFO  main            d.u.i.k.p.r.p.TestFile    ... finished proof: closed. 
85499      INFO  main            d.u.i.k.p.r.p.TestFile    Now processing file /home/runner/work/key/key/key.core/../key.ui/examples/InformationFlow/MiniExamples/mini.MiniExamples(mini.MiniExamples__secure_p1_1()).Non-interference contract.1.m.key 
85499      INFO  main            d.u.i.k.p.i.AbstractProblemLoader Loading environment from /home/runner/work/key/key/key.core/../key.ui/examples/InformationFlow/MiniExamples/mini.MiniExamples(mini.MiniExamples__secure_p1_1()).Non-interference contract.1.m.key 
85499      DEBUG main            d.u.i.k.p.i.AbstractProblemLoader Environment load took 86.5ns 
85500      INFO  main            d.u.i.k.p.i.AbstractProblemLoader Creating init config 
88011      DEBUG main            d.u.i.k.p.i.AbstractProblemLoader Init config took 2.51s 
88048      INFO  main            d.u.i.k.p.i.AbstractProblemLoader Replaying proof mini.MiniExamples[mini.MiniExamples::secure_p1_1()].Non-interference contract.1 
88050      DEBUG main            d.u.i.k.p.i.IntermediateProofReplayer Proof replay took 14.5ns 
88051      DEBUG main            d.u.i.k.m.s.ProofScriptEngine 1: 'macro 'infflow-autopilot'' 
88082      DEBUG main            d.u.i.k.p.m.ProofCorrectnessMgt No justification found for rule Class_invariant_axiom_for_mini_MiniExamples 
88245      INFO  main            d.u.i.k.p.r.p.TestFile    ... finished proof: closed. 
88513      INFO  main            d.u.i.k.p.r.p.TestFile    Now processing file /home/runner/work/key/key/key.core/../key.ui/examples/InformationFlow/MiniExamples/mini.MiniExamples(mini.MiniExamples__secure_p1_1()).Non-interference contract.0.m.key 
88514      INFO  main            d.u.i.k.p.i.AbstractProblemLoader Loading environment from /home/runner/work/key/key/key.core/../key.ui/examples/InformationFlow/MiniExamples/mini.MiniExamples(mini.MiniExamples__secure_p1_1()).Non-interference contract.0.m.key 
88514      DEBUG main            d.u.i.k.p.i.AbstractProblemLoader Environment load took 98ns 
88515      INFO  main            d.u.i.k.p.i.AbstractProblemLoader Creating init config 
91035      DEBUG main            d.u.i.k.p.i.AbstractProblemLoader Init config took 2.52s 
91069      INFO  main            d.u.i.k.p.i.AbstractProblemLoader Replaying proof mini.MiniExamples[mini.MiniExamples::secure_p1_1()].Non-interference contract.0 
91071      DEBUG main            d.u.i.k.p.i.IntermediateProofReplayer Proof replay took 15.5ns 
91071      DEBUG main            d.u.i.k.m.s.ProofScriptEngine 1: 'macro 'infflow-autopilot'' 
91099      DEBUG main            d.u.i.k.p.m.ProofCorrectnessMgt No justification found for rule Class_invariant_axiom_for_mini_MiniExamples 
91238      INFO  main            d.u.i.k.p.r.p.TestFile    ... finished proof: closed. 
91450      INFO  main            d.u.i.k.p.r.p.TestFile    Now processing file /home/runner/work/key/key/key.core/../key.ui/examples/InformationFlow/MiniExamples/mini.MiniExamples(mini.MiniExamples__insecure_p1_2()).Non-interference contract.0.m.key 
91451      INFO  main            d.u.i.k.p.i.AbstractProblemLoader Loading environment from /home/runner/work/key/key/key.core/../key.ui/examples/InformationFlow/MiniExamples/mini.MiniExamples(mini.MiniExamples__insecure_p1_2()).Non-interference contract.0.m.key 
91451      DEBUG main            d.u.i.k.p.i.AbstractProblemLoader Environment load took 50.7ns 
91452      INFO  main            d.u.i.k.p.i.AbstractProblemLoader Creating init config 
93927      DEBUG main            d.u.i.k.p.i.AbstractProblemLoader Init config took 2.48s 
93977      INFO  main            d.u.i.k.p.i.AbstractProblemLoader Replaying proof mini.MiniExamples[mini.MiniExamples::insecure_p1_2()].Non-interference contract.0 
93980      DEBUG main            d.u.i.k.p.i.IntermediateProofReplayer Proof replay took 19.7ns 
93981      DEBUG main            d.u.i.k.m.s.ProofScriptEngine 1: 'macro 'infflow-autopilot'' 
94010      DEBUG main            d.u.i.k.p.m.ProofCorrectnessMgt No justification found for rule Class_invariant_axiom_for_mini_MiniExamples 
94232      INFO  main            d.u.i.k.p.r.p.TestFile    ... finished proof: open goal(s) 
94448      INFO  main            d.u.i.k.p.r.p.TestFile    Now processing file /home/runner/work/key/key/key.core/../key.ui/examples/InformationFlow/MiniExamples/mini.MiniExamples(mini.MiniExamples__insecure_p1_1()).Non-interference contract.0.m.key 
94448      INFO  main            d.u.i.k.p.i.AbstractProblemLoader Loading environment from /home/runner/work/key/key/key.core/../key.ui/examples/InformationFlow/MiniExamples/mini.MiniExamples(mini.MiniExamples__insecure_p1_1()).Non-interference contract.0.m.key 
94448      DEBUG main            d.u.i.k.p.i.AbstractProblemLoader Environment load took 90.8ns 
94449      INFO  main            d.u.i.k.p.i.AbstractProblemLoader Creating init config 
96919      DEBUG main            d.u.i.k.p.i.AbstractProblemLoader Init config took 2.47s 
96963      INFO  main            d.u.i.k.p.i.AbstractProblemLoader Replaying proof mini.MiniExamples[mini.MiniExamples::insecure_p1_1()].Non-interference contract.0 
96966      DEBUG main            d.u.i.k.p.i.IntermediateProofReplayer Proof replay took 17.3ns 
96966      DEBUG main            d.u.i.k.m.s.ProofScriptEngine 1: 'macro 'infflow-autopilot'' 
96994      DEBUG main            d.u.i.k.p.m.ProofCorrectnessMgt No justification found for rule Class_invariant_axiom_for_mini_MiniExamples 
97083      INFO  main            d.u.i.k.p.r.p.TestFile    ... finished proof: open goal(s) 
2273488    INFO  Test worker     d.u.i.k.p.r.RunAllProofsTestUnit Returning from test MiniExamples_fullmacro 
2273489    INFO  Test worker     d.u.i.k.p.r.RunAllProofsTestUnit Running test NewObjects_fullmacro 
356        INFO  Timeout watchdog d.u.i.k.p.r.p.ForkedTestFileRunner Timeout watcher launched (1000 secs.) 
375        WARN  main            d.u.i.k.s.ProofSettings   The settings in /home/runner/.key/proof-settings.props are *not* read. 
415        INFO  main            d.u.i.k.p.r.p.TestFile    Now processing file /home/runner/work/key/key/key.core/../key.ui/examples/InformationFlow/NewObjects/object.AmtoftBanerjee3(object.AmtoftBanerjee3__m()).Non-interference contract.0.m.key 
573        INFO  main            d.u.i.k.p.i.AbstractProblemLoader Loading environment from /home/runner/work/key/key/key.core/../key.ui/examples/InformationFlow/NewObjects/object.AmtoftBanerjee3(object.AmtoftBanerjee3__m()).Non-interference contract.0.m.key 
597        DEBUG main            d.u.i.k.p.i.AbstractProblemLoader Environment load took 1.89ms 
805        INFO  main            d.u.i.k.p.i.AbstractProblemLoader Creating init config 
1688       DEBUG main            d.u.i.k.j.TypeConverter   No LDT found for Meta 
1689       DEBUG main            d.u.i.k.j.TypeConverter   No LDT found for Meta 
1691       DEBUG main            d.u.i.k.j.TypeConverter   No LDT found for Meta 
1691       DEBUG main            d.u.i.k.j.TypeConverter   No LDT found for Meta 
3257       DEBUG main            d.u.i.k.j.TypeConverter   No LDT found for JavaBigintExpression 
6026       DEBUG main            d.u.i.k.j.r.ClassPreparationMethodBuilder clPrepBuilder: Inner Class detected. Reject building class initialisation methods. 
8537       DEBUG main            d.u.i.k.p.i.AbstractProblemLoader Init config took 7.73s 
8725       INFO  main            d.u.i.k.p.i.AbstractProblemLoader Replaying proof object.AmtoftBanerjee3[object.AmtoftBanerjee3::m()].Non-interference contract.0 
8795       DEBUG main            d.u.i.k.p.i.IntermediateProofReplayer Proof replay took 329.6ns 
8842       DEBUG main            d.u.i.k.m.s.ProofScriptEngine 1: 'macro 'infflow-autopilot'' 
9177       DEBUG main            d.u.i.k.p.m.ProofCorrectnessMgt No justification found for rule Class_invariant_axiom_for_object_AmtoftBanerjee3 
9772       INFO  main            d.u.i.k.p.r.p.TestFile    ... finished proof: closed. 
9889       INFO  main            d.u.i.k.p.r.p.TestFile    Now processing file /home/runner/work/key/key/key.core/../key.ui/examples/InformationFlow/NewObjects/object.AmtoftBanerjee(object.AmtoftBanerjee__m_2()).Non-interference contract.0.m.key 
9889       INFO  main            d.u.i.k.p.i.AbstractProblemLoader Loading environment from /home/runner/work/key/key/key.core/../key.ui/examples/InformationFlow/NewObjects/object.AmtoftBanerjee(object.AmtoftBanerjee__m_2()).Non-interference contract.0.m.key 
9889       DEBUG main            d.u.i.k.p.i.AbstractProblemLoader Environment load took 117.7ns 
9893       INFO  main            d.u.i.k.p.i.AbstractProblemLoader Creating init config 
10965      DEBUG main            d.u.i.k.j.r.ClassPreparationMethodBuilder clPrepBuilder: Inner Class detected. Reject building class initialisation methods. 
12969      DEBUG main            d.u.i.k.p.i.AbstractProblemLoader Init config took 3.08s 
13023      INFO  main            d.u.i.k.p.i.AbstractProblemLoader Replaying proof object.AmtoftBanerjee[object.AmtoftBanerjee::m_2()].Non-interference contract.0 
13026      DEBUG main            d.u.i.k.p.i.IntermediateProofReplayer Proof replay took 12.2ns 
13027      DEBUG main            d.u.i.k.m.s.ProofScriptEngine 1: 'macro 'infflow-autopilot'' 
13545      DEBUG main            d.u.i.k.p.m.ProofCorrectnessMgt No justification found for rule Class_invariant_axiom_for_object_AmtoftBanerjee 
13547      DEBUG main            d.u.i.k.p.m.ProofCorrectnessMgt No justification found for rule Class_invariant_axiom_for_object_AmtoftBanerjee 
13666      DEBUG main            d.u.i.k.p.m.ProofCorrectnessMgt No justification found for rule Class_invariant_axiom_for_object_AmtoftBanerjee 
14199      INFO  main            d.u.i.k.p.r.p.TestFile    ... finished proof: closed. 
14353      INFO  main            d.u.i.k.p.r.p.TestFile    Now processing file /home/runner/work/key/key/key.core/../key.ui/examples/InformationFlow/NewObjects/object.AmtoftBanerjee(object.AmtoftBanerjee__m_1()).Non-interference contract.1.m.key 
14353      INFO  main            d.u.i.k.p.i.AbstractProblemLoader Loading environment from /home/runner/work/key/key/key.core/../key.ui/examples/InformationFlow/NewObjects/object.AmtoftBanerjee(object.AmtoftBanerjee__m_1()).Non-interference contract.1.m.key 
14353      DEBUG main            d.u.i.k.p.i.AbstractProblemLoader Environment load took 73.6ns 
14354      INFO  main            d.u.i.k.p.i.AbstractProblemLoader Creating init config 
15245      DEBUG main            d.u.i.k.j.r.ClassPreparationMethodBuilder clPrepBuilder: Inner Class detected. Reject building class initialisation methods. 
17168      DEBUG main            d.u.i.k.p.i.AbstractProblemLoader Init config took 2.81s 
17219      INFO  main            d.u.i.k.p.i.AbstractProblemLoader Replaying proof object.AmtoftBanerjee[object.AmtoftBanerjee::m_1()].Non-interference contract.1 
17222      DEBUG main            d.u.i.k.p.i.IntermediateProofReplayer Proof replay took 12.3ns 
17223      DEBUG main            d.u.i.k.m.s.ProofScriptEngine 1: 'macro 'infflow-autopilot'' 
17424      DEBUG main            d.u.i.k.p.m.ProofCorrectnessMgt No justification found for rule Class_invariant_axiom_for_object_AmtoftBanerjee 
17425      DEBUG main            d.u.i.k.p.m.ProofCorrectnessMgt No justification found for rule Class_invariant_axiom_for_object_AmtoftBanerjee 
17454      DEBUG main            d.u.i.k.p.m.ProofCorrectnessMgt No justification found for rule Class_invariant_axiom_for_object_AmtoftBanerjee 
17728      INFO  main            d.u.i.k.p.r.p.TestFile    ... finished proof: open goal(s) 
17868      INFO  main            d.u.i.k.p.r.p.TestFile    Now processing file /home/runner/work/key/key/key.core/../key.ui/examples/InformationFlow/NewObjects/object.AmtoftBanerjee(object.AmtoftBanerjee__m_1()).Non-interference contract.0.m.key 
17868      INFO  main            d.u.i.k.p.i.AbstractProblemLoader Loading environment from /home/runner/work/key/key/key.core/../key.ui/examples/InformationFlow/NewObjects/object.AmtoftBanerjee(object.AmtoftBanerjee__m_1()).Non-interference contract.0.m.key 
17869      DEBUG main            d.u.i.k.p.i.AbstractProblemLoader Environment load took 68ns 
17870      INFO  main            d.u.i.k.p.i.AbstractProblemLoader Creating init config 
18769      DEBUG main            d.u.i.k.j.r.ClassPreparationMethodBuilder clPrepBuilder: Inner Class detected. Reject building class initialisation methods. 
20653      DEBUG main            d.u.i.k.p.i.AbstractProblemLoader Init config took 2.78s 
20701      INFO  main            d.u.i.k.p.i.AbstractProblemLoader Replaying proof object.AmtoftBanerjee[object.AmtoftBanerjee::m_1()].Non-interference contract.0 
20703      DEBUG main            d.u.i.k.p.i.IntermediateProofReplayer Proof replay took 13ns 
20704      DEBUG main            d.u.i.k.m.s.ProofScriptEngine 1: 'macro 'infflow-autopilot'' 
20882      DEBUG main            d.u.i.k.p.m.ProofCorrectnessMgt No justification found for rule Class_invariant_axiom_for_object_AmtoftBanerjee 
20883      DEBUG main            d.u.i.k.p.m.ProofCorrectnessMgt No justification found for rule Class_invariant_axiom_for_object_AmtoftBanerjee 
20914      DEBUG main            d.u.i.k.p.m.ProofCorrectnessMgt No justification found for rule Class_invariant_axiom_for_object_AmtoftBanerjee 
21141      INFO  main            d.u.i.k.p.r.p.TestFile    ... finished proof: closed. 
21307      INFO  main            d.u.i.k.p.r.p.TestFile    Now processing file /home/runner/work/key/key/key.core/../key.ui/examples/InformationFlow/NewObjects/object.AmtoftBanerjee(object.AmtoftBanerjee__getQ()).Non-interference contract.0.m.key 
21308      INFO  main            d.u.i.k.p.i.AbstractProblemLoader Loading environment from /home/runner/work/key/key/key.core/../key.ui/examples/InformationFlow/NewObjects/object.AmtoftBanerjee(object.AmtoftBanerjee__getQ()).Non-interference contract.0.m.key 
21308      DEBUG main            d.u.i.k.p.i.AbstractProblemLoader Environment load took 65.3ns 
21309      INFO  main            d.u.i.k.p.i.AbstractProblemLoader Creating init config 
22182      DEBUG main            d.u.i.k.j.r.ClassPreparationMethodBuilder clPrepBuilder: Inner Class detected. Reject building class initialisation methods. 
24060      DEBUG main            d.u.i.k.p.i.AbstractProblemLoader Init config took 2.75s 
24108      INFO  main            d.u.i.k.p.i.AbstractProblemLoader Replaying proof object.AmtoftBanerjee[object.AmtoftBanerjee::getQ()].Non-interference contract.0 
24111      DEBUG main            d.u.i.k.p.i.IntermediateProofReplayer Proof replay took 25.9ns 
24111      DEBUG main            d.u.i.k.m.s.ProofScriptEngine 1: 'macro 'infflow-autopilot'' 
24151      DEBUG main            d.u.i.k.p.m.ProofCorrectnessMgt No justification found for rule Class_invariant_axiom_for_object_AmtoftBanerjee 
24234      INFO  main            d.u.i.k.p.r.p.TestFile    ... finished proof: closed. 
24372      INFO  main            d.u.i.k.p.r.p.TestFile    Now processing file /home/runner/work/key/key/key.core/../key.ui/examples/InformationFlow/NewObjects/object.Naumann(object.Naumann__Pair_m(int,int)).Non-interference contract.0.m.key 
24372      INFO  main            d.u.i.k.p.i.AbstractProblemLoader Loading environment from /home/runner/work/key/key/key.core/../key.ui/examples/InformationFlow/NewObjects/object.Naumann(object.Naumann__Pair_m(int,int)).Non-interference contract.0.m.key 
24372      DEBUG main            d.u.i.k.p.i.AbstractProblemLoader Environment load took 67.8ns 
24373      INFO  main            d.u.i.k.p.i.AbstractProblemLoader Creating init config 
25231      DEBUG main            d.u.i.k.j.r.ClassPreparationMethodBuilder clPrepBuilder: Inner Class detected. Reject building class initialisation methods. 
27103      DEBUG main            d.u.i.k.p.i.AbstractProblemLoader Init config took 2.73s 
27157      INFO  main            d.u.i.k.p.i.AbstractProblemLoader Replaying proof object.Naumann[object.Naumann::Pair_m(int,int)].Non-interference contract.0 
27160      DEBUG main            d.u.i.k.p.i.IntermediateProofReplayer Proof replay took 14.2ns 
27160      DEBUG main            d.u.i.k.m.s.ProofScriptEngine 1: 'macro 'infflow-autopilot'' 
38377      INFO  main            d.u.i.k.p.r.p.TestFile    ... finished proof: closed. 
38612      INFO  main            d.u.i.k.p.r.p.TestFile    Now processing file /home/runner/work/key/key/key.core/../key.ui/examples/InformationFlow/NewObjects/object.ObjectOrientation(object.ObjectOrientation__secure_while_i((Ljava.lang.Object)).Non-interference contract.0.m.key 
38613      INFO  main            d.u.i.k.p.i.AbstractProblemLoader Loading environment from /home/runner/work/key/key/key.core/../key.ui/examples/InformationFlow/NewObjects/object.ObjectOrientation(object.ObjectOrientation__secure_while_i((Ljava.lang.Object)).Non-interference contract.0.m.key 
38613      DEBUG main            d.u.i.k.p.i.AbstractProblemLoader Environment load took 107.8ns 
38614      INFO  main            d.u.i.k.p.i.AbstractProblemLoader Creating init config 
39480      DEBUG main            d.u.i.k.j.r.ClassPreparationMethodBuilder clPrepBuilder: Inner Class detected. Reject building class initialisation methods. 
41329      DEBUG main            d.u.i.k.p.i.AbstractProblemLoader Init config took 2.71s 
41377      INFO  main            d.u.i.k.p.i.AbstractProblemLoader Replaying proof object.ObjectOrientation[object.ObjectOrientation::secure_while_i([Ljava.lang.Object)].Non-interference contract.0 
41379      DEBUG main            d.u.i.k.p.i.IntermediateProofReplayer Proof replay took 14.7ns 
41380      DEBUG main            d.u.i.k.m.s.ProofScriptEngine 1: 'macro 'infflow-autopilot'' 
41436      DEBUG main            d.u.i.k.p.m.ProofCorrectnessMgt No justification found for rule Class_invariant_axiom_for_object_ObjectOrientation 
47344      INFO  main            d.u.i.k.p.r.p.TestFile    ... finished proof: closed. 
47594      INFO  main            d.u.i.k.p.r.p.TestFile    Now processing file /home/runner/work/key/key/key.core/../key.ui/examples/InformationFlow/NewObjects/object.ObjectOrientation(object.ObjectOrientation__secure_method_call()).Non-interference contract.0.m.key 
47594      INFO  main            d.u.i.k.p.i.AbstractProblemLoader Loading environment from /home/runner/work/key/key/key.core/../key.ui/examples/InformationFlow/NewObjects/object.ObjectOrientation(object.ObjectOrientation__secure_method_call()).Non-interference contract.0.m.key 
47594      DEBUG main            d.u.i.k.p.i.AbstractProblemLoader Environment load took 59.8ns 
47596      INFO  main            d.u.i.k.p.i.AbstractProblemLoader Creating init config 
48448      DEBUG main            d.u.i.k.j.r.ClassPreparationMethodBuilder clPrepBuilder: Inner Class detected. Reject building class initialisation methods. 
50260      DEBUG main            d.u.i.k.p.i.AbstractProblemLoader Init config took 2.66s 
50303      INFO  main            d.u.i.k.p.i.AbstractProblemLoader Replaying proof object.ObjectOrientation[object.ObjectOrientation::secure_method_call()].Non-interference contract.0 
50305      DEBUG main            d.u.i.k.p.i.IntermediateProofReplayer Proof replay took 11.4ns 
50306      DEBUG main            d.u.i.k.m.s.ProofScriptEngine 1: 'macro 'infflow-autopilot'' 
50338      DEBUG main            d.u.i.k.p.m.ProofCorrectnessMgt No justification found for rule Class_invariant_axiom_for_object_ObjectOrientation 
50373      DEBUG main            d.u.i.k.p.m.ProofCorrectnessMgt No justification found for rule Class_invariant_axiom_for_object_ObjectOrientation 
50395      DEBUG main            d.u.i.k.p.m.ProofCorrectnessMgt No justification found for rule Class_invariant_axiom_for_object_ObjectOrientation 
50438      DEBUG main            d.u.i.k.p.m.ProofCorrectnessMgt No justification found for rule Class_invariant_axiom_for_object_ObjectOrientation 
50799      INFO  main            d.u.i.k.p.r.p.TestFile    ... finished proof: closed. 
50973      INFO  main            d.u.i.k.p.r.p.TestFile    Now processing file /home/runner/work/key/key/key.core/../key.ui/examples/InformationFlow/NewObjects/object.ObjectOrientation(object.ObjectOrientation__if_two_object_creation_next()).Non-interference contract.1.m.key 
50973      INFO  main            d.u.i.k.p.i.AbstractProblemLoader Loading environment from /home/runner/work/key/key/key.core/../key.ui/examples/InformationFlow/NewObjects/object.ObjectOrientation(object.ObjectOrientation__if_two_object_creation_next()).Non-interference contract.1.m.key 
50973      DEBUG main            d.u.i.k.p.i.AbstractProblemLoader Environment load took 68.7ns 
50974      INFO  main            d.u.i.k.p.i.AbstractProblemLoader Creating init config 
51821      DEBUG main            d.u.i.k.j.r.ClassPreparationMethodBuilder clPrepBuilder: Inner Class detected. Reject building class initialisation methods. 
53711      DEBUG main            d.u.i.k.p.i.AbstractProblemLoader Init config took 2.74s 
53752      INFO  main            d.u.i.k.p.i.AbstractProblemLoader Replaying proof object.ObjectOrientation[object.ObjectOrientation::if_two_object_creation_next()].Non-interference contract.1 
53755      DEBUG main            d.u.i.k.p.i.IntermediateProofReplayer Proof replay took 13.9ns 
53755      DEBUG main            d.u.i.k.m.s.ProofScriptEngine 1: 'macro 'infflow-autopilot'' 
53786      DEBUG main            d.u.i.k.p.m.ProofCorrectnessMgt No justification found for rule Class_invariant_axiom_for_object_ObjectOrientation 
84637      INFO  main            d.u.i.k.p.r.p.TestFile    ... finished proof: open goal(s) 
84869      INFO  main            d.u.i.k.p.r.p.TestFile    Now processing file /home/runner/work/key/key/key.core/../key.ui/examples/InformationFlow/NewObjects/object.ObjectOrientation(object.ObjectOrientation__if_two_object_creation_next()).Non-interference contract.0.m.key 
84869      INFO  main            d.u.i.k.p.i.AbstractProblemLoader Loading environment from /home/runner/work/key/key/key.core/../key.ui/examples/InformationFlow/NewObjects/object.ObjectOrientation(object.ObjectOrientation__if_two_object_creation_next()).Non-interference contract.0.m.key 
84869      DEBUG main            d.u.i.k.p.i.AbstractProblemLoader Environment load took 61.3ns 
84870      INFO  main            d.u.i.k.p.i.AbstractProblemLoader Creating init config 
85721      DEBUG main            d.u.i.k.j.r.ClassPreparationMethodBuilder clPrepBuilder: Inner Class detected. Reject building class initialisation methods. 
87582      DEBUG main            d.u.i.k.p.i.AbstractProblemLoader Init config took 2.71s 
87624      INFO  main            d.u.i.k.p.i.AbstractProblemLoader Replaying proof object.ObjectOrientation[object.ObjectOrientation::if_two_object_creation_next()].Non-interference contract.0 
87626      DEBUG main            d.u.i.k.p.i.IntermediateProofReplayer Proof replay took 17.9ns 
87627      DEBUG main            d.u.i.k.m.s.ProofScriptEngine 1: 'macro 'infflow-autopilot'' 
87660      DEBUG main            d.u.i.k.p.m.ProofCorrectnessMgt No justification found for rule Class_invariant_axiom_for_object_ObjectOrientation 
100389     INFO  main            d.u.i.k.p.r.p.TestFile    ... finished proof: closed. 
100695     INFO  main            d.u.i.k.p.r.p.TestFile    Now processing file /home/runner/work/key/key/key.core/../key.ui/examples/InformationFlow/NewObjects/object.ObjectOrientation(object.ObjectOrientation__secure_if_two_object_creation()).Non-interference contract.0.m.key 
100696     INFO  main            d.u.i.k.p.i.AbstractProblemLoader Loading environment from /home/runner/work/key/key/key.core/../key.ui/examples/InformationFlow/NewObjects/object.ObjectOrientation(object.ObjectOrientation__secure_if_two_object_creation()).Non-interference contract.0.m.key 
100696     DEBUG main            d.u.i.k.p.i.AbstractProblemLoader Environment load took 70.8ns 
100697     INFO  main            d.u.i.k.p.i.AbstractProblemLoader Creating init config 
101579     DEBUG main            d.u.i.k.j.r.ClassPreparationMethodBuilder clPrepBuilder: Inner Class detected. Reject building class initialisation methods. 
103433     DEBUG main            d.u.i.k.p.i.AbstractProblemLoader Init config took 2.74s 
103474     INFO  main            d.u.i.k.p.i.AbstractProblemLoader Replaying proof object.ObjectOrientation[object.ObjectOrientation::secure_if_two_object_creation()].Non-interference contract.0 
103476     DEBUG main            d.u.i.k.p.i.IntermediateProofReplayer Proof replay took 13.7ns 
103477     DEBUG main            d.u.i.k.m.s.ProofScriptEngine 1: 'macro 'infflow-autopilot'' 
103508     DEBUG main            d.u.i.k.p.m.ProofCorrectnessMgt No justification found for rule Class_invariant_axiom_for_object_ObjectOrientation 
116052     INFO  main            d.u.i.k.p.r.p.TestFile    ... finished proof: closed. 
116302     INFO  main            d.u.i.k.p.r.p.TestFile    Now processing file /home/runner/work/key/key/key.core/../key.ui/examples/InformationFlow/NewObjects/object.ObjectOrientation(object.ObjectOrientation__insecure_two_object_creation()).Non-interference contract.0.m.key 
116302     INFO  main            d.u.i.k.p.i.AbstractProblemLoader Loading environment from /home/runner/work/key/key/key.core/../key.ui/examples/InformationFlow/NewObjects/object.ObjectOrientation(object.ObjectOrientation__insecure_two_object_creation()).Non-interference contract.0.m.key 
116302     DEBUG main            d.u.i.k.p.i.AbstractProblemLoader Environment load took 62.8ns 
116303     INFO  main            d.u.i.k.p.i.AbstractProblemLoader Creating init config 
117135     DEBUG main            d.u.i.k.j.r.ClassPreparationMethodBuilder clPrepBuilder: Inner Class detected. Reject building class initialisation methods. 
118958     DEBUG main            d.u.i.k.p.i.AbstractProblemLoader Init config took 2.65s 
118998     INFO  main            d.u.i.k.p.i.AbstractProblemLoader Replaying proof object.ObjectOrientation[object.ObjectOrientation::insecure_two_object_creation()].Non-interference contract.0 
119000     DEBUG main            d.u.i.k.p.i.IntermediateProofReplayer Proof replay took 15.9ns 
119001     DEBUG main            d.u.i.k.m.s.ProofScriptEngine 1: 'macro 'infflow-autopilot'' 
119031     DEBUG main            d.u.i.k.p.m.ProofCorrectnessMgt No justification found for rule Class_invariant_axiom_for_object_ObjectOrientation 
148566     INFO  main            d.u.i.k.p.r.p.TestFile    ... finished proof: open goal(s) 
148837     INFO  main            d.u.i.k.p.r.p.TestFile    Now processing file /home/runner/work/key/key/key.core/../key.ui/examples/InformationFlow/NewObjects/object.ObjectOrientation(object.ObjectOrientation__secure_two_object_creation()).Non-interference contract.0.m.key 
148838     INFO  main            d.u.i.k.p.i.AbstractProblemLoader Loading environment from /home/runner/work/key/key/key.core/../key.ui/examples/InformationFlow/NewObjects/object.ObjectOrientation(object.ObjectOrientation__secure_two_object_creation()).Non-interference contract.0.m.key 
148838     DEBUG main            d.u.i.k.p.i.AbstractProblemLoader Environment load took 59.9ns 
148839     INFO  main            d.u.i.k.p.i.AbstractProblemLoader Creating init config 
149657     DEBUG main            d.u.i.k.j.r.ClassPreparationMethodBuilder clPrepBuilder: Inner Class detected. Reject building class initialisation methods. 
151523     DEBUG main            d.u.i.k.p.i.AbstractProblemLoader Init config took 2.68s 
151562     INFO  main            d.u.i.k.p.i.AbstractProblemLoader Replaying proof object.ObjectOrientation[object.ObjectOrientation::secure_two_object_creation()].Non-interference contract.0 
151564     DEBUG main            d.u.i.k.p.i.IntermediateProofReplayer Proof replay took 14.3ns 
151564     DEBUG main            d.u.i.k.m.s.ProofScriptEngine 1: 'macro 'infflow-autopilot'' 
151593     DEBUG main            d.u.i.k.p.m.ProofCorrectnessMgt No justification found for rule Class_invariant_axiom_for_object_ObjectOrientation 
161583     INFO  main            d.u.i.k.p.r.p.TestFile    ... finished proof: closed. 
161854     INFO  main            d.u.i.k.p.r.p.TestFile    Now processing file /home/runner/work/key/key/key.core/../key.ui/examples/InformationFlow/NewObjects/object.ObjectOrientation(object.ObjectOrientation__insecure_object_assignment()).Non-interference contract.1.m.key 
161854     INFO  main            d.u.i.k.p.i.AbstractProblemLoader Loading environment from /home/runner/work/key/key/key.core/../key.ui/examples/InformationFlow/NewObjects/object.ObjectOrientation(object.ObjectOrientation__insecure_object_assignment()).Non-interference contract.1.m.key 
161854     DEBUG main            d.u.i.k.p.i.AbstractProblemLoader Environment load took 98.5ns 
161856     INFO  main            d.u.i.k.p.i.AbstractProblemLoader Creating init config 
162688     DEBUG main            d.u.i.k.j.r.ClassPreparationMethodBuilder clPrepBuilder: Inner Class detected. Reject building class initialisation methods. 
164471     DEBUG main            d.u.i.k.p.i.AbstractProblemLoader Init config took 2.62s 
164515     INFO  main            d.u.i.k.p.i.AbstractProblemLoader Replaying proof object.ObjectOrientation[object.ObjectOrientation::insecure_object_assignment()].Non-interference contract.1 
164518     DEBUG main            d.u.i.k.p.i.IntermediateProofReplayer Proof replay took 14.3ns 
164518     DEBUG main            d.u.i.k.m.s.ProofScriptEngine 1: 'macro 'infflow-autopilot'' 
164551     DEBUG main            d.u.i.k.p.m.ProofCorrectnessMgt No justification found for rule Class_invariant_axiom_for_object_ObjectOrientation 
173048     INFO  main            d.u.i.k.p.r.p.TestFile    ... finished proof: open goal(s) 
173258     INFO  main            d.u.i.k.p.r.p.TestFile    Now processing file /home/runner/work/key/key/key.core/../key.ui/examples/InformationFlow/NewObjects/object.ObjectOrientation(object.ObjectOrientation__insecure_object_assignment()).Non-interference contract.0.m.key 
173258     INFO  main            d.u.i.k.p.i.AbstractProblemLoader Loading environment from /home/runner/work/key/key/key.core/../key.ui/examples/InformationFlow/NewObjects/object.ObjectOrientation(object.ObjectOrientation__insecure_object_assignment()).Non-interference contract.0.m.key 
173258     DEBUG main            d.u.i.k.p.i.AbstractProblemLoader Environment load took 64.6ns 
173259     INFO  main            d.u.i.k.p.i.AbstractProblemLoader Creating init config 
174069     DEBUG main            d.u.i.k.j.r.ClassPreparationMethodBuilder clPrepBuilder: Inner Class detected. Reject building class initialisation methods. 
175848     DEBUG main            d.u.i.k.p.i.AbstractProblemLoader Init config took 2.59s 
175885     INFO  main            d.u.i.k.p.i.AbstractProblemLoader Replaying proof object.ObjectOrientation[object.ObjectOrientation::insecure_object_assignment()].Non-interference contract.0 
175887     DEBUG main            d.u.i.k.p.i.IntermediateProofReplayer Proof replay took 16.4ns 
175887     DEBUG main            d.u.i.k.m.s.ProofScriptEngine 1: 'macro 'infflow-autopilot'' 
175915     DEBUG main            d.u.i.k.p.m.ProofCorrectnessMgt No justification found for rule Class_invariant_axiom_for_object_ObjectOrientation 
176122     INFO  main            d.u.i.k.p.r.p.TestFile    ... finished proof: open goal(s) 
176328     INFO  main            d.u.i.k.p.r.p.TestFile    Now processing file /home/runner/work/key/key/key.core/../key.ui/examples/InformationFlow/NewObjects/object.ObjectOrientation(object.ObjectOrientation__secure_object_creation_3()).Non-interference contract.0.m.key 
176329     INFO  main            d.u.i.k.p.i.AbstractProblemLoader Loading environment from /home/runner/work/key/key/key.core/../key.ui/examples/InformationFlow/NewObjects/object.ObjectOrientation(object.ObjectOrientation__secure_object_creation_3()).Non-interference contract.0.m.key 
176329     DEBUG main            d.u.i.k.p.i.AbstractProblemLoader Environment load took 110.3ns 
176330     INFO  main            d.u.i.k.p.i.AbstractProblemLoader Creating init config 
177154     DEBUG main            d.u.i.k.j.r.ClassPreparationMethodBuilder clPrepBuilder: Inner Class detected. Reject building class initialisation methods. 
178939     DEBUG main            d.u.i.k.p.i.AbstractProblemLoader Init config took 2.61s 
178977     INFO  main            d.u.i.k.p.i.AbstractProblemLoader Replaying proof object.ObjectOrientation[object.ObjectOrientation::secure_object_creation_3()].Non-interference contract.0 
178979     DEBUG main            d.u.i.k.p.i.IntermediateProofReplayer Proof replay took 15ns 
178979     DEBUG main            d.u.i.k.m.s.ProofScriptEngine 1: 'macro 'infflow-autopilot'' 
179008     DEBUG main            d.u.i.k.p.m.ProofCorrectnessMgt No justification found for rule Class_invariant_axiom_for_object_ObjectOrientation 
179398     INFO  main            d.u.i.k.p.r.p.TestFile    ... finished proof: closed. 
179594     INFO  main            d.u.i.k.p.r.p.TestFile    Now processing file /home/runner/work/key/key/key.core/../key.ui/examples/InformationFlow/NewObjects/object.ObjectOrientation(object.ObjectOrientation__secure_object_creation_2()).Non-interference contract.0.m.key 
179594     INFO  main            d.u.i.k.p.i.AbstractProblemLoader Loading environment from /home/runner/work/key/key/key.core/../key.ui/examples/InformationFlow/NewObjects/object.ObjectOrientation(object.ObjectOrientation__secure_object_creation_2()).Non-interference contract.0.m.key 
179594     DEBUG main            d.u.i.k.p.i.AbstractProblemLoader Environment load took 68.2ns 
179596     INFO  main            d.u.i.k.p.i.AbstractProblemLoader Creating init config 
180434     DEBUG main            d.u.i.k.j.r.ClassPreparationMethodBuilder clPrepBuilder: Inner Class detected. Reject building class initialisation methods. 
182217     DEBUG main            d.u.i.k.p.i.AbstractProblemLoader Init config took 2.62s 
182255     INFO  main            d.u.i.k.p.i.AbstractProblemLoader Replaying proof object.ObjectOrientation[object.ObjectOrientation::secure_object_creation_2()].Non-interference contract.0 
182257     DEBUG main            d.u.i.k.p.i.IntermediateProofReplayer Proof replay took 15.3ns 
182257     DEBUG main            d.u.i.k.m.s.ProofScriptEngine 1: 'macro 'infflow-autopilot'' 
182286     DEBUG main            d.u.i.k.p.m.ProofCorrectnessMgt No justification found for rule Class_invariant_axiom_for_object_ObjectOrientation 
182555     INFO  main            d.u.i.k.p.r.p.TestFile    ... finished proof: closed. 
182733     INFO  main            d.u.i.k.p.r.p.TestFile    Now processing file /home/runner/work/key/key/key.core/../key.ui/examples/InformationFlow/NewObjects/object.ObjectOrientation(object.ObjectOrientation__secure_object_creation()).Non-interference contract.0.m.key 
182734     INFO  main            d.u.i.k.p.i.AbstractProblemLoader Loading environment from /home/runner/work/key/key/key.core/../key.ui/examples/InformationFlow/NewObjects/object.ObjectOrientation(object.ObjectOrientation__secure_object_creation()).Non-interference contract.0.m.key 
182734     DEBUG main            d.u.i.k.p.i.AbstractProblemLoader Environment load took 64.4ns 
182735     INFO  main            d.u.i.k.p.i.AbstractProblemLoader Creating init config 
183566     DEBUG main            d.u.i.k.j.r.ClassPreparationMethodBuilder clPrepBuilder: Inner Class detected. Reject building class initialisation methods. 
185347     DEBUG main            d.u.i.k.p.i.AbstractProblemLoader Init config took 2.61s 
185393     INFO  main            d.u.i.k.p.i.AbstractProblemLoader Replaying proof object.ObjectOrientation[object.ObjectOrientation::secure_object_creation()].Non-interference contract.0 
185395     DEBUG main            d.u.i.k.p.i.IntermediateProofReplayer Proof replay took 14.8ns 
185396     DEBUG main            d.u.i.k.m.s.ProofScriptEngine 1: 'macro 'infflow-autopilot'' 
185424     DEBUG main            d.u.i.k.p.m.ProofCorrectnessMgt No justification found for rule Class_invariant_axiom_for_object_ObjectOrientation 
185769     INFO  main            d.u.i.k.p.r.p.TestFile    ... finished proof: closed. 
185962     INFO  main            d.u.i.k.p.r.p.TestFile    Now processing file /home/runner/work/key/key/key.core/../key.ui/examples/InformationFlow/NewObjects/object.AmtoftBanerjee2(object.AmtoftBanerjee2__expensive(int)).Non-interference contract.0.m.key 
185962     INFO  main            d.u.i.k.p.i.AbstractProblemLoader Loading environment from /home/runner/work/key/key/key.core/../key.ui/examples/InformationFlow/NewObjects/object.AmtoftBanerjee2(object.AmtoftBanerjee2__expensive(int)).Non-interference contract.0.m.key 
185962     DEBUG main            d.u.i.k.p.i.AbstractProblemLoader Environment load took 63.2ns 
185963     INFO  main            d.u.i.k.p.i.AbstractProblemLoader Creating init config 
186793     DEBUG main            d.u.i.k.j.r.ClassPreparationMethodBuilder clPrepBuilder: Inner Class detected. Reject building class initialisation methods. 
188581     DEBUG main            d.u.i.k.p.i.AbstractProblemLoader Init config took 2.62s 
188620     INFO  main            d.u.i.k.p.i.AbstractProblemLoader Replaying proof object.AmtoftBanerjee2[object.AmtoftBanerjee2::expensive(int)].Non-interference contract.0 
188622     DEBUG main            d.u.i.k.p.i.IntermediateProofReplayer Proof replay took 15.5ns 
188622     DEBUG main            d.u.i.k.m.s.ProofScriptEngine 1: 'macro 'infflow-autopilot'' 
188710     INFO  main            d.u.i.k.p.r.p.TestFile    ... finished proof: closed. 
188894     INFO  main            d.u.i.k.p.r.p.TestFile    Now processing file /home/runner/work/key/key/key.core/../key.ui/examples/InformationFlow/NewObjects/object.AmtoftBanerjee2(object.AmtoftBanerjee2__cexp(int)).Non-interference contract.0.m.key 
188894     INFO  main            d.u.i.k.p.i.AbstractProblemLoader Loading environment from /home/runner/work/key/key/key.core/../key.ui/examples/InformationFlow/NewObjects/object.AmtoftBanerjee2(object.AmtoftBanerjee2__cexp(int)).Non-interference contract.0.m.key 
188894     DEBUG main            d.u.i.k.p.i.AbstractProblemLoader Environment load took 66.1ns 
188895     INFO  main            d.u.i.k.p.i.AbstractProblemLoader Creating init config 
189735     DEBUG main            d.u.i.k.j.r.ClassPreparationMethodBuilder clPrepBuilder: Inner Class detected. Reject building class initialisation methods. 
191517     DEBUG main            d.u.i.k.p.i.AbstractProblemLoader Init config took 2.62s 
191555     INFO  main            d.u.i.k.p.i.AbstractProblemLoader Replaying proof object.AmtoftBanerjee2[object.AmtoftBanerjee2::cexp(int)].Non-interference contract.0 
191557     DEBUG main            d.u.i.k.p.i.IntermediateProofReplayer Proof replay took 15.4ns 
191558     DEBUG main            d.u.i.k.m.s.ProofScriptEngine 1: 'macro 'infflow-autopilot'' 
191603     DEBUG main            d.u.i.k.p.m.ProofCorrectnessMgt No justification found for rule Class_invariant_axiom_for_object_AmtoftBanerjee2 
193071     INFO  main            d.u.i.k.p.r.p.TestFile    ... finished proof: closed. 
2466959    INFO  Test worker     d.u.i.k.p.r.RunAllProofsTestUnit Returning from test NewObjects_fullmacro 
2466960    INFO  Test worker     d.u.i.k.p.r.RunAllProofsTestUnit Running test SimpleEvoting_fullmacro 
345        INFO  Timeout watchdog d.u.i.k.p.r.p.ForkedTestFileRunner Timeout watcher launched (1000 secs.) 
359        WARN  main            d.u.i.k.s.ProofSettings   The settings in /home/runner/.key/proof-settings.props are *not* read. 
401        INFO  main            d.u.i.k.p.r.p.TestFile    Now processing file /home/runner/work/key/key/key.core/../key.ui/examples/InformationFlow/SimpleEvoting/simple_evoting.Environment(simple_evoting.Environment__untrustedOutputMessage((B)).Non-interference contract.0.m.key 
552        INFO  main            d.u.i.k.p.i.AbstractProblemLoader Loading environment from /home/runner/work/key/key/key.core/../key.ui/examples/InformationFlow/SimpleEvoting/simple_evoting.Environment(simple_evoting.Environment__untrustedOutputMessage((B)).Non-interference contract.0.m.key 
571        DEBUG main            d.u.i.k.p.i.AbstractProblemLoader Environment load took 2.15ms 
808        INFO  main            d.u.i.k.p.i.AbstractProblemLoader Creating init config 
1916       DEBUG main            d.u.i.k.j.TypeConverter   No LDT found for Meta 
1917       DEBUG main            d.u.i.k.j.TypeConverter   No LDT found for Meta 
1919       DEBUG main            d.u.i.k.j.TypeConverter   No LDT found for Meta 
1920       DEBUG main            d.u.i.k.j.TypeConverter   No LDT found for Meta 
3531       DEBUG main            d.u.i.k.j.TypeConverter   No LDT found for JavaBigintExpression 
9392       DEBUG main            d.u.i.k.p.i.AbstractProblemLoader Init config took 8.58s 
9635       INFO  main            d.u.i.k.p.i.AbstractProblemLoader Replaying proof simple_evoting.Environment[simple_evoting.Environment::untrustedOutputMessage([B)].Non-interference contract.0 
9727       DEBUG main            d.u.i.k.p.i.IntermediateProofReplayer Proof replay took 347.8ns 
9790       DEBUG main            d.u.i.k.m.s.ProofScriptEngine 1: 'macro 'infflow-autopilot'' 
10250      DEBUG main            d.u.i.k.p.m.ProofCorrectnessMgt No justification found for rule JML_represents_clause_for_simple_evoting_Environment_rep 
10390      DEBUG main            d.u.i.k.p.m.ProofCorrectnessMgt No justification found for rule JML_represents_clause_for_simple_evoting_Environment_rep 
11398      DEBUG main            d.u.i.k.p.m.ProofCorrectnessMgt No justification found for rule JML_represents_clause_for_simple_evoting_Environment_rep 
11891      DEBUG main            d.u.i.k.p.m.ProofCorrectnessMgt No justification found for rule JML_represents_clause_for_simple_evoting_Environment_rep 
13091      DEBUG main            d.u.i.k.p.m.ProofCorrectnessMgt No justification found for rule JML_represents_clause_for_simple_evoting_Environment_rep 
15201      INFO  main            d.u.i.k.p.r.p.TestFile    ... finished proof: closed. 
15355      INFO  main            d.u.i.k.p.r.p.TestFile    Now processing file /home/runner/work/key/key/key.core/../key.ui/examples/InformationFlow/SimpleEvoting/simple_evoting.Environment(simple_evoting.Environment__untrustedInputMessage()).Non-interference contract.0.m.key 
15356      INFO  main            d.u.i.k.p.i.AbstractProblemLoader Loading environment from /home/runner/work/key/key/key.core/../key.ui/examples/InformationFlow/SimpleEvoting/simple_evoting.Environment(simple_evoting.Environment__untrustedInputMessage()).Non-interference contract.0.m.key 
15356      DEBUG main            d.u.i.k.p.i.AbstractProblemLoader Environment load took 119.2ns 
15361      INFO  main            d.u.i.k.p.i.AbstractProblemLoader Creating init config 
18645      DEBUG main            d.u.i.k.p.i.AbstractProblemLoader Init config took 3.28s 
18727      INFO  main            d.u.i.k.p.i.AbstractProblemLoader Replaying proof simple_evoting.Environment[simple_evoting.Environment::untrustedInputMessage()].Non-interference contract.0 
18732      DEBUG main            d.u.i.k.p.i.IntermediateProofReplayer Proof replay took 13.3ns 
18733      DEBUG main            d.u.i.k.m.s.ProofScriptEngine 1: 'macro 'infflow-autopilot'' 
18811      DEBUG main            d.u.i.k.p.m.ProofCorrectnessMgt No justification found for rule JML_represents_clause_for_simple_evoting_Environment_rep 
19022      DEBUG main            d.u.i.k.p.m.ProofCorrectnessMgt No justification found for rule JML_represents_clause_for_simple_evoting_Environment_rep 
21517      INFO  main            d.u.i.k.p.r.p.TestFile    ... finished proof: closed. 
21696      INFO  main            d.u.i.k.p.r.p.TestFile    Now processing file /home/runner/work/key/key/key.core/../key.ui/examples/InformationFlow/SimpleEvoting/simple_evoting.Environment(simple_evoting.Environment__untrustedOutput(int)).Non-interference contract.0.m.key 
21697      INFO  main            d.u.i.k.p.i.AbstractProblemLoader Loading environment from /home/runner/work/key/key/key.core/../key.ui/examples/InformationFlow/SimpleEvoting/simple_evoting.Environment(simple_evoting.Environment__untrustedOutput(int)).Non-interference contract.0.m.key 
21699      DEBUG main            d.u.i.k.p.i.AbstractProblemLoader Environment load took 2.44ms 
21700      INFO  main            d.u.i.k.p.i.AbstractProblemLoader Creating init config 
24770      DEBUG main            d.u.i.k.p.i.AbstractProblemLoader Init config took 3.07s 
24845      INFO  main            d.u.i.k.p.i.AbstractProblemLoader Replaying proof simple_evoting.Environment[simple_evoting.Environment::untrustedOutput(int)].Non-interference contract.0 
24848      DEBUG main            d.u.i.k.p.i.IntermediateProofReplayer Proof replay took 12.7ns 
24849      DEBUG main            d.u.i.k.m.s.ProofScriptEngine 1: 'macro 'infflow-autopilot'' 
24924      INFO  main            d.u.i.k.p.r.p.TestFile    ... finished proof: closed. 
25084      INFO  main            d.u.i.k.p.r.p.TestFile    Now processing file /home/runner/work/key/key/key.core/../key.ui/examples/InformationFlow/SimpleEvoting/simple_evoting.Environment(simple_evoting.Environment__untrustedInput(int)).Non-interference contract.0.m.key 
25085      INFO  main            d.u.i.k.p.i.AbstractProblemLoader Loading environment from /home/runner/work/key/key/key.core/../key.ui/examples/InformationFlow/SimpleEvoting/simple_evoting.Environment(simple_evoting.Environment__untrustedInput(int)).Non-interference contract.0.m.key 
25085      DEBUG main            d.u.i.k.p.i.AbstractProblemLoader Environment load took 110.3ns 
25086      INFO  main            d.u.i.k.p.i.AbstractProblemLoader Creating init config 
28041      DEBUG main            d.u.i.k.p.i.AbstractProblemLoader Init config took 2.95s 
28104      INFO  main            d.u.i.k.p.i.AbstractProblemLoader Replaying proof simple_evoting.Environment[simple_evoting.Environment::untrustedInput(int)].Non-interference contract.0 
28106      DEBUG main            d.u.i.k.p.i.IntermediateProofReplayer Proof replay took 13.1ns 
28107      DEBUG main            d.u.i.k.m.s.ProofScriptEngine 1: 'macro 'infflow-autopilot'' 
28212      INFO  main            d.u.i.k.p.r.p.TestFile    ... finished proof: open goal(s) 
28352      INFO  main            d.u.i.k.p.r.p.TestFile    Now processing file /home/runner/work/key/key/key.core/../key.ui/examples/InformationFlow/SimpleEvoting/simple_evoting.Environment(simple_evoting.Environment__untrustedInput()).Non-interference contract.0.m.key 
28353      INFO  main            d.u.i.k.p.i.AbstractProblemLoader Loading environment from /home/runner/work/key/key/key.core/../key.ui/examples/InformationFlow/SimpleEvoting/simple_evoting.Environment(simple_evoting.Environment__untrustedInput()).Non-interference contract.0.m.key 
28353      DEBUG main            d.u.i.k.p.i.AbstractProblemLoader Environment load took 75.9ns 
28353      INFO  main            d.u.i.k.p.i.AbstractProblemLoader Creating init config 
31310      DEBUG main            d.u.i.k.p.i.AbstractProblemLoader Init config took 2.96s 
31388      INFO  main            d.u.i.k.p.i.AbstractProblemLoader Replaying proof simple_evoting.Environment[simple_evoting.Environment::untrustedInput()].Non-interference contract.0 
31390      DEBUG main            d.u.i.k.p.i.IntermediateProofReplayer Proof replay took 12.2ns 
31390      DEBUG main            d.u.i.k.m.s.ProofScriptEngine 1: 'macro 'infflow-autopilot'' 
31473      INFO  main            d.u.i.k.p.r.p.TestFile    ... finished proof: open goal(s) 
31621      INFO  main            d.u.i.k.p.r.p.TestFile    Now processing file /home/runner/work/key/key/key.core/../key.ui/examples/InformationFlow/SimpleEvoting/simple_evoting.SMT(simple_evoting.SMT__send(simple_evoting.Message,int,simple_evoting.Server)).Non-interference contract.1.m.key 
31622      INFO  main            d.u.i.k.p.i.AbstractProblemLoader Loading environment from /home/runner/work/key/key/key.core/../key.ui/examples/InformationFlow/SimpleEvoting/simple_evoting.SMT(simple_evoting.SMT__send(simple_evoting.Message,int,simple_evoting.Server)).Non-interference contract.1.m.key 
31622      DEBUG main            d.u.i.k.p.i.AbstractProblemLoader Environment load took 114.8ns 
31624      INFO  main            d.u.i.k.p.i.AbstractProblemLoader Creating init config 
34586      DEBUG main            d.u.i.k.p.i.AbstractProblemLoader Init config took 2.96s 
34655      INFO  main            d.u.i.k.p.i.AbstractProblemLoader Replaying proof simple_evoting.SMT[simple_evoting.SMT::send(simple_evoting.Message,int,simple_evoting.Server)].Non-interference contract.1 
34657      DEBUG main            d.u.i.k.p.i.IntermediateProofReplayer Proof replay took 13.7ns 
34657      DEBUG main            d.u.i.k.m.s.ProofScriptEngine 1: 'macro 'infflow-autopilot'' 
34708      DEBUG main            d.u.i.k.p.m.ProofCorrectnessMgt No justification found for rule Class_invariant_axiom_for_simple_evoting_Server 
34716      DEBUG main            d.u.i.k.p.m.ProofCorrectnessMgt No justification found for rule Class_invariant_axiom_for_simple_evoting_Message 
34757      DEBUG main            d.u.i.k.p.m.ProofCorrectnessMgt No justification found for rule JML_represents_clause_for_simple_evoting_Environment_rep 
34995      DEBUG main            d.u.i.k.p.m.ProofCorrectnessMgt No justification found for rule Class_invariant_axiom_for_simple_evoting_Server 
35083      DEBUG main            d.u.i.k.p.m.ProofCorrectnessMgt No justification found for rule Class_invariant_axiom_for_simple_evoting_Message 
35112      DEBUG main            d.u.i.k.p.m.ProofCorrectnessMgt No justification found for rule Class_invariant_axiom_for_simple_evoting_Server 
35149      DEBUG main            d.u.i.k.p.m.ProofCorrectnessMgt No justification found for rule Class_invariant_axiom_for_simple_evoting_Message 
36153      DEBUG main            d.u.i.k.p.m.ProofCorrectnessMgt No justification found for rule Class_invariant_axiom_for_simple_evoting_Server 
36305      DEBUG main            d.u.i.k.p.m.ProofCorrectnessMgt No justification found for rule Class_invariant_axiom_for_simple_evoting_Message 
36370      DEBUG main            d.u.i.k.p.m.ProofCorrectnessMgt No justification found for rule Class_invariant_axiom_for_simple_evoting_Message 
36397      DEBUG main            d.u.i.k.p.m.ProofCorrectnessMgt No justification found for rule Class_invariant_axiom_for_simple_evoting_Server 
36451      DEBUG main            d.u.i.k.p.m.ProofCorrectnessMgt No justification found for rule Class_invariant_axiom_for_simple_evoting_Message 
36465      DEBUG main            d.u.i.k.p.m.ProofCorrectnessMgt No justification found for rule Class_invariant_axiom_for_simple_evoting_Message 
36481      DEBUG main            d.u.i.k.p.m.ProofCorrectnessMgt No justification found for rule Class_invariant_axiom_for_simple_evoting_Server 
36528      DEBUG main            d.u.i.k.p.m.ProofCorrectnessMgt No justification found for rule Class_invariant_axiom_for_simple_evoting_Server 
36767      DEBUG main            d.u.i.k.p.m.ProofCorrectnessMgt No justification found for rule Class_invariant_axiom_for_simple_evoting_Message 
36790      DEBUG main            d.u.i.k.p.m.ProofCorrectnessMgt No justification found for rule Class_invariant_axiom_for_simple_evoting_Server 
36833      DEBUG main            d.u.i.k.p.m.ProofCorrectnessMgt No justification found for rule Class_invariant_axiom_for_simple_evoting_Server 
36906      DEBUG main            d.u.i.k.p.m.ProofCorrectnessMgt No justification found for rule Class_invariant_axiom_for_simple_evoting_Message 
36937      DEBUG main            d.u.i.k.p.m.ProofCorrectnessMgt No justification found for rule Class_invariant_axiom_for_simple_evoting_Server 
36969      DEBUG main            d.u.i.k.p.m.ProofCorrectnessMgt No justification found for rule Class_invariant_axiom_for_simple_evoting_Server 
37040      DEBUG main            d.u.i.k.p.m.ProofCorrectnessMgt No justification found for rule Class_invariant_axiom_for_simple_evoting_Server 
37105      DEBUG main            d.u.i.k.p.m.ProofCorrectnessMgt No justification found for rule Class_invariant_axiom_for_simple_evoting_Message 
37136      DEBUG main            d.u.i.k.p.m.ProofCorrectnessMgt No justification found for rule Class_invariant_axiom_for_simple_evoting_Server 
37193      DEBUG main            d.u.i.k.p.m.ProofCorrectnessMgt No justification found for rule Class_invariant_axiom_for_simple_evoting_Server 
37242      DEBUG main            d.u.i.k.p.m.ProofCorrectnessMgt No justification found for rule Class_invariant_axiom_for_simple_evoting_Message 
37259      DEBUG main            d.u.i.k.p.m.ProofCorrectnessMgt No justification found for rule Class_invariant_axiom_for_simple_evoting_Message 
37291      DEBUG main            d.u.i.k.p.m.ProofCorrectnessMgt No justification found for rule Class_invariant_axiom_for_simple_evoting_Server 
37357      DEBUG main            d.u.i.k.p.m.ProofCorrectnessMgt No justification found for rule Class_invariant_axiom_for_simple_evoting_Message 
37384      DEBUG main            d.u.i.k.p.m.ProofCorrectnessMgt No justification found for rule Class_invariant_axiom_for_simple_evoting_Message 
37426      DEBUG main            d.u.i.k.p.m.ProofCorrectnessMgt No justification found for rule Class_invariant_axiom_for_simple_evoting_Server 
37518      DEBUG main            d.u.i.k.p.m.ProofCorrectnessMgt No justification found for rule Class_invariant_axiom_for_simple_evoting_Message 
37549      DEBUG main            d.u.i.k.p.m.ProofCorrectnessMgt No justification found for rule Class_invariant_axiom_for_simple_evoting_Server 
37664      DEBUG main            d.u.i.k.p.m.ProofCorrectnessMgt No justification found for rule Class_invariant_axiom_for_simple_evoting_Message 
37700      DEBUG main            d.u.i.k.p.m.ProofCorrectnessMgt No justification found for rule Class_invariant_axiom_for_simple_evoting_Server 
37771      DEBUG main            d.u.i.k.p.m.ProofCorrectnessMgt No justification found for rule Class_invariant_axiom_for_simple_evoting_Message 
37799      DEBUG main            d.u.i.k.p.m.ProofCorrectnessMgt No justification found for rule Class_invariant_axiom_for_simple_evoting_Server 
37860      DEBUG main            d.u.i.k.p.m.ProofCorrectnessMgt No justification found for rule Class_invariant_axiom_for_simple_evoting_Message 
37888      DEBUG main            d.u.i.k.p.m.ProofCorrectnessMgt No justification found for rule Class_invariant_axiom_for_simple_evoting_Server 
37970      DEBUG main            d.u.i.k.p.m.ProofCorrectnessMgt No justification found for rule Class_invariant_axiom_for_simple_evoting_Server 
38057      DEBUG main            d.u.i.k.p.m.ProofCorrectnessMgt No justification found for rule Class_invariant_axiom_for_simple_evoting_Message 
38091      DEBUG main            d.u.i.k.p.m.ProofCorrectnessMgt No justification found for rule Class_invariant_axiom_for_simple_evoting_Message 
39076      DEBUG main            d.u.i.k.p.m.ProofCorrectnessMgt No justification found for rule JML_represents_clause_for_simple_evoting_Environment_rep 
39117      DEBUG main            d.u.i.k.p.m.ProofCorrectnessMgt No justification found for rule Class_invariant_axiom_for_simple_evoting_Message 
39158      DEBUG main            d.u.i.k.p.m.ProofCorrectnessMgt No justification found for rule Class_invariant_axiom_for_simple_evoting_Message 
39194      DEBUG main            d.u.i.k.p.m.ProofCorrectnessMgt No justification found for rule Class_invariant_axiom_for_simple_evoting_Message 
39232      DEBUG main            d.u.i.k.p.m.ProofCorrectnessMgt No justification found for rule Class_invariant_axiom_for_simple_evoting_Message 
39266      DEBUG main            d.u.i.k.p.m.ProofCorrectnessMgt No justification found for rule Class_invariant_axiom_for_simple_evoting_Message 
39304      DEBUG main            d.u.i.k.p.m.ProofCorrectnessMgt No justification found for rule Class_invariant_axiom_for_simple_evoting_Message 
39339      DEBUG main            d.u.i.k.p.m.ProofCorrectnessMgt No justification found for rule Class_invariant_axiom_for_simple_evoting_Message 
39377      DEBUG main            d.u.i.k.p.m.ProofCorrectnessMgt No justification found for rule Class_invariant_axiom_for_simple_evoting_Message 
39411      DEBUG main            d.u.i.k.p.m.ProofCorrectnessMgt No justification found for rule Class_invariant_axiom_for_simple_evoting_Message 
39449      DEBUG main            d.u.i.k.p.m.ProofCorrectnessMgt No justification found for rule Class_invariant_axiom_for_simple_evoting_Message 
39510      DEBUG main            d.u.i.k.p.m.ProofCorrectnessMgt No justification found for rule Class_invariant_axiom_for_simple_evoting_Message 
39702      DEBUG main            d.u.i.k.p.m.ProofCorrectnessMgt No justification found for rule Class_invariant_axiom_for_simple_evoting_Server 
39837      DEBUG main            d.u.i.k.p.m.ProofCorrectnessMgt No justification found for rule Class_invariant_axiom_for_simple_evoting_Server 
39919      DEBUG main            d.u.i.k.p.m.ProofCorrectnessMgt No justification found for rule Class_invariant_axiom_for_simple_evoting_Server 
39978      DEBUG main            d.u.i.k.p.m.ProofCorrectnessMgt No justification found for rule Class_invariant_axiom_for_simple_evoting_Server 
40047      DEBUG main            d.u.i.k.p.m.ProofCorrectnessMgt No justification found for rule Class_invariant_axiom_for_simple_evoting_Server 
40116      DEBUG main            d.u.i.k.p.m.ProofCorrectnessMgt No justification found for rule Class_invariant_axiom_for_simple_evoting_Server 
40175      DEBUG main            d.u.i.k.p.m.ProofCorrectnessMgt No justification found for rule Class_invariant_axiom_for_simple_evoting_Server 
40249      DEBUG main            d.u.i.k.p.m.ProofCorrectnessMgt No justification found for rule Class_invariant_axiom_for_simple_evoting_Server 
40309      DEBUG main            d.u.i.k.p.m.ProofCorrectnessMgt No justification found for rule Class_invariant_axiom_for_simple_evoting_Server 
40383      DEBUG main            d.u.i.k.p.m.ProofCorrectnessMgt No justification found for rule Class_invariant_axiom_for_simple_evoting_Server 
40489      DEBUG main            d.u.i.k.p.m.ProofCorrectnessMgt No justification found for rule Class_invariant_axiom_for_simple_evoting_Server 
40563      DEBUG main            d.u.i.k.p.m.ProofCorrectnessMgt No justification found for rule Class_invariant_axiom_for_simple_evoting_Server 
55436      DEBUG main            d.u.i.k.p.m.ProofCorrectnessMgt No justification found for rule Class_invariant_axiom_for_simple_evoting_Message 
55537      DEBUG main            d.u.i.k.p.m.ProofCorrectnessMgt No justification found for rule Class_invariant_axiom_for_simple_evoting_Server 
55619      DEBUG main            d.u.i.k.p.m.ProofCorrectnessMgt No justification found for rule Class_invariant_axiom_for_simple_evoting_Server 
55665      DEBUG main            d.u.i.k.p.m.ProofCorrectnessMgt No justification found for rule Class_invariant_axiom_for_simple_evoting_Message 
55727      DEBUG main            d.u.i.k.p.m.ProofCorrectnessMgt No justification found for rule Class_invariant_axiom_for_simple_evoting_Server 
55769      DEBUG main            d.u.i.k.p.m.ProofCorrectnessMgt No justification found for rule Class_invariant_axiom_for_simple_evoting_Message 
76797      INFO  main            d.u.i.k.p.r.p.TestFile    ... finished proof: closed. 
77133      INFO  main            d.u.i.k.p.r.p.TestFile    Now processing file /home/runner/work/key/key/key.core/../key.ui/examples/InformationFlow/SimpleEvoting/simple_evoting.SMT(simple_evoting.SMT__send(simple_evoting.Message,int,simple_evoting.Server)).Non-interference contract.0.m.key 
77133      INFO  main            d.u.i.k.p.i.AbstractProblemLoader Loading environment from /home/runner/work/key/key/key.core/../key.ui/examples/InformationFlow/SimpleEvoting/simple_evoting.SMT(simple_evoting.SMT__send(simple_evoting.Message,int,simple_evoting.Server)).Non-interference contract.0.m.key 
77134      DEBUG main            d.u.i.k.p.i.AbstractProblemLoader Environment load took 59.8ns 
77134      INFO  main            d.u.i.k.p.i.AbstractProblemLoader Creating init config 
80016      DEBUG main            d.u.i.k.p.i.AbstractProblemLoader Init config took 2.88s 
80093      INFO  main            d.u.i.k.p.i.AbstractProblemLoader Replaying proof simple_evoting.SMT[simple_evoting.SMT::send(simple_evoting.Message,int,simple_evoting.Server)].Non-interference contract.0 
80096      DEBUG main            d.u.i.k.p.i.IntermediateProofReplayer Proof replay took 14.9ns 
80097      DEBUG main            d.u.i.k.m.s.ProofScriptEngine 1: 'macro 'infflow-autopilot'' 
80156      DEBUG main            d.u.i.k.p.m.ProofCorrectnessMgt No justification found for rule Class_invariant_axiom_for_simple_evoting_Server 
80164      DEBUG main            d.u.i.k.p.m.ProofCorrectnessMgt No justification found for rule Class_invariant_axiom_for_simple_evoting_Message 
80204      DEBUG main            d.u.i.k.p.m.ProofCorrectnessMgt No justification found for rule JML_represents_clause_for_simple_evoting_Environment_rep 
80429      DEBUG main            d.u.i.k.p.m.ProofCorrectnessMgt No justification found for rule Class_invariant_axiom_for_simple_evoting_Server 
80506      DEBUG main            d.u.i.k.p.m.ProofCorrectnessMgt No justification found for rule Class_invariant_axiom_for_simple_evoting_Message 
80533      DEBUG main            d.u.i.k.p.m.ProofCorrectnessMgt No justification found for rule Class_invariant_axiom_for_simple_evoting_Message 
80542      DEBUG main            d.u.i.k.p.m.ProofCorrectnessMgt No justification found for rule Class_invariant_axiom_for_simple_evoting_Server 
81506      DEBUG main            d.u.i.k.p.m.ProofCorrectnessMgt No justification found for rule Class_invariant_axiom_for_simple_evoting_Server 
81647      DEBUG main            d.u.i.k.p.m.ProofCorrectnessMgt No justification found for rule Class_invariant_axiom_for_simple_evoting_Message 
81712      DEBUG main            d.u.i.k.p.m.ProofCorrectnessMgt No justification found for rule Class_invariant_axiom_for_simple_evoting_Message 
81735      DEBUG main            d.u.i.k.p.m.ProofCorrectnessMgt No justification found for rule Class_invariant_axiom_for_simple_evoting_Server 
81800      DEBUG main            d.u.i.k.p.m.ProofCorrectnessMgt No justification found for rule Class_invariant_axiom_for_simple_evoting_Server 
81868      DEBUG main            d.u.i.k.p.m.ProofCorrectnessMgt No justification found for rule Class_invariant_axiom_for_simple_evoting_Message 
81890      DEBUG main            d.u.i.k.p.m.ProofCorrectnessMgt No justification found for rule Class_invariant_axiom_for_simple_evoting_Server 
82131      DEBUG main            d.u.i.k.p.m.ProofCorrectnessMgt No justification found for rule Class_invariant_axiom_for_simple_evoting_Message 
82153      DEBUG main            d.u.i.k.p.m.ProofCorrectnessMgt No justification found for rule Class_invariant_axiom_for_simple_evoting_Message 
82169      DEBUG main            d.u.i.k.p.m.ProofCorrectnessMgt No justification found for rule Class_invariant_axiom_for_simple_evoting_Server 
82277      DEBUG main            d.u.i.k.p.m.ProofCorrectnessMgt No justification found for rule Class_invariant_axiom_for_simple_evoting_Message 
82302      DEBUG main            d.u.i.k.p.m.ProofCorrectnessMgt No justification found for rule Class_invariant_axiom_for_simple_evoting_Message 
82320      DEBUG main            d.u.i.k.p.m.ProofCorrectnessMgt No justification found for rule Class_invariant_axiom_for_simple_evoting_Server 
82365      DEBUG main            d.u.i.k.p.m.ProofCorrectnessMgt No justification found for rule Class_invariant_axiom_for_simple_evoting_Message 
82386      DEBUG main            d.u.i.k.p.m.ProofCorrectnessMgt No justification found for rule Class_invariant_axiom_for_simple_evoting_Message 
82411      DEBUG main            d.u.i.k.p.m.ProofCorrectnessMgt No justification found for rule Class_invariant_axiom_for_simple_evoting_Server 
82473      DEBUG main            d.u.i.k.p.m.ProofCorrectnessMgt No justification found for rule Class_invariant_axiom_for_simple_evoting_Server 
82505      DEBUG main            d.u.i.k.p.m.ProofCorrectnessMgt No justification found for rule Class_invariant_axiom_for_simple_evoting_Message 
82524      DEBUG main            d.u.i.k.p.m.ProofCorrectnessMgt No justification found for rule Class_invariant_axiom_for_simple_evoting_Server 
82578      DEBUG main            d.u.i.k.p.m.ProofCorrectnessMgt No justification found for rule Class_invariant_axiom_for_simple_evoting_Server 
82622      DEBUG main            d.u.i.k.p.m.ProofCorrectnessMgt No justification found for rule Class_invariant_axiom_for_simple_evoting_Server 
82650      DEBUG main            d.u.i.k.p.m.ProofCorrectnessMgt No justification found for rule Class_invariant_axiom_for_simple_evoting_Server 
82690      DEBUG main            d.u.i.k.p.m.ProofCorrectnessMgt No justification found for rule Class_invariant_axiom_for_simple_evoting_Server 
82775      DEBUG main            d.u.i.k.p.m.ProofCorrectnessMgt No justification found for rule Class_invariant_axiom_for_simple_evoting_Server 
82850      DEBUG main            d.u.i.k.p.m.ProofCorrectnessMgt No justification found for rule Class_invariant_axiom_for_simple_evoting_Message 
82878      DEBUG main            d.u.i.k.p.m.ProofCorrectnessMgt No justification found for rule Class_invariant_axiom_for_simple_evoting_Message 
82900      DEBUG main            d.u.i.k.p.m.ProofCorrectnessMgt No justification found for rule Class_invariant_axiom_for_simple_evoting_Message 
82931      DEBUG main            d.u.i.k.p.m.ProofCorrectnessMgt No justification found for rule Class_invariant_axiom_for_simple_evoting_Server 
83000      DEBUG main            d.u.i.k.p.m.ProofCorrectnessMgt No justification found for rule Class_invariant_axiom_for_simple_evoting_Message 
83026      DEBUG main            d.u.i.k.p.m.ProofCorrectnessMgt No justification found for rule Class_invariant_axiom_for_simple_evoting_Server 
83259      DEBUG main            d.u.i.k.p.m.ProofCorrectnessMgt No justification found for rule Class_invariant_axiom_for_simple_evoting_Server 
83340      DEBUG main            d.u.i.k.p.m.ProofCorrectnessMgt No justification found for rule Class_invariant_axiom_for_simple_evoting_Message 
83371      DEBUG main            d.u.i.k.p.m.ProofCorrectnessMgt No justification found for rule Class_invariant_axiom_for_simple_evoting_Message 
83397      DEBUG main            d.u.i.k.p.m.ProofCorrectnessMgt No justification found for rule Class_invariant_axiom_for_simple_evoting_Message 
83432      DEBUG main            d.u.i.k.p.m.ProofCorrectnessMgt No justification found for rule Class_invariant_axiom_for_simple_evoting_Message 
83463      DEBUG main            d.u.i.k.p.m.ProofCorrectnessMgt No justification found for rule Class_invariant_axiom_for_simple_evoting_Server 
83523      DEBUG main            d.u.i.k.p.m.ProofCorrectnessMgt No justification found for rule Class_invariant_axiom_for_simple_evoting_Server 
83568      DEBUG main            d.u.i.k.p.m.ProofCorrectnessMgt No justification found for rule Class_invariant_axiom_for_simple_evoting_Server 
84384      DEBUG main            d.u.i.k.p.m.ProofCorrectnessMgt No justification found for rule JML_represents_clause_for_simple_evoting_Environment_rep 
84504      DEBUG main            d.u.i.k.p.m.ProofCorrectnessMgt No justification found for rule Class_invariant_axiom_for_simple_evoting_Message 
84541      DEBUG main            d.u.i.k.p.m.ProofCorrectnessMgt No justification found for rule Class_invariant_axiom_for_simple_evoting_Message 
84574      DEBUG main            d.u.i.k.p.m.ProofCorrectnessMgt No justification found for rule Class_invariant_axiom_for_simple_evoting_Message 
84610      DEBUG main            d.u.i.k.p.m.ProofCorrectnessMgt No justification found for rule Class_invariant_axiom_for_simple_evoting_Message 
84643      DEBUG main            d.u.i.k.p.m.ProofCorrectnessMgt No justification found for rule Class_invariant_axiom_for_simple_evoting_Message 
84679      DEBUG main            d.u.i.k.p.m.ProofCorrectnessMgt No justification found for rule Class_invariant_axiom_for_simple_evoting_Message 
84712      DEBUG main            d.u.i.k.p.m.ProofCorrectnessMgt No justification found for rule Class_invariant_axiom_for_simple_evoting_Message 
84748      DEBUG main            d.u.i.k.p.m.ProofCorrectnessMgt No justification found for rule Class_invariant_axiom_for_simple_evoting_Message 
84780      DEBUG main            d.u.i.k.p.m.ProofCorrectnessMgt No justification found for rule Class_invariant_axiom_for_simple_evoting_Message 
84817      DEBUG main            d.u.i.k.p.m.ProofCorrectnessMgt No justification found for rule Class_invariant_axiom_for_simple_evoting_Message 
85045      DEBUG main            d.u.i.k.p.m.ProofCorrectnessMgt No justification found for rule Class_invariant_axiom_for_simple_evoting_Server 
85122      DEBUG main            d.u.i.k.p.m.ProofCorrectnessMgt No justification found for rule Class_invariant_axiom_for_simple_evoting_Server 
85227      DEBUG main            d.u.i.k.p.m.ProofCorrectnessMgt No justification found for rule Class_invariant_axiom_for_simple_evoting_Server 
85287      DEBUG main            d.u.i.k.p.m.ProofCorrectnessMgt No justification found for rule Class_invariant_axiom_for_simple_evoting_Server 
85357      DEBUG main            d.u.i.k.p.m.ProofCorrectnessMgt No justification found for rule Class_invariant_axiom_for_simple_evoting_Server 
85416      DEBUG main            d.u.i.k.p.m.ProofCorrectnessMgt No justification found for rule Class_invariant_axiom_for_simple_evoting_Server 
85486      DEBUG main            d.u.i.k.p.m.ProofCorrectnessMgt No justification found for rule Class_invariant_axiom_for_simple_evoting_Server 
85542      DEBUG main            d.u.i.k.p.m.ProofCorrectnessMgt No justification found for rule Class_invariant_axiom_for_simple_evoting_Server 
85613      DEBUG main            d.u.i.k.p.m.ProofCorrectnessMgt No justification found for rule Class_invariant_axiom_for_simple_evoting_Server 
85672      DEBUG main            d.u.i.k.p.m.ProofCorrectnessMgt No justification found for rule Class_invariant_axiom_for_simple_evoting_Server 
99368      DEBUG main            d.u.i.k.p.m.ProofCorrectnessMgt No justification found for rule Class_invariant_axiom_for_simple_evoting_Message 
99424      DEBUG main            d.u.i.k.p.m.ProofCorrectnessMgt No justification found for rule Class_invariant_axiom_for_simple_evoting_Server 
99506      DEBUG main            d.u.i.k.p.m.ProofCorrectnessMgt No justification found for rule Class_invariant_axiom_for_simple_evoting_Message 
99533      DEBUG main            d.u.i.k.p.m.ProofCorrectnessMgt No justification found for rule Class_invariant_axiom_for_simple_evoting_Server 
99599      DEBUG main            d.u.i.k.p.m.ProofCorrectnessMgt No justification found for rule Class_invariant_axiom_for_simple_evoting_Message 
99624      DEBUG main            d.u.i.k.p.m.ProofCorrectnessMgt No justification found for rule Class_invariant_axiom_for_simple_evoting_Server 
122854     INFO  main            d.u.i.k.p.r.p.TestFile    ... finished proof: closed. 
123152     INFO  main            d.u.i.k.p.r.p.TestFile    Now processing file /home/runner/work/key/key/key.core/../key.ui/examples/InformationFlow/SimpleEvoting/simple_evoting.SMTEnv(simple_evoting.SMTEnv__send(int,int,int,simple_evoting.Server,int)).Non-interference contract.0.m.key 
123154     INFO  main            d.u.i.k.p.i.AbstractProblemLoader Loading environment from /home/runner/work/key/key/key.core/../key.ui/examples/InformationFlow/SimpleEvoting/simple_evoting.SMTEnv(simple_evoting.SMTEnv__send(int,int,int,simple_evoting.Server,int)).Non-interference contract.0.m.key 
123154     DEBUG main            d.u.i.k.p.i.AbstractProblemLoader Environment load took 88.6ns 
123155     INFO  main            d.u.i.k.p.i.AbstractProblemLoader Creating init config 
126043     DEBUG main            d.u.i.k.p.i.AbstractProblemLoader Init config took 2.89s 
126100     INFO  main            d.u.i.k.p.i.AbstractProblemLoader Replaying proof simple_evoting.SMTEnv[simple_evoting.SMTEnv::send(int,int,int,simple_evoting.Server,int)].Non-interference contract.0 
126102     DEBUG main            d.u.i.k.p.i.IntermediateProofReplayer Proof replay took 13.4ns 
126103     DEBUG main            d.u.i.k.m.s.ProofScriptEngine 1: 'macro 'infflow-autopilot'' 
126153     DEBUG main            d.u.i.k.p.m.ProofCorrectnessMgt No justification found for rule JML_represents_clause_for_simple_evoting_Environment_rep 
126168     DEBUG main            d.u.i.k.p.m.ProofCorrectnessMgt No justification found for rule JML_represents_clause_for_simple_evoting_Environment_rep 
126184     DEBUG main            d.u.i.k.p.m.ProofCorrectnessMgt No justification found for rule JML_represents_clause_for_simple_evoting_Environment_rep 
126198     DEBUG main            d.u.i.k.p.m.ProofCorrectnessMgt No justification found for rule JML_represents_clause_for_simple_evoting_Environment_rep 
126214     DEBUG main            d.u.i.k.p.m.ProofCorrectnessMgt No justification found for rule JML_represents_clause_for_simple_evoting_Environment_rep 
126266     DEBUG main            d.u.i.k.p.m.ProofCorrectnessMgt No justification found for rule JML_represents_clause_for_simple_evoting_Environment_rep 
127430     INFO  main            d.u.i.k.p.r.p.TestFile    ... finished proof: closed. 
127706     INFO  main            d.u.i.k.p.r.p.TestFile    Now processing file /home/runner/work/key/key/key.core/../key.ui/examples/InformationFlow/SimpleEvoting/simple_evoting.NetworkClient(simple_evoting.NetworkClient__send((B,simple_evoting.Server,int)).Non-interference contract.0.m.key 
127707     INFO  main            d.u.i.k.p.i.AbstractProblemLoader Loading environment from /home/runner/work/key/key/key.core/../key.ui/examples/InformationFlow/SimpleEvoting/simple_evoting.NetworkClient(simple_evoting.NetworkClient__send((B,simple_evoting.Server,int)).Non-interference contract.0.m.key 
127707     DEBUG main            d.u.i.k.p.i.AbstractProblemLoader Environment load took 56.3ns 
127711     INFO  main            d.u.i.k.p.i.AbstractProblemLoader Creating init config 
130573     DEBUG main            d.u.i.k.p.i.AbstractProblemLoader Init config took 2.86s 
130627     INFO  main            d.u.i.k.p.i.AbstractProblemLoader Replaying proof simple_evoting.NetworkClient[simple_evoting.NetworkClient::send([B,simple_evoting.Server,int)].Non-interference contract.0 
130629     DEBUG main            d.u.i.k.p.i.IntermediateProofReplayer Proof replay took 12.4ns 
130630     DEBUG main            d.u.i.k.m.s.ProofScriptEngine 1: 'macro 'infflow-autopilot'' 
130676     DEBUG main            d.u.i.k.p.m.ProofCorrectnessMgt No justification found for rule JML_represents_clause_for_simple_evoting_Environment_rep 
130697     DEBUG main            d.u.i.k.p.m.ProofCorrectnessMgt No justification found for rule JML_represents_clause_for_simple_evoting_Environment_rep 
130711     DEBUG main            d.u.i.k.p.m.ProofCorrectnessMgt No justification found for rule JML_represents_clause_for_simple_evoting_Environment_rep 
131693     INFO  main            d.u.i.k.p.r.p.TestFile    ... finished proof: closed. 
131885     INFO  main            d.u.i.k.p.r.p.TestFile    Now processing file /home/runner/work/key/key/key.core/../key.ui/examples/InformationFlow/SimpleEvoting/simple_evoting.Voter(simple_evoting.Voter__onSendBallot(simple_evoting.Server)).Non-interference contract.1.m.key 
131885     INFO  main            d.u.i.k.p.i.AbstractProblemLoader Loading environment from /home/runner/work/key/key/key.core/../key.ui/examples/InformationFlow/SimpleEvoting/simple_evoting.Voter(simple_evoting.Voter__onSendBallot(simple_evoting.Server)).Non-interference contract.1.m.key 
131885     DEBUG main            d.u.i.k.p.i.AbstractProblemLoader Environment load took 53.3ns 
131886     INFO  main            d.u.i.k.p.i.AbstractProblemLoader Creating init config 
134765     DEBUG main            d.u.i.k.p.i.AbstractProblemLoader Init config took 2.88s 
134826     INFO  main            d.u.i.k.p.i.AbstractProblemLoader Replaying proof simple_evoting.Voter[simple_evoting.Voter::onSendBallot(simple_evoting.Server)].Non-interference contract.1 
134829     DEBUG main            d.u.i.k.p.i.IntermediateProofReplayer Proof replay took 13.8ns 
134829     DEBUG main            d.u.i.k.m.s.ProofScriptEngine 1: 'macro 'infflow-autopilot'' 
134868     DEBUG main            d.u.i.k.p.m.ProofCorrectnessMgt No justification found for rule Class_invariant_axiom_for_simple_evoting_Voter 
134871     DEBUG main            d.u.i.k.p.m.ProofCorrectnessMgt No justification found for rule Class_invariant_axiom_for_simple_evoting_Server 
135423     DEBUG main            d.u.i.k.p.m.ProofCorrectnessMgt No justification found for rule Class_invariant_axiom_for_simple_evoting_Message 
135472     DEBUG main            d.u.i.k.p.m.ProofCorrectnessMgt No justification found for rule Class_invariant_axiom_for_simple_evoting_Server 
135603     DEBUG main            d.u.i.k.p.m.ProofCorrectnessMgt No justification found for rule Class_invariant_axiom_for_simple_evoting_Message 
135651     DEBUG main            d.u.i.k.p.m.ProofCorrectnessMgt No justification found for rule Class_invariant_axiom_for_simple_evoting_Server 
137999     DEBUG main            d.u.i.k.p.m.ProofCorrectnessMgt No justification found for rule JML_represents_clause_for_simple_evoting_Environment_rep 
138006     DEBUG main            d.u.i.k.p.m.ProofCorrectnessMgt No justification found for rule JML_represents_clause_for_simple_evoting_Environment_rep 
138065     DEBUG main            d.u.i.k.p.m.ProofCorrectnessMgt No justification found for rule JML_represents_clause_for_simple_evoting_Environment_rep 
138079     DEBUG main            d.u.i.k.p.m.ProofCorrectnessMgt No justification found for rule JML_represents_clause_for_simple_evoting_Environment_rep 
138091     DEBUG main            d.u.i.k.p.m.ProofCorrectnessMgt No justification found for rule JML_represents_clause_for_simple_evoting_Environment_rep 
138111     DEBUG main            d.u.i.k.p.m.ProofCorrectnessMgt No justification found for rule JML_represents_clause_for_simple_evoting_Environment_rep 
138118     DEBUG main            d.u.i.k.p.m.ProofCorrectnessMgt No justification found for rule JML_represents_clause_for_simple_evoting_Environment_rep 
138138     DEBUG main            d.u.i.k.p.m.ProofCorrectnessMgt No justification found for rule JML_represents_clause_for_simple_evoting_Environment_rep 
138145     DEBUG main            d.u.i.k.p.m.ProofCorrectnessMgt No justification found for rule JML_represents_clause_for_simple_evoting_Environment_rep 
138152     DEBUG main            d.u.i.k.p.m.ProofCorrectnessMgt No justification found for rule JML_represents_clause_for_simple_evoting_Environment_rep 
138171     DEBUG main            d.u.i.k.p.m.ProofCorrectnessMgt No justification found for rule JML_represents_clause_for_simple_evoting_Environment_rep 
138178     DEBUG main            d.u.i.k.p.m.ProofCorrectnessMgt No justification found for rule JML_represents_clause_for_simple_evoting_Environment_rep 
138191     DEBUG main            d.u.i.k.p.m.ProofCorrectnessMgt No justification found for rule JML_represents_clause_for_simple_evoting_Environment_rep 
138197     DEBUG main            d.u.i.k.p.m.ProofCorrectnessMgt No justification found for rule JML_represents_clause_for_simple_evoting_Environment_rep 
138217     DEBUG main            d.u.i.k.p.m.ProofCorrectnessMgt No justification found for rule Class_invariant_axiom_for_simple_evoting_Server 
138573     DEBUG main            d.u.i.k.p.m.ProofCorrectnessMgt No justification found for rule Class_invariant_axiom_for_simple_evoting_Server 
138813     DEBUG main            d.u.i.k.p.m.ProofCorrectnessMgt No justification found for rule Class_invariant_axiom_for_simple_evoting_Message 
138916     DEBUG main            d.u.i.k.p.m.ProofCorrectnessMgt No justification found for rule Class_invariant_axiom_for_simple_evoting_Server 
139112     DEBUG main            d.u.i.k.p.m.ProofCorrectnessMgt No justification found for rule Class_invariant_axiom_for_simple_evoting_Message 
139170     DEBUG main            d.u.i.k.p.m.ProofCorrectnessMgt No justification found for rule Class_invariant_axiom_for_simple_evoting_Server 
139515     DEBUG main            d.u.i.k.p.m.ProofCorrectnessMgt No justification found for rule Class_invariant_axiom_for_simple_evoting_Message 
139631     DEBUG main            d.u.i.k.p.m.ProofCorrectnessMgt No justification found for rule Class_invariant_axiom_for_simple_evoting_Message 
139742     DEBUG main            d.u.i.k.p.m.ProofCorrectnessMgt No justification found for rule Class_invariant_axiom_for_simple_evoting_Server 
140048     DEBUG main            d.u.i.k.p.m.ProofCorrectnessMgt No justification found for rule Class_invariant_axiom_for_simple_evoting_Message 
140162     DEBUG main            d.u.i.k.p.m.ProofCorrectnessMgt No justification found for rule Class_invariant_axiom_for_simple_evoting_Server 
140536     DEBUG main            d.u.i.k.p.m.ProofCorrectnessMgt No justification found for rule Class_invariant_axiom_for_simple_evoting_Message 
140659     DEBUG main            d.u.i.k.p.m.ProofCorrectnessMgt No justification found for rule Class_invariant_axiom_for_simple_evoting_Message 
140784     DEBUG main            d.u.i.k.p.m.ProofCorrectnessMgt No justification found for rule Class_invariant_axiom_for_simple_evoting_Server 
141115     DEBUG main            d.u.i.k.p.m.ProofCorrectnessMgt No justification found for rule Class_invariant_axiom_for_simple_evoting_Server 
141428     DEBUG main            d.u.i.k.p.m.ProofCorrectnessMgt No justification found for rule Class_invariant_axiom_for_simple_evoting_Message 
141630     DEBUG main            d.u.i.k.p.m.ProofCorrectnessMgt No justification found for rule Class_invariant_axiom_for_simple_evoting_Message 
141858     DEBUG main            d.u.i.k.p.m.ProofCorrectnessMgt No justification found for rule Class_invariant_axiom_for_simple_evoting_Message 
141927     DEBUG main            d.u.i.k.p.m.ProofCorrectnessMgt No justification found for rule Class_invariant_axiom_for_simple_evoting_Message 
142036     DEBUG main            d.u.i.k.p.m.ProofCorrectnessMgt No justification found for rule Class_invariant_axiom_for_simple_evoting_Message 
142132     DEBUG main            d.u.i.k.p.m.ProofCorrectnessMgt No justification found for rule Class_invariant_axiom_for_simple_evoting_Message 
142232     DEBUG main            d.u.i.k.p.m.ProofCorrectnessMgt No justification found for rule Class_invariant_axiom_for_simple_evoting_Server 
142541     DEBUG main            d.u.i.k.p.m.ProofCorrectnessMgt No justification found for rule Class_invariant_axiom_for_simple_evoting_Message 
142680     DEBUG main            d.u.i.k.p.m.ProofCorrectnessMgt No justification found for rule Class_invariant_axiom_for_simple_evoting_Message 
142789     DEBUG main            d.u.i.k.p.m.ProofCorrectnessMgt No justification found for rule Class_invariant_axiom_for_simple_evoting_Message 
142900     DEBUG main            d.u.i.k.p.m.ProofCorrectnessMgt No justification found for rule Class_invariant_axiom_for_simple_evoting_Server 
143190     DEBUG main            d.u.i.k.p.m.ProofCorrectnessMgt No justification found for rule Class_invariant_axiom_for_simple_evoting_Server 
143466     DEBUG main            d.u.i.k.p.m.ProofCorrectnessMgt No justification found for rule Class_invariant_axiom_for_simple_evoting_Message 
144884     DEBUG main            d.u.i.k.p.m.ProofCorrectnessMgt No justification found for rule Class_invariant_axiom_for_simple_evoting_Server 
145076     DEBUG main            d.u.i.k.p.m.ProofCorrectnessMgt No justification found for rule Class_invariant_axiom_for_simple_evoting_Server 
145307     DEBUG main            d.u.i.k.p.m.ProofCorrectnessMgt No justification found for rule Class_invariant_axiom_for_simple_evoting_Server 
145495     DEBUG main            d.u.i.k.p.m.ProofCorrectnessMgt No justification found for rule Class_invariant_axiom_for_simple_evoting_Server 
146260     DEBUG main            d.u.i.k.p.m.ProofCorrectnessMgt No justification found for rule Class_invariant_axiom_for_simple_evoting_Message 
146365     DEBUG main            d.u.i.k.p.m.ProofCorrectnessMgt No justification found for rule Class_invariant_axiom_for_simple_evoting_Server 
152264     INFO  main            d.u.i.k.p.r.p.TestFile    ... finished proof: closed. 
152540     INFO  main            d.u.i.k.p.r.p.TestFile    Now processing file /home/runner/work/key/key/key.core/../key.ui/examples/InformationFlow/SimpleEvoting/simple_evoting.Voter(simple_evoting.Voter__onSendBallot(simple_evoting.Server)).Non-interference contract.0.m.key 
152540     INFO  main            d.u.i.k.p.i.AbstractProblemLoader Loading environment from /home/runner/work/key/key/key.core/../key.ui/examples/InformationFlow/SimpleEvoting/simple_evoting.Voter(simple_evoting.Voter__onSendBallot(simple_evoting.Server)).Non-interference contract.0.m.key 
152540     DEBUG main            d.u.i.k.p.i.AbstractProblemLoader Environment load took 53.9ns 
152541     INFO  main            d.u.i.k.p.i.AbstractProblemLoader Creating init config 
155415     DEBUG main            d.u.i.k.p.i.AbstractProblemLoader Init config took 2.87s 
155468     INFO  main            d.u.i.k.p.i.AbstractProblemLoader Replaying proof simple_evoting.Voter[simple_evoting.Voter::onSendBallot(simple_evoting.Server)].Non-interference contract.0 
155470     DEBUG main            d.u.i.k.p.i.IntermediateProofReplayer Proof replay took 13.3ns 
155470     DEBUG main            d.u.i.k.m.s.ProofScriptEngine 1: 'macro 'infflow-autopilot'' 
155533     DEBUG main            d.u.i.k.p.m.ProofCorrectnessMgt No justification found for rule Class_invariant_axiom_for_simple_evoting_Voter 
155536     DEBUG main            d.u.i.k.p.m.ProofCorrectnessMgt No justification found for rule Class_invariant_axiom_for_simple_evoting_Server 
156021     DEBUG main            d.u.i.k.p.m.ProofCorrectnessMgt No justification found for rule Class_invariant_axiom_for_simple_evoting_Server 
156166     DEBUG main            d.u.i.k.p.m.ProofCorrectnessMgt No justification found for rule Class_invariant_axiom_for_simple_evoting_Message 
156210     DEBUG main            d.u.i.k.p.m.ProofCorrectnessMgt No justification found for rule Class_invariant_axiom_for_simple_evoting_Message 
156249     DEBUG main            d.u.i.k.p.m.ProofCorrectnessMgt No justification found for rule Class_invariant_axiom_for_simple_evoting_Server 
158690     DEBUG main            d.u.i.k.p.m.ProofCorrectnessMgt No justification found for rule JML_represents_clause_for_simple_evoting_Environment_rep 
158696     DEBUG main            d.u.i.k.p.m.ProofCorrectnessMgt No justification found for rule JML_represents_clause_for_simple_evoting_Environment_rep 
158749     DEBUG main            d.u.i.k.p.m.ProofCorrectnessMgt No justification found for rule JML_represents_clause_for_simple_evoting_Environment_rep 
158763     DEBUG main            d.u.i.k.p.m.ProofCorrectnessMgt No justification found for rule JML_represents_clause_for_simple_evoting_Environment_rep 
158769     DEBUG main            d.u.i.k.p.m.ProofCorrectnessMgt No justification found for rule JML_represents_clause_for_simple_evoting_Environment_rep 
158776     DEBUG main            d.u.i.k.p.m.ProofCorrectnessMgt No justification found for rule JML_represents_clause_for_simple_evoting_Environment_rep 
158789     DEBUG main            d.u.i.k.p.m.ProofCorrectnessMgt No justification found for rule JML_represents_clause_for_simple_evoting_Environment_rep 
158795     DEBUG main            d.u.i.k.p.m.ProofCorrectnessMgt No justification found for rule JML_represents_clause_for_simple_evoting_Environment_rep 
158814     DEBUG main            d.u.i.k.p.m.ProofCorrectnessMgt No justification found for rule JML_represents_clause_for_simple_evoting_Environment_rep 
158852     DEBUG main            d.u.i.k.p.m.ProofCorrectnessMgt No justification found for rule JML_represents_clause_for_simple_evoting_Environment_rep 
158859     DEBUG main            d.u.i.k.p.m.ProofCorrectnessMgt No justification found for rule JML_represents_clause_for_simple_evoting_Environment_rep 
158865     DEBUG main            d.u.i.k.p.m.ProofCorrectnessMgt No justification found for rule JML_represents_clause_for_simple_evoting_Environment_rep 
158878     DEBUG main            d.u.i.k.p.m.ProofCorrectnessMgt No justification found for rule JML_represents_clause_for_simple_evoting_Environment_rep 
158884     DEBUG main            d.u.i.k.p.m.ProofCorrectnessMgt No justification found for rule JML_represents_clause_for_simple_evoting_Environment_rep 
158919     DEBUG main            d.u.i.k.p.m.ProofCorrectnessMgt No justification found for rule Class_invariant_axiom_for_simple_evoting_Message 
159052     DEBUG main            d.u.i.k.p.m.ProofCorrectnessMgt No justification found for rule Class_invariant_axiom_for_simple_evoting_Message 
159119     DEBUG main            d.u.i.k.p.m.ProofCorrectnessMgt No justification found for rule Class_invariant_axiom_for_simple_evoting_Message 
159229     DEBUG main            d.u.i.k.p.m.ProofCorrectnessMgt No justification found for rule Class_invariant_axiom_for_simple_evoting_Server 
159590     DEBUG main            d.u.i.k.p.m.ProofCorrectnessMgt No justification found for rule Class_invariant_axiom_for_simple_evoting_Message 
159700     DEBUG main            d.u.i.k.p.m.ProofCorrectnessMgt No justification found for rule Class_invariant_axiom_for_simple_evoting_Server 
160038     DEBUG main            d.u.i.k.p.m.ProofCorrectnessMgt No justification found for rule Class_invariant_axiom_for_simple_evoting_Message 
160139     DEBUG main            d.u.i.k.p.m.ProofCorrectnessMgt No justification found for rule Class_invariant_axiom_for_simple_evoting_Server 
160428     DEBUG main            d.u.i.k.p.m.ProofCorrectnessMgt No justification found for rule Class_invariant_axiom_for_simple_evoting_Message 
160541     DEBUG main            d.u.i.k.p.m.ProofCorrectnessMgt No justification found for rule Class_invariant_axiom_for_simple_evoting_Message 
160693     DEBUG main            d.u.i.k.p.m.ProofCorrectnessMgt No justification found for rule Class_invariant_axiom_for_simple_evoting_Message 
160813     DEBUG main            d.u.i.k.p.m.ProofCorrectnessMgt No justification found for rule Class_invariant_axiom_for_simple_evoting_Message 
160975     DEBUG main            d.u.i.k.p.m.ProofCorrectnessMgt No justification found for rule Class_invariant_axiom_for_simple_evoting_Message 
161065     DEBUG main            d.u.i.k.p.m.ProofCorrectnessMgt No justification found for rule Class_invariant_axiom_for_simple_evoting_Message 
161175     DEBUG main            d.u.i.k.p.m.ProofCorrectnessMgt No justification found for rule Class_invariant_axiom_for_simple_evoting_Server 
161471     DEBUG main            d.u.i.k.p.m.ProofCorrectnessMgt No justification found for rule Class_invariant_axiom_for_simple_evoting_Server 
161794     DEBUG main            d.u.i.k.p.m.ProofCorrectnessMgt No justification found for rule Class_invariant_axiom_for_simple_evoting_Message 
161898     DEBUG main            d.u.i.k.p.m.ProofCorrectnessMgt No justification found for rule Class_invariant_axiom_for_simple_evoting_Message 
162003     DEBUG main            d.u.i.k.p.m.ProofCorrectnessMgt No justification found for rule Class_invariant_axiom_for_simple_evoting_Message 
162101     DEBUG main            d.u.i.k.p.m.ProofCorrectnessMgt No justification found for rule Class_invariant_axiom_for_simple_evoting_Server 
162389     DEBUG main            d.u.i.k.p.m.ProofCorrectnessMgt No justification found for rule Class_invariant_axiom_for_simple_evoting_Message 
162493     DEBUG main            d.u.i.k.p.m.ProofCorrectnessMgt No justification found for rule Class_invariant_axiom_for_simple_evoting_Server 
162721     DEBUG main            d.u.i.k.p.m.ProofCorrectnessMgt No justification found for rule Class_invariant_axiom_for_simple_evoting_Message 
164324     DEBUG main            d.u.i.k.p.m.ProofCorrectnessMgt No justification found for rule Class_invariant_axiom_for_simple_evoting_Message 
164404     DEBUG main            d.u.i.k.p.m.ProofCorrectnessMgt No justification found for rule Class_invariant_axiom_for_simple_evoting_Server 
165253     DEBUG main            d.u.i.k.p.m.ProofCorrectnessMgt No justification found for rule Class_invariant_axiom_for_simple_evoting_Message 
165314     DEBUG main            d.u.i.k.p.m.ProofCorrectnessMgt No justification found for rule Class_invariant_axiom_for_simple_evoting_Server 
171596     INFO  main            d.u.i.k.p.r.p.TestFile    ... finished proof: closed. 
2639021    INFO  Test worker     d.u.i.k.p.r.RunAllProofsTestUnit Returning from test SimpleEvoting_fullmacro 
]]></system-out>
  <system-err><![CDATA[]]></system-err>
</testsuite>
