<?xml version="1.0" encoding="UTF-8"?>
<testsuite name="de.uka.ilkd.key.logic.TestTermLabelManager" tests="21" skipped="0" failures="0" errors="0" timestamp="2023-05-27T17:22:14" hostname="fv-az618-145" time="59.188">
  <properties/>
  <testcase name="testInstantiateLabels_directChildPolicies_allRules()" classname="de.uka.ilkd.key.logic.TestTermLabelManager" time="4.64"/>
  <testcase name="testInstantiateLabels_childAndGrandchildPolicies_ruleSpecific()" classname="de.uka.ilkd.key.logic.TestTermLabelManager" time="2.865"/>
  <testcase name="testParseLabel()" classname="de.uka.ilkd.key.logic.TestTermLabelManager" time="2.683"/>
  <testcase name="testrefactorGoal_childrenAndGrandchildren_ruleSpecific()" classname="de.uka.ilkd.key.logic.TestTermLabelManager" time="2.749"/>
  <testcase name="testrefactorGoal_directChildren_allRules()" classname="de.uka.ilkd.key.logic.TestTermLabelManager" time="2.737"/>
  <testcase name="testInstantiateLabels_childAndGrandchildPolicies_allRules()" classname="de.uka.ilkd.key.logic.TestTermLabelManager" time="2.712"/>
  <testcase name="testInstantiateLabels_taclet()" classname="de.uka.ilkd.key.logic.TestTermLabelManager" time="3.666"/>
  <testcase name="testrefactorGoal_none_ruleSpecific()" classname="de.uka.ilkd.key.logic.TestTermLabelManager" time="2.892"/>
  <testcase name="testInstantiateLabels_updates_ruleSpecific()" classname="de.uka.ilkd.key.logic.TestTermLabelManager" time="3.392"/>
  <testcase name="testrefactorGoal_sequent_ruleSpecific()" classname="de.uka.ilkd.key.logic.TestTermLabelManager" time="2.877"/>
  <testcase name="testInstantiateLabels_updates_allRules()" classname="de.uka.ilkd.key.logic.TestTermLabelManager" time="3.483"/>
  <testcase name="testrefactorGoal_sequent_allRules()" classname="de.uka.ilkd.key.logic.TestTermLabelManager" time="3.36"/>
  <testcase name="testrefactorGoal_childrenAndGrandchildren_allRules()" classname="de.uka.ilkd.key.logic.TestTermLabelManager" time="2.652"/>
  <testcase name="testGetTermLabelManager()" classname="de.uka.ilkd.key.logic.TestTermLabelManager" time="0.005"/>
  <testcase name="testInstantiateLabels_applicationTermPolicies()" classname="de.uka.ilkd.key.logic.TestTermLabelManager" time="2.736"/>
  <testcase name="testInstantiateLabels_modalityTermPolicies()" classname="de.uka.ilkd.key.logic.TestTermLabelManager" time="2.728"/>
  <testcase name="testrefactorGoal_none_allRules()" classname="de.uka.ilkd.key.logic.TestTermLabelManager" time="2.899"/>
  <testcase name="testInstantiateLabels_null()" classname="de.uka.ilkd.key.logic.TestTermLabelManager" time="0.0"/>
  <testcase name="testrefactorGoal_directChildren_ruleSpecific()" classname="de.uka.ilkd.key.logic.TestTermLabelManager" time="2.751"/>
  <testcase name="testInstantiateLabels_directChildPolicies_ruleSpecific()" classname="de.uka.ilkd.key.logic.TestTermLabelManager" time="2.94"/>
  <testcase name="testGetSupportedTermLabelNames()" classname="de.uka.ilkd.key.logic.TestTermLabelManager" time="4.414"/>
  <system-out><![CDATA[108208     INFO  Test worker     d.u.i.k.p.i.AbstractProblemLoader Loading environment from src\test\resources\testcase\termLabels\flatSteps\FlatSteps.java 
108208     DEBUG Test worker     d.u.i.k.p.i.AbstractProblemLoader Environment load took 697.8ns 
108224     INFO  Test worker     d.u.i.k.p.i.AbstractProblemLoader Creating init config 
108396     DEBUG Test worker     d.u.i.k.j.TypeConverter   No LDT found for Meta 
108411     DEBUG Test worker     d.u.i.k.j.TypeConverter   No LDT found for Meta 
108411     DEBUG Test worker     d.u.i.k.j.TypeConverter   No LDT found for Meta 
108411     DEBUG Test worker     d.u.i.k.j.TypeConverter   No LDT found for Meta 
109240     DEBUG Test worker     d.u.i.k.j.TypeConverter   No LDT found for JavaBigintExpression 
112836     DEBUG Test worker     d.u.i.k.p.i.AbstractProblemLoader Init config took 4.61s 
112836     INFO  Test worker     d.u.i.k.p.i.AbstractProblemLoader Loading environment from src\test\resources\testcase\termLabels\flatSteps\FlatSteps.java 
112836     DEBUG Test worker     d.u.i.k.p.i.AbstractProblemLoader Environment load took 166.1ns 
112851     INFO  Test worker     d.u.i.k.p.i.AbstractProblemLoader Creating init config 
115695     DEBUG Test worker     d.u.i.k.p.i.AbstractProblemLoader Init config took 2.86s 
115711     INFO  Test worker     d.u.i.k.p.i.AbstractProblemLoader Loading environment from src\test\resources\testcase\termLabels\flatSteps\FlatSteps.java 
115711     DEBUG Test worker     d.u.i.k.p.i.AbstractProblemLoader Environment load took 219.1ns 
115711     INFO  Test worker     d.u.i.k.p.i.AbstractProblemLoader Creating init config 
118385     DEBUG Test worker     d.u.i.k.p.i.AbstractProblemLoader Init config took 2.68s 
118385     INFO  Test worker     d.u.i.k.p.i.AbstractProblemLoader Loading environment from src\test\resources\testcase\termLabels\flatSteps\FlatSteps.java 
118385     DEBUG Test worker     d.u.i.k.p.i.AbstractProblemLoader Environment load took 719.7ns 
118385     INFO  Test worker     d.u.i.k.p.i.AbstractProblemLoader Creating init config 
121122     DEBUG Test worker     d.u.i.k.p.i.AbstractProblemLoader Init config took 2.73s 
121138     INFO  Test worker     d.u.i.k.p.i.AbstractProblemLoader Loading environment from src\test\resources\testcase\termLabels\flatSteps\FlatSteps.java 
121138     DEBUG Test worker     d.u.i.k.p.i.AbstractProblemLoader Environment load took 150.7ns 
121138     INFO  Test worker     d.u.i.k.p.i.AbstractProblemLoader Creating init config 
123858     DEBUG Test worker     d.u.i.k.p.i.AbstractProblemLoader Init config took 2.72s 
123873     INFO  Test worker     d.u.i.k.p.i.AbstractProblemLoader Loading environment from src\test\resources\testcase\termLabels\flatSteps\FlatSteps.java 
123873     DEBUG Test worker     d.u.i.k.p.i.AbstractProblemLoader Environment load took 491.4ns 
123873     INFO  Test worker     d.u.i.k.p.i.AbstractProblemLoader Creating init config 
126578     DEBUG Test worker     d.u.i.k.p.i.AbstractProblemLoader Init config took 2.7s 
126578     INFO  Test worker     d.u.i.k.p.i.AbstractProblemLoader Loading environment from src\test\resources\testcase\termLabels\flatSteps\FlatSteps.java 
126578     DEBUG Test worker     d.u.i.k.p.i.AbstractProblemLoader Environment load took 185.4ns 
126593     INFO  Test worker     d.u.i.k.p.i.AbstractProblemLoader Creating init config 
130251     DEBUG Test worker     d.u.i.k.p.i.AbstractProblemLoader Init config took 3.67s 
130548     INFO  Test worker     d.u.i.k.p.i.AbstractProblemLoader Loading environment from src\test\resources\testcase\termLabels\flatSteps\FlatSteps.java 
130548     DEBUG Test worker     d.u.i.k.p.i.AbstractProblemLoader Environment load took 214.6ns 
130548     INFO  Test worker     d.u.i.k.p.i.AbstractProblemLoader Creating init config 
133143     DEBUG Test worker     d.u.i.k.p.i.AbstractProblemLoader Init config took 2.6s 
133143     INFO  Test worker     d.u.i.k.p.i.AbstractProblemLoader Loading environment from src\test\resources\testcase\termLabels\flatSteps\FlatSteps.java 
133143     DEBUG Test worker     d.u.i.k.p.i.AbstractProblemLoader Environment load took 175.8ns 
133143     INFO  Test worker     d.u.i.k.p.i.AbstractProblemLoader Creating init config 
136535     DEBUG Test worker     d.u.i.k.p.i.AbstractProblemLoader Init config took 3.38s 
136801     INFO  Test worker     d.u.i.k.p.i.AbstractProblemLoader Loading environment from src\test\resources\testcase\termLabels\flatSteps\FlatSteps.java 
136801     DEBUG Test worker     d.u.i.k.p.i.AbstractProblemLoader Environment load took 194.1ns 
136801     INFO  Test worker     d.u.i.k.p.i.AbstractProblemLoader Creating init config 
139412     DEBUG Test worker     d.u.i.k.p.i.AbstractProblemLoader Init config took 2.6s 
140288     INFO  Test worker     d.u.i.k.p.i.AbstractProblemLoader Loading environment from src\test\resources\testcase\termLabels\flatSteps\FlatSteps.java 
140288     DEBUG Test worker     d.u.i.k.p.i.AbstractProblemLoader Environment load took 210.4ns 
140288     INFO  Test worker     d.u.i.k.p.i.AbstractProblemLoader Creating init config 
142898     DEBUG Test worker     d.u.i.k.p.i.AbstractProblemLoader Init config took 2.62s 
143195     INFO  Test worker     d.u.i.k.p.i.AbstractProblemLoader Loading environment from src\test\resources\testcase\termLabels\flatSteps\FlatSteps.java 
143195     DEBUG Test worker     d.u.i.k.p.i.AbstractProblemLoader Environment load took 190.6ns 
143195     INFO  Test worker     d.u.i.k.p.i.AbstractProblemLoader Creating init config 
146258     DEBUG Test worker     d.u.i.k.p.i.AbstractProblemLoader Init config took 3.06s 
146258     INFO  Test worker     d.u.i.k.p.i.AbstractProblemLoader Loading environment from src\test\resources\testcase\termLabels\flatSteps\FlatSteps.java 
146274     DEBUG Test worker     d.u.i.k.p.i.AbstractProblemLoader Environment load took 711.1ns 
146274     INFO  Test worker     d.u.i.k.p.i.AbstractProblemLoader Creating init config 
148901     DEBUG Test worker     d.u.i.k.p.i.AbstractProblemLoader Init config took 2.64s 
148916     INFO  Test worker     d.u.i.k.p.i.AbstractProblemLoader Loading environment from src\test\resources\testcase\termLabels\flatSteps\FlatSteps.java 
148916     DEBUG Test worker     d.u.i.k.p.i.AbstractProblemLoader Environment load took 145.3ns 
148932     INFO  Test worker     d.u.i.k.p.i.AbstractProblemLoader Creating init config 
151636     DEBUG Test worker     d.u.i.k.p.i.AbstractProblemLoader Init config took 2.72s 
151730     INFO  Test worker     d.u.i.k.p.i.AbstractProblemLoader Loading environment from src\test\resources\testcase\termLabels\flatSteps\FlatSteps.java 
151730     DEBUG Test worker     d.u.i.k.p.i.AbstractProblemLoader Environment load took 195.2ns 
151730     INFO  Test worker     d.u.i.k.p.i.AbstractProblemLoader Creating init config 
154371     DEBUG Test worker     d.u.i.k.p.i.AbstractProblemLoader Init config took 2.64s 
154371     INFO  Test worker     d.u.i.k.p.i.AbstractProblemLoader Loading environment from src\test\resources\testcase\termLabels\flatSteps\FlatSteps.java 
154371     DEBUG Test worker     d.u.i.k.p.i.AbstractProblemLoader Environment load took 181.5ns 
154371     INFO  Test worker     d.u.i.k.p.i.AbstractProblemLoader Creating init config 
157264     DEBUG Test worker     d.u.i.k.p.i.AbstractProblemLoader Init config took 2.88s 
157373     INFO  Test worker     d.u.i.k.p.i.AbstractProblemLoader Loading environment from src\test\resources\testcase\termLabels\flatSteps\FlatSteps.java 
157373     DEBUG Test worker     d.u.i.k.p.i.AbstractProblemLoader Environment load took 193ns 
157373     INFO  Test worker     d.u.i.k.p.i.AbstractProblemLoader Creating init config 
160015     DEBUG Test worker     d.u.i.k.p.i.AbstractProblemLoader Init config took 2.65s 
160109     INFO  Test worker     d.u.i.k.p.i.AbstractProblemLoader Loading environment from src\test\resources\testcase\termLabels\flatSteps\FlatSteps.java 
160109     DEBUG Test worker     d.u.i.k.p.i.AbstractProblemLoader Environment load took 194.8ns 
160109     INFO  Test worker     d.u.i.k.p.i.AbstractProblemLoader Creating init config 
162970     DEBUG Test worker     d.u.i.k.p.i.AbstractProblemLoader Init config took 2.86s 
164100     INFO  Test worker     d.u.i.k.p.i.AbstractProblemLoader Loading environment from src\test\resources\testcase\termLabels\flatSteps\FlatSteps.java 
164100     DEBUG Test worker     d.u.i.k.p.i.AbstractProblemLoader Environment load took 681ns 
164100     INFO  Test worker     d.u.i.k.p.i.AbstractProblemLoader Creating init config 
167384     DEBUG Test worker     d.u.i.k.p.i.AbstractProblemLoader Init config took 3.28s 
]]></system-out>
  <system-err><![CDATA[]]></system-err>
</testsuite>
