<?xml version="1.0" encoding="UTF-8"?>
<testsuite name="de.uka.ilkd.key.rule.merge.PredicateAbstractionLatticeTests" tests="3" skipped="0" failures="0" errors="0" timestamp="2023-05-27T17:28:54" hostname="fv-az618-145" time="5.314">
  <properties/>
  <testcase name="testToAndFromString()" classname="de.uka.ilkd.key.rule.merge.PredicateAbstractionLatticeTests" time="2.715"/>
  <testcase name="testCreateSignLatticeWithPredicates()" classname="de.uka.ilkd.key.rule.merge.PredicateAbstractionLatticeTests" time="2.598"/>
  <testcase name="testTrivialPredicatesLattice()" classname="de.uka.ilkd.key.rule.merge.PredicateAbstractionLatticeTests" time="0.0"/>
  <system-out><![CDATA[508039     INFO  Test worker     d.u.i.k.p.i.AbstractProblemLoader Loading environment from src\test\resources\testcase\merge\dummy.key 
508039     DEBUG Test worker     d.u.i.k.p.i.AbstractProblemLoader Environment load took 122.6ns 
508039     INFO  Test worker     d.u.i.k.p.i.AbstractProblemLoader Creating init config 
510744     DEBUG Test worker     d.u.i.k.p.i.AbstractProblemLoader Init config took 2.7s 
510760     INFO  Test worker     d.u.i.k.p.i.AbstractProblemLoader Replaying proof dummy.key 
510760     DEBUG Test worker     d.u.i.k.p.i.IntermediateProofReplayer Proof replay took 5.8ns 
510760     INFO  Test worker     d.u.i.k.p.i.AbstractProblemLoader Loading environment from src\test\resources\testcase\merge\dummy.key 
510760     DEBUG Test worker     d.u.i.k.p.i.AbstractProblemLoader Environment load took 301.4ns 
510760     INFO  Test worker     d.u.i.k.p.i.AbstractProblemLoader Creating init config 
513339     DEBUG Test worker     d.u.i.k.p.i.AbstractProblemLoader Init config took 2.58s 
513354     INFO  Test worker     d.u.i.k.p.i.AbstractProblemLoader Replaying proof dummy.key 
513354     DEBUG Test worker     d.u.i.k.p.i.IntermediateProofReplayer Proof replay took 7.6ns 
]]></system-out>
  <system-err><![CDATA[]]></system-err>
</testsuite>
