<?xml version="1.0" encoding="UTF-8"?>
<testsuite name="de.uka.ilkd.key.rule.loop.LoopScopeInvRuleTests" tests="1" skipped="0" failures="0" errors="0" timestamp="2023-05-27T17:27:36" hostname="fv-az618-145" time="4.458">
  <properties/>
  <testcase name="testDoAutomaticProofOfBenchmarkWithLabeledBreaksAndContinues()" classname="de.uka.ilkd.key.rule.loop.LoopScopeInvRuleTests" time="4.458"/>
  <system-out><![CDATA[430685     INFO  Test worker     d.u.i.k.p.i.AbstractProblemLoader Loading environment from src\test\resources\testcase\loopScopeInvRule\Test.key 
430685     DEBUG Test worker     d.u.i.k.p.i.AbstractProblemLoader Environment load took 140.3ns 
430685     INFO  Test worker     d.u.i.k.p.i.AbstractProblemLoader Creating init config 
430857     DEBUG Test worker     d.u.i.k.j.TypeConverter   No LDT found for Meta 
430857     DEBUG Test worker     d.u.i.k.j.TypeConverter   No LDT found for Meta 
430857     DEBUG Test worker     d.u.i.k.j.TypeConverter   No LDT found for Meta 
430857     DEBUG Test worker     d.u.i.k.j.TypeConverter   No LDT found for Meta 
431373     DEBUG Test worker     d.u.i.k.j.TypeConverter   No LDT found for JavaBigintExpression 
434609     DEBUG Test worker     d.u.i.k.p.i.AbstractProblemLoader Init config took 3.91s 
434641     INFO  Test worker     d.u.i.k.p.i.AbstractProblemLoader Replaying proof Test[Test::loopScopeRuleBenchmark(int,boolean)].JML normal_behavior operation contract.0 
434641     DEBUG Test worker     d.u.i.k.p.i.IntermediateProofReplayer Proof replay took 15.7ns 
]]></system-out>
  <system-err><![CDATA[]]></system-err>
</testsuite>
