<?xml version="1.0" encoding="UTF-8"?>
<testsuite name="de.uka.ilkd.key.parser.TestDeclParser" tests="14" skipped="2" failures="0" errors="0" timestamp="2023-05-27T17:23:59" hostname="fv-az618-145" time="10.397">
  <properties/>
  <testcase name="testGenericSortDecl1()" classname="de.uka.ilkd.key.parser.TestDeclParser" time="0.959"/>
  <testcase name="testGenericSortDecl2()" classname="de.uka.ilkd.key.parser.TestDeclParser" time="0.833"/>
  <testcase name="testGenericSortDecl3()" classname="de.uka.ilkd.key.parser.TestDeclParser" time="0.911"/>
  <testcase name="testGenericSortDecl4()" classname="de.uka.ilkd.key.parser.TestDeclParser" time="0.875"/>
  <testcase name="testGenericSortDecl5()" classname="de.uka.ilkd.key.parser.TestDeclParser" time="0.0">
    <skipped/>
  </testcase>
  <testcase name="testGenericSortDecl6()" classname="de.uka.ilkd.key.parser.TestDeclParser" time="0.801"/>
  <testcase name="testSortDecl()" classname="de.uka.ilkd.key.parser.TestDeclParser" time="0.87"/>
  <testcase name="testProxySortDecl()" classname="de.uka.ilkd.key.parser.TestDeclParser" time="0.863"/>
  <testcase name="testArrayDecl()" classname="de.uka.ilkd.key.parser.TestDeclParser" time="0.81"/>
  <testcase name="testAmbiguousDecls()" classname="de.uka.ilkd.key.parser.TestDeclParser" time="0.0">
    <skipped/>
  </testcase>
  <testcase name="testHeurDecl()" classname="de.uka.ilkd.key.parser.TestDeclParser" time="0.885"/>
  <testcase name="testFunctionDecl()" classname="de.uka.ilkd.key.parser.TestDeclParser" time="0.816"/>
  <testcase name="testPredicateDecl()" classname="de.uka.ilkd.key.parser.TestDeclParser" time="0.896"/>
  <testcase name="testSVDecl()" classname="de.uka.ilkd.key.parser.TestDeclParser" time="0.874"/>
  <system-out><![CDATA[214440     INFO  Test worker     d.u.i.k.n.KeyIO           Parsing took 0 ms 
214440     DEBUG Test worker     d.u.i.k.n.KeyIO           Load declarations of de.uka.ilkd.key.nparser.KeyAst$File:  <unknown>:1#1 
214440     INFO  Test worker     d.u.i.k.n.KeyIO           MODE: declarations took 0 ms 
214440     DEBUG Test worker     d.u.i.k.n.KeyIO           MODE: 2nd degree decls took 0 
214440     DEBUG Test worker     d.u.i.k.n.KeyIO           MODE: taclets took 0ms 
215283     INFO  Test worker     d.u.i.k.n.KeyIO           Parsing took 0 ms 
215283     DEBUG Test worker     d.u.i.k.n.KeyIO           Load declarations of de.uka.ilkd.key.nparser.KeyAst$File:  <unknown>:1#1 
215283     INFO  Test worker     d.u.i.k.n.KeyIO           MODE: declarations took 0 ms 
215283     DEBUG Test worker     d.u.i.k.n.KeyIO           MODE: 2nd degree decls took 0 
215283     DEBUG Test worker     d.u.i.k.n.KeyIO           MODE: taclets took 0ms 
216190     INFO  Test worker     d.u.i.k.n.KeyIO           Parsing took 0 ms 
216190     DEBUG Test worker     d.u.i.k.n.KeyIO           Load declarations of de.uka.ilkd.key.nparser.KeyAst$File:  <unknown>:1#1 
216190     INFO  Test worker     d.u.i.k.n.KeyIO           MODE: declarations took 0 ms 
216190     DEBUG Test worker     d.u.i.k.n.KeyIO           MODE: 2nd degree decls took 0 
216190     DEBUG Test worker     d.u.i.k.n.KeyIO           MODE: taclets took 0ms 
217066     INFO  Test worker     d.u.i.k.n.KeyIO           Parsing took 0 ms 
217066     DEBUG Test worker     d.u.i.k.n.KeyIO           Load declarations of de.uka.ilkd.key.nparser.KeyAst$File:  <unknown>:1#1 
217066     INFO  Test worker     d.u.i.k.n.KeyIO           MODE: declarations took 0 ms 
217066     DEBUG Test worker     d.u.i.k.n.KeyIO           MODE: 2nd degree decls took 0 
217066     DEBUG Test worker     d.u.i.k.n.KeyIO           MODE: taclets took 0ms 
217863     INFO  Test worker     d.u.i.k.n.KeyIO           Parsing took 0 ms 
217863     DEBUG Test worker     d.u.i.k.n.KeyIO           Load declarations of de.uka.ilkd.key.nparser.KeyAst$File:  <unknown>:1#1 
217863     INFO  Test worker     d.u.i.k.n.KeyIO           MODE: declarations took 0 ms 
217863     DEBUG Test worker     d.u.i.k.n.KeyIO           MODE: 2nd degree decls took 0 
217863     DEBUG Test worker     d.u.i.k.n.KeyIO           MODE: taclets took 0ms 
218725     INFO  Test worker     d.u.i.k.n.KeyIO           Parsing took 0 ms 
218725     DEBUG Test worker     d.u.i.k.n.KeyIO           Load declarations of de.uka.ilkd.key.nparser.KeyAst$File:  <unknown>:1#1 
218725     INFO  Test worker     d.u.i.k.n.KeyIO           MODE: declarations took 0 ms 
218725     DEBUG Test worker     d.u.i.k.n.KeyIO           MODE: 2nd degree decls took 0 
218739     DEBUG Test worker     d.u.i.k.n.KeyIO           MODE: taclets took 0ms 
219599     INFO  Test worker     d.u.i.k.n.KeyIO           Parsing took 0 ms 
219599     DEBUG Test worker     d.u.i.k.n.KeyIO           Load declarations of de.uka.ilkd.key.nparser.KeyAst$File:  <unknown>:1#1 
219599     INFO  Test worker     d.u.i.k.n.KeyIO           MODE: declarations took 0 ms 
219599     DEBUG Test worker     d.u.i.k.n.KeyIO           MODE: 2nd degree decls took 0 
219599     DEBUG Test worker     d.u.i.k.n.KeyIO           MODE: taclets took 0ms 
220412     INFO  Test worker     d.u.i.k.n.KeyIO           Parsing took 0 ms 
220412     DEBUG Test worker     d.u.i.k.n.KeyIO           Load declarations of de.uka.ilkd.key.nparser.KeyAst$File:  <unknown>:1#1 
220412     INFO  Test worker     d.u.i.k.n.KeyIO           MODE: declarations took 0 ms 
220412     DEBUG Test worker     d.u.i.k.n.KeyIO           MODE: 2nd degree decls took 0 
220412     DEBUG Test worker     d.u.i.k.n.KeyIO           MODE: taclets took 0ms 
221303     INFO  Test worker     d.u.i.k.n.KeyIO           Parsing took 0 ms 
221303     DEBUG Test worker     d.u.i.k.n.KeyIO           Load declarations of de.uka.ilkd.key.nparser.KeyAst$File:  <unknown>:1#1 
221303     INFO  Test worker     d.u.i.k.n.KeyIO           MODE: declarations took 0 ms 
221303     DEBUG Test worker     d.u.i.k.n.KeyIO           MODE: 2nd degree decls took 0 
221303     DEBUG Test worker     d.u.i.k.n.KeyIO           MODE: taclets took 0ms 
222117     INFO  Test worker     d.u.i.k.n.KeyIO           Parsing took 0 ms 
222117     DEBUG Test worker     d.u.i.k.n.KeyIO           Load declarations of de.uka.ilkd.key.nparser.KeyAst$File:  <unknown>:1#1 
222117     INFO  Test worker     d.u.i.k.n.KeyIO           MODE: declarations took 0 ms 
222117     DEBUG Test worker     d.u.i.k.n.KeyIO           MODE: 2nd degree decls took 0 
222117     DEBUG Test worker     d.u.i.k.n.KeyIO           MODE: taclets took 0ms 
223008     INFO  Test worker     d.u.i.k.n.KeyIO           Parsing took 0 ms 
223008     DEBUG Test worker     d.u.i.k.n.KeyIO           Load declarations of de.uka.ilkd.key.nparser.KeyAst$File:  <unknown>:1#1 
223008     INFO  Test worker     d.u.i.k.n.KeyIO           MODE: declarations took 0 ms 
223008     DEBUG Test worker     d.u.i.k.n.KeyIO           MODE: 2nd degree decls took 0 
223008     DEBUG Test worker     d.u.i.k.n.KeyIO           MODE: taclets took 0ms 
223868     INFO  Test worker     d.u.i.k.n.KeyIO           Parsing took 0 ms 
223868     DEBUG Test worker     d.u.i.k.n.KeyIO           Load declarations of de.uka.ilkd.key.nparser.KeyAst$File:  <unknown>:1#1 
223868     INFO  Test worker     d.u.i.k.n.KeyIO           MODE: declarations took 0 ms 
223868     DEBUG Test worker     d.u.i.k.n.KeyIO           MODE: 2nd degree decls took 0 
223868     DEBUG Test worker     d.u.i.k.n.KeyIO           MODE: taclets took 0ms 
]]></system-out>
  <system-err><![CDATA[]]></system-err>
</testsuite>
