<?xml version="1.0" encoding="UTF-8"?>
<testsuite name="de.uka.ilkd.key.proof.TestOneStepSimplifier" tests="1" skipped="0" failures="0" errors="0" timestamp="2023-05-27T17:27:13" hostname="fv-az618-145" time="3.478">
  <properties/>
  <testcase name="loadWithRestriction()" classname="de.uka.ilkd.key.proof.TestOneStepSimplifier" time="3.478"/>
  <system-out><![CDATA[406939     INFO  Test worker     d.u.i.k.p.i.AbstractProblemLoader Loading environment from src\test\resources\testcase\ossRestriction.proof 
406939     DEBUG Test worker     d.u.i.k.p.i.AbstractProblemLoader Environment load took 136.5ns 
406939     INFO  Test worker     d.u.i.k.p.i.AbstractProblemLoader Creating init config 
407065     DEBUG Test worker     d.u.i.k.j.TypeConverter   No LDT found for Meta 
407065     DEBUG Test worker     d.u.i.k.j.TypeConverter   No LDT found for Meta 
407065     DEBUG Test worker     d.u.i.k.j.TypeConverter   No LDT found for Meta 
407065     DEBUG Test worker     d.u.i.k.j.TypeConverter   No LDT found for Meta 
407596     DEBUG Test worker     d.u.i.k.j.TypeConverter   No LDT found for JavaBigintExpression 
410378     DEBUG Test worker     d.u.i.k.p.i.AbstractProblemLoader Init config took 3.44s 
410394     INFO  Test worker     d.u.i.k.p.i.AbstractProblemLoader Replaying proof ossRestriction.proof 
410409     DEBUG Test worker     d.u.i.k.p.i.IntermediateProofReplayer Proof replay took 1.24ms 
]]></system-out>
  <system-err><![CDATA[]]></system-err>
</testsuite>
