<?xml version="1.0" encoding="UTF-8"?>
<testsuite name="de.uka.ilkd.key.parser.TestTermParserHeap" tests="39" skipped="0" failures="0" errors="0" timestamp="2023-05-27T17:25:28" hostname="fv-az618-145" time="99.029">
  <properties/>
  <testcase name="testBracketHeapUpdate()" classname="de.uka.ilkd.key.parser.TestTermParserHeap" time="0.023"/>
  <testcase name="testStore()" classname="de.uka.ilkd.key.parser.TestTermParserHeap" time="0.007"/>
  <testcase name="testUnknownConstant()" classname="de.uka.ilkd.key.parser.TestTermParserHeap" time="0.005"/>
  <testcase name="testAllFieldsSelector()" classname="de.uka.ilkd.key.parser.TestTermParserHeap" time="0.002"/>
  <testcase name="testParsePrettyPrintedSelect()" classname="de.uka.ilkd.key.parser.TestTermParserHeap" time="0.001"/>
  <testcase name="testAccessStaticMembers()" classname="de.uka.ilkd.key.parser.TestTermParserHeap" time="0.008"/>
  <testcase name="testAtOperator_1()" classname="de.uka.ilkd.key.parser.TestTermParserHeap" time="0.002"/>
  <testcase name="testAtOperator_2()" classname="de.uka.ilkd.key.parser.TestTermParserHeap" time="0.003"/>
  <testcase name="testAtOperator_3()" classname="de.uka.ilkd.key.parser.TestTermParserHeap" time="0.007"/>
  <testcase name="testAtOperator_4()" classname="de.uka.ilkd.key.parser.TestTermParserHeap" time="0.006"/>
  <testcase name="testAtOperator_5()" classname="de.uka.ilkd.key.parser.TestTermParserHeap" time="0.004"/>
  <testcase name="testAtOperator_6()" classname="de.uka.ilkd.key.parser.TestTermParserHeap" time="0.002"/>
  <testcase name="testAtOperator_7()" classname="de.uka.ilkd.key.parser.TestTermParserHeap" time="0.004"/>
  <testcase name="testAtOperator_8()" classname="de.uka.ilkd.key.parser.TestTermParserHeap" time="0.008"/>
  <testcase name="testVerifyExceptionIfAtOperatorNotPreceededBySelectTerm()" classname="de.uka.ilkd.key.parser.TestTermParserHeap" time="0.004"/>
  <testcase name="testBugResettingCounter()" classname="de.uka.ilkd.key.parser.TestTermParserHeap" time="0.003"/>
  <testcase name="testLocationSets()" classname="de.uka.ilkd.key.parser.TestTermParserHeap" time="0.005"/>
  <testcase name="testQuantifiedSelect()" classname="de.uka.ilkd.key.parser.TestTermParserHeap" time="0.004"/>
  <testcase name="testGenericObjectProperties()" classname="de.uka.ilkd.key.parser.TestTermParserHeap" time="0.003"/>
  <testcase name="testQueryInheritance_1()" classname="de.uka.ilkd.key.parser.TestTermParserHeap" time="0.002"/>
  <testcase name="testQueryInheritance_2()" classname="de.uka.ilkd.key.parser.TestTermParserHeap" time="0.005"/>
  <testcase name="testQueryInheritance_3()" classname="de.uka.ilkd.key.parser.TestTermParserHeap" time="0.003"/>
  <testcase name="testQueryInheritance_4()" classname="de.uka.ilkd.key.parser.TestTermParserHeap" time="0.002"/>
  <testcase name="testQueryInheritance_5()" classname="de.uka.ilkd.key.parser.TestTermParserHeap" time="0.002"/>
  <testcase name="testQueryInheritance_6()" classname="de.uka.ilkd.key.parser.TestTermParserHeap" time="0.002"/>
  <testcase name="testQueryInheritance_7()" classname="de.uka.ilkd.key.parser.TestTermParserHeap" time="0.001"/>
  <testcase name="testQueryInheritance_8()" classname="de.uka.ilkd.key.parser.TestTermParserHeap" time="0.003"/>
  <testcase name="testQueryInheritance_9()" classname="de.uka.ilkd.key.parser.TestTermParserHeap" time="0.002"/>
  <testcase name="testQueryBasic_10()" classname="de.uka.ilkd.key.parser.TestTermParserHeap" time="0.001"/>
  <testcase name="testQueryBasic_11()" classname="de.uka.ilkd.key.parser.TestTermParserHeap" time="0.003"/>
  <testcase name="testQueryBasic_1()" classname="de.uka.ilkd.key.parser.TestTermParserHeap" time="0.001"/>
  <testcase name="testQueryBasic_2()" classname="de.uka.ilkd.key.parser.TestTermParserHeap" time="0.004"/>
  <testcase name="testQueryBasic_3()" classname="de.uka.ilkd.key.parser.TestTermParserHeap" time="0.005"/>
  <testcase name="testQueryBasic_4()" classname="de.uka.ilkd.key.parser.TestTermParserHeap" time="0.004"/>
  <testcase name="testQueryBasic_5()" classname="de.uka.ilkd.key.parser.TestTermParserHeap" time="0.001"/>
  <testcase name="testQueryBasic_6()" classname="de.uka.ilkd.key.parser.TestTermParserHeap" time="0.003"/>
  <testcase name="testQueryBasic_7()" classname="de.uka.ilkd.key.parser.TestTermParserHeap" time="0.003"/>
  <testcase name="testQueryBasic_8()" classname="de.uka.ilkd.key.parser.TestTermParserHeap" time="0.003"/>
  <testcase name="testQueryBasic_9()" classname="de.uka.ilkd.key.parser.TestTermParserHeap" time="0.001"/>
  <system-out><![CDATA[302674     INFO  Test worker     d.u.i.k.n.KeyIO           Parsing took 0 ms 
302674     DEBUG Test worker     d.u.i.k.n.KeyIO           Load declarations of de.uka.ilkd.key.nparser.KeyAst$File:  <unknown>:1#1 
302674     INFO  Test worker     d.u.i.k.n.KeyIO           MODE: declarations took 0 ms 
302674     DEBUG Test worker     d.u.i.k.n.KeyIO           MODE: 2nd degree decls took 0 
302674     INFO  Test worker     d.u.i.k.n.KeyIO           Parsing took 0 ms 
302674     DEBUG Test worker     d.u.i.k.n.KeyIO           Load declarations of de.uka.ilkd.key.nparser.KeyAst$File:  <unknown>:1#1 
302674     INFO  Test worker     d.u.i.k.n.KeyIO           MODE: declarations took 0 ms 
302674     DEBUG Test worker     d.u.i.k.n.KeyIO           MODE: 2nd degree decls took 0 
302674     INFO  Test worker     d.u.i.k.n.KeyIO           Parsing took 0 ms 
302674     DEBUG Test worker     d.u.i.k.n.KeyIO           Load declarations of de.uka.ilkd.key.nparser.KeyAst$File:  <unknown>:1#1 
302674     INFO  Test worker     d.u.i.k.n.KeyIO           MODE: declarations took 0 ms 
302674     DEBUG Test worker     d.u.i.k.n.KeyIO           MODE: 2nd degree decls took 0 
302674     INFO  Test worker     d.u.i.k.n.KeyIO           Parsing took 0 ms 
302674     DEBUG Test worker     d.u.i.k.n.KeyIO           Load declarations of de.uka.ilkd.key.nparser.KeyAst$File:  <unknown>:1#1 
302689     INFO  Test worker     d.u.i.k.n.KeyIO           MODE: declarations took 15 ms 
302689     DEBUG Test worker     d.u.i.k.n.KeyIO           MODE: 2nd degree decls took 0 
302689     INFO  Test worker     d.u.i.k.n.KeyIO           Parsing took 0 ms 
302689     DEBUG Test worker     d.u.i.k.n.KeyIO           Load declarations of de.uka.ilkd.key.nparser.KeyAst$File:  <unknown>:1#1 
302689     INFO  Test worker     d.u.i.k.n.KeyIO           MODE: declarations took 0 ms 
302689     DEBUG Test worker     d.u.i.k.n.KeyIO           MODE: 2nd degree decls took 0 
305394     INFO  Test worker     d.u.i.k.n.KeyIO           Parsing took 0 ms 
305394     DEBUG Test worker     d.u.i.k.n.KeyIO           Load declarations of de.uka.ilkd.key.nparser.KeyAst$File:  <unknown>:1#1 
305394     INFO  Test worker     d.u.i.k.n.KeyIO           MODE: declarations took 0 ms 
305394     DEBUG Test worker     d.u.i.k.n.KeyIO           MODE: 2nd degree decls took 0 
305394     INFO  Test worker     d.u.i.k.n.KeyIO           Parsing took 0 ms 
305394     DEBUG Test worker     d.u.i.k.n.KeyIO           Load declarations of de.uka.ilkd.key.nparser.KeyAst$File:  <unknown>:1#1 
305394     INFO  Test worker     d.u.i.k.n.KeyIO           MODE: declarations took 0 ms 
305394     DEBUG Test worker     d.u.i.k.n.KeyIO           MODE: 2nd degree decls took 0 
305394     INFO  Test worker     d.u.i.k.n.KeyIO           Parsing took 0 ms 
305394     DEBUG Test worker     d.u.i.k.n.KeyIO           Load declarations of de.uka.ilkd.key.nparser.KeyAst$File:  <unknown>:1#1 
305394     INFO  Test worker     d.u.i.k.n.KeyIO           MODE: declarations took 0 ms 
305394     DEBUG Test worker     d.u.i.k.n.KeyIO           MODE: 2nd degree decls took 0 
305394     INFO  Test worker     d.u.i.k.n.KeyIO           Parsing took 0 ms 
305394     DEBUG Test worker     d.u.i.k.n.KeyIO           Load declarations of de.uka.ilkd.key.nparser.KeyAst$File:  <unknown>:1#1 
305394     INFO  Test worker     d.u.i.k.n.KeyIO           MODE: declarations took 0 ms 
305394     DEBUG Test worker     d.u.i.k.n.KeyIO           MODE: 2nd degree decls took 0 
305394     INFO  Test worker     d.u.i.k.n.KeyIO           Parsing took 0 ms 
305394     DEBUG Test worker     d.u.i.k.n.KeyIO           Load declarations of de.uka.ilkd.key.nparser.KeyAst$File:  <unknown>:1#1 
305394     INFO  Test worker     d.u.i.k.n.KeyIO           MODE: declarations took 0 ms 
305394     DEBUG Test worker     d.u.i.k.n.KeyIO           MODE: 2nd degree decls took 0 
308052     INFO  Test worker     d.u.i.k.n.KeyIO           Parsing took 0 ms 
308052     DEBUG Test worker     d.u.i.k.n.KeyIO           Load declarations of de.uka.ilkd.key.nparser.KeyAst$File:  <unknown>:1#1 
308052     INFO  Test worker     d.u.i.k.n.KeyIO           MODE: declarations took 0 ms 
308052     DEBUG Test worker     d.u.i.k.n.KeyIO           MODE: 2nd degree decls took 0 
308052     INFO  Test worker     d.u.i.k.n.KeyIO           Parsing took 0 ms 
308052     DEBUG Test worker     d.u.i.k.n.KeyIO           Load declarations of de.uka.ilkd.key.nparser.KeyAst$File:  <unknown>:1#1 
308052     INFO  Test worker     d.u.i.k.n.KeyIO           MODE: declarations took 0 ms 
308052     DEBUG Test worker     d.u.i.k.n.KeyIO           MODE: 2nd degree decls took 0 
308052     INFO  Test worker     d.u.i.k.n.KeyIO           Parsing took 0 ms 
308052     DEBUG Test worker     d.u.i.k.n.KeyIO           Load declarations of de.uka.ilkd.key.nparser.KeyAst$File:  <unknown>:1#1 
308052     INFO  Test worker     d.u.i.k.n.KeyIO           MODE: declarations took 0 ms 
308052     DEBUG Test worker     d.u.i.k.n.KeyIO           MODE: 2nd degree decls took 0 
308052     INFO  Test worker     d.u.i.k.n.KeyIO           Parsing took 0 ms 
308052     DEBUG Test worker     d.u.i.k.n.KeyIO           Load declarations of de.uka.ilkd.key.nparser.KeyAst$File:  <unknown>:1#1 
308052     INFO  Test worker     d.u.i.k.n.KeyIO           MODE: declarations took 0 ms 
308052     DEBUG Test worker     d.u.i.k.n.KeyIO           MODE: 2nd degree decls took 0 
308052     INFO  Test worker     d.u.i.k.n.KeyIO           Parsing took 0 ms 
308052     DEBUG Test worker     d.u.i.k.n.KeyIO           Load declarations of de.uka.ilkd.key.nparser.KeyAst$File:  <unknown>:1#1 
308052     INFO  Test worker     d.u.i.k.n.KeyIO           MODE: declarations took 0 ms 
308052     DEBUG Test worker     d.u.i.k.n.KeyIO           MODE: 2nd degree decls took 0 
308052     INFO  Test worker     d.u.i.k.n.KeyIO           Parsing took 0 ms 
308052     DEBUG Test worker     d.u.i.k.n.KeyIO           Load declarations of de.uka.ilkd.key.nparser.KeyAst$File:  <unknown>:1#1 
308052     INFO  Test worker     d.u.i.k.n.KeyIO           MODE: declarations took 0 ms 
308052     DEBUG Test worker     d.u.i.k.n.KeyIO           MODE: 2nd degree decls took 0 
310710     INFO  Test worker     d.u.i.k.n.KeyIO           Parsing took 0 ms 
310710     DEBUG Test worker     d.u.i.k.n.KeyIO           Load declarations of de.uka.ilkd.key.nparser.KeyAst$File:  <unknown>:1#1 
310710     INFO  Test worker     d.u.i.k.n.KeyIO           MODE: declarations took 0 ms 
310710     DEBUG Test worker     d.u.i.k.n.KeyIO           MODE: 2nd degree decls took 0 
310710     INFO  Test worker     d.u.i.k.n.KeyIO           Parsing took 0 ms 
310710     DEBUG Test worker     d.u.i.k.n.KeyIO           Load declarations of de.uka.ilkd.key.nparser.KeyAst$File:  <unknown>:1#1 
310710     INFO  Test worker     d.u.i.k.n.KeyIO           MODE: declarations took 0 ms 
310710     DEBUG Test worker     d.u.i.k.n.KeyIO           MODE: 2nd degree decls took 0 
310710     INFO  Test worker     d.u.i.k.n.KeyIO           Parsing took 0 ms 
310710     DEBUG Test worker     d.u.i.k.n.KeyIO           Load declarations of de.uka.ilkd.key.nparser.KeyAst$File:  <unknown>:1#1 
310710     INFO  Test worker     d.u.i.k.n.KeyIO           MODE: declarations took 0 ms 
310710     DEBUG Test worker     d.u.i.k.n.KeyIO           MODE: 2nd degree decls took 0 
310710     INFO  Test worker     d.u.i.k.n.KeyIO           Parsing took 0 ms 
310710     DEBUG Test worker     d.u.i.k.n.KeyIO           Load declarations of de.uka.ilkd.key.nparser.KeyAst$File:  <unknown>:1#1 
310710     INFO  Test worker     d.u.i.k.n.KeyIO           MODE: declarations took 0 ms 
310710     DEBUG Test worker     d.u.i.k.n.KeyIO           MODE: 2nd degree decls took 0 
310710     INFO  Test worker     d.u.i.k.n.KeyIO           Parsing took 0 ms 
310710     DEBUG Test worker     d.u.i.k.n.KeyIO           Load declarations of de.uka.ilkd.key.nparser.KeyAst$File:  <unknown>:1#1 
310710     INFO  Test worker     d.u.i.k.n.KeyIO           MODE: declarations took 0 ms 
310710     DEBUG Test worker     d.u.i.k.n.KeyIO           MODE: 2nd degree decls took 0 
313353     INFO  Test worker     d.u.i.k.n.KeyIO           Parsing took 0 ms 
313353     DEBUG Test worker     d.u.i.k.n.KeyIO           Load declarations of de.uka.ilkd.key.nparser.KeyAst$File:  <unknown>:1#1 
313353     INFO  Test worker     d.u.i.k.n.KeyIO           MODE: declarations took 0 ms 
313353     DEBUG Test worker     d.u.i.k.n.KeyIO           MODE: 2nd degree decls took 0 
313353     INFO  Test worker     d.u.i.k.n.KeyIO           Parsing took 0 ms 
313353     DEBUG Test worker     d.u.i.k.n.KeyIO           Load declarations of de.uka.ilkd.key.nparser.KeyAst$File:  <unknown>:1#1 
313353     INFO  Test worker     d.u.i.k.n.KeyIO           MODE: declarations took 0 ms 
313353     DEBUG Test worker     d.u.i.k.n.KeyIO           MODE: 2nd degree decls took 0 
313353     INFO  Test worker     d.u.i.k.n.KeyIO           Parsing took 0 ms 
313353     DEBUG Test worker     d.u.i.k.n.KeyIO           Load declarations of de.uka.ilkd.key.nparser.KeyAst$File:  <unknown>:1#1 
313353     INFO  Test worker     d.u.i.k.n.KeyIO           MODE: declarations took 0 ms 
313353     DEBUG Test worker     d.u.i.k.n.KeyIO           MODE: 2nd degree decls took 0 
313353     INFO  Test worker     d.u.i.k.n.KeyIO           Parsing took 0 ms 
313353     DEBUG Test worker     d.u.i.k.n.KeyIO           Load declarations of de.uka.ilkd.key.nparser.KeyAst$File:  <unknown>:1#1 
313353     INFO  Test worker     d.u.i.k.n.KeyIO           MODE: declarations took 0 ms 
313353     DEBUG Test worker     d.u.i.k.n.KeyIO           MODE: 2nd degree decls took 0 
313353     INFO  Test worker     d.u.i.k.n.KeyIO           Parsing took 0 ms 
313353     DEBUG Test worker     d.u.i.k.n.KeyIO           Load declarations of de.uka.ilkd.key.nparser.KeyAst$File:  <unknown>:1#1 
313353     INFO  Test worker     d.u.i.k.n.KeyIO           MODE: declarations took 0 ms 
313353     DEBUG Test worker     d.u.i.k.n.KeyIO           MODE: 2nd degree decls took 0 
315948     INFO  Test worker     d.u.i.k.n.KeyIO           Parsing took 0 ms 
315948     DEBUG Test worker     d.u.i.k.n.KeyIO           Load declarations of de.uka.ilkd.key.nparser.KeyAst$File:  <unknown>:1#1 
315948     INFO  Test worker     d.u.i.k.n.KeyIO           MODE: declarations took 0 ms 
315948     DEBUG Test worker     d.u.i.k.n.KeyIO           MODE: 2nd degree decls took 0 
315948     INFO  Test worker     d.u.i.k.n.KeyIO           Parsing took 0 ms 
315948     DEBUG Test worker     d.u.i.k.n.KeyIO           Load declarations of de.uka.ilkd.key.nparser.KeyAst$File:  <unknown>:1#1 
315948     INFO  Test worker     d.u.i.k.n.KeyIO           MODE: declarations took 0 ms 
315948     DEBUG Test worker     d.u.i.k.n.KeyIO           MODE: 2nd degree decls took 0 
315963     INFO  Test worker     d.u.i.k.n.KeyIO           Parsing took 0 ms 
315963     DEBUG Test worker     d.u.i.k.n.KeyIO           Load declarations of de.uka.ilkd.key.nparser.KeyAst$File:  <unknown>:1#1 
315963     INFO  Test worker     d.u.i.k.n.KeyIO           MODE: declarations took 0 ms 
315963     DEBUG Test worker     d.u.i.k.n.KeyIO           MODE: 2nd degree decls took 0 
315963     INFO  Test worker     d.u.i.k.n.KeyIO           Parsing took 0 ms 
315963     DEBUG Test worker     d.u.i.k.n.KeyIO           Load declarations of de.uka.ilkd.key.nparser.KeyAst$File:  <unknown>:1#1 
315963     INFO  Test worker     d.u.i.k.n.KeyIO           MODE: declarations took 0 ms 
315963     DEBUG Test worker     d.u.i.k.n.KeyIO           MODE: 2nd degree decls took 0 
315963     INFO  Test worker     d.u.i.k.n.KeyIO           Parsing took 0 ms 
315963     DEBUG Test worker     d.u.i.k.n.KeyIO           Load declarations of de.uka.ilkd.key.nparser.KeyAst$File:  <unknown>:1#1 
315963     INFO  Test worker     d.u.i.k.n.KeyIO           MODE: declarations took 0 ms 
315963     DEBUG Test worker     d.u.i.k.n.KeyIO           MODE: 2nd degree decls took 0 
318559     INFO  Test worker     d.u.i.k.n.KeyIO           Parsing took 0 ms 
318559     DEBUG Test worker     d.u.i.k.n.KeyIO           Load declarations of de.uka.ilkd.key.nparser.KeyAst$File:  <unknown>:1#1 
318559     INFO  Test worker     d.u.i.k.n.KeyIO           MODE: declarations took 0 ms 
318559     DEBUG Test worker     d.u.i.k.n.KeyIO           MODE: 2nd degree decls took 0 
318559     INFO  Test worker     d.u.i.k.n.KeyIO           Parsing took 0 ms 
318559     DEBUG Test worker     d.u.i.k.n.KeyIO           Load declarations of de.uka.ilkd.key.nparser.KeyAst$File:  <unknown>:1#1 
318559     INFO  Test worker     d.u.i.k.n.KeyIO           MODE: declarations took 0 ms 
318559     DEBUG Test worker     d.u.i.k.n.KeyIO           MODE: 2nd degree decls took 0 
318559     INFO  Test worker     d.u.i.k.n.KeyIO           Parsing took 0 ms 
318559     DEBUG Test worker     d.u.i.k.n.KeyIO           Load declarations of de.uka.ilkd.key.nparser.KeyAst$File:  <unknown>:1#1 
318559     INFO  Test worker     d.u.i.k.n.KeyIO           MODE: declarations took 0 ms 
318559     DEBUG Test worker     d.u.i.k.n.KeyIO           MODE: 2nd degree decls took 0 
318559     INFO  Test worker     d.u.i.k.n.KeyIO           Parsing took 0 ms 
318559     DEBUG Test worker     d.u.i.k.n.KeyIO           Load declarations of de.uka.ilkd.key.nparser.KeyAst$File:  <unknown>:1#1 
318559     INFO  Test worker     d.u.i.k.n.KeyIO           MODE: declarations took 0 ms 
318559     DEBUG Test worker     d.u.i.k.n.KeyIO           MODE: 2nd degree decls took 0 
318559     INFO  Test worker     d.u.i.k.n.KeyIO           Parsing took 0 ms 
318559     DEBUG Test worker     d.u.i.k.n.KeyIO           Load declarations of de.uka.ilkd.key.nparser.KeyAst$File:  <unknown>:1#1 
318559     INFO  Test worker     d.u.i.k.n.KeyIO           MODE: declarations took 0 ms 
318559     DEBUG Test worker     d.u.i.k.n.KeyIO           MODE: 2nd degree decls took 0 
321124     INFO  Test worker     d.u.i.k.n.KeyIO           Parsing took 0 ms 
321124     DEBUG Test worker     d.u.i.k.n.KeyIO           Load declarations of de.uka.ilkd.key.nparser.KeyAst$File:  <unknown>:1#1 
321124     INFO  Test worker     d.u.i.k.n.KeyIO           MODE: declarations took 0 ms 
321124     DEBUG Test worker     d.u.i.k.n.KeyIO           MODE: 2nd degree decls took 0 
321124     INFO  Test worker     d.u.i.k.n.KeyIO           Parsing took 0 ms 
321124     DEBUG Test worker     d.u.i.k.n.KeyIO           Load declarations of de.uka.ilkd.key.nparser.KeyAst$File:  <unknown>:1#1 
321124     INFO  Test worker     d.u.i.k.n.KeyIO           MODE: declarations took 0 ms 
321124     DEBUG Test worker     d.u.i.k.n.KeyIO           MODE: 2nd degree decls took 0 
321124     INFO  Test worker     d.u.i.k.n.KeyIO           Parsing took 0 ms 
321124     DEBUG Test worker     d.u.i.k.n.KeyIO           Load declarations of de.uka.ilkd.key.nparser.KeyAst$File:  <unknown>:1#1 
321124     INFO  Test worker     d.u.i.k.n.KeyIO           MODE: declarations took 0 ms 
321124     DEBUG Test worker     d.u.i.k.n.KeyIO           MODE: 2nd degree decls took 0 
321124     INFO  Test worker     d.u.i.k.n.KeyIO           Parsing took 0 ms 
321124     DEBUG Test worker     d.u.i.k.n.KeyIO           Load declarations of de.uka.ilkd.key.nparser.KeyAst$File:  <unknown>:1#1 
321124     INFO  Test worker     d.u.i.k.n.KeyIO           MODE: declarations took 0 ms 
321124     DEBUG Test worker     d.u.i.k.n.KeyIO           MODE: 2nd degree decls took 0 
321124     INFO  Test worker     d.u.i.k.n.KeyIO           Parsing took 0 ms 
321124     DEBUG Test worker     d.u.i.k.n.KeyIO           Load declarations of de.uka.ilkd.key.nparser.KeyAst$File:  <unknown>:1#1 
321124     INFO  Test worker     d.u.i.k.n.KeyIO           MODE: declarations took 0 ms 
321124     DEBUG Test worker     d.u.i.k.n.KeyIO           MODE: 2nd degree decls took 0 
323687     INFO  Test worker     d.u.i.k.n.KeyIO           Parsing took 0 ms 
323687     DEBUG Test worker     d.u.i.k.n.KeyIO           Load declarations of de.uka.ilkd.key.nparser.KeyAst$File:  <unknown>:1#1 
323687     INFO  Test worker     d.u.i.k.n.KeyIO           MODE: declarations took 0 ms 
323687     DEBUG Test worker     d.u.i.k.n.KeyIO           MODE: 2nd degree decls took 0 
323687     INFO  Test worker     d.u.i.k.n.KeyIO           Parsing took 0 ms 
323687     DEBUG Test worker     d.u.i.k.n.KeyIO           Load declarations of de.uka.ilkd.key.nparser.KeyAst$File:  <unknown>:1#1 
323687     INFO  Test worker     d.u.i.k.n.KeyIO           MODE: declarations took 0 ms 
323703     DEBUG Test worker     d.u.i.k.n.KeyIO           MODE: 2nd degree decls took 0 
323703     INFO  Test worker     d.u.i.k.n.KeyIO           Parsing took 0 ms 
323703     DEBUG Test worker     d.u.i.k.n.KeyIO           Load declarations of de.uka.ilkd.key.nparser.KeyAst$File:  <unknown>:1#1 
323703     INFO  Test worker     d.u.i.k.n.KeyIO           MODE: declarations took 0 ms 
323703     DEBUG Test worker     d.u.i.k.n.KeyIO           MODE: 2nd degree decls took 0 
323703     INFO  Test worker     d.u.i.k.n.KeyIO           Parsing took 0 ms 
323703     DEBUG Test worker     d.u.i.k.n.KeyIO           Load declarations of de.uka.ilkd.key.nparser.KeyAst$File:  <unknown>:1#1 
323703     INFO  Test worker     d.u.i.k.n.KeyIO           MODE: declarations took 0 ms 
323703     DEBUG Test worker     d.u.i.k.n.KeyIO           MODE: 2nd degree decls took 0 
323703     INFO  Test worker     d.u.i.k.n.KeyIO           Parsing took 0 ms 
323703     DEBUG Test worker     d.u.i.k.n.KeyIO           Load declarations of de.uka.ilkd.key.nparser.KeyAst$File:  <unknown>:1#1 
323703     INFO  Test worker     d.u.i.k.n.KeyIO           MODE: declarations took 0 ms 
323703     DEBUG Test worker     d.u.i.k.n.KeyIO           MODE: 2nd degree decls took 0 
326313     INFO  Test worker     d.u.i.k.n.KeyIO           Parsing took 0 ms 
326313     DEBUG Test worker     d.u.i.k.n.KeyIO           Load declarations of de.uka.ilkd.key.nparser.KeyAst$File:  <unknown>:1#1 
326313     INFO  Test worker     d.u.i.k.n.KeyIO           MODE: declarations took 0 ms 
326313     DEBUG Test worker     d.u.i.k.n.KeyIO           MODE: 2nd degree decls took 0 
326313     INFO  Test worker     d.u.i.k.n.KeyIO           Parsing took 0 ms 
326313     DEBUG Test worker     d.u.i.k.n.KeyIO           Load declarations of de.uka.ilkd.key.nparser.KeyAst$File:  <unknown>:1#1 
326313     INFO  Test worker     d.u.i.k.n.KeyIO           MODE: declarations took 0 ms 
326313     DEBUG Test worker     d.u.i.k.n.KeyIO           MODE: 2nd degree decls took 0 
326313     INFO  Test worker     d.u.i.k.n.KeyIO           Parsing took 0 ms 
326313     DEBUG Test worker     d.u.i.k.n.KeyIO           Load declarations of de.uka.ilkd.key.nparser.KeyAst$File:  <unknown>:1#1 
326313     INFO  Test worker     d.u.i.k.n.KeyIO           MODE: declarations took 0 ms 
326313     DEBUG Test worker     d.u.i.k.n.KeyIO           MODE: 2nd degree decls took 0 
326313     INFO  Test worker     d.u.i.k.n.KeyIO           Parsing took 0 ms 
326313     DEBUG Test worker     d.u.i.k.n.KeyIO           Load declarations of de.uka.ilkd.key.nparser.KeyAst$File:  <unknown>:1#1 
326313     INFO  Test worker     d.u.i.k.n.KeyIO           MODE: declarations took 0 ms 
326313     DEBUG Test worker     d.u.i.k.n.KeyIO           MODE: 2nd degree decls took 0 
326313     INFO  Test worker     d.u.i.k.n.KeyIO           Parsing took 0 ms 
326313     DEBUG Test worker     d.u.i.k.n.KeyIO           Load declarations of de.uka.ilkd.key.nparser.KeyAst$File:  <unknown>:1#1 
326313     INFO  Test worker     d.u.i.k.n.KeyIO           MODE: declarations took 0 ms 
326313     DEBUG Test worker     d.u.i.k.n.KeyIO           MODE: 2nd degree decls took 0 
328892     INFO  Test worker     d.u.i.k.n.KeyIO           Parsing took 0 ms 
328892     DEBUG Test worker     d.u.i.k.n.KeyIO           Load declarations of de.uka.ilkd.key.nparser.KeyAst$File:  <unknown>:1#1 
328892     INFO  Test worker     d.u.i.k.n.KeyIO           MODE: declarations took 0 ms 
328892     DEBUG Test worker     d.u.i.k.n.KeyIO           MODE: 2nd degree decls took 0 
328892     INFO  Test worker     d.u.i.k.n.KeyIO           Parsing took 0 ms 
328892     DEBUG Test worker     d.u.i.k.n.KeyIO           Load declarations of de.uka.ilkd.key.nparser.KeyAst$File:  <unknown>:1#1 
328892     INFO  Test worker     d.u.i.k.n.KeyIO           MODE: declarations took 0 ms 
328892     DEBUG Test worker     d.u.i.k.n.KeyIO           MODE: 2nd degree decls took 0 
328892     INFO  Test worker     d.u.i.k.n.KeyIO           Parsing took 0 ms 
328892     DEBUG Test worker     d.u.i.k.n.KeyIO           Load declarations of de.uka.ilkd.key.nparser.KeyAst$File:  <unknown>:1#1 
328892     INFO  Test worker     d.u.i.k.n.KeyIO           MODE: declarations took 0 ms 
328892     DEBUG Test worker     d.u.i.k.n.KeyIO           MODE: 2nd degree decls took 0 
328892     INFO  Test worker     d.u.i.k.n.KeyIO           Parsing took 0 ms 
328892     DEBUG Test worker     d.u.i.k.n.KeyIO           Load declarations of de.uka.ilkd.key.nparser.KeyAst$File:  <unknown>:1#1 
328892     INFO  Test worker     d.u.i.k.n.KeyIO           MODE: declarations took 0 ms 
328892     DEBUG Test worker     d.u.i.k.n.KeyIO           MODE: 2nd degree decls took 0 
328892     INFO  Test worker     d.u.i.k.n.KeyIO           Parsing took 0 ms 
328892     DEBUG Test worker     d.u.i.k.n.KeyIO           Load declarations of de.uka.ilkd.key.nparser.KeyAst$File:  <unknown>:1#1 
328908     INFO  Test worker     d.u.i.k.n.KeyIO           MODE: declarations took 16 ms 
328908     DEBUG Test worker     d.u.i.k.n.KeyIO           MODE: 2nd degree decls took 0 
331581     INFO  Test worker     d.u.i.k.n.KeyIO           Parsing took 0 ms 
331581     DEBUG Test worker     d.u.i.k.n.KeyIO           Load declarations of de.uka.ilkd.key.nparser.KeyAst$File:  <unknown>:1#1 
331581     INFO  Test worker     d.u.i.k.n.KeyIO           MODE: declarations took 0 ms 
331581     DEBUG Test worker     d.u.i.k.n.KeyIO           MODE: 2nd degree decls took 0 
331581     INFO  Test worker     d.u.i.k.n.KeyIO           Parsing took 0 ms 
331581     DEBUG Test worker     d.u.i.k.n.KeyIO           Load declarations of de.uka.ilkd.key.nparser.KeyAst$File:  <unknown>:1#1 
331581     INFO  Test worker     d.u.i.k.n.KeyIO           MODE: declarations took 0 ms 
331581     DEBUG Test worker     d.u.i.k.n.KeyIO           MODE: 2nd degree decls took 0 
331581     INFO  Test worker     d.u.i.k.n.KeyIO           Parsing took 0 ms 
331581     DEBUG Test worker     d.u.i.k.n.KeyIO           Load declarations of de.uka.ilkd.key.nparser.KeyAst$File:  <unknown>:1#1 
331581     INFO  Test worker     d.u.i.k.n.KeyIO           MODE: declarations took 0 ms 
331581     DEBUG Test worker     d.u.i.k.n.KeyIO           MODE: 2nd degree decls took 0 
331581     INFO  Test worker     d.u.i.k.n.KeyIO           Parsing took 0 ms 
331581     DEBUG Test worker     d.u.i.k.n.KeyIO           Load declarations of de.uka.ilkd.key.nparser.KeyAst$File:  <unknown>:1#1 
331581     INFO  Test worker     d.u.i.k.n.KeyIO           MODE: declarations took 0 ms 
331581     DEBUG Test worker     d.u.i.k.n.KeyIO           MODE: 2nd degree decls took 0 
331581     INFO  Test worker     d.u.i.k.n.KeyIO           Parsing took 0 ms 
331581     DEBUG Test worker     d.u.i.k.n.KeyIO           Load declarations of de.uka.ilkd.key.nparser.KeyAst$File:  <unknown>:1#1 
331581     INFO  Test worker     d.u.i.k.n.KeyIO           MODE: declarations took 0 ms 
331581     DEBUG Test worker     d.u.i.k.n.KeyIO           MODE: 2nd degree decls took 0 
334192     INFO  Test worker     d.u.i.k.n.KeyIO           Parsing took 0 ms 
334192     DEBUG Test worker     d.u.i.k.n.KeyIO           Load declarations of de.uka.ilkd.key.nparser.KeyAst$File:  <unknown>:1#1 
334192     INFO  Test worker     d.u.i.k.n.KeyIO           MODE: declarations took 0 ms 
334192     DEBUG Test worker     d.u.i.k.n.KeyIO           MODE: 2nd degree decls took 0 
334192     INFO  Test worker     d.u.i.k.n.KeyIO           Parsing took 0 ms 
334192     DEBUG Test worker     d.u.i.k.n.KeyIO           Load declarations of de.uka.ilkd.key.nparser.KeyAst$File:  <unknown>:1#1 
334192     INFO  Test worker     d.u.i.k.n.KeyIO           MODE: declarations took 0 ms 
334192     DEBUG Test worker     d.u.i.k.n.KeyIO           MODE: 2nd degree decls took 0 
334192     INFO  Test worker     d.u.i.k.n.KeyIO           Parsing took 0 ms 
334192     DEBUG Test worker     d.u.i.k.n.KeyIO           Load declarations of de.uka.ilkd.key.nparser.KeyAst$File:  <unknown>:1#1 
334192     INFO  Test worker     d.u.i.k.n.KeyIO           MODE: declarations took 0 ms 
334192     DEBUG Test worker     d.u.i.k.n.KeyIO           MODE: 2nd degree decls took 0 
334192     INFO  Test worker     d.u.i.k.n.KeyIO           Parsing took 0 ms 
334192     DEBUG Test worker     d.u.i.k.n.KeyIO           Load declarations of de.uka.ilkd.key.nparser.KeyAst$File:  <unknown>:1#1 
334192     INFO  Test worker     d.u.i.k.n.KeyIO           MODE: declarations took 0 ms 
334192     DEBUG Test worker     d.u.i.k.n.KeyIO           MODE: 2nd degree decls took 0 
334192     INFO  Test worker     d.u.i.k.n.KeyIO           Parsing took 0 ms 
334192     DEBUG Test worker     d.u.i.k.n.KeyIO           Load declarations of de.uka.ilkd.key.nparser.KeyAst$File:  <unknown>:1#1 
334192     INFO  Test worker     d.u.i.k.n.KeyIO           MODE: declarations took 0 ms 
334192     DEBUG Test worker     d.u.i.k.n.KeyIO           MODE: 2nd degree decls took 0 
336788     INFO  Test worker     d.u.i.k.n.KeyIO           Parsing took 0 ms 
336788     DEBUG Test worker     d.u.i.k.n.KeyIO           Load declarations of de.uka.ilkd.key.nparser.KeyAst$File:  <unknown>:1#1 
336788     INFO  Test worker     d.u.i.k.n.KeyIO           MODE: declarations took 0 ms 
336788     DEBUG Test worker     d.u.i.k.n.KeyIO           MODE: 2nd degree decls took 0 
336788     INFO  Test worker     d.u.i.k.n.KeyIO           Parsing took 0 ms 
336788     DEBUG Test worker     d.u.i.k.n.KeyIO           Load declarations of de.uka.ilkd.key.nparser.KeyAst$File:  <unknown>:1#1 
336788     INFO  Test worker     d.u.i.k.n.KeyIO           MODE: declarations took 0 ms 
336788     DEBUG Test worker     d.u.i.k.n.KeyIO           MODE: 2nd degree decls took 0 
336788     INFO  Test worker     d.u.i.k.n.KeyIO           Parsing took 0 ms 
336788     DEBUG Test worker     d.u.i.k.n.KeyIO           Load declarations of de.uka.ilkd.key.nparser.KeyAst$File:  <unknown>:1#1 
336788     INFO  Test worker     d.u.i.k.n.KeyIO           MODE: declarations took 0 ms 
336788     DEBUG Test worker     d.u.i.k.n.KeyIO           MODE: 2nd degree decls took 0 
336788     INFO  Test worker     d.u.i.k.n.KeyIO           Parsing took 0 ms 
336788     DEBUG Test worker     d.u.i.k.n.KeyIO           Load declarations of de.uka.ilkd.key.nparser.KeyAst$File:  <unknown>:1#1 
336788     INFO  Test worker     d.u.i.k.n.KeyIO           MODE: declarations took 0 ms 
336788     DEBUG Test worker     d.u.i.k.n.KeyIO           MODE: 2nd degree decls took 0 
336788     INFO  Test worker     d.u.i.k.n.KeyIO           Parsing took 0 ms 
336788     DEBUG Test worker     d.u.i.k.n.KeyIO           Load declarations of de.uka.ilkd.key.nparser.KeyAst$File:  <unknown>:1#1 
336788     INFO  Test worker     d.u.i.k.n.KeyIO           MODE: declarations took 0 ms 
336788     DEBUG Test worker     d.u.i.k.n.KeyIO           MODE: 2nd degree decls took 0 
339383     INFO  Test worker     d.u.i.k.n.KeyIO           Parsing took 0 ms 
339383     DEBUG Test worker     d.u.i.k.n.KeyIO           Load declarations of de.uka.ilkd.key.nparser.KeyAst$File:  <unknown>:1#1 
339383     INFO  Test worker     d.u.i.k.n.KeyIO           MODE: declarations took 0 ms 
339383     DEBUG Test worker     d.u.i.k.n.KeyIO           MODE: 2nd degree decls took 0 
339383     INFO  Test worker     d.u.i.k.n.KeyIO           Parsing took 0 ms 
339383     DEBUG Test worker     d.u.i.k.n.KeyIO           Load declarations of de.uka.ilkd.key.nparser.KeyAst$File:  <unknown>:1#1 
339383     INFO  Test worker     d.u.i.k.n.KeyIO           MODE: declarations took 0 ms 
339383     DEBUG Test worker     d.u.i.k.n.KeyIO           MODE: 2nd degree decls took 0 
339383     INFO  Test worker     d.u.i.k.n.KeyIO           Parsing took 0 ms 
339383     DEBUG Test worker     d.u.i.k.n.KeyIO           Load declarations of de.uka.ilkd.key.nparser.KeyAst$File:  <unknown>:1#1 
339383     INFO  Test worker     d.u.i.k.n.KeyIO           MODE: declarations took 0 ms 
339383     DEBUG Test worker     d.u.i.k.n.KeyIO           MODE: 2nd degree decls took 0 
339383     INFO  Test worker     d.u.i.k.n.KeyIO           Parsing took 0 ms 
339383     DEBUG Test worker     d.u.i.k.n.KeyIO           Load declarations of de.uka.ilkd.key.nparser.KeyAst$File:  <unknown>:1#1 
339383     INFO  Test worker     d.u.i.k.n.KeyIO           MODE: declarations took 0 ms 
339383     DEBUG Test worker     d.u.i.k.n.KeyIO           MODE: 2nd degree decls took 0 
339383     INFO  Test worker     d.u.i.k.n.KeyIO           Parsing took 0 ms 
339383     DEBUG Test worker     d.u.i.k.n.KeyIO           Load declarations of de.uka.ilkd.key.nparser.KeyAst$File:  <unknown>:1#1 
339383     INFO  Test worker     d.u.i.k.n.KeyIO           MODE: declarations took 0 ms 
339383     DEBUG Test worker     d.u.i.k.n.KeyIO           MODE: 2nd degree decls took 0 
339399     WARN  Test worker     d.u.i.k.n.KeYParser       [syntax-error] <unknown>:1:11: mismatched input '@' expecting {'/', ':=', '.', '(', ')', '{', '[', '@', PARALLEL, OR, AND, IMP, '=', NOT_EQUALS, '%', '*', '-', '+', '>', GREATEREQUAL, '<', LESSEQUAL, LGUILLEMETS, EQV} [@11,11:11='@',<153>,1:11] (termEOF) 
341963     INFO  Test worker     d.u.i.k.n.KeyIO           Parsing took 0 ms 
341963     DEBUG Test worker     d.u.i.k.n.KeyIO           Load declarations of de.uka.ilkd.key.nparser.KeyAst$File:  <unknown>:1#1 
341963     INFO  Test worker     d.u.i.k.n.KeyIO           MODE: declarations took 0 ms 
341963     DEBUG Test worker     d.u.i.k.n.KeyIO           MODE: 2nd degree decls took 0 
341963     INFO  Test worker     d.u.i.k.n.KeyIO           Parsing took 0 ms 
341963     DEBUG Test worker     d.u.i.k.n.KeyIO           Load declarations of de.uka.ilkd.key.nparser.KeyAst$File:  <unknown>:1#1 
341963     INFO  Test worker     d.u.i.k.n.KeyIO           MODE: declarations took 0 ms 
341963     DEBUG Test worker     d.u.i.k.n.KeyIO           MODE: 2nd degree decls took 0 
341963     INFO  Test worker     d.u.i.k.n.KeyIO           Parsing took 0 ms 
341963     DEBUG Test worker     d.u.i.k.n.KeyIO           Load declarations of de.uka.ilkd.key.nparser.KeyAst$File:  <unknown>:1#1 
341963     INFO  Test worker     d.u.i.k.n.KeyIO           MODE: declarations took 0 ms 
341963     DEBUG Test worker     d.u.i.k.n.KeyIO           MODE: 2nd degree decls took 0 
341963     INFO  Test worker     d.u.i.k.n.KeyIO           Parsing took 0 ms 
341963     DEBUG Test worker     d.u.i.k.n.KeyIO           Load declarations of de.uka.ilkd.key.nparser.KeyAst$File:  <unknown>:1#1 
341963     INFO  Test worker     d.u.i.k.n.KeyIO           MODE: declarations took 0 ms 
341963     DEBUG Test worker     d.u.i.k.n.KeyIO           MODE: 2nd degree decls took 0 
341963     INFO  Test worker     d.u.i.k.n.KeyIO           Parsing took 0 ms 
341963     DEBUG Test worker     d.u.i.k.n.KeyIO           Load declarations of de.uka.ilkd.key.nparser.KeyAst$File:  <unknown>:1#1 
341963     INFO  Test worker     d.u.i.k.n.KeyIO           MODE: declarations took 0 ms 
341963     DEBUG Test worker     d.u.i.k.n.KeyIO           MODE: 2nd degree decls took 0 
344526     INFO  Test worker     d.u.i.k.n.KeyIO           Parsing took 0 ms 
344526     DEBUG Test worker     d.u.i.k.n.KeyIO           Load declarations of de.uka.ilkd.key.nparser.KeyAst$File:  <unknown>:1#1 
344526     INFO  Test worker     d.u.i.k.n.KeyIO           MODE: declarations took 0 ms 
344526     DEBUG Test worker     d.u.i.k.n.KeyIO           MODE: 2nd degree decls took 0 
344526     INFO  Test worker     d.u.i.k.n.KeyIO           Parsing took 0 ms 
344526     DEBUG Test worker     d.u.i.k.n.KeyIO           Load declarations of de.uka.ilkd.key.nparser.KeyAst$File:  <unknown>:1#1 
344526     INFO  Test worker     d.u.i.k.n.KeyIO           MODE: declarations took 0 ms 
344526     DEBUG Test worker     d.u.i.k.n.KeyIO           MODE: 2nd degree decls took 0 
344526     INFO  Test worker     d.u.i.k.n.KeyIO           Parsing took 0 ms 
344526     DEBUG Test worker     d.u.i.k.n.KeyIO           Load declarations of de.uka.ilkd.key.nparser.KeyAst$File:  <unknown>:1#1 
344526     INFO  Test worker     d.u.i.k.n.KeyIO           MODE: declarations took 0 ms 
344526     DEBUG Test worker     d.u.i.k.n.KeyIO           MODE: 2nd degree decls took 0 
344526     INFO  Test worker     d.u.i.k.n.KeyIO           Parsing took 0 ms 
344526     DEBUG Test worker     d.u.i.k.n.KeyIO           Load declarations of de.uka.ilkd.key.nparser.KeyAst$File:  <unknown>:1#1 
344526     INFO  Test worker     d.u.i.k.n.KeyIO           MODE: declarations took 0 ms 
344526     DEBUG Test worker     d.u.i.k.n.KeyIO           MODE: 2nd degree decls took 0 
344526     INFO  Test worker     d.u.i.k.n.KeyIO           Parsing took 0 ms 
344526     DEBUG Test worker     d.u.i.k.n.KeyIO           Load declarations of de.uka.ilkd.key.nparser.KeyAst$File:  <unknown>:1#1 
344526     INFO  Test worker     d.u.i.k.n.KeyIO           MODE: declarations took 0 ms 
344541     DEBUG Test worker     d.u.i.k.n.KeyIO           MODE: 2nd degree decls took 0 
347215     INFO  Test worker     d.u.i.k.n.KeyIO           Parsing took 0 ms 
347215     DEBUG Test worker     d.u.i.k.n.KeyIO           Load declarations of de.uka.ilkd.key.nparser.KeyAst$File:  <unknown>:1#1 
347215     INFO  Test worker     d.u.i.k.n.KeyIO           MODE: declarations took 0 ms 
347215     DEBUG Test worker     d.u.i.k.n.KeyIO           MODE: 2nd degree decls took 0 
347215     INFO  Test worker     d.u.i.k.n.KeyIO           Parsing took 0 ms 
347215     DEBUG Test worker     d.u.i.k.n.KeyIO           Load declarations of de.uka.ilkd.key.nparser.KeyAst$File:  <unknown>:1#1 
347215     INFO  Test worker     d.u.i.k.n.KeyIO           MODE: declarations took 0 ms 
347215     DEBUG Test worker     d.u.i.k.n.KeyIO           MODE: 2nd degree decls took 0 
347215     INFO  Test worker     d.u.i.k.n.KeyIO           Parsing took 0 ms 
347215     DEBUG Test worker     d.u.i.k.n.KeyIO           Load declarations of de.uka.ilkd.key.nparser.KeyAst$File:  <unknown>:1#1 
347215     INFO  Test worker     d.u.i.k.n.KeyIO           MODE: declarations took 0 ms 
347215     DEBUG Test worker     d.u.i.k.n.KeyIO           MODE: 2nd degree decls took 0 
347215     INFO  Test worker     d.u.i.k.n.KeyIO           Parsing took 0 ms 
347215     DEBUG Test worker     d.u.i.k.n.KeyIO           Load declarations of de.uka.ilkd.key.nparser.KeyAst$File:  <unknown>:1#1 
347215     INFO  Test worker     d.u.i.k.n.KeyIO           MODE: declarations took 0 ms 
347215     DEBUG Test worker     d.u.i.k.n.KeyIO           MODE: 2nd degree decls took 0 
347215     INFO  Test worker     d.u.i.k.n.KeyIO           Parsing took 0 ms 
347215     DEBUG Test worker     d.u.i.k.n.KeyIO           Load declarations of de.uka.ilkd.key.nparser.KeyAst$File:  <unknown>:1#1 
347215     INFO  Test worker     d.u.i.k.n.KeyIO           MODE: declarations took 0 ms 
347215     DEBUG Test worker     d.u.i.k.n.KeyIO           MODE: 2nd degree decls took 0 
349796     INFO  Test worker     d.u.i.k.n.KeyIO           Parsing took 0 ms 
349796     DEBUG Test worker     d.u.i.k.n.KeyIO           Load declarations of de.uka.ilkd.key.nparser.KeyAst$File:  <unknown>:1#1 
349796     INFO  Test worker     d.u.i.k.n.KeyIO           MODE: declarations took 0 ms 
349796     DEBUG Test worker     d.u.i.k.n.KeyIO           MODE: 2nd degree decls took 0 
349796     INFO  Test worker     d.u.i.k.n.KeyIO           Parsing took 0 ms 
349796     DEBUG Test worker     d.u.i.k.n.KeyIO           Load declarations of de.uka.ilkd.key.nparser.KeyAst$File:  <unknown>:1#1 
349796     INFO  Test worker     d.u.i.k.n.KeyIO           MODE: declarations took 0 ms 
349796     DEBUG Test worker     d.u.i.k.n.KeyIO           MODE: 2nd degree decls took 0 
349796     INFO  Test worker     d.u.i.k.n.KeyIO           Parsing took 0 ms 
349796     DEBUG Test worker     d.u.i.k.n.KeyIO           Load declarations of de.uka.ilkd.key.nparser.KeyAst$File:  <unknown>:1#1 
349796     INFO  Test worker     d.u.i.k.n.KeyIO           MODE: declarations took 0 ms 
349796     DEBUG Test worker     d.u.i.k.n.KeyIO           MODE: 2nd degree decls took 0 
349796     INFO  Test worker     d.u.i.k.n.KeyIO           Parsing took 0 ms 
349796     DEBUG Test worker     d.u.i.k.n.KeyIO           Load declarations of de.uka.ilkd.key.nparser.KeyAst$File:  <unknown>:1#1 
349796     INFO  Test worker     d.u.i.k.n.KeyIO           MODE: declarations took 0 ms 
349796     DEBUG Test worker     d.u.i.k.n.KeyIO           MODE: 2nd degree decls took 0 
349796     INFO  Test worker     d.u.i.k.n.KeyIO           Parsing took 0 ms 
349796     DEBUG Test worker     d.u.i.k.n.KeyIO           Load declarations of de.uka.ilkd.key.nparser.KeyAst$File:  <unknown>:1#1 
349796     INFO  Test worker     d.u.i.k.n.KeyIO           MODE: declarations took 0 ms 
349796     DEBUG Test worker     d.u.i.k.n.KeyIO           MODE: 2nd degree decls took 0 
352406     INFO  Test worker     d.u.i.k.n.KeyIO           Parsing took 0 ms 
352406     DEBUG Test worker     d.u.i.k.n.KeyIO           Load declarations of de.uka.ilkd.key.nparser.KeyAst$File:  <unknown>:1#1 
352406     INFO  Test worker     d.u.i.k.n.KeyIO           MODE: declarations took 0 ms 
352406     DEBUG Test worker     d.u.i.k.n.KeyIO           MODE: 2nd degree decls took 0 
352406     INFO  Test worker     d.u.i.k.n.KeyIO           Parsing took 0 ms 
352406     DEBUG Test worker     d.u.i.k.n.KeyIO           Load declarations of de.uka.ilkd.key.nparser.KeyAst$File:  <unknown>:1#1 
352406     INFO  Test worker     d.u.i.k.n.KeyIO           MODE: declarations took 0 ms 
352406     DEBUG Test worker     d.u.i.k.n.KeyIO           MODE: 2nd degree decls took 0 
352406     INFO  Test worker     d.u.i.k.n.KeyIO           Parsing took 0 ms 
352406     DEBUG Test worker     d.u.i.k.n.KeyIO           Load declarations of de.uka.ilkd.key.nparser.KeyAst$File:  <unknown>:1#1 
352406     INFO  Test worker     d.u.i.k.n.KeyIO           MODE: declarations took 0 ms 
352406     DEBUG Test worker     d.u.i.k.n.KeyIO           MODE: 2nd degree decls took 0 
352406     INFO  Test worker     d.u.i.k.n.KeyIO           Parsing took 0 ms 
352406     DEBUG Test worker     d.u.i.k.n.KeyIO           Load declarations of de.uka.ilkd.key.nparser.KeyAst$File:  <unknown>:1#1 
352406     INFO  Test worker     d.u.i.k.n.KeyIO           MODE: declarations took 0 ms 
352406     DEBUG Test worker     d.u.i.k.n.KeyIO           MODE: 2nd degree decls took 0 
352406     INFO  Test worker     d.u.i.k.n.KeyIO           Parsing took 0 ms 
352406     DEBUG Test worker     d.u.i.k.n.KeyIO           Load declarations of de.uka.ilkd.key.nparser.KeyAst$File:  <unknown>:1#1 
352406     INFO  Test worker     d.u.i.k.n.KeyIO           MODE: declarations took 0 ms 
352406     DEBUG Test worker     d.u.i.k.n.KeyIO           MODE: 2nd degree decls took 0 
355001     INFO  Test worker     d.u.i.k.n.KeyIO           Parsing took 0 ms 
355001     DEBUG Test worker     d.u.i.k.n.KeyIO           Load declarations of de.uka.ilkd.key.nparser.KeyAst$File:  <unknown>:1#1 
355001     INFO  Test worker     d.u.i.k.n.KeyIO           MODE: declarations took 0 ms 
355001     DEBUG Test worker     d.u.i.k.n.KeyIO           MODE: 2nd degree decls took 0 
355001     INFO  Test worker     d.u.i.k.n.KeyIO           Parsing took 0 ms 
355001     DEBUG Test worker     d.u.i.k.n.KeyIO           Load declarations of de.uka.ilkd.key.nparser.KeyAst$File:  <unknown>:1#1 
355001     INFO  Test worker     d.u.i.k.n.KeyIO           MODE: declarations took 0 ms 
355001     DEBUG Test worker     d.u.i.k.n.KeyIO           MODE: 2nd degree decls took 0 
355001     INFO  Test worker     d.u.i.k.n.KeyIO           Parsing took 0 ms 
355001     DEBUG Test worker     d.u.i.k.n.KeyIO           Load declarations of de.uka.ilkd.key.nparser.KeyAst$File:  <unknown>:1#1 
355001     INFO  Test worker     d.u.i.k.n.KeyIO           MODE: declarations took 0 ms 
355001     DEBUG Test worker     d.u.i.k.n.KeyIO           MODE: 2nd degree decls took 0 
355001     INFO  Test worker     d.u.i.k.n.KeyIO           Parsing took 0 ms 
355001     DEBUG Test worker     d.u.i.k.n.KeyIO           Load declarations of de.uka.ilkd.key.nparser.KeyAst$File:  <unknown>:1#1 
355001     INFO  Test worker     d.u.i.k.n.KeyIO           MODE: declarations took 0 ms 
355001     DEBUG Test worker     d.u.i.k.n.KeyIO           MODE: 2nd degree decls took 0 
355001     INFO  Test worker     d.u.i.k.n.KeyIO           Parsing took 0 ms 
355001     DEBUG Test worker     d.u.i.k.n.KeyIO           Load declarations of de.uka.ilkd.key.nparser.KeyAst$File:  <unknown>:1#1 
355001     INFO  Test worker     d.u.i.k.n.KeyIO           MODE: declarations took 0 ms 
355001     DEBUG Test worker     d.u.i.k.n.KeyIO           MODE: 2nd degree decls took 0 
357596     INFO  Test worker     d.u.i.k.n.KeyIO           Parsing took 0 ms 
357596     DEBUG Test worker     d.u.i.k.n.KeyIO           Load declarations of de.uka.ilkd.key.nparser.KeyAst$File:  <unknown>:1#1 
357596     INFO  Test worker     d.u.i.k.n.KeyIO           MODE: declarations took 0 ms 
357596     DEBUG Test worker     d.u.i.k.n.KeyIO           MODE: 2nd degree decls took 0 
357596     INFO  Test worker     d.u.i.k.n.KeyIO           Parsing took 0 ms 
357596     DEBUG Test worker     d.u.i.k.n.KeyIO           Load declarations of de.uka.ilkd.key.nparser.KeyAst$File:  <unknown>:1#1 
357596     INFO  Test worker     d.u.i.k.n.KeyIO           MODE: declarations took 0 ms 
357596     DEBUG Test worker     d.u.i.k.n.KeyIO           MODE: 2nd degree decls took 0 
357596     INFO  Test worker     d.u.i.k.n.KeyIO           Parsing took 0 ms 
357596     DEBUG Test worker     d.u.i.k.n.KeyIO           Load declarations of de.uka.ilkd.key.nparser.KeyAst$File:  <unknown>:1#1 
357596     INFO  Test worker     d.u.i.k.n.KeyIO           MODE: declarations took 0 ms 
357596     DEBUG Test worker     d.u.i.k.n.KeyIO           MODE: 2nd degree decls took 0 
357596     INFO  Test worker     d.u.i.k.n.KeyIO           Parsing took 0 ms 
357596     DEBUG Test worker     d.u.i.k.n.KeyIO           Load declarations of de.uka.ilkd.key.nparser.KeyAst$File:  <unknown>:1#1 
357596     INFO  Test worker     d.u.i.k.n.KeyIO           MODE: declarations took 0 ms 
357596     DEBUG Test worker     d.u.i.k.n.KeyIO           MODE: 2nd degree decls took 0 
357596     INFO  Test worker     d.u.i.k.n.KeyIO           Parsing took 0 ms 
357596     DEBUG Test worker     d.u.i.k.n.KeyIO           Load declarations of de.uka.ilkd.key.nparser.KeyAst$File:  <unknown>:1#1 
357596     INFO  Test worker     d.u.i.k.n.KeyIO           MODE: declarations took 0 ms 
357596     DEBUG Test worker     d.u.i.k.n.KeyIO           MODE: 2nd degree decls took 0 
360191     INFO  Test worker     d.u.i.k.n.KeyIO           Parsing took 0 ms 
360191     DEBUG Test worker     d.u.i.k.n.KeyIO           Load declarations of de.uka.ilkd.key.nparser.KeyAst$File:  <unknown>:1#1 
360191     INFO  Test worker     d.u.i.k.n.KeyIO           MODE: declarations took 0 ms 
360191     DEBUG Test worker     d.u.i.k.n.KeyIO           MODE: 2nd degree decls took 0 
360191     INFO  Test worker     d.u.i.k.n.KeyIO           Parsing took 0 ms 
360191     DEBUG Test worker     d.u.i.k.n.KeyIO           Load declarations of de.uka.ilkd.key.nparser.KeyAst$File:  <unknown>:1#1 
360191     INFO  Test worker     d.u.i.k.n.KeyIO           MODE: declarations took 0 ms 
360191     DEBUG Test worker     d.u.i.k.n.KeyIO           MODE: 2nd degree decls took 0 
360191     INFO  Test worker     d.u.i.k.n.KeyIO           Parsing took 0 ms 
360191     DEBUG Test worker     d.u.i.k.n.KeyIO           Load declarations of de.uka.ilkd.key.nparser.KeyAst$File:  <unknown>:1#1 
360191     INFO  Test worker     d.u.i.k.n.KeyIO           MODE: declarations took 0 ms 
360191     DEBUG Test worker     d.u.i.k.n.KeyIO           MODE: 2nd degree decls took 0 
360191     INFO  Test worker     d.u.i.k.n.KeyIO           Parsing took 0 ms 
360191     DEBUG Test worker     d.u.i.k.n.KeyIO           Load declarations of de.uka.ilkd.key.nparser.KeyAst$File:  <unknown>:1#1 
360191     INFO  Test worker     d.u.i.k.n.KeyIO           MODE: declarations took 0 ms 
360191     DEBUG Test worker     d.u.i.k.n.KeyIO           MODE: 2nd degree decls took 0 
360191     INFO  Test worker     d.u.i.k.n.KeyIO           Parsing took 0 ms 
360191     DEBUG Test worker     d.u.i.k.n.KeyIO           Load declarations of de.uka.ilkd.key.nparser.KeyAst$File:  <unknown>:1#1 
360191     INFO  Test worker     d.u.i.k.n.KeyIO           MODE: declarations took 0 ms 
360191     DEBUG Test worker     d.u.i.k.n.KeyIO           MODE: 2nd degree decls took 0 
362801     INFO  Test worker     d.u.i.k.n.KeyIO           Parsing took 0 ms 
362801     DEBUG Test worker     d.u.i.k.n.KeyIO           Load declarations of de.uka.ilkd.key.nparser.KeyAst$File:  <unknown>:1#1 
362801     INFO  Test worker     d.u.i.k.n.KeyIO           MODE: declarations took 0 ms 
362801     DEBUG Test worker     d.u.i.k.n.KeyIO           MODE: 2nd degree decls took 0 
362801     INFO  Test worker     d.u.i.k.n.KeyIO           Parsing took 0 ms 
362801     DEBUG Test worker     d.u.i.k.n.KeyIO           Load declarations of de.uka.ilkd.key.nparser.KeyAst$File:  <unknown>:1#1 
362801     INFO  Test worker     d.u.i.k.n.KeyIO           MODE: declarations took 0 ms 
362801     DEBUG Test worker     d.u.i.k.n.KeyIO           MODE: 2nd degree decls took 0 
362801     INFO  Test worker     d.u.i.k.n.KeyIO           Parsing took 0 ms 
362801     DEBUG Test worker     d.u.i.k.n.KeyIO           Load declarations of de.uka.ilkd.key.nparser.KeyAst$File:  <unknown>:1#1 
362801     INFO  Test worker     d.u.i.k.n.KeyIO           MODE: declarations took 0 ms 
362801     DEBUG Test worker     d.u.i.k.n.KeyIO           MODE: 2nd degree decls took 0 
362801     INFO  Test worker     d.u.i.k.n.KeyIO           Parsing took 0 ms 
362801     DEBUG Test worker     d.u.i.k.n.KeyIO           Load declarations of de.uka.ilkd.key.nparser.KeyAst$File:  <unknown>:1#1 
362801     INFO  Test worker     d.u.i.k.n.KeyIO           MODE: declarations took 0 ms 
362801     DEBUG Test worker     d.u.i.k.n.KeyIO           MODE: 2nd degree decls took 0 
362801     INFO  Test worker     d.u.i.k.n.KeyIO           Parsing took 0 ms 
362801     DEBUG Test worker     d.u.i.k.n.KeyIO           Load declarations of de.uka.ilkd.key.nparser.KeyAst$File:  <unknown>:1#1 
362801     INFO  Test worker     d.u.i.k.n.KeyIO           MODE: declarations took 0 ms 
362801     DEBUG Test worker     d.u.i.k.n.KeyIO           MODE: 2nd degree decls took 0 
365381     INFO  Test worker     d.u.i.k.n.KeyIO           Parsing took 0 ms 
365381     DEBUG Test worker     d.u.i.k.n.KeyIO           Load declarations of de.uka.ilkd.key.nparser.KeyAst$File:  <unknown>:1#1 
365381     INFO  Test worker     d.u.i.k.n.KeyIO           MODE: declarations took 0 ms 
365381     DEBUG Test worker     d.u.i.k.n.KeyIO           MODE: 2nd degree decls took 0 
365381     INFO  Test worker     d.u.i.k.n.KeyIO           Parsing took 0 ms 
365381     DEBUG Test worker     d.u.i.k.n.KeyIO           Load declarations of de.uka.ilkd.key.nparser.KeyAst$File:  <unknown>:1#1 
365381     INFO  Test worker     d.u.i.k.n.KeyIO           MODE: declarations took 0 ms 
365381     DEBUG Test worker     d.u.i.k.n.KeyIO           MODE: 2nd degree decls took 0 
365381     INFO  Test worker     d.u.i.k.n.KeyIO           Parsing took 0 ms 
365381     DEBUG Test worker     d.u.i.k.n.KeyIO           Load declarations of de.uka.ilkd.key.nparser.KeyAst$File:  <unknown>:1#1 
365381     INFO  Test worker     d.u.i.k.n.KeyIO           MODE: declarations took 0 ms 
365381     DEBUG Test worker     d.u.i.k.n.KeyIO           MODE: 2nd degree decls took 0 
365381     INFO  Test worker     d.u.i.k.n.KeyIO           Parsing took 0 ms 
365381     DEBUG Test worker     d.u.i.k.n.KeyIO           Load declarations of de.uka.ilkd.key.nparser.KeyAst$File:  <unknown>:1#1 
365381     INFO  Test worker     d.u.i.k.n.KeyIO           MODE: declarations took 0 ms 
365381     DEBUG Test worker     d.u.i.k.n.KeyIO           MODE: 2nd degree decls took 0 
365381     INFO  Test worker     d.u.i.k.n.KeyIO           Parsing took 0 ms 
365381     DEBUG Test worker     d.u.i.k.n.KeyIO           Load declarations of de.uka.ilkd.key.nparser.KeyAst$File:  <unknown>:1#1 
365381     INFO  Test worker     d.u.i.k.n.KeyIO           MODE: declarations took 0 ms 
365381     DEBUG Test worker     d.u.i.k.n.KeyIO           MODE: 2nd degree decls took 0 
367992     INFO  Test worker     d.u.i.k.n.KeyIO           Parsing took 0 ms 
367992     DEBUG Test worker     d.u.i.k.n.KeyIO           Load declarations of de.uka.ilkd.key.nparser.KeyAst$File:  <unknown>:1#1 
367992     INFO  Test worker     d.u.i.k.n.KeyIO           MODE: declarations took 0 ms 
367992     DEBUG Test worker     d.u.i.k.n.KeyIO           MODE: 2nd degree decls took 0 
367992     INFO  Test worker     d.u.i.k.n.KeyIO           Parsing took 0 ms 
367992     DEBUG Test worker     d.u.i.k.n.KeyIO           Load declarations of de.uka.ilkd.key.nparser.KeyAst$File:  <unknown>:1#1 
367992     INFO  Test worker     d.u.i.k.n.KeyIO           MODE: declarations took 0 ms 
367992     DEBUG Test worker     d.u.i.k.n.KeyIO           MODE: 2nd degree decls took 0 
367992     INFO  Test worker     d.u.i.k.n.KeyIO           Parsing took 0 ms 
367992     DEBUG Test worker     d.u.i.k.n.KeyIO           Load declarations of de.uka.ilkd.key.nparser.KeyAst$File:  <unknown>:1#1 
367992     INFO  Test worker     d.u.i.k.n.KeyIO           MODE: declarations took 0 ms 
367992     DEBUG Test worker     d.u.i.k.n.KeyIO           MODE: 2nd degree decls took 0 
367992     INFO  Test worker     d.u.i.k.n.KeyIO           Parsing took 0 ms 
367992     DEBUG Test worker     d.u.i.k.n.KeyIO           Load declarations of de.uka.ilkd.key.nparser.KeyAst$File:  <unknown>:1#1 
367992     INFO  Test worker     d.u.i.k.n.KeyIO           MODE: declarations took 0 ms 
367992     DEBUG Test worker     d.u.i.k.n.KeyIO           MODE: 2nd degree decls took 0 
367992     INFO  Test worker     d.u.i.k.n.KeyIO           Parsing took 0 ms 
367992     DEBUG Test worker     d.u.i.k.n.KeyIO           Load declarations of de.uka.ilkd.key.nparser.KeyAst$File:  <unknown>:1#1 
367992     INFO  Test worker     d.u.i.k.n.KeyIO           MODE: declarations took 0 ms 
367992     DEBUG Test worker     d.u.i.k.n.KeyIO           MODE: 2nd degree decls took 0 
370556     INFO  Test worker     d.u.i.k.n.KeyIO           Parsing took 0 ms 
370556     DEBUG Test worker     d.u.i.k.n.KeyIO           Load declarations of de.uka.ilkd.key.nparser.KeyAst$File:  <unknown>:1#1 
370556     INFO  Test worker     d.u.i.k.n.KeyIO           MODE: declarations took 0 ms 
370556     DEBUG Test worker     d.u.i.k.n.KeyIO           MODE: 2nd degree decls took 0 
370556     INFO  Test worker     d.u.i.k.n.KeyIO           Parsing took 0 ms 
370556     DEBUG Test worker     d.u.i.k.n.KeyIO           Load declarations of de.uka.ilkd.key.nparser.KeyAst$File:  <unknown>:1#1 
370556     INFO  Test worker     d.u.i.k.n.KeyIO           MODE: declarations took 0 ms 
370556     DEBUG Test worker     d.u.i.k.n.KeyIO           MODE: 2nd degree decls took 0 
370556     INFO  Test worker     d.u.i.k.n.KeyIO           Parsing took 0 ms 
370556     DEBUG Test worker     d.u.i.k.n.KeyIO           Load declarations of de.uka.ilkd.key.nparser.KeyAst$File:  <unknown>:1#1 
370556     INFO  Test worker     d.u.i.k.n.KeyIO           MODE: declarations took 0 ms 
370556     DEBUG Test worker     d.u.i.k.n.KeyIO           MODE: 2nd degree decls took 0 
370556     INFO  Test worker     d.u.i.k.n.KeyIO           Parsing took 0 ms 
370556     DEBUG Test worker     d.u.i.k.n.KeyIO           Load declarations of de.uka.ilkd.key.nparser.KeyAst$File:  <unknown>:1#1 
370556     INFO  Test worker     d.u.i.k.n.KeyIO           MODE: declarations took 0 ms 
370556     DEBUG Test worker     d.u.i.k.n.KeyIO           MODE: 2nd degree decls took 0 
370556     INFO  Test worker     d.u.i.k.n.KeyIO           Parsing took 0 ms 
370556     DEBUG Test worker     d.u.i.k.n.KeyIO           Load declarations of de.uka.ilkd.key.nparser.KeyAst$File:  <unknown>:1#1 
370556     INFO  Test worker     d.u.i.k.n.KeyIO           MODE: declarations took 0 ms 
370556     DEBUG Test worker     d.u.i.k.n.KeyIO           MODE: 2nd degree decls took 0 
373168     INFO  Test worker     d.u.i.k.n.KeyIO           Parsing took 0 ms 
373168     DEBUG Test worker     d.u.i.k.n.KeyIO           Load declarations of de.uka.ilkd.key.nparser.KeyAst$File:  <unknown>:1#1 
373168     INFO  Test worker     d.u.i.k.n.KeyIO           MODE: declarations took 0 ms 
373168     DEBUG Test worker     d.u.i.k.n.KeyIO           MODE: 2nd degree decls took 0 
373168     INFO  Test worker     d.u.i.k.n.KeyIO           Parsing took 0 ms 
373168     DEBUG Test worker     d.u.i.k.n.KeyIO           Load declarations of de.uka.ilkd.key.nparser.KeyAst$File:  <unknown>:1#1 
373168     INFO  Test worker     d.u.i.k.n.KeyIO           MODE: declarations took 0 ms 
373168     DEBUG Test worker     d.u.i.k.n.KeyIO           MODE: 2nd degree decls took 0 
373168     INFO  Test worker     d.u.i.k.n.KeyIO           Parsing took 0 ms 
373168     DEBUG Test worker     d.u.i.k.n.KeyIO           Load declarations of de.uka.ilkd.key.nparser.KeyAst$File:  <unknown>:1#1 
373168     INFO  Test worker     d.u.i.k.n.KeyIO           MODE: declarations took 0 ms 
373168     DEBUG Test worker     d.u.i.k.n.KeyIO           MODE: 2nd degree decls took 0 
373168     INFO  Test worker     d.u.i.k.n.KeyIO           Parsing took 0 ms 
373168     DEBUG Test worker     d.u.i.k.n.KeyIO           Load declarations of de.uka.ilkd.key.nparser.KeyAst$File:  <unknown>:1#1 
373168     INFO  Test worker     d.u.i.k.n.KeyIO           MODE: declarations took 0 ms 
373168     DEBUG Test worker     d.u.i.k.n.KeyIO           MODE: 2nd degree decls took 0 
373168     INFO  Test worker     d.u.i.k.n.KeyIO           Parsing took 0 ms 
373168     DEBUG Test worker     d.u.i.k.n.KeyIO           Load declarations of de.uka.ilkd.key.nparser.KeyAst$File:  <unknown>:1#1 
373168     INFO  Test worker     d.u.i.k.n.KeyIO           MODE: declarations took 0 ms 
373168     DEBUG Test worker     d.u.i.k.n.KeyIO           MODE: 2nd degree decls took 0 
375747     INFO  Test worker     d.u.i.k.n.KeyIO           Parsing took 0 ms 
375747     DEBUG Test worker     d.u.i.k.n.KeyIO           Load declarations of de.uka.ilkd.key.nparser.KeyAst$File:  <unknown>:1#1 
375747     INFO  Test worker     d.u.i.k.n.KeyIO           MODE: declarations took 0 ms 
375747     DEBUG Test worker     d.u.i.k.n.KeyIO           MODE: 2nd degree decls took 0 
375747     INFO  Test worker     d.u.i.k.n.KeyIO           Parsing took 0 ms 
375747     DEBUG Test worker     d.u.i.k.n.KeyIO           Load declarations of de.uka.ilkd.key.nparser.KeyAst$File:  <unknown>:1#1 
375747     INFO  Test worker     d.u.i.k.n.KeyIO           MODE: declarations took 0 ms 
375747     DEBUG Test worker     d.u.i.k.n.KeyIO           MODE: 2nd degree decls took 0 
375747     INFO  Test worker     d.u.i.k.n.KeyIO           Parsing took 0 ms 
375747     DEBUG Test worker     d.u.i.k.n.KeyIO           Load declarations of de.uka.ilkd.key.nparser.KeyAst$File:  <unknown>:1#1 
375747     INFO  Test worker     d.u.i.k.n.KeyIO           MODE: declarations took 0 ms 
375747     DEBUG Test worker     d.u.i.k.n.KeyIO           MODE: 2nd degree decls took 0 
375747     INFO  Test worker     d.u.i.k.n.KeyIO           Parsing took 0 ms 
375747     DEBUG Test worker     d.u.i.k.n.KeyIO           Load declarations of de.uka.ilkd.key.nparser.KeyAst$File:  <unknown>:1#1 
375747     INFO  Test worker     d.u.i.k.n.KeyIO           MODE: declarations took 0 ms 
375747     DEBUG Test worker     d.u.i.k.n.KeyIO           MODE: 2nd degree decls took 0 
375747     INFO  Test worker     d.u.i.k.n.KeyIO           Parsing took 0 ms 
375747     DEBUG Test worker     d.u.i.k.n.KeyIO           Load declarations of de.uka.ilkd.key.nparser.KeyAst$File:  <unknown>:1#1 
375747     INFO  Test worker     d.u.i.k.n.KeyIO           MODE: declarations took 0 ms 
375747     DEBUG Test worker     d.u.i.k.n.KeyIO           MODE: 2nd degree decls took 0 
378343     INFO  Test worker     d.u.i.k.n.KeyIO           Parsing took 0 ms 
378343     DEBUG Test worker     d.u.i.k.n.KeyIO           Load declarations of de.uka.ilkd.key.nparser.KeyAst$File:  <unknown>:1#1 
378343     INFO  Test worker     d.u.i.k.n.KeyIO           MODE: declarations took 0 ms 
378343     DEBUG Test worker     d.u.i.k.n.KeyIO           MODE: 2nd degree decls took 0 
378343     INFO  Test worker     d.u.i.k.n.KeyIO           Parsing took 0 ms 
378343     DEBUG Test worker     d.u.i.k.n.KeyIO           Load declarations of de.uka.ilkd.key.nparser.KeyAst$File:  <unknown>:1#1 
378343     INFO  Test worker     d.u.i.k.n.KeyIO           MODE: declarations took 0 ms 
378343     DEBUG Test worker     d.u.i.k.n.KeyIO           MODE: 2nd degree decls took 0 
378343     INFO  Test worker     d.u.i.k.n.KeyIO           Parsing took 0 ms 
378343     DEBUG Test worker     d.u.i.k.n.KeyIO           Load declarations of de.uka.ilkd.key.nparser.KeyAst$File:  <unknown>:1#1 
378343     INFO  Test worker     d.u.i.k.n.KeyIO           MODE: declarations took 0 ms 
378343     DEBUG Test worker     d.u.i.k.n.KeyIO           MODE: 2nd degree decls took 0 
378343     INFO  Test worker     d.u.i.k.n.KeyIO           Parsing took 0 ms 
378343     DEBUG Test worker     d.u.i.k.n.KeyIO           Load declarations of de.uka.ilkd.key.nparser.KeyAst$File:  <unknown>:1#1 
378343     INFO  Test worker     d.u.i.k.n.KeyIO           MODE: declarations took 0 ms 
378343     DEBUG Test worker     d.u.i.k.n.KeyIO           MODE: 2nd degree decls took 0 
378343     INFO  Test worker     d.u.i.k.n.KeyIO           Parsing took 0 ms 
378343     DEBUG Test worker     d.u.i.k.n.KeyIO           Load declarations of de.uka.ilkd.key.nparser.KeyAst$File:  <unknown>:1#1 
378343     INFO  Test worker     d.u.i.k.n.KeyIO           MODE: declarations took 0 ms 
378343     DEBUG Test worker     d.u.i.k.n.KeyIO           MODE: 2nd degree decls took 0 
380954     INFO  Test worker     d.u.i.k.n.KeyIO           Parsing took 0 ms 
380954     DEBUG Test worker     d.u.i.k.n.KeyIO           Load declarations of de.uka.ilkd.key.nparser.KeyAst$File:  <unknown>:1#1 
380954     INFO  Test worker     d.u.i.k.n.KeyIO           MODE: declarations took 0 ms 
380954     DEBUG Test worker     d.u.i.k.n.KeyIO           MODE: 2nd degree decls took 0 
380954     INFO  Test worker     d.u.i.k.n.KeyIO           Parsing took 0 ms 
380954     DEBUG Test worker     d.u.i.k.n.KeyIO           Load declarations of de.uka.ilkd.key.nparser.KeyAst$File:  <unknown>:1#1 
380954     INFO  Test worker     d.u.i.k.n.KeyIO           MODE: declarations took 0 ms 
380954     DEBUG Test worker     d.u.i.k.n.KeyIO           MODE: 2nd degree decls took 0 
380954     INFO  Test worker     d.u.i.k.n.KeyIO           Parsing took 0 ms 
380954     DEBUG Test worker     d.u.i.k.n.KeyIO           Load declarations of de.uka.ilkd.key.nparser.KeyAst$File:  <unknown>:1#1 
380954     INFO  Test worker     d.u.i.k.n.KeyIO           MODE: declarations took 0 ms 
380954     DEBUG Test worker     d.u.i.k.n.KeyIO           MODE: 2nd degree decls took 0 
380954     INFO  Test worker     d.u.i.k.n.KeyIO           Parsing took 0 ms 
380954     DEBUG Test worker     d.u.i.k.n.KeyIO           Load declarations of de.uka.ilkd.key.nparser.KeyAst$File:  <unknown>:1#1 
380954     INFO  Test worker     d.u.i.k.n.KeyIO           MODE: declarations took 0 ms 
380954     DEBUG Test worker     d.u.i.k.n.KeyIO           MODE: 2nd degree decls took 0 
380954     INFO  Test worker     d.u.i.k.n.KeyIO           Parsing took 0 ms 
380954     DEBUG Test worker     d.u.i.k.n.KeyIO           Load declarations of de.uka.ilkd.key.nparser.KeyAst$File:  <unknown>:1#1 
380954     INFO  Test worker     d.u.i.k.n.KeyIO           MODE: declarations took 0 ms 
380954     DEBUG Test worker     d.u.i.k.n.KeyIO           MODE: 2nd degree decls took 0 
383581     INFO  Test worker     d.u.i.k.n.KeyIO           Parsing took 0 ms 
383581     DEBUG Test worker     d.u.i.k.n.KeyIO           Load declarations of de.uka.ilkd.key.nparser.KeyAst$File:  <unknown>:1#1 
383581     INFO  Test worker     d.u.i.k.n.KeyIO           MODE: declarations took 0 ms 
383581     DEBUG Test worker     d.u.i.k.n.KeyIO           MODE: 2nd degree decls took 0 
383581     INFO  Test worker     d.u.i.k.n.KeyIO           Parsing took 0 ms 
383581     DEBUG Test worker     d.u.i.k.n.KeyIO           Load declarations of de.uka.ilkd.key.nparser.KeyAst$File:  <unknown>:1#1 
383581     INFO  Test worker     d.u.i.k.n.KeyIO           MODE: declarations took 0 ms 
383581     DEBUG Test worker     d.u.i.k.n.KeyIO           MODE: 2nd degree decls took 0 
383581     INFO  Test worker     d.u.i.k.n.KeyIO           Parsing took 0 ms 
383581     DEBUG Test worker     d.u.i.k.n.KeyIO           Load declarations of de.uka.ilkd.key.nparser.KeyAst$File:  <unknown>:1#1 
383581     INFO  Test worker     d.u.i.k.n.KeyIO           MODE: declarations took 0 ms 
383581     DEBUG Test worker     d.u.i.k.n.KeyIO           MODE: 2nd degree decls took 0 
383581     INFO  Test worker     d.u.i.k.n.KeyIO           Parsing took 0 ms 
383581     DEBUG Test worker     d.u.i.k.n.KeyIO           Load declarations of de.uka.ilkd.key.nparser.KeyAst$File:  <unknown>:1#1 
383581     INFO  Test worker     d.u.i.k.n.KeyIO           MODE: declarations took 0 ms 
383581     DEBUG Test worker     d.u.i.k.n.KeyIO           MODE: 2nd degree decls took 0 
383581     INFO  Test worker     d.u.i.k.n.KeyIO           Parsing took 0 ms 
383581     DEBUG Test worker     d.u.i.k.n.KeyIO           Load declarations of de.uka.ilkd.key.nparser.KeyAst$File:  <unknown>:1#1 
383581     INFO  Test worker     d.u.i.k.n.KeyIO           MODE: declarations took 0 ms 
383581     DEBUG Test worker     d.u.i.k.n.KeyIO           MODE: 2nd degree decls took 0 
386160     INFO  Test worker     d.u.i.k.n.KeyIO           Parsing took 0 ms 
386160     DEBUG Test worker     d.u.i.k.n.KeyIO           Load declarations of de.uka.ilkd.key.nparser.KeyAst$File:  <unknown>:1#1 
386160     INFO  Test worker     d.u.i.k.n.KeyIO           MODE: declarations took 0 ms 
386160     DEBUG Test worker     d.u.i.k.n.KeyIO           MODE: 2nd degree decls took 0 
386160     INFO  Test worker     d.u.i.k.n.KeyIO           Parsing took 0 ms 
386160     DEBUG Test worker     d.u.i.k.n.KeyIO           Load declarations of de.uka.ilkd.key.nparser.KeyAst$File:  <unknown>:1#1 
386160     INFO  Test worker     d.u.i.k.n.KeyIO           MODE: declarations took 0 ms 
386160     DEBUG Test worker     d.u.i.k.n.KeyIO           MODE: 2nd degree decls took 0 
386160     INFO  Test worker     d.u.i.k.n.KeyIO           Parsing took 0 ms 
386160     DEBUG Test worker     d.u.i.k.n.KeyIO           Load declarations of de.uka.ilkd.key.nparser.KeyAst$File:  <unknown>:1#1 
386160     INFO  Test worker     d.u.i.k.n.KeyIO           MODE: declarations took 0 ms 
386160     DEBUG Test worker     d.u.i.k.n.KeyIO           MODE: 2nd degree decls took 0 
386160     INFO  Test worker     d.u.i.k.n.KeyIO           Parsing took 0 ms 
386160     DEBUG Test worker     d.u.i.k.n.KeyIO           Load declarations of de.uka.ilkd.key.nparser.KeyAst$File:  <unknown>:1#1 
386160     INFO  Test worker     d.u.i.k.n.KeyIO           MODE: declarations took 0 ms 
386160     DEBUG Test worker     d.u.i.k.n.KeyIO           MODE: 2nd degree decls took 0 
386160     INFO  Test worker     d.u.i.k.n.KeyIO           Parsing took 0 ms 
386160     DEBUG Test worker     d.u.i.k.n.KeyIO           Load declarations of de.uka.ilkd.key.nparser.KeyAst$File:  <unknown>:1#1 
386160     INFO  Test worker     d.u.i.k.n.KeyIO           MODE: declarations took 0 ms 
386160     DEBUG Test worker     d.u.i.k.n.KeyIO           MODE: 2nd degree decls took 0 
388709     INFO  Test worker     d.u.i.k.n.KeyIO           Parsing took 0 ms 
388709     DEBUG Test worker     d.u.i.k.n.KeyIO           Load declarations of de.uka.ilkd.key.nparser.KeyAst$File:  <unknown>:1#1 
388709     INFO  Test worker     d.u.i.k.n.KeyIO           MODE: declarations took 0 ms 
388709     DEBUG Test worker     d.u.i.k.n.KeyIO           MODE: 2nd degree decls took 0 
388709     INFO  Test worker     d.u.i.k.n.KeyIO           Parsing took 0 ms 
388709     DEBUG Test worker     d.u.i.k.n.KeyIO           Load declarations of de.uka.ilkd.key.nparser.KeyAst$File:  <unknown>:1#1 
388709     INFO  Test worker     d.u.i.k.n.KeyIO           MODE: declarations took 0 ms 
388709     DEBUG Test worker     d.u.i.k.n.KeyIO           MODE: 2nd degree decls took 0 
388709     INFO  Test worker     d.u.i.k.n.KeyIO           Parsing took 0 ms 
388709     DEBUG Test worker     d.u.i.k.n.KeyIO           Load declarations of de.uka.ilkd.key.nparser.KeyAst$File:  <unknown>:1#1 
388709     INFO  Test worker     d.u.i.k.n.KeyIO           MODE: declarations took 0 ms 
388709     DEBUG Test worker     d.u.i.k.n.KeyIO           MODE: 2nd degree decls took 0 
388709     INFO  Test worker     d.u.i.k.n.KeyIO           Parsing took 0 ms 
388709     DEBUG Test worker     d.u.i.k.n.KeyIO           Load declarations of de.uka.ilkd.key.nparser.KeyAst$File:  <unknown>:1#1 
388709     INFO  Test worker     d.u.i.k.n.KeyIO           MODE: declarations took 0 ms 
388709     DEBUG Test worker     d.u.i.k.n.KeyIO           MODE: 2nd degree decls took 0 
388709     INFO  Test worker     d.u.i.k.n.KeyIO           Parsing took 0 ms 
388709     DEBUG Test worker     d.u.i.k.n.KeyIO           Load declarations of de.uka.ilkd.key.nparser.KeyAst$File:  <unknown>:1#1 
388709     INFO  Test worker     d.u.i.k.n.KeyIO           MODE: declarations took 0 ms 
388709     DEBUG Test worker     d.u.i.k.n.KeyIO           MODE: 2nd degree decls took 0 
391304     INFO  Test worker     d.u.i.k.n.KeyIO           Parsing took 0 ms 
391304     DEBUG Test worker     d.u.i.k.n.KeyIO           Load declarations of de.uka.ilkd.key.nparser.KeyAst$File:  <unknown>:1#1 
391304     INFO  Test worker     d.u.i.k.n.KeyIO           MODE: declarations took 0 ms 
391304     DEBUG Test worker     d.u.i.k.n.KeyIO           MODE: 2nd degree decls took 0 
391304     INFO  Test worker     d.u.i.k.n.KeyIO           Parsing took 0 ms 
391304     DEBUG Test worker     d.u.i.k.n.KeyIO           Load declarations of de.uka.ilkd.key.nparser.KeyAst$File:  <unknown>:1#1 
391304     INFO  Test worker     d.u.i.k.n.KeyIO           MODE: declarations took 0 ms 
391304     DEBUG Test worker     d.u.i.k.n.KeyIO           MODE: 2nd degree decls took 0 
391304     INFO  Test worker     d.u.i.k.n.KeyIO           Parsing took 0 ms 
391304     DEBUG Test worker     d.u.i.k.n.KeyIO           Load declarations of de.uka.ilkd.key.nparser.KeyAst$File:  <unknown>:1#1 
391304     INFO  Test worker     d.u.i.k.n.KeyIO           MODE: declarations took 0 ms 
391304     DEBUG Test worker     d.u.i.k.n.KeyIO           MODE: 2nd degree decls took 0 
391304     INFO  Test worker     d.u.i.k.n.KeyIO           Parsing took 0 ms 
391304     DEBUG Test worker     d.u.i.k.n.KeyIO           Load declarations of de.uka.ilkd.key.nparser.KeyAst$File:  <unknown>:1#1 
391304     INFO  Test worker     d.u.i.k.n.KeyIO           MODE: declarations took 0 ms 
391304     DEBUG Test worker     d.u.i.k.n.KeyIO           MODE: 2nd degree decls took 0 
391304     INFO  Test worker     d.u.i.k.n.KeyIO           Parsing took 0 ms 
391304     DEBUG Test worker     d.u.i.k.n.KeyIO           Load declarations of de.uka.ilkd.key.nparser.KeyAst$File:  <unknown>:1#1 
391304     INFO  Test worker     d.u.i.k.n.KeyIO           MODE: declarations took 0 ms 
391304     DEBUG Test worker     d.u.i.k.n.KeyIO           MODE: 2nd degree decls took 0 
393883     INFO  Test worker     d.u.i.k.n.KeyIO           Parsing took 0 ms 
393883     DEBUG Test worker     d.u.i.k.n.KeyIO           Load declarations of de.uka.ilkd.key.nparser.KeyAst$File:  <unknown>:1#1 
393883     INFO  Test worker     d.u.i.k.n.KeyIO           MODE: declarations took 0 ms 
393883     DEBUG Test worker     d.u.i.k.n.KeyIO           MODE: 2nd degree decls took 0 
393883     INFO  Test worker     d.u.i.k.n.KeyIO           Parsing took 0 ms 
393883     DEBUG Test worker     d.u.i.k.n.KeyIO           Load declarations of de.uka.ilkd.key.nparser.KeyAst$File:  <unknown>:1#1 
393883     INFO  Test worker     d.u.i.k.n.KeyIO           MODE: declarations took 0 ms 
393883     DEBUG Test worker     d.u.i.k.n.KeyIO           MODE: 2nd degree decls took 0 
393883     INFO  Test worker     d.u.i.k.n.KeyIO           Parsing took 0 ms 
393883     DEBUG Test worker     d.u.i.k.n.KeyIO           Load declarations of de.uka.ilkd.key.nparser.KeyAst$File:  <unknown>:1#1 
393883     INFO  Test worker     d.u.i.k.n.KeyIO           MODE: declarations took 0 ms 
393883     DEBUG Test worker     d.u.i.k.n.KeyIO           MODE: 2nd degree decls took 0 
393883     INFO  Test worker     d.u.i.k.n.KeyIO           Parsing took 0 ms 
393883     DEBUG Test worker     d.u.i.k.n.KeyIO           Load declarations of de.uka.ilkd.key.nparser.KeyAst$File:  <unknown>:1#1 
393883     INFO  Test worker     d.u.i.k.n.KeyIO           MODE: declarations took 0 ms 
393883     DEBUG Test worker     d.u.i.k.n.KeyIO           MODE: 2nd degree decls took 0 
393883     INFO  Test worker     d.u.i.k.n.KeyIO           Parsing took 0 ms 
393883     DEBUG Test worker     d.u.i.k.n.KeyIO           Load declarations of de.uka.ilkd.key.nparser.KeyAst$File:  <unknown>:1#1 
393883     INFO  Test worker     d.u.i.k.n.KeyIO           MODE: declarations took 0 ms 
393883     DEBUG Test worker     d.u.i.k.n.KeyIO           MODE: 2nd degree decls took 0 
396447     INFO  Test worker     d.u.i.k.n.KeyIO           Parsing took 0 ms 
396447     DEBUG Test worker     d.u.i.k.n.KeyIO           Load declarations of de.uka.ilkd.key.nparser.KeyAst$File:  <unknown>:1#1 
396447     INFO  Test worker     d.u.i.k.n.KeyIO           MODE: declarations took 0 ms 
396447     DEBUG Test worker     d.u.i.k.n.KeyIO           MODE: 2nd degree decls took 0 
396447     INFO  Test worker     d.u.i.k.n.KeyIO           Parsing took 0 ms 
396447     DEBUG Test worker     d.u.i.k.n.KeyIO           Load declarations of de.uka.ilkd.key.nparser.KeyAst$File:  <unknown>:1#1 
396447     INFO  Test worker     d.u.i.k.n.KeyIO           MODE: declarations took 0 ms 
396447     DEBUG Test worker     d.u.i.k.n.KeyIO           MODE: 2nd degree decls took 0 
396447     INFO  Test worker     d.u.i.k.n.KeyIO           Parsing took 0 ms 
396447     DEBUG Test worker     d.u.i.k.n.KeyIO           Load declarations of de.uka.ilkd.key.nparser.KeyAst$File:  <unknown>:1#1 
396462     INFO  Test worker     d.u.i.k.n.KeyIO           MODE: declarations took 15 ms 
396462     DEBUG Test worker     d.u.i.k.n.KeyIO           MODE: 2nd degree decls took 0 
396462     INFO  Test worker     d.u.i.k.n.KeyIO           Parsing took 0 ms 
396462     DEBUG Test worker     d.u.i.k.n.KeyIO           Load declarations of de.uka.ilkd.key.nparser.KeyAst$File:  <unknown>:1#1 
396462     INFO  Test worker     d.u.i.k.n.KeyIO           MODE: declarations took 0 ms 
396462     DEBUG Test worker     d.u.i.k.n.KeyIO           MODE: 2nd degree decls took 0 
396462     INFO  Test worker     d.u.i.k.n.KeyIO           Parsing took 0 ms 
396462     DEBUG Test worker     d.u.i.k.n.KeyIO           Load declarations of de.uka.ilkd.key.nparser.KeyAst$File:  <unknown>:1#1 
396462     INFO  Test worker     d.u.i.k.n.KeyIO           MODE: declarations took 0 ms 
396462     DEBUG Test worker     d.u.i.k.n.KeyIO           MODE: 2nd degree decls took 0 
399075     INFO  Test worker     d.u.i.k.n.KeyIO           Parsing took 0 ms 
399075     DEBUG Test worker     d.u.i.k.n.KeyIO           Load declarations of de.uka.ilkd.key.nparser.KeyAst$File:  <unknown>:1#1 
399075     INFO  Test worker     d.u.i.k.n.KeyIO           MODE: declarations took 0 ms 
399075     DEBUG Test worker     d.u.i.k.n.KeyIO           MODE: 2nd degree decls took 0 
399075     INFO  Test worker     d.u.i.k.n.KeyIO           Parsing took 0 ms 
399075     DEBUG Test worker     d.u.i.k.n.KeyIO           Load declarations of de.uka.ilkd.key.nparser.KeyAst$File:  <unknown>:1#1 
399075     INFO  Test worker     d.u.i.k.n.KeyIO           MODE: declarations took 0 ms 
399075     DEBUG Test worker     d.u.i.k.n.KeyIO           MODE: 2nd degree decls took 0 
399075     INFO  Test worker     d.u.i.k.n.KeyIO           Parsing took 0 ms 
399075     DEBUG Test worker     d.u.i.k.n.KeyIO           Load declarations of de.uka.ilkd.key.nparser.KeyAst$File:  <unknown>:1#1 
399075     INFO  Test worker     d.u.i.k.n.KeyIO           MODE: declarations took 0 ms 
399075     DEBUG Test worker     d.u.i.k.n.KeyIO           MODE: 2nd degree decls took 0 
399075     INFO  Test worker     d.u.i.k.n.KeyIO           Parsing took 0 ms 
399075     DEBUG Test worker     d.u.i.k.n.KeyIO           Load declarations of de.uka.ilkd.key.nparser.KeyAst$File:  <unknown>:1#1 
399075     INFO  Test worker     d.u.i.k.n.KeyIO           MODE: declarations took 0 ms 
399075     DEBUG Test worker     d.u.i.k.n.KeyIO           MODE: 2nd degree decls took 0 
399075     INFO  Test worker     d.u.i.k.n.KeyIO           Parsing took 0 ms 
399075     DEBUG Test worker     d.u.i.k.n.KeyIO           Load declarations of de.uka.ilkd.key.nparser.KeyAst$File:  <unknown>:1#1 
399075     INFO  Test worker     d.u.i.k.n.KeyIO           MODE: declarations took 0 ms 
399075     DEBUG Test worker     d.u.i.k.n.KeyIO           MODE: 2nd degree decls took 0 
401702     INFO  Test worker     d.u.i.k.n.KeyIO           Parsing took 0 ms 
401702     DEBUG Test worker     d.u.i.k.n.KeyIO           Load declarations of de.uka.ilkd.key.nparser.KeyAst$File:  <unknown>:1#1 
401702     INFO  Test worker     d.u.i.k.n.KeyIO           MODE: declarations took 0 ms 
401702     DEBUG Test worker     d.u.i.k.n.KeyIO           MODE: 2nd degree decls took 0 
401702     INFO  Test worker     d.u.i.k.n.KeyIO           Parsing took 0 ms 
401702     DEBUG Test worker     d.u.i.k.n.KeyIO           Load declarations of de.uka.ilkd.key.nparser.KeyAst$File:  <unknown>:1#1 
401702     INFO  Test worker     d.u.i.k.n.KeyIO           MODE: declarations took 0 ms 
401702     DEBUG Test worker     d.u.i.k.n.KeyIO           MODE: 2nd degree decls took 0 
401702     INFO  Test worker     d.u.i.k.n.KeyIO           Parsing took 0 ms 
401702     DEBUG Test worker     d.u.i.k.n.KeyIO           Load declarations of de.uka.ilkd.key.nparser.KeyAst$File:  <unknown>:1#1 
401702     INFO  Test worker     d.u.i.k.n.KeyIO           MODE: declarations took 0 ms 
401702     DEBUG Test worker     d.u.i.k.n.KeyIO           MODE: 2nd degree decls took 0 
401702     INFO  Test worker     d.u.i.k.n.KeyIO           Parsing took 0 ms 
401702     DEBUG Test worker     d.u.i.k.n.KeyIO           Load declarations of de.uka.ilkd.key.nparser.KeyAst$File:  <unknown>:1#1 
401702     INFO  Test worker     d.u.i.k.n.KeyIO           MODE: declarations took 0 ms 
401702     DEBUG Test worker     d.u.i.k.n.KeyIO           MODE: 2nd degree decls took 0 
401702     INFO  Test worker     d.u.i.k.n.KeyIO           Parsing took 0 ms 
401702     DEBUG Test worker     d.u.i.k.n.KeyIO           Load declarations of de.uka.ilkd.key.nparser.KeyAst$File:  <unknown>:1#1 
401702     INFO  Test worker     d.u.i.k.n.KeyIO           MODE: declarations took 0 ms 
401702     DEBUG Test worker     d.u.i.k.n.KeyIO           MODE: 2nd degree decls took 0 
]]></system-out>
  <system-err><![CDATA[]]></system-err>
</testsuite>
