<?xml version="1.0" encoding="UTF-8"?>
<testsuite name="org.key_project.slicing.EndToEndTests" tests="11" skipped="0" failures="0" errors="0" timestamp="2023-04-19T12:49:40" hostname="fv-az319-602" time="280.441">
  <properties/>
  <testcase name="sliceIfThenElseSplit()" classname="org.key_project.slicing.EndToEndTests" time="64.62"/>
  <testcase name="deduplicateChecksMergabilityCorrectly()" classname="org.key_project.slicing.EndToEndTests" time="9.329"/>
  <testcase name="sliceDuplicatesAway()" classname="org.key_project.slicing.EndToEndTests" time="37.683"/>
  <testcase name="sliceMultipleIterations()" classname="org.key_project.slicing.EndToEndTests" time="72.035"/>
  <testcase name="sliceDuplicatesAwayOpenGoals()" classname="org.key_project.slicing.EndToEndTests" time="37.637"/>
  <testcase name="sliceCutExample()" classname="org.key_project.slicing.EndToEndTests" time="9.26"/>
  <testcase name="sliceAgathaWithOpenGoal()" classname="org.key_project.slicing.EndToEndTests" time="9.624"/>
  <testcase name="sliceSimpleSMT()" classname="org.key_project.slicing.EndToEndTests" time="0.068"/>
  <testcase name="sliceWithOpenGoal()" classname="org.key_project.slicing.EndToEndTests" time="18.551"/>
  <testcase name="sliceAgatha()" classname="org.key_project.slicing.EndToEndTests" time="9.312"/>
  <testcase name="sliceJavaProof()" classname="org.key_project.slicing.EndToEndTests" time="12.304"/>
  <system-out><![CDATA[[12:49:40.058] ?[34mINFO ?[0;39m ?[36mEndToEndTests?[0;39m - Loading D:\a\key\key\keyext.slicing\src\test\resources\testcase\ifThenElseSplit.proof
[12:49:40.245] ?[31mWARN ?[0;39m ?[36mProofIndependentSettings?[0;39m - The settings in C:\Users\runneradmin\.key\proofIndependentSettings.props are *not* read due to flag 'key.disregardSettings'
[12:49:40.261] ?[34mINFO ?[0;39m ?[36mAbstractProblemLoader?[0;39m - Loading environment from src\test\resources\testcase\ifThenElseSplit.proof
[12:49:40.441] ?[34mINFO ?[0;39m ?[36mAbstractProblemLoader?[0;39m - Creating init config
[12:49:40.472] ?[31mWARN ?[0;39m ?[36mProofSettings?[0;39m - The settings in C:\Users\runneradmin\.key\proof-settings.props are *not* read.
[12:49:52.216] ?[34mINFO ?[0;39m ?[36mAbstractProblemLoader?[0;39m - Replaying proof ifThenElseSplit.proof
[12:49:55.498] ?[34mINFO ?[0;39m ?[36mKeyStrokeSettings?[0;39m - Save keyboard shortcuts to: C:\Users\runneradmin\.key\keystrokes.properties
[12:49:55.624] ?[34mINFO ?[0;39m ?[36mAbstractProblemLoader?[0;39m - Loading environment from C:\Users\RUNNER~1\AppData\Local\Temp\proof17789220244493872606.proof
[12:49:55.639] ?[34mINFO ?[0;39m ?[36mAbstractProblemLoader?[0;39m - Creating init config
[12:50:00.223] ?[34mINFO ?[0;39m ?[36mAbstractProblemLoader?[0;39m - Replaying proof proof17789220244493872606.proof
[12:50:00.255] ?[34mINFO ?[0;39m ?[36mAbstractProblemLoader?[0;39m - Loading environment from C:\Users\RUNNER~1\AppData\Local\Temp\KeYslice8968493364915825038\ifThenElseSplit_slice1.proof
[12:50:00.255] ?[34mINFO ?[0;39m ?[36mAbstractProblemLoader?[0;39m - Creating init config
[12:50:04.112] ?[34mINFO ?[0;39m ?[36mAbstractProblemLoader?[0;39m - Replaying proof ifThenElseSplit_slice1.proof
[12:50:04.128] ?[34mINFO ?[0;39m ?[36mEndToEndTests?[0;39m - Loading D:\a\key\key\keyext.slicing\src\test\resources\testcase\ifThenElseSplit.proof
[12:50:04.128] ?[34mINFO ?[0;39m ?[36mAbstractProblemLoader?[0;39m - Loading environment from src\test\resources\testcase\ifThenElseSplit.proof
[12:50:04.128] ?[34mINFO ?[0;39m ?[36mAbstractProblemLoader?[0;39m - Creating init config
[12:50:07.615] ?[34mINFO ?[0;39m ?[36mAbstractProblemLoader?[0;39m - Replaying proof ifThenElseSplit.proof
[12:50:07.662] ?[34mINFO ?[0;39m ?[36mDependencyAnalyzer?[0;39m - merging 2 and 3
[12:50:07.662] ?[34mINFO ?[0;39m ?[36mAbstractProblemLoader?[0;39m - Loading environment from C:\Users\RUNNER~1\AppData\Local\Temp\proof12861000262351742761.proof
[12:50:07.662] ?[34mINFO ?[0;39m ?[36mAbstractProblemLoader?[0;39m - Creating init config
[12:50:11.215] ?[34mINFO ?[0;39m ?[36mAbstractProblemLoader?[0;39m - Replaying proof proof12861000262351742761.proof
[12:50:11.247] ?[34mINFO ?[0;39m ?[36mAbstractProblemLoader?[0;39m - Loading environment from C:\Users\RUNNER~1\AppData\Local\Temp\KeYslice313135831944437107\ifThenElseSplit_slice1.proof
[12:50:11.247] ?[34mINFO ?[0;39m ?[36mAbstractProblemLoader?[0;39m - Creating init config
[12:50:14.876] ?[34mINFO ?[0;39m ?[36mAbstractProblemLoader?[0;39m - Replaying proof ifThenElseSplit_slice1.proof
[12:50:14.907] ?[34mINFO ?[0;39m ?[36mEndToEndTests?[0;39m - Loading C:\Users\RUNNER~1\AppData\Local\Temp\KeYslice313135831944437107\ifThenElseSplit_slice1.proof
[12:50:14.907] ?[34mINFO ?[0;39m ?[36mAbstractProblemLoader?[0;39m - Loading environment from C:\Users\RUNNER~1\AppData\Local\Temp\KeYslice313135831944437107\ifThenElseSplit_slice1.proof
[12:50:14.907] ?[34mINFO ?[0;39m ?[36mAbstractProblemLoader?[0;39m - Creating init config
[12:50:18.255] ?[34mINFO ?[0;39m ?[36mAbstractProblemLoader?[0;39m - Replaying proof ifThenElseSplit_slice1.proof
[12:50:18.271] ?[34mINFO ?[0;39m ?[36mDependencyAnalyzer?[0;39m - merging 3 and 4
[12:50:18.287] ?[34mINFO ?[0;39m ?[36mAbstractProblemLoader?[0;39m - Loading environment from C:\Users\RUNNER~1\AppData\Local\Temp\proof1322993850221684046.proof
[12:50:18.287] ?[34mINFO ?[0;39m ?[36mAbstractProblemLoader?[0;39m - Creating init config
[12:50:21.749] ?[34mINFO ?[0;39m ?[36mAbstractProblemLoader?[0;39m - Replaying proof proof1322993850221684046.proof
[12:50:21.781] ?[34mINFO ?[0;39m ?[36mAbstractProblemLoader?[0;39m - Loading environment from C:\Users\RUNNER~1\AppData\Local\Temp\KeYslice12486455748096909955\ifThenElseSplit_slice2.proof
[12:50:21.781] ?[34mINFO ?[0;39m ?[36mAbstractProblemLoader?[0;39m - Creating init config
[12:50:25.298] ?[34mINFO ?[0;39m ?[36mAbstractProblemLoader?[0;39m - Replaying proof ifThenElseSplit_slice2.proof
[12:50:25.314] ?[34mINFO ?[0;39m ?[36mEndToEndTests?[0;39m - Loading C:\Users\RUNNER~1\AppData\Local\Temp\KeYslice12486455748096909955\ifThenElseSplit_slice2.proof
[12:50:25.314] ?[34mINFO ?[0;39m ?[36mAbstractProblemLoader?[0;39m - Loading environment from C:\Users\RUNNER~1\AppData\Local\Temp\KeYslice12486455748096909955\ifThenElseSplit_slice2.proof
[12:50:25.330] ?[34mINFO ?[0;39m ?[36mAbstractProblemLoader?[0;39m - Creating init config
[12:50:28.745] ?[34mINFO ?[0;39m ?[36mAbstractProblemLoader?[0;39m - Replaying proof ifThenElseSplit_slice2.proof
[12:50:28.760] ?[34mINFO ?[0;39m ?[36mDependencyAnalyzer?[0;39m - merging 4 and 5
[12:50:28.760] ?[34mINFO ?[0;39m ?[36mAbstractProblemLoader?[0;39m - Loading environment from C:\Users\RUNNER~1\AppData\Local\Temp\proof2779317459547387973.proof
[12:50:28.776] ?[34mINFO ?[0;39m ?[36mAbstractProblemLoader?[0;39m - Creating init config
[12:50:32.031] ?[34mINFO ?[0;39m ?[36mAbstractProblemLoader?[0;39m - Replaying proof proof2779317459547387973.proof
[12:50:32.046] ?[34mINFO ?[0;39m ?[36mAbstractProblemLoader?[0;39m - Loading environment from C:\Users\RUNNER~1\AppData\Local\Temp\KeYslice15354909898701335551\ifThenElseSplit_slice3.proof
[12:50:32.046] ?[34mINFO ?[0;39m ?[36mAbstractProblemLoader?[0;39m - Creating init config
[12:50:35.200] ?[34mINFO ?[0;39m ?[36mAbstractProblemLoader?[0;39m - Replaying proof ifThenElseSplit_slice3.proof
[12:50:35.216] ?[34mINFO ?[0;39m ?[36mEndToEndTests?[0;39m - Loading C:\Users\RUNNER~1\AppData\Local\Temp\KeYslice15354909898701335551\ifThenElseSplit_slice3.proof
[12:50:35.216] ?[34mINFO ?[0;39m ?[36mAbstractProblemLoader?[0;39m - Loading environment from C:\Users\RUNNER~1\AppData\Local\Temp\KeYslice15354909898701335551\ifThenElseSplit_slice3.proof
[12:50:35.216] ?[34mINFO ?[0;39m ?[36mAbstractProblemLoader?[0;39m - Creating init config
[12:50:38.371] ?[34mINFO ?[0;39m ?[36mAbstractProblemLoader?[0;39m - Replaying proof ifThenElseSplit_slice3.proof
[12:50:38.386] ?[34mINFO ?[0;39m ?[36mDependencyAnalyzer?[0;39m - merging 5 and 6
[12:50:38.386] ?[34mINFO ?[0;39m ?[36mAbstractProblemLoader?[0;39m - Loading environment from C:\Users\RUNNER~1\AppData\Local\Temp\proof7913143840916671511.proof
[12:50:38.402] ?[34mINFO ?[0;39m ?[36mAbstractProblemLoader?[0;39m - Creating init config
[12:50:41.538] ?[34mINFO ?[0;39m ?[36mAbstractProblemLoader?[0;39m - Replaying proof proof7913143840916671511.proof
[12:50:41.554] ?[34mINFO ?[0;39m ?[36mAbstractProblemLoader?[0;39m - Loading environment from C:\Users\RUNNER~1\AppData\Local\Temp\KeYslice10746319081033043445\ifThenElseSplit_slice4.proof
[12:50:41.554] ?[34mINFO ?[0;39m ?[36mAbstractProblemLoader?[0;39m - Creating init config
[12:50:44.668] ?[34mINFO ?[0;39m ?[36mAbstractProblemLoader?[0;39m - Replaying proof ifThenElseSplit_slice4.proof
[12:50:44.684] ?[34mINFO ?[0;39m ?[36mEndToEndTests?[0;39m - Loading D:\a\key\key\keyext.slicing\src\test\resources\testcase\deduplicateCheck4.proof
[12:50:44.684] ?[34mINFO ?[0;39m ?[36mAbstractProblemLoader?[0;39m - Loading environment from src\test\resources\testcase\deduplicateCheck4.proof
[12:50:44.684] ?[34mINFO ?[0;39m ?[36mAbstractProblemLoader?[0;39m - Creating init config
[12:50:47.678] ?[34mINFO ?[0;39m ?[36mAbstractProblemLoader?[0;39m - Replaying proof deduplicateCheck4.proof
[12:50:47.725] ?[34mINFO ?[0;39m ?[36mAbstractProblemLoader?[0;39m - Loading environment from C:\Users\RUNNER~1\AppData\Local\Temp\proof6197784329082297997.proof
[12:50:47.725] ?[34mINFO ?[0;39m ?[36mAbstractProblemLoader?[0;39m - Creating init config
[12:50:50.790] ?[34mINFO ?[0;39m ?[36mAbstractProblemLoader?[0;39m - Replaying proof proof6197784329082297997.proof
[12:50:50.822] ?[34mINFO ?[0;39m ?[36mAbstractProblemLoader?[0;39m - Loading environment from C:\Users\RUNNER~1\AppData\Local\Temp\KeYslice1289787233323744106\deduplicateCheck4_slice1.proof
[12:50:50.822] ?[34mINFO ?[0;39m ?[36mAbstractProblemLoader?[0;39m - Creating init config
[12:50:53.967] ?[34mINFO ?[0;39m ?[36mAbstractProblemLoader?[0;39m - Replaying proof deduplicateCheck4_slice1.proof
[12:50:53.998] ?[34mINFO ?[0;39m ?[36mEndToEndTests?[0;39m - Loading D:\a\key\key\keyext.slicing\src\test\resources\testcase\exampleDuplicate.proof
[12:50:53.998] ?[34mINFO ?[0;39m ?[36mAbstractProblemLoader?[0;39m - Loading environment from src\test\resources\testcase\exampleDuplicate.proof
[12:50:53.998] ?[34mINFO ?[0;39m ?[36mAbstractProblemLoader?[0;39m - Creating init config
[12:50:57.051] ?[34mINFO ?[0;39m ?[36mAbstractProblemLoader?[0;39m - Replaying proof exampleDuplicate.proof
[12:50:57.067] ?[34mINFO ?[0;39m ?[36mDependencyAnalyzer?[0;39m - merging 2 and 3
[12:50:57.067] ?[34mINFO ?[0;39m ?[36mAbstractProblemLoader?[0;39m - Loading environment from C:\Users\RUNNER~1\AppData\Local\Temp\proof13225325256843181886.proof
[12:50:57.082] ?[34mINFO ?[0;39m ?[36mAbstractProblemLoader?[0;39m - Creating init config
[12:51:00.001] ?[34mINFO ?[0;39m ?[36mAbstractProblemLoader?[0;39m - Replaying proof proof13225325256843181886.proof
[12:51:00.032] ?[34mINFO ?[0;39m ?[36mAbstractProblemLoader?[0;39m - Loading environment from C:\Users\RUNNER~1\AppData\Local\Temp\KeYslice14697438180676049538\exampleDuplicate_slice1.proof
[12:51:00.047] ?[34mINFO ?[0;39m ?[36mAbstractProblemLoader?[0;39m - Creating init config
[12:51:03.330] ?[34mINFO ?[0;39m ?[36mAbstractProblemLoader?[0;39m - Replaying proof exampleDuplicate_slice1.proof
[12:51:03.346] ?[34mINFO ?[0;39m ?[36mEndToEndTests?[0;39m - Loading C:\Users\RUNNER~1\AppData\Local\Temp\KeYslice14697438180676049538\exampleDuplicate_slice1.proof
[12:51:03.346] ?[34mINFO ?[0;39m ?[36mAbstractProblemLoader?[0;39m - Loading environment from C:\Users\RUNNER~1\AppData\Local\Temp\KeYslice14697438180676049538\exampleDuplicate_slice1.proof
[12:51:03.346] ?[34mINFO ?[0;39m ?[36mAbstractProblemLoader?[0;39m - Creating init config
[12:51:06.462] ?[34mINFO ?[0;39m ?[36mAbstractProblemLoader?[0;39m - Replaying proof exampleDuplicate_slice1.proof
[12:51:06.478] ?[34mINFO ?[0;39m ?[36mDependencyAnalyzer?[0;39m - merging 3 and 4
[12:51:06.497] ?[34mINFO ?[0;39m ?[36mAbstractProblemLoader?[0;39m - Loading environment from C:\Users\RUNNER~1\AppData\Local\Temp\proof16525167761305392689.proof
[12:51:06.503] ?[34mINFO ?[0;39m ?[36mAbstractProblemLoader?[0;39m - Creating init config
[12:51:09.578] ?[34mINFO ?[0;39m ?[36mAbstractProblemLoader?[0;39m - Replaying proof proof16525167761305392689.proof
[12:51:09.593] ?[34mINFO ?[0;39m ?[36mAbstractProblemLoader?[0;39m - Loading environment from C:\Users\RUNNER~1\AppData\Local\Temp\KeYslice13689274302645369259\exampleDuplicate_slice2.proof
[12:51:09.609] ?[34mINFO ?[0;39m ?[36mAbstractProblemLoader?[0;39m - Creating init config
[12:51:12.695] ?[34mINFO ?[0;39m ?[36mAbstractProblemLoader?[0;39m - Replaying proof exampleDuplicate_slice2.proof
[12:51:12.726] ?[34mINFO ?[0;39m ?[36mEndToEndTests?[0;39m - Loading C:\Users\RUNNER~1\AppData\Local\Temp\KeYslice13689274302645369259\exampleDuplicate_slice2.proof
[12:51:12.726] ?[34mINFO ?[0;39m ?[36mAbstractProblemLoader?[0;39m - Loading environment from C:\Users\RUNNER~1\AppData\Local\Temp\KeYslice13689274302645369259\exampleDuplicate_slice2.proof
[12:51:12.726] ?[34mINFO ?[0;39m ?[36mAbstractProblemLoader?[0;39m - Creating init config
[12:51:15.860] ?[34mINFO ?[0;39m ?[36mAbstractProblemLoader?[0;39m - Replaying proof exampleDuplicate_slice2.proof
[12:51:15.876] ?[34mINFO ?[0;39m ?[36mDependencyAnalyzer?[0;39m - merging 4 and 5
[12:51:15.891] ?[34mINFO ?[0;39m ?[36mAbstractProblemLoader?[0;39m - Loading environment from C:\Users\RUNNER~1\AppData\Local\Temp\proof14288097131086089270.proof
[12:51:15.891] ?[34mINFO ?[0;39m ?[36mAbstractProblemLoader?[0;39m - Creating init config
[12:51:18.964] ?[34mINFO ?[0;39m ?[36mAbstractProblemLoader?[0;39m - Replaying proof proof14288097131086089270.proof
[12:51:18.979] ?[34mINFO ?[0;39m ?[36mAbstractProblemLoader?[0;39m - Loading environment from C:\Users\RUNNER~1\AppData\Local\Temp\KeYslice3817460053148436256\exampleDuplicate_slice3.proof
[12:51:18.979] ?[34mINFO ?[0;39m ?[36mAbstractProblemLoader?[0;39m - Creating init config
[12:51:22.009] ?[34mINFO ?[0;39m ?[36mAbstractProblemLoader?[0;39m - Replaying proof exampleDuplicate_slice3.proof
[12:51:22.024] ?[34mINFO ?[0;39m ?[36mEndToEndTests?[0;39m - Loading C:\Users\RUNNER~1\AppData\Local\Temp\KeYslice3817460053148436256\exampleDuplicate_slice3.proof
[12:51:22.024] ?[34mINFO ?[0;39m ?[36mAbstractProblemLoader?[0;39m - Loading environment from C:\Users\RUNNER~1\AppData\Local\Temp\KeYslice3817460053148436256\exampleDuplicate_slice3.proof
[12:51:22.040] ?[34mINFO ?[0;39m ?[36mAbstractProblemLoader?[0;39m - Creating init config
[12:51:25.001] ?[34mINFO ?[0;39m ?[36mAbstractProblemLoader?[0;39m - Replaying proof exampleDuplicate_slice3.proof
[12:51:25.017] ?[34mINFO ?[0;39m ?[36mAbstractProblemLoader?[0;39m - Loading environment from C:\Users\RUNNER~1\AppData\Local\Temp\proof1864409436287093906.proof
[12:51:25.032] ?[34mINFO ?[0;39m ?[36mAbstractProblemLoader?[0;39m - Creating init config
[12:51:28.300] ?[34mINFO ?[0;39m ?[36mAbstractProblemLoader?[0;39m - Replaying proof proof1864409436287093906.proof
[12:51:28.316] ?[34mINFO ?[0;39m ?[36mAbstractProblemLoader?[0;39m - Loading environment from C:\Users\RUNNER~1\AppData\Local\Temp\KeYslice15818492305247480787\exampleDuplicate_slice4.proof
[12:51:28.331] ?[34mINFO ?[0;39m ?[36mAbstractProblemLoader?[0;39m - Creating init config
[12:51:31.666] ?[34mINFO ?[0;39m ?[36mAbstractProblemLoader?[0;39m - Replaying proof exampleDuplicate_slice4.proof
[12:51:31.682] ?[34mINFO ?[0;39m ?[36mEndToEndTests?[0;39m - Loading D:\a\key\key\keyext.slicing\src\test\resources\testcase\..\..\..\..\..\key.ui\examples\firstTouch\05-ReverseArray\reverseArray.proof
[12:51:31.682] ?[34mINFO ?[0;39m ?[36mAbstractProblemLoader?[0;39m - Loading environment from src\test\resources\testcase\..\..\..\..\..\key.ui\examples\firstTouch\05-ReverseArray\reverseArray.proof
[12:51:31.697] ?[34mINFO ?[0;39m ?[36mAbstractProblemLoader?[0;39m - Creating init config
[12:51:35.325] ?[34mINFO ?[0;39m ?[36mAbstractProblemLoader?[0;39m - Replaying proof ReverseArray[ReverseArray::reverse()].JML normal_behavior operation contract.0
[12:51:39.007] ?[34mINFO ?[0;39m ?[36mDependencyAnalyzer?[0;39m - merging 3958 and 4306
[12:51:39.007] ?[34mINFO ?[0;39m ?[36mDependencyAnalyzer?[0;39m - merging 2591 and 3795
[12:51:39.023] ?[34mINFO ?[0;39m ?[36mDependencyAnalyzer?[0;39m - merging 1354 and 4678
[12:51:39.101] ?[34mINFO ?[0;39m ?[36mDependencyAnalyzer?[0;39m - merging 1010 and 4663
[12:51:39.148] ?[34mINFO ?[0;39m ?[36mAbstractProblemLoader?[0;39m - Loading environment from C:\Users\RUNNER~1\AppData\Local\Temp\proof12688932398143390036.proof
[12:51:39.148] ?[34mINFO ?[0;39m ?[36mAbstractProblemLoader?[0;39m - Creating init config
[12:51:42.768] ?[34mINFO ?[0;39m ?[36mAbstractProblemLoader?[0;39m - Replaying proof ReverseArray[ReverseArray::reverse()].JML normal_behavior operation contract.0
[12:51:44.144] ?[34mINFO ?[0;39m ?[36mAbstractProblemLoader?[0;39m - Loading environment from C:\Users\RUNNER~1\AppData\Local\Temp\KeYslice1633964792261218810\reverseArray_slice1.proof
[12:51:44.144] ?[34mINFO ?[0;39m ?[36mAbstractProblemLoader?[0;39m - Creating init config
[12:51:47.610] ?[34mINFO ?[0;39m ?[36mAbstractProblemLoader?[0;39m - Replaying proof ReverseArray[ReverseArray::reverse()].JML normal_behavior operation contract.0
[12:51:49.454] ?[34mINFO ?[0;39m ?[36mEndToEndTests?[0;39m - Loading C:\Users\RUNNER~1\AppData\Local\Temp\KeYslice1633964792261218810\reverseArray_slice1.proof
[12:51:49.454] ?[34mINFO ?[0;39m ?[36mAbstractProblemLoader?[0;39m - Loading environment from C:\Users\RUNNER~1\AppData\Local\Temp\KeYslice1633964792261218810\reverseArray_slice1.proof
[12:51:49.470] ?[34mINFO ?[0;39m ?[36mAbstractProblemLoader?[0;39m - Creating init config
[12:51:53.043] ?[34mINFO ?[0;39m ?[36mAbstractProblemLoader?[0;39m - Replaying proof ReverseArray[ReverseArray::reverse()].JML normal_behavior operation contract.0
[12:51:54.763] ?[34mINFO ?[0;39m ?[36mDependencyAnalyzer?[0;39m - merging 2219 and 2914
[12:51:54.778] ?[34mINFO ?[0;39m ?[36mDependencyAnalyzer?[0;39m - merging 2973 and 3148
[12:51:54.794] ?[34mINFO ?[0;39m ?[36mDependencyAnalyzer?[0;39m - merging 943 and 3370
[12:51:54.810] ?[34mINFO ?[0;39m ?[36mDependencyAnalyzer?[0;39m - merging 1281 and 3384
[12:51:54.810] ?[34mINFO ?[0;39m ?[36mDependencyAnalyzer?[0;39m - merging 880 and 3473
[12:51:54.826] ?[34mINFO ?[0;39m ?[36mDependencyAnalyzer?[0;39m - merging 879 and 3479
[12:51:54.826] ?[34mINFO ?[0;39m ?[36mDependencyAnalyzer?[0;39m - merging 947 and 3782
[12:51:54.857] ?[34mINFO ?[0;39m ?[36mAbstractProblemLoader?[0;39m - Loading environment from C:\Users\RUNNER~1\AppData\Local\Temp\proof12846533410119723271.proof
[12:51:54.857] ?[34mINFO ?[0;39m ?[36mAbstractProblemLoader?[0;39m - Creating init config
[12:51:58.376] ?[34mINFO ?[0;39m ?[36mAbstractProblemLoader?[0;39m - Replaying proof ReverseArray[ReverseArray::reverse()].JML normal_behavior operation contract.0
[12:51:59.362] ?[34mINFO ?[0;39m ?[36mAbstractProblemLoader?[0;39m - Loading environment from C:\Users\RUNNER~1\AppData\Local\Temp\KeYslice11170018824171709647\reverseArray_slice2.proof
[12:51:59.362] ?[34mINFO ?[0;39m ?[36mAbstractProblemLoader?[0;39m - Creating init config
[12:52:02.714] ?[34mINFO ?[0;39m ?[36mAbstractProblemLoader?[0;39m - Replaying proof ReverseArray[ReverseArray::reverse()].JML normal_behavior operation contract.0
[12:52:04.120] ?[34mINFO ?[0;39m ?[36mEndToEndTests?[0;39m - Loading C:\Users\RUNNER~1\AppData\Local\Temp\KeYslice11170018824171709647\reverseArray_slice2.proof
[12:52:04.120] ?[34mINFO ?[0;39m ?[36mAbstractProblemLoader?[0;39m - Loading environment from C:\Users\RUNNER~1\AppData\Local\Temp\KeYslice11170018824171709647\reverseArray_slice2.proof
[12:52:04.120] ?[34mINFO ?[0;39m ?[36mAbstractProblemLoader?[0;39m - Creating init config
[12:52:07.362] ?[34mINFO ?[0;39m ?[36mAbstractProblemLoader?[0;39m - Replaying proof ReverseArray[ReverseArray::reverse()].JML normal_behavior operation contract.0
[12:52:08.644] ?[34mINFO ?[0;39m ?[36mDependencyAnalyzer?[0;39m - merging 2220 and 2914
[12:52:08.644] ?[34mINFO ?[0;39m ?[36mDependencyAnalyzer?[0;39m - merging 882 and 3469
[12:52:08.644] ?[34mINFO ?[0;39m ?[36mDependencyAnalyzer?[0;39m - merging 949 and 3776
[12:52:08.660] ?[34mINFO ?[0;39m ?[36mDependencyAnalyzer?[0;39m - merging 1301 and 3381
[12:52:08.660] ?[34mINFO ?[0;39m ?[36mDependencyAnalyzer?[0;39m - merging 2973 and 3147
[12:52:08.660] ?[34mINFO ?[0;39m ?[36mDependencyAnalyzer?[0;39m - merging 782 and 3569
[12:52:08.676] ?[34mINFO ?[0;39m ?[36mDependencyAnalyzer?[0;39m - merging 781 and 3554
[12:52:08.676] ?[34mINFO ?[0;39m ?[36mDependencyAnalyzer?[0;39m - merging 883 and 3474
[12:52:08.691] ?[34mINFO ?[0;39m ?[36mDependencyAnalyzer?[0;39m - merging 946 and 3368
[12:52:08.691] ?[34mINFO ?[0;39m ?[36mAbstractProblemLoader?[0;39m - Loading environment from C:\Users\RUNNER~1\AppData\Local\Temp\proof15917283069996176787.proof
[12:52:08.707] ?[34mINFO ?[0;39m ?[36mAbstractProblemLoader?[0;39m - Creating init config
[12:52:12.050] ?[34mINFO ?[0;39m ?[36mAbstractProblemLoader?[0;39m - Replaying proof ReverseArray[ReverseArray::reverse()].JML normal_behavior operation contract.0
[12:52:12.850] ?[34mINFO ?[0;39m ?[36mAbstractProblemLoader?[0;39m - Loading environment from C:\Users\RUNNER~1\AppData\Local\Temp\KeYslice13569951924107546147\reverseArray_slice3.proof
[12:52:12.850] ?[34mINFO ?[0;39m ?[36mAbstractProblemLoader?[0;39m - Creating init config
[12:52:16.337] ?[34mINFO ?[0;39m ?[36mAbstractProblemLoader?[0;39m - Replaying proof ReverseArray[ReverseArray::reverse()].JML normal_behavior operation contract.0
[12:52:17.532] ?[34mINFO ?[0;39m ?[36mEndToEndTests?[0;39m - Loading C:\Users\RUNNER~1\AppData\Local\Temp\KeYslice13569951924107546147\reverseArray_slice3.proof
[12:52:17.532] ?[34mINFO ?[0;39m ?[36mAbstractProblemLoader?[0;39m - Loading environment from C:\Users\RUNNER~1\AppData\Local\Temp\KeYslice13569951924107546147\reverseArray_slice3.proof
[12:52:17.532] ?[34mINFO ?[0;39m ?[36mAbstractProblemLoader?[0;39m - Creating init config
[12:52:20.895] ?[34mINFO ?[0;39m ?[36mAbstractProblemLoader?[0;39m - Replaying proof ReverseArray[ReverseArray::reverse()].JML normal_behavior operation contract.0
[12:52:22.054] ?[34mINFO ?[0;39m ?[36mDependencyAnalyzer?[0;39m - merging 784 and 3548
[12:52:22.054] ?[34mINFO ?[0;39m ?[36mDependencyAnalyzer?[0;39m - merging 1302 and 3378
[12:52:22.054] ?[34mINFO ?[0;39m ?[36mDependencyAnalyzer?[0;39m - merging 2973 and 3146
[12:52:22.054] ?[34mINFO ?[0;39m ?[36mDependencyAnalyzer?[0;39m - merging 756 and 3657
[12:52:22.054] ?[34mINFO ?[0;39m ?[36mDependencyAnalyzer?[0;39m - merging 2221 and 2914
[12:52:22.070] ?[34mINFO ?[0;39m ?[36mDependencyAnalyzer?[0;39m - merging 1285 and 3379
[12:52:22.070] ?[34mINFO ?[0;39m ?[36mDependencyAnalyzer?[0;39m - merging 757 and 3651
[12:52:22.085] ?[34mINFO ?[0;39m ?[36mDependencyAnalyzer?[0;39m - merging 885 and 3469
[12:52:22.085] ?[34mINFO ?[0;39m ?[36mDependencyAnalyzer?[0;39m - merging 785 and 3562
[12:52:22.101] ?[34mINFO ?[0;39m ?[36mDependencyAnalyzer?[0;39m - merging 1296 and 3803
[12:52:22.101] ?[34mINFO ?[0;39m ?[36mDependencyAnalyzer?[0;39m - merging 886 and 3465
[12:52:22.117] ?[34mINFO ?[0;39m ?[36mAbstractProblemLoader?[0;39m - Loading environment from C:\Users\RUNNER~1\AppData\Local\Temp\proof1125543148341826968.proof
[12:52:22.117] ?[34mINFO ?[0;39m ?[36mAbstractProblemLoader?[0;39m - Creating init config
[12:52:25.436] ?[34mINFO ?[0;39m ?[36mAbstractProblemLoader?[0;39m - Replaying proof ReverseArray[ReverseArray::reverse()].JML normal_behavior operation contract.0
[12:52:26.170] ?[34mINFO ?[0;39m ?[36mAbstractProblemLoader?[0;39m - Loading environment from C:\Users\RUNNER~1\AppData\Local\Temp\KeYslice12506362584756715947\reverseArray_slice4.proof
[12:52:26.170] ?[34mINFO ?[0;39m ?[36mAbstractProblemLoader?[0;39m - Creating init config
[12:52:29.651] ?[34mINFO ?[0;39m ?[36mAbstractProblemLoader?[0;39m - Replaying proof ReverseArray[ReverseArray::reverse()].JML normal_behavior operation contract.0
[12:52:30.700] ?[34mINFO ?[0;39m ?[36mEndToEndTests?[0;39m - Loading C:\Users\RUNNER~1\AppData\Local\Temp\KeYslice12506362584756715947\reverseArray_slice4.proof
[12:52:30.700] ?[34mINFO ?[0;39m ?[36mAbstractProblemLoader?[0;39m - Loading environment from C:\Users\RUNNER~1\AppData\Local\Temp\KeYslice12506362584756715947\reverseArray_slice4.proof
[12:52:30.700] ?[34mINFO ?[0;39m ?[36mAbstractProblemLoader?[0;39m - Creating init config
[12:52:33.931] ?[34mINFO ?[0;39m ?[36mAbstractProblemLoader?[0;39m - Replaying proof ReverseArray[ReverseArray::reverse()].JML normal_behavior operation contract.0
[12:52:35.068] ?[34mINFO ?[0;39m ?[36mDependencyAnalyzer?[0;39m - merging 788 and 3542
[12:52:35.068] ?[34mINFO ?[0;39m ?[36mDependencyAnalyzer?[0;39m - merging 2973 and 3145
[12:52:35.083] ?[34mINFO ?[0;39m ?[36mDependencyAnalyzer?[0;39m - merging 621 and 3786
[12:52:35.083] ?[34mINFO ?[0;39m ?[36mDependencyAnalyzer?[0;39m - merging 889 and 3465
[12:52:35.083] ?[34mINFO ?[0;39m ?[36mDependencyAnalyzer?[0;39m - merging 760 and 3648
[12:52:35.083] ?[34mINFO ?[0;39m ?[36mDependencyAnalyzer?[0;39m - merging 1396 and 3388
[12:52:35.099] ?[34mINFO ?[0;39m ?[36mDependencyAnalyzer?[0;39m - merging 1298 and 3793
[12:52:35.099] ?[34mINFO ?[0;39m ?[36mDependencyAnalyzer?[0;39m - merging 1288 and 3376
[12:52:35.099] ?[34mINFO ?[0;39m ?[36mDependencyAnalyzer?[0;39m - merging 888 and 3464
[12:52:35.115] ?[34mINFO ?[0;39m ?[36mDependencyAnalyzer?[0;39m - merging 759 and 3643
[12:52:35.115] ?[34mINFO ?[0;39m ?[36mDependencyAnalyzer?[0;39m - merging 2222 and 2914
[12:52:35.115] ?[34mINFO ?[0;39m ?[36mDependencyAnalyzer?[0;39m - merging 787 and 3555
[12:52:35.130] ?[34mINFO ?[0;39m ?[36mAbstractProblemLoader?[0;39m - Loading environment from C:\Users\RUNNER~1\AppData\Local\Temp\proof5036301440538392807.proof
[12:52:35.130] ?[34mINFO ?[0;39m ?[36mAbstractProblemLoader?[0;39m - Creating init config
[12:52:38.366] ?[34mINFO ?[0;39m ?[36mAbstractProblemLoader?[0;39m - Replaying proof ReverseArray[ReverseArray::reverse()].JML normal_behavior operation contract.0
[12:52:39.057] ?[34mINFO ?[0;39m ?[36mAbstractProblemLoader?[0;39m - Loading environment from C:\Users\RUNNER~1\AppData\Local\Temp\KeYslice11898909218563430546\reverseArray_slice5.proof
[12:52:39.073] ?[34mINFO ?[0;39m ?[36mAbstractProblemLoader?[0;39m - Creating init config
[12:52:42.520] ?[34mINFO ?[0;39m ?[36mAbstractProblemLoader?[0;39m - Replaying proof ReverseArray[ReverseArray::reverse()].JML normal_behavior operation contract.0
[12:52:43.719] ?[34mINFO ?[0;39m ?[36mEndToEndTests?[0;39m - Loading D:\a\key\key\keyext.slicing\src\test\resources\testcase\exampleDuplicateOpen.proof
[12:52:43.719] ?[34mINFO ?[0;39m ?[36mAbstractProblemLoader?[0;39m - Loading environment from src\test\resources\testcase\exampleDuplicateOpen.proof
[12:52:43.719] ?[34mINFO ?[0;39m ?[36mAbstractProblemLoader?[0;39m - Creating init config
[12:52:46.826] ?[34mINFO ?[0;39m ?[36mAbstractProblemLoader?[0;39m - Replaying proof exampleDuplicateOpen.proof
[12:52:46.826] ?[34mINFO ?[0;39m ?[36mDependencyAnalyzer?[0;39m - merging 2 and 3
[12:52:46.841] ?[34mINFO ?[0;39m ?[36mAbstractProblemLoader?[0;39m - Loading environment from C:\Users\RUNNER~1\AppData\Local\Temp\proof2858487837496922365.proof
[12:52:46.841] ?[34mINFO ?[0;39m ?[36mAbstractProblemLoader?[0;39m - Creating init config
[12:52:49.937] ?[34mINFO ?[0;39m ?[36mAbstractProblemLoader?[0;39m - Replaying proof proof2858487837496922365.proof
[12:52:49.952] ?[34mINFO ?[0;39m ?[36mAbstractProblemLoader?[0;39m - Loading environment from C:\Users\RUNNER~1\AppData\Local\Temp\KeYslice17000166931172931734\exampleDuplicateOpen_slice1.proof
[12:52:49.952] ?[34mINFO ?[0;39m ?[36mAbstractProblemLoader?[0;39m - Creating init config
[12:52:53.080] ?[34mINFO ?[0;39m ?[36mAbstractProblemLoader?[0;39m - Replaying proof exampleDuplicateOpen_slice1.proof
[12:52:53.095] ?[34mINFO ?[0;39m ?[36mEndToEndTests?[0;39m - Loading C:\Users\RUNNER~1\AppData\Local\Temp\KeYslice17000166931172931734\exampleDuplicateOpen_slice1.proof
[12:52:53.095] ?[34mINFO ?[0;39m ?[36mAbstractProblemLoader?[0;39m - Loading environment from C:\Users\RUNNER~1\AppData\Local\Temp\KeYslice17000166931172931734\exampleDuplicateOpen_slice1.proof
[12:52:53.095] ?[34mINFO ?[0;39m ?[36mAbstractProblemLoader?[0;39m - Creating init config
[12:52:56.356] ?[34mINFO ?[0;39m ?[36mAbstractProblemLoader?[0;39m - Replaying proof exampleDuplicateOpen_slice1.proof
[12:52:56.372] ?[34mINFO ?[0;39m ?[36mDependencyAnalyzer?[0;39m - merging 3 and 4
[12:52:56.372] ?[34mINFO ?[0;39m ?[36mAbstractProblemLoader?[0;39m - Loading environment from C:\Users\RUNNER~1\AppData\Local\Temp\proof13899128284264128326.proof
[12:52:56.372] ?[34mINFO ?[0;39m ?[36mAbstractProblemLoader?[0;39m - Creating init config
[12:52:59.437] ?[34mINFO ?[0;39m ?[36mAbstractProblemLoader?[0;39m - Replaying proof proof13899128284264128326.proof
[12:52:59.452] ?[34mINFO ?[0;39m ?[36mAbstractProblemLoader?[0;39m - Loading environment from C:\Users\RUNNER~1\AppData\Local\Temp\KeYslice18173211737725947344\exampleDuplicateOpen_slice2.proof
[12:52:59.452] ?[34mINFO ?[0;39m ?[36mAbstractProblemLoader?[0;39m - Creating init config
[12:53:02.491] ?[34mINFO ?[0;39m ?[36mAbstractProblemLoader?[0;39m - Replaying proof exampleDuplicateOpen_slice2.proof
[12:53:02.507] ?[34mINFO ?[0;39m ?[36mEndToEndTests?[0;39m - Loading C:\Users\RUNNER~1\AppData\Local\Temp\KeYslice18173211737725947344\exampleDuplicateOpen_slice2.proof
[12:53:02.507] ?[34mINFO ?[0;39m ?[36mAbstractProblemLoader?[0;39m - Loading environment from C:\Users\RUNNER~1\AppData\Local\Temp\KeYslice18173211737725947344\exampleDuplicateOpen_slice2.proof
[12:53:02.522] ?[34mINFO ?[0;39m ?[36mAbstractProblemLoader?[0;39m - Creating init config
[12:53:05.604] ?[34mINFO ?[0;39m ?[36mAbstractProblemLoader?[0;39m - Replaying proof exampleDuplicateOpen_slice2.proof
[12:53:05.604] ?[34mINFO ?[0;39m ?[36mDependencyAnalyzer?[0;39m - merging 4 and 5
[12:53:05.619] ?[34mINFO ?[0;39m ?[36mAbstractProblemLoader?[0;39m - Loading environment from C:\Users\RUNNER~1\AppData\Local\Temp\proof7986930057383604444.proof
[12:53:05.619] ?[34mINFO ?[0;39m ?[36mAbstractProblemLoader?[0;39m - Creating init config
[12:53:08.831] ?[34mINFO ?[0;39m ?[36mAbstractProblemLoader?[0;39m - Replaying proof proof7986930057383604444.proof
[12:53:08.847] ?[34mINFO ?[0;39m ?[36mAbstractProblemLoader?[0;39m - Loading environment from C:\Users\RUNNER~1\AppData\Local\Temp\KeYslice4880934575552364729\exampleDuplicateOpen_slice3.proof
[12:53:08.847] ?[34mINFO ?[0;39m ?[36mAbstractProblemLoader?[0;39m - Creating init config
[12:53:12.020] ?[34mINFO ?[0;39m ?[36mAbstractProblemLoader?[0;39m - Replaying proof exampleDuplicateOpen_slice3.proof
[12:53:12.036] ?[34mINFO ?[0;39m ?[36mEndToEndTests?[0;39m - Loading C:\Users\RUNNER~1\AppData\Local\Temp\KeYslice4880934575552364729\exampleDuplicateOpen_slice3.proof
[12:53:12.036] ?[34mINFO ?[0;39m ?[36mAbstractProblemLoader?[0;39m - Loading environment from C:\Users\RUNNER~1\AppData\Local\Temp\KeYslice4880934575552364729\exampleDuplicateOpen_slice3.proof
[12:53:12.036] ?[34mINFO ?[0;39m ?[36mAbstractProblemLoader?[0;39m - Creating init config
[12:53:15.215] ?[34mINFO ?[0;39m ?[36mAbstractProblemLoader?[0;39m - Replaying proof exampleDuplicateOpen_slice3.proof
[12:53:15.231] ?[34mINFO ?[0;39m ?[36mAbstractProblemLoader?[0;39m - Loading environment from C:\Users\RUNNER~1\AppData\Local\Temp\proof14767160700705220848.proof
[12:53:15.231] ?[34mINFO ?[0;39m ?[36mAbstractProblemLoader?[0;39m - Creating init config
[12:53:18.309] ?[34mINFO ?[0;39m ?[36mAbstractProblemLoader?[0;39m - Replaying proof proof14767160700705220848.proof
[12:53:18.324] ?[34mINFO ?[0;39m ?[36mAbstractProblemLoader?[0;39m - Loading environment from C:\Users\RUNNER~1\AppData\Local\Temp\KeYslice1267859680886095350\exampleDuplicateOpen_slice4.proof
[12:53:18.324] ?[34mINFO ?[0;39m ?[36mAbstractProblemLoader?[0;39m - Creating init config
[12:53:21.359] ?[34mINFO ?[0;39m ?[36mAbstractProblemLoader?[0;39m - Replaying proof exampleDuplicateOpen_slice4.proof
[12:53:21.359] ?[34mINFO ?[0;39m ?[36mEndToEndTests?[0;39m - Loading D:\a\key\key\keyext.slicing\src\test\resources\testcase\cutExample.proof
[12:53:21.375] ?[34mINFO ?[0;39m ?[36mAbstractProblemLoader?[0;39m - Loading environment from src\test\resources\testcase\cutExample.proof
[12:53:21.375] ?[34mINFO ?[0;39m ?[36mAbstractProblemLoader?[0;39m - Creating init config
[12:53:24.329] ?[34mINFO ?[0;39m ?[36mAbstractProblemLoader?[0;39m - Replaying proof cutExample.proof
[12:53:24.361] ?[34mINFO ?[0;39m ?[36mAbstractProblemLoader?[0;39m - Loading environment from C:\Users\RUNNER~1\AppData\Local\Temp\proof7058135785108474389.proof
[12:53:24.361] ?[34mINFO ?[0;39m ?[36mAbstractProblemLoader?[0;39m - Creating init config
[12:53:27.549] ?[34mINFO ?[0;39m ?[36mAbstractProblemLoader?[0;39m - Replaying proof proof7058135785108474389.proof
[12:53:27.565] ?[34mINFO ?[0;39m ?[36mAbstractProblemLoader?[0;39m - Loading environment from C:\Users\RUNNER~1\AppData\Local\Temp\KeYslice9835986900014971179\cutExample_slice1.proof
[12:53:27.565] ?[34mINFO ?[0;39m ?[36mAbstractProblemLoader?[0;39m - Creating init config
[12:53:30.603] ?[34mINFO ?[0;39m ?[36mAbstractProblemLoader?[0;39m - Replaying proof cutExample_slice1.proof
[12:53:30.619] ?[34mINFO ?[0;39m ?[36mEndToEndTests?[0;39m - Loading D:\a\key\key\keyext.slicing\src\test\resources\testcase\agathaOpenGoal.proof
[12:53:30.619] ?[34mINFO ?[0;39m ?[36mAbstractProblemLoader?[0;39m - Loading environment from src\test\resources\testcase\agathaOpenGoal.proof
[12:53:30.619] ?[34mINFO ?[0;39m ?[36mAbstractProblemLoader?[0;39m - Creating init config
[12:53:33.769] ?[34mINFO ?[0;39m ?[36mAbstractProblemLoader?[0;39m - Replaying proof agathaOpenGoal.proof
[12:53:33.820] ?[34mINFO ?[0;39m ?[36mAbstractProblemLoader?[0;39m - Loading environment from C:\Users\RUNNER~1\AppData\Local\Temp\proof17409808234803739836.proof
[12:53:33.825] ?[34mINFO ?[0;39m ?[36mAbstractProblemLoader?[0;39m - Creating init config
[12:53:36.948] ?[34mINFO ?[0;39m ?[36mAbstractProblemLoader?[0;39m - Replaying proof proof17409808234803739836.proof
[12:53:36.979] ?[34mINFO ?[0;39m ?[36mAbstractProblemLoader?[0;39m - Loading environment from C:\Users\RUNNER~1\AppData\Local\Temp\KeYslice15463747416954341843\agathaOpenGoal_slice1.proof
[12:53:36.979] ?[34mINFO ?[0;39m ?[36mAbstractProblemLoader?[0;39m - Creating init config
[12:53:40.213] ?[34mINFO ?[0;39m ?[36mAbstractProblemLoader?[0;39m - Replaying proof agathaOpenGoal_slice1.proof
[12:53:40.322] ?[34mINFO ?[0;39m ?[36mEndToEndTests?[0;39m - Loading D:\a\key\key\keyext.slicing\src\test\resources\testcase\openGoal1.proof
[12:53:40.322] ?[34mINFO ?[0;39m ?[36mAbstractProblemLoader?[0;39m - Loading environment from src\test\resources\testcase\openGoal1.proof
[12:53:40.322] ?[34mINFO ?[0;39m ?[36mAbstractProblemLoader?[0;39m - Creating init config
[12:53:43.346] ?[34mINFO ?[0;39m ?[36mAbstractProblemLoader?[0;39m - Replaying proof openGoal1.proof
[12:53:43.361] ?[34mINFO ?[0;39m ?[36mAbstractProblemLoader?[0;39m - Loading environment from C:\Users\RUNNER~1\AppData\Local\Temp\proof6404958535531951347.proof
[12:53:43.361] ?[34mINFO ?[0;39m ?[36mAbstractProblemLoader?[0;39m - Creating init config
[12:53:46.388] ?[34mINFO ?[0;39m ?[36mAbstractProblemLoader?[0;39m - Replaying proof proof6404958535531951347.proof
[12:53:46.403] ?[34mINFO ?[0;39m ?[36mAbstractProblemLoader?[0;39m - Loading environment from C:\Users\RUNNER~1\AppData\Local\Temp\KeYslice16858888318035048946\openGoal1_slice1.proof
[12:53:46.403] ?[34mINFO ?[0;39m ?[36mAbstractProblemLoader?[0;39m - Creating init config
[12:53:49.493] ?[34mINFO ?[0;39m ?[36mAbstractProblemLoader?[0;39m - Replaying proof openGoal1_slice1.proof
[12:53:49.493] ?[34mINFO ?[0;39m ?[36mEndToEndTests?[0;39m - Loading D:\a\key\key\keyext.slicing\src\test\resources\testcase\openGoal2.proof
[12:53:49.493] ?[34mINFO ?[0;39m ?[36mAbstractProblemLoader?[0;39m - Loading environment from src\test\resources\testcase\openGoal2.proof
[12:53:49.493] ?[34mINFO ?[0;39m ?[36mAbstractProblemLoader?[0;39m - Creating init config
[12:53:52.467] ?[34mINFO ?[0;39m ?[36mAbstractProblemLoader?[0;39m - Replaying proof openGoal2.proof
[12:53:52.483] ?[34mINFO ?[0;39m ?[36mAbstractProblemLoader?[0;39m - Loading environment from C:\Users\RUNNER~1\AppData\Local\Temp\proof7090461595814547942.proof
[12:53:52.483] ?[34mINFO ?[0;39m ?[36mAbstractProblemLoader?[0;39m - Creating init config
[12:53:55.670] ?[34mINFO ?[0;39m ?[36mAbstractProblemLoader?[0;39m - Replaying proof proof7090461595814547942.proof
[12:53:55.670] ?[34mINFO ?[0;39m ?[36mAbstractProblemLoader?[0;39m - Loading environment from C:\Users\RUNNER~1\AppData\Local\Temp\KeYslice13548375558197777171\openGoal2_slice1.proof
[12:53:55.686] ?[34mINFO ?[0;39m ?[36mAbstractProblemLoader?[0;39m - Creating init config
[12:53:58.872] ?[34mINFO ?[0;39m ?[36mAbstractProblemLoader?[0;39m - Replaying proof openGoal2_slice1.proof
[12:53:58.872] ?[34mINFO ?[0;39m ?[36mEndToEndTests?[0;39m - Loading D:\a\key\key\keyext.slicing\src\test\resources\testcase\agatha.proof
[12:53:58.872] ?[34mINFO ?[0;39m ?[36mAbstractProblemLoader?[0;39m - Loading environment from src\test\resources\testcase\agatha.proof
[12:53:58.887] ?[34mINFO ?[0;39m ?[36mAbstractProblemLoader?[0;39m - Creating init config
[12:54:01.849] ?[34mINFO ?[0;39m ?[36mAbstractProblemLoader?[0;39m - Replaying proof agatha.proof
[12:54:01.880] ?[34mINFO ?[0;39m ?[36mAbstractProblemLoader?[0;39m - Loading environment from C:\Users\RUNNER~1\AppData\Local\Temp\proof11223769540680458689.proof
[12:54:01.880] ?[34mINFO ?[0;39m ?[36mAbstractProblemLoader?[0;39m - Creating init config
[12:54:05.109] ?[34mINFO ?[0;39m ?[36mAbstractProblemLoader?[0;39m - Replaying proof proof11223769540680458689.proof
[12:54:05.125] ?[34mINFO ?[0;39m ?[36mAbstractProblemLoader?[0;39m - Loading environment from C:\Users\RUNNER~1\AppData\Local\Temp\KeYslice17414528915738096071\agatha_slice1.proof
[12:54:05.125] ?[34mINFO ?[0;39m ?[36mAbstractProblemLoader?[0;39m - Creating init config
[12:54:08.169] ?[34mINFO ?[0;39m ?[36mAbstractProblemLoader?[0;39m - Replaying proof agatha_slice1.proof
[12:54:08.185] ?[34mINFO ?[0;39m ?[36mEndToEndTests?[0;39m - Loading D:\a\key\key\keyext.slicing\src\test\resources\testcase\..\..\..\..\..\key.ui\examples\heap\verifyThis15_2_ParallelGcd\parallelGcd.proof
[12:54:08.185] ?[34mINFO ?[0;39m ?[36mAbstractProblemLoader?[0;39m - Loading environment from src\test\resources\testcase\..\..\..\..\..\key.ui\examples\heap\verifyThis15_2_ParallelGcd\parallelGcd.proof
[12:54:08.201] ?[34mINFO ?[0;39m ?[36mAbstractProblemLoader?[0;39m - Creating init config
[12:54:11.541] ?[34mINFO ?[0;39m ?[36mAbstractProblemLoader?[0;39m - Replaying proof ParallelGcd[ParallelGcd::parallelGcd(int,int,[Z)].JML behavior operation contract.0
[12:54:12.648] ?[34mINFO ?[0;39m ?[36mAbstractProblemLoader?[0;39m - Loading environment from C:\Users\RUNNER~1\AppData\Local\Temp\proof675923332206942437.proof
[12:54:12.651] ?[34mINFO ?[0;39m ?[36mAbstractProblemLoader?[0;39m - Creating init config
[12:54:15.862] ?[34mINFO ?[0;39m ?[36mAbstractProblemLoader?[0;39m - Replaying proof ParallelGcd[ParallelGcd::parallelGcd(int,int,[Z)].JML behavior operation contract.0
[12:54:16.596] ?[34mINFO ?[0;39m ?[36mAbstractProblemLoader?[0;39m - Loading environment from C:\Users\RUNNER~1\AppData\Local\Temp\KeYslice7103910098883933898\parallelGcd_slice1.proof
[12:54:16.612] ?[34mINFO ?[0;39m ?[36mAbstractProblemLoader?[0;39m - Creating init config
[12:54:19.861] ?[34mINFO ?[0;39m ?[36mAbstractProblemLoader?[0;39m - Replaying proof ParallelGcd[ParallelGcd::parallelGcd(int,int,[Z)].JML behavior operation contract.0
]]></system-out>
  <system-err><![CDATA[]]></system-err>
</testsuite>
