<?xml version="1.0" encoding="UTF-8"?>
<testsuite name="de.uka.ilkd.key.proof.runallproofs.RunAllProofsFunctional" tests="34" skipped="0" failures="0" errors="0" timestamp="2023-05-27T16:53:29" hostname="fv-az573-717" time="5423.475">
  <properties/>
  <testcase name="newBook" classname="de.uka.ilkd.key.proof.runallproofs.RunAllProofsFunctional" time="63.172"/>
  <testcase name="oldBook" classname="de.uka.ilkd.key.proof.runallproofs.RunAllProofsFunctional" time="17.673"/>
  <testcase name="comprehensions" classname="de.uka.ilkd.key.proof.runallproofs.RunAllProofsFunctional" time="65.556"/>
  <testcase name="performance" classname="de.uka.ilkd.key.proof.runallproofs.RunAllProofsFunctional" time="213.341"/>
  <testcase name="performancePOConstruction" classname="de.uka.ilkd.key.proof.runallproofs.RunAllProofsFunctional" time="72.432"/>
  <testcase name="applicationRestrictions" classname="de.uka.ilkd.key.proof.runallproofs.RunAllProofsFunctional" time="50.269"/>
  <testcase name="blockContracts" classname="de.uka.ilkd.key.proof.runallproofs.RunAllProofsFunctional" time="138.622"/>
  <testcase name="jmlAsserts" classname="de.uka.ilkd.key.proof.runallproofs.RunAllProofsFunctional" time="93.051"/>
  <testcase name="javaCard" classname="de.uka.ilkd.key.proof.runallproofs.RunAllProofsFunctional" time="133.808"/>
  <testcase name="list" classname="de.uka.ilkd.key.proof.runallproofs.RunAllProofsFunctional" time="266.511"/>
  <testcase name="list_ghost" classname="de.uka.ilkd.key.proof.runallproofs.RunAllProofsFunctional" time="69.126"/>
  <testcase name="list_recursive" classname="de.uka.ilkd.key.proof.runallproofs.RunAllProofsFunctional" time="21.767"/>
  <testcase name="list_seq" classname="de.uka.ilkd.key.proof.runallproofs.RunAllProofsFunctional" time="187.441"/>
  <testcase name="observer" classname="de.uka.ilkd.key.proof.runallproofs.RunAllProofsFunctional" time="99.636"/>
  <testcase name="removeDups" classname="de.uka.ilkd.key.proof.runallproofs.RunAllProofsFunctional" time="153.665"/>
  <testcase name="quicksort" classname="de.uka.ilkd.key.proof.runallproofs.RunAllProofsFunctional" time="112.63"/>
  <testcase name="simpleTests" classname="de.uka.ilkd.key.proof.runallproofs.RunAllProofsFunctional" time="161.526"/>
  <testcase name="SmansEtAl" classname="de.uka.ilkd.key.proof.runallproofs.RunAllProofsFunctional" time="203.725"/>
  <testcase name="VACID0" classname="de.uka.ilkd.key.proof.runallproofs.RunAllProofsFunctional" time="76.739"/>
  <testcase name="VSTTE10" classname="de.uka.ilkd.key.proof.runallproofs.RunAllProofsFunctional" time="178.582"/>
  <testcase name="WeideEtAl" classname="de.uka.ilkd.key.proof.runallproofs.RunAllProofsFunctional" time="29.27"/>
  <testcase name="arithmetic" classname="de.uka.ilkd.key.proof.runallproofs.RunAllProofsFunctional" time="508.868"/>
  <testcase name="arrays" classname="de.uka.ilkd.key.proof.runallproofs.RunAllProofsFunctional" time="58.436"/>
  <testcase name="javadl" classname="de.uka.ilkd.key.proof.runallproofs.RunAllProofsFunctional" time="638.012"/>
  <testcase name="FOL" classname="de.uka.ilkd.key.proof.runallproofs.RunAllProofsFunctional" time="289.303"/>
  <testcase name="strings" classname="de.uka.ilkd.key.proof.runallproofs.RunAllProofsFunctional" time="153.719"/>
  <testcase name="simple_info_flow" classname="de.uka.ilkd.key.proof.runallproofs.RunAllProofsFunctional" time="12.951"/>
  <testcase name="modelMethods" classname="de.uka.ilkd.key.proof.runallproofs.RunAllProofsFunctional" time="186.606"/>
  <testcase name="permissionHeap" classname="de.uka.ilkd.key.proof.runallproofs.RunAllProofsFunctional" time="855.75"/>
  <testcase name="completionScopes" classname="de.uka.ilkd.key.proof.runallproofs.RunAllProofsFunctional" time="52.956"/>
  <testcase name="reload_examples" classname="de.uka.ilkd.key.proof.runallproofs.RunAllProofsFunctional" time="46.576"/>
  <testcase name="proofLoadRepair" classname="de.uka.ilkd.key.proof.runallproofs.RunAllProofsFunctional" time="19.856"/>
  <testcase name="switch" classname="de.uka.ilkd.key.proof.runallproofs.RunAllProofsFunctional" time="64.633"/>
  <testcase name="redux" classname="de.uka.ilkd.key.proof.runallproofs.RunAllProofsFunctional" time="127.257"/>
  <system-out><![CDATA[530        INFO  Test worker     d.u.i.k.p.r.RunAllProofsTestUnit Running test newBook 
312        INFO  Timeout watchdog d.u.i.k.p.r.p.ForkedTestFileRunner Timeout watcher launched (2000 secs.) 
328        WARN  main            d.u.i.k.s.ProofSettings   No proof-settings could be loaded, using defaults java.io.FileNotFoundException: /home/runner/.key/proof-settings.props (No such file or directory)
	at java.base/java.io.FileInputStream.open0(Native Method)

380        INFO  main            d.u.i.k.p.r.p.TestFile    Now processing file /home/runner/work/key/key/key.core/../key.ui/examples/newBook/09.list_modelfield/ArrayList.add.key 
559        INFO  main            d.u.i.k.p.i.AbstractProblemLoader Loading environment from /home/runner/work/key/key/key.core/../key.ui/examples/newBook/09.list_modelfield/ArrayList.add.key 
586        DEBUG main            d.u.i.k.p.i.AbstractProblemLoader Environment load took 4.59ms 
834        INFO  main            d.u.i.k.p.i.AbstractProblemLoader Creating init config 
1665       DEBUG main            d.u.i.k.j.TypeConverter   No LDT found for Meta 
1666       DEBUG main            d.u.i.k.j.TypeConverter   No LDT found for Meta 
1670       DEBUG main            d.u.i.k.j.TypeConverter   No LDT found for Meta 
1670       DEBUG main            d.u.i.k.j.TypeConverter   No LDT found for Meta 
2799       DEBUG main            d.u.i.k.j.TypeConverter   No LDT found for JavaBigintExpression 
8699       DEBUG main            d.u.i.k.p.i.AbstractProblemLoader Init config took 7.87s 
8827       INFO  main            d.u.i.k.p.i.AbstractProblemLoader Replaying proof ArrayList[List::add(int)].JML normal_behavior operation contract.0 
8862       DEBUG main            d.u.i.k.p.i.IntermediateProofReplayer Proof replay took 33.1ns 
27063      INFO  main            d.u.i.k.p.r.p.TestFile    ... finished proof: closed. 
27288      INFO  main            d.u.i.k.p.i.AbstractProblemLoader Loading environment from /home/runner/work/key/key/key.core/../key.ui/examples/newBook/09.list_modelfield/ArrayList.add.key.proof 
27289      DEBUG main            d.u.i.k.p.i.AbstractProblemLoader Environment load took 820.22ns 
27295      INFO  main            d.u.i.k.p.i.AbstractProblemLoader Creating init config 
30186      DEBUG main            d.u.i.k.p.i.AbstractProblemLoader Init config took 2.89s 
30262      INFO  main            d.u.i.k.p.i.AbstractProblemLoader Replaying proof ArrayList[List::add(int)].JML normal_behavior operation contract.0 
31673      DEBUG main            d.u.i.k.p.i.IntermediateProofReplayer Proof replay took 1.32s 
31685      DEBUG main            d.u.i.k.p.r.p.TestFile    ... success: reloaded. 
31688      INFO  main            d.u.i.k.p.r.p.TestFile    Now processing file /home/runner/work/key/key/key.core/../key.ui/examples/newBook/09.list_modelfield/ArrayList.remFirst.key 
31689      INFO  main            d.u.i.k.p.i.AbstractProblemLoader Loading environment from /home/runner/work/key/key/key.core/../key.ui/examples/newBook/09.list_modelfield/ArrayList.remFirst.key 
31689      DEBUG main            d.u.i.k.p.i.AbstractProblemLoader Environment load took 446.01ns 
31697      INFO  main            d.u.i.k.p.i.AbstractProblemLoader Creating init config 
34653      DEBUG main            d.u.i.k.p.i.AbstractProblemLoader Init config took 2.96s 
34711      INFO  main            d.u.i.k.p.i.AbstractProblemLoader Replaying proof ArrayList[List::remFirst()].JML normal_behavior operation contract.0 
34713      DEBUG main            d.u.i.k.p.i.IntermediateProofReplayer Proof replay took 6.3ns 
39235      INFO  main            d.u.i.k.p.r.p.TestFile    ... finished proof: closed. 
39437      INFO  main            d.u.i.k.p.i.AbstractProblemLoader Loading environment from /home/runner/work/key/key/key.core/../key.ui/examples/newBook/09.list_modelfield/ArrayList.remFirst.key.proof 
39438      DEBUG main            d.u.i.k.p.i.AbstractProblemLoader Environment load took 158ns 
39440      INFO  main            d.u.i.k.p.i.AbstractProblemLoader Creating init config 
42154      DEBUG main            d.u.i.k.p.i.AbstractProblemLoader Init config took 2.71s 
42207      INFO  main            d.u.i.k.p.i.AbstractProblemLoader Replaying proof ArrayList[List::remFirst()].JML normal_behavior operation contract.0 
42822      DEBUG main            d.u.i.k.p.i.IntermediateProofReplayer Proof replay took 597.49ms 
42824      DEBUG main            d.u.i.k.p.r.p.TestFile    ... success: reloaded. 
42825      INFO  main            d.u.i.k.p.r.p.TestFile    Now processing file /home/runner/work/key/key/key.core/../key.ui/examples/newBook/09.list_modelfield/ArrayList.empty.key 
42826      INFO  main            d.u.i.k.p.i.AbstractProblemLoader Loading environment from /home/runner/work/key/key/key.core/../key.ui/examples/newBook/09.list_modelfield/ArrayList.empty.key 
42826      DEBUG main            d.u.i.k.p.i.AbstractProblemLoader Environment load took 420.81ns 
42844      INFO  main            d.u.i.k.p.i.AbstractProblemLoader Creating init config 
45632      DEBUG main            d.u.i.k.p.i.AbstractProblemLoader Init config took 2.79s 
45715      INFO  main            d.u.i.k.p.i.AbstractProblemLoader Replaying proof ArrayList[List::empty()].JML normal_behavior operation contract.0 
45716      DEBUG main            d.u.i.k.p.i.IntermediateProofReplayer Proof replay took 6.2ns 
46731      INFO  main            d.u.i.k.p.r.p.TestFile    ... finished proof: closed. 
46890      INFO  main            d.u.i.k.p.i.AbstractProblemLoader Loading environment from /home/runner/work/key/key/key.core/../key.ui/examples/newBook/09.list_modelfield/ArrayList.empty.key.proof 
46890      DEBUG main            d.u.i.k.p.i.AbstractProblemLoader Environment load took 135.1ns 
46893      INFO  main            d.u.i.k.p.i.AbstractProblemLoader Creating init config 
49593      DEBUG main            d.u.i.k.p.i.AbstractProblemLoader Init config took 2.7s 
49640      INFO  main            d.u.i.k.p.i.AbstractProblemLoader Replaying proof ArrayList[List::empty()].JML normal_behavior operation contract.0 
49774      DEBUG main            d.u.i.k.p.i.IntermediateProofReplayer Proof replay took 127.94ms 
49775      DEBUG main            d.u.i.k.p.r.p.TestFile    ... success: reloaded. 
49776      INFO  main            d.u.i.k.p.r.p.TestFile    Now processing file /home/runner/work/key/key/key.core/../key.ui/examples/newBook/09.list_modelfield/ArrayList.size.key 
49776      INFO  main            d.u.i.k.p.i.AbstractProblemLoader Loading environment from /home/runner/work/key/key/key.core/../key.ui/examples/newBook/09.list_modelfield/ArrayList.size.key 
49776      DEBUG main            d.u.i.k.p.i.AbstractProblemLoader Environment load took 62.1ns 
49777      INFO  main            d.u.i.k.p.i.AbstractProblemLoader Creating init config 
52585      DEBUG main            d.u.i.k.p.i.AbstractProblemLoader Init config took 2.81s 
52636      INFO  main            d.u.i.k.p.i.AbstractProblemLoader Replaying proof ArrayList[List::size()].JML normal_behavior operation contract.0 
52638      DEBUG main            d.u.i.k.p.i.IntermediateProofReplayer Proof replay took 4.9ns 
53142      INFO  main            d.u.i.k.p.r.p.TestFile    ... finished proof: closed. 
53316      INFO  main            d.u.i.k.p.i.AbstractProblemLoader Loading environment from /home/runner/work/key/key/key.core/../key.ui/examples/newBook/09.list_modelfield/ArrayList.size.key.proof 
53317      DEBUG main            d.u.i.k.p.i.AbstractProblemLoader Environment load took 952.52ns 
53318      INFO  main            d.u.i.k.p.i.AbstractProblemLoader Creating init config 
56021      DEBUG main            d.u.i.k.p.i.AbstractProblemLoader Init config took 2.7s 
56070      INFO  main            d.u.i.k.p.i.AbstractProblemLoader Replaying proof ArrayList[List::size()].JML normal_behavior operation contract.0 
56135      DEBUG main            d.u.i.k.p.i.IntermediateProofReplayer Proof replay took 58.84ms 
56136      DEBUG main            d.u.i.k.p.r.p.TestFile    ... success: reloaded. 
56136      INFO  main            d.u.i.k.p.r.p.TestFile    Now processing file /home/runner/work/key/key/key.core/../key.ui/examples/newBook/09.list_modelfield/ArrayList.get.key 
56137      INFO  main            d.u.i.k.p.i.AbstractProblemLoader Loading environment from /home/runner/work/key/key/key.core/../key.ui/examples/newBook/09.list_modelfield/ArrayList.get.key 
56137      DEBUG main            d.u.i.k.p.i.AbstractProblemLoader Environment load took 69.2ns 
56137      INFO  main            d.u.i.k.p.i.AbstractProblemLoader Creating init config 
58861      DEBUG main            d.u.i.k.p.i.AbstractProblemLoader Init config took 2.72s 
58907      INFO  main            d.u.i.k.p.i.AbstractProblemLoader Replaying proof ArrayList[List::get(int)].JML normal_behavior operation contract.0 
58909      DEBUG main            d.u.i.k.p.i.IntermediateProofReplayer Proof replay took 5.7ns 
59916      INFO  main            d.u.i.k.p.r.p.TestFile    ... finished proof: closed. 
60095      INFO  main            d.u.i.k.p.i.AbstractProblemLoader Loading environment from /home/runner/work/key/key/key.core/../key.ui/examples/newBook/09.list_modelfield/ArrayList.get.key.proof 
60100      DEBUG main            d.u.i.k.p.i.AbstractProblemLoader Environment load took 4.56ms 
60101      INFO  main            d.u.i.k.p.i.AbstractProblemLoader Creating init config 
62755      DEBUG main            d.u.i.k.p.i.AbstractProblemLoader Init config took 2.65s 
62801      INFO  main            d.u.i.k.p.i.AbstractProblemLoader Replaying proof ArrayList[List::get(int)].JML normal_behavior operation contract.0 
62910      DEBUG main            d.u.i.k.p.i.IntermediateProofReplayer Proof replay took 103.81ms 
62912      DEBUG main            d.u.i.k.p.r.p.TestFile    ... success: reloaded. 
63697      INFO  Test worker     d.u.i.k.p.r.RunAllProofsTestUnit Returning from test newBook 
63705      INFO  Test worker     d.u.i.k.p.r.RunAllProofsTestUnit Running test oldBook 
386        INFO  Timeout watchdog d.u.i.k.p.r.p.ForkedTestFileRunner Timeout watcher launched (2000 secs.) 
390        WARN  main            d.u.i.k.s.ProofSettings   The settings in /home/runner/.key/proof-settings.props are *not* read. 
417        INFO  main            d.u.i.k.p.r.p.TestFile    Now processing file /home/runner/work/key/key/key.core/../key.ui/examples/standard_key/BookExamples/02FirstOrderLogic/Ex2.58.key 
530        INFO  main            d.u.i.k.p.i.AbstractProblemLoader Loading environment from /home/runner/work/key/key/key.core/../key.ui/examples/standard_key/BookExamples/02FirstOrderLogic/Ex2.58.key 
548        DEBUG main            d.u.i.k.p.i.AbstractProblemLoader Environment load took 4.06ms 
777        INFO  main            d.u.i.k.p.i.AbstractProblemLoader Creating init config 
1606       DEBUG main            d.u.i.k.j.TypeConverter   No LDT found for Meta 
1607       DEBUG main            d.u.i.k.j.TypeConverter   No LDT found for Meta 
1609       DEBUG main            d.u.i.k.j.TypeConverter   No LDT found for Meta 
1609       DEBUG main            d.u.i.k.j.TypeConverter   No LDT found for Meta 
2721       DEBUG main            d.u.i.k.j.TypeConverter   No LDT found for JavaBigintExpression 
8197       DEBUG main            d.u.i.k.p.i.AbstractProblemLoader Init config took 7.42s 
8256       INFO  main            d.u.i.k.p.i.AbstractProblemLoader Replaying proof Ex2.58.key 
8289       DEBUG main            d.u.i.k.p.i.IntermediateProofReplayer Proof replay took 34.9ns 
8455       INFO  main            d.u.i.k.p.r.p.TestFile    ... finished proof: closed. 
8589       INFO  main            d.u.i.k.p.i.AbstractProblemLoader Loading environment from /home/runner/work/key/key/key.core/../key.ui/examples/standard_key/BookExamples/02FirstOrderLogic/Ex2.58.key.proof 
8590       DEBUG main            d.u.i.k.p.i.AbstractProblemLoader Environment load took 640.81ns 
8594       INFO  main            d.u.i.k.p.i.AbstractProblemLoader Creating init config 
11363      DEBUG main            d.u.i.k.p.i.AbstractProblemLoader Init config took 2.77s 
11392      INFO  main            d.u.i.k.p.i.AbstractProblemLoader Replaying proof Ex2.58.key.proof 
11399      DEBUG main            d.u.i.k.p.i.IntermediateProofReplayer Proof replay took 3.59ms 
11420      DEBUG main            d.u.i.k.p.r.p.TestFile    ... success: reloaded. 
11425      INFO  main            d.u.i.k.p.r.p.TestFile    Now processing file /home/runner/work/key/key/key.core/../key.ui/examples/standard_key/BookExamples/03DynamicLogic/Sect3.3.1.key 
11425      INFO  main            d.u.i.k.p.i.AbstractProblemLoader Loading environment from /home/runner/work/key/key/key.core/../key.ui/examples/standard_key/BookExamples/03DynamicLogic/Sect3.3.1.key 
11425      DEBUG main            d.u.i.k.p.i.AbstractProblemLoader Environment load took 103.7ns 
11427      INFO  main            d.u.i.k.p.i.AbstractProblemLoader Creating init config 
14165      DEBUG main            d.u.i.k.p.i.AbstractProblemLoader Init config took 2.74s 
14198      INFO  main            d.u.i.k.p.i.AbstractProblemLoader Replaying proof Sect3.3.1.key 
14203      DEBUG main            d.u.i.k.p.i.IntermediateProofReplayer Proof replay took 6.7ns 
14609      INFO  main            d.u.i.k.p.r.p.TestFile    ... finished proof: closed. 
14740      INFO  main            d.u.i.k.p.i.AbstractProblemLoader Loading environment from /home/runner/work/key/key/key.core/../key.ui/examples/standard_key/BookExamples/03DynamicLogic/Sect3.3.1.key.proof 
14741      DEBUG main            d.u.i.k.p.i.AbstractProblemLoader Environment load took 131.6ns 
14748      INFO  main            d.u.i.k.p.i.AbstractProblemLoader Creating init config 
17343      DEBUG main            d.u.i.k.p.i.AbstractProblemLoader Init config took 2.6s 
17375      INFO  main            d.u.i.k.p.i.AbstractProblemLoader Replaying proof Sect3.3.1.key.proof 
17503      DEBUG main            d.u.i.k.p.i.IntermediateProofReplayer Proof replay took 117.73ms 
17504      DEBUG main            d.u.i.k.p.r.p.TestFile    ... success: reloaded. 
81377      INFO  Test worker     d.u.i.k.p.r.RunAllProofsTestUnit Returning from test oldBook 
81378      INFO  Test worker     d.u.i.k.p.r.RunAllProofsTestUnit Running test comprehensions 
377        INFO  Timeout watchdog d.u.i.k.p.r.p.ForkedTestFileRunner Timeout watcher launched (2000 secs.) 
387        WARN  main            d.u.i.k.s.ProofSettings   The settings in /home/runner/.key/proof-settings.props are *not* read. 
433        INFO  main            d.u.i.k.p.r.p.TestFile    Now processing file /home/runner/work/key/key/key.core/../key.ui/examples/heap/comprehensions/general_sum.key 
585        INFO  main            d.u.i.k.p.i.AbstractProblemLoader Loading environment from /home/runner/work/key/key/key.core/../key.ui/examples/heap/comprehensions/general_sum.key 
612        DEBUG main            d.u.i.k.p.i.AbstractProblemLoader Environment load took 2.08ms 
842        INFO  main            d.u.i.k.p.i.AbstractProblemLoader Creating init config 
1567       DEBUG main            d.u.i.k.j.TypeConverter   No LDT found for Meta 
1568       DEBUG main            d.u.i.k.j.TypeConverter   No LDT found for Meta 
1570       DEBUG main            d.u.i.k.j.TypeConverter   No LDT found for Meta 
1570       DEBUG main            d.u.i.k.j.TypeConverter   No LDT found for Meta 
2743       DEBUG main            d.u.i.k.j.TypeConverter   No LDT found for JavaBigintExpression 
7975       DEBUG main            d.u.i.k.p.i.AbstractProblemLoader Init config took 7.13s 
8100       INFO  main            d.u.i.k.p.i.AbstractProblemLoader Replaying proof GSum[GSum::doNothing()].JML operation contract.0 
8132       DEBUG main            d.u.i.k.p.i.IntermediateProofReplayer Proof replay took 31.9ns 
8467       INFO  main            d.u.i.k.p.r.p.TestFile    ... finished proof: closed. 
8571       INFO  main            d.u.i.k.p.i.AbstractProblemLoader Loading environment from /home/runner/work/key/key/key.core/../key.ui/examples/heap/comprehensions/general_sum.key.proof 
8571       DEBUG main            d.u.i.k.p.i.AbstractProblemLoader Environment load took 148.9ns 
8573       INFO  main            d.u.i.k.p.i.AbstractProblemLoader Creating init config 
11422      DEBUG main            d.u.i.k.p.i.AbstractProblemLoader Init config took 2.85s 
11484      INFO  main            d.u.i.k.p.i.AbstractProblemLoader Replaying proof GSum[GSum::doNothing()].JML operation contract.0 
11519      DEBUG main            d.u.i.k.p.i.IntermediateProofReplayer Proof replay took 28.81ms 
11532      DEBUG main            d.u.i.k.p.r.p.TestFile    ... success: reloaded. 
11535      INFO  main            d.u.i.k.p.r.p.TestFile    Now processing file /home/runner/work/key/key/key.core/../key.ui/examples/heap/comprehensions/sum0.key 
11538      INFO  main            d.u.i.k.p.i.AbstractProblemLoader Loading environment from /home/runner/work/key/key/key.core/../key.ui/examples/heap/comprehensions/sum0.key 
11539      DEBUG main            d.u.i.k.p.i.AbstractProblemLoader Environment load took 300.31ns 
11540      INFO  main            d.u.i.k.p.i.AbstractProblemLoader Creating init config 
14291      DEBUG main            d.u.i.k.p.i.AbstractProblemLoader Init config took 2.75s 
14350      INFO  main            d.u.i.k.p.i.AbstractProblemLoader Replaying proof Sum[Sum::sum0([I)].JML normal_behavior operation contract.0 
14354      DEBUG main            d.u.i.k.p.i.IntermediateProofReplayer Proof replay took 6.9ns 
14446      DEBUG Thread-4        d.u.i.k.l.l.OriginTermLabel commonFileName is null! 
14448      DEBUG Thread-4        d.u.i.k.l.l.OriginTermLabel commonFileName is null! 
14620      DEBUG Thread-4        d.u.i.k.l.l.OriginTermLabel commonFileName is null! 
14621      DEBUG Thread-4        d.u.i.k.l.l.OriginTermLabel commonFileName is null! 
14785      DEBUG Thread-4        d.u.i.k.l.l.OriginTermLabel commonFileName is null! 
14961      INFO  main            d.u.i.k.p.r.p.TestFile    ... finished proof: closed. 
15111      INFO  main            d.u.i.k.p.i.AbstractProblemLoader Loading environment from /home/runner/work/key/key/key.core/../key.ui/examples/heap/comprehensions/sum0.key.proof 
15114      DEBUG main            d.u.i.k.p.i.AbstractProblemLoader Environment load took 2.41ms 
15117      INFO  main            d.u.i.k.p.i.AbstractProblemLoader Creating init config 
17827      DEBUG main            d.u.i.k.p.i.AbstractProblemLoader Init config took 2.71s 
17876      INFO  main            d.u.i.k.p.i.AbstractProblemLoader Replaying proof Sum[Sum::sum0([I)].JML normal_behavior operation contract.0 
17908      DEBUG main            d.u.i.k.l.l.OriginTermLabel commonFileName is null! 
17909      DEBUG main            d.u.i.k.l.l.OriginTermLabel commonFileName is null! 
17965      DEBUG main            d.u.i.k.l.l.OriginTermLabel commonFileName is null! 
18002      DEBUG main            d.u.i.k.l.l.OriginTermLabel commonFileName is null! 
18003      DEBUG main            d.u.i.k.l.l.OriginTermLabel commonFileName is null! 
18006      DEBUG main            d.u.i.k.p.i.IntermediateProofReplayer Proof replay took 125.13ms 
18008      DEBUG main            d.u.i.k.p.r.p.TestFile    ... success: reloaded. 
18009      INFO  main            d.u.i.k.p.r.p.TestFile    Now processing file /home/runner/work/key/key/key.core/../key.ui/examples/heap/comprehensions/sum1.key 
18010      INFO  main            d.u.i.k.p.i.AbstractProblemLoader Loading environment from /home/runner/work/key/key/key.core/../key.ui/examples/heap/comprehensions/sum1.key 
18010      DEBUG main            d.u.i.k.p.i.AbstractProblemLoader Environment load took 358.51ns 
18012      INFO  main            d.u.i.k.p.i.AbstractProblemLoader Creating init config 
20709      DEBUG main            d.u.i.k.p.i.AbstractProblemLoader Init config took 2.7s 
20755      INFO  main            d.u.i.k.p.i.AbstractProblemLoader Replaying proof Sum[Sum::sum1([I)].JML normal_behavior operation contract.0 
20757      DEBUG main            d.u.i.k.p.i.IntermediateProofReplayer Proof replay took 6.1ns 
20816      DEBUG Thread-7        d.u.i.k.l.l.OriginTermLabel commonFileName is null! 
20816      DEBUG Thread-7        d.u.i.k.l.l.OriginTermLabel commonFileName is null! 
20967      DEBUG Thread-7        d.u.i.k.l.l.OriginTermLabel commonFileName is null! 
20967      DEBUG Thread-7        d.u.i.k.l.l.OriginTermLabel commonFileName is null! 
21098      DEBUG Thread-7        d.u.i.k.l.l.OriginTermLabel commonFileName is null! 
21264      INFO  main            d.u.i.k.p.r.p.TestFile    ... finished proof: closed. 
21429      INFO  main            d.u.i.k.p.i.AbstractProblemLoader Loading environment from /home/runner/work/key/key/key.core/../key.ui/examples/heap/comprehensions/sum1.key.proof 
21430      DEBUG main            d.u.i.k.p.i.AbstractProblemLoader Environment load took 726.02ns 
21432      INFO  main            d.u.i.k.p.i.AbstractProblemLoader Creating init config 
24025      DEBUG main            d.u.i.k.p.i.AbstractProblemLoader Init config took 2.59s 
24073      INFO  main            d.u.i.k.p.i.AbstractProblemLoader Replaying proof Sum[Sum::sum1([I)].JML normal_behavior operation contract.0 
24103      DEBUG main            d.u.i.k.l.l.OriginTermLabel commonFileName is null! 
24104      DEBUG main            d.u.i.k.l.l.OriginTermLabel commonFileName is null! 
24159      DEBUG main            d.u.i.k.l.l.OriginTermLabel commonFileName is null! 
24204      DEBUG main            d.u.i.k.l.l.OriginTermLabel commonFileName is null! 
24204      DEBUG main            d.u.i.k.l.l.OriginTermLabel commonFileName is null! 
24207      DEBUG main            d.u.i.k.p.i.IntermediateProofReplayer Proof replay took 129.17ms 
24208      DEBUG main            d.u.i.k.p.r.p.TestFile    ... success: reloaded. 
24210      INFO  main            d.u.i.k.p.r.p.TestFile    Now processing file /home/runner/work/key/key/key.core/../key.ui/examples/heap/comprehensions/sum2.key 
24210      INFO  main            d.u.i.k.p.i.AbstractProblemLoader Loading environment from /home/runner/work/key/key/key.core/../key.ui/examples/heap/comprehensions/sum2.key 
24210      DEBUG main            d.u.i.k.p.i.AbstractProblemLoader Environment load took 148ns 
24213      INFO  main            d.u.i.k.p.i.AbstractProblemLoader Creating init config 
26825      DEBUG main            d.u.i.k.p.i.AbstractProblemLoader Init config took 2.61s 
26870      INFO  main            d.u.i.k.p.i.AbstractProblemLoader Replaying proof Sum[Sum::sum2([I)].JML normal_behavior operation contract.0 
26872      DEBUG main            d.u.i.k.p.i.IntermediateProofReplayer Proof replay took 6ns 
26932      DEBUG Thread-10       d.u.i.k.l.l.OriginTermLabel commonFileName is null! 
26933      DEBUG Thread-10       d.u.i.k.l.l.OriginTermLabel commonFileName is null! 
27079      DEBUG Thread-10       d.u.i.k.l.l.OriginTermLabel commonFileName is null! 
27080      DEBUG Thread-10       d.u.i.k.l.l.OriginTermLabel commonFileName is null! 
27173      DEBUG Thread-10       d.u.i.k.l.l.OriginTermLabel commonFileName is null! 
27377      INFO  main            d.u.i.k.p.r.p.TestFile    ... finished proof: closed. 
27544      INFO  main            d.u.i.k.p.i.AbstractProblemLoader Loading environment from /home/runner/work/key/key/key.core/../key.ui/examples/heap/comprehensions/sum2.key.proof 
27545      DEBUG main            d.u.i.k.p.i.AbstractProblemLoader Environment load took 1.15ms 
27547      INFO  main            d.u.i.k.p.i.AbstractProblemLoader Creating init config 
30098      DEBUG main            d.u.i.k.p.i.AbstractProblemLoader Init config took 2.55s 
30139      INFO  main            d.u.i.k.p.i.AbstractProblemLoader Replaying proof Sum[Sum::sum2([I)].JML normal_behavior operation contract.0 
30165      DEBUG main            d.u.i.k.l.l.OriginTermLabel commonFileName is null! 
30166      DEBUG main            d.u.i.k.l.l.OriginTermLabel commonFileName is null! 
30214      DEBUG main            d.u.i.k.l.l.OriginTermLabel commonFileName is null! 
30239      DEBUG main            d.u.i.k.l.l.OriginTermLabel commonFileName is null! 
30240      DEBUG main            d.u.i.k.l.l.OriginTermLabel commonFileName is null! 
30242      DEBUG main            d.u.i.k.p.i.IntermediateProofReplayer Proof replay took 99.5ms 
30244      DEBUG main            d.u.i.k.p.r.p.TestFile    ... success: reloaded. 
30245      INFO  main            d.u.i.k.p.r.p.TestFile    Now processing file /home/runner/work/key/key/key.core/../key.ui/examples/heap/comprehensions/sum3.key 
30246      INFO  main            d.u.i.k.p.i.AbstractProblemLoader Loading environment from /home/runner/work/key/key/key.core/../key.ui/examples/heap/comprehensions/sum3.key 
30246      DEBUG main            d.u.i.k.p.i.AbstractProblemLoader Environment load took 352.31ns 
30248      INFO  main            d.u.i.k.p.i.AbstractProblemLoader Creating init config 
32882      DEBUG main            d.u.i.k.p.i.AbstractProblemLoader Init config took 2.63s 
32923      INFO  main            d.u.i.k.p.i.AbstractProblemLoader Replaying proof Sum[Sum::sum3([I)].JML normal_behavior operation contract.0 
32924      DEBUG main            d.u.i.k.p.i.IntermediateProofReplayer Proof replay took 7.1ns 
32978      DEBUG Thread-13       d.u.i.k.l.l.OriginTermLabel commonFileName is null! 
32978      DEBUG Thread-13       d.u.i.k.l.l.OriginTermLabel commonFileName is null! 
33097      DEBUG Thread-13       d.u.i.k.l.l.OriginTermLabel commonFileName is null! 
33098      DEBUG Thread-13       d.u.i.k.l.l.OriginTermLabel commonFileName is null! 
33174      DEBUG Thread-13       d.u.i.k.l.l.OriginTermLabel commonFileName is null! 
33331      INFO  main            d.u.i.k.p.r.p.TestFile    ... finished proof: closed. 
33513      INFO  main            d.u.i.k.p.i.AbstractProblemLoader Loading environment from /home/runner/work/key/key/key.core/../key.ui/examples/heap/comprehensions/sum3.key.proof 
33513      DEBUG main            d.u.i.k.p.i.AbstractProblemLoader Environment load took 128.4ns 
33518      INFO  main            d.u.i.k.p.i.AbstractProblemLoader Creating init config 
36071      DEBUG main            d.u.i.k.p.i.AbstractProblemLoader Init config took 2.55s 
36116      INFO  main            d.u.i.k.p.i.AbstractProblemLoader Replaying proof Sum[Sum::sum3([I)].JML normal_behavior operation contract.0 
36144      DEBUG main            d.u.i.k.l.l.OriginTermLabel commonFileName is null! 
36145      DEBUG main            d.u.i.k.l.l.OriginTermLabel commonFileName is null! 
36182      DEBUG main            d.u.i.k.l.l.OriginTermLabel commonFileName is null! 
36208      DEBUG main            d.u.i.k.l.l.OriginTermLabel commonFileName is null! 
36211      DEBUG main            d.u.i.k.l.l.OriginTermLabel commonFileName is null! 
36214      DEBUG main            d.u.i.k.p.i.IntermediateProofReplayer Proof replay took 93.51ms 
36215      DEBUG main            d.u.i.k.p.r.p.TestFile    ... success: reloaded. 
36217      INFO  main            d.u.i.k.p.r.p.TestFile    Now processing file /home/runner/work/key/key/key.core/../key.ui/examples/heap/comprehensions/segsum.key 
36218      INFO  main            d.u.i.k.p.i.AbstractProblemLoader Loading environment from /home/runner/work/key/key/key.core/../key.ui/examples/heap/comprehensions/segsum.key 
36219      DEBUG main            d.u.i.k.p.i.AbstractProblemLoader Environment load took 666.01ns 
36222      INFO  main            d.u.i.k.p.i.AbstractProblemLoader Creating init config 
38859      DEBUG main            d.u.i.k.p.i.AbstractProblemLoader Init config took 2.64s 
38898      INFO  main            d.u.i.k.p.i.AbstractProblemLoader Replaying proof SegSum[SegSum::segSum([I,int,int)].JML normal_behavior operation contract.0 
38900      DEBUG main            d.u.i.k.p.i.IntermediateProofReplayer Proof replay took 6.3ns 
39326      INFO  main            d.u.i.k.p.r.p.TestFile    ... finished proof: closed. 
39499      INFO  main            d.u.i.k.p.i.AbstractProblemLoader Loading environment from /home/runner/work/key/key/key.core/../key.ui/examples/heap/comprehensions/segsum.key.proof 
39499      DEBUG main            d.u.i.k.p.i.AbstractProblemLoader Environment load took 341.21ns 
39500      INFO  main            d.u.i.k.p.i.AbstractProblemLoader Creating init config 
42046      DEBUG main            d.u.i.k.p.i.AbstractProblemLoader Init config took 2.55s 
42101      INFO  main            d.u.i.k.p.i.AbstractProblemLoader Replaying proof SegSum[SegSum::segSum([I,int,int)].JML normal_behavior operation contract.0 
42201      DEBUG main            d.u.i.k.p.i.IntermediateProofReplayer Proof replay took 94.16ms 
42202      DEBUG main            d.u.i.k.p.r.p.TestFile    ... success: reloaded. 
42203      INFO  main            d.u.i.k.p.r.p.TestFile    Now processing file /home/runner/work/key/key/key.core/../key.ui/examples/heap/comprehensions/bsum_negative.key 
42203      INFO  main            d.u.i.k.p.i.AbstractProblemLoader Loading environment from /home/runner/work/key/key/key.core/../key.ui/examples/heap/comprehensions/bsum_negative.key 
42203      DEBUG main            d.u.i.k.p.i.AbstractProblemLoader Environment load took 130.7ns 
42205      INFO  main            d.u.i.k.p.i.AbstractProblemLoader Creating init config 
44625      DEBUG main            d.u.i.k.p.i.AbstractProblemLoader Init config took 2.42s 
44641      INFO  main            d.u.i.k.p.i.AbstractProblemLoader Replaying proof bsum_negative.key 
44643      DEBUG main            d.u.i.k.p.i.IntermediateProofReplayer Proof replay took 7.7ns 
44746      INFO  main            d.u.i.k.p.r.p.TestFile    ... finished proof: closed. 
44904      INFO  main            d.u.i.k.p.i.AbstractProblemLoader Loading environment from /home/runner/work/key/key/key.core/../key.ui/examples/heap/comprehensions/bsum_negative.key.proof 
44904      DEBUG main            d.u.i.k.p.i.AbstractProblemLoader Environment load took 118.5ns 
44905      INFO  main            d.u.i.k.p.i.AbstractProblemLoader Creating init config 
47270      DEBUG main            d.u.i.k.p.i.AbstractProblemLoader Init config took 2.37s 
47287      INFO  main            d.u.i.k.p.i.AbstractProblemLoader Replaying proof bsum_negative.key.proof 
47290      DEBUG main            d.u.i.k.p.i.IntermediateProofReplayer Proof replay took 1.53ms 
47290      DEBUG main            d.u.i.k.p.r.p.TestFile    ... success: reloaded. 
47291      INFO  main            d.u.i.k.p.r.p.TestFile    Now processing file /home/runner/work/key/key/key.core/../key.ui/examples/heap/comprehensions/bsum_neg2.key 
47291      INFO  main            d.u.i.k.p.i.AbstractProblemLoader Loading environment from /home/runner/work/key/key/key.core/../key.ui/examples/heap/comprehensions/bsum_neg2.key 
47291      DEBUG main            d.u.i.k.p.i.AbstractProblemLoader Environment load took 61.2ns 
47292      INFO  main            d.u.i.k.p.i.AbstractProblemLoader Creating init config 
49723      DEBUG main            d.u.i.k.p.i.AbstractProblemLoader Init config took 2.43s 
49740      INFO  main            d.u.i.k.p.i.AbstractProblemLoader Replaying proof bsum_neg2.key 
49741      DEBUG main            d.u.i.k.p.i.IntermediateProofReplayer Proof replay took 7.6ns 
49844      INFO  main            d.u.i.k.p.r.p.TestFile    ... finished proof: closed. 
50014      INFO  main            d.u.i.k.p.i.AbstractProblemLoader Loading environment from /home/runner/work/key/key/key.core/../key.ui/examples/heap/comprehensions/bsum_neg2.key.proof 
50014      DEBUG main            d.u.i.k.p.i.AbstractProblemLoader Environment load took 128.5ns 
50015      INFO  main            d.u.i.k.p.i.AbstractProblemLoader Creating init config 
52388      DEBUG main            d.u.i.k.p.i.AbstractProblemLoader Init config took 2.37s 
52405      INFO  main            d.u.i.k.p.i.AbstractProblemLoader Replaying proof bsum_neg2.key.proof 
52419      DEBUG main            d.u.i.k.p.i.IntermediateProofReplayer Proof replay took 11.4ms 
52420      DEBUG main            d.u.i.k.p.r.p.TestFile    ... success: reloaded. 
52421      INFO  main            d.u.i.k.p.r.p.TestFile    Now processing file /home/runner/work/key/key/key.core/../key.ui/examples/heap/comprehensions/bsumSplit.key 
52421      INFO  main            d.u.i.k.p.i.AbstractProblemLoader Loading environment from /home/runner/work/key/key/key.core/../key.ui/examples/heap/comprehensions/bsumSplit.key 
52422      DEBUG main            d.u.i.k.p.i.AbstractProblemLoader Environment load took 326.31ns 
52423      INFO  main            d.u.i.k.p.i.AbstractProblemLoader Creating init config 
54817      DEBUG main            d.u.i.k.p.i.AbstractProblemLoader Init config took 2.39s 
54834      INFO  main            d.u.i.k.p.i.AbstractProblemLoader Replaying proof bsumSplit.key 
54835      DEBUG main            d.u.i.k.p.i.IntermediateProofReplayer Proof replay took 7.6ns 
54938      INFO  main            d.u.i.k.p.r.p.TestFile    ... finished proof: closed. 
55175      INFO  main            d.u.i.k.p.i.AbstractProblemLoader Loading environment from /home/runner/work/key/key/key.core/../key.ui/examples/heap/comprehensions/bsumSplit.key.proof 
55175      DEBUG main            d.u.i.k.p.i.AbstractProblemLoader Environment load took 120.2ns 
55177      INFO  main            d.u.i.k.p.i.AbstractProblemLoader Creating init config 
57525      DEBUG main            d.u.i.k.p.i.AbstractProblemLoader Init config took 2.35s 
57541      INFO  main            d.u.i.k.p.i.AbstractProblemLoader Replaying proof bsumSplit.key.proof 
57548      DEBUG main            d.u.i.k.p.i.IntermediateProofReplayer Proof replay took 4.31ms 
57549      DEBUG main            d.u.i.k.p.r.p.TestFile    ... success: reloaded. 
57550      INFO  main            d.u.i.k.p.r.p.TestFile    Now processing file /home/runner/work/key/key/key.core/../key.ui/examples/heap/comprehensions/bprodSplit.key 
57550      INFO  main            d.u.i.k.p.i.AbstractProblemLoader Loading environment from /home/runner/work/key/key/key.core/../key.ui/examples/heap/comprehensions/bprodSplit.key 
57551      DEBUG main            d.u.i.k.p.i.AbstractProblemLoader Environment load took 313.41ns 
57552      INFO  main            d.u.i.k.p.i.AbstractProblemLoader Creating init config 
59977      DEBUG main            d.u.i.k.p.i.AbstractProblemLoader Init config took 2.43s 
59993      INFO  main            d.u.i.k.p.i.AbstractProblemLoader Replaying proof bprodSplit.key 
59995      DEBUG main            d.u.i.k.p.i.IntermediateProofReplayer Proof replay took 6.5ns 
60098      INFO  main            d.u.i.k.p.r.p.TestFile    ... finished proof: closed. 
60279      INFO  main            d.u.i.k.p.i.AbstractProblemLoader Loading environment from /home/runner/work/key/key/key.core/../key.ui/examples/heap/comprehensions/bprodSplit.key.proof 
60279      DEBUG main            d.u.i.k.p.i.AbstractProblemLoader Environment load took 124.6ns 
60280      INFO  main            d.u.i.k.p.i.AbstractProblemLoader Creating init config 
62606      DEBUG main            d.u.i.k.p.i.AbstractProblemLoader Init config took 2.33s 
62622      INFO  main            d.u.i.k.p.i.AbstractProblemLoader Replaying proof bprodSplit.key.proof 
62626      DEBUG main            d.u.i.k.p.i.IntermediateProofReplayer Proof replay took 2.06ms 
62627      DEBUG main            d.u.i.k.p.r.p.TestFile    ... success: reloaded. 
62627      INFO  main            d.u.i.k.p.r.p.TestFile    Now processing file /home/runner/work/key/key/key.core/../key.ui/examples/heap/comprehensions/bsumSplitInvalid.key 
62628      INFO  main            d.u.i.k.p.i.AbstractProblemLoader Loading environment from /home/runner/work/key/key/key.core/../key.ui/examples/heap/comprehensions/bsumSplitInvalid.key 
62628      DEBUG main            d.u.i.k.p.i.AbstractProblemLoader Environment load took 107.4ns 
62629      INFO  main            d.u.i.k.p.i.AbstractProblemLoader Creating init config 
65016      DEBUG main            d.u.i.k.p.i.AbstractProblemLoader Init config took 2.39s 
65032      INFO  main            d.u.i.k.p.i.AbstractProblemLoader Replaying proof bsumSplitInvalid.key 
65033      DEBUG main            d.u.i.k.p.i.IntermediateProofReplayer Proof replay took 7.3ns 
65138      INFO  main            d.u.i.k.p.r.p.TestFile    ... finished proof: open goal(s) 
146933     INFO  Test worker     d.u.i.k.p.r.RunAllProofsTestUnit Returning from test comprehensions 
146934     INFO  Test worker     d.u.i.k.p.r.RunAllProofsTestUnit Running test performance 
353        INFO  Timeout watchdog d.u.i.k.p.r.p.ForkedTestFileRunner Timeout watcher launched (2000 secs.) 
354        WARN  main            d.u.i.k.s.ProofSettings   The settings in /home/runner/.key/proof-settings.props are *not* read. 
404        INFO  main            d.u.i.k.p.r.p.TestFile    Now processing file /home/runner/work/key/key/key.core/../key.ui/examples/performance-test/Disjoint(Disjoint__disjoint_08()).JML_operation_contract.0.key 
538        INFO  main            d.u.i.k.p.i.AbstractProblemLoader Loading environment from /home/runner/work/key/key/key.core/../key.ui/examples/performance-test/Disjoint(Disjoint__disjoint_08()).JML_operation_contract.0.key 
554        DEBUG main            d.u.i.k.p.i.AbstractProblemLoader Environment load took 2.45ms 
793        INFO  main            d.u.i.k.p.i.AbstractProblemLoader Creating init config 
1550       DEBUG main            d.u.i.k.j.TypeConverter   No LDT found for Meta 
1550       DEBUG main            d.u.i.k.j.TypeConverter   No LDT found for Meta 
1554       DEBUG main            d.u.i.k.j.TypeConverter   No LDT found for Meta 
1554       DEBUG main            d.u.i.k.j.TypeConverter   No LDT found for Meta 
2793       DEBUG main            d.u.i.k.j.TypeConverter   No LDT found for JavaBigintExpression 
8733       DEBUG main            d.u.i.k.j.r.ClassPreparationMethodBuilder clPrepBuilder: Inner Class detected. Reject building class initialisation methods. 
16637      DEBUG main            d.u.i.k.p.i.AbstractProblemLoader Init config took 15.84s 
16834      INFO  main            d.u.i.k.p.i.AbstractProblemLoader Replaying proof Disjoint[Disjoint::disjoint_8()].JML operation contract.0 
16908      DEBUG main            d.u.i.k.p.i.IntermediateProofReplayer Proof replay took 377.81ns 
19657      INFO  main            d.u.i.k.p.r.p.TestFile    ... finished proof: closed. 
19872      INFO  main            d.u.i.k.p.i.AbstractProblemLoader Loading environment from /home/runner/work/key/key/key.core/../key.ui/examples/performance-test/Disjoint(Disjoint__disjoint_08()).JML_operation_contract.0.key.proof 
19877      DEBUG main            d.u.i.k.p.i.AbstractProblemLoader Environment load took 4.91ms 
19881      INFO  main            d.u.i.k.p.i.AbstractProblemLoader Creating init config 
22916      DEBUG main            d.u.i.k.j.r.ClassPreparationMethodBuilder clPrepBuilder: Inner Class detected. Reject building class initialisation methods. 
29805      DEBUG main            d.u.i.k.p.i.AbstractProblemLoader Init config took 9.92s 
29932      INFO  main            d.u.i.k.p.i.AbstractProblemLoader Replaying proof Disjoint[Disjoint::disjoint_8()].JML operation contract.0 
30340      DEBUG main            d.u.i.k.p.i.IntermediateProofReplayer Proof replay took 386.52ms 
30348      DEBUG main            d.u.i.k.p.r.p.TestFile    ... success: reloaded. 
30350      INFO  main            d.u.i.k.p.r.p.TestFile    Now processing file /home/runner/work/key/key/key.core/../key.ui/examples/performance-test/Disjoint(Disjoint__disjoint2_08()).JML_operation_contract.0.key 
30351      INFO  main            d.u.i.k.p.i.AbstractProblemLoader Loading environment from /home/runner/work/key/key/key.core/../key.ui/examples/performance-test/Disjoint(Disjoint__disjoint2_08()).JML_operation_contract.0.key 
30352      DEBUG main            d.u.i.k.p.i.AbstractProblemLoader Environment load took 417.81ns 
30353      INFO  main            d.u.i.k.p.i.AbstractProblemLoader Creating init config 
33246      DEBUG main            d.u.i.k.j.r.ClassPreparationMethodBuilder clPrepBuilder: Inner Class detected. Reject building class initialisation methods. 
39930      DEBUG main            d.u.i.k.p.i.AbstractProblemLoader Init config took 9.58s 
40034      INFO  main            d.u.i.k.p.i.AbstractProblemLoader Replaying proof Disjoint[Disjoint::disjoint2_8()].JML operation contract.0 
40036      DEBUG main            d.u.i.k.p.i.IntermediateProofReplayer Proof replay took 10.2ns 
41142      INFO  main            d.u.i.k.p.r.p.TestFile    ... finished proof: closed. 
41413      INFO  main            d.u.i.k.p.i.AbstractProblemLoader Loading environment from /home/runner/work/key/key/key.core/../key.ui/examples/performance-test/Disjoint(Disjoint__disjoint2_08()).JML_operation_contract.0.key.proof 
41413      DEBUG main            d.u.i.k.p.i.AbstractProblemLoader Environment load took 163.7ns 
41414      INFO  main            d.u.i.k.p.i.AbstractProblemLoader Creating init config 
44255      DEBUG main            d.u.i.k.j.r.ClassPreparationMethodBuilder clPrepBuilder: Inner Class detected. Reject building class initialisation methods. 
50826      DEBUG main            d.u.i.k.p.i.AbstractProblemLoader Init config took 9.41s 
50926      INFO  main            d.u.i.k.p.i.AbstractProblemLoader Replaying proof Disjoint[Disjoint::disjoint2_8()].JML operation contract.0 
51072      DEBUG main            d.u.i.k.p.i.IntermediateProofReplayer Proof replay took 88.64ms 
51074      DEBUG main            d.u.i.k.p.r.p.TestFile    ... success: reloaded. 
51078      INFO  main            d.u.i.k.p.r.p.TestFile    Now processing file /home/runner/work/key/key/key.core/../key.ui/examples/performance-test/AccessChain1(AccessChain1__foo_08()).JML_operation_contract.0.key 
51079      INFO  main            d.u.i.k.p.i.AbstractProblemLoader Loading environment from /home/runner/work/key/key/key.core/../key.ui/examples/performance-test/AccessChain1(AccessChain1__foo_08()).JML_operation_contract.0.key 
51079      DEBUG main            d.u.i.k.p.i.AbstractProblemLoader Environment load took 371.51ns 
51081      INFO  main            d.u.i.k.p.i.AbstractProblemLoader Creating init config 
53897      DEBUG main            d.u.i.k.j.r.ClassPreparationMethodBuilder clPrepBuilder: Inner Class detected. Reject building class initialisation methods. 
60424      DEBUG main            d.u.i.k.p.i.AbstractProblemLoader Init config took 9.34s 
60517      INFO  main            d.u.i.k.p.i.AbstractProblemLoader Replaying proof AccessChain1[AccessChain1::foo_8()].JML operation contract.0 
60520      DEBUG main            d.u.i.k.p.i.IntermediateProofReplayer Proof replay took 10.8ns 
62978      INFO  main            d.u.i.k.p.r.p.TestFile    ... finished proof: closed. 
63329      INFO  main            d.u.i.k.p.i.AbstractProblemLoader Loading environment from /home/runner/work/key/key/key.core/../key.ui/examples/performance-test/AccessChain1(AccessChain1__foo_08()).JML_operation_contract.0.key.proof 
63332      DEBUG main            d.u.i.k.p.i.AbstractProblemLoader Environment load took 3.01ms 
63334      INFO  main            d.u.i.k.p.i.AbstractProblemLoader Creating init config 
66059      DEBUG main            d.u.i.k.j.r.ClassPreparationMethodBuilder clPrepBuilder: Inner Class detected. Reject building class initialisation methods. 
72544      DEBUG main            d.u.i.k.p.i.AbstractProblemLoader Init config took 9.21s 
72650      INFO  main            d.u.i.k.p.i.AbstractProblemLoader Replaying proof AccessChain1[AccessChain1::foo_8()].JML operation contract.0 
73156      DEBUG main            d.u.i.k.p.i.IntermediateProofReplayer Proof replay took 491.79ms 
73161      DEBUG main            d.u.i.k.p.r.p.TestFile    ... success: reloaded. 
73164      INFO  main            d.u.i.k.p.r.p.TestFile    Now processing file /home/runner/work/key/key/key.core/../key.ui/examples/performance-test/AccessChain4(AccessChain4__foo_08()).JML_operation_contract.0.key 
73164      INFO  main            d.u.i.k.p.i.AbstractProblemLoader Loading environment from /home/runner/work/key/key/key.core/../key.ui/examples/performance-test/AccessChain4(AccessChain4__foo_08()).JML_operation_contract.0.key 
73164      DEBUG main            d.u.i.k.p.i.AbstractProblemLoader Environment load took 274.91ns 
73166      INFO  main            d.u.i.k.p.i.AbstractProblemLoader Creating init config 
75981      DEBUG main            d.u.i.k.j.r.ClassPreparationMethodBuilder clPrepBuilder: Inner Class detected. Reject building class initialisation methods. 
82497      DEBUG main            d.u.i.k.p.i.AbstractProblemLoader Init config took 9.33s 
82593      INFO  main            d.u.i.k.p.i.AbstractProblemLoader Replaying proof AccessChain4[AccessChain4::foo_8()].JML operation contract.0 
82595      DEBUG main            d.u.i.k.p.i.IntermediateProofReplayer Proof replay took 12.1ns 
89294      INFO  main            d.u.i.k.p.r.p.TestFile    ... finished proof: closed. 
89665      INFO  main            d.u.i.k.p.i.AbstractProblemLoader Loading environment from /home/runner/work/key/key/key.core/../key.ui/examples/performance-test/AccessChain4(AccessChain4__foo_08()).JML_operation_contract.0.key.proof 
89677      DEBUG main            d.u.i.k.p.i.AbstractProblemLoader Environment load took 12.73ms 
89680      INFO  main            d.u.i.k.p.i.AbstractProblemLoader Creating init config 
92404      DEBUG main            d.u.i.k.j.r.ClassPreparationMethodBuilder clPrepBuilder: Inner Class detected. Reject building class initialisation methods. 
98868      DEBUG main            d.u.i.k.p.i.AbstractProblemLoader Init config took 9.19s 
98961      INFO  main            d.u.i.k.p.i.AbstractProblemLoader Replaying proof AccessChain4[AccessChain4::foo_8()].JML operation contract.0 
99953      DEBUG main            d.u.i.k.p.i.IntermediateProofReplayer Proof replay took 962.11ms 
99956      DEBUG main            d.u.i.k.p.r.p.TestFile    ... success: reloaded. 
99958      INFO  main            d.u.i.k.p.r.p.TestFile    Now processing file /home/runner/work/key/key/key.core/../key.ui/examples/performance-test/Disjoint(Disjoint__xZero_08()).JML_operation_contract.0.key 
99958      INFO  main            d.u.i.k.p.i.AbstractProblemLoader Loading environment from /home/runner/work/key/key/key.core/../key.ui/examples/performance-test/Disjoint(Disjoint__xZero_08()).JML_operation_contract.0.key 
99958      DEBUG main            d.u.i.k.p.i.AbstractProblemLoader Environment load took 211ns 
99959      INFO  main            d.u.i.k.p.i.AbstractProblemLoader Creating init config 
102822     DEBUG main            d.u.i.k.j.r.ClassPreparationMethodBuilder clPrepBuilder: Inner Class detected. Reject building class initialisation methods. 
109268     DEBUG main            d.u.i.k.p.i.AbstractProblemLoader Init config took 9.31s 
109368     INFO  main            d.u.i.k.p.i.AbstractProblemLoader Replaying proof Disjoint[Disjoint::xZero_8()].JML operation contract.0 
109370     DEBUG main            d.u.i.k.p.i.IntermediateProofReplayer Proof replay took 14.1ns 
110378     INFO  main            d.u.i.k.p.r.p.TestFile    ... finished proof: closed. 
110749     INFO  main            d.u.i.k.p.i.AbstractProblemLoader Loading environment from /home/runner/work/key/key/key.core/../key.ui/examples/performance-test/Disjoint(Disjoint__xZero_08()).JML_operation_contract.0.key.proof 
110749     DEBUG main            d.u.i.k.p.i.AbstractProblemLoader Environment load took 661.12ns 
110750     INFO  main            d.u.i.k.p.i.AbstractProblemLoader Creating init config 
113428     DEBUG main            d.u.i.k.j.r.ClassPreparationMethodBuilder clPrepBuilder: Inner Class detected. Reject building class initialisation methods. 
119818     DEBUG main            d.u.i.k.p.i.AbstractProblemLoader Init config took 9.07s 
119906     INFO  main            d.u.i.k.p.i.AbstractProblemLoader Replaying proof Disjoint[Disjoint::xZero_8()].JML operation contract.0 
120122     DEBUG main            d.u.i.k.p.i.IntermediateProofReplayer Proof replay took 209.78ms 
120124     DEBUG main            d.u.i.k.p.r.p.TestFile    ... success: reloaded. 
120126     INFO  main            d.u.i.k.p.r.p.TestFile    Now processing file /home/runner/work/key/key/key.core/../key.ui/examples/performance-test/Dynamic(Dynamic__foo_08()).JML_operation_contract.0.key 
120127     INFO  main            d.u.i.k.p.i.AbstractProblemLoader Loading environment from /home/runner/work/key/key/key.core/../key.ui/examples/performance-test/Dynamic(Dynamic__foo_08()).JML_operation_contract.0.key 
120127     DEBUG main            d.u.i.k.p.i.AbstractProblemLoader Environment load took 347.51ns 
120129     INFO  main            d.u.i.k.p.i.AbstractProblemLoader Creating init config 
122937     DEBUG main            d.u.i.k.j.r.ClassPreparationMethodBuilder clPrepBuilder: Inner Class detected. Reject building class initialisation methods. 
129367     DEBUG main            d.u.i.k.p.i.AbstractProblemLoader Init config took 9.24s 
129455     INFO  main            d.u.i.k.p.i.AbstractProblemLoader Replaying proof Dynamic[Dynamic::foo_8()].JML operation contract.0 
129458     DEBUG main            d.u.i.k.p.i.IntermediateProofReplayer Proof replay took 22.2ns 
135227     INFO  main            d.u.i.k.p.r.p.TestFile    ... finished proof: closed. 
135624     INFO  main            d.u.i.k.p.i.AbstractProblemLoader Loading environment from /home/runner/work/key/key/key.core/../key.ui/examples/performance-test/Dynamic(Dynamic__foo_08()).JML_operation_contract.0.key.proof 
135625     DEBUG main            d.u.i.k.p.i.AbstractProblemLoader Environment load took 631.62ns 
135627     INFO  main            d.u.i.k.p.i.AbstractProblemLoader Creating init config 
138328     DEBUG main            d.u.i.k.j.r.ClassPreparationMethodBuilder clPrepBuilder: Inner Class detected. Reject building class initialisation methods. 
144725     DEBUG main            d.u.i.k.p.i.AbstractProblemLoader Init config took 9.1s 
144810     INFO  main            d.u.i.k.p.i.AbstractProblemLoader Replaying proof Dynamic[Dynamic::foo_8()].JML operation contract.0 
145414     DEBUG main            d.u.i.k.p.i.IntermediateProofReplayer Proof replay took 584.01ms 
145416     DEBUG main            d.u.i.k.p.r.p.TestFile    ... success: reloaded. 
145417     INFO  main            d.u.i.k.p.r.p.TestFile    Now processing file /home/runner/work/key/key/key.core/../key.ui/examples/performance-test/DynamicGhost(DynamicGhost__dynamicGhost_08()).JML_normal_behavior_operation_contract.0.key 
145418     INFO  main            d.u.i.k.p.i.AbstractProblemLoader Loading environment from /home/runner/work/key/key/key.core/../key.ui/examples/performance-test/DynamicGhost(DynamicGhost__dynamicGhost_08()).JML_normal_behavior_operation_contract.0.key 
145418     DEBUG main            d.u.i.k.p.i.AbstractProblemLoader Environment load took 137.2ns 
145419     INFO  main            d.u.i.k.p.i.AbstractProblemLoader Creating init config 
148228     DEBUG main            d.u.i.k.j.r.ClassPreparationMethodBuilder clPrepBuilder: Inner Class detected. Reject building class initialisation methods. 
154662     DEBUG main            d.u.i.k.p.i.AbstractProblemLoader Init config took 9.24s 
154750     INFO  main            d.u.i.k.p.i.AbstractProblemLoader Replaying proof DynamicGhost[DynamicGhost::dynamicGhost_8()].JML normal_behavior operation contract.0 
154752     DEBUG main            d.u.i.k.p.i.IntermediateProofReplayer Proof replay took 11.7ns 
159170     INFO  main            d.u.i.k.p.r.p.TestFile    ... finished proof: closed. 
159597     INFO  main            d.u.i.k.p.i.AbstractProblemLoader Loading environment from /home/runner/work/key/key/key.core/../key.ui/examples/performance-test/DynamicGhost(DynamicGhost__dynamicGhost_08()).JML_normal_behavior_operation_contract.0.key.proof 
159598     DEBUG main            d.u.i.k.p.i.AbstractProblemLoader Environment load took 659.51ns 
159600     INFO  main            d.u.i.k.p.i.AbstractProblemLoader Creating init config 
162286     DEBUG main            d.u.i.k.j.r.ClassPreparationMethodBuilder clPrepBuilder: Inner Class detected. Reject building class initialisation methods. 
168678     DEBUG main            d.u.i.k.p.i.AbstractProblemLoader Init config took 9.08s 
168791     INFO  main            d.u.i.k.p.i.AbstractProblemLoader Replaying proof DynamicGhost[DynamicGhost::dynamicGhost_8()].JML normal_behavior operation contract.0 
169379     DEBUG main            d.u.i.k.p.i.IntermediateProofReplayer Proof replay took 569.18ms 
169382     DEBUG main            d.u.i.k.p.r.p.TestFile    ... success: reloaded. 
169384     INFO  main            d.u.i.k.p.r.p.TestFile    Now processing file /home/runner/work/key/key/key.core/../key.ui/examples/performance-test/GhostFrame(GhostFrame__foo_08()).JML_operation_contract.0.key 
169384     INFO  main            d.u.i.k.p.i.AbstractProblemLoader Loading environment from /home/runner/work/key/key/key.core/../key.ui/examples/performance-test/GhostFrame(GhostFrame__foo_08()).JML_operation_contract.0.key 
169384     DEBUG main            d.u.i.k.p.i.AbstractProblemLoader Environment load took 337.21ns 
169392     INFO  main            d.u.i.k.p.i.AbstractProblemLoader Creating init config 
172257     DEBUG main            d.u.i.k.j.r.ClassPreparationMethodBuilder clPrepBuilder: Inner Class detected. Reject building class initialisation methods. 
178695     DEBUG main            d.u.i.k.p.i.AbstractProblemLoader Init config took 9.3s 
178778     INFO  main            d.u.i.k.p.i.AbstractProblemLoader Replaying proof GhostFrame[GhostFrame::foo_8()].JML operation contract.0 
178780     DEBUG main            d.u.i.k.p.i.IntermediateProofReplayer Proof replay took 12.8ns 
180889     INFO  main            d.u.i.k.p.r.p.TestFile    ... finished proof: closed. 
181309     INFO  main            d.u.i.k.p.i.AbstractProblemLoader Loading environment from /home/runner/work/key/key/key.core/../key.ui/examples/performance-test/GhostFrame(GhostFrame__foo_08()).JML_operation_contract.0.key.proof 
181310     DEBUG main            d.u.i.k.p.i.AbstractProblemLoader Environment load took 411.31ns 
181311     INFO  main            d.u.i.k.p.i.AbstractProblemLoader Creating init config 
183985     DEBUG main            d.u.i.k.j.r.ClassPreparationMethodBuilder clPrepBuilder: Inner Class detected. Reject building class initialisation methods. 
190374     DEBUG main            d.u.i.k.p.i.AbstractProblemLoader Init config took 9.06s 
190464     INFO  main            d.u.i.k.p.i.AbstractProblemLoader Replaying proof GhostFrame[GhostFrame::foo_8()].JML operation contract.0 
190804     DEBUG main            d.u.i.k.p.i.IntermediateProofReplayer Proof replay took 328.91ms 
190806     DEBUG main            d.u.i.k.p.r.p.TestFile    ... success: reloaded. 
190807     INFO  main            d.u.i.k.p.r.p.TestFile    Now processing file /home/runner/work/key/key/key.core/../key.ui/examples/performance-test/Modelfield(Modelfield__foo_08()).JML_operation_contract.0.key 
190807     INFO  main            d.u.i.k.p.i.AbstractProblemLoader Loading environment from /home/runner/work/key/key/key.core/../key.ui/examples/performance-test/Modelfield(Modelfield__foo_08()).JML_operation_contract.0.key 
190807     DEBUG main            d.u.i.k.p.i.AbstractProblemLoader Environment load took 72.1ns 
190808     INFO  main            d.u.i.k.p.i.AbstractProblemLoader Creating init config 
193572     DEBUG main            d.u.i.k.j.r.ClassPreparationMethodBuilder clPrepBuilder: Inner Class detected. Reject building class initialisation methods. 
199985     DEBUG main            d.u.i.k.p.i.AbstractProblemLoader Init config took 9.18s 
200069     INFO  main            d.u.i.k.p.i.AbstractProblemLoader Replaying proof Modelfield[Modelfield::foo_8()].JML operation contract.0 
200070     DEBUG main            d.u.i.k.p.i.IntermediateProofReplayer Proof replay took 5.9ns 
203180     INFO  main            d.u.i.k.p.r.p.TestFile    ... finished proof: closed. 
203619     INFO  main            d.u.i.k.p.i.AbstractProblemLoader Loading environment from /home/runner/work/key/key/key.core/../key.ui/examples/performance-test/Modelfield(Modelfield__foo_08()).JML_operation_contract.0.key.proof 
203620     DEBUG main            d.u.i.k.p.i.AbstractProblemLoader Environment load took 656.22ns 
203622     INFO  main            d.u.i.k.p.i.AbstractProblemLoader Creating init config 
206283     DEBUG main            d.u.i.k.j.r.ClassPreparationMethodBuilder clPrepBuilder: Inner Class detected. Reject building class initialisation methods. 
212675     DEBUG main            d.u.i.k.p.i.AbstractProblemLoader Init config took 9.05s 
212758     INFO  main            d.u.i.k.p.i.AbstractProblemLoader Replaying proof Modelfield[Modelfield::foo_8()].JML operation contract.0 
213167     DEBUG main            d.u.i.k.p.i.IntermediateProofReplayer Proof replay took 396.36ms 
213169     DEBUG main            d.u.i.k.p.r.p.TestFile    ... success: reloaded. 
360274     INFO  Test worker     d.u.i.k.p.r.RunAllProofsTestUnit Returning from test performance 
360275     INFO  Test worker     d.u.i.k.p.r.RunAllProofsTestUnit Running test performancePOConstruction 
372        INFO  Timeout watchdog d.u.i.k.p.r.p.ForkedTestFileRunner Timeout watcher launched (2000 secs.) 
383        WARN  main            d.u.i.k.s.ProofSettings   The settings in /home/runner/.key/proof-settings.props are *not* read. 
415        INFO  main            d.u.i.k.p.r.p.TestFile    Now processing file /home/runner/work/key/key/key.core/../key.ui/examples/performance-test/Test(Test__a0(int)).JML_normal_behavior_operation_contract.0.key 
522        INFO  main            d.u.i.k.p.i.AbstractProblemLoader Loading environment from /home/runner/work/key/key/key.core/../key.ui/examples/performance-test/Test(Test__a0(int)).JML_normal_behavior_operation_contract.0.key 
538        DEBUG main            d.u.i.k.p.i.AbstractProblemLoader Environment load took 1.81ms 
758        INFO  main            d.u.i.k.p.i.AbstractProblemLoader Creating init config 
1501       DEBUG main            d.u.i.k.j.TypeConverter   No LDT found for Meta 
1505       DEBUG main            d.u.i.k.j.TypeConverter   No LDT found for Meta 
1508       DEBUG main            d.u.i.k.j.TypeConverter   No LDT found for Meta 
1509       DEBUG main            d.u.i.k.j.TypeConverter   No LDT found for Meta 
2513       DEBUG main            d.u.i.k.j.TypeConverter   No LDT found for JavaBigintExpression 
8278       DEBUG main            d.u.i.k.j.r.ClassPreparationMethodBuilder clPrepBuilder: Inner Class detected. Reject building class initialisation methods. 
16280      DEBUG main            d.u.i.k.p.i.AbstractProblemLoader Init config took 15.52s 
17385      INFO  main            d.u.i.k.p.i.AbstractProblemLoader Replaying proof Test[Test::a0(int)].JML normal_behavior operation contract.0 
17478      DEBUG main            d.u.i.k.p.i.IntermediateProofReplayer Proof replay took 34.2ns 
17931      INFO  main            d.u.i.k.p.r.p.TestFile    ... finished proof: closed. 
18114      INFO  main            d.u.i.k.p.i.AbstractProblemLoader Loading environment from /home/runner/work/key/key/key.core/../key.ui/examples/performance-test/Test(Test__a0(int)).JML_normal_behavior_operation_contract.0.key.proof 
18116      DEBUG main            d.u.i.k.p.i.AbstractProblemLoader Environment load took 2.37ms 
18119      INFO  main            d.u.i.k.p.i.AbstractProblemLoader Creating init config 
21161      DEBUG main            d.u.i.k.j.r.ClassPreparationMethodBuilder clPrepBuilder: Inner Class detected. Reject building class initialisation methods. 
28101      DEBUG main            d.u.i.k.p.i.AbstractProblemLoader Init config took 9.98s 
28989      INFO  main            d.u.i.k.p.i.AbstractProblemLoader Replaying proof Test[Test::a0(int)].JML normal_behavior operation contract.0 
29014      DEBUG main            d.u.i.k.p.i.IntermediateProofReplayer Proof replay took 20.6ms 
29022      DEBUG main            d.u.i.k.p.r.p.TestFile    ... success: reloaded. 
29023      INFO  main            d.u.i.k.p.r.p.TestFile    Now processing file /home/runner/work/key/key/key.core/../key.ui/examples/performance-test/Test(Test__a1(int)).JML_normal_behavior_operation_contract.0.key 
29024      INFO  main            d.u.i.k.p.i.AbstractProblemLoader Loading environment from /home/runner/work/key/key/key.core/../key.ui/examples/performance-test/Test(Test__a1(int)).JML_normal_behavior_operation_contract.0.key 
29024      DEBUG main            d.u.i.k.p.i.AbstractProblemLoader Environment load took 271.91ns 
29026      INFO  main            d.u.i.k.p.i.AbstractProblemLoader Creating init config 
31933      DEBUG main            d.u.i.k.j.r.ClassPreparationMethodBuilder clPrepBuilder: Inner Class detected. Reject building class initialisation methods. 
38725      DEBUG main            d.u.i.k.p.i.AbstractProblemLoader Init config took 9.7s 
39614      INFO  main            d.u.i.k.p.i.AbstractProblemLoader Replaying proof Test[Test::a1(int)].JML normal_behavior operation contract.0 
39617      DEBUG main            d.u.i.k.p.i.IntermediateProofReplayer Proof replay took 6.7ns 
39920      INFO  main            d.u.i.k.p.r.p.TestFile    ... finished proof: closed. 
40188      INFO  main            d.u.i.k.p.i.AbstractProblemLoader Loading environment from /home/runner/work/key/key/key.core/../key.ui/examples/performance-test/Test(Test__a1(int)).JML_normal_behavior_operation_contract.0.key.proof 
40193      DEBUG main            d.u.i.k.p.i.AbstractProblemLoader Environment load took 4.51ms 
40195      INFO  main            d.u.i.k.p.i.AbstractProblemLoader Creating init config 
43080      DEBUG main            d.u.i.k.j.r.ClassPreparationMethodBuilder clPrepBuilder: Inner Class detected. Reject building class initialisation methods. 
49777      DEBUG main            d.u.i.k.p.i.AbstractProblemLoader Init config took 9.58s 
50650      INFO  main            d.u.i.k.p.i.AbstractProblemLoader Replaying proof Test[Test::a1(int)].JML normal_behavior operation contract.0 
50765      DEBUG main            d.u.i.k.p.i.IntermediateProofReplayer Proof replay took 111.38ms 
50771      DEBUG main            d.u.i.k.p.r.p.TestFile    ... success: reloaded. 
50775      INFO  main            d.u.i.k.p.r.p.TestFile    Now processing file /home/runner/work/key/key/key.core/../key.ui/examples/performance-test/Test(Test__f1(int)).JML_normal_behavior_operation_contract.0.key 
50775      INFO  main            d.u.i.k.p.i.AbstractProblemLoader Loading environment from /home/runner/work/key/key/key.core/../key.ui/examples/performance-test/Test(Test__f1(int)).JML_normal_behavior_operation_contract.0.key 
50778      DEBUG main            d.u.i.k.p.i.AbstractProblemLoader Environment load took 2.55ms 
50780      INFO  main            d.u.i.k.p.i.AbstractProblemLoader Creating init config 
53641      DEBUG main            d.u.i.k.j.r.ClassPreparationMethodBuilder clPrepBuilder: Inner Class detected. Reject building class initialisation methods. 
60407      DEBUG main            d.u.i.k.p.i.AbstractProblemLoader Init config took 9.63s 
61281      INFO  main            d.u.i.k.p.i.AbstractProblemLoader Replaying proof Test[Test::f1(int)].JML normal_behavior operation contract.0 
61283      DEBUG main            d.u.i.k.p.i.IntermediateProofReplayer Proof replay took 6.6ns 
61488      INFO  main            d.u.i.k.p.r.p.TestFile    ... finished proof: closed. 
61795      INFO  main            d.u.i.k.p.i.AbstractProblemLoader Loading environment from /home/runner/work/key/key/key.core/../key.ui/examples/performance-test/Test(Test__f1(int)).JML_normal_behavior_operation_contract.0.key.proof 
61798      DEBUG main            d.u.i.k.p.i.AbstractProblemLoader Environment load took 2.29ms 
61799      INFO  main            d.u.i.k.p.i.AbstractProblemLoader Creating init config 
64657      DEBUG main            d.u.i.k.j.r.ClassPreparationMethodBuilder clPrepBuilder: Inner Class detected. Reject building class initialisation methods. 
71324      DEBUG main            d.u.i.k.p.i.AbstractProblemLoader Init config took 9.52s 
72196      INFO  main            d.u.i.k.p.i.AbstractProblemLoader Replaying proof Test[Test::f1(int)].JML normal_behavior operation contract.0 
72262      DEBUG main            d.u.i.k.p.i.IntermediateProofReplayer Proof replay took 63.06ms 
72264      DEBUG main            d.u.i.k.p.r.p.TestFile    ... success: reloaded. 
432706     INFO  Test worker     d.u.i.k.p.r.RunAllProofsTestUnit Returning from test performancePOConstruction 
432707     INFO  Test worker     d.u.i.k.p.r.RunAllProofsTestUnit Running test applicationRestrictions 
364        INFO  Timeout watchdog d.u.i.k.p.r.p.ForkedTestFileRunner Timeout watcher launched (2000 secs.) 
371        WARN  main            d.u.i.k.s.ProofSettings   The settings in /home/runner/.key/proof-settings.props are *not* read. 
417        INFO  main            d.u.i.k.p.r.p.TestFile    Now processing file /home/runner/work/key/key/key.core/../key.ui/examples/heap/polarity_tests/wellformed1.key 
543        INFO  main            d.u.i.k.p.i.AbstractProblemLoader Loading environment from /home/runner/work/key/key/key.core/../key.ui/examples/heap/polarity_tests/wellformed1.key 
565        DEBUG main            d.u.i.k.p.i.AbstractProblemLoader Environment load took 2.27ms 
827        INFO  main            d.u.i.k.p.i.AbstractProblemLoader Creating init config 
1660       DEBUG main            d.u.i.k.j.TypeConverter   No LDT found for Meta 
1660       DEBUG main            d.u.i.k.j.TypeConverter   No LDT found for Meta 
1661       DEBUG main            d.u.i.k.j.TypeConverter   No LDT found for Meta 
1661       DEBUG main            d.u.i.k.j.TypeConverter   No LDT found for Meta 
2931       DEBUG main            d.u.i.k.j.TypeConverter   No LDT found for JavaBigintExpression 
8486       DEBUG main            d.u.i.k.p.i.AbstractProblemLoader Init config took 7.66s 
8546       INFO  main            d.u.i.k.p.i.AbstractProblemLoader Replaying proof wellformed1.key 
8580       DEBUG main            d.u.i.k.p.i.IntermediateProofReplayer Proof replay took 39.9ns 
8741       INFO  main            d.u.i.k.p.r.p.TestFile    ... finished proof: closed. 
8847       INFO  main            d.u.i.k.p.i.AbstractProblemLoader Loading environment from /home/runner/work/key/key/key.core/../key.ui/examples/heap/polarity_tests/wellformed1.key.proof 
8847       DEBUG main            d.u.i.k.p.i.AbstractProblemLoader Environment load took 152.9ns 
8854       INFO  main            d.u.i.k.p.i.AbstractProblemLoader Creating init config 
11715      DEBUG main            d.u.i.k.p.i.AbstractProblemLoader Init config took 2.86s 
11745      INFO  main            d.u.i.k.p.i.AbstractProblemLoader Replaying proof wellformed1.key.proof 
11751      DEBUG main            d.u.i.k.p.i.IntermediateProofReplayer Proof replay took 2.78ms 
11762      DEBUG main            d.u.i.k.p.r.p.TestFile    ... success: reloaded. 
11764      INFO  main            d.u.i.k.p.r.p.TestFile    Now processing file /home/runner/work/key/key/key.core/../key.ui/examples/heap/polarity_tests/wellformed2.key 
11764      INFO  main            d.u.i.k.p.i.AbstractProblemLoader Loading environment from /home/runner/work/key/key/key.core/../key.ui/examples/heap/polarity_tests/wellformed2.key 
11764      DEBUG main            d.u.i.k.p.i.AbstractProblemLoader Environment load took 286.31ns 
11766      INFO  main            d.u.i.k.p.i.AbstractProblemLoader Creating init config 
14485      DEBUG main            d.u.i.k.p.i.AbstractProblemLoader Init config took 2.72s 
14513      INFO  main            d.u.i.k.p.i.AbstractProblemLoader Replaying proof wellformed2.key 
14515      DEBUG main            d.u.i.k.p.i.IntermediateProofReplayer Proof replay took 5.8ns 
14617      INFO  main            d.u.i.k.p.r.p.TestFile    ... finished proof: open goal(s) 
14735      INFO  main            d.u.i.k.p.r.p.TestFile    Now processing file /home/runner/work/key/key/key.core/../key.ui/examples/heap/polarity_tests/wellformed3.key 
14735      INFO  main            d.u.i.k.p.i.AbstractProblemLoader Loading environment from /home/runner/work/key/key/key.core/../key.ui/examples/heap/polarity_tests/wellformed3.key 
14735      DEBUG main            d.u.i.k.p.i.AbstractProblemLoader Environment load took 87.5ns 
14737      INFO  main            d.u.i.k.p.i.AbstractProblemLoader Creating init config 
17397      DEBUG main            d.u.i.k.p.i.AbstractProblemLoader Init config took 2.66s 
17419      INFO  main            d.u.i.k.p.i.AbstractProblemLoader Replaying proof wellformed3.key 
17421      DEBUG main            d.u.i.k.p.i.IntermediateProofReplayer Proof replay took 6.7ns 
17524      INFO  main            d.u.i.k.p.r.p.TestFile    ... finished proof: closed. 
17677      INFO  main            d.u.i.k.p.i.AbstractProblemLoader Loading environment from /home/runner/work/key/key/key.core/../key.ui/examples/heap/polarity_tests/wellformed3.key.proof 
17677      DEBUG main            d.u.i.k.p.i.AbstractProblemLoader Environment load took 134.8ns 
17678      INFO  main            d.u.i.k.p.i.AbstractProblemLoader Creating init config 
20236      DEBUG main            d.u.i.k.p.i.AbstractProblemLoader Init config took 2.56s 
20258      INFO  main            d.u.i.k.p.i.AbstractProblemLoader Replaying proof wellformed3.key.proof 
20263      DEBUG main            d.u.i.k.p.i.IntermediateProofReplayer Proof replay took 2.19ms 
20264      DEBUG main            d.u.i.k.p.r.p.TestFile    ... success: reloaded. 
20265      INFO  main            d.u.i.k.p.r.p.TestFile    Now processing file /home/runner/work/key/key/key.core/../key.ui/examples/heap/polarity_tests/wellformed4.key 
20266      INFO  main            d.u.i.k.p.i.AbstractProblemLoader Loading environment from /home/runner/work/key/key/key.core/../key.ui/examples/heap/polarity_tests/wellformed4.key 
20266      DEBUG main            d.u.i.k.p.i.AbstractProblemLoader Environment load took 263.91ns 
20268      INFO  main            d.u.i.k.p.i.AbstractProblemLoader Creating init config 
22829      DEBUG main            d.u.i.k.p.i.AbstractProblemLoader Init config took 2.56s 
22849      INFO  main            d.u.i.k.p.i.AbstractProblemLoader Replaying proof wellformed4.key 
22850      DEBUG main            d.u.i.k.p.i.IntermediateProofReplayer Proof replay took 6.1ns 
22954      INFO  main            d.u.i.k.p.r.p.TestFile    ... finished proof: open goal(s) 
23087      INFO  main            d.u.i.k.p.r.p.TestFile    Now processing file /home/runner/work/key/key/key.core/../key.ui/examples/heap/polarity_tests/wellformed5.key 
23087      INFO  main            d.u.i.k.p.i.AbstractProblemLoader Loading environment from /home/runner/work/key/key/key.core/../key.ui/examples/heap/polarity_tests/wellformed5.key 
23087      DEBUG main            d.u.i.k.p.i.AbstractProblemLoader Environment load took 72.6ns 
23089      INFO  main            d.u.i.k.p.i.AbstractProblemLoader Creating init config 
25594      DEBUG main            d.u.i.k.p.i.AbstractProblemLoader Init config took 2.51s 
25615      INFO  main            d.u.i.k.p.i.AbstractProblemLoader Replaying proof wellformed5.key 
25617      DEBUG main            d.u.i.k.p.i.IntermediateProofReplayer Proof replay took 7.3ns 
25721      INFO  main            d.u.i.k.p.r.p.TestFile    ... finished proof: closed. 
25845      INFO  main            d.u.i.k.p.i.AbstractProblemLoader Loading environment from /home/runner/work/key/key/key.core/../key.ui/examples/heap/polarity_tests/wellformed5.key.proof 
25845      DEBUG main            d.u.i.k.p.i.AbstractProblemLoader Environment load took 129.9ns 
25846      INFO  main            d.u.i.k.p.i.AbstractProblemLoader Creating init config 
28357      DEBUG main            d.u.i.k.p.i.AbstractProblemLoader Init config took 2.51s 
28377      INFO  main            d.u.i.k.p.i.AbstractProblemLoader Replaying proof wellformed5.key.proof 
28386      DEBUG main            d.u.i.k.p.i.IntermediateProofReplayer Proof replay took 5.46ms 
28387      DEBUG main            d.u.i.k.p.r.p.TestFile    ... success: reloaded. 
28388      INFO  main            d.u.i.k.p.r.p.TestFile    Now processing file /home/runner/work/key/key/key.core/../key.ui/examples/heap/polarity_tests/wellformed6.key 
28388      INFO  main            d.u.i.k.p.i.AbstractProblemLoader Loading environment from /home/runner/work/key/key/key.core/../key.ui/examples/heap/polarity_tests/wellformed6.key 
28389      DEBUG main            d.u.i.k.p.i.AbstractProblemLoader Environment load took 108ns 
28389      INFO  main            d.u.i.k.p.i.AbstractProblemLoader Creating init config 
30903      DEBUG main            d.u.i.k.p.i.AbstractProblemLoader Init config took 2.51s 
30922      INFO  main            d.u.i.k.p.i.AbstractProblemLoader Replaying proof wellformed6.key 
30923      DEBUG main            d.u.i.k.p.i.IntermediateProofReplayer Proof replay took 6.3ns 
31029      INFO  main            d.u.i.k.p.r.p.TestFile    ... finished proof: open goal(s) 
31170      INFO  main            d.u.i.k.p.r.p.TestFile    Now processing file /home/runner/work/key/key/key.core/../key.ui/examples/heap/polarity_tests/wellformed7.key 
31170      INFO  main            d.u.i.k.p.i.AbstractProblemLoader Loading environment from /home/runner/work/key/key/key.core/../key.ui/examples/heap/polarity_tests/wellformed7.key 
31170      DEBUG main            d.u.i.k.p.i.AbstractProblemLoader Environment load took 72.6ns 
31171      INFO  main            d.u.i.k.p.i.AbstractProblemLoader Creating init config 
33685      DEBUG main            d.u.i.k.p.i.AbstractProblemLoader Init config took 2.51s 
33715      INFO  main            d.u.i.k.p.i.AbstractProblemLoader Replaying proof wellformed7.key 
33717      DEBUG main            d.u.i.k.p.i.IntermediateProofReplayer Proof replay took 7.2ns 
33821      INFO  main            d.u.i.k.p.r.p.TestFile    ... finished proof: closed. 
33949      INFO  main            d.u.i.k.p.i.AbstractProblemLoader Loading environment from /home/runner/work/key/key/key.core/../key.ui/examples/heap/polarity_tests/wellformed7.key.proof 
33949      DEBUG main            d.u.i.k.p.i.AbstractProblemLoader Environment load took 133.9ns 
33950      INFO  main            d.u.i.k.p.i.AbstractProblemLoader Creating init config 
36465      DEBUG main            d.u.i.k.p.i.AbstractProblemLoader Init config took 2.52s 
36483      INFO  main            d.u.i.k.p.i.AbstractProblemLoader Replaying proof wellformed7.key.proof 
36486      DEBUG main            d.u.i.k.p.i.IntermediateProofReplayer Proof replay took 1.49ms 
36488      DEBUG main            d.u.i.k.p.r.p.TestFile    ... success: reloaded. 
36488      INFO  main            d.u.i.k.p.r.p.TestFile    Now processing file /home/runner/work/key/key/key.core/../key.ui/examples/heap/polarity_tests/wellformed8.key 
36489      INFO  main            d.u.i.k.p.i.AbstractProblemLoader Loading environment from /home/runner/work/key/key/key.core/../key.ui/examples/heap/polarity_tests/wellformed8.key 
36489      DEBUG main            d.u.i.k.p.i.AbstractProblemLoader Environment load took 234ns 
36490      INFO  main            d.u.i.k.p.i.AbstractProblemLoader Creating init config 
38988      DEBUG main            d.u.i.k.p.i.AbstractProblemLoader Init config took 2.5s 
39004      INFO  main            d.u.i.k.p.i.AbstractProblemLoader Replaying proof wellformed8.key 
39008      DEBUG main            d.u.i.k.p.i.IntermediateProofReplayer Proof replay took 7.7ns 
39111      INFO  main            d.u.i.k.p.r.p.TestFile    ... finished proof: open goal(s) 
39259      INFO  main            d.u.i.k.p.r.p.TestFile    Now processing file /home/runner/work/key/key/key.core/../key.ui/examples/heap/polarity_tests/wellformed9.key 
39259      INFO  main            d.u.i.k.p.i.AbstractProblemLoader Loading environment from /home/runner/work/key/key/key.core/../key.ui/examples/heap/polarity_tests/wellformed9.key 
39259      DEBUG main            d.u.i.k.p.i.AbstractProblemLoader Environment load took 75.4ns 
39260      INFO  main            d.u.i.k.p.i.AbstractProblemLoader Creating init config 
41761      DEBUG main            d.u.i.k.p.i.AbstractProblemLoader Init config took 2.5s 
41779      INFO  main            d.u.i.k.p.i.AbstractProblemLoader Replaying proof wellformed9.key 
41780      DEBUG main            d.u.i.k.p.i.IntermediateProofReplayer Proof replay took 7.5ns 
41883      INFO  main            d.u.i.k.p.r.p.TestFile    ... finished proof: closed. 
42053      INFO  main            d.u.i.k.p.i.AbstractProblemLoader Loading environment from /home/runner/work/key/key/key.core/../key.ui/examples/heap/polarity_tests/wellformed9.key.proof 
42053      DEBUG main            d.u.i.k.p.i.AbstractProblemLoader Environment load took 131.9ns 
42055      INFO  main            d.u.i.k.p.i.AbstractProblemLoader Creating init config 
44528      DEBUG main            d.u.i.k.p.i.AbstractProblemLoader Init config took 2.47s 
44545      INFO  main            d.u.i.k.p.i.AbstractProblemLoader Replaying proof wellformed9.key.proof 
44548      DEBUG main            d.u.i.k.p.i.IntermediateProofReplayer Proof replay took 1.53ms 
44549      DEBUG main            d.u.i.k.p.r.p.TestFile    ... success: reloaded. 
44550      INFO  main            d.u.i.k.p.r.p.TestFile    Now processing file /home/runner/work/key/key/key.core/../key.ui/examples/heap/polarity_tests/wellformed10.key 
44550      INFO  main            d.u.i.k.p.i.AbstractProblemLoader Loading environment from /home/runner/work/key/key/key.core/../key.ui/examples/heap/polarity_tests/wellformed10.key 
44550      DEBUG main            d.u.i.k.p.i.AbstractProblemLoader Environment load took 114ns 
44551      INFO  main            d.u.i.k.p.i.AbstractProblemLoader Creating init config 
47073      DEBUG main            d.u.i.k.p.i.AbstractProblemLoader Init config took 2.52s 
47090      INFO  main            d.u.i.k.p.i.AbstractProblemLoader Replaying proof wellformed10.key 
47091      DEBUG main            d.u.i.k.p.i.IntermediateProofReplayer Proof replay took 7.9ns 
47198      INFO  main            d.u.i.k.p.r.p.TestFile    ... finished proof: open goal(s) 
47381      INFO  main            d.u.i.k.p.r.p.TestFile    Now processing file /home/runner/work/key/key/key.core/../key.ui/examples/heap/polarity_tests/wellformed11.key 
47381      INFO  main            d.u.i.k.p.i.AbstractProblemLoader Loading environment from /home/runner/work/key/key/key.core/../key.ui/examples/heap/polarity_tests/wellformed11.key 
47381      DEBUG main            d.u.i.k.p.i.AbstractProblemLoader Environment load took 75.8ns 
47382      INFO  main            d.u.i.k.p.i.AbstractProblemLoader Creating init config 
49830      DEBUG main            d.u.i.k.p.i.AbstractProblemLoader Init config took 2.45s 
49846      INFO  main            d.u.i.k.p.i.AbstractProblemLoader Replaying proof wellformed11.key 
49847      DEBUG main            d.u.i.k.p.i.IntermediateProofReplayer Proof replay took 6.6ns 
49953      INFO  main            d.u.i.k.p.r.p.TestFile    ... finished proof: open goal(s) 
482975     INFO  Test worker     d.u.i.k.p.r.RunAllProofsTestUnit Returning from test applicationRestrictions 
482976     INFO  Test worker     d.u.i.k.p.r.RunAllProofsTestUnit Running test blockContracts 
333        INFO  Timeout watchdog d.u.i.k.p.r.p.ForkedTestFileRunner Timeout watcher launched (2000 secs.) 
348        WARN  main            d.u.i.k.s.ProofSettings   The settings in /home/runner/.key/proof-settings.props are *not* read. 
379        INFO  main            d.u.i.k.p.r.p.TestFile    Now processing file /home/runner/work/key/key/key.core/../key.ui/examples/heap/block_contracts/Simple__add.key 
509        INFO  main            d.u.i.k.p.i.AbstractProblemLoader Loading environment from /home/runner/work/key/key/key.core/../key.ui/examples/heap/block_contracts/Simple__add.key 
525        DEBUG main            d.u.i.k.p.i.AbstractProblemLoader Environment load took 1.95ms 
748        INFO  main            d.u.i.k.p.i.AbstractProblemLoader Creating init config 
1564       DEBUG main            d.u.i.k.j.TypeConverter   No LDT found for Meta 
1564       DEBUG main            d.u.i.k.j.TypeConverter   No LDT found for Meta 
1572       DEBUG main            d.u.i.k.j.TypeConverter   No LDT found for Meta 
1572       DEBUG main            d.u.i.k.j.TypeConverter   No LDT found for Meta 
2731       DEBUG main            d.u.i.k.j.TypeConverter   No LDT found for JavaBigintExpression 
9157       DEBUG main            d.u.i.k.p.i.AbstractProblemLoader Init config took 8.41s 
9278       INFO  main            d.u.i.k.p.i.AbstractProblemLoader Replaying proof Simple[Simple::add(int,int)].JML operation contract.0 
9360       DEBUG main            d.u.i.k.p.i.IntermediateProofReplayer Proof replay took 336.41ns 
10100      INFO  main            d.u.i.k.p.r.p.TestFile    ... finished proof: closed. 
10211      INFO  main            d.u.i.k.p.i.AbstractProblemLoader Loading environment from /home/runner/work/key/key/key.core/../key.ui/examples/heap/block_contracts/Simple__add.key.proof 
10212      DEBUG main            d.u.i.k.p.i.AbstractProblemLoader Environment load took 147.8ns 
10216      INFO  main            d.u.i.k.p.i.AbstractProblemLoader Creating init config 
13648      DEBUG main            d.u.i.k.p.i.AbstractProblemLoader Init config took 3.43s 
13711      INFO  main            d.u.i.k.p.i.AbstractProblemLoader Replaying proof Simple[Simple::add(int,int)].JML operation contract.0 
13790      DEBUG main            d.u.i.k.p.i.IntermediateProofReplayer Proof replay took 74.48ms 
13797      DEBUG main            d.u.i.k.p.r.p.TestFile    ... success: reloaded. 
13799      INFO  main            d.u.i.k.p.r.p.TestFile    Now processing file /home/runner/work/key/key/key.core/../key.ui/examples/heap/block_contracts/Simple__addAbsoluteValues.key 
13799      INFO  main            d.u.i.k.p.i.AbstractProblemLoader Loading environment from /home/runner/work/key/key/key.core/../key.ui/examples/heap/block_contracts/Simple__addAbsoluteValues.key 
13799      DEBUG main            d.u.i.k.p.i.AbstractProblemLoader Environment load took 255.91ns 
13801      INFO  main            d.u.i.k.p.i.AbstractProblemLoader Creating init config 
17054      DEBUG main            d.u.i.k.p.i.AbstractProblemLoader Init config took 3.25s 
17117      INFO  main            d.u.i.k.p.i.AbstractProblemLoader Replaying proof Simple[Simple::addAbsoluteValues(int,int)].JML normal_behavior operation contract.0 
17121      DEBUG main            d.u.i.k.p.i.IntermediateProofReplayer Proof replay took 15.4ns 
18336      INFO  main            d.u.i.k.p.r.p.TestFile    ... finished proof: closed. 
18558      INFO  main            d.u.i.k.p.i.AbstractProblemLoader Loading environment from /home/runner/work/key/key/key.core/../key.ui/examples/heap/block_contracts/Simple__addAbsoluteValues.key.proof 
18559      DEBUG main            d.u.i.k.p.i.AbstractProblemLoader Environment load took 696.52ns 
18560      INFO  main            d.u.i.k.p.i.AbstractProblemLoader Creating init config 
21708      DEBUG main            d.u.i.k.p.i.AbstractProblemLoader Init config took 3.15s 
21761      INFO  main            d.u.i.k.p.i.AbstractProblemLoader Replaying proof Simple[Simple::addAbsoluteValues(int,int)].JML normal_behavior operation contract.0 
21934      DEBUG main            d.u.i.k.p.i.IntermediateProofReplayer Proof replay took 165.58ms 
21936      DEBUG main            d.u.i.k.p.r.p.TestFile    ... success: reloaded. 
21938      INFO  main            d.u.i.k.p.r.p.TestFile    Now processing file /home/runner/work/key/key/key.core/../key.ui/examples/heap/block_contracts/Simple__addWithJump.key 
21938      INFO  main            d.u.i.k.p.i.AbstractProblemLoader Loading environment from /home/runner/work/key/key/key.core/../key.ui/examples/heap/block_contracts/Simple__addWithJump.key 
21938      DEBUG main            d.u.i.k.p.i.AbstractProblemLoader Environment load took 245.61ns 
21940      INFO  main            d.u.i.k.p.i.AbstractProblemLoader Creating init config 
25067      DEBUG main            d.u.i.k.p.i.AbstractProblemLoader Init config took 3.13s 
25115      INFO  main            d.u.i.k.p.i.AbstractProblemLoader Replaying proof Simple[Simple::addWithJump(int,int,int)].JML operation contract.0 
25118      DEBUG main            d.u.i.k.p.i.IntermediateProofReplayer Proof replay took 24.3ns 
25321      INFO  main            d.u.i.k.p.r.p.TestFile    ... finished proof: closed. 
25501      INFO  main            d.u.i.k.p.i.AbstractProblemLoader Loading environment from /home/runner/work/key/key/key.core/../key.ui/examples/heap/block_contracts/Simple__addWithJump.key.proof 
25501      DEBUG main            d.u.i.k.p.i.AbstractProblemLoader Environment load took 141.5ns 
25502      INFO  main            d.u.i.k.p.i.AbstractProblemLoader Creating init config 
28545      DEBUG main            d.u.i.k.p.i.AbstractProblemLoader Init config took 3.04s 
28596      INFO  main            d.u.i.k.p.i.AbstractProblemLoader Replaying proof Simple[Simple::addWithJump(int,int,int)].JML operation contract.0 
28638      DEBUG main            d.u.i.k.p.i.IntermediateProofReplayer Proof replay took 39.46ms 
28640      DEBUG main            d.u.i.k.p.r.p.TestFile    ... success: reloaded. 
28642      INFO  main            d.u.i.k.p.r.p.TestFile    Now processing file /home/runner/work/key/key/key.core/../key.ui/examples/heap/block_contracts/Simple__addWithTwoBlockContracts.key 
28642      INFO  main            d.u.i.k.p.i.AbstractProblemLoader Loading environment from /home/runner/work/key/key/key.core/../key.ui/examples/heap/block_contracts/Simple__addWithTwoBlockContracts.key 
28642      DEBUG main            d.u.i.k.p.i.AbstractProblemLoader Environment load took 241ns 
28643      INFO  main            d.u.i.k.p.i.AbstractProblemLoader Creating init config 
31734      DEBUG main            d.u.i.k.p.i.AbstractProblemLoader Init config took 3.09s 
31793      INFO  main            d.u.i.k.p.i.AbstractProblemLoader Replaying proof Simple[Simple::addWithTwoBlockContracts(int,int,int)].JML operation contract.0 
31796      DEBUG main            d.u.i.k.p.i.IntermediateProofReplayer Proof replay took 12.9ns 
31999      INFO  main            d.u.i.k.p.r.p.TestFile    ... finished proof: closed. 
32172      INFO  main            d.u.i.k.p.i.AbstractProblemLoader Loading environment from /home/runner/work/key/key/key.core/../key.ui/examples/heap/block_contracts/Simple__addWithTwoBlockContracts.key.proof 
32172      DEBUG main            d.u.i.k.p.i.AbstractProblemLoader Environment load took 131ns 
32174      INFO  main            d.u.i.k.p.i.AbstractProblemLoader Creating init config 
35163      DEBUG main            d.u.i.k.p.i.AbstractProblemLoader Init config took 2.99s 
35224      INFO  main            d.u.i.k.p.i.AbstractProblemLoader Replaying proof Simple[Simple::addWithTwoBlockContracts(int,int,int)].JML operation contract.0 
35281      DEBUG main            d.u.i.k.p.i.IntermediateProofReplayer Proof replay took 53.83ms 
35282      DEBUG main            d.u.i.k.p.r.p.TestFile    ... success: reloaded. 
35284      INFO  main            d.u.i.k.p.r.p.TestFile    Now processing file /home/runner/work/key/key/key.core/../key.ui/examples/heap/block_contracts/Simple__generateByteArray.key 
35285      INFO  main            d.u.i.k.p.i.AbstractProblemLoader Loading environment from /home/runner/work/key/key/key.core/../key.ui/examples/heap/block_contracts/Simple__generateByteArray.key 
35285      DEBUG main            d.u.i.k.p.i.AbstractProblemLoader Environment load took 297.31ns 
35286      INFO  main            d.u.i.k.p.i.AbstractProblemLoader Creating init config 
38374      DEBUG main            d.u.i.k.p.i.AbstractProblemLoader Init config took 3.09s 
38440      INFO  main            d.u.i.k.p.i.AbstractProblemLoader Replaying proof Simple[Simple::generateByteArray()].JML normal_behavior operation contract.0 
38443      DEBUG main            d.u.i.k.p.i.IntermediateProofReplayer Proof replay took 13.2ns 
40555      INFO  main            d.u.i.k.p.r.p.TestFile    ... finished proof: closed. 
40791      INFO  main            d.u.i.k.p.i.AbstractProblemLoader Loading environment from /home/runner/work/key/key/key.core/../key.ui/examples/heap/block_contracts/Simple__generateByteArray.key.proof 
40792      DEBUG main            d.u.i.k.p.i.AbstractProblemLoader Environment load took 570.41ns 
40795      INFO  main            d.u.i.k.p.i.AbstractProblemLoader Creating init config 
43843      DEBUG main            d.u.i.k.p.i.AbstractProblemLoader Init config took 3.05s 
43885      INFO  main            d.u.i.k.p.i.AbstractProblemLoader Replaying proof Simple[Simple::generateByteArray()].JML normal_behavior operation contract.0 
44166      DEBUG main            d.u.i.k.p.i.IntermediateProofReplayer Proof replay took 267ms 
44167      DEBUG main            d.u.i.k.p.r.p.TestFile    ... success: reloaded. 
44168      INFO  main            d.u.i.k.p.r.p.TestFile    Now processing file /home/runner/work/key/key/key.core/../key.ui/examples/heap/block_contracts/Simple__getLength.key 
44169      INFO  main            d.u.i.k.p.i.AbstractProblemLoader Loading environment from /home/runner/work/key/key/key.core/../key.ui/examples/heap/block_contracts/Simple__getLength.key 
44169      DEBUG main            d.u.i.k.p.i.AbstractProblemLoader Environment load took 89.8ns 
44170      INFO  main            d.u.i.k.p.i.AbstractProblemLoader Creating init config 
47209      DEBUG main            d.u.i.k.p.i.AbstractProblemLoader Init config took 3.04s 
47261      INFO  main            d.u.i.k.p.i.AbstractProblemLoader Replaying proof Simple[Simple::getLength()].JML normal_behavior operation contract.0 
47264      DEBUG main            d.u.i.k.p.i.IntermediateProofReplayer Proof replay took 12.7ns 
47366      INFO  main            d.u.i.k.p.r.p.TestFile    ... finished proof: closed. 
47576      INFO  main            d.u.i.k.p.i.AbstractProblemLoader Loading environment from /home/runner/work/key/key/key.core/../key.ui/examples/heap/block_contracts/Simple__getLength.key.proof 
47576      DEBUG main            d.u.i.k.p.i.AbstractProblemLoader Environment load took 150.4ns 
47577      INFO  main            d.u.i.k.p.i.AbstractProblemLoader Creating init config 
50566      DEBUG main            d.u.i.k.p.i.AbstractProblemLoader Init config took 2.99s 
50607      INFO  main            d.u.i.k.p.i.AbstractProblemLoader Replaying proof Simple[Simple::getLength()].JML normal_behavior operation contract.0 
50616      DEBUG main            d.u.i.k.p.i.IntermediateProofReplayer Proof replay took 7.05ms 
50617      DEBUG main            d.u.i.k.p.r.p.TestFile    ... success: reloaded. 
50619      INFO  main            d.u.i.k.p.r.p.TestFile    Now processing file /home/runner/work/key/key/key.core/../key.ui/examples/heap/block_contracts/Simple__square.key 
50619      INFO  main            d.u.i.k.p.i.AbstractProblemLoader Loading environment from /home/runner/work/key/key/key.core/../key.ui/examples/heap/block_contracts/Simple__square.key 
50620      DEBUG main            d.u.i.k.p.i.AbstractProblemLoader Environment load took 240.6ns 
50621      INFO  main            d.u.i.k.p.i.AbstractProblemLoader Creating init config 
53649      DEBUG main            d.u.i.k.p.i.AbstractProblemLoader Init config took 3.03s 
53689      INFO  main            d.u.i.k.p.i.AbstractProblemLoader Replaying proof Simple[Simple::square(int)].JML operation contract.0 
53692      DEBUG main            d.u.i.k.p.i.IntermediateProofReplayer Proof replay took 12.8ns 
53994      INFO  main            d.u.i.k.p.r.p.TestFile    ... finished proof: closed. 
54186      INFO  main            d.u.i.k.p.i.AbstractProblemLoader Loading environment from /home/runner/work/key/key/key.core/../key.ui/examples/heap/block_contracts/Simple__square.key.proof 
54187      DEBUG main            d.u.i.k.p.i.AbstractProblemLoader Environment load took 127ns 
54188      INFO  main            d.u.i.k.p.i.AbstractProblemLoader Creating init config 
57197      DEBUG main            d.u.i.k.p.i.AbstractProblemLoader Init config took 3.01s 
57238      INFO  main            d.u.i.k.p.i.AbstractProblemLoader Replaying proof Simple[Simple::square(int)].JML operation contract.0 
57330      DEBUG main            d.u.i.k.p.i.IntermediateProofReplayer Proof replay took 89.1ms 
57331      DEBUG main            d.u.i.k.p.r.p.TestFile    ... success: reloaded. 
57332      INFO  main            d.u.i.k.p.r.p.TestFile    Now processing file /home/runner/work/key/key/key.core/../key.ui/examples/heap/block_contracts/Simple__unnecessaryBlockContract.key 
57333      INFO  main            d.u.i.k.p.i.AbstractProblemLoader Loading environment from /home/runner/work/key/key/key.core/../key.ui/examples/heap/block_contracts/Simple__unnecessaryBlockContract.key 
57333      DEBUG main            d.u.i.k.p.i.AbstractProblemLoader Environment load took 170ns 
57334      INFO  main            d.u.i.k.p.i.AbstractProblemLoader Creating init config 
60320      DEBUG main            d.u.i.k.p.i.AbstractProblemLoader Init config took 2.99s 
60359      INFO  main            d.u.i.k.p.i.AbstractProblemLoader Replaying proof Simple[Simple::unnecessaryBlockContract()].JML operation contract.0 
60361      DEBUG main            d.u.i.k.p.i.IntermediateProofReplayer Proof replay took 13.8ns 
60463      INFO  main            d.u.i.k.p.r.p.TestFile    ... finished proof: closed. 
60673      INFO  main            d.u.i.k.p.i.AbstractProblemLoader Loading environment from /home/runner/work/key/key/key.core/../key.ui/examples/heap/block_contracts/Simple__unnecessaryBlockContract.key.proof 
60674      DEBUG main            d.u.i.k.p.i.AbstractProblemLoader Environment load took 135.7ns 
60675      INFO  main            d.u.i.k.p.i.AbstractProblemLoader Creating init config 
63665      DEBUG main            d.u.i.k.p.i.AbstractProblemLoader Init config took 2.99s 
63713      INFO  main            d.u.i.k.p.i.AbstractProblemLoader Replaying proof Simple[Simple::unnecessaryBlockContract()].JML operation contract.0 
63742      DEBUG main            d.u.i.k.p.i.IntermediateProofReplayer Proof replay took 25.23ms 
63743      DEBUG main            d.u.i.k.p.r.p.TestFile    ... success: reloaded. 
63745      INFO  main            d.u.i.k.p.r.p.TestFile    Now processing file /home/runner/work/key/key/key.core/../key.ui/examples/heap/block_contracts/Simple__unnecessaryLoopInvariant.key 
63747      INFO  main            d.u.i.k.p.i.AbstractProblemLoader Loading environment from /home/runner/work/key/key/key.core/../key.ui/examples/heap/block_contracts/Simple__unnecessaryLoopInvariant.key 
63747      DEBUG main            d.u.i.k.p.i.AbstractProblemLoader Environment load took 472.31ns 
63749      INFO  main            d.u.i.k.p.i.AbstractProblemLoader Creating init config 
66715      DEBUG main            d.u.i.k.p.i.AbstractProblemLoader Init config took 2.97s 
66753      INFO  main            d.u.i.k.p.i.AbstractProblemLoader Replaying proof Simple[Simple::unnecessaryLoopInvariant()].JML operation contract.0 
66755      DEBUG main            d.u.i.k.p.i.IntermediateProofReplayer Proof replay took 14.1ns 
66858      INFO  main            d.u.i.k.p.r.p.TestFile    ... finished proof: closed. 
67072      INFO  main            d.u.i.k.p.i.AbstractProblemLoader Loading environment from /home/runner/work/key/key/key.core/../key.ui/examples/heap/block_contracts/Simple__unnecessaryLoopInvariant.key.proof 
67072      DEBUG main            d.u.i.k.p.i.AbstractProblemLoader Environment load took 116.1ns 
67073      INFO  main            d.u.i.k.p.i.AbstractProblemLoader Creating init config 
70019      DEBUG main            d.u.i.k.p.i.AbstractProblemLoader Init config took 2.95s 
70057      INFO  main            d.u.i.k.p.i.AbstractProblemLoader Replaying proof Simple[Simple::unnecessaryLoopInvariant()].JML operation contract.0 
70070      DEBUG main            d.u.i.k.p.i.IntermediateProofReplayer Proof replay took 11.44ms 
70071      DEBUG main            d.u.i.k.p.r.p.TestFile    ... success: reloaded. 
70073      INFO  main            d.u.i.k.p.r.p.TestFile    Now processing file /home/runner/work/key/key/key.core/../key.ui/examples/standard_key/java_dl/jml-assert/assert.key 
70073      INFO  main            d.u.i.k.p.i.AbstractProblemLoader Loading environment from /home/runner/work/key/key/key.core/../key.ui/examples/standard_key/java_dl/jml-assert/assert.key 
70073      DEBUG main            d.u.i.k.p.i.AbstractProblemLoader Environment load took 242.01ns 
70074      INFO  main            d.u.i.k.p.i.AbstractProblemLoader Creating init config 
72692      DEBUG main            d.u.i.k.p.i.AbstractProblemLoader Init config took 2.62s 
72732      INFO  main            d.u.i.k.p.i.AbstractProblemLoader Replaying proof Assert[Assert::createArray(int)].JML normal_behavior operation contract.0 
72733      DEBUG main            d.u.i.k.p.i.IntermediateProofReplayer Proof replay took 6.6ns 
72966      INFO  main            d.u.i.k.p.r.p.TestFile    ... finished proof: closed. 
73148      INFO  main            d.u.i.k.p.i.AbstractProblemLoader Loading environment from /home/runner/work/key/key/key.core/../key.ui/examples/standard_key/java_dl/jml-assert/assert.key.proof 
73148      DEBUG main            d.u.i.k.p.i.AbstractProblemLoader Environment load took 120.2ns 
73150      INFO  main            d.u.i.k.p.i.AbstractProblemLoader Creating init config 
75739      DEBUG main            d.u.i.k.p.i.AbstractProblemLoader Init config took 2.59s 
75775      INFO  main            d.u.i.k.p.i.AbstractProblemLoader Replaying proof Assert[Assert::createArray(int)].JML normal_behavior operation contract.0 
75821      DEBUG main            d.u.i.k.p.i.IntermediateProofReplayer Proof replay took 43.03ms 
75822      DEBUG main            d.u.i.k.p.r.p.TestFile    ... success: reloaded. 
75823      INFO  main            d.u.i.k.p.r.p.TestFile    Now processing file /home/runner/work/key/key/key.core/../key.ui/examples/standard_key/java_dl/jml-assert/assert_assume_order.key 
75823      INFO  main            d.u.i.k.p.i.AbstractProblemLoader Loading environment from /home/runner/work/key/key/key.core/../key.ui/examples/standard_key/java_dl/jml-assert/assert_assume_order.key 
75824      DEBUG main            d.u.i.k.p.i.AbstractProblemLoader Environment load took 114.9ns 
75824      INFO  main            d.u.i.k.p.i.AbstractProblemLoader Creating init config 
78483      DEBUG main            d.u.i.k.p.i.AbstractProblemLoader Init config took 2.66s 
78520      INFO  main            d.u.i.k.p.i.AbstractProblemLoader Replaying proof AssertAssume[AssertAssume::singleAssumeAssert(int)].JML normal_behavior operation contract.0 
78522      DEBUG main            d.u.i.k.p.i.IntermediateProofReplayer Proof replay took 7.9ns 
78624      INFO  main            d.u.i.k.p.r.p.TestFile    ... finished proof: closed. 
78827      INFO  main            d.u.i.k.p.i.AbstractProblemLoader Loading environment from /home/runner/work/key/key/key.core/../key.ui/examples/standard_key/java_dl/jml-assert/assert_assume_order.key.proof 
78827      DEBUG main            d.u.i.k.p.i.AbstractProblemLoader Environment load took 113.5ns 
78829      INFO  main            d.u.i.k.p.i.AbstractProblemLoader Creating init config 
81369      DEBUG main            d.u.i.k.p.i.AbstractProblemLoader Init config took 2.54s 
81405      INFO  main            d.u.i.k.p.i.AbstractProblemLoader Replaying proof AssertAssume[AssertAssume::singleAssumeAssert(int)].JML normal_behavior operation contract.0 
81414      DEBUG main            d.u.i.k.p.i.IntermediateProofReplayer Proof replay took 7.41ms 
81415      DEBUG main            d.u.i.k.p.r.p.TestFile    ... success: reloaded. 
81416      INFO  main            d.u.i.k.p.r.p.TestFile    Now processing file /home/runner/work/key/key/key.core/../key.ui/examples/heap/block_loop_contracts/SimpleVariants/sum_onBlock_external.key 
81417      INFO  main            d.u.i.k.p.i.AbstractProblemLoader Loading environment from /home/runner/work/key/key/key.core/../key.ui/examples/heap/block_loop_contracts/SimpleVariants/sum_onBlock_external.key 
81417      DEBUG main            d.u.i.k.p.i.AbstractProblemLoader Environment load took 122.6ns 
81418      INFO  main            d.u.i.k.p.i.AbstractProblemLoader Creating init config 
84347      DEBUG main            d.u.i.k.p.i.AbstractProblemLoader Init config took 2.93s 
84388      INFO  main            d.u.i.k.p.i.AbstractProblemLoader Replaying proof LoopContractExamplesAll[LoopContractExamplesAll::sum_loopContract_onBlock([I)].JML normal_behavior operation contract.0 
84391      DEBUG main            d.u.i.k.p.i.IntermediateProofReplayer Proof replay took 13.3ns 
84494      INFO  main            d.u.i.k.p.r.p.TestFile    ... finished proof: closed. 
84716      INFO  main            d.u.i.k.p.i.AbstractProblemLoader Loading environment from /home/runner/work/key/key/key.core/../key.ui/examples/heap/block_loop_contracts/SimpleVariants/sum_onBlock_external.key.proof 
84716      DEBUG main            d.u.i.k.p.i.AbstractProblemLoader Environment load took 119.7ns 
84718      INFO  main            d.u.i.k.p.i.AbstractProblemLoader Creating init config 
87479      DEBUG main            d.u.i.k.p.i.AbstractProblemLoader Init config took 2.76s 
87514      INFO  main            d.u.i.k.p.i.AbstractProblemLoader Replaying proof LoopContractExamplesAll[LoopContractExamplesAll::sum_loopContract_onBlock([I)].JML normal_behavior operation contract.0 
87549      DEBUG main            d.u.i.k.p.i.IntermediateProofReplayer Proof replay took 32.51ms 
87550      DEBUG main            d.u.i.k.p.r.p.TestFile    ... success: reloaded. 
87551      INFO  main            d.u.i.k.p.r.p.TestFile    Now processing file /home/runner/work/key/key/key.core/../key.ui/examples/heap/block_loop_contracts/SimpleVariants/sum_onBlock_internal.key 
87551      INFO  main            d.u.i.k.p.i.AbstractProblemLoader Loading environment from /home/runner/work/key/key/key.core/../key.ui/examples/heap/block_loop_contracts/SimpleVariants/sum_onBlock_internal.key 
87551      DEBUG main            d.u.i.k.p.i.AbstractProblemLoader Environment load took 99.2ns 
87552      INFO  main            d.u.i.k.p.i.AbstractProblemLoader Creating init config 
90397      DEBUG main            d.u.i.k.p.i.AbstractProblemLoader Init config took 2.85s 
90444      INFO  main            d.u.i.k.p.i.AbstractProblemLoader Replaying proof LoopContractExamplesAll[LoopContractExamplesAll::sum_loopContract_onBlock([I)].JML normal_behavior operation contract.0 
90446      DEBUG main            d.u.i.k.p.i.IntermediateProofReplayer Proof replay took 14.2ns 
91156      INFO  main            d.u.i.k.p.r.p.TestFile    ... finished proof: closed. 
91422      INFO  main            d.u.i.k.p.i.AbstractProblemLoader Loading environment from /home/runner/work/key/key/key.core/../key.ui/examples/heap/block_loop_contracts/SimpleVariants/sum_onBlock_internal.key.proof 
91422      DEBUG main            d.u.i.k.p.i.AbstractProblemLoader Environment load took 665.01ns 
91424      INFO  main            d.u.i.k.p.i.AbstractProblemLoader Creating init config 
94170      DEBUG main            d.u.i.k.p.i.AbstractProblemLoader Init config took 2.75s 
94204      INFO  main            d.u.i.k.p.i.AbstractProblemLoader Replaying proof LoopContractExamplesAll[LoopContractExamplesAll::sum_loopContract_onBlock([I)].JML normal_behavior operation contract.0 
94467      DEBUG main            d.u.i.k.p.i.IntermediateProofReplayer Proof replay took 259.82ms 
94468      DEBUG main            d.u.i.k.p.r.p.TestFile    ... success: reloaded. 
94469      INFO  main            d.u.i.k.p.r.p.TestFile    Now processing file /home/runner/work/key/key/key.core/../key.ui/examples/heap/block_loop_contracts/SimpleVariants/sum_onBlock_loop.key 
94469      INFO  main            d.u.i.k.p.i.AbstractProblemLoader Loading environment from /home/runner/work/key/key/key.core/../key.ui/examples/heap/block_loop_contracts/SimpleVariants/sum_onBlock_loop.key 
94469      DEBUG main            d.u.i.k.p.i.AbstractProblemLoader Environment load took 105.4ns 
94470      INFO  main            d.u.i.k.p.i.AbstractProblemLoader Creating init config 
97279      DEBUG main            d.u.i.k.p.i.AbstractProblemLoader Init config took 2.81s 
97316      INFO  main            d.u.i.k.p.i.AbstractProblemLoader Replaying proof LoopContractExamplesAll[LoopContractExamplesAll::sum_loopContract_onBlock([I)].JML normal_behavior loop contract.0 
97318      DEBUG main            d.u.i.k.p.i.IntermediateProofReplayer Proof replay took 13.3ns 
98123      INFO  main            d.u.i.k.p.r.p.TestFile    ... finished proof: closed. 
98388      INFO  main            d.u.i.k.p.i.AbstractProblemLoader Loading environment from /home/runner/work/key/key/key.core/../key.ui/examples/heap/block_loop_contracts/SimpleVariants/sum_onBlock_loop.key.proof 
98390      DEBUG main            d.u.i.k.p.i.AbstractProblemLoader Environment load took 1.52ms 
98391      INFO  main            d.u.i.k.p.i.AbstractProblemLoader Creating init config 
101116     DEBUG main            d.u.i.k.p.i.AbstractProblemLoader Init config took 2.73s 
101151     INFO  main            d.u.i.k.p.i.AbstractProblemLoader Replaying proof LoopContractExamplesAll[LoopContractExamplesAll::sum_loopContract_onBlock([I)].JML normal_behavior loop contract.0 
101396     DEBUG main            d.u.i.k.p.i.IntermediateProofReplayer Proof replay took 240.99ms 
101397     DEBUG main            d.u.i.k.p.r.p.TestFile    ... success: reloaded. 
101398     INFO  main            d.u.i.k.p.r.p.TestFile    Now processing file /home/runner/work/key/key/key.core/../key.ui/examples/heap/block_loop_contracts/SimpleVariants/sum_onLoop_external.key 
101399     INFO  main            d.u.i.k.p.i.AbstractProblemLoader Loading environment from /home/runner/work/key/key/key.core/../key.ui/examples/heap/block_loop_contracts/SimpleVariants/sum_onLoop_external.key 
101399     DEBUG main            d.u.i.k.p.i.AbstractProblemLoader Environment load took 236ns 
101400     INFO  main            d.u.i.k.p.i.AbstractProblemLoader Creating init config 
104257     DEBUG main            d.u.i.k.p.i.AbstractProblemLoader Init config took 2.86s 
104291     INFO  main            d.u.i.k.p.i.AbstractProblemLoader Replaying proof LoopContractExamplesAll[LoopContractExamplesAll::sum_loopContract_onLoop([I)].JML normal_behavior operation contract.0 
104292     DEBUG main            d.u.i.k.p.i.IntermediateProofReplayer Proof replay took 12.9ns 
104394     INFO  main            d.u.i.k.p.r.p.TestFile    ... finished proof: closed. 
104662     INFO  main            d.u.i.k.p.i.AbstractProblemLoader Loading environment from /home/runner/work/key/key/key.core/../key.ui/examples/heap/block_loop_contracts/SimpleVariants/sum_onLoop_external.key.proof 
104662     DEBUG main            d.u.i.k.p.i.AbstractProblemLoader Environment load took 119.1ns 
104663     INFO  main            d.u.i.k.p.i.AbstractProblemLoader Creating init config 
107400     DEBUG main            d.u.i.k.p.i.AbstractProblemLoader Init config took 2.74s 
107433     INFO  main            d.u.i.k.p.i.AbstractProblemLoader Replaying proof LoopContractExamplesAll[LoopContractExamplesAll::sum_loopContract_onLoop([I)].JML normal_behavior operation contract.0 
107476     DEBUG main            d.u.i.k.p.i.IntermediateProofReplayer Proof replay took 40.76ms 
107477     DEBUG main            d.u.i.k.p.r.p.TestFile    ... success: reloaded. 
107478     INFO  main            d.u.i.k.p.r.p.TestFile    Now processing file /home/runner/work/key/key/key.core/../key.ui/examples/heap/block_loop_contracts/SimpleVariants/sum_onLoop_internal.key 
107478     INFO  main            d.u.i.k.p.i.AbstractProblemLoader Loading environment from /home/runner/work/key/key/key.core/../key.ui/examples/heap/block_loop_contracts/SimpleVariants/sum_onLoop_internal.key 
107478     DEBUG main            d.u.i.k.p.i.AbstractProblemLoader Environment load took 90.6ns 
107479     INFO  main            d.u.i.k.p.i.AbstractProblemLoader Creating init config 
110296     DEBUG main            d.u.i.k.p.i.AbstractProblemLoader Init config took 2.82s 
110330     INFO  main            d.u.i.k.p.i.AbstractProblemLoader Replaying proof LoopContractExamplesAll[LoopContractExamplesAll::sum_loopContract_onLoop([I)].JML normal_behavior operation contract.0 
110331     DEBUG main            d.u.i.k.p.i.IntermediateProofReplayer Proof replay took 12.5ns 
110935     INFO  main            d.u.i.k.p.r.p.TestFile    ... finished proof: closed. 
111244     INFO  main            d.u.i.k.p.i.AbstractProblemLoader Loading environment from /home/runner/work/key/key/key.core/../key.ui/examples/heap/block_loop_contracts/SimpleVariants/sum_onLoop_internal.key.proof 
111244     DEBUG main            d.u.i.k.p.i.AbstractProblemLoader Environment load took 116.5ns 
111245     INFO  main            d.u.i.k.p.i.AbstractProblemLoader Creating init config 
113976     DEBUG main            d.u.i.k.p.i.AbstractProblemLoader Init config took 2.73s 
114012     INFO  main            d.u.i.k.p.i.AbstractProblemLoader Replaying proof LoopContractExamplesAll[LoopContractExamplesAll::sum_loopContract_onLoop([I)].JML normal_behavior operation contract.0 
114254     DEBUG main            d.u.i.k.p.i.IntermediateProofReplayer Proof replay took 238.59ms 
114255     DEBUG main            d.u.i.k.p.r.p.TestFile    ... success: reloaded. 
114256     INFO  main            d.u.i.k.p.r.p.TestFile    Now processing file /home/runner/work/key/key/key.core/../key.ui/examples/heap/block_loop_contracts/SimpleVariants/sum_onLoop_loop.key 
114257     INFO  main            d.u.i.k.p.i.AbstractProblemLoader Loading environment from /home/runner/work/key/key/key.core/../key.ui/examples/heap/block_loop_contracts/SimpleVariants/sum_onLoop_loop.key 
114257     DEBUG main            d.u.i.k.p.i.AbstractProblemLoader Environment load took 233.41ns 
114258     INFO  main            d.u.i.k.p.i.AbstractProblemLoader Creating init config 
117081     DEBUG main            d.u.i.k.p.i.AbstractProblemLoader Init config took 2.82s 
117116     INFO  main            d.u.i.k.p.i.AbstractProblemLoader Replaying proof LoopContractExamplesAll[LoopContractExamplesAll::sum_loopContract_onLoop([I)].JML normal_behavior loop contract.0 
117118     DEBUG main            d.u.i.k.p.i.IntermediateProofReplayer Proof replay took 13.1ns 
117931     INFO  main            d.u.i.k.p.r.p.TestFile    ... finished proof: closed. 
118208     INFO  main            d.u.i.k.p.i.AbstractProblemLoader Loading environment from /home/runner/work/key/key/key.core/../key.ui/examples/heap/block_loop_contracts/SimpleVariants/sum_onLoop_loop.key.proof 
118208     DEBUG main            d.u.i.k.p.i.AbstractProblemLoader Environment load took 134.4ns 
118209     INFO  main            d.u.i.k.p.i.AbstractProblemLoader Creating init config 
120932     DEBUG main            d.u.i.k.p.i.AbstractProblemLoader Init config took 2.72s 
120966     INFO  main            d.u.i.k.p.i.AbstractProblemLoader Replaying proof LoopContractExamplesAll[LoopContractExamplesAll::sum_loopContract_onLoop([I)].JML normal_behavior loop contract.0 
121237     DEBUG main            d.u.i.k.p.i.IntermediateProofReplayer Proof replay took 267.23ms 
121238     DEBUG main            d.u.i.k.p.r.p.TestFile    ... success: reloaded. 
121239     INFO  main            d.u.i.k.p.r.p.TestFile    Now processing file /home/runner/work/key/key/key.core/../key.ui/examples/heap/block_loop_contracts/Free/blockContracts0.key 
121240     INFO  main            d.u.i.k.p.i.AbstractProblemLoader Loading environment from /home/runner/work/key/key/key.core/../key.ui/examples/heap/block_loop_contracts/Free/blockContracts0.key 
121240     DEBUG main            d.u.i.k.p.i.AbstractProblemLoader Environment load took 112.5ns 
121240     INFO  main            d.u.i.k.p.i.AbstractProblemLoader Creating init config 
123685     DEBUG main            d.u.i.k.p.i.AbstractProblemLoader Init config took 2.44s 
123718     INFO  main            d.u.i.k.p.i.AbstractProblemLoader Replaying proof FreeConditions[FreeConditions::blockContract0()].JML normal_behavior operation contract.0 
123719     DEBUG main            d.u.i.k.p.i.IntermediateProofReplayer Proof replay took 12.3ns 
123822     INFO  main            d.u.i.k.p.r.p.TestFile    ... finished proof: closed. 
124082     INFO  main            d.u.i.k.p.i.AbstractProblemLoader Loading environment from /home/runner/work/key/key/key.core/../key.ui/examples/heap/block_loop_contracts/Free/blockContracts0.key.proof 
124082     DEBUG main            d.u.i.k.p.i.AbstractProblemLoader Environment load took 114.3ns 
124083     INFO  main            d.u.i.k.p.i.AbstractProblemLoader Creating init config 
126473     DEBUG main            d.u.i.k.p.i.AbstractProblemLoader Init config took 2.39s 
126506     INFO  main            d.u.i.k.p.i.AbstractProblemLoader Replaying proof FreeConditions[FreeConditions::blockContract0()].JML normal_behavior operation contract.0 
126527     DEBUG main            d.u.i.k.p.i.IntermediateProofReplayer Proof replay took 19.56ms 
126528     DEBUG main            d.u.i.k.p.r.p.TestFile    ... success: reloaded. 
126529     INFO  main            d.u.i.k.p.r.p.TestFile    Now processing file /home/runner/work/key/key/key.core/../key.ui/examples/heap/block_loop_contracts/Free/blockContracts1.key 
126529     INFO  main            d.u.i.k.p.i.AbstractProblemLoader Loading environment from /home/runner/work/key/key/key.core/../key.ui/examples/heap/block_loop_contracts/Free/blockContracts1.key 
126529     DEBUG main            d.u.i.k.p.i.AbstractProblemLoader Environment load took 95.2ns 
126530     INFO  main            d.u.i.k.p.i.AbstractProblemLoader Creating init config 
128968     DEBUG main            d.u.i.k.p.i.AbstractProblemLoader Init config took 2.44s 
129000     INFO  main            d.u.i.k.p.i.AbstractProblemLoader Replaying proof FreeConditions[FreeConditions::blockContract1()].JML normal_behavior operation contract.0 
129002     DEBUG main            d.u.i.k.p.i.IntermediateProofReplayer Proof replay took 12.7ns 
129104     INFO  main            d.u.i.k.p.r.p.TestFile    ... finished proof: closed. 
129364     INFO  main            d.u.i.k.p.i.AbstractProblemLoader Loading environment from /home/runner/work/key/key/key.core/../key.ui/examples/heap/block_loop_contracts/Free/blockContracts1.key.proof 
129364     DEBUG main            d.u.i.k.p.i.AbstractProblemLoader Environment load took 118.9ns 
129365     INFO  main            d.u.i.k.p.i.AbstractProblemLoader Creating init config 
131746     DEBUG main            d.u.i.k.p.i.AbstractProblemLoader Init config took 2.38s 
131778     INFO  main            d.u.i.k.p.i.AbstractProblemLoader Replaying proof FreeConditions[FreeConditions::blockContract1()].JML normal_behavior operation contract.0 
131803     DEBUG main            d.u.i.k.p.i.IntermediateProofReplayer Proof replay took 22.7ms 
131804     DEBUG main            d.u.i.k.p.r.p.TestFile    ... success: reloaded. 
131805     INFO  main            d.u.i.k.p.r.p.TestFile    Now processing file /home/runner/work/key/key/key.core/../key.ui/examples/heap/block_loop_contracts/Finally/block_finally.key 
131806     INFO  main            d.u.i.k.p.i.AbstractProblemLoader Loading environment from /home/runner/work/key/key/key.core/../key.ui/examples/heap/block_loop_contracts/Finally/block_finally.key 
131806     DEBUG main            d.u.i.k.p.i.AbstractProblemLoader Environment load took 232.91ns 
131807     INFO  main            d.u.i.k.p.i.AbstractProblemLoader Creating init config 
134291     DEBUG main            d.u.i.k.p.i.AbstractProblemLoader Init config took 2.48s 
134325     INFO  main            d.u.i.k.p.i.AbstractProblemLoader Replaying proof AuxiliaryContractsFinally[AuxiliaryContractsFinally::breakThrowContinueBlockContract(java.lang.Exception)].JML block contract.0 
134327     DEBUG main            d.u.i.k.p.i.IntermediateProofReplayer Proof replay took 12.2ns 
134831     INFO  main            d.u.i.k.p.r.p.TestFile    ... finished proof: open goal(s) 
135114     INFO  main            d.u.i.k.p.r.p.TestFile    Now processing file /home/runner/work/key/key/key.core/../key.ui/examples/heap/block_loop_contracts/Finally/loop_finally.key 
135115     INFO  main            d.u.i.k.p.i.AbstractProblemLoader Loading environment from /home/runner/work/key/key/key.core/../key.ui/examples/heap/block_loop_contracts/Finally/loop_finally.key 
135115     DEBUG main            d.u.i.k.p.i.AbstractProblemLoader Environment load took 127.7ns 
135116     INFO  main            d.u.i.k.p.i.AbstractProblemLoader Creating init config 
137520     DEBUG main            d.u.i.k.p.i.AbstractProblemLoader Init config took 2.4s 
137556     INFO  main            d.u.i.k.p.i.AbstractProblemLoader Replaying proof AuxiliaryContractsFinally[AuxiliaryContractsFinally::breakThrowContinueLoopContract(java.lang.Exception)].JML normal_behavior loop contract.0 
137558     DEBUG main            d.u.i.k.p.i.IntermediateProofReplayer Proof replay took 22.6ns 
138170     INFO  main            d.u.i.k.p.r.p.TestFile    ... finished proof: open goal(s) 
621596     INFO  Test worker     d.u.i.k.p.r.RunAllProofsTestUnit Returning from test blockContracts 
621597     INFO  Test worker     d.u.i.k.p.r.RunAllProofsTestUnit Running test jmlAsserts 
358        INFO  Timeout watchdog d.u.i.k.p.r.p.ForkedTestFileRunner Timeout watcher launched (2000 secs.) 
375        WARN  main            d.u.i.k.s.ProofSettings   The settings in /home/runner/.key/proof-settings.props are *not* read. 
403        INFO  main            d.u.i.k.p.r.p.TestFile    Now processing file /home/runner/work/key/key/key.core/../key.ui/examples/standard_key/java_dl/jml-assert/assert.key 
509        INFO  main            d.u.i.k.p.i.AbstractProblemLoader Loading environment from /home/runner/work/key/key/key.core/../key.ui/examples/standard_key/java_dl/jml-assert/assert.key 
536        DEBUG main            d.u.i.k.p.i.AbstractProblemLoader Environment load took 2.14ms 
759        INFO  main            d.u.i.k.p.i.AbstractProblemLoader Creating init config 
1487       DEBUG main            d.u.i.k.j.TypeConverter   No LDT found for Meta 
1489       DEBUG main            d.u.i.k.j.TypeConverter   No LDT found for Meta 
1490       DEBUG main            d.u.i.k.j.TypeConverter   No LDT found for Meta 
1491       DEBUG main            d.u.i.k.j.TypeConverter   No LDT found for Meta 
2815       DEBUG main            d.u.i.k.j.TypeConverter   No LDT found for JavaBigintExpression 
8486       DEBUG main            d.u.i.k.p.i.AbstractProblemLoader Init config took 7.73s 
8610       INFO  main            d.u.i.k.p.i.AbstractProblemLoader Replaying proof Assert[Assert::createArray(int)].JML normal_behavior operation contract.0 
8643       DEBUG main            d.u.i.k.p.i.IntermediateProofReplayer Proof replay took 33.5ns 
9468       INFO  main            d.u.i.k.p.r.p.TestFile    ... finished proof: closed. 
9607       INFO  main            d.u.i.k.p.i.AbstractProblemLoader Loading environment from /home/runner/work/key/key/key.core/../key.ui/examples/standard_key/java_dl/jml-assert/assert.key.proof 
9607       DEBUG main            d.u.i.k.p.i.AbstractProblemLoader Environment load took 610.51ns 
9610       INFO  main            d.u.i.k.p.i.AbstractProblemLoader Creating init config 
12634      DEBUG main            d.u.i.k.p.i.AbstractProblemLoader Init config took 3.02s 
12711      INFO  main            d.u.i.k.p.i.AbstractProblemLoader Replaying proof Assert[Assert::createArray(int)].JML normal_behavior operation contract.0 
12834      DEBUG main            d.u.i.k.p.i.IntermediateProofReplayer Proof replay took 117.02ms 
12843      DEBUG main            d.u.i.k.p.r.p.TestFile    ... success: reloaded. 
12844      INFO  main            d.u.i.k.p.r.p.TestFile    Now processing file /home/runner/work/key/key/key.core/../key.ui/examples/heap/block_loop_contracts/Free/assertions0.key 
12845      INFO  main            d.u.i.k.p.i.AbstractProblemLoader Loading environment from /home/runner/work/key/key/key.core/../key.ui/examples/heap/block_loop_contracts/Free/assertions0.key 
12845      DEBUG main            d.u.i.k.p.i.AbstractProblemLoader Environment load took 74.3ns 
12846      INFO  main            d.u.i.k.p.i.AbstractProblemLoader Creating init config 
15559      DEBUG main            d.u.i.k.p.i.AbstractProblemLoader Init config took 2.71s 
15617      INFO  main            d.u.i.k.p.i.AbstractProblemLoader Replaying proof FreeConditions[FreeConditions::assertions0()].JML normal_behavior operation contract.0 
15621      DEBUG main            d.u.i.k.p.i.IntermediateProofReplayer Proof replay took 14.2ns 
15728      INFO  main            d.u.i.k.p.r.p.TestFile    ... finished proof: closed. 
15898      INFO  main            d.u.i.k.p.i.AbstractProblemLoader Loading environment from /home/runner/work/key/key/key.core/../key.ui/examples/heap/block_loop_contracts/Free/assertions0.key.proof 
15902      DEBUG main            d.u.i.k.p.i.AbstractProblemLoader Environment load took 3.93ms 
15904      INFO  main            d.u.i.k.p.i.AbstractProblemLoader Creating init config 
18587      DEBUG main            d.u.i.k.p.i.AbstractProblemLoader Init config took 2.68s 
18638      INFO  main            d.u.i.k.p.i.AbstractProblemLoader Replaying proof FreeConditions[FreeConditions::assertions0()].JML normal_behavior operation contract.0 
18666      DEBUG main            d.u.i.k.p.i.IntermediateProofReplayer Proof replay took 24.89ms 
18667      DEBUG main            d.u.i.k.p.r.p.TestFile    ... success: reloaded. 
18669      INFO  main            d.u.i.k.p.r.p.TestFile    Now processing file /home/runner/work/key/key/key.core/../key.ui/examples/heap/block_loop_contracts/Free/assertions1.key 
18669      INFO  main            d.u.i.k.p.i.AbstractProblemLoader Loading environment from /home/runner/work/key/key/key.core/../key.ui/examples/heap/block_loop_contracts/Free/assertions1.key 
18670      DEBUG main            d.u.i.k.p.i.AbstractProblemLoader Environment load took 263.61ns 
18671      INFO  main            d.u.i.k.p.i.AbstractProblemLoader Creating init config 
21290      DEBUG main            d.u.i.k.p.i.AbstractProblemLoader Init config took 2.62s 
21336      INFO  main            d.u.i.k.p.i.AbstractProblemLoader Replaying proof FreeConditions[FreeConditions::assertions1()].JML normal_behavior operation contract.0 
21338      DEBUG main            d.u.i.k.p.i.IntermediateProofReplayer Proof replay took 12.4ns 
21441      INFO  main            d.u.i.k.p.r.p.TestFile    ... finished proof: closed. 
21590      INFO  main            d.u.i.k.p.i.AbstractProblemLoader Loading environment from /home/runner/work/key/key/key.core/../key.ui/examples/heap/block_loop_contracts/Free/assertions1.key.proof 
21591      DEBUG main            d.u.i.k.p.i.AbstractProblemLoader Environment load took 145.4ns 
21594      INFO  main            d.u.i.k.p.i.AbstractProblemLoader Creating init config 
24178      DEBUG main            d.u.i.k.p.i.AbstractProblemLoader Init config took 2.58s 
24229      INFO  main            d.u.i.k.p.i.AbstractProblemLoader Replaying proof FreeConditions[FreeConditions::assertions1()].JML normal_behavior operation contract.0 
24237      DEBUG main            d.u.i.k.p.i.IntermediateProofReplayer Proof replay took 6.29ms 
24239      DEBUG main            d.u.i.k.p.r.p.TestFile    ... success: reloaded. 
24240      INFO  main            d.u.i.k.p.r.p.TestFile    Now processing file /home/runner/work/key/key/key.core/../key.ui/examples/standard_key/java_dl/jml-assert/recursion-assert.key 
24240      INFO  main            d.u.i.k.p.i.AbstractProblemLoader Loading environment from /home/runner/work/key/key/key.core/../key.ui/examples/standard_key/java_dl/jml-assert/recursion-assert.key 
24241      DEBUG main            d.u.i.k.p.i.AbstractProblemLoader Environment load took 253.01ns 
24242      INFO  main            d.u.i.k.p.i.AbstractProblemLoader Creating init config 
27065      DEBUG main            d.u.i.k.p.i.AbstractProblemLoader Init config took 2.82s 
27118      INFO  main            d.u.i.k.p.i.AbstractProblemLoader Replaying proof RecursiveMethod[RecursiveMethod::fac1(int)].JML normal_behavior operation contract.0 
27121      DEBUG main            d.u.i.k.p.i.IntermediateProofReplayer Proof replay took 7.1ns 
27324      INFO  main            d.u.i.k.p.r.p.TestFile    ... finished proof: closed. 
27487      INFO  main            d.u.i.k.p.i.AbstractProblemLoader Loading environment from /home/runner/work/key/key/key.core/../key.ui/examples/standard_key/java_dl/jml-assert/recursion-assert.key.proof 
27487      DEBUG main            d.u.i.k.p.i.AbstractProblemLoader Environment load took 123.1ns 
27489      INFO  main            d.u.i.k.p.i.AbstractProblemLoader Creating init config 
30183      DEBUG main            d.u.i.k.p.i.AbstractProblemLoader Init config took 2.69s 
30228      INFO  main            d.u.i.k.p.i.AbstractProblemLoader Replaying proof RecursiveMethod[RecursiveMethod::fac1(int)].JML normal_behavior operation contract.0 
30273      DEBUG main            d.u.i.k.p.i.IntermediateProofReplayer Proof replay took 42.33ms 
30274      DEBUG main            d.u.i.k.p.r.p.TestFile    ... success: reloaded. 
30275      INFO  main            d.u.i.k.p.r.p.TestFile    Now processing file /home/runner/work/key/key/key.core/../key.ui/examples/standard_key/java_dl/jml-assert/recursion-assume.key 
30276      INFO  main            d.u.i.k.p.i.AbstractProblemLoader Loading environment from /home/runner/work/key/key/key.core/../key.ui/examples/standard_key/java_dl/jml-assert/recursion-assume.key 
30276      DEBUG main            d.u.i.k.p.i.AbstractProblemLoader Environment load took 265.61ns 
30277      INFO  main            d.u.i.k.p.i.AbstractProblemLoader Creating init config 
33079      DEBUG main            d.u.i.k.p.i.AbstractProblemLoader Init config took 2.8s 
33123      INFO  main            d.u.i.k.p.i.AbstractProblemLoader Replaying proof RecursiveMethod[RecursiveMethod::fac2(int)].JML normal_behavior operation contract.0 
33125      DEBUG main            d.u.i.k.p.i.IntermediateProofReplayer Proof replay took 6.5ns 
33328      INFO  main            d.u.i.k.p.r.p.TestFile    ... finished proof: closed. 
33502      INFO  main            d.u.i.k.p.i.AbstractProblemLoader Loading environment from /home/runner/work/key/key/key.core/../key.ui/examples/standard_key/java_dl/jml-assert/recursion-assume.key.proof 
33503      DEBUG main            d.u.i.k.p.i.AbstractProblemLoader Environment load took 135.4ns 
33504      INFO  main            d.u.i.k.p.i.AbstractProblemLoader Creating init config 
36162      DEBUG main            d.u.i.k.p.i.AbstractProblemLoader Init config took 2.66s 
36206      INFO  main            d.u.i.k.p.i.AbstractProblemLoader Replaying proof RecursiveMethod[RecursiveMethod::fac2(int)].JML normal_behavior operation contract.0 
36246      DEBUG main            d.u.i.k.p.i.IntermediateProofReplayer Proof replay took 37.68ms 
36247      DEBUG main            d.u.i.k.p.r.p.TestFile    ... success: reloaded. 
36248      INFO  main            d.u.i.k.p.r.p.TestFile    Now processing file /home/runner/work/key/key/key.core/../key.ui/examples/standard_key/java_dl/jml-assert/quantor-assert.key 
36249      INFO  main            d.u.i.k.p.i.AbstractProblemLoader Loading environment from /home/runner/work/key/key/key.core/../key.ui/examples/standard_key/java_dl/jml-assert/quantor-assert.key 
36249      DEBUG main            d.u.i.k.p.i.AbstractProblemLoader Environment load took 112.7ns 
36250      INFO  main            d.u.i.k.p.i.AbstractProblemLoader Creating init config 
38949      DEBUG main            d.u.i.k.p.i.AbstractProblemLoader Init config took 2.7s 
38992      INFO  main            d.u.i.k.p.i.AbstractProblemLoader Replaying proof Quantor[Quantor::square1(int)].JML normal_behavior operation contract.0 
38994      DEBUG main            d.u.i.k.p.i.IntermediateProofReplayer Proof replay took 7ns 
39097      INFO  main            d.u.i.k.p.r.p.TestFile    ... finished proof: closed. 
39310      INFO  main            d.u.i.k.p.i.AbstractProblemLoader Loading environment from /home/runner/work/key/key/key.core/../key.ui/examples/standard_key/java_dl/jml-assert/quantor-assert.key.proof 
39310      DEBUG main            d.u.i.k.p.i.AbstractProblemLoader Environment load took 131ns 
39314      INFO  main            d.u.i.k.p.i.AbstractProblemLoader Creating init config 
41965      DEBUG main            d.u.i.k.p.i.AbstractProblemLoader Init config took 2.65s 
42008      INFO  main            d.u.i.k.p.i.AbstractProblemLoader Replaying proof Quantor[Quantor::square1(int)].JML normal_behavior operation contract.0 
42027      DEBUG main            d.u.i.k.p.i.IntermediateProofReplayer Proof replay took 16.71ms 
42028      DEBUG main            d.u.i.k.p.r.p.TestFile    ... success: reloaded. 
42030      INFO  main            d.u.i.k.p.r.p.TestFile    Now processing file /home/runner/work/key/key/key.core/../key.ui/examples/standard_key/java_dl/jml-assert/quantor-assume.key 
42030      INFO  main            d.u.i.k.p.i.AbstractProblemLoader Loading environment from /home/runner/work/key/key/key.core/../key.ui/examples/standard_key/java_dl/jml-assert/quantor-assume.key 
42030      DEBUG main            d.u.i.k.p.i.AbstractProblemLoader Environment load took 231ns 
42031      INFO  main            d.u.i.k.p.i.AbstractProblemLoader Creating init config 
44787      DEBUG main            d.u.i.k.p.i.AbstractProblemLoader Init config took 2.76s 
44829      INFO  main            d.u.i.k.p.i.AbstractProblemLoader Replaying proof Quantor[Quantor::square2(int)].JML normal_behavior operation contract.0 
44831      DEBUG main            d.u.i.k.p.i.IntermediateProofReplayer Proof replay took 8.1ns 
44933      INFO  main            d.u.i.k.p.r.p.TestFile    ... finished proof: closed. 
45190      INFO  main            d.u.i.k.p.i.AbstractProblemLoader Loading environment from /home/runner/work/key/key/key.core/../key.ui/examples/standard_key/java_dl/jml-assert/quantor-assume.key.proof 
45191      DEBUG main            d.u.i.k.p.i.AbstractProblemLoader Environment load took 124.5ns 
45192      INFO  main            d.u.i.k.p.i.AbstractProblemLoader Creating init config 
47849      DEBUG main            d.u.i.k.p.i.AbstractProblemLoader Init config took 2.66s 
47889      INFO  main            d.u.i.k.p.i.AbstractProblemLoader Replaying proof Quantor[Quantor::square2(int)].JML normal_behavior operation contract.0 
47906      DEBUG main            d.u.i.k.p.i.IntermediateProofReplayer Proof replay took 14.44ms 
47907      DEBUG main            d.u.i.k.p.r.p.TestFile    ... success: reloaded. 
47908      INFO  main            d.u.i.k.p.r.p.TestFile    Now processing file /home/runner/work/key/key/key.core/../key.ui/examples/standard_key/java_dl/jml-assert/model-methods-static-static.key 
47908      INFO  main            d.u.i.k.p.i.AbstractProblemLoader Loading environment from /home/runner/work/key/key/key.core/../key.ui/examples/standard_key/java_dl/jml-assert/model-methods-static-static.key 
47909      DEBUG main            d.u.i.k.p.i.AbstractProblemLoader Environment load took 232.31ns 
47910      INFO  main            d.u.i.k.p.i.AbstractProblemLoader Creating init config 
50618      DEBUG main            d.u.i.k.p.i.AbstractProblemLoader Init config took 2.71s 
50657      INFO  main            d.u.i.k.p.i.AbstractProblemLoader Replaying proof ModelMethods[ModelMethods::test1()].JML normal_behavior operation contract.0 
50659      DEBUG main            d.u.i.k.p.i.IntermediateProofReplayer Proof replay took 7.5ns 
50761      INFO  main            d.u.i.k.p.r.p.TestFile    ... finished proof: closed. 
50947      INFO  main            d.u.i.k.p.i.AbstractProblemLoader Loading environment from /home/runner/work/key/key/key.core/../key.ui/examples/standard_key/java_dl/jml-assert/model-methods-static-static.key.proof 
50947      DEBUG main            d.u.i.k.p.i.AbstractProblemLoader Environment load took 127ns 
50948      INFO  main            d.u.i.k.p.i.AbstractProblemLoader Creating init config 
53581      DEBUG main            d.u.i.k.p.i.AbstractProblemLoader Init config took 2.63s 
53621      INFO  main            d.u.i.k.p.i.AbstractProblemLoader Replaying proof ModelMethods[ModelMethods::test1()].JML normal_behavior operation contract.0 
53629      DEBUG main            d.u.i.k.p.i.IntermediateProofReplayer Proof replay took 6.69ms 
53630      DEBUG main            d.u.i.k.p.r.p.TestFile    ... success: reloaded. 
53631      INFO  main            d.u.i.k.p.r.p.TestFile    Now processing file /home/runner/work/key/key/key.core/../key.ui/examples/standard_key/java_dl/jml-assert/model-methods-instance-static.key 
53631      INFO  main            d.u.i.k.p.i.AbstractProblemLoader Loading environment from /home/runner/work/key/key/key.core/../key.ui/examples/standard_key/java_dl/jml-assert/model-methods-instance-static.key 
53632      DEBUG main            d.u.i.k.p.i.AbstractProblemLoader Environment load took 100.8ns 
53632      INFO  main            d.u.i.k.p.i.AbstractProblemLoader Creating init config 
56334      DEBUG main            d.u.i.k.p.i.AbstractProblemLoader Init config took 2.7s 
56372      INFO  main            d.u.i.k.p.i.AbstractProblemLoader Replaying proof ModelMethods[ModelMethods::test2()].JML normal_behavior operation contract.0 
56373      DEBUG main            d.u.i.k.p.i.IntermediateProofReplayer Proof replay took 6.8ns 
56475      INFO  main            d.u.i.k.p.r.p.TestFile    ... finished proof: closed. 
56666      INFO  main            d.u.i.k.p.i.AbstractProblemLoader Loading environment from /home/runner/work/key/key/key.core/../key.ui/examples/standard_key/java_dl/jml-assert/model-methods-instance-static.key.proof 
56666      DEBUG main            d.u.i.k.p.i.AbstractProblemLoader Environment load took 120.4ns 
56667      INFO  main            d.u.i.k.p.i.AbstractProblemLoader Creating init config 
59246      DEBUG main            d.u.i.k.p.i.AbstractProblemLoader Init config took 2.58s 
59317      INFO  main            d.u.i.k.p.i.AbstractProblemLoader Replaying proof ModelMethods[ModelMethods::test2()].JML normal_behavior operation contract.0 
59332      DEBUG main            d.u.i.k.p.i.IntermediateProofReplayer Proof replay took 11.07ms 
59333      DEBUG main            d.u.i.k.p.r.p.TestFile    ... success: reloaded. 
59334      INFO  main            d.u.i.k.p.r.p.TestFile    Now processing file /home/runner/work/key/key/key.core/../key.ui/examples/standard_key/java_dl/jml-assert/model-methods-instance-instance.key 
59335      INFO  main            d.u.i.k.p.i.AbstractProblemLoader Loading environment from /home/runner/work/key/key/key.core/../key.ui/examples/standard_key/java_dl/jml-assert/model-methods-instance-instance.key 
59335      DEBUG main            d.u.i.k.p.i.AbstractProblemLoader Environment load took 118.7ns 
59336      INFO  main            d.u.i.k.p.i.AbstractProblemLoader Creating init config 
61984      DEBUG main            d.u.i.k.p.i.AbstractProblemLoader Init config took 2.65s 
62027      INFO  main            d.u.i.k.p.i.AbstractProblemLoader Replaying proof ModelMethods[ModelMethods::test3()].JML normal_behavior operation contract.0 
62029      DEBUG main            d.u.i.k.p.i.IntermediateProofReplayer Proof replay took 7.3ns 
62131      INFO  main            d.u.i.k.p.r.p.TestFile    ... finished proof: closed. 
62330      INFO  main            d.u.i.k.p.i.AbstractProblemLoader Loading environment from /home/runner/work/key/key/key.core/../key.ui/examples/standard_key/java_dl/jml-assert/model-methods-instance-instance.key.proof 
62330      DEBUG main            d.u.i.k.p.i.AbstractProblemLoader Environment load took 122.4ns 
62331      INFO  main            d.u.i.k.p.i.AbstractProblemLoader Creating init config 
64936      DEBUG main            d.u.i.k.p.i.AbstractProblemLoader Init config took 2.61s 
64979      INFO  main            d.u.i.k.p.i.AbstractProblemLoader Replaying proof ModelMethods[ModelMethods::test3()].JML normal_behavior operation contract.0 
64993      DEBUG main            d.u.i.k.p.i.IntermediateProofReplayer Proof replay took 11.61ms 
64994      DEBUG main            d.u.i.k.p.r.p.TestFile    ... success: reloaded. 
64995      INFO  main            d.u.i.k.p.r.p.TestFile    Now processing file /home/runner/work/key/key/key.core/../key.ui/examples/standard_key/java_dl/jml-assert/model-methods-static-instance.key 
64995      INFO  main            d.u.i.k.p.i.AbstractProblemLoader Loading environment from /home/runner/work/key/key/key.core/../key.ui/examples/standard_key/java_dl/jml-assert/model-methods-static-instance.key 
64995      DEBUG main            d.u.i.k.p.i.AbstractProblemLoader Environment load took 108.1ns 
64996      INFO  main            d.u.i.k.p.i.AbstractProblemLoader Creating init config 
67604      DEBUG main            d.u.i.k.p.i.AbstractProblemLoader Init config took 2.61s 
67641      INFO  main            d.u.i.k.p.i.AbstractProblemLoader Replaying proof ModelMethods[ModelMethods::test4()].JML normal_behavior operation contract.0 
67642      DEBUG main            d.u.i.k.p.i.IntermediateProofReplayer Proof replay took 6.6ns 
67745      INFO  main            d.u.i.k.p.r.p.TestFile    ... finished proof: closed. 
67951      INFO  main            d.u.i.k.p.i.AbstractProblemLoader Loading environment from /home/runner/work/key/key/key.core/../key.ui/examples/standard_key/java_dl/jml-assert/model-methods-static-instance.key.proof 
67951      DEBUG main            d.u.i.k.p.i.AbstractProblemLoader Environment load took 126.5ns 
67953      INFO  main            d.u.i.k.p.i.AbstractProblemLoader Creating init config 
70521      DEBUG main            d.u.i.k.p.i.AbstractProblemLoader Init config took 2.57s 
70561      INFO  main            d.u.i.k.p.i.AbstractProblemLoader Replaying proof ModelMethods[ModelMethods::test4()].JML normal_behavior operation contract.0 
70593      DEBUG main            d.u.i.k.p.i.IntermediateProofReplayer Proof replay took 29.91ms 
70594      DEBUG main            d.u.i.k.p.r.p.TestFile    ... success: reloaded. 
70595      INFO  main            d.u.i.k.p.r.p.TestFile    Now processing file /home/runner/work/key/key/key.core/../key.ui/examples/standard_key/java_dl/jml-assert/assert-old/inc-field.key 
70596      INFO  main            d.u.i.k.p.i.AbstractProblemLoader Loading environment from /home/runner/work/key/key/key.core/../key.ui/examples/standard_key/java_dl/jml-assert/assert-old/inc-field.key 
70596      DEBUG main            d.u.i.k.p.i.AbstractProblemLoader Environment load took 231.5ns 
70597      INFO  main            d.u.i.k.p.i.AbstractProblemLoader Creating init config 
73161      DEBUG main            d.u.i.k.p.i.AbstractProblemLoader Init config took 2.56s 
73201      INFO  main            d.u.i.k.p.i.AbstractProblemLoader Replaying proof Inc[Inc::inc_field()].JML normal_behavior operation contract.0 
73202      DEBUG main            d.u.i.k.p.i.IntermediateProofReplayer Proof replay took 6.6ns 
73405      INFO  main            d.u.i.k.p.r.p.TestFile    ... finished proof: closed. 
73616      INFO  main            d.u.i.k.p.i.AbstractProblemLoader Loading environment from /home/runner/work/key/key/key.core/../key.ui/examples/standard_key/java_dl/jml-assert/assert-old/inc-field.key.proof 
73616      DEBUG main            d.u.i.k.p.i.AbstractProblemLoader Environment load took 122.2ns 
73617      INFO  main            d.u.i.k.p.i.AbstractProblemLoader Creating init config 
76111      DEBUG main            d.u.i.k.p.i.AbstractProblemLoader Init config took 2.49s 
76153      INFO  main            d.u.i.k.p.i.AbstractProblemLoader Replaying proof Inc[Inc::inc_field()].JML normal_behavior operation contract.0 
76192      DEBUG main            d.u.i.k.p.i.IntermediateProofReplayer Proof replay took 36.71ms 
76193      DEBUG main            d.u.i.k.p.r.p.TestFile    ... success: reloaded. 
76194      INFO  main            d.u.i.k.p.r.p.TestFile    Now processing file /home/runner/work/key/key/key.core/../key.ui/examples/standard_key/java_dl/jml-assert/assert-old/inc-parameter.key 
76194      INFO  main            d.u.i.k.p.i.AbstractProblemLoader Loading environment from /home/runner/work/key/key/key.core/../key.ui/examples/standard_key/java_dl/jml-assert/assert-old/inc-parameter.key 
76194      DEBUG main            d.u.i.k.p.i.AbstractProblemLoader Environment load took 148.3ns 
76195      INFO  main            d.u.i.k.p.i.AbstractProblemLoader Creating init config 
78737      DEBUG main            d.u.i.k.p.i.AbstractProblemLoader Init config took 2.54s 
78772      INFO  main            d.u.i.k.p.i.AbstractProblemLoader Replaying proof Inc[Inc::inc_parameter(int)].JML normal_behavior operation contract.0 
78773      DEBUG main            d.u.i.k.p.i.IntermediateProofReplayer Proof replay took 6.3ns 
78877      INFO  main            d.u.i.k.p.r.p.TestFile    ... finished proof: closed. 
79094      INFO  main            d.u.i.k.p.i.AbstractProblemLoader Loading environment from /home/runner/work/key/key/key.core/../key.ui/examples/standard_key/java_dl/jml-assert/assert-old/inc-parameter.key.proof 
79094      DEBUG main            d.u.i.k.p.i.AbstractProblemLoader Environment load took 119.11ns 
79095      INFO  main            d.u.i.k.p.i.AbstractProblemLoader Creating init config 
81579      DEBUG main            d.u.i.k.p.i.AbstractProblemLoader Init config took 2.48s 
81614      INFO  main            d.u.i.k.p.i.AbstractProblemLoader Replaying proof Inc[Inc::inc_parameter(int)].JML normal_behavior operation contract.0 
81629      DEBUG main            d.u.i.k.p.i.IntermediateProofReplayer Proof replay took 13.73ms 
81630      DEBUG main            d.u.i.k.p.r.p.TestFile    ... success: reloaded. 
81631      INFO  main            d.u.i.k.p.r.p.TestFile    Now processing file /home/runner/work/key/key/key.core/../key.ui/examples/standard_key/java_dl/jml-assert/assert-old/inc-parameter-field.key 
81631      INFO  main            d.u.i.k.p.i.AbstractProblemLoader Loading environment from /home/runner/work/key/key/key.core/../key.ui/examples/standard_key/java_dl/jml-assert/assert-old/inc-parameter-field.key 
81631      DEBUG main            d.u.i.k.p.i.AbstractProblemLoader Environment load took 103ns 
81632      INFO  main            d.u.i.k.p.i.AbstractProblemLoader Creating init config 
84204      DEBUG main            d.u.i.k.p.i.AbstractProblemLoader Init config took 2.57s 
84238      INFO  main            d.u.i.k.p.i.AbstractProblemLoader Replaying proof Inc[Inc::inc_parameter_field(Inc)].JML normal_behavior operation contract.0 
84241      DEBUG main            d.u.i.k.p.i.IntermediateProofReplayer Proof replay took 7.8ns 
84443      INFO  main            d.u.i.k.p.r.p.TestFile    ... finished proof: closed. 
84675      INFO  main            d.u.i.k.p.i.AbstractProblemLoader Loading environment from /home/runner/work/key/key/key.core/../key.ui/examples/standard_key/java_dl/jml-assert/assert-old/inc-parameter-field.key.proof 
84675      DEBUG main            d.u.i.k.p.i.AbstractProblemLoader Environment load took 119.5ns 
84677      INFO  main            d.u.i.k.p.i.AbstractProblemLoader Creating init config 
87165      DEBUG main            d.u.i.k.p.i.AbstractProblemLoader Init config took 2.49s 
87200      INFO  main            d.u.i.k.p.i.AbstractProblemLoader Replaying proof Inc[Inc::inc_parameter_field(Inc)].JML normal_behavior operation contract.0 
87248      DEBUG main            d.u.i.k.p.i.IntermediateProofReplayer Proof replay took 46.07ms 
87249      DEBUG main            d.u.i.k.p.r.p.TestFile    ... success: reloaded. 
87250      INFO  main            d.u.i.k.p.r.p.TestFile    Now processing file /home/runner/work/key/key/key.core/../key.ui/examples/standard_key/java_dl/jml-assert/assert-old/inc-ghost-field.key 
87250      INFO  main            d.u.i.k.p.i.AbstractProblemLoader Loading environment from /home/runner/work/key/key/key.core/../key.ui/examples/standard_key/java_dl/jml-assert/assert-old/inc-ghost-field.key 
87250      DEBUG main            d.u.i.k.p.i.AbstractProblemLoader Environment load took 55.5ns 
87251      INFO  main            d.u.i.k.p.i.AbstractProblemLoader Creating init config 
89839      DEBUG main            d.u.i.k.p.i.AbstractProblemLoader Init config took 2.59s 
89873      INFO  main            d.u.i.k.p.i.AbstractProblemLoader Replaying proof Inc[Inc::inc_ghost_field()].JML normal_behavior operation contract.0 
89874      DEBUG main            d.u.i.k.p.i.IntermediateProofReplayer Proof replay took 7ns 
90076      INFO  main            d.u.i.k.p.r.p.TestFile    ... finished proof: closed. 
90309      INFO  main            d.u.i.k.p.i.AbstractProblemLoader Loading environment from /home/runner/work/key/key/key.core/../key.ui/examples/standard_key/java_dl/jml-assert/assert-old/inc-ghost-field.key.proof 
90309      DEBUG main            d.u.i.k.p.i.AbstractProblemLoader Environment load took 113.8ns 
90310      INFO  main            d.u.i.k.p.i.AbstractProblemLoader Creating init config 
92789      DEBUG main            d.u.i.k.p.i.AbstractProblemLoader Init config took 2.48s 
92826      INFO  main            d.u.i.k.p.i.AbstractProblemLoader Replaying proof Inc[Inc::inc_ghost_field()].JML normal_behavior operation contract.0 
92854      DEBUG main            d.u.i.k.p.i.IntermediateProofReplayer Proof replay took 26.37ms 
92855      DEBUG main            d.u.i.k.p.r.p.TestFile    ... success: reloaded. 
714648     INFO  Test worker     d.u.i.k.p.r.RunAllProofsTestUnit Returning from test jmlAsserts 
714649     INFO  Test worker     d.u.i.k.p.r.RunAllProofsTestUnit Running test javaCard 
334        INFO  Timeout watchdog d.u.i.k.p.r.p.ForkedTestFileRunner Timeout watcher launched (2000 secs.) 
349        WARN  main            d.u.i.k.s.ProofSettings   The settings in /home/runner/.key/proof-settings.props are *not* read. 
382        INFO  main            d.u.i.k.p.r.p.TestFile    Now processing file /home/runner/work/key/key/key.core/../key.ui/examples/heap/javacard/updateBalance0.key 
525        INFO  main            d.u.i.k.p.i.AbstractProblemLoader Loading environment from /home/runner/work/key/key/key.core/../key.ui/examples/heap/javacard/updateBalance0.key 
542        DEBUG main            d.u.i.k.p.i.AbstractProblemLoader Environment load took 2.37ms 
760        INFO  main            d.u.i.k.p.i.AbstractProblemLoader Creating init config 
1504       DEBUG main            d.u.i.k.j.TypeConverter   No LDT found for Meta 
1507       DEBUG main            d.u.i.k.j.TypeConverter   No LDT found for Meta 
1511       DEBUG main            d.u.i.k.j.TypeConverter   No LDT found for Meta 
1511       DEBUG main            d.u.i.k.j.TypeConverter   No LDT found for Meta 
2555       DEBUG main            d.u.i.k.j.TypeConverter   No LDT found for JavaBigintExpression 
6388       DEBUG main            d.u.i.k.p.i.AbstractProblemLoader Init config took 5.63s 
6560       INFO  main            d.u.i.k.p.i.AbstractProblemLoader Replaying proof Examples[Examples::updateBalance(short)].JML normal_behavior operation contract.0 
6594       DEBUG main            d.u.i.k.p.i.IntermediateProofReplayer Proof replay took 34.6ns 
7930       INFO  main            d.u.i.k.p.r.p.TestFile    ... finished proof: closed. 
8040       INFO  main            d.u.i.k.p.i.AbstractProblemLoader Loading environment from /home/runner/work/key/key/key.core/../key.ui/examples/heap/javacard/updateBalance0.key.proof 
8040       DEBUG main            d.u.i.k.p.i.AbstractProblemLoader Environment load took 505.91ns 
8043       INFO  main            d.u.i.k.p.i.AbstractProblemLoader Creating init config 
9790       DEBUG main            d.u.i.k.p.i.AbstractProblemLoader Init config took 1.75s 
9863       INFO  main            d.u.i.k.p.i.AbstractProblemLoader Replaying proof Examples[Examples::updateBalance(short)].JML normal_behavior operation contract.0 
10145      DEBUG main            d.u.i.k.p.i.IntermediateProofReplayer Proof replay took 264.21ms 
10156      DEBUG main            d.u.i.k.p.r.p.TestFile    ... success: reloaded. 
10163      INFO  main            d.u.i.k.p.r.p.TestFile    Now processing file /home/runner/work/key/key/key.core/../key.ui/examples/heap/javacard/updateBalance1.key 
10163      INFO  main            d.u.i.k.p.i.AbstractProblemLoader Loading environment from /home/runner/work/key/key/key.core/../key.ui/examples/heap/javacard/updateBalance1.key 
10163      DEBUG main            d.u.i.k.p.i.AbstractProblemLoader Environment load took 146.5ns 
10166      INFO  main            d.u.i.k.p.i.AbstractProblemLoader Creating init config 
11922      DEBUG main            d.u.i.k.p.i.AbstractProblemLoader Init config took 1.76s 
11973      INFO  main            d.u.i.k.p.i.AbstractProblemLoader Replaying proof Examples[Examples::updateBalance(short)].JML normal_behavior operation contract.1 
11976      DEBUG main            d.u.i.k.p.i.IntermediateProofReplayer Proof replay took 6.2ns 
12580      INFO  main            d.u.i.k.p.r.p.TestFile    ... finished proof: closed. 
12706      INFO  main            d.u.i.k.p.i.AbstractProblemLoader Loading environment from /home/runner/work/key/key/key.core/../key.ui/examples/heap/javacard/updateBalance1.key.proof 
12707      DEBUG main            d.u.i.k.p.i.AbstractProblemLoader Environment load took 533.21ns 
12708      INFO  main            d.u.i.k.p.i.AbstractProblemLoader Creating init config 
14368      DEBUG main            d.u.i.k.p.i.AbstractProblemLoader Init config took 1.66s 
14433      INFO  main            d.u.i.k.p.i.AbstractProblemLoader Replaying proof Examples[Examples::updateBalance(short)].JML normal_behavior operation contract.1 
14591      DEBUG main            d.u.i.k.p.i.IntermediateProofReplayer Proof replay took 150.65ms 
14593      DEBUG main            d.u.i.k.p.r.p.TestFile    ... success: reloaded. 
14598      INFO  main            d.u.i.k.p.r.p.TestFile    Now processing file /home/runner/work/key/key/key.core/../key.ui/examples/heap/javacard/setArray1.key 
14598      INFO  main            d.u.i.k.p.i.AbstractProblemLoader Loading environment from /home/runner/work/key/key/key.core/../key.ui/examples/heap/javacard/setArray1.key 
14599      DEBUG main            d.u.i.k.p.i.AbstractProblemLoader Environment load took 266.11ns 
14600      INFO  main            d.u.i.k.p.i.AbstractProblemLoader Creating init config 
16250      DEBUG main            d.u.i.k.p.i.AbstractProblemLoader Init config took 1.65s 
16296      INFO  main            d.u.i.k.p.i.AbstractProblemLoader Replaying proof Examples[Examples::setArray1([B)].JML normal_behavior operation contract.0 
16301      DEBUG main            d.u.i.k.p.i.IntermediateProofReplayer Proof replay took 5.8ns 
17405      INFO  main            d.u.i.k.p.r.p.TestFile    ... finished proof: closed. 
17557      INFO  main            d.u.i.k.p.i.AbstractProblemLoader Loading environment from /home/runner/work/key/key/key.core/../key.ui/examples/heap/javacard/setArray1.key.proof 
17558      DEBUG main            d.u.i.k.p.i.AbstractProblemLoader Environment load took 918.52ns 
17559      INFO  main            d.u.i.k.p.i.AbstractProblemLoader Creating init config 
19125      DEBUG main            d.u.i.k.p.i.AbstractProblemLoader Init config took 1.57s 
19173      INFO  main            d.u.i.k.p.i.AbstractProblemLoader Replaying proof Examples[Examples::setArray1([B)].JML normal_behavior operation contract.0 
19377      DEBUG main            d.u.i.k.p.i.IntermediateProofReplayer Proof replay took 199.5ms 
19380      DEBUG main            d.u.i.k.p.r.p.TestFile    ... success: reloaded. 
19382      INFO  main            d.u.i.k.p.r.p.TestFile    Now processing file /home/runner/work/key/key/key.core/../key.ui/examples/heap/javacard/setArray2.key 
19382      INFO  main            d.u.i.k.p.i.AbstractProblemLoader Loading environment from /home/runner/work/key/key/key.core/../key.ui/examples/heap/javacard/setArray2.key 
19383      DEBUG main            d.u.i.k.p.i.AbstractProblemLoader Environment load took 236.5ns 
19384      INFO  main            d.u.i.k.p.i.AbstractProblemLoader Creating init config 
21009      DEBUG main            d.u.i.k.p.i.AbstractProblemLoader Init config took 1.63s 
21050      INFO  main            d.u.i.k.p.i.AbstractProblemLoader Replaying proof Examples[Examples::setArray2([B)].JML normal_behavior operation contract.0 
21053      DEBUG main            d.u.i.k.p.i.IntermediateProofReplayer Proof replay took 6.2ns 
22158      INFO  main            d.u.i.k.p.r.p.TestFile    ... finished proof: closed. 
22277      INFO  main            d.u.i.k.p.i.AbstractProblemLoader Loading environment from /home/runner/work/key/key/key.core/../key.ui/examples/heap/javacard/setArray2.key.proof 
22277      DEBUG main            d.u.i.k.p.i.AbstractProblemLoader Environment load took 482.81ns 
22278      INFO  main            d.u.i.k.p.i.AbstractProblemLoader Creating init config 
23844      DEBUG main            d.u.i.k.p.i.AbstractProblemLoader Init config took 1.57s 
23883      INFO  main            d.u.i.k.p.i.AbstractProblemLoader Replaying proof Examples[Examples::setArray2([B)].JML normal_behavior operation contract.0 
24086      DEBUG main            d.u.i.k.p.i.IntermediateProofReplayer Proof replay took 197.02ms 
24088      DEBUG main            d.u.i.k.p.r.p.TestFile    ... success: reloaded. 
24091      INFO  main            d.u.i.k.p.r.p.TestFile    Now processing file /home/runner/work/key/key/key.core/../key.ui/examples/heap/javacard/arrayFillNonAtomic.key 
24091      INFO  main            d.u.i.k.p.i.AbstractProblemLoader Loading environment from /home/runner/work/key/key/key.core/../key.ui/examples/heap/javacard/arrayFillNonAtomic.key 
24091      DEBUG main            d.u.i.k.p.i.AbstractProblemLoader Environment load took 244.91ns 
24093      INFO  main            d.u.i.k.p.i.AbstractProblemLoader Creating init config 
25673      DEBUG main            d.u.i.k.p.i.AbstractProblemLoader Init config took 1.58s 
25729      INFO  main            d.u.i.k.p.i.AbstractProblemLoader Replaying proof javacard.framework.Util[javacard.framework.Util::arrayFillNonAtomic([B,short,short,byte)].JML behavior operation contract.0.transaction_inactive 
25732      DEBUG main            d.u.i.k.p.i.IntermediateProofReplayer Proof replay took 6.5ns 
26598      DEBUG Thread-13       d.u.i.k.l.o.ProgramSV     Match failed: Former match of  SchemaVariable incompatible with  the current match. 
26599      DEBUG Thread-13       d.u.i.k.l.o.ProgramSV     Match failed: Former match of  SchemaVariable incompatible with  the current match. 
27969      DEBUG Thread-13       d.u.i.k.l.o.ProgramSV     Match failed: Former match of  SchemaVariable incompatible with  the current match. 
27969      DEBUG Thread-13       d.u.i.k.l.o.ProgramSV     Match failed: Former match of  SchemaVariable incompatible with  the current match. 
29580      INFO  main            d.u.i.k.p.r.p.TestFile    ... finished proof: closed. 
29727      INFO  main            d.u.i.k.p.i.AbstractProblemLoader Loading environment from /home/runner/work/key/key/key.core/../key.ui/examples/heap/javacard/arrayFillNonAtomic.key.proof 
29728      DEBUG main            d.u.i.k.p.i.AbstractProblemLoader Environment load took 490.21ns 
29729      INFO  main            d.u.i.k.p.i.AbstractProblemLoader Creating init config 
31288      DEBUG main            d.u.i.k.p.i.AbstractProblemLoader Init config took 1.56s 
31340      INFO  main            d.u.i.k.p.i.AbstractProblemLoader Replaying proof javacard.framework.Util[javacard.framework.Util::arrayFillNonAtomic([B,short,short,byte)].JML behavior operation contract.0.transaction_inactive 
32184      DEBUG main            d.u.i.k.p.i.IntermediateProofReplayer Proof replay took 815.44ms 
32186      DEBUG main            d.u.i.k.p.r.p.TestFile    ... success: reloaded. 
32187      INFO  main            d.u.i.k.p.r.p.TestFile    Now processing file /home/runner/work/key/key/key.core/../key.ui/examples/heap/coincidence_count/project.key 
32187      INFO  main            d.u.i.k.p.i.AbstractProblemLoader Loading environment from /home/runner/work/key/key/key.core/../key.ui/examples/heap/coincidence_count/project.key 
32187      DEBUG main            d.u.i.k.p.i.AbstractProblemLoader Environment load took 248.51ns 
32189      INFO  main            d.u.i.k.p.i.AbstractProblemLoader Creating init config 
35614      DEBUG main            d.u.i.k.p.i.AbstractProblemLoader Init config took 3.42s 
35664      INFO  main            d.u.i.k.p.i.AbstractProblemLoader Replaying proof CC[CC::calcCoinIndex([I,[I)].JML normal_behavior operation contract.0 
35669      DEBUG main            d.u.i.k.p.i.IntermediateProofReplayer Proof replay took 7.9ns 
53933      INFO  main            d.u.i.k.p.r.p.TestFile    ... finished proof: closed. 
54270      INFO  main            d.u.i.k.p.i.AbstractProblemLoader Loading environment from /home/runner/work/key/key/key.core/../key.ui/examples/heap/coincidence_count/project.key.proof 
54271      DEBUG main            d.u.i.k.p.i.AbstractProblemLoader Environment load took 624.51ns 
54275      INFO  main            d.u.i.k.p.i.AbstractProblemLoader Creating init config 
56949      DEBUG main            d.u.i.k.p.i.AbstractProblemLoader Init config took 2.67s 
56991      INFO  main            d.u.i.k.p.i.AbstractProblemLoader Replaying proof CC[CC::calcCoinIndex([I,[I)].JML normal_behavior operation contract.0 
57998      DEBUG main            d.u.i.k.p.i.IntermediateProofReplayer Proof replay took 946.02ms 
58002      DEBUG main            d.u.i.k.p.r.p.TestFile    ... success: reloaded. 
58004      INFO  main            d.u.i.k.p.r.p.TestFile    Now processing file /home/runner/work/key/key/key.core/../key.ui/examples/heap/verifyThis11_1_Maximum/project.key 
58004      INFO  main            d.u.i.k.p.i.AbstractProblemLoader Loading environment from /home/runner/work/key/key/key.core/../key.ui/examples/heap/verifyThis11_1_Maximum/project.key 
58005      DEBUG main            d.u.i.k.p.i.AbstractProblemLoader Environment load took 249.51ns 
58006      INFO  main            d.u.i.k.p.i.AbstractProblemLoader Creating init config 
60709      DEBUG main            d.u.i.k.p.i.AbstractProblemLoader Init config took 2.7s 
60750      INFO  main            d.u.i.k.p.i.AbstractProblemLoader Replaying proof Maximum[Maximum::maxIndex([I)].JML normal_behavior operation contract.0 
60752      DEBUG main            d.u.i.k.p.i.IntermediateProofReplayer Proof replay took 6.6ns 
61669      INFO  main            d.u.i.k.p.r.p.TestFile    ... finished proof: closed. 
61981      INFO  main            d.u.i.k.p.i.AbstractProblemLoader Loading environment from /home/runner/work/key/key/key.core/../key.ui/examples/heap/verifyThis11_1_Maximum/project.key.proof 
61982      DEBUG main            d.u.i.k.p.i.AbstractProblemLoader Environment load took 697.82ns 
61983      INFO  main            d.u.i.k.p.i.AbstractProblemLoader Creating init config 
64492      DEBUG main            d.u.i.k.p.i.AbstractProblemLoader Init config took 2.51s 
64547      INFO  main            d.u.i.k.p.i.AbstractProblemLoader Replaying proof Maximum[Maximum::maxIndex([I)].JML normal_behavior operation contract.0 
64718      DEBUG main            d.u.i.k.p.i.IntermediateProofReplayer Proof replay took 165.69ms 
64719      DEBUG main            d.u.i.k.p.r.p.TestFile    ... success: reloaded. 
64720      INFO  main            d.u.i.k.p.r.p.TestFile    Now processing file /home/runner/work/key/key/key.core/../key.ui/examples/heap/fm12_01_LRS/lcp.key 
64721      INFO  main            d.u.i.k.p.i.AbstractProblemLoader Loading environment from /home/runner/work/key/key/key.core/../key.ui/examples/heap/fm12_01_LRS/lcp.key 
64721      DEBUG main            d.u.i.k.p.i.AbstractProblemLoader Environment load took 106ns 
64722      INFO  main            d.u.i.k.p.i.AbstractProblemLoader Creating init config 
68020      DEBUG main            d.u.i.k.p.i.AbstractProblemLoader Init config took 3.3s 
68079      INFO  main            d.u.i.k.p.i.AbstractProblemLoader Replaying proof LCP[LCP::lcp([I,int,int)].JML normal_behavior operation contract.0 
68082      DEBUG main            d.u.i.k.p.i.IntermediateProofReplayer Proof replay took 6.1ns 
69087      INFO  main            d.u.i.k.p.r.p.TestFile    ... finished proof: closed. 
69340      INFO  main            d.u.i.k.p.i.AbstractProblemLoader Loading environment from /home/runner/work/key/key/key.core/../key.ui/examples/heap/fm12_01_LRS/lcp.key.proof 
69343      DEBUG main            d.u.i.k.p.i.AbstractProblemLoader Environment load took 3.24ms 
69345      INFO  main            d.u.i.k.p.i.AbstractProblemLoader Creating init config 
72330      DEBUG main            d.u.i.k.p.i.AbstractProblemLoader Init config took 2.99s 
72383      INFO  main            d.u.i.k.p.i.AbstractProblemLoader Replaying proof LCP[LCP::lcp([I,int,int)].JML normal_behavior operation contract.0 
72593      DEBUG main            d.u.i.k.p.i.IntermediateProofReplayer Proof replay took 203.76ms 
72594      DEBUG main            d.u.i.k.p.r.p.TestFile    ... success: reloaded. 
72595      INFO  main            d.u.i.k.p.r.p.TestFile    Now processing file /home/runner/work/key/key/key.core/../key.ui/examples/heap/SemanticSlicing/project.key 
72596      INFO  main            d.u.i.k.p.i.AbstractProblemLoader Loading environment from /home/runner/work/key/key/key.core/../key.ui/examples/heap/SemanticSlicing/project.key 
72596      DEBUG main            d.u.i.k.p.i.AbstractProblemLoader Environment load took 225.61ns 
72597      INFO  main            d.u.i.k.p.i.AbstractProblemLoader Creating init config 
75337      DEBUG main            d.u.i.k.p.i.AbstractProblemLoader Init config took 2.74s 
75410      INFO  main            d.u.i.k.p.i.AbstractProblemLoader Replaying proof unsatcore_after.competition.postcond5.scope333.LRS[unsatcore_after.competition.postcond5.scope333.LRS::doLRS()].JML operation contract.0 
75412      DEBUG main            d.u.i.k.p.i.IntermediateProofReplayer Proof replay took 6.5ns 
79461      INFO  main            d.u.i.k.p.r.p.TestFile    ... finished proof: closed. 
79743      INFO  main            d.u.i.k.p.i.AbstractProblemLoader Loading environment from /home/runner/work/key/key/key.core/../key.ui/examples/heap/SemanticSlicing/project.key.proof 
79743      DEBUG main            d.u.i.k.p.i.AbstractProblemLoader Environment load took 491.61ns 
79745      INFO  main            d.u.i.k.p.i.AbstractProblemLoader Creating init config 
82373      DEBUG main            d.u.i.k.p.i.AbstractProblemLoader Init config took 2.63s 
82433      INFO  main            d.u.i.k.p.i.AbstractProblemLoader Replaying proof unsatcore_after.competition.postcond5.scope333.LRS[unsatcore_after.competition.postcond5.scope333.LRS::doLRS()].JML operation contract.0 
83234      DEBUG main            d.u.i.k.p.i.IntermediateProofReplayer Proof replay took 789.12ms 
83235      DEBUG main            d.u.i.k.p.r.p.TestFile    ... success: reloaded. 
83237      INFO  main            d.u.i.k.p.r.p.TestFile    Now processing file /home/runner/work/key/key/key.core/../key.ui/examples/heap/information_flow/ArrayList_contains.key 
83237      INFO  main            d.u.i.k.p.i.AbstractProblemLoader Loading environment from /home/runner/work/key/key/key.core/../key.ui/examples/heap/information_flow/ArrayList_contains.key 
83237      DEBUG main            d.u.i.k.p.i.AbstractProblemLoader Environment load took 230ns 
83238      INFO  main            d.u.i.k.p.i.AbstractProblemLoader Creating init config 
86113      DEBUG main            d.u.i.k.p.i.AbstractProblemLoader Init config took 2.88s 
86151      INFO  main            d.u.i.k.p.i.AbstractProblemLoader Replaying proof ArrayList[ArrayList::get(int)].JML normal_behavior operation contract.0 
86153      DEBUG main            d.u.i.k.p.i.IntermediateProofReplayer Proof replay took 5.8ns 
86458      INFO  main            d.u.i.k.p.r.p.TestFile    ... finished proof: closed. 
86723      INFO  main            d.u.i.k.p.i.AbstractProblemLoader Loading environment from /home/runner/work/key/key/key.core/../key.ui/examples/heap/information_flow/ArrayList_contains.key.proof 
86723      DEBUG main            d.u.i.k.p.i.AbstractProblemLoader Environment load took 125.1ns 
86724      INFO  main            d.u.i.k.p.i.AbstractProblemLoader Creating init config 
89444      DEBUG main            d.u.i.k.p.i.AbstractProblemLoader Init config took 2.72s 
89481      INFO  main            d.u.i.k.p.i.AbstractProblemLoader Replaying proof ArrayList[ArrayList::get(int)].JML normal_behavior operation contract.0 
89550      DEBUG main            d.u.i.k.p.i.IntermediateProofReplayer Proof replay took 65.05ms 
89551      DEBUG main            d.u.i.k.p.r.p.TestFile    ... success: reloaded. 
89552      INFO  main            d.u.i.k.p.r.p.TestFile    Now processing file /home/runner/work/key/key/key.core/../key.ui/examples/heap/information_flow/ArrayList_get.key 
89552      INFO  main            d.u.i.k.p.i.AbstractProblemLoader Loading environment from /home/runner/work/key/key/key.core/../key.ui/examples/heap/information_flow/ArrayList_get.key 
89553      DEBUG main            d.u.i.k.p.i.AbstractProblemLoader Environment load took 255.11ns 
89553      INFO  main            d.u.i.k.p.i.AbstractProblemLoader Creating init config 
92385      DEBUG main            d.u.i.k.p.i.AbstractProblemLoader Init config took 2.83s 
92426      INFO  main            d.u.i.k.p.i.AbstractProblemLoader Replaying proof ArrayList[ArrayList::contains(java.lang.Object)].JML normal_behavior operation contract.0 
92427      DEBUG main            d.u.i.k.p.i.IntermediateProofReplayer Proof replay took 5.4ns 
93331      INFO  main            d.u.i.k.p.r.p.TestFile    ... finished proof: closed. 
93599      INFO  main            d.u.i.k.p.i.AbstractProblemLoader Loading environment from /home/runner/work/key/key/key.core/../key.ui/examples/heap/information_flow/ArrayList_get.key.proof 
93599      DEBUG main            d.u.i.k.p.i.AbstractProblemLoader Environment load took 486.41ns 
93601      INFO  main            d.u.i.k.p.i.AbstractProblemLoader Creating init config 
96317      DEBUG main            d.u.i.k.p.i.AbstractProblemLoader Init config took 2.72s 
96358      INFO  main            d.u.i.k.p.i.AbstractProblemLoader Replaying proof ArrayList[ArrayList::contains(java.lang.Object)].JML normal_behavior operation contract.0 
96538      DEBUG main            d.u.i.k.p.i.IntermediateProofReplayer Proof replay took 173.09ms 
96543      DEBUG main            d.u.i.k.p.r.p.TestFile    ... success: reloaded. 
96544      INFO  main            d.u.i.k.p.r.p.TestFile    Now processing file /home/runner/work/key/key/key.core/../key.ui/examples/heap/information_flow/ArrayList_size.key 
96545      INFO  main            d.u.i.k.p.i.AbstractProblemLoader Loading environment from /home/runner/work/key/key/key.core/../key.ui/examples/heap/information_flow/ArrayList_size.key 
96545      DEBUG main            d.u.i.k.p.i.AbstractProblemLoader Environment load took 236.1ns 
96546      INFO  main            d.u.i.k.p.i.AbstractProblemLoader Creating init config 
99334      DEBUG main            d.u.i.k.p.i.AbstractProblemLoader Init config took 2.79s 
99370      INFO  main            d.u.i.k.p.i.AbstractProblemLoader Replaying proof ArrayList[ArrayList::size()].JML normal_behavior operation contract.0 
99371      DEBUG main            d.u.i.k.p.i.IntermediateProofReplayer Proof replay took 5.4ns 
99473      INFO  main            d.u.i.k.p.r.p.TestFile    ... finished proof: closed. 
99732      INFO  main            d.u.i.k.p.i.AbstractProblemLoader Loading environment from /home/runner/work/key/key/key.core/../key.ui/examples/heap/information_flow/ArrayList_size.key.proof 
99732      DEBUG main            d.u.i.k.p.i.AbstractProblemLoader Environment load took 122.7ns 
99733      INFO  main            d.u.i.k.p.i.AbstractProblemLoader Creating init config 
102443     DEBUG main            d.u.i.k.p.i.AbstractProblemLoader Init config took 2.71s 
102479     INFO  main            d.u.i.k.p.i.AbstractProblemLoader Replaying proof ArrayList[ArrayList::size()].JML normal_behavior operation contract.0 
102494     DEBUG main            d.u.i.k.p.i.IntermediateProofReplayer Proof replay took 12.25ms 
102495     DEBUG main            d.u.i.k.p.r.p.TestFile    ... success: reloaded. 
102496     INFO  main            d.u.i.k.p.r.p.TestFile    Now processing file /home/runner/work/key/key/key.core/../key.ui/examples/heap/information_flow/UpdateAbstraction_ex7_3_secure.key 
102496     INFO  main            d.u.i.k.p.i.AbstractProblemLoader Loading environment from /home/runner/work/key/key/key.core/../key.ui/examples/heap/information_flow/UpdateAbstraction_ex7_3_secure.key 
102496     DEBUG main            d.u.i.k.p.i.AbstractProblemLoader Environment load took 225.61ns 
102497     INFO  main            d.u.i.k.p.i.AbstractProblemLoader Creating init config 
105271     DEBUG main            d.u.i.k.p.i.AbstractProblemLoader Init config took 2.77s 
105306     INFO  main            d.u.i.k.p.i.AbstractProblemLoader Replaying proof UpdateAbstraction[UpdateAbstraction::ex7_3_secure()].JML operation contract.0 
105307     DEBUG main            d.u.i.k.p.i.IntermediateProofReplayer Proof replay took 5.8ns 
105509     INFO  main            d.u.i.k.p.r.p.TestFile    ... finished proof: closed. 
105773     INFO  main            d.u.i.k.p.i.AbstractProblemLoader Loading environment from /home/runner/work/key/key/key.core/../key.ui/examples/heap/information_flow/UpdateAbstraction_ex7_3_secure.key.proof 
105773     DEBUG main            d.u.i.k.p.i.AbstractProblemLoader Environment load took 124.3ns 
105774     INFO  main            d.u.i.k.p.i.AbstractProblemLoader Creating init config 
108482     DEBUG main            d.u.i.k.p.i.AbstractProblemLoader Init config took 2.71s 
108518     INFO  main            d.u.i.k.p.i.AbstractProblemLoader Replaying proof UpdateAbstraction[UpdateAbstraction::ex7_3_secure()].JML operation contract.0 
108547     DEBUG main            d.u.i.k.p.i.IntermediateProofReplayer Proof replay took 27.19ms 
108548     DEBUG main            d.u.i.k.p.r.p.TestFile    ... success: reloaded. 
108548     INFO  main            d.u.i.k.p.r.p.TestFile    Now processing file /home/runner/work/key/key/key.core/../key.ui/examples/heap/information_flow/UpdateAbstraction_ex7_4_secure.key 
108549     INFO  main            d.u.i.k.p.i.AbstractProblemLoader Loading environment from /home/runner/work/key/key/key.core/../key.ui/examples/heap/information_flow/UpdateAbstraction_ex7_4_secure.key 
108549     DEBUG main            d.u.i.k.p.i.AbstractProblemLoader Environment load took 85.1ns 
108550     INFO  main            d.u.i.k.p.i.AbstractProblemLoader Creating init config 
111272     DEBUG main            d.u.i.k.p.i.AbstractProblemLoader Init config took 2.72s 
111325     INFO  main            d.u.i.k.p.i.AbstractProblemLoader Replaying proof UpdateAbstraction[UpdateAbstraction::ex7_4_secure()].JML operation contract.0 
111326     DEBUG main            d.u.i.k.p.i.IntermediateProofReplayer Proof replay took 6.5ns 
111530     INFO  main            d.u.i.k.p.r.p.TestFile    ... finished proof: closed. 
111799     INFO  main            d.u.i.k.p.i.AbstractProblemLoader Loading environment from /home/runner/work/key/key/key.core/../key.ui/examples/heap/information_flow/UpdateAbstraction_ex7_4_secure.key.proof 
111799     DEBUG main            d.u.i.k.p.i.AbstractProblemLoader Environment load took 138.4ns 
111801     INFO  main            d.u.i.k.p.i.AbstractProblemLoader Creating init config 
114501     DEBUG main            d.u.i.k.p.i.AbstractProblemLoader Init config took 2.7s 
114548     INFO  main            d.u.i.k.p.i.AbstractProblemLoader Replaying proof UpdateAbstraction[UpdateAbstraction::ex7_4_secure()].JML operation contract.0 
114591     DEBUG main            d.u.i.k.p.i.IntermediateProofReplayer Proof replay took 40.91ms 
114592     DEBUG main            d.u.i.k.p.r.p.TestFile    ... success: reloaded. 
114592     INFO  main            d.u.i.k.p.r.p.TestFile    Now processing file /home/runner/work/key/key/key.core/../key.ui/examples/heap/information_flow/UpdateAbstraction_ex7_5_secure.key 
114592     INFO  main            d.u.i.k.p.i.AbstractProblemLoader Loading environment from /home/runner/work/key/key/key.core/../key.ui/examples/heap/information_flow/UpdateAbstraction_ex7_5_secure.key 
114593     DEBUG main            d.u.i.k.p.i.AbstractProblemLoader Environment load took 106.9ns 
114593     INFO  main            d.u.i.k.p.i.AbstractProblemLoader Creating init config 
117347     DEBUG main            d.u.i.k.p.i.AbstractProblemLoader Init config took 2.75s 
117382     INFO  main            d.u.i.k.p.i.AbstractProblemLoader Replaying proof UpdateAbstraction[UpdateAbstraction::ex7_5_secure()].JML operation contract.0 
117383     DEBUG main            d.u.i.k.p.i.IntermediateProofReplayer Proof replay took 5.6ns 
117487     INFO  main            d.u.i.k.p.r.p.TestFile    ... finished proof: closed. 
117759     INFO  main            d.u.i.k.p.i.AbstractProblemLoader Loading environment from /home/runner/work/key/key/key.core/../key.ui/examples/heap/information_flow/UpdateAbstraction_ex7_5_secure.key.proof 
117759     DEBUG main            d.u.i.k.p.i.AbstractProblemLoader Environment load took 128.8ns 
117760     INFO  main            d.u.i.k.p.i.AbstractProblemLoader Creating init config 
120470     DEBUG main            d.u.i.k.p.i.AbstractProblemLoader Init config took 2.71s 
120509     INFO  main            d.u.i.k.p.i.AbstractProblemLoader Replaying proof UpdateAbstraction[UpdateAbstraction::ex7_5_secure()].JML operation contract.0 
120529     DEBUG main            d.u.i.k.p.i.IntermediateProofReplayer Proof replay took 17.85ms 
120531     DEBUG main            d.u.i.k.p.r.p.TestFile    ... success: reloaded. 
120531     INFO  main            d.u.i.k.p.r.p.TestFile    Now processing file /home/runner/work/key/key/key.core/../key.ui/examples/heap/information_flow/UpdateAbstraction_ex7_6_secure.key 
120532     INFO  main            d.u.i.k.p.i.AbstractProblemLoader Loading environment from /home/runner/work/key/key/key.core/../key.ui/examples/heap/information_flow/UpdateAbstraction_ex7_6_secure.key 
120532     DEBUG main            d.u.i.k.p.i.AbstractProblemLoader Environment load took 115.2ns 
120533     INFO  main            d.u.i.k.p.i.AbstractProblemLoader Creating init config 
123316     DEBUG main            d.u.i.k.p.i.AbstractProblemLoader Init config took 2.78s 
123351     INFO  main            d.u.i.k.p.i.AbstractProblemLoader Replaying proof UpdateAbstraction[UpdateAbstraction::ex7_6_secure()].JML operation contract.0 
123352     DEBUG main            d.u.i.k.p.i.IntermediateProofReplayer Proof replay took 5.8ns 
123654     INFO  main            d.u.i.k.p.r.p.TestFile    ... finished proof: closed. 
123945     INFO  main            d.u.i.k.p.i.AbstractProblemLoader Loading environment from /home/runner/work/key/key/key.core/../key.ui/examples/heap/information_flow/UpdateAbstraction_ex7_6_secure.key.proof 
123945     DEBUG main            d.u.i.k.p.i.AbstractProblemLoader Environment load took 124.7ns 
123946     INFO  main            d.u.i.k.p.i.AbstractProblemLoader Creating init config 
126621     DEBUG main            d.u.i.k.p.i.AbstractProblemLoader Init config took 2.68s 
126656     INFO  main            d.u.i.k.p.i.AbstractProblemLoader Replaying proof UpdateAbstraction[UpdateAbstraction::ex7_6_secure()].JML operation contract.0 
126715     DEBUG main            d.u.i.k.p.i.IntermediateProofReplayer Proof replay took 56.49ms 
126715     DEBUG main            d.u.i.k.p.r.p.TestFile    ... success: reloaded. 
126716     INFO  main            d.u.i.k.p.r.p.TestFile    Now processing file /home/runner/work/key/key/key.core/../key.ui/examples/heap/information_flow/UpdateAbstraction_ex9_secure.key 
126716     INFO  main            d.u.i.k.p.i.AbstractProblemLoader Loading environment from /home/runner/work/key/key/key.core/../key.ui/examples/heap/information_flow/UpdateAbstraction_ex9_secure.key 
126717     DEBUG main            d.u.i.k.p.i.AbstractProblemLoader Environment load took 98ns 
126717     INFO  main            d.u.i.k.p.i.AbstractProblemLoader Creating init config 
129470     DEBUG main            d.u.i.k.p.i.AbstractProblemLoader Init config took 2.75s 
129504     INFO  main            d.u.i.k.p.i.AbstractProblemLoader Replaying proof UpdateAbstraction[UpdateAbstraction::ex9_secure()].JML operation contract.0 
129505     DEBUG main            d.u.i.k.p.i.IntermediateProofReplayer Proof replay took 6ns 
130408     INFO  main            d.u.i.k.p.r.p.TestFile    ... finished proof: closed. 
130723     INFO  main            d.u.i.k.p.i.AbstractProblemLoader Loading environment from /home/runner/work/key/key/key.core/../key.ui/examples/heap/information_flow/UpdateAbstraction_ex9_secure.key.proof 
130723     DEBUG main            d.u.i.k.p.i.AbstractProblemLoader Environment load took 116.6ns 
130724     INFO  main            d.u.i.k.p.i.AbstractProblemLoader Creating init config 
133410     DEBUG main            d.u.i.k.p.i.AbstractProblemLoader Init config took 2.69s 
133445     INFO  main            d.u.i.k.p.i.AbstractProblemLoader Replaying proof UpdateAbstraction[UpdateAbstraction::ex9_secure()].JML operation contract.0 
133633     DEBUG main            d.u.i.k.p.i.IntermediateProofReplayer Proof replay took 184.82ms 
133634     DEBUG main            d.u.i.k.p.r.p.TestFile    ... success: reloaded. 
848456     INFO  Test worker     d.u.i.k.p.r.RunAllProofsTestUnit Returning from test javaCard 
848457     INFO  Test worker     d.u.i.k.p.r.RunAllProofsTestUnit Running test list 
349        INFO  Timeout watchdog d.u.i.k.p.r.p.ForkedTestFileRunner Timeout watcher launched (2000 secs.) 
352        WARN  main            d.u.i.k.s.ProofSettings   The settings in /home/runner/.key/proof-settings.props are *not* read. 
379        INFO  main            d.u.i.k.p.r.p.TestFile    Now processing file /home/runner/work/key/key/key.core/../key.ui/examples/heap/list/ArrayList_add.key 
481        INFO  main            d.u.i.k.p.i.AbstractProblemLoader Loading environment from /home/runner/work/key/key/key.core/../key.ui/examples/heap/list/ArrayList_add.key 
505        DEBUG main            d.u.i.k.p.i.AbstractProblemLoader Environment load took 5.65ms 
754        INFO  main            d.u.i.k.p.i.AbstractProblemLoader Creating init config 
1643       DEBUG main            d.u.i.k.j.TypeConverter   No LDT found for Meta 
1644       DEBUG main            d.u.i.k.j.TypeConverter   No LDT found for Meta 
1647       DEBUG main            d.u.i.k.j.TypeConverter   No LDT found for Meta 
1648       DEBUG main            d.u.i.k.j.TypeConverter   No LDT found for Meta 
2871       DEBUG main            d.u.i.k.j.TypeConverter   No LDT found for JavaBigintExpression 
6235       DEBUG main            d.u.i.k.j.r.ClassPreparationMethodBuilder clPrepBuilder: Inner Class detected. Reject building class initialisation methods. 
9021       DEBUG main            d.u.i.k.p.i.AbstractProblemLoader Init config took 8.27s 
9180       INFO  main            d.u.i.k.p.i.AbstractProblemLoader Replaying proof ArrayList[List::add(java.lang.Object)].JML normal_behavior operation contract.0 
9213       DEBUG main            d.u.i.k.p.i.IntermediateProofReplayer Proof replay took 35.6ns 
15572      INFO  main            d.u.i.k.p.r.p.TestFile    ... finished proof: closed. 
15776      INFO  main            d.u.i.k.p.i.AbstractProblemLoader Loading environment from /home/runner/work/key/key/key.core/../key.ui/examples/heap/list/ArrayList_add.key.proof 
15776      DEBUG main            d.u.i.k.p.i.AbstractProblemLoader Environment load took 156.1ns 
15779      INFO  main            d.u.i.k.p.i.AbstractProblemLoader Creating init config 
16976      DEBUG main            d.u.i.k.j.r.ClassPreparationMethodBuilder clPrepBuilder: Inner Class detected. Reject building class initialisation methods. 
19304      DEBUG main            d.u.i.k.p.i.AbstractProblemLoader Init config took 3.53s 
19391      INFO  main            d.u.i.k.p.i.AbstractProblemLoader Replaying proof ArrayList[List::add(java.lang.Object)].JML normal_behavior operation contract.0 
20424      DEBUG main            d.u.i.k.p.i.IntermediateProofReplayer Proof replay took 1.01s 
20436      DEBUG main            d.u.i.k.p.r.p.TestFile    ... success: reloaded. 
20440      INFO  main            d.u.i.k.p.r.p.TestFile    Now processing file /home/runner/work/key/key/key.core/../key.ui/examples/heap/list/ArrayList_ArrayList.key 
20440      INFO  main            d.u.i.k.p.i.AbstractProblemLoader Loading environment from /home/runner/work/key/key/key.core/../key.ui/examples/heap/list/ArrayList_ArrayList.key 
20441      DEBUG main            d.u.i.k.p.i.AbstractProblemLoader Environment load took 340.31ns 
20444      INFO  main            d.u.i.k.p.i.AbstractProblemLoader Creating init config 
21680      DEBUG main            d.u.i.k.j.r.ClassPreparationMethodBuilder clPrepBuilder: Inner Class detected. Reject building class initialisation methods. 
23947      DEBUG main            d.u.i.k.p.i.AbstractProblemLoader Init config took 3.5s 
24016      INFO  main            d.u.i.k.p.i.AbstractProblemLoader Replaying proof ArrayList[ArrayList::ArrayList()].JML normal_behavior operation contract.0 
24020      DEBUG main            d.u.i.k.p.i.IntermediateProofReplayer Proof replay took 7.8ns 
25427      INFO  main            d.u.i.k.p.r.p.TestFile    ... finished proof: closed. 
25623      INFO  main            d.u.i.k.p.i.AbstractProblemLoader Loading environment from /home/runner/work/key/key/key.core/../key.ui/examples/heap/list/ArrayList_ArrayList.key.proof 
25624      DEBUG main            d.u.i.k.p.i.AbstractProblemLoader Environment load took 535.11ns 
25625      INFO  main            d.u.i.k.p.i.AbstractProblemLoader Creating init config 
26649      DEBUG main            d.u.i.k.j.r.ClassPreparationMethodBuilder clPrepBuilder: Inner Class detected. Reject building class initialisation methods. 
28842      DEBUG main            d.u.i.k.p.i.AbstractProblemLoader Init config took 3.22s 
28901      INFO  main            d.u.i.k.p.i.AbstractProblemLoader Replaying proof ArrayList[ArrayList::ArrayList()].JML normal_behavior operation contract.0 
29153      DEBUG main            d.u.i.k.p.i.IntermediateProofReplayer Proof replay took 237.19ms 
29155      DEBUG main            d.u.i.k.p.r.p.TestFile    ... success: reloaded. 
29156      INFO  main            d.u.i.k.p.r.p.TestFile    Now processing file /home/runner/work/key/key/key.core/../key.ui/examples/heap/list/ArrayList_concatenate.key 
29156      INFO  main            d.u.i.k.p.i.AbstractProblemLoader Loading environment from /home/runner/work/key/key/key.core/../key.ui/examples/heap/list/ArrayList_concatenate.key 
29157      DEBUG main            d.u.i.k.p.i.AbstractProblemLoader Environment load took 116.4ns 
29159      INFO  main            d.u.i.k.p.i.AbstractProblemLoader Creating init config 
30185      DEBUG main            d.u.i.k.j.r.ClassPreparationMethodBuilder clPrepBuilder: Inner Class detected. Reject building class initialisation methods. 
32381      DEBUG main            d.u.i.k.p.i.AbstractProblemLoader Init config took 3.22s 
32438      INFO  main            d.u.i.k.p.i.AbstractProblemLoader Replaying proof ArrayList[List::concatenate(List)].JML normal_behavior operation contract.0 
32440      DEBUG main            d.u.i.k.p.i.IntermediateProofReplayer Proof replay took 17.1ns 
57570      INFO  main            d.u.i.k.p.r.p.TestFile    ... finished proof: closed. 
57827      INFO  main            d.u.i.k.p.i.AbstractProblemLoader Loading environment from /home/runner/work/key/key/key.core/../key.ui/examples/heap/list/ArrayList_concatenate.key.proof 
57828      DEBUG main            d.u.i.k.p.i.AbstractProblemLoader Environment load took 525.21ns 
57832      INFO  main            d.u.i.k.p.i.AbstractProblemLoader Creating init config 
58823      DEBUG main            d.u.i.k.j.r.ClassPreparationMethodBuilder clPrepBuilder: Inner Class detected. Reject building class initialisation methods. 
60937      DEBUG main            d.u.i.k.p.i.AbstractProblemLoader Init config took 3.11s 
61005      INFO  main            d.u.i.k.p.i.AbstractProblemLoader Replaying proof ArrayList[List::concatenate(List)].JML normal_behavior operation contract.0 
63159      DEBUG main            d.u.i.k.p.i.IntermediateProofReplayer Proof replay took 2.09s 
63164      DEBUG main            d.u.i.k.p.r.p.TestFile    ... success: reloaded. 
63166      INFO  main            d.u.i.k.p.r.p.TestFile    Now processing file /home/runner/work/key/key/key.core/../key.ui/examples/heap/list/ArrayList_contains_dep.key 
63166      INFO  main            d.u.i.k.p.i.AbstractProblemLoader Loading environment from /home/runner/work/key/key/key.core/../key.ui/examples/heap/list/ArrayList_contains_dep.key 
63166      DEBUG main            d.u.i.k.p.i.AbstractProblemLoader Environment load took 242.51ns 
63167      INFO  main            d.u.i.k.p.i.AbstractProblemLoader Creating init config 
64231      DEBUG main            d.u.i.k.j.r.ClassPreparationMethodBuilder clPrepBuilder: Inner Class detected. Reject building class initialisation methods. 
66466      DEBUG main            d.u.i.k.p.i.AbstractProblemLoader Init config took 3.3s 
66536      INFO  main            d.u.i.k.p.i.AbstractProblemLoader Replaying proof ArrayList[List::contains(java.lang.Object)].JML accessible clause.0 
66539      DEBUG main            d.u.i.k.p.i.IntermediateProofReplayer Proof replay took 7.3ns 
69402      INFO  main            d.u.i.k.p.r.p.TestFile    ... finished proof: closed. 
69670      INFO  main            d.u.i.k.p.i.AbstractProblemLoader Loading environment from /home/runner/work/key/key/key.core/../key.ui/examples/heap/list/ArrayList_contains_dep.key.proof 
69670      DEBUG main            d.u.i.k.p.i.AbstractProblemLoader Environment load took 493.01ns 
69672      INFO  main            d.u.i.k.p.i.AbstractProblemLoader Creating init config 
70661      DEBUG main            d.u.i.k.j.r.ClassPreparationMethodBuilder clPrepBuilder: Inner Class detected. Reject building class initialisation methods. 
72832      DEBUG main            d.u.i.k.p.i.AbstractProblemLoader Init config took 3.16s 
72892      INFO  main            d.u.i.k.p.i.AbstractProblemLoader Replaying proof ArrayList[List::contains(java.lang.Object)].JML accessible clause.0 
73360      DEBUG main            d.u.i.k.p.i.IntermediateProofReplayer Proof replay took 455.2ms 
73362      DEBUG main            d.u.i.k.p.r.p.TestFile    ... success: reloaded. 
73363      INFO  main            d.u.i.k.p.r.p.TestFile    Now processing file /home/runner/work/key/key/key.core/../key.ui/examples/heap/list/ArrayList_enlarge.key 
73364      INFO  main            d.u.i.k.p.i.AbstractProblemLoader Loading environment from /home/runner/work/key/key/key.core/../key.ui/examples/heap/list/ArrayList_enlarge.key 
73364      DEBUG main            d.u.i.k.p.i.AbstractProblemLoader Environment load took 240.1ns 
73365      INFO  main            d.u.i.k.p.i.AbstractProblemLoader Creating init config 
74363      DEBUG main            d.u.i.k.j.r.ClassPreparationMethodBuilder clPrepBuilder: Inner Class detected. Reject building class initialisation methods. 
76469      DEBUG main            d.u.i.k.p.i.AbstractProblemLoader Init config took 3.1s 
76546      INFO  main            d.u.i.k.p.i.AbstractProblemLoader Replaying proof ArrayList[ArrayList::enlarge()].JML normal_behavior operation contract.0 
76548      DEBUG main            d.u.i.k.p.i.IntermediateProofReplayer Proof replay took 6.2ns 
78856      INFO  main            d.u.i.k.p.r.p.TestFile    ... finished proof: closed. 
79076      INFO  main            d.u.i.k.p.i.AbstractProblemLoader Loading environment from /home/runner/work/key/key/key.core/../key.ui/examples/heap/list/ArrayList_enlarge.key.proof 
79076      DEBUG main            d.u.i.k.p.i.AbstractProblemLoader Environment load took 535.51ns 
79079      INFO  main            d.u.i.k.p.i.AbstractProblemLoader Creating init config 
80065      DEBUG main            d.u.i.k.j.r.ClassPreparationMethodBuilder clPrepBuilder: Inner Class detected. Reject building class initialisation methods. 
82190      DEBUG main            d.u.i.k.p.i.AbstractProblemLoader Init config took 3.11s 
82244      INFO  main            d.u.i.k.p.i.AbstractProblemLoader Replaying proof ArrayList[ArrayList::enlarge()].JML normal_behavior operation contract.0 
82653      DEBUG main            d.u.i.k.p.i.IntermediateProofReplayer Proof replay took 400.42ms 
82654      DEBUG main            d.u.i.k.p.r.p.TestFile    ... success: reloaded. 
82655      INFO  main            d.u.i.k.p.r.p.TestFile    Now processing file /home/runner/work/key/key/key.core/../key.ui/examples/heap/list/ArrayList_footprint.key 
82656      INFO  main            d.u.i.k.p.i.AbstractProblemLoader Loading environment from /home/runner/work/key/key/key.core/../key.ui/examples/heap/list/ArrayList_footprint.key 
82656      DEBUG main            d.u.i.k.p.i.AbstractProblemLoader Environment load took 121.6ns 
82657      INFO  main            d.u.i.k.p.i.AbstractProblemLoader Creating init config 
83695      DEBUG main            d.u.i.k.j.r.ClassPreparationMethodBuilder clPrepBuilder: Inner Class detected. Reject building class initialisation methods. 
85853      DEBUG main            d.u.i.k.p.i.AbstractProblemLoader Init config took 3.2s 
85905      INFO  main            d.u.i.k.p.i.AbstractProblemLoader Replaying proof List[List::$footprint()].JML accessible clause.0 
85907      DEBUG main            d.u.i.k.p.i.IntermediateProofReplayer Proof replay took 6.1ns 
86011      INFO  main            d.u.i.k.p.r.p.TestFile    ... finished proof: closed. 
86194      INFO  main            d.u.i.k.p.i.AbstractProblemLoader Loading environment from /home/runner/work/key/key/key.core/../key.ui/examples/heap/list/ArrayList_footprint.key.proof 
86194      DEBUG main            d.u.i.k.p.i.AbstractProblemLoader Environment load took 123.6ns 
86195      INFO  main            d.u.i.k.p.i.AbstractProblemLoader Creating init config 
87170      DEBUG main            d.u.i.k.j.r.ClassPreparationMethodBuilder clPrepBuilder: Inner Class detected. Reject building class initialisation methods. 
89267      DEBUG main            d.u.i.k.p.i.AbstractProblemLoader Init config took 3.07s 
89312      INFO  main            d.u.i.k.p.i.AbstractProblemLoader Replaying proof List[List::$footprint()].JML accessible clause.0 
89314      DEBUG main            d.u.i.k.p.i.IntermediateProofReplayer Proof replay took 1.11ms 
89315      DEBUG main            d.u.i.k.p.r.p.TestFile    ... success: reloaded. 
89316      INFO  main            d.u.i.k.p.r.p.TestFile    Now processing file /home/runner/work/key/key/key.core/../key.ui/examples/heap/list/ArrayList_get_dep.key 
89317      INFO  main            d.u.i.k.p.i.AbstractProblemLoader Loading environment from /home/runner/work/key/key/key.core/../key.ui/examples/heap/list/ArrayList_get_dep.key 
89317      DEBUG main            d.u.i.k.p.i.AbstractProblemLoader Environment load took 108.9ns 
89318      INFO  main            d.u.i.k.p.i.AbstractProblemLoader Creating init config 
90331      DEBUG main            d.u.i.k.j.r.ClassPreparationMethodBuilder clPrepBuilder: Inner Class detected. Reject building class initialisation methods. 
92458      DEBUG main            d.u.i.k.p.i.AbstractProblemLoader Init config took 3.14s 
92505      INFO  main            d.u.i.k.p.i.AbstractProblemLoader Replaying proof ArrayList[List::get(int)].JML accessible clause.0 
92507      DEBUG main            d.u.i.k.p.i.IntermediateProofReplayer Proof replay took 6.2ns 
92916      INFO  main            d.u.i.k.p.r.p.TestFile    ... finished proof: closed. 
93106      INFO  main            d.u.i.k.p.i.AbstractProblemLoader Loading environment from /home/runner/work/key/key/key.core/../key.ui/examples/heap/list/ArrayList_get_dep.key.proof 
93106      DEBUG main            d.u.i.k.p.i.AbstractProblemLoader Environment load took 480.41ns 
93108      INFO  main            d.u.i.k.p.i.AbstractProblemLoader Creating init config 
94064      DEBUG main            d.u.i.k.j.r.ClassPreparationMethodBuilder clPrepBuilder: Inner Class detected. Reject building class initialisation methods. 
96168      DEBUG main            d.u.i.k.p.i.AbstractProblemLoader Init config took 3.06s 
96216      INFO  main            d.u.i.k.p.i.AbstractProblemLoader Replaying proof ArrayList[List::get(int)].JML accessible clause.0 
96304      DEBUG main            d.u.i.k.p.i.IntermediateProofReplayer Proof replay took 78.69ms 
96306      DEBUG main            d.u.i.k.p.r.p.TestFile    ... success: reloaded. 
96308      INFO  main            d.u.i.k.p.r.p.TestFile    Now processing file /home/runner/work/key/key/key.core/../key.ui/examples/heap/list/ArrayList_get_exceptional.key 
96309      INFO  main            d.u.i.k.p.i.AbstractProblemLoader Loading environment from /home/runner/work/key/key/key.core/../key.ui/examples/heap/list/ArrayList_get_exceptional.key 
96311      DEBUG main            d.u.i.k.p.i.AbstractProblemLoader Environment load took 2.6ms 
96313      INFO  main            d.u.i.k.p.i.AbstractProblemLoader Creating init config 
97336      DEBUG main            d.u.i.k.j.r.ClassPreparationMethodBuilder clPrepBuilder: Inner Class detected. Reject building class initialisation methods. 
99482      DEBUG main            d.u.i.k.p.i.AbstractProblemLoader Init config took 3.17s 
99529      INFO  main            d.u.i.k.p.i.AbstractProblemLoader Replaying proof ArrayList[List::get(int)].JML exceptional_behavior operation contract.0 
99531      DEBUG main            d.u.i.k.p.i.IntermediateProofReplayer Proof replay took 6.5ns 
100746     INFO  main            d.u.i.k.p.r.p.TestFile    ... finished proof: closed. 
100952     INFO  main            d.u.i.k.p.i.AbstractProblemLoader Loading environment from /home/runner/work/key/key/key.core/../key.ui/examples/heap/list/ArrayList_get_exceptional.key.proof 
100952     DEBUG main            d.u.i.k.p.i.AbstractProblemLoader Environment load took 525.01ns 
100954     INFO  main            d.u.i.k.p.i.AbstractProblemLoader Creating init config 
101946     DEBUG main            d.u.i.k.j.r.ClassPreparationMethodBuilder clPrepBuilder: Inner Class detected. Reject building class initialisation methods. 
104014     DEBUG main            d.u.i.k.p.i.AbstractProblemLoader Init config took 3.06s 
104072     INFO  main            d.u.i.k.p.i.AbstractProblemLoader Replaying proof ArrayList[List::get(int)].JML exceptional_behavior operation contract.0 
104287     DEBUG main            d.u.i.k.p.i.IntermediateProofReplayer Proof replay took 207.66ms 
104288     DEBUG main            d.u.i.k.p.r.p.TestFile    ... success: reloaded. 
104290     INFO  main            d.u.i.k.p.r.p.TestFile    Now processing file /home/runner/work/key/key/key.core/../key.ui/examples/heap/list/ArrayList_get_normal.key 
104290     INFO  main            d.u.i.k.p.i.AbstractProblemLoader Loading environment from /home/runner/work/key/key/key.core/../key.ui/examples/heap/list/ArrayList_get_normal.key 
104290     DEBUG main            d.u.i.k.p.i.AbstractProblemLoader Environment load took 234.41ns 
104291     INFO  main            d.u.i.k.p.i.AbstractProblemLoader Creating init config 
105301     DEBUG main            d.u.i.k.j.r.ClassPreparationMethodBuilder clPrepBuilder: Inner Class detected. Reject building class initialisation methods. 
107492     DEBUG main            d.u.i.k.p.i.AbstractProblemLoader Init config took 3.2s 
107539     INFO  main            d.u.i.k.p.i.AbstractProblemLoader Replaying proof ArrayList[List::get(int)].JML normal_behavior operation contract.0 
107540     DEBUG main            d.u.i.k.p.i.IntermediateProofReplayer Proof replay took 5.8ns 
107944     INFO  main            d.u.i.k.p.r.p.TestFile    ... finished proof: closed. 
108168     INFO  main            d.u.i.k.p.i.AbstractProblemLoader Loading environment from /home/runner/work/key/key/key.core/../key.ui/examples/heap/list/ArrayList_get_normal.key.proof 
108169     DEBUG main            d.u.i.k.p.i.AbstractProblemLoader Environment load took 134.7ns 
108170     INFO  main            d.u.i.k.p.i.AbstractProblemLoader Creating init config 
109155     DEBUG main            d.u.i.k.j.r.ClassPreparationMethodBuilder clPrepBuilder: Inner Class detected. Reject building class initialisation methods. 
111275     DEBUG main            d.u.i.k.p.i.AbstractProblemLoader Init config took 3.11s 
111322     INFO  main            d.u.i.k.p.i.AbstractProblemLoader Replaying proof ArrayList[List::get(int)].JML normal_behavior operation contract.0 
111413     DEBUG main            d.u.i.k.p.i.IntermediateProofReplayer Proof replay took 87.41ms 
111415     DEBUG main            d.u.i.k.p.r.p.TestFile    ... success: reloaded. 
111416     INFO  main            d.u.i.k.p.r.p.TestFile    Now processing file /home/runner/work/key/key/key.core/../key.ui/examples/heap/list/ArrayList_inv.key 
111417     INFO  main            d.u.i.k.p.i.AbstractProblemLoader Loading environment from /home/runner/work/key/key/key.core/../key.ui/examples/heap/list/ArrayList_inv.key 
111417     DEBUG main            d.u.i.k.p.i.AbstractProblemLoader Environment load took 246.21ns 
111418     INFO  main            d.u.i.k.p.i.AbstractProblemLoader Creating init config 
112394     DEBUG main            d.u.i.k.j.r.ClassPreparationMethodBuilder clPrepBuilder: Inner Class detected. Reject building class initialisation methods. 
114499     DEBUG main            d.u.i.k.p.i.AbstractProblemLoader Init config took 3.08s 
114544     INFO  main            d.u.i.k.p.i.AbstractProblemLoader Replaying proof ArrayList[java.lang.Object::<inv>()].JML accessible clause.0 
114546     DEBUG main            d.u.i.k.p.i.IntermediateProofReplayer Proof replay took 5.5ns 
114952     INFO  main            d.u.i.k.p.r.p.TestFile    ... finished proof: closed. 
115151     INFO  main            d.u.i.k.p.i.AbstractProblemLoader Loading environment from /home/runner/work/key/key/key.core/../key.ui/examples/heap/list/ArrayList_inv.key.proof 
115151     DEBUG main            d.u.i.k.p.i.AbstractProblemLoader Environment load took 129.7ns 
115152     INFO  main            d.u.i.k.p.i.AbstractProblemLoader Creating init config 
116116     DEBUG main            d.u.i.k.j.r.ClassPreparationMethodBuilder clPrepBuilder: Inner Class detected. Reject building class initialisation methods. 
118176     DEBUG main            d.u.i.k.p.i.AbstractProblemLoader Init config took 3.02s 
118222     INFO  main            d.u.i.k.p.i.AbstractProblemLoader Replaying proof ArrayList[java.lang.Object::<inv>()].JML accessible clause.0 
118266     DEBUG main            d.u.i.k.p.i.IntermediateProofReplayer Proof replay took 40.42ms 
118267     DEBUG main            d.u.i.k.p.r.p.TestFile    ... success: reloaded. 
118270     INFO  main            d.u.i.k.p.r.p.TestFile    Now processing file /home/runner/work/key/key/key.core/../key.ui/examples/heap/list/ArrayList_iterator.key 
118271     INFO  main            d.u.i.k.p.i.AbstractProblemLoader Loading environment from /home/runner/work/key/key/key.core/../key.ui/examples/heap/list/ArrayList_iterator.key 
118271     DEBUG main            d.u.i.k.p.i.AbstractProblemLoader Environment load took 253ns 
118272     INFO  main            d.u.i.k.p.i.AbstractProblemLoader Creating init config 
119295     DEBUG main            d.u.i.k.j.r.ClassPreparationMethodBuilder clPrepBuilder: Inner Class detected. Reject building class initialisation methods. 
121399     DEBUG main            d.u.i.k.p.i.AbstractProblemLoader Init config took 3.13s 
121445     INFO  main            d.u.i.k.p.i.AbstractProblemLoader Replaying proof ArrayList[List::iterator()].JML normal_behavior operation contract.0 
121446     DEBUG main            d.u.i.k.p.i.IntermediateProofReplayer Proof replay took 6ns 
121949     INFO  main            d.u.i.k.p.r.p.TestFile    ... finished proof: closed. 
122164     INFO  main            d.u.i.k.p.i.AbstractProblemLoader Loading environment from /home/runner/work/key/key/key.core/../key.ui/examples/heap/list/ArrayList_iterator.key.proof 
122165     DEBUG main            d.u.i.k.p.i.AbstractProblemLoader Environment load took 564.81ns 
122166     INFO  main            d.u.i.k.p.i.AbstractProblemLoader Creating init config 
123130     DEBUG main            d.u.i.k.j.r.ClassPreparationMethodBuilder clPrepBuilder: Inner Class detected. Reject building class initialisation methods. 
125225     DEBUG main            d.u.i.k.p.i.AbstractProblemLoader Init config took 3.06s 
125286     INFO  main            d.u.i.k.p.i.AbstractProblemLoader Replaying proof ArrayList[List::iterator()].JML normal_behavior operation contract.0 
125373     DEBUG main            d.u.i.k.p.i.IntermediateProofReplayer Proof replay took 77.55ms 
125374     DEBUG main            d.u.i.k.p.r.p.TestFile    ... success: reloaded. 
125375     INFO  main            d.u.i.k.p.r.p.TestFile    Now processing file /home/runner/work/key/key/key.core/../key.ui/examples/heap/list/ArrayList_size_dep.key 
125376     INFO  main            d.u.i.k.p.i.AbstractProblemLoader Loading environment from /home/runner/work/key/key/key.core/../key.ui/examples/heap/list/ArrayList_size_dep.key 
125376     DEBUG main            d.u.i.k.p.i.AbstractProblemLoader Environment load took 69.5ns 
125377     INFO  main            d.u.i.k.p.i.AbstractProblemLoader Creating init config 
126352     DEBUG main            d.u.i.k.j.r.ClassPreparationMethodBuilder clPrepBuilder: Inner Class detected. Reject building class initialisation methods. 
128427     DEBUG main            d.u.i.k.p.i.AbstractProblemLoader Init config took 3.05s 
128473     INFO  main            d.u.i.k.p.i.AbstractProblemLoader Replaying proof ArrayList[List::size()].JML accessible clause.0 
128474     DEBUG main            d.u.i.k.p.i.IntermediateProofReplayer Proof replay took 6.1ns 
128679     INFO  main            d.u.i.k.p.r.p.TestFile    ... finished proof: closed. 
128903     INFO  main            d.u.i.k.p.i.AbstractProblemLoader Loading environment from /home/runner/work/key/key/key.core/../key.ui/examples/heap/list/ArrayList_size_dep.key.proof 
128903     DEBUG main            d.u.i.k.p.i.AbstractProblemLoader Environment load took 123.6ns 
128904     INFO  main            d.u.i.k.p.i.AbstractProblemLoader Creating init config 
129867     DEBUG main            d.u.i.k.j.r.ClassPreparationMethodBuilder clPrepBuilder: Inner Class detected. Reject building class initialisation methods. 
131956     DEBUG main            d.u.i.k.p.i.AbstractProblemLoader Init config took 3.05s 
132004     INFO  main            d.u.i.k.p.i.AbstractProblemLoader Replaying proof ArrayList[List::size()].JML accessible clause.0 
132030     DEBUG main            d.u.i.k.p.i.IntermediateProofReplayer Proof replay took 21.66ms 
132031     DEBUG main            d.u.i.k.p.r.p.TestFile    ... success: reloaded. 
132034     INFO  main            d.u.i.k.p.r.p.TestFile    Now processing file /home/runner/work/key/key/key.core/../key.ui/examples/heap/list/ArrayList_size.key 
132034     INFO  main            d.u.i.k.p.i.AbstractProblemLoader Loading environment from /home/runner/work/key/key/key.core/../key.ui/examples/heap/list/ArrayList_size.key 
132035     DEBUG main            d.u.i.k.p.i.AbstractProblemLoader Environment load took 260.81ns 
132037     INFO  main            d.u.i.k.p.i.AbstractProblemLoader Creating init config 
133012     DEBUG main            d.u.i.k.j.r.ClassPreparationMethodBuilder clPrepBuilder: Inner Class detected. Reject building class initialisation methods. 
135075     DEBUG main            d.u.i.k.p.i.AbstractProblemLoader Init config took 3.04s 
135121     INFO  main            d.u.i.k.p.i.AbstractProblemLoader Replaying proof ArrayList[List::size()].JML normal_behavior operation contract.0 
135122     DEBUG main            d.u.i.k.p.i.IntermediateProofReplayer Proof replay took 5.8ns 
135325     INFO  main            d.u.i.k.p.r.p.TestFile    ... finished proof: closed. 
135553     INFO  main            d.u.i.k.p.i.AbstractProblemLoader Loading environment from /home/runner/work/key/key/key.core/../key.ui/examples/heap/list/ArrayList_size.key.proof 
135553     DEBUG main            d.u.i.k.p.i.AbstractProblemLoader Environment load took 137.2ns 
135554     INFO  main            d.u.i.k.p.i.AbstractProblemLoader Creating init config 
136512     DEBUG main            d.u.i.k.j.r.ClassPreparationMethodBuilder clPrepBuilder: Inner Class detected. Reject building class initialisation methods. 
138572     DEBUG main            d.u.i.k.p.i.AbstractProblemLoader Init config took 3.02s 
138631     INFO  main            d.u.i.k.p.i.AbstractProblemLoader Replaying proof ArrayList[List::size()].JML normal_behavior operation contract.0 
138667     DEBUG main            d.u.i.k.p.i.IntermediateProofReplayer Proof replay took 33.01ms 
138668     DEBUG main            d.u.i.k.p.r.p.TestFile    ... success: reloaded. 
138669     INFO  main            d.u.i.k.p.r.p.TestFile    Now processing file /home/runner/work/key/key/key.core/../key.ui/examples/heap/list/ArrayList.ArrayListIterator_ArrayListIterator.key 
138669     INFO  main            d.u.i.k.p.i.AbstractProblemLoader Loading environment from /home/runner/work/key/key/key.core/../key.ui/examples/heap/list/ArrayList.ArrayListIterator_ArrayListIterator.key 
138669     DEBUG main            d.u.i.k.p.i.AbstractProblemLoader Environment load took 96.5ns 
138670     INFO  main            d.u.i.k.p.i.AbstractProblemLoader Creating init config 
139655     DEBUG main            d.u.i.k.j.r.ClassPreparationMethodBuilder clPrepBuilder: Inner Class detected. Reject building class initialisation methods. 
141764     DEBUG main            d.u.i.k.p.i.AbstractProblemLoader Init config took 3.09s 
141824     INFO  main            d.u.i.k.p.i.AbstractProblemLoader Replaying proof ArrayList.ArrayListIterator[ArrayList.ArrayListIterator::ArrayListIterator(ArrayList)].JML normal_behavior operation contract.0 
141827     DEBUG main            d.u.i.k.p.i.IntermediateProofReplayer Proof replay took 6.8ns 
142431     INFO  main            d.u.i.k.p.r.p.TestFile    ... finished proof: closed. 
142692     INFO  main            d.u.i.k.p.i.AbstractProblemLoader Loading environment from /home/runner/work/key/key/key.core/../key.ui/examples/heap/list/ArrayList.ArrayListIterator_ArrayListIterator.key.proof 
142694     DEBUG main            d.u.i.k.p.i.AbstractProblemLoader Environment load took 1.94ms 
142695     INFO  main            d.u.i.k.p.i.AbstractProblemLoader Creating init config 
143655     DEBUG main            d.u.i.k.j.r.ClassPreparationMethodBuilder clPrepBuilder: Inner Class detected. Reject building class initialisation methods. 
145733     DEBUG main            d.u.i.k.p.i.AbstractProblemLoader Init config took 3.04s 
145801     INFO  main            d.u.i.k.p.i.AbstractProblemLoader Replaying proof ArrayList.ArrayListIterator[ArrayList.ArrayListIterator::ArrayListIterator(ArrayList)].JML normal_behavior operation contract.0 
145912     DEBUG main            d.u.i.k.p.i.IntermediateProofReplayer Proof replay took 106.5ms 
145913     DEBUG main            d.u.i.k.p.r.p.TestFile    ... success: reloaded. 
145914     INFO  main            d.u.i.k.p.r.p.TestFile    Now processing file /home/runner/work/key/key/key.core/../key.ui/examples/heap/list/ArrayList.ArrayListIterator_hasNext_dep.key 
145915     INFO  main            d.u.i.k.p.i.AbstractProblemLoader Loading environment from /home/runner/work/key/key/key.core/../key.ui/examples/heap/list/ArrayList.ArrayListIterator_hasNext_dep.key 
145915     DEBUG main            d.u.i.k.p.i.AbstractProblemLoader Environment load took 115.9ns 
145916     INFO  main            d.u.i.k.p.i.AbstractProblemLoader Creating init config 
146887     DEBUG main            d.u.i.k.j.r.ClassPreparationMethodBuilder clPrepBuilder: Inner Class detected. Reject building class initialisation methods. 
148972     DEBUG main            d.u.i.k.p.i.AbstractProblemLoader Init config took 3.06s 
149025     INFO  main            d.u.i.k.p.i.AbstractProblemLoader Replaying proof ArrayList.ArrayListIterator[ListIterator::hasNext()].JML accessible clause.0 
149027     DEBUG main            d.u.i.k.p.i.IntermediateProofReplayer Proof replay took 6.1ns 
149430     INFO  main            d.u.i.k.p.r.p.TestFile    ... finished proof: closed. 
149682     INFO  main            d.u.i.k.p.i.AbstractProblemLoader Loading environment from /home/runner/work/key/key/key.core/../key.ui/examples/heap/list/ArrayList.ArrayListIterator_hasNext_dep.key.proof 
149682     DEBUG main            d.u.i.k.p.i.AbstractProblemLoader Environment load took 157.3ns 
149683     INFO  main            d.u.i.k.p.i.AbstractProblemLoader Creating init config 
150643     DEBUG main            d.u.i.k.j.r.ClassPreparationMethodBuilder clPrepBuilder: Inner Class detected. Reject building class initialisation methods. 
152713     DEBUG main            d.u.i.k.p.i.AbstractProblemLoader Init config took 3.03s 
152765     INFO  main            d.u.i.k.p.i.AbstractProblemLoader Replaying proof ArrayList.ArrayListIterator[ListIterator::hasNext()].JML accessible clause.0 
152818     DEBUG main            d.u.i.k.p.i.IntermediateProofReplayer Proof replay took 50.25ms 
152821     DEBUG main            d.u.i.k.p.r.p.TestFile    ... success: reloaded. 
152822     INFO  main            d.u.i.k.p.r.p.TestFile    Now processing file /home/runner/work/key/key/key.core/../key.ui/examples/heap/list/ArrayList.ArrayListIterator_hasNext.key 
152822     INFO  main            d.u.i.k.p.i.AbstractProblemLoader Loading environment from /home/runner/work/key/key/key.core/../key.ui/examples/heap/list/ArrayList.ArrayListIterator_hasNext.key 
152822     DEBUG main            d.u.i.k.p.i.AbstractProblemLoader Environment load took 68.6ns 
152823     INFO  main            d.u.i.k.p.i.AbstractProblemLoader Creating init config 
153789     DEBUG main            d.u.i.k.j.r.ClassPreparationMethodBuilder clPrepBuilder: Inner Class detected. Reject building class initialisation methods. 
155854     DEBUG main            d.u.i.k.p.i.AbstractProblemLoader Init config took 3.03s 
155907     INFO  main            d.u.i.k.p.i.AbstractProblemLoader Replaying proof ArrayList.ArrayListIterator[ListIterator::hasNext()].JML normal_behavior operation contract.0 
155908     DEBUG main            d.u.i.k.p.i.IntermediateProofReplayer Proof replay took 6.6ns 
156314     INFO  main            d.u.i.k.p.r.p.TestFile    ... finished proof: closed. 
156546     INFO  main            d.u.i.k.p.i.AbstractProblemLoader Loading environment from /home/runner/work/key/key/key.core/../key.ui/examples/heap/list/ArrayList.ArrayListIterator_hasNext.key.proof 
156546     DEBUG main            d.u.i.k.p.i.AbstractProblemLoader Environment load took 118.8ns 
156547     INFO  main            d.u.i.k.p.i.AbstractProblemLoader Creating init config 
157500     DEBUG main            d.u.i.k.j.r.ClassPreparationMethodBuilder clPrepBuilder: Inner Class detected. Reject building class initialisation methods. 
159548     DEBUG main            d.u.i.k.p.i.AbstractProblemLoader Init config took 3s 
159598     INFO  main            d.u.i.k.p.i.AbstractProblemLoader Replaying proof ArrayList.ArrayListIterator[ListIterator::hasNext()].JML normal_behavior operation contract.0 
159653     DEBUG main            d.u.i.k.p.i.IntermediateProofReplayer Proof replay took 51.66ms 
159654     DEBUG main            d.u.i.k.p.r.p.TestFile    ... success: reloaded. 
159655     INFO  main            d.u.i.k.p.r.p.TestFile    Now processing file /home/runner/work/key/key/key.core/../key.ui/examples/heap/list/ArrayList.ArrayListIterator_inv.key 
159655     INFO  main            d.u.i.k.p.i.AbstractProblemLoader Loading environment from /home/runner/work/key/key/key.core/../key.ui/examples/heap/list/ArrayList.ArrayListIterator_inv.key 
159655     DEBUG main            d.u.i.k.p.i.AbstractProblemLoader Environment load took 103.1ns 
159656     INFO  main            d.u.i.k.p.i.AbstractProblemLoader Creating init config 
160636     DEBUG main            d.u.i.k.j.r.ClassPreparationMethodBuilder clPrepBuilder: Inner Class detected. Reject building class initialisation methods. 
162738     DEBUG main            d.u.i.k.p.i.AbstractProblemLoader Init config took 3.08s 
162789     INFO  main            d.u.i.k.p.i.AbstractProblemLoader Replaying proof ArrayList.ArrayListIterator[java.lang.Object::<inv>()].JML accessible clause.0 
162790     DEBUG main            d.u.i.k.p.i.IntermediateProofReplayer Proof replay took 6.5ns 
163710     INFO  main            d.u.i.k.p.r.p.TestFile    ... finished proof: closed. 
163976     INFO  main            d.u.i.k.p.i.AbstractProblemLoader Loading environment from /home/runner/work/key/key/key.core/../key.ui/examples/heap/list/ArrayList.ArrayListIterator_inv.key.proof 
163976     DEBUG main            d.u.i.k.p.i.AbstractProblemLoader Environment load took 145.5ns 
163977     INFO  main            d.u.i.k.p.i.AbstractProblemLoader Creating init config 
164951     DEBUG main            d.u.i.k.j.r.ClassPreparationMethodBuilder clPrepBuilder: Inner Class detected. Reject building class initialisation methods. 
166969     DEBUG main            d.u.i.k.p.i.AbstractProblemLoader Init config took 2.99s 
167020     INFO  main            d.u.i.k.p.i.AbstractProblemLoader Replaying proof ArrayList.ArrayListIterator[java.lang.Object::<inv>()].JML accessible clause.0 
167132     DEBUG main            d.u.i.k.p.i.IntermediateProofReplayer Proof replay took 106.36ms 
167134     DEBUG main            d.u.i.k.p.r.p.TestFile    ... success: reloaded. 
167135     INFO  main            d.u.i.k.p.r.p.TestFile    Now processing file /home/runner/work/key/key/key.core/../key.ui/examples/heap/list/ArrayList.ArrayListIterator_list.key 
167135     INFO  main            d.u.i.k.p.i.AbstractProblemLoader Loading environment from /home/runner/work/key/key/key.core/../key.ui/examples/heap/list/ArrayList.ArrayListIterator_list.key 
167135     DEBUG main            d.u.i.k.p.i.AbstractProblemLoader Environment load took 87.1ns 
167136     INFO  main            d.u.i.k.p.i.AbstractProblemLoader Creating init config 
168114     DEBUG main            d.u.i.k.j.r.ClassPreparationMethodBuilder clPrepBuilder: Inner Class detected. Reject building class initialisation methods. 
170171     DEBUG main            d.u.i.k.p.i.AbstractProblemLoader Init config took 3.03s 
170210     INFO  main            d.u.i.k.p.i.AbstractProblemLoader Replaying proof ListIterator[ListIterator::$list()].JML accessible clause.0 
170212     DEBUG main            d.u.i.k.p.i.IntermediateProofReplayer Proof replay took 5.9ns 
170314     INFO  main            d.u.i.k.p.r.p.TestFile    ... finished proof: closed. 
170568     INFO  main            d.u.i.k.p.i.AbstractProblemLoader Loading environment from /home/runner/work/key/key/key.core/../key.ui/examples/heap/list/ArrayList.ArrayListIterator_list.key.proof 
170568     DEBUG main            d.u.i.k.p.i.AbstractProblemLoader Environment load took 147.5ns 
170569     INFO  main            d.u.i.k.p.i.AbstractProblemLoader Creating init config 
171521     DEBUG main            d.u.i.k.j.r.ClassPreparationMethodBuilder clPrepBuilder: Inner Class detected. Reject building class initialisation methods. 
173572     DEBUG main            d.u.i.k.p.i.AbstractProblemLoader Init config took 3s 
173622     INFO  main            d.u.i.k.p.i.AbstractProblemLoader Replaying proof ListIterator[ListIterator::$list()].JML accessible clause.0 
173624     DEBUG main            d.u.i.k.p.i.IntermediateProofReplayer Proof replay took 993.72ns 
173625     DEBUG main            d.u.i.k.p.r.p.TestFile    ... success: reloaded. 
173626     INFO  main            d.u.i.k.p.r.p.TestFile    Now processing file /home/runner/work/key/key/key.core/../key.ui/examples/heap/list/ArrayList.ArrayListIterator_next_exceptional.key 
173626     INFO  main            d.u.i.k.p.i.AbstractProblemLoader Loading environment from /home/runner/work/key/key/key.core/../key.ui/examples/heap/list/ArrayList.ArrayListIterator_next_exceptional.key 
173626     DEBUG main            d.u.i.k.p.i.AbstractProblemLoader Environment load took 58ns 
173627     INFO  main            d.u.i.k.p.i.AbstractProblemLoader Creating init config 
174593     DEBUG main            d.u.i.k.j.r.ClassPreparationMethodBuilder clPrepBuilder: Inner Class detected. Reject building class initialisation methods. 
176654     DEBUG main            d.u.i.k.p.i.AbstractProblemLoader Init config took 3.03s 
176705     INFO  main            d.u.i.k.p.i.AbstractProblemLoader Replaying proof ArrayList.ArrayListIterator[ListIterator::next()].JML exceptional_behavior operation contract.0 
176706     DEBUG main            d.u.i.k.p.i.IntermediateProofReplayer Proof replay took 5.9ns 
177513     INFO  main            d.u.i.k.p.r.p.TestFile    ... finished proof: closed. 
177784     INFO  main            d.u.i.k.p.i.AbstractProblemLoader Loading environment from /home/runner/work/key/key/key.core/../key.ui/examples/heap/list/ArrayList.ArrayListIterator_next_exceptional.key.proof 
177785     DEBUG main            d.u.i.k.p.i.AbstractProblemLoader Environment load took 544.91ns 
177786     INFO  main            d.u.i.k.p.i.AbstractProblemLoader Creating init config 
178773     DEBUG main            d.u.i.k.j.r.ClassPreparationMethodBuilder clPrepBuilder: Inner Class detected. Reject building class initialisation methods. 
180811     DEBUG main            d.u.i.k.p.i.AbstractProblemLoader Init config took 3.03s 
180864     INFO  main            d.u.i.k.p.i.AbstractProblemLoader Replaying proof ArrayList.ArrayListIterator[ListIterator::next()].JML exceptional_behavior operation contract.0 
181008     DEBUG main            d.u.i.k.p.i.IntermediateProofReplayer Proof replay took 139.27ms 
181009     DEBUG main            d.u.i.k.p.r.p.TestFile    ... success: reloaded. 
181010     INFO  main            d.u.i.k.p.r.p.TestFile    Now processing file /home/runner/work/key/key/key.core/../key.ui/examples/heap/list/ArrayList.ArrayListIterator_next_normal.key 
181010     INFO  main            d.u.i.k.p.i.AbstractProblemLoader Loading environment from /home/runner/work/key/key/key.core/../key.ui/examples/heap/list/ArrayList.ArrayListIterator_next_normal.key 
181010     DEBUG main            d.u.i.k.p.i.AbstractProblemLoader Environment load took 99.1ns 
181011     INFO  main            d.u.i.k.p.i.AbstractProblemLoader Creating init config 
181999     DEBUG main            d.u.i.k.j.r.ClassPreparationMethodBuilder clPrepBuilder: Inner Class detected. Reject building class initialisation methods. 
184089     DEBUG main            d.u.i.k.p.i.AbstractProblemLoader Init config took 3.08s 
184162     INFO  main            d.u.i.k.p.i.AbstractProblemLoader Replaying proof ArrayList.ArrayListIterator[ListIterator::next()].JML normal_behavior operation contract.0 
184163     DEBUG main            d.u.i.k.p.i.IntermediateProofReplayer Proof replay took 7.1ns 
185070     INFO  main            d.u.i.k.p.r.p.TestFile    ... finished proof: closed. 
185370     INFO  main            d.u.i.k.p.i.AbstractProblemLoader Loading environment from /home/runner/work/key/key/key.core/../key.ui/examples/heap/list/ArrayList.ArrayListIterator_next_normal.key.proof 
185371     DEBUG main            d.u.i.k.p.i.AbstractProblemLoader Environment load took 801.22ns 
185372     INFO  main            d.u.i.k.p.i.AbstractProblemLoader Creating init config 
186327     DEBUG main            d.u.i.k.j.r.ClassPreparationMethodBuilder clPrepBuilder: Inner Class detected. Reject building class initialisation methods. 
188342     DEBUG main            d.u.i.k.p.i.AbstractProblemLoader Init config took 2.97s 
188392     INFO  main            d.u.i.k.p.i.AbstractProblemLoader Replaying proof ArrayList.ArrayListIterator[ListIterator::next()].JML normal_behavior operation contract.0 
188583     DEBUG main            d.u.i.k.p.i.IntermediateProofReplayer Proof replay took 185.9ms 
188584     DEBUG main            d.u.i.k.p.r.p.TestFile    ... success: reloaded. 
188585     INFO  main            d.u.i.k.p.r.p.TestFile    Now processing file /home/runner/work/key/key/key.core/../key.ui/examples/heap/list/ArrayList.ArrayListIterator_pos.key 
188585     INFO  main            d.u.i.k.p.i.AbstractProblemLoader Loading environment from /home/runner/work/key/key/key.core/../key.ui/examples/heap/list/ArrayList.ArrayListIterator_pos.key 
188585     DEBUG main            d.u.i.k.p.i.AbstractProblemLoader Environment load took 100.9ns 
188586     INFO  main            d.u.i.k.p.i.AbstractProblemLoader Creating init config 
189592     DEBUG main            d.u.i.k.j.r.ClassPreparationMethodBuilder clPrepBuilder: Inner Class detected. Reject building class initialisation methods. 
191649     DEBUG main            d.u.i.k.p.i.AbstractProblemLoader Init config took 3.06s 
191689     INFO  main            d.u.i.k.p.i.AbstractProblemLoader Replaying proof ListIterator[ListIterator::$pos()].JML accessible clause.0 
191692     DEBUG main            d.u.i.k.p.i.IntermediateProofReplayer Proof replay took 7.6ns 
191794     INFO  main            d.u.i.k.p.r.p.TestFile    ... finished proof: closed. 
192070     INFO  main            d.u.i.k.p.i.AbstractProblemLoader Loading environment from /home/runner/work/key/key/key.core/../key.ui/examples/heap/list/ArrayList.ArrayListIterator_pos.key.proof 
192071     DEBUG main            d.u.i.k.p.i.AbstractProblemLoader Environment load took 114.3ns 
192072     INFO  main            d.u.i.k.p.i.AbstractProblemLoader Creating init config 
193028     DEBUG main            d.u.i.k.j.r.ClassPreparationMethodBuilder clPrepBuilder: Inner Class detected. Reject building class initialisation methods. 
195041     DEBUG main            d.u.i.k.p.i.AbstractProblemLoader Init config took 2.97s 
195079     INFO  main            d.u.i.k.p.i.AbstractProblemLoader Replaying proof ListIterator[ListIterator::$pos()].JML accessible clause.0 
195082     DEBUG main            d.u.i.k.p.i.IntermediateProofReplayer Proof replay took 974.52ns 
195083     DEBUG main            d.u.i.k.p.r.p.TestFile    ... success: reloaded. 
195084     INFO  main            d.u.i.k.p.r.p.TestFile    Now processing file /home/runner/work/key/key/key.core/../key.ui/examples/heap/list/Client_m.key 
195084     INFO  main            d.u.i.k.p.i.AbstractProblemLoader Loading environment from /home/runner/work/key/key/key.core/../key.ui/examples/heap/list/Client_m.key 
195084     DEBUG main            d.u.i.k.p.i.AbstractProblemLoader Environment load took 89.9ns 
195085     INFO  main            d.u.i.k.p.i.AbstractProblemLoader Creating init config 
196066     DEBUG main            d.u.i.k.j.r.ClassPreparationMethodBuilder clPrepBuilder: Inner Class detected. Reject building class initialisation methods. 
198139     DEBUG main            d.u.i.k.p.i.AbstractProblemLoader Init config took 3.05s 
198178     INFO  main            d.u.i.k.p.i.AbstractProblemLoader Replaying proof Client[Client::m(List)].JML normal_behavior operation contract.0 
198180     DEBUG main            d.u.i.k.p.i.IntermediateProofReplayer Proof replay took 6ns 
198484     INFO  main            d.u.i.k.p.r.p.TestFile    ... finished proof: closed. 
198769     INFO  main            d.u.i.k.p.i.AbstractProblemLoader Loading environment from /home/runner/work/key/key/key.core/../key.ui/examples/heap/list/Client_m.key.proof 
198769     DEBUG main            d.u.i.k.p.i.AbstractProblemLoader Environment load took 113.3ns 
198771     INFO  main            d.u.i.k.p.i.AbstractProblemLoader Creating init config 
199729     DEBUG main            d.u.i.k.j.r.ClassPreparationMethodBuilder clPrepBuilder: Inner Class detected. Reject building class initialisation methods. 
201749     DEBUG main            d.u.i.k.p.i.AbstractProblemLoader Init config took 2.98s 
201788     INFO  main            d.u.i.k.p.i.AbstractProblemLoader Replaying proof Client[Client::m(List)].JML normal_behavior operation contract.0 
201847     DEBUG main            d.u.i.k.p.i.IntermediateProofReplayer Proof replay took 56.05ms 
201848     DEBUG main            d.u.i.k.p.r.p.TestFile    ... success: reloaded. 
201849     INFO  main            d.u.i.k.p.r.p.TestFile    Now processing file /home/runner/work/key/key/key.core/../key.ui/examples/heap/list/Client_n.key 
201849     INFO  main            d.u.i.k.p.i.AbstractProblemLoader Loading environment from /home/runner/work/key/key/key.core/../key.ui/examples/heap/list/Client_n.key 
201849     DEBUG main            d.u.i.k.p.i.AbstractProblemLoader Environment load took 96.9ns 
201850     INFO  main            d.u.i.k.p.i.AbstractProblemLoader Creating init config 
202816     DEBUG main            d.u.i.k.j.r.ClassPreparationMethodBuilder clPrepBuilder: Inner Class detected. Reject building class initialisation methods. 
204915     DEBUG main            d.u.i.k.p.i.AbstractProblemLoader Init config took 3.06s 
204954     INFO  main            d.u.i.k.p.i.AbstractProblemLoader Replaying proof Client[Client::n(List)].JML normal_behavior operation contract.0 
204955     DEBUG main            d.u.i.k.p.i.IntermediateProofReplayer Proof replay took 6.7ns 
205057     INFO  main            d.u.i.k.p.r.p.TestFile    ... finished proof: closed. 
205351     INFO  main            d.u.i.k.p.i.AbstractProblemLoader Loading environment from /home/runner/work/key/key/key.core/../key.ui/examples/heap/list/Client_n.key.proof 
205351     DEBUG main            d.u.i.k.p.i.AbstractProblemLoader Environment load took 114.5ns 
205352     INFO  main            d.u.i.k.p.i.AbstractProblemLoader Creating init config 
206305     DEBUG main            d.u.i.k.j.r.ClassPreparationMethodBuilder clPrepBuilder: Inner Class detected. Reject building class initialisation methods. 
208338     DEBUG main            d.u.i.k.p.i.AbstractProblemLoader Init config took 2.99s 
208378     INFO  main            d.u.i.k.p.i.AbstractProblemLoader Replaying proof Client[Client::n(List)].JML normal_behavior operation contract.0 
208397     DEBUG main            d.u.i.k.p.i.IntermediateProofReplayer Proof replay took 17.16ms 
208398     DEBUG main            d.u.i.k.p.r.p.TestFile    ... success: reloaded. 
208399     INFO  main            d.u.i.k.p.r.p.TestFile    Now processing file /home/runner/work/key/key/key.core/../key.ui/examples/heap/list/LinkedList_get_exceptional.key 
208399     INFO  main            d.u.i.k.p.i.AbstractProblemLoader Loading environment from /home/runner/work/key/key/key.core/../key.ui/examples/heap/list/LinkedList_get_exceptional.key 
208399     DEBUG main            d.u.i.k.p.i.AbstractProblemLoader Environment load took 85.6ns 
208400     INFO  main            d.u.i.k.p.i.AbstractProblemLoader Creating init config 
209363     DEBUG main            d.u.i.k.j.r.ClassPreparationMethodBuilder clPrepBuilder: Inner Class detected. Reject building class initialisation methods. 
211441     DEBUG main            d.u.i.k.p.i.AbstractProblemLoader Init config took 3.04s 
211485     INFO  main            d.u.i.k.p.i.AbstractProblemLoader Replaying proof LinkedList[List::get(int)].JML exceptional_behavior operation contract.0 
211487     DEBUG main            d.u.i.k.p.i.IntermediateProofReplayer Proof replay took 6.9ns 
213594     INFO  main            d.u.i.k.p.r.p.TestFile    ... finished proof: closed. 
213940     INFO  main            d.u.i.k.p.i.AbstractProblemLoader Loading environment from /home/runner/work/key/key/key.core/../key.ui/examples/heap/list/LinkedList_get_exceptional.key.proof 
213941     DEBUG main            d.u.i.k.p.i.AbstractProblemLoader Environment load took 496.51ns 
213942     INFO  main            d.u.i.k.p.i.AbstractProblemLoader Creating init config 
214888     DEBUG main            d.u.i.k.j.r.ClassPreparationMethodBuilder clPrepBuilder: Inner Class detected. Reject building class initialisation methods. 
216892     DEBUG main            d.u.i.k.p.i.AbstractProblemLoader Init config took 2.95s 
216936     INFO  main            d.u.i.k.p.i.AbstractProblemLoader Replaying proof LinkedList[List::get(int)].JML exceptional_behavior operation contract.0 
217235     DEBUG main            d.u.i.k.p.i.IntermediateProofReplayer Proof replay took 291.12ms 
217237     DEBUG main            d.u.i.k.p.r.p.TestFile    ... success: reloaded. 
217238     INFO  main            d.u.i.k.p.r.p.TestFile    Now processing file /home/runner/work/key/key/key.core/../key.ui/examples/heap/list/LinkedList_get_normal.key 
217238     INFO  main            d.u.i.k.p.i.AbstractProblemLoader Loading environment from /home/runner/work/key/key/key.core/../key.ui/examples/heap/list/LinkedList_get_normal.key 
217238     DEBUG main            d.u.i.k.p.i.AbstractProblemLoader Environment load took 96.5ns 
217239     INFO  main            d.u.i.k.p.i.AbstractProblemLoader Creating init config 
218251     DEBUG main            d.u.i.k.j.r.ClassPreparationMethodBuilder clPrepBuilder: Inner Class detected. Reject building class initialisation methods. 
220292     DEBUG main            d.u.i.k.p.i.AbstractProblemLoader Init config took 3.05s 
220336     INFO  main            d.u.i.k.p.i.AbstractProblemLoader Replaying proof LinkedList[List::get(int)].JML normal_behavior operation contract.0 
220337     DEBUG main            d.u.i.k.p.i.IntermediateProofReplayer Proof replay took 6.8ns 
225689     INFO  main            d.u.i.k.p.r.p.TestFile    ... finished proof: closed. 
226026     INFO  main            d.u.i.k.p.i.AbstractProblemLoader Loading environment from /home/runner/work/key/key/key.core/../key.ui/examples/heap/list/LinkedList_get_normal.key.proof 
226026     DEBUG main            d.u.i.k.p.i.AbstractProblemLoader Environment load took 137.2ns 
226028     INFO  main            d.u.i.k.p.i.AbstractProblemLoader Creating init config 
226975     DEBUG main            d.u.i.k.j.r.ClassPreparationMethodBuilder clPrepBuilder: Inner Class detected. Reject building class initialisation methods. 
228982     DEBUG main            d.u.i.k.p.i.AbstractProblemLoader Init config took 2.95s 
229027     INFO  main            d.u.i.k.p.i.AbstractProblemLoader Replaying proof LinkedList[List::get(int)].JML normal_behavior operation contract.0 
229467     DEBUG main            d.u.i.k.p.i.IntermediateProofReplayer Proof replay took 420.33ms 
229469     DEBUG main            d.u.i.k.p.r.p.TestFile    ... success: reloaded. 
229470     INFO  main            d.u.i.k.p.r.p.TestFile    Now processing file /home/runner/work/key/key/key.core/../key.ui/examples/heap/list/LinkedList_LinkedList.key 
229470     INFO  main            d.u.i.k.p.i.AbstractProblemLoader Loading environment from /home/runner/work/key/key/key.core/../key.ui/examples/heap/list/LinkedList_LinkedList.key 
229470     DEBUG main            d.u.i.k.p.i.AbstractProblemLoader Environment load took 114.2ns 
229471     INFO  main            d.u.i.k.p.i.AbstractProblemLoader Creating init config 
230458     DEBUG main            d.u.i.k.j.r.ClassPreparationMethodBuilder clPrepBuilder: Inner Class detected. Reject building class initialisation methods. 
232518     DEBUG main            d.u.i.k.p.i.AbstractProblemLoader Init config took 3.05s 
232563     INFO  main            d.u.i.k.p.i.AbstractProblemLoader Replaying proof LinkedList[LinkedList::LinkedList()].JML normal_behavior operation contract.0 
232564     DEBUG main            d.u.i.k.p.i.IntermediateProofReplayer Proof replay took 6.8ns 
233067     INFO  main            d.u.i.k.p.r.p.TestFile    ... finished proof: closed. 
233370     INFO  main            d.u.i.k.p.i.AbstractProblemLoader Loading environment from /home/runner/work/key/key/key.core/../key.ui/examples/heap/list/LinkedList_LinkedList.key.proof 
233370     DEBUG main            d.u.i.k.p.i.AbstractProblemLoader Environment load took 125.9ns 
233371     INFO  main            d.u.i.k.p.i.AbstractProblemLoader Creating init config 
234331     DEBUG main            d.u.i.k.j.r.ClassPreparationMethodBuilder clPrepBuilder: Inner Class detected. Reject building class initialisation methods. 
236333     DEBUG main            d.u.i.k.p.i.AbstractProblemLoader Init config took 2.96s 
236376     INFO  main            d.u.i.k.p.i.AbstractProblemLoader Replaying proof LinkedList[LinkedList::LinkedList()].JML normal_behavior operation contract.0 
236470     DEBUG main            d.u.i.k.p.i.IntermediateProofReplayer Proof replay took 90.75ms 
236471     DEBUG main            d.u.i.k.p.r.p.TestFile    ... success: reloaded. 
236472     INFO  main            d.u.i.k.p.r.p.TestFile    Now processing file /home/runner/work/key/key/key.core/../key.ui/examples/heap/list/LinkedList_size_dep.key 
236473     INFO  main            d.u.i.k.p.i.AbstractProblemLoader Loading environment from /home/runner/work/key/key/key.core/../key.ui/examples/heap/list/LinkedList_size_dep.key 
236473     DEBUG main            d.u.i.k.p.i.AbstractProblemLoader Environment load took 87.8ns 
236474     INFO  main            d.u.i.k.p.i.AbstractProblemLoader Creating init config 
237452     DEBUG main            d.u.i.k.j.r.ClassPreparationMethodBuilder clPrepBuilder: Inner Class detected. Reject building class initialisation methods. 
239487     DEBUG main            d.u.i.k.p.i.AbstractProblemLoader Init config took 3.01s 
239553     INFO  main            d.u.i.k.p.i.AbstractProblemLoader Replaying proof LinkedList[List::size()].JML accessible clause.0 
239555     DEBUG main            d.u.i.k.p.i.IntermediateProofReplayer Proof replay took 7ns 
240058     INFO  main            d.u.i.k.p.r.p.TestFile    ... finished proof: closed. 
240380     INFO  main            d.u.i.k.p.i.AbstractProblemLoader Loading environment from /home/runner/work/key/key/key.core/../key.ui/examples/heap/list/LinkedList_size_dep.key.proof 
240380     DEBUG main            d.u.i.k.p.i.AbstractProblemLoader Environment load took 111.2ns 
240381     INFO  main            d.u.i.k.p.i.AbstractProblemLoader Creating init config 
241336     DEBUG main            d.u.i.k.j.r.ClassPreparationMethodBuilder clPrepBuilder: Inner Class detected. Reject building class initialisation methods. 
243361     DEBUG main            d.u.i.k.p.i.AbstractProblemLoader Init config took 2.98s 
243406     INFO  main            d.u.i.k.p.i.AbstractProblemLoader Replaying proof LinkedList[List::size()].JML accessible clause.0 
243473     DEBUG main            d.u.i.k.p.i.IntermediateProofReplayer Proof replay took 44.61ms 
243474     DEBUG main            d.u.i.k.p.r.p.TestFile    ... success: reloaded. 
243475     INFO  main            d.u.i.k.p.r.p.TestFile    Now processing file /home/runner/work/key/key/key.core/../key.ui/examples/heap/list/LinkedList_size.key 
243475     INFO  main            d.u.i.k.p.i.AbstractProblemLoader Loading environment from /home/runner/work/key/key/key.core/../key.ui/examples/heap/list/LinkedList_size.key 
243476     DEBUG main            d.u.i.k.p.i.AbstractProblemLoader Environment load took 291.41ns 
243477     INFO  main            d.u.i.k.p.i.AbstractProblemLoader Creating init config 
244463     DEBUG main            d.u.i.k.j.r.ClassPreparationMethodBuilder clPrepBuilder: Inner Class detected. Reject building class initialisation methods. 
246517     DEBUG main            d.u.i.k.p.i.AbstractProblemLoader Init config took 3.04s 
246561     INFO  main            d.u.i.k.p.i.AbstractProblemLoader Replaying proof LinkedList[List::size()].JML normal_behavior operation contract.0 
246562     DEBUG main            d.u.i.k.p.i.IntermediateProofReplayer Proof replay took 7.1ns 
246964     INFO  main            d.u.i.k.p.r.p.TestFile    ... finished proof: closed. 
247282     INFO  main            d.u.i.k.p.i.AbstractProblemLoader Loading environment from /home/runner/work/key/key/key.core/../key.ui/examples/heap/list/LinkedList_size.key.proof 
247282     DEBUG main            d.u.i.k.p.i.AbstractProblemLoader Environment load took 143.7ns 
247283     INFO  main            d.u.i.k.p.i.AbstractProblemLoader Creating init config 
248233     DEBUG main            d.u.i.k.j.r.ClassPreparationMethodBuilder clPrepBuilder: Inner Class detected. Reject building class initialisation methods. 
250235     DEBUG main            d.u.i.k.p.i.AbstractProblemLoader Init config took 2.95s 
250289     INFO  main            d.u.i.k.p.i.AbstractProblemLoader Replaying proof LinkedList[List::size()].JML normal_behavior operation contract.0 
250331     DEBUG main            d.u.i.k.p.i.IntermediateProofReplayer Proof replay took 39.37ms 
250332     DEBUG main            d.u.i.k.p.r.p.TestFile    ... success: reloaded. 
250333     INFO  main            d.u.i.k.p.r.p.TestFile    Now processing file /home/runner/work/key/key/key.core/../key.ui/examples/heap/list/MySet_footprint.key 
250333     INFO  main            d.u.i.k.p.i.AbstractProblemLoader Loading environment from /home/runner/work/key/key/key.core/../key.ui/examples/heap/list/MySet_footprint.key 
250333     DEBUG main            d.u.i.k.p.i.AbstractProblemLoader Environment load took 54.7ns 
250334     INFO  main            d.u.i.k.p.i.AbstractProblemLoader Creating init config 
251307     DEBUG main            d.u.i.k.j.r.ClassPreparationMethodBuilder clPrepBuilder: Inner Class detected. Reject building class initialisation methods. 
253372     DEBUG main            d.u.i.k.p.i.AbstractProblemLoader Init config took 3.04s 
253417     INFO  main            d.u.i.k.p.i.AbstractProblemLoader Replaying proof MySet[MySet::$footprint()].JML accessible clause.0 
253419     DEBUG main            d.u.i.k.p.i.IntermediateProofReplayer Proof replay took 7.6ns 
253721     INFO  main            d.u.i.k.p.r.p.TestFile    ... finished proof: closed. 
254051     INFO  main            d.u.i.k.p.i.AbstractProblemLoader Loading environment from /home/runner/work/key/key/key.core/../key.ui/examples/heap/list/MySet_footprint.key.proof 
254051     DEBUG main            d.u.i.k.p.i.AbstractProblemLoader Environment load took 114.8ns 
254053     INFO  main            d.u.i.k.p.i.AbstractProblemLoader Creating init config 
255003     DEBUG main            d.u.i.k.j.r.ClassPreparationMethodBuilder clPrepBuilder: Inner Class detected. Reject building class initialisation methods. 
257015     DEBUG main            d.u.i.k.p.i.AbstractProblemLoader Init config took 2.96s 
257061     INFO  main            d.u.i.k.p.i.AbstractProblemLoader Replaying proof MySet[MySet::$footprint()].JML accessible clause.0 
257092     DEBUG main            d.u.i.k.p.i.IntermediateProofReplayer Proof replay took 28.49ms 
257093     DEBUG main            d.u.i.k.p.r.p.TestFile    ... success: reloaded. 
257094     INFO  main            d.u.i.k.p.r.p.TestFile    Now processing file /home/runner/work/key/key/key.core/../key.ui/examples/heap/list/MySet_MySet.key 
257094     INFO  main            d.u.i.k.p.i.AbstractProblemLoader Loading environment from /home/runner/work/key/key/key.core/../key.ui/examples/heap/list/MySet_MySet.key 
257094     DEBUG main            d.u.i.k.p.i.AbstractProblemLoader Environment load took 82.4ns 
257095     INFO  main            d.u.i.k.p.i.AbstractProblemLoader Creating init config 
258062     DEBUG main            d.u.i.k.j.r.ClassPreparationMethodBuilder clPrepBuilder: Inner Class detected. Reject building class initialisation methods. 
260119     DEBUG main            d.u.i.k.p.i.AbstractProblemLoader Init config took 3.02s 
260166     INFO  main            d.u.i.k.p.i.AbstractProblemLoader Replaying proof MySet[MySet::MySet()].JML normal_behavior operation contract.0 
260167     DEBUG main            d.u.i.k.p.i.IntermediateProofReplayer Proof replay took 7.3ns 
262589     INFO  main            d.u.i.k.p.r.p.TestFile    ... finished proof: closed. 
262946     INFO  main            d.u.i.k.p.i.AbstractProblemLoader Loading environment from /home/runner/work/key/key/key.core/../key.ui/examples/heap/list/MySet_MySet.key.proof 
262947     DEBUG main            d.u.i.k.p.i.AbstractProblemLoader Environment load took 123.3ns 
262948     INFO  main            d.u.i.k.p.i.AbstractProblemLoader Creating init config 
263905     DEBUG main            d.u.i.k.j.r.ClassPreparationMethodBuilder clPrepBuilder: Inner Class detected. Reject building class initialisation methods. 
265914     DEBUG main            d.u.i.k.p.i.AbstractProblemLoader Init config took 2.97s 
265960     INFO  main            d.u.i.k.p.i.AbstractProblemLoader Replaying proof MySet[MySet::MySet()].JML normal_behavior operation contract.0 
266312     DEBUG main            d.u.i.k.p.i.IntermediateProofReplayer Proof replay took 340.95ms 
266314     DEBUG main            d.u.i.k.p.r.p.TestFile    ... success: reloaded. 
1114967    INFO  Test worker     d.u.i.k.p.r.RunAllProofsTestUnit Returning from test list 
1114968    INFO  Test worker     d.u.i.k.p.r.RunAllProofsTestUnit Running test list_ghost 
367        INFO  Timeout watchdog d.u.i.k.p.r.p.ForkedTestFileRunner Timeout watcher launched (2000 secs.) 
384        WARN  main            d.u.i.k.s.ProofSettings   The settings in /home/runner/.key/proof-settings.props are *not* read. 
412        INFO  main            d.u.i.k.p.r.p.TestFile    Now processing file /home/runner/work/key/key/key.core/../key.ui/examples/heap/list_ghost/ArrayList_add.key 
524        INFO  main            d.u.i.k.p.i.AbstractProblemLoader Loading environment from /home/runner/work/key/key/key.core/../key.ui/examples/heap/list_ghost/ArrayList_add.key 
541        DEBUG main            d.u.i.k.p.i.AbstractProblemLoader Environment load took 2.33ms 
764        INFO  main            d.u.i.k.p.i.AbstractProblemLoader Creating init config 
1488       DEBUG main            d.u.i.k.j.TypeConverter   No LDT found for Meta 
1489       DEBUG main            d.u.i.k.j.TypeConverter   No LDT found for Meta 
1491       DEBUG main            d.u.i.k.j.TypeConverter   No LDT found for Meta 
1491       DEBUG main            d.u.i.k.j.TypeConverter   No LDT found for Meta 
2525       DEBUG main            d.u.i.k.j.TypeConverter   No LDT found for JavaBigintExpression 
8190       DEBUG main            d.u.i.k.p.i.AbstractProblemLoader Init config took 7.43s 
8369       INFO  main            d.u.i.k.p.i.AbstractProblemLoader Replaying proof ArrayList[List::add(java.lang.Object)].JML normal_behavior operation contract.0 
8407       DEBUG main            d.u.i.k.p.i.IntermediateProofReplayer Proof replay took 33.5ns 
13811      INFO  main            d.u.i.k.p.r.p.TestFile    ... finished proof: closed. 
13983      INFO  main            d.u.i.k.p.i.AbstractProblemLoader Loading environment from /home/runner/work/key/key/key.core/../key.ui/examples/heap/list_ghost/ArrayList_add.key.proof 
13984      DEBUG main            d.u.i.k.p.i.AbstractProblemLoader Environment load took 565.51ns 
13987      INFO  main            d.u.i.k.p.i.AbstractProblemLoader Creating init config 
16919      DEBUG main            d.u.i.k.p.i.AbstractProblemLoader Init config took 2.93s 
17008      INFO  main            d.u.i.k.p.i.AbstractProblemLoader Replaying proof ArrayList[List::add(java.lang.Object)].JML normal_behavior operation contract.0 
17740      DEBUG main            d.u.i.k.p.i.IntermediateProofReplayer Proof replay took 709.24ms 
17748      DEBUG main            d.u.i.k.p.r.p.TestFile    ... success: reloaded. 
17750      INFO  main            d.u.i.k.p.r.p.TestFile    Now processing file /home/runner/work/key/key/key.core/../key.ui/examples/heap/list_ghost/ArrayList_ArrayList.key 
17751      INFO  main            d.u.i.k.p.i.AbstractProblemLoader Loading environment from /home/runner/work/key/key/key.core/../key.ui/examples/heap/list_ghost/ArrayList_ArrayList.key 
17751      DEBUG main            d.u.i.k.p.i.AbstractProblemLoader Environment load took 249.91ns 
17752      INFO  main            d.u.i.k.p.i.AbstractProblemLoader Creating init config 
20612      DEBUG main            d.u.i.k.p.i.AbstractProblemLoader Init config took 2.86s 
20674      INFO  main            d.u.i.k.p.i.AbstractProblemLoader Replaying proof ArrayList[ArrayList::ArrayList()].JML normal_behavior operation contract.0 
20677      DEBUG main            d.u.i.k.p.i.IntermediateProofReplayer Proof replay took 5.9ns 
21782      INFO  main            d.u.i.k.p.r.p.TestFile    ... finished proof: closed. 
21967      INFO  main            d.u.i.k.p.i.AbstractProblemLoader Loading environment from /home/runner/work/key/key/key.core/../key.ui/examples/heap/list_ghost/ArrayList_ArrayList.key.proof 
21968      DEBUG main            d.u.i.k.p.i.AbstractProblemLoader Environment load took 812.42ns 
21970      INFO  main            d.u.i.k.p.i.AbstractProblemLoader Creating init config 
24771      DEBUG main            d.u.i.k.p.i.AbstractProblemLoader Init config took 2.8s 
24824      INFO  main            d.u.i.k.p.i.AbstractProblemLoader Replaying proof ArrayList[ArrayList::ArrayList()].JML normal_behavior operation contract.0 
25021      DEBUG main            d.u.i.k.p.i.IntermediateProofReplayer Proof replay took 189.05ms 
25022      DEBUG main            d.u.i.k.p.r.p.TestFile    ... success: reloaded. 
25024      INFO  main            d.u.i.k.p.r.p.TestFile    Now processing file /home/runner/work/key/key/key.core/../key.ui/examples/heap/list_ghost/ArrayList_enlarge.key 
25024      INFO  main            d.u.i.k.p.i.AbstractProblemLoader Loading environment from /home/runner/work/key/key/key.core/../key.ui/examples/heap/list_ghost/ArrayList_enlarge.key 
25024      DEBUG main            d.u.i.k.p.i.AbstractProblemLoader Environment load took 254.11ns 
25026      INFO  main            d.u.i.k.p.i.AbstractProblemLoader Creating init config 
27835      DEBUG main            d.u.i.k.p.i.AbstractProblemLoader Init config took 2.81s 
27883      INFO  main            d.u.i.k.p.i.AbstractProblemLoader Replaying proof ArrayList[ArrayList::enlarge()].JML normal_behavior operation contract.0 
27887      DEBUG main            d.u.i.k.p.i.IntermediateProofReplayer Proof replay took 6.7ns 
30118      INFO  main            d.u.i.k.p.r.p.TestFile    ... finished proof: closed. 
30280      INFO  main            d.u.i.k.p.i.AbstractProblemLoader Loading environment from /home/runner/work/key/key/key.core/../key.ui/examples/heap/list_ghost/ArrayList_enlarge.key.proof 
30281      DEBUG main            d.u.i.k.p.i.AbstractProblemLoader Environment load took 511.71ns 
30288      INFO  main            d.u.i.k.p.i.AbstractProblemLoader Creating init config 
33027      DEBUG main            d.u.i.k.p.i.AbstractProblemLoader Init config took 2.74s 
33073      INFO  main            d.u.i.k.p.i.AbstractProblemLoader Replaying proof ArrayList[ArrayList::enlarge()].JML normal_behavior operation contract.0 
33502      DEBUG main            d.u.i.k.p.i.IntermediateProofReplayer Proof replay took 418.6ms 
33504      DEBUG main            d.u.i.k.p.r.p.TestFile    ... success: reloaded. 
33505      INFO  main            d.u.i.k.p.r.p.TestFile    Now processing file /home/runner/work/key/key/key.core/../key.ui/examples/heap/list_ghost/ArrayList_get_dep.key 
33506      INFO  main            d.u.i.k.p.i.AbstractProblemLoader Loading environment from /home/runner/work/key/key/key.core/../key.ui/examples/heap/list_ghost/ArrayList_get_dep.key 
33506      DEBUG main            d.u.i.k.p.i.AbstractProblemLoader Environment load took 270.71ns 
33507      INFO  main            d.u.i.k.p.i.AbstractProblemLoader Creating init config 
36195      DEBUG main            d.u.i.k.p.i.AbstractProblemLoader Init config took 2.69s 
36266      INFO  main            d.u.i.k.p.i.AbstractProblemLoader Replaying proof ArrayList[List::get(int)].JML accessible clause.0 
36268      DEBUG main            d.u.i.k.p.i.IntermediateProofReplayer Proof replay took 17.7ns 
36672      INFO  main            d.u.i.k.p.r.p.TestFile    ... finished proof: closed. 
36835      INFO  main            d.u.i.k.p.i.AbstractProblemLoader Loading environment from /home/runner/work/key/key/key.core/../key.ui/examples/heap/list_ghost/ArrayList_get_dep.key.proof 
36842      DEBUG main            d.u.i.k.p.i.AbstractProblemLoader Environment load took 6.4ms 
36843      INFO  main            d.u.i.k.p.i.AbstractProblemLoader Creating init config 
39510      DEBUG main            d.u.i.k.p.i.AbstractProblemLoader Init config took 2.67s 
39555      INFO  main            d.u.i.k.p.i.AbstractProblemLoader Replaying proof ArrayList[List::get(int)].JML accessible clause.0 
39637      DEBUG main            d.u.i.k.p.i.IntermediateProofReplayer Proof replay took 77.71ms 
39638      DEBUG main            d.u.i.k.p.r.p.TestFile    ... success: reloaded. 
39639      INFO  main            d.u.i.k.p.r.p.TestFile    Now processing file /home/runner/work/key/key/key.core/../key.ui/examples/heap/list_ghost/ArrayList_get_exceptional.key 
39639      INFO  main            d.u.i.k.p.i.AbstractProblemLoader Loading environment from /home/runner/work/key/key/key.core/../key.ui/examples/heap/list_ghost/ArrayList_get_exceptional.key 
39639      DEBUG main            d.u.i.k.p.i.AbstractProblemLoader Environment load took 177.4ns 
39640      INFO  main            d.u.i.k.p.i.AbstractProblemLoader Creating init config 
42312      DEBUG main            d.u.i.k.p.i.AbstractProblemLoader Init config took 2.67s 
42355      INFO  main            d.u.i.k.p.i.AbstractProblemLoader Replaying proof ArrayList[List::get(int)].JML exceptional_behavior operation contract.0 
42357      DEBUG main            d.u.i.k.p.i.IntermediateProofReplayer Proof replay took 6.2ns 
43166      INFO  main            d.u.i.k.p.r.p.TestFile    ... finished proof: closed. 
43345      INFO  main            d.u.i.k.p.i.AbstractProblemLoader Loading environment from /home/runner/work/key/key/key.core/../key.ui/examples/heap/list_ghost/ArrayList_get_exceptional.key.proof 
43346      DEBUG main            d.u.i.k.p.i.AbstractProblemLoader Environment load took 477.01ns 
43347      INFO  main            d.u.i.k.p.i.AbstractProblemLoader Creating init config 
45976      DEBUG main            d.u.i.k.p.i.AbstractProblemLoader Init config took 2.63s 
46021      INFO  main            d.u.i.k.p.i.AbstractProblemLoader Replaying proof ArrayList[List::get(int)].JML exceptional_behavior operation contract.0 
46179      DEBUG main            d.u.i.k.p.i.IntermediateProofReplayer Proof replay took 150.99ms 
46181      DEBUG main            d.u.i.k.p.r.p.TestFile    ... success: reloaded. 
46182      INFO  main            d.u.i.k.p.r.p.TestFile    Now processing file /home/runner/work/key/key/key.core/../key.ui/examples/heap/list_ghost/ArrayList_get_normal.key 
46182      INFO  main            d.u.i.k.p.i.AbstractProblemLoader Loading environment from /home/runner/work/key/key/key.core/../key.ui/examples/heap/list_ghost/ArrayList_get_normal.key 
46183      DEBUG main            d.u.i.k.p.i.AbstractProblemLoader Environment load took 260.61ns 
46184      INFO  main            d.u.i.k.p.i.AbstractProblemLoader Creating init config 
48848      DEBUG main            d.u.i.k.p.i.AbstractProblemLoader Init config took 2.66s 
48891      INFO  main            d.u.i.k.p.i.AbstractProblemLoader Replaying proof ArrayList[List::get(int)].JML normal_behavior operation contract.0 
48893      DEBUG main            d.u.i.k.p.i.IntermediateProofReplayer Proof replay took 7.2ns 
49197      INFO  main            d.u.i.k.p.r.p.TestFile    ... finished proof: closed. 
49388      INFO  main            d.u.i.k.p.i.AbstractProblemLoader Loading environment from /home/runner/work/key/key/key.core/../key.ui/examples/heap/list_ghost/ArrayList_get_normal.key.proof 
49388      DEBUG main            d.u.i.k.p.i.AbstractProblemLoader Environment load took 129.9ns 
49389      INFO  main            d.u.i.k.p.i.AbstractProblemLoader Creating init config 
52020      DEBUG main            d.u.i.k.p.i.AbstractProblemLoader Init config took 2.63s 
52064      INFO  main            d.u.i.k.p.i.AbstractProblemLoader Replaying proof ArrayList[List::get(int)].JML normal_behavior operation contract.0 
52115      DEBUG main            d.u.i.k.p.i.IntermediateProofReplayer Proof replay took 48.47ms 
52117      DEBUG main            d.u.i.k.p.r.p.TestFile    ... success: reloaded. 
52118      INFO  main            d.u.i.k.p.r.p.TestFile    Now processing file /home/runner/work/key/key/key.core/../key.ui/examples/heap/list_ghost/ArrayList_inv.key 
52119      INFO  main            d.u.i.k.p.i.AbstractProblemLoader Loading environment from /home/runner/work/key/key/key.core/../key.ui/examples/heap/list_ghost/ArrayList_inv.key 
52119      DEBUG main            d.u.i.k.p.i.AbstractProblemLoader Environment load took 237.71ns 
52120      INFO  main            d.u.i.k.p.i.AbstractProblemLoader Creating init config 
54751      DEBUG main            d.u.i.k.p.i.AbstractProblemLoader Init config took 2.63s 
54799      INFO  main            d.u.i.k.p.i.AbstractProblemLoader Replaying proof ArrayList[java.lang.Object::<inv>()].JML accessible clause.0 
54801      DEBUG main            d.u.i.k.p.i.IntermediateProofReplayer Proof replay took 6.7ns 
54903      INFO  main            d.u.i.k.p.r.p.TestFile    ... finished proof: closed. 
55079      INFO  main            d.u.i.k.p.i.AbstractProblemLoader Loading environment from /home/runner/work/key/key/key.core/../key.ui/examples/heap/list_ghost/ArrayList_inv.key.proof 
55080      DEBUG main            d.u.i.k.p.i.AbstractProblemLoader Environment load took 128.4ns 
55080      INFO  main            d.u.i.k.p.i.AbstractProblemLoader Creating init config 
57667      DEBUG main            d.u.i.k.p.i.AbstractProblemLoader Init config took 2.59s 
57709      INFO  main            d.u.i.k.p.i.AbstractProblemLoader Replaying proof ArrayList[java.lang.Object::<inv>()].JML accessible clause.0 
57724      DEBUG main            d.u.i.k.p.i.IntermediateProofReplayer Proof replay took 9.53ms 
57725      DEBUG main            d.u.i.k.p.r.p.TestFile    ... success: reloaded. 
57726      INFO  main            d.u.i.k.p.r.p.TestFile    Now processing file /home/runner/work/key/key/key.core/../key.ui/examples/heap/list_ghost/ArrayList_size_dep.key 
57726      INFO  main            d.u.i.k.p.i.AbstractProblemLoader Loading environment from /home/runner/work/key/key/key.core/../key.ui/examples/heap/list_ghost/ArrayList_size_dep.key 
57727      DEBUG main            d.u.i.k.p.i.AbstractProblemLoader Environment load took 108.7ns 
57728      INFO  main            d.u.i.k.p.i.AbstractProblemLoader Creating init config 
60380      DEBUG main            d.u.i.k.p.i.AbstractProblemLoader Init config took 2.65s 
60420      INFO  main            d.u.i.k.p.i.AbstractProblemLoader Replaying proof ArrayList[List::size()].JML accessible clause.0 
60422      DEBUG main            d.u.i.k.p.i.IntermediateProofReplayer Proof replay took 7.7ns 
60524      INFO  main            d.u.i.k.p.r.p.TestFile    ... finished proof: closed. 
60715      INFO  main            d.u.i.k.p.i.AbstractProblemLoader Loading environment from /home/runner/work/key/key/key.core/../key.ui/examples/heap/list_ghost/ArrayList_size_dep.key.proof 
60715      DEBUG main            d.u.i.k.p.i.AbstractProblemLoader Environment load took 125ns 
60717      INFO  main            d.u.i.k.p.i.AbstractProblemLoader Creating init config 
63300      DEBUG main            d.u.i.k.p.i.AbstractProblemLoader Init config took 2.58s 
63339      INFO  main            d.u.i.k.p.i.AbstractProblemLoader Replaying proof ArrayList[List::size()].JML accessible clause.0 
63353      DEBUG main            d.u.i.k.p.i.IntermediateProofReplayer Proof replay took 12.77ms 
63354      DEBUG main            d.u.i.k.p.r.p.TestFile    ... success: reloaded. 
63355      INFO  main            d.u.i.k.p.r.p.TestFile    Now processing file /home/runner/work/key/key/key.core/../key.ui/examples/heap/list_ghost/ArrayList_size.key 
63356      INFO  main            d.u.i.k.p.i.AbstractProblemLoader Loading environment from /home/runner/work/key/key/key.core/../key.ui/examples/heap/list_ghost/ArrayList_size.key 
63356      DEBUG main            d.u.i.k.p.i.AbstractProblemLoader Environment load took 103.2ns 
63357      INFO  main            d.u.i.k.p.i.AbstractProblemLoader Creating init config 
65964      DEBUG main            d.u.i.k.p.i.AbstractProblemLoader Init config took 2.61s 
66027      INFO  main            d.u.i.k.p.i.AbstractProblemLoader Replaying proof ArrayList[List::size()].JML normal_behavior operation contract.0 
66033      DEBUG main            d.u.i.k.p.i.IntermediateProofReplayer Proof replay took 7.4ns 
66139      INFO  main            d.u.i.k.p.r.p.TestFile    ... finished proof: closed. 
66315      INFO  main            d.u.i.k.p.i.AbstractProblemLoader Loading environment from /home/runner/work/key/key/key.core/../key.ui/examples/heap/list_ghost/ArrayList_size.key.proof 
66315      DEBUG main            d.u.i.k.p.i.AbstractProblemLoader Environment load took 122.8ns 
66316      INFO  main            d.u.i.k.p.i.AbstractProblemLoader Creating init config 
68894      DEBUG main            d.u.i.k.p.i.AbstractProblemLoader Init config took 2.58s 
68932      INFO  main            d.u.i.k.p.i.AbstractProblemLoader Replaying proof ArrayList[List::size()].JML normal_behavior operation contract.0 
68947      DEBUG main            d.u.i.k.p.i.IntermediateProofReplayer Proof replay took 12.88ms 
68948      DEBUG main            d.u.i.k.p.r.p.TestFile    ... success: reloaded. 
1184093    INFO  Test worker     d.u.i.k.p.r.RunAllProofsTestUnit Returning from test list_ghost 
1184095    INFO  Test worker     d.u.i.k.p.r.RunAllProofsTestUnit Running test list_recursive 
336        INFO  Timeout watchdog d.u.i.k.p.r.p.ForkedTestFileRunner Timeout watcher launched (2000 secs.) 
354        WARN  main            d.u.i.k.s.ProofSettings   The settings in /home/runner/.key/proof-settings.props are *not* read. 
382        INFO  main            d.u.i.k.p.r.p.TestFile    Now processing file /home/runner/work/key/key/key.core/../key.ui/examples/heap/list_recursiveSpec/ListOperationsNonNull_getNextNN_normal_behavior.key 
515        INFO  main            d.u.i.k.p.i.AbstractProblemLoader Loading environment from /home/runner/work/key/key/key.core/../key.ui/examples/heap/list_recursiveSpec/ListOperationsNonNull_getNextNN_normal_behavior.key 
532        DEBUG main            d.u.i.k.p.i.AbstractProblemLoader Environment load took 2.3ms 
753        INFO  main            d.u.i.k.p.i.AbstractProblemLoader Creating init config 
1569       DEBUG main            d.u.i.k.j.TypeConverter   No LDT found for Meta 
1569       DEBUG main            d.u.i.k.j.TypeConverter   No LDT found for Meta 
1572       DEBUG main            d.u.i.k.j.TypeConverter   No LDT found for Meta 
1572       DEBUG main            d.u.i.k.j.TypeConverter   No LDT found for Meta 
2671       DEBUG main            d.u.i.k.j.TypeConverter   No LDT found for JavaBigintExpression 
7883       DEBUG main            d.u.i.k.p.i.AbstractProblemLoader Init config took 7.13s 
8063       INFO  main            d.u.i.k.p.i.AbstractProblemLoader Replaying proof ListOperationsNonNull[ListOperationsNonNull::getNextNN(ListNN,int)].JML normal_behavior operation contract.0 
8100       DEBUG main            d.u.i.k.p.i.IntermediateProofReplayer Proof replay took 34.5ns 
9539       INFO  main            d.u.i.k.p.r.p.TestFile    ... finished proof: closed. 
9670       INFO  main            d.u.i.k.p.i.AbstractProblemLoader Loading environment from /home/runner/work/key/key/key.core/../key.ui/examples/heap/list_recursiveSpec/ListOperationsNonNull_getNextNN_normal_behavior.key.proof 
9670       DEBUG main            d.u.i.k.p.i.AbstractProblemLoader Environment load took 552.21ns 
9672       INFO  main            d.u.i.k.p.i.AbstractProblemLoader Creating init config 
12638      DEBUG main            d.u.i.k.p.i.AbstractProblemLoader Init config took 2.97s 
12703      INFO  main            d.u.i.k.p.i.AbstractProblemLoader Replaying proof ListOperationsNonNull[ListOperationsNonNull::getNextNN(ListNN,int)].JML normal_behavior operation contract.0 
12883      DEBUG main            d.u.i.k.p.i.IntermediateProofReplayer Proof replay took 171.6ms 
12890      DEBUG main            d.u.i.k.p.r.p.TestFile    ... success: reloaded. 
12892      INFO  main            d.u.i.k.p.r.p.TestFile    Now processing file /home/runner/work/key/key/key.core/../key.ui/examples/heap/list_recursiveSpec/ListOperationsNonNull_setValueAt_normal_behavior.key 
12893      INFO  main            d.u.i.k.p.i.AbstractProblemLoader Loading environment from /home/runner/work/key/key/key.core/../key.ui/examples/heap/list_recursiveSpec/ListOperationsNonNull_setValueAt_normal_behavior.key 
12893      DEBUG main            d.u.i.k.p.i.AbstractProblemLoader Environment load took 311.41ns 
12895      INFO  main            d.u.i.k.p.i.AbstractProblemLoader Creating init config 
15627      DEBUG main            d.u.i.k.p.i.AbstractProblemLoader Init config took 2.73s 
15714      INFO  main            d.u.i.k.p.i.AbstractProblemLoader Replaying proof ListOperationsNonNull[ListOperationsNonNull::setValueAt_NN(ListNN,int,int)].JML normal_behavior operation contract.0 
15717      DEBUG main            d.u.i.k.p.i.IntermediateProofReplayer Proof replay took 6.9ns 
15744      DEBUG main            d.u.i.k.m.s.ProofScriptEngine 1: 'macro autopilot' 
18491      DEBUG main            d.u.i.k.m.s.ProofScriptEngine 2: 'macro simp-upd' 
18499      DEBUG main            d.u.i.k.m.s.ProofScriptEngine 3: 'rule observerDependencyEQ' 
18521      DEBUG main            d.u.i.k.m.s.ProofScriptEngine 4: 'tryclose' 
18551      INFO  main            d.u.i.k.p.r.p.TestFile    ... finished proof: closed. 
18700      INFO  main            d.u.i.k.p.i.AbstractProblemLoader Loading environment from /home/runner/work/key/key/key.core/../key.ui/examples/heap/list_recursiveSpec/ListOperationsNonNull_setValueAt_normal_behavior.key.proof 
18701      DEBUG main            d.u.i.k.p.i.AbstractProblemLoader Environment load took 1.23ms 
18703      INFO  main            d.u.i.k.p.i.AbstractProblemLoader Creating init config 
21405      DEBUG main            d.u.i.k.p.i.AbstractProblemLoader Init config took 2.7s 
21462      INFO  main            d.u.i.k.p.i.AbstractProblemLoader Replaying proof ListOperationsNonNull[ListOperationsNonNull::setValueAt_NN(ListNN,int,int)].JML normal_behavior operation contract.0 
21594      DEBUG main            d.u.i.k.p.i.IntermediateProofReplayer Proof replay took 126.9ms 
21596      DEBUG main            d.u.i.k.p.r.p.TestFile    ... success: reloaded. 
1205861    INFO  Test worker     d.u.i.k.p.r.RunAllProofsTestUnit Returning from test list_recursive 
1205863    INFO  Test worker     d.u.i.k.p.r.RunAllProofsTestUnit Running test list_seq 
339        INFO  Timeout watchdog d.u.i.k.p.r.p.ForkedTestFileRunner Timeout watcher launched (2000 secs.) 
367        WARN  main            d.u.i.k.s.ProofSettings   The settings in /home/runner/.key/proof-settings.props are *not* read. 
413        INFO  main            d.u.i.k.p.r.p.TestFile    Now processing file /home/runner/work/key/key/key.core/../key.ui/examples/heap/list_seq/SimplifiedLinkedList.remove.key 
544        INFO  main            d.u.i.k.p.i.AbstractProblemLoader Loading environment from /home/runner/work/key/key/key.core/../key.ui/examples/heap/list_seq/SimplifiedLinkedList.remove.key 
561        DEBUG main            d.u.i.k.p.i.AbstractProblemLoader Environment load took 2.01ms 
796        INFO  main            d.u.i.k.p.i.AbstractProblemLoader Creating init config 
1477       DEBUG main            d.u.i.k.j.TypeConverter   No LDT found for Meta 
1478       DEBUG main            d.u.i.k.j.TypeConverter   No LDT found for Meta 
1479       DEBUG main            d.u.i.k.j.TypeConverter   No LDT found for Meta 
1480       DEBUG main            d.u.i.k.j.TypeConverter   No LDT found for Meta 
2511       DEBUG main            d.u.i.k.j.TypeConverter   No LDT found for JavaBigintExpression 
8153       DEBUG main            d.u.i.k.p.i.AbstractProblemLoader Init config took 7.36s 
8339       INFO  main            d.u.i.k.p.i.AbstractProblemLoader Replaying proof SimplifiedLinkedList[SimplifiedLinkedList::remove(int)].JML normal_behavior operation contract.0 
8416       DEBUG main            d.u.i.k.p.i.IntermediateProofReplayer Proof replay took 41.7ns 
101860     INFO  main            d.u.i.k.p.r.p.TestFile    ... finished proof: closed. 
102273     INFO  main            d.u.i.k.p.i.AbstractProblemLoader Loading environment from /home/runner/work/key/key/key.core/../key.ui/examples/heap/list_seq/SimplifiedLinkedList.remove.key.proof 
102273     DEBUG main            d.u.i.k.p.i.AbstractProblemLoader Environment load took 537.61ns 
102295     INFO  main            d.u.i.k.p.i.AbstractProblemLoader Creating init config 
105469     DEBUG main            d.u.i.k.p.i.AbstractProblemLoader Init config took 3.17s 
105589     INFO  main            d.u.i.k.p.i.AbstractProblemLoader Replaying proof SimplifiedLinkedList[SimplifiedLinkedList::remove(int)].JML normal_behavior operation contract.0 
110088     DEBUG main            d.u.i.k.p.i.IntermediateProofReplayer Proof replay took 4.23s 
110109     DEBUG main            d.u.i.k.p.r.p.TestFile    ... success: reloaded. 
110111     INFO  main            d.u.i.k.p.r.p.TestFile    Now processing file /home/runner/work/key/key/key.core/../key.ui/examples/heap/list_seq/ArrayList.ArrayList.key 
110112     INFO  main            d.u.i.k.p.i.AbstractProblemLoader Loading environment from /home/runner/work/key/key/key.core/../key.ui/examples/heap/list_seq/ArrayList.ArrayList.key 
110112     DEBUG main            d.u.i.k.p.i.AbstractProblemLoader Environment load took 251.01ns 
110113     INFO  main            d.u.i.k.p.i.AbstractProblemLoader Creating init config 
113237     DEBUG main            d.u.i.k.p.i.AbstractProblemLoader Init config took 3.12s 
113342     INFO  main            d.u.i.k.p.i.AbstractProblemLoader Replaying proof ArrayList[ArrayList::ArrayList()].JML normal_behavior operation contract.0 
113345     DEBUG main            d.u.i.k.p.i.IntermediateProofReplayer Proof replay took 6.8ns 
114250     INFO  main            d.u.i.k.p.r.p.TestFile    ... finished proof: closed. 
114484     INFO  main            d.u.i.k.p.i.AbstractProblemLoader Loading environment from /home/runner/work/key/key/key.core/../key.ui/examples/heap/list_seq/ArrayList.ArrayList.key.proof 
114484     DEBUG main            d.u.i.k.p.i.AbstractProblemLoader Environment load took 512.61ns 
114487     INFO  main            d.u.i.k.p.i.AbstractProblemLoader Creating init config 
117558     DEBUG main            d.u.i.k.p.i.AbstractProblemLoader Init config took 3.07s 
117636     INFO  main            d.u.i.k.p.i.AbstractProblemLoader Replaying proof ArrayList[ArrayList::ArrayList()].JML normal_behavior operation contract.0 
117774     DEBUG main            d.u.i.k.p.i.IntermediateProofReplayer Proof replay took 132.82ms 
117775     DEBUG main            d.u.i.k.p.r.p.TestFile    ... success: reloaded. 
117777     INFO  main            d.u.i.k.p.r.p.TestFile    Now processing file /home/runner/work/key/key/key.core/../key.ui/examples/heap/list_seq/ArrayList.add.key 
117777     INFO  main            d.u.i.k.p.i.AbstractProblemLoader Loading environment from /home/runner/work/key/key/key.core/../key.ui/examples/heap/list_seq/ArrayList.add.key 
117777     DEBUG main            d.u.i.k.p.i.AbstractProblemLoader Environment load took 254.81ns 
117779     INFO  main            d.u.i.k.p.i.AbstractProblemLoader Creating init config 
120750     DEBUG main            d.u.i.k.p.i.AbstractProblemLoader Init config took 2.97s 
120852     INFO  main            d.u.i.k.p.i.AbstractProblemLoader Replaying proof ArrayList[List::add(java.lang.Object)].JML normal_behavior operation contract.0 
120854     DEBUG main            d.u.i.k.p.i.IntermediateProofReplayer Proof replay took 5.8ns 
124503     INFO  main            d.u.i.k.p.r.p.TestFile    ... finished proof: closed. 
124697     INFO  main            d.u.i.k.p.i.AbstractProblemLoader Loading environment from /home/runner/work/key/key/key.core/../key.ui/examples/heap/list_seq/ArrayList.add.key.proof 
124698     DEBUG main            d.u.i.k.p.i.AbstractProblemLoader Environment load took 488.41ns 
124701     INFO  main            d.u.i.k.p.i.AbstractProblemLoader Creating init config 
127679     DEBUG main            d.u.i.k.p.i.AbstractProblemLoader Init config took 2.98s 
127756     INFO  main            d.u.i.k.p.i.AbstractProblemLoader Replaying proof ArrayList[List::add(java.lang.Object)].JML normal_behavior operation contract.0 
128213     DEBUG main            d.u.i.k.p.i.IntermediateProofReplayer Proof replay took 441.91ms 
128215     DEBUG main            d.u.i.k.p.r.p.TestFile    ... success: reloaded. 
128216     INFO  main            d.u.i.k.p.r.p.TestFile    Now processing file /home/runner/work/key/key/key.core/../key.ui/examples/heap/list_seq/ArrayList.contains.key 
128216     INFO  main            d.u.i.k.p.i.AbstractProblemLoader Loading environment from /home/runner/work/key/key/key.core/../key.ui/examples/heap/list_seq/ArrayList.contains.key 
128217     DEBUG main            d.u.i.k.p.i.AbstractProblemLoader Environment load took 244.71ns 
128218     INFO  main            d.u.i.k.p.i.AbstractProblemLoader Creating init config 
131281     DEBUG main            d.u.i.k.p.i.AbstractProblemLoader Init config took 3.06s 
131357     INFO  main            d.u.i.k.p.i.AbstractProblemLoader Replaying proof ArrayList[List::contains(java.lang.Object)].JML normal_behavior operation contract.0 
131359     DEBUG main            d.u.i.k.p.i.IntermediateProofReplayer Proof replay took 6.4ns 
132964     INFO  main            d.u.i.k.p.r.p.TestFile    ... finished proof: closed. 
133143     INFO  main            d.u.i.k.p.i.AbstractProblemLoader Loading environment from /home/runner/work/key/key/key.core/../key.ui/examples/heap/list_seq/ArrayList.contains.key.proof 
133144     DEBUG main            d.u.i.k.p.i.AbstractProblemLoader Environment load took 500.51ns 
133145     INFO  main            d.u.i.k.p.i.AbstractProblemLoader Creating init config 
136092     DEBUG main            d.u.i.k.p.i.AbstractProblemLoader Init config took 2.95s 
136184     INFO  main            d.u.i.k.p.i.AbstractProblemLoader Replaying proof ArrayList[List::contains(java.lang.Object)].JML normal_behavior operation contract.0 
136447     DEBUG main            d.u.i.k.p.i.IntermediateProofReplayer Proof replay took 255.29ms 
136449     DEBUG main            d.u.i.k.p.r.p.TestFile    ... success: reloaded. 
136451     INFO  main            d.u.i.k.p.r.p.TestFile    Now processing file /home/runner/work/key/key/key.core/../key.ui/examples/heap/list_seq/ArrayList.enlarge.key 
136451     INFO  main            d.u.i.k.p.i.AbstractProblemLoader Loading environment from /home/runner/work/key/key/key.core/../key.ui/examples/heap/list_seq/ArrayList.enlarge.key 
136451     DEBUG main            d.u.i.k.p.i.AbstractProblemLoader Environment load took 242.71ns 
136452     INFO  main            d.u.i.k.p.i.AbstractProblemLoader Creating init config 
139443     DEBUG main            d.u.i.k.p.i.AbstractProblemLoader Init config took 2.99s 
139540     INFO  main            d.u.i.k.p.i.AbstractProblemLoader Replaying proof ArrayList[ArrayList::enlarge()].JML normal_behavior operation contract.0 
139542     DEBUG main            d.u.i.k.p.i.IntermediateProofReplayer Proof replay took 6.9ns 
141649     INFO  main            d.u.i.k.p.r.p.TestFile    ... finished proof: closed. 
141859     INFO  main            d.u.i.k.p.i.AbstractProblemLoader Loading environment from /home/runner/work/key/key/key.core/../key.ui/examples/heap/list_seq/ArrayList.enlarge.key.proof 
141859     DEBUG main            d.u.i.k.p.i.AbstractProblemLoader Environment load took 553.81ns 
141861     INFO  main            d.u.i.k.p.i.AbstractProblemLoader Creating init config 
144785     DEBUG main            d.u.i.k.p.i.AbstractProblemLoader Init config took 2.92s 
144871     INFO  main            d.u.i.k.p.i.AbstractProblemLoader Replaying proof ArrayList[ArrayList::enlarge()].JML normal_behavior operation contract.0 
145191     DEBUG main            d.u.i.k.p.i.IntermediateProofReplayer Proof replay took 311.41ms 
145192     DEBUG main            d.u.i.k.p.r.p.TestFile    ... success: reloaded. 
145193     INFO  main            d.u.i.k.p.r.p.TestFile    Now processing file /home/runner/work/key/key/key.core/../key.ui/examples/heap/list_seq/ArrayList.get.key 
145194     INFO  main            d.u.i.k.p.i.AbstractProblemLoader Loading environment from /home/runner/work/key/key/key.core/../key.ui/examples/heap/list_seq/ArrayList.get.key 
145194     DEBUG main            d.u.i.k.p.i.AbstractProblemLoader Environment load took 124.4ns 
145195     INFO  main            d.u.i.k.p.i.AbstractProblemLoader Creating init config 
148145     DEBUG main            d.u.i.k.p.i.AbstractProblemLoader Init config took 2.95s 
148221     INFO  main            d.u.i.k.p.i.AbstractProblemLoader Replaying proof ArrayList[List::get(int)].JML normal_behavior operation contract.0 
148223     DEBUG main            d.u.i.k.p.i.IntermediateProofReplayer Proof replay took 6.5ns 
148828     INFO  main            d.u.i.k.p.r.p.TestFile    ... finished proof: closed. 
149018     INFO  main            d.u.i.k.p.i.AbstractProblemLoader Loading environment from /home/runner/work/key/key/key.core/../key.ui/examples/heap/list_seq/ArrayList.get.key.proof 
149019     DEBUG main            d.u.i.k.p.i.AbstractProblemLoader Environment load took 551.21ns 
149020     INFO  main            d.u.i.k.p.i.AbstractProblemLoader Creating init config 
151923     DEBUG main            d.u.i.k.p.i.AbstractProblemLoader Init config took 2.9s 
151997     INFO  main            d.u.i.k.p.i.AbstractProblemLoader Replaying proof ArrayList[List::get(int)].JML normal_behavior operation contract.0 
152062     DEBUG main            d.u.i.k.p.i.IntermediateProofReplayer Proof replay took 62.02ms 
152063     DEBUG main            d.u.i.k.p.r.p.TestFile    ... success: reloaded. 
152064     INFO  main            d.u.i.k.p.r.p.TestFile    Now processing file /home/runner/work/key/key/key.core/../key.ui/examples/heap/list_seq/ArrayList.newArray.key 
152065     INFO  main            d.u.i.k.p.i.AbstractProblemLoader Loading environment from /home/runner/work/key/key/key.core/../key.ui/examples/heap/list_seq/ArrayList.newArray.key 
152065     DEBUG main            d.u.i.k.p.i.AbstractProblemLoader Environment load took 113.3ns 
152066     INFO  main            d.u.i.k.p.i.AbstractProblemLoader Creating init config 
154989     DEBUG main            d.u.i.k.p.i.AbstractProblemLoader Init config took 2.92s 
155062     INFO  main            d.u.i.k.p.i.AbstractProblemLoader Replaying proof ArrayList[ArrayList::newArray(int)].JML normal_behavior operation contract.0 
155063     DEBUG main            d.u.i.k.p.i.IntermediateProofReplayer Proof replay took 7ns 
155366     INFO  main            d.u.i.k.p.r.p.TestFile    ... finished proof: closed. 
155562     INFO  main            d.u.i.k.p.i.AbstractProblemLoader Loading environment from /home/runner/work/key/key/key.core/../key.ui/examples/heap/list_seq/ArrayList.newArray.key.proof 
155563     DEBUG main            d.u.i.k.p.i.AbstractProblemLoader Environment load took 137.5ns 
155564     INFO  main            d.u.i.k.p.i.AbstractProblemLoader Creating init config 
158420     DEBUG main            d.u.i.k.p.i.AbstractProblemLoader Init config took 2.86s 
158490     INFO  main            d.u.i.k.p.i.AbstractProblemLoader Replaying proof ArrayList[ArrayList::newArray(int)].JML normal_behavior operation contract.0 
158543     DEBUG main            d.u.i.k.p.i.IntermediateProofReplayer Proof replay took 50.49ms 
158544     DEBUG main            d.u.i.k.p.r.p.TestFile    ... success: reloaded. 
158545     INFO  main            d.u.i.k.p.r.p.TestFile    Now processing file /home/runner/work/key/key/key.core/../key.ui/examples/heap/list_seq/ArrayList.remove.0.key 
158545     INFO  main            d.u.i.k.p.i.AbstractProblemLoader Loading environment from /home/runner/work/key/key/key.core/../key.ui/examples/heap/list_seq/ArrayList.remove.0.key 
158546     DEBUG main            d.u.i.k.p.i.AbstractProblemLoader Environment load took 112.5ns 
158546     INFO  main            d.u.i.k.p.i.AbstractProblemLoader Creating init config 
161445     DEBUG main            d.u.i.k.p.i.AbstractProblemLoader Init config took 2.9s 
161518     INFO  main            d.u.i.k.p.i.AbstractProblemLoader Replaying proof ArrayList[List::remove(java.lang.Object)].JML normal_behavior operation contract.0 
161519     DEBUG main            d.u.i.k.p.i.IntermediateProofReplayer Proof replay took 6.5ns 
163526     INFO  main            d.u.i.k.p.r.p.TestFile    ... finished proof: closed. 
163734     INFO  main            d.u.i.k.p.i.AbstractProblemLoader Loading environment from /home/runner/work/key/key/key.core/../key.ui/examples/heap/list_seq/ArrayList.remove.0.key.proof 
163735     DEBUG main            d.u.i.k.p.i.AbstractProblemLoader Environment load took 1.26ms 
163736     INFO  main            d.u.i.k.p.i.AbstractProblemLoader Creating init config 
166577     DEBUG main            d.u.i.k.p.i.AbstractProblemLoader Init config took 2.84s 
166655     INFO  main            d.u.i.k.p.i.AbstractProblemLoader Replaying proof ArrayList[List::remove(java.lang.Object)].JML normal_behavior operation contract.0 
167144     DEBUG main            d.u.i.k.p.i.IntermediateProofReplayer Proof replay took 482.64ms 
167146     DEBUG main            d.u.i.k.p.r.p.TestFile    ... success: reloaded. 
167147     INFO  main            d.u.i.k.p.r.p.TestFile    Now processing file /home/runner/work/key/key/key.core/../key.ui/examples/heap/list_seq/ArrayList.remove.1.key 
167147     INFO  main            d.u.i.k.p.i.AbstractProblemLoader Loading environment from /home/runner/work/key/key/key.core/../key.ui/examples/heap/list_seq/ArrayList.remove.1.key 
167147     DEBUG main            d.u.i.k.p.i.AbstractProblemLoader Environment load took 94.4ns 
167148     INFO  main            d.u.i.k.p.i.AbstractProblemLoader Creating init config 
170091     DEBUG main            d.u.i.k.p.i.AbstractProblemLoader Init config took 2.94s 
170158     INFO  main            d.u.i.k.p.i.AbstractProblemLoader Replaying proof ArrayList[List::remove(java.lang.Object)].JML normal_behavior operation contract.1 
170160     DEBUG main            d.u.i.k.p.i.IntermediateProofReplayer Proof replay took 6.5ns 
182652     INFO  main            d.u.i.k.p.r.p.TestFile    ... finished proof: closed. 
182923     INFO  main            d.u.i.k.p.i.AbstractProblemLoader Loading environment from /home/runner/work/key/key/key.core/../key.ui/examples/heap/list_seq/ArrayList.remove.1.key.proof 
182923     DEBUG main            d.u.i.k.p.i.AbstractProblemLoader Environment load took 505.71ns 
182926     INFO  main            d.u.i.k.p.i.AbstractProblemLoader Creating init config 
185764     DEBUG main            d.u.i.k.p.i.AbstractProblemLoader Init config took 2.84s 
185836     INFO  main            d.u.i.k.p.i.AbstractProblemLoader Replaying proof ArrayList[List::remove(java.lang.Object)].JML normal_behavior operation contract.1 
187261     DEBUG main            d.u.i.k.p.i.IntermediateProofReplayer Proof replay took 1.39s 
187264     DEBUG main            d.u.i.k.p.r.p.TestFile    ... success: reloaded. 
1393303    INFO  Test worker     d.u.i.k.p.r.RunAllProofsTestUnit Returning from test list_seq 
1393304    INFO  Test worker     d.u.i.k.p.r.RunAllProofsTestUnit Running test observer 
322        INFO  Timeout watchdog d.u.i.k.p.r.p.ForkedTestFileRunner Timeout watcher launched (2000 secs.) 
334        WARN  main            d.u.i.k.s.ProofSettings   The settings in /home/runner/.key/proof-settings.props are *not* read. 
380        INFO  main            d.u.i.k.p.r.p.TestFile    Now processing file /home/runner/work/key/key/key.core/../key.ui/examples/heap/observer/ExampleObserver_ExampleObserver.key 
528        INFO  main            d.u.i.k.p.i.AbstractProblemLoader Loading environment from /home/runner/work/key/key/key.core/../key.ui/examples/heap/observer/ExampleObserver_ExampleObserver.key 
545        DEBUG main            d.u.i.k.p.i.AbstractProblemLoader Environment load took 2.28ms 
787        INFO  main            d.u.i.k.p.i.AbstractProblemLoader Creating init config 
1664       DEBUG main            d.u.i.k.j.TypeConverter   No LDT found for Meta 
1665       DEBUG main            d.u.i.k.j.TypeConverter   No LDT found for Meta 
1668       DEBUG main            d.u.i.k.j.TypeConverter   No LDT found for Meta 
1669       DEBUG main            d.u.i.k.j.TypeConverter   No LDT found for Meta 
2676       DEBUG main            d.u.i.k.j.TypeConverter   No LDT found for JavaBigintExpression 
8817       DEBUG main            d.u.i.k.p.i.AbstractProblemLoader Init config took 8.03s 
8999       INFO  main            d.u.i.k.p.i.AbstractProblemLoader Replaying proof ExampleObserver[ExampleObserver::ExampleObserver(ExampleSubject)].JML normal_behavior operation contract.0 
9039       DEBUG main            d.u.i.k.p.i.IntermediateProofReplayer Proof replay took 36.1ns 
10102      INFO  main            d.u.i.k.p.r.p.TestFile    ... finished proof: closed. 
10299      INFO  main            d.u.i.k.p.i.AbstractProblemLoader Loading environment from /home/runner/work/key/key/key.core/../key.ui/examples/heap/observer/ExampleObserver_ExampleObserver.key.proof 
10301      DEBUG main            d.u.i.k.p.i.AbstractProblemLoader Environment load took 2.01ms 
10306      INFO  main            d.u.i.k.p.i.AbstractProblemLoader Creating init config 
13372      DEBUG main            d.u.i.k.p.i.AbstractProblemLoader Init config took 3.07s 
13447      INFO  main            d.u.i.k.p.i.AbstractProblemLoader Replaying proof ExampleObserver[ExampleObserver::ExampleObserver(ExampleSubject)].JML normal_behavior operation contract.0 
13565      DEBUG main            d.u.i.k.p.i.IntermediateProofReplayer Proof replay took 110.46ms 
13572      DEBUG main            d.u.i.k.p.r.p.TestFile    ... success: reloaded. 
13574      INFO  main            d.u.i.k.p.r.p.TestFile    Now processing file /home/runner/work/key/key/key.core/../key.ui/examples/heap/observer/ExampleObserver_inv.key 
13575      INFO  main            d.u.i.k.p.i.AbstractProblemLoader Loading environment from /home/runner/work/key/key/key.core/../key.ui/examples/heap/observer/ExampleObserver_inv.key 
13575      DEBUG main            d.u.i.k.p.i.AbstractProblemLoader Environment load took 253.71ns 
13577      INFO  main            d.u.i.k.p.i.AbstractProblemLoader Creating init config 
16534      DEBUG main            d.u.i.k.p.i.AbstractProblemLoader Init config took 2.96s 
16596      INFO  main            d.u.i.k.p.i.AbstractProblemLoader Replaying proof ExampleObserver[java.lang.Object::<inv>()].JML accessible clause.0 
16599      DEBUG main            d.u.i.k.p.i.IntermediateProofReplayer Proof replay took 6.8ns 
16702      INFO  main            d.u.i.k.p.r.p.TestFile    ... finished proof: closed. 
16833      INFO  main            d.u.i.k.p.i.AbstractProblemLoader Loading environment from /home/runner/work/key/key/key.core/../key.ui/examples/heap/observer/ExampleObserver_inv.key.proof 
16833      DEBUG main            d.u.i.k.p.i.AbstractProblemLoader Environment load took 149.1ns 
16835      INFO  main            d.u.i.k.p.i.AbstractProblemLoader Creating init config 
19667      DEBUG main            d.u.i.k.p.i.AbstractProblemLoader Init config took 2.83s 
19726      INFO  main            d.u.i.k.p.i.AbstractProblemLoader Replaying proof ExampleObserver[java.lang.Object::<inv>()].JML accessible clause.0 
19744      DEBUG main            d.u.i.k.p.i.IntermediateProofReplayer Proof replay took 15.12ms 
19745      DEBUG main            d.u.i.k.p.r.p.TestFile    ... success: reloaded. 
19747      INFO  main            d.u.i.k.p.r.p.TestFile    Now processing file /home/runner/work/key/key/key.core/../key.ui/examples/heap/observer/ExampleObserver_subject.key 
19747      INFO  main            d.u.i.k.p.i.AbstractProblemLoader Loading environment from /home/runner/work/key/key/key.core/../key.ui/examples/heap/observer/ExampleObserver_subject.key 
19748      DEBUG main            d.u.i.k.p.i.AbstractProblemLoader Environment load took 267.51ns 
19749      INFO  main            d.u.i.k.p.i.AbstractProblemLoader Creating init config 
22527      DEBUG main            d.u.i.k.p.i.AbstractProblemLoader Init config took 2.78s 
22577      INFO  main            d.u.i.k.p.i.AbstractProblemLoader Replaying proof Observer[Observer::$subject()].JML accessible clause.0 
22579      DEBUG main            d.u.i.k.p.i.IntermediateProofReplayer Proof replay took 5.8ns 
22681      INFO  main            d.u.i.k.p.r.p.TestFile    ... finished proof: closed. 
22819      INFO  main            d.u.i.k.p.i.AbstractProblemLoader Loading environment from /home/runner/work/key/key/key.core/../key.ui/examples/heap/observer/ExampleObserver_subject.key.proof 
22819      DEBUG main            d.u.i.k.p.i.AbstractProblemLoader Environment load took 131.6ns 
22821      INFO  main            d.u.i.k.p.i.AbstractProblemLoader Creating init config 
25600      DEBUG main            d.u.i.k.p.i.AbstractProblemLoader Init config took 2.78s 
25649      INFO  main            d.u.i.k.p.i.AbstractProblemLoader Replaying proof Observer[Observer::$subject()].JML accessible clause.0 
25653      DEBUG main            d.u.i.k.p.i.IntermediateProofReplayer Proof replay took 2.14ms 
25654      DEBUG main            d.u.i.k.p.r.p.TestFile    ... success: reloaded. 
25656      INFO  main            d.u.i.k.p.r.p.TestFile    Now processing file /home/runner/work/key/key/key.core/../key.ui/examples/heap/observer/ExampleObserver_update.key 
25656      INFO  main            d.u.i.k.p.i.AbstractProblemLoader Loading environment from /home/runner/work/key/key/key.core/../key.ui/examples/heap/observer/ExampleObserver_update.key 
25656      DEBUG main            d.u.i.k.p.i.AbstractProblemLoader Environment load took 236.21ns 
25657      INFO  main            d.u.i.k.p.i.AbstractProblemLoader Creating init config 
28419      DEBUG main            d.u.i.k.p.i.AbstractProblemLoader Init config took 2.76s 
28468      INFO  main            d.u.i.k.p.i.AbstractProblemLoader Replaying proof ExampleObserver[Observer::update()].JML normal_behavior operation contract.0 
28470      DEBUG main            d.u.i.k.p.i.IntermediateProofReplayer Proof replay took 6.1ns 
28774      INFO  main            d.u.i.k.p.r.p.TestFile    ... finished proof: closed. 
28970      INFO  main            d.u.i.k.p.i.AbstractProblemLoader Loading environment from /home/runner/work/key/key/key.core/../key.ui/examples/heap/observer/ExampleObserver_update.key.proof 
28970      DEBUG main            d.u.i.k.p.i.AbstractProblemLoader Environment load took 530.71ns 
28972      INFO  main            d.u.i.k.p.i.AbstractProblemLoader Creating init config 
31686      DEBUG main            d.u.i.k.p.i.AbstractProblemLoader Init config took 2.71s 
31735      INFO  main            d.u.i.k.p.i.AbstractProblemLoader Replaying proof ExampleObserver[Observer::update()].JML normal_behavior operation contract.0 
31799      DEBUG main            d.u.i.k.p.i.IntermediateProofReplayer Proof replay took 61.08ms 
31801      DEBUG main            d.u.i.k.p.r.p.TestFile    ... success: reloaded. 
31802      INFO  main            d.u.i.k.p.r.p.TestFile    Now processing file /home/runner/work/key/key/key.core/../key.ui/examples/heap/observer/ExampleObserver_upToDate.key 
31803      INFO  main            d.u.i.k.p.i.AbstractProblemLoader Loading environment from /home/runner/work/key/key/key.core/../key.ui/examples/heap/observer/ExampleObserver_upToDate.key 
31803      DEBUG main            d.u.i.k.p.i.AbstractProblemLoader Environment load took 249.01ns 
31804      INFO  main            d.u.i.k.p.i.AbstractProblemLoader Creating init config 
34531      DEBUG main            d.u.i.k.p.i.AbstractProblemLoader Init config took 2.73s 
34578      INFO  main            d.u.i.k.p.i.AbstractProblemLoader Replaying proof ExampleObserver[Observer::$upToDate()].JML accessible clause.0 
34580      DEBUG main            d.u.i.k.p.i.IntermediateProofReplayer Proof replay took 6.3ns 
34682      INFO  main            d.u.i.k.p.r.p.TestFile    ... finished proof: closed. 
34881      INFO  main            d.u.i.k.p.i.AbstractProblemLoader Loading environment from /home/runner/work/key/key/key.core/../key.ui/examples/heap/observer/ExampleObserver_upToDate.key.proof 
34881      DEBUG main            d.u.i.k.p.i.AbstractProblemLoader Environment load took 136.3ns 
34882      INFO  main            d.u.i.k.p.i.AbstractProblemLoader Creating init config 
37576      DEBUG main            d.u.i.k.p.i.AbstractProblemLoader Init config took 2.69s 
37622      INFO  main            d.u.i.k.p.i.AbstractProblemLoader Replaying proof ExampleObserver[Observer::$upToDate()].JML accessible clause.0 
37643      DEBUG main            d.u.i.k.p.i.IntermediateProofReplayer Proof replay took 18.22ms 
37644      DEBUG main            d.u.i.k.p.r.p.TestFile    ... success: reloaded. 
37645      INFO  main            d.u.i.k.p.r.p.TestFile    Now processing file /home/runner/work/key/key/key.core/../key.ui/examples/heap/observer/ExampleObserver_value.key 
37645      INFO  main            d.u.i.k.p.i.AbstractProblemLoader Loading environment from /home/runner/work/key/key/key.core/../key.ui/examples/heap/observer/ExampleObserver_value.key 
37646      DEBUG main            d.u.i.k.p.i.AbstractProblemLoader Environment load took 115ns 
37646      INFO  main            d.u.i.k.p.i.AbstractProblemLoader Creating init config 
40362      DEBUG main            d.u.i.k.p.i.AbstractProblemLoader Init config took 2.72s 
40432      INFO  main            d.u.i.k.p.i.AbstractProblemLoader Replaying proof ExampleObserver[ExampleObserver::value()].JML normal_behavior operation contract.0 
40434      DEBUG main            d.u.i.k.p.i.IntermediateProofReplayer Proof replay took 6.2ns 
40537      INFO  main            d.u.i.k.p.r.p.TestFile    ... finished proof: closed. 
40719      INFO  main            d.u.i.k.p.i.AbstractProblemLoader Loading environment from /home/runner/work/key/key/key.core/../key.ui/examples/heap/observer/ExampleObserver_value.key.proof 
40719      DEBUG main            d.u.i.k.p.i.AbstractProblemLoader Environment load took 125.8ns 
40723      INFO  main            d.u.i.k.p.i.AbstractProblemLoader Creating init config 
43399      DEBUG main            d.u.i.k.p.i.AbstractProblemLoader Init config took 2.68s 
43457      INFO  main            d.u.i.k.p.i.AbstractProblemLoader Replaying proof ExampleObserver[ExampleObserver::value()].JML normal_behavior operation contract.0 
43478      DEBUG main            d.u.i.k.p.i.IntermediateProofReplayer Proof replay took 18.51ms 
43479      DEBUG main            d.u.i.k.p.r.p.TestFile    ... success: reloaded. 
43480      INFO  main            d.u.i.k.p.r.p.TestFile    Now processing file /home/runner/work/key/key/key.core/../key.ui/examples/heap/observer/ExampleSubject_addObserver.key 
43480      INFO  main            d.u.i.k.p.i.AbstractProblemLoader Loading environment from /home/runner/work/key/key/key.core/../key.ui/examples/heap/observer/ExampleSubject_addObserver.key 
43481      DEBUG main            d.u.i.k.p.i.AbstractProblemLoader Environment load took 105.4ns 
43481      INFO  main            d.u.i.k.p.i.AbstractProblemLoader Creating init config 
46227      DEBUG main            d.u.i.k.p.i.AbstractProblemLoader Init config took 2.75s 
46275      INFO  main            d.u.i.k.p.i.AbstractProblemLoader Replaying proof ExampleSubject[Subject::addObserver(Observer)].JML normal_behavior operation contract.0 
46277      DEBUG main            d.u.i.k.p.i.IntermediateProofReplayer Proof replay took 6.9ns 
52401      INFO  main            d.u.i.k.p.r.p.TestFile    ... finished proof: closed. 
52621      INFO  main            d.u.i.k.p.i.AbstractProblemLoader Loading environment from /home/runner/work/key/key/key.core/../key.ui/examples/heap/observer/ExampleSubject_addObserver.key.proof 
52623      DEBUG main            d.u.i.k.p.i.AbstractProblemLoader Environment load took 2ms 
52626      INFO  main            d.u.i.k.p.i.AbstractProblemLoader Creating init config 
55291      DEBUG main            d.u.i.k.p.i.AbstractProblemLoader Init config took 2.66s 
55349      INFO  main            d.u.i.k.p.i.AbstractProblemLoader Replaying proof ExampleSubject[Subject::addObserver(Observer)].JML normal_behavior operation contract.0 
56138      DEBUG main            d.u.i.k.p.i.IntermediateProofReplayer Proof replay took 766.15ms 
56140      DEBUG main            d.u.i.k.p.r.p.TestFile    ... success: reloaded. 
56141      INFO  main            d.u.i.k.p.r.p.TestFile    Now processing file /home/runner/work/key/key/key.core/../key.ui/examples/heap/observer/ExampleSubject_change.key 
56141      INFO  main            d.u.i.k.p.i.AbstractProblemLoader Loading environment from /home/runner/work/key/key/key.core/../key.ui/examples/heap/observer/ExampleSubject_change.key 
56141      DEBUG main            d.u.i.k.p.i.AbstractProblemLoader Environment load took 103ns 
56142      INFO  main            d.u.i.k.p.i.AbstractProblemLoader Creating init config 
58845      DEBUG main            d.u.i.k.p.i.AbstractProblemLoader Init config took 2.7s 
58894      INFO  main            d.u.i.k.p.i.AbstractProblemLoader Replaying proof ExampleSubject[ExampleSubject::change()].JML normal_behavior operation contract.0 
58897      DEBUG main            d.u.i.k.p.i.IntermediateProofReplayer Proof replay took 7.5ns 
59513      INFO  main            d.u.i.k.p.r.p.TestFile    ... finished proof: closed. 
59687      INFO  main            d.u.i.k.p.i.AbstractProblemLoader Loading environment from /home/runner/work/key/key/key.core/../key.ui/examples/heap/observer/ExampleSubject_change.key.proof 
59687      DEBUG main            d.u.i.k.p.i.AbstractProblemLoader Environment load took 131.8ns 
59688      INFO  main            d.u.i.k.p.i.AbstractProblemLoader Creating init config 
62422      DEBUG main            d.u.i.k.p.i.AbstractProblemLoader Init config took 2.73s 
62470      INFO  main            d.u.i.k.p.i.AbstractProblemLoader Replaying proof ExampleSubject[ExampleSubject::change()].JML normal_behavior operation contract.0 
62554      DEBUG main            d.u.i.k.p.i.IntermediateProofReplayer Proof replay took 78.72ms 
62555      DEBUG main            d.u.i.k.p.r.p.TestFile    ... success: reloaded. 
62557      INFO  main            d.u.i.k.p.r.p.TestFile    Now processing file /home/runner/work/key/key/key.core/../key.ui/examples/heap/observer/ExampleSubject_ExampleSubject.key 
62557      INFO  main            d.u.i.k.p.i.AbstractProblemLoader Loading environment from /home/runner/work/key/key/key.core/../key.ui/examples/heap/observer/ExampleSubject_ExampleSubject.key 
62557      DEBUG main            d.u.i.k.p.i.AbstractProblemLoader Environment load took 230.71ns 
62558      INFO  main            d.u.i.k.p.i.AbstractProblemLoader Creating init config 
65225      DEBUG main            d.u.i.k.p.i.AbstractProblemLoader Init config took 2.67s 
65269      INFO  main            d.u.i.k.p.i.AbstractProblemLoader Replaying proof ExampleSubject[ExampleSubject::ExampleSubject()].JML normal_behavior operation contract.0 
65271      DEBUG main            d.u.i.k.p.i.IntermediateProofReplayer Proof replay took 6.6ns 
66312      INFO  main            d.u.i.k.p.r.p.TestFile    ... finished proof: closed. 
66513      INFO  main            d.u.i.k.p.i.AbstractProblemLoader Loading environment from /home/runner/work/key/key/key.core/../key.ui/examples/heap/observer/ExampleSubject_ExampleSubject.key.proof 
66514      DEBUG main            d.u.i.k.p.i.AbstractProblemLoader Environment load took 483.21ns 
66515      INFO  main            d.u.i.k.p.i.AbstractProblemLoader Creating init config 
69138      DEBUG main            d.u.i.k.p.i.AbstractProblemLoader Init config took 2.62s 
69182      INFO  main            d.u.i.k.p.i.AbstractProblemLoader Replaying proof ExampleSubject[ExampleSubject::ExampleSubject()].JML normal_behavior operation contract.0 
69415      DEBUG main            d.u.i.k.p.i.IntermediateProofReplayer Proof replay took 226.78ms 
69417      DEBUG main            d.u.i.k.p.r.p.TestFile    ... success: reloaded. 
69419      INFO  main            d.u.i.k.p.r.p.TestFile    Now processing file /home/runner/work/key/key/key.core/../key.ui/examples/heap/observer/ExampleSubject_footprint.key 
69419      INFO  main            d.u.i.k.p.i.AbstractProblemLoader Loading environment from /home/runner/work/key/key/key.core/../key.ui/examples/heap/observer/ExampleSubject_footprint.key 
69419      DEBUG main            d.u.i.k.p.i.AbstractProblemLoader Environment load took 118.7ns 
69420      INFO  main            d.u.i.k.p.i.AbstractProblemLoader Creating init config 
72124      DEBUG main            d.u.i.k.p.i.AbstractProblemLoader Init config took 2.7s 
72175      INFO  main            d.u.i.k.p.i.AbstractProblemLoader Replaying proof ExampleSubject[Subject::$footprint()].JML accessible clause.0 
72177      DEBUG main            d.u.i.k.p.i.IntermediateProofReplayer Proof replay took 7.8ns 
72279      INFO  main            d.u.i.k.p.r.p.TestFile    ... finished proof: closed. 
72457      INFO  main            d.u.i.k.p.i.AbstractProblemLoader Loading environment from /home/runner/work/key/key/key.core/../key.ui/examples/heap/observer/ExampleSubject_footprint.key.proof 
72457      DEBUG main            d.u.i.k.p.i.AbstractProblemLoader Environment load took 127.3ns 
72458      INFO  main            d.u.i.k.p.i.AbstractProblemLoader Creating init config 
75143      DEBUG main            d.u.i.k.p.i.AbstractProblemLoader Init config took 2.69s 
75186      INFO  main            d.u.i.k.p.i.AbstractProblemLoader Replaying proof ExampleSubject[Subject::$footprint()].JML accessible clause.0 
75205      DEBUG main            d.u.i.k.p.i.IntermediateProofReplayer Proof replay took 16.11ms 
75206      DEBUG main            d.u.i.k.p.r.p.TestFile    ... success: reloaded. 
75207      INFO  main            d.u.i.k.p.r.p.TestFile    Now processing file /home/runner/work/key/key/key.core/../key.ui/examples/heap/observer/ExampleSubject_inv.key 
75208      INFO  main            d.u.i.k.p.i.AbstractProblemLoader Loading environment from /home/runner/work/key/key/key.core/../key.ui/examples/heap/observer/ExampleSubject_inv.key 
75208      DEBUG main            d.u.i.k.p.i.AbstractProblemLoader Environment load took 253.21ns 
75209      INFO  main            d.u.i.k.p.i.AbstractProblemLoader Creating init config 
77936      DEBUG main            d.u.i.k.p.i.AbstractProblemLoader Init config took 2.73s 
77978      INFO  main            d.u.i.k.p.i.AbstractProblemLoader Replaying proof ExampleSubject[java.lang.Object::<inv>()].JML accessible clause.0 
77979      DEBUG main            d.u.i.k.p.i.IntermediateProofReplayer Proof replay took 7.8ns 
79188      INFO  main            d.u.i.k.p.r.p.TestFile    ... finished proof: closed. 
79403      INFO  main            d.u.i.k.p.i.AbstractProblemLoader Loading environment from /home/runner/work/key/key/key.core/../key.ui/examples/heap/observer/ExampleSubject_inv.key.proof 
79403      DEBUG main            d.u.i.k.p.i.AbstractProblemLoader Environment load took 131.5ns 
79404      INFO  main            d.u.i.k.p.i.AbstractProblemLoader Creating init config 
82101      DEBUG main            d.u.i.k.p.i.AbstractProblemLoader Init config took 2.7s 
82147      INFO  main            d.u.i.k.p.i.AbstractProblemLoader Replaying proof ExampleSubject[java.lang.Object::<inv>()].JML accessible clause.0 
82281      DEBUG main            d.u.i.k.p.i.IntermediateProofReplayer Proof replay took 126.66ms 
82284      DEBUG main            d.u.i.k.p.r.p.TestFile    ... success: reloaded. 
82285      INFO  main            d.u.i.k.p.r.p.TestFile    Now processing file /home/runner/work/key/key/key.core/../key.ui/examples/heap/observer/ExampleSubject_notifyObservers.key 
82285      INFO  main            d.u.i.k.p.i.AbstractProblemLoader Loading environment from /home/runner/work/key/key/key.core/../key.ui/examples/heap/observer/ExampleSubject_notifyObservers.key 
82286      DEBUG main            d.u.i.k.p.i.AbstractProblemLoader Environment load took 108.4ns 
82287      INFO  main            d.u.i.k.p.i.AbstractProblemLoader Creating init config 
84952      DEBUG main            d.u.i.k.p.i.AbstractProblemLoader Init config took 2.66s 
84994      INFO  main            d.u.i.k.p.i.AbstractProblemLoader Replaying proof Subject[Subject::notifyObservers()].JML normal_behavior operation contract.0 
84995      DEBUG main            d.u.i.k.p.i.IntermediateProofReplayer Proof replay took 6.5ns 
85101      INFO  main            d.u.i.k.p.r.p.TestFile    ... finished proof: closed. 
85302      INFO  main            d.u.i.k.p.i.AbstractProblemLoader Loading environment from /home/runner/work/key/key/key.core/../key.ui/examples/heap/observer/ExampleSubject_notifyObservers.key.proof 
85302      DEBUG main            d.u.i.k.p.i.AbstractProblemLoader Environment load took 124.1ns 
85303      INFO  main            d.u.i.k.p.i.AbstractProblemLoader Creating init config 
87905      DEBUG main            d.u.i.k.p.i.AbstractProblemLoader Init config took 2.6s 
87948      INFO  main            d.u.i.k.p.i.AbstractProblemLoader Replaying proof Subject[Subject::notifyObservers()].JML normal_behavior operation contract.0 
87953      DEBUG main            d.u.i.k.p.i.IntermediateProofReplayer Proof replay took 2.78ms 
87954      DEBUG main            d.u.i.k.p.r.p.TestFile    ... success: reloaded. 
87955      INFO  main            d.u.i.k.p.r.p.TestFile    Now processing file /home/runner/work/key/key/key.core/../key.ui/examples/heap/observer/ExampleSubject_value_dep.key 
87956      INFO  main            d.u.i.k.p.i.AbstractProblemLoader Loading environment from /home/runner/work/key/key/key.core/../key.ui/examples/heap/observer/ExampleSubject_value_dep.key 
87956      DEBUG main            d.u.i.k.p.i.AbstractProblemLoader Environment load took 226.5ns 
87957      INFO  main            d.u.i.k.p.i.AbstractProblemLoader Creating init config 
90691      DEBUG main            d.u.i.k.p.i.AbstractProblemLoader Init config took 2.73s 
90732      INFO  main            d.u.i.k.p.i.AbstractProblemLoader Replaying proof ExampleSubject[ExampleSubject::value()].JML accessible clause.0 
90734      DEBUG main            d.u.i.k.p.i.IntermediateProofReplayer Proof replay took 7.6ns 
90837      INFO  main            d.u.i.k.p.r.p.TestFile    ... finished proof: closed. 
91047      INFO  main            d.u.i.k.p.i.AbstractProblemLoader Loading environment from /home/runner/work/key/key/key.core/../key.ui/examples/heap/observer/ExampleSubject_value_dep.key.proof 
91047      DEBUG main            d.u.i.k.p.i.AbstractProblemLoader Environment load took 122.3ns 
91048      INFO  main            d.u.i.k.p.i.AbstractProblemLoader Creating init config 
93655      DEBUG main            d.u.i.k.p.i.AbstractProblemLoader Init config took 2.61s 
93702      INFO  main            d.u.i.k.p.i.AbstractProblemLoader Replaying proof ExampleSubject[ExampleSubject::value()].JML accessible clause.0 
93716      DEBUG main            d.u.i.k.p.i.IntermediateProofReplayer Proof replay took 13.01ms 
93717      DEBUG main            d.u.i.k.p.r.p.TestFile    ... success: reloaded. 
93721      INFO  main            d.u.i.k.p.r.p.TestFile    Now processing file /home/runner/work/key/key/key.core/../key.ui/examples/heap/observer/ExampleSubject_value.key 
93721      INFO  main            d.u.i.k.p.i.AbstractProblemLoader Loading environment from /home/runner/work/key/key/key.core/../key.ui/examples/heap/observer/ExampleSubject_value.key 
93721      DEBUG main            d.u.i.k.p.i.AbstractProblemLoader Environment load took 64ns 
93722      INFO  main            d.u.i.k.p.i.AbstractProblemLoader Creating init config 
96419      DEBUG main            d.u.i.k.p.i.AbstractProblemLoader Init config took 2.7s 
96461      INFO  main            d.u.i.k.p.i.AbstractProblemLoader Replaying proof ExampleSubject[ExampleSubject::value()].JML normal_behavior operation contract.0 
96463      DEBUG main            d.u.i.k.p.i.IntermediateProofReplayer Proof replay took 6.3ns 
96566      INFO  main            d.u.i.k.p.r.p.TestFile    ... finished proof: closed. 
96795      INFO  main            d.u.i.k.p.i.AbstractProblemLoader Loading environment from /home/runner/work/key/key/key.core/../key.ui/examples/heap/observer/ExampleSubject_value.key.proof 
96795      DEBUG main            d.u.i.k.p.i.AbstractProblemLoader Environment load took 121.9ns 
96797      INFO  main            d.u.i.k.p.i.AbstractProblemLoader Creating init config 
99393      DEBUG main            d.u.i.k.p.i.AbstractProblemLoader Init config took 2.6s 
99445      INFO  main            d.u.i.k.p.i.AbstractProblemLoader Replaying proof ExampleSubject[ExampleSubject::value()].JML normal_behavior operation contract.0 
99460      DEBUG main            d.u.i.k.p.i.IntermediateProofReplayer Proof replay took 11.03ms 
99461      DEBUG main            d.u.i.k.p.r.p.TestFile    ... success: reloaded. 
1492938    INFO  Test worker     d.u.i.k.p.r.RunAllProofsTestUnit Returning from test observer 
1492940    INFO  Test worker     d.u.i.k.p.r.RunAllProofsTestUnit Running test removeDups 
300        INFO  Timeout watchdog d.u.i.k.p.r.p.ForkedTestFileRunner Timeout watcher launched (2000 secs.) 
329        WARN  main            d.u.i.k.s.ProofSettings   The settings in /home/runner/.key/proof-settings.props are *not* read. 
381        INFO  main            d.u.i.k.p.r.p.TestFile    Now processing file /home/runner/work/key/key/key.core/../key.ui/examples/heap/removeDups/arrayPart.key 
519        INFO  main            d.u.i.k.p.i.AbstractProblemLoader Loading environment from /home/runner/work/key/key/key.core/../key.ui/examples/heap/removeDups/arrayPart.key 
545        DEBUG main            d.u.i.k.p.i.AbstractProblemLoader Environment load took 2.03ms 
765        INFO  main            d.u.i.k.p.i.AbstractProblemLoader Creating init config 
1513       DEBUG main            d.u.i.k.j.TypeConverter   No LDT found for Meta 
1514       DEBUG main            d.u.i.k.j.TypeConverter   No LDT found for Meta 
1515       DEBUG main            d.u.i.k.j.TypeConverter   No LDT found for Meta 
1516       DEBUG main            d.u.i.k.j.TypeConverter   No LDT found for Meta 
2690       DEBUG main            d.u.i.k.j.TypeConverter   No LDT found for JavaBigintExpression 
8021       DEBUG main            d.u.i.k.p.i.AbstractProblemLoader Init config took 7.26s 
8163       INFO  main            d.u.i.k.p.i.AbstractProblemLoader Replaying proof RemoveDup[RemoveDup::arrayPart([I,int)].JML normal_behavior operation contract.0 
8199       DEBUG main            d.u.i.k.p.i.IntermediateProofReplayer Proof replay took 34.2ns 
11183      INFO  main            d.u.i.k.p.r.p.TestFile    ... finished proof: closed. 
11340      INFO  main            d.u.i.k.p.i.AbstractProblemLoader Loading environment from /home/runner/work/key/key/key.core/../key.ui/examples/heap/removeDups/arrayPart.key.proof 
11340      DEBUG main            d.u.i.k.p.i.AbstractProblemLoader Environment load took 153ns 
11342      INFO  main            d.u.i.k.p.i.AbstractProblemLoader Creating init config 
14263      DEBUG main            d.u.i.k.p.i.AbstractProblemLoader Init config took 2.92s 
14337      INFO  main            d.u.i.k.p.i.AbstractProblemLoader Replaying proof RemoveDup[RemoveDup::arrayPart([I,int)].JML normal_behavior operation contract.0 
14746      DEBUG main            d.u.i.k.p.i.IntermediateProofReplayer Proof replay took 387.89ms 
14755      DEBUG main            d.u.i.k.p.r.p.TestFile    ... success: reloaded. 
14756      INFO  main            d.u.i.k.p.r.p.TestFile    Now processing file /home/runner/work/key/key/key.core/../key.ui/examples/heap/removeDups/contains.key 
14757      INFO  main            d.u.i.k.p.i.AbstractProblemLoader Loading environment from /home/runner/work/key/key/key.core/../key.ui/examples/heap/removeDups/contains.key 
14757      DEBUG main            d.u.i.k.p.i.AbstractProblemLoader Environment load took 151.3ns 
14760      INFO  main            d.u.i.k.p.i.AbstractProblemLoader Creating init config 
17571      DEBUG main            d.u.i.k.p.i.AbstractProblemLoader Init config took 2.81s 
17631      INFO  main            d.u.i.k.p.i.AbstractProblemLoader Replaying proof RemoveDup[RemoveDup::contains([I,int,int)].JML normal_behavior operation contract.0 
17633      DEBUG main            d.u.i.k.p.i.IntermediateProofReplayer Proof replay took 6.4ns 
18137      INFO  main            d.u.i.k.p.r.p.TestFile    ... finished proof: closed. 
18297      INFO  main            d.u.i.k.p.i.AbstractProblemLoader Loading environment from /home/runner/work/key/key/key.core/../key.ui/examples/heap/removeDups/contains.key.proof 
18297      DEBUG main            d.u.i.k.p.i.AbstractProblemLoader Environment load took 651.81ns 
18299      INFO  main            d.u.i.k.p.i.AbstractProblemLoader Creating init config 
20934      DEBUG main            d.u.i.k.p.i.AbstractProblemLoader Init config took 2.64s 
20982      INFO  main            d.u.i.k.p.i.AbstractProblemLoader Replaying proof RemoveDup[RemoveDup::contains([I,int,int)].JML normal_behavior operation contract.0 
21103      DEBUG main            d.u.i.k.p.i.IntermediateProofReplayer Proof replay took 113.9ms 
21104      DEBUG main            d.u.i.k.p.r.p.TestFile    ... success: reloaded. 
21105      INFO  main            d.u.i.k.p.r.p.TestFile    Now processing file /home/runner/work/key/key/key.core/../key.ui/examples/heap/removeDups/removeDup.key 
21106      INFO  main            d.u.i.k.p.i.AbstractProblemLoader Loading environment from /home/runner/work/key/key/key.core/../key.ui/examples/heap/removeDups/removeDup.key 
21106      DEBUG main            d.u.i.k.p.i.AbstractProblemLoader Environment load took 237.81ns 
21107      INFO  main            d.u.i.k.p.i.AbstractProblemLoader Creating init config 
23775      DEBUG main            d.u.i.k.p.i.AbstractProblemLoader Init config took 2.67s 
23821      INFO  main            d.u.i.k.p.i.AbstractProblemLoader Replaying proof RemoveDup[RemoveDup::removeDup([I)].JML normal_behavior operation contract.0 
23823      DEBUG main            d.u.i.k.p.i.IntermediateProofReplayer Proof replay took 7.8ns 
28932      DEBUG Thread-7        d.u.i.k.j.d.VariableSpecification Program match. Variables have different dimension (template #v0 = #vi;, source a#11[] = var;) 
52124      INFO  main            d.u.i.k.p.r.p.TestFile    ... finished proof: closed. 
52380      INFO  main            d.u.i.k.p.i.AbstractProblemLoader Loading environment from /home/runner/work/key/key/key.core/../key.ui/examples/heap/removeDups/removeDup.key.proof 
52380      DEBUG main            d.u.i.k.p.i.AbstractProblemLoader Environment load took 220.91ns 
52391      INFO  main            d.u.i.k.p.i.AbstractProblemLoader Creating init config 
54964      DEBUG main            d.u.i.k.p.i.AbstractProblemLoader Init config took 2.57s 
55017      INFO  main            d.u.i.k.p.i.AbstractProblemLoader Replaying proof RemoveDup[RemoveDup::removeDup([I)].JML normal_behavior operation contract.0 
57011      DEBUG main            d.u.i.k.p.i.IntermediateProofReplayer Proof replay took 1.92s 
57015      DEBUG main            d.u.i.k.p.r.p.TestFile    ... success: reloaded. 
57016      INFO  main            d.u.i.k.p.r.p.TestFile    Now processing file /home/runner/work/key/key/key.core/../key.ui/examples/heap/saddleback_search/Saddleback_search.key 
57016      INFO  main            d.u.i.k.p.i.AbstractProblemLoader Loading environment from /home/runner/work/key/key/key.core/../key.ui/examples/heap/saddleback_search/Saddleback_search.key 
57016      DEBUG main            d.u.i.k.p.i.AbstractProblemLoader Environment load took 101.7ns 
57017      INFO  main            d.u.i.k.p.i.AbstractProblemLoader Creating init config 
59793      DEBUG main            d.u.i.k.p.i.AbstractProblemLoader Init config took 2.78s 
59832      INFO  main            d.u.i.k.p.i.AbstractProblemLoader Replaying proof Saddleback[Saddleback::search([[I,int)].JML normal_behavior operation contract.0 
59840      DEBUG main            d.u.i.k.p.i.IntermediateProofReplayer Proof replay took 5.7ns 
147793     INFO  main            d.u.i.k.p.r.p.TestFile    ... finished proof: closed. 
148220     INFO  main            d.u.i.k.p.i.AbstractProblemLoader Loading environment from /home/runner/work/key/key/key.core/../key.ui/examples/heap/saddleback_search/Saddleback_search.key.proof 
148221     DEBUG main            d.u.i.k.p.i.AbstractProblemLoader Environment load took 223.41ns 
148230     INFO  main            d.u.i.k.p.i.AbstractProblemLoader Creating init config 
150726     DEBUG main            d.u.i.k.p.i.AbstractProblemLoader Init config took 2.5s 
150763     INFO  main            d.u.i.k.p.i.AbstractProblemLoader Replaying proof Saddleback[Saddleback::search([[I,int)].JML normal_behavior operation contract.0 
153472     DEBUG main            d.u.i.k.p.i.IntermediateProofReplayer Proof replay took 2.52s 
153482     DEBUG main            d.u.i.k.p.r.p.TestFile    ... success: reloaded. 
1646604    INFO  Test worker     d.u.i.k.p.r.RunAllProofsTestUnit Returning from test removeDups 
1646606    INFO  Test worker     d.u.i.k.p.r.RunAllProofsTestUnit Running test quicksort 
332        INFO  Timeout watchdog d.u.i.k.p.r.p.ForkedTestFileRunner Timeout watcher launched (2000 secs.) 
351        WARN  main            d.u.i.k.s.ProofSettings   The settings in /home/runner/.key/proof-settings.props are *not* read. 
399        INFO  main            d.u.i.k.p.r.p.TestFile    Now processing file /home/runner/work/key/key/key.core/../key.ui/examples/heap/quicksort/toplevel.key 
570        INFO  main            d.u.i.k.p.i.AbstractProblemLoader Loading environment from /home/runner/work/key/key/key.core/../key.ui/examples/heap/quicksort/toplevel.key 
593        DEBUG main            d.u.i.k.p.i.AbstractProblemLoader Environment load took 7.93ms 
813        INFO  main            d.u.i.k.p.i.AbstractProblemLoader Creating init config 
1614       DEBUG main            d.u.i.k.j.TypeConverter   No LDT found for Meta 
1614       DEBUG main            d.u.i.k.j.TypeConverter   No LDT found for Meta 
1616       DEBUG main            d.u.i.k.j.TypeConverter   No LDT found for Meta 
1616       DEBUG main            d.u.i.k.j.TypeConverter   No LDT found for Meta 
2691       DEBUG main            d.u.i.k.j.TypeConverter   No LDT found for JavaBigintExpression 
8439       DEBUG main            d.u.i.k.p.i.AbstractProblemLoader Init config took 7.63s 
8608       INFO  main            d.u.i.k.p.i.AbstractProblemLoader Replaying proof Quicksort[Quicksort::sort([I)].JML normal_behavior operation contract.0 
8645       DEBUG main            d.u.i.k.p.i.IntermediateProofReplayer Proof replay took 33.3ns 
9914       INFO  main            d.u.i.k.p.r.p.TestFile    ... finished proof: closed. 
10054      INFO  main            d.u.i.k.p.i.AbstractProblemLoader Loading environment from /home/runner/work/key/key/key.core/../key.ui/examples/heap/quicksort/toplevel.key.proof 
10054      DEBUG main            d.u.i.k.p.i.AbstractProblemLoader Environment load took 502.51ns 
10057      INFO  main            d.u.i.k.p.i.AbstractProblemLoader Creating init config 
13086      DEBUG main            d.u.i.k.p.i.AbstractProblemLoader Init config took 3.03s 
13146      INFO  main            d.u.i.k.p.i.AbstractProblemLoader Replaying proof Quicksort[Quicksort::sort([I)].JML normal_behavior operation contract.0 
13328      DEBUG main            d.u.i.k.p.i.IntermediateProofReplayer Proof replay took 173.09ms 
13334      DEBUG main            d.u.i.k.p.r.p.TestFile    ... success: reloaded. 
13337      INFO  main            d.u.i.k.p.r.p.TestFile    Now processing file /home/runner/work/key/key/key.core/../key.ui/examples/heap/quicksort/sort.key 
13337      INFO  main            d.u.i.k.p.i.AbstractProblemLoader Loading environment from /home/runner/work/key/key/key.core/../key.ui/examples/heap/quicksort/sort.key 
13337      DEBUG main            d.u.i.k.p.i.AbstractProblemLoader Environment load took 241.71ns 
13339      INFO  main            d.u.i.k.p.i.AbstractProblemLoader Creating init config 
16251      DEBUG main            d.u.i.k.p.i.AbstractProblemLoader Init config took 2.91s 
16323      INFO  main            d.u.i.k.p.i.AbstractProblemLoader Replaying proof Quicksort[Quicksort::sort([I,int,int)].JML normal_behavior operation contract.0 
16331      DEBUG main            d.u.i.k.p.i.IntermediateProofReplayer Proof replay took 8ns 
16364      DEBUG main            d.u.i.k.m.s.ProofScriptEngine 1: 'script 'sort.script'' 
16370      INFO  main            d.u.i.k.m.s.ProofScriptCommand Included script /home/runner/work/key/key/key.core/../key.ui/examples/heap/quicksort/sort.script 
16371      DEBUG main            d.u.i.k.m.s.ProofScriptEngine 1: 'macro autopilot-prep' 
17455      DEBUG main            d.u.i.k.m.s.ProofScriptEngine 2: 'select formula="{heapAtPre:=heap || exc:=null || heap:=heapAfter_sort_0}
   seq ...' 
17459      DEBUG main            d.u.i.k.m.s.ProofScriptEngine 3: 'macro simp-upd' 
17469      DEBUG main            d.u.i.k.m.s.ProofScriptEngine 4: 'let   @seqPre="seqDef{int u;}(0, array.length, array[u])"
    @seqSplit="seqDef ...' 
17472      DEBUG main            d.u.i.k.m.s.ProofScriptEngine 5: 'rule seqPermSym 
  formula="seqPerm(@seqSplit, @seqPre)"' 
17487      DEBUG main            d.u.i.k.m.s.ProofScriptEngine 6: 'rule seqPermSym
  formula="seqPerm(@seqSort, @seqSplit)"' 
17489      DEBUG main            d.u.i.k.m.s.ProofScriptEngine 7: 'rule seqPermSym
  formula="seqPerm(@seqSort0, @seqSort)"' 
17490      DEBUG main            d.u.i.k.m.s.ProofScriptEngine 8: 'rule seqPermTrans
  formula="seqPerm(@seqPre, @seqSplit)"' 
17491      DEBUG main            d.u.i.k.m.s.ProofScriptEngine 9: 'rule seqPermTrans
  formula="seqPerm(@seqPre, @seqSort)"' 
17492      DEBUG main            d.u.i.k.m.s.ProofScriptEngine 10: 'rule seqPermSym
  formula="seqPerm(@seqPre, @seqSort0)"' 
17493      DEBUG main            d.u.i.k.m.s.ProofScriptEngine 11: 'tryclose' 
44218      INFO  main            d.u.i.k.p.r.p.TestFile    ... finished proof: closed. 
44493      INFO  main            d.u.i.k.p.i.AbstractProblemLoader Loading environment from /home/runner/work/key/key/key.core/../key.ui/examples/heap/quicksort/sort.key.proof 
44494      DEBUG main            d.u.i.k.p.i.AbstractProblemLoader Environment load took 491.01ns 
44505      INFO  main            d.u.i.k.p.i.AbstractProblemLoader Creating init config 
47278      DEBUG main            d.u.i.k.p.i.AbstractProblemLoader Init config took 2.77s 
47327      INFO  main            d.u.i.k.p.i.AbstractProblemLoader Replaying proof Quicksort[Quicksort::sort([I,int,int)].JML normal_behavior operation contract.0 
49408      DEBUG main            d.u.i.k.p.i.IntermediateProofReplayer Proof replay took 1.96s 
49414      DEBUG main            d.u.i.k.p.r.p.TestFile    ... success: reloaded. 
49426      INFO  main            d.u.i.k.p.r.p.TestFile    Now processing file /home/runner/work/key/key/key.core/../key.ui/examples/heap/quicksort/split.key 
49427      INFO  main            d.u.i.k.p.i.AbstractProblemLoader Loading environment from /home/runner/work/key/key/key.core/../key.ui/examples/heap/quicksort/split.key 
49427      DEBUG main            d.u.i.k.p.i.AbstractProblemLoader Environment load took 306.21ns 
49429      INFO  main            d.u.i.k.p.i.AbstractProblemLoader Creating init config 
52540      DEBUG main            d.u.i.k.p.i.AbstractProblemLoader Init config took 3.11s 
52587      INFO  main            d.u.i.k.p.i.AbstractProblemLoader Replaying proof Quicksort[Quicksort::split([I,int,int)].JML normal_behavior operation contract.0 
52590      DEBUG main            d.u.i.k.p.i.IntermediateProofReplayer Proof replay took 6.2ns 
52591      DEBUG main            d.u.i.k.m.s.ProofScriptEngine 1: 'macro autopilot-prep' 
53917      DEBUG main            d.u.i.k.m.s.ProofScriptEngine 2: 'tryclose' 
92918      DEBUG main            d.u.i.k.m.s.ProofScriptEngine 3: 'macro simp-upd' 
93031      DEBUG main            d.u.i.k.m.s.ProofScriptEngine 4: 'rule seqPermFromSwap' 
93047      DEBUG main            d.u.i.k.m.s.ProofScriptEngine 5: 'rule andRight' 
93049      DEBUG main            d.u.i.k.m.s.ProofScriptEngine 6: 'auto' 
93078      DEBUG main            d.u.i.k.m.s.ProofScriptEngine 7: 'instantiate hide var=iv with=i_0' 
93082      DEBUG main            d.u.i.k.m.s.ProofScriptEngine 8: 'instantiate hide var=jv with=j_0' 
93084      DEBUG main            d.u.i.k.m.s.ProofScriptEngine 9: 'auto' 
99900      DEBUG main            d.u.i.k.m.s.ProofScriptEngine 10: 'macro simp-upd' 
100024     DEBUG main            d.u.i.k.m.s.ProofScriptEngine 11: 'rule seqPermFromSwap' 
100028     DEBUG main            d.u.i.k.m.s.ProofScriptEngine 12: 'rule andRight' 
100030     DEBUG main            d.u.i.k.m.s.ProofScriptEngine 13: 'auto' 
100048     DEBUG main            d.u.i.k.m.s.ProofScriptEngine 14: 'instantiate hide var=iv with=i_0' 
100051     DEBUG main            d.u.i.k.m.s.ProofScriptEngine 15: 'instantiate hide var=jv with=to' 
100053     DEBUG main            d.u.i.k.m.s.ProofScriptEngine 16: 'auto' 
105304     INFO  main            d.u.i.k.p.r.p.TestFile    ... finished proof: closed. 
105816     INFO  main            d.u.i.k.p.i.AbstractProblemLoader Loading environment from /home/runner/work/key/key/key.core/../key.ui/examples/heap/quicksort/split.key.proof 
105817     DEBUG main            d.u.i.k.p.i.AbstractProblemLoader Environment load took 498.31ns 
105828     INFO  main            d.u.i.k.p.i.AbstractProblemLoader Creating init config 
108480     DEBUG main            d.u.i.k.p.i.AbstractProblemLoader Init config took 2.65s 
108529     INFO  main            d.u.i.k.p.i.AbstractProblemLoader Replaying proof Quicksort[Quicksort::split([I,int,int)].JML normal_behavior operation contract.0 
112284     DEBUG main            d.u.i.k.p.i.IntermediateProofReplayer Proof replay took 3.52s 
112297     DEBUG main            d.u.i.k.p.r.p.TestFile    ... success: reloaded. 
1759234    INFO  Test worker     d.u.i.k.p.r.RunAllProofsTestUnit Returning from test quicksort 
1759236    INFO  Test worker     d.u.i.k.p.r.RunAllProofsTestUnit Running test simpleTests 
365        INFO  Timeout watchdog d.u.i.k.p.r.p.ForkedTestFileRunner Timeout watcher launched (2000 secs.) 
373        WARN  main            d.u.i.k.s.ProofSettings   The settings in /home/runner/.key/proof-settings.props are *not* read. 
400        INFO  main            d.u.i.k.p.r.p.TestFile    Now processing file /home/runner/work/key/key/key.core/../key.ui/examples/heap/simple/anonymise_datagroup.key 
516        INFO  main            d.u.i.k.p.i.AbstractProblemLoader Loading environment from /home/runner/work/key/key/key.core/../key.ui/examples/heap/simple/anonymise_datagroup.key 
532        DEBUG main            d.u.i.k.p.i.AbstractProblemLoader Environment load took 2.09ms 
770        INFO  main            d.u.i.k.p.i.AbstractProblemLoader Creating init config 
1437       DEBUG main            d.u.i.k.j.TypeConverter   No LDT found for Meta 
1437       DEBUG main            d.u.i.k.j.TypeConverter   No LDT found for Meta 
1442       DEBUG main            d.u.i.k.j.TypeConverter   No LDT found for Meta 
1442       DEBUG main            d.u.i.k.j.TypeConverter   No LDT found for Meta 
2591       DEBUG main            d.u.i.k.j.TypeConverter   No LDT found for JavaBigintExpression 
8297       DEBUG main            d.u.i.k.p.i.AbstractProblemLoader Init config took 7.53s 
8352       INFO  main            d.u.i.k.p.i.AbstractProblemLoader Replaying proof anonymise_datagroup.key 
8385       DEBUG main            d.u.i.k.p.i.IntermediateProofReplayer Proof replay took 36.5ns 
8556       INFO  main            d.u.i.k.p.r.p.TestFile    ... finished proof: closed. 
8656       INFO  main            d.u.i.k.p.i.AbstractProblemLoader Loading environment from /home/runner/work/key/key/key.core/../key.ui/examples/heap/simple/anonymise_datagroup.key.proof 
8657       DEBUG main            d.u.i.k.p.i.AbstractProblemLoader Environment load took 748.12ns 
8663       INFO  main            d.u.i.k.p.i.AbstractProblemLoader Creating init config 
11482      DEBUG main            d.u.i.k.p.i.AbstractProblemLoader Init config took 2.82s 
11511      INFO  main            d.u.i.k.p.i.AbstractProblemLoader Replaying proof anonymise_datagroup.key.proof 
11525      DEBUG main            d.u.i.k.p.i.IntermediateProofReplayer Proof replay took 10.06ms 
11536      DEBUG main            d.u.i.k.p.r.p.TestFile    ... success: reloaded. 
11537      INFO  main            d.u.i.k.p.r.p.TestFile    Now processing file /home/runner/work/key/key/key.core/../key.ui/examples/heap/simple/array_creation.key 
11538      INFO  main            d.u.i.k.p.i.AbstractProblemLoader Loading environment from /home/runner/work/key/key/key.core/../key.ui/examples/heap/simple/array_creation.key 
11538      DEBUG main            d.u.i.k.p.i.AbstractProblemLoader Environment load took 267.71ns 
11540      INFO  main            d.u.i.k.p.i.AbstractProblemLoader Creating init config 
14223      DEBUG main            d.u.i.k.p.i.AbstractProblemLoader Init config took 2.68s 
14255      INFO  main            d.u.i.k.p.i.AbstractProblemLoader Replaying proof array_creation.key 
14259      DEBUG main            d.u.i.k.p.i.IntermediateProofReplayer Proof replay took 6.4ns 
14973      INFO  main            d.u.i.k.p.r.p.TestFile    ... finished proof: closed. 
15111      INFO  main            d.u.i.k.p.i.AbstractProblemLoader Loading environment from /home/runner/work/key/key/key.core/../key.ui/examples/heap/simple/array_creation.key.proof 
15114      DEBUG main            d.u.i.k.p.i.AbstractProblemLoader Environment load took 3.09ms 
15117      INFO  main            d.u.i.k.p.i.AbstractProblemLoader Creating init config 
17746      DEBUG main            d.u.i.k.p.i.AbstractProblemLoader Init config took 2.63s 
17772      INFO  main            d.u.i.k.p.i.AbstractProblemLoader Replaying proof array_creation.key.proof 
17874      DEBUG main            d.u.i.k.p.i.IntermediateProofReplayer Proof replay took 97.28ms 
17876      DEBUG main            d.u.i.k.p.r.p.TestFile    ... success: reloaded. 
17877      INFO  main            d.u.i.k.p.r.p.TestFile    Now processing file /home/runner/work/key/key/key.core/../key.ui/examples/heap/simple/arrays_with_disjoint_sorts.key 
17878      INFO  main            d.u.i.k.p.i.AbstractProblemLoader Loading environment from /home/runner/work/key/key/key.core/../key.ui/examples/heap/simple/arrays_with_disjoint_sorts.key 
17878      DEBUG main            d.u.i.k.p.i.AbstractProblemLoader Environment load took 227.91ns 
17879      INFO  main            d.u.i.k.p.i.AbstractProblemLoader Creating init config 
20500      DEBUG main            d.u.i.k.p.i.AbstractProblemLoader Init config took 2.62s 
20524      INFO  main            d.u.i.k.p.i.AbstractProblemLoader Replaying proof arrays_with_disjoint_sorts.key 
20527      DEBUG main            d.u.i.k.p.i.IntermediateProofReplayer Proof replay took 7.7ns 
20734      INFO  main            d.u.i.k.p.r.p.TestFile    ... finished proof: closed. 
20882      INFO  main            d.u.i.k.p.i.AbstractProblemLoader Loading environment from /home/runner/work/key/key/key.core/../key.ui/examples/heap/simple/arrays_with_disjoint_sorts.key.proof 
20882      DEBUG main            d.u.i.k.p.i.AbstractProblemLoader Environment load took 447.11ns 
20884      INFO  main            d.u.i.k.p.i.AbstractProblemLoader Creating init config 
23416      DEBUG main            d.u.i.k.p.i.AbstractProblemLoader Init config took 2.53s 
23439      INFO  main            d.u.i.k.p.i.AbstractProblemLoader Replaying proof arrays_with_disjoint_sorts.key.proof 
23464      DEBUG main            d.u.i.k.p.i.IntermediateProofReplayer Proof replay took 21.3ms 
23466      DEBUG main            d.u.i.k.p.r.p.TestFile    ... success: reloaded. 
23467      INFO  main            d.u.i.k.p.r.p.TestFile    Now processing file /home/runner/work/key/key/key.core/../key.ui/examples/heap/simple/arrays.key 
23467      INFO  main            d.u.i.k.p.i.AbstractProblemLoader Loading environment from /home/runner/work/key/key/key.core/../key.ui/examples/heap/simple/arrays.key 
23467      DEBUG main            d.u.i.k.p.i.AbstractProblemLoader Environment load took 211.71ns 
23468      INFO  main            d.u.i.k.p.i.AbstractProblemLoader Creating init config 
26048      DEBUG main            d.u.i.k.p.i.AbstractProblemLoader Init config took 2.58s 
26071      INFO  main            d.u.i.k.p.i.AbstractProblemLoader Replaying proof arrays.key 
26074      DEBUG main            d.u.i.k.p.i.IntermediateProofReplayer Proof replay took 7.1ns 
26178      INFO  main            d.u.i.k.p.r.p.TestFile    ... finished proof: closed. 
26327      INFO  main            d.u.i.k.p.i.AbstractProblemLoader Loading environment from /home/runner/work/key/key/key.core/../key.ui/examples/heap/simple/arrays.key.proof 
26328      DEBUG main            d.u.i.k.p.i.AbstractProblemLoader Environment load took 616.81ns 
26329      INFO  main            d.u.i.k.p.i.AbstractProblemLoader Creating init config 
28822      DEBUG main            d.u.i.k.p.i.AbstractProblemLoader Init config took 2.49s 
28844      INFO  main            d.u.i.k.p.i.AbstractProblemLoader Replaying proof arrays.key.proof 
28884      DEBUG main            d.u.i.k.p.i.IntermediateProofReplayer Proof replay took 33.94ms 
28886      DEBUG main            d.u.i.k.p.r.p.TestFile    ... success: reloaded. 
28888      INFO  main            d.u.i.k.p.r.p.TestFile    Now processing file /home/runner/work/key/key/key.core/../key.ui/examples/heap/simple/attributes.key 
28888      INFO  main            d.u.i.k.p.i.AbstractProblemLoader Loading environment from /home/runner/work/key/key/key.core/../key.ui/examples/heap/simple/attributes.key 
28888      DEBUG main            d.u.i.k.p.i.AbstractProblemLoader Environment load took 121.5ns 
28889      INFO  main            d.u.i.k.p.i.AbstractProblemLoader Creating init config 
31427      DEBUG main            d.u.i.k.p.i.AbstractProblemLoader Init config took 2.54s 
31449      INFO  main            d.u.i.k.p.i.AbstractProblemLoader Replaying proof attributes.key 
31451      DEBUG main            d.u.i.k.p.i.IntermediateProofReplayer Proof replay took 7.1ns 
31557      INFO  main            d.u.i.k.p.r.p.TestFile    ... finished proof: closed. 
31710      INFO  main            d.u.i.k.p.i.AbstractProblemLoader Loading environment from /home/runner/work/key/key/key.core/../key.ui/examples/heap/simple/attributes.key.proof 
31710      DEBUG main            d.u.i.k.p.i.AbstractProblemLoader Environment load took 125.6ns 
31711      INFO  main            d.u.i.k.p.i.AbstractProblemLoader Creating init config 
34222      DEBUG main            d.u.i.k.p.i.AbstractProblemLoader Init config took 2.51s 
34243      INFO  main            d.u.i.k.p.i.AbstractProblemLoader Replaying proof attributes.key.proof 
34247      DEBUG main            d.u.i.k.p.i.IntermediateProofReplayer Proof replay took 2.08ms 
34248      DEBUG main            d.u.i.k.p.r.p.TestFile    ... success: reloaded. 
34249      INFO  main            d.u.i.k.p.r.p.TestFile    Now processing file /home/runner/work/key/key/key.core/../key.ui/examples/heap/simple/constructor_contracts.key 
34249      INFO  main            d.u.i.k.p.i.AbstractProblemLoader Loading environment from /home/runner/work/key/key/key.core/../key.ui/examples/heap/simple/constructor_contracts.key 
34250      DEBUG main            d.u.i.k.p.i.AbstractProblemLoader Environment load took 218.71ns 
34251      INFO  main            d.u.i.k.p.i.AbstractProblemLoader Creating init config 
37366      DEBUG main            d.u.i.k.p.i.AbstractProblemLoader Init config took 3.11s 
37411      INFO  main            d.u.i.k.p.i.AbstractProblemLoader Replaying proof constructor_contracts.key 
37414      DEBUG main            d.u.i.k.p.i.IntermediateProofReplayer Proof replay took 7.9ns 
38122      INFO  main            d.u.i.k.p.r.p.TestFile    ... finished proof: closed. 
38347      INFO  main            d.u.i.k.p.i.AbstractProblemLoader Loading environment from /home/runner/work/key/key/key.core/../key.ui/examples/heap/simple/constructor_contracts.key.proof 
38348      DEBUG main            d.u.i.k.p.i.AbstractProblemLoader Environment load took 1.32ms 
38350      INFO  main            d.u.i.k.p.i.AbstractProblemLoader Creating init config 
41225      DEBUG main            d.u.i.k.p.i.AbstractProblemLoader Init config took 2.88s 
41249      INFO  main            d.u.i.k.p.i.AbstractProblemLoader Replaying proof constructor_contracts.key.proof 
41369      DEBUG main            d.u.i.k.p.i.IntermediateProofReplayer Proof replay took 114.97ms 
41371      DEBUG main            d.u.i.k.p.r.p.TestFile    ... success: reloaded. 
41373      INFO  main            d.u.i.k.p.r.p.TestFile    Now processing file /home/runner/work/key/key/key.core/../key.ui/examples/heap/simple/dependencies.key 
41373      INFO  main            d.u.i.k.p.i.AbstractProblemLoader Loading environment from /home/runner/work/key/key/key.core/../key.ui/examples/heap/simple/dependencies.key 
41373      DEBUG main            d.u.i.k.p.i.AbstractProblemLoader Environment load took 219.1ns 
41375      INFO  main            d.u.i.k.p.i.AbstractProblemLoader Creating init config 
43891      DEBUG main            d.u.i.k.p.i.AbstractProblemLoader Init config took 2.52s 
43912      INFO  main            d.u.i.k.p.i.AbstractProblemLoader Replaying proof dependencies.key 
43914      DEBUG main            d.u.i.k.p.i.IntermediateProofReplayer Proof replay took 7.1ns 
44016      INFO  main            d.u.i.k.p.r.p.TestFile    ... finished proof: closed. 
44201      INFO  main            d.u.i.k.p.i.AbstractProblemLoader Loading environment from /home/runner/work/key/key/key.core/../key.ui/examples/heap/simple/dependencies.key.proof 
44201      DEBUG main            d.u.i.k.p.i.AbstractProblemLoader Environment load took 131.6ns 
44203      INFO  main            d.u.i.k.p.i.AbstractProblemLoader Creating init config 
46702      DEBUG main            d.u.i.k.p.i.AbstractProblemLoader Init config took 2.5s 
46723      INFO  main            d.u.i.k.p.i.AbstractProblemLoader Replaying proof dependencies.key.proof 
46734      DEBUG main            d.u.i.k.p.i.IntermediateProofReplayer Proof replay took 9.44ms 
46735      DEBUG main            d.u.i.k.p.r.p.TestFile    ... success: reloaded. 
46736      INFO  main            d.u.i.k.p.r.p.TestFile    Now processing file /home/runner/work/key/key/key.core/../key.ui/examples/heap/simple/dependency_contracts.key 
46737      INFO  main            d.u.i.k.p.i.AbstractProblemLoader Loading environment from /home/runner/work/key/key/key.core/../key.ui/examples/heap/simple/dependency_contracts.key 
46737      DEBUG main            d.u.i.k.p.i.AbstractProblemLoader Environment load took 210.91ns 
46738      INFO  main            d.u.i.k.p.i.AbstractProblemLoader Creating init config 
49493      DEBUG main            d.u.i.k.p.i.AbstractProblemLoader Init config took 2.75s 
49513      INFO  main            d.u.i.k.p.i.AbstractProblemLoader Replaying proof dependency_contracts.key 
49515      DEBUG main            d.u.i.k.p.i.IntermediateProofReplayer Proof replay took 8ns 
50926      INFO  main            d.u.i.k.p.r.p.TestFile    ... finished proof: closed. 
51190      INFO  main            d.u.i.k.p.i.AbstractProblemLoader Loading environment from /home/runner/work/key/key/key.core/../key.ui/examples/heap/simple/dependency_contracts.key.proof 
51190      DEBUG main            d.u.i.k.p.i.AbstractProblemLoader Environment load took 440.21ns 
51192      INFO  main            d.u.i.k.p.i.AbstractProblemLoader Creating init config 
53915      DEBUG main            d.u.i.k.p.i.AbstractProblemLoader Init config took 2.72s 
53936      INFO  main            d.u.i.k.p.i.AbstractProblemLoader Replaying proof dependency_contracts.key.proof 
54137      DEBUG main            d.u.i.k.p.i.IntermediateProofReplayer Proof replay took 192.08ms 
54139      DEBUG main            d.u.i.k.p.r.p.TestFile    ... success: reloaded. 
54140      INFO  main            d.u.i.k.p.r.p.TestFile    Now processing file /home/runner/work/key/key/key.core/../key.ui/examples/heap/simple/invariant_preservation.key 
54141      INFO  main            d.u.i.k.p.i.AbstractProblemLoader Loading environment from /home/runner/work/key/key/key.core/../key.ui/examples/heap/simple/invariant_preservation.key 
54141      DEBUG main            d.u.i.k.p.i.AbstractProblemLoader Environment load took 223.31ns 
54142      INFO  main            d.u.i.k.p.i.AbstractProblemLoader Creating init config 
56888      DEBUG main            d.u.i.k.p.i.AbstractProblemLoader Init config took 2.75s 
56908      INFO  main            d.u.i.k.p.i.AbstractProblemLoader Replaying proof invariant_preservation.key 
56911      DEBUG main            d.u.i.k.p.i.IntermediateProofReplayer Proof replay took 7.4ns 
57114      INFO  main            d.u.i.k.p.r.p.TestFile    ... finished proof: closed. 
57368      INFO  main            d.u.i.k.p.i.AbstractProblemLoader Loading environment from /home/runner/work/key/key/key.core/../key.ui/examples/heap/simple/invariant_preservation.key.proof 
57368      DEBUG main            d.u.i.k.p.i.AbstractProblemLoader Environment load took 138.3ns 
57369      INFO  main            d.u.i.k.p.i.AbstractProblemLoader Creating init config 
60087      DEBUG main            d.u.i.k.p.i.AbstractProblemLoader Init config took 2.72s 
60109      INFO  main            d.u.i.k.p.i.AbstractProblemLoader Replaying proof invariant_preservation.key.proof 
60146      DEBUG main            d.u.i.k.p.i.IntermediateProofReplayer Proof replay took 34.66ms 
60147      DEBUG main            d.u.i.k.p.r.p.TestFile    ... success: reloaded. 
60148      INFO  main            d.u.i.k.p.r.p.TestFile    Now processing file /home/runner/work/key/key/key.core/../key.ui/examples/heap/simple/locsets.key 
60149      INFO  main            d.u.i.k.p.i.AbstractProblemLoader Loading environment from /home/runner/work/key/key/key.core/../key.ui/examples/heap/simple/locsets.key 
60149      DEBUG main            d.u.i.k.p.i.AbstractProblemLoader Environment load took 156.6ns 
60150      INFO  main            d.u.i.k.p.i.AbstractProblemLoader Creating init config 
62606      DEBUG main            d.u.i.k.p.i.AbstractProblemLoader Init config took 2.46s 
62622      INFO  main            d.u.i.k.p.i.AbstractProblemLoader Replaying proof locsets.key 
62624      DEBUG main            d.u.i.k.p.i.IntermediateProofReplayer Proof replay took 7.3ns 
62726      INFO  main            d.u.i.k.p.r.p.TestFile    ... finished proof: closed. 
62911      INFO  main            d.u.i.k.p.i.AbstractProblemLoader Loading environment from /home/runner/work/key/key/key.core/../key.ui/examples/heap/simple/locsets.key.proof 
62911      DEBUG main            d.u.i.k.p.i.AbstractProblemLoader Environment load took 119.9ns 
62912      INFO  main            d.u.i.k.p.i.AbstractProblemLoader Creating init config 
65331      DEBUG main            d.u.i.k.p.i.AbstractProblemLoader Init config took 2.42s 
65349      INFO  main            d.u.i.k.p.i.AbstractProblemLoader Replaying proof locsets.key.proof 
65352      DEBUG main            d.u.i.k.p.i.IntermediateProofReplayer Proof replay took 1.69ms 
65353      DEBUG main            d.u.i.k.p.r.p.TestFile    ... success: reloaded. 
65354      INFO  main            d.u.i.k.p.r.p.TestFile    Now processing file /home/runner/work/key/key/key.core/../key.ui/examples/heap/simple/loop1.key 
65354      INFO  main            d.u.i.k.p.i.AbstractProblemLoader Loading environment from /home/runner/work/key/key/key.core/../key.ui/examples/heap/simple/loop1.key 
65354      DEBUG main            d.u.i.k.p.i.AbstractProblemLoader Environment load took 97ns 
65356      INFO  main            d.u.i.k.p.i.AbstractProblemLoader Creating init config 
68037      DEBUG main            d.u.i.k.p.i.AbstractProblemLoader Init config took 2.68s 
68055      INFO  main            d.u.i.k.p.i.AbstractProblemLoader Replaying proof loop1.key 
68056      DEBUG main            d.u.i.k.p.i.IntermediateProofReplayer Proof replay took 7.1ns 
68259      INFO  main            d.u.i.k.p.r.p.TestFile    ... finished proof: closed. 
68457      INFO  main            d.u.i.k.p.i.AbstractProblemLoader Loading environment from /home/runner/work/key/key/key.core/../key.ui/examples/heap/simple/loop1.key.proof 
68457      DEBUG main            d.u.i.k.p.i.AbstractProblemLoader Environment load took 129.8ns 
68459      INFO  main            d.u.i.k.p.i.AbstractProblemLoader Creating init config 
71030      DEBUG main            d.u.i.k.p.i.AbstractProblemLoader Init config took 2.57s 
71048      INFO  main            d.u.i.k.p.i.AbstractProblemLoader Replaying proof loop1.key.proof 
71121      DEBUG main            d.u.i.k.p.i.IntermediateProofReplayer Proof replay took 70.86ms 
71124      DEBUG main            d.u.i.k.p.r.p.TestFile    ... success: reloaded. 
71125      INFO  main            d.u.i.k.p.r.p.TestFile    Now processing file /home/runner/work/key/key/key.core/../key.ui/examples/heap/simple/loop2.key 
71125      INFO  main            d.u.i.k.p.i.AbstractProblemLoader Loading environment from /home/runner/work/key/key/key.core/../key.ui/examples/heap/simple/loop2.key 
71125      DEBUG main            d.u.i.k.p.i.AbstractProblemLoader Environment load took 101.2ns 
71127      INFO  main            d.u.i.k.p.i.AbstractProblemLoader Creating init config 
73808      DEBUG main            d.u.i.k.p.i.AbstractProblemLoader Init config took 2.68s 
73825      INFO  main            d.u.i.k.p.i.AbstractProblemLoader Replaying proof loop2.key 
73827      DEBUG main            d.u.i.k.p.i.IntermediateProofReplayer Proof replay took 7.3ns 
74535      INFO  main            d.u.i.k.p.r.p.TestFile    ... finished proof: closed. 
74754      INFO  main            d.u.i.k.p.i.AbstractProblemLoader Loading environment from /home/runner/work/key/key/key.core/../key.ui/examples/heap/simple/loop2.key.proof 
74754      DEBUG main            d.u.i.k.p.i.AbstractProblemLoader Environment load took 444.91ns 
74756      INFO  main            d.u.i.k.p.i.AbstractProblemLoader Creating init config 
77303      DEBUG main            d.u.i.k.p.i.AbstractProblemLoader Init config took 2.55s 
77323      INFO  main            d.u.i.k.p.i.AbstractProblemLoader Replaying proof loop2.key.proof 
77459      DEBUG main            d.u.i.k.p.i.IntermediateProofReplayer Proof replay took 128.11ms 
77460      DEBUG main            d.u.i.k.p.r.p.TestFile    ... success: reloaded. 
77461      INFO  main            d.u.i.k.p.r.p.TestFile    Now processing file /home/runner/work/key/key/key.core/../key.ui/examples/heap/simple/modifies_datagroup.key 
77462      INFO  main            d.u.i.k.p.i.AbstractProblemLoader Loading environment from /home/runner/work/key/key/key.core/../key.ui/examples/heap/simple/modifies_datagroup.key 
77462      DEBUG main            d.u.i.k.p.i.AbstractProblemLoader Environment load took 231.71ns 
77463      INFO  main            d.u.i.k.p.i.AbstractProblemLoader Creating init config 
79853      DEBUG main            d.u.i.k.p.i.AbstractProblemLoader Init config took 2.39s 
79868      INFO  main            d.u.i.k.p.i.AbstractProblemLoader Replaying proof modifies_datagroup.key 
79869      DEBUG main            d.u.i.k.p.i.IntermediateProofReplayer Proof replay took 7.2ns 
79971      INFO  main            d.u.i.k.p.r.p.TestFile    ... finished proof: closed. 
80253      INFO  main            d.u.i.k.p.i.AbstractProblemLoader Loading environment from /home/runner/work/key/key/key.core/../key.ui/examples/heap/simple/modifies_datagroup.key.proof 
80253      DEBUG main            d.u.i.k.p.i.AbstractProblemLoader Environment load took 120.3ns 
80254      INFO  main            d.u.i.k.p.i.AbstractProblemLoader Creating init config 
82598      DEBUG main            d.u.i.k.p.i.AbstractProblemLoader Init config took 2.34s 
82614      INFO  main            d.u.i.k.p.i.AbstractProblemLoader Replaying proof modifies_datagroup.key.proof 
82619      DEBUG main            d.u.i.k.p.i.IntermediateProofReplayer Proof replay took 3.47ms 
82620      DEBUG main            d.u.i.k.p.r.p.TestFile    ... success: reloaded. 
82621      INFO  main            d.u.i.k.p.r.p.TestFile    Now processing file /home/runner/work/key/key/key.core/../key.ui/examples/heap/simple/modifies.key 
82621      INFO  main            d.u.i.k.p.i.AbstractProblemLoader Loading environment from /home/runner/work/key/key/key.core/../key.ui/examples/heap/simple/modifies.key 
82621      DEBUG main            d.u.i.k.p.i.AbstractProblemLoader Environment load took 216.41ns 
82623      INFO  main            d.u.i.k.p.i.AbstractProblemLoader Creating init config 
84992      DEBUG main            d.u.i.k.p.i.AbstractProblemLoader Init config took 2.37s 
85007      INFO  main            d.u.i.k.p.i.AbstractProblemLoader Replaying proof modifies.key 
85009      DEBUG main            d.u.i.k.p.i.IntermediateProofReplayer Proof replay took 8.6ns 
85112      INFO  main            d.u.i.k.p.r.p.TestFile    ... finished proof: closed. 
85324      INFO  main            d.u.i.k.p.i.AbstractProblemLoader Loading environment from /home/runner/work/key/key/key.core/../key.ui/examples/heap/simple/modifies.key.proof 
85325      DEBUG main            d.u.i.k.p.i.AbstractProblemLoader Environment load took 127.1ns 
85326      INFO  main            d.u.i.k.p.i.AbstractProblemLoader Creating init config 
87646      DEBUG main            d.u.i.k.p.i.AbstractProblemLoader Init config took 2.32s 
87661      INFO  main            d.u.i.k.p.i.AbstractProblemLoader Replaying proof modifies.key.proof 
87674      DEBUG main            d.u.i.k.p.i.IntermediateProofReplayer Proof replay took 11.43ms 
87675      DEBUG main            d.u.i.k.p.r.p.TestFile    ... success: reloaded. 
87676      INFO  main            d.u.i.k.p.r.p.TestFile    Now processing file /home/runner/work/key/key/key.core/../key.ui/examples/heap/simple/object_creation.key 
87676      INFO  main            d.u.i.k.p.i.AbstractProblemLoader Loading environment from /home/runner/work/key/key/key.core/../key.ui/examples/heap/simple/object_creation.key 
87676      DEBUG main            d.u.i.k.p.i.AbstractProblemLoader Environment load took 99ns 
87677      INFO  main            d.u.i.k.p.i.AbstractProblemLoader Creating init config 
90060      DEBUG main            d.u.i.k.p.i.AbstractProblemLoader Init config took 2.38s 
90075      INFO  main            d.u.i.k.p.i.AbstractProblemLoader Replaying proof object_creation.key 
90076      DEBUG main            d.u.i.k.p.i.IntermediateProofReplayer Proof replay took 7.6ns 
90281      INFO  main            d.u.i.k.p.r.p.TestFile    ... finished proof: closed. 
90495      INFO  main            d.u.i.k.p.i.AbstractProblemLoader Loading environment from /home/runner/work/key/key/key.core/../key.ui/examples/heap/simple/object_creation.key.proof 
90495      DEBUG main            d.u.i.k.p.i.AbstractProblemLoader Environment load took 133.1ns 
90496      INFO  main            d.u.i.k.p.i.AbstractProblemLoader Creating init config 
92810      DEBUG main            d.u.i.k.p.i.AbstractProblemLoader Init config took 2.31s 
92826      INFO  main            d.u.i.k.p.i.AbstractProblemLoader Replaying proof object_creation.key.proof 
92877      DEBUG main            d.u.i.k.p.i.IntermediateProofReplayer Proof replay took 49.14ms 
92878      DEBUG main            d.u.i.k.p.r.p.TestFile    ... success: reloaded. 
92879      INFO  main            d.u.i.k.p.r.p.TestFile    Now processing file /home/runner/work/key/key/key.core/../key.ui/examples/heap/simple/operation_contracts.key 
92879      INFO  main            d.u.i.k.p.i.AbstractProblemLoader Loading environment from /home/runner/work/key/key/key.core/../key.ui/examples/heap/simple/operation_contracts.key 
92879      DEBUG main            d.u.i.k.p.i.AbstractProblemLoader Environment load took 99.6ns 
92881      INFO  main            d.u.i.k.p.i.AbstractProblemLoader Creating init config 
95502      DEBUG main            d.u.i.k.p.i.AbstractProblemLoader Init config took 2.62s 
95518      INFO  main            d.u.i.k.p.i.AbstractProblemLoader Replaying proof operation_contracts.key 
95520      DEBUG main            d.u.i.k.p.i.IntermediateProofReplayer Proof replay took 6.7ns 
96425      INFO  main            d.u.i.k.p.r.p.TestFile    ... finished proof: closed. 
96679      INFO  main            d.u.i.k.p.i.AbstractProblemLoader Loading environment from /home/runner/work/key/key/key.core/../key.ui/examples/heap/simple/operation_contracts.key.proof 
96681      DEBUG main            d.u.i.k.p.i.AbstractProblemLoader Environment load took 2.22ms 
96683      INFO  main            d.u.i.k.p.i.AbstractProblemLoader Creating init config 
99252      DEBUG main            d.u.i.k.p.i.AbstractProblemLoader Init config took 2.57s 
99268      INFO  main            d.u.i.k.p.i.AbstractProblemLoader Replaying proof operation_contracts.key.proof 
99399      DEBUG main            d.u.i.k.p.i.IntermediateProofReplayer Proof replay took 124.99ms 
99401      DEBUG main            d.u.i.k.p.r.p.TestFile    ... success: reloaded. 
99402      INFO  main            d.u.i.k.p.r.p.TestFile    Now processing file /home/runner/work/key/key/key.core/../key.ui/examples/heap/simple/select_store.key 
99402      INFO  main            d.u.i.k.p.i.AbstractProblemLoader Loading environment from /home/runner/work/key/key/key.core/../key.ui/examples/heap/simple/select_store.key 
99403      DEBUG main            d.u.i.k.p.i.AbstractProblemLoader Environment load took 219.91ns 
99404      INFO  main            d.u.i.k.p.i.AbstractProblemLoader Creating init config 
101786     DEBUG main            d.u.i.k.p.i.AbstractProblemLoader Init config took 2.38s 
101801     INFO  main            d.u.i.k.p.i.AbstractProblemLoader Replaying proof select_store.key 
101804     DEBUG main            d.u.i.k.p.i.IntermediateProofReplayer Proof replay took 8.9ns 
101907     INFO  main            d.u.i.k.p.r.p.TestFile    ... finished proof: closed. 
102160     INFO  main            d.u.i.k.p.i.AbstractProblemLoader Loading environment from /home/runner/work/key/key/key.core/../key.ui/examples/heap/simple/select_store.key.proof 
102161     DEBUG main            d.u.i.k.p.i.AbstractProblemLoader Environment load took 178.9ns 
102162     INFO  main            d.u.i.k.p.i.AbstractProblemLoader Creating init config 
104445     DEBUG main            d.u.i.k.p.i.AbstractProblemLoader Init config took 2.28s 
104459     INFO  main            d.u.i.k.p.i.AbstractProblemLoader Replaying proof select_store.key.proof 
104463     DEBUG main            d.u.i.k.p.i.IntermediateProofReplayer Proof replay took 2.32ms 
104464     DEBUG main            d.u.i.k.p.r.p.TestFile    ... success: reloaded. 
104464     INFO  main            d.u.i.k.p.r.p.TestFile    Now processing file /home/runner/work/key/key/key.core/../key.ui/examples/heap/simple/selection_sort.key 
104465     INFO  main            d.u.i.k.p.i.AbstractProblemLoader Loading environment from /home/runner/work/key/key/key.core/../key.ui/examples/heap/simple/selection_sort.key 
104465     DEBUG main            d.u.i.k.p.i.AbstractProblemLoader Environment load took 93ns 
104466     INFO  main            d.u.i.k.p.i.AbstractProblemLoader Creating init config 
107061     DEBUG main            d.u.i.k.p.i.AbstractProblemLoader Init config took 2.59s 
107076     INFO  main            d.u.i.k.p.i.AbstractProblemLoader Replaying proof selection_sort.key 
107078     DEBUG main            d.u.i.k.p.i.IntermediateProofReplayer Proof replay took 7.6ns 
111106     INFO  main            d.u.i.k.p.r.p.TestFile    ... finished proof: closed. 
111388     INFO  main            d.u.i.k.p.i.AbstractProblemLoader Loading environment from /home/runner/work/key/key/key.core/../key.ui/examples/heap/simple/selection_sort.key.proof 
111388     DEBUG main            d.u.i.k.p.i.AbstractProblemLoader Environment load took 142ns 
111389     INFO  main            d.u.i.k.p.i.AbstractProblemLoader Creating init config 
113928     DEBUG main            d.u.i.k.p.i.AbstractProblemLoader Init config took 2.54s 
113943     INFO  main            d.u.i.k.p.i.AbstractProblemLoader Replaying proof selection_sort.key.proof 
114647     DEBUG main            d.u.i.k.p.i.IntermediateProofReplayer Proof replay took 682.62ms 
114649     DEBUG main            d.u.i.k.p.r.p.TestFile    ... success: reloaded. 
114651     INFO  main            d.u.i.k.p.r.p.TestFile    Now processing file /home/runner/work/key/key/key.core/../key.ui/examples/heap/simple/seq.key 
114651     INFO  main            d.u.i.k.p.i.AbstractProblemLoader Loading environment from /home/runner/work/key/key/key.core/../key.ui/examples/heap/simple/seq.key 
114651     DEBUG main            d.u.i.k.p.i.AbstractProblemLoader Environment load took 237.31ns 
114652     INFO  main            d.u.i.k.p.i.AbstractProblemLoader Creating init config 
117051     DEBUG main            d.u.i.k.p.i.AbstractProblemLoader Init config took 2.4s 
117069     INFO  main            d.u.i.k.p.i.AbstractProblemLoader Replaying proof seq.key 
117070     DEBUG main            d.u.i.k.p.i.IntermediateProofReplayer Proof replay took 7.8ns 
117575     INFO  main            d.u.i.k.p.r.p.TestFile    ... finished proof: closed. 
117934     INFO  main            d.u.i.k.p.i.AbstractProblemLoader Loading environment from /home/runner/work/key/key/key.core/../key.ui/examples/heap/simple/seq.key.proof 
117934     DEBUG main            d.u.i.k.p.i.AbstractProblemLoader Environment load took 126.6ns 
117935     INFO  main            d.u.i.k.p.i.AbstractProblemLoader Creating init config 
120208     DEBUG main            d.u.i.k.p.i.AbstractProblemLoader Init config took 2.27s 
120223     INFO  main            d.u.i.k.p.i.AbstractProblemLoader Replaying proof seq.key.proof 
120276     DEBUG main            d.u.i.k.p.i.IntermediateProofReplayer Proof replay took 49.4ms 
120278     DEBUG main            d.u.i.k.p.r.p.TestFile    ... success: reloaded. 
120278     INFO  main            d.u.i.k.p.r.p.TestFile    Now processing file /home/runner/work/key/key/key.core/../key.ui/examples/heap/simple/oldForParams.key 
120278     INFO  main            d.u.i.k.p.i.AbstractProblemLoader Loading environment from /home/runner/work/key/key/key.core/../key.ui/examples/heap/simple/oldForParams.key 
120279     DEBUG main            d.u.i.k.p.i.AbstractProblemLoader Environment load took 94.1ns 
120279     INFO  main            d.u.i.k.p.i.AbstractProblemLoader Creating init config 
122875     DEBUG main            d.u.i.k.p.i.AbstractProblemLoader Init config took 2.6s 
122953     INFO  main            d.u.i.k.p.i.AbstractProblemLoader Replaying proof OldForParameters[OldForParameters::method(int)].JML operation contract.0 
122955     DEBUG main            d.u.i.k.p.i.IntermediateProofReplayer Proof replay took 6.5ns 
123159     INFO  main            d.u.i.k.p.r.p.TestFile    ... finished proof: closed. 
123431     INFO  main            d.u.i.k.p.i.AbstractProblemLoader Loading environment from /home/runner/work/key/key/key.core/../key.ui/examples/heap/simple/oldForParams.key.proof 
123431     DEBUG main            d.u.i.k.p.i.AbstractProblemLoader Environment load took 113.5ns 
123432     INFO  main            d.u.i.k.p.i.AbstractProblemLoader Creating init config 
125942     DEBUG main            d.u.i.k.p.i.AbstractProblemLoader Init config took 2.51s 
125982     INFO  main            d.u.i.k.p.i.AbstractProblemLoader Replaying proof OldForParameters[OldForParameters::method(int)].JML operation contract.0 
126031     DEBUG main            d.u.i.k.p.i.IntermediateProofReplayer Proof replay took 46.21ms 
126033     DEBUG main            d.u.i.k.p.r.p.TestFile    ... success: reloaded. 
126034     INFO  main            d.u.i.k.p.r.p.TestFile    Now processing file /home/runner/work/key/key/key.core/../key.ui/examples/heap/simple/parse_lmtd.key 
126034     INFO  main            d.u.i.k.p.i.AbstractProblemLoader Loading environment from /home/runner/work/key/key/key.core/../key.ui/examples/heap/simple/parse_lmtd.key 
126035     DEBUG main            d.u.i.k.p.i.AbstractProblemLoader Environment load took 223.71ns 
126036     INFO  main            d.u.i.k.p.i.AbstractProblemLoader Creating init config 
128619     DEBUG main            d.u.i.k.p.i.AbstractProblemLoader Init config took 2.58s 
128660     INFO  main            d.u.i.k.p.i.AbstractProblemLoader Replaying proof ParseLmtd[ParseLmtd::simple(int)].JML normal_behavior operation contract.0 
128661     DEBUG main            d.u.i.k.p.i.IntermediateProofReplayer Proof replay took 6.5ns 
128865     INFO  main            d.u.i.k.p.r.p.TestFile    ... finished proof: closed. 
129135     INFO  main            d.u.i.k.p.i.AbstractProblemLoader Loading environment from /home/runner/work/key/key/key.core/../key.ui/examples/heap/simple/parse_lmtd.key.proof 
129135     DEBUG main            d.u.i.k.p.i.AbstractProblemLoader Environment load took 115.8ns 
129136     INFO  main            d.u.i.k.p.i.AbstractProblemLoader Creating init config 
131644     DEBUG main            d.u.i.k.p.i.AbstractProblemLoader Init config took 2.51s 
131685     INFO  main            d.u.i.k.p.i.AbstractProblemLoader Replaying proof ParseLmtd[ParseLmtd::simple(int)].JML normal_behavior operation contract.0 
131710     DEBUG main            d.u.i.k.p.i.IntermediateProofReplayer Proof replay took 23.14ms 
131711     DEBUG main            d.u.i.k.p.r.p.TestFile    ... success: reloaded. 
131712     INFO  main            d.u.i.k.p.r.p.TestFile    Now processing file /home/runner/work/key/key/key.core/../key.ui/examples/heap/strictly_pure/strictlyPureMethod.key 
131713     INFO  main            d.u.i.k.p.i.AbstractProblemLoader Loading environment from /home/runner/work/key/key/key.core/../key.ui/examples/heap/strictly_pure/strictlyPureMethod.key 
131713     DEBUG main            d.u.i.k.p.i.AbstractProblemLoader Environment load took 205.5ns 
131714     INFO  main            d.u.i.k.p.i.AbstractProblemLoader Creating init config 
134157     DEBUG main            d.u.i.k.p.i.AbstractProblemLoader Init config took 2.44s 
134195     INFO  main            d.u.i.k.p.i.AbstractProblemLoader Replaying proof StrictlyPure[StrictlyPure::strictlyPureMethod()].JML operation contract.0 
134197     DEBUG main            d.u.i.k.p.i.IntermediateProofReplayer Proof replay took 7.4ns 
134402     INFO  main            d.u.i.k.p.r.p.TestFile    ... finished proof: closed. 
134659     INFO  main            d.u.i.k.p.i.AbstractProblemLoader Loading environment from /home/runner/work/key/key/key.core/../key.ui/examples/heap/strictly_pure/strictlyPureMethod.key.proof 
134659     DEBUG main            d.u.i.k.p.i.AbstractProblemLoader Environment load took 116.2ns 
134660     INFO  main            d.u.i.k.p.i.AbstractProblemLoader Creating init config 
137018     DEBUG main            d.u.i.k.p.i.AbstractProblemLoader Init config took 2.36s 
137054     INFO  main            d.u.i.k.p.i.AbstractProblemLoader Replaying proof StrictlyPure[StrictlyPure::strictlyPureMethod()].JML operation contract.0 
137109     DEBUG main            d.u.i.k.p.i.IntermediateProofReplayer Proof replay took 51.78ms 
137109     DEBUG main            d.u.i.k.p.r.p.TestFile    ... success: reloaded. 
137110     INFO  main            d.u.i.k.p.r.p.TestFile    Now processing file /home/runner/work/key/key/key.core/../key.ui/examples/heap/strictly_pure/useStrictlyPureMethod.key 
137111     INFO  main            d.u.i.k.p.i.AbstractProblemLoader Loading environment from /home/runner/work/key/key/key.core/../key.ui/examples/heap/strictly_pure/useStrictlyPureMethod.key 
137111     DEBUG main            d.u.i.k.p.i.AbstractProblemLoader Environment load took 110.4ns 
137112     INFO  main            d.u.i.k.p.i.AbstractProblemLoader Creating init config 
139565     DEBUG main            d.u.i.k.p.i.AbstractProblemLoader Init config took 2.45s 
139600     INFO  main            d.u.i.k.p.i.AbstractProblemLoader Replaying proof StrictlyPure[StrictlyPure::useStrictlyPureMethod(StrictlyPureClass)].JML operation contract.0 
139602     DEBUG main            d.u.i.k.p.i.IntermediateProofReplayer Proof replay took 7.6ns 
139804     INFO  main            d.u.i.k.p.r.p.TestFile    ... finished proof: closed. 
140103     INFO  main            d.u.i.k.p.i.AbstractProblemLoader Loading environment from /home/runner/work/key/key/key.core/../key.ui/examples/heap/strictly_pure/useStrictlyPureMethod.key.proof 
140103     DEBUG main            d.u.i.k.p.i.AbstractProblemLoader Environment load took 116.9ns 
140105     INFO  main            d.u.i.k.p.i.AbstractProblemLoader Creating init config 
142461     DEBUG main            d.u.i.k.p.i.AbstractProblemLoader Init config took 2.36s 
142498     INFO  main            d.u.i.k.p.i.AbstractProblemLoader Replaying proof StrictlyPure[StrictlyPure::useStrictlyPureMethod(StrictlyPureClass)].JML operation contract.0 
142554     DEBUG main            d.u.i.k.p.i.IntermediateProofReplayer Proof replay took 53.25ms 
142555     DEBUG main            d.u.i.k.p.r.p.TestFile    ... success: reloaded. 
142556     INFO  main            d.u.i.k.p.r.p.TestFile    Now processing file /home/runner/work/key/key/key.core/../key.ui/examples/heap/Wellfounded/ackermann.key 
142556     INFO  main            d.u.i.k.p.i.AbstractProblemLoader Loading environment from /home/runner/work/key/key/key.core/../key.ui/examples/heap/Wellfounded/ackermann.key 
142556     DEBUG main            d.u.i.k.p.i.AbstractProblemLoader Environment load took 103.2ns 
142557     INFO  main            d.u.i.k.p.i.AbstractProblemLoader Creating init config 
145008     DEBUG main            d.u.i.k.p.i.AbstractProblemLoader Init config took 2.45s 
145043     INFO  main            d.u.i.k.p.i.AbstractProblemLoader Replaying proof Ackermann[Ackermann::a(int,int)].JML normal_behavior operation contract.0 
145046     DEBUG main            d.u.i.k.p.i.IntermediateProofReplayer Proof replay took 7.8ns 
145349     INFO  main            d.u.i.k.p.r.p.TestFile    ... finished proof: closed. 
145636     INFO  main            d.u.i.k.p.i.AbstractProblemLoader Loading environment from /home/runner/work/key/key/key.core/../key.ui/examples/heap/Wellfounded/ackermann.key.proof 
145636     DEBUG main            d.u.i.k.p.i.AbstractProblemLoader Environment load took 116.1ns 
145637     INFO  main            d.u.i.k.p.i.AbstractProblemLoader Creating init config 
148038     DEBUG main            d.u.i.k.p.i.AbstractProblemLoader Init config took 2.4s 
148073     INFO  main            d.u.i.k.p.i.AbstractProblemLoader Replaying proof Ackermann[Ackermann::a(int,int)].JML normal_behavior operation contract.0 
148140     DEBUG main            d.u.i.k.p.i.IntermediateProofReplayer Proof replay took 63.66ms 
148141     DEBUG main            d.u.i.k.p.r.p.TestFile    ... success: reloaded. 
148142     INFO  main            d.u.i.k.p.r.p.TestFile    Now processing file /home/runner/work/key/key/key.core/../key.ui/examples/standard_key/unicode_test.key 
148143     INFO  main            d.u.i.k.p.i.AbstractProblemLoader Loading environment from /home/runner/work/key/key/key.core/../key.ui/examples/standard_key/unicode_test.key 
148143     DEBUG main            d.u.i.k.p.i.AbstractProblemLoader Environment load took 226.91ns 
148145     INFO  main            d.u.i.k.p.i.AbstractProblemLoader Creating init config 
150543     DEBUG main            d.u.i.k.p.i.AbstractProblemLoader Init config took 2.4s 
150557     INFO  main            d.u.i.k.p.i.AbstractProblemLoader Replaying proof unicode_test.key 
150559     DEBUG main            d.u.i.k.p.i.IntermediateProofReplayer Proof replay took 6.9ns 
150665     INFO  main            d.u.i.k.p.r.p.TestFile    ... finished proof: closed. 
150933     INFO  main            d.u.i.k.p.i.AbstractProblemLoader Loading environment from /home/runner/work/key/key/key.core/../key.ui/examples/standard_key/unicode_test.key.proof 
150933     DEBUG main            d.u.i.k.p.i.AbstractProblemLoader Environment load took 112.7ns 
150934     INFO  main            d.u.i.k.p.i.AbstractProblemLoader Creating init config 
153221     DEBUG main            d.u.i.k.p.i.AbstractProblemLoader Init config took 2.29s 
153234     INFO  main            d.u.i.k.p.i.AbstractProblemLoader Replaying proof unicode_test.key.proof 
153237     DEBUG main            d.u.i.k.p.i.IntermediateProofReplayer Proof replay took 359.61ns 
153240     DEBUG main            d.u.i.k.p.r.p.TestFile    ... success: reloaded. 
153240     INFO  main            d.u.i.k.p.r.p.TestFile    Now processing file /home/runner/work/key/key/key.core/../key.ui/examples/heap/strictlyModular/mayExpand.key 
153240     INFO  main            d.u.i.k.p.i.AbstractProblemLoader Loading environment from /home/runner/work/key/key/key.core/../key.ui/examples/heap/strictlyModular/mayExpand.key 
153240     DEBUG main            d.u.i.k.p.i.AbstractProblemLoader Environment load took 198.5ns 
153241     INFO  main            d.u.i.k.p.i.AbstractProblemLoader Creating init config 
155654     DEBUG main            d.u.i.k.p.i.AbstractProblemLoader Init config took 2.41s 
155694     INFO  main            d.u.i.k.p.i.AbstractProblemLoader Replaying proof Modular[Modular::m()].JML operation contract.0 
155696     DEBUG main            d.u.i.k.p.i.IntermediateProofReplayer Proof replay took 7ns 
155798     INFO  main            d.u.i.k.p.r.p.TestFile    ... finished proof: closed. 
156073     INFO  main            d.u.i.k.p.i.AbstractProblemLoader Loading environment from /home/runner/work/key/key/key.core/../key.ui/examples/heap/strictlyModular/mayExpand.key.proof 
156074     DEBUG main            d.u.i.k.p.i.AbstractProblemLoader Environment load took 106.3ns 
156074     INFO  main            d.u.i.k.p.i.AbstractProblemLoader Creating init config 
158427     DEBUG main            d.u.i.k.p.i.AbstractProblemLoader Init config took 2.35s 
158462     INFO  main            d.u.i.k.p.i.AbstractProblemLoader Replaying proof Modular[Modular::m()].JML operation contract.0 
158479     DEBUG main            d.u.i.k.p.i.IntermediateProofReplayer Proof replay took 15.04ms 
158480     DEBUG main            d.u.i.k.p.r.p.TestFile    ... success: reloaded. 
158481     INFO  main            d.u.i.k.p.r.p.TestFile    Now processing file /home/runner/work/key/key/key.core/../key.ui/examples/heap/strictlyModular/modularOnly.key 
158482     INFO  main            d.u.i.k.p.i.AbstractProblemLoader Loading environment from /home/runner/work/key/key/key.core/../key.ui/examples/heap/strictlyModular/modularOnly.key 
158482     DEBUG main            d.u.i.k.p.i.AbstractProblemLoader Environment load took 211ns 
158483     INFO  main            d.u.i.k.p.i.AbstractProblemLoader Creating init config 
160903     DEBUG main            d.u.i.k.p.i.AbstractProblemLoader Init config took 2.42s 
160939     INFO  main            d.u.i.k.p.i.AbstractProblemLoader Replaying proof Modular[Modular::m()].JML operation contract.0 
160940     DEBUG main            d.u.i.k.p.i.IntermediateProofReplayer Proof replay took 7ns 
161045     INFO  main            d.u.i.k.p.r.p.TestFile    ... finished proof: open goal(s) 
1920762    INFO  Test worker     d.u.i.k.p.r.RunAllProofsTestUnit Returning from test simpleTests 
1920763    INFO  Test worker     d.u.i.k.p.r.RunAllProofsTestUnit Running test SmansEtAl 
394        INFO  Timeout watchdog d.u.i.k.p.r.p.ForkedTestFileRunner Timeout watcher launched (2000 secs.) 
398        WARN  main            d.u.i.k.s.ProofSettings   The settings in /home/runner/.key/proof-settings.props are *not* read. 
430        INFO  main            d.u.i.k.p.r.p.TestFile    Now processing file /home/runner/work/key/key/key.core/../key.ui/examples/heap/SmansEtAl/ArrayList_add.key 
536        INFO  main            d.u.i.k.p.i.AbstractProblemLoader Loading environment from /home/runner/work/key/key/key.core/../key.ui/examples/heap/SmansEtAl/ArrayList_add.key 
564        DEBUG main            d.u.i.k.p.i.AbstractProblemLoader Environment load took 2.22ms 
810        INFO  main            d.u.i.k.p.i.AbstractProblemLoader Creating init config 
1607       DEBUG main            d.u.i.k.j.TypeConverter   No LDT found for Meta 
1608       DEBUG main            d.u.i.k.j.TypeConverter   No LDT found for Meta 
1611       DEBUG main            d.u.i.k.j.TypeConverter   No LDT found for Meta 
1611       DEBUG main            d.u.i.k.j.TypeConverter   No LDT found for Meta 
2860       DEBUG main            d.u.i.k.j.TypeConverter   No LDT found for JavaBigintExpression 
9019       DEBUG main            d.u.i.k.p.i.AbstractProblemLoader Init config took 8.21s 
9206       INFO  main            d.u.i.k.p.i.AbstractProblemLoader Replaying proof ArrayList[ArrayList::add(java.lang.Object)].JML normal_behavior operation contract.0 
9242       DEBUG main            d.u.i.k.p.i.IntermediateProofReplayer Proof replay took 37ns 
16931      INFO  main            d.u.i.k.p.r.p.TestFile    ... finished proof: closed. 
17165      INFO  main            d.u.i.k.p.i.AbstractProblemLoader Loading environment from /home/runner/work/key/key/key.core/../key.ui/examples/heap/SmansEtAl/ArrayList_add.key.proof 
17167      DEBUG main            d.u.i.k.p.i.AbstractProblemLoader Environment load took 1.81ms 
17175      INFO  main            d.u.i.k.p.i.AbstractProblemLoader Creating init config 
20352      DEBUG main            d.u.i.k.p.i.AbstractProblemLoader Init config took 3.18s 
20409      INFO  main            d.u.i.k.p.i.AbstractProblemLoader Replaying proof ArrayList[ArrayList::add(java.lang.Object)].JML normal_behavior operation contract.0 
21597      DEBUG main            d.u.i.k.p.i.IntermediateProofReplayer Proof replay took 1.16s 
21608      DEBUG main            d.u.i.k.p.r.p.TestFile    ... success: reloaded. 
21611      INFO  main            d.u.i.k.p.r.p.TestFile    Now processing file /home/runner/work/key/key/key.core/../key.ui/examples/heap/SmansEtAl/ArrayList_ArrayList.key 
21611      INFO  main            d.u.i.k.p.i.AbstractProblemLoader Loading environment from /home/runner/work/key/key/key.core/../key.ui/examples/heap/SmansEtAl/ArrayList_ArrayList.key 
21611      DEBUG main            d.u.i.k.p.i.AbstractProblemLoader Environment load took 245.31ns 
21616      INFO  main            d.u.i.k.p.i.AbstractProblemLoader Creating init config 
24691      DEBUG main            d.u.i.k.p.i.AbstractProblemLoader Init config took 3.08s 
24769      INFO  main            d.u.i.k.p.i.AbstractProblemLoader Replaying proof ArrayList[ArrayList::ArrayList()].JML normal_behavior operation contract.0 
24771      DEBUG main            d.u.i.k.p.i.IntermediateProofReplayer Proof replay took 7.3ns 
25778      INFO  main            d.u.i.k.p.r.p.TestFile    ... finished proof: closed. 
25958      INFO  main            d.u.i.k.p.i.AbstractProblemLoader Loading environment from /home/runner/work/key/key/key.core/../key.ui/examples/heap/SmansEtAl/ArrayList_ArrayList.key.proof 
25962      DEBUG main            d.u.i.k.p.i.AbstractProblemLoader Environment load took 3.53ms 
25969      INFO  main            d.u.i.k.p.i.AbstractProblemLoader Creating init config 
28870      DEBUG main            d.u.i.k.p.i.AbstractProblemLoader Init config took 2.9s 
28916      INFO  main            d.u.i.k.p.i.AbstractProblemLoader Replaying proof ArrayList[ArrayList::ArrayList()].JML normal_behavior operation contract.0 
29096      DEBUG main            d.u.i.k.p.i.IntermediateProofReplayer Proof replay took 170.69ms 
29098      DEBUG main            d.u.i.k.p.r.p.TestFile    ... success: reloaded. 
29099      INFO  main            d.u.i.k.p.r.p.TestFile    Now processing file /home/runner/work/key/key/key.core/../key.ui/examples/heap/SmansEtAl/ArrayList_footprint.key 
29100      INFO  main            d.u.i.k.p.i.AbstractProblemLoader Loading environment from /home/runner/work/key/key/key.core/../key.ui/examples/heap/SmansEtAl/ArrayList_footprint.key 
29100      DEBUG main            d.u.i.k.p.i.AbstractProblemLoader Environment load took 225.41ns 
29102      INFO  main            d.u.i.k.p.i.AbstractProblemLoader Creating init config 
32080      DEBUG main            d.u.i.k.p.i.AbstractProblemLoader Init config took 2.98s 
32133      INFO  main            d.u.i.k.p.i.AbstractProblemLoader Replaying proof ArrayList[ArrayList::$footprint()].JML accessible clause.0 
32137      DEBUG main            d.u.i.k.p.i.IntermediateProofReplayer Proof replay took 6.2ns 
32239      INFO  main            d.u.i.k.p.r.p.TestFile    ... finished proof: closed. 
32392      INFO  main            d.u.i.k.p.i.AbstractProblemLoader Loading environment from /home/runner/work/key/key/key.core/../key.ui/examples/heap/SmansEtAl/ArrayList_footprint.key.proof 
32392      DEBUG main            d.u.i.k.p.i.AbstractProblemLoader Environment load took 131.4ns 
32393      INFO  main            d.u.i.k.p.i.AbstractProblemLoader Creating init config 
35201      DEBUG main            d.u.i.k.p.i.AbstractProblemLoader Init config took 2.81s 
35261      INFO  main            d.u.i.k.p.i.AbstractProblemLoader Replaying proof ArrayList[ArrayList::$footprint()].JML accessible clause.0 
35279      DEBUG main            d.u.i.k.p.i.IntermediateProofReplayer Proof replay took 13.32ms 
35280      DEBUG main            d.u.i.k.p.r.p.TestFile    ... success: reloaded. 
35282      INFO  main            d.u.i.k.p.r.p.TestFile    Now processing file /home/runner/work/key/key/key.core/../key.ui/examples/heap/SmansEtAl/ArrayList_get_dep.key 
35283      INFO  main            d.u.i.k.p.i.AbstractProblemLoader Loading environment from /home/runner/work/key/key/key.core/../key.ui/examples/heap/SmansEtAl/ArrayList_get_dep.key 
35283      DEBUG main            d.u.i.k.p.i.AbstractProblemLoader Environment load took 454.01ns 
35284      INFO  main            d.u.i.k.p.i.AbstractProblemLoader Creating init config 
38193      DEBUG main            d.u.i.k.p.i.AbstractProblemLoader Init config took 2.91s 
38243      INFO  main            d.u.i.k.p.i.AbstractProblemLoader Replaying proof ArrayList[ArrayList::get(int)].JML accessible clause.0 
38248      DEBUG main            d.u.i.k.p.i.IntermediateProofReplayer Proof replay took 7.3ns 
38551      INFO  main            d.u.i.k.p.r.p.TestFile    ... finished proof: closed. 
38749      INFO  main            d.u.i.k.p.i.AbstractProblemLoader Loading environment from /home/runner/work/key/key/key.core/../key.ui/examples/heap/SmansEtAl/ArrayList_get_dep.key.proof 
38750      DEBUG main            d.u.i.k.p.i.AbstractProblemLoader Environment load took 1.07ms 
38752      INFO  main            d.u.i.k.p.i.AbstractProblemLoader Creating init config 
41582      DEBUG main            d.u.i.k.p.i.AbstractProblemLoader Init config took 2.83s 
41627      INFO  main            d.u.i.k.p.i.AbstractProblemLoader Replaying proof ArrayList[ArrayList::get(int)].JML accessible clause.0 
41696      DEBUG main            d.u.i.k.p.i.IntermediateProofReplayer Proof replay took 62.24ms 
41698      DEBUG main            d.u.i.k.p.r.p.TestFile    ... success: reloaded. 
41699      INFO  main            d.u.i.k.p.r.p.TestFile    Now processing file /home/runner/work/key/key/key.core/../key.ui/examples/heap/SmansEtAl/ArrayList_get.key 
41700      INFO  main            d.u.i.k.p.i.AbstractProblemLoader Loading environment from /home/runner/work/key/key/key.core/../key.ui/examples/heap/SmansEtAl/ArrayList_get.key 
41700      DEBUG main            d.u.i.k.p.i.AbstractProblemLoader Environment load took 232.11ns 
41701      INFO  main            d.u.i.k.p.i.AbstractProblemLoader Creating init config 
44585      DEBUG main            d.u.i.k.p.i.AbstractProblemLoader Init config took 2.88s 
44627      INFO  main            d.u.i.k.p.i.AbstractProblemLoader Replaying proof ArrayList[ArrayList::get(int)].JML normal_behavior operation contract.0 
44629      DEBUG main            d.u.i.k.p.i.IntermediateProofReplayer Proof replay took 6.4ns 
44831      INFO  main            d.u.i.k.p.r.p.TestFile    ... finished proof: closed. 
44999      INFO  main            d.u.i.k.p.i.AbstractProblemLoader Loading environment from /home/runner/work/key/key/key.core/../key.ui/examples/heap/SmansEtAl/ArrayList_get.key.proof 
44999      DEBUG main            d.u.i.k.p.i.AbstractProblemLoader Environment load took 172.3ns 
45000      INFO  main            d.u.i.k.p.i.AbstractProblemLoader Creating init config 
47795      DEBUG main            d.u.i.k.p.i.AbstractProblemLoader Init config took 2.8s 
47838      INFO  main            d.u.i.k.p.i.AbstractProblemLoader Replaying proof ArrayList[ArrayList::get(int)].JML normal_behavior operation contract.0 
47871      DEBUG main            d.u.i.k.p.i.IntermediateProofReplayer Proof replay took 31.19ms 
47872      DEBUG main            d.u.i.k.p.r.p.TestFile    ... success: reloaded. 
47874      INFO  main            d.u.i.k.p.r.p.TestFile    Now processing file /home/runner/work/key/key/key.core/../key.ui/examples/heap/SmansEtAl/ArrayList_inv.key 
47874      INFO  main            d.u.i.k.p.i.AbstractProblemLoader Loading environment from /home/runner/work/key/key/key.core/../key.ui/examples/heap/SmansEtAl/ArrayList_inv.key 
47874      DEBUG main            d.u.i.k.p.i.AbstractProblemLoader Environment load took 280.51ns 
47875      INFO  main            d.u.i.k.p.i.AbstractProblemLoader Creating init config 
50738      DEBUG main            d.u.i.k.p.i.AbstractProblemLoader Init config took 2.86s 
50787      INFO  main            d.u.i.k.p.i.AbstractProblemLoader Replaying proof ArrayList[java.lang.Object::<inv>()].JML accessible clause.0 
50789      DEBUG main            d.u.i.k.p.i.IntermediateProofReplayer Proof replay took 7ns 
50893      INFO  main            d.u.i.k.p.r.p.TestFile    ... finished proof: closed. 
51060      INFO  main            d.u.i.k.p.i.AbstractProblemLoader Loading environment from /home/runner/work/key/key/key.core/../key.ui/examples/heap/SmansEtAl/ArrayList_inv.key.proof 
51060      DEBUG main            d.u.i.k.p.i.AbstractProblemLoader Environment load took 135ns 
51061      INFO  main            d.u.i.k.p.i.AbstractProblemLoader Creating init config 
53858      DEBUG main            d.u.i.k.p.i.AbstractProblemLoader Init config took 2.8s 
53900      INFO  main            d.u.i.k.p.i.AbstractProblemLoader Replaying proof ArrayList[java.lang.Object::<inv>()].JML accessible clause.0 
53912      DEBUG main            d.u.i.k.p.i.IntermediateProofReplayer Proof replay took 10.67ms 
53913      DEBUG main            d.u.i.k.p.r.p.TestFile    ... success: reloaded. 
53915      INFO  main            d.u.i.k.p.r.p.TestFile    Now processing file /home/runner/work/key/key/key.core/../key.ui/examples/heap/SmansEtAl/ArrayList_size_dep.key 
53915      INFO  main            d.u.i.k.p.i.AbstractProblemLoader Loading environment from /home/runner/work/key/key/key.core/../key.ui/examples/heap/SmansEtAl/ArrayList_size_dep.key 
53915      DEBUG main            d.u.i.k.p.i.AbstractProblemLoader Environment load took 111.2ns 
53916      INFO  main            d.u.i.k.p.i.AbstractProblemLoader Creating init config 
56748      DEBUG main            d.u.i.k.p.i.AbstractProblemLoader Init config took 2.83s 
56787      INFO  main            d.u.i.k.p.i.AbstractProblemLoader Replaying proof ArrayList[ArrayList::size()].JML accessible clause.0 
56789      DEBUG main            d.u.i.k.p.i.IntermediateProofReplayer Proof replay took 6.6ns 
56892      INFO  main            d.u.i.k.p.r.p.TestFile    ... finished proof: closed. 
57080      INFO  main            d.u.i.k.p.i.AbstractProblemLoader Loading environment from /home/runner/work/key/key/key.core/../key.ui/examples/heap/SmansEtAl/ArrayList_size_dep.key.proof 
57080      DEBUG main            d.u.i.k.p.i.AbstractProblemLoader Environment load took 127.5ns 
57081      INFO  main            d.u.i.k.p.i.AbstractProblemLoader Creating init config 
59828      DEBUG main            d.u.i.k.p.i.AbstractProblemLoader Init config took 2.75s 
59867      INFO  main            d.u.i.k.p.i.AbstractProblemLoader Replaying proof ArrayList[ArrayList::size()].JML accessible clause.0 
59885      DEBUG main            d.u.i.k.p.i.IntermediateProofReplayer Proof replay took 15.32ms 
59886      DEBUG main            d.u.i.k.p.r.p.TestFile    ... success: reloaded. 
59887      INFO  main            d.u.i.k.p.r.p.TestFile    Now processing file /home/runner/work/key/key/key.core/../key.ui/examples/heap/SmansEtAl/ArrayList_size.key 
59888      INFO  main            d.u.i.k.p.i.AbstractProblemLoader Loading environment from /home/runner/work/key/key/key.core/../key.ui/examples/heap/SmansEtAl/ArrayList_size.key 
59888      DEBUG main            d.u.i.k.p.i.AbstractProblemLoader Environment load took 221.21ns 
59889      INFO  main            d.u.i.k.p.i.AbstractProblemLoader Creating init config 
62725      DEBUG main            d.u.i.k.p.i.AbstractProblemLoader Init config took 2.84s 
62764      INFO  main            d.u.i.k.p.i.AbstractProblemLoader Replaying proof ArrayList[ArrayList::size()].JML normal_behavior operation contract.0 
62766      DEBUG main            d.u.i.k.p.i.IntermediateProofReplayer Proof replay took 6.9ns 
62869      INFO  main            d.u.i.k.p.r.p.TestFile    ... finished proof: closed. 
63050      INFO  main            d.u.i.k.p.i.AbstractProblemLoader Loading environment from /home/runner/work/key/key/key.core/../key.ui/examples/heap/SmansEtAl/ArrayList_size.key.proof 
63050      DEBUG main            d.u.i.k.p.i.AbstractProblemLoader Environment load took 130.2ns 
63051      INFO  main            d.u.i.k.p.i.AbstractProblemLoader Creating init config 
65794      DEBUG main            d.u.i.k.p.i.AbstractProblemLoader Init config took 2.74s 
65833      INFO  main            d.u.i.k.p.i.AbstractProblemLoader Replaying proof ArrayList[ArrayList::size()].JML normal_behavior operation contract.0 
65849      DEBUG main            d.u.i.k.p.i.IntermediateProofReplayer Proof replay took 14.37ms 
65850      DEBUG main            d.u.i.k.p.r.p.TestFile    ... success: reloaded. 
65851      INFO  main            d.u.i.k.p.r.p.TestFile    Now processing file /home/runner/work/key/key/key.core/../key.ui/examples/heap/SmansEtAl/Cell_Cell.key 
65851      INFO  main            d.u.i.k.p.i.AbstractProblemLoader Loading environment from /home/runner/work/key/key/key.core/../key.ui/examples/heap/SmansEtAl/Cell_Cell.key 
65852      DEBUG main            d.u.i.k.p.i.AbstractProblemLoader Environment load took 90.6ns 
65852      INFO  main            d.u.i.k.p.i.AbstractProblemLoader Creating init config 
68662      DEBUG main            d.u.i.k.p.i.AbstractProblemLoader Init config took 2.81s 
68698      INFO  main            d.u.i.k.p.i.AbstractProblemLoader Replaying proof Cell[Cell::Cell()].JML normal_behavior operation contract.0 
68700      DEBUG main            d.u.i.k.p.i.IntermediateProofReplayer Proof replay took 7.7ns 
68905      INFO  main            d.u.i.k.p.r.p.TestFile    ... finished proof: closed. 
69117      INFO  main            d.u.i.k.p.i.AbstractProblemLoader Loading environment from /home/runner/work/key/key/key.core/../key.ui/examples/heap/SmansEtAl/Cell_Cell.key.proof 
69117      DEBUG main            d.u.i.k.p.i.AbstractProblemLoader Environment load took 127.8ns 
69118      INFO  main            d.u.i.k.p.i.AbstractProblemLoader Creating init config 
71862      DEBUG main            d.u.i.k.p.i.AbstractProblemLoader Init config took 2.74s 
71901      INFO  main            d.u.i.k.p.i.AbstractProblemLoader Replaying proof Cell[Cell::Cell()].JML normal_behavior operation contract.0 
71947      DEBUG main            d.u.i.k.p.i.IntermediateProofReplayer Proof replay took 41.58ms 
71949      DEBUG main            d.u.i.k.p.r.p.TestFile    ... success: reloaded. 
71951      INFO  main            d.u.i.k.p.r.p.TestFile    Now processing file /home/runner/work/key/key/key.core/../key.ui/examples/heap/SmansEtAl/Cell_footprint.key 
71951      INFO  main            d.u.i.k.p.i.AbstractProblemLoader Loading environment from /home/runner/work/key/key/key.core/../key.ui/examples/heap/SmansEtAl/Cell_footprint.key 
71951      DEBUG main            d.u.i.k.p.i.AbstractProblemLoader Environment load took 110.6ns 
71952      INFO  main            d.u.i.k.p.i.AbstractProblemLoader Creating init config 
74738      DEBUG main            d.u.i.k.p.i.AbstractProblemLoader Init config took 2.79s 
74773      INFO  main            d.u.i.k.p.i.AbstractProblemLoader Replaying proof Cell[Cell::$footprint()].JML accessible clause.0 
74774      DEBUG main            d.u.i.k.p.i.IntermediateProofReplayer Proof replay took 7ns 
74880      INFO  main            d.u.i.k.p.r.p.TestFile    ... finished proof: closed. 
75080      INFO  main            d.u.i.k.p.i.AbstractProblemLoader Loading environment from /home/runner/work/key/key/key.core/../key.ui/examples/heap/SmansEtAl/Cell_footprint.key.proof 
75080      DEBUG main            d.u.i.k.p.i.AbstractProblemLoader Environment load took 121.9ns 
75081      INFO  main            d.u.i.k.p.i.AbstractProblemLoader Creating init config 
77826      DEBUG main            d.u.i.k.p.i.AbstractProblemLoader Init config took 2.75s 
77861      INFO  main            d.u.i.k.p.i.AbstractProblemLoader Replaying proof Cell[Cell::$footprint()].JML accessible clause.0 
77867      DEBUG main            d.u.i.k.p.i.IntermediateProofReplayer Proof replay took 3.9ms 
77868      DEBUG main            d.u.i.k.p.r.p.TestFile    ... success: reloaded. 
77869      INFO  main            d.u.i.k.p.r.p.TestFile    Now processing file /home/runner/work/key/key/key.core/../key.ui/examples/heap/SmansEtAl/Cell_getX_dep.key 
77870      INFO  main            d.u.i.k.p.i.AbstractProblemLoader Loading environment from /home/runner/work/key/key/key.core/../key.ui/examples/heap/SmansEtAl/Cell_getX_dep.key 
77870      DEBUG main            d.u.i.k.p.i.AbstractProblemLoader Environment load took 210.21ns 
77871      INFO  main            d.u.i.k.p.i.AbstractProblemLoader Creating init config 
80687      DEBUG main            d.u.i.k.p.i.AbstractProblemLoader Init config took 2.82s 
80729      INFO  main            d.u.i.k.p.i.AbstractProblemLoader Replaying proof Cell[Cell::getX()].JML accessible clause.0 
80731      DEBUG main            d.u.i.k.p.i.IntermediateProofReplayer Proof replay took 6.7ns 
80836      INFO  main            d.u.i.k.p.r.p.TestFile    ... finished proof: closed. 
81050      INFO  main            d.u.i.k.p.i.AbstractProblemLoader Loading environment from /home/runner/work/key/key/key.core/../key.ui/examples/heap/SmansEtAl/Cell_getX_dep.key.proof 
81050      DEBUG main            d.u.i.k.p.i.AbstractProblemLoader Environment load took 127ns 
81051      INFO  main            d.u.i.k.p.i.AbstractProblemLoader Creating init config 
83775      DEBUG main            d.u.i.k.p.i.AbstractProblemLoader Init config took 2.72s 
83809      INFO  main            d.u.i.k.p.i.AbstractProblemLoader Replaying proof Cell[Cell::getX()].JML accessible clause.0 
83835      DEBUG main            d.u.i.k.p.i.IntermediateProofReplayer Proof replay took 22.06ms 
83837      DEBUG main            d.u.i.k.p.r.p.TestFile    ... success: reloaded. 
83841      INFO  main            d.u.i.k.p.r.p.TestFile    Now processing file /home/runner/work/key/key/key.core/../key.ui/examples/heap/SmansEtAl/Cell_getX.key 
83842      INFO  main            d.u.i.k.p.i.AbstractProblemLoader Loading environment from /home/runner/work/key/key/key.core/../key.ui/examples/heap/SmansEtAl/Cell_getX.key 
83842      DEBUG main            d.u.i.k.p.i.AbstractProblemLoader Environment load took 133ns 
83843      INFO  main            d.u.i.k.p.i.AbstractProblemLoader Creating init config 
86633      DEBUG main            d.u.i.k.p.i.AbstractProblemLoader Init config took 2.79s 
86667      INFO  main            d.u.i.k.p.i.AbstractProblemLoader Replaying proof Cell[Cell::getX()].JML normal_behavior operation contract.0 
86669      DEBUG main            d.u.i.k.p.i.IntermediateProofReplayer Proof replay took 7.2ns 
86770      INFO  main            d.u.i.k.p.r.p.TestFile    ... finished proof: closed. 
86974      INFO  main            d.u.i.k.p.i.AbstractProblemLoader Loading environment from /home/runner/work/key/key/key.core/../key.ui/examples/heap/SmansEtAl/Cell_getX.key.proof 
86974      DEBUG main            d.u.i.k.p.i.AbstractProblemLoader Environment load took 138.5ns 
86975      INFO  main            d.u.i.k.p.i.AbstractProblemLoader Creating init config 
89710      DEBUG main            d.u.i.k.p.i.AbstractProblemLoader Init config took 2.73s 
89753      INFO  main            d.u.i.k.p.i.AbstractProblemLoader Replaying proof Cell[Cell::getX()].JML normal_behavior operation contract.0 
89769      DEBUG main            d.u.i.k.p.i.IntermediateProofReplayer Proof replay took 12.81ms 
89770      DEBUG main            d.u.i.k.p.r.p.TestFile    ... success: reloaded. 
89771      INFO  main            d.u.i.k.p.r.p.TestFile    Now processing file /home/runner/work/key/key/key.core/../key.ui/examples/heap/SmansEtAl/Cell_inv.key 
89771      INFO  main            d.u.i.k.p.i.AbstractProblemLoader Loading environment from /home/runner/work/key/key/key.core/../key.ui/examples/heap/SmansEtAl/Cell_inv.key 
89772      DEBUG main            d.u.i.k.p.i.AbstractProblemLoader Environment load took 102.9ns 
89772      INFO  main            d.u.i.k.p.i.AbstractProblemLoader Creating init config 
92527      DEBUG main            d.u.i.k.p.i.AbstractProblemLoader Init config took 2.75s 
92560      INFO  main            d.u.i.k.p.i.AbstractProblemLoader Replaying proof Cell[java.lang.Object::<inv>()].JML accessible clause.0 
92562      DEBUG main            d.u.i.k.p.i.IntermediateProofReplayer Proof replay took 15.4ns 
92664      INFO  main            d.u.i.k.p.r.p.TestFile    ... finished proof: closed. 
92906      INFO  main            d.u.i.k.p.i.AbstractProblemLoader Loading environment from /home/runner/work/key/key/key.core/../key.ui/examples/heap/SmansEtAl/Cell_inv.key.proof 
92907      DEBUG main            d.u.i.k.p.i.AbstractProblemLoader Environment load took 129.5ns 
92908      INFO  main            d.u.i.k.p.i.AbstractProblemLoader Creating init config 
95673      DEBUG main            d.u.i.k.p.i.AbstractProblemLoader Init config took 2.77s 
95710      INFO  main            d.u.i.k.p.i.AbstractProblemLoader Replaying proof Cell[java.lang.Object::<inv>()].JML accessible clause.0 
95713      DEBUG main            d.u.i.k.p.i.IntermediateProofReplayer Proof replay took 1.63ms 
95714      DEBUG main            d.u.i.k.p.r.p.TestFile    ... success: reloaded. 
95715      INFO  main            d.u.i.k.p.r.p.TestFile    Now processing file /home/runner/work/key/key/key.core/../key.ui/examples/heap/SmansEtAl/Cell_setX.key 
95716      INFO  main            d.u.i.k.p.i.AbstractProblemLoader Loading environment from /home/runner/work/key/key/key.core/../key.ui/examples/heap/SmansEtAl/Cell_setX.key 
95716      DEBUG main            d.u.i.k.p.i.AbstractProblemLoader Environment load took 218.5ns 
95717      INFO  main            d.u.i.k.p.i.AbstractProblemLoader Creating init config 
98423      DEBUG main            d.u.i.k.p.i.AbstractProblemLoader Init config took 2.71s 
98456      INFO  main            d.u.i.k.p.i.AbstractProblemLoader Replaying proof Cell[Cell::setX(int)].JML normal_behavior operation contract.0 
98458      DEBUG main            d.u.i.k.p.i.IntermediateProofReplayer Proof replay took 45.7ns 
98560      INFO  main            d.u.i.k.p.r.p.TestFile    ... finished proof: closed. 
98783      INFO  main            d.u.i.k.p.i.AbstractProblemLoader Loading environment from /home/runner/work/key/key/key.core/../key.ui/examples/heap/SmansEtAl/Cell_setX.key.proof 
98787      DEBUG main            d.u.i.k.p.i.AbstractProblemLoader Environment load took 4.18ms 
98788      INFO  main            d.u.i.k.p.i.AbstractProblemLoader Creating init config 
101482     DEBUG main            d.u.i.k.p.i.AbstractProblemLoader Init config took 2.69s 
101528     INFO  main            d.u.i.k.p.i.AbstractProblemLoader Replaying proof Cell[Cell::setX(int)].JML normal_behavior operation contract.0 
101551     DEBUG main            d.u.i.k.p.i.IntermediateProofReplayer Proof replay took 21.29ms 
101553     DEBUG main            d.u.i.k.p.r.p.TestFile    ... success: reloaded. 
101554     INFO  main            d.u.i.k.p.r.p.TestFile    Now processing file /home/runner/work/key/key/key.core/../key.ui/examples/heap/SmansEtAl/CellClient_m.key 
101554     INFO  main            d.u.i.k.p.i.AbstractProblemLoader Loading environment from /home/runner/work/key/key/key.core/../key.ui/examples/heap/SmansEtAl/CellClient_m.key 
101554     DEBUG main            d.u.i.k.p.i.AbstractProblemLoader Environment load took 218.91ns 
101555     INFO  main            d.u.i.k.p.i.AbstractProblemLoader Creating init config 
104350     DEBUG main            d.u.i.k.p.i.AbstractProblemLoader Init config took 2.79s 
104383     INFO  main            d.u.i.k.p.i.AbstractProblemLoader Replaying proof CellClient[CellClient::m()].JML operation contract.0 
104384     DEBUG main            d.u.i.k.p.i.IntermediateProofReplayer Proof replay took 6.5ns 
104888     INFO  main            d.u.i.k.p.r.p.TestFile    ... finished proof: closed. 
105125     INFO  main            d.u.i.k.p.i.AbstractProblemLoader Loading environment from /home/runner/work/key/key/key.core/../key.ui/examples/heap/SmansEtAl/CellClient_m.key.proof 
105125     DEBUG main            d.u.i.k.p.i.AbstractProblemLoader Environment load took 477.71ns 
105127     INFO  main            d.u.i.k.p.i.AbstractProblemLoader Creating init config 
107823     DEBUG main            d.u.i.k.p.i.AbstractProblemLoader Init config took 2.7s 
107856     INFO  main            d.u.i.k.p.i.AbstractProblemLoader Replaying proof CellClient[CellClient::m()].JML operation contract.0 
107958     DEBUG main            d.u.i.k.p.i.IntermediateProofReplayer Proof replay took 99.32ms 
107960     DEBUG main            d.u.i.k.p.r.p.TestFile    ... success: reloaded. 
107962     INFO  main            d.u.i.k.p.r.p.TestFile    Now processing file /home/runner/work/key/key/key.core/../key.ui/examples/heap/SmansEtAl/Iterator_footprint.key 
107962     INFO  main            d.u.i.k.p.i.AbstractProblemLoader Loading environment from /home/runner/work/key/key/key.core/../key.ui/examples/heap/SmansEtAl/Iterator_footprint.key 
107962     DEBUG main            d.u.i.k.p.i.AbstractProblemLoader Environment load took 231.21ns 
107963     INFO  main            d.u.i.k.p.i.AbstractProblemLoader Creating init config 
110720     DEBUG main            d.u.i.k.p.i.AbstractProblemLoader Init config took 2.76s 
110757     INFO  main            d.u.i.k.p.i.AbstractProblemLoader Replaying proof Iterator[Iterator::$footprint()].JML accessible clause.0 
110759     DEBUG main            d.u.i.k.p.i.IntermediateProofReplayer Proof replay took 6.7ns 
110861     INFO  main            d.u.i.k.p.r.p.TestFile    ... finished proof: closed. 
111087     INFO  main            d.u.i.k.p.i.AbstractProblemLoader Loading environment from /home/runner/work/key/key/key.core/../key.ui/examples/heap/SmansEtAl/Iterator_footprint.key.proof 
111087     DEBUG main            d.u.i.k.p.i.AbstractProblemLoader Environment load took 275.81ns 
111088     INFO  main            d.u.i.k.p.i.AbstractProblemLoader Creating init config 
113823     DEBUG main            d.u.i.k.p.i.AbstractProblemLoader Init config took 2.74s 
113871     INFO  main            d.u.i.k.p.i.AbstractProblemLoader Replaying proof Iterator[Iterator::$footprint()].JML accessible clause.0 
113880     DEBUG main            d.u.i.k.p.i.IntermediateProofReplayer Proof replay took 6.42ms 
113881     DEBUG main            d.u.i.k.p.r.p.TestFile    ... success: reloaded. 
113882     INFO  main            d.u.i.k.p.r.p.TestFile    Now processing file /home/runner/work/key/key/key.core/../key.ui/examples/heap/SmansEtAl/Iterator_hasNext_dep.key 
113882     INFO  main            d.u.i.k.p.i.AbstractProblemLoader Loading environment from /home/runner/work/key/key/key.core/../key.ui/examples/heap/SmansEtAl/Iterator_hasNext_dep.key 
113883     DEBUG main            d.u.i.k.p.i.AbstractProblemLoader Environment load took 227ns 
113884     INFO  main            d.u.i.k.p.i.AbstractProblemLoader Creating init config 
116583     DEBUG main            d.u.i.k.p.i.AbstractProblemLoader Init config took 2.7s 
116618     INFO  main            d.u.i.k.p.i.AbstractProblemLoader Replaying proof Iterator[Iterator::hasNext()].JML accessible clause.0 
116620     DEBUG main            d.u.i.k.p.i.IntermediateProofReplayer Proof replay took 6.8ns 
117226     INFO  main            d.u.i.k.p.r.p.TestFile    ... finished proof: closed. 
117480     INFO  main            d.u.i.k.p.i.AbstractProblemLoader Loading environment from /home/runner/work/key/key/key.core/../key.ui/examples/heap/SmansEtAl/Iterator_hasNext_dep.key.proof 
117480     DEBUG main            d.u.i.k.p.i.AbstractProblemLoader Environment load took 171.2ns 
117481     INFO  main            d.u.i.k.p.i.AbstractProblemLoader Creating init config 
120164     DEBUG main            d.u.i.k.p.i.AbstractProblemLoader Init config took 2.68s 
120210     INFO  main            d.u.i.k.p.i.AbstractProblemLoader Replaying proof Iterator[Iterator::hasNext()].JML accessible clause.0 
120302     DEBUG main            d.u.i.k.p.i.IntermediateProofReplayer Proof replay took 86.36ms 
120303     DEBUG main            d.u.i.k.p.r.p.TestFile    ... success: reloaded. 
120304     INFO  main            d.u.i.k.p.r.p.TestFile    Now processing file /home/runner/work/key/key/key.core/../key.ui/examples/heap/SmansEtAl/Iterator_hasNext.key 
120304     INFO  main            d.u.i.k.p.i.AbstractProblemLoader Loading environment from /home/runner/work/key/key/key.core/../key.ui/examples/heap/SmansEtAl/Iterator_hasNext.key 
120304     DEBUG main            d.u.i.k.p.i.AbstractProblemLoader Environment load took 91.3ns 
120305     INFO  main            d.u.i.k.p.i.AbstractProblemLoader Creating init config 
123060     DEBUG main            d.u.i.k.p.i.AbstractProblemLoader Init config took 2.76s 
123096     INFO  main            d.u.i.k.p.i.AbstractProblemLoader Replaying proof Iterator[Iterator::hasNext()].JML normal_behavior operation contract.0 
123098     DEBUG main            d.u.i.k.p.i.IntermediateProofReplayer Proof replay took 6.9ns 
123602     INFO  main            d.u.i.k.p.r.p.TestFile    ... finished proof: closed. 
123890     INFO  main            d.u.i.k.p.i.AbstractProblemLoader Loading environment from /home/runner/work/key/key/key.core/../key.ui/examples/heap/SmansEtAl/Iterator_hasNext.key.proof 
123890     DEBUG main            d.u.i.k.p.i.AbstractProblemLoader Environment load took 441.61ns 
123892     INFO  main            d.u.i.k.p.i.AbstractProblemLoader Creating init config 
126553     DEBUG main            d.u.i.k.p.i.AbstractProblemLoader Init config took 2.66s 
126588     INFO  main            d.u.i.k.p.i.AbstractProblemLoader Replaying proof Iterator[Iterator::hasNext()].JML normal_behavior operation contract.0 
126673     DEBUG main            d.u.i.k.p.i.IntermediateProofReplayer Proof replay took 80.29ms 
126674     DEBUG main            d.u.i.k.p.r.p.TestFile    ... success: reloaded. 
126675     INFO  main            d.u.i.k.p.r.p.TestFile    Now processing file /home/runner/work/key/key/key.core/../key.ui/examples/heap/SmansEtAl/Iterator_inv.key 
126676     INFO  main            d.u.i.k.p.i.AbstractProblemLoader Loading environment from /home/runner/work/key/key/key.core/../key.ui/examples/heap/SmansEtAl/Iterator_inv.key 
126676     DEBUG main            d.u.i.k.p.i.AbstractProblemLoader Environment load took 120.5ns 
126676     INFO  main            d.u.i.k.p.i.AbstractProblemLoader Creating init config 
129443     DEBUG main            d.u.i.k.p.i.AbstractProblemLoader Init config took 2.77s 
129480     INFO  main            d.u.i.k.p.i.AbstractProblemLoader Replaying proof Iterator[java.lang.Object::<inv>()].JML accessible clause.0 
129482     DEBUG main            d.u.i.k.p.i.IntermediateProofReplayer Proof replay took 7.8ns 
129684     INFO  main            d.u.i.k.p.r.p.TestFile    ... finished proof: closed. 
129945     INFO  main            d.u.i.k.p.i.AbstractProblemLoader Loading environment from /home/runner/work/key/key/key.core/../key.ui/examples/heap/SmansEtAl/Iterator_inv.key.proof 
129945     DEBUG main            d.u.i.k.p.i.AbstractProblemLoader Environment load took 113.6ns 
129946     INFO  main            d.u.i.k.p.i.AbstractProblemLoader Creating init config 
132603     DEBUG main            d.u.i.k.p.i.AbstractProblemLoader Init config took 2.66s 
132637     INFO  main            d.u.i.k.p.i.AbstractProblemLoader Replaying proof Iterator[java.lang.Object::<inv>()].JML accessible clause.0 
132663     DEBUG main            d.u.i.k.p.i.IntermediateProofReplayer Proof replay took 23.29ms 
132664     DEBUG main            d.u.i.k.p.r.p.TestFile    ... success: reloaded. 
132665     INFO  main            d.u.i.k.p.r.p.TestFile    Now processing file /home/runner/work/key/key/key.core/../key.ui/examples/heap/SmansEtAl/Iterator_Iterator.key 
132665     INFO  main            d.u.i.k.p.i.AbstractProblemLoader Loading environment from /home/runner/work/key/key/key.core/../key.ui/examples/heap/SmansEtAl/Iterator_Iterator.key 
132665     DEBUG main            d.u.i.k.p.i.AbstractProblemLoader Environment load took 83.4ns 
132666     INFO  main            d.u.i.k.p.i.AbstractProblemLoader Creating init config 
135421     DEBUG main            d.u.i.k.p.i.AbstractProblemLoader Init config took 2.76s 
135456     INFO  main            d.u.i.k.p.i.AbstractProblemLoader Replaying proof Iterator[Iterator::Iterator(ArrayList)].JML normal_behavior operation contract.0 
135457     DEBUG main            d.u.i.k.p.i.IntermediateProofReplayer Proof replay took 7ns 
136879     INFO  main            d.u.i.k.p.r.p.TestFile    ... finished proof: closed. 
137156     INFO  main            d.u.i.k.p.i.AbstractProblemLoader Loading environment from /home/runner/work/key/key/key.core/../key.ui/examples/heap/SmansEtAl/Iterator_Iterator.key.proof 
137156     DEBUG main            d.u.i.k.p.i.AbstractProblemLoader Environment load took 126.2ns 
137157     INFO  main            d.u.i.k.p.i.AbstractProblemLoader Creating init config 
139846     DEBUG main            d.u.i.k.p.i.AbstractProblemLoader Init config took 2.69s 
139881     INFO  main            d.u.i.k.p.i.AbstractProblemLoader Replaying proof Iterator[Iterator::Iterator(ArrayList)].JML normal_behavior operation contract.0 
140064     DEBUG main            d.u.i.k.p.i.IntermediateProofReplayer Proof replay took 171.67ms 
140065     DEBUG main            d.u.i.k.p.r.p.TestFile    ... success: reloaded. 
140066     INFO  main            d.u.i.k.p.r.p.TestFile    Now processing file /home/runner/work/key/key/key.core/../key.ui/examples/heap/SmansEtAl/Iterator_list_dep.key 
140067     INFO  main            d.u.i.k.p.i.AbstractProblemLoader Loading environment from /home/runner/work/key/key/key.core/../key.ui/examples/heap/SmansEtAl/Iterator_list_dep.key 
140067     DEBUG main            d.u.i.k.p.i.AbstractProblemLoader Environment load took 250.61ns 
140068     INFO  main            d.u.i.k.p.i.AbstractProblemLoader Creating init config 
142848     DEBUG main            d.u.i.k.p.i.AbstractProblemLoader Init config took 2.78s 
142883     INFO  main            d.u.i.k.p.i.AbstractProblemLoader Replaying proof Iterator[Iterator::list()].JML accessible clause.0 
142884     DEBUG main            d.u.i.k.p.i.IntermediateProofReplayer Proof replay took 6.8ns 
142988     INFO  main            d.u.i.k.p.r.p.TestFile    ... finished proof: closed. 
143247     INFO  main            d.u.i.k.p.i.AbstractProblemLoader Loading environment from /home/runner/work/key/key/key.core/../key.ui/examples/heap/SmansEtAl/Iterator_list_dep.key.proof 
143247     DEBUG main            d.u.i.k.p.i.AbstractProblemLoader Environment load took 111.7ns 
143248     INFO  main            d.u.i.k.p.i.AbstractProblemLoader Creating init config 
145915     DEBUG main            d.u.i.k.p.i.AbstractProblemLoader Init config took 2.67s 
145949     INFO  main            d.u.i.k.p.i.AbstractProblemLoader Replaying proof Iterator[Iterator::list()].JML accessible clause.0 
145969     DEBUG main            d.u.i.k.p.i.IntermediateProofReplayer Proof replay took 17.21ms 
145970     DEBUG main            d.u.i.k.p.r.p.TestFile    ... success: reloaded. 
145971     INFO  main            d.u.i.k.p.r.p.TestFile    Now processing file /home/runner/work/key/key/key.core/../key.ui/examples/heap/SmansEtAl/Iterator_list.key 
145971     INFO  main            d.u.i.k.p.i.AbstractProblemLoader Loading environment from /home/runner/work/key/key/key.core/../key.ui/examples/heap/SmansEtAl/Iterator_list.key 
145971     DEBUG main            d.u.i.k.p.i.AbstractProblemLoader Environment load took 101.6ns 
145972     INFO  main            d.u.i.k.p.i.AbstractProblemLoader Creating init config 
148707     DEBUG main            d.u.i.k.p.i.AbstractProblemLoader Init config took 2.73s 
148760     INFO  main            d.u.i.k.p.i.AbstractProblemLoader Replaying proof Iterator[Iterator::list()].JML normal_behavior operation contract.0 
148761     DEBUG main            d.u.i.k.p.i.IntermediateProofReplayer Proof replay took 6.6ns 
148864     INFO  main            d.u.i.k.p.r.p.TestFile    ... finished proof: closed. 
149142     INFO  main            d.u.i.k.p.i.AbstractProblemLoader Loading environment from /home/runner/work/key/key/key.core/../key.ui/examples/heap/SmansEtAl/Iterator_list.key.proof 
149143     DEBUG main            d.u.i.k.p.i.AbstractProblemLoader Environment load took 125.7ns 
149144     INFO  main            d.u.i.k.p.i.AbstractProblemLoader Creating init config 
151790     DEBUG main            d.u.i.k.p.i.AbstractProblemLoader Init config took 2.65s 
151826     INFO  main            d.u.i.k.p.i.AbstractProblemLoader Replaying proof Iterator[Iterator::list()].JML normal_behavior operation contract.0 
151842     DEBUG main            d.u.i.k.p.i.IntermediateProofReplayer Proof replay took 14.77ms 
151843     DEBUG main            d.u.i.k.p.r.p.TestFile    ... success: reloaded. 
151844     INFO  main            d.u.i.k.p.r.p.TestFile    Now processing file /home/runner/work/key/key/key.core/../key.ui/examples/heap/SmansEtAl/Iterator_next.key 
151845     INFO  main            d.u.i.k.p.i.AbstractProblemLoader Loading environment from /home/runner/work/key/key/key.core/../key.ui/examples/heap/SmansEtAl/Iterator_next.key 
151845     DEBUG main            d.u.i.k.p.i.AbstractProblemLoader Environment load took 62.6ns 
151845     INFO  main            d.u.i.k.p.i.AbstractProblemLoader Creating init config 
154595     DEBUG main            d.u.i.k.p.i.AbstractProblemLoader Init config took 2.75s 
154630     INFO  main            d.u.i.k.p.i.AbstractProblemLoader Replaying proof Iterator[Iterator::next()].JML normal_behavior operation contract.0 
154631     DEBUG main            d.u.i.k.p.i.IntermediateProofReplayer Proof replay took 6.9ns 
157452     INFO  main            d.u.i.k.p.r.p.TestFile    ... finished proof: closed. 
157821     INFO  main            d.u.i.k.p.i.AbstractProblemLoader Loading environment from /home/runner/work/key/key/key.core/../key.ui/examples/heap/SmansEtAl/Iterator_next.key.proof 
157821     DEBUG main            d.u.i.k.p.i.AbstractProblemLoader Environment load took 130.9ns 
157823     INFO  main            d.u.i.k.p.i.AbstractProblemLoader Creating init config 
160524     DEBUG main            d.u.i.k.p.i.AbstractProblemLoader Init config took 2.7s 
160559     INFO  main            d.u.i.k.p.i.AbstractProblemLoader Replaying proof Iterator[Iterator::next()].JML normal_behavior operation contract.0 
160924     DEBUG main            d.u.i.k.p.i.IntermediateProofReplayer Proof replay took 350.7ms 
160926     DEBUG main            d.u.i.k.p.r.p.TestFile    ... success: reloaded. 
160927     INFO  main            d.u.i.k.p.r.p.TestFile    Now processing file /home/runner/work/key/key/key.core/../key.ui/examples/heap/SmansEtAl/Stack_footprint.key 
160927     INFO  main            d.u.i.k.p.i.AbstractProblemLoader Loading environment from /home/runner/work/key/key/key.core/../key.ui/examples/heap/SmansEtAl/Stack_footprint.key 
160927     DEBUG main            d.u.i.k.p.i.AbstractProblemLoader Environment load took 93.6ns 
160928     INFO  main            d.u.i.k.p.i.AbstractProblemLoader Creating init config 
163645     DEBUG main            d.u.i.k.p.i.AbstractProblemLoader Init config took 2.72s 
163678     INFO  main            d.u.i.k.p.i.AbstractProblemLoader Replaying proof Stack[Stack::$footprint()].JML accessible clause.0 
163680     DEBUG main            d.u.i.k.p.i.IntermediateProofReplayer Proof replay took 8ns 
163885     INFO  main            d.u.i.k.p.r.p.TestFile    ... finished proof: closed. 
164164     INFO  main            d.u.i.k.p.i.AbstractProblemLoader Loading environment from /home/runner/work/key/key/key.core/../key.ui/examples/heap/SmansEtAl/Stack_footprint.key.proof 
164164     DEBUG main            d.u.i.k.p.i.AbstractProblemLoader Environment load took 113.4ns 
164165     INFO  main            d.u.i.k.p.i.AbstractProblemLoader Creating init config 
166832     DEBUG main            d.u.i.k.p.i.AbstractProblemLoader Init config took 2.67s 
166865     INFO  main            d.u.i.k.p.i.AbstractProblemLoader Replaying proof Stack[Stack::$footprint()].JML accessible clause.0 
166899     DEBUG main            d.u.i.k.p.i.IntermediateProofReplayer Proof replay took 30.09ms 
166901     DEBUG main            d.u.i.k.p.r.p.TestFile    ... success: reloaded. 
166903     INFO  main            d.u.i.k.p.r.p.TestFile    Now processing file /home/runner/work/key/key/key.core/../key.ui/examples/heap/SmansEtAl/Stack_inv.key 
166903     INFO  main            d.u.i.k.p.i.AbstractProblemLoader Loading environment from /home/runner/work/key/key/key.core/../key.ui/examples/heap/SmansEtAl/Stack_inv.key 
166903     DEBUG main            d.u.i.k.p.i.AbstractProblemLoader Environment load took 213.1ns 
166905     INFO  main            d.u.i.k.p.i.AbstractProblemLoader Creating init config 
169631     DEBUG main            d.u.i.k.p.i.AbstractProblemLoader Init config took 2.73s 
169663     INFO  main            d.u.i.k.p.i.AbstractProblemLoader Replaying proof Stack[java.lang.Object::<inv>()].JML accessible clause.0 
169665     DEBUG main            d.u.i.k.p.i.IntermediateProofReplayer Proof replay took 7.1ns 
169767     INFO  main            d.u.i.k.p.r.p.TestFile    ... finished proof: closed. 
170046     INFO  main            d.u.i.k.p.i.AbstractProblemLoader Loading environment from /home/runner/work/key/key/key.core/../key.ui/examples/heap/SmansEtAl/Stack_inv.key.proof 
170046     DEBUG main            d.u.i.k.p.i.AbstractProblemLoader Environment load took 113.6ns 
170047     INFO  main            d.u.i.k.p.i.AbstractProblemLoader Creating init config 
172696     DEBUG main            d.u.i.k.p.i.AbstractProblemLoader Init config took 2.65s 
172728     INFO  main            d.u.i.k.p.i.AbstractProblemLoader Replaying proof Stack[java.lang.Object::<inv>()].JML accessible clause.0 
172740     DEBUG main            d.u.i.k.p.i.IntermediateProofReplayer Proof replay took 9.65ms 
172740     DEBUG main            d.u.i.k.p.r.p.TestFile    ... success: reloaded. 
172741     INFO  main            d.u.i.k.p.r.p.TestFile    Now processing file /home/runner/work/key/key/key.core/../key.ui/examples/heap/SmansEtAl/Stack_push.key 
172742     INFO  main            d.u.i.k.p.i.AbstractProblemLoader Loading environment from /home/runner/work/key/key/key.core/../key.ui/examples/heap/SmansEtAl/Stack_push.key 
172742     DEBUG main            d.u.i.k.p.i.AbstractProblemLoader Environment load took 221.41ns 
172743     INFO  main            d.u.i.k.p.i.AbstractProblemLoader Creating init config 
175455     DEBUG main            d.u.i.k.p.i.AbstractProblemLoader Init config took 2.71s 
175489     INFO  main            d.u.i.k.p.i.AbstractProblemLoader Replaying proof Stack[Stack::push(java.lang.Object)].JML normal_behavior operation contract.0 
175491     DEBUG main            d.u.i.k.p.i.IntermediateProofReplayer Proof replay took 6.5ns 
176294     INFO  main            d.u.i.k.p.r.p.TestFile    ... finished proof: closed. 
176578     INFO  main            d.u.i.k.p.i.AbstractProblemLoader Loading environment from /home/runner/work/key/key/key.core/../key.ui/examples/heap/SmansEtAl/Stack_push.key.proof 
176579     DEBUG main            d.u.i.k.p.i.AbstractProblemLoader Environment load took 515.31ns 
176580     INFO  main            d.u.i.k.p.i.AbstractProblemLoader Creating init config 
179228     DEBUG main            d.u.i.k.p.i.AbstractProblemLoader Init config took 2.65s 
179262     INFO  main            d.u.i.k.p.i.AbstractProblemLoader Replaying proof Stack[Stack::push(java.lang.Object)].JML normal_behavior operation contract.0 
179377     DEBUG main            d.u.i.k.p.i.IntermediateProofReplayer Proof replay took 110.45ms 
179378     DEBUG main            d.u.i.k.p.r.p.TestFile    ... success: reloaded. 
179379     INFO  main            d.u.i.k.p.r.p.TestFile    Now processing file /home/runner/work/key/key/key.core/../key.ui/examples/heap/SmansEtAl/Stack_size.key 
179380     INFO  main            d.u.i.k.p.i.AbstractProblemLoader Loading environment from /home/runner/work/key/key/key.core/../key.ui/examples/heap/SmansEtAl/Stack_size.key 
179380     DEBUG main            d.u.i.k.p.i.AbstractProblemLoader Environment load took 215.1ns 
179381     INFO  main            d.u.i.k.p.i.AbstractProblemLoader Creating init config 
182101     DEBUG main            d.u.i.k.p.i.AbstractProblemLoader Init config took 2.72s 
182138     INFO  main            d.u.i.k.p.i.AbstractProblemLoader Replaying proof Stack[Stack::size()].JML accessible clause.0 
182140     DEBUG main            d.u.i.k.p.i.IntermediateProofReplayer Proof replay took 7.7ns 
182442     INFO  main            d.u.i.k.p.r.p.TestFile    ... finished proof: closed. 
182724     INFO  main            d.u.i.k.p.i.AbstractProblemLoader Loading environment from /home/runner/work/key/key/key.core/../key.ui/examples/heap/SmansEtAl/Stack_size.key.proof 
182724     DEBUG main            d.u.i.k.p.i.AbstractProblemLoader Environment load took 103.4ns 
182725     INFO  main            d.u.i.k.p.i.AbstractProblemLoader Creating init config 
185371     DEBUG main            d.u.i.k.p.i.AbstractProblemLoader Init config took 2.65s 
185404     INFO  main            d.u.i.k.p.i.AbstractProblemLoader Replaying proof Stack[Stack::size()].JML accessible clause.0 
185445     DEBUG main            d.u.i.k.p.i.IntermediateProofReplayer Proof replay took 38.82ms 
185447     DEBUG main            d.u.i.k.p.r.p.TestFile    ... success: reloaded. 
185448     INFO  main            d.u.i.k.p.r.p.TestFile    Now processing file /home/runner/work/key/key/key.core/../key.ui/examples/heap/SmansEtAl/Stack_Stack.key 
185448     INFO  main            d.u.i.k.p.i.AbstractProblemLoader Loading environment from /home/runner/work/key/key/key.core/../key.ui/examples/heap/SmansEtAl/Stack_Stack.key 
185448     DEBUG main            d.u.i.k.p.i.AbstractProblemLoader Environment load took 208.5ns 
185449     INFO  main            d.u.i.k.p.i.AbstractProblemLoader Creating init config 
188149     DEBUG main            d.u.i.k.p.i.AbstractProblemLoader Init config took 2.7s 
188184     INFO  main            d.u.i.k.p.i.AbstractProblemLoader Replaying proof Stack[Stack::Stack()].JML normal_behavior operation contract.0 
188186     DEBUG main            d.u.i.k.p.i.IntermediateProofReplayer Proof replay took 7.7ns 
189292     INFO  main            d.u.i.k.p.r.p.TestFile    ... finished proof: closed. 
189609     INFO  main            d.u.i.k.p.i.AbstractProblemLoader Loading environment from /home/runner/work/key/key/key.core/../key.ui/examples/heap/SmansEtAl/Stack_Stack.key.proof 
189609     DEBUG main            d.u.i.k.p.i.AbstractProblemLoader Environment load took 109.4ns 
189610     INFO  main            d.u.i.k.p.i.AbstractProblemLoader Creating init config 
192268     DEBUG main            d.u.i.k.p.i.AbstractProblemLoader Init config took 2.66s 
192302     INFO  main            d.u.i.k.p.i.AbstractProblemLoader Replaying proof Stack[Stack::Stack()].JML normal_behavior operation contract.0 
192497     DEBUG main            d.u.i.k.p.i.IntermediateProofReplayer Proof replay took 189.49ms 
192498     DEBUG main            d.u.i.k.p.r.p.TestFile    ... success: reloaded. 
192499     INFO  main            d.u.i.k.p.r.p.TestFile    Now processing file /home/runner/work/key/key/key.core/../key.ui/examples/heap/SmansEtAl/Stack_switchContents.key 
192499     INFO  main            d.u.i.k.p.i.AbstractProblemLoader Loading environment from /home/runner/work/key/key/key.core/../key.ui/examples/heap/SmansEtAl/Stack_switchContents.key 
192500     DEBUG main            d.u.i.k.p.i.AbstractProblemLoader Environment load took 70.6ns 
192500     INFO  main            d.u.i.k.p.i.AbstractProblemLoader Creating init config 
195221     DEBUG main            d.u.i.k.p.i.AbstractProblemLoader Init config took 2.72s 
195254     INFO  main            d.u.i.k.p.i.AbstractProblemLoader Replaying proof Stack[Stack::switchContents(Stack)].JML normal_behavior operation contract.0 
195255     DEBUG main            d.u.i.k.p.i.IntermediateProofReplayer Proof replay took 6.8ns 
200028     INFO  main            d.u.i.k.p.r.p.TestFile    ... finished proof: closed. 
200357     INFO  main            d.u.i.k.p.i.AbstractProblemLoader Loading environment from /home/runner/work/key/key/key.core/../key.ui/examples/heap/SmansEtAl/Stack_switchContents.key.proof 
200357     DEBUG main            d.u.i.k.p.i.AbstractProblemLoader Environment load took 110.1ns 
200361     INFO  main            d.u.i.k.p.i.AbstractProblemLoader Creating init config 
203017     DEBUG main            d.u.i.k.p.i.AbstractProblemLoader Init config took 2.66s 
203052     INFO  main            d.u.i.k.p.i.AbstractProblemLoader Replaying proof Stack[Stack::switchContents(Stack)].JML normal_behavior operation contract.0 
203526     DEBUG main            d.u.i.k.p.i.IntermediateProofReplayer Proof replay took 459.45ms 
203528     DEBUG main            d.u.i.k.p.r.p.TestFile    ... success: reloaded. 
2124486    INFO  Test worker     d.u.i.k.p.r.RunAllProofsTestUnit Returning from test SmansEtAl 
2124487    INFO  Test worker     d.u.i.k.p.r.RunAllProofsTestUnit Running test VACID0 
357        INFO  Timeout watchdog d.u.i.k.p.r.p.ForkedTestFileRunner Timeout watcher launched (2000 secs.) 
373        WARN  main            d.u.i.k.s.ProofSettings   The settings in /home/runner/.key/proof-settings.props are *not* read. 
420        INFO  main            d.u.i.k.p.r.p.TestFile    Now processing file /home/runner/work/key/key/key.core/../key.ui/examples/heap/vacid0_01_SparseArray/Harness_sparseArrayTestHarness1.key 
548        INFO  main            d.u.i.k.p.i.AbstractProblemLoader Loading environment from /home/runner/work/key/key/key.core/../key.ui/examples/heap/vacid0_01_SparseArray/Harness_sparseArrayTestHarness1.key 
570        DEBUG main            d.u.i.k.p.i.AbstractProblemLoader Environment load took 2.31ms 
794        INFO  main            d.u.i.k.p.i.AbstractProblemLoader Creating init config 
1615       DEBUG main            d.u.i.k.j.TypeConverter   No LDT found for Meta 
1616       DEBUG main            d.u.i.k.j.TypeConverter   No LDT found for Meta 
1617       DEBUG main            d.u.i.k.j.TypeConverter   No LDT found for Meta 
1617       DEBUG main            d.u.i.k.j.TypeConverter   No LDT found for Meta 
2728       DEBUG main            d.u.i.k.j.TypeConverter   No LDT found for JavaBigintExpression 
8138       DEBUG main            d.u.i.k.p.i.AbstractProblemLoader Init config took 7.34s 
8318       INFO  main            d.u.i.k.p.i.AbstractProblemLoader Replaying proof Harness[Harness::sparseArrayTestHarness1()].JML normal_behavior operation contract.0 
8355       DEBUG main            d.u.i.k.p.i.IntermediateProofReplayer Proof replay took 34.4ns 
9786       INFO  main            d.u.i.k.p.r.p.TestFile    ... finished proof: closed. 
9920       INFO  main            d.u.i.k.p.i.AbstractProblemLoader Loading environment from /home/runner/work/key/key/key.core/../key.ui/examples/heap/vacid0_01_SparseArray/Harness_sparseArrayTestHarness1.key.proof 
9923       DEBUG main            d.u.i.k.p.i.AbstractProblemLoader Environment load took 3.39ms 
9926       INFO  main            d.u.i.k.p.i.AbstractProblemLoader Creating init config 
12762      DEBUG main            d.u.i.k.p.i.AbstractProblemLoader Init config took 2.84s 
12844      INFO  main            d.u.i.k.p.i.AbstractProblemLoader Replaying proof Harness[Harness::sparseArrayTestHarness1()].JML normal_behavior operation contract.0 
13021      DEBUG main            d.u.i.k.p.i.IntermediateProofReplayer Proof replay took 168.44ms 
13029      DEBUG main            d.u.i.k.p.r.p.TestFile    ... success: reloaded. 
13030      INFO  main            d.u.i.k.p.r.p.TestFile    Now processing file /home/runner/work/key/key/key.core/../key.ui/examples/heap/vacid0_01_SparseArray/Harness_sparseArrayTestHarness2.key 
13031      INFO  main            d.u.i.k.p.i.AbstractProblemLoader Loading environment from /home/runner/work/key/key/key.core/../key.ui/examples/heap/vacid0_01_SparseArray/Harness_sparseArrayTestHarness2.key 
13031      DEBUG main            d.u.i.k.p.i.AbstractProblemLoader Environment load took 270.21ns 
13033      INFO  main            d.u.i.k.p.i.AbstractProblemLoader Creating init config 
15888      DEBUG main            d.u.i.k.p.i.AbstractProblemLoader Init config took 2.85s 
15947      INFO  main            d.u.i.k.p.i.AbstractProblemLoader Replaying proof Harness[Harness::sparseArrayTestHarness2()].JML normal_behavior operation contract.0 
15949      DEBUG main            d.u.i.k.p.i.IntermediateProofReplayer Proof replay took 8.2ns 
25963      INFO  main            d.u.i.k.p.r.p.TestFile    ... finished proof: closed. 
26151      INFO  main            d.u.i.k.p.i.AbstractProblemLoader Loading environment from /home/runner/work/key/key/key.core/../key.ui/examples/heap/vacid0_01_SparseArray/Harness_sparseArrayTestHarness2.key.proof 
26152      DEBUG main            d.u.i.k.p.i.AbstractProblemLoader Environment load took 475.91ns 
26163      INFO  main            d.u.i.k.p.i.AbstractProblemLoader Creating init config 
28780      DEBUG main            d.u.i.k.p.i.AbstractProblemLoader Init config took 2.62s 
28827      INFO  main            d.u.i.k.p.i.AbstractProblemLoader Replaying proof Harness[Harness::sparseArrayTestHarness2()].JML normal_behavior operation contract.0 
29977      DEBUG main            d.u.i.k.p.i.IntermediateProofReplayer Proof replay took 1.11s 
29979      DEBUG main            d.u.i.k.p.r.p.TestFile    ... success: reloaded. 
29981      INFO  main            d.u.i.k.p.r.p.TestFile    Now processing file /home/runner/work/key/key/key.core/../key.ui/examples/heap/vacid0_01_SparseArray/MemoryAllocator_alloc_unsigned.key 
29981      INFO  main            d.u.i.k.p.i.AbstractProblemLoader Loading environment from /home/runner/work/key/key/key.core/../key.ui/examples/heap/vacid0_01_SparseArray/MemoryAllocator_alloc_unsigned.key 
29982      DEBUG main            d.u.i.k.p.i.AbstractProblemLoader Environment load took 239ns 
29983      INFO  main            d.u.i.k.p.i.AbstractProblemLoader Creating init config 
32701      DEBUG main            d.u.i.k.p.i.AbstractProblemLoader Init config took 2.72s 
32746      INFO  main            d.u.i.k.p.i.AbstractProblemLoader Replaying proof MemoryAllocator[MemoryAllocator::alloc_unsigned(int)].JML normal_behavior operation contract.0 
32748      DEBUG main            d.u.i.k.p.i.IntermediateProofReplayer Proof replay took 6.2ns 
33773      INFO  main            d.u.i.k.p.r.p.TestFile    ... finished proof: closed. 
34006      INFO  main            d.u.i.k.p.i.AbstractProblemLoader Loading environment from /home/runner/work/key/key/key.core/../key.ui/examples/heap/vacid0_01_SparseArray/MemoryAllocator_alloc_unsigned.key.proof 
34006      DEBUG main            d.u.i.k.p.i.AbstractProblemLoader Environment load took 446.71ns 
34009      INFO  main            d.u.i.k.p.i.AbstractProblemLoader Creating init config 
36618      DEBUG main            d.u.i.k.p.i.AbstractProblemLoader Init config took 2.61s 
36659      INFO  main            d.u.i.k.p.i.AbstractProblemLoader Replaying proof MemoryAllocator[MemoryAllocator::alloc_unsigned(int)].JML normal_behavior operation contract.0 
36889      DEBUG main            d.u.i.k.p.i.IntermediateProofReplayer Proof replay took 224.36ms 
36890      DEBUG main            d.u.i.k.p.r.p.TestFile    ... success: reloaded. 
36892      INFO  main            d.u.i.k.p.r.p.TestFile    Now processing file /home/runner/work/key/key/key.core/../key.ui/examples/heap/vacid0_01_SparseArray/MemoryAllocator_alloc.key 
36892      INFO  main            d.u.i.k.p.i.AbstractProblemLoader Loading environment from /home/runner/work/key/key/key.core/../key.ui/examples/heap/vacid0_01_SparseArray/MemoryAllocator_alloc.key 
36892      DEBUG main            d.u.i.k.p.i.AbstractProblemLoader Environment load took 227.41ns 
36894      INFO  main            d.u.i.k.p.i.AbstractProblemLoader Creating init config 
39473      DEBUG main            d.u.i.k.p.i.AbstractProblemLoader Init config took 2.58s 
39514      INFO  main            d.u.i.k.p.i.AbstractProblemLoader Replaying proof MemoryAllocator[MemoryAllocator::alloc(int)].JML normal_behavior operation contract.0 
39516      DEBUG main            d.u.i.k.p.i.IntermediateProofReplayer Proof replay took 5.9ns 
40120      INFO  main            d.u.i.k.p.r.p.TestFile    ... finished proof: closed. 
40275      INFO  main            d.u.i.k.p.i.AbstractProblemLoader Loading environment from /home/runner/work/key/key/key.core/../key.ui/examples/heap/vacid0_01_SparseArray/MemoryAllocator_alloc.key.proof 
40275      DEBUG main            d.u.i.k.p.i.AbstractProblemLoader Environment load took 543.31ns 
40276      INFO  main            d.u.i.k.p.i.AbstractProblemLoader Creating init config 
42800      DEBUG main            d.u.i.k.p.i.AbstractProblemLoader Init config took 2.52s 
42842      INFO  main            d.u.i.k.p.i.AbstractProblemLoader Replaying proof MemoryAllocator[MemoryAllocator::alloc(int)].JML normal_behavior operation contract.0 
42978      DEBUG main            d.u.i.k.p.i.IntermediateProofReplayer Proof replay took 130.92ms 
42979      DEBUG main            d.u.i.k.p.r.p.TestFile    ... success: reloaded. 
42980      INFO  main            d.u.i.k.p.r.p.TestFile    Now processing file /home/runner/work/key/key/key.core/../key.ui/examples/heap/vacid0_01_SparseArray/SparseArray_get_dep.key 
42980      INFO  main            d.u.i.k.p.i.AbstractProblemLoader Loading environment from /home/runner/work/key/key/key.core/../key.ui/examples/heap/vacid0_01_SparseArray/SparseArray_get_dep.key 
42981      DEBUG main            d.u.i.k.p.i.AbstractProblemLoader Environment load took 169.6ns 
42982      INFO  main            d.u.i.k.p.i.AbstractProblemLoader Creating init config 
45584      DEBUG main            d.u.i.k.p.i.AbstractProblemLoader Init config took 2.6s 
45644      INFO  main            d.u.i.k.p.i.AbstractProblemLoader Replaying proof SparseArray[SparseArray::get(int)].JML accessible clause.0 
45646      DEBUG main            d.u.i.k.p.i.IntermediateProofReplayer Proof replay took 5.9ns 
48776      INFO  main            d.u.i.k.p.r.p.TestFile    ... finished proof: closed. 
48983      INFO  main            d.u.i.k.p.i.AbstractProblemLoader Loading environment from /home/runner/work/key/key/key.core/../key.ui/examples/heap/vacid0_01_SparseArray/SparseArray_get_dep.key.proof 
48984      DEBUG main            d.u.i.k.p.i.AbstractProblemLoader Environment load took 497.11ns 
48985      INFO  main            d.u.i.k.p.i.AbstractProblemLoader Creating init config 
51480      DEBUG main            d.u.i.k.p.i.AbstractProblemLoader Init config took 2.5s 
51539      INFO  main            d.u.i.k.p.i.AbstractProblemLoader Replaying proof SparseArray[SparseArray::get(int)].JML accessible clause.0 
51878      DEBUG main            d.u.i.k.p.i.IntermediateProofReplayer Proof replay took 327.16ms 
51880      DEBUG main            d.u.i.k.p.r.p.TestFile    ... success: reloaded. 
51881      INFO  main            d.u.i.k.p.r.p.TestFile    Now processing file /home/runner/work/key/key/key.core/../key.ui/examples/heap/vacid0_01_SparseArray/SparseArray_get.key 
51882      INFO  main            d.u.i.k.p.i.AbstractProblemLoader Loading environment from /home/runner/work/key/key/key.core/../key.ui/examples/heap/vacid0_01_SparseArray/SparseArray_get.key 
51882      DEBUG main            d.u.i.k.p.i.AbstractProblemLoader Environment load took 245.81ns 
51883      INFO  main            d.u.i.k.p.i.AbstractProblemLoader Creating init config 
54502      DEBUG main            d.u.i.k.p.i.AbstractProblemLoader Init config took 2.62s 
54560      INFO  main            d.u.i.k.p.i.AbstractProblemLoader Replaying proof SparseArray[SparseArray::get(int)].JML normal_behavior operation contract.0 
54562      DEBUG main            d.u.i.k.p.i.IntermediateProofReplayer Proof replay took 6.1ns 
56800      INFO  main            d.u.i.k.p.r.p.TestFile    ... finished proof: closed. 
56985      INFO  main            d.u.i.k.p.i.AbstractProblemLoader Loading environment from /home/runner/work/key/key/key.core/../key.ui/examples/heap/vacid0_01_SparseArray/SparseArray_get.key.proof 
56985      DEBUG main            d.u.i.k.p.i.AbstractProblemLoader Environment load took 439.91ns 
56987      INFO  main            d.u.i.k.p.i.AbstractProblemLoader Creating init config 
59496      DEBUG main            d.u.i.k.p.i.AbstractProblemLoader Init config took 2.51s 
59553      INFO  main            d.u.i.k.p.i.AbstractProblemLoader Replaying proof SparseArray[SparseArray::get(int)].JML normal_behavior operation contract.0 
59865      DEBUG main            d.u.i.k.p.i.IntermediateProofReplayer Proof replay took 287.89ms 
59866      DEBUG main            d.u.i.k.p.r.p.TestFile    ... success: reloaded. 
59868      INFO  main            d.u.i.k.p.r.p.TestFile    Now processing file /home/runner/work/key/key/key.core/../key.ui/examples/heap/vacid0_01_SparseArray/SparseArray_inv.key 
59868      INFO  main            d.u.i.k.p.i.AbstractProblemLoader Loading environment from /home/runner/work/key/key/key.core/../key.ui/examples/heap/vacid0_01_SparseArray/SparseArray_inv.key 
59869      DEBUG main            d.u.i.k.p.i.AbstractProblemLoader Environment load took 231.61ns 
59870      INFO  main            d.u.i.k.p.i.AbstractProblemLoader Creating init config 
62448      DEBUG main            d.u.i.k.p.i.AbstractProblemLoader Init config took 2.58s 
62502      INFO  main            d.u.i.k.p.i.AbstractProblemLoader Replaying proof SparseArray[java.lang.Object::<inv>()].JML accessible clause.0 
62503      DEBUG main            d.u.i.k.p.i.IntermediateProofReplayer Proof replay took 5.6ns 
64408      INFO  main            d.u.i.k.p.r.p.TestFile    ... finished proof: closed. 
64591      INFO  main            d.u.i.k.p.i.AbstractProblemLoader Loading environment from /home/runner/work/key/key/key.core/../key.ui/examples/heap/vacid0_01_SparseArray/SparseArray_inv.key.proof 
64592      DEBUG main            d.u.i.k.p.i.AbstractProblemLoader Environment load took 148.9ns 
64593      INFO  main            d.u.i.k.p.i.AbstractProblemLoader Creating init config 
67099      DEBUG main            d.u.i.k.p.i.AbstractProblemLoader Init config took 2.51s 
67153      INFO  main            d.u.i.k.p.i.AbstractProblemLoader Replaying proof SparseArray[java.lang.Object::<inv>()].JML accessible clause.0 
67281      DEBUG main            d.u.i.k.p.i.IntermediateProofReplayer Proof replay took 123.91ms 
67282      DEBUG main            d.u.i.k.p.r.p.TestFile    ... success: reloaded. 
67283      INFO  main            d.u.i.k.p.r.p.TestFile    Now processing file /home/runner/work/key/key/key.core/../key.ui/examples/heap/vacid0_01_SparseArray/SparseArray_SparseArray.key 
67284      INFO  main            d.u.i.k.p.i.AbstractProblemLoader Loading environment from /home/runner/work/key/key/key.core/../key.ui/examples/heap/vacid0_01_SparseArray/SparseArray_SparseArray.key 
67284      DEBUG main            d.u.i.k.p.i.AbstractProblemLoader Environment load took 128ns 
67285      INFO  main            d.u.i.k.p.i.AbstractProblemLoader Creating init config 
69793      DEBUG main            d.u.i.k.p.i.AbstractProblemLoader Init config took 2.51s 
69847      INFO  main            d.u.i.k.p.i.AbstractProblemLoader Replaying proof SparseArray[SparseArray::SparseArray(int)].JML normal_behavior operation contract.0 
69849      DEBUG main            d.u.i.k.p.i.IntermediateProofReplayer Proof replay took 6.2ns 
73296      INFO  main            d.u.i.k.p.r.p.TestFile    ... finished proof: closed. 
73515      INFO  main            d.u.i.k.p.i.AbstractProblemLoader Loading environment from /home/runner/work/key/key/key.core/../key.ui/examples/heap/vacid0_01_SparseArray/SparseArray_SparseArray.key.proof 
73516      DEBUG main            d.u.i.k.p.i.AbstractProblemLoader Environment load took 441.61ns 
73517      INFO  main            d.u.i.k.p.i.AbstractProblemLoader Creating init config 
75978      DEBUG main            d.u.i.k.p.i.AbstractProblemLoader Init config took 2.46s 
76043      INFO  main            d.u.i.k.p.i.AbstractProblemLoader Replaying proof SparseArray[SparseArray::SparseArray(int)].JML normal_behavior operation contract.0 
76553      DEBUG main            d.u.i.k.p.i.IntermediateProofReplayer Proof replay took 500.72ms 
76555      DEBUG main            d.u.i.k.p.r.p.TestFile    ... success: reloaded. 
2201226    INFO  Test worker     d.u.i.k.p.r.RunAllProofsTestUnit Returning from test VACID0 
2201227    INFO  Test worker     d.u.i.k.p.r.RunAllProofsTestUnit Running test VSTTE10 
337        INFO  Timeout watchdog d.u.i.k.p.r.p.ForkedTestFileRunner Timeout watcher launched (2000 secs.) 
351        WARN  main            d.u.i.k.s.ProofSettings   The settings in /home/runner/.key/proof-settings.props are *not* read. 
378        INFO  main            d.u.i.k.p.r.p.TestFile    Now processing file /home/runner/work/key/key/key.core/../key.ui/examples/heap/vstte10_01_SumAndMax/SumAndMax_sumAndMax.key 
488        INFO  main            d.u.i.k.p.i.AbstractProblemLoader Loading environment from /home/runner/work/key/key/key.core/../key.ui/examples/heap/vstte10_01_SumAndMax/SumAndMax_sumAndMax.key 
504        DEBUG main            d.u.i.k.p.i.AbstractProblemLoader Environment load took 1.88ms 
717        INFO  main            d.u.i.k.p.i.AbstractProblemLoader Creating init config 
1410       DEBUG main            d.u.i.k.j.TypeConverter   No LDT found for Meta 
1410       DEBUG main            d.u.i.k.j.TypeConverter   No LDT found for Meta 
1414       DEBUG main            d.u.i.k.j.TypeConverter   No LDT found for Meta 
1414       DEBUG main            d.u.i.k.j.TypeConverter   No LDT found for Meta 
2510       DEBUG main            d.u.i.k.j.TypeConverter   No LDT found for JavaBigintExpression 
7792       DEBUG main            d.u.i.k.p.i.AbstractProblemLoader Init config took 7.07s 
7915       INFO  main            d.u.i.k.p.i.AbstractProblemLoader Replaying proof SumAndMax[SumAndMax::sumAndMax([I)].JML normal_behavior operation contract.0 
7951       DEBUG main            d.u.i.k.p.i.IntermediateProofReplayer Proof replay took 34.7ns 
12945      INFO  main            d.u.i.k.p.r.p.TestFile    ... finished proof: closed. 
13108      INFO  main            d.u.i.k.p.i.AbstractProblemLoader Loading environment from /home/runner/work/key/key/key.core/../key.ui/examples/heap/vstte10_01_SumAndMax/SumAndMax_sumAndMax.key.proof 
13109      DEBUG main            d.u.i.k.p.i.AbstractProblemLoader Environment load took 333.91ns 
13111      INFO  main            d.u.i.k.p.i.AbstractProblemLoader Creating init config 
15937      DEBUG main            d.u.i.k.p.i.AbstractProblemLoader Init config took 2.83s 
15995      INFO  main            d.u.i.k.p.i.AbstractProblemLoader Replaying proof SumAndMax[SumAndMax::sumAndMax([I)].JML normal_behavior operation contract.0 
16685      DEBUG main            d.u.i.k.p.i.IntermediateProofReplayer Proof replay took 669.09ms 
16694      DEBUG main            d.u.i.k.p.r.p.TestFile    ... success: reloaded. 
16696      INFO  main            d.u.i.k.p.r.p.TestFile    Now processing file /home/runner/work/key/key/key.core/../key.ui/examples/heap/vstte10_03_LinkedList/Node_cons.key 
16697      INFO  main            d.u.i.k.p.i.AbstractProblemLoader Loading environment from /home/runner/work/key/key/key.core/../key.ui/examples/heap/vstte10_03_LinkedList/Node_cons.key 
16697      DEBUG main            d.u.i.k.p.i.AbstractProblemLoader Environment load took 279.21ns 
16698      INFO  main            d.u.i.k.p.i.AbstractProblemLoader Creating init config 
19412      DEBUG main            d.u.i.k.p.i.AbstractProblemLoader Init config took 2.71s 
19481      INFO  main            d.u.i.k.p.i.AbstractProblemLoader Replaying proof Node[Node::cons(int,Node)].JML normal_behavior operation contract.0 
19486      DEBUG main            d.u.i.k.p.i.IntermediateProofReplayer Proof replay took 7.8ns 
21103      INFO  main            d.u.i.k.p.r.p.TestFile    ... finished proof: closed. 
21258      INFO  main            d.u.i.k.p.i.AbstractProblemLoader Loading environment from /home/runner/work/key/key/key.core/../key.ui/examples/heap/vstte10_03_LinkedList/Node_cons.key.proof 
21260      DEBUG main            d.u.i.k.p.i.AbstractProblemLoader Environment load took 1.16ms 
21261      INFO  main            d.u.i.k.p.i.AbstractProblemLoader Creating init config 
23830      DEBUG main            d.u.i.k.p.i.AbstractProblemLoader Init config took 2.57s 
23888      INFO  main            d.u.i.k.p.i.AbstractProblemLoader Replaying proof Node[Node::cons(int,Node)].JML normal_behavior operation contract.0 
24167      DEBUG main            d.u.i.k.p.i.IntermediateProofReplayer Proof replay took 267.05ms 
24168      DEBUG main            d.u.i.k.p.r.p.TestFile    ... success: reloaded. 
24170      INFO  main            d.u.i.k.p.r.p.TestFile    Now processing file /home/runner/work/key/key/key.core/../key.ui/examples/heap/vstte10_03_LinkedList/Node_inv.key 
24170      INFO  main            d.u.i.k.p.i.AbstractProblemLoader Loading environment from /home/runner/work/key/key/key.core/../key.ui/examples/heap/vstte10_03_LinkedList/Node_inv.key 
24170      DEBUG main            d.u.i.k.p.i.AbstractProblemLoader Environment load took 222.21ns 
24172      INFO  main            d.u.i.k.p.i.AbstractProblemLoader Creating init config 
26797      DEBUG main            d.u.i.k.p.i.AbstractProblemLoader Init config took 2.63s 
26884      INFO  main            d.u.i.k.p.i.AbstractProblemLoader Replaying proof Node[java.lang.Object::<inv>()].JML accessible clause.0 
26887      DEBUG main            d.u.i.k.p.i.IntermediateProofReplayer Proof replay took 7.6ns 
27291      INFO  main            d.u.i.k.p.r.p.TestFile    ... finished proof: closed. 
27441      INFO  main            d.u.i.k.p.i.AbstractProblemLoader Loading environment from /home/runner/work/key/key/key.core/../key.ui/examples/heap/vstte10_03_LinkedList/Node_inv.key.proof 
27442      DEBUG main            d.u.i.k.p.i.AbstractProblemLoader Environment load took 546.01ns 
27443      INFO  main            d.u.i.k.p.i.AbstractProblemLoader Creating init config 
30014      DEBUG main            d.u.i.k.p.i.AbstractProblemLoader Init config took 2.57s 
30065      INFO  main            d.u.i.k.p.i.AbstractProblemLoader Replaying proof Node[java.lang.Object::<inv>()].JML accessible clause.0 
30103      DEBUG main            d.u.i.k.p.i.IntermediateProofReplayer Proof replay took 34.28ms 
30105      DEBUG main            d.u.i.k.p.r.p.TestFile    ... success: reloaded. 
30106      INFO  main            d.u.i.k.p.r.p.TestFile    Now processing file /home/runner/work/key/key/key.core/../key.ui/examples/heap/vstte10_03_LinkedList/Node_search.key 
30106      INFO  main            d.u.i.k.p.i.AbstractProblemLoader Loading environment from /home/runner/work/key/key/key.core/../key.ui/examples/heap/vstte10_03_LinkedList/Node_search.key 
30106      DEBUG main            d.u.i.k.p.i.AbstractProblemLoader Environment load took 166.6ns 
30107      INFO  main            d.u.i.k.p.i.AbstractProblemLoader Creating init config 
32689      DEBUG main            d.u.i.k.p.i.AbstractProblemLoader Init config took 2.58s 
32738      INFO  main            d.u.i.k.p.i.AbstractProblemLoader Replaying proof Node[Node::search()].JML normal_behavior operation contract.0 
32740      DEBUG main            d.u.i.k.p.i.IntermediateProofReplayer Proof replay took 7.5ns 
39179      INFO  main            d.u.i.k.p.r.p.TestFile    ... finished proof: closed. 
39387      INFO  main            d.u.i.k.p.i.AbstractProblemLoader Loading environment from /home/runner/work/key/key/key.core/../key.ui/examples/heap/vstte10_03_LinkedList/Node_search.key.proof 
39388      DEBUG main            d.u.i.k.p.i.AbstractProblemLoader Environment load took 461.71ns 
39391      INFO  main            d.u.i.k.p.i.AbstractProblemLoader Creating init config 
41944      DEBUG main            d.u.i.k.p.i.AbstractProblemLoader Init config took 2.55s 
41993      INFO  main            d.u.i.k.p.i.AbstractProblemLoader Replaying proof Node[Node::search()].JML normal_behavior operation contract.0 
42636      DEBUG main            d.u.i.k.p.i.IntermediateProofReplayer Proof replay took 584.94ms 
42638      DEBUG main            d.u.i.k.p.r.p.TestFile    ... success: reloaded. 
42640      INFO  main            d.u.i.k.p.r.p.TestFile    Now processing file /home/runner/work/key/key/key.core/../key.ui/examples/heap/vstte10_04_Queens/Queens_isConsistent.key 
42640      INFO  main            d.u.i.k.p.i.AbstractProblemLoader Loading environment from /home/runner/work/key/key/key.core/../key.ui/examples/heap/vstte10_04_Queens/Queens_isConsistent.key 
42640      DEBUG main            d.u.i.k.p.i.AbstractProblemLoader Environment load took 105.6ns 
42641      INFO  main            d.u.i.k.p.i.AbstractProblemLoader Creating init config 
45515      DEBUG main            d.u.i.k.p.i.AbstractProblemLoader Init config took 2.87s 
45556      INFO  main            d.u.i.k.p.i.AbstractProblemLoader Replaying proof Queens[Queens::isConsistent([I,int)].JML normal_behavior operation contract.0 
45557      DEBUG main            d.u.i.k.p.i.IntermediateProofReplayer Proof replay took 5.7ns 
47335      INFO  main            d.u.i.k.p.r.p.TestFile    ... finished proof: closed. 
47640      INFO  main            d.u.i.k.p.i.AbstractProblemLoader Loading environment from /home/runner/work/key/key/key.core/../key.ui/examples/heap/vstte10_04_Queens/Queens_isConsistent.key.proof 
47640      DEBUG main            d.u.i.k.p.i.AbstractProblemLoader Environment load took 153.2ns 
47641      INFO  main            d.u.i.k.p.i.AbstractProblemLoader Creating init config 
50286      DEBUG main            d.u.i.k.p.i.AbstractProblemLoader Init config took 2.64s 
50330      INFO  main            d.u.i.k.p.i.AbstractProblemLoader Replaying proof Queens[Queens::isConsistent([I,int)].JML normal_behavior operation contract.0 
50710      DEBUG main            d.u.i.k.p.i.IntermediateProofReplayer Proof replay took 372ms 
50712      DEBUG main            d.u.i.k.p.r.p.TestFile    ... success: reloaded. 
50713      INFO  main            d.u.i.k.p.r.p.TestFile    Now processing file /home/runner/work/key/key/key.core/../key.ui/examples/heap/vstte10_04_Queens/Queens_nQueens.key 
50714      INFO  main            d.u.i.k.p.i.AbstractProblemLoader Loading environment from /home/runner/work/key/key/key.core/../key.ui/examples/heap/vstte10_04_Queens/Queens_nQueens.key 
50714      DEBUG main            d.u.i.k.p.i.AbstractProblemLoader Environment load took 231ns 
50715      INFO  main            d.u.i.k.p.i.AbstractProblemLoader Creating init config 
53309      DEBUG main            d.u.i.k.p.i.AbstractProblemLoader Init config took 2.59s 
53351      INFO  main            d.u.i.k.p.i.AbstractProblemLoader Replaying proof Queens[Queens::nQueens(int)].JML normal_behavior operation contract.0 
53353      DEBUG main            d.u.i.k.p.i.IntermediateProofReplayer Proof replay took 5.5ns 
65478      INFO  main            d.u.i.k.p.r.p.TestFile    ... finished proof: closed. 
65719      INFO  main            d.u.i.k.p.i.AbstractProblemLoader Loading environment from /home/runner/work/key/key/key.core/../key.ui/examples/heap/vstte10_04_Queens/Queens_nQueens.key.proof 
65719      DEBUG main            d.u.i.k.p.i.AbstractProblemLoader Environment load took 435.61ns 
65721      INFO  main            d.u.i.k.p.i.AbstractProblemLoader Creating init config 
68268      DEBUG main            d.u.i.k.p.i.AbstractProblemLoader Init config took 2.55s 
68308      INFO  main            d.u.i.k.p.i.AbstractProblemLoader Replaying proof Queens[Queens::nQueens(int)].JML normal_behavior operation contract.0 
69306      DEBUG main            d.u.i.k.p.i.IntermediateProofReplayer Proof replay took 980.48ms 
69307      DEBUG main            d.u.i.k.p.r.p.TestFile    ... success: reloaded. 
69308      INFO  main            d.u.i.k.p.r.p.TestFile    Now processing file /home/runner/work/key/key/key.core/../key.ui/examples/heap/vstte10_05_Queue/AmortizedQueue_AmortizedQueue.key 
69309      INFO  main            d.u.i.k.p.i.AbstractProblemLoader Loading environment from /home/runner/work/key/key/key.core/../key.ui/examples/heap/vstte10_05_Queue/AmortizedQueue_AmortizedQueue.key 
69309      DEBUG main            d.u.i.k.p.i.AbstractProblemLoader Environment load took 93ns 
69310      INFO  main            d.u.i.k.p.i.AbstractProblemLoader Creating init config 
72008      DEBUG main            d.u.i.k.p.i.AbstractProblemLoader Init config took 2.7s 
72052      INFO  main            d.u.i.k.p.i.AbstractProblemLoader Replaying proof AmortizedQueue[AmortizedQueue::AmortizedQueue()].JML normal_behavior operation contract.0 
72054      DEBUG main            d.u.i.k.p.i.IntermediateProofReplayer Proof replay took 6.1ns 
73460      INFO  main            d.u.i.k.p.r.p.TestFile    ... finished proof: closed. 
73654      INFO  main            d.u.i.k.p.i.AbstractProblemLoader Loading environment from /home/runner/work/key/key/key.core/../key.ui/examples/heap/vstte10_05_Queue/AmortizedQueue_AmortizedQueue.key.proof 
73655      DEBUG main            d.u.i.k.p.i.AbstractProblemLoader Environment load took 468.21ns 
73656      INFO  main            d.u.i.k.p.i.AbstractProblemLoader Creating init config 
76285      DEBUG main            d.u.i.k.p.i.AbstractProblemLoader Init config took 2.63s 
76335      INFO  main            d.u.i.k.p.i.AbstractProblemLoader Replaying proof AmortizedQueue[AmortizedQueue::AmortizedQueue()].JML normal_behavior operation contract.0 
76578      DEBUG main            d.u.i.k.p.i.IntermediateProofReplayer Proof replay took 236.08ms 
76579      DEBUG main            d.u.i.k.p.r.p.TestFile    ... success: reloaded. 
76580      INFO  main            d.u.i.k.p.r.p.TestFile    Now processing file /home/runner/work/key/key/key.core/../key.ui/examples/heap/vstte10_05_Queue/AmortizedQueue_front.key 
76581      INFO  main            d.u.i.k.p.i.AbstractProblemLoader Loading environment from /home/runner/work/key/key/key.core/../key.ui/examples/heap/vstte10_05_Queue/AmortizedQueue_front.key 
76581      DEBUG main            d.u.i.k.p.i.AbstractProblemLoader Environment load took 99.2ns 
76582      INFO  main            d.u.i.k.p.i.AbstractProblemLoader Creating init config 
79172      DEBUG main            d.u.i.k.p.i.AbstractProblemLoader Init config took 2.59s 
79214      INFO  main            d.u.i.k.p.i.AbstractProblemLoader Replaying proof AmortizedQueue[AmortizedQueue::front()].JML normal_behavior operation contract.0 
79216      DEBUG main            d.u.i.k.p.i.IntermediateProofReplayer Proof replay took 6ns 
79722      INFO  main            d.u.i.k.p.r.p.TestFile    ... finished proof: closed. 
79909      INFO  main            d.u.i.k.p.i.AbstractProblemLoader Loading environment from /home/runner/work/key/key/key.core/../key.ui/examples/heap/vstte10_05_Queue/AmortizedQueue_front.key.proof 
79909      DEBUG main            d.u.i.k.p.i.AbstractProblemLoader Environment load took 120.8ns 
79910      INFO  main            d.u.i.k.p.i.AbstractProblemLoader Creating init config 
82486      DEBUG main            d.u.i.k.p.i.AbstractProblemLoader Init config took 2.58s 
82527      INFO  main            d.u.i.k.p.i.AbstractProblemLoader Replaying proof AmortizedQueue[AmortizedQueue::front()].JML normal_behavior operation contract.0 
82579      DEBUG main            d.u.i.k.p.i.IntermediateProofReplayer Proof replay took 49.55ms 
82580      DEBUG main            d.u.i.k.p.r.p.TestFile    ... success: reloaded. 
82582      INFO  main            d.u.i.k.p.r.p.TestFile    Now processing file /home/runner/work/key/key/key.core/../key.ui/examples/heap/vstte10_05_Queue/LinkedList_concat.key 
82582      INFO  main            d.u.i.k.p.i.AbstractProblemLoader Loading environment from /home/runner/work/key/key/key.core/../key.ui/examples/heap/vstte10_05_Queue/LinkedList_concat.key 
82582      DEBUG main            d.u.i.k.p.i.AbstractProblemLoader Environment load took 84.5ns 
82583      INFO  main            d.u.i.k.p.i.AbstractProblemLoader Creating init config 
85150      DEBUG main            d.u.i.k.p.i.AbstractProblemLoader Init config took 2.57s 
85194      INFO  main            d.u.i.k.p.i.AbstractProblemLoader Replaying proof LinkedList[LinkedList::concat(LinkedList)].JML normal_behavior operation contract.0 
85195      DEBUG main            d.u.i.k.p.i.IntermediateProofReplayer Proof replay took 6.4ns 
93708      INFO  main            d.u.i.k.p.r.p.TestFile    ... finished proof: closed. 
93964      INFO  main            d.u.i.k.p.i.AbstractProblemLoader Loading environment from /home/runner/work/key/key/key.core/../key.ui/examples/heap/vstte10_05_Queue/LinkedList_concat.key.proof 
93964      DEBUG main            d.u.i.k.p.i.AbstractProblemLoader Environment load took 427.81ns 
93967      INFO  main            d.u.i.k.p.i.AbstractProblemLoader Creating init config 
96516      DEBUG main            d.u.i.k.p.i.AbstractProblemLoader Init config took 2.55s 
96559      INFO  main            d.u.i.k.p.i.AbstractProblemLoader Replaying proof LinkedList[LinkedList::concat(LinkedList)].JML normal_behavior operation contract.0 
97335      DEBUG main            d.u.i.k.p.i.IntermediateProofReplayer Proof replay took 744.82ms 
97337      DEBUG main            d.u.i.k.p.r.p.TestFile    ... success: reloaded. 
97338      INFO  main            d.u.i.k.p.r.p.TestFile    Now processing file /home/runner/work/key/key/key.core/../key.ui/examples/heap/vstte10_05_Queue/LinkedList_cons.key 
97339      INFO  main            d.u.i.k.p.i.AbstractProblemLoader Loading environment from /home/runner/work/key/key/key.core/../key.ui/examples/heap/vstte10_05_Queue/LinkedList_cons.key 
97339      DEBUG main            d.u.i.k.p.i.AbstractProblemLoader Environment load took 126.7ns 
97340      INFO  main            d.u.i.k.p.i.AbstractProblemLoader Creating init config 
99975      DEBUG main            d.u.i.k.p.i.AbstractProblemLoader Init config took 2.64s 
100018     INFO  main            d.u.i.k.p.i.AbstractProblemLoader Replaying proof LinkedList[LinkedList::cons(int)].JML normal_behavior operation contract.0 
100019     DEBUG main            d.u.i.k.p.i.IntermediateProofReplayer Proof replay took 6.3ns 
102345     INFO  main            d.u.i.k.p.r.p.TestFile    ... finished proof: closed. 
102568     INFO  main            d.u.i.k.p.i.AbstractProblemLoader Loading environment from /home/runner/work/key/key/key.core/../key.ui/examples/heap/vstte10_05_Queue/LinkedList_cons.key.proof 
102568     DEBUG main            d.u.i.k.p.i.AbstractProblemLoader Environment load took 126.6ns 
102569     INFO  main            d.u.i.k.p.i.AbstractProblemLoader Creating init config 
105111     DEBUG main            d.u.i.k.p.i.AbstractProblemLoader Init config took 2.54s 
105154     INFO  main            d.u.i.k.p.i.AbstractProblemLoader Replaying proof LinkedList[LinkedList::cons(int)].JML normal_behavior operation contract.0 
105422     DEBUG main            d.u.i.k.p.i.IntermediateProofReplayer Proof replay took 258.71ms 
105423     DEBUG main            d.u.i.k.p.r.p.TestFile    ... success: reloaded. 
105424     INFO  main            d.u.i.k.p.r.p.TestFile    Now processing file /home/runner/work/key/key/key.core/../key.ui/examples/heap/vstte10_05_Queue/LinkedList_head.key 
105425     INFO  main            d.u.i.k.p.i.AbstractProblemLoader Loading environment from /home/runner/work/key/key/key.core/../key.ui/examples/heap/vstte10_05_Queue/LinkedList_head.key 
105425     DEBUG main            d.u.i.k.p.i.AbstractProblemLoader Environment load took 107.8ns 
105426     INFO  main            d.u.i.k.p.i.AbstractProblemLoader Creating init config 
108045     DEBUG main            d.u.i.k.p.i.AbstractProblemLoader Init config took 2.62s 
108086     INFO  main            d.u.i.k.p.i.AbstractProblemLoader Replaying proof LinkedList[LinkedList::head()].JML normal_behavior operation contract.0 
108088     DEBUG main            d.u.i.k.p.i.IntermediateProofReplayer Proof replay took 6.3ns 
108190     INFO  main            d.u.i.k.p.r.p.TestFile    ... finished proof: closed. 
108405     INFO  main            d.u.i.k.p.i.AbstractProblemLoader Loading environment from /home/runner/work/key/key/key.core/../key.ui/examples/heap/vstte10_05_Queue/LinkedList_head.key.proof 
108405     DEBUG main            d.u.i.k.p.i.AbstractProblemLoader Environment load took 124.8ns 
108406     INFO  main            d.u.i.k.p.i.AbstractProblemLoader Creating init config 
110942     DEBUG main            d.u.i.k.p.i.AbstractProblemLoader Init config took 2.54s 
110983     INFO  main            d.u.i.k.p.i.AbstractProblemLoader Replaying proof LinkedList[LinkedList::head()].JML normal_behavior operation contract.0 
110997     DEBUG main            d.u.i.k.p.i.IntermediateProofReplayer Proof replay took 12.46ms 
110998     DEBUG main            d.u.i.k.p.r.p.TestFile    ... success: reloaded. 
110999     INFO  main            d.u.i.k.p.r.p.TestFile    Now processing file /home/runner/work/key/key/key.core/../key.ui/examples/heap/vstte10_05_Queue/LinkedList_inv.key 
111000     INFO  main            d.u.i.k.p.i.AbstractProblemLoader Loading environment from /home/runner/work/key/key/key.core/../key.ui/examples/heap/vstte10_05_Queue/LinkedList_inv.key 
111000     DEBUG main            d.u.i.k.p.i.AbstractProblemLoader Environment load took 107.6ns 
111001     INFO  main            d.u.i.k.p.i.AbstractProblemLoader Creating init config 
113608     DEBUG main            d.u.i.k.p.i.AbstractProblemLoader Init config took 2.61s 
113649     INFO  main            d.u.i.k.p.i.AbstractProblemLoader Replaying proof LinkedList[java.lang.Object::<inv>()].JML accessible clause.0 
113650     DEBUG main            d.u.i.k.p.i.IntermediateProofReplayer Proof replay took 6.3ns 
113960     INFO  main            d.u.i.k.p.r.p.TestFile    ... finished proof: closed. 
114168     INFO  main            d.u.i.k.p.i.AbstractProblemLoader Loading environment from /home/runner/work/key/key/key.core/../key.ui/examples/heap/vstte10_05_Queue/LinkedList_inv.key.proof 
114169     DEBUG main            d.u.i.k.p.i.AbstractProblemLoader Environment load took 122.3ns 
114170     INFO  main            d.u.i.k.p.i.AbstractProblemLoader Creating init config 
116687     DEBUG main            d.u.i.k.p.i.AbstractProblemLoader Init config took 2.52s 
116729     INFO  main            d.u.i.k.p.i.AbstractProblemLoader Replaying proof LinkedList[java.lang.Object::<inv>()].JML accessible clause.0 
116759     DEBUG main            d.u.i.k.p.i.IntermediateProofReplayer Proof replay took 26.59ms 
116760     DEBUG main            d.u.i.k.p.r.p.TestFile    ... success: reloaded. 
116763     INFO  main            d.u.i.k.p.r.p.TestFile    Now processing file /home/runner/work/key/key/key.core/../key.ui/examples/heap/vstte10_05_Queue/LinkedList_length.key 
116763     INFO  main            d.u.i.k.p.i.AbstractProblemLoader Loading environment from /home/runner/work/key/key/key.core/../key.ui/examples/heap/vstte10_05_Queue/LinkedList_length.key 
116763     DEBUG main            d.u.i.k.p.i.AbstractProblemLoader Environment load took 213.21ns 
116764     INFO  main            d.u.i.k.p.i.AbstractProblemLoader Creating init config 
119373     DEBUG main            d.u.i.k.p.i.AbstractProblemLoader Init config took 2.61s 
119413     INFO  main            d.u.i.k.p.i.AbstractProblemLoader Replaying proof LinkedList[LinkedList::length()].JML normal_behavior operation contract.0 
119415     DEBUG main            d.u.i.k.p.i.IntermediateProofReplayer Proof replay took 6.4ns 
119517     INFO  main            d.u.i.k.p.r.p.TestFile    ... finished proof: closed. 
119733     INFO  main            d.u.i.k.p.i.AbstractProblemLoader Loading environment from /home/runner/work/key/key/key.core/../key.ui/examples/heap/vstte10_05_Queue/LinkedList_length.key.proof 
119733     DEBUG main            d.u.i.k.p.i.AbstractProblemLoader Environment load took 119.7ns 
119734     INFO  main            d.u.i.k.p.i.AbstractProblemLoader Creating init config 
122260     DEBUG main            d.u.i.k.p.i.AbstractProblemLoader Init config took 2.53s 
122309     INFO  main            d.u.i.k.p.i.AbstractProblemLoader Replaying proof LinkedList[LinkedList::length()].JML normal_behavior operation contract.0 
122324     DEBUG main            d.u.i.k.p.i.IntermediateProofReplayer Proof replay took 12.51ms 
122325     DEBUG main            d.u.i.k.p.r.p.TestFile    ... success: reloaded. 
122327     INFO  main            d.u.i.k.p.r.p.TestFile    Now processing file /home/runner/work/key/key/key.core/../key.ui/examples/heap/vstte10_05_Queue/LinkedList_LinkedList1.key 
122327     INFO  main            d.u.i.k.p.i.AbstractProblemLoader Loading environment from /home/runner/work/key/key/key.core/../key.ui/examples/heap/vstte10_05_Queue/LinkedList_LinkedList1.key 
122327     DEBUG main            d.u.i.k.p.i.AbstractProblemLoader Environment load took 211.6ns 
122328     INFO  main            d.u.i.k.p.i.AbstractProblemLoader Creating init config 
124900     DEBUG main            d.u.i.k.p.i.AbstractProblemLoader Init config took 2.57s 
124943     INFO  main            d.u.i.k.p.i.AbstractProblemLoader Replaying proof LinkedList[LinkedList::LinkedList(int,LinkedList)].JML normal_behavior operation contract.0 
124946     DEBUG main            d.u.i.k.p.i.IntermediateProofReplayer Proof replay took 7.7ns 
126763     INFO  main            d.u.i.k.p.r.p.TestFile    ... finished proof: closed. 
127020     INFO  main            d.u.i.k.p.i.AbstractProblemLoader Loading environment from /home/runner/work/key/key/key.core/../key.ui/examples/heap/vstte10_05_Queue/LinkedList_LinkedList1.key.proof 
127020     DEBUG main            d.u.i.k.p.i.AbstractProblemLoader Environment load took 433.41ns 
127022     INFO  main            d.u.i.k.p.i.AbstractProblemLoader Creating init config 
129537     DEBUG main            d.u.i.k.p.i.AbstractProblemLoader Init config took 2.51s 
129578     INFO  main            d.u.i.k.p.i.AbstractProblemLoader Replaying proof LinkedList[LinkedList::LinkedList(int,LinkedList)].JML normal_behavior operation contract.0 
129839     DEBUG main            d.u.i.k.p.i.IntermediateProofReplayer Proof replay took 253.51ms 
129840     DEBUG main            d.u.i.k.p.r.p.TestFile    ... success: reloaded. 
129842     INFO  main            d.u.i.k.p.r.p.TestFile    Now processing file /home/runner/work/key/key/key.core/../key.ui/examples/heap/vstte10_05_Queue/LinkedList_LinkedList2.key 
129842     INFO  main            d.u.i.k.p.i.AbstractProblemLoader Loading environment from /home/runner/work/key/key/key.core/../key.ui/examples/heap/vstte10_05_Queue/LinkedList_LinkedList2.key 
129842     DEBUG main            d.u.i.k.p.i.AbstractProblemLoader Environment load took 74.7ns 
129843     INFO  main            d.u.i.k.p.i.AbstractProblemLoader Creating init config 
132436     DEBUG main            d.u.i.k.p.i.AbstractProblemLoader Init config took 2.59s 
132478     INFO  main            d.u.i.k.p.i.AbstractProblemLoader Replaying proof LinkedList[LinkedList::LinkedList(int,LinkedList)].JML normal_behavior operation contract.0 
132479     DEBUG main            d.u.i.k.p.i.IntermediateProofReplayer Proof replay took 6.3ns 
134285     INFO  main            d.u.i.k.p.r.p.TestFile    ... finished proof: closed. 
134549     INFO  main            d.u.i.k.p.i.AbstractProblemLoader Loading environment from /home/runner/work/key/key/key.core/../key.ui/examples/heap/vstte10_05_Queue/LinkedList_LinkedList2.key.proof 
134549     DEBUG main            d.u.i.k.p.i.AbstractProblemLoader Environment load took 127.2ns 
134552     INFO  main            d.u.i.k.p.i.AbstractProblemLoader Creating init config 
137075     DEBUG main            d.u.i.k.p.i.AbstractProblemLoader Init config took 2.52s 
137118     INFO  main            d.u.i.k.p.i.AbstractProblemLoader Replaying proof LinkedList[LinkedList::LinkedList(int,LinkedList)].JML normal_behavior operation contract.0 
137377     DEBUG main            d.u.i.k.p.i.IntermediateProofReplayer Proof replay took 251.47ms 
137379     DEBUG main            d.u.i.k.p.r.p.TestFile    ... success: reloaded. 
137380     INFO  main            d.u.i.k.p.r.p.TestFile    Now processing file /home/runner/work/key/key/key.core/../key.ui/examples/heap/vstte10_05_Queue/LinkedList_LinkedList3.key 
137380     INFO  main            d.u.i.k.p.i.AbstractProblemLoader Loading environment from /home/runner/work/key/key/key.core/../key.ui/examples/heap/vstte10_05_Queue/LinkedList_LinkedList3.key 
137380     DEBUG main            d.u.i.k.p.i.AbstractProblemLoader Environment load took 65.8ns 
137381     INFO  main            d.u.i.k.p.i.AbstractProblemLoader Creating init config 
139988     DEBUG main            d.u.i.k.p.i.AbstractProblemLoader Init config took 2.61s 
140030     INFO  main            d.u.i.k.p.i.AbstractProblemLoader Replaying proof LinkedList[LinkedList::LinkedList(int,LinkedList)].JML normal_behavior operation contract.0 
140031     DEBUG main            d.u.i.k.p.i.IntermediateProofReplayer Proof replay took 6.6ns 
152888     INFO  main            d.u.i.k.p.r.p.TestFile    ... finished proof: closed. 
153227     INFO  main            d.u.i.k.p.i.AbstractProblemLoader Loading environment from /home/runner/work/key/key/key.core/../key.ui/examples/heap/vstte10_05_Queue/LinkedList_LinkedList3.key.proof 
153227     DEBUG main            d.u.i.k.p.i.AbstractProblemLoader Environment load took 213ns 
153234     INFO  main            d.u.i.k.p.i.AbstractProblemLoader Creating init config 
155749     DEBUG main            d.u.i.k.p.i.AbstractProblemLoader Init config took 2.52s 
155791     INFO  main            d.u.i.k.p.i.AbstractProblemLoader Replaying proof LinkedList[LinkedList::LinkedList(int,LinkedList)].JML normal_behavior operation contract.0 
156903     DEBUG main            d.u.i.k.p.i.IntermediateProofReplayer Proof replay took 1.02s 
156909     DEBUG main            d.u.i.k.p.r.p.TestFile    ... success: reloaded. 
156910     INFO  main            d.u.i.k.p.r.p.TestFile    Now processing file /home/runner/work/key/key/key.core/../key.ui/examples/heap/vstte10_05_Queue/LinkedList_reverse.key 
156911     INFO  main            d.u.i.k.p.i.AbstractProblemLoader Loading environment from /home/runner/work/key/key/key.core/../key.ui/examples/heap/vstte10_05_Queue/LinkedList_reverse.key 
156911     DEBUG main            d.u.i.k.p.i.AbstractProblemLoader Environment load took 155.6ns 
156912     INFO  main            d.u.i.k.p.i.AbstractProblemLoader Creating init config 
159521     DEBUG main            d.u.i.k.p.i.AbstractProblemLoader Init config took 2.61s 
159564     INFO  main            d.u.i.k.p.i.AbstractProblemLoader Replaying proof LinkedList[LinkedList::reverse()].JML normal_behavior operation contract.0 
159566     DEBUG main            d.u.i.k.p.i.IntermediateProofReplayer Proof replay took 7.4ns 
168693     INFO  main            d.u.i.k.p.r.p.TestFile    ... finished proof: closed. 
169008     INFO  main            d.u.i.k.p.i.AbstractProblemLoader Loading environment from /home/runner/work/key/key/key.core/../key.ui/examples/heap/vstte10_05_Queue/LinkedList_reverse.key.proof 
169013     DEBUG main            d.u.i.k.p.i.AbstractProblemLoader Environment load took 5.78ms 
169017     INFO  main            d.u.i.k.p.i.AbstractProblemLoader Creating init config 
171532     DEBUG main            d.u.i.k.p.i.AbstractProblemLoader Init config took 2.52s 
171578     INFO  main            d.u.i.k.p.i.AbstractProblemLoader Replaying proof LinkedList[LinkedList::reverse()].JML normal_behavior operation contract.0 
172327     DEBUG main            d.u.i.k.p.i.IntermediateProofReplayer Proof replay took 721.21ms 
172330     DEBUG main            d.u.i.k.p.r.p.TestFile    ... success: reloaded. 
172331     INFO  main            d.u.i.k.p.r.p.TestFile    Now processing file /home/runner/work/key/key/key.core/../key.ui/examples/heap/vstte10_05_Queue/LinkedList_tail.key 
172331     INFO  main            d.u.i.k.p.i.AbstractProblemLoader Loading environment from /home/runner/work/key/key/key.core/../key.ui/examples/heap/vstte10_05_Queue/LinkedList_tail.key 
172331     DEBUG main            d.u.i.k.p.i.AbstractProblemLoader Environment load took 51.7ns 
172332     INFO  main            d.u.i.k.p.i.AbstractProblemLoader Creating init config 
174926     DEBUG main            d.u.i.k.p.i.AbstractProblemLoader Init config took 2.59s 
174997     INFO  main            d.u.i.k.p.i.AbstractProblemLoader Replaying proof LinkedList[LinkedList::tail()].JML normal_behavior operation contract.0 
174999     DEBUG main            d.u.i.k.p.i.IntermediateProofReplayer Proof replay took 44.5ns 
175502     INFO  main            d.u.i.k.p.r.p.TestFile    ... finished proof: closed. 
175778     INFO  main            d.u.i.k.p.i.AbstractProblemLoader Loading environment from /home/runner/work/key/key/key.core/../key.ui/examples/heap/vstte10_05_Queue/LinkedList_tail.key.proof 
175778     DEBUG main            d.u.i.k.p.i.AbstractProblemLoader Environment load took 446.51ns 
175779     INFO  main            d.u.i.k.p.i.AbstractProblemLoader Creating init config 
178280     DEBUG main            d.u.i.k.p.i.AbstractProblemLoader Init config took 2.5s 
178321     INFO  main            d.u.i.k.p.i.AbstractProblemLoader Replaying proof LinkedList[LinkedList::tail()].JML normal_behavior operation contract.0 
178420     DEBUG main            d.u.i.k.p.i.IntermediateProofReplayer Proof replay took 95.17ms 
178421     DEBUG main            d.u.i.k.p.r.p.TestFile    ... success: reloaded. 
2379808    INFO  Test worker     d.u.i.k.p.r.RunAllProofsTestUnit Returning from test VSTTE10 
2379809    INFO  Test worker     d.u.i.k.p.r.RunAllProofsTestUnit Running test WeideEtAl 
356        INFO  Timeout watchdog d.u.i.k.p.r.p.ForkedTestFileRunner Timeout watcher launched (2000 secs.) 
358        WARN  main            d.u.i.k.s.ProofSettings   The settings in /home/runner/.key/proof-settings.props are *not* read. 
397        INFO  main            d.u.i.k.p.r.p.TestFile    Now processing file /home/runner/work/key/key/key.core/../key.ui/examples/heap/WeideEtAl_01_AddAndMultiply/AddAndMultiply_add.key 
510        INFO  main            d.u.i.k.p.i.AbstractProblemLoader Loading environment from /home/runner/work/key/key/key.core/../key.ui/examples/heap/WeideEtAl_01_AddAndMultiply/AddAndMultiply_add.key 
527        DEBUG main            d.u.i.k.p.i.AbstractProblemLoader Environment load took 2.16ms 
750        INFO  main            d.u.i.k.p.i.AbstractProblemLoader Creating init config 
1504       DEBUG main            d.u.i.k.j.TypeConverter   No LDT found for Meta 
1508       DEBUG main            d.u.i.k.j.TypeConverter   No LDT found for Meta 
1511       DEBUG main            d.u.i.k.j.TypeConverter   No LDT found for Meta 
1511       DEBUG main            d.u.i.k.j.TypeConverter   No LDT found for Meta 
2698       DEBUG main            d.u.i.k.j.TypeConverter   No LDT found for JavaBigintExpression 
8320       DEBUG main            d.u.i.k.p.i.AbstractProblemLoader Init config took 7.57s 
8504       INFO  main            d.u.i.k.p.i.AbstractProblemLoader Replaying proof AddAndMultiply[AddAndMultiply::add(int,int)].JML normal_behavior operation contract.0 
8540       DEBUG main            d.u.i.k.p.i.IntermediateProofReplayer Proof replay took 34ns 
10077      INFO  main            d.u.i.k.p.r.p.TestFile    ... finished proof: closed. 
10216      INFO  main            d.u.i.k.p.i.AbstractProblemLoader Loading environment from /home/runner/work/key/key/key.core/../key.ui/examples/heap/WeideEtAl_01_AddAndMultiply/AddAndMultiply_add.key.proof 
10217      DEBUG main            d.u.i.k.p.i.AbstractProblemLoader Environment load took 495.11ns 
10219      INFO  main            d.u.i.k.p.i.AbstractProblemLoader Creating init config 
13058      DEBUG main            d.u.i.k.p.i.AbstractProblemLoader Init config took 2.84s 
13124      INFO  main            d.u.i.k.p.i.AbstractProblemLoader Replaying proof AddAndMultiply[AddAndMultiply::add(int,int)].JML normal_behavior operation contract.0 
13423      DEBUG main            d.u.i.k.p.i.IntermediateProofReplayer Proof replay took 289.16ms 
13434      DEBUG main            d.u.i.k.p.r.p.TestFile    ... success: reloaded. 
13436      INFO  main            d.u.i.k.p.r.p.TestFile    Now processing file /home/runner/work/key/key/key.core/../key.ui/examples/heap/WeideEtAl_01_AddAndMultiply/AddAndMultiply_mul.key 
13436      INFO  main            d.u.i.k.p.i.AbstractProblemLoader Loading environment from /home/runner/work/key/key/key.core/../key.ui/examples/heap/WeideEtAl_01_AddAndMultiply/AddAndMultiply_mul.key 
13437      DEBUG main            d.u.i.k.p.i.AbstractProblemLoader Environment load took 255.61ns 
13438      INFO  main            d.u.i.k.p.i.AbstractProblemLoader Creating init config 
16234      DEBUG main            d.u.i.k.p.i.AbstractProblemLoader Init config took 2.8s 
16295      INFO  main            d.u.i.k.p.i.AbstractProblemLoader Replaying proof AddAndMultiply[AddAndMultiply::mul(int,int)].JML normal_behavior operation contract.0 
16303      DEBUG main            d.u.i.k.p.i.IntermediateProofReplayer Proof replay took 7.8ns 
16808      INFO  main            d.u.i.k.p.r.p.TestFile    ... finished proof: closed. 
16965      INFO  main            d.u.i.k.p.i.AbstractProblemLoader Loading environment from /home/runner/work/key/key/key.core/../key.ui/examples/heap/WeideEtAl_01_AddAndMultiply/AddAndMultiply_mul.key.proof 
16967      DEBUG main            d.u.i.k.p.i.AbstractProblemLoader Environment load took 1.9ms 
16970      INFO  main            d.u.i.k.p.i.AbstractProblemLoader Creating init config 
19649      DEBUG main            d.u.i.k.p.i.AbstractProblemLoader Init config took 2.68s 
19704      INFO  main            d.u.i.k.p.i.AbstractProblemLoader Replaying proof AddAndMultiply[AddAndMultiply::mul(int,int)].JML normal_behavior operation contract.0 
19817      DEBUG main            d.u.i.k.p.i.IntermediateProofReplayer Proof replay took 108.16ms 
19819      DEBUG main            d.u.i.k.p.r.p.TestFile    ... success: reloaded. 
19821      INFO  main            d.u.i.k.p.r.p.TestFile    Now processing file /home/runner/work/key/key/key.core/../key.ui/examples/heap/WeideEtAl_02_BinarySearch/BinarySearch_search.key 
19821      INFO  main            d.u.i.k.p.i.AbstractProblemLoader Loading environment from /home/runner/work/key/key/key.core/../key.ui/examples/heap/WeideEtAl_02_BinarySearch/BinarySearch_search.key 
19822      DEBUG main            d.u.i.k.p.i.AbstractProblemLoader Environment load took 231ns 
19823      INFO  main            d.u.i.k.p.i.AbstractProblemLoader Creating init config 
22554      DEBUG main            d.u.i.k.p.i.AbstractProblemLoader Init config took 2.73s 
22602      INFO  main            d.u.i.k.p.i.AbstractProblemLoader Replaying proof BinarySearch[BinarySearch::search([I,int)].JML normal_behavior operation contract.0 
22607      DEBUG main            d.u.i.k.p.i.IntermediateProofReplayer Proof replay took 6.2ns 
25718      INFO  main            d.u.i.k.p.r.p.TestFile    ... finished proof: closed. 
25896      INFO  main            d.u.i.k.p.i.AbstractProblemLoader Loading environment from /home/runner/work/key/key/key.core/../key.ui/examples/heap/WeideEtAl_02_BinarySearch/BinarySearch_search.key.proof 
25899      DEBUG main            d.u.i.k.p.i.AbstractProblemLoader Environment load took 3.23ms 
25906      INFO  main            d.u.i.k.p.i.AbstractProblemLoader Creating init config 
28505      DEBUG main            d.u.i.k.p.i.AbstractProblemLoader Init config took 2.6s 
28550      INFO  main            d.u.i.k.p.i.AbstractProblemLoader Replaying proof BinarySearch[BinarySearch::search([I,int)].JML normal_behavior operation contract.0 
29099      DEBUG main            d.u.i.k.p.i.IntermediateProofReplayer Proof replay took 531.68ms 
29101      DEBUG main            d.u.i.k.p.r.p.TestFile    ... success: reloaded. 
2409078    INFO  Test worker     d.u.i.k.p.r.RunAllProofsTestUnit Returning from test WeideEtAl 
2409079    INFO  Test worker     d.u.i.k.p.r.RunAllProofsTestUnit Running test arithmetic 
342        INFO  Timeout watchdog d.u.i.k.p.r.p.ForkedTestFileRunner Timeout watcher launched (2000 secs.) 
354        WARN  main            d.u.i.k.s.ProofSettings   The settings in /home/runner/.key/proof-settings.props are *not* read. 
402        INFO  main            d.u.i.k.p.r.p.TestFile    Now processing file /home/runner/work/key/key/key.core/../key.ui/examples/standard_key/arith/binomial1.key 
532        INFO  main            d.u.i.k.p.i.AbstractProblemLoader Loading environment from /home/runner/work/key/key/key.core/../key.ui/examples/standard_key/arith/binomial1.key 
552        DEBUG main            d.u.i.k.p.i.AbstractProblemLoader Environment load took 1.85ms 
820        INFO  main            d.u.i.k.p.i.AbstractProblemLoader Creating init config 
1475       DEBUG main            d.u.i.k.j.TypeConverter   No LDT found for Meta 
1476       DEBUG main            d.u.i.k.j.TypeConverter   No LDT found for Meta 
1477       DEBUG main            d.u.i.k.j.TypeConverter   No LDT found for Meta 
1477       DEBUG main            d.u.i.k.j.TypeConverter   No LDT found for Meta 
2662       DEBUG main            d.u.i.k.j.TypeConverter   No LDT found for JavaBigintExpression 
8228       DEBUG main            d.u.i.k.p.i.AbstractProblemLoader Init config took 7.41s 
8286       INFO  main            d.u.i.k.p.i.AbstractProblemLoader Replaying proof binomial1.key 
8318       DEBUG main            d.u.i.k.p.i.IntermediateProofReplayer Proof replay took 33.3ns 
8592       INFO  main            d.u.i.k.p.r.p.TestFile    ... finished proof: closed. 
8691       INFO  main            d.u.i.k.p.i.AbstractProblemLoader Loading environment from /home/runner/work/key/key/key.core/../key.ui/examples/standard_key/arith/binomial1.key.proof 
8691       DEBUG main            d.u.i.k.p.i.AbstractProblemLoader Environment load took 472.51ns 
8696       INFO  main            d.u.i.k.p.i.AbstractProblemLoader Creating init config 
11557      DEBUG main            d.u.i.k.p.i.AbstractProblemLoader Init config took 2.86s 
11586      INFO  main            d.u.i.k.p.i.AbstractProblemLoader Replaying proof binomial1.key.proof 
11603      DEBUG main            d.u.i.k.p.i.IntermediateProofReplayer Proof replay took 12.04ms 
11614      DEBUG main            d.u.i.k.p.r.p.TestFile    ... success: reloaded. 
11615      INFO  main            d.u.i.k.p.r.p.TestFile    Now processing file /home/runner/work/key/key/key.core/../key.ui/examples/standard_key/arith/binomial2.key 
11615      INFO  main            d.u.i.k.p.i.AbstractProblemLoader Loading environment from /home/runner/work/key/key/key.core/../key.ui/examples/standard_key/arith/binomial2.key 
11616      DEBUG main            d.u.i.k.p.i.AbstractProblemLoader Environment load took 259.61ns 
11617      INFO  main            d.u.i.k.p.i.AbstractProblemLoader Creating init config 
14313      DEBUG main            d.u.i.k.p.i.AbstractProblemLoader Init config took 2.7s 
14341      INFO  main            d.u.i.k.p.i.AbstractProblemLoader Replaying proof binomial2.key 
14345      DEBUG main            d.u.i.k.p.i.IntermediateProofReplayer Proof replay took 6.7ns 
14448      INFO  main            d.u.i.k.p.r.p.TestFile    ... finished proof: closed. 
14574      INFO  main            d.u.i.k.p.i.AbstractProblemLoader Loading environment from /home/runner/work/key/key/key.core/../key.ui/examples/standard_key/arith/binomial2.key.proof 
14575      DEBUG main            d.u.i.k.p.i.AbstractProblemLoader Environment load took 628.61ns 
14576      INFO  main            d.u.i.k.p.i.AbstractProblemLoader Creating init config 
17207      DEBUG main            d.u.i.k.p.i.AbstractProblemLoader Init config took 2.63s 
17231      INFO  main            d.u.i.k.p.i.AbstractProblemLoader Replaying proof binomial2.key.proof 
17243      DEBUG main            d.u.i.k.p.i.IntermediateProofReplayer Proof replay took 9.72ms 
17244      DEBUG main            d.u.i.k.p.r.p.TestFile    ... success: reloaded. 
17245      INFO  main            d.u.i.k.p.r.p.TestFile    Now processing file /home/runner/work/key/key/key.core/../key.ui/examples/standard_key/arith/check_jdiv.key 
17246      INFO  main            d.u.i.k.p.i.AbstractProblemLoader Loading environment from /home/runner/work/key/key/key.core/../key.ui/examples/standard_key/arith/check_jdiv.key 
17246      DEBUG main            d.u.i.k.p.i.AbstractProblemLoader Environment load took 302.21ns 
17248      INFO  main            d.u.i.k.p.i.AbstractProblemLoader Creating init config 
19855      DEBUG main            d.u.i.k.p.i.AbstractProblemLoader Init config took 2.61s 
19879      INFO  main            d.u.i.k.p.i.AbstractProblemLoader Replaying proof check_jdiv.key 
19886      DEBUG main            d.u.i.k.p.i.IntermediateProofReplayer Proof replay took 6.9ns 
25369      INFO  main            d.u.i.k.p.r.p.TestFile    ... finished proof: closed. 
25646      INFO  main            d.u.i.k.p.i.AbstractProblemLoader Loading environment from /home/runner/work/key/key/key.core/../key.ui/examples/standard_key/arith/check_jdiv.key.proof 
25647      DEBUG main            d.u.i.k.p.i.AbstractProblemLoader Environment load took 638.61ns 
25656      INFO  main            d.u.i.k.p.i.AbstractProblemLoader Creating init config 
28189      DEBUG main            d.u.i.k.p.i.AbstractProblemLoader Init config took 2.53s 
28209      INFO  main            d.u.i.k.p.i.AbstractProblemLoader Replaying proof check_jdiv.key.proof 
28559      DEBUG main            d.u.i.k.p.i.IntermediateProofReplayer Proof replay took 299.92ms 
28561      DEBUG main            d.u.i.k.p.r.p.TestFile    ... success: reloaded. 
28562      INFO  main            d.u.i.k.p.r.p.TestFile    Now processing file /home/runner/work/key/key/key.core/../key.ui/examples/standard_key/arith/check_jdiv_concrete.key 
28563      INFO  main            d.u.i.k.p.i.AbstractProblemLoader Loading environment from /home/runner/work/key/key/key.core/../key.ui/examples/standard_key/arith/check_jdiv_concrete.key 
28563      DEBUG main            d.u.i.k.p.i.AbstractProblemLoader Environment load took 226.1ns 
28564      INFO  main            d.u.i.k.p.i.AbstractProblemLoader Creating init config 
31144      DEBUG main            d.u.i.k.p.i.AbstractProblemLoader Init config took 2.58s 
31164      INFO  main            d.u.i.k.p.i.AbstractProblemLoader Replaying proof check_jdiv_concrete.key 
31166      DEBUG main            d.u.i.k.p.i.IntermediateProofReplayer Proof replay took 7.6ns 
31269      INFO  main            d.u.i.k.p.r.p.TestFile    ... finished proof: closed. 
31477      INFO  main            d.u.i.k.p.i.AbstractProblemLoader Loading environment from /home/runner/work/key/key/key.core/../key.ui/examples/standard_key/arith/check_jdiv_concrete.key.proof 
31477      DEBUG main            d.u.i.k.p.i.AbstractProblemLoader Environment load took 126.2ns 
31478      INFO  main            d.u.i.k.p.i.AbstractProblemLoader Creating init config 
34043      DEBUG main            d.u.i.k.p.i.AbstractProblemLoader Init config took 2.56s 
34063      INFO  main            d.u.i.k.p.i.AbstractProblemLoader Replaying proof check_jdiv_concrete.key.proof 
34068      DEBUG main            d.u.i.k.p.i.IntermediateProofReplayer Proof replay took 3.45ms 
34069      DEBUG main            d.u.i.k.p.r.p.TestFile    ... success: reloaded. 
34070      INFO  main            d.u.i.k.p.r.p.TestFile    Now processing file /home/runner/work/key/key/key.core/../key.ui/examples/standard_key/arith/check_jdiv_instantiated.key 
34071      INFO  main            d.u.i.k.p.i.AbstractProblemLoader Loading environment from /home/runner/work/key/key/key.core/../key.ui/examples/standard_key/arith/check_jdiv_instantiated.key 
34071      DEBUG main            d.u.i.k.p.i.AbstractProblemLoader Environment load took 222.21ns 
34072      INFO  main            d.u.i.k.p.i.AbstractProblemLoader Creating init config 
36552      DEBUG main            d.u.i.k.p.i.AbstractProblemLoader Init config took 2.48s 
36572      INFO  main            d.u.i.k.p.i.AbstractProblemLoader Replaying proof check_jdiv_instantiated.key 
36574      DEBUG main            d.u.i.k.p.i.IntermediateProofReplayer Proof replay took 6.7ns 
39995      INFO  main            d.u.i.k.p.r.p.TestFile    ... finished proof: closed. 
40194      INFO  main            d.u.i.k.p.i.AbstractProblemLoader Loading environment from /home/runner/work/key/key/key.core/../key.ui/examples/standard_key/arith/check_jdiv_instantiated.key.proof 
40194      DEBUG main            d.u.i.k.p.i.AbstractProblemLoader Environment load took 663.51ns 
40197      INFO  main            d.u.i.k.p.i.AbstractProblemLoader Creating init config 
42722      DEBUG main            d.u.i.k.p.i.AbstractProblemLoader Init config took 2.52s 
42744      INFO  main            d.u.i.k.p.i.AbstractProblemLoader Replaying proof check_jdiv_instantiated.key.proof 
42978      DEBUG main            d.u.i.k.p.i.IntermediateProofReplayer Proof replay took 202.95ms 
42980      DEBUG main            d.u.i.k.p.r.p.TestFile    ... success: reloaded. 
42981      INFO  main            d.u.i.k.p.r.p.TestFile    Now processing file /home/runner/work/key/key/key.core/../key.ui/examples/standard_key/arith/check_jmod.key 
42982      INFO  main            d.u.i.k.p.i.AbstractProblemLoader Loading environment from /home/runner/work/key/key/key.core/../key.ui/examples/standard_key/arith/check_jmod.key 
42982      DEBUG main            d.u.i.k.p.i.AbstractProblemLoader Environment load took 262.41ns 
42983      INFO  main            d.u.i.k.p.i.AbstractProblemLoader Creating init config 
45598      DEBUG main            d.u.i.k.p.i.AbstractProblemLoader Init config took 2.61s 
45616      INFO  main            d.u.i.k.p.i.AbstractProblemLoader Replaying proof check_jmod.key 
45618      DEBUG main            d.u.i.k.p.i.IntermediateProofReplayer Proof replay took 7.1ns 
46223      INFO  main            d.u.i.k.p.r.p.TestFile    ... finished proof: closed. 
46445      INFO  main            d.u.i.k.p.i.AbstractProblemLoader Loading environment from /home/runner/work/key/key/key.core/../key.ui/examples/standard_key/arith/check_jmod.key.proof 
46445      DEBUG main            d.u.i.k.p.i.AbstractProblemLoader Environment load took 444.11ns 
46447      INFO  main            d.u.i.k.p.i.AbstractProblemLoader Creating init config 
48886      DEBUG main            d.u.i.k.p.i.AbstractProblemLoader Init config took 2.44s 
48904      INFO  main            d.u.i.k.p.i.AbstractProblemLoader Replaying proof check_jmod.key.proof 
48948      DEBUG main            d.u.i.k.p.i.IntermediateProofReplayer Proof replay took 38.51ms 
48949      DEBUG main            d.u.i.k.p.r.p.TestFile    ... success: reloaded. 
48950      INFO  main            d.u.i.k.p.r.p.TestFile    Now processing file /home/runner/work/key/key/key.core/../key.ui/examples/standard_key/arith/complexExpressions.key 
48951      INFO  main            d.u.i.k.p.i.AbstractProblemLoader Loading environment from /home/runner/work/key/key/key.core/../key.ui/examples/standard_key/arith/complexExpressions.key 
48951      DEBUG main            d.u.i.k.p.i.AbstractProblemLoader Environment load took 97.4ns 
48952      INFO  main            d.u.i.k.p.i.AbstractProblemLoader Creating init config 
51496      DEBUG main            d.u.i.k.p.i.AbstractProblemLoader Init config took 2.54s 
51517      INFO  main            d.u.i.k.p.i.AbstractProblemLoader Replaying proof complexExpressions.key 
51518      DEBUG main            d.u.i.k.p.i.IntermediateProofReplayer Proof replay took 6.2ns 
51625      INFO  main            d.u.i.k.p.r.p.TestFile    ... finished proof: closed. 
51801      INFO  main            d.u.i.k.p.i.AbstractProblemLoader Loading environment from /home/runner/work/key/key/key.core/../key.ui/examples/standard_key/arith/complexExpressions.key.proof 
51801      DEBUG main            d.u.i.k.p.i.AbstractProblemLoader Environment load took 125.6ns 
51802      INFO  main            d.u.i.k.p.i.AbstractProblemLoader Creating init config 
54347      DEBUG main            d.u.i.k.p.i.AbstractProblemLoader Init config took 2.54s 
54367      INFO  main            d.u.i.k.p.i.AbstractProblemLoader Replaying proof complexExpressions.key.proof 
54378      DEBUG main            d.u.i.k.p.i.IntermediateProofReplayer Proof replay took 8.5ms 
54379      DEBUG main            d.u.i.k.p.r.p.TestFile    ... success: reloaded. 
54380      INFO  main            d.u.i.k.p.r.p.TestFile    Now processing file /home/runner/work/key/key/key.core/../key.ui/examples/standard_key/arith/compound_unaryMinus.key 
54380      INFO  main            d.u.i.k.p.i.AbstractProblemLoader Loading environment from /home/runner/work/key/key/key.core/../key.ui/examples/standard_key/arith/compound_unaryMinus.key 
54380      DEBUG main            d.u.i.k.p.i.AbstractProblemLoader Environment load took 212.7ns 
54381      INFO  main            d.u.i.k.p.i.AbstractProblemLoader Creating init config 
56880      DEBUG main            d.u.i.k.p.i.AbstractProblemLoader Init config took 2.5s 
56900      INFO  main            d.u.i.k.p.i.AbstractProblemLoader Replaying proof compound_unaryMinus.key 
56902      DEBUG main            d.u.i.k.p.i.IntermediateProofReplayer Proof replay took 6.1ns 
57004      INFO  main            d.u.i.k.p.r.p.TestFile    ... finished proof: closed. 
57163      INFO  main            d.u.i.k.p.i.AbstractProblemLoader Loading environment from /home/runner/work/key/key/key.core/../key.ui/examples/standard_key/arith/compound_unaryMinus.key.proof 
57164      DEBUG main            d.u.i.k.p.i.AbstractProblemLoader Environment load took 126.8ns 
57165      INFO  main            d.u.i.k.p.i.AbstractProblemLoader Creating init config 
59612      DEBUG main            d.u.i.k.p.i.AbstractProblemLoader Init config took 2.45s 
59630      INFO  main            d.u.i.k.p.i.AbstractProblemLoader Replaying proof compound_unaryMinus.key.proof 
59636      DEBUG main            d.u.i.k.p.i.IntermediateProofReplayer Proof replay took 3.69ms 
59637      DEBUG main            d.u.i.k.p.r.p.TestFile    ... success: reloaded. 
59637      INFO  main            d.u.i.k.p.r.p.TestFile    Now processing file /home/runner/work/key/key/key.core/../key.ui/examples/standard_key/arith/computation.key 
59637      INFO  main            d.u.i.k.p.i.AbstractProblemLoader Loading environment from /home/runner/work/key/key/key.core/../key.ui/examples/standard_key/arith/computation.key 
59638      DEBUG main            d.u.i.k.p.i.AbstractProblemLoader Environment load took 100ns 
59639      INFO  main            d.u.i.k.p.i.AbstractProblemLoader Creating init config 
62158      DEBUG main            d.u.i.k.p.i.AbstractProblemLoader Init config took 2.52s 
62181      INFO  main            d.u.i.k.p.i.AbstractProblemLoader Replaying proof computation.key 
62184      DEBUG main            d.u.i.k.p.i.IntermediateProofReplayer Proof replay took 6.2ns 
63701      INFO  main            d.u.i.k.p.r.p.TestFile    ... finished proof: closed. 
63934      INFO  main            d.u.i.k.p.i.AbstractProblemLoader Loading environment from /home/runner/work/key/key/key.core/../key.ui/examples/standard_key/arith/computation.key.proof 
63934      DEBUG main            d.u.i.k.p.i.AbstractProblemLoader Environment load took 137.1ns 
63936      INFO  main            d.u.i.k.p.i.AbstractProblemLoader Creating init config 
66354      DEBUG main            d.u.i.k.p.i.AbstractProblemLoader Init config took 2.42s 
66376      INFO  main            d.u.i.k.p.i.AbstractProblemLoader Replaying proof computation.key.proof 
66529      DEBUG main            d.u.i.k.p.i.IntermediateProofReplayer Proof replay took 142.39ms 
66531      DEBUG main            d.u.i.k.p.r.p.TestFile    ... success: reloaded. 
66532      INFO  main            d.u.i.k.p.r.p.TestFile    Now processing file /home/runner/work/key/key/key.core/../key.ui/examples/standard_key/arith/cubicSum.key 
66532      INFO  main            d.u.i.k.p.i.AbstractProblemLoader Loading environment from /home/runner/work/key/key/key.core/../key.ui/examples/standard_key/arith/cubicSum.key 
66532      DEBUG main            d.u.i.k.p.i.AbstractProblemLoader Environment load took 97.9ns 
66534      INFO  main            d.u.i.k.p.i.AbstractProblemLoader Creating init config 
69193      DEBUG main            d.u.i.k.p.i.AbstractProblemLoader Init config took 2.66s 
69211      INFO  main            d.u.i.k.p.i.AbstractProblemLoader Replaying proof cubicSum.key 
69213      DEBUG main            d.u.i.k.p.i.IntermediateProofReplayer Proof replay took 6ns 
70421      INFO  main            d.u.i.k.p.r.p.TestFile    ... finished proof: closed. 
70693      INFO  main            d.u.i.k.p.i.AbstractProblemLoader Loading environment from /home/runner/work/key/key/key.core/../key.ui/examples/standard_key/arith/cubicSum.key.proof 
70693      DEBUG main            d.u.i.k.p.i.AbstractProblemLoader Environment load took 440.71ns 
70694      INFO  main            d.u.i.k.p.i.AbstractProblemLoader Creating init config 
73218      DEBUG main            d.u.i.k.p.i.AbstractProblemLoader Init config took 2.52s 
73236      INFO  main            d.u.i.k.p.i.AbstractProblemLoader Replaying proof cubicSum.key.proof 
73367      DEBUG main            d.u.i.k.p.i.IntermediateProofReplayer Proof replay took 127.64ms 
73368      DEBUG main            d.u.i.k.p.r.p.TestFile    ... success: reloaded. 
73373      INFO  main            d.u.i.k.p.r.p.TestFile    Now processing file /home/runner/work/key/key/key.core/../key.ui/examples/standard_key/arith/divByZero.key 
73373      INFO  main            d.u.i.k.p.i.AbstractProblemLoader Loading environment from /home/runner/work/key/key/key.core/../key.ui/examples/standard_key/arith/divByZero.key 
73374      DEBUG main            d.u.i.k.p.i.AbstractProblemLoader Environment load took 235.6ns 
73375      INFO  main            d.u.i.k.p.i.AbstractProblemLoader Creating init config 
75905      DEBUG main            d.u.i.k.p.i.AbstractProblemLoader Init config took 2.53s 
75922      INFO  main            d.u.i.k.p.i.AbstractProblemLoader Replaying proof divByZero.key 
75924      DEBUG main            d.u.i.k.p.i.IntermediateProofReplayer Proof replay took 6.1ns 
76127      INFO  main            d.u.i.k.p.r.p.TestFile    ... finished proof: closed. 
76328      INFO  main            d.u.i.k.p.i.AbstractProblemLoader Loading environment from /home/runner/work/key/key/key.core/../key.ui/examples/standard_key/arith/divByZero.key.proof 
76328      DEBUG main            d.u.i.k.p.i.AbstractProblemLoader Environment load took 131.7ns 
76330      INFO  main            d.u.i.k.p.i.AbstractProblemLoader Creating init config 
78764      DEBUG main            d.u.i.k.p.i.AbstractProblemLoader Init config took 2.43s 
78781      INFO  main            d.u.i.k.p.i.AbstractProblemLoader Replaying proof divByZero.key.proof 
78815      DEBUG main            d.u.i.k.p.i.IntermediateProofReplayer Proof replay took 31.94ms 
78816      DEBUG main            d.u.i.k.p.r.p.TestFile    ... success: reloaded. 
78817      INFO  main            d.u.i.k.p.r.p.TestFile    Now processing file /home/runner/work/key/key/key.core/../key.ui/examples/standard_key/arith/divisionAssoc.key 
78818      INFO  main            d.u.i.k.p.i.AbstractProblemLoader Loading environment from /home/runner/work/key/key/key.core/../key.ui/examples/standard_key/arith/divisionAssoc.key 
78818      DEBUG main            d.u.i.k.p.i.AbstractProblemLoader Environment load took 214.6ns 
78819      INFO  main            d.u.i.k.p.i.AbstractProblemLoader Creating init config 
81322      DEBUG main            d.u.i.k.p.i.AbstractProblemLoader Init config took 2.5s 
81341      INFO  main            d.u.i.k.p.i.AbstractProblemLoader Replaying proof divisionAssoc.key 
81343      DEBUG main            d.u.i.k.p.i.IntermediateProofReplayer Proof replay took 6.6ns 
82047      INFO  main            d.u.i.k.p.r.p.TestFile    ... finished proof: closed. 
82341      INFO  main            d.u.i.k.p.i.AbstractProblemLoader Loading environment from /home/runner/work/key/key/key.core/../key.ui/examples/standard_key/arith/divisionAssoc.key.proof 
82342      DEBUG main            d.u.i.k.p.i.AbstractProblemLoader Environment load took 482.01ns 
82343      INFO  main            d.u.i.k.p.i.AbstractProblemLoader Creating init config 
84740      DEBUG main            d.u.i.k.p.i.AbstractProblemLoader Init config took 2.4s 
84766      INFO  main            d.u.i.k.p.i.AbstractProblemLoader Replaying proof divisionAssoc.key.proof 
84809      DEBUG main            d.u.i.k.p.i.IntermediateProofReplayer Proof replay took 37.74ms 
84809      DEBUG main            d.u.i.k.p.r.p.TestFile    ... success: reloaded. 
84810      INFO  main            d.u.i.k.p.r.p.TestFile    Now processing file /home/runner/work/key/key/key.core/../key.ui/examples/standard_key/arith/divisionBy2.key 
84811      INFO  main            d.u.i.k.p.i.AbstractProblemLoader Loading environment from /home/runner/work/key/key/key.core/../key.ui/examples/standard_key/arith/divisionBy2.key 
84811      DEBUG main            d.u.i.k.p.i.AbstractProblemLoader Environment load took 230.61ns 
84812      INFO  main            d.u.i.k.p.i.AbstractProblemLoader Creating init config 
87290      DEBUG main            d.u.i.k.p.i.AbstractProblemLoader Init config took 2.48s 
87305      INFO  main            d.u.i.k.p.i.AbstractProblemLoader Replaying proof divisionBy2.key 
87306      DEBUG main            d.u.i.k.p.i.IntermediateProofReplayer Proof replay took 5.9ns 
87409      INFO  main            d.u.i.k.p.r.p.TestFile    ... finished proof: closed. 
87625      INFO  main            d.u.i.k.p.i.AbstractProblemLoader Loading environment from /home/runner/work/key/key/key.core/../key.ui/examples/standard_key/arith/divisionBy2.key.proof 
87625      DEBUG main            d.u.i.k.p.i.AbstractProblemLoader Environment load took 136.8ns 
87626      INFO  main            d.u.i.k.p.i.AbstractProblemLoader Creating init config 
90025      DEBUG main            d.u.i.k.p.i.AbstractProblemLoader Init config took 2.4s 
90041      INFO  main            d.u.i.k.p.i.AbstractProblemLoader Replaying proof divisionBy2.key.proof 
90052      DEBUG main            d.u.i.k.p.i.IntermediateProofReplayer Proof replay took 6.29ms 
90053      DEBUG main            d.u.i.k.p.r.p.TestFile    ... success: reloaded. 
90053      INFO  main            d.u.i.k.p.r.p.TestFile    Now processing file /home/runner/work/key/key/key.core/../key.ui/examples/standard_key/arith/euclidean/gcdHelp-post.key 
90054      INFO  main            d.u.i.k.p.i.AbstractProblemLoader Loading environment from /home/runner/work/key/key/key.core/../key.ui/examples/standard_key/arith/euclidean/gcdHelp-post.key 
90054      DEBUG main            d.u.i.k.p.i.AbstractProblemLoader Environment load took 216.1ns 
90055      INFO  main            d.u.i.k.p.i.AbstractProblemLoader Creating init config 
92654      DEBUG main            d.u.i.k.p.i.AbstractProblemLoader Init config took 2.6s 
92670      INFO  main            d.u.i.k.p.i.AbstractProblemLoader Replaying proof gcdHelp-post.key 
92671      DEBUG main            d.u.i.k.p.i.IntermediateProofReplayer Proof replay took 5.7ns 
95995      INFO  main            d.u.i.k.p.r.p.TestFile    ... finished proof: closed. 
96224      INFO  main            d.u.i.k.p.i.AbstractProblemLoader Loading environment from /home/runner/work/key/key/key.core/../key.ui/examples/standard_key/arith/euclidean/gcdHelp-post.key.proof 
96225      DEBUG main            d.u.i.k.p.i.AbstractProblemLoader Environment load took 434.01ns 
96226      INFO  main            d.u.i.k.p.i.AbstractProblemLoader Creating init config 
98781      DEBUG main            d.u.i.k.p.i.AbstractProblemLoader Init config took 2.55s 
98797      INFO  main            d.u.i.k.p.i.AbstractProblemLoader Replaying proof gcdHelp-post.key.proof 
98999      DEBUG main            d.u.i.k.p.i.IntermediateProofReplayer Proof replay took 192.96ms 
99001      DEBUG main            d.u.i.k.p.r.p.TestFile    ... success: reloaded. 
99002      INFO  main            d.u.i.k.p.r.p.TestFile    Now processing file /home/runner/work/key/key/key.core/../key.ui/examples/standard_key/arith/gemplusDecimal/add.key 
99003      INFO  main            d.u.i.k.p.i.AbstractProblemLoader Loading environment from /home/runner/work/key/key/key.core/../key.ui/examples/standard_key/arith/gemplusDecimal/add.key 
99003      DEBUG main            d.u.i.k.p.i.AbstractProblemLoader Environment load took 200.5ns 
99004      INFO  main            d.u.i.k.p.i.AbstractProblemLoader Creating init config 
101564     DEBUG main            d.u.i.k.p.i.AbstractProblemLoader Init config took 2.56s 
101580     INFO  main            d.u.i.k.p.i.AbstractProblemLoader Replaying proof add.key 
101582     DEBUG main            d.u.i.k.p.i.IntermediateProofReplayer Proof replay took 7ns 
145097     INFO  main            d.u.i.k.p.r.p.TestFile    ... finished proof: closed. 
145464     INFO  main            d.u.i.k.p.i.AbstractProblemLoader Loading environment from /home/runner/work/key/key/key.core/../key.ui/examples/standard_key/arith/gemplusDecimal/add.key.proof 
145464     DEBUG main            d.u.i.k.p.i.AbstractProblemLoader Environment load took 448.61ns 
145473     INFO  main            d.u.i.k.p.i.AbstractProblemLoader Creating init config 
147949     DEBUG main            d.u.i.k.p.i.AbstractProblemLoader Init config took 2.48s 
147967     INFO  main            d.u.i.k.p.i.AbstractProblemLoader Replaying proof add.key.proof 
151790     DEBUG main            d.u.i.k.p.i.IntermediateProofReplayer Proof replay took 3.69s 
151797     DEBUG main            d.u.i.k.p.r.p.TestFile    ... success: reloaded. 
151798     INFO  main            d.u.i.k.p.r.p.TestFile    Now processing file /home/runner/work/key/key/key.core/../key.ui/examples/standard_key/arith/jdivevenodd.key 
151798     INFO  main            d.u.i.k.p.i.AbstractProblemLoader Loading environment from /home/runner/work/key/key/key.core/../key.ui/examples/standard_key/arith/jdivevenodd.key 
151798     DEBUG main            d.u.i.k.p.i.AbstractProblemLoader Environment load took 79.1ns 
151799     INFO  main            d.u.i.k.p.i.AbstractProblemLoader Creating init config 
154358     DEBUG main            d.u.i.k.p.i.AbstractProblemLoader Init config took 2.56s 
154372     INFO  main            d.u.i.k.p.i.AbstractProblemLoader Replaying proof jdivevenodd.key 
154374     DEBUG main            d.u.i.k.p.i.IntermediateProofReplayer Proof replay took 6.5ns 
154577     INFO  main            d.u.i.k.p.r.p.TestFile    ... finished proof: closed. 
154933     INFO  main            d.u.i.k.p.i.AbstractProblemLoader Loading environment from /home/runner/work/key/key/key.core/../key.ui/examples/standard_key/arith/jdivevenodd.key.proof 
154933     DEBUG main            d.u.i.k.p.i.AbstractProblemLoader Environment load took 134.6ns 
154935     INFO  main            d.u.i.k.p.i.AbstractProblemLoader Creating init config 
157315     DEBUG main            d.u.i.k.p.i.AbstractProblemLoader Init config took 2.38s 
157328     INFO  main            d.u.i.k.p.i.AbstractProblemLoader Replaying proof jdivevenodd.key.proof 
157345     DEBUG main            d.u.i.k.p.i.IntermediateProofReplayer Proof replay took 14.26ms 
157346     DEBUG main            d.u.i.k.p.r.p.TestFile    ... success: reloaded. 
157347     INFO  main            d.u.i.k.p.r.p.TestFile    Now processing file /home/runner/work/key/key/key.core/../key.ui/examples/standard_key/arith/median.key 
157347     INFO  main            d.u.i.k.p.i.AbstractProblemLoader Loading environment from /home/runner/work/key/key/key.core/../key.ui/examples/standard_key/arith/median.key 
157348     DEBUG main            d.u.i.k.p.i.AbstractProblemLoader Environment load took 107.9ns 
157349     INFO  main            d.u.i.k.p.i.AbstractProblemLoader Creating init config 
159787     DEBUG main            d.u.i.k.p.i.AbstractProblemLoader Init config took 2.44s 
159801     INFO  main            d.u.i.k.p.i.AbstractProblemLoader Replaying proof median.key 
159803     DEBUG main            d.u.i.k.p.i.IntermediateProofReplayer Proof replay took 5.5ns 
175646     INFO  main            d.u.i.k.p.r.p.TestFile    ... finished proof: closed. 
175968     INFO  main            d.u.i.k.p.i.AbstractProblemLoader Loading environment from /home/runner/work/key/key/key.core/../key.ui/examples/standard_key/arith/median.key.proof 
175972     DEBUG main            d.u.i.k.p.i.AbstractProblemLoader Environment load took 5.06ms 
175976     INFO  main            d.u.i.k.p.i.AbstractProblemLoader Creating init config 
178385     DEBUG main            d.u.i.k.p.i.AbstractProblemLoader Init config took 2.41s 
178400     INFO  main            d.u.i.k.p.i.AbstractProblemLoader Replaying proof median.key.proof 
179534     DEBUG main            d.u.i.k.p.i.IntermediateProofReplayer Proof replay took 1.07s 
179537     DEBUG main            d.u.i.k.p.r.p.TestFile    ... success: reloaded. 
179538     INFO  main            d.u.i.k.p.r.p.TestFile    Now processing file /home/runner/work/key/key/key.core/../key.ui/examples/standard_key/arith/mod1.key 
179538     INFO  main            d.u.i.k.p.i.AbstractProblemLoader Loading environment from /home/runner/work/key/key/key.core/../key.ui/examples/standard_key/arith/mod1.key 
179539     DEBUG main            d.u.i.k.p.i.AbstractProblemLoader Environment load took 97.9ns 
179539     INFO  main            d.u.i.k.p.i.AbstractProblemLoader Creating init config 
181998     DEBUG main            d.u.i.k.p.i.AbstractProblemLoader Init config took 2.46s 
182011     INFO  main            d.u.i.k.p.i.AbstractProblemLoader Replaying proof mod1.key 
182012     DEBUG main            d.u.i.k.p.i.IntermediateProofReplayer Proof replay took 7ns 
182117     INFO  main            d.u.i.k.p.r.p.TestFile    ... finished proof: closed. 
182421     INFO  main            d.u.i.k.p.i.AbstractProblemLoader Loading environment from /home/runner/work/key/key/key.core/../key.ui/examples/standard_key/arith/mod1.key.proof 
182421     DEBUG main            d.u.i.k.p.i.AbstractProblemLoader Environment load took 107.7ns 
182422     INFO  main            d.u.i.k.p.i.AbstractProblemLoader Creating init config 
184824     DEBUG main            d.u.i.k.p.i.AbstractProblemLoader Init config took 2.4s 
184837     INFO  main            d.u.i.k.p.i.AbstractProblemLoader Replaying proof mod1.key.proof 
184843     DEBUG main            d.u.i.k.p.i.IntermediateProofReplayer Proof replay took 2.21ms 
184844     DEBUG main            d.u.i.k.p.r.p.TestFile    ... success: reloaded. 
184845     INFO  main            d.u.i.k.p.r.p.TestFile    Now processing file /home/runner/work/key/key/key.core/../key.ui/examples/standard_key/arith/mod2.key 
184845     INFO  main            d.u.i.k.p.i.AbstractProblemLoader Loading environment from /home/runner/work/key/key/key.core/../key.ui/examples/standard_key/arith/mod2.key 
184845     DEBUG main            d.u.i.k.p.i.AbstractProblemLoader Environment load took 391.11ns 
184846     INFO  main            d.u.i.k.p.i.AbstractProblemLoader Creating init config 
187256     DEBUG main            d.u.i.k.p.i.AbstractProblemLoader Init config took 2.41s 
187269     INFO  main            d.u.i.k.p.i.AbstractProblemLoader Replaying proof mod2.key 
187271     DEBUG main            d.u.i.k.p.i.IntermediateProofReplayer Proof replay took 5.9ns 
187373     INFO  main            d.u.i.k.p.r.p.TestFile    ... finished proof: closed. 
187601     INFO  main            d.u.i.k.p.i.AbstractProblemLoader Loading environment from /home/runner/work/key/key/key.core/../key.ui/examples/standard_key/arith/mod2.key.proof 
187601     DEBUG main            d.u.i.k.p.i.AbstractProblemLoader Environment load took 116.9ns 
187602     INFO  main            d.u.i.k.p.i.AbstractProblemLoader Creating init config 
189987     DEBUG main            d.u.i.k.p.i.AbstractProblemLoader Init config took 2.39s 
190000     INFO  main            d.u.i.k.p.i.AbstractProblemLoader Replaying proof mod2.key.proof 
190003     DEBUG main            d.u.i.k.p.i.IntermediateProofReplayer Proof replay took 1.5ms 
190003     DEBUG main            d.u.i.k.p.r.p.TestFile    ... success: reloaded. 
190004     INFO  main            d.u.i.k.p.r.p.TestFile    Now processing file /home/runner/work/key/key/key.core/../key.ui/examples/standard_key/arith/mod7.key 
190005     INFO  main            d.u.i.k.p.i.AbstractProblemLoader Loading environment from /home/runner/work/key/key/key.core/../key.ui/examples/standard_key/arith/mod7.key 
190005     DEBUG main            d.u.i.k.p.i.AbstractProblemLoader Environment load took 72.5ns 
190006     INFO  main            d.u.i.k.p.i.AbstractProblemLoader Creating init config 
192427     DEBUG main            d.u.i.k.p.i.AbstractProblemLoader Init config took 2.42s 
192458     INFO  main            d.u.i.k.p.i.AbstractProblemLoader Replaying proof mod7.key 
192459     DEBUG main            d.u.i.k.p.i.IntermediateProofReplayer Proof replay took 5.7ns 
192565     INFO  main            d.u.i.k.p.r.p.TestFile    ... finished proof: closed. 
192798     INFO  main            d.u.i.k.p.i.AbstractProblemLoader Loading environment from /home/runner/work/key/key/key.core/../key.ui/examples/standard_key/arith/mod7.key.proof 
192798     DEBUG main            d.u.i.k.p.i.AbstractProblemLoader Environment load took 107.5ns 
192799     INFO  main            d.u.i.k.p.i.AbstractProblemLoader Creating init config 
195190     DEBUG main            d.u.i.k.p.i.AbstractProblemLoader Init config took 2.39s 
195204     INFO  main            d.u.i.k.p.i.AbstractProblemLoader Replaying proof mod7.key.proof 
195213     DEBUG main            d.u.i.k.p.i.IntermediateProofReplayer Proof replay took 6.02ms 
195214     DEBUG main            d.u.i.k.p.r.p.TestFile    ... success: reloaded. 
195216     INFO  main            d.u.i.k.p.r.p.TestFile    Now processing file /home/runner/work/key/key/key.core/../key.ui/examples/standard_key/arith/overflow_hija.key 
195216     INFO  main            d.u.i.k.p.i.AbstractProblemLoader Loading environment from /home/runner/work/key/key/key.core/../key.ui/examples/standard_key/arith/overflow_hija.key 
195216     DEBUG main            d.u.i.k.p.i.AbstractProblemLoader Environment load took 194.1ns 
195219     INFO  main            d.u.i.k.p.i.AbstractProblemLoader Creating init config 
197667     DEBUG main            d.u.i.k.p.i.AbstractProblemLoader Init config took 2.45s 
197683     INFO  main            d.u.i.k.p.i.AbstractProblemLoader Replaying proof overflow_hija.key 
197685     DEBUG main            d.u.i.k.p.i.IntermediateProofReplayer Proof replay took 6.3ns 
202432     INFO  main            d.u.i.k.p.r.p.TestFile    ... finished proof: closed. 
202723     INFO  main            d.u.i.k.p.i.AbstractProblemLoader Loading environment from /home/runner/work/key/key/key.core/../key.ui/examples/standard_key/arith/overflow_hija.key.proof 
202723     DEBUG main            d.u.i.k.p.i.AbstractProblemLoader Environment load took 107.6ns 
202725     INFO  main            d.u.i.k.p.i.AbstractProblemLoader Creating init config 
205108     DEBUG main            d.u.i.k.p.i.AbstractProblemLoader Init config took 2.38s 
205126     INFO  main            d.u.i.k.p.i.AbstractProblemLoader Replaying proof overflow_hija.key.proof 
205479     DEBUG main            d.u.i.k.p.i.IntermediateProofReplayer Proof replay took 343.41ms 
205482     DEBUG main            d.u.i.k.p.r.p.TestFile    ... success: reloaded. 
205483     INFO  main            d.u.i.k.p.r.p.TestFile    Now processing file /home/runner/work/key/key/key.core/../key.ui/examples/standard_key/arith/poly_division0.key 
205483     INFO  main            d.u.i.k.p.i.AbstractProblemLoader Loading environment from /home/runner/work/key/key/key.core/../key.ui/examples/standard_key/arith/poly_division0.key 
205483     DEBUG main            d.u.i.k.p.i.AbstractProblemLoader Environment load took 201.1ns 
205484     INFO  main            d.u.i.k.p.i.AbstractProblemLoader Creating init config 
207915     DEBUG main            d.u.i.k.p.i.AbstractProblemLoader Init config took 2.43s 
207947     INFO  main            d.u.i.k.p.i.AbstractProblemLoader Replaying proof poly_division0.key 
207948     DEBUG main            d.u.i.k.p.i.IntermediateProofReplayer Proof replay took 6.4ns 
208056     INFO  main            d.u.i.k.p.r.p.TestFile    ... finished proof: closed. 
208343     INFO  main            d.u.i.k.p.i.AbstractProblemLoader Loading environment from /home/runner/work/key/key/key.core/../key.ui/examples/standard_key/arith/poly_division0.key.proof 
208343     DEBUG main            d.u.i.k.p.i.AbstractProblemLoader Environment load took 106.1ns 
208344     INFO  main            d.u.i.k.p.i.AbstractProblemLoader Creating init config 
210705     DEBUG main            d.u.i.k.p.i.AbstractProblemLoader Init config took 2.36s 
210719     INFO  main            d.u.i.k.p.i.AbstractProblemLoader Replaying proof poly_division0.key.proof 
210728     DEBUG main            d.u.i.k.p.i.IntermediateProofReplayer Proof replay took 7.55ms 
210729     DEBUG main            d.u.i.k.p.r.p.TestFile    ... success: reloaded. 
210730     INFO  main            d.u.i.k.p.r.p.TestFile    Now processing file /home/runner/work/key/key/key.core/../key.ui/examples/standard_key/arith/poly_division1.key 
210730     INFO  main            d.u.i.k.p.i.AbstractProblemLoader Loading environment from /home/runner/work/key/key/key.core/../key.ui/examples/standard_key/arith/poly_division1.key 
210730     DEBUG main            d.u.i.k.p.i.AbstractProblemLoader Environment load took 111.3ns 
210731     INFO  main            d.u.i.k.p.i.AbstractProblemLoader Creating init config 
213145     DEBUG main            d.u.i.k.p.i.AbstractProblemLoader Init config took 2.41s 
213161     INFO  main            d.u.i.k.p.i.AbstractProblemLoader Replaying proof poly_division1.key 
213164     DEBUG main            d.u.i.k.p.i.IntermediateProofReplayer Proof replay took 6.5ns 
213265     INFO  main            d.u.i.k.p.r.p.TestFile    ... finished proof: closed. 
213521     INFO  main            d.u.i.k.p.i.AbstractProblemLoader Loading environment from /home/runner/work/key/key/key.core/../key.ui/examples/standard_key/arith/poly_division1.key.proof 
213521     DEBUG main            d.u.i.k.p.i.AbstractProblemLoader Environment load took 100.3ns 
213522     INFO  main            d.u.i.k.p.i.AbstractProblemLoader Creating init config 
215930     DEBUG main            d.u.i.k.p.i.AbstractProblemLoader Init config took 2.41s 
215945     INFO  main            d.u.i.k.p.i.AbstractProblemLoader Replaying proof poly_division1.key.proof 
215953     DEBUG main            d.u.i.k.p.i.IntermediateProofReplayer Proof replay took 6.69ms 
215954     DEBUG main            d.u.i.k.p.r.p.TestFile    ... success: reloaded. 
215955     INFO  main            d.u.i.k.p.r.p.TestFile    Now processing file /home/runner/work/key/key/key.core/../key.ui/examples/standard_key/inEqSimp/division.key 
215955     INFO  main            d.u.i.k.p.i.AbstractProblemLoader Loading environment from /home/runner/work/key/key/key.core/../key.ui/examples/standard_key/inEqSimp/division.key 
215955     DEBUG main            d.u.i.k.p.i.AbstractProblemLoader Environment load took 98.1ns 
215956     INFO  main            d.u.i.k.p.i.AbstractProblemLoader Creating init config 
218347     DEBUG main            d.u.i.k.p.i.AbstractProblemLoader Init config took 2.39s 
218364     INFO  main            d.u.i.k.p.i.AbstractProblemLoader Replaying proof division.key 
218365     DEBUG main            d.u.i.k.p.i.IntermediateProofReplayer Proof replay took 7.5ns 
220301     INFO  main            d.u.i.k.p.r.p.TestFile    ... finished proof: closed. 
220579     INFO  main            d.u.i.k.p.i.AbstractProblemLoader Loading environment from /home/runner/work/key/key/key.core/../key.ui/examples/standard_key/inEqSimp/division.key.proof 
220580     DEBUG main            d.u.i.k.p.i.AbstractProblemLoader Environment load took 878.22ns 
220581     INFO  main            d.u.i.k.p.i.AbstractProblemLoader Creating init config 
222947     DEBUG main            d.u.i.k.p.i.AbstractProblemLoader Init config took 2.37s 
222961     INFO  main            d.u.i.k.p.i.AbstractProblemLoader Replaying proof division.key.proof 
223051     DEBUG main            d.u.i.k.p.i.IntermediateProofReplayer Proof replay took 78.77ms 
223052     DEBUG main            d.u.i.k.p.r.p.TestFile    ... success: reloaded. 
223053     INFO  main            d.u.i.k.p.r.p.TestFile    Now processing file /home/runner/work/key/key/key.core/../key.ui/examples/standard_key/inEqSimp/inequations0.key 
223054     INFO  main            d.u.i.k.p.i.AbstractProblemLoader Loading environment from /home/runner/work/key/key/key.core/../key.ui/examples/standard_key/inEqSimp/inequations0.key 
223054     DEBUG main            d.u.i.k.p.i.AbstractProblemLoader Environment load took 197.5ns 
223055     INFO  main            d.u.i.k.p.i.AbstractProblemLoader Creating init config 
225480     DEBUG main            d.u.i.k.p.i.AbstractProblemLoader Init config took 2.43s 
225493     INFO  main            d.u.i.k.p.i.AbstractProblemLoader Replaying proof inequations0.key 
225494     DEBUG main            d.u.i.k.p.i.IntermediateProofReplayer Proof replay took 38.7ns 
225596     INFO  main            d.u.i.k.p.r.p.TestFile    ... finished proof: closed. 
225891     INFO  main            d.u.i.k.p.i.AbstractProblemLoader Loading environment from /home/runner/work/key/key/key.core/../key.ui/examples/standard_key/inEqSimp/inequations0.key.proof 
225891     DEBUG main            d.u.i.k.p.i.AbstractProblemLoader Environment load took 96.6ns 
225892     INFO  main            d.u.i.k.p.i.AbstractProblemLoader Creating init config 
228250     DEBUG main            d.u.i.k.p.i.AbstractProblemLoader Init config took 2.36s 
228263     INFO  main            d.u.i.k.p.i.AbstractProblemLoader Replaying proof inequations0.key.proof 
228267     DEBUG main            d.u.i.k.p.i.IntermediateProofReplayer Proof replay took 2.08ms 
228268     DEBUG main            d.u.i.k.p.r.p.TestFile    ... success: reloaded. 
228268     INFO  main            d.u.i.k.p.r.p.TestFile    Now processing file /home/runner/work/key/key/key.core/../key.ui/examples/standard_key/inEqSimp/inequations1.key 
228269     INFO  main            d.u.i.k.p.i.AbstractProblemLoader Loading environment from /home/runner/work/key/key/key.core/../key.ui/examples/standard_key/inEqSimp/inequations1.key 
228269     DEBUG main            d.u.i.k.p.i.AbstractProblemLoader Environment load took 127.4ns 
228270     INFO  main            d.u.i.k.p.i.AbstractProblemLoader Creating init config 
230663     DEBUG main            d.u.i.k.p.i.AbstractProblemLoader Init config took 2.39s 
230676     INFO  main            d.u.i.k.p.i.AbstractProblemLoader Replaying proof inequations1.key 
230677     DEBUG main            d.u.i.k.p.i.IntermediateProofReplayer Proof replay took 2.6ns 
230778     INFO  main            d.u.i.k.p.r.p.TestFile    ... finished proof: closed. 
231047     INFO  main            d.u.i.k.p.i.AbstractProblemLoader Loading environment from /home/runner/work/key/key/key.core/../key.ui/examples/standard_key/inEqSimp/inequations1.key.proof 
231047     DEBUG main            d.u.i.k.p.i.AbstractProblemLoader Environment load took 82.1ns 
231048     INFO  main            d.u.i.k.p.i.AbstractProblemLoader Creating init config 
233407     DEBUG main            d.u.i.k.p.i.AbstractProblemLoader Init config took 2.36s 
233419     INFO  main            d.u.i.k.p.i.AbstractProblemLoader Replaying proof inequations1.key.proof 
233422     DEBUG main            d.u.i.k.p.i.IntermediateProofReplayer Proof replay took 1.27ms 
233423     DEBUG main            d.u.i.k.p.r.p.TestFile    ... success: reloaded. 
233423     INFO  main            d.u.i.k.p.r.p.TestFile    Now processing file /home/runner/work/key/key/key.core/../key.ui/examples/standard_key/inEqSimp/inequations2.key 
233424     INFO  main            d.u.i.k.p.i.AbstractProblemLoader Loading environment from /home/runner/work/key/key/key.core/../key.ui/examples/standard_key/inEqSimp/inequations2.key 
233424     DEBUG main            d.u.i.k.p.i.AbstractProblemLoader Environment load took 92.8ns 
233424     INFO  main            d.u.i.k.p.i.AbstractProblemLoader Creating init config 
235820     DEBUG main            d.u.i.k.p.i.AbstractProblemLoader Init config took 2.4s 
235832     INFO  main            d.u.i.k.p.i.AbstractProblemLoader Replaying proof inequations2.key 
235833     DEBUG main            d.u.i.k.p.i.IntermediateProofReplayer Proof replay took 3.2ns 
235935     INFO  main            d.u.i.k.p.r.p.TestFile    ... finished proof: closed. 
236212     INFO  main            d.u.i.k.p.i.AbstractProblemLoader Loading environment from /home/runner/work/key/key/key.core/../key.ui/examples/standard_key/inEqSimp/inequations2.key.proof 
236212     DEBUG main            d.u.i.k.p.i.AbstractProblemLoader Environment load took 148.6ns 
236213     INFO  main            d.u.i.k.p.i.AbstractProblemLoader Creating init config 
238577     DEBUG main            d.u.i.k.p.i.AbstractProblemLoader Init config took 2.36s 
238589     INFO  main            d.u.i.k.p.i.AbstractProblemLoader Replaying proof inequations2.key.proof 
238592     DEBUG main            d.u.i.k.p.i.IntermediateProofReplayer Proof replay took 1.44ms 
238593     DEBUG main            d.u.i.k.p.r.p.TestFile    ... success: reloaded. 
238593     INFO  main            d.u.i.k.p.r.p.TestFile    Now processing file /home/runner/work/key/key/key.core/../key.ui/examples/standard_key/inEqSimp/linApprox.key 
238593     INFO  main            d.u.i.k.p.i.AbstractProblemLoader Loading environment from /home/runner/work/key/key/key.core/../key.ui/examples/standard_key/inEqSimp/linApprox.key 
238594     DEBUG main            d.u.i.k.p.i.AbstractProblemLoader Environment load took 86.7ns 
238594     INFO  main            d.u.i.k.p.i.AbstractProblemLoader Creating init config 
240988     DEBUG main            d.u.i.k.p.i.AbstractProblemLoader Init config took 2.39s 
241001     INFO  main            d.u.i.k.p.i.AbstractProblemLoader Replaying proof linApprox.key 
241002     DEBUG main            d.u.i.k.p.i.IntermediateProofReplayer Proof replay took 2.9ns 
241104     INFO  main            d.u.i.k.p.r.p.TestFile    ... finished proof: closed. 
241385     INFO  main            d.u.i.k.p.i.AbstractProblemLoader Loading environment from /home/runner/work/key/key/key.core/../key.ui/examples/standard_key/inEqSimp/linApprox.key.proof 
241385     DEBUG main            d.u.i.k.p.i.AbstractProblemLoader Environment load took 87.3ns 
241386     INFO  main            d.u.i.k.p.i.AbstractProblemLoader Creating init config 
243761     DEBUG main            d.u.i.k.p.i.AbstractProblemLoader Init config took 2.37s 
243773     INFO  main            d.u.i.k.p.i.AbstractProblemLoader Replaying proof linApprox.key.proof 
243777     DEBUG main            d.u.i.k.p.i.IntermediateProofReplayer Proof replay took 2.45ms 
243778     DEBUG main            d.u.i.k.p.r.p.TestFile    ... success: reloaded. 
243779     INFO  main            d.u.i.k.p.r.p.TestFile    Now processing file /home/runner/work/key/key/key.core/../key.ui/examples/standard_key/inEqSimp/nonLinInEqExample0.key 
243779     INFO  main            d.u.i.k.p.i.AbstractProblemLoader Loading environment from /home/runner/work/key/key/key.core/../key.ui/examples/standard_key/inEqSimp/nonLinInEqExample0.key 
243779     DEBUG main            d.u.i.k.p.i.AbstractProblemLoader Environment load took 85.5ns 
243780     INFO  main            d.u.i.k.p.i.AbstractProblemLoader Creating init config 
246180     DEBUG main            d.u.i.k.p.i.AbstractProblemLoader Init config took 2.4s 
246193     INFO  main            d.u.i.k.p.i.AbstractProblemLoader Replaying proof nonLinInEqExample0.key 
246194     DEBUG main            d.u.i.k.p.i.IntermediateProofReplayer Proof replay took 3ns 
246295     INFO  main            d.u.i.k.p.r.p.TestFile    ... finished proof: closed. 
246581     INFO  main            d.u.i.k.p.i.AbstractProblemLoader Loading environment from /home/runner/work/key/key/key.core/../key.ui/examples/standard_key/inEqSimp/nonLinInEqExample0.key.proof 
246581     DEBUG main            d.u.i.k.p.i.AbstractProblemLoader Environment load took 88.2ns 
246582     INFO  main            d.u.i.k.p.i.AbstractProblemLoader Creating init config 
248940     DEBUG main            d.u.i.k.p.i.AbstractProblemLoader Init config took 2.36s 
248953     INFO  main            d.u.i.k.p.i.AbstractProblemLoader Replaying proof nonLinInEqExample0.key.proof 
248955     DEBUG main            d.u.i.k.p.i.IntermediateProofReplayer Proof replay took 862.92ns 
248956     DEBUG main            d.u.i.k.p.r.p.TestFile    ... success: reloaded. 
248956     INFO  main            d.u.i.k.p.r.p.TestFile    Now processing file /home/runner/work/key/key/key.core/../key.ui/examples/standard_key/inEqSimp/nonLinInEqExample2.key 
248957     INFO  main            d.u.i.k.p.i.AbstractProblemLoader Loading environment from /home/runner/work/key/key/key.core/../key.ui/examples/standard_key/inEqSimp/nonLinInEqExample2.key 
248957     DEBUG main            d.u.i.k.p.i.AbstractProblemLoader Environment load took 80.7ns 
248957     INFO  main            d.u.i.k.p.i.AbstractProblemLoader Creating init config 
251377     DEBUG main            d.u.i.k.p.i.AbstractProblemLoader Init config took 2.42s 
251390     INFO  main            d.u.i.k.p.i.AbstractProblemLoader Replaying proof nonLinInEqExample2.key 
251392     DEBUG main            d.u.i.k.p.i.IntermediateProofReplayer Proof replay took 3.7ns 
251695     INFO  main            d.u.i.k.p.r.p.TestFile    ... finished proof: closed. 
251994     INFO  main            d.u.i.k.p.i.AbstractProblemLoader Loading environment from /home/runner/work/key/key/key.core/../key.ui/examples/standard_key/inEqSimp/nonLinInEqExample2.key.proof 
251994     DEBUG main            d.u.i.k.p.i.AbstractProblemLoader Environment load took 96ns 
251995     INFO  main            d.u.i.k.p.i.AbstractProblemLoader Creating init config 
254359     DEBUG main            d.u.i.k.p.i.AbstractProblemLoader Init config took 2.36s 
254372     INFO  main            d.u.i.k.p.i.AbstractProblemLoader Replaying proof nonLinInEqExample2.key.proof 
254399     DEBUG main            d.u.i.k.p.i.IntermediateProofReplayer Proof replay took 24.53ms 
254400     DEBUG main            d.u.i.k.p.r.p.TestFile    ... success: reloaded. 
254401     INFO  main            d.u.i.k.p.r.p.TestFile    Now processing file /home/runner/work/key/key/key.core/../key.ui/examples/standard_key/inEqSimp/nonLinInEqExample3.key 
254401     INFO  main            d.u.i.k.p.i.AbstractProblemLoader Loading environment from /home/runner/work/key/key/key.core/../key.ui/examples/standard_key/inEqSimp/nonLinInEqExample3.key 
254401     DEBUG main            d.u.i.k.p.i.AbstractProblemLoader Environment load took 53.6ns 
254402     INFO  main            d.u.i.k.p.i.AbstractProblemLoader Creating init config 
256810     DEBUG main            d.u.i.k.p.i.AbstractProblemLoader Init config took 2.41s 
256827     INFO  main            d.u.i.k.p.i.AbstractProblemLoader Replaying proof nonLinInEqExample3.key 
256828     DEBUG main            d.u.i.k.p.i.IntermediateProofReplayer Proof replay took 2.6ns 
257031     INFO  main            d.u.i.k.p.r.p.TestFile    ... finished proof: closed. 
257339     INFO  main            d.u.i.k.p.i.AbstractProblemLoader Loading environment from /home/runner/work/key/key/key.core/../key.ui/examples/standard_key/inEqSimp/nonLinInEqExample3.key.proof 
257339     DEBUG main            d.u.i.k.p.i.AbstractProblemLoader Environment load took 91ns 
257340     INFO  main            d.u.i.k.p.i.AbstractProblemLoader Creating init config 
259707     DEBUG main            d.u.i.k.p.i.AbstractProblemLoader Init config took 2.37s 
259720     INFO  main            d.u.i.k.p.i.AbstractProblemLoader Replaying proof nonLinInEqExample3.key.proof 
259738     DEBUG main            d.u.i.k.p.i.IntermediateProofReplayer Proof replay took 15.68ms 
259739     DEBUG main            d.u.i.k.p.r.p.TestFile    ... success: reloaded. 
259739     INFO  main            d.u.i.k.p.r.p.TestFile    Now processing file /home/runner/work/key/key/key.core/../key.ui/examples/standard_key/inEqSimp/nonLinInEqExample4.key 
259740     INFO  main            d.u.i.k.p.i.AbstractProblemLoader Loading environment from /home/runner/work/key/key/key.core/../key.ui/examples/standard_key/inEqSimp/nonLinInEqExample4.key 
259740     DEBUG main            d.u.i.k.p.i.AbstractProblemLoader Environment load took 108.4ns 
259741     INFO  main            d.u.i.k.p.i.AbstractProblemLoader Creating init config 
262163     DEBUG main            d.u.i.k.p.i.AbstractProblemLoader Init config took 2.42s 
262175     INFO  main            d.u.i.k.p.i.AbstractProblemLoader Replaying proof nonLinInEqExample4.key 
262176     DEBUG main            d.u.i.k.p.i.IntermediateProofReplayer Proof replay took 3.6ns 
262281     INFO  main            d.u.i.k.p.r.p.TestFile    ... finished proof: closed. 
262598     INFO  main            d.u.i.k.p.i.AbstractProblemLoader Loading environment from /home/runner/work/key/key/key.core/../key.ui/examples/standard_key/inEqSimp/nonLinInEqExample4.key.proof 
262598     DEBUG main            d.u.i.k.p.i.AbstractProblemLoader Environment load took 85.2ns 
262599     INFO  main            d.u.i.k.p.i.AbstractProblemLoader Creating init config 
265013     DEBUG main            d.u.i.k.p.i.AbstractProblemLoader Init config took 2.41s 
265026     INFO  main            d.u.i.k.p.i.AbstractProblemLoader Replaying proof nonLinInEqExample4.key.proof 
265043     DEBUG main            d.u.i.k.p.i.IntermediateProofReplayer Proof replay took 9.03ms 
265044     DEBUG main            d.u.i.k.p.r.p.TestFile    ... success: reloaded. 
265045     INFO  main            d.u.i.k.p.r.p.TestFile    Now processing file /home/runner/work/key/key/key.core/../key.ui/examples/standard_key/inEqSimp/quadraticInEq.key 
265045     INFO  main            d.u.i.k.p.i.AbstractProblemLoader Loading environment from /home/runner/work/key/key/key.core/../key.ui/examples/standard_key/inEqSimp/quadraticInEq.key 
265046     DEBUG main            d.u.i.k.p.i.AbstractProblemLoader Environment load took 204.6ns 
265047     INFO  main            d.u.i.k.p.i.AbstractProblemLoader Creating init config 
267440     DEBUG main            d.u.i.k.p.i.AbstractProblemLoader Init config took 2.39s 
267453     INFO  main            d.u.i.k.p.i.AbstractProblemLoader Replaying proof quadraticInEq.key 
267454     DEBUG main            d.u.i.k.p.i.IntermediateProofReplayer Proof replay took 3.2ns 
267758     INFO  main            d.u.i.k.p.r.p.TestFile    ... finished proof: closed. 
268085     INFO  main            d.u.i.k.p.i.AbstractProblemLoader Loading environment from /home/runner/work/key/key/key.core/../key.ui/examples/standard_key/inEqSimp/quadraticInEq.key.proof 
268085     DEBUG main            d.u.i.k.p.i.AbstractProblemLoader Environment load took 381.81ns 
268087     INFO  main            d.u.i.k.p.i.AbstractProblemLoader Creating init config 
270449     DEBUG main            d.u.i.k.p.i.AbstractProblemLoader Init config took 2.36s 
270463     INFO  main            d.u.i.k.p.i.AbstractProblemLoader Replaying proof quadraticInEq.key.proof 
270501     DEBUG main            d.u.i.k.p.i.IntermediateProofReplayer Proof replay took 33.92ms 
270503     DEBUG main            d.u.i.k.p.r.p.TestFile    ... success: reloaded. 
270504     INFO  main            d.u.i.k.p.r.p.TestFile    Now processing file /home/runner/work/key/key/key.core/../key.ui/examples/standard_key/inEqSimp/quadraticInEq10.key 
270504     INFO  main            d.u.i.k.p.i.AbstractProblemLoader Loading environment from /home/runner/work/key/key/key.core/../key.ui/examples/standard_key/inEqSimp/quadraticInEq10.key 
270504     DEBUG main            d.u.i.k.p.i.AbstractProblemLoader Environment load took 193ns 
270505     INFO  main            d.u.i.k.p.i.AbstractProblemLoader Creating init config 
272899     DEBUG main            d.u.i.k.p.i.AbstractProblemLoader Init config took 2.39s 
272912     INFO  main            d.u.i.k.p.i.AbstractProblemLoader Replaying proof quadraticInEq10.key 
272914     DEBUG main            d.u.i.k.p.i.IntermediateProofReplayer Proof replay took 3.6ns 
273117     INFO  main            d.u.i.k.p.r.p.TestFile    ... finished proof: closed. 
273444     INFO  main            d.u.i.k.p.i.AbstractProblemLoader Loading environment from /home/runner/work/key/key/key.core/../key.ui/examples/standard_key/inEqSimp/quadraticInEq10.key.proof 
273444     DEBUG main            d.u.i.k.p.i.AbstractProblemLoader Environment load took 88.2ns 
273445     INFO  main            d.u.i.k.p.i.AbstractProblemLoader Creating init config 
275792     DEBUG main            d.u.i.k.p.i.AbstractProblemLoader Init config took 2.35s 
275804     INFO  main            d.u.i.k.p.i.AbstractProblemLoader Replaying proof quadraticInEq10.key.proof 
275822     DEBUG main            d.u.i.k.p.i.IntermediateProofReplayer Proof replay took 13.03ms 
275824     DEBUG main            d.u.i.k.p.r.p.TestFile    ... success: reloaded. 
275825     INFO  main            d.u.i.k.p.r.p.TestFile    Now processing file /home/runner/work/key/key/key.core/../key.ui/examples/standard_key/inEqSimp/quadraticInEq13.key 
275825     INFO  main            d.u.i.k.p.i.AbstractProblemLoader Loading environment from /home/runner/work/key/key/key.core/../key.ui/examples/standard_key/inEqSimp/quadraticInEq13.key 
275825     DEBUG main            d.u.i.k.p.i.AbstractProblemLoader Environment load took 195.7ns 
275826     INFO  main            d.u.i.k.p.i.AbstractProblemLoader Creating init config 
278222     DEBUG main            d.u.i.k.p.i.AbstractProblemLoader Init config took 2.4s 
278234     INFO  main            d.u.i.k.p.i.AbstractProblemLoader Replaying proof quadraticInEq13.key 
278235     DEBUG main            d.u.i.k.p.i.IntermediateProofReplayer Proof replay took 2.8ns 
278439     INFO  main            d.u.i.k.p.r.p.TestFile    ... finished proof: closed. 
278776     INFO  main            d.u.i.k.p.i.AbstractProblemLoader Loading environment from /home/runner/work/key/key/key.core/../key.ui/examples/standard_key/inEqSimp/quadraticInEq13.key.proof 
278776     DEBUG main            d.u.i.k.p.i.AbstractProblemLoader Environment load took 84.8ns 
278777     INFO  main            d.u.i.k.p.i.AbstractProblemLoader Creating init config 
281123     DEBUG main            d.u.i.k.p.i.AbstractProblemLoader Init config took 2.35s 
281136     INFO  main            d.u.i.k.p.i.AbstractProblemLoader Replaying proof quadraticInEq13.key.proof 
281154     DEBUG main            d.u.i.k.p.i.IntermediateProofReplayer Proof replay took 15.2ms 
281155     DEBUG main            d.u.i.k.p.r.p.TestFile    ... success: reloaded. 
281156     INFO  main            d.u.i.k.p.r.p.TestFile    Now processing file /home/runner/work/key/key/key.core/../key.ui/examples/standard_key/inEqSimp/quadraticInEq14.key 
281156     INFO  main            d.u.i.k.p.i.AbstractProblemLoader Loading environment from /home/runner/work/key/key/key.core/../key.ui/examples/standard_key/inEqSimp/quadraticInEq14.key 
281156     DEBUG main            d.u.i.k.p.i.AbstractProblemLoader Environment load took 103.7ns 
281157     INFO  main            d.u.i.k.p.i.AbstractProblemLoader Creating init config 
283538     DEBUG main            d.u.i.k.p.i.AbstractProblemLoader Init config took 2.38s 
283551     INFO  main            d.u.i.k.p.i.AbstractProblemLoader Replaying proof quadraticInEq14.key 
283553     DEBUG main            d.u.i.k.p.i.IntermediateProofReplayer Proof replay took 3.7ns 
283856     INFO  main            d.u.i.k.p.r.p.TestFile    ... finished proof: closed. 
284196     INFO  main            d.u.i.k.p.i.AbstractProblemLoader Loading environment from /home/runner/work/key/key/key.core/../key.ui/examples/standard_key/inEqSimp/quadraticInEq14.key.proof 
284196     DEBUG main            d.u.i.k.p.i.AbstractProblemLoader Environment load took 88.9ns 
284197     INFO  main            d.u.i.k.p.i.AbstractProblemLoader Creating init config 
286547     DEBUG main            d.u.i.k.p.i.AbstractProblemLoader Init config took 2.35s 
286559     INFO  main            d.u.i.k.p.i.AbstractProblemLoader Replaying proof quadraticInEq14.key.proof 
286580     DEBUG main            d.u.i.k.p.i.IntermediateProofReplayer Proof replay took 18.18ms 
286581     DEBUG main            d.u.i.k.p.r.p.TestFile    ... success: reloaded. 
286587     INFO  main            d.u.i.k.p.r.p.TestFile    Now processing file /home/runner/work/key/key/key.core/../key.ui/examples/standard_key/inEqSimp/quadraticInEq2.key 
286588     INFO  main            d.u.i.k.p.i.AbstractProblemLoader Loading environment from /home/runner/work/key/key/key.core/../key.ui/examples/standard_key/inEqSimp/quadraticInEq2.key 
286589     DEBUG main            d.u.i.k.p.i.AbstractProblemLoader Environment load took 205.21ns 
286590     INFO  main            d.u.i.k.p.i.AbstractProblemLoader Creating init config 
288980     DEBUG main            d.u.i.k.p.i.AbstractProblemLoader Init config took 2.39s 
288993     INFO  main            d.u.i.k.p.i.AbstractProblemLoader Replaying proof quadraticInEq2.key 
288994     DEBUG main            d.u.i.k.p.i.IntermediateProofReplayer Proof replay took 3.4ns 
289097     INFO  main            d.u.i.k.p.r.p.TestFile    ... finished proof: closed. 
289439     INFO  main            d.u.i.k.p.i.AbstractProblemLoader Loading environment from /home/runner/work/key/key/key.core/../key.ui/examples/standard_key/inEqSimp/quadraticInEq2.key.proof 
289439     DEBUG main            d.u.i.k.p.i.AbstractProblemLoader Environment load took 84.9ns 
289440     INFO  main            d.u.i.k.p.i.AbstractProblemLoader Creating init config 
291796     DEBUG main            d.u.i.k.p.i.AbstractProblemLoader Init config took 2.36s 
291809     INFO  main            d.u.i.k.p.i.AbstractProblemLoader Replaying proof quadraticInEq2.key.proof 
291812     DEBUG main            d.u.i.k.p.i.IntermediateProofReplayer Proof replay took 2.19ms 
291813     DEBUG main            d.u.i.k.p.r.p.TestFile    ... success: reloaded. 
291814     INFO  main            d.u.i.k.p.r.p.TestFile    Now processing file /home/runner/work/key/key/key.core/../key.ui/examples/standard_key/inEqSimp/quadraticInEq3.key 
291814     INFO  main            d.u.i.k.p.i.AbstractProblemLoader Loading environment from /home/runner/work/key/key/key.core/../key.ui/examples/standard_key/inEqSimp/quadraticInEq3.key 
291814     DEBUG main            d.u.i.k.p.i.AbstractProblemLoader Environment load took 45ns 
291815     INFO  main            d.u.i.k.p.i.AbstractProblemLoader Creating init config 
294209     DEBUG main            d.u.i.k.p.i.AbstractProblemLoader Init config took 2.39s 
294222     INFO  main            d.u.i.k.p.i.AbstractProblemLoader Replaying proof quadraticInEq3.key 
294223     DEBUG main            d.u.i.k.p.i.IntermediateProofReplayer Proof replay took 3.3ns 
294329     INFO  main            d.u.i.k.p.r.p.TestFile    ... finished proof: closed. 
294653     INFO  main            d.u.i.k.p.i.AbstractProblemLoader Loading environment from /home/runner/work/key/key/key.core/../key.ui/examples/standard_key/inEqSimp/quadraticInEq3.key.proof 
294653     DEBUG main            d.u.i.k.p.i.AbstractProblemLoader Environment load took 81.6ns 
294654     INFO  main            d.u.i.k.p.i.AbstractProblemLoader Creating init config 
297011     DEBUG main            d.u.i.k.p.i.AbstractProblemLoader Init config took 2.36s 
297023     INFO  main            d.u.i.k.p.i.AbstractProblemLoader Replaying proof quadraticInEq3.key.proof 
297031     DEBUG main            d.u.i.k.p.i.IntermediateProofReplayer Proof replay took 5.29ms 
297031     DEBUG main            d.u.i.k.p.r.p.TestFile    ... success: reloaded. 
297032     INFO  main            d.u.i.k.p.r.p.TestFile    Now processing file /home/runner/work/key/key/key.core/../key.ui/examples/standard_key/inEqSimp/quadraticInEq4.key 
297033     INFO  main            d.u.i.k.p.i.AbstractProblemLoader Loading environment from /home/runner/work/key/key/key.core/../key.ui/examples/standard_key/inEqSimp/quadraticInEq4.key 
297033     DEBUG main            d.u.i.k.p.i.AbstractProblemLoader Environment load took 110.8ns 
297034     INFO  main            d.u.i.k.p.i.AbstractProblemLoader Creating init config 
299440     DEBUG main            d.u.i.k.p.i.AbstractProblemLoader Init config took 2.41s 
299454     INFO  main            d.u.i.k.p.i.AbstractProblemLoader Replaying proof quadraticInEq4.key 
299455     DEBUG main            d.u.i.k.p.i.IntermediateProofReplayer Proof replay took 2.5ns 
299557     INFO  main            d.u.i.k.p.r.p.TestFile    ... finished proof: closed. 
299891     INFO  main            d.u.i.k.p.i.AbstractProblemLoader Loading environment from /home/runner/work/key/key/key.core/../key.ui/examples/standard_key/inEqSimp/quadraticInEq4.key.proof 
299891     DEBUG main            d.u.i.k.p.i.AbstractProblemLoader Environment load took 83.1ns 
299892     INFO  main            d.u.i.k.p.i.AbstractProblemLoader Creating init config 
302229     DEBUG main            d.u.i.k.p.i.AbstractProblemLoader Init config took 2.34s 
302242     INFO  main            d.u.i.k.p.i.AbstractProblemLoader Replaying proof quadraticInEq4.key.proof 
302248     DEBUG main            d.u.i.k.p.i.IntermediateProofReplayer Proof replay took 4.04ms 
302248     DEBUG main            d.u.i.k.p.r.p.TestFile    ... success: reloaded. 
302249     INFO  main            d.u.i.k.p.r.p.TestFile    Now processing file /home/runner/work/key/key/key.core/../key.ui/examples/standard_key/inEqSimp/quadraticInEq5.key 
302249     INFO  main            d.u.i.k.p.i.AbstractProblemLoader Loading environment from /home/runner/work/key/key/key.core/../key.ui/examples/standard_key/inEqSimp/quadraticInEq5.key 
302249     DEBUG main            d.u.i.k.p.i.AbstractProblemLoader Environment load took 82ns 
302250     INFO  main            d.u.i.k.p.i.AbstractProblemLoader Creating init config 
304626     DEBUG main            d.u.i.k.p.i.AbstractProblemLoader Init config took 2.38s 
304639     INFO  main            d.u.i.k.p.i.AbstractProblemLoader Replaying proof quadraticInEq5.key 
304640     DEBUG main            d.u.i.k.p.i.IntermediateProofReplayer Proof replay took 2.9ns 
304742     INFO  main            d.u.i.k.p.r.p.TestFile    ... finished proof: closed. 
305078     INFO  main            d.u.i.k.p.i.AbstractProblemLoader Loading environment from /home/runner/work/key/key/key.core/../key.ui/examples/standard_key/inEqSimp/quadraticInEq5.key.proof 
305078     DEBUG main            d.u.i.k.p.i.AbstractProblemLoader Environment load took 81.7ns 
305079     INFO  main            d.u.i.k.p.i.AbstractProblemLoader Creating init config 
307415     DEBUG main            d.u.i.k.p.i.AbstractProblemLoader Init config took 2.34s 
307428     INFO  main            d.u.i.k.p.i.AbstractProblemLoader Replaying proof quadraticInEq5.key.proof 
307434     DEBUG main            d.u.i.k.p.i.IntermediateProofReplayer Proof replay took 3.95ms 
307434     DEBUG main            d.u.i.k.p.r.p.TestFile    ... success: reloaded. 
307435     INFO  main            d.u.i.k.p.r.p.TestFile    Now processing file /home/runner/work/key/key/key.core/../key.ui/examples/standard_key/inEqSimp/quadraticInEq6.key 
307435     INFO  main            d.u.i.k.p.i.AbstractProblemLoader Loading environment from /home/runner/work/key/key/key.core/../key.ui/examples/standard_key/inEqSimp/quadraticInEq6.key 
307435     DEBUG main            d.u.i.k.p.i.AbstractProblemLoader Environment load took 59.9ns 
307436     INFO  main            d.u.i.k.p.i.AbstractProblemLoader Creating init config 
309810     DEBUG main            d.u.i.k.p.i.AbstractProblemLoader Init config took 2.37s 
309822     INFO  main            d.u.i.k.p.i.AbstractProblemLoader Replaying proof quadraticInEq6.key 
309824     DEBUG main            d.u.i.k.p.i.IntermediateProofReplayer Proof replay took 3.4ns 
309929     INFO  main            d.u.i.k.p.r.p.TestFile    ... finished proof: closed. 
310268     INFO  main            d.u.i.k.p.i.AbstractProblemLoader Loading environment from /home/runner/work/key/key/key.core/../key.ui/examples/standard_key/inEqSimp/quadraticInEq6.key.proof 
310268     DEBUG main            d.u.i.k.p.i.AbstractProblemLoader Environment load took 82.1ns 
310269     INFO  main            d.u.i.k.p.i.AbstractProblemLoader Creating init config 
312607     DEBUG main            d.u.i.k.p.i.AbstractProblemLoader Init config took 2.34s 
312620     INFO  main            d.u.i.k.p.i.AbstractProblemLoader Replaying proof quadraticInEq6.key.proof 
312625     DEBUG main            d.u.i.k.p.i.IntermediateProofReplayer Proof replay took 3.84ms 
312626     DEBUG main            d.u.i.k.p.r.p.TestFile    ... success: reloaded. 
312626     INFO  main            d.u.i.k.p.r.p.TestFile    Now processing file /home/runner/work/key/key/key.core/../key.ui/examples/standard_key/inEqSimp/quadraticInEq7.key 
312627     INFO  main            d.u.i.k.p.i.AbstractProblemLoader Loading environment from /home/runner/work/key/key/key.core/../key.ui/examples/standard_key/inEqSimp/quadraticInEq7.key 
312627     DEBUG main            d.u.i.k.p.i.AbstractProblemLoader Environment load took 46.2ns 
312627     INFO  main            d.u.i.k.p.i.AbstractProblemLoader Creating init config 
314998     DEBUG main            d.u.i.k.p.i.AbstractProblemLoader Init config took 2.37s 
315010     INFO  main            d.u.i.k.p.i.AbstractProblemLoader Replaying proof quadraticInEq7.key 
315011     DEBUG main            d.u.i.k.p.i.IntermediateProofReplayer Proof replay took 3.3ns 
315113     INFO  main            d.u.i.k.p.r.p.TestFile    ... finished proof: closed. 
315457     INFO  main            d.u.i.k.p.i.AbstractProblemLoader Loading environment from /home/runner/work/key/key/key.core/../key.ui/examples/standard_key/inEqSimp/quadraticInEq7.key.proof 
315457     DEBUG main            d.u.i.k.p.i.AbstractProblemLoader Environment load took 81.3ns 
315458     INFO  main            d.u.i.k.p.i.AbstractProblemLoader Creating init config 
317799     DEBUG main            d.u.i.k.p.i.AbstractProblemLoader Init config took 2.34s 
317812     INFO  main            d.u.i.k.p.i.AbstractProblemLoader Replaying proof quadraticInEq7.key.proof 
317815     DEBUG main            d.u.i.k.p.i.IntermediateProofReplayer Proof replay took 2ms 
317816     DEBUG main            d.u.i.k.p.r.p.TestFile    ... success: reloaded. 
317816     INFO  main            d.u.i.k.p.r.p.TestFile    Now processing file /home/runner/work/key/key/key.core/../key.ui/examples/standard_key/inEqSimp/quadraticInEq8.key 
317817     INFO  main            d.u.i.k.p.i.AbstractProblemLoader Loading environment from /home/runner/work/key/key/key.core/../key.ui/examples/standard_key/inEqSimp/quadraticInEq8.key 
317817     DEBUG main            d.u.i.k.p.i.AbstractProblemLoader Environment load took 84.9ns 
317817     INFO  main            d.u.i.k.p.i.AbstractProblemLoader Creating init config 
320185     DEBUG main            d.u.i.k.p.i.AbstractProblemLoader Init config took 2.37s 
320197     INFO  main            d.u.i.k.p.i.AbstractProblemLoader Replaying proof quadraticInEq8.key 
320199     DEBUG main            d.u.i.k.p.i.IntermediateProofReplayer Proof replay took 3.3ns 
320301     INFO  main            d.u.i.k.p.r.p.TestFile    ... finished proof: closed. 
320663     INFO  main            d.u.i.k.p.i.AbstractProblemLoader Loading environment from /home/runner/work/key/key/key.core/../key.ui/examples/standard_key/inEqSimp/quadraticInEq8.key.proof 
320663     DEBUG main            d.u.i.k.p.i.AbstractProblemLoader Environment load took 85.2ns 
320664     INFO  main            d.u.i.k.p.i.AbstractProblemLoader Creating init config 
322997     DEBUG main            d.u.i.k.p.i.AbstractProblemLoader Init config took 2.33s 
323009     INFO  main            d.u.i.k.p.i.AbstractProblemLoader Replaying proof quadraticInEq8.key.proof 
323017     DEBUG main            d.u.i.k.p.i.IntermediateProofReplayer Proof replay took 6.39ms 
323018     DEBUG main            d.u.i.k.p.r.p.TestFile    ... success: reloaded. 
323019     INFO  main            d.u.i.k.p.r.p.TestFile    Now processing file /home/runner/work/key/key/key.core/../key.ui/examples/standard_key/inEqSimp/simplify0.key 
323019     INFO  main            d.u.i.k.p.i.AbstractProblemLoader Loading environment from /home/runner/work/key/key/key.core/../key.ui/examples/standard_key/inEqSimp/simplify0.key 
323019     DEBUG main            d.u.i.k.p.i.AbstractProblemLoader Environment load took 48.3ns 
323020     INFO  main            d.u.i.k.p.i.AbstractProblemLoader Creating init config 
325401     DEBUG main            d.u.i.k.p.i.AbstractProblemLoader Init config took 2.38s 
325415     INFO  main            d.u.i.k.p.i.AbstractProblemLoader Replaying proof simplify0.key 
325416     DEBUG main            d.u.i.k.p.i.IntermediateProofReplayer Proof replay took 3.1ns 
325520     INFO  main            d.u.i.k.p.r.p.TestFile    ... finished proof: closed. 
325881     INFO  main            d.u.i.k.p.i.AbstractProblemLoader Loading environment from /home/runner/work/key/key/key.core/../key.ui/examples/standard_key/inEqSimp/simplify0.key.proof 
325882     DEBUG main            d.u.i.k.p.i.AbstractProblemLoader Environment load took 103.5ns 
325883     INFO  main            d.u.i.k.p.i.AbstractProblemLoader Creating init config 
328218     DEBUG main            d.u.i.k.p.i.AbstractProblemLoader Init config took 2.34s 
328233     INFO  main            d.u.i.k.p.i.AbstractProblemLoader Replaying proof simplify0.key.proof 
328237     DEBUG main            d.u.i.k.p.i.IntermediateProofReplayer Proof replay took 2.28ms 
328237     DEBUG main            d.u.i.k.p.r.p.TestFile    ... success: reloaded. 
328238     INFO  main            d.u.i.k.p.r.p.TestFile    Now processing file /home/runner/work/key/key/key.core/../key.ui/examples/standard_key/inEqSimp/simplify1.key 
328238     INFO  main            d.u.i.k.p.i.AbstractProblemLoader Loading environment from /home/runner/work/key/key/key.core/../key.ui/examples/standard_key/inEqSimp/simplify1.key 
328238     DEBUG main            d.u.i.k.p.i.AbstractProblemLoader Environment load took 43.9ns 
328239     INFO  main            d.u.i.k.p.i.AbstractProblemLoader Creating init config 
330609     DEBUG main            d.u.i.k.p.i.AbstractProblemLoader Init config took 2.37s 
330621     INFO  main            d.u.i.k.p.i.AbstractProblemLoader Replaying proof simplify1.key 
330622     DEBUG main            d.u.i.k.p.i.IntermediateProofReplayer Proof replay took 2.6ns 
330724     INFO  main            d.u.i.k.p.r.p.TestFile    ... finished proof: closed. 
331090     INFO  main            d.u.i.k.p.i.AbstractProblemLoader Loading environment from /home/runner/work/key/key/key.core/../key.ui/examples/standard_key/inEqSimp/simplify1.key.proof 
331090     DEBUG main            d.u.i.k.p.i.AbstractProblemLoader Environment load took 82.5ns 
331091     INFO  main            d.u.i.k.p.i.AbstractProblemLoader Creating init config 
333437     DEBUG main            d.u.i.k.p.i.AbstractProblemLoader Init config took 2.35s 
333450     INFO  main            d.u.i.k.p.i.AbstractProblemLoader Replaying proof simplify1.key.proof 
333452     DEBUG main            d.u.i.k.p.i.IntermediateProofReplayer Proof replay took 1.2ms 
333453     DEBUG main            d.u.i.k.p.r.p.TestFile    ... success: reloaded. 
333453     INFO  main            d.u.i.k.p.r.p.TestFile    Now processing file /home/runner/work/key/key/key.core/../key.ui/examples/standard_key/inEqSimp/simplify2.key 
333453     INFO  main            d.u.i.k.p.i.AbstractProblemLoader Loading environment from /home/runner/work/key/key/key.core/../key.ui/examples/standard_key/inEqSimp/simplify2.key 
333453     DEBUG main            d.u.i.k.p.i.AbstractProblemLoader Environment load took 43.8ns 
333456     INFO  main            d.u.i.k.p.i.AbstractProblemLoader Creating init config 
335837     DEBUG main            d.u.i.k.p.i.AbstractProblemLoader Init config took 2.38s 
335849     INFO  main            d.u.i.k.p.i.AbstractProblemLoader Replaying proof simplify2.key 
335850     DEBUG main            d.u.i.k.p.i.IntermediateProofReplayer Proof replay took 3.2ns 
335952     INFO  main            d.u.i.k.p.r.p.TestFile    ... finished proof: closed. 
336329     INFO  main            d.u.i.k.p.i.AbstractProblemLoader Loading environment from /home/runner/work/key/key/key.core/../key.ui/examples/standard_key/inEqSimp/simplify2.key.proof 
336329     DEBUG main            d.u.i.k.p.i.AbstractProblemLoader Environment load took 106ns 
336330     INFO  main            d.u.i.k.p.i.AbstractProblemLoader Creating init config 
338665     DEBUG main            d.u.i.k.p.i.AbstractProblemLoader Init config took 2.34s 
338677     INFO  main            d.u.i.k.p.i.AbstractProblemLoader Replaying proof simplify2.key.proof 
338689     DEBUG main            d.u.i.k.p.i.IntermediateProofReplayer Proof replay took 10.06ms 
338690     DEBUG main            d.u.i.k.p.r.p.TestFile    ... success: reloaded. 
338690     INFO  main            d.u.i.k.p.r.p.TestFile    Now processing file /home/runner/work/key/key/key.core/../key.ui/examples/standard_key/inEqSimp/simplify3.key 
338691     INFO  main            d.u.i.k.p.i.AbstractProblemLoader Loading environment from /home/runner/work/key/key/key.core/../key.ui/examples/standard_key/inEqSimp/simplify3.key 
338691     DEBUG main            d.u.i.k.p.i.AbstractProblemLoader Environment load took 77.9ns 
338692     INFO  main            d.u.i.k.p.i.AbstractProblemLoader Creating init config 
341067     DEBUG main            d.u.i.k.p.i.AbstractProblemLoader Init config took 2.38s 
341079     INFO  main            d.u.i.k.p.i.AbstractProblemLoader Replaying proof simplify3.key 
341080     DEBUG main            d.u.i.k.p.i.IntermediateProofReplayer Proof replay took 3.2ns 
341182     INFO  main            d.u.i.k.p.r.p.TestFile    ... finished proof: closed. 
341563     INFO  main            d.u.i.k.p.i.AbstractProblemLoader Loading environment from /home/runner/work/key/key/key.core/../key.ui/examples/standard_key/inEqSimp/simplify3.key.proof 
341563     DEBUG main            d.u.i.k.p.i.AbstractProblemLoader Environment load took 85.4ns 
341564     INFO  main            d.u.i.k.p.i.AbstractProblemLoader Creating init config 
343894     DEBUG main            d.u.i.k.p.i.AbstractProblemLoader Init config took 2.33s 
343912     INFO  main            d.u.i.k.p.i.AbstractProblemLoader Replaying proof simplify3.key.proof 
343915     DEBUG main            d.u.i.k.p.i.IntermediateProofReplayer Proof replay took 1.83ms 
343915     DEBUG main            d.u.i.k.p.r.p.TestFile    ... success: reloaded. 
343916     INFO  main            d.u.i.k.p.r.p.TestFile    Now processing file /home/runner/work/key/key/key.core/../key.ui/examples/standard_key/inEqSimp/simplify4.key 
343916     INFO  main            d.u.i.k.p.i.AbstractProblemLoader Loading environment from /home/runner/work/key/key/key.core/../key.ui/examples/standard_key/inEqSimp/simplify4.key 
343916     DEBUG main            d.u.i.k.p.i.AbstractProblemLoader Environment load took 76.9ns 
343917     INFO  main            d.u.i.k.p.i.AbstractProblemLoader Creating init config 
346300     DEBUG main            d.u.i.k.p.i.AbstractProblemLoader Init config took 2.38s 
346313     INFO  main            d.u.i.k.p.i.AbstractProblemLoader Replaying proof simplify4.key 
346314     DEBUG main            d.u.i.k.p.i.IntermediateProofReplayer Proof replay took 2.5ns 
346416     INFO  main            d.u.i.k.p.r.p.TestFile    ... finished proof: closed. 
346832     INFO  main            d.u.i.k.p.i.AbstractProblemLoader Loading environment from /home/runner/work/key/key/key.core/../key.ui/examples/standard_key/inEqSimp/simplify4.key.proof 
346833     DEBUG main            d.u.i.k.p.i.AbstractProblemLoader Environment load took 85.7ns 
346834     INFO  main            d.u.i.k.p.i.AbstractProblemLoader Creating init config 
349171     DEBUG main            d.u.i.k.p.i.AbstractProblemLoader Init config took 2.34s 
349185     INFO  main            d.u.i.k.p.i.AbstractProblemLoader Replaying proof simplify4.key.proof 
349209     DEBUG main            d.u.i.k.p.i.IntermediateProofReplayer Proof replay took 11.95ms 
349210     DEBUG main            d.u.i.k.p.r.p.TestFile    ... success: reloaded. 
349211     INFO  main            d.u.i.k.p.r.p.TestFile    Now processing file /home/runner/work/key/key/key.core/../key.ui/examples/standard_key/inEqSimp/simplify5.key 
349211     INFO  main            d.u.i.k.p.i.AbstractProblemLoader Loading environment from /home/runner/work/key/key/key.core/../key.ui/examples/standard_key/inEqSimp/simplify5.key 
349211     DEBUG main            d.u.i.k.p.i.AbstractProblemLoader Environment load took 61.4ns 
349212     INFO  main            d.u.i.k.p.i.AbstractProblemLoader Creating init config 
351594     DEBUG main            d.u.i.k.p.i.AbstractProblemLoader Init config took 2.38s 
351607     INFO  main            d.u.i.k.p.i.AbstractProblemLoader Replaying proof simplify5.key 
351609     DEBUG main            d.u.i.k.p.i.IntermediateProofReplayer Proof replay took 2.8ns 
352113     INFO  main            d.u.i.k.p.r.p.TestFile    ... finished proof: closed. 
352532     INFO  main            d.u.i.k.p.i.AbstractProblemLoader Loading environment from /home/runner/work/key/key/key.core/../key.ui/examples/standard_key/inEqSimp/simplify5.key.proof 
352532     DEBUG main            d.u.i.k.p.i.AbstractProblemLoader Environment load took 438.11ns 
352534     INFO  main            d.u.i.k.p.i.AbstractProblemLoader Creating init config 
354879     DEBUG main            d.u.i.k.p.i.AbstractProblemLoader Init config took 2.35s 
354892     INFO  main            d.u.i.k.p.i.AbstractProblemLoader Replaying proof simplify5.key.proof 
354944     DEBUG main            d.u.i.k.p.i.IntermediateProofReplayer Proof replay took 47.62ms 
354945     DEBUG main            d.u.i.k.p.r.p.TestFile    ... success: reloaded. 
354946     INFO  main            d.u.i.k.p.r.p.TestFile    Now processing file /home/runner/work/key/key/key.core/../key.ui/examples/standard_key/inEqSimp/subsumptionExample.key 
354946     INFO  main            d.u.i.k.p.i.AbstractProblemLoader Loading environment from /home/runner/work/key/key/key.core/../key.ui/examples/standard_key/inEqSimp/subsumptionExample.key 
354946     DEBUG main            d.u.i.k.p.i.AbstractProblemLoader Environment load took 83.7ns 
354947     INFO  main            d.u.i.k.p.i.AbstractProblemLoader Creating init config 
357338     DEBUG main            d.u.i.k.p.i.AbstractProblemLoader Init config took 2.39s 
357351     INFO  main            d.u.i.k.p.i.AbstractProblemLoader Replaying proof subsumptionExample.key 
357352     DEBUG main            d.u.i.k.p.i.IntermediateProofReplayer Proof replay took 3.1ns 
357453     INFO  main            d.u.i.k.p.r.p.TestFile    ... finished proof: closed. 
357869     INFO  main            d.u.i.k.p.i.AbstractProblemLoader Loading environment from /home/runner/work/key/key/key.core/../key.ui/examples/standard_key/inEqSimp/subsumptionExample.key.proof 
357870     DEBUG main            d.u.i.k.p.i.AbstractProblemLoader Environment load took 80ns 
357870     INFO  main            d.u.i.k.p.i.AbstractProblemLoader Creating init config 
360208     DEBUG main            d.u.i.k.p.i.AbstractProblemLoader Init config took 2.34s 
360220     INFO  main            d.u.i.k.p.i.AbstractProblemLoader Replaying proof subsumptionExample.key.proof 
360223     DEBUG main            d.u.i.k.p.i.IntermediateProofReplayer Proof replay took 883.42ns 
360223     DEBUG main            d.u.i.k.p.r.p.TestFile    ... success: reloaded. 
360224     INFO  main            d.u.i.k.p.r.p.TestFile    Now processing file /home/runner/work/key/key/key.core/../key.ui/examples/standard_key/polySimp/simplify0.key 
360224     INFO  main            d.u.i.k.p.i.AbstractProblemLoader Loading environment from /home/runner/work/key/key/key.core/../key.ui/examples/standard_key/polySimp/simplify0.key 
360224     DEBUG main            d.u.i.k.p.i.AbstractProblemLoader Environment load took 46.5ns 
360225     INFO  main            d.u.i.k.p.i.AbstractProblemLoader Creating init config 
362603     DEBUG main            d.u.i.k.p.i.AbstractProblemLoader Init config took 2.38s 
362618     INFO  main            d.u.i.k.p.i.AbstractProblemLoader Replaying proof simplify0.key 
362619     DEBUG main            d.u.i.k.p.i.IntermediateProofReplayer Proof replay took 2.6ns 
362822     INFO  main            d.u.i.k.p.r.p.TestFile    ... finished proof: closed. 
363234     INFO  main            d.u.i.k.p.i.AbstractProblemLoader Loading environment from /home/runner/work/key/key/key.core/../key.ui/examples/standard_key/polySimp/simplify0.key.proof 
363234     DEBUG main            d.u.i.k.p.i.AbstractProblemLoader Environment load took 79.9ns 
363235     INFO  main            d.u.i.k.p.i.AbstractProblemLoader Creating init config 
365582     DEBUG main            d.u.i.k.p.i.AbstractProblemLoader Init config took 2.35s 
365596     INFO  main            d.u.i.k.p.i.AbstractProblemLoader Replaying proof simplify0.key.proof 
365616     DEBUG main            d.u.i.k.p.i.IntermediateProofReplayer Proof replay took 14.78ms 
365617     DEBUG main            d.u.i.k.p.r.p.TestFile    ... success: reloaded. 
365617     INFO  main            d.u.i.k.p.r.p.TestFile    Now processing file /home/runner/work/key/key/key.core/../key.ui/examples/standard_key/polySimp/simplify1.key 
365618     INFO  main            d.u.i.k.p.i.AbstractProblemLoader Loading environment from /home/runner/work/key/key/key.core/../key.ui/examples/standard_key/polySimp/simplify1.key 
365618     DEBUG main            d.u.i.k.p.i.AbstractProblemLoader Environment load took 102.9ns 
365618     INFO  main            d.u.i.k.p.i.AbstractProblemLoader Creating init config 
367999     DEBUG main            d.u.i.k.p.i.AbstractProblemLoader Init config took 2.38s 
368012     INFO  main            d.u.i.k.p.i.AbstractProblemLoader Replaying proof simplify1.key 
368013     DEBUG main            d.u.i.k.p.i.IntermediateProofReplayer Proof replay took 2.7ns 
368315     INFO  main            d.u.i.k.p.r.p.TestFile    ... finished proof: closed. 
368750     INFO  main            d.u.i.k.p.i.AbstractProblemLoader Loading environment from /home/runner/work/key/key/key.core/../key.ui/examples/standard_key/polySimp/simplify1.key.proof 
368750     DEBUG main            d.u.i.k.p.i.AbstractProblemLoader Environment load took 86.9ns 
368751     INFO  main            d.u.i.k.p.i.AbstractProblemLoader Creating init config 
371091     DEBUG main            d.u.i.k.p.i.AbstractProblemLoader Init config took 2.34s 
371105     INFO  main            d.u.i.k.p.i.AbstractProblemLoader Replaying proof simplify1.key.proof 
371127     DEBUG main            d.u.i.k.p.i.IntermediateProofReplayer Proof replay took 19.95ms 
371128     DEBUG main            d.u.i.k.p.r.p.TestFile    ... success: reloaded. 
371128     INFO  main            d.u.i.k.p.r.p.TestFile    Now processing file /home/runner/work/key/key/key.core/../key.ui/examples/standard_key/polySimp/simplify10.key 
371128     INFO  main            d.u.i.k.p.i.AbstractProblemLoader Loading environment from /home/runner/work/key/key/key.core/../key.ui/examples/standard_key/polySimp/simplify10.key 
371128     DEBUG main            d.u.i.k.p.i.AbstractProblemLoader Environment load took 44.8ns 
371129     INFO  main            d.u.i.k.p.i.AbstractProblemLoader Creating init config 
373522     DEBUG main            d.u.i.k.p.i.AbstractProblemLoader Init config took 2.39s 
373536     INFO  main            d.u.i.k.p.i.AbstractProblemLoader Replaying proof simplify10.key 
373537     DEBUG main            d.u.i.k.p.i.IntermediateProofReplayer Proof replay took 2.4ns 
373839     INFO  main            d.u.i.k.p.r.p.TestFile    ... finished proof: closed. 
374283     INFO  main            d.u.i.k.p.i.AbstractProblemLoader Loading environment from /home/runner/work/key/key/key.core/../key.ui/examples/standard_key/polySimp/simplify10.key.proof 
374283     DEBUG main            d.u.i.k.p.i.AbstractProblemLoader Environment load took 88ns 
374284     INFO  main            d.u.i.k.p.i.AbstractProblemLoader Creating init config 
376638     DEBUG main            d.u.i.k.p.i.AbstractProblemLoader Init config took 2.35s 
376653     INFO  main            d.u.i.k.p.i.AbstractProblemLoader Replaying proof simplify10.key.proof 
376683     DEBUG main            d.u.i.k.p.i.IntermediateProofReplayer Proof replay took 27.85ms 
376684     DEBUG main            d.u.i.k.p.r.p.TestFile    ... success: reloaded. 
376684     INFO  main            d.u.i.k.p.r.p.TestFile    Now processing file /home/runner/work/key/key/key.core/../key.ui/examples/standard_key/polySimp/simplify11.key 
376685     INFO  main            d.u.i.k.p.i.AbstractProblemLoader Loading environment from /home/runner/work/key/key/key.core/../key.ui/examples/standard_key/polySimp/simplify11.key 
376685     DEBUG main            d.u.i.k.p.i.AbstractProblemLoader Environment load took 53.8ns 
376685     INFO  main            d.u.i.k.p.i.AbstractProblemLoader Creating init config 
379062     DEBUG main            d.u.i.k.p.i.AbstractProblemLoader Init config took 2.38s 
379074     INFO  main            d.u.i.k.p.i.AbstractProblemLoader Replaying proof simplify11.key 
379075     DEBUG main            d.u.i.k.p.i.IntermediateProofReplayer Proof replay took 2.4ns 
379378     INFO  main            d.u.i.k.p.r.p.TestFile    ... finished proof: closed. 
379805     INFO  main            d.u.i.k.p.i.AbstractProblemLoader Loading environment from /home/runner/work/key/key/key.core/../key.ui/examples/standard_key/polySimp/simplify11.key.proof 
379805     DEBUG main            d.u.i.k.p.i.AbstractProblemLoader Environment load took 86.6ns 
379807     INFO  main            d.u.i.k.p.i.AbstractProblemLoader Creating init config 
382154     DEBUG main            d.u.i.k.p.i.AbstractProblemLoader Init config took 2.35s 
382168     INFO  main            d.u.i.k.p.i.AbstractProblemLoader Replaying proof simplify11.key.proof 
382188     DEBUG main            d.u.i.k.p.i.IntermediateProofReplayer Proof replay took 17.58ms 
382189     DEBUG main            d.u.i.k.p.r.p.TestFile    ... success: reloaded. 
382189     INFO  main            d.u.i.k.p.r.p.TestFile    Now processing file /home/runner/work/key/key/key.core/../key.ui/examples/standard_key/polySimp/simplify12.key 
382189     INFO  main            d.u.i.k.p.i.AbstractProblemLoader Loading environment from /home/runner/work/key/key/key.core/../key.ui/examples/standard_key/polySimp/simplify12.key 
382189     DEBUG main            d.u.i.k.p.i.AbstractProblemLoader Environment load took 39.8ns 
382190     INFO  main            d.u.i.k.p.i.AbstractProblemLoader Creating init config 
384569     DEBUG main            d.u.i.k.p.i.AbstractProblemLoader Init config took 2.38s 
384581     INFO  main            d.u.i.k.p.i.AbstractProblemLoader Replaying proof simplify12.key 
384582     DEBUG main            d.u.i.k.p.i.IntermediateProofReplayer Proof replay took 3ns 
384683     INFO  main            d.u.i.k.p.r.p.TestFile    ... finished proof: closed. 
385109     INFO  main            d.u.i.k.p.i.AbstractProblemLoader Loading environment from /home/runner/work/key/key/key.core/../key.ui/examples/standard_key/polySimp/simplify12.key.proof 
385109     DEBUG main            d.u.i.k.p.i.AbstractProblemLoader Environment load took 82.7ns 
385110     INFO  main            d.u.i.k.p.i.AbstractProblemLoader Creating init config 
387451     DEBUG main            d.u.i.k.p.i.AbstractProblemLoader Init config took 2.34s 
387464     INFO  main            d.u.i.k.p.i.AbstractProblemLoader Replaying proof simplify12.key.proof 
387474     DEBUG main            d.u.i.k.p.i.IntermediateProofReplayer Proof replay took 8.32ms 
387475     DEBUG main            d.u.i.k.p.r.p.TestFile    ... success: reloaded. 
387475     INFO  main            d.u.i.k.p.r.p.TestFile    Now processing file /home/runner/work/key/key/key.core/../key.ui/examples/standard_key/polySimp/simplify13.key 
387475     INFO  main            d.u.i.k.p.i.AbstractProblemLoader Loading environment from /home/runner/work/key/key/key.core/../key.ui/examples/standard_key/polySimp/simplify13.key 
387475     DEBUG main            d.u.i.k.p.i.AbstractProblemLoader Environment load took 46.2ns 
387476     INFO  main            d.u.i.k.p.i.AbstractProblemLoader Creating init config 
389849     DEBUG main            d.u.i.k.p.i.AbstractProblemLoader Init config took 2.37s 
389861     INFO  main            d.u.i.k.p.i.AbstractProblemLoader Replaying proof simplify13.key 
389862     DEBUG main            d.u.i.k.p.i.IntermediateProofReplayer Proof replay took 2.6ns 
389964     INFO  main            d.u.i.k.p.r.p.TestFile    ... finished proof: closed. 
390383     INFO  main            d.u.i.k.p.i.AbstractProblemLoader Loading environment from /home/runner/work/key/key/key.core/../key.ui/examples/standard_key/polySimp/simplify13.key.proof 
390383     DEBUG main            d.u.i.k.p.i.AbstractProblemLoader Environment load took 84.6ns 
390384     INFO  main            d.u.i.k.p.i.AbstractProblemLoader Creating init config 
392724     DEBUG main            d.u.i.k.p.i.AbstractProblemLoader Init config took 2.34s 
392739     INFO  main            d.u.i.k.p.i.AbstractProblemLoader Replaying proof simplify13.key.proof 
392745     DEBUG main            d.u.i.k.p.i.IntermediateProofReplayer Proof replay took 4.84ms 
392746     DEBUG main            d.u.i.k.p.r.p.TestFile    ... success: reloaded. 
392746     INFO  main            d.u.i.k.p.r.p.TestFile    Now processing file /home/runner/work/key/key/key.core/../key.ui/examples/standard_key/polySimp/simplify14.key 
392746     INFO  main            d.u.i.k.p.i.AbstractProblemLoader Loading environment from /home/runner/work/key/key/key.core/../key.ui/examples/standard_key/polySimp/simplify14.key 
392746     DEBUG main            d.u.i.k.p.i.AbstractProblemLoader Environment load took 40.9ns 
392747     INFO  main            d.u.i.k.p.i.AbstractProblemLoader Creating init config 
395123     DEBUG main            d.u.i.k.p.i.AbstractProblemLoader Init config took 2.38s 
395136     INFO  main            d.u.i.k.p.i.AbstractProblemLoader Replaying proof simplify14.key 
395137     DEBUG main            d.u.i.k.p.i.IntermediateProofReplayer Proof replay took 2.7ns 
395239     INFO  main            d.u.i.k.p.r.p.TestFile    ... finished proof: closed. 
395665     INFO  main            d.u.i.k.p.i.AbstractProblemLoader Loading environment from /home/runner/work/key/key/key.core/../key.ui/examples/standard_key/polySimp/simplify14.key.proof 
395665     DEBUG main            d.u.i.k.p.i.AbstractProblemLoader Environment load took 82.4ns 
395666     INFO  main            d.u.i.k.p.i.AbstractProblemLoader Creating init config 
398008     DEBUG main            d.u.i.k.p.i.AbstractProblemLoader Init config took 2.34s 
398021     INFO  main            d.u.i.k.p.i.AbstractProblemLoader Replaying proof simplify14.key.proof 
398024     DEBUG main            d.u.i.k.p.i.IntermediateProofReplayer Proof replay took 1.36ms 
398025     DEBUG main            d.u.i.k.p.r.p.TestFile    ... success: reloaded. 
398025     INFO  main            d.u.i.k.p.r.p.TestFile    Now processing file /home/runner/work/key/key/key.core/../key.ui/examples/standard_key/polySimp/simplify15.key 
398025     INFO  main            d.u.i.k.p.i.AbstractProblemLoader Loading environment from /home/runner/work/key/key/key.core/../key.ui/examples/standard_key/polySimp/simplify15.key 
398025     DEBUG main            d.u.i.k.p.i.AbstractProblemLoader Environment load took 44.6ns 
398026     INFO  main            d.u.i.k.p.i.AbstractProblemLoader Creating init config 
400414     DEBUG main            d.u.i.k.p.i.AbstractProblemLoader Init config took 2.39s 
400426     INFO  main            d.u.i.k.p.i.AbstractProblemLoader Replaying proof simplify15.key 
400427     DEBUG main            d.u.i.k.p.i.IntermediateProofReplayer Proof replay took 3.1ns 
400529     INFO  main            d.u.i.k.p.r.p.TestFile    ... finished proof: closed. 
400957     INFO  main            d.u.i.k.p.i.AbstractProblemLoader Loading environment from /home/runner/work/key/key/key.core/../key.ui/examples/standard_key/polySimp/simplify15.key.proof 
400957     DEBUG main            d.u.i.k.p.i.AbstractProblemLoader Environment load took 77.1ns 
400958     INFO  main            d.u.i.k.p.i.AbstractProblemLoader Creating init config 
403298     DEBUG main            d.u.i.k.p.i.AbstractProblemLoader Init config took 2.34s 
403310     INFO  main            d.u.i.k.p.i.AbstractProblemLoader Replaying proof simplify15.key.proof 
403312     DEBUG main            d.u.i.k.p.i.IntermediateProofReplayer Proof replay took 666.22ns 
403313     DEBUG main            d.u.i.k.p.r.p.TestFile    ... success: reloaded. 
403313     INFO  main            d.u.i.k.p.r.p.TestFile    Now processing file /home/runner/work/key/key/key.core/../key.ui/examples/standard_key/polySimp/simplify16.key 
403313     INFO  main            d.u.i.k.p.i.AbstractProblemLoader Loading environment from /home/runner/work/key/key/key.core/../key.ui/examples/standard_key/polySimp/simplify16.key 
403314     DEBUG main            d.u.i.k.p.i.AbstractProblemLoader Environment load took 60.9ns 
403314     INFO  main            d.u.i.k.p.i.AbstractProblemLoader Creating init config 
405703     DEBUG main            d.u.i.k.p.i.AbstractProblemLoader Init config took 2.39s 
405715     INFO  main            d.u.i.k.p.i.AbstractProblemLoader Replaying proof simplify16.key 
405716     DEBUG main            d.u.i.k.p.i.IntermediateProofReplayer Proof replay took 2.6ns 
405818     INFO  main            d.u.i.k.p.r.p.TestFile    ... finished proof: closed. 
406261     INFO  main            d.u.i.k.p.i.AbstractProblemLoader Loading environment from /home/runner/work/key/key/key.core/../key.ui/examples/standard_key/polySimp/simplify16.key.proof 
406261     DEBUG main            d.u.i.k.p.i.AbstractProblemLoader Environment load took 83.4ns 
406262     INFO  main            d.u.i.k.p.i.AbstractProblemLoader Creating init config 
408600     DEBUG main            d.u.i.k.p.i.AbstractProblemLoader Init config took 2.34s 
408613     INFO  main            d.u.i.k.p.i.AbstractProblemLoader Replaying proof simplify16.key.proof 
408614     DEBUG main            d.u.i.k.p.i.IntermediateProofReplayer Proof replay took 460.91ns 
408615     DEBUG main            d.u.i.k.p.r.p.TestFile    ... success: reloaded. 
408615     INFO  main            d.u.i.k.p.r.p.TestFile    Now processing file /home/runner/work/key/key/key.core/../key.ui/examples/standard_key/polySimp/simplify17.key 
408615     INFO  main            d.u.i.k.p.i.AbstractProblemLoader Loading environment from /home/runner/work/key/key/key.core/../key.ui/examples/standard_key/polySimp/simplify17.key 
408615     DEBUG main            d.u.i.k.p.i.AbstractProblemLoader Environment load took 42ns 
408616     INFO  main            d.u.i.k.p.i.AbstractProblemLoader Creating init config 
410999     DEBUG main            d.u.i.k.p.i.AbstractProblemLoader Init config took 2.38s 
411011     INFO  main            d.u.i.k.p.i.AbstractProblemLoader Replaying proof simplify17.key 
411012     DEBUG main            d.u.i.k.p.i.IntermediateProofReplayer Proof replay took 3.1ns 
411114     INFO  main            d.u.i.k.p.r.p.TestFile    ... finished proof: closed. 
411577     INFO  main            d.u.i.k.p.i.AbstractProblemLoader Loading environment from /home/runner/work/key/key/key.core/../key.ui/examples/standard_key/polySimp/simplify17.key.proof 
411577     DEBUG main            d.u.i.k.p.i.AbstractProblemLoader Environment load took 83.6ns 
411578     INFO  main            d.u.i.k.p.i.AbstractProblemLoader Creating init config 
413917     DEBUG main            d.u.i.k.p.i.AbstractProblemLoader Init config took 2.34s 
413930     INFO  main            d.u.i.k.p.i.AbstractProblemLoader Replaying proof simplify17.key.proof 
413937     DEBUG main            d.u.i.k.p.i.IntermediateProofReplayer Proof replay took 5.17ms 
413937     DEBUG main            d.u.i.k.p.r.p.TestFile    ... success: reloaded. 
413938     INFO  main            d.u.i.k.p.r.p.TestFile    Now processing file /home/runner/work/key/key/key.core/../key.ui/examples/standard_key/polySimp/simplify18.key 
413938     INFO  main            d.u.i.k.p.i.AbstractProblemLoader Loading environment from /home/runner/work/key/key/key.core/../key.ui/examples/standard_key/polySimp/simplify18.key 
413938     DEBUG main            d.u.i.k.p.i.AbstractProblemLoader Environment load took 65.9ns 
413939     INFO  main            d.u.i.k.p.i.AbstractProblemLoader Creating init config 
416338     DEBUG main            d.u.i.k.p.i.AbstractProblemLoader Init config took 2.4s 
416351     INFO  main            d.u.i.k.p.i.AbstractProblemLoader Replaying proof simplify18.key 
416352     DEBUG main            d.u.i.k.p.i.IntermediateProofReplayer Proof replay took 3.1ns 
416554     INFO  main            d.u.i.k.p.r.p.TestFile    ... finished proof: closed. 
417024     INFO  main            d.u.i.k.p.i.AbstractProblemLoader Loading environment from /home/runner/work/key/key/key.core/../key.ui/examples/standard_key/polySimp/simplify18.key.proof 
417024     DEBUG main            d.u.i.k.p.i.AbstractProblemLoader Environment load took 85.9ns 
417025     INFO  main            d.u.i.k.p.i.AbstractProblemLoader Creating init config 
419362     DEBUG main            d.u.i.k.p.i.AbstractProblemLoader Init config took 2.34s 
419375     INFO  main            d.u.i.k.p.i.AbstractProblemLoader Replaying proof simplify18.key.proof 
419391     DEBUG main            d.u.i.k.p.i.IntermediateProofReplayer Proof replay took 13.44ms 
419391     DEBUG main            d.u.i.k.p.r.p.TestFile    ... success: reloaded. 
419392     INFO  main            d.u.i.k.p.r.p.TestFile    Now processing file /home/runner/work/key/key/key.core/../key.ui/examples/standard_key/polySimp/simplify19.key 
419392     INFO  main            d.u.i.k.p.i.AbstractProblemLoader Loading environment from /home/runner/work/key/key/key.core/../key.ui/examples/standard_key/polySimp/simplify19.key 
419392     DEBUG main            d.u.i.k.p.i.AbstractProblemLoader Environment load took 69.6ns 
419393     INFO  main            d.u.i.k.p.i.AbstractProblemLoader Creating init config 
421784     DEBUG main            d.u.i.k.p.i.AbstractProblemLoader Init config took 2.39s 
421796     INFO  main            d.u.i.k.p.i.AbstractProblemLoader Replaying proof simplify19.key 
421797     DEBUG main            d.u.i.k.p.i.IntermediateProofReplayer Proof replay took 2.5ns 
424826     INFO  main            d.u.i.k.p.r.p.TestFile    ... finished proof: closed. 
425355     INFO  main            d.u.i.k.p.i.AbstractProblemLoader Loading environment from /home/runner/work/key/key/key.core/../key.ui/examples/standard_key/polySimp/simplify19.key.proof 
425355     DEBUG main            d.u.i.k.p.i.AbstractProblemLoader Environment load took 98ns 
425357     INFO  main            d.u.i.k.p.i.AbstractProblemLoader Creating init config 
427848     DEBUG main            d.u.i.k.p.i.AbstractProblemLoader Init config took 2.49s 
427863     INFO  main            d.u.i.k.p.i.AbstractProblemLoader Replaying proof simplify19.key.proof 
428155     DEBUG main            d.u.i.k.p.i.IntermediateProofReplayer Proof replay took 250.3ms 
428157     DEBUG main            d.u.i.k.p.r.p.TestFile    ... success: reloaded. 
428164     INFO  main            d.u.i.k.p.r.p.TestFile    Now processing file /home/runner/work/key/key/key.core/../key.ui/examples/standard_key/polySimp/simplify2.key 
428168     INFO  main            d.u.i.k.p.i.AbstractProblemLoader Loading environment from /home/runner/work/key/key/key.core/../key.ui/examples/standard_key/polySimp/simplify2.key 
428168     DEBUG main            d.u.i.k.p.i.AbstractProblemLoader Environment load took 488.91ns 
428169     INFO  main            d.u.i.k.p.i.AbstractProblemLoader Creating init config 
430662     DEBUG main            d.u.i.k.p.i.AbstractProblemLoader Init config took 2.49s 
430674     INFO  main            d.u.i.k.p.i.AbstractProblemLoader Replaying proof simplify2.key 
430675     DEBUG main            d.u.i.k.p.i.IntermediateProofReplayer Proof replay took 2.9ns 
430776     INFO  main            d.u.i.k.p.r.p.TestFile    ... finished proof: closed. 
431277     INFO  main            d.u.i.k.p.i.AbstractProblemLoader Loading environment from /home/runner/work/key/key/key.core/../key.ui/examples/standard_key/polySimp/simplify2.key.proof 
431277     DEBUG main            d.u.i.k.p.i.AbstractProblemLoader Environment load took 91.1ns 
431278     INFO  main            d.u.i.k.p.i.AbstractProblemLoader Creating init config 
433619     DEBUG main            d.u.i.k.p.i.AbstractProblemLoader Init config took 2.34s 
433631     INFO  main            d.u.i.k.p.i.AbstractProblemLoader Replaying proof simplify2.key.proof 
433633     DEBUG main            d.u.i.k.p.i.IntermediateProofReplayer Proof replay took 800.82ns 
433634     DEBUG main            d.u.i.k.p.r.p.TestFile    ... success: reloaded. 
433634     INFO  main            d.u.i.k.p.r.p.TestFile    Now processing file /home/runner/work/key/key/key.core/../key.ui/examples/standard_key/polySimp/simplify20.key 
433634     INFO  main            d.u.i.k.p.i.AbstractProblemLoader Loading environment from /home/runner/work/key/key/key.core/../key.ui/examples/standard_key/polySimp/simplify20.key 
433634     DEBUG main            d.u.i.k.p.i.AbstractProblemLoader Environment load took 45.5ns 
433635     INFO  main            d.u.i.k.p.i.AbstractProblemLoader Creating init config 
435999     DEBUG main            d.u.i.k.p.i.AbstractProblemLoader Init config took 2.36s 
436011     INFO  main            d.u.i.k.p.i.AbstractProblemLoader Replaying proof simplify20.key 
436012     DEBUG main            d.u.i.k.p.i.IntermediateProofReplayer Proof replay took 2.5ns 
436716     INFO  main            d.u.i.k.p.r.p.TestFile    ... finished proof: closed. 
437218     INFO  main            d.u.i.k.p.i.AbstractProblemLoader Loading environment from /home/runner/work/key/key/key.core/../key.ui/examples/standard_key/polySimp/simplify20.key.proof 
437218     DEBUG main            d.u.i.k.p.i.AbstractProblemLoader Environment load took 91.1ns 
437220     INFO  main            d.u.i.k.p.i.AbstractProblemLoader Creating init config 
439573     DEBUG main            d.u.i.k.p.i.AbstractProblemLoader Init config took 2.35s 
439586     INFO  main            d.u.i.k.p.i.AbstractProblemLoader Replaying proof simplify20.key.proof 
439647     DEBUG main            d.u.i.k.p.i.IntermediateProofReplayer Proof replay took 56.8ms 
439648     DEBUG main            d.u.i.k.p.r.p.TestFile    ... success: reloaded. 
439649     INFO  main            d.u.i.k.p.r.p.TestFile    Now processing file /home/runner/work/key/key/key.core/../key.ui/examples/standard_key/polySimp/simplify21.key 
439649     INFO  main            d.u.i.k.p.i.AbstractProblemLoader Loading environment from /home/runner/work/key/key/key.core/../key.ui/examples/standard_key/polySimp/simplify21.key 
439649     DEBUG main            d.u.i.k.p.i.AbstractProblemLoader Environment load took 47ns 
439650     INFO  main            d.u.i.k.p.i.AbstractProblemLoader Creating init config 
442031     DEBUG main            d.u.i.k.p.i.AbstractProblemLoader Init config took 2.38s 
442045     INFO  main            d.u.i.k.p.i.AbstractProblemLoader Replaying proof simplify21.key 
442046     DEBUG main            d.u.i.k.p.i.IntermediateProofReplayer Proof replay took 2.8ns 
442651     INFO  main            d.u.i.k.p.r.p.TestFile    ... finished proof: closed. 
443191     INFO  main            d.u.i.k.p.i.AbstractProblemLoader Loading environment from /home/runner/work/key/key/key.core/../key.ui/examples/standard_key/polySimp/simplify21.key.proof 
443191     DEBUG main            d.u.i.k.p.i.AbstractProblemLoader Environment load took 399.41ns 
443194     INFO  main            d.u.i.k.p.i.AbstractProblemLoader Creating init config 
445546     DEBUG main            d.u.i.k.p.i.AbstractProblemLoader Init config took 2.35s 
445561     INFO  main            d.u.i.k.p.i.AbstractProblemLoader Replaying proof simplify21.key.proof 
445609     DEBUG main            d.u.i.k.p.i.IntermediateProofReplayer Proof replay took 44.18ms 
445610     DEBUG main            d.u.i.k.p.r.p.TestFile    ... success: reloaded. 
445611     INFO  main            d.u.i.k.p.r.p.TestFile    Now processing file /home/runner/work/key/key/key.core/../key.ui/examples/standard_key/polySimp/simplify22.key 
445611     INFO  main            d.u.i.k.p.i.AbstractProblemLoader Loading environment from /home/runner/work/key/key/key.core/../key.ui/examples/standard_key/polySimp/simplify22.key 
445611     DEBUG main            d.u.i.k.p.i.AbstractProblemLoader Environment load took 47.3ns 
445612     INFO  main            d.u.i.k.p.i.AbstractProblemLoader Creating init config 
447997     DEBUG main            d.u.i.k.p.i.AbstractProblemLoader Init config took 2.39s 
448010     INFO  main            d.u.i.k.p.i.AbstractProblemLoader Replaying proof simplify22.key 
448011     DEBUG main            d.u.i.k.p.i.IntermediateProofReplayer Proof replay took 2.8ns 
448112     INFO  main            d.u.i.k.p.r.p.TestFile    ... finished proof: closed. 
448617     INFO  main            d.u.i.k.p.i.AbstractProblemLoader Loading environment from /home/runner/work/key/key/key.core/../key.ui/examples/standard_key/polySimp/simplify22.key.proof 
448617     DEBUG main            d.u.i.k.p.i.AbstractProblemLoader Environment load took 84.8ns 
448618     INFO  main            d.u.i.k.p.i.AbstractProblemLoader Creating init config 
450967     DEBUG main            d.u.i.k.p.i.AbstractProblemLoader Init config took 2.35s 
450980     INFO  main            d.u.i.k.p.i.AbstractProblemLoader Replaying proof simplify22.key.proof 
450984     DEBUG main            d.u.i.k.p.i.IntermediateProofReplayer Proof replay took 2.32ms 
450984     DEBUG main            d.u.i.k.p.r.p.TestFile    ... success: reloaded. 
450985     INFO  main            d.u.i.k.p.r.p.TestFile    Now processing file /home/runner/work/key/key/key.core/../key.ui/examples/standard_key/polySimp/simplify23.key 
450985     INFO  main            d.u.i.k.p.i.AbstractProblemLoader Loading environment from /home/runner/work/key/key/key.core/../key.ui/examples/standard_key/polySimp/simplify23.key 
450985     DEBUG main            d.u.i.k.p.i.AbstractProblemLoader Environment load took 74.8ns 
450986     INFO  main            d.u.i.k.p.i.AbstractProblemLoader Creating init config 
453353     DEBUG main            d.u.i.k.p.i.AbstractProblemLoader Init config took 2.37s 
453365     INFO  main            d.u.i.k.p.i.AbstractProblemLoader Replaying proof simplify23.key 
453366     DEBUG main            d.u.i.k.p.i.IntermediateProofReplayer Proof replay took 2.9ns 
453468     INFO  main            d.u.i.k.p.r.p.TestFile    ... finished proof: closed. 
453962     INFO  main            d.u.i.k.p.i.AbstractProblemLoader Loading environment from /home/runner/work/key/key/key.core/../key.ui/examples/standard_key/polySimp/simplify23.key.proof 
453962     DEBUG main            d.u.i.k.p.i.AbstractProblemLoader Environment load took 90.6ns 
453963     INFO  main            d.u.i.k.p.i.AbstractProblemLoader Creating init config 
456297     DEBUG main            d.u.i.k.p.i.AbstractProblemLoader Init config took 2.33s 
456310     INFO  main            d.u.i.k.p.i.AbstractProblemLoader Replaying proof simplify23.key.proof 
456322     DEBUG main            d.u.i.k.p.i.IntermediateProofReplayer Proof replay took 10.8ms 
456323     DEBUG main            d.u.i.k.p.r.p.TestFile    ... success: reloaded. 
456323     INFO  main            d.u.i.k.p.r.p.TestFile    Now processing file /home/runner/work/key/key/key.core/../key.ui/examples/standard_key/polySimp/simplify24.key 
456324     INFO  main            d.u.i.k.p.i.AbstractProblemLoader Loading environment from /home/runner/work/key/key/key.core/../key.ui/examples/standard_key/polySimp/simplify24.key 
456324     DEBUG main            d.u.i.k.p.i.AbstractProblemLoader Environment load took 63.7ns 
456324     INFO  main            d.u.i.k.p.i.AbstractProblemLoader Creating init config 
458695     DEBUG main            d.u.i.k.p.i.AbstractProblemLoader Init config took 2.37s 
458708     INFO  main            d.u.i.k.p.i.AbstractProblemLoader Replaying proof simplify24.key 
458709     DEBUG main            d.u.i.k.p.i.IntermediateProofReplayer Proof replay took 2.7ns 
458810     INFO  main            d.u.i.k.p.r.p.TestFile    ... finished proof: closed. 
459308     INFO  main            d.u.i.k.p.i.AbstractProblemLoader Loading environment from /home/runner/work/key/key/key.core/../key.ui/examples/standard_key/polySimp/simplify24.key.proof 
459308     DEBUG main            d.u.i.k.p.i.AbstractProblemLoader Environment load took 90.4ns 
459309     INFO  main            d.u.i.k.p.i.AbstractProblemLoader Creating init config 
461640     DEBUG main            d.u.i.k.p.i.AbstractProblemLoader Init config took 2.33s 
461652     INFO  main            d.u.i.k.p.i.AbstractProblemLoader Replaying proof simplify24.key.proof 
461656     DEBUG main            d.u.i.k.p.i.IntermediateProofReplayer Proof replay took 2.33ms 
461657     DEBUG main            d.u.i.k.p.r.p.TestFile    ... success: reloaded. 
461657     INFO  main            d.u.i.k.p.r.p.TestFile    Now processing file /home/runner/work/key/key/key.core/../key.ui/examples/standard_key/polySimp/simplify25.key 
461657     INFO  main            d.u.i.k.p.i.AbstractProblemLoader Loading environment from /home/runner/work/key/key/key.core/../key.ui/examples/standard_key/polySimp/simplify25.key 
461657     DEBUG main            d.u.i.k.p.i.AbstractProblemLoader Environment load took 61.8ns 
461658     INFO  main            d.u.i.k.p.i.AbstractProblemLoader Creating init config 
464031     DEBUG main            d.u.i.k.p.i.AbstractProblemLoader Init config took 2.37s 
464044     INFO  main            d.u.i.k.p.i.AbstractProblemLoader Replaying proof simplify25.key 
464044     DEBUG main            d.u.i.k.p.i.IntermediateProofReplayer Proof replay took 3.1ns 
464146     INFO  main            d.u.i.k.p.r.p.TestFile    ... finished proof: closed. 
464651     INFO  main            d.u.i.k.p.i.AbstractProblemLoader Loading environment from /home/runner/work/key/key/key.core/../key.ui/examples/standard_key/polySimp/simplify25.key.proof 
464651     DEBUG main            d.u.i.k.p.i.AbstractProblemLoader Environment load took 82.8ns 
464652     INFO  main            d.u.i.k.p.i.AbstractProblemLoader Creating init config 
467005     DEBUG main            d.u.i.k.p.i.AbstractProblemLoader Init config took 2.35s 
467018     INFO  main            d.u.i.k.p.i.AbstractProblemLoader Replaying proof simplify25.key.proof 
467021     DEBUG main            d.u.i.k.p.i.IntermediateProofReplayer Proof replay took 2.38ms 
467022     DEBUG main            d.u.i.k.p.r.p.TestFile    ... success: reloaded. 
467022     INFO  main            d.u.i.k.p.r.p.TestFile    Now processing file /home/runner/work/key/key/key.core/../key.ui/examples/standard_key/polySimp/simplify3.key 
467022     INFO  main            d.u.i.k.p.i.AbstractProblemLoader Loading environment from /home/runner/work/key/key/key.core/../key.ui/examples/standard_key/polySimp/simplify3.key 
467023     DEBUG main            d.u.i.k.p.i.AbstractProblemLoader Environment load took 43.2ns 
467023     INFO  main            d.u.i.k.p.i.AbstractProblemLoader Creating init config 
469387     DEBUG main            d.u.i.k.p.i.AbstractProblemLoader Init config took 2.36s 
469399     INFO  main            d.u.i.k.p.i.AbstractProblemLoader Replaying proof simplify3.key 
469400     DEBUG main            d.u.i.k.p.i.IntermediateProofReplayer Proof replay took 2.3ns 
469502     INFO  main            d.u.i.k.p.r.p.TestFile    ... finished proof: closed. 
470002     INFO  main            d.u.i.k.p.i.AbstractProblemLoader Loading environment from /home/runner/work/key/key/key.core/../key.ui/examples/standard_key/polySimp/simplify3.key.proof 
470002     DEBUG main            d.u.i.k.p.i.AbstractProblemLoader Environment load took 86.3ns 
470003     INFO  main            d.u.i.k.p.i.AbstractProblemLoader Creating init config 
472336     DEBUG main            d.u.i.k.p.i.AbstractProblemLoader Init config took 2.33s 
472349     INFO  main            d.u.i.k.p.i.AbstractProblemLoader Replaying proof simplify3.key.proof 
472351     DEBUG main            d.u.i.k.p.i.IntermediateProofReplayer Proof replay took 815.52ns 
472352     DEBUG main            d.u.i.k.p.r.p.TestFile    ... success: reloaded. 
472352     INFO  main            d.u.i.k.p.r.p.TestFile    Now processing file /home/runner/work/key/key/key.core/../key.ui/examples/standard_key/polySimp/simplify4.key 
472352     INFO  main            d.u.i.k.p.i.AbstractProblemLoader Loading environment from /home/runner/work/key/key/key.core/../key.ui/examples/standard_key/polySimp/simplify4.key 
472352     DEBUG main            d.u.i.k.p.i.AbstractProblemLoader Environment load took 43ns 
472353     INFO  main            d.u.i.k.p.i.AbstractProblemLoader Creating init config 
474718     DEBUG main            d.u.i.k.p.i.AbstractProblemLoader Init config took 2.37s 
474730     INFO  main            d.u.i.k.p.i.AbstractProblemLoader Replaying proof simplify4.key 
474731     DEBUG main            d.u.i.k.p.i.IntermediateProofReplayer Proof replay took 3.1ns 
474833     INFO  main            d.u.i.k.p.r.p.TestFile    ... finished proof: closed. 
475340     INFO  main            d.u.i.k.p.i.AbstractProblemLoader Loading environment from /home/runner/work/key/key/key.core/../key.ui/examples/standard_key/polySimp/simplify4.key.proof 
475340     DEBUG main            d.u.i.k.p.i.AbstractProblemLoader Environment load took 83.2ns 
475341     INFO  main            d.u.i.k.p.i.AbstractProblemLoader Creating init config 
477677     DEBUG main            d.u.i.k.p.i.AbstractProblemLoader Init config took 2.34s 
477689     INFO  main            d.u.i.k.p.i.AbstractProblemLoader Replaying proof simplify4.key.proof 
477691     DEBUG main            d.u.i.k.p.i.IntermediateProofReplayer Proof replay took 1.05ms 
477692     DEBUG main            d.u.i.k.p.r.p.TestFile    ... success: reloaded. 
477692     INFO  main            d.u.i.k.p.r.p.TestFile    Now processing file /home/runner/work/key/key/key.core/../key.ui/examples/standard_key/polySimp/simplify5.key 
477693     INFO  main            d.u.i.k.p.i.AbstractProblemLoader Loading environment from /home/runner/work/key/key/key.core/../key.ui/examples/standard_key/polySimp/simplify5.key 
477693     DEBUG main            d.u.i.k.p.i.AbstractProblemLoader Environment load took 70.6ns 
477693     INFO  main            d.u.i.k.p.i.AbstractProblemLoader Creating init config 
480055     DEBUG main            d.u.i.k.p.i.AbstractProblemLoader Init config took 2.36s 
480067     INFO  main            d.u.i.k.p.i.AbstractProblemLoader Replaying proof simplify5.key 
480068     DEBUG main            d.u.i.k.p.i.IntermediateProofReplayer Proof replay took 2.6ns 
480170     INFO  main            d.u.i.k.p.r.p.TestFile    ... finished proof: closed. 
480688     INFO  main            d.u.i.k.p.i.AbstractProblemLoader Loading environment from /home/runner/work/key/key/key.core/../key.ui/examples/standard_key/polySimp/simplify5.key.proof 
480688     DEBUG main            d.u.i.k.p.i.AbstractProblemLoader Environment load took 83.9ns 
480689     INFO  main            d.u.i.k.p.i.AbstractProblemLoader Creating init config 
483027     DEBUG main            d.u.i.k.p.i.AbstractProblemLoader Init config took 2.34s 
483040     INFO  main            d.u.i.k.p.i.AbstractProblemLoader Replaying proof simplify5.key.proof 
483047     DEBUG main            d.u.i.k.p.i.IntermediateProofReplayer Proof replay took 5.5ms 
483048     DEBUG main            d.u.i.k.p.r.p.TestFile    ... success: reloaded. 
483048     INFO  main            d.u.i.k.p.r.p.TestFile    Now processing file /home/runner/work/key/key/key.core/../key.ui/examples/standard_key/polySimp/simplify6.key 
483048     INFO  main            d.u.i.k.p.i.AbstractProblemLoader Loading environment from /home/runner/work/key/key/key.core/../key.ui/examples/standard_key/polySimp/simplify6.key 
483048     DEBUG main            d.u.i.k.p.i.AbstractProblemLoader Environment load took 46.3ns 
483049     INFO  main            d.u.i.k.p.i.AbstractProblemLoader Creating init config 
485406     DEBUG main            d.u.i.k.p.i.AbstractProblemLoader Init config took 2.36s 
485419     INFO  main            d.u.i.k.p.i.AbstractProblemLoader Replaying proof simplify6.key 
485419     DEBUG main            d.u.i.k.p.i.IntermediateProofReplayer Proof replay took 2.8ns 
485522     INFO  main            d.u.i.k.p.r.p.TestFile    ... finished proof: closed. 
486037     INFO  main            d.u.i.k.p.i.AbstractProblemLoader Loading environment from /home/runner/work/key/key/key.core/../key.ui/examples/standard_key/polySimp/simplify6.key.proof 
486037     DEBUG main            d.u.i.k.p.i.AbstractProblemLoader Environment load took 76ns 
486038     INFO  main            d.u.i.k.p.i.AbstractProblemLoader Creating init config 
488376     DEBUG main            d.u.i.k.p.i.AbstractProblemLoader Init config took 2.34s 
488389     INFO  main            d.u.i.k.p.i.AbstractProblemLoader Replaying proof simplify6.key.proof 
488390     DEBUG main            d.u.i.k.p.i.IntermediateProofReplayer Proof replay took 346.71ns 
488391     DEBUG main            d.u.i.k.p.r.p.TestFile    ... success: reloaded. 
488391     INFO  main            d.u.i.k.p.r.p.TestFile    Now processing file /home/runner/work/key/key/key.core/../key.ui/examples/standard_key/polySimp/simplify7.key 
488391     INFO  main            d.u.i.k.p.i.AbstractProblemLoader Loading environment from /home/runner/work/key/key/key.core/../key.ui/examples/standard_key/polySimp/simplify7.key 
488391     DEBUG main            d.u.i.k.p.i.AbstractProblemLoader Environment load took 43ns 
488392     INFO  main            d.u.i.k.p.i.AbstractProblemLoader Creating init config 
490758     DEBUG main            d.u.i.k.p.i.AbstractProblemLoader Init config took 2.37s 
490771     INFO  main            d.u.i.k.p.i.AbstractProblemLoader Replaying proof simplify7.key 
490772     DEBUG main            d.u.i.k.p.i.IntermediateProofReplayer Proof replay took 2.4ns 
490874     INFO  main            d.u.i.k.p.r.p.TestFile    ... finished proof: closed. 
491400     INFO  main            d.u.i.k.p.i.AbstractProblemLoader Loading environment from /home/runner/work/key/key/key.core/../key.ui/examples/standard_key/polySimp/simplify7.key.proof 
491400     DEBUG main            d.u.i.k.p.i.AbstractProblemLoader Environment load took 85.2ns 
491401     INFO  main            d.u.i.k.p.i.AbstractProblemLoader Creating init config 
493731     DEBUG main            d.u.i.k.p.i.AbstractProblemLoader Init config took 2.33s 
493744     INFO  main            d.u.i.k.p.i.AbstractProblemLoader Replaying proof simplify7.key.proof 
493746     DEBUG main            d.u.i.k.p.i.IntermediateProofReplayer Proof replay took 568.91ns 
493747     DEBUG main            d.u.i.k.p.r.p.TestFile    ... success: reloaded. 
493747     INFO  main            d.u.i.k.p.r.p.TestFile    Now processing file /home/runner/work/key/key/key.core/../key.ui/examples/standard_key/polySimp/simplify8.key 
493747     INFO  main            d.u.i.k.p.i.AbstractProblemLoader Loading environment from /home/runner/work/key/key/key.core/../key.ui/examples/standard_key/polySimp/simplify8.key 
493747     DEBUG main            d.u.i.k.p.i.AbstractProblemLoader Environment load took 44.4ns 
493748     INFO  main            d.u.i.k.p.i.AbstractProblemLoader Creating init config 
496125     DEBUG main            d.u.i.k.p.i.AbstractProblemLoader Init config took 2.38s 
496139     INFO  main            d.u.i.k.p.i.AbstractProblemLoader Replaying proof simplify8.key 
496140     DEBUG main            d.u.i.k.p.i.IntermediateProofReplayer Proof replay took 2.8ns 
499994     INFO  main            d.u.i.k.p.r.p.TestFile    ... finished proof: closed. 
500550     INFO  main            d.u.i.k.p.i.AbstractProblemLoader Loading environment from /home/runner/work/key/key/key.core/../key.ui/examples/standard_key/polySimp/simplify8.key.proof 
500550     DEBUG main            d.u.i.k.p.i.AbstractProblemLoader Environment load took 90.9ns 
500552     INFO  main            d.u.i.k.p.i.AbstractProblemLoader Creating init config 
502900     DEBUG main            d.u.i.k.p.i.AbstractProblemLoader Init config took 2.35s 
502916     INFO  main            d.u.i.k.p.i.AbstractProblemLoader Replaying proof simplify8.key.proof 
503088     DEBUG main            d.u.i.k.p.i.IntermediateProofReplayer Proof replay took 167.57ms 
503090     DEBUG main            d.u.i.k.p.r.p.TestFile    ... success: reloaded. 
503090     INFO  main            d.u.i.k.p.r.p.TestFile    Now processing file /home/runner/work/key/key/key.core/../key.ui/examples/standard_key/polySimp/simplify9.key 
503091     INFO  main            d.u.i.k.p.i.AbstractProblemLoader Loading environment from /home/runner/work/key/key/key.core/../key.ui/examples/standard_key/polySimp/simplify9.key 
503091     DEBUG main            d.u.i.k.p.i.AbstractProblemLoader Environment load took 101.4ns 
503092     INFO  main            d.u.i.k.p.i.AbstractProblemLoader Creating init config 
505510     DEBUG main            d.u.i.k.p.i.AbstractProblemLoader Init config took 2.42s 
505524     INFO  main            d.u.i.k.p.i.AbstractProblemLoader Replaying proof simplify9.key 
505525     DEBUG main            d.u.i.k.p.i.IntermediateProofReplayer Proof replay took 3.1ns 
505727     INFO  main            d.u.i.k.p.r.p.TestFile    ... finished proof: closed. 
506300     INFO  main            d.u.i.k.p.i.AbstractProblemLoader Loading environment from /home/runner/work/key/key/key.core/../key.ui/examples/standard_key/polySimp/simplify9.key.proof 
506300     DEBUG main            d.u.i.k.p.i.AbstractProblemLoader Environment load took 84.7ns 
506301     INFO  main            d.u.i.k.p.i.AbstractProblemLoader Creating init config 
508640     DEBUG main            d.u.i.k.p.i.AbstractProblemLoader Init config took 2.34s 
508654     INFO  main            d.u.i.k.p.i.AbstractProblemLoader Replaying proof simplify9.key.proof 
508664     DEBUG main            d.u.i.k.p.i.IntermediateProofReplayer Proof replay took 9.02ms 
508665     DEBUG main            d.u.i.k.p.r.p.TestFile    ... success: reloaded. 
2917943    INFO  Test worker     d.u.i.k.p.r.RunAllProofsTestUnit Returning from test arithmetic 
2917947    INFO  Test worker     d.u.i.k.p.r.RunAllProofsTestUnit Running test arrays 
377        INFO  Timeout watchdog d.u.i.k.p.r.p.ForkedTestFileRunner Timeout watcher launched (2000 secs.) 
386        WARN  main            d.u.i.k.s.ProofSettings   The settings in /home/runner/.key/proof-settings.props are *not* read. 
433        INFO  main            d.u.i.k.p.r.p.TestFile    Now processing file /home/runner/work/key/key/key.core/../key.ui/examples/standard_key/arrays/arrayStoreException/array2DimPrim.key 
563        INFO  main            d.u.i.k.p.i.AbstractProblemLoader Loading environment from /home/runner/work/key/key/key.core/../key.ui/examples/standard_key/arrays/arrayStoreException/array2DimPrim.key 
579        DEBUG main            d.u.i.k.p.i.AbstractProblemLoader Environment load took 2.03ms 
848        INFO  main            d.u.i.k.p.i.AbstractProblemLoader Creating init config 
1559       DEBUG main            d.u.i.k.j.TypeConverter   No LDT found for Meta 
1562       DEBUG main            d.u.i.k.j.TypeConverter   No LDT found for Meta 
1565       DEBUG main            d.u.i.k.j.TypeConverter   No LDT found for Meta 
1565       DEBUG main            d.u.i.k.j.TypeConverter   No LDT found for Meta 
2705       DEBUG main            d.u.i.k.j.TypeConverter   No LDT found for JavaBigintExpression 
8282       DEBUG main            d.u.i.k.p.i.AbstractProblemLoader Init config took 7.43s 
8346       INFO  main            d.u.i.k.p.i.AbstractProblemLoader Replaying proof array2DimPrim.key 
8380       DEBUG main            d.u.i.k.p.i.IntermediateProofReplayer Proof replay took 34.9ns 
12214      INFO  main            d.u.i.k.p.r.p.TestFile    ... finished proof: closed. 
12410      INFO  main            d.u.i.k.p.i.AbstractProblemLoader Loading environment from /home/runner/work/key/key/key.core/../key.ui/examples/standard_key/arrays/arrayStoreException/array2DimPrim.key.proof 
12412      DEBUG main            d.u.i.k.p.i.AbstractProblemLoader Environment load took 1.47ms 
12416      INFO  main            d.u.i.k.p.i.AbstractProblemLoader Creating init config 
15304      DEBUG main            d.u.i.k.p.i.AbstractProblemLoader Init config took 2.89s 
15348      INFO  main            d.u.i.k.p.i.AbstractProblemLoader Replaying proof array2DimPrim.key.proof 
15968      DEBUG main            d.u.i.k.p.i.IntermediateProofReplayer Proof replay took 603.57ms 
15983      DEBUG main            d.u.i.k.p.r.p.TestFile    ... success: reloaded. 
15985      INFO  main            d.u.i.k.p.r.p.TestFile    Now processing file /home/runner/work/key/key/key.core/../key.ui/examples/standard_key/arrays/arrayStoreException/arrayStoreKnownDynType.key 
15985      INFO  main            d.u.i.k.p.i.AbstractProblemLoader Loading environment from /home/runner/work/key/key/key.core/../key.ui/examples/standard_key/arrays/arrayStoreException/arrayStoreKnownDynType.key 
15986      DEBUG main            d.u.i.k.p.i.AbstractProblemLoader Environment load took 246.21ns 
15987      INFO  main            d.u.i.k.p.i.AbstractProblemLoader Creating init config 
18718      DEBUG main            d.u.i.k.p.i.AbstractProblemLoader Init config took 2.73s 
18748      INFO  main            d.u.i.k.p.i.AbstractProblemLoader Replaying proof arrayStoreKnownDynType.key 
18751      DEBUG main            d.u.i.k.p.i.IntermediateProofReplayer Proof replay took 7.2ns 
18954      INFO  main            d.u.i.k.p.r.p.TestFile    ... finished proof: closed. 
19199      INFO  main            d.u.i.k.p.i.AbstractProblemLoader Loading environment from /home/runner/work/key/key/key.core/../key.ui/examples/standard_key/arrays/arrayStoreException/arrayStoreKnownDynType.key.proof 
19200      DEBUG main            d.u.i.k.p.i.AbstractProblemLoader Environment load took 155.1ns 
19203      INFO  main            d.u.i.k.p.i.AbstractProblemLoader Creating init config 
21766      DEBUG main            d.u.i.k.p.i.AbstractProblemLoader Init config took 2.56s 
21799      INFO  main            d.u.i.k.p.i.AbstractProblemLoader Replaying proof arrayStoreKnownDynType.key.proof 
21852      DEBUG main            d.u.i.k.p.i.IntermediateProofReplayer Proof replay took 46.84ms 
21854      DEBUG main            d.u.i.k.p.r.p.TestFile    ... success: reloaded. 
21856      INFO  main            d.u.i.k.p.r.p.TestFile    Now processing file /home/runner/work/key/key/key.core/../key.ui/examples/standard_key/arrays/arrayStoreException/reverseArray.key 
21856      INFO  main            d.u.i.k.p.i.AbstractProblemLoader Loading environment from /home/runner/work/key/key/key.core/../key.ui/examples/standard_key/arrays/arrayStoreException/reverseArray.key 
21856      DEBUG main            d.u.i.k.p.i.AbstractProblemLoader Environment load took 220.91ns 
21859      INFO  main            d.u.i.k.p.i.AbstractProblemLoader Creating init config 
24448      DEBUG main            d.u.i.k.p.i.AbstractProblemLoader Init config took 2.59s 
24479      INFO  main            d.u.i.k.p.i.AbstractProblemLoader Replaying proof reverseArray.key 
24484      DEBUG main            d.u.i.k.p.i.IntermediateProofReplayer Proof replay took 7.4ns 
25190      INFO  main            d.u.i.k.p.r.p.TestFile    ... finished proof: closed. 
25367      INFO  main            d.u.i.k.p.i.AbstractProblemLoader Loading environment from /home/runner/work/key/key/key.core/../key.ui/examples/standard_key/arrays/arrayStoreException/reverseArray.key.proof 
25368      DEBUG main            d.u.i.k.p.i.AbstractProblemLoader Environment load took 147.7ns 
25370      INFO  main            d.u.i.k.p.i.AbstractProblemLoader Creating init config 
27952      DEBUG main            d.u.i.k.p.i.AbstractProblemLoader Init config took 2.58s 
27975      INFO  main            d.u.i.k.p.i.AbstractProblemLoader Replaying proof reverseArray.key.proof 
28116      DEBUG main            d.u.i.k.p.i.IntermediateProofReplayer Proof replay took 134.77ms 
28118      DEBUG main            d.u.i.k.p.r.p.TestFile    ... success: reloaded. 
28119      INFO  main            d.u.i.k.p.r.p.TestFile    Now processing file /home/runner/work/key/key/key.core/../key.ui/examples/standard_key/arrays/arrayStoreException/throwArrayStoreException.key 
28120      INFO  main            d.u.i.k.p.i.AbstractProblemLoader Loading environment from /home/runner/work/key/key/key.core/../key.ui/examples/standard_key/arrays/arrayStoreException/throwArrayStoreException.key 
28120      DEBUG main            d.u.i.k.p.i.AbstractProblemLoader Environment load took 247.81ns 
28121      INFO  main            d.u.i.k.p.i.AbstractProblemLoader Creating init config 
30705      DEBUG main            d.u.i.k.p.i.AbstractProblemLoader Init config took 2.58s 
30727      INFO  main            d.u.i.k.p.i.AbstractProblemLoader Replaying proof throwArrayStoreException.key 
30729      DEBUG main            d.u.i.k.p.i.IntermediateProofReplayer Proof replay took 7.5ns 
31235      INFO  main            d.u.i.k.p.r.p.TestFile    ... finished proof: closed. 
31419      INFO  main            d.u.i.k.p.i.AbstractProblemLoader Loading environment from /home/runner/work/key/key/key.core/../key.ui/examples/standard_key/arrays/arrayStoreException/throwArrayStoreException.key.proof 
31420      DEBUG main            d.u.i.k.p.i.AbstractProblemLoader Environment load took 911.92ns 
31422      INFO  main            d.u.i.k.p.i.AbstractProblemLoader Creating init config 
33937      DEBUG main            d.u.i.k.p.i.AbstractProblemLoader Init config took 2.52s 
33958      INFO  main            d.u.i.k.p.i.AbstractProblemLoader Replaying proof throwArrayStoreException.key.proof 
34047      DEBUG main            d.u.i.k.p.i.IntermediateProofReplayer Proof replay took 84.39ms 
34048      DEBUG main            d.u.i.k.p.r.p.TestFile    ... success: reloaded. 
34049      INFO  main            d.u.i.k.p.r.p.TestFile    Now processing file /home/runner/work/key/key/key.core/../key.ui/examples/standard_key/arrays/creation/arrayCreation1.key 
34050      INFO  main            d.u.i.k.p.i.AbstractProblemLoader Loading environment from /home/runner/work/key/key/key.core/../key.ui/examples/standard_key/arrays/creation/arrayCreation1.key 
34050      DEBUG main            d.u.i.k.p.i.AbstractProblemLoader Environment load took 211.21ns 
34053      INFO  main            d.u.i.k.p.i.AbstractProblemLoader Creating init config 
36530      DEBUG main            d.u.i.k.p.i.AbstractProblemLoader Init config took 2.48s 
36550      INFO  main            d.u.i.k.p.i.AbstractProblemLoader Replaying proof arrayCreation1.key 
36552      DEBUG main            d.u.i.k.p.i.IntermediateProofReplayer Proof replay took 6.9ns 
36757      INFO  main            d.u.i.k.p.r.p.TestFile    ... finished proof: closed. 
36927      INFO  main            d.u.i.k.p.i.AbstractProblemLoader Loading environment from /home/runner/work/key/key/key.core/../key.ui/examples/standard_key/arrays/creation/arrayCreation1.key.proof 
36927      DEBUG main            d.u.i.k.p.i.AbstractProblemLoader Environment load took 129.3ns 
36929      INFO  main            d.u.i.k.p.i.AbstractProblemLoader Creating init config 
39364      DEBUG main            d.u.i.k.p.i.AbstractProblemLoader Init config took 2.44s 
39384      INFO  main            d.u.i.k.p.i.AbstractProblemLoader Replaying proof arrayCreation1.key.proof 
39409      DEBUG main            d.u.i.k.p.i.IntermediateProofReplayer Proof replay took 22.59ms 
39410      DEBUG main            d.u.i.k.p.r.p.TestFile    ... success: reloaded. 
39411      INFO  main            d.u.i.k.p.r.p.TestFile    Now processing file /home/runner/work/key/key/key.core/../key.ui/examples/standard_key/arrays/arrayStoreException/array2Dim.key 
39412      INFO  main            d.u.i.k.p.i.AbstractProblemLoader Loading environment from /home/runner/work/key/key/key.core/../key.ui/examples/standard_key/arrays/arrayStoreException/array2Dim.key 
39412      DEBUG main            d.u.i.k.p.i.AbstractProblemLoader Environment load took 206.5ns 
39413      INFO  main            d.u.i.k.p.i.AbstractProblemLoader Creating init config 
41938      DEBUG main            d.u.i.k.p.i.AbstractProblemLoader Init config took 2.52s 
41974      INFO  main            d.u.i.k.p.i.AbstractProblemLoader Replaying proof array2Dim.key 
41976      DEBUG main            d.u.i.k.p.i.IntermediateProofReplayer Proof replay took 6.5ns 
45520      INFO  main            d.u.i.k.p.r.p.TestFile    ... finished proof: open goal(s) 
45790      INFO  main            d.u.i.k.p.r.p.TestFile    Now processing file /home/runner/work/key/key/key.core/../key.ui/examples/standard_key/arrays/arrayStoreException/array2DimClose.key 
45791      INFO  main            d.u.i.k.p.i.AbstractProblemLoader Loading environment from /home/runner/work/key/key/key.core/../key.ui/examples/standard_key/arrays/arrayStoreException/array2DimClose.key 
45792      DEBUG main            d.u.i.k.p.i.AbstractProblemLoader Environment load took 103.1ns 
45793      INFO  main            d.u.i.k.p.i.AbstractProblemLoader Creating init config 
48209      DEBUG main            d.u.i.k.p.i.AbstractProblemLoader Init config took 2.42s 
48241      INFO  main            d.u.i.k.p.i.AbstractProblemLoader Replaying proof array2DimClose.key 
48243      DEBUG main            d.u.i.k.p.i.IntermediateProofReplayer Proof replay took 13.6ns 
50610      INFO  main            d.u.i.k.p.r.p.TestFile    ... finished proof: open goal(s) 
50961      INFO  main            d.u.i.k.p.r.p.TestFile    Now processing file /home/runner/work/key/key/key.core/../key.ui/examples/standard_key/arrays/arrayStoreException/throwASEForPrim.key 
50961      INFO  main            d.u.i.k.p.i.AbstractProblemLoader Loading environment from /home/runner/work/key/key/key.core/../key.ui/examples/standard_key/arrays/arrayStoreException/throwASEForPrim.key 
50961      DEBUG main            d.u.i.k.p.i.AbstractProblemLoader Environment load took 64.7ns 
50963      INFO  main            d.u.i.k.p.i.AbstractProblemLoader Creating init config 
53363      DEBUG main            d.u.i.k.p.i.AbstractProblemLoader Init config took 2.4s 
53379      INFO  main            d.u.i.k.p.i.AbstractProblemLoader Replaying proof throwASEForPrim.key 
53381      DEBUG main            d.u.i.k.p.i.IntermediateProofReplayer Proof replay took 6.9ns 
57953      INFO  main            d.u.i.k.p.r.p.TestFile    ... finished proof: open goal(s) 
2976381    INFO  Test worker     d.u.i.k.p.r.RunAllProofsTestUnit Returning from test arrays 
2976383    INFO  Test worker     d.u.i.k.p.r.RunAllProofsTestUnit Running test javadl 
383        INFO  Timeout watchdog d.u.i.k.p.r.p.ForkedTestFileRunner Timeout watcher launched (2000 secs.) 
389        WARN  main            d.u.i.k.s.ProofSettings   The settings in /home/runner/.key/proof-settings.props are *not* read. 
437        INFO  main            d.u.i.k.p.r.p.TestFile    Now processing file /home/runner/work/key/key/key.core/../key.ui/examples/standard_key/instanceCreation/instanceCreation1.key 
565        INFO  main            d.u.i.k.p.i.AbstractProblemLoader Loading environment from /home/runner/work/key/key/key.core/../key.ui/examples/standard_key/instanceCreation/instanceCreation1.key 
590        DEBUG main            d.u.i.k.p.i.AbstractProblemLoader Environment load took 1.96ms 
838        INFO  main            d.u.i.k.p.i.AbstractProblemLoader Creating init config 
1595       DEBUG main            d.u.i.k.j.TypeConverter   No LDT found for Meta 
1596       DEBUG main            d.u.i.k.j.TypeConverter   No LDT found for Meta 
1597       DEBUG main            d.u.i.k.j.TypeConverter   No LDT found for Meta 
1598       DEBUG main            d.u.i.k.j.TypeConverter   No LDT found for Meta 
2651       DEBUG main            d.u.i.k.j.TypeConverter   No LDT found for JavaBigintExpression 
7875       DEBUG main            d.u.i.k.p.i.AbstractProblemLoader Init config took 7.04s 
7938       INFO  main            d.u.i.k.p.i.AbstractProblemLoader Replaying proof instanceCreation1.key 
7971       DEBUG main            d.u.i.k.p.i.IntermediateProofReplayer Proof replay took 38.5ns 
9004       INFO  main            d.u.i.k.p.r.p.TestFile    ... finished proof: closed. 
9136       INFO  main            d.u.i.k.p.i.AbstractProblemLoader Loading environment from /home/runner/work/key/key/key.core/../key.ui/examples/standard_key/instanceCreation/instanceCreation1.key.proof 
9136       DEBUG main            d.u.i.k.p.i.AbstractProblemLoader Environment load took 172.2ns 
9142       INFO  main            d.u.i.k.p.i.AbstractProblemLoader Creating init config 
11897      DEBUG main            d.u.i.k.p.i.AbstractProblemLoader Init config took 2.76s 
11949      INFO  main            d.u.i.k.p.i.AbstractProblemLoader Replaying proof instanceCreation1.key.proof 
12128      DEBUG main            d.u.i.k.p.i.IntermediateProofReplayer Proof replay took 164.54ms 
12147      DEBUG main            d.u.i.k.p.r.p.TestFile    ... success: reloaded. 
12155      INFO  main            d.u.i.k.p.r.p.TestFile    Now processing file /home/runner/work/key/key/key.core/../key.ui/examples/standard_key/instanceCreation/instanceCreation2.key 
12165      INFO  main            d.u.i.k.p.i.AbstractProblemLoader Loading environment from /home/runner/work/key/key/key.core/../key.ui/examples/standard_key/instanceCreation/instanceCreation2.key 
12165      DEBUG main            d.u.i.k.p.i.AbstractProblemLoader Environment load took 390.31ns 
12170      INFO  main            d.u.i.k.p.i.AbstractProblemLoader Creating init config 
14904      DEBUG main            d.u.i.k.p.i.AbstractProblemLoader Init config took 2.73s 
14953      INFO  main            d.u.i.k.p.i.AbstractProblemLoader Replaying proof instanceCreation2.key 
14956      DEBUG main            d.u.i.k.p.i.IntermediateProofReplayer Proof replay took 7.1ns 
15561      INFO  main            d.u.i.k.p.r.p.TestFile    ... finished proof: closed. 
15727      INFO  main            d.u.i.k.p.i.AbstractProblemLoader Loading environment from /home/runner/work/key/key/key.core/../key.ui/examples/standard_key/instanceCreation/instanceCreation2.key.proof 
15727      DEBUG main            d.u.i.k.p.i.AbstractProblemLoader Environment load took 433.11ns 
15729      INFO  main            d.u.i.k.p.i.AbstractProblemLoader Creating init config 
18221      DEBUG main            d.u.i.k.p.i.AbstractProblemLoader Init config took 2.49s 
18248      INFO  main            d.u.i.k.p.i.AbstractProblemLoader Replaying proof instanceCreation2.key.proof 
18357      DEBUG main            d.u.i.k.p.i.IntermediateProofReplayer Proof replay took 104.65ms 
18359      DEBUG main            d.u.i.k.p.r.p.TestFile    ... success: reloaded. 
18360      INFO  main            d.u.i.k.p.r.p.TestFile    Now processing file /home/runner/work/key/key/key.core/../key.ui/examples/standard_key/instanceCreation/interfacesAndAbstractClassesHaveNoInstances.key 
18360      INFO  main            d.u.i.k.p.i.AbstractProblemLoader Loading environment from /home/runner/work/key/key/key.core/../key.ui/examples/standard_key/instanceCreation/interfacesAndAbstractClassesHaveNoInstances.key 
18360      DEBUG main            d.u.i.k.p.i.AbstractProblemLoader Environment load took 219.21ns 
18362      INFO  main            d.u.i.k.p.i.AbstractProblemLoader Creating init config 
20910      DEBUG main            d.u.i.k.p.i.AbstractProblemLoader Init config took 2.55s 
20955      INFO  main            d.u.i.k.p.i.AbstractProblemLoader Replaying proof interfacesAndAbstractClassesHaveNoInstances.key 
20957      DEBUG main            d.u.i.k.p.i.IntermediateProofReplayer Proof replay took 8.3ns 
21060      INFO  main            d.u.i.k.p.r.p.TestFile    ... finished proof: closed. 
21218      INFO  main            d.u.i.k.p.i.AbstractProblemLoader Loading environment from /home/runner/work/key/key/key.core/../key.ui/examples/standard_key/instanceCreation/interfacesAndAbstractClassesHaveNoInstances.key.proof 
21218      DEBUG main            d.u.i.k.p.i.AbstractProblemLoader Environment load took 133.6ns 
21219      INFO  main            d.u.i.k.p.i.AbstractProblemLoader Creating init config 
23624      DEBUG main            d.u.i.k.p.i.AbstractProblemLoader Init config took 2.4s 
23660      INFO  main            d.u.i.k.p.i.AbstractProblemLoader Replaying proof interfacesAndAbstractClassesHaveNoInstances.key.proof 
23663      DEBUG main            d.u.i.k.p.i.IntermediateProofReplayer Proof replay took 1.46ms 
23664      DEBUG main            d.u.i.k.p.r.p.TestFile    ... success: reloaded. 
23665      INFO  main            d.u.i.k.p.r.p.TestFile    Now processing file /home/runner/work/key/key/key.core/../key.ui/examples/standard_key/instanceCreation/successiveCreatedObjectsAreDistinct.key 
23666      INFO  main            d.u.i.k.p.i.AbstractProblemLoader Loading environment from /home/runner/work/key/key/key.core/../key.ui/examples/standard_key/instanceCreation/successiveCreatedObjectsAreDistinct.key 
23666      DEBUG main            d.u.i.k.p.i.AbstractProblemLoader Environment load took 104ns 
23667      INFO  main            d.u.i.k.p.i.AbstractProblemLoader Creating init config 
26144      DEBUG main            d.u.i.k.p.i.AbstractProblemLoader Init config took 2.48s 
26166      INFO  main            d.u.i.k.p.i.AbstractProblemLoader Replaying proof successiveCreatedObjectsAreDistinct.key 
26168      DEBUG main            d.u.i.k.p.i.IntermediateProofReplayer Proof replay took 6.3ns 
26471      INFO  main            d.u.i.k.p.r.p.TestFile    ... finished proof: closed. 
26631      INFO  main            d.u.i.k.p.i.AbstractProblemLoader Loading environment from /home/runner/work/key/key/key.core/../key.ui/examples/standard_key/instanceCreation/successiveCreatedObjectsAreDistinct.key.proof 
26632      DEBUG main            d.u.i.k.p.i.AbstractProblemLoader Environment load took 854.32ns 
26633      INFO  main            d.u.i.k.p.i.AbstractProblemLoader Creating init config 
29079      DEBUG main            d.u.i.k.p.i.AbstractProblemLoader Init config took 2.45s 
29102      INFO  main            d.u.i.k.p.i.AbstractProblemLoader Replaying proof successiveCreatedObjectsAreDistinct.key.proof 
29167      DEBUG main            d.u.i.k.p.i.IntermediateProofReplayer Proof replay took 61.2ms 
29168      DEBUG main            d.u.i.k.p.r.p.TestFile    ... success: reloaded. 
29169      INFO  main            d.u.i.k.p.r.p.TestFile    Now processing file /home/runner/work/key/key/key.core/../key.ui/examples/standard_key/instanceCreation/testOverloadingConstructors.key 
29169      INFO  main            d.u.i.k.p.i.AbstractProblemLoader Loading environment from /home/runner/work/key/key/key.core/../key.ui/examples/standard_key/instanceCreation/testOverloadingConstructors.key 
29170      DEBUG main            d.u.i.k.p.i.AbstractProblemLoader Environment load took 206.61ns 
29171      INFO  main            d.u.i.k.p.i.AbstractProblemLoader Creating init config 
31640      DEBUG main            d.u.i.k.p.i.AbstractProblemLoader Init config took 2.47s 
31662      INFO  main            d.u.i.k.p.i.AbstractProblemLoader Replaying proof testOverloadingConstructors.key 
31663      DEBUG main            d.u.i.k.p.i.IntermediateProofReplayer Proof replay took 8.8ns 
31968      INFO  main            d.u.i.k.p.r.p.TestFile    ... finished proof: closed. 
32143      INFO  main            d.u.i.k.p.i.AbstractProblemLoader Loading environment from /home/runner/work/key/key/key.core/../key.ui/examples/standard_key/instanceCreation/testOverloadingConstructors.key.proof 
32143      DEBUG main            d.u.i.k.p.i.AbstractProblemLoader Environment load took 421.61ns 
32151      INFO  main            d.u.i.k.p.i.AbstractProblemLoader Creating init config 
34599      DEBUG main            d.u.i.k.p.i.AbstractProblemLoader Init config took 2.45s 
34620      INFO  main            d.u.i.k.p.i.AbstractProblemLoader Replaying proof testOverloadingConstructors.key.proof 
34676      DEBUG main            d.u.i.k.p.i.IntermediateProofReplayer Proof replay took 52.45ms 
34678      DEBUG main            d.u.i.k.p.r.p.TestFile    ... success: reloaded. 
34679      INFO  main            d.u.i.k.p.r.p.TestFile    Now processing file /home/runner/work/key/key/key.core/../key.ui/examples/standard_key/java_dl/SimpleAttributes.key 
34679      INFO  main            d.u.i.k.p.i.AbstractProblemLoader Loading environment from /home/runner/work/key/key/key.core/../key.ui/examples/standard_key/java_dl/SimpleAttributes.key 
34679      DEBUG main            d.u.i.k.p.i.AbstractProblemLoader Environment load took 213.21ns 
34680      INFO  main            d.u.i.k.p.i.AbstractProblemLoader Creating init config 
37105      DEBUG main            d.u.i.k.p.i.AbstractProblemLoader Init config took 2.42s 
37136      INFO  main            d.u.i.k.p.i.AbstractProblemLoader Replaying proof SimpleAttributes.key 
37139      DEBUG main            d.u.i.k.p.i.IntermediateProofReplayer Proof replay took 7.3ns 
37242      INFO  main            d.u.i.k.p.r.p.TestFile    ... finished proof: closed. 
37409      INFO  main            d.u.i.k.p.i.AbstractProblemLoader Loading environment from /home/runner/work/key/key/key.core/../key.ui/examples/standard_key/java_dl/SimpleAttributes.key.proof 
37409      DEBUG main            d.u.i.k.p.i.AbstractProblemLoader Environment load took 156.4ns 
37410      INFO  main            d.u.i.k.p.i.AbstractProblemLoader Creating init config 
39766      DEBUG main            d.u.i.k.p.i.AbstractProblemLoader Init config took 2.36s 
39786      INFO  main            d.u.i.k.p.i.AbstractProblemLoader Replaying proof SimpleAttributes.key.proof 
39812      DEBUG main            d.u.i.k.p.i.IntermediateProofReplayer Proof replay took 23.1ms 
39813      DEBUG main            d.u.i.k.p.r.p.TestFile    ... success: reloaded. 
39814      INFO  main            d.u.i.k.p.r.p.TestFile    Now processing file /home/runner/work/key/key/key.core/../key.ui/examples/standard_key/java_dl/arrayMax.key 
39815      INFO  main            d.u.i.k.p.i.AbstractProblemLoader Loading environment from /home/runner/work/key/key/key.core/../key.ui/examples/standard_key/java_dl/arrayMax.key 
39815      DEBUG main            d.u.i.k.p.i.AbstractProblemLoader Environment load took 200.21ns 
39817      INFO  main            d.u.i.k.p.i.AbstractProblemLoader Creating init config 
42322      DEBUG main            d.u.i.k.p.i.AbstractProblemLoader Init config took 2.5s 
42346      INFO  main            d.u.i.k.p.i.AbstractProblemLoader Replaying proof arrayMax.key 
42348      DEBUG main            d.u.i.k.p.i.IntermediateProofReplayer Proof replay took 7.3ns 
43756      INFO  main            d.u.i.k.p.r.p.TestFile    ... finished proof: closed. 
43958      INFO  main            d.u.i.k.p.i.AbstractProblemLoader Loading environment from /home/runner/work/key/key/key.core/../key.ui/examples/standard_key/java_dl/arrayMax.key.proof 
43959      DEBUG main            d.u.i.k.p.i.AbstractProblemLoader Environment load took 563.11ns 
43961      INFO  main            d.u.i.k.p.i.AbstractProblemLoader Creating init config 
46326      DEBUG main            d.u.i.k.p.i.AbstractProblemLoader Init config took 2.36s 
46347      INFO  main            d.u.i.k.p.i.AbstractProblemLoader Replaying proof arrayMax.key.proof 
46625      DEBUG main            d.u.i.k.p.i.IntermediateProofReplayer Proof replay took 271.65ms 
46627      DEBUG main            d.u.i.k.p.r.p.TestFile    ... success: reloaded. 
46628      INFO  main            d.u.i.k.p.r.p.TestFile    Now processing file /home/runner/work/key/key/key.core/../key.ui/examples/standard_key/java_dl/arrayUpdateSimp.key 
46628      INFO  main            d.u.i.k.p.i.AbstractProblemLoader Loading environment from /home/runner/work/key/key/key.core/../key.ui/examples/standard_key/java_dl/arrayUpdateSimp.key 
46629      DEBUG main            d.u.i.k.p.i.AbstractProblemLoader Environment load took 200.6ns 
46632      INFO  main            d.u.i.k.p.i.AbstractProblemLoader Creating init config 
46659      WARN  main            d.u.i.k.j.r.KeYCrossReferenceNameInfo Datatype java.io.InputStream declared twice: Once in FILE:/home/runner/work/key/key/key.core/../key.ui/examples/standard_key/java_dl/./classpath/InputStream.java and once in URL:file:/home/runner/work/key/key/key.core/build/resources/main/de/uka/ilkd/key/java/JavaRedux/java/io/InputStream.java, Keeping one from URL:file:/home/runner/work/key/key/key.core/build/resources/main/de/uka/ilkd/key/java/JavaRedux/java/io/InputStream.java 
46660      WARN  main            d.u.i.k.j.r.KeYCrossReferenceNameInfo Datatype java.lang.System declared twice: Once in FILE:/home/runner/work/key/key/key.core/../key.ui/examples/standard_key/java_dl/./classpath/System.java and once in URL:file:/home/runner/work/key/key/key.core/build/resources/main/de/uka/ilkd/key/java/JavaRedux/java/lang/System.java, Keeping one from URL:file:/home/runner/work/key/key/key.core/build/resources/main/de/uka/ilkd/key/java/JavaRedux/java/lang/System.java 
46660      WARN  main            d.u.i.k.j.r.KeYCrossReferenceNameInfo Datatype java.io.PrintStream declared twice: Once in FILE:/home/runner/work/key/key/key.core/../key.ui/examples/standard_key/java_dl/./classpath/PrintStream.java and once in URL:file:/home/runner/work/key/key/key.core/build/resources/main/de/uka/ilkd/key/java/JavaRedux/java/io/PrintStream.java, Keeping one from URL:file:/home/runner/work/key/key/key.core/build/resources/main/de/uka/ilkd/key/java/JavaRedux/java/io/PrintStream.java 
46666      DEBUG main            d.u.i.k.j.r.ClassFileDeclarationBuilder Parsing: package java.io; public class Closeable { } 
46666      DEBUG main            r.s.KeYCrossReferenceSourceInfo Dynamically created class: java.io.Closeable 
49151      DEBUG main            d.u.i.k.p.i.AbstractProblemLoader Init config took 2.52s 
49172      INFO  main            d.u.i.k.p.i.AbstractProblemLoader Replaying proof arrayUpdateSimp.key 
49175      DEBUG main            d.u.i.k.p.i.IntermediateProofReplayer Proof replay took 8ns 
49278      INFO  main            d.u.i.k.p.r.p.TestFile    ... finished proof: closed. 
49483      INFO  main            d.u.i.k.p.i.AbstractProblemLoader Loading environment from /home/runner/work/key/key/key.core/../key.ui/examples/standard_key/java_dl/arrayUpdateSimp.key.proof 
49483      DEBUG main            d.u.i.k.p.i.AbstractProblemLoader Environment load took 124.6ns 
49488      INFO  main            d.u.i.k.p.i.AbstractProblemLoader Creating init config 
49518      WARN  main            d.u.i.k.j.r.KeYCrossReferenceNameInfo Datatype java.io.InputStream declared twice: Once in FILE:/home/runner/work/key/key/key.core/../key.ui/examples/standard_key/java_dl/classpath/InputStream.java and once in URL:file:/home/runner/work/key/key/key.core/build/resources/main/de/uka/ilkd/key/java/JavaRedux/java/io/InputStream.java, Keeping one from URL:file:/home/runner/work/key/key/key.core/build/resources/main/de/uka/ilkd/key/java/JavaRedux/java/io/InputStream.java 
49518      WARN  main            d.u.i.k.j.r.KeYCrossReferenceNameInfo Datatype java.lang.System declared twice: Once in FILE:/home/runner/work/key/key/key.core/../key.ui/examples/standard_key/java_dl/classpath/System.java and once in URL:file:/home/runner/work/key/key/key.core/build/resources/main/de/uka/ilkd/key/java/JavaRedux/java/lang/System.java, Keeping one from URL:file:/home/runner/work/key/key/key.core/build/resources/main/de/uka/ilkd/key/java/JavaRedux/java/lang/System.java 
49518      WARN  main            d.u.i.k.j.r.KeYCrossReferenceNameInfo Datatype java.io.PrintStream declared twice: Once in FILE:/home/runner/work/key/key/key.core/../key.ui/examples/standard_key/java_dl/classpath/PrintStream.java and once in URL:file:/home/runner/work/key/key/key.core/build/resources/main/de/uka/ilkd/key/java/JavaRedux/java/io/PrintStream.java, Keeping one from URL:file:/home/runner/work/key/key/key.core/build/resources/main/de/uka/ilkd/key/java/JavaRedux/java/io/PrintStream.java 
49527      DEBUG main            d.u.i.k.j.r.ClassFileDeclarationBuilder Parsing: package java.io; public class Closeable { } 
49528      DEBUG main            r.s.KeYCrossReferenceSourceInfo Dynamically created class: java.io.Closeable 
51886      DEBUG main            d.u.i.k.p.i.AbstractProblemLoader Init config took 2.4s 
51906      INFO  main            d.u.i.k.p.i.AbstractProblemLoader Replaying proof arrayUpdateSimp.key.proof 
51908      DEBUG main            d.u.i.k.p.i.IntermediateProofReplayer Proof replay took 610.81ns 
51910      DEBUG main            d.u.i.k.p.r.p.TestFile    ... success: reloaded. 
51911      INFO  main            d.u.i.k.p.r.p.TestFile    Now processing file /home/runner/work/key/key/key.core/../key.ui/examples/standard_key/java_dl/attributes.key 
51912      INFO  main            d.u.i.k.p.i.AbstractProblemLoader Loading environment from /home/runner/work/key/key/key.core/../key.ui/examples/standard_key/java_dl/attributes.key 
51912      DEBUG main            d.u.i.k.p.i.AbstractProblemLoader Environment load took 197.8ns 
51913      INFO  main            d.u.i.k.p.i.AbstractProblemLoader Creating init config 
54299      DEBUG main            d.u.i.k.p.i.AbstractProblemLoader Init config took 2.39s 
54316      INFO  main            d.u.i.k.p.i.AbstractProblemLoader Replaying proof attributes.key 
54317      DEBUG main            d.u.i.k.p.i.IntermediateProofReplayer Proof replay took 6.8ns 
54536      INFO  main            d.u.i.k.p.r.p.TestFile    ... finished proof: closed. 
54709      INFO  main            d.u.i.k.p.i.AbstractProblemLoader Loading environment from /home/runner/work/key/key/key.core/../key.ui/examples/standard_key/java_dl/attributes.key.proof 
54709      DEBUG main            d.u.i.k.p.i.AbstractProblemLoader Environment load took 126.2ns 
54710      INFO  main            d.u.i.k.p.i.AbstractProblemLoader Creating init config 
57081      DEBUG main            d.u.i.k.p.i.AbstractProblemLoader Init config took 2.37s 
57099      INFO  main            d.u.i.k.p.i.AbstractProblemLoader Replaying proof attributes.key.proof 
57140      DEBUG main            d.u.i.k.p.i.IntermediateProofReplayer Proof replay took 36.82ms 
57141      DEBUG main            d.u.i.k.p.r.p.TestFile    ... success: reloaded. 
57143      INFO  main            d.u.i.k.p.r.p.TestFile    Now processing file /home/runner/work/key/key/key.core/../key.ui/examples/standard_key/java_dl/break.key 
57143      INFO  main            d.u.i.k.p.i.AbstractProblemLoader Loading environment from /home/runner/work/key/key/key.core/../key.ui/examples/standard_key/java_dl/break.key 
57143      DEBUG main            d.u.i.k.p.i.AbstractProblemLoader Environment load took 213.41ns 
57155      INFO  main            d.u.i.k.p.i.AbstractProblemLoader Creating init config 
57201      WARN  main            d.u.i.k.j.r.KeYCrossReferenceNameInfo Datatype java.io.InputStream declared twice: Once in FILE:/home/runner/work/key/key/key.core/../key.ui/examples/standard_key/java_dl/classpath/InputStream.java and once in URL:file:/home/runner/work/key/key/key.core/build/resources/main/de/uka/ilkd/key/java/JavaRedux/java/io/InputStream.java, Keeping one from URL:file:/home/runner/work/key/key/key.core/build/resources/main/de/uka/ilkd/key/java/JavaRedux/java/io/InputStream.java 
57202      WARN  main            d.u.i.k.j.r.KeYCrossReferenceNameInfo Datatype java.lang.System declared twice: Once in FILE:/home/runner/work/key/key/key.core/../key.ui/examples/standard_key/java_dl/classpath/System.java and once in URL:file:/home/runner/work/key/key/key.core/build/resources/main/de/uka/ilkd/key/java/JavaRedux/java/lang/System.java, Keeping one from URL:file:/home/runner/work/key/key/key.core/build/resources/main/de/uka/ilkd/key/java/JavaRedux/java/lang/System.java 
57202      WARN  main            d.u.i.k.j.r.KeYCrossReferenceNameInfo Datatype java.io.PrintStream declared twice: Once in FILE:/home/runner/work/key/key/key.core/../key.ui/examples/standard_key/java_dl/classpath/PrintStream.java and once in URL:file:/home/runner/work/key/key/key.core/build/resources/main/de/uka/ilkd/key/java/JavaRedux/java/io/PrintStream.java, Keeping one from URL:file:/home/runner/work/key/key/key.core/build/resources/main/de/uka/ilkd/key/java/JavaRedux/java/io/PrintStream.java 
57205      DEBUG main            d.u.i.k.j.r.ClassFileDeclarationBuilder Parsing: package java.io; public class Closeable { } 
57205      DEBUG main            r.s.KeYCrossReferenceSourceInfo Dynamically created class: java.io.Closeable 
59582      DEBUG main            d.u.i.k.p.i.AbstractProblemLoader Init config took 2.43s 
59598      INFO  main            d.u.i.k.p.i.AbstractProblemLoader Replaying proof break.key 
59600      DEBUG main            d.u.i.k.p.i.IntermediateProofReplayer Proof replay took 7.5ns 
59703      INFO  main            d.u.i.k.p.r.p.TestFile    ... finished proof: closed. 
59896      INFO  main            d.u.i.k.p.i.AbstractProblemLoader Loading environment from /home/runner/work/key/key/key.core/../key.ui/examples/standard_key/java_dl/break.key.proof 
59896      DEBUG main            d.u.i.k.p.i.AbstractProblemLoader Environment load took 123.6ns 
59898      INFO  main            d.u.i.k.p.i.AbstractProblemLoader Creating init config 
59922      WARN  main            d.u.i.k.j.r.KeYCrossReferenceNameInfo Datatype java.io.InputStream declared twice: Once in FILE:/home/runner/work/key/key/key.core/../key.ui/examples/standard_key/java_dl/classpath/InputStream.java and once in URL:file:/home/runner/work/key/key/key.core/build/resources/main/de/uka/ilkd/key/java/JavaRedux/java/io/InputStream.java, Keeping one from URL:file:/home/runner/work/key/key/key.core/build/resources/main/de/uka/ilkd/key/java/JavaRedux/java/io/InputStream.java 
59922      WARN  main            d.u.i.k.j.r.KeYCrossReferenceNameInfo Datatype java.lang.System declared twice: Once in FILE:/home/runner/work/key/key/key.core/../key.ui/examples/standard_key/java_dl/classpath/System.java and once in URL:file:/home/runner/work/key/key/key.core/build/resources/main/de/uka/ilkd/key/java/JavaRedux/java/lang/System.java, Keeping one from URL:file:/home/runner/work/key/key/key.core/build/resources/main/de/uka/ilkd/key/java/JavaRedux/java/lang/System.java 
59922      WARN  main            d.u.i.k.j.r.KeYCrossReferenceNameInfo Datatype java.io.PrintStream declared twice: Once in FILE:/home/runner/work/key/key/key.core/../key.ui/examples/standard_key/java_dl/classpath/PrintStream.java and once in URL:file:/home/runner/work/key/key/key.core/build/resources/main/de/uka/ilkd/key/java/JavaRedux/java/io/PrintStream.java, Keeping one from URL:file:/home/runner/work/key/key/key.core/build/resources/main/de/uka/ilkd/key/java/JavaRedux/java/io/PrintStream.java 
59926      DEBUG main            d.u.i.k.j.r.ClassFileDeclarationBuilder Parsing: package java.io; public class Closeable { } 
59926      DEBUG main            r.s.KeYCrossReferenceSourceInfo Dynamically created class: java.io.Closeable 
62237      DEBUG main            d.u.i.k.p.i.AbstractProblemLoader Init config took 2.34s 
62254      INFO  main            d.u.i.k.p.i.AbstractProblemLoader Replaying proof break.key.proof 
62264      DEBUG main            d.u.i.k.p.i.IntermediateProofReplayer Proof replay took 8.68ms 
62265      DEBUG main            d.u.i.k.p.r.p.TestFile    ... success: reloaded. 
62266      INFO  main            d.u.i.k.p.r.p.TestFile    Now processing file /home/runner/work/key/key/key.core/../key.ui/examples/standard_key/java_dl/char.key 
62267      INFO  main            d.u.i.k.p.i.AbstractProblemLoader Loading environment from /home/runner/work/key/key/key.core/../key.ui/examples/standard_key/java_dl/char.key 
62267      DEBUG main            d.u.i.k.p.i.AbstractProblemLoader Environment load took 97.2ns 
62268      INFO  main            d.u.i.k.p.i.AbstractProblemLoader Creating init config 
64625      DEBUG main            d.u.i.k.p.i.AbstractProblemLoader Init config took 2.36s 
64641      INFO  main            d.u.i.k.p.i.AbstractProblemLoader Replaying proof char.key 
64642      DEBUG main            d.u.i.k.p.i.IntermediateProofReplayer Proof replay took 7.4ns 
64744      INFO  main            d.u.i.k.p.r.p.TestFile    ... finished proof: closed. 
64939      INFO  main            d.u.i.k.p.i.AbstractProblemLoader Loading environment from /home/runner/work/key/key/key.core/../key.ui/examples/standard_key/java_dl/char.key.proof 
64940      DEBUG main            d.u.i.k.p.i.AbstractProblemLoader Environment load took 130.7ns 
64941      INFO  main            d.u.i.k.p.i.AbstractProblemLoader Creating init config 
67257      DEBUG main            d.u.i.k.p.i.AbstractProblemLoader Init config took 2.32s 
67274      INFO  main            d.u.i.k.p.i.AbstractProblemLoader Replaying proof char.key.proof 
67279      DEBUG main            d.u.i.k.p.i.IntermediateProofReplayer Proof replay took 3.12ms 
67280      DEBUG main            d.u.i.k.p.r.p.TestFile    ... success: reloaded. 
67281      INFO  main            d.u.i.k.p.r.p.TestFile    Now processing file /home/runner/work/key/key/key.core/../key.ui/examples/standard_key/java_dl/compileTimeConstants.key 
67282      INFO  main            d.u.i.k.p.i.AbstractProblemLoader Loading environment from /home/runner/work/key/key/key.core/../key.ui/examples/standard_key/java_dl/compileTimeConstants.key 
67289      DEBUG main            d.u.i.k.p.i.AbstractProblemLoader Environment load took 6.91ms 
67290      INFO  main            d.u.i.k.p.i.AbstractProblemLoader Creating init config 
69733      DEBUG main            d.u.i.k.p.i.AbstractProblemLoader Init config took 2.44s 
69754      INFO  main            d.u.i.k.p.i.AbstractProblemLoader Replaying proof compileTimeConstants.key 
69755      DEBUG main            d.u.i.k.p.i.IntermediateProofReplayer Proof replay took 9.1ns 
69858      INFO  main            d.u.i.k.p.r.p.TestFile    ... finished proof: closed. 
70056      INFO  main            d.u.i.k.p.i.AbstractProblemLoader Loading environment from /home/runner/work/key/key/key.core/../key.ui/examples/standard_key/java_dl/compileTimeConstants.key.proof 
70057      DEBUG main            d.u.i.k.p.i.AbstractProblemLoader Environment load took 119.6ns 
70059      INFO  main            d.u.i.k.p.i.AbstractProblemLoader Creating init config 
72402      DEBUG main            d.u.i.k.p.i.AbstractProblemLoader Init config took 2.34s 
72419      INFO  main            d.u.i.k.p.i.AbstractProblemLoader Replaying proof compileTimeConstants.key.proof 
72432      DEBUG main            d.u.i.k.p.i.IntermediateProofReplayer Proof replay took 11.62ms 
72433      DEBUG main            d.u.i.k.p.r.p.TestFile    ... success: reloaded. 
72434      INFO  main            d.u.i.k.p.r.p.TestFile    Now processing file /home/runner/work/key/key/key.core/../key.ui/examples/standard_key/java_dl/constructorException/test.key 
72435      INFO  main            d.u.i.k.p.i.AbstractProblemLoader Loading environment from /home/runner/work/key/key/key.core/../key.ui/examples/standard_key/java_dl/constructorException/test.key 
72435      DEBUG main            d.u.i.k.p.i.AbstractProblemLoader Environment load took 185.3ns 
72436      INFO  main            d.u.i.k.p.i.AbstractProblemLoader Creating init config 
74845      DEBUG main            d.u.i.k.p.i.AbstractProblemLoader Init config took 2.41s 
74917      INFO  main            d.u.i.k.p.i.AbstractProblemLoader Replaying proof Test[Test::Test(int)].JML operation contract.0 
74918      DEBUG main            d.u.i.k.p.i.IntermediateProofReplayer Proof replay took 9.2ns 
75123      INFO  main            d.u.i.k.p.r.p.TestFile    ... finished proof: closed. 
75338      INFO  main            d.u.i.k.p.i.AbstractProblemLoader Loading environment from /home/runner/work/key/key/key.core/../key.ui/examples/standard_key/java_dl/constructorException/test.key.proof 
75338      DEBUG main            d.u.i.k.p.i.AbstractProblemLoader Environment load took 121.3ns 
75340      INFO  main            d.u.i.k.p.i.AbstractProblemLoader Creating init config 
77713      DEBUG main            d.u.i.k.p.i.AbstractProblemLoader Init config took 2.37s 
77754      INFO  main            d.u.i.k.p.i.AbstractProblemLoader Replaying proof Test[Test::Test(int)].JML operation contract.0 
77810      DEBUG main            d.u.i.k.p.i.IntermediateProofReplayer Proof replay took 53.77ms 
77811      DEBUG main            d.u.i.k.p.r.p.TestFile    ... success: reloaded. 
77812      INFO  main            d.u.i.k.p.r.p.TestFile    Now processing file /home/runner/work/key/key/key.core/../key.ui/examples/standard_key/java_dl/constructorException/regressionTestBug1333.key 
77813      INFO  main            d.u.i.k.p.i.AbstractProblemLoader Loading environment from /home/runner/work/key/key/key.core/../key.ui/examples/standard_key/java_dl/constructorException/regressionTestBug1333.key 
77813      DEBUG main            d.u.i.k.p.i.AbstractProblemLoader Environment load took 208.41ns 
77814      INFO  main            d.u.i.k.p.i.AbstractProblemLoader Creating init config 
80274      DEBUG main            d.u.i.k.p.i.AbstractProblemLoader Init config took 2.46s 
80323      INFO  main            d.u.i.k.p.i.AbstractProblemLoader Replaying proof False[False::False()].JML normal_behavior operation contract.0 
80325      DEBUG main            d.u.i.k.p.i.IntermediateProofReplayer Proof replay took 6.8ns 
80428      INFO  main            d.u.i.k.p.r.p.TestFile    ... finished proof: open goal(s) 
80638      INFO  main            d.u.i.k.p.r.p.TestFile    Now processing file /home/runner/work/key/key/key.core/../key.ui/examples/standard_key/java_dl/continue1.key 
80638      INFO  main            d.u.i.k.p.i.AbstractProblemLoader Loading environment from /home/runner/work/key/key/key.core/../key.ui/examples/standard_key/java_dl/continue1.key 
80638      DEBUG main            d.u.i.k.p.i.AbstractProblemLoader Environment load took 67ns 
80639      INFO  main            d.u.i.k.p.i.AbstractProblemLoader Creating init config 
80663      WARN  main            d.u.i.k.j.r.KeYCrossReferenceNameInfo Datatype java.io.InputStream declared twice: Once in FILE:/home/runner/work/key/key/key.core/../key.ui/examples/standard_key/java_dl/classpath/InputStream.java and once in URL:file:/home/runner/work/key/key/key.core/build/resources/main/de/uka/ilkd/key/java/JavaRedux/java/io/InputStream.java, Keeping one from URL:file:/home/runner/work/key/key/key.core/build/resources/main/de/uka/ilkd/key/java/JavaRedux/java/io/InputStream.java 
80664      WARN  main            d.u.i.k.j.r.KeYCrossReferenceNameInfo Datatype java.lang.System declared twice: Once in FILE:/home/runner/work/key/key/key.core/../key.ui/examples/standard_key/java_dl/classpath/System.java and once in URL:file:/home/runner/work/key/key/key.core/build/resources/main/de/uka/ilkd/key/java/JavaRedux/java/lang/System.java, Keeping one from URL:file:/home/runner/work/key/key/key.core/build/resources/main/de/uka/ilkd/key/java/JavaRedux/java/lang/System.java 
80664      WARN  main            d.u.i.k.j.r.KeYCrossReferenceNameInfo Datatype java.io.PrintStream declared twice: Once in FILE:/home/runner/work/key/key/key.core/../key.ui/examples/standard_key/java_dl/classpath/PrintStream.java and once in URL:file:/home/runner/work/key/key/key.core/build/resources/main/de/uka/ilkd/key/java/JavaRedux/java/io/PrintStream.java, Keeping one from URL:file:/home/runner/work/key/key/key.core/build/resources/main/de/uka/ilkd/key/java/JavaRedux/java/io/PrintStream.java 
80667      DEBUG main            d.u.i.k.j.r.ClassFileDeclarationBuilder Parsing: package java.io; public class Closeable { } 
80667      DEBUG main            r.s.KeYCrossReferenceSourceInfo Dynamically created class: java.io.Closeable 
82987      DEBUG main            d.u.i.k.p.i.AbstractProblemLoader Init config took 2.35s 
83002      INFO  main            d.u.i.k.p.i.AbstractProblemLoader Replaying proof continue1.key 
83004      DEBUG main            d.u.i.k.p.i.IntermediateProofReplayer Proof replay took 7.8ns 
83106      INFO  main            d.u.i.k.p.r.p.TestFile    ... finished proof: closed. 
83310      INFO  main            d.u.i.k.p.i.AbstractProblemLoader Loading environment from /home/runner/work/key/key/key.core/../key.ui/examples/standard_key/java_dl/continue1.key.proof 
83310      DEBUG main            d.u.i.k.p.i.AbstractProblemLoader Environment load took 129.6ns 
83311      INFO  main            d.u.i.k.p.i.AbstractProblemLoader Creating init config 
83336      WARN  main            d.u.i.k.j.r.KeYCrossReferenceNameInfo Datatype java.io.InputStream declared twice: Once in FILE:/home/runner/work/key/key/key.core/../key.ui/examples/standard_key/java_dl/classpath/InputStream.java and once in URL:file:/home/runner/work/key/key/key.core/build/resources/main/de/uka/ilkd/key/java/JavaRedux/java/io/InputStream.java, Keeping one from URL:file:/home/runner/work/key/key/key.core/build/resources/main/de/uka/ilkd/key/java/JavaRedux/java/io/InputStream.java 
83336      WARN  main            d.u.i.k.j.r.KeYCrossReferenceNameInfo Datatype java.lang.System declared twice: Once in FILE:/home/runner/work/key/key/key.core/../key.ui/examples/standard_key/java_dl/classpath/System.java and once in URL:file:/home/runner/work/key/key/key.core/build/resources/main/de/uka/ilkd/key/java/JavaRedux/java/lang/System.java, Keeping one from URL:file:/home/runner/work/key/key/key.core/build/resources/main/de/uka/ilkd/key/java/JavaRedux/java/lang/System.java 
83336      WARN  main            d.u.i.k.j.r.KeYCrossReferenceNameInfo Datatype java.io.PrintStream declared twice: Once in FILE:/home/runner/work/key/key/key.core/../key.ui/examples/standard_key/java_dl/classpath/PrintStream.java and once in URL:file:/home/runner/work/key/key/key.core/build/resources/main/de/uka/ilkd/key/java/JavaRedux/java/io/PrintStream.java, Keeping one from URL:file:/home/runner/work/key/key/key.core/build/resources/main/de/uka/ilkd/key/java/JavaRedux/java/io/PrintStream.java 
83339      DEBUG main            d.u.i.k.j.r.ClassFileDeclarationBuilder Parsing: package java.io; public class Closeable { } 
83339      DEBUG main            r.s.KeYCrossReferenceSourceInfo Dynamically created class: java.io.Closeable 
85696      DEBUG main            d.u.i.k.p.i.AbstractProblemLoader Init config took 2.38s 
85711      INFO  main            d.u.i.k.p.i.AbstractProblemLoader Replaying proof continue1.key.proof 
85761      DEBUG main            d.u.i.k.p.i.IntermediateProofReplayer Proof replay took 43.37ms 
85765      DEBUG main            d.u.i.k.p.r.p.TestFile    ... success: reloaded. 
85768      INFO  main            d.u.i.k.p.r.p.TestFile    Now processing file /home/runner/work/key/key/key.core/../key.ui/examples/standard_key/java_dl/continue2.key 
85769      INFO  main            d.u.i.k.p.i.AbstractProblemLoader Loading environment from /home/runner/work/key/key/key.core/../key.ui/examples/standard_key/java_dl/continue2.key 
85770      DEBUG main            d.u.i.k.p.i.AbstractProblemLoader Environment load took 1.11ms 
85772      INFO  main            d.u.i.k.p.i.AbstractProblemLoader Creating init config 
85815      WARN  main            d.u.i.k.j.r.KeYCrossReferenceNameInfo Datatype java.io.InputStream declared twice: Once in FILE:/home/runner/work/key/key/key.core/../key.ui/examples/standard_key/java_dl/classpath/InputStream.java and once in URL:file:/home/runner/work/key/key/key.core/build/resources/main/de/uka/ilkd/key/java/JavaRedux/java/io/InputStream.java, Keeping one from URL:file:/home/runner/work/key/key/key.core/build/resources/main/de/uka/ilkd/key/java/JavaRedux/java/io/InputStream.java 
85815      WARN  main            d.u.i.k.j.r.KeYCrossReferenceNameInfo Datatype java.lang.System declared twice: Once in FILE:/home/runner/work/key/key/key.core/../key.ui/examples/standard_key/java_dl/classpath/System.java and once in URL:file:/home/runner/work/key/key/key.core/build/resources/main/de/uka/ilkd/key/java/JavaRedux/java/lang/System.java, Keeping one from URL:file:/home/runner/work/key/key/key.core/build/resources/main/de/uka/ilkd/key/java/JavaRedux/java/lang/System.java 
85816      WARN  main            d.u.i.k.j.r.KeYCrossReferenceNameInfo Datatype java.io.PrintStream declared twice: Once in FILE:/home/runner/work/key/key/key.core/../key.ui/examples/standard_key/java_dl/classpath/PrintStream.java and once in URL:file:/home/runner/work/key/key/key.core/build/resources/main/de/uka/ilkd/key/java/JavaRedux/java/io/PrintStream.java, Keeping one from URL:file:/home/runner/work/key/key/key.core/build/resources/main/de/uka/ilkd/key/java/JavaRedux/java/io/PrintStream.java 
85819      DEBUG main            d.u.i.k.j.r.ClassFileDeclarationBuilder Parsing: package java.io; public class Closeable { } 
85819      DEBUG main            r.s.KeYCrossReferenceSourceInfo Dynamically created class: java.io.Closeable 
88162      DEBUG main            d.u.i.k.p.i.AbstractProblemLoader Init config took 2.39s 
88177      INFO  main            d.u.i.k.p.i.AbstractProblemLoader Replaying proof continue2.key 
88180      DEBUG main            d.u.i.k.p.i.IntermediateProofReplayer Proof replay took 29.8ns 
88482      INFO  main            d.u.i.k.p.r.p.TestFile    ... finished proof: closed. 
88709      INFO  main            d.u.i.k.p.i.AbstractProblemLoader Loading environment from /home/runner/work/key/key/key.core/../key.ui/examples/standard_key/java_dl/continue2.key.proof 
88710      DEBUG main            d.u.i.k.p.i.AbstractProblemLoader Environment load took 116.8ns 
88711      INFO  main            d.u.i.k.p.i.AbstractProblemLoader Creating init config 
88741      WARN  main            d.u.i.k.j.r.KeYCrossReferenceNameInfo Datatype java.io.InputStream declared twice: Once in FILE:/home/runner/work/key/key/key.core/../key.ui/examples/standard_key/java_dl/classpath/InputStream.java and once in URL:file:/home/runner/work/key/key/key.core/build/resources/main/de/uka/ilkd/key/java/JavaRedux/java/io/InputStream.java, Keeping one from URL:file:/home/runner/work/key/key/key.core/build/resources/main/de/uka/ilkd/key/java/JavaRedux/java/io/InputStream.java 
88741      WARN  main            d.u.i.k.j.r.KeYCrossReferenceNameInfo Datatype java.lang.System declared twice: Once in FILE:/home/runner/work/key/key/key.core/../key.ui/examples/standard_key/java_dl/classpath/System.java and once in URL:file:/home/runner/work/key/key/key.core/build/resources/main/de/uka/ilkd/key/java/JavaRedux/java/lang/System.java, Keeping one from URL:file:/home/runner/work/key/key/key.core/build/resources/main/de/uka/ilkd/key/java/JavaRedux/java/lang/System.java 
88741      WARN  main            d.u.i.k.j.r.KeYCrossReferenceNameInfo Datatype java.io.PrintStream declared twice: Once in FILE:/home/runner/work/key/key/key.core/../key.ui/examples/standard_key/java_dl/classpath/PrintStream.java and once in URL:file:/home/runner/work/key/key/key.core/build/resources/main/de/uka/ilkd/key/java/JavaRedux/java/io/PrintStream.java, Keeping one from URL:file:/home/runner/work/key/key/key.core/build/resources/main/de/uka/ilkd/key/java/JavaRedux/java/io/PrintStream.java 
88744      DEBUG main            d.u.i.k.j.r.ClassFileDeclarationBuilder Parsing: package java.io; public class Closeable { } 
88744      DEBUG main            r.s.KeYCrossReferenceSourceInfo Dynamically created class: java.io.Closeable 
91101      DEBUG main            d.u.i.k.p.i.AbstractProblemLoader Init config took 2.39s 
91117      INFO  main            d.u.i.k.p.i.AbstractProblemLoader Replaying proof continue2.key.proof 
91188      DEBUG main            d.u.i.k.p.i.IntermediateProofReplayer Proof replay took 68.4ms 
91190      DEBUG main            d.u.i.k.p.r.p.TestFile    ... success: reloaded. 
91191      INFO  main            d.u.i.k.p.r.p.TestFile    Now processing file /home/runner/work/key/key/key.core/../key.ui/examples/standard_key/java_dl/complexAssignment.key 
91191      INFO  main            d.u.i.k.p.i.AbstractProblemLoader Loading environment from /home/runner/work/key/key/key.core/../key.ui/examples/standard_key/java_dl/complexAssignment.key 
91192      DEBUG main            d.u.i.k.p.i.AbstractProblemLoader Environment load took 188ns 
91193      INFO  main            d.u.i.k.p.i.AbstractProblemLoader Creating init config 
93498      DEBUG main            d.u.i.k.p.i.AbstractProblemLoader Init config took 2.3s 
93513      INFO  main            d.u.i.k.p.i.AbstractProblemLoader Replaying proof complexAssignment.key 
93515      DEBUG main            d.u.i.k.p.i.IntermediateProofReplayer Proof replay took 8.3ns 
93623      INFO  main            d.u.i.k.p.r.p.TestFile    ... finished proof: closed. 
93853      INFO  main            d.u.i.k.p.i.AbstractProblemLoader Loading environment from /home/runner/work/key/key/key.core/../key.ui/examples/standard_key/java_dl/complexAssignment.key.proof 
93854      DEBUG main            d.u.i.k.p.i.AbstractProblemLoader Environment load took 113.2ns 
93855      INFO  main            d.u.i.k.p.i.AbstractProblemLoader Creating init config 
96106      DEBUG main            d.u.i.k.p.i.AbstractProblemLoader Init config took 2.25s 
96120      INFO  main            d.u.i.k.p.i.AbstractProblemLoader Replaying proof complexAssignment.key.proof 
96129      DEBUG main            d.u.i.k.p.i.IntermediateProofReplayer Proof replay took 6.48ms 
96130      DEBUG main            d.u.i.k.p.r.p.TestFile    ... success: reloaded. 
96130      INFO  main            d.u.i.k.p.r.p.TestFile    Now processing file /home/runner/work/key/key/key.core/../key.ui/examples/standard_key/java_dl/danglingElseSolution1.key 
96130      INFO  main            d.u.i.k.p.i.AbstractProblemLoader Loading environment from /home/runner/work/key/key/key.core/../key.ui/examples/standard_key/java_dl/danglingElseSolution1.key 
96130      DEBUG main            d.u.i.k.p.i.AbstractProblemLoader Environment load took 70.6ns 
96131      INFO  main            d.u.i.k.p.i.AbstractProblemLoader Creating init config 
98475      DEBUG main            d.u.i.k.p.i.AbstractProblemLoader Init config took 2.34s 
98490      INFO  main            d.u.i.k.p.i.AbstractProblemLoader Replaying proof danglingElseSolution1.key 
98493      DEBUG main            d.u.i.k.p.i.IntermediateProofReplayer Proof replay took 7.9ns 
98595      INFO  main            d.u.i.k.p.r.p.TestFile    ... finished proof: closed. 
98825      INFO  main            d.u.i.k.p.i.AbstractProblemLoader Loading environment from /home/runner/work/key/key/key.core/../key.ui/examples/standard_key/java_dl/danglingElseSolution1.key.proof 
98825      DEBUG main            d.u.i.k.p.i.AbstractProblemLoader Environment load took 120ns 
98826      INFO  main            d.u.i.k.p.i.AbstractProblemLoader Creating init config 
101073     DEBUG main            d.u.i.k.p.i.AbstractProblemLoader Init config took 2.25s 
101087     INFO  main            d.u.i.k.p.i.AbstractProblemLoader Replaying proof danglingElseSolution1.key.proof 
101098     DEBUG main            d.u.i.k.p.i.IntermediateProofReplayer Proof replay took 9.13ms 
101099     DEBUG main            d.u.i.k.p.r.p.TestFile    ... success: reloaded. 
101100     INFO  main            d.u.i.k.p.r.p.TestFile    Now processing file /home/runner/work/key/key/key.core/../key.ui/examples/standard_key/java_dl/danglingElseSolution2.key 
101100     INFO  main            d.u.i.k.p.i.AbstractProblemLoader Loading environment from /home/runner/work/key/key/key.core/../key.ui/examples/standard_key/java_dl/danglingElseSolution2.key 
101100     DEBUG main            d.u.i.k.p.i.AbstractProblemLoader Environment load took 94ns 
101101     INFO  main            d.u.i.k.p.i.AbstractProblemLoader Creating init config 
103428     DEBUG main            d.u.i.k.p.i.AbstractProblemLoader Init config took 2.33s 
103443     INFO  main            d.u.i.k.p.i.AbstractProblemLoader Replaying proof danglingElseSolution2.key 
103444     DEBUG main            d.u.i.k.p.i.IntermediateProofReplayer Proof replay took 8.6ns 
103546     INFO  main            d.u.i.k.p.r.p.TestFile    ... finished proof: closed. 
103781     INFO  main            d.u.i.k.p.i.AbstractProblemLoader Loading environment from /home/runner/work/key/key/key.core/../key.ui/examples/standard_key/java_dl/danglingElseSolution2.key.proof 
103781     DEBUG main            d.u.i.k.p.i.AbstractProblemLoader Environment load took 118.5ns 
103782     INFO  main            d.u.i.k.p.i.AbstractProblemLoader Creating init config 
106041     DEBUG main            d.u.i.k.p.i.AbstractProblemLoader Init config took 2.26s 
106056     INFO  main            d.u.i.k.p.i.AbstractProblemLoader Replaying proof danglingElseSolution2.key.proof 
106067     DEBUG main            d.u.i.k.p.i.IntermediateProofReplayer Proof replay took 8.35ms 
106067     DEBUG main            d.u.i.k.p.r.p.TestFile    ... success: reloaded. 
106068     INFO  main            d.u.i.k.p.r.p.TestFile    Now processing file /home/runner/work/key/key/key.core/../key.ui/examples/standard_key/java_dl/deepNonNull/deepNonNull0.key 
106068     INFO  main            d.u.i.k.p.i.AbstractProblemLoader Loading environment from /home/runner/work/key/key/key.core/../key.ui/examples/standard_key/java_dl/deepNonNull/deepNonNull0.key 
106068     DEBUG main            d.u.i.k.p.i.AbstractProblemLoader Environment load took 91.9ns 
106069     INFO  main            d.u.i.k.p.i.AbstractProblemLoader Creating init config 
108468     DEBUG main            d.u.i.k.p.i.AbstractProblemLoader Init config took 2.4s 
108510     INFO  main            d.u.i.k.p.i.AbstractProblemLoader Replaying proof Arrays[Arrays::get()].JML operation contract.0 
108512     DEBUG main            d.u.i.k.p.i.IntermediateProofReplayer Proof replay took 8.1ns 
108750     INFO  main            d.u.i.k.p.r.p.TestFile    ... finished proof: closed. 
108988     INFO  main            d.u.i.k.p.i.AbstractProblemLoader Loading environment from /home/runner/work/key/key/key.core/../key.ui/examples/standard_key/java_dl/deepNonNull/deepNonNull0.key.proof 
108989     DEBUG main            d.u.i.k.p.i.AbstractProblemLoader Environment load took 178.5ns 
108990     INFO  main            d.u.i.k.p.i.AbstractProblemLoader Creating init config 
111307     DEBUG main            d.u.i.k.p.i.AbstractProblemLoader Init config took 2.32s 
111345     INFO  main            d.u.i.k.p.i.AbstractProblemLoader Replaying proof Arrays[Arrays::get()].JML operation contract.0 
111376     DEBUG main            d.u.i.k.p.i.IntermediateProofReplayer Proof replay took 29.09ms 
111377     DEBUG main            d.u.i.k.p.r.p.TestFile    ... success: reloaded. 
111378     INFO  main            d.u.i.k.p.r.p.TestFile    Now processing file /home/runner/work/key/key/key.core/../key.ui/examples/standard_key/java_dl/deepNonNull/deepNonNull1.key 
111378     INFO  main            d.u.i.k.p.i.AbstractProblemLoader Loading environment from /home/runner/work/key/key/key.core/../key.ui/examples/standard_key/java_dl/deepNonNull/deepNonNull1.key 
111378     DEBUG main            d.u.i.k.p.i.AbstractProblemLoader Environment load took 127.5ns 
111379     INFO  main            d.u.i.k.p.i.AbstractProblemLoader Creating init config 
113747     DEBUG main            d.u.i.k.p.i.AbstractProblemLoader Init config took 2.37s 
113783     INFO  main            d.u.i.k.p.i.AbstractProblemLoader Replaying proof Arrays[Arrays::head()].JML operation contract.0 
113784     DEBUG main            d.u.i.k.p.i.IntermediateProofReplayer Proof replay took 7.8ns 
113986     INFO  main            d.u.i.k.p.r.p.TestFile    ... finished proof: closed. 
114259     INFO  main            d.u.i.k.p.i.AbstractProblemLoader Loading environment from /home/runner/work/key/key/key.core/../key.ui/examples/standard_key/java_dl/deepNonNull/deepNonNull1.key.proof 
114260     DEBUG main            d.u.i.k.p.i.AbstractProblemLoader Environment load took 112.9ns 
114260     INFO  main            d.u.i.k.p.i.AbstractProblemLoader Creating init config 
116609     DEBUG main            d.u.i.k.p.i.AbstractProblemLoader Init config took 2.35s 
116644     INFO  main            d.u.i.k.p.i.AbstractProblemLoader Replaying proof Arrays[Arrays::head()].JML operation contract.0 
116670     DEBUG main            d.u.i.k.p.i.IntermediateProofReplayer Proof replay took 23.21ms 
116671     DEBUG main            d.u.i.k.p.r.p.TestFile    ... success: reloaded. 
116671     INFO  main            d.u.i.k.p.r.p.TestFile    Now processing file /home/runner/work/key/key/key.core/../key.ui/examples/standard_key/java_dl/deepNonNull/deepNonNull2.key 
116671     INFO  main            d.u.i.k.p.i.AbstractProblemLoader Loading environment from /home/runner/work/key/key/key.core/../key.ui/examples/standard_key/java_dl/deepNonNull/deepNonNull2.key 
116672     DEBUG main            d.u.i.k.p.i.AbstractProblemLoader Environment load took 94.7ns 
116672     INFO  main            d.u.i.k.p.i.AbstractProblemLoader Creating init config 
119029     DEBUG main            d.u.i.k.p.i.AbstractProblemLoader Init config took 2.36s 
119064     INFO  main            d.u.i.k.p.i.AbstractProblemLoader Replaying proof Arrays[Arrays::unprovable(java.lang.Object)].JML operation contract.0 
119066     DEBUG main            d.u.i.k.p.i.IntermediateProofReplayer Proof replay took 7.1ns 
119172     INFO  main            d.u.i.k.p.r.p.TestFile    ... finished proof: open goal(s) 
119431     INFO  main            d.u.i.k.p.r.p.TestFile    Now processing file /home/runner/work/key/key/key.core/../key.ui/examples/standard_key/java_dl/deepNonNull/deepNonNull3.key 
119431     INFO  main            d.u.i.k.p.i.AbstractProblemLoader Loading environment from /home/runner/work/key/key/key.core/../key.ui/examples/standard_key/java_dl/deepNonNull/deepNonNull3.key 
119431     DEBUG main            d.u.i.k.p.i.AbstractProblemLoader Environment load took 65.9ns 
119432     INFO  main            d.u.i.k.p.i.AbstractProblemLoader Creating init config 
121733     DEBUG main            d.u.i.k.p.i.AbstractProblemLoader Init config took 2.3s 
121768     INFO  main            d.u.i.k.p.i.AbstractProblemLoader Replaying proof Arrays[Arrays::head([[[[Ljava.lang.Object)].JML operation contract.0 
121769     DEBUG main            d.u.i.k.p.i.IntermediateProofReplayer Proof replay took 7.3ns 
122703     INFO  main            d.u.i.k.p.r.p.TestFile    ... finished proof: closed. 
122966     INFO  main            d.u.i.k.p.i.AbstractProblemLoader Loading environment from /home/runner/work/key/key/key.core/../key.ui/examples/standard_key/java_dl/deepNonNull/deepNonNull3.key.proof 
122967     DEBUG main            d.u.i.k.p.i.AbstractProblemLoader Environment load took 449.01ns 
122968     INFO  main            d.u.i.k.p.i.AbstractProblemLoader Creating init config 
125317     DEBUG main            d.u.i.k.p.i.AbstractProblemLoader Init config took 2.35s 
125352     INFO  main            d.u.i.k.p.i.AbstractProblemLoader Replaying proof Arrays[Arrays::head([[[[Ljava.lang.Object)].JML operation contract.0 
125461     DEBUG main            d.u.i.k.p.i.IntermediateProofReplayer Proof replay took 103.37ms 
125462     DEBUG main            d.u.i.k.p.r.p.TestFile    ... success: reloaded. 
125462     INFO  main            d.u.i.k.p.r.p.TestFile    Now processing file /home/runner/work/key/key/key.core/../key.ui/examples/standard_key/java_dl/exceptions.key 
125462     INFO  main            d.u.i.k.p.i.AbstractProblemLoader Loading environment from /home/runner/work/key/key/key.core/../key.ui/examples/standard_key/java_dl/exceptions.key 
125463     DEBUG main            d.u.i.k.p.i.AbstractProblemLoader Environment load took 227.21ns 
125464     INFO  main            d.u.i.k.p.i.AbstractProblemLoader Creating init config 
125485     WARN  main            d.u.i.k.j.r.KeYCrossReferenceNameInfo Datatype java.io.InputStream declared twice: Once in FILE:/home/runner/work/key/key/key.core/../key.ui/examples/standard_key/java_dl/classpath/InputStream.java and once in URL:file:/home/runner/work/key/key/key.core/build/resources/main/de/uka/ilkd/key/java/JavaRedux/java/io/InputStream.java, Keeping one from URL:file:/home/runner/work/key/key/key.core/build/resources/main/de/uka/ilkd/key/java/JavaRedux/java/io/InputStream.java 
125487     WARN  main            d.u.i.k.j.r.KeYCrossReferenceNameInfo Datatype java.lang.System declared twice: Once in FILE:/home/runner/work/key/key/key.core/../key.ui/examples/standard_key/java_dl/classpath/System.java and once in URL:file:/home/runner/work/key/key/key.core/build/resources/main/de/uka/ilkd/key/java/JavaRedux/java/lang/System.java, Keeping one from URL:file:/home/runner/work/key/key/key.core/build/resources/main/de/uka/ilkd/key/java/JavaRedux/java/lang/System.java 
125487     WARN  main            d.u.i.k.j.r.KeYCrossReferenceNameInfo Datatype java.io.PrintStream declared twice: Once in FILE:/home/runner/work/key/key/key.core/../key.ui/examples/standard_key/java_dl/classpath/PrintStream.java and once in URL:file:/home/runner/work/key/key/key.core/build/resources/main/de/uka/ilkd/key/java/JavaRedux/java/io/PrintStream.java, Keeping one from URL:file:/home/runner/work/key/key/key.core/build/resources/main/de/uka/ilkd/key/java/JavaRedux/java/io/PrintStream.java 
125490     DEBUG main            d.u.i.k.j.r.ClassFileDeclarationBuilder Parsing: package java.io; public class Closeable { } 
125490     DEBUG main            r.s.KeYCrossReferenceSourceInfo Dynamically created class: java.io.Closeable 
127856     DEBUG main            d.u.i.k.p.i.AbstractProblemLoader Init config took 2.39s 
127870     INFO  main            d.u.i.k.p.i.AbstractProblemLoader Replaying proof exceptions.key 
127872     DEBUG main            d.u.i.k.p.i.IntermediateProofReplayer Proof replay took 9.2ns 
128075     INFO  main            d.u.i.k.p.r.p.TestFile    ... finished proof: closed. 
128343     INFO  main            d.u.i.k.p.i.AbstractProblemLoader Loading environment from /home/runner/work/key/key/key.core/../key.ui/examples/standard_key/java_dl/exceptions.key.proof 
128343     DEBUG main            d.u.i.k.p.i.AbstractProblemLoader Environment load took 111.2ns 
128344     INFO  main            d.u.i.k.p.i.AbstractProblemLoader Creating init config 
128365     WARN  main            d.u.i.k.j.r.KeYCrossReferenceNameInfo Datatype java.io.InputStream declared twice: Once in FILE:/home/runner/work/key/key/key.core/../key.ui/examples/standard_key/java_dl/classpath/InputStream.java and once in URL:file:/home/runner/work/key/key/key.core/build/resources/main/de/uka/ilkd/key/java/JavaRedux/java/io/InputStream.java, Keeping one from URL:file:/home/runner/work/key/key/key.core/build/resources/main/de/uka/ilkd/key/java/JavaRedux/java/io/InputStream.java 
128366     WARN  main            d.u.i.k.j.r.KeYCrossReferenceNameInfo Datatype java.lang.System declared twice: Once in FILE:/home/runner/work/key/key/key.core/../key.ui/examples/standard_key/java_dl/classpath/System.java and once in URL:file:/home/runner/work/key/key/key.core/build/resources/main/de/uka/ilkd/key/java/JavaRedux/java/lang/System.java, Keeping one from URL:file:/home/runner/work/key/key/key.core/build/resources/main/de/uka/ilkd/key/java/JavaRedux/java/lang/System.java 
128366     WARN  main            d.u.i.k.j.r.KeYCrossReferenceNameInfo Datatype java.io.PrintStream declared twice: Once in FILE:/home/runner/work/key/key/key.core/../key.ui/examples/standard_key/java_dl/classpath/PrintStream.java and once in URL:file:/home/runner/work/key/key/key.core/build/resources/main/de/uka/ilkd/key/java/JavaRedux/java/io/PrintStream.java, Keeping one from URL:file:/home/runner/work/key/key/key.core/build/resources/main/de/uka/ilkd/key/java/JavaRedux/java/io/PrintStream.java 
128368     DEBUG main            d.u.i.k.j.r.ClassFileDeclarationBuilder Parsing: package java.io; public class Closeable { } 
128368     DEBUG main            r.s.KeYCrossReferenceSourceInfo Dynamically created class: java.io.Closeable 
130721     DEBUG main            d.u.i.k.p.i.AbstractProblemLoader Init config took 2.38s 
130738     INFO  main            d.u.i.k.p.i.AbstractProblemLoader Replaying proof exceptions.key.proof 
130780     DEBUG main            d.u.i.k.p.i.IntermediateProofReplayer Proof replay took 39.57ms 
130781     DEBUG main            d.u.i.k.p.r.p.TestFile    ... success: reloaded. 
130782     INFO  main            d.u.i.k.p.r.p.TestFile    Now processing file /home/runner/work/key/key/key.core/../key.ui/examples/standard_key/java_dl/exceptions1.key 
130782     INFO  main            d.u.i.k.p.i.AbstractProblemLoader Loading environment from /home/runner/work/key/key/key.core/../key.ui/examples/standard_key/java_dl/exceptions1.key 
130782     DEBUG main            d.u.i.k.p.i.AbstractProblemLoader Environment load took 53.2ns 
130783     INFO  main            d.u.i.k.p.i.AbstractProblemLoader Creating init config 
133082     DEBUG main            d.u.i.k.p.i.AbstractProblemLoader Init config took 2.3s 
133097     INFO  main            d.u.i.k.p.i.AbstractProblemLoader Replaying proof exceptions1.key 
133100     DEBUG main            d.u.i.k.p.i.IntermediateProofReplayer Proof replay took 8.7ns 
133202     INFO  main            d.u.i.k.p.r.p.TestFile    ... finished proof: closed. 
133560     INFO  main            d.u.i.k.p.i.AbstractProblemLoader Loading environment from /home/runner/work/key/key/key.core/../key.ui/examples/standard_key/java_dl/exceptions1.key.proof 
133560     DEBUG main            d.u.i.k.p.i.AbstractProblemLoader Environment load took 103.1ns 
133562     INFO  main            d.u.i.k.p.i.AbstractProblemLoader Creating init config 
135816     DEBUG main            d.u.i.k.p.i.AbstractProblemLoader Init config took 2.25s 
135833     INFO  main            d.u.i.k.p.i.AbstractProblemLoader Replaying proof exceptions1.key.proof 
135869     DEBUG main            d.u.i.k.p.i.IntermediateProofReplayer Proof replay took 32.38ms 
135870     DEBUG main            d.u.i.k.p.r.p.TestFile    ... success: reloaded. 
135872     INFO  main            d.u.i.k.p.r.p.TestFile    Now processing file /home/runner/work/key/key/key.core/../key.ui/examples/standard_key/java_dl/exceptions2.key 
135872     INFO  main            d.u.i.k.p.i.AbstractProblemLoader Loading environment from /home/runner/work/key/key/key.core/../key.ui/examples/standard_key/java_dl/exceptions2.key 
135872     DEBUG main            d.u.i.k.p.i.AbstractProblemLoader Environment load took 176.4ns 
135873     INFO  main            d.u.i.k.p.i.AbstractProblemLoader Creating init config 
138234     DEBUG main            d.u.i.k.p.i.AbstractProblemLoader Init config took 2.36s 
138250     INFO  main            d.u.i.k.p.i.AbstractProblemLoader Replaying proof exceptions2.key 
138253     DEBUG main            d.u.i.k.p.i.IntermediateProofReplayer Proof replay took 30.8ns 
138455     INFO  main            d.u.i.k.p.r.p.TestFile    ... finished proof: closed. 
138745     INFO  main            d.u.i.k.p.i.AbstractProblemLoader Loading environment from /home/runner/work/key/key/key.core/../key.ui/examples/standard_key/java_dl/exceptions2.key.proof 
138745     DEBUG main            d.u.i.k.p.i.AbstractProblemLoader Environment load took 105.2ns 
138746     INFO  main            d.u.i.k.p.i.AbstractProblemLoader Creating init config 
140982     DEBUG main            d.u.i.k.p.i.AbstractProblemLoader Init config took 2.24s 
140999     INFO  main            d.u.i.k.p.i.AbstractProblemLoader Replaying proof exceptions2.key.proof 
141032     DEBUG main            d.u.i.k.p.i.IntermediateProofReplayer Proof replay took 29.93ms 
141037     DEBUG main            d.u.i.k.p.r.p.TestFile    ... success: reloaded. 
141038     INFO  main            d.u.i.k.p.r.p.TestFile    Now processing file /home/runner/work/key/key/key.core/../key.ui/examples/standard_key/java_dl/exceptions3.key 
141039     INFO  main            d.u.i.k.p.i.AbstractProblemLoader Loading environment from /home/runner/work/key/key/key.core/../key.ui/examples/standard_key/java_dl/exceptions3.key 
141039     DEBUG main            d.u.i.k.p.i.AbstractProblemLoader Environment load took 196.6ns 
141040     INFO  main            d.u.i.k.p.i.AbstractProblemLoader Creating init config 
141072     WARN  main            d.u.i.k.j.r.KeYCrossReferenceNameInfo Datatype java.io.InputStream declared twice: Once in FILE:/home/runner/work/key/key/key.core/../key.ui/examples/standard_key/java_dl/classpath/InputStream.java and once in URL:file:/home/runner/work/key/key/key.core/build/resources/main/de/uka/ilkd/key/java/JavaRedux/java/io/InputStream.java, Keeping one from URL:file:/home/runner/work/key/key/key.core/build/resources/main/de/uka/ilkd/key/java/JavaRedux/java/io/InputStream.java 
141072     WARN  main            d.u.i.k.j.r.KeYCrossReferenceNameInfo Datatype java.lang.System declared twice: Once in FILE:/home/runner/work/key/key/key.core/../key.ui/examples/standard_key/java_dl/classpath/System.java and once in URL:file:/home/runner/work/key/key/key.core/build/resources/main/de/uka/ilkd/key/java/JavaRedux/java/lang/System.java, Keeping one from URL:file:/home/runner/work/key/key/key.core/build/resources/main/de/uka/ilkd/key/java/JavaRedux/java/lang/System.java 
141073     WARN  main            d.u.i.k.j.r.KeYCrossReferenceNameInfo Datatype java.io.PrintStream declared twice: Once in FILE:/home/runner/work/key/key/key.core/../key.ui/examples/standard_key/java_dl/classpath/PrintStream.java and once in URL:file:/home/runner/work/key/key/key.core/build/resources/main/de/uka/ilkd/key/java/JavaRedux/java/io/PrintStream.java, Keeping one from URL:file:/home/runner/work/key/key/key.core/build/resources/main/de/uka/ilkd/key/java/JavaRedux/java/io/PrintStream.java 
141076     DEBUG main            d.u.i.k.j.r.ClassFileDeclarationBuilder Parsing: package java.io; public class Closeable { } 
141076     DEBUG main            r.s.KeYCrossReferenceSourceInfo Dynamically created class: java.io.Closeable 
143388     DEBUG main            d.u.i.k.p.i.AbstractProblemLoader Init config took 2.35s 
143402     INFO  main            d.u.i.k.p.i.AbstractProblemLoader Replaying proof exceptions3.key 
143404     DEBUG main            d.u.i.k.p.i.IntermediateProofReplayer Proof replay took 7.6ns 
143507     INFO  main            d.u.i.k.p.r.p.TestFile    ... finished proof: closed. 
143781     INFO  main            d.u.i.k.p.i.AbstractProblemLoader Loading environment from /home/runner/work/key/key/key.core/../key.ui/examples/standard_key/java_dl/exceptions3.key.proof 
143781     DEBUG main            d.u.i.k.p.i.AbstractProblemLoader Environment load took 101.6ns 
143782     INFO  main            d.u.i.k.p.i.AbstractProblemLoader Creating init config 
143803     WARN  main            d.u.i.k.j.r.KeYCrossReferenceNameInfo Datatype java.io.InputStream declared twice: Once in FILE:/home/runner/work/key/key/key.core/../key.ui/examples/standard_key/java_dl/classpath/InputStream.java and once in URL:file:/home/runner/work/key/key/key.core/build/resources/main/de/uka/ilkd/key/java/JavaRedux/java/io/InputStream.java, Keeping one from URL:file:/home/runner/work/key/key/key.core/build/resources/main/de/uka/ilkd/key/java/JavaRedux/java/io/InputStream.java 
143804     WARN  main            d.u.i.k.j.r.KeYCrossReferenceNameInfo Datatype java.lang.System declared twice: Once in FILE:/home/runner/work/key/key/key.core/../key.ui/examples/standard_key/java_dl/classpath/System.java and once in URL:file:/home/runner/work/key/key/key.core/build/resources/main/de/uka/ilkd/key/java/JavaRedux/java/lang/System.java, Keeping one from URL:file:/home/runner/work/key/key/key.core/build/resources/main/de/uka/ilkd/key/java/JavaRedux/java/lang/System.java 
143804     WARN  main            d.u.i.k.j.r.KeYCrossReferenceNameInfo Datatype java.io.PrintStream declared twice: Once in FILE:/home/runner/work/key/key/key.core/../key.ui/examples/standard_key/java_dl/classpath/PrintStream.java and once in URL:file:/home/runner/work/key/key/key.core/build/resources/main/de/uka/ilkd/key/java/JavaRedux/java/io/PrintStream.java, Keeping one from URL:file:/home/runner/work/key/key/key.core/build/resources/main/de/uka/ilkd/key/java/JavaRedux/java/io/PrintStream.java 
143807     DEBUG main            d.u.i.k.j.r.ClassFileDeclarationBuilder Parsing: package java.io; public class Closeable { } 
143807     DEBUG main            r.s.KeYCrossReferenceSourceInfo Dynamically created class: java.io.Closeable 
146054     DEBUG main            d.u.i.k.p.i.AbstractProblemLoader Init config took 2.27s 
146068     INFO  main            d.u.i.k.p.i.AbstractProblemLoader Replaying proof exceptions3.key.proof 
146073     DEBUG main            d.u.i.k.p.i.IntermediateProofReplayer Proof replay took 3.98ms 
146074     DEBUG main            d.u.i.k.p.r.p.TestFile    ... success: reloaded. 
146075     INFO  main            d.u.i.k.p.r.p.TestFile    Now processing file /home/runner/work/key/key/key.core/../key.ui/examples/standard_key/java_dl/exchange.key 
146075     INFO  main            d.u.i.k.p.i.AbstractProblemLoader Loading environment from /home/runner/work/key/key/key.core/../key.ui/examples/standard_key/java_dl/exchange.key 
146075     DEBUG main            d.u.i.k.p.i.AbstractProblemLoader Environment load took 87.3ns 
146076     INFO  main            d.u.i.k.p.i.AbstractProblemLoader Creating init config 
148379     DEBUG main            d.u.i.k.p.i.AbstractProblemLoader Init config took 2.3s 
148393     INFO  main            d.u.i.k.p.i.AbstractProblemLoader Replaying proof exchange.key 
148395     DEBUG main            d.u.i.k.p.i.IntermediateProofReplayer Proof replay took 8.6ns 
148496     INFO  main            d.u.i.k.p.r.p.TestFile    ... finished proof: closed. 
148778     INFO  main            d.u.i.k.p.i.AbstractProblemLoader Loading environment from /home/runner/work/key/key/key.core/../key.ui/examples/standard_key/java_dl/exchange.key.proof 
148778     DEBUG main            d.u.i.k.p.i.AbstractProblemLoader Environment load took 118.2ns 
148779     INFO  main            d.u.i.k.p.i.AbstractProblemLoader Creating init config 
151016     DEBUG main            d.u.i.k.p.i.AbstractProblemLoader Init config took 2.24s 
151032     INFO  main            d.u.i.k.p.i.AbstractProblemLoader Replaying proof exchange.key.proof 
151039     DEBUG main            d.u.i.k.p.i.IntermediateProofReplayer Proof replay took 5.58ms 
151040     DEBUG main            d.u.i.k.p.r.p.TestFile    ... success: reloaded. 
151041     INFO  main            d.u.i.k.p.r.p.TestFile    Now processing file /home/runner/work/key/key/key.core/../key.ui/examples/standard_key/java_dl/if.key 
151041     INFO  main            d.u.i.k.p.i.AbstractProblemLoader Loading environment from /home/runner/work/key/key/key.core/../key.ui/examples/standard_key/java_dl/if.key 
151041     DEBUG main            d.u.i.k.p.i.AbstractProblemLoader Environment load took 45.2ns 
151042     INFO  main            d.u.i.k.p.i.AbstractProblemLoader Creating init config 
153341     DEBUG main            d.u.i.k.p.i.AbstractProblemLoader Init config took 2.3s 
153355     INFO  main            d.u.i.k.p.i.AbstractProblemLoader Replaying proof if.key 
153356     DEBUG main            d.u.i.k.p.i.IntermediateProofReplayer Proof replay took 7.3ns 
153457     INFO  main            d.u.i.k.p.r.p.TestFile    ... finished proof: closed. 
153745     INFO  main            d.u.i.k.p.i.AbstractProblemLoader Loading environment from /home/runner/work/key/key/key.core/../key.ui/examples/standard_key/java_dl/if.key.proof 
153745     DEBUG main            d.u.i.k.p.i.AbstractProblemLoader Environment load took 130.9ns 
153746     INFO  main            d.u.i.k.p.i.AbstractProblemLoader Creating init config 
155997     DEBUG main            d.u.i.k.p.i.AbstractProblemLoader Init config took 2.25s 
156011     INFO  main            d.u.i.k.p.i.AbstractProblemLoader Replaying proof if.key.proof 
156015     DEBUG main            d.u.i.k.p.i.IntermediateProofReplayer Proof replay took 2.8ms 
156016     DEBUG main            d.u.i.k.p.r.p.TestFile    ... success: reloaded. 
156017     INFO  main            d.u.i.k.p.r.p.TestFile    Now processing file /home/runner/work/key/key/key.core/../key.ui/examples/standard_key/java_dl/incrementcounter.key 
156017     INFO  main            d.u.i.k.p.i.AbstractProblemLoader Loading environment from /home/runner/work/key/key/key.core/../key.ui/examples/standard_key/java_dl/incrementcounter.key 
156017     DEBUG main            d.u.i.k.p.i.AbstractProblemLoader Environment load took 63.6ns 
156018     INFO  main            d.u.i.k.p.i.AbstractProblemLoader Creating init config 
158283     DEBUG main            d.u.i.k.p.i.AbstractProblemLoader Init config took 2.27s 
158298     INFO  main            d.u.i.k.p.i.AbstractProblemLoader Replaying proof incrementcounter.key 
158300     DEBUG main            d.u.i.k.p.i.IntermediateProofReplayer Proof replay took 8.7ns 
158402     INFO  main            d.u.i.k.p.r.p.TestFile    ... finished proof: closed. 
158700     INFO  main            d.u.i.k.p.i.AbstractProblemLoader Loading environment from /home/runner/work/key/key/key.core/../key.ui/examples/standard_key/java_dl/incrementcounter.key.proof 
158700     DEBUG main            d.u.i.k.p.i.AbstractProblemLoader Environment load took 101.4ns 
158701     INFO  main            d.u.i.k.p.i.AbstractProblemLoader Creating init config 
160944     DEBUG main            d.u.i.k.p.i.AbstractProblemLoader Init config took 2.24s 
160958     INFO  main            d.u.i.k.p.i.AbstractProblemLoader Replaying proof incrementcounter.key.proof 
160961     DEBUG main            d.u.i.k.p.i.IntermediateProofReplayer Proof replay took 1.88ms 
160962     DEBUG main            d.u.i.k.p.r.p.TestFile    ... success: reloaded. 
160963     INFO  main            d.u.i.k.p.r.p.TestFile    Now processing file /home/runner/work/key/key/key.core/../key.ui/examples/standard_key/java_dl/danglingElse.key 
160963     INFO  main            d.u.i.k.p.i.AbstractProblemLoader Loading environment from /home/runner/work/key/key/key.core/../key.ui/examples/standard_key/java_dl/danglingElse.key 
160963     DEBUG main            d.u.i.k.p.i.AbstractProblemLoader Environment load took 80.9ns 
160964     INFO  main            d.u.i.k.p.i.AbstractProblemLoader Creating init config 
163248     DEBUG main            d.u.i.k.p.i.AbstractProblemLoader Init config took 2.28s 
163262     INFO  main            d.u.i.k.p.i.AbstractProblemLoader Replaying proof danglingElse.key 
163263     DEBUG main            d.u.i.k.p.i.IntermediateProofReplayer Proof replay took 8ns 
163366     INFO  main            d.u.i.k.p.r.p.TestFile    ... finished proof: open goal(s) 
163706     INFO  main            d.u.i.k.p.r.p.TestFile    Now processing file /home/runner/work/key/key/key.core/../key.ui/examples/standard_key/java_dl/iteratedAssignment.key 
163707     INFO  main            d.u.i.k.p.i.AbstractProblemLoader Loading environment from /home/runner/work/key/key/key.core/../key.ui/examples/standard_key/java_dl/iteratedAssignment.key 
163707     DEBUG main            d.u.i.k.p.i.AbstractProblemLoader Environment load took 52.8ns 
163708     INFO  main            d.u.i.k.p.i.AbstractProblemLoader Creating init config 
165930     DEBUG main            d.u.i.k.p.i.AbstractProblemLoader Init config took 2.22s 
165945     INFO  main            d.u.i.k.p.i.AbstractProblemLoader Replaying proof iteratedAssignment.key 
165953     DEBUG main            d.u.i.k.p.i.IntermediateProofReplayer Proof replay took 7.7ns 
166357     INFO  main            d.u.i.k.p.r.p.TestFile    ... finished proof: closed. 
166654     INFO  main            d.u.i.k.p.i.AbstractProblemLoader Loading environment from /home/runner/work/key/key/key.core/../key.ui/examples/standard_key/java_dl/iteratedAssignment.key.proof 
166654     DEBUG main            d.u.i.k.p.i.AbstractProblemLoader Environment load took 99.1ns 
166655     INFO  main            d.u.i.k.p.i.AbstractProblemLoader Creating init config 
168878     DEBUG main            d.u.i.k.p.i.AbstractProblemLoader Init config took 2.22s 
168894     INFO  main            d.u.i.k.p.i.AbstractProblemLoader Replaying proof iteratedAssignment.key.proof 
168957     DEBUG main            d.u.i.k.p.i.IntermediateProofReplayer Proof replay took 59.64ms 
168958     DEBUG main            d.u.i.k.p.r.p.TestFile    ... success: reloaded. 
168959     INFO  main            d.u.i.k.p.r.p.TestFile    Now processing file /home/runner/work/key/key/key.core/../key.ui/examples/standard_key/java_dl/assert/assert1.key 
168959     INFO  main            d.u.i.k.p.i.AbstractProblemLoader Loading environment from /home/runner/work/key/key/key.core/../key.ui/examples/standard_key/java_dl/assert/assert1.key 
168959     DEBUG main            d.u.i.k.p.i.AbstractProblemLoader Environment load took 169.3ns 
168960     INFO  main            d.u.i.k.p.i.AbstractProblemLoader Creating init config 
171279     DEBUG main            d.u.i.k.p.i.AbstractProblemLoader Init config took 2.32s 
171314     INFO  main            d.u.i.k.p.i.AbstractProblemLoader Replaying proof C[C::foo()].JML normal_behavior operation contract.0 
171316     DEBUG main            d.u.i.k.p.i.IntermediateProofReplayer Proof replay took 7.3ns 
171519     INFO  main            d.u.i.k.p.r.p.TestFile    ... finished proof: open goal(s) 
171842     INFO  main            d.u.i.k.p.r.p.TestFile    Now processing file /home/runner/work/key/key/key.core/../key.ui/examples/standard_key/java_dl/assert/assert2.key 
171842     INFO  main            d.u.i.k.p.i.AbstractProblemLoader Loading environment from /home/runner/work/key/key/key.core/../key.ui/examples/standard_key/java_dl/assert/assert2.key 
171842     DEBUG main            d.u.i.k.p.i.AbstractProblemLoader Environment load took 61.6ns 
171843     INFO  main            d.u.i.k.p.i.AbstractProblemLoader Creating init config 
174100     DEBUG main            d.u.i.k.p.i.AbstractProblemLoader Init config took 2.26s 
174145     INFO  main            d.u.i.k.p.i.AbstractProblemLoader Replaying proof C[C::bar()].JML exceptional_behavior operation contract.0 
174147     DEBUG main            d.u.i.k.p.i.IntermediateProofReplayer Proof replay took 7.9ns 
174350     INFO  main            d.u.i.k.p.r.p.TestFile    ... finished proof: closed. 
174654     INFO  main            d.u.i.k.p.i.AbstractProblemLoader Loading environment from /home/runner/work/key/key/key.core/../key.ui/examples/standard_key/java_dl/assert/assert2.key.proof 
174654     DEBUG main            d.u.i.k.p.i.AbstractProblemLoader Environment load took 98.1ns 
174655     INFO  main            d.u.i.k.p.i.AbstractProblemLoader Creating init config 
176914     DEBUG main            d.u.i.k.p.i.AbstractProblemLoader Init config took 2.26s 
176947     INFO  main            d.u.i.k.p.i.AbstractProblemLoader Replaying proof C[C::bar()].JML exceptional_behavior operation contract.0 
176987     DEBUG main            d.u.i.k.p.i.IntermediateProofReplayer Proof replay took 38.33ms 
176988     DEBUG main            d.u.i.k.p.r.p.TestFile    ... success: reloaded. 
176989     INFO  main            d.u.i.k.p.r.p.TestFile    Now processing file /home/runner/work/key/key/key.core/../key.ui/examples/standard_key/java_dl/assert/assert3.key 
176989     INFO  main            d.u.i.k.p.i.AbstractProblemLoader Loading environment from /home/runner/work/key/key/key.core/../key.ui/examples/standard_key/java_dl/assert/assert3.key 
176989     DEBUG main            d.u.i.k.p.i.AbstractProblemLoader Environment load took 75.6ns 
176990     INFO  main            d.u.i.k.p.i.AbstractProblemLoader Creating init config 
179309     DEBUG main            d.u.i.k.p.i.AbstractProblemLoader Init config took 2.32s 
179341     INFO  main            d.u.i.k.p.i.AbstractProblemLoader Replaying proof C[C::foo()].JML normal_behavior operation contract.0 
179343     DEBUG main            d.u.i.k.p.i.IntermediateProofReplayer Proof replay took 7.2ns 
179446     INFO  main            d.u.i.k.p.r.p.TestFile    ... finished proof: open goal(s) 
179762     INFO  main            d.u.i.k.p.r.p.TestFile    Now processing file /home/runner/work/key/key/key.core/../key.ui/examples/standard_key/java_dl/java5/vararg.key 
179762     INFO  main            d.u.i.k.p.i.AbstractProblemLoader Loading environment from /home/runner/work/key/key/key.core/../key.ui/examples/standard_key/java_dl/java5/vararg.key 
179762     DEBUG main            d.u.i.k.p.i.AbstractProblemLoader Environment load took 60.1ns 
179763     INFO  main            d.u.i.k.p.i.AbstractProblemLoader Creating init config 
180626     DEBUG main            d.u.i.k.j.r.ClassPreparationMethodBuilder clPrepBuilder: Inner Class detected. Reject building class initialisation methods. 
182430     DEBUG main            d.u.i.k.p.i.AbstractProblemLoader Init config took 2.67s 
182466     INFO  main            d.u.i.k.p.i.AbstractProblemLoader Replaying proof vararg.key 
182468     DEBUG main            d.u.i.k.p.i.IntermediateProofReplayer Proof replay took 9.2ns 
182746     DEBUG Thread-101      d.u.i.k.j.d.VariableSpecification Program match. Variables have different dimension (template #v0 = #vi;, source var#17[] = new java.lang.Object[]{d1, d2};) 
182898     DEBUG Thread-101      d.u.i.k.j.d.VariableSpecification Program match. Variables have different dimension (template #v0 = #vi;, source var#24[] = new java.lang.Object[]{d1, d2};) 
183054     DEBUG Thread-101      d.u.i.k.j.d.VariableSpecification Program match. Variables have different dimension (template #v0 = #vi;, source var#33[] = new java.lang.Object[]{var_1};) 
183055     DEBUG Thread-101      d.u.i.k.j.d.VariableSpecification Program match. Variables have different dimension (template #v0 = #vi;, source var#33[] = new java.lang.Object[]{var_1};) 
183176     DEBUG Thread-101      d.u.i.k.j.d.VariableSpecification Program match. Variables have different dimension (template #v0 = #vi;, source var#39[] = new java.lang.Object[]{null, null};) 
183358     DEBUG Thread-101      d.u.i.k.j.d.VariableSpecification Program match. Variables have different dimension (template #v0 = #vi;, source var#46[] = new java.lang.Object[]{};) 
183776     INFO  main            d.u.i.k.p.r.p.TestFile    ... finished proof: closed. 
184139     INFO  main            d.u.i.k.p.i.AbstractProblemLoader Loading environment from /home/runner/work/key/key/key.core/../key.ui/examples/standard_key/java_dl/java5/vararg.key.proof 
184139     DEBUG main            d.u.i.k.p.i.AbstractProblemLoader Environment load took 340.31ns 
184140     INFO  main            d.u.i.k.p.i.AbstractProblemLoader Creating init config 
184956     DEBUG main            d.u.i.k.j.r.ClassPreparationMethodBuilder clPrepBuilder: Inner Class detected. Reject building class initialisation methods. 
186658     DEBUG main            d.u.i.k.p.i.AbstractProblemLoader Init config took 2.52s 
186682     INFO  main            d.u.i.k.p.i.AbstractProblemLoader Replaying proof vararg.key.proof 
187009     DEBUG main            d.u.i.k.p.i.IntermediateProofReplayer Proof replay took 316.72ms 
187011     DEBUG main            d.u.i.k.p.r.p.TestFile    ... success: reloaded. 
187011     INFO  main            d.u.i.k.p.r.p.TestFile    Now processing file /home/runner/work/key/key/key.core/../key.ui/examples/standard_key/java_dl/java5/for_Array.key 
187012     INFO  main            d.u.i.k.p.i.AbstractProblemLoader Loading environment from /home/runner/work/key/key/key.core/../key.ui/examples/standard_key/java_dl/java5/for_Array.key 
187012     DEBUG main            d.u.i.k.p.i.AbstractProblemLoader Environment load took 83.3ns 
187012     INFO  main            d.u.i.k.p.i.AbstractProblemLoader Creating init config 
187819     DEBUG main            d.u.i.k.j.r.ClassPreparationMethodBuilder clPrepBuilder: Inner Class detected. Reject building class initialisation methods. 
189572     DEBUG main            d.u.i.k.p.i.AbstractProblemLoader Init config took 2.56s 
189621     INFO  main            d.u.i.k.p.i.AbstractProblemLoader Replaying proof For[For::sum([I)].JML operation contract.0 
189622     DEBUG main            d.u.i.k.p.i.IntermediateProofReplayer Proof replay took 7.8ns 
190027     INFO  main            d.u.i.k.p.r.p.TestFile    ... finished proof: closed. 
190416     INFO  main            d.u.i.k.p.i.AbstractProblemLoader Loading environment from /home/runner/work/key/key/key.core/../key.ui/examples/standard_key/java_dl/java5/for_Array.key.proof 
190416     DEBUG main            d.u.i.k.p.i.AbstractProblemLoader Environment load took 95.1ns 
190418     INFO  main            d.u.i.k.p.i.AbstractProblemLoader Creating init config 
191205     DEBUG main            d.u.i.k.j.r.ClassPreparationMethodBuilder clPrepBuilder: Inner Class detected. Reject building class initialisation methods. 
192897     DEBUG main            d.u.i.k.p.i.AbstractProblemLoader Init config took 2.48s 
192949     INFO  main            d.u.i.k.p.i.AbstractProblemLoader Replaying proof For[For::sum([I)].JML operation contract.0 
193038     DEBUG main            d.u.i.k.p.i.IntermediateProofReplayer Proof replay took 85.55ms 
193039     DEBUG main            d.u.i.k.p.r.p.TestFile    ... success: reloaded. 
193040     INFO  main            d.u.i.k.p.r.p.TestFile    Now processing file /home/runner/work/key/key/key.core/../key.ui/examples/standard_key/java_dl/java5/for_Iterable.key 
193040     INFO  main            d.u.i.k.p.i.AbstractProblemLoader Loading environment from /home/runner/work/key/key/key.core/../key.ui/examples/standard_key/java_dl/java5/for_Iterable.key 
193040     DEBUG main            d.u.i.k.p.i.AbstractProblemLoader Environment load took 81.9ns 
193041     INFO  main            d.u.i.k.p.i.AbstractProblemLoader Creating init config 
193884     DEBUG main            d.u.i.k.j.r.ClassPreparationMethodBuilder clPrepBuilder: Inner Class detected. Reject building class initialisation methods. 
195566     DEBUG main            d.u.i.k.p.i.AbstractProblemLoader Init config took 2.53s 
195614     INFO  main            d.u.i.k.p.i.AbstractProblemLoader Replaying proof For[For::infiniteLoop(For)].JML operation contract.0 
195615     DEBUG main            d.u.i.k.p.i.IntermediateProofReplayer Proof replay took 7.9ns 
195817     INFO  main            d.u.i.k.p.r.p.TestFile    ... finished proof: closed. 
196166     INFO  main            d.u.i.k.p.i.AbstractProblemLoader Loading environment from /home/runner/work/key/key/key.core/../key.ui/examples/standard_key/java_dl/java5/for_Iterable.key.proof 
196166     DEBUG main            d.u.i.k.p.i.AbstractProblemLoader Environment load took 96.5ns 
196167     INFO  main            d.u.i.k.p.i.AbstractProblemLoader Creating init config 
196945     DEBUG main            d.u.i.k.j.r.ClassPreparationMethodBuilder clPrepBuilder: Inner Class detected. Reject building class initialisation methods. 
198611     DEBUG main            d.u.i.k.p.i.AbstractProblemLoader Init config took 2.44s 
198658     INFO  main            d.u.i.k.p.i.AbstractProblemLoader Replaying proof For[For::infiniteLoop(For)].JML operation contract.0 
198710     DEBUG main            d.u.i.k.p.i.IntermediateProofReplayer Proof replay took 49.15ms 
198711     DEBUG main            d.u.i.k.p.r.p.TestFile    ... success: reloaded. 
198712     INFO  main            d.u.i.k.p.r.p.TestFile    Now processing file /home/runner/work/key/key/key.core/../key.ui/examples/standard_key/java_dl/java5/for_ReferenceArray.key 
198712     INFO  main            d.u.i.k.p.i.AbstractProblemLoader Loading environment from /home/runner/work/key/key/key.core/../key.ui/examples/standard_key/java_dl/java5/for_ReferenceArray.key 
198713     DEBUG main            d.u.i.k.p.i.AbstractProblemLoader Environment load took 182.41ns 
198714     INFO  main            d.u.i.k.p.i.AbstractProblemLoader Creating init config 
199491     DEBUG main            d.u.i.k.j.r.ClassPreparationMethodBuilder clPrepBuilder: Inner Class detected. Reject building class initialisation methods. 
201194     DEBUG main            d.u.i.k.p.i.AbstractProblemLoader Init config took 2.48s 
201243     INFO  main            d.u.i.k.p.i.AbstractProblemLoader Replaying proof ForReferenceArray[ForReferenceArray::foo([Ljava.lang.Object)].JML operation contract.0 
201246     DEBUG main            d.u.i.k.p.i.IntermediateProofReplayer Proof replay took 7.6ns 
201548     INFO  main            d.u.i.k.p.r.p.TestFile    ... finished proof: closed. 
201919     INFO  main            d.u.i.k.p.i.AbstractProblemLoader Loading environment from /home/runner/work/key/key/key.core/../key.ui/examples/standard_key/java_dl/java5/for_ReferenceArray.key.proof 
201919     DEBUG main            d.u.i.k.p.i.AbstractProblemLoader Environment load took 100.4ns 
201920     INFO  main            d.u.i.k.p.i.AbstractProblemLoader Creating init config 
202697     DEBUG main            d.u.i.k.j.r.ClassPreparationMethodBuilder clPrepBuilder: Inner Class detected. Reject building class initialisation methods. 
204344     DEBUG main            d.u.i.k.p.i.AbstractProblemLoader Init config took 2.42s 
204403     INFO  main            d.u.i.k.p.i.AbstractProblemLoader Replaying proof ForReferenceArray[ForReferenceArray::foo([Ljava.lang.Object)].JML operation contract.0 
204460     DEBUG main            d.u.i.k.p.i.IntermediateProofReplayer Proof replay took 53.43ms 
204461     DEBUG main            d.u.i.k.p.r.p.TestFile    ... success: reloaded. 
204462     INFO  main            d.u.i.k.p.r.p.TestFile    Now processing file /home/runner/work/key/key/key.core/../key.ui/examples/standard_key/java_dl/jml-bigint/cast.key 
204462     INFO  main            d.u.i.k.p.i.AbstractProblemLoader Loading environment from /home/runner/work/key/key/key.core/../key.ui/examples/standard_key/java_dl/jml-bigint/cast.key 
204462     DEBUG main            d.u.i.k.p.i.AbstractProblemLoader Environment load took 95.9ns 
204463     INFO  main            d.u.i.k.p.i.AbstractProblemLoader Creating init config 
206817     DEBUG main            d.u.i.k.p.i.AbstractProblemLoader Init config took 2.35s 
206851     INFO  main            d.u.i.k.p.i.AbstractProblemLoader Replaying proof Mult[Mult::cast()].JML operation contract.0 
206853     DEBUG main            d.u.i.k.p.i.IntermediateProofReplayer Proof replay took 7.2ns 
206955     INFO  main            d.u.i.k.p.r.p.TestFile    ... finished proof: closed. 
207301     INFO  main            d.u.i.k.p.i.AbstractProblemLoader Loading environment from /home/runner/work/key/key/key.core/../key.ui/examples/standard_key/java_dl/jml-bigint/cast.key.proof 
207302     DEBUG main            d.u.i.k.p.i.AbstractProblemLoader Environment load took 141.5ns 
207302     INFO  main            d.u.i.k.p.i.AbstractProblemLoader Creating init config 
209635     DEBUG main            d.u.i.k.p.i.AbstractProblemLoader Init config took 2.33s 
209667     INFO  main            d.u.i.k.p.i.AbstractProblemLoader Replaying proof Mult[Mult::cast()].JML operation contract.0 
209680     DEBUG main            d.u.i.k.p.i.IntermediateProofReplayer Proof replay took 11.1ms 
209681     DEBUG main            d.u.i.k.p.r.p.TestFile    ... success: reloaded. 
209682     INFO  main            d.u.i.k.p.r.p.TestFile    Now processing file /home/runner/work/key/key/key.core/../key.ui/examples/standard_key/java_dl/jml-free/loopInvFree.key 
209682     INFO  main            d.u.i.k.p.i.AbstractProblemLoader Loading environment from /home/runner/work/key/key/key.core/../key.ui/examples/standard_key/java_dl/jml-free/loopInvFree.key 
209682     DEBUG main            d.u.i.k.p.i.AbstractProblemLoader Environment load took 80.2ns 
209683     INFO  main            d.u.i.k.p.i.AbstractProblemLoader Creating init config 
212013     DEBUG main            d.u.i.k.p.i.AbstractProblemLoader Init config took 2.33s 
212046     INFO  main            d.u.i.k.p.i.AbstractProblemLoader Replaying proof LoopInvFree[LoopInvFree::test()].JML operation contract.0 
212047     DEBUG main            d.u.i.k.p.i.IntermediateProofReplayer Proof replay took 6.9ns 
212250     INFO  main            d.u.i.k.p.r.p.TestFile    ... finished proof: closed. 
212616     INFO  main            d.u.i.k.p.i.AbstractProblemLoader Loading environment from /home/runner/work/key/key/key.core/../key.ui/examples/standard_key/java_dl/jml-free/loopInvFree.key.proof 
212616     DEBUG main            d.u.i.k.p.i.AbstractProblemLoader Environment load took 94.3ns 
212617     INFO  main            d.u.i.k.p.i.AbstractProblemLoader Creating init config 
214901     DEBUG main            d.u.i.k.p.i.AbstractProblemLoader Init config took 2.28s 
214933     INFO  main            d.u.i.k.p.i.AbstractProblemLoader Replaying proof LoopInvFree[LoopInvFree::test()].JML operation contract.0 
214975     DEBUG main            d.u.i.k.p.i.IntermediateProofReplayer Proof replay took 40.26ms 
214976     DEBUG main            d.u.i.k.p.r.p.TestFile    ... success: reloaded. 
214977     INFO  main            d.u.i.k.p.r.p.TestFile    Now processing file /home/runner/work/key/key/key.core/../key.ui/examples/standard_key/java_dl/jml-free/ensuresFree.key 
214977     INFO  main            d.u.i.k.p.i.AbstractProblemLoader Loading environment from /home/runner/work/key/key/key.core/../key.ui/examples/standard_key/java_dl/jml-free/ensuresFree.key 
214977     DEBUG main            d.u.i.k.p.i.AbstractProblemLoader Environment load took 82.7ns 
214978     INFO  main            d.u.i.k.p.i.AbstractProblemLoader Creating init config 
217282     DEBUG main            d.u.i.k.p.i.AbstractProblemLoader Init config took 2.3s 
217314     INFO  main            d.u.i.k.p.i.AbstractProblemLoader Replaying proof EnsuresFree[EnsuresFree::test()].JML operation contract.0 
217315     DEBUG main            d.u.i.k.p.i.IntermediateProofReplayer Proof replay took 8.3ns 
217417     INFO  main            d.u.i.k.p.r.p.TestFile    ... finished proof: closed. 
217773     INFO  main            d.u.i.k.p.i.AbstractProblemLoader Loading environment from /home/runner/work/key/key/key.core/../key.ui/examples/standard_key/java_dl/jml-free/ensuresFree.key.proof 
217773     DEBUG main            d.u.i.k.p.i.AbstractProblemLoader Environment load took 236.21ns 
217774     INFO  main            d.u.i.k.p.i.AbstractProblemLoader Creating init config 
220041     DEBUG main            d.u.i.k.p.i.AbstractProblemLoader Init config took 2.27s 
220073     INFO  main            d.u.i.k.p.i.AbstractProblemLoader Replaying proof EnsuresFree[EnsuresFree::test()].JML operation contract.0 
220094     DEBUG main            d.u.i.k.p.i.IntermediateProofReplayer Proof replay took 16.7ms 
220095     DEBUG main            d.u.i.k.p.r.p.TestFile    ... success: reloaded. 
220096     INFO  main            d.u.i.k.p.r.p.TestFile    Now processing file /home/runner/work/key/key/key.core/../key.ui/examples/standard_key/java_dl/jml-information-flow.key 
220096     INFO  main            d.u.i.k.p.i.AbstractProblemLoader Loading environment from /home/runner/work/key/key/key.core/../key.ui/examples/standard_key/java_dl/jml-information-flow.key 
220097     DEBUG main            d.u.i.k.p.i.AbstractProblemLoader Environment load took 89.3ns 
220099     INFO  main            d.u.i.k.p.i.AbstractProblemLoader Creating init config 
222594     DEBUG main            d.u.i.k.p.i.AbstractProblemLoader Init config took 2.5s 
222635     INFO  main            d.u.i.k.p.i.AbstractProblemLoader Replaying proof jml-information-flow.key 
222636     DEBUG main            d.u.i.k.p.i.IntermediateProofReplayer Proof replay took 7.1ns 
347858     INFO  main            d.u.i.k.p.r.p.TestFile    ... finished proof: closed. 
348388     INFO  main            d.u.i.k.p.i.AbstractProblemLoader Loading environment from /home/runner/work/key/key/key.core/../key.ui/examples/standard_key/java_dl/jml-information-flow.key.proof 
348388     DEBUG main            d.u.i.k.p.i.AbstractProblemLoader Environment load took 344.41ns 
348396     INFO  main            d.u.i.k.p.i.AbstractProblemLoader Creating init config 
350800     DEBUG main            d.u.i.k.p.i.AbstractProblemLoader Init config took 2.4s 
350819     INFO  main            d.u.i.k.p.i.AbstractProblemLoader Replaying proof jml-information-flow.key.proof 
354787     DEBUG main            d.u.i.k.p.i.IntermediateProofReplayer Proof replay took 3.86s 
354794     DEBUG main            d.u.i.k.p.r.p.TestFile    ... success: reloaded. 
354795     INFO  main            d.u.i.k.p.r.p.TestFile    Now processing file /home/runner/work/key/key/key.core/../key.ui/examples/standard_key/java_dl/jml-min/min-unprovable1.key 
354795     INFO  main            d.u.i.k.p.i.AbstractProblemLoader Loading environment from /home/runner/work/key/key/key.core/../key.ui/examples/standard_key/java_dl/jml-min/min-unprovable1.key 
354795     DEBUG main            d.u.i.k.p.i.AbstractProblemLoader Environment load took 77.7ns 
354796     INFO  main            d.u.i.k.p.i.AbstractProblemLoader Creating init config 
357392     DEBUG main            d.u.i.k.p.i.AbstractProblemLoader Init config took 2.6s 
357424     INFO  main            d.u.i.k.p.i.AbstractProblemLoader Replaying proof Min[Min::foo()].JML operation contract.0 
357425     DEBUG main            d.u.i.k.p.i.IntermediateProofReplayer Proof replay took 7.7ns 
357527     INFO  main            d.u.i.k.p.r.p.TestFile    ... finished proof: open goal(s) 
357907     INFO  main            d.u.i.k.p.r.p.TestFile    Now processing file /home/runner/work/key/key/key.core/../key.ui/examples/standard_key/java_dl/jml-min/min-unprovable2.key 
357907     INFO  main            d.u.i.k.p.i.AbstractProblemLoader Loading environment from /home/runner/work/key/key/key.core/../key.ui/examples/standard_key/java_dl/jml-min/min-unprovable2.key 
357907     DEBUG main            d.u.i.k.p.i.AbstractProblemLoader Environment load took 50.9ns 
357908     INFO  main            d.u.i.k.p.i.AbstractProblemLoader Creating init config 
360167     DEBUG main            d.u.i.k.p.i.AbstractProblemLoader Init config took 2.26s 
360200     INFO  main            d.u.i.k.p.i.AbstractProblemLoader Replaying proof Min[Min::foo2()].JML operation contract.0 
360201     DEBUG main            d.u.i.k.p.i.IntermediateProofReplayer Proof replay took 6.8ns 
360302     INFO  main            d.u.i.k.p.r.p.TestFile    ... finished proof: open goal(s) 
360677     INFO  main            d.u.i.k.p.r.p.TestFile    Now processing file /home/runner/work/key/key/key.core/../key.ui/examples/standard_key/java_dl/methodCall.key 
360677     INFO  main            d.u.i.k.p.i.AbstractProblemLoader Loading environment from /home/runner/work/key/key/key.core/../key.ui/examples/standard_key/java_dl/methodCall.key 
360677     DEBUG main            d.u.i.k.p.i.AbstractProblemLoader Environment load took 52.4ns 
360678     INFO  main            d.u.i.k.p.i.AbstractProblemLoader Creating init config 
362932     DEBUG main            d.u.i.k.p.i.AbstractProblemLoader Init config took 2.25s 
362945     INFO  main            d.u.i.k.p.i.AbstractProblemLoader Replaying proof methodCall.key 
362947     DEBUG main            d.u.i.k.p.i.IntermediateProofReplayer Proof replay took 8.1ns 
363050     INFO  main            d.u.i.k.p.r.p.TestFile    ... finished proof: closed. 
363422     INFO  main            d.u.i.k.p.i.AbstractProblemLoader Loading environment from /home/runner/work/key/key/key.core/../key.ui/examples/standard_key/java_dl/methodCall.key.proof 
363422     DEBUG main            d.u.i.k.p.i.AbstractProblemLoader Environment load took 90.9ns 
363423     INFO  main            d.u.i.k.p.i.AbstractProblemLoader Creating init config 
365687     DEBUG main            d.u.i.k.p.i.AbstractProblemLoader Init config took 2.26s 
365702     INFO  main            d.u.i.k.p.i.AbstractProblemLoader Replaying proof methodCall.key.proof 
365706     DEBUG main            d.u.i.k.p.i.IntermediateProofReplayer Proof replay took 1.9ms 
365706     DEBUG main            d.u.i.k.p.r.p.TestFile    ... success: reloaded. 
365707     INFO  main            d.u.i.k.p.r.p.TestFile    Now processing file /home/runner/work/key/key/key.core/../key.ui/examples/standard_key/java_dl/methodCall1.key 
365707     INFO  main            d.u.i.k.p.i.AbstractProblemLoader Loading environment from /home/runner/work/key/key/key.core/../key.ui/examples/standard_key/java_dl/methodCall1.key 
365707     DEBUG main            d.u.i.k.p.i.AbstractProblemLoader Environment load took 63.4ns 
365708     INFO  main            d.u.i.k.p.i.AbstractProblemLoader Creating init config 
367993     DEBUG main            d.u.i.k.p.i.AbstractProblemLoader Init config took 2.29s 
368007     INFO  main            d.u.i.k.p.i.AbstractProblemLoader Replaying proof methodCall1.key 
368008     DEBUG main            d.u.i.k.p.i.IntermediateProofReplayer Proof replay took 7.4ns 
368114     INFO  main            d.u.i.k.p.r.p.TestFile    ... finished proof: closed. 
368509     INFO  main            d.u.i.k.p.i.AbstractProblemLoader Loading environment from /home/runner/work/key/key/key.core/../key.ui/examples/standard_key/java_dl/methodCall1.key.proof 
368509     DEBUG main            d.u.i.k.p.i.AbstractProblemLoader Environment load took 90.5ns 
368510     INFO  main            d.u.i.k.p.i.AbstractProblemLoader Creating init config 
370785     DEBUG main            d.u.i.k.p.i.AbstractProblemLoader Init config took 2.27s 
370799     INFO  main            d.u.i.k.p.i.AbstractProblemLoader Replaying proof methodCall1.key.proof 
370812     DEBUG main            d.u.i.k.p.i.IntermediateProofReplayer Proof replay took 11.93ms 
370814     DEBUG main            d.u.i.k.p.r.p.TestFile    ... success: reloaded. 
370815     INFO  main            d.u.i.k.p.r.p.TestFile    Now processing file /home/runner/work/key/key/key.core/../key.ui/examples/standard_key/java_dl/methodCall1box.key 
370815     INFO  main            d.u.i.k.p.i.AbstractProblemLoader Loading environment from /home/runner/work/key/key/key.core/../key.ui/examples/standard_key/java_dl/methodCall1box.key 
370816     DEBUG main            d.u.i.k.p.i.AbstractProblemLoader Environment load took 743.52ns 
370817     INFO  main            d.u.i.k.p.i.AbstractProblemLoader Creating init config 
373102     DEBUG main            d.u.i.k.p.i.AbstractProblemLoader Init config took 2.28s 
373116     INFO  main            d.u.i.k.p.i.AbstractProblemLoader Replaying proof methodCall1box.key 
373117     DEBUG main            d.u.i.k.p.i.IntermediateProofReplayer Proof replay took 8.2ns 
373219     INFO  main            d.u.i.k.p.r.p.TestFile    ... finished proof: closed. 
373621     INFO  main            d.u.i.k.p.i.AbstractProblemLoader Loading environment from /home/runner/work/key/key/key.core/../key.ui/examples/standard_key/java_dl/methodCall1box.key.proof 
373621     DEBUG main            d.u.i.k.p.i.AbstractProblemLoader Environment load took 89.3ns 
373622     INFO  main            d.u.i.k.p.i.AbstractProblemLoader Creating init config 
375899     DEBUG main            d.u.i.k.p.i.AbstractProblemLoader Init config took 2.28s 
375913     INFO  main            d.u.i.k.p.i.AbstractProblemLoader Replaying proof methodCall1box.key.proof 
375927     DEBUG main            d.u.i.k.p.i.IntermediateProofReplayer Proof replay took 11.91ms 
375927     DEBUG main            d.u.i.k.p.r.p.TestFile    ... success: reloaded. 
375928     INFO  main            d.u.i.k.p.r.p.TestFile    Now processing file /home/runner/work/key/key/key.core/../key.ui/examples/standard_key/java_dl/methodCall3.key 
375928     INFO  main            d.u.i.k.p.i.AbstractProblemLoader Loading environment from /home/runner/work/key/key/key.core/../key.ui/examples/standard_key/java_dl/methodCall3.key 
375928     DEBUG main            d.u.i.k.p.i.AbstractProblemLoader Environment load took 74.7ns 
375929     INFO  main            d.u.i.k.p.i.AbstractProblemLoader Creating init config 
378208     DEBUG main            d.u.i.k.p.i.AbstractProblemLoader Init config took 2.28s 
378222     INFO  main            d.u.i.k.p.i.AbstractProblemLoader Replaying proof methodCall3.key 
378223     DEBUG main            d.u.i.k.p.i.IntermediateProofReplayer Proof replay took 7.6ns 
378325     INFO  main            d.u.i.k.p.r.p.TestFile    ... finished proof: closed. 
378730     INFO  main            d.u.i.k.p.i.AbstractProblemLoader Loading environment from /home/runner/work/key/key/key.core/../key.ui/examples/standard_key/java_dl/methodCall3.key.proof 
378730     DEBUG main            d.u.i.k.p.i.AbstractProblemLoader Environment load took 98.7ns 
378731     INFO  main            d.u.i.k.p.i.AbstractProblemLoader Creating init config 
381001     DEBUG main            d.u.i.k.p.i.AbstractProblemLoader Init config took 2.27s 
381015     INFO  main            d.u.i.k.p.i.AbstractProblemLoader Replaying proof methodCall3.key.proof 
381024     DEBUG main            d.u.i.k.p.i.IntermediateProofReplayer Proof replay took 7.54ms 
381025     DEBUG main            d.u.i.k.p.r.p.TestFile    ... success: reloaded. 
381026     INFO  main            d.u.i.k.p.r.p.TestFile    Now processing file /home/runner/work/key/key/key.core/../key.ui/examples/standard_key/java_dl/polishFlagSort.key 
381026     INFO  main            d.u.i.k.p.i.AbstractProblemLoader Loading environment from /home/runner/work/key/key/key.core/../key.ui/examples/standard_key/java_dl/polishFlagSort.key 
381026     DEBUG main            d.u.i.k.p.i.AbstractProblemLoader Environment load took 84.7ns 
381027     INFO  main            d.u.i.k.p.i.AbstractProblemLoader Creating init config 
383348     DEBUG main            d.u.i.k.p.i.AbstractProblemLoader Init config took 2.32s 
383362     INFO  main            d.u.i.k.p.i.AbstractProblemLoader Replaying proof polishFlagSort.key 
383364     DEBUG main            d.u.i.k.p.i.IntermediateProofReplayer Proof replay took 7.5ns 
385576     INFO  main            d.u.i.k.p.r.p.TestFile    ... finished proof: closed. 
386033     INFO  main            d.u.i.k.p.i.AbstractProblemLoader Loading environment from /home/runner/work/key/key/key.core/../key.ui/examples/standard_key/java_dl/polishFlagSort.key.proof 
386033     DEBUG main            d.u.i.k.p.i.AbstractProblemLoader Environment load took 119ns 
386035     INFO  main            d.u.i.k.p.i.AbstractProblemLoader Creating init config 
388329     DEBUG main            d.u.i.k.p.i.AbstractProblemLoader Init config took 2.29s 
388344     INFO  main            d.u.i.k.p.i.AbstractProblemLoader Replaying proof polishFlagSort.key.proof 
388696     DEBUG main            d.u.i.k.p.i.IntermediateProofReplayer Proof replay took 341.17ms 
388697     DEBUG main            d.u.i.k.p.r.p.TestFile    ... success: reloaded. 
388698     INFO  main            d.u.i.k.p.r.p.TestFile    Now processing file /home/runner/work/key/key/key.core/../key.ui/examples/standard_key/java_dl/postConditionTaclets1.key 
388699     INFO  main            d.u.i.k.p.i.AbstractProblemLoader Loading environment from /home/runner/work/key/key/key.core/../key.ui/examples/standard_key/java_dl/postConditionTaclets1.key 
388699     DEBUG main            d.u.i.k.p.i.AbstractProblemLoader Environment load took 171.9ns 
388700     INFO  main            d.u.i.k.p.i.AbstractProblemLoader Creating init config 
390946     DEBUG main            d.u.i.k.p.i.AbstractProblemLoader Init config took 2.25s 
390960     INFO  main            d.u.i.k.p.i.AbstractProblemLoader Replaying proof postConditionTaclets1.key 
390962     DEBUG main            d.u.i.k.p.i.IntermediateProofReplayer Proof replay took 7.6ns 
391064     INFO  main            d.u.i.k.p.r.p.TestFile    ... finished proof: closed. 
391513     INFO  main            d.u.i.k.p.i.AbstractProblemLoader Loading environment from /home/runner/work/key/key/key.core/../key.ui/examples/standard_key/java_dl/postConditionTaclets1.key.proof 
391513     DEBUG main            d.u.i.k.p.i.AbstractProblemLoader Environment load took 97.2ns 
391514     INFO  main            d.u.i.k.p.i.AbstractProblemLoader Creating init config 
393713     DEBUG main            d.u.i.k.p.i.AbstractProblemLoader Init config took 2.2s 
393726     INFO  main            d.u.i.k.p.i.AbstractProblemLoader Replaying proof postConditionTaclets1.key.proof 
393728     DEBUG main            d.u.i.k.p.i.IntermediateProofReplayer Proof replay took 391.91ns 
393729     DEBUG main            d.u.i.k.p.r.p.TestFile    ... success: reloaded. 
393730     INFO  main            d.u.i.k.p.r.p.TestFile    Now processing file /home/runner/work/key/key/key.core/../key.ui/examples/standard_key/java_dl/postConditionTaclets2.key 
393730     INFO  main            d.u.i.k.p.i.AbstractProblemLoader Loading environment from /home/runner/work/key/key/key.core/../key.ui/examples/standard_key/java_dl/postConditionTaclets2.key 
393730     DEBUG main            d.u.i.k.p.i.AbstractProblemLoader Environment load took 52.1ns 
393731     INFO  main            d.u.i.k.p.i.AbstractProblemLoader Creating init config 
395980     DEBUG main            d.u.i.k.p.i.AbstractProblemLoader Init config took 2.25s 
395994     INFO  main            d.u.i.k.p.i.AbstractProblemLoader Replaying proof postConditionTaclets2.key 
395995     DEBUG main            d.u.i.k.p.i.IntermediateProofReplayer Proof replay took 8.2ns 
396098     INFO  main            d.u.i.k.p.r.p.TestFile    ... finished proof: closed. 
396514     INFO  main            d.u.i.k.p.i.AbstractProblemLoader Loading environment from /home/runner/work/key/key/key.core/../key.ui/examples/standard_key/java_dl/postConditionTaclets2.key.proof 
396515     DEBUG main            d.u.i.k.p.i.AbstractProblemLoader Environment load took 88.8ns 
396516     INFO  main            d.u.i.k.p.i.AbstractProblemLoader Creating init config 
398713     DEBUG main            d.u.i.k.p.i.AbstractProblemLoader Init config took 2.2s 
398727     INFO  main            d.u.i.k.p.i.AbstractProblemLoader Replaying proof postConditionTaclets2.key.proof 
398729     DEBUG main            d.u.i.k.p.i.IntermediateProofReplayer Proof replay took 641.62ns 
398730     DEBUG main            d.u.i.k.p.r.p.TestFile    ... success: reloaded. 
398731     INFO  main            d.u.i.k.p.r.p.TestFile    Now processing file /home/runner/work/key/key/key.core/../key.ui/examples/standard_key/java_dl/quantifiedQuery.key 
398731     INFO  main            d.u.i.k.p.i.AbstractProblemLoader Loading environment from /home/runner/work/key/key/key.core/../key.ui/examples/standard_key/java_dl/quantifiedQuery.key 
398731     DEBUG main            d.u.i.k.p.i.AbstractProblemLoader Environment load took 45.8ns 
398732     INFO  main            d.u.i.k.p.i.AbstractProblemLoader Creating init config 
401037     DEBUG main            d.u.i.k.p.i.AbstractProblemLoader Init config took 2.3s 
401052     INFO  main            d.u.i.k.p.i.AbstractProblemLoader Replaying proof quantifiedQuery.key 
401054     DEBUG main            d.u.i.k.p.i.IntermediateProofReplayer Proof replay took 7.6ns 
401156     INFO  main            d.u.i.k.p.r.p.TestFile    ... finished proof: closed. 
401585     INFO  main            d.u.i.k.p.i.AbstractProblemLoader Loading environment from /home/runner/work/key/key/key.core/../key.ui/examples/standard_key/java_dl/quantifiedQuery.key.proof 
401586     DEBUG main            d.u.i.k.p.i.AbstractProblemLoader Environment load took 83ns 
401587     INFO  main            d.u.i.k.p.i.AbstractProblemLoader Creating init config 
403853     DEBUG main            d.u.i.k.p.i.AbstractProblemLoader Init config took 2.27s 
403867     INFO  main            d.u.i.k.p.i.AbstractProblemLoader Replaying proof quantifiedQuery.key.proof 
403879     DEBUG main            d.u.i.k.p.i.IntermediateProofReplayer Proof replay took 9.75ms 
403880     DEBUG main            d.u.i.k.p.r.p.TestFile    ... success: reloaded. 
403881     INFO  main            d.u.i.k.p.r.p.TestFile    Now processing file /home/runner/work/key/key/key.core/../key.ui/examples/standard_key/java_dl/recursion/triangular.key 
403881     INFO  main            d.u.i.k.p.i.AbstractProblemLoader Loading environment from /home/runner/work/key/key/key.core/../key.ui/examples/standard_key/java_dl/recursion/triangular.key 
403881     DEBUG main            d.u.i.k.p.i.AbstractProblemLoader Environment load took 77ns 
403882     INFO  main            d.u.i.k.p.i.AbstractProblemLoader Creating init config 
406176     DEBUG main            d.u.i.k.p.i.AbstractProblemLoader Init config took 2.29s 
406210     INFO  main            d.u.i.k.p.i.AbstractProblemLoader Replaying proof Triangular[Triangular::tria(int)].JML normal_behavior operation contract.0 
406211     DEBUG main            d.u.i.k.p.i.IntermediateProofReplayer Proof replay took 8ns 
406414     INFO  main            d.u.i.k.p.r.p.TestFile    ... finished proof: closed. 
406855     INFO  main            d.u.i.k.p.i.AbstractProblemLoader Loading environment from /home/runner/work/key/key/key.core/../key.ui/examples/standard_key/java_dl/recursion/triangular.key.proof 
406855     DEBUG main            d.u.i.k.p.i.AbstractProblemLoader Environment load took 89.3ns 
406856     INFO  main            d.u.i.k.p.i.AbstractProblemLoader Creating init config 
409108     DEBUG main            d.u.i.k.p.i.AbstractProblemLoader Init config took 2.25s 
409139     INFO  main            d.u.i.k.p.i.AbstractProblemLoader Replaying proof Triangular[Triangular::tria(int)].JML normal_behavior operation contract.0 
409173     DEBUG main            d.u.i.k.p.i.IntermediateProofReplayer Proof replay took 32.14ms 
409174     DEBUG main            d.u.i.k.p.r.p.TestFile    ... success: reloaded. 
409175     INFO  main            d.u.i.k.p.r.p.TestFile    Now processing file /home/runner/work/key/key/key.core/../key.ui/examples/standard_key/java_dl/reverseArray.key 
409175     INFO  main            d.u.i.k.p.i.AbstractProblemLoader Loading environment from /home/runner/work/key/key/key.core/../key.ui/examples/standard_key/java_dl/reverseArray.key 
409175     DEBUG main            d.u.i.k.p.i.AbstractProblemLoader Environment load took 149.6ns 
409176     INFO  main            d.u.i.k.p.i.AbstractProblemLoader Creating init config 
409200     WARN  main            d.u.i.k.j.r.KeYCrossReferenceNameInfo Datatype java.io.InputStream declared twice: Once in FILE:/home/runner/work/key/key/key.core/../key.ui/examples/standard_key/java_dl/./classpath/InputStream.java and once in URL:file:/home/runner/work/key/key/key.core/build/resources/main/de/uka/ilkd/key/java/JavaRedux/java/io/InputStream.java, Keeping one from URL:file:/home/runner/work/key/key/key.core/build/resources/main/de/uka/ilkd/key/java/JavaRedux/java/io/InputStream.java 
409201     WARN  main            d.u.i.k.j.r.KeYCrossReferenceNameInfo Datatype java.lang.System declared twice: Once in FILE:/home/runner/work/key/key/key.core/../key.ui/examples/standard_key/java_dl/./classpath/System.java and once in URL:file:/home/runner/work/key/key/key.core/build/resources/main/de/uka/ilkd/key/java/JavaRedux/java/lang/System.java, Keeping one from URL:file:/home/runner/work/key/key/key.core/build/resources/main/de/uka/ilkd/key/java/JavaRedux/java/lang/System.java 
409201     WARN  main            d.u.i.k.j.r.KeYCrossReferenceNameInfo Datatype java.io.PrintStream declared twice: Once in FILE:/home/runner/work/key/key/key.core/../key.ui/examples/standard_key/java_dl/./classpath/PrintStream.java and once in URL:file:/home/runner/work/key/key/key.core/build/resources/main/de/uka/ilkd/key/java/JavaRedux/java/io/PrintStream.java, Keeping one from URL:file:/home/runner/work/key/key/key.core/build/resources/main/de/uka/ilkd/key/java/JavaRedux/java/io/PrintStream.java 
409204     DEBUG main            d.u.i.k.j.r.ClassFileDeclarationBuilder Parsing: package java.io; public class Closeable { } 
409204     DEBUG main            r.s.KeYCrossReferenceSourceInfo Dynamically created class: java.io.Closeable 
411562     DEBUG main            d.u.i.k.p.i.AbstractProblemLoader Init config took 2.39s 
411578     INFO  main            d.u.i.k.p.i.AbstractProblemLoader Replaying proof reverseArray.key 
411580     DEBUG main            d.u.i.k.p.i.IntermediateProofReplayer Proof replay took 9.6ns 
416196     INFO  main            d.u.i.k.p.r.p.TestFile    ... finished proof: closed. 
416672     INFO  main            d.u.i.k.p.i.AbstractProblemLoader Loading environment from /home/runner/work/key/key/key.core/../key.ui/examples/standard_key/java_dl/reverseArray.key.proof 
416673     DEBUG main            d.u.i.k.p.i.AbstractProblemLoader Environment load took 321.21ns 
416674     INFO  main            d.u.i.k.p.i.AbstractProblemLoader Creating init config 
416694     WARN  main            d.u.i.k.j.r.KeYCrossReferenceNameInfo Datatype java.io.InputStream declared twice: Once in FILE:/home/runner/work/key/key/key.core/../key.ui/examples/standard_key/java_dl/classpath/InputStream.java and once in URL:file:/home/runner/work/key/key/key.core/build/resources/main/de/uka/ilkd/key/java/JavaRedux/java/io/InputStream.java, Keeping one from URL:file:/home/runner/work/key/key/key.core/build/resources/main/de/uka/ilkd/key/java/JavaRedux/java/io/InputStream.java 
416695     WARN  main            d.u.i.k.j.r.KeYCrossReferenceNameInfo Datatype java.lang.System declared twice: Once in FILE:/home/runner/work/key/key/key.core/../key.ui/examples/standard_key/java_dl/classpath/System.java and once in URL:file:/home/runner/work/key/key/key.core/build/resources/main/de/uka/ilkd/key/java/JavaRedux/java/lang/System.java, Keeping one from URL:file:/home/runner/work/key/key/key.core/build/resources/main/de/uka/ilkd/key/java/JavaRedux/java/lang/System.java 
416695     WARN  main            d.u.i.k.j.r.KeYCrossReferenceNameInfo Datatype java.io.PrintStream declared twice: Once in FILE:/home/runner/work/key/key/key.core/../key.ui/examples/standard_key/java_dl/classpath/PrintStream.java and once in URL:file:/home/runner/work/key/key/key.core/build/resources/main/de/uka/ilkd/key/java/JavaRedux/java/io/PrintStream.java, Keeping one from URL:file:/home/runner/work/key/key/key.core/build/resources/main/de/uka/ilkd/key/java/JavaRedux/java/io/PrintStream.java 
416698     DEBUG main            d.u.i.k.j.r.ClassFileDeclarationBuilder Parsing: package java.io; public class Closeable { } 
416698     DEBUG main            r.s.KeYCrossReferenceSourceInfo Dynamically created class: java.io.Closeable 
418987     DEBUG main            d.u.i.k.p.i.AbstractProblemLoader Init config took 2.31s 
419002     INFO  main            d.u.i.k.p.i.AbstractProblemLoader Replaying proof reverseArray.key.proof 
419660     DEBUG main            d.u.i.k.p.i.IntermediateProofReplayer Proof replay took 647.43ms 
419662     DEBUG main            d.u.i.k.p.r.p.TestFile    ... success: reloaded. 
419663     INFO  main            d.u.i.k.p.r.p.TestFile    Now processing file /home/runner/work/key/key/key.core/../key.ui/examples/standard_key/java_dl/reverseArray2.key 
419664     INFO  main            d.u.i.k.p.i.AbstractProblemLoader Loading environment from /home/runner/work/key/key/key.core/../key.ui/examples/standard_key/java_dl/reverseArray2.key 
419664     DEBUG main            d.u.i.k.p.i.AbstractProblemLoader Environment load took 162.8ns 
419665     INFO  main            d.u.i.k.p.i.AbstractProblemLoader Creating init config 
419684     WARN  main            d.u.i.k.j.r.KeYCrossReferenceNameInfo Datatype java.io.InputStream declared twice: Once in FILE:/home/runner/work/key/key/key.core/../key.ui/examples/standard_key/java_dl/classpath/InputStream.java and once in URL:file:/home/runner/work/key/key/key.core/build/resources/main/de/uka/ilkd/key/java/JavaRedux/java/io/InputStream.java, Keeping one from URL:file:/home/runner/work/key/key/key.core/build/resources/main/de/uka/ilkd/key/java/JavaRedux/java/io/InputStream.java 
419685     WARN  main            d.u.i.k.j.r.KeYCrossReferenceNameInfo Datatype java.lang.System declared twice: Once in FILE:/home/runner/work/key/key/key.core/../key.ui/examples/standard_key/java_dl/classpath/System.java and once in URL:file:/home/runner/work/key/key/key.core/build/resources/main/de/uka/ilkd/key/java/JavaRedux/java/lang/System.java, Keeping one from URL:file:/home/runner/work/key/key/key.core/build/resources/main/de/uka/ilkd/key/java/JavaRedux/java/lang/System.java 
419685     WARN  main            d.u.i.k.j.r.KeYCrossReferenceNameInfo Datatype java.io.PrintStream declared twice: Once in FILE:/home/runner/work/key/key/key.core/../key.ui/examples/standard_key/java_dl/classpath/PrintStream.java and once in URL:file:/home/runner/work/key/key/key.core/build/resources/main/de/uka/ilkd/key/java/JavaRedux/java/io/PrintStream.java, Keeping one from URL:file:/home/runner/work/key/key/key.core/build/resources/main/de/uka/ilkd/key/java/JavaRedux/java/io/PrintStream.java 
419688     DEBUG main            d.u.i.k.j.r.ClassFileDeclarationBuilder Parsing: package java.io; public class Closeable { } 
419688     DEBUG main            r.s.KeYCrossReferenceSourceInfo Dynamically created class: java.io.Closeable 
422084     DEBUG main            d.u.i.k.p.i.AbstractProblemLoader Init config took 2.42s 
422099     INFO  main            d.u.i.k.p.i.AbstractProblemLoader Replaying proof reverseArray2.key 
422101     DEBUG main            d.u.i.k.p.i.IntermediateProofReplayer Proof replay took 39.9ns 
423506     INFO  main            d.u.i.k.p.r.p.TestFile    ... finished proof: closed. 
424090     INFO  main            d.u.i.k.p.i.AbstractProblemLoader Loading environment from /home/runner/work/key/key/key.core/../key.ui/examples/standard_key/java_dl/reverseArray2.key.proof 
424091     DEBUG main            d.u.i.k.p.i.AbstractProblemLoader Environment load took 319.21ns 
424092     INFO  main            d.u.i.k.p.i.AbstractProblemLoader Creating init config 
424113     WARN  main            d.u.i.k.j.r.KeYCrossReferenceNameInfo Datatype java.io.InputStream declared twice: Once in FILE:/home/runner/work/key/key/key.core/../key.ui/examples/standard_key/java_dl/classpath/InputStream.java and once in URL:file:/home/runner/work/key/key/key.core/build/resources/main/de/uka/ilkd/key/java/JavaRedux/java/io/InputStream.java, Keeping one from URL:file:/home/runner/work/key/key/key.core/build/resources/main/de/uka/ilkd/key/java/JavaRedux/java/io/InputStream.java 
424113     WARN  main            d.u.i.k.j.r.KeYCrossReferenceNameInfo Datatype java.lang.System declared twice: Once in FILE:/home/runner/work/key/key/key.core/../key.ui/examples/standard_key/java_dl/classpath/System.java and once in URL:file:/home/runner/work/key/key/key.core/build/resources/main/de/uka/ilkd/key/java/JavaRedux/java/lang/System.java, Keeping one from URL:file:/home/runner/work/key/key/key.core/build/resources/main/de/uka/ilkd/key/java/JavaRedux/java/lang/System.java 
424113     WARN  main            d.u.i.k.j.r.KeYCrossReferenceNameInfo Datatype java.io.PrintStream declared twice: Once in FILE:/home/runner/work/key/key/key.core/../key.ui/examples/standard_key/java_dl/classpath/PrintStream.java and once in URL:file:/home/runner/work/key/key/key.core/build/resources/main/de/uka/ilkd/key/java/JavaRedux/java/io/PrintStream.java, Keeping one from URL:file:/home/runner/work/key/key/key.core/build/resources/main/de/uka/ilkd/key/java/JavaRedux/java/io/PrintStream.java 
424116     DEBUG main            d.u.i.k.j.r.ClassFileDeclarationBuilder Parsing: package java.io; public class Closeable { } 
424116     DEBUG main            r.s.KeYCrossReferenceSourceInfo Dynamically created class: java.io.Closeable 
426409     DEBUG main            d.u.i.k.p.i.AbstractProblemLoader Init config took 2.32s 
426424     INFO  main            d.u.i.k.p.i.AbstractProblemLoader Replaying proof reverseArray2.key.proof 
426646     DEBUG main            d.u.i.k.p.i.IntermediateProofReplayer Proof replay took 217.42ms 
426647     DEBUG main            d.u.i.k.p.r.p.TestFile    ... success: reloaded. 
426648     INFO  main            d.u.i.k.p.r.p.TestFile    Now processing file /home/runner/work/key/key/key.core/../key.ui/examples/standard_key/java_dl/simpleAssignment.key 
426648     INFO  main            d.u.i.k.p.i.AbstractProblemLoader Loading environment from /home/runner/work/key/key/key.core/../key.ui/examples/standard_key/java_dl/simpleAssignment.key 
426649     DEBUG main            d.u.i.k.p.i.AbstractProblemLoader Environment load took 49.7ns 
426649     INFO  main            d.u.i.k.p.i.AbstractProblemLoader Creating init config 
428891     DEBUG main            d.u.i.k.p.i.AbstractProblemLoader Init config took 2.24s 
428904     INFO  main            d.u.i.k.p.i.AbstractProblemLoader Replaying proof simpleAssignment.key 
428908     DEBUG main            d.u.i.k.p.i.IntermediateProofReplayer Proof replay took 2.9ns 
429010     INFO  main            d.u.i.k.p.r.p.TestFile    ... finished proof: closed. 
429511     INFO  main            d.u.i.k.p.i.AbstractProblemLoader Loading environment from /home/runner/work/key/key/key.core/../key.ui/examples/standard_key/java_dl/simpleAssignment.key.proof 
429511     DEBUG main            d.u.i.k.p.i.AbstractProblemLoader Environment load took 87.7ns 
429512     INFO  main            d.u.i.k.p.i.AbstractProblemLoader Creating init config 
431701     DEBUG main            d.u.i.k.p.i.AbstractProblemLoader Init config took 2.19s 
431724     INFO  main            d.u.i.k.p.i.AbstractProblemLoader Replaying proof simpleAssignment.key.proof 
431727     DEBUG main            d.u.i.k.p.i.IntermediateProofReplayer Proof replay took 647.32ns 
431727     DEBUG main            d.u.i.k.p.r.p.TestFile    ... success: reloaded. 
431728     INFO  main            d.u.i.k.p.r.p.TestFile    Now processing file /home/runner/work/key/key/key.core/../key.ui/examples/standard_key/java_dl/simpleAssignment2.key 
431728     INFO  main            d.u.i.k.p.i.AbstractProblemLoader Loading environment from /home/runner/work/key/key/key.core/../key.ui/examples/standard_key/java_dl/simpleAssignment2.key 
431728     DEBUG main            d.u.i.k.p.i.AbstractProblemLoader Environment load took 48.7ns 
431733     INFO  main            d.u.i.k.p.i.AbstractProblemLoader Creating init config 
433959     DEBUG main            d.u.i.k.p.i.AbstractProblemLoader Init config took 2.23s 
433972     INFO  main            d.u.i.k.p.i.AbstractProblemLoader Replaying proof simpleAssignment2.key 
433974     DEBUG main            d.u.i.k.p.i.IntermediateProofReplayer Proof replay took 2.6ns 
434075     INFO  main            d.u.i.k.p.r.p.TestFile    ... finished proof: closed. 
434524     INFO  main            d.u.i.k.p.i.AbstractProblemLoader Loading environment from /home/runner/work/key/key/key.core/../key.ui/examples/standard_key/java_dl/simpleAssignment2.key.proof 
434525     DEBUG main            d.u.i.k.p.i.AbstractProblemLoader Environment load took 84.9ns 
434525     INFO  main            d.u.i.k.p.i.AbstractProblemLoader Creating init config 
436717     DEBUG main            d.u.i.k.p.i.AbstractProblemLoader Init config took 2.19s 
436730     INFO  main            d.u.i.k.p.i.AbstractProblemLoader Replaying proof simpleAssignment2.key.proof 
436732     DEBUG main            d.u.i.k.p.i.IntermediateProofReplayer Proof replay took 400.01ns 
436733     DEBUG main            d.u.i.k.p.r.p.TestFile    ... success: reloaded. 
436733     INFO  main            d.u.i.k.p.r.p.TestFile    Now processing file /home/runner/work/key/key/key.core/../key.ui/examples/standard_key/java_dl/splittingWithQueries.key 
436733     INFO  main            d.u.i.k.p.i.AbstractProblemLoader Loading environment from /home/runner/work/key/key/key.core/../key.ui/examples/standard_key/java_dl/splittingWithQueries.key 
436733     DEBUG main            d.u.i.k.p.i.AbstractProblemLoader Environment load took 44.4ns 
436734     INFO  main            d.u.i.k.p.i.AbstractProblemLoader Creating init config 
439016     DEBUG main            d.u.i.k.p.i.AbstractProblemLoader Init config took 2.28s 
439029     INFO  main            d.u.i.k.p.i.AbstractProblemLoader Replaying proof splittingWithQueries.key 
439030     DEBUG main            d.u.i.k.p.i.IntermediateProofReplayer Proof replay took 2.9ns 
439132     INFO  main            d.u.i.k.p.r.p.TestFile    ... finished proof: closed. 
439595     INFO  main            d.u.i.k.p.i.AbstractProblemLoader Loading environment from /home/runner/work/key/key/key.core/../key.ui/examples/standard_key/java_dl/splittingWithQueries.key.proof 
439595     DEBUG main            d.u.i.k.p.i.AbstractProblemLoader Environment load took 83.6ns 
439596     INFO  main            d.u.i.k.p.i.AbstractProblemLoader Creating init config 
441847     DEBUG main            d.u.i.k.p.i.AbstractProblemLoader Init config took 2.25s 
441865     INFO  main            d.u.i.k.p.i.AbstractProblemLoader Replaying proof splittingWithQueries.key.proof 
441869     DEBUG main            d.u.i.k.p.i.IntermediateProofReplayer Proof replay took 1.54ms 
441869     DEBUG main            d.u.i.k.p.r.p.TestFile    ... success: reloaded. 
441870     INFO  main            d.u.i.k.p.r.p.TestFile    Now processing file /home/runner/work/key/key/key.core/../key.ui/examples/standard_key/java_dl/strassen/strassen.key 
441871     INFO  main            d.u.i.k.p.i.AbstractProblemLoader Loading environment from /home/runner/work/key/key/key.core/../key.ui/examples/standard_key/java_dl/strassen/strassen.key 
441871     DEBUG main            d.u.i.k.p.i.AbstractProblemLoader Environment load took 149.2ns 
441872     INFO  main            d.u.i.k.p.i.AbstractProblemLoader Creating init config 
444275     DEBUG main            d.u.i.k.p.i.AbstractProblemLoader Init config took 2.4s 
444310     INFO  main            d.u.i.k.p.i.AbstractProblemLoader Replaying proof Matrix22[Matrix22::strassen(Matrix22,Matrix22)].JML normal_behavior operation contract.0 
444311     DEBUG main            d.u.i.k.p.i.IntermediateProofReplayer Proof replay took 2.4ns 
449595     INFO  main            d.u.i.k.p.r.p.TestFile    ... finished proof: closed. 
450195     INFO  main            d.u.i.k.p.i.AbstractProblemLoader Loading environment from /home/runner/work/key/key/key.core/../key.ui/examples/standard_key/java_dl/strassen/strassen.key.proof 
450195     DEBUG main            d.u.i.k.p.i.AbstractProblemLoader Environment load took 381.41ns 
450197     INFO  main            d.u.i.k.p.i.AbstractProblemLoader Creating init config 
452530     DEBUG main            d.u.i.k.p.i.AbstractProblemLoader Init config took 2.33s 
452564     INFO  main            d.u.i.k.p.i.AbstractProblemLoader Replaying proof Matrix22[Matrix22::strassen(Matrix22,Matrix22)].JML normal_behavior operation contract.0 
453311     DEBUG main            d.u.i.k.p.i.IntermediateProofReplayer Proof replay took 736.68ms 
453313     DEBUG main            d.u.i.k.p.r.p.TestFile    ... success: reloaded. 
453313     INFO  main            d.u.i.k.p.r.p.TestFile    Now processing file /home/runner/work/key/key/key.core/../key.ui/examples/standard_key/java_dl/symmArray.key 
453314     INFO  main            d.u.i.k.p.i.AbstractProblemLoader Loading environment from /home/runner/work/key/key/key.core/../key.ui/examples/standard_key/java_dl/symmArray.key 
453314     DEBUG main            d.u.i.k.p.i.AbstractProblemLoader Environment load took 154.4ns 
453315     INFO  main            d.u.i.k.p.i.AbstractProblemLoader Creating init config 
455702     DEBUG main            d.u.i.k.p.i.AbstractProblemLoader Init config took 2.39s 
455717     INFO  main            d.u.i.k.p.i.AbstractProblemLoader Replaying proof symmArray.key 
455719     DEBUG main            d.u.i.k.p.i.IntermediateProofReplayer Proof replay took 2.6ns 
557078     INFO  main            d.u.i.k.p.r.p.TestFile    ... finished proof: closed. 
557667     INFO  main            d.u.i.k.p.i.AbstractProblemLoader Loading environment from /home/runner/work/key/key/key.core/../key.ui/examples/standard_key/java_dl/symmArray.key.proof 
557667     DEBUG main            d.u.i.k.p.i.AbstractProblemLoader Environment load took 314.71ns 
557673     INFO  main            d.u.i.k.p.i.AbstractProblemLoader Creating init config 
559980     DEBUG main            d.u.i.k.p.i.AbstractProblemLoader Init config took 2.31s 
559996     INFO  main            d.u.i.k.p.i.AbstractProblemLoader Replaying proof symmArray.key.proof 
561114     DEBUG main            d.u.i.k.p.i.IntermediateProofReplayer Proof replay took 1.06s 
561119     DEBUG main            d.u.i.k.p.r.p.TestFile    ... success: reloaded. 
561120     INFO  main            d.u.i.k.p.r.p.TestFile    Now processing file /home/runner/work/key/key/key.core/../key.ui/examples/standard_key/java_dl/testcontext.key 
561120     INFO  main            d.u.i.k.p.i.AbstractProblemLoader Loading environment from /home/runner/work/key/key/key.core/../key.ui/examples/standard_key/java_dl/testcontext.key 
561120     DEBUG main            d.u.i.k.p.i.AbstractProblemLoader Environment load took 76.9ns 
561121     INFO  main            d.u.i.k.p.i.AbstractProblemLoader Creating init config 
561141     WARN  main            d.u.i.k.j.r.KeYCrossReferenceNameInfo Datatype java.io.InputStream declared twice: Once in FILE:/home/runner/work/key/key/key.core/../key.ui/examples/standard_key/java_dl/classpath/InputStream.java and once in URL:file:/home/runner/work/key/key/key.core/build/resources/main/de/uka/ilkd/key/java/JavaRedux/java/io/InputStream.java, Keeping one from URL:file:/home/runner/work/key/key/key.core/build/resources/main/de/uka/ilkd/key/java/JavaRedux/java/io/InputStream.java 
561141     WARN  main            d.u.i.k.j.r.KeYCrossReferenceNameInfo Datatype java.lang.System declared twice: Once in FILE:/home/runner/work/key/key/key.core/../key.ui/examples/standard_key/java_dl/classpath/System.java and once in URL:file:/home/runner/work/key/key/key.core/build/resources/main/de/uka/ilkd/key/java/JavaRedux/java/lang/System.java, Keeping one from URL:file:/home/runner/work/key/key/key.core/build/resources/main/de/uka/ilkd/key/java/JavaRedux/java/lang/System.java 
561141     WARN  main            d.u.i.k.j.r.KeYCrossReferenceNameInfo Datatype java.io.PrintStream declared twice: Once in FILE:/home/runner/work/key/key/key.core/../key.ui/examples/standard_key/java_dl/classpath/PrintStream.java and once in URL:file:/home/runner/work/key/key/key.core/build/resources/main/de/uka/ilkd/key/java/JavaRedux/java/io/PrintStream.java, Keeping one from URL:file:/home/runner/work/key/key/key.core/build/resources/main/de/uka/ilkd/key/java/JavaRedux/java/io/PrintStream.java 
561144     DEBUG main            d.u.i.k.j.r.ClassFileDeclarationBuilder Parsing: package java.io; public class Closeable { } 
561144     DEBUG main            r.s.KeYCrossReferenceSourceInfo Dynamically created class: java.io.Closeable 
563546     DEBUG main            d.u.i.k.p.i.AbstractProblemLoader Init config took 2.42s 
563560     INFO  main            d.u.i.k.p.i.AbstractProblemLoader Replaying proof testcontext.key 
563562     DEBUG main            d.u.i.k.p.i.IntermediateProofReplayer Proof replay took 2.4ns 
563866     INFO  main            d.u.i.k.p.r.p.TestFile    ... finished proof: closed. 
564451     INFO  main            d.u.i.k.p.i.AbstractProblemLoader Loading environment from /home/runner/work/key/key/key.core/../key.ui/examples/standard_key/java_dl/testcontext.key.proof 
564452     DEBUG main            d.u.i.k.p.i.AbstractProblemLoader Environment load took 88.2ns 
564453     INFO  main            d.u.i.k.p.i.AbstractProblemLoader Creating init config 
564472     WARN  main            d.u.i.k.j.r.KeYCrossReferenceNameInfo Datatype java.io.InputStream declared twice: Once in FILE:/home/runner/work/key/key/key.core/../key.ui/examples/standard_key/java_dl/classpath/InputStream.java and once in URL:file:/home/runner/work/key/key/key.core/build/resources/main/de/uka/ilkd/key/java/JavaRedux/java/io/InputStream.java, Keeping one from URL:file:/home/runner/work/key/key/key.core/build/resources/main/de/uka/ilkd/key/java/JavaRedux/java/io/InputStream.java 
564473     WARN  main            d.u.i.k.j.r.KeYCrossReferenceNameInfo Datatype java.lang.System declared twice: Once in FILE:/home/runner/work/key/key/key.core/../key.ui/examples/standard_key/java_dl/classpath/System.java and once in URL:file:/home/runner/work/key/key/key.core/build/resources/main/de/uka/ilkd/key/java/JavaRedux/java/lang/System.java, Keeping one from URL:file:/home/runner/work/key/key/key.core/build/resources/main/de/uka/ilkd/key/java/JavaRedux/java/lang/System.java 
564473     WARN  main            d.u.i.k.j.r.KeYCrossReferenceNameInfo Datatype java.io.PrintStream declared twice: Once in FILE:/home/runner/work/key/key/key.core/../key.ui/examples/standard_key/java_dl/classpath/PrintStream.java and once in URL:file:/home/runner/work/key/key/key.core/build/resources/main/de/uka/ilkd/key/java/JavaRedux/java/io/PrintStream.java, Keeping one from URL:file:/home/runner/work/key/key/key.core/build/resources/main/de/uka/ilkd/key/java/JavaRedux/java/io/PrintStream.java 
564476     DEBUG main            d.u.i.k.j.r.ClassFileDeclarationBuilder Parsing: package java.io; public class Closeable { } 
564476     DEBUG main            r.s.KeYCrossReferenceSourceInfo Dynamically created class: java.io.Closeable 
566761     DEBUG main            d.u.i.k.p.i.AbstractProblemLoader Init config took 2.31s 
566775     INFO  main            d.u.i.k.p.i.AbstractProblemLoader Replaying proof testcontext.key.proof 
566830     DEBUG main            d.u.i.k.p.i.IntermediateProofReplayer Proof replay took 52.16ms 
566831     DEBUG main            d.u.i.k.p.r.p.TestFile    ... success: reloaded. 
566832     INFO  main            d.u.i.k.p.r.p.TestFile    Now processing file /home/runner/work/key/key/key.core/../key.ui/examples/standard_key/staticInitialisation/cascadeStaticInitialisation.key 
566832     INFO  main            d.u.i.k.p.i.AbstractProblemLoader Loading environment from /home/runner/work/key/key/key.core/../key.ui/examples/standard_key/staticInitialisation/cascadeStaticInitialisation.key 
566832     DEBUG main            d.u.i.k.p.i.AbstractProblemLoader Environment load took 47.7ns 
566833     INFO  main            d.u.i.k.p.i.AbstractProblemLoader Creating init config 
566851     WARN  main            d.u.i.k.j.r.KeYCrossReferenceNameInfo Datatype java.lang.System declared twice: Once in FILE:/home/runner/work/key/key/key.core/../key.ui/examples/standard_key/staticInitialisation/classpath/System.java and once in URL:file:/home/runner/work/key/key/key.core/build/resources/main/de/uka/ilkd/key/java/JavaRedux/java/lang/System.java, Keeping one from URL:file:/home/runner/work/key/key/key.core/build/resources/main/de/uka/ilkd/key/java/JavaRedux/java/lang/System.java 
566851     WARN  main            d.u.i.k.j.r.KeYCrossReferenceNameInfo Datatype java.io.PrintStream declared twice: Once in FILE:/home/runner/work/key/key/key.core/../key.ui/examples/standard_key/staticInitialisation/classpath/PrintStream.java and once in URL:file:/home/runner/work/key/key/key.core/build/resources/main/de/uka/ilkd/key/java/JavaRedux/java/io/PrintStream.java, Keeping one from URL:file:/home/runner/work/key/key/key.core/build/resources/main/de/uka/ilkd/key/java/JavaRedux/java/io/PrintStream.java 
569140     DEBUG main            d.u.i.k.p.i.AbstractProblemLoader Init config took 2.31s 
569155     INFO  main            d.u.i.k.p.i.AbstractProblemLoader Replaying proof cascadeStaticInitialisation.key 
569156     DEBUG main            d.u.i.k.p.i.IntermediateProofReplayer Proof replay took 2.4ns 
569863     INFO  main            d.u.i.k.p.r.p.TestFile    ... finished proof: closed. 
570381     INFO  main            d.u.i.k.p.i.AbstractProblemLoader Loading environment from /home/runner/work/key/key/key.core/../key.ui/examples/standard_key/staticInitialisation/cascadeStaticInitialisation.key.proof 
570382     DEBUG main            d.u.i.k.p.i.AbstractProblemLoader Environment load took 89.8ns 
570383     INFO  main            d.u.i.k.p.i.AbstractProblemLoader Creating init config 
570405     WARN  main            d.u.i.k.j.r.KeYCrossReferenceNameInfo Datatype java.lang.System declared twice: Once in FILE:/home/runner/work/key/key/key.core/../key.ui/examples/standard_key/staticInitialisation/classpath/System.java and once in URL:file:/home/runner/work/key/key/key.core/build/resources/main/de/uka/ilkd/key/java/JavaRedux/java/lang/System.java, Keeping one from URL:file:/home/runner/work/key/key/key.core/build/resources/main/de/uka/ilkd/key/java/JavaRedux/java/lang/System.java 
570405     WARN  main            d.u.i.k.j.r.KeYCrossReferenceNameInfo Datatype java.io.PrintStream declared twice: Once in FILE:/home/runner/work/key/key/key.core/../key.ui/examples/standard_key/staticInitialisation/classpath/PrintStream.java and once in URL:file:/home/runner/work/key/key/key.core/build/resources/main/de/uka/ilkd/key/java/JavaRedux/java/io/PrintStream.java, Keeping one from URL:file:/home/runner/work/key/key/key.core/build/resources/main/de/uka/ilkd/key/java/JavaRedux/java/io/PrintStream.java 
572635     DEBUG main            d.u.i.k.p.i.AbstractProblemLoader Init config took 2.25s 
572650     INFO  main            d.u.i.k.p.i.AbstractProblemLoader Replaying proof cascadeStaticInitialisation.key.proof 
572789     DEBUG main            d.u.i.k.p.i.IntermediateProofReplayer Proof replay took 137.08ms 
572790     DEBUG main            d.u.i.k.p.r.p.TestFile    ... success: reloaded. 
572791     INFO  main            d.u.i.k.p.r.p.TestFile    Now processing file /home/runner/work/key/key/key.core/../key.ui/examples/standard_key/staticInitialisation/erroneousClassImpliesErroneousSubclass.key 
572791     INFO  main            d.u.i.k.p.i.AbstractProblemLoader Loading environment from /home/runner/work/key/key/key.core/../key.ui/examples/standard_key/staticInitialisation/erroneousClassImpliesErroneousSubclass.key 
572791     DEBUG main            d.u.i.k.p.i.AbstractProblemLoader Environment load took 47.6ns 
572792     INFO  main            d.u.i.k.p.i.AbstractProblemLoader Creating init config 
572811     WARN  main            d.u.i.k.j.r.KeYCrossReferenceNameInfo Datatype java.lang.System declared twice: Once in FILE:/home/runner/work/key/key/key.core/../key.ui/examples/standard_key/staticInitialisation/classpath/System.java and once in URL:file:/home/runner/work/key/key/key.core/build/resources/main/de/uka/ilkd/key/java/JavaRedux/java/lang/System.java, Keeping one from URL:file:/home/runner/work/key/key/key.core/build/resources/main/de/uka/ilkd/key/java/JavaRedux/java/lang/System.java 
572811     WARN  main            d.u.i.k.j.r.KeYCrossReferenceNameInfo Datatype java.io.PrintStream declared twice: Once in FILE:/home/runner/work/key/key/key.core/../key.ui/examples/standard_key/staticInitialisation/classpath/PrintStream.java and once in URL:file:/home/runner/work/key/key/key.core/build/resources/main/de/uka/ilkd/key/java/JavaRedux/java/io/PrintStream.java, Keeping one from URL:file:/home/runner/work/key/key/key.core/build/resources/main/de/uka/ilkd/key/java/JavaRedux/java/io/PrintStream.java 
575087     DEBUG main            d.u.i.k.p.i.AbstractProblemLoader Init config took 2.29s 
575100     INFO  main            d.u.i.k.p.i.AbstractProblemLoader Replaying proof erroneousClassImpliesErroneousSubclass.key 
575101     DEBUG main            d.u.i.k.p.i.IntermediateProofReplayer Proof replay took 3.2ns 
575202     INFO  main            d.u.i.k.p.r.p.TestFile    ... finished proof: closed. 
575739     INFO  main            d.u.i.k.p.i.AbstractProblemLoader Loading environment from /home/runner/work/key/key/key.core/../key.ui/examples/standard_key/staticInitialisation/erroneousClassImpliesErroneousSubclass.key.proof 
575739     DEBUG main            d.u.i.k.p.i.AbstractProblemLoader Environment load took 86ns 
575740     INFO  main            d.u.i.k.p.i.AbstractProblemLoader Creating init config 
575761     WARN  main            d.u.i.k.j.r.KeYCrossReferenceNameInfo Datatype java.lang.System declared twice: Once in FILE:/home/runner/work/key/key/key.core/../key.ui/examples/standard_key/staticInitialisation/classpath/System.java and once in URL:file:/home/runner/work/key/key/key.core/build/resources/main/de/uka/ilkd/key/java/JavaRedux/java/lang/System.java, Keeping one from URL:file:/home/runner/work/key/key/key.core/build/resources/main/de/uka/ilkd/key/java/JavaRedux/java/lang/System.java 
575761     WARN  main            d.u.i.k.j.r.KeYCrossReferenceNameInfo Datatype java.io.PrintStream declared twice: Once in FILE:/home/runner/work/key/key/key.core/../key.ui/examples/standard_key/staticInitialisation/classpath/PrintStream.java and once in URL:file:/home/runner/work/key/key/key.core/build/resources/main/de/uka/ilkd/key/java/JavaRedux/java/io/PrintStream.java, Keeping one from URL:file:/home/runner/work/key/key/key.core/build/resources/main/de/uka/ilkd/key/java/JavaRedux/java/io/PrintStream.java 
578069     DEBUG main            d.u.i.k.p.i.AbstractProblemLoader Init config took 2.33s 
578081     INFO  main            d.u.i.k.p.i.AbstractProblemLoader Replaying proof erroneousClassImpliesErroneousSubclass.key.proof 
578083     DEBUG main            d.u.i.k.p.i.IntermediateProofReplayer Proof replay took 478.31ns 
578084     DEBUG main            d.u.i.k.p.r.p.TestFile    ... success: reloaded. 
578085     INFO  main            d.u.i.k.p.r.p.TestFile    Now processing file /home/runner/work/key/key/key.core/../key.ui/examples/standard_key/staticInitialisation/initializedSubclassImpliesInitializedSuperclass.key 
578085     INFO  main            d.u.i.k.p.i.AbstractProblemLoader Loading environment from /home/runner/work/key/key/key.core/../key.ui/examples/standard_key/staticInitialisation/initializedSubclassImpliesInitializedSuperclass.key 
578085     DEBUG main            d.u.i.k.p.i.AbstractProblemLoader Environment load took 58.1ns 
578086     INFO  main            d.u.i.k.p.i.AbstractProblemLoader Creating init config 
578103     WARN  main            d.u.i.k.j.r.KeYCrossReferenceNameInfo Datatype java.lang.System declared twice: Once in FILE:/home/runner/work/key/key/key.core/../key.ui/examples/standard_key/staticInitialisation/classpath/System.java and once in URL:file:/home/runner/work/key/key/key.core/build/resources/main/de/uka/ilkd/key/java/JavaRedux/java/lang/System.java, Keeping one from URL:file:/home/runner/work/key/key/key.core/build/resources/main/de/uka/ilkd/key/java/JavaRedux/java/lang/System.java 
578104     WARN  main            d.u.i.k.j.r.KeYCrossReferenceNameInfo Datatype java.io.PrintStream declared twice: Once in FILE:/home/runner/work/key/key/key.core/../key.ui/examples/standard_key/staticInitialisation/classpath/PrintStream.java and once in URL:file:/home/runner/work/key/key/key.core/build/resources/main/de/uka/ilkd/key/java/JavaRedux/java/io/PrintStream.java, Keeping one from URL:file:/home/runner/work/key/key/key.core/build/resources/main/de/uka/ilkd/key/java/JavaRedux/java/io/PrintStream.java 
580371     DEBUG main            d.u.i.k.p.i.AbstractProblemLoader Init config took 2.29s 
580384     INFO  main            d.u.i.k.p.i.AbstractProblemLoader Replaying proof initializedSubclassImpliesInitializedSuperclass.key 
580385     DEBUG main            d.u.i.k.p.i.IntermediateProofReplayer Proof replay took 3.3ns 
580487     INFO  main            d.u.i.k.p.r.p.TestFile    ... finished proof: closed. 
580983     INFO  main            d.u.i.k.p.i.AbstractProblemLoader Loading environment from /home/runner/work/key/key/key.core/../key.ui/examples/standard_key/staticInitialisation/initializedSubclassImpliesInitializedSuperclass.key.proof 
580983     DEBUG main            d.u.i.k.p.i.AbstractProblemLoader Environment load took 84.4ns 
580984     INFO  main            d.u.i.k.p.i.AbstractProblemLoader Creating init config 
581003     WARN  main            d.u.i.k.j.r.KeYCrossReferenceNameInfo Datatype java.lang.System declared twice: Once in FILE:/home/runner/work/key/key/key.core/../key.ui/examples/standard_key/staticInitialisation/classpath/System.java and once in URL:file:/home/runner/work/key/key/key.core/build/resources/main/de/uka/ilkd/key/java/JavaRedux/java/lang/System.java, Keeping one from URL:file:/home/runner/work/key/key/key.core/build/resources/main/de/uka/ilkd/key/java/JavaRedux/java/lang/System.java 
581003     WARN  main            d.u.i.k.j.r.KeYCrossReferenceNameInfo Datatype java.io.PrintStream declared twice: Once in FILE:/home/runner/work/key/key/key.core/../key.ui/examples/standard_key/staticInitialisation/classpath/PrintStream.java and once in URL:file:/home/runner/work/key/key/key.core/build/resources/main/de/uka/ilkd/key/java/JavaRedux/java/io/PrintStream.java, Keeping one from URL:file:/home/runner/work/key/key/key.core/build/resources/main/de/uka/ilkd/key/java/JavaRedux/java/io/PrintStream.java 
583224     DEBUG main            d.u.i.k.p.i.AbstractProblemLoader Init config took 2.24s 
583237     INFO  main            d.u.i.k.p.i.AbstractProblemLoader Replaying proof initializedSubclassImpliesInitializedSuperclass.key.proof 
583239     DEBUG main            d.u.i.k.p.i.IntermediateProofReplayer Proof replay took 408.01ns 
583240     DEBUG main            d.u.i.k.p.r.p.TestFile    ... success: reloaded. 
583241     INFO  main            d.u.i.k.p.r.p.TestFile    Now processing file /home/runner/work/key/key/key.core/../key.ui/examples/standard_key/staticInitialisation/localDeclared.key 
583241     INFO  main            d.u.i.k.p.i.AbstractProblemLoader Loading environment from /home/runner/work/key/key/key.core/../key.ui/examples/standard_key/staticInitialisation/localDeclared.key 
583241     DEBUG main            d.u.i.k.p.i.AbstractProblemLoader Environment load took 77.7ns 
583242     INFO  main            d.u.i.k.p.i.AbstractProblemLoader Creating init config 
583260     WARN  main            d.u.i.k.j.r.KeYCrossReferenceNameInfo Datatype java.lang.System declared twice: Once in FILE:/home/runner/work/key/key/key.core/../key.ui/examples/standard_key/staticInitialisation/classpath/System.java and once in URL:file:/home/runner/work/key/key/key.core/build/resources/main/de/uka/ilkd/key/java/JavaRedux/java/lang/System.java, Keeping one from URL:file:/home/runner/work/key/key/key.core/build/resources/main/de/uka/ilkd/key/java/JavaRedux/java/lang/System.java 
583260     WARN  main            d.u.i.k.j.r.KeYCrossReferenceNameInfo Datatype java.io.PrintStream declared twice: Once in FILE:/home/runner/work/key/key/key.core/../key.ui/examples/standard_key/staticInitialisation/classpath/PrintStream.java and once in URL:file:/home/runner/work/key/key/key.core/build/resources/main/de/uka/ilkd/key/java/JavaRedux/java/io/PrintStream.java, Keeping one from URL:file:/home/runner/work/key/key/key.core/build/resources/main/de/uka/ilkd/key/java/JavaRedux/java/io/PrintStream.java 
585594     DEBUG main            d.u.i.k.p.i.AbstractProblemLoader Init config took 2.35s 
585608     INFO  main            d.u.i.k.p.i.AbstractProblemLoader Replaying proof localDeclared.key 
585609     DEBUG main            d.u.i.k.p.i.IntermediateProofReplayer Proof replay took 2.8ns 
585914     INFO  main            d.u.i.k.p.r.p.TestFile    ... finished proof: closed. 
586427     INFO  main            d.u.i.k.p.i.AbstractProblemLoader Loading environment from /home/runner/work/key/key/key.core/../key.ui/examples/standard_key/staticInitialisation/localDeclared.key.proof 
586428     DEBUG main            d.u.i.k.p.i.AbstractProblemLoader Environment load took 88.4ns 
586429     INFO  main            d.u.i.k.p.i.AbstractProblemLoader Creating init config 
586448     WARN  main            d.u.i.k.j.r.KeYCrossReferenceNameInfo Datatype java.lang.System declared twice: Once in FILE:/home/runner/work/key/key/key.core/../key.ui/examples/standard_key/staticInitialisation/classpath/System.java and once in URL:file:/home/runner/work/key/key/key.core/build/resources/main/de/uka/ilkd/key/java/JavaRedux/java/lang/System.java, Keeping one from URL:file:/home/runner/work/key/key/key.core/build/resources/main/de/uka/ilkd/key/java/JavaRedux/java/lang/System.java 
586448     WARN  main            d.u.i.k.j.r.KeYCrossReferenceNameInfo Datatype java.io.PrintStream declared twice: Once in FILE:/home/runner/work/key/key/key.core/../key.ui/examples/standard_key/staticInitialisation/classpath/PrintStream.java and once in URL:file:/home/runner/work/key/key/key.core/build/resources/main/de/uka/ilkd/key/java/JavaRedux/java/io/PrintStream.java, Keeping one from URL:file:/home/runner/work/key/key/key.core/build/resources/main/de/uka/ilkd/key/java/JavaRedux/java/io/PrintStream.java 
588672     DEBUG main            d.u.i.k.p.i.AbstractProblemLoader Init config took 2.24s 
588688     INFO  main            d.u.i.k.p.i.AbstractProblemLoader Replaying proof localDeclared.key.proof 
588743     DEBUG main            d.u.i.k.p.i.IntermediateProofReplayer Proof replay took 53.17ms 
588744     DEBUG main            d.u.i.k.p.r.p.TestFile    ... success: reloaded. 
588745     INFO  main            d.u.i.k.p.r.p.TestFile    Now processing file /home/runner/work/key/key/key.core/../key.ui/examples/standard_key/staticInitialisation/localDeclaredMethod.key 
588745     INFO  main            d.u.i.k.p.i.AbstractProblemLoader Loading environment from /home/runner/work/key/key/key.core/../key.ui/examples/standard_key/staticInitialisation/localDeclaredMethod.key 
588745     DEBUG main            d.u.i.k.p.i.AbstractProblemLoader Environment load took 79.6ns 
588746     INFO  main            d.u.i.k.p.i.AbstractProblemLoader Creating init config 
588764     WARN  main            d.u.i.k.j.r.KeYCrossReferenceNameInfo Datatype java.lang.System declared twice: Once in FILE:/home/runner/work/key/key/key.core/../key.ui/examples/standard_key/staticInitialisation/classpath/System.java and once in URL:file:/home/runner/work/key/key/key.core/build/resources/main/de/uka/ilkd/key/java/JavaRedux/java/lang/System.java, Keeping one from URL:file:/home/runner/work/key/key/key.core/build/resources/main/de/uka/ilkd/key/java/JavaRedux/java/lang/System.java 
588765     WARN  main            d.u.i.k.j.r.KeYCrossReferenceNameInfo Datatype java.io.PrintStream declared twice: Once in FILE:/home/runner/work/key/key/key.core/../key.ui/examples/standard_key/staticInitialisation/classpath/PrintStream.java and once in URL:file:/home/runner/work/key/key/key.core/build/resources/main/de/uka/ilkd/key/java/JavaRedux/java/io/PrintStream.java, Keeping one from URL:file:/home/runner/work/key/key/key.core/build/resources/main/de/uka/ilkd/key/java/JavaRedux/java/io/PrintStream.java 
591039     DEBUG main            d.u.i.k.p.i.AbstractProblemLoader Init config took 2.29s 
591054     INFO  main            d.u.i.k.p.i.AbstractProblemLoader Replaying proof localDeclaredMethod.key 
591055     DEBUG main            d.u.i.k.p.i.IntermediateProofReplayer Proof replay took 2.9ns 
591358     INFO  main            d.u.i.k.p.r.p.TestFile    ... finished proof: closed. 
591882     INFO  main            d.u.i.k.p.i.AbstractProblemLoader Loading environment from /home/runner/work/key/key/key.core/../key.ui/examples/standard_key/staticInitialisation/localDeclaredMethod.key.proof 
591883     DEBUG main            d.u.i.k.p.i.AbstractProblemLoader Environment load took 104ns 
591884     INFO  main            d.u.i.k.p.i.AbstractProblemLoader Creating init config 
591902     WARN  main            d.u.i.k.j.r.KeYCrossReferenceNameInfo Datatype java.lang.System declared twice: Once in FILE:/home/runner/work/key/key/key.core/../key.ui/examples/standard_key/staticInitialisation/classpath/System.java and once in URL:file:/home/runner/work/key/key/key.core/build/resources/main/de/uka/ilkd/key/java/JavaRedux/java/lang/System.java, Keeping one from URL:file:/home/runner/work/key/key/key.core/build/resources/main/de/uka/ilkd/key/java/JavaRedux/java/lang/System.java 
591903     WARN  main            d.u.i.k.j.r.KeYCrossReferenceNameInfo Datatype java.io.PrintStream declared twice: Once in FILE:/home/runner/work/key/key/key.core/../key.ui/examples/standard_key/staticInitialisation/classpath/PrintStream.java and once in URL:file:/home/runner/work/key/key/key.core/build/resources/main/de/uka/ilkd/key/java/JavaRedux/java/io/PrintStream.java, Keeping one from URL:file:/home/runner/work/key/key/key.core/build/resources/main/de/uka/ilkd/key/java/JavaRedux/java/io/PrintStream.java 
594119     DEBUG main            d.u.i.k.p.i.AbstractProblemLoader Init config took 2.24s 
594133     INFO  main            d.u.i.k.p.i.AbstractProblemLoader Replaying proof localDeclaredMethod.key.proof 
594184     DEBUG main            d.u.i.k.p.i.IntermediateProofReplayer Proof replay took 48.99ms 
594185     DEBUG main            d.u.i.k.p.r.p.TestFile    ... success: reloaded. 
594185     INFO  main            d.u.i.k.p.r.p.TestFile    Now processing file /home/runner/work/key/key/key.core/../key.ui/examples/standard_key/staticInitialisation/objectOfErroneousClass.key 
594186     INFO  main            d.u.i.k.p.i.AbstractProblemLoader Loading environment from /home/runner/work/key/key/key.core/../key.ui/examples/standard_key/staticInitialisation/objectOfErroneousClass.key 
594186     DEBUG main            d.u.i.k.p.i.AbstractProblemLoader Environment load took 90.4ns 
594187     INFO  main            d.u.i.k.p.i.AbstractProblemLoader Creating init config 
594205     WARN  main            d.u.i.k.j.r.KeYCrossReferenceNameInfo Datatype java.lang.System declared twice: Once in FILE:/home/runner/work/key/key/key.core/../key.ui/examples/standard_key/staticInitialisation/classpath/System.java and once in URL:file:/home/runner/work/key/key/key.core/build/resources/main/de/uka/ilkd/key/java/JavaRedux/java/lang/System.java, Keeping one from URL:file:/home/runner/work/key/key/key.core/build/resources/main/de/uka/ilkd/key/java/JavaRedux/java/lang/System.java 
594205     WARN  main            d.u.i.k.j.r.KeYCrossReferenceNameInfo Datatype java.io.PrintStream declared twice: Once in FILE:/home/runner/work/key/key/key.core/../key.ui/examples/standard_key/staticInitialisation/classpath/PrintStream.java and once in URL:file:/home/runner/work/key/key/key.core/build/resources/main/de/uka/ilkd/key/java/JavaRedux/java/io/PrintStream.java, Keeping one from URL:file:/home/runner/work/key/key/key.core/build/resources/main/de/uka/ilkd/key/java/JavaRedux/java/io/PrintStream.java 
596487     DEBUG main            d.u.i.k.p.i.AbstractProblemLoader Init config took 2.3s 
596502     INFO  main            d.u.i.k.p.i.AbstractProblemLoader Replaying proof objectOfErroneousClass.key 
596506     DEBUG main            d.u.i.k.p.i.IntermediateProofReplayer Proof replay took 2.7ns 
610717     INFO  main            d.u.i.k.p.r.p.TestFile    ... finished proof: closed. 
611320     INFO  main            d.u.i.k.p.i.AbstractProblemLoader Loading environment from /home/runner/work/key/key/key.core/../key.ui/examples/standard_key/staticInitialisation/objectOfErroneousClass.key.proof 
611321     DEBUG main            d.u.i.k.p.i.AbstractProblemLoader Environment load took 327.71ns 
611326     INFO  main            d.u.i.k.p.i.AbstractProblemLoader Creating init config 
611346     WARN  main            d.u.i.k.j.r.KeYCrossReferenceNameInfo Datatype java.lang.System declared twice: Once in FILE:/home/runner/work/key/key/key.core/../key.ui/examples/standard_key/staticInitialisation/classpath/System.java and once in URL:file:/home/runner/work/key/key/key.core/build/resources/main/de/uka/ilkd/key/java/JavaRedux/java/lang/System.java, Keeping one from URL:file:/home/runner/work/key/key/key.core/build/resources/main/de/uka/ilkd/key/java/JavaRedux/java/lang/System.java 
611347     WARN  main            d.u.i.k.j.r.KeYCrossReferenceNameInfo Datatype java.io.PrintStream declared twice: Once in FILE:/home/runner/work/key/key/key.core/../key.ui/examples/standard_key/staticInitialisation/classpath/PrintStream.java and once in URL:file:/home/runner/work/key/key/key.core/build/resources/main/de/uka/ilkd/key/java/JavaRedux/java/io/PrintStream.java, Keeping one from URL:file:/home/runner/work/key/key/key.core/build/resources/main/de/uka/ilkd/key/java/JavaRedux/java/io/PrintStream.java 
613579     DEBUG main            d.u.i.k.p.i.AbstractProblemLoader Init config took 2.25s 
613594     INFO  main            d.u.i.k.p.i.AbstractProblemLoader Replaying proof objectOfErroneousClass.key.proof 
615729     DEBUG main            d.u.i.k.p.i.IntermediateProofReplayer Proof replay took 2.11s 
615732     DEBUG main            d.u.i.k.p.r.p.TestFile    ... success: reloaded. 
615734     INFO  main            d.u.i.k.p.r.p.TestFile    Now processing file /home/runner/work/key/key/key.core/../key.ui/examples/standard_key/staticInitialisation/staticInitialisersAreNonSimple.key 
615734     INFO  main            d.u.i.k.p.i.AbstractProblemLoader Loading environment from /home/runner/work/key/key/key.core/../key.ui/examples/standard_key/staticInitialisation/staticInitialisersAreNonSimple.key 
615734     DEBUG main            d.u.i.k.p.i.AbstractProblemLoader Environment load took 83.4ns 
615735     INFO  main            d.u.i.k.p.i.AbstractProblemLoader Creating init config 
615753     WARN  main            d.u.i.k.j.r.KeYCrossReferenceNameInfo Datatype java.lang.System declared twice: Once in FILE:/home/runner/work/key/key/key.core/../key.ui/examples/standard_key/staticInitialisation/classpath/System.java and once in URL:file:/home/runner/work/key/key/key.core/build/resources/main/de/uka/ilkd/key/java/JavaRedux/java/lang/System.java, Keeping one from URL:file:/home/runner/work/key/key/key.core/build/resources/main/de/uka/ilkd/key/java/JavaRedux/java/lang/System.java 
615753     WARN  main            d.u.i.k.j.r.KeYCrossReferenceNameInfo Datatype java.io.PrintStream declared twice: Once in FILE:/home/runner/work/key/key/key.core/../key.ui/examples/standard_key/staticInitialisation/classpath/PrintStream.java and once in URL:file:/home/runner/work/key/key/key.core/build/resources/main/de/uka/ilkd/key/java/JavaRedux/java/io/PrintStream.java, Keeping one from URL:file:/home/runner/work/key/key/key.core/build/resources/main/de/uka/ilkd/key/java/JavaRedux/java/io/PrintStream.java 
618058     DEBUG main            d.u.i.k.p.i.AbstractProblemLoader Init config took 2.32s 
618072     INFO  main            d.u.i.k.p.i.AbstractProblemLoader Replaying proof staticInitialisersAreNonSimple.key 
618073     DEBUG main            d.u.i.k.p.i.IntermediateProofReplayer Proof replay took 2.8ns 
618378     INFO  main            d.u.i.k.p.r.p.TestFile    ... finished proof: closed. 
618990     INFO  main            d.u.i.k.p.i.AbstractProblemLoader Loading environment from /home/runner/work/key/key/key.core/../key.ui/examples/standard_key/staticInitialisation/staticInitialisersAreNonSimple.key.proof 
618990     DEBUG main            d.u.i.k.p.i.AbstractProblemLoader Environment load took 88.7ns 
618991     INFO  main            d.u.i.k.p.i.AbstractProblemLoader Creating init config 
619009     WARN  main            d.u.i.k.j.r.KeYCrossReferenceNameInfo Datatype java.lang.System declared twice: Once in FILE:/home/runner/work/key/key/key.core/../key.ui/examples/standard_key/staticInitialisation/classpath/System.java and once in URL:file:/home/runner/work/key/key/key.core/build/resources/main/de/uka/ilkd/key/java/JavaRedux/java/lang/System.java, Keeping one from URL:file:/home/runner/work/key/key/key.core/build/resources/main/de/uka/ilkd/key/java/JavaRedux/java/lang/System.java 
619009     WARN  main            d.u.i.k.j.r.KeYCrossReferenceNameInfo Datatype java.io.PrintStream declared twice: Once in FILE:/home/runner/work/key/key/key.core/../key.ui/examples/standard_key/staticInitialisation/classpath/PrintStream.java and once in URL:file:/home/runner/work/key/key/key.core/build/resources/main/de/uka/ilkd/key/java/JavaRedux/java/io/PrintStream.java, Keeping one from URL:file:/home/runner/work/key/key/key.core/build/resources/main/de/uka/ilkd/key/java/JavaRedux/java/io/PrintStream.java 
621255     DEBUG main            d.u.i.k.p.i.AbstractProblemLoader Init config took 2.26s 
621270     INFO  main            d.u.i.k.p.i.AbstractProblemLoader Replaying proof staticInitialisersAreNonSimple.key.proof 
621343     DEBUG main            d.u.i.k.p.i.IntermediateProofReplayer Proof replay took 71.61ms 
621344     DEBUG main            d.u.i.k.p.r.p.TestFile    ... success: reloaded. 
621345     INFO  main            d.u.i.k.p.r.p.TestFile    Now processing file /home/runner/work/key/key/key.core/../key.ui/examples/standard_key/types/disjoint.key 
621345     INFO  main            d.u.i.k.p.i.AbstractProblemLoader Loading environment from /home/runner/work/key/key/key.core/../key.ui/examples/standard_key/types/disjoint.key 
621345     DEBUG main            d.u.i.k.p.i.AbstractProblemLoader Environment load took 106.3ns 
621346     INFO  main            d.u.i.k.p.i.AbstractProblemLoader Creating init config 
623566     DEBUG main            d.u.i.k.p.i.AbstractProblemLoader Init config took 2.22s 
623578     INFO  main            d.u.i.k.p.i.AbstractProblemLoader Replaying proof disjoint.key 
623580     DEBUG main            d.u.i.k.p.i.IntermediateProofReplayer Proof replay took 2.7ns 
623682     INFO  main            d.u.i.k.p.r.p.TestFile    ... finished proof: closed. 
624227     INFO  main            d.u.i.k.p.i.AbstractProblemLoader Loading environment from /home/runner/work/key/key/key.core/../key.ui/examples/standard_key/types/disjoint.key.proof 
624227     DEBUG main            d.u.i.k.p.i.AbstractProblemLoader Environment load took 79.6ns 
624228     INFO  main            d.u.i.k.p.i.AbstractProblemLoader Creating init config 
626400     DEBUG main            d.u.i.k.p.i.AbstractProblemLoader Init config took 2.17s 
626413     INFO  main            d.u.i.k.p.i.AbstractProblemLoader Replaying proof disjoint.key.proof 
626415     DEBUG main            d.u.i.k.p.i.IntermediateProofReplayer Proof replay took 489.41ns 
626415     DEBUG main            d.u.i.k.p.r.p.TestFile    ... success: reloaded. 
626416     INFO  main            d.u.i.k.p.r.p.TestFile    Now processing file /home/runner/work/key/key/key.core/../key.ui/examples/../../key.core/src/test/resources/testcase/classpath/classpath.key 
626416     INFO  main            d.u.i.k.p.i.AbstractProblemLoader Loading environment from /home/runner/work/key/key/key.core/../key.ui/examples/../../key.core/src/test/resources/testcase/classpath/classpath.key 
626416     DEBUG main            d.u.i.k.p.i.AbstractProblemLoader Environment load took 117.7ns 
626417     INFO  main            d.u.i.k.p.i.AbstractProblemLoader Creating init config 
626438     WARN  main            d.u.i.k.j.r.KeYCrossReferenceNameInfo Datatype cp.C declared twice: Once in FILE:/home/runner/work/key/key/key.core/../key.ui/examples/../../key.core/src/test/resources/testcase/classpath/classpath/C.class and once in FILE:/home/runner/work/key/key/key.core/../key.ui/examples/../../key.core/src/test/resources/testcase/classpath/classpath/C.jml, Keeping one from FILE:/home/runner/work/key/key/key.core/../key.ui/examples/../../key.core/src/test/resources/testcase/classpath/classpath/C.jml 
626440     DEBUG main            d.u.i.k.j.r.ClassFileDeclarationBuilder Parsing: package cp; public class Unresolved1 { } 
626440     DEBUG main            r.s.KeYCrossReferenceSourceInfo Dynamically created class: cp.Unresolved1 
626441     DEBUG main            d.u.i.k.j.r.ClassFileDeclarationBuilder Parsing: package cp; public class Unresolved2 { } 
626441     DEBUG main            r.s.KeYCrossReferenceSourceInfo Dynamically created class: cp.Unresolved2 
628824     DEBUG main            d.u.i.k.p.i.AbstractProblemLoader Init config took 2.41s 
628840     INFO  main            d.u.i.k.p.i.AbstractProblemLoader Replaying proof classpath.key 
628841     DEBUG main            d.u.i.k.p.i.IntermediateProofReplayer Proof replay took 2.9ns 
628943     INFO  main            d.u.i.k.p.r.p.TestFile    ... finished proof: closed. 
629482     INFO  main            d.u.i.k.p.i.AbstractProblemLoader Loading environment from /home/runner/work/key/key/key.core/../key.ui/examples/../../key.core/src/test/resources/testcase/classpath/classpath.key.proof 
629482     DEBUG main            d.u.i.k.p.i.AbstractProblemLoader Environment load took 82.7ns 
629482     INFO  main            d.u.i.k.p.i.AbstractProblemLoader Creating init config 
629512     WARN  main            d.u.i.k.j.r.KeYCrossReferenceNameInfo Datatype cp.C declared twice: Once in FILE:/home/runner/work/key/key/key.core/../key.ui/examples/../../key.core/src/test/resources/testcase/classpath/classpath/C.class and once in FILE:/home/runner/work/key/key/key.core/../key.ui/examples/../../key.core/src/test/resources/testcase/classpath/classpath/C.jml, Keeping one from FILE:/home/runner/work/key/key/key.core/../key.ui/examples/../../key.core/src/test/resources/testcase/classpath/classpath/C.jml 
629523     DEBUG main            d.u.i.k.j.r.ClassFileDeclarationBuilder Parsing: package cp; public class Unresolved1 { } 
629523     DEBUG main            r.s.KeYCrossReferenceSourceInfo Dynamically created class: cp.Unresolved1 
629523     DEBUG main            d.u.i.k.j.r.ClassFileDeclarationBuilder Parsing: package cp; public class Unresolved2 { } 
629523     DEBUG main            r.s.KeYCrossReferenceSourceInfo Dynamically created class: cp.Unresolved2 
631824     DEBUG main            d.u.i.k.p.i.AbstractProblemLoader Init config took 2.34s 
631839     INFO  main            d.u.i.k.p.i.AbstractProblemLoader Replaying proof classpath.key.proof 
631841     DEBUG main            d.u.i.k.p.i.IntermediateProofReplayer Proof replay took 520.61ns 
631842     DEBUG main            d.u.i.k.p.r.p.TestFile    ... success: reloaded. 
631843     INFO  main            d.u.i.k.p.r.p.TestFile    Now processing file /home/runner/work/key/key/key.core/../key.ui/examples/heap/inconsistent_represents/MyClass_m.key 
631843     INFO  main            d.u.i.k.p.i.AbstractProblemLoader Loading environment from /home/runner/work/key/key/key.core/../key.ui/examples/heap/inconsistent_represents/MyClass_m.key 
631843     DEBUG main            d.u.i.k.p.i.AbstractProblemLoader Environment load took 45ns 
631844     INFO  main            d.u.i.k.p.i.AbstractProblemLoader Creating init config 
634174     DEBUG main            d.u.i.k.p.i.AbstractProblemLoader Init config took 2.33s 
634208     INFO  main            d.u.i.k.p.i.AbstractProblemLoader Replaying proof MyClass[MyClass::m()].JML operation contract.0 
634210     DEBUG main            d.u.i.k.p.i.IntermediateProofReplayer Proof replay took 2.8ns 
634314     INFO  main            d.u.i.k.p.r.p.TestFile    ... finished proof: open goal(s) 
634863     INFO  main            d.u.i.k.p.r.p.TestFile    Now processing file /home/runner/work/key/key/key.core/../key.ui/examples/heap/inconsistent_represents/MyClass_n.key 
634863     INFO  main            d.u.i.k.p.i.AbstractProblemLoader Loading environment from /home/runner/work/key/key/key.core/../key.ui/examples/heap/inconsistent_represents/MyClass_n.key 
634863     DEBUG main            d.u.i.k.p.i.AbstractProblemLoader Environment load took 50.2ns 
634864     INFO  main            d.u.i.k.p.i.AbstractProblemLoader Creating init config 
637131     DEBUG main            d.u.i.k.p.i.AbstractProblemLoader Init config took 2.27s 
637164     INFO  main            d.u.i.k.p.i.AbstractProblemLoader Replaying proof MyClass[MyClass::n()].JML operation contract.0 
637165     DEBUG main            d.u.i.k.p.i.IntermediateProofReplayer Proof replay took 3.5ns 
637267     INFO  main            d.u.i.k.p.r.p.TestFile    ... finished proof: open goal(s) 
3614393    INFO  Test worker     d.u.i.k.p.r.RunAllProofsTestUnit Returning from test javadl 
3614395    INFO  Test worker     d.u.i.k.p.r.RunAllProofsTestUnit Running test FOL 
342        INFO  Timeout watchdog d.u.i.k.p.r.p.ForkedTestFileRunner Timeout watcher launched (2000 secs.) 
353        WARN  main            d.u.i.k.s.ProofSettings   The settings in /home/runner/.key/proof-settings.props are *not* read. 
385        INFO  main            d.u.i.k.p.r.p.TestFile    Now processing file /home/runner/work/key/key/key.core/../key.ui/examples/standard_key/pred_log/count.key 
502        INFO  main            d.u.i.k.p.i.AbstractProblemLoader Loading environment from /home/runner/work/key/key/key.core/../key.ui/examples/standard_key/pred_log/count.key 
518        DEBUG main            d.u.i.k.p.i.AbstractProblemLoader Environment load took 2.02ms 
750        INFO  main            d.u.i.k.p.i.AbstractProblemLoader Creating init config 
1576       DEBUG main            d.u.i.k.j.TypeConverter   No LDT found for Meta 
1577       DEBUG main            d.u.i.k.j.TypeConverter   No LDT found for Meta 
1578       DEBUG main            d.u.i.k.j.TypeConverter   No LDT found for Meta 
1579       DEBUG main            d.u.i.k.j.TypeConverter   No LDT found for Meta 
2658       DEBUG main            d.u.i.k.j.TypeConverter   No LDT found for JavaBigintExpression 
8051       DEBUG main            d.u.i.k.p.i.AbstractProblemLoader Init config took 7.3s 
8116       INFO  main            d.u.i.k.p.i.AbstractProblemLoader Replaying proof count.key 
8149       DEBUG main            d.u.i.k.p.i.IntermediateProofReplayer Proof replay took 35.2ns 
8327       INFO  main            d.u.i.k.p.r.p.TestFile    ... finished proof: closed. 
8435       INFO  main            d.u.i.k.p.i.AbstractProblemLoader Loading environment from /home/runner/work/key/key/key.core/../key.ui/examples/standard_key/pred_log/count.key.proof 
8436       DEBUG main            d.u.i.k.p.i.AbstractProblemLoader Environment load took 706.12ns 
8441       INFO  main            d.u.i.k.p.i.AbstractProblemLoader Creating init config 
11318      DEBUG main            d.u.i.k.p.i.AbstractProblemLoader Init config took 2.88s 
11347      INFO  main            d.u.i.k.p.i.AbstractProblemLoader Replaying proof count.key.proof 
11359      DEBUG main            d.u.i.k.p.i.IntermediateProofReplayer Proof replay took 7.51ms 
11370      DEBUG main            d.u.i.k.p.r.p.TestFile    ... success: reloaded. 
11371      INFO  main            d.u.i.k.p.r.p.TestFile    Now processing file /home/runner/work/key/key/key.core/../key.ui/examples/standard_key/pred_log/count2.key 
11372      INFO  main            d.u.i.k.p.i.AbstractProblemLoader Loading environment from /home/runner/work/key/key/key.core/../key.ui/examples/standard_key/pred_log/count2.key 
11372      DEBUG main            d.u.i.k.p.i.AbstractProblemLoader Environment load took 207.31ns 
11373      INFO  main            d.u.i.k.p.i.AbstractProblemLoader Creating init config 
14078      DEBUG main            d.u.i.k.p.i.AbstractProblemLoader Init config took 2.7s 
14121      INFO  main            d.u.i.k.p.i.AbstractProblemLoader Replaying proof count2.key 
14130      DEBUG main            d.u.i.k.p.i.IntermediateProofReplayer Proof replay took 8ns 
14233      INFO  main            d.u.i.k.p.r.p.TestFile    ... finished proof: closed. 
14380      INFO  main            d.u.i.k.p.i.AbstractProblemLoader Loading environment from /home/runner/work/key/key/key.core/../key.ui/examples/standard_key/pred_log/count2.key.proof 
14380      DEBUG main            d.u.i.k.p.i.AbstractProblemLoader Environment load took 132.5ns 
14381      INFO  main            d.u.i.k.p.i.AbstractProblemLoader Creating init config 
16997      DEBUG main            d.u.i.k.p.i.AbstractProblemLoader Init config took 2.62s 
17020      INFO  main            d.u.i.k.p.i.AbstractProblemLoader Replaying proof count2.key.proof 
17025      DEBUG main            d.u.i.k.p.i.IntermediateProofReplayer Proof replay took 3.26ms 
17026      DEBUG main            d.u.i.k.p.r.p.TestFile    ... success: reloaded. 
17027      INFO  main            d.u.i.k.p.r.p.TestFile    Now processing file /home/runner/work/key/key/key.core/../key.ui/examples/standard_key/pred_log/count3.key 
17028      INFO  main            d.u.i.k.p.i.AbstractProblemLoader Loading environment from /home/runner/work/key/key/key.core/../key.ui/examples/standard_key/pred_log/count3.key 
17028      DEBUG main            d.u.i.k.p.i.AbstractProblemLoader Environment load took 188.2ns 
17029      INFO  main            d.u.i.k.p.i.AbstractProblemLoader Creating init config 
19630      DEBUG main            d.u.i.k.p.i.AbstractProblemLoader Init config took 2.6s 
19651      INFO  main            d.u.i.k.p.i.AbstractProblemLoader Replaying proof count3.key 
19653      DEBUG main            d.u.i.k.p.i.IntermediateProofReplayer Proof replay took 7.6ns 
19756      INFO  main            d.u.i.k.p.r.p.TestFile    ... finished proof: closed. 
19882      INFO  main            d.u.i.k.p.i.AbstractProblemLoader Loading environment from /home/runner/work/key/key/key.core/../key.ui/examples/standard_key/pred_log/count3.key.proof 
19882      DEBUG main            d.u.i.k.p.i.AbstractProblemLoader Environment load took 131.2ns 
19884      INFO  main            d.u.i.k.p.i.AbstractProblemLoader Creating init config 
22530      DEBUG main            d.u.i.k.p.i.AbstractProblemLoader Init config took 2.65s 
22550      INFO  main            d.u.i.k.p.i.AbstractProblemLoader Replaying proof count3.key.proof 
22554      DEBUG main            d.u.i.k.p.i.IntermediateProofReplayer Proof replay took 2.93ms 
22555      DEBUG main            d.u.i.k.p.r.p.TestFile    ... success: reloaded. 
22556      INFO  main            d.u.i.k.p.r.p.TestFile    Now processing file /home/runner/work/key/key/key.core/../key.ui/examples/standard_key/pred_log/equalities.key 
22557      INFO  main            d.u.i.k.p.i.AbstractProblemLoader Loading environment from /home/runner/work/key/key/key.core/../key.ui/examples/standard_key/pred_log/equalities.key 
22557      DEBUG main            d.u.i.k.p.i.AbstractProblemLoader Environment load took 192.8ns 
22558      INFO  main            d.u.i.k.p.i.AbstractProblemLoader Creating init config 
25140      DEBUG main            d.u.i.k.p.i.AbstractProblemLoader Init config took 2.58s 
25161      INFO  main            d.u.i.k.p.i.AbstractProblemLoader Replaying proof equalities.key 
25162      DEBUG main            d.u.i.k.p.i.IntermediateProofReplayer Proof replay took 7.1ns 
25264      INFO  main            d.u.i.k.p.r.p.TestFile    ... finished proof: closed. 
25395      INFO  main            d.u.i.k.p.i.AbstractProblemLoader Loading environment from /home/runner/work/key/key/key.core/../key.ui/examples/standard_key/pred_log/equalities.key.proof 
25395      DEBUG main            d.u.i.k.p.i.AbstractProblemLoader Environment load took 123.8ns 
25396      INFO  main            d.u.i.k.p.i.AbstractProblemLoader Creating init config 
27907      DEBUG main            d.u.i.k.p.i.AbstractProblemLoader Init config took 2.51s 
27927      INFO  main            d.u.i.k.p.i.AbstractProblemLoader Replaying proof equalities.key.proof 
27930      DEBUG main            d.u.i.k.p.i.IntermediateProofReplayer Proof replay took 1.65ms 
27931      DEBUG main            d.u.i.k.p.r.p.TestFile    ... success: reloaded. 
27932      INFO  main            d.u.i.k.p.r.p.TestFile    Now processing file /home/runner/work/key/key/key.core/../key.ui/examples/standard_key/pred_log/equalities2.key 
27933      INFO  main            d.u.i.k.p.i.AbstractProblemLoader Loading environment from /home/runner/work/key/key/key.core/../key.ui/examples/standard_key/pred_log/equalities2.key 
27933      DEBUG main            d.u.i.k.p.i.AbstractProblemLoader Environment load took 223.31ns 
27934      INFO  main            d.u.i.k.p.i.AbstractProblemLoader Creating init config 
30466      DEBUG main            d.u.i.k.p.i.AbstractProblemLoader Init config took 2.53s 
30486      INFO  main            d.u.i.k.p.i.AbstractProblemLoader Replaying proof equalities2.key 
30504      DEBUG main            d.u.i.k.p.i.IntermediateProofReplayer Proof replay took 8.6ns 
30606      INFO  main            d.u.i.k.p.r.p.TestFile    ... finished proof: closed. 
30743      INFO  main            d.u.i.k.p.i.AbstractProblemLoader Loading environment from /home/runner/work/key/key/key.core/../key.ui/examples/standard_key/pred_log/equalities2.key.proof 
30743      DEBUG main            d.u.i.k.p.i.AbstractProblemLoader Environment load took 155.5ns 
30744      INFO  main            d.u.i.k.p.i.AbstractProblemLoader Creating init config 
33250      DEBUG main            d.u.i.k.p.i.AbstractProblemLoader Init config took 2.51s 
33270      INFO  main            d.u.i.k.p.i.AbstractProblemLoader Replaying proof equalities2.key.proof 
33281      DEBUG main            d.u.i.k.p.i.IntermediateProofReplayer Proof replay took 9.02ms 
33283      DEBUG main            d.u.i.k.p.r.p.TestFile    ... success: reloaded. 
33284      INFO  main            d.u.i.k.p.r.p.TestFile    Now processing file /home/runner/work/key/key/key.core/../key.ui/examples/standard_key/pred_log/equalities3.key 
33284      INFO  main            d.u.i.k.p.i.AbstractProblemLoader Loading environment from /home/runner/work/key/key/key.core/../key.ui/examples/standard_key/pred_log/equalities3.key 
33285      DEBUG main            d.u.i.k.p.i.AbstractProblemLoader Environment load took 524.81ns 
33286      INFO  main            d.u.i.k.p.i.AbstractProblemLoader Creating init config 
35832      DEBUG main            d.u.i.k.p.i.AbstractProblemLoader Init config took 2.55s 
35852      INFO  main            d.u.i.k.p.i.AbstractProblemLoader Replaying proof equalities3.key 
35853      DEBUG main            d.u.i.k.p.i.IntermediateProofReplayer Proof replay took 7.4ns 
35955      INFO  main            d.u.i.k.p.r.p.TestFile    ... finished proof: closed. 
36107      INFO  main            d.u.i.k.p.i.AbstractProblemLoader Loading environment from /home/runner/work/key/key/key.core/../key.ui/examples/standard_key/pred_log/equalities3.key.proof 
36107      DEBUG main            d.u.i.k.p.i.AbstractProblemLoader Environment load took 119.5ns 
36108      INFO  main            d.u.i.k.p.i.AbstractProblemLoader Creating init config 
38597      DEBUG main            d.u.i.k.p.i.AbstractProblemLoader Init config took 2.49s 
38614      INFO  main            d.u.i.k.p.i.AbstractProblemLoader Replaying proof equalities3.key.proof 
38622      DEBUG main            d.u.i.k.p.i.IntermediateProofReplayer Proof replay took 6.09ms 
38623      DEBUG main            d.u.i.k.p.r.p.TestFile    ... success: reloaded. 
38623      INFO  main            d.u.i.k.p.r.p.TestFile    Now processing file /home/runner/work/key/key/key.core/../key.ui/examples/standard_key/pred_log/functions.key 
38624      INFO  main            d.u.i.k.p.i.AbstractProblemLoader Loading environment from /home/runner/work/key/key/key.core/../key.ui/examples/standard_key/pred_log/functions.key 
38624      DEBUG main            d.u.i.k.p.i.AbstractProblemLoader Environment load took 93.4ns 
38625      INFO  main            d.u.i.k.p.i.AbstractProblemLoader Creating init config 
41143      DEBUG main            d.u.i.k.p.i.AbstractProblemLoader Init config took 2.52s 
41162      INFO  main            d.u.i.k.p.i.AbstractProblemLoader Replaying proof functions.key 
41164      DEBUG main            d.u.i.k.p.i.IntermediateProofReplayer Proof replay took 7.4ns 
41268      INFO  main            d.u.i.k.p.r.p.TestFile    ... finished proof: closed. 
41437      INFO  main            d.u.i.k.p.i.AbstractProblemLoader Loading environment from /home/runner/work/key/key/key.core/../key.ui/examples/standard_key/pred_log/functions.key.proof 
41437      DEBUG main            d.u.i.k.p.i.AbstractProblemLoader Environment load took 141ns 
41438      INFO  main            d.u.i.k.p.i.AbstractProblemLoader Creating init config 
43882      DEBUG main            d.u.i.k.p.i.AbstractProblemLoader Init config took 2.44s 
43900      INFO  main            d.u.i.k.p.i.AbstractProblemLoader Replaying proof functions.key.proof 
43904      DEBUG main            d.u.i.k.p.i.IntermediateProofReplayer Proof replay took 2.23ms 
43905      DEBUG main            d.u.i.k.p.r.p.TestFile    ... success: reloaded. 
43906      INFO  main            d.u.i.k.p.r.p.TestFile    Now processing file /home/runner/work/key/key/key.core/../key.ui/examples/standard_key/pred_log/mv1.key 
43906      INFO  main            d.u.i.k.p.i.AbstractProblemLoader Loading environment from /home/runner/work/key/key/key.core/../key.ui/examples/standard_key/pred_log/mv1.key 
43906      DEBUG main            d.u.i.k.p.i.AbstractProblemLoader Environment load took 92.8ns 
43907      INFO  main            d.u.i.k.p.i.AbstractProblemLoader Creating init config 
46423      DEBUG main            d.u.i.k.p.i.AbstractProblemLoader Init config took 2.52s 
46440      INFO  main            d.u.i.k.p.i.AbstractProblemLoader Replaying proof mv1.key 
46441      DEBUG main            d.u.i.k.p.i.IntermediateProofReplayer Proof replay took 6.9ns 
46543      INFO  main            d.u.i.k.p.r.p.TestFile    ... finished proof: closed. 
46740      INFO  main            d.u.i.k.p.i.AbstractProblemLoader Loading environment from /home/runner/work/key/key/key.core/../key.ui/examples/standard_key/pred_log/mv1.key.proof 
46740      DEBUG main            d.u.i.k.p.i.AbstractProblemLoader Environment load took 119.6ns 
46741      INFO  main            d.u.i.k.p.i.AbstractProblemLoader Creating init config 
49183      DEBUG main            d.u.i.k.p.i.AbstractProblemLoader Init config took 2.44s 
49200      INFO  main            d.u.i.k.p.i.AbstractProblemLoader Replaying proof mv1.key.proof 
49202      DEBUG main            d.u.i.k.p.i.IntermediateProofReplayer Proof replay took 975.62ns 
49203      DEBUG main            d.u.i.k.p.r.p.TestFile    ... success: reloaded. 
49204      INFO  main            d.u.i.k.p.r.p.TestFile    Now processing file /home/runner/work/key/key/key.core/../key.ui/examples/standard_key/pred_log/mv2.key 
49204      INFO  main            d.u.i.k.p.i.AbstractProblemLoader Loading environment from /home/runner/work/key/key/key.core/../key.ui/examples/standard_key/pred_log/mv2.key 
49205      DEBUG main            d.u.i.k.p.i.AbstractProblemLoader Environment load took 185.81ns 
49206      INFO  main            d.u.i.k.p.i.AbstractProblemLoader Creating init config 
51650      DEBUG main            d.u.i.k.p.i.AbstractProblemLoader Init config took 2.44s 
51665      INFO  main            d.u.i.k.p.i.AbstractProblemLoader Replaying proof mv2.key 
51667      DEBUG main            d.u.i.k.p.i.IntermediateProofReplayer Proof replay took 7.2ns 
51770      INFO  main            d.u.i.k.p.r.p.TestFile    ... finished proof: closed. 
51933      INFO  main            d.u.i.k.p.i.AbstractProblemLoader Loading environment from /home/runner/work/key/key/key.core/../key.ui/examples/standard_key/pred_log/mv2.key.proof 
51933      DEBUG main            d.u.i.k.p.i.AbstractProblemLoader Environment load took 115.8ns 
51934      INFO  main            d.u.i.k.p.i.AbstractProblemLoader Creating init config 
54426      DEBUG main            d.u.i.k.p.i.AbstractProblemLoader Init config took 2.49s 
54441      INFO  main            d.u.i.k.p.i.AbstractProblemLoader Replaying proof mv2.key.proof 
54444      DEBUG main            d.u.i.k.p.i.IntermediateProofReplayer Proof replay took 1.53ms 
54444      DEBUG main            d.u.i.k.p.r.p.TestFile    ... success: reloaded. 
54445      INFO  main            d.u.i.k.p.r.p.TestFile    Now processing file /home/runner/work/key/key/key.core/../key.ui/examples/standard_key/pred_log/quantifiers.key 
54445      INFO  main            d.u.i.k.p.i.AbstractProblemLoader Loading environment from /home/runner/work/key/key/key.core/../key.ui/examples/standard_key/pred_log/quantifiers.key 
54445      DEBUG main            d.u.i.k.p.i.AbstractProblemLoader Environment load took 89.8ns 
54446      INFO  main            d.u.i.k.p.i.AbstractProblemLoader Creating init config 
56875      DEBUG main            d.u.i.k.p.i.AbstractProblemLoader Init config took 2.43s 
56905      INFO  main            d.u.i.k.p.i.AbstractProblemLoader Replaying proof quantifiers.key 
56907      DEBUG main            d.u.i.k.p.i.IntermediateProofReplayer Proof replay took 8.5ns 
57014      INFO  main            d.u.i.k.p.r.p.TestFile    ... finished proof: closed. 
57180      INFO  main            d.u.i.k.p.i.AbstractProblemLoader Loading environment from /home/runner/work/key/key/key.core/../key.ui/examples/standard_key/pred_log/quantifiers.key.proof 
57180      DEBUG main            d.u.i.k.p.i.AbstractProblemLoader Environment load took 124.9ns 
57181      INFO  main            d.u.i.k.p.i.AbstractProblemLoader Creating init config 
59604      DEBUG main            d.u.i.k.p.i.AbstractProblemLoader Init config took 2.42s 
59618      INFO  main            d.u.i.k.p.i.AbstractProblemLoader Replaying proof quantifiers.key.proof 
59622      DEBUG main            d.u.i.k.p.i.IntermediateProofReplayer Proof replay took 2.24ms 
59623      DEBUG main            d.u.i.k.p.r.p.TestFile    ... success: reloaded. 
59623      INFO  main            d.u.i.k.p.r.p.TestFile    Now processing file /home/runner/work/key/key/key.core/../key.ui/examples/standard_key/pred_log/simpleEps.key 
59623      INFO  main            d.u.i.k.p.i.AbstractProblemLoader Loading environment from /home/runner/work/key/key/key.core/../key.ui/examples/standard_key/pred_log/simpleEps.key 
59623      DEBUG main            d.u.i.k.p.i.AbstractProblemLoader Environment load took 90.1ns 
59624      INFO  main            d.u.i.k.p.i.AbstractProblemLoader Creating init config 
62084      DEBUG main            d.u.i.k.p.i.AbstractProblemLoader Init config took 2.46s 
62099      INFO  main            d.u.i.k.p.i.AbstractProblemLoader Replaying proof simpleEps.key 
62100      DEBUG main            d.u.i.k.p.i.IntermediateProofReplayer Proof replay took 7.6ns 
62210      INFO  main            d.u.i.k.p.r.p.TestFile    ... finished proof: closed. 
62382      INFO  main            d.u.i.k.p.i.AbstractProblemLoader Loading environment from /home/runner/work/key/key/key.core/../key.ui/examples/standard_key/pred_log/simpleEps.key.proof 
62382      DEBUG main            d.u.i.k.p.i.AbstractProblemLoader Environment load took 115.7ns 
62383      INFO  main            d.u.i.k.p.i.AbstractProblemLoader Creating init config 
64792      DEBUG main            d.u.i.k.p.i.AbstractProblemLoader Init config took 2.41s 
64818      INFO  main            d.u.i.k.p.i.AbstractProblemLoader Replaying proof simpleEps.key.proof 
64821      DEBUG main            d.u.i.k.p.i.IntermediateProofReplayer Proof replay took 1.93ms 
64822      DEBUG main            d.u.i.k.p.r.p.TestFile    ... success: reloaded. 
64822      INFO  main            d.u.i.k.p.r.p.TestFile    Now processing file /home/runner/work/key/key/key.core/../key.ui/examples/standard_key/pred_log/steam1.key 
64823      INFO  main            d.u.i.k.p.i.AbstractProblemLoader Loading environment from /home/runner/work/key/key/key.core/../key.ui/examples/standard_key/pred_log/steam1.key 
64823      DEBUG main            d.u.i.k.p.i.AbstractProblemLoader Environment load took 190ns 
64825      INFO  main            d.u.i.k.p.i.AbstractProblemLoader Creating init config 
67347      DEBUG main            d.u.i.k.p.i.AbstractProblemLoader Init config took 2.52s 
67366      INFO  main            d.u.i.k.p.i.AbstractProblemLoader Replaying proof steam1.key 
67367      DEBUG main            d.u.i.k.p.i.IntermediateProofReplayer Proof replay took 6.8ns 
67674      INFO  main            d.u.i.k.p.r.p.TestFile    ... finished proof: closed. 
67864      INFO  main            d.u.i.k.p.i.AbstractProblemLoader Loading environment from /home/runner/work/key/key/key.core/../key.ui/examples/standard_key/pred_log/steam1.key.proof 
67864      DEBUG main            d.u.i.k.p.i.AbstractProblemLoader Environment load took 349.31ns 
67866      INFO  main            d.u.i.k.p.i.AbstractProblemLoader Creating init config 
70277      DEBUG main            d.u.i.k.p.i.AbstractProblemLoader Init config took 2.41s 
70296      INFO  main            d.u.i.k.p.i.AbstractProblemLoader Replaying proof steam1.key.proof 
70318      DEBUG main            d.u.i.k.p.i.IntermediateProofReplayer Proof replay took 17.84ms 
70319      DEBUG main            d.u.i.k.p.r.p.TestFile    ... success: reloaded. 
70320      INFO  main            d.u.i.k.p.r.p.TestFile    Now processing file /home/runner/work/key/key/key.core/../key.ui/examples/standard_key/pred_log/tptp/PUZ/PUZ001p1.key 
70320      INFO  main            d.u.i.k.p.i.AbstractProblemLoader Loading environment from /home/runner/work/key/key/key.core/../key.ui/examples/standard_key/pred_log/tptp/PUZ/PUZ001p1.key 
70321      DEBUG main            d.u.i.k.p.i.AbstractProblemLoader Environment load took 183.7ns 
70336      INFO  main            d.u.i.k.p.i.AbstractProblemLoader Creating init config 
72820      DEBUG main            d.u.i.k.p.i.AbstractProblemLoader Init config took 2.48s 
72836      INFO  main            d.u.i.k.p.i.AbstractProblemLoader Replaying proof PUZ001p1.key 
72838      DEBUG main            d.u.i.k.p.i.IntermediateProofReplayer Proof replay took 7.2ns 
75956      INFO  main            d.u.i.k.p.r.p.TestFile    ... finished proof: closed. 
76172      INFO  main            d.u.i.k.p.i.AbstractProblemLoader Loading environment from /home/runner/work/key/key/key.core/../key.ui/examples/standard_key/pred_log/tptp/PUZ/PUZ001p1.key.proof 
76173      DEBUG main            d.u.i.k.p.i.AbstractProblemLoader Environment load took 370.31ns 
76175      INFO  main            d.u.i.k.p.i.AbstractProblemLoader Creating init config 
78633      DEBUG main            d.u.i.k.p.i.AbstractProblemLoader Init config took 2.46s 
78652      INFO  main            d.u.i.k.p.i.AbstractProblemLoader Replaying proof PUZ001p1.key.proof 
78808      DEBUG main            d.u.i.k.p.i.IntermediateProofReplayer Proof replay took 140.15ms 
78810      DEBUG main            d.u.i.k.p.r.p.TestFile    ... success: reloaded. 
78811      INFO  main            d.u.i.k.p.r.p.TestFile    Now processing file /home/runner/work/key/key/key.core/../key.ui/examples/standard_key/pred_log/tptp/PUZ/PUZ001p1-eq.key 
78811      INFO  main            d.u.i.k.p.i.AbstractProblemLoader Loading environment from /home/runner/work/key/key/key.core/../key.ui/examples/standard_key/pred_log/tptp/PUZ/PUZ001p1-eq.key 
78811      DEBUG main            d.u.i.k.p.i.AbstractProblemLoader Environment load took 169.7ns 
78812      INFO  main            d.u.i.k.p.i.AbstractProblemLoader Creating init config 
81277      DEBUG main            d.u.i.k.p.i.AbstractProblemLoader Init config took 2.46s 
81291      INFO  main            d.u.i.k.p.i.AbstractProblemLoader Replaying proof PUZ001p1-eq.key 
81293      DEBUG main            d.u.i.k.p.i.IntermediateProofReplayer Proof replay took 8.3ns 
81398      INFO  main            d.u.i.k.p.r.p.TestFile    ... finished proof: closed. 
81648      INFO  main            d.u.i.k.p.i.AbstractProblemLoader Loading environment from /home/runner/work/key/key/key.core/../key.ui/examples/standard_key/pred_log/tptp/PUZ/PUZ001p1-eq.key.proof 
81648      DEBUG main            d.u.i.k.p.i.AbstractProblemLoader Environment load took 119.3ns 
81650      INFO  main            d.u.i.k.p.i.AbstractProblemLoader Creating init config 
84033      DEBUG main            d.u.i.k.p.i.AbstractProblemLoader Init config took 2.38s 
84048      INFO  main            d.u.i.k.p.i.AbstractProblemLoader Replaying proof PUZ001p1-eq.key.proof 
84063      DEBUG main            d.u.i.k.p.i.IntermediateProofReplayer Proof replay took 12.46ms 
84064      DEBUG main            d.u.i.k.p.r.p.TestFile    ... success: reloaded. 
84065      INFO  main            d.u.i.k.p.r.p.TestFile    Now processing file /home/runner/work/key/key/key.core/../key.ui/examples/standard_key/pred_log/tptp/PUZ/PUZ031p1.key 
84065      INFO  main            d.u.i.k.p.i.AbstractProblemLoader Loading environment from /home/runner/work/key/key/key.core/../key.ui/examples/standard_key/pred_log/tptp/PUZ/PUZ031p1.key 
84065      DEBUG main            d.u.i.k.p.i.AbstractProblemLoader Environment load took 167.4ns 
84066      INFO  main            d.u.i.k.p.i.AbstractProblemLoader Creating init config 
86542      DEBUG main            d.u.i.k.p.i.AbstractProblemLoader Init config took 2.48s 
86558      INFO  main            d.u.i.k.p.i.AbstractProblemLoader Replaying proof PUZ031p1.key 
86559      DEBUG main            d.u.i.k.p.i.IntermediateProofReplayer Proof replay took 7.4ns 
94448      INFO  main            d.u.i.k.p.r.p.TestFile    ... finished proof: closed. 
94666      INFO  main            d.u.i.k.p.i.AbstractProblemLoader Loading environment from /home/runner/work/key/key/key.core/../key.ui/examples/standard_key/pred_log/tptp/PUZ/PUZ031p1.key.proof 
94667      DEBUG main            d.u.i.k.p.i.AbstractProblemLoader Environment load took 372.31ns 
94668      INFO  main            d.u.i.k.p.i.AbstractProblemLoader Creating init config 
97060      DEBUG main            d.u.i.k.p.i.AbstractProblemLoader Init config took 2.39s 
97077      INFO  main            d.u.i.k.p.i.AbstractProblemLoader Replaying proof PUZ031p1.key.proof 
97152      DEBUG main            d.u.i.k.p.i.IntermediateProofReplayer Proof replay took 70.29ms 
97154      DEBUG main            d.u.i.k.p.r.p.TestFile    ... success: reloaded. 
97155      INFO  main            d.u.i.k.p.r.p.TestFile    Now processing file /home/runner/work/key/key/key.core/../key.ui/examples/standard_key/pred_log/tptp/SET/SET027p3.key 
97155      INFO  main            d.u.i.k.p.i.AbstractProblemLoader Loading environment from /home/runner/work/key/key/key.core/../key.ui/examples/standard_key/pred_log/tptp/SET/SET027p3.key 
97155      DEBUG main            d.u.i.k.p.i.AbstractProblemLoader Environment load took 179.7ns 
97156      INFO  main            d.u.i.k.p.i.AbstractProblemLoader Creating init config 
99637      DEBUG main            d.u.i.k.p.i.AbstractProblemLoader Init config took 2.48s 
99673      INFO  main            d.u.i.k.p.i.AbstractProblemLoader Replaying proof SET027p3.key 
99677      DEBUG main            d.u.i.k.p.i.IntermediateProofReplayer Proof replay took 9.7ns 
99781      INFO  main            d.u.i.k.p.r.p.TestFile    ... finished proof: closed. 
100002     INFO  main            d.u.i.k.p.i.AbstractProblemLoader Loading environment from /home/runner/work/key/key/key.core/../key.ui/examples/standard_key/pred_log/tptp/SET/SET027p3.key.proof 
100002     DEBUG main            d.u.i.k.p.i.AbstractProblemLoader Environment load took 124.2ns 
100003     INFO  main            d.u.i.k.p.i.AbstractProblemLoader Creating init config 
102399     DEBUG main            d.u.i.k.p.i.AbstractProblemLoader Init config took 2.4s 
102414     INFO  main            d.u.i.k.p.i.AbstractProblemLoader Replaying proof SET027p3.key.proof 
102422     DEBUG main            d.u.i.k.p.i.IntermediateProofReplayer Proof replay took 5.25ms 
102423     DEBUG main            d.u.i.k.p.r.p.TestFile    ... success: reloaded. 
102424     INFO  main            d.u.i.k.p.r.p.TestFile    Now processing file /home/runner/work/key/key/key.core/../key.ui/examples/standard_key/pred_log/tptp/SET/SET043p1.key 
102424     INFO  main            d.u.i.k.p.i.AbstractProblemLoader Loading environment from /home/runner/work/key/key/key.core/../key.ui/examples/standard_key/pred_log/tptp/SET/SET043p1.key 
102425     DEBUG main            d.u.i.k.p.i.AbstractProblemLoader Environment load took 174.9ns 
102425     INFO  main            d.u.i.k.p.i.AbstractProblemLoader Creating init config 
104847     DEBUG main            d.u.i.k.p.i.AbstractProblemLoader Init config took 2.42s 
104862     INFO  main            d.u.i.k.p.i.AbstractProblemLoader Replaying proof SET043p1.key 
104863     DEBUG main            d.u.i.k.p.i.IntermediateProofReplayer Proof replay took 7.6ns 
104965     INFO  main            d.u.i.k.p.r.p.TestFile    ... finished proof: closed. 
105172     INFO  main            d.u.i.k.p.i.AbstractProblemLoader Loading environment from /home/runner/work/key/key/key.core/../key.ui/examples/standard_key/pred_log/tptp/SET/SET043p1.key.proof 
105172     DEBUG main            d.u.i.k.p.i.AbstractProblemLoader Environment load took 211.41ns 
105173     INFO  main            d.u.i.k.p.i.AbstractProblemLoader Creating init config 
107609     DEBUG main            d.u.i.k.p.i.AbstractProblemLoader Init config took 2.44s 
107623     INFO  main            d.u.i.k.p.i.AbstractProblemLoader Replaying proof SET043p1.key.proof 
107627     DEBUG main            d.u.i.k.p.i.IntermediateProofReplayer Proof replay took 1.68ms 
107629     DEBUG main            d.u.i.k.p.r.p.TestFile    ... success: reloaded. 
107630     INFO  main            d.u.i.k.p.r.p.TestFile    Now processing file /home/runner/work/key/key/key.core/../key.ui/examples/standard_key/pred_log/tptp/SET/SET045p1.key 
107630     INFO  main            d.u.i.k.p.i.AbstractProblemLoader Loading environment from /home/runner/work/key/key/key.core/../key.ui/examples/standard_key/pred_log/tptp/SET/SET045p1.key 
107630     DEBUG main            d.u.i.k.p.i.AbstractProblemLoader Environment load took 94.5ns 
107631     INFO  main            d.u.i.k.p.i.AbstractProblemLoader Creating init config 
110038     DEBUG main            d.u.i.k.p.i.AbstractProblemLoader Init config took 2.41s 
110052     INFO  main            d.u.i.k.p.i.AbstractProblemLoader Replaying proof SET045p1.key 
110053     DEBUG main            d.u.i.k.p.i.IntermediateProofReplayer Proof replay took 7.6ns 
110157     INFO  main            d.u.i.k.p.r.p.TestFile    ... finished proof: closed. 
110372     INFO  main            d.u.i.k.p.i.AbstractProblemLoader Loading environment from /home/runner/work/key/key/key.core/../key.ui/examples/standard_key/pred_log/tptp/SET/SET045p1.key.proof 
110372     DEBUG main            d.u.i.k.p.i.AbstractProblemLoader Environment load took 108.6ns 
110373     INFO  main            d.u.i.k.p.i.AbstractProblemLoader Creating init config 
112741     DEBUG main            d.u.i.k.p.i.AbstractProblemLoader Init config took 2.37s 
112756     INFO  main            d.u.i.k.p.i.AbstractProblemLoader Replaying proof SET045p1.key.proof 
112762     DEBUG main            d.u.i.k.p.i.IntermediateProofReplayer Proof replay took 4.43ms 
112763     DEBUG main            d.u.i.k.p.r.p.TestFile    ... success: reloaded. 
112763     INFO  main            d.u.i.k.p.r.p.TestFile    Now processing file /home/runner/work/key/key/key.core/../key.ui/examples/standard_key/pred_log/tptp/SET/SET062p3.key 
112763     INFO  main            d.u.i.k.p.i.AbstractProblemLoader Loading environment from /home/runner/work/key/key/key.core/../key.ui/examples/standard_key/pred_log/tptp/SET/SET062p3.key 
112764     DEBUG main            d.u.i.k.p.i.AbstractProblemLoader Environment load took 89.8ns 
112764     INFO  main            d.u.i.k.p.i.AbstractProblemLoader Creating init config 
115238     DEBUG main            d.u.i.k.p.i.AbstractProblemLoader Init config took 2.47s 
115252     INFO  main            d.u.i.k.p.i.AbstractProblemLoader Replaying proof SET062p3.key 
115253     DEBUG main            d.u.i.k.p.i.IntermediateProofReplayer Proof replay took 7.1ns 
115356     INFO  main            d.u.i.k.p.r.p.TestFile    ... finished proof: closed. 
115574     INFO  main            d.u.i.k.p.i.AbstractProblemLoader Loading environment from /home/runner/work/key/key/key.core/../key.ui/examples/standard_key/pred_log/tptp/SET/SET062p3.key.proof 
115574     DEBUG main            d.u.i.k.p.i.AbstractProblemLoader Environment load took 112.6ns 
115575     INFO  main            d.u.i.k.p.i.AbstractProblemLoader Creating init config 
117966     DEBUG main            d.u.i.k.p.i.AbstractProblemLoader Init config took 2.39s 
117981     INFO  main            d.u.i.k.p.i.AbstractProblemLoader Replaying proof SET062p3.key.proof 
117989     DEBUG main            d.u.i.k.p.i.IntermediateProofReplayer Proof replay took 7.09ms 
117990     DEBUG main            d.u.i.k.p.r.p.TestFile    ... success: reloaded. 
117991     INFO  main            d.u.i.k.p.r.p.TestFile    Now processing file /home/runner/work/key/key/key.core/../key.ui/examples/standard_key/pred_log/tptp/SET/SET063p3.key 
117991     INFO  main            d.u.i.k.p.i.AbstractProblemLoader Loading environment from /home/runner/work/key/key/key.core/../key.ui/examples/standard_key/pred_log/tptp/SET/SET063p3.key 
117991     DEBUG main            d.u.i.k.p.i.AbstractProblemLoader Environment load took 89.4ns 
117992     INFO  main            d.u.i.k.p.i.AbstractProblemLoader Creating init config 
120456     DEBUG main            d.u.i.k.p.i.AbstractProblemLoader Init config took 2.46s 
120470     INFO  main            d.u.i.k.p.i.AbstractProblemLoader Replaying proof SET063p3.key 
120471     DEBUG main            d.u.i.k.p.i.IntermediateProofReplayer Proof replay took 7.7ns 
120574     INFO  main            d.u.i.k.p.r.p.TestFile    ... finished proof: closed. 
120802     INFO  main            d.u.i.k.p.i.AbstractProblemLoader Loading environment from /home/runner/work/key/key/key.core/../key.ui/examples/standard_key/pred_log/tptp/SET/SET063p3.key.proof 
120802     DEBUG main            d.u.i.k.p.i.AbstractProblemLoader Environment load took 116.3ns 
120804     INFO  main            d.u.i.k.p.i.AbstractProblemLoader Creating init config 
123188     DEBUG main            d.u.i.k.p.i.AbstractProblemLoader Init config took 2.38s 
123202     INFO  main            d.u.i.k.p.i.AbstractProblemLoader Replaying proof SET063p3.key.proof 
123209     DEBUG main            d.u.i.k.p.i.IntermediateProofReplayer Proof replay took 5.24ms 
123210     DEBUG main            d.u.i.k.p.r.p.TestFile    ... success: reloaded. 
123211     INFO  main            d.u.i.k.p.r.p.TestFile    Now processing file /home/runner/work/key/key/key.core/../key.ui/examples/standard_key/pred_log/tptp/SYN/SYN036p2.key 
123211     INFO  main            d.u.i.k.p.i.AbstractProblemLoader Loading environment from /home/runner/work/key/key/key.core/../key.ui/examples/standard_key/pred_log/tptp/SYN/SYN036p2.key 
123211     DEBUG main            d.u.i.k.p.i.AbstractProblemLoader Environment load took 91.1ns 
123212     INFO  main            d.u.i.k.p.i.AbstractProblemLoader Creating init config 
125655     DEBUG main            d.u.i.k.p.i.AbstractProblemLoader Init config took 2.44s 
125669     INFO  main            d.u.i.k.p.i.AbstractProblemLoader Replaying proof SYN036p2.key 
125671     DEBUG main            d.u.i.k.p.i.IntermediateProofReplayer Proof replay took 7.8ns 
125976     INFO  main            d.u.i.k.p.r.p.TestFile    ... finished proof: closed. 
126260     INFO  main            d.u.i.k.p.i.AbstractProblemLoader Loading environment from /home/runner/work/key/key/key.core/../key.ui/examples/standard_key/pred_log/tptp/SYN/SYN036p2.key.proof 
126261     DEBUG main            d.u.i.k.p.i.AbstractProblemLoader Environment load took 1.02ms 
126263     INFO  main            d.u.i.k.p.i.AbstractProblemLoader Creating init config 
128658     DEBUG main            d.u.i.k.p.i.AbstractProblemLoader Init config took 2.39s 
128671     INFO  main            d.u.i.k.p.i.AbstractProblemLoader Replaying proof SYN036p2.key.proof 
128741     DEBUG main            d.u.i.k.p.i.IntermediateProofReplayer Proof replay took 61.49ms 
128742     DEBUG main            d.u.i.k.p.r.p.TestFile    ... success: reloaded. 
128742     INFO  main            d.u.i.k.p.r.p.TestFile    Now processing file /home/runner/work/key/key/key.core/../key.ui/examples/standard_key/pred_log/tptp/SYN/SYN550p1.key 
128743     INFO  main            d.u.i.k.p.i.AbstractProblemLoader Loading environment from /home/runner/work/key/key/key.core/../key.ui/examples/standard_key/pred_log/tptp/SYN/SYN550p1.key 
128743     DEBUG main            d.u.i.k.p.i.AbstractProblemLoader Environment load took 77.9ns 
128744     INFO  main            d.u.i.k.p.i.AbstractProblemLoader Creating init config 
131154     DEBUG main            d.u.i.k.p.i.AbstractProblemLoader Init config took 2.41s 
131168     INFO  main            d.u.i.k.p.i.AbstractProblemLoader Replaying proof SYN550p1.key 
131169     DEBUG main            d.u.i.k.p.i.IntermediateProofReplayer Proof replay took 7.1ns 
134000     INFO  main            d.u.i.k.p.r.p.TestFile    ... finished proof: closed. 
134260     INFO  main            d.u.i.k.p.i.AbstractProblemLoader Loading environment from /home/runner/work/key/key/key.core/../key.ui/examples/standard_key/pred_log/tptp/SYN/SYN550p1.key.proof 
134260     DEBUG main            d.u.i.k.p.i.AbstractProblemLoader Environment load took 342.81ns 
134262     INFO  main            d.u.i.k.p.i.AbstractProblemLoader Creating init config 
136616     DEBUG main            d.u.i.k.p.i.AbstractProblemLoader Init config took 2.35s 
136630     INFO  main            d.u.i.k.p.i.AbstractProblemLoader Replaying proof SYN550p1.key.proof 
136699     DEBUG main            d.u.i.k.p.i.IntermediateProofReplayer Proof replay took 63.11ms 
136700     DEBUG main            d.u.i.k.p.r.p.TestFile    ... success: reloaded. 
136701     INFO  main            d.u.i.k.p.r.p.TestFile    Now processing file /home/runner/work/key/key/key.core/../key.ui/examples/standard_key/prop_log/reallySimple.key 
136701     INFO  main            d.u.i.k.p.i.AbstractProblemLoader Loading environment from /home/runner/work/key/key/key.core/../key.ui/examples/standard_key/prop_log/reallySimple.key 
136701     DEBUG main            d.u.i.k.p.i.AbstractProblemLoader Environment load took 75.2ns 
136702     INFO  main            d.u.i.k.p.i.AbstractProblemLoader Creating init config 
139148     DEBUG main            d.u.i.k.p.i.AbstractProblemLoader Init config took 2.45s 
139161     INFO  main            d.u.i.k.p.i.AbstractProblemLoader Replaying proof reallySimple.key 
139162     DEBUG main            d.u.i.k.p.i.IntermediateProofReplayer Proof replay took 6.6ns 
139264     INFO  main            d.u.i.k.p.r.p.TestFile    ... finished proof: open goal(s) 
139525     INFO  main            d.u.i.k.p.r.p.TestFile    Now processing file /home/runner/work/key/key/key.core/../key.ui/examples/standard_key/pred_log/sameName1.key 
139526     INFO  main            d.u.i.k.p.i.AbstractProblemLoader Loading environment from /home/runner/work/key/key/key.core/../key.ui/examples/standard_key/pred_log/sameName1.key 
139526     DEBUG main            d.u.i.k.p.i.AbstractProblemLoader Environment load took 70.3ns 
139527     INFO  main            d.u.i.k.p.i.AbstractProblemLoader Creating init config 
141898     DEBUG main            d.u.i.k.p.i.AbstractProblemLoader Init config took 2.37s 
141911     INFO  main            d.u.i.k.p.i.AbstractProblemLoader Replaying proof sameName1.key 
141913     DEBUG main            d.u.i.k.p.i.IntermediateProofReplayer Proof replay took 7.6ns 
142015     INFO  main            d.u.i.k.p.r.p.TestFile    ... finished proof: open goal(s) 
142262     INFO  main            d.u.i.k.p.r.p.TestFile    Now processing file /home/runner/work/key/key/key.core/../key.ui/examples/standard_key/pred_log/jbyteIfEx.key 
142263     INFO  main            d.u.i.k.p.i.AbstractProblemLoader Loading environment from /home/runner/work/key/key/key.core/../key.ui/examples/standard_key/pred_log/jbyteIfEx.key 
142263     DEBUG main            d.u.i.k.p.i.AbstractProblemLoader Environment load took 62.8ns 
142264     INFO  main            d.u.i.k.p.i.AbstractProblemLoader Creating init config 
144677     DEBUG main            d.u.i.k.p.i.AbstractProblemLoader Init config took 2.41s 
144691     INFO  main            d.u.i.k.p.i.AbstractProblemLoader Replaying proof jbyteIfEx.key 
144692     DEBUG main            d.u.i.k.p.i.IntermediateProofReplayer Proof replay took 6.9ns 
144794     INFO  main            d.u.i.k.p.r.p.TestFile    ... finished proof: closed. 
145034     INFO  main            d.u.i.k.p.i.AbstractProblemLoader Loading environment from /home/runner/work/key/key/key.core/../key.ui/examples/standard_key/pred_log/jbyteIfEx.key.proof 
145034     DEBUG main            d.u.i.k.p.i.AbstractProblemLoader Environment load took 112.1ns 
145035     INFO  main            d.u.i.k.p.i.AbstractProblemLoader Creating init config 
147392     DEBUG main            d.u.i.k.p.i.AbstractProblemLoader Init config took 2.36s 
147406     INFO  main            d.u.i.k.p.i.AbstractProblemLoader Replaying proof jbyteIfEx.key.proof 
147413     DEBUG main            d.u.i.k.p.i.IntermediateProofReplayer Proof replay took 5.57ms 
147414     DEBUG main            d.u.i.k.p.r.p.TestFile    ... success: reloaded. 
147414     INFO  main            d.u.i.k.p.r.p.TestFile    Now processing file /home/runner/work/key/key/key.core/../key.ui/examples/standard_key/prop_log/allClausesLength4.key 
147414     INFO  main            d.u.i.k.p.i.AbstractProblemLoader Loading environment from /home/runner/work/key/key/key.core/../key.ui/examples/standard_key/prop_log/allClausesLength4.key 
147415     DEBUG main            d.u.i.k.p.i.AbstractProblemLoader Environment load took 85.7ns 
147415     INFO  main            d.u.i.k.p.i.AbstractProblemLoader Creating init config 
149847     DEBUG main            d.u.i.k.p.i.AbstractProblemLoader Init config took 2.43s 
149861     INFO  main            d.u.i.k.p.i.AbstractProblemLoader Replaying proof allClausesLength4.key 
149862     DEBUG main            d.u.i.k.p.i.IntermediateProofReplayer Proof replay took 7.3ns 
149965     INFO  main            d.u.i.k.p.r.p.TestFile    ... finished proof: closed. 
150217     INFO  main            d.u.i.k.p.i.AbstractProblemLoader Loading environment from /home/runner/work/key/key/key.core/../key.ui/examples/standard_key/prop_log/allClausesLength4.key.proof 
150217     DEBUG main            d.u.i.k.p.i.AbstractProblemLoader Environment load took 113.5ns 
150218     INFO  main            d.u.i.k.p.i.AbstractProblemLoader Creating init config 
152586     DEBUG main            d.u.i.k.p.i.AbstractProblemLoader Init config took 2.37s 
152600     INFO  main            d.u.i.k.p.i.AbstractProblemLoader Replaying proof allClausesLength4.key.proof 
152613     DEBUG main            d.u.i.k.p.i.IntermediateProofReplayer Proof replay took 9.83ms 
152614     DEBUG main            d.u.i.k.p.r.p.TestFile    ... success: reloaded. 
152614     INFO  main            d.u.i.k.p.r.p.TestFile    Now processing file /home/runner/work/key/key/key.core/../key.ui/examples/standard_key/prop_log/allClausesLength5.key 
152614     INFO  main            d.u.i.k.p.i.AbstractProblemLoader Loading environment from /home/runner/work/key/key/key.core/../key.ui/examples/standard_key/prop_log/allClausesLength5.key 
152615     DEBUG main            d.u.i.k.p.i.AbstractProblemLoader Environment load took 75.3ns 
152616     INFO  main            d.u.i.k.p.i.AbstractProblemLoader Creating init config 
155022     DEBUG main            d.u.i.k.p.i.AbstractProblemLoader Init config took 2.41s 
155036     INFO  main            d.u.i.k.p.i.AbstractProblemLoader Replaying proof allClausesLength5.key 
155037     DEBUG main            d.u.i.k.p.i.IntermediateProofReplayer Proof replay took 7.5ns 
155241     INFO  main            d.u.i.k.p.r.p.TestFile    ... finished proof: closed. 
155502     INFO  main            d.u.i.k.p.i.AbstractProblemLoader Loading environment from /home/runner/work/key/key/key.core/../key.ui/examples/standard_key/prop_log/allClausesLength5.key.proof 
155502     DEBUG main            d.u.i.k.p.i.AbstractProblemLoader Environment load took 327.11ns 
155504     INFO  main            d.u.i.k.p.i.AbstractProblemLoader Creating init config 
157874     DEBUG main            d.u.i.k.p.i.AbstractProblemLoader Init config took 2.37s 
157889     INFO  main            d.u.i.k.p.i.AbstractProblemLoader Replaying proof allClausesLength5.key.proof 
157936     DEBUG main            d.u.i.k.p.i.IntermediateProofReplayer Proof replay took 41.99ms 
157940     DEBUG main            d.u.i.k.p.r.p.TestFile    ... success: reloaded. 
157940     INFO  main            d.u.i.k.p.r.p.TestFile    Now processing file /home/runner/work/key/key/key.core/../key.ui/examples/standard_key/prop_log/doubleNeg.key 
157941     INFO  main            d.u.i.k.p.i.AbstractProblemLoader Loading environment from /home/runner/work/key/key/key.core/../key.ui/examples/standard_key/prop_log/doubleNeg.key 
157941     DEBUG main            d.u.i.k.p.i.AbstractProblemLoader Environment load took 169.9ns 
157942     INFO  main            d.u.i.k.p.i.AbstractProblemLoader Creating init config 
160363     DEBUG main            d.u.i.k.p.i.AbstractProblemLoader Init config took 2.42s 
160376     INFO  main            d.u.i.k.p.i.AbstractProblemLoader Replaying proof doubleNeg.key 
160378     DEBUG main            d.u.i.k.p.i.IntermediateProofReplayer Proof replay took 8ns 
160479     INFO  main            d.u.i.k.p.r.p.TestFile    ... finished proof: closed. 
160746     INFO  main            d.u.i.k.p.i.AbstractProblemLoader Loading environment from /home/runner/work/key/key/key.core/../key.ui/examples/standard_key/prop_log/doubleNeg.key.proof 
160746     DEBUG main            d.u.i.k.p.i.AbstractProblemLoader Environment load took 95.2ns 
160747     INFO  main            d.u.i.k.p.i.AbstractProblemLoader Creating init config 
163110     DEBUG main            d.u.i.k.p.i.AbstractProblemLoader Init config took 2.36s 
163123     INFO  main            d.u.i.k.p.i.AbstractProblemLoader Replaying proof doubleNeg.key.proof 
163125     DEBUG main            d.u.i.k.p.i.IntermediateProofReplayer Proof replay took 475.91ns 
163126     DEBUG main            d.u.i.k.p.r.p.TestFile    ... success: reloaded. 
163126     INFO  main            d.u.i.k.p.r.p.TestFile    Now processing file /home/runner/work/key/key/key.core/../key.ui/examples/standard_key/prop_log/liarsville.key 
163126     INFO  main            d.u.i.k.p.i.AbstractProblemLoader Loading environment from /home/runner/work/key/key/key.core/../key.ui/examples/standard_key/prop_log/liarsville.key 
163127     DEBUG main            d.u.i.k.p.i.AbstractProblemLoader Environment load took 81ns 
163127     INFO  main            d.u.i.k.p.i.AbstractProblemLoader Creating init config 
165535     DEBUG main            d.u.i.k.p.i.AbstractProblemLoader Init config took 2.41s 
165548     INFO  main            d.u.i.k.p.i.AbstractProblemLoader Replaying proof liarsville.key 
165550     DEBUG main            d.u.i.k.p.i.IntermediateProofReplayer Proof replay took 7.2ns 
165654     INFO  main            d.u.i.k.p.r.p.TestFile    ... finished proof: closed. 
165919     INFO  main            d.u.i.k.p.i.AbstractProblemLoader Loading environment from /home/runner/work/key/key/key.core/../key.ui/examples/standard_key/prop_log/liarsville.key.proof 
165919     DEBUG main            d.u.i.k.p.i.AbstractProblemLoader Environment load took 103.6ns 
165920     INFO  main            d.u.i.k.p.i.AbstractProblemLoader Creating init config 
168279     DEBUG main            d.u.i.k.p.i.AbstractProblemLoader Init config took 2.36s 
168292     INFO  main            d.u.i.k.p.i.AbstractProblemLoader Replaying proof liarsville.key.proof 
168297     DEBUG main            d.u.i.k.p.i.IntermediateProofReplayer Proof replay took 3.45ms 
168298     DEBUG main            d.u.i.k.p.r.p.TestFile    ... success: reloaded. 
168299     INFO  main            d.u.i.k.p.r.p.TestFile    Now processing file /home/runner/work/key/key/key.core/../key.ui/examples/standard_key/prop_log/simplest.key 
168299     INFO  main            d.u.i.k.p.i.AbstractProblemLoader Loading environment from /home/runner/work/key/key/key.core/../key.ui/examples/standard_key/prop_log/simplest.key 
168299     DEBUG main            d.u.i.k.p.i.AbstractProblemLoader Environment load took 82.1ns 
168300     INFO  main            d.u.i.k.p.i.AbstractProblemLoader Creating init config 
170696     DEBUG main            d.u.i.k.p.i.AbstractProblemLoader Init config took 2.4s 
170709     INFO  main            d.u.i.k.p.i.AbstractProblemLoader Replaying proof simplest.key 
170710     DEBUG main            d.u.i.k.p.i.IntermediateProofReplayer Proof replay took 7.3ns 
170812     INFO  main            d.u.i.k.p.r.p.TestFile    ... finished proof: closed. 
171081     INFO  main            d.u.i.k.p.i.AbstractProblemLoader Loading environment from /home/runner/work/key/key/key.core/../key.ui/examples/standard_key/prop_log/simplest.key.proof 
171081     DEBUG main            d.u.i.k.p.i.AbstractProblemLoader Environment load took 97.3ns 
171082     INFO  main            d.u.i.k.p.i.AbstractProblemLoader Creating init config 
173444     DEBUG main            d.u.i.k.p.i.AbstractProblemLoader Init config took 2.36s 
173457     INFO  main            d.u.i.k.p.i.AbstractProblemLoader Replaying proof simplest.key.proof 
173458     DEBUG main            d.u.i.k.p.i.IntermediateProofReplayer Proof replay took 96.1ns 
173459     DEBUG main            d.u.i.k.p.r.p.TestFile    ... success: reloaded. 
173459     INFO  main            d.u.i.k.p.r.p.TestFile    Now processing file /home/runner/work/key/key/key.core/../key.ui/examples/standard_key/prop_log/contraposition.key 
173460     INFO  main            d.u.i.k.p.i.AbstractProblemLoader Loading environment from /home/runner/work/key/key/key.core/../key.ui/examples/standard_key/prop_log/contraposition.key 
173460     DEBUG main            d.u.i.k.p.i.AbstractProblemLoader Environment load took 60.6ns 
173460     INFO  main            d.u.i.k.p.i.AbstractProblemLoader Creating init config 
175881     DEBUG main            d.u.i.k.p.i.AbstractProblemLoader Init config took 2.42s 
175894     INFO  main            d.u.i.k.p.i.AbstractProblemLoader Replaying proof contraposition.key 
175895     DEBUG main            d.u.i.k.p.i.IntermediateProofReplayer Proof replay took 6.9ns 
175997     INFO  main            d.u.i.k.p.r.p.TestFile    ... finished proof: closed. 
176270     INFO  main            d.u.i.k.p.i.AbstractProblemLoader Loading environment from /home/runner/work/key/key/key.core/../key.ui/examples/standard_key/prop_log/contraposition.key.proof 
176270     DEBUG main            d.u.i.k.p.i.AbstractProblemLoader Environment load took 102.6ns 
176271     INFO  main            d.u.i.k.p.i.AbstractProblemLoader Creating init config 
178682     DEBUG main            d.u.i.k.p.i.AbstractProblemLoader Init config took 2.41s 
178695     INFO  main            d.u.i.k.p.i.AbstractProblemLoader Replaying proof contraposition.key.proof 
178697     DEBUG main            d.u.i.k.p.i.IntermediateProofReplayer Proof replay took 458.61ns 
178698     DEBUG main            d.u.i.k.p.r.p.TestFile    ... success: reloaded. 
178698     INFO  main            d.u.i.k.p.r.p.TestFile    Now processing file /home/runner/work/key/key/key.core/../key.ui/examples/standard_key/quantifiers/elimination0.key 
178699     INFO  main            d.u.i.k.p.i.AbstractProblemLoader Loading environment from /home/runner/work/key/key/key.core/../key.ui/examples/standard_key/quantifiers/elimination0.key 
178699     DEBUG main            d.u.i.k.p.i.AbstractProblemLoader Environment load took 81.1ns 
178700     INFO  main            d.u.i.k.p.i.AbstractProblemLoader Creating init config 
181061     DEBUG main            d.u.i.k.p.i.AbstractProblemLoader Init config took 2.36s 
181074     INFO  main            d.u.i.k.p.i.AbstractProblemLoader Replaying proof elimination0.key 
181076     DEBUG main            d.u.i.k.p.i.IntermediateProofReplayer Proof replay took 6.4ns 
181178     INFO  main            d.u.i.k.p.r.p.TestFile    ... finished proof: closed. 
181463     INFO  main            d.u.i.k.p.i.AbstractProblemLoader Loading environment from /home/runner/work/key/key/key.core/../key.ui/examples/standard_key/quantifiers/elimination0.key.proof 
181463     DEBUG main            d.u.i.k.p.i.AbstractProblemLoader Environment load took 95.6ns 
181464     INFO  main            d.u.i.k.p.i.AbstractProblemLoader Creating init config 
183822     DEBUG main            d.u.i.k.p.i.AbstractProblemLoader Init config took 2.36s 
183835     INFO  main            d.u.i.k.p.i.AbstractProblemLoader Replaying proof elimination0.key.proof 
183838     DEBUG main            d.u.i.k.p.i.IntermediateProofReplayer Proof replay took 1.2ms 
183838     DEBUG main            d.u.i.k.p.r.p.TestFile    ... success: reloaded. 
183839     INFO  main            d.u.i.k.p.r.p.TestFile    Now processing file /home/runner/work/key/key/key.core/../key.ui/examples/standard_key/quantifiers/heuristic_PUZ001p1-eq.key 
183839     INFO  main            d.u.i.k.p.i.AbstractProblemLoader Loading environment from /home/runner/work/key/key/key.core/../key.ui/examples/standard_key/quantifiers/heuristic_PUZ001p1-eq.key 
183839     DEBUG main            d.u.i.k.p.i.AbstractProblemLoader Environment load took 83.8ns 
183840     INFO  main            d.u.i.k.p.i.AbstractProblemLoader Creating init config 
186238     DEBUG main            d.u.i.k.p.i.AbstractProblemLoader Init config took 2.4s 
186253     INFO  main            d.u.i.k.p.i.AbstractProblemLoader Replaying proof heuristic_PUZ001p1-eq.key 
186254     DEBUG main            d.u.i.k.p.i.IntermediateProofReplayer Proof replay took 7ns 
186357     INFO  main            d.u.i.k.p.r.p.TestFile    ... finished proof: closed. 
186643     INFO  main            d.u.i.k.p.i.AbstractProblemLoader Loading environment from /home/runner/work/key/key/key.core/../key.ui/examples/standard_key/quantifiers/heuristic_PUZ001p1-eq.key.proof 
186643     DEBUG main            d.u.i.k.p.i.AbstractProblemLoader Environment load took 119.7ns 
186644     INFO  main            d.u.i.k.p.i.AbstractProblemLoader Creating init config 
189012     DEBUG main            d.u.i.k.p.i.AbstractProblemLoader Init config took 2.37s 
189026     INFO  main            d.u.i.k.p.i.AbstractProblemLoader Replaying proof heuristic_PUZ001p1-eq.key.proof 
189037     DEBUG main            d.u.i.k.p.i.IntermediateProofReplayer Proof replay took 9.27ms 
189038     DEBUG main            d.u.i.k.p.r.p.TestFile    ... success: reloaded. 
189039     INFO  main            d.u.i.k.p.r.p.TestFile    Now processing file /home/runner/work/key/key/key.core/../key.ui/examples/standard_key/quantifiers/heuristic_PUZ001p1.key 
189039     INFO  main            d.u.i.k.p.i.AbstractProblemLoader Loading environment from /home/runner/work/key/key/key.core/../key.ui/examples/standard_key/quantifiers/heuristic_PUZ001p1.key 
189039     DEBUG main            d.u.i.k.p.i.AbstractProblemLoader Environment load took 71.9ns 
189040     INFO  main            d.u.i.k.p.i.AbstractProblemLoader Creating init config 
191435     DEBUG main            d.u.i.k.p.i.AbstractProblemLoader Init config took 2.39s 
191449     INFO  main            d.u.i.k.p.i.AbstractProblemLoader Replaying proof heuristic_PUZ001p1.key 
191450     DEBUG main            d.u.i.k.p.i.IntermediateProofReplayer Proof replay took 8ns 
192780     INFO  main            d.u.i.k.p.r.p.TestFile    ... finished proof: closed. 
193096     INFO  main            d.u.i.k.p.i.AbstractProblemLoader Loading environment from /home/runner/work/key/key/key.core/../key.ui/examples/standard_key/quantifiers/heuristic_PUZ001p1.key.proof 
193096     DEBUG main            d.u.i.k.p.i.AbstractProblemLoader Environment load took 113.5ns 
193099     INFO  main            d.u.i.k.p.i.AbstractProblemLoader Creating init config 
195459     DEBUG main            d.u.i.k.p.i.AbstractProblemLoader Init config took 2.36s 
195475     INFO  main            d.u.i.k.p.i.AbstractProblemLoader Replaying proof heuristic_PUZ001p1.key.proof 
195521     DEBUG main            d.u.i.k.p.i.IntermediateProofReplayer Proof replay took 41.28ms 
195522     DEBUG main            d.u.i.k.p.r.p.TestFile    ... success: reloaded. 
195523     INFO  main            d.u.i.k.p.r.p.TestFile    Now processing file /home/runner/work/key/key/key.core/../key.ui/examples/standard_key/quantifiers/heuristic_PUZ031p1.key 
195523     INFO  main            d.u.i.k.p.i.AbstractProblemLoader Loading environment from /home/runner/work/key/key/key.core/../key.ui/examples/standard_key/quantifiers/heuristic_PUZ031p1.key 
195523     DEBUG main            d.u.i.k.p.i.AbstractProblemLoader Environment load took 86ns 
195524     INFO  main            d.u.i.k.p.i.AbstractProblemLoader Creating init config 
197922     DEBUG main            d.u.i.k.p.i.AbstractProblemLoader Init config took 2.4s 
197954     INFO  main            d.u.i.k.p.i.AbstractProblemLoader Replaying proof heuristic_PUZ031p1.key 
197955     DEBUG main            d.u.i.k.p.i.IntermediateProofReplayer Proof replay took 7.9ns 
202528     INFO  main            d.u.i.k.p.r.p.TestFile    ... finished proof: closed. 
202862     INFO  main            d.u.i.k.p.i.AbstractProblemLoader Loading environment from /home/runner/work/key/key/key.core/../key.ui/examples/standard_key/quantifiers/heuristic_PUZ031p1.key.proof 
202862     DEBUG main            d.u.i.k.p.i.AbstractProblemLoader Environment load took 440.21ns 
202864     INFO  main            d.u.i.k.p.i.AbstractProblemLoader Creating init config 
205246     DEBUG main            d.u.i.k.p.i.AbstractProblemLoader Init config took 2.38s 
205260     INFO  main            d.u.i.k.p.i.AbstractProblemLoader Replaying proof heuristic_PUZ031p1.key.proof 
205312     DEBUG main            d.u.i.k.p.i.IntermediateProofReplayer Proof replay took 47.68ms 
205313     DEBUG main            d.u.i.k.p.r.p.TestFile    ... success: reloaded. 
205314     INFO  main            d.u.i.k.p.r.p.TestFile    Now processing file /home/runner/work/key/key/key.core/../key.ui/examples/standard_key/quantifiers/heuristic_SYN036p2.key 
205314     INFO  main            d.u.i.k.p.i.AbstractProblemLoader Loading environment from /home/runner/work/key/key/key.core/../key.ui/examples/standard_key/quantifiers/heuristic_SYN036p2.key 
205314     DEBUG main            d.u.i.k.p.i.AbstractProblemLoader Environment load took 80.2ns 
205315     INFO  main            d.u.i.k.p.i.AbstractProblemLoader Creating init config 
207712     DEBUG main            d.u.i.k.p.i.AbstractProblemLoader Init config took 2.4s 
207725     INFO  main            d.u.i.k.p.i.AbstractProblemLoader Replaying proof heuristic_SYN036p2.key 
207727     DEBUG main            d.u.i.k.p.i.IntermediateProofReplayer Proof replay took 7ns 
207931     INFO  main            d.u.i.k.p.r.p.TestFile    ... finished proof: closed. 
208271     INFO  main            d.u.i.k.p.i.AbstractProblemLoader Loading environment from /home/runner/work/key/key/key.core/../key.ui/examples/standard_key/quantifiers/heuristic_SYN036p2.key.proof 
208272     DEBUG main            d.u.i.k.p.i.AbstractProblemLoader Environment load took 1.01ms 
208273     INFO  main            d.u.i.k.p.i.AbstractProblemLoader Creating init config 
210617     DEBUG main            d.u.i.k.p.i.AbstractProblemLoader Init config took 2.34s 
210631     INFO  main            d.u.i.k.p.i.AbstractProblemLoader Replaying proof heuristic_SYN036p2.key.proof 
210687     DEBUG main            d.u.i.k.p.i.IntermediateProofReplayer Proof replay took 49.19ms 
210688     DEBUG main            d.u.i.k.p.r.p.TestFile    ... success: reloaded. 
210689     INFO  main            d.u.i.k.p.r.p.TestFile    Now processing file /home/runner/work/key/key/key.core/../key.ui/examples/standard_key/quantifiers/injectivity.key 
210689     INFO  main            d.u.i.k.p.i.AbstractProblemLoader Loading environment from /home/runner/work/key/key/key.core/../key.ui/examples/standard_key/quantifiers/injectivity.key 
210690     DEBUG main            d.u.i.k.p.i.AbstractProblemLoader Environment load took 83.1ns 
210690     INFO  main            d.u.i.k.p.i.AbstractProblemLoader Creating init config 
213069     DEBUG main            d.u.i.k.p.i.AbstractProblemLoader Init config took 2.38s 
213083     INFO  main            d.u.i.k.p.i.AbstractProblemLoader Replaying proof injectivity.key 
213084     DEBUG main            d.u.i.k.p.i.IntermediateProofReplayer Proof replay took 7.1ns 
213186     INFO  main            d.u.i.k.p.r.p.TestFile    ... finished proof: closed. 
213494     INFO  main            d.u.i.k.p.i.AbstractProblemLoader Loading environment from /home/runner/work/key/key/key.core/../key.ui/examples/standard_key/quantifiers/injectivity.key.proof 
213494     DEBUG main            d.u.i.k.p.i.AbstractProblemLoader Environment load took 94.1ns 
213495     INFO  main            d.u.i.k.p.i.AbstractProblemLoader Creating init config 
215832     DEBUG main            d.u.i.k.p.i.AbstractProblemLoader Init config took 2.34s 
215846     INFO  main            d.u.i.k.p.i.AbstractProblemLoader Replaying proof injectivity.key.proof 
215849     DEBUG main            d.u.i.k.p.i.IntermediateProofReplayer Proof replay took 1.8ms 
215850     DEBUG main            d.u.i.k.p.r.p.TestFile    ... success: reloaded. 
215850     INFO  main            d.u.i.k.p.r.p.TestFile    Now processing file /home/runner/work/key/key/key.core/../key.ui/examples/standard_key/quantifiers/normalisation0.key 
215851     INFO  main            d.u.i.k.p.i.AbstractProblemLoader Loading environment from /home/runner/work/key/key/key.core/../key.ui/examples/standard_key/quantifiers/normalisation0.key 
215851     DEBUG main            d.u.i.k.p.i.AbstractProblemLoader Environment load took 49.4ns 
215852     INFO  main            d.u.i.k.p.i.AbstractProblemLoader Creating init config 
218235     DEBUG main            d.u.i.k.p.i.AbstractProblemLoader Init config took 2.38s 
218248     INFO  main            d.u.i.k.p.i.AbstractProblemLoader Replaying proof normalisation0.key 
218250     DEBUG main            d.u.i.k.p.i.IntermediateProofReplayer Proof replay took 6.5ns 
218352     INFO  main            d.u.i.k.p.r.p.TestFile    ... finished proof: closed. 
218664     INFO  main            d.u.i.k.p.i.AbstractProblemLoader Loading environment from /home/runner/work/key/key/key.core/../key.ui/examples/standard_key/quantifiers/normalisation0.key.proof 
218664     DEBUG main            d.u.i.k.p.i.AbstractProblemLoader Environment load took 94.9ns 
218665     INFO  main            d.u.i.k.p.i.AbstractProblemLoader Creating init config 
221007     DEBUG main            d.u.i.k.p.i.AbstractProblemLoader Init config took 2.34s 
221020     INFO  main            d.u.i.k.p.i.AbstractProblemLoader Replaying proof normalisation0.key.proof 
221024     DEBUG main            d.u.i.k.p.i.IntermediateProofReplayer Proof replay took 2.02ms 
221025     DEBUG main            d.u.i.k.p.r.p.TestFile    ... success: reloaded. 
221025     INFO  main            d.u.i.k.p.r.p.TestFile    Now processing file /home/runner/work/key/key/key.core/../key.ui/examples/standard_key/quantifiers/normalisation1.key 
221025     INFO  main            d.u.i.k.p.i.AbstractProblemLoader Loading environment from /home/runner/work/key/key/key.core/../key.ui/examples/standard_key/quantifiers/normalisation1.key 
221025     DEBUG main            d.u.i.k.p.i.AbstractProblemLoader Environment load took 52.6ns 
221026     INFO  main            d.u.i.k.p.i.AbstractProblemLoader Creating init config 
223423     DEBUG main            d.u.i.k.p.i.AbstractProblemLoader Init config took 2.4s 
223438     INFO  main            d.u.i.k.p.i.AbstractProblemLoader Replaying proof normalisation1.key 
223440     DEBUG main            d.u.i.k.p.i.IntermediateProofReplayer Proof replay took 6.3ns 
223547     INFO  main            d.u.i.k.p.r.p.TestFile    ... finished proof: closed. 
223867     INFO  main            d.u.i.k.p.i.AbstractProblemLoader Loading environment from /home/runner/work/key/key/key.core/../key.ui/examples/standard_key/quantifiers/normalisation1.key.proof 
223867     DEBUG main            d.u.i.k.p.i.AbstractProblemLoader Environment load took 92.2ns 
223868     INFO  main            d.u.i.k.p.i.AbstractProblemLoader Creating init config 
226223     DEBUG main            d.u.i.k.p.i.AbstractProblemLoader Init config took 2.36s 
226237     INFO  main            d.u.i.k.p.i.AbstractProblemLoader Replaying proof normalisation1.key.proof 
226241     DEBUG main            d.u.i.k.p.i.IntermediateProofReplayer Proof replay took 2.63ms 
226242     DEBUG main            d.u.i.k.p.r.p.TestFile    ... success: reloaded. 
226243     INFO  main            d.u.i.k.p.r.p.TestFile    Now processing file /home/runner/work/key/key/key.core/../key.ui/examples/standard_key/quantifiers/normalisation2.key 
226243     INFO  main            d.u.i.k.p.i.AbstractProblemLoader Loading environment from /home/runner/work/key/key/key.core/../key.ui/examples/standard_key/quantifiers/normalisation2.key 
226243     DEBUG main            d.u.i.k.p.i.AbstractProblemLoader Environment load took 72.8ns 
226244     INFO  main            d.u.i.k.p.i.AbstractProblemLoader Creating init config 
228632     DEBUG main            d.u.i.k.p.i.AbstractProblemLoader Init config took 2.39s 
228645     INFO  main            d.u.i.k.p.i.AbstractProblemLoader Replaying proof normalisation2.key 
228647     DEBUG main            d.u.i.k.p.i.IntermediateProofReplayer Proof replay took 7.8ns 
228748     INFO  main            d.u.i.k.p.r.p.TestFile    ... finished proof: closed. 
229125     INFO  main            d.u.i.k.p.i.AbstractProblemLoader Loading environment from /home/runner/work/key/key/key.core/../key.ui/examples/standard_key/quantifiers/normalisation2.key.proof 
229125     DEBUG main            d.u.i.k.p.i.AbstractProblemLoader Environment load took 87.9ns 
229126     INFO  main            d.u.i.k.p.i.AbstractProblemLoader Creating init config 
231474     DEBUG main            d.u.i.k.p.i.AbstractProblemLoader Init config took 2.35s 
231487     INFO  main            d.u.i.k.p.i.AbstractProblemLoader Replaying proof normalisation2.key.proof 
231491     DEBUG main            d.u.i.k.p.i.IntermediateProofReplayer Proof replay took 2.21ms 
231491     DEBUG main            d.u.i.k.p.r.p.TestFile    ... success: reloaded. 
231492     INFO  main            d.u.i.k.p.r.p.TestFile    Now processing file /home/runner/work/key/key/key.core/../key.ui/examples/standard_key/quantifiers/normalisation3.key 
231492     INFO  main            d.u.i.k.p.i.AbstractProblemLoader Loading environment from /home/runner/work/key/key/key.core/../key.ui/examples/standard_key/quantifiers/normalisation3.key 
231492     DEBUG main            d.u.i.k.p.i.AbstractProblemLoader Environment load took 77.6ns 
231493     INFO  main            d.u.i.k.p.i.AbstractProblemLoader Creating init config 
233876     DEBUG main            d.u.i.k.p.i.AbstractProblemLoader Init config took 2.38s 
233889     INFO  main            d.u.i.k.p.i.AbstractProblemLoader Replaying proof normalisation3.key 
233891     DEBUG main            d.u.i.k.p.i.IntermediateProofReplayer Proof replay took 6.9ns 
233992     INFO  main            d.u.i.k.p.r.p.TestFile    ... finished proof: closed. 
234431     INFO  main            d.u.i.k.p.i.AbstractProblemLoader Loading environment from /home/runner/work/key/key/key.core/../key.ui/examples/standard_key/quantifiers/normalisation3.key.proof 
234431     DEBUG main            d.u.i.k.p.i.AbstractProblemLoader Environment load took 90ns 
234432     INFO  main            d.u.i.k.p.i.AbstractProblemLoader Creating init config 
236780     DEBUG main            d.u.i.k.p.i.AbstractProblemLoader Init config took 2.35s 
236794     INFO  main            d.u.i.k.p.i.AbstractProblemLoader Replaying proof normalisation3.key.proof 
236798     DEBUG main            d.u.i.k.p.i.IntermediateProofReplayer Proof replay took 2.4ms 
236798     DEBUG main            d.u.i.k.p.r.p.TestFile    ... success: reloaded. 
236799     INFO  main            d.u.i.k.p.r.p.TestFile    Now processing file /home/runner/work/key/key/key.core/../key.ui/examples/standard_key/quantifiers/normalisation4.key 
236799     INFO  main            d.u.i.k.p.i.AbstractProblemLoader Loading environment from /home/runner/work/key/key/key.core/../key.ui/examples/standard_key/quantifiers/normalisation4.key 
236799     DEBUG main            d.u.i.k.p.i.AbstractProblemLoader Environment load took 119.4ns 
236800     INFO  main            d.u.i.k.p.i.AbstractProblemLoader Creating init config 
239183     DEBUG main            d.u.i.k.p.i.AbstractProblemLoader Init config took 2.38s 
239197     INFO  main            d.u.i.k.p.i.AbstractProblemLoader Replaying proof normalisation4.key 
239198     DEBUG main            d.u.i.k.p.i.IntermediateProofReplayer Proof replay took 6.4ns 
239300     INFO  main            d.u.i.k.p.r.p.TestFile    ... finished proof: closed. 
239642     INFO  main            d.u.i.k.p.i.AbstractProblemLoader Loading environment from /home/runner/work/key/key/key.core/../key.ui/examples/standard_key/quantifiers/normalisation4.key.proof 
239642     DEBUG main            d.u.i.k.p.i.AbstractProblemLoader Environment load took 91.4ns 
239643     INFO  main            d.u.i.k.p.i.AbstractProblemLoader Creating init config 
241992     DEBUG main            d.u.i.k.p.i.AbstractProblemLoader Init config took 2.35s 
242006     INFO  main            d.u.i.k.p.i.AbstractProblemLoader Replaying proof normalisation4.key.proof 
242011     DEBUG main            d.u.i.k.p.i.IntermediateProofReplayer Proof replay took 4.46ms 
242012     DEBUG main            d.u.i.k.p.r.p.TestFile    ... success: reloaded. 
242013     INFO  main            d.u.i.k.p.r.p.TestFile    Now processing file /home/runner/work/key/key/key.core/../key.ui/examples/standard_key/quantifiers/normalisation5.key 
242013     INFO  main            d.u.i.k.p.i.AbstractProblemLoader Loading environment from /home/runner/work/key/key/key.core/../key.ui/examples/standard_key/quantifiers/normalisation5.key 
242013     DEBUG main            d.u.i.k.p.i.AbstractProblemLoader Environment load took 88.3ns 
242014     INFO  main            d.u.i.k.p.i.AbstractProblemLoader Creating init config 
244399     DEBUG main            d.u.i.k.p.i.AbstractProblemLoader Init config took 2.38s 
244412     INFO  main            d.u.i.k.p.i.AbstractProblemLoader Replaying proof normalisation5.key 
244413     DEBUG main            d.u.i.k.p.i.IntermediateProofReplayer Proof replay took 6.6ns 
244515     INFO  main            d.u.i.k.p.r.p.TestFile    ... finished proof: closed. 
244858     INFO  main            d.u.i.k.p.i.AbstractProblemLoader Loading environment from /home/runner/work/key/key/key.core/../key.ui/examples/standard_key/quantifiers/normalisation5.key.proof 
244858     DEBUG main            d.u.i.k.p.i.AbstractProblemLoader Environment load took 90.7ns 
244859     INFO  main            d.u.i.k.p.i.AbstractProblemLoader Creating init config 
247207     DEBUG main            d.u.i.k.p.i.AbstractProblemLoader Init config took 2.35s 
247220     INFO  main            d.u.i.k.p.i.AbstractProblemLoader Replaying proof normalisation5.key.proof 
247225     DEBUG main            d.u.i.k.p.i.IntermediateProofReplayer Proof replay took 3.46ms 
247225     DEBUG main            d.u.i.k.p.r.p.TestFile    ... success: reloaded. 
247226     INFO  main            d.u.i.k.p.r.p.TestFile    Now processing file /home/runner/work/key/key/key.core/../key.ui/examples/standard_key/quantifiers/normalisation6.key 
247226     INFO  main            d.u.i.k.p.i.AbstractProblemLoader Loading environment from /home/runner/work/key/key/key.core/../key.ui/examples/standard_key/quantifiers/normalisation6.key 
247227     DEBUG main            d.u.i.k.p.i.AbstractProblemLoader Environment load took 122.8ns 
247227     INFO  main            d.u.i.k.p.i.AbstractProblemLoader Creating init config 
249613     DEBUG main            d.u.i.k.p.i.AbstractProblemLoader Init config took 2.39s 
249626     INFO  main            d.u.i.k.p.i.AbstractProblemLoader Replaying proof normalisation6.key 
249629     DEBUG main            d.u.i.k.p.i.IntermediateProofReplayer Proof replay took 7.8ns 
249730     INFO  main            d.u.i.k.p.r.p.TestFile    ... finished proof: closed. 
250091     INFO  main            d.u.i.k.p.i.AbstractProblemLoader Loading environment from /home/runner/work/key/key/key.core/../key.ui/examples/standard_key/quantifiers/normalisation6.key.proof 
250091     DEBUG main            d.u.i.k.p.i.AbstractProblemLoader Environment load took 86.1ns 
250092     INFO  main            d.u.i.k.p.i.AbstractProblemLoader Creating init config 
252462     DEBUG main            d.u.i.k.p.i.AbstractProblemLoader Init config took 2.37s 
252475     INFO  main            d.u.i.k.p.i.AbstractProblemLoader Replaying proof normalisation6.key.proof 
252479     DEBUG main            d.u.i.k.p.i.IntermediateProofReplayer Proof replay took 2.05ms 
252479     DEBUG main            d.u.i.k.p.r.p.TestFile    ... success: reloaded. 
252480     INFO  main            d.u.i.k.p.r.p.TestFile    Now processing file /home/runner/work/key/key/key.core/../key.ui/examples/standard_key/quantifiers/normalisation7.key 
252480     INFO  main            d.u.i.k.p.i.AbstractProblemLoader Loading environment from /home/runner/work/key/key/key.core/../key.ui/examples/standard_key/quantifiers/normalisation7.key 
252481     DEBUG main            d.u.i.k.p.i.AbstractProblemLoader Environment load took 76.6ns 
252481     INFO  main            d.u.i.k.p.i.AbstractProblemLoader Creating init config 
254856     DEBUG main            d.u.i.k.p.i.AbstractProblemLoader Init config took 2.37s 
254869     INFO  main            d.u.i.k.p.i.AbstractProblemLoader Replaying proof normalisation7.key 
254870     DEBUG main            d.u.i.k.p.i.IntermediateProofReplayer Proof replay took 7ns 
254973     INFO  main            d.u.i.k.p.r.p.TestFile    ... finished proof: closed. 
255334     INFO  main            d.u.i.k.p.i.AbstractProblemLoader Loading environment from /home/runner/work/key/key/key.core/../key.ui/examples/standard_key/quantifiers/normalisation7.key.proof 
255334     DEBUG main            d.u.i.k.p.i.AbstractProblemLoader Environment load took 103.8ns 
255335     INFO  main            d.u.i.k.p.i.AbstractProblemLoader Creating init config 
257681     DEBUG main            d.u.i.k.p.i.AbstractProblemLoader Init config took 2.35s 
257695     INFO  main            d.u.i.k.p.i.AbstractProblemLoader Replaying proof normalisation7.key.proof 
257698     DEBUG main            d.u.i.k.p.i.IntermediateProofReplayer Proof replay took 2.01ms 
257699     DEBUG main            d.u.i.k.p.r.p.TestFile    ... success: reloaded. 
257699     INFO  main            d.u.i.k.p.r.p.TestFile    Now processing file /home/runner/work/key/key/key.core/../key.ui/examples/standard_key/quantifiers/normalisation8.key 
257700     INFO  main            d.u.i.k.p.i.AbstractProblemLoader Loading environment from /home/runner/work/key/key/key.core/../key.ui/examples/standard_key/quantifiers/normalisation8.key 
257700     DEBUG main            d.u.i.k.p.i.AbstractProblemLoader Environment load took 47.6ns 
257700     INFO  main            d.u.i.k.p.i.AbstractProblemLoader Creating init config 
260075     DEBUG main            d.u.i.k.p.i.AbstractProblemLoader Init config took 2.37s 
260089     INFO  main            d.u.i.k.p.i.AbstractProblemLoader Replaying proof normalisation8.key 
260090     DEBUG main            d.u.i.k.p.i.IntermediateProofReplayer Proof replay took 6.6ns 
260192     INFO  main            d.u.i.k.p.r.p.TestFile    ... finished proof: closed. 
260550     INFO  main            d.u.i.k.p.i.AbstractProblemLoader Loading environment from /home/runner/work/key/key/key.core/../key.ui/examples/standard_key/quantifiers/normalisation8.key.proof 
260550     DEBUG main            d.u.i.k.p.i.AbstractProblemLoader Environment load took 88ns 
260551     INFO  main            d.u.i.k.p.i.AbstractProblemLoader Creating init config 
262903     DEBUG main            d.u.i.k.p.i.AbstractProblemLoader Init config took 2.35s 
262917     INFO  main            d.u.i.k.p.i.AbstractProblemLoader Replaying proof normalisation8.key.proof 
262923     DEBUG main            d.u.i.k.p.i.IntermediateProofReplayer Proof replay took 4.78ms 
262923     DEBUG main            d.u.i.k.p.r.p.TestFile    ... success: reloaded. 
262924     INFO  main            d.u.i.k.p.r.p.TestFile    Now processing file /home/runner/work/key/key/key.core/../key.ui/examples/standard_key/quantifiers/normalisation9.key 
262924     INFO  main            d.u.i.k.p.i.AbstractProblemLoader Loading environment from /home/runner/work/key/key/key.core/../key.ui/examples/standard_key/quantifiers/normalisation9.key 
262924     DEBUG main            d.u.i.k.p.i.AbstractProblemLoader Environment load took 78.4ns 
262925     INFO  main            d.u.i.k.p.i.AbstractProblemLoader Creating init config 
265298     DEBUG main            d.u.i.k.p.i.AbstractProblemLoader Init config took 2.37s 
265311     INFO  main            d.u.i.k.p.i.AbstractProblemLoader Replaying proof normalisation9.key 
265312     DEBUG main            d.u.i.k.p.i.IntermediateProofReplayer Proof replay took 8.3ns 
265414     INFO  main            d.u.i.k.p.r.p.TestFile    ... finished proof: closed. 
265774     INFO  main            d.u.i.k.p.i.AbstractProblemLoader Loading environment from /home/runner/work/key/key/key.core/../key.ui/examples/standard_key/quantifiers/normalisation9.key.proof 
265774     DEBUG main            d.u.i.k.p.i.AbstractProblemLoader Environment load took 93.1ns 
265775     INFO  main            d.u.i.k.p.i.AbstractProblemLoader Creating init config 
268117     DEBUG main            d.u.i.k.p.i.AbstractProblemLoader Init config took 2.34s 
268131     INFO  main            d.u.i.k.p.i.AbstractProblemLoader Replaying proof normalisation9.key.proof 
268138     DEBUG main            d.u.i.k.p.i.IntermediateProofReplayer Proof replay took 5.97ms 
268139     DEBUG main            d.u.i.k.p.r.p.TestFile    ... success: reloaded. 
268140     INFO  main            d.u.i.k.p.r.p.TestFile    Now processing file /home/runner/work/key/key/key.core/../key.ui/examples/standard_key/quantifiers/normalisation10.key 
268140     INFO  main            d.u.i.k.p.i.AbstractProblemLoader Loading environment from /home/runner/work/key/key/key.core/../key.ui/examples/standard_key/quantifiers/normalisation10.key 
268140     DEBUG main            d.u.i.k.p.i.AbstractProblemLoader Environment load took 76.3ns 
268141     INFO  main            d.u.i.k.p.i.AbstractProblemLoader Creating init config 
270527     DEBUG main            d.u.i.k.p.i.AbstractProblemLoader Init config took 2.39s 
270540     INFO  main            d.u.i.k.p.i.AbstractProblemLoader Replaying proof normalisation10.key 
270542     DEBUG main            d.u.i.k.p.i.IntermediateProofReplayer Proof replay took 7.3ns 
270644     INFO  main            d.u.i.k.p.r.p.TestFile    ... finished proof: closed. 
271014     INFO  main            d.u.i.k.p.i.AbstractProblemLoader Loading environment from /home/runner/work/key/key/key.core/../key.ui/examples/standard_key/quantifiers/normalisation10.key.proof 
271014     DEBUG main            d.u.i.k.p.i.AbstractProblemLoader Environment load took 92.5ns 
271015     INFO  main            d.u.i.k.p.i.AbstractProblemLoader Creating init config 
273360     DEBUG main            d.u.i.k.p.i.AbstractProblemLoader Init config took 2.35s 
273374     INFO  main            d.u.i.k.p.i.AbstractProblemLoader Replaying proof normalisation10.key.proof 
273380     DEBUG main            d.u.i.k.p.i.IntermediateProofReplayer Proof replay took 4.55ms 
273381     DEBUG main            d.u.i.k.p.r.p.TestFile    ... success: reloaded. 
273381     INFO  main            d.u.i.k.p.r.p.TestFile    Now processing file /home/runner/work/key/key/key.core/../key.ui/examples/standard_key/quantifiers/normalisation12.key 
273382     INFO  main            d.u.i.k.p.i.AbstractProblemLoader Loading environment from /home/runner/work/key/key/key.core/../key.ui/examples/standard_key/quantifiers/normalisation12.key 
273382     DEBUG main            d.u.i.k.p.i.AbstractProblemLoader Environment load took 72.6ns 
273382     INFO  main            d.u.i.k.p.i.AbstractProblemLoader Creating init config 
275767     DEBUG main            d.u.i.k.p.i.AbstractProblemLoader Init config took 2.38s 
275780     INFO  main            d.u.i.k.p.i.AbstractProblemLoader Replaying proof normalisation12.key 
275782     DEBUG main            d.u.i.k.p.i.IntermediateProofReplayer Proof replay took 6.9ns 
275883     INFO  main            d.u.i.k.p.r.p.TestFile    ... finished proof: closed. 
276250     INFO  main            d.u.i.k.p.i.AbstractProblemLoader Loading environment from /home/runner/work/key/key/key.core/../key.ui/examples/standard_key/quantifiers/normalisation12.key.proof 
276251     DEBUG main            d.u.i.k.p.i.AbstractProblemLoader Environment load took 89.4ns 
276251     INFO  main            d.u.i.k.p.i.AbstractProblemLoader Creating init config 
278602     DEBUG main            d.u.i.k.p.i.AbstractProblemLoader Init config took 2.35s 
278616     INFO  main            d.u.i.k.p.i.AbstractProblemLoader Replaying proof normalisation12.key.proof 
278618     DEBUG main            d.u.i.k.p.i.IntermediateProofReplayer Proof replay took 1.12ms 
278619     DEBUG main            d.u.i.k.p.r.p.TestFile    ... success: reloaded. 
278620     INFO  main            d.u.i.k.p.r.p.TestFile    Now processing file /home/runner/work/key/key/key.core/../key.ui/examples/standard_key/quantifiers/normalisation13.key 
278620     INFO  main            d.u.i.k.p.i.AbstractProblemLoader Loading environment from /home/runner/work/key/key/key.core/../key.ui/examples/standard_key/quantifiers/normalisation13.key 
278620     DEBUG main            d.u.i.k.p.i.AbstractProblemLoader Environment load took 75.8ns 
278621     INFO  main            d.u.i.k.p.i.AbstractProblemLoader Creating init config 
281013     DEBUG main            d.u.i.k.p.i.AbstractProblemLoader Init config took 2.39s 
281026     INFO  main            d.u.i.k.p.i.AbstractProblemLoader Replaying proof normalisation13.key 
281027     DEBUG main            d.u.i.k.p.i.IntermediateProofReplayer Proof replay took 7.4ns 
281129     INFO  main            d.u.i.k.p.r.p.TestFile    ... finished proof: closed. 
281507     INFO  main            d.u.i.k.p.i.AbstractProblemLoader Loading environment from /home/runner/work/key/key/key.core/../key.ui/examples/standard_key/quantifiers/normalisation13.key.proof 
281507     DEBUG main            d.u.i.k.p.i.AbstractProblemLoader Environment load took 90.3ns 
281508     INFO  main            d.u.i.k.p.i.AbstractProblemLoader Creating init config 
283852     DEBUG main            d.u.i.k.p.i.AbstractProblemLoader Init config took 2.34s 
283865     INFO  main            d.u.i.k.p.i.AbstractProblemLoader Replaying proof normalisation13.key.proof 
283867     DEBUG main            d.u.i.k.p.i.IntermediateProofReplayer Proof replay took 560.81ns 
283868     DEBUG main            d.u.i.k.p.r.p.TestFile    ... success: reloaded. 
283868     INFO  main            d.u.i.k.p.r.p.TestFile    Now processing file /home/runner/work/key/key/key.core/../key.ui/examples/standard_key/quantifiers/triggers0.key 
283869     INFO  main            d.u.i.k.p.i.AbstractProblemLoader Loading environment from /home/runner/work/key/key/key.core/../key.ui/examples/standard_key/quantifiers/triggers0.key 
283869     DEBUG main            d.u.i.k.p.i.AbstractProblemLoader Environment load took 135.3ns 
283870     INFO  main            d.u.i.k.p.i.AbstractProblemLoader Creating init config 
286262     DEBUG main            d.u.i.k.p.i.AbstractProblemLoader Init config took 2.39s 
286275     INFO  main            d.u.i.k.p.i.AbstractProblemLoader Replaying proof triggers0.key 
286276     DEBUG main            d.u.i.k.p.i.IntermediateProofReplayer Proof replay took 7.4ns 
286378     INFO  main            d.u.i.k.p.r.p.TestFile    ... finished proof: closed. 
286766     INFO  main            d.u.i.k.p.i.AbstractProblemLoader Loading environment from /home/runner/work/key/key/key.core/../key.ui/examples/standard_key/quantifiers/triggers0.key.proof 
286767     DEBUG main            d.u.i.k.p.i.AbstractProblemLoader Environment load took 88.3ns 
286768     INFO  main            d.u.i.k.p.i.AbstractProblemLoader Creating init config 
289108     DEBUG main            d.u.i.k.p.i.AbstractProblemLoader Init config took 2.34s 
289121     INFO  main            d.u.i.k.p.i.AbstractProblemLoader Replaying proof triggers0.key.proof 
289124     DEBUG main            d.u.i.k.p.i.IntermediateProofReplayer Proof replay took 1.42ms 
289124     DEBUG main            d.u.i.k.p.r.p.TestFile    ... success: reloaded. 
3903697    INFO  Test worker     d.u.i.k.p.r.RunAllProofsTestUnit Returning from test FOL 
3903698    INFO  Test worker     d.u.i.k.p.r.RunAllProofsTestUnit Running test strings 
333        INFO  Timeout watchdog d.u.i.k.p.r.p.ForkedTestFileRunner Timeout watcher launched (2000 secs.) 
344        WARN  main            d.u.i.k.s.ProofSettings   The settings in /home/runner/.key/proof-settings.props are *not* read. 
372        INFO  main            d.u.i.k.p.r.p.TestFile    Now processing file /home/runner/work/key/key/key.core/../key.ui/examples/standard_key/strings/charAt0.key 
485        INFO  main            d.u.i.k.p.i.AbstractProblemLoader Loading environment from /home/runner/work/key/key/key.core/../key.ui/examples/standard_key/strings/charAt0.key 
501        DEBUG main            d.u.i.k.p.i.AbstractProblemLoader Environment load took 2.25ms 
745        INFO  main            d.u.i.k.p.i.AbstractProblemLoader Creating init config 
1553       DEBUG main            d.u.i.k.j.TypeConverter   No LDT found for Meta 
1553       DEBUG main            d.u.i.k.j.TypeConverter   No LDT found for Meta 
1556       DEBUG main            d.u.i.k.j.TypeConverter   No LDT found for Meta 
1556       DEBUG main            d.u.i.k.j.TypeConverter   No LDT found for Meta 
2702       DEBUG main            d.u.i.k.j.TypeConverter   No LDT found for JavaBigintExpression 
8290       DEBUG main            d.u.i.k.p.i.AbstractProblemLoader Init config took 7.54s 
8354       INFO  main            d.u.i.k.p.i.AbstractProblemLoader Replaying proof charAt0.key 
8386       DEBUG main            d.u.i.k.p.i.IntermediateProofReplayer Proof replay took 33.8ns 
8728       INFO  main            d.u.i.k.p.r.p.TestFile    ... finished proof: closed. 
8844       INFO  main            d.u.i.k.p.i.AbstractProblemLoader Loading environment from /home/runner/work/key/key/key.core/../key.ui/examples/standard_key/strings/charAt0.key.proof 
8844       DEBUG main            d.u.i.k.p.i.AbstractProblemLoader Environment load took 206.41ns 
8848       INFO  main            d.u.i.k.p.i.AbstractProblemLoader Creating init config 
11514      DEBUG main            d.u.i.k.p.i.AbstractProblemLoader Init config took 2.67s 
11556      INFO  main            d.u.i.k.p.i.AbstractProblemLoader Replaying proof charAt0.key.proof 
11576      DEBUG main            d.u.i.k.p.i.IntermediateProofReplayer Proof replay took 15.59ms 
11587      DEBUG main            d.u.i.k.p.r.p.TestFile    ... success: reloaded. 
11588      INFO  main            d.u.i.k.p.r.p.TestFile    Now processing file /home/runner/work/key/key/key.core/../key.ui/examples/standard_key/strings/charAt1.key 
11588      INFO  main            d.u.i.k.p.i.AbstractProblemLoader Loading environment from /home/runner/work/key/key/key.core/../key.ui/examples/standard_key/strings/charAt1.key 
11589      DEBUG main            d.u.i.k.p.i.AbstractProblemLoader Environment load took 191.81ns 
11590      INFO  main            d.u.i.k.p.i.AbstractProblemLoader Creating init config 
14142      DEBUG main            d.u.i.k.p.i.AbstractProblemLoader Init config took 2.55s 
14179      INFO  main            d.u.i.k.p.i.AbstractProblemLoader Replaying proof charAt1.key 
14184      DEBUG main            d.u.i.k.p.i.IntermediateProofReplayer Proof replay took 7.5ns 
14391      INFO  main            d.u.i.k.p.r.p.TestFile    ... finished proof: closed. 
14521      INFO  main            d.u.i.k.p.i.AbstractProblemLoader Loading environment from /home/runner/work/key/key/key.core/../key.ui/examples/standard_key/strings/charAt1.key.proof 
14522      DEBUG main            d.u.i.k.p.i.AbstractProblemLoader Environment load took 571.21ns 
14524      INFO  main            d.u.i.k.p.i.AbstractProblemLoader Creating init config 
17138      DEBUG main            d.u.i.k.p.i.AbstractProblemLoader Init config took 2.61s 
17161      INFO  main            d.u.i.k.p.i.AbstractProblemLoader Replaying proof charAt1.key.proof 
17178      DEBUG main            d.u.i.k.p.i.IntermediateProofReplayer Proof replay took 14.34ms 
17179      DEBUG main            d.u.i.k.p.r.p.TestFile    ... success: reloaded. 
17180      INFO  main            d.u.i.k.p.r.p.TestFile    Now processing file /home/runner/work/key/key/key.core/../key.ui/examples/standard_key/strings/concat1.key 
17181      INFO  main            d.u.i.k.p.i.AbstractProblemLoader Loading environment from /home/runner/work/key/key/key.core/../key.ui/examples/standard_key/strings/concat1.key 
17181      DEBUG main            d.u.i.k.p.i.AbstractProblemLoader Environment load took 184.4ns 
17182      INFO  main            d.u.i.k.p.i.AbstractProblemLoader Creating init config 
19749      DEBUG main            d.u.i.k.p.i.AbstractProblemLoader Init config took 2.57s 
19770      INFO  main            d.u.i.k.p.i.AbstractProblemLoader Replaying proof concat1.key 
19772      DEBUG main            d.u.i.k.p.i.IntermediateProofReplayer Proof replay took 6.4ns 
19875      INFO  main            d.u.i.k.p.r.p.TestFile    ... finished proof: closed. 
20043      INFO  main            d.u.i.k.p.i.AbstractProblemLoader Loading environment from /home/runner/work/key/key/key.core/../key.ui/examples/standard_key/strings/concat1.key.proof 
20043      DEBUG main            d.u.i.k.p.i.AbstractProblemLoader Environment load took 142.5ns 
20044      INFO  main            d.u.i.k.p.i.AbstractProblemLoader Creating init config 
22539      DEBUG main            d.u.i.k.p.i.AbstractProblemLoader Init config took 2.49s 
22565      INFO  main            d.u.i.k.p.i.AbstractProblemLoader Replaying proof concat1.key.proof 
22571      DEBUG main            d.u.i.k.p.i.IntermediateProofReplayer Proof replay took 1.58ms 
22572      DEBUG main            d.u.i.k.p.r.p.TestFile    ... success: reloaded. 
22575      INFO  main            d.u.i.k.p.r.p.TestFile    Now processing file /home/runner/work/key/key/key.core/../key.ui/examples/standard_key/strings/concat2.key 
22575      INFO  main            d.u.i.k.p.i.AbstractProblemLoader Loading environment from /home/runner/work/key/key/key.core/../key.ui/examples/standard_key/strings/concat2.key 
22575      DEBUG main            d.u.i.k.p.i.AbstractProblemLoader Environment load took 109.8ns 
22578      INFO  main            d.u.i.k.p.i.AbstractProblemLoader Creating init config 
25113      DEBUG main            d.u.i.k.p.i.AbstractProblemLoader Init config took 2.54s 
25139      INFO  main            d.u.i.k.p.i.AbstractProblemLoader Replaying proof concat2.key 
25143      DEBUG main            d.u.i.k.p.i.IntermediateProofReplayer Proof replay took 6.9ns 
25247      INFO  main            d.u.i.k.p.r.p.TestFile    ... finished proof: closed. 
25407      INFO  main            d.u.i.k.p.i.AbstractProblemLoader Loading environment from /home/runner/work/key/key/key.core/../key.ui/examples/standard_key/strings/concat2.key.proof 
25407      DEBUG main            d.u.i.k.p.i.AbstractProblemLoader Environment load took 136.5ns 
25408      INFO  main            d.u.i.k.p.i.AbstractProblemLoader Creating init config 
27904      DEBUG main            d.u.i.k.p.i.AbstractProblemLoader Init config took 2.5s 
27924      INFO  main            d.u.i.k.p.i.AbstractProblemLoader Replaying proof concat2.key.proof 
27936      DEBUG main            d.u.i.k.p.i.IntermediateProofReplayer Proof replay took 9.12ms 
27937      DEBUG main            d.u.i.k.p.r.p.TestFile    ... success: reloaded. 
27938      INFO  main            d.u.i.k.p.r.p.TestFile    Now processing file /home/runner/work/key/key/key.core/../key.ui/examples/standard_key/strings/deriveLength1.key 
27938      INFO  main            d.u.i.k.p.i.AbstractProblemLoader Loading environment from /home/runner/work/key/key/key.core/../key.ui/examples/standard_key/strings/deriveLength1.key 
27938      DEBUG main            d.u.i.k.p.i.AbstractProblemLoader Environment load took 184.1ns 
27940      INFO  main            d.u.i.k.p.i.AbstractProblemLoader Creating init config 
30477      DEBUG main            d.u.i.k.p.i.AbstractProblemLoader Init config took 2.54s 
30496      INFO  main            d.u.i.k.p.i.AbstractProblemLoader Replaying proof deriveLength1.key 
30498      DEBUG main            d.u.i.k.p.i.IntermediateProofReplayer Proof replay took 6.1ns 
30604      INFO  main            d.u.i.k.p.r.p.TestFile    ... finished proof: closed. 
30750      INFO  main            d.u.i.k.p.i.AbstractProblemLoader Loading environment from /home/runner/work/key/key/key.core/../key.ui/examples/standard_key/strings/deriveLength1.key.proof 
30750      DEBUG main            d.u.i.k.p.i.AbstractProblemLoader Environment load took 468.01ns 
30752      INFO  main            d.u.i.k.p.i.AbstractProblemLoader Creating init config 
33221      DEBUG main            d.u.i.k.p.i.AbstractProblemLoader Init config took 2.47s 
33240      INFO  main            d.u.i.k.p.i.AbstractProblemLoader Replaying proof deriveLength1.key.proof 
33255      DEBUG main            d.u.i.k.p.i.IntermediateProofReplayer Proof replay took 12.8ms 
33258      DEBUG main            d.u.i.k.p.r.p.TestFile    ... success: reloaded. 
33259      INFO  main            d.u.i.k.p.r.p.TestFile    Now processing file /home/runner/work/key/key/key.core/../key.ui/examples/standard_key/strings/emptyStringLengthZero.key 
33260      INFO  main            d.u.i.k.p.i.AbstractProblemLoader Loading environment from /home/runner/work/key/key/key.core/../key.ui/examples/standard_key/strings/emptyStringLengthZero.key 
33260      DEBUG main            d.u.i.k.p.i.AbstractProblemLoader Environment load took 134.1ns 
33261      INFO  main            d.u.i.k.p.i.AbstractProblemLoader Creating init config 
35741      DEBUG main            d.u.i.k.p.i.AbstractProblemLoader Init config took 2.48s 
35759      INFO  main            d.u.i.k.p.i.AbstractProblemLoader Replaying proof emptyStringLengthZero.key 
35761      DEBUG main            d.u.i.k.p.i.IntermediateProofReplayer Proof replay took 7.4ns 
35865      INFO  main            d.u.i.k.p.r.p.TestFile    ... finished proof: closed. 
36026      INFO  main            d.u.i.k.p.i.AbstractProblemLoader Loading environment from /home/runner/work/key/key/key.core/../key.ui/examples/standard_key/strings/emptyStringLengthZero.key.proof 
36027      DEBUG main            d.u.i.k.p.i.AbstractProblemLoader Environment load took 143.5ns 
36028      INFO  main            d.u.i.k.p.i.AbstractProblemLoader Creating init config 
38483      DEBUG main            d.u.i.k.p.i.AbstractProblemLoader Init config took 2.46s 
38501      INFO  main            d.u.i.k.p.i.AbstractProblemLoader Replaying proof emptyStringLengthZero.key.proof 
38506      DEBUG main            d.u.i.k.p.i.IntermediateProofReplayer Proof replay took 3.29ms 
38507      DEBUG main            d.u.i.k.p.r.p.TestFile    ... success: reloaded. 
38508      INFO  main            d.u.i.k.p.r.p.TestFile    Now processing file /home/runner/work/key/key/key.core/../key.ui/examples/standard_key/strings/implicitBooleanStringConversion.key 
38508      INFO  main            d.u.i.k.p.i.AbstractProblemLoader Loading environment from /home/runner/work/key/key/key.core/../key.ui/examples/standard_key/strings/implicitBooleanStringConversion.key 
38508      DEBUG main            d.u.i.k.p.i.AbstractProblemLoader Environment load took 100.4ns 
38509      INFO  main            d.u.i.k.p.i.AbstractProblemLoader Creating init config 
40987      DEBUG main            d.u.i.k.p.i.AbstractProblemLoader Init config took 2.48s 
41008      INFO  main            d.u.i.k.p.i.AbstractProblemLoader Replaying proof implicitBooleanStringConversion.key 
41010      DEBUG main            d.u.i.k.p.i.IntermediateProofReplayer Proof replay took 7.1ns 
41922      INFO  main            d.u.i.k.p.r.p.TestFile    ... finished proof: closed. 
42105      INFO  main            d.u.i.k.p.i.AbstractProblemLoader Loading environment from /home/runner/work/key/key/key.core/../key.ui/examples/standard_key/strings/implicitBooleanStringConversion.key.proof 
42106      DEBUG main            d.u.i.k.p.i.AbstractProblemLoader Environment load took 988.72ns 
42107      INFO  main            d.u.i.k.p.i.AbstractProblemLoader Creating init config 
44541      DEBUG main            d.u.i.k.p.i.AbstractProblemLoader Init config took 2.43s 
44561      INFO  main            d.u.i.k.p.i.AbstractProblemLoader Replaying proof implicitBooleanStringConversion.key.proof 
44649      DEBUG main            d.u.i.k.p.i.IntermediateProofReplayer Proof replay took 82.65ms 
44650      DEBUG main            d.u.i.k.p.r.p.TestFile    ... success: reloaded. 
44651      INFO  main            d.u.i.k.p.r.p.TestFile    Now processing file /home/runner/work/key/key/key.core/../key.ui/examples/standard_key/strings/implicitBooleanStringConversion2.key 
44651      INFO  main            d.u.i.k.p.i.AbstractProblemLoader Loading environment from /home/runner/work/key/key/key.core/../key.ui/examples/standard_key/strings/implicitBooleanStringConversion2.key 
44652      DEBUG main            d.u.i.k.p.i.AbstractProblemLoader Environment load took 184ns 
44653      INFO  main            d.u.i.k.p.i.AbstractProblemLoader Creating init config 
47130      DEBUG main            d.u.i.k.p.i.AbstractProblemLoader Init config took 2.48s 
47149      INFO  main            d.u.i.k.p.i.AbstractProblemLoader Replaying proof implicitBooleanStringConversion2.key 
47151      DEBUG main            d.u.i.k.p.i.IntermediateProofReplayer Proof replay took 6.9ns 
47454      INFO  main            d.u.i.k.p.r.p.TestFile    ... finished proof: closed. 
47651      INFO  main            d.u.i.k.p.i.AbstractProblemLoader Loading environment from /home/runner/work/key/key/key.core/../key.ui/examples/standard_key/strings/implicitBooleanStringConversion2.key.proof 
47652      DEBUG main            d.u.i.k.p.i.AbstractProblemLoader Environment load took 372.31ns 
47653      INFO  main            d.u.i.k.p.i.AbstractProblemLoader Creating init config 
50085      DEBUG main            d.u.i.k.p.i.AbstractProblemLoader Init config took 2.43s 
50106      INFO  main            d.u.i.k.p.i.AbstractProblemLoader Replaying proof implicitBooleanStringConversion2.key.proof 
50145      DEBUG main            d.u.i.k.p.i.IntermediateProofReplayer Proof replay took 35.3ms 
50146      DEBUG main            d.u.i.k.p.r.p.TestFile    ... success: reloaded. 
50147      INFO  main            d.u.i.k.p.r.p.TestFile    Now processing file /home/runner/work/key/key/key.core/../key.ui/examples/standard_key/strings/implicitIntStringConversion.key 
50147      INFO  main            d.u.i.k.p.i.AbstractProblemLoader Loading environment from /home/runner/work/key/key/key.core/../key.ui/examples/standard_key/strings/implicitIntStringConversion.key 
50147      DEBUG main            d.u.i.k.p.i.AbstractProblemLoader Environment load took 86.3ns 
50148      INFO  main            d.u.i.k.p.i.AbstractProblemLoader Creating init config 
52614      DEBUG main            d.u.i.k.p.i.AbstractProblemLoader Init config took 2.47s 
52631      INFO  main            d.u.i.k.p.i.AbstractProblemLoader Replaying proof implicitIntStringConversion.key 
52633      DEBUG main            d.u.i.k.p.i.IntermediateProofReplayer Proof replay took 7ns 
53237      INFO  main            d.u.i.k.p.r.p.TestFile    ... finished proof: closed. 
53439      INFO  main            d.u.i.k.p.i.AbstractProblemLoader Loading environment from /home/runner/work/key/key/key.core/../key.ui/examples/standard_key/strings/implicitIntStringConversion.key.proof 
53440      DEBUG main            d.u.i.k.p.i.AbstractProblemLoader Environment load took 362.71ns 
53441      INFO  main            d.u.i.k.p.i.AbstractProblemLoader Creating init config 
55845      DEBUG main            d.u.i.k.p.i.AbstractProblemLoader Init config took 2.4s 
55864      INFO  main            d.u.i.k.p.i.AbstractProblemLoader Replaying proof implicitIntStringConversion.key.proof 
55938      DEBUG main            d.u.i.k.p.i.IntermediateProofReplayer Proof replay took 68.46ms 
55939      DEBUG main            d.u.i.k.p.r.p.TestFile    ... success: reloaded. 
55940      INFO  main            d.u.i.k.p.r.p.TestFile    Now processing file /home/runner/work/key/key/key.core/../key.ui/examples/standard_key/strings/implicitNullStringConversion.key 
55940      INFO  main            d.u.i.k.p.i.AbstractProblemLoader Loading environment from /home/runner/work/key/key/key.core/../key.ui/examples/standard_key/strings/implicitNullStringConversion.key 
55940      DEBUG main            d.u.i.k.p.i.AbstractProblemLoader Environment load took 177.1ns 
55941      INFO  main            d.u.i.k.p.i.AbstractProblemLoader Creating init config 
58393      DEBUG main            d.u.i.k.p.i.AbstractProblemLoader Init config took 2.45s 
58411      INFO  main            d.u.i.k.p.i.AbstractProblemLoader Replaying proof implicitNullStringConversion.key 
58412      DEBUG main            d.u.i.k.p.i.IntermediateProofReplayer Proof replay took 7.5ns 
58716      INFO  main            d.u.i.k.p.r.p.TestFile    ... finished proof: closed. 
58928      INFO  main            d.u.i.k.p.i.AbstractProblemLoader Loading environment from /home/runner/work/key/key/key.core/../key.ui/examples/standard_key/strings/implicitNullStringConversion.key.proof 
58928      DEBUG main            d.u.i.k.p.i.AbstractProblemLoader Environment load took 132.5ns 
58929      INFO  main            d.u.i.k.p.i.AbstractProblemLoader Creating init config 
61295      DEBUG main            d.u.i.k.p.i.AbstractProblemLoader Init config took 2.37s 
61313      INFO  main            d.u.i.k.p.i.AbstractProblemLoader Replaying proof implicitNullStringConversion.key.proof 
61347      DEBUG main            d.u.i.k.p.i.IntermediateProofReplayer Proof replay took 30.69ms 
61348      DEBUG main            d.u.i.k.p.r.p.TestFile    ... success: reloaded. 
61349      INFO  main            d.u.i.k.p.r.p.TestFile    Now processing file /home/runner/work/key/key/key.core/../key.ui/examples/standard_key/strings/implicitNullStringConversion2.key 
61349      INFO  main            d.u.i.k.p.i.AbstractProblemLoader Loading environment from /home/runner/work/key/key/key.core/../key.ui/examples/standard_key/strings/implicitNullStringConversion2.key 
61350      DEBUG main            d.u.i.k.p.i.AbstractProblemLoader Environment load took 200.2ns 
61351      INFO  main            d.u.i.k.p.i.AbstractProblemLoader Creating init config 
63816      DEBUG main            d.u.i.k.p.i.AbstractProblemLoader Init config took 2.47s 
63832      INFO  main            d.u.i.k.p.i.AbstractProblemLoader Replaying proof implicitNullStringConversion2.key 
63833      DEBUG main            d.u.i.k.p.i.IntermediateProofReplayer Proof replay took 7.9ns 
64036      INFO  main            d.u.i.k.p.r.p.TestFile    ... finished proof: closed. 
64223      INFO  main            d.u.i.k.p.i.AbstractProblemLoader Loading environment from /home/runner/work/key/key/key.core/../key.ui/examples/standard_key/strings/implicitNullStringConversion2.key.proof 
64223      DEBUG main            d.u.i.k.p.i.AbstractProblemLoader Environment load took 124.7ns 
64224      INFO  main            d.u.i.k.p.i.AbstractProblemLoader Creating init config 
66600      DEBUG main            d.u.i.k.p.i.AbstractProblemLoader Init config took 2.38s 
66616      INFO  main            d.u.i.k.p.i.AbstractProblemLoader Replaying proof implicitNullStringConversion2.key.proof 
66652      DEBUG main            d.u.i.k.p.i.IntermediateProofReplayer Proof replay took 33.24ms 
66654      DEBUG main            d.u.i.k.p.r.p.TestFile    ... success: reloaded. 
66655      INFO  main            d.u.i.k.p.r.p.TestFile    Now processing file /home/runner/work/key/key/key.core/../key.ui/examples/standard_key/strings/implicitObjectStringConversion.key 
66655      INFO  main            d.u.i.k.p.i.AbstractProblemLoader Loading environment from /home/runner/work/key/key/key.core/../key.ui/examples/standard_key/strings/implicitObjectStringConversion.key 
66655      DEBUG main            d.u.i.k.p.i.AbstractProblemLoader Environment load took 181.5ns 
66657      INFO  main            d.u.i.k.p.i.AbstractProblemLoader Creating init config 
69304      DEBUG main            d.u.i.k.p.i.AbstractProblemLoader Init config took 2.65s 
69321      INFO  main            d.u.i.k.p.i.AbstractProblemLoader Replaying proof implicitObjectStringConversion.key 
69323      DEBUG main            d.u.i.k.p.i.IntermediateProofReplayer Proof replay took 6.6ns 
69831      INFO  main            d.u.i.k.p.r.p.TestFile    ... finished proof: closed. 
70019      INFO  main            d.u.i.k.p.i.AbstractProblemLoader Loading environment from /home/runner/work/key/key/key.core/../key.ui/examples/standard_key/strings/implicitObjectStringConversion.key.proof 
70019      DEBUG main            d.u.i.k.p.i.AbstractProblemLoader Environment load took 371.01ns 
70021      INFO  main            d.u.i.k.p.i.AbstractProblemLoader Creating init config 
72616      DEBUG main            d.u.i.k.p.i.AbstractProblemLoader Init config took 2.6s 
72635      INFO  main            d.u.i.k.p.i.AbstractProblemLoader Replaying proof implicitObjectStringConversion.key.proof 
72689      DEBUG main            d.u.i.k.p.i.IntermediateProofReplayer Proof replay took 50.35ms 
72690      DEBUG main            d.u.i.k.p.r.p.TestFile    ... success: reloaded. 
72691      INFO  main            d.u.i.k.p.r.p.TestFile    Now processing file /home/runner/work/key/key/key.core/../key.ui/examples/standard_key/strings/literalEquality.key 
72691      INFO  main            d.u.i.k.p.i.AbstractProblemLoader Loading environment from /home/runner/work/key/key/key.core/../key.ui/examples/standard_key/strings/literalEquality.key 
72691      DEBUG main            d.u.i.k.p.i.AbstractProblemLoader Environment load took 105.9ns 
72692      INFO  main            d.u.i.k.p.i.AbstractProblemLoader Creating init config 
75161      DEBUG main            d.u.i.k.p.i.AbstractProblemLoader Init config took 2.47s 
75179      INFO  main            d.u.i.k.p.i.AbstractProblemLoader Replaying proof literalEquality.key 
75181      DEBUG main            d.u.i.k.p.i.IntermediateProofReplayer Proof replay took 7.6ns 
75283      INFO  main            d.u.i.k.p.r.p.TestFile    ... finished proof: closed. 
75506      INFO  main            d.u.i.k.p.i.AbstractProblemLoader Loading environment from /home/runner/work/key/key/key.core/../key.ui/examples/standard_key/strings/literalEquality.key.proof 
75506      DEBUG main            d.u.i.k.p.i.AbstractProblemLoader Environment load took 125.1ns 
75508      INFO  main            d.u.i.k.p.i.AbstractProblemLoader Creating init config 
77879      DEBUG main            d.u.i.k.p.i.AbstractProblemLoader Init config took 2.37s 
77894      INFO  main            d.u.i.k.p.i.AbstractProblemLoader Replaying proof literalEquality.key.proof 
77898      DEBUG main            d.u.i.k.p.i.IntermediateProofReplayer Proof replay took 2.09ms 
77899      DEBUG main            d.u.i.k.p.r.p.TestFile    ... success: reloaded. 
77899      INFO  main            d.u.i.k.p.r.p.TestFile    Now processing file /home/runner/work/key/key/key.core/../key.ui/examples/standard_key/strings/replace0.key 
77900      INFO  main            d.u.i.k.p.i.AbstractProblemLoader Loading environment from /home/runner/work/key/key/key.core/../key.ui/examples/standard_key/strings/replace0.key 
77900      DEBUG main            d.u.i.k.p.i.AbstractProblemLoader Environment load took 178.9ns 
77901      INFO  main            d.u.i.k.p.i.AbstractProblemLoader Creating init config 
80319      DEBUG main            d.u.i.k.p.i.AbstractProblemLoader Init config took 2.42s 
80336      INFO  main            d.u.i.k.p.i.AbstractProblemLoader Replaying proof replace0.key 
80339      DEBUG main            d.u.i.k.p.i.IntermediateProofReplayer Proof replay took 7.1ns 
80441      INFO  main            d.u.i.k.p.r.p.TestFile    ... finished proof: closed. 
80641      INFO  main            d.u.i.k.p.i.AbstractProblemLoader Loading environment from /home/runner/work/key/key/key.core/../key.ui/examples/standard_key/strings/replace0.key.proof 
80641      DEBUG main            d.u.i.k.p.i.AbstractProblemLoader Environment load took 119.1ns 
80643      INFO  main            d.u.i.k.p.i.AbstractProblemLoader Creating init config 
83004      DEBUG main            d.u.i.k.p.i.AbstractProblemLoader Init config took 2.36s 
83019      INFO  main            d.u.i.k.p.i.AbstractProblemLoader Replaying proof replace0.key.proof 
83026      DEBUG main            d.u.i.k.p.i.IntermediateProofReplayer Proof replay took 4.39ms 
83027      DEBUG main            d.u.i.k.p.r.p.TestFile    ... success: reloaded. 
83027      INFO  main            d.u.i.k.p.r.p.TestFile    Now processing file /home/runner/work/key/key/key.core/../key.ui/examples/standard_key/strings/replace1.key 
83028      INFO  main            d.u.i.k.p.i.AbstractProblemLoader Loading environment from /home/runner/work/key/key/key.core/../key.ui/examples/standard_key/strings/replace1.key 
83028      DEBUG main            d.u.i.k.p.i.AbstractProblemLoader Environment load took 181.7ns 
83029      INFO  main            d.u.i.k.p.i.AbstractProblemLoader Creating init config 
85469      DEBUG main            d.u.i.k.p.i.AbstractProblemLoader Init config took 2.44s 
85483      INFO  main            d.u.i.k.p.i.AbstractProblemLoader Replaying proof replace1.key 
85484      DEBUG main            d.u.i.k.p.i.IntermediateProofReplayer Proof replay took 7ns 
85587      INFO  main            d.u.i.k.p.r.p.TestFile    ... finished proof: closed. 
85789      INFO  main            d.u.i.k.p.i.AbstractProblemLoader Loading environment from /home/runner/work/key/key/key.core/../key.ui/examples/standard_key/strings/replace1.key.proof 
85790      DEBUG main            d.u.i.k.p.i.AbstractProblemLoader Environment load took 127.8ns 
85791      INFO  main            d.u.i.k.p.i.AbstractProblemLoader Creating init config 
88177      DEBUG main            d.u.i.k.p.i.AbstractProblemLoader Init config took 2.39s 
88191      INFO  main            d.u.i.k.p.i.AbstractProblemLoader Replaying proof replace1.key.proof 
88200      DEBUG main            d.u.i.k.p.i.IntermediateProofReplayer Proof replay took 6.66ms 
88201      DEBUG main            d.u.i.k.p.r.p.TestFile    ... success: reloaded. 
88201      INFO  main            d.u.i.k.p.r.p.TestFile    Now processing file /home/runner/work/key/key/key.core/../key.ui/examples/standard_key/strings/simpleAssignment.key 
88202      INFO  main            d.u.i.k.p.i.AbstractProblemLoader Loading environment from /home/runner/work/key/key/key.core/../key.ui/examples/standard_key/strings/simpleAssignment.key 
88202      DEBUG main            d.u.i.k.p.i.AbstractProblemLoader Environment load took 109ns 
88203      INFO  main            d.u.i.k.p.i.AbstractProblemLoader Creating init config 
90582      DEBUG main            d.u.i.k.p.i.AbstractProblemLoader Init config took 2.38s 
90596      INFO  main            d.u.i.k.p.i.AbstractProblemLoader Replaying proof simpleAssignment.key 
90598      DEBUG main            d.u.i.k.p.i.IntermediateProofReplayer Proof replay took 7.2ns 
90700      INFO  main            d.u.i.k.p.r.p.TestFile    ... finished proof: closed. 
90910      INFO  main            d.u.i.k.p.i.AbstractProblemLoader Loading environment from /home/runner/work/key/key/key.core/../key.ui/examples/standard_key/strings/simpleAssignment.key.proof 
90910      DEBUG main            d.u.i.k.p.i.AbstractProblemLoader Environment load took 121.7ns 
90911      INFO  main            d.u.i.k.p.i.AbstractProblemLoader Creating init config 
93254      DEBUG main            d.u.i.k.p.i.AbstractProblemLoader Init config took 2.34s 
93273      INFO  main            d.u.i.k.p.i.AbstractProblemLoader Replaying proof simpleAssignment.key.proof 
93280      DEBUG main            d.u.i.k.p.i.IntermediateProofReplayer Proof replay took 1.37ms 
93281      DEBUG main            d.u.i.k.p.r.p.TestFile    ... success: reloaded. 
93282      INFO  main            d.u.i.k.p.r.p.TestFile    Now processing file /home/runner/work/key/key/key.core/../key.ui/examples/standard_key/strings/simpleLengthComp.key 
93282      INFO  main            d.u.i.k.p.i.AbstractProblemLoader Loading environment from /home/runner/work/key/key/key.core/../key.ui/examples/standard_key/strings/simpleLengthComp.key 
93282      DEBUG main            d.u.i.k.p.i.AbstractProblemLoader Environment load took 208ns 
93283      INFO  main            d.u.i.k.p.i.AbstractProblemLoader Creating init config 
95705      DEBUG main            d.u.i.k.p.i.AbstractProblemLoader Init config took 2.42s 
95720      INFO  main            d.u.i.k.p.i.AbstractProblemLoader Replaying proof simpleLengthComp.key 
95723      DEBUG main            d.u.i.k.p.i.IntermediateProofReplayer Proof replay took 7.5ns 
95926      INFO  main            d.u.i.k.p.r.p.TestFile    ... finished proof: closed. 
96140      INFO  main            d.u.i.k.p.i.AbstractProblemLoader Loading environment from /home/runner/work/key/key/key.core/../key.ui/examples/standard_key/strings/simpleLengthComp.key.proof 
96140      DEBUG main            d.u.i.k.p.i.AbstractProblemLoader Environment load took 175.7ns 
96141      INFO  main            d.u.i.k.p.i.AbstractProblemLoader Creating init config 
98495      DEBUG main            d.u.i.k.p.i.AbstractProblemLoader Init config took 2.35s 
98510      INFO  main            d.u.i.k.p.i.AbstractProblemLoader Replaying proof simpleLengthComp.key.proof 
98535      DEBUG main            d.u.i.k.p.i.IntermediateProofReplayer Proof replay took 22.64ms 
98536      DEBUG main            d.u.i.k.p.r.p.TestFile    ... success: reloaded. 
98537      INFO  main            d.u.i.k.p.r.p.TestFile    Now processing file /home/runner/work/key/key/key.core/../key.ui/examples/standard_key/strings/stringCompileTimeConstant1.key 
98537      INFO  main            d.u.i.k.p.i.AbstractProblemLoader Loading environment from /home/runner/work/key/key/key.core/../key.ui/examples/standard_key/strings/stringCompileTimeConstant1.key 
98538      DEBUG main            d.u.i.k.p.i.AbstractProblemLoader Environment load took 204.31ns 
98539      INFO  main            d.u.i.k.p.i.AbstractProblemLoader Creating init config 
100951     DEBUG main            d.u.i.k.p.i.AbstractProblemLoader Init config took 2.41s 
100966     INFO  main            d.u.i.k.p.i.AbstractProblemLoader Replaying proof stringCompileTimeConstant1.key 
100968     DEBUG main            d.u.i.k.p.i.IntermediateProofReplayer Proof replay took 7.3ns 
101070     INFO  main            d.u.i.k.p.r.p.TestFile    ... finished proof: closed. 
101299     INFO  main            d.u.i.k.p.i.AbstractProblemLoader Loading environment from /home/runner/work/key/key/key.core/../key.ui/examples/standard_key/strings/stringCompileTimeConstant1.key.proof 
101300     DEBUG main            d.u.i.k.p.i.AbstractProblemLoader Environment load took 129.1ns 
101301     INFO  main            d.u.i.k.p.i.AbstractProblemLoader Creating init config 
103644     DEBUG main            d.u.i.k.p.i.AbstractProblemLoader Init config took 2.34s 
103659     INFO  main            d.u.i.k.p.i.AbstractProblemLoader Replaying proof stringCompileTimeConstant1.key.proof 
103664     DEBUG main            d.u.i.k.p.i.IntermediateProofReplayer Proof replay took 2.92ms 
103664     DEBUG main            d.u.i.k.p.r.p.TestFile    ... success: reloaded. 
103665     INFO  main            d.u.i.k.p.r.p.TestFile    Now processing file /home/runner/work/key/key/key.core/../key.ui/examples/standard_key/strings/stringCompileTimeConstant2.key 
103665     INFO  main            d.u.i.k.p.i.AbstractProblemLoader Loading environment from /home/runner/work/key/key/key.core/../key.ui/examples/standard_key/strings/stringCompileTimeConstant2.key 
103665     DEBUG main            d.u.i.k.p.i.AbstractProblemLoader Environment load took 91ns 
103666     INFO  main            d.u.i.k.p.i.AbstractProblemLoader Creating init config 
106213     DEBUG main            d.u.i.k.p.i.AbstractProblemLoader Init config took 2.55s 
106228     INFO  main            d.u.i.k.p.i.AbstractProblemLoader Replaying proof stringCompileTimeConstant2.key 
106229     DEBUG main            d.u.i.k.p.i.IntermediateProofReplayer Proof replay took 6.7ns 
108868     INFO  main            d.u.i.k.p.r.p.TestFile    ... finished proof: closed. 
109123     INFO  main            d.u.i.k.p.i.AbstractProblemLoader Loading environment from /home/runner/work/key/key/key.core/../key.ui/examples/standard_key/strings/stringCompileTimeConstant2.key.proof 
109125     DEBUG main            d.u.i.k.p.i.AbstractProblemLoader Environment load took 1.79ms 
109126     INFO  main            d.u.i.k.p.i.AbstractProblemLoader Creating init config 
111639     DEBUG main            d.u.i.k.p.i.AbstractProblemLoader Init config took 2.51s 
111654     INFO  main            d.u.i.k.p.i.AbstractProblemLoader Replaying proof stringCompileTimeConstant2.key.proof 
111990     DEBUG main            d.u.i.k.p.i.IntermediateProofReplayer Proof replay took 325.69ms 
111991     DEBUG main            d.u.i.k.p.r.p.TestFile    ... success: reloaded. 
111992     INFO  main            d.u.i.k.p.r.p.TestFile    Now processing file /home/runner/work/key/key/key.core/../key.ui/examples/standard_key/strings/stringEquality1.key 
111993     INFO  main            d.u.i.k.p.i.AbstractProblemLoader Loading environment from /home/runner/work/key/key/key.core/../key.ui/examples/standard_key/strings/stringEquality1.key 
111993     DEBUG main            d.u.i.k.p.i.AbstractProblemLoader Environment load took 170.9ns 
111994     INFO  main            d.u.i.k.p.i.AbstractProblemLoader Creating init config 
114388     DEBUG main            d.u.i.k.p.i.AbstractProblemLoader Init config took 2.39s 
114402     INFO  main            d.u.i.k.p.i.AbstractProblemLoader Replaying proof stringEquality1.key 
114403     DEBUG main            d.u.i.k.p.i.IntermediateProofReplayer Proof replay took 8ns 
114505     INFO  main            d.u.i.k.p.r.p.TestFile    ... finished proof: closed. 
114782     INFO  main            d.u.i.k.p.i.AbstractProblemLoader Loading environment from /home/runner/work/key/key/key.core/../key.ui/examples/standard_key/strings/stringEquality1.key.proof 
114782     DEBUG main            d.u.i.k.p.i.AbstractProblemLoader Environment load took 114.6ns 
114783     INFO  main            d.u.i.k.p.i.AbstractProblemLoader Creating init config 
117105     DEBUG main            d.u.i.k.p.i.AbstractProblemLoader Init config took 2.32s 
117118     INFO  main            d.u.i.k.p.i.AbstractProblemLoader Replaying proof stringEquality1.key.proof 
117130     DEBUG main            d.u.i.k.p.i.IntermediateProofReplayer Proof replay took 9.68ms 
117131     DEBUG main            d.u.i.k.p.r.p.TestFile    ... success: reloaded. 
117131     INFO  main            d.u.i.k.p.r.p.TestFile    Now processing file /home/runner/work/key/key/key.core/../key.ui/examples/standard_key/strings/stringEquality2.key 
117132     INFO  main            d.u.i.k.p.i.AbstractProblemLoader Loading environment from /home/runner/work/key/key/key.core/../key.ui/examples/standard_key/strings/stringEquality2.key 
117132     DEBUG main            d.u.i.k.p.i.AbstractProblemLoader Environment load took 181.8ns 
117133     INFO  main            d.u.i.k.p.i.AbstractProblemLoader Creating init config 
119529     DEBUG main            d.u.i.k.p.i.AbstractProblemLoader Init config took 2.4s 
119543     INFO  main            d.u.i.k.p.i.AbstractProblemLoader Replaying proof stringEquality2.key 
119544     DEBUG main            d.u.i.k.p.i.IntermediateProofReplayer Proof replay took 7.7ns 
119952     INFO  main            d.u.i.k.p.r.p.TestFile    ... finished proof: closed. 
120206     INFO  main            d.u.i.k.p.i.AbstractProblemLoader Loading environment from /home/runner/work/key/key/key.core/../key.ui/examples/standard_key/strings/stringEquality2.key.proof 
120206     DEBUG main            d.u.i.k.p.i.AbstractProblemLoader Environment load took 373.61ns 
120209     INFO  main            d.u.i.k.p.i.AbstractProblemLoader Creating init config 
122540     DEBUG main            d.u.i.k.p.i.AbstractProblemLoader Init config took 2.33s 
122554     INFO  main            d.u.i.k.p.i.AbstractProblemLoader Replaying proof stringEquality2.key.proof 
122602     DEBUG main            d.u.i.k.p.i.IntermediateProofReplayer Proof replay took 44.02ms 
122603     DEBUG main            d.u.i.k.p.r.p.TestFile    ... success: reloaded. 
122604     INFO  main            d.u.i.k.p.r.p.TestFile    Now processing file /home/runner/work/key/key/key.core/../key.ui/examples/standard_key/strings/substring0.key 
122604     INFO  main            d.u.i.k.p.i.AbstractProblemLoader Loading environment from /home/runner/work/key/key/key.core/../key.ui/examples/standard_key/strings/substring0.key 
122604     DEBUG main            d.u.i.k.p.i.AbstractProblemLoader Environment load took 78.1ns 
122605     INFO  main            d.u.i.k.p.i.AbstractProblemLoader Creating init config 
124999     DEBUG main            d.u.i.k.p.i.AbstractProblemLoader Init config took 2.39s 
125013     INFO  main            d.u.i.k.p.i.AbstractProblemLoader Replaying proof substring0.key 
125014     DEBUG main            d.u.i.k.p.i.IntermediateProofReplayer Proof replay took 17.6ns 
125116     INFO  main            d.u.i.k.p.r.p.TestFile    ... finished proof: closed. 
125370     INFO  main            d.u.i.k.p.i.AbstractProblemLoader Loading environment from /home/runner/work/key/key/key.core/../key.ui/examples/standard_key/strings/substring0.key.proof 
125370     DEBUG main            d.u.i.k.p.i.AbstractProblemLoader Environment load took 123.6ns 
125371     INFO  main            d.u.i.k.p.i.AbstractProblemLoader Creating init config 
127698     DEBUG main            d.u.i.k.p.i.AbstractProblemLoader Init config took 2.33s 
127712     INFO  main            d.u.i.k.p.i.AbstractProblemLoader Replaying proof substring0.key.proof 
127714     DEBUG main            d.u.i.k.p.i.IntermediateProofReplayer Proof replay took 483.71ns 
127715     DEBUG main            d.u.i.k.p.r.p.TestFile    ... success: reloaded. 
127715     INFO  main            d.u.i.k.p.r.p.TestFile    Now processing file /home/runner/work/key/key/key.core/../key.ui/examples/standard_key/strings/substring1.key 
127716     INFO  main            d.u.i.k.p.i.AbstractProblemLoader Loading environment from /home/runner/work/key/key/key.core/../key.ui/examples/standard_key/strings/substring1.key 
127716     DEBUG main            d.u.i.k.p.i.AbstractProblemLoader Environment load took 87.4ns 
127717     INFO  main            d.u.i.k.p.i.AbstractProblemLoader Creating init config 
130092     DEBUG main            d.u.i.k.p.i.AbstractProblemLoader Init config took 2.38s 
130105     INFO  main            d.u.i.k.p.i.AbstractProblemLoader Replaying proof substring1.key 
130106     DEBUG main            d.u.i.k.p.i.IntermediateProofReplayer Proof replay took 9ns 
130208     INFO  main            d.u.i.k.p.r.p.TestFile    ... finished proof: closed. 
130449     INFO  main            d.u.i.k.p.i.AbstractProblemLoader Loading environment from /home/runner/work/key/key/key.core/../key.ui/examples/standard_key/strings/substring1.key.proof 
130449     DEBUG main            d.u.i.k.p.i.AbstractProblemLoader Environment load took 125.5ns 
130450     INFO  main            d.u.i.k.p.i.AbstractProblemLoader Creating init config 
132808     DEBUG main            d.u.i.k.p.i.AbstractProblemLoader Init config took 2.36s 
132821     INFO  main            d.u.i.k.p.i.AbstractProblemLoader Replaying proof substring1.key.proof 
132823     DEBUG main            d.u.i.k.p.i.IntermediateProofReplayer Proof replay took 425.91ns 
132824     DEBUG main            d.u.i.k.p.r.p.TestFile    ... success: reloaded. 
132824     INFO  main            d.u.i.k.p.r.p.TestFile    Now processing file /home/runner/work/key/key/key.core/../key.ui/examples/standard_key/strings/substring2.key 
132824     INFO  main            d.u.i.k.p.i.AbstractProblemLoader Loading environment from /home/runner/work/key/key/key.core/../key.ui/examples/standard_key/strings/substring2.key 
132824     DEBUG main            d.u.i.k.p.i.AbstractProblemLoader Environment load took 101.2ns 
132825     INFO  main            d.u.i.k.p.i.AbstractProblemLoader Creating init config 
135179     DEBUG main            d.u.i.k.p.i.AbstractProblemLoader Init config took 2.35s 
135193     INFO  main            d.u.i.k.p.i.AbstractProblemLoader Replaying proof substring2.key 
135194     DEBUG main            d.u.i.k.p.i.IntermediateProofReplayer Proof replay took 8.5ns 
135296     INFO  main            d.u.i.k.p.r.p.TestFile    ... finished proof: closed. 
135547     INFO  main            d.u.i.k.p.i.AbstractProblemLoader Loading environment from /home/runner/work/key/key/key.core/../key.ui/examples/standard_key/strings/substring2.key.proof 
135547     DEBUG main            d.u.i.k.p.i.AbstractProblemLoader Environment load took 128.1ns 
135548     INFO  main            d.u.i.k.p.i.AbstractProblemLoader Creating init config 
137876     DEBUG main            d.u.i.k.p.i.AbstractProblemLoader Init config took 2.33s 
137889     INFO  main            d.u.i.k.p.i.AbstractProblemLoader Replaying proof substring2.key.proof 
137892     DEBUG main            d.u.i.k.p.i.IntermediateProofReplayer Proof replay took 801.62ns 
137892     DEBUG main            d.u.i.k.p.r.p.TestFile    ... success: reloaded. 
137893     INFO  main            d.u.i.k.p.r.p.TestFile    Now processing file /home/runner/work/key/key/key.core/../key.ui/examples/standard_key/strings/substring3.key 
137893     INFO  main            d.u.i.k.p.i.AbstractProblemLoader Loading environment from /home/runner/work/key/key/key.core/../key.ui/examples/standard_key/strings/substring3.key 
137894     DEBUG main            d.u.i.k.p.i.AbstractProblemLoader Environment load took 163.2ns 
137894     INFO  main            d.u.i.k.p.i.AbstractProblemLoader Creating init config 
140287     DEBUG main            d.u.i.k.p.i.AbstractProblemLoader Init config took 2.39s 
140301     INFO  main            d.u.i.k.p.i.AbstractProblemLoader Replaying proof substring3.key 
140319     DEBUG main            d.u.i.k.p.i.IntermediateProofReplayer Proof replay took 9ns 
140423     INFO  main            d.u.i.k.p.r.p.TestFile    ... finished proof: closed. 
140669     INFO  main            d.u.i.k.p.i.AbstractProblemLoader Loading environment from /home/runner/work/key/key/key.core/../key.ui/examples/standard_key/strings/substring3.key.proof 
140670     DEBUG main            d.u.i.k.p.i.AbstractProblemLoader Environment load took 114.8ns 
140671     INFO  main            d.u.i.k.p.i.AbstractProblemLoader Creating init config 
142990     DEBUG main            d.u.i.k.p.i.AbstractProblemLoader Init config took 2.32s 
143004     INFO  main            d.u.i.k.p.i.AbstractProblemLoader Replaying proof substring3.key.proof 
143008     DEBUG main            d.u.i.k.p.i.IntermediateProofReplayer Proof replay took 2.35ms 
143008     DEBUG main            d.u.i.k.p.r.p.TestFile    ... success: reloaded. 
143009     INFO  main            d.u.i.k.p.r.p.TestFile    Now processing file /home/runner/work/key/key/key.core/../key.ui/examples/standard_key/strings/substring4.key 
143009     INFO  main            d.u.i.k.p.i.AbstractProblemLoader Loading environment from /home/runner/work/key/key/key.core/../key.ui/examples/standard_key/strings/substring4.key 
143009     DEBUG main            d.u.i.k.p.i.AbstractProblemLoader Environment load took 215.1ns 
143010     INFO  main            d.u.i.k.p.i.AbstractProblemLoader Creating init config 
145379     DEBUG main            d.u.i.k.p.i.AbstractProblemLoader Init config took 2.37s 
145392     INFO  main            d.u.i.k.p.i.AbstractProblemLoader Replaying proof substring4.key 
145393     DEBUG main            d.u.i.k.p.i.IntermediateProofReplayer Proof replay took 8.3ns 
145499     INFO  main            d.u.i.k.p.r.p.TestFile    ... finished proof: closed. 
145760     INFO  main            d.u.i.k.p.i.AbstractProblemLoader Loading environment from /home/runner/work/key/key/key.core/../key.ui/examples/standard_key/strings/substring4.key.proof 
145760     DEBUG main            d.u.i.k.p.i.AbstractProblemLoader Environment load took 115.3ns 
145761     INFO  main            d.u.i.k.p.i.AbstractProblemLoader Creating init config 
148116     DEBUG main            d.u.i.k.p.i.AbstractProblemLoader Init config took 2.35s 
148130     INFO  main            d.u.i.k.p.i.AbstractProblemLoader Replaying proof substring4.key.proof 
148135     DEBUG main            d.u.i.k.p.i.IntermediateProofReplayer Proof replay took 3.15ms 
148136     DEBUG main            d.u.i.k.p.r.p.TestFile    ... success: reloaded. 
148136     INFO  main            d.u.i.k.p.r.p.TestFile    Now processing file /home/runner/work/key/key/key.core/../key.ui/examples/standard_key/strings/substring5.key 
148136     INFO  main            d.u.i.k.p.i.AbstractProblemLoader Loading environment from /home/runner/work/key/key/key.core/../key.ui/examples/standard_key/strings/substring5.key 
148136     DEBUG main            d.u.i.k.p.i.AbstractProblemLoader Environment load took 107ns 
148137     INFO  main            d.u.i.k.p.i.AbstractProblemLoader Creating init config 
150517     DEBUG main            d.u.i.k.p.i.AbstractProblemLoader Init config took 2.38s 
150531     INFO  main            d.u.i.k.p.i.AbstractProblemLoader Replaying proof substring5.key 
150532     DEBUG main            d.u.i.k.p.i.IntermediateProofReplayer Proof replay took 7.1ns 
150836     INFO  main            d.u.i.k.p.r.p.TestFile    ... finished proof: closed. 
151151     INFO  main            d.u.i.k.p.i.AbstractProblemLoader Loading environment from /home/runner/work/key/key/key.core/../key.ui/examples/standard_key/strings/substring5.key.proof 
151151     DEBUG main            d.u.i.k.p.i.AbstractProblemLoader Environment load took 114.8ns 
151152     INFO  main            d.u.i.k.p.i.AbstractProblemLoader Creating init config 
153466     DEBUG main            d.u.i.k.p.i.AbstractProblemLoader Init config took 2.31s 
153479     INFO  main            d.u.i.k.p.i.AbstractProblemLoader Replaying proof substring5.key.proof 
153507     DEBUG main            d.u.i.k.p.i.IntermediateProofReplayer Proof replay took 24.31ms 
153508     DEBUG main            d.u.i.k.p.r.p.TestFile    ... success: reloaded. 
4057415    INFO  Test worker     d.u.i.k.p.r.RunAllProofsTestUnit Returning from test strings 
4057416    INFO  Test worker     d.u.i.k.p.r.RunAllProofsTestUnit Running test simple_info_flow 
359        INFO  Timeout watchdog d.u.i.k.p.r.p.ForkedTestFileRunner Timeout watcher launched (2000 secs.) 
366        WARN  main            d.u.i.k.s.ProofSettings   The settings in /home/runner/.key/proof-settings.props are *not* read. 
392        INFO  main            d.u.i.k.p.r.p.TestFile    Now processing file /home/runner/work/key/key/key.core/../key.ui/examples/heap/information_flow/UpdateAbstraction_ex7_1_insecure.key 
503        INFO  main            d.u.i.k.p.i.AbstractProblemLoader Loading environment from /home/runner/work/key/key/key.core/../key.ui/examples/heap/information_flow/UpdateAbstraction_ex7_1_insecure.key 
529        DEBUG main            d.u.i.k.p.i.AbstractProblemLoader Environment load took 2.15ms 
742        INFO  main            d.u.i.k.p.i.AbstractProblemLoader Creating init config 
1507       DEBUG main            d.u.i.k.j.TypeConverter   No LDT found for Meta 
1508       DEBUG main            d.u.i.k.j.TypeConverter   No LDT found for Meta 
1509       DEBUG main            d.u.i.k.j.TypeConverter   No LDT found for Meta 
1509       DEBUG main            d.u.i.k.j.TypeConverter   No LDT found for Meta 
2771       DEBUG main            d.u.i.k.j.TypeConverter   No LDT found for JavaBigintExpression 
8308       DEBUG main            d.u.i.k.p.i.AbstractProblemLoader Init config took 7.57s 
8434       INFO  main            d.u.i.k.p.i.AbstractProblemLoader Replaying proof UpdateAbstraction[UpdateAbstraction::ex7_1_insecure()].JML operation contract.0 
8514       DEBUG main            d.u.i.k.p.i.IntermediateProofReplayer Proof replay took 41ns 
9153       INFO  main            d.u.i.k.p.r.p.TestFile    ... finished proof: open goal(s) 
9261       INFO  main            d.u.i.k.p.r.p.TestFile    Now processing file /home/runner/work/key/key/key.core/../key.ui/examples/heap/information_flow/UpdateAbstraction_ex7_2_insecure.key 
9263       INFO  main            d.u.i.k.p.i.AbstractProblemLoader Loading environment from /home/runner/work/key/key/key.core/../key.ui/examples/heap/information_flow/UpdateAbstraction_ex7_2_insecure.key 
9265       DEBUG main            d.u.i.k.p.i.AbstractProblemLoader Environment load took 1.48ms 
9267       INFO  main            d.u.i.k.p.i.AbstractProblemLoader Creating init config 
12209      DEBUG main            d.u.i.k.p.i.AbstractProblemLoader Init config took 2.94s 
12303      INFO  main            d.u.i.k.p.i.AbstractProblemLoader Replaying proof UpdateAbstraction[UpdateAbstraction::ex7_2_insecure()].JML operation contract.0 
12310      DEBUG main            d.u.i.k.p.i.IntermediateProofReplayer Proof replay took 6.9ns 
12616      INFO  main            d.u.i.k.p.r.p.TestFile    ... finished proof: open goal(s) 
4070367    INFO  Test worker     d.u.i.k.p.r.RunAllProofsTestUnit Returning from test simple_info_flow 
4070368    INFO  Test worker     d.u.i.k.p.r.RunAllProofsTestUnit Running test modelMethods 
332        INFO  Timeout watchdog d.u.i.k.p.r.p.ForkedTestFileRunner Timeout watcher launched (2000 secs.) 
340        WARN  main            d.u.i.k.s.ProofSettings   The settings in /home/runner/.key/proof-settings.props are *not* read. 
368        INFO  main            d.u.i.k.p.r.p.TestFile    Now processing file /home/runner/work/key/key/key.core/../key.ui/examples/heap/model_methods/Cell_footprint_acc.key 
477        INFO  main            d.u.i.k.p.i.AbstractProblemLoader Loading environment from /home/runner/work/key/key/key.core/../key.ui/examples/heap/model_methods/Cell_footprint_acc.key 
504        DEBUG main            d.u.i.k.p.i.AbstractProblemLoader Environment load took 12.26ms 
730        INFO  main            d.u.i.k.p.i.AbstractProblemLoader Creating init config 
1507       DEBUG main            d.u.i.k.j.TypeConverter   No LDT found for Meta 
1508       DEBUG main            d.u.i.k.j.TypeConverter   No LDT found for Meta 
1509       DEBUG main            d.u.i.k.j.TypeConverter   No LDT found for Meta 
1509       DEBUG main            d.u.i.k.j.TypeConverter   No LDT found for Meta 
2522       DEBUG main            d.u.i.k.j.TypeConverter   No LDT found for JavaBigintExpression 
8442       DEBUG main            d.u.i.k.p.i.AbstractProblemLoader Init config took 7.71s 
8571       INFO  main            d.u.i.k.p.i.AbstractProblemLoader Replaying proof Cell[Cell::footprint()].JML accessible clause.0 
8605       DEBUG main            d.u.i.k.p.i.IntermediateProofReplayer Proof replay took 33.7ns 
9084       INFO  main            d.u.i.k.p.r.p.TestFile    ... finished proof: closed. 
9193       INFO  main            d.u.i.k.p.i.AbstractProblemLoader Loading environment from /home/runner/work/key/key/key.core/../key.ui/examples/heap/model_methods/Cell_footprint_acc.key.proof 
9193       DEBUG main            d.u.i.k.p.i.AbstractProblemLoader Environment load took 382.71ns 
9195       INFO  main            d.u.i.k.p.i.AbstractProblemLoader Creating init config 
12222      DEBUG main            d.u.i.k.p.i.AbstractProblemLoader Init config took 3.03s 
12292      INFO  main            d.u.i.k.p.i.AbstractProblemLoader Replaying proof Cell[Cell::footprint()].JML accessible clause.0 
12334      DEBUG main            d.u.i.k.p.i.IntermediateProofReplayer Proof replay took 36.04ms 
12341      DEBUG main            d.u.i.k.p.r.p.TestFile    ... success: reloaded. 
12342      INFO  main            d.u.i.k.p.r.p.TestFile    Now processing file /home/runner/work/key/key/key.core/../key.ui/examples/heap/model_methods/Cell_footprint.key 
12343      INFO  main            d.u.i.k.p.i.AbstractProblemLoader Loading environment from /home/runner/work/key/key/key.core/../key.ui/examples/heap/model_methods/Cell_footprint.key 
12343      DEBUG main            d.u.i.k.p.i.AbstractProblemLoader Environment load took 196.71ns 
12345      INFO  main            d.u.i.k.p.i.AbstractProblemLoader Creating init config 
15311      DEBUG main            d.u.i.k.p.i.AbstractProblemLoader Init config took 2.97s 
15381      INFO  main            d.u.i.k.p.i.AbstractProblemLoader Replaying proof Cell[Cell::footprint()].JML model_behavior operation contract.0 
15384      DEBUG main            d.u.i.k.p.i.IntermediateProofReplayer Proof replay took 6.9ns 
15486      INFO  main            d.u.i.k.p.r.p.TestFile    ... finished proof: closed. 
15651      INFO  main            d.u.i.k.p.i.AbstractProblemLoader Loading environment from /home/runner/work/key/key/key.core/../key.ui/examples/heap/model_methods/Cell_footprint.key.proof 
15651      DEBUG main            d.u.i.k.p.i.AbstractProblemLoader Environment load took 135ns 
15652      INFO  main            d.u.i.k.p.i.AbstractProblemLoader Creating init config 
18470      DEBUG main            d.u.i.k.p.i.AbstractProblemLoader Init config took 2.82s 
18542      INFO  main            d.u.i.k.p.i.AbstractProblemLoader Replaying proof Cell[Cell::footprint()].JML model_behavior operation contract.0 
18551      DEBUG main            d.u.i.k.p.i.IntermediateProofReplayer Proof replay took 6.84ms 
18553      DEBUG main            d.u.i.k.p.r.p.TestFile    ... success: reloaded. 
18554      INFO  main            d.u.i.k.p.r.p.TestFile    Now processing file /home/runner/work/key/key/key.core/../key.ui/examples/heap/model_methods/Cell_get_acc.key 
18554      INFO  main            d.u.i.k.p.i.AbstractProblemLoader Loading environment from /home/runner/work/key/key/key.core/../key.ui/examples/heap/model_methods/Cell_get_acc.key 
18555      DEBUG main            d.u.i.k.p.i.AbstractProblemLoader Environment load took 186.8ns 
18556      INFO  main            d.u.i.k.p.i.AbstractProblemLoader Creating init config 
21386      DEBUG main            d.u.i.k.p.i.AbstractProblemLoader Init config took 2.83s 
21441      INFO  main            d.u.i.k.p.i.AbstractProblemLoader Replaying proof Cell[Cell::get()].JML accessible clause.0 
21444      DEBUG main            d.u.i.k.p.i.IntermediateProofReplayer Proof replay took 6.1ns 
21650      INFO  main            d.u.i.k.p.r.p.TestFile    ... finished proof: closed. 
21827      INFO  main            d.u.i.k.p.i.AbstractProblemLoader Loading environment from /home/runner/work/key/key/key.core/../key.ui/examples/heap/model_methods/Cell_get_acc.key.proof 
21828      DEBUG main            d.u.i.k.p.i.AbstractProblemLoader Environment load took 395.21ns 
21829      INFO  main            d.u.i.k.p.i.AbstractProblemLoader Creating init config 
24573      DEBUG main            d.u.i.k.p.i.AbstractProblemLoader Init config took 2.74s 
24626      INFO  main            d.u.i.k.p.i.AbstractProblemLoader Replaying proof Cell[Cell::get()].JML accessible clause.0 
24697      DEBUG main            d.u.i.k.p.i.IntermediateProofReplayer Proof replay took 67.93ms 
24699      DEBUG main            d.u.i.k.p.r.p.TestFile    ... success: reloaded. 
24701      INFO  main            d.u.i.k.p.r.p.TestFile    Now processing file /home/runner/work/key/key/key.core/../key.ui/examples/heap/model_methods/Cell_get.key 
24701      INFO  main            d.u.i.k.p.i.AbstractProblemLoader Loading environment from /home/runner/work/key/key/key.core/../key.ui/examples/heap/model_methods/Cell_get.key 
24702      DEBUG main            d.u.i.k.p.i.AbstractProblemLoader Environment load took 186.1ns 
24703      INFO  main            d.u.i.k.p.i.AbstractProblemLoader Creating init config 
27507      DEBUG main            d.u.i.k.p.i.AbstractProblemLoader Init config took 2.8s 
27562      INFO  main            d.u.i.k.p.i.AbstractProblemLoader Replaying proof Cell[Cell::get()].JML operation contract.0 
27564      DEBUG main            d.u.i.k.p.i.IntermediateProofReplayer Proof replay took 5.8ns 
27667      INFO  main            d.u.i.k.p.r.p.TestFile    ... finished proof: closed. 
27813      INFO  main            d.u.i.k.p.i.AbstractProblemLoader Loading environment from /home/runner/work/key/key/key.core/../key.ui/examples/heap/model_methods/Cell_get.key.proof 
27813      DEBUG main            d.u.i.k.p.i.AbstractProblemLoader Environment load took 120.5ns 
27814      INFO  main            d.u.i.k.p.i.AbstractProblemLoader Creating init config 
30505      DEBUG main            d.u.i.k.p.i.AbstractProblemLoader Init config took 2.69s 
30554      INFO  main            d.u.i.k.p.i.AbstractProblemLoader Replaying proof Cell[Cell::get()].JML operation contract.0 
30572      DEBUG main            d.u.i.k.p.i.IntermediateProofReplayer Proof replay took 16.12ms 
30574      DEBUG main            d.u.i.k.p.r.p.TestFile    ... success: reloaded. 
30575      INFO  main            d.u.i.k.p.r.p.TestFile    Now processing file /home/runner/work/key/key/key.core/../key.ui/examples/heap/model_methods/Cell_post_set.key 
30575      INFO  main            d.u.i.k.p.i.AbstractProblemLoader Loading environment from /home/runner/work/key/key/key.core/../key.ui/examples/heap/model_methods/Cell_post_set.key 
30575      DEBUG main            d.u.i.k.p.i.AbstractProblemLoader Environment load took 175.6ns 
30576      INFO  main            d.u.i.k.p.i.AbstractProblemLoader Creating init config 
33320      DEBUG main            d.u.i.k.p.i.AbstractProblemLoader Init config took 2.74s 
33369      INFO  main            d.u.i.k.p.i.AbstractProblemLoader Replaying proof Cell[Cell::post_set(int)].JML model_behavior operation contract.0 
33371      DEBUG main            d.u.i.k.p.i.IntermediateProofReplayer Proof replay took 7.3ns 
33473      INFO  main            d.u.i.k.p.r.p.TestFile    ... finished proof: closed. 
33635      INFO  main            d.u.i.k.p.i.AbstractProblemLoader Loading environment from /home/runner/work/key/key/key.core/../key.ui/examples/heap/model_methods/Cell_post_set.key.proof 
33635      DEBUG main            d.u.i.k.p.i.AbstractProblemLoader Environment load took 143.3ns 
33636      INFO  main            d.u.i.k.p.i.AbstractProblemLoader Creating init config 
36325      DEBUG main            d.u.i.k.p.i.AbstractProblemLoader Init config took 2.69s 
36376      INFO  main            d.u.i.k.p.i.AbstractProblemLoader Replaying proof Cell[Cell::post_set(int)].JML model_behavior operation contract.0 
36384      DEBUG main            d.u.i.k.p.i.IntermediateProofReplayer Proof replay took 6.31ms 
36385      DEBUG main            d.u.i.k.p.r.p.TestFile    ... success: reloaded. 
36386      INFO  main            d.u.i.k.p.r.p.TestFile    Now processing file /home/runner/work/key/key/key.core/../key.ui/examples/heap/model_methods/Cell_set.key 
36386      INFO  main            d.u.i.k.p.i.AbstractProblemLoader Loading environment from /home/runner/work/key/key/key.core/../key.ui/examples/heap/model_methods/Cell_set.key 
36387      DEBUG main            d.u.i.k.p.i.AbstractProblemLoader Environment load took 452.61ns 
36388      INFO  main            d.u.i.k.p.i.AbstractProblemLoader Creating init config 
39124      DEBUG main            d.u.i.k.p.i.AbstractProblemLoader Init config took 2.74s 
39181      INFO  main            d.u.i.k.p.i.AbstractProblemLoader Replaying proof Cell[Cell::set(int)].JML operation contract.0 
39183      DEBUG main            d.u.i.k.p.i.IntermediateProofReplayer Proof replay took 7.8ns 
46105      INFO  main            d.u.i.k.p.r.p.TestFile    ... finished proof: closed. 
46399      INFO  main            d.u.i.k.p.i.AbstractProblemLoader Loading environment from /home/runner/work/key/key/key.core/../key.ui/examples/heap/model_methods/Cell_set.key.proof 
46399      DEBUG main            d.u.i.k.p.i.AbstractProblemLoader Environment load took 355.51ns 
46401      INFO  main            d.u.i.k.p.i.AbstractProblemLoader Creating init config 
49060      DEBUG main            d.u.i.k.p.i.AbstractProblemLoader Init config took 2.66s 
49105      INFO  main            d.u.i.k.p.i.AbstractProblemLoader Replaying proof Cell[Cell::set(int)].JML operation contract.0 
49733      DEBUG main            d.u.i.k.p.i.IntermediateProofReplayer Proof replay took 612.79ms 
49735      DEBUG main            d.u.i.k.p.r.p.TestFile    ... success: reloaded. 
49737      INFO  main            d.u.i.k.p.r.p.TestFile    Now processing file /home/runner/work/key/key/key.core/../key.ui/examples/heap/model_methods/CellTest_callSet.key 
49737      INFO  main            d.u.i.k.p.i.AbstractProblemLoader Loading environment from /home/runner/work/key/key/key.core/../key.ui/examples/heap/model_methods/CellTest_callSet.key 
49737      DEBUG main            d.u.i.k.p.i.AbstractProblemLoader Environment load took 189.6ns 
49738      INFO  main            d.u.i.k.p.i.AbstractProblemLoader Creating init config 
52414      DEBUG main            d.u.i.k.p.i.AbstractProblemLoader Init config took 2.68s 
52458      INFO  main            d.u.i.k.p.i.AbstractProblemLoader Replaying proof CellTest[CellTest::callSet(Cell,int)].JML operation contract.0 
52460      DEBUG main            d.u.i.k.p.i.IntermediateProofReplayer Proof replay took 6.4ns 
52664      INFO  main            d.u.i.k.p.r.p.TestFile    ... finished proof: closed. 
52855      INFO  main            d.u.i.k.p.i.AbstractProblemLoader Loading environment from /home/runner/work/key/key/key.core/../key.ui/examples/heap/model_methods/CellTest_callSet.key.proof 
52855      DEBUG main            d.u.i.k.p.i.AbstractProblemLoader Environment load took 122.2ns 
52856      INFO  main            d.u.i.k.p.i.AbstractProblemLoader Creating init config 
55521      DEBUG main            d.u.i.k.p.i.AbstractProblemLoader Init config took 2.67s 
55564      INFO  main            d.u.i.k.p.i.AbstractProblemLoader Replaying proof CellTest[CellTest::callSet(Cell,int)].JML operation contract.0 
55612      DEBUG main            d.u.i.k.p.i.IntermediateProofReplayer Proof replay took 45.35ms 
55613      DEBUG main            d.u.i.k.p.r.p.TestFile    ... success: reloaded. 
55614      INFO  main            d.u.i.k.p.r.p.TestFile    Now processing file /home/runner/work/key/key/key.core/../key.ui/examples/heap/model_methods/CellTest_test2.key 
55614      INFO  main            d.u.i.k.p.i.AbstractProblemLoader Loading environment from /home/runner/work/key/key/key.core/../key.ui/examples/heap/model_methods/CellTest_test2.key 
55615      DEBUG main            d.u.i.k.p.i.AbstractProblemLoader Environment load took 91.8ns 
55615      INFO  main            d.u.i.k.p.i.AbstractProblemLoader Creating init config 
58296      DEBUG main            d.u.i.k.p.i.AbstractProblemLoader Init config took 2.68s 
58340      INFO  main            d.u.i.k.p.i.AbstractProblemLoader Replaying proof CellTest[CellTest::test2(Cell)].JML operation contract.0 
58343      DEBUG main            d.u.i.k.p.i.IntermediateProofReplayer Proof replay took 6.6ns 
58646      INFO  main            d.u.i.k.p.r.p.TestFile    ... finished proof: closed. 
58852      INFO  main            d.u.i.k.p.i.AbstractProblemLoader Loading environment from /home/runner/work/key/key/key.core/../key.ui/examples/heap/model_methods/CellTest_test2.key.proof 
58854      DEBUG main            d.u.i.k.p.i.AbstractProblemLoader Environment load took 2.46ms 
58856      INFO  main            d.u.i.k.p.i.AbstractProblemLoader Creating init config 
61490      DEBUG main            d.u.i.k.p.i.AbstractProblemLoader Init config took 2.63s 
61536      INFO  main            d.u.i.k.p.i.AbstractProblemLoader Replaying proof CellTest[CellTest::test2(Cell)].JML operation contract.0 
61620      DEBUG main            d.u.i.k.p.i.IntermediateProofReplayer Proof replay took 80.97ms 
61621      DEBUG main            d.u.i.k.p.r.p.TestFile    ... success: reloaded. 
61622      INFO  main            d.u.i.k.p.r.p.TestFile    Now processing file /home/runner/work/key/key/key.core/../key.ui/examples/heap/model_methods/CellTest_test.key 
61623      INFO  main            d.u.i.k.p.i.AbstractProblemLoader Loading environment from /home/runner/work/key/key/key.core/../key.ui/examples/heap/model_methods/CellTest_test.key 
61623      DEBUG main            d.u.i.k.p.i.AbstractProblemLoader Environment load took 173.1ns 
61624      INFO  main            d.u.i.k.p.i.AbstractProblemLoader Creating init config 
64310      DEBUG main            d.u.i.k.p.i.AbstractProblemLoader Init config took 2.69s 
64358      INFO  main            d.u.i.k.p.i.AbstractProblemLoader Replaying proof CellTest[CellTest::test(Recell)].JML operation contract.0 
64359      DEBUG main            d.u.i.k.p.i.IntermediateProofReplayer Proof replay took 6.6ns 
67301      INFO  main            d.u.i.k.p.r.p.TestFile    ... finished proof: closed. 
67584      INFO  main            d.u.i.k.p.i.AbstractProblemLoader Loading environment from /home/runner/work/key/key/key.core/../key.ui/examples/heap/model_methods/CellTest_test.key.proof 
67584      DEBUG main            d.u.i.k.p.i.AbstractProblemLoader Environment load took 357.11ns 
67586      INFO  main            d.u.i.k.p.i.AbstractProblemLoader Creating init config 
70200      DEBUG main            d.u.i.k.p.i.AbstractProblemLoader Init config took 2.61s 
70241      INFO  main            d.u.i.k.p.i.AbstractProblemLoader Replaying proof CellTest[CellTest::test(Recell)].JML operation contract.0 
70839      DEBUG main            d.u.i.k.p.i.IntermediateProofReplayer Proof replay took 579.67ms 
70840      DEBUG main            d.u.i.k.p.r.p.TestFile    ... success: reloaded. 
70841      INFO  main            d.u.i.k.p.r.p.TestFile    Now processing file /home/runner/work/key/key/key.core/../key.ui/examples/heap/model_methods/Coll1_add.key 
70842      INFO  main            d.u.i.k.p.i.AbstractProblemLoader Loading environment from /home/runner/work/key/key/key.core/../key.ui/examples/heap/model_methods/Coll1_add.key 
70842      DEBUG main            d.u.i.k.p.i.AbstractProblemLoader Environment load took 178.4ns 
70843      INFO  main            d.u.i.k.p.i.AbstractProblemLoader Creating init config 
73494      DEBUG main            d.u.i.k.p.i.AbstractProblemLoader Init config took 2.65s 
73535      INFO  main            d.u.i.k.p.i.AbstractProblemLoader Replaying proof Coll1[Coll::add(int)].JML operation contract.0 
73537      DEBUG main            d.u.i.k.p.i.IntermediateProofReplayer Proof replay took 6.6ns 
73643      INFO  main            d.u.i.k.p.r.p.TestFile    ... finished proof: closed. 
73834      INFO  main            d.u.i.k.p.i.AbstractProblemLoader Loading environment from /home/runner/work/key/key/key.core/../key.ui/examples/heap/model_methods/Coll1_add.key.proof 
73835      DEBUG main            d.u.i.k.p.i.AbstractProblemLoader Environment load took 127ns 
73836      INFO  main            d.u.i.k.p.i.AbstractProblemLoader Creating init config 
76505      DEBUG main            d.u.i.k.p.i.AbstractProblemLoader Init config took 2.67s 
76568      INFO  main            d.u.i.k.p.i.AbstractProblemLoader Replaying proof Coll1[Coll::add(int)].JML operation contract.0 
76576      DEBUG main            d.u.i.k.p.i.IntermediateProofReplayer Proof replay took 7.22ms 
76577      DEBUG main            d.u.i.k.p.r.p.TestFile    ... success: reloaded. 
76578      INFO  main            d.u.i.k.p.r.p.TestFile    Now processing file /home/runner/work/key/key/key.core/../key.ui/examples/heap/model_methods/Coll1_Coll1_add_pre.key 
76579      INFO  main            d.u.i.k.p.i.AbstractProblemLoader Loading environment from /home/runner/work/key/key/key.core/../key.ui/examples/heap/model_methods/Coll1_Coll1_add_pre.key 
76579      DEBUG main            d.u.i.k.p.i.AbstractProblemLoader Environment load took 100.2ns 
76580      INFO  main            d.u.i.k.p.i.AbstractProblemLoader Creating init config 
79189      DEBUG main            d.u.i.k.p.i.AbstractProblemLoader Init config took 2.61s 
79229      INFO  main            d.u.i.k.p.i.AbstractProblemLoader Replaying proof Coll1[Coll1::add_pre(int)].JML model_behavior operation contract.0 
79231      DEBUG main            d.u.i.k.p.i.IntermediateProofReplayer Proof replay took 6.4ns 
79333      INFO  main            d.u.i.k.p.r.p.TestFile    ... finished proof: closed. 
79522      INFO  main            d.u.i.k.p.i.AbstractProblemLoader Loading environment from /home/runner/work/key/key/key.core/../key.ui/examples/heap/model_methods/Coll1_Coll1_add_pre.key.proof 
79522      DEBUG main            d.u.i.k.p.i.AbstractProblemLoader Environment load took 121ns 
79523      INFO  main            d.u.i.k.p.i.AbstractProblemLoader Creating init config 
82188      DEBUG main            d.u.i.k.p.i.AbstractProblemLoader Init config took 2.66s 
82227      INFO  main            d.u.i.k.p.i.AbstractProblemLoader Replaying proof Coll1[Coll1::add_pre(int)].JML model_behavior operation contract.0 
82230      DEBUG main            d.u.i.k.p.i.IntermediateProofReplayer Proof replay took 1.63ms 
82231      DEBUG main            d.u.i.k.p.r.p.TestFile    ... success: reloaded. 
82232      INFO  main            d.u.i.k.p.r.p.TestFile    Now processing file /home/runner/work/key/key/key.core/../key.ui/examples/heap/model_methods/Coll1_Coll_add_pre.key 
82233      INFO  main            d.u.i.k.p.i.AbstractProblemLoader Loading environment from /home/runner/work/key/key/key.core/../key.ui/examples/heap/model_methods/Coll1_Coll_add_pre.key 
82233      DEBUG main            d.u.i.k.p.i.AbstractProblemLoader Environment load took 128.2ns 
82234      INFO  main            d.u.i.k.p.i.AbstractProblemLoader Creating init config 
84891      DEBUG main            d.u.i.k.p.i.AbstractProblemLoader Init config took 2.66s 
84933      INFO  main            d.u.i.k.p.i.AbstractProblemLoader Replaying proof Coll1[Coll::add_pre(int)].JML model_behavior operation contract.0 
84935      DEBUG main            d.u.i.k.p.i.IntermediateProofReplayer Proof replay took 7.2ns 
85037      INFO  main            d.u.i.k.p.r.p.TestFile    ... finished proof: closed. 
85232      INFO  main            d.u.i.k.p.i.AbstractProblemLoader Loading environment from /home/runner/work/key/key/key.core/../key.ui/examples/heap/model_methods/Coll1_Coll_add_pre.key.proof 
85232      DEBUG main            d.u.i.k.p.i.AbstractProblemLoader Environment load took 131.2ns 
85233      INFO  main            d.u.i.k.p.i.AbstractProblemLoader Creating init config 
87831      DEBUG main            d.u.i.k.p.i.AbstractProblemLoader Init config took 2.6s 
87870      INFO  main            d.u.i.k.p.i.AbstractProblemLoader Replaying proof Coll1[Coll::add_pre(int)].JML model_behavior operation contract.0 
87873      DEBUG main            d.u.i.k.p.i.IntermediateProofReplayer Proof replay took 2.12ms 
87874      DEBUG main            d.u.i.k.p.r.p.TestFile    ... success: reloaded. 
87875      INFO  main            d.u.i.k.p.r.p.TestFile    Now processing file /home/runner/work/key/key/key.core/../key.ui/examples/heap/model_methods/Coll2_add.key 
87875      INFO  main            d.u.i.k.p.i.AbstractProblemLoader Loading environment from /home/runner/work/key/key/key.core/../key.ui/examples/heap/model_methods/Coll2_add.key 
87875      DEBUG main            d.u.i.k.p.i.AbstractProblemLoader Environment load took 87.9ns 
87876      INFO  main            d.u.i.k.p.i.AbstractProblemLoader Creating init config 
90557      DEBUG main            d.u.i.k.p.i.AbstractProblemLoader Init config took 2.68s 
90601      INFO  main            d.u.i.k.p.i.AbstractProblemLoader Replaying proof Coll2[Coll::add(int)].JML operation contract.0 
90602      DEBUG main            d.u.i.k.p.i.IntermediateProofReplayer Proof replay took 7.4ns 
90704      INFO  main            d.u.i.k.p.r.p.TestFile    ... finished proof: closed. 
90935      INFO  main            d.u.i.k.p.i.AbstractProblemLoader Loading environment from /home/runner/work/key/key/key.core/../key.ui/examples/heap/model_methods/Coll2_add.key.proof 
90935      DEBUG main            d.u.i.k.p.i.AbstractProblemLoader Environment load took 120ns 
90936      INFO  main            d.u.i.k.p.i.AbstractProblemLoader Creating init config 
93526      DEBUG main            d.u.i.k.p.i.AbstractProblemLoader Init config took 2.59s 
93565      INFO  main            d.u.i.k.p.i.AbstractProblemLoader Replaying proof Coll2[Coll::add(int)].JML operation contract.0 
93574      DEBUG main            d.u.i.k.p.i.IntermediateProofReplayer Proof replay took 7.15ms 
93575      DEBUG main            d.u.i.k.p.r.p.TestFile    ... success: reloaded. 
93576      INFO  main            d.u.i.k.p.r.p.TestFile    Now processing file /home/runner/work/key/key/key.core/../key.ui/examples/heap/model_methods/Coll2_Coll2_add_pre.key 
93577      INFO  main            d.u.i.k.p.i.AbstractProblemLoader Loading environment from /home/runner/work/key/key/key.core/../key.ui/examples/heap/model_methods/Coll2_Coll2_add_pre.key 
93577      DEBUG main            d.u.i.k.p.i.AbstractProblemLoader Environment load took 177.3ns 
93578      INFO  main            d.u.i.k.p.i.AbstractProblemLoader Creating init config 
96244      DEBUG main            d.u.i.k.p.i.AbstractProblemLoader Init config took 2.67s 
96289      INFO  main            d.u.i.k.p.i.AbstractProblemLoader Replaying proof Coll2[Coll2::add_pre(int)].JML model_behavior operation contract.0 
96292      DEBUG main            d.u.i.k.p.i.IntermediateProofReplayer Proof replay took 6.9ns 
96395      INFO  main            d.u.i.k.p.r.p.TestFile    ... finished proof: closed. 
96607      INFO  main            d.u.i.k.p.i.AbstractProblemLoader Loading environment from /home/runner/work/key/key/key.core/../key.ui/examples/heap/model_methods/Coll2_Coll2_add_pre.key.proof 
96607      DEBUG main            d.u.i.k.p.i.AbstractProblemLoader Environment load took 117.8ns 
96608      INFO  main            d.u.i.k.p.i.AbstractProblemLoader Creating init config 
99200      DEBUG main            d.u.i.k.p.i.AbstractProblemLoader Init config took 2.59s 
99248      INFO  main            d.u.i.k.p.i.AbstractProblemLoader Replaying proof Coll2[Coll2::add_pre(int)].JML model_behavior operation contract.0 
99251      DEBUG main            d.u.i.k.p.i.IntermediateProofReplayer Proof replay took 1.44ms 
99252      DEBUG main            d.u.i.k.p.r.p.TestFile    ... success: reloaded. 
99253      INFO  main            d.u.i.k.p.r.p.TestFile    Now processing file /home/runner/work/key/key/key.core/../key.ui/examples/heap/model_methods/Coll2_Coll_add_pre.key 
99254      INFO  main            d.u.i.k.p.i.AbstractProblemLoader Loading environment from /home/runner/work/key/key/key.core/../key.ui/examples/heap/model_methods/Coll2_Coll_add_pre.key 
99254      DEBUG main            d.u.i.k.p.i.AbstractProblemLoader Environment load took 105.3ns 
99255      INFO  main            d.u.i.k.p.i.AbstractProblemLoader Creating init config 
101950     DEBUG main            d.u.i.k.p.i.AbstractProblemLoader Init config took 2.7s 
101988     INFO  main            d.u.i.k.p.i.AbstractProblemLoader Replaying proof Coll2[Coll::add_pre(int)].JML model_behavior operation contract.0 
101989     DEBUG main            d.u.i.k.p.i.IntermediateProofReplayer Proof replay took 6ns 
102092     INFO  main            d.u.i.k.p.r.p.TestFile    ... finished proof: closed. 
102308     INFO  main            d.u.i.k.p.i.AbstractProblemLoader Loading environment from /home/runner/work/key/key/key.core/../key.ui/examples/heap/model_methods/Coll2_Coll_add_pre.key.proof 
102308     DEBUG main            d.u.i.k.p.i.AbstractProblemLoader Environment load took 119.4ns 
102309     INFO  main            d.u.i.k.p.i.AbstractProblemLoader Creating init config 
104917     DEBUG main            d.u.i.k.p.i.AbstractProblemLoader Init config took 2.61s 
104956     INFO  main            d.u.i.k.p.i.AbstractProblemLoader Replaying proof Coll2[Coll::add_pre(int)].JML model_behavior operation contract.0 
104959     DEBUG main            d.u.i.k.p.i.IntermediateProofReplayer Proof replay took 2.09ms 
104960     DEBUG main            d.u.i.k.p.r.p.TestFile    ... success: reloaded. 
104961     INFO  main            d.u.i.k.p.r.p.TestFile    Now processing file /home/runner/work/key/key/key.core/../key.ui/examples/heap/model_methods/Coll_add.key 
104961     INFO  main            d.u.i.k.p.i.AbstractProblemLoader Loading environment from /home/runner/work/key/key/key.core/../key.ui/examples/heap/model_methods/Coll_add.key 
104962     DEBUG main            d.u.i.k.p.i.AbstractProblemLoader Environment load took 84.4ns 
104962     INFO  main            d.u.i.k.p.i.AbstractProblemLoader Creating init config 
107618     DEBUG main            d.u.i.k.p.i.AbstractProblemLoader Init config took 2.66s 
107662     INFO  main            d.u.i.k.p.i.AbstractProblemLoader Replaying proof Coll[Coll::add(int)].JML operation contract.0 
107664     DEBUG main            d.u.i.k.p.i.IntermediateProofReplayer Proof replay took 7.1ns 
107767     INFO  main            d.u.i.k.p.r.p.TestFile    ... finished proof: closed. 
107999     INFO  main            d.u.i.k.p.i.AbstractProblemLoader Loading environment from /home/runner/work/key/key/key.core/../key.ui/examples/heap/model_methods/Coll_add.key.proof 
107999     DEBUG main            d.u.i.k.p.i.AbstractProblemLoader Environment load took 135.7ns 
108000     INFO  main            d.u.i.k.p.i.AbstractProblemLoader Creating init config 
110584     DEBUG main            d.u.i.k.p.i.AbstractProblemLoader Init config took 2.58s 
110622     INFO  main            d.u.i.k.p.i.AbstractProblemLoader Replaying proof Coll[Coll::add(int)].JML operation contract.0 
110626     DEBUG main            d.u.i.k.p.i.IntermediateProofReplayer Proof replay took 2.32ms 
110627     DEBUG main            d.u.i.k.p.r.p.TestFile    ... success: reloaded. 
110628     INFO  main            d.u.i.k.p.r.p.TestFile    Now processing file /home/runner/work/key/key/key.core/../key.ui/examples/heap/model_methods/Coll_add_pre.key 
110629     INFO  main            d.u.i.k.p.i.AbstractProblemLoader Loading environment from /home/runner/work/key/key/key.core/../key.ui/examples/heap/model_methods/Coll_add_pre.key 
110629     DEBUG main            d.u.i.k.p.i.AbstractProblemLoader Environment load took 174.2ns 
110630     INFO  main            d.u.i.k.p.i.AbstractProblemLoader Creating init config 
113295     DEBUG main            d.u.i.k.p.i.AbstractProblemLoader Init config took 2.66s 
113332     INFO  main            d.u.i.k.p.i.AbstractProblemLoader Replaying proof Coll[Coll::add_pre(int)].JML model_behavior operation contract.0 
113334     DEBUG main            d.u.i.k.p.i.IntermediateProofReplayer Proof replay took 6.8ns 
113436     INFO  main            d.u.i.k.p.r.p.TestFile    ... finished proof: closed. 
113660     INFO  main            d.u.i.k.p.i.AbstractProblemLoader Loading environment from /home/runner/work/key/key/key.core/../key.ui/examples/heap/model_methods/Coll_add_pre.key.proof 
113660     DEBUG main            d.u.i.k.p.i.AbstractProblemLoader Environment load took 162.5ns 
113661     INFO  main            d.u.i.k.p.i.AbstractProblemLoader Creating init config 
116252     DEBUG main            d.u.i.k.p.i.AbstractProblemLoader Init config took 2.59s 
116291     INFO  main            d.u.i.k.p.i.AbstractProblemLoader Replaying proof Coll[Coll::add_pre(int)].JML model_behavior operation contract.0 
116295     DEBUG main            d.u.i.k.p.i.IntermediateProofReplayer Proof replay took 2.46ms 
116296     DEBUG main            d.u.i.k.p.r.p.TestFile    ... success: reloaded. 
116297     INFO  main            d.u.i.k.p.r.p.TestFile    Now processing file /home/runner/work/key/key/key.core/../key.ui/examples/heap/model_methods/Indirect_callAdd.key 
116297     INFO  main            d.u.i.k.p.i.AbstractProblemLoader Loading environment from /home/runner/work/key/key/key.core/../key.ui/examples/heap/model_methods/Indirect_callAdd.key 
116297     DEBUG main            d.u.i.k.p.i.AbstractProblemLoader Environment load took 89.4ns 
116298     INFO  main            d.u.i.k.p.i.AbstractProblemLoader Creating init config 
118946     DEBUG main            d.u.i.k.p.i.AbstractProblemLoader Init config took 2.65s 
118984     INFO  main            d.u.i.k.p.i.AbstractProblemLoader Replaying proof Indirect[Indirect::callAdd(Coll,int)].JML operation contract.0 
118985     DEBUG main            d.u.i.k.p.i.IntermediateProofReplayer Proof replay took 6.6ns 
119087     INFO  main            d.u.i.k.p.r.p.TestFile    ... finished proof: closed. 
119326     INFO  main            d.u.i.k.p.i.AbstractProblemLoader Loading environment from /home/runner/work/key/key/key.core/../key.ui/examples/heap/model_methods/Indirect_callAdd.key.proof 
119326     DEBUG main            d.u.i.k.p.i.AbstractProblemLoader Environment load took 116.3ns 
119327     INFO  main            d.u.i.k.p.i.AbstractProblemLoader Creating init config 
121900     DEBUG main            d.u.i.k.p.i.AbstractProblemLoader Init config took 2.57s 
121939     INFO  main            d.u.i.k.p.i.AbstractProblemLoader Replaying proof Indirect[Indirect::callAdd(Coll,int)].JML operation contract.0 
121965     DEBUG main            d.u.i.k.p.i.IntermediateProofReplayer Proof replay took 24.44ms 
121966     DEBUG main            d.u.i.k.p.r.p.TestFile    ... success: reloaded. 
121967     INFO  main            d.u.i.k.p.r.p.TestFile    Now processing file /home/runner/work/key/key/key.core/../key.ui/examples/heap/model_methods/Indirect_test.key 
121967     INFO  main            d.u.i.k.p.i.AbstractProblemLoader Loading environment from /home/runner/work/key/key/key.core/../key.ui/examples/heap/model_methods/Indirect_test.key 
121967     DEBUG main            d.u.i.k.p.i.AbstractProblemLoader Environment load took 55.8ns 
121968     INFO  main            d.u.i.k.p.i.AbstractProblemLoader Creating init config 
124625     DEBUG main            d.u.i.k.p.i.AbstractProblemLoader Init config took 2.66s 
124680     INFO  main            d.u.i.k.p.i.AbstractProblemLoader Replaying proof Indirect[Indirect::test(Coll1,Coll2)].JML operation contract.0 
124682     DEBUG main            d.u.i.k.p.i.IntermediateProofReplayer Proof replay took 6.8ns 
124886     INFO  main            d.u.i.k.p.r.p.TestFile    ... finished proof: closed. 
125147     INFO  main            d.u.i.k.p.i.AbstractProblemLoader Loading environment from /home/runner/work/key/key/key.core/../key.ui/examples/heap/model_methods/Indirect_test.key.proof 
125148     DEBUG main            d.u.i.k.p.i.AbstractProblemLoader Environment load took 116ns 
125149     INFO  main            d.u.i.k.p.i.AbstractProblemLoader Creating init config 
127718     DEBUG main            d.u.i.k.p.i.AbstractProblemLoader Init config took 2.57s 
127756     INFO  main            d.u.i.k.p.i.AbstractProblemLoader Replaying proof Indirect[Indirect::test(Coll1,Coll2)].JML operation contract.0 
127819     DEBUG main            d.u.i.k.p.i.IntermediateProofReplayer Proof replay took 56.48ms 
127820     DEBUG main            d.u.i.k.p.r.p.TestFile    ... success: reloaded. 
127822     INFO  main            d.u.i.k.p.r.p.TestFile    Now processing file /home/runner/work/key/key/key.core/../key.ui/examples/heap/model_methods/Recell_Cell_footprint.key 
127822     INFO  main            d.u.i.k.p.i.AbstractProblemLoader Loading environment from /home/runner/work/key/key/key.core/../key.ui/examples/heap/model_methods/Recell_Cell_footprint.key 
127822     DEBUG main            d.u.i.k.p.i.AbstractProblemLoader Environment load took 195.81ns 
127824     INFO  main            d.u.i.k.p.i.AbstractProblemLoader Creating init config 
130489     DEBUG main            d.u.i.k.p.i.AbstractProblemLoader Init config took 2.66s 
130546     INFO  main            d.u.i.k.p.i.AbstractProblemLoader Replaying proof Recell[Cell::footprint()].JML model_behavior operation contract.0 
130549     DEBUG main            d.u.i.k.p.i.IntermediateProofReplayer Proof replay took 6.9ns 
130650     INFO  main            d.u.i.k.p.r.p.TestFile    ... finished proof: closed. 
130892     INFO  main            d.u.i.k.p.i.AbstractProblemLoader Loading environment from /home/runner/work/key/key/key.core/../key.ui/examples/heap/model_methods/Recell_Cell_footprint.key.proof 
130892     DEBUG main            d.u.i.k.p.i.AbstractProblemLoader Environment load took 111.5ns 
130893     INFO  main            d.u.i.k.p.i.AbstractProblemLoader Creating init config 
133499     DEBUG main            d.u.i.k.p.i.AbstractProblemLoader Init config took 2.61s 
133543     INFO  main            d.u.i.k.p.i.AbstractProblemLoader Replaying proof Recell[Cell::footprint()].JML model_behavior operation contract.0 
133548     DEBUG main            d.u.i.k.p.i.IntermediateProofReplayer Proof replay took 3.5ms 
133549     DEBUG main            d.u.i.k.p.r.p.TestFile    ... success: reloaded. 
133550     INFO  main            d.u.i.k.p.r.p.TestFile    Now processing file /home/runner/work/key/key/key.core/../key.ui/examples/heap/model_methods/Recell_Cell_post_set.key 
133550     INFO  main            d.u.i.k.p.i.AbstractProblemLoader Loading environment from /home/runner/work/key/key/key.core/../key.ui/examples/heap/model_methods/Recell_Cell_post_set.key 
133550     DEBUG main            d.u.i.k.p.i.AbstractProblemLoader Environment load took 87.2ns 
133551     INFO  main            d.u.i.k.p.i.AbstractProblemLoader Creating init config 
136164     DEBUG main            d.u.i.k.p.i.AbstractProblemLoader Init config took 2.61s 
136201     INFO  main            d.u.i.k.p.i.AbstractProblemLoader Replaying proof Recell[Cell::post_set(int)].JML model_behavior operation contract.0 
136202     DEBUG main            d.u.i.k.p.i.IntermediateProofReplayer Proof replay took 7.6ns 
136304     INFO  main            d.u.i.k.p.r.p.TestFile    ... finished proof: closed. 
136552     INFO  main            d.u.i.k.p.i.AbstractProblemLoader Loading environment from /home/runner/work/key/key/key.core/../key.ui/examples/heap/model_methods/Recell_Cell_post_set.key.proof 
136552     DEBUG main            d.u.i.k.p.i.AbstractProblemLoader Environment load took 113.4ns 
136553     INFO  main            d.u.i.k.p.i.AbstractProblemLoader Creating init config 
139141     DEBUG main            d.u.i.k.p.i.AbstractProblemLoader Init config took 2.59s 
139179     INFO  main            d.u.i.k.p.i.AbstractProblemLoader Replaying proof Recell[Cell::post_set(int)].JML model_behavior operation contract.0 
139184     DEBUG main            d.u.i.k.p.i.IntermediateProofReplayer Proof replay took 3.65ms 
139185     DEBUG main            d.u.i.k.p.r.p.TestFile    ... success: reloaded. 
139186     INFO  main            d.u.i.k.p.r.p.TestFile    Now processing file /home/runner/work/key/key/key.core/../key.ui/examples/heap/model_methods/Recell_footprint_acc.key 
139186     INFO  main            d.u.i.k.p.i.AbstractProblemLoader Loading environment from /home/runner/work/key/key/key.core/../key.ui/examples/heap/model_methods/Recell_footprint_acc.key 
139186     DEBUG main            d.u.i.k.p.i.AbstractProblemLoader Environment load took 61.1ns 
139187     INFO  main            d.u.i.k.p.i.AbstractProblemLoader Creating init config 
141834     DEBUG main            d.u.i.k.p.i.AbstractProblemLoader Init config took 2.65s 
141870     INFO  main            d.u.i.k.p.i.AbstractProblemLoader Replaying proof Recell[Cell::footprint()].JML accessible clause.0 
141872     DEBUG main            d.u.i.k.p.i.IntermediateProofReplayer Proof replay took 8.1ns 
141977     INFO  main            d.u.i.k.p.r.p.TestFile    ... finished proof: closed. 
142237     INFO  main            d.u.i.k.p.i.AbstractProblemLoader Loading environment from /home/runner/work/key/key/key.core/../key.ui/examples/heap/model_methods/Recell_footprint_acc.key.proof 
142237     DEBUG main            d.u.i.k.p.i.AbstractProblemLoader Environment load took 111ns 
142238     INFO  main            d.u.i.k.p.i.AbstractProblemLoader Creating init config 
144817     DEBUG main            d.u.i.k.p.i.AbstractProblemLoader Init config took 2.58s 
144854     INFO  main            d.u.i.k.p.i.AbstractProblemLoader Replaying proof Recell[Cell::footprint()].JML accessible clause.0 
144875     DEBUG main            d.u.i.k.p.i.IntermediateProofReplayer Proof replay took 18.89ms 
144876     DEBUG main            d.u.i.k.p.r.p.TestFile    ... success: reloaded. 
144877     INFO  main            d.u.i.k.p.r.p.TestFile    Now processing file /home/runner/work/key/key/key.core/../key.ui/examples/heap/model_methods/Recell_get_acc.key 
144877     INFO  main            d.u.i.k.p.i.AbstractProblemLoader Loading environment from /home/runner/work/key/key/key.core/../key.ui/examples/heap/model_methods/Recell_get_acc.key 
144878     DEBUG main            d.u.i.k.p.i.AbstractProblemLoader Environment load took 78.8ns 
144878     INFO  main            d.u.i.k.p.i.AbstractProblemLoader Creating init config 
147495     DEBUG main            d.u.i.k.p.i.AbstractProblemLoader Init config took 2.62s 
147532     INFO  main            d.u.i.k.p.i.AbstractProblemLoader Replaying proof Recell[Cell::get()].JML accessible clause.0 
147533     DEBUG main            d.u.i.k.p.i.IntermediateProofReplayer Proof replay took 8.7ns 
147639     INFO  main            d.u.i.k.p.r.p.TestFile    ... finished proof: closed. 
147920     INFO  main            d.u.i.k.p.i.AbstractProblemLoader Loading environment from /home/runner/work/key/key/key.core/../key.ui/examples/heap/model_methods/Recell_get_acc.key.proof 
147920     DEBUG main            d.u.i.k.p.i.AbstractProblemLoader Environment load took 111.7ns 
147921     INFO  main            d.u.i.k.p.i.AbstractProblemLoader Creating init config 
150478     DEBUG main            d.u.i.k.p.i.AbstractProblemLoader Init config took 2.56s 
150514     INFO  main            d.u.i.k.p.i.AbstractProblemLoader Replaying proof Recell[Cell::get()].JML accessible clause.0 
150533     DEBUG main            d.u.i.k.p.i.IntermediateProofReplayer Proof replay took 16.82ms 
150534     DEBUG main            d.u.i.k.p.r.p.TestFile    ... success: reloaded. 
150535     INFO  main            d.u.i.k.p.r.p.TestFile    Now processing file /home/runner/work/key/key/key.core/../key.ui/examples/heap/model_methods/Recell_get.key 
150535     INFO  main            d.u.i.k.p.i.AbstractProblemLoader Loading environment from /home/runner/work/key/key/key.core/../key.ui/examples/heap/model_methods/Recell_get.key 
150535     DEBUG main            d.u.i.k.p.i.AbstractProblemLoader Environment load took 92.8ns 
150536     INFO  main            d.u.i.k.p.i.AbstractProblemLoader Creating init config 
153191     DEBUG main            d.u.i.k.p.i.AbstractProblemLoader Init config took 2.65s 
153229     INFO  main            d.u.i.k.p.i.AbstractProblemLoader Replaying proof Recell[Cell::get()].JML operation contract.0 
153230     DEBUG main            d.u.i.k.p.i.IntermediateProofReplayer Proof replay took 7.9ns 
153332     INFO  main            d.u.i.k.p.r.p.TestFile    ... finished proof: closed. 
153599     INFO  main            d.u.i.k.p.i.AbstractProblemLoader Loading environment from /home/runner/work/key/key/key.core/../key.ui/examples/heap/model_methods/Recell_get.key.proof 
153599     DEBUG main            d.u.i.k.p.i.AbstractProblemLoader Environment load took 107.7ns 
153600     INFO  main            d.u.i.k.p.i.AbstractProblemLoader Creating init config 
156155     DEBUG main            d.u.i.k.p.i.AbstractProblemLoader Init config took 2.55s 
156192     INFO  main            d.u.i.k.p.i.AbstractProblemLoader Replaying proof Recell[Cell::get()].JML operation contract.0 
156202     DEBUG main            d.u.i.k.p.i.IntermediateProofReplayer Proof replay took 8.56ms 
156203     DEBUG main            d.u.i.k.p.r.p.TestFile    ... success: reloaded. 
156204     INFO  main            d.u.i.k.p.r.p.TestFile    Now processing file /home/runner/work/key/key/key.core/../key.ui/examples/heap/model_methods/Recell_Recell_footprint.key 
156204     INFO  main            d.u.i.k.p.i.AbstractProblemLoader Loading environment from /home/runner/work/key/key/key.core/../key.ui/examples/heap/model_methods/Recell_Recell_footprint.key 
156204     DEBUG main            d.u.i.k.p.i.AbstractProblemLoader Environment load took 123.3ns 
156205     INFO  main            d.u.i.k.p.i.AbstractProblemLoader Creating init config 
158850     DEBUG main            d.u.i.k.p.i.AbstractProblemLoader Init config took 2.64s 
158886     INFO  main            d.u.i.k.p.i.AbstractProblemLoader Replaying proof Recell[Recell::footprint()].JML model_behavior operation contract.0 
158888     DEBUG main            d.u.i.k.p.i.IntermediateProofReplayer Proof replay took 8ns 
158991     INFO  main            d.u.i.k.p.r.p.TestFile    ... finished proof: closed. 
159279     INFO  main            d.u.i.k.p.i.AbstractProblemLoader Loading environment from /home/runner/work/key/key/key.core/../key.ui/examples/heap/model_methods/Recell_Recell_footprint.key.proof 
159279     DEBUG main            d.u.i.k.p.i.AbstractProblemLoader Environment load took 108.2ns 
159280     INFO  main            d.u.i.k.p.i.AbstractProblemLoader Creating init config 
161861     DEBUG main            d.u.i.k.p.i.AbstractProblemLoader Init config took 2.58s 
161898     INFO  main            d.u.i.k.p.i.AbstractProblemLoader Replaying proof Recell[Recell::footprint()].JML model_behavior operation contract.0 
161902     DEBUG main            d.u.i.k.p.i.IntermediateProofReplayer Proof replay took 2.73ms 
161903     DEBUG main            d.u.i.k.p.r.p.TestFile    ... success: reloaded. 
161904     INFO  main            d.u.i.k.p.r.p.TestFile    Now processing file /home/runner/work/key/key/key.core/../key.ui/examples/heap/model_methods/Recell_Recell_post_set.key 
161904     INFO  main            d.u.i.k.p.i.AbstractProblemLoader Loading environment from /home/runner/work/key/key/key.core/../key.ui/examples/heap/model_methods/Recell_Recell_post_set.key 
161907     DEBUG main            d.u.i.k.p.i.AbstractProblemLoader Environment load took 2.93ms 
161911     INFO  main            d.u.i.k.p.i.AbstractProblemLoader Creating init config 
164517     DEBUG main            d.u.i.k.p.i.AbstractProblemLoader Init config took 2.61s 
164571     INFO  main            d.u.i.k.p.i.AbstractProblemLoader Replaying proof Recell[Recell::post_set(int)].JML model_behavior operation contract.0 
164573     DEBUG main            d.u.i.k.p.i.IntermediateProofReplayer Proof replay took 8.7ns 
164676     INFO  main            d.u.i.k.p.r.p.TestFile    ... finished proof: closed. 
164950     INFO  main            d.u.i.k.p.i.AbstractProblemLoader Loading environment from /home/runner/work/key/key/key.core/../key.ui/examples/heap/model_methods/Recell_Recell_post_set.key.proof 
164950     DEBUG main            d.u.i.k.p.i.AbstractProblemLoader Environment load took 102.5ns 
164951     INFO  main            d.u.i.k.p.i.AbstractProblemLoader Creating init config 
167525     DEBUG main            d.u.i.k.p.i.AbstractProblemLoader Init config took 2.57s 
167563     INFO  main            d.u.i.k.p.i.AbstractProblemLoader Replaying proof Recell[Recell::post_set(int)].JML model_behavior operation contract.0 
167567     DEBUG main            d.u.i.k.p.i.IntermediateProofReplayer Proof replay took 2.28ms 
167568     DEBUG main            d.u.i.k.p.r.p.TestFile    ... success: reloaded. 
167569     INFO  main            d.u.i.k.p.r.p.TestFile    Now processing file /home/runner/work/key/key/key.core/../key.ui/examples/heap/model_methods/Recell_set.key 
167569     INFO  main            d.u.i.k.p.i.AbstractProblemLoader Loading environment from /home/runner/work/key/key/key.core/../key.ui/examples/heap/model_methods/Recell_set.key 
167570     DEBUG main            d.u.i.k.p.i.AbstractProblemLoader Environment load took 220ns 
167571     INFO  main            d.u.i.k.p.i.AbstractProblemLoader Creating init config 
170210     DEBUG main            d.u.i.k.p.i.AbstractProblemLoader Init config took 2.64s 
170248     INFO  main            d.u.i.k.p.i.AbstractProblemLoader Replaying proof Recell[Cell::set(int)].JML operation contract.0 
170249     DEBUG main            d.u.i.k.p.i.IntermediateProofReplayer Proof replay took 8.6ns 
177106     INFO  main            d.u.i.k.p.r.p.TestFile    ... finished proof: closed. 
177470     INFO  main            d.u.i.k.p.i.AbstractProblemLoader Loading environment from /home/runner/work/key/key/key.core/../key.ui/examples/heap/model_methods/Recell_set.key.proof 
177472     DEBUG main            d.u.i.k.p.i.AbstractProblemLoader Environment load took 2.87ms 
177474     INFO  main            d.u.i.k.p.i.AbstractProblemLoader Creating init config 
180048     DEBUG main            d.u.i.k.p.i.AbstractProblemLoader Init config took 2.57s 
180085     INFO  main            d.u.i.k.p.i.AbstractProblemLoader Replaying proof Recell[Cell::set(int)].JML operation contract.0 
180579     DEBUG main            d.u.i.k.p.i.IntermediateProofReplayer Proof replay took 468.32ms 
180580     DEBUG main            d.u.i.k.p.r.p.TestFile    ... success: reloaded. 
180581     INFO  main            d.u.i.k.p.r.p.TestFile    Now processing file /home/runner/work/key/key/key.core/../key.ui/examples/heap/model_methods/Recell_undo.key 
180582     INFO  main            d.u.i.k.p.i.AbstractProblemLoader Loading environment from /home/runner/work/key/key/key.core/../key.ui/examples/heap/model_methods/Recell_undo.key 
180582     DEBUG main            d.u.i.k.p.i.AbstractProblemLoader Environment load took 169.2ns 
180583     INFO  main            d.u.i.k.p.i.AbstractProblemLoader Creating init config 
183229     DEBUG main            d.u.i.k.p.i.AbstractProblemLoader Init config took 2.65s 
183269     INFO  main            d.u.i.k.p.i.AbstractProblemLoader Replaying proof Recell[Recell::undo()].JML operation contract.0 
183271     DEBUG main            d.u.i.k.p.i.IntermediateProofReplayer Proof replay took 7.8ns 
183474     INFO  main            d.u.i.k.p.r.p.TestFile    ... finished proof: closed. 
183796     INFO  main            d.u.i.k.p.i.AbstractProblemLoader Loading environment from /home/runner/work/key/key/key.core/../key.ui/examples/heap/model_methods/Recell_undo.key.proof 
183796     DEBUG main            d.u.i.k.p.i.AbstractProblemLoader Environment load took 111.8ns 
183797     INFO  main            d.u.i.k.p.i.AbstractProblemLoader Creating init config 
186357     DEBUG main            d.u.i.k.p.i.AbstractProblemLoader Init config took 2.56s 
186394     INFO  main            d.u.i.k.p.i.AbstractProblemLoader Replaying proof Recell[Recell::undo()].JML operation contract.0 
186426     DEBUG main            d.u.i.k.p.i.IntermediateProofReplayer Proof replay took 29.96ms 
186427     DEBUG main            d.u.i.k.p.r.p.TestFile    ... success: reloaded. 
4256973    INFO  Test worker     d.u.i.k.p.r.RunAllProofsTestUnit Returning from test modelMethods 
4256974    INFO  Test worker     d.u.i.k.p.r.RunAllProofsTestUnit Running test permissionHeap 
349        INFO  Timeout watchdog d.u.i.k.p.r.p.ForkedTestFileRunner Timeout watcher launched (2000 secs.) 
349        WARN  main            d.u.i.k.s.ProofSettings   The settings in /home/runner/.key/proof-settings.props are *not* read. 
396        INFO  main            d.u.i.k.p.r.p.TestFile    Now processing file /home/runner/work/key/key/key.core/../key.ui/examples/heap/permissions/permissions_method0.key 
537        INFO  main            d.u.i.k.p.i.AbstractProblemLoader Loading environment from /home/runner/work/key/key/key.core/../key.ui/examples/heap/permissions/permissions_method0.key 
554        DEBUG main            d.u.i.k.p.i.AbstractProblemLoader Environment load took 2.07ms 
778        INFO  main            d.u.i.k.p.i.AbstractProblemLoader Creating init config 
1551       DEBUG main            d.u.i.k.j.TypeConverter   No LDT found for Meta 
1552       DEBUG main            d.u.i.k.j.TypeConverter   No LDT found for Meta 
1555       DEBUG main            d.u.i.k.j.TypeConverter   No LDT found for Meta 
1555       DEBUG main            d.u.i.k.j.TypeConverter   No LDT found for Meta 
2696       DEBUG main            d.u.i.k.j.TypeConverter   No LDT found for JavaBigintExpression 
8487       DEBUG main            d.u.i.k.p.i.AbstractProblemLoader Init config took 7.71s 
8647       INFO  main            d.u.i.k.p.i.AbstractProblemLoader Replaying proof MyClass[MyClass::method0()].JML normal_behavior operation contract.0 
8689       DEBUG main            d.u.i.k.p.i.IntermediateProofReplayer Proof replay took 33.3ns 
9550       INFO  main            d.u.i.k.p.r.p.TestFile    ... finished proof: closed. 
9703       INFO  main            d.u.i.k.p.i.AbstractProblemLoader Loading environment from /home/runner/work/key/key/key.core/../key.ui/examples/heap/permissions/permissions_method0.key.proof 
9703       DEBUG main            d.u.i.k.p.i.AbstractProblemLoader Environment load took 145.7ns 
9705       INFO  main            d.u.i.k.p.i.AbstractProblemLoader Creating init config 
12699      DEBUG main            d.u.i.k.p.i.AbstractProblemLoader Init config took 2.99s 
12774      INFO  main            d.u.i.k.p.i.AbstractProblemLoader Replaying proof MyClass[MyClass::method0()].JML normal_behavior operation contract.0 
12881      DEBUG main            d.u.i.k.p.i.IntermediateProofReplayer Proof replay took 101.48ms 
12888      DEBUG main            d.u.i.k.p.r.p.TestFile    ... success: reloaded. 
12890      INFO  main            d.u.i.k.p.r.p.TestFile    Now processing file /home/runner/work/key/key/key.core/../key.ui/examples/heap/permissions/permissions_method1.key 
12890      INFO  main            d.u.i.k.p.i.AbstractProblemLoader Loading environment from /home/runner/work/key/key/key.core/../key.ui/examples/heap/permissions/permissions_method1.key 
12890      DEBUG main            d.u.i.k.p.i.AbstractProblemLoader Environment load took 215.1ns 
12892      INFO  main            d.u.i.k.p.i.AbstractProblemLoader Creating init config 
15712      DEBUG main            d.u.i.k.p.i.AbstractProblemLoader Init config took 2.82s 
15789      INFO  main            d.u.i.k.p.i.AbstractProblemLoader Replaying proof MyClass[MyClass::method1()].JML normal_behavior operation contract.0 
15796      DEBUG main            d.u.i.k.p.i.IntermediateProofReplayer Proof replay took 7.9ns 
16200      INFO  main            d.u.i.k.p.r.p.TestFile    ... finished proof: closed. 
16378      INFO  main            d.u.i.k.p.i.AbstractProblemLoader Loading environment from /home/runner/work/key/key/key.core/../key.ui/examples/heap/permissions/permissions_method1.key.proof 
16379      DEBUG main            d.u.i.k.p.i.AbstractProblemLoader Environment load took 563.31ns 
16380      INFO  main            d.u.i.k.p.i.AbstractProblemLoader Creating init config 
19163      DEBUG main            d.u.i.k.p.i.AbstractProblemLoader Init config took 2.78s 
19236      INFO  main            d.u.i.k.p.i.AbstractProblemLoader Replaying proof MyClass[MyClass::method1()].JML normal_behavior operation contract.0 
19326      DEBUG main            d.u.i.k.p.i.IntermediateProofReplayer Proof replay took 83.41ms 
19327      DEBUG main            d.u.i.k.p.r.p.TestFile    ... success: reloaded. 
19329      INFO  main            d.u.i.k.p.r.p.TestFile    Now processing file /home/runner/work/key/key/key.core/../key.ui/examples/heap/permissions/permissions_method3.key 
19329      INFO  main            d.u.i.k.p.i.AbstractProblemLoader Loading environment from /home/runner/work/key/key/key.core/../key.ui/examples/heap/permissions/permissions_method3.key 
19329      DEBUG main            d.u.i.k.p.i.AbstractProblemLoader Environment load took 118.7ns 
19333      INFO  main            d.u.i.k.p.i.AbstractProblemLoader Creating init config 
22120      DEBUG main            d.u.i.k.p.i.AbstractProblemLoader Init config took 2.79s 
22168      INFO  main            d.u.i.k.p.i.AbstractProblemLoader Replaying proof MyClass[MyClass::method3()].JML normal_behavior operation contract.0 
22170      DEBUG main            d.u.i.k.p.i.IntermediateProofReplayer Proof replay took 5.9ns 
23684      INFO  main            d.u.i.k.p.r.p.TestFile    ... finished proof: closed. 
23858      INFO  main            d.u.i.k.p.i.AbstractProblemLoader Loading environment from /home/runner/work/key/key/key.core/../key.ui/examples/heap/permissions/permissions_method3.key.proof 
23858      DEBUG main            d.u.i.k.p.i.AbstractProblemLoader Environment load took 381.61ns 
23860      INFO  main            d.u.i.k.p.i.AbstractProblemLoader Creating init config 
26603      DEBUG main            d.u.i.k.p.i.AbstractProblemLoader Init config took 2.74s 
26649      INFO  main            d.u.i.k.p.i.AbstractProblemLoader Replaying proof MyClass[MyClass::method3()].JML normal_behavior operation contract.0 
26908      DEBUG main            d.u.i.k.p.i.IntermediateProofReplayer Proof replay took 251.96ms 
26909      DEBUG main            d.u.i.k.p.r.p.TestFile    ... success: reloaded. 
26910      INFO  main            d.u.i.k.p.r.p.TestFile    Now processing file /home/runner/work/key/key/key.core/../key.ui/examples/heap/permissions/permissions_setAB.key 
26910      INFO  main            d.u.i.k.p.i.AbstractProblemLoader Loading environment from /home/runner/work/key/key/key.core/../key.ui/examples/heap/permissions/permissions_setAB.key 
26911      DEBUG main            d.u.i.k.p.i.AbstractProblemLoader Environment load took 187.1ns 
26912      INFO  main            d.u.i.k.p.i.AbstractProblemLoader Creating init config 
29613      DEBUG main            d.u.i.k.p.i.AbstractProblemLoader Init config took 2.7s 
29658      INFO  main            d.u.i.k.p.i.AbstractProblemLoader Replaying proof MyClass[MyClass::setAB()].JML normal_behavior operation contract.0 
29660      DEBUG main            d.u.i.k.p.i.IntermediateProofReplayer Proof replay took 6.1ns 
31400      INFO  main            d.u.i.k.p.r.p.TestFile    ... finished proof: closed. 
31591      INFO  main            d.u.i.k.p.i.AbstractProblemLoader Loading environment from /home/runner/work/key/key/key.core/../key.ui/examples/heap/permissions/permissions_setAB.key.proof 
31595      DEBUG main            d.u.i.k.p.i.AbstractProblemLoader Environment load took 4.08ms 
31597      INFO  main            d.u.i.k.p.i.AbstractProblemLoader Creating init config 
34274      DEBUG main            d.u.i.k.p.i.AbstractProblemLoader Init config took 2.68s 
34319      INFO  main            d.u.i.k.p.i.AbstractProblemLoader Replaying proof MyClass[MyClass::setAB()].JML normal_behavior operation contract.0 
34545      DEBUG main            d.u.i.k.p.i.IntermediateProofReplayer Proof replay took 220.3ms 
34546      DEBUG main            d.u.i.k.p.r.p.TestFile    ... success: reloaded. 
34548      INFO  main            d.u.i.k.p.r.p.TestFile    Now processing file /home/runner/work/key/key/key.core/../key.ui/examples/heap/permissions/permissionProperties.key 
34548      INFO  main            d.u.i.k.p.i.AbstractProblemLoader Loading environment from /home/runner/work/key/key/key.core/../key.ui/examples/heap/permissions/permissionProperties.key 
34549      DEBUG main            d.u.i.k.p.i.AbstractProblemLoader Environment load took 149ns 
34550      INFO  main            d.u.i.k.p.i.AbstractProblemLoader Creating init config 
34658      DEBUG main            d.u.i.k.j.TypeConverter   No LDT found for Meta 
34658      DEBUG main            d.u.i.k.j.TypeConverter   No LDT found for Meta 
34659      DEBUG main            d.u.i.k.j.TypeConverter   No LDT found for Meta 
34659      DEBUG main            d.u.i.k.j.TypeConverter   No LDT found for Meta 
35233      DEBUG main            d.u.i.k.j.TypeConverter   No LDT found for JavaBigintExpression 
38094      DEBUG main            d.u.i.k.p.i.AbstractProblemLoader Init config took 3.54s 
38115      INFO  main            d.u.i.k.p.i.AbstractProblemLoader Replaying proof permissionProperties.key 
38117      DEBUG main            d.u.i.k.p.i.IntermediateProofReplayer Proof replay took 6.9ns 
38220      INFO  main            d.u.i.k.p.r.p.TestFile    ... finished proof: closed. 
38413      INFO  main            d.u.i.k.p.i.AbstractProblemLoader Loading environment from /home/runner/work/key/key/key.core/../key.ui/examples/heap/permissions/permissionProperties.key.proof 
38413      DEBUG main            d.u.i.k.p.i.AbstractProblemLoader Environment load took 511.51ns 
38415      INFO  main            d.u.i.k.p.i.AbstractProblemLoader Creating init config 
40900      DEBUG main            d.u.i.k.p.i.AbstractProblemLoader Init config took 2.49s 
40920      INFO  main            d.u.i.k.p.i.AbstractProblemLoader Replaying proof permissionProperties.key.proof 
40950      DEBUG main            d.u.i.k.p.i.IntermediateProofReplayer Proof replay took 16.18ms 
40951      DEBUG main            d.u.i.k.p.r.p.TestFile    ... success: reloaded. 
40952      INFO  main            d.u.i.k.p.r.p.TestFile    Now processing file /home/runner/work/key/key/key.core/../key.ui/examples/heap/permissions/threads/AFilter_AFilter.key 
40953      INFO  main            d.u.i.k.p.i.AbstractProblemLoader Loading environment from /home/runner/work/key/key/key.core/../key.ui/examples/heap/permissions/threads/AFilter_AFilter.key 
40953      DEBUG main            d.u.i.k.p.i.AbstractProblemLoader Environment load took 112.5ns 
40954      INFO  main            d.u.i.k.p.i.AbstractProblemLoader Creating init config 
41054      DEBUG main            d.u.i.k.j.TypeConverter   No LDT found for Meta 
41054      DEBUG main            d.u.i.k.j.TypeConverter   No LDT found for Meta 
41055      DEBUG main            d.u.i.k.j.TypeConverter   No LDT found for Meta 
41055      DEBUG main            d.u.i.k.j.TypeConverter   No LDT found for Meta 
41552      DEBUG main            d.u.i.k.j.TypeConverter   No LDT found for JavaBigintExpression 
46912      DEBUG main            d.u.i.k.p.i.AbstractProblemLoader Init config took 5.96s 
47030      INFO  main            d.u.i.k.p.i.AbstractProblemLoader Replaying proof AFilter[AFilter::AFilter(Sampler,Buffer)].JML normal_behavior operation contract.0 
47032      DEBUG main            d.u.i.k.p.i.IntermediateProofReplayer Proof replay took 7ns 
48036      INFO  main            d.u.i.k.p.r.p.TestFile    ... finished proof: closed. 
48272      INFO  main            d.u.i.k.p.i.AbstractProblemLoader Loading environment from /home/runner/work/key/key/key.core/../key.ui/examples/heap/permissions/threads/AFilter_AFilter.key.proof 
48274      DEBUG main            d.u.i.k.p.i.AbstractProblemLoader Environment load took 1.47ms 
48276      INFO  main            d.u.i.k.p.i.AbstractProblemLoader Creating init config 
53009      DEBUG main            d.u.i.k.p.i.AbstractProblemLoader Init config took 4.73s 
53117      INFO  main            d.u.i.k.p.i.AbstractProblemLoader Replaying proof AFilter[AFilter::AFilter(Sampler,Buffer)].JML normal_behavior operation contract.0 
53281      DEBUG main            d.u.i.k.p.i.IntermediateProofReplayer Proof replay took 159.67ms 
53282      DEBUG main            d.u.i.k.p.r.p.TestFile    ... success: reloaded. 
53284      INFO  main            d.u.i.k.p.r.p.TestFile    Now processing file /home/runner/work/key/key/key.core/../key.ui/examples/heap/permissions/threads/AFilter_initPost_accessible.key 
53284      INFO  main            d.u.i.k.p.i.AbstractProblemLoader Loading environment from /home/runner/work/key/key/key.core/../key.ui/examples/heap/permissions/threads/AFilter_initPost_accessible.key 
53284      DEBUG main            d.u.i.k.p.i.AbstractProblemLoader Environment load took 214.41ns 
53285      INFO  main            d.u.i.k.p.i.AbstractProblemLoader Creating init config 
58043      DEBUG main            d.u.i.k.p.i.AbstractProblemLoader Init config took 4.76s 
58163      INFO  main            d.u.i.k.p.i.AbstractProblemLoader Replaying proof AFilter[ThreadSpec2::initPost()].JML accessible clause.0 
58165      DEBUG main            d.u.i.k.p.i.IntermediateProofReplayer Proof replay took 6.5ns 
58267      INFO  main            d.u.i.k.p.r.p.TestFile    ... finished proof: closed. 
58465      INFO  main            d.u.i.k.p.i.AbstractProblemLoader Loading environment from /home/runner/work/key/key/key.core/../key.ui/examples/heap/permissions/threads/AFilter_initPost_accessible.key.proof 
58465      DEBUG main            d.u.i.k.p.i.AbstractProblemLoader Environment load took 139ns 
58466      INFO  main            d.u.i.k.p.i.AbstractProblemLoader Creating init config 
63197      DEBUG main            d.u.i.k.p.i.AbstractProblemLoader Init config took 4.73s 
63286      INFO  main            d.u.i.k.p.i.AbstractProblemLoader Replaying proof AFilter[ThreadSpec2::initPost()].JML accessible clause.0 
63301      DEBUG main            d.u.i.k.p.i.IntermediateProofReplayer Proof replay took 12.58ms 
63302      DEBUG main            d.u.i.k.p.r.p.TestFile    ... success: reloaded. 
63304      INFO  main            d.u.i.k.p.r.p.TestFile    Now processing file /home/runner/work/key/key/key.core/../key.ui/examples/heap/permissions/threads/AFilter_inv_accessible1.key 
63304      INFO  main            d.u.i.k.p.i.AbstractProblemLoader Loading environment from /home/runner/work/key/key/key.core/../key.ui/examples/heap/permissions/threads/AFilter_inv_accessible1.key 
63304      DEBUG main            d.u.i.k.p.i.AbstractProblemLoader Environment load took 202.4ns 
63305      INFO  main            d.u.i.k.p.i.AbstractProblemLoader Creating init config 
67983      DEBUG main            d.u.i.k.p.i.AbstractProblemLoader Init config took 4.68s 
68089      INFO  main            d.u.i.k.p.i.AbstractProblemLoader Replaying proof AFilter[java.lang.Object::<inv>()].JML accessible clause.0 
68091      DEBUG main            d.u.i.k.p.i.IntermediateProofReplayer Proof replay took 7ns 
68193      INFO  main            d.u.i.k.p.r.p.TestFile    ... finished proof: closed. 
68419      INFO  main            d.u.i.k.p.i.AbstractProblemLoader Loading environment from /home/runner/work/key/key/key.core/../key.ui/examples/heap/permissions/threads/AFilter_inv_accessible1.key.proof 
68419      DEBUG main            d.u.i.k.p.i.AbstractProblemLoader Environment load took 122ns 
68420      INFO  main            d.u.i.k.p.i.AbstractProblemLoader Creating init config 
73108      DEBUG main            d.u.i.k.p.i.AbstractProblemLoader Init config took 4.69s 
73211      INFO  main            d.u.i.k.p.i.AbstractProblemLoader Replaying proof AFilter[java.lang.Object::<inv>()].JML accessible clause.0 
73217      DEBUG main            d.u.i.k.p.i.IntermediateProofReplayer Proof replay took 3.19ms 
73219      DEBUG main            d.u.i.k.p.r.p.TestFile    ... success: reloaded. 
73220      INFO  main            d.u.i.k.p.r.p.TestFile    Now processing file /home/runner/work/key/key/key.core/../key.ui/examples/heap/permissions/threads/AFilter_inv_accessible2.key 
73220      INFO  main            d.u.i.k.p.i.AbstractProblemLoader Loading environment from /home/runner/work/key/key/key.core/../key.ui/examples/heap/permissions/threads/AFilter_inv_accessible2.key 
73221      DEBUG main            d.u.i.k.p.i.AbstractProblemLoader Environment load took 193.2ns 
73222      INFO  main            d.u.i.k.p.i.AbstractProblemLoader Creating init config 
77904      DEBUG main            d.u.i.k.p.i.AbstractProblemLoader Init config took 4.68s 
78001      INFO  main            d.u.i.k.p.i.AbstractProblemLoader Replaying proof AFilter[java.lang.Object::<inv>()].JML accessible clause.1 
78002      DEBUG main            d.u.i.k.p.i.IntermediateProofReplayer Proof replay took 6.8ns 
78104      INFO  main            d.u.i.k.p.r.p.TestFile    ... finished proof: closed. 
78313      INFO  main            d.u.i.k.p.i.AbstractProblemLoader Loading environment from /home/runner/work/key/key/key.core/../key.ui/examples/heap/permissions/threads/AFilter_inv_accessible2.key.proof 
78313      DEBUG main            d.u.i.k.p.i.AbstractProblemLoader Environment load took 120.9ns 
78314      INFO  main            d.u.i.k.p.i.AbstractProblemLoader Creating init config 
82983      DEBUG main            d.u.i.k.p.i.AbstractProblemLoader Init config took 4.67s 
83067      INFO  main            d.u.i.k.p.i.AbstractProblemLoader Replaying proof AFilter[java.lang.Object::<inv>()].JML accessible clause.1 
83071      DEBUG main            d.u.i.k.p.i.IntermediateProofReplayer Proof replay took 2.33ms 
83072      DEBUG main            d.u.i.k.p.r.p.TestFile    ... success: reloaded. 
83073      INFO  main            d.u.i.k.p.r.p.TestFile    Now processing file /home/runner/work/key/key/key.core/../key.ui/examples/heap/permissions/threads/AFilter_joinTransfer_accessible.key 
83073      INFO  main            d.u.i.k.p.i.AbstractProblemLoader Loading environment from /home/runner/work/key/key/key.core/../key.ui/examples/heap/permissions/threads/AFilter_joinTransfer_accessible.key 
83073      DEBUG main            d.u.i.k.p.i.AbstractProblemLoader Environment load took 93.2ns 
83074      INFO  main            d.u.i.k.p.i.AbstractProblemLoader Creating init config 
87801      DEBUG main            d.u.i.k.p.i.AbstractProblemLoader Init config took 4.73s 
87885      INFO  main            d.u.i.k.p.i.AbstractProblemLoader Replaying proof AFilter[ThreadSpec2::joinTransfer()].JML accessible clause.0 
87887      DEBUG main            d.u.i.k.p.i.IntermediateProofReplayer Proof replay took 9ns 
88993      INFO  main            d.u.i.k.p.r.p.TestFile    ... finished proof: closed. 
89237      INFO  main            d.u.i.k.p.i.AbstractProblemLoader Loading environment from /home/runner/work/key/key/key.core/../key.ui/examples/heap/permissions/threads/AFilter_joinTransfer_accessible.key.proof 
89237      DEBUG main            d.u.i.k.p.i.AbstractProblemLoader Environment load took 187.1ns 
89238      INFO  main            d.u.i.k.p.i.AbstractProblemLoader Creating init config 
93925      DEBUG main            d.u.i.k.p.i.AbstractProblemLoader Init config took 4.69s 
94008      INFO  main            d.u.i.k.p.i.AbstractProblemLoader Replaying proof AFilter[ThreadSpec2::joinTransfer()].JML accessible clause.0 
94138      DEBUG main            d.u.i.k.p.i.IntermediateProofReplayer Proof replay took 125.36ms 
94140      DEBUG main            d.u.i.k.p.r.p.TestFile    ... success: reloaded. 
94141      INFO  main            d.u.i.k.p.r.p.TestFile    Now processing file /home/runner/work/key/key/key.core/../key.ui/examples/heap/permissions/threads/AFilter_joinTransfer_contract.key 
94141      INFO  main            d.u.i.k.p.i.AbstractProblemLoader Loading environment from /home/runner/work/key/key/key.core/../key.ui/examples/heap/permissions/threads/AFilter_joinTransfer_contract.key 
94141      DEBUG main            d.u.i.k.p.i.AbstractProblemLoader Environment load took 210.41ns 
94142      INFO  main            d.u.i.k.p.i.AbstractProblemLoader Creating init config 
98813      DEBUG main            d.u.i.k.p.i.AbstractProblemLoader Init config took 4.67s 
98898      INFO  main            d.u.i.k.p.i.AbstractProblemLoader Replaying proof AFilter[ThreadSpec2::joinTransfer()].JML model_behavior operation contract.0 
98899      DEBUG main            d.u.i.k.p.i.IntermediateProofReplayer Proof replay took 6.8ns 
99003      INFO  main            d.u.i.k.p.r.p.TestFile    ... finished proof: closed. 
99235      INFO  main            d.u.i.k.p.i.AbstractProblemLoader Loading environment from /home/runner/work/key/key/key.core/../key.ui/examples/heap/permissions/threads/AFilter_joinTransfer_contract.key.proof 
99235      DEBUG main            d.u.i.k.p.i.AbstractProblemLoader Environment load took 148.7ns 
99236      INFO  main            d.u.i.k.p.i.AbstractProblemLoader Creating init config 
103874     DEBUG main            d.u.i.k.p.i.AbstractProblemLoader Init config took 4.64s 
103972     INFO  main            d.u.i.k.p.i.AbstractProblemLoader Replaying proof AFilter[ThreadSpec2::joinTransfer()].JML model_behavior operation contract.0 
103981     DEBUG main            d.u.i.k.p.i.IntermediateProofReplayer Proof replay took 7.58ms 
103982     DEBUG main            d.u.i.k.p.r.p.TestFile    ... success: reloaded. 
103983     INFO  main            d.u.i.k.p.r.p.TestFile    Now processing file /home/runner/work/key/key/key.core/../key.ui/examples/heap/permissions/threads/AFilter_postJoin_accessible.key 
103984     INFO  main            d.u.i.k.p.i.AbstractProblemLoader Loading environment from /home/runner/work/key/key/key.core/../key.ui/examples/heap/permissions/threads/AFilter_postJoin_accessible.key 
103984     DEBUG main            d.u.i.k.p.i.AbstractProblemLoader Environment load took 198.91ns 
103985     INFO  main            d.u.i.k.p.i.AbstractProblemLoader Creating init config 
108668     DEBUG main            d.u.i.k.p.i.AbstractProblemLoader Init config took 4.68s 
108750     INFO  main            d.u.i.k.p.i.AbstractProblemLoader Replaying proof AFilter[ThreadSpec2::postJoin(java.lang.Object)].JML accessible clause.0 
108751     DEBUG main            d.u.i.k.p.i.IntermediateProofReplayer Proof replay took 7.2ns 
108853     INFO  main            d.u.i.k.p.r.p.TestFile    ... finished proof: closed. 
109087     INFO  main            d.u.i.k.p.i.AbstractProblemLoader Loading environment from /home/runner/work/key/key/key.core/../key.ui/examples/heap/permissions/threads/AFilter_postJoin_accessible.key.proof 
109087     DEBUG main            d.u.i.k.p.i.AbstractProblemLoader Environment load took 122.4ns 
109088     INFO  main            d.u.i.k.p.i.AbstractProblemLoader Creating init config 
113750     DEBUG main            d.u.i.k.p.i.AbstractProblemLoader Init config took 4.66s 
113837     INFO  main            d.u.i.k.p.i.AbstractProblemLoader Replaying proof AFilter[ThreadSpec2::postJoin(java.lang.Object)].JML accessible clause.0 
113848     DEBUG main            d.u.i.k.p.i.IntermediateProofReplayer Proof replay took 8.04ms 
113849     DEBUG main            d.u.i.k.p.r.p.TestFile    ... success: reloaded. 
113851     INFO  main            d.u.i.k.p.r.p.TestFile    Now processing file /home/runner/work/key/key/key.core/../key.ui/examples/heap/permissions/threads/AFilter_preStart_accessible.key 
113851     INFO  main            d.u.i.k.p.i.AbstractProblemLoader Loading environment from /home/runner/work/key/key/key.core/../key.ui/examples/heap/permissions/threads/AFilter_preStart_accessible.key 
113851     DEBUG main            d.u.i.k.p.i.AbstractProblemLoader Environment load took 93.2ns 
113852     INFO  main            d.u.i.k.p.i.AbstractProblemLoader Creating init config 
118562     DEBUG main            d.u.i.k.p.i.AbstractProblemLoader Init config took 4.71s 
118643     INFO  main            d.u.i.k.p.i.AbstractProblemLoader Replaying proof AFilter[ThreadSpec2::preStart(java.lang.Object)].JML accessible clause.0 
118644     DEBUG main            d.u.i.k.p.i.IntermediateProofReplayer Proof replay took 7.7ns 
118947     INFO  main            d.u.i.k.p.r.p.TestFile    ... finished proof: closed. 
119182     INFO  main            d.u.i.k.p.i.AbstractProblemLoader Loading environment from /home/runner/work/key/key/key.core/../key.ui/examples/heap/permissions/threads/AFilter_preStart_accessible.key.proof 
119182     DEBUG main            d.u.i.k.p.i.AbstractProblemLoader Environment load took 123.1ns 
119183     INFO  main            d.u.i.k.p.i.AbstractProblemLoader Creating init config 
123806     DEBUG main            d.u.i.k.p.i.AbstractProblemLoader Init config took 4.62s 
123886     INFO  main            d.u.i.k.p.i.AbstractProblemLoader Replaying proof AFilter[ThreadSpec2::preStart(java.lang.Object)].JML accessible clause.0 
123940     DEBUG main            d.u.i.k.p.i.IntermediateProofReplayer Proof replay took 50.68ms 
123942     DEBUG main            d.u.i.k.p.r.p.TestFile    ... success: reloaded. 
123943     INFO  main            d.u.i.k.p.r.p.TestFile    Now processing file /home/runner/work/key/key/key.core/../key.ui/examples/heap/permissions/threads/AFilter_startTransfer_accessible.key 
123943     INFO  main            d.u.i.k.p.i.AbstractProblemLoader Loading environment from /home/runner/work/key/key/key.core/../key.ui/examples/heap/permissions/threads/AFilter_startTransfer_accessible.key 
123943     DEBUG main            d.u.i.k.p.i.AbstractProblemLoader Environment load took 96.2ns 
123944     INFO  main            d.u.i.k.p.i.AbstractProblemLoader Creating init config 
128655     DEBUG main            d.u.i.k.p.i.AbstractProblemLoader Init config took 4.71s 
128752     INFO  main            d.u.i.k.p.i.AbstractProblemLoader Replaying proof AFilter[ThreadSpec2::startTransfer()].JML accessible clause.0 
128753     DEBUG main            d.u.i.k.p.i.IntermediateProofReplayer Proof replay took 8.4ns 
138603     INFO  main            d.u.i.k.p.r.p.TestFile    ... finished proof: closed. 
138913     INFO  main            d.u.i.k.p.i.AbstractProblemLoader Loading environment from /home/runner/work/key/key/key.core/../key.ui/examples/heap/permissions/threads/AFilter_startTransfer_accessible.key.proof 
138913     DEBUG main            d.u.i.k.p.i.AbstractProblemLoader Environment load took 382.51ns 
138915     INFO  main            d.u.i.k.p.i.AbstractProblemLoader Creating init config 
143516     DEBUG main            d.u.i.k.p.i.AbstractProblemLoader Init config took 4.6s 
143596     INFO  main            d.u.i.k.p.i.AbstractProblemLoader Replaying proof AFilter[ThreadSpec2::startTransfer()].JML accessible clause.0 
144438     DEBUG main            d.u.i.k.p.i.IntermediateProofReplayer Proof replay took 817.57ms 
144440     DEBUG main            d.u.i.k.p.r.p.TestFile    ... success: reloaded. 
144441     INFO  main            d.u.i.k.p.r.p.TestFile    Now processing file /home/runner/work/key/key/key.core/../key.ui/examples/heap/permissions/threads/AFilter_startTransfer_contract.key 
144441     INFO  main            d.u.i.k.p.i.AbstractProblemLoader Loading environment from /home/runner/work/key/key/key.core/../key.ui/examples/heap/permissions/threads/AFilter_startTransfer_contract.key 
144441     DEBUG main            d.u.i.k.p.i.AbstractProblemLoader Environment load took 148.7ns 
144442     INFO  main            d.u.i.k.p.i.AbstractProblemLoader Creating init config 
149150     DEBUG main            d.u.i.k.p.i.AbstractProblemLoader Init config took 4.71s 
149248     INFO  main            d.u.i.k.p.i.AbstractProblemLoader Replaying proof AFilter[ThreadSpec2::startTransfer()].JML model_behavior operation contract.0 
149249     DEBUG main            d.u.i.k.p.i.IntermediateProofReplayer Proof replay took 7.7ns 
149654     INFO  main            d.u.i.k.p.r.p.TestFile    ... finished proof: closed. 
149913     INFO  main            d.u.i.k.p.i.AbstractProblemLoader Loading environment from /home/runner/work/key/key/key.core/../key.ui/examples/heap/permissions/threads/AFilter_startTransfer_contract.key.proof 
149913     DEBUG main            d.u.i.k.p.i.AbstractProblemLoader Environment load took 134.8ns 
149914     INFO  main            d.u.i.k.p.i.AbstractProblemLoader Creating init config 
154504     DEBUG main            d.u.i.k.p.i.AbstractProblemLoader Init config took 4.59s 
154598     INFO  main            d.u.i.k.p.i.AbstractProblemLoader Replaying proof AFilter[ThreadSpec2::startTransfer()].JML model_behavior operation contract.0 
154648     DEBUG main            d.u.i.k.p.i.IntermediateProofReplayer Proof replay took 43.95ms 
154649     DEBUG main            d.u.i.k.p.r.p.TestFile    ... success: reloaded. 
154650     INFO  main            d.u.i.k.p.r.p.TestFile    Now processing file /home/runner/work/key/key/key.core/../key.ui/examples/heap/permissions/threads/AFilter_stateInv_accessible.key 
154650     INFO  main            d.u.i.k.p.i.AbstractProblemLoader Loading environment from /home/runner/work/key/key/key.core/../key.ui/examples/heap/permissions/threads/AFilter_stateInv_accessible.key 
154651     DEBUG main            d.u.i.k.p.i.AbstractProblemLoader Environment load took 214.31ns 
154652     INFO  main            d.u.i.k.p.i.AbstractProblemLoader Creating init config 
159330     DEBUG main            d.u.i.k.p.i.AbstractProblemLoader Init config took 4.68s 
159424     INFO  main            d.u.i.k.p.i.AbstractProblemLoader Replaying proof AFilter[ThreadSpec2::stateInv()].JML accessible clause.0 
159426     DEBUG main            d.u.i.k.p.i.IntermediateProofReplayer Proof replay took 7.1ns 
159729     INFO  main            d.u.i.k.p.r.p.TestFile    ... finished proof: closed. 
159993     INFO  main            d.u.i.k.p.i.AbstractProblemLoader Loading environment from /home/runner/work/key/key/key.core/../key.ui/examples/heap/permissions/threads/AFilter_stateInv_accessible.key.proof 
159993     DEBUG main            d.u.i.k.p.i.AbstractProblemLoader Environment load took 122.6ns 
159994     INFO  main            d.u.i.k.p.i.AbstractProblemLoader Creating init config 
164601     DEBUG main            d.u.i.k.p.i.AbstractProblemLoader Init config took 4.61s 
164680     INFO  main            d.u.i.k.p.i.AbstractProblemLoader Replaying proof AFilter[ThreadSpec2::stateInv()].JML accessible clause.0 
164718     DEBUG main            d.u.i.k.p.i.IntermediateProofReplayer Proof replay took 34.93ms 
164719     DEBUG main            d.u.i.k.p.r.p.TestFile    ... success: reloaded. 
164720     INFO  main            d.u.i.k.p.r.p.TestFile    Now processing file /home/runner/work/key/key/key.core/../key.ui/examples/heap/permissions/threads/AFilter_staticPermissions_accessible.key 
164720     INFO  main            d.u.i.k.p.i.AbstractProblemLoader Loading environment from /home/runner/work/key/key/key.core/../key.ui/examples/heap/permissions/threads/AFilter_staticPermissions_accessible.key 
164720     DEBUG main            d.u.i.k.p.i.AbstractProblemLoader Environment load took 84.3ns 
164721     INFO  main            d.u.i.k.p.i.AbstractProblemLoader Creating init config 
169407     DEBUG main            d.u.i.k.p.i.AbstractProblemLoader Init config took 4.69s 
169485     INFO  main            d.u.i.k.p.i.AbstractProblemLoader Replaying proof AFilter[ThreadSpec2::staticPermissions()].JML accessible clause.0 
169487     DEBUG main            d.u.i.k.p.i.IntermediateProofReplayer Proof replay took 7.7ns 
169591     INFO  main            d.u.i.k.p.r.p.TestFile    ... finished proof: closed. 
169860     INFO  main            d.u.i.k.p.i.AbstractProblemLoader Loading environment from /home/runner/work/key/key/key.core/../key.ui/examples/heap/permissions/threads/AFilter_staticPermissions_accessible.key.proof 
169860     DEBUG main            d.u.i.k.p.i.AbstractProblemLoader Environment load took 135ns 
169861     INFO  main            d.u.i.k.p.i.AbstractProblemLoader Creating init config 
174459     DEBUG main            d.u.i.k.p.i.AbstractProblemLoader Init config took 4.6s 
174538     INFO  main            d.u.i.k.p.i.AbstractProblemLoader Replaying proof AFilter[ThreadSpec2::staticPermissions()].JML accessible clause.0 
174549     DEBUG main            d.u.i.k.p.i.IntermediateProofReplayer Proof replay took 9.37ms 
174549     DEBUG main            d.u.i.k.p.r.p.TestFile    ... success: reloaded. 
174551     INFO  main            d.u.i.k.p.r.p.TestFile    Now processing file /home/runner/work/key/key/key.core/../key.ui/examples/heap/permissions/threads/AFilter_workingPermissions_accessible.key 
174551     INFO  main            d.u.i.k.p.i.AbstractProblemLoader Loading environment from /home/runner/work/key/key/key.core/../key.ui/examples/heap/permissions/threads/AFilter_workingPermissions_accessible.key 
174551     DEBUG main            d.u.i.k.p.i.AbstractProblemLoader Environment load took 81.5ns 
174552     INFO  main            d.u.i.k.p.i.AbstractProblemLoader Creating init config 
179253     DEBUG main            d.u.i.k.p.i.AbstractProblemLoader Init config took 4.7s 
179332     INFO  main            d.u.i.k.p.i.AbstractProblemLoader Replaying proof AFilter[ThreadSpec2::workingPermissions()].JML accessible clause.0 
179333     DEBUG main            d.u.i.k.p.i.IntermediateProofReplayer Proof replay took 7ns 
179435     INFO  main            d.u.i.k.p.r.p.TestFile    ... finished proof: closed. 
179712     INFO  main            d.u.i.k.p.i.AbstractProblemLoader Loading environment from /home/runner/work/key/key/key.core/../key.ui/examples/heap/permissions/threads/AFilter_workingPermissions_accessible.key.proof 
179712     DEBUG main            d.u.i.k.p.i.AbstractProblemLoader Environment load took 129.1ns 
179713     INFO  main            d.u.i.k.p.i.AbstractProblemLoader Creating init config 
184324     DEBUG main            d.u.i.k.p.i.AbstractProblemLoader Init config took 4.61s 
184404     INFO  main            d.u.i.k.p.i.AbstractProblemLoader Replaying proof AFilter[ThreadSpec2::workingPermissions()].JML accessible clause.0 
184423     DEBUG main            d.u.i.k.p.i.IntermediateProofReplayer Proof replay took 17.4ms 
184425     DEBUG main            d.u.i.k.p.r.p.TestFile    ... success: reloaded. 
184434     INFO  main            d.u.i.k.p.r.p.TestFile    Now processing file /home/runner/work/key/key/key.core/../key.ui/examples/heap/permissions/threads/BFilter_BFilter.key 
184434     INFO  main            d.u.i.k.p.i.AbstractProblemLoader Loading environment from /home/runner/work/key/key/key.core/../key.ui/examples/heap/permissions/threads/BFilter_BFilter.key 
184434     DEBUG main            d.u.i.k.p.i.AbstractProblemLoader Environment load took 110.5ns 
184435     INFO  main            d.u.i.k.p.i.AbstractProblemLoader Creating init config 
189068     DEBUG main            d.u.i.k.p.i.AbstractProblemLoader Init config took 4.63s 
189148     INFO  main            d.u.i.k.p.i.AbstractProblemLoader Replaying proof BFilter[BFilter::BFilter(Sampler,Buffer)].JML normal_behavior operation contract.0 
189149     DEBUG main            d.u.i.k.p.i.IntermediateProofReplayer Proof replay took 7.6ns 
190153     INFO  main            d.u.i.k.p.r.p.TestFile    ... finished proof: closed. 
190463     INFO  main            d.u.i.k.p.i.AbstractProblemLoader Loading environment from /home/runner/work/key/key/key.core/../key.ui/examples/heap/permissions/threads/BFilter_BFilter.key.proof 
190463     DEBUG main            d.u.i.k.p.i.AbstractProblemLoader Environment load took 370.61ns 
190464     INFO  main            d.u.i.k.p.i.AbstractProblemLoader Creating init config 
195064     DEBUG main            d.u.i.k.p.i.AbstractProblemLoader Init config took 4.6s 
195156     INFO  main            d.u.i.k.p.i.AbstractProblemLoader Replaying proof BFilter[BFilter::BFilter(Sampler,Buffer)].JML normal_behavior operation contract.0 
195303     DEBUG main            d.u.i.k.p.i.IntermediateProofReplayer Proof replay took 142.57ms 
195304     DEBUG main            d.u.i.k.p.r.p.TestFile    ... success: reloaded. 
195305     INFO  main            d.u.i.k.p.r.p.TestFile    Now processing file /home/runner/work/key/key/key.core/../key.ui/examples/heap/permissions/threads/BFilter_initPost_accessible.key 
195305     INFO  main            d.u.i.k.p.i.AbstractProblemLoader Loading environment from /home/runner/work/key/key/key.core/../key.ui/examples/heap/permissions/threads/BFilter_initPost_accessible.key 
195306     DEBUG main            d.u.i.k.p.i.AbstractProblemLoader Environment load took 93.4ns 
195306     INFO  main            d.u.i.k.p.i.AbstractProblemLoader Creating init config 
199969     DEBUG main            d.u.i.k.p.i.AbstractProblemLoader Init config took 4.66s 
200065     INFO  main            d.u.i.k.p.i.AbstractProblemLoader Replaying proof BFilter[ThreadSpec2::initPost()].JML accessible clause.0 
200067     DEBUG main            d.u.i.k.p.i.IntermediateProofReplayer Proof replay took 7.7ns 
200168     INFO  main            d.u.i.k.p.r.p.TestFile    ... finished proof: closed. 
200513     INFO  main            d.u.i.k.p.i.AbstractProblemLoader Loading environment from /home/runner/work/key/key/key.core/../key.ui/examples/heap/permissions/threads/BFilter_initPost_accessible.key.proof 
200513     DEBUG main            d.u.i.k.p.i.AbstractProblemLoader Environment load took 126.3ns 
200514     INFO  main            d.u.i.k.p.i.AbstractProblemLoader Creating init config 
205091     DEBUG main            d.u.i.k.p.i.AbstractProblemLoader Init config took 4.58s 
205170     INFO  main            d.u.i.k.p.i.AbstractProblemLoader Replaying proof BFilter[ThreadSpec2::initPost()].JML accessible clause.0 
205182     DEBUG main            d.u.i.k.p.i.IntermediateProofReplayer Proof replay took 10.15ms 
205183     DEBUG main            d.u.i.k.p.r.p.TestFile    ... success: reloaded. 
205184     INFO  main            d.u.i.k.p.r.p.TestFile    Now processing file /home/runner/work/key/key/key.core/../key.ui/examples/heap/permissions/threads/BFilter_inv_accessible1.key 
205184     INFO  main            d.u.i.k.p.i.AbstractProblemLoader Loading environment from /home/runner/work/key/key/key.core/../key.ui/examples/heap/permissions/threads/BFilter_inv_accessible1.key 
205184     DEBUG main            d.u.i.k.p.i.AbstractProblemLoader Environment load took 91ns 
205185     INFO  main            d.u.i.k.p.i.AbstractProblemLoader Creating init config 
209845     DEBUG main            d.u.i.k.p.i.AbstractProblemLoader Init config took 4.66s 
209923     INFO  main            d.u.i.k.p.i.AbstractProblemLoader Replaying proof BFilter[java.lang.Object::<inv>()].JML accessible clause.0 
209924     DEBUG main            d.u.i.k.p.i.IntermediateProofReplayer Proof replay took 8ns 
210026     INFO  main            d.u.i.k.p.r.p.TestFile    ... finished proof: closed. 
210317     INFO  main            d.u.i.k.p.i.AbstractProblemLoader Loading environment from /home/runner/work/key/key/key.core/../key.ui/examples/heap/permissions/threads/BFilter_inv_accessible1.key.proof 
210317     DEBUG main            d.u.i.k.p.i.AbstractProblemLoader Environment load took 113.6ns 
210318     INFO  main            d.u.i.k.p.i.AbstractProblemLoader Creating init config 
214894     DEBUG main            d.u.i.k.p.i.AbstractProblemLoader Init config took 4.58s 
214973     INFO  main            d.u.i.k.p.i.AbstractProblemLoader Replaying proof BFilter[java.lang.Object::<inv>()].JML accessible clause.0 
214976     DEBUG main            d.u.i.k.p.i.IntermediateProofReplayer Proof replay took 1.66ms 
214977     DEBUG main            d.u.i.k.p.r.p.TestFile    ... success: reloaded. 
214978     INFO  main            d.u.i.k.p.r.p.TestFile    Now processing file /home/runner/work/key/key/key.core/../key.ui/examples/heap/permissions/threads/BFilter_inv_accessible2.key 
214978     INFO  main            d.u.i.k.p.i.AbstractProblemLoader Loading environment from /home/runner/work/key/key/key.core/../key.ui/examples/heap/permissions/threads/BFilter_inv_accessible2.key 
214978     DEBUG main            d.u.i.k.p.i.AbstractProblemLoader Environment load took 79.5ns 
214979     INFO  main            d.u.i.k.p.i.AbstractProblemLoader Creating init config 
219628     DEBUG main            d.u.i.k.p.i.AbstractProblemLoader Init config took 4.65s 
219706     INFO  main            d.u.i.k.p.i.AbstractProblemLoader Replaying proof BFilter[java.lang.Object::<inv>()].JML accessible clause.1 
219708     DEBUG main            d.u.i.k.p.i.IntermediateProofReplayer Proof replay took 7.8ns 
219813     INFO  main            d.u.i.k.p.r.p.TestFile    ... finished proof: closed. 
220178     INFO  main            d.u.i.k.p.i.AbstractProblemLoader Loading environment from /home/runner/work/key/key/key.core/../key.ui/examples/heap/permissions/threads/BFilter_inv_accessible2.key.proof 
220178     DEBUG main            d.u.i.k.p.i.AbstractProblemLoader Environment load took 111.5ns 
220179     INFO  main            d.u.i.k.p.i.AbstractProblemLoader Creating init config 
224769     DEBUG main            d.u.i.k.p.i.AbstractProblemLoader Init config took 4.59s 
224847     INFO  main            d.u.i.k.p.i.AbstractProblemLoader Replaying proof BFilter[java.lang.Object::<inv>()].JML accessible clause.1 
224851     DEBUG main            d.u.i.k.p.i.IntermediateProofReplayer Proof replay took 1.77ms 
224852     DEBUG main            d.u.i.k.p.r.p.TestFile    ... success: reloaded. 
224852     INFO  main            d.u.i.k.p.r.p.TestFile    Now processing file /home/runner/work/key/key/key.core/../key.ui/examples/heap/permissions/threads/BFilter_joinTransfer_accessible.key 
224853     INFO  main            d.u.i.k.p.i.AbstractProblemLoader Loading environment from /home/runner/work/key/key/key.core/../key.ui/examples/heap/permissions/threads/BFilter_joinTransfer_accessible.key 
224853     DEBUG main            d.u.i.k.p.i.AbstractProblemLoader Environment load took 98.1ns 
224854     INFO  main            d.u.i.k.p.i.AbstractProblemLoader Creating init config 
229519     DEBUG main            d.u.i.k.p.i.AbstractProblemLoader Init config took 4.67s 
229603     INFO  main            d.u.i.k.p.i.AbstractProblemLoader Replaying proof BFilter[ThreadSpec2::joinTransfer()].JML accessible clause.0 
229606     DEBUG main            d.u.i.k.p.i.IntermediateProofReplayer Proof replay took 8.2ns 
230710     INFO  main            d.u.i.k.p.r.p.TestFile    ... finished proof: closed. 
231015     INFO  main            d.u.i.k.p.i.AbstractProblemLoader Loading environment from /home/runner/work/key/key/key.core/../key.ui/examples/heap/permissions/threads/BFilter_joinTransfer_accessible.key.proof 
231016     DEBUG main            d.u.i.k.p.i.AbstractProblemLoader Environment load took 118.8ns 
231017     INFO  main            d.u.i.k.p.i.AbstractProblemLoader Creating init config 
235598     DEBUG main            d.u.i.k.p.i.AbstractProblemLoader Init config took 4.58s 
235687     INFO  main            d.u.i.k.p.i.AbstractProblemLoader Replaying proof BFilter[ThreadSpec2::joinTransfer()].JML accessible clause.0 
235796     DEBUG main            d.u.i.k.p.i.IntermediateProofReplayer Proof replay took 104.11ms 
235797     DEBUG main            d.u.i.k.p.r.p.TestFile    ... success: reloaded. 
235798     INFO  main            d.u.i.k.p.r.p.TestFile    Now processing file /home/runner/work/key/key/key.core/../key.ui/examples/heap/permissions/threads/BFilter_joinTransfer_contract.key 
235798     INFO  main            d.u.i.k.p.i.AbstractProblemLoader Loading environment from /home/runner/work/key/key/key.core/../key.ui/examples/heap/permissions/threads/BFilter_joinTransfer_contract.key 
235798     DEBUG main            d.u.i.k.p.i.AbstractProblemLoader Environment load took 59.3ns 
235799     INFO  main            d.u.i.k.p.i.AbstractProblemLoader Creating init config 
240504     DEBUG main            d.u.i.k.p.i.AbstractProblemLoader Init config took 4.71s 
240606     INFO  main            d.u.i.k.p.i.AbstractProblemLoader Replaying proof BFilter[ThreadSpec2::joinTransfer()].JML model_behavior operation contract.0 
240608     DEBUG main            d.u.i.k.p.i.IntermediateProofReplayer Proof replay took 7.4ns 
240712     INFO  main            d.u.i.k.p.r.p.TestFile    ... finished proof: closed. 
241171     INFO  main            d.u.i.k.p.i.AbstractProblemLoader Loading environment from /home/runner/work/key/key/key.core/../key.ui/examples/heap/permissions/threads/BFilter_joinTransfer_contract.key.proof 
241171     DEBUG main            d.u.i.k.p.i.AbstractProblemLoader Environment load took 110.3ns 
241173     INFO  main            d.u.i.k.p.i.AbstractProblemLoader Creating init config 
245757     DEBUG main            d.u.i.k.p.i.AbstractProblemLoader Init config took 4.58s 
245846     INFO  main            d.u.i.k.p.i.AbstractProblemLoader Replaying proof BFilter[ThreadSpec2::joinTransfer()].JML model_behavior operation contract.0 
245855     DEBUG main            d.u.i.k.p.i.IntermediateProofReplayer Proof replay took 6.85ms 
245856     DEBUG main            d.u.i.k.p.r.p.TestFile    ... success: reloaded. 
245857     INFO  main            d.u.i.k.p.r.p.TestFile    Now processing file /home/runner/work/key/key/key.core/../key.ui/examples/heap/permissions/threads/BFilter_postJoin_accessible.key 
245857     INFO  main            d.u.i.k.p.i.AbstractProblemLoader Loading environment from /home/runner/work/key/key/key.core/../key.ui/examples/heap/permissions/threads/BFilter_postJoin_accessible.key 
245857     DEBUG main            d.u.i.k.p.i.AbstractProblemLoader Environment load took 169.1ns 
245858     INFO  main            d.u.i.k.p.i.AbstractProblemLoader Creating init config 
250514     DEBUG main            d.u.i.k.p.i.AbstractProblemLoader Init config took 4.66s 
250607     INFO  main            d.u.i.k.p.i.AbstractProblemLoader Replaying proof BFilter[ThreadSpec2::postJoin(java.lang.Object)].JML accessible clause.0 
250609     DEBUG main            d.u.i.k.p.i.IntermediateProofReplayer Proof replay took 7.1ns 
250715     INFO  main            d.u.i.k.p.r.p.TestFile    ... finished proof: closed. 
251086     INFO  main            d.u.i.k.p.i.AbstractProblemLoader Loading environment from /home/runner/work/key/key/key.core/../key.ui/examples/heap/permissions/threads/BFilter_postJoin_accessible.key.proof 
251086     DEBUG main            d.u.i.k.p.i.AbstractProblemLoader Environment load took 113.6ns 
251087     INFO  main            d.u.i.k.p.i.AbstractProblemLoader Creating init config 
255673     DEBUG main            d.u.i.k.p.i.AbstractProblemLoader Init config took 4.59s 
255750     INFO  main            d.u.i.k.p.i.AbstractProblemLoader Replaying proof BFilter[ThreadSpec2::postJoin(java.lang.Object)].JML accessible clause.0 
255761     DEBUG main            d.u.i.k.p.i.IntermediateProofReplayer Proof replay took 6.56ms 
255761     DEBUG main            d.u.i.k.p.r.p.TestFile    ... success: reloaded. 
255762     INFO  main            d.u.i.k.p.r.p.TestFile    Now processing file /home/runner/work/key/key/key.core/../key.ui/examples/heap/permissions/threads/BFilter_preStart_accessible.key 
255763     INFO  main            d.u.i.k.p.i.AbstractProblemLoader Loading environment from /home/runner/work/key/key/key.core/../key.ui/examples/heap/permissions/threads/BFilter_preStart_accessible.key 
255763     DEBUG main            d.u.i.k.p.i.AbstractProblemLoader Environment load took 54.7ns 
255764     INFO  main            d.u.i.k.p.i.AbstractProblemLoader Creating init config 
260436     DEBUG main            d.u.i.k.p.i.AbstractProblemLoader Init config took 4.67s 
260513     INFO  main            d.u.i.k.p.i.AbstractProblemLoader Replaying proof BFilter[ThreadSpec2::preStart(java.lang.Object)].JML accessible clause.0 
260515     DEBUG main            d.u.i.k.p.i.IntermediateProofReplayer Proof replay took 8.3ns 
260817     INFO  main            d.u.i.k.p.r.p.TestFile    ... finished proof: closed. 
261149     INFO  main            d.u.i.k.p.i.AbstractProblemLoader Loading environment from /home/runner/work/key/key/key.core/../key.ui/examples/heap/permissions/threads/BFilter_preStart_accessible.key.proof 
261149     DEBUG main            d.u.i.k.p.i.AbstractProblemLoader Environment load took 101.9ns 
261150     INFO  main            d.u.i.k.p.i.AbstractProblemLoader Creating init config 
265770     DEBUG main            d.u.i.k.p.i.AbstractProblemLoader Init config took 4.62s 
265847     INFO  main            d.u.i.k.p.i.AbstractProblemLoader Replaying proof BFilter[ThreadSpec2::preStart(java.lang.Object)].JML accessible clause.0 
265878     DEBUG main            d.u.i.k.p.i.IntermediateProofReplayer Proof replay took 27.96ms 
265879     DEBUG main            d.u.i.k.p.r.p.TestFile    ... success: reloaded. 
265880     INFO  main            d.u.i.k.p.r.p.TestFile    Now processing file /home/runner/work/key/key/key.core/../key.ui/examples/heap/permissions/threads/BFilter_startTransfer_accessible.key 
265881     INFO  main            d.u.i.k.p.i.AbstractProblemLoader Loading environment from /home/runner/work/key/key/key.core/../key.ui/examples/heap/permissions/threads/BFilter_startTransfer_accessible.key 
265881     DEBUG main            d.u.i.k.p.i.AbstractProblemLoader Environment load took 156.4ns 
265882     INFO  main            d.u.i.k.p.i.AbstractProblemLoader Creating init config 
270507     DEBUG main            d.u.i.k.p.i.AbstractProblemLoader Init config took 4.63s 
270585     INFO  main            d.u.i.k.p.i.AbstractProblemLoader Replaying proof BFilter[ThreadSpec2::startTransfer()].JML accessible clause.0 
270586     DEBUG main            d.u.i.k.p.i.IntermediateProofReplayer Proof replay took 8.3ns 
280616     INFO  main            d.u.i.k.p.r.p.TestFile    ... finished proof: closed. 
280981     INFO  main            d.u.i.k.p.i.AbstractProblemLoader Loading environment from /home/runner/work/key/key/key.core/../key.ui/examples/heap/permissions/threads/BFilter_startTransfer_accessible.key.proof 
280981     DEBUG main            d.u.i.k.p.i.AbstractProblemLoader Environment load took 168.5ns 
280982     INFO  main            d.u.i.k.p.i.AbstractProblemLoader Creating init config 
285601     DEBUG main            d.u.i.k.p.i.AbstractProblemLoader Init config took 4.62s 
285694     INFO  main            d.u.i.k.p.i.AbstractProblemLoader Replaying proof BFilter[ThreadSpec2::startTransfer()].JML accessible clause.0 
286497     DEBUG main            d.u.i.k.p.i.IntermediateProofReplayer Proof replay took 787.05ms 
286499     DEBUG main            d.u.i.k.p.r.p.TestFile    ... success: reloaded. 
286500     INFO  main            d.u.i.k.p.r.p.TestFile    Now processing file /home/runner/work/key/key/key.core/../key.ui/examples/heap/permissions/threads/BFilter_startTransfer_contract.key 
286500     INFO  main            d.u.i.k.p.i.AbstractProblemLoader Loading environment from /home/runner/work/key/key/key.core/../key.ui/examples/heap/permissions/threads/BFilter_startTransfer_contract.key 
286501     DEBUG main            d.u.i.k.p.i.AbstractProblemLoader Environment load took 177.1ns 
286501     INFO  main            d.u.i.k.p.i.AbstractProblemLoader Creating init config 
291182     DEBUG main            d.u.i.k.p.i.AbstractProblemLoader Init config took 4.68s 
291278     INFO  main            d.u.i.k.p.i.AbstractProblemLoader Replaying proof BFilter[ThreadSpec2::startTransfer()].JML model_behavior operation contract.0 
291280     DEBUG main            d.u.i.k.p.i.IntermediateProofReplayer Proof replay took 8.1ns 
292286     INFO  main            d.u.i.k.p.r.p.TestFile    ... finished proof: closed. 
292636     INFO  main            d.u.i.k.p.i.AbstractProblemLoader Loading environment from /home/runner/work/key/key/key.core/../key.ui/examples/heap/permissions/threads/BFilter_startTransfer_contract.key.proof 
292637     DEBUG main            d.u.i.k.p.i.AbstractProblemLoader Environment load took 498.11ns 
292639     INFO  main            d.u.i.k.p.i.AbstractProblemLoader Creating init config 
297221     DEBUG main            d.u.i.k.p.i.AbstractProblemLoader Init config took 4.58s 
297299     INFO  main            d.u.i.k.p.i.AbstractProblemLoader Replaying proof BFilter[ThreadSpec2::startTransfer()].JML model_behavior operation contract.0 
297393     DEBUG main            d.u.i.k.p.i.IntermediateProofReplayer Proof replay took 89.49ms 
297395     DEBUG main            d.u.i.k.p.r.p.TestFile    ... success: reloaded. 
297395     INFO  main            d.u.i.k.p.r.p.TestFile    Now processing file /home/runner/work/key/key/key.core/../key.ui/examples/heap/permissions/threads/BFilter_stateInv_accessible.key 
297396     INFO  main            d.u.i.k.p.i.AbstractProblemLoader Loading environment from /home/runner/work/key/key/key.core/../key.ui/examples/heap/permissions/threads/BFilter_stateInv_accessible.key 
297396     DEBUG main            d.u.i.k.p.i.AbstractProblemLoader Environment load took 68.2ns 
297397     INFO  main            d.u.i.k.p.i.AbstractProblemLoader Creating init config 
302035     DEBUG main            d.u.i.k.p.i.AbstractProblemLoader Init config took 4.64s 
302112     INFO  main            d.u.i.k.p.i.AbstractProblemLoader Replaying proof BFilter[ThreadSpec2::stateInv()].JML accessible clause.0 
302113     DEBUG main            d.u.i.k.p.i.IntermediateProofReplayer Proof replay took 7.4ns 
302432     INFO  main            d.u.i.k.p.r.p.TestFile    ... finished proof: closed. 
302758     INFO  main            d.u.i.k.p.i.AbstractProblemLoader Loading environment from /home/runner/work/key/key/key.core/../key.ui/examples/heap/permissions/threads/BFilter_stateInv_accessible.key.proof 
302758     DEBUG main            d.u.i.k.p.i.AbstractProblemLoader Environment load took 103.7ns 
302759     INFO  main            d.u.i.k.p.i.AbstractProblemLoader Creating init config 
307307     DEBUG main            d.u.i.k.p.i.AbstractProblemLoader Init config took 4.55s 
307384     INFO  main            d.u.i.k.p.i.AbstractProblemLoader Replaying proof BFilter[ThreadSpec2::stateInv()].JML accessible clause.0 
307420     DEBUG main            d.u.i.k.p.i.IntermediateProofReplayer Proof replay took 33.83ms 
307421     DEBUG main            d.u.i.k.p.r.p.TestFile    ... success: reloaded. 
307422     INFO  main            d.u.i.k.p.r.p.TestFile    Now processing file /home/runner/work/key/key/key.core/../key.ui/examples/heap/permissions/threads/BFilter_staticPermissions_accessible.key 
307423     INFO  main            d.u.i.k.p.i.AbstractProblemLoader Loading environment from /home/runner/work/key/key/key.core/../key.ui/examples/heap/permissions/threads/BFilter_staticPermissions_accessible.key 
307423     DEBUG main            d.u.i.k.p.i.AbstractProblemLoader Environment load took 79.4ns 
307423     INFO  main            d.u.i.k.p.i.AbstractProblemLoader Creating init config 
312074     DEBUG main            d.u.i.k.p.i.AbstractProblemLoader Init config took 4.65s 
312152     INFO  main            d.u.i.k.p.i.AbstractProblemLoader Replaying proof BFilter[ThreadSpec2::staticPermissions()].JML accessible clause.0 
312153     DEBUG main            d.u.i.k.p.i.IntermediateProofReplayer Proof replay took 6.9ns 
312259     INFO  main            d.u.i.k.p.r.p.TestFile    ... finished proof: closed. 
312609     INFO  main            d.u.i.k.p.i.AbstractProblemLoader Loading environment from /home/runner/work/key/key/key.core/../key.ui/examples/heap/permissions/threads/BFilter_staticPermissions_accessible.key.proof 
312609     DEBUG main            d.u.i.k.p.i.AbstractProblemLoader Environment load took 106.9ns 
312610     INFO  main            d.u.i.k.p.i.AbstractProblemLoader Creating init config 
317184     DEBUG main            d.u.i.k.p.i.AbstractProblemLoader Init config took 4.57s 
317261     INFO  main            d.u.i.k.p.i.AbstractProblemLoader Replaying proof BFilter[ThreadSpec2::staticPermissions()].JML accessible clause.0 
317271     DEBUG main            d.u.i.k.p.i.IntermediateProofReplayer Proof replay took 8.42ms 
317272     DEBUG main            d.u.i.k.p.r.p.TestFile    ... success: reloaded. 
317273     INFO  main            d.u.i.k.p.r.p.TestFile    Now processing file /home/runner/work/key/key/key.core/../key.ui/examples/heap/permissions/threads/BFilter_workingPermissions_accessible.key 
317273     INFO  main            d.u.i.k.p.i.AbstractProblemLoader Loading environment from /home/runner/work/key/key/key.core/../key.ui/examples/heap/permissions/threads/BFilter_workingPermissions_accessible.key 
317273     DEBUG main            d.u.i.k.p.i.AbstractProblemLoader Environment load took 51.7ns 
317274     INFO  main            d.u.i.k.p.i.AbstractProblemLoader Creating init config 
321899     DEBUG main            d.u.i.k.p.i.AbstractProblemLoader Init config took 4.63s 
321990     INFO  main            d.u.i.k.p.i.AbstractProblemLoader Replaying proof BFilter[ThreadSpec2::workingPermissions()].JML accessible clause.0 
321991     DEBUG main            d.u.i.k.p.i.IntermediateProofReplayer Proof replay took 6.3ns 
322094     INFO  main            d.u.i.k.p.r.p.TestFile    ... finished proof: closed. 
322446     INFO  main            d.u.i.k.p.i.AbstractProblemLoader Loading environment from /home/runner/work/key/key/key.core/../key.ui/examples/heap/permissions/threads/BFilter_workingPermissions_accessible.key.proof 
322446     DEBUG main            d.u.i.k.p.i.AbstractProblemLoader Environment load took 99.6ns 
322447     INFO  main            d.u.i.k.p.i.AbstractProblemLoader Creating init config 
327014     DEBUG main            d.u.i.k.p.i.AbstractProblemLoader Init config took 4.57s 
327091     INFO  main            d.u.i.k.p.i.AbstractProblemLoader Replaying proof BFilter[ThreadSpec2::workingPermissions()].JML accessible clause.0 
327100     DEBUG main            d.u.i.k.p.i.IntermediateProofReplayer Proof replay took 7.33ms 
327101     DEBUG main            d.u.i.k.p.r.p.TestFile    ... success: reloaded. 
327102     INFO  main            d.u.i.k.p.r.p.TestFile    Now processing file /home/runner/work/key/key/key.core/../key.ui/examples/heap/permissions/threads/Fib_Fib.key 
327102     INFO  main            d.u.i.k.p.i.AbstractProblemLoader Loading environment from /home/runner/work/key/key/key.core/../key.ui/examples/heap/permissions/threads/Fib_Fib.key 
327102     DEBUG main            d.u.i.k.p.i.AbstractProblemLoader Environment load took 65.9ns 
327103     INFO  main            d.u.i.k.p.i.AbstractProblemLoader Creating init config 
331740     DEBUG main            d.u.i.k.p.i.AbstractProblemLoader Init config took 4.64s 
331819     INFO  main            d.u.i.k.p.i.AbstractProblemLoader Replaying proof Fib[Fib::Fib(int)].JML normal_behavior operation contract.0 
331820     DEBUG main            d.u.i.k.p.i.IntermediateProofReplayer Proof replay took 6.4ns 
332424     INFO  main            d.u.i.k.p.r.p.TestFile    ... finished proof: closed. 
332823     INFO  main            d.u.i.k.p.i.AbstractProblemLoader Loading environment from /home/runner/work/key/key/key.core/../key.ui/examples/heap/permissions/threads/Fib_Fib.key.proof 
332823     DEBUG main            d.u.i.k.p.i.AbstractProblemLoader Environment load took 110.9ns 
332824     INFO  main            d.u.i.k.p.i.AbstractProblemLoader Creating init config 
337392     DEBUG main            d.u.i.k.p.i.AbstractProblemLoader Init config took 4.57s 
337470     INFO  main            d.u.i.k.p.i.AbstractProblemLoader Replaying proof Fib[Fib::Fib(int)].JML normal_behavior operation contract.0 
337573     DEBUG main            d.u.i.k.p.i.IntermediateProofReplayer Proof replay took 92.22ms 
337575     DEBUG main            d.u.i.k.p.r.p.TestFile    ... success: reloaded. 
337576     INFO  main            d.u.i.k.p.r.p.TestFile    Now processing file /home/runner/work/key/key/key.core/../key.ui/examples/heap/permissions/threads/Fib_initPost_accessible.key 
337576     INFO  main            d.u.i.k.p.i.AbstractProblemLoader Loading environment from /home/runner/work/key/key/key.core/../key.ui/examples/heap/permissions/threads/Fib_initPost_accessible.key 
337576     DEBUG main            d.u.i.k.p.i.AbstractProblemLoader Environment load took 185.9ns 
337577     INFO  main            d.u.i.k.p.i.AbstractProblemLoader Creating init config 
342242     DEBUG main            d.u.i.k.p.i.AbstractProblemLoader Init config took 4.66s 
342320     INFO  main            d.u.i.k.p.i.AbstractProblemLoader Replaying proof Fib[ThreadSpec::initPost()].JML accessible clause.0 
342322     DEBUG main            d.u.i.k.p.i.IntermediateProofReplayer Proof replay took 6.8ns 
342425     INFO  main            d.u.i.k.p.r.p.TestFile    ... finished proof: closed. 
342792     INFO  main            d.u.i.k.p.i.AbstractProblemLoader Loading environment from /home/runner/work/key/key/key.core/../key.ui/examples/heap/permissions/threads/Fib_initPost_accessible.key.proof 
342792     DEBUG main            d.u.i.k.p.i.AbstractProblemLoader Environment load took 105.3ns 
342793     INFO  main            d.u.i.k.p.i.AbstractProblemLoader Creating init config 
347350     DEBUG main            d.u.i.k.p.i.AbstractProblemLoader Init config took 4.56s 
347427     INFO  main            d.u.i.k.p.i.AbstractProblemLoader Replaying proof Fib[ThreadSpec::initPost()].JML accessible clause.0 
347433     DEBUG main            d.u.i.k.p.i.IntermediateProofReplayer Proof replay took 4.65ms 
347434     DEBUG main            d.u.i.k.p.r.p.TestFile    ... success: reloaded. 
347437     INFO  main            d.u.i.k.p.r.p.TestFile    Now processing file /home/runner/work/key/key/key.core/../key.ui/examples/heap/permissions/threads/Fib_inv1_accessible.key 
347437     INFO  main            d.u.i.k.p.i.AbstractProblemLoader Loading environment from /home/runner/work/key/key/key.core/../key.ui/examples/heap/permissions/threads/Fib_inv1_accessible.key 
347437     DEBUG main            d.u.i.k.p.i.AbstractProblemLoader Environment load took 96.1ns 
347438     INFO  main            d.u.i.k.p.i.AbstractProblemLoader Creating init config 
352066     DEBUG main            d.u.i.k.p.i.AbstractProblemLoader Init config took 4.63s 
352143     INFO  main            d.u.i.k.p.i.AbstractProblemLoader Replaying proof Fib[java.lang.Object::<inv>()].JML accessible clause.0 
352145     DEBUG main            d.u.i.k.p.i.IntermediateProofReplayer Proof replay took 7.1ns 
352246     INFO  main            d.u.i.k.p.r.p.TestFile    ... finished proof: closed. 
352620     INFO  main            d.u.i.k.p.i.AbstractProblemLoader Loading environment from /home/runner/work/key/key/key.core/../key.ui/examples/heap/permissions/threads/Fib_inv1_accessible.key.proof 
352621     DEBUG main            d.u.i.k.p.i.AbstractProblemLoader Environment load took 102.8ns 
352621     INFO  main            d.u.i.k.p.i.AbstractProblemLoader Creating init config 
357184     DEBUG main            d.u.i.k.p.i.AbstractProblemLoader Init config took 4.56s 
357261     INFO  main            d.u.i.k.p.i.AbstractProblemLoader Replaying proof Fib[java.lang.Object::<inv>()].JML accessible clause.0 
357264     DEBUG main            d.u.i.k.p.i.IntermediateProofReplayer Proof replay took 1.65ms 
357265     DEBUG main            d.u.i.k.p.r.p.TestFile    ... success: reloaded. 
357265     INFO  main            d.u.i.k.p.r.p.TestFile    Now processing file /home/runner/work/key/key/key.core/../key.ui/examples/heap/permissions/threads/Fib_inv2_accessible.key 
357266     INFO  main            d.u.i.k.p.i.AbstractProblemLoader Loading environment from /home/runner/work/key/key/key.core/../key.ui/examples/heap/permissions/threads/Fib_inv2_accessible.key 
357266     DEBUG main            d.u.i.k.p.i.AbstractProblemLoader Environment load took 75.8ns 
357267     INFO  main            d.u.i.k.p.i.AbstractProblemLoader Creating init config 
361903     DEBUG main            d.u.i.k.p.i.AbstractProblemLoader Init config took 4.64s 
361995     INFO  main            d.u.i.k.p.i.AbstractProblemLoader Replaying proof Fib[java.lang.Object::<inv>()].JML accessible clause.1 
361996     DEBUG main            d.u.i.k.p.i.IntermediateProofReplayer Proof replay took 7.6ns 
362098     INFO  main            d.u.i.k.p.r.p.TestFile    ... finished proof: closed. 
362473     INFO  main            d.u.i.k.p.i.AbstractProblemLoader Loading environment from /home/runner/work/key/key/key.core/../key.ui/examples/heap/permissions/threads/Fib_inv2_accessible.key.proof 
362473     DEBUG main            d.u.i.k.p.i.AbstractProblemLoader Environment load took 111.8ns 
362474     INFO  main            d.u.i.k.p.i.AbstractProblemLoader Creating init config 
367039     DEBUG main            d.u.i.k.p.i.AbstractProblemLoader Init config took 4.57s 
367118     INFO  main            d.u.i.k.p.i.AbstractProblemLoader Replaying proof Fib[java.lang.Object::<inv>()].JML accessible clause.1 
367121     DEBUG main            d.u.i.k.p.i.IntermediateProofReplayer Proof replay took 1.61ms 
367121     DEBUG main            d.u.i.k.p.r.p.TestFile    ... success: reloaded. 
367122     INFO  main            d.u.i.k.p.r.p.TestFile    Now processing file /home/runner/work/key/key/key.core/../key.ui/examples/heap/permissions/threads/Fib_joinTransfer_accessible.key 
367123     INFO  main            d.u.i.k.p.i.AbstractProblemLoader Loading environment from /home/runner/work/key/key/key.core/../key.ui/examples/heap/permissions/threads/Fib_joinTransfer_accessible.key 
367123     DEBUG main            d.u.i.k.p.i.AbstractProblemLoader Environment load took 84.5ns 
367124     INFO  main            d.u.i.k.p.i.AbstractProblemLoader Creating init config 
371765     DEBUG main            d.u.i.k.p.i.AbstractProblemLoader Init config took 4.64s 
371842     INFO  main            d.u.i.k.p.i.AbstractProblemLoader Replaying proof Fib[ThreadSpec::joinTransfer()].JML accessible clause.0 
371843     DEBUG main            d.u.i.k.p.i.IntermediateProofReplayer Proof replay took 7.7ns 
372045     INFO  main            d.u.i.k.p.r.p.TestFile    ... finished proof: closed. 
372445     INFO  main            d.u.i.k.p.i.AbstractProblemLoader Loading environment from /home/runner/work/key/key/key.core/../key.ui/examples/heap/permissions/threads/Fib_joinTransfer_accessible.key.proof 
372445     DEBUG main            d.u.i.k.p.i.AbstractProblemLoader Environment load took 105ns 
372446     INFO  main            d.u.i.k.p.i.AbstractProblemLoader Creating init config 
377004     DEBUG main            d.u.i.k.p.i.AbstractProblemLoader Init config took 4.56s 
377100     INFO  main            d.u.i.k.p.i.AbstractProblemLoader Replaying proof Fib[ThreadSpec::joinTransfer()].JML accessible clause.0 
377124     DEBUG main            d.u.i.k.p.i.IntermediateProofReplayer Proof replay took 22.48ms 
377125     DEBUG main            d.u.i.k.p.r.p.TestFile    ... success: reloaded. 
377126     INFO  main            d.u.i.k.p.r.p.TestFile    Now processing file /home/runner/work/key/key/key.core/../key.ui/examples/heap/permissions/threads/Fib_joinTransfer_contract.key 
377126     INFO  main            d.u.i.k.p.i.AbstractProblemLoader Loading environment from /home/runner/work/key/key/key.core/../key.ui/examples/heap/permissions/threads/Fib_joinTransfer_contract.key 
377126     DEBUG main            d.u.i.k.p.i.AbstractProblemLoader Environment load took 80.6ns 
377127     INFO  main            d.u.i.k.p.i.AbstractProblemLoader Creating init config 
381757     DEBUG main            d.u.i.k.p.i.AbstractProblemLoader Init config took 4.63s 
381834     INFO  main            d.u.i.k.p.i.AbstractProblemLoader Replaying proof Fib[ThreadSpec::joinTransfer()].JML model_behavior operation contract.0 
381836     DEBUG main            d.u.i.k.p.i.IntermediateProofReplayer Proof replay took 7.9ns 
381937     INFO  main            d.u.i.k.p.r.p.TestFile    ... finished proof: closed. 
382330     INFO  main            d.u.i.k.p.i.AbstractProblemLoader Loading environment from /home/runner/work/key/key/key.core/../key.ui/examples/heap/permissions/threads/Fib_joinTransfer_contract.key.proof 
382330     DEBUG main            d.u.i.k.p.i.AbstractProblemLoader Environment load took 90.3ns 
382331     INFO  main            d.u.i.k.p.i.AbstractProblemLoader Creating init config 
386898     DEBUG main            d.u.i.k.p.i.AbstractProblemLoader Init config took 4.57s 
386976     INFO  main            d.u.i.k.p.i.AbstractProblemLoader Replaying proof Fib[ThreadSpec::joinTransfer()].JML model_behavior operation contract.0 
386984     DEBUG main            d.u.i.k.p.i.IntermediateProofReplayer Proof replay took 6.12ms 
386985     DEBUG main            d.u.i.k.p.r.p.TestFile    ... success: reloaded. 
386986     INFO  main            d.u.i.k.p.r.p.TestFile    Now processing file /home/runner/work/key/key/key.core/../key.ui/examples/heap/permissions/threads/Fib_postJoin_accessible.key 
386986     INFO  main            d.u.i.k.p.i.AbstractProblemLoader Loading environment from /home/runner/work/key/key/key.core/../key.ui/examples/heap/permissions/threads/Fib_postJoin_accessible.key 
386986     DEBUG main            d.u.i.k.p.i.AbstractProblemLoader Environment load took 160.2ns 
386987     INFO  main            d.u.i.k.p.i.AbstractProblemLoader Creating init config 
391626     DEBUG main            d.u.i.k.p.i.AbstractProblemLoader Init config took 4.64s 
391703     INFO  main            d.u.i.k.p.i.AbstractProblemLoader Replaying proof Fib[ThreadSpec::postJoin(java.lang.Object)].JML accessible clause.0 
391704     DEBUG main            d.u.i.k.p.i.IntermediateProofReplayer Proof replay took 6.6ns 
391806     INFO  main            d.u.i.k.p.r.p.TestFile    ... finished proof: closed. 
392213     INFO  main            d.u.i.k.p.i.AbstractProblemLoader Loading environment from /home/runner/work/key/key/key.core/../key.ui/examples/heap/permissions/threads/Fib_postJoin_accessible.key.proof 
392213     DEBUG main            d.u.i.k.p.i.AbstractProblemLoader Environment load took 106.3ns 
392214     INFO  main            d.u.i.k.p.i.AbstractProblemLoader Creating init config 
396786     DEBUG main            d.u.i.k.p.i.AbstractProblemLoader Init config took 4.57s 
396863     INFO  main            d.u.i.k.p.i.AbstractProblemLoader Replaying proof Fib[ThreadSpec::postJoin(java.lang.Object)].JML accessible clause.0 
396869     DEBUG main            d.u.i.k.p.i.IntermediateProofReplayer Proof replay took 5.14ms 
396870     DEBUG main            d.u.i.k.p.r.p.TestFile    ... success: reloaded. 
396871     INFO  main            d.u.i.k.p.r.p.TestFile    Now processing file /home/runner/work/key/key/key.core/../key.ui/examples/heap/permissions/threads/Fib_preStart_accessible.key 
396871     INFO  main            d.u.i.k.p.i.AbstractProblemLoader Loading environment from /home/runner/work/key/key/key.core/../key.ui/examples/heap/permissions/threads/Fib_preStart_accessible.key 
396871     DEBUG main            d.u.i.k.p.i.AbstractProblemLoader Environment load took 90.4ns 
396872     INFO  main            d.u.i.k.p.i.AbstractProblemLoader Creating init config 
401500     DEBUG main            d.u.i.k.p.i.AbstractProblemLoader Init config took 4.63s 
401593     INFO  main            d.u.i.k.p.i.AbstractProblemLoader Replaying proof Fib[ThreadSpec::preStart(java.lang.Object)].JML accessible clause.0 
401595     DEBUG main            d.u.i.k.p.i.IntermediateProofReplayer Proof replay took 7.4ns 
401696     INFO  main            d.u.i.k.p.r.p.TestFile    ... finished proof: closed. 
402099     INFO  main            d.u.i.k.p.i.AbstractProblemLoader Loading environment from /home/runner/work/key/key/key.core/../key.ui/examples/heap/permissions/threads/Fib_preStart_accessible.key.proof 
402099     DEBUG main            d.u.i.k.p.i.AbstractProblemLoader Environment load took 91.7ns 
402100     INFO  main            d.u.i.k.p.i.AbstractProblemLoader Creating init config 
406676     DEBUG main            d.u.i.k.p.i.AbstractProblemLoader Init config took 4.58s 
406752     INFO  main            d.u.i.k.p.i.AbstractProblemLoader Replaying proof Fib[ThreadSpec::preStart(java.lang.Object)].JML accessible clause.0 
406758     DEBUG main            d.u.i.k.p.i.IntermediateProofReplayer Proof replay took 4.89ms 
406759     DEBUG main            d.u.i.k.p.r.p.TestFile    ... success: reloaded. 
406760     INFO  main            d.u.i.k.p.r.p.TestFile    Now processing file /home/runner/work/key/key/key.core/../key.ui/examples/heap/permissions/threads/Fib_startTransfer_accessible.key 
406760     INFO  main            d.u.i.k.p.i.AbstractProblemLoader Loading environment from /home/runner/work/key/key/key.core/../key.ui/examples/heap/permissions/threads/Fib_startTransfer_accessible.key 
406760     DEBUG main            d.u.i.k.p.i.AbstractProblemLoader Environment load took 83.7ns 
406761     INFO  main            d.u.i.k.p.i.AbstractProblemLoader Creating init config 
411400     DEBUG main            d.u.i.k.p.i.AbstractProblemLoader Init config took 4.64s 
411477     INFO  main            d.u.i.k.p.i.AbstractProblemLoader Replaying proof Fib[ThreadSpec::startTransfer()].JML accessible clause.0 
411478     DEBUG main            d.u.i.k.p.i.IntermediateProofReplayer Proof replay took 7.4ns 
411680     INFO  main            d.u.i.k.p.r.p.TestFile    ... finished proof: closed. 
412106     INFO  main            d.u.i.k.p.i.AbstractProblemLoader Loading environment from /home/runner/work/key/key/key.core/../key.ui/examples/heap/permissions/threads/Fib_startTransfer_accessible.key.proof 
412106     DEBUG main            d.u.i.k.p.i.AbstractProblemLoader Environment load took 100.5ns 
412107     INFO  main            d.u.i.k.p.i.AbstractProblemLoader Creating init config 
416675     DEBUG main            d.u.i.k.p.i.AbstractProblemLoader Init config took 4.57s 
416751     INFO  main            d.u.i.k.p.i.AbstractProblemLoader Replaying proof Fib[ThreadSpec::startTransfer()].JML accessible clause.0 
416790     DEBUG main            d.u.i.k.p.i.IntermediateProofReplayer Proof replay took 36.97ms 
416791     DEBUG main            d.u.i.k.p.r.p.TestFile    ... success: reloaded. 
416792     INFO  main            d.u.i.k.p.r.p.TestFile    Now processing file /home/runner/work/key/key/key.core/../key.ui/examples/heap/permissions/threads/Fib_startTransfer_contract.key 
416792     INFO  main            d.u.i.k.p.i.AbstractProblemLoader Loading environment from /home/runner/work/key/key/key.core/../key.ui/examples/heap/permissions/threads/Fib_startTransfer_contract.key 
416792     DEBUG main            d.u.i.k.p.i.AbstractProblemLoader Environment load took 53.2ns 
416793     INFO  main            d.u.i.k.p.i.AbstractProblemLoader Creating init config 
421447     DEBUG main            d.u.i.k.p.i.AbstractProblemLoader Init config took 4.65s 
421524     INFO  main            d.u.i.k.p.i.AbstractProblemLoader Replaying proof Fib[ThreadSpec::startTransfer()].JML model_behavior operation contract.0 
421525     DEBUG main            d.u.i.k.p.i.IntermediateProofReplayer Proof replay took 7.5ns 
421626     INFO  main            d.u.i.k.p.r.p.TestFile    ... finished proof: closed. 
422076     INFO  main            d.u.i.k.p.i.AbstractProblemLoader Loading environment from /home/runner/work/key/key/key.core/../key.ui/examples/heap/permissions/threads/Fib_startTransfer_contract.key.proof 
422076     DEBUG main            d.u.i.k.p.i.AbstractProblemLoader Environment load took 91.7ns 
422077     INFO  main            d.u.i.k.p.i.AbstractProblemLoader Creating init config 
426644     DEBUG main            d.u.i.k.p.i.AbstractProblemLoader Init config took 4.57s 
426720     INFO  main            d.u.i.k.p.i.AbstractProblemLoader Replaying proof Fib[ThreadSpec::startTransfer()].JML model_behavior operation contract.0 
426728     DEBUG main            d.u.i.k.p.i.IntermediateProofReplayer Proof replay took 6.15ms 
426729     DEBUG main            d.u.i.k.p.r.p.TestFile    ... success: reloaded. 
426730     INFO  main            d.u.i.k.p.r.p.TestFile    Now processing file /home/runner/work/key/key/key.core/../key.ui/examples/heap/permissions/threads/Fib_workingPermissions_accessible.key 
426730     INFO  main            d.u.i.k.p.i.AbstractProblemLoader Loading environment from /home/runner/work/key/key/key.core/../key.ui/examples/heap/permissions/threads/Fib_workingPermissions_accessible.key 
426730     DEBUG main            d.u.i.k.p.i.AbstractProblemLoader Environment load took 53.7ns 
426731     INFO  main            d.u.i.k.p.i.AbstractProblemLoader Creating init config 
431369     DEBUG main            d.u.i.k.p.i.AbstractProblemLoader Init config took 4.64s 
431461     INFO  main            d.u.i.k.p.i.AbstractProblemLoader Replaying proof Fib[ThreadSpec::workingPermissions()].JML accessible clause.0 
431463     DEBUG main            d.u.i.k.p.i.IntermediateProofReplayer Proof replay took 8.2ns 
431567     INFO  main            d.u.i.k.p.r.p.TestFile    ... finished proof: closed. 
431990     INFO  main            d.u.i.k.p.i.AbstractProblemLoader Loading environment from /home/runner/work/key/key/key.core/../key.ui/examples/heap/permissions/threads/Fib_workingPermissions_accessible.key.proof 
431990     DEBUG main            d.u.i.k.p.i.AbstractProblemLoader Environment load took 150ns 
431991     INFO  main            d.u.i.k.p.i.AbstractProblemLoader Creating init config 
436575     DEBUG main            d.u.i.k.p.i.AbstractProblemLoader Init config took 4.58s 
436653     INFO  main            d.u.i.k.p.i.AbstractProblemLoader Replaying proof Fib[ThreadSpec::workingPermissions()].JML accessible clause.0 
436671     DEBUG main            d.u.i.k.p.i.IntermediateProofReplayer Proof replay took 16.83ms 
436672     DEBUG main            d.u.i.k.p.r.p.TestFile    ... success: reloaded. 
436673     INFO  main            d.u.i.k.p.r.p.TestFile    Now processing file /home/runner/work/key/key/key.core/../key.ui/examples/heap/permissions/threads/Plotter_initPost_accessible.key 
436674     INFO  main            d.u.i.k.p.i.AbstractProblemLoader Loading environment from /home/runner/work/key/key/key.core/../key.ui/examples/heap/permissions/threads/Plotter_initPost_accessible.key 
436674     DEBUG main            d.u.i.k.p.i.AbstractProblemLoader Environment load took 166.5ns 
436675     INFO  main            d.u.i.k.p.i.AbstractProblemLoader Creating init config 
441310     DEBUG main            d.u.i.k.p.i.AbstractProblemLoader Init config took 4.64s 
441385     INFO  main            d.u.i.k.p.i.AbstractProblemLoader Replaying proof Plotter[ThreadSpec2::initPost()].JML accessible clause.0 
441387     DEBUG main            d.u.i.k.p.i.IntermediateProofReplayer Proof replay took 7.8ns 
441488     INFO  main            d.u.i.k.p.r.p.TestFile    ... finished proof: closed. 
441920     INFO  main            d.u.i.k.p.i.AbstractProblemLoader Loading environment from /home/runner/work/key/key/key.core/../key.ui/examples/heap/permissions/threads/Plotter_initPost_accessible.key.proof 
441920     DEBUG main            d.u.i.k.p.i.AbstractProblemLoader Environment load took 86.6ns 
441921     INFO  main            d.u.i.k.p.i.AbstractProblemLoader Creating init config 
446486     DEBUG main            d.u.i.k.p.i.AbstractProblemLoader Init config took 4.57s 
446574     INFO  main            d.u.i.k.p.i.AbstractProblemLoader Replaying proof Plotter[ThreadSpec2::initPost()].JML accessible clause.0 
446593     DEBUG main            d.u.i.k.p.i.IntermediateProofReplayer Proof replay took 12.42ms 
446594     DEBUG main            d.u.i.k.p.r.p.TestFile    ... success: reloaded. 
446595     INFO  main            d.u.i.k.p.r.p.TestFile    Now processing file /home/runner/work/key/key/key.core/../key.ui/examples/heap/permissions/threads/Plotter_inv_accessible1.key 
446595     INFO  main            d.u.i.k.p.i.AbstractProblemLoader Loading environment from /home/runner/work/key/key/key.core/../key.ui/examples/heap/permissions/threads/Plotter_inv_accessible1.key 
446595     DEBUG main            d.u.i.k.p.i.AbstractProblemLoader Environment load took 44.3ns 
446597     INFO  main            d.u.i.k.p.i.AbstractProblemLoader Creating init config 
451223     DEBUG main            d.u.i.k.p.i.AbstractProblemLoader Init config took 4.63s 
451297     INFO  main            d.u.i.k.p.i.AbstractProblemLoader Replaying proof Plotter[java.lang.Object::<inv>()].JML accessible clause.0 
451299     DEBUG main            d.u.i.k.p.i.IntermediateProofReplayer Proof replay took 7.8ns 
451400     INFO  main            d.u.i.k.p.r.p.TestFile    ... finished proof: closed. 
451840     INFO  main            d.u.i.k.p.i.AbstractProblemLoader Loading environment from /home/runner/work/key/key/key.core/../key.ui/examples/heap/permissions/threads/Plotter_inv_accessible1.key.proof 
451840     DEBUG main            d.u.i.k.p.i.AbstractProblemLoader Environment load took 92.4ns 
451841     INFO  main            d.u.i.k.p.i.AbstractProblemLoader Creating init config 
456415     DEBUG main            d.u.i.k.p.i.AbstractProblemLoader Init config took 4.57s 
456490     INFO  main            d.u.i.k.p.i.AbstractProblemLoader Replaying proof Plotter[java.lang.Object::<inv>()].JML accessible clause.0 
456493     DEBUG main            d.u.i.k.p.i.IntermediateProofReplayer Proof replay took 1.59ms 
456494     DEBUG main            d.u.i.k.p.r.p.TestFile    ... success: reloaded. 
456495     INFO  main            d.u.i.k.p.r.p.TestFile    Now processing file /home/runner/work/key/key/key.core/../key.ui/examples/heap/permissions/threads/Plotter_inv_accessible2.key 
456495     INFO  main            d.u.i.k.p.i.AbstractProblemLoader Loading environment from /home/runner/work/key/key/key.core/../key.ui/examples/heap/permissions/threads/Plotter_inv_accessible2.key 
456495     DEBUG main            d.u.i.k.p.i.AbstractProblemLoader Environment load took 44.3ns 
456496     INFO  main            d.u.i.k.p.i.AbstractProblemLoader Creating init config 
461127     DEBUG main            d.u.i.k.p.i.AbstractProblemLoader Init config took 4.63s 
461203     INFO  main            d.u.i.k.p.i.AbstractProblemLoader Replaying proof Plotter[java.lang.Object::<inv>()].JML accessible clause.1 
461204     DEBUG main            d.u.i.k.p.i.IntermediateProofReplayer Proof replay took 7.2ns 
461306     INFO  main            d.u.i.k.p.r.p.TestFile    ... finished proof: closed. 
461752     INFO  main            d.u.i.k.p.i.AbstractProblemLoader Loading environment from /home/runner/work/key/key/key.core/../key.ui/examples/heap/permissions/threads/Plotter_inv_accessible2.key.proof 
461752     DEBUG main            d.u.i.k.p.i.AbstractProblemLoader Environment load took 82.7ns 
461753     INFO  main            d.u.i.k.p.i.AbstractProblemLoader Creating init config 
466324     DEBUG main            d.u.i.k.p.i.AbstractProblemLoader Init config took 4.57s 
466400     INFO  main            d.u.i.k.p.i.AbstractProblemLoader Replaying proof Plotter[java.lang.Object::<inv>()].JML accessible clause.1 
466403     DEBUG main            d.u.i.k.p.i.IntermediateProofReplayer Proof replay took 1.62ms 
466404     DEBUG main            d.u.i.k.p.r.p.TestFile    ... success: reloaded. 
466404     INFO  main            d.u.i.k.p.r.p.TestFile    Now processing file /home/runner/work/key/key/key.core/../key.ui/examples/heap/permissions/threads/Plotter_joinTransfer_contract.key 
466405     INFO  main            d.u.i.k.p.i.AbstractProblemLoader Loading environment from /home/runner/work/key/key/key.core/../key.ui/examples/heap/permissions/threads/Plotter_joinTransfer_contract.key 
466405     DEBUG main            d.u.i.k.p.i.AbstractProblemLoader Environment load took 45.7ns 
466405     INFO  main            d.u.i.k.p.i.AbstractProblemLoader Creating init config 
471057     DEBUG main            d.u.i.k.p.i.AbstractProblemLoader Init config took 4.65s 
471136     INFO  main            d.u.i.k.p.i.AbstractProblemLoader Replaying proof Plotter[ThreadSpec2::joinTransfer()].JML model_behavior operation contract.0 
471137     DEBUG main            d.u.i.k.p.i.IntermediateProofReplayer Proof replay took 7.4ns 
471239     INFO  main            d.u.i.k.p.r.p.TestFile    ... finished proof: closed. 
471690     INFO  main            d.u.i.k.p.i.AbstractProblemLoader Loading environment from /home/runner/work/key/key/key.core/../key.ui/examples/heap/permissions/threads/Plotter_joinTransfer_contract.key.proof 
471690     DEBUG main            d.u.i.k.p.i.AbstractProblemLoader Environment load took 83.7ns 
471691     INFO  main            d.u.i.k.p.i.AbstractProblemLoader Creating init config 
476257     DEBUG main            d.u.i.k.p.i.AbstractProblemLoader Init config took 4.57s 
476333     INFO  main            d.u.i.k.p.i.AbstractProblemLoader Replaying proof Plotter[ThreadSpec2::joinTransfer()].JML model_behavior operation contract.0 
476341     DEBUG main            d.u.i.k.p.i.IntermediateProofReplayer Proof replay took 6.98ms 
476342     DEBUG main            d.u.i.k.p.r.p.TestFile    ... success: reloaded. 
476343     INFO  main            d.u.i.k.p.r.p.TestFile    Now processing file /home/runner/work/key/key/key.core/../key.ui/examples/heap/permissions/threads/Plotter_Plotter.key 
476343     INFO  main            d.u.i.k.p.i.AbstractProblemLoader Loading environment from /home/runner/work/key/key/key.core/../key.ui/examples/heap/permissions/threads/Plotter_Plotter.key 
476343     DEBUG main            d.u.i.k.p.i.AbstractProblemLoader Environment load took 68.6ns 
476344     INFO  main            d.u.i.k.p.i.AbstractProblemLoader Creating init config 
481005     DEBUG main            d.u.i.k.p.i.AbstractProblemLoader Init config took 4.66s 
481081     INFO  main            d.u.i.k.p.i.AbstractProblemLoader Replaying proof Plotter[Plotter::Plotter(AFilter,BFilter,Buffer)].JML normal_behavior operation contract.0 
481082     DEBUG main            d.u.i.k.p.i.IntermediateProofReplayer Proof replay took 7.3ns 
482929     INFO  main            d.u.i.k.p.r.p.TestFile    ... finished proof: closed. 
483410     INFO  main            d.u.i.k.p.i.AbstractProblemLoader Loading environment from /home/runner/work/key/key/key.core/../key.ui/examples/heap/permissions/threads/Plotter_Plotter.key.proof 
483410     DEBUG main            d.u.i.k.p.i.AbstractProblemLoader Environment load took 351.61ns 
483411     INFO  main            d.u.i.k.p.i.AbstractProblemLoader Creating init config 
487967     DEBUG main            d.u.i.k.p.i.AbstractProblemLoader Init config took 4.56s 
488056     INFO  main            d.u.i.k.p.i.AbstractProblemLoader Replaying proof Plotter[Plotter::Plotter(AFilter,BFilter,Buffer)].JML normal_behavior operation contract.0 
488296     DEBUG main            d.u.i.k.p.i.IntermediateProofReplayer Proof replay took 234.59ms 
488297     DEBUG main            d.u.i.k.p.r.p.TestFile    ... success: reloaded. 
488298     INFO  main            d.u.i.k.p.r.p.TestFile    Now processing file /home/runner/work/key/key/key.core/../key.ui/examples/heap/permissions/threads/Plotter_postJoin_accessible.key 
488298     INFO  main            d.u.i.k.p.i.AbstractProblemLoader Loading environment from /home/runner/work/key/key/key.core/../key.ui/examples/heap/permissions/threads/Plotter_postJoin_accessible.key 
488298     DEBUG main            d.u.i.k.p.i.AbstractProblemLoader Environment load took 45.1ns 
488299     INFO  main            d.u.i.k.p.i.AbstractProblemLoader Creating init config 
492973     DEBUG main            d.u.i.k.p.i.AbstractProblemLoader Init config took 4.67s 
493065     INFO  main            d.u.i.k.p.i.AbstractProblemLoader Replaying proof Plotter[ThreadSpec2::postJoin(java.lang.Object)].JML accessible clause.0 
493066     DEBUG main            d.u.i.k.p.i.IntermediateProofReplayer Proof replay took 7.6ns 
493168     INFO  main            d.u.i.k.p.r.p.TestFile    ... finished proof: closed. 
493634     INFO  main            d.u.i.k.p.i.AbstractProblemLoader Loading environment from /home/runner/work/key/key/key.core/../key.ui/examples/heap/permissions/threads/Plotter_postJoin_accessible.key.proof 
493634     DEBUG main            d.u.i.k.p.i.AbstractProblemLoader Environment load took 84.4ns 
493635     INFO  main            d.u.i.k.p.i.AbstractProblemLoader Creating init config 
498189     DEBUG main            d.u.i.k.p.i.AbstractProblemLoader Init config took 4.55s 
498278     INFO  main            d.u.i.k.p.i.AbstractProblemLoader Replaying proof Plotter[ThreadSpec2::postJoin(java.lang.Object)].JML accessible clause.0 
498291     DEBUG main            d.u.i.k.p.i.IntermediateProofReplayer Proof replay took 11.21ms 
498292     DEBUG main            d.u.i.k.p.r.p.TestFile    ... success: reloaded. 
498293     INFO  main            d.u.i.k.p.r.p.TestFile    Now processing file /home/runner/work/key/key/key.core/../key.ui/examples/heap/permissions/threads/Plotter_preStart_accessible.key 
498293     INFO  main            d.u.i.k.p.i.AbstractProblemLoader Loading environment from /home/runner/work/key/key/key.core/../key.ui/examples/heap/permissions/threads/Plotter_preStart_accessible.key 
498293     DEBUG main            d.u.i.k.p.i.AbstractProblemLoader Environment load took 46.2ns 
498294     INFO  main            d.u.i.k.p.i.AbstractProblemLoader Creating init config 
502953     DEBUG main            d.u.i.k.p.i.AbstractProblemLoader Init config took 4.66s 
503029     INFO  main            d.u.i.k.p.i.AbstractProblemLoader Replaying proof Plotter[ThreadSpec2::preStart(java.lang.Object)].JML accessible clause.0 
503030     DEBUG main            d.u.i.k.p.i.IntermediateProofReplayer Proof replay took 7.8ns 
504134     INFO  main            d.u.i.k.p.r.p.TestFile    ... finished proof: closed. 
504609     INFO  main            d.u.i.k.p.i.AbstractProblemLoader Loading environment from /home/runner/work/key/key/key.core/../key.ui/examples/heap/permissions/threads/Plotter_preStart_accessible.key.proof 
504609     DEBUG main            d.u.i.k.p.i.AbstractProblemLoader Environment load took 94.1ns 
504610     INFO  main            d.u.i.k.p.i.AbstractProblemLoader Creating init config 
509186     DEBUG main            d.u.i.k.p.i.AbstractProblemLoader Init config took 4.58s 
509261     INFO  main            d.u.i.k.p.i.AbstractProblemLoader Replaying proof Plotter[ThreadSpec2::preStart(java.lang.Object)].JML accessible clause.0 
509340     DEBUG main            d.u.i.k.p.i.IntermediateProofReplayer Proof replay took 75.19ms 
509341     DEBUG main            d.u.i.k.p.r.p.TestFile    ... success: reloaded. 
509342     INFO  main            d.u.i.k.p.r.p.TestFile    Now processing file /home/runner/work/key/key/key.core/../key.ui/examples/heap/permissions/threads/Plotter_stateInv_accessible.key 
509342     INFO  main            d.u.i.k.p.i.AbstractProblemLoader Loading environment from /home/runner/work/key/key/key.core/../key.ui/examples/heap/permissions/threads/Plotter_stateInv_accessible.key 
509342     DEBUG main            d.u.i.k.p.i.AbstractProblemLoader Environment load took 74.5ns 
509343     INFO  main            d.u.i.k.p.i.AbstractProblemLoader Creating init config 
514101     DEBUG main            d.u.i.k.p.i.AbstractProblemLoader Init config took 4.76s 
514193     INFO  main            d.u.i.k.p.i.AbstractProblemLoader Replaying proof Plotter[ThreadSpec2::stateInv()].JML accessible clause.0 
514196     DEBUG main            d.u.i.k.p.i.IntermediateProofReplayer Proof replay took 7.3ns 
522253     INFO  main            d.u.i.k.p.r.p.TestFile    ... finished proof: closed. 
522749     INFO  main            d.u.i.k.p.i.AbstractProblemLoader Loading environment from /home/runner/work/key/key/key.core/../key.ui/examples/heap/permissions/threads/Plotter_stateInv_accessible.key.proof 
522749     DEBUG main            d.u.i.k.p.i.AbstractProblemLoader Environment load took 90.2ns 
522753     INFO  main            d.u.i.k.p.i.AbstractProblemLoader Creating init config 
527428     DEBUG main            d.u.i.k.p.i.AbstractProblemLoader Init config took 4.68s 
527516     INFO  main            d.u.i.k.p.i.AbstractProblemLoader Replaying proof Plotter[ThreadSpec2::stateInv()].JML accessible clause.0 
528115     DEBUG main            d.u.i.k.p.i.IntermediateProofReplayer Proof replay took 584.95ms 
528116     DEBUG main            d.u.i.k.p.r.p.TestFile    ... success: reloaded. 
528117     INFO  main            d.u.i.k.p.r.p.TestFile    Now processing file /home/runner/work/key/key/key.core/../key.ui/examples/heap/permissions/threads/Plotter_staticPermissions_accessible.key 
528117     INFO  main            d.u.i.k.p.i.AbstractProblemLoader Loading environment from /home/runner/work/key/key/key.core/../key.ui/examples/heap/permissions/threads/Plotter_staticPermissions_accessible.key 
528117     DEBUG main            d.u.i.k.p.i.AbstractProblemLoader Environment load took 95.1ns 
528118     INFO  main            d.u.i.k.p.i.AbstractProblemLoader Creating init config 
532829     DEBUG main            d.u.i.k.p.i.AbstractProblemLoader Init config took 4.71s 
532904     INFO  main            d.u.i.k.p.i.AbstractProblemLoader Replaying proof Plotter[ThreadSpec2::staticPermissions()].JML accessible clause.0 
532905     DEBUG main            d.u.i.k.p.i.IntermediateProofReplayer Proof replay took 50.5ns 
533608     INFO  main            d.u.i.k.p.r.p.TestFile    ... finished proof: closed. 
534108     INFO  main            d.u.i.k.p.i.AbstractProblemLoader Loading environment from /home/runner/work/key/key/key.core/../key.ui/examples/heap/permissions/threads/Plotter_staticPermissions_accessible.key.proof 
534108     DEBUG main            d.u.i.k.p.i.AbstractProblemLoader Environment load took 84.4ns 
534109     INFO  main            d.u.i.k.p.i.AbstractProblemLoader Creating init config 
538658     DEBUG main            d.u.i.k.p.i.AbstractProblemLoader Init config took 4.55s 
538736     INFO  main            d.u.i.k.p.i.AbstractProblemLoader Replaying proof Plotter[ThreadSpec2::staticPermissions()].JML accessible clause.0 
538815     DEBUG main            d.u.i.k.p.i.IntermediateProofReplayer Proof replay took 76.56ms 
538816     DEBUG main            d.u.i.k.p.r.p.TestFile    ... success: reloaded. 
538817     INFO  main            d.u.i.k.p.r.p.TestFile    Now processing file /home/runner/work/key/key/key.core/../key.ui/examples/heap/permissions/threads/Plotter_workingPermissions_accessible.key 
538818     INFO  main            d.u.i.k.p.i.AbstractProblemLoader Loading environment from /home/runner/work/key/key/key.core/../key.ui/examples/heap/permissions/threads/Plotter_workingPermissions_accessible.key 
538818     DEBUG main            d.u.i.k.p.i.AbstractProblemLoader Environment load took 177.6ns 
538819     INFO  main            d.u.i.k.p.i.AbstractProblemLoader Creating init config 
543468     DEBUG main            d.u.i.k.p.i.AbstractProblemLoader Init config took 4.65s 
543543     INFO  main            d.u.i.k.p.i.AbstractProblemLoader Replaying proof Plotter[ThreadSpec2::workingPermissions()].JML accessible clause.0 
543544     DEBUG main            d.u.i.k.p.i.IntermediateProofReplayer Proof replay took 3ns 
543746     INFO  main            d.u.i.k.p.r.p.TestFile    ... finished proof: closed. 
544241     INFO  main            d.u.i.k.p.i.AbstractProblemLoader Loading environment from /home/runner/work/key/key/key.core/../key.ui/examples/heap/permissions/threads/Plotter_workingPermissions_accessible.key.proof 
544242     DEBUG main            d.u.i.k.p.i.AbstractProblemLoader Environment load took 82.8ns 
544242     INFO  main            d.u.i.k.p.i.AbstractProblemLoader Creating init config 
548787     DEBUG main            d.u.i.k.p.i.AbstractProblemLoader Init config took 4.55s 
548864     INFO  main            d.u.i.k.p.i.AbstractProblemLoader Replaying proof Plotter[ThreadSpec2::workingPermissions()].JML accessible clause.0 
548895     DEBUG main            d.u.i.k.p.i.IntermediateProofReplayer Proof replay took 29.88ms 
548896     DEBUG main            d.u.i.k.p.r.p.TestFile    ... success: reloaded. 
548897     INFO  main            d.u.i.k.p.r.p.TestFile    Now processing file /home/runner/work/key/key/key.core/../key.ui/examples/heap/permissions/threads/Sampler_initPost_accessible.key 
548897     INFO  main            d.u.i.k.p.i.AbstractProblemLoader Loading environment from /home/runner/work/key/key/key.core/../key.ui/examples/heap/permissions/threads/Sampler_initPost_accessible.key 
548897     DEBUG main            d.u.i.k.p.i.AbstractProblemLoader Environment load took 43.3ns 
548898     INFO  main            d.u.i.k.p.i.AbstractProblemLoader Creating init config 
553534     DEBUG main            d.u.i.k.p.i.AbstractProblemLoader Init config took 4.64s 
553609     INFO  main            d.u.i.k.p.i.AbstractProblemLoader Replaying proof Sampler[ThreadSpec2::initPost()].JML accessible clause.0 
553610     DEBUG main            d.u.i.k.p.i.IntermediateProofReplayer Proof replay took 3.1ns 
553712     INFO  main            d.u.i.k.p.r.p.TestFile    ... finished proof: closed. 
554204     INFO  main            d.u.i.k.p.i.AbstractProblemLoader Loading environment from /home/runner/work/key/key/key.core/../key.ui/examples/heap/permissions/threads/Sampler_initPost_accessible.key.proof 
554204     DEBUG main            d.u.i.k.p.i.AbstractProblemLoader Environment load took 81.6ns 
554205     INFO  main            d.u.i.k.p.i.AbstractProblemLoader Creating init config 
558745     DEBUG main            d.u.i.k.p.i.AbstractProblemLoader Init config took 4.54s 
558839     INFO  main            d.u.i.k.p.i.AbstractProblemLoader Replaying proof Sampler[ThreadSpec2::initPost()].JML accessible clause.0 
558846     DEBUG main            d.u.i.k.p.i.IntermediateProofReplayer Proof replay took 5.27ms 
558847     DEBUG main            d.u.i.k.p.r.p.TestFile    ... success: reloaded. 
558848     INFO  main            d.u.i.k.p.r.p.TestFile    Now processing file /home/runner/work/key/key/key.core/../key.ui/examples/heap/permissions/threads/Sampler_inv_accessible1.key 
558848     INFO  main            d.u.i.k.p.i.AbstractProblemLoader Loading environment from /home/runner/work/key/key/key.core/../key.ui/examples/heap/permissions/threads/Sampler_inv_accessible1.key 
558849     DEBUG main            d.u.i.k.p.i.AbstractProblemLoader Environment load took 201.1ns 
558849     INFO  main            d.u.i.k.p.i.AbstractProblemLoader Creating init config 
563499     DEBUG main            d.u.i.k.p.i.AbstractProblemLoader Init config took 4.65s 
563573     INFO  main            d.u.i.k.p.i.AbstractProblemLoader Replaying proof Sampler[java.lang.Object::<inv>()].JML accessible clause.0 
563575     DEBUG main            d.u.i.k.p.i.IntermediateProofReplayer Proof replay took 2.5ns 
563676     INFO  main            d.u.i.k.p.r.p.TestFile    ... finished proof: closed. 
564174     INFO  main            d.u.i.k.p.i.AbstractProblemLoader Loading environment from /home/runner/work/key/key/key.core/../key.ui/examples/heap/permissions/threads/Sampler_inv_accessible1.key.proof 
564174     DEBUG main            d.u.i.k.p.i.AbstractProblemLoader Environment load took 73.9ns 
564175     INFO  main            d.u.i.k.p.i.AbstractProblemLoader Creating init config 
568744     DEBUG main            d.u.i.k.p.i.AbstractProblemLoader Init config took 4.57s 
568833     INFO  main            d.u.i.k.p.i.AbstractProblemLoader Replaying proof Sampler[java.lang.Object::<inv>()].JML accessible clause.0 
568835     DEBUG main            d.u.i.k.p.i.IntermediateProofReplayer Proof replay took 1.54ms 
568836     DEBUG main            d.u.i.k.p.r.p.TestFile    ... success: reloaded. 
568837     INFO  main            d.u.i.k.p.r.p.TestFile    Now processing file /home/runner/work/key/key/key.core/../key.ui/examples/heap/permissions/threads/Sampler_inv_accessible2.key 
568837     INFO  main            d.u.i.k.p.i.AbstractProblemLoader Loading environment from /home/runner/work/key/key/key.core/../key.ui/examples/heap/permissions/threads/Sampler_inv_accessible2.key 
568837     DEBUG main            d.u.i.k.p.i.AbstractProblemLoader Environment load took 76.6ns 
568838     INFO  main            d.u.i.k.p.i.AbstractProblemLoader Creating init config 
573421     DEBUG main            d.u.i.k.p.i.AbstractProblemLoader Init config took 4.58s 
573495     INFO  main            d.u.i.k.p.i.AbstractProblemLoader Replaying proof Sampler[java.lang.Object::<inv>()].JML accessible clause.1 
573496     DEBUG main            d.u.i.k.p.i.IntermediateProofReplayer Proof replay took 2.7ns 
573598     INFO  main            d.u.i.k.p.r.p.TestFile    ... finished proof: closed. 
574110     INFO  main            d.u.i.k.p.i.AbstractProblemLoader Loading environment from /home/runner/work/key/key/key.core/../key.ui/examples/heap/permissions/threads/Sampler_inv_accessible2.key.proof 
574110     DEBUG main            d.u.i.k.p.i.AbstractProblemLoader Environment load took 72.4ns 
574111     INFO  main            d.u.i.k.p.i.AbstractProblemLoader Creating init config 
578622     DEBUG main            d.u.i.k.p.i.AbstractProblemLoader Init config took 4.51s 
578697     INFO  main            d.u.i.k.p.i.AbstractProblemLoader Replaying proof Sampler[java.lang.Object::<inv>()].JML accessible clause.1 
578699     DEBUG main            d.u.i.k.p.i.IntermediateProofReplayer Proof replay took 1.49ms 
578700     DEBUG main            d.u.i.k.p.r.p.TestFile    ... success: reloaded. 
578701     INFO  main            d.u.i.k.p.r.p.TestFile    Now processing file /home/runner/work/key/key/key.core/../key.ui/examples/heap/permissions/threads/Sampler_joinTransfer_accessible.key 
578701     INFO  main            d.u.i.k.p.i.AbstractProblemLoader Loading environment from /home/runner/work/key/key/key.core/../key.ui/examples/heap/permissions/threads/Sampler_joinTransfer_accessible.key 
578701     DEBUG main            d.u.i.k.p.i.AbstractProblemLoader Environment load took 55ns 
578702     INFO  main            d.u.i.k.p.i.AbstractProblemLoader Creating init config 
583296     DEBUG main            d.u.i.k.p.i.AbstractProblemLoader Init config took 4.59s 
583372     INFO  main            d.u.i.k.p.i.AbstractProblemLoader Replaying proof Sampler[ThreadSpec2::joinTransfer()].JML accessible clause.0 
583373     DEBUG main            d.u.i.k.p.i.IntermediateProofReplayer Proof replay took 3.1ns 
586810     INFO  main            d.u.i.k.p.r.p.TestFile    ... finished proof: closed. 
587331     INFO  main            d.u.i.k.p.i.AbstractProblemLoader Loading environment from /home/runner/work/key/key/key.core/../key.ui/examples/heap/permissions/threads/Sampler_joinTransfer_accessible.key.proof 
587332     DEBUG main            d.u.i.k.p.i.AbstractProblemLoader Environment load took 325.41ns 
587333     INFO  main            d.u.i.k.p.i.AbstractProblemLoader Creating init config 
591836     DEBUG main            d.u.i.k.p.i.AbstractProblemLoader Init config took 4.5s 
591911     INFO  main            d.u.i.k.p.i.AbstractProblemLoader Replaying proof Sampler[ThreadSpec2::joinTransfer()].JML accessible clause.0 
592534     DEBUG main            d.u.i.k.p.i.IntermediateProofReplayer Proof replay took 613.02ms 
592536     DEBUG main            d.u.i.k.p.r.p.TestFile    ... success: reloaded. 
592536     INFO  main            d.u.i.k.p.r.p.TestFile    Now processing file /home/runner/work/key/key/key.core/../key.ui/examples/heap/permissions/threads/Sampler_joinTransfer_contract.key 
592537     INFO  main            d.u.i.k.p.i.AbstractProblemLoader Loading environment from /home/runner/work/key/key/key.core/../key.ui/examples/heap/permissions/threads/Sampler_joinTransfer_contract.key 
592537     DEBUG main            d.u.i.k.p.i.AbstractProblemLoader Environment load took 68.9ns 
592537     INFO  main            d.u.i.k.p.i.AbstractProblemLoader Creating init config 
597141     DEBUG main            d.u.i.k.p.i.AbstractProblemLoader Init config took 4.6s 
597217     INFO  main            d.u.i.k.p.i.AbstractProblemLoader Replaying proof Sampler[ThreadSpec2::joinTransfer()].JML model_behavior operation contract.0 
597218     DEBUG main            d.u.i.k.p.i.IntermediateProofReplayer Proof replay took 2.5ns 
597320     INFO  main            d.u.i.k.p.r.p.TestFile    ... finished proof: closed. 
597838     INFO  main            d.u.i.k.p.i.AbstractProblemLoader Loading environment from /home/runner/work/key/key/key.core/../key.ui/examples/heap/permissions/threads/Sampler_joinTransfer_contract.key.proof 
597838     DEBUG main            d.u.i.k.p.i.AbstractProblemLoader Environment load took 71.5ns 
597839     INFO  main            d.u.i.k.p.i.AbstractProblemLoader Creating init config 
602353     DEBUG main            d.u.i.k.p.i.AbstractProblemLoader Init config took 4.51s 
602428     INFO  main            d.u.i.k.p.i.AbstractProblemLoader Replaying proof Sampler[ThreadSpec2::joinTransfer()].JML model_behavior operation contract.0 
602436     DEBUG main            d.u.i.k.p.i.IntermediateProofReplayer Proof replay took 6.39ms 
602437     DEBUG main            d.u.i.k.p.r.p.TestFile    ... success: reloaded. 
602438     INFO  main            d.u.i.k.p.r.p.TestFile    Now processing file /home/runner/work/key/key/key.core/../key.ui/examples/heap/permissions/threads/Sampler_postJoin_accessible.key 
602438     INFO  main            d.u.i.k.p.i.AbstractProblemLoader Loading environment from /home/runner/work/key/key/key.core/../key.ui/examples/heap/permissions/threads/Sampler_postJoin_accessible.key 
602438     DEBUG main            d.u.i.k.p.i.AbstractProblemLoader Environment load took 88.4ns 
602439     INFO  main            d.u.i.k.p.i.AbstractProblemLoader Creating init config 
607032     DEBUG main            d.u.i.k.p.i.AbstractProblemLoader Init config took 4.59s 
607107     INFO  main            d.u.i.k.p.i.AbstractProblemLoader Replaying proof Sampler[ThreadSpec2::postJoin(java.lang.Object)].JML accessible clause.0 
607108     DEBUG main            d.u.i.k.p.i.IntermediateProofReplayer Proof replay took 2.6ns 
607210     INFO  main            d.u.i.k.p.r.p.TestFile    ... finished proof: closed. 
607736     INFO  main            d.u.i.k.p.i.AbstractProblemLoader Loading environment from /home/runner/work/key/key/key.core/../key.ui/examples/heap/permissions/threads/Sampler_postJoin_accessible.key.proof 
607736     DEBUG main            d.u.i.k.p.i.AbstractProblemLoader Environment load took 86.8ns 
607737     INFO  main            d.u.i.k.p.i.AbstractProblemLoader Creating init config 
612238     DEBUG main            d.u.i.k.p.i.AbstractProblemLoader Init config took 4.5s 
612313     INFO  main            d.u.i.k.p.i.AbstractProblemLoader Replaying proof Sampler[ThreadSpec2::postJoin(java.lang.Object)].JML accessible clause.0 
612322     DEBUG main            d.u.i.k.p.i.IntermediateProofReplayer Proof replay took 7.91ms 
612323     DEBUG main            d.u.i.k.p.r.p.TestFile    ... success: reloaded. 
612324     INFO  main            d.u.i.k.p.r.p.TestFile    Now processing file /home/runner/work/key/key/key.core/../key.ui/examples/heap/permissions/threads/Sampler_preStart_accessible.key 
612324     INFO  main            d.u.i.k.p.i.AbstractProblemLoader Loading environment from /home/runner/work/key/key/key.core/../key.ui/examples/heap/permissions/threads/Sampler_preStart_accessible.key 
612324     DEBUG main            d.u.i.k.p.i.AbstractProblemLoader Environment load took 40.5ns 
612324     INFO  main            d.u.i.k.p.i.AbstractProblemLoader Creating init config 
616918     DEBUG main            d.u.i.k.p.i.AbstractProblemLoader Init config took 4.59s 
616993     INFO  main            d.u.i.k.p.i.AbstractProblemLoader Replaying proof Sampler[ThreadSpec2::preStart(java.lang.Object)].JML accessible clause.0 
616995     DEBUG main            d.u.i.k.p.i.IntermediateProofReplayer Proof replay took 2.9ns 
617099     INFO  main            d.u.i.k.p.r.p.TestFile    ... finished proof: closed. 
617632     INFO  main            d.u.i.k.p.i.AbstractProblemLoader Loading environment from /home/runner/work/key/key/key.core/../key.ui/examples/heap/permissions/threads/Sampler_preStart_accessible.key.proof 
617632     DEBUG main            d.u.i.k.p.i.AbstractProblemLoader Environment load took 88.3ns 
617633     INFO  main            d.u.i.k.p.i.AbstractProblemLoader Creating init config 
622139     DEBUG main            d.u.i.k.p.i.AbstractProblemLoader Init config took 4.51s 
622214     INFO  main            d.u.i.k.p.i.AbstractProblemLoader Replaying proof Sampler[ThreadSpec2::preStart(java.lang.Object)].JML accessible clause.0 
622224     DEBUG main            d.u.i.k.p.i.IntermediateProofReplayer Proof replay took 7.87ms 
622224     DEBUG main            d.u.i.k.p.r.p.TestFile    ... success: reloaded. 
622225     INFO  main            d.u.i.k.p.r.p.TestFile    Now processing file /home/runner/work/key/key/key.core/../key.ui/examples/heap/permissions/threads/Sampler_run.key 
622225     INFO  main            d.u.i.k.p.i.AbstractProblemLoader Loading environment from /home/runner/work/key/key/key.core/../key.ui/examples/heap/permissions/threads/Sampler_run.key 
622225     DEBUG main            d.u.i.k.p.i.AbstractProblemLoader Environment load took 44.7ns 
622226     INFO  main            d.u.i.k.p.i.AbstractProblemLoader Creating init config 
626823     DEBUG main            d.u.i.k.p.i.AbstractProblemLoader Init config took 4.6s 
626900     INFO  main            d.u.i.k.p.i.AbstractProblemLoader Replaying proof Sampler[ThreadSpec2::run()].JML normal_behavior operation contract.0 
626901     DEBUG main            d.u.i.k.p.i.IntermediateProofReplayer Proof replay took 2.8ns 
627103     INFO  main            d.u.i.k.p.r.p.TestFile    ... finished proof: closed. 
627646     INFO  main            d.u.i.k.p.i.AbstractProblemLoader Loading environment from /home/runner/work/key/key/key.core/../key.ui/examples/heap/permissions/threads/Sampler_run.key.proof 
627646     DEBUG main            d.u.i.k.p.i.AbstractProblemLoader Environment load took 74.2ns 
627647     INFO  main            d.u.i.k.p.i.AbstractProblemLoader Creating init config 
632163     DEBUG main            d.u.i.k.p.i.AbstractProblemLoader Init config took 4.52s 
632238     INFO  main            d.u.i.k.p.i.AbstractProblemLoader Replaying proof Sampler[ThreadSpec2::run()].JML normal_behavior operation contract.0 
632273     DEBUG main            d.u.i.k.p.i.IntermediateProofReplayer Proof replay took 32.78ms 
632274     DEBUG main            d.u.i.k.p.r.p.TestFile    ... success: reloaded. 
632275     INFO  main            d.u.i.k.p.r.p.TestFile    Now processing file /home/runner/work/key/key/key.core/../key.ui/examples/heap/permissions/threads/Sampler_Sampler.key 
632275     INFO  main            d.u.i.k.p.i.AbstractProblemLoader Loading environment from /home/runner/work/key/key/key.core/../key.ui/examples/heap/permissions/threads/Sampler_Sampler.key 
632275     DEBUG main            d.u.i.k.p.i.AbstractProblemLoader Environment load took 172.9ns 
632276     INFO  main            d.u.i.k.p.i.AbstractProblemLoader Creating init config 
636877     DEBUG main            d.u.i.k.p.i.AbstractProblemLoader Init config took 4.6s 
636973     INFO  main            d.u.i.k.p.i.AbstractProblemLoader Replaying proof Sampler[Sampler::Sampler(Buffer)].JML normal_behavior operation contract.0 
636974     DEBUG main            d.u.i.k.p.i.IntermediateProofReplayer Proof replay took 2.9ns 
637577     INFO  main            d.u.i.k.p.r.p.TestFile    ... finished proof: closed. 
638153     INFO  main            d.u.i.k.p.i.AbstractProblemLoader Loading environment from /home/runner/work/key/key/key.core/../key.ui/examples/heap/permissions/threads/Sampler_Sampler.key.proof 
638153     DEBUG main            d.u.i.k.p.i.AbstractProblemLoader Environment load took 74.2ns 
638154     INFO  main            d.u.i.k.p.i.AbstractProblemLoader Creating init config 
642671     DEBUG main            d.u.i.k.p.i.AbstractProblemLoader Init config took 4.52s 
642757     INFO  main            d.u.i.k.p.i.AbstractProblemLoader Replaying proof Sampler[Sampler::Sampler(Buffer)].JML normal_behavior operation contract.0 
642838     DEBUG main            d.u.i.k.p.i.IntermediateProofReplayer Proof replay took 78.08ms 
642839     DEBUG main            d.u.i.k.p.r.p.TestFile    ... success: reloaded. 
642839     INFO  main            d.u.i.k.p.r.p.TestFile    Now processing file /home/runner/work/key/key/key.core/../key.ui/examples/heap/permissions/threads/Sampler_startTransfer_accessible.key 
642840     INFO  main            d.u.i.k.p.i.AbstractProblemLoader Loading environment from /home/runner/work/key/key/key.core/../key.ui/examples/heap/permissions/threads/Sampler_startTransfer_accessible.key 
642840     DEBUG main            d.u.i.k.p.i.AbstractProblemLoader Environment load took 43.3ns 
642840     INFO  main            d.u.i.k.p.i.AbstractProblemLoader Creating init config 
647445     DEBUG main            d.u.i.k.p.i.AbstractProblemLoader Init config took 4.6s 
647520     INFO  main            d.u.i.k.p.i.AbstractProblemLoader Replaying proof Sampler[ThreadSpec2::startTransfer()].JML accessible clause.0 
647521     DEBUG main            d.u.i.k.p.i.IntermediateProofReplayer Proof replay took 2.4ns 
651684     INFO  main            d.u.i.k.p.r.p.TestFile    ... finished proof: closed. 
652245     INFO  main            d.u.i.k.p.i.AbstractProblemLoader Loading environment from /home/runner/work/key/key/key.core/../key.ui/examples/heap/permissions/threads/Sampler_startTransfer_accessible.key.proof 
652246     DEBUG main            d.u.i.k.p.i.AbstractProblemLoader Environment load took 310.91ns 
652247     INFO  main            d.u.i.k.p.i.AbstractProblemLoader Creating init config 
656763     DEBUG main            d.u.i.k.p.i.AbstractProblemLoader Init config took 4.52s 
656838     INFO  main            d.u.i.k.p.i.AbstractProblemLoader Replaying proof Sampler[ThreadSpec2::startTransfer()].JML accessible clause.0 
657465     DEBUG main            d.u.i.k.p.i.IntermediateProofReplayer Proof replay took 616.52ms 
657466     DEBUG main            d.u.i.k.p.r.p.TestFile    ... success: reloaded. 
657467     INFO  main            d.u.i.k.p.r.p.TestFile    Now processing file /home/runner/work/key/key/key.core/../key.ui/examples/heap/permissions/threads/Sampler_startTransfer_contract.key 
657467     INFO  main            d.u.i.k.p.i.AbstractProblemLoader Loading environment from /home/runner/work/key/key/key.core/../key.ui/examples/heap/permissions/threads/Sampler_startTransfer_contract.key 
657467     DEBUG main            d.u.i.k.p.i.AbstractProblemLoader Environment load took 89.4ns 
657468     INFO  main            d.u.i.k.p.i.AbstractProblemLoader Creating init config 
662092     DEBUG main            d.u.i.k.p.i.AbstractProblemLoader Init config took 4.62s 
662170     INFO  main            d.u.i.k.p.i.AbstractProblemLoader Replaying proof Sampler[ThreadSpec2::startTransfer()].JML model_behavior operation contract.0 
662172     DEBUG main            d.u.i.k.p.i.IntermediateProofReplayer Proof replay took 2.4ns 
662273     INFO  main            d.u.i.k.p.r.p.TestFile    ... finished proof: closed. 
662828     INFO  main            d.u.i.k.p.i.AbstractProblemLoader Loading environment from /home/runner/work/key/key/key.core/../key.ui/examples/heap/permissions/threads/Sampler_startTransfer_contract.key.proof 
662828     DEBUG main            d.u.i.k.p.i.AbstractProblemLoader Environment load took 74.7ns 
662829     INFO  main            d.u.i.k.p.i.AbstractProblemLoader Creating init config 
667349     DEBUG main            d.u.i.k.p.i.AbstractProblemLoader Init config took 4.52s 
667435     INFO  main            d.u.i.k.p.i.AbstractProblemLoader Replaying proof Sampler[ThreadSpec2::startTransfer()].JML model_behavior operation contract.0 
667443     DEBUG main            d.u.i.k.p.i.IntermediateProofReplayer Proof replay took 6.3ms 
667443     DEBUG main            d.u.i.k.p.r.p.TestFile    ... success: reloaded. 
667444     INFO  main            d.u.i.k.p.r.p.TestFile    Now processing file /home/runner/work/key/key/key.core/../key.ui/examples/heap/permissions/threads/Sampler_stateInv_accessible.key 
667444     INFO  main            d.u.i.k.p.i.AbstractProblemLoader Loading environment from /home/runner/work/key/key/key.core/../key.ui/examples/heap/permissions/threads/Sampler_stateInv_accessible.key 
667444     DEBUG main            d.u.i.k.p.i.AbstractProblemLoader Environment load took 79.6ns 
667445     INFO  main            d.u.i.k.p.i.AbstractProblemLoader Creating init config 
672040     DEBUG main            d.u.i.k.p.i.AbstractProblemLoader Init config took 4.6s 
672115     INFO  main            d.u.i.k.p.i.AbstractProblemLoader Replaying proof Sampler[ThreadSpec2::stateInv()].JML accessible clause.0 
672116     DEBUG main            d.u.i.k.p.i.IntermediateProofReplayer Proof replay took 2.5ns 
672218     INFO  main            d.u.i.k.p.r.p.TestFile    ... finished proof: closed. 
672781     INFO  main            d.u.i.k.p.i.AbstractProblemLoader Loading environment from /home/runner/work/key/key/key.core/../key.ui/examples/heap/permissions/threads/Sampler_stateInv_accessible.key.proof 
672781     DEBUG main            d.u.i.k.p.i.AbstractProblemLoader Environment load took 79.5ns 
672782     INFO  main            d.u.i.k.p.i.AbstractProblemLoader Creating init config 
677299     DEBUG main            d.u.i.k.p.i.AbstractProblemLoader Init config took 4.52s 
677375     INFO  main            d.u.i.k.p.i.AbstractProblemLoader Replaying proof Sampler[ThreadSpec2::stateInv()].JML accessible clause.0 
677382     DEBUG main            d.u.i.k.p.i.IntermediateProofReplayer Proof replay took 5.72ms 
677383     DEBUG main            d.u.i.k.p.r.p.TestFile    ... success: reloaded. 
677384     INFO  main            d.u.i.k.p.r.p.TestFile    Now processing file /home/runner/work/key/key/key.core/../key.ui/examples/heap/permissions/threads/Sampler_staticPermissions_accessible.key 
677384     INFO  main            d.u.i.k.p.i.AbstractProblemLoader Loading environment from /home/runner/work/key/key/key.core/../key.ui/examples/heap/permissions/threads/Sampler_staticPermissions_accessible.key 
677384     DEBUG main            d.u.i.k.p.i.AbstractProblemLoader Environment load took 84ns 
677385     INFO  main            d.u.i.k.p.i.AbstractProblemLoader Creating init config 
681977     DEBUG main            d.u.i.k.p.i.AbstractProblemLoader Init config took 4.59s 
682053     INFO  main            d.u.i.k.p.i.AbstractProblemLoader Replaying proof Sampler[ThreadSpec2::staticPermissions()].JML accessible clause.0 
682054     DEBUG main            d.u.i.k.p.i.IntermediateProofReplayer Proof replay took 2.2ns 
682155     INFO  main            d.u.i.k.p.r.p.TestFile    ... finished proof: closed. 
682727     INFO  main            d.u.i.k.p.i.AbstractProblemLoader Loading environment from /home/runner/work/key/key/key.core/../key.ui/examples/heap/permissions/threads/Sampler_staticPermissions_accessible.key.proof 
682727     DEBUG main            d.u.i.k.p.i.AbstractProblemLoader Environment load took 71.9ns 
682728     INFO  main            d.u.i.k.p.i.AbstractProblemLoader Creating init config 
687250     DEBUG main            d.u.i.k.p.i.AbstractProblemLoader Init config took 4.52s 
687325     INFO  main            d.u.i.k.p.i.AbstractProblemLoader Replaying proof Sampler[ThreadSpec2::staticPermissions()].JML accessible clause.0 
687329     DEBUG main            d.u.i.k.p.i.IntermediateProofReplayer Proof replay took 3.28ms 
687330     DEBUG main            d.u.i.k.p.r.p.TestFile    ... success: reloaded. 
687331     INFO  main            d.u.i.k.p.r.p.TestFile    Now processing file /home/runner/work/key/key/key.core/../key.ui/examples/heap/permissions/threads/Sampler_workingPermissions_accessible.key 
687331     INFO  main            d.u.i.k.p.i.AbstractProblemLoader Loading environment from /home/runner/work/key/key/key.core/../key.ui/examples/heap/permissions/threads/Sampler_workingPermissions_accessible.key 
687331     DEBUG main            d.u.i.k.p.i.AbstractProblemLoader Environment load took 68.7ns 
687332     INFO  main            d.u.i.k.p.i.AbstractProblemLoader Creating init config 
691928     DEBUG main            d.u.i.k.p.i.AbstractProblemLoader Init config took 4.6s 
692002     INFO  main            d.u.i.k.p.i.AbstractProblemLoader Replaying proof Sampler[ThreadSpec2::workingPermissions()].JML accessible clause.0 
692005     DEBUG main            d.u.i.k.p.i.IntermediateProofReplayer Proof replay took 2.4ns 
692106     INFO  main            d.u.i.k.p.r.p.TestFile    ... finished proof: closed. 
692681     INFO  main            d.u.i.k.p.i.AbstractProblemLoader Loading environment from /home/runner/work/key/key/key.core/../key.ui/examples/heap/permissions/threads/Sampler_workingPermissions_accessible.key.proof 
692681     DEBUG main            d.u.i.k.p.i.AbstractProblemLoader Environment load took 73ns 
692682     INFO  main            d.u.i.k.p.i.AbstractProblemLoader Creating init config 
697219     DEBUG main            d.u.i.k.p.i.AbstractProblemLoader Init config took 4.54s 
697294     INFO  main            d.u.i.k.p.i.AbstractProblemLoader Replaying proof Sampler[ThreadSpec2::workingPermissions()].JML accessible clause.0 
697300     DEBUG main            d.u.i.k.p.i.IntermediateProofReplayer Proof replay took 4.68ms 
697301     DEBUG main            d.u.i.k.p.r.p.TestFile    ... success: reloaded. 
697301     INFO  main            d.u.i.k.p.r.p.TestFile    Now processing file /home/runner/work/key/key/key.core/../key.ui/examples/heap/permissions/mulleretal/ReadWrite_doRead_contract.key 
697301     INFO  main            d.u.i.k.p.i.AbstractProblemLoader Loading environment from /home/runner/work/key/key/key.core/../key.ui/examples/heap/permissions/mulleretal/ReadWrite_doRead_contract.key 
697302     DEBUG main            d.u.i.k.p.i.AbstractProblemLoader Environment load took 89.8ns 
697302     INFO  main            d.u.i.k.p.i.AbstractProblemLoader Creating init config 
699945     DEBUG main            d.u.i.k.p.i.AbstractProblemLoader Init config took 2.64s 
699977     INFO  main            d.u.i.k.p.i.AbstractProblemLoader Replaying proof ReadWrite[ReadWrite::doRead()].JML normal_behavior operation contract.0 
699979     DEBUG main            d.u.i.k.p.i.IntermediateProofReplayer Proof replay took 2.4ns 
701586     INFO  main            d.u.i.k.p.r.p.TestFile    ... finished proof: closed. 
702194     INFO  main            d.u.i.k.p.i.AbstractProblemLoader Loading environment from /home/runner/work/key/key/key.core/../key.ui/examples/heap/permissions/mulleretal/ReadWrite_doRead_contract.key.proof 
702194     DEBUG main            d.u.i.k.p.i.AbstractProblemLoader Environment load took 349.51ns 
702196     INFO  main            d.u.i.k.p.i.AbstractProblemLoader Creating init config 
704759     DEBUG main            d.u.i.k.p.i.AbstractProblemLoader Init config took 2.56s 
704790     INFO  main            d.u.i.k.p.i.AbstractProblemLoader Replaying proof ReadWrite[ReadWrite::doRead()].JML normal_behavior operation contract.0 
705155     DEBUG main            d.u.i.k.p.i.IntermediateProofReplayer Proof replay took 359.07ms 
705155     DEBUG main            d.u.i.k.p.r.p.TestFile    ... success: reloaded. 
705156     INFO  main            d.u.i.k.p.r.p.TestFile    Now processing file /home/runner/work/key/key/key.core/../key.ui/examples/heap/permissions/mulleretal/ReadWrite_doWrite_contract.key 
705156     INFO  main            d.u.i.k.p.i.AbstractProblemLoader Loading environment from /home/runner/work/key/key/key.core/../key.ui/examples/heap/permissions/mulleretal/ReadWrite_doWrite_contract.key 
705156     DEBUG main            d.u.i.k.p.i.AbstractProblemLoader Environment load took 111.8ns 
705157     INFO  main            d.u.i.k.p.i.AbstractProblemLoader Creating init config 
707778     DEBUG main            d.u.i.k.p.i.AbstractProblemLoader Init config took 2.62s 
707809     INFO  main            d.u.i.k.p.i.AbstractProblemLoader Replaying proof ReadWrite[ReadWrite::doWrite()].JML normal_behavior operation contract.0 
707810     DEBUG main            d.u.i.k.p.i.IntermediateProofReplayer Proof replay took 2.5ns 
709429     INFO  main            d.u.i.k.p.r.p.TestFile    ... finished proof: closed. 
710036     INFO  main            d.u.i.k.p.i.AbstractProblemLoader Loading environment from /home/runner/work/key/key/key.core/../key.ui/examples/heap/permissions/mulleretal/ReadWrite_doWrite_contract.key.proof 
710036     DEBUG main            d.u.i.k.p.i.AbstractProblemLoader Environment load took 330.61ns 
710037     INFO  main            d.u.i.k.p.i.AbstractProblemLoader Creating init config 
712583     DEBUG main            d.u.i.k.p.i.AbstractProblemLoader Init config took 2.55s 
712615     INFO  main            d.u.i.k.p.i.AbstractProblemLoader Replaying proof ReadWrite[ReadWrite::doWrite()].JML normal_behavior operation contract.0 
712993     DEBUG main            d.u.i.k.p.i.IntermediateProofReplayer Proof replay took 373.06ms 
712994     DEBUG main            d.u.i.k.p.r.p.TestFile    ... success: reloaded. 
712995     INFO  main            d.u.i.k.p.r.p.TestFile    Now processing file /home/runner/work/key/key/key.core/../key.ui/examples/heap/permissions/mulleretal/ReadWrite_read_contract.key 
712995     INFO  main            d.u.i.k.p.i.AbstractProblemLoader Loading environment from /home/runner/work/key/key/key.core/../key.ui/examples/heap/permissions/mulleretal/ReadWrite_read_contract.key 
712995     DEBUG main            d.u.i.k.p.i.AbstractProblemLoader Environment load took 150.7ns 
712996     INFO  main            d.u.i.k.p.i.AbstractProblemLoader Creating init config 
715616     DEBUG main            d.u.i.k.p.i.AbstractProblemLoader Init config took 2.62s 
715647     INFO  main            d.u.i.k.p.i.AbstractProblemLoader Replaying proof ReadWrite[ReadWrite::read()].JML normal_behavior operation contract.0 
715648     DEBUG main            d.u.i.k.p.i.IntermediateProofReplayer Proof replay took 2.4ns 
715749     INFO  main            d.u.i.k.p.r.p.TestFile    ... finished proof: closed. 
716331     INFO  main            d.u.i.k.p.i.AbstractProblemLoader Loading environment from /home/runner/work/key/key/key.core/../key.ui/examples/heap/permissions/mulleretal/ReadWrite_read_contract.key.proof 
716332     DEBUG main            d.u.i.k.p.i.AbstractProblemLoader Environment load took 72.7ns 
716332     INFO  main            d.u.i.k.p.i.AbstractProblemLoader Creating init config 
718873     DEBUG main            d.u.i.k.p.i.AbstractProblemLoader Init config took 2.54s 
718904     INFO  main            d.u.i.k.p.i.AbstractProblemLoader Replaying proof ReadWrite[ReadWrite::read()].JML normal_behavior operation contract.0 
718912     DEBUG main            d.u.i.k.p.i.IntermediateProofReplayer Proof replay took 6.17ms 
718913     DEBUG main            d.u.i.k.p.r.p.TestFile    ... success: reloaded. 
718913     INFO  main            d.u.i.k.p.r.p.TestFile    Now processing file /home/runner/work/key/key/key.core/../key.ui/examples/heap/permissions/mulleretal/ReadWrite_write_contract.key 
718914     INFO  main            d.u.i.k.p.i.AbstractProblemLoader Loading environment from /home/runner/work/key/key/key.core/../key.ui/examples/heap/permissions/mulleretal/ReadWrite_write_contract.key 
718914     DEBUG main            d.u.i.k.p.i.AbstractProblemLoader Environment load took 182.3ns 
718915     INFO  main            d.u.i.k.p.i.AbstractProblemLoader Creating init config 
721515     DEBUG main            d.u.i.k.p.i.AbstractProblemLoader Init config took 2.6s 
721546     INFO  main            d.u.i.k.p.i.AbstractProblemLoader Replaying proof ReadWrite[ReadWrite::write()].JML normal_behavior operation contract.0 
721551     DEBUG main            d.u.i.k.p.i.IntermediateProofReplayer Proof replay took 2.9ns 
721652     INFO  main            d.u.i.k.p.r.p.TestFile    ... finished proof: closed. 
722251     INFO  main            d.u.i.k.p.i.AbstractProblemLoader Loading environment from /home/runner/work/key/key/key.core/../key.ui/examples/heap/permissions/mulleretal/ReadWrite_write_contract.key.proof 
722251     DEBUG main            d.u.i.k.p.i.AbstractProblemLoader Environment load took 90.7ns 
722252     INFO  main            d.u.i.k.p.i.AbstractProblemLoader Creating init config 
724792     DEBUG main            d.u.i.k.p.i.AbstractProblemLoader Init config took 2.54s 
724823     INFO  main            d.u.i.k.p.i.AbstractProblemLoader Replaying proof ReadWrite[ReadWrite::write()].JML normal_behavior operation contract.0 
724847     DEBUG main            d.u.i.k.p.i.IntermediateProofReplayer Proof replay took 22.61ms 
724847     DEBUG main            d.u.i.k.p.r.p.TestFile    ... success: reloaded. 
724848     INFO  main            d.u.i.k.p.r.p.TestFile    Now processing file /home/runner/work/key/key/key.core/../key.ui/examples/heap/permissions/mulleretal/ReadWrite_inv1_accessible.key 
724848     INFO  main            d.u.i.k.p.i.AbstractProblemLoader Loading environment from /home/runner/work/key/key/key.core/../key.ui/examples/heap/permissions/mulleretal/ReadWrite_inv1_accessible.key 
724848     DEBUG main            d.u.i.k.p.i.AbstractProblemLoader Environment load took 40ns 
724849     INFO  main            d.u.i.k.p.i.AbstractProblemLoader Creating init config 
727440     DEBUG main            d.u.i.k.p.i.AbstractProblemLoader Init config took 2.59s 
727470     INFO  main            d.u.i.k.p.i.AbstractProblemLoader Replaying proof ReadWrite[java.lang.Object::<inv>()].JML accessible clause.0 
727472     DEBUG main            d.u.i.k.p.i.IntermediateProofReplayer Proof replay took 2.4ns 
727573     INFO  main            d.u.i.k.p.r.p.TestFile    ... finished proof: closed. 
728169     INFO  main            d.u.i.k.p.i.AbstractProblemLoader Loading environment from /home/runner/work/key/key/key.core/../key.ui/examples/heap/permissions/mulleretal/ReadWrite_inv1_accessible.key.proof 
728169     DEBUG main            d.u.i.k.p.i.AbstractProblemLoader Environment load took 75.3ns 
728170     INFO  main            d.u.i.k.p.i.AbstractProblemLoader Creating init config 
730720     DEBUG main            d.u.i.k.p.i.AbstractProblemLoader Init config took 2.55s 
730751     INFO  main            d.u.i.k.p.i.AbstractProblemLoader Replaying proof ReadWrite[java.lang.Object::<inv>()].JML accessible clause.0 
730754     DEBUG main            d.u.i.k.p.i.IntermediateProofReplayer Proof replay took 1.51ms 
730755     DEBUG main            d.u.i.k.p.r.p.TestFile    ... success: reloaded. 
730755     INFO  main            d.u.i.k.p.r.p.TestFile    Now processing file /home/runner/work/key/key/key.core/../key.ui/examples/heap/permissions/mulleretal/ReadWrite_inv2_accessible.key 
730756     INFO  main            d.u.i.k.p.i.AbstractProblemLoader Loading environment from /home/runner/work/key/key/key.core/../key.ui/examples/heap/permissions/mulleretal/ReadWrite_inv2_accessible.key 
730756     DEBUG main            d.u.i.k.p.i.AbstractProblemLoader Environment load took 44.8ns 
730756     INFO  main            d.u.i.k.p.i.AbstractProblemLoader Creating init config 
733349     DEBUG main            d.u.i.k.p.i.AbstractProblemLoader Init config took 2.59s 
733380     INFO  main            d.u.i.k.p.i.AbstractProblemLoader Replaying proof ReadWrite[java.lang.Object::<inv>()].JML accessible clause.1 
733381     DEBUG main            d.u.i.k.p.i.IntermediateProofReplayer Proof replay took 2.4ns 
733483     INFO  main            d.u.i.k.p.r.p.TestFile    ... finished proof: closed. 
734084     INFO  main            d.u.i.k.p.i.AbstractProblemLoader Loading environment from /home/runner/work/key/key/key.core/../key.ui/examples/heap/permissions/mulleretal/ReadWrite_inv2_accessible.key.proof 
734084     DEBUG main            d.u.i.k.p.i.AbstractProblemLoader Environment load took 73.5ns 
734085     INFO  main            d.u.i.k.p.i.AbstractProblemLoader Creating init config 
736636     DEBUG main            d.u.i.k.p.i.AbstractProblemLoader Init config took 2.55s 
736667     INFO  main            d.u.i.k.p.i.AbstractProblemLoader Replaying proof ReadWrite[java.lang.Object::<inv>()].JML accessible clause.1 
736670     DEBUG main            d.u.i.k.p.i.IntermediateProofReplayer Proof replay took 1.55ms 
736670     DEBUG main            d.u.i.k.p.r.p.TestFile    ... success: reloaded. 
736671     INFO  main            d.u.i.k.p.r.p.TestFile    Now processing file /home/runner/work/key/key/key.core/../key.ui/examples/heap/permissions/lockspec/Counter_lockConsistent_contract.key 
736671     INFO  main            d.u.i.k.p.i.AbstractProblemLoader Loading environment from /home/runner/work/key/key/key.core/../key.ui/examples/heap/permissions/lockspec/Counter_lockConsistent_contract.key 
736671     DEBUG main            d.u.i.k.p.i.AbstractProblemLoader Environment load took 38.6ns 
736672     INFO  main            d.u.i.k.p.i.AbstractProblemLoader Creating init config 
739812     DEBUG main            d.u.i.k.p.i.AbstractProblemLoader Init config took 3.14s 
739862     INFO  main            d.u.i.k.p.i.AbstractProblemLoader Replaying proof Counter[LockSpec::lockConsistent()].JML model_behavior operation contract.0 
739864     DEBUG main            d.u.i.k.p.i.IntermediateProofReplayer Proof replay took 2.8ns 
740870     INFO  main            d.u.i.k.p.r.p.TestFile    ... finished proof: closed. 
741486     INFO  main            d.u.i.k.p.i.AbstractProblemLoader Loading environment from /home/runner/work/key/key/key.core/../key.ui/examples/heap/permissions/lockspec/Counter_lockConsistent_contract.key.proof 
741486     DEBUG main            d.u.i.k.p.i.AbstractProblemLoader Environment load took 356.51ns 
741487     INFO  main            d.u.i.k.p.i.AbstractProblemLoader Creating init config 
744487     DEBUG main            d.u.i.k.p.i.AbstractProblemLoader Init config took 3s 
744536     INFO  main            d.u.i.k.p.i.AbstractProblemLoader Replaying proof Counter[LockSpec::lockConsistent()].JML model_behavior operation contract.0 
744691     DEBUG main            d.u.i.k.p.i.IntermediateProofReplayer Proof replay took 147.03ms 
744692     DEBUG main            d.u.i.k.p.r.p.TestFile    ... success: reloaded. 
744692     INFO  main            d.u.i.k.p.r.p.TestFile    Now processing file /home/runner/work/key/key/key.core/../key.ui/examples/heap/permissions/lockspec/Counter_increase_contract.key 
744692     INFO  main            d.u.i.k.p.i.AbstractProblemLoader Loading environment from /home/runner/work/key/key/key.core/../key.ui/examples/heap/permissions/lockspec/Counter_increase_contract.key 
744692     DEBUG main            d.u.i.k.p.i.AbstractProblemLoader Environment load took 66.8ns 
744693     INFO  main            d.u.i.k.p.i.AbstractProblemLoader Creating init config 
747737     DEBUG main            d.u.i.k.p.i.AbstractProblemLoader Init config took 3.04s 
747782     INFO  main            d.u.i.k.p.i.AbstractProblemLoader Replaying proof Counter[Counter::increase()].JML normal_behavior operation contract.0 
747788     DEBUG main            d.u.i.k.p.i.IntermediateProofReplayer Proof replay took 2.7ns 
749296     INFO  main            d.u.i.k.p.r.p.TestFile    ... finished proof: closed. 
749959     INFO  main            d.u.i.k.p.i.AbstractProblemLoader Loading environment from /home/runner/work/key/key/key.core/../key.ui/examples/heap/permissions/lockspec/Counter_increase_contract.key.proof 
749959     DEBUG main            d.u.i.k.p.i.AbstractProblemLoader Environment load took 301.01ns 
749961     INFO  main            d.u.i.k.p.i.AbstractProblemLoader Creating init config 
753036     DEBUG main            d.u.i.k.p.i.AbstractProblemLoader Init config took 3.08s 
753087     INFO  main            d.u.i.k.p.i.AbstractProblemLoader Replaying proof Counter[Counter::increase()].JML normal_behavior operation contract.0 
753391     DEBUG main            d.u.i.k.p.i.IntermediateProofReplayer Proof replay took 286.33ms 
753393     DEBUG main            d.u.i.k.p.r.p.TestFile    ... success: reloaded. 
753394     INFO  main            d.u.i.k.p.r.p.TestFile    Now processing file /home/runner/work/key/key/key.core/../key.ui/examples/heap/permissions/lockspec/Counter_fp_accessible.key 
753394     INFO  main            d.u.i.k.p.i.AbstractProblemLoader Loading environment from /home/runner/work/key/key/key.core/../key.ui/examples/heap/permissions/lockspec/Counter_fp_accessible.key 
753394     DEBUG main            d.u.i.k.p.i.AbstractProblemLoader Environment load took 159.9ns 
753395     INFO  main            d.u.i.k.p.i.AbstractProblemLoader Creating init config 
756530     DEBUG main            d.u.i.k.p.i.AbstractProblemLoader Init config took 3.13s 
756578     INFO  main            d.u.i.k.p.i.AbstractProblemLoader Replaying proof Counter[LockSpec::fp()].JML accessible clause.0 
756579     DEBUG main            d.u.i.k.p.i.IntermediateProofReplayer Proof replay took 2.9ns 
756681     INFO  main            d.u.i.k.p.r.p.TestFile    ... finished proof: closed. 
757283     INFO  main            d.u.i.k.p.i.AbstractProblemLoader Loading environment from /home/runner/work/key/key/key.core/../key.ui/examples/heap/permissions/lockspec/Counter_fp_accessible.key.proof 
757283     DEBUG main            d.u.i.k.p.i.AbstractProblemLoader Environment load took 75.3ns 
757284     INFO  main            d.u.i.k.p.i.AbstractProblemLoader Creating init config 
760271     DEBUG main            d.u.i.k.p.i.AbstractProblemLoader Init config took 2.99s 
760318     INFO  main            d.u.i.k.p.i.AbstractProblemLoader Replaying proof Counter[LockSpec::fp()].JML accessible clause.0 
760327     DEBUG main            d.u.i.k.p.i.IntermediateProofReplayer Proof replay took 7.65ms 
760328     DEBUG main            d.u.i.k.p.r.p.TestFile    ... success: reloaded. 
760328     INFO  main            d.u.i.k.p.r.p.TestFile    Now processing file /home/runner/work/key/key/key.core/../key.ui/examples/heap/permissions/lockspec/Counter_fpLock_accessible.key 
760329     INFO  main            d.u.i.k.p.i.AbstractProblemLoader Loading environment from /home/runner/work/key/key/key.core/../key.ui/examples/heap/permissions/lockspec/Counter_fpLock_accessible.key 
760329     DEBUG main            d.u.i.k.p.i.AbstractProblemLoader Environment load took 73.9ns 
760329     INFO  main            d.u.i.k.p.i.AbstractProblemLoader Creating init config 
763376     DEBUG main            d.u.i.k.p.i.AbstractProblemLoader Init config took 3.05s 
763423     INFO  main            d.u.i.k.p.i.AbstractProblemLoader Replaying proof Counter[LockSpec::fpLock()].JML accessible clause.0 
763425     DEBUG main            d.u.i.k.p.i.IntermediateProofReplayer Proof replay took 2.3ns 
763526     INFO  main            d.u.i.k.p.r.p.TestFile    ... finished proof: closed. 
764157     INFO  main            d.u.i.k.p.i.AbstractProblemLoader Loading environment from /home/runner/work/key/key/key.core/../key.ui/examples/heap/permissions/lockspec/Counter_fpLock_accessible.key.proof 
764157     DEBUG main            d.u.i.k.p.i.AbstractProblemLoader Environment load took 73.8ns 
764158     INFO  main            d.u.i.k.p.i.AbstractProblemLoader Creating init config 
767239     DEBUG main            d.u.i.k.p.i.AbstractProblemLoader Init config took 3.08s 
767294     INFO  main            d.u.i.k.p.i.AbstractProblemLoader Replaying proof Counter[LockSpec::fpLock()].JML accessible clause.0 
767305     DEBUG main            d.u.i.k.p.i.IntermediateProofReplayer Proof replay took 9.16ms 
767306     DEBUG main            d.u.i.k.p.r.p.TestFile    ... success: reloaded. 
767307     INFO  main            d.u.i.k.p.r.p.TestFile    Now processing file /home/runner/work/key/key/key.core/../key.ui/examples/heap/permissions/lockspec/Counter_fpPerm_accessible.key 
767307     INFO  main            d.u.i.k.p.i.AbstractProblemLoader Loading environment from /home/runner/work/key/key/key.core/../key.ui/examples/heap/permissions/lockspec/Counter_fpPerm_accessible.key 
767307     DEBUG main            d.u.i.k.p.i.AbstractProblemLoader Environment load took 150.9ns 
767308     INFO  main            d.u.i.k.p.i.AbstractProblemLoader Creating init config 
770578     DEBUG main            d.u.i.k.p.i.AbstractProblemLoader Init config took 3.27s 
770643     INFO  main            d.u.i.k.p.i.AbstractProblemLoader Replaying proof Counter[LockSpec::fpPerm()].JML accessible clause.0 
770644     DEBUG main            d.u.i.k.p.i.IntermediateProofReplayer Proof replay took 1.8ns 
770748     INFO  main            d.u.i.k.p.r.p.TestFile    ... finished proof: closed. 
771370     INFO  main            d.u.i.k.p.i.AbstractProblemLoader Loading environment from /home/runner/work/key/key/key.core/../key.ui/examples/heap/permissions/lockspec/Counter_fpPerm_accessible.key.proof 
771370     DEBUG main            d.u.i.k.p.i.AbstractProblemLoader Environment load took 70.4ns 
771371     INFO  main            d.u.i.k.p.i.AbstractProblemLoader Creating init config 
774454     DEBUG main            d.u.i.k.p.i.AbstractProblemLoader Init config took 3.08s 
774520     INFO  main            d.u.i.k.p.i.AbstractProblemLoader Replaying proof Counter[LockSpec::fpPerm()].JML accessible clause.0 
774531     DEBUG main            d.u.i.k.p.i.IntermediateProofReplayer Proof replay took 8.18ms 
774532     DEBUG main            d.u.i.k.p.r.p.TestFile    ... success: reloaded. 
774533     INFO  main            d.u.i.k.p.r.p.TestFile    Now processing file /home/runner/work/key/key/key.core/../key.ui/examples/heap/permissions/lockspec/Counter_inv_accessible1.key 
774533     INFO  main            d.u.i.k.p.i.AbstractProblemLoader Loading environment from /home/runner/work/key/key/key.core/../key.ui/examples/heap/permissions/lockspec/Counter_inv_accessible1.key 
774533     DEBUG main            d.u.i.k.p.i.AbstractProblemLoader Environment load took 148.3ns 
774534     INFO  main            d.u.i.k.p.i.AbstractProblemLoader Creating init config 
777705     DEBUG main            d.u.i.k.p.i.AbstractProblemLoader Init config took 3.17s 
777753     INFO  main            d.u.i.k.p.i.AbstractProblemLoader Replaying proof Counter[java.lang.Object::<inv>()].JML accessible clause.0 
777755     DEBUG main            d.u.i.k.p.i.IntermediateProofReplayer Proof replay took 2.2ns 
777856     INFO  main            d.u.i.k.p.r.p.TestFile    ... finished proof: closed. 
778488     INFO  main            d.u.i.k.p.i.AbstractProblemLoader Loading environment from /home/runner/work/key/key/key.core/../key.ui/examples/heap/permissions/lockspec/Counter_inv_accessible1.key.proof 
778488     DEBUG main            d.u.i.k.p.i.AbstractProblemLoader Environment load took 72.2ns 
778488     INFO  main            d.u.i.k.p.i.AbstractProblemLoader Creating init config 
781573     DEBUG main            d.u.i.k.p.i.AbstractProblemLoader Init config took 3.08s 
781640     INFO  main            d.u.i.k.p.i.AbstractProblemLoader Replaying proof Counter[java.lang.Object::<inv>()].JML accessible clause.0 
781652     DEBUG main            d.u.i.k.p.i.IntermediateProofReplayer Proof replay took 10.9ms 
781653     DEBUG main            d.u.i.k.p.r.p.TestFile    ... success: reloaded. 
781654     INFO  main            d.u.i.k.p.r.p.TestFile    Now processing file /home/runner/work/key/key/key.core/../key.ui/examples/heap/permissions/lockspec/Counter_inv_accessible2.key 
781654     INFO  main            d.u.i.k.p.i.AbstractProblemLoader Loading environment from /home/runner/work/key/key/key.core/../key.ui/examples/heap/permissions/lockspec/Counter_inv_accessible2.key 
781654     DEBUG main            d.u.i.k.p.i.AbstractProblemLoader Environment load took 73.6ns 
781655     INFO  main            d.u.i.k.p.i.AbstractProblemLoader Creating init config 
784813     DEBUG main            d.u.i.k.p.i.AbstractProblemLoader Init config took 3.16s 
784861     INFO  main            d.u.i.k.p.i.AbstractProblemLoader Replaying proof Counter[java.lang.Object::<inv>()].JML accessible clause.1 
784862     DEBUG main            d.u.i.k.p.i.IntermediateProofReplayer Proof replay took 2.6ns 
784963     INFO  main            d.u.i.k.p.r.p.TestFile    ... finished proof: closed. 
785603     INFO  main            d.u.i.k.p.i.AbstractProblemLoader Loading environment from /home/runner/work/key/key/key.core/../key.ui/examples/heap/permissions/lockspec/Counter_inv_accessible2.key.proof 
785603     DEBUG main            d.u.i.k.p.i.AbstractProblemLoader Environment load took 70.6ns 
785604     INFO  main            d.u.i.k.p.i.AbstractProblemLoader Creating init config 
788852     DEBUG main            d.u.i.k.p.i.AbstractProblemLoader Init config took 3.25s 
788924     INFO  main            d.u.i.k.p.i.AbstractProblemLoader Replaying proof Counter[java.lang.Object::<inv>()].JML accessible clause.1 
788938     DEBUG main            d.u.i.k.p.i.IntermediateProofReplayer Proof replay took 10.53ms 
788939     DEBUG main            d.u.i.k.p.r.p.TestFile    ... success: reloaded. 
788939     INFO  main            d.u.i.k.p.r.p.TestFile    Now processing file /home/runner/work/key/key/key.core/../key.ui/examples/heap/permissions/lockspec/Counter_lockRef_accessible.key 
788940     INFO  main            d.u.i.k.p.i.AbstractProblemLoader Loading environment from /home/runner/work/key/key/key.core/../key.ui/examples/heap/permissions/lockspec/Counter_lockRef_accessible.key 
788940     DEBUG main            d.u.i.k.p.i.AbstractProblemLoader Environment load took 67.6ns 
788940     INFO  main            d.u.i.k.p.i.AbstractProblemLoader Creating init config 
792155     DEBUG main            d.u.i.k.p.i.AbstractProblemLoader Init config took 3.21s 
792203     INFO  main            d.u.i.k.p.i.AbstractProblemLoader Replaying proof Counter[LockSpec::lockRef()].JML accessible clause.0 
792204     DEBUG main            d.u.i.k.p.i.IntermediateProofReplayer Proof replay took 2.5ns 
792406     INFO  main            d.u.i.k.p.r.p.TestFile    ... finished proof: closed. 
793049     INFO  main            d.u.i.k.p.i.AbstractProblemLoader Loading environment from /home/runner/work/key/key/key.core/../key.ui/examples/heap/permissions/lockspec/Counter_lockRef_accessible.key.proof 
793049     DEBUG main            d.u.i.k.p.i.AbstractProblemLoader Environment load took 75.6ns 
793050     INFO  main            d.u.i.k.p.i.AbstractProblemLoader Creating init config 
796169     DEBUG main            d.u.i.k.p.i.AbstractProblemLoader Init config took 3.12s 
796226     INFO  main            d.u.i.k.p.i.AbstractProblemLoader Replaying proof Counter[LockSpec::lockRef()].JML accessible clause.0 
796267     DEBUG main            d.u.i.k.p.i.IntermediateProofReplayer Proof replay took 38.71ms 
796267     DEBUG main            d.u.i.k.p.r.p.TestFile    ... success: reloaded. 
796268     INFO  main            d.u.i.k.p.r.p.TestFile    Now processing file /home/runner/work/key/key/key.core/../key.ui/examples/heap/permissions/lockspec/Counter_lockRef_contract1.key 
796269     INFO  main            d.u.i.k.p.i.AbstractProblemLoader Loading environment from /home/runner/work/key/key/key.core/../key.ui/examples/heap/permissions/lockspec/Counter_lockRef_contract1.key 
796270     DEBUG main            d.u.i.k.p.i.AbstractProblemLoader Environment load took 171.9ns 
796270     INFO  main            d.u.i.k.p.i.AbstractProblemLoader Creating init config 
799414     DEBUG main            d.u.i.k.p.i.AbstractProblemLoader Init config took 3.14s 
799462     INFO  main            d.u.i.k.p.i.AbstractProblemLoader Replaying proof Counter[LockSpec::lockRef()].JML model_behavior operation contract.0 
799464     DEBUG main            d.u.i.k.p.i.IntermediateProofReplayer Proof replay took 2.5ns 
799565     INFO  main            d.u.i.k.p.r.p.TestFile    ... finished proof: closed. 
800226     INFO  main            d.u.i.k.p.i.AbstractProblemLoader Loading environment from /home/runner/work/key/key/key.core/../key.ui/examples/heap/permissions/lockspec/Counter_lockRef_contract1.key.proof 
800226     DEBUG main            d.u.i.k.p.i.AbstractProblemLoader Environment load took 68.1ns 
800227     INFO  main            d.u.i.k.p.i.AbstractProblemLoader Creating init config 
803325     DEBUG main            d.u.i.k.p.i.AbstractProblemLoader Init config took 3.1s 
803381     INFO  main            d.u.i.k.p.i.AbstractProblemLoader Replaying proof Counter[LockSpec::lockRef()].JML model_behavior operation contract.0 
803386     DEBUG main            d.u.i.k.p.i.IntermediateProofReplayer Proof replay took 4.37ms 
803387     DEBUG main            d.u.i.k.p.r.p.TestFile    ... success: reloaded. 
803388     INFO  main            d.u.i.k.p.r.p.TestFile    Now processing file /home/runner/work/key/key/key.core/../key.ui/examples/heap/permissions/lockspec/Counter_lockRef_contract2.key 
803388     INFO  main            d.u.i.k.p.i.AbstractProblemLoader Loading environment from /home/runner/work/key/key/key.core/../key.ui/examples/heap/permissions/lockspec/Counter_lockRef_contract2.key 
803388     DEBUG main            d.u.i.k.p.i.AbstractProblemLoader Environment load took 70.2ns 
803389     INFO  main            d.u.i.k.p.i.AbstractProblemLoader Creating init config 
806608     DEBUG main            d.u.i.k.p.i.AbstractProblemLoader Init config took 3.22s 
806656     INFO  main            d.u.i.k.p.i.AbstractProblemLoader Replaying proof Counter[Counter::lockRef()].JML model_behavior operation contract.0 
806657     DEBUG main            d.u.i.k.p.i.IntermediateProofReplayer Proof replay took 2.2ns 
806758     INFO  main            d.u.i.k.p.r.p.TestFile    ... finished proof: closed. 
807417     INFO  main            d.u.i.k.p.i.AbstractProblemLoader Loading environment from /home/runner/work/key/key/key.core/../key.ui/examples/heap/permissions/lockspec/Counter_lockRef_contract2.key.proof 
807417     DEBUG main            d.u.i.k.p.i.AbstractProblemLoader Environment load took 72.6ns 
807418     INFO  main            d.u.i.k.p.i.AbstractProblemLoader Creating init config 
810540     DEBUG main            d.u.i.k.p.i.AbstractProblemLoader Init config took 3.12s 
810631     INFO  main            d.u.i.k.p.i.AbstractProblemLoader Replaying proof Counter[Counter::lockRef()].JML model_behavior operation contract.0 
810636     DEBUG main            d.u.i.k.p.i.IntermediateProofReplayer Proof replay took 3.85ms 
810637     DEBUG main            d.u.i.k.p.r.p.TestFile    ... success: reloaded. 
810638     INFO  main            d.u.i.k.p.r.p.TestFile    Now processing file /home/runner/work/key/key/key.core/../key.ui/examples/heap/permissions/lockspec/Counter_lockState_accessible.key 
810638     INFO  main            d.u.i.k.p.i.AbstractProblemLoader Loading environment from /home/runner/work/key/key/key.core/../key.ui/examples/heap/permissions/lockspec/Counter_lockState_accessible.key 
810638     DEBUG main            d.u.i.k.p.i.AbstractProblemLoader Environment load took 196.41ns 
810639     INFO  main            d.u.i.k.p.i.AbstractProblemLoader Creating init config 
813915     DEBUG main            d.u.i.k.p.i.AbstractProblemLoader Init config took 3.28s 
813963     INFO  main            d.u.i.k.p.i.AbstractProblemLoader Replaying proof Counter[LockSpec::lockState(boolean)].JML accessible clause.0 
813964     DEBUG main            d.u.i.k.p.i.IntermediateProofReplayer Proof replay took 3.3ns 
814266     INFO  main            d.u.i.k.p.r.p.TestFile    ... finished proof: closed. 
814936     INFO  main            d.u.i.k.p.i.AbstractProblemLoader Loading environment from /home/runner/work/key/key/key.core/../key.ui/examples/heap/permissions/lockspec/Counter_lockState_accessible.key.proof 
814936     DEBUG main            d.u.i.k.p.i.AbstractProblemLoader Environment load took 74.4ns 
814937     INFO  main            d.u.i.k.p.i.AbstractProblemLoader Creating init config 
818120     DEBUG main            d.u.i.k.p.i.AbstractProblemLoader Init config took 3.18s 
818176     INFO  main            d.u.i.k.p.i.AbstractProblemLoader Replaying proof Counter[LockSpec::lockState(boolean)].JML accessible clause.0 
818250     DEBUG main            d.u.i.k.p.i.IntermediateProofReplayer Proof replay took 71.09ms 
818251     DEBUG main            d.u.i.k.p.r.p.TestFile    ... success: reloaded. 
818252     INFO  main            d.u.i.k.p.r.p.TestFile    Now processing file /home/runner/work/key/key/key.core/../key.ui/examples/heap/permissions/lockspec/Counter_lockStatus_accessible.key 
818254     INFO  main            d.u.i.k.p.i.AbstractProblemLoader Loading environment from /home/runner/work/key/key/key.core/../key.ui/examples/heap/permissions/lockspec/Counter_lockStatus_accessible.key 
818255     DEBUG main            d.u.i.k.p.i.AbstractProblemLoader Environment load took 176.3ns 
818255     INFO  main            d.u.i.k.p.i.AbstractProblemLoader Creating init config 
821419     DEBUG main            d.u.i.k.p.i.AbstractProblemLoader Init config took 3.16s 
821496     INFO  main            d.u.i.k.p.i.AbstractProblemLoader Replaying proof Counter[LockSpec::lockStatus(boolean)].JML accessible clause.0 
821497     DEBUG main            d.u.i.k.p.i.IntermediateProofReplayer Proof replay took 2.7ns 
821598     INFO  main            d.u.i.k.p.r.p.TestFile    ... finished proof: closed. 
822267     INFO  main            d.u.i.k.p.i.AbstractProblemLoader Loading environment from /home/runner/work/key/key/key.core/../key.ui/examples/heap/permissions/lockspec/Counter_lockStatus_accessible.key.proof 
822267     DEBUG main            d.u.i.k.p.i.AbstractProblemLoader Environment load took 74.4ns 
822268     INFO  main            d.u.i.k.p.i.AbstractProblemLoader Creating init config 
825345     DEBUG main            d.u.i.k.p.i.AbstractProblemLoader Init config took 3.08s 
825400     INFO  main            d.u.i.k.p.i.AbstractProblemLoader Replaying proof Counter[LockSpec::lockStatus(boolean)].JML accessible clause.0 
825423     DEBUG main            d.u.i.k.p.i.IntermediateProofReplayer Proof replay took 21ms 
825424     DEBUG main            d.u.i.k.p.r.p.TestFile    ... success: reloaded. 
825425     INFO  main            d.u.i.k.p.r.p.TestFile    Now processing file /home/runner/work/key/key/key.core/../key.ui/examples/heap/permissions/lockspec/Counter_lockTransfer_accessible.key 
825425     INFO  main            d.u.i.k.p.i.AbstractProblemLoader Loading environment from /home/runner/work/key/key/key.core/../key.ui/examples/heap/permissions/lockspec/Counter_lockTransfer_accessible.key 
825425     DEBUG main            d.u.i.k.p.i.AbstractProblemLoader Environment load took 150.5ns 
825426     INFO  main            d.u.i.k.p.i.AbstractProblemLoader Creating init config 
828587     DEBUG main            d.u.i.k.p.i.AbstractProblemLoader Init config took 3.16s 
828653     INFO  main            d.u.i.k.p.i.AbstractProblemLoader Replaying proof Counter[LockSpec::lockTransfer()].JML accessible clause.0 
828655     DEBUG main            d.u.i.k.p.i.IntermediateProofReplayer Proof replay took 2.2ns 
828957     INFO  main            d.u.i.k.p.r.p.TestFile    ... finished proof: closed. 
829635     INFO  main            d.u.i.k.p.i.AbstractProblemLoader Loading environment from /home/runner/work/key/key/key.core/../key.ui/examples/heap/permissions/lockspec/Counter_lockTransfer_accessible.key.proof 
829635     DEBUG main            d.u.i.k.p.i.AbstractProblemLoader Environment load took 80.6ns 
829636     INFO  main            d.u.i.k.p.i.AbstractProblemLoader Creating init config 
832748     DEBUG main            d.u.i.k.p.i.AbstractProblemLoader Init config took 3.11s 
832804     INFO  main            d.u.i.k.p.i.AbstractProblemLoader Replaying proof Counter[LockSpec::lockTransfer()].JML accessible clause.0 
832870     DEBUG main            d.u.i.k.p.i.IntermediateProofReplayer Proof replay took 62.73ms 
832870     DEBUG main            d.u.i.k.p.r.p.TestFile    ... success: reloaded. 
832871     INFO  main            d.u.i.k.p.r.p.TestFile    Now processing file /home/runner/work/key/key/key.core/../key.ui/examples/heap/permissions/lockspec/Counter_unlockTransfer_accessible.key 
832872     INFO  main            d.u.i.k.p.i.AbstractProblemLoader Loading environment from /home/runner/work/key/key/key.core/../key.ui/examples/heap/permissions/lockspec/Counter_unlockTransfer_accessible.key 
832872     DEBUG main            d.u.i.k.p.i.AbstractProblemLoader Environment load took 87.1ns 
832872     INFO  main            d.u.i.k.p.i.AbstractProblemLoader Creating init config 
836095     DEBUG main            d.u.i.k.p.i.AbstractProblemLoader Init config took 3.22s 
836151     INFO  main            d.u.i.k.p.i.AbstractProblemLoader Replaying proof Counter[LockSpec::unlockTransfer()].JML accessible clause.0 
836153     DEBUG main            d.u.i.k.p.i.IntermediateProofReplayer Proof replay took 2.8ns 
836457     INFO  main            d.u.i.k.p.r.p.TestFile    ... finished proof: closed. 
837166     INFO  main            d.u.i.k.p.i.AbstractProblemLoader Loading environment from /home/runner/work/key/key/key.core/../key.ui/examples/heap/permissions/lockspec/Counter_unlockTransfer_accessible.key.proof 
837166     DEBUG main            d.u.i.k.p.i.AbstractProblemLoader Environment load took 74.5ns 
837168     INFO  main            d.u.i.k.p.i.AbstractProblemLoader Creating init config 
840266     DEBUG main            d.u.i.k.p.i.AbstractProblemLoader Init config took 3.1s 
840321     INFO  main            d.u.i.k.p.i.AbstractProblemLoader Replaying proof Counter[LockSpec::unlockTransfer()].JML accessible clause.0 
840394     DEBUG main            d.u.i.k.p.i.IntermediateProofReplayer Proof replay took 66.25ms 
840395     DEBUG main            d.u.i.k.p.r.p.TestFile    ... success: reloaded. 
840395     INFO  main            d.u.i.k.p.r.p.TestFile    Now processing file /home/runner/work/key/key/key.core/../key.ui/examples/heap/permissions/threads/Plotter_startTransfer_contract.proof 
840395     INFO  main            d.u.i.k.p.i.AbstractProblemLoader Loading environment from /home/runner/work/key/key/key.core/../key.ui/examples/heap/permissions/threads/Plotter_startTransfer_contract.proof 
840396     DEBUG main            d.u.i.k.p.i.AbstractProblemLoader Environment load took 72.5ns 
840397     INFO  main            d.u.i.k.p.i.AbstractProblemLoader Creating init config 
845250     DEBUG main            d.u.i.k.p.i.AbstractProblemLoader Init config took 4.85s 
845351     INFO  main            d.u.i.k.p.i.AbstractProblemLoader Replaying proof Plotter[ThreadSpec2::startTransfer()].JML model_behavior operation contract.0 
845488     DEBUG main            d.u.i.k.p.i.IntermediateProofReplayer Proof replay took 129.02ms 
845492     INFO  main            d.u.i.k.p.r.p.TestFile    ... success: loaded 
845493     INFO  main            d.u.i.k.p.r.p.TestFile    Now processing file /home/runner/work/key/key/key.core/../key.ui/examples/heap/permissions/threads/Plotter_startTransfer_accessible.proof 
845499     INFO  main            d.u.i.k.p.i.AbstractProblemLoader Loading environment from /home/runner/work/key/key/key.core/../key.ui/examples/heap/permissions/threads/Plotter_startTransfer_accessible.proof 
845499     DEBUG main            d.u.i.k.p.i.AbstractProblemLoader Environment load took 195.41ns 
845500     INFO  main            d.u.i.k.p.i.AbstractProblemLoader Creating init config 
850386     DEBUG main            d.u.i.k.p.i.AbstractProblemLoader Init config took 4.89s 
850476     INFO  main            d.u.i.k.p.i.AbstractProblemLoader Replaying proof Plotter[ThreadSpec2::startTransfer()].JML accessible clause.0 
850583     DEBUG main            d.u.i.k.p.i.IntermediateProofReplayer Proof replay took 91.24ms 
850584     INFO  main            d.u.i.k.p.r.p.TestFile    ... success: loaded 
850585     INFO  main            d.u.i.k.p.r.p.TestFile    Now processing file /home/runner/work/key/key/key.core/../key.ui/examples/heap/permissions/threads/Plotter_joinTransfer_accessible.proof 
850585     INFO  main            d.u.i.k.p.i.AbstractProblemLoader Loading environment from /home/runner/work/key/key/key.core/../key.ui/examples/heap/permissions/threads/Plotter_joinTransfer_accessible.proof 
850585     DEBUG main            d.u.i.k.p.i.AbstractProblemLoader Environment load took 155.2ns 
850587     INFO  main            d.u.i.k.p.i.AbstractProblemLoader Creating init config 
855381     DEBUG main            d.u.i.k.p.i.AbstractProblemLoader Init config took 4.79s 
855456     INFO  main            d.u.i.k.p.i.AbstractProblemLoader Replaying proof Plotter[ThreadSpec2::joinTransfer()].JML accessible clause.0 
855463     WARN  main            d.u.i.k.p.i.IntermediateProofReplayer Proof contains wrong number of \assumes instatiations for Definition_axiom_for_stateInv_in_Plotter 
855465     WARN  main            d.u.i.k.p.i.IntermediateProofReplayer Proof contains wrong number of \assumes instatiations for Definition_axiom_for_stateInv_in_Plotter 
855467     WARN  main            d.u.i.k.p.i.IntermediateProofReplayer Proof contains wrong number of \assumes instatiations for Definition_axiom_for_workingPermissions_in_Plotter 
855467     WARN  main            d.u.i.k.p.i.IntermediateProofReplayer Proof contains wrong number of \assumes instatiations for Definition_axiom_for_staticPermissions_in_Plotter 
855468     WARN  main            d.u.i.k.p.i.IntermediateProofReplayer Proof contains wrong number of \assumes instatiations for Definition_axiom_for_joinTransfer_in_Plotter 
855469     WARN  main            d.u.i.k.p.i.IntermediateProofReplayer Proof contains wrong number of \assumes instatiations for Definition_axiom_for_stateInv_in_BFilter 
855471     WARN  main            d.u.i.k.p.i.IntermediateProofReplayer Proof contains wrong number of \assumes instatiations for Definition_axiom_for_stateInv_in_AFilter 
855472     WARN  main            d.u.i.k.p.i.IntermediateProofReplayer Proof contains wrong number of \assumes instatiations for Definition_axiom_for_stateInv_in_BFilter 
855474     WARN  main            d.u.i.k.p.i.IntermediateProofReplayer Proof contains wrong number of \assumes instatiations for Definition_axiom_for_stateInv_in_AFilter 
855475     WARN  main            d.u.i.k.p.i.IntermediateProofReplayer Proof contains wrong number of \assumes instatiations for Definition_axiom_for_staticPermissions_in_AFilter 
855476     WARN  main            d.u.i.k.p.i.IntermediateProofReplayer Proof contains wrong number of \assumes instatiations for Definition_axiom_for_staticPermissions_in_Plotter 
855476     WARN  main            d.u.i.k.p.i.IntermediateProofReplayer Proof contains wrong number of \assumes instatiations for Definition_axiom_for_staticPermissions_in_BFilter 
855477     WARN  main            d.u.i.k.p.i.IntermediateProofReplayer Proof contains wrong number of \assumes instatiations for Definition_axiom_for_workingPermissions_in_Plotter 
855478     WARN  main            d.u.i.k.p.i.IntermediateProofReplayer Proof contains wrong number of \assumes instatiations for Definition_axiom_for_stateInv_in_Sampler 
855479     WARN  main            d.u.i.k.p.i.IntermediateProofReplayer Proof contains wrong number of \assumes instatiations for Definition_axiom_for_stateInv_in_Sampler 
855479     WARN  main            d.u.i.k.p.i.IntermediateProofReplayer Proof contains wrong number of \assumes instatiations for Definition_axiom_for_staticPermissions_in_Sampler 
855480     WARN  main            d.u.i.k.p.i.IntermediateProofReplayer Proof contains wrong number of \assumes instatiations for Definition_axiom_for_staticPermissions_in_BFilter 
855481     WARN  main            d.u.i.k.p.i.IntermediateProofReplayer Proof contains wrong number of \assumes instatiations for Definition_axiom_for_staticPermissions_in_AFilter 
855481     WARN  main            d.u.i.k.p.i.IntermediateProofReplayer Proof contains wrong number of \assumes instatiations for Definition_axiom_for_staticPermissions_in_Sampler 
855482     WARN  main            d.u.i.k.p.i.IntermediateProofReplayer Proof contains wrong number of \assumes instatiations for Definition_axiom_for_staticPermissions_in_Sampler 
855482     WARN  main            d.u.i.k.p.i.IntermediateProofReplayer Proof contains wrong number of \assumes instatiations for Definition_axiom_for_staticPermissions_in_Sampler 
855483     WARN  main            d.u.i.k.p.i.IntermediateProofReplayer Proof contains wrong number of \assumes instatiations for Definition_axiom_for_joinTransfer_in_Plotter 
855561     DEBUG main            d.u.i.k.p.i.IntermediateProofReplayer Proof replay took 101.37ms 
855561     INFO  main            d.u.i.k.p.r.p.TestFile    ... success: loaded 
5112722    INFO  Test worker     d.u.i.k.p.r.RunAllProofsTestUnit Returning from test permissionHeap 
5112723    INFO  Test worker     d.u.i.k.p.r.RunAllProofsTestUnit Running test completionScopes 
327        INFO  Timeout watchdog d.u.i.k.p.r.p.ForkedTestFileRunner Timeout watcher launched (2000 secs.) 
329        WARN  main            d.u.i.k.s.ProofSettings   The settings in /home/runner/.key/proof-settings.props are *not* read. 
356        INFO  main            d.u.i.k.p.r.p.TestFile    Now processing file /home/runner/work/key/key/key.core/../key.ui/examples/completionscopes/testCcatchReturnVal.key 
467        INFO  main            d.u.i.k.p.i.AbstractProblemLoader Loading environment from /home/runner/work/key/key/key.core/../key.ui/examples/completionscopes/testCcatchReturnVal.key 
488        DEBUG main            d.u.i.k.p.i.AbstractProblemLoader Environment load took 2.19ms 
720        INFO  main            d.u.i.k.p.i.AbstractProblemLoader Creating init config 
1595       DEBUG main            d.u.i.k.j.TypeConverter   No LDT found for Meta 
1595       DEBUG main            d.u.i.k.j.TypeConverter   No LDT found for Meta 
1596       DEBUG main            d.u.i.k.j.TypeConverter   No LDT found for Meta 
1597       DEBUG main            d.u.i.k.j.TypeConverter   No LDT found for Meta 
2816       DEBUG main            d.u.i.k.j.TypeConverter   No LDT found for JavaBigintExpression 
8360       DEBUG main            d.u.i.k.p.i.AbstractProblemLoader Init config took 7.64s 
8542       INFO  main            d.u.i.k.p.i.AbstractProblemLoader Replaying proof CompletionScopes[CompletionScopes::testCcatchReturnVal()].JML normal_behavior operation contract.0 
8580       DEBUG main            d.u.i.k.p.i.IntermediateProofReplayer Proof replay took 33.9ns 
9076       INFO  main            d.u.i.k.p.r.p.TestFile    ... finished proof: closed. 
9177       INFO  main            d.u.i.k.p.i.AbstractProblemLoader Loading environment from /home/runner/work/key/key/key.core/../key.ui/examples/completionscopes/testCcatchReturnVal.key.proof 
9177       DEBUG main            d.u.i.k.p.i.AbstractProblemLoader Environment load took 221.81ns 
9179       INFO  main            d.u.i.k.p.i.AbstractProblemLoader Creating init config 
12073      DEBUG main            d.u.i.k.p.i.AbstractProblemLoader Init config took 2.89s 
12147      INFO  main            d.u.i.k.p.i.AbstractProblemLoader Replaying proof CompletionScopes[CompletionScopes::testCcatchReturnVal()].JML normal_behavior operation contract.0 
12227      DEBUG main            d.u.i.k.p.i.IntermediateProofReplayer Proof replay took 70.98ms 
12240      DEBUG main            d.u.i.k.p.r.p.TestFile    ... success: reloaded. 
12244      INFO  main            d.u.i.k.p.r.p.TestFile    Now processing file /home/runner/work/key/key/key.core/../key.ui/examples/completionscopes/testMultCcatchClauses.key 
12246      INFO  main            d.u.i.k.p.i.AbstractProblemLoader Loading environment from /home/runner/work/key/key/key.core/../key.ui/examples/completionscopes/testMultCcatchClauses.key 
12247      DEBUG main            d.u.i.k.p.i.AbstractProblemLoader Environment load took 390.81ns 
12248      INFO  main            d.u.i.k.p.i.AbstractProblemLoader Creating init config 
15164      DEBUG main            d.u.i.k.p.i.AbstractProblemLoader Init config took 2.92s 
15222      INFO  main            d.u.i.k.p.i.AbstractProblemLoader Replaying proof CompletionScopes[CompletionScopes::testMultCcatchClauses()].JML normal_behavior operation contract.0 
15224      DEBUG main            d.u.i.k.p.i.IntermediateProofReplayer Proof replay took 7.8ns 
15528      INFO  main            d.u.i.k.p.r.p.TestFile    ... finished proof: closed. 
15673      INFO  main            d.u.i.k.p.i.AbstractProblemLoader Loading environment from /home/runner/work/key/key/key.core/../key.ui/examples/completionscopes/testMultCcatchClauses.key.proof 
15673      DEBUG main            d.u.i.k.p.i.AbstractProblemLoader Environment load took 144.5ns 
15674      INFO  main            d.u.i.k.p.i.AbstractProblemLoader Creating init config 
18377      DEBUG main            d.u.i.k.p.i.AbstractProblemLoader Init config took 2.7s 
18442      INFO  main            d.u.i.k.p.i.AbstractProblemLoader Replaying proof CompletionScopes[CompletionScopes::testMultCcatchClauses()].JML normal_behavior operation contract.0 
18578      DEBUG main            d.u.i.k.p.i.IntermediateProofReplayer Proof replay took 132.37ms 
18579      DEBUG main            d.u.i.k.p.r.p.TestFile    ... success: reloaded. 
18581      INFO  main            d.u.i.k.p.r.p.TestFile    Now processing file /home/runner/work/key/key/key.core/../key.ui/examples/completionscopes/testNestedExec.key 
18582      INFO  main            d.u.i.k.p.i.AbstractProblemLoader Loading environment from /home/runner/work/key/key/key.core/../key.ui/examples/completionscopes/testNestedExec.key 
18582      DEBUG main            d.u.i.k.p.i.AbstractProblemLoader Environment load took 106.8ns 
18584      INFO  main            d.u.i.k.p.i.AbstractProblemLoader Creating init config 
21385      DEBUG main            d.u.i.k.p.i.AbstractProblemLoader Init config took 2.8s 
21436      INFO  main            d.u.i.k.p.i.AbstractProblemLoader Replaying proof CompletionScopes[CompletionScopes::testMultCcatchClauses()].JML normal_behavior operation contract.0 
21439      DEBUG main            d.u.i.k.p.i.IntermediateProofReplayer Proof replay took 6.9ns 
21742      INFO  main            d.u.i.k.p.r.p.TestFile    ... finished proof: closed. 
21870      INFO  main            d.u.i.k.p.i.AbstractProblemLoader Loading environment from /home/runner/work/key/key/key.core/../key.ui/examples/completionscopes/testNestedExec.key.proof 
21871      DEBUG main            d.u.i.k.p.i.AbstractProblemLoader Environment load took 390.41ns 
21872      INFO  main            d.u.i.k.p.i.AbstractProblemLoader Creating init config 
24542      DEBUG main            d.u.i.k.p.i.AbstractProblemLoader Init config took 2.67s 
24588      INFO  main            d.u.i.k.p.i.AbstractProblemLoader Replaying proof CompletionScopes[CompletionScopes::testMultCcatchClauses()].JML normal_behavior operation contract.0 
24661      DEBUG main            d.u.i.k.p.i.IntermediateProofReplayer Proof replay took 69.75ms 
24662      DEBUG main            d.u.i.k.p.r.p.TestFile    ... success: reloaded. 
24664      INFO  main            d.u.i.k.p.r.p.TestFile    Now processing file /home/runner/work/key/key/key.core/../key.ui/examples/completionscopes/testCcatchBreakLabel.key 
24664      INFO  main            d.u.i.k.p.i.AbstractProblemLoader Loading environment from /home/runner/work/key/key/key.core/../key.ui/examples/completionscopes/testCcatchBreakLabel.key 
24664      DEBUG main            d.u.i.k.p.i.AbstractProblemLoader Environment load took 184.5ns 
24666      INFO  main            d.u.i.k.p.i.AbstractProblemLoader Creating init config 
27320      DEBUG main            d.u.i.k.p.i.AbstractProblemLoader Init config took 2.65s 
27366      INFO  main            d.u.i.k.p.i.AbstractProblemLoader Replaying proof CompletionScopes[CompletionScopes::testBreakLabel()].JML normal_behavior operation contract.0 
27368      DEBUG main            d.u.i.k.p.i.IntermediateProofReplayer Proof replay took 7.1ns 
27385      DEBUG Thread-10       d.u.i.k.l.o.ProgramSV     Match failed: Former match of  SchemaVariable incompatible with  the current match. 
27471      INFO  main            d.u.i.k.p.r.p.TestFile    ... finished proof: closed. 
27621      INFO  main            d.u.i.k.p.i.AbstractProblemLoader Loading environment from /home/runner/work/key/key/key.core/../key.ui/examples/completionscopes/testCcatchBreakLabel.key.proof 
27621      DEBUG main            d.u.i.k.p.i.AbstractProblemLoader Environment load took 135.7ns 
27623      INFO  main            d.u.i.k.p.i.AbstractProblemLoader Creating init config 
30272      DEBUG main            d.u.i.k.p.i.AbstractProblemLoader Init config took 2.65s 
30318      INFO  main            d.u.i.k.p.i.AbstractProblemLoader Replaying proof CompletionScopes[CompletionScopes::testBreakLabel()].JML normal_behavior operation contract.0 
30328      DEBUG main            d.u.i.k.p.i.IntermediateProofReplayer Proof replay took 8ms 
30329      DEBUG main            d.u.i.k.p.r.p.TestFile    ... success: reloaded. 
30330      INFO  main            d.u.i.k.p.r.p.TestFile    Now processing file /home/runner/work/key/key/key.core/../key.ui/examples/completionscopes/testCcatchContinueLabel.key 
30330      INFO  main            d.u.i.k.p.i.AbstractProblemLoader Loading environment from /home/runner/work/key/key/key.core/../key.ui/examples/completionscopes/testCcatchContinueLabel.key 
30330      DEBUG main            d.u.i.k.p.i.AbstractProblemLoader Environment load took 136.1ns 
30332      INFO  main            d.u.i.k.p.i.AbstractProblemLoader Creating init config 
32977      DEBUG main            d.u.i.k.p.i.AbstractProblemLoader Init config took 2.65s 
33020      INFO  main            d.u.i.k.p.i.AbstractProblemLoader Replaying proof CompletionScopes[CompletionScopes::testContinueLabel()].JML normal_behavior operation contract.0 
33022      DEBUG main            d.u.i.k.p.i.IntermediateProofReplayer Proof replay took 6.5ns 
33045      DEBUG Thread-13       d.u.i.k.l.o.ProgramSV     Match failed: Former match of  SchemaVariable incompatible with  the current match. 
33128      INFO  main            d.u.i.k.p.r.p.TestFile    ... finished proof: closed. 
33295      INFO  main            d.u.i.k.p.i.AbstractProblemLoader Loading environment from /home/runner/work/key/key/key.core/../key.ui/examples/completionscopes/testCcatchContinueLabel.key.proof 
33295      DEBUG main            d.u.i.k.p.i.AbstractProblemLoader Environment load took 156.5ns 
33296      INFO  main            d.u.i.k.p.i.AbstractProblemLoader Creating init config 
35904      DEBUG main            d.u.i.k.p.i.AbstractProblemLoader Init config took 2.61s 
35955      INFO  main            d.u.i.k.p.i.AbstractProblemLoader Replaying proof CompletionScopes[CompletionScopes::testContinueLabel()].JML normal_behavior operation contract.0 
35969      DEBUG main            d.u.i.k.p.i.IntermediateProofReplayer Proof replay took 10.94ms 
35970      DEBUG main            d.u.i.k.p.r.p.TestFile    ... success: reloaded. 
35971      INFO  main            d.u.i.k.p.r.p.TestFile    Now processing file /home/runner/work/key/key/key.core/../key.ui/examples/completionscopes/testCcatchBreakLabelWildcard.key 
35972      INFO  main            d.u.i.k.p.i.AbstractProblemLoader Loading environment from /home/runner/work/key/key/key.core/../key.ui/examples/completionscopes/testCcatchBreakLabelWildcard.key 
35972      DEBUG main            d.u.i.k.p.i.AbstractProblemLoader Environment load took 202ns 
35973      INFO  main            d.u.i.k.p.i.AbstractProblemLoader Creating init config 
38650      DEBUG main            d.u.i.k.p.i.AbstractProblemLoader Init config took 2.68s 
38693      INFO  main            d.u.i.k.p.i.AbstractProblemLoader Replaying proof CompletionScopes[CompletionScopes::testBreakLabelWildcard()].JML normal_behavior operation contract.0 
38695      DEBUG main            d.u.i.k.p.i.IntermediateProofReplayer Proof replay took 7.3ns 
38713      DEBUG Thread-16       d.u.i.k.l.o.ProgramSV     Match failed: Former match of  SchemaVariable incompatible with  the current match. 
38714      DEBUG Thread-16       d.u.i.k.l.o.ProgramSV     Match failed: Former match of  SchemaVariable incompatible with  the current match. 
38797      INFO  main            d.u.i.k.p.r.p.TestFile    ... finished proof: closed. 
39028      INFO  main            d.u.i.k.p.i.AbstractProblemLoader Loading environment from /home/runner/work/key/key/key.core/../key.ui/examples/completionscopes/testCcatchBreakLabelWildcard.key.proof 
39028      DEBUG main            d.u.i.k.p.i.AbstractProblemLoader Environment load took 127ns 
39029      INFO  main            d.u.i.k.p.i.AbstractProblemLoader Creating init config 
41585      DEBUG main            d.u.i.k.p.i.AbstractProblemLoader Init config took 2.56s 
41634      INFO  main            d.u.i.k.p.i.AbstractProblemLoader Replaying proof CompletionScopes[CompletionScopes::testBreakLabelWildcard()].JML normal_behavior operation contract.0 
41645      DEBUG main            d.u.i.k.p.i.IntermediateProofReplayer Proof replay took 8.54ms 
41646      DEBUG main            d.u.i.k.p.r.p.TestFile    ... success: reloaded. 
41647      INFO  main            d.u.i.k.p.r.p.TestFile    Now processing file /home/runner/work/key/key/key.core/../key.ui/examples/completionscopes/testCcatchContinueLabelWildcard.key 
41647      INFO  main            d.u.i.k.p.i.AbstractProblemLoader Loading environment from /home/runner/work/key/key/key.core/../key.ui/examples/completionscopes/testCcatchContinueLabelWildcard.key 
41647      DEBUG main            d.u.i.k.p.i.AbstractProblemLoader Environment load took 99.9ns 
41649      INFO  main            d.u.i.k.p.i.AbstractProblemLoader Creating init config 
44288      DEBUG main            d.u.i.k.p.i.AbstractProblemLoader Init config took 2.64s 
44330      INFO  main            d.u.i.k.p.i.AbstractProblemLoader Replaying proof CompletionScopes[CompletionScopes::testContinueLabelWildcard()].JML normal_behavior operation contract.0 
44331      DEBUG main            d.u.i.k.p.i.IntermediateProofReplayer Proof replay took 7.4ns 
44352      DEBUG Thread-19       d.u.i.k.l.o.ProgramSV     Match failed: Former match of  SchemaVariable incompatible with  the current match. 
44353      DEBUG Thread-19       d.u.i.k.l.o.ProgramSV     Match failed: Former match of  SchemaVariable incompatible with  the current match. 
44436      INFO  main            d.u.i.k.p.r.p.TestFile    ... finished proof: closed. 
44613      INFO  main            d.u.i.k.p.i.AbstractProblemLoader Loading environment from /home/runner/work/key/key/key.core/../key.ui/examples/completionscopes/testCcatchContinueLabelWildcard.key.proof 
44613      DEBUG main            d.u.i.k.p.i.AbstractProblemLoader Environment load took 139.1ns 
44614      INFO  main            d.u.i.k.p.i.AbstractProblemLoader Creating init config 
47178      DEBUG main            d.u.i.k.p.i.AbstractProblemLoader Init config took 2.56s 
47220      INFO  main            d.u.i.k.p.i.AbstractProblemLoader Replaying proof CompletionScopes[CompletionScopes::testContinueLabelWildcard()].JML normal_behavior operation contract.0 
47231      DEBUG main            d.u.i.k.p.i.IntermediateProofReplayer Proof replay took 9.14ms 
47232      DEBUG main            d.u.i.k.p.r.p.TestFile    ... success: reloaded. 
47233      INFO  main            d.u.i.k.p.r.p.TestFile    Now processing file /home/runner/work/key/key/key.core/../key.ui/examples/completionscopes/testCcatchBreakLabelNonmatchingNested.key 
47233      INFO  main            d.u.i.k.p.i.AbstractProblemLoader Loading environment from /home/runner/work/key/key/key.core/../key.ui/examples/completionscopes/testCcatchBreakLabelNonmatchingNested.key 
47234      DEBUG main            d.u.i.k.p.i.AbstractProblemLoader Environment load took 99.3ns 
47235      INFO  main            d.u.i.k.p.i.AbstractProblemLoader Creating init config 
49845      DEBUG main            d.u.i.k.p.i.AbstractProblemLoader Init config took 2.61s 
49885      INFO  main            d.u.i.k.p.i.AbstractProblemLoader Replaying proof CompletionScopes[CompletionScopes::testBreakLabelNonmatchingNested()].JML normal_behavior operation contract.0 
49887      DEBUG main            d.u.i.k.p.i.IntermediateProofReplayer Proof replay took 6.5ns 
49932      DEBUG Thread-22       d.u.i.k.l.o.ProgramSV     Match failed: Former match of  SchemaVariable incompatible with  the current match. 
49933      DEBUG Thread-22       d.u.i.k.l.o.ProgramSV     Match failed: Former match of  SchemaVariable incompatible with  the current match. 
49991      INFO  main            d.u.i.k.p.r.p.TestFile    ... finished proof: closed. 
50159      INFO  main            d.u.i.k.p.i.AbstractProblemLoader Loading environment from /home/runner/work/key/key/key.core/../key.ui/examples/completionscopes/testCcatchBreakLabelNonmatchingNested.key.proof 
50159      DEBUG main            d.u.i.k.p.i.AbstractProblemLoader Environment load took 126.4ns 
50160      INFO  main            d.u.i.k.p.i.AbstractProblemLoader Creating init config 
52728      DEBUG main            d.u.i.k.p.i.AbstractProblemLoader Init config took 2.57s 
52772      INFO  main            d.u.i.k.p.i.AbstractProblemLoader Replaying proof CompletionScopes[CompletionScopes::testBreakLabelNonmatchingNested()].JML normal_behavior operation contract.0 
52789      DEBUG main            d.u.i.k.p.i.IntermediateProofReplayer Proof replay took 12.86ms 
52790      DEBUG main            d.u.i.k.p.r.p.TestFile    ... success: reloaded. 
5165679    INFO  Test worker     d.u.i.k.p.r.RunAllProofsTestUnit Returning from test completionScopes 
5165679    INFO  Test worker     d.u.i.k.p.r.RunAllProofsTestUnit Running test reload_examples 
372        INFO  Timeout watchdog d.u.i.k.p.r.p.ForkedTestFileRunner Timeout watcher launched (2000 secs.) 
398        WARN  main            d.u.i.k.s.ProofSettings   The settings in /home/runner/.key/proof-settings.props are *not* read. 
435        INFO  main            d.u.i.k.p.r.p.TestFile    Now processing file /home/runner/work/key/key/key.core/../key.ui/examples/firstTouch/05-ReverseArray/reverseArray.key 
551        INFO  main            d.u.i.k.p.i.AbstractProblemLoader Loading environment from /home/runner/work/key/key/key.core/../key.ui/examples/firstTouch/05-ReverseArray/reverseArray.key 
568        DEBUG main            d.u.i.k.p.i.AbstractProblemLoader Environment load took 2.18ms 
810        INFO  main            d.u.i.k.p.i.AbstractProblemLoader Creating init config 
1630       DEBUG main            d.u.i.k.j.TypeConverter   No LDT found for Meta 
1631       DEBUG main            d.u.i.k.j.TypeConverter   No LDT found for Meta 
1632       DEBUG main            d.u.i.k.j.TypeConverter   No LDT found for Meta 
1633       DEBUG main            d.u.i.k.j.TypeConverter   No LDT found for Meta 
2755       DEBUG main            d.u.i.k.j.TypeConverter   No LDT found for JavaBigintExpression 
8703       DEBUG main            d.u.i.k.p.i.AbstractProblemLoader Init config took 7.89s 
8811       INFO  main            d.u.i.k.p.i.AbstractProblemLoader Replaying proof ReverseArray[ReverseArray::reverse()].JML normal_behavior operation contract.0 
8863       DEBUG main            d.u.i.k.p.i.IntermediateProofReplayer Proof replay took 35.8ns 
20344      INFO  main            d.u.i.k.p.r.p.TestFile    ... finished proof: closed. 
20641      INFO  main            d.u.i.k.p.i.AbstractProblemLoader Loading environment from /home/runner/work/key/key/key.core/../key.ui/examples/firstTouch/05-ReverseArray/reverseArray.key.proof 
20642      DEBUG main            d.u.i.k.p.i.AbstractProblemLoader Environment load took 418.51ns 
20652      INFO  main            d.u.i.k.p.i.AbstractProblemLoader Creating init config 
23681      DEBUG main            d.u.i.k.p.i.AbstractProblemLoader Init config took 3.03s 
23741      INFO  main            d.u.i.k.p.i.AbstractProblemLoader Replaying proof ReverseArray[ReverseArray::reverse()].JML normal_behavior operation contract.0 
24951      DEBUG main            d.u.i.k.p.i.IntermediateProofReplayer Proof replay took 1.14s 
24962      DEBUG main            d.u.i.k.p.r.p.TestFile    ... success: reloaded. 
24964      INFO  main            d.u.i.k.p.r.p.TestFile    Now processing file /home/runner/work/key/key/key.core/../key.ui/examples/standard_key/arith/saveProofTest.key.proof 
24965      INFO  main            d.u.i.k.p.i.AbstractProblemLoader Loading environment from /home/runner/work/key/key/key.core/../key.ui/examples/standard_key/arith/saveProofTest.key.proof 
24965      DEBUG main            d.u.i.k.p.i.AbstractProblemLoader Environment load took 211.1ns 
24966      INFO  main            d.u.i.k.p.i.AbstractProblemLoader Creating init config 
27583      DEBUG main            d.u.i.k.p.i.AbstractProblemLoader Init config took 2.62s 
27617      INFO  main            d.u.i.k.p.i.AbstractProblemLoader Replaying proof saveProofTest.key.proof 
27628      DEBUG main            d.u.i.k.p.i.IntermediateProofReplayer Proof replay took 3.84ms 
27629      INFO  main            d.u.i.k.p.r.p.TestFile    ... success: loaded 
27631      INFO  main            d.u.i.k.p.r.p.TestFile    Now processing file /home/runner/work/key/key/key.core/../key.ui/examples/heap/permutedSum/perm.proof 
27631      INFO  main            d.u.i.k.p.i.AbstractProblemLoader Loading environment from /home/runner/work/key/key/key.core/../key.ui/examples/heap/permutedSum/perm.proof 
27632      DEBUG main            d.u.i.k.p.i.AbstractProblemLoader Environment load took 486.31ns 
27636      INFO  main            d.u.i.k.p.i.AbstractProblemLoader Creating init config 
30511      DEBUG main            d.u.i.k.p.i.AbstractProblemLoader Init config took 2.88s 
30578      INFO  main            d.u.i.k.p.i.AbstractProblemLoader Replaying proof Perm[Perm::foo()].JML normal_behavior operation contract.0 
31779      DEBUG main            d.u.i.k.p.i.IntermediateProofReplayer Proof replay took 1.13s 
31782      INFO  main            d.u.i.k.p.r.p.TestFile    ... success: loaded 
31783      INFO  main            d.u.i.k.p.r.p.TestFile    Now processing file /home/runner/work/key/key/key.core/../key.ui/examples/firstTouch/05-ReverseArray/reverseArray.proof 
31784      INFO  main            d.u.i.k.p.i.AbstractProblemLoader Loading environment from /home/runner/work/key/key/key.core/../key.ui/examples/firstTouch/05-ReverseArray/reverseArray.proof 
31784      DEBUG main            d.u.i.k.p.i.AbstractProblemLoader Environment load took 216.71ns 
31787      INFO  main            d.u.i.k.p.i.AbstractProblemLoader Creating init config 
34581      DEBUG main            d.u.i.k.p.i.AbstractProblemLoader Init config took 2.79s 
34620      INFO  main            d.u.i.k.p.i.AbstractProblemLoader Replaying proof ReverseArray[ReverseArray::reverse()].JML normal_behavior operation contract.0 
35717      DEBUG main            d.u.i.k.p.i.IntermediateProofReplayer Proof replay took 1.06s 
35720      INFO  main            d.u.i.k.p.r.p.TestFile    ... success: loaded 
35721      INFO  main            d.u.i.k.p.r.p.TestFile    Now processing file /home/runner/work/key/key/key.core/../key.ui/examples/heap/verifyThis15_1_RelaxedPrefix/relax.proof 
35722      INFO  main            d.u.i.k.p.i.AbstractProblemLoader Loading environment from /home/runner/work/key/key/key.core/../key.ui/examples/heap/verifyThis15_1_RelaxedPrefix/relax.proof 
35722      DEBUG main            d.u.i.k.p.i.AbstractProblemLoader Environment load took 204ns 
35724      INFO  main            d.u.i.k.p.i.AbstractProblemLoader Creating init config 
38513      DEBUG main            d.u.i.k.p.i.AbstractProblemLoader Init config took 2.79s 
38557      INFO  main            d.u.i.k.p.i.AbstractProblemLoader Replaying proof Relaxed[Relaxed::isRelaxedPrefix([I,[I)].JML operation contract.0 
39018      DEBUG main            d.u.i.k.p.i.IntermediateProofReplayer Proof replay took 444.54ms 
39019      INFO  main            d.u.i.k.p.r.p.TestFile    ... success: loaded 
39021      INFO  main            d.u.i.k.p.r.p.TestFile    Now processing file /home/runner/work/key/key/key.core/../key.ui/examples/heap/verifyThis15_3_DLL/doUndo.proof 
39021      INFO  main            d.u.i.k.p.i.AbstractProblemLoader Loading environment from /home/runner/work/key/key/key.core/../key.ui/examples/heap/verifyThis15_3_DLL/doUndo.proof 
39021      DEBUG main            d.u.i.k.p.i.AbstractProblemLoader Environment load took 187ns 
39023      INFO  main            d.u.i.k.p.i.AbstractProblemLoader Creating init config 
40063      DEBUG main            d.u.i.k.j.r.ClassPreparationMethodBuilder clPrepBuilder: Inner Class detected. Reject building class initialisation methods. 
42075      DEBUG main            d.u.i.k.p.i.AbstractProblemLoader Init config took 3.05s 
42155      INFO  main            d.u.i.k.p.i.AbstractProblemLoader Replaying proof DoubleLinkedList[DoubleLinkedList::doUndo(DoubleLinkedList.Node,int)].JML normal_behavior operation contract.0 
42922      DEBUG main            d.u.i.k.p.i.IntermediateProofReplayer Proof replay took 740.56ms 
42924      INFO  main            d.u.i.k.p.r.p.TestFile    ... success: loaded 
42925      INFO  main            d.u.i.k.p.r.p.TestFile    Now processing file /home/runner/work/key/key/key.core/../key.ui/examples/heap/verifyThis15_2_ParallelGcd/parallelGcd.proof 
42925      INFO  main            d.u.i.k.p.i.AbstractProblemLoader Loading environment from /home/runner/work/key/key/key.core/../key.ui/examples/heap/verifyThis15_2_ParallelGcd/parallelGcd.proof 
42926      DEBUG main            d.u.i.k.p.i.AbstractProblemLoader Environment load took 194.4ns 
42927      INFO  main            d.u.i.k.p.i.AbstractProblemLoader Creating init config 
45702      DEBUG main            d.u.i.k.p.i.AbstractProblemLoader Init config took 2.78s 
45754      INFO  main            d.u.i.k.p.i.AbstractProblemLoader Replaying proof ParallelGcd[ParallelGcd::parallelGcd(int,int,[Z)].JML behavior operation contract.0 
46384      DEBUG main            d.u.i.k.p.i.IntermediateProofReplayer Proof replay took 617.78ms 
46385      INFO  main            d.u.i.k.p.r.p.TestFile    ... success: loaded 
5212255    INFO  Test worker     d.u.i.k.p.r.RunAllProofsTestUnit Returning from test reload_examples 
5212256    INFO  Test worker     d.u.i.k.p.r.RunAllProofsTestUnit Running test proofLoadRepair 
349        INFO  Timeout watchdog d.u.i.k.p.r.p.ForkedTestFileRunner Timeout watcher launched (2000 secs.) 
356        WARN  main            d.u.i.k.s.ProofSettings   The settings in /home/runner/.key/proof-settings.props are *not* read. 
397        INFO  main            d.u.i.k.p.r.p.TestFile    Now processing file /home/runner/work/key/key/key.core/../key.ui/examples/proofLoadRepair/disjConj-manipulated.proof 
569        INFO  main            d.u.i.k.p.i.AbstractProblemLoader Loading environment from /home/runner/work/key/key/key.core/../key.ui/examples/proofLoadRepair/disjConj-manipulated.proof 
587        DEBUG main            d.u.i.k.p.i.AbstractProblemLoader Environment load took 4.12ms 
828        INFO  main            d.u.i.k.p.i.AbstractProblemLoader Creating init config 
1658       DEBUG main            d.u.i.k.j.TypeConverter   No LDT found for Meta 
1658       DEBUG main            d.u.i.k.j.TypeConverter   No LDT found for Meta 
1662       DEBUG main            d.u.i.k.j.TypeConverter   No LDT found for Meta 
1662       DEBUG main            d.u.i.k.j.TypeConverter   No LDT found for Meta 
2844       DEBUG main            d.u.i.k.j.TypeConverter   No LDT found for JavaBigintExpression 
8455       DEBUG main            d.u.i.k.p.i.AbstractProblemLoader Init config took 7.63s 
8531       INFO  main            d.u.i.k.p.i.AbstractProblemLoader Replaying proof disjConj-manipulated.proof 
8583       WARN  main            d.u.i.k.p.i.IntermediateProofReplayer Proof contains wrong number of \assumes instatiations for andLeft 
8585       WARN  main            d.u.i.k.p.i.IntermediateProofReplayer Proof contains wrong number of \assumes instatiations for replace_known_right 
8590       WARN  main            d.u.i.k.p.i.IntermediateProofReplayer Proof contains wrong number of \assumes instatiations for close 
8590       DEBUG main            d.u.i.k.p.i.IntermediateProofReplayer Proof replay took 19.31ms 
8596       INFO  main            d.u.i.k.p.r.p.TestFile    ... success: loaded 
8604       INFO  main            d.u.i.k.p.r.p.TestFile    Now processing file /home/runner/work/key/key/key.core/../key.ui/examples/proofLoadRepair/insufficient-manipulated.proof 
8605       INFO  main            d.u.i.k.p.i.AbstractProblemLoader Loading environment from /home/runner/work/key/key/key.core/../key.ui/examples/proofLoadRepair/insufficient-manipulated.proof 
8605       DEBUG main            d.u.i.k.p.i.AbstractProblemLoader Environment load took 262.91ns 
8612       INFO  main            d.u.i.k.p.i.AbstractProblemLoader Creating init config 
11426      DEBUG main            d.u.i.k.p.i.AbstractProblemLoader Init config took 2.81s 
11443      INFO  main            d.u.i.k.p.i.AbstractProblemLoader Replaying proof insufficient-manipulated.proof 
11462      WARN  main            d.u.i.k.p.i.IntermediateProofReplayer Proof contains wrong number of \assumes instatiations for applyEq 
11476      DEBUG main            d.u.i.k.p.i.IntermediateProofReplayer Proof replay took 16.93ms 
11479      INFO  main            d.u.i.k.p.r.p.TestFile    ... success: loading failed 
11481      INFO  main            d.u.i.k.p.r.p.TestFile    Now processing file /home/runner/work/key/key/key.core/../key.ui/examples/../../key.core/src/test/resources/testcase/issues/1716/incorrectPolarity.proof 
11481      INFO  main            d.u.i.k.p.i.AbstractProblemLoader Loading environment from /home/runner/work/key/key/key.core/../key.ui/examples/../../key.core/src/test/resources/testcase/issues/1716/incorrectPolarity.proof 
11481      DEBUG main            d.u.i.k.p.i.AbstractProblemLoader Environment load took 210.3ns 
11485      INFO  main            d.u.i.k.p.i.AbstractProblemLoader Creating init config 
14393      DEBUG main            d.u.i.k.p.i.AbstractProblemLoader Init config took 2.91s 
14420      INFO  main            d.u.i.k.p.i.AbstractProblemLoader Replaying proof incorrectPolarity.proof 
14430      DEBUG main            d.u.i.k.p.i.IntermediateProofReplayer Proof replay took 224.31ns 
14431      INFO  main            d.u.i.k.p.r.p.TestFile    ... success: loading failed 
14432      INFO  main            d.u.i.k.p.r.p.TestFile    Now processing file /home/runner/work/key/key/key.core/../key.ui/examples/../../key.core/src/test/resources/testcase/issues/1716/incorrectPolarity2.proof 
14432      INFO  main            d.u.i.k.p.i.AbstractProblemLoader Loading environment from /home/runner/work/key/key/key.core/../key.ui/examples/../../key.core/src/test/resources/testcase/issues/1716/incorrectPolarity2.proof 
14433      DEBUG main            d.u.i.k.p.i.AbstractProblemLoader Environment load took 805.22ns 
14435      INFO  main            d.u.i.k.p.i.AbstractProblemLoader Creating init config 
17027      DEBUG main            d.u.i.k.p.i.AbstractProblemLoader Init config took 2.59s 
17049      INFO  main            d.u.i.k.p.i.AbstractProblemLoader Replaying proof incorrectPolarity2.proof 
17053      DEBUG main            d.u.i.k.p.i.IntermediateProofReplayer Proof replay took 425.31ns 
17054      INFO  main            d.u.i.k.p.r.p.TestFile    ... success: loading failed 
17055      INFO  main            d.u.i.k.p.r.p.TestFile    Now processing file /home/runner/work/key/key/key.core/../key.ui/examples/../../key.core/src/test/resources/testcase/issues/1716/incorrectPolarity3.proof 
17055      INFO  main            d.u.i.k.p.i.AbstractProblemLoader Loading environment from /home/runner/work/key/key/key.core/../key.ui/examples/../../key.core/src/test/resources/testcase/issues/1716/incorrectPolarity3.proof 
17056      DEBUG main            d.u.i.k.p.i.AbstractProblemLoader Environment load took 192.7ns 
17058      INFO  main            d.u.i.k.p.i.AbstractProblemLoader Creating init config 
19636      DEBUG main            d.u.i.k.p.i.AbstractProblemLoader Init config took 2.58s 
19659      INFO  main            d.u.i.k.p.i.AbstractProblemLoader Replaying proof incorrectPolarity3.proof 
19667      DEBUG main            d.u.i.k.p.i.IntermediateProofReplayer Proof replay took 3.09ms 
19668      INFO  main            d.u.i.k.p.r.p.TestFile    ... success: loading failed 
5232111    INFO  Test worker     d.u.i.k.p.r.RunAllProofsTestUnit Returning from test proofLoadRepair 
5232113    INFO  Test worker     d.u.i.k.p.r.RunAllProofsTestUnit Running test switch 
344        INFO  Timeout watchdog d.u.i.k.p.r.p.ForkedTestFileRunner Timeout watcher launched (2000 secs.) 
353        WARN  main            d.u.i.k.s.ProofSettings   The settings in /home/runner/.key/proof-settings.props are *not* read. 
382        INFO  main            d.u.i.k.p.r.p.TestFile    Now processing file /home/runner/work/key/key/key.core/../key.ui/examples/standard_key/java_dl/switch/labeled_case.key 
510        INFO  main            d.u.i.k.p.i.AbstractProblemLoader Loading environment from /home/runner/work/key/key/key.core/../key.ui/examples/standard_key/java_dl/switch/labeled_case.key 
535        DEBUG main            d.u.i.k.p.i.AbstractProblemLoader Environment load took 2.63ms 
766        INFO  main            d.u.i.k.p.i.AbstractProblemLoader Creating init config 
1611       DEBUG main            d.u.i.k.j.TypeConverter   No LDT found for Meta 
1611       DEBUG main            d.u.i.k.j.TypeConverter   No LDT found for Meta 
1615       DEBUG main            d.u.i.k.j.TypeConverter   No LDT found for Meta 
1615       DEBUG main            d.u.i.k.j.TypeConverter   No LDT found for Meta 
2821       DEBUG main            d.u.i.k.j.TypeConverter   No LDT found for JavaBigintExpression 
8296       DEBUG main            d.u.i.k.p.i.AbstractProblemLoader Init config took 7.53s 
8448       INFO  main            d.u.i.k.p.i.AbstractProblemLoader Replaying proof LabeledCase[LabeledCase::m(int)].JML normal_behavior operation contract.0 
8483       DEBUG main            d.u.i.k.p.i.IntermediateProofReplayer Proof replay took 37.4ns 
9139       INFO  main            d.u.i.k.p.r.p.TestFile    ... finished proof: closed. 
9253       INFO  main            d.u.i.k.p.i.AbstractProblemLoader Loading environment from /home/runner/work/key/key/key.core/../key.ui/examples/standard_key/java_dl/switch/labeled_case.key.proof 
9257       DEBUG main            d.u.i.k.p.i.AbstractProblemLoader Environment load took 4.37ms 
9259       INFO  main            d.u.i.k.p.i.AbstractProblemLoader Creating init config 
12288      DEBUG main            d.u.i.k.p.i.AbstractProblemLoader Init config took 3.03s 
12348      INFO  main            d.u.i.k.p.i.AbstractProblemLoader Replaying proof LabeledCase[LabeledCase::m(int)].JML normal_behavior operation contract.0 
12413      DEBUG main            d.u.i.k.p.i.IntermediateProofReplayer Proof replay took 59.58ms 
12427      DEBUG main            d.u.i.k.p.r.p.TestFile    ... success: reloaded. 
12430      INFO  main            d.u.i.k.p.r.p.TestFile    Now processing file /home/runner/work/key/key/key.core/../key.ui/examples/standard_key/java_dl/switch/empty_switch.key 
12430      INFO  main            d.u.i.k.p.i.AbstractProblemLoader Loading environment from /home/runner/work/key/key/key.core/../key.ui/examples/standard_key/java_dl/switch/empty_switch.key 
12431      DEBUG main            d.u.i.k.p.i.AbstractProblemLoader Environment load took 663.82ns 
12432      INFO  main            d.u.i.k.p.i.AbstractProblemLoader Creating init config 
15095      DEBUG main            d.u.i.k.p.i.AbstractProblemLoader Init config took 2.66s 
15124      INFO  main            d.u.i.k.p.i.AbstractProblemLoader Replaying proof empty_switch.key 
15126      DEBUG main            d.u.i.k.p.i.IntermediateProofReplayer Proof replay took 6.8ns 
15233      INFO  main            d.u.i.k.p.r.p.TestFile    ... finished proof: closed. 
15374      INFO  main            d.u.i.k.p.i.AbstractProblemLoader Loading environment from /home/runner/work/key/key/key.core/../key.ui/examples/standard_key/java_dl/switch/empty_switch.key.proof 
15374      DEBUG main            d.u.i.k.p.i.AbstractProblemLoader Environment load took 142.6ns 
15376      INFO  main            d.u.i.k.p.i.AbstractProblemLoader Creating init config 
18012      DEBUG main            d.u.i.k.p.i.AbstractProblemLoader Init config took 2.64s 
18036      INFO  main            d.u.i.k.p.i.AbstractProblemLoader Replaying proof empty_switch.key.proof 
18041      DEBUG main            d.u.i.k.p.i.IntermediateProofReplayer Proof replay took 2.1ms 
18042      DEBUG main            d.u.i.k.p.r.p.TestFile    ... success: reloaded. 
18043      INFO  main            d.u.i.k.p.r.p.TestFile    Now processing file /home/runner/work/key/key/key.core/../key.ui/examples/standard_key/java_dl/switch/empty_switch_null.key 
18044      INFO  main            d.u.i.k.p.i.AbstractProblemLoader Loading environment from /home/runner/work/key/key/key.core/../key.ui/examples/standard_key/java_dl/switch/empty_switch_null.key 
18044      DEBUG main            d.u.i.k.p.i.AbstractProblemLoader Environment load took 187.5ns 
18045      INFO  main            d.u.i.k.p.i.AbstractProblemLoader Creating init config 
20623      DEBUG main            d.u.i.k.p.i.AbstractProblemLoader Init config took 2.58s 
20646      INFO  main            d.u.i.k.p.i.AbstractProblemLoader Replaying proof empty_switch_null.key 
20648      DEBUG main            d.u.i.k.p.i.IntermediateProofReplayer Proof replay took 6.6ns 
20851      INFO  main            d.u.i.k.p.r.p.TestFile    ... finished proof: closed. 
20988      INFO  main            d.u.i.k.p.i.AbstractProblemLoader Loading environment from /home/runner/work/key/key/key.core/../key.ui/examples/standard_key/java_dl/switch/empty_switch_null.key.proof 
20990      DEBUG main            d.u.i.k.p.i.AbstractProblemLoader Environment load took 1.68ms 
20992      INFO  main            d.u.i.k.p.i.AbstractProblemLoader Creating init config 
23540      DEBUG main            d.u.i.k.p.i.AbstractProblemLoader Init config took 2.55s 
23562      INFO  main            d.u.i.k.p.i.AbstractProblemLoader Replaying proof empty_switch_null.key.proof 
23594      DEBUG main            d.u.i.k.p.i.IntermediateProofReplayer Proof replay took 28.88ms 
23595      DEBUG main            d.u.i.k.p.r.p.TestFile    ... success: reloaded. 
23596      INFO  main            d.u.i.k.p.r.p.TestFile    Now processing file /home/runner/work/key/key/key.core/../key.ui/examples/standard_key/java_dl/switch/empty_switch_null_catch.key 
23597      INFO  main            d.u.i.k.p.i.AbstractProblemLoader Loading environment from /home/runner/work/key/key/key.core/../key.ui/examples/standard_key/java_dl/switch/empty_switch_null_catch.key 
23597      DEBUG main            d.u.i.k.p.i.AbstractProblemLoader Environment load took 194.3ns 
23598      INFO  main            d.u.i.k.p.i.AbstractProblemLoader Creating init config 
26169      DEBUG main            d.u.i.k.p.i.AbstractProblemLoader Init config took 2.57s 
26194      INFO  main            d.u.i.k.p.i.AbstractProblemLoader Replaying proof empty_switch_null_catch.key 
26197      DEBUG main            d.u.i.k.p.i.IntermediateProofReplayer Proof replay took 6.8ns 
26401      INFO  main            d.u.i.k.p.r.p.TestFile    ... finished proof: closed. 
26563      INFO  main            d.u.i.k.p.i.AbstractProblemLoader Loading environment from /home/runner/work/key/key/key.core/../key.ui/examples/standard_key/java_dl/switch/empty_switch_null_catch.key.proof 
26566      DEBUG main            d.u.i.k.p.i.AbstractProblemLoader Environment load took 2.96ms 
26567      INFO  main            d.u.i.k.p.i.AbstractProblemLoader Creating init config 
29085      DEBUG main            d.u.i.k.p.i.AbstractProblemLoader Init config took 2.52s 
29106      INFO  main            d.u.i.k.p.i.AbstractProblemLoader Replaying proof empty_switch_null_catch.key.proof 
29144      DEBUG main            d.u.i.k.p.i.IntermediateProofReplayer Proof replay took 34.97ms 
29146      DEBUG main            d.u.i.k.p.r.p.TestFile    ... success: reloaded. 
29146      INFO  main            d.u.i.k.p.r.p.TestFile    Now processing file /home/runner/work/key/key/key.core/../key.ui/examples/standard_key/java_dl/switch/empty_switch_array_out_of_bounds.key 
29147      INFO  main            d.u.i.k.p.i.AbstractProblemLoader Loading environment from /home/runner/work/key/key/key.core/../key.ui/examples/standard_key/java_dl/switch/empty_switch_array_out_of_bounds.key 
29147      DEBUG main            d.u.i.k.p.i.AbstractProblemLoader Environment load took 187.3ns 
29148      INFO  main            d.u.i.k.p.i.AbstractProblemLoader Creating init config 
31674      DEBUG main            d.u.i.k.p.i.AbstractProblemLoader Init config took 2.53s 
31695      INFO  main            d.u.i.k.p.i.AbstractProblemLoader Replaying proof empty_switch_array_out_of_bounds.key 
31698      DEBUG main            d.u.i.k.p.i.IntermediateProofReplayer Proof replay took 7.5ns 
31905      INFO  main            d.u.i.k.p.r.p.TestFile    ... finished proof: closed. 
32066      INFO  main            d.u.i.k.p.i.AbstractProblemLoader Loading environment from /home/runner/work/key/key/key.core/../key.ui/examples/standard_key/java_dl/switch/empty_switch_array_out_of_bounds.key.proof 
32067      DEBUG main            d.u.i.k.p.i.AbstractProblemLoader Environment load took 569.61ns 
32068      INFO  main            d.u.i.k.p.i.AbstractProblemLoader Creating init config 
34564      DEBUG main            d.u.i.k.p.i.AbstractProblemLoader Init config took 2.5s 
34584      INFO  main            d.u.i.k.p.i.AbstractProblemLoader Replaying proof empty_switch_array_out_of_bounds.key.proof 
34638      DEBUG main            d.u.i.k.p.i.IntermediateProofReplayer Proof replay took 50.56ms 
34639      DEBUG main            d.u.i.k.p.r.p.TestFile    ... success: reloaded. 
34641      INFO  main            d.u.i.k.p.r.p.TestFile    Now processing file /home/runner/work/key/key/key.core/../key.ui/examples/standard_key/java_dl/switch/empty_switch_array_out_of_bounds_catch.key 
34641      INFO  main            d.u.i.k.p.i.AbstractProblemLoader Loading environment from /home/runner/work/key/key/key.core/../key.ui/examples/standard_key/java_dl/switch/empty_switch_array_out_of_bounds_catch.key 
34641      DEBUG main            d.u.i.k.p.i.AbstractProblemLoader Environment load took 198.5ns 
34642      INFO  main            d.u.i.k.p.i.AbstractProblemLoader Creating init config 
37187      DEBUG main            d.u.i.k.p.i.AbstractProblemLoader Init config took 2.55s 
37210      INFO  main            d.u.i.k.p.i.AbstractProblemLoader Replaying proof empty_switch_array_out_of_bounds_catch.key 
37213      DEBUG main            d.u.i.k.p.i.IntermediateProofReplayer Proof replay took 7.2ns 
37417      INFO  main            d.u.i.k.p.r.p.TestFile    ... finished proof: closed. 
37625      INFO  main            d.u.i.k.p.i.AbstractProblemLoader Loading environment from /home/runner/work/key/key/key.core/../key.ui/examples/standard_key/java_dl/switch/empty_switch_array_out_of_bounds_catch.key.proof 
37625      DEBUG main            d.u.i.k.p.i.AbstractProblemLoader Environment load took 130.8ns 
37626      INFO  main            d.u.i.k.p.i.AbstractProblemLoader Creating init config 
40090      DEBUG main            d.u.i.k.p.i.AbstractProblemLoader Init config took 2.46s 
40111      INFO  main            d.u.i.k.p.i.AbstractProblemLoader Replaying proof empty_switch_array_out_of_bounds_catch.key.proof 
40150      DEBUG main            d.u.i.k.p.i.IntermediateProofReplayer Proof replay took 35.82ms 
40151      DEBUG main            d.u.i.k.p.r.p.TestFile    ... success: reloaded. 
40152      INFO  main            d.u.i.k.p.r.p.TestFile    Now processing file /home/runner/work/key/key/key.core/../key.ui/examples/standard_key/java_dl/switch/switch_in_switch.key 
40153      INFO  main            d.u.i.k.p.i.AbstractProblemLoader Loading environment from /home/runner/work/key/key/key.core/../key.ui/examples/standard_key/java_dl/switch/switch_in_switch.key 
40153      DEBUG main            d.u.i.k.p.i.AbstractProblemLoader Environment load took 205.31ns 
40154      INFO  main            d.u.i.k.p.i.AbstractProblemLoader Creating init config 
42763      DEBUG main            d.u.i.k.p.i.AbstractProblemLoader Init config took 2.61s 
42811      INFO  main            d.u.i.k.p.i.AbstractProblemLoader Replaying proof SwitchInSwitch[SwitchInSwitch::m(int)].JML normal_behavior operation contract.0 
42812      DEBUG main            d.u.i.k.p.i.IntermediateProofReplayer Proof replay took 7.6ns 
47381      INFO  main            d.u.i.k.p.r.p.TestFile    ... finished proof: closed. 
47603      INFO  main            d.u.i.k.p.i.AbstractProblemLoader Loading environment from /home/runner/work/key/key/key.core/../key.ui/examples/standard_key/java_dl/switch/switch_in_switch.key.proof 
47603      DEBUG main            d.u.i.k.p.i.AbstractProblemLoader Environment load took 211.31ns 
47605      INFO  main            d.u.i.k.p.i.AbstractProblemLoader Creating init config 
50139      DEBUG main            d.u.i.k.p.i.AbstractProblemLoader Init config took 2.53s 
50184      INFO  main            d.u.i.k.p.i.AbstractProblemLoader Replaying proof SwitchInSwitch[SwitchInSwitch::m(int)].JML normal_behavior operation contract.0 
50694      DEBUG main            d.u.i.k.p.i.IntermediateProofReplayer Proof replay took 480.75ms 
50696      DEBUG main            d.u.i.k.p.r.p.TestFile    ... success: reloaded. 
50697      INFO  main            d.u.i.k.p.r.p.TestFile    Now processing file /home/runner/work/key/key/key.core/../key.ui/examples/standard_key/java_dl/switch/while_and_switch.key 
50697      INFO  main            d.u.i.k.p.i.AbstractProblemLoader Loading environment from /home/runner/work/key/key/key.core/../key.ui/examples/standard_key/java_dl/switch/while_and_switch.key 
50698      DEBUG main            d.u.i.k.p.i.AbstractProblemLoader Environment load took 229.31ns 
50699      INFO  main            d.u.i.k.p.i.AbstractProblemLoader Creating init config 
53366      DEBUG main            d.u.i.k.p.i.AbstractProblemLoader Init config took 2.67s 
53409      INFO  main            d.u.i.k.p.i.AbstractProblemLoader Replaying proof WhileAndSwitch[WhileAndSwitch::m(int)].JML normal_behavior operation contract.0 
53412      DEBUG main            d.u.i.k.p.i.IntermediateProofReplayer Proof replay took 16.4ns 
54219      INFO  main            d.u.i.k.p.r.p.TestFile    ... finished proof: closed. 
54404      INFO  main            d.u.i.k.p.i.AbstractProblemLoader Loading environment from /home/runner/work/key/key/key.core/../key.ui/examples/standard_key/java_dl/switch/while_and_switch.key.proof 
54405      DEBUG main            d.u.i.k.p.i.AbstractProblemLoader Environment load took 382.51ns 
54406      INFO  main            d.u.i.k.p.i.AbstractProblemLoader Creating init config 
56958      DEBUG main            d.u.i.k.p.i.AbstractProblemLoader Init config took 2.55s 
57022      INFO  main            d.u.i.k.p.i.AbstractProblemLoader Replaying proof WhileAndSwitch[WhileAndSwitch::m(int)].JML normal_behavior operation contract.0 
57173      DEBUG main            d.u.i.k.p.i.IntermediateProofReplayer Proof replay took 144.3ms 
57175      DEBUG main            d.u.i.k.p.r.p.TestFile    ... success: reloaded. 
57178      INFO  main            d.u.i.k.p.r.p.TestFile    Now processing file /home/runner/work/key/key/key.core/../key.ui/examples/standard_key/java_dl/switch/large_switch.key 
57180      INFO  main            d.u.i.k.p.i.AbstractProblemLoader Loading environment from /home/runner/work/key/key/key.core/../key.ui/examples/standard_key/java_dl/switch/large_switch.key 
57180      DEBUG main            d.u.i.k.p.i.AbstractProblemLoader Environment load took 226.41ns 
57181      INFO  main            d.u.i.k.p.i.AbstractProblemLoader Creating init config 
59837      DEBUG main            d.u.i.k.p.i.AbstractProblemLoader Init config took 2.66s 
59886      INFO  main            d.u.i.k.p.i.AbstractProblemLoader Replaying proof LargeSwitch[LargeSwitch::m(int)].JML normal_behavior operation contract.0 
59888      DEBUG main            d.u.i.k.p.i.IntermediateProofReplayer Proof replay took 7.8ns 
61301      INFO  main            d.u.i.k.p.r.p.TestFile    ... finished proof: closed. 
61499      INFO  main            d.u.i.k.p.i.AbstractProblemLoader Loading environment from /home/runner/work/key/key/key.core/../key.ui/examples/standard_key/java_dl/switch/large_switch.key.proof 
61499      DEBUG main            d.u.i.k.p.i.AbstractProblemLoader Environment load took 391.31ns 
61501      INFO  main            d.u.i.k.p.i.AbstractProblemLoader Creating init config 
64065      DEBUG main            d.u.i.k.p.i.AbstractProblemLoader Init config took 2.56s 
64107      INFO  main            d.u.i.k.p.i.AbstractProblemLoader Replaying proof LargeSwitch[LargeSwitch::m(int)].JML normal_behavior operation contract.0 
64456      DEBUG main            d.u.i.k.p.i.IntermediateProofReplayer Proof replay took 334.04ms 
64458      DEBUG main            d.u.i.k.p.r.p.TestFile    ... success: reloaded. 
5296745    INFO  Test worker     d.u.i.k.p.r.RunAllProofsTestUnit Returning from test switch 
5296746    INFO  Test worker     d.u.i.k.p.r.RunAllProofsTestUnit Running test redux 
330        INFO  Timeout watchdog d.u.i.k.p.r.p.ForkedTestFileRunner Timeout watcher launched (2000 secs.) 
345        WARN  main            d.u.i.k.s.ProofSettings   The settings in /home/runner/.key/proof-settings.props are *not* read. 
372        INFO  main            d.u.i.k.p.r.p.TestFile    Now processing file /home/runner/work/key/key/key.core/../key.ui/examples/redux/arrays/Arrays.copyOf.key 
485        INFO  main            d.u.i.k.p.i.AbstractProblemLoader Loading environment from /home/runner/work/key/key/key.core/../key.ui/examples/redux/arrays/Arrays.copyOf.key 
501        DEBUG main            d.u.i.k.p.i.AbstractProblemLoader Environment load took 2.01ms 
712        INFO  main            d.u.i.k.p.i.AbstractProblemLoader Creating init config 
1391       DEBUG main            d.u.i.k.j.TypeConverter   No LDT found for Meta 
1391       DEBUG main            d.u.i.k.j.TypeConverter   No LDT found for Meta 
1392       DEBUG main            d.u.i.k.j.TypeConverter   No LDT found for Meta 
1392       DEBUG main            d.u.i.k.j.TypeConverter   No LDT found for Meta 
2607       DEBUG main            d.u.i.k.j.TypeConverter   No LDT found for JavaBigintExpression 
8281       DEBUG main            d.u.i.k.p.i.AbstractProblemLoader Init config took 7.57s 
8409       INFO  main            d.u.i.k.p.i.AbstractProblemLoader Replaying proof Arrays[Arrays::copyOf([I,int)].JML normal_behavior operation contract.0 
8442       DEBUG main            d.u.i.k.p.i.IntermediateProofReplayer Proof replay took 36.4ns 
14035      INFO  main            d.u.i.k.p.r.p.TestFile    ... finished proof: closed. 
14231      INFO  main            d.u.i.k.p.i.AbstractProblemLoader Loading environment from /home/runner/work/key/key/key.core/../key.ui/examples/redux/arrays/Arrays.copyOf.key.proof 
14233      DEBUG main            d.u.i.k.p.i.AbstractProblemLoader Environment load took 2.38ms 
14237      INFO  main            d.u.i.k.p.i.AbstractProblemLoader Creating init config 
17435      DEBUG main            d.u.i.k.p.i.AbstractProblemLoader Init config took 3.2s 
17516      INFO  main            d.u.i.k.p.i.AbstractProblemLoader Replaying proof Arrays[Arrays::copyOf([I,int)].JML normal_behavior operation contract.0 
18142      DEBUG main            d.u.i.k.p.i.IntermediateProofReplayer Proof replay took 587.58ms 
18153      DEBUG main            d.u.i.k.p.r.p.TestFile    ... success: reloaded. 
18158      INFO  main            d.u.i.k.p.r.p.TestFile    Now processing file /home/runner/work/key/key/key.core/../key.ui/examples/redux/arrays/Arrays.copyOf.float.key 
18159      INFO  main            d.u.i.k.p.i.AbstractProblemLoader Loading environment from /home/runner/work/key/key/key.core/../key.ui/examples/redux/arrays/Arrays.copyOf.float.key 
18159      DEBUG main            d.u.i.k.p.i.AbstractProblemLoader Environment load took 132.2ns 
18163      INFO  main            d.u.i.k.p.i.AbstractProblemLoader Creating init config 
21281      DEBUG main            d.u.i.k.p.i.AbstractProblemLoader Init config took 3.12s 
21335      INFO  main            d.u.i.k.p.i.AbstractProblemLoader Replaying proof Arrays[Arrays::copyOf([F,int)].JML normal_behavior operation contract.0 
21337      DEBUG main            d.u.i.k.p.i.IntermediateProofReplayer Proof replay took 7.2ns 
21363      DEBUG main            d.u.i.k.m.s.ProofScriptEngine 1: 'macro autopilot' 
26046      DEBUG main            d.u.i.k.m.s.ProofScriptEngine 2: 'smt solver=Z3' 
26118      INFO  main            d.u.i.k.m.s.SMTCommand    Finished run on goal 17 in 49ms, result is valid 
26118      DEBUG main            d.u.i.k.m.s.ProofScriptEngine 3: 'tryclose' 
27925      INFO  main            d.u.i.k.p.r.p.TestFile    ... finished proof: closed. 
28187      INFO  main            d.u.i.k.p.i.AbstractProblemLoader Loading environment from /home/runner/work/key/key/key.core/../key.ui/examples/redux/arrays/Arrays.copyOf.float.key.proof 
28187      DEBUG main            d.u.i.k.p.i.AbstractProblemLoader Environment load took 418.91ns 
28195      INFO  main            d.u.i.k.p.i.AbstractProblemLoader Creating init config 
31213      DEBUG main            d.u.i.k.p.i.AbstractProblemLoader Init config took 3.02s 
31272      INFO  main            d.u.i.k.p.i.AbstractProblemLoader Replaying proof Arrays[Arrays::copyOf([F,int)].JML normal_behavior operation contract.0 
31371      INFO  main            d.u.i.k.s.SMTFocusResults Analyzing unsat core: (L_6) 
32018      DEBUG main            d.u.i.k.p.i.IntermediateProofReplayer Proof replay took 718.34ms 
32020      DEBUG main            d.u.i.k.p.r.p.TestFile    ... success: reloaded. 
32021      INFO  main            d.u.i.k.p.r.p.TestFile    Now processing file /home/runner/work/key/key/key.core/../key.ui/examples/redux/arrays/Arrays.copyOfRange.key 
32021      INFO  main            d.u.i.k.p.i.AbstractProblemLoader Loading environment from /home/runner/work/key/key/key.core/../key.ui/examples/redux/arrays/Arrays.copyOfRange.key 
32022      DEBUG main            d.u.i.k.p.i.AbstractProblemLoader Environment load took 233.91ns 
32023      INFO  main            d.u.i.k.p.i.AbstractProblemLoader Creating init config 
35036      DEBUG main            d.u.i.k.p.i.AbstractProblemLoader Init config took 3.01s 
35081      INFO  main            d.u.i.k.p.i.AbstractProblemLoader Replaying proof Arrays[Arrays::copyOfRange([I,int,int)].JML normal_behavior operation contract.0 
35082      DEBUG main            d.u.i.k.p.i.IntermediateProofReplayer Proof replay took 5.7ns 
39751      INFO  main            d.u.i.k.p.r.p.TestFile    ... finished proof: closed. 
39986      INFO  main            d.u.i.k.p.i.AbstractProblemLoader Loading environment from /home/runner/work/key/key/key.core/../key.ui/examples/redux/arrays/Arrays.copyOfRange.key.proof 
39986      DEBUG main            d.u.i.k.p.i.AbstractProblemLoader Environment load took 185.6ns 
39988      INFO  main            d.u.i.k.p.i.AbstractProblemLoader Creating init config 
42856      DEBUG main            d.u.i.k.p.i.AbstractProblemLoader Init config took 2.87s 
42905      INFO  main            d.u.i.k.p.i.AbstractProblemLoader Replaying proof Arrays[Arrays::copyOfRange([I,int,int)].JML normal_behavior operation contract.0 
43444      DEBUG main            d.u.i.k.p.i.IntermediateProofReplayer Proof replay took 517.32ms 
43446      DEBUG main            d.u.i.k.p.r.p.TestFile    ... success: reloaded. 
43447      INFO  main            d.u.i.k.p.r.p.TestFile    Now processing file /home/runner/work/key/key/key.core/../key.ui/examples/redux/arrays/Arrays.copyOfRange.float.key 
43447      INFO  main            d.u.i.k.p.i.AbstractProblemLoader Loading environment from /home/runner/work/key/key/key.core/../key.ui/examples/redux/arrays/Arrays.copyOfRange.float.key 
43448      DEBUG main            d.u.i.k.p.i.AbstractProblemLoader Environment load took 185ns 
43448      INFO  main            d.u.i.k.p.i.AbstractProblemLoader Creating init config 
46370      DEBUG main            d.u.i.k.p.i.AbstractProblemLoader Init config took 2.92s 
46413      INFO  main            d.u.i.k.p.i.AbstractProblemLoader Replaying proof Arrays[Arrays::copyOfRange([F,int,int)].JML normal_behavior operation contract.0 
46418      DEBUG main            d.u.i.k.p.i.IntermediateProofReplayer Proof replay took 7.1ns 
46419      DEBUG main            d.u.i.k.m.s.ProofScriptEngine 1: 'macro autopilot' 
52667      DEBUG main            d.u.i.k.m.s.ProofScriptEngine 2: 'smt solver=Z3' 
52719      INFO  main            d.u.i.k.m.s.SMTCommand    Finished run on goal 27 in 46ms, result is valid 
52719      DEBUG main            d.u.i.k.m.s.ProofScriptEngine 3: 'tryclose' 
56382      INFO  main            d.u.i.k.p.r.p.TestFile    ... finished proof: closed. 
56598      INFO  main            d.u.i.k.p.i.AbstractProblemLoader Loading environment from /home/runner/work/key/key/key.core/../key.ui/examples/redux/arrays/Arrays.copyOfRange.float.key.proof 
56598      DEBUG main            d.u.i.k.p.i.AbstractProblemLoader Environment load took 384.61ns 
56601      INFO  main            d.u.i.k.p.i.AbstractProblemLoader Creating init config 
59463      DEBUG main            d.u.i.k.p.i.AbstractProblemLoader Init config took 2.86s 
59505      INFO  main            d.u.i.k.p.i.AbstractProblemLoader Replaying proof Arrays[Arrays::copyOfRange([F,int,int)].JML normal_behavior operation contract.0 
59579      INFO  main            d.u.i.k.s.SMTFocusResults Analyzing unsat core: (L_8) 
60515      DEBUG main            d.u.i.k.p.i.IntermediateProofReplayer Proof replay took 985.15ms 
60517      DEBUG main            d.u.i.k.p.r.p.TestFile    ... success: reloaded. 
60518      INFO  main            d.u.i.k.p.r.p.TestFile    Now processing file /home/runner/work/key/key/key.core/../key.ui/examples/redux/arrays/Arrays.equals.key 
60518      INFO  main            d.u.i.k.p.i.AbstractProblemLoader Loading environment from /home/runner/work/key/key/key.core/../key.ui/examples/redux/arrays/Arrays.equals.key 
60519      DEBUG main            d.u.i.k.p.i.AbstractProblemLoader Environment load took 185ns 
60519      INFO  main            d.u.i.k.p.i.AbstractProblemLoader Creating init config 
63483      DEBUG main            d.u.i.k.p.i.AbstractProblemLoader Init config took 2.96s 
63524      INFO  main            d.u.i.k.p.i.AbstractProblemLoader Replaying proof Arrays[Arrays::equals([B,[B)].JML normal_behavior operation contract.0 
63525      DEBUG main            d.u.i.k.p.i.IntermediateProofReplayer Proof replay took 6.9ns 
64061      INFO  main            d.u.i.k.p.r.p.TestFile    ... finished proof: closed. 
64295      INFO  main            d.u.i.k.p.i.AbstractProblemLoader Loading environment from /home/runner/work/key/key/key.core/../key.ui/examples/redux/arrays/Arrays.equals.key.proof 
64295      DEBUG main            d.u.i.k.p.i.AbstractProblemLoader Environment load took 390.61ns 
64297      INFO  main            d.u.i.k.p.i.AbstractProblemLoader Creating init config 
67151      DEBUG main            d.u.i.k.p.i.AbstractProblemLoader Init config took 2.85s 
67201      INFO  main            d.u.i.k.p.i.AbstractProblemLoader Replaying proof Arrays[Arrays::equals([B,[B)].JML normal_behavior operation contract.0 
67349      DEBUG main            d.u.i.k.p.i.IntermediateProofReplayer Proof replay took 144.13ms 
67350      DEBUG main            d.u.i.k.p.r.p.TestFile    ... success: reloaded. 
67351      INFO  main            d.u.i.k.p.r.p.TestFile    Now processing file /home/runner/work/key/key/key.core/../key.ui/examples/redux/arrays/Arrays.fill.key 
67351      INFO  main            d.u.i.k.p.i.AbstractProblemLoader Loading environment from /home/runner/work/key/key/key.core/../key.ui/examples/redux/arrays/Arrays.fill.key 
67351      DEBUG main            d.u.i.k.p.i.AbstractProblemLoader Environment load took 185.4ns 
67352      INFO  main            d.u.i.k.p.i.AbstractProblemLoader Creating init config 
70193      DEBUG main            d.u.i.k.p.i.AbstractProblemLoader Init config took 2.84s 
70231      INFO  main            d.u.i.k.p.i.AbstractProblemLoader Replaying proof Arrays[Arrays::fill([I,int)].JML normal_behavior operation contract.0 
70232      DEBUG main            d.u.i.k.p.i.IntermediateProofReplayer Proof replay took 8.3ns 
70434      INFO  main            d.u.i.k.p.r.p.TestFile    ... finished proof: closed. 
70594      INFO  main            d.u.i.k.p.i.AbstractProblemLoader Loading environment from /home/runner/work/key/key/key.core/../key.ui/examples/redux/arrays/Arrays.fill.key.proof 
70594      DEBUG main            d.u.i.k.p.i.AbstractProblemLoader Environment load took 128.7ns 
70595      INFO  main            d.u.i.k.p.i.AbstractProblemLoader Creating init config 
73394      DEBUG main            d.u.i.k.p.i.AbstractProblemLoader Init config took 2.8s 
73432      INFO  main            d.u.i.k.p.i.AbstractProblemLoader Replaying proof Arrays[Arrays::fill([I,int)].JML normal_behavior operation contract.0 
73467      DEBUG main            d.u.i.k.p.i.IntermediateProofReplayer Proof replay took 32.17ms 
73468      DEBUG main            d.u.i.k.p.r.p.TestFile    ... success: reloaded. 
73469      INFO  main            d.u.i.k.p.r.p.TestFile    Now processing file /home/runner/work/key/key/key.core/../key.ui/examples/redux/arrays/Arrays.fill.float.key 
73469      INFO  main            d.u.i.k.p.i.AbstractProblemLoader Loading environment from /home/runner/work/key/key/key.core/../key.ui/examples/redux/arrays/Arrays.fill.float.key 
73469      DEBUG main            d.u.i.k.p.i.AbstractProblemLoader Environment load took 179.5ns 
73470      INFO  main            d.u.i.k.p.i.AbstractProblemLoader Creating init config 
76321      DEBUG main            d.u.i.k.p.i.AbstractProblemLoader Init config took 2.85s 
76358      INFO  main            d.u.i.k.p.i.AbstractProblemLoader Replaying proof Arrays[Arrays::fill([F,float)].JML normal_behavior operation contract.0 
76359      DEBUG main            d.u.i.k.p.i.IntermediateProofReplayer Proof replay took 7.5ns 
76564      INFO  main            d.u.i.k.p.r.p.TestFile    ... finished proof: closed. 
76763      INFO  main            d.u.i.k.p.i.AbstractProblemLoader Loading environment from /home/runner/work/key/key/key.core/../key.ui/examples/redux/arrays/Arrays.fill.float.key.proof 
76763      DEBUG main            d.u.i.k.p.i.AbstractProblemLoader Environment load took 129.2ns 
76764      INFO  main            d.u.i.k.p.i.AbstractProblemLoader Creating init config 
79558      DEBUG main            d.u.i.k.p.i.AbstractProblemLoader Init config took 2.79s 
79599      INFO  main            d.u.i.k.p.i.AbstractProblemLoader Replaying proof Arrays[Arrays::fill([F,float)].JML normal_behavior operation contract.0 
79648      DEBUG main            d.u.i.k.p.i.IntermediateProofReplayer Proof replay took 46.14ms 
79650      DEBUG main            d.u.i.k.p.r.p.TestFile    ... success: reloaded. 
79651      INFO  main            d.u.i.k.p.r.p.TestFile    Now processing file /home/runner/work/key/key/key.core/../key.ui/examples/redux/arrays/Arrays.fillFromTo.key 
79651      INFO  main            d.u.i.k.p.i.AbstractProblemLoader Loading environment from /home/runner/work/key/key/key.core/../key.ui/examples/redux/arrays/Arrays.fillFromTo.key 
79651      DEBUG main            d.u.i.k.p.i.AbstractProblemLoader Environment load took 189.1ns 
79652      INFO  main            d.u.i.k.p.i.AbstractProblemLoader Creating init config 
82502      DEBUG main            d.u.i.k.p.i.AbstractProblemLoader Init config took 2.85s 
82538      INFO  main            d.u.i.k.p.i.AbstractProblemLoader Replaying proof Arrays[Arrays::fill([I,int,int,int)].JML normal_behavior operation contract.0 
82540      DEBUG main            d.u.i.k.p.i.IntermediateProofReplayer Proof replay took 6.4ns 
83145      INFO  main            d.u.i.k.p.r.p.TestFile    ... finished proof: closed. 
83397      INFO  main            d.u.i.k.p.i.AbstractProblemLoader Loading environment from /home/runner/work/key/key/key.core/../key.ui/examples/redux/arrays/Arrays.fillFromTo.key.proof 
83398      DEBUG main            d.u.i.k.p.i.AbstractProblemLoader Environment load took 496.81ns 
83399      INFO  main            d.u.i.k.p.i.AbstractProblemLoader Creating init config 
86212      DEBUG main            d.u.i.k.p.i.AbstractProblemLoader Init config took 2.81s 
86273      INFO  main            d.u.i.k.p.i.AbstractProblemLoader Replaying proof Arrays[Arrays::fill([I,int,int,int)].JML normal_behavior operation contract.0 
86400      DEBUG main            d.u.i.k.p.i.IntermediateProofReplayer Proof replay took 121.66ms 
86401      DEBUG main            d.u.i.k.p.r.p.TestFile    ... success: reloaded. 
86402      INFO  main            d.u.i.k.p.r.p.TestFile    Now processing file /home/runner/work/key/key/key.core/../key.ui/examples/redux/arrays/Arrays.fillFromTo.float.key 
86402      INFO  main            d.u.i.k.p.i.AbstractProblemLoader Loading environment from /home/runner/work/key/key/key.core/../key.ui/examples/redux/arrays/Arrays.fillFromTo.float.key 
86403      DEBUG main            d.u.i.k.p.i.AbstractProblemLoader Environment load took 202.71ns 
86404      INFO  main            d.u.i.k.p.i.AbstractProblemLoader Creating init config 
89236      DEBUG main            d.u.i.k.p.i.AbstractProblemLoader Init config took 2.83s 
89272      INFO  main            d.u.i.k.p.i.AbstractProblemLoader Replaying proof Arrays[Arrays::fill([F,int,int,float)].JML normal_behavior operation contract.0 
89273      DEBUG main            d.u.i.k.p.i.IntermediateProofReplayer Proof replay took 7.8ns 
90001      INFO  main            d.u.i.k.p.r.p.TestFile    ... finished proof: closed. 
90292      INFO  main            d.u.i.k.p.i.AbstractProblemLoader Loading environment from /home/runner/work/key/key/key.core/../key.ui/examples/redux/arrays/Arrays.fillFromTo.float.key.proof 
90292      DEBUG main            d.u.i.k.p.i.AbstractProblemLoader Environment load took 425.41ns 
90294      INFO  main            d.u.i.k.p.i.AbstractProblemLoader Creating init config 
93071      DEBUG main            d.u.i.k.p.i.AbstractProblemLoader Init config took 2.78s 
93107      INFO  main            d.u.i.k.p.i.AbstractProblemLoader Replaying proof Arrays[Arrays::fill([F,int,int,float)].JML normal_behavior operation contract.0 
93277      DEBUG main            d.u.i.k.p.i.IntermediateProofReplayer Proof replay took 166.03ms 
93279      DEBUG main            d.u.i.k.p.r.p.TestFile    ... success: reloaded. 
93279      INFO  main            d.u.i.k.p.r.p.TestFile    Now processing file /home/runner/work/key/key/key.core/../key.ui/examples/redux/arrays/ArrayCopy.arraycopy.normal.0.key 
93280      INFO  main            d.u.i.k.p.i.AbstractProblemLoader Loading environment from /home/runner/work/key/key/key.core/../key.ui/examples/redux/arrays/ArrayCopy.arraycopy.normal.0.key 
93280      DEBUG main            d.u.i.k.p.i.AbstractProblemLoader Environment load took 181.9ns 
93281      INFO  main            d.u.i.k.p.i.AbstractProblemLoader Creating init config 
96109      DEBUG main            d.u.i.k.p.i.AbstractProblemLoader Init config took 2.83s 
96144      INFO  main            d.u.i.k.p.i.AbstractProblemLoader Replaying proof ArrayCopy[ArrayCopy::arraycopy(java.lang.Object,int,java.lang.Object,int,int)].JML normal_behavior operation contract.0 
96145      DEBUG main            d.u.i.k.p.i.IntermediateProofReplayer Proof replay took 6.5ns 
102698     INFO  main            d.u.i.k.p.r.p.TestFile    ... finished proof: closed. 
102938     INFO  main            d.u.i.k.p.i.AbstractProblemLoader Loading environment from /home/runner/work/key/key/key.core/../key.ui/examples/redux/arrays/ArrayCopy.arraycopy.normal.0.key.proof 
102938     DEBUG main            d.u.i.k.p.i.AbstractProblemLoader Environment load took 140.9ns 
102940     INFO  main            d.u.i.k.p.i.AbstractProblemLoader Creating init config 
105722     DEBUG main            d.u.i.k.p.i.AbstractProblemLoader Init config took 2.78s 
105757     INFO  main            d.u.i.k.p.i.AbstractProblemLoader Replaying proof ArrayCopy[ArrayCopy::arraycopy(java.lang.Object,int,java.lang.Object,int,int)].JML normal_behavior operation contract.0 
106697     DEBUG main            d.u.i.k.p.i.IntermediateProofReplayer Proof replay took 924.14ms 
106699     DEBUG main            d.u.i.k.p.r.p.TestFile    ... success: reloaded. 
106700     INFO  main            d.u.i.k.p.r.p.TestFile    Now processing file /home/runner/work/key/key/key.core/../key.ui/examples/redux/arrays/ArrayCopy.arraycopy.exceptional.0.key 
106700     INFO  main            d.u.i.k.p.i.AbstractProblemLoader Loading environment from /home/runner/work/key/key/key.core/../key.ui/examples/redux/arrays/ArrayCopy.arraycopy.exceptional.0.key 
106700     DEBUG main            d.u.i.k.p.i.AbstractProblemLoader Environment load took 234.6ns 
106701     INFO  main            d.u.i.k.p.i.AbstractProblemLoader Creating init config 
109568     DEBUG main            d.u.i.k.p.i.AbstractProblemLoader Init config took 2.87s 
109603     INFO  main            d.u.i.k.p.i.AbstractProblemLoader Replaying proof ArrayCopy[ArrayCopy::arraycopy(java.lang.Object,int,java.lang.Object,int,int)].JML exceptional_behavior operation contract.0 
109604     DEBUG main            d.u.i.k.p.i.IntermediateProofReplayer Proof replay took 6.2ns 
110008     INFO  main            d.u.i.k.p.r.p.TestFile    ... finished proof: closed. 
110221     INFO  main            d.u.i.k.p.i.AbstractProblemLoader Loading environment from /home/runner/work/key/key/key.core/../key.ui/examples/redux/arrays/ArrayCopy.arraycopy.exceptional.0.key.proof 
110221     DEBUG main            d.u.i.k.p.i.AbstractProblemLoader Environment load took 132.4ns 
110224     INFO  main            d.u.i.k.p.i.AbstractProblemLoader Creating init config 
113028     DEBUG main            d.u.i.k.p.i.AbstractProblemLoader Init config took 2.8s 
113066     INFO  main            d.u.i.k.p.i.AbstractProblemLoader Replaying proof ArrayCopy[ArrayCopy::arraycopy(java.lang.Object,int,java.lang.Object,int,int)].JML exceptional_behavior operation contract.0 
113184     DEBUG main            d.u.i.k.p.i.IntermediateProofReplayer Proof replay took 113.54ms 
113185     DEBUG main            d.u.i.k.p.r.p.TestFile    ... success: reloaded. 
113187     INFO  main            d.u.i.k.p.r.p.TestFile    Now processing file /home/runner/work/key/key/key.core/../key.ui/examples/redux/arrays/ArrayCopy.arraycopy.exceptional.1.key 
113188     INFO  main            d.u.i.k.p.i.AbstractProblemLoader Loading environment from /home/runner/work/key/key/key.core/../key.ui/examples/redux/arrays/ArrayCopy.arraycopy.exceptional.1.key 
113188     DEBUG main            d.u.i.k.p.i.AbstractProblemLoader Environment load took 194ns 
113189     INFO  main            d.u.i.k.p.i.AbstractProblemLoader Creating init config 
116039     DEBUG main            d.u.i.k.p.i.AbstractProblemLoader Init config took 2.85s 
116074     INFO  main            d.u.i.k.p.i.AbstractProblemLoader Replaying proof ArrayCopy[ArrayCopy::arraycopy(java.lang.Object,int,java.lang.Object,int,int)].JML exceptional_behavior operation contract.1 
116075     DEBUG main            d.u.i.k.p.i.IntermediateProofReplayer Proof replay took 6.8ns 
122452     INFO  main            d.u.i.k.p.r.p.TestFile    ... finished proof: closed. 
122697     INFO  main            d.u.i.k.p.i.AbstractProblemLoader Loading environment from /home/runner/work/key/key/key.core/../key.ui/examples/redux/arrays/ArrayCopy.arraycopy.exceptional.1.key.proof 
122697     DEBUG main            d.u.i.k.p.i.AbstractProblemLoader Environment load took 393.71ns 
122699     INFO  main            d.u.i.k.p.i.AbstractProblemLoader Creating init config 
125452     DEBUG main            d.u.i.k.p.i.AbstractProblemLoader Init config took 2.75s 
125488     INFO  main            d.u.i.k.p.i.AbstractProblemLoader Replaying proof ArrayCopy[ArrayCopy::arraycopy(java.lang.Object,int,java.lang.Object,int,int)].JML exceptional_behavior operation contract.1 
127086     DEBUG main            d.u.i.k.p.i.IntermediateProofReplayer Proof replay took 1.58s 
127088     DEBUG main            d.u.i.k.p.r.p.TestFile    ... success: reloaded. 
5424001    INFO  Test worker     d.u.i.k.p.r.RunAllProofsTestUnit Returning from test redux 
]]></system-out>
  <system-err><![CDATA[]]></system-err>
</testsuite>
