<?xml version="1.0" encoding="UTF-8"?>
<testsuite name="de.uka.ilkd.key.rule.loop.LoopScopeInvRuleTests" tests="1" skipped="0" failures="0" errors="0" timestamp="2023-04-20T23:49:47" hostname="fv-az790-985" time="5.069">
  <properties/>
  <testcase name="testDoAutomaticProofOfBenchmarkWithLabeledBreaksAndContinues()" classname="de.uka.ilkd.key.rule.loop.LoopScopeInvRuleTests" time="5.069"/>
  <system-out><![CDATA[497699     INFO  Test worker     d.u.i.k.p.i.AbstractProblemLoader Loading environment from src/test/resources/testcase/loopScopeInvRule/Test.key 
497699     DEBUG Test worker     d.u.i.k.p.i.AbstractProblemLoader Environment load took 427.12ns 
497700     INFO  Test worker     d.u.i.k.p.i.AbstractProblemLoader Creating init config 
497875     DEBUG Test worker     d.u.i.k.j.TypeConverter   No LDT found for Meta 
497876     DEBUG Test worker     d.u.i.k.j.TypeConverter   No LDT found for Meta 
497876     DEBUG Test worker     d.u.i.k.j.TypeConverter   No LDT found for Meta 
497877     DEBUG Test worker     d.u.i.k.j.TypeConverter   No LDT found for Meta 
498473     DEBUG Test worker     d.u.i.k.j.TypeConverter   No LDT found for JavaBigintExpression 
502127     DEBUG Test worker     d.u.i.k.p.i.AbstractProblemLoader Init config took 4.43s 
502171     INFO  Test worker     d.u.i.k.p.i.AbstractProblemLoader Replaying proof Test[Test::loopScopeRuleBenchmark(int,boolean)].JML normal_behavior operation contract.0 
502173     DEBUG Test worker     d.u.i.k.p.i.IntermediateProofReplayer Proof replay took 38.7ns 
]]></system-out>
  <system-err><![CDATA[]]></system-err>
</testsuite>
