<?xml version="1.0" encoding="UTF-8"?>
<testsuite name="de.uka.ilkd.key.proof.io.TestZipProofSaving" tests="1" skipped="0" failures="0" errors="0" timestamp="2023-04-20T23:49:25" hostname="fv-az790-985" time="7.918">
  <properties/>
  <testcase name="testZip()" classname="de.uka.ilkd.key.proof.io.TestZipProofSaving" time="7.918"/>
  <system-out><![CDATA[475694     INFO  Test worker     d.u.i.k.p.i.AbstractProblemLoader Loading environment from /tmp/keyZipTest9476883400024255140.key 
475694     DEBUG Test worker     d.u.i.k.p.i.AbstractProblemLoader Environment load took 91.6ns 
475695     INFO  Test worker     d.u.i.k.p.i.AbstractProblemLoader Creating init config 
475831     DEBUG Test worker     d.u.i.k.j.TypeConverter   No LDT found for Meta 
475831     DEBUG Test worker     d.u.i.k.j.TypeConverter   No LDT found for Meta 
475832     DEBUG Test worker     d.u.i.k.j.TypeConverter   No LDT found for Meta 
475832     DEBUG Test worker     d.u.i.k.j.TypeConverter   No LDT found for Meta 
476389     DEBUG Test worker     d.u.i.k.j.TypeConverter   No LDT found for JavaBigintExpression 
480314     DEBUG Test worker     d.u.i.k.p.i.AbstractProblemLoader Init config took 4.62s 
480334     INFO  Test worker     d.u.i.k.p.i.AbstractProblemLoader Replaying proof keyZipTest9476883400024255140.key 
480336     DEBUG Test worker     d.u.i.k.p.i.IntermediateProofReplayer Proof replay took 7.7ns 
480443     INFO  Test worker     d.u.i.k.p.i.AbstractProblemLoader Loading environment from /tmp/keyZipTest9325465493699224357.proof.gz 
480444     DEBUG Test worker     d.u.i.k.p.i.AbstractProblemLoader Environment load took 705.53ns 
480446     INFO  Test worker     d.u.i.k.p.i.AbstractProblemLoader Creating init config 
483484     DEBUG Test worker     d.u.i.k.p.i.AbstractProblemLoader Init config took 3.04s 
483500     INFO  Test worker     d.u.i.k.p.i.AbstractProblemLoader Replaying proof keyZipTest9325465493699224357.proof.gz 
483506     DEBUG Test worker     d.u.i.k.p.i.IntermediateProofReplayer Proof replay took 3.93ms 
]]></system-out>
  <system-err><![CDATA[]]></system-err>
</testsuite>
