<?xml version="1.0" encoding="UTF-8"?>
<testsuite name="de.uka.ilkd.key.parser.TestTacletParser" tests="20" skipped="0" failures="0" errors="0" timestamp="2023-04-20T23:47:03" hostname="fv-az790-985" time="0.093">
  <properties/>
  <testcase name="testAllRight()" classname="de.uka.ilkd.key.parser.TestTacletParser" time="0.002"/>
  <testcase name="testSchemaJava0()" classname="de.uka.ilkd.key.parser.TestTacletParser" time="0.001"/>
  <testcase name="testSchemaJava1()" classname="de.uka.ilkd.key.parser.TestTacletParser" time="0.005"/>
  <testcase name="testSchemaJava2()" classname="de.uka.ilkd.key.parser.TestTacletParser" time="0.006"/>
  <testcase name="testSchemaJava4()" classname="de.uka.ilkd.key.parser.TestTacletParser" time="0.002"/>
  <testcase name="testSchemaJava6()" classname="de.uka.ilkd.key.parser.TestTacletParser" time="0.007"/>
  <testcase name="testSchemaJava8()" classname="de.uka.ilkd.key.parser.TestTacletParser" time="0.001"/>
  <testcase name="testCut()" classname="de.uka.ilkd.key.parser.TestTacletParser" time="0.001"/>
  <testcase name="testMakeInsertEq()" classname="de.uka.ilkd.key.parser.TestTacletParser" time="0.002"/>
  <testcase name="testAllLeft()" classname="de.uka.ilkd.key.parser.TestTacletParser" time="0.007"/>
  <testcase name="testClose()" classname="de.uka.ilkd.key.parser.TestTacletParser" time="0.001"/>
  <testcase name="testSchemaJava10()" classname="de.uka.ilkd.key.parser.TestTacletParser" time="0.002"/>
  <testcase name="testSchemaJava11()" classname="de.uka.ilkd.key.parser.TestTacletParser" time="0.017"/>
  <testcase name="testFIdempotent()" classname="de.uka.ilkd.key.parser.TestTacletParser" time="0.001"/>
  <testcase name="testImpRight()" classname="de.uka.ilkd.key.parser.TestTacletParser" time="0.011"/>
  <testcase name="testVarcondNew()" classname="de.uka.ilkd.key.parser.TestTacletParser" time="0.003"/>
  <testcase name="testFreeReplacewithVariables()" classname="de.uka.ilkd.key.parser.TestTacletParser" time="0.01"/>
  <testcase name="testImpLeft()" classname="de.uka.ilkd.key.parser.TestTacletParser" time="0.001"/>
  <testcase name="testContraposition()" classname="de.uka.ilkd.key.parser.TestTacletParser" time="0.001"/>
  <testcase name="testExConjSplit()" classname="de.uka.ilkd.key.parser.TestTacletParser" time="0.002"/>
  <system-out><![CDATA[333694     INFO  Test worker     d.u.i.k.n.KeyIO           Parsing took 0 ms 
333694     DEBUG Test worker     d.u.i.k.n.KeyIO           Load declarations of de.uka.ilkd.key.nparser.KeyAst$File:  <unknown>:1#1 
333694     INFO  Test worker     d.u.i.k.n.KeyIO           MODE: declarations took 0 ms 
333694     DEBUG Test worker     d.u.i.k.n.KeyIO           MODE: 2nd degree decls took 0 
333695     DEBUG Test worker     d.u.i.k.n.KeyIO           MODE: taclets took 1ms 
333695     INFO  Test worker     d.u.i.k.n.KeyIO           Parsing took 0 ms 
333695     DEBUG Test worker     d.u.i.k.n.KeyIO           Load declarations of de.uka.ilkd.key.nparser.KeyAst$File:  <unknown>:2#1 
333695     INFO  Test worker     d.u.i.k.n.KeyIO           MODE: declarations took 0 ms 
333695     DEBUG Test worker     d.u.i.k.n.KeyIO           MODE: 2nd degree decls took 0 
333696     DEBUG Test worker     d.u.i.k.n.KeyIO           MODE: taclets took 0ms 
333696     INFO  Test worker     d.u.i.k.n.KeyIO           Parsing took 0 ms 
333696     DEBUG Test worker     d.u.i.k.n.KeyIO           Load declarations of de.uka.ilkd.key.nparser.KeyAst$File:  <unknown>:1#1 
333696     INFO  Test worker     d.u.i.k.n.KeyIO           MODE: declarations took 0 ms 
333696     DEBUG Test worker     d.u.i.k.n.KeyIO           MODE: 2nd degree decls took 0 
333697     DEBUG Test worker     d.u.i.k.n.KeyIO           MODE: taclets took 0ms 
333697     INFO  Test worker     d.u.i.k.n.KeyIO           Parsing took 0 ms 
333697     DEBUG Test worker     d.u.i.k.n.KeyIO           Load declarations of de.uka.ilkd.key.nparser.KeyAst$File:  <unknown>:2#1 
333697     INFO  Test worker     d.u.i.k.n.KeyIO           MODE: declarations took 0 ms 
333697     DEBUG Test worker     d.u.i.k.n.KeyIO           MODE: 2nd degree decls took 0 
333698     DEBUG Test worker     d.u.i.k.n.KeyIO           MODE: taclets took 1ms 
333698     INFO  Test worker     d.u.i.k.n.KeyIO           Parsing took 0 ms 
333698     DEBUG Test worker     d.u.i.k.n.KeyIO           Load declarations of de.uka.ilkd.key.nparser.KeyAst$File:  <unknown>:1#1 
333698     INFO  Test worker     d.u.i.k.n.KeyIO           MODE: declarations took 0 ms 
333698     DEBUG Test worker     d.u.i.k.n.KeyIO           MODE: 2nd degree decls took 0 
333699     DEBUG Test worker     d.u.i.k.n.KeyIO           MODE: taclets took 0ms 
333700     WARN  Test worker     d.u.i.k.n.KeYParser       [syntax-error] <unknown>:2:21: extraneous input '<' expecting {MODALITY, FORALL, EXISTS, '\if', '\ifEx', 'true', 'false', '(', ')', '{', '@', NOT, '-', STRING_LITERAL, CHAR_LITERAL, BIN_LITERAL, HEX_LITERAL, IDENT, INT_LITERAL, FLOAT_LITERAL, DOUBLE_LITERAL, REAL_LITERAL} [@12,22:22='<',<173>,2:21] (argument_list, call, accessterm, primitive_term, primitive_labeled_term, bracket_term, atom_prefix, strong_arith_term_2, strong_arith_term_1, weak_arith_term, comparison_term, equality_term, term60, conjunction_term, disjunction_term, implication_term, equivalence_term, elementary_update_term, parallel_term, term, taclet, rulesOrAxioms, decls, file) 
333702     WARN  Test worker     d.u.i.k.n.KeYParser       [syntax-error] <unknown>:2:23: no viable alternative at input '{..' [@14,24:25='..',<144>,2:23] (atom_prefix, strong_arith_term_2, strong_arith_term_1, weak_arith_term, comparison_term, equality_term, term60, conjunction_term, disjunction_term, implication_term, equivalence_term, elementary_update_term, parallel_term, term, argument_list, call, accessterm, primitive_term, primitive_labeled_term, bracket_term, atom_prefix, strong_arith_term_2, strong_arith_term_1, weak_arith_term, comparison_term, equality_term, term60, conjunction_term, disjunction_term, implication_term, equivalence_term, elementary_update_term, parallel_term, term, taclet, rulesOrAxioms, decls, file) 
333703     WARN  Test worker     d.u.i.k.n.KeYParser       [syntax-error] <unknown>:2:33: mismatched input ';' expecting {',', ')'} [@21,34:34=';',<138>,2:33] (argument_list, call, accessterm, primitive_term, primitive_labeled_term, bracket_term, atom_prefix, strong_arith_term_2, strong_arith_term_1, weak_arith_term, comparison_term, equality_term, term60, conjunction_term, disjunction_term, implication_term, equivalence_term, elementary_update_term, parallel_term, term, taclet, rulesOrAxioms, decls, file) 
333703     WARN  Test worker     d.u.i.k.n.KeYParser       [syntax-error] <unknown>:2:41: no viable alternative at input '#i;' [@26,42:42=';',<138>,2:41] (option_list, taclet, rulesOrAxioms, decls, file) 
333703     WARN  Test worker     d.u.i.k.n.KeYParser       [syntax-error] <unknown>:2:43: mismatched input '<' expecting {'(', '{'} [@28,44:44='<',<173>,2:43] (taclet, rulesOrAxioms, decls, file) 
333703     WARN  Test worker     d.u.i.k.n.KeYParser       [syntax-error] <unknown>:2:47: mismatched input '+' expecting {'(', '{'} [@32,48:48='+',<167>,2:47] (taclet, rulesOrAxioms, decls, file) 
333704     WARN  Test worker     d.u.i.k.n.KeYParser       [syntax-error] <unknown>:2:52: extraneous input '..' expecting {'\lemma', '}', IDENT, '/*!'} [@37,53:54='..',<144>,2:52] (rulesOrAxioms, decls, file) 
333704     WARN  Test worker     d.u.i.k.n.KeYParser       [syntax-error] <unknown>:2:56: mismatched input '>' expecting {<EOF>, '\problem', '\chooseContract', '\proofObligation', '\proof'} [@40,57:57='>',<168>,2:56] (file) 
333705     INFO  Test worker     d.u.i.k.n.KeyIO           Parsing took 1 ms 
333705     DEBUG Test worker     d.u.i.k.n.KeyIO           Load declarations of de.uka.ilkd.key.nparser.KeyAst$File:  <unknown>:1#1 
333705     INFO  Test worker     d.u.i.k.n.KeyIO           MODE: declarations took 0 ms 
333705     DEBUG Test worker     d.u.i.k.n.KeyIO           MODE: 2nd degree decls took 0 
333705     DEBUG Test worker     d.u.i.k.n.KeyIO           MODE: taclets took 0ms 
333705     WARN  Test worker     d.u.i.k.n.KeYParser       [syntax-error] <unknown>:2:21: extraneous input '<' expecting {MODALITY, FORALL, EXISTS, '\if', '\ifEx', 'true', 'false', '(', ')', '{', '@', NOT, '-', STRING_LITERAL, CHAR_LITERAL, BIN_LITERAL, HEX_LITERAL, IDENT, INT_LITERAL, FLOAT_LITERAL, DOUBLE_LITERAL, REAL_LITERAL} [@12,22:22='<',<173>,2:21] (argument_list, call, accessterm, primitive_term, primitive_labeled_term, bracket_term, atom_prefix, strong_arith_term_2, strong_arith_term_1, weak_arith_term, comparison_term, equality_term, term60, conjunction_term, disjunction_term, implication_term, equivalence_term, elementary_update_term, parallel_term, term, taclet, rulesOrAxioms, decls, file) 
333706     WARN  Test worker     d.u.i.k.n.KeYParser       [syntax-error] <unknown>:2:23: no viable alternative at input '{..' [@14,24:25='..',<144>,2:23] (atom_prefix, strong_arith_term_2, strong_arith_term_1, weak_arith_term, comparison_term, equality_term, term60, conjunction_term, disjunction_term, implication_term, equivalence_term, elementary_update_term, parallel_term, term, argument_list, call, accessterm, primitive_term, primitive_labeled_term, bracket_term, atom_prefix, strong_arith_term_2, strong_arith_term_1, weak_arith_term, comparison_term, equality_term, term60, conjunction_term, disjunction_term, implication_term, equivalence_term, elementary_update_term, parallel_term, term, taclet, rulesOrAxioms, decls, file) 
333706     WARN  Test worker     d.u.i.k.n.KeYParser       [syntax-error] <unknown>:2:33: mismatched input ';' expecting {',', ')'} [@21,34:34=';',<138>,2:33] (argument_list, call, accessterm, primitive_term, primitive_labeled_term, bracket_term, atom_prefix, strong_arith_term_2, strong_arith_term_1, weak_arith_term, comparison_term, equality_term, term60, conjunction_term, disjunction_term, implication_term, equivalence_term, elementary_update_term, parallel_term, term, taclet, rulesOrAxioms, decls, file) 
333706     WARN  Test worker     d.u.i.k.n.KeYParser       [syntax-error] <unknown>:2:43: no viable alternative at input '#lab;' [@26,44:44=';',<138>,2:43] (option_list, taclet, rulesOrAxioms, decls, file) 
333707     WARN  Test worker     d.u.i.k.n.KeYParser       [syntax-error] <unknown>:2:45: mismatched input '<' expecting {'(', '{'} [@28,46:46='<',<173>,2:45] (taclet, rulesOrAxioms, decls, file) 
333711     WARN  Test worker     d.u.i.k.n.KeYParser       [syntax-error] <unknown>:2:50: mismatched input '+' expecting {'(', '{'} [@32,51:51='+',<167>,2:50] (taclet, rulesOrAxioms, decls, file) 
333711     WARN  Test worker     d.u.i.k.n.KeYParser       [syntax-error] <unknown>:2:56: extraneous input '..' expecting {'\lemma', '}', IDENT, '/*!'} [@38,57:58='..',<144>,2:56] (rulesOrAxioms, decls, file) 
333711     WARN  Test worker     d.u.i.k.n.KeYParser       [syntax-error] <unknown>:2:60: mismatched input '>' expecting {<EOF>, '\problem', '\chooseContract', '\proofObligation', '\proof'} [@41,61:61='>',<168>,2:60] (file) 
333712     INFO  Test worker     d.u.i.k.n.KeyIO           Parsing took 1 ms 
333712     DEBUG Test worker     d.u.i.k.n.KeyIO           Load declarations of de.uka.ilkd.key.nparser.KeyAst$File:  <unknown>:1#1 
333712     INFO  Test worker     d.u.i.k.n.KeyIO           MODE: declarations took 0 ms 
333712     DEBUG Test worker     d.u.i.k.n.KeyIO           MODE: 2nd degree decls took 0 
333712     DEBUG Test worker     d.u.i.k.n.KeyIO           MODE: taclets took 0ms 
333713     INFO  Test worker     d.u.i.k.n.KeyIO           Parsing took 1 ms 
333713     DEBUG Test worker     d.u.i.k.n.KeyIO           Load declarations of de.uka.ilkd.key.nparser.KeyAst$File:  <unknown>:2#1 
333713     INFO  Test worker     d.u.i.k.n.KeyIO           MODE: declarations took 0 ms 
333713     DEBUG Test worker     d.u.i.k.n.KeyIO           MODE: 2nd degree decls took 0 
333714     DEBUG Test worker     d.u.i.k.n.KeyIO           MODE: taclets took 1ms 
333714     INFO  Test worker     d.u.i.k.n.KeyIO           Parsing took 0 ms 
333714     DEBUG Test worker     d.u.i.k.n.KeyIO           Load declarations of de.uka.ilkd.key.nparser.KeyAst$File:  <unknown>:1#1 
333714     INFO  Test worker     d.u.i.k.n.KeyIO           MODE: declarations took 0 ms 
333714     DEBUG Test worker     d.u.i.k.n.KeyIO           MODE: 2nd degree decls took 0 
333715     DEBUG Test worker     d.u.i.k.n.KeyIO           MODE: taclets took 0ms 
333715     INFO  Test worker     d.u.i.k.n.KeyIO           Parsing took 0 ms 
333715     DEBUG Test worker     d.u.i.k.n.KeyIO           Load declarations of de.uka.ilkd.key.nparser.KeyAst$File:  <unknown>:2#1 
333715     INFO  Test worker     d.u.i.k.n.KeyIO           MODE: declarations took 0 ms 
333715     DEBUG Test worker     d.u.i.k.n.KeyIO           MODE: 2nd degree decls took 0 
333722     DEBUG Test worker     d.u.i.k.n.KeyIO           MODE: taclets took 7ms 
333722     INFO  Test worker     d.u.i.k.n.KeyIO           Parsing took 0 ms 
333722     DEBUG Test worker     d.u.i.k.n.KeyIO           Load declarations of de.uka.ilkd.key.nparser.KeyAst$File:  <unknown>:1#1 
333722     INFO  Test worker     d.u.i.k.n.KeyIO           MODE: declarations took 0 ms 
333722     DEBUG Test worker     d.u.i.k.n.KeyIO           MODE: 2nd degree decls took 0 
333723     DEBUG Test worker     d.u.i.k.n.KeyIO           MODE: taclets took 0ms 
333723     INFO  Test worker     d.u.i.k.n.KeyIO           Parsing took 0 ms 
333723     DEBUG Test worker     d.u.i.k.n.KeyIO           Load declarations of de.uka.ilkd.key.nparser.KeyAst$File:  <unknown>:2#1 
333723     INFO  Test worker     d.u.i.k.n.KeyIO           MODE: declarations took 0 ms 
333723     DEBUG Test worker     d.u.i.k.n.KeyIO           MODE: 2nd degree decls took 0 
333723     DEBUG Test worker     d.u.i.k.n.KeyIO           MODE: taclets took 0ms 
333724     INFO  Test worker     d.u.i.k.n.KeyIO           Parsing took 0 ms 
333724     DEBUG Test worker     d.u.i.k.n.KeyIO           Load declarations of de.uka.ilkd.key.nparser.KeyAst$File:  <unknown>:1#1 
333724     INFO  Test worker     d.u.i.k.n.KeyIO           MODE: declarations took 0 ms 
333724     DEBUG Test worker     d.u.i.k.n.KeyIO           MODE: 2nd degree decls took 0 
333724     DEBUG Test worker     d.u.i.k.n.KeyIO           MODE: taclets took 0ms 
333725     INFO  Test worker     d.u.i.k.n.KeyIO           Parsing took 1 ms 
333725     DEBUG Test worker     d.u.i.k.n.KeyIO           Load declarations of de.uka.ilkd.key.nparser.KeyAst$File:  <unknown>:2#1 
333725     INFO  Test worker     d.u.i.k.n.KeyIO           MODE: declarations took 0 ms 
333725     DEBUG Test worker     d.u.i.k.n.KeyIO           MODE: 2nd degree decls took 0 
333725     DEBUG Test worker     d.u.i.k.n.KeyIO           MODE: taclets took 0ms 
333725     INFO  Test worker     d.u.i.k.n.KeyIO           Parsing took 0 ms 
333725     DEBUG Test worker     d.u.i.k.n.KeyIO           Load declarations of de.uka.ilkd.key.nparser.KeyAst$File:  <unknown>:1#1 
333725     INFO  Test worker     d.u.i.k.n.KeyIO           MODE: declarations took 0 ms 
333726     DEBUG Test worker     d.u.i.k.n.KeyIO           MODE: 2nd degree decls took 0 
333726     DEBUG Test worker     d.u.i.k.n.KeyIO           MODE: taclets took 0ms 
333726     INFO  Test worker     d.u.i.k.n.KeyIO           Parsing took 0 ms 
333726     DEBUG Test worker     d.u.i.k.n.KeyIO           Load declarations of de.uka.ilkd.key.nparser.KeyAst$File:  <unknown>:2#1 
333726     INFO  Test worker     d.u.i.k.n.KeyIO           MODE: declarations took 0 ms 
333727     DEBUG Test worker     d.u.i.k.n.KeyIO           MODE: 2nd degree decls took 0 
333727     DEBUG Test worker     d.u.i.k.n.KeyIO           MODE: taclets took 0ms 
333733     INFO  Test worker     d.u.i.k.n.KeyIO           Parsing took 6 ms 
333733     DEBUG Test worker     d.u.i.k.n.KeyIO           Load declarations of de.uka.ilkd.key.nparser.KeyAst$File:  <unknown>:1#1 
333733     INFO  Test worker     d.u.i.k.n.KeyIO           MODE: declarations took 0 ms 
333733     DEBUG Test worker     d.u.i.k.n.KeyIO           MODE: 2nd degree decls took 0 
333734     DEBUG Test worker     d.u.i.k.n.KeyIO           MODE: taclets took 0ms 
333734     INFO  Test worker     d.u.i.k.n.KeyIO           Parsing took 0 ms 
333734     DEBUG Test worker     d.u.i.k.n.KeyIO           Load declarations of de.uka.ilkd.key.nparser.KeyAst$File:  <unknown>:2#1 
333734     INFO  Test worker     d.u.i.k.n.KeyIO           MODE: declarations took 0 ms 
333734     DEBUG Test worker     d.u.i.k.n.KeyIO           MODE: 2nd degree decls took 0 
333734     DEBUG Test worker     d.u.i.k.n.KeyIO           MODE: taclets took 0ms 
333735     INFO  Test worker     d.u.i.k.n.KeyIO           Parsing took 0 ms 
333735     DEBUG Test worker     d.u.i.k.n.KeyIO           Load declarations of de.uka.ilkd.key.nparser.KeyAst$File:  <unknown>:1#1 
333735     INFO  Test worker     d.u.i.k.n.KeyIO           MODE: declarations took 0 ms 
333735     DEBUG Test worker     d.u.i.k.n.KeyIO           MODE: 2nd degree decls took 0 
333735     DEBUG Test worker     d.u.i.k.n.KeyIO           MODE: taclets took 0ms 
333735     INFO  Test worker     d.u.i.k.n.KeyIO           Parsing took 0 ms 
333735     DEBUG Test worker     d.u.i.k.n.KeyIO           Load declarations of de.uka.ilkd.key.nparser.KeyAst$File:  <unknown>:2#1 
333735     INFO  Test worker     d.u.i.k.n.KeyIO           MODE: declarations took 0 ms 
333735     DEBUG Test worker     d.u.i.k.n.KeyIO           MODE: 2nd degree decls took 0 
333736     DEBUG Test worker     d.u.i.k.n.KeyIO           MODE: taclets took 0ms 
333736     INFO  Test worker     d.u.i.k.n.KeyIO           Parsing took 0 ms 
333736     DEBUG Test worker     d.u.i.k.n.KeyIO           Load declarations of de.uka.ilkd.key.nparser.KeyAst$File:  <unknown>:1#1 
333736     INFO  Test worker     d.u.i.k.n.KeyIO           MODE: declarations took 0 ms 
333736     DEBUG Test worker     d.u.i.k.n.KeyIO           MODE: 2nd degree decls took 0 
333737     DEBUG Test worker     d.u.i.k.n.KeyIO           MODE: taclets took 0ms 
333737     INFO  Test worker     d.u.i.k.n.KeyIO           Parsing took 0 ms 
333737     DEBUG Test worker     d.u.i.k.n.KeyIO           Load declarations of de.uka.ilkd.key.nparser.KeyAst$File:  <unknown>:2#1 
333737     INFO  Test worker     d.u.i.k.n.KeyIO           MODE: declarations took 0 ms 
333737     DEBUG Test worker     d.u.i.k.n.KeyIO           MODE: 2nd degree decls took 0 
333738     DEBUG Test worker     d.u.i.k.n.KeyIO           MODE: taclets took 1ms 
333738     INFO  Test worker     d.u.i.k.n.KeyIO           Parsing took 0 ms 
333738     DEBUG Test worker     d.u.i.k.n.KeyIO           Load declarations of de.uka.ilkd.key.nparser.KeyAst$File:  <unknown>:1#1 
333738     INFO  Test worker     d.u.i.k.n.KeyIO           MODE: declarations took 0 ms 
333738     DEBUG Test worker     d.u.i.k.n.KeyIO           MODE: 2nd degree decls took 0 
333739     DEBUG Test worker     d.u.i.k.n.KeyIO           MODE: taclets took 1ms 
333744     INFO  Test worker     d.u.i.k.n.KeyIO           Parsing took 5 ms 
333744     DEBUG Test worker     d.u.i.k.n.KeyIO           Load declarations of de.uka.ilkd.key.nparser.KeyAst$File:  <unknown>:2#1 
333744     INFO  Test worker     d.u.i.k.n.KeyIO           MODE: declarations took 0 ms 
333744     DEBUG Test worker     d.u.i.k.n.KeyIO           MODE: 2nd degree decls took 0 
333754     DEBUG Test worker     d.u.i.k.n.KeyIO           MODE: taclets took 10ms 
333755     INFO  Test worker     d.u.i.k.n.KeyIO           Parsing took 0 ms 
333755     DEBUG Test worker     d.u.i.k.n.KeyIO           Load declarations of de.uka.ilkd.key.nparser.KeyAst$File:  <unknown>:1#1 
333755     INFO  Test worker     d.u.i.k.n.KeyIO           MODE: declarations took 0 ms 
333755     DEBUG Test worker     d.u.i.k.n.KeyIO           MODE: 2nd degree decls took 0 
333755     DEBUG Test worker     d.u.i.k.n.KeyIO           MODE: taclets took 0ms 
333756     INFO  Test worker     d.u.i.k.n.KeyIO           Parsing took 0 ms 
333756     DEBUG Test worker     d.u.i.k.n.KeyIO           Load declarations of de.uka.ilkd.key.nparser.KeyAst$File:  <unknown>:2#1 
333756     INFO  Test worker     d.u.i.k.n.KeyIO           MODE: declarations took 0 ms 
333756     DEBUG Test worker     d.u.i.k.n.KeyIO           MODE: 2nd degree decls took 0 
333756     DEBUG Test worker     d.u.i.k.n.KeyIO           MODE: taclets took 0ms 
333756     INFO  Test worker     d.u.i.k.n.KeyIO           Parsing took 0 ms 
333756     DEBUG Test worker     d.u.i.k.n.KeyIO           Load declarations of de.uka.ilkd.key.nparser.KeyAst$File:  <unknown>:1#1 
333756     INFO  Test worker     d.u.i.k.n.KeyIO           MODE: declarations took 0 ms 
333756     DEBUG Test worker     d.u.i.k.n.KeyIO           MODE: 2nd degree decls took 0 
333757     DEBUG Test worker     d.u.i.k.n.KeyIO           MODE: taclets took 0ms 
333767     INFO  Test worker     d.u.i.k.n.KeyIO           Parsing took 10 ms 
333767     DEBUG Test worker     d.u.i.k.n.KeyIO           Load declarations of de.uka.ilkd.key.nparser.KeyAst$File:  <unknown>:2#1 
333767     INFO  Test worker     d.u.i.k.n.KeyIO           MODE: declarations took 0 ms 
333767     DEBUG Test worker     d.u.i.k.n.KeyIO           MODE: 2nd degree decls took 0 
333768     DEBUG Test worker     d.u.i.k.n.KeyIO           MODE: taclets took 0ms 
333769     INFO  Test worker     d.u.i.k.n.KeyIO           Parsing took 0 ms 
333769     DEBUG Test worker     d.u.i.k.n.KeyIO           Load declarations of de.uka.ilkd.key.nparser.KeyAst$File:  <unknown>:1#1 
333769     INFO  Test worker     d.u.i.k.n.KeyIO           MODE: declarations took 0 ms 
333769     DEBUG Test worker     d.u.i.k.n.KeyIO           MODE: 2nd degree decls took 0 
333770     DEBUG Test worker     d.u.i.k.n.KeyIO           MODE: taclets took 0ms 
333770     INFO  Test worker     d.u.i.k.n.KeyIO           Parsing took 0 ms 
333770     DEBUG Test worker     d.u.i.k.n.KeyIO           Load declarations of de.uka.ilkd.key.nparser.KeyAst$File:  <unknown>:2#1 
333770     INFO  Test worker     d.u.i.k.n.KeyIO           MODE: declarations took 0 ms 
333770     DEBUG Test worker     d.u.i.k.n.KeyIO           MODE: 2nd degree decls took 0 
333770     DEBUG Test worker     d.u.i.k.n.KeyIO           MODE: taclets took 0ms 
333771     INFO  Test worker     d.u.i.k.n.KeyIO           Parsing took 1 ms 
333771     DEBUG Test worker     d.u.i.k.n.KeyIO           Load declarations of de.uka.ilkd.key.nparser.KeyAst$File:  <unknown>:2#1 
333771     INFO  Test worker     d.u.i.k.n.KeyIO           MODE: declarations took 0 ms 
333771     DEBUG Test worker     d.u.i.k.n.KeyIO           MODE: 2nd degree decls took 0 
333771     DEBUG Test worker     d.u.i.k.n.KeyIO           MODE: taclets took 0ms 
333771     INFO  Test worker     d.u.i.k.n.KeyIO           Parsing took 0 ms 
333771     DEBUG Test worker     d.u.i.k.n.KeyIO           Load declarations of de.uka.ilkd.key.nparser.KeyAst$File:  <unknown>:1#1 
333772     INFO  Test worker     d.u.i.k.n.KeyIO           MODE: declarations took 1 ms 
333772     DEBUG Test worker     d.u.i.k.n.KeyIO           MODE: 2nd degree decls took 0 
333772     DEBUG Test worker     d.u.i.k.n.KeyIO           MODE: taclets took 0ms 
333772     INFO  Test worker     d.u.i.k.n.KeyIO           Parsing took 0 ms 
333772     DEBUG Test worker     d.u.i.k.n.KeyIO           Load declarations of de.uka.ilkd.key.nparser.KeyAst$File:  <unknown>:2#1 
333772     INFO  Test worker     d.u.i.k.n.KeyIO           MODE: declarations took 0 ms 
333772     DEBUG Test worker     d.u.i.k.n.KeyIO           MODE: 2nd degree decls took 0 
333782     INFO  Test worker     d.u.i.k.n.KeyIO           Parsing took 0 ms 
333782     DEBUG Test worker     d.u.i.k.n.KeyIO           Load declarations of de.uka.ilkd.key.nparser.KeyAst$File:  <unknown>:1#1 
333782     INFO  Test worker     d.u.i.k.n.KeyIO           MODE: declarations took 0 ms 
333782     DEBUG Test worker     d.u.i.k.n.KeyIO           MODE: 2nd degree decls took 0 
333782     DEBUG Test worker     d.u.i.k.n.KeyIO           MODE: taclets took 0ms 
333783     INFO  Test worker     d.u.i.k.n.KeyIO           Parsing took 0 ms 
333783     DEBUG Test worker     d.u.i.k.n.KeyIO           Load declarations of de.uka.ilkd.key.nparser.KeyAst$File:  <unknown>:2#1 
333783     INFO  Test worker     d.u.i.k.n.KeyIO           MODE: declarations took 0 ms 
333783     DEBUG Test worker     d.u.i.k.n.KeyIO           MODE: 2nd degree decls took 0 
333783     DEBUG Test worker     d.u.i.k.n.KeyIO           MODE: taclets took 0ms 
333783     INFO  Test worker     d.u.i.k.n.KeyIO           Parsing took 0 ms 
333783     DEBUG Test worker     d.u.i.k.n.KeyIO           Load declarations of de.uka.ilkd.key.nparser.KeyAst$File:  <unknown>:1#1 
333783     INFO  Test worker     d.u.i.k.n.KeyIO           MODE: declarations took 0 ms 
333784     DEBUG Test worker     d.u.i.k.n.KeyIO           MODE: 2nd degree decls took 0 
333784     DEBUG Test worker     d.u.i.k.n.KeyIO           MODE: taclets took 0ms 
333784     INFO  Test worker     d.u.i.k.n.KeyIO           Parsing took 0 ms 
333784     DEBUG Test worker     d.u.i.k.n.KeyIO           Load declarations of de.uka.ilkd.key.nparser.KeyAst$File:  <unknown>:2#1 
333784     INFO  Test worker     d.u.i.k.n.KeyIO           MODE: declarations took 0 ms 
333784     DEBUG Test worker     d.u.i.k.n.KeyIO           MODE: 2nd degree decls took 0 
333785     DEBUG Test worker     d.u.i.k.n.KeyIO           MODE: taclets took 0ms 
333785     INFO  Test worker     d.u.i.k.n.KeyIO           Parsing took 0 ms 
333785     DEBUG Test worker     d.u.i.k.n.KeyIO           Load declarations of de.uka.ilkd.key.nparser.KeyAst$File:  <unknown>:1#1 
333785     INFO  Test worker     d.u.i.k.n.KeyIO           MODE: declarations took 0 ms 
333785     DEBUG Test worker     d.u.i.k.n.KeyIO           MODE: 2nd degree decls took 0 
333786     DEBUG Test worker     d.u.i.k.n.KeyIO           MODE: taclets took 0ms 
333786     INFO  Test worker     d.u.i.k.n.KeyIO           Parsing took 0 ms 
333786     DEBUG Test worker     d.u.i.k.n.KeyIO           Load declarations of de.uka.ilkd.key.nparser.KeyAst$File:  <unknown>:2#1 
333786     INFO  Test worker     d.u.i.k.n.KeyIO           MODE: declarations took 0 ms 
333786     DEBUG Test worker     d.u.i.k.n.KeyIO           MODE: 2nd degree decls took 0 
333787     DEBUG Test worker     d.u.i.k.n.KeyIO           MODE: taclets took 0ms 
]]></system-out>
  <system-err><![CDATA[]]></system-err>
</testsuite>
