<?xml version="1.0" encoding="UTF-8"?>
<testsuite name="de.uka.ilkd.key.parser.TestTermParserSorts" tests="2" skipped="0" failures="0" errors="0" timestamp="2023-04-20T23:49:16" hostname="fv-az790-985" time="3.143">
  <properties/>
  <testcase name="testParseIntegerArgs()" classname="de.uka.ilkd.key.parser.TestTermParserSorts" time="0.014"/>
  <testcase name="testParseSequencePrettySyntax()" classname="de.uka.ilkd.key.parser.TestTermParserSorts" time="0.001"/>
  <system-out><![CDATA[466892     INFO  Test worker     d.u.i.k.n.KeyIO           Parsing took 0 ms 
466893     DEBUG Test worker     d.u.i.k.n.KeyIO           Load declarations of de.uka.ilkd.key.nparser.KeyAst$File:  <unknown>:1#1 
466893     INFO  Test worker     d.u.i.k.n.KeyIO           MODE: declarations took 0 ms 
466893     DEBUG Test worker     d.u.i.k.n.KeyIO           MODE: 2nd degree decls took 0 
466893     INFO  Test worker     d.u.i.k.n.KeyIO           Parsing took 0 ms 
466893     DEBUG Test worker     d.u.i.k.n.KeyIO           Load declarations of de.uka.ilkd.key.nparser.KeyAst$File:  <unknown>:1#1 
466893     INFO  Test worker     d.u.i.k.n.KeyIO           MODE: declarations took 0 ms 
466893     DEBUG Test worker     d.u.i.k.n.KeyIO           MODE: 2nd degree decls took 0 
466893     INFO  Test worker     d.u.i.k.n.KeyIO           Parsing took 0 ms 
466893     DEBUG Test worker     d.u.i.k.n.KeyIO           Load declarations of de.uka.ilkd.key.nparser.KeyAst$File:  <unknown>:1#1 
466893     INFO  Test worker     d.u.i.k.n.KeyIO           MODE: declarations took 0 ms 
466893     DEBUG Test worker     d.u.i.k.n.KeyIO           MODE: 2nd degree decls took 0 
470035     INFO  Test worker     d.u.i.k.n.KeyIO           Parsing took 1 ms 
470035     DEBUG Test worker     d.u.i.k.n.KeyIO           Load declarations of de.uka.ilkd.key.nparser.KeyAst$File:  <unknown>:1#1 
470035     INFO  Test worker     d.u.i.k.n.KeyIO           MODE: declarations took 0 ms 
470035     DEBUG Test worker     d.u.i.k.n.KeyIO           MODE: 2nd degree decls took 0 
470035     INFO  Test worker     d.u.i.k.n.KeyIO           Parsing took 0 ms 
470035     DEBUG Test worker     d.u.i.k.n.KeyIO           Load declarations of de.uka.ilkd.key.nparser.KeyAst$File:  <unknown>:1#1 
470035     INFO  Test worker     d.u.i.k.n.KeyIO           MODE: declarations took 0 ms 
470035     DEBUG Test worker     d.u.i.k.n.KeyIO           MODE: 2nd degree decls took 0 
470035     INFO  Test worker     d.u.i.k.n.KeyIO           Parsing took 0 ms 
470035     DEBUG Test worker     d.u.i.k.n.KeyIO           Load declarations of de.uka.ilkd.key.nparser.KeyAst$File:  <unknown>:1#1 
470035     INFO  Test worker     d.u.i.k.n.KeyIO           MODE: declarations took 0 ms 
470035     DEBUG Test worker     d.u.i.k.n.KeyIO           MODE: 2nd degree decls took 0 
]]></system-out>
  <system-err><![CDATA[]]></system-err>
</testsuite>
