<?xml version="1.0" encoding="UTF-8"?>
<testsuite name="de.uka.ilkd.key.parser.TestParser" tests="5" skipped="1" failures="0" errors="0" timestamp="2023-04-20T23:46:58" hostname="fv-az790-985" time="5.421">
  <properties/>
  <testcase name="testConstantEvaluationError()" classname="de.uka.ilkd.key.parser.TestParser" time="1.049"/>
  <testcase name="testGenericSort()" classname="de.uka.ilkd.key.parser.TestParser" time="0.001"/>
  <testcase name="testIssue1566()" classname="de.uka.ilkd.key.parser.TestParser" time="3.315"/>
  <testcase name="testIssue39()" classname="de.uka.ilkd.key.parser.TestParser" time="1.053"/>
  <testcase name="testRelativeInclude()" classname="de.uka.ilkd.key.parser.TestParser" time="0.001">
    <skipped/>
  </testcase>
  <system-out><![CDATA[328273     INFO  Test worker     d.u.i.k.p.i.AbstractProblemLoader Loading environment from src/test/resources/testcase/parserErrorTest/AssignToArray.java 
328273     DEBUG Test worker     d.u.i.k.p.i.AbstractProblemLoader Environment load took 73.5ns 
328273     INFO  Test worker     d.u.i.k.p.i.AbstractProblemLoader Creating init config 
329321     INFO  Test worker     d.u.i.k.n.KeyIO           Parsing took 0 ms 
329321     DEBUG Test worker     d.u.i.k.n.KeyIO           Load declarations of de.uka.ilkd.key.nparser.KeyAst$File:  <unknown>:1#1 
329321     INFO  Test worker     d.u.i.k.n.KeyIO           MODE: declarations took 0 ms 
329321     DEBUG Test worker     d.u.i.k.n.KeyIO           MODE: 2nd degree decls took 0 
329322     DEBUG Test worker     d.u.i.k.n.KeyIO           MODE: taclets took 0ms 
329323     INFO  Test worker     d.u.i.k.p.i.AbstractProblemLoader Loading environment from src/test/resources/testcase/issues/1566/a.key 
329323     DEBUG Test worker     d.u.i.k.p.i.AbstractProblemLoader Environment load took 73.2ns 
329324     INFO  Test worker     d.u.i.k.p.i.AbstractProblemLoader Creating init config 
332618     DEBUG Test worker     d.u.i.k.p.i.AbstractProblemLoader Init config took 3.29s 
332635     INFO  Test worker     d.u.i.k.p.i.AbstractProblemLoader Replaying proof a.key 
332636     DEBUG Test worker     d.u.i.k.p.i.IntermediateProofReplayer Proof replay took 6.7ns 
332640     INFO  Test worker     d.u.i.k.p.i.AbstractProblemLoader Loading environment from src/test/resources/testcase/issues/39/A.java 
332641     DEBUG Test worker     d.u.i.k.p.i.AbstractProblemLoader Environment load took 109.2ns 
332641     INFO  Test worker     d.u.i.k.p.i.AbstractProblemLoader Creating init config 
]]></system-out>
  <system-err><![CDATA[]]></system-err>
</testsuite>
