<?xml version="1.0" encoding="UTF-8"?>
<testsuite name="de.uka.ilkd.key.java.TestContextStatementBlock" tests="1" skipped="0" failures="0" errors="0" timestamp="2023-04-20T23:41:53" hostname="fv-az790-985" time="1.129">
  <properties/>
  <testcase name="testContextTermInstantiation()" classname="de.uka.ilkd.key.java.TestContextStatementBlock" time="1.129"/>
  <system-out><![CDATA[24613      INFO  Test worker     d.u.i.k.n.KeyIO           Parsing took 3 ms 
24614      DEBUG Test worker     d.u.i.k.n.KeyIO           Load declarations of de.uka.ilkd.key.nparser.KeyAst$File:  /home/runner/work/key/key/key.core/src/test/resources/testcase/testrules.key:9#1 
24615      INFO  Test worker     d.u.i.k.n.KeyIO           MODE: declarations took 1 ms 
24616      DEBUG Test worker     d.u.i.k.n.KeyIO           MODE: 2nd degree decls took 1 
24694      DEBUG Test worker     d.u.i.k.n.KeyIO           MODE: taclets took 74ms 
]]></system-out>
  <system-err><![CDATA[]]></system-err>
</testsuite>
