<?xml version="1.0" encoding="UTF-8"?>
<testsuite name="de.uka.ilkd.key.proof.TestOneStepSimplifier" tests="1" skipped="0" failures="0" errors="0" timestamp="2023-04-20T23:49:19" hostname="fv-az790-985" time="4.373">
  <properties/>
  <testcase name="loadWithRestriction()" classname="de.uka.ilkd.key.proof.TestOneStepSimplifier" time="4.373"/>
  <system-out><![CDATA[470056     INFO  Test worker     d.u.i.k.p.i.AbstractProblemLoader Loading environment from src/test/resources/testcase/ossRestriction.proof 
470056     DEBUG Test worker     d.u.i.k.p.i.AbstractProblemLoader Environment load took 72.9ns 
470056     INFO  Test worker     d.u.i.k.p.i.AbstractProblemLoader Creating init config 
470195     DEBUG Test worker     d.u.i.k.j.TypeConverter   No LDT found for Meta 
470196     DEBUG Test worker     d.u.i.k.j.TypeConverter   No LDT found for Meta 
470196     DEBUG Test worker     d.u.i.k.j.TypeConverter   No LDT found for Meta 
470196     DEBUG Test worker     d.u.i.k.j.TypeConverter   No LDT found for Meta 
470778     DEBUG Test worker     d.u.i.k.j.TypeConverter   No LDT found for JavaBigintExpression 
474361     DEBUG Test worker     d.u.i.k.p.i.AbstractProblemLoader Init config took 4.3s 
474414     INFO  Test worker     d.u.i.k.p.i.AbstractProblemLoader Replaying proof ossRestriction.proof 
474426     DEBUG Test worker     d.u.i.k.p.i.IntermediateProofReplayer Proof replay took 9.6ms 
]]></system-out>
  <system-err><![CDATA[]]></system-err>
</testsuite>
