<?xml version="1.0" encoding="UTF-8"?>
<testsuite name="de.uka.ilkd.key.rule.TestSchemaModalOperators" tests="4" skipped="0" failures="0" errors="0" timestamp="2023-04-20T23:49:46" hostname="fv-az790-985" time="1.228">
  <properties/>
  <testcase name="testSchemaModalities1()" classname="de.uka.ilkd.key.rule.TestSchemaModalOperators" time="1.199"/>
  <testcase name="testSchemaModalities2()" classname="de.uka.ilkd.key.rule.TestSchemaModalOperators" time="0.01"/>
  <testcase name="testSchemaModalities3()" classname="de.uka.ilkd.key.rule.TestSchemaModalOperators" time="0.007"/>
  <testcase name="testSchemaModalities4()" classname="de.uka.ilkd.key.rule.TestSchemaModalOperators" time="0.01"/>
  <system-out><![CDATA[497598     INFO  Test worker     d.u.i.k.n.KeyIO           Parsing took 3 ms 
497598     DEBUG Test worker     d.u.i.k.n.KeyIO           Load declarations of de.uka.ilkd.key.nparser.KeyAst$File:  /home/runner/work/key/key/key.core/src/test/resources/testcase/testrules.key:9#1 
497599     INFO  Test worker     d.u.i.k.n.KeyIO           MODE: declarations took 1 ms 
497599     DEBUG Test worker     d.u.i.k.n.KeyIO           MODE: 2nd degree decls took 0 
497626     DEBUG Test worker     d.u.i.k.n.KeyIO           MODE: taclets took 26ms 
]]></system-out>
  <system-err><![CDATA[]]></system-err>
</testsuite>
