<?xml version="1.0" encoding="UTF-8"?>
<testsuite name="de.uka.ilkd.key.parser.TestDeclParser" tests="14" skipped="2" failures="0" errors="0" timestamp="2023-04-20T23:45:22" hostname="fv-az790-985" time="12.072">
  <properties/>
  <testcase name="testGenericSortDecl1()" classname="de.uka.ilkd.key.parser.TestDeclParser" time="1.108"/>
  <testcase name="testGenericSortDecl2()" classname="de.uka.ilkd.key.parser.TestDeclParser" time="1.005"/>
  <testcase name="testGenericSortDecl3()" classname="de.uka.ilkd.key.parser.TestDeclParser" time="0.983"/>
  <testcase name="testGenericSortDecl4()" classname="de.uka.ilkd.key.parser.TestDeclParser" time="0.998"/>
  <testcase name="testGenericSortDecl5()" classname="de.uka.ilkd.key.parser.TestDeclParser" time="0.0">
    <skipped/>
  </testcase>
  <testcase name="testGenericSortDecl6()" classname="de.uka.ilkd.key.parser.TestDeclParser" time="0.959"/>
  <testcase name="testSortDecl()" classname="de.uka.ilkd.key.parser.TestDeclParser" time="1.046"/>
  <testcase name="testProxySortDecl()" classname="de.uka.ilkd.key.parser.TestDeclParser" time="1.006"/>
  <testcase name="testArrayDecl()" classname="de.uka.ilkd.key.parser.TestDeclParser" time="1.006"/>
  <testcase name="testAmbiguousDecls()" classname="de.uka.ilkd.key.parser.TestDeclParser" time="0.0">
    <skipped/>
  </testcase>
  <testcase name="testHeurDecl()" classname="de.uka.ilkd.key.parser.TestDeclParser" time="0.981"/>
  <testcase name="testFunctionDecl()" classname="de.uka.ilkd.key.parser.TestDeclParser" time="1.017"/>
  <testcase name="testPredicateDecl()" classname="de.uka.ilkd.key.parser.TestDeclParser" time="0.964"/>
  <testcase name="testSVDecl()" classname="de.uka.ilkd.key.parser.TestDeclParser" time="0.996"/>
  <system-out><![CDATA[234107     INFO  Test worker     d.u.i.k.n.KeyIO           Parsing took 0 ms 
234107     DEBUG Test worker     d.u.i.k.n.KeyIO           Load declarations of de.uka.ilkd.key.nparser.KeyAst$File:  <unknown>:1#1 
234107     INFO  Test worker     d.u.i.k.n.KeyIO           MODE: declarations took 0 ms 
234107     DEBUG Test worker     d.u.i.k.n.KeyIO           MODE: 2nd degree decls took 0 
234107     DEBUG Test worker     d.u.i.k.n.KeyIO           MODE: taclets took 0ms 
235111     INFO  Test worker     d.u.i.k.n.KeyIO           Parsing took 0 ms 
235112     DEBUG Test worker     d.u.i.k.n.KeyIO           Load declarations of de.uka.ilkd.key.nparser.KeyAst$File:  <unknown>:1#1 
235112     INFO  Test worker     d.u.i.k.n.KeyIO           MODE: declarations took 0 ms 
235112     DEBUG Test worker     d.u.i.k.n.KeyIO           MODE: 2nd degree decls took 0 
235112     DEBUG Test worker     d.u.i.k.n.KeyIO           MODE: taclets took 0ms 
236094     INFO  Test worker     d.u.i.k.n.KeyIO           Parsing took 0 ms 
236094     DEBUG Test worker     d.u.i.k.n.KeyIO           Load declarations of de.uka.ilkd.key.nparser.KeyAst$File:  <unknown>:1#1 
236094     INFO  Test worker     d.u.i.k.n.KeyIO           MODE: declarations took 0 ms 
236094     DEBUG Test worker     d.u.i.k.n.KeyIO           MODE: 2nd degree decls took 0 
236094     DEBUG Test worker     d.u.i.k.n.KeyIO           MODE: taclets took 0ms 
237093     INFO  Test worker     d.u.i.k.n.KeyIO           Parsing took 0 ms 
237093     DEBUG Test worker     d.u.i.k.n.KeyIO           Load declarations of de.uka.ilkd.key.nparser.KeyAst$File:  <unknown>:1#1 
237093     INFO  Test worker     d.u.i.k.n.KeyIO           MODE: declarations took 0 ms 
237093     DEBUG Test worker     d.u.i.k.n.KeyIO           MODE: 2nd degree decls took 0 
237093     DEBUG Test worker     d.u.i.k.n.KeyIO           MODE: taclets took 0ms 
238052     INFO  Test worker     d.u.i.k.n.KeyIO           Parsing took 0 ms 
238052     DEBUG Test worker     d.u.i.k.n.KeyIO           Load declarations of de.uka.ilkd.key.nparser.KeyAst$File:  <unknown>:1#1 
238052     INFO  Test worker     d.u.i.k.n.KeyIO           MODE: declarations took 0 ms 
238052     DEBUG Test worker     d.u.i.k.n.KeyIO           MODE: 2nd degree decls took 0 
238052     DEBUG Test worker     d.u.i.k.n.KeyIO           MODE: taclets took 0ms 
239099     INFO  Test worker     d.u.i.k.n.KeyIO           Parsing took 0 ms 
239099     DEBUG Test worker     d.u.i.k.n.KeyIO           Load declarations of de.uka.ilkd.key.nparser.KeyAst$File:  <unknown>:1#1 
239099     INFO  Test worker     d.u.i.k.n.KeyIO           MODE: declarations took 0 ms 
239099     DEBUG Test worker     d.u.i.k.n.KeyIO           MODE: 2nd degree decls took 0 
239099     DEBUG Test worker     d.u.i.k.n.KeyIO           MODE: taclets took 0ms 
240106     INFO  Test worker     d.u.i.k.n.KeyIO           Parsing took 0 ms 
240106     DEBUG Test worker     d.u.i.k.n.KeyIO           Load declarations of de.uka.ilkd.key.nparser.KeyAst$File:  <unknown>:1#1 
240106     INFO  Test worker     d.u.i.k.n.KeyIO           MODE: declarations took 0 ms 
240106     DEBUG Test worker     d.u.i.k.n.KeyIO           MODE: 2nd degree decls took 0 
240106     DEBUG Test worker     d.u.i.k.n.KeyIO           MODE: taclets took 0ms 
241111     INFO  Test worker     d.u.i.k.n.KeyIO           Parsing took 0 ms 
241112     DEBUG Test worker     d.u.i.k.n.KeyIO           Load declarations of de.uka.ilkd.key.nparser.KeyAst$File:  <unknown>:1#1 
241112     INFO  Test worker     d.u.i.k.n.KeyIO           MODE: declarations took 0 ms 
241112     DEBUG Test worker     d.u.i.k.n.KeyIO           MODE: 2nd degree decls took 0 
241112     DEBUG Test worker     d.u.i.k.n.KeyIO           MODE: taclets took 0ms 
242093     INFO  Test worker     d.u.i.k.n.KeyIO           Parsing took 0 ms 
242093     DEBUG Test worker     d.u.i.k.n.KeyIO           Load declarations of de.uka.ilkd.key.nparser.KeyAst$File:  <unknown>:1#1 
242094     INFO  Test worker     d.u.i.k.n.KeyIO           MODE: declarations took 1 ms 
242094     DEBUG Test worker     d.u.i.k.n.KeyIO           MODE: 2nd degree decls took 0 
242094     DEBUG Test worker     d.u.i.k.n.KeyIO           MODE: taclets took 0ms 
243109     INFO  Test worker     d.u.i.k.n.KeyIO           Parsing took 1 ms 
243109     DEBUG Test worker     d.u.i.k.n.KeyIO           Load declarations of de.uka.ilkd.key.nparser.KeyAst$File:  <unknown>:1#1 
243109     INFO  Test worker     d.u.i.k.n.KeyIO           MODE: declarations took 0 ms 
243109     DEBUG Test worker     d.u.i.k.n.KeyIO           MODE: 2nd degree decls took 0 
243109     DEBUG Test worker     d.u.i.k.n.KeyIO           MODE: taclets took 0ms 
244072     INFO  Test worker     d.u.i.k.n.KeyIO           Parsing took 0 ms 
244072     DEBUG Test worker     d.u.i.k.n.KeyIO           Load declarations of de.uka.ilkd.key.nparser.KeyAst$File:  <unknown>:1#1 
244073     INFO  Test worker     d.u.i.k.n.KeyIO           MODE: declarations took 1 ms 
244073     DEBUG Test worker     d.u.i.k.n.KeyIO           MODE: 2nd degree decls took 0 
244073     DEBUG Test worker     d.u.i.k.n.KeyIO           MODE: taclets took 0ms 
245070     INFO  Test worker     d.u.i.k.n.KeyIO           Parsing took 0 ms 
245070     DEBUG Test worker     d.u.i.k.n.KeyIO           Load declarations of de.uka.ilkd.key.nparser.KeyAst$File:  <unknown>:1#1 
245071     INFO  Test worker     d.u.i.k.n.KeyIO           MODE: declarations took 1 ms 
245071     DEBUG Test worker     d.u.i.k.n.KeyIO           MODE: 2nd degree decls took 0 
245071     DEBUG Test worker     d.u.i.k.n.KeyIO           MODE: taclets took 0ms 
]]></system-out>
  <system-err><![CDATA[]]></system-err>
</testsuite>
