<?xml version="1.0" encoding="UTF-8"?>
<testsuite name="de.uka.ilkd.key.taclettranslation.TestTacletTranslator" tests="5" skipped="0" failures="0" errors="0" timestamp="2023-04-20T23:56:17" hostname="fv-az790-985" time="0.009">
  <properties/>
  <testcase name="testPropositional1()" classname="de.uka.ilkd.key.taclettranslation.TestTacletTranslator" time="0.003"/>
  <testcase name="testPropositional2()" classname="de.uka.ilkd.key.taclettranslation.TestTacletTranslator" time="0.001"/>
  <testcase name="testNegativePolarity()" classname="de.uka.ilkd.key.taclettranslation.TestTacletTranslator" time="0.001"/>
  <testcase name="testNoPolarity()" classname="de.uka.ilkd.key.taclettranslation.TestTacletTranslator" time="0.001"/>
  <testcase name="testPositivePolarity()" classname="de.uka.ilkd.key.taclettranslation.TestTacletTranslator" time="0.002"/>
  <system-out><![CDATA[888065     INFO  Test worker     d.u.i.k.n.KeyIO           Parsing took 0 ms 
888065     DEBUG Test worker     d.u.i.k.n.KeyIO           Load declarations of de.uka.ilkd.key.nparser.KeyAst$File:  <unknown>:1#1 
888065     INFO  Test worker     d.u.i.k.n.KeyIO           MODE: declarations took 0 ms 
888065     DEBUG Test worker     d.u.i.k.n.KeyIO           MODE: 2nd degree decls took 0 
888066     DEBUG Test worker     d.u.i.k.n.KeyIO           MODE: taclets took 1ms 
888068     INFO  Test worker     d.u.i.k.n.KeyIO           Parsing took 0 ms 
888068     DEBUG Test worker     d.u.i.k.n.KeyIO           Load declarations of de.uka.ilkd.key.nparser.KeyAst$File:  <unknown>:1#1 
888068     INFO  Test worker     d.u.i.k.n.KeyIO           MODE: declarations took 0 ms 
888068     DEBUG Test worker     d.u.i.k.n.KeyIO           MODE: 2nd degree decls took 0 
888069     DEBUG Test worker     d.u.i.k.n.KeyIO           MODE: taclets took 1ms 
888070     INFO  Test worker     d.u.i.k.n.KeyIO           Parsing took 0 ms 
888070     DEBUG Test worker     d.u.i.k.n.KeyIO           Load declarations of de.uka.ilkd.key.nparser.KeyAst$File:  <unknown>:1#1 
888070     INFO  Test worker     d.u.i.k.n.KeyIO           MODE: declarations took 0 ms 
888070     DEBUG Test worker     d.u.i.k.n.KeyIO           MODE: 2nd degree decls took 0 
888070     DEBUG Test worker     d.u.i.k.n.KeyIO           MODE: taclets took 0ms 
888071     INFO  Test worker     d.u.i.k.n.KeyIO           Parsing took 0 ms 
888071     DEBUG Test worker     d.u.i.k.n.KeyIO           Load declarations of de.uka.ilkd.key.nparser.KeyAst$File:  <unknown>:1#1 
888071     INFO  Test worker     d.u.i.k.n.KeyIO           MODE: declarations took 0 ms 
888071     DEBUG Test worker     d.u.i.k.n.KeyIO           MODE: 2nd degree decls took 0 
888072     DEBUG Test worker     d.u.i.k.n.KeyIO           MODE: taclets took 1ms 
888073     INFO  Test worker     d.u.i.k.n.KeyIO           Parsing took 0 ms 
888073     DEBUG Test worker     d.u.i.k.n.KeyIO           Load declarations of de.uka.ilkd.key.nparser.KeyAst$File:  <unknown>:1#1 
888073     INFO  Test worker     d.u.i.k.n.KeyIO           MODE: declarations took 0 ms 
888073     DEBUG Test worker     d.u.i.k.n.KeyIO           MODE: 2nd degree decls took 0 
888073     DEBUG Test worker     d.u.i.k.n.KeyIO           MODE: taclets took 0ms 
]]></system-out>
  <system-err><![CDATA[]]></system-err>
</testsuite>
