<?xml version="1.0" encoding="UTF-8"?>
<testsuite name="de.uka.ilkd.key.proof.io.consistency.TestProofBundleIO" tests="3" skipped="0" failures="0" errors="0" timestamp="2023-05-04T21:51:56" hostname="fv-az1113-610" time="7.064">
  <properties/>
  <testcase name="testSimpleFileRepo()" classname="de.uka.ilkd.key.proof.io.consistency.TestProofBundleIO" time="0.019"/>
  <testcase name="testComplexBundleGeneration()" classname="de.uka.ilkd.key.proof.io.consistency.TestProofBundleIO" time="1.296"/>
  <testcase name="testSimpleBundleGeneration()" classname="de.uka.ilkd.key.proof.io.consistency.TestProofBundleIO" time="5.749"/>
  <system-out><![CDATA[423303     INFO  Test worker     d.u.i.k.p.i.AbstractProblemLoader Loading environment from D:\a\key\key\key.core\src\test\resources\testcase\proofBundle\complexBundleGeneration\test.key 
423303     DEBUG Test worker     d.u.i.k.p.i.AbstractProblemLoader Environment load took 137.6ns 
423303     INFO  Test worker     d.u.i.k.p.i.AbstractProblemLoader Creating init config 
423803     DEBUG Test worker     d.u.i.k.p.i.AbstractProblemLoader Init config took 485.66ms 
423834     INFO  Test worker     d.u.i.k.p.i.AbstractProblemLoader Replaying proof Test[Test::constant()].JML normal_behavior operation contract.0 
423834     DEBUG Test worker     d.u.i.k.p.i.IntermediateProofReplayer Proof replay took 10ns 
424069     INFO  Test worker     d.u.i.k.p.i.AbstractProblemLoader Loading environment from D:\a\key\key\key.core\src\test\resources\testcase\proofBundle\complexBundleGeneration\test.zproof 
424115     DEBUG Test worker     d.u.i.k.p.i.AbstractProblemLoader Environment load took 44.68ms 
424115     INFO  Test worker     d.u.i.k.p.i.AbstractProblemLoader Creating init config 
424537     DEBUG Test worker     d.u.i.k.p.i.AbstractProblemLoader Init config took 426.07ms 
424569     INFO  Test worker     d.u.i.k.p.i.AbstractProblemLoader Replaying proof Test[Test::constant()].JML normal_behavior operation contract.0 
424600     DEBUG Test worker     d.u.i.k.p.i.IntermediateProofReplayer Proof replay took 21.75ms 
424600     INFO  Test worker     d.u.i.k.p.i.AbstractProblemLoader Loading environment from D:\a\key\key\key.core\src\test\resources\testcase\proofBundle\simpleBundleGeneration\test.key 
424600     DEBUG Test worker     d.u.i.k.p.i.AbstractProblemLoader Environment load took 117.5ns 
424600     INFO  Test worker     d.u.i.k.p.i.AbstractProblemLoader Creating init config 
427367     DEBUG Test worker     d.u.i.k.p.i.AbstractProblemLoader Init config took 2.77s 
427414     INFO  Test worker     d.u.i.k.p.i.AbstractProblemLoader Replaying proof Test[Test::constant()].JML normal_behavior operation contract.0 
427414     DEBUG Test worker     d.u.i.k.p.i.IntermediateProofReplayer Proof replay took 12.8ns 
427526     INFO  Test worker     d.u.i.k.p.i.AbstractProblemLoader Loading environment from D:\a\key\key\key.core\src\test\resources\testcase\proofBundle\simpleBundleGeneration\test.zproof 
427539     DEBUG Test worker     d.u.i.k.p.i.AbstractProblemLoader Environment load took 4.63ms 
427539     INFO  Test worker     d.u.i.k.p.i.AbstractProblemLoader Creating init config 
430290     DEBUG Test worker     d.u.i.k.p.i.AbstractProblemLoader Init config took 2.75s 
430337     INFO  Test worker     d.u.i.k.p.i.AbstractProblemLoader Replaying proof Test[Test::constant()].JML normal_behavior operation contract.0 
430353     DEBUG Test worker     d.u.i.k.p.i.IntermediateProofReplayer Proof replay took 8.96ms 
]]></system-out>
  <system-err><![CDATA[]]></system-err>
</testsuite>
