<?xml version="1.0" encoding="UTF-8"?>
<testsuite name="de.uka.ilkd.key.rule.loop.LoopScopeInvRuleTests" tests="1" skipped="0" failures="0" errors="0" timestamp="2023-05-04T21:52:09" hostname="fv-az1113-610" time="4.95">
  <properties/>
  <testcase name="testDoAutomaticProofOfBenchmarkWithLabeledBreaksAndContinues()" classname="de.uka.ilkd.key.rule.loop.LoopScopeInvRuleTests" time="4.95"/>
  <system-out><![CDATA[436685     INFO  Test worker     d.u.i.k.p.i.AbstractProblemLoader Loading environment from src\test\resources\testcase\loopScopeInvRule\Test.key 
436685     DEBUG Test worker     d.u.i.k.p.i.AbstractProblemLoader Environment load took 180.8ns 
436685     INFO  Test worker     d.u.i.k.p.i.AbstractProblemLoader Creating init config 
436841     DEBUG Test worker     d.u.i.k.j.TypeConverter   No LDT found for Meta 
436841     DEBUG Test worker     d.u.i.k.j.TypeConverter   No LDT found for Meta 
436841     DEBUG Test worker     d.u.i.k.j.TypeConverter   No LDT found for Meta 
436841     DEBUG Test worker     d.u.i.k.j.TypeConverter   No LDT found for Meta 
437654     DEBUG Test worker     d.u.i.k.j.TypeConverter   No LDT found for JavaBigintExpression 
440939     DEBUG Test worker     d.u.i.k.p.i.AbstractProblemLoader Init config took 4.25s 
441001     INFO  Test worker     d.u.i.k.p.i.AbstractProblemLoader Replaying proof Test[Test::loopScopeRuleBenchmark(int,boolean)].JML normal_behavior operation contract.0 
441001     DEBUG Test worker     d.u.i.k.p.i.IntermediateProofReplayer Proof replay took 18.6ns 
]]></system-out>
  <system-err><![CDATA[]]></system-err>
</testsuite>
