<?xml version="1.0" encoding="UTF-8"?>
<testsuite name="de.uka.ilkd.key.parser.TestDeclParser" tests="14" skipped="2" failures="0" errors="0" timestamp="2023-05-04T21:48:21" hostname="fv-az1113-610" time="10.341">
  <properties/>
  <testcase name="testGenericSortDecl1()" classname="de.uka.ilkd.key.parser.TestDeclParser" time="0.913"/>
  <testcase name="testGenericSortDecl2()" classname="de.uka.ilkd.key.parser.TestDeclParser" time="0.827"/>
  <testcase name="testGenericSortDecl3()" classname="de.uka.ilkd.key.parser.TestDeclParser" time="0.904"/>
  <testcase name="testGenericSortDecl4()" classname="de.uka.ilkd.key.parser.TestDeclParser" time="0.815"/>
  <testcase name="testGenericSortDecl5()" classname="de.uka.ilkd.key.parser.TestDeclParser" time="0.0">
    <skipped/>
  </testcase>
  <testcase name="testGenericSortDecl6()" classname="de.uka.ilkd.key.parser.TestDeclParser" time="0.878"/>
  <testcase name="testSortDecl()" classname="de.uka.ilkd.key.parser.TestDeclParser" time="0.871"/>
  <testcase name="testProxySortDecl()" classname="de.uka.ilkd.key.parser.TestDeclParser" time="0.819"/>
  <testcase name="testArrayDecl()" classname="de.uka.ilkd.key.parser.TestDeclParser" time="0.881"/>
  <testcase name="testAmbiguousDecls()" classname="de.uka.ilkd.key.parser.TestDeclParser" time="0.0">
    <skipped/>
  </testcase>
  <testcase name="testHeurDecl()" classname="de.uka.ilkd.key.parser.TestDeclParser" time="0.818"/>
  <testcase name="testFunctionDecl()" classname="de.uka.ilkd.key.parser.TestDeclParser" time="0.905"/>
  <testcase name="testPredicateDecl()" classname="de.uka.ilkd.key.parser.TestDeclParser" time="0.886"/>
  <testcase name="testSVDecl()" classname="de.uka.ilkd.key.parser.TestDeclParser" time="0.82"/>
  <system-out><![CDATA[209949     INFO  Test worker     d.u.i.k.n.KeyIO           Parsing took 0 ms 
209949     DEBUG Test worker     d.u.i.k.n.KeyIO           Load declarations of de.uka.ilkd.key.nparser.KeyAst$File:  <unknown>:1#1 
209949     INFO  Test worker     d.u.i.k.n.KeyIO           MODE: declarations took 0 ms 
209949     DEBUG Test worker     d.u.i.k.n.KeyIO           MODE: 2nd degree decls took 0 
209949     DEBUG Test worker     d.u.i.k.n.KeyIO           MODE: taclets took 0ms 
210778     INFO  Test worker     d.u.i.k.n.KeyIO           Parsing took 15 ms 
210778     DEBUG Test worker     d.u.i.k.n.KeyIO           Load declarations of de.uka.ilkd.key.nparser.KeyAst$File:  <unknown>:1#1 
210778     INFO  Test worker     d.u.i.k.n.KeyIO           MODE: declarations took 0 ms 
210778     DEBUG Test worker     d.u.i.k.n.KeyIO           MODE: 2nd degree decls took 0 
210778     DEBUG Test worker     d.u.i.k.n.KeyIO           MODE: taclets took 0ms 
211686     INFO  Test worker     d.u.i.k.n.KeyIO           Parsing took 0 ms 
211686     DEBUG Test worker     d.u.i.k.n.KeyIO           Load declarations of de.uka.ilkd.key.nparser.KeyAst$File:  <unknown>:1#1 
211686     INFO  Test worker     d.u.i.k.n.KeyIO           MODE: declarations took 0 ms 
211686     DEBUG Test worker     d.u.i.k.n.KeyIO           MODE: 2nd degree decls took 0 
211686     DEBUG Test worker     d.u.i.k.n.KeyIO           MODE: taclets took 0ms 
212498     INFO  Test worker     d.u.i.k.n.KeyIO           Parsing took 0 ms 
212498     DEBUG Test worker     d.u.i.k.n.KeyIO           Load declarations of de.uka.ilkd.key.nparser.KeyAst$File:  <unknown>:1#1 
212498     INFO  Test worker     d.u.i.k.n.KeyIO           MODE: declarations took 0 ms 
212498     DEBUG Test worker     d.u.i.k.n.KeyIO           MODE: 2nd degree decls took 0 
212498     DEBUG Test worker     d.u.i.k.n.KeyIO           MODE: taclets took 0ms 
213374     INFO  Test worker     d.u.i.k.n.KeyIO           Parsing took 0 ms 
213374     DEBUG Test worker     d.u.i.k.n.KeyIO           Load declarations of de.uka.ilkd.key.nparser.KeyAst$File:  <unknown>:1#1 
213374     INFO  Test worker     d.u.i.k.n.KeyIO           MODE: declarations took 0 ms 
213374     DEBUG Test worker     d.u.i.k.n.KeyIO           MODE: 2nd degree decls took 0 
213374     DEBUG Test worker     d.u.i.k.n.KeyIO           MODE: taclets took 0ms 
214249     INFO  Test worker     d.u.i.k.n.KeyIO           Parsing took 0 ms 
214249     DEBUG Test worker     d.u.i.k.n.KeyIO           Load declarations of de.uka.ilkd.key.nparser.KeyAst$File:  <unknown>:1#1 
214249     INFO  Test worker     d.u.i.k.n.KeyIO           MODE: declarations took 0 ms 
214249     DEBUG Test worker     d.u.i.k.n.KeyIO           MODE: 2nd degree decls took 0 
214249     DEBUG Test worker     d.u.i.k.n.KeyIO           MODE: taclets took 0ms 
215062     INFO  Test worker     d.u.i.k.n.KeyIO           Parsing took 0 ms 
215062     DEBUG Test worker     d.u.i.k.n.KeyIO           Load declarations of de.uka.ilkd.key.nparser.KeyAst$File:  <unknown>:1#1 
215078     INFO  Test worker     d.u.i.k.n.KeyIO           MODE: declarations took 16 ms 
215078     DEBUG Test worker     d.u.i.k.n.KeyIO           MODE: 2nd degree decls took 0 
215078     DEBUG Test worker     d.u.i.k.n.KeyIO           MODE: taclets took 0ms 
215953     INFO  Test worker     d.u.i.k.n.KeyIO           Parsing took 0 ms 
215953     DEBUG Test worker     d.u.i.k.n.KeyIO           Load declarations of de.uka.ilkd.key.nparser.KeyAst$File:  <unknown>:1#1 
215953     INFO  Test worker     d.u.i.k.n.KeyIO           MODE: declarations took 0 ms 
215953     DEBUG Test worker     d.u.i.k.n.KeyIO           MODE: 2nd degree decls took 0 
215953     DEBUG Test worker     d.u.i.k.n.KeyIO           MODE: taclets took 0ms 
216766     INFO  Test worker     d.u.i.k.n.KeyIO           Parsing took 0 ms 
216766     DEBUG Test worker     d.u.i.k.n.KeyIO           Load declarations of de.uka.ilkd.key.nparser.KeyAst$File:  <unknown>:1#1 
216766     INFO  Test worker     d.u.i.k.n.KeyIO           MODE: declarations took 0 ms 
216766     DEBUG Test worker     d.u.i.k.n.KeyIO           MODE: 2nd degree decls took 0 
216766     DEBUG Test worker     d.u.i.k.n.KeyIO           MODE: taclets took 0ms 
217673     INFO  Test worker     d.u.i.k.n.KeyIO           Parsing took 0 ms 
217673     DEBUG Test worker     d.u.i.k.n.KeyIO           Load declarations of de.uka.ilkd.key.nparser.KeyAst$File:  <unknown>:1#1 
217673     INFO  Test worker     d.u.i.k.n.KeyIO           MODE: declarations took 0 ms 
217673     DEBUG Test worker     d.u.i.k.n.KeyIO           MODE: 2nd degree decls took 0 
217673     DEBUG Test worker     d.u.i.k.n.KeyIO           MODE: taclets took 0ms 
218548     INFO  Test worker     d.u.i.k.n.KeyIO           Parsing took 0 ms 
218548     DEBUG Test worker     d.u.i.k.n.KeyIO           Load declarations of de.uka.ilkd.key.nparser.KeyAst$File:  <unknown>:1#1 
218548     INFO  Test worker     d.u.i.k.n.KeyIO           MODE: declarations took 0 ms 
218548     DEBUG Test worker     d.u.i.k.n.KeyIO           MODE: 2nd degree decls took 0 
218548     DEBUG Test worker     d.u.i.k.n.KeyIO           MODE: taclets took 0ms 
219377     INFO  Test worker     d.u.i.k.n.KeyIO           Parsing took 0 ms 
219377     DEBUG Test worker     d.u.i.k.n.KeyIO           Load declarations of de.uka.ilkd.key.nparser.KeyAst$File:  <unknown>:1#1 
219377     INFO  Test worker     d.u.i.k.n.KeyIO           MODE: declarations took 0 ms 
219377     DEBUG Test worker     d.u.i.k.n.KeyIO           MODE: 2nd degree decls took 0 
219377     DEBUG Test worker     d.u.i.k.n.KeyIO           MODE: taclets took 0ms 
]]></system-out>
  <system-err><![CDATA[]]></system-err>
</testsuite>
