<?xml version="1.0" encoding="UTF-8"?>
<testsuite name="de.uka.ilkd.key.macros.scripts.FocusCommandTest" tests="2" skipped="0" failures="0" errors="0" timestamp="2023-05-04T21:47:37" hostname="fv-az1113-610" time="5.447">
  <properties/>
  <testcase name="testSelectionWithLabels()" classname="de.uka.ilkd.key.macros.scripts.FocusCommandTest" time="2.733"/>
  <testcase name="testSimpleSelection()" classname="de.uka.ilkd.key.macros.scripts.FocusCommandTest" time="2.713"/>
  <system-out><![CDATA[164581     INFO  Test worker     d.u.i.k.p.i.AbstractProblemLoader Loading environment from C:\Users\RUNNER~1\AppData\Local\Temp\key-focus-command4115384417725447399.key 
164581     DEBUG Test worker     d.u.i.k.p.i.AbstractProblemLoader Environment load took 203.5ns 
164581     INFO  Test worker     d.u.i.k.p.i.AbstractProblemLoader Creating init config 
167223     DEBUG Test worker     d.u.i.k.p.i.AbstractProblemLoader Init config took 2.63s 
167254     INFO  Test worker     d.u.i.k.p.i.AbstractProblemLoader Replaying proof key-focus-command4115384417725447399.key 
167254     DEBUG Test worker     d.u.i.k.p.i.IntermediateProofReplayer Proof replay took 7.9ns 
167254     DEBUG Test worker     d.u.i.k.m.s.ProofScriptEngine 1: 'macro 'nosplit-prop'' 
167301     DEBUG Test worker     d.u.i.k.m.s.ProofScriptEngine 2: 'focus 'i=1 ==> i = 3'' 
167317     INFO  Test worker     d.u.i.k.p.i.AbstractProblemLoader Loading environment from C:\Users\RUNNER~1\AppData\Local\Temp\key-focus-command11186082226666845175.key 
167317     DEBUG Test worker     d.u.i.k.p.i.AbstractProblemLoader Environment load took 200.8ns 
167317     INFO  Test worker     d.u.i.k.p.i.AbstractProblemLoader Creating init config 
169959     DEBUG Test worker     d.u.i.k.p.i.AbstractProblemLoader Init config took 2.64s 
169990     INFO  Test worker     d.u.i.k.p.i.AbstractProblemLoader Replaying proof key-focus-command11186082226666845175.key 
170006     DEBUG Test worker     d.u.i.k.p.i.IntermediateProofReplayer Proof replay took 9.4ns 
170006     DEBUG Test worker     d.u.i.k.m.s.ProofScriptEngine 1: 'macro 'nosplit-prop'' 
170021     DEBUG Test worker     d.u.i.k.m.s.ProofScriptEngine 2: 'focus 'i=1 ==> i = 4'' 
]]></system-out>
  <system-err><![CDATA[]]></system-err>
</testsuite>
