<?xml version="1.0" encoding="UTF-8"?>
<testsuite name="de.uka.ilkd.key.logic.TestClashFreeSubst" tests="14" skipped="2" failures="0" errors="0" timestamp="2023-05-04T21:45:31" hostname="fv-az1113-610" time="47.526">
  <properties/>
  <testcase name="testMultiShareBound()" classname="de.uka.ilkd.key.logic.TestClashFreeSubst" time="0.893"/>
  <testcase name="testClash()" classname="de.uka.ilkd.key.logic.TestClashFreeSubst" time="0.891"/>
  <testcase name="testShare()" classname="de.uka.ilkd.key.logic.TestClashFreeSubst" time="0.845"/>
  <testcase name="testSubst()" classname="de.uka.ilkd.key.logic.TestClashFreeSubst" time="1.256"/>
  <testcase name="testWary0()" classname="de.uka.ilkd.key.logic.TestClashFreeSubst" time="0.869"/>
  <testcase name="testWary1()" classname="de.uka.ilkd.key.logic.TestClashFreeSubst" time="0.836"/>
  <testcase name="testWary2()" classname="de.uka.ilkd.key.logic.TestClashFreeSubst" time="0.86"/>
  <testcase name="testClashInSubstTerm()" classname="de.uka.ilkd.key.logic.TestClashFreeSubst" time="0.839"/>
  <testcase name="testShareWary()" classname="de.uka.ilkd.key.logic.TestClashFreeSubst" time="0.872"/>
  <testcase name="testMultiSubst()" classname="de.uka.ilkd.key.logic.TestClashFreeSubst" time="0.879"/>
  <testcase name="xtestMultiClash()" classname="de.uka.ilkd.key.logic.TestClashFreeSubst" time="0.0">
    <skipped/>
  </testcase>
  <testcase name="testSubstInSubstTerm()" classname="de.uka.ilkd.key.logic.TestClashFreeSubst" time="0.88"/>
  <testcase name="testSubstWary()" classname="de.uka.ilkd.key.logic.TestClashFreeSubst" time="0.908"/>
  <testcase name="xtestMultiClash1()" classname="de.uka.ilkd.key.logic.TestClashFreeSubst" time="0.001">
    <skipped/>
  </testcase>
  <system-out><![CDATA[38844      INFO  Test worker     d.u.i.k.n.KeyIO           Parsing took 0 ms 
38844      DEBUG Test worker     d.u.i.k.n.KeyIO           Load declarations of de.uka.ilkd.key.nparser.KeyAst$File:  <unknown>:1#1 
38844      INFO  Test worker     d.u.i.k.n.KeyIO           MODE: declarations took 0 ms 
38844      DEBUG Test worker     d.u.i.k.n.KeyIO           MODE: 2nd degree decls took 0 
39735      INFO  Test worker     d.u.i.k.n.KeyIO           Parsing took 0 ms 
39735      DEBUG Test worker     d.u.i.k.n.KeyIO           Load declarations of de.uka.ilkd.key.nparser.KeyAst$File:  <unknown>:1#1 
39735      INFO  Test worker     d.u.i.k.n.KeyIO           MODE: declarations took 0 ms 
39735      DEBUG Test worker     d.u.i.k.n.KeyIO           MODE: 2nd degree decls took 0 
42612      INFO  Test worker     d.u.i.k.n.KeyIO           Parsing took 0 ms 
42612      DEBUG Test worker     d.u.i.k.n.KeyIO           Load declarations of de.uka.ilkd.key.nparser.KeyAst$File:  <unknown>:1#1 
42612      INFO  Test worker     d.u.i.k.n.KeyIO           MODE: declarations took 0 ms 
42612      DEBUG Test worker     d.u.i.k.n.KeyIO           MODE: 2nd degree decls took 0 
43472      INFO  Test worker     d.u.i.k.n.KeyIO           Parsing took 0 ms 
43472      DEBUG Test worker     d.u.i.k.n.KeyIO           Load declarations of de.uka.ilkd.key.nparser.KeyAst$File:  <unknown>:1#1 
43472      INFO  Test worker     d.u.i.k.n.KeyIO           MODE: declarations took 0 ms 
43472      DEBUG Test worker     d.u.i.k.n.KeyIO           MODE: 2nd degree decls took 0 
46303      INFO  Test worker     d.u.i.k.n.KeyIO           Parsing took 0 ms 
46303      DEBUG Test worker     d.u.i.k.n.KeyIO           Load declarations of de.uka.ilkd.key.nparser.KeyAst$File:  <unknown>:1#1 
46303      INFO  Test worker     d.u.i.k.n.KeyIO           MODE: declarations took 0 ms 
46303      DEBUG Test worker     d.u.i.k.n.KeyIO           MODE: 2nd degree decls took 0 
47131      INFO  Test worker     d.u.i.k.n.KeyIO           Parsing took 0 ms 
47131      DEBUG Test worker     d.u.i.k.n.KeyIO           Load declarations of de.uka.ilkd.key.nparser.KeyAst$File:  <unknown>:1#1 
47131      INFO  Test worker     d.u.i.k.n.KeyIO           MODE: declarations took 0 ms 
47147      DEBUG Test worker     d.u.i.k.n.KeyIO           MODE: 2nd degree decls took 16 
50166      INFO  Test worker     d.u.i.k.n.KeyIO           Parsing took 0 ms 
50166      DEBUG Test worker     d.u.i.k.n.KeyIO           Load declarations of de.uka.ilkd.key.nparser.KeyAst$File:  <unknown>:1#1 
50166      INFO  Test worker     d.u.i.k.n.KeyIO           MODE: declarations took 0 ms 
50166      DEBUG Test worker     d.u.i.k.n.KeyIO           MODE: 2nd degree decls took 0 
51417      INFO  Test worker     d.u.i.k.n.KeyIO           Parsing took 0 ms 
51417      DEBUG Test worker     d.u.i.k.n.KeyIO           Load declarations of de.uka.ilkd.key.nparser.KeyAst$File:  <unknown>:1#1 
51417      INFO  Test worker     d.u.i.k.n.KeyIO           MODE: declarations took 0 ms 
51417      DEBUG Test worker     d.u.i.k.n.KeyIO           MODE: 2nd degree decls took 0 
54528      INFO  Test worker     d.u.i.k.n.KeyIO           Parsing took 0 ms 
54528      DEBUG Test worker     d.u.i.k.n.KeyIO           Load declarations of de.uka.ilkd.key.nparser.KeyAst$File:  <unknown>:1#1 
54528      INFO  Test worker     d.u.i.k.n.KeyIO           MODE: declarations took 0 ms 
54528      DEBUG Test worker     d.u.i.k.n.KeyIO           MODE: 2nd degree decls took 0 
55388      INFO  Test worker     d.u.i.k.n.KeyIO           Parsing took 0 ms 
55388      DEBUG Test worker     d.u.i.k.n.KeyIO           Load declarations of de.uka.ilkd.key.nparser.KeyAst$File:  <unknown>:1#1 
55388      INFO  Test worker     d.u.i.k.n.KeyIO           MODE: declarations took 0 ms 
55388      DEBUG Test worker     d.u.i.k.n.KeyIO           MODE: 2nd degree decls took 0 
58139      INFO  Test worker     d.u.i.k.n.KeyIO           Parsing took 0 ms 
58139      DEBUG Test worker     d.u.i.k.n.KeyIO           Load declarations of de.uka.ilkd.key.nparser.KeyAst$File:  <unknown>:1#1 
58139      INFO  Test worker     d.u.i.k.n.KeyIO           MODE: declarations took 0 ms 
58139      DEBUG Test worker     d.u.i.k.n.KeyIO           MODE: 2nd degree decls took 0 
58968      INFO  Test worker     d.u.i.k.n.KeyIO           Parsing took 0 ms 
58968      DEBUG Test worker     d.u.i.k.n.KeyIO           Load declarations of de.uka.ilkd.key.nparser.KeyAst$File:  <unknown>:1#1 
58968      INFO  Test worker     d.u.i.k.n.KeyIO           MODE: declarations took 0 ms 
58968      DEBUG Test worker     d.u.i.k.n.KeyIO           MODE: 2nd degree decls took 0 
61704      INFO  Test worker     d.u.i.k.n.KeyIO           Parsing took 0 ms 
61704      DEBUG Test worker     d.u.i.k.n.KeyIO           Load declarations of de.uka.ilkd.key.nparser.KeyAst$File:  <unknown>:1#1 
61704      INFO  Test worker     d.u.i.k.n.KeyIO           MODE: declarations took 0 ms 
61704      DEBUG Test worker     d.u.i.k.n.KeyIO           MODE: 2nd degree decls took 0 
62564      INFO  Test worker     d.u.i.k.n.KeyIO           Parsing took 0 ms 
62564      DEBUG Test worker     d.u.i.k.n.KeyIO           Load declarations of de.uka.ilkd.key.nparser.KeyAst$File:  <unknown>:1#1 
62564      INFO  Test worker     d.u.i.k.n.KeyIO           MODE: declarations took 0 ms 
62564      DEBUG Test worker     d.u.i.k.n.KeyIO           MODE: 2nd degree decls took 0 
65284      INFO  Test worker     d.u.i.k.n.KeyIO           Parsing took 0 ms 
65284      DEBUG Test worker     d.u.i.k.n.KeyIO           Load declarations of de.uka.ilkd.key.nparser.KeyAst$File:  <unknown>:1#1 
65284      INFO  Test worker     d.u.i.k.n.KeyIO           MODE: declarations took 0 ms 
65284      DEBUG Test worker     d.u.i.k.n.KeyIO           MODE: 2nd degree decls took 0 
66113      INFO  Test worker     d.u.i.k.n.KeyIO           Parsing took 0 ms 
66113      DEBUG Test worker     d.u.i.k.n.KeyIO           Load declarations of de.uka.ilkd.key.nparser.KeyAst$File:  <unknown>:1#1 
66113      INFO  Test worker     d.u.i.k.n.KeyIO           MODE: declarations took 0 ms 
66113      DEBUG Test worker     d.u.i.k.n.KeyIO           MODE: 2nd degree decls took 0 
68881      INFO  Test worker     d.u.i.k.n.KeyIO           Parsing took 0 ms 
68881      DEBUG Test worker     d.u.i.k.n.KeyIO           Load declarations of de.uka.ilkd.key.nparser.KeyAst$File:  <unknown>:1#1 
68881      INFO  Test worker     d.u.i.k.n.KeyIO           MODE: declarations took 0 ms 
68881      DEBUG Test worker     d.u.i.k.n.KeyIO           MODE: 2nd degree decls took 0 
69740      INFO  Test worker     d.u.i.k.n.KeyIO           Parsing took 0 ms 
69740      DEBUG Test worker     d.u.i.k.n.KeyIO           Load declarations of de.uka.ilkd.key.nparser.KeyAst$File:  <unknown>:1#1 
69740      INFO  Test worker     d.u.i.k.n.KeyIO           MODE: declarations took 0 ms 
69740      DEBUG Test worker     d.u.i.k.n.KeyIO           MODE: 2nd degree decls took 0 
72539      INFO  Test worker     d.u.i.k.n.KeyIO           Parsing took 0 ms 
72539      DEBUG Test worker     d.u.i.k.n.KeyIO           Load declarations of de.uka.ilkd.key.nparser.KeyAst$File:  <unknown>:1#1 
72539      INFO  Test worker     d.u.i.k.n.KeyIO           MODE: declarations took 0 ms 
72539      DEBUG Test worker     d.u.i.k.n.KeyIO           MODE: 2nd degree decls took 0 
73415      INFO  Test worker     d.u.i.k.n.KeyIO           Parsing took 0 ms 
73415      DEBUG Test worker     d.u.i.k.n.KeyIO           Load declarations of de.uka.ilkd.key.nparser.KeyAst$File:  <unknown>:1#1 
73415      INFO  Test worker     d.u.i.k.n.KeyIO           MODE: declarations took 0 ms 
73415      DEBUG Test worker     d.u.i.k.n.KeyIO           MODE: 2nd degree decls took 0 
78904      INFO  Test worker     d.u.i.k.n.KeyIO           Parsing took 0 ms 
78919      DEBUG Test worker     d.u.i.k.n.KeyIO           Load declarations of de.uka.ilkd.key.nparser.KeyAst$File:  <unknown>:1#1 
78919      INFO  Test worker     d.u.i.k.n.KeyIO           MODE: declarations took 0 ms 
78919      DEBUG Test worker     d.u.i.k.n.KeyIO           MODE: 2nd degree decls took 0 
79779      INFO  Test worker     d.u.i.k.n.KeyIO           Parsing took 0 ms 
79779      DEBUG Test worker     d.u.i.k.n.KeyIO           Load declarations of de.uka.ilkd.key.nparser.KeyAst$File:  <unknown>:1#1 
79779      INFO  Test worker     d.u.i.k.n.KeyIO           MODE: declarations took 0 ms 
79779      DEBUG Test worker     d.u.i.k.n.KeyIO           MODE: 2nd degree decls took 0 
82655      INFO  Test worker     d.u.i.k.n.KeyIO           Parsing took 0 ms 
82655      DEBUG Test worker     d.u.i.k.n.KeyIO           Load declarations of de.uka.ilkd.key.nparser.KeyAst$File:  <unknown>:1#1 
82655      INFO  Test worker     d.u.i.k.n.KeyIO           MODE: declarations took 0 ms 
82655      DEBUG Test worker     d.u.i.k.n.KeyIO           MODE: 2nd degree decls took 0 
83562      INFO  Test worker     d.u.i.k.n.KeyIO           Parsing took 0 ms 
83562      DEBUG Test worker     d.u.i.k.n.KeyIO           Load declarations of de.uka.ilkd.key.nparser.KeyAst$File:  <unknown>:1#1 
83562      INFO  Test worker     d.u.i.k.n.KeyIO           MODE: declarations took 0 ms 
83562      DEBUG Test worker     d.u.i.k.n.KeyIO           MODE: 2nd degree decls took 0 
]]></system-out>
  <system-err><![CDATA[]]></system-err>
</testsuite>
