<?xml version="1.0" encoding="UTF-8"?>
<testsuite name="de.uka.ilkd.key.parser.TestTermParserHeap" tests="39" skipped="0" failures="0" errors="0" timestamp="2023-05-04T21:49:52" hostname="fv-az1113-610" time="105.052">
  <properties/>
  <testcase name="testBracketHeapUpdate()" classname="de.uka.ilkd.key.parser.TestTermParserHeap" time="0.023"/>
  <testcase name="testStore()" classname="de.uka.ilkd.key.parser.TestTermParserHeap" time="0.007"/>
  <testcase name="testUnknownConstant()" classname="de.uka.ilkd.key.parser.TestTermParserHeap" time="0.007"/>
  <testcase name="testAllFieldsSelector()" classname="de.uka.ilkd.key.parser.TestTermParserHeap" time="0.003"/>
  <testcase name="testParsePrettyPrintedSelect()" classname="de.uka.ilkd.key.parser.TestTermParserHeap" time="0.004"/>
  <testcase name="testAccessStaticMembers()" classname="de.uka.ilkd.key.parser.TestTermParserHeap" time="0.009"/>
  <testcase name="testAtOperator_1()" classname="de.uka.ilkd.key.parser.TestTermParserHeap" time="0.001"/>
  <testcase name="testAtOperator_2()" classname="de.uka.ilkd.key.parser.TestTermParserHeap" time="0.003"/>
  <testcase name="testAtOperator_3()" classname="de.uka.ilkd.key.parser.TestTermParserHeap" time="0.004"/>
  <testcase name="testAtOperator_4()" classname="de.uka.ilkd.key.parser.TestTermParserHeap" time="0.007"/>
  <testcase name="testAtOperator_5()" classname="de.uka.ilkd.key.parser.TestTermParserHeap" time="0.004"/>
  <testcase name="testAtOperator_6()" classname="de.uka.ilkd.key.parser.TestTermParserHeap" time="0.002"/>
  <testcase name="testAtOperator_7()" classname="de.uka.ilkd.key.parser.TestTermParserHeap" time="0.003"/>
  <testcase name="testAtOperator_8()" classname="de.uka.ilkd.key.parser.TestTermParserHeap" time="0.003"/>
  <testcase name="testVerifyExceptionIfAtOperatorNotPreceededBySelectTerm()" classname="de.uka.ilkd.key.parser.TestTermParserHeap" time="0.004"/>
  <testcase name="testBugResettingCounter()" classname="de.uka.ilkd.key.parser.TestTermParserHeap" time="0.004"/>
  <testcase name="testLocationSets()" classname="de.uka.ilkd.key.parser.TestTermParserHeap" time="0.005"/>
  <testcase name="testQuantifiedSelect()" classname="de.uka.ilkd.key.parser.TestTermParserHeap" time="0.005"/>
  <testcase name="testGenericObjectProperties()" classname="de.uka.ilkd.key.parser.TestTermParserHeap" time="0.007"/>
  <testcase name="testQueryInheritance_1()" classname="de.uka.ilkd.key.parser.TestTermParserHeap" time="0.004"/>
  <testcase name="testQueryInheritance_2()" classname="de.uka.ilkd.key.parser.TestTermParserHeap" time="0.329"/>
  <testcase name="testQueryInheritance_3()" classname="de.uka.ilkd.key.parser.TestTermParserHeap" time="0.005"/>
  <testcase name="testQueryInheritance_4()" classname="de.uka.ilkd.key.parser.TestTermParserHeap" time="0.002"/>
  <testcase name="testQueryInheritance_5()" classname="de.uka.ilkd.key.parser.TestTermParserHeap" time="0.012"/>
  <testcase name="testQueryInheritance_6()" classname="de.uka.ilkd.key.parser.TestTermParserHeap" time="0.003"/>
  <testcase name="testQueryInheritance_7()" classname="de.uka.ilkd.key.parser.TestTermParserHeap" time="0.002"/>
  <testcase name="testQueryInheritance_8()" classname="de.uka.ilkd.key.parser.TestTermParserHeap" time="0.005"/>
  <testcase name="testQueryInheritance_9()" classname="de.uka.ilkd.key.parser.TestTermParserHeap" time="0.004"/>
  <testcase name="testQueryBasic_10()" classname="de.uka.ilkd.key.parser.TestTermParserHeap" time="0.002"/>
  <testcase name="testQueryBasic_11()" classname="de.uka.ilkd.key.parser.TestTermParserHeap" time="0.004"/>
  <testcase name="testQueryBasic_1()" classname="de.uka.ilkd.key.parser.TestTermParserHeap" time="0.003"/>
  <testcase name="testQueryBasic_2()" classname="de.uka.ilkd.key.parser.TestTermParserHeap" time="0.004"/>
  <testcase name="testQueryBasic_3()" classname="de.uka.ilkd.key.parser.TestTermParserHeap" time="0.004"/>
  <testcase name="testQueryBasic_4()" classname="de.uka.ilkd.key.parser.TestTermParserHeap" time="0.039"/>
  <testcase name="testQueryBasic_5()" classname="de.uka.ilkd.key.parser.TestTermParserHeap" time="0.003"/>
  <testcase name="testQueryBasic_6()" classname="de.uka.ilkd.key.parser.TestTermParserHeap" time="0.004"/>
  <testcase name="testQueryBasic_7()" classname="de.uka.ilkd.key.parser.TestTermParserHeap" time="0.004"/>
  <testcase name="testQueryBasic_8()" classname="de.uka.ilkd.key.parser.TestTermParserHeap" time="0.002"/>
  <testcase name="testQueryBasic_9()" classname="de.uka.ilkd.key.parser.TestTermParserHeap" time="0.005"/>
  <system-out><![CDATA[300158     INFO  Test worker     d.u.i.k.n.KeyIO           Parsing took 0 ms 
300158     DEBUG Test worker     d.u.i.k.n.KeyIO           Load declarations of de.uka.ilkd.key.nparser.KeyAst$File:  <unknown>:1#1 
300158     INFO  Test worker     d.u.i.k.n.KeyIO           MODE: declarations took 0 ms 
300158     DEBUG Test worker     d.u.i.k.n.KeyIO           MODE: 2nd degree decls took 0 
300158     INFO  Test worker     d.u.i.k.n.KeyIO           Parsing took 0 ms 
300158     DEBUG Test worker     d.u.i.k.n.KeyIO           Load declarations of de.uka.ilkd.key.nparser.KeyAst$File:  <unknown>:1#1 
300158     INFO  Test worker     d.u.i.k.n.KeyIO           MODE: declarations took 0 ms 
300158     DEBUG Test worker     d.u.i.k.n.KeyIO           MODE: 2nd degree decls took 0 
300158     INFO  Test worker     d.u.i.k.n.KeyIO           Parsing took 0 ms 
300158     DEBUG Test worker     d.u.i.k.n.KeyIO           Load declarations of de.uka.ilkd.key.nparser.KeyAst$File:  <unknown>:1#1 
300158     INFO  Test worker     d.u.i.k.n.KeyIO           MODE: declarations took 0 ms 
300158     DEBUG Test worker     d.u.i.k.n.KeyIO           MODE: 2nd degree decls took 0 
300158     INFO  Test worker     d.u.i.k.n.KeyIO           Parsing took 0 ms 
300158     DEBUG Test worker     d.u.i.k.n.KeyIO           Load declarations of de.uka.ilkd.key.nparser.KeyAst$File:  <unknown>:1#1 
300158     INFO  Test worker     d.u.i.k.n.KeyIO           MODE: declarations took 0 ms 
300158     DEBUG Test worker     d.u.i.k.n.KeyIO           MODE: 2nd degree decls took 0 
300158     INFO  Test worker     d.u.i.k.n.KeyIO           Parsing took 0 ms 
300158     DEBUG Test worker     d.u.i.k.n.KeyIO           Load declarations of de.uka.ilkd.key.nparser.KeyAst$File:  <unknown>:1#1 
300158     INFO  Test worker     d.u.i.k.n.KeyIO           MODE: declarations took 0 ms 
300158     DEBUG Test worker     d.u.i.k.n.KeyIO           MODE: 2nd degree decls took 0 
303082     INFO  Test worker     d.u.i.k.n.KeyIO           Parsing took 0 ms 
303082     DEBUG Test worker     d.u.i.k.n.KeyIO           Load declarations of de.uka.ilkd.key.nparser.KeyAst$File:  <unknown>:1#1 
303082     INFO  Test worker     d.u.i.k.n.KeyIO           MODE: declarations took 0 ms 
303082     DEBUG Test worker     d.u.i.k.n.KeyIO           MODE: 2nd degree decls took 0 
303082     INFO  Test worker     d.u.i.k.n.KeyIO           Parsing took 0 ms 
303082     DEBUG Test worker     d.u.i.k.n.KeyIO           Load declarations of de.uka.ilkd.key.nparser.KeyAst$File:  <unknown>:1#1 
303082     INFO  Test worker     d.u.i.k.n.KeyIO           MODE: declarations took 0 ms 
303082     DEBUG Test worker     d.u.i.k.n.KeyIO           MODE: 2nd degree decls took 0 
303082     INFO  Test worker     d.u.i.k.n.KeyIO           Parsing took 0 ms 
303082     DEBUG Test worker     d.u.i.k.n.KeyIO           Load declarations of de.uka.ilkd.key.nparser.KeyAst$File:  <unknown>:1#1 
303082     INFO  Test worker     d.u.i.k.n.KeyIO           MODE: declarations took 0 ms 
303082     DEBUG Test worker     d.u.i.k.n.KeyIO           MODE: 2nd degree decls took 0 
303082     INFO  Test worker     d.u.i.k.n.KeyIO           Parsing took 0 ms 
303082     DEBUG Test worker     d.u.i.k.n.KeyIO           Load declarations of de.uka.ilkd.key.nparser.KeyAst$File:  <unknown>:1#1 
303082     INFO  Test worker     d.u.i.k.n.KeyIO           MODE: declarations took 0 ms 
303082     DEBUG Test worker     d.u.i.k.n.KeyIO           MODE: 2nd degree decls took 0 
303082     INFO  Test worker     d.u.i.k.n.KeyIO           Parsing took 0 ms 
303082     DEBUG Test worker     d.u.i.k.n.KeyIO           Load declarations of de.uka.ilkd.key.nparser.KeyAst$File:  <unknown>:1#1 
303082     INFO  Test worker     d.u.i.k.n.KeyIO           MODE: declarations took 0 ms 
303082     DEBUG Test worker     d.u.i.k.n.KeyIO           MODE: 2nd degree decls took 0 
305881     INFO  Test worker     d.u.i.k.n.KeyIO           Parsing took 0 ms 
305896     DEBUG Test worker     d.u.i.k.n.KeyIO           Load declarations of de.uka.ilkd.key.nparser.KeyAst$File:  <unknown>:1#1 
305896     INFO  Test worker     d.u.i.k.n.KeyIO           MODE: declarations took 0 ms 
305896     DEBUG Test worker     d.u.i.k.n.KeyIO           MODE: 2nd degree decls took 0 
305896     INFO  Test worker     d.u.i.k.n.KeyIO           Parsing took 0 ms 
305896     DEBUG Test worker     d.u.i.k.n.KeyIO           Load declarations of de.uka.ilkd.key.nparser.KeyAst$File:  <unknown>:1#1 
305896     INFO  Test worker     d.u.i.k.n.KeyIO           MODE: declarations took 0 ms 
305896     DEBUG Test worker     d.u.i.k.n.KeyIO           MODE: 2nd degree decls took 0 
305896     INFO  Test worker     d.u.i.k.n.KeyIO           Parsing took 0 ms 
305896     DEBUG Test worker     d.u.i.k.n.KeyIO           Load declarations of de.uka.ilkd.key.nparser.KeyAst$File:  <unknown>:1#1 
305896     INFO  Test worker     d.u.i.k.n.KeyIO           MODE: declarations took 0 ms 
305896     DEBUG Test worker     d.u.i.k.n.KeyIO           MODE: 2nd degree decls took 0 
305896     INFO  Test worker     d.u.i.k.n.KeyIO           Parsing took 0 ms 
305896     DEBUG Test worker     d.u.i.k.n.KeyIO           Load declarations of de.uka.ilkd.key.nparser.KeyAst$File:  <unknown>:1#1 
305896     INFO  Test worker     d.u.i.k.n.KeyIO           MODE: declarations took 0 ms 
305896     DEBUG Test worker     d.u.i.k.n.KeyIO           MODE: 2nd degree decls took 0 
305896     INFO  Test worker     d.u.i.k.n.KeyIO           Parsing took 0 ms 
305896     DEBUG Test worker     d.u.i.k.n.KeyIO           Load declarations of de.uka.ilkd.key.nparser.KeyAst$File:  <unknown>:1#1 
305896     INFO  Test worker     d.u.i.k.n.KeyIO           MODE: declarations took 0 ms 
305896     DEBUG Test worker     d.u.i.k.n.KeyIO           MODE: 2nd degree decls took 0 
305896     INFO  Test worker     d.u.i.k.n.KeyIO           Parsing took 0 ms 
305896     DEBUG Test worker     d.u.i.k.n.KeyIO           Load declarations of de.uka.ilkd.key.nparser.KeyAst$File:  <unknown>:1#1 
305896     INFO  Test worker     d.u.i.k.n.KeyIO           MODE: declarations took 0 ms 
305896     DEBUG Test worker     d.u.i.k.n.KeyIO           MODE: 2nd degree decls took 0 
308774     INFO  Test worker     d.u.i.k.n.KeyIO           Parsing took 0 ms 
308774     DEBUG Test worker     d.u.i.k.n.KeyIO           Load declarations of de.uka.ilkd.key.nparser.KeyAst$File:  <unknown>:1#1 
308774     INFO  Test worker     d.u.i.k.n.KeyIO           MODE: declarations took 0 ms 
308774     DEBUG Test worker     d.u.i.k.n.KeyIO           MODE: 2nd degree decls took 0 
308774     INFO  Test worker     d.u.i.k.n.KeyIO           Parsing took 0 ms 
308774     DEBUG Test worker     d.u.i.k.n.KeyIO           Load declarations of de.uka.ilkd.key.nparser.KeyAst$File:  <unknown>:1#1 
308774     INFO  Test worker     d.u.i.k.n.KeyIO           MODE: declarations took 0 ms 
308774     DEBUG Test worker     d.u.i.k.n.KeyIO           MODE: 2nd degree decls took 0 
308774     INFO  Test worker     d.u.i.k.n.KeyIO           Parsing took 0 ms 
308774     DEBUG Test worker     d.u.i.k.n.KeyIO           Load declarations of de.uka.ilkd.key.nparser.KeyAst$File:  <unknown>:1#1 
308774     INFO  Test worker     d.u.i.k.n.KeyIO           MODE: declarations took 0 ms 
308774     DEBUG Test worker     d.u.i.k.n.KeyIO           MODE: 2nd degree decls took 0 
308774     INFO  Test worker     d.u.i.k.n.KeyIO           Parsing took 0 ms 
308774     DEBUG Test worker     d.u.i.k.n.KeyIO           Load declarations of de.uka.ilkd.key.nparser.KeyAst$File:  <unknown>:1#1 
308774     INFO  Test worker     d.u.i.k.n.KeyIO           MODE: declarations took 0 ms 
308774     DEBUG Test worker     d.u.i.k.n.KeyIO           MODE: 2nd degree decls took 0 
308774     INFO  Test worker     d.u.i.k.n.KeyIO           Parsing took 0 ms 
308774     DEBUG Test worker     d.u.i.k.n.KeyIO           Load declarations of de.uka.ilkd.key.nparser.KeyAst$File:  <unknown>:1#1 
308774     INFO  Test worker     d.u.i.k.n.KeyIO           MODE: declarations took 0 ms 
308774     DEBUG Test worker     d.u.i.k.n.KeyIO           MODE: 2nd degree decls took 0 
311619     INFO  Test worker     d.u.i.k.n.KeyIO           Parsing took 0 ms 
311619     DEBUG Test worker     d.u.i.k.n.KeyIO           Load declarations of de.uka.ilkd.key.nparser.KeyAst$File:  <unknown>:1#1 
311619     INFO  Test worker     d.u.i.k.n.KeyIO           MODE: declarations took 0 ms 
311619     DEBUG Test worker     d.u.i.k.n.KeyIO           MODE: 2nd degree decls took 0 
311619     INFO  Test worker     d.u.i.k.n.KeyIO           Parsing took 0 ms 
311619     DEBUG Test worker     d.u.i.k.n.KeyIO           Load declarations of de.uka.ilkd.key.nparser.KeyAst$File:  <unknown>:1#1 
311619     INFO  Test worker     d.u.i.k.n.KeyIO           MODE: declarations took 0 ms 
311619     DEBUG Test worker     d.u.i.k.n.KeyIO           MODE: 2nd degree decls took 0 
311619     INFO  Test worker     d.u.i.k.n.KeyIO           Parsing took 0 ms 
311619     DEBUG Test worker     d.u.i.k.n.KeyIO           Load declarations of de.uka.ilkd.key.nparser.KeyAst$File:  <unknown>:1#1 
311619     INFO  Test worker     d.u.i.k.n.KeyIO           MODE: declarations took 0 ms 
311619     DEBUG Test worker     d.u.i.k.n.KeyIO           MODE: 2nd degree decls took 0 
311619     INFO  Test worker     d.u.i.k.n.KeyIO           Parsing took 0 ms 
311619     DEBUG Test worker     d.u.i.k.n.KeyIO           Load declarations of de.uka.ilkd.key.nparser.KeyAst$File:  <unknown>:1#1 
311619     INFO  Test worker     d.u.i.k.n.KeyIO           MODE: declarations took 0 ms 
311619     DEBUG Test worker     d.u.i.k.n.KeyIO           MODE: 2nd degree decls took 0 
311619     INFO  Test worker     d.u.i.k.n.KeyIO           Parsing took 0 ms 
311619     DEBUG Test worker     d.u.i.k.n.KeyIO           Load declarations of de.uka.ilkd.key.nparser.KeyAst$File:  <unknown>:1#1 
311619     INFO  Test worker     d.u.i.k.n.KeyIO           MODE: declarations took 0 ms 
311619     DEBUG Test worker     d.u.i.k.n.KeyIO           MODE: 2nd degree decls took 0 
314355     INFO  Test worker     d.u.i.k.n.KeyIO           Parsing took 0 ms 
314355     DEBUG Test worker     d.u.i.k.n.KeyIO           Load declarations of de.uka.ilkd.key.nparser.KeyAst$File:  <unknown>:1#1 
314355     INFO  Test worker     d.u.i.k.n.KeyIO           MODE: declarations took 0 ms 
314355     DEBUG Test worker     d.u.i.k.n.KeyIO           MODE: 2nd degree decls took 0 
314355     INFO  Test worker     d.u.i.k.n.KeyIO           Parsing took 0 ms 
314355     DEBUG Test worker     d.u.i.k.n.KeyIO           Load declarations of de.uka.ilkd.key.nparser.KeyAst$File:  <unknown>:1#1 
314355     INFO  Test worker     d.u.i.k.n.KeyIO           MODE: declarations took 0 ms 
314355     DEBUG Test worker     d.u.i.k.n.KeyIO           MODE: 2nd degree decls took 0 
314355     INFO  Test worker     d.u.i.k.n.KeyIO           Parsing took 0 ms 
314355     DEBUG Test worker     d.u.i.k.n.KeyIO           Load declarations of de.uka.ilkd.key.nparser.KeyAst$File:  <unknown>:1#1 
314355     INFO  Test worker     d.u.i.k.n.KeyIO           MODE: declarations took 0 ms 
314355     DEBUG Test worker     d.u.i.k.n.KeyIO           MODE: 2nd degree decls took 0 
314355     INFO  Test worker     d.u.i.k.n.KeyIO           Parsing took 0 ms 
314355     DEBUG Test worker     d.u.i.k.n.KeyIO           Load declarations of de.uka.ilkd.key.nparser.KeyAst$File:  <unknown>:1#1 
314355     INFO  Test worker     d.u.i.k.n.KeyIO           MODE: declarations took 0 ms 
314355     DEBUG Test worker     d.u.i.k.n.KeyIO           MODE: 2nd degree decls took 0 
314355     INFO  Test worker     d.u.i.k.n.KeyIO           Parsing took 0 ms 
314355     DEBUG Test worker     d.u.i.k.n.KeyIO           Load declarations of de.uka.ilkd.key.nparser.KeyAst$File:  <unknown>:1#1 
314355     INFO  Test worker     d.u.i.k.n.KeyIO           MODE: declarations took 0 ms 
314355     DEBUG Test worker     d.u.i.k.n.KeyIO           MODE: 2nd degree decls took 0 
317138     INFO  Test worker     d.u.i.k.n.KeyIO           Parsing took 0 ms 
317138     DEBUG Test worker     d.u.i.k.n.KeyIO           Load declarations of de.uka.ilkd.key.nparser.KeyAst$File:  <unknown>:1#1 
317138     INFO  Test worker     d.u.i.k.n.KeyIO           MODE: declarations took 0 ms 
317138     DEBUG Test worker     d.u.i.k.n.KeyIO           MODE: 2nd degree decls took 0 
317138     INFO  Test worker     d.u.i.k.n.KeyIO           Parsing took 0 ms 
317138     DEBUG Test worker     d.u.i.k.n.KeyIO           Load declarations of de.uka.ilkd.key.nparser.KeyAst$File:  <unknown>:1#1 
317138     INFO  Test worker     d.u.i.k.n.KeyIO           MODE: declarations took 0 ms 
317138     DEBUG Test worker     d.u.i.k.n.KeyIO           MODE: 2nd degree decls took 0 
317138     INFO  Test worker     d.u.i.k.n.KeyIO           Parsing took 0 ms 
317138     DEBUG Test worker     d.u.i.k.n.KeyIO           Load declarations of de.uka.ilkd.key.nparser.KeyAst$File:  <unknown>:1#1 
317138     INFO  Test worker     d.u.i.k.n.KeyIO           MODE: declarations took 0 ms 
317138     DEBUG Test worker     d.u.i.k.n.KeyIO           MODE: 2nd degree decls took 0 
317138     INFO  Test worker     d.u.i.k.n.KeyIO           Parsing took 0 ms 
317138     DEBUG Test worker     d.u.i.k.n.KeyIO           Load declarations of de.uka.ilkd.key.nparser.KeyAst$File:  <unknown>:1#1 
317138     INFO  Test worker     d.u.i.k.n.KeyIO           MODE: declarations took 0 ms 
317138     DEBUG Test worker     d.u.i.k.n.KeyIO           MODE: 2nd degree decls took 0 
317138     INFO  Test worker     d.u.i.k.n.KeyIO           Parsing took 0 ms 
317138     DEBUG Test worker     d.u.i.k.n.KeyIO           Load declarations of de.uka.ilkd.key.nparser.KeyAst$File:  <unknown>:1#1 
317138     INFO  Test worker     d.u.i.k.n.KeyIO           MODE: declarations took 0 ms 
317138     DEBUG Test worker     d.u.i.k.n.KeyIO           MODE: 2nd degree decls took 0 
319967     INFO  Test worker     d.u.i.k.n.KeyIO           Parsing took 0 ms 
319967     DEBUG Test worker     d.u.i.k.n.KeyIO           Load declarations of de.uka.ilkd.key.nparser.KeyAst$File:  <unknown>:1#1 
319967     INFO  Test worker     d.u.i.k.n.KeyIO           MODE: declarations took 0 ms 
319967     DEBUG Test worker     d.u.i.k.n.KeyIO           MODE: 2nd degree decls took 0 
319967     INFO  Test worker     d.u.i.k.n.KeyIO           Parsing took 0 ms 
319967     DEBUG Test worker     d.u.i.k.n.KeyIO           Load declarations of de.uka.ilkd.key.nparser.KeyAst$File:  <unknown>:1#1 
319967     INFO  Test worker     d.u.i.k.n.KeyIO           MODE: declarations took 0 ms 
319967     DEBUG Test worker     d.u.i.k.n.KeyIO           MODE: 2nd degree decls took 0 
319967     INFO  Test worker     d.u.i.k.n.KeyIO           Parsing took 0 ms 
319967     DEBUG Test worker     d.u.i.k.n.KeyIO           Load declarations of de.uka.ilkd.key.nparser.KeyAst$File:  <unknown>:1#1 
319967     INFO  Test worker     d.u.i.k.n.KeyIO           MODE: declarations took 0 ms 
319967     DEBUG Test worker     d.u.i.k.n.KeyIO           MODE: 2nd degree decls took 0 
319967     INFO  Test worker     d.u.i.k.n.KeyIO           Parsing took 0 ms 
319967     DEBUG Test worker     d.u.i.k.n.KeyIO           Load declarations of de.uka.ilkd.key.nparser.KeyAst$File:  <unknown>:1#1 
319967     INFO  Test worker     d.u.i.k.n.KeyIO           MODE: declarations took 0 ms 
319967     DEBUG Test worker     d.u.i.k.n.KeyIO           MODE: 2nd degree decls took 0 
319967     INFO  Test worker     d.u.i.k.n.KeyIO           Parsing took 0 ms 
319967     DEBUG Test worker     d.u.i.k.n.KeyIO           Load declarations of de.uka.ilkd.key.nparser.KeyAst$File:  <unknown>:1#1 
319967     INFO  Test worker     d.u.i.k.n.KeyIO           MODE: declarations took 0 ms 
319967     DEBUG Test worker     d.u.i.k.n.KeyIO           MODE: 2nd degree decls took 0 
322719     INFO  Test worker     d.u.i.k.n.KeyIO           Parsing took 0 ms 
322719     DEBUG Test worker     d.u.i.k.n.KeyIO           Load declarations of de.uka.ilkd.key.nparser.KeyAst$File:  <unknown>:1#1 
322719     INFO  Test worker     d.u.i.k.n.KeyIO           MODE: declarations took 0 ms 
322719     DEBUG Test worker     d.u.i.k.n.KeyIO           MODE: 2nd degree decls took 0 
322719     INFO  Test worker     d.u.i.k.n.KeyIO           Parsing took 0 ms 
322719     DEBUG Test worker     d.u.i.k.n.KeyIO           Load declarations of de.uka.ilkd.key.nparser.KeyAst$File:  <unknown>:1#1 
322719     INFO  Test worker     d.u.i.k.n.KeyIO           MODE: declarations took 0 ms 
322719     DEBUG Test worker     d.u.i.k.n.KeyIO           MODE: 2nd degree decls took 0 
322719     INFO  Test worker     d.u.i.k.n.KeyIO           Parsing took 0 ms 
322719     DEBUG Test worker     d.u.i.k.n.KeyIO           Load declarations of de.uka.ilkd.key.nparser.KeyAst$File:  <unknown>:1#1 
322719     INFO  Test worker     d.u.i.k.n.KeyIO           MODE: declarations took 0 ms 
322719     DEBUG Test worker     d.u.i.k.n.KeyIO           MODE: 2nd degree decls took 0 
322719     INFO  Test worker     d.u.i.k.n.KeyIO           Parsing took 0 ms 
322719     DEBUG Test worker     d.u.i.k.n.KeyIO           Load declarations of de.uka.ilkd.key.nparser.KeyAst$File:  <unknown>:1#1 
322719     INFO  Test worker     d.u.i.k.n.KeyIO           MODE: declarations took 0 ms 
322719     DEBUG Test worker     d.u.i.k.n.KeyIO           MODE: 2nd degree decls took 0 
322719     INFO  Test worker     d.u.i.k.n.KeyIO           Parsing took 0 ms 
322719     DEBUG Test worker     d.u.i.k.n.KeyIO           Load declarations of de.uka.ilkd.key.nparser.KeyAst$File:  <unknown>:1#1 
322719     INFO  Test worker     d.u.i.k.n.KeyIO           MODE: declarations took 0 ms 
322719     DEBUG Test worker     d.u.i.k.n.KeyIO           MODE: 2nd degree decls took 0 
325487     INFO  Test worker     d.u.i.k.n.KeyIO           Parsing took 0 ms 
325487     DEBUG Test worker     d.u.i.k.n.KeyIO           Load declarations of de.uka.ilkd.key.nparser.KeyAst$File:  <unknown>:1#1 
325487     INFO  Test worker     d.u.i.k.n.KeyIO           MODE: declarations took 0 ms 
325487     DEBUG Test worker     d.u.i.k.n.KeyIO           MODE: 2nd degree decls took 0 
325487     INFO  Test worker     d.u.i.k.n.KeyIO           Parsing took 0 ms 
325487     DEBUG Test worker     d.u.i.k.n.KeyIO           Load declarations of de.uka.ilkd.key.nparser.KeyAst$File:  <unknown>:1#1 
325487     INFO  Test worker     d.u.i.k.n.KeyIO           MODE: declarations took 0 ms 
325487     DEBUG Test worker     d.u.i.k.n.KeyIO           MODE: 2nd degree decls took 0 
325487     INFO  Test worker     d.u.i.k.n.KeyIO           Parsing took 0 ms 
325487     DEBUG Test worker     d.u.i.k.n.KeyIO           Load declarations of de.uka.ilkd.key.nparser.KeyAst$File:  <unknown>:1#1 
325487     INFO  Test worker     d.u.i.k.n.KeyIO           MODE: declarations took 0 ms 
325487     DEBUG Test worker     d.u.i.k.n.KeyIO           MODE: 2nd degree decls took 0 
325487     INFO  Test worker     d.u.i.k.n.KeyIO           Parsing took 0 ms 
325487     DEBUG Test worker     d.u.i.k.n.KeyIO           Load declarations of de.uka.ilkd.key.nparser.KeyAst$File:  <unknown>:1#1 
325487     INFO  Test worker     d.u.i.k.n.KeyIO           MODE: declarations took 0 ms 
325487     DEBUG Test worker     d.u.i.k.n.KeyIO           MODE: 2nd degree decls took 0 
325487     INFO  Test worker     d.u.i.k.n.KeyIO           Parsing took 0 ms 
325487     DEBUG Test worker     d.u.i.k.n.KeyIO           Load declarations of de.uka.ilkd.key.nparser.KeyAst$File:  <unknown>:1#1 
325487     INFO  Test worker     d.u.i.k.n.KeyIO           MODE: declarations took 0 ms 
325487     DEBUG Test worker     d.u.i.k.n.KeyIO           MODE: 2nd degree decls took 0 
328238     INFO  Test worker     d.u.i.k.n.KeyIO           Parsing took 0 ms 
328254     DEBUG Test worker     d.u.i.k.n.KeyIO           Load declarations of de.uka.ilkd.key.nparser.KeyAst$File:  <unknown>:1#1 
328254     INFO  Test worker     d.u.i.k.n.KeyIO           MODE: declarations took 0 ms 
328254     DEBUG Test worker     d.u.i.k.n.KeyIO           MODE: 2nd degree decls took 0 
328254     INFO  Test worker     d.u.i.k.n.KeyIO           Parsing took 0 ms 
328254     DEBUG Test worker     d.u.i.k.n.KeyIO           Load declarations of de.uka.ilkd.key.nparser.KeyAst$File:  <unknown>:1#1 
328254     INFO  Test worker     d.u.i.k.n.KeyIO           MODE: declarations took 0 ms 
328254     DEBUG Test worker     d.u.i.k.n.KeyIO           MODE: 2nd degree decls took 0 
328254     INFO  Test worker     d.u.i.k.n.KeyIO           Parsing took 0 ms 
328254     DEBUG Test worker     d.u.i.k.n.KeyIO           Load declarations of de.uka.ilkd.key.nparser.KeyAst$File:  <unknown>:1#1 
328254     INFO  Test worker     d.u.i.k.n.KeyIO           MODE: declarations took 0 ms 
328254     DEBUG Test worker     d.u.i.k.n.KeyIO           MODE: 2nd degree decls took 0 
328254     INFO  Test worker     d.u.i.k.n.KeyIO           Parsing took 0 ms 
328254     DEBUG Test worker     d.u.i.k.n.KeyIO           Load declarations of de.uka.ilkd.key.nparser.KeyAst$File:  <unknown>:1#1 
328254     INFO  Test worker     d.u.i.k.n.KeyIO           MODE: declarations took 0 ms 
328254     DEBUG Test worker     d.u.i.k.n.KeyIO           MODE: 2nd degree decls took 0 
328254     INFO  Test worker     d.u.i.k.n.KeyIO           Parsing took 0 ms 
328254     DEBUG Test worker     d.u.i.k.n.KeyIO           Load declarations of de.uka.ilkd.key.nparser.KeyAst$File:  <unknown>:1#1 
328254     INFO  Test worker     d.u.i.k.n.KeyIO           MODE: declarations took 0 ms 
328254     DEBUG Test worker     d.u.i.k.n.KeyIO           MODE: 2nd degree decls took 0 
330991     INFO  Test worker     d.u.i.k.n.KeyIO           Parsing took 0 ms 
330991     DEBUG Test worker     d.u.i.k.n.KeyIO           Load declarations of de.uka.ilkd.key.nparser.KeyAst$File:  <unknown>:1#1 
330991     INFO  Test worker     d.u.i.k.n.KeyIO           MODE: declarations took 0 ms 
330991     DEBUG Test worker     d.u.i.k.n.KeyIO           MODE: 2nd degree decls took 0 
330991     INFO  Test worker     d.u.i.k.n.KeyIO           Parsing took 0 ms 
330991     DEBUG Test worker     d.u.i.k.n.KeyIO           Load declarations of de.uka.ilkd.key.nparser.KeyAst$File:  <unknown>:1#1 
330991     INFO  Test worker     d.u.i.k.n.KeyIO           MODE: declarations took 0 ms 
330991     DEBUG Test worker     d.u.i.k.n.KeyIO           MODE: 2nd degree decls took 0 
330991     INFO  Test worker     d.u.i.k.n.KeyIO           Parsing took 0 ms 
330991     DEBUG Test worker     d.u.i.k.n.KeyIO           Load declarations of de.uka.ilkd.key.nparser.KeyAst$File:  <unknown>:1#1 
330991     INFO  Test worker     d.u.i.k.n.KeyIO           MODE: declarations took 0 ms 
330991     DEBUG Test worker     d.u.i.k.n.KeyIO           MODE: 2nd degree decls took 0 
330991     INFO  Test worker     d.u.i.k.n.KeyIO           Parsing took 0 ms 
330991     DEBUG Test worker     d.u.i.k.n.KeyIO           Load declarations of de.uka.ilkd.key.nparser.KeyAst$File:  <unknown>:1#1 
330991     INFO  Test worker     d.u.i.k.n.KeyIO           MODE: declarations took 0 ms 
330991     DEBUG Test worker     d.u.i.k.n.KeyIO           MODE: 2nd degree decls took 0 
330991     INFO  Test worker     d.u.i.k.n.KeyIO           Parsing took 0 ms 
330991     DEBUG Test worker     d.u.i.k.n.KeyIO           Load declarations of de.uka.ilkd.key.nparser.KeyAst$File:  <unknown>:1#1 
330991     INFO  Test worker     d.u.i.k.n.KeyIO           MODE: declarations took 0 ms 
330991     DEBUG Test worker     d.u.i.k.n.KeyIO           MODE: 2nd degree decls took 0 
333727     INFO  Test worker     d.u.i.k.n.KeyIO           Parsing took 0 ms 
333727     DEBUG Test worker     d.u.i.k.n.KeyIO           Load declarations of de.uka.ilkd.key.nparser.KeyAst$File:  <unknown>:1#1 
333727     INFO  Test worker     d.u.i.k.n.KeyIO           MODE: declarations took 0 ms 
333727     DEBUG Test worker     d.u.i.k.n.KeyIO           MODE: 2nd degree decls took 0 
333727     INFO  Test worker     d.u.i.k.n.KeyIO           Parsing took 0 ms 
333727     DEBUG Test worker     d.u.i.k.n.KeyIO           Load declarations of de.uka.ilkd.key.nparser.KeyAst$File:  <unknown>:1#1 
333742     INFO  Test worker     d.u.i.k.n.KeyIO           MODE: declarations took 15 ms 
333742     DEBUG Test worker     d.u.i.k.n.KeyIO           MODE: 2nd degree decls took 0 
333742     INFO  Test worker     d.u.i.k.n.KeyIO           Parsing took 0 ms 
333742     DEBUG Test worker     d.u.i.k.n.KeyIO           Load declarations of de.uka.ilkd.key.nparser.KeyAst$File:  <unknown>:1#1 
333742     INFO  Test worker     d.u.i.k.n.KeyIO           MODE: declarations took 0 ms 
333742     DEBUG Test worker     d.u.i.k.n.KeyIO           MODE: 2nd degree decls took 0 
333742     INFO  Test worker     d.u.i.k.n.KeyIO           Parsing took 0 ms 
333742     DEBUG Test worker     d.u.i.k.n.KeyIO           Load declarations of de.uka.ilkd.key.nparser.KeyAst$File:  <unknown>:1#1 
333742     INFO  Test worker     d.u.i.k.n.KeyIO           MODE: declarations took 0 ms 
333742     DEBUG Test worker     d.u.i.k.n.KeyIO           MODE: 2nd degree decls took 0 
333742     INFO  Test worker     d.u.i.k.n.KeyIO           Parsing took 0 ms 
333742     DEBUG Test worker     d.u.i.k.n.KeyIO           Load declarations of de.uka.ilkd.key.nparser.KeyAst$File:  <unknown>:1#1 
333742     INFO  Test worker     d.u.i.k.n.KeyIO           MODE: declarations took 0 ms 
333742     DEBUG Test worker     d.u.i.k.n.KeyIO           MODE: 2nd degree decls took 0 
336495     INFO  Test worker     d.u.i.k.n.KeyIO           Parsing took 0 ms 
336495     DEBUG Test worker     d.u.i.k.n.KeyIO           Load declarations of de.uka.ilkd.key.nparser.KeyAst$File:  <unknown>:1#1 
336495     INFO  Test worker     d.u.i.k.n.KeyIO           MODE: declarations took 0 ms 
336495     DEBUG Test worker     d.u.i.k.n.KeyIO           MODE: 2nd degree decls took 0 
336495     INFO  Test worker     d.u.i.k.n.KeyIO           Parsing took 0 ms 
336495     DEBUG Test worker     d.u.i.k.n.KeyIO           Load declarations of de.uka.ilkd.key.nparser.KeyAst$File:  <unknown>:1#1 
336495     INFO  Test worker     d.u.i.k.n.KeyIO           MODE: declarations took 0 ms 
336495     DEBUG Test worker     d.u.i.k.n.KeyIO           MODE: 2nd degree decls took 0 
336495     INFO  Test worker     d.u.i.k.n.KeyIO           Parsing took 0 ms 
336495     DEBUG Test worker     d.u.i.k.n.KeyIO           Load declarations of de.uka.ilkd.key.nparser.KeyAst$File:  <unknown>:1#1 
336495     INFO  Test worker     d.u.i.k.n.KeyIO           MODE: declarations took 0 ms 
336495     DEBUG Test worker     d.u.i.k.n.KeyIO           MODE: 2nd degree decls took 0 
336495     INFO  Test worker     d.u.i.k.n.KeyIO           Parsing took 0 ms 
336495     DEBUG Test worker     d.u.i.k.n.KeyIO           Load declarations of de.uka.ilkd.key.nparser.KeyAst$File:  <unknown>:1#1 
336495     INFO  Test worker     d.u.i.k.n.KeyIO           MODE: declarations took 0 ms 
336495     DEBUG Test worker     d.u.i.k.n.KeyIO           MODE: 2nd degree decls took 0 
336495     INFO  Test worker     d.u.i.k.n.KeyIO           Parsing took 0 ms 
336495     DEBUG Test worker     d.u.i.k.n.KeyIO           Load declarations of de.uka.ilkd.key.nparser.KeyAst$File:  <unknown>:1#1 
336495     INFO  Test worker     d.u.i.k.n.KeyIO           MODE: declarations took 0 ms 
336495     DEBUG Test worker     d.u.i.k.n.KeyIO           MODE: 2nd degree decls took 0 
339261     INFO  Test worker     d.u.i.k.n.KeyIO           Parsing took 0 ms 
339261     DEBUG Test worker     d.u.i.k.n.KeyIO           Load declarations of de.uka.ilkd.key.nparser.KeyAst$File:  <unknown>:1#1 
339261     INFO  Test worker     d.u.i.k.n.KeyIO           MODE: declarations took 0 ms 
339261     DEBUG Test worker     d.u.i.k.n.KeyIO           MODE: 2nd degree decls took 0 
339261     INFO  Test worker     d.u.i.k.n.KeyIO           Parsing took 0 ms 
339261     DEBUG Test worker     d.u.i.k.n.KeyIO           Load declarations of de.uka.ilkd.key.nparser.KeyAst$File:  <unknown>:1#1 
339261     INFO  Test worker     d.u.i.k.n.KeyIO           MODE: declarations took 0 ms 
339261     DEBUG Test worker     d.u.i.k.n.KeyIO           MODE: 2nd degree decls took 0 
339261     INFO  Test worker     d.u.i.k.n.KeyIO           Parsing took 0 ms 
339261     DEBUG Test worker     d.u.i.k.n.KeyIO           Load declarations of de.uka.ilkd.key.nparser.KeyAst$File:  <unknown>:1#1 
339261     INFO  Test worker     d.u.i.k.n.KeyIO           MODE: declarations took 0 ms 
339261     DEBUG Test worker     d.u.i.k.n.KeyIO           MODE: 2nd degree decls took 0 
339261     INFO  Test worker     d.u.i.k.n.KeyIO           Parsing took 0 ms 
339261     DEBUG Test worker     d.u.i.k.n.KeyIO           Load declarations of de.uka.ilkd.key.nparser.KeyAst$File:  <unknown>:1#1 
339261     INFO  Test worker     d.u.i.k.n.KeyIO           MODE: declarations took 0 ms 
339261     DEBUG Test worker     d.u.i.k.n.KeyIO           MODE: 2nd degree decls took 0 
339261     INFO  Test worker     d.u.i.k.n.KeyIO           Parsing took 0 ms 
339261     DEBUG Test worker     d.u.i.k.n.KeyIO           Load declarations of de.uka.ilkd.key.nparser.KeyAst$File:  <unknown>:1#1 
339261     INFO  Test worker     d.u.i.k.n.KeyIO           MODE: declarations took 0 ms 
339261     DEBUG Test worker     d.u.i.k.n.KeyIO           MODE: 2nd degree decls took 0 
339261     WARN  Test worker     d.u.i.k.n.KeYParser       [syntax-error] <unknown>:1:11: mismatched input '@' expecting {'/', ':=', '.', '(', ')', '{', '[', '@', PARALLEL, OR, AND, IMP, '=', NOT_EQUALS, '%', '*', '-', '+', '>', GREATEREQUAL, '<', LESSEQUAL, LGUILLEMETS, EQV} [@11,11:11='@',<153>,1:11] (termEOF) 
341965     INFO  Test worker     d.u.i.k.n.KeyIO           Parsing took 0 ms 
341965     DEBUG Test worker     d.u.i.k.n.KeyIO           Load declarations of de.uka.ilkd.key.nparser.KeyAst$File:  <unknown>:1#1 
341965     INFO  Test worker     d.u.i.k.n.KeyIO           MODE: declarations took 0 ms 
341965     DEBUG Test worker     d.u.i.k.n.KeyIO           MODE: 2nd degree decls took 0 
341965     INFO  Test worker     d.u.i.k.n.KeyIO           Parsing took 0 ms 
341965     DEBUG Test worker     d.u.i.k.n.KeyIO           Load declarations of de.uka.ilkd.key.nparser.KeyAst$File:  <unknown>:1#1 
341965     INFO  Test worker     d.u.i.k.n.KeyIO           MODE: declarations took 0 ms 
341965     DEBUG Test worker     d.u.i.k.n.KeyIO           MODE: 2nd degree decls took 0 
341965     INFO  Test worker     d.u.i.k.n.KeyIO           Parsing took 0 ms 
341965     DEBUG Test worker     d.u.i.k.n.KeyIO           Load declarations of de.uka.ilkd.key.nparser.KeyAst$File:  <unknown>:1#1 
341965     INFO  Test worker     d.u.i.k.n.KeyIO           MODE: declarations took 0 ms 
341965     DEBUG Test worker     d.u.i.k.n.KeyIO           MODE: 2nd degree decls took 0 
341965     INFO  Test worker     d.u.i.k.n.KeyIO           Parsing took 0 ms 
341965     DEBUG Test worker     d.u.i.k.n.KeyIO           Load declarations of de.uka.ilkd.key.nparser.KeyAst$File:  <unknown>:1#1 
341965     INFO  Test worker     d.u.i.k.n.KeyIO           MODE: declarations took 0 ms 
341965     DEBUG Test worker     d.u.i.k.n.KeyIO           MODE: 2nd degree decls took 0 
341965     INFO  Test worker     d.u.i.k.n.KeyIO           Parsing took 0 ms 
341965     DEBUG Test worker     d.u.i.k.n.KeyIO           Load declarations of de.uka.ilkd.key.nparser.KeyAst$File:  <unknown>:1#1 
341965     INFO  Test worker     d.u.i.k.n.KeyIO           MODE: declarations took 0 ms 
341965     DEBUG Test worker     d.u.i.k.n.KeyIO           MODE: 2nd degree decls took 0 
344717     INFO  Test worker     d.u.i.k.n.KeyIO           Parsing took 0 ms 
344717     DEBUG Test worker     d.u.i.k.n.KeyIO           Load declarations of de.uka.ilkd.key.nparser.KeyAst$File:  <unknown>:1#1 
344717     INFO  Test worker     d.u.i.k.n.KeyIO           MODE: declarations took 0 ms 
344717     DEBUG Test worker     d.u.i.k.n.KeyIO           MODE: 2nd degree decls took 0 
344717     INFO  Test worker     d.u.i.k.n.KeyIO           Parsing took 0 ms 
344717     DEBUG Test worker     d.u.i.k.n.KeyIO           Load declarations of de.uka.ilkd.key.nparser.KeyAst$File:  <unknown>:1#1 
344717     INFO  Test worker     d.u.i.k.n.KeyIO           MODE: declarations took 0 ms 
344717     DEBUG Test worker     d.u.i.k.n.KeyIO           MODE: 2nd degree decls took 0 
344717     INFO  Test worker     d.u.i.k.n.KeyIO           Parsing took 0 ms 
344717     DEBUG Test worker     d.u.i.k.n.KeyIO           Load declarations of de.uka.ilkd.key.nparser.KeyAst$File:  <unknown>:1#1 
344717     INFO  Test worker     d.u.i.k.n.KeyIO           MODE: declarations took 0 ms 
344717     DEBUG Test worker     d.u.i.k.n.KeyIO           MODE: 2nd degree decls took 0 
344717     INFO  Test worker     d.u.i.k.n.KeyIO           Parsing took 0 ms 
344717     DEBUG Test worker     d.u.i.k.n.KeyIO           Load declarations of de.uka.ilkd.key.nparser.KeyAst$File:  <unknown>:1#1 
344717     INFO  Test worker     d.u.i.k.n.KeyIO           MODE: declarations took 0 ms 
344717     DEBUG Test worker     d.u.i.k.n.KeyIO           MODE: 2nd degree decls took 0 
344717     INFO  Test worker     d.u.i.k.n.KeyIO           Parsing took 0 ms 
344717     DEBUG Test worker     d.u.i.k.n.KeyIO           Load declarations of de.uka.ilkd.key.nparser.KeyAst$File:  <unknown>:1#1 
344717     INFO  Test worker     d.u.i.k.n.KeyIO           MODE: declarations took 0 ms 
344717     DEBUG Test worker     d.u.i.k.n.KeyIO           MODE: 2nd degree decls took 0 
347470     INFO  Test worker     d.u.i.k.n.KeyIO           Parsing took 0 ms 
347470     DEBUG Test worker     d.u.i.k.n.KeyIO           Load declarations of de.uka.ilkd.key.nparser.KeyAst$File:  <unknown>:1#1 
347470     INFO  Test worker     d.u.i.k.n.KeyIO           MODE: declarations took 0 ms 
347470     DEBUG Test worker     d.u.i.k.n.KeyIO           MODE: 2nd degree decls took 0 
347470     INFO  Test worker     d.u.i.k.n.KeyIO           Parsing took 0 ms 
347470     DEBUG Test worker     d.u.i.k.n.KeyIO           Load declarations of de.uka.ilkd.key.nparser.KeyAst$File:  <unknown>:1#1 
347470     INFO  Test worker     d.u.i.k.n.KeyIO           MODE: declarations took 0 ms 
347470     DEBUG Test worker     d.u.i.k.n.KeyIO           MODE: 2nd degree decls took 0 
347470     INFO  Test worker     d.u.i.k.n.KeyIO           Parsing took 0 ms 
347470     DEBUG Test worker     d.u.i.k.n.KeyIO           Load declarations of de.uka.ilkd.key.nparser.KeyAst$File:  <unknown>:1#1 
347470     INFO  Test worker     d.u.i.k.n.KeyIO           MODE: declarations took 0 ms 
347470     DEBUG Test worker     d.u.i.k.n.KeyIO           MODE: 2nd degree decls took 0 
347470     INFO  Test worker     d.u.i.k.n.KeyIO           Parsing took 0 ms 
347470     DEBUG Test worker     d.u.i.k.n.KeyIO           Load declarations of de.uka.ilkd.key.nparser.KeyAst$File:  <unknown>:1#1 
347470     INFO  Test worker     d.u.i.k.n.KeyIO           MODE: declarations took 0 ms 
347470     DEBUG Test worker     d.u.i.k.n.KeyIO           MODE: 2nd degree decls took 0 
347470     INFO  Test worker     d.u.i.k.n.KeyIO           Parsing took 0 ms 
347470     DEBUG Test worker     d.u.i.k.n.KeyIO           Load declarations of de.uka.ilkd.key.nparser.KeyAst$File:  <unknown>:1#1 
347470     INFO  Test worker     d.u.i.k.n.KeyIO           MODE: declarations took 0 ms 
347470     DEBUG Test worker     d.u.i.k.n.KeyIO           MODE: 2nd degree decls took 0 
350205     INFO  Test worker     d.u.i.k.n.KeyIO           Parsing took 0 ms 
350205     DEBUG Test worker     d.u.i.k.n.KeyIO           Load declarations of de.uka.ilkd.key.nparser.KeyAst$File:  <unknown>:1#1 
350205     INFO  Test worker     d.u.i.k.n.KeyIO           MODE: declarations took 0 ms 
350205     DEBUG Test worker     d.u.i.k.n.KeyIO           MODE: 2nd degree decls took 0 
350205     INFO  Test worker     d.u.i.k.n.KeyIO           Parsing took 0 ms 
350205     DEBUG Test worker     d.u.i.k.n.KeyIO           Load declarations of de.uka.ilkd.key.nparser.KeyAst$File:  <unknown>:1#1 
350205     INFO  Test worker     d.u.i.k.n.KeyIO           MODE: declarations took 0 ms 
350205     DEBUG Test worker     d.u.i.k.n.KeyIO           MODE: 2nd degree decls took 0 
350205     INFO  Test worker     d.u.i.k.n.KeyIO           Parsing took 0 ms 
350205     DEBUG Test worker     d.u.i.k.n.KeyIO           Load declarations of de.uka.ilkd.key.nparser.KeyAst$File:  <unknown>:1#1 
350205     INFO  Test worker     d.u.i.k.n.KeyIO           MODE: declarations took 0 ms 
350205     DEBUG Test worker     d.u.i.k.n.KeyIO           MODE: 2nd degree decls took 0 
350205     INFO  Test worker     d.u.i.k.n.KeyIO           Parsing took 0 ms 
350205     DEBUG Test worker     d.u.i.k.n.KeyIO           Load declarations of de.uka.ilkd.key.nparser.KeyAst$File:  <unknown>:1#1 
350205     INFO  Test worker     d.u.i.k.n.KeyIO           MODE: declarations took 0 ms 
350205     DEBUG Test worker     d.u.i.k.n.KeyIO           MODE: 2nd degree decls took 0 
350205     INFO  Test worker     d.u.i.k.n.KeyIO           Parsing took 0 ms 
350205     DEBUG Test worker     d.u.i.k.n.KeyIO           Load declarations of de.uka.ilkd.key.nparser.KeyAst$File:  <unknown>:1#1 
350205     INFO  Test worker     d.u.i.k.n.KeyIO           MODE: declarations took 0 ms 
350205     DEBUG Test worker     d.u.i.k.n.KeyIO           MODE: 2nd degree decls took 0 
352958     INFO  Test worker     d.u.i.k.n.KeyIO           Parsing took 0 ms 
352958     DEBUG Test worker     d.u.i.k.n.KeyIO           Load declarations of de.uka.ilkd.key.nparser.KeyAst$File:  <unknown>:1#1 
352958     INFO  Test worker     d.u.i.k.n.KeyIO           MODE: declarations took 0 ms 
352958     DEBUG Test worker     d.u.i.k.n.KeyIO           MODE: 2nd degree decls took 0 
352958     INFO  Test worker     d.u.i.k.n.KeyIO           Parsing took 0 ms 
352958     DEBUG Test worker     d.u.i.k.n.KeyIO           Load declarations of de.uka.ilkd.key.nparser.KeyAst$File:  <unknown>:1#1 
352958     INFO  Test worker     d.u.i.k.n.KeyIO           MODE: declarations took 0 ms 
352958     DEBUG Test worker     d.u.i.k.n.KeyIO           MODE: 2nd degree decls took 0 
352958     INFO  Test worker     d.u.i.k.n.KeyIO           Parsing took 0 ms 
352958     DEBUG Test worker     d.u.i.k.n.KeyIO           Load declarations of de.uka.ilkd.key.nparser.KeyAst$File:  <unknown>:1#1 
352958     INFO  Test worker     d.u.i.k.n.KeyIO           MODE: declarations took 0 ms 
352958     DEBUG Test worker     d.u.i.k.n.KeyIO           MODE: 2nd degree decls took 0 
352958     INFO  Test worker     d.u.i.k.n.KeyIO           Parsing took 0 ms 
352958     DEBUG Test worker     d.u.i.k.n.KeyIO           Load declarations of de.uka.ilkd.key.nparser.KeyAst$File:  <unknown>:1#1 
352958     INFO  Test worker     d.u.i.k.n.KeyIO           MODE: declarations took 0 ms 
352958     DEBUG Test worker     d.u.i.k.n.KeyIO           MODE: 2nd degree decls took 0 
352958     INFO  Test worker     d.u.i.k.n.KeyIO           Parsing took 0 ms 
352958     DEBUG Test worker     d.u.i.k.n.KeyIO           Load declarations of de.uka.ilkd.key.nparser.KeyAst$File:  <unknown>:1#1 
352958     INFO  Test worker     d.u.i.k.n.KeyIO           MODE: declarations took 0 ms 
352958     DEBUG Test worker     d.u.i.k.n.KeyIO           MODE: 2nd degree decls took 0 
355681     INFO  Test worker     d.u.i.k.n.KeyIO           Parsing took 0 ms 
355681     DEBUG Test worker     d.u.i.k.n.KeyIO           Load declarations of de.uka.ilkd.key.nparser.KeyAst$File:  <unknown>:1#1 
355681     INFO  Test worker     d.u.i.k.n.KeyIO           MODE: declarations took 0 ms 
355681     DEBUG Test worker     d.u.i.k.n.KeyIO           MODE: 2nd degree decls took 0 
355681     INFO  Test worker     d.u.i.k.n.KeyIO           Parsing took 0 ms 
355681     DEBUG Test worker     d.u.i.k.n.KeyIO           Load declarations of de.uka.ilkd.key.nparser.KeyAst$File:  <unknown>:1#1 
355681     INFO  Test worker     d.u.i.k.n.KeyIO           MODE: declarations took 0 ms 
355681     DEBUG Test worker     d.u.i.k.n.KeyIO           MODE: 2nd degree decls took 0 
355681     INFO  Test worker     d.u.i.k.n.KeyIO           Parsing took 0 ms 
355681     DEBUG Test worker     d.u.i.k.n.KeyIO           Load declarations of de.uka.ilkd.key.nparser.KeyAst$File:  <unknown>:1#1 
355681     INFO  Test worker     d.u.i.k.n.KeyIO           MODE: declarations took 0 ms 
355681     DEBUG Test worker     d.u.i.k.n.KeyIO           MODE: 2nd degree decls took 0 
355681     INFO  Test worker     d.u.i.k.n.KeyIO           Parsing took 0 ms 
355681     DEBUG Test worker     d.u.i.k.n.KeyIO           Load declarations of de.uka.ilkd.key.nparser.KeyAst$File:  <unknown>:1#1 
355681     INFO  Test worker     d.u.i.k.n.KeyIO           MODE: declarations took 0 ms 
355681     DEBUG Test worker     d.u.i.k.n.KeyIO           MODE: 2nd degree decls took 0 
355681     INFO  Test worker     d.u.i.k.n.KeyIO           Parsing took 0 ms 
355681     DEBUG Test worker     d.u.i.k.n.KeyIO           Load declarations of de.uka.ilkd.key.nparser.KeyAst$File:  <unknown>:1#1 
355681     INFO  Test worker     d.u.i.k.n.KeyIO           MODE: declarations took 0 ms 
355681     DEBUG Test worker     d.u.i.k.n.KeyIO           MODE: 2nd degree decls took 0 
358744     INFO  Test worker     d.u.i.k.n.KeyIO           Parsing took 0 ms 
358744     DEBUG Test worker     d.u.i.k.n.KeyIO           Load declarations of de.uka.ilkd.key.nparser.KeyAst$File:  <unknown>:1#1 
358744     INFO  Test worker     d.u.i.k.n.KeyIO           MODE: declarations took 0 ms 
358744     DEBUG Test worker     d.u.i.k.n.KeyIO           MODE: 2nd degree decls took 0 
358744     INFO  Test worker     d.u.i.k.n.KeyIO           Parsing took 0 ms 
358744     DEBUG Test worker     d.u.i.k.n.KeyIO           Load declarations of de.uka.ilkd.key.nparser.KeyAst$File:  <unknown>:1#1 
358744     INFO  Test worker     d.u.i.k.n.KeyIO           MODE: declarations took 0 ms 
358744     DEBUG Test worker     d.u.i.k.n.KeyIO           MODE: 2nd degree decls took 0 
358744     INFO  Test worker     d.u.i.k.n.KeyIO           Parsing took 0 ms 
358744     DEBUG Test worker     d.u.i.k.n.KeyIO           Load declarations of de.uka.ilkd.key.nparser.KeyAst$File:  <unknown>:1#1 
358744     INFO  Test worker     d.u.i.k.n.KeyIO           MODE: declarations took 0 ms 
358744     DEBUG Test worker     d.u.i.k.n.KeyIO           MODE: 2nd degree decls took 0 
358744     INFO  Test worker     d.u.i.k.n.KeyIO           Parsing took 0 ms 
358744     DEBUG Test worker     d.u.i.k.n.KeyIO           Load declarations of de.uka.ilkd.key.nparser.KeyAst$File:  <unknown>:1#1 
358744     INFO  Test worker     d.u.i.k.n.KeyIO           MODE: declarations took 0 ms 
358744     DEBUG Test worker     d.u.i.k.n.KeyIO           MODE: 2nd degree decls took 0 
358744     INFO  Test worker     d.u.i.k.n.KeyIO           Parsing took 0 ms 
358744     DEBUG Test worker     d.u.i.k.n.KeyIO           Load declarations of de.uka.ilkd.key.nparser.KeyAst$File:  <unknown>:1#1 
358760     INFO  Test worker     d.u.i.k.n.KeyIO           MODE: declarations took 16 ms 
358760     DEBUG Test worker     d.u.i.k.n.KeyIO           MODE: 2nd degree decls took 0 
361481     INFO  Test worker     d.u.i.k.n.KeyIO           Parsing took 0 ms 
361496     DEBUG Test worker     d.u.i.k.n.KeyIO           Load declarations of de.uka.ilkd.key.nparser.KeyAst$File:  <unknown>:1#1 
361496     INFO  Test worker     d.u.i.k.n.KeyIO           MODE: declarations took 15 ms 
361496     DEBUG Test worker     d.u.i.k.n.KeyIO           MODE: 2nd degree decls took 0 
361496     INFO  Test worker     d.u.i.k.n.KeyIO           Parsing took 0 ms 
361496     DEBUG Test worker     d.u.i.k.n.KeyIO           Load declarations of de.uka.ilkd.key.nparser.KeyAst$File:  <unknown>:1#1 
361496     INFO  Test worker     d.u.i.k.n.KeyIO           MODE: declarations took 0 ms 
361496     DEBUG Test worker     d.u.i.k.n.KeyIO           MODE: 2nd degree decls took 0 
361496     INFO  Test worker     d.u.i.k.n.KeyIO           Parsing took 0 ms 
361496     DEBUG Test worker     d.u.i.k.n.KeyIO           Load declarations of de.uka.ilkd.key.nparser.KeyAst$File:  <unknown>:1#1 
361496     INFO  Test worker     d.u.i.k.n.KeyIO           MODE: declarations took 0 ms 
361496     DEBUG Test worker     d.u.i.k.n.KeyIO           MODE: 2nd degree decls took 0 
361496     INFO  Test worker     d.u.i.k.n.KeyIO           Parsing took 0 ms 
361496     DEBUG Test worker     d.u.i.k.n.KeyIO           Load declarations of de.uka.ilkd.key.nparser.KeyAst$File:  <unknown>:1#1 
361496     INFO  Test worker     d.u.i.k.n.KeyIO           MODE: declarations took 0 ms 
361496     DEBUG Test worker     d.u.i.k.n.KeyIO           MODE: 2nd degree decls took 0 
361496     INFO  Test worker     d.u.i.k.n.KeyIO           Parsing took 0 ms 
361496     DEBUG Test worker     d.u.i.k.n.KeyIO           Load declarations of de.uka.ilkd.key.nparser.KeyAst$File:  <unknown>:1#1 
361496     INFO  Test worker     d.u.i.k.n.KeyIO           MODE: declarations took 0 ms 
361496     DEBUG Test worker     d.u.i.k.n.KeyIO           MODE: 2nd degree decls took 0 
364201     INFO  Test worker     d.u.i.k.n.KeyIO           Parsing took 0 ms 
364201     DEBUG Test worker     d.u.i.k.n.KeyIO           Load declarations of de.uka.ilkd.key.nparser.KeyAst$File:  <unknown>:1#1 
364201     INFO  Test worker     d.u.i.k.n.KeyIO           MODE: declarations took 0 ms 
364201     DEBUG Test worker     d.u.i.k.n.KeyIO           MODE: 2nd degree decls took 0 
364201     INFO  Test worker     d.u.i.k.n.KeyIO           Parsing took 0 ms 
364201     DEBUG Test worker     d.u.i.k.n.KeyIO           Load declarations of de.uka.ilkd.key.nparser.KeyAst$File:  <unknown>:1#1 
364201     INFO  Test worker     d.u.i.k.n.KeyIO           MODE: declarations took 0 ms 
364201     DEBUG Test worker     d.u.i.k.n.KeyIO           MODE: 2nd degree decls took 0 
364201     INFO  Test worker     d.u.i.k.n.KeyIO           Parsing took 0 ms 
364201     DEBUG Test worker     d.u.i.k.n.KeyIO           Load declarations of de.uka.ilkd.key.nparser.KeyAst$File:  <unknown>:1#1 
364201     INFO  Test worker     d.u.i.k.n.KeyIO           MODE: declarations took 0 ms 
364201     DEBUG Test worker     d.u.i.k.n.KeyIO           MODE: 2nd degree decls took 0 
364201     INFO  Test worker     d.u.i.k.n.KeyIO           Parsing took 0 ms 
364201     DEBUG Test worker     d.u.i.k.n.KeyIO           Load declarations of de.uka.ilkd.key.nparser.KeyAst$File:  <unknown>:1#1 
364201     INFO  Test worker     d.u.i.k.n.KeyIO           MODE: declarations took 0 ms 
364201     DEBUG Test worker     d.u.i.k.n.KeyIO           MODE: 2nd degree decls took 0 
364201     INFO  Test worker     d.u.i.k.n.KeyIO           Parsing took 0 ms 
364201     DEBUG Test worker     d.u.i.k.n.KeyIO           Load declarations of de.uka.ilkd.key.nparser.KeyAst$File:  <unknown>:1#1 
364201     INFO  Test worker     d.u.i.k.n.KeyIO           MODE: declarations took 0 ms 
364201     DEBUG Test worker     d.u.i.k.n.KeyIO           MODE: 2nd degree decls took 0 
366922     INFO  Test worker     d.u.i.k.n.KeyIO           Parsing took 0 ms 
366922     DEBUG Test worker     d.u.i.k.n.KeyIO           Load declarations of de.uka.ilkd.key.nparser.KeyAst$File:  <unknown>:1#1 
366922     INFO  Test worker     d.u.i.k.n.KeyIO           MODE: declarations took 0 ms 
366922     DEBUG Test worker     d.u.i.k.n.KeyIO           MODE: 2nd degree decls took 0 
366922     INFO  Test worker     d.u.i.k.n.KeyIO           Parsing took 0 ms 
366922     DEBUG Test worker     d.u.i.k.n.KeyIO           Load declarations of de.uka.ilkd.key.nparser.KeyAst$File:  <unknown>:1#1 
366922     INFO  Test worker     d.u.i.k.n.KeyIO           MODE: declarations took 0 ms 
366922     DEBUG Test worker     d.u.i.k.n.KeyIO           MODE: 2nd degree decls took 0 
366922     INFO  Test worker     d.u.i.k.n.KeyIO           Parsing took 0 ms 
366922     DEBUG Test worker     d.u.i.k.n.KeyIO           Load declarations of de.uka.ilkd.key.nparser.KeyAst$File:  <unknown>:1#1 
366922     INFO  Test worker     d.u.i.k.n.KeyIO           MODE: declarations took 0 ms 
366922     DEBUG Test worker     d.u.i.k.n.KeyIO           MODE: 2nd degree decls took 0 
366922     INFO  Test worker     d.u.i.k.n.KeyIO           Parsing took 0 ms 
366922     DEBUG Test worker     d.u.i.k.n.KeyIO           Load declarations of de.uka.ilkd.key.nparser.KeyAst$File:  <unknown>:1#1 
366922     INFO  Test worker     d.u.i.k.n.KeyIO           MODE: declarations took 0 ms 
366922     DEBUG Test worker     d.u.i.k.n.KeyIO           MODE: 2nd degree decls took 0 
366922     INFO  Test worker     d.u.i.k.n.KeyIO           Parsing took 0 ms 
366922     DEBUG Test worker     d.u.i.k.n.KeyIO           Load declarations of de.uka.ilkd.key.nparser.KeyAst$File:  <unknown>:1#1 
366922     INFO  Test worker     d.u.i.k.n.KeyIO           MODE: declarations took 0 ms 
366922     DEBUG Test worker     d.u.i.k.n.KeyIO           MODE: 2nd degree decls took 0 
369658     INFO  Test worker     d.u.i.k.n.KeyIO           Parsing took 0 ms 
369658     DEBUG Test worker     d.u.i.k.n.KeyIO           Load declarations of de.uka.ilkd.key.nparser.KeyAst$File:  <unknown>:1#1 
369658     INFO  Test worker     d.u.i.k.n.KeyIO           MODE: declarations took 0 ms 
369658     DEBUG Test worker     d.u.i.k.n.KeyIO           MODE: 2nd degree decls took 0 
369658     INFO  Test worker     d.u.i.k.n.KeyIO           Parsing took 0 ms 
369658     DEBUG Test worker     d.u.i.k.n.KeyIO           Load declarations of de.uka.ilkd.key.nparser.KeyAst$File:  <unknown>:1#1 
369658     INFO  Test worker     d.u.i.k.n.KeyIO           MODE: declarations took 0 ms 
369658     DEBUG Test worker     d.u.i.k.n.KeyIO           MODE: 2nd degree decls took 0 
369658     INFO  Test worker     d.u.i.k.n.KeyIO           Parsing took 0 ms 
369658     DEBUG Test worker     d.u.i.k.n.KeyIO           Load declarations of de.uka.ilkd.key.nparser.KeyAst$File:  <unknown>:1#1 
369658     INFO  Test worker     d.u.i.k.n.KeyIO           MODE: declarations took 0 ms 
369658     DEBUG Test worker     d.u.i.k.n.KeyIO           MODE: 2nd degree decls took 0 
369658     INFO  Test worker     d.u.i.k.n.KeyIO           Parsing took 0 ms 
369658     DEBUG Test worker     d.u.i.k.n.KeyIO           Load declarations of de.uka.ilkd.key.nparser.KeyAst$File:  <unknown>:1#1 
369658     INFO  Test worker     d.u.i.k.n.KeyIO           MODE: declarations took 0 ms 
369658     DEBUG Test worker     d.u.i.k.n.KeyIO           MODE: 2nd degree decls took 0 
369658     INFO  Test worker     d.u.i.k.n.KeyIO           Parsing took 0 ms 
369658     DEBUG Test worker     d.u.i.k.n.KeyIO           Load declarations of de.uka.ilkd.key.nparser.KeyAst$File:  <unknown>:1#1 
369658     INFO  Test worker     d.u.i.k.n.KeyIO           MODE: declarations took 0 ms 
369658     DEBUG Test worker     d.u.i.k.n.KeyIO           MODE: 2nd degree decls took 0 
372394     INFO  Test worker     d.u.i.k.n.KeyIO           Parsing took 0 ms 
372394     DEBUG Test worker     d.u.i.k.n.KeyIO           Load declarations of de.uka.ilkd.key.nparser.KeyAst$File:  <unknown>:1#1 
372394     INFO  Test worker     d.u.i.k.n.KeyIO           MODE: declarations took 0 ms 
372394     DEBUG Test worker     d.u.i.k.n.KeyIO           MODE: 2nd degree decls took 0 
372394     INFO  Test worker     d.u.i.k.n.KeyIO           Parsing took 0 ms 
372394     DEBUG Test worker     d.u.i.k.n.KeyIO           Load declarations of de.uka.ilkd.key.nparser.KeyAst$File:  <unknown>:1#1 
372394     INFO  Test worker     d.u.i.k.n.KeyIO           MODE: declarations took 0 ms 
372394     DEBUG Test worker     d.u.i.k.n.KeyIO           MODE: 2nd degree decls took 0 
372394     INFO  Test worker     d.u.i.k.n.KeyIO           Parsing took 0 ms 
372394     DEBUG Test worker     d.u.i.k.n.KeyIO           Load declarations of de.uka.ilkd.key.nparser.KeyAst$File:  <unknown>:1#1 
372394     INFO  Test worker     d.u.i.k.n.KeyIO           MODE: declarations took 0 ms 
372394     DEBUG Test worker     d.u.i.k.n.KeyIO           MODE: 2nd degree decls took 0 
372394     INFO  Test worker     d.u.i.k.n.KeyIO           Parsing took 0 ms 
372394     DEBUG Test worker     d.u.i.k.n.KeyIO           Load declarations of de.uka.ilkd.key.nparser.KeyAst$File:  <unknown>:1#1 
372394     INFO  Test worker     d.u.i.k.n.KeyIO           MODE: declarations took 0 ms 
372394     DEBUG Test worker     d.u.i.k.n.KeyIO           MODE: 2nd degree decls took 0 
372394     INFO  Test worker     d.u.i.k.n.KeyIO           Parsing took 0 ms 
372394     DEBUG Test worker     d.u.i.k.n.KeyIO           Load declarations of de.uka.ilkd.key.nparser.KeyAst$File:  <unknown>:1#1 
372394     INFO  Test worker     d.u.i.k.n.KeyIO           MODE: declarations took 0 ms 
372394     DEBUG Test worker     d.u.i.k.n.KeyIO           MODE: 2nd degree decls took 0 
375114     INFO  Test worker     d.u.i.k.n.KeyIO           Parsing took 0 ms 
375114     DEBUG Test worker     d.u.i.k.n.KeyIO           Load declarations of de.uka.ilkd.key.nparser.KeyAst$File:  <unknown>:1#1 
375114     INFO  Test worker     d.u.i.k.n.KeyIO           MODE: declarations took 0 ms 
375114     DEBUG Test worker     d.u.i.k.n.KeyIO           MODE: 2nd degree decls took 0 
375114     INFO  Test worker     d.u.i.k.n.KeyIO           Parsing took 0 ms 
375114     DEBUG Test worker     d.u.i.k.n.KeyIO           Load declarations of de.uka.ilkd.key.nparser.KeyAst$File:  <unknown>:1#1 
375114     INFO  Test worker     d.u.i.k.n.KeyIO           MODE: declarations took 0 ms 
375114     DEBUG Test worker     d.u.i.k.n.KeyIO           MODE: 2nd degree decls took 0 
375114     INFO  Test worker     d.u.i.k.n.KeyIO           Parsing took 0 ms 
375114     DEBUG Test worker     d.u.i.k.n.KeyIO           Load declarations of de.uka.ilkd.key.nparser.KeyAst$File:  <unknown>:1#1 
375114     INFO  Test worker     d.u.i.k.n.KeyIO           MODE: declarations took 0 ms 
375114     DEBUG Test worker     d.u.i.k.n.KeyIO           MODE: 2nd degree decls took 0 
375114     INFO  Test worker     d.u.i.k.n.KeyIO           Parsing took 0 ms 
375114     DEBUG Test worker     d.u.i.k.n.KeyIO           Load declarations of de.uka.ilkd.key.nparser.KeyAst$File:  <unknown>:1#1 
375114     INFO  Test worker     d.u.i.k.n.KeyIO           MODE: declarations took 0 ms 
375114     DEBUG Test worker     d.u.i.k.n.KeyIO           MODE: 2nd degree decls took 0 
375114     INFO  Test worker     d.u.i.k.n.KeyIO           Parsing took 0 ms 
375114     DEBUG Test worker     d.u.i.k.n.KeyIO           Load declarations of de.uka.ilkd.key.nparser.KeyAst$File:  <unknown>:1#1 
375114     INFO  Test worker     d.u.i.k.n.KeyIO           MODE: declarations took 0 ms 
375114     DEBUG Test worker     d.u.i.k.n.KeyIO           MODE: 2nd degree decls took 0 
377819     INFO  Test worker     d.u.i.k.n.KeyIO           Parsing took 0 ms 
377819     DEBUG Test worker     d.u.i.k.n.KeyIO           Load declarations of de.uka.ilkd.key.nparser.KeyAst$File:  <unknown>:1#1 
377819     INFO  Test worker     d.u.i.k.n.KeyIO           MODE: declarations took 0 ms 
377819     DEBUG Test worker     d.u.i.k.n.KeyIO           MODE: 2nd degree decls took 0 
377819     INFO  Test worker     d.u.i.k.n.KeyIO           Parsing took 0 ms 
377819     DEBUG Test worker     d.u.i.k.n.KeyIO           Load declarations of de.uka.ilkd.key.nparser.KeyAst$File:  <unknown>:1#1 
377819     INFO  Test worker     d.u.i.k.n.KeyIO           MODE: declarations took 0 ms 
377819     DEBUG Test worker     d.u.i.k.n.KeyIO           MODE: 2nd degree decls took 0 
377819     INFO  Test worker     d.u.i.k.n.KeyIO           Parsing took 0 ms 
377819     DEBUG Test worker     d.u.i.k.n.KeyIO           Load declarations of de.uka.ilkd.key.nparser.KeyAst$File:  <unknown>:1#1 
377819     INFO  Test worker     d.u.i.k.n.KeyIO           MODE: declarations took 0 ms 
377819     DEBUG Test worker     d.u.i.k.n.KeyIO           MODE: 2nd degree decls took 0 
377819     INFO  Test worker     d.u.i.k.n.KeyIO           Parsing took 0 ms 
377819     DEBUG Test worker     d.u.i.k.n.KeyIO           Load declarations of de.uka.ilkd.key.nparser.KeyAst$File:  <unknown>:1#1 
377819     INFO  Test worker     d.u.i.k.n.KeyIO           MODE: declarations took 0 ms 
377819     DEBUG Test worker     d.u.i.k.n.KeyIO           MODE: 2nd degree decls took 0 
377819     INFO  Test worker     d.u.i.k.n.KeyIO           Parsing took 0 ms 
377819     DEBUG Test worker     d.u.i.k.n.KeyIO           Load declarations of de.uka.ilkd.key.nparser.KeyAst$File:  <unknown>:1#1 
377819     INFO  Test worker     d.u.i.k.n.KeyIO           MODE: declarations took 0 ms 
377819     DEBUG Test worker     d.u.i.k.n.KeyIO           MODE: 2nd degree decls took 0 
380541     INFO  Test worker     d.u.i.k.n.KeyIO           Parsing took 0 ms 
380541     DEBUG Test worker     d.u.i.k.n.KeyIO           Load declarations of de.uka.ilkd.key.nparser.KeyAst$File:  <unknown>:1#1 
380541     INFO  Test worker     d.u.i.k.n.KeyIO           MODE: declarations took 0 ms 
380541     DEBUG Test worker     d.u.i.k.n.KeyIO           MODE: 2nd degree decls took 0 
380541     INFO  Test worker     d.u.i.k.n.KeyIO           Parsing took 0 ms 
380541     DEBUG Test worker     d.u.i.k.n.KeyIO           Load declarations of de.uka.ilkd.key.nparser.KeyAst$File:  <unknown>:1#1 
380541     INFO  Test worker     d.u.i.k.n.KeyIO           MODE: declarations took 0 ms 
380541     DEBUG Test worker     d.u.i.k.n.KeyIO           MODE: 2nd degree decls took 0 
380541     INFO  Test worker     d.u.i.k.n.KeyIO           Parsing took 0 ms 
380541     DEBUG Test worker     d.u.i.k.n.KeyIO           Load declarations of de.uka.ilkd.key.nparser.KeyAst$File:  <unknown>:1#1 
380541     INFO  Test worker     d.u.i.k.n.KeyIO           MODE: declarations took 0 ms 
380541     DEBUG Test worker     d.u.i.k.n.KeyIO           MODE: 2nd degree decls took 0 
380541     INFO  Test worker     d.u.i.k.n.KeyIO           Parsing took 0 ms 
380541     DEBUG Test worker     d.u.i.k.n.KeyIO           Load declarations of de.uka.ilkd.key.nparser.KeyAst$File:  <unknown>:1#1 
380541     INFO  Test worker     d.u.i.k.n.KeyIO           MODE: declarations took 0 ms 
380541     DEBUG Test worker     d.u.i.k.n.KeyIO           MODE: 2nd degree decls took 0 
380541     INFO  Test worker     d.u.i.k.n.KeyIO           Parsing took 0 ms 
380541     DEBUG Test worker     d.u.i.k.n.KeyIO           Load declarations of de.uka.ilkd.key.nparser.KeyAst$File:  <unknown>:1#1 
380541     INFO  Test worker     d.u.i.k.n.KeyIO           MODE: declarations took 0 ms 
380541     DEBUG Test worker     d.u.i.k.n.KeyIO           MODE: 2nd degree decls took 0 
383262     INFO  Test worker     d.u.i.k.n.KeyIO           Parsing took 0 ms 
383262     DEBUG Test worker     d.u.i.k.n.KeyIO           Load declarations of de.uka.ilkd.key.nparser.KeyAst$File:  <unknown>:1#1 
383262     INFO  Test worker     d.u.i.k.n.KeyIO           MODE: declarations took 0 ms 
383262     DEBUG Test worker     d.u.i.k.n.KeyIO           MODE: 2nd degree decls took 0 
383262     INFO  Test worker     d.u.i.k.n.KeyIO           Parsing took 0 ms 
383262     DEBUG Test worker     d.u.i.k.n.KeyIO           Load declarations of de.uka.ilkd.key.nparser.KeyAst$File:  <unknown>:1#1 
383262     INFO  Test worker     d.u.i.k.n.KeyIO           MODE: declarations took 0 ms 
383262     DEBUG Test worker     d.u.i.k.n.KeyIO           MODE: 2nd degree decls took 0 
383278     INFO  Test worker     d.u.i.k.n.KeyIO           Parsing took 16 ms 
383278     DEBUG Test worker     d.u.i.k.n.KeyIO           Load declarations of de.uka.ilkd.key.nparser.KeyAst$File:  <unknown>:1#1 
383278     INFO  Test worker     d.u.i.k.n.KeyIO           MODE: declarations took 0 ms 
383278     DEBUG Test worker     d.u.i.k.n.KeyIO           MODE: 2nd degree decls took 0 
383278     INFO  Test worker     d.u.i.k.n.KeyIO           Parsing took 0 ms 
383278     DEBUG Test worker     d.u.i.k.n.KeyIO           Load declarations of de.uka.ilkd.key.nparser.KeyAst$File:  <unknown>:1#1 
383278     INFO  Test worker     d.u.i.k.n.KeyIO           MODE: declarations took 0 ms 
383278     DEBUG Test worker     d.u.i.k.n.KeyIO           MODE: 2nd degree decls took 0 
383278     INFO  Test worker     d.u.i.k.n.KeyIO           Parsing took 0 ms 
383278     DEBUG Test worker     d.u.i.k.n.KeyIO           Load declarations of de.uka.ilkd.key.nparser.KeyAst$File:  <unknown>:1#1 
383278     INFO  Test worker     d.u.i.k.n.KeyIO           MODE: declarations took 0 ms 
383278     DEBUG Test worker     d.u.i.k.n.KeyIO           MODE: 2nd degree decls took 0 
386013     INFO  Test worker     d.u.i.k.n.KeyIO           Parsing took 0 ms 
386013     DEBUG Test worker     d.u.i.k.n.KeyIO           Load declarations of de.uka.ilkd.key.nparser.KeyAst$File:  <unknown>:1#1 
386013     INFO  Test worker     d.u.i.k.n.KeyIO           MODE: declarations took 0 ms 
386013     DEBUG Test worker     d.u.i.k.n.KeyIO           MODE: 2nd degree decls took 0 
386013     INFO  Test worker     d.u.i.k.n.KeyIO           Parsing took 0 ms 
386013     DEBUG Test worker     d.u.i.k.n.KeyIO           Load declarations of de.uka.ilkd.key.nparser.KeyAst$File:  <unknown>:1#1 
386013     INFO  Test worker     d.u.i.k.n.KeyIO           MODE: declarations took 0 ms 
386013     DEBUG Test worker     d.u.i.k.n.KeyIO           MODE: 2nd degree decls took 0 
386013     INFO  Test worker     d.u.i.k.n.KeyIO           Parsing took 0 ms 
386013     DEBUG Test worker     d.u.i.k.n.KeyIO           Load declarations of de.uka.ilkd.key.nparser.KeyAst$File:  <unknown>:1#1 
386013     INFO  Test worker     d.u.i.k.n.KeyIO           MODE: declarations took 0 ms 
386013     DEBUG Test worker     d.u.i.k.n.KeyIO           MODE: 2nd degree decls took 0 
386013     INFO  Test worker     d.u.i.k.n.KeyIO           Parsing took 0 ms 
386013     DEBUG Test worker     d.u.i.k.n.KeyIO           Load declarations of de.uka.ilkd.key.nparser.KeyAst$File:  <unknown>:1#1 
386013     INFO  Test worker     d.u.i.k.n.KeyIO           MODE: declarations took 0 ms 
386013     DEBUG Test worker     d.u.i.k.n.KeyIO           MODE: 2nd degree decls took 0 
386013     INFO  Test worker     d.u.i.k.n.KeyIO           Parsing took 0 ms 
386013     DEBUG Test worker     d.u.i.k.n.KeyIO           Load declarations of de.uka.ilkd.key.nparser.KeyAst$File:  <unknown>:1#1 
386013     INFO  Test worker     d.u.i.k.n.KeyIO           MODE: declarations took 0 ms 
386013     DEBUG Test worker     d.u.i.k.n.KeyIO           MODE: 2nd degree decls took 0 
388797     INFO  Test worker     d.u.i.k.n.KeyIO           Parsing took 0 ms 
388797     DEBUG Test worker     d.u.i.k.n.KeyIO           Load declarations of de.uka.ilkd.key.nparser.KeyAst$File:  <unknown>:1#1 
388797     INFO  Test worker     d.u.i.k.n.KeyIO           MODE: declarations took 0 ms 
388797     DEBUG Test worker     d.u.i.k.n.KeyIO           MODE: 2nd degree decls took 0 
388797     INFO  Test worker     d.u.i.k.n.KeyIO           Parsing took 0 ms 
388797     DEBUG Test worker     d.u.i.k.n.KeyIO           Load declarations of de.uka.ilkd.key.nparser.KeyAst$File:  <unknown>:1#1 
388797     INFO  Test worker     d.u.i.k.n.KeyIO           MODE: declarations took 0 ms 
388797     DEBUG Test worker     d.u.i.k.n.KeyIO           MODE: 2nd degree decls took 0 
388797     INFO  Test worker     d.u.i.k.n.KeyIO           Parsing took 0 ms 
388797     DEBUG Test worker     d.u.i.k.n.KeyIO           Load declarations of de.uka.ilkd.key.nparser.KeyAst$File:  <unknown>:1#1 
388797     INFO  Test worker     d.u.i.k.n.KeyIO           MODE: declarations took 0 ms 
388797     DEBUG Test worker     d.u.i.k.n.KeyIO           MODE: 2nd degree decls took 0 
388797     INFO  Test worker     d.u.i.k.n.KeyIO           Parsing took 0 ms 
388797     DEBUG Test worker     d.u.i.k.n.KeyIO           Load declarations of de.uka.ilkd.key.nparser.KeyAst$File:  <unknown>:1#1 
388797     INFO  Test worker     d.u.i.k.n.KeyIO           MODE: declarations took 0 ms 
388797     DEBUG Test worker     d.u.i.k.n.KeyIO           MODE: 2nd degree decls took 0 
388797     INFO  Test worker     d.u.i.k.n.KeyIO           Parsing took 0 ms 
388797     DEBUG Test worker     d.u.i.k.n.KeyIO           Load declarations of de.uka.ilkd.key.nparser.KeyAst$File:  <unknown>:1#1 
388797     INFO  Test worker     d.u.i.k.n.KeyIO           MODE: declarations took 0 ms 
388797     DEBUG Test worker     d.u.i.k.n.KeyIO           MODE: 2nd degree decls took 0 
391642     INFO  Test worker     d.u.i.k.n.KeyIO           Parsing took 0 ms 
391642     DEBUG Test worker     d.u.i.k.n.KeyIO           Load declarations of de.uka.ilkd.key.nparser.KeyAst$File:  <unknown>:1#1 
391642     INFO  Test worker     d.u.i.k.n.KeyIO           MODE: declarations took 0 ms 
391642     DEBUG Test worker     d.u.i.k.n.KeyIO           MODE: 2nd degree decls took 0 
391642     INFO  Test worker     d.u.i.k.n.KeyIO           Parsing took 0 ms 
391642     DEBUG Test worker     d.u.i.k.n.KeyIO           Load declarations of de.uka.ilkd.key.nparser.KeyAst$File:  <unknown>:1#1 
391642     INFO  Test worker     d.u.i.k.n.KeyIO           MODE: declarations took 0 ms 
391642     DEBUG Test worker     d.u.i.k.n.KeyIO           MODE: 2nd degree decls took 0 
391642     INFO  Test worker     d.u.i.k.n.KeyIO           Parsing took 0 ms 
391642     DEBUG Test worker     d.u.i.k.n.KeyIO           Load declarations of de.uka.ilkd.key.nparser.KeyAst$File:  <unknown>:1#1 
391642     INFO  Test worker     d.u.i.k.n.KeyIO           MODE: declarations took 0 ms 
391642     DEBUG Test worker     d.u.i.k.n.KeyIO           MODE: 2nd degree decls took 0 
391642     INFO  Test worker     d.u.i.k.n.KeyIO           Parsing took 0 ms 
391642     DEBUG Test worker     d.u.i.k.n.KeyIO           Load declarations of de.uka.ilkd.key.nparser.KeyAst$File:  <unknown>:1#1 
391642     INFO  Test worker     d.u.i.k.n.KeyIO           MODE: declarations took 0 ms 
391642     DEBUG Test worker     d.u.i.k.n.KeyIO           MODE: 2nd degree decls took 0 
391673     INFO  Test worker     d.u.i.k.n.KeyIO           Parsing took 31 ms 
391673     DEBUG Test worker     d.u.i.k.n.KeyIO           Load declarations of de.uka.ilkd.key.nparser.KeyAst$File:  <unknown>:1#1 
391673     INFO  Test worker     d.u.i.k.n.KeyIO           MODE: declarations took 0 ms 
391673     DEBUG Test worker     d.u.i.k.n.KeyIO           MODE: 2nd degree decls took 0 
394425     INFO  Test worker     d.u.i.k.n.KeyIO           Parsing took 0 ms 
394425     DEBUG Test worker     d.u.i.k.n.KeyIO           Load declarations of de.uka.ilkd.key.nparser.KeyAst$File:  <unknown>:1#1 
394425     INFO  Test worker     d.u.i.k.n.KeyIO           MODE: declarations took 0 ms 
394425     DEBUG Test worker     d.u.i.k.n.KeyIO           MODE: 2nd degree decls took 0 
394425     INFO  Test worker     d.u.i.k.n.KeyIO           Parsing took 0 ms 
394425     DEBUG Test worker     d.u.i.k.n.KeyIO           Load declarations of de.uka.ilkd.key.nparser.KeyAst$File:  <unknown>:1#1 
394425     INFO  Test worker     d.u.i.k.n.KeyIO           MODE: declarations took 0 ms 
394425     DEBUG Test worker     d.u.i.k.n.KeyIO           MODE: 2nd degree decls took 0 
394425     INFO  Test worker     d.u.i.k.n.KeyIO           Parsing took 0 ms 
394425     DEBUG Test worker     d.u.i.k.n.KeyIO           Load declarations of de.uka.ilkd.key.nparser.KeyAst$File:  <unknown>:1#1 
394425     INFO  Test worker     d.u.i.k.n.KeyIO           MODE: declarations took 0 ms 
394425     DEBUG Test worker     d.u.i.k.n.KeyIO           MODE: 2nd degree decls took 0 
394425     INFO  Test worker     d.u.i.k.n.KeyIO           Parsing took 0 ms 
394425     DEBUG Test worker     d.u.i.k.n.KeyIO           Load declarations of de.uka.ilkd.key.nparser.KeyAst$File:  <unknown>:1#1 
394425     INFO  Test worker     d.u.i.k.n.KeyIO           MODE: declarations took 0 ms 
394425     DEBUG Test worker     d.u.i.k.n.KeyIO           MODE: 2nd degree decls took 0 
394425     INFO  Test worker     d.u.i.k.n.KeyIO           Parsing took 0 ms 
394425     DEBUG Test worker     d.u.i.k.n.KeyIO           Load declarations of de.uka.ilkd.key.nparser.KeyAst$File:  <unknown>:1#1 
394425     INFO  Test worker     d.u.i.k.n.KeyIO           MODE: declarations took 0 ms 
394425     DEBUG Test worker     d.u.i.k.n.KeyIO           MODE: 2nd degree decls took 0 
397099     INFO  Test worker     d.u.i.k.n.KeyIO           Parsing took 0 ms 
397099     DEBUG Test worker     d.u.i.k.n.KeyIO           Load declarations of de.uka.ilkd.key.nparser.KeyAst$File:  <unknown>:1#1 
397099     INFO  Test worker     d.u.i.k.n.KeyIO           MODE: declarations took 0 ms 
397099     DEBUG Test worker     d.u.i.k.n.KeyIO           MODE: 2nd degree decls took 0 
397099     INFO  Test worker     d.u.i.k.n.KeyIO           Parsing took 0 ms 
397099     DEBUG Test worker     d.u.i.k.n.KeyIO           Load declarations of de.uka.ilkd.key.nparser.KeyAst$File:  <unknown>:1#1 
397114     INFO  Test worker     d.u.i.k.n.KeyIO           MODE: declarations took 15 ms 
397114     DEBUG Test worker     d.u.i.k.n.KeyIO           MODE: 2nd degree decls took 0 
397114     INFO  Test worker     d.u.i.k.n.KeyIO           Parsing took 0 ms 
397114     DEBUG Test worker     d.u.i.k.n.KeyIO           Load declarations of de.uka.ilkd.key.nparser.KeyAst$File:  <unknown>:1#1 
397114     INFO  Test worker     d.u.i.k.n.KeyIO           MODE: declarations took 0 ms 
397114     DEBUG Test worker     d.u.i.k.n.KeyIO           MODE: 2nd degree decls took 0 
397114     INFO  Test worker     d.u.i.k.n.KeyIO           Parsing took 0 ms 
397114     DEBUG Test worker     d.u.i.k.n.KeyIO           Load declarations of de.uka.ilkd.key.nparser.KeyAst$File:  <unknown>:1#1 
397114     INFO  Test worker     d.u.i.k.n.KeyIO           MODE: declarations took 0 ms 
397114     DEBUG Test worker     d.u.i.k.n.KeyIO           MODE: 2nd degree decls took 0 
397114     INFO  Test worker     d.u.i.k.n.KeyIO           Parsing took 0 ms 
397114     DEBUG Test worker     d.u.i.k.n.KeyIO           Load declarations of de.uka.ilkd.key.nparser.KeyAst$File:  <unknown>:1#1 
397114     INFO  Test worker     d.u.i.k.n.KeyIO           MODE: declarations took 0 ms 
397114     DEBUG Test worker     d.u.i.k.n.KeyIO           MODE: 2nd degree decls took 0 
399804     INFO  Test worker     d.u.i.k.n.KeyIO           Parsing took 0 ms 
399804     DEBUG Test worker     d.u.i.k.n.KeyIO           Load declarations of de.uka.ilkd.key.nparser.KeyAst$File:  <unknown>:1#1 
399804     INFO  Test worker     d.u.i.k.n.KeyIO           MODE: declarations took 0 ms 
399804     DEBUG Test worker     d.u.i.k.n.KeyIO           MODE: 2nd degree decls took 0 
399804     INFO  Test worker     d.u.i.k.n.KeyIO           Parsing took 0 ms 
399804     DEBUG Test worker     d.u.i.k.n.KeyIO           Load declarations of de.uka.ilkd.key.nparser.KeyAst$File:  <unknown>:1#1 
399804     INFO  Test worker     d.u.i.k.n.KeyIO           MODE: declarations took 0 ms 
399804     DEBUG Test worker     d.u.i.k.n.KeyIO           MODE: 2nd degree decls took 0 
399804     INFO  Test worker     d.u.i.k.n.KeyIO           Parsing took 0 ms 
399804     DEBUG Test worker     d.u.i.k.n.KeyIO           Load declarations of de.uka.ilkd.key.nparser.KeyAst$File:  <unknown>:1#1 
399804     INFO  Test worker     d.u.i.k.n.KeyIO           MODE: declarations took 0 ms 
399804     DEBUG Test worker     d.u.i.k.n.KeyIO           MODE: 2nd degree decls took 0 
399804     INFO  Test worker     d.u.i.k.n.KeyIO           Parsing took 0 ms 
399804     DEBUG Test worker     d.u.i.k.n.KeyIO           Load declarations of de.uka.ilkd.key.nparser.KeyAst$File:  <unknown>:1#1 
399804     INFO  Test worker     d.u.i.k.n.KeyIO           MODE: declarations took 0 ms 
399804     DEBUG Test worker     d.u.i.k.n.KeyIO           MODE: 2nd degree decls took 0 
399804     INFO  Test worker     d.u.i.k.n.KeyIO           Parsing took 0 ms 
399804     DEBUG Test worker     d.u.i.k.n.KeyIO           Load declarations of de.uka.ilkd.key.nparser.KeyAst$File:  <unknown>:1#1 
399804     INFO  Test worker     d.u.i.k.n.KeyIO           MODE: declarations took 0 ms 
399804     DEBUG Test worker     d.u.i.k.n.KeyIO           MODE: 2nd degree decls took 0 
402509     INFO  Test worker     d.u.i.k.n.KeyIO           Parsing took 0 ms 
402509     DEBUG Test worker     d.u.i.k.n.KeyIO           Load declarations of de.uka.ilkd.key.nparser.KeyAst$File:  <unknown>:1#1 
402509     INFO  Test worker     d.u.i.k.n.KeyIO           MODE: declarations took 0 ms 
402509     DEBUG Test worker     d.u.i.k.n.KeyIO           MODE: 2nd degree decls took 0 
402509     INFO  Test worker     d.u.i.k.n.KeyIO           Parsing took 0 ms 
402509     DEBUG Test worker     d.u.i.k.n.KeyIO           Load declarations of de.uka.ilkd.key.nparser.KeyAst$File:  <unknown>:1#1 
402509     INFO  Test worker     d.u.i.k.n.KeyIO           MODE: declarations took 0 ms 
402509     DEBUG Test worker     d.u.i.k.n.KeyIO           MODE: 2nd degree decls took 0 
402509     INFO  Test worker     d.u.i.k.n.KeyIO           Parsing took 0 ms 
402509     DEBUG Test worker     d.u.i.k.n.KeyIO           Load declarations of de.uka.ilkd.key.nparser.KeyAst$File:  <unknown>:1#1 
402509     INFO  Test worker     d.u.i.k.n.KeyIO           MODE: declarations took 0 ms 
402509     DEBUG Test worker     d.u.i.k.n.KeyIO           MODE: 2nd degree decls took 0 
402509     INFO  Test worker     d.u.i.k.n.KeyIO           Parsing took 0 ms 
402509     DEBUG Test worker     d.u.i.k.n.KeyIO           Load declarations of de.uka.ilkd.key.nparser.KeyAst$File:  <unknown>:1#1 
402509     INFO  Test worker     d.u.i.k.n.KeyIO           MODE: declarations took 0 ms 
402509     DEBUG Test worker     d.u.i.k.n.KeyIO           MODE: 2nd degree decls took 0 
402509     INFO  Test worker     d.u.i.k.n.KeyIO           Parsing took 0 ms 
402509     DEBUG Test worker     d.u.i.k.n.KeyIO           Load declarations of de.uka.ilkd.key.nparser.KeyAst$File:  <unknown>:1#1 
402509     INFO  Test worker     d.u.i.k.n.KeyIO           MODE: declarations took 0 ms 
402509     DEBUG Test worker     d.u.i.k.n.KeyIO           MODE: 2nd degree decls took 0 
405213     INFO  Test worker     d.u.i.k.n.KeyIO           Parsing took 0 ms 
405213     DEBUG Test worker     d.u.i.k.n.KeyIO           Load declarations of de.uka.ilkd.key.nparser.KeyAst$File:  <unknown>:1#1 
405213     INFO  Test worker     d.u.i.k.n.KeyIO           MODE: declarations took 0 ms 
405213     DEBUG Test worker     d.u.i.k.n.KeyIO           MODE: 2nd degree decls took 0 
405213     INFO  Test worker     d.u.i.k.n.KeyIO           Parsing took 0 ms 
405213     DEBUG Test worker     d.u.i.k.n.KeyIO           Load declarations of de.uka.ilkd.key.nparser.KeyAst$File:  <unknown>:1#1 
405213     INFO  Test worker     d.u.i.k.n.KeyIO           MODE: declarations took 0 ms 
405213     DEBUG Test worker     d.u.i.k.n.KeyIO           MODE: 2nd degree decls took 0 
405213     INFO  Test worker     d.u.i.k.n.KeyIO           Parsing took 0 ms 
405213     DEBUG Test worker     d.u.i.k.n.KeyIO           Load declarations of de.uka.ilkd.key.nparser.KeyAst$File:  <unknown>:1#1 
405213     INFO  Test worker     d.u.i.k.n.KeyIO           MODE: declarations took 0 ms 
405213     DEBUG Test worker     d.u.i.k.n.KeyIO           MODE: 2nd degree decls took 0 
405213     INFO  Test worker     d.u.i.k.n.KeyIO           Parsing took 0 ms 
405213     DEBUG Test worker     d.u.i.k.n.KeyIO           Load declarations of de.uka.ilkd.key.nparser.KeyAst$File:  <unknown>:1#1 
405213     INFO  Test worker     d.u.i.k.n.KeyIO           MODE: declarations took 0 ms 
405213     DEBUG Test worker     d.u.i.k.n.KeyIO           MODE: 2nd degree decls took 0 
405213     INFO  Test worker     d.u.i.k.n.KeyIO           Parsing took 0 ms 
405213     DEBUG Test worker     d.u.i.k.n.KeyIO           Load declarations of de.uka.ilkd.key.nparser.KeyAst$File:  <unknown>:1#1 
405213     INFO  Test worker     d.u.i.k.n.KeyIO           MODE: declarations took 0 ms 
405213     DEBUG Test worker     d.u.i.k.n.KeyIO           MODE: 2nd degree decls took 0 
]]></system-out>
  <system-err><![CDATA[]]></system-err>
</testsuite>
