<?xml version="1.0" encoding="UTF-8"?>
<testsuite name="de.uka.ilkd.key.gui.KeyboardTacletTest" tests="1" skipped="0" failures="0" errors="0" timestamp="2023-05-26T22:21:41" hostname="fv-az1113-732" time="0.089">
  <properties/>
  <testcase name="prefixTest()" classname="de.uka.ilkd.key.gui.KeyboardTacletTest" time="0.089"/>
  <system-out><![CDATA[]]></system-out>
  <system-err><![CDATA[]]></system-err>
</testsuite>
