<?xml version="1.0" encoding="UTF-8"?>
<testsuite name="de.uka.ilkd.key.parser.TestDeclParser" tests="14" skipped="2" failures="0" errors="0" timestamp="2023-05-01T13:58:11" hostname="fv-az282-660" time="10.408">
  <properties/>
  <testcase name="testGenericSortDecl1()" classname="de.uka.ilkd.key.parser.TestDeclParser" time="1.037"/>
  <testcase name="testGenericSortDecl2()" classname="de.uka.ilkd.key.parser.TestDeclParser" time="0.904"/>
  <testcase name="testGenericSortDecl3()" classname="de.uka.ilkd.key.parser.TestDeclParser" time="0.803"/>
  <testcase name="testGenericSortDecl4()" classname="de.uka.ilkd.key.parser.TestDeclParser" time="0.877"/>
  <testcase name="testGenericSortDecl5()" classname="de.uka.ilkd.key.parser.TestDeclParser" time="0.0">
    <skipped/>
  </testcase>
  <testcase name="testGenericSortDecl6()" classname="de.uka.ilkd.key.parser.TestDeclParser" time="0.799"/>
  <testcase name="testSortDecl()" classname="de.uka.ilkd.key.parser.TestDeclParser" time="0.876"/>
  <testcase name="testProxySortDecl()" classname="de.uka.ilkd.key.parser.TestDeclParser" time="0.886"/>
  <testcase name="testArrayDecl()" classname="de.uka.ilkd.key.parser.TestDeclParser" time="0.795"/>
  <testcase name="testAmbiguousDecls()" classname="de.uka.ilkd.key.parser.TestDeclParser" time="0.0">
    <skipped/>
  </testcase>
  <testcase name="testHeurDecl()" classname="de.uka.ilkd.key.parser.TestDeclParser" time="0.878"/>
  <testcase name="testFunctionDecl()" classname="de.uka.ilkd.key.parser.TestDeclParser" time="0.8"/>
  <testcase name="testPredicateDecl()" classname="de.uka.ilkd.key.parser.TestDeclParser" time="0.872"/>
  <testcase name="testSVDecl()" classname="de.uka.ilkd.key.parser.TestDeclParser" time="0.877"/>
  <system-out><![CDATA[192723     INFO  Test worker     d.u.i.k.n.KeyIO           Parsing took 0 ms 
192723     DEBUG Test worker     d.u.i.k.n.KeyIO           Load declarations of de.uka.ilkd.key.nparser.KeyAst$File:  <unknown>:1#1 
192723     INFO  Test worker     d.u.i.k.n.KeyIO           MODE: declarations took 0 ms 
192723     DEBUG Test worker     d.u.i.k.n.KeyIO           MODE: 2nd degree decls took 0 
192723     DEBUG Test worker     d.u.i.k.n.KeyIO           MODE: taclets took 0ms 
193629     INFO  Test worker     d.u.i.k.n.KeyIO           Parsing took 0 ms 
193629     DEBUG Test worker     d.u.i.k.n.KeyIO           Load declarations of de.uka.ilkd.key.nparser.KeyAst$File:  <unknown>:1#1 
193629     INFO  Test worker     d.u.i.k.n.KeyIO           MODE: declarations took 0 ms 
193629     DEBUG Test worker     d.u.i.k.n.KeyIO           MODE: 2nd degree decls took 0 
193629     DEBUG Test worker     d.u.i.k.n.KeyIO           MODE: taclets took 0ms 
194427     INFO  Test worker     d.u.i.k.n.KeyIO           Parsing took 0 ms 
194427     DEBUG Test worker     d.u.i.k.n.KeyIO           Load declarations of de.uka.ilkd.key.nparser.KeyAst$File:  <unknown>:1#1 
194427     INFO  Test worker     d.u.i.k.n.KeyIO           MODE: declarations took 0 ms 
194427     DEBUG Test worker     d.u.i.k.n.KeyIO           MODE: 2nd degree decls took 0 
194427     DEBUG Test worker     d.u.i.k.n.KeyIO           MODE: taclets took 0ms 
195318     INFO  Test worker     d.u.i.k.n.KeyIO           Parsing took 0 ms 
195318     DEBUG Test worker     d.u.i.k.n.KeyIO           Load declarations of de.uka.ilkd.key.nparser.KeyAst$File:  <unknown>:1#1 
195318     INFO  Test worker     d.u.i.k.n.KeyIO           MODE: declarations took 0 ms 
195318     DEBUG Test worker     d.u.i.k.n.KeyIO           MODE: 2nd degree decls took 0 
195318     DEBUG Test worker     d.u.i.k.n.KeyIO           MODE: taclets took 0ms 
196115     INFO  Test worker     d.u.i.k.n.KeyIO           Parsing took 0 ms 
196115     DEBUG Test worker     d.u.i.k.n.KeyIO           Load declarations of de.uka.ilkd.key.nparser.KeyAst$File:  <unknown>:1#1 
196115     INFO  Test worker     d.u.i.k.n.KeyIO           MODE: declarations took 0 ms 
196115     DEBUG Test worker     d.u.i.k.n.KeyIO           MODE: 2nd degree decls took 0 
196115     DEBUG Test worker     d.u.i.k.n.KeyIO           MODE: taclets took 0ms 
196991     INFO  Test worker     d.u.i.k.n.KeyIO           Parsing took 0 ms 
196991     DEBUG Test worker     d.u.i.k.n.KeyIO           Load declarations of de.uka.ilkd.key.nparser.KeyAst$File:  <unknown>:1#1 
196991     INFO  Test worker     d.u.i.k.n.KeyIO           MODE: declarations took 0 ms 
196991     DEBUG Test worker     d.u.i.k.n.KeyIO           MODE: 2nd degree decls took 0 
196991     DEBUG Test worker     d.u.i.k.n.KeyIO           MODE: taclets took 0ms 
197866     INFO  Test worker     d.u.i.k.n.KeyIO           Parsing took 0 ms 
197866     DEBUG Test worker     d.u.i.k.n.KeyIO           Load declarations of de.uka.ilkd.key.nparser.KeyAst$File:  <unknown>:1#1 
197866     INFO  Test worker     d.u.i.k.n.KeyIO           MODE: declarations took 0 ms 
197866     DEBUG Test worker     d.u.i.k.n.KeyIO           MODE: 2nd degree decls took 0 
197866     DEBUG Test worker     d.u.i.k.n.KeyIO           MODE: taclets took 0ms 
198664     INFO  Test worker     d.u.i.k.n.KeyIO           Parsing took 0 ms 
198664     DEBUG Test worker     d.u.i.k.n.KeyIO           Load declarations of de.uka.ilkd.key.nparser.KeyAst$File:  <unknown>:1#1 
198664     INFO  Test worker     d.u.i.k.n.KeyIO           MODE: declarations took 0 ms 
198664     DEBUG Test worker     d.u.i.k.n.KeyIO           MODE: 2nd degree decls took 0 
198664     DEBUG Test worker     d.u.i.k.n.KeyIO           MODE: taclets took 0ms 
199540     INFO  Test worker     d.u.i.k.n.KeyIO           Parsing took 0 ms 
199540     DEBUG Test worker     d.u.i.k.n.KeyIO           Load declarations of de.uka.ilkd.key.nparser.KeyAst$File:  <unknown>:1#1 
199540     INFO  Test worker     d.u.i.k.n.KeyIO           MODE: declarations took 0 ms 
199540     DEBUG Test worker     d.u.i.k.n.KeyIO           MODE: 2nd degree decls took 0 
199540     DEBUG Test worker     d.u.i.k.n.KeyIO           MODE: taclets took 0ms 
200337     INFO  Test worker     d.u.i.k.n.KeyIO           Parsing took 0 ms 
200337     DEBUG Test worker     d.u.i.k.n.KeyIO           Load declarations of de.uka.ilkd.key.nparser.KeyAst$File:  <unknown>:1#1 
200337     INFO  Test worker     d.u.i.k.n.KeyIO           MODE: declarations took 0 ms 
200337     DEBUG Test worker     d.u.i.k.n.KeyIO           MODE: 2nd degree decls took 0 
200337     DEBUG Test worker     d.u.i.k.n.KeyIO           MODE: taclets took 0ms 
201213     INFO  Test worker     d.u.i.k.n.KeyIO           Parsing took 0 ms 
201213     DEBUG Test worker     d.u.i.k.n.KeyIO           Load declarations of de.uka.ilkd.key.nparser.KeyAst$File:  <unknown>:1#1 
201213     INFO  Test worker     d.u.i.k.n.KeyIO           MODE: declarations took 0 ms 
201213     DEBUG Test worker     d.u.i.k.n.KeyIO           MODE: 2nd degree decls took 0 
201213     DEBUG Test worker     d.u.i.k.n.KeyIO           MODE: taclets took 0ms 
202088     INFO  Test worker     d.u.i.k.n.KeyIO           Parsing took 0 ms 
202088     DEBUG Test worker     d.u.i.k.n.KeyIO           Load declarations of de.uka.ilkd.key.nparser.KeyAst$File:  <unknown>:1#1 
202088     INFO  Test worker     d.u.i.k.n.KeyIO           MODE: declarations took 0 ms 
202088     DEBUG Test worker     d.u.i.k.n.KeyIO           MODE: 2nd degree decls took 0 
202088     DEBUG Test worker     d.u.i.k.n.KeyIO           MODE: taclets took 0ms 
]]></system-out>
  <system-err><![CDATA[]]></system-err>
</testsuite>
