<?xml version="1.0" encoding="UTF-8"?>
<testsuite name="de.uka.ilkd.key.logic.TestClashFreeSubst" tests="14" skipped="2" failures="0" errors="0" timestamp="2023-05-01T13:55:34" hostname="fv-az282-660" time="44.555">
  <properties/>
  <testcase name="testMultiShareBound()" classname="de.uka.ilkd.key.logic.TestClashFreeSubst" time="0.871"/>
  <testcase name="testClash()" classname="de.uka.ilkd.key.logic.TestClashFreeSubst" time="0.824"/>
  <testcase name="testShare()" classname="de.uka.ilkd.key.logic.TestClashFreeSubst" time="0.877"/>
  <testcase name="testSubst()" classname="de.uka.ilkd.key.logic.TestClashFreeSubst" time="0.83"/>
  <testcase name="testWary0()" classname="de.uka.ilkd.key.logic.TestClashFreeSubst" time="0.878"/>
  <testcase name="testWary1()" classname="de.uka.ilkd.key.logic.TestClashFreeSubst" time="0.832"/>
  <testcase name="testWary2()" classname="de.uka.ilkd.key.logic.TestClashFreeSubst" time="0.832"/>
  <testcase name="testClashInSubstTerm()" classname="de.uka.ilkd.key.logic.TestClashFreeSubst" time="0.814"/>
  <testcase name="testShareWary()" classname="de.uka.ilkd.key.logic.TestClashFreeSubst" time="0.8"/>
  <testcase name="testMultiSubst()" classname="de.uka.ilkd.key.logic.TestClashFreeSubst" time="0.814"/>
  <testcase name="xtestMultiClash()" classname="de.uka.ilkd.key.logic.TestClashFreeSubst" time="0.001">
    <skipped/>
  </testcase>
  <testcase name="testSubstInSubstTerm()" classname="de.uka.ilkd.key.logic.TestClashFreeSubst" time="0.816"/>
  <testcase name="testSubstWary()" classname="de.uka.ilkd.key.logic.TestClashFreeSubst" time="0.814"/>
  <testcase name="xtestMultiClash1()" classname="de.uka.ilkd.key.logic.TestClashFreeSubst" time="0.0">
    <skipped/>
  </testcase>
  <system-out><![CDATA[34551      INFO  Test worker     d.u.i.k.n.KeyIO           Parsing took 0 ms 
34551      DEBUG Test worker     d.u.i.k.n.KeyIO           Load declarations of de.uka.ilkd.key.nparser.KeyAst$File:  <unknown>:1#1 
34551      INFO  Test worker     d.u.i.k.n.KeyIO           MODE: declarations took 0 ms 
34551      DEBUG Test worker     d.u.i.k.n.KeyIO           MODE: 2nd degree decls took 0 
35427      INFO  Test worker     d.u.i.k.n.KeyIO           Parsing took 0 ms 
35427      DEBUG Test worker     d.u.i.k.n.KeyIO           Load declarations of de.uka.ilkd.key.nparser.KeyAst$File:  <unknown>:1#1 
35427      INFO  Test worker     d.u.i.k.n.KeyIO           MODE: declarations took 0 ms 
35427      DEBUG Test worker     d.u.i.k.n.KeyIO           MODE: 2nd degree decls took 0 
38180      INFO  Test worker     d.u.i.k.n.KeyIO           Parsing took 0 ms 
38180      DEBUG Test worker     d.u.i.k.n.KeyIO           Load declarations of de.uka.ilkd.key.nparser.KeyAst$File:  <unknown>:1#1 
38180      INFO  Test worker     d.u.i.k.n.KeyIO           MODE: declarations took 0 ms 
38180      DEBUG Test worker     d.u.i.k.n.KeyIO           MODE: 2nd degree decls took 0 
38977      INFO  Test worker     d.u.i.k.n.KeyIO           Parsing took 0 ms 
38977      DEBUG Test worker     d.u.i.k.n.KeyIO           Load declarations of de.uka.ilkd.key.nparser.KeyAst$File:  <unknown>:1#1 
38977      INFO  Test worker     d.u.i.k.n.KeyIO           MODE: declarations took 0 ms 
38977      DEBUG Test worker     d.u.i.k.n.KeyIO           MODE: 2nd degree decls took 0 
41682      INFO  Test worker     d.u.i.k.n.KeyIO           Parsing took 0 ms 
41682      DEBUG Test worker     d.u.i.k.n.KeyIO           Load declarations of de.uka.ilkd.key.nparser.KeyAst$File:  <unknown>:1#1 
41682      INFO  Test worker     d.u.i.k.n.KeyIO           MODE: declarations took 0 ms 
41682      DEBUG Test worker     d.u.i.k.n.KeyIO           MODE: 2nd degree decls took 0 
42557      INFO  Test worker     d.u.i.k.n.KeyIO           Parsing took 0 ms 
42557      DEBUG Test worker     d.u.i.k.n.KeyIO           Load declarations of de.uka.ilkd.key.nparser.KeyAst$File:  <unknown>:1#1 
42557      INFO  Test worker     d.u.i.k.n.KeyIO           MODE: declarations took 0 ms 
42557      DEBUG Test worker     d.u.i.k.n.KeyIO           MODE: 2nd degree decls took 0 
45215      INFO  Test worker     d.u.i.k.n.KeyIO           Parsing took 0 ms 
45215      DEBUG Test worker     d.u.i.k.n.KeyIO           Load declarations of de.uka.ilkd.key.nparser.KeyAst$File:  <unknown>:1#1 
45215      INFO  Test worker     d.u.i.k.n.KeyIO           MODE: declarations took 0 ms 
45215      DEBUG Test worker     d.u.i.k.n.KeyIO           MODE: 2nd degree decls took 0 
46044      INFO  Test worker     d.u.i.k.n.KeyIO           Parsing took 0 ms 
46044      DEBUG Test worker     d.u.i.k.n.KeyIO           Load declarations of de.uka.ilkd.key.nparser.KeyAst$File:  <unknown>:1#1 
46044      INFO  Test worker     d.u.i.k.n.KeyIO           MODE: declarations took 0 ms 
46044      DEBUG Test worker     d.u.i.k.n.KeyIO           MODE: 2nd degree decls took 0 
48749      INFO  Test worker     d.u.i.k.n.KeyIO           Parsing took 0 ms 
48749      DEBUG Test worker     d.u.i.k.n.KeyIO           Load declarations of de.uka.ilkd.key.nparser.KeyAst$File:  <unknown>:1#1 
48749      INFO  Test worker     d.u.i.k.n.KeyIO           MODE: declarations took 0 ms 
48749      DEBUG Test worker     d.u.i.k.n.KeyIO           MODE: 2nd degree decls took 0 
49624      INFO  Test worker     d.u.i.k.n.KeyIO           Parsing took 0 ms 
49624      DEBUG Test worker     d.u.i.k.n.KeyIO           Load declarations of de.uka.ilkd.key.nparser.KeyAst$File:  <unknown>:1#1 
49624      INFO  Test worker     d.u.i.k.n.KeyIO           MODE: declarations took 0 ms 
49624      DEBUG Test worker     d.u.i.k.n.KeyIO           MODE: 2nd degree decls took 0 
52250      INFO  Test worker     d.u.i.k.n.KeyIO           Parsing took 0 ms 
52250      DEBUG Test worker     d.u.i.k.n.KeyIO           Load declarations of de.uka.ilkd.key.nparser.KeyAst$File:  <unknown>:1#1 
52250      INFO  Test worker     d.u.i.k.n.KeyIO           MODE: declarations took 0 ms 
52250      DEBUG Test worker     d.u.i.k.n.KeyIO           MODE: 2nd degree decls took 0 
53063      INFO  Test worker     d.u.i.k.n.KeyIO           Parsing took 0 ms 
53063      DEBUG Test worker     d.u.i.k.n.KeyIO           Load declarations of de.uka.ilkd.key.nparser.KeyAst$File:  <unknown>:1#1 
53063      INFO  Test worker     d.u.i.k.n.KeyIO           MODE: declarations took 0 ms 
53063      DEBUG Test worker     d.u.i.k.n.KeyIO           MODE: 2nd degree decls took 0 
55706      INFO  Test worker     d.u.i.k.n.KeyIO           Parsing took 0 ms 
55706      DEBUG Test worker     d.u.i.k.n.KeyIO           Load declarations of de.uka.ilkd.key.nparser.KeyAst$File:  <unknown>:1#1 
55706      INFO  Test worker     d.u.i.k.n.KeyIO           MODE: declarations took 0 ms 
55706      DEBUG Test worker     d.u.i.k.n.KeyIO           MODE: 2nd degree decls took 0 
56535      INFO  Test worker     d.u.i.k.n.KeyIO           Parsing took 0 ms 
56535      DEBUG Test worker     d.u.i.k.n.KeyIO           Load declarations of de.uka.ilkd.key.nparser.KeyAst$File:  <unknown>:1#1 
56535      INFO  Test worker     d.u.i.k.n.KeyIO           MODE: declarations took 0 ms 
56535      DEBUG Test worker     d.u.i.k.n.KeyIO           MODE: 2nd degree decls took 0 
59177      INFO  Test worker     d.u.i.k.n.KeyIO           Parsing took 0 ms 
59177      DEBUG Test worker     d.u.i.k.n.KeyIO           Load declarations of de.uka.ilkd.key.nparser.KeyAst$File:  <unknown>:1#1 
59177      INFO  Test worker     d.u.i.k.n.KeyIO           MODE: declarations took 0 ms 
59177      DEBUG Test worker     d.u.i.k.n.KeyIO           MODE: 2nd degree decls took 0 
59990      INFO  Test worker     d.u.i.k.n.KeyIO           Parsing took 0 ms 
59990      DEBUG Test worker     d.u.i.k.n.KeyIO           Load declarations of de.uka.ilkd.key.nparser.KeyAst$File:  <unknown>:1#1 
59990      INFO  Test worker     d.u.i.k.n.KeyIO           MODE: declarations took 0 ms 
59990      DEBUG Test worker     d.u.i.k.n.KeyIO           MODE: 2nd degree decls took 0 
62633      INFO  Test worker     d.u.i.k.n.KeyIO           Parsing took 0 ms 
62633      DEBUG Test worker     d.u.i.k.n.KeyIO           Load declarations of de.uka.ilkd.key.nparser.KeyAst$File:  <unknown>:1#1 
62633      INFO  Test worker     d.u.i.k.n.KeyIO           MODE: declarations took 0 ms 
62633      DEBUG Test worker     d.u.i.k.n.KeyIO           MODE: 2nd degree decls took 0 
63430      INFO  Test worker     d.u.i.k.n.KeyIO           Parsing took 0 ms 
63430      DEBUG Test worker     d.u.i.k.n.KeyIO           Load declarations of de.uka.ilkd.key.nparser.KeyAst$File:  <unknown>:1#1 
63430      INFO  Test worker     d.u.i.k.n.KeyIO           MODE: declarations took 0 ms 
63430      DEBUG Test worker     d.u.i.k.n.KeyIO           MODE: 2nd degree decls took 0 
66088      INFO  Test worker     d.u.i.k.n.KeyIO           Parsing took 0 ms 
66088      DEBUG Test worker     d.u.i.k.n.KeyIO           Load declarations of de.uka.ilkd.key.nparser.KeyAst$File:  <unknown>:1#1 
66088      INFO  Test worker     d.u.i.k.n.KeyIO           MODE: declarations took 0 ms 
66088      DEBUG Test worker     d.u.i.k.n.KeyIO           MODE: 2nd degree decls took 0 
66886      INFO  Test worker     d.u.i.k.n.KeyIO           Parsing took 0 ms 
66886      DEBUG Test worker     d.u.i.k.n.KeyIO           Load declarations of de.uka.ilkd.key.nparser.KeyAst$File:  <unknown>:1#1 
66886      INFO  Test worker     d.u.i.k.n.KeyIO           MODE: declarations took 0 ms 
66886      DEBUG Test worker     d.u.i.k.n.KeyIO           MODE: 2nd degree decls took 0 
72217      INFO  Test worker     d.u.i.k.n.KeyIO           Parsing took 0 ms 
72217      DEBUG Test worker     d.u.i.k.n.KeyIO           Load declarations of de.uka.ilkd.key.nparser.KeyAst$File:  <unknown>:1#1 
72217      INFO  Test worker     d.u.i.k.n.KeyIO           MODE: declarations took 0 ms 
72217      DEBUG Test worker     d.u.i.k.n.KeyIO           MODE: 2nd degree decls took 0 
73030      INFO  Test worker     d.u.i.k.n.KeyIO           Parsing took 0 ms 
73030      DEBUG Test worker     d.u.i.k.n.KeyIO           Load declarations of de.uka.ilkd.key.nparser.KeyAst$File:  <unknown>:1#1 
73030      INFO  Test worker     d.u.i.k.n.KeyIO           MODE: declarations took 0 ms 
73030      DEBUG Test worker     d.u.i.k.n.KeyIO           MODE: 2nd degree decls took 0 
75656      INFO  Test worker     d.u.i.k.n.KeyIO           Parsing took 0 ms 
75656      DEBUG Test worker     d.u.i.k.n.KeyIO           Load declarations of de.uka.ilkd.key.nparser.KeyAst$File:  <unknown>:1#1 
75656      INFO  Test worker     d.u.i.k.n.KeyIO           MODE: declarations took 0 ms 
75656      DEBUG Test worker     d.u.i.k.n.KeyIO           MODE: 2nd degree decls took 0 
76469      INFO  Test worker     d.u.i.k.n.KeyIO           Parsing took 0 ms 
76469      DEBUG Test worker     d.u.i.k.n.KeyIO           Load declarations of de.uka.ilkd.key.nparser.KeyAst$File:  <unknown>:1#1 
76469      INFO  Test worker     d.u.i.k.n.KeyIO           MODE: declarations took 0 ms 
76469      DEBUG Test worker     d.u.i.k.n.KeyIO           MODE: 2nd degree decls took 0 
]]></system-out>
  <system-err><![CDATA[]]></system-err>
</testsuite>
