<?xml version="1.0" encoding="UTF-8"?>
<testsuite name="de.uka.ilkd.key.parser.TestParser" tests="5" skipped="1" failures="0" errors="0" timestamp="2023-05-01T13:59:29" hostname="fv-az282-660" time="4.391">
  <properties/>
  <testcase name="testConstantEvaluationError()" classname="de.uka.ilkd.key.parser.TestParser" time="0.842"/>
  <testcase name="testGenericSort()" classname="de.uka.ilkd.key.parser.TestParser" time="0.002"/>
  <testcase name="testIssue1566()" classname="de.uka.ilkd.key.parser.TestParser" time="2.688"/>
  <testcase name="testIssue39()" classname="de.uka.ilkd.key.parser.TestParser" time="0.857"/>
  <testcase name="testRelativeInclude()" classname="de.uka.ilkd.key.parser.TestParser" time="0.001">
    <skipped/>
  </testcase>
  <system-out><![CDATA[269751     INFO  Test worker     d.u.i.k.p.i.AbstractProblemLoader Loading environment from src\test\resources\testcase\parserErrorTest\AssignToArray.java 
269751     DEBUG Test worker     d.u.i.k.p.i.AbstractProblemLoader Environment load took 100.3ns 
269751     INFO  Test worker     d.u.i.k.p.i.AbstractProblemLoader Creating init config 
270596     INFO  Test worker     d.u.i.k.n.KeyIO           Parsing took 0 ms 
270596     DEBUG Test worker     d.u.i.k.n.KeyIO           Load declarations of de.uka.ilkd.key.nparser.KeyAst$File:  <unknown>:1#1 
270596     INFO  Test worker     d.u.i.k.n.KeyIO           MODE: declarations took 0 ms 
270596     DEBUG Test worker     d.u.i.k.n.KeyIO           MODE: 2nd degree decls took 0 
270596     DEBUG Test worker     d.u.i.k.n.KeyIO           MODE: taclets took 0ms 
270596     INFO  Test worker     d.u.i.k.p.i.AbstractProblemLoader Loading environment from src\test\resources\testcase\issues\1566\a.key 
270596     DEBUG Test worker     d.u.i.k.p.i.AbstractProblemLoader Environment load took 155.5ns 
270596     INFO  Test worker     d.u.i.k.p.i.AbstractProblemLoader Creating init config 
273269     DEBUG Test worker     d.u.i.k.p.i.AbstractProblemLoader Init config took 2.67s 
273284     INFO  Test worker     d.u.i.k.p.i.AbstractProblemLoader Replaying proof a.key 
273284     DEBUG Test worker     d.u.i.k.p.i.IntermediateProofReplayer Proof replay took 7.9ns 
273284     INFO  Test worker     d.u.i.k.p.i.AbstractProblemLoader Loading environment from src\test\resources\testcase\issues\39\A.java 
273284     DEBUG Test worker     d.u.i.k.p.i.AbstractProblemLoader Environment load took 364.4ns 
273284     INFO  Test worker     d.u.i.k.p.i.AbstractProblemLoader Creating init config 
]]></system-out>
  <system-err><![CDATA[]]></system-err>
</testsuite>
