<?xml version="1.0" encoding="UTF-8"?>
<testsuite name="de.uka.ilkd.key.proof.TestOneStepSimplifier" tests="1" skipped="0" failures="0" errors="0" timestamp="2023-05-01T14:01:25" hostname="fv-az282-660" time="3.564">
  <properties/>
  <testcase name="loadWithRestriction()" classname="de.uka.ilkd.key.proof.TestOneStepSimplifier" time="3.564"/>
  <system-out><![CDATA[386090     INFO  Test worker     d.u.i.k.p.i.AbstractProblemLoader Loading environment from src\test\resources\testcase\ossRestriction.proof 
386090     DEBUG Test worker     d.u.i.k.p.i.AbstractProblemLoader Environment load took 106.4ns 
386106     INFO  Test worker     d.u.i.k.p.i.AbstractProblemLoader Creating init config 
386216     DEBUG Test worker     d.u.i.k.j.TypeConverter   No LDT found for Meta 
386216     DEBUG Test worker     d.u.i.k.j.TypeConverter   No LDT found for Meta 
386216     DEBUG Test worker     d.u.i.k.j.TypeConverter   No LDT found for Meta 
386216     DEBUG Test worker     d.u.i.k.j.TypeConverter   No LDT found for Meta 
386685     DEBUG Test worker     d.u.i.k.j.TypeConverter   No LDT found for JavaBigintExpression 
389625     DEBUG Test worker     d.u.i.k.p.i.AbstractProblemLoader Init config took 3.53s 
389656     INFO  Test worker     d.u.i.k.p.i.AbstractProblemLoader Replaying proof ossRestriction.proof 
389656     DEBUG Test worker     d.u.i.k.p.i.IntermediateProofReplayer Proof replay took 1.06ms 
]]></system-out>
  <system-err><![CDATA[]]></system-err>
</testsuite>
