<?xml version="1.0" encoding="UTF-8"?>
<testsuite name="de.uka.ilkd.key.parser.TestTermParserSorts" tests="2" skipped="0" failures="0" errors="0" timestamp="2023-05-01T14:01:23" hostname="fv-az282-660" time="2.644">
  <properties/>
  <testcase name="testParseIntegerArgs()" classname="de.uka.ilkd.key.parser.TestTermParserSorts" time="0.015"/>
  <testcase name="testParseSequencePrettySyntax()" classname="de.uka.ilkd.key.parser.TestTermParserSorts" time="0.002"/>
  <system-out><![CDATA[383417     INFO  Test worker     d.u.i.k.n.KeyIO           Parsing took 0 ms 
383417     DEBUG Test worker     d.u.i.k.n.KeyIO           Load declarations of de.uka.ilkd.key.nparser.KeyAst$File:  <unknown>:1#1 
383417     INFO  Test worker     d.u.i.k.n.KeyIO           MODE: declarations took 0 ms 
383417     DEBUG Test worker     d.u.i.k.n.KeyIO           MODE: 2nd degree decls took 0 
383417     INFO  Test worker     d.u.i.k.n.KeyIO           Parsing took 0 ms 
383417     DEBUG Test worker     d.u.i.k.n.KeyIO           Load declarations of de.uka.ilkd.key.nparser.KeyAst$File:  <unknown>:1#1 
383417     INFO  Test worker     d.u.i.k.n.KeyIO           MODE: declarations took 0 ms 
383417     DEBUG Test worker     d.u.i.k.n.KeyIO           MODE: 2nd degree decls took 0 
383417     INFO  Test worker     d.u.i.k.n.KeyIO           Parsing took 0 ms 
383417     DEBUG Test worker     d.u.i.k.n.KeyIO           Load declarations of de.uka.ilkd.key.nparser.KeyAst$File:  <unknown>:1#1 
383417     INFO  Test worker     d.u.i.k.n.KeyIO           MODE: declarations took 0 ms 
383417     DEBUG Test worker     d.u.i.k.n.KeyIO           MODE: 2nd degree decls took 0 
386059     INFO  Test worker     d.u.i.k.n.KeyIO           Parsing took 0 ms 
386059     DEBUG Test worker     d.u.i.k.n.KeyIO           Load declarations of de.uka.ilkd.key.nparser.KeyAst$File:  <unknown>:1#1 
386059     INFO  Test worker     d.u.i.k.n.KeyIO           MODE: declarations took 0 ms 
386059     DEBUG Test worker     d.u.i.k.n.KeyIO           MODE: 2nd degree decls took 0 
386059     INFO  Test worker     d.u.i.k.n.KeyIO           Parsing took 0 ms 
386059     DEBUG Test worker     d.u.i.k.n.KeyIO           Load declarations of de.uka.ilkd.key.nparser.KeyAst$File:  <unknown>:1#1 
386059     INFO  Test worker     d.u.i.k.n.KeyIO           MODE: declarations took 0 ms 
386059     DEBUG Test worker     d.u.i.k.n.KeyIO           MODE: 2nd degree decls took 0 
386059     INFO  Test worker     d.u.i.k.n.KeyIO           Parsing took 0 ms 
386059     DEBUG Test worker     d.u.i.k.n.KeyIO           Load declarations of de.uka.ilkd.key.nparser.KeyAst$File:  <unknown>:1#1 
386059     INFO  Test worker     d.u.i.k.n.KeyIO           MODE: declarations took 0 ms 
386059     DEBUG Test worker     d.u.i.k.n.KeyIO           MODE: 2nd degree decls took 0 
]]></system-out>
  <system-err><![CDATA[]]></system-err>
</testsuite>
