<?xml version="1.0" encoding="UTF-8"?>
<testsuite name="de.uka.ilkd.key.rule.loop.LoopScopeInvRuleTests" tests="1" skipped="0" failures="0" errors="0" timestamp="2023-05-01T14:01:50" hostname="fv-az282-660" time="4.453">
  <properties/>
  <testcase name="testDoAutomaticProofOfBenchmarkWithLabeledBreaksAndContinues()" classname="de.uka.ilkd.key.rule.loop.LoopScopeInvRuleTests" time="4.453"/>
  <system-out><![CDATA[410467     INFO  Test worker     d.u.i.k.p.i.AbstractProblemLoader Loading environment from src\test\resources\testcase\loopScopeInvRule\Test.key 
410467     DEBUG Test worker     d.u.i.k.p.i.AbstractProblemLoader Environment load took 117.5ns 
410467     INFO  Test worker     d.u.i.k.p.i.AbstractProblemLoader Creating init config 
410592     DEBUG Test worker     d.u.i.k.j.TypeConverter   No LDT found for Meta 
410592     DEBUG Test worker     d.u.i.k.j.TypeConverter   No LDT found for Meta 
410592     DEBUG Test worker     d.u.i.k.j.TypeConverter   No LDT found for Meta 
410592     DEBUG Test worker     d.u.i.k.j.TypeConverter   No LDT found for Meta 
411311     DEBUG Test worker     d.u.i.k.j.TypeConverter   No LDT found for JavaBigintExpression 
414375     DEBUG Test worker     d.u.i.k.p.i.AbstractProblemLoader Init config took 3.91s 
414422     INFO  Test worker     d.u.i.k.p.i.AbstractProblemLoader Replaying proof Test[Test::loopScopeRuleBenchmark(int,boolean)].JML normal_behavior operation contract.0 
414422     DEBUG Test worker     d.u.i.k.p.i.IntermediateProofReplayer Proof replay took 16.7ns 
]]></system-out>
  <system-err><![CDATA[]]></system-err>
</testsuite>
