<?xml version="1.0" encoding="UTF-8"?>
<testsuite name="de.uka.ilkd.key.util.TestProofStarter" tests="2" skipped="0" failures="0" errors="0" timestamp="2023-05-01T14:07:12" hostname="fv-az282-660" time="51.74">
  <properties/>
  <testcase name="testDirectProofWithOneStepSimplification()" classname="de.uka.ilkd.key.util.TestProofStarter" time="27.023"/>
  <testcase name="testDirectProof()" classname="de.uka.ilkd.key.util.TestProofStarter" time="24.717"/>
  <system-out><![CDATA[732707     INFO  Test worker     d.u.i.k.p.i.AbstractProblemLoader Loading environment from src\test\resources\testcase\proofStarter\CC\project.key 
732707     DEBUG Test worker     d.u.i.k.p.i.AbstractProblemLoader Environment load took 149.1ns 
732707     INFO  Test worker     d.u.i.k.p.i.AbstractProblemLoader Creating init config 
732816     DEBUG Test worker     d.u.i.k.j.TypeConverter   No LDT found for Meta 
732816     DEBUG Test worker     d.u.i.k.j.TypeConverter   No LDT found for Meta 
732816     DEBUG Test worker     d.u.i.k.j.TypeConverter   No LDT found for Meta 
732816     DEBUG Test worker     d.u.i.k.j.TypeConverter   No LDT found for Meta 
733255     DEBUG Test worker     d.u.i.k.j.TypeConverter   No LDT found for JavaBigintExpression 
736413     DEBUG Test worker     d.u.i.k.p.i.AbstractProblemLoader Init config took 3.7s 
736475     INFO  Test worker     d.u.i.k.p.i.AbstractProblemLoader Replaying proof CC[CC::calcCoinIndex([I,[I)].JML normal_behavior operation contract.0 
736475     DEBUG Test worker     d.u.i.k.p.i.IntermediateProofReplayer Proof replay took 7.7ns 
759723     INFO  Test worker     d.u.i.k.p.i.AbstractProblemLoader Loading environment from src\test\resources\testcase\proofStarter\CC\project.key 
759723     DEBUG Test worker     d.u.i.k.p.i.AbstractProblemLoader Environment load took 371.9ns 
759723     INFO  Test worker     d.u.i.k.p.i.AbstractProblemLoader Creating init config 
762552     DEBUG Test worker     d.u.i.k.p.i.AbstractProblemLoader Init config took 2.83s 
762599     INFO  Test worker     d.u.i.k.p.i.AbstractProblemLoader Replaying proof CC[CC::calcCoinIndex([I,[I)].JML normal_behavior operation contract.0 
762599     DEBUG Test worker     d.u.i.k.p.i.IntermediateProofReplayer Proof replay took 7.6ns 
]]></system-out>
  <system-err><![CDATA[]]></system-err>
</testsuite>
