<?xml version="1.0" encoding="UTF-8"?>
<testsuite name="de.uka.ilkd.key.rule.merge.PredicateAbstractionLatticeTests" tests="3" skipped="0" failures="0" errors="0" timestamp="2023-05-01T14:03:09" hostname="fv-az282-660" time="5.41">
  <properties/>
  <testcase name="testToAndFromString()" classname="de.uka.ilkd.key.rule.merge.PredicateAbstractionLatticeTests" time="2.67"/>
  <testcase name="testCreateSignLatticeWithPredicates()" classname="de.uka.ilkd.key.rule.merge.PredicateAbstractionLatticeTests" time="2.739"/>
  <testcase name="testTrivialPredicatesLattice()" classname="de.uka.ilkd.key.rule.merge.PredicateAbstractionLatticeTests" time="0.0"/>
  <system-out><![CDATA[489702     INFO  Test worker     d.u.i.k.p.i.AbstractProblemLoader Loading environment from src\test\resources\testcase\merge\dummy.key 
489702     DEBUG Test worker     d.u.i.k.p.i.AbstractProblemLoader Environment load took 111.2ns 
489702     INFO  Test worker     d.u.i.k.p.i.AbstractProblemLoader Creating init config 
492346     DEBUG Test worker     d.u.i.k.p.i.AbstractProblemLoader Init config took 2.65s 
492361     INFO  Test worker     d.u.i.k.p.i.AbstractProblemLoader Replaying proof dummy.key 
492361     DEBUG Test worker     d.u.i.k.p.i.IntermediateProofReplayer Proof replay took 8.4ns 
492377     INFO  Test worker     d.u.i.k.p.i.AbstractProblemLoader Loading environment from src\test\resources\testcase\merge\dummy.key 
492377     DEBUG Test worker     d.u.i.k.p.i.AbstractProblemLoader Environment load took 331.6ns 
492377     INFO  Test worker     d.u.i.k.p.i.AbstractProblemLoader Creating init config 
495097     DEBUG Test worker     d.u.i.k.p.i.AbstractProblemLoader Init config took 2.72s 
495113     INFO  Test worker     d.u.i.k.p.i.AbstractProblemLoader Replaying proof dummy.key 
495113     DEBUG Test worker     d.u.i.k.p.i.IntermediateProofReplayer Proof replay took 6.5ns 
]]></system-out>
  <system-err><![CDATA[]]></system-err>
</testsuite>
