<?xml version="1.0" encoding="UTF-8"?>
<testsuite name="de.uka.ilkd.key.rule.tacletbuilder.BranchNamingFunctionsTest" tests="5" skipped="0" failures="0" errors="0" timestamp="2023-03-20T17:13:03" hostname="fv-az1131-757" time="0.014">
  <properties/>
  <testcase name="[1] \test, [\test]" classname="de.uka.ilkd.key.rule.tacletbuilder.BranchNamingFunctionsTest" time="0.002"/>
  <testcase name="[2] \test(a), [\test|a]" classname="de.uka.ilkd.key.rule.tacletbuilder.BranchNamingFunctionsTest" time="0.001"/>
  <testcase name="[3] \test(a,b), [\test|a|b]" classname="de.uka.ilkd.key.rule.tacletbuilder.BranchNamingFunctionsTest" time="0.001"/>
  <testcase name="[4] \test(    a, b  ), [\test|a|b]" classname="de.uka.ilkd.key.rule.tacletbuilder.BranchNamingFunctionsTest" time="0.001"/>
  <testcase name="[5] \test(    a, b  )XX\test(a) test: \test(a,b,c,d)end, [\test|a|b]XX[\test|a] test: [\test|a|b|c|d]end" classname="de.uka.ilkd.key.rule.tacletbuilder.BranchNamingFunctionsTest" time="0.001"/>
  <system-out><![CDATA[]]></system-out>
  <system-err><![CDATA[]]></system-err>
</testsuite>
