<?xml version="1.0" encoding="UTF-8"?>
<testsuite name="de.uka.ilkd.key.proof.io.TestZipProofSaving" tests="1" skipped="0" failures="0" errors="0" timestamp="2023-03-20T17:10:41" hostname="fv-az1131-757" time="9.164">
  <properties/>
  <testcase name="testZip()" classname="de.uka.ilkd.key.proof.io.TestZipProofSaving" time="9.164"/>
  <system-out><![CDATA[]]></system-out>
  <system-err><![CDATA[]]></system-err>
</testsuite>
