<?xml version="1.0" encoding="UTF-8"?>
<testsuite name="de.uka.ilkd.key.parser.TestDeclParser" tests="14" skipped="2" failures="0" errors="0" timestamp="2023-04-07T14:39:08" hostname="fv-az254-717" time="10.9">
  <properties/>
  <testcase name="testGenericSortDecl1()" classname="de.uka.ilkd.key.parser.TestDeclParser" time="0.916"/>
  <testcase name="testGenericSortDecl2()" classname="de.uka.ilkd.key.parser.TestDeclParser" time="0.948"/>
  <testcase name="testGenericSortDecl3()" classname="de.uka.ilkd.key.parser.TestDeclParser" time="0.936"/>
  <testcase name="testGenericSortDecl4()" classname="de.uka.ilkd.key.parser.TestDeclParser" time="0.867"/>
  <testcase name="testGenericSortDecl5()" classname="de.uka.ilkd.key.parser.TestDeclParser" time="0.0">
    <skipped/>
  </testcase>
  <testcase name="testGenericSortDecl6()" classname="de.uka.ilkd.key.parser.TestDeclParser" time="0.958"/>
  <testcase name="testSortDecl()" classname="de.uka.ilkd.key.parser.TestDeclParser" time="0.917"/>
  <testcase name="testProxySortDecl()" classname="de.uka.ilkd.key.parser.TestDeclParser" time="0.854"/>
  <testcase name="testArrayDecl()" classname="de.uka.ilkd.key.parser.TestDeclParser" time="0.923"/>
  <testcase name="testAmbiguousDecls()" classname="de.uka.ilkd.key.parser.TestDeclParser" time="0.0">
    <skipped/>
  </testcase>
  <testcase name="testHeurDecl()" classname="de.uka.ilkd.key.parser.TestDeclParser" time="0.929"/>
  <testcase name="testFunctionDecl()" classname="de.uka.ilkd.key.parser.TestDeclParser" time="0.86"/>
  <testcase name="testPredicateDecl()" classname="de.uka.ilkd.key.parser.TestDeclParser" time="0.922"/>
  <testcase name="testSVDecl()" classname="de.uka.ilkd.key.parser.TestDeclParser" time="0.865"/>
  <system-out><![CDATA[205324     INFO  Test worker     d.u.i.k.n.KeyIO           Parsing took 0 ms 
205325     INFO  Test worker     d.u.i.k.n.KeyIO           MODE: declarations took 0 ms 
206273     INFO  Test worker     d.u.i.k.n.KeyIO           Parsing took 0 ms 
206274     INFO  Test worker     d.u.i.k.n.KeyIO           MODE: declarations took 1 ms 
207210     INFO  Test worker     d.u.i.k.n.KeyIO           Parsing took 0 ms 
207210     INFO  Test worker     d.u.i.k.n.KeyIO           MODE: declarations took 0 ms 
208077     INFO  Test worker     d.u.i.k.n.KeyIO           Parsing took 0 ms 
208077     INFO  Test worker     d.u.i.k.n.KeyIO           MODE: declarations took 0 ms 
209036     INFO  Test worker     d.u.i.k.n.KeyIO           Parsing took 0 ms 
209036     INFO  Test worker     d.u.i.k.n.KeyIO           MODE: declarations took 0 ms 
209954     INFO  Test worker     d.u.i.k.n.KeyIO           Parsing took 0 ms 
209954     INFO  Test worker     d.u.i.k.n.KeyIO           MODE: declarations took 0 ms 
210808     INFO  Test worker     d.u.i.k.n.KeyIO           Parsing took 0 ms 
210808     INFO  Test worker     d.u.i.k.n.KeyIO           MODE: declarations took 0 ms 
211731     INFO  Test worker     d.u.i.k.n.KeyIO           Parsing took 0 ms 
211731     INFO  Test worker     d.u.i.k.n.KeyIO           MODE: declarations took 0 ms 
212661     INFO  Test worker     d.u.i.k.n.KeyIO           Parsing took 0 ms 
212661     INFO  Test worker     d.u.i.k.n.KeyIO           MODE: declarations took 0 ms 
213521     INFO  Test worker     d.u.i.k.n.KeyIO           Parsing took 0 ms 
213521     INFO  Test worker     d.u.i.k.n.KeyIO           MODE: declarations took 0 ms 
214445     INFO  Test worker     d.u.i.k.n.KeyIO           Parsing took 0 ms 
214445     INFO  Test worker     d.u.i.k.n.KeyIO           MODE: declarations took 0 ms 
215309     INFO  Test worker     d.u.i.k.n.KeyIO           Parsing took 0 ms 
215310     INFO  Test worker     d.u.i.k.n.KeyIO           MODE: declarations took 1 ms 
]]></system-out>
  <system-err><![CDATA[]]></system-err>
</testsuite>
