<?xml version="1.0" encoding="UTF-8"?>
<testsuite name="de.uka.ilkd.key.parser.TestTermParser" tests="47" skipped="4" failures="0" errors="0" timestamp="2023-04-07T14:40:38" hostname="fv-az254-717" time="4.296">
  <properties/>
  <testcase name="testNotEqual()" classname="de.uka.ilkd.key.parser.TestTermParser" time="0.002"/>
  <testcase name="testProgramVariables()" classname="de.uka.ilkd.key.parser.TestTermParser" time="0.07"/>
  <testcase name="testAttributeWithSpecifiedSortOnObject()" classname="de.uka.ilkd.key.parser.TestTermParser" time="0.004"/>
  <testcase name="testCast()" classname="de.uka.ilkd.key.parser.TestTermParser" time="0.003"/>
  <testcase name="testJavaQueryAndAttribute_all()" classname="de.uka.ilkd.key.parser.TestTermParser" time="0.0">
    <skipped/>
  </testcase>
  <testcase name="test10()" classname="de.uka.ilkd.key.parser.TestTermParser" time="0.003"/>
  <testcase name="test11()" classname="de.uka.ilkd.key.parser.TestTermParser" time="0.002"/>
  <testcase name="test12()" classname="de.uka.ilkd.key.parser.TestTermParser" time="0.0">
    <skipped/>
  </testcase>
  <testcase name="test13()" classname="de.uka.ilkd.key.parser.TestTermParser" time="0.004"/>
  <testcase name="test14()" classname="de.uka.ilkd.key.parser.TestTermParser" time="0.003"/>
  <testcase name="test1a()" classname="de.uka.ilkd.key.parser.TestTermParser" time="0.002"/>
  <testcase name="testJavaAttributeAccess_4()" classname="de.uka.ilkd.key.parser.TestTermParser" time="0.002"/>
  <testcase name="testAttributeOnObject()" classname="de.uka.ilkd.key.parser.TestTermParser" time="0.003"/>
  <testcase name="testNegativeLiteralParsing1()" classname="de.uka.ilkd.key.parser.TestTermParser" time="0.001"/>
  <testcase name="testNegativeLiteralParsing2()" classname="de.uka.ilkd.key.parser.TestTermParser" time="0.001"/>
  <testcase name="testNegativeLiteralParsing3()" classname="de.uka.ilkd.key.parser.TestTermParser" time="0.001"/>
  <testcase name="xtestParsingArrayWithSpaces()" classname="de.uka.ilkd.key.parser.TestTermParser" time="0.0">
    <skipped/>
  </testcase>
  <testcase name="testAmbigiousFuncVarPred()" classname="de.uka.ilkd.key.parser.TestTermParser" time="0.001"/>
  <testcase name="test1()" classname="de.uka.ilkd.key.parser.TestTermParser" time="0.001"/>
  <testcase name="test2()" classname="de.uka.ilkd.key.parser.TestTermParser" time="0.002"/>
  <testcase name="test3()" classname="de.uka.ilkd.key.parser.TestTermParser" time="0.001"/>
  <testcase name="test5()" classname="de.uka.ilkd.key.parser.TestTermParser" time="0.003"/>
  <testcase name="test6()" classname="de.uka.ilkd.key.parser.TestTermParser" time="0.002"/>
  <testcase name="test7()" classname="de.uka.ilkd.key.parser.TestTermParser" time="0.001"/>
  <testcase name="test8()" classname="de.uka.ilkd.key.parser.TestTermParser" time="0.006"/>
  <testcase name="test9()" classname="de.uka.ilkd.key.parser.TestTermParser" time="0.001"/>
  <testcase name="testBindingUpdateTerm()" classname="de.uka.ilkd.key.parser.TestTermParser" time="0.002"/>
  <testcase name="testJavaStaticQuery()" classname="de.uka.ilkd.key.parser.TestTermParser" time="0.003"/>
  <testcase name="testInfix1()" classname="de.uka.ilkd.key.parser.TestTermParser" time="0.002"/>
  <testcase name="testInfix2()" classname="de.uka.ilkd.key.parser.TestTermParser" time="0.002"/>
  <testcase name="testInfix3()" classname="de.uka.ilkd.key.parser.TestTermParser" time="0.002"/>
  <testcase name="testInfix4()" classname="de.uka.ilkd.key.parser.TestTermParser" time="0.002"/>
  <testcase name="testIfThenElse()" classname="de.uka.ilkd.key.parser.TestTermParser" time="0.001"/>
  <testcase name="testJavaAttributeAccessBoth_1()" classname="de.uka.ilkd.key.parser.TestTermParser" time="0.003"/>
  <testcase name="testJavaAttributeAccessBoth_2()" classname="de.uka.ilkd.key.parser.TestTermParser" time="0.003"/>
  <testcase name="testJavaAttributeAccessBoth_3()" classname="de.uka.ilkd.key.parser.TestTermParser" time="0.003"/>
  <testcase name="testBindingUpdateTerm_1()" classname="de.uka.ilkd.key.parser.TestTermParser" time="0.002"/>
  <testcase name="testBindingUpdateTerm_3()" classname="de.uka.ilkd.key.parser.TestTermParser" time="0.003"/>
  <testcase name="testBindingUpdateTerm_4()" classname="de.uka.ilkd.key.parser.TestTermParser" time="0.002"/>
  <testcase name="testBindingUpdateTerm_5()" classname="de.uka.ilkd.key.parser.TestTermParser" time="0.002"/>
  <testcase name="testBindingUpdateTerm_6()" classname="de.uka.ilkd.key.parser.TestTermParser" time="0.002"/>
  <testcase name="testBindingUpdateTerm_7()" classname="de.uka.ilkd.key.parser.TestTermParser" time="0.002"/>
  <testcase name="testBindingUpdateTerm_8()" classname="de.uka.ilkd.key.parser.TestTermParser" time="0.002"/>
  <testcase name="testParsingArray()" classname="de.uka.ilkd.key.parser.TestTermParser" time="0.003"/>
  <testcase name="xtestBindingUpdateTermOldBindingAlternative()" classname="de.uka.ilkd.key.parser.TestTermParser" time="0.0">
    <skipped/>
  </testcase>
  <testcase name="testJavaStaticQueryWithParameter()" classname="de.uka.ilkd.key.parser.TestTermParser" time="0.004"/>
  <testcase name="testParsingArrayCombination()" classname="de.uka.ilkd.key.parser.TestTermParser" time="0.003"/>
  <system-out><![CDATA[294549     INFO  Test worker     d.u.i.k.n.KeyIO           Parsing took 0 ms 
294549     INFO  Test worker     d.u.i.k.n.KeyIO           MODE: declarations took 0 ms 
294551     WARN  Test worker     d.u.i.k.j.r.KeYCrossReferenceNameInfo Datatype T declared twice: Once in UNKNOWN:unknown and once in UNKNOWN:unknown, Keeping one from UNKNOWN:unknown 
294642     INFO  Test worker     d.u.i.k.n.KeyIO           Parsing took 0 ms 
294642     INFO  Test worker     d.u.i.k.n.KeyIO           MODE: declarations took 0 ms 
294712     WARN  Test worker     d.u.i.k.j.r.KeYCrossReferenceNameInfo Datatype T declared twice: Once in UNKNOWN:unknown and once in UNKNOWN:unknown, Keeping one from UNKNOWN:unknown 
294800     INFO  Test worker     d.u.i.k.n.KeyIO           Parsing took 0 ms 
294801     INFO  Test worker     d.u.i.k.n.KeyIO           MODE: declarations took 0 ms 
294804     WARN  Test worker     d.u.i.k.j.r.KeYCrossReferenceNameInfo Datatype T declared twice: Once in UNKNOWN:unknown and once in UNKNOWN:unknown, Keeping one from UNKNOWN:unknown 
294893     INFO  Test worker     d.u.i.k.n.KeyIO           Parsing took 0 ms 
294895     INFO  Test worker     d.u.i.k.n.KeyIO           MODE: declarations took 0 ms 
294897     WARN  Test worker     d.u.i.k.j.r.KeYCrossReferenceNameInfo Datatype T declared twice: Once in UNKNOWN:unknown and once in UNKNOWN:unknown, Keeping one from UNKNOWN:unknown 
294985     WARN  Test worker     d.u.i.k.j.r.KeYCrossReferenceNameInfo Datatype T declared twice: Once in UNKNOWN:unknown and once in UNKNOWN:unknown, Keeping one from UNKNOWN:unknown 
295073     INFO  Test worker     d.u.i.k.n.KeyIO           Parsing took 0 ms 
295074     INFO  Test worker     d.u.i.k.n.KeyIO           MODE: declarations took 0 ms 
295075     INFO  Test worker     d.u.i.k.p.TestTermParser  Out: \<{
  int x = 1;
  {
    int s = 2;
  }
}\> (equals(x,x)) 
295077     WARN  Test worker     d.u.i.k.j.r.KeYCrossReferenceNameInfo Datatype T declared twice: Once in UNKNOWN:unknown and once in UNKNOWN:unknown, Keeping one from UNKNOWN:unknown 
295165     INFO  Test worker     d.u.i.k.n.KeyIO           Parsing took 1 ms 
295165     INFO  Test worker     d.u.i.k.n.KeyIO           MODE: declarations took 0 ms 
295166     INFO  Test worker     d.u.i.k.p.TestTermParser  Out: \[{
  int x = 2;
  {
    String s = ""}";
  }
}\] (true) 
295167     WARN  Test worker     d.u.i.k.j.r.KeYCrossReferenceNameInfo Datatype T declared twice: Once in UNKNOWN:unknown and once in UNKNOWN:unknown, Keeping one from UNKNOWN:unknown 
295256     WARN  Test worker     d.u.i.k.j.r.KeYCrossReferenceNameInfo Datatype T declared twice: Once in UNKNOWN:unknown and once in UNKNOWN:unknown, Keeping one from UNKNOWN:unknown 
295344     INFO  Test worker     d.u.i.k.n.KeyIO           Parsing took 0 ms 
295344     INFO  Test worker     d.u.i.k.n.KeyIO           MODE: declarations took 0 ms 
295349     WARN  Test worker     d.u.i.k.j.r.KeYCrossReferenceNameInfo Datatype T declared twice: Once in UNKNOWN:unknown and once in UNKNOWN:unknown, Keeping one from UNKNOWN:unknown 
295438     INFO  Test worker     d.u.i.k.n.KeyIO           Parsing took 0 ms 
295439     INFO  Test worker     d.u.i.k.n.KeyIO           MODE: declarations took 0 ms 
295440     INFO  Test worker     d.u.i.k.p.TestTermParser  Out: \<{
  int[] i;
}\> (diamond(true)) 
295441     WARN  Test worker     d.u.i.k.j.r.KeYCrossReferenceNameInfo Datatype T declared twice: Once in UNKNOWN:unknown and once in UNKNOWN:unknown, Keeping one from UNKNOWN:unknown 
295530     INFO  Test worker     d.u.i.k.n.KeyIO           Parsing took 0 ms 
295530     INFO  Test worker     d.u.i.k.n.KeyIO           MODE: declarations took 0 ms 
295532     WARN  Test worker     d.u.i.k.j.r.KeYCrossReferenceNameInfo Datatype T declared twice: Once in UNKNOWN:unknown and once in UNKNOWN:unknown, Keeping one from UNKNOWN:unknown 
295621     INFO  Test worker     d.u.i.k.n.KeyIO           Parsing took 0 ms 
295621     INFO  Test worker     d.u.i.k.n.KeyIO           MODE: declarations took 0 ms 
295625     WARN  Test worker     d.u.i.k.j.r.KeYCrossReferenceNameInfo Datatype T declared twice: Once in UNKNOWN:unknown and once in UNKNOWN:unknown, Keeping one from UNKNOWN:unknown 
295714     INFO  Test worker     d.u.i.k.n.KeyIO           Parsing took 1 ms 
295714     INFO  Test worker     d.u.i.k.n.KeyIO           MODE: declarations took 0 ms 
295716     WARN  Test worker     d.u.i.k.j.r.KeYCrossReferenceNameInfo Datatype T declared twice: Once in UNKNOWN:unknown and once in UNKNOWN:unknown, Keeping one from UNKNOWN:unknown 
295805     INFO  Test worker     d.u.i.k.n.KeyIO           Parsing took 0 ms 
295805     INFO  Test worker     d.u.i.k.n.KeyIO           MODE: declarations took 0 ms 
295806     WARN  Test worker     d.u.i.k.j.r.KeYCrossReferenceNameInfo Datatype T declared twice: Once in UNKNOWN:unknown and once in UNKNOWN:unknown, Keeping one from UNKNOWN:unknown 
295896     INFO  Test worker     d.u.i.k.n.KeyIO           Parsing took 1 ms 
295896     INFO  Test worker     d.u.i.k.n.KeyIO           MODE: declarations took 0 ms 
295897     WARN  Test worker     d.u.i.k.j.r.KeYCrossReferenceNameInfo Datatype T declared twice: Once in UNKNOWN:unknown and once in UNKNOWN:unknown, Keeping one from UNKNOWN:unknown 
295986     INFO  Test worker     d.u.i.k.n.KeyIO           Parsing took 0 ms 
295987     INFO  Test worker     d.u.i.k.n.KeyIO           MODE: declarations took 0 ms 
295988     WARN  Test worker     d.u.i.k.j.r.KeYCrossReferenceNameInfo Datatype T declared twice: Once in UNKNOWN:unknown and once in UNKNOWN:unknown, Keeping one from UNKNOWN:unknown 
296077     WARN  Test worker     d.u.i.k.j.r.KeYCrossReferenceNameInfo Datatype T declared twice: Once in UNKNOWN:unknown and once in UNKNOWN:unknown, Keeping one from UNKNOWN:unknown 
296165     INFO  Test worker     d.u.i.k.n.KeyIO           Parsing took 0 ms 
296166     INFO  Test worker     d.u.i.k.n.KeyIO           MODE: declarations took 0 ms 
296166     WARN  Test worker     d.u.i.k.j.r.KeYCrossReferenceNameInfo Datatype T declared twice: Once in UNKNOWN:unknown and once in UNKNOWN:unknown, Keeping one from UNKNOWN:unknown 
296255     INFO  Test worker     d.u.i.k.n.KeyIO           Parsing took 0 ms 
296256     INFO  Test worker     d.u.i.k.n.KeyIO           MODE: declarations took 0 ms 
296257     WARN  Test worker     d.u.i.k.j.r.KeYCrossReferenceNameInfo Datatype T declared twice: Once in UNKNOWN:unknown and once in UNKNOWN:unknown, Keeping one from UNKNOWN:unknown 
296346     INFO  Test worker     d.u.i.k.n.KeyIO           Parsing took 1 ms 
296346     INFO  Test worker     d.u.i.k.n.KeyIO           MODE: declarations took 0 ms 
296347     WARN  Test worker     d.u.i.k.j.r.KeYCrossReferenceNameInfo Datatype T declared twice: Once in UNKNOWN:unknown and once in UNKNOWN:unknown, Keeping one from UNKNOWN:unknown 
296436     INFO  Test worker     d.u.i.k.n.KeyIO           Parsing took 1 ms 
296436     INFO  Test worker     d.u.i.k.n.KeyIO           MODE: declarations took 0 ms 
296437     WARN  Test worker     d.u.i.k.j.r.KeYCrossReferenceNameInfo Datatype T declared twice: Once in UNKNOWN:unknown and once in UNKNOWN:unknown, Keeping one from UNKNOWN:unknown 
296528     INFO  Test worker     d.u.i.k.n.KeyIO           Parsing took 0 ms 
296528     INFO  Test worker     d.u.i.k.n.KeyIO           MODE: declarations took 0 ms 
296531     WARN  Test worker     d.u.i.k.j.r.KeYCrossReferenceNameInfo Datatype T declared twice: Once in UNKNOWN:unknown and once in UNKNOWN:unknown, Keeping one from UNKNOWN:unknown 
296621     INFO  Test worker     d.u.i.k.n.KeyIO           Parsing took 0 ms 
296621     INFO  Test worker     d.u.i.k.n.KeyIO           MODE: declarations took 0 ms 
296623     WARN  Test worker     d.u.i.k.j.r.KeYCrossReferenceNameInfo Datatype T declared twice: Once in UNKNOWN:unknown and once in UNKNOWN:unknown, Keeping one from UNKNOWN:unknown 
296712     INFO  Test worker     d.u.i.k.n.KeyIO           Parsing took 0 ms 
296712     INFO  Test worker     d.u.i.k.n.KeyIO           MODE: declarations took 0 ms 
296713     WARN  Test worker     d.u.i.k.j.r.KeYCrossReferenceNameInfo Datatype T declared twice: Once in UNKNOWN:unknown and once in UNKNOWN:unknown, Keeping one from UNKNOWN:unknown 
296803     INFO  Test worker     d.u.i.k.n.KeyIO           Parsing took 0 ms 
296803     INFO  Test worker     d.u.i.k.n.KeyIO           MODE: declarations took 0 ms 
296810     WARN  Test worker     d.u.i.k.j.r.KeYCrossReferenceNameInfo Datatype T declared twice: Once in UNKNOWN:unknown and once in UNKNOWN:unknown, Keeping one from UNKNOWN:unknown 
296899     INFO  Test worker     d.u.i.k.n.KeyIO           Parsing took 0 ms 
296899     INFO  Test worker     d.u.i.k.n.KeyIO           MODE: declarations took 0 ms 
296900     WARN  Test worker     d.u.i.k.j.r.KeYCrossReferenceNameInfo Datatype T declared twice: Once in UNKNOWN:unknown and once in UNKNOWN:unknown, Keeping one from UNKNOWN:unknown 
296989     INFO  Test worker     d.u.i.k.n.KeyIO           Parsing took 0 ms 
296989     INFO  Test worker     d.u.i.k.n.KeyIO           MODE: declarations took 0 ms 
296991     WARN  Test worker     d.u.i.k.j.r.KeYCrossReferenceNameInfo Datatype T declared twice: Once in UNKNOWN:unknown and once in UNKNOWN:unknown, Keeping one from UNKNOWN:unknown 
297079     INFO  Test worker     d.u.i.k.n.KeyIO           Parsing took 0 ms 
297080     INFO  Test worker     d.u.i.k.n.KeyIO           MODE: declarations took 0 ms 
297083     WARN  Test worker     d.u.i.k.j.r.KeYCrossReferenceNameInfo Datatype T declared twice: Once in UNKNOWN:unknown and once in UNKNOWN:unknown, Keeping one from UNKNOWN:unknown 
297172     INFO  Test worker     d.u.i.k.n.KeyIO           Parsing took 0 ms 
297173     INFO  Test worker     d.u.i.k.n.KeyIO           MODE: declarations took 0 ms 
297174     WARN  Test worker     d.u.i.k.j.r.KeYCrossReferenceNameInfo Datatype T declared twice: Once in UNKNOWN:unknown and once in UNKNOWN:unknown, Keeping one from UNKNOWN:unknown 
297262     INFO  Test worker     d.u.i.k.n.KeyIO           Parsing took 0 ms 
297263     INFO  Test worker     d.u.i.k.n.KeyIO           MODE: declarations took 1 ms 
297264     WARN  Test worker     d.u.i.k.j.r.KeYCrossReferenceNameInfo Datatype T declared twice: Once in UNKNOWN:unknown and once in UNKNOWN:unknown, Keeping one from UNKNOWN:unknown 
297355     INFO  Test worker     d.u.i.k.n.KeyIO           Parsing took 1 ms 
297355     INFO  Test worker     d.u.i.k.n.KeyIO           MODE: declarations took 0 ms 
297357     WARN  Test worker     d.u.i.k.j.r.KeYCrossReferenceNameInfo Datatype T declared twice: Once in UNKNOWN:unknown and once in UNKNOWN:unknown, Keeping one from UNKNOWN:unknown 
297451     INFO  Test worker     d.u.i.k.n.KeyIO           Parsing took 0 ms 
297451     INFO  Test worker     d.u.i.k.n.KeyIO           MODE: declarations took 0 ms 
297453     WARN  Test worker     d.u.i.k.j.r.KeYCrossReferenceNameInfo Datatype T declared twice: Once in UNKNOWN:unknown and once in UNKNOWN:unknown, Keeping one from UNKNOWN:unknown 
297542     INFO  Test worker     d.u.i.k.n.KeyIO           Parsing took 0 ms 
297542     INFO  Test worker     d.u.i.k.n.KeyIO           MODE: declarations took 0 ms 
297544     WARN  Test worker     d.u.i.k.j.r.KeYCrossReferenceNameInfo Datatype T declared twice: Once in UNKNOWN:unknown and once in UNKNOWN:unknown, Keeping one from UNKNOWN:unknown 
297633     INFO  Test worker     d.u.i.k.n.KeyIO           Parsing took 0 ms 
297634     INFO  Test worker     d.u.i.k.n.KeyIO           MODE: declarations took 1 ms 
297636     WARN  Test worker     d.u.i.k.j.r.KeYCrossReferenceNameInfo Datatype T declared twice: Once in UNKNOWN:unknown and once in UNKNOWN:unknown, Keeping one from UNKNOWN:unknown 
297726     INFO  Test worker     d.u.i.k.n.KeyIO           Parsing took 0 ms 
297726     INFO  Test worker     d.u.i.k.n.KeyIO           MODE: declarations took 0 ms 
297729     WARN  Test worker     d.u.i.k.j.r.KeYCrossReferenceNameInfo Datatype T declared twice: Once in UNKNOWN:unknown and once in UNKNOWN:unknown, Keeping one from UNKNOWN:unknown 
297817     INFO  Test worker     d.u.i.k.n.KeyIO           Parsing took 0 ms 
297818     INFO  Test worker     d.u.i.k.n.KeyIO           MODE: declarations took 0 ms 
297820     WARN  Test worker     d.u.i.k.j.r.KeYCrossReferenceNameInfo Datatype T declared twice: Once in UNKNOWN:unknown and once in UNKNOWN:unknown, Keeping one from UNKNOWN:unknown 
297909     INFO  Test worker     d.u.i.k.n.KeyIO           Parsing took 0 ms 
297909     INFO  Test worker     d.u.i.k.n.KeyIO           MODE: declarations took 0 ms 
297911     WARN  Test worker     d.u.i.k.j.r.KeYCrossReferenceNameInfo Datatype T declared twice: Once in UNKNOWN:unknown and once in UNKNOWN:unknown, Keeping one from UNKNOWN:unknown 
298001     INFO  Test worker     d.u.i.k.n.KeyIO           Parsing took 0 ms 
298002     INFO  Test worker     d.u.i.k.n.KeyIO           MODE: declarations took 1 ms 
298005     WARN  Test worker     d.u.i.k.j.r.KeYCrossReferenceNameInfo Datatype T declared twice: Once in UNKNOWN:unknown and once in UNKNOWN:unknown, Keeping one from UNKNOWN:unknown 
298094     INFO  Test worker     d.u.i.k.n.KeyIO           Parsing took 0 ms 
298095     INFO  Test worker     d.u.i.k.n.KeyIO           MODE: declarations took 0 ms 
298096     WARN  Test worker     d.u.i.k.j.r.KeYCrossReferenceNameInfo Datatype T declared twice: Once in UNKNOWN:unknown and once in UNKNOWN:unknown, Keeping one from UNKNOWN:unknown 
298186     INFO  Test worker     d.u.i.k.n.KeyIO           Parsing took 0 ms 
298187     INFO  Test worker     d.u.i.k.n.KeyIO           MODE: declarations took 0 ms 
298189     WARN  Test worker     d.u.i.k.j.r.KeYCrossReferenceNameInfo Datatype T declared twice: Once in UNKNOWN:unknown and once in UNKNOWN:unknown, Keeping one from UNKNOWN:unknown 
298278     INFO  Test worker     d.u.i.k.n.KeyIO           Parsing took 0 ms 
298279     INFO  Test worker     d.u.i.k.n.KeyIO           MODE: declarations took 0 ms 
298281     WARN  Test worker     d.u.i.k.j.r.KeYCrossReferenceNameInfo Datatype T declared twice: Once in UNKNOWN:unknown and once in UNKNOWN:unknown, Keeping one from UNKNOWN:unknown 
298372     INFO  Test worker     d.u.i.k.n.KeyIO           Parsing took 0 ms 
298373     INFO  Test worker     d.u.i.k.n.KeyIO           MODE: declarations took 0 ms 
298375     WARN  Test worker     d.u.i.k.j.r.KeYCrossReferenceNameInfo Datatype T declared twice: Once in UNKNOWN:unknown and once in UNKNOWN:unknown, Keeping one from UNKNOWN:unknown 
298470     INFO  Test worker     d.u.i.k.n.KeyIO           Parsing took 0 ms 
298471     INFO  Test worker     d.u.i.k.n.KeyIO           MODE: declarations took 0 ms 
298473     WARN  Test worker     d.u.i.k.j.r.KeYCrossReferenceNameInfo Datatype T declared twice: Once in UNKNOWN:unknown and once in UNKNOWN:unknown, Keeping one from UNKNOWN:unknown 
298563     INFO  Test worker     d.u.i.k.n.KeyIO           Parsing took 0 ms 
298563     INFO  Test worker     d.u.i.k.n.KeyIO           MODE: declarations took 0 ms 
298566     WARN  Test worker     d.u.i.k.j.r.KeYCrossReferenceNameInfo Datatype T declared twice: Once in UNKNOWN:unknown and once in UNKNOWN:unknown, Keeping one from UNKNOWN:unknown 
298659     WARN  Test worker     d.u.i.k.j.r.KeYCrossReferenceNameInfo Datatype T declared twice: Once in UNKNOWN:unknown and once in UNKNOWN:unknown, Keeping one from UNKNOWN:unknown 
298749     INFO  Test worker     d.u.i.k.n.KeyIO           Parsing took 0 ms 
298749     INFO  Test worker     d.u.i.k.n.KeyIO           MODE: declarations took 0 ms 
298752     WARN  Test worker     d.u.i.k.j.r.KeYCrossReferenceNameInfo Datatype T declared twice: Once in UNKNOWN:unknown and once in UNKNOWN:unknown, Keeping one from UNKNOWN:unknown 
298842     INFO  Test worker     d.u.i.k.n.KeyIO           Parsing took 0 ms 
298842     INFO  Test worker     d.u.i.k.n.KeyIO           MODE: declarations took 0 ms 
]]></system-out>
  <system-err><![CDATA[]]></system-err>
</testsuite>
