<?xml version="1.0" encoding="UTF-8"?>
<testsuite name="de.uka.ilkd.key.logic.TestClashFreeSubst" tests="14" skipped="2" failures="0" errors="0" timestamp="2023-04-07T14:36:19" hostname="fv-az254-717" time="48.852">
  <properties/>
  <testcase name="testMultiShareBound()" classname="de.uka.ilkd.key.logic.TestClashFreeSubst" time="0.919"/>
  <testcase name="testClash()" classname="de.uka.ilkd.key.logic.TestClashFreeSubst" time="0.947"/>
  <testcase name="testShare()" classname="de.uka.ilkd.key.logic.TestClashFreeSubst" time="0.921"/>
  <testcase name="testSubst()" classname="de.uka.ilkd.key.logic.TestClashFreeSubst" time="0.887"/>
  <testcase name="testWary0()" classname="de.uka.ilkd.key.logic.TestClashFreeSubst" time="0.941"/>
  <testcase name="testWary1()" classname="de.uka.ilkd.key.logic.TestClashFreeSubst" time="0.907"/>
  <testcase name="testWary2()" classname="de.uka.ilkd.key.logic.TestClashFreeSubst" time="0.913"/>
  <testcase name="testClashInSubstTerm()" classname="de.uka.ilkd.key.logic.TestClashFreeSubst" time="0.905"/>
  <testcase name="testShareWary()" classname="de.uka.ilkd.key.logic.TestClashFreeSubst" time="0.909"/>
  <testcase name="testMultiSubst()" classname="de.uka.ilkd.key.logic.TestClashFreeSubst" time="0.913"/>
  <testcase name="xtestMultiClash()" classname="de.uka.ilkd.key.logic.TestClashFreeSubst" time="0.0">
    <skipped/>
  </testcase>
  <testcase name="testSubstInSubstTerm()" classname="de.uka.ilkd.key.logic.TestClashFreeSubst" time="0.867"/>
  <testcase name="testSubstWary()" classname="de.uka.ilkd.key.logic.TestClashFreeSubst" time="0.894"/>
  <testcase name="xtestMultiClash1()" classname="de.uka.ilkd.key.logic.TestClashFreeSubst" time="0.0">
    <skipped/>
  </testcase>
  <system-out><![CDATA[35517      INFO  Test worker     d.u.i.k.n.KeyIO           Parsing took 0 ms 
35518      INFO  Test worker     d.u.i.k.n.KeyIO           MODE: declarations took 0 ms 
36428      INFO  Test worker     d.u.i.k.n.KeyIO           Parsing took 0 ms 
36429      INFO  Test worker     d.u.i.k.n.KeyIO           MODE: declarations took 0 ms 
39433      INFO  Test worker     d.u.i.k.n.KeyIO           Parsing took 0 ms 
39434      INFO  Test worker     d.u.i.k.n.KeyIO           MODE: declarations took 0 ms 
40374      INFO  Test worker     d.u.i.k.n.KeyIO           Parsing took 0 ms 
40375      INFO  Test worker     d.u.i.k.n.KeyIO           MODE: declarations took 0 ms 
43362      INFO  Test worker     d.u.i.k.n.KeyIO           Parsing took 0 ms 
43363      INFO  Test worker     d.u.i.k.n.KeyIO           MODE: declarations took 1 ms 
44281      INFO  Test worker     d.u.i.k.n.KeyIO           Parsing took 0 ms 
44281      INFO  Test worker     d.u.i.k.n.KeyIO           MODE: declarations took 0 ms 
47160      INFO  Test worker     d.u.i.k.n.KeyIO           Parsing took 0 ms 
47161      INFO  Test worker     d.u.i.k.n.KeyIO           MODE: declarations took 1 ms 
48045      INFO  Test worker     d.u.i.k.n.KeyIO           Parsing took 0 ms 
48045      INFO  Test worker     d.u.i.k.n.KeyIO           MODE: declarations took 0 ms 
50989      INFO  Test worker     d.u.i.k.n.KeyIO           Parsing took 0 ms 
50989      INFO  Test worker     d.u.i.k.n.KeyIO           MODE: declarations took 0 ms 
51925      INFO  Test worker     d.u.i.k.n.KeyIO           Parsing took 0 ms 
51926      INFO  Test worker     d.u.i.k.n.KeyIO           MODE: declarations took 0 ms 
54873      INFO  Test worker     d.u.i.k.n.KeyIO           Parsing took 0 ms 
54874      INFO  Test worker     d.u.i.k.n.KeyIO           MODE: declarations took 0 ms 
55776      INFO  Test worker     d.u.i.k.n.KeyIO           Parsing took 0 ms 
55777      INFO  Test worker     d.u.i.k.n.KeyIO           MODE: declarations took 0 ms 
58714      INFO  Test worker     d.u.i.k.n.KeyIO           Parsing took 0 ms 
58714      INFO  Test worker     d.u.i.k.n.KeyIO           MODE: declarations took 0 ms 
59620      INFO  Test worker     d.u.i.k.n.KeyIO           Parsing took 0 ms 
59621      INFO  Test worker     d.u.i.k.n.KeyIO           MODE: declarations took 0 ms 
62520      INFO  Test worker     d.u.i.k.n.KeyIO           Parsing took 0 ms 
62521      INFO  Test worker     d.u.i.k.n.KeyIO           MODE: declarations took 0 ms 
63421      INFO  Test worker     d.u.i.k.n.KeyIO           Parsing took 0 ms 
63422      INFO  Test worker     d.u.i.k.n.KeyIO           MODE: declarations took 0 ms 
66319      INFO  Test worker     d.u.i.k.n.KeyIO           Parsing took 1 ms 
66319      INFO  Test worker     d.u.i.k.n.KeyIO           MODE: declarations took 0 ms 
67224      INFO  Test worker     d.u.i.k.n.KeyIO           Parsing took 0 ms 
67225      INFO  Test worker     d.u.i.k.n.KeyIO           MODE: declarations took 0 ms 
70143      INFO  Test worker     d.u.i.k.n.KeyIO           Parsing took 0 ms 
70144      INFO  Test worker     d.u.i.k.n.KeyIO           MODE: declarations took 0 ms 
71054      INFO  Test worker     d.u.i.k.n.KeyIO           Parsing took 0 ms 
71054      INFO  Test worker     d.u.i.k.n.KeyIO           MODE: declarations took 0 ms 
76845      INFO  Test worker     d.u.i.k.n.KeyIO           Parsing took 0 ms 
76846      INFO  Test worker     d.u.i.k.n.KeyIO           MODE: declarations took 0 ms 
77709      INFO  Test worker     d.u.i.k.n.KeyIO           Parsing took 0 ms 
77709      INFO  Test worker     d.u.i.k.n.KeyIO           MODE: declarations took 0 ms 
80582      INFO  Test worker     d.u.i.k.n.KeyIO           Parsing took 0 ms 
80582      INFO  Test worker     d.u.i.k.n.KeyIO           MODE: declarations took 0 ms 
81474      INFO  Test worker     d.u.i.k.n.KeyIO           Parsing took 1 ms 
81474      INFO  Test worker     d.u.i.k.n.KeyIO           MODE: declarations took 0 ms 
]]></system-out>
  <system-err><![CDATA[]]></system-err>
</testsuite>
