<?xml version="1.0" encoding="UTF-8"?>
<testsuite name="de.uka.ilkd.key.taclettranslation.TestTacletTranslator" tests="5" skipped="0" failures="0" errors="0" timestamp="2023-04-07T14:48:56" hostname="fv-az254-717" time="0.012">
  <properties/>
  <testcase name="testPropositional1()" classname="de.uka.ilkd.key.taclettranslation.TestTacletTranslator" time="0.004"/>
  <testcase name="testPropositional2()" classname="de.uka.ilkd.key.taclettranslation.TestTacletTranslator" time="0.002"/>
  <testcase name="testNegativePolarity()" classname="de.uka.ilkd.key.taclettranslation.TestTacletTranslator" time="0.002"/>
  <testcase name="testNoPolarity()" classname="de.uka.ilkd.key.taclettranslation.TestTacletTranslator" time="0.001"/>
  <testcase name="testPositivePolarity()" classname="de.uka.ilkd.key.taclettranslation.TestTacletTranslator" time="0.001"/>
  <system-out><![CDATA[792477     INFO  Test worker     d.u.i.k.n.KeyIO           Parsing took 0 ms 
792477     INFO  Test worker     d.u.i.k.n.KeyIO           MODE: declarations took 0 ms 
792482     INFO  Test worker     d.u.i.k.n.KeyIO           Parsing took 0 ms 
792482     INFO  Test worker     d.u.i.k.n.KeyIO           MODE: declarations took 0 ms 
792484     INFO  Test worker     d.u.i.k.n.KeyIO           Parsing took 0 ms 
792484     INFO  Test worker     d.u.i.k.n.KeyIO           MODE: declarations took 0 ms 
792486     INFO  Test worker     d.u.i.k.n.KeyIO           Parsing took 0 ms 
792486     INFO  Test worker     d.u.i.k.n.KeyIO           MODE: declarations took 0 ms 
792488     INFO  Test worker     d.u.i.k.n.KeyIO           Parsing took 0 ms 
792488     INFO  Test worker     d.u.i.k.n.KeyIO           MODE: declarations took 0 ms 
]]></system-out>
  <system-err><![CDATA[]]></system-err>
</testsuite>
