<?xml version="1.0" encoding="UTF-8"?>
<testsuite name="de.uka.ilkd.key.parser.TestTacletParser" tests="20" skipped="0" failures="0" errors="0" timestamp="2023-04-07T14:40:38" hostname="fv-az254-717" time="0.098">
  <properties/>
  <testcase name="testAllRight()" classname="de.uka.ilkd.key.parser.TestTacletParser" time="0.003"/>
  <testcase name="testSchemaJava0()" classname="de.uka.ilkd.key.parser.TestTacletParser" time="0.002"/>
  <testcase name="testSchemaJava1()" classname="de.uka.ilkd.key.parser.TestTacletParser" time="0.013"/>
  <testcase name="testSchemaJava2()" classname="de.uka.ilkd.key.parser.TestTacletParser" time="0.022"/>
  <testcase name="testSchemaJava4()" classname="de.uka.ilkd.key.parser.TestTacletParser" time="0.003"/>
  <testcase name="testSchemaJava6()" classname="de.uka.ilkd.key.parser.TestTacletParser" time="0.002"/>
  <testcase name="testSchemaJava8()" classname="de.uka.ilkd.key.parser.TestTacletParser" time="0.001"/>
  <testcase name="testCut()" classname="de.uka.ilkd.key.parser.TestTacletParser" time="0.002"/>
  <testcase name="testMakeInsertEq()" classname="de.uka.ilkd.key.parser.TestTacletParser" time="0.002"/>
  <testcase name="testAllLeft()" classname="de.uka.ilkd.key.parser.TestTacletParser" time="0.009"/>
  <testcase name="testClose()" classname="de.uka.ilkd.key.parser.TestTacletParser" time="0.001"/>
  <testcase name="testSchemaJava10()" classname="de.uka.ilkd.key.parser.TestTacletParser" time="0.002"/>
  <testcase name="testSchemaJava11()" classname="de.uka.ilkd.key.parser.TestTacletParser" time="0.012"/>
  <testcase name="testFIdempotent()" classname="de.uka.ilkd.key.parser.TestTacletParser" time="0.002"/>
  <testcase name="testImpRight()" classname="de.uka.ilkd.key.parser.TestTacletParser" time="0.001"/>
  <testcase name="testVarcondNew()" classname="de.uka.ilkd.key.parser.TestTacletParser" time="0.002"/>
  <testcase name="testFreeReplacewithVariables()" classname="de.uka.ilkd.key.parser.TestTacletParser" time="0.01"/>
  <testcase name="testImpLeft()" classname="de.uka.ilkd.key.parser.TestTacletParser" time="0.002"/>
  <testcase name="testContraposition()" classname="de.uka.ilkd.key.parser.TestTacletParser" time="0.001"/>
  <testcase name="testExConjSplit()" classname="de.uka.ilkd.key.parser.TestTacletParser" time="0.002"/>
  <system-out><![CDATA[294340     INFO  Test worker     d.u.i.k.n.KeyIO           Parsing took 0 ms 
294340     INFO  Test worker     d.u.i.k.n.KeyIO           MODE: declarations took 0 ms 
294341     INFO  Test worker     d.u.i.k.n.KeyIO           Parsing took 0 ms 
294341     INFO  Test worker     d.u.i.k.n.KeyIO           MODE: declarations took 0 ms 
294342     INFO  Test worker     d.u.i.k.n.KeyIO           Parsing took 0 ms 
294342     INFO  Test worker     d.u.i.k.n.KeyIO           MODE: declarations took 0 ms 
294343     INFO  Test worker     d.u.i.k.n.KeyIO           Parsing took 0 ms 
294343     INFO  Test worker     d.u.i.k.n.KeyIO           MODE: declarations took 0 ms 
294344     INFO  Test worker     d.u.i.k.n.KeyIO           Parsing took 0 ms 
294344     INFO  Test worker     d.u.i.k.n.KeyIO           MODE: declarations took 0 ms 
294345     WARN  Test worker     d.u.i.k.n.KeYParser       [syntax-error] <unknown>:2:21: extraneous input '<' expecting {MODALITY, FORALL, EXISTS, '\if', '\ifEx', 'true', 'false', '(', ')', '{', '@', NOT, '-', STRING_LITERAL, CHAR_LITERAL, BIN_LITERAL, HEX_LITERAL, IDENT, INT_LITERAL, FLOAT_LITERAL, DOUBLE_LITERAL, REAL_LITERAL} [@12,22:22='<',<173>,2:21] (argument_list, call, accessterm, primitive_term, primitive_labeled_term, bracket_term, atom_prefix, strong_arith_term_2, strong_arith_term_1, weak_arith_term, comparison_term, equality_term, term60, conjunction_term, disjunction_term, implication_term, equivalence_term, elementary_update_term, parallel_term, term, taclet, rulesOrAxioms, decls, file) 
294349     WARN  Test worker     d.u.i.k.n.KeYParser       [syntax-error] <unknown>:2:23: no viable alternative at input '{..' [@14,24:25='..',<144>,2:23] (atom_prefix, strong_arith_term_2, strong_arith_term_1, weak_arith_term, comparison_term, equality_term, term60, conjunction_term, disjunction_term, implication_term, equivalence_term, elementary_update_term, parallel_term, term, argument_list, call, accessterm, primitive_term, primitive_labeled_term, bracket_term, atom_prefix, strong_arith_term_2, strong_arith_term_1, weak_arith_term, comparison_term, equality_term, term60, conjunction_term, disjunction_term, implication_term, equivalence_term, elementary_update_term, parallel_term, term, taclet, rulesOrAxioms, decls, file) 
294351     WARN  Test worker     d.u.i.k.n.KeYParser       [syntax-error] <unknown>:2:33: mismatched input ';' expecting {',', ')'} [@21,34:34=';',<138>,2:33] (argument_list, call, accessterm, primitive_term, primitive_labeled_term, bracket_term, atom_prefix, strong_arith_term_2, strong_arith_term_1, weak_arith_term, comparison_term, equality_term, term60, conjunction_term, disjunction_term, implication_term, equivalence_term, elementary_update_term, parallel_term, term, taclet, rulesOrAxioms, decls, file) 
294352     WARN  Test worker     d.u.i.k.n.KeYParser       [syntax-error] <unknown>:2:41: no viable alternative at input '#i;' [@26,42:42=';',<138>,2:41] (option_list, taclet, rulesOrAxioms, decls, file) 
294356     WARN  Test worker     d.u.i.k.n.KeYParser       [syntax-error] <unknown>:2:43: mismatched input '<' expecting {'(', '{'} [@28,44:44='<',<173>,2:43] (taclet, rulesOrAxioms, decls, file) 
294356     WARN  Test worker     d.u.i.k.n.KeYParser       [syntax-error] <unknown>:2:47: mismatched input '+' expecting {'(', '{'} [@32,48:48='+',<167>,2:47] (taclet, rulesOrAxioms, decls, file) 
294357     WARN  Test worker     d.u.i.k.n.KeYParser       [syntax-error] <unknown>:2:52: extraneous input '..' expecting {'\lemma', '}', IDENT, '/*!'} [@37,53:54='..',<144>,2:52] (rulesOrAxioms, decls, file) 
294357     WARN  Test worker     d.u.i.k.n.KeYParser       [syntax-error] <unknown>:2:56: mismatched input '>' expecting {<EOF>, '\problem', '\chooseContract', '\proofObligation', '\proof'} [@40,57:57='>',<168>,2:56] (file) 
294359     INFO  Test worker     d.u.i.k.n.KeyIO           Parsing took 1 ms 
294359     INFO  Test worker     d.u.i.k.n.KeyIO           MODE: declarations took 0 ms 
294363     WARN  Test worker     d.u.i.k.n.KeYParser       [syntax-error] <unknown>:2:21: extraneous input '<' expecting {MODALITY, FORALL, EXISTS, '\if', '\ifEx', 'true', 'false', '(', ')', '{', '@', NOT, '-', STRING_LITERAL, CHAR_LITERAL, BIN_LITERAL, HEX_LITERAL, IDENT, INT_LITERAL, FLOAT_LITERAL, DOUBLE_LITERAL, REAL_LITERAL} [@12,22:22='<',<173>,2:21] (argument_list, call, accessterm, primitive_term, primitive_labeled_term, bracket_term, atom_prefix, strong_arith_term_2, strong_arith_term_1, weak_arith_term, comparison_term, equality_term, term60, conjunction_term, disjunction_term, implication_term, equivalence_term, elementary_update_term, parallel_term, term, taclet, rulesOrAxioms, decls, file) 
294364     WARN  Test worker     d.u.i.k.n.KeYParser       [syntax-error] <unknown>:2:23: no viable alternative at input '{..' [@14,24:25='..',<144>,2:23] (atom_prefix, strong_arith_term_2, strong_arith_term_1, weak_arith_term, comparison_term, equality_term, term60, conjunction_term, disjunction_term, implication_term, equivalence_term, elementary_update_term, parallel_term, term, argument_list, call, accessterm, primitive_term, primitive_labeled_term, bracket_term, atom_prefix, strong_arith_term_2, strong_arith_term_1, weak_arith_term, comparison_term, equality_term, term60, conjunction_term, disjunction_term, implication_term, equivalence_term, elementary_update_term, parallel_term, term, taclet, rulesOrAxioms, decls, file) 
294365     WARN  Test worker     d.u.i.k.n.KeYParser       [syntax-error] <unknown>:2:33: mismatched input ';' expecting {',', ')'} [@21,34:34=';',<138>,2:33] (argument_list, call, accessterm, primitive_term, primitive_labeled_term, bracket_term, atom_prefix, strong_arith_term_2, strong_arith_term_1, weak_arith_term, comparison_term, equality_term, term60, conjunction_term, disjunction_term, implication_term, equivalence_term, elementary_update_term, parallel_term, term, taclet, rulesOrAxioms, decls, file) 
294365     WARN  Test worker     d.u.i.k.n.KeYParser       [syntax-error] <unknown>:2:43: no viable alternative at input '#lab;' [@26,44:44=';',<138>,2:43] (option_list, taclet, rulesOrAxioms, decls, file) 
294371     WARN  Test worker     d.u.i.k.n.KeYParser       [syntax-error] <unknown>:2:45: mismatched input '<' expecting {'(', '{'} [@28,46:46='<',<173>,2:45] (taclet, rulesOrAxioms, decls, file) 
294372     WARN  Test worker     d.u.i.k.n.KeYParser       [syntax-error] <unknown>:2:50: mismatched input '+' expecting {'(', '{'} [@32,51:51='+',<167>,2:50] (taclet, rulesOrAxioms, decls, file) 
294374     WARN  Test worker     d.u.i.k.n.KeYParser       [syntax-error] <unknown>:2:56: extraneous input '..' expecting {'\lemma', '}', IDENT, '/*!'} [@38,57:58='..',<144>,2:56] (rulesOrAxioms, decls, file) 
294380     WARN  Test worker     d.u.i.k.n.KeYParser       [syntax-error] <unknown>:2:60: mismatched input '>' expecting {<EOF>, '\problem', '\chooseContract', '\proofObligation', '\proof'} [@41,61:61='>',<168>,2:60] (file) 
294381     INFO  Test worker     d.u.i.k.n.KeyIO           Parsing took 1 ms 
294381     INFO  Test worker     d.u.i.k.n.KeyIO           MODE: declarations took 0 ms 
294382     INFO  Test worker     d.u.i.k.n.KeyIO           Parsing took 1 ms 
294382     INFO  Test worker     d.u.i.k.n.KeyIO           MODE: declarations took 0 ms 
294383     INFO  Test worker     d.u.i.k.n.KeyIO           Parsing took 0 ms 
294384     INFO  Test worker     d.u.i.k.n.KeyIO           MODE: declarations took 0 ms 
294384     INFO  Test worker     d.u.i.k.n.KeyIO           Parsing took 0 ms 
294384     INFO  Test worker     d.u.i.k.n.KeyIO           MODE: declarations took 0 ms 
294386     INFO  Test worker     d.u.i.k.n.KeyIO           Parsing took 0 ms 
294386     INFO  Test worker     d.u.i.k.n.KeyIO           MODE: declarations took 0 ms 
294387     INFO  Test worker     d.u.i.k.n.KeyIO           Parsing took 1 ms 
294387     INFO  Test worker     d.u.i.k.n.KeyIO           MODE: declarations took 0 ms 
294388     INFO  Test worker     d.u.i.k.n.KeyIO           Parsing took 1 ms 
294388     INFO  Test worker     d.u.i.k.n.KeyIO           MODE: declarations took 0 ms 
294388     INFO  Test worker     d.u.i.k.n.KeyIO           Parsing took 0 ms 
294388     INFO  Test worker     d.u.i.k.n.KeyIO           MODE: declarations took 0 ms 
294389     INFO  Test worker     d.u.i.k.n.KeyIO           Parsing took 0 ms 
294389     INFO  Test worker     d.u.i.k.n.KeyIO           MODE: declarations took 0 ms 
294390     INFO  Test worker     d.u.i.k.n.KeyIO           Parsing took 0 ms 
294390     INFO  Test worker     d.u.i.k.n.KeyIO           MODE: declarations took 0 ms 
294391     INFO  Test worker     d.u.i.k.n.KeyIO           Parsing took 0 ms 
294391     INFO  Test worker     d.u.i.k.n.KeyIO           MODE: declarations took 0 ms 
294400     INFO  Test worker     d.u.i.k.n.KeyIO           Parsing took 0 ms 
294400     INFO  Test worker     d.u.i.k.n.KeyIO           MODE: declarations took 0 ms 
294401     INFO  Test worker     d.u.i.k.n.KeyIO           Parsing took 0 ms 
294401     INFO  Test worker     d.u.i.k.n.KeyIO           MODE: declarations took 0 ms 
294402     INFO  Test worker     d.u.i.k.n.KeyIO           Parsing took 0 ms 
294402     INFO  Test worker     d.u.i.k.n.KeyIO           MODE: declarations took 0 ms 
294402     INFO  Test worker     d.u.i.k.n.KeyIO           Parsing took 0 ms 
294403     INFO  Test worker     d.u.i.k.n.KeyIO           MODE: declarations took 0 ms 
294403     INFO  Test worker     d.u.i.k.n.KeyIO           Parsing took 0 ms 
294403     INFO  Test worker     d.u.i.k.n.KeyIO           MODE: declarations took 0 ms 
294404     INFO  Test worker     d.u.i.k.n.KeyIO           Parsing took 0 ms 
294404     INFO  Test worker     d.u.i.k.n.KeyIO           MODE: declarations took 0 ms 
294406     INFO  Test worker     d.u.i.k.n.KeyIO           Parsing took 1 ms 
294406     INFO  Test worker     d.u.i.k.n.KeyIO           MODE: declarations took 0 ms 
294416     INFO  Test worker     d.u.i.k.n.KeyIO           Parsing took 0 ms 
294416     INFO  Test worker     d.u.i.k.n.KeyIO           MODE: declarations took 0 ms 
294417     INFO  Test worker     d.u.i.k.n.KeyIO           Parsing took 0 ms 
294417     INFO  Test worker     d.u.i.k.n.KeyIO           MODE: declarations took 0 ms 
294418     INFO  Test worker     d.u.i.k.n.KeyIO           Parsing took 0 ms 
294418     INFO  Test worker     d.u.i.k.n.KeyIO           MODE: declarations took 0 ms 
294419     INFO  Test worker     d.u.i.k.n.KeyIO           Parsing took 0 ms 
294419     INFO  Test worker     d.u.i.k.n.KeyIO           MODE: declarations took 0 ms 
294420     INFO  Test worker     d.u.i.k.n.KeyIO           Parsing took 0 ms 
294420     INFO  Test worker     d.u.i.k.n.KeyIO           MODE: declarations took 0 ms 
294421     INFO  Test worker     d.u.i.k.n.KeyIO           Parsing took 0 ms 
294421     INFO  Test worker     d.u.i.k.n.KeyIO           MODE: declarations took 0 ms 
294422     INFO  Test worker     d.u.i.k.n.KeyIO           Parsing took 1 ms 
294422     INFO  Test worker     d.u.i.k.n.KeyIO           MODE: declarations took 0 ms 
294422     INFO  Test worker     d.u.i.k.n.KeyIO           Parsing took 0 ms 
294422     INFO  Test worker     d.u.i.k.n.KeyIO           MODE: declarations took 0 ms 
294423     INFO  Test worker     d.u.i.k.n.KeyIO           Parsing took 0 ms 
294423     INFO  Test worker     d.u.i.k.n.KeyIO           MODE: declarations took 0 ms 
294433     INFO  Test worker     d.u.i.k.n.KeyIO           Parsing took 0 ms 
294433     INFO  Test worker     d.u.i.k.n.KeyIO           MODE: declarations took 0 ms 
294433     INFO  Test worker     d.u.i.k.n.KeyIO           Parsing took 0 ms 
294434     INFO  Test worker     d.u.i.k.n.KeyIO           MODE: declarations took 1 ms 
294434     INFO  Test worker     d.u.i.k.n.KeyIO           Parsing took 0 ms 
294434     INFO  Test worker     d.u.i.k.n.KeyIO           MODE: declarations took 0 ms 
294435     INFO  Test worker     d.u.i.k.n.KeyIO           Parsing took 0 ms 
294435     INFO  Test worker     d.u.i.k.n.KeyIO           MODE: declarations took 0 ms 
294436     INFO  Test worker     d.u.i.k.n.KeyIO           Parsing took 1 ms 
294436     INFO  Test worker     d.u.i.k.n.KeyIO           MODE: declarations took 0 ms 
294437     INFO  Test worker     d.u.i.k.n.KeyIO           Parsing took 1 ms 
294437     INFO  Test worker     d.u.i.k.n.KeyIO           MODE: declarations took 0 ms 
]]></system-out>
  <system-err><![CDATA[]]></system-err>
</testsuite>
