<?xml version="1.0" encoding="UTF-8"?>
<testsuite name="de.uka.ilkd.key.parser.TestTermParserHeap" tests="39" skipped="0" failures="0" errors="0" timestamp="2023-04-07T14:40:46" hostname="fv-az254-717" time="111.832">
  <properties/>
  <testcase name="testBracketHeapUpdate()" classname="de.uka.ilkd.key.parser.TestTermParserHeap" time="0.024"/>
  <testcase name="testStore()" classname="de.uka.ilkd.key.parser.TestTermParserHeap" time="0.006"/>
  <testcase name="testUnknownConstant()" classname="de.uka.ilkd.key.parser.TestTermParserHeap" time="0.002"/>
  <testcase name="testAllFieldsSelector()" classname="de.uka.ilkd.key.parser.TestTermParserHeap" time="0.001"/>
  <testcase name="testParsePrettyPrintedSelect()" classname="de.uka.ilkd.key.parser.TestTermParserHeap" time="0.003"/>
  <testcase name="testAccessStaticMembers()" classname="de.uka.ilkd.key.parser.TestTermParserHeap" time="0.003"/>
  <testcase name="testAtOperator_1()" classname="de.uka.ilkd.key.parser.TestTermParserHeap" time="0.004"/>
  <testcase name="testAtOperator_2()" classname="de.uka.ilkd.key.parser.TestTermParserHeap" time="0.001"/>
  <testcase name="testAtOperator_3()" classname="de.uka.ilkd.key.parser.TestTermParserHeap" time="0.001"/>
  <testcase name="testAtOperator_4()" classname="de.uka.ilkd.key.parser.TestTermParserHeap" time="0.004"/>
  <testcase name="testAtOperator_5()" classname="de.uka.ilkd.key.parser.TestTermParserHeap" time="0.002"/>
  <testcase name="testAtOperator_6()" classname="de.uka.ilkd.key.parser.TestTermParserHeap" time="0.003"/>
  <testcase name="testAtOperator_7()" classname="de.uka.ilkd.key.parser.TestTermParserHeap" time="0.002"/>
  <testcase name="testAtOperator_8()" classname="de.uka.ilkd.key.parser.TestTermParserHeap" time="0.003"/>
  <testcase name="testVerifyExceptionIfAtOperatorNotPreceededBySelectTerm()" classname="de.uka.ilkd.key.parser.TestTermParserHeap" time="0.002"/>
  <testcase name="testBugResettingCounter()" classname="de.uka.ilkd.key.parser.TestTermParserHeap" time="0.001"/>
  <testcase name="testLocationSets()" classname="de.uka.ilkd.key.parser.TestTermParserHeap" time="0.003"/>
  <testcase name="testQuantifiedSelect()" classname="de.uka.ilkd.key.parser.TestTermParserHeap" time="0.002"/>
  <testcase name="testGenericObjectProperties()" classname="de.uka.ilkd.key.parser.TestTermParserHeap" time="0.002"/>
  <testcase name="testQueryInheritance_1()" classname="de.uka.ilkd.key.parser.TestTermParserHeap" time="0.002"/>
  <testcase name="testQueryInheritance_2()" classname="de.uka.ilkd.key.parser.TestTermParserHeap" time="0.001"/>
  <testcase name="testQueryInheritance_3()" classname="de.uka.ilkd.key.parser.TestTermParserHeap" time="0.002"/>
  <testcase name="testQueryInheritance_4()" classname="de.uka.ilkd.key.parser.TestTermParserHeap" time="0.002"/>
  <testcase name="testQueryInheritance_5()" classname="de.uka.ilkd.key.parser.TestTermParserHeap" time="0.001"/>
  <testcase name="testQueryInheritance_6()" classname="de.uka.ilkd.key.parser.TestTermParserHeap" time="0.001"/>
  <testcase name="testQueryInheritance_7()" classname="de.uka.ilkd.key.parser.TestTermParserHeap" time="0.001"/>
  <testcase name="testQueryInheritance_8()" classname="de.uka.ilkd.key.parser.TestTermParserHeap" time="0.001"/>
  <testcase name="testQueryInheritance_9()" classname="de.uka.ilkd.key.parser.TestTermParserHeap" time="0.001"/>
  <testcase name="testQueryBasic_10()" classname="de.uka.ilkd.key.parser.TestTermParserHeap" time="0.001"/>
  <testcase name="testQueryBasic_11()" classname="de.uka.ilkd.key.parser.TestTermParserHeap" time="0.005"/>
  <testcase name="testQueryBasic_1()" classname="de.uka.ilkd.key.parser.TestTermParserHeap" time="0.001"/>
  <testcase name="testQueryBasic_2()" classname="de.uka.ilkd.key.parser.TestTermParserHeap" time="0.002"/>
  <testcase name="testQueryBasic_3()" classname="de.uka.ilkd.key.parser.TestTermParserHeap" time="0.001"/>
  <testcase name="testQueryBasic_4()" classname="de.uka.ilkd.key.parser.TestTermParserHeap" time="0.002"/>
  <testcase name="testQueryBasic_5()" classname="de.uka.ilkd.key.parser.TestTermParserHeap" time="0.001"/>
  <testcase name="testQueryBasic_6()" classname="de.uka.ilkd.key.parser.TestTermParserHeap" time="0.002"/>
  <testcase name="testQueryBasic_7()" classname="de.uka.ilkd.key.parser.TestTermParserHeap" time="0.002"/>
  <testcase name="testQueryBasic_8()" classname="de.uka.ilkd.key.parser.TestTermParserHeap" time="0.002"/>
  <testcase name="testQueryBasic_9()" classname="de.uka.ilkd.key.parser.TestTermParserHeap" time="0.002"/>
  <system-out><![CDATA[302012     INFO  Test worker     d.u.i.k.n.KeyIO           Parsing took 0 ms 
302012     INFO  Test worker     d.u.i.k.n.KeyIO           MODE: declarations took 0 ms 
302013     INFO  Test worker     d.u.i.k.n.KeyIO           Parsing took 1 ms 
302013     INFO  Test worker     d.u.i.k.n.KeyIO           MODE: declarations took 0 ms 
302013     INFO  Test worker     d.u.i.k.n.KeyIO           Parsing took 0 ms 
302013     INFO  Test worker     d.u.i.k.n.KeyIO           MODE: declarations took 0 ms 
302013     INFO  Test worker     d.u.i.k.n.KeyIO           Parsing took 0 ms 
302013     INFO  Test worker     d.u.i.k.n.KeyIO           MODE: declarations took 0 ms 
302013     INFO  Test worker     d.u.i.k.n.KeyIO           Parsing took 0 ms 
302013     INFO  Test worker     d.u.i.k.n.KeyIO           MODE: declarations took 0 ms 
305075     INFO  Test worker     d.u.i.k.n.KeyIO           Parsing took 0 ms 
305075     INFO  Test worker     d.u.i.k.n.KeyIO           MODE: declarations took 0 ms 
305075     INFO  Test worker     d.u.i.k.n.KeyIO           Parsing took 0 ms 
305075     INFO  Test worker     d.u.i.k.n.KeyIO           MODE: declarations took 0 ms 
305075     INFO  Test worker     d.u.i.k.n.KeyIO           Parsing took 0 ms 
305075     INFO  Test worker     d.u.i.k.n.KeyIO           MODE: declarations took 0 ms 
305075     INFO  Test worker     d.u.i.k.n.KeyIO           Parsing took 0 ms 
305075     INFO  Test worker     d.u.i.k.n.KeyIO           MODE: declarations took 0 ms 
305075     INFO  Test worker     d.u.i.k.n.KeyIO           Parsing took 0 ms 
305075     INFO  Test worker     d.u.i.k.n.KeyIO           MODE: declarations took 0 ms 
308055     INFO  Test worker     d.u.i.k.n.KeyIO           Parsing took 0 ms 
308056     INFO  Test worker     d.u.i.k.n.KeyIO           MODE: declarations took 0 ms 
308056     INFO  Test worker     d.u.i.k.n.KeyIO           Parsing took 0 ms 
308056     INFO  Test worker     d.u.i.k.n.KeyIO           MODE: declarations took 0 ms 
308056     INFO  Test worker     d.u.i.k.n.KeyIO           Parsing took 0 ms 
308056     INFO  Test worker     d.u.i.k.n.KeyIO           MODE: declarations took 0 ms 
308056     INFO  Test worker     d.u.i.k.n.KeyIO           Parsing took 0 ms 
308056     INFO  Test worker     d.u.i.k.n.KeyIO           MODE: declarations took 0 ms 
308056     INFO  Test worker     d.u.i.k.n.KeyIO           Parsing took 0 ms 
308056     INFO  Test worker     d.u.i.k.n.KeyIO           MODE: declarations took 0 ms 
308056     INFO  Test worker     d.u.i.k.n.KeyIO           Parsing took 0 ms 
308056     INFO  Test worker     d.u.i.k.n.KeyIO           MODE: declarations took 0 ms 
311067     INFO  Test worker     d.u.i.k.n.KeyIO           Parsing took 0 ms 
311067     INFO  Test worker     d.u.i.k.n.KeyIO           MODE: declarations took 0 ms 
311067     INFO  Test worker     d.u.i.k.n.KeyIO           Parsing took 0 ms 
311067     INFO  Test worker     d.u.i.k.n.KeyIO           MODE: declarations took 0 ms 
311067     INFO  Test worker     d.u.i.k.n.KeyIO           Parsing took 0 ms 
311067     INFO  Test worker     d.u.i.k.n.KeyIO           MODE: declarations took 0 ms 
311068     INFO  Test worker     d.u.i.k.n.KeyIO           Parsing took 0 ms 
311068     INFO  Test worker     d.u.i.k.n.KeyIO           MODE: declarations took 0 ms 
311068     INFO  Test worker     d.u.i.k.n.KeyIO           Parsing took 0 ms 
311068     INFO  Test worker     d.u.i.k.n.KeyIO           MODE: declarations took 0 ms 
314025     INFO  Test worker     d.u.i.k.n.KeyIO           Parsing took 0 ms 
314025     INFO  Test worker     d.u.i.k.n.KeyIO           MODE: declarations took 0 ms 
314025     INFO  Test worker     d.u.i.k.n.KeyIO           Parsing took 0 ms 
314025     INFO  Test worker     d.u.i.k.n.KeyIO           MODE: declarations took 0 ms 
314025     INFO  Test worker     d.u.i.k.n.KeyIO           Parsing took 0 ms 
314026     INFO  Test worker     d.u.i.k.n.KeyIO           MODE: declarations took 1 ms 
314026     INFO  Test worker     d.u.i.k.n.KeyIO           Parsing took 0 ms 
314026     INFO  Test worker     d.u.i.k.n.KeyIO           MODE: declarations took 0 ms 
314026     INFO  Test worker     d.u.i.k.n.KeyIO           Parsing took 0 ms 
314026     INFO  Test worker     d.u.i.k.n.KeyIO           MODE: declarations took 0 ms 
316994     INFO  Test worker     d.u.i.k.n.KeyIO           Parsing took 0 ms 
316994     INFO  Test worker     d.u.i.k.n.KeyIO           MODE: declarations took 0 ms 
316994     INFO  Test worker     d.u.i.k.n.KeyIO           Parsing took 0 ms 
316994     INFO  Test worker     d.u.i.k.n.KeyIO           MODE: declarations took 0 ms 
316994     INFO  Test worker     d.u.i.k.n.KeyIO           Parsing took 0 ms 
316994     INFO  Test worker     d.u.i.k.n.KeyIO           MODE: declarations took 0 ms 
316994     INFO  Test worker     d.u.i.k.n.KeyIO           Parsing took 0 ms 
316994     INFO  Test worker     d.u.i.k.n.KeyIO           MODE: declarations took 0 ms 
316994     INFO  Test worker     d.u.i.k.n.KeyIO           Parsing took 0 ms 
316994     INFO  Test worker     d.u.i.k.n.KeyIO           MODE: declarations took 0 ms 
319944     INFO  Test worker     d.u.i.k.n.KeyIO           Parsing took 0 ms 
319944     INFO  Test worker     d.u.i.k.n.KeyIO           MODE: declarations took 0 ms 
319944     INFO  Test worker     d.u.i.k.n.KeyIO           Parsing took 0 ms 
319944     INFO  Test worker     d.u.i.k.n.KeyIO           MODE: declarations took 0 ms 
319944     INFO  Test worker     d.u.i.k.n.KeyIO           Parsing took 0 ms 
319944     INFO  Test worker     d.u.i.k.n.KeyIO           MODE: declarations took 0 ms 
319944     INFO  Test worker     d.u.i.k.n.KeyIO           Parsing took 0 ms 
319944     INFO  Test worker     d.u.i.k.n.KeyIO           MODE: declarations took 0 ms 
319944     INFO  Test worker     d.u.i.k.n.KeyIO           Parsing took 0 ms 
319944     INFO  Test worker     d.u.i.k.n.KeyIO           MODE: declarations took 0 ms 
322874     INFO  Test worker     d.u.i.k.n.KeyIO           Parsing took 0 ms 
322874     INFO  Test worker     d.u.i.k.n.KeyIO           MODE: declarations took 0 ms 
322874     INFO  Test worker     d.u.i.k.n.KeyIO           Parsing took 0 ms 
322874     INFO  Test worker     d.u.i.k.n.KeyIO           MODE: declarations took 0 ms 
322874     INFO  Test worker     d.u.i.k.n.KeyIO           Parsing took 0 ms 
322874     INFO  Test worker     d.u.i.k.n.KeyIO           MODE: declarations took 0 ms 
322874     INFO  Test worker     d.u.i.k.n.KeyIO           Parsing took 0 ms 
322874     INFO  Test worker     d.u.i.k.n.KeyIO           MODE: declarations took 0 ms 
322874     INFO  Test worker     d.u.i.k.n.KeyIO           Parsing took 0 ms 
322874     INFO  Test worker     d.u.i.k.n.KeyIO           MODE: declarations took 0 ms 
325814     INFO  Test worker     d.u.i.k.n.KeyIO           Parsing took 0 ms 
325814     INFO  Test worker     d.u.i.k.n.KeyIO           MODE: declarations took 0 ms 
325814     INFO  Test worker     d.u.i.k.n.KeyIO           Parsing took 0 ms 
325814     INFO  Test worker     d.u.i.k.n.KeyIO           MODE: declarations took 0 ms 
325815     INFO  Test worker     d.u.i.k.n.KeyIO           Parsing took 0 ms 
325815     INFO  Test worker     d.u.i.k.n.KeyIO           MODE: declarations took 0 ms 
325815     INFO  Test worker     d.u.i.k.n.KeyIO           Parsing took 0 ms 
325815     INFO  Test worker     d.u.i.k.n.KeyIO           MODE: declarations took 0 ms 
325815     INFO  Test worker     d.u.i.k.n.KeyIO           Parsing took 0 ms 
325815     INFO  Test worker     d.u.i.k.n.KeyIO           MODE: declarations took 0 ms 
328721     INFO  Test worker     d.u.i.k.n.KeyIO           Parsing took 0 ms 
328722     INFO  Test worker     d.u.i.k.n.KeyIO           MODE: declarations took 0 ms 
328722     INFO  Test worker     d.u.i.k.n.KeyIO           Parsing took 0 ms 
328722     INFO  Test worker     d.u.i.k.n.KeyIO           MODE: declarations took 0 ms 
328722     INFO  Test worker     d.u.i.k.n.KeyIO           Parsing took 0 ms 
328722     INFO  Test worker     d.u.i.k.n.KeyIO           MODE: declarations took 0 ms 
328722     INFO  Test worker     d.u.i.k.n.KeyIO           Parsing took 0 ms 
328722     INFO  Test worker     d.u.i.k.n.KeyIO           MODE: declarations took 0 ms 
328722     INFO  Test worker     d.u.i.k.n.KeyIO           Parsing took 0 ms 
328722     INFO  Test worker     d.u.i.k.n.KeyIO           MODE: declarations took 0 ms 
331654     INFO  Test worker     d.u.i.k.n.KeyIO           Parsing took 0 ms 
331654     INFO  Test worker     d.u.i.k.n.KeyIO           MODE: declarations took 0 ms 
331654     INFO  Test worker     d.u.i.k.n.KeyIO           Parsing took 0 ms 
331655     INFO  Test worker     d.u.i.k.n.KeyIO           MODE: declarations took 0 ms 
331655     INFO  Test worker     d.u.i.k.n.KeyIO           Parsing took 0 ms 
331655     INFO  Test worker     d.u.i.k.n.KeyIO           MODE: declarations took 0 ms 
331655     INFO  Test worker     d.u.i.k.n.KeyIO           Parsing took 0 ms 
331655     INFO  Test worker     d.u.i.k.n.KeyIO           MODE: declarations took 0 ms 
331655     INFO  Test worker     d.u.i.k.n.KeyIO           Parsing took 0 ms 
331655     INFO  Test worker     d.u.i.k.n.KeyIO           MODE: declarations took 0 ms 
334572     INFO  Test worker     d.u.i.k.n.KeyIO           Parsing took 0 ms 
334572     INFO  Test worker     d.u.i.k.n.KeyIO           MODE: declarations took 0 ms 
334572     INFO  Test worker     d.u.i.k.n.KeyIO           Parsing took 0 ms 
334572     INFO  Test worker     d.u.i.k.n.KeyIO           MODE: declarations took 0 ms 
334572     INFO  Test worker     d.u.i.k.n.KeyIO           Parsing took 0 ms 
334572     INFO  Test worker     d.u.i.k.n.KeyIO           MODE: declarations took 0 ms 
334572     INFO  Test worker     d.u.i.k.n.KeyIO           Parsing took 0 ms 
334572     INFO  Test worker     d.u.i.k.n.KeyIO           MODE: declarations took 0 ms 
334572     INFO  Test worker     d.u.i.k.n.KeyIO           Parsing took 0 ms 
334572     INFO  Test worker     d.u.i.k.n.KeyIO           MODE: declarations took 0 ms 
337508     INFO  Test worker     d.u.i.k.n.KeyIO           Parsing took 0 ms 
337508     INFO  Test worker     d.u.i.k.n.KeyIO           MODE: declarations took 0 ms 
337508     INFO  Test worker     d.u.i.k.n.KeyIO           Parsing took 0 ms 
337508     INFO  Test worker     d.u.i.k.n.KeyIO           MODE: declarations took 0 ms 
337508     INFO  Test worker     d.u.i.k.n.KeyIO           Parsing took 0 ms 
337509     INFO  Test worker     d.u.i.k.n.KeyIO           MODE: declarations took 0 ms 
337509     INFO  Test worker     d.u.i.k.n.KeyIO           Parsing took 0 ms 
337509     INFO  Test worker     d.u.i.k.n.KeyIO           MODE: declarations took 0 ms 
337509     INFO  Test worker     d.u.i.k.n.KeyIO           Parsing took 0 ms 
337509     INFO  Test worker     d.u.i.k.n.KeyIO           MODE: declarations took 0 ms 
340466     INFO  Test worker     d.u.i.k.n.KeyIO           Parsing took 0 ms 
340466     INFO  Test worker     d.u.i.k.n.KeyIO           MODE: declarations took 0 ms 
340466     INFO  Test worker     d.u.i.k.n.KeyIO           Parsing took 0 ms 
340466     INFO  Test worker     d.u.i.k.n.KeyIO           MODE: declarations took 0 ms 
340466     INFO  Test worker     d.u.i.k.n.KeyIO           Parsing took 0 ms 
340466     INFO  Test worker     d.u.i.k.n.KeyIO           MODE: declarations took 0 ms 
340467     INFO  Test worker     d.u.i.k.n.KeyIO           Parsing took 0 ms 
340467     INFO  Test worker     d.u.i.k.n.KeyIO           MODE: declarations took 0 ms 
340467     INFO  Test worker     d.u.i.k.n.KeyIO           Parsing took 0 ms 
340467     INFO  Test worker     d.u.i.k.n.KeyIO           MODE: declarations took 0 ms 
343399     INFO  Test worker     d.u.i.k.n.KeyIO           Parsing took 0 ms 
343399     INFO  Test worker     d.u.i.k.n.KeyIO           MODE: declarations took 0 ms 
343399     INFO  Test worker     d.u.i.k.n.KeyIO           Parsing took 0 ms 
343399     INFO  Test worker     d.u.i.k.n.KeyIO           MODE: declarations took 0 ms 
343399     INFO  Test worker     d.u.i.k.n.KeyIO           Parsing took 0 ms 
343399     INFO  Test worker     d.u.i.k.n.KeyIO           MODE: declarations took 0 ms 
343399     INFO  Test worker     d.u.i.k.n.KeyIO           Parsing took 0 ms 
343399     INFO  Test worker     d.u.i.k.n.KeyIO           MODE: declarations took 0 ms 
343399     INFO  Test worker     d.u.i.k.n.KeyIO           Parsing took 0 ms 
343399     INFO  Test worker     d.u.i.k.n.KeyIO           MODE: declarations took 0 ms 
343401     WARN  Test worker     d.u.i.k.n.KeYParser       [syntax-error] <unknown>:1:11: mismatched input '@' expecting {'/', ':=', '.', '(', ')', '{', '[', '@', PARALLEL, OR, AND, IMP, '=', NOT_EQUALS, '%', '*', '-', '+', '>', GREATEREQUAL, '<', LESSEQUAL, LGUILLEMETS, EQV} [@11,11:11='@',<153>,1:11] (termEOF) 
346331     INFO  Test worker     d.u.i.k.n.KeyIO           Parsing took 0 ms 
346331     INFO  Test worker     d.u.i.k.n.KeyIO           MODE: declarations took 0 ms 
346331     INFO  Test worker     d.u.i.k.n.KeyIO           Parsing took 0 ms 
346331     INFO  Test worker     d.u.i.k.n.KeyIO           MODE: declarations took 0 ms 
346331     INFO  Test worker     d.u.i.k.n.KeyIO           Parsing took 0 ms 
346331     INFO  Test worker     d.u.i.k.n.KeyIO           MODE: declarations took 0 ms 
346331     INFO  Test worker     d.u.i.k.n.KeyIO           Parsing took 0 ms 
346331     INFO  Test worker     d.u.i.k.n.KeyIO           MODE: declarations took 0 ms 
346331     INFO  Test worker     d.u.i.k.n.KeyIO           Parsing took 0 ms 
346331     INFO  Test worker     d.u.i.k.n.KeyIO           MODE: declarations took 0 ms 
349238     INFO  Test worker     d.u.i.k.n.KeyIO           Parsing took 0 ms 
349239     INFO  Test worker     d.u.i.k.n.KeyIO           MODE: declarations took 1 ms 
349239     INFO  Test worker     d.u.i.k.n.KeyIO           Parsing took 0 ms 
349239     INFO  Test worker     d.u.i.k.n.KeyIO           MODE: declarations took 0 ms 
349239     INFO  Test worker     d.u.i.k.n.KeyIO           Parsing took 0 ms 
349239     INFO  Test worker     d.u.i.k.n.KeyIO           MODE: declarations took 0 ms 
349239     INFO  Test worker     d.u.i.k.n.KeyIO           Parsing took 0 ms 
349239     INFO  Test worker     d.u.i.k.n.KeyIO           MODE: declarations took 0 ms 
349239     INFO  Test worker     d.u.i.k.n.KeyIO           Parsing took 0 ms 
349239     INFO  Test worker     d.u.i.k.n.KeyIO           MODE: declarations took 0 ms 
352130     INFO  Test worker     d.u.i.k.n.KeyIO           Parsing took 0 ms 
352130     INFO  Test worker     d.u.i.k.n.KeyIO           MODE: declarations took 0 ms 
352130     INFO  Test worker     d.u.i.k.n.KeyIO           Parsing took 0 ms 
352130     INFO  Test worker     d.u.i.k.n.KeyIO           MODE: declarations took 0 ms 
352130     INFO  Test worker     d.u.i.k.n.KeyIO           Parsing took 0 ms 
352131     INFO  Test worker     d.u.i.k.n.KeyIO           MODE: declarations took 1 ms 
352131     INFO  Test worker     d.u.i.k.n.KeyIO           Parsing took 0 ms 
352131     INFO  Test worker     d.u.i.k.n.KeyIO           MODE: declarations took 0 ms 
352131     INFO  Test worker     d.u.i.k.n.KeyIO           Parsing took 0 ms 
352131     INFO  Test worker     d.u.i.k.n.KeyIO           MODE: declarations took 0 ms 
355052     INFO  Test worker     d.u.i.k.n.KeyIO           Parsing took 0 ms 
355052     INFO  Test worker     d.u.i.k.n.KeyIO           MODE: declarations took 0 ms 
355052     INFO  Test worker     d.u.i.k.n.KeyIO           Parsing took 0 ms 
355052     INFO  Test worker     d.u.i.k.n.KeyIO           MODE: declarations took 0 ms 
355052     INFO  Test worker     d.u.i.k.n.KeyIO           Parsing took 0 ms 
355052     INFO  Test worker     d.u.i.k.n.KeyIO           MODE: declarations took 0 ms 
355052     INFO  Test worker     d.u.i.k.n.KeyIO           Parsing took 0 ms 
355052     INFO  Test worker     d.u.i.k.n.KeyIO           MODE: declarations took 0 ms 
355052     INFO  Test worker     d.u.i.k.n.KeyIO           Parsing took 0 ms 
355052     INFO  Test worker     d.u.i.k.n.KeyIO           MODE: declarations took 0 ms 
357979     INFO  Test worker     d.u.i.k.n.KeyIO           Parsing took 0 ms 
357980     INFO  Test worker     d.u.i.k.n.KeyIO           MODE: declarations took 0 ms 
357980     INFO  Test worker     d.u.i.k.n.KeyIO           Parsing took 0 ms 
357980     INFO  Test worker     d.u.i.k.n.KeyIO           MODE: declarations took 0 ms 
357980     INFO  Test worker     d.u.i.k.n.KeyIO           Parsing took 0 ms 
357980     INFO  Test worker     d.u.i.k.n.KeyIO           MODE: declarations took 0 ms 
357980     INFO  Test worker     d.u.i.k.n.KeyIO           Parsing took 0 ms 
357980     INFO  Test worker     d.u.i.k.n.KeyIO           MODE: declarations took 0 ms 
357980     INFO  Test worker     d.u.i.k.n.KeyIO           Parsing took 0 ms 
357980     INFO  Test worker     d.u.i.k.n.KeyIO           MODE: declarations took 0 ms 
360885     INFO  Test worker     d.u.i.k.n.KeyIO           Parsing took 0 ms 
360885     INFO  Test worker     d.u.i.k.n.KeyIO           MODE: declarations took 0 ms 
360885     INFO  Test worker     d.u.i.k.n.KeyIO           Parsing took 0 ms 
360885     INFO  Test worker     d.u.i.k.n.KeyIO           MODE: declarations took 0 ms 
360885     INFO  Test worker     d.u.i.k.n.KeyIO           Parsing took 0 ms 
360885     INFO  Test worker     d.u.i.k.n.KeyIO           MODE: declarations took 0 ms 
360885     INFO  Test worker     d.u.i.k.n.KeyIO           Parsing took 0 ms 
360885     INFO  Test worker     d.u.i.k.n.KeyIO           MODE: declarations took 0 ms 
360885     INFO  Test worker     d.u.i.k.n.KeyIO           Parsing took 0 ms 
360885     INFO  Test worker     d.u.i.k.n.KeyIO           MODE: declarations took 0 ms 
363828     INFO  Test worker     d.u.i.k.n.KeyIO           Parsing took 0 ms 
363829     INFO  Test worker     d.u.i.k.n.KeyIO           MODE: declarations took 1 ms 
363829     INFO  Test worker     d.u.i.k.n.KeyIO           Parsing took 0 ms 
363829     INFO  Test worker     d.u.i.k.n.KeyIO           MODE: declarations took 0 ms 
363829     INFO  Test worker     d.u.i.k.n.KeyIO           Parsing took 0 ms 
363829     INFO  Test worker     d.u.i.k.n.KeyIO           MODE: declarations took 0 ms 
363829     INFO  Test worker     d.u.i.k.n.KeyIO           Parsing took 0 ms 
363829     INFO  Test worker     d.u.i.k.n.KeyIO           MODE: declarations took 0 ms 
363829     INFO  Test worker     d.u.i.k.n.KeyIO           Parsing took 0 ms 
363829     INFO  Test worker     d.u.i.k.n.KeyIO           MODE: declarations took 0 ms 
366896     INFO  Test worker     d.u.i.k.n.KeyIO           Parsing took 0 ms 
366896     INFO  Test worker     d.u.i.k.n.KeyIO           MODE: declarations took 0 ms 
366896     INFO  Test worker     d.u.i.k.n.KeyIO           Parsing took 0 ms 
366896     INFO  Test worker     d.u.i.k.n.KeyIO           MODE: declarations took 0 ms 
366896     INFO  Test worker     d.u.i.k.n.KeyIO           Parsing took 0 ms 
366897     INFO  Test worker     d.u.i.k.n.KeyIO           MODE: declarations took 0 ms 
366897     INFO  Test worker     d.u.i.k.n.KeyIO           Parsing took 0 ms 
366897     INFO  Test worker     d.u.i.k.n.KeyIO           MODE: declarations took 0 ms 
366897     INFO  Test worker     d.u.i.k.n.KeyIO           Parsing took 0 ms 
366897     INFO  Test worker     d.u.i.k.n.KeyIO           MODE: declarations took 0 ms 
369863     INFO  Test worker     d.u.i.k.n.KeyIO           Parsing took 0 ms 
369863     INFO  Test worker     d.u.i.k.n.KeyIO           MODE: declarations took 0 ms 
369863     INFO  Test worker     d.u.i.k.n.KeyIO           Parsing took 0 ms 
369863     INFO  Test worker     d.u.i.k.n.KeyIO           MODE: declarations took 0 ms 
369863     INFO  Test worker     d.u.i.k.n.KeyIO           Parsing took 0 ms 
369863     INFO  Test worker     d.u.i.k.n.KeyIO           MODE: declarations took 0 ms 
369863     INFO  Test worker     d.u.i.k.n.KeyIO           Parsing took 0 ms 
369863     INFO  Test worker     d.u.i.k.n.KeyIO           MODE: declarations took 0 ms 
369863     INFO  Test worker     d.u.i.k.n.KeyIO           Parsing took 0 ms 
369863     INFO  Test worker     d.u.i.k.n.KeyIO           MODE: declarations took 0 ms 
372848     INFO  Test worker     d.u.i.k.n.KeyIO           Parsing took 0 ms 
372848     INFO  Test worker     d.u.i.k.n.KeyIO           MODE: declarations took 0 ms 
372848     INFO  Test worker     d.u.i.k.n.KeyIO           Parsing took 0 ms 
372848     INFO  Test worker     d.u.i.k.n.KeyIO           MODE: declarations took 0 ms 
372848     INFO  Test worker     d.u.i.k.n.KeyIO           Parsing took 0 ms 
372848     INFO  Test worker     d.u.i.k.n.KeyIO           MODE: declarations took 0 ms 
372848     INFO  Test worker     d.u.i.k.n.KeyIO           Parsing took 0 ms 
372848     INFO  Test worker     d.u.i.k.n.KeyIO           MODE: declarations took 0 ms 
372848     INFO  Test worker     d.u.i.k.n.KeyIO           Parsing took 0 ms 
372848     INFO  Test worker     d.u.i.k.n.KeyIO           MODE: declarations took 0 ms 
375794     INFO  Test worker     d.u.i.k.n.KeyIO           Parsing took 0 ms 
375794     INFO  Test worker     d.u.i.k.n.KeyIO           MODE: declarations took 0 ms 
375794     INFO  Test worker     d.u.i.k.n.KeyIO           Parsing took 0 ms 
375794     INFO  Test worker     d.u.i.k.n.KeyIO           MODE: declarations took 0 ms 
375794     INFO  Test worker     d.u.i.k.n.KeyIO           Parsing took 0 ms 
375795     INFO  Test worker     d.u.i.k.n.KeyIO           MODE: declarations took 0 ms 
375795     INFO  Test worker     d.u.i.k.n.KeyIO           Parsing took 0 ms 
375795     INFO  Test worker     d.u.i.k.n.KeyIO           MODE: declarations took 0 ms 
375795     INFO  Test worker     d.u.i.k.n.KeyIO           Parsing took 0 ms 
375795     INFO  Test worker     d.u.i.k.n.KeyIO           MODE: declarations took 0 ms 
378771     INFO  Test worker     d.u.i.k.n.KeyIO           Parsing took 0 ms 
378771     INFO  Test worker     d.u.i.k.n.KeyIO           MODE: declarations took 0 ms 
378771     INFO  Test worker     d.u.i.k.n.KeyIO           Parsing took 0 ms 
378771     INFO  Test worker     d.u.i.k.n.KeyIO           MODE: declarations took 0 ms 
378771     INFO  Test worker     d.u.i.k.n.KeyIO           Parsing took 0 ms 
378771     INFO  Test worker     d.u.i.k.n.KeyIO           MODE: declarations took 0 ms 
378771     INFO  Test worker     d.u.i.k.n.KeyIO           Parsing took 0 ms 
378771     INFO  Test worker     d.u.i.k.n.KeyIO           MODE: declarations took 0 ms 
378771     INFO  Test worker     d.u.i.k.n.KeyIO           Parsing took 0 ms 
378771     INFO  Test worker     d.u.i.k.n.KeyIO           MODE: declarations took 0 ms 
381682     INFO  Test worker     d.u.i.k.n.KeyIO           Parsing took 0 ms 
381682     INFO  Test worker     d.u.i.k.n.KeyIO           MODE: declarations took 0 ms 
381682     INFO  Test worker     d.u.i.k.n.KeyIO           Parsing took 0 ms 
381682     INFO  Test worker     d.u.i.k.n.KeyIO           MODE: declarations took 0 ms 
381682     INFO  Test worker     d.u.i.k.n.KeyIO           Parsing took 0 ms 
381682     INFO  Test worker     d.u.i.k.n.KeyIO           MODE: declarations took 0 ms 
381682     INFO  Test worker     d.u.i.k.n.KeyIO           Parsing took 0 ms 
381682     INFO  Test worker     d.u.i.k.n.KeyIO           MODE: declarations took 0 ms 
381682     INFO  Test worker     d.u.i.k.n.KeyIO           Parsing took 0 ms 
381682     INFO  Test worker     d.u.i.k.n.KeyIO           MODE: declarations took 0 ms 
384595     INFO  Test worker     d.u.i.k.n.KeyIO           Parsing took 0 ms 
384595     INFO  Test worker     d.u.i.k.n.KeyIO           MODE: declarations took 0 ms 
384595     INFO  Test worker     d.u.i.k.n.KeyIO           Parsing took 0 ms 
384595     INFO  Test worker     d.u.i.k.n.KeyIO           MODE: declarations took 0 ms 
384595     INFO  Test worker     d.u.i.k.n.KeyIO           Parsing took 0 ms 
384595     INFO  Test worker     d.u.i.k.n.KeyIO           MODE: declarations took 0 ms 
384595     INFO  Test worker     d.u.i.k.n.KeyIO           Parsing took 0 ms 
384595     INFO  Test worker     d.u.i.k.n.KeyIO           MODE: declarations took 0 ms 
384595     INFO  Test worker     d.u.i.k.n.KeyIO           Parsing took 0 ms 
384595     INFO  Test worker     d.u.i.k.n.KeyIO           MODE: declarations took 0 ms 
387505     INFO  Test worker     d.u.i.k.n.KeyIO           Parsing took 0 ms 
387505     INFO  Test worker     d.u.i.k.n.KeyIO           MODE: declarations took 0 ms 
387505     INFO  Test worker     d.u.i.k.n.KeyIO           Parsing took 0 ms 
387505     INFO  Test worker     d.u.i.k.n.KeyIO           MODE: declarations took 0 ms 
387506     INFO  Test worker     d.u.i.k.n.KeyIO           Parsing took 1 ms 
387506     INFO  Test worker     d.u.i.k.n.KeyIO           MODE: declarations took 0 ms 
387506     INFO  Test worker     d.u.i.k.n.KeyIO           Parsing took 0 ms 
387506     INFO  Test worker     d.u.i.k.n.KeyIO           MODE: declarations took 0 ms 
387506     INFO  Test worker     d.u.i.k.n.KeyIO           Parsing took 0 ms 
387506     INFO  Test worker     d.u.i.k.n.KeyIO           MODE: declarations took 0 ms 
390447     INFO  Test worker     d.u.i.k.n.KeyIO           Parsing took 0 ms 
390448     INFO  Test worker     d.u.i.k.n.KeyIO           MODE: declarations took 1 ms 
390448     INFO  Test worker     d.u.i.k.n.KeyIO           Parsing took 0 ms 
390448     INFO  Test worker     d.u.i.k.n.KeyIO           MODE: declarations took 0 ms 
390448     INFO  Test worker     d.u.i.k.n.KeyIO           Parsing took 0 ms 
390448     INFO  Test worker     d.u.i.k.n.KeyIO           MODE: declarations took 0 ms 
390448     INFO  Test worker     d.u.i.k.n.KeyIO           Parsing took 0 ms 
390448     INFO  Test worker     d.u.i.k.n.KeyIO           MODE: declarations took 0 ms 
390448     INFO  Test worker     d.u.i.k.n.KeyIO           Parsing took 0 ms 
390448     INFO  Test worker     d.u.i.k.n.KeyIO           MODE: declarations took 0 ms 
393377     INFO  Test worker     d.u.i.k.n.KeyIO           Parsing took 0 ms 
393377     INFO  Test worker     d.u.i.k.n.KeyIO           MODE: declarations took 0 ms 
393377     INFO  Test worker     d.u.i.k.n.KeyIO           Parsing took 0 ms 
393377     INFO  Test worker     d.u.i.k.n.KeyIO           MODE: declarations took 0 ms 
393377     INFO  Test worker     d.u.i.k.n.KeyIO           Parsing took 0 ms 
393377     INFO  Test worker     d.u.i.k.n.KeyIO           MODE: declarations took 0 ms 
393377     INFO  Test worker     d.u.i.k.n.KeyIO           Parsing took 0 ms 
393377     INFO  Test worker     d.u.i.k.n.KeyIO           MODE: declarations took 0 ms 
393377     INFO  Test worker     d.u.i.k.n.KeyIO           Parsing took 0 ms 
393377     INFO  Test worker     d.u.i.k.n.KeyIO           MODE: declarations took 0 ms 
396314     INFO  Test worker     d.u.i.k.n.KeyIO           Parsing took 0 ms 
396314     INFO  Test worker     d.u.i.k.n.KeyIO           MODE: declarations took 0 ms 
396314     INFO  Test worker     d.u.i.k.n.KeyIO           Parsing took 0 ms 
396314     INFO  Test worker     d.u.i.k.n.KeyIO           MODE: declarations took 0 ms 
396314     INFO  Test worker     d.u.i.k.n.KeyIO           Parsing took 0 ms 
396314     INFO  Test worker     d.u.i.k.n.KeyIO           MODE: declarations took 0 ms 
396314     INFO  Test worker     d.u.i.k.n.KeyIO           Parsing took 0 ms 
396314     INFO  Test worker     d.u.i.k.n.KeyIO           MODE: declarations took 0 ms 
396314     INFO  Test worker     d.u.i.k.n.KeyIO           Parsing took 0 ms 
396314     INFO  Test worker     d.u.i.k.n.KeyIO           MODE: declarations took 0 ms 
399241     INFO  Test worker     d.u.i.k.n.KeyIO           Parsing took 0 ms 
399242     INFO  Test worker     d.u.i.k.n.KeyIO           MODE: declarations took 1 ms 
399242     INFO  Test worker     d.u.i.k.n.KeyIO           Parsing took 0 ms 
399242     INFO  Test worker     d.u.i.k.n.KeyIO           MODE: declarations took 0 ms 
399242     INFO  Test worker     d.u.i.k.n.KeyIO           Parsing took 0 ms 
399242     INFO  Test worker     d.u.i.k.n.KeyIO           MODE: declarations took 0 ms 
399242     INFO  Test worker     d.u.i.k.n.KeyIO           Parsing took 0 ms 
399242     INFO  Test worker     d.u.i.k.n.KeyIO           MODE: declarations took 0 ms 
399242     INFO  Test worker     d.u.i.k.n.KeyIO           Parsing took 0 ms 
399242     INFO  Test worker     d.u.i.k.n.KeyIO           MODE: declarations took 0 ms 
402164     INFO  Test worker     d.u.i.k.n.KeyIO           Parsing took 0 ms 
402164     INFO  Test worker     d.u.i.k.n.KeyIO           MODE: declarations took 0 ms 
402165     INFO  Test worker     d.u.i.k.n.KeyIO           Parsing took 0 ms 
402165     INFO  Test worker     d.u.i.k.n.KeyIO           MODE: declarations took 0 ms 
402165     INFO  Test worker     d.u.i.k.n.KeyIO           Parsing took 0 ms 
402165     INFO  Test worker     d.u.i.k.n.KeyIO           MODE: declarations took 0 ms 
402165     INFO  Test worker     d.u.i.k.n.KeyIO           Parsing took 0 ms 
402165     INFO  Test worker     d.u.i.k.n.KeyIO           MODE: declarations took 0 ms 
402165     INFO  Test worker     d.u.i.k.n.KeyIO           Parsing took 0 ms 
402165     INFO  Test worker     d.u.i.k.n.KeyIO           MODE: declarations took 0 ms 
405075     INFO  Test worker     d.u.i.k.n.KeyIO           Parsing took 0 ms 
405075     INFO  Test worker     d.u.i.k.n.KeyIO           MODE: declarations took 0 ms 
405075     INFO  Test worker     d.u.i.k.n.KeyIO           Parsing took 0 ms 
405075     INFO  Test worker     d.u.i.k.n.KeyIO           MODE: declarations took 0 ms 
405075     INFO  Test worker     d.u.i.k.n.KeyIO           Parsing took 0 ms 
405075     INFO  Test worker     d.u.i.k.n.KeyIO           MODE: declarations took 0 ms 
405075     INFO  Test worker     d.u.i.k.n.KeyIO           Parsing took 0 ms 
405075     INFO  Test worker     d.u.i.k.n.KeyIO           MODE: declarations took 0 ms 
405075     INFO  Test worker     d.u.i.k.n.KeyIO           Parsing took 0 ms 
405075     INFO  Test worker     d.u.i.k.n.KeyIO           MODE: declarations took 0 ms 
407995     INFO  Test worker     d.u.i.k.n.KeyIO           Parsing took 0 ms 
407995     INFO  Test worker     d.u.i.k.n.KeyIO           MODE: declarations took 0 ms 
407995     INFO  Test worker     d.u.i.k.n.KeyIO           Parsing took 0 ms 
407995     INFO  Test worker     d.u.i.k.n.KeyIO           MODE: declarations took 0 ms 
407995     INFO  Test worker     d.u.i.k.n.KeyIO           Parsing took 0 ms 
407995     INFO  Test worker     d.u.i.k.n.KeyIO           MODE: declarations took 0 ms 
407995     INFO  Test worker     d.u.i.k.n.KeyIO           Parsing took 0 ms 
407995     INFO  Test worker     d.u.i.k.n.KeyIO           MODE: declarations took 0 ms 
407995     INFO  Test worker     d.u.i.k.n.KeyIO           Parsing took 0 ms 
407995     INFO  Test worker     d.u.i.k.n.KeyIO           MODE: declarations took 0 ms 
410928     INFO  Test worker     d.u.i.k.n.KeyIO           Parsing took 0 ms 
410928     INFO  Test worker     d.u.i.k.n.KeyIO           MODE: declarations took 0 ms 
410929     INFO  Test worker     d.u.i.k.n.KeyIO           Parsing took 1 ms 
410929     INFO  Test worker     d.u.i.k.n.KeyIO           MODE: declarations took 0 ms 
410929     INFO  Test worker     d.u.i.k.n.KeyIO           Parsing took 0 ms 
410929     INFO  Test worker     d.u.i.k.n.KeyIO           MODE: declarations took 0 ms 
410929     INFO  Test worker     d.u.i.k.n.KeyIO           Parsing took 0 ms 
410929     INFO  Test worker     d.u.i.k.n.KeyIO           MODE: declarations took 0 ms 
410929     INFO  Test worker     d.u.i.k.n.KeyIO           Parsing took 0 ms 
410929     INFO  Test worker     d.u.i.k.n.KeyIO           MODE: declarations took 0 ms 
413842     INFO  Test worker     d.u.i.k.n.KeyIO           Parsing took 0 ms 
413843     INFO  Test worker     d.u.i.k.n.KeyIO           MODE: declarations took 0 ms 
413843     INFO  Test worker     d.u.i.k.n.KeyIO           Parsing took 0 ms 
413843     INFO  Test worker     d.u.i.k.n.KeyIO           MODE: declarations took 0 ms 
413843     INFO  Test worker     d.u.i.k.n.KeyIO           Parsing took 0 ms 
413843     INFO  Test worker     d.u.i.k.n.KeyIO           MODE: declarations took 0 ms 
413843     INFO  Test worker     d.u.i.k.n.KeyIO           Parsing took 0 ms 
413843     INFO  Test worker     d.u.i.k.n.KeyIO           MODE: declarations took 0 ms 
413843     INFO  Test worker     d.u.i.k.n.KeyIO           Parsing took 0 ms 
413843     INFO  Test worker     d.u.i.k.n.KeyIO           MODE: declarations took 0 ms 
]]></system-out>
  <system-err><![CDATA[]]></system-err>
</testsuite>
