<?xml version="1.0" encoding="UTF-8"?>
<testsuite name="de.uka.ilkd.key.parser.TestTermParserSorts" tests="2" skipped="0" failures="0" errors="0" timestamp="2023-04-07T14:42:41" hostname="fv-az254-717" time="2.934">
  <properties/>
  <testcase name="testParseIntegerArgs()" classname="de.uka.ilkd.key.parser.TestTermParserSorts" time="0.015"/>
  <testcase name="testParseSequencePrettySyntax()" classname="de.uka.ilkd.key.parser.TestTermParserSorts" time="0.002"/>
  <system-out><![CDATA[416778     INFO  Test worker     d.u.i.k.n.KeyIO           Parsing took 0 ms 
416778     INFO  Test worker     d.u.i.k.n.KeyIO           MODE: declarations took 0 ms 
416778     INFO  Test worker     d.u.i.k.n.KeyIO           Parsing took 0 ms 
416778     INFO  Test worker     d.u.i.k.n.KeyIO           MODE: declarations took 0 ms 
416778     INFO  Test worker     d.u.i.k.n.KeyIO           Parsing took 0 ms 
416778     INFO  Test worker     d.u.i.k.n.KeyIO           MODE: declarations took 0 ms 
419710     INFO  Test worker     d.u.i.k.n.KeyIO           Parsing took 1 ms 
419710     INFO  Test worker     d.u.i.k.n.KeyIO           MODE: declarations took 0 ms 
419710     INFO  Test worker     d.u.i.k.n.KeyIO           Parsing took 0 ms 
419710     INFO  Test worker     d.u.i.k.n.KeyIO           MODE: declarations took 0 ms 
419710     INFO  Test worker     d.u.i.k.n.KeyIO           Parsing took 0 ms 
419710     INFO  Test worker     d.u.i.k.n.KeyIO           MODE: declarations took 0 ms 
]]></system-out>
  <system-err><![CDATA[]]></system-err>
</testsuite>
