<?xml version="1.0" encoding="UTF-8"?>
<testsuite name="de.uka.ilkd.key.nparser.ParseLDTsTests" tests="2" skipped="0" failures="0" errors="0" timestamp="2023-04-07T14:38:59" hostname="fv-az254-717" time="0.987">
  <properties/>
  <testcase name="testLDT()" classname="de.uka.ilkd.key.nparser.ParseLDTsTests" time="0.014"/>
  <testcase name="testSR()" classname="de.uka.ilkd.key.nparser.ParseLDTsTests" time="0.972"/>
  <system-out><![CDATA[195101     INFO  Test worker     d.u.i.k.n.KeyIO           Parsing took 7 ms 
195102     INFO  Test worker     d.u.i.k.n.KeyIO           MODE: declarations took 1 ms 
195408     INFO  Test worker     d.u.i.k.n.KeyIO           Parsing took 299 ms 
195411     INFO  Test worker     d.u.i.k.n.KeyIO           MODE: declarations took 2 ms 
]]></system-out>
  <system-err><![CDATA[]]></system-err>
</testsuite>
