<?xml version="1.0" encoding="UTF-8"?>
<testsuite name="de.uka.ilkd.key.parser.TestTacletParser" tests="20" skipped="0" failures="0" errors="0" timestamp="2023-04-04T10:42:17" hostname="fv-az221-216" time="0.115">
  <properties/>
  <testcase name="testAllRight()" classname="de.uka.ilkd.key.parser.TestTacletParser" time="0.003"/>
  <testcase name="testSchemaJava0()" classname="de.uka.ilkd.key.parser.TestTacletParser" time="0.013"/>
  <testcase name="testSchemaJava1()" classname="de.uka.ilkd.key.parser.TestTacletParser" time="0.008"/>
  <testcase name="testSchemaJava2()" classname="de.uka.ilkd.key.parser.TestTacletParser" time="0.007"/>
  <testcase name="testSchemaJava4()" classname="de.uka.ilkd.key.parser.TestTacletParser" time="0.003"/>
  <testcase name="testSchemaJava6()" classname="de.uka.ilkd.key.parser.TestTacletParser" time="0.003"/>
  <testcase name="testSchemaJava8()" classname="de.uka.ilkd.key.parser.TestTacletParser" time="0.005"/>
  <testcase name="testCut()" classname="de.uka.ilkd.key.parser.TestTacletParser" time="0.002"/>
  <testcase name="testMakeInsertEq()" classname="de.uka.ilkd.key.parser.TestTacletParser" time="0.003"/>
  <testcase name="testAllLeft()" classname="de.uka.ilkd.key.parser.TestTacletParser" time="0.003"/>
  <testcase name="testClose()" classname="de.uka.ilkd.key.parser.TestTacletParser" time="0.016"/>
  <testcase name="testSchemaJava10()" classname="de.uka.ilkd.key.parser.TestTacletParser" time="0.003"/>
  <testcase name="testSchemaJava11()" classname="de.uka.ilkd.key.parser.TestTacletParser" time="0.004"/>
  <testcase name="testFIdempotent()" classname="de.uka.ilkd.key.parser.TestTacletParser" time="0.01"/>
  <testcase name="testImpRight()" classname="de.uka.ilkd.key.parser.TestTacletParser" time="0.003"/>
  <testcase name="testVarcondNew()" classname="de.uka.ilkd.key.parser.TestTacletParser" time="0.004"/>
  <testcase name="testFreeReplacewithVariables()" classname="de.uka.ilkd.key.parser.TestTacletParser" time="0.003"/>
  <testcase name="testImpLeft()" classname="de.uka.ilkd.key.parser.TestTacletParser" time="0.002"/>
  <testcase name="testContraposition()" classname="de.uka.ilkd.key.parser.TestTacletParser" time="0.008"/>
  <testcase name="testExConjSplit()" classname="de.uka.ilkd.key.parser.TestTacletParser" time="0.008"/>
  <system-out><![CDATA[246321     INFO  Test worker     d.u.i.k.n.KeyIO           Parsing took 0 ms 
246322     INFO  Test worker     d.u.i.k.n.KeyIO           MODE: declarations took 0 ms 
246323     INFO  Test worker     d.u.i.k.n.KeyIO           Parsing took 0 ms 
246323     INFO  Test worker     d.u.i.k.n.KeyIO           MODE: declarations took 0 ms 
246325     INFO  Test worker     d.u.i.k.n.KeyIO           Parsing took 0 ms 
246335     INFO  Test worker     d.u.i.k.n.KeyIO           MODE: declarations took 1 ms 
246336     INFO  Test worker     d.u.i.k.n.KeyIO           Parsing took 0 ms 
246336     INFO  Test worker     d.u.i.k.n.KeyIO           MODE: declarations took 0 ms 
246338     INFO  Test worker     d.u.i.k.n.KeyIO           Parsing took 0 ms 
246339     INFO  Test worker     d.u.i.k.n.KeyIO           MODE: declarations took 0 ms 
246340     WARN  Test worker     d.u.i.k.n.KeYParser       [syntax-error] <unknown>:2:21: extraneous input '<' expecting {MODALITY, FORALL, EXISTS, '\if', '\ifEx', 'true', 'false', '(', ')', '{', '@', NOT, '-', STRING_LITERAL, CHAR_LITERAL, BIN_LITERAL, HEX_LITERAL, IDENT, INT_LITERAL, FLOAT_LITERAL, DOUBLE_LITERAL, REAL_LITERAL} [@12,22:22='<',<173>,2:21] (argument_list, call, accessterm, primitive_term, primitive_labeled_term, bracket_term, atom_prefix, strong_arith_term_2, strong_arith_term_1, weak_arith_term, comparison_term, equality_term, term60, conjunction_term, disjunction_term, implication_term, equivalence_term, elementary_update_term, parallel_term, term, taclet, rulesOrAxioms, decls, file) 
246342     WARN  Test worker     d.u.i.k.n.KeYParser       [syntax-error] <unknown>:2:23: no viable alternative at input '{..' [@14,24:25='..',<144>,2:23] (atom_prefix, strong_arith_term_2, strong_arith_term_1, weak_arith_term, comparison_term, equality_term, term60, conjunction_term, disjunction_term, implication_term, equivalence_term, elementary_update_term, parallel_term, term, argument_list, call, accessterm, primitive_term, primitive_labeled_term, bracket_term, atom_prefix, strong_arith_term_2, strong_arith_term_1, weak_arith_term, comparison_term, equality_term, term60, conjunction_term, disjunction_term, implication_term, equivalence_term, elementary_update_term, parallel_term, term, taclet, rulesOrAxioms, decls, file) 
246343     WARN  Test worker     d.u.i.k.n.KeYParser       [syntax-error] <unknown>:2:33: mismatched input ';' expecting {',', ')'} [@21,34:34=';',<138>,2:33] (argument_list, call, accessterm, primitive_term, primitive_labeled_term, bracket_term, atom_prefix, strong_arith_term_2, strong_arith_term_1, weak_arith_term, comparison_term, equality_term, term60, conjunction_term, disjunction_term, implication_term, equivalence_term, elementary_update_term, parallel_term, term, taclet, rulesOrAxioms, decls, file) 
246344     WARN  Test worker     d.u.i.k.n.KeYParser       [syntax-error] <unknown>:2:41: no viable alternative at input '#i;' [@26,42:42=';',<138>,2:41] (option_list, taclet, rulesOrAxioms, decls, file) 
246344     WARN  Test worker     d.u.i.k.n.KeYParser       [syntax-error] <unknown>:2:43: mismatched input '<' expecting {'(', '{'} [@28,44:44='<',<173>,2:43] (taclet, rulesOrAxioms, decls, file) 
246344     WARN  Test worker     d.u.i.k.n.KeYParser       [syntax-error] <unknown>:2:47: mismatched input '+' expecting {'(', '{'} [@32,48:48='+',<167>,2:47] (taclet, rulesOrAxioms, decls, file) 
246345     WARN  Test worker     d.u.i.k.n.KeYParser       [syntax-error] <unknown>:2:52: extraneous input '..' expecting {'\lemma', '}', IDENT, '/*!'} [@37,53:54='..',<144>,2:52] (rulesOrAxioms, decls, file) 
246345     WARN  Test worker     d.u.i.k.n.KeYParser       [syntax-error] <unknown>:2:56: mismatched input '>' expecting {<EOF>, '\problem', '\chooseContract', '\proofObligation', '\proof'} [@40,57:57='>',<168>,2:56] (file) 
246346     INFO  Test worker     d.u.i.k.n.KeyIO           Parsing took 0 ms 
246347     INFO  Test worker     d.u.i.k.n.KeyIO           MODE: declarations took 0 ms 
246347     WARN  Test worker     d.u.i.k.n.KeYParser       [syntax-error] <unknown>:2:21: extraneous input '<' expecting {MODALITY, FORALL, EXISTS, '\if', '\ifEx', 'true', 'false', '(', ')', '{', '@', NOT, '-', STRING_LITERAL, CHAR_LITERAL, BIN_LITERAL, HEX_LITERAL, IDENT, INT_LITERAL, FLOAT_LITERAL, DOUBLE_LITERAL, REAL_LITERAL} [@12,22:22='<',<173>,2:21] (argument_list, call, accessterm, primitive_term, primitive_labeled_term, bracket_term, atom_prefix, strong_arith_term_2, strong_arith_term_1, weak_arith_term, comparison_term, equality_term, term60, conjunction_term, disjunction_term, implication_term, equivalence_term, elementary_update_term, parallel_term, term, taclet, rulesOrAxioms, decls, file) 
246348     WARN  Test worker     d.u.i.k.n.KeYParser       [syntax-error] <unknown>:2:23: no viable alternative at input '{..' [@14,24:25='..',<144>,2:23] (atom_prefix, strong_arith_term_2, strong_arith_term_1, weak_arith_term, comparison_term, equality_term, term60, conjunction_term, disjunction_term, implication_term, equivalence_term, elementary_update_term, parallel_term, term, argument_list, call, accessterm, primitive_term, primitive_labeled_term, bracket_term, atom_prefix, strong_arith_term_2, strong_arith_term_1, weak_arith_term, comparison_term, equality_term, term60, conjunction_term, disjunction_term, implication_term, equivalence_term, elementary_update_term, parallel_term, term, taclet, rulesOrAxioms, decls, file) 
246348     WARN  Test worker     d.u.i.k.n.KeYParser       [syntax-error] <unknown>:2:33: mismatched input ';' expecting {',', ')'} [@21,34:34=';',<138>,2:33] (argument_list, call, accessterm, primitive_term, primitive_labeled_term, bracket_term, atom_prefix, strong_arith_term_2, strong_arith_term_1, weak_arith_term, comparison_term, equality_term, term60, conjunction_term, disjunction_term, implication_term, equivalence_term, elementary_update_term, parallel_term, term, taclet, rulesOrAxioms, decls, file) 
246349     WARN  Test worker     d.u.i.k.n.KeYParser       [syntax-error] <unknown>:2:43: no viable alternative at input '#lab;' [@26,44:44=';',<138>,2:43] (option_list, taclet, rulesOrAxioms, decls, file) 
246349     WARN  Test worker     d.u.i.k.n.KeYParser       [syntax-error] <unknown>:2:45: mismatched input '<' expecting {'(', '{'} [@28,46:46='<',<173>,2:45] (taclet, rulesOrAxioms, decls, file) 
246349     WARN  Test worker     d.u.i.k.n.KeYParser       [syntax-error] <unknown>:2:50: mismatched input '+' expecting {'(', '{'} [@32,51:51='+',<167>,2:50] (taclet, rulesOrAxioms, decls, file) 
246350     WARN  Test worker     d.u.i.k.n.KeYParser       [syntax-error] <unknown>:2:56: extraneous input '..' expecting {'\lemma', '}', IDENT, '/*!'} [@38,57:58='..',<144>,2:56] (rulesOrAxioms, decls, file) 
246350     WARN  Test worker     d.u.i.k.n.KeYParser       [syntax-error] <unknown>:2:60: mismatched input '>' expecting {<EOF>, '\problem', '\chooseContract', '\proofObligation', '\proof'} [@41,61:61='>',<168>,2:60] (file) 
246353     INFO  Test worker     d.u.i.k.n.KeyIO           Parsing took 0 ms 
246354     INFO  Test worker     d.u.i.k.n.KeyIO           MODE: declarations took 0 ms 
246354     INFO  Test worker     d.u.i.k.n.KeyIO           Parsing took 0 ms 
246355     INFO  Test worker     d.u.i.k.n.KeyIO           MODE: declarations took 0 ms 
246357     INFO  Test worker     d.u.i.k.n.KeyIO           Parsing took 1 ms 
246357     INFO  Test worker     d.u.i.k.n.KeyIO           MODE: declarations took 0 ms 
246358     INFO  Test worker     d.u.i.k.n.KeyIO           Parsing took 1 ms 
246358     INFO  Test worker     d.u.i.k.n.KeyIO           MODE: declarations took 0 ms 
246360     INFO  Test worker     d.u.i.k.n.KeyIO           Parsing took 0 ms 
246363     INFO  Test worker     d.u.i.k.n.KeyIO           MODE: declarations took 0 ms 
246363     INFO  Test worker     d.u.i.k.n.KeyIO           Parsing took 0 ms 
246364     INFO  Test worker     d.u.i.k.n.KeyIO           MODE: declarations took 0 ms 
246365     INFO  Test worker     d.u.i.k.n.KeyIO           Parsing took 0 ms 
246365     INFO  Test worker     d.u.i.k.n.KeyIO           MODE: declarations took 0 ms 
246366     INFO  Test worker     d.u.i.k.n.KeyIO           Parsing took 0 ms 
246366     INFO  Test worker     d.u.i.k.n.KeyIO           MODE: declarations took 0 ms 
246367     INFO  Test worker     d.u.i.k.n.KeyIO           Parsing took 0 ms 
246368     INFO  Test worker     d.u.i.k.n.KeyIO           MODE: declarations took 0 ms 
246369     INFO  Test worker     d.u.i.k.n.KeyIO           Parsing took 0 ms 
246369     INFO  Test worker     d.u.i.k.n.KeyIO           MODE: declarations took 0 ms 
246371     INFO  Test worker     d.u.i.k.n.KeyIO           Parsing took 1 ms 
246371     INFO  Test worker     d.u.i.k.n.KeyIO           MODE: declarations took 0 ms 
246372     INFO  Test worker     d.u.i.k.n.KeyIO           Parsing took 0 ms 
246372     INFO  Test worker     d.u.i.k.n.KeyIO           MODE: declarations took 0 ms 
246387     INFO  Test worker     d.u.i.k.n.KeyIO           Parsing took 0 ms 
246387     INFO  Test worker     d.u.i.k.n.KeyIO           MODE: declarations took 0 ms 
246388     INFO  Test worker     d.u.i.k.n.KeyIO           Parsing took 0 ms 
246388     INFO  Test worker     d.u.i.k.n.KeyIO           MODE: declarations took 0 ms 
246389     INFO  Test worker     d.u.i.k.n.KeyIO           Parsing took 0 ms 
246390     INFO  Test worker     d.u.i.k.n.KeyIO           MODE: declarations took 0 ms 
246390     INFO  Test worker     d.u.i.k.n.KeyIO           Parsing took 0 ms 
246391     INFO  Test worker     d.u.i.k.n.KeyIO           MODE: declarations took 0 ms 
246392     INFO  Test worker     d.u.i.k.n.KeyIO           Parsing took 0 ms 
246392     INFO  Test worker     d.u.i.k.n.KeyIO           MODE: declarations took 0 ms 
246394     INFO  Test worker     d.u.i.k.n.KeyIO           Parsing took 1 ms 
246394     INFO  Test worker     d.u.i.k.n.KeyIO           MODE: declarations took 0 ms 
246397     INFO  Test worker     d.u.i.k.n.KeyIO           Parsing took 1 ms 
246397     INFO  Test worker     d.u.i.k.n.KeyIO           MODE: declarations took 0 ms 
246398     INFO  Test worker     d.u.i.k.n.KeyIO           Parsing took 0 ms 
246398     INFO  Test worker     d.u.i.k.n.KeyIO           MODE: declarations took 0 ms 
246408     INFO  Test worker     d.u.i.k.n.KeyIO           Parsing took 0 ms 
246408     INFO  Test worker     d.u.i.k.n.KeyIO           MODE: declarations took 0 ms 
246409     INFO  Test worker     d.u.i.k.n.KeyIO           Parsing took 0 ms 
246409     INFO  Test worker     d.u.i.k.n.KeyIO           MODE: declarations took 0 ms 
246410     INFO  Test worker     d.u.i.k.n.KeyIO           Parsing took 0 ms 
246411     INFO  Test worker     d.u.i.k.n.KeyIO           MODE: declarations took 0 ms 
246412     INFO  Test worker     d.u.i.k.n.KeyIO           Parsing took 1 ms 
246412     INFO  Test worker     d.u.i.k.n.KeyIO           MODE: declarations took 0 ms 
246412     INFO  Test worker     d.u.i.k.n.KeyIO           Parsing took 0 ms 
246413     INFO  Test worker     d.u.i.k.n.KeyIO           MODE: declarations took 0 ms 
246415     INFO  Test worker     d.u.i.k.n.KeyIO           Parsing took 1 ms 
246415     INFO  Test worker     d.u.i.k.n.KeyIO           MODE: declarations took 0 ms 
246415     INFO  Test worker     d.u.i.k.n.KeyIO           Parsing took 0 ms 
246416     INFO  Test worker     d.u.i.k.n.KeyIO           MODE: declarations took 0 ms 
246417     INFO  Test worker     d.u.i.k.n.KeyIO           Parsing took 0 ms 
246418     INFO  Test worker     d.u.i.k.n.KeyIO           MODE: declarations took 0 ms 
246418     INFO  Test worker     d.u.i.k.n.KeyIO           Parsing took 0 ms 
246419     INFO  Test worker     d.u.i.k.n.KeyIO           MODE: declarations took 0 ms 
246420     INFO  Test worker     d.u.i.k.n.KeyIO           Parsing took 0 ms 
246420     INFO  Test worker     d.u.i.k.n.KeyIO           MODE: declarations took 0 ms 
246427     INFO  Test worker     d.u.i.k.n.KeyIO           Parsing took 0 ms 
246427     INFO  Test worker     d.u.i.k.n.KeyIO           MODE: declarations took 0 ms 
246428     INFO  Test worker     d.u.i.k.n.KeyIO           Parsing took 0 ms 
246429     INFO  Test worker     d.u.i.k.n.KeyIO           MODE: declarations took 0 ms 
246430     INFO  Test worker     d.u.i.k.n.KeyIO           Parsing took 1 ms 
246435     INFO  Test worker     d.u.i.k.n.KeyIO           MODE: declarations took 0 ms 
]]></system-out>
  <system-err><![CDATA[]]></system-err>
</testsuite>
