<?xml version="1.0" encoding="UTF-8"?>
<testsuite name="recoder.testsuite.basic.analysis.GetAllRelatedMethodsTest" tests="1" skipped="1" failures="0" errors="0" timestamp="2023-03-03T20:57:58" hostname="fv-az562-313" time="0.003">
  <properties/>
  <testcase name="testGetAllRelatedMethodsTest" classname="recoder.testsuite.basic.analysis.GetAllRelatedMethodsTest" time="0.003">
    <skipped/>
  </testcase>
  <system-out><![CDATA[]]></system-out>
  <system-err><![CDATA[]]></system-err>
</testsuite>
