<?xml version="1.0" encoding="UTF-8"?>
<testsuite name="de.uka.ilkd.key.symbolic_execution.testcase.po.TestProgramMethodPO" tests="7" skipped="0" failures="0" errors="0" timestamp="2023-04-02T01:23:04" hostname="fv-az564-11" time="41.751">
  <properties/>
  <testcase name="testReturnMethod_Precondition()" classname="de.uka.ilkd.key.symbolic_execution.testcase.po.TestProgramMethodPO" time="5.928"/>
  <testcase name="testVoidMethod()" classname="de.uka.ilkd.key.symbolic_execution.testcase.po.TestProgramMethodPO" time="6.263"/>
  <testcase name="testComplicatedMethod()" classname="de.uka.ilkd.key.symbolic_execution.testcase.po.TestProgramMethodPO" time="6.015"/>
  <testcase name="testComplicatedMethod_Precondition()" classname="de.uka.ilkd.key.symbolic_execution.testcase.po.TestProgramMethodPO" time="5.907"/>
  <testcase name="testComplicatedInnerMethod()" classname="de.uka.ilkd.key.symbolic_execution.testcase.po.TestProgramMethodPO" time="5.732"/>
  <testcase name="testVoidMethod_Precondition()" classname="de.uka.ilkd.key.symbolic_execution.testcase.po.TestProgramMethodPO" time="5.801"/>
  <testcase name="testReturnMethod()" classname="de.uka.ilkd.key.symbolic_execution.testcase.po.TestProgramMethodPO" time="6.104"/>
  <system-out><![CDATA[]]></system-out>
  <system-err><![CDATA[]]></system-err>
</testsuite>
