<?xml version="1.0" encoding="UTF-8"?>
<testsuite name="de.uka.ilkd.key.symbolic_execution.testcase.strategy.TestStepReturnSymbolicExecutionTreeNodesStopCondition" tests="1" skipped="0" failures="0" errors="0" timestamp="2023-04-02T01:27:49" hostname="fv-az564-11" time="5.186">
  <properties/>
  <testcase name="testStepReturn()" classname="de.uka.ilkd.key.symbolic_execution.testcase.strategy.TestStepReturnSymbolicExecutionTreeNodesStopCondition" time="5.186"/>
  <system-out><![CDATA[]]></system-out>
  <system-err><![CDATA[]]></system-err>
</testsuite>
