<?xml version="1.0" encoding="UTF-8"?>
<testsuite name="de.uka.ilkd.key.symbolic_execution.testcase.TestConditionalVariables" tests="1" skipped="0" failures="0" errors="0" timestamp="2023-04-02T01:06:24" hostname="fv-az564-11" time="15.881">
  <properties/>
  <testcase name="testVariablesUnderMethodReturnCondition()" classname="de.uka.ilkd.key.symbolic_execution.testcase.TestConditionalVariables" time="15.881"/>
  <system-out><![CDATA[01:06:24,312 |-INFO in ch.qos.logback.classic.LoggerContext[default] - This is logback-classic version 1.4.6
01:06:24,342 |-INFO in ch.qos.logback.classic.LoggerContext[default] - Could NOT find resource [logback-test.xml]
01:06:24,354 |-INFO in ch.qos.logback.classic.LoggerContext[default] - Found resource [logback.xml] at [file:/home/runner/work/key/key/key.core.symbolic_execution/build/resources/test/logback.xml]
01:06:24,355 |-WARN in ch.qos.logback.classic.util.DefaultJoranConfigurator@208e9ef6 - Resource [logback.xml] occurs multiple times on the classpath.
01:06:24,355 |-WARN in ch.qos.logback.classic.util.DefaultJoranConfigurator@208e9ef6 - Resource [logback.xml] occurs at [file:/home/runner/work/key/key/key.core.symbolic_execution/build/resources/test/logback.xml]
01:06:24,355 |-WARN in ch.qos.logback.classic.util.DefaultJoranConfigurator@208e9ef6 - Resource [logback.xml] occurs at [file:/home/runner/work/key/key/key.core/build/resources/test/logback.xml]
01:06:24,469 |-INFO in ch.qos.logback.core.model.processor.AppenderModelHandler - Processing appender named [STDOUT]
01:06:24,470 |-INFO in ch.qos.logback.core.model.processor.AppenderModelHandler - About to instantiate appender of type [ch.qos.logback.core.ConsoleAppender]
01:06:24,486 |-WARN in ch.qos.logback.core.model.processor.ImplicitModelHandler - Ignoring unknown property [file] in [ch.qos.logback.core.ConsoleAppender]
01:06:24,486 |-WARN in ch.qos.logback.core.model.processor.ImplicitModelHandler - Ignoring unknown property [append] in [ch.qos.logback.core.ConsoleAppender]
01:06:24,487 |-INFO in ch.qos.logback.core.model.processor.ImplicitModelHandler - Assuming default type [ch.qos.logback.classic.encoder.PatternLayoutEncoder] for [encoder] property
01:06:24,507 |-INFO in ch.qos.logback.classic.model.processor.RootLoggerModelHandler - Setting level of ROOT logger to WARN
01:06:24,513 |-INFO in ch.qos.logback.core.model.processor.AppenderRefModelHandler - Attaching appender named [STDOUT] to Logger[ROOT]
01:06:24,513 |-INFO in ch.qos.logback.core.model.processor.DefaultProcessor@78b236a0 - End of configuration.
01:06:24,514 |-INFO in ch.qos.logback.classic.joran.JoranConfigurator@261d8190 - Registering current configuration as safe fallback point

370        WARN  Test worker     d.u.i.k.s.ProofSettings   The settings in /home/runner/.key/proof-settings.props are *not* read. 
442        WARN  Test worker     d.u.i.k.s.ProofIndependentSettings The settings in /home/runner/.key/proofIndependentSettings.props are *not* read due to flag 'key.disregardSettings' 
]]></system-out>
  <system-err><![CDATA[]]></system-err>
</testsuite>
