<?xml version="1.0" encoding="UTF-8"?>
<testsuite name="de.uka.ilkd.key.symbolic_execution.testcase.util.TestSymbolicExecutionUtil" tests="2" skipped="0" failures="0" errors="0" timestamp="2023-04-02T01:29:47" hostname="fv-az564-11" time="4.148">
  <properties/>
  <testcase name="test1ImproveReadability()" classname="de.uka.ilkd.key.symbolic_execution.testcase.util.TestSymbolicExecutionUtil" time="4.145"/>
  <testcase name="test2GetAndSetChoiceSetting()" classname="de.uka.ilkd.key.symbolic_execution.testcase.util.TestSymbolicExecutionUtil" time="0.003"/>
  <system-out><![CDATA[]]></system-out>
  <system-err><![CDATA[]]></system-err>
</testsuite>
