<?xml version="1.0" encoding="UTF-8"?>
<testsuite name="org.key_project.slicing.EndToEndTests" tests="11" skipped="0" failures="0" errors="0" timestamp="2023-06-05T13:33:00" hostname="fv-az1113-6" time="458.07">
  <properties/>
  <testcase name="sliceIfThenElseSplit()" classname="org.key_project.slicing.EndToEndTests" time="109.064"/>
  <testcase name="deduplicateChecksMergabilityCorrectly()" classname="org.key_project.slicing.EndToEndTests" time="16.571"/>
  <testcase name="sliceDuplicatesAway()" classname="org.key_project.slicing.EndToEndTests" time="65.545"/>
  <testcase name="sliceMultipleIterations()" classname="org.key_project.slicing.EndToEndTests" time="102.255"/>
  <testcase name="sliceDuplicatesAwayOpenGoals()" classname="org.key_project.slicing.EndToEndTests" time="64.714"/>
  <testcase name="sliceCutExample()" classname="org.key_project.slicing.EndToEndTests" time="15.572"/>
  <testcase name="sliceAgathaWithOpenGoal()" classname="org.key_project.slicing.EndToEndTests" time="16.073"/>
  <testcase name="sliceSimpleSMT()" classname="org.key_project.slicing.EndToEndTests" time="0.077"/>
  <testcase name="sliceWithOpenGoal()" classname="org.key_project.slicing.EndToEndTests" time="31.514"/>
  <testcase name="sliceAgatha()" classname="org.key_project.slicing.EndToEndTests" time="16.036"/>
  <testcase name="sliceJavaProof()" classname="org.key_project.slicing.EndToEndTests" time="20.63"/>
  <system-out><![CDATA[[13:33:00.857] ?[34mINFO ?[0;39m ?[36mEndToEndTests?[0;39m - Loading D:\a\key\key\keyext.slicing\src\test\resources\testcase\ifThenElseSplit.proof
[13:33:01.264] ?[31mWARN ?[0;39m ?[36mProofIndependentSettings?[0;39m - The settings in C:\Users\runneradmin\.key\proofIndependentSettings.props are *not* read due to flag 'key.disregardSettings'
[13:33:01.279] ?[34mINFO ?[0;39m ?[36mAbstractProblemLoader?[0;39m - Loading environment from src\test\resources\testcase\ifThenElseSplit.proof
[13:33:02.076] ?[34mINFO ?[0;39m ?[36mAbstractProblemLoader?[0;39m - Creating init config
[13:33:02.186] ?[31mWARN ?[0;39m ?[36mProofSettings?[0;39m - The settings in C:\Users\runneradmin\.key\proof-settings.props are *not* read.
[13:33:22.674] ?[34mINFO ?[0;39m ?[36mAbstractProblemLoader?[0;39m - Replaying proof ifThenElseSplit.proof
[13:33:28.898] ?[34mINFO ?[0;39m ?[36mKeyStrokeSettings?[0;39m - Save keyboard shortcuts to: C:\Users\runneradmin\.key\keystrokes.properties
[13:33:29.071] ?[34mINFO ?[0;39m ?[36mAbstractProblemLoader?[0;39m - Loading environment from C:\Users\RUNNER~1\AppData\Local\Temp\proof15186992237844861153.proof
[13:33:29.101] ?[34mINFO ?[0;39m ?[36mAbstractProblemLoader?[0;39m - Creating init config
[13:33:35.533] ?[34mINFO ?[0;39m ?[36mAbstractProblemLoader?[0;39m - Replaying proof proof15186992237844861153.proof
[13:33:35.564] ?[34mINFO ?[0;39m ?[36mAbstractProblemLoader?[0;39m - Loading environment from C:\Users\RUNNER~1\AppData\Local\Temp\KeYslice895180055140680469\ifThenElseSplit_slice1.proof
[13:33:35.564] ?[34mINFO ?[0;39m ?[36mAbstractProblemLoader?[0;39m - Creating init config
[13:33:41.691] ?[34mINFO ?[0;39m ?[36mAbstractProblemLoader?[0;39m - Replaying proof ifThenElseSplit_slice1.proof
[13:33:41.707] ?[34mINFO ?[0;39m ?[36mEndToEndTests?[0;39m - Loading D:\a\key\key\keyext.slicing\src\test\resources\testcase\ifThenElseSplit.proof
[13:33:41.707] ?[34mINFO ?[0;39m ?[36mAbstractProblemLoader?[0;39m - Loading environment from src\test\resources\testcase\ifThenElseSplit.proof
[13:33:41.707] ?[34mINFO ?[0;39m ?[36mAbstractProblemLoader?[0;39m - Creating init config
[13:33:47.609] ?[34mINFO ?[0;39m ?[36mAbstractProblemLoader?[0;39m - Replaying proof ifThenElseSplit.proof
[13:33:47.656] ?[34mINFO ?[0;39m ?[36mDependencyAnalyzer?[0;39m - merging 2 and 3
[13:33:47.671] ?[34mINFO ?[0;39m ?[36mAbstractProblemLoader?[0;39m - Loading environment from C:\Users\RUNNER~1\AppData\Local\Temp\proof15828142268249618693.proof
[13:33:47.671] ?[34mINFO ?[0;39m ?[36mAbstractProblemLoader?[0;39m - Creating init config
[13:33:53.710] ?[34mINFO ?[0;39m ?[36mAbstractProblemLoader?[0;39m - Replaying proof proof15828142268249618693.proof
[13:33:53.741] ?[34mINFO ?[0;39m ?[36mAbstractProblemLoader?[0;39m - Loading environment from C:\Users\RUNNER~1\AppData\Local\Temp\KeYslice13240363013374049389\ifThenElseSplit_slice1.proof
[13:33:53.741] ?[34mINFO ?[0;39m ?[36mAbstractProblemLoader?[0;39m - Creating init config
[13:33:59.505] ?[34mINFO ?[0;39m ?[36mAbstractProblemLoader?[0;39m - Replaying proof ifThenElseSplit_slice1.proof
[13:33:59.520] ?[34mINFO ?[0;39m ?[36mEndToEndTests?[0;39m - Loading C:\Users\RUNNER~1\AppData\Local\Temp\KeYslice13240363013374049389\ifThenElseSplit_slice1.proof
[13:33:59.520] ?[34mINFO ?[0;39m ?[36mAbstractProblemLoader?[0;39m - Loading environment from C:\Users\RUNNER~1\AppData\Local\Temp\KeYslice13240363013374049389\ifThenElseSplit_slice1.proof
[13:33:59.520] ?[34mINFO ?[0;39m ?[36mAbstractProblemLoader?[0;39m - Creating init config
[13:34:05.220] ?[34mINFO ?[0;39m ?[36mAbstractProblemLoader?[0;39m - Replaying proof ifThenElseSplit_slice1.proof
[13:34:05.251] ?[34mINFO ?[0;39m ?[36mDependencyAnalyzer?[0;39m - merging 3 and 4
[13:34:05.251] ?[34mINFO ?[0;39m ?[36mAbstractProblemLoader?[0;39m - Loading environment from C:\Users\RUNNER~1\AppData\Local\Temp\proof13853815944805143456.proof
[13:34:05.267] ?[34mINFO ?[0;39m ?[36mAbstractProblemLoader?[0;39m - Creating init config
[13:34:10.835] ?[34mINFO ?[0;39m ?[36mAbstractProblemLoader?[0;39m - Replaying proof proof13853815944805143456.proof
[13:34:10.866] ?[34mINFO ?[0;39m ?[36mAbstractProblemLoader?[0;39m - Loading environment from C:\Users\RUNNER~1\AppData\Local\Temp\KeYslice5498898598251866493\ifThenElseSplit_slice2.proof
[13:34:10.882] ?[34mINFO ?[0;39m ?[36mAbstractProblemLoader?[0;39m - Creating init config
[13:34:16.581] ?[34mINFO ?[0;39m ?[36mAbstractProblemLoader?[0;39m - Replaying proof ifThenElseSplit_slice2.proof
[13:34:16.612] ?[34mINFO ?[0;39m ?[36mEndToEndTests?[0;39m - Loading C:\Users\RUNNER~1\AppData\Local\Temp\KeYslice5498898598251866493\ifThenElseSplit_slice2.proof
[13:34:16.612] ?[34mINFO ?[0;39m ?[36mAbstractProblemLoader?[0;39m - Loading environment from C:\Users\RUNNER~1\AppData\Local\Temp\KeYslice5498898598251866493\ifThenElseSplit_slice2.proof
[13:34:16.612] ?[34mINFO ?[0;39m ?[36mAbstractProblemLoader?[0;39m - Creating init config
[13:34:22.374] ?[34mINFO ?[0;39m ?[36mAbstractProblemLoader?[0;39m - Replaying proof ifThenElseSplit_slice2.proof
[13:34:22.406] ?[34mINFO ?[0;39m ?[36mDependencyAnalyzer?[0;39m - merging 4 and 5
[13:34:22.406] ?[34mINFO ?[0;39m ?[36mAbstractProblemLoader?[0;39m - Loading environment from C:\Users\RUNNER~1\AppData\Local\Temp\proof13210880610786141173.proof
[13:34:22.421] ?[34mINFO ?[0;39m ?[36mAbstractProblemLoader?[0;39m - Creating init config
[13:34:27.904] ?[34mINFO ?[0;39m ?[36mAbstractProblemLoader?[0;39m - Replaying proof proof13210880610786141173.proof
[13:34:27.935] ?[34mINFO ?[0;39m ?[36mAbstractProblemLoader?[0;39m - Loading environment from C:\Users\RUNNER~1\AppData\Local\Temp\KeYslice2480103358622878134\ifThenElseSplit_slice3.proof
[13:34:27.935] ?[34mINFO ?[0;39m ?[36mAbstractProblemLoader?[0;39m - Creating init config
[13:34:33.535] ?[34mINFO ?[0;39m ?[36mAbstractProblemLoader?[0;39m - Replaying proof ifThenElseSplit_slice3.proof
[13:34:33.550] ?[34mINFO ?[0;39m ?[36mEndToEndTests?[0;39m - Loading C:\Users\RUNNER~1\AppData\Local\Temp\KeYslice2480103358622878134\ifThenElseSplit_slice3.proof
[13:34:33.566] ?[34mINFO ?[0;39m ?[36mAbstractProblemLoader?[0;39m - Loading environment from C:\Users\RUNNER~1\AppData\Local\Temp\KeYslice2480103358622878134\ifThenElseSplit_slice3.proof
[13:34:33.566] ?[34mINFO ?[0;39m ?[36mAbstractProblemLoader?[0;39m - Creating init config
[13:34:39.010] ?[34mINFO ?[0;39m ?[36mAbstractProblemLoader?[0;39m - Replaying proof ifThenElseSplit_slice3.proof
[13:34:39.041] ?[34mINFO ?[0;39m ?[36mDependencyAnalyzer?[0;39m - merging 5 and 6
[13:34:39.041] ?[34mINFO ?[0;39m ?[36mAbstractProblemLoader?[0;39m - Loading environment from C:\Users\RUNNER~1\AppData\Local\Temp\proof1713127853550179640.proof
[13:34:39.041] ?[34mINFO ?[0;39m ?[36mAbstractProblemLoader?[0;39m - Creating init config
[13:34:44.398] ?[34mINFO ?[0;39m ?[36mAbstractProblemLoader?[0;39m - Replaying proof proof1713127853550179640.proof
[13:34:44.429] ?[34mINFO ?[0;39m ?[36mAbstractProblemLoader?[0;39m - Loading environment from C:\Users\RUNNER~1\AppData\Local\Temp\KeYslice9515132863567415530\ifThenElseSplit_slice4.proof
[13:34:44.429] ?[34mINFO ?[0;39m ?[36mAbstractProblemLoader?[0;39m - Creating init config
[13:34:49.885] ?[34mINFO ?[0;39m ?[36mAbstractProblemLoader?[0;39m - Replaying proof ifThenElseSplit_slice4.proof
[13:34:49.916] ?[34mINFO ?[0;39m ?[36mEndToEndTests?[0;39m - Loading D:\a\key\key\keyext.slicing\src\test\resources\testcase\deduplicateCheck4.proof
[13:34:49.916] ?[34mINFO ?[0;39m ?[36mAbstractProblemLoader?[0;39m - Loading environment from src\test\resources\testcase\deduplicateCheck4.proof
[13:34:49.916] ?[34mINFO ?[0;39m ?[36mAbstractProblemLoader?[0;39m - Creating init config
[13:34:55.347] ?[34mINFO ?[0;39m ?[36mAbstractProblemLoader?[0;39m - Replaying proof deduplicateCheck4.proof
[13:34:55.378] ?[34mINFO ?[0;39m ?[36mAbstractProblemLoader?[0;39m - Loading environment from C:\Users\RUNNER~1\AppData\Local\Temp\proof7584128670775265118.proof
[13:34:55.394] ?[34mINFO ?[0;39m ?[36mAbstractProblemLoader?[0;39m - Creating init config
[13:35:00.910] ?[34mINFO ?[0;39m ?[36mAbstractProblemLoader?[0;39m - Replaying proof proof7584128670775265118.proof
[13:35:00.926] ?[34mINFO ?[0;39m ?[36mAbstractProblemLoader?[0;39m - Loading environment from C:\Users\RUNNER~1\AppData\Local\Temp\KeYslice10127875294624478706\deduplicateCheck4_slice1.proof
[13:35:00.941] ?[34mINFO ?[0;39m ?[36mAbstractProblemLoader?[0;39m - Creating init config
[13:35:06.476] ?[34mINFO ?[0;39m ?[36mAbstractProblemLoader?[0;39m - Replaying proof deduplicateCheck4_slice1.proof
[13:35:06.507] ?[34mINFO ?[0;39m ?[36mEndToEndTests?[0;39m - Loading D:\a\key\key\keyext.slicing\src\test\resources\testcase\exampleDuplicate.proof
[13:35:06.507] ?[34mINFO ?[0;39m ?[36mAbstractProblemLoader?[0;39m - Loading environment from src\test\resources\testcase\exampleDuplicate.proof
[13:35:06.507] ?[34mINFO ?[0;39m ?[36mAbstractProblemLoader?[0;39m - Creating init config
[13:35:11.852] ?[34mINFO ?[0;39m ?[36mAbstractProblemLoader?[0;39m - Replaying proof exampleDuplicate.proof
[13:35:11.883] ?[34mINFO ?[0;39m ?[36mDependencyAnalyzer?[0;39m - merging 2 and 3
[13:35:11.883] ?[34mINFO ?[0;39m ?[36mAbstractProblemLoader?[0;39m - Loading environment from C:\Users\RUNNER~1\AppData\Local\Temp\proof7461898427891202412.proof
[13:35:11.898] ?[34mINFO ?[0;39m ?[36mAbstractProblemLoader?[0;39m - Creating init config
[13:35:17.346] ?[34mINFO ?[0;39m ?[36mAbstractProblemLoader?[0;39m - Replaying proof proof7461898427891202412.proof
[13:35:17.393] ?[34mINFO ?[0;39m ?[36mAbstractProblemLoader?[0;39m - Loading environment from C:\Users\RUNNER~1\AppData\Local\Temp\KeYslice1203935639681837214\exampleDuplicate_slice1.proof
[13:35:17.393] ?[34mINFO ?[0;39m ?[36mAbstractProblemLoader?[0;39m - Creating init config
[13:35:22.795] ?[34mINFO ?[0;39m ?[36mAbstractProblemLoader?[0;39m - Replaying proof exampleDuplicate_slice1.proof
[13:35:22.826] ?[34mINFO ?[0;39m ?[36mEndToEndTests?[0;39m - Loading C:\Users\RUNNER~1\AppData\Local\Temp\KeYslice1203935639681837214\exampleDuplicate_slice1.proof
[13:35:22.826] ?[34mINFO ?[0;39m ?[36mAbstractProblemLoader?[0;39m - Loading environment from C:\Users\RUNNER~1\AppData\Local\Temp\KeYslice1203935639681837214\exampleDuplicate_slice1.proof
[13:35:22.826] ?[34mINFO ?[0;39m ?[36mAbstractProblemLoader?[0;39m - Creating init config
[13:35:28.336] ?[34mINFO ?[0;39m ?[36mAbstractProblemLoader?[0;39m - Replaying proof exampleDuplicate_slice1.proof
[13:35:28.352] ?[34mINFO ?[0;39m ?[36mDependencyAnalyzer?[0;39m - merging 3 and 4
[13:35:28.368] ?[34mINFO ?[0;39m ?[36mAbstractProblemLoader?[0;39m - Loading environment from C:\Users\RUNNER~1\AppData\Local\Temp\proof32432837037668732.proof
[13:35:28.368] ?[34mINFO ?[0;39m ?[36mAbstractProblemLoader?[0;39m - Creating init config
[13:35:33.796] ?[34mINFO ?[0;39m ?[36mAbstractProblemLoader?[0;39m - Replaying proof proof32432837037668732.proof
[13:35:33.812] ?[34mINFO ?[0;39m ?[36mAbstractProblemLoader?[0;39m - Loading environment from C:\Users\RUNNER~1\AppData\Local\Temp\KeYslice18427322504194475470\exampleDuplicate_slice2.proof
[13:35:33.812] ?[34mINFO ?[0;39m ?[36mAbstractProblemLoader?[0;39m - Creating init config
[13:35:39.258] ?[34mINFO ?[0;39m ?[36mAbstractProblemLoader?[0;39m - Replaying proof exampleDuplicate_slice2.proof
[13:35:39.289] ?[34mINFO ?[0;39m ?[36mEndToEndTests?[0;39m - Loading C:\Users\RUNNER~1\AppData\Local\Temp\KeYslice18427322504194475470\exampleDuplicate_slice2.proof
[13:35:39.289] ?[34mINFO ?[0;39m ?[36mAbstractProblemLoader?[0;39m - Loading environment from C:\Users\RUNNER~1\AppData\Local\Temp\KeYslice18427322504194475470\exampleDuplicate_slice2.proof
[13:35:39.289] ?[34mINFO ?[0;39m ?[36mAbstractProblemLoader?[0;39m - Creating init config
[13:35:44.732] ?[34mINFO ?[0;39m ?[36mAbstractProblemLoader?[0;39m - Replaying proof exampleDuplicate_slice2.proof
[13:35:44.763] ?[34mINFO ?[0;39m ?[36mDependencyAnalyzer?[0;39m - merging 4 and 5
[13:35:44.763] ?[34mINFO ?[0;39m ?[36mAbstractProblemLoader?[0;39m - Loading environment from C:\Users\RUNNER~1\AppData\Local\Temp\proof12471191042421894607.proof
[13:35:44.779] ?[34mINFO ?[0;39m ?[36mAbstractProblemLoader?[0;39m - Creating init config
[13:35:50.165] ?[34mINFO ?[0;39m ?[36mAbstractProblemLoader?[0;39m - Replaying proof proof12471191042421894607.proof
[13:35:50.181] ?[34mINFO ?[0;39m ?[36mAbstractProblemLoader?[0;39m - Loading environment from C:\Users\RUNNER~1\AppData\Local\Temp\KeYslice12381856297678590142\exampleDuplicate_slice3.proof
[13:35:50.196] ?[34mINFO ?[0;39m ?[36mAbstractProblemLoader?[0;39m - Creating init config
[13:35:55.641] ?[34mINFO ?[0;39m ?[36mAbstractProblemLoader?[0;39m - Replaying proof exampleDuplicate_slice3.proof
[13:35:55.656] ?[34mINFO ?[0;39m ?[36mEndToEndTests?[0;39m - Loading C:\Users\RUNNER~1\AppData\Local\Temp\KeYslice12381856297678590142\exampleDuplicate_slice3.proof
[13:35:55.656] ?[34mINFO ?[0;39m ?[36mAbstractProblemLoader?[0;39m - Loading environment from C:\Users\RUNNER~1\AppData\Local\Temp\KeYslice12381856297678590142\exampleDuplicate_slice3.proof
[13:35:55.672] ?[34mINFO ?[0;39m ?[36mAbstractProblemLoader?[0;39m - Creating init config
[13:36:01.089] ?[34mINFO ?[0;39m ?[36mAbstractProblemLoader?[0;39m - Replaying proof exampleDuplicate_slice3.proof
[13:36:01.113] ?[34mINFO ?[0;39m ?[36mAbstractProblemLoader?[0;39m - Loading environment from C:\Users\RUNNER~1\AppData\Local\Temp\proof2619572201523359511.proof
[13:36:01.113] ?[34mINFO ?[0;39m ?[36mAbstractProblemLoader?[0;39m - Creating init config
[13:36:06.574] ?[34mINFO ?[0;39m ?[36mAbstractProblemLoader?[0;39m - Replaying proof proof2619572201523359511.proof
[13:36:06.605] ?[34mINFO ?[0;39m ?[36mAbstractProblemLoader?[0;39m - Loading environment from C:\Users\RUNNER~1\AppData\Local\Temp\KeYslice14483611269979218794\exampleDuplicate_slice4.proof
[13:36:06.605] ?[34mINFO ?[0;39m ?[36mAbstractProblemLoader?[0;39m - Creating init config
[13:36:12.006] ?[34mINFO ?[0;39m ?[36mAbstractProblemLoader?[0;39m - Replaying proof exampleDuplicate_slice4.proof
[13:36:12.037] ?[34mINFO ?[0;39m ?[36mEndToEndTests?[0;39m - Loading D:\a\key\key\keyext.slicing\src\test\resources\testcase\..\..\..\..\..\key.ui\examples\firstTouch\05-ReverseArray\reverseArray.proof
[13:36:12.037] ?[34mINFO ?[0;39m ?[36mAbstractProblemLoader?[0;39m - Loading environment from src\test\resources\testcase\..\..\..\..\..\key.ui\examples\firstTouch\05-ReverseArray\reverseArray.proof
[13:36:12.037] ?[34mINFO ?[0;39m ?[36mAbstractProblemLoader?[0;39m - Creating init config
[13:36:18.059] ?[34mINFO ?[0;39m ?[36mAbstractProblemLoader?[0;39m - Replaying proof ReverseArray[ReverseArray::reverse()].JML normal_behavior operation contract.0
[13:36:20.718] ?[34mINFO ?[0;39m ?[36mDependencyAnalyzer?[0;39m - merging 1010 and 4663
[13:36:20.733] ?[34mINFO ?[0;39m ?[36mDependencyAnalyzer?[0;39m - merging 2591 and 3795
[13:36:20.749] ?[34mINFO ?[0;39m ?[36mDependencyAnalyzer?[0;39m - merging 3958 and 4306
[13:36:20.749] ?[34mINFO ?[0;39m ?[36mDependencyAnalyzer?[0;39m - merging 1354 and 4678
[13:36:20.858] ?[34mINFO ?[0;39m ?[36mAbstractProblemLoader?[0;39m - Loading environment from C:\Users\RUNNER~1\AppData\Local\Temp\proof3198243879177301489.proof
[13:36:20.874] ?[34mINFO ?[0;39m ?[36mAbstractProblemLoader?[0;39m - Creating init config
[13:36:26.863] ?[34mINFO ?[0;39m ?[36mAbstractProblemLoader?[0;39m - Replaying proof ReverseArray[ReverseArray::reverse()].JML normal_behavior operation contract.0
[13:36:28.271] ?[34mINFO ?[0;39m ?[36mAbstractProblemLoader?[0;39m - Loading environment from C:\Users\RUNNER~1\AppData\Local\Temp\KeYslice17111684846029067254\reverseArray_slice1.proof
[13:36:28.271] ?[34mINFO ?[0;39m ?[36mAbstractProblemLoader?[0;39m - Creating init config
[13:36:34.150] ?[34mINFO ?[0;39m ?[36mAbstractProblemLoader?[0;39m - Replaying proof ReverseArray[ReverseArray::reverse()].JML normal_behavior operation contract.0
[13:36:35.229] ?[34mINFO ?[0;39m ?[36mEndToEndTests?[0;39m - Loading C:\Users\RUNNER~1\AppData\Local\Temp\KeYslice17111684846029067254\reverseArray_slice1.proof
[13:36:35.245] ?[34mINFO ?[0;39m ?[36mAbstractProblemLoader?[0;39m - Loading environment from C:\Users\RUNNER~1\AppData\Local\Temp\KeYslice17111684846029067254\reverseArray_slice1.proof
[13:36:35.245] ?[34mINFO ?[0;39m ?[36mAbstractProblemLoader?[0;39m - Creating init config
[13:36:41.145] ?[34mINFO ?[0;39m ?[36mAbstractProblemLoader?[0;39m - Replaying proof ReverseArray[ReverseArray::reverse()].JML normal_behavior operation contract.0
[13:36:42.229] ?[34mINFO ?[0;39m ?[36mDependencyAnalyzer?[0;39m - merging 2219 and 2914
[13:36:42.244] ?[34mINFO ?[0;39m ?[36mDependencyAnalyzer?[0;39m - merging 880 and 3479
[13:36:42.244] ?[34mINFO ?[0;39m ?[36mDependencyAnalyzer?[0;39m - merging 1281 and 3384
[13:36:42.260] ?[34mINFO ?[0;39m ?[36mDependencyAnalyzer?[0;39m - merging 943 and 3370
[13:36:42.276] ?[34mINFO ?[0;39m ?[36mDependencyAnalyzer?[0;39m - merging 2973 and 3148
[13:36:42.276] ?[34mINFO ?[0;39m ?[36mDependencyAnalyzer?[0;39m - merging 879 and 3473
[13:36:42.291] ?[34mINFO ?[0;39m ?[36mDependencyAnalyzer?[0;39m - merging 947 and 3782
[13:36:42.323] ?[34mINFO ?[0;39m ?[36mAbstractProblemLoader?[0;39m - Loading environment from C:\Users\RUNNER~1\AppData\Local\Temp\proof10132724936238405720.proof
[13:36:42.323] ?[34mINFO ?[0;39m ?[36mAbstractProblemLoader?[0;39m - Creating init config
[13:36:48.199] ?[34mINFO ?[0;39m ?[36mAbstractProblemLoader?[0;39m - Replaying proof ReverseArray[ReverseArray::reverse()].JML normal_behavior operation contract.0
[13:36:49.083] ?[34mINFO ?[0;39m ?[36mAbstractProblemLoader?[0;39m - Loading environment from C:\Users\RUNNER~1\AppData\Local\Temp\KeYslice18340963144017930936\reverseArray_slice2.proof
[13:36:49.099] ?[34mINFO ?[0;39m ?[36mAbstractProblemLoader?[0;39m - Creating init config
[13:36:54.858] ?[34mINFO ?[0;39m ?[36mAbstractProblemLoader?[0;39m - Replaying proof ReverseArray[ReverseArray::reverse()].JML normal_behavior operation contract.0
[13:36:55.774] ?[34mINFO ?[0;39m ?[36mEndToEndTests?[0;39m - Loading C:\Users\RUNNER~1\AppData\Local\Temp\KeYslice18340963144017930936\reverseArray_slice2.proof
[13:36:55.774] ?[34mINFO ?[0;39m ?[36mAbstractProblemLoader?[0;39m - Loading environment from C:\Users\RUNNER~1\AppData\Local\Temp\KeYslice18340963144017930936\reverseArray_slice2.proof
[13:36:55.774] ?[34mINFO ?[0;39m ?[36mAbstractProblemLoader?[0;39m - Creating init config
[13:37:01.564] ?[34mINFO ?[0;39m ?[36mAbstractProblemLoader?[0;39m - Replaying proof ReverseArray[ReverseArray::reverse()].JML normal_behavior operation contract.0
[13:37:02.472] ?[34mINFO ?[0;39m ?[36mDependencyAnalyzer?[0;39m - merging 949 and 3776
[13:37:02.472] ?[34mINFO ?[0;39m ?[36mDependencyAnalyzer?[0;39m - merging 2220 and 2914
[13:37:02.472] ?[34mINFO ?[0;39m ?[36mDependencyAnalyzer?[0;39m - merging 1301 and 3381
[13:37:02.487] ?[34mINFO ?[0;39m ?[36mDependencyAnalyzer?[0;39m - merging 782 and 3554
[13:37:02.503] ?[34mINFO ?[0;39m ?[36mDependencyAnalyzer?[0;39m - merging 946 and 3368
[13:37:02.503] ?[34mINFO ?[0;39m ?[36mDependencyAnalyzer?[0;39m - merging 781 and 3569
[13:37:02.519] ?[34mINFO ?[0;39m ?[36mDependencyAnalyzer?[0;39m - merging 2973 and 3147
[13:37:02.519] ?[34mINFO ?[0;39m ?[36mDependencyAnalyzer?[0;39m - merging 882 and 3474
[13:37:02.534] ?[34mINFO ?[0;39m ?[36mDependencyAnalyzer?[0;39m - merging 883 and 3469
[13:37:02.554] ?[34mINFO ?[0;39m ?[36mAbstractProblemLoader?[0;39m - Loading environment from C:\Users\RUNNER~1\AppData\Local\Temp\proof7579380117022588471.proof
[13:37:02.566] ?[34mINFO ?[0;39m ?[36mAbstractProblemLoader?[0;39m - Creating init config
[13:37:08.446] ?[34mINFO ?[0;39m ?[36mAbstractProblemLoader?[0;39m - Replaying proof ReverseArray[ReverseArray::reverse()].JML normal_behavior operation contract.0
[13:37:09.165] ?[34mINFO ?[0;39m ?[36mAbstractProblemLoader?[0;39m - Loading environment from C:\Users\RUNNER~1\AppData\Local\Temp\KeYslice14747792755955935860\reverseArray_slice3.proof
[13:37:09.165] ?[34mINFO ?[0;39m ?[36mAbstractProblemLoader?[0;39m - Creating init config
[13:37:14.875] ?[34mINFO ?[0;39m ?[36mAbstractProblemLoader?[0;39m - Replaying proof ReverseArray[ReverseArray::reverse()].JML normal_behavior operation contract.0
[13:37:15.641] ?[34mINFO ?[0;39m ?[36mEndToEndTests?[0;39m - Loading C:\Users\RUNNER~1\AppData\Local\Temp\KeYslice14747792755955935860\reverseArray_slice3.proof
[13:37:15.641] ?[34mINFO ?[0;39m ?[36mAbstractProblemLoader?[0;39m - Loading environment from C:\Users\RUNNER~1\AppData\Local\Temp\KeYslice14747792755955935860\reverseArray_slice3.proof
[13:37:15.641] ?[34mINFO ?[0;39m ?[36mAbstractProblemLoader?[0;39m - Creating init config
[13:37:21.366] ?[34mINFO ?[0;39m ?[36mAbstractProblemLoader?[0;39m - Replaying proof ReverseArray[ReverseArray::reverse()].JML normal_behavior operation contract.0
[13:37:22.148] ?[34mINFO ?[0;39m ?[36mDependencyAnalyzer?[0;39m - merging 1302 and 3378
[13:37:22.148] ?[34mINFO ?[0;39m ?[36mDependencyAnalyzer?[0;39m - merging 2973 and 3146
[13:37:22.164] ?[34mINFO ?[0;39m ?[36mDependencyAnalyzer?[0;39m - merging 757 and 3657
[13:37:22.164] ?[34mINFO ?[0;39m ?[36mDependencyAnalyzer?[0;39m - merging 785 and 3548
[13:37:22.164] ?[34mINFO ?[0;39m ?[36mDependencyAnalyzer?[0;39m - merging 886 and 3465
[13:37:22.179] ?[34mINFO ?[0;39m ?[36mDependencyAnalyzer?[0;39m - merging 885 and 3469
[13:37:22.179] ?[34mINFO ?[0;39m ?[36mDependencyAnalyzer?[0;39m - merging 784 and 3562
[13:37:22.179] ?[34mINFO ?[0;39m ?[36mDependencyAnalyzer?[0;39m - merging 1296 and 3803
[13:37:22.195] ?[34mINFO ?[0;39m ?[36mDependencyAnalyzer?[0;39m - merging 1285 and 3379
[13:37:22.195] ?[34mINFO ?[0;39m ?[36mDependencyAnalyzer?[0;39m - merging 2221 and 2914
[13:37:22.195] ?[34mINFO ?[0;39m ?[36mDependencyAnalyzer?[0;39m - merging 756 and 3651
[13:37:22.210] ?[34mINFO ?[0;39m ?[36mAbstractProblemLoader?[0;39m - Loading environment from C:\Users\RUNNER~1\AppData\Local\Temp\proof14379275406337191375.proof
[13:37:22.226] ?[34mINFO ?[0;39m ?[36mAbstractProblemLoader?[0;39m - Creating init config
[13:37:28.032] ?[34mINFO ?[0;39m ?[36mAbstractProblemLoader?[0;39m - Replaying proof ReverseArray[ReverseArray::reverse()].JML normal_behavior operation contract.0
[13:37:28.715] ?[34mINFO ?[0;39m ?[36mAbstractProblemLoader?[0;39m - Loading environment from C:\Users\RUNNER~1\AppData\Local\Temp\KeYslice16452722428498864533\reverseArray_slice4.proof
[13:37:28.715] ?[34mINFO ?[0;39m ?[36mAbstractProblemLoader?[0;39m - Creating init config
[13:37:34.444] ?[34mINFO ?[0;39m ?[36mAbstractProblemLoader?[0;39m - Replaying proof ReverseArray[ReverseArray::reverse()].JML normal_behavior operation contract.0
[13:37:35.114] ?[34mINFO ?[0;39m ?[36mEndToEndTests?[0;39m - Loading C:\Users\RUNNER~1\AppData\Local\Temp\KeYslice16452722428498864533\reverseArray_slice4.proof
[13:37:35.114] ?[34mINFO ?[0;39m ?[36mAbstractProblemLoader?[0;39m - Loading environment from C:\Users\RUNNER~1\AppData\Local\Temp\KeYslice16452722428498864533\reverseArray_slice4.proof
[13:37:35.130] ?[34mINFO ?[0;39m ?[36mAbstractProblemLoader?[0;39m - Creating init config
[13:37:40.759] ?[34mINFO ?[0;39m ?[36mAbstractProblemLoader?[0;39m - Replaying proof ReverseArray[ReverseArray::reverse()].JML normal_behavior operation contract.0
[13:37:41.377] ?[34mINFO ?[0;39m ?[36mDependencyAnalyzer?[0;39m - merging 2973 and 3145
[13:37:41.377] ?[34mINFO ?[0;39m ?[36mDependencyAnalyzer?[0;39m - merging 760 and 3648
[13:37:41.392] ?[34mINFO ?[0;39m ?[36mDependencyAnalyzer?[0;39m - merging 621 and 3786
[13:37:41.392] ?[34mINFO ?[0;39m ?[36mDependencyAnalyzer?[0;39m - merging 2222 and 2914
[13:37:41.408] ?[34mINFO ?[0;39m ?[36mDependencyAnalyzer?[0;39m - merging 889 and 3465
[13:37:41.408] ?[34mINFO ?[0;39m ?[36mDependencyAnalyzer?[0;39m - merging 1396 and 3388
[13:37:41.408] ?[34mINFO ?[0;39m ?[36mDependencyAnalyzer?[0;39m - merging 787 and 3542
[13:37:41.424] ?[34mINFO ?[0;39m ?[36mDependencyAnalyzer?[0;39m - merging 1298 and 3793
[13:37:41.424] ?[34mINFO ?[0;39m ?[36mDependencyAnalyzer?[0;39m - merging 788 and 3555
[13:37:41.439] ?[34mINFO ?[0;39m ?[36mDependencyAnalyzer?[0;39m - merging 759 and 3643
[13:37:41.439] ?[34mINFO ?[0;39m ?[36mDependencyAnalyzer?[0;39m - merging 888 and 3464
[13:37:41.455] ?[34mINFO ?[0;39m ?[36mDependencyAnalyzer?[0;39m - merging 1288 and 3376
[13:37:41.455] ?[34mINFO ?[0;39m ?[36mAbstractProblemLoader?[0;39m - Loading environment from C:\Users\RUNNER~1\AppData\Local\Temp\proof16564791952359232741.proof
[13:37:41.470] ?[34mINFO ?[0;39m ?[36mAbstractProblemLoader?[0;39m - Creating init config
[13:37:47.331] ?[34mINFO ?[0;39m ?[36mAbstractProblemLoader?[0;39m - Replaying proof ReverseArray[ReverseArray::reverse()].JML normal_behavior operation contract.0
[13:37:48.015] ?[34mINFO ?[0;39m ?[36mAbstractProblemLoader?[0;39m - Loading environment from C:\Users\RUNNER~1\AppData\Local\Temp\KeYslice5302967789301280346\reverseArray_slice5.proof
[13:37:48.015] ?[34mINFO ?[0;39m ?[36mAbstractProblemLoader?[0;39m - Creating init config
[13:37:53.699] ?[34mINFO ?[0;39m ?[36mAbstractProblemLoader?[0;39m - Replaying proof ReverseArray[ReverseArray::reverse()].JML normal_behavior operation contract.0
[13:37:54.295] ?[34mINFO ?[0;39m ?[36mEndToEndTests?[0;39m - Loading D:\a\key\key\keyext.slicing\src\test\resources\testcase\exampleDuplicateOpen.proof
[13:37:54.295] ?[34mINFO ?[0;39m ?[36mAbstractProblemLoader?[0;39m - Loading environment from src\test\resources\testcase\exampleDuplicateOpen.proof
[13:37:54.295] ?[34mINFO ?[0;39m ?[36mAbstractProblemLoader?[0;39m - Creating init config
[13:37:59.781] ?[34mINFO ?[0;39m ?[36mAbstractProblemLoader?[0;39m - Replaying proof exampleDuplicateOpen.proof
[13:37:59.797] ?[34mINFO ?[0;39m ?[36mDependencyAnalyzer?[0;39m - merging 2 and 3
[13:37:59.813] ?[34mINFO ?[0;39m ?[36mAbstractProblemLoader?[0;39m - Loading environment from C:\Users\RUNNER~1\AppData\Local\Temp\proof17705105961394204209.proof
[13:37:59.813] ?[34mINFO ?[0;39m ?[36mAbstractProblemLoader?[0;39m - Creating init config
[13:38:05.271] ?[34mINFO ?[0;39m ?[36mAbstractProblemLoader?[0;39m - Replaying proof proof17705105961394204209.proof
[13:38:05.286] ?[34mINFO ?[0;39m ?[36mAbstractProblemLoader?[0;39m - Loading environment from C:\Users\RUNNER~1\AppData\Local\Temp\KeYslice3328781287465321594\exampleDuplicateOpen_slice1.proof
[13:38:05.286] ?[34mINFO ?[0;39m ?[36mAbstractProblemLoader?[0;39m - Creating init config
[13:38:10.646] ?[34mINFO ?[0;39m ?[36mAbstractProblemLoader?[0;39m - Replaying proof exampleDuplicateOpen_slice1.proof
[13:38:10.661] ?[34mINFO ?[0;39m ?[36mEndToEndTests?[0;39m - Loading C:\Users\RUNNER~1\AppData\Local\Temp\KeYslice3328781287465321594\exampleDuplicateOpen_slice1.proof
[13:38:10.661] ?[34mINFO ?[0;39m ?[36mAbstractProblemLoader?[0;39m - Loading environment from C:\Users\RUNNER~1\AppData\Local\Temp\KeYslice3328781287465321594\exampleDuplicateOpen_slice1.proof
[13:38:10.677] ?[34mINFO ?[0;39m ?[36mAbstractProblemLoader?[0;39m - Creating init config
[13:38:16.094] ?[34mINFO ?[0;39m ?[36mAbstractProblemLoader?[0;39m - Replaying proof exampleDuplicateOpen_slice1.proof
[13:38:16.110] ?[34mINFO ?[0;39m ?[36mDependencyAnalyzer?[0;39m - merging 3 and 4
[13:38:16.110] ?[34mINFO ?[0;39m ?[36mAbstractProblemLoader?[0;39m - Loading environment from C:\Users\RUNNER~1\AppData\Local\Temp\proof2748091559898802975.proof
[13:38:16.110] ?[34mINFO ?[0;39m ?[36mAbstractProblemLoader?[0;39m - Creating init config
[13:38:21.559] ?[34mINFO ?[0;39m ?[36mAbstractProblemLoader?[0;39m - Replaying proof proof2748091559898802975.proof
[13:38:21.575] ?[34mINFO ?[0;39m ?[36mAbstractProblemLoader?[0;39m - Loading environment from C:\Users\RUNNER~1\AppData\Local\Temp\KeYslice4061954339170422615\exampleDuplicateOpen_slice2.proof
[13:38:21.591] ?[34mINFO ?[0;39m ?[36mAbstractProblemLoader?[0;39m - Creating init config
[13:38:27.003] ?[34mINFO ?[0;39m ?[36mAbstractProblemLoader?[0;39m - Replaying proof exampleDuplicateOpen_slice2.proof
[13:38:27.019] ?[34mINFO ?[0;39m ?[36mEndToEndTests?[0;39m - Loading C:\Users\RUNNER~1\AppData\Local\Temp\KeYslice4061954339170422615\exampleDuplicateOpen_slice2.proof
[13:38:27.019] ?[34mINFO ?[0;39m ?[36mAbstractProblemLoader?[0;39m - Loading environment from C:\Users\RUNNER~1\AppData\Local\Temp\KeYslice4061954339170422615\exampleDuplicateOpen_slice2.proof
[13:38:27.034] ?[34mINFO ?[0;39m ?[36mAbstractProblemLoader?[0;39m - Creating init config
[13:38:32.471] ?[34mINFO ?[0;39m ?[36mAbstractProblemLoader?[0;39m - Replaying proof exampleDuplicateOpen_slice2.proof
[13:38:32.486] ?[34mINFO ?[0;39m ?[36mDependencyAnalyzer?[0;39m - merging 4 and 5
[13:38:32.486] ?[34mINFO ?[0;39m ?[36mAbstractProblemLoader?[0;39m - Loading environment from C:\Users\RUNNER~1\AppData\Local\Temp\proof8812399093008791757.proof
[13:38:32.486] ?[34mINFO ?[0;39m ?[36mAbstractProblemLoader?[0;39m - Creating init config
[13:38:37.848] ?[34mINFO ?[0;39m ?[36mAbstractProblemLoader?[0;39m - Replaying proof proof8812399093008791757.proof
[13:38:37.863] ?[34mINFO ?[0;39m ?[36mAbstractProblemLoader?[0;39m - Loading environment from C:\Users\RUNNER~1\AppData\Local\Temp\KeYslice9170323753705982494\exampleDuplicateOpen_slice3.proof
[13:38:37.863] ?[34mINFO ?[0;39m ?[36mAbstractProblemLoader?[0;39m - Creating init config
[13:38:43.159] ?[34mINFO ?[0;39m ?[36mAbstractProblemLoader?[0;39m - Replaying proof exampleDuplicateOpen_slice3.proof
[13:38:43.174] ?[34mINFO ?[0;39m ?[36mEndToEndTests?[0;39m - Loading C:\Users\RUNNER~1\AppData\Local\Temp\KeYslice9170323753705982494\exampleDuplicateOpen_slice3.proof
[13:38:43.174] ?[34mINFO ?[0;39m ?[36mAbstractProblemLoader?[0;39m - Loading environment from C:\Users\RUNNER~1\AppData\Local\Temp\KeYslice9170323753705982494\exampleDuplicateOpen_slice3.proof
[13:38:43.174] ?[34mINFO ?[0;39m ?[36mAbstractProblemLoader?[0;39m - Creating init config
[13:38:48.401] ?[34mINFO ?[0;39m ?[36mAbstractProblemLoader?[0;39m - Replaying proof exampleDuplicateOpen_slice3.proof
[13:38:48.417] ?[34mINFO ?[0;39m ?[36mAbstractProblemLoader?[0;39m - Loading environment from C:\Users\RUNNER~1\AppData\Local\Temp\proof8721399415661202448.proof
[13:38:48.417] ?[34mINFO ?[0;39m ?[36mAbstractProblemLoader?[0;39m - Creating init config
[13:38:53.726] ?[34mINFO ?[0;39m ?[36mAbstractProblemLoader?[0;39m - Replaying proof proof8721399415661202448.proof
[13:38:53.742] ?[34mINFO ?[0;39m ?[36mAbstractProblemLoader?[0;39m - Loading environment from C:\Users\RUNNER~1\AppData\Local\Temp\KeYslice13688823819695800332\exampleDuplicateOpen_slice4.proof
[13:38:53.742] ?[34mINFO ?[0;39m ?[36mAbstractProblemLoader?[0;39m - Creating init config
[13:38:58.995] ?[34mINFO ?[0;39m ?[36mAbstractProblemLoader?[0;39m - Replaying proof exampleDuplicateOpen_slice4.proof
[13:38:59.011] ?[34mINFO ?[0;39m ?[36mEndToEndTests?[0;39m - Loading D:\a\key\key\keyext.slicing\src\test\resources\testcase\cutExample.proof
[13:38:59.011] ?[34mINFO ?[0;39m ?[36mAbstractProblemLoader?[0;39m - Loading environment from src\test\resources\testcase\cutExample.proof
[13:38:59.011] ?[34mINFO ?[0;39m ?[36mAbstractProblemLoader?[0;39m - Creating init config
[13:39:04.193] ?[34mINFO ?[0;39m ?[36mAbstractProblemLoader?[0;39m - Replaying proof cutExample.proof
[13:39:04.240] ?[34mINFO ?[0;39m ?[36mAbstractProblemLoader?[0;39m - Loading environment from C:\Users\RUNNER~1\AppData\Local\Temp\proof668308123741971626.proof
[13:39:04.256] ?[34mINFO ?[0;39m ?[36mAbstractProblemLoader?[0;39m - Creating init config
[13:39:09.370] ?[34mINFO ?[0;39m ?[36mAbstractProblemLoader?[0;39m - Replaying proof proof668308123741971626.proof
[13:39:09.370] ?[34mINFO ?[0;39m ?[36mAbstractProblemLoader?[0;39m - Loading environment from C:\Users\RUNNER~1\AppData\Local\Temp\KeYslice12573801294514755240\cutExample_slice1.proof
[13:39:09.385] ?[34mINFO ?[0;39m ?[36mAbstractProblemLoader?[0;39m - Creating init config
[13:39:14.585] ?[34mINFO ?[0;39m ?[36mAbstractProblemLoader?[0;39m - Replaying proof cutExample_slice1.proof
[13:39:14.600] ?[34mINFO ?[0;39m ?[36mEndToEndTests?[0;39m - Loading D:\a\key\key\keyext.slicing\src\test\resources\testcase\agathaOpenGoal.proof
[13:39:14.600] ?[34mINFO ?[0;39m ?[36mAbstractProblemLoader?[0;39m - Loading environment from src\test\resources\testcase\agathaOpenGoal.proof
[13:39:14.600] ?[34mINFO ?[0;39m ?[36mAbstractProblemLoader?[0;39m - Creating init config
[13:39:19.883] ?[34mINFO ?[0;39m ?[36mAbstractProblemLoader?[0;39m - Replaying proof agathaOpenGoal.proof
[13:39:19.950] ?[34mINFO ?[0;39m ?[36mAbstractProblemLoader?[0;39m - Loading environment from C:\Users\RUNNER~1\AppData\Local\Temp\proof11347319601873255916.proof
[13:39:19.957] ?[34mINFO ?[0;39m ?[36mAbstractProblemLoader?[0;39m - Creating init config
[13:39:25.253] ?[34mINFO ?[0;39m ?[36mAbstractProblemLoader?[0;39m - Replaying proof proof11347319601873255916.proof
[13:39:25.284] ?[34mINFO ?[0;39m ?[36mAbstractProblemLoader?[0;39m - Loading environment from C:\Users\RUNNER~1\AppData\Local\Temp\KeYslice9216217148026951099\agathaOpenGoal_slice1.proof
[13:39:25.284] ?[34mINFO ?[0;39m ?[36mAbstractProblemLoader?[0;39m - Creating init config
[13:39:30.629] ?[34mINFO ?[0;39m ?[36mAbstractProblemLoader?[0;39m - Replaying proof agathaOpenGoal_slice1.proof
[13:39:30.739] ?[34mINFO ?[0;39m ?[36mEndToEndTests?[0;39m - Loading D:\a\key\key\keyext.slicing\src\test\resources\testcase\openGoal1.proof
[13:39:30.739] ?[34mINFO ?[0;39m ?[36mAbstractProblemLoader?[0;39m - Loading environment from src\test\resources\testcase\openGoal1.proof
[13:39:30.754] ?[34mINFO ?[0;39m ?[36mAbstractProblemLoader?[0;39m - Creating init config
[13:39:36.078] ?[34mINFO ?[0;39m ?[36mAbstractProblemLoader?[0;39m - Replaying proof openGoal1.proof
[13:39:36.078] ?[34mINFO ?[0;39m ?[36mAbstractProblemLoader?[0;39m - Loading environment from C:\Users\RUNNER~1\AppData\Local\Temp\proof8422044139179167594.proof
[13:39:36.094] ?[34mINFO ?[0;39m ?[36mAbstractProblemLoader?[0;39m - Creating init config
[13:39:41.340] ?[34mINFO ?[0;39m ?[36mAbstractProblemLoader?[0;39m - Replaying proof proof8422044139179167594.proof
[13:39:41.355] ?[34mINFO ?[0;39m ?[36mAbstractProblemLoader?[0;39m - Loading environment from C:\Users\RUNNER~1\AppData\Local\Temp\KeYslice6703641833732517618\openGoal1_slice1.proof
[13:39:41.355] ?[34mINFO ?[0;39m ?[36mAbstractProblemLoader?[0;39m - Creating init config
[13:39:46.700] ?[34mINFO ?[0;39m ?[36mAbstractProblemLoader?[0;39m - Replaying proof openGoal1_slice1.proof
[13:39:46.700] ?[34mINFO ?[0;39m ?[36mEndToEndTests?[0;39m - Loading D:\a\key\key\keyext.slicing\src\test\resources\testcase\openGoal2.proof
[13:39:46.700] ?[34mINFO ?[0;39m ?[36mAbstractProblemLoader?[0;39m - Loading environment from src\test\resources\testcase\openGoal2.proof
[13:39:46.700] ?[34mINFO ?[0;39m ?[36mAbstractProblemLoader?[0;39m - Creating init config
[13:39:51.885] ?[34mINFO ?[0;39m ?[36mAbstractProblemLoader?[0;39m - Replaying proof openGoal2.proof
[13:39:51.900] ?[34mINFO ?[0;39m ?[36mAbstractProblemLoader?[0;39m - Loading environment from C:\Users\RUNNER~1\AppData\Local\Temp\proof6338629637420357950.proof
[13:39:51.900] ?[34mINFO ?[0;39m ?[36mAbstractProblemLoader?[0;39m - Creating init config
[13:39:57.041] ?[34mINFO ?[0;39m ?[36mAbstractProblemLoader?[0;39m - Replaying proof proof6338629637420357950.proof
[13:39:57.041] ?[34mINFO ?[0;39m ?[36mAbstractProblemLoader?[0;39m - Loading environment from C:\Users\RUNNER~1\AppData\Local\Temp\KeYslice16773857536237797003\openGoal2_slice1.proof
[13:39:57.041] ?[34mINFO ?[0;39m ?[36mAbstractProblemLoader?[0;39m - Creating init config
[13:40:02.254] ?[34mINFO ?[0;39m ?[36mAbstractProblemLoader?[0;39m - Replaying proof openGoal2_slice1.proof
[13:40:02.254] ?[34mINFO ?[0;39m ?[36mEndToEndTests?[0;39m - Loading D:\a\key\key\keyext.slicing\src\test\resources\testcase\agatha.proof
[13:40:02.254] ?[34mINFO ?[0;39m ?[36mAbstractProblemLoader?[0;39m - Loading environment from src\test\resources\testcase\agatha.proof
[13:40:02.254] ?[34mINFO ?[0;39m ?[36mAbstractProblemLoader?[0;39m - Creating init config
[13:40:07.502] ?[34mINFO ?[0;39m ?[36mAbstractProblemLoader?[0;39m - Replaying proof agatha.proof
[13:40:07.533] ?[34mINFO ?[0;39m ?[36mAbstractProblemLoader?[0;39m - Loading environment from C:\Users\RUNNER~1\AppData\Local\Temp\proof4015616084361422005.proof
[13:40:07.533] ?[34mINFO ?[0;39m ?[36mAbstractProblemLoader?[0;39m - Creating init config
[13:40:12.869] ?[34mINFO ?[0;39m ?[36mAbstractProblemLoader?[0;39m - Replaying proof proof4015616084361422005.proof
[13:40:12.900] ?[34mINFO ?[0;39m ?[36mAbstractProblemLoader?[0;39m - Loading environment from C:\Users\RUNNER~1\AppData\Local\Temp\KeYslice8270614611332858883\agatha_slice1.proof
[13:40:12.900] ?[34mINFO ?[0;39m ?[36mAbstractProblemLoader?[0;39m - Creating init config
[13:40:18.260] ?[34mINFO ?[0;39m ?[36mAbstractProblemLoader?[0;39m - Replaying proof agatha_slice1.proof
[13:40:18.291] ?[34mINFO ?[0;39m ?[36mEndToEndTests?[0;39m - Loading D:\a\key\key\keyext.slicing\src\test\resources\testcase\..\..\..\..\..\key.ui\examples\heap\verifyThis15_2_ParallelGcd\parallelGcd.proof
[13:40:18.291] ?[34mINFO ?[0;39m ?[36mAbstractProblemLoader?[0;39m - Loading environment from src\test\resources\testcase\..\..\..\..\..\key.ui\examples\heap\verifyThis15_2_ParallelGcd\parallelGcd.proof
[13:40:18.291] ?[34mINFO ?[0;39m ?[36mAbstractProblemLoader?[0;39m - Creating init config
[13:40:24.555] ?[34mINFO ?[0;39m ?[36mAbstractProblemLoader?[0;39m - Replaying proof ParallelGcd[ParallelGcd::parallelGcd(int,int,[Z)].JML behavior operation contract.0
[13:40:25.940] ?[34mINFO ?[0;39m ?[36mAbstractProblemLoader?[0;39m - Loading environment from C:\Users\RUNNER~1\AppData\Local\Temp\proof13019999435291696790.proof
[13:40:25.940] ?[34mINFO ?[0;39m ?[36mAbstractProblemLoader?[0;39m - Creating init config
[13:40:31.535] ?[34mINFO ?[0;39m ?[36mAbstractProblemLoader?[0;39m - Replaying proof ParallelGcd[ParallelGcd::parallelGcd(int,int,[Z)].JML behavior operation contract.0
[13:40:32.426] ?[34mINFO ?[0;39m ?[36mAbstractProblemLoader?[0;39m - Loading environment from C:\Users\RUNNER~1\AppData\Local\Temp\KeYslice6368108331785016611\parallelGcd_slice1.proof
[13:40:32.426] ?[34mINFO ?[0;39m ?[36mAbstractProblemLoader?[0;39m - Creating init config
[13:40:38.170] ?[34mINFO ?[0;39m ?[36mAbstractProblemLoader?[0;39m - Replaying proof ParallelGcd[ParallelGcd::parallelGcd(int,int,[Z)].JML behavior operation contract.0
]]></system-out>
  <system-err><![CDATA[]]></system-err>
</testsuite>
