<?xml version="1.0" encoding="UTF-8"?>
<testsuite name="de.uka.ilkd.key.symbolic_execution.testcase.TestSymbolicExecutionTreeBuilder" tests="186" skipped="1" failures="0" errors="0" timestamp="2023-01-30T19:23:50" hostname="fv-az565-128" time="713.233">
  <properties/>
  <testcase name="testAllNodeTypesTest_JavaProfile()" classname="de.uka.ilkd.key.symbolic_execution.testcase.TestSymbolicExecutionTreeBuilder" time="11.559"/>
  <testcase name="testAllNodeTypesTest_JavaProfile_NoOneStepSimplification()" classname="de.uka.ilkd.key.symbolic_execution.testcase.TestSymbolicExecutionTreeBuilder" time="11.434"/>
  <testcase name="testAllNodeTypesTest_SymbolicExecutionProfile()" classname="de.uka.ilkd.key.symbolic_execution.testcase.TestSymbolicExecutionTreeBuilder" time="3.018"/>
  <testcase name="testAnotherInstanceContractTest()" classname="de.uka.ilkd.key.symbolic_execution.testcase.TestSymbolicExecutionTreeBuilder" time="3.137"/>
  <testcase name="testAnotherStaticContractTest()" classname="de.uka.ilkd.key.symbolic_execution.testcase.TestSymbolicExecutionTreeBuilder" time="3.086"/>
  <testcase name="testArraySumWhileWithBreak()" classname="de.uka.ilkd.key.symbolic_execution.testcase.TestSymbolicExecutionTreeBuilder" time="3.502"/>
  <testcase name="testArraySumWhileWithContinue()" classname="de.uka.ilkd.key.symbolic_execution.testcase.TestSymbolicExecutionTreeBuilder" time="3.907"/>
  <testcase name="testArraySumWhileWithException()" classname="de.uka.ilkd.key.symbolic_execution.testcase.TestSymbolicExecutionTreeBuilder" time="3.551"/>
  <testcase name="testArraySumWhileWithReturn()" classname="de.uka.ilkd.key.symbolic_execution.testcase.TestSymbolicExecutionTreeBuilder" time="3.426"/>
  <testcase name="testAssumesUserInputTest()" classname="de.uka.ilkd.key.symbolic_execution.testcase.TestSymbolicExecutionTreeBuilder" time="3.079"/>
  <testcase name="testBlockContractAssignableEverything()" classname="de.uka.ilkd.key.symbolic_execution.testcase.TestSymbolicExecutionTreeBuilder" time="2.806"/>
  <testcase name="testBlockContractAssignableLocationNotRequested()" classname="de.uka.ilkd.key.symbolic_execution.testcase.TestSymbolicExecutionTreeBuilder" time="2.754"/>
  <testcase name="testBlockContractAssignableRequestedLocation()" classname="de.uka.ilkd.key.symbolic_execution.testcase.TestSymbolicExecutionTreeBuilder" time="2.745"/>
  <testcase name="testBlockContractParamRemaned()" classname="de.uka.ilkd.key.symbolic_execution.testcase.TestSymbolicExecutionTreeBuilder" time="2.773"/>
  <testcase name="testBlockContractPreconditionNotVerified()" classname="de.uka.ilkd.key.symbolic_execution.testcase.TestSymbolicExecutionTreeBuilder" time="2.765"/>
  <testcase name="testBlockContractThisTest()" classname="de.uka.ilkd.key.symbolic_execution.testcase.TestSymbolicExecutionTreeBuilder" time="2.776"/>
  <testcase name="testBlockContractVarRenamedLater()" classname="de.uka.ilkd.key.symbolic_execution.testcase.TestSymbolicExecutionTreeBuilder" time="2.752"/>
  <testcase name="testBlockContractWithException()" classname="de.uka.ilkd.key.symbolic_execution.testcase.TestSymbolicExecutionTreeBuilder" time="3.033"/>
  <testcase name="testBlockContractWithExceptionPostconditionNotVerified()" classname="de.uka.ilkd.key.symbolic_execution.testcase.TestSymbolicExecutionTreeBuilder" time="3.033"/>
  <testcase name="testBlockContractWithReturn()" classname="de.uka.ilkd.key.symbolic_execution.testcase.TestSymbolicExecutionTreeBuilder" time="2.757"/>
  <testcase name="testBlockContractWithReturnPostconditionNotVerified()" classname="de.uka.ilkd.key.symbolic_execution.testcase.TestSymbolicExecutionTreeBuilder" time="2.735"/>
  <testcase name="testBranchPruning()" classname="de.uka.ilkd.key.symbolic_execution.testcase.TestSymbolicExecutionTreeBuilder" time="2.916"/>
  <testcase name="testBranchStatementBlockTest_ifNoBlock()" classname="de.uka.ilkd.key.symbolic_execution.testcase.TestSymbolicExecutionTreeBuilder" time="2.892"/>
  <testcase name="testBranchStatementBlockTest_min()" classname="de.uka.ilkd.key.symbolic_execution.testcase.TestSymbolicExecutionTreeBuilder" time="2.918"/>
  <testcase name="testBranchStatementBlockTest_nestedIf()" classname="de.uka.ilkd.key.symbolic_execution.testcase.TestSymbolicExecutionTreeBuilder" time="3.071"/>
  <testcase name="testBranchStatementBlockTest_onlyElse()" classname="de.uka.ilkd.key.symbolic_execution.testcase.TestSymbolicExecutionTreeBuilder" time="2.78"/>
  <testcase name="testBranchStatementBlockTest_onlyEmptyThen()" classname="de.uka.ilkd.key.symbolic_execution.testcase.TestSymbolicExecutionTreeBuilder" time="2.741"/>
  <testcase name="testBranchStatementBlockTest_onlyThen()" classname="de.uka.ilkd.key.symbolic_execution.testcase.TestSymbolicExecutionTreeBuilder" time="2.76"/>
  <testcase name="testBranchStatementBlockTest_recursive()" classname="de.uka.ilkd.key.symbolic_execution.testcase.TestSymbolicExecutionTreeBuilder" time="2.945"/>
  <testcase name="testBranchStatementBlockTest_simpleBlock()" classname="de.uka.ilkd.key.symbolic_execution.testcase.TestSymbolicExecutionTreeBuilder" time="2.766"/>
  <testcase name="testBranchStatementBlockTest_switchTest()" classname="de.uka.ilkd.key.symbolic_execution.testcase.TestSymbolicExecutionTreeBuilder" time="3.478"/>
  <testcase name="testComplexConstructorTest()" classname="de.uka.ilkd.key.symbolic_execution.testcase.TestSymbolicExecutionTreeBuilder" time="0.001">
    <skipped/>
  </testcase>
  <testcase name="testComplexFlatSteps()" classname="de.uka.ilkd.key.symbolic_execution.testcase.TestSymbolicExecutionTreeBuilder" time="2.76"/>
  <testcase name="testComplexIf()" classname="de.uka.ilkd.key.symbolic_execution.testcase.TestSymbolicExecutionTreeBuilder" time="2.898"/>
  <testcase name="testComplexPruning()" classname="de.uka.ilkd.key.symbolic_execution.testcase.TestSymbolicExecutionTreeBuilder" time="2.914"/>
  <testcase name="testConstraintsAfterUsedLoopInvariant()" classname="de.uka.ilkd.key.symbolic_execution.testcase.TestSymbolicExecutionTreeBuilder" time="7.963"/>
  <testcase name="testConstraintsOfAppliedMethodContract()" classname="de.uka.ilkd.key.symbolic_execution.testcase.TestSymbolicExecutionTreeBuilder" time="7.626"/>
  <testcase name="testDoWhileFlaseTest()" classname="de.uka.ilkd.key.symbolic_execution.testcase.TestSymbolicExecutionTreeBuilder" time="2.761"/>
  <testcase name="testDoWhileTest()" classname="de.uka.ilkd.key.symbolic_execution.testcase.TestSymbolicExecutionTreeBuilder" time="2.786"/>
  <testcase name="testElseIfDifferentVariables()" classname="de.uka.ilkd.key.symbolic_execution.testcase.TestSymbolicExecutionTreeBuilder" time="3.047"/>
  <testcase name="testElseIfTest()" classname="de.uka.ilkd.key.symbolic_execution.testcase.TestSymbolicExecutionTreeBuilder" time="3.756"/>
  <testcase name="testElseIfTest_mergedBranchConditions()" classname="de.uka.ilkd.key.symbolic_execution.testcase.TestSymbolicExecutionTreeBuilder" time="3.818"/>
  <testcase name="testElseIfTest_variablesParameterAttributesChange()" classname="de.uka.ilkd.key.symbolic_execution.testcase.TestSymbolicExecutionTreeBuilder" time="4.252"/>
  <testcase name="testEmptyBlockTest()" classname="de.uka.ilkd.key.symbolic_execution.testcase.TestSymbolicExecutionTreeBuilder" time="2.754"/>
  <testcase name="testExceptionalMethodReturnTest()" classname="de.uka.ilkd.key.symbolic_execution.testcase.TestSymbolicExecutionTreeBuilder" time="3.132"/>
  <testcase name="testExceptionalMethodReturnTestWithLoop()" classname="de.uka.ilkd.key.symbolic_execution.testcase.TestSymbolicExecutionTreeBuilder" time="3.618"/>
  <testcase name="testFixedRecursiveMethodCallTest()" classname="de.uka.ilkd.key.symbolic_execution.testcase.TestSymbolicExecutionTreeBuilder" time="2.968"/>
  <testcase name="testForEachTest()" classname="de.uka.ilkd.key.symbolic_execution.testcase.TestSymbolicExecutionTreeBuilder" time="3.082"/>
  <testcase name="testForFalseTest()" classname="de.uka.ilkd.key.symbolic_execution.testcase.TestSymbolicExecutionTreeBuilder" time="2.776"/>
  <testcase name="testForTest()" classname="de.uka.ilkd.key.symbolic_execution.testcase.TestSymbolicExecutionTreeBuilder" time="2.936"/>
  <testcase name="testFunctionalDoWhileTest()" classname="de.uka.ilkd.key.symbolic_execution.testcase.TestSymbolicExecutionTreeBuilder" time="2.99"/>
  <testcase name="testFunctionalForTest()" classname="de.uka.ilkd.key.symbolic_execution.testcase.TestSymbolicExecutionTreeBuilder" time="3.01"/>
  <testcase name="testFunctionalIf()" classname="de.uka.ilkd.key.symbolic_execution.testcase.TestSymbolicExecutionTreeBuilder" time="2.942"/>
  <testcase name="testFunctionalWhileTest()" classname="de.uka.ilkd.key.symbolic_execution.testcase.TestSymbolicExecutionTreeBuilder" time="3.03"/>
  <testcase name="testIdenticalTermsDuringProof()" classname="de.uka.ilkd.key.symbolic_execution.testcase.TestSymbolicExecutionTreeBuilder" time="3.1"/>
  <testcase name="testInstanceContractTest_mainBooleanResultUnspecifiedUnused()" classname="de.uka.ilkd.key.symbolic_execution.testcase.TestSymbolicExecutionTreeBuilder" time="2.799"/>
  <testcase name="testInstanceContractTest_mainBooleanResultUnused()" classname="de.uka.ilkd.key.symbolic_execution.testcase.TestSymbolicExecutionTreeBuilder" time="2.814"/>
  <testcase name="testInstanceContractTest_mainConstructor()" classname="de.uka.ilkd.key.symbolic_execution.testcase.TestSymbolicExecutionTreeBuilder" time="2.829"/>
  <testcase name="testInstanceContractTest_mainExceptinal()" classname="de.uka.ilkd.key.symbolic_execution.testcase.TestSymbolicExecutionTreeBuilder" time="2.776"/>
  <testcase name="testInstanceContractTest_mainExceptinalUnused()" classname="de.uka.ilkd.key.symbolic_execution.testcase.TestSymbolicExecutionTreeBuilder" time="2.803"/>
  <testcase name="testInstanceContractTest_mainExceptinalVoid()" classname="de.uka.ilkd.key.symbolic_execution.testcase.TestSymbolicExecutionTreeBuilder" time="2.788"/>
  <testcase name="testInstanceContractTest_mainExceptionalConstructor()" classname="de.uka.ilkd.key.symbolic_execution.testcase.TestSymbolicExecutionTreeBuilder" time="2.778"/>
  <testcase name="testInstanceContractTest_mainNoArgs()" classname="de.uka.ilkd.key.symbolic_execution.testcase.TestSymbolicExecutionTreeBuilder" time="2.797"/>
  <testcase name="testInstanceContractTest_mainOnObject()" classname="de.uka.ilkd.key.symbolic_execution.testcase.TestSymbolicExecutionTreeBuilder" time="2.862"/>
  <testcase name="testInstanceContractTest_mainResult()" classname="de.uka.ilkd.key.symbolic_execution.testcase.TestSymbolicExecutionTreeBuilder" time="2.859"/>
  <testcase name="testInstanceContractTest_mainResultNotSpecified()" classname="de.uka.ilkd.key.symbolic_execution.testcase.TestSymbolicExecutionTreeBuilder" time="2.857"/>
  <testcase name="testInstanceContractTest_mainVoidMethod()" classname="de.uka.ilkd.key.symbolic_execution.testcase.TestSymbolicExecutionTreeBuilder" time="2.806"/>
  <testcase name="testInstanceOfNotInEndlessLoop()" classname="de.uka.ilkd.key.symbolic_execution.testcase.TestSymbolicExecutionTreeBuilder" time="3.069"/>
  <testcase name="testJoinTestAfterAssignment()" classname="de.uka.ilkd.key.symbolic_execution.testcase.TestSymbolicExecutionTreeBuilder" time="2.71"/>
  <testcase name="testJoinTestAfterBranchCondition()" classname="de.uka.ilkd.key.symbolic_execution.testcase.TestSymbolicExecutionTreeBuilder" time="2.749"/>
  <testcase name="testJoinTestAfterBranchConditionWithWeakeningGoal()" classname="de.uka.ilkd.key.symbolic_execution.testcase.TestSymbolicExecutionTreeBuilder" time="2.772"/>
  <testcase name="testJoinTestAfterBranchConditionWithWeakeningGoalAndSubgoals()" classname="de.uka.ilkd.key.symbolic_execution.testcase.TestSymbolicExecutionTreeBuilder" time="2.949"/>
  <testcase name="testJoinTestAfterBranchConditionWithWeakeningGoalNotVerified()" classname="de.uka.ilkd.key.symbolic_execution.testcase.TestSymbolicExecutionTreeBuilder" time="2.782"/>
  <testcase name="testLabelTest_doubled()" classname="de.uka.ilkd.key.symbolic_execution.testcase.TestSymbolicExecutionTreeBuilder" time="2.727"/>
  <testcase name="testLabelTest_lost()" classname="de.uka.ilkd.key.symbolic_execution.testcase.TestSymbolicExecutionTreeBuilder" time="2.722"/>
  <testcase name="testLoopBodyBranchClosed()" classname="de.uka.ilkd.key.symbolic_execution.testcase.TestSymbolicExecutionTreeBuilder" time="2.74"/>
  <testcase name="testLoopInvariantAndOperationContractStrictlyPure()" classname="de.uka.ilkd.key.symbolic_execution.testcase.TestSymbolicExecutionTreeBuilder" time="4.699"/>
  <testcase name="testLoopInvariantMethodReturnInDifferentModalities()" classname="de.uka.ilkd.key.symbolic_execution.testcase.TestSymbolicExecutionTreeBuilder" time="3.859"/>
  <testcase name="testLoopIteration_LoopStatementCopied()" classname="de.uka.ilkd.key.symbolic_execution.testcase.TestSymbolicExecutionTreeBuilder" time="2.83"/>
  <testcase name="testLoopIteration_LoopStatementReused()" classname="de.uka.ilkd.key.symbolic_execution.testcase.TestSymbolicExecutionTreeBuilder" time="2.825"/>
  <testcase name="testLoopIteration_LoopWithMethod()" classname="de.uka.ilkd.key.symbolic_execution.testcase.TestSymbolicExecutionTreeBuilder" time="3.265"/>
  <testcase name="testLoopStatementBlockTest_nestedLoop()" classname="de.uka.ilkd.key.symbolic_execution.testcase.TestSymbolicExecutionTreeBuilder" time="3.795"/>
  <testcase name="testLoopStatementBlockTest_simpleLoop()" classname="de.uka.ilkd.key.symbolic_execution.testcase.TestSymbolicExecutionTreeBuilder" time="2.818"/>
  <testcase name="testLoopUsageBranchClosed()" classname="de.uka.ilkd.key.symbolic_execution.testcase.TestSymbolicExecutionTreeBuilder" time="2.726"/>
  <testcase name="testMethodCallOnObject()" classname="de.uka.ilkd.key.symbolic_execution.testcase.TestSymbolicExecutionTreeBuilder" time="2.834"/>
  <testcase name="testMethodCallOnObjectWithException()" classname="de.uka.ilkd.key.symbolic_execution.testcase.TestSymbolicExecutionTreeBuilder" time="3.077"/>
  <testcase name="testMethodCallParallelTest()" classname="de.uka.ilkd.key.symbolic_execution.testcase.TestSymbolicExecutionTreeBuilder" time="3.054"/>
  <testcase name="testMethodCallReturnTests()" classname="de.uka.ilkd.key.symbolic_execution.testcase.TestSymbolicExecutionTreeBuilder" time="12.113"/>
  <testcase name="testMethodCallStack()" classname="de.uka.ilkd.key.symbolic_execution.testcase.TestSymbolicExecutionTreeBuilder" time="3.522"/>
  <testcase name="testMethodFormatTest()" classname="de.uka.ilkd.key.symbolic_execution.testcase.TestSymbolicExecutionTreeBuilder" time="3.063"/>
  <testcase name="testMethodHierarchyCallTest()" classname="de.uka.ilkd.key.symbolic_execution.testcase.TestSymbolicExecutionTreeBuilder" time="2.864"/>
  <testcase name="testMethodHierarchyCallWithExceptionTest()" classname="de.uka.ilkd.key.symbolic_execution.testcase.TestSymbolicExecutionTreeBuilder" time="2.884"/>
  <testcase name="testNestedDoWhileTest()" classname="de.uka.ilkd.key.symbolic_execution.testcase.TestSymbolicExecutionTreeBuilder" time="2.919"/>
  <testcase name="testNestedForTest()" classname="de.uka.ilkd.key.symbolic_execution.testcase.TestSymbolicExecutionTreeBuilder" time="2.919"/>
  <testcase name="testNestedLoopsWithContinue()" classname="de.uka.ilkd.key.symbolic_execution.testcase.TestSymbolicExecutionTreeBuilder" time="4.392"/>
  <testcase name="testNestedWhileTest()" classname="de.uka.ilkd.key.symbolic_execution.testcase.TestSymbolicExecutionTreeBuilder" time="2.984"/>
  <testcase name="testPrettyPrinting_Disabled()" classname="de.uka.ilkd.key.symbolic_execution.testcase.TestSymbolicExecutionTreeBuilder" time="5.526"/>
  <testcase name="testPrettyPrinting_Enabled()" classname="de.uka.ilkd.key.symbolic_execution.testcase.TestSymbolicExecutionTreeBuilder" time="5.553"/>
  <testcase name="testRecursiveFibonacci_LONG_RUNNING_TEST()" classname="de.uka.ilkd.key.symbolic_execution.testcase.TestSymbolicExecutionTreeBuilder" time="31.768"/>
  <testcase name="testSimpleConstructorTest()" classname="de.uka.ilkd.key.symbolic_execution.testcase.TestSymbolicExecutionTreeBuilder" time="2.831"/>
  <testcase name="testSimpleIf()" classname="de.uka.ilkd.key.symbolic_execution.testcase.TestSymbolicExecutionTreeBuilder" time="3.077"/>
  <testcase name="testSimpleIfNoConditionSimplification()" classname="de.uka.ilkd.key.symbolic_execution.testcase.TestSymbolicExecutionTreeBuilder" time="2.716"/>
  <testcase name="testSimpleMethodCallStack()" classname="de.uka.ilkd.key.symbolic_execution.testcase.TestSymbolicExecutionTreeBuilder" time="2.789"/>
  <testcase name="testSimpleNullPointerSplitTest()" classname="de.uka.ilkd.key.symbolic_execution.testcase.TestSymbolicExecutionTreeBuilder" time="2.964"/>
  <testcase name="testSimplePruning()" classname="de.uka.ilkd.key.symbolic_execution.testcase.TestSymbolicExecutionTreeBuilder" time="2.9"/>
  <testcase name="testSimpleStaticContractTest()" classname="de.uka.ilkd.key.symbolic_execution.testcase.TestSymbolicExecutionTreeBuilder" time="2.774"/>
  <testcase name="testStatementKindTest()" classname="de.uka.ilkd.key.symbolic_execution.testcase.TestSymbolicExecutionTreeBuilder" time="2.896"/>
  <testcase name="testStatements()" classname="de.uka.ilkd.key.symbolic_execution.testcase.TestSymbolicExecutionTreeBuilder" time="2.747"/>
  <testcase name="testStaticContractTest_mainBooleanResultUnspecifiedUnused()" classname="de.uka.ilkd.key.symbolic_execution.testcase.TestSymbolicExecutionTreeBuilder" time="2.771"/>
  <testcase name="testStaticContractTest_mainBooleanResultUnused()" classname="de.uka.ilkd.key.symbolic_execution.testcase.TestSymbolicExecutionTreeBuilder" time="2.803"/>
  <testcase name="testStaticContractTest_mainConstructor()" classname="de.uka.ilkd.key.symbolic_execution.testcase.TestSymbolicExecutionTreeBuilder" time="2.798"/>
  <testcase name="testStaticContractTest_mainExceptinal()" classname="de.uka.ilkd.key.symbolic_execution.testcase.TestSymbolicExecutionTreeBuilder" time="2.769"/>
  <testcase name="testStaticContractTest_mainExceptinalUnused()" classname="de.uka.ilkd.key.symbolic_execution.testcase.TestSymbolicExecutionTreeBuilder" time="2.795"/>
  <testcase name="testStaticContractTest_mainExceptinalVoid()" classname="de.uka.ilkd.key.symbolic_execution.testcase.TestSymbolicExecutionTreeBuilder" time="2.774"/>
  <testcase name="testStaticContractTest_mainExceptionalConstructor()" classname="de.uka.ilkd.key.symbolic_execution.testcase.TestSymbolicExecutionTreeBuilder" time="2.777"/>
  <testcase name="testStaticContractTest_mainNoArgs()" classname="de.uka.ilkd.key.symbolic_execution.testcase.TestSymbolicExecutionTreeBuilder" time="2.813"/>
  <testcase name="testStaticContractTest_mainOnObject()" classname="de.uka.ilkd.key.symbolic_execution.testcase.TestSymbolicExecutionTreeBuilder" time="2.842"/>
  <testcase name="testStaticContractTest_mainResult()" classname="de.uka.ilkd.key.symbolic_execution.testcase.TestSymbolicExecutionTreeBuilder" time="2.837"/>
  <testcase name="testStaticContractTest_mainResultNotSpecified()" classname="de.uka.ilkd.key.symbolic_execution.testcase.TestSymbolicExecutionTreeBuilder" time="2.846"/>
  <testcase name="testStaticContractTest_mainVoidMethod()" classname="de.uka.ilkd.key.symbolic_execution.testcase.TestSymbolicExecutionTreeBuilder" time="2.792"/>
  <testcase name="testStaticDefaultContractTest()" classname="de.uka.ilkd.key.symbolic_execution.testcase.TestSymbolicExecutionTreeBuilder" time="2.866"/>
  <testcase name="testStaticInstanceFieldChanged()" classname="de.uka.ilkd.key.symbolic_execution.testcase.TestSymbolicExecutionTreeBuilder" time="10.949"/>
  <testcase name="testStaticMethodCall()" classname="de.uka.ilkd.key.symbolic_execution.testcase.TestSymbolicExecutionTreeBuilder" time="2.841"/>
  <testcase name="testSwitchCaseTest()" classname="de.uka.ilkd.key.symbolic_execution.testcase.TestSymbolicExecutionTreeBuilder" time="3.49"/>
  <testcase name="testSwitchCaseTest_mergedBranchConditions()" classname="de.uka.ilkd.key.symbolic_execution.testcase.TestSymbolicExecutionTreeBuilder" time="3.667"/>
  <testcase name="testSymbolicExecutionCompletionsTest()" classname="de.uka.ilkd.key.symbolic_execution.testcase.TestSymbolicExecutionTreeBuilder" time="3.284"/>
  <testcase name="testThrowTest()" classname="de.uka.ilkd.key.symbolic_execution.testcase.TestSymbolicExecutionTreeBuilder" time="2.738"/>
  <testcase name="testThrowVariableTest()" classname="de.uka.ilkd.key.symbolic_execution.testcase.TestSymbolicExecutionTreeBuilder" time="2.726"/>
  <testcase name="testTryCatchFinally()" classname="de.uka.ilkd.key.symbolic_execution.testcase.TestSymbolicExecutionTreeBuilder" time="2.96"/>
  <testcase name="testUnicode_Disabled()" classname="de.uka.ilkd.key.symbolic_execution.testcase.TestSymbolicExecutionTreeBuilder" time="5.316"/>
  <testcase name="testUnicode_Enabled()" classname="de.uka.ilkd.key.symbolic_execution.testcase.TestSymbolicExecutionTreeBuilder" time="5.409"/>
  <testcase name="testUseLoopInvariantArrayAverage()" classname="de.uka.ilkd.key.symbolic_execution.testcase.TestSymbolicExecutionTreeBuilder" time="4.249"/>
  <testcase name="testUseLoopInvariantArraySizeDoWhile()" classname="de.uka.ilkd.key.symbolic_execution.testcase.TestSymbolicExecutionTreeBuilder" time="3.125"/>
  <testcase name="testUseLoopInvariantArraySizeWhile()" classname="de.uka.ilkd.key.symbolic_execution.testcase.TestSymbolicExecutionTreeBuilder" time="2.995"/>
  <testcase name="testUseLoopInvariantArraySumFor()" classname="de.uka.ilkd.key.symbolic_execution.testcase.TestSymbolicExecutionTreeBuilder" time="3.098"/>
  <testcase name="testUseLoopInvariantArraySumForEach()" classname="de.uka.ilkd.key.symbolic_execution.testcase.TestSymbolicExecutionTreeBuilder" time="3.137"/>
  <testcase name="testUseLoopInvariantArraySumWhile()" classname="de.uka.ilkd.key.symbolic_execution.testcase.TestSymbolicExecutionTreeBuilder" time="3.123"/>
  <testcase name="testUseLoopInvariantArraySumWhileInitiallyInvalid()" classname="de.uka.ilkd.key.symbolic_execution.testcase.TestSymbolicExecutionTreeBuilder" time="3.123"/>
  <testcase name="testUseLoopInvariantLoopSplittingCondition()" classname="de.uka.ilkd.key.symbolic_execution.testcase.TestSymbolicExecutionTreeBuilder" time="3.574"/>
  <testcase name="testUseLoopInvariantTwoLoops()" classname="de.uka.ilkd.key.symbolic_execution.testcase.TestSymbolicExecutionTreeBuilder" time="3.275"/>
  <testcase name="testUseLoopInvariantWithoutDecreasing()" classname="de.uka.ilkd.key.symbolic_execution.testcase.TestSymbolicExecutionTreeBuilder" time="3.012"/>
  <testcase name="testUseOperationContractAllBranchesOpenTest()" classname="de.uka.ilkd.key.symbolic_execution.testcase.TestSymbolicExecutionTreeBuilder" time="3.214"/>
  <testcase name="testUseOperationContractApplyContractTwice()" classname="de.uka.ilkd.key.symbolic_execution.testcase.TestSymbolicExecutionTreeBuilder" time="2.76"/>
  <testcase name="testUseOperationContractExceptionalNoPreconditionWithNullCheckTest()" classname="de.uka.ilkd.key.symbolic_execution.testcase.TestSymbolicExecutionTreeBuilder" time="2.766"/>
  <testcase name="testUseOperationContractFalsePreconditionTest()" classname="de.uka.ilkd.key.symbolic_execution.testcase.TestSymbolicExecutionTreeBuilder" time="2.788"/>
  <testcase name="testUseOperationContractFixedNormalPostTest()" classname="de.uka.ilkd.key.symbolic_execution.testcase.TestSymbolicExecutionTreeBuilder" time="2.757"/>
  <testcase name="testUseOperationContractInvalidPreconditionOnObjectTest()" classname="de.uka.ilkd.key.symbolic_execution.testcase.TestSymbolicExecutionTreeBuilder" time="2.791"/>
  <testcase name="testUseOperationContractInvalidPreconditionTest()" classname="de.uka.ilkd.key.symbolic_execution.testcase.TestSymbolicExecutionTreeBuilder" time="2.805"/>
  <testcase name="testUseOperationContractLightweightOperationContractTest()" classname="de.uka.ilkd.key.symbolic_execution.testcase.TestSymbolicExecutionTreeBuilder" time="2.726"/>
  <testcase name="testUseOperationContractNoExceptionTest()" classname="de.uka.ilkd.key.symbolic_execution.testcase.TestSymbolicExecutionTreeBuilder" time="2.76"/>
  <testcase name="testUseOperationContractNoPreconditionTest()" classname="de.uka.ilkd.key.symbolic_execution.testcase.TestSymbolicExecutionTreeBuilder" time="2.742"/>
  <testcase name="testUseOperationContractNoPreconditionWithNullCheckTest()" classname="de.uka.ilkd.key.symbolic_execution.testcase.TestSymbolicExecutionTreeBuilder" time="2.77"/>
  <testcase name="testUseOperationContractNormalAndExceptionalBranchTest()" classname="de.uka.ilkd.key.symbolic_execution.testcase.TestSymbolicExecutionTreeBuilder" time="2.999"/>
  <testcase name="testUseOperationContractNormalAndExceptionalTogetherTest()" classname="de.uka.ilkd.key.symbolic_execution.testcase.TestSymbolicExecutionTreeBuilder" time="2.764"/>
  <testcase name="testUseOperationContractQueryTest()" classname="de.uka.ilkd.key.symbolic_execution.testcase.TestSymbolicExecutionTreeBuilder" time="2.725"/>
  <testcase name="testUseOperationContractStatementsInImpliciteConstructor()" classname="de.uka.ilkd.key.symbolic_execution.testcase.TestSymbolicExecutionTreeBuilder" time="12.929"/>
  <testcase name="testUseOperationContractVariableNestedOperationContractUse()" classname="de.uka.ilkd.key.symbolic_execution.testcase.TestSymbolicExecutionTreeBuilder" time="2.727"/>
  <testcase name="testVariablesArrayAssignmentTest()" classname="de.uka.ilkd.key.symbolic_execution.testcase.TestSymbolicExecutionTreeBuilder" time="4.26"/>
  <testcase name="testVariablesArrayCreationInstanceTest()" classname="de.uka.ilkd.key.symbolic_execution.testcase.TestSymbolicExecutionTreeBuilder" time="5.572"/>
  <testcase name="testVariablesArrayCreationTest()" classname="de.uka.ilkd.key.symbolic_execution.testcase.TestSymbolicExecutionTreeBuilder" time="5.585"/>
  <testcase name="testVariablesArrayTest()" classname="de.uka.ilkd.key.symbolic_execution.testcase.TestSymbolicExecutionTreeBuilder" time="7.43"/>
  <testcase name="testVariablesEmptyArrayCreationTest()" classname="de.uka.ilkd.key.symbolic_execution.testcase.TestSymbolicExecutionTreeBuilder" time="3.403"/>
  <testcase name="testVariablesInstanceVariableTest()" classname="de.uka.ilkd.key.symbolic_execution.testcase.TestSymbolicExecutionTreeBuilder" time="19.232"/>
  <testcase name="testVariablesLocalTest()" classname="de.uka.ilkd.key.symbolic_execution.testcase.TestSymbolicExecutionTreeBuilder" time="4.548"/>
  <testcase name="testVariablesNonSimpleArrayAssignmentTest()" classname="de.uka.ilkd.key.symbolic_execution.testcase.TestSymbolicExecutionTreeBuilder" time="20.408"/>
  <testcase name="testVariablesNonSimpleArrayCreationTest()" classname="de.uka.ilkd.key.symbolic_execution.testcase.TestSymbolicExecutionTreeBuilder" time="6.912"/>
  <testcase name="testVariablesStaticTest()" classname="de.uka.ilkd.key.symbolic_execution.testcase.TestSymbolicExecutionTreeBuilder" time="4.153"/>
  <testcase name="testVariablesUnknownTest()" classname="de.uka.ilkd.key.symbolic_execution.testcase.TestSymbolicExecutionTreeBuilder" time="10.906"/>
  <testcase name="testVerifiedTest_loop()" classname="de.uka.ilkd.key.symbolic_execution.testcase.TestSymbolicExecutionTreeBuilder" time="3.192"/>
  <testcase name="testVerifiedTest_magic()" classname="de.uka.ilkd.key.symbolic_execution.testcase.TestSymbolicExecutionTreeBuilder" time="2.777"/>
  <testcase name="testVerifiedTest_magicException()" classname="de.uka.ilkd.key.symbolic_execution.testcase.TestSymbolicExecutionTreeBuilder" time="2.763"/>
  <testcase name="testVerifiedTest_notLoop()" classname="de.uka.ilkd.key.symbolic_execution.testcase.TestSymbolicExecutionTreeBuilder" time="3.315"/>
  <testcase name="testVerifiedTest_notMagic()" classname="de.uka.ilkd.key.symbolic_execution.testcase.TestSymbolicExecutionTreeBuilder" time="2.793"/>
  <testcase name="testVerifiedTest_notMagicException()" classname="de.uka.ilkd.key.symbolic_execution.testcase.TestSymbolicExecutionTreeBuilder" time="2.773"/>
  <testcase name="testVerifyMin()" classname="de.uka.ilkd.key.symbolic_execution.testcase.TestSymbolicExecutionTreeBuilder" time="5.005"/>
  <testcase name="testVerifyMinTrueBranch()" classname="de.uka.ilkd.key.symbolic_execution.testcase.TestSymbolicExecutionTreeBuilder" time="2.626"/>
  <testcase name="testVerifyNumberNormal()" classname="de.uka.ilkd.key.symbolic_execution.testcase.TestSymbolicExecutionTreeBuilder" time="2.75"/>
  <testcase name="testVoidWhileWithReturn()" classname="de.uka.ilkd.key.symbolic_execution.testcase.TestSymbolicExecutionTreeBuilder" time="3.27"/>
  <testcase name="testWhileFalseTest()" classname="de.uka.ilkd.key.symbolic_execution.testcase.TestSymbolicExecutionTreeBuilder" time="2.736"/>
  <testcase name="testWhileTest()" classname="de.uka.ilkd.key.symbolic_execution.testcase.TestSymbolicExecutionTreeBuilder" time="2.818"/>
  <testcase name="testWhileWithLoopInvariantInCondition()" classname="de.uka.ilkd.key.symbolic_execution.testcase.TestSymbolicExecutionTreeBuilder" time="3.453"/>
  <testcase name="testWhileWithMethodCallAsConditionOnObject()" classname="de.uka.ilkd.key.symbolic_execution.testcase.TestSymbolicExecutionTreeBuilder" time="7.094"/>
  <testcase name="testWhileWithMethodCallAsCondition_NoPreExpandMethods()" classname="de.uka.ilkd.key.symbolic_execution.testcase.TestSymbolicExecutionTreeBuilder" time="3.187"/>
  <testcase name="testWhileWithMethodCallAsCondition_NoPreMethodContract()" classname="de.uka.ilkd.key.symbolic_execution.testcase.TestSymbolicExecutionTreeBuilder" time="4.56"/>
  <testcase name="testWhileWithMethodCallAsCondition_preExpandMethods()" classname="de.uka.ilkd.key.symbolic_execution.testcase.TestSymbolicExecutionTreeBuilder" time="3.19"/>
  <testcase name="testWhileWithMethodCallAsCondition_preMethodContract()" classname="de.uka.ilkd.key.symbolic_execution.testcase.TestSymbolicExecutionTreeBuilder" time="3.078"/>
  <system-out><![CDATA[]]></system-out>
  <system-err><![CDATA[]]></system-err>
</testsuite>
