<?xml version="1.0" encoding="UTF-8"?>
<testsuite name="de.uka.ilkd.key.symbolic_execution.testcase.strategy.TestSymbolicExecutionStrategy" tests="29" skipped="0" failures="0" errors="0" timestamp="2023-01-30T19:41:42" hostname="fv-az565-128" time="98.088">
  <properties/>
  <testcase name="testAliasTest_Array_AliasChecksImmediately()" classname="de.uka.ilkd.key.symbolic_execution.testcase.strategy.TestSymbolicExecutionStrategy" time="3.948"/>
  <testcase name="testAliasTest_Array_AliasChecksNever()" classname="de.uka.ilkd.key.symbolic_execution.testcase.strategy.TestSymbolicExecutionStrategy" time="3.478"/>
  <testcase name="testAliasTest_Objects_AliasChecksImmediately()" classname="de.uka.ilkd.key.symbolic_execution.testcase.strategy.TestSymbolicExecutionStrategy" time="6.254"/>
  <testcase name="testAliasTest_Objects_AliasChecksNever()" classname="de.uka.ilkd.key.symbolic_execution.testcase.strategy.TestSymbolicExecutionStrategy" time="4.721"/>
  <testcase name="testBlockContractPreconditionNotVerified_SymbolicExecution()" classname="de.uka.ilkd.key.symbolic_execution.testcase.strategy.TestSymbolicExecutionStrategy" time="2.723"/>
  <testcase name="testBlockContractWithExceptionPostconditionNotVerified_SymbolicExecution()" classname="de.uka.ilkd.key.symbolic_execution.testcase.strategy.TestSymbolicExecutionStrategy" time="2.828"/>
  <testcase name="testBlockContractWithException_SymbolicExecution()" classname="de.uka.ilkd.key.symbolic_execution.testcase.strategy.TestSymbolicExecutionStrategy" time="2.932"/>
  <testcase name="testBlockContractWithReturnPostconditionNotVerified_SymbolicExecution()" classname="de.uka.ilkd.key.symbolic_execution.testcase.strategy.TestSymbolicExecutionStrategy" time="2.749"/>
  <testcase name="testBlockContractWithReturn_SymbolicExecution()" classname="de.uka.ilkd.key.symbolic_execution.testcase.strategy.TestSymbolicExecutionStrategy" time="2.732"/>
  <testcase name="testNonExecutionBranchHidingArraysIndexOf_hiding_off()" classname="de.uka.ilkd.key.symbolic_execution.testcase.strategy.TestSymbolicExecutionStrategy" time="3.652"/>
  <testcase name="testNonExecutionBranchHidingArraysIndexOf_hiding_side_proof()" classname="de.uka.ilkd.key.symbolic_execution.testcase.strategy.TestSymbolicExecutionStrategy" time="3.48"/>
  <testcase name="testNonExecutionBranchHidingComplexPrecondition_hiding_off()" classname="de.uka.ilkd.key.symbolic_execution.testcase.strategy.TestSymbolicExecutionStrategy" time="3.202"/>
  <testcase name="testNonExecutionBranchHidingComplexPrecondition_hiding_side_proof()" classname="de.uka.ilkd.key.symbolic_execution.testcase.strategy.TestSymbolicExecutionStrategy" time="3.239"/>
  <testcase name="testNonExecutionBranchHidingLoopInvariantWithSplittingQuery_hiding_off()" classname="de.uka.ilkd.key.symbolic_execution.testcase.strategy.TestSymbolicExecutionStrategy" time="3.672"/>
  <testcase name="testNonExecutionBranchHidingLoopInvariantWithSplittingQuery_hiding_side_proof()" classname="de.uka.ilkd.key.symbolic_execution.testcase.strategy.TestSymbolicExecutionStrategy" time="3.843"/>
  <testcase name="testNonExecutionBranchHidingQueryInPrecondition_hiding_off()" classname="de.uka.ilkd.key.symbolic_execution.testcase.strategy.TestSymbolicExecutionStrategy" time="3.279"/>
  <testcase name="testNonExecutionBranchHidingQueryInPrecondition_hiding_side_proof()" classname="de.uka.ilkd.key.symbolic_execution.testcase.strategy.TestSymbolicExecutionStrategy" time="5.174"/>
  <testcase name="testNonExecutionBranchHidingQueryWithFields_hiding_off()" classname="de.uka.ilkd.key.symbolic_execution.testcase.strategy.TestSymbolicExecutionStrategy" time="3.325"/>
  <testcase name="testNonExecutionBranchHidingQueryWithFields_hiding_side_proof()" classname="de.uka.ilkd.key.symbolic_execution.testcase.strategy.TestSymbolicExecutionStrategy" time="3.32"/>
  <testcase name="testNonExecutionBranchHidingQueryWithSideEffects_hiding_off()" classname="de.uka.ilkd.key.symbolic_execution.testcase.strategy.TestSymbolicExecutionStrategy" time="3.085"/>
  <testcase name="testNonExecutionBranchHidingQueryWithSideEffects_hiding_side_proof()" classname="de.uka.ilkd.key.symbolic_execution.testcase.strategy.TestSymbolicExecutionStrategy" time="3.204"/>
  <testcase name="testNonExecutionBranchHidingSimpleBooleanQuery_hiding_off()" classname="de.uka.ilkd.key.symbolic_execution.testcase.strategy.TestSymbolicExecutionStrategy" time="2.949"/>
  <testcase name="testNonExecutionBranchHidingSimpleBooleanQuery_hiding_side_proof()" classname="de.uka.ilkd.key.symbolic_execution.testcase.strategy.TestSymbolicExecutionStrategy" time="2.836"/>
  <testcase name="testNonExecutionBranchHidingSimpleIntQuery_mainWithSymbolicUpdates_hiding_side_proof()" classname="de.uka.ilkd.key.symbolic_execution.testcase.strategy.TestSymbolicExecutionStrategy" time="2.863"/>
  <testcase name="testNonExecutionBranchHidingSimpleIntQuery_mainWithUpdates_hiding_side_proof()" classname="de.uka.ilkd.key.symbolic_execution.testcase.strategy.TestSymbolicExecutionStrategy" time="2.78"/>
  <testcase name="testNonExecutionBranchHidingSimpleIntQuery_main_hiding_off()" classname="de.uka.ilkd.key.symbolic_execution.testcase.strategy.TestSymbolicExecutionStrategy" time="2.923"/>
  <testcase name="testNonExecutionBranchHidingSimpleIntQuery_main_hiding_side_proof()" classname="de.uka.ilkd.key.symbolic_execution.testcase.strategy.TestSymbolicExecutionStrategy" time="2.845"/>
  <testcase name="testNonExecutionBranchHidingSimpleObjectQuery_hiding_off()" classname="de.uka.ilkd.key.symbolic_execution.testcase.strategy.TestSymbolicExecutionStrategy" time="2.989"/>
  <testcase name="testNonExecutionBranchHidingSimpleObjectQuery_hiding_side_proof()" classname="de.uka.ilkd.key.symbolic_execution.testcase.strategy.TestSymbolicExecutionStrategy" time="3.059"/>
  <system-out><![CDATA[]]></system-out>
  <system-err><![CDATA[]]></system-err>
</testsuite>
