<?xml version="1.0" encoding="UTF-8"?>
<testsuite name="de.uka.ilkd.key.testcase.smt.testgen.TestTestgen" tests="1" skipped="0" failures="0" errors="0" timestamp="2023-05-01T21:31:28" hostname="fv-az553-779" time="5.717">
  <properties/>
  <testcase name="testMiddle()" classname="de.uka.ilkd.key.testcase.smt.testgen.TestTestgen" time="5.717"/>
  <system-out><![CDATA[18529      WARN  Test worker     d.u.i.k.t.s.t.TestTestgen Warning: Z3_CE is not installed, tests skipped. 
18529      WARN  Test worker     d.u.i.k.t.s.t.TestTestgen Maybe use JVM system property "z3SolverPath" to define the path to the Z3 command. 
18638      INFO  Test worker     d.u.i.k.p.i.AbstractProblemLoader Loading environment from src\test\resources\testcase\smt\tg\middle.key 
18638      DEBUG Test worker     d.u.i.k.p.i.AbstractProblemLoader Environment load took 941.2ns 
18654      INFO  Test worker     d.u.i.k.p.i.AbstractProblemLoader Creating init config 
23187      DEBUG Test worker     d.u.i.k.p.i.AbstractProblemLoader Init config took 4.53s 
23297      INFO  Test worker     d.u.i.k.p.i.AbstractProblemLoader Replaying proof Middle[Middle::middle(int,int,int)].JML normal_behavior operation contract.0 
23312      DEBUG Test worker     d.u.i.k.p.i.IntermediateProofReplayer Proof replay took 18.6ns 
]]></system-out>
  <system-err><![CDATA[]]></system-err>
</testsuite>
