<?xml version="1.0" encoding="UTF-8"?>
<testsuite name="de.uka.ilkd.key.proof.runallproofs.RunAllProofsInfFlow" tests="30" skipped="0" failures="0" errors="0" timestamp="2023-03-06T12:40:19" hostname="fv-az255-249" time="3832.946">
  <properties/>
  <testcase name="ToyVoting" classname="de.uka.ilkd.key.proof.runallproofs.RunAllProofsInfFlow" time="40.146"/>
  <testcase name="ConditionalConfidential" classname="de.uka.ilkd.key.proof.runallproofs.RunAllProofsInfFlow" time="21.666"/>
  <testcase name="SumExample" classname="de.uka.ilkd.key.proof.runallproofs.RunAllProofsInfFlow" time="14.126"/>
  <testcase name="ToyBanking" classname="de.uka.ilkd.key.proof.runallproofs.RunAllProofsInfFlow" time="155.611"/>
  <testcase name="BlockContracts" classname="de.uka.ilkd.key.proof.runallproofs.RunAllProofsInfFlow" time="91.128"/>
  <testcase name="MethodContracts" classname="de.uka.ilkd.key.proof.runallproofs.RunAllProofsInfFlow" time="101.706"/>
  <testcase name="LoopInvariants" classname="de.uka.ilkd.key.proof.runallproofs.RunAllProofsInfFlow" time="99.964"/>
  <testcase name="MiniExamples" classname="de.uka.ilkd.key.proof.runallproofs.RunAllProofsInfFlow" time="135.974"/>
  <testcase name="NewObjects" classname="de.uka.ilkd.key.proof.runallproofs.RunAllProofsInfFlow" time="116.568"/>
  <testcase name="passwordfile.SecurePasswordFile(passwordfile.SecurePasswordFile___userIndex()).JML accessible clause.0.key" classname="de.uka.ilkd.key.proof.runallproofs.RunAllProofsInfFlow" time="13.708"/>
  <testcase name="SimpleEvoting" classname="de.uka.ilkd.key.proof.runallproofs.RunAllProofsInfFlow" time="231.076"/>
  <testcase name="ToyVoting_nomacro" classname="de.uka.ilkd.key.proof.runallproofs.RunAllProofsInfFlow" time="49.063"/>
  <testcase name="ConditionalConfidential_nomacro" classname="de.uka.ilkd.key.proof.runallproofs.RunAllProofsInfFlow" time="0.0"/>
  <testcase name="SumExample_nomacro" classname="de.uka.ilkd.key.proof.runallproofs.RunAllProofsInfFlow" time="16.411"/>
  <testcase name="ToyBanking_nomacro" classname="de.uka.ilkd.key.proof.runallproofs.RunAllProofsInfFlow" time="115.308"/>
  <testcase name="BlockContracts_nomacro" classname="de.uka.ilkd.key.proof.runallproofs.RunAllProofsInfFlow" time="113.996"/>
  <testcase name="MethodContracts_nomacro" classname="de.uka.ilkd.key.proof.runallproofs.RunAllProofsInfFlow" time="104.523"/>
  <testcase name="LoopInvariants_nomacro" classname="de.uka.ilkd.key.proof.runallproofs.RunAllProofsInfFlow" time="153.346"/>
  <testcase name="MiniExamples_nomacro" classname="de.uka.ilkd.key.proof.runallproofs.RunAllProofsInfFlow" time="142.476"/>
  <testcase name="NewObjects_nomacro" classname="de.uka.ilkd.key.proof.runallproofs.RunAllProofsInfFlow" time="186.009"/>
  <testcase name="SimpleEvoting_nomacro" classname="de.uka.ilkd.key.proof.runallproofs.RunAllProofsInfFlow" time="187.658"/>
  <testcase name="ToyVoting_fullmacro" classname="de.uka.ilkd.key.proof.runallproofs.RunAllProofsInfFlow" time="81.33"/>
  <testcase name="SumExample_fullmacro" classname="de.uka.ilkd.key.proof.runallproofs.RunAllProofsInfFlow" time="15.853"/>
  <testcase name="ToyBanking_fullmacro" classname="de.uka.ilkd.key.proof.runallproofs.RunAllProofsInfFlow" time="353.969"/>
  <testcase name="BlockContracts_fullmacro" classname="de.uka.ilkd.key.proof.runallproofs.RunAllProofsInfFlow" time="119.96"/>
  <testcase name="MethodContracts_fullmacro" classname="de.uka.ilkd.key.proof.runallproofs.RunAllProofsInfFlow" time="106.244"/>
  <testcase name="InformationFlow_fullmacro" classname="de.uka.ilkd.key.proof.runallproofs.RunAllProofsInfFlow" time="427.101"/>
  <testcase name="MiniExamples_fullmacro" classname="de.uka.ilkd.key.proof.runallproofs.RunAllProofsInfFlow" time="143.209"/>
  <testcase name="NewObjects_fullmacro" classname="de.uka.ilkd.key.proof.runallproofs.RunAllProofsInfFlow" time="257.746"/>
  <testcase name="SimpleEvoting_fullmacro" classname="de.uka.ilkd.key.proof.runallproofs.RunAllProofsInfFlow" time="237.022"/>
  <system-out><![CDATA[12:40:19,069 |-INFO in ch.qos.logback.classic.LoggerContext[default] - Could NOT find resource [logback-test.xml]
12:40:19,069 |-INFO in ch.qos.logback.classic.LoggerContext[default] - Found resource [logback.xml] at [file:/home/runner/work/key/key/key.core/build/resources/test/logback.xml]
12:40:19,369 |-INFO in ch.qos.logback.classic.joran.action.ConfigurationAction - debug attribute not set
12:40:19,370 |-INFO in ch.qos.logback.core.joran.action.AppenderAction - About to instantiate appender of type [ch.qos.logback.core.ConsoleAppender]
12:40:19,377 |-INFO in ch.qos.logback.core.joran.action.AppenderAction - Naming appender as [STDOUT]
12:40:19,381 |-ERROR in ch.qos.logback.core.joran.spi.Interpreter@3:15 - no applicable action for [file], current ElementPath  is [[configuration][appender][file]]
12:40:19,382 |-ERROR in ch.qos.logback.core.joran.spi.Interpreter@4:17 - no applicable action for [append], current ElementPath  is [[configuration][appender][append]]
12:40:19,383 |-INFO in ch.qos.logback.core.joran.action.NestedComplexPropertyIA - Assuming default type [ch.qos.logback.classic.encoder.PatternLayoutEncoder] for [encoder] property
12:40:19,409 |-INFO in ch.qos.logback.classic.joran.action.RootLoggerAction - Setting level of ROOT logger to WARN
12:40:19,410 |-INFO in ch.qos.logback.core.joran.action.AppenderRefAction - Attaching appender named [STDOUT] to Logger[ROOT]
12:40:19,410 |-INFO in ch.qos.logback.classic.joran.action.ConfigurationAction - End of configuration.
12:40:19,411 |-INFO in ch.qos.logback.classic.joran.JoranConfigurator@19fb8826 - Registering current configuration as safe fallback point

Running test ToyVoting
12:40:19,991 |-INFO in ch.qos.logback.classic.LoggerContext[default] - Could NOT find resource [logback-test.xml]
12:40:19,992 |-INFO in ch.qos.logback.classic.LoggerContext[default] - Found resource [logback.xml] at [file:/home/runner/work/key/key/key.core/build/resources/test/logback.xml]
12:40:20,136 |-INFO in ch.qos.logback.classic.joran.action.ConfigurationAction - debug attribute not set
12:40:20,136 |-INFO in ch.qos.logback.core.joran.action.AppenderAction - About to instantiate appender of type [ch.qos.logback.core.ConsoleAppender]
12:40:20,155 |-INFO in ch.qos.logback.core.joran.action.AppenderAction - Naming appender as [STDOUT]
12:40:20,163 |-ERROR in ch.qos.logback.core.joran.spi.Interpreter@3:15 - no applicable action for [file], current ElementPath  is [[configuration][appender][file]]
12:40:20,163 |-ERROR in ch.qos.logback.core.joran.spi.Interpreter@4:17 - no applicable action for [append], current ElementPath  is [[configuration][appender][append]]
12:40:20,166 |-INFO in ch.qos.logback.core.joran.action.NestedComplexPropertyIA - Assuming default type [ch.qos.logback.classic.encoder.PatternLayoutEncoder] for [encoder] property
12:40:20,196 |-INFO in ch.qos.logback.classic.joran.action.RootLoggerAction - Setting level of ROOT logger to WARN
12:40:20,196 |-INFO in ch.qos.logback.core.joran.action.AppenderRefAction - Attaching appender named [STDOUT] to Logger[ROOT]
12:40:20,196 |-INFO in ch.qos.logback.classic.joran.action.ConfigurationAction - End of configuration.
12:40:20,199 |-INFO in ch.qos.logback.classic.joran.JoranConfigurator@2f177a4b - Registering current configuration as safe fallback point

461        WARN  main            d.u.i.k.s.ProofSettings   No proof-settings could be loaded, using defaults java.io.FileNotFoundException: /home/runner/.key/proof-settings.props (No such file or directory)
	at java.base/java.io.FileInputStream.open0(Native Method)

Returning from test ToyVoting
Running test ConditionalConfidential
12:40:59,902 |-INFO in ch.qos.logback.classic.LoggerContext[default] - Could NOT find resource [logback-test.xml]
12:40:59,909 |-INFO in ch.qos.logback.classic.LoggerContext[default] - Found resource [logback.xml] at [file:/home/runner/work/key/key/key.core/build/resources/test/logback.xml]
12:41:00,077 |-INFO in ch.qos.logback.classic.joran.action.ConfigurationAction - debug attribute not set
12:41:00,078 |-INFO in ch.qos.logback.core.joran.action.AppenderAction - About to instantiate appender of type [ch.qos.logback.core.ConsoleAppender]
12:41:00,096 |-INFO in ch.qos.logback.core.joran.action.AppenderAction - Naming appender as [STDOUT]
12:41:00,118 |-ERROR in ch.qos.logback.core.joran.spi.Interpreter@3:15 - no applicable action for [file], current ElementPath  is [[configuration][appender][file]]
12:41:00,120 |-ERROR in ch.qos.logback.core.joran.spi.Interpreter@4:17 - no applicable action for [append], current ElementPath  is [[configuration][appender][append]]
12:41:00,126 |-INFO in ch.qos.logback.core.joran.action.NestedComplexPropertyIA - Assuming default type [ch.qos.logback.classic.encoder.PatternLayoutEncoder] for [encoder] property
12:41:00,175 |-INFO in ch.qos.logback.classic.joran.action.RootLoggerAction - Setting level of ROOT logger to WARN
12:41:00,175 |-INFO in ch.qos.logback.core.joran.action.AppenderRefAction - Attaching appender named [STDOUT] to Logger[ROOT]
12:41:00,175 |-INFO in ch.qos.logback.classic.joran.action.ConfigurationAction - End of configuration.
12:41:00,178 |-INFO in ch.qos.logback.classic.joran.JoranConfigurator@2f177a4b - Registering current configuration as safe fallback point

482        WARN  main            d.u.i.k.s.ProofSettings   The settings in /home/runner/.key/proof-settings.props are *not* read. 
Returning from test ConditionalConfidential
Running test SumExample
12:41:21,572 |-INFO in ch.qos.logback.classic.LoggerContext[default] - Could NOT find resource [logback-test.xml]
12:41:21,573 |-INFO in ch.qos.logback.classic.LoggerContext[default] - Found resource [logback.xml] at [file:/home/runner/work/key/key/key.core/build/resources/test/logback.xml]
12:41:21,733 |-INFO in ch.qos.logback.classic.joran.action.ConfigurationAction - debug attribute not set
12:41:21,734 |-INFO in ch.qos.logback.core.joran.action.AppenderAction - About to instantiate appender of type [ch.qos.logback.core.ConsoleAppender]
12:41:21,754 |-INFO in ch.qos.logback.core.joran.action.AppenderAction - Naming appender as [STDOUT]
12:41:21,761 |-ERROR in ch.qos.logback.core.joran.spi.Interpreter@3:15 - no applicable action for [file], current ElementPath  is [[configuration][appender][file]]
12:41:21,761 |-ERROR in ch.qos.logback.core.joran.spi.Interpreter@4:17 - no applicable action for [append], current ElementPath  is [[configuration][appender][append]]
12:41:21,763 |-INFO in ch.qos.logback.core.joran.action.NestedComplexPropertyIA - Assuming default type [ch.qos.logback.classic.encoder.PatternLayoutEncoder] for [encoder] property
12:41:21,816 |-INFO in ch.qos.logback.classic.joran.action.RootLoggerAction - Setting level of ROOT logger to WARN
12:41:21,816 |-INFO in ch.qos.logback.core.joran.action.AppenderRefAction - Attaching appender named [STDOUT] to Logger[ROOT]
12:41:21,817 |-INFO in ch.qos.logback.classic.joran.action.ConfigurationAction - End of configuration.
12:41:21,819 |-INFO in ch.qos.logback.classic.joran.JoranConfigurator@29176cc1 - Registering current configuration as safe fallback point

416        WARN  main            d.u.i.k.s.ProofSettings   The settings in /home/runner/.key/proof-settings.props are *not* read. 
Returning from test SumExample
Running test ToyBanking
12:41:35,709 |-INFO in ch.qos.logback.classic.LoggerContext[default] - Could NOT find resource [logback-test.xml]
12:41:35,712 |-INFO in ch.qos.logback.classic.LoggerContext[default] - Found resource [logback.xml] at [file:/home/runner/work/key/key/key.core/build/resources/test/logback.xml]
12:41:35,873 |-INFO in ch.qos.logback.classic.joran.action.ConfigurationAction - debug attribute not set
12:41:35,875 |-INFO in ch.qos.logback.core.joran.action.AppenderAction - About to instantiate appender of type [ch.qos.logback.core.ConsoleAppender]
12:41:35,892 |-INFO in ch.qos.logback.core.joran.action.AppenderAction - Naming appender as [STDOUT]
12:41:35,899 |-ERROR in ch.qos.logback.core.joran.spi.Interpreter@3:15 - no applicable action for [file], current ElementPath  is [[configuration][appender][file]]
12:41:35,899 |-ERROR in ch.qos.logback.core.joran.spi.Interpreter@4:17 - no applicable action for [append], current ElementPath  is [[configuration][appender][append]]
12:41:35,901 |-INFO in ch.qos.logback.core.joran.action.NestedComplexPropertyIA - Assuming default type [ch.qos.logback.classic.encoder.PatternLayoutEncoder] for [encoder] property
12:41:35,935 |-INFO in ch.qos.logback.classic.joran.action.RootLoggerAction - Setting level of ROOT logger to WARN
12:41:35,935 |-INFO in ch.qos.logback.core.joran.action.AppenderRefAction - Attaching appender named [STDOUT] to Logger[ROOT]
12:41:35,935 |-INFO in ch.qos.logback.classic.joran.action.ConfigurationAction - End of configuration.
12:41:35,938 |-INFO in ch.qos.logback.classic.joran.JoranConfigurator@29176cc1 - Registering current configuration as safe fallback point

440        WARN  main            d.u.i.k.s.ProofSettings   The settings in /home/runner/.key/proof-settings.props are *not* read. 
Returning from test ToyBanking
Running test BlockContracts
12:44:11,302 |-INFO in ch.qos.logback.classic.LoggerContext[default] - Could NOT find resource [logback-test.xml]
12:44:11,303 |-INFO in ch.qos.logback.classic.LoggerContext[default] - Found resource [logback.xml] at [file:/home/runner/work/key/key/key.core/build/resources/test/logback.xml]
12:44:11,450 |-INFO in ch.qos.logback.classic.joran.action.ConfigurationAction - debug attribute not set
12:44:11,451 |-INFO in ch.qos.logback.core.joran.action.AppenderAction - About to instantiate appender of type [ch.qos.logback.core.ConsoleAppender]
12:44:11,476 |-INFO in ch.qos.logback.core.joran.action.AppenderAction - Naming appender as [STDOUT]
12:44:11,488 |-ERROR in ch.qos.logback.core.joran.spi.Interpreter@3:15 - no applicable action for [file], current ElementPath  is [[configuration][appender][file]]
12:44:11,489 |-ERROR in ch.qos.logback.core.joran.spi.Interpreter@4:17 - no applicable action for [append], current ElementPath  is [[configuration][appender][append]]
12:44:11,493 |-INFO in ch.qos.logback.core.joran.action.NestedComplexPropertyIA - Assuming default type [ch.qos.logback.classic.encoder.PatternLayoutEncoder] for [encoder] property
12:44:11,520 |-INFO in ch.qos.logback.classic.joran.action.RootLoggerAction - Setting level of ROOT logger to WARN
12:44:11,520 |-INFO in ch.qos.logback.core.joran.action.AppenderRefAction - Attaching appender named [STDOUT] to Logger[ROOT]
12:44:11,521 |-INFO in ch.qos.logback.classic.joran.action.ConfigurationAction - End of configuration.
12:44:11,523 |-INFO in ch.qos.logback.classic.joran.JoranConfigurator@29176cc1 - Registering current configuration as safe fallback point

400        WARN  main            d.u.i.k.s.ProofSettings   The settings in /home/runner/.key/proof-settings.props are *not* read. 
Returning from test BlockContracts
Running test MethodContracts
12:45:42,452 |-INFO in ch.qos.logback.classic.LoggerContext[default] - Could NOT find resource [logback-test.xml]
12:45:42,454 |-INFO in ch.qos.logback.classic.LoggerContext[default] - Found resource [logback.xml] at [file:/home/runner/work/key/key/key.core/build/resources/test/logback.xml]
12:45:42,598 |-INFO in ch.qos.logback.classic.joran.action.ConfigurationAction - debug attribute not set
12:45:42,598 |-INFO in ch.qos.logback.core.joran.action.AppenderAction - About to instantiate appender of type [ch.qos.logback.core.ConsoleAppender]
12:45:42,614 |-INFO in ch.qos.logback.core.joran.action.AppenderAction - Naming appender as [STDOUT]
12:45:42,620 |-ERROR in ch.qos.logback.core.joran.spi.Interpreter@3:15 - no applicable action for [file], current ElementPath  is [[configuration][appender][file]]
12:45:42,621 |-ERROR in ch.qos.logback.core.joran.spi.Interpreter@4:17 - no applicable action for [append], current ElementPath  is [[configuration][appender][append]]
12:45:42,622 |-INFO in ch.qos.logback.core.joran.action.NestedComplexPropertyIA - Assuming default type [ch.qos.logback.classic.encoder.PatternLayoutEncoder] for [encoder] property
12:45:42,654 |-INFO in ch.qos.logback.classic.joran.action.RootLoggerAction - Setting level of ROOT logger to WARN
12:45:42,654 |-INFO in ch.qos.logback.core.joran.action.AppenderRefAction - Attaching appender named [STDOUT] to Logger[ROOT]
12:45:42,655 |-INFO in ch.qos.logback.classic.joran.action.ConfigurationAction - End of configuration.
12:45:42,657 |-INFO in ch.qos.logback.classic.joran.JoranConfigurator@29176cc1 - Registering current configuration as safe fallback point

390        WARN  main            d.u.i.k.s.ProofSettings   The settings in /home/runner/.key/proof-settings.props are *not* read. 
Returning from test MethodContracts
Running test LoopInvariants
12:47:24,143 |-INFO in ch.qos.logback.classic.LoggerContext[default] - Could NOT find resource [logback-test.xml]
12:47:24,144 |-INFO in ch.qos.logback.classic.LoggerContext[default] - Found resource [logback.xml] at [file:/home/runner/work/key/key/key.core/build/resources/test/logback.xml]
12:47:24,289 |-INFO in ch.qos.logback.classic.joran.action.ConfigurationAction - debug attribute not set
12:47:24,290 |-INFO in ch.qos.logback.core.joran.action.AppenderAction - About to instantiate appender of type [ch.qos.logback.core.ConsoleAppender]
12:47:24,309 |-INFO in ch.qos.logback.core.joran.action.AppenderAction - Naming appender as [STDOUT]
12:47:24,323 |-ERROR in ch.qos.logback.core.joran.spi.Interpreter@3:15 - no applicable action for [file], current ElementPath  is [[configuration][appender][file]]
12:47:24,324 |-ERROR in ch.qos.logback.core.joran.spi.Interpreter@4:17 - no applicable action for [append], current ElementPath  is [[configuration][appender][append]]
12:47:24,328 |-INFO in ch.qos.logback.core.joran.action.NestedComplexPropertyIA - Assuming default type [ch.qos.logback.classic.encoder.PatternLayoutEncoder] for [encoder] property
12:47:24,357 |-INFO in ch.qos.logback.classic.joran.action.RootLoggerAction - Setting level of ROOT logger to WARN
12:47:24,357 |-INFO in ch.qos.logback.core.joran.action.AppenderRefAction - Attaching appender named [STDOUT] to Logger[ROOT]
12:47:24,358 |-INFO in ch.qos.logback.classic.joran.action.ConfigurationAction - End of configuration.
12:47:24,360 |-INFO in ch.qos.logback.classic.joran.JoranConfigurator@29176cc1 - Registering current configuration as safe fallback point

395        WARN  main            d.u.i.k.s.ProofSettings   The settings in /home/runner/.key/proof-settings.props are *not* read. 
Returning from test LoopInvariants
Running test MiniExamples
12:49:04,132 |-INFO in ch.qos.logback.classic.LoggerContext[default] - Could NOT find resource [logback-test.xml]
12:49:04,133 |-INFO in ch.qos.logback.classic.LoggerContext[default] - Found resource [logback.xml] at [file:/home/runner/work/key/key/key.core/build/resources/test/logback.xml]
12:49:04,270 |-INFO in ch.qos.logback.classic.joran.action.ConfigurationAction - debug attribute not set
12:49:04,270 |-INFO in ch.qos.logback.core.joran.action.AppenderAction - About to instantiate appender of type [ch.qos.logback.core.ConsoleAppender]
12:49:04,285 |-INFO in ch.qos.logback.core.joran.action.AppenderAction - Naming appender as [STDOUT]
12:49:04,290 |-ERROR in ch.qos.logback.core.joran.spi.Interpreter@3:15 - no applicable action for [file], current ElementPath  is [[configuration][appender][file]]
12:49:04,291 |-ERROR in ch.qos.logback.core.joran.spi.Interpreter@4:17 - no applicable action for [append], current ElementPath  is [[configuration][appender][append]]
12:49:04,292 |-INFO in ch.qos.logback.core.joran.action.NestedComplexPropertyIA - Assuming default type [ch.qos.logback.classic.encoder.PatternLayoutEncoder] for [encoder] property
12:49:04,321 |-INFO in ch.qos.logback.classic.joran.action.RootLoggerAction - Setting level of ROOT logger to WARN
12:49:04,321 |-INFO in ch.qos.logback.core.joran.action.AppenderRefAction - Attaching appender named [STDOUT] to Logger[ROOT]
12:49:04,322 |-INFO in ch.qos.logback.classic.joran.action.ConfigurationAction - End of configuration.
12:49:04,324 |-INFO in ch.qos.logback.classic.joran.JoranConfigurator@29176cc1 - Registering current configuration as safe fallback point

397        WARN  main            d.u.i.k.s.ProofSettings   The settings in /home/runner/.key/proof-settings.props are *not* read. 
Returning from test MiniExamples
Running test NewObjects
12:51:20,086 |-INFO in ch.qos.logback.classic.LoggerContext[default] - Could NOT find resource [logback-test.xml]
12:51:20,088 |-INFO in ch.qos.logback.classic.LoggerContext[default] - Found resource [logback.xml] at [file:/home/runner/work/key/key/key.core/build/resources/test/logback.xml]
12:51:20,273 |-INFO in ch.qos.logback.classic.joran.action.ConfigurationAction - debug attribute not set
12:51:20,273 |-INFO in ch.qos.logback.core.joran.action.AppenderAction - About to instantiate appender of type [ch.qos.logback.core.ConsoleAppender]
12:51:20,293 |-INFO in ch.qos.logback.core.joran.action.AppenderAction - Naming appender as [STDOUT]
12:51:20,300 |-ERROR in ch.qos.logback.core.joran.spi.Interpreter@3:15 - no applicable action for [file], current ElementPath  is [[configuration][appender][file]]
12:51:20,300 |-ERROR in ch.qos.logback.core.joran.spi.Interpreter@4:17 - no applicable action for [append], current ElementPath  is [[configuration][appender][append]]
12:51:20,302 |-INFO in ch.qos.logback.core.joran.action.NestedComplexPropertyIA - Assuming default type [ch.qos.logback.classic.encoder.PatternLayoutEncoder] for [encoder] property
12:51:20,331 |-INFO in ch.qos.logback.classic.joran.action.RootLoggerAction - Setting level of ROOT logger to WARN
12:51:20,331 |-INFO in ch.qos.logback.core.joran.action.AppenderRefAction - Attaching appender named [STDOUT] to Logger[ROOT]
12:51:20,332 |-INFO in ch.qos.logback.classic.joran.action.ConfigurationAction - End of configuration.
12:51:20,334 |-INFO in ch.qos.logback.classic.joran.JoranConfigurator@29176cc1 - Registering current configuration as safe fallback point

442        WARN  main            d.u.i.k.s.ProofSettings   The settings in /home/runner/.key/proof-settings.props are *not* read. 
Returning from test NewObjects
Running test passwordfile.SecurePasswordFile(passwordfile.SecurePasswordFile___userIndex()).JML accessible clause.0.key
12:53:16,664 |-INFO in ch.qos.logback.classic.LoggerContext[default] - Could NOT find resource [logback-test.xml]
12:53:16,665 |-INFO in ch.qos.logback.classic.LoggerContext[default] - Found resource [logback.xml] at [file:/home/runner/work/key/key/key.core/build/resources/test/logback.xml]
12:53:16,810 |-INFO in ch.qos.logback.classic.joran.action.ConfigurationAction - debug attribute not set
12:53:16,811 |-INFO in ch.qos.logback.core.joran.action.AppenderAction - About to instantiate appender of type [ch.qos.logback.core.ConsoleAppender]
12:53:16,828 |-INFO in ch.qos.logback.core.joran.action.AppenderAction - Naming appender as [STDOUT]
12:53:16,835 |-ERROR in ch.qos.logback.core.joran.spi.Interpreter@3:15 - no applicable action for [file], current ElementPath  is [[configuration][appender][file]]
12:53:16,836 |-ERROR in ch.qos.logback.core.joran.spi.Interpreter@4:17 - no applicable action for [append], current ElementPath  is [[configuration][appender][append]]
12:53:16,838 |-INFO in ch.qos.logback.core.joran.action.NestedComplexPropertyIA - Assuming default type [ch.qos.logback.classic.encoder.PatternLayoutEncoder] for [encoder] property
12:53:16,865 |-INFO in ch.qos.logback.classic.joran.action.RootLoggerAction - Setting level of ROOT logger to WARN
12:53:16,865 |-INFO in ch.qos.logback.core.joran.action.AppenderRefAction - Attaching appender named [STDOUT] to Logger[ROOT]
12:53:16,866 |-INFO in ch.qos.logback.classic.joran.action.ConfigurationAction - End of configuration.
12:53:16,868 |-INFO in ch.qos.logback.classic.joran.JoranConfigurator@29176cc1 - Registering current configuration as safe fallback point

374        WARN  main            d.u.i.k.s.ProofSettings   The settings in /home/runner/.key/proof-settings.props are *not* read. 
Returning from test passwordfile.SecurePasswordFile(passwordfile.SecurePasswordFile___userIndex()).JML accessible clause.0.key
Running test SimpleEvoting
12:53:30,364 |-INFO in ch.qos.logback.classic.LoggerContext[default] - Could NOT find resource [logback-test.xml]
12:53:30,365 |-INFO in ch.qos.logback.classic.LoggerContext[default] - Found resource [logback.xml] at [file:/home/runner/work/key/key/key.core/build/resources/test/logback.xml]
12:53:30,518 |-INFO in ch.qos.logback.classic.joran.action.ConfigurationAction - debug attribute not set
12:53:30,519 |-INFO in ch.qos.logback.core.joran.action.AppenderAction - About to instantiate appender of type [ch.qos.logback.core.ConsoleAppender]
12:53:30,533 |-INFO in ch.qos.logback.core.joran.action.AppenderAction - Naming appender as [STDOUT]
12:53:30,539 |-ERROR in ch.qos.logback.core.joran.spi.Interpreter@3:15 - no applicable action for [file], current ElementPath  is [[configuration][appender][file]]
12:53:30,540 |-ERROR in ch.qos.logback.core.joran.spi.Interpreter@4:17 - no applicable action for [append], current ElementPath  is [[configuration][appender][append]]
12:53:30,541 |-INFO in ch.qos.logback.core.joran.action.NestedComplexPropertyIA - Assuming default type [ch.qos.logback.classic.encoder.PatternLayoutEncoder] for [encoder] property
12:53:30,571 |-INFO in ch.qos.logback.classic.joran.action.RootLoggerAction - Setting level of ROOT logger to WARN
12:53:30,571 |-INFO in ch.qos.logback.core.joran.action.AppenderRefAction - Attaching appender named [STDOUT] to Logger[ROOT]
12:53:30,572 |-INFO in ch.qos.logback.classic.joran.action.ConfigurationAction - End of configuration.
12:53:30,577 |-INFO in ch.qos.logback.classic.joran.JoranConfigurator@29176cc1 - Registering current configuration as safe fallback point

397        WARN  main            d.u.i.k.s.ProofSettings   The settings in /home/runner/.key/proof-settings.props are *not* read. 
Returning from test SimpleEvoting
Running test ToyVoting_nomacro
12:57:21,443 |-INFO in ch.qos.logback.classic.LoggerContext[default] - Could NOT find resource [logback-test.xml]
12:57:21,444 |-INFO in ch.qos.logback.classic.LoggerContext[default] - Found resource [logback.xml] at [file:/home/runner/work/key/key/key.core/build/resources/test/logback.xml]
12:57:21,582 |-INFO in ch.qos.logback.classic.joran.action.ConfigurationAction - debug attribute not set
12:57:21,583 |-INFO in ch.qos.logback.core.joran.action.AppenderAction - About to instantiate appender of type [ch.qos.logback.core.ConsoleAppender]
12:57:21,601 |-INFO in ch.qos.logback.core.joran.action.AppenderAction - Naming appender as [STDOUT]
12:57:21,607 |-ERROR in ch.qos.logback.core.joran.spi.Interpreter@3:15 - no applicable action for [file], current ElementPath  is [[configuration][appender][file]]
12:57:21,607 |-ERROR in ch.qos.logback.core.joran.spi.Interpreter@4:17 - no applicable action for [append], current ElementPath  is [[configuration][appender][append]]
12:57:21,609 |-INFO in ch.qos.logback.core.joran.action.NestedComplexPropertyIA - Assuming default type [ch.qos.logback.classic.encoder.PatternLayoutEncoder] for [encoder] property
12:57:21,637 |-INFO in ch.qos.logback.classic.joran.action.RootLoggerAction - Setting level of ROOT logger to WARN
12:57:21,637 |-INFO in ch.qos.logback.core.joran.action.AppenderRefAction - Attaching appender named [STDOUT] to Logger[ROOT]
12:57:21,637 |-INFO in ch.qos.logback.classic.joran.action.ConfigurationAction - End of configuration.
12:57:21,639 |-INFO in ch.qos.logback.classic.joran.JoranConfigurator@29176cc1 - Registering current configuration as safe fallback point

397        WARN  main            d.u.i.k.s.ProofSettings   The settings in /home/runner/.key/proof-settings.props are *not* read. 
Returning from test ToyVoting_nomacro
Running test ConditionalConfidential_nomacro
Returning from test ConditionalConfidential_nomacro
Running test SumExample_nomacro
12:58:10,520 |-INFO in ch.qos.logback.classic.LoggerContext[default] - Could NOT find resource [logback-test.xml]
12:58:10,521 |-INFO in ch.qos.logback.classic.LoggerContext[default] - Found resource [logback.xml] at [file:/home/runner/work/key/key/key.core/build/resources/test/logback.xml]
12:58:10,657 |-INFO in ch.qos.logback.classic.joran.action.ConfigurationAction - debug attribute not set
12:58:10,658 |-INFO in ch.qos.logback.core.joran.action.AppenderAction - About to instantiate appender of type [ch.qos.logback.core.ConsoleAppender]
12:58:10,680 |-INFO in ch.qos.logback.core.joran.action.AppenderAction - Naming appender as [STDOUT]
12:58:10,687 |-ERROR in ch.qos.logback.core.joran.spi.Interpreter@3:15 - no applicable action for [file], current ElementPath  is [[configuration][appender][file]]
12:58:10,687 |-ERROR in ch.qos.logback.core.joran.spi.Interpreter@4:17 - no applicable action for [append], current ElementPath  is [[configuration][appender][append]]
12:58:10,689 |-INFO in ch.qos.logback.core.joran.action.NestedComplexPropertyIA - Assuming default type [ch.qos.logback.classic.encoder.PatternLayoutEncoder] for [encoder] property
12:58:10,720 |-INFO in ch.qos.logback.classic.joran.action.RootLoggerAction - Setting level of ROOT logger to WARN
12:58:10,720 |-INFO in ch.qos.logback.core.joran.action.AppenderRefAction - Attaching appender named [STDOUT] to Logger[ROOT]
12:58:10,720 |-INFO in ch.qos.logback.classic.joran.action.ConfigurationAction - End of configuration.
12:58:10,723 |-INFO in ch.qos.logback.classic.joran.JoranConfigurator@29176cc1 - Registering current configuration as safe fallback point

390        WARN  main            d.u.i.k.s.ProofSettings   The settings in /home/runner/.key/proof-settings.props are *not* read. 
Returning from test SumExample_nomacro
Running test ToyBanking_nomacro
12:58:26,921 |-INFO in ch.qos.logback.classic.LoggerContext[default] - Could NOT find resource [logback-test.xml]
12:58:26,922 |-INFO in ch.qos.logback.classic.LoggerContext[default] - Found resource [logback.xml] at [file:/home/runner/work/key/key/key.core/build/resources/test/logback.xml]
12:58:27,062 |-INFO in ch.qos.logback.classic.joran.action.ConfigurationAction - debug attribute not set
12:58:27,063 |-INFO in ch.qos.logback.core.joran.action.AppenderAction - About to instantiate appender of type [ch.qos.logback.core.ConsoleAppender]
12:58:27,078 |-INFO in ch.qos.logback.core.joran.action.AppenderAction - Naming appender as [STDOUT]
12:58:27,085 |-ERROR in ch.qos.logback.core.joran.spi.Interpreter@3:15 - no applicable action for [file], current ElementPath  is [[configuration][appender][file]]
12:58:27,085 |-ERROR in ch.qos.logback.core.joran.spi.Interpreter@4:17 - no applicable action for [append], current ElementPath  is [[configuration][appender][append]]
12:58:27,087 |-INFO in ch.qos.logback.core.joran.action.NestedComplexPropertyIA - Assuming default type [ch.qos.logback.classic.encoder.PatternLayoutEncoder] for [encoder] property
12:58:27,122 |-INFO in ch.qos.logback.classic.joran.action.RootLoggerAction - Setting level of ROOT logger to WARN
12:58:27,123 |-INFO in ch.qos.logback.core.joran.action.AppenderRefAction - Attaching appender named [STDOUT] to Logger[ROOT]
12:58:27,123 |-INFO in ch.qos.logback.classic.joran.action.ConfigurationAction - End of configuration.
12:58:27,127 |-INFO in ch.qos.logback.classic.joran.JoranConfigurator@29176cc1 - Registering current configuration as safe fallback point

391        WARN  main            d.u.i.k.s.ProofSettings   The settings in /home/runner/.key/proof-settings.props are *not* read. 
Returning from test ToyBanking_nomacro
Running test BlockContracts_nomacro
13:00:22,237 |-INFO in ch.qos.logback.classic.LoggerContext[default] - Could NOT find resource [logback-test.xml]
13:00:22,238 |-INFO in ch.qos.logback.classic.LoggerContext[default] - Found resource [logback.xml] at [file:/home/runner/work/key/key/key.core/build/resources/test/logback.xml]
13:00:22,402 |-INFO in ch.qos.logback.classic.joran.action.ConfigurationAction - debug attribute not set
13:00:22,403 |-INFO in ch.qos.logback.core.joran.action.AppenderAction - About to instantiate appender of type [ch.qos.logback.core.ConsoleAppender]
13:00:22,416 |-INFO in ch.qos.logback.core.joran.action.AppenderAction - Naming appender as [STDOUT]
13:00:22,423 |-ERROR in ch.qos.logback.core.joran.spi.Interpreter@3:15 - no applicable action for [file], current ElementPath  is [[configuration][appender][file]]
13:00:22,424 |-ERROR in ch.qos.logback.core.joran.spi.Interpreter@4:17 - no applicable action for [append], current ElementPath  is [[configuration][appender][append]]
13:00:22,425 |-INFO in ch.qos.logback.core.joran.action.NestedComplexPropertyIA - Assuming default type [ch.qos.logback.classic.encoder.PatternLayoutEncoder] for [encoder] property
13:00:22,455 |-INFO in ch.qos.logback.classic.joran.action.RootLoggerAction - Setting level of ROOT logger to WARN
13:00:22,455 |-INFO in ch.qos.logback.core.joran.action.AppenderRefAction - Attaching appender named [STDOUT] to Logger[ROOT]
13:00:22,456 |-INFO in ch.qos.logback.classic.joran.action.ConfigurationAction - End of configuration.
13:00:22,458 |-INFO in ch.qos.logback.classic.joran.JoranConfigurator@29176cc1 - Registering current configuration as safe fallback point

401        WARN  main            d.u.i.k.s.ProofSettings   The settings in /home/runner/.key/proof-settings.props are *not* read. 
Returning from test BlockContracts_nomacro
Running test MethodContracts_nomacro
13:02:16,219 |-INFO in ch.qos.logback.classic.LoggerContext[default] - Could NOT find resource [logback-test.xml]
13:02:16,220 |-INFO in ch.qos.logback.classic.LoggerContext[default] - Found resource [logback.xml] at [file:/home/runner/work/key/key/key.core/build/resources/test/logback.xml]
13:02:16,348 |-INFO in ch.qos.logback.classic.joran.action.ConfigurationAction - debug attribute not set
13:02:16,348 |-INFO in ch.qos.logback.core.joran.action.AppenderAction - About to instantiate appender of type [ch.qos.logback.core.ConsoleAppender]
13:02:16,369 |-INFO in ch.qos.logback.core.joran.action.AppenderAction - Naming appender as [STDOUT]
13:02:16,375 |-ERROR in ch.qos.logback.core.joran.spi.Interpreter@3:15 - no applicable action for [file], current ElementPath  is [[configuration][appender][file]]
13:02:16,375 |-ERROR in ch.qos.logback.core.joran.spi.Interpreter@4:17 - no applicable action for [append], current ElementPath  is [[configuration][appender][append]]
13:02:16,377 |-INFO in ch.qos.logback.core.joran.action.NestedComplexPropertyIA - Assuming default type [ch.qos.logback.classic.encoder.PatternLayoutEncoder] for [encoder] property
13:02:16,409 |-INFO in ch.qos.logback.classic.joran.action.RootLoggerAction - Setting level of ROOT logger to WARN
13:02:16,409 |-INFO in ch.qos.logback.core.joran.action.AppenderRefAction - Attaching appender named [STDOUT] to Logger[ROOT]
13:02:16,409 |-INFO in ch.qos.logback.classic.joran.action.ConfigurationAction - End of configuration.
13:02:16,412 |-INFO in ch.qos.logback.classic.joran.JoranConfigurator@29176cc1 - Registering current configuration as safe fallback point

375        WARN  main            d.u.i.k.s.ProofSettings   The settings in /home/runner/.key/proof-settings.props are *not* read. 
Returning from test MethodContracts_nomacro
Running test LoopInvariants_nomacro
13:04:00,762 |-INFO in ch.qos.logback.classic.LoggerContext[default] - Could NOT find resource [logback-test.xml]
13:04:00,767 |-INFO in ch.qos.logback.classic.LoggerContext[default] - Found resource [logback.xml] at [file:/home/runner/work/key/key/key.core/build/resources/test/logback.xml]
13:04:00,913 |-INFO in ch.qos.logback.classic.joran.action.ConfigurationAction - debug attribute not set
13:04:00,914 |-INFO in ch.qos.logback.core.joran.action.AppenderAction - About to instantiate appender of type [ch.qos.logback.core.ConsoleAppender]
13:04:00,935 |-INFO in ch.qos.logback.core.joran.action.AppenderAction - Naming appender as [STDOUT]
13:04:00,946 |-ERROR in ch.qos.logback.core.joran.spi.Interpreter@3:15 - no applicable action for [file], current ElementPath  is [[configuration][appender][file]]
13:04:00,946 |-ERROR in ch.qos.logback.core.joran.spi.Interpreter@4:17 - no applicable action for [append], current ElementPath  is [[configuration][appender][append]]
13:04:00,948 |-INFO in ch.qos.logback.core.joran.action.NestedComplexPropertyIA - Assuming default type [ch.qos.logback.classic.encoder.PatternLayoutEncoder] for [encoder] property
13:04:00,985 |-INFO in ch.qos.logback.classic.joran.action.RootLoggerAction - Setting level of ROOT logger to WARN
13:04:00,985 |-INFO in ch.qos.logback.core.joran.action.AppenderRefAction - Attaching appender named [STDOUT] to Logger[ROOT]
13:04:00,986 |-INFO in ch.qos.logback.classic.joran.action.ConfigurationAction - End of configuration.
13:04:00,989 |-INFO in ch.qos.logback.classic.joran.JoranConfigurator@29176cc1 - Registering current configuration as safe fallback point

405        WARN  main            d.u.i.k.s.ProofSettings   The settings in /home/runner/.key/proof-settings.props are *not* read. 
Returning from test LoopInvariants_nomacro
Running test MiniExamples_nomacro
13:06:34,114 |-INFO in ch.qos.logback.classic.LoggerContext[default] - Could NOT find resource [logback-test.xml]
13:06:34,116 |-INFO in ch.qos.logback.classic.LoggerContext[default] - Found resource [logback.xml] at [file:/home/runner/work/key/key/key.core/build/resources/test/logback.xml]
13:06:34,253 |-INFO in ch.qos.logback.classic.joran.action.ConfigurationAction - debug attribute not set
13:06:34,254 |-INFO in ch.qos.logback.core.joran.action.AppenderAction - About to instantiate appender of type [ch.qos.logback.core.ConsoleAppender]
13:06:34,269 |-INFO in ch.qos.logback.core.joran.action.AppenderAction - Naming appender as [STDOUT]
13:06:34,279 |-ERROR in ch.qos.logback.core.joran.spi.Interpreter@3:15 - no applicable action for [file], current ElementPath  is [[configuration][appender][file]]
13:06:34,280 |-ERROR in ch.qos.logback.core.joran.spi.Interpreter@4:17 - no applicable action for [append], current ElementPath  is [[configuration][appender][append]]
13:06:34,285 |-INFO in ch.qos.logback.core.joran.action.NestedComplexPropertyIA - Assuming default type [ch.qos.logback.classic.encoder.PatternLayoutEncoder] for [encoder] property
13:06:34,318 |-INFO in ch.qos.logback.classic.joran.action.RootLoggerAction - Setting level of ROOT logger to WARN
13:06:34,318 |-INFO in ch.qos.logback.core.joran.action.AppenderRefAction - Attaching appender named [STDOUT] to Logger[ROOT]
13:06:34,318 |-INFO in ch.qos.logback.classic.joran.action.ConfigurationAction - End of configuration.
13:06:34,320 |-INFO in ch.qos.logback.classic.joran.JoranConfigurator@29176cc1 - Registering current configuration as safe fallback point

414        WARN  main            d.u.i.k.s.ProofSettings   The settings in /home/runner/.key/proof-settings.props are *not* read. 
Returning from test MiniExamples_nomacro
Running test NewObjects_nomacro
13:08:56,592 |-INFO in ch.qos.logback.classic.LoggerContext[default] - Could NOT find resource [logback-test.xml]
13:08:56,593 |-INFO in ch.qos.logback.classic.LoggerContext[default] - Found resource [logback.xml] at [file:/home/runner/work/key/key/key.core/build/resources/test/logback.xml]
13:08:56,730 |-INFO in ch.qos.logback.classic.joran.action.ConfigurationAction - debug attribute not set
13:08:56,731 |-INFO in ch.qos.logback.core.joran.action.AppenderAction - About to instantiate appender of type [ch.qos.logback.core.ConsoleAppender]
13:08:56,744 |-INFO in ch.qos.logback.core.joran.action.AppenderAction - Naming appender as [STDOUT]
13:08:56,750 |-ERROR in ch.qos.logback.core.joran.spi.Interpreter@3:15 - no applicable action for [file], current ElementPath  is [[configuration][appender][file]]
13:08:56,751 |-ERROR in ch.qos.logback.core.joran.spi.Interpreter@4:17 - no applicable action for [append], current ElementPath  is [[configuration][appender][append]]
13:08:56,753 |-INFO in ch.qos.logback.core.joran.action.NestedComplexPropertyIA - Assuming default type [ch.qos.logback.classic.encoder.PatternLayoutEncoder] for [encoder] property
13:08:56,782 |-INFO in ch.qos.logback.classic.joran.action.RootLoggerAction - Setting level of ROOT logger to WARN
13:08:56,782 |-INFO in ch.qos.logback.core.joran.action.AppenderRefAction - Attaching appender named [STDOUT] to Logger[ROOT]
13:08:56,783 |-INFO in ch.qos.logback.classic.joran.action.ConfigurationAction - End of configuration.
13:08:56,785 |-INFO in ch.qos.logback.classic.joran.JoranConfigurator@29176cc1 - Registering current configuration as safe fallback point

391        WARN  main            d.u.i.k.s.ProofSettings   The settings in /home/runner/.key/proof-settings.props are *not* read. 
Returning from test NewObjects_nomacro
Running test SimpleEvoting_nomacro
13:12:02,611 |-INFO in ch.qos.logback.classic.LoggerContext[default] - Could NOT find resource [logback-test.xml]
13:12:02,612 |-INFO in ch.qos.logback.classic.LoggerContext[default] - Found resource [logback.xml] at [file:/home/runner/work/key/key/key.core/build/resources/test/logback.xml]
13:12:02,760 |-INFO in ch.qos.logback.classic.joran.action.ConfigurationAction - debug attribute not set
13:12:02,761 |-INFO in ch.qos.logback.core.joran.action.AppenderAction - About to instantiate appender of type [ch.qos.logback.core.ConsoleAppender]
13:12:02,788 |-INFO in ch.qos.logback.core.joran.action.AppenderAction - Naming appender as [STDOUT]
13:12:02,795 |-ERROR in ch.qos.logback.core.joran.spi.Interpreter@3:15 - no applicable action for [file], current ElementPath  is [[configuration][appender][file]]
13:12:02,795 |-ERROR in ch.qos.logback.core.joran.spi.Interpreter@4:17 - no applicable action for [append], current ElementPath  is [[configuration][appender][append]]
13:12:02,796 |-INFO in ch.qos.logback.core.joran.action.NestedComplexPropertyIA - Assuming default type [ch.qos.logback.classic.encoder.PatternLayoutEncoder] for [encoder] property
13:12:02,826 |-INFO in ch.qos.logback.classic.joran.action.RootLoggerAction - Setting level of ROOT logger to WARN
13:12:02,826 |-INFO in ch.qos.logback.core.joran.action.AppenderRefAction - Attaching appender named [STDOUT] to Logger[ROOT]
13:12:02,826 |-INFO in ch.qos.logback.classic.joran.action.ConfigurationAction - End of configuration.
13:12:02,829 |-INFO in ch.qos.logback.classic.joran.JoranConfigurator@29176cc1 - Registering current configuration as safe fallback point

430        WARN  main            d.u.i.k.s.ProofSettings   The settings in /home/runner/.key/proof-settings.props are *not* read. 
Returning from test SimpleEvoting_nomacro
Running test ToyVoting_fullmacro
13:15:10,256 |-INFO in ch.qos.logback.classic.LoggerContext[default] - Could NOT find resource [logback-test.xml]
13:15:10,257 |-INFO in ch.qos.logback.classic.LoggerContext[default] - Found resource [logback.xml] at [file:/home/runner/work/key/key/key.core/build/resources/test/logback.xml]
13:15:10,402 |-INFO in ch.qos.logback.classic.joran.action.ConfigurationAction - debug attribute not set
13:15:10,403 |-INFO in ch.qos.logback.core.joran.action.AppenderAction - About to instantiate appender of type [ch.qos.logback.core.ConsoleAppender]
13:15:10,421 |-INFO in ch.qos.logback.core.joran.action.AppenderAction - Naming appender as [STDOUT]
13:15:10,429 |-ERROR in ch.qos.logback.core.joran.spi.Interpreter@3:15 - no applicable action for [file], current ElementPath  is [[configuration][appender][file]]
13:15:10,429 |-ERROR in ch.qos.logback.core.joran.spi.Interpreter@4:17 - no applicable action for [append], current ElementPath  is [[configuration][appender][append]]
13:15:10,431 |-INFO in ch.qos.logback.core.joran.action.NestedComplexPropertyIA - Assuming default type [ch.qos.logback.classic.encoder.PatternLayoutEncoder] for [encoder] property
13:15:10,462 |-INFO in ch.qos.logback.classic.joran.action.RootLoggerAction - Setting level of ROOT logger to WARN
13:15:10,462 |-INFO in ch.qos.logback.core.joran.action.AppenderRefAction - Attaching appender named [STDOUT] to Logger[ROOT]
13:15:10,463 |-INFO in ch.qos.logback.classic.joran.action.ConfigurationAction - End of configuration.
13:15:10,465 |-INFO in ch.qos.logback.classic.joran.JoranConfigurator@29176cc1 - Registering current configuration as safe fallback point

403        WARN  main            d.u.i.k.s.ProofSettings   The settings in /home/runner/.key/proof-settings.props are *not* read. 
Returning from test ToyVoting_fullmacro
Running test SumExample_fullmacro
13:16:31,590 |-INFO in ch.qos.logback.classic.LoggerContext[default] - Could NOT find resource [logback-test.xml]
13:16:31,592 |-INFO in ch.qos.logback.classic.LoggerContext[default] - Found resource [logback.xml] at [file:/home/runner/work/key/key/key.core/build/resources/test/logback.xml]
13:16:31,728 |-INFO in ch.qos.logback.classic.joran.action.ConfigurationAction - debug attribute not set
13:16:31,728 |-INFO in ch.qos.logback.core.joran.action.AppenderAction - About to instantiate appender of type [ch.qos.logback.core.ConsoleAppender]
13:16:31,743 |-INFO in ch.qos.logback.core.joran.action.AppenderAction - Naming appender as [STDOUT]
13:16:31,758 |-ERROR in ch.qos.logback.core.joran.spi.Interpreter@3:15 - no applicable action for [file], current ElementPath  is [[configuration][appender][file]]
13:16:31,758 |-ERROR in ch.qos.logback.core.joran.spi.Interpreter@4:17 - no applicable action for [append], current ElementPath  is [[configuration][appender][append]]
13:16:31,761 |-INFO in ch.qos.logback.core.joran.action.NestedComplexPropertyIA - Assuming default type [ch.qos.logback.classic.encoder.PatternLayoutEncoder] for [encoder] property
13:16:31,791 |-INFO in ch.qos.logback.classic.joran.action.RootLoggerAction - Setting level of ROOT logger to WARN
13:16:31,791 |-INFO in ch.qos.logback.core.joran.action.AppenderRefAction - Attaching appender named [STDOUT] to Logger[ROOT]
13:16:31,791 |-INFO in ch.qos.logback.classic.joran.action.ConfigurationAction - End of configuration.
13:16:31,793 |-INFO in ch.qos.logback.classic.joran.JoranConfigurator@29176cc1 - Registering current configuration as safe fallback point

385        WARN  main            d.u.i.k.s.ProofSettings   The settings in /home/runner/.key/proof-settings.props are *not* read. 
Returning from test SumExample_fullmacro
Running test ToyBanking_fullmacro
13:16:47,441 |-INFO in ch.qos.logback.classic.LoggerContext[default] - Could NOT find resource [logback-test.xml]
13:16:47,442 |-INFO in ch.qos.logback.classic.LoggerContext[default] - Found resource [logback.xml] at [file:/home/runner/work/key/key/key.core/build/resources/test/logback.xml]
13:16:47,597 |-INFO in ch.qos.logback.classic.joran.action.ConfigurationAction - debug attribute not set
13:16:47,598 |-INFO in ch.qos.logback.core.joran.action.AppenderAction - About to instantiate appender of type [ch.qos.logback.core.ConsoleAppender]
13:16:47,612 |-INFO in ch.qos.logback.core.joran.action.AppenderAction - Naming appender as [STDOUT]
13:16:47,618 |-ERROR in ch.qos.logback.core.joran.spi.Interpreter@3:15 - no applicable action for [file], current ElementPath  is [[configuration][appender][file]]
13:16:47,619 |-ERROR in ch.qos.logback.core.joran.spi.Interpreter@4:17 - no applicable action for [append], current ElementPath  is [[configuration][appender][append]]
13:16:47,620 |-INFO in ch.qos.logback.core.joran.action.NestedComplexPropertyIA - Assuming default type [ch.qos.logback.classic.encoder.PatternLayoutEncoder] for [encoder] property
13:16:47,659 |-INFO in ch.qos.logback.classic.joran.action.RootLoggerAction - Setting level of ROOT logger to WARN
13:16:47,659 |-INFO in ch.qos.logback.core.joran.action.AppenderRefAction - Attaching appender named [STDOUT] to Logger[ROOT]
13:16:47,659 |-INFO in ch.qos.logback.classic.joran.action.ConfigurationAction - End of configuration.
13:16:47,661 |-INFO in ch.qos.logback.classic.joran.JoranConfigurator@29176cc1 - Registering current configuration as safe fallback point

396        WARN  main            d.u.i.k.s.ProofSettings   The settings in /home/runner/.key/proof-settings.props are *not* read. 
Returning from test ToyBanking_fullmacro
Running test BlockContracts_fullmacro
13:22:41,419 |-INFO in ch.qos.logback.classic.LoggerContext[default] - Could NOT find resource [logback-test.xml]
13:22:41,421 |-INFO in ch.qos.logback.classic.LoggerContext[default] - Found resource [logback.xml] at [file:/home/runner/work/key/key/key.core/build/resources/test/logback.xml]
13:22:41,579 |-INFO in ch.qos.logback.classic.joran.action.ConfigurationAction - debug attribute not set
13:22:41,580 |-INFO in ch.qos.logback.core.joran.action.AppenderAction - About to instantiate appender of type [ch.qos.logback.core.ConsoleAppender]
13:22:41,606 |-INFO in ch.qos.logback.core.joran.action.AppenderAction - Naming appender as [STDOUT]
13:22:41,617 |-ERROR in ch.qos.logback.core.joran.spi.Interpreter@3:15 - no applicable action for [file], current ElementPath  is [[configuration][appender][file]]
13:22:41,618 |-ERROR in ch.qos.logback.core.joran.spi.Interpreter@4:17 - no applicable action for [append], current ElementPath  is [[configuration][appender][append]]
13:22:41,623 |-INFO in ch.qos.logback.core.joran.action.NestedComplexPropertyIA - Assuming default type [ch.qos.logback.classic.encoder.PatternLayoutEncoder] for [encoder] property
13:22:41,661 |-INFO in ch.qos.logback.classic.joran.action.RootLoggerAction - Setting level of ROOT logger to WARN
13:22:41,662 |-INFO in ch.qos.logback.core.joran.action.AppenderRefAction - Attaching appender named [STDOUT] to Logger[ROOT]
13:22:41,662 |-INFO in ch.qos.logback.classic.joran.action.ConfigurationAction - End of configuration.
13:22:41,665 |-INFO in ch.qos.logback.classic.joran.JoranConfigurator@29176cc1 - Registering current configuration as safe fallback point

414        WARN  main            d.u.i.k.s.ProofSettings   The settings in /home/runner/.key/proof-settings.props are *not* read. 
Returning from test BlockContracts_fullmacro
Running test MethodContracts_fullmacro
13:24:41,364 |-INFO in ch.qos.logback.classic.LoggerContext[default] - Could NOT find resource [logback-test.xml]
13:24:41,365 |-INFO in ch.qos.logback.classic.LoggerContext[default] - Found resource [logback.xml] at [file:/home/runner/work/key/key/key.core/build/resources/test/logback.xml]
13:24:41,502 |-INFO in ch.qos.logback.classic.joran.action.ConfigurationAction - debug attribute not set
13:24:41,503 |-INFO in ch.qos.logback.core.joran.action.AppenderAction - About to instantiate appender of type [ch.qos.logback.core.ConsoleAppender]
13:24:41,520 |-INFO in ch.qos.logback.core.joran.action.AppenderAction - Naming appender as [STDOUT]
13:24:41,526 |-ERROR in ch.qos.logback.core.joran.spi.Interpreter@3:15 - no applicable action for [file], current ElementPath  is [[configuration][appender][file]]
13:24:41,527 |-ERROR in ch.qos.logback.core.joran.spi.Interpreter@4:17 - no applicable action for [append], current ElementPath  is [[configuration][appender][append]]
13:24:41,528 |-INFO in ch.qos.logback.core.joran.action.NestedComplexPropertyIA - Assuming default type [ch.qos.logback.classic.encoder.PatternLayoutEncoder] for [encoder] property
13:24:41,558 |-INFO in ch.qos.logback.classic.joran.action.RootLoggerAction - Setting level of ROOT logger to WARN
13:24:41,558 |-INFO in ch.qos.logback.core.joran.action.AppenderRefAction - Attaching appender named [STDOUT] to Logger[ROOT]
13:24:41,558 |-INFO in ch.qos.logback.classic.joran.action.ConfigurationAction - End of configuration.
13:24:41,560 |-INFO in ch.qos.logback.classic.joran.JoranConfigurator@29176cc1 - Registering current configuration as safe fallback point

399        WARN  main            d.u.i.k.s.ProofSettings   The settings in /home/runner/.key/proof-settings.props are *not* read. 
Returning from test MethodContracts_fullmacro
Running test InformationFlow_fullmacro
13:26:27,611 |-INFO in ch.qos.logback.classic.LoggerContext[default] - Could NOT find resource [logback-test.xml]
13:26:27,612 |-INFO in ch.qos.logback.classic.LoggerContext[default] - Found resource [logback.xml] at [file:/home/runner/work/key/key/key.core/build/resources/test/logback.xml]
13:26:27,743 |-INFO in ch.qos.logback.classic.joran.action.ConfigurationAction - debug attribute not set
13:26:27,744 |-INFO in ch.qos.logback.core.joran.action.AppenderAction - About to instantiate appender of type [ch.qos.logback.core.ConsoleAppender]
13:26:27,756 |-INFO in ch.qos.logback.core.joran.action.AppenderAction - Naming appender as [STDOUT]
13:26:27,762 |-ERROR in ch.qos.logback.core.joran.spi.Interpreter@3:15 - no applicable action for [file], current ElementPath  is [[configuration][appender][file]]
13:26:27,762 |-ERROR in ch.qos.logback.core.joran.spi.Interpreter@4:17 - no applicable action for [append], current ElementPath  is [[configuration][appender][append]]
13:26:27,764 |-INFO in ch.qos.logback.core.joran.action.NestedComplexPropertyIA - Assuming default type [ch.qos.logback.classic.encoder.PatternLayoutEncoder] for [encoder] property
13:26:27,792 |-INFO in ch.qos.logback.classic.joran.action.RootLoggerAction - Setting level of ROOT logger to WARN
13:26:27,792 |-INFO in ch.qos.logback.core.joran.action.AppenderRefAction - Attaching appender named [STDOUT] to Logger[ROOT]
13:26:27,793 |-INFO in ch.qos.logback.classic.joran.action.ConfigurationAction - End of configuration.
13:26:27,795 |-INFO in ch.qos.logback.classic.joran.JoranConfigurator@29176cc1 - Registering current configuration as safe fallback point

378        WARN  main            d.u.i.k.s.ProofSettings   The settings in /home/runner/.key/proof-settings.props are *not* read. 
Returning from test InformationFlow_fullmacro
Running test MiniExamples_fullmacro
13:33:34,712 |-INFO in ch.qos.logback.classic.LoggerContext[default] - Could NOT find resource [logback-test.xml]
13:33:34,713 |-INFO in ch.qos.logback.classic.LoggerContext[default] - Found resource [logback.xml] at [file:/home/runner/work/key/key/key.core/build/resources/test/logback.xml]
13:33:34,885 |-INFO in ch.qos.logback.classic.joran.action.ConfigurationAction - debug attribute not set
13:33:34,885 |-INFO in ch.qos.logback.core.joran.action.AppenderAction - About to instantiate appender of type [ch.qos.logback.core.ConsoleAppender]
13:33:34,905 |-INFO in ch.qos.logback.core.joran.action.AppenderAction - Naming appender as [STDOUT]
13:33:34,915 |-ERROR in ch.qos.logback.core.joran.spi.Interpreter@3:15 - no applicable action for [file], current ElementPath  is [[configuration][appender][file]]
13:33:34,916 |-ERROR in ch.qos.logback.core.joran.spi.Interpreter@4:17 - no applicable action for [append], current ElementPath  is [[configuration][appender][append]]
13:33:34,920 |-INFO in ch.qos.logback.core.joran.action.NestedComplexPropertyIA - Assuming default type [ch.qos.logback.classic.encoder.PatternLayoutEncoder] for [encoder] property
13:33:34,952 |-INFO in ch.qos.logback.classic.joran.action.RootLoggerAction - Setting level of ROOT logger to WARN
13:33:34,952 |-INFO in ch.qos.logback.core.joran.action.AppenderRefAction - Attaching appender named [STDOUT] to Logger[ROOT]
13:33:34,953 |-INFO in ch.qos.logback.classic.joran.action.ConfigurationAction - End of configuration.
13:33:34,959 |-INFO in ch.qos.logback.classic.joran.JoranConfigurator@29176cc1 - Registering current configuration as safe fallback point

453        WARN  main            d.u.i.k.s.ProofSettings   The settings in /home/runner/.key/proof-settings.props are *not* read. 
Returning from test MiniExamples_fullmacro
Running test NewObjects_fullmacro
13:35:57,924 |-INFO in ch.qos.logback.classic.LoggerContext[default] - Could NOT find resource [logback-test.xml]
13:35:57,929 |-INFO in ch.qos.logback.classic.LoggerContext[default] - Found resource [logback.xml] at [file:/home/runner/work/key/key/key.core/build/resources/test/logback.xml]
13:35:58,069 |-INFO in ch.qos.logback.classic.joran.action.ConfigurationAction - debug attribute not set
13:35:58,069 |-INFO in ch.qos.logback.core.joran.action.AppenderAction - About to instantiate appender of type [ch.qos.logback.core.ConsoleAppender]
13:35:58,082 |-INFO in ch.qos.logback.core.joran.action.AppenderAction - Naming appender as [STDOUT]
13:35:58,088 |-ERROR in ch.qos.logback.core.joran.spi.Interpreter@3:15 - no applicable action for [file], current ElementPath  is [[configuration][appender][file]]
13:35:58,089 |-ERROR in ch.qos.logback.core.joran.spi.Interpreter@4:17 - no applicable action for [append], current ElementPath  is [[configuration][appender][append]]
13:35:58,091 |-INFO in ch.qos.logback.core.joran.action.NestedComplexPropertyIA - Assuming default type [ch.qos.logback.classic.encoder.PatternLayoutEncoder] for [encoder] property
13:35:58,125 |-INFO in ch.qos.logback.classic.joran.action.RootLoggerAction - Setting level of ROOT logger to WARN
13:35:58,125 |-INFO in ch.qos.logback.core.joran.action.AppenderRefAction - Attaching appender named [STDOUT] to Logger[ROOT]
13:35:58,126 |-INFO in ch.qos.logback.classic.joran.action.ConfigurationAction - End of configuration.
13:35:58,128 |-INFO in ch.qos.logback.classic.joran.JoranConfigurator@29176cc1 - Registering current configuration as safe fallback point

381        WARN  main            d.u.i.k.s.ProofSettings   The settings in /home/runner/.key/proof-settings.props are *not* read. 
Returning from test NewObjects_fullmacro
Running test SimpleEvoting_fullmacro
13:40:15,660 |-INFO in ch.qos.logback.classic.LoggerContext[default] - Could NOT find resource [logback-test.xml]
13:40:15,661 |-INFO in ch.qos.logback.classic.LoggerContext[default] - Found resource [logback.xml] at [file:/home/runner/work/key/key/key.core/build/resources/test/logback.xml]
13:40:15,788 |-INFO in ch.qos.logback.classic.joran.action.ConfigurationAction - debug attribute not set
13:40:15,789 |-INFO in ch.qos.logback.core.joran.action.AppenderAction - About to instantiate appender of type [ch.qos.logback.core.ConsoleAppender]
13:40:15,812 |-INFO in ch.qos.logback.core.joran.action.AppenderAction - Naming appender as [STDOUT]
13:40:15,818 |-ERROR in ch.qos.logback.core.joran.spi.Interpreter@3:15 - no applicable action for [file], current ElementPath  is [[configuration][appender][file]]
13:40:15,819 |-ERROR in ch.qos.logback.core.joran.spi.Interpreter@4:17 - no applicable action for [append], current ElementPath  is [[configuration][appender][append]]
13:40:15,820 |-INFO in ch.qos.logback.core.joran.action.NestedComplexPropertyIA - Assuming default type [ch.qos.logback.classic.encoder.PatternLayoutEncoder] for [encoder] property
13:40:15,863 |-INFO in ch.qos.logback.classic.joran.action.RootLoggerAction - Setting level of ROOT logger to WARN
13:40:15,863 |-INFO in ch.qos.logback.core.joran.action.AppenderRefAction - Attaching appender named [STDOUT] to Logger[ROOT]
13:40:15,864 |-INFO in ch.qos.logback.classic.joran.action.ConfigurationAction - End of configuration.
13:40:15,866 |-INFO in ch.qos.logback.classic.joran.JoranConfigurator@29176cc1 - Registering current configuration as safe fallback point

400        WARN  main            d.u.i.k.s.ProofSettings   The settings in /home/runner/.key/proof-settings.props are *not* read. 
Returning from test SimpleEvoting_fullmacro
]]></system-out>
  <system-err><![CDATA[Timeout watcher launched (1000 secs.)
Timeout watcher launched (1000 secs.)
Timeout watcher launched (1000 secs.)
Timeout watcher launched (1000 secs.)
Timeout watcher launched (1000 secs.)
Timeout watcher launched (1000 secs.)
Timeout watcher launched (1000 secs.)
Timeout watcher launched (1000 secs.)
Timeout watcher launched (1000 secs.)
Timeout watcher launched (1000 secs.)
Timeout watcher launched (1000 secs.)
Timeout watcher launched (1000 secs.)
Timeout watcher launched (1000 secs.)
Timeout watcher launched (1000 secs.)
Timeout watcher launched (1000 secs.)
Timeout watcher launched (1000 secs.)
Timeout watcher launched (1000 secs.)
Timeout watcher launched (1000 secs.)
Timeout watcher launched (1000 secs.)
Timeout watcher launched (1000 secs.)
Timeout watcher launched (1000 secs.)
Timeout watcher launched (1000 secs.)
Timeout watcher launched (1000 secs.)
Timeout watcher launched (1000 secs.)
Timeout watcher launched (1000 secs.)
Timeout watcher launched (1000 secs.)
Timeout watcher launched (1000 secs.)
Timeout watcher launched (1000 secs.)
Timeout watcher launched (1000 secs.)
]]></system-err>
</testsuite>
