<?xml version="1.0" encoding="UTF-8"?>
<testsuite name="org.key_project.exploration.ProofExplorationServiceTest" tests="3" skipped="0" failures="0" errors="0" timestamp="2023-06-06T10:09:31" hostname="fv-az811-996" time="25.558">
  <properties/>
  <testcase name="testAdditionAntec()" classname="org.key_project.exploration.ProofExplorationServiceTest" time="15.634"/>
  <testcase name="testChangeFormula()" classname="org.key_project.exploration.ProofExplorationServiceTest" time="4.953"/>
  <testcase name="testAdditionSucc()" classname="org.key_project.exploration.ProofExplorationServiceTest" time="4.967"/>
  <system-out><![CDATA[[10:09:31.821] ?[31mWARN ?[0;39m ?[36mProofIndependentSettings?[0;39m - The settings in C:\Users\runneradmin\.key\proofIndependentSettings.props are *not* read due to flag 'key.disregardSettings'
[10:09:31.837] ?[34mINFO ?[0;39m ?[36mAbstractProblemLoader?[0;39m - Loading environment from src\test\resources\org\key_project\exploration\testAdditions.key
[10:09:32.728] ?[34mINFO ?[0;39m ?[36mAbstractProblemLoader?[0;39m - Creating init config
[10:09:32.800] ?[31mWARN ?[0;39m ?[36mProofSettings?[0;39m - The settings in C:\Users\runneradmin\.key\proof-settings.props are *not* read.
[10:09:46.203] ?[34mINFO ?[0;39m ?[36mAbstractProblemLoader?[0;39m - Replaying proof testAdditions.key
[10:09:46.782] ?[34mINFO ?[0;39m ?[36mAbstractProblemLoader?[0;39m - Loading environment from src\test\resources\org\key_project\exploration\testAdditions.key
[10:09:46.782] ?[34mINFO ?[0;39m ?[36mAbstractProblemLoader?[0;39m - Creating init config
[10:09:51.580] ?[34mINFO ?[0;39m ?[36mAbstractProblemLoader?[0;39m - Replaying proof testAdditions.key
[10:09:51.721] ?[34mINFO ?[0;39m ?[36mAbstractProblemLoader?[0;39m - Loading environment from src\test\resources\org\key_project\exploration\testAdditions.key
[10:09:51.721] ?[34mINFO ?[0;39m ?[36mAbstractProblemLoader?[0;39m - Creating init config
[10:09:56.675] ?[34mINFO ?[0;39m ?[36mAbstractProblemLoader?[0;39m - Replaying proof testAdditions.key
]]></system-out>
  <system-err><![CDATA[]]></system-err>
</testsuite>
