<?xml version="1.0" encoding="UTF-8"?>
<testsuite name="de.uka.ilkd.key.nparser.ExprTest" tests="23" skipped="0" failures="0" errors="0" timestamp="2023-04-05T09:20:00" hostname="fv-az842-22" time="2.27">
  <properties/>
  <testcase name="[1] (bprod{int y;}(1, 2, y) = 0)" classname="de.uka.ilkd.key.nparser.ExprTest" time="0.018"/>
  <testcase name="[2] 1 = 1 -&gt; 2 = 2" classname="de.uka.ilkd.key.nparser.ExprTest" time="0.014"/>
  <testcase name="[3] \&lt; { int x = 1; } \&gt; x=1" classname="de.uka.ilkd.key.nparser.ExprTest" time="0.931"/>
  <testcase name="[4] \&lt;{ int x = 1; {int s = 2;} }\&gt; x=x" classname="de.uka.ilkd.key.nparser.ExprTest" time="0.99"/>
  <testcase name="[5] true" classname="de.uka.ilkd.key.nparser.ExprTest" time="0.016"/>
  <testcase name="[6] true &amp; false" classname="de.uka.ilkd.key.nparser.ExprTest" time="0.013"/>
  <testcase name="[7] 0" classname="de.uka.ilkd.key.nparser.ExprTest" time="0.015"/>
  <testcase name="[8] 1" classname="de.uka.ilkd.key.nparser.ExprTest" time="0.019"/>
  <testcase name="[9] 42" classname="de.uka.ilkd.key.nparser.ExprTest" time="0.017"/>
  <testcase name="[10] -5" classname="de.uka.ilkd.key.nparser.ExprTest" time="0.014"/>
  <testcase name="[11] 1 + 1 = 2" classname="de.uka.ilkd.key.nparser.ExprTest" time="0.017"/>
  <testcase name="[12] \if (3=4) \then (1) \else (2)" classname="de.uka.ilkd.key.nparser.ExprTest" time="0.015"/>
  <testcase name="[13] \if (3=4 &amp; 1=1) \then (\if (3=4) \then (1) \else (2)) \else (2)" classname="de.uka.ilkd.key.nparser.ExprTest" time="0.015"/>
  <testcase name="[14] aa + bb*cc" classname="de.uka.ilkd.key.nparser.ExprTest" time="0.022"/>
  <testcase name="[15] aa%bb*cc &lt; -123" classname="de.uka.ilkd.key.nparser.ExprTest" time="0.013"/>
  <testcase name="[16] \forall int x; true" classname="de.uka.ilkd.key.nparser.ExprTest" time="0.014"/>
  <testcase name="[17] \forall numbers x; x = x" classname="de.uka.ilkd.key.nparser.ExprTest" time="0.015"/>
  <testcase name="[18] (int)3+2" classname="de.uka.ilkd.key.nparser.ExprTest" time="0.013"/>
  <testcase name="[19] 1.f + 1f = 20e-1f * (2f-1f)" classname="de.uka.ilkd.key.nparser.ExprTest" time="0.019"/>
  <testcase name="[20] 1.d + 1d &lt;= 20e+1d * .01d" classname="de.uka.ilkd.key.nparser.ExprTest" time="0.011"/>
  <testcase name="[21] 1f &lt;= 2f" classname="de.uka.ilkd.key.nparser.ExprTest" time="0.012"/>
  <testcase name="[22] 2d &gt; 1d" classname="de.uka.ilkd.key.nparser.ExprTest" time="0.012"/>
  <testcase name="[23] seqEmpty + seqEmpty" classname="de.uka.ilkd.key.nparser.ExprTest" time="0.013"/>
  <system-out><![CDATA[199595     INFO  Test worker     d.u.i.k.n.KeyIO           Parsing took 11 ms 
199596     INFO  Test worker     d.u.i.k.n.KeyIO           MODE: declarations took 1 ms 
199599     INFO  Test worker     d.u.i.k.n.ExprTest        Term: equals(bprod{y:int}(Z(1(#)),Z(2(#)),y),Z(0(#))) 
199610     INFO  Test worker     d.u.i.k.n.KeyIO           Parsing took 8 ms 
199611     INFO  Test worker     d.u.i.k.n.KeyIO           MODE: declarations took 0 ms 
199614     INFO  Test worker     d.u.i.k.n.ExprTest        Term: imp(equals(Z(1(#)),Z(1(#))),equals(Z(2(#)),Z(2(#)))) 
199624     INFO  Test worker     d.u.i.k.n.KeyIO           Parsing took 7 ms 
199626     INFO  Test worker     d.u.i.k.n.KeyIO           MODE: declarations took 1 ms 
200544     INFO  Test worker     d.u.i.k.n.ExprTest        Term: \<{
  int x = 1;
}\> (equals(x,Z(1(#)))) 
200557     INFO  Test worker     d.u.i.k.n.KeyIO           Parsing took 8 ms 
200559     INFO  Test worker     d.u.i.k.n.KeyIO           MODE: declarations took 1 ms 
201538     INFO  Test worker     d.u.i.k.n.ExprTest        Term: \<{
  int x = 1;
  {
    int s = 2;
  }
}\> (equals(x,x)) 
201553     INFO  Test worker     d.u.i.k.n.KeyIO           Parsing took 9 ms 
201555     INFO  Test worker     d.u.i.k.n.KeyIO           MODE: declarations took 1 ms 
201558     INFO  Test worker     d.u.i.k.n.ExprTest        Term: true 
201570     INFO  Test worker     d.u.i.k.n.KeyIO           Parsing took 8 ms 
201571     INFO  Test worker     d.u.i.k.n.KeyIO           MODE: declarations took 1 ms 
201573     INFO  Test worker     d.u.i.k.n.ExprTest        Term: and(true,false) 
201585     INFO  Test worker     d.u.i.k.n.KeyIO           Parsing took 8 ms 
201586     INFO  Test worker     d.u.i.k.n.KeyIO           MODE: declarations took 1 ms 
201589     INFO  Test worker     d.u.i.k.n.ExprTest        Term: Z(0(#)) 
201601     INFO  Test worker     d.u.i.k.n.KeyIO           Parsing took 8 ms 
201602     INFO  Test worker     d.u.i.k.n.KeyIO           MODE: declarations took 1 ms 
201605     INFO  Test worker     d.u.i.k.n.ExprTest        Term: Z(1(#)) 
201624     INFO  Test worker     d.u.i.k.n.KeyIO           Parsing took 11 ms 
201625     INFO  Test worker     d.u.i.k.n.KeyIO           MODE: declarations took 1 ms 
201628     INFO  Test worker     d.u.i.k.n.ExprTest        Term: Z(2(4(#))) 
201641     INFO  Test worker     d.u.i.k.n.KeyIO           Parsing took 11 ms 
201642     INFO  Test worker     d.u.i.k.n.KeyIO           MODE: declarations took 1 ms 
201644     INFO  Test worker     d.u.i.k.n.ExprTest        Term: Z(neglit(5(#))) 
201655     INFO  Test worker     d.u.i.k.n.KeyIO           Parsing took 9 ms 
201656     INFO  Test worker     d.u.i.k.n.KeyIO           MODE: declarations took 1 ms 
201661     INFO  Test worker     d.u.i.k.n.ExprTest        Term: equals(add(Z(1(#)),Z(1(#))),Z(2(#))) 
201672     INFO  Test worker     d.u.i.k.n.KeyIO           Parsing took 8 ms 
201673     INFO  Test worker     d.u.i.k.n.KeyIO           MODE: declarations took 0 ms 
201676     INFO  Test worker     d.u.i.k.n.ExprTest        Term: if-then-else(equals(Z(3(#)),Z(4(#))),Z(1(#)),Z(2(#))) 
201689     INFO  Test worker     d.u.i.k.n.KeyIO           Parsing took 8 ms 
201690     INFO  Test worker     d.u.i.k.n.KeyIO           MODE: declarations took 1 ms 
201692     INFO  Test worker     d.u.i.k.n.ExprTest        Term: if-then-else(and(equals(Z(3(#)),Z(4(#))),equals(Z(1(#)),Z(1(#)))),if-then-else(equals(Z(3(#)),Z(4(#))),Z(1(#)),Z(2(#))),Z(2(#))) 
201713     INFO  Test worker     d.u.i.k.n.KeyIO           Parsing took 16 ms 
201714     INFO  Test worker     d.u.i.k.n.KeyIO           MODE: declarations took 1 ms 
201717     INFO  Test worker     d.u.i.k.n.ExprTest        Term: add(aa,mul(bb,cc)) 
201727     INFO  Test worker     d.u.i.k.n.KeyIO           Parsing took 7 ms 
201728     INFO  Test worker     d.u.i.k.n.KeyIO           MODE: declarations took 1 ms 
201731     INFO  Test worker     d.u.i.k.n.ExprTest        Term: lt(mul(mod(aa,bb),cc),Z(neglit(3(2(1(#)))))) 
201741     INFO  Test worker     d.u.i.k.n.KeyIO           Parsing took 7 ms 
201744     INFO  Test worker     d.u.i.k.n.KeyIO           MODE: declarations took 0 ms 
201747     INFO  Test worker     d.u.i.k.n.ExprTest        Term: all{x:int}(true) 
201758     INFO  Test worker     d.u.i.k.n.KeyIO           Parsing took 9 ms 
201759     INFO  Test worker     d.u.i.k.n.KeyIO           MODE: declarations took 1 ms 
201762     INFO  Test worker     d.u.i.k.n.ExprTest        Term: all{x:numbers}(equals(x,x)) 
201773     INFO  Test worker     d.u.i.k.n.KeyIO           Parsing took 8 ms 
201774     INFO  Test worker     d.u.i.k.n.KeyIO           MODE: declarations took 1 ms 
201776     INFO  Test worker     d.u.i.k.n.ExprTest        Term: add(int::cast(Z(3(#))),Z(2(#))) 
201787     INFO  Test worker     d.u.i.k.n.KeyIO           Parsing took 9 ms 
201788     INFO  Test worker     d.u.i.k.n.KeyIO           MODE: declarations took 1 ms 
201791     INFO  Test worker     d.u.i.k.n.ExprTest        Term: equals(addFloat(FP(6(1(2(3(5(3(5(6(0(1(#))))))))))),FP(6(1(2(3(5(3(5(6(0(1(#)))))))))))),mulFloat(FP(4(2(8(1(4(7(3(7(0(1(#))))))))))),subFloat(FP(4(2(8(1(4(7(3(7(0(1(#))))))))))),FP(6(1(2(3(5(3(5(6(0(1(#)))))))))))))) 
201804     INFO  Test worker     d.u.i.k.n.KeyIO           Parsing took 7 ms 
201805     INFO  Test worker     d.u.i.k.n.KeyIO           MODE: declarations took 0 ms 
201807     INFO  Test worker     d.u.i.k.n.ExprTest        Term: leqDouble(addDouble(DFP(8(0(4(7(1(0(0(0(8(8(1(4(2(8(1(7(0(6(4(#)))))))))))))))))))),DFP(8(0(4(7(1(0(0(0(8(8(1(4(2(8(1(7(0(6(4(#))))))))))))))))))))),mulDouble(DFP(4(8(7(6(0(0(2(8(9(0(9(8(0(4(2(1(4(6(4(#)))))))))))))))))))),DFP(5(7(6(7(8(0(4(0(3(9(2(2(8(1(9(6(7(5(4(#)))))))))))))))))))))) 
201820     INFO  Test worker     d.u.i.k.n.KeyIO           Parsing took 8 ms 
201821     INFO  Test worker     d.u.i.k.n.KeyIO           MODE: declarations took 1 ms 
201823     INFO  Test worker     d.u.i.k.n.ExprTest        Term: leqFloat(FP(6(1(2(3(5(3(5(6(0(1(#))))))))))),FP(4(2(8(1(4(7(3(7(0(1(#)))))))))))) 
201834     INFO  Test worker     d.u.i.k.n.KeyIO           Parsing took 8 ms 
201835     INFO  Test worker     d.u.i.k.n.KeyIO           MODE: declarations took 1 ms 
201837     INFO  Test worker     d.u.i.k.n.ExprTest        Term: gtDouble(DFP(4(0(9(7(8(3(7(2(4(8(1(0(6(8(6(1(1(6(4(#)))))))))))))))))))),DFP(8(0(4(7(1(0(0(0(8(8(1(4(2(8(1(7(0(6(4(#))))))))))))))))))))) 
201848     INFO  Test worker     d.u.i.k.n.KeyIO           Parsing took 8 ms 
201848     INFO  Test worker     d.u.i.k.n.KeyIO           MODE: declarations took 0 ms 
201851     INFO  Test worker     d.u.i.k.n.ExprTest        Term: seqConcat(seqEmpty,seqEmpty) 
]]></system-out>
  <system-err><![CDATA[]]></system-err>
</testsuite>
