<?xml version="1.0" encoding="UTF-8"?>
<testsuite name="de.uka.ilkd.key.logic.TestClashFreeSubst" tests="14" skipped="2" failures="0" errors="0" timestamp="2023-04-05T09:17:17" hostname="fv-az842-22" time="49.844">
  <properties/>
  <testcase name="testMultiShareBound()" classname="de.uka.ilkd.key.logic.TestClashFreeSubst" time="0.959"/>
  <testcase name="testClash()" classname="de.uka.ilkd.key.logic.TestClashFreeSubst" time="0.945"/>
  <testcase name="testShare()" classname="de.uka.ilkd.key.logic.TestClashFreeSubst" time="0.902"/>
  <testcase name="testSubst()" classname="de.uka.ilkd.key.logic.TestClashFreeSubst" time="0.916"/>
  <testcase name="testWary0()" classname="de.uka.ilkd.key.logic.TestClashFreeSubst" time="0.897"/>
  <testcase name="testWary1()" classname="de.uka.ilkd.key.logic.TestClashFreeSubst" time="0.921"/>
  <testcase name="testWary2()" classname="de.uka.ilkd.key.logic.TestClashFreeSubst" time="0.909"/>
  <testcase name="testClashInSubstTerm()" classname="de.uka.ilkd.key.logic.TestClashFreeSubst" time="0.902"/>
  <testcase name="testShareWary()" classname="de.uka.ilkd.key.logic.TestClashFreeSubst" time="0.925"/>
  <testcase name="testMultiSubst()" classname="de.uka.ilkd.key.logic.TestClashFreeSubst" time="0.892"/>
  <testcase name="xtestMultiClash()" classname="de.uka.ilkd.key.logic.TestClashFreeSubst" time="0.0">
    <skipped/>
  </testcase>
  <testcase name="testSubstInSubstTerm()" classname="de.uka.ilkd.key.logic.TestClashFreeSubst" time="0.88"/>
  <testcase name="testSubstWary()" classname="de.uka.ilkd.key.logic.TestClashFreeSubst" time="0.891"/>
  <testcase name="xtestMultiClash1()" classname="de.uka.ilkd.key.logic.TestClashFreeSubst" time="0.0">
    <skipped/>
  </testcase>
  <system-out><![CDATA[36358      INFO  Test worker     d.u.i.k.n.KeyIO           Parsing took 0 ms 
36358      INFO  Test worker     d.u.i.k.n.KeyIO           MODE: declarations took 0 ms 
37313      INFO  Test worker     d.u.i.k.n.KeyIO           Parsing took 1 ms 
37313      INFO  Test worker     d.u.i.k.n.KeyIO           MODE: declarations took 0 ms 
40487      INFO  Test worker     d.u.i.k.n.KeyIO           Parsing took 0 ms 
40488      INFO  Test worker     d.u.i.k.n.KeyIO           MODE: declarations took 0 ms 
41424      INFO  Test worker     d.u.i.k.n.KeyIO           Parsing took 0 ms 
41425      INFO  Test worker     d.u.i.k.n.KeyIO           MODE: declarations took 0 ms 
44458      INFO  Test worker     d.u.i.k.n.KeyIO           Parsing took 0 ms 
44459      INFO  Test worker     d.u.i.k.n.KeyIO           MODE: declarations took 0 ms 
45356      INFO  Test worker     d.u.i.k.n.KeyIO           Parsing took 0 ms 
45358      INFO  Test worker     d.u.i.k.n.KeyIO           MODE: declarations took 0 ms 
48320      INFO  Test worker     d.u.i.k.n.KeyIO           Parsing took 0 ms 
48321      INFO  Test worker     d.u.i.k.n.KeyIO           MODE: declarations took 0 ms 
49232      INFO  Test worker     d.u.i.k.n.KeyIO           Parsing took 0 ms 
49233      INFO  Test worker     d.u.i.k.n.KeyIO           MODE: declarations took 0 ms 
52254      INFO  Test worker     d.u.i.k.n.KeyIO           Parsing took 0 ms 
52255      INFO  Test worker     d.u.i.k.n.KeyIO           MODE: declarations took 0 ms 
53147      INFO  Test worker     d.u.i.k.n.KeyIO           Parsing took 1 ms 
53148      INFO  Test worker     d.u.i.k.n.KeyIO           MODE: declarations took 0 ms 
56111      INFO  Test worker     d.u.i.k.n.KeyIO           Parsing took 0 ms 
56112      INFO  Test worker     d.u.i.k.n.KeyIO           MODE: declarations took 0 ms 
57030      INFO  Test worker     d.u.i.k.n.KeyIO           Parsing took 0 ms 
57031      INFO  Test worker     d.u.i.k.n.KeyIO           MODE: declarations took 0 ms 
60100      INFO  Test worker     d.u.i.k.n.KeyIO           Parsing took 0 ms 
60100      INFO  Test worker     d.u.i.k.n.KeyIO           MODE: declarations took 0 ms 
61006      INFO  Test worker     d.u.i.k.n.KeyIO           Parsing took 0 ms 
61006      INFO  Test worker     d.u.i.k.n.KeyIO           MODE: declarations took 0 ms 
63956      INFO  Test worker     d.u.i.k.n.KeyIO           Parsing took 0 ms 
63956      INFO  Test worker     d.u.i.k.n.KeyIO           MODE: declarations took 0 ms 
64850      INFO  Test worker     d.u.i.k.n.KeyIO           Parsing took 1 ms 
64854      INFO  Test worker     d.u.i.k.n.KeyIO           MODE: declarations took 0 ms 
67881      INFO  Test worker     d.u.i.k.n.KeyIO           Parsing took 0 ms 
67882      INFO  Test worker     d.u.i.k.n.KeyIO           MODE: declarations took 0 ms 
68801      INFO  Test worker     d.u.i.k.n.KeyIO           Parsing took 0 ms 
68802      INFO  Test worker     d.u.i.k.n.KeyIO           MODE: declarations took 0 ms 
71775      INFO  Test worker     d.u.i.k.n.KeyIO           Parsing took 0 ms 
71776      INFO  Test worker     d.u.i.k.n.KeyIO           MODE: declarations took 0 ms 
72662      INFO  Test worker     d.u.i.k.n.KeyIO           Parsing took 0 ms 
72663      INFO  Test worker     d.u.i.k.n.KeyIO           MODE: declarations took 0 ms 
78568      INFO  Test worker     d.u.i.k.n.KeyIO           Parsing took 0 ms 
78569      INFO  Test worker     d.u.i.k.n.KeyIO           MODE: declarations took 0 ms 
79444      INFO  Test worker     d.u.i.k.n.KeyIO           Parsing took 0 ms 
79445      INFO  Test worker     d.u.i.k.n.KeyIO           MODE: declarations took 0 ms 
82431      INFO  Test worker     d.u.i.k.n.KeyIO           Parsing took 1 ms 
82432      INFO  Test worker     d.u.i.k.n.KeyIO           MODE: declarations took 0 ms 
83315      INFO  Test worker     d.u.i.k.n.KeyIO           Parsing took 0 ms 
83316      INFO  Test worker     d.u.i.k.n.KeyIO           MODE: declarations took 0 ms 
]]></system-out>
  <system-err><![CDATA[]]></system-err>
</testsuite>
