<?xml version="1.0" encoding="UTF-8"?>
<testsuite name="de.uka.ilkd.key.parser.TestDeclParser" tests="14" skipped="2" failures="0" errors="0" timestamp="2023-04-05T09:20:13" hostname="fv-az842-22" time="11.451">
  <properties/>
  <testcase name="testGenericSortDecl1()" classname="de.uka.ilkd.key.parser.TestDeclParser" time="1.071"/>
  <testcase name="testGenericSortDecl2()" classname="de.uka.ilkd.key.parser.TestDeclParser" time="0.975"/>
  <testcase name="testGenericSortDecl3()" classname="de.uka.ilkd.key.parser.TestDeclParser" time="0.921"/>
  <testcase name="testGenericSortDecl4()" classname="de.uka.ilkd.key.parser.TestDeclParser" time="0.843"/>
  <testcase name="testGenericSortDecl5()" classname="de.uka.ilkd.key.parser.TestDeclParser" time="0.001">
    <skipped/>
  </testcase>
  <testcase name="testGenericSortDecl6()" classname="de.uka.ilkd.key.parser.TestDeclParser" time="0.9"/>
  <testcase name="testSortDecl()" classname="de.uka.ilkd.key.parser.TestDeclParser" time="0.94"/>
  <testcase name="testProxySortDecl()" classname="de.uka.ilkd.key.parser.TestDeclParser" time="0.98"/>
  <testcase name="testArrayDecl()" classname="de.uka.ilkd.key.parser.TestDeclParser" time="0.903"/>
  <testcase name="testAmbiguousDecls()" classname="de.uka.ilkd.key.parser.TestDeclParser" time="0.0">
    <skipped/>
  </testcase>
  <testcase name="testHeurDecl()" classname="de.uka.ilkd.key.parser.TestDeclParser" time="0.998"/>
  <testcase name="testFunctionDecl()" classname="de.uka.ilkd.key.parser.TestDeclParser" time="0.98"/>
  <testcase name="testPredicateDecl()" classname="de.uka.ilkd.key.parser.TestDeclParser" time="0.918"/>
  <testcase name="testSVDecl()" classname="de.uka.ilkd.key.parser.TestDeclParser" time="1.019"/>
  <system-out><![CDATA[213268     INFO  Test worker     d.u.i.k.n.KeyIO           Parsing took 0 ms 
213269     INFO  Test worker     d.u.i.k.n.KeyIO           MODE: declarations took 0 ms 
214244     INFO  Test worker     d.u.i.k.n.KeyIO           Parsing took 0 ms 
214245     INFO  Test worker     d.u.i.k.n.KeyIO           MODE: declarations took 1 ms 
215166     INFO  Test worker     d.u.i.k.n.KeyIO           Parsing took 0 ms 
215166     INFO  Test worker     d.u.i.k.n.KeyIO           MODE: declarations took 0 ms 
216008     INFO  Test worker     d.u.i.k.n.KeyIO           Parsing took 0 ms 
216009     INFO  Test worker     d.u.i.k.n.KeyIO           MODE: declarations took 0 ms 
216909     INFO  Test worker     d.u.i.k.n.KeyIO           Parsing took 0 ms 
216910     INFO  Test worker     d.u.i.k.n.KeyIO           MODE: declarations took 0 ms 
217851     INFO  Test worker     d.u.i.k.n.KeyIO           Parsing took 0 ms 
217851     INFO  Test worker     d.u.i.k.n.KeyIO           MODE: declarations took 0 ms 
218828     INFO  Test worker     d.u.i.k.n.KeyIO           Parsing took 0 ms 
218830     INFO  Test worker     d.u.i.k.n.KeyIO           MODE: declarations took 1 ms 
219733     INFO  Test worker     d.u.i.k.n.KeyIO           Parsing took 0 ms 
219733     INFO  Test worker     d.u.i.k.n.KeyIO           MODE: declarations took 0 ms 
220732     INFO  Test worker     d.u.i.k.n.KeyIO           Parsing took 0 ms 
220733     INFO  Test worker     d.u.i.k.n.KeyIO           MODE: declarations took 0 ms 
221712     INFO  Test worker     d.u.i.k.n.KeyIO           Parsing took 0 ms 
221712     INFO  Test worker     d.u.i.k.n.KeyIO           MODE: declarations took 0 ms 
222630     INFO  Test worker     d.u.i.k.n.KeyIO           Parsing took 0 ms 
222631     INFO  Test worker     d.u.i.k.n.KeyIO           MODE: declarations took 0 ms 
223649     INFO  Test worker     d.u.i.k.n.KeyIO           Parsing took 0 ms 
223650     INFO  Test worker     d.u.i.k.n.KeyIO           MODE: declarations took 0 ms 
]]></system-out>
  <system-err><![CDATA[]]></system-err>
</testsuite>
