<?xml version="1.0" encoding="UTF-8"?>
<testsuite name="de.uka.ilkd.key.testcase.smt.testgen.TestTestgen" tests="1" skipped="0" failures="0" errors="0" timestamp="2023-05-27T16:05:09" hostname="fv-az206-343" time="4.833">
  <properties/>
  <testcase name="testMiddle()" classname="de.uka.ilkd.key.testcase.smt.testgen.TestTestgen" time="4.833"/>
  <system-out><![CDATA[16101      WARN  Test worker     d.u.i.k.t.s.t.TestTestgen Warning: Z3_CE is not installed, tests skipped. 
16101      WARN  Test worker     d.u.i.k.t.s.t.TestTestgen Maybe use JVM system property "z3SolverPath" to define the path to the Z3 command. 
16101      INFO  Test worker     d.u.i.k.p.i.AbstractProblemLoader Loading environment from src\test\resources\testcase\smt\tg\middle.key 
16101      DEBUG Test worker     d.u.i.k.p.i.AbstractProblemLoader Environment load took 450.8ns 
16101      INFO  Test worker     d.u.i.k.p.i.AbstractProblemLoader Creating init config 
20150      DEBUG Test worker     d.u.i.k.p.i.AbstractProblemLoader Init config took 4.04s 
20259      INFO  Test worker     d.u.i.k.p.i.AbstractProblemLoader Replaying proof Middle[Middle::middle(int,int,int)].JML normal_behavior operation contract.0 
20275      DEBUG Test worker     d.u.i.k.p.i.IntermediateProofReplayer Proof replay took 17.7ns 
]]></system-out>
  <system-err><![CDATA[]]></system-err>
</testsuite>
