<?xml version="1.0" encoding="UTF-8"?>
<testsuite name="de.uka.ilkd.key.pp.PrettyPrinterTest" tests="1" skipped="0" failures="0" errors="0" timestamp="2023-03-31T18:34:45" hostname="fv-az577-604" time="0.0">
  <properties/>
  <testcase name="printLocationVariable()" classname="de.uka.ilkd.key.pp.PrettyPrinterTest" time="0.0"/>
  <system-out><![CDATA[]]></system-out>
  <system-err><![CDATA[]]></system-err>
</testsuite>
