<?xml version="1.0" encoding="UTF-8"?>
<testsuite name="de.uka.ilkd.key.parser.TestDeclParser" tests="14" skipped="2" failures="0" errors="0" timestamp="2023-03-31T18:31:13" hostname="fv-az577-604" time="10.923">
  <properties/>
  <testcase name="testGenericSortDecl1()" classname="de.uka.ilkd.key.parser.TestDeclParser" time="0.888"/>
  <testcase name="testGenericSortDecl2()" classname="de.uka.ilkd.key.parser.TestDeclParser" time="0.935"/>
  <testcase name="testGenericSortDecl3()" classname="de.uka.ilkd.key.parser.TestDeclParser" time="0.875"/>
  <testcase name="testGenericSortDecl4()" classname="de.uka.ilkd.key.parser.TestDeclParser" time="0.933"/>
  <testcase name="testGenericSortDecl5()" classname="de.uka.ilkd.key.parser.TestDeclParser" time="0.0">
    <skipped/>
  </testcase>
  <testcase name="testGenericSortDecl6()" classname="de.uka.ilkd.key.parser.TestDeclParser" time="0.927"/>
  <testcase name="testSortDecl()" classname="de.uka.ilkd.key.parser.TestDeclParser" time="0.877"/>
  <testcase name="testProxySortDecl()" classname="de.uka.ilkd.key.parser.TestDeclParser" time="0.927"/>
  <testcase name="testArrayDecl()" classname="de.uka.ilkd.key.parser.TestDeclParser" time="0.885"/>
  <testcase name="testAmbiguousDecls()" classname="de.uka.ilkd.key.parser.TestDeclParser" time="0.0">
    <skipped/>
  </testcase>
  <testcase name="testHeurDecl()" classname="de.uka.ilkd.key.parser.TestDeclParser" time="0.925"/>
  <testcase name="testFunctionDecl()" classname="de.uka.ilkd.key.parser.TestDeclParser" time="0.927"/>
  <testcase name="testPredicateDecl()" classname="de.uka.ilkd.key.parser.TestDeclParser" time="0.88"/>
  <testcase name="testSVDecl()" classname="de.uka.ilkd.key.parser.TestDeclParser" time="0.937"/>
  <system-out><![CDATA[]]></system-out>
  <system-err><![CDATA[]]></system-err>
</testsuite>
