<?xml version="1.0" encoding="UTF-8"?>
<testsuite name="de.uka.ilkd.key.parser.TestTermParser" tests="47" skipped="4" failures="0" errors="0" timestamp="2023-03-31T18:32:42" hostname="fv-az577-604" time="4.229">
  <properties/>
  <testcase name="testNotEqual()" classname="de.uka.ilkd.key.parser.TestTermParser" time="0.002"/>
  <testcase name="testProgramVariables()" classname="de.uka.ilkd.key.parser.TestTermParser" time="0.069"/>
  <testcase name="testAttributeWithSpecifiedSortOnObject()" classname="de.uka.ilkd.key.parser.TestTermParser" time="0.014"/>
  <testcase name="testCast()" classname="de.uka.ilkd.key.parser.TestTermParser" time="0.002"/>
  <testcase name="testJavaQueryAndAttribute_all()" classname="de.uka.ilkd.key.parser.TestTermParser" time="0.0">
    <skipped/>
  </testcase>
  <testcase name="test10()" classname="de.uka.ilkd.key.parser.TestTermParser" time="0.002"/>
  <testcase name="test11()" classname="de.uka.ilkd.key.parser.TestTermParser" time="0.001"/>
  <testcase name="test12()" classname="de.uka.ilkd.key.parser.TestTermParser" time="0.0">
    <skipped/>
  </testcase>
  <testcase name="test13()" classname="de.uka.ilkd.key.parser.TestTermParser" time="0.004"/>
  <testcase name="test14()" classname="de.uka.ilkd.key.parser.TestTermParser" time="0.002"/>
  <testcase name="test1a()" classname="de.uka.ilkd.key.parser.TestTermParser" time="0.001"/>
  <testcase name="testJavaAttributeAccess_4()" classname="de.uka.ilkd.key.parser.TestTermParser" time="0.003"/>
  <testcase name="testAttributeOnObject()" classname="de.uka.ilkd.key.parser.TestTermParser" time="0.002"/>
  <testcase name="testNegativeLiteralParsing1()" classname="de.uka.ilkd.key.parser.TestTermParser" time="0.002"/>
  <testcase name="testNegativeLiteralParsing2()" classname="de.uka.ilkd.key.parser.TestTermParser" time="0.001"/>
  <testcase name="testNegativeLiteralParsing3()" classname="de.uka.ilkd.key.parser.TestTermParser" time="0.001"/>
  <testcase name="xtestParsingArrayWithSpaces()" classname="de.uka.ilkd.key.parser.TestTermParser" time="0.0">
    <skipped/>
  </testcase>
  <testcase name="testAmbigiousFuncVarPred()" classname="de.uka.ilkd.key.parser.TestTermParser" time="0.0"/>
  <testcase name="test1()" classname="de.uka.ilkd.key.parser.TestTermParser" time="0.002"/>
  <testcase name="test2()" classname="de.uka.ilkd.key.parser.TestTermParser" time="0.001"/>
  <testcase name="test3()" classname="de.uka.ilkd.key.parser.TestTermParser" time="0.001"/>
  <testcase name="test5()" classname="de.uka.ilkd.key.parser.TestTermParser" time="0.001"/>
  <testcase name="test6()" classname="de.uka.ilkd.key.parser.TestTermParser" time="0.002"/>
  <testcase name="test7()" classname="de.uka.ilkd.key.parser.TestTermParser" time="0.003"/>
  <testcase name="test8()" classname="de.uka.ilkd.key.parser.TestTermParser" time="0.002"/>
  <testcase name="test9()" classname="de.uka.ilkd.key.parser.TestTermParser" time="0.002"/>
  <testcase name="testBindingUpdateTerm()" classname="de.uka.ilkd.key.parser.TestTermParser" time="0.002"/>
  <testcase name="testJavaStaticQuery()" classname="de.uka.ilkd.key.parser.TestTermParser" time="0.003"/>
  <testcase name="testInfix1()" classname="de.uka.ilkd.key.parser.TestTermParser" time="0.002"/>
  <testcase name="testInfix2()" classname="de.uka.ilkd.key.parser.TestTermParser" time="0.001"/>
  <testcase name="testInfix3()" classname="de.uka.ilkd.key.parser.TestTermParser" time="0.002"/>
  <testcase name="testInfix4()" classname="de.uka.ilkd.key.parser.TestTermParser" time="0.001"/>
  <testcase name="testIfThenElse()" classname="de.uka.ilkd.key.parser.TestTermParser" time="0.001"/>
  <testcase name="testJavaAttributeAccessBoth_1()" classname="de.uka.ilkd.key.parser.TestTermParser" time="0.002"/>
  <testcase name="testJavaAttributeAccessBoth_2()" classname="de.uka.ilkd.key.parser.TestTermParser" time="0.002"/>
  <testcase name="testJavaAttributeAccessBoth_3()" classname="de.uka.ilkd.key.parser.TestTermParser" time="0.002"/>
  <testcase name="testBindingUpdateTerm_1()" classname="de.uka.ilkd.key.parser.TestTermParser" time="0.001"/>
  <testcase name="testBindingUpdateTerm_3()" classname="de.uka.ilkd.key.parser.TestTermParser" time="0.003"/>
  <testcase name="testBindingUpdateTerm_4()" classname="de.uka.ilkd.key.parser.TestTermParser" time="0.001"/>
  <testcase name="testBindingUpdateTerm_5()" classname="de.uka.ilkd.key.parser.TestTermParser" time="0.002"/>
  <testcase name="testBindingUpdateTerm_6()" classname="de.uka.ilkd.key.parser.TestTermParser" time="0.002"/>
  <testcase name="testBindingUpdateTerm_7()" classname="de.uka.ilkd.key.parser.TestTermParser" time="0.001"/>
  <testcase name="testBindingUpdateTerm_8()" classname="de.uka.ilkd.key.parser.TestTermParser" time="0.001"/>
  <testcase name="testParsingArray()" classname="de.uka.ilkd.key.parser.TestTermParser" time="0.004"/>
  <testcase name="xtestBindingUpdateTermOldBindingAlternative()" classname="de.uka.ilkd.key.parser.TestTermParser" time="0.0">
    <skipped/>
  </testcase>
  <testcase name="testJavaStaticQueryWithParameter()" classname="de.uka.ilkd.key.parser.TestTermParser" time="0.003"/>
  <testcase name="testParsingArrayCombination()" classname="de.uka.ilkd.key.parser.TestTermParser" time="0.003"/>
  <system-out><![CDATA[296339     WARN  Test worker     d.u.i.k.j.r.KeYCrossReferenceNameInfo Datatype T declared twice: Once in UNKNOWN:unknown and once in UNKNOWN:unknown, Keeping one from UNKNOWN:unknown 
296498     WARN  Test worker     d.u.i.k.j.r.KeYCrossReferenceNameInfo Datatype T declared twice: Once in UNKNOWN:unknown and once in UNKNOWN:unknown, Keeping one from UNKNOWN:unknown 
296600     WARN  Test worker     d.u.i.k.j.r.KeYCrossReferenceNameInfo Datatype T declared twice: Once in UNKNOWN:unknown and once in UNKNOWN:unknown, Keeping one from UNKNOWN:unknown 
296690     WARN  Test worker     d.u.i.k.j.r.KeYCrossReferenceNameInfo Datatype T declared twice: Once in UNKNOWN:unknown and once in UNKNOWN:unknown, Keeping one from UNKNOWN:unknown 
296778     WARN  Test worker     d.u.i.k.j.r.KeYCrossReferenceNameInfo Datatype T declared twice: Once in UNKNOWN:unknown and once in UNKNOWN:unknown, Keeping one from UNKNOWN:unknown 
296868     WARN  Test worker     d.u.i.k.j.r.KeYCrossReferenceNameInfo Datatype T declared twice: Once in UNKNOWN:unknown and once in UNKNOWN:unknown, Keeping one from UNKNOWN:unknown 
296957     WARN  Test worker     d.u.i.k.j.r.KeYCrossReferenceNameInfo Datatype T declared twice: Once in UNKNOWN:unknown and once in UNKNOWN:unknown, Keeping one from UNKNOWN:unknown 
297045     WARN  Test worker     d.u.i.k.j.r.KeYCrossReferenceNameInfo Datatype T declared twice: Once in UNKNOWN:unknown and once in UNKNOWN:unknown, Keeping one from UNKNOWN:unknown 
297137     WARN  Test worker     d.u.i.k.j.r.KeYCrossReferenceNameInfo Datatype T declared twice: Once in UNKNOWN:unknown and once in UNKNOWN:unknown, Keeping one from UNKNOWN:unknown 
297228     WARN  Test worker     d.u.i.k.j.r.KeYCrossReferenceNameInfo Datatype T declared twice: Once in UNKNOWN:unknown and once in UNKNOWN:unknown, Keeping one from UNKNOWN:unknown 
297318     WARN  Test worker     d.u.i.k.j.r.KeYCrossReferenceNameInfo Datatype T declared twice: Once in UNKNOWN:unknown and once in UNKNOWN:unknown, Keeping one from UNKNOWN:unknown 
297408     WARN  Test worker     d.u.i.k.j.r.KeYCrossReferenceNameInfo Datatype T declared twice: Once in UNKNOWN:unknown and once in UNKNOWN:unknown, Keeping one from UNKNOWN:unknown 
297498     WARN  Test worker     d.u.i.k.j.r.KeYCrossReferenceNameInfo Datatype T declared twice: Once in UNKNOWN:unknown and once in UNKNOWN:unknown, Keeping one from UNKNOWN:unknown 
297588     WARN  Test worker     d.u.i.k.j.r.KeYCrossReferenceNameInfo Datatype T declared twice: Once in UNKNOWN:unknown and once in UNKNOWN:unknown, Keeping one from UNKNOWN:unknown 
297677     WARN  Test worker     d.u.i.k.j.r.KeYCrossReferenceNameInfo Datatype T declared twice: Once in UNKNOWN:unknown and once in UNKNOWN:unknown, Keeping one from UNKNOWN:unknown 
297767     WARN  Test worker     d.u.i.k.j.r.KeYCrossReferenceNameInfo Datatype T declared twice: Once in UNKNOWN:unknown and once in UNKNOWN:unknown, Keeping one from UNKNOWN:unknown 
297856     WARN  Test worker     d.u.i.k.j.r.KeYCrossReferenceNameInfo Datatype T declared twice: Once in UNKNOWN:unknown and once in UNKNOWN:unknown, Keeping one from UNKNOWN:unknown 
297944     WARN  Test worker     d.u.i.k.j.r.KeYCrossReferenceNameInfo Datatype T declared twice: Once in UNKNOWN:unknown and once in UNKNOWN:unknown, Keeping one from UNKNOWN:unknown 
298035     WARN  Test worker     d.u.i.k.j.r.KeYCrossReferenceNameInfo Datatype T declared twice: Once in UNKNOWN:unknown and once in UNKNOWN:unknown, Keeping one from UNKNOWN:unknown 
298127     WARN  Test worker     d.u.i.k.j.r.KeYCrossReferenceNameInfo Datatype T declared twice: Once in UNKNOWN:unknown and once in UNKNOWN:unknown, Keeping one from UNKNOWN:unknown 
298217     WARN  Test worker     d.u.i.k.j.r.KeYCrossReferenceNameInfo Datatype T declared twice: Once in UNKNOWN:unknown and once in UNKNOWN:unknown, Keeping one from UNKNOWN:unknown 
298308     WARN  Test worker     d.u.i.k.j.r.KeYCrossReferenceNameInfo Datatype T declared twice: Once in UNKNOWN:unknown and once in UNKNOWN:unknown, Keeping one from UNKNOWN:unknown 
298401     WARN  Test worker     d.u.i.k.j.r.KeYCrossReferenceNameInfo Datatype T declared twice: Once in UNKNOWN:unknown and once in UNKNOWN:unknown, Keeping one from UNKNOWN:unknown 
298493     WARN  Test worker     d.u.i.k.j.r.KeYCrossReferenceNameInfo Datatype T declared twice: Once in UNKNOWN:unknown and once in UNKNOWN:unknown, Keeping one from UNKNOWN:unknown 
298584     WARN  Test worker     d.u.i.k.j.r.KeYCrossReferenceNameInfo Datatype T declared twice: Once in UNKNOWN:unknown and once in UNKNOWN:unknown, Keeping one from UNKNOWN:unknown 
298674     WARN  Test worker     d.u.i.k.j.r.KeYCrossReferenceNameInfo Datatype T declared twice: Once in UNKNOWN:unknown and once in UNKNOWN:unknown, Keeping one from UNKNOWN:unknown 
298764     WARN  Test worker     d.u.i.k.j.r.KeYCrossReferenceNameInfo Datatype T declared twice: Once in UNKNOWN:unknown and once in UNKNOWN:unknown, Keeping one from UNKNOWN:unknown 
298855     WARN  Test worker     d.u.i.k.j.r.KeYCrossReferenceNameInfo Datatype T declared twice: Once in UNKNOWN:unknown and once in UNKNOWN:unknown, Keeping one from UNKNOWN:unknown 
298945     WARN  Test worker     d.u.i.k.j.r.KeYCrossReferenceNameInfo Datatype T declared twice: Once in UNKNOWN:unknown and once in UNKNOWN:unknown, Keeping one from UNKNOWN:unknown 
299035     WARN  Test worker     d.u.i.k.j.r.KeYCrossReferenceNameInfo Datatype T declared twice: Once in UNKNOWN:unknown and once in UNKNOWN:unknown, Keeping one from UNKNOWN:unknown 
299125     WARN  Test worker     d.u.i.k.j.r.KeYCrossReferenceNameInfo Datatype T declared twice: Once in UNKNOWN:unknown and once in UNKNOWN:unknown, Keeping one from UNKNOWN:unknown 
299215     WARN  Test worker     d.u.i.k.j.r.KeYCrossReferenceNameInfo Datatype T declared twice: Once in UNKNOWN:unknown and once in UNKNOWN:unknown, Keeping one from UNKNOWN:unknown 
299304     WARN  Test worker     d.u.i.k.j.r.KeYCrossReferenceNameInfo Datatype T declared twice: Once in UNKNOWN:unknown and once in UNKNOWN:unknown, Keeping one from UNKNOWN:unknown 
299394     WARN  Test worker     d.u.i.k.j.r.KeYCrossReferenceNameInfo Datatype T declared twice: Once in UNKNOWN:unknown and once in UNKNOWN:unknown, Keeping one from UNKNOWN:unknown 
299485     WARN  Test worker     d.u.i.k.j.r.KeYCrossReferenceNameInfo Datatype T declared twice: Once in UNKNOWN:unknown and once in UNKNOWN:unknown, Keeping one from UNKNOWN:unknown 
299575     WARN  Test worker     d.u.i.k.j.r.KeYCrossReferenceNameInfo Datatype T declared twice: Once in UNKNOWN:unknown and once in UNKNOWN:unknown, Keeping one from UNKNOWN:unknown 
299665     WARN  Test worker     d.u.i.k.j.r.KeYCrossReferenceNameInfo Datatype T declared twice: Once in UNKNOWN:unknown and once in UNKNOWN:unknown, Keeping one from UNKNOWN:unknown 
299756     WARN  Test worker     d.u.i.k.j.r.KeYCrossReferenceNameInfo Datatype T declared twice: Once in UNKNOWN:unknown and once in UNKNOWN:unknown, Keeping one from UNKNOWN:unknown 
299844     WARN  Test worker     d.u.i.k.j.r.KeYCrossReferenceNameInfo Datatype T declared twice: Once in UNKNOWN:unknown and once in UNKNOWN:unknown, Keeping one from UNKNOWN:unknown 
299934     WARN  Test worker     d.u.i.k.j.r.KeYCrossReferenceNameInfo Datatype T declared twice: Once in UNKNOWN:unknown and once in UNKNOWN:unknown, Keeping one from UNKNOWN:unknown 
300024     WARN  Test worker     d.u.i.k.j.r.KeYCrossReferenceNameInfo Datatype T declared twice: Once in UNKNOWN:unknown and once in UNKNOWN:unknown, Keeping one from UNKNOWN:unknown 
300114     WARN  Test worker     d.u.i.k.j.r.KeYCrossReferenceNameInfo Datatype T declared twice: Once in UNKNOWN:unknown and once in UNKNOWN:unknown, Keeping one from UNKNOWN:unknown 
300203     WARN  Test worker     d.u.i.k.j.r.KeYCrossReferenceNameInfo Datatype T declared twice: Once in UNKNOWN:unknown and once in UNKNOWN:unknown, Keeping one from UNKNOWN:unknown 
300295     WARN  Test worker     d.u.i.k.j.r.KeYCrossReferenceNameInfo Datatype T declared twice: Once in UNKNOWN:unknown and once in UNKNOWN:unknown, Keeping one from UNKNOWN:unknown 
300383     WARN  Test worker     d.u.i.k.j.r.KeYCrossReferenceNameInfo Datatype T declared twice: Once in UNKNOWN:unknown and once in UNKNOWN:unknown, Keeping one from UNKNOWN:unknown 
300475     WARN  Test worker     d.u.i.k.j.r.KeYCrossReferenceNameInfo Datatype T declared twice: Once in UNKNOWN:unknown and once in UNKNOWN:unknown, Keeping one from UNKNOWN:unknown 
]]></system-out>
  <system-err><![CDATA[]]></system-err>
</testsuite>
