<?xml version="1.0" encoding="UTF-8"?>
<testsuite name="recoder.testsuite.basic.SetupModelTest" tests="1" skipped="1" failures="0" errors="0" timestamp="2023-04-25T13:08:45" hostname="fv-az1230-243" time="0.001">
  <properties/>
  <testcase name="testSetupModel" classname="recoder.testsuite.basic.SetupModelTest" time="0.001">
    <skipped/>
  </testcase>
  <system-out><![CDATA[]]></system-out>
  <system-err><![CDATA[]]></system-err>
</testsuite>
