<?xml version="1.0" encoding="UTF-8"?>
<testsuite name="de.uka.ilkd.key.nparser.ParseLDTsTests" tests="2" skipped="0" failures="0" errors="0" timestamp="2023-04-04T00:44:50" hostname="fv-az167-563" time="0.845">
  <properties/>
  <testcase name="testLDT()" classname="de.uka.ilkd.key.nparser.ParseLDTsTests" time="0.02"/>
  <testcase name="testSR()" classname="de.uka.ilkd.key.nparser.ParseLDTsTests" time="0.823"/>
  <system-out><![CDATA[201484     INFO  Test worker     d.u.i.k.n.KeyIO           Parsing took 12 ms 
201486     INFO  Test worker     d.u.i.k.n.KeyIO           MODE: declarations took 1 ms 
201798     INFO  Test worker     d.u.i.k.n.KeyIO           Parsing took 303 ms 
201804     INFO  Test worker     d.u.i.k.n.KeyIO           MODE: declarations took 6 ms 
]]></system-out>
  <system-err><![CDATA[]]></system-err>
</testsuite>
