<?xml version="1.0" encoding="UTF-8"?>
<testsuite name="recoder.testsuite.basic.analysis.LocalVariableXReferenceCompletenessTest" tests="1" skipped="0" failures="0" errors="0" timestamp="2023-03-31T15:25:56" hostname="fv-az613-798" time="0.0">
  <properties/>
  <testcase name="testLocalVariableXReferenceCompletenessTest" classname="recoder.testsuite.basic.analysis.LocalVariableXReferenceCompletenessTest" time="0.0"/>
  <system-out><![CDATA[]]></system-out>
  <system-err><![CDATA[]]></system-err>
</testsuite>
