<?xml version="1.0" encoding="UTF-8"?>
<testsuite name="de.uka.ilkd.key.proof.runallproofs.RunAllProofsInfFlow" tests="29" skipped="0" failures="0" errors="0" timestamp="2023-04-13T17:16:18" hostname="fv-az621-133" time="2664.455">
  <properties/>
  <testcase name="ToyVoting" classname="de.uka.ilkd.key.proof.runallproofs.RunAllProofsInfFlow" time="25.483"/>
  <testcase name="ConditionalConfidential" classname="de.uka.ilkd.key.proof.runallproofs.RunAllProofsInfFlow" time="13.963"/>
  <testcase name="SumExample" classname="de.uka.ilkd.key.proof.runallproofs.RunAllProofsInfFlow" time="9.811"/>
  <testcase name="ToyBanking" classname="de.uka.ilkd.key.proof.runallproofs.RunAllProofsInfFlow" time="111.689"/>
  <testcase name="BlockContracts" classname="de.uka.ilkd.key.proof.runallproofs.RunAllProofsInfFlow" time="59.923"/>
  <testcase name="MethodContracts" classname="de.uka.ilkd.key.proof.runallproofs.RunAllProofsInfFlow" time="72.575"/>
  <testcase name="LoopInvariants" classname="de.uka.ilkd.key.proof.runallproofs.RunAllProofsInfFlow" time="64.591"/>
  <testcase name="MiniExamples" classname="de.uka.ilkd.key.proof.runallproofs.RunAllProofsInfFlow" time="93.53"/>
  <testcase name="NewObjects" classname="de.uka.ilkd.key.proof.runallproofs.RunAllProofsInfFlow" time="77.312"/>
  <testcase name="SimpleEvoting" classname="de.uka.ilkd.key.proof.runallproofs.RunAllProofsInfFlow" time="158.195"/>
  <testcase name="ToyVoting_nomacro" classname="de.uka.ilkd.key.proof.runallproofs.RunAllProofsInfFlow" time="33.874"/>
  <testcase name="ConditionalConfidential_nomacro" classname="de.uka.ilkd.key.proof.runallproofs.RunAllProofsInfFlow" time="0.001"/>
  <testcase name="SumExample_nomacro" classname="de.uka.ilkd.key.proof.runallproofs.RunAllProofsInfFlow" time="11.569"/>
  <testcase name="ToyBanking_nomacro" classname="de.uka.ilkd.key.proof.runallproofs.RunAllProofsInfFlow" time="75.706"/>
  <testcase name="BlockContracts_nomacro" classname="de.uka.ilkd.key.proof.runallproofs.RunAllProofsInfFlow" time="78.56"/>
  <testcase name="MethodContracts_nomacro" classname="de.uka.ilkd.key.proof.runallproofs.RunAllProofsInfFlow" time="68.176"/>
  <testcase name="LoopInvariants_nomacro" classname="de.uka.ilkd.key.proof.runallproofs.RunAllProofsInfFlow" time="107.628"/>
  <testcase name="MiniExamples_nomacro" classname="de.uka.ilkd.key.proof.runallproofs.RunAllProofsInfFlow" time="93.57"/>
  <testcase name="NewObjects_nomacro" classname="de.uka.ilkd.key.proof.runallproofs.RunAllProofsInfFlow" time="127.269"/>
  <testcase name="SimpleEvoting_nomacro" classname="de.uka.ilkd.key.proof.runallproofs.RunAllProofsInfFlow" time="133.371"/>
  <testcase name="ToyVoting_fullmacro" classname="de.uka.ilkd.key.proof.runallproofs.RunAllProofsInfFlow" time="55.707"/>
  <testcase name="SumExample_fullmacro" classname="de.uka.ilkd.key.proof.runallproofs.RunAllProofsInfFlow" time="9.818"/>
  <testcase name="ToyBanking_fullmacro" classname="de.uka.ilkd.key.proof.runallproofs.RunAllProofsInfFlow" time="248.044"/>
  <testcase name="BlockContracts_fullmacro" classname="de.uka.ilkd.key.proof.runallproofs.RunAllProofsInfFlow" time="80.011"/>
  <testcase name="MethodContracts_fullmacro" classname="de.uka.ilkd.key.proof.runallproofs.RunAllProofsInfFlow" time="72.26"/>
  <testcase name="InformationFlow_fullmacro" classname="de.uka.ilkd.key.proof.runallproofs.RunAllProofsInfFlow" time="318.43"/>
  <testcase name="MiniExamples_fullmacro" classname="de.uka.ilkd.key.proof.runallproofs.RunAllProofsInfFlow" time="96.956"/>
  <testcase name="NewObjects_fullmacro" classname="de.uka.ilkd.key.proof.runallproofs.RunAllProofsInfFlow" time="188.057"/>
  <testcase name="SimpleEvoting_fullmacro" classname="de.uka.ilkd.key.proof.runallproofs.RunAllProofsInfFlow" time="178.366"/>
  <system-out><![CDATA[288        INFO  Test worker     d.u.i.k.p.r.RunAllProofsTestUnit Running test ToyVoting 
389        INFO  Timeout watchdog d.u.i.k.p.r.p.ForkedTestFileRunner Timeout watcher launched (1000 secs.) 
427        WARN  main            d.u.i.k.s.ProofSettings   No proof-settings could be loaded, using defaults java.io.FileNotFoundException: /home/runner/.key/proof-settings.props (No such file or directory)
	at java.base/java.io.FileInputStream.open0(Native Method)

469        DEBUG main            d.u.i.k.s.TermLabelSettings TermLabelSettings: Failure while reading the setting "UseOriginLabels".Using the default value: true.The string read was: null 
471        INFO  main            d.u.i.k.p.r.p.TestFile    Now processing file /home/runner/work/key/key/key.core/../key.ui/examples/InformationFlow/ToyVoting/Voter(Voter__insecure_voting()).JML normal_behavior operation contract.0.key 
1208       DEBUG main            d.u.i.k.p.i.KeYFile       Reading KeY file file:/home/runner/work/key/key/key.core/build/resources/main/de/uka/ilkd/key/proof/rules/ldt.key 
1209       DEBUG main            d.u.i.k.p.i.KeYFile       Read specifications obtained when parsing the Java files (usually JML and Strings.key) from file:/home/runner/work/key/key/key.core/build/resources/main/de/uka/ilkd/key/proof/rules/ldt.key 
1223       DEBUG main            d.u.i.k.p.i.KeYFile       Reading KeY file file:/home/runner/work/key/key/key.core/build/resources/main/de/uka/ilkd/key/proof/rules/propRule.key 
1223       DEBUG main            d.u.i.k.p.i.KeYFile       Read specifications obtained when parsing the Java files (usually JML and Strings.key) from file:/home/runner/work/key/key/key.core/build/resources/main/de/uka/ilkd/key/proof/rules/propRule.key 
1260       DEBUG main            d.u.i.k.p.i.KeYFile       Reading KeY file file:/home/runner/work/key/key/key.core/build/resources/main/de/uka/ilkd/key/proof/rules/firstOrderRules.key 
1260       DEBUG main            d.u.i.k.p.i.KeYFile       Read specifications obtained when parsing the Java files (usually JML and Strings.key) from file:/home/runner/work/key/key/key.core/build/resources/main/de/uka/ilkd/key/proof/rules/firstOrderRules.key 
1295       DEBUG main            d.u.i.k.p.i.KeYFile       Reading KeY file file:/home/runner/work/key/key/key.core/build/resources/main/de/uka/ilkd/key/proof/rules/ifThenElseRules.key 
1296       DEBUG main            d.u.i.k.p.i.KeYFile       Read specifications obtained when parsing the Java files (usually JML and Strings.key) from file:/home/runner/work/key/key/key.core/build/resources/main/de/uka/ilkd/key/proof/rules/ifThenElseRules.key 
1341       DEBUG main            d.u.i.k.p.i.KeYFile       Reading KeY file file:/home/runner/work/key/key/key.core/build/resources/main/de/uka/ilkd/key/proof/rules/formulaNormalisationRules.key 
1341       DEBUG main            d.u.i.k.p.i.KeYFile       Read specifications obtained when parsing the Java files (usually JML and Strings.key) from file:/home/runner/work/key/key/key.core/build/resources/main/de/uka/ilkd/key/proof/rules/formulaNormalisationRules.key 
1418       DEBUG main            d.u.i.k.p.i.KeYFile       Reading KeY file file:/home/runner/work/key/key/key.core/build/resources/main/de/uka/ilkd/key/proof/rules/updateRules.key 
1418       DEBUG main            d.u.i.k.p.i.KeYFile       Read specifications obtained when parsing the Java files (usually JML and Strings.key) from file:/home/runner/work/key/key/key.core/build/resources/main/de/uka/ilkd/key/proof/rules/updateRules.key 
1439       DEBUG main            d.u.i.k.p.i.KeYFile       Reading KeY file file:/home/runner/work/key/key/key.core/build/resources/main/de/uka/ilkd/key/proof/rules/integerRulesCommon.key 
1439       DEBUG main            d.u.i.k.p.i.KeYFile       Read specifications obtained when parsing the Java files (usually JML and Strings.key) from file:/home/runner/work/key/key/key.core/build/resources/main/de/uka/ilkd/key/proof/rules/integerRulesCommon.key 
1530       DEBUG main            d.u.i.k.p.i.KeYFile       Reading KeY file file:/home/runner/work/key/key/key.core/build/resources/main/de/uka/ilkd/key/proof/rules/intRules.key 
1530       DEBUG main            d.u.i.k.p.i.KeYFile       Read specifications obtained when parsing the Java files (usually JML and Strings.key) from file:/home/runner/work/key/key/key.core/build/resources/main/de/uka/ilkd/key/proof/rules/intRules.key 
1543       DEBUG main            d.u.i.k.p.i.KeYFile       Reading KeY file file:/home/runner/work/key/key/key.core/build/resources/main/de/uka/ilkd/key/proof/rules/intRulesUncheckedSemantics.key 
1544       DEBUG main            d.u.i.k.p.i.KeYFile       Read specifications obtained when parsing the Java files (usually JML and Strings.key) from file:/home/runner/work/key/key/key.core/build/resources/main/de/uka/ilkd/key/proof/rules/intRulesUncheckedSemantics.key 
1567       DEBUG main            d.u.i.k.p.i.KeYFile       Reading KeY file file:/home/runner/work/key/key/key.core/build/resources/main/de/uka/ilkd/key/proof/rules/intRulesCheckedSemantics.key 
1567       DEBUG main            d.u.i.k.p.i.KeYFile       Read specifications obtained when parsing the Java files (usually JML and Strings.key) from file:/home/runner/work/key/key/key.core/build/resources/main/de/uka/ilkd/key/proof/rules/intRulesCheckedSemantics.key 
1576       DEBUG main            d.u.i.k.p.i.KeYFile       Reading KeY file file:/home/runner/work/key/key/key.core/build/resources/main/de/uka/ilkd/key/proof/rules/intRulesJavaSemantics.key 
1576       DEBUG main            d.u.i.k.p.i.KeYFile       Read specifications obtained when parsing the Java files (usually JML and Strings.key) from file:/home/runner/work/key/key/key.core/build/resources/main/de/uka/ilkd/key/proof/rules/intRulesJavaSemantics.key 
1684       DEBUG main            d.u.i.k.p.i.KeYFile       Reading KeY file file:/home/runner/work/key/key/key.core/build/resources/main/de/uka/ilkd/key/proof/rules/integerSimplificationRules.key 
1686       DEBUG main            d.u.i.k.p.i.KeYFile       Read specifications obtained when parsing the Java files (usually JML and Strings.key) from file:/home/runner/work/key/key/key.core/build/resources/main/de/uka/ilkd/key/proof/rules/integerSimplificationRules.key 
1739       DEBUG main            d.u.i.k.j.TypeConverter   No LDT found for Meta 
1740       DEBUG main            d.u.i.k.j.TypeConverter   No LDT found for Meta 
1742       DEBUG main            d.u.i.k.j.TypeConverter   No LDT found for Meta 
1742       DEBUG main            d.u.i.k.j.TypeConverter   No LDT found for Meta 
1823       DEBUG main            d.u.i.k.p.i.KeYFile       Reading KeY file file:/home/runner/work/key/key/key.core/build/resources/main/de/uka/ilkd/key/proof/rules/intDiv.key 
1824       DEBUG main            d.u.i.k.p.i.KeYFile       Read specifications obtained when parsing the Java files (usually JML and Strings.key) from file:/home/runner/work/key/key/key.core/build/resources/main/de/uka/ilkd/key/proof/rules/intDiv.key 
1906       DEBUG main            d.u.i.k.p.i.KeYFile       Reading KeY file file:/home/runner/work/key/key/key.core/build/resources/main/de/uka/ilkd/key/proof/rules/bsum.key 
1907       DEBUG main            d.u.i.k.p.i.KeYFile       Read specifications obtained when parsing the Java files (usually JML and Strings.key) from file:/home/runner/work/key/key/key.core/build/resources/main/de/uka/ilkd/key/proof/rules/bsum.key 
1983       DEBUG main            d.u.i.k.p.i.KeYFile       Reading KeY file file:/home/runner/work/key/key/key.core/build/resources/main/de/uka/ilkd/key/proof/rules/bprod.key 
1985       DEBUG main            d.u.i.k.p.i.KeYFile       Read specifications obtained when parsing the Java files (usually JML and Strings.key) from file:/home/runner/work/key/key/key.core/build/resources/main/de/uka/ilkd/key/proof/rules/bprod.key 
1998       DEBUG main            d.u.i.k.p.i.KeYFile       Reading KeY file file:/home/runner/work/key/key/key.core/build/resources/main/de/uka/ilkd/key/proof/rules/binaryAxioms.key 
2004       DEBUG main            d.u.i.k.p.i.KeYFile       Read specifications obtained when parsing the Java files (usually JML and Strings.key) from file:/home/runner/work/key/key/key.core/build/resources/main/de/uka/ilkd/key/proof/rules/binaryAxioms.key 
2010       DEBUG main            d.u.i.k.p.i.KeYFile       Reading KeY file file:/home/runner/work/key/key/key.core/build/resources/main/de/uka/ilkd/key/proof/rules/binaryLemmas.key 
2011       DEBUG main            d.u.i.k.p.i.KeYFile       Read specifications obtained when parsing the Java files (usually JML and Strings.key) from file:/home/runner/work/key/key/key.core/build/resources/main/de/uka/ilkd/key/proof/rules/binaryLemmas.key 
2027       DEBUG main            d.u.i.k.p.i.KeYFile       Reading KeY file file:/home/runner/work/key/key/key.core/build/resources/main/de/uka/ilkd/key/proof/rules/intPow.key 
2028       DEBUG main            d.u.i.k.p.i.KeYFile       Read specifications obtained when parsing the Java files (usually JML and Strings.key) from file:/home/runner/work/key/key/key.core/build/resources/main/de/uka/ilkd/key/proof/rules/intPow.key 
2047       DEBUG main            d.u.i.k.p.i.KeYFile       Reading KeY file file:/home/runner/work/key/key/key.core/build/resources/main/de/uka/ilkd/key/proof/rules/floatRulesCommon.key 
2047       DEBUG main            d.u.i.k.p.i.KeYFile       Read specifications obtained when parsing the Java files (usually JML and Strings.key) from file:/home/runner/work/key/key/key.core/build/resources/main/de/uka/ilkd/key/proof/rules/floatRulesCommon.key 
2059       DEBUG main            d.u.i.k.p.i.KeYFile       Reading KeY file file:/home/runner/work/key/key/key.core/build/resources/main/de/uka/ilkd/key/proof/rules/floatRules.key 
2059       DEBUG main            d.u.i.k.p.i.KeYFile       Read specifications obtained when parsing the Java files (usually JML and Strings.key) from file:/home/runner/work/key/key/key.core/build/resources/main/de/uka/ilkd/key/proof/rules/floatRules.key 
2060       DEBUG main            d.u.i.k.p.i.KeYFile       Reading KeY file file:/home/runner/work/key/key/key.core/build/resources/main/de/uka/ilkd/key/proof/rules/floatRulesVerifyNormal.key 
2060       DEBUG main            d.u.i.k.p.i.KeYFile       Read specifications obtained when parsing the Java files (usually JML and Strings.key) from file:/home/runner/work/key/key/key.core/build/resources/main/de/uka/ilkd/key/proof/rules/floatRulesVerifyNormal.key 
2063       DEBUG main            d.u.i.k.p.i.KeYFile       Reading KeY file file:/home/runner/work/key/key/key.core/build/resources/main/de/uka/ilkd/key/proof/rules/floatRulesAssumeStrictfp.key 
2063       DEBUG main            d.u.i.k.p.i.KeYFile       Read specifications obtained when parsing the Java files (usually JML and Strings.key) from file:/home/runner/work/key/key/key.core/build/resources/main/de/uka/ilkd/key/proof/rules/floatRulesAssumeStrictfp.key 
2089       DEBUG main            d.u.i.k.p.i.KeYFile       Reading KeY file file:/home/runner/work/key/key/key.core/build/resources/main/de/uka/ilkd/key/proof/rules/genericRules.key 
2090       DEBUG main            d.u.i.k.p.i.KeYFile       Read specifications obtained when parsing the Java files (usually JML and Strings.key) from file:/home/runner/work/key/key/key.core/build/resources/main/de/uka/ilkd/key/proof/rules/genericRules.key 
2100       DEBUG main            d.u.i.k.p.i.KeYFile       Reading KeY file file:/home/runner/work/key/key/key.core/build/resources/main/de/uka/ilkd/key/proof/rules/booleanRules.key 
2101       DEBUG main            d.u.i.k.p.i.KeYFile       Read specifications obtained when parsing the Java files (usually JML and Strings.key) from file:/home/runner/work/key/key/key.core/build/resources/main/de/uka/ilkd/key/proof/rules/booleanRules.key 
2106       DEBUG main            d.u.i.k.p.i.KeYFile       Reading KeY file file:/home/runner/work/key/key/key.core/build/resources/main/de/uka/ilkd/key/proof/rules/epsilon.key 
2107       DEBUG main            d.u.i.k.p.i.KeYFile       Read specifications obtained when parsing the Java files (usually JML and Strings.key) from file:/home/runner/work/key/key/key.core/build/resources/main/de/uka/ilkd/key/proof/rules/epsilon.key 
2150       DEBUG main            d.u.i.k.p.i.KeYFile       Reading KeY file file:/home/runner/work/key/key/key.core/build/resources/main/de/uka/ilkd/key/proof/rules/locSetsRules.key 
2151       DEBUG main            d.u.i.k.p.i.KeYFile       Read specifications obtained when parsing the Java files (usually JML and Strings.key) from file:/home/runner/work/key/key/key.core/build/resources/main/de/uka/ilkd/key/proof/rules/locSetsRules.key 
2203       DEBUG main            d.u.i.k.p.i.KeYFile       Reading KeY file file:/home/runner/work/key/key/key.core/build/resources/main/de/uka/ilkd/key/proof/rules/heapRules.key 
2203       DEBUG main            d.u.i.k.p.i.KeYFile       Read specifications obtained when parsing the Java files (usually JML and Strings.key) from file:/home/runner/work/key/key/key.core/build/resources/main/de/uka/ilkd/key/proof/rules/heapRules.key 
2235       DEBUG main            d.u.i.k.p.i.KeYFile       Reading KeY file file:/home/runner/work/key/key/key.core/build/resources/main/de/uka/ilkd/key/proof/rules/permissionRules.key 
2236       DEBUG main            d.u.i.k.p.i.KeYFile       Read specifications obtained when parsing the Java files (usually JML and Strings.key) from file:/home/runner/work/key/key/key.core/build/resources/main/de/uka/ilkd/key/proof/rules/permissionRules.key 
2260       DEBUG main            d.u.i.k.p.i.KeYFile       Reading KeY file file:/home/runner/work/key/key/key.core/build/resources/main/de/uka/ilkd/key/proof/rules/reachRules.key 
2261       DEBUG main            d.u.i.k.p.i.KeYFile       Read specifications obtained when parsing the Java files (usually JML and Strings.key) from file:/home/runner/work/key/key/key.core/build/resources/main/de/uka/ilkd/key/proof/rules/reachRules.key 
2272       DEBUG main            d.u.i.k.p.i.KeYFile       Reading KeY file file:/home/runner/work/key/key/key.core/build/resources/main/de/uka/ilkd/key/proof/rules/seqCoreRules.key 
2272       DEBUG main            d.u.i.k.p.i.KeYFile       Read specifications obtained when parsing the Java files (usually JML and Strings.key) from file:/home/runner/work/key/key/key.core/build/resources/main/de/uka/ilkd/key/proof/rules/seqCoreRules.key 
2291       DEBUG main            d.u.i.k.p.i.KeYFile       Reading KeY file file:/home/runner/work/key/key/key.core/build/resources/main/de/uka/ilkd/key/proof/rules/seqRules.key 
2292       DEBUG main            d.u.i.k.p.i.KeYFile       Read specifications obtained when parsing the Java files (usually JML and Strings.key) from file:/home/runner/work/key/key/key.core/build/resources/main/de/uka/ilkd/key/proof/rules/seqRules.key 
2348       DEBUG main            d.u.i.k.p.i.KeYFile       Reading KeY file file:/home/runner/work/key/key/key.core/build/resources/main/de/uka/ilkd/key/proof/rules/seqPerm.key 
2349       DEBUG main            d.u.i.k.p.i.KeYFile       Read specifications obtained when parsing the Java files (usually JML and Strings.key) from file:/home/runner/work/key/key/key.core/build/resources/main/de/uka/ilkd/key/proof/rules/seqPerm.key 
2366       DEBUG main            d.u.i.k.p.i.KeYFile       Reading KeY file file:/home/runner/work/key/key/key.core/build/resources/main/de/uka/ilkd/key/proof/rules/seqPerm2.key 
2366       DEBUG main            d.u.i.k.p.i.KeYFile       Read specifications obtained when parsing the Java files (usually JML and Strings.key) from file:/home/runner/work/key/key/key.core/build/resources/main/de/uka/ilkd/key/proof/rules/seqPerm2.key 
2434       DEBUG main            d.u.i.k.p.i.KeYFile       Reading KeY file file:/home/runner/work/key/key/key.core/build/resources/main/de/uka/ilkd/key/proof/rules/assertions.key 
2436       DEBUG main            d.u.i.k.p.i.KeYFile       Read specifications obtained when parsing the Java files (usually JML and Strings.key) from file:/home/runner/work/key/key/key.core/build/resources/main/de/uka/ilkd/key/proof/rules/assertions.key 
2484       DEBUG main            d.u.i.k.p.i.KeYFile       Reading KeY file file:/home/runner/work/key/key/key.core/build/resources/main/de/uka/ilkd/key/proof/rules/javaRules.key 
2485       DEBUG main            d.u.i.k.p.i.KeYFile       Read specifications obtained when parsing the Java files (usually JML and Strings.key) from file:/home/runner/work/key/key/key.core/build/resources/main/de/uka/ilkd/key/proof/rules/javaRules.key 
2892       DEBUG main            d.u.i.k.p.i.KeYFile       Reading KeY file file:/home/runner/work/key/key/key.core/build/resources/main/de/uka/ilkd/key/proof/rules/loopRules.key 
2893       DEBUG main            d.u.i.k.p.i.KeYFile       Read specifications obtained when parsing the Java files (usually JML and Strings.key) from file:/home/runner/work/key/key/key.core/build/resources/main/de/uka/ilkd/key/proof/rules/loopRules.key 
2907       DEBUG main            d.u.i.k.p.i.KeYFile       Reading KeY file file:/home/runner/work/key/key/key.core/build/resources/main/de/uka/ilkd/key/proof/rules/activeUse.key 
2907       DEBUG main            d.u.i.k.p.i.KeYFile       Read specifications obtained when parsing the Java files (usually JML and Strings.key) from file:/home/runner/work/key/key/key.core/build/resources/main/de/uka/ilkd/key/proof/rules/activeUse.key 
2957       DEBUG main            d.u.i.k.p.i.KeYFile       Reading KeY file file:/home/runner/work/key/key/key.core/build/resources/main/de/uka/ilkd/key/proof/rules/instanceAllocation.key 
2957       DEBUG main            d.u.i.k.p.i.KeYFile       Read specifications obtained when parsing the Java files (usually JML and Strings.key) from file:/home/runner/work/key/key/key.core/build/resources/main/de/uka/ilkd/key/proof/rules/instanceAllocation.key 
2967       DEBUG main            d.u.i.k.p.i.KeYFile       Reading KeY file file:/home/runner/work/key/key/key.core/build/resources/main/de/uka/ilkd/key/proof/rules/java5.key 
2967       DEBUG main            d.u.i.k.p.i.KeYFile       Read specifications obtained when parsing the Java files (usually JML and Strings.key) from file:/home/runner/work/key/key/key.core/build/resources/main/de/uka/ilkd/key/proof/rules/java5.key 
2975       DEBUG main            d.u.i.k.p.i.KeYFile       Reading KeY file file:/home/runner/work/key/key/key.core/build/resources/main/de/uka/ilkd/key/proof/rules/integerAssignment2UpdateRules.key 
2976       DEBUG main            d.u.i.k.p.i.KeYFile       Read specifications obtained when parsing the Java files (usually JML and Strings.key) from file:/home/runner/work/key/key/key.core/build/resources/main/de/uka/ilkd/key/proof/rules/integerAssignment2UpdateRules.key 
3006       DEBUG main            d.u.i.k.p.i.KeYFile       Reading KeY file file:/home/runner/work/key/key/key.core/build/resources/main/de/uka/ilkd/key/proof/rules/floatAssignment2UpdateRules.key 
3006       DEBUG main            d.u.i.k.p.i.KeYFile       Read specifications obtained when parsing the Java files (usually JML and Strings.key) from file:/home/runner/work/key/key/key.core/build/resources/main/de/uka/ilkd/key/proof/rules/floatAssignment2UpdateRules.key 
3054       DEBUG main            d.u.i.k.p.i.KeYFile       Reading KeY file file:/home/runner/work/key/key/key.core/build/resources/main/de/uka/ilkd/key/proof/rules/bigint.key 
3056       DEBUG main            d.u.i.k.p.i.KeYFile       Read specifications obtained when parsing the Java files (usually JML and Strings.key) from file:/home/runner/work/key/key/key.core/build/resources/main/de/uka/ilkd/key/proof/rules/bigint.key 
3064       DEBUG main            d.u.i.k.j.TypeConverter   No LDT found for JavaBigintExpression 
3070       DEBUG main            d.u.i.k.p.i.KeYFile       Reading KeY file file:/home/runner/work/key/key/key.core/build/resources/main/de/uka/ilkd/key/proof/rules/adtProgramDecompositionRules.key 
3070       DEBUG main            d.u.i.k.p.i.KeYFile       Read specifications obtained when parsing the Java files (usually JML and Strings.key) from file:/home/runner/work/key/key/key.core/build/resources/main/de/uka/ilkd/key/proof/rules/adtProgramDecompositionRules.key 
3085       DEBUG main            d.u.i.k.p.i.KeYFile       Reading KeY file file:/home/runner/work/key/key/key.core/build/resources/main/de/uka/ilkd/key/proof/rules/precRules.key 
3085       DEBUG main            d.u.i.k.p.i.KeYFile       Read specifications obtained when parsing the Java files (usually JML and Strings.key) from file:/home/runner/work/key/key/key.core/build/resources/main/de/uka/ilkd/key/proof/rules/precRules.key 
3093       DEBUG main            d.u.i.k.p.i.KeYFile       Reading KeY file file:/home/runner/work/key/key/key.core/build/resources/main/de/uka/ilkd/key/proof/rules/charListRules.key 
3094       DEBUG main            d.u.i.k.p.i.KeYFile       Read specifications obtained when parsing the Java files (usually JML and Strings.key) from file:/home/runner/work/key/key/key.core/build/resources/main/de/uka/ilkd/key/proof/rules/charListRules.key 
3111       DEBUG main            d.u.i.k.p.i.KeYFile       Reading KeY file file:/home/runner/work/key/key/key.core/build/resources/main/de/uka/ilkd/key/proof/rules/regExHeader.key 
3112       DEBUG main            d.u.i.k.p.i.KeYFile       Read specifications obtained when parsing the Java files (usually JML and Strings.key) from file:/home/runner/work/key/key/key.core/build/resources/main/de/uka/ilkd/key/proof/rules/regExHeader.key 
3115       DEBUG main            d.u.i.k.p.i.KeYFile       Reading KeY file file:/home/runner/work/key/key/key.core/build/resources/main/de/uka/ilkd/key/proof/rules/regExAxioms.key 
3115       DEBUG main            d.u.i.k.p.i.KeYFile       Read specifications obtained when parsing the Java files (usually JML and Strings.key) from file:/home/runner/work/key/key/key.core/build/resources/main/de/uka/ilkd/key/proof/rules/regExAxioms.key 
3119       DEBUG main            d.u.i.k.p.i.KeYFile       Reading KeY file file:/home/runner/work/key/key/key.core/build/resources/main/de/uka/ilkd/key/proof/rules/regExLemmaProven.key 
3120       DEBUG main            d.u.i.k.p.i.KeYFile       Read specifications obtained when parsing the Java files (usually JML and Strings.key) from file:/home/runner/work/key/key/key.core/build/resources/main/de/uka/ilkd/key/proof/rules/regExLemmaProven.key 
3123       DEBUG main            d.u.i.k.p.i.KeYFile       Reading KeY file file:/home/runner/work/key/key/key.core/build/resources/main/de/uka/ilkd/key/proof/rules/regExTheory.key 
3123       DEBUG main            d.u.i.k.p.i.KeYFile       Read specifications obtained when parsing the Java files (usually JML and Strings.key) from file:/home/runner/work/key/key/key.core/build/resources/main/de/uka/ilkd/key/proof/rules/regExTheory.key 
3127       DEBUG main            d.u.i.k.p.i.KeYFile       Reading KeY file file:/home/runner/work/key/key/key.core/build/resources/main/de/uka/ilkd/key/proof/rules/seqEq.key 
3127       DEBUG main            d.u.i.k.p.i.KeYFile       Read specifications obtained when parsing the Java files (usually JML and Strings.key) from file:/home/runner/work/key/key/key.core/build/resources/main/de/uka/ilkd/key/proof/rules/seqEq.key 
3133       DEBUG main            d.u.i.k.p.i.KeYFile       Reading KeY file file:/home/runner/work/key/key/key.core/build/resources/main/de/uka/ilkd/key/proof/rules/infFlow.key 
3135       DEBUG main            d.u.i.k.p.i.KeYFile       Read specifications obtained when parsing the Java files (usually JML and Strings.key) from file:/home/runner/work/key/key/key.core/build/resources/main/de/uka/ilkd/key/proof/rules/infFlow.key 
3138       DEBUG main            d.u.i.k.p.i.KeYFile       Reading KeY file file:/home/runner/work/key/key/key.core/build/resources/main/de/uka/ilkd/key/proof/rules/mapSize.key 
3139       DEBUG main            d.u.i.k.p.i.KeYFile       Read specifications obtained when parsing the Java files (usually JML and Strings.key) from file:/home/runner/work/key/key/key.core/build/resources/main/de/uka/ilkd/key/proof/rules/mapSize.key 
3144       DEBUG main            d.u.i.k.p.i.KeYFile       Reading KeY file file:/home/runner/work/key/key/key.core/build/resources/main/de/uka/ilkd/key/proof/rules/wdHeader.key 
3144       DEBUG main            d.u.i.k.p.i.KeYFile       Read specifications obtained when parsing the Java files (usually JML and Strings.key) from file:/home/runner/work/key/key/key.core/build/resources/main/de/uka/ilkd/key/proof/rules/wdHeader.key 
3146       DEBUG main            d.u.i.k.p.i.KeYFile       Reading KeY file file:/home/runner/work/key/key/key.core/build/resources/main/de/uka/ilkd/key/proof/rules/wdGeneralRules.key 
3146       DEBUG main            d.u.i.k.p.i.KeYFile       Read specifications obtained when parsing the Java files (usually JML and Strings.key) from file:/home/runner/work/key/key/key.core/build/resources/main/de/uka/ilkd/key/proof/rules/wdGeneralRules.key 
3157       DEBUG main            d.u.i.k.p.i.KeYFile       Reading KeY file file:/home/runner/work/key/key/key.core/build/resources/main/de/uka/ilkd/key/proof/rules/wdNumericalRules.key 
3157       DEBUG main            d.u.i.k.p.i.KeYFile       Read specifications obtained when parsing the Java files (usually JML and Strings.key) from file:/home/runner/work/key/key/key.core/build/resources/main/de/uka/ilkd/key/proof/rules/wdNumericalRules.key 
3173       DEBUG main            d.u.i.k.p.i.KeYFile       Reading KeY file file:/home/runner/work/key/key/key.core/build/resources/main/de/uka/ilkd/key/proof/rules/wdLocSetRules.key 
3174       DEBUG main            d.u.i.k.p.i.KeYFile       Read specifications obtained when parsing the Java files (usually JML and Strings.key) from file:/home/runner/work/key/key/key.core/build/resources/main/de/uka/ilkd/key/proof/rules/wdLocSetRules.key 
3178       DEBUG main            d.u.i.k.p.i.KeYFile       Reading KeY file file:/home/runner/work/key/key/key.core/build/resources/main/de/uka/ilkd/key/proof/rules/wdHeapRules.key 
3179       DEBUG main            d.u.i.k.p.i.KeYFile       Read specifications obtained when parsing the Java files (usually JML and Strings.key) from file:/home/runner/work/key/key/key.core/build/resources/main/de/uka/ilkd/key/proof/rules/wdHeapRules.key 
3181       DEBUG main            d.u.i.k.p.i.KeYFile       Reading KeY file file:/home/runner/work/key/key/key.core/build/resources/main/de/uka/ilkd/key/proof/rules/wdReachRules.key 
3182       DEBUG main            d.u.i.k.p.i.KeYFile       Read specifications obtained when parsing the Java files (usually JML and Strings.key) from file:/home/runner/work/key/key/key.core/build/resources/main/de/uka/ilkd/key/proof/rules/wdReachRules.key 
3184       DEBUG main            d.u.i.k.p.i.KeYFile       Reading KeY file file:/home/runner/work/key/key/key.core/build/resources/main/de/uka/ilkd/key/proof/rules/wdSeqRules.key 
3184       DEBUG main            d.u.i.k.p.i.KeYFile       Read specifications obtained when parsing the Java files (usually JML and Strings.key) from file:/home/runner/work/key/key/key.core/build/resources/main/de/uka/ilkd/key/proof/rules/wdSeqRules.key 
3187       DEBUG main            d.u.i.k.p.i.KeYFile       Reading KeY file file:/home/runner/work/key/key/key.core/build/resources/main/de/uka/ilkd/key/proof/rules/wdStringRules.key 
3189       DEBUG main            d.u.i.k.p.i.KeYFile       Read specifications obtained when parsing the Java files (usually JML and Strings.key) from file:/home/runner/work/key/key/key.core/build/resources/main/de/uka/ilkd/key/proof/rules/wdStringRules.key 
3192       DEBUG main            d.u.i.k.p.i.KeYFile       Reading KeY file file:/home/runner/work/key/key/key.core/build/resources/main/de/uka/ilkd/key/proof/rules/wdRegExRules.key 
3192       DEBUG main            d.u.i.k.p.i.KeYFile       Read specifications obtained when parsing the Java files (usually JML and Strings.key) from file:/home/runner/work/key/key/key.core/build/resources/main/de/uka/ilkd/key/proof/rules/wdRegExRules.key 
3222       DEBUG main            d.u.i.k.p.i.KeYFile       Reading KeY file file:/home/runner/work/key/key/key.core/build/resources/main/de/uka/ilkd/key/proof/rules/wdFormulaRules.key 
3223       DEBUG main            d.u.i.k.p.i.KeYFile       Read specifications obtained when parsing the Java files (usually JML and Strings.key) from file:/home/runner/work/key/key/key.core/build/resources/main/de/uka/ilkd/key/proof/rules/wdFormulaRules.key 
3234       DEBUG main            d.u.i.k.p.i.KeYFile       Reading KeY file file:/home/runner/work/key/key/key.core/build/resources/main/de/uka/ilkd/key/proof/rules/wd.key 
3234       DEBUG main            d.u.i.k.p.i.KeYFile       Read specifications obtained when parsing the Java files (usually JML and Strings.key) from file:/home/runner/work/key/key/key.core/build/resources/main/de/uka/ilkd/key/proof/rules/wd.key 
3236       DEBUG main            d.u.i.k.p.i.KeYFile       Reading KeY file file:/home/runner/work/key/key/key.core/build/resources/main/de/uka/ilkd/key/proof/rules/loopInvariantRules.key 
3237       DEBUG main            d.u.i.k.p.i.KeYFile       Read specifications obtained when parsing the Java files (usually JML and Strings.key) from file:/home/runner/work/key/key/key.core/build/resources/main/de/uka/ilkd/key/proof/rules/loopInvariantRules.key 
3238       DEBUG main            d.u.i.k.p.i.KeYFile       Reading KeY file file:/home/runner/work/key/key/key.core/build/resources/main/de/uka/ilkd/key/proof/rules/forLoopRules.key 
3239       DEBUG main            d.u.i.k.p.i.KeYFile       Read specifications obtained when parsing the Java files (usually JML and Strings.key) from file:/home/runner/work/key/key/key.core/build/resources/main/de/uka/ilkd/key/proof/rules/forLoopRules.key 
3245       DEBUG main            d.u.i.k.p.i.KeYFile       Reading KeY file file:/home/runner/work/key/key/key.core/build/resources/main/de/uka/ilkd/key/proof/rules/execRules.key 
3245       DEBUG main            d.u.i.k.p.i.KeYFile       Read specifications obtained when parsing the Java files (usually JML and Strings.key) from file:/home/runner/work/key/key/key.core/build/resources/main/de/uka/ilkd/key/proof/rules/execRules.key 
3323       DEBUG main            d.u.i.k.p.i.KeYFile       Reading KeY file file:/home/runner/work/key/key/key.core/build/resources/main/de/uka/ilkd/key/proof/rules/loopScopeRules.key 
3323       DEBUG main            d.u.i.k.p.i.KeYFile       Read specifications obtained when parsing the Java files (usually JML and Strings.key) from file:/home/runner/work/key/key/key.core/build/resources/main/de/uka/ilkd/key/proof/rules/loopScopeRules.key 
3347       DEBUG main            d.u.i.k.p.i.KeYFile       Reading KeY file file:/home/runner/work/key/key/key.core/build/resources/main/de/uka/ilkd/key/proof/rules/standardRules.key 
3347       DEBUG main            d.u.i.k.p.i.KeYFile       Read specifications obtained when parsing the Java files (usually JML and Strings.key) from file:/home/runner/work/key/key/key.core/build/resources/main/de/uka/ilkd/key/proof/rules/standardRules.key 
5982       DEBUG main            d.u.i.k.j.Recoder2KeY     converting now /home/runner/work/key/key/key.core/../key.ui/examples/InformationFlow/ToyVoting/src/Voter.java 
6042       DEBUG main            d.u.i.k.s.TermLabelSettings TermLabelSettings: Failure while reading the setting "UseOriginLabels".Using the default value: true.The string read was: null 
6042       DEBUG main            d.u.i.k.p.i.KeYFile       Reading KeY file /home/runner/work/key/key/key.core/../key.ui/examples/InformationFlow/ToyVoting/Voter(Voter__insecure_voting()).JML normal_behavior operation contract.0.key 
6053       DEBUG main            d.u.i.k.p.i.KeYFile       Reading KeY file file:/home/runner/work/key/key/key.core/build/resources/main/de/uka/ilkd/key/java/JavaRedux/java/lang/String.key 
6059       DEBUG main            d.u.i.k.p.i.KeYFile       Read specifications obtained when parsing the Java files (usually JML and Strings.key) from file:/home/runner/work/key/key/key.core/build/resources/main/de/uka/ilkd/key/java/JavaRedux/java/lang/String.key 
8216       DEBUG main            d.u.i.k.p.i.KeYFile       Read specifications obtained when parsing the Java files (usually JML and Strings.key) from /home/runner/work/key/key/key.core/../key.ui/examples/InformationFlow/ToyVoting/Voter(Voter__insecure_voting()).JML normal_behavior operation contract.0.key 
9013       DEBUG Thread-1        d.u.i.k.j.TypeConverter   typeconverter: (prefix this;, class class de.uka.ilkd.key.java.reference.ThisReference) 
9104       DEBUG Thread-1        d.u.i.k.j.TypeConverter   typeconverter: (prefix this;, class class de.uka.ilkd.key.java.reference.ThisReference) 
9130       DEBUG Thread-1        d.u.i.k.j.TypeConverter   TypeConverter: FieldReference: low_numOfVotes; 
9173       DEBUG Thread-1        d.u.i.k.j.TypeConverter   TypeConverter: FieldReference: low_numOfVotes; 
9270       DEBUG Thread-1        d.u.i.k.j.TypeConverter   typeconverter: (prefix this;, class class de.uka.ilkd.key.java.reference.ThisReference) 
9388       INFO  main            d.u.i.k.p.r.p.TestFile    ... finished proof: closed. 
9541       DEBUG main            d.u.i.k.s.TermLabelSettings TermLabelSettings: Failure while reading the setting "UseOriginLabels".Using the default value: true.The string read was: null 
9541       INFO  main            d.u.i.k.p.r.p.TestFile    Now processing file /home/runner/work/key/key/key.core/../key.ui/examples/InformationFlow/ToyVoting/Voter(Voter__publishVoterParticipation()).JML normal_behavior operation contract.0.key 
10514      DEBUG main            d.u.i.k.j.Recoder2KeY     converting now /home/runner/work/key/key/key.core/../key.ui/examples/InformationFlow/ToyVoting/src/Voter.java 
10529      DEBUG main            d.u.i.k.s.TermLabelSettings TermLabelSettings: Failure while reading the setting "UseOriginLabels".Using the default value: true.The string read was: null 
10529      DEBUG main            d.u.i.k.p.i.KeYFile       Reading KeY file /home/runner/work/key/key/key.core/../key.ui/examples/InformationFlow/ToyVoting/Voter(Voter__publishVoterParticipation()).JML normal_behavior operation contract.0.key 
10531      DEBUG main            d.u.i.k.p.i.KeYFile       Reading KeY file file:/home/runner/work/key/key/key.core/build/resources/main/de/uka/ilkd/key/java/JavaRedux/java/lang/String.key 
10534      DEBUG main            d.u.i.k.p.i.KeYFile       Read specifications obtained when parsing the Java files (usually JML and Strings.key) from file:/home/runner/work/key/key/key.core/build/resources/main/de/uka/ilkd/key/java/JavaRedux/java/lang/String.key 
12416      DEBUG main            d.u.i.k.p.i.KeYFile       Read specifications obtained when parsing the Java files (usually JML and Strings.key) from /home/runner/work/key/key/key.core/../key.ui/examples/InformationFlow/ToyVoting/Voter(Voter__publishVoterParticipation()).JML normal_behavior operation contract.0.key 
12518      DEBUG Thread-3        d.u.i.k.j.TypeConverter   TypeConverter: FieldReference: low_numOfVotes; 
12529      DEBUG Thread-3        d.u.i.k.j.TypeConverter   TypeConverter: FieldReference: low_NUM_OF_VOTERS; 
12530      DEBUG Thread-3        d.u.i.k.j.TypeConverter   TypeConverter: FieldReference: low_NUM_OF_VOTERS; 
12538      DEBUG Thread-3        d.u.i.k.j.TypeConverter   TypeConverter: FieldReference: low_outputStream; 
12588      INFO  main            d.u.i.k.p.r.p.TestFile    ... finished proof: closed. 
12718      DEBUG main            d.u.i.k.s.TermLabelSettings TermLabelSettings: Failure while reading the setting "UseOriginLabels".Using the default value: true.The string read was: null 
12719      INFO  main            d.u.i.k.p.r.p.TestFile    Now processing file /home/runner/work/key/key/key.core/../key.ui/examples/InformationFlow/ToyVoting/Voter(Voter__isValid(int)).JML normal_behavior operation contract.0.key 
13645      DEBUG main            d.u.i.k.j.Recoder2KeY     converting now /home/runner/work/key/key/key.core/../key.ui/examples/InformationFlow/ToyVoting/src/Voter.java 
13651      DEBUG main            d.u.i.k.s.TermLabelSettings TermLabelSettings: Failure while reading the setting "UseOriginLabels".Using the default value: true.The string read was: null 
13652      DEBUG main            d.u.i.k.p.i.KeYFile       Reading KeY file /home/runner/work/key/key/key.core/../key.ui/examples/InformationFlow/ToyVoting/Voter(Voter__isValid(int)).JML normal_behavior operation contract.0.key 
13653      DEBUG main            d.u.i.k.p.i.KeYFile       Reading KeY file file:/home/runner/work/key/key/key.core/build/resources/main/de/uka/ilkd/key/java/JavaRedux/java/lang/String.key 
13656      DEBUG main            d.u.i.k.p.i.KeYFile       Read specifications obtained when parsing the Java files (usually JML and Strings.key) from file:/home/runner/work/key/key/key.core/build/resources/main/de/uka/ilkd/key/java/JavaRedux/java/lang/String.key 
15420      DEBUG main            d.u.i.k.p.i.KeYFile       Read specifications obtained when parsing the Java files (usually JML and Strings.key) from /home/runner/work/key/key/key.core/../key.ui/examples/InformationFlow/ToyVoting/Voter(Voter__isValid(int)).JML normal_behavior operation contract.0.key 
15584      INFO  main            d.u.i.k.p.r.p.TestFile    ... finished proof: closed. 
15690      DEBUG main            d.u.i.k.s.TermLabelSettings TermLabelSettings: Failure while reading the setting "UseOriginLabels".Using the default value: true.The string read was: null 
15690      INFO  main            d.u.i.k.p.r.p.TestFile    Now processing file /home/runner/work/key/key/key.core/../key.ui/examples/InformationFlow/ToyVoting/Voter(Voter__sendVote(int)).JML normal_behavior operation contract.0.key 
16577      DEBUG main            d.u.i.k.j.Recoder2KeY     converting now /home/runner/work/key/key/key.core/../key.ui/examples/InformationFlow/ToyVoting/src/Voter.java 
16583      DEBUG main            d.u.i.k.s.TermLabelSettings TermLabelSettings: Failure while reading the setting "UseOriginLabels".Using the default value: true.The string read was: null 
16584      DEBUG main            d.u.i.k.p.i.KeYFile       Reading KeY file /home/runner/work/key/key/key.core/../key.ui/examples/InformationFlow/ToyVoting/Voter(Voter__sendVote(int)).JML normal_behavior operation contract.0.key 
16585      DEBUG main            d.u.i.k.p.i.KeYFile       Reading KeY file file:/home/runner/work/key/key/key.core/build/resources/main/de/uka/ilkd/key/java/JavaRedux/java/lang/String.key 
16588      DEBUG main            d.u.i.k.p.i.KeYFile       Read specifications obtained when parsing the Java files (usually JML and Strings.key) from file:/home/runner/work/key/key/key.core/build/resources/main/de/uka/ilkd/key/java/JavaRedux/java/lang/String.key 
18291      DEBUG main            d.u.i.k.p.i.KeYFile       Read specifications obtained when parsing the Java files (usually JML and Strings.key) from /home/runner/work/key/key/key.core/../key.ui/examples/InformationFlow/ToyVoting/Voter(Voter__sendVote(int)).JML normal_behavior operation contract.0.key 
18368      DEBUG Thread-7        d.u.i.k.j.TypeConverter   TypeConverter: FieldReference: low_outputStreamAvailable; 
18453      INFO  main            d.u.i.k.p.r.p.TestFile    ... finished proof: closed. 
18566      DEBUG main            d.u.i.k.s.TermLabelSettings TermLabelSettings: Failure while reading the setting "UseOriginLabels".Using the default value: true.The string read was: null 
18566      INFO  main            d.u.i.k.p.r.p.TestFile    Now processing file /home/runner/work/key/key/key.core/../key.ui/examples/InformationFlow/ToyVoting/Voter(Voter__inputVote()).JML normal_behavior operation contract.0.key 
19423      DEBUG main            d.u.i.k.j.Recoder2KeY     converting now /home/runner/work/key/key/key.core/../key.ui/examples/InformationFlow/ToyVoting/src/Voter.java 
19429      DEBUG main            d.u.i.k.s.TermLabelSettings TermLabelSettings: Failure while reading the setting "UseOriginLabels".Using the default value: true.The string read was: null 
19430      DEBUG main            d.u.i.k.p.i.KeYFile       Reading KeY file /home/runner/work/key/key/key.core/../key.ui/examples/InformationFlow/ToyVoting/Voter(Voter__inputVote()).JML normal_behavior operation contract.0.key 
19431      DEBUG main            d.u.i.k.p.i.KeYFile       Reading KeY file file:/home/runner/work/key/key/key.core/build/resources/main/de/uka/ilkd/key/java/JavaRedux/java/lang/String.key 
19434      DEBUG main            d.u.i.k.p.i.KeYFile       Read specifications obtained when parsing the Java files (usually JML and Strings.key) from file:/home/runner/work/key/key/key.core/build/resources/main/de/uka/ilkd/key/java/JavaRedux/java/lang/String.key 
21160      DEBUG main            d.u.i.k.p.i.KeYFile       Read specifications obtained when parsing the Java files (usually JML and Strings.key) from /home/runner/work/key/key/key.core/../key.ui/examples/InformationFlow/ToyVoting/Voter(Voter__inputVote()).JML normal_behavior operation contract.0.key 
21226      DEBUG Thread-9        d.u.i.k.j.TypeConverter   TypeConverter: FieldReference: high_inputStream; 
21315      INFO  main            d.u.i.k.p.r.p.TestFile    ... finished proof: closed. 
21462      DEBUG main            d.u.i.k.s.TermLabelSettings TermLabelSettings: Failure while reading the setting "UseOriginLabels".Using the default value: true.The string read was: null 
21462      INFO  main            d.u.i.k.p.r.p.TestFile    Now processing file /home/runner/work/key/key/key.core/../key.ui/examples/InformationFlow/ToyVoting/Voter(Voter__secure_voting()).JML normal_behavior operation contract.0.key 
22346      DEBUG main            d.u.i.k.j.Recoder2KeY     converting now /home/runner/work/key/key/key.core/../key.ui/examples/InformationFlow/ToyVoting/src/Voter.java 
22352      DEBUG main            d.u.i.k.s.TermLabelSettings TermLabelSettings: Failure while reading the setting "UseOriginLabels".Using the default value: true.The string read was: null 
22353      DEBUG main            d.u.i.k.p.i.KeYFile       Reading KeY file /home/runner/work/key/key/key.core/../key.ui/examples/InformationFlow/ToyVoting/Voter(Voter__secure_voting()).JML normal_behavior operation contract.0.key 
22355      DEBUG main            d.u.i.k.p.i.KeYFile       Reading KeY file file:/home/runner/work/key/key/key.core/build/resources/main/de/uka/ilkd/key/java/JavaRedux/java/lang/String.key 
22357      DEBUG main            d.u.i.k.p.i.KeYFile       Read specifications obtained when parsing the Java files (usually JML and Strings.key) from file:/home/runner/work/key/key/key.core/build/resources/main/de/uka/ilkd/key/java/JavaRedux/java/lang/String.key 
24088      DEBUG main            d.u.i.k.p.i.KeYFile       Read specifications obtained when parsing the Java files (usually JML and Strings.key) from /home/runner/work/key/key/key.core/../key.ui/examples/InformationFlow/ToyVoting/Voter(Voter__secure_voting()).JML normal_behavior operation contract.0.key 
24174      DEBUG Thread-11       d.u.i.k.r.m.WhileLoopTransformation While-Loop-Tranform-Result: {
  int i = 0;
  while (i < low_NUM_OF_VOTERS) {
    {
      int high_vote = inputVote();
      {
        if (isValid(high_vote)) {
          this.high_voteValid = true;
          this.low_sendSuccessful = sendVote(high_vote);
        } else {
          this.high_voteValid = false;
          this.low_sendSuccessful = sendVote(0);
        }
      }
      {
        low_numOfVotes = (this.low_sendSuccessful ?
                            low_numOfVotes + 1 :
                            low_numOfVotes);
      }
    }
    i++;
  }
} 
24206      DEBUG Thread-11       d.u.i.k.r.m.WhileLoopTransformation While-Loop-Tranform-Result: try {
  {
    if (i < low_NUM_OF_VOTERS) {
      {
        int high_vote = inputVote();
        {
          if (isValid(high_vote)) {
            this.high_voteValid = true;
            this.low_sendSuccessful = sendVote(
              high_vote
            );
          } else {
            this.high_voteValid = false;
            this.low_sendSuccessful = sendVote(0);
          }
        }
        {
          low_numOfVotes = (this.low_sendSuccessful ?
                              low_numOfVotes + 1 :
                              low_numOfVotes);
        }
      }
      i++;
    }
  }
} catch (java.lang.Throwable e#5) {
  exc#4 = true;
  thrownExc#6 = e#5;
} 
24230      DEBUG Thread-11       d.u.i.k.j.TypeConverter   TypeConverter: FieldReference: low_NUM_OF_VOTERS; 
24381      DEBUG Thread-11       d.u.i.k.j.TypeConverter   TypeConverter: FieldReference: low_NUM_OF_VOTERS; 
24405      DEBUG Thread-11       d.u.i.k.j.TypeConverter   TypeConverter: FieldReference: low_NUM_OF_VOTERS; 
24553      DEBUG Thread-11       d.u.i.k.j.TypeConverter   typeconverter: (prefix this;, class class de.uka.ilkd.key.java.reference.ThisReference) 
24589      DEBUG Thread-11       d.u.i.k.j.TypeConverter   TypeConverter: FieldReference: low_numOfVotes; 
24601      DEBUG Thread-11       d.u.i.k.j.TypeConverter   TypeConverter: FieldReference: low_numOfVotes; 
24689      DEBUG Thread-11       d.u.i.k.j.TypeConverter   TypeConverter: FieldReference: low_numOfVotes; 
24715      DEBUG Thread-11       d.u.i.k.j.TypeConverter   TypeConverter: FieldReference: low_numOfVotes; 
24870      DEBUG Thread-11       d.u.i.k.j.TypeConverter   typeconverter: (prefix this;, class class de.uka.ilkd.key.java.reference.ThisReference) 
24900      DEBUG Thread-11       d.u.i.k.j.TypeConverter   typeconverter: (prefix this;, class class de.uka.ilkd.key.java.reference.ThisReference) 
24911      DEBUG Thread-11       d.u.i.k.j.TypeConverter   typeconverter: (prefix this;, class class de.uka.ilkd.key.java.reference.ThisReference) 
24938      DEBUG Thread-11       d.u.i.k.j.TypeConverter   typeconverter: (prefix this;, class class de.uka.ilkd.key.java.reference.ThisReference) 
25046      INFO  main            d.u.i.k.p.r.p.TestFile    ... finished proof: closed. 
25765      INFO  Test worker     d.u.i.k.p.r.RunAllProofsTestUnit Returning from test ToyVoting 
25775      INFO  Test worker     d.u.i.k.p.r.RunAllProofsTestUnit Running test ConditionalConfidential 
356        INFO  Timeout watchdog d.u.i.k.p.r.p.ForkedTestFileRunner Timeout watcher launched (1000 secs.) 
369        WARN  main            d.u.i.k.s.ProofSettings   The settings in /home/runner/.key/proof-settings.props are *not* read. 
392        DEBUG main            d.u.i.k.s.TermLabelSettings TermLabelSettings: Failure while reading the setting "UseOriginLabels".Using the default value: true.The string read was: null 
393        INFO  main            d.u.i.k.p.r.p.TestFile    Now processing file /home/runner/work/key/key/key.core/../key.ui/examples/InformationFlow/ConditionalConfidential/CCExample(CCExample__hasAccessRight(CCExample.User)).JML normal_behavior operation contract.0.key 
982        DEBUG main            d.u.i.k.p.i.KeYFile       Reading KeY file file:/home/runner/work/key/key/key.core/build/resources/main/de/uka/ilkd/key/proof/rules/ldt.key 
982        DEBUG main            d.u.i.k.p.i.KeYFile       Read specifications obtained when parsing the Java files (usually JML and Strings.key) from file:/home/runner/work/key/key/key.core/build/resources/main/de/uka/ilkd/key/proof/rules/ldt.key 
991        DEBUG main            d.u.i.k.p.i.KeYFile       Reading KeY file file:/home/runner/work/key/key/key.core/build/resources/main/de/uka/ilkd/key/proof/rules/propRule.key 
991        DEBUG main            d.u.i.k.p.i.KeYFile       Read specifications obtained when parsing the Java files (usually JML and Strings.key) from file:/home/runner/work/key/key/key.core/build/resources/main/de/uka/ilkd/key/proof/rules/propRule.key 
1031       DEBUG main            d.u.i.k.p.i.KeYFile       Reading KeY file file:/home/runner/work/key/key/key.core/build/resources/main/de/uka/ilkd/key/proof/rules/firstOrderRules.key 
1031       DEBUG main            d.u.i.k.p.i.KeYFile       Read specifications obtained when parsing the Java files (usually JML and Strings.key) from file:/home/runner/work/key/key/key.core/build/resources/main/de/uka/ilkd/key/proof/rules/firstOrderRules.key 
1054       DEBUG main            d.u.i.k.p.i.KeYFile       Reading KeY file file:/home/runner/work/key/key/key.core/build/resources/main/de/uka/ilkd/key/proof/rules/ifThenElseRules.key 
1054       DEBUG main            d.u.i.k.p.i.KeYFile       Read specifications obtained when parsing the Java files (usually JML and Strings.key) from file:/home/runner/work/key/key/key.core/build/resources/main/de/uka/ilkd/key/proof/rules/ifThenElseRules.key 
1123       DEBUG main            d.u.i.k.p.i.KeYFile       Reading KeY file file:/home/runner/work/key/key/key.core/build/resources/main/de/uka/ilkd/key/proof/rules/formulaNormalisationRules.key 
1131       DEBUG main            d.u.i.k.p.i.KeYFile       Read specifications obtained when parsing the Java files (usually JML and Strings.key) from file:/home/runner/work/key/key/key.core/build/resources/main/de/uka/ilkd/key/proof/rules/formulaNormalisationRules.key 
1179       DEBUG main            d.u.i.k.p.i.KeYFile       Reading KeY file file:/home/runner/work/key/key/key.core/build/resources/main/de/uka/ilkd/key/proof/rules/updateRules.key 
1180       DEBUG main            d.u.i.k.p.i.KeYFile       Read specifications obtained when parsing the Java files (usually JML and Strings.key) from file:/home/runner/work/key/key/key.core/build/resources/main/de/uka/ilkd/key/proof/rules/updateRules.key 
1203       DEBUG main            d.u.i.k.p.i.KeYFile       Reading KeY file file:/home/runner/work/key/key/key.core/build/resources/main/de/uka/ilkd/key/proof/rules/integerRulesCommon.key 
1203       DEBUG main            d.u.i.k.p.i.KeYFile       Read specifications obtained when parsing the Java files (usually JML and Strings.key) from file:/home/runner/work/key/key/key.core/build/resources/main/de/uka/ilkd/key/proof/rules/integerRulesCommon.key 
1298       DEBUG main            d.u.i.k.p.i.KeYFile       Reading KeY file file:/home/runner/work/key/key/key.core/build/resources/main/de/uka/ilkd/key/proof/rules/intRules.key 
1300       DEBUG main            d.u.i.k.p.i.KeYFile       Read specifications obtained when parsing the Java files (usually JML and Strings.key) from file:/home/runner/work/key/key/key.core/build/resources/main/de/uka/ilkd/key/proof/rules/intRules.key 
1315       DEBUG main            d.u.i.k.p.i.KeYFile       Reading KeY file file:/home/runner/work/key/key/key.core/build/resources/main/de/uka/ilkd/key/proof/rules/intRulesUncheckedSemantics.key 
1316       DEBUG main            d.u.i.k.p.i.KeYFile       Read specifications obtained when parsing the Java files (usually JML and Strings.key) from file:/home/runner/work/key/key/key.core/build/resources/main/de/uka/ilkd/key/proof/rules/intRulesUncheckedSemantics.key 
1325       DEBUG main            d.u.i.k.p.i.KeYFile       Reading KeY file file:/home/runner/work/key/key/key.core/build/resources/main/de/uka/ilkd/key/proof/rules/intRulesCheckedSemantics.key 
1326       DEBUG main            d.u.i.k.p.i.KeYFile       Read specifications obtained when parsing the Java files (usually JML and Strings.key) from file:/home/runner/work/key/key/key.core/build/resources/main/de/uka/ilkd/key/proof/rules/intRulesCheckedSemantics.key 
1335       DEBUG main            d.u.i.k.p.i.KeYFile       Reading KeY file file:/home/runner/work/key/key/key.core/build/resources/main/de/uka/ilkd/key/proof/rules/intRulesJavaSemantics.key 
1336       DEBUG main            d.u.i.k.p.i.KeYFile       Read specifications obtained when parsing the Java files (usually JML and Strings.key) from file:/home/runner/work/key/key/key.core/build/resources/main/de/uka/ilkd/key/proof/rules/intRulesJavaSemantics.key 
1437       DEBUG main            d.u.i.k.p.i.KeYFile       Reading KeY file file:/home/runner/work/key/key/key.core/build/resources/main/de/uka/ilkd/key/proof/rules/integerSimplificationRules.key 
1439       DEBUG main            d.u.i.k.p.i.KeYFile       Read specifications obtained when parsing the Java files (usually JML and Strings.key) from file:/home/runner/work/key/key/key.core/build/resources/main/de/uka/ilkd/key/proof/rules/integerSimplificationRules.key 
1556       DEBUG main            d.u.i.k.j.TypeConverter   No LDT found for Meta 
1560       DEBUG main            d.u.i.k.j.TypeConverter   No LDT found for Meta 
1562       DEBUG main            d.u.i.k.j.TypeConverter   No LDT found for Meta 
1563       DEBUG main            d.u.i.k.j.TypeConverter   No LDT found for Meta 
1643       DEBUG main            d.u.i.k.p.i.KeYFile       Reading KeY file file:/home/runner/work/key/key/key.core/build/resources/main/de/uka/ilkd/key/proof/rules/intDiv.key 
1644       DEBUG main            d.u.i.k.p.i.KeYFile       Read specifications obtained when parsing the Java files (usually JML and Strings.key) from file:/home/runner/work/key/key/key.core/build/resources/main/de/uka/ilkd/key/proof/rules/intDiv.key 
1791       DEBUG main            d.u.i.k.p.i.KeYFile       Reading KeY file file:/home/runner/work/key/key/key.core/build/resources/main/de/uka/ilkd/key/proof/rules/bsum.key 
1791       DEBUG main            d.u.i.k.p.i.KeYFile       Read specifications obtained when parsing the Java files (usually JML and Strings.key) from file:/home/runner/work/key/key/key.core/build/resources/main/de/uka/ilkd/key/proof/rules/bsum.key 
1884       DEBUG main            d.u.i.k.p.i.KeYFile       Reading KeY file file:/home/runner/work/key/key/key.core/build/resources/main/de/uka/ilkd/key/proof/rules/bprod.key 
1885       DEBUG main            d.u.i.k.p.i.KeYFile       Read specifications obtained when parsing the Java files (usually JML and Strings.key) from file:/home/runner/work/key/key/key.core/build/resources/main/de/uka/ilkd/key/proof/rules/bprod.key 
1897       DEBUG main            d.u.i.k.p.i.KeYFile       Reading KeY file file:/home/runner/work/key/key/key.core/build/resources/main/de/uka/ilkd/key/proof/rules/binaryAxioms.key 
1899       DEBUG main            d.u.i.k.p.i.KeYFile       Read specifications obtained when parsing the Java files (usually JML and Strings.key) from file:/home/runner/work/key/key/key.core/build/resources/main/de/uka/ilkd/key/proof/rules/binaryAxioms.key 
1905       DEBUG main            d.u.i.k.p.i.KeYFile       Reading KeY file file:/home/runner/work/key/key/key.core/build/resources/main/de/uka/ilkd/key/proof/rules/binaryLemmas.key 
1906       DEBUG main            d.u.i.k.p.i.KeYFile       Read specifications obtained when parsing the Java files (usually JML and Strings.key) from file:/home/runner/work/key/key/key.core/build/resources/main/de/uka/ilkd/key/proof/rules/binaryLemmas.key 
1924       DEBUG main            d.u.i.k.p.i.KeYFile       Reading KeY file file:/home/runner/work/key/key/key.core/build/resources/main/de/uka/ilkd/key/proof/rules/intPow.key 
1925       DEBUG main            d.u.i.k.p.i.KeYFile       Read specifications obtained when parsing the Java files (usually JML and Strings.key) from file:/home/runner/work/key/key/key.core/build/resources/main/de/uka/ilkd/key/proof/rules/intPow.key 
1948       DEBUG main            d.u.i.k.p.i.KeYFile       Reading KeY file file:/home/runner/work/key/key/key.core/build/resources/main/de/uka/ilkd/key/proof/rules/floatRulesCommon.key 
1949       DEBUG main            d.u.i.k.p.i.KeYFile       Read specifications obtained when parsing the Java files (usually JML and Strings.key) from file:/home/runner/work/key/key/key.core/build/resources/main/de/uka/ilkd/key/proof/rules/floatRulesCommon.key 
1962       DEBUG main            d.u.i.k.p.i.KeYFile       Reading KeY file file:/home/runner/work/key/key/key.core/build/resources/main/de/uka/ilkd/key/proof/rules/floatRules.key 
1963       DEBUG main            d.u.i.k.p.i.KeYFile       Read specifications obtained when parsing the Java files (usually JML and Strings.key) from file:/home/runner/work/key/key/key.core/build/resources/main/de/uka/ilkd/key/proof/rules/floatRules.key 
1966       DEBUG main            d.u.i.k.p.i.KeYFile       Reading KeY file file:/home/runner/work/key/key/key.core/build/resources/main/de/uka/ilkd/key/proof/rules/floatRulesVerifyNormal.key 
1966       DEBUG main            d.u.i.k.p.i.KeYFile       Read specifications obtained when parsing the Java files (usually JML and Strings.key) from file:/home/runner/work/key/key/key.core/build/resources/main/de/uka/ilkd/key/proof/rules/floatRulesVerifyNormal.key 
1971       DEBUG main            d.u.i.k.p.i.KeYFile       Reading KeY file file:/home/runner/work/key/key/key.core/build/resources/main/de/uka/ilkd/key/proof/rules/floatRulesAssumeStrictfp.key 
1972       DEBUG main            d.u.i.k.p.i.KeYFile       Read specifications obtained when parsing the Java files (usually JML and Strings.key) from file:/home/runner/work/key/key/key.core/build/resources/main/de/uka/ilkd/key/proof/rules/floatRulesAssumeStrictfp.key 
2011       DEBUG main            d.u.i.k.p.i.KeYFile       Reading KeY file file:/home/runner/work/key/key/key.core/build/resources/main/de/uka/ilkd/key/proof/rules/genericRules.key 
2012       DEBUG main            d.u.i.k.p.i.KeYFile       Read specifications obtained when parsing the Java files (usually JML and Strings.key) from file:/home/runner/work/key/key/key.core/build/resources/main/de/uka/ilkd/key/proof/rules/genericRules.key 
2022       DEBUG main            d.u.i.k.p.i.KeYFile       Reading KeY file file:/home/runner/work/key/key/key.core/build/resources/main/de/uka/ilkd/key/proof/rules/booleanRules.key 
2023       DEBUG main            d.u.i.k.p.i.KeYFile       Read specifications obtained when parsing the Java files (usually JML and Strings.key) from file:/home/runner/work/key/key/key.core/build/resources/main/de/uka/ilkd/key/proof/rules/booleanRules.key 
2027       DEBUG main            d.u.i.k.p.i.KeYFile       Reading KeY file file:/home/runner/work/key/key/key.core/build/resources/main/de/uka/ilkd/key/proof/rules/epsilon.key 
2027       DEBUG main            d.u.i.k.p.i.KeYFile       Read specifications obtained when parsing the Java files (usually JML and Strings.key) from file:/home/runner/work/key/key/key.core/build/resources/main/de/uka/ilkd/key/proof/rules/epsilon.key 
2051       DEBUG main            d.u.i.k.p.i.KeYFile       Reading KeY file file:/home/runner/work/key/key/key.core/build/resources/main/de/uka/ilkd/key/proof/rules/locSetsRules.key 
2052       DEBUG main            d.u.i.k.p.i.KeYFile       Read specifications obtained when parsing the Java files (usually JML and Strings.key) from file:/home/runner/work/key/key/key.core/build/resources/main/de/uka/ilkd/key/proof/rules/locSetsRules.key 
2124       DEBUG main            d.u.i.k.p.i.KeYFile       Reading KeY file file:/home/runner/work/key/key/key.core/build/resources/main/de/uka/ilkd/key/proof/rules/heapRules.key 
2125       DEBUG main            d.u.i.k.p.i.KeYFile       Read specifications obtained when parsing the Java files (usually JML and Strings.key) from file:/home/runner/work/key/key/key.core/build/resources/main/de/uka/ilkd/key/proof/rules/heapRules.key 
2158       DEBUG main            d.u.i.k.p.i.KeYFile       Reading KeY file file:/home/runner/work/key/key/key.core/build/resources/main/de/uka/ilkd/key/proof/rules/permissionRules.key 
2166       DEBUG main            d.u.i.k.p.i.KeYFile       Read specifications obtained when parsing the Java files (usually JML and Strings.key) from file:/home/runner/work/key/key/key.core/build/resources/main/de/uka/ilkd/key/proof/rules/permissionRules.key 
2195       DEBUG main            d.u.i.k.p.i.KeYFile       Reading KeY file file:/home/runner/work/key/key/key.core/build/resources/main/de/uka/ilkd/key/proof/rules/reachRules.key 
2196       DEBUG main            d.u.i.k.p.i.KeYFile       Read specifications obtained when parsing the Java files (usually JML and Strings.key) from file:/home/runner/work/key/key/key.core/build/resources/main/de/uka/ilkd/key/proof/rules/reachRules.key 
2207       DEBUG main            d.u.i.k.p.i.KeYFile       Reading KeY file file:/home/runner/work/key/key/key.core/build/resources/main/de/uka/ilkd/key/proof/rules/seqCoreRules.key 
2207       DEBUG main            d.u.i.k.p.i.KeYFile       Read specifications obtained when parsing the Java files (usually JML and Strings.key) from file:/home/runner/work/key/key/key.core/build/resources/main/de/uka/ilkd/key/proof/rules/seqCoreRules.key 
2247       DEBUG main            d.u.i.k.p.i.KeYFile       Reading KeY file file:/home/runner/work/key/key/key.core/build/resources/main/de/uka/ilkd/key/proof/rules/seqRules.key 
2248       DEBUG main            d.u.i.k.p.i.KeYFile       Read specifications obtained when parsing the Java files (usually JML and Strings.key) from file:/home/runner/work/key/key/key.core/build/resources/main/de/uka/ilkd/key/proof/rules/seqRules.key 
2281       DEBUG main            d.u.i.k.p.i.KeYFile       Reading KeY file file:/home/runner/work/key/key/key.core/build/resources/main/de/uka/ilkd/key/proof/rules/seqPerm.key 
2282       DEBUG main            d.u.i.k.p.i.KeYFile       Read specifications obtained when parsing the Java files (usually JML and Strings.key) from file:/home/runner/work/key/key/key.core/build/resources/main/de/uka/ilkd/key/proof/rules/seqPerm.key 
2298       DEBUG main            d.u.i.k.p.i.KeYFile       Reading KeY file file:/home/runner/work/key/key/key.core/build/resources/main/de/uka/ilkd/key/proof/rules/seqPerm2.key 
2299       DEBUG main            d.u.i.k.p.i.KeYFile       Read specifications obtained when parsing the Java files (usually JML and Strings.key) from file:/home/runner/work/key/key/key.core/build/resources/main/de/uka/ilkd/key/proof/rules/seqPerm2.key 
2395       DEBUG main            d.u.i.k.p.i.KeYFile       Reading KeY file file:/home/runner/work/key/key/key.core/build/resources/main/de/uka/ilkd/key/proof/rules/assertions.key 
2395       DEBUG main            d.u.i.k.p.i.KeYFile       Read specifications obtained when parsing the Java files (usually JML and Strings.key) from file:/home/runner/work/key/key/key.core/build/resources/main/de/uka/ilkd/key/proof/rules/assertions.key 
2445       DEBUG main            d.u.i.k.p.i.KeYFile       Reading KeY file file:/home/runner/work/key/key/key.core/build/resources/main/de/uka/ilkd/key/proof/rules/javaRules.key 
2448       DEBUG main            d.u.i.k.p.i.KeYFile       Read specifications obtained when parsing the Java files (usually JML and Strings.key) from file:/home/runner/work/key/key/key.core/build/resources/main/de/uka/ilkd/key/proof/rules/javaRules.key 
2816       DEBUG main            d.u.i.k.p.i.KeYFile       Reading KeY file file:/home/runner/work/key/key/key.core/build/resources/main/de/uka/ilkd/key/proof/rules/loopRules.key 
2816       DEBUG main            d.u.i.k.p.i.KeYFile       Read specifications obtained when parsing the Java files (usually JML and Strings.key) from file:/home/runner/work/key/key/key.core/build/resources/main/de/uka/ilkd/key/proof/rules/loopRules.key 
2829       DEBUG main            d.u.i.k.p.i.KeYFile       Reading KeY file file:/home/runner/work/key/key/key.core/build/resources/main/de/uka/ilkd/key/proof/rules/activeUse.key 
2829       DEBUG main            d.u.i.k.p.i.KeYFile       Read specifications obtained when parsing the Java files (usually JML and Strings.key) from file:/home/runner/work/key/key/key.core/build/resources/main/de/uka/ilkd/key/proof/rules/activeUse.key 
2865       DEBUG main            d.u.i.k.p.i.KeYFile       Reading KeY file file:/home/runner/work/key/key/key.core/build/resources/main/de/uka/ilkd/key/proof/rules/instanceAllocation.key 
2865       DEBUG main            d.u.i.k.p.i.KeYFile       Read specifications obtained when parsing the Java files (usually JML and Strings.key) from file:/home/runner/work/key/key/key.core/build/resources/main/de/uka/ilkd/key/proof/rules/instanceAllocation.key 
2874       DEBUG main            d.u.i.k.p.i.KeYFile       Reading KeY file file:/home/runner/work/key/key/key.core/build/resources/main/de/uka/ilkd/key/proof/rules/java5.key 
2875       DEBUG main            d.u.i.k.p.i.KeYFile       Read specifications obtained when parsing the Java files (usually JML and Strings.key) from file:/home/runner/work/key/key/key.core/build/resources/main/de/uka/ilkd/key/proof/rules/java5.key 
2883       DEBUG main            d.u.i.k.p.i.KeYFile       Reading KeY file file:/home/runner/work/key/key/key.core/build/resources/main/de/uka/ilkd/key/proof/rules/integerAssignment2UpdateRules.key 
2883       DEBUG main            d.u.i.k.p.i.KeYFile       Read specifications obtained when parsing the Java files (usually JML and Strings.key) from file:/home/runner/work/key/key/key.core/build/resources/main/de/uka/ilkd/key/proof/rules/integerAssignment2UpdateRules.key 
2928       DEBUG main            d.u.i.k.p.i.KeYFile       Reading KeY file file:/home/runner/work/key/key/key.core/build/resources/main/de/uka/ilkd/key/proof/rules/floatAssignment2UpdateRules.key 
2929       DEBUG main            d.u.i.k.p.i.KeYFile       Read specifications obtained when parsing the Java files (usually JML and Strings.key) from file:/home/runner/work/key/key/key.core/build/resources/main/de/uka/ilkd/key/proof/rules/floatAssignment2UpdateRules.key 
2953       DEBUG main            d.u.i.k.p.i.KeYFile       Reading KeY file file:/home/runner/work/key/key/key.core/build/resources/main/de/uka/ilkd/key/proof/rules/bigint.key 
2954       DEBUG main            d.u.i.k.p.i.KeYFile       Read specifications obtained when parsing the Java files (usually JML and Strings.key) from file:/home/runner/work/key/key/key.core/build/resources/main/de/uka/ilkd/key/proof/rules/bigint.key 
2961       DEBUG main            d.u.i.k.j.TypeConverter   No LDT found for JavaBigintExpression 
2978       DEBUG main            d.u.i.k.p.i.KeYFile       Reading KeY file file:/home/runner/work/key/key/key.core/build/resources/main/de/uka/ilkd/key/proof/rules/adtProgramDecompositionRules.key 
2978       DEBUG main            d.u.i.k.p.i.KeYFile       Read specifications obtained when parsing the Java files (usually JML and Strings.key) from file:/home/runner/work/key/key/key.core/build/resources/main/de/uka/ilkd/key/proof/rules/adtProgramDecompositionRules.key 
2993       DEBUG main            d.u.i.k.p.i.KeYFile       Reading KeY file file:/home/runner/work/key/key/key.core/build/resources/main/de/uka/ilkd/key/proof/rules/precRules.key 
2993       DEBUG main            d.u.i.k.p.i.KeYFile       Read specifications obtained when parsing the Java files (usually JML and Strings.key) from file:/home/runner/work/key/key/key.core/build/resources/main/de/uka/ilkd/key/proof/rules/precRules.key 
3002       DEBUG main            d.u.i.k.p.i.KeYFile       Reading KeY file file:/home/runner/work/key/key/key.core/build/resources/main/de/uka/ilkd/key/proof/rules/charListRules.key 
3002       DEBUG main            d.u.i.k.p.i.KeYFile       Read specifications obtained when parsing the Java files (usually JML and Strings.key) from file:/home/runner/work/key/key/key.core/build/resources/main/de/uka/ilkd/key/proof/rules/charListRules.key 
3011       DEBUG main            d.u.i.k.p.i.KeYFile       Reading KeY file file:/home/runner/work/key/key/key.core/build/resources/main/de/uka/ilkd/key/proof/rules/regExHeader.key 
3011       DEBUG main            d.u.i.k.p.i.KeYFile       Read specifications obtained when parsing the Java files (usually JML and Strings.key) from file:/home/runner/work/key/key/key.core/build/resources/main/de/uka/ilkd/key/proof/rules/regExHeader.key 
3013       DEBUG main            d.u.i.k.p.i.KeYFile       Reading KeY file file:/home/runner/work/key/key/key.core/build/resources/main/de/uka/ilkd/key/proof/rules/regExAxioms.key 
3014       DEBUG main            d.u.i.k.p.i.KeYFile       Read specifications obtained when parsing the Java files (usually JML and Strings.key) from file:/home/runner/work/key/key/key.core/build/resources/main/de/uka/ilkd/key/proof/rules/regExAxioms.key 
3018       DEBUG main            d.u.i.k.p.i.KeYFile       Reading KeY file file:/home/runner/work/key/key/key.core/build/resources/main/de/uka/ilkd/key/proof/rules/regExLemmaProven.key 
3018       DEBUG main            d.u.i.k.p.i.KeYFile       Read specifications obtained when parsing the Java files (usually JML and Strings.key) from file:/home/runner/work/key/key/key.core/build/resources/main/de/uka/ilkd/key/proof/rules/regExLemmaProven.key 
3022       DEBUG main            d.u.i.k.p.i.KeYFile       Reading KeY file file:/home/runner/work/key/key/key.core/build/resources/main/de/uka/ilkd/key/proof/rules/regExTheory.key 
3022       DEBUG main            d.u.i.k.p.i.KeYFile       Read specifications obtained when parsing the Java files (usually JML and Strings.key) from file:/home/runner/work/key/key/key.core/build/resources/main/de/uka/ilkd/key/proof/rules/regExTheory.key 
3026       DEBUG main            d.u.i.k.p.i.KeYFile       Reading KeY file file:/home/runner/work/key/key/key.core/build/resources/main/de/uka/ilkd/key/proof/rules/seqEq.key 
3026       DEBUG main            d.u.i.k.p.i.KeYFile       Read specifications obtained when parsing the Java files (usually JML and Strings.key) from file:/home/runner/work/key/key/key.core/build/resources/main/de/uka/ilkd/key/proof/rules/seqEq.key 
3033       DEBUG main            d.u.i.k.p.i.KeYFile       Reading KeY file file:/home/runner/work/key/key/key.core/build/resources/main/de/uka/ilkd/key/proof/rules/infFlow.key 
3034       DEBUG main            d.u.i.k.p.i.KeYFile       Read specifications obtained when parsing the Java files (usually JML and Strings.key) from file:/home/runner/work/key/key/key.core/build/resources/main/de/uka/ilkd/key/proof/rules/infFlow.key 
3038       DEBUG main            d.u.i.k.p.i.KeYFile       Reading KeY file file:/home/runner/work/key/key/key.core/build/resources/main/de/uka/ilkd/key/proof/rules/mapSize.key 
3039       DEBUG main            d.u.i.k.p.i.KeYFile       Read specifications obtained when parsing the Java files (usually JML and Strings.key) from file:/home/runner/work/key/key/key.core/build/resources/main/de/uka/ilkd/key/proof/rules/mapSize.key 
3045       DEBUG main            d.u.i.k.p.i.KeYFile       Reading KeY file file:/home/runner/work/key/key/key.core/build/resources/main/de/uka/ilkd/key/proof/rules/wdHeader.key 
3045       DEBUG main            d.u.i.k.p.i.KeYFile       Read specifications obtained when parsing the Java files (usually JML and Strings.key) from file:/home/runner/work/key/key/key.core/build/resources/main/de/uka/ilkd/key/proof/rules/wdHeader.key 
3047       DEBUG main            d.u.i.k.p.i.KeYFile       Reading KeY file file:/home/runner/work/key/key/key.core/build/resources/main/de/uka/ilkd/key/proof/rules/wdGeneralRules.key 
3047       DEBUG main            d.u.i.k.p.i.KeYFile       Read specifications obtained when parsing the Java files (usually JML and Strings.key) from file:/home/runner/work/key/key/key.core/build/resources/main/de/uka/ilkd/key/proof/rules/wdGeneralRules.key 
3060       DEBUG main            d.u.i.k.p.i.KeYFile       Reading KeY file file:/home/runner/work/key/key/key.core/build/resources/main/de/uka/ilkd/key/proof/rules/wdNumericalRules.key 
3061       DEBUG main            d.u.i.k.p.i.KeYFile       Read specifications obtained when parsing the Java files (usually JML and Strings.key) from file:/home/runner/work/key/key/key.core/build/resources/main/de/uka/ilkd/key/proof/rules/wdNumericalRules.key 
3077       DEBUG main            d.u.i.k.p.i.KeYFile       Reading KeY file file:/home/runner/work/key/key/key.core/build/resources/main/de/uka/ilkd/key/proof/rules/wdLocSetRules.key 
3077       DEBUG main            d.u.i.k.p.i.KeYFile       Read specifications obtained when parsing the Java files (usually JML and Strings.key) from file:/home/runner/work/key/key/key.core/build/resources/main/de/uka/ilkd/key/proof/rules/wdLocSetRules.key 
3083       DEBUG main            d.u.i.k.p.i.KeYFile       Reading KeY file file:/home/runner/work/key/key/key.core/build/resources/main/de/uka/ilkd/key/proof/rules/wdHeapRules.key 
3083       DEBUG main            d.u.i.k.p.i.KeYFile       Read specifications obtained when parsing the Java files (usually JML and Strings.key) from file:/home/runner/work/key/key/key.core/build/resources/main/de/uka/ilkd/key/proof/rules/wdHeapRules.key 
3085       DEBUG main            d.u.i.k.p.i.KeYFile       Reading KeY file file:/home/runner/work/key/key/key.core/build/resources/main/de/uka/ilkd/key/proof/rules/wdReachRules.key 
3086       DEBUG main            d.u.i.k.p.i.KeYFile       Read specifications obtained when parsing the Java files (usually JML and Strings.key) from file:/home/runner/work/key/key/key.core/build/resources/main/de/uka/ilkd/key/proof/rules/wdReachRules.key 
3088       DEBUG main            d.u.i.k.p.i.KeYFile       Reading KeY file file:/home/runner/work/key/key/key.core/build/resources/main/de/uka/ilkd/key/proof/rules/wdSeqRules.key 
3088       DEBUG main            d.u.i.k.p.i.KeYFile       Read specifications obtained when parsing the Java files (usually JML and Strings.key) from file:/home/runner/work/key/key/key.core/build/resources/main/de/uka/ilkd/key/proof/rules/wdSeqRules.key 
3092       DEBUG main            d.u.i.k.p.i.KeYFile       Reading KeY file file:/home/runner/work/key/key/key.core/build/resources/main/de/uka/ilkd/key/proof/rules/wdStringRules.key 
3093       DEBUG main            d.u.i.k.p.i.KeYFile       Read specifications obtained when parsing the Java files (usually JML and Strings.key) from file:/home/runner/work/key/key/key.core/build/resources/main/de/uka/ilkd/key/proof/rules/wdStringRules.key 
3097       DEBUG main            d.u.i.k.p.i.KeYFile       Reading KeY file file:/home/runner/work/key/key/key.core/build/resources/main/de/uka/ilkd/key/proof/rules/wdRegExRules.key 
3097       DEBUG main            d.u.i.k.p.i.KeYFile       Read specifications obtained when parsing the Java files (usually JML and Strings.key) from file:/home/runner/work/key/key/key.core/build/resources/main/de/uka/ilkd/key/proof/rules/wdRegExRules.key 
3104       DEBUG main            d.u.i.k.p.i.KeYFile       Reading KeY file file:/home/runner/work/key/key/key.core/build/resources/main/de/uka/ilkd/key/proof/rules/wdFormulaRules.key 
3105       DEBUG main            d.u.i.k.p.i.KeYFile       Read specifications obtained when parsing the Java files (usually JML and Strings.key) from file:/home/runner/work/key/key/key.core/build/resources/main/de/uka/ilkd/key/proof/rules/wdFormulaRules.key 
3137       DEBUG main            d.u.i.k.p.i.KeYFile       Reading KeY file file:/home/runner/work/key/key/key.core/build/resources/main/de/uka/ilkd/key/proof/rules/wd.key 
3137       DEBUG main            d.u.i.k.p.i.KeYFile       Read specifications obtained when parsing the Java files (usually JML and Strings.key) from file:/home/runner/work/key/key/key.core/build/resources/main/de/uka/ilkd/key/proof/rules/wd.key 
3138       DEBUG main            d.u.i.k.p.i.KeYFile       Reading KeY file file:/home/runner/work/key/key/key.core/build/resources/main/de/uka/ilkd/key/proof/rules/loopInvariantRules.key 
3139       DEBUG main            d.u.i.k.p.i.KeYFile       Read specifications obtained when parsing the Java files (usually JML and Strings.key) from file:/home/runner/work/key/key/key.core/build/resources/main/de/uka/ilkd/key/proof/rules/loopInvariantRules.key 
3140       DEBUG main            d.u.i.k.p.i.KeYFile       Reading KeY file file:/home/runner/work/key/key/key.core/build/resources/main/de/uka/ilkd/key/proof/rules/forLoopRules.key 
3140       DEBUG main            d.u.i.k.p.i.KeYFile       Read specifications obtained when parsing the Java files (usually JML and Strings.key) from file:/home/runner/work/key/key/key.core/build/resources/main/de/uka/ilkd/key/proof/rules/forLoopRules.key 
3147       DEBUG main            d.u.i.k.p.i.KeYFile       Reading KeY file file:/home/runner/work/key/key/key.core/build/resources/main/de/uka/ilkd/key/proof/rules/execRules.key 
3147       DEBUG main            d.u.i.k.p.i.KeYFile       Read specifications obtained when parsing the Java files (usually JML and Strings.key) from file:/home/runner/work/key/key/key.core/build/resources/main/de/uka/ilkd/key/proof/rules/execRules.key 
3221       DEBUG main            d.u.i.k.p.i.KeYFile       Reading KeY file file:/home/runner/work/key/key/key.core/build/resources/main/de/uka/ilkd/key/proof/rules/loopScopeRules.key 
3221       DEBUG main            d.u.i.k.p.i.KeYFile       Read specifications obtained when parsing the Java files (usually JML and Strings.key) from file:/home/runner/work/key/key/key.core/build/resources/main/de/uka/ilkd/key/proof/rules/loopScopeRules.key 
3245       DEBUG main            d.u.i.k.p.i.KeYFile       Reading KeY file file:/home/runner/work/key/key/key.core/build/resources/main/de/uka/ilkd/key/proof/rules/standardRules.key 
3245       DEBUG main            d.u.i.k.p.i.KeYFile       Read specifications obtained when parsing the Java files (usually JML and Strings.key) from file:/home/runner/work/key/key/key.core/build/resources/main/de/uka/ilkd/key/proof/rules/standardRules.key 
5479       DEBUG main            d.u.i.k.j.r.ClassPreparationMethodBuilder clPrepBuilder: Inner Class detected. Reject building class initialisation methods. 
5569       DEBUG main            d.u.i.k.j.Recoder2KeY     converting now /home/runner/work/key/key/key.core/../key.ui/examples/InformationFlow/ConditionalConfidential/src/ConditionalConfidentialExample.java 
5623       DEBUG main            d.u.i.k.s.TermLabelSettings TermLabelSettings: Failure while reading the setting "UseOriginLabels".Using the default value: true.The string read was: null 
5624       DEBUG main            d.u.i.k.p.i.KeYFile       Reading KeY file /home/runner/work/key/key/key.core/../key.ui/examples/InformationFlow/ConditionalConfidential/CCExample(CCExample__hasAccessRight(CCExample.User)).JML normal_behavior operation contract.0.key 
5633       DEBUG main            d.u.i.k.p.i.KeYFile       Reading KeY file file:/home/runner/work/key/key/key.core/build/resources/main/de/uka/ilkd/key/java/JavaRedux/java/lang/String.key 
5638       DEBUG main            d.u.i.k.p.i.KeYFile       Read specifications obtained when parsing the Java files (usually JML and Strings.key) from file:/home/runner/work/key/key/key.core/build/resources/main/de/uka/ilkd/key/java/JavaRedux/java/lang/String.key 
7728       DEBUG main            d.u.i.k.p.i.KeYFile       Read specifications obtained when parsing the Java files (usually JML and Strings.key) from /home/runner/work/key/key/key.core/../key.ui/examples/InformationFlow/ConditionalConfidential/CCExample(CCExample__hasAccessRight(CCExample.User)).JML normal_behavior operation contract.0.key 
8400       DEBUG Thread-1        d.u.i.k.r.m.WhileLoopTransformation While-Loop-Tranform-Result: {
  int i = 0;
  while (i < this.trustworthyUsers.length) {
    {
      if (this.trustworthyUsers[i] == _u) {
        return true;
      }
    }
    i++;
  }
} 
8448       DEBUG Thread-1        d.u.i.k.r.m.WhileLoopTransformation While-Loop-Tranform-Result: try {
  {
    inner_label:
    if (i < this.trustworthyUsers.length) {
      {
        if (this.trustworthyUsers[i] == _u) {
          {
            returnExpr#6 = true;
            rtrn#1 = true;
            break inner_label;
          }
        }
      }
      i++;
    }
  }
} catch (java.lang.Throwable e#4) {
  exc#3 = true;
  thrownExc#5 = e#4;
} 
8618       DEBUG Thread-1        d.u.i.k.j.TypeConverter   typeconverter: (prefix this;, class class de.uka.ilkd.key.java.reference.ThisReference) 
9335       DEBUG Thread-1        d.u.i.k.j.TypeConverter   typeconverter: (prefix this;, class class de.uka.ilkd.key.java.reference.ThisReference) 
9423       DEBUG Thread-1        d.u.i.k.j.TypeConverter   typeconverter: (prefix this;, class class de.uka.ilkd.key.java.reference.ThisReference) 
9532       DEBUG Thread-1        d.u.i.k.j.TypeConverter   typeconverter: (prefix this;, class class de.uka.ilkd.key.java.reference.ThisReference) 
10223      INFO  main            d.u.i.k.p.r.p.TestFile    ... finished proof: closed. 
10384      DEBUG main            d.u.i.k.s.TermLabelSettings TermLabelSettings: Failure while reading the setting "UseOriginLabels".Using the default value: true.The string read was: null 
10388      INFO  main            d.u.i.k.p.r.p.TestFile    Now processing file /home/runner/work/key/key/key.core/../key.ui/examples/InformationFlow/ConditionalConfidential/CCExample(CCExample__getConfidentialData(CCExample.User)).JML normal_behavior operation contract.0.key 
11274      DEBUG main            d.u.i.k.j.r.ClassPreparationMethodBuilder clPrepBuilder: Inner Class detected. Reject building class initialisation methods. 
11334      DEBUG main            d.u.i.k.j.Recoder2KeY     converting now /home/runner/work/key/key/key.core/../key.ui/examples/InformationFlow/ConditionalConfidential/src/ConditionalConfidentialExample.java 
11345      DEBUG main            d.u.i.k.s.TermLabelSettings TermLabelSettings: Failure while reading the setting "UseOriginLabels".Using the default value: true.The string read was: null 
11346      DEBUG main            d.u.i.k.p.i.KeYFile       Reading KeY file /home/runner/work/key/key/key.core/../key.ui/examples/InformationFlow/ConditionalConfidential/CCExample(CCExample__getConfidentialData(CCExample.User)).JML normal_behavior operation contract.0.key 
11348      DEBUG main            d.u.i.k.p.i.KeYFile       Reading KeY file file:/home/runner/work/key/key/key.core/build/resources/main/de/uka/ilkd/key/java/JavaRedux/java/lang/String.key 
11351      DEBUG main            d.u.i.k.p.i.KeYFile       Read specifications obtained when parsing the Java files (usually JML and Strings.key) from file:/home/runner/work/key/key/key.core/build/resources/main/de/uka/ilkd/key/java/JavaRedux/java/lang/String.key 
13079      DEBUG main            d.u.i.k.p.i.KeYFile       Read specifications obtained when parsing the Java files (usually JML and Strings.key) from /home/runner/work/key/key/key.core/../key.ui/examples/InformationFlow/ConditionalConfidential/CCExample(CCExample__getConfidentialData(CCExample.User)).JML normal_behavior operation contract.0.key 
13346      DEBUG Thread-3        d.u.i.k.l.o.ProgramSV     taclet: Stopped list matching because of incompatible elements #selist (program SimpleExpression) this.confidentialData; 
13444      DEBUG Thread-3        d.u.i.k.l.o.ProgramSV     taclet: Stopped list matching because of incompatible elements #selist (program SimpleExpression) this.confidentialData; 
13471      DEBUG Thread-3        d.u.i.k.j.TypeConverter   typeconverter: (prefix this;, class class de.uka.ilkd.key.java.reference.ThisReference) 
13544      DEBUG Thread-3        d.u.i.k.r.m.MethodCall    method-call: called for var.setData(var_1); 
13545      DEBUG Thread-3        d.u.i.k.r.m.MethodCall    method-call: invocation of non-private instance method detected.Requires dynamic resolving. 
13555      DEBUG Thread-3        d.u.i.k.j.TypeConverter   typeconverter: (prefix this;, class class de.uka.ilkd.key.java.reference.ThisReference) 
13669      INFO  main            d.u.i.k.p.r.p.TestFile    ... finished proof: closed. 
39737      INFO  Test worker     d.u.i.k.p.r.RunAllProofsTestUnit Returning from test ConditionalConfidential 
39738      INFO  Test worker     d.u.i.k.p.r.RunAllProofsTestUnit Running test SumExample 
355        INFO  Timeout watchdog d.u.i.k.p.r.p.ForkedTestFileRunner Timeout watcher launched (1000 secs.) 
369        WARN  main            d.u.i.k.s.ProofSettings   The settings in /home/runner/.key/proof-settings.props are *not* read. 
408        DEBUG main            d.u.i.k.s.TermLabelSettings TermLabelSettings: Failure while reading the setting "UseOriginLabels".Using the default value: true.The string read was: null 
409        INFO  main            d.u.i.k.p.r.p.TestFile    Now processing file /home/runner/work/key/key/key.core/../key.ui/examples/InformationFlow/Sum/SumExample(SumExample__getSum()).JML normal_behavior operation contract.0.key 
1114       DEBUG main            d.u.i.k.p.i.KeYFile       Reading KeY file file:/home/runner/work/key/key/key.core/build/resources/main/de/uka/ilkd/key/proof/rules/ldt.key 
1115       DEBUG main            d.u.i.k.p.i.KeYFile       Read specifications obtained when parsing the Java files (usually JML and Strings.key) from file:/home/runner/work/key/key/key.core/build/resources/main/de/uka/ilkd/key/proof/rules/ldt.key 
1130       DEBUG main            d.u.i.k.p.i.KeYFile       Reading KeY file file:/home/runner/work/key/key/key.core/build/resources/main/de/uka/ilkd/key/proof/rules/propRule.key 
1133       DEBUG main            d.u.i.k.p.i.KeYFile       Read specifications obtained when parsing the Java files (usually JML and Strings.key) from file:/home/runner/work/key/key/key.core/build/resources/main/de/uka/ilkd/key/proof/rules/propRule.key 
1177       DEBUG main            d.u.i.k.p.i.KeYFile       Reading KeY file file:/home/runner/work/key/key/key.core/build/resources/main/de/uka/ilkd/key/proof/rules/firstOrderRules.key 
1179       DEBUG main            d.u.i.k.p.i.KeYFile       Read specifications obtained when parsing the Java files (usually JML and Strings.key) from file:/home/runner/work/key/key/key.core/build/resources/main/de/uka/ilkd/key/proof/rules/firstOrderRules.key 
1219       DEBUG main            d.u.i.k.p.i.KeYFile       Reading KeY file file:/home/runner/work/key/key/key.core/build/resources/main/de/uka/ilkd/key/proof/rules/ifThenElseRules.key 
1220       DEBUG main            d.u.i.k.p.i.KeYFile       Read specifications obtained when parsing the Java files (usually JML and Strings.key) from file:/home/runner/work/key/key/key.core/build/resources/main/de/uka/ilkd/key/proof/rules/ifThenElseRules.key 
1321       DEBUG main            d.u.i.k.p.i.KeYFile       Reading KeY file file:/home/runner/work/key/key/key.core/build/resources/main/de/uka/ilkd/key/proof/rules/formulaNormalisationRules.key 
1322       DEBUG main            d.u.i.k.p.i.KeYFile       Read specifications obtained when parsing the Java files (usually JML and Strings.key) from file:/home/runner/work/key/key/key.core/build/resources/main/de/uka/ilkd/key/proof/rules/formulaNormalisationRules.key 
1407       DEBUG main            d.u.i.k.p.i.KeYFile       Reading KeY file file:/home/runner/work/key/key/key.core/build/resources/main/de/uka/ilkd/key/proof/rules/updateRules.key 
1407       DEBUG main            d.u.i.k.p.i.KeYFile       Read specifications obtained when parsing the Java files (usually JML and Strings.key) from file:/home/runner/work/key/key/key.core/build/resources/main/de/uka/ilkd/key/proof/rules/updateRules.key 
1426       DEBUG main            d.u.i.k.p.i.KeYFile       Reading KeY file file:/home/runner/work/key/key/key.core/build/resources/main/de/uka/ilkd/key/proof/rules/integerRulesCommon.key 
1427       DEBUG main            d.u.i.k.p.i.KeYFile       Read specifications obtained when parsing the Java files (usually JML and Strings.key) from file:/home/runner/work/key/key/key.core/build/resources/main/de/uka/ilkd/key/proof/rules/integerRulesCommon.key 
1525       DEBUG main            d.u.i.k.p.i.KeYFile       Reading KeY file file:/home/runner/work/key/key/key.core/build/resources/main/de/uka/ilkd/key/proof/rules/intRules.key 
1526       DEBUG main            d.u.i.k.p.i.KeYFile       Read specifications obtained when parsing the Java files (usually JML and Strings.key) from file:/home/runner/work/key/key/key.core/build/resources/main/de/uka/ilkd/key/proof/rules/intRules.key 
1539       DEBUG main            d.u.i.k.p.i.KeYFile       Reading KeY file file:/home/runner/work/key/key/key.core/build/resources/main/de/uka/ilkd/key/proof/rules/intRulesUncheckedSemantics.key 
1545       DEBUG main            d.u.i.k.p.i.KeYFile       Read specifications obtained when parsing the Java files (usually JML and Strings.key) from file:/home/runner/work/key/key/key.core/build/resources/main/de/uka/ilkd/key/proof/rules/intRulesUncheckedSemantics.key 
1552       DEBUG main            d.u.i.k.p.i.KeYFile       Reading KeY file file:/home/runner/work/key/key/key.core/build/resources/main/de/uka/ilkd/key/proof/rules/intRulesCheckedSemantics.key 
1553       DEBUG main            d.u.i.k.p.i.KeYFile       Read specifications obtained when parsing the Java files (usually JML and Strings.key) from file:/home/runner/work/key/key/key.core/build/resources/main/de/uka/ilkd/key/proof/rules/intRulesCheckedSemantics.key 
1561       DEBUG main            d.u.i.k.p.i.KeYFile       Reading KeY file file:/home/runner/work/key/key/key.core/build/resources/main/de/uka/ilkd/key/proof/rules/intRulesJavaSemantics.key 
1562       DEBUG main            d.u.i.k.p.i.KeYFile       Read specifications obtained when parsing the Java files (usually JML and Strings.key) from file:/home/runner/work/key/key/key.core/build/resources/main/de/uka/ilkd/key/proof/rules/intRulesJavaSemantics.key 
1681       DEBUG main            d.u.i.k.p.i.KeYFile       Reading KeY file file:/home/runner/work/key/key/key.core/build/resources/main/de/uka/ilkd/key/proof/rules/integerSimplificationRules.key 
1682       DEBUG main            d.u.i.k.p.i.KeYFile       Read specifications obtained when parsing the Java files (usually JML and Strings.key) from file:/home/runner/work/key/key/key.core/build/resources/main/de/uka/ilkd/key/proof/rules/integerSimplificationRules.key 
1785       DEBUG main            d.u.i.k.j.TypeConverter   No LDT found for Meta 
1790       DEBUG main            d.u.i.k.j.TypeConverter   No LDT found for Meta 
1791       DEBUG main            d.u.i.k.j.TypeConverter   No LDT found for Meta 
1792       DEBUG main            d.u.i.k.j.TypeConverter   No LDT found for Meta 
1831       DEBUG main            d.u.i.k.p.i.KeYFile       Reading KeY file file:/home/runner/work/key/key/key.core/build/resources/main/de/uka/ilkd/key/proof/rules/intDiv.key 
1831       DEBUG main            d.u.i.k.p.i.KeYFile       Read specifications obtained when parsing the Java files (usually JML and Strings.key) from file:/home/runner/work/key/key/key.core/build/resources/main/de/uka/ilkd/key/proof/rules/intDiv.key 
1924       DEBUG main            d.u.i.k.p.i.KeYFile       Reading KeY file file:/home/runner/work/key/key/key.core/build/resources/main/de/uka/ilkd/key/proof/rules/bsum.key 
1925       DEBUG main            d.u.i.k.p.i.KeYFile       Read specifications obtained when parsing the Java files (usually JML and Strings.key) from file:/home/runner/work/key/key/key.core/build/resources/main/de/uka/ilkd/key/proof/rules/bsum.key 
1966       DEBUG main            d.u.i.k.p.i.KeYFile       Reading KeY file file:/home/runner/work/key/key/key.core/build/resources/main/de/uka/ilkd/key/proof/rules/bprod.key 
1966       DEBUG main            d.u.i.k.p.i.KeYFile       Read specifications obtained when parsing the Java files (usually JML and Strings.key) from file:/home/runner/work/key/key/key.core/build/resources/main/de/uka/ilkd/key/proof/rules/bprod.key 
1978       DEBUG main            d.u.i.k.p.i.KeYFile       Reading KeY file file:/home/runner/work/key/key/key.core/build/resources/main/de/uka/ilkd/key/proof/rules/binaryAxioms.key 
1978       DEBUG main            d.u.i.k.p.i.KeYFile       Read specifications obtained when parsing the Java files (usually JML and Strings.key) from file:/home/runner/work/key/key/key.core/build/resources/main/de/uka/ilkd/key/proof/rules/binaryAxioms.key 
1983       DEBUG main            d.u.i.k.p.i.KeYFile       Reading KeY file file:/home/runner/work/key/key/key.core/build/resources/main/de/uka/ilkd/key/proof/rules/binaryLemmas.key 
1983       DEBUG main            d.u.i.k.p.i.KeYFile       Read specifications obtained when parsing the Java files (usually JML and Strings.key) from file:/home/runner/work/key/key/key.core/build/resources/main/de/uka/ilkd/key/proof/rules/binaryLemmas.key 
1993       DEBUG main            d.u.i.k.p.i.KeYFile       Reading KeY file file:/home/runner/work/key/key/key.core/build/resources/main/de/uka/ilkd/key/proof/rules/intPow.key 
1993       DEBUG main            d.u.i.k.p.i.KeYFile       Read specifications obtained when parsing the Java files (usually JML and Strings.key) from file:/home/runner/work/key/key/key.core/build/resources/main/de/uka/ilkd/key/proof/rules/intPow.key 
2008       DEBUG main            d.u.i.k.p.i.KeYFile       Reading KeY file file:/home/runner/work/key/key/key.core/build/resources/main/de/uka/ilkd/key/proof/rules/floatRulesCommon.key 
2009       DEBUG main            d.u.i.k.p.i.KeYFile       Read specifications obtained when parsing the Java files (usually JML and Strings.key) from file:/home/runner/work/key/key/key.core/build/resources/main/de/uka/ilkd/key/proof/rules/floatRulesCommon.key 
2022       DEBUG main            d.u.i.k.p.i.KeYFile       Reading KeY file file:/home/runner/work/key/key/key.core/build/resources/main/de/uka/ilkd/key/proof/rules/floatRules.key 
2022       DEBUG main            d.u.i.k.p.i.KeYFile       Read specifications obtained when parsing the Java files (usually JML and Strings.key) from file:/home/runner/work/key/key/key.core/build/resources/main/de/uka/ilkd/key/proof/rules/floatRules.key 
2023       DEBUG main            d.u.i.k.p.i.KeYFile       Reading KeY file file:/home/runner/work/key/key/key.core/build/resources/main/de/uka/ilkd/key/proof/rules/floatRulesVerifyNormal.key 
2024       DEBUG main            d.u.i.k.p.i.KeYFile       Read specifications obtained when parsing the Java files (usually JML and Strings.key) from file:/home/runner/work/key/key/key.core/build/resources/main/de/uka/ilkd/key/proof/rules/floatRulesVerifyNormal.key 
2027       DEBUG main            d.u.i.k.p.i.KeYFile       Reading KeY file file:/home/runner/work/key/key/key.core/build/resources/main/de/uka/ilkd/key/proof/rules/floatRulesAssumeStrictfp.key 
2028       DEBUG main            d.u.i.k.p.i.KeYFile       Read specifications obtained when parsing the Java files (usually JML and Strings.key) from file:/home/runner/work/key/key/key.core/build/resources/main/de/uka/ilkd/key/proof/rules/floatRulesAssumeStrictfp.key 
2048       DEBUG main            d.u.i.k.p.i.KeYFile       Reading KeY file file:/home/runner/work/key/key/key.core/build/resources/main/de/uka/ilkd/key/proof/rules/genericRules.key 
2049       DEBUG main            d.u.i.k.p.i.KeYFile       Read specifications obtained when parsing the Java files (usually JML and Strings.key) from file:/home/runner/work/key/key/key.core/build/resources/main/de/uka/ilkd/key/proof/rules/genericRules.key 
2058       DEBUG main            d.u.i.k.p.i.KeYFile       Reading KeY file file:/home/runner/work/key/key/key.core/build/resources/main/de/uka/ilkd/key/proof/rules/booleanRules.key 
2059       DEBUG main            d.u.i.k.p.i.KeYFile       Read specifications obtained when parsing the Java files (usually JML and Strings.key) from file:/home/runner/work/key/key/key.core/build/resources/main/de/uka/ilkd/key/proof/rules/booleanRules.key 
2063       DEBUG main            d.u.i.k.p.i.KeYFile       Reading KeY file file:/home/runner/work/key/key/key.core/build/resources/main/de/uka/ilkd/key/proof/rules/epsilon.key 
2063       DEBUG main            d.u.i.k.p.i.KeYFile       Read specifications obtained when parsing the Java files (usually JML and Strings.key) from file:/home/runner/work/key/key/key.core/build/resources/main/de/uka/ilkd/key/proof/rules/epsilon.key 
2107       DEBUG main            d.u.i.k.p.i.KeYFile       Reading KeY file file:/home/runner/work/key/key/key.core/build/resources/main/de/uka/ilkd/key/proof/rules/locSetsRules.key 
2107       DEBUG main            d.u.i.k.p.i.KeYFile       Read specifications obtained when parsing the Java files (usually JML and Strings.key) from file:/home/runner/work/key/key/key.core/build/resources/main/de/uka/ilkd/key/proof/rules/locSetsRules.key 
2157       DEBUG main            d.u.i.k.p.i.KeYFile       Reading KeY file file:/home/runner/work/key/key/key.core/build/resources/main/de/uka/ilkd/key/proof/rules/heapRules.key 
2157       DEBUG main            d.u.i.k.p.i.KeYFile       Read specifications obtained when parsing the Java files (usually JML and Strings.key) from file:/home/runner/work/key/key/key.core/build/resources/main/de/uka/ilkd/key/proof/rules/heapRules.key 
2189       DEBUG main            d.u.i.k.p.i.KeYFile       Reading KeY file file:/home/runner/work/key/key/key.core/build/resources/main/de/uka/ilkd/key/proof/rules/permissionRules.key 
2191       DEBUG main            d.u.i.k.p.i.KeYFile       Read specifications obtained when parsing the Java files (usually JML and Strings.key) from file:/home/runner/work/key/key/key.core/build/resources/main/de/uka/ilkd/key/proof/rules/permissionRules.key 
2218       DEBUG main            d.u.i.k.p.i.KeYFile       Reading KeY file file:/home/runner/work/key/key/key.core/build/resources/main/de/uka/ilkd/key/proof/rules/reachRules.key 
2218       DEBUG main            d.u.i.k.p.i.KeYFile       Read specifications obtained when parsing the Java files (usually JML and Strings.key) from file:/home/runner/work/key/key/key.core/build/resources/main/de/uka/ilkd/key/proof/rules/reachRules.key 
2231       DEBUG main            d.u.i.k.p.i.KeYFile       Reading KeY file file:/home/runner/work/key/key/key.core/build/resources/main/de/uka/ilkd/key/proof/rules/seqCoreRules.key 
2232       DEBUG main            d.u.i.k.p.i.KeYFile       Read specifications obtained when parsing the Java files (usually JML and Strings.key) from file:/home/runner/work/key/key/key.core/build/resources/main/de/uka/ilkd/key/proof/rules/seqCoreRules.key 
2281       DEBUG main            d.u.i.k.p.i.KeYFile       Reading KeY file file:/home/runner/work/key/key/key.core/build/resources/main/de/uka/ilkd/key/proof/rules/seqRules.key 
2282       DEBUG main            d.u.i.k.p.i.KeYFile       Read specifications obtained when parsing the Java files (usually JML and Strings.key) from file:/home/runner/work/key/key/key.core/build/resources/main/de/uka/ilkd/key/proof/rules/seqRules.key 
2321       DEBUG main            d.u.i.k.p.i.KeYFile       Reading KeY file file:/home/runner/work/key/key/key.core/build/resources/main/de/uka/ilkd/key/proof/rules/seqPerm.key 
2322       DEBUG main            d.u.i.k.p.i.KeYFile       Read specifications obtained when parsing the Java files (usually JML and Strings.key) from file:/home/runner/work/key/key/key.core/build/resources/main/de/uka/ilkd/key/proof/rules/seqPerm.key 
2341       DEBUG main            d.u.i.k.p.i.KeYFile       Reading KeY file file:/home/runner/work/key/key/key.core/build/resources/main/de/uka/ilkd/key/proof/rules/seqPerm2.key 
2342       DEBUG main            d.u.i.k.p.i.KeYFile       Read specifications obtained when parsing the Java files (usually JML and Strings.key) from file:/home/runner/work/key/key/key.core/build/resources/main/de/uka/ilkd/key/proof/rules/seqPerm2.key 
2459       DEBUG main            d.u.i.k.p.i.KeYFile       Reading KeY file file:/home/runner/work/key/key/key.core/build/resources/main/de/uka/ilkd/key/proof/rules/assertions.key 
2460       DEBUG main            d.u.i.k.p.i.KeYFile       Read specifications obtained when parsing the Java files (usually JML and Strings.key) from file:/home/runner/work/key/key/key.core/build/resources/main/de/uka/ilkd/key/proof/rules/assertions.key 
2482       DEBUG main            d.u.i.k.p.i.KeYFile       Reading KeY file file:/home/runner/work/key/key/key.core/build/resources/main/de/uka/ilkd/key/proof/rules/javaRules.key 
2482       DEBUG main            d.u.i.k.p.i.KeYFile       Read specifications obtained when parsing the Java files (usually JML and Strings.key) from file:/home/runner/work/key/key/key.core/build/resources/main/de/uka/ilkd/key/proof/rules/javaRules.key 
2943       DEBUG main            d.u.i.k.p.i.KeYFile       Reading KeY file file:/home/runner/work/key/key/key.core/build/resources/main/de/uka/ilkd/key/proof/rules/loopRules.key 
2943       DEBUG main            d.u.i.k.p.i.KeYFile       Read specifications obtained when parsing the Java files (usually JML and Strings.key) from file:/home/runner/work/key/key/key.core/build/resources/main/de/uka/ilkd/key/proof/rules/loopRules.key 
2958       DEBUG main            d.u.i.k.p.i.KeYFile       Reading KeY file file:/home/runner/work/key/key/key.core/build/resources/main/de/uka/ilkd/key/proof/rules/activeUse.key 
2958       DEBUG main            d.u.i.k.p.i.KeYFile       Read specifications obtained when parsing the Java files (usually JML and Strings.key) from file:/home/runner/work/key/key/key.core/build/resources/main/de/uka/ilkd/key/proof/rules/activeUse.key 
3009       DEBUG main            d.u.i.k.p.i.KeYFile       Reading KeY file file:/home/runner/work/key/key/key.core/build/resources/main/de/uka/ilkd/key/proof/rules/instanceAllocation.key 
3009       DEBUG main            d.u.i.k.p.i.KeYFile       Read specifications obtained when parsing the Java files (usually JML and Strings.key) from file:/home/runner/work/key/key/key.core/build/resources/main/de/uka/ilkd/key/proof/rules/instanceAllocation.key 
3023       DEBUG main            d.u.i.k.p.i.KeYFile       Reading KeY file file:/home/runner/work/key/key/key.core/build/resources/main/de/uka/ilkd/key/proof/rules/java5.key 
3024       DEBUG main            d.u.i.k.p.i.KeYFile       Read specifications obtained when parsing the Java files (usually JML and Strings.key) from file:/home/runner/work/key/key/key.core/build/resources/main/de/uka/ilkd/key/proof/rules/java5.key 
3052       DEBUG main            d.u.i.k.p.i.KeYFile       Reading KeY file file:/home/runner/work/key/key/key.core/build/resources/main/de/uka/ilkd/key/proof/rules/integerAssignment2UpdateRules.key 
3052       DEBUG main            d.u.i.k.p.i.KeYFile       Read specifications obtained when parsing the Java files (usually JML and Strings.key) from file:/home/runner/work/key/key/key.core/build/resources/main/de/uka/ilkd/key/proof/rules/integerAssignment2UpdateRules.key 
3098       DEBUG main            d.u.i.k.p.i.KeYFile       Reading KeY file file:/home/runner/work/key/key/key.core/build/resources/main/de/uka/ilkd/key/proof/rules/floatAssignment2UpdateRules.key 
3098       DEBUG main            d.u.i.k.p.i.KeYFile       Read specifications obtained when parsing the Java files (usually JML and Strings.key) from file:/home/runner/work/key/key/key.core/build/resources/main/de/uka/ilkd/key/proof/rules/floatAssignment2UpdateRules.key 
3124       DEBUG main            d.u.i.k.p.i.KeYFile       Reading KeY file file:/home/runner/work/key/key/key.core/build/resources/main/de/uka/ilkd/key/proof/rules/bigint.key 
3124       DEBUG main            d.u.i.k.p.i.KeYFile       Read specifications obtained when parsing the Java files (usually JML and Strings.key) from file:/home/runner/work/key/key/key.core/build/resources/main/de/uka/ilkd/key/proof/rules/bigint.key 
3131       DEBUG main            d.u.i.k.j.TypeConverter   No LDT found for JavaBigintExpression 
3137       DEBUG main            d.u.i.k.p.i.KeYFile       Reading KeY file file:/home/runner/work/key/key/key.core/build/resources/main/de/uka/ilkd/key/proof/rules/adtProgramDecompositionRules.key 
3137       DEBUG main            d.u.i.k.p.i.KeYFile       Read specifications obtained when parsing the Java files (usually JML and Strings.key) from file:/home/runner/work/key/key/key.core/build/resources/main/de/uka/ilkd/key/proof/rules/adtProgramDecompositionRules.key 
3151       DEBUG main            d.u.i.k.p.i.KeYFile       Reading KeY file file:/home/runner/work/key/key/key.core/build/resources/main/de/uka/ilkd/key/proof/rules/precRules.key 
3152       DEBUG main            d.u.i.k.p.i.KeYFile       Read specifications obtained when parsing the Java files (usually JML and Strings.key) from file:/home/runner/work/key/key/key.core/build/resources/main/de/uka/ilkd/key/proof/rules/precRules.key 
3161       DEBUG main            d.u.i.k.p.i.KeYFile       Reading KeY file file:/home/runner/work/key/key/key.core/build/resources/main/de/uka/ilkd/key/proof/rules/charListRules.key 
3161       DEBUG main            d.u.i.k.p.i.KeYFile       Read specifications obtained when parsing the Java files (usually JML and Strings.key) from file:/home/runner/work/key/key/key.core/build/resources/main/de/uka/ilkd/key/proof/rules/charListRules.key 
3171       DEBUG main            d.u.i.k.p.i.KeYFile       Reading KeY file file:/home/runner/work/key/key/key.core/build/resources/main/de/uka/ilkd/key/proof/rules/regExHeader.key 
3172       DEBUG main            d.u.i.k.p.i.KeYFile       Read specifications obtained when parsing the Java files (usually JML and Strings.key) from file:/home/runner/work/key/key/key.core/build/resources/main/de/uka/ilkd/key/proof/rules/regExHeader.key 
3174       DEBUG main            d.u.i.k.p.i.KeYFile       Reading KeY file file:/home/runner/work/key/key/key.core/build/resources/main/de/uka/ilkd/key/proof/rules/regExAxioms.key 
3174       DEBUG main            d.u.i.k.p.i.KeYFile       Read specifications obtained when parsing the Java files (usually JML and Strings.key) from file:/home/runner/work/key/key/key.core/build/resources/main/de/uka/ilkd/key/proof/rules/regExAxioms.key 
3179       DEBUG main            d.u.i.k.p.i.KeYFile       Reading KeY file file:/home/runner/work/key/key/key.core/build/resources/main/de/uka/ilkd/key/proof/rules/regExLemmaProven.key 
3179       DEBUG main            d.u.i.k.p.i.KeYFile       Read specifications obtained when parsing the Java files (usually JML and Strings.key) from file:/home/runner/work/key/key/key.core/build/resources/main/de/uka/ilkd/key/proof/rules/regExLemmaProven.key 
3182       DEBUG main            d.u.i.k.p.i.KeYFile       Reading KeY file file:/home/runner/work/key/key/key.core/build/resources/main/de/uka/ilkd/key/proof/rules/regExTheory.key 
3182       DEBUG main            d.u.i.k.p.i.KeYFile       Read specifications obtained when parsing the Java files (usually JML and Strings.key) from file:/home/runner/work/key/key/key.core/build/resources/main/de/uka/ilkd/key/proof/rules/regExTheory.key 
3186       DEBUG main            d.u.i.k.p.i.KeYFile       Reading KeY file file:/home/runner/work/key/key/key.core/build/resources/main/de/uka/ilkd/key/proof/rules/seqEq.key 
3186       DEBUG main            d.u.i.k.p.i.KeYFile       Read specifications obtained when parsing the Java files (usually JML and Strings.key) from file:/home/runner/work/key/key/key.core/build/resources/main/de/uka/ilkd/key/proof/rules/seqEq.key 
3193       DEBUG main            d.u.i.k.p.i.KeYFile       Reading KeY file file:/home/runner/work/key/key/key.core/build/resources/main/de/uka/ilkd/key/proof/rules/infFlow.key 
3194       DEBUG main            d.u.i.k.p.i.KeYFile       Read specifications obtained when parsing the Java files (usually JML and Strings.key) from file:/home/runner/work/key/key/key.core/build/resources/main/de/uka/ilkd/key/proof/rules/infFlow.key 
3198       DEBUG main            d.u.i.k.p.i.KeYFile       Reading KeY file file:/home/runner/work/key/key/key.core/build/resources/main/de/uka/ilkd/key/proof/rules/mapSize.key 
3198       DEBUG main            d.u.i.k.p.i.KeYFile       Read specifications obtained when parsing the Java files (usually JML and Strings.key) from file:/home/runner/work/key/key/key.core/build/resources/main/de/uka/ilkd/key/proof/rules/mapSize.key 
3203       DEBUG main            d.u.i.k.p.i.KeYFile       Reading KeY file file:/home/runner/work/key/key/key.core/build/resources/main/de/uka/ilkd/key/proof/rules/wdHeader.key 
3203       DEBUG main            d.u.i.k.p.i.KeYFile       Read specifications obtained when parsing the Java files (usually JML and Strings.key) from file:/home/runner/work/key/key/key.core/build/resources/main/de/uka/ilkd/key/proof/rules/wdHeader.key 
3205       DEBUG main            d.u.i.k.p.i.KeYFile       Reading KeY file file:/home/runner/work/key/key/key.core/build/resources/main/de/uka/ilkd/key/proof/rules/wdGeneralRules.key 
3205       DEBUG main            d.u.i.k.p.i.KeYFile       Read specifications obtained when parsing the Java files (usually JML and Strings.key) from file:/home/runner/work/key/key/key.core/build/resources/main/de/uka/ilkd/key/proof/rules/wdGeneralRules.key 
3217       DEBUG main            d.u.i.k.p.i.KeYFile       Reading KeY file file:/home/runner/work/key/key/key.core/build/resources/main/de/uka/ilkd/key/proof/rules/wdNumericalRules.key 
3217       DEBUG main            d.u.i.k.p.i.KeYFile       Read specifications obtained when parsing the Java files (usually JML and Strings.key) from file:/home/runner/work/key/key/key.core/build/resources/main/de/uka/ilkd/key/proof/rules/wdNumericalRules.key 
3237       DEBUG main            d.u.i.k.p.i.KeYFile       Reading KeY file file:/home/runner/work/key/key/key.core/build/resources/main/de/uka/ilkd/key/proof/rules/wdLocSetRules.key 
3237       DEBUG main            d.u.i.k.p.i.KeYFile       Read specifications obtained when parsing the Java files (usually JML and Strings.key) from file:/home/runner/work/key/key/key.core/build/resources/main/de/uka/ilkd/key/proof/rules/wdLocSetRules.key 
3242       DEBUG main            d.u.i.k.p.i.KeYFile       Reading KeY file file:/home/runner/work/key/key/key.core/build/resources/main/de/uka/ilkd/key/proof/rules/wdHeapRules.key 
3242       DEBUG main            d.u.i.k.p.i.KeYFile       Read specifications obtained when parsing the Java files (usually JML and Strings.key) from file:/home/runner/work/key/key/key.core/build/resources/main/de/uka/ilkd/key/proof/rules/wdHeapRules.key 
3245       DEBUG main            d.u.i.k.p.i.KeYFile       Reading KeY file file:/home/runner/work/key/key/key.core/build/resources/main/de/uka/ilkd/key/proof/rules/wdReachRules.key 
3246       DEBUG main            d.u.i.k.p.i.KeYFile       Read specifications obtained when parsing the Java files (usually JML and Strings.key) from file:/home/runner/work/key/key/key.core/build/resources/main/de/uka/ilkd/key/proof/rules/wdReachRules.key 
3248       DEBUG main            d.u.i.k.p.i.KeYFile       Reading KeY file file:/home/runner/work/key/key/key.core/build/resources/main/de/uka/ilkd/key/proof/rules/wdSeqRules.key 
3248       DEBUG main            d.u.i.k.p.i.KeYFile       Read specifications obtained when parsing the Java files (usually JML and Strings.key) from file:/home/runner/work/key/key/key.core/build/resources/main/de/uka/ilkd/key/proof/rules/wdSeqRules.key 
3251       DEBUG main            d.u.i.k.p.i.KeYFile       Reading KeY file file:/home/runner/work/key/key/key.core/build/resources/main/de/uka/ilkd/key/proof/rules/wdStringRules.key 
3253       DEBUG main            d.u.i.k.p.i.KeYFile       Read specifications obtained when parsing the Java files (usually JML and Strings.key) from file:/home/runner/work/key/key/key.core/build/resources/main/de/uka/ilkd/key/proof/rules/wdStringRules.key 
3256       DEBUG main            d.u.i.k.p.i.KeYFile       Reading KeY file file:/home/runner/work/key/key/key.core/build/resources/main/de/uka/ilkd/key/proof/rules/wdRegExRules.key 
3256       DEBUG main            d.u.i.k.p.i.KeYFile       Read specifications obtained when parsing the Java files (usually JML and Strings.key) from file:/home/runner/work/key/key/key.core/build/resources/main/de/uka/ilkd/key/proof/rules/wdRegExRules.key 
3285       DEBUG main            d.u.i.k.p.i.KeYFile       Reading KeY file file:/home/runner/work/key/key/key.core/build/resources/main/de/uka/ilkd/key/proof/rules/wdFormulaRules.key 
3286       DEBUG main            d.u.i.k.p.i.KeYFile       Read specifications obtained when parsing the Java files (usually JML and Strings.key) from file:/home/runner/work/key/key/key.core/build/resources/main/de/uka/ilkd/key/proof/rules/wdFormulaRules.key 
3295       DEBUG main            d.u.i.k.p.i.KeYFile       Reading KeY file file:/home/runner/work/key/key/key.core/build/resources/main/de/uka/ilkd/key/proof/rules/wd.key 
3295       DEBUG main            d.u.i.k.p.i.KeYFile       Read specifications obtained when parsing the Java files (usually JML and Strings.key) from file:/home/runner/work/key/key/key.core/build/resources/main/de/uka/ilkd/key/proof/rules/wd.key 
3297       DEBUG main            d.u.i.k.p.i.KeYFile       Reading KeY file file:/home/runner/work/key/key/key.core/build/resources/main/de/uka/ilkd/key/proof/rules/loopInvariantRules.key 
3297       DEBUG main            d.u.i.k.p.i.KeYFile       Read specifications obtained when parsing the Java files (usually JML and Strings.key) from file:/home/runner/work/key/key/key.core/build/resources/main/de/uka/ilkd/key/proof/rules/loopInvariantRules.key 
3298       DEBUG main            d.u.i.k.p.i.KeYFile       Reading KeY file file:/home/runner/work/key/key/key.core/build/resources/main/de/uka/ilkd/key/proof/rules/forLoopRules.key 
3299       DEBUG main            d.u.i.k.p.i.KeYFile       Read specifications obtained when parsing the Java files (usually JML and Strings.key) from file:/home/runner/work/key/key/key.core/build/resources/main/de/uka/ilkd/key/proof/rules/forLoopRules.key 
3304       DEBUG main            d.u.i.k.p.i.KeYFile       Reading KeY file file:/home/runner/work/key/key/key.core/build/resources/main/de/uka/ilkd/key/proof/rules/execRules.key 
3305       DEBUG main            d.u.i.k.p.i.KeYFile       Read specifications obtained when parsing the Java files (usually JML and Strings.key) from file:/home/runner/work/key/key/key.core/build/resources/main/de/uka/ilkd/key/proof/rules/execRules.key 
3379       DEBUG main            d.u.i.k.p.i.KeYFile       Reading KeY file file:/home/runner/work/key/key/key.core/build/resources/main/de/uka/ilkd/key/proof/rules/loopScopeRules.key 
3379       DEBUG main            d.u.i.k.p.i.KeYFile       Read specifications obtained when parsing the Java files (usually JML and Strings.key) from file:/home/runner/work/key/key/key.core/build/resources/main/de/uka/ilkd/key/proof/rules/loopScopeRules.key 
3403       DEBUG main            d.u.i.k.p.i.KeYFile       Reading KeY file file:/home/runner/work/key/key/key.core/build/resources/main/de/uka/ilkd/key/proof/rules/standardRules.key 
3403       DEBUG main            d.u.i.k.p.i.KeYFile       Read specifications obtained when parsing the Java files (usually JML and Strings.key) from file:/home/runner/work/key/key/key.core/build/resources/main/de/uka/ilkd/key/proof/rules/standardRules.key 
5852       DEBUG main            d.u.i.k.j.Recoder2KeY     converting now /home/runner/work/key/key/key.core/../key.ui/examples/InformationFlow/Sum/src/SumExample.java 
5912       DEBUG main            d.u.i.k.s.TermLabelSettings TermLabelSettings: Failure while reading the setting "UseOriginLabels".Using the default value: true.The string read was: null 
5913       DEBUG main            d.u.i.k.p.i.KeYFile       Reading KeY file /home/runner/work/key/key/key.core/../key.ui/examples/InformationFlow/Sum/SumExample(SumExample__getSum()).JML normal_behavior operation contract.0.key 
5925       DEBUG main            d.u.i.k.p.i.KeYFile       Reading KeY file file:/home/runner/work/key/key/key.core/build/resources/main/de/uka/ilkd/key/java/JavaRedux/java/lang/String.key 
5930       DEBUG main            d.u.i.k.p.i.KeYFile       Read specifications obtained when parsing the Java files (usually JML and Strings.key) from file:/home/runner/work/key/key/key.core/build/resources/main/de/uka/ilkd/key/java/JavaRedux/java/lang/String.key 
8041       DEBUG main            d.u.i.k.p.i.KeYFile       Read specifications obtained when parsing the Java files (usually JML and Strings.key) from /home/runner/work/key/key/key.core/../key.ui/examples/InformationFlow/Sum/SumExample(SumExample__getSum()).JML normal_behavior operation contract.0.key 
8563       DEBUG Thread-1        d.u.i.k.r.m.WhileLoopTransformation While-Loop-Tranform-Result: {
  int i = 0;
  while (i < this.values.length) {
    {
      sum_1 += this.values[i];
    }
    i++;
  }
} 
8658       DEBUG Thread-1        d.u.i.k.r.m.WhileLoopTransformation While-Loop-Tranform-Result: try {
  {
    if (i < this.values.length) {
      {
        sum_1 += this.values[i];
      }
      i++;
    }
  }
} catch (java.lang.Throwable e#4) {
  exc#3 = true;
  thrownExc#5 = e#4;
} 
8758       DEBUG Thread-1        d.u.i.k.j.TypeConverter   typeconverter: (prefix this;, class class de.uka.ilkd.key.java.reference.ThisReference) 
8986       DEBUG Thread-1        d.u.i.k.j.TypeConverter   typeconverter: (prefix this;, class class de.uka.ilkd.key.java.reference.ThisReference) 
9090       DEBUG Thread-1        d.u.i.k.j.TypeConverter   typeconverter: (prefix this;, class class de.uka.ilkd.key.java.reference.ThisReference) 
9204       DEBUG Thread-1        d.u.i.k.j.TypeConverter   typeconverter: (prefix this;, class class de.uka.ilkd.key.java.reference.ThisReference) 
9486       INFO  main            d.u.i.k.p.r.p.TestFile    ... finished proof: closed. 
49547      INFO  Test worker     d.u.i.k.p.r.RunAllProofsTestUnit Returning from test SumExample 
49549      INFO  Test worker     d.u.i.k.p.r.RunAllProofsTestUnit Running test ToyBanking 
347        INFO  Timeout watchdog d.u.i.k.p.r.p.ForkedTestFileRunner Timeout watcher launched (1000 secs.) 
362        WARN  main            d.u.i.k.s.ProofSettings   The settings in /home/runner/.key/proof-settings.props are *not* read. 
384        DEBUG main            d.u.i.k.s.TermLabelSettings TermLabelSettings: Failure while reading the setting "UseOriginLabels".Using the default value: true.The string read was: null 
385        INFO  main            d.u.i.k.p.r.p.TestFile    Now processing file /home/runner/work/key/key/key.core/../key.ui/examples/InformationFlow/ToyBanking/banking_example.UserAccount(banking_example.UserAccount__getBankAccount(int)).JML normal_behavior operation contract.0.key 
1030       DEBUG main            d.u.i.k.p.i.KeYFile       Reading KeY file file:/home/runner/work/key/key/key.core/build/resources/main/de/uka/ilkd/key/proof/rules/ldt.key 
1030       DEBUG main            d.u.i.k.p.i.KeYFile       Read specifications obtained when parsing the Java files (usually JML and Strings.key) from file:/home/runner/work/key/key/key.core/build/resources/main/de/uka/ilkd/key/proof/rules/ldt.key 
1053       DEBUG main            d.u.i.k.p.i.KeYFile       Reading KeY file file:/home/runner/work/key/key/key.core/build/resources/main/de/uka/ilkd/key/proof/rules/propRule.key 
1054       DEBUG main            d.u.i.k.p.i.KeYFile       Read specifications obtained when parsing the Java files (usually JML and Strings.key) from file:/home/runner/work/key/key/key.core/build/resources/main/de/uka/ilkd/key/proof/rules/propRule.key 
1100       DEBUG main            d.u.i.k.p.i.KeYFile       Reading KeY file file:/home/runner/work/key/key/key.core/build/resources/main/de/uka/ilkd/key/proof/rules/firstOrderRules.key 
1104       DEBUG main            d.u.i.k.p.i.KeYFile       Read specifications obtained when parsing the Java files (usually JML and Strings.key) from file:/home/runner/work/key/key/key.core/build/resources/main/de/uka/ilkd/key/proof/rules/firstOrderRules.key 
1140       DEBUG main            d.u.i.k.p.i.KeYFile       Reading KeY file file:/home/runner/work/key/key/key.core/build/resources/main/de/uka/ilkd/key/proof/rules/ifThenElseRules.key 
1141       DEBUG main            d.u.i.k.p.i.KeYFile       Read specifications obtained when parsing the Java files (usually JML and Strings.key) from file:/home/runner/work/key/key/key.core/build/resources/main/de/uka/ilkd/key/proof/rules/ifThenElseRules.key 
1217       DEBUG main            d.u.i.k.p.i.KeYFile       Reading KeY file file:/home/runner/work/key/key/key.core/build/resources/main/de/uka/ilkd/key/proof/rules/formulaNormalisationRules.key 
1218       DEBUG main            d.u.i.k.p.i.KeYFile       Read specifications obtained when parsing the Java files (usually JML and Strings.key) from file:/home/runner/work/key/key/key.core/build/resources/main/de/uka/ilkd/key/proof/rules/formulaNormalisationRules.key 
1254       DEBUG main            d.u.i.k.p.i.KeYFile       Reading KeY file file:/home/runner/work/key/key/key.core/build/resources/main/de/uka/ilkd/key/proof/rules/updateRules.key 
1254       DEBUG main            d.u.i.k.p.i.KeYFile       Read specifications obtained when parsing the Java files (usually JML and Strings.key) from file:/home/runner/work/key/key/key.core/build/resources/main/de/uka/ilkd/key/proof/rules/updateRules.key 
1265       DEBUG main            d.u.i.k.p.i.KeYFile       Reading KeY file file:/home/runner/work/key/key/key.core/build/resources/main/de/uka/ilkd/key/proof/rules/integerRulesCommon.key 
1265       DEBUG main            d.u.i.k.p.i.KeYFile       Read specifications obtained when parsing the Java files (usually JML and Strings.key) from file:/home/runner/work/key/key/key.core/build/resources/main/de/uka/ilkd/key/proof/rules/integerRulesCommon.key 
1383       DEBUG main            d.u.i.k.p.i.KeYFile       Reading KeY file file:/home/runner/work/key/key/key.core/build/resources/main/de/uka/ilkd/key/proof/rules/intRules.key 
1384       DEBUG main            d.u.i.k.p.i.KeYFile       Read specifications obtained when parsing the Java files (usually JML and Strings.key) from file:/home/runner/work/key/key/key.core/build/resources/main/de/uka/ilkd/key/proof/rules/intRules.key 
1409       DEBUG main            d.u.i.k.p.i.KeYFile       Reading KeY file file:/home/runner/work/key/key/key.core/build/resources/main/de/uka/ilkd/key/proof/rules/intRulesUncheckedSemantics.key 
1415       DEBUG main            d.u.i.k.p.i.KeYFile       Read specifications obtained when parsing the Java files (usually JML and Strings.key) from file:/home/runner/work/key/key/key.core/build/resources/main/de/uka/ilkd/key/proof/rules/intRulesUncheckedSemantics.key 
1422       DEBUG main            d.u.i.k.p.i.KeYFile       Reading KeY file file:/home/runner/work/key/key/key.core/build/resources/main/de/uka/ilkd/key/proof/rules/intRulesCheckedSemantics.key 
1422       DEBUG main            d.u.i.k.p.i.KeYFile       Read specifications obtained when parsing the Java files (usually JML and Strings.key) from file:/home/runner/work/key/key/key.core/build/resources/main/de/uka/ilkd/key/proof/rules/intRulesCheckedSemantics.key 
1429       DEBUG main            d.u.i.k.p.i.KeYFile       Reading KeY file file:/home/runner/work/key/key/key.core/build/resources/main/de/uka/ilkd/key/proof/rules/intRulesJavaSemantics.key 
1430       DEBUG main            d.u.i.k.p.i.KeYFile       Read specifications obtained when parsing the Java files (usually JML and Strings.key) from file:/home/runner/work/key/key/key.core/build/resources/main/de/uka/ilkd/key/proof/rules/intRulesJavaSemantics.key 
1500       DEBUG main            d.u.i.k.p.i.KeYFile       Reading KeY file file:/home/runner/work/key/key/key.core/build/resources/main/de/uka/ilkd/key/proof/rules/integerSimplificationRules.key 
1500       DEBUG main            d.u.i.k.p.i.KeYFile       Read specifications obtained when parsing the Java files (usually JML and Strings.key) from file:/home/runner/work/key/key/key.core/build/resources/main/de/uka/ilkd/key/proof/rules/integerSimplificationRules.key 
1574       DEBUG main            d.u.i.k.j.TypeConverter   No LDT found for Meta 
1576       DEBUG main            d.u.i.k.j.TypeConverter   No LDT found for Meta 
1584       DEBUG main            d.u.i.k.j.TypeConverter   No LDT found for Meta 
1584       DEBUG main            d.u.i.k.j.TypeConverter   No LDT found for Meta 
1627       DEBUG main            d.u.i.k.p.i.KeYFile       Reading KeY file file:/home/runner/work/key/key/key.core/build/resources/main/de/uka/ilkd/key/proof/rules/intDiv.key 
1628       DEBUG main            d.u.i.k.p.i.KeYFile       Read specifications obtained when parsing the Java files (usually JML and Strings.key) from file:/home/runner/work/key/key/key.core/build/resources/main/de/uka/ilkd/key/proof/rules/intDiv.key 
1765       DEBUG main            d.u.i.k.p.i.KeYFile       Reading KeY file file:/home/runner/work/key/key/key.core/build/resources/main/de/uka/ilkd/key/proof/rules/bsum.key 
1766       DEBUG main            d.u.i.k.p.i.KeYFile       Read specifications obtained when parsing the Java files (usually JML and Strings.key) from file:/home/runner/work/key/key/key.core/build/resources/main/de/uka/ilkd/key/proof/rules/bsum.key 
1818       DEBUG main            d.u.i.k.p.i.KeYFile       Reading KeY file file:/home/runner/work/key/key/key.core/build/resources/main/de/uka/ilkd/key/proof/rules/bprod.key 
1820       DEBUG main            d.u.i.k.p.i.KeYFile       Read specifications obtained when parsing the Java files (usually JML and Strings.key) from file:/home/runner/work/key/key/key.core/build/resources/main/de/uka/ilkd/key/proof/rules/bprod.key 
1832       DEBUG main            d.u.i.k.p.i.KeYFile       Reading KeY file file:/home/runner/work/key/key/key.core/build/resources/main/de/uka/ilkd/key/proof/rules/binaryAxioms.key 
1834       DEBUG main            d.u.i.k.p.i.KeYFile       Read specifications obtained when parsing the Java files (usually JML and Strings.key) from file:/home/runner/work/key/key/key.core/build/resources/main/de/uka/ilkd/key/proof/rules/binaryAxioms.key 
1840       DEBUG main            d.u.i.k.p.i.KeYFile       Reading KeY file file:/home/runner/work/key/key/key.core/build/resources/main/de/uka/ilkd/key/proof/rules/binaryLemmas.key 
1840       DEBUG main            d.u.i.k.p.i.KeYFile       Read specifications obtained when parsing the Java files (usually JML and Strings.key) from file:/home/runner/work/key/key/key.core/build/resources/main/de/uka/ilkd/key/proof/rules/binaryLemmas.key 
1854       DEBUG main            d.u.i.k.p.i.KeYFile       Reading KeY file file:/home/runner/work/key/key/key.core/build/resources/main/de/uka/ilkd/key/proof/rules/intPow.key 
1855       DEBUG main            d.u.i.k.p.i.KeYFile       Read specifications obtained when parsing the Java files (usually JML and Strings.key) from file:/home/runner/work/key/key/key.core/build/resources/main/de/uka/ilkd/key/proof/rules/intPow.key 
1874       DEBUG main            d.u.i.k.p.i.KeYFile       Reading KeY file file:/home/runner/work/key/key/key.core/build/resources/main/de/uka/ilkd/key/proof/rules/floatRulesCommon.key 
1875       DEBUG main            d.u.i.k.p.i.KeYFile       Read specifications obtained when parsing the Java files (usually JML and Strings.key) from file:/home/runner/work/key/key/key.core/build/resources/main/de/uka/ilkd/key/proof/rules/floatRulesCommon.key 
1890       DEBUG main            d.u.i.k.p.i.KeYFile       Reading KeY file file:/home/runner/work/key/key/key.core/build/resources/main/de/uka/ilkd/key/proof/rules/floatRules.key 
1890       DEBUG main            d.u.i.k.p.i.KeYFile       Read specifications obtained when parsing the Java files (usually JML and Strings.key) from file:/home/runner/work/key/key/key.core/build/resources/main/de/uka/ilkd/key/proof/rules/floatRules.key 
1891       DEBUG main            d.u.i.k.p.i.KeYFile       Reading KeY file file:/home/runner/work/key/key/key.core/build/resources/main/de/uka/ilkd/key/proof/rules/floatRulesVerifyNormal.key 
1892       DEBUG main            d.u.i.k.p.i.KeYFile       Read specifications obtained when parsing the Java files (usually JML and Strings.key) from file:/home/runner/work/key/key/key.core/build/resources/main/de/uka/ilkd/key/proof/rules/floatRulesVerifyNormal.key 
1896       DEBUG main            d.u.i.k.p.i.KeYFile       Reading KeY file file:/home/runner/work/key/key/key.core/build/resources/main/de/uka/ilkd/key/proof/rules/floatRulesAssumeStrictfp.key 
1896       DEBUG main            d.u.i.k.p.i.KeYFile       Read specifications obtained when parsing the Java files (usually JML and Strings.key) from file:/home/runner/work/key/key/key.core/build/resources/main/de/uka/ilkd/key/proof/rules/floatRulesAssumeStrictfp.key 
1943       DEBUG main            d.u.i.k.p.i.KeYFile       Reading KeY file file:/home/runner/work/key/key/key.core/build/resources/main/de/uka/ilkd/key/proof/rules/genericRules.key 
1944       DEBUG main            d.u.i.k.p.i.KeYFile       Read specifications obtained when parsing the Java files (usually JML and Strings.key) from file:/home/runner/work/key/key/key.core/build/resources/main/de/uka/ilkd/key/proof/rules/genericRules.key 
1955       DEBUG main            d.u.i.k.p.i.KeYFile       Reading KeY file file:/home/runner/work/key/key/key.core/build/resources/main/de/uka/ilkd/key/proof/rules/booleanRules.key 
1955       DEBUG main            d.u.i.k.p.i.KeYFile       Read specifications obtained when parsing the Java files (usually JML and Strings.key) from file:/home/runner/work/key/key/key.core/build/resources/main/de/uka/ilkd/key/proof/rules/booleanRules.key 
1960       DEBUG main            d.u.i.k.p.i.KeYFile       Reading KeY file file:/home/runner/work/key/key/key.core/build/resources/main/de/uka/ilkd/key/proof/rules/epsilon.key 
1961       DEBUG main            d.u.i.k.p.i.KeYFile       Read specifications obtained when parsing the Java files (usually JML and Strings.key) from file:/home/runner/work/key/key/key.core/build/resources/main/de/uka/ilkd/key/proof/rules/epsilon.key 
1985       DEBUG main            d.u.i.k.p.i.KeYFile       Reading KeY file file:/home/runner/work/key/key/key.core/build/resources/main/de/uka/ilkd/key/proof/rules/locSetsRules.key 
1986       DEBUG main            d.u.i.k.p.i.KeYFile       Read specifications obtained when parsing the Java files (usually JML and Strings.key) from file:/home/runner/work/key/key/key.core/build/resources/main/de/uka/ilkd/key/proof/rules/locSetsRules.key 
2044       DEBUG main            d.u.i.k.p.i.KeYFile       Reading KeY file file:/home/runner/work/key/key/key.core/build/resources/main/de/uka/ilkd/key/proof/rules/heapRules.key 
2044       DEBUG main            d.u.i.k.p.i.KeYFile       Read specifications obtained when parsing the Java files (usually JML and Strings.key) from file:/home/runner/work/key/key/key.core/build/resources/main/de/uka/ilkd/key/proof/rules/heapRules.key 
2102       DEBUG main            d.u.i.k.p.i.KeYFile       Reading KeY file file:/home/runner/work/key/key/key.core/build/resources/main/de/uka/ilkd/key/proof/rules/permissionRules.key 
2103       DEBUG main            d.u.i.k.p.i.KeYFile       Read specifications obtained when parsing the Java files (usually JML and Strings.key) from file:/home/runner/work/key/key/key.core/build/resources/main/de/uka/ilkd/key/proof/rules/permissionRules.key 
2136       DEBUG main            d.u.i.k.p.i.KeYFile       Reading KeY file file:/home/runner/work/key/key/key.core/build/resources/main/de/uka/ilkd/key/proof/rules/reachRules.key 
2137       DEBUG main            d.u.i.k.p.i.KeYFile       Read specifications obtained when parsing the Java files (usually JML and Strings.key) from file:/home/runner/work/key/key/key.core/build/resources/main/de/uka/ilkd/key/proof/rules/reachRules.key 
2152       DEBUG main            d.u.i.k.p.i.KeYFile       Reading KeY file file:/home/runner/work/key/key/key.core/build/resources/main/de/uka/ilkd/key/proof/rules/seqCoreRules.key 
2152       DEBUG main            d.u.i.k.p.i.KeYFile       Read specifications obtained when parsing the Java files (usually JML and Strings.key) from file:/home/runner/work/key/key/key.core/build/resources/main/de/uka/ilkd/key/proof/rules/seqCoreRules.key 
2178       DEBUG main            d.u.i.k.p.i.KeYFile       Reading KeY file file:/home/runner/work/key/key/key.core/build/resources/main/de/uka/ilkd/key/proof/rules/seqRules.key 
2179       DEBUG main            d.u.i.k.p.i.KeYFile       Read specifications obtained when parsing the Java files (usually JML and Strings.key) from file:/home/runner/work/key/key/key.core/build/resources/main/de/uka/ilkd/key/proof/rules/seqRules.key 
2225       DEBUG main            d.u.i.k.p.i.KeYFile       Reading KeY file file:/home/runner/work/key/key/key.core/build/resources/main/de/uka/ilkd/key/proof/rules/seqPerm.key 
2225       DEBUG main            d.u.i.k.p.i.KeYFile       Read specifications obtained when parsing the Java files (usually JML and Strings.key) from file:/home/runner/work/key/key/key.core/build/resources/main/de/uka/ilkd/key/proof/rules/seqPerm.key 
2247       DEBUG main            d.u.i.k.p.i.KeYFile       Reading KeY file file:/home/runner/work/key/key/key.core/build/resources/main/de/uka/ilkd/key/proof/rules/seqPerm2.key 
2248       DEBUG main            d.u.i.k.p.i.KeYFile       Read specifications obtained when parsing the Java files (usually JML and Strings.key) from file:/home/runner/work/key/key/key.core/build/resources/main/de/uka/ilkd/key/proof/rules/seqPerm2.key 
2350       DEBUG main            d.u.i.k.p.i.KeYFile       Reading KeY file file:/home/runner/work/key/key/key.core/build/resources/main/de/uka/ilkd/key/proof/rules/assertions.key 
2350       DEBUG main            d.u.i.k.p.i.KeYFile       Read specifications obtained when parsing the Java files (usually JML and Strings.key) from file:/home/runner/work/key/key/key.core/build/resources/main/de/uka/ilkd/key/proof/rules/assertions.key 
2373       DEBUG main            d.u.i.k.p.i.KeYFile       Reading KeY file file:/home/runner/work/key/key/key.core/build/resources/main/de/uka/ilkd/key/proof/rules/javaRules.key 
2373       DEBUG main            d.u.i.k.p.i.KeYFile       Read specifications obtained when parsing the Java files (usually JML and Strings.key) from file:/home/runner/work/key/key/key.core/build/resources/main/de/uka/ilkd/key/proof/rules/javaRules.key 
2798       DEBUG main            d.u.i.k.p.i.KeYFile       Reading KeY file file:/home/runner/work/key/key/key.core/build/resources/main/de/uka/ilkd/key/proof/rules/loopRules.key 
2798       DEBUG main            d.u.i.k.p.i.KeYFile       Read specifications obtained when parsing the Java files (usually JML and Strings.key) from file:/home/runner/work/key/key/key.core/build/resources/main/de/uka/ilkd/key/proof/rules/loopRules.key 
2811       DEBUG main            d.u.i.k.p.i.KeYFile       Reading KeY file file:/home/runner/work/key/key/key.core/build/resources/main/de/uka/ilkd/key/proof/rules/activeUse.key 
2811       DEBUG main            d.u.i.k.p.i.KeYFile       Read specifications obtained when parsing the Java files (usually JML and Strings.key) from file:/home/runner/work/key/key/key.core/build/resources/main/de/uka/ilkd/key/proof/rules/activeUse.key 
2842       DEBUG main            d.u.i.k.p.i.KeYFile       Reading KeY file file:/home/runner/work/key/key/key.core/build/resources/main/de/uka/ilkd/key/proof/rules/instanceAllocation.key 
2842       DEBUG main            d.u.i.k.p.i.KeYFile       Read specifications obtained when parsing the Java files (usually JML and Strings.key) from file:/home/runner/work/key/key/key.core/build/resources/main/de/uka/ilkd/key/proof/rules/instanceAllocation.key 
2851       DEBUG main            d.u.i.k.p.i.KeYFile       Reading KeY file file:/home/runner/work/key/key/key.core/build/resources/main/de/uka/ilkd/key/proof/rules/java5.key 
2852       DEBUG main            d.u.i.k.p.i.KeYFile       Read specifications obtained when parsing the Java files (usually JML and Strings.key) from file:/home/runner/work/key/key/key.core/build/resources/main/de/uka/ilkd/key/proof/rules/java5.key 
2859       DEBUG main            d.u.i.k.p.i.KeYFile       Reading KeY file file:/home/runner/work/key/key/key.core/build/resources/main/de/uka/ilkd/key/proof/rules/integerAssignment2UpdateRules.key 
2859       DEBUG main            d.u.i.k.p.i.KeYFile       Read specifications obtained when parsing the Java files (usually JML and Strings.key) from file:/home/runner/work/key/key/key.core/build/resources/main/de/uka/ilkd/key/proof/rules/integerAssignment2UpdateRules.key 
2884       DEBUG main            d.u.i.k.p.i.KeYFile       Reading KeY file file:/home/runner/work/key/key/key.core/build/resources/main/de/uka/ilkd/key/proof/rules/floatAssignment2UpdateRules.key 
2884       DEBUG main            d.u.i.k.p.i.KeYFile       Read specifications obtained when parsing the Java files (usually JML and Strings.key) from file:/home/runner/work/key/key/key.core/build/resources/main/de/uka/ilkd/key/proof/rules/floatAssignment2UpdateRules.key 
2901       DEBUG main            d.u.i.k.p.i.KeYFile       Reading KeY file file:/home/runner/work/key/key/key.core/build/resources/main/de/uka/ilkd/key/proof/rules/bigint.key 
2902       DEBUG main            d.u.i.k.p.i.KeYFile       Read specifications obtained when parsing the Java files (usually JML and Strings.key) from file:/home/runner/work/key/key/key.core/build/resources/main/de/uka/ilkd/key/proof/rules/bigint.key 
2909       DEBUG main            d.u.i.k.j.TypeConverter   No LDT found for JavaBigintExpression 
2915       DEBUG main            d.u.i.k.p.i.KeYFile       Reading KeY file file:/home/runner/work/key/key/key.core/build/resources/main/de/uka/ilkd/key/proof/rules/adtProgramDecompositionRules.key 
2927       DEBUG main            d.u.i.k.p.i.KeYFile       Read specifications obtained when parsing the Java files (usually JML and Strings.key) from file:/home/runner/work/key/key/key.core/build/resources/main/de/uka/ilkd/key/proof/rules/adtProgramDecompositionRules.key 
2948       DEBUG main            d.u.i.k.p.i.KeYFile       Reading KeY file file:/home/runner/work/key/key/key.core/build/resources/main/de/uka/ilkd/key/proof/rules/precRules.key 
2948       DEBUG main            d.u.i.k.p.i.KeYFile       Read specifications obtained when parsing the Java files (usually JML and Strings.key) from file:/home/runner/work/key/key/key.core/build/resources/main/de/uka/ilkd/key/proof/rules/precRules.key 
2962       DEBUG main            d.u.i.k.p.i.KeYFile       Reading KeY file file:/home/runner/work/key/key/key.core/build/resources/main/de/uka/ilkd/key/proof/rules/charListRules.key 
2963       DEBUG main            d.u.i.k.p.i.KeYFile       Read specifications obtained when parsing the Java files (usually JML and Strings.key) from file:/home/runner/work/key/key/key.core/build/resources/main/de/uka/ilkd/key/proof/rules/charListRules.key 
2989       DEBUG main            d.u.i.k.p.i.KeYFile       Reading KeY file file:/home/runner/work/key/key/key.core/build/resources/main/de/uka/ilkd/key/proof/rules/regExHeader.key 
2990       DEBUG main            d.u.i.k.p.i.KeYFile       Read specifications obtained when parsing the Java files (usually JML and Strings.key) from file:/home/runner/work/key/key/key.core/build/resources/main/de/uka/ilkd/key/proof/rules/regExHeader.key 
2992       DEBUG main            d.u.i.k.p.i.KeYFile       Reading KeY file file:/home/runner/work/key/key/key.core/build/resources/main/de/uka/ilkd/key/proof/rules/regExAxioms.key 
2993       DEBUG main            d.u.i.k.p.i.KeYFile       Read specifications obtained when parsing the Java files (usually JML and Strings.key) from file:/home/runner/work/key/key/key.core/build/resources/main/de/uka/ilkd/key/proof/rules/regExAxioms.key 
2997       DEBUG main            d.u.i.k.p.i.KeYFile       Reading KeY file file:/home/runner/work/key/key/key.core/build/resources/main/de/uka/ilkd/key/proof/rules/regExLemmaProven.key 
2998       DEBUG main            d.u.i.k.p.i.KeYFile       Read specifications obtained when parsing the Java files (usually JML and Strings.key) from file:/home/runner/work/key/key/key.core/build/resources/main/de/uka/ilkd/key/proof/rules/regExLemmaProven.key 
3006       DEBUG main            d.u.i.k.p.i.KeYFile       Reading KeY file file:/home/runner/work/key/key/key.core/build/resources/main/de/uka/ilkd/key/proof/rules/regExTheory.key 
3010       DEBUG main            d.u.i.k.p.i.KeYFile       Read specifications obtained when parsing the Java files (usually JML and Strings.key) from file:/home/runner/work/key/key/key.core/build/resources/main/de/uka/ilkd/key/proof/rules/regExTheory.key 
3015       DEBUG main            d.u.i.k.p.i.KeYFile       Reading KeY file file:/home/runner/work/key/key/key.core/build/resources/main/de/uka/ilkd/key/proof/rules/seqEq.key 
3015       DEBUG main            d.u.i.k.p.i.KeYFile       Read specifications obtained when parsing the Java files (usually JML and Strings.key) from file:/home/runner/work/key/key/key.core/build/resources/main/de/uka/ilkd/key/proof/rules/seqEq.key 
3022       DEBUG main            d.u.i.k.p.i.KeYFile       Reading KeY file file:/home/runner/work/key/key/key.core/build/resources/main/de/uka/ilkd/key/proof/rules/infFlow.key 
3023       DEBUG main            d.u.i.k.p.i.KeYFile       Read specifications obtained when parsing the Java files (usually JML and Strings.key) from file:/home/runner/work/key/key/key.core/build/resources/main/de/uka/ilkd/key/proof/rules/infFlow.key 
3027       DEBUG main            d.u.i.k.p.i.KeYFile       Reading KeY file file:/home/runner/work/key/key/key.core/build/resources/main/de/uka/ilkd/key/proof/rules/mapSize.key 
3027       DEBUG main            d.u.i.k.p.i.KeYFile       Read specifications obtained when parsing the Java files (usually JML and Strings.key) from file:/home/runner/work/key/key/key.core/build/resources/main/de/uka/ilkd/key/proof/rules/mapSize.key 
3031       DEBUG main            d.u.i.k.p.i.KeYFile       Reading KeY file file:/home/runner/work/key/key/key.core/build/resources/main/de/uka/ilkd/key/proof/rules/wdHeader.key 
3031       DEBUG main            d.u.i.k.p.i.KeYFile       Read specifications obtained when parsing the Java files (usually JML and Strings.key) from file:/home/runner/work/key/key/key.core/build/resources/main/de/uka/ilkd/key/proof/rules/wdHeader.key 
3033       DEBUG main            d.u.i.k.p.i.KeYFile       Reading KeY file file:/home/runner/work/key/key/key.core/build/resources/main/de/uka/ilkd/key/proof/rules/wdGeneralRules.key 
3034       DEBUG main            d.u.i.k.p.i.KeYFile       Read specifications obtained when parsing the Java files (usually JML and Strings.key) from file:/home/runner/work/key/key/key.core/build/resources/main/de/uka/ilkd/key/proof/rules/wdGeneralRules.key 
3044       DEBUG main            d.u.i.k.p.i.KeYFile       Reading KeY file file:/home/runner/work/key/key/key.core/build/resources/main/de/uka/ilkd/key/proof/rules/wdNumericalRules.key 
3044       DEBUG main            d.u.i.k.p.i.KeYFile       Read specifications obtained when parsing the Java files (usually JML and Strings.key) from file:/home/runner/work/key/key/key.core/build/resources/main/de/uka/ilkd/key/proof/rules/wdNumericalRules.key 
3060       DEBUG main            d.u.i.k.p.i.KeYFile       Reading KeY file file:/home/runner/work/key/key/key.core/build/resources/main/de/uka/ilkd/key/proof/rules/wdLocSetRules.key 
3060       DEBUG main            d.u.i.k.p.i.KeYFile       Read specifications obtained when parsing the Java files (usually JML and Strings.key) from file:/home/runner/work/key/key/key.core/build/resources/main/de/uka/ilkd/key/proof/rules/wdLocSetRules.key 
3065       DEBUG main            d.u.i.k.p.i.KeYFile       Reading KeY file file:/home/runner/work/key/key/key.core/build/resources/main/de/uka/ilkd/key/proof/rules/wdHeapRules.key 
3065       DEBUG main            d.u.i.k.p.i.KeYFile       Read specifications obtained when parsing the Java files (usually JML and Strings.key) from file:/home/runner/work/key/key/key.core/build/resources/main/de/uka/ilkd/key/proof/rules/wdHeapRules.key 
3068       DEBUG main            d.u.i.k.p.i.KeYFile       Reading KeY file file:/home/runner/work/key/key/key.core/build/resources/main/de/uka/ilkd/key/proof/rules/wdReachRules.key 
3068       DEBUG main            d.u.i.k.p.i.KeYFile       Read specifications obtained when parsing the Java files (usually JML and Strings.key) from file:/home/runner/work/key/key/key.core/build/resources/main/de/uka/ilkd/key/proof/rules/wdReachRules.key 
3070       DEBUG main            d.u.i.k.p.i.KeYFile       Reading KeY file file:/home/runner/work/key/key/key.core/build/resources/main/de/uka/ilkd/key/proof/rules/wdSeqRules.key 
3071       DEBUG main            d.u.i.k.p.i.KeYFile       Read specifications obtained when parsing the Java files (usually JML and Strings.key) from file:/home/runner/work/key/key/key.core/build/resources/main/de/uka/ilkd/key/proof/rules/wdSeqRules.key 
3074       DEBUG main            d.u.i.k.p.i.KeYFile       Reading KeY file file:/home/runner/work/key/key/key.core/build/resources/main/de/uka/ilkd/key/proof/rules/wdStringRules.key 
3074       DEBUG main            d.u.i.k.p.i.KeYFile       Read specifications obtained when parsing the Java files (usually JML and Strings.key) from file:/home/runner/work/key/key/key.core/build/resources/main/de/uka/ilkd/key/proof/rules/wdStringRules.key 
3076       DEBUG main            d.u.i.k.p.i.KeYFile       Reading KeY file file:/home/runner/work/key/key/key.core/build/resources/main/de/uka/ilkd/key/proof/rules/wdRegExRules.key 
3076       DEBUG main            d.u.i.k.p.i.KeYFile       Read specifications obtained when parsing the Java files (usually JML and Strings.key) from file:/home/runner/work/key/key/key.core/build/resources/main/de/uka/ilkd/key/proof/rules/wdRegExRules.key 
3083       DEBUG main            d.u.i.k.p.i.KeYFile       Reading KeY file file:/home/runner/work/key/key/key.core/build/resources/main/de/uka/ilkd/key/proof/rules/wdFormulaRules.key 
3084       DEBUG main            d.u.i.k.p.i.KeYFile       Read specifications obtained when parsing the Java files (usually JML and Strings.key) from file:/home/runner/work/key/key/key.core/build/resources/main/de/uka/ilkd/key/proof/rules/wdFormulaRules.key 
3091       DEBUG main            d.u.i.k.p.i.KeYFile       Reading KeY file file:/home/runner/work/key/key/key.core/build/resources/main/de/uka/ilkd/key/proof/rules/wd.key 
3091       DEBUG main            d.u.i.k.p.i.KeYFile       Read specifications obtained when parsing the Java files (usually JML and Strings.key) from file:/home/runner/work/key/key/key.core/build/resources/main/de/uka/ilkd/key/proof/rules/wd.key 
3093       DEBUG main            d.u.i.k.p.i.KeYFile       Reading KeY file file:/home/runner/work/key/key/key.core/build/resources/main/de/uka/ilkd/key/proof/rules/loopInvariantRules.key 
3093       DEBUG main            d.u.i.k.p.i.KeYFile       Read specifications obtained when parsing the Java files (usually JML and Strings.key) from file:/home/runner/work/key/key/key.core/build/resources/main/de/uka/ilkd/key/proof/rules/loopInvariantRules.key 
3094       DEBUG main            d.u.i.k.p.i.KeYFile       Reading KeY file file:/home/runner/work/key/key/key.core/build/resources/main/de/uka/ilkd/key/proof/rules/forLoopRules.key 
3095       DEBUG main            d.u.i.k.p.i.KeYFile       Read specifications obtained when parsing the Java files (usually JML and Strings.key) from file:/home/runner/work/key/key/key.core/build/resources/main/de/uka/ilkd/key/proof/rules/forLoopRules.key 
3099       DEBUG main            d.u.i.k.p.i.KeYFile       Reading KeY file file:/home/runner/work/key/key/key.core/build/resources/main/de/uka/ilkd/key/proof/rules/execRules.key 
3100       DEBUG main            d.u.i.k.p.i.KeYFile       Read specifications obtained when parsing the Java files (usually JML and Strings.key) from file:/home/runner/work/key/key/key.core/build/resources/main/de/uka/ilkd/key/proof/rules/execRules.key 
3178       DEBUG main            d.u.i.k.p.i.KeYFile       Reading KeY file file:/home/runner/work/key/key/key.core/build/resources/main/de/uka/ilkd/key/proof/rules/loopScopeRules.key 
3179       DEBUG main            d.u.i.k.p.i.KeYFile       Read specifications obtained when parsing the Java files (usually JML and Strings.key) from file:/home/runner/work/key/key/key.core/build/resources/main/de/uka/ilkd/key/proof/rules/loopScopeRules.key 
3198       DEBUG main            d.u.i.k.p.i.KeYFile       Reading KeY file file:/home/runner/work/key/key/key.core/build/resources/main/de/uka/ilkd/key/proof/rules/standardRules.key 
3198       DEBUG main            d.u.i.k.p.i.KeYFile       Read specifications obtained when parsing the Java files (usually JML and Strings.key) from file:/home/runner/work/key/key/key.core/build/resources/main/de/uka/ilkd/key/proof/rules/standardRules.key 
5952       DEBUG main            d.u.i.k.j.Recoder2KeY     converting now /home/runner/work/key/key/key.core/../key.ui/examples/InformationFlow/ToyBanking/src/banking_example/UserAccount.java 
5963       DEBUG main            d.u.i.k.j.Recoder2KeY     converting now /home/runner/work/key/key/key.core/../key.ui/examples/InformationFlow/ToyBanking/src/banking_example/Bank.java 
5966       DEBUG main            d.u.i.k.j.Recoder2KeY     converting now /home/runner/work/key/key/key.core/../key.ui/examples/InformationFlow/ToyBanking/src/banking_example/BankAccount.java 
6018       DEBUG main            d.u.i.k.s.TermLabelSettings TermLabelSettings: Failure while reading the setting "UseOriginLabels".Using the default value: true.The string read was: null 
6024       DEBUG main            d.u.i.k.p.i.KeYFile       Reading KeY file /home/runner/work/key/key/key.core/../key.ui/examples/InformationFlow/ToyBanking/banking_example.UserAccount(banking_example.UserAccount__getBankAccount(int)).JML normal_behavior operation contract.0.key 
6034       DEBUG main            d.u.i.k.p.i.KeYFile       Reading KeY file file:/home/runner/work/key/key/key.core/build/resources/main/de/uka/ilkd/key/java/JavaRedux/java/lang/String.key 
6039       DEBUG main            d.u.i.k.p.i.KeYFile       Read specifications obtained when parsing the Java files (usually JML and Strings.key) from file:/home/runner/work/key/key/key.core/build/resources/main/de/uka/ilkd/key/java/JavaRedux/java/lang/String.key 
8330       DEBUG main            d.u.i.k.p.i.KeYFile       Read specifications obtained when parsing the Java files (usually JML and Strings.key) from /home/runner/work/key/key/key.core/../key.ui/examples/InformationFlow/ToyBanking/banking_example.UserAccount(banking_example.UserAccount__getBankAccount(int)).JML normal_behavior operation contract.0.key 
9165       DEBUG Thread-1        d.u.i.k.j.TypeConverter   typeconverter: (prefix this;, class class de.uka.ilkd.key.java.reference.ThisReference) 
9303       DEBUG Thread-1        d.u.i.k.j.TypeConverter   typeconverter: (prefix this;, class class de.uka.ilkd.key.java.reference.ThisReference) 
9685       INFO  main            d.u.i.k.p.r.p.TestFile    ... finished proof: closed. 
9827       DEBUG main            d.u.i.k.s.TermLabelSettings TermLabelSettings: Failure while reading the setting "UseOriginLabels".Using the default value: true.The string read was: null 
9827       INFO  main            d.u.i.k.p.r.p.TestFile    Now processing file /home/runner/work/key/key/key.core/../key.ui/examples/InformationFlow/ToyBanking/banking_example.UserAccount(banking_example.UserAccount__tryLogin(int,(C)).JML normal_behavior operation contract.0.key 
10934      DEBUG main            d.u.i.k.j.Recoder2KeY     converting now /home/runner/work/key/key/key.core/../key.ui/examples/InformationFlow/ToyBanking/src/banking_example/UserAccount.java 
10942      DEBUG main            d.u.i.k.j.Recoder2KeY     converting now /home/runner/work/key/key/key.core/../key.ui/examples/InformationFlow/ToyBanking/src/banking_example/Bank.java 
10944      DEBUG main            d.u.i.k.j.Recoder2KeY     converting now /home/runner/work/key/key/key.core/../key.ui/examples/InformationFlow/ToyBanking/src/banking_example/BankAccount.java 
10959      DEBUG main            d.u.i.k.s.TermLabelSettings TermLabelSettings: Failure while reading the setting "UseOriginLabels".Using the default value: true.The string read was: null 
10959      DEBUG main            d.u.i.k.p.i.KeYFile       Reading KeY file /home/runner/work/key/key/key.core/../key.ui/examples/InformationFlow/ToyBanking/banking_example.UserAccount(banking_example.UserAccount__tryLogin(int,(C)).JML normal_behavior operation contract.0.key 
10962      DEBUG main            d.u.i.k.p.i.KeYFile       Reading KeY file file:/home/runner/work/key/key/key.core/build/resources/main/de/uka/ilkd/key/java/JavaRedux/java/lang/String.key 
10965      DEBUG main            d.u.i.k.p.i.KeYFile       Read specifications obtained when parsing the Java files (usually JML and Strings.key) from file:/home/runner/work/key/key/key.core/build/resources/main/de/uka/ilkd/key/java/JavaRedux/java/lang/String.key 
12949      DEBUG main            d.u.i.k.p.i.KeYFile       Read specifications obtained when parsing the Java files (usually JML and Strings.key) from /home/runner/work/key/key/key.core/../key.ui/examples/InformationFlow/ToyBanking/banking_example.UserAccount(banking_example.UserAccount__tryLogin(int,(C)).JML normal_behavior operation contract.0.key 
13222      DEBUG Thread-3        d.u.i.k.j.TypeConverter   typeconverter: (prefix this;, class class de.uka.ilkd.key.java.reference.ThisReference) 
13284      DEBUG Thread-3        d.u.i.k.j.TypeConverter   typeconverter: (prefix this;, class class de.uka.ilkd.key.java.reference.ThisReference) 
13343      DEBUG Thread-3        d.u.i.k.r.m.WhileLoopTransformation While-Loop-Tranform-Result: {
  int i = 0;
  while (i < _password.length && pwdCorrect) {
    {
      pwdCorrect = (this.password[i] == _password[i]);
    }
    i++;
  }
} 
13394      DEBUG Thread-3        d.u.i.k.r.m.WhileLoopTransformation While-Loop-Tranform-Result: try {
  {
    if (i < _password.length && pwdCorrect) {
      {
        pwdCorrect = (this.password[i] == _password[i]);
      }
      i++;
    }
  }
} catch (java.lang.Throwable e#4) {
  exc#3 = true;
  thrownExc#5 = e#4;
} 
13875      DEBUG Thread-3        d.u.i.k.j.TypeConverter   typeconverter: (prefix this;, class class de.uka.ilkd.key.java.reference.ThisReference) 
13934      DEBUG Thread-3        d.u.i.k.j.TypeConverter   typeconverter: (prefix this;, class class de.uka.ilkd.key.java.reference.ThisReference) 
14028      DEBUG Thread-3        d.u.i.k.j.TypeConverter   typeconverter: (prefix this;, class class de.uka.ilkd.key.java.reference.ThisReference) 
14062      DEBUG Thread-3        d.u.i.k.j.TypeConverter   typeconverter: (prefix this;, class class de.uka.ilkd.key.java.reference.ThisReference) 
14117      DEBUG Thread-3        d.u.i.k.j.TypeConverter   typeconverter: (prefix this;, class class de.uka.ilkd.key.java.reference.ThisReference) 
14151      DEBUG Thread-3        d.u.i.k.j.TypeConverter   typeconverter: (prefix this;, class class de.uka.ilkd.key.java.reference.ThisReference) 
14166      DEBUG Thread-3        d.u.i.k.j.TypeConverter   TypeConverter: FieldReference: this.password.length; 
14166      DEBUG Thread-3        d.u.i.k.j.TypeConverter   typeconverter: (prefix this.password;, class class de.uka.ilkd.key.java.reference.FieldReference) 
14167      DEBUG Thread-3        d.u.i.k.j.TypeConverter   TypeConverter: FieldReference: this.password; 
14167      DEBUG Thread-3        d.u.i.k.j.TypeConverter   typeconverter: (prefix this;, class class de.uka.ilkd.key.java.reference.ThisReference) 
14167      DEBUG Thread-3        d.u.i.k.j.TypeConverter   TypeConverter: FieldReference: this.password; 
14169      DEBUG Thread-3        d.u.i.k.j.TypeConverter   typeconverter: (prefix this;, class class de.uka.ilkd.key.java.reference.ThisReference) 
14169      DEBUG Thread-3        d.u.i.k.j.TypeConverter   TypeConverter: FieldReference: this.bankAccounts.length; 
14169      DEBUG Thread-3        d.u.i.k.j.TypeConverter   typeconverter: (prefix this.bankAccounts;, class class de.uka.ilkd.key.java.reference.FieldReference) 
14169      DEBUG Thread-3        d.u.i.k.j.TypeConverter   TypeConverter: FieldReference: this.bankAccounts; 
14170      DEBUG Thread-3        d.u.i.k.j.TypeConverter   typeconverter: (prefix this;, class class de.uka.ilkd.key.java.reference.ThisReference) 
14170      DEBUG Thread-3        d.u.i.k.j.TypeConverter   TypeConverter: FieldReference: this.bankAccounts; 
14170      DEBUG Thread-3        d.u.i.k.j.TypeConverter   typeconverter: (prefix this;, class class de.uka.ilkd.key.java.reference.ThisReference) 
14170      DEBUG Thread-3        d.u.i.k.j.TypeConverter   TypeConverter: FieldReference: this.bankAccounts[0].customerViewOnBankAccount; 
14170      DEBUG Thread-3        d.u.i.k.j.TypeConverter   typeconverter: (prefix this.bankAccounts[0];, class class de.uka.ilkd.key.java.reference.ArrayReference) 
14170      DEBUG Thread-3        d.u.i.k.j.TypeConverter   TypeConverter: FieldReference: this.bankAccounts; 
14171      DEBUG Thread-3        d.u.i.k.j.TypeConverter   typeconverter: (prefix this;, class class de.uka.ilkd.key.java.reference.ThisReference) 
14216      DEBUG Thread-3        d.u.i.k.j.TypeConverter   typeconverter: (prefix this;, class class de.uka.ilkd.key.java.reference.ThisReference) 
14226      DEBUG Thread-3        d.u.i.k.j.TypeConverter   typeconverter: (prefix this;, class class de.uka.ilkd.key.java.reference.ThisReference) 
14265      DEBUG Thread-3        d.u.i.k.j.TypeConverter   typeconverter: (prefix this;, class class de.uka.ilkd.key.java.reference.ThisReference) 
14312      DEBUG Thread-3        d.u.i.k.j.TypeConverter   typeconverter: (prefix this;, class class de.uka.ilkd.key.java.reference.ThisReference) 
14359      DEBUG Thread-3        d.u.i.k.j.TypeConverter   typeconverter: (prefix this;, class class de.uka.ilkd.key.java.reference.ThisReference) 
14386      DEBUG Thread-3        d.u.i.k.j.TypeConverter   TypeConverter: FieldReference: this.bankAccounts.length; 
14386      DEBUG Thread-3        d.u.i.k.j.TypeConverter   typeconverter: (prefix this.bankAccounts;, class class de.uka.ilkd.key.java.reference.FieldReference) 
14386      DEBUG Thread-3        d.u.i.k.j.TypeConverter   TypeConverter: FieldReference: this.bankAccounts; 
14386      DEBUG Thread-3        d.u.i.k.j.TypeConverter   typeconverter: (prefix this;, class class de.uka.ilkd.key.java.reference.ThisReference) 
14387      DEBUG Thread-3        d.u.i.k.j.TypeConverter   TypeConverter: FieldReference: this.bankAccounts; 
14387      DEBUG Thread-3        d.u.i.k.j.TypeConverter   typeconverter: (prefix this;, class class de.uka.ilkd.key.java.reference.ThisReference) 
14387      DEBUG Thread-3        d.u.i.k.j.TypeConverter   TypeConverter: FieldReference: this.bankAccounts[0].customerViewOnBankAccount; 
14387      DEBUG Thread-3        d.u.i.k.j.TypeConverter   typeconverter: (prefix this.bankAccounts[0];, class class de.uka.ilkd.key.java.reference.ArrayReference) 
14387      DEBUG Thread-3        d.u.i.k.j.TypeConverter   TypeConverter: FieldReference: this.bankAccounts; 
14388      DEBUG Thread-3        d.u.i.k.j.TypeConverter   typeconverter: (prefix this;, class class de.uka.ilkd.key.java.reference.ThisReference) 
14481      DEBUG Thread-3        d.u.i.k.j.TypeConverter   typeconverter: (prefix this;, class class de.uka.ilkd.key.java.reference.ThisReference) 
14504      DEBUG Thread-3        d.u.i.k.j.TypeConverter   typeconverter: (prefix this;, class class de.uka.ilkd.key.java.reference.ThisReference) 
20915      DEBUG Thread-3        d.u.i.k.j.TypeConverter   typeconverter: (prefix this;, class class de.uka.ilkd.key.java.reference.ThisReference) 
20929      DEBUG Thread-3        d.u.i.k.j.TypeConverter   typeconverter: (prefix this;, class class de.uka.ilkd.key.java.reference.ThisReference) 
20953      DEBUG Thread-3        d.u.i.k.j.TypeConverter   typeconverter: (prefix this;, class class de.uka.ilkd.key.java.reference.ThisReference) 
20981      DEBUG Thread-3        d.u.i.k.j.TypeConverter   typeconverter: (prefix this;, class class de.uka.ilkd.key.java.reference.ThisReference) 
21020      DEBUG Thread-3        d.u.i.k.j.TypeConverter   typeconverter: (prefix this;, class class de.uka.ilkd.key.java.reference.ThisReference) 
21050      DEBUG Thread-3        d.u.i.k.j.TypeConverter   typeconverter: (prefix this;, class class de.uka.ilkd.key.java.reference.ThisReference) 
21064      DEBUG Thread-3        d.u.i.k.j.TypeConverter   TypeConverter: FieldReference: this.password.length; 
21065      DEBUG Thread-3        d.u.i.k.j.TypeConverter   typeconverter: (prefix this.password;, class class de.uka.ilkd.key.java.reference.FieldReference) 
21065      DEBUG Thread-3        d.u.i.k.j.TypeConverter   TypeConverter: FieldReference: this.password; 
21065      DEBUG Thread-3        d.u.i.k.j.TypeConverter   typeconverter: (prefix this;, class class de.uka.ilkd.key.java.reference.ThisReference) 
21065      DEBUG Thread-3        d.u.i.k.j.TypeConverter   TypeConverter: FieldReference: this.password; 
21066      DEBUG Thread-3        d.u.i.k.j.TypeConverter   typeconverter: (prefix this;, class class de.uka.ilkd.key.java.reference.ThisReference) 
21066      DEBUG Thread-3        d.u.i.k.j.TypeConverter   TypeConverter: FieldReference: this.bankAccounts.length; 
21066      DEBUG Thread-3        d.u.i.k.j.TypeConverter   typeconverter: (prefix this.bankAccounts;, class class de.uka.ilkd.key.java.reference.FieldReference) 
21067      DEBUG Thread-3        d.u.i.k.j.TypeConverter   TypeConverter: FieldReference: this.bankAccounts; 
21067      DEBUG Thread-3        d.u.i.k.j.TypeConverter   typeconverter: (prefix this;, class class de.uka.ilkd.key.java.reference.ThisReference) 
21067      DEBUG Thread-3        d.u.i.k.j.TypeConverter   TypeConverter: FieldReference: this.bankAccounts; 
21067      DEBUG Thread-3        d.u.i.k.j.TypeConverter   typeconverter: (prefix this;, class class de.uka.ilkd.key.java.reference.ThisReference) 
21067      DEBUG Thread-3        d.u.i.k.j.TypeConverter   TypeConverter: FieldReference: this.bankAccounts[0].customerViewOnBankAccount; 
21068      DEBUG Thread-3        d.u.i.k.j.TypeConverter   typeconverter: (prefix this.bankAccounts[0];, class class de.uka.ilkd.key.java.reference.ArrayReference) 
21068      DEBUG Thread-3        d.u.i.k.j.TypeConverter   TypeConverter: FieldReference: this.bankAccounts; 
21068      DEBUG Thread-3        d.u.i.k.j.TypeConverter   typeconverter: (prefix this;, class class de.uka.ilkd.key.java.reference.ThisReference) 
21122      DEBUG Thread-3        d.u.i.k.j.TypeConverter   typeconverter: (prefix this;, class class de.uka.ilkd.key.java.reference.ThisReference) 
21130      DEBUG Thread-3        d.u.i.k.j.TypeConverter   typeconverter: (prefix this;, class class de.uka.ilkd.key.java.reference.ThisReference) 
21161      DEBUG Thread-3        d.u.i.k.j.TypeConverter   typeconverter: (prefix this;, class class de.uka.ilkd.key.java.reference.ThisReference) 
21203      DEBUG Thread-3        d.u.i.k.j.TypeConverter   typeconverter: (prefix this;, class class de.uka.ilkd.key.java.reference.ThisReference) 
21245      DEBUG Thread-3        d.u.i.k.j.TypeConverter   typeconverter: (prefix this;, class class de.uka.ilkd.key.java.reference.ThisReference) 
21268      DEBUG Thread-3        d.u.i.k.j.TypeConverter   TypeConverter: FieldReference: this.bankAccounts.length; 
21269      DEBUG Thread-3        d.u.i.k.j.TypeConverter   typeconverter: (prefix this.bankAccounts;, class class de.uka.ilkd.key.java.reference.FieldReference) 
21269      DEBUG Thread-3        d.u.i.k.j.TypeConverter   TypeConverter: FieldReference: this.bankAccounts; 
21269      DEBUG Thread-3        d.u.i.k.j.TypeConverter   typeconverter: (prefix this;, class class de.uka.ilkd.key.java.reference.ThisReference) 
21269      DEBUG Thread-3        d.u.i.k.j.TypeConverter   TypeConverter: FieldReference: this.bankAccounts; 
21269      DEBUG Thread-3        d.u.i.k.j.TypeConverter   typeconverter: (prefix this;, class class de.uka.ilkd.key.java.reference.ThisReference) 
21270      DEBUG Thread-3        d.u.i.k.j.TypeConverter   TypeConverter: FieldReference: this.bankAccounts[0].customerViewOnBankAccount; 
21270      DEBUG Thread-3        d.u.i.k.j.TypeConverter   typeconverter: (prefix this.bankAccounts[0];, class class de.uka.ilkd.key.java.reference.ArrayReference) 
21270      DEBUG Thread-3        d.u.i.k.j.TypeConverter   TypeConverter: FieldReference: this.bankAccounts; 
21270      DEBUG Thread-3        d.u.i.k.j.TypeConverter   typeconverter: (prefix this;, class class de.uka.ilkd.key.java.reference.ThisReference) 
21333      DEBUG Thread-3        d.u.i.k.j.TypeConverter   typeconverter: (prefix this;, class class de.uka.ilkd.key.java.reference.ThisReference) 
21341      DEBUG Thread-3        d.u.i.k.j.TypeConverter   typeconverter: (prefix this;, class class de.uka.ilkd.key.java.reference.ThisReference) 
28022      DEBUG Thread-3        d.u.i.k.j.TypeConverter   typeconverter: (prefix this;, class class de.uka.ilkd.key.java.reference.ThisReference) 
28063      DEBUG Thread-3        d.u.i.k.j.TypeConverter   typeconverter: (prefix this;, class class de.uka.ilkd.key.java.reference.ThisReference) 
28087      DEBUG Thread-3        d.u.i.k.j.TypeConverter   typeconverter: (prefix this;, class class de.uka.ilkd.key.java.reference.ThisReference) 
28117      DEBUG Thread-3        d.u.i.k.j.TypeConverter   typeconverter: (prefix this;, class class de.uka.ilkd.key.java.reference.ThisReference) 
28141      DEBUG Thread-3        d.u.i.k.j.TypeConverter   typeconverter: (prefix this;, class class de.uka.ilkd.key.java.reference.ThisReference) 
28151      DEBUG Thread-3        d.u.i.k.j.TypeConverter   TypeConverter: FieldReference: this.password.length; 
28152      DEBUG Thread-3        d.u.i.k.j.TypeConverter   typeconverter: (prefix this.password;, class class de.uka.ilkd.key.java.reference.FieldReference) 
28152      DEBUG Thread-3        d.u.i.k.j.TypeConverter   TypeConverter: FieldReference: this.password; 
28152      DEBUG Thread-3        d.u.i.k.j.TypeConverter   typeconverter: (prefix this;, class class de.uka.ilkd.key.java.reference.ThisReference) 
28152      DEBUG Thread-3        d.u.i.k.j.TypeConverter   TypeConverter: FieldReference: this.password; 
28152      DEBUG Thread-3        d.u.i.k.j.TypeConverter   typeconverter: (prefix this;, class class de.uka.ilkd.key.java.reference.ThisReference) 
28153      DEBUG Thread-3        d.u.i.k.j.TypeConverter   TypeConverter: FieldReference: this.bankAccounts.length; 
28153      DEBUG Thread-3        d.u.i.k.j.TypeConverter   typeconverter: (prefix this.bankAccounts;, class class de.uka.ilkd.key.java.reference.FieldReference) 
28153      DEBUG Thread-3        d.u.i.k.j.TypeConverter   TypeConverter: FieldReference: this.bankAccounts; 
28153      DEBUG Thread-3        d.u.i.k.j.TypeConverter   typeconverter: (prefix this;, class class de.uka.ilkd.key.java.reference.ThisReference) 
28153      DEBUG Thread-3        d.u.i.k.j.TypeConverter   TypeConverter: FieldReference: this.bankAccounts; 
28154      DEBUG Thread-3        d.u.i.k.j.TypeConverter   typeconverter: (prefix this;, class class de.uka.ilkd.key.java.reference.ThisReference) 
28154      DEBUG Thread-3        d.u.i.k.j.TypeConverter   TypeConverter: FieldReference: this.bankAccounts[0].customerViewOnBankAccount; 
28154      DEBUG Thread-3        d.u.i.k.j.TypeConverter   typeconverter: (prefix this.bankAccounts[0];, class class de.uka.ilkd.key.java.reference.ArrayReference) 
28154      DEBUG Thread-3        d.u.i.k.j.TypeConverter   TypeConverter: FieldReference: this.bankAccounts; 
28154      DEBUG Thread-3        d.u.i.k.j.TypeConverter   typeconverter: (prefix this;, class class de.uka.ilkd.key.java.reference.ThisReference) 
28234      DEBUG Thread-3        d.u.i.k.j.TypeConverter   typeconverter: (prefix this;, class class de.uka.ilkd.key.java.reference.ThisReference) 
28240      DEBUG Thread-3        d.u.i.k.j.TypeConverter   typeconverter: (prefix this;, class class de.uka.ilkd.key.java.reference.ThisReference) 
28267      DEBUG Thread-3        d.u.i.k.j.TypeConverter   typeconverter: (prefix this;, class class de.uka.ilkd.key.java.reference.ThisReference) 
28314      DEBUG Thread-3        d.u.i.k.j.TypeConverter   typeconverter: (prefix this;, class class de.uka.ilkd.key.java.reference.ThisReference) 
28345      DEBUG Thread-3        d.u.i.k.j.TypeConverter   typeconverter: (prefix this;, class class de.uka.ilkd.key.java.reference.ThisReference) 
28361      DEBUG Thread-3        d.u.i.k.j.TypeConverter   TypeConverter: FieldReference: this.bankAccounts.length; 
28361      DEBUG Thread-3        d.u.i.k.j.TypeConverter   typeconverter: (prefix this.bankAccounts;, class class de.uka.ilkd.key.java.reference.FieldReference) 
28361      DEBUG Thread-3        d.u.i.k.j.TypeConverter   TypeConverter: FieldReference: this.bankAccounts; 
28361      DEBUG Thread-3        d.u.i.k.j.TypeConverter   typeconverter: (prefix this;, class class de.uka.ilkd.key.java.reference.ThisReference) 
28362      DEBUG Thread-3        d.u.i.k.j.TypeConverter   TypeConverter: FieldReference: this.bankAccounts; 
28362      DEBUG Thread-3        d.u.i.k.j.TypeConverter   typeconverter: (prefix this;, class class de.uka.ilkd.key.java.reference.ThisReference) 
28362      DEBUG Thread-3        d.u.i.k.j.TypeConverter   TypeConverter: FieldReference: this.bankAccounts[0].customerViewOnBankAccount; 
28362      DEBUG Thread-3        d.u.i.k.j.TypeConverter   typeconverter: (prefix this.bankAccounts[0];, class class de.uka.ilkd.key.java.reference.ArrayReference) 
28362      DEBUG Thread-3        d.u.i.k.j.TypeConverter   TypeConverter: FieldReference: this.bankAccounts; 
28362      DEBUG Thread-3        d.u.i.k.j.TypeConverter   typeconverter: (prefix this;, class class de.uka.ilkd.key.java.reference.ThisReference) 
28411      DEBUG Thread-3        d.u.i.k.j.TypeConverter   typeconverter: (prefix this;, class class de.uka.ilkd.key.java.reference.ThisReference) 
28418      DEBUG Thread-3        d.u.i.k.j.TypeConverter   typeconverter: (prefix this;, class class de.uka.ilkd.key.java.reference.ThisReference) 
34841      DEBUG Thread-3        d.u.i.k.j.TypeConverter   typeconverter: (prefix this;, class class de.uka.ilkd.key.java.reference.ThisReference) 
35205      INFO  main            d.u.i.k.p.r.p.TestFile    ... finished proof: closed. 
35418      DEBUG main            d.u.i.k.s.TermLabelSettings TermLabelSettings: Failure while reading the setting "UseOriginLabels".Using the default value: true.The string read was: null 
35418      INFO  main            d.u.i.k.p.r.p.TestFile    Now processing file /home/runner/work/key/key/key.core/../key.ui/examples/InformationFlow/ToyBanking/banking_example.UserAccount(java.lang.Object___inv_()).JML accessible clause.0.key 
36454      DEBUG main            d.u.i.k.j.Recoder2KeY     converting now /home/runner/work/key/key/key.core/../key.ui/examples/InformationFlow/ToyBanking/src/banking_example/UserAccount.java 
36458      DEBUG main            d.u.i.k.j.Recoder2KeY     converting now /home/runner/work/key/key/key.core/../key.ui/examples/InformationFlow/ToyBanking/src/banking_example/Bank.java 
36461      DEBUG main            d.u.i.k.j.Recoder2KeY     converting now /home/runner/work/key/key/key.core/../key.ui/examples/InformationFlow/ToyBanking/src/banking_example/BankAccount.java 
36467      DEBUG main            d.u.i.k.s.TermLabelSettings TermLabelSettings: Failure while reading the setting "UseOriginLabels".Using the default value: true.The string read was: null 
36468      DEBUG main            d.u.i.k.p.i.KeYFile       Reading KeY file /home/runner/work/key/key/key.core/../key.ui/examples/InformationFlow/ToyBanking/banking_example.UserAccount(java.lang.Object___inv_()).JML accessible clause.0.key 
36469      DEBUG main            d.u.i.k.p.i.KeYFile       Reading KeY file file:/home/runner/work/key/key/key.core/build/resources/main/de/uka/ilkd/key/java/JavaRedux/java/lang/String.key 
36472      DEBUG main            d.u.i.k.p.i.KeYFile       Read specifications obtained when parsing the Java files (usually JML and Strings.key) from file:/home/runner/work/key/key/key.core/build/resources/main/de/uka/ilkd/key/java/JavaRedux/java/lang/String.key 
38347      DEBUG main            d.u.i.k.p.i.KeYFile       Read specifications obtained when parsing the Java files (usually JML and Strings.key) from /home/runner/work/key/key/key.core/../key.ui/examples/InformationFlow/ToyBanking/banking_example.UserAccount(java.lang.Object___inv_()).JML accessible clause.0.key 
43620      INFO  main            d.u.i.k.p.r.p.TestFile    ... finished proof: closed. 
43782      DEBUG main            d.u.i.k.s.TermLabelSettings TermLabelSettings: Failure while reading the setting "UseOriginLabels".Using the default value: true.The string read was: null 
43782      INFO  main            d.u.i.k.p.r.p.TestFile    Now processing file /home/runner/work/key/key/key.core/../key.ui/examples/InformationFlow/ToyBanking/banking_example.BankAccount(banking_example.BankAccount__depositMoney(int)).JML normal_behavior operation contract.0.key 
44780      DEBUG main            d.u.i.k.j.Recoder2KeY     converting now /home/runner/work/key/key/key.core/../key.ui/examples/InformationFlow/ToyBanking/src/banking_example/UserAccount.java 
44783      DEBUG main            d.u.i.k.j.Recoder2KeY     converting now /home/runner/work/key/key/key.core/../key.ui/examples/InformationFlow/ToyBanking/src/banking_example/Bank.java 
44785      DEBUG main            d.u.i.k.j.Recoder2KeY     converting now /home/runner/work/key/key/key.core/../key.ui/examples/InformationFlow/ToyBanking/src/banking_example/BankAccount.java 
44790      DEBUG main            d.u.i.k.s.TermLabelSettings TermLabelSettings: Failure while reading the setting "UseOriginLabels".Using the default value: true.The string read was: null 
44790      DEBUG main            d.u.i.k.p.i.KeYFile       Reading KeY file /home/runner/work/key/key/key.core/../key.ui/examples/InformationFlow/ToyBanking/banking_example.BankAccount(banking_example.BankAccount__depositMoney(int)).JML normal_behavior operation contract.0.key 
44791      DEBUG main            d.u.i.k.p.i.KeYFile       Reading KeY file file:/home/runner/work/key/key/key.core/build/resources/main/de/uka/ilkd/key/java/JavaRedux/java/lang/String.key 
44794      DEBUG main            d.u.i.k.p.i.KeYFile       Read specifications obtained when parsing the Java files (usually JML and Strings.key) from file:/home/runner/work/key/key/key.core/build/resources/main/de/uka/ilkd/key/java/JavaRedux/java/lang/String.key 
46660      DEBUG main            d.u.i.k.p.i.KeYFile       Read specifications obtained when parsing the Java files (usually JML and Strings.key) from /home/runner/work/key/key/key.core/../key.ui/examples/InformationFlow/ToyBanking/banking_example.BankAccount(banking_example.BankAccount__depositMoney(int)).JML normal_behavior operation contract.0.key 
46743      DEBUG Thread-7        d.u.i.k.j.TypeConverter   typeconverter: (prefix this;, class class de.uka.ilkd.key.java.reference.ThisReference) 
46751      DEBUG Thread-7        d.u.i.k.j.TypeConverter   typeconverter: (prefix this;, class class de.uka.ilkd.key.java.reference.ThisReference) 
46761      DEBUG Thread-7        d.u.i.k.j.TypeConverter   typeconverter: (prefix this;, class class de.uka.ilkd.key.java.reference.ThisReference) 
46778      DEBUG Thread-7        d.u.i.k.j.TypeConverter   typeconverter: (prefix this;, class class de.uka.ilkd.key.java.reference.ThisReference) 
46789      DEBUG Thread-7        d.u.i.k.j.TypeConverter   typeconverter: (prefix this;, class class de.uka.ilkd.key.java.reference.ThisReference) 
46792      DEBUG Thread-7        d.u.i.k.j.TypeConverter   typeconverter: (prefix this;, class class de.uka.ilkd.key.java.reference.ThisReference) 
47025      INFO  main            d.u.i.k.p.r.p.TestFile    ... finished proof: closed. 
47163      DEBUG main            d.u.i.k.s.TermLabelSettings TermLabelSettings: Failure while reading the setting "UseOriginLabels".Using the default value: true.The string read was: null 
47163      INFO  main            d.u.i.k.p.r.p.TestFile    Now processing file /home/runner/work/key/key/key.core/../key.ui/examples/InformationFlow/ToyBanking/banking_example.BankAccount(banking_example.BankAccount__getBalance()).JML normal_behavior operation contract.0.key 
48108      DEBUG main            d.u.i.k.j.Recoder2KeY     converting now /home/runner/work/key/key/key.core/../key.ui/examples/InformationFlow/ToyBanking/src/banking_example/UserAccount.java 
48111      DEBUG main            d.u.i.k.j.Recoder2KeY     converting now /home/runner/work/key/key/key.core/../key.ui/examples/InformationFlow/ToyBanking/src/banking_example/Bank.java 
48112      DEBUG main            d.u.i.k.j.Recoder2KeY     converting now /home/runner/work/key/key/key.core/../key.ui/examples/InformationFlow/ToyBanking/src/banking_example/BankAccount.java 
48117      DEBUG main            d.u.i.k.s.TermLabelSettings TermLabelSettings: Failure while reading the setting "UseOriginLabels".Using the default value: true.The string read was: null 
48117      DEBUG main            d.u.i.k.p.i.KeYFile       Reading KeY file /home/runner/work/key/key/key.core/../key.ui/examples/InformationFlow/ToyBanking/banking_example.BankAccount(banking_example.BankAccount__getBalance()).JML normal_behavior operation contract.0.key 
48119      DEBUG main            d.u.i.k.p.i.KeYFile       Reading KeY file file:/home/runner/work/key/key/key.core/build/resources/main/de/uka/ilkd/key/java/JavaRedux/java/lang/String.key 
48121      DEBUG main            d.u.i.k.p.i.KeYFile       Read specifications obtained when parsing the Java files (usually JML and Strings.key) from file:/home/runner/work/key/key/key.core/build/resources/main/de/uka/ilkd/key/java/JavaRedux/java/lang/String.key 
50013      DEBUG main            d.u.i.k.p.i.KeYFile       Read specifications obtained when parsing the Java files (usually JML and Strings.key) from /home/runner/work/key/key/key.core/../key.ui/examples/InformationFlow/ToyBanking/banking_example.BankAccount(banking_example.BankAccount__getBalance()).JML normal_behavior operation contract.0.key 
50082      DEBUG Thread-9        d.u.i.k.j.TypeConverter   typeconverter: (prefix this;, class class de.uka.ilkd.key.java.reference.ThisReference) 
50173      INFO  main            d.u.i.k.p.r.p.TestFile    ... finished proof: closed. 
50299      DEBUG main            d.u.i.k.s.TermLabelSettings TermLabelSettings: Failure while reading the setting "UseOriginLabels".Using the default value: true.The string read was: null 
50299      INFO  main            d.u.i.k.p.r.p.TestFile    Now processing file /home/runner/work/key/key/key.core/../key.ui/examples/InformationFlow/ToyBanking/banking_example.BankAccount(banking_example.BankAccount__getId()).JML normal_behavior operation contract.0.key 
51242      DEBUG main            d.u.i.k.j.Recoder2KeY     converting now /home/runner/work/key/key/key.core/../key.ui/examples/InformationFlow/ToyBanking/src/banking_example/UserAccount.java 
51244      DEBUG main            d.u.i.k.j.Recoder2KeY     converting now /home/runner/work/key/key/key.core/../key.ui/examples/InformationFlow/ToyBanking/src/banking_example/Bank.java 
51245      DEBUG main            d.u.i.k.j.Recoder2KeY     converting now /home/runner/work/key/key/key.core/../key.ui/examples/InformationFlow/ToyBanking/src/banking_example/BankAccount.java 
51250      DEBUG main            d.u.i.k.s.TermLabelSettings TermLabelSettings: Failure while reading the setting "UseOriginLabels".Using the default value: true.The string read was: null 
51250      DEBUG main            d.u.i.k.p.i.KeYFile       Reading KeY file /home/runner/work/key/key/key.core/../key.ui/examples/InformationFlow/ToyBanking/banking_example.BankAccount(banking_example.BankAccount__getId()).JML normal_behavior operation contract.0.key 
51251      DEBUG main            d.u.i.k.p.i.KeYFile       Reading KeY file file:/home/runner/work/key/key/key.core/build/resources/main/de/uka/ilkd/key/java/JavaRedux/java/lang/String.key 
51254      DEBUG main            d.u.i.k.p.i.KeYFile       Read specifications obtained when parsing the Java files (usually JML and Strings.key) from file:/home/runner/work/key/key/key.core/build/resources/main/de/uka/ilkd/key/java/JavaRedux/java/lang/String.key 
53127      DEBUG main            d.u.i.k.p.i.KeYFile       Read specifications obtained when parsing the Java files (usually JML and Strings.key) from /home/runner/work/key/key/key.core/../key.ui/examples/InformationFlow/ToyBanking/banking_example.BankAccount(banking_example.BankAccount__getId()).JML normal_behavior operation contract.0.key 
53194      DEBUG Thread-11       d.u.i.k.j.TypeConverter   typeconverter: (prefix this;, class class de.uka.ilkd.key.java.reference.ThisReference) 
53285      INFO  main            d.u.i.k.p.r.p.TestFile    ... finished proof: closed. 
53447      DEBUG main            d.u.i.k.s.TermLabelSettings TermLabelSettings: Failure while reading the setting "UseOriginLabels".Using the default value: true.The string read was: null 
53447      INFO  main            d.u.i.k.p.r.p.TestFile    Now processing file /home/runner/work/key/key/key.core/../key.ui/examples/InformationFlow/ToyBanking/banking_example.Bank(banking_example.Bank__login(int,(C)).JML normal_behavior operation contract.0.key 
54374      DEBUG main            d.u.i.k.j.Recoder2KeY     converting now /home/runner/work/key/key/key.core/../key.ui/examples/InformationFlow/ToyBanking/src/banking_example/UserAccount.java 
54376      DEBUG main            d.u.i.k.j.Recoder2KeY     converting now /home/runner/work/key/key/key.core/../key.ui/examples/InformationFlow/ToyBanking/src/banking_example/Bank.java 
54377      DEBUG main            d.u.i.k.j.Recoder2KeY     converting now /home/runner/work/key/key/key.core/../key.ui/examples/InformationFlow/ToyBanking/src/banking_example/BankAccount.java 
54382      DEBUG main            d.u.i.k.s.TermLabelSettings TermLabelSettings: Failure while reading the setting "UseOriginLabels".Using the default value: true.The string read was: null 
54382      DEBUG main            d.u.i.k.p.i.KeYFile       Reading KeY file /home/runner/work/key/key/key.core/../key.ui/examples/InformationFlow/ToyBanking/banking_example.Bank(banking_example.Bank__login(int,(C)).JML normal_behavior operation contract.0.key 
54383      DEBUG main            d.u.i.k.p.i.KeYFile       Reading KeY file file:/home/runner/work/key/key/key.core/build/resources/main/de/uka/ilkd/key/java/JavaRedux/java/lang/String.key 
54386      DEBUG main            d.u.i.k.p.i.KeYFile       Read specifications obtained when parsing the Java files (usually JML and Strings.key) from file:/home/runner/work/key/key/key.core/build/resources/main/de/uka/ilkd/key/java/JavaRedux/java/lang/String.key 
56244      DEBUG main            d.u.i.k.p.i.KeYFile       Read specifications obtained when parsing the Java files (usually JML and Strings.key) from /home/runner/work/key/key/key.core/../key.ui/examples/InformationFlow/ToyBanking/banking_example.Bank(banking_example.Bank__login(int,(C)).JML normal_behavior operation contract.0.key 
56462      DEBUG Thread-13       d.u.i.k.j.TypeConverter   typeconverter: (prefix this;, class class de.uka.ilkd.key.java.reference.ThisReference) 
56496      DEBUG Thread-13       d.u.i.k.j.TypeConverter   typeconverter: (prefix this;, class class de.uka.ilkd.key.java.reference.ThisReference) 
59846      DEBUG Thread-13       d.u.i.k.j.TypeConverter   typeconverter: (prefix this;, class class de.uka.ilkd.key.java.reference.ThisReference) 
62574      INFO  main            d.u.i.k.p.r.p.TestFile    ... finished proof: closed. 
62764      DEBUG main            d.u.i.k.s.TermLabelSettings TermLabelSettings: Failure while reading the setting "UseOriginLabels".Using the default value: true.The string read was: null 
62764      INFO  main            d.u.i.k.p.r.p.TestFile    Now processing file /home/runner/work/key/key/key.core/../key.ui/examples/InformationFlow/ToyBanking/banking_example2.UserAccount(banking_example2.UserAccount__getBankAccount(int)).JML normal_behavior operation contract.0.key 
63699      DEBUG main            d.u.i.k.j.Recoder2KeY     converting now /home/runner/work/key/key/key.core/../key.ui/examples/InformationFlow/ToyBanking/src/banking_example2/UserAccount.java 
63704      DEBUG main            d.u.i.k.j.Recoder2KeY     converting now /home/runner/work/key/key/key.core/../key.ui/examples/InformationFlow/ToyBanking/src/banking_example2/Bank.java 
63706      DEBUG main            d.u.i.k.j.Recoder2KeY     converting now /home/runner/work/key/key/key.core/../key.ui/examples/InformationFlow/ToyBanking/src/banking_example2/BankAccount.java 
63712      DEBUG main            d.u.i.k.s.TermLabelSettings TermLabelSettings: Failure while reading the setting "UseOriginLabels".Using the default value: true.The string read was: null 
63713      DEBUG main            d.u.i.k.p.i.KeYFile       Reading KeY file /home/runner/work/key/key/key.core/../key.ui/examples/InformationFlow/ToyBanking/banking_example2.UserAccount(banking_example2.UserAccount__getBankAccount(int)).JML normal_behavior operation contract.0.key 
63714      DEBUG main            d.u.i.k.p.i.KeYFile       Reading KeY file file:/home/runner/work/key/key/key.core/build/resources/main/de/uka/ilkd/key/java/JavaRedux/java/lang/String.key 
63716      DEBUG main            d.u.i.k.p.i.KeYFile       Read specifications obtained when parsing the Java files (usually JML and Strings.key) from file:/home/runner/work/key/key/key.core/build/resources/main/de/uka/ilkd/key/java/JavaRedux/java/lang/String.key 
65504      DEBUG main            d.u.i.k.p.i.KeYFile       Read specifications obtained when parsing the Java files (usually JML and Strings.key) from /home/runner/work/key/key/key.core/../key.ui/examples/InformationFlow/ToyBanking/banking_example2.UserAccount(banking_example2.UserAccount__getBankAccount(int)).JML normal_behavior operation contract.0.key 
65723      DEBUG Thread-15       d.u.i.k.j.TypeConverter   typeconverter: (prefix this;, class class de.uka.ilkd.key.java.reference.ThisReference) 
65751      DEBUG Thread-15       d.u.i.k.j.TypeConverter   typeconverter: (prefix this;, class class de.uka.ilkd.key.java.reference.ThisReference) 
65979      INFO  main            d.u.i.k.p.r.p.TestFile    ... finished proof: closed. 
66123      DEBUG main            d.u.i.k.s.TermLabelSettings TermLabelSettings: Failure while reading the setting "UseOriginLabels".Using the default value: true.The string read was: null 
66123      INFO  main            d.u.i.k.p.r.p.TestFile    Now processing file /home/runner/work/key/key/key.core/../key.ui/examples/InformationFlow/ToyBanking/banking_example2.UserAccount(banking_example2.UserAccount__tryLogin(int,(C)).JML normal_behavior operation contract.0.key 
67035      DEBUG main            d.u.i.k.j.Recoder2KeY     converting now /home/runner/work/key/key/key.core/../key.ui/examples/InformationFlow/ToyBanking/src/banking_example2/UserAccount.java 
67037      DEBUG main            d.u.i.k.j.Recoder2KeY     converting now /home/runner/work/key/key/key.core/../key.ui/examples/InformationFlow/ToyBanking/src/banking_example2/Bank.java 
67038      DEBUG main            d.u.i.k.j.Recoder2KeY     converting now /home/runner/work/key/key/key.core/../key.ui/examples/InformationFlow/ToyBanking/src/banking_example2/BankAccount.java 
67043      DEBUG main            d.u.i.k.s.TermLabelSettings TermLabelSettings: Failure while reading the setting "UseOriginLabels".Using the default value: true.The string read was: null 
67043      DEBUG main            d.u.i.k.p.i.KeYFile       Reading KeY file /home/runner/work/key/key/key.core/../key.ui/examples/InformationFlow/ToyBanking/banking_example2.UserAccount(banking_example2.UserAccount__tryLogin(int,(C)).JML normal_behavior operation contract.0.key 
67044      DEBUG main            d.u.i.k.p.i.KeYFile       Reading KeY file file:/home/runner/work/key/key/key.core/build/resources/main/de/uka/ilkd/key/java/JavaRedux/java/lang/String.key 
67046      DEBUG main            d.u.i.k.p.i.KeYFile       Read specifications obtained when parsing the Java files (usually JML and Strings.key) from file:/home/runner/work/key/key/key.core/build/resources/main/de/uka/ilkd/key/java/JavaRedux/java/lang/String.key 
68793      DEBUG main            d.u.i.k.p.i.KeYFile       Read specifications obtained when parsing the Java files (usually JML and Strings.key) from /home/runner/work/key/key/key.core/../key.ui/examples/InformationFlow/ToyBanking/banking_example2.UserAccount(banking_example2.UserAccount__tryLogin(int,(C)).JML normal_behavior operation contract.0.key 
68964      DEBUG Thread-17       d.u.i.k.j.TypeConverter   typeconverter: (prefix this;, class class de.uka.ilkd.key.java.reference.ThisReference) 
68992      DEBUG Thread-17       d.u.i.k.j.TypeConverter   typeconverter: (prefix this;, class class de.uka.ilkd.key.java.reference.ThisReference) 
69028      DEBUG Thread-17       d.u.i.k.r.m.WhileLoopTransformation While-Loop-Tranform-Result: {
  int i = 0;
  while (i < _password.length && pwdCorrect) {
    {
      pwdCorrect = (this.password[i] == _password[i]);
    }
    i++;
  }
} 
69052      DEBUG Thread-17       d.u.i.k.r.m.WhileLoopTransformation While-Loop-Tranform-Result: try {
  {
    if (i < _password.length && pwdCorrect) {
      {
        pwdCorrect = (this.password[i] == _password[i]);
      }
      i++;
    }
  }
} catch (java.lang.Throwable e#4) {
  exc#3 = true;
  thrownExc#5 = e#4;
} 
69304      DEBUG Thread-17       d.u.i.k.j.TypeConverter   typeconverter: (prefix this;, class class de.uka.ilkd.key.java.reference.ThisReference) 
69338      DEBUG Thread-17       d.u.i.k.j.TypeConverter   typeconverter: (prefix this;, class class de.uka.ilkd.key.java.reference.ThisReference) 
69426      DEBUG Thread-17       d.u.i.k.j.TypeConverter   typeconverter: (prefix this;, class class de.uka.ilkd.key.java.reference.ThisReference) 
69450      DEBUG Thread-17       d.u.i.k.j.TypeConverter   typeconverter: (prefix this;, class class de.uka.ilkd.key.java.reference.ThisReference) 
69474      DEBUG Thread-17       d.u.i.k.j.TypeConverter   typeconverter: (prefix this;, class class de.uka.ilkd.key.java.reference.ThisReference) 
69499      DEBUG Thread-17       d.u.i.k.j.TypeConverter   typeconverter: (prefix this;, class class de.uka.ilkd.key.java.reference.ThisReference) 
69509      DEBUG Thread-17       d.u.i.k.j.TypeConverter   TypeConverter: FieldReference: this.password.length; 
69510      DEBUG Thread-17       d.u.i.k.j.TypeConverter   typeconverter: (prefix this.password;, class class de.uka.ilkd.key.java.reference.FieldReference) 
69510      DEBUG Thread-17       d.u.i.k.j.TypeConverter   TypeConverter: FieldReference: this.password; 
69510      DEBUG Thread-17       d.u.i.k.j.TypeConverter   typeconverter: (prefix this;, class class de.uka.ilkd.key.java.reference.ThisReference) 
69510      DEBUG Thread-17       d.u.i.k.j.TypeConverter   TypeConverter: FieldReference: this.password; 
69510      DEBUG Thread-17       d.u.i.k.j.TypeConverter   typeconverter: (prefix this;, class class de.uka.ilkd.key.java.reference.ThisReference) 
69511      DEBUG Thread-17       d.u.i.k.j.TypeConverter   TypeConverter: FieldReference: this.bankAccounts.length; 
69511      DEBUG Thread-17       d.u.i.k.j.TypeConverter   typeconverter: (prefix this.bankAccounts;, class class de.uka.ilkd.key.java.reference.FieldReference) 
69511      DEBUG Thread-17       d.u.i.k.j.TypeConverter   TypeConverter: FieldReference: this.bankAccounts; 
69511      DEBUG Thread-17       d.u.i.k.j.TypeConverter   typeconverter: (prefix this;, class class de.uka.ilkd.key.java.reference.ThisReference) 
69511      DEBUG Thread-17       d.u.i.k.j.TypeConverter   TypeConverter: FieldReference: this.bankAccounts; 
69511      DEBUG Thread-17       d.u.i.k.j.TypeConverter   typeconverter: (prefix this;, class class de.uka.ilkd.key.java.reference.ThisReference) 
69511      DEBUG Thread-17       d.u.i.k.j.TypeConverter   TypeConverter: FieldReference: this.bankAccounts[0].customerViewOnBankAccount; 
69512      DEBUG Thread-17       d.u.i.k.j.TypeConverter   typeconverter: (prefix this.bankAccounts[0];, class class de.uka.ilkd.key.java.reference.ArrayReference) 
69512      DEBUG Thread-17       d.u.i.k.j.TypeConverter   TypeConverter: FieldReference: this.bankAccounts; 
69512      DEBUG Thread-17       d.u.i.k.j.TypeConverter   typeconverter: (prefix this;, class class de.uka.ilkd.key.java.reference.ThisReference) 
69544      DEBUG Thread-17       d.u.i.k.j.TypeConverter   typeconverter: (prefix this;, class class de.uka.ilkd.key.java.reference.ThisReference) 
69550      DEBUG Thread-17       d.u.i.k.j.TypeConverter   typeconverter: (prefix this;, class class de.uka.ilkd.key.java.reference.ThisReference) 
69578      DEBUG Thread-17       d.u.i.k.j.TypeConverter   typeconverter: (prefix this;, class class de.uka.ilkd.key.java.reference.ThisReference) 
69610      DEBUG Thread-17       d.u.i.k.j.TypeConverter   typeconverter: (prefix this;, class class de.uka.ilkd.key.java.reference.ThisReference) 
69642      DEBUG Thread-17       d.u.i.k.j.TypeConverter   typeconverter: (prefix this;, class class de.uka.ilkd.key.java.reference.ThisReference) 
69659      DEBUG Thread-17       d.u.i.k.j.TypeConverter   TypeConverter: FieldReference: this.bankAccounts.length; 
69660      DEBUG Thread-17       d.u.i.k.j.TypeConverter   typeconverter: (prefix this.bankAccounts;, class class de.uka.ilkd.key.java.reference.FieldReference) 
69660      DEBUG Thread-17       d.u.i.k.j.TypeConverter   TypeConverter: FieldReference: this.bankAccounts; 
69660      DEBUG Thread-17       d.u.i.k.j.TypeConverter   typeconverter: (prefix this;, class class de.uka.ilkd.key.java.reference.ThisReference) 
69660      DEBUG Thread-17       d.u.i.k.j.TypeConverter   TypeConverter: FieldReference: this.bankAccounts; 
69660      DEBUG Thread-17       d.u.i.k.j.TypeConverter   typeconverter: (prefix this;, class class de.uka.ilkd.key.java.reference.ThisReference) 
69660      DEBUG Thread-17       d.u.i.k.j.TypeConverter   TypeConverter: FieldReference: this.bankAccounts[0].customerViewOnBankAccount; 
69660      DEBUG Thread-17       d.u.i.k.j.TypeConverter   typeconverter: (prefix this.bankAccounts[0];, class class de.uka.ilkd.key.java.reference.ArrayReference) 
69660      DEBUG Thread-17       d.u.i.k.j.TypeConverter   TypeConverter: FieldReference: this.bankAccounts; 
69660      DEBUG Thread-17       d.u.i.k.j.TypeConverter   typeconverter: (prefix this;, class class de.uka.ilkd.key.java.reference.ThisReference) 
69699      DEBUG Thread-17       d.u.i.k.j.TypeConverter   typeconverter: (prefix this;, class class de.uka.ilkd.key.java.reference.ThisReference) 
69707      DEBUG Thread-17       d.u.i.k.j.TypeConverter   typeconverter: (prefix this;, class class de.uka.ilkd.key.java.reference.ThisReference) 
75305      DEBUG Thread-17       d.u.i.k.j.TypeConverter   typeconverter: (prefix this;, class class de.uka.ilkd.key.java.reference.ThisReference) 
75316      DEBUG Thread-17       d.u.i.k.j.TypeConverter   typeconverter: (prefix this;, class class de.uka.ilkd.key.java.reference.ThisReference) 
75335      DEBUG Thread-17       d.u.i.k.j.TypeConverter   typeconverter: (prefix this;, class class de.uka.ilkd.key.java.reference.ThisReference) 
75360      DEBUG Thread-17       d.u.i.k.j.TypeConverter   typeconverter: (prefix this;, class class de.uka.ilkd.key.java.reference.ThisReference) 
75389      DEBUG Thread-17       d.u.i.k.j.TypeConverter   typeconverter: (prefix this;, class class de.uka.ilkd.key.java.reference.ThisReference) 
75413      DEBUG Thread-17       d.u.i.k.j.TypeConverter   typeconverter: (prefix this;, class class de.uka.ilkd.key.java.reference.ThisReference) 
75424      DEBUG Thread-17       d.u.i.k.j.TypeConverter   TypeConverter: FieldReference: this.password.length; 
75424      DEBUG Thread-17       d.u.i.k.j.TypeConverter   typeconverter: (prefix this.password;, class class de.uka.ilkd.key.java.reference.FieldReference) 
75424      DEBUG Thread-17       d.u.i.k.j.TypeConverter   TypeConverter: FieldReference: this.password; 
75424      DEBUG Thread-17       d.u.i.k.j.TypeConverter   typeconverter: (prefix this;, class class de.uka.ilkd.key.java.reference.ThisReference) 
75424      DEBUG Thread-17       d.u.i.k.j.TypeConverter   TypeConverter: FieldReference: this.password; 
75424      DEBUG Thread-17       d.u.i.k.j.TypeConverter   typeconverter: (prefix this;, class class de.uka.ilkd.key.java.reference.ThisReference) 
75424      DEBUG Thread-17       d.u.i.k.j.TypeConverter   TypeConverter: FieldReference: this.bankAccounts.length; 
75424      DEBUG Thread-17       d.u.i.k.j.TypeConverter   typeconverter: (prefix this.bankAccounts;, class class de.uka.ilkd.key.java.reference.FieldReference) 
75424      DEBUG Thread-17       d.u.i.k.j.TypeConverter   TypeConverter: FieldReference: this.bankAccounts; 
75424      DEBUG Thread-17       d.u.i.k.j.TypeConverter   typeconverter: (prefix this;, class class de.uka.ilkd.key.java.reference.ThisReference) 
75424      DEBUG Thread-17       d.u.i.k.j.TypeConverter   TypeConverter: FieldReference: this.bankAccounts; 
75424      DEBUG Thread-17       d.u.i.k.j.TypeConverter   typeconverter: (prefix this;, class class de.uka.ilkd.key.java.reference.ThisReference) 
75424      DEBUG Thread-17       d.u.i.k.j.TypeConverter   TypeConverter: FieldReference: this.bankAccounts[0].customerViewOnBankAccount; 
75424      DEBUG Thread-17       d.u.i.k.j.TypeConverter   typeconverter: (prefix this.bankAccounts[0];, class class de.uka.ilkd.key.java.reference.ArrayReference) 
75424      DEBUG Thread-17       d.u.i.k.j.TypeConverter   TypeConverter: FieldReference: this.bankAccounts; 
75424      DEBUG Thread-17       d.u.i.k.j.TypeConverter   typeconverter: (prefix this;, class class de.uka.ilkd.key.java.reference.ThisReference) 
75467      DEBUG Thread-17       d.u.i.k.j.TypeConverter   typeconverter: (prefix this;, class class de.uka.ilkd.key.java.reference.ThisReference) 
75473      DEBUG Thread-17       d.u.i.k.j.TypeConverter   typeconverter: (prefix this;, class class de.uka.ilkd.key.java.reference.ThisReference) 
75499      DEBUG Thread-17       d.u.i.k.j.TypeConverter   typeconverter: (prefix this;, class class de.uka.ilkd.key.java.reference.ThisReference) 
75532      DEBUG Thread-17       d.u.i.k.j.TypeConverter   typeconverter: (prefix this;, class class de.uka.ilkd.key.java.reference.ThisReference) 
75566      DEBUG Thread-17       d.u.i.k.j.TypeConverter   typeconverter: (prefix this;, class class de.uka.ilkd.key.java.reference.ThisReference) 
75584      DEBUG Thread-17       d.u.i.k.j.TypeConverter   TypeConverter: FieldReference: this.bankAccounts.length; 
75584      DEBUG Thread-17       d.u.i.k.j.TypeConverter   typeconverter: (prefix this.bankAccounts;, class class de.uka.ilkd.key.java.reference.FieldReference) 
75584      DEBUG Thread-17       d.u.i.k.j.TypeConverter   TypeConverter: FieldReference: this.bankAccounts; 
75584      DEBUG Thread-17       d.u.i.k.j.TypeConverter   typeconverter: (prefix this;, class class de.uka.ilkd.key.java.reference.ThisReference) 
75584      DEBUG Thread-17       d.u.i.k.j.TypeConverter   TypeConverter: FieldReference: this.bankAccounts; 
75584      DEBUG Thread-17       d.u.i.k.j.TypeConverter   typeconverter: (prefix this;, class class de.uka.ilkd.key.java.reference.ThisReference) 
75584      DEBUG Thread-17       d.u.i.k.j.TypeConverter   TypeConverter: FieldReference: this.bankAccounts[0].customerViewOnBankAccount; 
75584      DEBUG Thread-17       d.u.i.k.j.TypeConverter   typeconverter: (prefix this.bankAccounts[0];, class class de.uka.ilkd.key.java.reference.ArrayReference) 
75584      DEBUG Thread-17       d.u.i.k.j.TypeConverter   TypeConverter: FieldReference: this.bankAccounts; 
75584      DEBUG Thread-17       d.u.i.k.j.TypeConverter   typeconverter: (prefix this;, class class de.uka.ilkd.key.java.reference.ThisReference) 
75634      DEBUG Thread-17       d.u.i.k.j.TypeConverter   typeconverter: (prefix this;, class class de.uka.ilkd.key.java.reference.ThisReference) 
75641      DEBUG Thread-17       d.u.i.k.j.TypeConverter   typeconverter: (prefix this;, class class de.uka.ilkd.key.java.reference.ThisReference) 
82118      DEBUG Thread-17       d.u.i.k.j.TypeConverter   typeconverter: (prefix this;, class class de.uka.ilkd.key.java.reference.ThisReference) 
82157      DEBUG Thread-17       d.u.i.k.j.TypeConverter   typeconverter: (prefix this;, class class de.uka.ilkd.key.java.reference.ThisReference) 
82180      DEBUG Thread-17       d.u.i.k.j.TypeConverter   typeconverter: (prefix this;, class class de.uka.ilkd.key.java.reference.ThisReference) 
82208      DEBUG Thread-17       d.u.i.k.j.TypeConverter   typeconverter: (prefix this;, class class de.uka.ilkd.key.java.reference.ThisReference) 
82231      DEBUG Thread-17       d.u.i.k.j.TypeConverter   typeconverter: (prefix this;, class class de.uka.ilkd.key.java.reference.ThisReference) 
82242      DEBUG Thread-17       d.u.i.k.j.TypeConverter   TypeConverter: FieldReference: this.password.length; 
82242      DEBUG Thread-17       d.u.i.k.j.TypeConverter   typeconverter: (prefix this.password;, class class de.uka.ilkd.key.java.reference.FieldReference) 
82242      DEBUG Thread-17       d.u.i.k.j.TypeConverter   TypeConverter: FieldReference: this.password; 
82242      DEBUG Thread-17       d.u.i.k.j.TypeConverter   typeconverter: (prefix this;, class class de.uka.ilkd.key.java.reference.ThisReference) 
82242      DEBUG Thread-17       d.u.i.k.j.TypeConverter   TypeConverter: FieldReference: this.password; 
82242      DEBUG Thread-17       d.u.i.k.j.TypeConverter   typeconverter: (prefix this;, class class de.uka.ilkd.key.java.reference.ThisReference) 
82242      DEBUG Thread-17       d.u.i.k.j.TypeConverter   TypeConverter: FieldReference: this.bankAccounts.length; 
82242      DEBUG Thread-17       d.u.i.k.j.TypeConverter   typeconverter: (prefix this.bankAccounts;, class class de.uka.ilkd.key.java.reference.FieldReference) 
82242      DEBUG Thread-17       d.u.i.k.j.TypeConverter   TypeConverter: FieldReference: this.bankAccounts; 
82242      DEBUG Thread-17       d.u.i.k.j.TypeConverter   typeconverter: (prefix this;, class class de.uka.ilkd.key.java.reference.ThisReference) 
82242      DEBUG Thread-17       d.u.i.k.j.TypeConverter   TypeConverter: FieldReference: this.bankAccounts; 
82242      DEBUG Thread-17       d.u.i.k.j.TypeConverter   typeconverter: (prefix this;, class class de.uka.ilkd.key.java.reference.ThisReference) 
82242      DEBUG Thread-17       d.u.i.k.j.TypeConverter   TypeConverter: FieldReference: this.bankAccounts[0].customerViewOnBankAccount; 
82242      DEBUG Thread-17       d.u.i.k.j.TypeConverter   typeconverter: (prefix this.bankAccounts[0];, class class de.uka.ilkd.key.java.reference.ArrayReference) 
82242      DEBUG Thread-17       d.u.i.k.j.TypeConverter   TypeConverter: FieldReference: this.bankAccounts; 
82242      DEBUG Thread-17       d.u.i.k.j.TypeConverter   typeconverter: (prefix this;, class class de.uka.ilkd.key.java.reference.ThisReference) 
82285      DEBUG Thread-17       d.u.i.k.j.TypeConverter   typeconverter: (prefix this;, class class de.uka.ilkd.key.java.reference.ThisReference) 
82291      DEBUG Thread-17       d.u.i.k.j.TypeConverter   typeconverter: (prefix this;, class class de.uka.ilkd.key.java.reference.ThisReference) 
82317      DEBUG Thread-17       d.u.i.k.j.TypeConverter   typeconverter: (prefix this;, class class de.uka.ilkd.key.java.reference.ThisReference) 
82349      DEBUG Thread-17       d.u.i.k.j.TypeConverter   typeconverter: (prefix this;, class class de.uka.ilkd.key.java.reference.ThisReference) 
82380      DEBUG Thread-17       d.u.i.k.j.TypeConverter   typeconverter: (prefix this;, class class de.uka.ilkd.key.java.reference.ThisReference) 
82396      DEBUG Thread-17       d.u.i.k.j.TypeConverter   TypeConverter: FieldReference: this.bankAccounts.length; 
82396      DEBUG Thread-17       d.u.i.k.j.TypeConverter   typeconverter: (prefix this.bankAccounts;, class class de.uka.ilkd.key.java.reference.FieldReference) 
82396      DEBUG Thread-17       d.u.i.k.j.TypeConverter   TypeConverter: FieldReference: this.bankAccounts; 
82396      DEBUG Thread-17       d.u.i.k.j.TypeConverter   typeconverter: (prefix this;, class class de.uka.ilkd.key.java.reference.ThisReference) 
82396      DEBUG Thread-17       d.u.i.k.j.TypeConverter   TypeConverter: FieldReference: this.bankAccounts; 
82396      DEBUG Thread-17       d.u.i.k.j.TypeConverter   typeconverter: (prefix this;, class class de.uka.ilkd.key.java.reference.ThisReference) 
82396      DEBUG Thread-17       d.u.i.k.j.TypeConverter   TypeConverter: FieldReference: this.bankAccounts[0].customerViewOnBankAccount; 
82396      DEBUG Thread-17       d.u.i.k.j.TypeConverter   typeconverter: (prefix this.bankAccounts[0];, class class de.uka.ilkd.key.java.reference.ArrayReference) 
82396      DEBUG Thread-17       d.u.i.k.j.TypeConverter   TypeConverter: FieldReference: this.bankAccounts; 
82396      DEBUG Thread-17       d.u.i.k.j.TypeConverter   typeconverter: (prefix this;, class class de.uka.ilkd.key.java.reference.ThisReference) 
82482      DEBUG Thread-17       d.u.i.k.j.TypeConverter   typeconverter: (prefix this;, class class de.uka.ilkd.key.java.reference.ThisReference) 
82488      DEBUG Thread-17       d.u.i.k.j.TypeConverter   typeconverter: (prefix this;, class class de.uka.ilkd.key.java.reference.ThisReference) 
88844      DEBUG Thread-17       d.u.i.k.j.TypeConverter   typeconverter: (prefix this;, class class de.uka.ilkd.key.java.reference.ThisReference) 
89222      INFO  main            d.u.i.k.p.r.p.TestFile    ... finished proof: closed. 
89434      DEBUG main            d.u.i.k.s.TermLabelSettings TermLabelSettings: Failure while reading the setting "UseOriginLabels".Using the default value: true.The string read was: null 
89434      INFO  main            d.u.i.k.p.r.p.TestFile    Now processing file /home/runner/work/key/key/key.core/../key.ui/examples/InformationFlow/ToyBanking/banking_example2.UserAccount(java.lang.Object___inv_()).JML accessible clause.0.key 
90327      DEBUG main            d.u.i.k.j.Recoder2KeY     converting now /home/runner/work/key/key/key.core/../key.ui/examples/InformationFlow/ToyBanking/src/banking_example2/UserAccount.java 
90330      DEBUG main            d.u.i.k.j.Recoder2KeY     converting now /home/runner/work/key/key/key.core/../key.ui/examples/InformationFlow/ToyBanking/src/banking_example2/Bank.java 
90331      DEBUG main            d.u.i.k.j.Recoder2KeY     converting now /home/runner/work/key/key/key.core/../key.ui/examples/InformationFlow/ToyBanking/src/banking_example2/BankAccount.java 
90335      DEBUG main            d.u.i.k.s.TermLabelSettings TermLabelSettings: Failure while reading the setting "UseOriginLabels".Using the default value: true.The string read was: null 
90335      DEBUG main            d.u.i.k.p.i.KeYFile       Reading KeY file /home/runner/work/key/key/key.core/../key.ui/examples/InformationFlow/ToyBanking/banking_example2.UserAccount(java.lang.Object___inv_()).JML accessible clause.0.key 
90336      DEBUG main            d.u.i.k.p.i.KeYFile       Reading KeY file file:/home/runner/work/key/key/key.core/build/resources/main/de/uka/ilkd/key/java/JavaRedux/java/lang/String.key 
90339      DEBUG main            d.u.i.k.p.i.KeYFile       Read specifications obtained when parsing the Java files (usually JML and Strings.key) from file:/home/runner/work/key/key/key.core/build/resources/main/de/uka/ilkd/key/java/JavaRedux/java/lang/String.key 
92080      DEBUG main            d.u.i.k.p.i.KeYFile       Read specifications obtained when parsing the Java files (usually JML and Strings.key) from /home/runner/work/key/key/key.core/../key.ui/examples/InformationFlow/ToyBanking/banking_example2.UserAccount(java.lang.Object___inv_()).JML accessible clause.0.key 
96549      INFO  main            d.u.i.k.p.r.p.TestFile    ... finished proof: open goal(s) 
96729      DEBUG main            d.u.i.k.s.TermLabelSettings TermLabelSettings: Failure while reading the setting "UseOriginLabels".Using the default value: true.The string read was: null 
96729      INFO  main            d.u.i.k.p.r.p.TestFile    Now processing file /home/runner/work/key/key/key.core/../key.ui/examples/InformationFlow/ToyBanking/banking_example2.BankAccount(banking_example2.BankAccount__depositMoney(int)).JML normal_behavior operation contract.0.key 
97615      DEBUG main            d.u.i.k.j.Recoder2KeY     converting now /home/runner/work/key/key/key.core/../key.ui/examples/InformationFlow/ToyBanking/src/banking_example2/UserAccount.java 
97618      DEBUG main            d.u.i.k.j.Recoder2KeY     converting now /home/runner/work/key/key/key.core/../key.ui/examples/InformationFlow/ToyBanking/src/banking_example2/Bank.java 
97619      DEBUG main            d.u.i.k.j.Recoder2KeY     converting now /home/runner/work/key/key/key.core/../key.ui/examples/InformationFlow/ToyBanking/src/banking_example2/BankAccount.java 
97623      DEBUG main            d.u.i.k.s.TermLabelSettings TermLabelSettings: Failure while reading the setting "UseOriginLabels".Using the default value: true.The string read was: null 
97623      DEBUG main            d.u.i.k.p.i.KeYFile       Reading KeY file /home/runner/work/key/key/key.core/../key.ui/examples/InformationFlow/ToyBanking/banking_example2.BankAccount(banking_example2.BankAccount__depositMoney(int)).JML normal_behavior operation contract.0.key 
97624      DEBUG main            d.u.i.k.p.i.KeYFile       Reading KeY file file:/home/runner/work/key/key/key.core/build/resources/main/de/uka/ilkd/key/java/JavaRedux/java/lang/String.key 
97627      DEBUG main            d.u.i.k.p.i.KeYFile       Read specifications obtained when parsing the Java files (usually JML and Strings.key) from file:/home/runner/work/key/key/key.core/build/resources/main/de/uka/ilkd/key/java/JavaRedux/java/lang/String.key 
99394      DEBUG main            d.u.i.k.p.i.KeYFile       Read specifications obtained when parsing the Java files (usually JML and Strings.key) from /home/runner/work/key/key/key.core/../key.ui/examples/InformationFlow/ToyBanking/banking_example2.BankAccount(banking_example2.BankAccount__depositMoney(int)).JML normal_behavior operation contract.0.key 
99469      DEBUG Thread-21       d.u.i.k.j.TypeConverter   typeconverter: (prefix this;, class class de.uka.ilkd.key.java.reference.ThisReference) 
99478      DEBUG Thread-21       d.u.i.k.j.TypeConverter   typeconverter: (prefix this;, class class de.uka.ilkd.key.java.reference.ThisReference) 
99489      DEBUG Thread-21       d.u.i.k.j.TypeConverter   typeconverter: (prefix this;, class class de.uka.ilkd.key.java.reference.ThisReference) 
99506      DEBUG Thread-21       d.u.i.k.j.TypeConverter   typeconverter: (prefix this;, class class de.uka.ilkd.key.java.reference.ThisReference) 
99518      DEBUG Thread-21       d.u.i.k.j.TypeConverter   typeconverter: (prefix this;, class class de.uka.ilkd.key.java.reference.ThisReference) 
99521      DEBUG Thread-21       d.u.i.k.j.TypeConverter   typeconverter: (prefix this;, class class de.uka.ilkd.key.java.reference.ThisReference) 
99753      INFO  main            d.u.i.k.p.r.p.TestFile    ... finished proof: closed. 
99922      DEBUG main            d.u.i.k.s.TermLabelSettings TermLabelSettings: Failure while reading the setting "UseOriginLabels".Using the default value: true.The string read was: null 
99922      INFO  main            d.u.i.k.p.r.p.TestFile    Now processing file /home/runner/work/key/key/key.core/../key.ui/examples/InformationFlow/ToyBanking/banking_example2.BankAccount(banking_example2.BankAccount__getBalance()).JML normal_behavior operation contract.0.key 
100796     DEBUG main            d.u.i.k.j.Recoder2KeY     converting now /home/runner/work/key/key/key.core/../key.ui/examples/InformationFlow/ToyBanking/src/banking_example2/UserAccount.java 
100798     DEBUG main            d.u.i.k.j.Recoder2KeY     converting now /home/runner/work/key/key/key.core/../key.ui/examples/InformationFlow/ToyBanking/src/banking_example2/Bank.java 
100799     DEBUG main            d.u.i.k.j.Recoder2KeY     converting now /home/runner/work/key/key/key.core/../key.ui/examples/InformationFlow/ToyBanking/src/banking_example2/BankAccount.java 
100805     DEBUG main            d.u.i.k.s.TermLabelSettings TermLabelSettings: Failure while reading the setting "UseOriginLabels".Using the default value: true.The string read was: null 
100805     DEBUG main            d.u.i.k.p.i.KeYFile       Reading KeY file /home/runner/work/key/key/key.core/../key.ui/examples/InformationFlow/ToyBanking/banking_example2.BankAccount(banking_example2.BankAccount__getBalance()).JML normal_behavior operation contract.0.key 
100806     DEBUG main            d.u.i.k.p.i.KeYFile       Reading KeY file file:/home/runner/work/key/key/key.core/build/resources/main/de/uka/ilkd/key/java/JavaRedux/java/lang/String.key 
100808     DEBUG main            d.u.i.k.p.i.KeYFile       Read specifications obtained when parsing the Java files (usually JML and Strings.key) from file:/home/runner/work/key/key/key.core/build/resources/main/de/uka/ilkd/key/java/JavaRedux/java/lang/String.key 
102556     DEBUG main            d.u.i.k.p.i.KeYFile       Read specifications obtained when parsing the Java files (usually JML and Strings.key) from /home/runner/work/key/key/key.core/../key.ui/examples/InformationFlow/ToyBanking/banking_example2.BankAccount(banking_example2.BankAccount__getBalance()).JML normal_behavior operation contract.0.key 
102618     DEBUG Thread-23       d.u.i.k.j.TypeConverter   typeconverter: (prefix this;, class class de.uka.ilkd.key.java.reference.ThisReference) 
102703     INFO  main            d.u.i.k.p.r.p.TestFile    ... finished proof: closed. 
102857     DEBUG main            d.u.i.k.s.TermLabelSettings TermLabelSettings: Failure while reading the setting "UseOriginLabels".Using the default value: true.The string read was: null 
102857     INFO  main            d.u.i.k.p.r.p.TestFile    Now processing file /home/runner/work/key/key/key.core/../key.ui/examples/InformationFlow/ToyBanking/banking_example2.BankAccount(banking_example2.BankAccount__getId()).JML normal_behavior operation contract.0.key 
103758     DEBUG main            d.u.i.k.j.Recoder2KeY     converting now /home/runner/work/key/key/key.core/../key.ui/examples/InformationFlow/ToyBanking/src/banking_example2/UserAccount.java 
103761     DEBUG main            d.u.i.k.j.Recoder2KeY     converting now /home/runner/work/key/key/key.core/../key.ui/examples/InformationFlow/ToyBanking/src/banking_example2/Bank.java 
103762     DEBUG main            d.u.i.k.j.Recoder2KeY     converting now /home/runner/work/key/key/key.core/../key.ui/examples/InformationFlow/ToyBanking/src/banking_example2/BankAccount.java 
103766     DEBUG main            d.u.i.k.s.TermLabelSettings TermLabelSettings: Failure while reading the setting "UseOriginLabels".Using the default value: true.The string read was: null 
103766     DEBUG main            d.u.i.k.p.i.KeYFile       Reading KeY file /home/runner/work/key/key/key.core/../key.ui/examples/InformationFlow/ToyBanking/banking_example2.BankAccount(banking_example2.BankAccount__getId()).JML normal_behavior operation contract.0.key 
103767     DEBUG main            d.u.i.k.p.i.KeYFile       Reading KeY file file:/home/runner/work/key/key/key.core/build/resources/main/de/uka/ilkd/key/java/JavaRedux/java/lang/String.key 
103769     DEBUG main            d.u.i.k.p.i.KeYFile       Read specifications obtained when parsing the Java files (usually JML and Strings.key) from file:/home/runner/work/key/key/key.core/build/resources/main/de/uka/ilkd/key/java/JavaRedux/java/lang/String.key 
105547     DEBUG main            d.u.i.k.p.i.KeYFile       Read specifications obtained when parsing the Java files (usually JML and Strings.key) from /home/runner/work/key/key/key.core/../key.ui/examples/InformationFlow/ToyBanking/banking_example2.BankAccount(banking_example2.BankAccount__getId()).JML normal_behavior operation contract.0.key 
105601     DEBUG Thread-25       d.u.i.k.j.TypeConverter   typeconverter: (prefix this;, class class de.uka.ilkd.key.java.reference.ThisReference) 
105692     INFO  main            d.u.i.k.p.r.p.TestFile    ... finished proof: closed. 
105838     DEBUG main            d.u.i.k.s.TermLabelSettings TermLabelSettings: Failure while reading the setting "UseOriginLabels".Using the default value: true.The string read was: null 
105838     INFO  main            d.u.i.k.p.r.p.TestFile    Now processing file /home/runner/work/key/key/key.core/../key.ui/examples/InformationFlow/ToyBanking/banking_example2.Bank(banking_example2.Bank__login(int,(C)).JML normal_behavior operation contract.0.key 
106702     DEBUG main            d.u.i.k.j.Recoder2KeY     converting now /home/runner/work/key/key/key.core/../key.ui/examples/InformationFlow/ToyBanking/src/banking_example2/UserAccount.java 
106704     DEBUG main            d.u.i.k.j.Recoder2KeY     converting now /home/runner/work/key/key/key.core/../key.ui/examples/InformationFlow/ToyBanking/src/banking_example2/Bank.java 
106705     DEBUG main            d.u.i.k.j.Recoder2KeY     converting now /home/runner/work/key/key/key.core/../key.ui/examples/InformationFlow/ToyBanking/src/banking_example2/BankAccount.java 
106709     DEBUG main            d.u.i.k.s.TermLabelSettings TermLabelSettings: Failure while reading the setting "UseOriginLabels".Using the default value: true.The string read was: null 
106709     DEBUG main            d.u.i.k.p.i.KeYFile       Reading KeY file /home/runner/work/key/key/key.core/../key.ui/examples/InformationFlow/ToyBanking/banking_example2.Bank(banking_example2.Bank__login(int,(C)).JML normal_behavior operation contract.0.key 
106710     DEBUG main            d.u.i.k.p.i.KeYFile       Reading KeY file file:/home/runner/work/key/key/key.core/build/resources/main/de/uka/ilkd/key/java/JavaRedux/java/lang/String.key 
106712     DEBUG main            d.u.i.k.p.i.KeYFile       Read specifications obtained when parsing the Java files (usually JML and Strings.key) from file:/home/runner/work/key/key/key.core/build/resources/main/de/uka/ilkd/key/java/JavaRedux/java/lang/String.key 
108441     DEBUG main            d.u.i.k.p.i.KeYFile       Read specifications obtained when parsing the Java files (usually JML and Strings.key) from /home/runner/work/key/key/key.core/../key.ui/examples/InformationFlow/ToyBanking/banking_example2.Bank(banking_example2.Bank__login(int,(C)).JML normal_behavior operation contract.0.key 
108567     DEBUG Thread-27       d.u.i.k.j.TypeConverter   typeconverter: (prefix this;, class class de.uka.ilkd.key.java.reference.ThisReference) 
108597     DEBUG Thread-27       d.u.i.k.j.TypeConverter   typeconverter: (prefix this;, class class de.uka.ilkd.key.java.reference.ThisReference) 
110447     DEBUG Thread-27       d.u.i.k.j.TypeConverter   typeconverter: (prefix this;, class class de.uka.ilkd.key.java.reference.ThisReference) 
111304     INFO  main            d.u.i.k.p.r.p.TestFile    ... finished proof: closed. 
161237     INFO  Test worker     d.u.i.k.p.r.RunAllProofsTestUnit Returning from test ToyBanking 
161238     INFO  Test worker     d.u.i.k.p.r.RunAllProofsTestUnit Running test BlockContracts 
399        INFO  Timeout watchdog d.u.i.k.p.r.p.ForkedTestFileRunner Timeout watcher launched (1000 secs.) 
427        WARN  main            d.u.i.k.s.ProofSettings   The settings in /home/runner/.key/proof-settings.props are *not* read. 
468        DEBUG main            d.u.i.k.s.TermLabelSettings TermLabelSettings: Failure while reading the setting "UseOriginLabels".Using the default value: true.The string read was: null 
469        INFO  main            d.u.i.k.p.r.p.TestFile    Now processing file /home/runner/work/key/key/key.core/../key.ui/examples/InformationFlow/BlockContracts/contract.IFBlockExamples(contract.IFBlockExamples__secure_5()).JML operation contract.0.key 
1077       DEBUG main            d.u.i.k.p.i.KeYFile       Reading KeY file file:/home/runner/work/key/key/key.core/build/resources/main/de/uka/ilkd/key/proof/rules/ldt.key 
1078       DEBUG main            d.u.i.k.p.i.KeYFile       Read specifications obtained when parsing the Java files (usually JML and Strings.key) from file:/home/runner/work/key/key/key.core/build/resources/main/de/uka/ilkd/key/proof/rules/ldt.key 
1086       DEBUG main            d.u.i.k.p.i.KeYFile       Reading KeY file file:/home/runner/work/key/key/key.core/build/resources/main/de/uka/ilkd/key/proof/rules/propRule.key 
1086       DEBUG main            d.u.i.k.p.i.KeYFile       Read specifications obtained when parsing the Java files (usually JML and Strings.key) from file:/home/runner/work/key/key/key.core/build/resources/main/de/uka/ilkd/key/proof/rules/propRule.key 
1114       DEBUG main            d.u.i.k.p.i.KeYFile       Reading KeY file file:/home/runner/work/key/key/key.core/build/resources/main/de/uka/ilkd/key/proof/rules/firstOrderRules.key 
1118       DEBUG main            d.u.i.k.p.i.KeYFile       Read specifications obtained when parsing the Java files (usually JML and Strings.key) from file:/home/runner/work/key/key/key.core/build/resources/main/de/uka/ilkd/key/proof/rules/firstOrderRules.key 
1152       DEBUG main            d.u.i.k.p.i.KeYFile       Reading KeY file file:/home/runner/work/key/key/key.core/build/resources/main/de/uka/ilkd/key/proof/rules/ifThenElseRules.key 
1153       DEBUG main            d.u.i.k.p.i.KeYFile       Read specifications obtained when parsing the Java files (usually JML and Strings.key) from file:/home/runner/work/key/key/key.core/build/resources/main/de/uka/ilkd/key/proof/rules/ifThenElseRules.key 
1251       DEBUG main            d.u.i.k.p.i.KeYFile       Reading KeY file file:/home/runner/work/key/key/key.core/build/resources/main/de/uka/ilkd/key/proof/rules/formulaNormalisationRules.key 
1252       DEBUG main            d.u.i.k.p.i.KeYFile       Read specifications obtained when parsing the Java files (usually JML and Strings.key) from file:/home/runner/work/key/key/key.core/build/resources/main/de/uka/ilkd/key/proof/rules/formulaNormalisationRules.key 
1294       DEBUG main            d.u.i.k.p.i.KeYFile       Reading KeY file file:/home/runner/work/key/key/key.core/build/resources/main/de/uka/ilkd/key/proof/rules/updateRules.key 
1294       DEBUG main            d.u.i.k.p.i.KeYFile       Read specifications obtained when parsing the Java files (usually JML and Strings.key) from file:/home/runner/work/key/key/key.core/build/resources/main/de/uka/ilkd/key/proof/rules/updateRules.key 
1309       DEBUG main            d.u.i.k.p.i.KeYFile       Reading KeY file file:/home/runner/work/key/key/key.core/build/resources/main/de/uka/ilkd/key/proof/rules/integerRulesCommon.key 
1310       DEBUG main            d.u.i.k.p.i.KeYFile       Read specifications obtained when parsing the Java files (usually JML and Strings.key) from file:/home/runner/work/key/key/key.core/build/resources/main/de/uka/ilkd/key/proof/rules/integerRulesCommon.key 
1397       DEBUG main            d.u.i.k.p.i.KeYFile       Reading KeY file file:/home/runner/work/key/key/key.core/build/resources/main/de/uka/ilkd/key/proof/rules/intRules.key 
1398       DEBUG main            d.u.i.k.p.i.KeYFile       Read specifications obtained when parsing the Java files (usually JML and Strings.key) from file:/home/runner/work/key/key/key.core/build/resources/main/de/uka/ilkd/key/proof/rules/intRules.key 
1411       DEBUG main            d.u.i.k.p.i.KeYFile       Reading KeY file file:/home/runner/work/key/key/key.core/build/resources/main/de/uka/ilkd/key/proof/rules/intRulesUncheckedSemantics.key 
1411       DEBUG main            d.u.i.k.p.i.KeYFile       Read specifications obtained when parsing the Java files (usually JML and Strings.key) from file:/home/runner/work/key/key/key.core/build/resources/main/de/uka/ilkd/key/proof/rules/intRulesUncheckedSemantics.key 
1419       DEBUG main            d.u.i.k.p.i.KeYFile       Reading KeY file file:/home/runner/work/key/key/key.core/build/resources/main/de/uka/ilkd/key/proof/rules/intRulesCheckedSemantics.key 
1419       DEBUG main            d.u.i.k.p.i.KeYFile       Read specifications obtained when parsing the Java files (usually JML and Strings.key) from file:/home/runner/work/key/key/key.core/build/resources/main/de/uka/ilkd/key/proof/rules/intRulesCheckedSemantics.key 
1430       DEBUG main            d.u.i.k.p.i.KeYFile       Reading KeY file file:/home/runner/work/key/key/key.core/build/resources/main/de/uka/ilkd/key/proof/rules/intRulesJavaSemantics.key 
1431       DEBUG main            d.u.i.k.p.i.KeYFile       Read specifications obtained when parsing the Java files (usually JML and Strings.key) from file:/home/runner/work/key/key/key.core/build/resources/main/de/uka/ilkd/key/proof/rules/intRulesJavaSemantics.key 
1571       DEBUG main            d.u.i.k.p.i.KeYFile       Reading KeY file file:/home/runner/work/key/key/key.core/build/resources/main/de/uka/ilkd/key/proof/rules/integerSimplificationRules.key 
1573       DEBUG main            d.u.i.k.p.i.KeYFile       Read specifications obtained when parsing the Java files (usually JML and Strings.key) from file:/home/runner/work/key/key/key.core/build/resources/main/de/uka/ilkd/key/proof/rules/integerSimplificationRules.key 
1676       DEBUG main            d.u.i.k.j.TypeConverter   No LDT found for Meta 
1679       DEBUG main            d.u.i.k.j.TypeConverter   No LDT found for Meta 
1681       DEBUG main            d.u.i.k.j.TypeConverter   No LDT found for Meta 
1682       DEBUG main            d.u.i.k.j.TypeConverter   No LDT found for Meta 
1725       DEBUG main            d.u.i.k.p.i.KeYFile       Reading KeY file file:/home/runner/work/key/key/key.core/build/resources/main/de/uka/ilkd/key/proof/rules/intDiv.key 
1726       DEBUG main            d.u.i.k.p.i.KeYFile       Read specifications obtained when parsing the Java files (usually JML and Strings.key) from file:/home/runner/work/key/key/key.core/build/resources/main/de/uka/ilkd/key/proof/rules/intDiv.key 
1811       DEBUG main            d.u.i.k.p.i.KeYFile       Reading KeY file file:/home/runner/work/key/key/key.core/build/resources/main/de/uka/ilkd/key/proof/rules/bsum.key 
1811       DEBUG main            d.u.i.k.p.i.KeYFile       Read specifications obtained when parsing the Java files (usually JML and Strings.key) from file:/home/runner/work/key/key/key.core/build/resources/main/de/uka/ilkd/key/proof/rules/bsum.key 
1847       DEBUG main            d.u.i.k.p.i.KeYFile       Reading KeY file file:/home/runner/work/key/key/key.core/build/resources/main/de/uka/ilkd/key/proof/rules/bprod.key 
1847       DEBUG main            d.u.i.k.p.i.KeYFile       Read specifications obtained when parsing the Java files (usually JML and Strings.key) from file:/home/runner/work/key/key/key.core/build/resources/main/de/uka/ilkd/key/proof/rules/bprod.key 
1855       DEBUG main            d.u.i.k.p.i.KeYFile       Reading KeY file file:/home/runner/work/key/key/key.core/build/resources/main/de/uka/ilkd/key/proof/rules/binaryAxioms.key 
1857       DEBUG main            d.u.i.k.p.i.KeYFile       Read specifications obtained when parsing the Java files (usually JML and Strings.key) from file:/home/runner/work/key/key/key.core/build/resources/main/de/uka/ilkd/key/proof/rules/binaryAxioms.key 
1862       DEBUG main            d.u.i.k.p.i.KeYFile       Reading KeY file file:/home/runner/work/key/key/key.core/build/resources/main/de/uka/ilkd/key/proof/rules/binaryLemmas.key 
1862       DEBUG main            d.u.i.k.p.i.KeYFile       Read specifications obtained when parsing the Java files (usually JML and Strings.key) from file:/home/runner/work/key/key/key.core/build/resources/main/de/uka/ilkd/key/proof/rules/binaryLemmas.key 
1875       DEBUG main            d.u.i.k.p.i.KeYFile       Reading KeY file file:/home/runner/work/key/key/key.core/build/resources/main/de/uka/ilkd/key/proof/rules/intPow.key 
1875       DEBUG main            d.u.i.k.p.i.KeYFile       Read specifications obtained when parsing the Java files (usually JML and Strings.key) from file:/home/runner/work/key/key/key.core/build/resources/main/de/uka/ilkd/key/proof/rules/intPow.key 
1907       DEBUG main            d.u.i.k.p.i.KeYFile       Reading KeY file file:/home/runner/work/key/key/key.core/build/resources/main/de/uka/ilkd/key/proof/rules/floatRulesCommon.key 
1908       DEBUG main            d.u.i.k.p.i.KeYFile       Read specifications obtained when parsing the Java files (usually JML and Strings.key) from file:/home/runner/work/key/key/key.core/build/resources/main/de/uka/ilkd/key/proof/rules/floatRulesCommon.key 
1921       DEBUG main            d.u.i.k.p.i.KeYFile       Reading KeY file file:/home/runner/work/key/key/key.core/build/resources/main/de/uka/ilkd/key/proof/rules/floatRules.key 
1921       DEBUG main            d.u.i.k.p.i.KeYFile       Read specifications obtained when parsing the Java files (usually JML and Strings.key) from file:/home/runner/work/key/key/key.core/build/resources/main/de/uka/ilkd/key/proof/rules/floatRules.key 
1922       DEBUG main            d.u.i.k.p.i.KeYFile       Reading KeY file file:/home/runner/work/key/key/key.core/build/resources/main/de/uka/ilkd/key/proof/rules/floatRulesVerifyNormal.key 
1922       DEBUG main            d.u.i.k.p.i.KeYFile       Read specifications obtained when parsing the Java files (usually JML and Strings.key) from file:/home/runner/work/key/key/key.core/build/resources/main/de/uka/ilkd/key/proof/rules/floatRulesVerifyNormal.key 
1925       DEBUG main            d.u.i.k.p.i.KeYFile       Reading KeY file file:/home/runner/work/key/key/key.core/build/resources/main/de/uka/ilkd/key/proof/rules/floatRulesAssumeStrictfp.key 
1926       DEBUG main            d.u.i.k.p.i.KeYFile       Read specifications obtained when parsing the Java files (usually JML and Strings.key) from file:/home/runner/work/key/key/key.core/build/resources/main/de/uka/ilkd/key/proof/rules/floatRulesAssumeStrictfp.key 
1966       DEBUG main            d.u.i.k.p.i.KeYFile       Reading KeY file file:/home/runner/work/key/key/key.core/build/resources/main/de/uka/ilkd/key/proof/rules/genericRules.key 
1966       DEBUG main            d.u.i.k.p.i.KeYFile       Read specifications obtained when parsing the Java files (usually JML and Strings.key) from file:/home/runner/work/key/key/key.core/build/resources/main/de/uka/ilkd/key/proof/rules/genericRules.key 
1974       DEBUG main            d.u.i.k.p.i.KeYFile       Reading KeY file file:/home/runner/work/key/key/key.core/build/resources/main/de/uka/ilkd/key/proof/rules/booleanRules.key 
1975       DEBUG main            d.u.i.k.p.i.KeYFile       Read specifications obtained when parsing the Java files (usually JML and Strings.key) from file:/home/runner/work/key/key/key.core/build/resources/main/de/uka/ilkd/key/proof/rules/booleanRules.key 
1978       DEBUG main            d.u.i.k.p.i.KeYFile       Reading KeY file file:/home/runner/work/key/key/key.core/build/resources/main/de/uka/ilkd/key/proof/rules/epsilon.key 
1978       DEBUG main            d.u.i.k.p.i.KeYFile       Read specifications obtained when parsing the Java files (usually JML and Strings.key) from file:/home/runner/work/key/key/key.core/build/resources/main/de/uka/ilkd/key/proof/rules/epsilon.key 
2000       DEBUG main            d.u.i.k.p.i.KeYFile       Reading KeY file file:/home/runner/work/key/key/key.core/build/resources/main/de/uka/ilkd/key/proof/rules/locSetsRules.key 
2000       DEBUG main            d.u.i.k.p.i.KeYFile       Read specifications obtained when parsing the Java files (usually JML and Strings.key) from file:/home/runner/work/key/key/key.core/build/resources/main/de/uka/ilkd/key/proof/rules/locSetsRules.key 
2049       DEBUG main            d.u.i.k.p.i.KeYFile       Reading KeY file file:/home/runner/work/key/key/key.core/build/resources/main/de/uka/ilkd/key/proof/rules/heapRules.key 
2050       DEBUG main            d.u.i.k.p.i.KeYFile       Read specifications obtained when parsing the Java files (usually JML and Strings.key) from file:/home/runner/work/key/key/key.core/build/resources/main/de/uka/ilkd/key/proof/rules/heapRules.key 
2097       DEBUG main            d.u.i.k.p.i.KeYFile       Reading KeY file file:/home/runner/work/key/key/key.core/build/resources/main/de/uka/ilkd/key/proof/rules/permissionRules.key 
2098       DEBUG main            d.u.i.k.p.i.KeYFile       Read specifications obtained when parsing the Java files (usually JML and Strings.key) from file:/home/runner/work/key/key/key.core/build/resources/main/de/uka/ilkd/key/proof/rules/permissionRules.key 
2121       DEBUG main            d.u.i.k.p.i.KeYFile       Reading KeY file file:/home/runner/work/key/key/key.core/build/resources/main/de/uka/ilkd/key/proof/rules/reachRules.key 
2121       DEBUG main            d.u.i.k.p.i.KeYFile       Read specifications obtained when parsing the Java files (usually JML and Strings.key) from file:/home/runner/work/key/key/key.core/build/resources/main/de/uka/ilkd/key/proof/rules/reachRules.key 
2132       DEBUG main            d.u.i.k.p.i.KeYFile       Reading KeY file file:/home/runner/work/key/key/key.core/build/resources/main/de/uka/ilkd/key/proof/rules/seqCoreRules.key 
2132       DEBUG main            d.u.i.k.p.i.KeYFile       Read specifications obtained when parsing the Java files (usually JML and Strings.key) from file:/home/runner/work/key/key/key.core/build/resources/main/de/uka/ilkd/key/proof/rules/seqCoreRules.key 
2152       DEBUG main            d.u.i.k.p.i.KeYFile       Reading KeY file file:/home/runner/work/key/key/key.core/build/resources/main/de/uka/ilkd/key/proof/rules/seqRules.key 
2152       DEBUG main            d.u.i.k.p.i.KeYFile       Read specifications obtained when parsing the Java files (usually JML and Strings.key) from file:/home/runner/work/key/key/key.core/build/resources/main/de/uka/ilkd/key/proof/rules/seqRules.key 
2182       DEBUG main            d.u.i.k.p.i.KeYFile       Reading KeY file file:/home/runner/work/key/key/key.core/build/resources/main/de/uka/ilkd/key/proof/rules/seqPerm.key 
2182       DEBUG main            d.u.i.k.p.i.KeYFile       Read specifications obtained when parsing the Java files (usually JML and Strings.key) from file:/home/runner/work/key/key/key.core/build/resources/main/de/uka/ilkd/key/proof/rules/seqPerm.key 
2196       DEBUG main            d.u.i.k.p.i.KeYFile       Reading KeY file file:/home/runner/work/key/key/key.core/build/resources/main/de/uka/ilkd/key/proof/rules/seqPerm2.key 
2197       DEBUG main            d.u.i.k.p.i.KeYFile       Read specifications obtained when parsing the Java files (usually JML and Strings.key) from file:/home/runner/work/key/key/key.core/build/resources/main/de/uka/ilkd/key/proof/rules/seqPerm2.key 
2298       DEBUG main            d.u.i.k.p.i.KeYFile       Reading KeY file file:/home/runner/work/key/key/key.core/build/resources/main/de/uka/ilkd/key/proof/rules/assertions.key 
2298       DEBUG main            d.u.i.k.p.i.KeYFile       Read specifications obtained when parsing the Java files (usually JML and Strings.key) from file:/home/runner/work/key/key/key.core/build/resources/main/de/uka/ilkd/key/proof/rules/assertions.key 
2319       DEBUG main            d.u.i.k.p.i.KeYFile       Reading KeY file file:/home/runner/work/key/key/key.core/build/resources/main/de/uka/ilkd/key/proof/rules/javaRules.key 
2320       DEBUG main            d.u.i.k.p.i.KeYFile       Read specifications obtained when parsing the Java files (usually JML and Strings.key) from file:/home/runner/work/key/key/key.core/build/resources/main/de/uka/ilkd/key/proof/rules/javaRules.key 
2701       DEBUG main            d.u.i.k.p.i.KeYFile       Reading KeY file file:/home/runner/work/key/key/key.core/build/resources/main/de/uka/ilkd/key/proof/rules/loopRules.key 
2702       DEBUG main            d.u.i.k.p.i.KeYFile       Read specifications obtained when parsing the Java files (usually JML and Strings.key) from file:/home/runner/work/key/key/key.core/build/resources/main/de/uka/ilkd/key/proof/rules/loopRules.key 
2718       DEBUG main            d.u.i.k.p.i.KeYFile       Reading KeY file file:/home/runner/work/key/key/key.core/build/resources/main/de/uka/ilkd/key/proof/rules/activeUse.key 
2718       DEBUG main            d.u.i.k.p.i.KeYFile       Read specifications obtained when parsing the Java files (usually JML and Strings.key) from file:/home/runner/work/key/key/key.core/build/resources/main/de/uka/ilkd/key/proof/rules/activeUse.key 
2772       DEBUG main            d.u.i.k.p.i.KeYFile       Reading KeY file file:/home/runner/work/key/key/key.core/build/resources/main/de/uka/ilkd/key/proof/rules/instanceAllocation.key 
2773       DEBUG main            d.u.i.k.p.i.KeYFile       Read specifications obtained when parsing the Java files (usually JML and Strings.key) from file:/home/runner/work/key/key/key.core/build/resources/main/de/uka/ilkd/key/proof/rules/instanceAllocation.key 
2785       DEBUG main            d.u.i.k.p.i.KeYFile       Reading KeY file file:/home/runner/work/key/key/key.core/build/resources/main/de/uka/ilkd/key/proof/rules/java5.key 
2785       DEBUG main            d.u.i.k.p.i.KeYFile       Read specifications obtained when parsing the Java files (usually JML and Strings.key) from file:/home/runner/work/key/key/key.core/build/resources/main/de/uka/ilkd/key/proof/rules/java5.key 
2793       DEBUG main            d.u.i.k.p.i.KeYFile       Reading KeY file file:/home/runner/work/key/key/key.core/build/resources/main/de/uka/ilkd/key/proof/rules/integerAssignment2UpdateRules.key 
2793       DEBUG main            d.u.i.k.p.i.KeYFile       Read specifications obtained when parsing the Java files (usually JML and Strings.key) from file:/home/runner/work/key/key/key.core/build/resources/main/de/uka/ilkd/key/proof/rules/integerAssignment2UpdateRules.key 
2829       DEBUG main            d.u.i.k.p.i.KeYFile       Reading KeY file file:/home/runner/work/key/key/key.core/build/resources/main/de/uka/ilkd/key/proof/rules/floatAssignment2UpdateRules.key 
2829       DEBUG main            d.u.i.k.p.i.KeYFile       Read specifications obtained when parsing the Java files (usually JML and Strings.key) from file:/home/runner/work/key/key/key.core/build/resources/main/de/uka/ilkd/key/proof/rules/floatAssignment2UpdateRules.key 
2849       DEBUG main            d.u.i.k.p.i.KeYFile       Reading KeY file file:/home/runner/work/key/key/key.core/build/resources/main/de/uka/ilkd/key/proof/rules/bigint.key 
2849       DEBUG main            d.u.i.k.p.i.KeYFile       Read specifications obtained when parsing the Java files (usually JML and Strings.key) from file:/home/runner/work/key/key/key.core/build/resources/main/de/uka/ilkd/key/proof/rules/bigint.key 
2858       DEBUG main            d.u.i.k.j.TypeConverter   No LDT found for JavaBigintExpression 
2873       DEBUG main            d.u.i.k.p.i.KeYFile       Reading KeY file file:/home/runner/work/key/key/key.core/build/resources/main/de/uka/ilkd/key/proof/rules/adtProgramDecompositionRules.key 
2874       DEBUG main            d.u.i.k.p.i.KeYFile       Read specifications obtained when parsing the Java files (usually JML and Strings.key) from file:/home/runner/work/key/key/key.core/build/resources/main/de/uka/ilkd/key/proof/rules/adtProgramDecompositionRules.key 
2887       DEBUG main            d.u.i.k.p.i.KeYFile       Reading KeY file file:/home/runner/work/key/key/key.core/build/resources/main/de/uka/ilkd/key/proof/rules/precRules.key 
2888       DEBUG main            d.u.i.k.p.i.KeYFile       Read specifications obtained when parsing the Java files (usually JML and Strings.key) from file:/home/runner/work/key/key/key.core/build/resources/main/de/uka/ilkd/key/proof/rules/precRules.key 
2897       DEBUG main            d.u.i.k.p.i.KeYFile       Reading KeY file file:/home/runner/work/key/key/key.core/build/resources/main/de/uka/ilkd/key/proof/rules/charListRules.key 
2898       DEBUG main            d.u.i.k.p.i.KeYFile       Read specifications obtained when parsing the Java files (usually JML and Strings.key) from file:/home/runner/work/key/key/key.core/build/resources/main/de/uka/ilkd/key/proof/rules/charListRules.key 
2905       DEBUG main            d.u.i.k.p.i.KeYFile       Reading KeY file file:/home/runner/work/key/key/key.core/build/resources/main/de/uka/ilkd/key/proof/rules/regExHeader.key 
2906       DEBUG main            d.u.i.k.p.i.KeYFile       Read specifications obtained when parsing the Java files (usually JML and Strings.key) from file:/home/runner/work/key/key/key.core/build/resources/main/de/uka/ilkd/key/proof/rules/regExHeader.key 
2909       DEBUG main            d.u.i.k.p.i.KeYFile       Reading KeY file file:/home/runner/work/key/key/key.core/build/resources/main/de/uka/ilkd/key/proof/rules/regExAxioms.key 
2909       DEBUG main            d.u.i.k.p.i.KeYFile       Read specifications obtained when parsing the Java files (usually JML and Strings.key) from file:/home/runner/work/key/key/key.core/build/resources/main/de/uka/ilkd/key/proof/rules/regExAxioms.key 
2914       DEBUG main            d.u.i.k.p.i.KeYFile       Reading KeY file file:/home/runner/work/key/key/key.core/build/resources/main/de/uka/ilkd/key/proof/rules/regExLemmaProven.key 
2914       DEBUG main            d.u.i.k.p.i.KeYFile       Read specifications obtained when parsing the Java files (usually JML and Strings.key) from file:/home/runner/work/key/key/key.core/build/resources/main/de/uka/ilkd/key/proof/rules/regExLemmaProven.key 
2916       DEBUG main            d.u.i.k.p.i.KeYFile       Reading KeY file file:/home/runner/work/key/key/key.core/build/resources/main/de/uka/ilkd/key/proof/rules/regExTheory.key 
2916       DEBUG main            d.u.i.k.p.i.KeYFile       Read specifications obtained when parsing the Java files (usually JML and Strings.key) from file:/home/runner/work/key/key/key.core/build/resources/main/de/uka/ilkd/key/proof/rules/regExTheory.key 
2921       DEBUG main            d.u.i.k.p.i.KeYFile       Reading KeY file file:/home/runner/work/key/key/key.core/build/resources/main/de/uka/ilkd/key/proof/rules/seqEq.key 
2921       DEBUG main            d.u.i.k.p.i.KeYFile       Read specifications obtained when parsing the Java files (usually JML and Strings.key) from file:/home/runner/work/key/key/key.core/build/resources/main/de/uka/ilkd/key/proof/rules/seqEq.key 
2928       DEBUG main            d.u.i.k.p.i.KeYFile       Reading KeY file file:/home/runner/work/key/key/key.core/build/resources/main/de/uka/ilkd/key/proof/rules/infFlow.key 
2930       DEBUG main            d.u.i.k.p.i.KeYFile       Read specifications obtained when parsing the Java files (usually JML and Strings.key) from file:/home/runner/work/key/key/key.core/build/resources/main/de/uka/ilkd/key/proof/rules/infFlow.key 
2934       DEBUG main            d.u.i.k.p.i.KeYFile       Reading KeY file file:/home/runner/work/key/key/key.core/build/resources/main/de/uka/ilkd/key/proof/rules/mapSize.key 
2935       DEBUG main            d.u.i.k.p.i.KeYFile       Read specifications obtained when parsing the Java files (usually JML and Strings.key) from file:/home/runner/work/key/key/key.core/build/resources/main/de/uka/ilkd/key/proof/rules/mapSize.key 
2962       DEBUG main            d.u.i.k.p.i.KeYFile       Reading KeY file file:/home/runner/work/key/key/key.core/build/resources/main/de/uka/ilkd/key/proof/rules/wdHeader.key 
2963       DEBUG main            d.u.i.k.p.i.KeYFile       Read specifications obtained when parsing the Java files (usually JML and Strings.key) from file:/home/runner/work/key/key/key.core/build/resources/main/de/uka/ilkd/key/proof/rules/wdHeader.key 
2965       DEBUG main            d.u.i.k.p.i.KeYFile       Reading KeY file file:/home/runner/work/key/key/key.core/build/resources/main/de/uka/ilkd/key/proof/rules/wdGeneralRules.key 
2965       DEBUG main            d.u.i.k.p.i.KeYFile       Read specifications obtained when parsing the Java files (usually JML and Strings.key) from file:/home/runner/work/key/key/key.core/build/resources/main/de/uka/ilkd/key/proof/rules/wdGeneralRules.key 
2975       DEBUG main            d.u.i.k.p.i.KeYFile       Reading KeY file file:/home/runner/work/key/key/key.core/build/resources/main/de/uka/ilkd/key/proof/rules/wdNumericalRules.key 
2975       DEBUG main            d.u.i.k.p.i.KeYFile       Read specifications obtained when parsing the Java files (usually JML and Strings.key) from file:/home/runner/work/key/key/key.core/build/resources/main/de/uka/ilkd/key/proof/rules/wdNumericalRules.key 
2989       DEBUG main            d.u.i.k.p.i.KeYFile       Reading KeY file file:/home/runner/work/key/key/key.core/build/resources/main/de/uka/ilkd/key/proof/rules/wdLocSetRules.key 
2989       DEBUG main            d.u.i.k.p.i.KeYFile       Read specifications obtained when parsing the Java files (usually JML and Strings.key) from file:/home/runner/work/key/key/key.core/build/resources/main/de/uka/ilkd/key/proof/rules/wdLocSetRules.key 
2993       DEBUG main            d.u.i.k.p.i.KeYFile       Reading KeY file file:/home/runner/work/key/key/key.core/build/resources/main/de/uka/ilkd/key/proof/rules/wdHeapRules.key 
2993       DEBUG main            d.u.i.k.p.i.KeYFile       Read specifications obtained when parsing the Java files (usually JML and Strings.key) from file:/home/runner/work/key/key/key.core/build/resources/main/de/uka/ilkd/key/proof/rules/wdHeapRules.key 
2996       DEBUG main            d.u.i.k.p.i.KeYFile       Reading KeY file file:/home/runner/work/key/key/key.core/build/resources/main/de/uka/ilkd/key/proof/rules/wdReachRules.key 
2996       DEBUG main            d.u.i.k.p.i.KeYFile       Read specifications obtained when parsing the Java files (usually JML and Strings.key) from file:/home/runner/work/key/key/key.core/build/resources/main/de/uka/ilkd/key/proof/rules/wdReachRules.key 
2998       DEBUG main            d.u.i.k.p.i.KeYFile       Reading KeY file file:/home/runner/work/key/key/key.core/build/resources/main/de/uka/ilkd/key/proof/rules/wdSeqRules.key 
3002       DEBUG main            d.u.i.k.p.i.KeYFile       Read specifications obtained when parsing the Java files (usually JML and Strings.key) from file:/home/runner/work/key/key/key.core/build/resources/main/de/uka/ilkd/key/proof/rules/wdSeqRules.key 
3005       DEBUG main            d.u.i.k.p.i.KeYFile       Reading KeY file file:/home/runner/work/key/key/key.core/build/resources/main/de/uka/ilkd/key/proof/rules/wdStringRules.key 
3005       DEBUG main            d.u.i.k.p.i.KeYFile       Read specifications obtained when parsing the Java files (usually JML and Strings.key) from file:/home/runner/work/key/key/key.core/build/resources/main/de/uka/ilkd/key/proof/rules/wdStringRules.key 
3008       DEBUG main            d.u.i.k.p.i.KeYFile       Reading KeY file file:/home/runner/work/key/key/key.core/build/resources/main/de/uka/ilkd/key/proof/rules/wdRegExRules.key 
3008       DEBUG main            d.u.i.k.p.i.KeYFile       Read specifications obtained when parsing the Java files (usually JML and Strings.key) from file:/home/runner/work/key/key/key.core/build/resources/main/de/uka/ilkd/key/proof/rules/wdRegExRules.key 
3016       DEBUG main            d.u.i.k.p.i.KeYFile       Reading KeY file file:/home/runner/work/key/key/key.core/build/resources/main/de/uka/ilkd/key/proof/rules/wdFormulaRules.key 
3016       DEBUG main            d.u.i.k.p.i.KeYFile       Read specifications obtained when parsing the Java files (usually JML and Strings.key) from file:/home/runner/work/key/key/key.core/build/resources/main/de/uka/ilkd/key/proof/rules/wdFormulaRules.key 
3022       DEBUG main            d.u.i.k.p.i.KeYFile       Reading KeY file file:/home/runner/work/key/key/key.core/build/resources/main/de/uka/ilkd/key/proof/rules/wd.key 
3022       DEBUG main            d.u.i.k.p.i.KeYFile       Read specifications obtained when parsing the Java files (usually JML and Strings.key) from file:/home/runner/work/key/key/key.core/build/resources/main/de/uka/ilkd/key/proof/rules/wd.key 
3024       DEBUG main            d.u.i.k.p.i.KeYFile       Reading KeY file file:/home/runner/work/key/key/key.core/build/resources/main/de/uka/ilkd/key/proof/rules/loopInvariantRules.key 
3024       DEBUG main            d.u.i.k.p.i.KeYFile       Read specifications obtained when parsing the Java files (usually JML and Strings.key) from file:/home/runner/work/key/key/key.core/build/resources/main/de/uka/ilkd/key/proof/rules/loopInvariantRules.key 
3025       DEBUG main            d.u.i.k.p.i.KeYFile       Reading KeY file file:/home/runner/work/key/key/key.core/build/resources/main/de/uka/ilkd/key/proof/rules/forLoopRules.key 
3025       DEBUG main            d.u.i.k.p.i.KeYFile       Read specifications obtained when parsing the Java files (usually JML and Strings.key) from file:/home/runner/work/key/key/key.core/build/resources/main/de/uka/ilkd/key/proof/rules/forLoopRules.key 
3030       DEBUG main            d.u.i.k.p.i.KeYFile       Reading KeY file file:/home/runner/work/key/key/key.core/build/resources/main/de/uka/ilkd/key/proof/rules/execRules.key 
3030       DEBUG main            d.u.i.k.p.i.KeYFile       Read specifications obtained when parsing the Java files (usually JML and Strings.key) from file:/home/runner/work/key/key/key.core/build/resources/main/de/uka/ilkd/key/proof/rules/execRules.key 
3085       DEBUG main            d.u.i.k.p.i.KeYFile       Reading KeY file file:/home/runner/work/key/key/key.core/build/resources/main/de/uka/ilkd/key/proof/rules/loopScopeRules.key 
3086       DEBUG main            d.u.i.k.p.i.KeYFile       Read specifications obtained when parsing the Java files (usually JML and Strings.key) from file:/home/runner/work/key/key/key.core/build/resources/main/de/uka/ilkd/key/proof/rules/loopScopeRules.key 
3102       DEBUG main            d.u.i.k.p.i.KeYFile       Reading KeY file file:/home/runner/work/key/key/key.core/build/resources/main/de/uka/ilkd/key/proof/rules/standardRules.key 
3102       DEBUG main            d.u.i.k.p.i.KeYFile       Read specifications obtained when parsing the Java files (usually JML and Strings.key) from file:/home/runner/work/key/key/key.core/build/resources/main/de/uka/ilkd/key/proof/rules/standardRules.key 
5513       DEBUG main            d.u.i.k.j.Recoder2KeY     converting now /home/runner/work/key/key/key.core/../key.ui/examples/InformationFlow/BlockContracts/src/contract/IFBlockExamples.java 
5520       DEBUG main            d.u.i.k.j.Recoder2KeY     converting now /home/runner/work/key/key/key.core/../key.ui/examples/InformationFlow/BlockContracts/src/contract/IFEfficiencyExamples.java 
5548       DEBUG main            d.u.i.k.s.TermLabelSettings TermLabelSettings: Failure while reading the setting "UseOriginLabels".Using the default value: true.The string read was: null 
5548       DEBUG main            d.u.i.k.p.i.KeYFile       Reading KeY file /home/runner/work/key/key/key.core/../key.ui/examples/InformationFlow/BlockContracts/contract.IFBlockExamples(contract.IFBlockExamples__secure_5()).JML operation contract.0.key 
5556       DEBUG main            d.u.i.k.p.i.KeYFile       Reading KeY file file:/home/runner/work/key/key/key.core/build/resources/main/de/uka/ilkd/key/java/JavaRedux/java/lang/String.key 
5561       DEBUG main            d.u.i.k.p.i.KeYFile       Read specifications obtained when parsing the Java files (usually JML and Strings.key) from file:/home/runner/work/key/key/key.core/build/resources/main/de/uka/ilkd/key/java/JavaRedux/java/lang/String.key 
7930       DEBUG main            d.u.i.k.p.i.KeYFile       Read specifications obtained when parsing the Java files (usually JML and Strings.key) from /home/runner/work/key/key/key.core/../key.ui/examples/InformationFlow/BlockContracts/contract.IFBlockExamples(contract.IFBlockExamples__secure_5()).JML operation contract.0.key 
8637       DEBUG Thread-1        d.u.i.k.j.TypeConverter   typeconverter: (prefix this;, class class de.uka.ilkd.key.java.reference.ThisReference) 
8907       INFO  main            d.u.i.k.p.r.p.TestFile    ... finished proof: closed. 
9014       DEBUG main            d.u.i.k.s.TermLabelSettings TermLabelSettings: Failure while reading the setting "UseOriginLabels".Using the default value: true.The string read was: null 
9014       INFO  main            d.u.i.k.p.r.p.TestFile    Now processing file /home/runner/work/key/key/key.core/../key.ui/examples/InformationFlow/BlockContracts/contract.IFBlockExamples(contract.IFBlockExamples__block_no_return_secure(int)).JML operation contract.0.key 
10005      DEBUG main            d.u.i.k.j.Recoder2KeY     converting now /home/runner/work/key/key/key.core/../key.ui/examples/InformationFlow/BlockContracts/src/contract/IFBlockExamples.java 
10009      DEBUG main            d.u.i.k.j.Recoder2KeY     converting now /home/runner/work/key/key/key.core/../key.ui/examples/InformationFlow/BlockContracts/src/contract/IFEfficiencyExamples.java 
10022      DEBUG main            d.u.i.k.s.TermLabelSettings TermLabelSettings: Failure while reading the setting "UseOriginLabels".Using the default value: true.The string read was: null 
10022      DEBUG main            d.u.i.k.p.i.KeYFile       Reading KeY file /home/runner/work/key/key/key.core/../key.ui/examples/InformationFlow/BlockContracts/contract.IFBlockExamples(contract.IFBlockExamples__block_no_return_secure(int)).JML operation contract.0.key 
10024      DEBUG main            d.u.i.k.p.i.KeYFile       Reading KeY file file:/home/runner/work/key/key/key.core/build/resources/main/de/uka/ilkd/key/java/JavaRedux/java/lang/String.key 
10026      DEBUG main            d.u.i.k.p.i.KeYFile       Read specifications obtained when parsing the Java files (usually JML and Strings.key) from file:/home/runner/work/key/key/key.core/build/resources/main/de/uka/ilkd/key/java/JavaRedux/java/lang/String.key 
11958      DEBUG main            d.u.i.k.p.i.KeYFile       Read specifications obtained when parsing the Java files (usually JML and Strings.key) from /home/runner/work/key/key/key.core/../key.ui/examples/InformationFlow/BlockContracts/contract.IFBlockExamples(contract.IFBlockExamples__block_no_return_secure(int)).JML operation contract.0.key 
12056      DEBUG Thread-3        d.u.i.k.j.TypeConverter   typeconverter: (prefix this;, class class de.uka.ilkd.key.java.reference.ThisReference) 
12090      DEBUG Thread-3        d.u.i.k.j.TypeConverter   typeconverter: (prefix this;, class class de.uka.ilkd.key.java.reference.ThisReference) 
12226      INFO  main            d.u.i.k.p.r.p.TestFile    ... finished proof: closed. 
12338      DEBUG main            d.u.i.k.s.TermLabelSettings TermLabelSettings: Failure while reading the setting "UseOriginLabels".Using the default value: true.The string read was: null 
12339      INFO  main            d.u.i.k.p.r.p.TestFile    Now processing file /home/runner/work/key/key/key.core/../key.ui/examples/InformationFlow/BlockContracts/contract.IFBlockExamples(contract.IFBlockExamples__while_block_insecure(int)).JML operation contract.0.key 
13303      DEBUG main            d.u.i.k.j.Recoder2KeY     converting now /home/runner/work/key/key/key.core/../key.ui/examples/InformationFlow/BlockContracts/src/contract/IFBlockExamples.java 
13305      DEBUG main            d.u.i.k.j.Recoder2KeY     converting now /home/runner/work/key/key/key.core/../key.ui/examples/InformationFlow/BlockContracts/src/contract/IFEfficiencyExamples.java 
13310      DEBUG main            d.u.i.k.s.TermLabelSettings TermLabelSettings: Failure while reading the setting "UseOriginLabels".Using the default value: true.The string read was: null 
13310      DEBUG main            d.u.i.k.p.i.KeYFile       Reading KeY file /home/runner/work/key/key/key.core/../key.ui/examples/InformationFlow/BlockContracts/contract.IFBlockExamples(contract.IFBlockExamples__while_block_insecure(int)).JML operation contract.0.key 
13311      DEBUG main            d.u.i.k.p.i.KeYFile       Reading KeY file file:/home/runner/work/key/key/key.core/build/resources/main/de/uka/ilkd/key/java/JavaRedux/java/lang/String.key 
13314      DEBUG main            d.u.i.k.p.i.KeYFile       Read specifications obtained when parsing the Java files (usually JML and Strings.key) from file:/home/runner/work/key/key/key.core/build/resources/main/de/uka/ilkd/key/java/JavaRedux/java/lang/String.key 
15153      DEBUG main            d.u.i.k.p.i.KeYFile       Read specifications obtained when parsing the Java files (usually JML and Strings.key) from /home/runner/work/key/key/key.core/../key.ui/examples/InformationFlow/BlockContracts/contract.IFBlockExamples(contract.IFBlockExamples__while_block_insecure(int)).JML operation contract.0.key 
15259      DEBUG Thread-5        d.u.i.k.j.TypeConverter   typeconverter: (prefix this;, class class de.uka.ilkd.key.java.reference.ThisReference) 
15273      DEBUG Thread-5        d.u.i.k.r.m.WhileLoopTransformation While-Loop-Tranform-Result: try {
  {
    if (_l > 0) {
      _l--;
      l1++;
    }
  }
} catch (java.lang.Throwable e#48) {
  exc#47 = true;
  thrownExc#49 = e#48;
} 
15335      DEBUG Thread-5        d.u.i.k.j.TypeConverter   typeconverter: (prefix this;, class class de.uka.ilkd.key.java.reference.ThisReference) 
15529      INFO  main            d.u.i.k.p.r.p.TestFile    ... finished proof: closed. 
15661      DEBUG main            d.u.i.k.s.TermLabelSettings TermLabelSettings: Failure while reading the setting "UseOriginLabels".Using the default value: true.The string read was: null 
15662      INFO  main            d.u.i.k.p.r.p.TestFile    Now processing file /home/runner/work/key/key/key.core/../key.ui/examples/InformationFlow/BlockContracts/contract.IFBlockExamples(contract.IFBlockExamples__while_block_secure(int)).JML operation contract.0.key 
16571      DEBUG main            d.u.i.k.j.Recoder2KeY     converting now /home/runner/work/key/key/key.core/../key.ui/examples/InformationFlow/BlockContracts/src/contract/IFBlockExamples.java 
16574      DEBUG main            d.u.i.k.j.Recoder2KeY     converting now /home/runner/work/key/key/key.core/../key.ui/examples/InformationFlow/BlockContracts/src/contract/IFEfficiencyExamples.java 
16579      DEBUG main            d.u.i.k.s.TermLabelSettings TermLabelSettings: Failure while reading the setting "UseOriginLabels".Using the default value: true.The string read was: null 
16579      DEBUG main            d.u.i.k.p.i.KeYFile       Reading KeY file /home/runner/work/key/key/key.core/../key.ui/examples/InformationFlow/BlockContracts/contract.IFBlockExamples(contract.IFBlockExamples__while_block_secure(int)).JML operation contract.0.key 
16581      DEBUG main            d.u.i.k.p.i.KeYFile       Reading KeY file file:/home/runner/work/key/key/key.core/build/resources/main/de/uka/ilkd/key/java/JavaRedux/java/lang/String.key 
16583      DEBUG main            d.u.i.k.p.i.KeYFile       Read specifications obtained when parsing the Java files (usually JML and Strings.key) from file:/home/runner/work/key/key/key.core/build/resources/main/de/uka/ilkd/key/java/JavaRedux/java/lang/String.key 
18396      DEBUG main            d.u.i.k.p.i.KeYFile       Read specifications obtained when parsing the Java files (usually JML and Strings.key) from /home/runner/work/key/key/key.core/../key.ui/examples/InformationFlow/BlockContracts/contract.IFBlockExamples(contract.IFBlockExamples__while_block_secure(int)).JML operation contract.0.key 
18469      DEBUG Thread-7        d.u.i.k.j.TypeConverter   typeconverter: (prefix this;, class class de.uka.ilkd.key.java.reference.ThisReference) 
18476      DEBUG Thread-7        d.u.i.k.r.m.WhileLoopTransformation While-Loop-Tranform-Result: try {
  {
    if (_l > 0) {
      _l--;
      l1++;
    }
  }
} catch (java.lang.Throwable e#48) {
  exc#47 = true;
  thrownExc#49 = e#48;
} 
18521      DEBUG Thread-7        d.u.i.k.j.TypeConverter   typeconverter: (prefix this;, class class de.uka.ilkd.key.java.reference.ThisReference) 
18751      INFO  main            d.u.i.k.p.r.p.TestFile    ... finished proof: closed. 
18881      DEBUG main            d.u.i.k.s.TermLabelSettings TermLabelSettings: Failure while reading the setting "UseOriginLabels".Using the default value: true.The string read was: null 
18881      INFO  main            d.u.i.k.p.r.p.TestFile    Now processing file /home/runner/work/key/key/key.core/../key.ui/examples/InformationFlow/BlockContracts/contract.IFBlockExamples(contract.IFBlockExamples__block_while_secure(int)).JML operation contract.0.key 
19787      DEBUG main            d.u.i.k.j.Recoder2KeY     converting now /home/runner/work/key/key/key.core/../key.ui/examples/InformationFlow/BlockContracts/src/contract/IFBlockExamples.java 
19789      DEBUG main            d.u.i.k.j.Recoder2KeY     converting now /home/runner/work/key/key/key.core/../key.ui/examples/InformationFlow/BlockContracts/src/contract/IFEfficiencyExamples.java 
19796      DEBUG main            d.u.i.k.s.TermLabelSettings TermLabelSettings: Failure while reading the setting "UseOriginLabels".Using the default value: true.The string read was: null 
19796      DEBUG main            d.u.i.k.p.i.KeYFile       Reading KeY file /home/runner/work/key/key/key.core/../key.ui/examples/InformationFlow/BlockContracts/contract.IFBlockExamples(contract.IFBlockExamples__block_while_secure(int)).JML operation contract.0.key 
19797      DEBUG main            d.u.i.k.p.i.KeYFile       Reading KeY file file:/home/runner/work/key/key/key.core/build/resources/main/de/uka/ilkd/key/java/JavaRedux/java/lang/String.key 
19799      DEBUG main            d.u.i.k.p.i.KeYFile       Read specifications obtained when parsing the Java files (usually JML and Strings.key) from file:/home/runner/work/key/key/key.core/build/resources/main/de/uka/ilkd/key/java/JavaRedux/java/lang/String.key 
21627      DEBUG main            d.u.i.k.p.i.KeYFile       Read specifications obtained when parsing the Java files (usually JML and Strings.key) from /home/runner/work/key/key/key.core/../key.ui/examples/InformationFlow/BlockContracts/contract.IFBlockExamples(contract.IFBlockExamples__block_while_secure(int)).JML operation contract.0.key 
21714      DEBUG Thread-9        d.u.i.k.j.TypeConverter   typeconverter: (prefix this;, class class de.uka.ilkd.key.java.reference.ThisReference) 
21749      DEBUG Thread-9        d.u.i.k.r.m.WhileLoopTransformation While-Loop-Tranform-Result: try {
  {
    if (_l > 0) {
      _l--;
      l1++;
    }
  }
} catch (java.lang.Throwable e#49) {
  exc#48 = true;
  thrownExc#50 = e#49;
} 
21780      DEBUG Thread-9        d.u.i.k.j.TypeConverter   typeconverter: (prefix this;, class class de.uka.ilkd.key.java.reference.ThisReference) 
21993      INFO  main            d.u.i.k.p.r.p.TestFile    ... finished proof: closed. 
22119      DEBUG main            d.u.i.k.s.TermLabelSettings TermLabelSettings: Failure while reading the setting "UseOriginLabels".Using the default value: true.The string read was: null 
22119      INFO  main            d.u.i.k.p.r.p.TestFile    Now processing file /home/runner/work/key/key/key.core/../key.ui/examples/InformationFlow/BlockContracts/contract.IFBlockExamples(contract.IFBlockExamples__insecure_4(int)).JML operation contract.0.key 
22982      DEBUG main            d.u.i.k.j.Recoder2KeY     converting now /home/runner/work/key/key/key.core/../key.ui/examples/InformationFlow/BlockContracts/src/contract/IFBlockExamples.java 
22984      DEBUG main            d.u.i.k.j.Recoder2KeY     converting now /home/runner/work/key/key/key.core/../key.ui/examples/InformationFlow/BlockContracts/src/contract/IFEfficiencyExamples.java 
22988      DEBUG main            d.u.i.k.s.TermLabelSettings TermLabelSettings: Failure while reading the setting "UseOriginLabels".Using the default value: true.The string read was: null 
22989      DEBUG main            d.u.i.k.p.i.KeYFile       Reading KeY file /home/runner/work/key/key/key.core/../key.ui/examples/InformationFlow/BlockContracts/contract.IFBlockExamples(contract.IFBlockExamples__insecure_4(int)).JML operation contract.0.key 
22990      DEBUG main            d.u.i.k.p.i.KeYFile       Reading KeY file file:/home/runner/work/key/key/key.core/build/resources/main/de/uka/ilkd/key/java/JavaRedux/java/lang/String.key 
22992      DEBUG main            d.u.i.k.p.i.KeYFile       Read specifications obtained when parsing the Java files (usually JML and Strings.key) from file:/home/runner/work/key/key/key.core/build/resources/main/de/uka/ilkd/key/java/JavaRedux/java/lang/String.key 
24814      DEBUG main            d.u.i.k.p.i.KeYFile       Read specifications obtained when parsing the Java files (usually JML and Strings.key) from /home/runner/work/key/key/key.core/../key.ui/examples/InformationFlow/BlockContracts/contract.IFBlockExamples(contract.IFBlockExamples__insecure_4(int)).JML operation contract.0.key 
24882      DEBUG Thread-11       d.u.i.k.j.TypeConverter   typeconverter: (prefix this;, class class de.uka.ilkd.key.java.reference.ThisReference) 
25265      INFO  main            d.u.i.k.p.r.p.TestFile    ... finished proof: closed. 
25418      DEBUG main            d.u.i.k.s.TermLabelSettings TermLabelSettings: Failure while reading the setting "UseOriginLabels".Using the default value: true.The string read was: null 
25419      INFO  main            d.u.i.k.p.r.p.TestFile    Now processing file /home/runner/work/key/key/key.core/../key.ui/examples/InformationFlow/BlockContracts/contract.IFBlockExamples(contract.IFBlockExamples__insecure_3(int)).JML operation contract.0.key 
26305      DEBUG main            d.u.i.k.j.Recoder2KeY     converting now /home/runner/work/key/key/key.core/../key.ui/examples/InformationFlow/BlockContracts/src/contract/IFBlockExamples.java 
26307      DEBUG main            d.u.i.k.j.Recoder2KeY     converting now /home/runner/work/key/key/key.core/../key.ui/examples/InformationFlow/BlockContracts/src/contract/IFEfficiencyExamples.java 
26316      DEBUG main            d.u.i.k.s.TermLabelSettings TermLabelSettings: Failure while reading the setting "UseOriginLabels".Using the default value: true.The string read was: null 
26316      DEBUG main            d.u.i.k.p.i.KeYFile       Reading KeY file /home/runner/work/key/key/key.core/../key.ui/examples/InformationFlow/BlockContracts/contract.IFBlockExamples(contract.IFBlockExamples__insecure_3(int)).JML operation contract.0.key 
26317      DEBUG main            d.u.i.k.p.i.KeYFile       Reading KeY file file:/home/runner/work/key/key/key.core/build/resources/main/de/uka/ilkd/key/java/JavaRedux/java/lang/String.key 
26320      DEBUG main            d.u.i.k.p.i.KeYFile       Read specifications obtained when parsing the Java files (usually JML and Strings.key) from file:/home/runner/work/key/key/key.core/build/resources/main/de/uka/ilkd/key/java/JavaRedux/java/lang/String.key 
28145      DEBUG main            d.u.i.k.p.i.KeYFile       Read specifications obtained when parsing the Java files (usually JML and Strings.key) from /home/runner/work/key/key/key.core/../key.ui/examples/InformationFlow/BlockContracts/contract.IFBlockExamples(contract.IFBlockExamples__insecure_3(int)).JML operation contract.0.key 
28211      DEBUG Thread-13       d.u.i.k.j.TypeConverter   typeconverter: (prefix this;, class class de.uka.ilkd.key.java.reference.ThisReference) 
28496      INFO  main            d.u.i.k.p.r.p.TestFile    ... finished proof: closed. 
28641      DEBUG main            d.u.i.k.s.TermLabelSettings TermLabelSettings: Failure while reading the setting "UseOriginLabels".Using the default value: true.The string read was: null 
28641      INFO  main            d.u.i.k.p.r.p.TestFile    Now processing file /home/runner/work/key/key/key.core/../key.ui/examples/InformationFlow/BlockContracts/contract.IFBlockExamples(contract.IFBlockExamples__secure_3(int)).JML operation contract.0.key 
29514      DEBUG main            d.u.i.k.j.Recoder2KeY     converting now /home/runner/work/key/key/key.core/../key.ui/examples/InformationFlow/BlockContracts/src/contract/IFBlockExamples.java 
29516      DEBUG main            d.u.i.k.j.Recoder2KeY     converting now /home/runner/work/key/key/key.core/../key.ui/examples/InformationFlow/BlockContracts/src/contract/IFEfficiencyExamples.java 
29520      DEBUG main            d.u.i.k.s.TermLabelSettings TermLabelSettings: Failure while reading the setting "UseOriginLabels".Using the default value: true.The string read was: null 
29520      DEBUG main            d.u.i.k.p.i.KeYFile       Reading KeY file /home/runner/work/key/key/key.core/../key.ui/examples/InformationFlow/BlockContracts/contract.IFBlockExamples(contract.IFBlockExamples__secure_3(int)).JML operation contract.0.key 
29521      DEBUG main            d.u.i.k.p.i.KeYFile       Reading KeY file file:/home/runner/work/key/key/key.core/build/resources/main/de/uka/ilkd/key/java/JavaRedux/java/lang/String.key 
29524      DEBUG main            d.u.i.k.p.i.KeYFile       Read specifications obtained when parsing the Java files (usually JML and Strings.key) from file:/home/runner/work/key/key/key.core/build/resources/main/de/uka/ilkd/key/java/JavaRedux/java/lang/String.key 
31302      DEBUG main            d.u.i.k.p.i.KeYFile       Read specifications obtained when parsing the Java files (usually JML and Strings.key) from /home/runner/work/key/key/key.core/../key.ui/examples/InformationFlow/BlockContracts/contract.IFBlockExamples(contract.IFBlockExamples__secure_3(int)).JML operation contract.0.key 
31373      DEBUG Thread-15       d.u.i.k.j.TypeConverter   typeconverter: (prefix this;, class class de.uka.ilkd.key.java.reference.ThisReference) 
31656      INFO  main            d.u.i.k.p.r.p.TestFile    ... finished proof: closed. 
31833      DEBUG main            d.u.i.k.s.TermLabelSettings TermLabelSettings: Failure while reading the setting "UseOriginLabels".Using the default value: true.The string read was: null 
31833      INFO  main            d.u.i.k.p.r.p.TestFile    Now processing file /home/runner/work/key/key/key.core/../key.ui/examples/InformationFlow/BlockContracts/contract.IFBlockExamples(contract.IFBlockExamples__secure_2(int)).JML operation contract.0.key 
32701      DEBUG main            d.u.i.k.j.Recoder2KeY     converting now /home/runner/work/key/key/key.core/../key.ui/examples/InformationFlow/BlockContracts/src/contract/IFBlockExamples.java 
32703      DEBUG main            d.u.i.k.j.Recoder2KeY     converting now /home/runner/work/key/key/key.core/../key.ui/examples/InformationFlow/BlockContracts/src/contract/IFEfficiencyExamples.java 
32707      DEBUG main            d.u.i.k.s.TermLabelSettings TermLabelSettings: Failure while reading the setting "UseOriginLabels".Using the default value: true.The string read was: null 
32708      DEBUG main            d.u.i.k.p.i.KeYFile       Reading KeY file /home/runner/work/key/key/key.core/../key.ui/examples/InformationFlow/BlockContracts/contract.IFBlockExamples(contract.IFBlockExamples__secure_2(int)).JML operation contract.0.key 
32709      DEBUG main            d.u.i.k.p.i.KeYFile       Reading KeY file file:/home/runner/work/key/key/key.core/build/resources/main/de/uka/ilkd/key/java/JavaRedux/java/lang/String.key 
32712      DEBUG main            d.u.i.k.p.i.KeYFile       Read specifications obtained when parsing the Java files (usually JML and Strings.key) from file:/home/runner/work/key/key/key.core/build/resources/main/de/uka/ilkd/key/java/JavaRedux/java/lang/String.key 
34484      DEBUG main            d.u.i.k.p.i.KeYFile       Read specifications obtained when parsing the Java files (usually JML and Strings.key) from /home/runner/work/key/key/key.core/../key.ui/examples/InformationFlow/BlockContracts/contract.IFBlockExamples(contract.IFBlockExamples__secure_2(int)).JML operation contract.0.key 
34549      DEBUG Thread-17       d.u.i.k.j.TypeConverter   typeconverter: (prefix this;, class class de.uka.ilkd.key.java.reference.ThisReference) 
34832      INFO  main            d.u.i.k.p.r.p.TestFile    ... finished proof: closed. 
34984      DEBUG main            d.u.i.k.s.TermLabelSettings TermLabelSettings: Failure while reading the setting "UseOriginLabels".Using the default value: true.The string read was: null 
34984      INFO  main            d.u.i.k.p.r.p.TestFile    Now processing file /home/runner/work/key/key/key.core/../key.ui/examples/InformationFlow/BlockContracts/contract.IFBlockExamples(contract.IFBlockExamples__secure_8(int)).JML operation contract.0.key 
35847      DEBUG main            d.u.i.k.j.Recoder2KeY     converting now /home/runner/work/key/key/key.core/../key.ui/examples/InformationFlow/BlockContracts/src/contract/IFBlockExamples.java 
35850      DEBUG main            d.u.i.k.j.Recoder2KeY     converting now /home/runner/work/key/key/key.core/../key.ui/examples/InformationFlow/BlockContracts/src/contract/IFEfficiencyExamples.java 
35854      DEBUG main            d.u.i.k.s.TermLabelSettings TermLabelSettings: Failure while reading the setting "UseOriginLabels".Using the default value: true.The string read was: null 
35855      DEBUG main            d.u.i.k.p.i.KeYFile       Reading KeY file /home/runner/work/key/key/key.core/../key.ui/examples/InformationFlow/BlockContracts/contract.IFBlockExamples(contract.IFBlockExamples__secure_8(int)).JML operation contract.0.key 
35856      DEBUG main            d.u.i.k.p.i.KeYFile       Reading KeY file file:/home/runner/work/key/key/key.core/build/resources/main/de/uka/ilkd/key/java/JavaRedux/java/lang/String.key 
35858      DEBUG main            d.u.i.k.p.i.KeYFile       Read specifications obtained when parsing the Java files (usually JML and Strings.key) from file:/home/runner/work/key/key/key.core/build/resources/main/de/uka/ilkd/key/java/JavaRedux/java/lang/String.key 
37631      DEBUG main            d.u.i.k.p.i.KeYFile       Read specifications obtained when parsing the Java files (usually JML and Strings.key) from /home/runner/work/key/key/key.core/../key.ui/examples/InformationFlow/BlockContracts/contract.IFBlockExamples(contract.IFBlockExamples__secure_8(int)).JML operation contract.0.key 
37709      DEBUG Thread-19       d.u.i.k.j.TypeConverter   typeconverter: (prefix this;, class class de.uka.ilkd.key.java.reference.ThisReference) 
37766      DEBUG Thread-19       d.u.i.k.j.TypeConverter   typeconverter: (prefix this;, class class de.uka.ilkd.key.java.reference.ThisReference) 
37801      DEBUG Thread-19       d.u.i.k.j.TypeConverter   typeconverter: (prefix this;, class class de.uka.ilkd.key.java.reference.ThisReference) 
37896      INFO  main            d.u.i.k.p.r.p.TestFile    ... finished proof: closed. 
38048      DEBUG main            d.u.i.k.s.TermLabelSettings TermLabelSettings: Failure while reading the setting "UseOriginLabels".Using the default value: true.The string read was: null 
38048      INFO  main            d.u.i.k.p.r.p.TestFile    Now processing file /home/runner/work/key/key/key.core/../key.ui/examples/InformationFlow/BlockContracts/contract.IFBlockExamples(contract.IFBlockExamples__secure_7(int)).JML operation contract.0.key 
38916      DEBUG main            d.u.i.k.j.Recoder2KeY     converting now /home/runner/work/key/key/key.core/../key.ui/examples/InformationFlow/BlockContracts/src/contract/IFBlockExamples.java 
38918      DEBUG main            d.u.i.k.j.Recoder2KeY     converting now /home/runner/work/key/key/key.core/../key.ui/examples/InformationFlow/BlockContracts/src/contract/IFEfficiencyExamples.java 
38922      DEBUG main            d.u.i.k.s.TermLabelSettings TermLabelSettings: Failure while reading the setting "UseOriginLabels".Using the default value: true.The string read was: null 
38923      DEBUG main            d.u.i.k.p.i.KeYFile       Reading KeY file /home/runner/work/key/key/key.core/../key.ui/examples/InformationFlow/BlockContracts/contract.IFBlockExamples(contract.IFBlockExamples__secure_7(int)).JML operation contract.0.key 
38924      DEBUG main            d.u.i.k.p.i.KeYFile       Reading KeY file file:/home/runner/work/key/key/key.core/build/resources/main/de/uka/ilkd/key/java/JavaRedux/java/lang/String.key 
38926      DEBUG main            d.u.i.k.p.i.KeYFile       Read specifications obtained when parsing the Java files (usually JML and Strings.key) from file:/home/runner/work/key/key/key.core/build/resources/main/de/uka/ilkd/key/java/JavaRedux/java/lang/String.key 
40712      DEBUG main            d.u.i.k.p.i.KeYFile       Read specifications obtained when parsing the Java files (usually JML and Strings.key) from /home/runner/work/key/key/key.core/../key.ui/examples/InformationFlow/BlockContracts/contract.IFBlockExamples(contract.IFBlockExamples__secure_7(int)).JML operation contract.0.key 
40794      DEBUG Thread-21       d.u.i.k.j.TypeConverter   typeconverter: (prefix this;, class class de.uka.ilkd.key.java.reference.ThisReference) 
40972      INFO  main            d.u.i.k.p.r.p.TestFile    ... finished proof: closed. 
41131      DEBUG main            d.u.i.k.s.TermLabelSettings TermLabelSettings: Failure while reading the setting "UseOriginLabels".Using the default value: true.The string read was: null 
41131      INFO  main            d.u.i.k.p.r.p.TestFile    Now processing file /home/runner/work/key/key/key.core/../key.ui/examples/InformationFlow/BlockContracts/contract.IFBlockExamples(contract.IFBlockExamples__secure_6(int)).JML operation contract.0.key 
41991      DEBUG main            d.u.i.k.j.Recoder2KeY     converting now /home/runner/work/key/key/key.core/../key.ui/examples/InformationFlow/BlockContracts/src/contract/IFBlockExamples.java 
41993      DEBUG main            d.u.i.k.j.Recoder2KeY     converting now /home/runner/work/key/key/key.core/../key.ui/examples/InformationFlow/BlockContracts/src/contract/IFEfficiencyExamples.java 
41999      DEBUG main            d.u.i.k.s.TermLabelSettings TermLabelSettings: Failure while reading the setting "UseOriginLabels".Using the default value: true.The string read was: null 
41999      DEBUG main            d.u.i.k.p.i.KeYFile       Reading KeY file /home/runner/work/key/key/key.core/../key.ui/examples/InformationFlow/BlockContracts/contract.IFBlockExamples(contract.IFBlockExamples__secure_6(int)).JML operation contract.0.key 
42000      DEBUG main            d.u.i.k.p.i.KeYFile       Reading KeY file file:/home/runner/work/key/key/key.core/build/resources/main/de/uka/ilkd/key/java/JavaRedux/java/lang/String.key 
42003      DEBUG main            d.u.i.k.p.i.KeYFile       Read specifications obtained when parsing the Java files (usually JML and Strings.key) from file:/home/runner/work/key/key/key.core/build/resources/main/de/uka/ilkd/key/java/JavaRedux/java/lang/String.key 
43760      DEBUG main            d.u.i.k.p.i.KeYFile       Read specifications obtained when parsing the Java files (usually JML and Strings.key) from /home/runner/work/key/key/key.core/../key.ui/examples/InformationFlow/BlockContracts/contract.IFBlockExamples(contract.IFBlockExamples__secure_6(int)).JML operation contract.0.key 
43827      DEBUG Thread-23       d.u.i.k.j.TypeConverter   typeconverter: (prefix this;, class class de.uka.ilkd.key.java.reference.ThisReference) 
44010      INFO  main            d.u.i.k.p.r.p.TestFile    ... finished proof: closed. 
44159      DEBUG main            d.u.i.k.s.TermLabelSettings TermLabelSettings: Failure while reading the setting "UseOriginLabels".Using the default value: true.The string read was: null 
44160      INFO  main            d.u.i.k.p.r.p.TestFile    Now processing file /home/runner/work/key/key/key.core/../key.ui/examples/InformationFlow/BlockContracts/contract.IFBlockExamples(contract.IFBlockExamples__insecure_1(int)).JML operation contract.0.key 
45004      DEBUG main            d.u.i.k.j.Recoder2KeY     converting now /home/runner/work/key/key/key.core/../key.ui/examples/InformationFlow/BlockContracts/src/contract/IFBlockExamples.java 
45005      DEBUG main            d.u.i.k.j.Recoder2KeY     converting now /home/runner/work/key/key/key.core/../key.ui/examples/InformationFlow/BlockContracts/src/contract/IFEfficiencyExamples.java 
45010      DEBUG main            d.u.i.k.s.TermLabelSettings TermLabelSettings: Failure while reading the setting "UseOriginLabels".Using the default value: true.The string read was: null 
45010      DEBUG main            d.u.i.k.p.i.KeYFile       Reading KeY file /home/runner/work/key/key/key.core/../key.ui/examples/InformationFlow/BlockContracts/contract.IFBlockExamples(contract.IFBlockExamples__insecure_1(int)).JML operation contract.0.key 
45011      DEBUG main            d.u.i.k.p.i.KeYFile       Reading KeY file file:/home/runner/work/key/key/key.core/build/resources/main/de/uka/ilkd/key/java/JavaRedux/java/lang/String.key 
45013      DEBUG main            d.u.i.k.p.i.KeYFile       Read specifications obtained when parsing the Java files (usually JML and Strings.key) from file:/home/runner/work/key/key/key.core/build/resources/main/de/uka/ilkd/key/java/JavaRedux/java/lang/String.key 
46774      DEBUG main            d.u.i.k.p.i.KeYFile       Read specifications obtained when parsing the Java files (usually JML and Strings.key) from /home/runner/work/key/key/key.core/../key.ui/examples/InformationFlow/BlockContracts/contract.IFBlockExamples(contract.IFBlockExamples__insecure_1(int)).JML operation contract.0.key 
46834      DEBUG Thread-25       d.u.i.k.j.TypeConverter   typeconverter: (prefix this;, class class de.uka.ilkd.key.java.reference.ThisReference) 
46919      INFO  main            d.u.i.k.p.r.p.TestFile    ... finished proof: closed. 
47081      DEBUG main            d.u.i.k.s.TermLabelSettings TermLabelSettings: Failure while reading the setting "UseOriginLabels".Using the default value: true.The string read was: null 
47081      INFO  main            d.u.i.k.p.r.p.TestFile    Now processing file /home/runner/work/key/key/key.core/../key.ui/examples/InformationFlow/BlockContracts/contract.IFBlockExamples(contract.IFBlockExamples__secure_4(int)).JML operation contract.0.key 
47932      DEBUG main            d.u.i.k.j.Recoder2KeY     converting now /home/runner/work/key/key/key.core/../key.ui/examples/InformationFlow/BlockContracts/src/contract/IFBlockExamples.java 
47934      DEBUG main            d.u.i.k.j.Recoder2KeY     converting now /home/runner/work/key/key/key.core/../key.ui/examples/InformationFlow/BlockContracts/src/contract/IFEfficiencyExamples.java 
47939      DEBUG main            d.u.i.k.s.TermLabelSettings TermLabelSettings: Failure while reading the setting "UseOriginLabels".Using the default value: true.The string read was: null 
47939      DEBUG main            d.u.i.k.p.i.KeYFile       Reading KeY file /home/runner/work/key/key/key.core/../key.ui/examples/InformationFlow/BlockContracts/contract.IFBlockExamples(contract.IFBlockExamples__secure_4(int)).JML operation contract.0.key 
47940      DEBUG main            d.u.i.k.p.i.KeYFile       Reading KeY file file:/home/runner/work/key/key/key.core/build/resources/main/de/uka/ilkd/key/java/JavaRedux/java/lang/String.key 
47943      DEBUG main            d.u.i.k.p.i.KeYFile       Read specifications obtained when parsing the Java files (usually JML and Strings.key) from file:/home/runner/work/key/key/key.core/build/resources/main/de/uka/ilkd/key/java/JavaRedux/java/lang/String.key 
49673      DEBUG main            d.u.i.k.p.i.KeYFile       Read specifications obtained when parsing the Java files (usually JML and Strings.key) from /home/runner/work/key/key/key.core/../key.ui/examples/InformationFlow/BlockContracts/contract.IFBlockExamples(contract.IFBlockExamples__secure_4(int)).JML operation contract.0.key 
49730      DEBUG Thread-27       d.u.i.k.j.TypeConverter   typeconverter: (prefix this;, class class de.uka.ilkd.key.java.reference.ThisReference) 
49915      INFO  main            d.u.i.k.p.r.p.TestFile    ... finished proof: closed. 
50088      DEBUG main            d.u.i.k.s.TermLabelSettings TermLabelSettings: Failure while reading the setting "UseOriginLabels".Using the default value: true.The string read was: null 
50088      INFO  main            d.u.i.k.p.r.p.TestFile    Now processing file /home/runner/work/key/key/key.core/../key.ui/examples/InformationFlow/BlockContracts/contract.IFBlockExamples(contract.IFBlockExamples__secure_1(int)).JML operation contract.0.key 
50938      DEBUG main            d.u.i.k.j.Recoder2KeY     converting now /home/runner/work/key/key/key.core/../key.ui/examples/InformationFlow/BlockContracts/src/contract/IFBlockExamples.java 
50940      DEBUG main            d.u.i.k.j.Recoder2KeY     converting now /home/runner/work/key/key/key.core/../key.ui/examples/InformationFlow/BlockContracts/src/contract/IFEfficiencyExamples.java 
50944      DEBUG main            d.u.i.k.s.TermLabelSettings TermLabelSettings: Failure while reading the setting "UseOriginLabels".Using the default value: true.The string read was: null 
50944      DEBUG main            d.u.i.k.p.i.KeYFile       Reading KeY file /home/runner/work/key/key/key.core/../key.ui/examples/InformationFlow/BlockContracts/contract.IFBlockExamples(contract.IFBlockExamples__secure_1(int)).JML operation contract.0.key 
50945      DEBUG main            d.u.i.k.p.i.KeYFile       Reading KeY file file:/home/runner/work/key/key/key.core/build/resources/main/de/uka/ilkd/key/java/JavaRedux/java/lang/String.key 
50947      DEBUG main            d.u.i.k.p.i.KeYFile       Read specifications obtained when parsing the Java files (usually JML and Strings.key) from file:/home/runner/work/key/key/key.core/build/resources/main/de/uka/ilkd/key/java/JavaRedux/java/lang/String.key 
52675      DEBUG main            d.u.i.k.p.i.KeYFile       Read specifications obtained when parsing the Java files (usually JML and Strings.key) from /home/runner/work/key/key/key.core/../key.ui/examples/InformationFlow/BlockContracts/contract.IFBlockExamples(contract.IFBlockExamples__secure_1(int)).JML operation contract.0.key 
52734      DEBUG Thread-29       d.u.i.k.j.TypeConverter   typeconverter: (prefix this;, class class de.uka.ilkd.key.java.reference.ThisReference) 
52919      INFO  main            d.u.i.k.p.r.p.TestFile    ... finished proof: closed. 
53076      DEBUG main            d.u.i.k.s.TermLabelSettings TermLabelSettings: Failure while reading the setting "UseOriginLabels".Using the default value: true.The string read was: null 
53076      INFO  main            d.u.i.k.p.r.p.TestFile    Now processing file /home/runner/work/key/key/key.core/../key.ui/examples/InformationFlow/BlockContracts/contract.IFEfficiencyExamples(contract.IFEfficiencyExamples__mWithoutBlockContract()).JML operation contract.0.key 
53918      DEBUG main            d.u.i.k.j.Recoder2KeY     converting now /home/runner/work/key/key/key.core/../key.ui/examples/InformationFlow/BlockContracts/src/contract/IFBlockExamples.java 
53920      DEBUG main            d.u.i.k.j.Recoder2KeY     converting now /home/runner/work/key/key/key.core/../key.ui/examples/InformationFlow/BlockContracts/src/contract/IFEfficiencyExamples.java 
53924      DEBUG main            d.u.i.k.s.TermLabelSettings TermLabelSettings: Failure while reading the setting "UseOriginLabels".Using the default value: true.The string read was: null 
53924      DEBUG main            d.u.i.k.p.i.KeYFile       Reading KeY file /home/runner/work/key/key/key.core/../key.ui/examples/InformationFlow/BlockContracts/contract.IFEfficiencyExamples(contract.IFEfficiencyExamples__mWithoutBlockContract()).JML operation contract.0.key 
53925      DEBUG main            d.u.i.k.p.i.KeYFile       Reading KeY file file:/home/runner/work/key/key/key.core/build/resources/main/de/uka/ilkd/key/java/JavaRedux/java/lang/String.key 
53928      DEBUG main            d.u.i.k.p.i.KeYFile       Read specifications obtained when parsing the Java files (usually JML and Strings.key) from file:/home/runner/work/key/key/key.core/build/resources/main/de/uka/ilkd/key/java/JavaRedux/java/lang/String.key 
55679      DEBUG main            d.u.i.k.p.i.KeYFile       Read specifications obtained when parsing the Java files (usually JML and Strings.key) from /home/runner/work/key/key/key.core/../key.ui/examples/InformationFlow/BlockContracts/contract.IFEfficiencyExamples(contract.IFEfficiencyExamples__mWithoutBlockContract()).JML operation contract.0.key 
55735      DEBUG Thread-31       d.u.i.k.j.TypeConverter   typeconverter: (prefix this;, class class de.uka.ilkd.key.java.reference.ThisReference) 
55753      DEBUG Thread-31       d.u.i.k.j.TypeConverter   typeconverter: (prefix this;, class class de.uka.ilkd.key.java.reference.ThisReference) 
55772      DEBUG Thread-31       d.u.i.k.j.TypeConverter   typeconverter: (prefix this;, class class de.uka.ilkd.key.java.reference.ThisReference) 
55790      DEBUG Thread-31       d.u.i.k.j.TypeConverter   typeconverter: (prefix this;, class class de.uka.ilkd.key.java.reference.ThisReference) 
55806      DEBUG Thread-31       d.u.i.k.j.TypeConverter   typeconverter: (prefix this;, class class de.uka.ilkd.key.java.reference.ThisReference) 
55813      DEBUG Thread-31       d.u.i.k.j.TypeConverter   typeconverter: (prefix this;, class class de.uka.ilkd.key.java.reference.ThisReference) 
55815      DEBUG Thread-31       d.u.i.k.j.TypeConverter   typeconverter: (prefix this;, class class de.uka.ilkd.key.java.reference.ThisReference) 
55832      DEBUG Thread-31       d.u.i.k.j.TypeConverter   typeconverter: (prefix this;, class class de.uka.ilkd.key.java.reference.ThisReference) 
55839      DEBUG Thread-31       d.u.i.k.j.TypeConverter   typeconverter: (prefix this;, class class de.uka.ilkd.key.java.reference.ThisReference) 
55848      DEBUG Thread-31       d.u.i.k.j.TypeConverter   typeconverter: (prefix this;, class class de.uka.ilkd.key.java.reference.ThisReference) 
55857      DEBUG Thread-31       d.u.i.k.j.TypeConverter   typeconverter: (prefix this;, class class de.uka.ilkd.key.java.reference.ThisReference) 
55866      DEBUG Thread-31       d.u.i.k.j.TypeConverter   typeconverter: (prefix this;, class class de.uka.ilkd.key.java.reference.ThisReference) 
55873      DEBUG Thread-31       d.u.i.k.j.TypeConverter   typeconverter: (prefix this;, class class de.uka.ilkd.key.java.reference.ThisReference) 
55893      DEBUG Thread-31       d.u.i.k.j.TypeConverter   typeconverter: (prefix this;, class class de.uka.ilkd.key.java.reference.ThisReference) 
55898      DEBUG Thread-31       d.u.i.k.j.TypeConverter   typeconverter: (prefix this;, class class de.uka.ilkd.key.java.reference.ThisReference) 
55921      DEBUG Thread-31       d.u.i.k.j.TypeConverter   typeconverter: (prefix this;, class class de.uka.ilkd.key.java.reference.ThisReference) 
55929      DEBUG Thread-31       d.u.i.k.j.TypeConverter   typeconverter: (prefix this;, class class de.uka.ilkd.key.java.reference.ThisReference) 
55936      DEBUG Thread-31       d.u.i.k.j.TypeConverter   typeconverter: (prefix this;, class class de.uka.ilkd.key.java.reference.ThisReference) 
55955      DEBUG Thread-31       d.u.i.k.j.TypeConverter   typeconverter: (prefix this;, class class de.uka.ilkd.key.java.reference.ThisReference) 
55973      DEBUG Thread-31       d.u.i.k.j.TypeConverter   typeconverter: (prefix this;, class class de.uka.ilkd.key.java.reference.ThisReference) 
55979      DEBUG Thread-31       d.u.i.k.j.TypeConverter   typeconverter: (prefix this;, class class de.uka.ilkd.key.java.reference.ThisReference) 
55983      DEBUG Thread-31       d.u.i.k.j.TypeConverter   typeconverter: (prefix this;, class class de.uka.ilkd.key.java.reference.ThisReference) 
56004      DEBUG Thread-31       d.u.i.k.j.TypeConverter   typeconverter: (prefix this;, class class de.uka.ilkd.key.java.reference.ThisReference) 
56012      DEBUG Thread-31       d.u.i.k.j.TypeConverter   typeconverter: (prefix this;, class class de.uka.ilkd.key.java.reference.ThisReference) 
56019      DEBUG Thread-31       d.u.i.k.j.TypeConverter   typeconverter: (prefix this;, class class de.uka.ilkd.key.java.reference.ThisReference) 
56033      DEBUG Thread-31       d.u.i.k.j.TypeConverter   typeconverter: (prefix this;, class class de.uka.ilkd.key.java.reference.ThisReference) 
56041      DEBUG Thread-31       d.u.i.k.j.TypeConverter   typeconverter: (prefix this;, class class de.uka.ilkd.key.java.reference.ThisReference) 
56048      DEBUG Thread-31       d.u.i.k.j.TypeConverter   typeconverter: (prefix this;, class class de.uka.ilkd.key.java.reference.ThisReference) 
56066      DEBUG Thread-31       d.u.i.k.j.TypeConverter   typeconverter: (prefix this;, class class de.uka.ilkd.key.java.reference.ThisReference) 
56071      DEBUG Thread-31       d.u.i.k.j.TypeConverter   typeconverter: (prefix this;, class class de.uka.ilkd.key.java.reference.ThisReference) 
56076      DEBUG Thread-31       d.u.i.k.j.TypeConverter   typeconverter: (prefix this;, class class de.uka.ilkd.key.java.reference.ThisReference) 
56099      DEBUG Thread-31       d.u.i.k.j.TypeConverter   typeconverter: (prefix this;, class class de.uka.ilkd.key.java.reference.ThisReference) 
56105      DEBUG Thread-31       d.u.i.k.j.TypeConverter   typeconverter: (prefix this;, class class de.uka.ilkd.key.java.reference.ThisReference) 
56123      DEBUG Thread-31       d.u.i.k.j.TypeConverter   typeconverter: (prefix this;, class class de.uka.ilkd.key.java.reference.ThisReference) 
56142      DEBUG Thread-31       d.u.i.k.j.TypeConverter   typeconverter: (prefix this;, class class de.uka.ilkd.key.java.reference.ThisReference) 
56160      DEBUG Thread-31       d.u.i.k.j.TypeConverter   typeconverter: (prefix this;, class class de.uka.ilkd.key.java.reference.ThisReference) 
56166      DEBUG Thread-31       d.u.i.k.j.TypeConverter   typeconverter: (prefix this;, class class de.uka.ilkd.key.java.reference.ThisReference) 
56170      DEBUG Thread-31       d.u.i.k.j.TypeConverter   typeconverter: (prefix this;, class class de.uka.ilkd.key.java.reference.ThisReference) 
56188      DEBUG Thread-31       d.u.i.k.j.TypeConverter   typeconverter: (prefix this;, class class de.uka.ilkd.key.java.reference.ThisReference) 
56196      DEBUG Thread-31       d.u.i.k.j.TypeConverter   typeconverter: (prefix this;, class class de.uka.ilkd.key.java.reference.ThisReference) 
56204      DEBUG Thread-31       d.u.i.k.j.TypeConverter   typeconverter: (prefix this;, class class de.uka.ilkd.key.java.reference.ThisReference) 
56214      DEBUG Thread-31       d.u.i.k.j.TypeConverter   typeconverter: (prefix this;, class class de.uka.ilkd.key.java.reference.ThisReference) 
56222      DEBUG Thread-31       d.u.i.k.j.TypeConverter   typeconverter: (prefix this;, class class de.uka.ilkd.key.java.reference.ThisReference) 
56229      DEBUG Thread-31       d.u.i.k.j.TypeConverter   typeconverter: (prefix this;, class class de.uka.ilkd.key.java.reference.ThisReference) 
56246      DEBUG Thread-31       d.u.i.k.j.TypeConverter   typeconverter: (prefix this;, class class de.uka.ilkd.key.java.reference.ThisReference) 
56251      DEBUG Thread-31       d.u.i.k.j.TypeConverter   typeconverter: (prefix this;, class class de.uka.ilkd.key.java.reference.ThisReference) 
56256      DEBUG Thread-31       d.u.i.k.j.TypeConverter   typeconverter: (prefix this;, class class de.uka.ilkd.key.java.reference.ThisReference) 
56325      INFO  main            d.u.i.k.p.r.p.TestFile    ... finished proof: closed. 
56505      DEBUG main            d.u.i.k.s.TermLabelSettings TermLabelSettings: Failure while reading the setting "UseOriginLabels".Using the default value: true.The string read was: null 
56505      INFO  main            d.u.i.k.p.r.p.TestFile    Now processing file /home/runner/work/key/key/key.core/../key.ui/examples/InformationFlow/BlockContracts/contract.IFEfficiencyExamples(contract.IFEfficiencyExamples__mWithBlockContract()).JML operation contract.0.key 
57345      DEBUG main            d.u.i.k.j.Recoder2KeY     converting now /home/runner/work/key/key/key.core/../key.ui/examples/InformationFlow/BlockContracts/src/contract/IFBlockExamples.java 
57347      DEBUG main            d.u.i.k.j.Recoder2KeY     converting now /home/runner/work/key/key/key.core/../key.ui/examples/InformationFlow/BlockContracts/src/contract/IFEfficiencyExamples.java 
57354      DEBUG main            d.u.i.k.s.TermLabelSettings TermLabelSettings: Failure while reading the setting "UseOriginLabels".Using the default value: true.The string read was: null 
57354      DEBUG main            d.u.i.k.p.i.KeYFile       Reading KeY file /home/runner/work/key/key/key.core/../key.ui/examples/InformationFlow/BlockContracts/contract.IFEfficiencyExamples(contract.IFEfficiencyExamples__mWithBlockContract()).JML operation contract.0.key 
57356      DEBUG main            d.u.i.k.p.i.KeYFile       Reading KeY file file:/home/runner/work/key/key/key.core/build/resources/main/de/uka/ilkd/key/java/JavaRedux/java/lang/String.key 
57359      DEBUG main            d.u.i.k.p.i.KeYFile       Read specifications obtained when parsing the Java files (usually JML and Strings.key) from file:/home/runner/work/key/key/key.core/build/resources/main/de/uka/ilkd/key/java/JavaRedux/java/lang/String.key 
59136      DEBUG main            d.u.i.k.p.i.KeYFile       Read specifications obtained when parsing the Java files (usually JML and Strings.key) from /home/runner/work/key/key/key.core/../key.ui/examples/InformationFlow/BlockContracts/contract.IFEfficiencyExamples(contract.IFEfficiencyExamples__mWithBlockContract()).JML operation contract.0.key 
59300      DEBUG Thread-33       d.u.i.k.j.TypeConverter   typeconverter: (prefix this;, class class de.uka.ilkd.key.java.reference.ThisReference) 
59332      DEBUG Thread-33       d.u.i.k.j.TypeConverter   typeconverter: (prefix this;, class class de.uka.ilkd.key.java.reference.ThisReference) 
59341      DEBUG Thread-33       d.u.i.k.j.TypeConverter   typeconverter: (prefix this;, class class de.uka.ilkd.key.java.reference.ThisReference) 
59400      DEBUG Thread-33       d.u.i.k.j.TypeConverter   typeconverter: (prefix this;, class class de.uka.ilkd.key.java.reference.ThisReference) 
59424      DEBUG Thread-33       d.u.i.k.j.TypeConverter   typeconverter: (prefix this;, class class de.uka.ilkd.key.java.reference.ThisReference) 
59446      DEBUG Thread-33       d.u.i.k.j.TypeConverter   typeconverter: (prefix this;, class class de.uka.ilkd.key.java.reference.ThisReference) 
59469      DEBUG Thread-33       d.u.i.k.j.TypeConverter   typeconverter: (prefix this;, class class de.uka.ilkd.key.java.reference.ThisReference) 
59485      DEBUG Thread-33       d.u.i.k.j.TypeConverter   typeconverter: (prefix this;, class class de.uka.ilkd.key.java.reference.ThisReference) 
59507      DEBUG Thread-33       d.u.i.k.j.TypeConverter   typeconverter: (prefix this;, class class de.uka.ilkd.key.java.reference.ThisReference) 
59516      DEBUG Thread-33       d.u.i.k.j.TypeConverter   typeconverter: (prefix this;, class class de.uka.ilkd.key.java.reference.ThisReference) 
59532      DEBUG Thread-33       d.u.i.k.j.TypeConverter   typeconverter: (prefix this;, class class de.uka.ilkd.key.java.reference.ThisReference) 
59578      INFO  main            d.u.i.k.p.r.p.TestFile    ... finished proof: closed. 
221160     INFO  Test worker     d.u.i.k.p.r.RunAllProofsTestUnit Returning from test BlockContracts 
221162     INFO  Test worker     d.u.i.k.p.r.RunAllProofsTestUnit Running test MethodContracts 
362        INFO  Timeout watchdog d.u.i.k.p.r.p.ForkedTestFileRunner Timeout watcher launched (1000 secs.) 
367        WARN  main            d.u.i.k.s.ProofSettings   The settings in /home/runner/.key/proof-settings.props are *not* read. 
398        DEBUG main            d.u.i.k.s.TermLabelSettings TermLabelSettings: Failure while reading the setting "UseOriginLabels".Using the default value: true.The string read was: null 
399        INFO  main            d.u.i.k.p.r.p.TestFile    Now processing file /home/runner/work/key/key/key.core/../key.ui/examples/InformationFlow/MethodContracts/contract.IFMethodContract(contract.IFMethodContract__secure_recursion_2((I,int)).JML normal_behavior operation contract.0.key 
1132       DEBUG main            d.u.i.k.p.i.KeYFile       Reading KeY file file:/home/runner/work/key/key/key.core/build/resources/main/de/uka/ilkd/key/proof/rules/ldt.key 
1132       DEBUG main            d.u.i.k.p.i.KeYFile       Read specifications obtained when parsing the Java files (usually JML and Strings.key) from file:/home/runner/work/key/key/key.core/build/resources/main/de/uka/ilkd/key/proof/rules/ldt.key 
1145       DEBUG main            d.u.i.k.p.i.KeYFile       Reading KeY file file:/home/runner/work/key/key/key.core/build/resources/main/de/uka/ilkd/key/proof/rules/propRule.key 
1146       DEBUG main            d.u.i.k.p.i.KeYFile       Read specifications obtained when parsing the Java files (usually JML and Strings.key) from file:/home/runner/work/key/key/key.core/build/resources/main/de/uka/ilkd/key/proof/rules/propRule.key 
1193       DEBUG main            d.u.i.k.p.i.KeYFile       Reading KeY file file:/home/runner/work/key/key/key.core/build/resources/main/de/uka/ilkd/key/proof/rules/firstOrderRules.key 
1199       DEBUG main            d.u.i.k.p.i.KeYFile       Read specifications obtained when parsing the Java files (usually JML and Strings.key) from file:/home/runner/work/key/key/key.core/build/resources/main/de/uka/ilkd/key/proof/rules/firstOrderRules.key 
1241       DEBUG main            d.u.i.k.p.i.KeYFile       Reading KeY file file:/home/runner/work/key/key/key.core/build/resources/main/de/uka/ilkd/key/proof/rules/ifThenElseRules.key 
1242       DEBUG main            d.u.i.k.p.i.KeYFile       Read specifications obtained when parsing the Java files (usually JML and Strings.key) from file:/home/runner/work/key/key/key.core/build/resources/main/de/uka/ilkd/key/proof/rules/ifThenElseRules.key 
1302       DEBUG main            d.u.i.k.p.i.KeYFile       Reading KeY file file:/home/runner/work/key/key/key.core/build/resources/main/de/uka/ilkd/key/proof/rules/formulaNormalisationRules.key 
1303       DEBUG main            d.u.i.k.p.i.KeYFile       Read specifications obtained when parsing the Java files (usually JML and Strings.key) from file:/home/runner/work/key/key/key.core/build/resources/main/de/uka/ilkd/key/proof/rules/formulaNormalisationRules.key 
1363       DEBUG main            d.u.i.k.p.i.KeYFile       Reading KeY file file:/home/runner/work/key/key/key.core/build/resources/main/de/uka/ilkd/key/proof/rules/updateRules.key 
1364       DEBUG main            d.u.i.k.p.i.KeYFile       Read specifications obtained when parsing the Java files (usually JML and Strings.key) from file:/home/runner/work/key/key/key.core/build/resources/main/de/uka/ilkd/key/proof/rules/updateRules.key 
1389       DEBUG main            d.u.i.k.p.i.KeYFile       Reading KeY file file:/home/runner/work/key/key/key.core/build/resources/main/de/uka/ilkd/key/proof/rules/integerRulesCommon.key 
1398       DEBUG main            d.u.i.k.p.i.KeYFile       Read specifications obtained when parsing the Java files (usually JML and Strings.key) from file:/home/runner/work/key/key/key.core/build/resources/main/de/uka/ilkd/key/proof/rules/integerRulesCommon.key 
1490       DEBUG main            d.u.i.k.p.i.KeYFile       Reading KeY file file:/home/runner/work/key/key/key.core/build/resources/main/de/uka/ilkd/key/proof/rules/intRules.key 
1490       DEBUG main            d.u.i.k.p.i.KeYFile       Read specifications obtained when parsing the Java files (usually JML and Strings.key) from file:/home/runner/work/key/key/key.core/build/resources/main/de/uka/ilkd/key/proof/rules/intRules.key 
1503       DEBUG main            d.u.i.k.p.i.KeYFile       Reading KeY file file:/home/runner/work/key/key/key.core/build/resources/main/de/uka/ilkd/key/proof/rules/intRulesUncheckedSemantics.key 
1504       DEBUG main            d.u.i.k.p.i.KeYFile       Read specifications obtained when parsing the Java files (usually JML and Strings.key) from file:/home/runner/work/key/key/key.core/build/resources/main/de/uka/ilkd/key/proof/rules/intRulesUncheckedSemantics.key 
1511       DEBUG main            d.u.i.k.p.i.KeYFile       Reading KeY file file:/home/runner/work/key/key/key.core/build/resources/main/de/uka/ilkd/key/proof/rules/intRulesCheckedSemantics.key 
1512       DEBUG main            d.u.i.k.p.i.KeYFile       Read specifications obtained when parsing the Java files (usually JML and Strings.key) from file:/home/runner/work/key/key/key.core/build/resources/main/de/uka/ilkd/key/proof/rules/intRulesCheckedSemantics.key 
1519       DEBUG main            d.u.i.k.p.i.KeYFile       Reading KeY file file:/home/runner/work/key/key/key.core/build/resources/main/de/uka/ilkd/key/proof/rules/intRulesJavaSemantics.key 
1519       DEBUG main            d.u.i.k.p.i.KeYFile       Read specifications obtained when parsing the Java files (usually JML and Strings.key) from file:/home/runner/work/key/key/key.core/build/resources/main/de/uka/ilkd/key/proof/rules/intRulesJavaSemantics.key 
1622       DEBUG main            d.u.i.k.p.i.KeYFile       Reading KeY file file:/home/runner/work/key/key/key.core/build/resources/main/de/uka/ilkd/key/proof/rules/integerSimplificationRules.key 
1624       DEBUG main            d.u.i.k.p.i.KeYFile       Read specifications obtained when parsing the Java files (usually JML and Strings.key) from file:/home/runner/work/key/key/key.core/build/resources/main/de/uka/ilkd/key/proof/rules/integerSimplificationRules.key 
1722       DEBUG main            d.u.i.k.j.TypeConverter   No LDT found for Meta 
1725       DEBUG main            d.u.i.k.j.TypeConverter   No LDT found for Meta 
1728       DEBUG main            d.u.i.k.j.TypeConverter   No LDT found for Meta 
1729       DEBUG main            d.u.i.k.j.TypeConverter   No LDT found for Meta 
1779       DEBUG main            d.u.i.k.p.i.KeYFile       Reading KeY file file:/home/runner/work/key/key/key.core/build/resources/main/de/uka/ilkd/key/proof/rules/intDiv.key 
1779       DEBUG main            d.u.i.k.p.i.KeYFile       Read specifications obtained when parsing the Java files (usually JML and Strings.key) from file:/home/runner/work/key/key/key.core/build/resources/main/de/uka/ilkd/key/proof/rules/intDiv.key 
1922       DEBUG main            d.u.i.k.p.i.KeYFile       Reading KeY file file:/home/runner/work/key/key/key.core/build/resources/main/de/uka/ilkd/key/proof/rules/bsum.key 
1922       DEBUG main            d.u.i.k.p.i.KeYFile       Read specifications obtained when parsing the Java files (usually JML and Strings.key) from file:/home/runner/work/key/key/key.core/build/resources/main/de/uka/ilkd/key/proof/rules/bsum.key 
1994       DEBUG main            d.u.i.k.p.i.KeYFile       Reading KeY file file:/home/runner/work/key/key/key.core/build/resources/main/de/uka/ilkd/key/proof/rules/bprod.key 
1995       DEBUG main            d.u.i.k.p.i.KeYFile       Read specifications obtained when parsing the Java files (usually JML and Strings.key) from file:/home/runner/work/key/key/key.core/build/resources/main/de/uka/ilkd/key/proof/rules/bprod.key 
2009       DEBUG main            d.u.i.k.p.i.KeYFile       Reading KeY file file:/home/runner/work/key/key/key.core/build/resources/main/de/uka/ilkd/key/proof/rules/binaryAxioms.key 
2011       DEBUG main            d.u.i.k.p.i.KeYFile       Read specifications obtained when parsing the Java files (usually JML and Strings.key) from file:/home/runner/work/key/key/key.core/build/resources/main/de/uka/ilkd/key/proof/rules/binaryAxioms.key 
2016       DEBUG main            d.u.i.k.p.i.KeYFile       Reading KeY file file:/home/runner/work/key/key/key.core/build/resources/main/de/uka/ilkd/key/proof/rules/binaryLemmas.key 
2016       DEBUG main            d.u.i.k.p.i.KeYFile       Read specifications obtained when parsing the Java files (usually JML and Strings.key) from file:/home/runner/work/key/key/key.core/build/resources/main/de/uka/ilkd/key/proof/rules/binaryLemmas.key 
2033       DEBUG main            d.u.i.k.p.i.KeYFile       Reading KeY file file:/home/runner/work/key/key/key.core/build/resources/main/de/uka/ilkd/key/proof/rules/intPow.key 
2033       DEBUG main            d.u.i.k.p.i.KeYFile       Read specifications obtained when parsing the Java files (usually JML and Strings.key) from file:/home/runner/work/key/key/key.core/build/resources/main/de/uka/ilkd/key/proof/rules/intPow.key 
2065       DEBUG main            d.u.i.k.p.i.KeYFile       Reading KeY file file:/home/runner/work/key/key/key.core/build/resources/main/de/uka/ilkd/key/proof/rules/floatRulesCommon.key 
2065       DEBUG main            d.u.i.k.p.i.KeYFile       Read specifications obtained when parsing the Java files (usually JML and Strings.key) from file:/home/runner/work/key/key/key.core/build/resources/main/de/uka/ilkd/key/proof/rules/floatRulesCommon.key 
2076       DEBUG main            d.u.i.k.p.i.KeYFile       Reading KeY file file:/home/runner/work/key/key/key.core/build/resources/main/de/uka/ilkd/key/proof/rules/floatRules.key 
2076       DEBUG main            d.u.i.k.p.i.KeYFile       Read specifications obtained when parsing the Java files (usually JML and Strings.key) from file:/home/runner/work/key/key/key.core/build/resources/main/de/uka/ilkd/key/proof/rules/floatRules.key 
2077       DEBUG main            d.u.i.k.p.i.KeYFile       Reading KeY file file:/home/runner/work/key/key/key.core/build/resources/main/de/uka/ilkd/key/proof/rules/floatRulesVerifyNormal.key 
2077       DEBUG main            d.u.i.k.p.i.KeYFile       Read specifications obtained when parsing the Java files (usually JML and Strings.key) from file:/home/runner/work/key/key/key.core/build/resources/main/de/uka/ilkd/key/proof/rules/floatRulesVerifyNormal.key 
2081       DEBUG main            d.u.i.k.p.i.KeYFile       Reading KeY file file:/home/runner/work/key/key/key.core/build/resources/main/de/uka/ilkd/key/proof/rules/floatRulesAssumeStrictfp.key 
2081       DEBUG main            d.u.i.k.p.i.KeYFile       Read specifications obtained when parsing the Java files (usually JML and Strings.key) from file:/home/runner/work/key/key/key.core/build/resources/main/de/uka/ilkd/key/proof/rules/floatRulesAssumeStrictfp.key 
2109       DEBUG main            d.u.i.k.p.i.KeYFile       Reading KeY file file:/home/runner/work/key/key/key.core/build/resources/main/de/uka/ilkd/key/proof/rules/genericRules.key 
2110       DEBUG main            d.u.i.k.p.i.KeYFile       Read specifications obtained when parsing the Java files (usually JML and Strings.key) from file:/home/runner/work/key/key/key.core/build/resources/main/de/uka/ilkd/key/proof/rules/genericRules.key 
2120       DEBUG main            d.u.i.k.p.i.KeYFile       Reading KeY file file:/home/runner/work/key/key/key.core/build/resources/main/de/uka/ilkd/key/proof/rules/booleanRules.key 
2120       DEBUG main            d.u.i.k.p.i.KeYFile       Read specifications obtained when parsing the Java files (usually JML and Strings.key) from file:/home/runner/work/key/key/key.core/build/resources/main/de/uka/ilkd/key/proof/rules/booleanRules.key 
2126       DEBUG main            d.u.i.k.p.i.KeYFile       Reading KeY file file:/home/runner/work/key/key/key.core/build/resources/main/de/uka/ilkd/key/proof/rules/epsilon.key 
2126       DEBUG main            d.u.i.k.p.i.KeYFile       Read specifications obtained when parsing the Java files (usually JML and Strings.key) from file:/home/runner/work/key/key/key.core/build/resources/main/de/uka/ilkd/key/proof/rules/epsilon.key 
2163       DEBUG main            d.u.i.k.p.i.KeYFile       Reading KeY file file:/home/runner/work/key/key/key.core/build/resources/main/de/uka/ilkd/key/proof/rules/locSetsRules.key 
2163       DEBUG main            d.u.i.k.p.i.KeYFile       Read specifications obtained when parsing the Java files (usually JML and Strings.key) from file:/home/runner/work/key/key/key.core/build/resources/main/de/uka/ilkd/key/proof/rules/locSetsRules.key 
2224       DEBUG main            d.u.i.k.p.i.KeYFile       Reading KeY file file:/home/runner/work/key/key/key.core/build/resources/main/de/uka/ilkd/key/proof/rules/heapRules.key 
2224       DEBUG main            d.u.i.k.p.i.KeYFile       Read specifications obtained when parsing the Java files (usually JML and Strings.key) from file:/home/runner/work/key/key/key.core/build/resources/main/de/uka/ilkd/key/proof/rules/heapRules.key 
2285       DEBUG main            d.u.i.k.p.i.KeYFile       Reading KeY file file:/home/runner/work/key/key/key.core/build/resources/main/de/uka/ilkd/key/proof/rules/permissionRules.key 
2285       DEBUG main            d.u.i.k.p.i.KeYFile       Read specifications obtained when parsing the Java files (usually JML and Strings.key) from file:/home/runner/work/key/key/key.core/build/resources/main/de/uka/ilkd/key/proof/rules/permissionRules.key 
2328       DEBUG main            d.u.i.k.p.i.KeYFile       Reading KeY file file:/home/runner/work/key/key/key.core/build/resources/main/de/uka/ilkd/key/proof/rules/reachRules.key 
2329       DEBUG main            d.u.i.k.p.i.KeYFile       Read specifications obtained when parsing the Java files (usually JML and Strings.key) from file:/home/runner/work/key/key/key.core/build/resources/main/de/uka/ilkd/key/proof/rules/reachRules.key 
2342       DEBUG main            d.u.i.k.p.i.KeYFile       Reading KeY file file:/home/runner/work/key/key/key.core/build/resources/main/de/uka/ilkd/key/proof/rules/seqCoreRules.key 
2342       DEBUG main            d.u.i.k.p.i.KeYFile       Read specifications obtained when parsing the Java files (usually JML and Strings.key) from file:/home/runner/work/key/key/key.core/build/resources/main/de/uka/ilkd/key/proof/rules/seqCoreRules.key 
2363       DEBUG main            d.u.i.k.p.i.KeYFile       Reading KeY file file:/home/runner/work/key/key/key.core/build/resources/main/de/uka/ilkd/key/proof/rules/seqRules.key 
2364       DEBUG main            d.u.i.k.p.i.KeYFile       Read specifications obtained when parsing the Java files (usually JML and Strings.key) from file:/home/runner/work/key/key/key.core/build/resources/main/de/uka/ilkd/key/proof/rules/seqRules.key 
2402       DEBUG main            d.u.i.k.p.i.KeYFile       Reading KeY file file:/home/runner/work/key/key/key.core/build/resources/main/de/uka/ilkd/key/proof/rules/seqPerm.key 
2402       DEBUG main            d.u.i.k.p.i.KeYFile       Read specifications obtained when parsing the Java files (usually JML and Strings.key) from file:/home/runner/work/key/key/key.core/build/resources/main/de/uka/ilkd/key/proof/rules/seqPerm.key 
2420       DEBUG main            d.u.i.k.p.i.KeYFile       Reading KeY file file:/home/runner/work/key/key/key.core/build/resources/main/de/uka/ilkd/key/proof/rules/seqPerm2.key 
2420       DEBUG main            d.u.i.k.p.i.KeYFile       Read specifications obtained when parsing the Java files (usually JML and Strings.key) from file:/home/runner/work/key/key/key.core/build/resources/main/de/uka/ilkd/key/proof/rules/seqPerm2.key 
2530       DEBUG main            d.u.i.k.p.i.KeYFile       Reading KeY file file:/home/runner/work/key/key/key.core/build/resources/main/de/uka/ilkd/key/proof/rules/assertions.key 
2530       DEBUG main            d.u.i.k.p.i.KeYFile       Read specifications obtained when parsing the Java files (usually JML and Strings.key) from file:/home/runner/work/key/key/key.core/build/resources/main/de/uka/ilkd/key/proof/rules/assertions.key 
2578       DEBUG main            d.u.i.k.p.i.KeYFile       Reading KeY file file:/home/runner/work/key/key/key.core/build/resources/main/de/uka/ilkd/key/proof/rules/javaRules.key 
2578       DEBUG main            d.u.i.k.p.i.KeYFile       Read specifications obtained when parsing the Java files (usually JML and Strings.key) from file:/home/runner/work/key/key/key.core/build/resources/main/de/uka/ilkd/key/proof/rules/javaRules.key 
2961       DEBUG main            d.u.i.k.p.i.KeYFile       Reading KeY file file:/home/runner/work/key/key/key.core/build/resources/main/de/uka/ilkd/key/proof/rules/loopRules.key 
2961       DEBUG main            d.u.i.k.p.i.KeYFile       Read specifications obtained when parsing the Java files (usually JML and Strings.key) from file:/home/runner/work/key/key/key.core/build/resources/main/de/uka/ilkd/key/proof/rules/loopRules.key 
2976       DEBUG main            d.u.i.k.p.i.KeYFile       Reading KeY file file:/home/runner/work/key/key/key.core/build/resources/main/de/uka/ilkd/key/proof/rules/activeUse.key 
2976       DEBUG main            d.u.i.k.p.i.KeYFile       Read specifications obtained when parsing the Java files (usually JML and Strings.key) from file:/home/runner/work/key/key/key.core/build/resources/main/de/uka/ilkd/key/proof/rules/activeUse.key 
3028       DEBUG main            d.u.i.k.p.i.KeYFile       Reading KeY file file:/home/runner/work/key/key/key.core/build/resources/main/de/uka/ilkd/key/proof/rules/instanceAllocation.key 
3028       DEBUG main            d.u.i.k.p.i.KeYFile       Read specifications obtained when parsing the Java files (usually JML and Strings.key) from file:/home/runner/work/key/key/key.core/build/resources/main/de/uka/ilkd/key/proof/rules/instanceAllocation.key 
3039       DEBUG main            d.u.i.k.p.i.KeYFile       Reading KeY file file:/home/runner/work/key/key/key.core/build/resources/main/de/uka/ilkd/key/proof/rules/java5.key 
3039       DEBUG main            d.u.i.k.p.i.KeYFile       Read specifications obtained when parsing the Java files (usually JML and Strings.key) from file:/home/runner/work/key/key/key.core/build/resources/main/de/uka/ilkd/key/proof/rules/java5.key 
3047       DEBUG main            d.u.i.k.p.i.KeYFile       Reading KeY file file:/home/runner/work/key/key/key.core/build/resources/main/de/uka/ilkd/key/proof/rules/integerAssignment2UpdateRules.key 
3048       DEBUG main            d.u.i.k.p.i.KeYFile       Read specifications obtained when parsing the Java files (usually JML and Strings.key) from file:/home/runner/work/key/key/key.core/build/resources/main/de/uka/ilkd/key/proof/rules/integerAssignment2UpdateRules.key 
3078       DEBUG main            d.u.i.k.p.i.KeYFile       Reading KeY file file:/home/runner/work/key/key/key.core/build/resources/main/de/uka/ilkd/key/proof/rules/floatAssignment2UpdateRules.key 
3078       DEBUG main            d.u.i.k.p.i.KeYFile       Read specifications obtained when parsing the Java files (usually JML and Strings.key) from file:/home/runner/work/key/key/key.core/build/resources/main/de/uka/ilkd/key/proof/rules/floatAssignment2UpdateRules.key 
3115       DEBUG main            d.u.i.k.p.i.KeYFile       Reading KeY file file:/home/runner/work/key/key/key.core/build/resources/main/de/uka/ilkd/key/proof/rules/bigint.key 
3115       DEBUG main            d.u.i.k.p.i.KeYFile       Read specifications obtained when parsing the Java files (usually JML and Strings.key) from file:/home/runner/work/key/key/key.core/build/resources/main/de/uka/ilkd/key/proof/rules/bigint.key 
3124       DEBUG main            d.u.i.k.j.TypeConverter   No LDT found for JavaBigintExpression 
3130       DEBUG main            d.u.i.k.p.i.KeYFile       Reading KeY file file:/home/runner/work/key/key/key.core/build/resources/main/de/uka/ilkd/key/proof/rules/adtProgramDecompositionRules.key 
3130       DEBUG main            d.u.i.k.p.i.KeYFile       Read specifications obtained when parsing the Java files (usually JML and Strings.key) from file:/home/runner/work/key/key/key.core/build/resources/main/de/uka/ilkd/key/proof/rules/adtProgramDecompositionRules.key 
3144       DEBUG main            d.u.i.k.p.i.KeYFile       Reading KeY file file:/home/runner/work/key/key/key.core/build/resources/main/de/uka/ilkd/key/proof/rules/precRules.key 
3144       DEBUG main            d.u.i.k.p.i.KeYFile       Read specifications obtained when parsing the Java files (usually JML and Strings.key) from file:/home/runner/work/key/key/key.core/build/resources/main/de/uka/ilkd/key/proof/rules/precRules.key 
3153       DEBUG main            d.u.i.k.p.i.KeYFile       Reading KeY file file:/home/runner/work/key/key/key.core/build/resources/main/de/uka/ilkd/key/proof/rules/charListRules.key 
3153       DEBUG main            d.u.i.k.p.i.KeYFile       Read specifications obtained when parsing the Java files (usually JML and Strings.key) from file:/home/runner/work/key/key/key.core/build/resources/main/de/uka/ilkd/key/proof/rules/charListRules.key 
3162       DEBUG main            d.u.i.k.p.i.KeYFile       Reading KeY file file:/home/runner/work/key/key/key.core/build/resources/main/de/uka/ilkd/key/proof/rules/regExHeader.key 
3163       DEBUG main            d.u.i.k.p.i.KeYFile       Read specifications obtained when parsing the Java files (usually JML and Strings.key) from file:/home/runner/work/key/key/key.core/build/resources/main/de/uka/ilkd/key/proof/rules/regExHeader.key 
3165       DEBUG main            d.u.i.k.p.i.KeYFile       Reading KeY file file:/home/runner/work/key/key/key.core/build/resources/main/de/uka/ilkd/key/proof/rules/regExAxioms.key 
3165       DEBUG main            d.u.i.k.p.i.KeYFile       Read specifications obtained when parsing the Java files (usually JML and Strings.key) from file:/home/runner/work/key/key/key.core/build/resources/main/de/uka/ilkd/key/proof/rules/regExAxioms.key 
3189       DEBUG main            d.u.i.k.p.i.KeYFile       Reading KeY file file:/home/runner/work/key/key/key.core/build/resources/main/de/uka/ilkd/key/proof/rules/regExLemmaProven.key 
3189       DEBUG main            d.u.i.k.p.i.KeYFile       Read specifications obtained when parsing the Java files (usually JML and Strings.key) from file:/home/runner/work/key/key/key.core/build/resources/main/de/uka/ilkd/key/proof/rules/regExLemmaProven.key 
3193       DEBUG main            d.u.i.k.p.i.KeYFile       Reading KeY file file:/home/runner/work/key/key/key.core/build/resources/main/de/uka/ilkd/key/proof/rules/regExTheory.key 
3193       DEBUG main            d.u.i.k.p.i.KeYFile       Read specifications obtained when parsing the Java files (usually JML and Strings.key) from file:/home/runner/work/key/key/key.core/build/resources/main/de/uka/ilkd/key/proof/rules/regExTheory.key 
3197       DEBUG main            d.u.i.k.p.i.KeYFile       Reading KeY file file:/home/runner/work/key/key/key.core/build/resources/main/de/uka/ilkd/key/proof/rules/seqEq.key 
3197       DEBUG main            d.u.i.k.p.i.KeYFile       Read specifications obtained when parsing the Java files (usually JML and Strings.key) from file:/home/runner/work/key/key/key.core/build/resources/main/de/uka/ilkd/key/proof/rules/seqEq.key 
3203       DEBUG main            d.u.i.k.p.i.KeYFile       Reading KeY file file:/home/runner/work/key/key/key.core/build/resources/main/de/uka/ilkd/key/proof/rules/infFlow.key 
3205       DEBUG main            d.u.i.k.p.i.KeYFile       Read specifications obtained when parsing the Java files (usually JML and Strings.key) from file:/home/runner/work/key/key/key.core/build/resources/main/de/uka/ilkd/key/proof/rules/infFlow.key 
3208       DEBUG main            d.u.i.k.p.i.KeYFile       Reading KeY file file:/home/runner/work/key/key/key.core/build/resources/main/de/uka/ilkd/key/proof/rules/mapSize.key 
3209       DEBUG main            d.u.i.k.p.i.KeYFile       Read specifications obtained when parsing the Java files (usually JML and Strings.key) from file:/home/runner/work/key/key/key.core/build/resources/main/de/uka/ilkd/key/proof/rules/mapSize.key 
3215       DEBUG main            d.u.i.k.p.i.KeYFile       Reading KeY file file:/home/runner/work/key/key/key.core/build/resources/main/de/uka/ilkd/key/proof/rules/wdHeader.key 
3216       DEBUG main            d.u.i.k.p.i.KeYFile       Read specifications obtained when parsing the Java files (usually JML and Strings.key) from file:/home/runner/work/key/key/key.core/build/resources/main/de/uka/ilkd/key/proof/rules/wdHeader.key 
3217       DEBUG main            d.u.i.k.p.i.KeYFile       Reading KeY file file:/home/runner/work/key/key/key.core/build/resources/main/de/uka/ilkd/key/proof/rules/wdGeneralRules.key 
3217       DEBUG main            d.u.i.k.p.i.KeYFile       Read specifications obtained when parsing the Java files (usually JML and Strings.key) from file:/home/runner/work/key/key/key.core/build/resources/main/de/uka/ilkd/key/proof/rules/wdGeneralRules.key 
3228       DEBUG main            d.u.i.k.p.i.KeYFile       Reading KeY file file:/home/runner/work/key/key/key.core/build/resources/main/de/uka/ilkd/key/proof/rules/wdNumericalRules.key 
3229       DEBUG main            d.u.i.k.p.i.KeYFile       Read specifications obtained when parsing the Java files (usually JML and Strings.key) from file:/home/runner/work/key/key/key.core/build/resources/main/de/uka/ilkd/key/proof/rules/wdNumericalRules.key 
3245       DEBUG main            d.u.i.k.p.i.KeYFile       Reading KeY file file:/home/runner/work/key/key/key.core/build/resources/main/de/uka/ilkd/key/proof/rules/wdLocSetRules.key 
3245       DEBUG main            d.u.i.k.p.i.KeYFile       Read specifications obtained when parsing the Java files (usually JML and Strings.key) from file:/home/runner/work/key/key/key.core/build/resources/main/de/uka/ilkd/key/proof/rules/wdLocSetRules.key 
3250       DEBUG main            d.u.i.k.p.i.KeYFile       Reading KeY file file:/home/runner/work/key/key/key.core/build/resources/main/de/uka/ilkd/key/proof/rules/wdHeapRules.key 
3250       DEBUG main            d.u.i.k.p.i.KeYFile       Read specifications obtained when parsing the Java files (usually JML and Strings.key) from file:/home/runner/work/key/key/key.core/build/resources/main/de/uka/ilkd/key/proof/rules/wdHeapRules.key 
3253       DEBUG main            d.u.i.k.p.i.KeYFile       Reading KeY file file:/home/runner/work/key/key/key.core/build/resources/main/de/uka/ilkd/key/proof/rules/wdReachRules.key 
3253       DEBUG main            d.u.i.k.p.i.KeYFile       Read specifications obtained when parsing the Java files (usually JML and Strings.key) from file:/home/runner/work/key/key/key.core/build/resources/main/de/uka/ilkd/key/proof/rules/wdReachRules.key 
3255       DEBUG main            d.u.i.k.p.i.KeYFile       Reading KeY file file:/home/runner/work/key/key/key.core/build/resources/main/de/uka/ilkd/key/proof/rules/wdSeqRules.key 
3255       DEBUG main            d.u.i.k.p.i.KeYFile       Read specifications obtained when parsing the Java files (usually JML and Strings.key) from file:/home/runner/work/key/key/key.core/build/resources/main/de/uka/ilkd/key/proof/rules/wdSeqRules.key 
3258       DEBUG main            d.u.i.k.p.i.KeYFile       Reading KeY file file:/home/runner/work/key/key/key.core/build/resources/main/de/uka/ilkd/key/proof/rules/wdStringRules.key 
3260       DEBUG main            d.u.i.k.p.i.KeYFile       Read specifications obtained when parsing the Java files (usually JML and Strings.key) from file:/home/runner/work/key/key/key.core/build/resources/main/de/uka/ilkd/key/proof/rules/wdStringRules.key 
3263       DEBUG main            d.u.i.k.p.i.KeYFile       Reading KeY file file:/home/runner/work/key/key/key.core/build/resources/main/de/uka/ilkd/key/proof/rules/wdRegExRules.key 
3263       DEBUG main            d.u.i.k.p.i.KeYFile       Read specifications obtained when parsing the Java files (usually JML and Strings.key) from file:/home/runner/work/key/key/key.core/build/resources/main/de/uka/ilkd/key/proof/rules/wdRegExRules.key 
3271       DEBUG main            d.u.i.k.p.i.KeYFile       Reading KeY file file:/home/runner/work/key/key/key.core/build/resources/main/de/uka/ilkd/key/proof/rules/wdFormulaRules.key 
3272       DEBUG main            d.u.i.k.p.i.KeYFile       Read specifications obtained when parsing the Java files (usually JML and Strings.key) from file:/home/runner/work/key/key/key.core/build/resources/main/de/uka/ilkd/key/proof/rules/wdFormulaRules.key 
3281       DEBUG main            d.u.i.k.p.i.KeYFile       Reading KeY file file:/home/runner/work/key/key/key.core/build/resources/main/de/uka/ilkd/key/proof/rules/wd.key 
3281       DEBUG main            d.u.i.k.p.i.KeYFile       Read specifications obtained when parsing the Java files (usually JML and Strings.key) from file:/home/runner/work/key/key/key.core/build/resources/main/de/uka/ilkd/key/proof/rules/wd.key 
3282       DEBUG main            d.u.i.k.p.i.KeYFile       Reading KeY file file:/home/runner/work/key/key/key.core/build/resources/main/de/uka/ilkd/key/proof/rules/loopInvariantRules.key 
3282       DEBUG main            d.u.i.k.p.i.KeYFile       Read specifications obtained when parsing the Java files (usually JML and Strings.key) from file:/home/runner/work/key/key/key.core/build/resources/main/de/uka/ilkd/key/proof/rules/loopInvariantRules.key 
3283       DEBUG main            d.u.i.k.p.i.KeYFile       Reading KeY file file:/home/runner/work/key/key/key.core/build/resources/main/de/uka/ilkd/key/proof/rules/forLoopRules.key 
3284       DEBUG main            d.u.i.k.p.i.KeYFile       Read specifications obtained when parsing the Java files (usually JML and Strings.key) from file:/home/runner/work/key/key/key.core/build/resources/main/de/uka/ilkd/key/proof/rules/forLoopRules.key 
3289       DEBUG main            d.u.i.k.p.i.KeYFile       Reading KeY file file:/home/runner/work/key/key/key.core/build/resources/main/de/uka/ilkd/key/proof/rules/execRules.key 
3289       DEBUG main            d.u.i.k.p.i.KeYFile       Read specifications obtained when parsing the Java files (usually JML and Strings.key) from file:/home/runner/work/key/key/key.core/build/resources/main/de/uka/ilkd/key/proof/rules/execRules.key 
3362       DEBUG main            d.u.i.k.p.i.KeYFile       Reading KeY file file:/home/runner/work/key/key/key.core/build/resources/main/de/uka/ilkd/key/proof/rules/loopScopeRules.key 
3362       DEBUG main            d.u.i.k.p.i.KeYFile       Read specifications obtained when parsing the Java files (usually JML and Strings.key) from file:/home/runner/work/key/key/key.core/build/resources/main/de/uka/ilkd/key/proof/rules/loopScopeRules.key 
3411       DEBUG main            d.u.i.k.p.i.KeYFile       Reading KeY file file:/home/runner/work/key/key/key.core/build/resources/main/de/uka/ilkd/key/proof/rules/standardRules.key 
3412       DEBUG main            d.u.i.k.p.i.KeYFile       Read specifications obtained when parsing the Java files (usually JML and Strings.key) from file:/home/runner/work/key/key/key.core/build/resources/main/de/uka/ilkd/key/proof/rules/standardRules.key 
5895       DEBUG main            d.u.i.k.j.Recoder2KeY     converting now /home/runner/work/key/key/key.core/../key.ui/examples/InformationFlow/MethodContracts/src/contract/IFMethodContract.java 
5952       DEBUG main            d.u.i.k.s.TermLabelSettings TermLabelSettings: Failure while reading the setting "UseOriginLabels".Using the default value: true.The string read was: null 
5952       DEBUG main            d.u.i.k.p.i.KeYFile       Reading KeY file /home/runner/work/key/key/key.core/../key.ui/examples/InformationFlow/MethodContracts/contract.IFMethodContract(contract.IFMethodContract__secure_recursion_2((I,int)).JML normal_behavior operation contract.0.key 
5968       DEBUG main            d.u.i.k.p.i.KeYFile       Reading KeY file file:/home/runner/work/key/key/key.core/build/resources/main/de/uka/ilkd/key/java/JavaRedux/java/lang/String.key 
5974       DEBUG main            d.u.i.k.p.i.KeYFile       Read specifications obtained when parsing the Java files (usually JML and Strings.key) from file:/home/runner/work/key/key/key.core/build/resources/main/de/uka/ilkd/key/java/JavaRedux/java/lang/String.key 
8271       DEBUG main            d.u.i.k.p.i.KeYFile       Read specifications obtained when parsing the Java files (usually JML and Strings.key) from /home/runner/work/key/key/key.core/../key.ui/examples/InformationFlow/MethodContracts/contract.IFMethodContract(contract.IFMethodContract__secure_recursion_2((I,int)).JML normal_behavior operation contract.0.key 
9308       DEBUG Thread-1        d.u.i.k.j.TypeConverter   typeconverter: (prefix this;, class class de.uka.ilkd.key.java.reference.ThisReference) 
9464       INFO  main            d.u.i.k.p.r.p.TestFile    ... finished proof: closed. 
9584       DEBUG main            d.u.i.k.s.TermLabelSettings TermLabelSettings: Failure while reading the setting "UseOriginLabels".Using the default value: true.The string read was: null 
9584       INFO  main            d.u.i.k.p.r.p.TestFile    Now processing file /home/runner/work/key/key/key.core/../key.ui/examples/InformationFlow/MethodContracts/contract.IFMethodContract(contract.IFMethodContract__secure_recursion(int)).JML normal_behavior operation contract.0.key 
10645      DEBUG main            d.u.i.k.j.Recoder2KeY     converting now /home/runner/work/key/key/key.core/../key.ui/examples/InformationFlow/MethodContracts/src/contract/IFMethodContract.java 
10658      DEBUG main            d.u.i.k.s.TermLabelSettings TermLabelSettings: Failure while reading the setting "UseOriginLabels".Using the default value: true.The string read was: null 
10658      DEBUG main            d.u.i.k.p.i.KeYFile       Reading KeY file /home/runner/work/key/key/key.core/../key.ui/examples/InformationFlow/MethodContracts/contract.IFMethodContract(contract.IFMethodContract__secure_recursion(int)).JML normal_behavior operation contract.0.key 
10661      DEBUG main            d.u.i.k.p.i.KeYFile       Reading KeY file file:/home/runner/work/key/key/key.core/build/resources/main/de/uka/ilkd/key/java/JavaRedux/java/lang/String.key 
10664      DEBUG main            d.u.i.k.p.i.KeYFile       Read specifications obtained when parsing the Java files (usually JML and Strings.key) from file:/home/runner/work/key/key/key.core/build/resources/main/de/uka/ilkd/key/java/JavaRedux/java/lang/String.key 
12577      DEBUG main            d.u.i.k.p.i.KeYFile       Read specifications obtained when parsing the Java files (usually JML and Strings.key) from /home/runner/work/key/key/key.core/../key.ui/examples/InformationFlow/MethodContracts/contract.IFMethodContract(contract.IFMethodContract__secure_recursion(int)).JML normal_behavior operation contract.0.key 
12789      DEBUG Thread-3        d.u.i.k.j.TypeConverter   typeconverter: (prefix this;, class class de.uka.ilkd.key.java.reference.ThisReference) 
12806      DEBUG Thread-3        d.u.i.k.j.TypeConverter   typeconverter: (prefix this;, class class de.uka.ilkd.key.java.reference.ThisReference) 
12849      INFO  main            d.u.i.k.p.r.p.TestFile    ... finished proof: closed. 
12986      DEBUG main            d.u.i.k.s.TermLabelSettings TermLabelSettings: Failure while reading the setting "UseOriginLabels".Using the default value: true.The string read was: null 
12986      INFO  main            d.u.i.k.p.r.p.TestFile    Now processing file /home/runner/work/key/key/key.core/../key.ui/examples/InformationFlow/MethodContracts/contract.IFMethodContract(contract.IFMethodContract__secure_catch_exception()).JML operation contract.0.key 
13910      DEBUG main            d.u.i.k.j.Recoder2KeY     converting now /home/runner/work/key/key/key.core/../key.ui/examples/InformationFlow/MethodContracts/src/contract/IFMethodContract.java 
13917      DEBUG main            d.u.i.k.s.TermLabelSettings TermLabelSettings: Failure while reading the setting "UseOriginLabels".Using the default value: true.The string read was: null 
13918      DEBUG main            d.u.i.k.p.i.KeYFile       Reading KeY file /home/runner/work/key/key/key.core/../key.ui/examples/InformationFlow/MethodContracts/contract.IFMethodContract(contract.IFMethodContract__secure_catch_exception()).JML operation contract.0.key 
13919      DEBUG main            d.u.i.k.p.i.KeYFile       Reading KeY file file:/home/runner/work/key/key/key.core/build/resources/main/de/uka/ilkd/key/java/JavaRedux/java/lang/String.key 
13922      DEBUG main            d.u.i.k.p.i.KeYFile       Read specifications obtained when parsing the Java files (usually JML and Strings.key) from file:/home/runner/work/key/key/key.core/build/resources/main/de/uka/ilkd/key/java/JavaRedux/java/lang/String.key 
15778      DEBUG main            d.u.i.k.p.i.KeYFile       Read specifications obtained when parsing the Java files (usually JML and Strings.key) from /home/runner/work/key/key/key.core/../key.ui/examples/InformationFlow/MethodContracts/contract.IFMethodContract(contract.IFMethodContract__secure_catch_exception()).JML operation contract.0.key 
15867      DEBUG Thread-5        d.u.i.k.r.m.MethodCall    method-call: called for n7(); 
15868      DEBUG Thread-5        d.u.i.k.r.m.MethodCall    method-call: invocation of non-private instance method detected.Requires dynamic resolving. 
15967      DEBUG Thread-5        d.u.i.k.j.TypeConverter   typeconverter: (prefix this;, class class de.uka.ilkd.key.java.reference.ThisReference) 
16054      INFO  main            d.u.i.k.p.r.p.TestFile    ... finished proof: closed. 
16185      DEBUG main            d.u.i.k.s.TermLabelSettings TermLabelSettings: Failure while reading the setting "UseOriginLabels".Using the default value: true.The string read was: null 
16185      INFO  main            d.u.i.k.p.r.p.TestFile    Now processing file /home/runner/work/key/key/key.core/../key.ui/examples/InformationFlow/MethodContracts/contract.IFMethodContract(contract.IFMethodContract__n6()).JML normal_behavior operation contract.0.key 
17109      DEBUG main            d.u.i.k.j.Recoder2KeY     converting now /home/runner/work/key/key/key.core/../key.ui/examples/InformationFlow/MethodContracts/src/contract/IFMethodContract.java 
17115      DEBUG main            d.u.i.k.s.TermLabelSettings TermLabelSettings: Failure while reading the setting "UseOriginLabels".Using the default value: true.The string read was: null 
17115      DEBUG main            d.u.i.k.p.i.KeYFile       Reading KeY file /home/runner/work/key/key/key.core/../key.ui/examples/InformationFlow/MethodContracts/contract.IFMethodContract(contract.IFMethodContract__n6()).JML normal_behavior operation contract.0.key 
17117      DEBUG main            d.u.i.k.p.i.KeYFile       Reading KeY file file:/home/runner/work/key/key/key.core/build/resources/main/de/uka/ilkd/key/java/JavaRedux/java/lang/String.key 
17119      DEBUG main            d.u.i.k.p.i.KeYFile       Read specifications obtained when parsing the Java files (usually JML and Strings.key) from file:/home/runner/work/key/key/key.core/build/resources/main/de/uka/ilkd/key/java/JavaRedux/java/lang/String.key 
18976      DEBUG main            d.u.i.k.p.i.KeYFile       Read specifications obtained when parsing the Java files (usually JML and Strings.key) from /home/runner/work/key/key/key.core/../key.ui/examples/InformationFlow/MethodContracts/contract.IFMethodContract(contract.IFMethodContract__n6()).JML normal_behavior operation contract.0.key 
19075      DEBUG Thread-7        d.u.i.k.j.TypeConverter   typeconverter: (prefix this;, class class de.uka.ilkd.key.java.reference.ThisReference) 
19080      DEBUG Thread-7        d.u.i.k.j.TypeConverter   typeconverter: (prefix this;, class class de.uka.ilkd.key.java.reference.ThisReference) 
19088      DEBUG Thread-7        d.u.i.k.j.TypeConverter   typeconverter: (prefix this;, class class de.uka.ilkd.key.java.reference.ThisReference) 
19158      INFO  main            d.u.i.k.p.r.p.TestFile    ... finished proof: closed. 
19274      DEBUG main            d.u.i.k.s.TermLabelSettings TermLabelSettings: Failure while reading the setting "UseOriginLabels".Using the default value: true.The string read was: null 
19274      INFO  main            d.u.i.k.p.r.p.TestFile    Now processing file /home/runner/work/key/key/key.core/../key.ui/examples/InformationFlow/MethodContracts/contract.IFMethodContract(contract.IFMethodContract__secure_n6()).JML operation contract.0.key 
20219      DEBUG main            d.u.i.k.j.Recoder2KeY     converting now /home/runner/work/key/key/key.core/../key.ui/examples/InformationFlow/MethodContracts/src/contract/IFMethodContract.java 
20227      DEBUG main            d.u.i.k.s.TermLabelSettings TermLabelSettings: Failure while reading the setting "UseOriginLabels".Using the default value: true.The string read was: null 
20227      DEBUG main            d.u.i.k.p.i.KeYFile       Reading KeY file /home/runner/work/key/key/key.core/../key.ui/examples/InformationFlow/MethodContracts/contract.IFMethodContract(contract.IFMethodContract__secure_n6()).JML operation contract.0.key 
20229      DEBUG main            d.u.i.k.p.i.KeYFile       Reading KeY file file:/home/runner/work/key/key/key.core/build/resources/main/de/uka/ilkd/key/java/JavaRedux/java/lang/String.key 
20231      DEBUG main            d.u.i.k.p.i.KeYFile       Read specifications obtained when parsing the Java files (usually JML and Strings.key) from file:/home/runner/work/key/key/key.core/build/resources/main/de/uka/ilkd/key/java/JavaRedux/java/lang/String.key 
22037      DEBUG main            d.u.i.k.p.i.KeYFile       Read specifications obtained when parsing the Java files (usually JML and Strings.key) from /home/runner/work/key/key/key.core/../key.ui/examples/InformationFlow/MethodContracts/contract.IFMethodContract(contract.IFMethodContract__secure_n6()).JML operation contract.0.key 
22202      INFO  main            d.u.i.k.p.r.p.TestFile    ... finished proof: closed. 
22347      DEBUG main            d.u.i.k.s.TermLabelSettings TermLabelSettings: Failure while reading the setting "UseOriginLabels".Using the default value: true.The string read was: null 
22347      INFO  main            d.u.i.k.p.r.p.TestFile    Now processing file /home/runner/work/key/key/key.core/../key.ui/examples/InformationFlow/MethodContracts/contract.IFMethodContract(contract.IFMethodContract__secure_array_param_helper()).JML normal_behavior operation contract.0.key 
23238      DEBUG main            d.u.i.k.j.Recoder2KeY     converting now /home/runner/work/key/key/key.core/../key.ui/examples/InformationFlow/MethodContracts/src/contract/IFMethodContract.java 
23245      DEBUG main            d.u.i.k.s.TermLabelSettings TermLabelSettings: Failure while reading the setting "UseOriginLabels".Using the default value: true.The string read was: null 
23245      DEBUG main            d.u.i.k.p.i.KeYFile       Reading KeY file /home/runner/work/key/key/key.core/../key.ui/examples/InformationFlow/MethodContracts/contract.IFMethodContract(contract.IFMethodContract__secure_array_param_helper()).JML normal_behavior operation contract.0.key 
23246      DEBUG main            d.u.i.k.p.i.KeYFile       Reading KeY file file:/home/runner/work/key/key/key.core/build/resources/main/de/uka/ilkd/key/java/JavaRedux/java/lang/String.key 
23249      DEBUG main            d.u.i.k.p.i.KeYFile       Read specifications obtained when parsing the Java files (usually JML and Strings.key) from file:/home/runner/work/key/key/key.core/build/resources/main/de/uka/ilkd/key/java/JavaRedux/java/lang/String.key 
25034      DEBUG main            d.u.i.k.p.i.KeYFile       Read specifications obtained when parsing the Java files (usually JML and Strings.key) from /home/runner/work/key/key/key.core/../key.ui/examples/InformationFlow/MethodContracts/contract.IFMethodContract(contract.IFMethodContract__secure_array_param_helper()).JML normal_behavior operation contract.0.key 
25180      INFO  main            d.u.i.k.p.r.p.TestFile    ... finished proof: closed. 
25317      DEBUG main            d.u.i.k.s.TermLabelSettings TermLabelSettings: Failure while reading the setting "UseOriginLabels".Using the default value: true.The string read was: null 
25317      INFO  main            d.u.i.k.p.r.p.TestFile    Now processing file /home/runner/work/key/key/key.core/../key.ui/examples/InformationFlow/MethodContracts/contract.IFMethodContract(contract.IFMethodContract__secure_array_param((I,int)).JML operation contract.0.key 
26199      DEBUG main            d.u.i.k.j.Recoder2KeY     converting now /home/runner/work/key/key/key.core/../key.ui/examples/InformationFlow/MethodContracts/src/contract/IFMethodContract.java 
26205      DEBUG main            d.u.i.k.s.TermLabelSettings TermLabelSettings: Failure while reading the setting "UseOriginLabels".Using the default value: true.The string read was: null 
26205      DEBUG main            d.u.i.k.p.i.KeYFile       Reading KeY file /home/runner/work/key/key/key.core/../key.ui/examples/InformationFlow/MethodContracts/contract.IFMethodContract(contract.IFMethodContract__secure_array_param((I,int)).JML operation contract.0.key 
26206      DEBUG main            d.u.i.k.p.i.KeYFile       Reading KeY file file:/home/runner/work/key/key/key.core/build/resources/main/de/uka/ilkd/key/java/JavaRedux/java/lang/String.key 
26209      DEBUG main            d.u.i.k.p.i.KeYFile       Read specifications obtained when parsing the Java files (usually JML and Strings.key) from file:/home/runner/work/key/key/key.core/build/resources/main/de/uka/ilkd/key/java/JavaRedux/java/lang/String.key 
27985      DEBUG main            d.u.i.k.p.i.KeYFile       Read specifications obtained when parsing the Java files (usually JML and Strings.key) from /home/runner/work/key/key/key.core/../key.ui/examples/InformationFlow/MethodContracts/contract.IFMethodContract(contract.IFMethodContract__secure_array_param((I,int)).JML operation contract.0.key 
28232      INFO  main            d.u.i.k.p.r.p.TestFile    ... finished proof: closed. 
28360      DEBUG main            d.u.i.k.s.TermLabelSettings TermLabelSettings: Failure while reading the setting "UseOriginLabels".Using the default value: true.The string read was: null 
28360      INFO  main            d.u.i.k.p.r.p.TestFile    Now processing file /home/runner/work/key/key/key.core/../key.ui/examples/InformationFlow/MethodContracts/contract.IFMethodContract(contract.IFMethodContract__n9()).JML normal_behavior operation contract.0.key 
29237      DEBUG main            d.u.i.k.j.Recoder2KeY     converting now /home/runner/work/key/key/key.core/../key.ui/examples/InformationFlow/MethodContracts/src/contract/IFMethodContract.java 
29243      DEBUG main            d.u.i.k.s.TermLabelSettings TermLabelSettings: Failure while reading the setting "UseOriginLabels".Using the default value: true.The string read was: null 
29244      DEBUG main            d.u.i.k.p.i.KeYFile       Reading KeY file /home/runner/work/key/key/key.core/../key.ui/examples/InformationFlow/MethodContracts/contract.IFMethodContract(contract.IFMethodContract__n9()).JML normal_behavior operation contract.0.key 
29245      DEBUG main            d.u.i.k.p.i.KeYFile       Reading KeY file file:/home/runner/work/key/key/key.core/build/resources/main/de/uka/ilkd/key/java/JavaRedux/java/lang/String.key 
29248      DEBUG main            d.u.i.k.p.i.KeYFile       Read specifications obtained when parsing the Java files (usually JML and Strings.key) from file:/home/runner/work/key/key/key.core/build/resources/main/de/uka/ilkd/key/java/JavaRedux/java/lang/String.key 
31051      DEBUG main            d.u.i.k.p.i.KeYFile       Read specifications obtained when parsing the Java files (usually JML and Strings.key) from /home/runner/work/key/key/key.core/../key.ui/examples/InformationFlow/MethodContracts/contract.IFMethodContract(contract.IFMethodContract__n9()).JML normal_behavior operation contract.0.key 
31119      DEBUG Thread-15       d.u.i.k.j.TypeConverter   typeconverter: (prefix this;, class class de.uka.ilkd.key.java.reference.ThisReference) 
31122      DEBUG Thread-15       d.u.i.k.j.TypeConverter   typeconverter: (prefix this;, class class de.uka.ilkd.key.java.reference.ThisReference) 
31198      INFO  main            d.u.i.k.p.r.p.TestFile    ... finished proof: closed. 
31324      DEBUG main            d.u.i.k.s.TermLabelSettings TermLabelSettings: Failure while reading the setting "UseOriginLabels".Using the default value: true.The string read was: null 
31324      INFO  main            d.u.i.k.p.r.p.TestFile    Now processing file /home/runner/work/key/key/key.core/../key.ui/examples/InformationFlow/MethodContracts/contract.IFMethodContract(contract.IFMethodContract__secure_assignment_0_n9()).JML operation contract.0.key 
32198      DEBUG main            d.u.i.k.j.Recoder2KeY     converting now /home/runner/work/key/key/key.core/../key.ui/examples/InformationFlow/MethodContracts/src/contract/IFMethodContract.java 
32203      DEBUG main            d.u.i.k.s.TermLabelSettings TermLabelSettings: Failure while reading the setting "UseOriginLabels".Using the default value: true.The string read was: null 
32203      DEBUG main            d.u.i.k.p.i.KeYFile       Reading KeY file /home/runner/work/key/key/key.core/../key.ui/examples/InformationFlow/MethodContracts/contract.IFMethodContract(contract.IFMethodContract__secure_assignment_0_n9()).JML operation contract.0.key 
32204      DEBUG main            d.u.i.k.p.i.KeYFile       Reading KeY file file:/home/runner/work/key/key/key.core/build/resources/main/de/uka/ilkd/key/java/JavaRedux/java/lang/String.key 
32207      DEBUG main            d.u.i.k.p.i.KeYFile       Read specifications obtained when parsing the Java files (usually JML and Strings.key) from file:/home/runner/work/key/key/key.core/build/resources/main/de/uka/ilkd/key/java/JavaRedux/java/lang/String.key 
33980      DEBUG main            d.u.i.k.p.i.KeYFile       Read specifications obtained when parsing the Java files (usually JML and Strings.key) from /home/runner/work/key/key/key.core/../key.ui/examples/InformationFlow/MethodContracts/contract.IFMethodContract(contract.IFMethodContract__secure_assignment_0_n9()).JML operation contract.0.key 
34035      DEBUG Thread-17       d.u.i.k.j.TypeConverter   typeconverter: (prefix this;, class class de.uka.ilkd.key.java.reference.ThisReference) 
34124      INFO  main            d.u.i.k.p.r.p.TestFile    ... finished proof: closed. 
34282      DEBUG main            d.u.i.k.s.TermLabelSettings TermLabelSettings: Failure while reading the setting "UseOriginLabels".Using the default value: true.The string read was: null 
34282      INFO  main            d.u.i.k.p.r.p.TestFile    Now processing file /home/runner/work/key/key/key.core/../key.ui/examples/InformationFlow/MethodContracts/contract.IFMethodContract(contract.IFMethodContract__insecure_if_high_n5_n1()).JML operation contract.0.key 
35162      DEBUG main            d.u.i.k.j.Recoder2KeY     converting now /home/runner/work/key/key/key.core/../key.ui/examples/InformationFlow/MethodContracts/src/contract/IFMethodContract.java 
35167      DEBUG main            d.u.i.k.s.TermLabelSettings TermLabelSettings: Failure while reading the setting "UseOriginLabels".Using the default value: true.The string read was: null 
35168      DEBUG main            d.u.i.k.p.i.KeYFile       Reading KeY file /home/runner/work/key/key/key.core/../key.ui/examples/InformationFlow/MethodContracts/contract.IFMethodContract(contract.IFMethodContract__insecure_if_high_n5_n1()).JML operation contract.0.key 
35169      DEBUG main            d.u.i.k.p.i.KeYFile       Reading KeY file file:/home/runner/work/key/key/key.core/build/resources/main/de/uka/ilkd/key/java/JavaRedux/java/lang/String.key 
35171      DEBUG main            d.u.i.k.p.i.KeYFile       Read specifications obtained when parsing the Java files (usually JML and Strings.key) from file:/home/runner/work/key/key/key.core/build/resources/main/de/uka/ilkd/key/java/JavaRedux/java/lang/String.key 
36940      DEBUG main            d.u.i.k.p.i.KeYFile       Read specifications obtained when parsing the Java files (usually JML and Strings.key) from /home/runner/work/key/key/key.core/../key.ui/examples/InformationFlow/MethodContracts/contract.IFMethodContract(contract.IFMethodContract__insecure_if_high_n5_n1()).JML operation contract.0.key 
37003      DEBUG Thread-19       d.u.i.k.j.TypeConverter   typeconverter: (prefix this;, class class de.uka.ilkd.key.java.reference.ThisReference) 
37024      DEBUG Thread-19       d.u.i.k.j.TypeConverter   typeconverter: (prefix this;, class class de.uka.ilkd.key.java.reference.ThisReference) 
37062      DEBUG Thread-19       d.u.i.k.j.TypeConverter   typeconverter: (prefix this;, class class de.uka.ilkd.key.java.reference.ThisReference) 
37082      DEBUG Thread-19       d.u.i.k.j.TypeConverter   typeconverter: (prefix this;, class class de.uka.ilkd.key.java.reference.ThisReference) 
37187      INFO  main            d.u.i.k.p.r.p.TestFile    ... finished proof: closed. 
37324      DEBUG main            d.u.i.k.s.TermLabelSettings TermLabelSettings: Failure while reading the setting "UseOriginLabels".Using the default value: true.The string read was: null 
37324      INFO  main            d.u.i.k.p.r.p.TestFile    Now processing file /home/runner/work/key/key/key.core/../key.ui/examples/InformationFlow/MethodContracts/contract.IFMethodContract(contract.IFMethodContract__n5(int)).JML normal_behavior operation contract.0.key 
38184      DEBUG main            d.u.i.k.j.Recoder2KeY     converting now /home/runner/work/key/key/key.core/../key.ui/examples/InformationFlow/MethodContracts/src/contract/IFMethodContract.java 
38189      DEBUG main            d.u.i.k.s.TermLabelSettings TermLabelSettings: Failure while reading the setting "UseOriginLabels".Using the default value: true.The string read was: null 
38189      DEBUG main            d.u.i.k.p.i.KeYFile       Reading KeY file /home/runner/work/key/key/key.core/../key.ui/examples/InformationFlow/MethodContracts/contract.IFMethodContract(contract.IFMethodContract__n5(int)).JML normal_behavior operation contract.0.key 
38190      DEBUG main            d.u.i.k.p.i.KeYFile       Reading KeY file file:/home/runner/work/key/key/key.core/build/resources/main/de/uka/ilkd/key/java/JavaRedux/java/lang/String.key 
38192      DEBUG main            d.u.i.k.p.i.KeYFile       Read specifications obtained when parsing the Java files (usually JML and Strings.key) from file:/home/runner/work/key/key/key.core/build/resources/main/de/uka/ilkd/key/java/JavaRedux/java/lang/String.key 
39956      DEBUG main            d.u.i.k.p.i.KeYFile       Read specifications obtained when parsing the Java files (usually JML and Strings.key) from /home/runner/work/key/key/key.core/../key.ui/examples/InformationFlow/MethodContracts/contract.IFMethodContract(contract.IFMethodContract__n5(int)).JML normal_behavior operation contract.0.key 
40020      DEBUG Thread-21       d.u.i.k.j.TypeConverter   typeconverter: (prefix this;, class class de.uka.ilkd.key.java.reference.ThisReference) 
40103      INFO  main            d.u.i.k.p.r.p.TestFile    ... finished proof: closed. 
40231      DEBUG main            d.u.i.k.s.TermLabelSettings TermLabelSettings: Failure while reading the setting "UseOriginLabels".Using the default value: true.The string read was: null 
40231      INFO  main            d.u.i.k.p.r.p.TestFile    Now processing file /home/runner/work/key/key/key.core/../key.ui/examples/InformationFlow/MethodContracts/contract.IFMethodContract(contract.IFMethodContract__secure_if_high_n5_n1()).JML operation contract.0.key 
41074      DEBUG main            d.u.i.k.j.Recoder2KeY     converting now /home/runner/work/key/key/key.core/../key.ui/examples/InformationFlow/MethodContracts/src/contract/IFMethodContract.java 
41080      DEBUG main            d.u.i.k.s.TermLabelSettings TermLabelSettings: Failure while reading the setting "UseOriginLabels".Using the default value: true.The string read was: null 
41080      DEBUG main            d.u.i.k.p.i.KeYFile       Reading KeY file /home/runner/work/key/key/key.core/../key.ui/examples/InformationFlow/MethodContracts/contract.IFMethodContract(contract.IFMethodContract__secure_if_high_n5_n1()).JML operation contract.0.key 
41081      DEBUG main            d.u.i.k.p.i.KeYFile       Reading KeY file file:/home/runner/work/key/key/key.core/build/resources/main/de/uka/ilkd/key/java/JavaRedux/java/lang/String.key 
41095      DEBUG main            d.u.i.k.p.i.KeYFile       Read specifications obtained when parsing the Java files (usually JML and Strings.key) from file:/home/runner/work/key/key/key.core/build/resources/main/de/uka/ilkd/key/java/JavaRedux/java/lang/String.key 
42848      DEBUG main            d.u.i.k.p.i.KeYFile       Read specifications obtained when parsing the Java files (usually JML and Strings.key) from /home/runner/work/key/key/key.core/../key.ui/examples/InformationFlow/MethodContracts/contract.IFMethodContract(contract.IFMethodContract__secure_if_high_n5_n1()).JML operation contract.0.key 
42904      DEBUG Thread-23       d.u.i.k.j.TypeConverter   typeconverter: (prefix this;, class class de.uka.ilkd.key.java.reference.ThisReference) 
42927      DEBUG Thread-23       d.u.i.k.j.TypeConverter   typeconverter: (prefix this;, class class de.uka.ilkd.key.java.reference.ThisReference) 
42935      DEBUG Thread-23       d.u.i.k.j.TypeConverter   typeconverter: (prefix this;, class class de.uka.ilkd.key.java.reference.ThisReference) 
42946      DEBUG Thread-23       d.u.i.k.j.TypeConverter   typeconverter: (prefix this;, class class de.uka.ilkd.key.java.reference.ThisReference) 
42957      DEBUG Thread-23       d.u.i.k.j.TypeConverter   typeconverter: (prefix this;, class class de.uka.ilkd.key.java.reference.ThisReference) 
42989      DEBUG Thread-23       d.u.i.k.j.TypeConverter   typeconverter: (prefix this;, class class de.uka.ilkd.key.java.reference.ThisReference) 
43021      DEBUG Thread-23       d.u.i.k.j.TypeConverter   typeconverter: (prefix this;, class class de.uka.ilkd.key.java.reference.ThisReference) 
43039      DEBUG Thread-23       d.u.i.k.j.TypeConverter   typeconverter: (prefix this;, class class de.uka.ilkd.key.java.reference.ThisReference) 
43092      INFO  main            d.u.i.k.p.r.p.TestFile    ... finished proof: closed. 
43239      DEBUG main            d.u.i.k.s.TermLabelSettings TermLabelSettings: Failure while reading the setting "UseOriginLabels".Using the default value: true.The string read was: null 
43239      INFO  main            d.u.i.k.p.r.p.TestFile    Now processing file /home/runner/work/key/key/key.core/../key.ui/examples/InformationFlow/MethodContracts/contract.IFMethodContract(contract.IFMethodContract__secure_if_high_n1()).JML operation contract.0.key 
44073      DEBUG main            d.u.i.k.j.Recoder2KeY     converting now /home/runner/work/key/key/key.core/../key.ui/examples/InformationFlow/MethodContracts/src/contract/IFMethodContract.java 
44078      DEBUG main            d.u.i.k.s.TermLabelSettings TermLabelSettings: Failure while reading the setting "UseOriginLabels".Using the default value: true.The string read was: null 
44079      DEBUG main            d.u.i.k.p.i.KeYFile       Reading KeY file /home/runner/work/key/key/key.core/../key.ui/examples/InformationFlow/MethodContracts/contract.IFMethodContract(contract.IFMethodContract__secure_if_high_n1()).JML operation contract.0.key 
44080      DEBUG main            d.u.i.k.p.i.KeYFile       Reading KeY file file:/home/runner/work/key/key/key.core/build/resources/main/de/uka/ilkd/key/java/JavaRedux/java/lang/String.key 
44082      DEBUG main            d.u.i.k.p.i.KeYFile       Read specifications obtained when parsing the Java files (usually JML and Strings.key) from file:/home/runner/work/key/key/key.core/build/resources/main/de/uka/ilkd/key/java/JavaRedux/java/lang/String.key 
45834      DEBUG main            d.u.i.k.p.i.KeYFile       Read specifications obtained when parsing the Java files (usually JML and Strings.key) from /home/runner/work/key/key/key.core/../key.ui/examples/InformationFlow/MethodContracts/contract.IFMethodContract(contract.IFMethodContract__secure_if_high_n1()).JML operation contract.0.key 
45892      DEBUG Thread-25       d.u.i.k.j.TypeConverter   typeconverter: (prefix this;, class class de.uka.ilkd.key.java.reference.ThisReference) 
45916      DEBUG Thread-25       d.u.i.k.j.TypeConverter   typeconverter: (prefix this;, class class de.uka.ilkd.key.java.reference.ThisReference) 
45924      DEBUG Thread-25       d.u.i.k.j.TypeConverter   typeconverter: (prefix this;, class class de.uka.ilkd.key.java.reference.ThisReference) 
45956      DEBUG Thread-25       d.u.i.k.j.TypeConverter   typeconverter: (prefix this;, class class de.uka.ilkd.key.java.reference.ThisReference) 
45964      DEBUG Thread-25       d.u.i.k.j.TypeConverter   typeconverter: (prefix this;, class class de.uka.ilkd.key.java.reference.ThisReference) 
46077      INFO  main            d.u.i.k.p.r.p.TestFile    ... finished proof: closed. 
46229      DEBUG main            d.u.i.k.s.TermLabelSettings TermLabelSettings: Failure while reading the setting "UseOriginLabels".Using the default value: true.The string read was: null 
46229      INFO  main            d.u.i.k.p.r.p.TestFile    Now processing file /home/runner/work/key/key/key.core/../key.ui/examples/InformationFlow/MethodContracts/contract.IFMethodContract(contract.IFMethodContract__secure_n5()).JML operation contract.0.key 
47065      DEBUG main            d.u.i.k.j.Recoder2KeY     converting now /home/runner/work/key/key/key.core/../key.ui/examples/InformationFlow/MethodContracts/src/contract/IFMethodContract.java 
47070      DEBUG main            d.u.i.k.s.TermLabelSettings TermLabelSettings: Failure while reading the setting "UseOriginLabels".Using the default value: true.The string read was: null 
47070      DEBUG main            d.u.i.k.p.i.KeYFile       Reading KeY file /home/runner/work/key/key/key.core/../key.ui/examples/InformationFlow/MethodContracts/contract.IFMethodContract(contract.IFMethodContract__secure_n5()).JML operation contract.0.key 
47071      DEBUG main            d.u.i.k.p.i.KeYFile       Reading KeY file file:/home/runner/work/key/key/key.core/build/resources/main/de/uka/ilkd/key/java/JavaRedux/java/lang/String.key 
47074      DEBUG main            d.u.i.k.p.i.KeYFile       Read specifications obtained when parsing the Java files (usually JML and Strings.key) from file:/home/runner/work/key/key/key.core/build/resources/main/de/uka/ilkd/key/java/JavaRedux/java/lang/String.key 
48835      DEBUG main            d.u.i.k.p.i.KeYFile       Read specifications obtained when parsing the Java files (usually JML and Strings.key) from /home/runner/work/key/key/key.core/../key.ui/examples/InformationFlow/MethodContracts/contract.IFMethodContract(contract.IFMethodContract__secure_n5()).JML operation contract.0.key 
48892      DEBUG Thread-27       d.u.i.k.j.TypeConverter   typeconverter: (prefix this;, class class de.uka.ilkd.key.java.reference.ThisReference) 
48909      DEBUG Thread-27       d.u.i.k.j.TypeConverter   typeconverter: (prefix this;, class class de.uka.ilkd.key.java.reference.ThisReference) 
48978      INFO  main            d.u.i.k.p.r.p.TestFile    ... finished proof: closed. 
49118      DEBUG main            d.u.i.k.s.TermLabelSettings TermLabelSettings: Failure while reading the setting "UseOriginLabels".Using the default value: true.The string read was: null 
49118      INFO  main            d.u.i.k.p.r.p.TestFile    Now processing file /home/runner/work/key/key/key.core/../key.ui/examples/InformationFlow/MethodContracts/contract.IFMethodContract(contract.IFMethodContract__n4()).JML normal_behavior operation contract.0.key 
49963      DEBUG main            d.u.i.k.j.Recoder2KeY     converting now /home/runner/work/key/key/key.core/../key.ui/examples/InformationFlow/MethodContracts/src/contract/IFMethodContract.java 
49968      DEBUG main            d.u.i.k.s.TermLabelSettings TermLabelSettings: Failure while reading the setting "UseOriginLabels".Using the default value: true.The string read was: null 
49969      DEBUG main            d.u.i.k.p.i.KeYFile       Reading KeY file /home/runner/work/key/key/key.core/../key.ui/examples/InformationFlow/MethodContracts/contract.IFMethodContract(contract.IFMethodContract__n4()).JML normal_behavior operation contract.0.key 
49970      DEBUG main            d.u.i.k.p.i.KeYFile       Reading KeY file file:/home/runner/work/key/key/key.core/build/resources/main/de/uka/ilkd/key/java/JavaRedux/java/lang/String.key 
49972      DEBUG main            d.u.i.k.p.i.KeYFile       Read specifications obtained when parsing the Java files (usually JML and Strings.key) from file:/home/runner/work/key/key/key.core/build/resources/main/de/uka/ilkd/key/java/JavaRedux/java/lang/String.key 
51727      DEBUG main            d.u.i.k.p.i.KeYFile       Read specifications obtained when parsing the Java files (usually JML and Strings.key) from /home/runner/work/key/key/key.core/../key.ui/examples/InformationFlow/MethodContracts/contract.IFMethodContract(contract.IFMethodContract__n4()).JML normal_behavior operation contract.0.key 
51783      DEBUG Thread-29       d.u.i.k.j.TypeConverter   typeconverter: (prefix this;, class class de.uka.ilkd.key.java.reference.ThisReference) 
51798      DEBUG Thread-29       d.u.i.k.j.TypeConverter   typeconverter: (prefix this;, class class de.uka.ilkd.key.java.reference.ThisReference) 
51870      INFO  main            d.u.i.k.p.r.p.TestFile    ... finished proof: closed. 
52023      DEBUG main            d.u.i.k.s.TermLabelSettings TermLabelSettings: Failure while reading the setting "UseOriginLabels".Using the default value: true.The string read was: null 
52023      INFO  main            d.u.i.k.p.r.p.TestFile    Now processing file /home/runner/work/key/key/key.core/../key.ui/examples/InformationFlow/MethodContracts/contract.IFMethodContract(contract.IFMethodContract__n3()).JML normal_behavior operation contract.0.key 
52857      DEBUG main            d.u.i.k.j.Recoder2KeY     converting now /home/runner/work/key/key/key.core/../key.ui/examples/InformationFlow/MethodContracts/src/contract/IFMethodContract.java 
52862      DEBUG main            d.u.i.k.s.TermLabelSettings TermLabelSettings: Failure while reading the setting "UseOriginLabels".Using the default value: true.The string read was: null 
52863      DEBUG main            d.u.i.k.p.i.KeYFile       Reading KeY file /home/runner/work/key/key/key.core/../key.ui/examples/InformationFlow/MethodContracts/contract.IFMethodContract(contract.IFMethodContract__n3()).JML normal_behavior operation contract.0.key 
52864      DEBUG main            d.u.i.k.p.i.KeYFile       Reading KeY file file:/home/runner/work/key/key/key.core/build/resources/main/de/uka/ilkd/key/java/JavaRedux/java/lang/String.key 
52866      DEBUG main            d.u.i.k.p.i.KeYFile       Read specifications obtained when parsing the Java files (usually JML and Strings.key) from file:/home/runner/work/key/key/key.core/build/resources/main/de/uka/ilkd/key/java/JavaRedux/java/lang/String.key 
54601      DEBUG main            d.u.i.k.p.i.KeYFile       Read specifications obtained when parsing the Java files (usually JML and Strings.key) from /home/runner/work/key/key/key.core/../key.ui/examples/InformationFlow/MethodContracts/contract.IFMethodContract(contract.IFMethodContract__n3()).JML normal_behavior operation contract.0.key 
54657      DEBUG Thread-31       d.u.i.k.j.TypeConverter   typeconverter: (prefix this;, class class de.uka.ilkd.key.java.reference.ThisReference) 
54746      INFO  main            d.u.i.k.p.r.p.TestFile    ... finished proof: closed. 
54897      DEBUG main            d.u.i.k.s.TermLabelSettings TermLabelSettings: Failure while reading the setting "UseOriginLabels".Using the default value: true.The string read was: null 
54897      INFO  main            d.u.i.k.p.r.p.TestFile    Now processing file /home/runner/work/key/key/key.core/../key.ui/examples/InformationFlow/MethodContracts/contract.IFMethodContract(contract.IFMethodContract__secure_sequential_n3_precond_n4()).JML operation contract.0.key 
55749      DEBUG main            d.u.i.k.j.Recoder2KeY     converting now /home/runner/work/key/key/key.core/../key.ui/examples/InformationFlow/MethodContracts/src/contract/IFMethodContract.java 
55754      DEBUG main            d.u.i.k.s.TermLabelSettings TermLabelSettings: Failure while reading the setting "UseOriginLabels".Using the default value: true.The string read was: null 
55754      DEBUG main            d.u.i.k.p.i.KeYFile       Reading KeY file /home/runner/work/key/key/key.core/../key.ui/examples/InformationFlow/MethodContracts/contract.IFMethodContract(contract.IFMethodContract__secure_sequential_n3_precond_n4()).JML operation contract.0.key 
55755      DEBUG main            d.u.i.k.p.i.KeYFile       Reading KeY file file:/home/runner/work/key/key/key.core/build/resources/main/de/uka/ilkd/key/java/JavaRedux/java/lang/String.key 
55758      DEBUG main            d.u.i.k.p.i.KeYFile       Read specifications obtained when parsing the Java files (usually JML and Strings.key) from file:/home/runner/work/key/key/key.core/build/resources/main/de/uka/ilkd/key/java/JavaRedux/java/lang/String.key 
57482      DEBUG main            d.u.i.k.p.i.KeYFile       Read specifications obtained when parsing the Java files (usually JML and Strings.key) from /home/runner/work/key/key/key.core/../key.ui/examples/InformationFlow/MethodContracts/contract.IFMethodContract(contract.IFMethodContract__secure_sequential_n3_precond_n4()).JML operation contract.0.key 
57642      INFO  main            d.u.i.k.p.r.p.TestFile    ... finished proof: closed. 
57843      DEBUG main            d.u.i.k.s.TermLabelSettings TermLabelSettings: Failure while reading the setting "UseOriginLabels".Using the default value: true.The string read was: null 
57843      INFO  main            d.u.i.k.p.r.p.TestFile    Now processing file /home/runner/work/key/key/key.core/../key.ui/examples/InformationFlow/MethodContracts/contract.IFMethodContract(contract.IFMethodContract__insecure_assignment_n2()).JML operation contract.0.key 
58692      DEBUG main            d.u.i.k.j.Recoder2KeY     converting now /home/runner/work/key/key/key.core/../key.ui/examples/InformationFlow/MethodContracts/src/contract/IFMethodContract.java 
58697      DEBUG main            d.u.i.k.s.TermLabelSettings TermLabelSettings: Failure while reading the setting "UseOriginLabels".Using the default value: true.The string read was: null 
58698      DEBUG main            d.u.i.k.p.i.KeYFile       Reading KeY file /home/runner/work/key/key/key.core/../key.ui/examples/InformationFlow/MethodContracts/contract.IFMethodContract(contract.IFMethodContract__insecure_assignment_n2()).JML operation contract.0.key 
58699      DEBUG main            d.u.i.k.p.i.KeYFile       Reading KeY file file:/home/runner/work/key/key/key.core/build/resources/main/de/uka/ilkd/key/java/JavaRedux/java/lang/String.key 
58701      DEBUG main            d.u.i.k.p.i.KeYFile       Read specifications obtained when parsing the Java files (usually JML and Strings.key) from file:/home/runner/work/key/key/key.core/build/resources/main/de/uka/ilkd/key/java/JavaRedux/java/lang/String.key 
60452      DEBUG main            d.u.i.k.p.i.KeYFile       Read specifications obtained when parsing the Java files (usually JML and Strings.key) from /home/runner/work/key/key/key.core/../key.ui/examples/InformationFlow/MethodContracts/contract.IFMethodContract(contract.IFMethodContract__insecure_assignment_n2()).JML operation contract.0.key 
60505      DEBUG Thread-35       d.u.i.k.j.TypeConverter   typeconverter: (prefix this;, class class de.uka.ilkd.key.java.reference.ThisReference) 
60507      DEBUG Thread-35       d.u.i.k.j.TypeConverter   typeconverter: (prefix this;, class class de.uka.ilkd.key.java.reference.ThisReference) 
60594      INFO  main            d.u.i.k.p.r.p.TestFile    ... finished proof: closed. 
60751      DEBUG main            d.u.i.k.s.TermLabelSettings TermLabelSettings: Failure while reading the setting "UseOriginLabels".Using the default value: true.The string read was: null 
60751      INFO  main            d.u.i.k.p.r.p.TestFile    Now processing file /home/runner/work/key/key/key.core/../key.ui/examples/InformationFlow/MethodContracts/contract.IFMethodContract(contract.IFMethodContract__secure_assignments_n2()).JML operation contract.0.key 
61585      DEBUG main            d.u.i.k.j.Recoder2KeY     converting now /home/runner/work/key/key/key.core/../key.ui/examples/InformationFlow/MethodContracts/src/contract/IFMethodContract.java 
61590      DEBUG main            d.u.i.k.s.TermLabelSettings TermLabelSettings: Failure while reading the setting "UseOriginLabels".Using the default value: true.The string read was: null 
61591      DEBUG main            d.u.i.k.p.i.KeYFile       Reading KeY file /home/runner/work/key/key/key.core/../key.ui/examples/InformationFlow/MethodContracts/contract.IFMethodContract(contract.IFMethodContract__secure_assignments_n2()).JML operation contract.0.key 
61591      DEBUG main            d.u.i.k.p.i.KeYFile       Reading KeY file file:/home/runner/work/key/key/key.core/build/resources/main/de/uka/ilkd/key/java/JavaRedux/java/lang/String.key 
61594      DEBUG main            d.u.i.k.p.i.KeYFile       Read specifications obtained when parsing the Java files (usually JML and Strings.key) from file:/home/runner/work/key/key/key.core/build/resources/main/de/uka/ilkd/key/java/JavaRedux/java/lang/String.key 
63328      DEBUG main            d.u.i.k.p.i.KeYFile       Read specifications obtained when parsing the Java files (usually JML and Strings.key) from /home/runner/work/key/key/key.core/../key.ui/examples/InformationFlow/MethodContracts/contract.IFMethodContract(contract.IFMethodContract__secure_assignments_n2()).JML operation contract.0.key 
63379      DEBUG Thread-37       d.u.i.k.j.TypeConverter   typeconverter: (prefix this;, class class de.uka.ilkd.key.java.reference.ThisReference) 
63385      DEBUG Thread-37       d.u.i.k.j.TypeConverter   typeconverter: (prefix this;, class class de.uka.ilkd.key.java.reference.ThisReference) 
63389      DEBUG Thread-37       d.u.i.k.j.TypeConverter   typeconverter: (prefix this;, class class de.uka.ilkd.key.java.reference.ThisReference) 
63397      DEBUG Thread-37       d.u.i.k.j.TypeConverter   typeconverter: (prefix this;, class class de.uka.ilkd.key.java.reference.ThisReference) 
63470      INFO  main            d.u.i.k.p.r.p.TestFile    ... finished proof: closed. 
63648      DEBUG main            d.u.i.k.s.TermLabelSettings TermLabelSettings: Failure while reading the setting "UseOriginLabels".Using the default value: true.The string read was: null 
63648      INFO  main            d.u.i.k.p.r.p.TestFile    Now processing file /home/runner/work/key/key/key.core/../key.ui/examples/InformationFlow/MethodContracts/contract.IFMethodContract(contract.IFMethodContract__n2()).JML normal_behavior operation contract.0.key 
64477      DEBUG main            d.u.i.k.j.Recoder2KeY     converting now /home/runner/work/key/key/key.core/../key.ui/examples/InformationFlow/MethodContracts/src/contract/IFMethodContract.java 
64483      DEBUG main            d.u.i.k.s.TermLabelSettings TermLabelSettings: Failure while reading the setting "UseOriginLabels".Using the default value: true.The string read was: null 
64483      DEBUG main            d.u.i.k.p.i.KeYFile       Reading KeY file /home/runner/work/key/key/key.core/../key.ui/examples/InformationFlow/MethodContracts/contract.IFMethodContract(contract.IFMethodContract__n2()).JML normal_behavior operation contract.0.key 
64484      DEBUG main            d.u.i.k.p.i.KeYFile       Reading KeY file file:/home/runner/work/key/key/key.core/build/resources/main/de/uka/ilkd/key/java/JavaRedux/java/lang/String.key 
64487      DEBUG main            d.u.i.k.p.i.KeYFile       Read specifications obtained when parsing the Java files (usually JML and Strings.key) from file:/home/runner/work/key/key/key.core/build/resources/main/de/uka/ilkd/key/java/JavaRedux/java/lang/String.key 
66231      DEBUG main            d.u.i.k.p.i.KeYFile       Read specifications obtained when parsing the Java files (usually JML and Strings.key) from /home/runner/work/key/key/key.core/../key.ui/examples/InformationFlow/MethodContracts/contract.IFMethodContract(contract.IFMethodContract__n2()).JML normal_behavior operation contract.0.key 
66282      DEBUG Thread-39       d.u.i.k.j.TypeConverter   typeconverter: (prefix this;, class class de.uka.ilkd.key.java.reference.ThisReference) 
66303      DEBUG Thread-39       d.u.i.k.j.TypeConverter   typeconverter: (prefix this;, class class de.uka.ilkd.key.java.reference.ThisReference) 
66370      INFO  main            d.u.i.k.p.r.p.TestFile    ... finished proof: closed. 
66557      DEBUG main            d.u.i.k.s.TermLabelSettings TermLabelSettings: Failure while reading the setting "UseOriginLabels".Using the default value: true.The string read was: null 
66557      INFO  main            d.u.i.k.p.r.p.TestFile    Now processing file /home/runner/work/key/key/key.core/../key.ui/examples/InformationFlow/MethodContracts/contract.IFMethodContract(contract.IFMethodContract__n1()).JML normal_behavior operation contract.0.key 
67387      DEBUG main            d.u.i.k.j.Recoder2KeY     converting now /home/runner/work/key/key/key.core/../key.ui/examples/InformationFlow/MethodContracts/src/contract/IFMethodContract.java 
67392      DEBUG main            d.u.i.k.s.TermLabelSettings TermLabelSettings: Failure while reading the setting "UseOriginLabels".Using the default value: true.The string read was: null 
67392      DEBUG main            d.u.i.k.p.i.KeYFile       Reading KeY file /home/runner/work/key/key/key.core/../key.ui/examples/InformationFlow/MethodContracts/contract.IFMethodContract(contract.IFMethodContract__n1()).JML normal_behavior operation contract.0.key 
67393      DEBUG main            d.u.i.k.p.i.KeYFile       Reading KeY file file:/home/runner/work/key/key/key.core/build/resources/main/de/uka/ilkd/key/java/JavaRedux/java/lang/String.key 
67395      DEBUG main            d.u.i.k.p.i.KeYFile       Read specifications obtained when parsing the Java files (usually JML and Strings.key) from file:/home/runner/work/key/key/key.core/build/resources/main/de/uka/ilkd/key/java/JavaRedux/java/lang/String.key 
69111      DEBUG main            d.u.i.k.p.i.KeYFile       Read specifications obtained when parsing the Java files (usually JML and Strings.key) from /home/runner/work/key/key/key.core/../key.ui/examples/InformationFlow/MethodContracts/contract.IFMethodContract(contract.IFMethodContract__n1()).JML normal_behavior operation contract.0.key 
69164      DEBUG Thread-41       d.u.i.k.j.TypeConverter   typeconverter: (prefix this;, class class de.uka.ilkd.key.java.reference.ThisReference) 
69257      INFO  main            d.u.i.k.p.r.p.TestFile    ... finished proof: closed. 
69455      DEBUG main            d.u.i.k.s.TermLabelSettings TermLabelSettings: Failure while reading the setting "UseOriginLabels".Using the default value: true.The string read was: null 
69455      INFO  main            d.u.i.k.p.r.p.TestFile    Now processing file /home/runner/work/key/key/key.core/../key.ui/examples/InformationFlow/MethodContracts/contract.IFMethodContract(contract.IFMethodContract__secure_sequential_n1_n2()).JML operation contract.0.key 
70288      DEBUG main            d.u.i.k.j.Recoder2KeY     converting now /home/runner/work/key/key/key.core/../key.ui/examples/InformationFlow/MethodContracts/src/contract/IFMethodContract.java 
70293      DEBUG main            d.u.i.k.s.TermLabelSettings TermLabelSettings: Failure while reading the setting "UseOriginLabels".Using the default value: true.The string read was: null 
70293      DEBUG main            d.u.i.k.p.i.KeYFile       Reading KeY file /home/runner/work/key/key/key.core/../key.ui/examples/InformationFlow/MethodContracts/contract.IFMethodContract(contract.IFMethodContract__secure_sequential_n1_n2()).JML operation contract.0.key 
70294      DEBUG main            d.u.i.k.p.i.KeYFile       Reading KeY file file:/home/runner/work/key/key/key.core/build/resources/main/de/uka/ilkd/key/java/JavaRedux/java/lang/String.key 
70296      DEBUG main            d.u.i.k.p.i.KeYFile       Read specifications obtained when parsing the Java files (usually JML and Strings.key) from file:/home/runner/work/key/key/key.core/build/resources/main/de/uka/ilkd/key/java/JavaRedux/java/lang/String.key 
72056      DEBUG main            d.u.i.k.p.i.KeYFile       Read specifications obtained when parsing the Java files (usually JML and Strings.key) from /home/runner/work/key/key/key.core/../key.ui/examples/InformationFlow/MethodContracts/contract.IFMethodContract(contract.IFMethodContract__secure_sequential_n1_n2()).JML operation contract.0.key 
72198      INFO  main            d.u.i.k.p.r.p.TestFile    ... finished proof: closed. 
293735     INFO  Test worker     d.u.i.k.p.r.RunAllProofsTestUnit Returning from test MethodContracts 
293737     INFO  Test worker     d.u.i.k.p.r.RunAllProofsTestUnit Running test LoopInvariants 
362        INFO  Timeout watchdog d.u.i.k.p.r.p.ForkedTestFileRunner Timeout watcher launched (1000 secs.) 
364        WARN  main            d.u.i.k.s.ProofSettings   The settings in /home/runner/.key/proof-settings.props are *not* read. 
410        DEBUG main            d.u.i.k.s.TermLabelSettings TermLabelSettings: Failure while reading the setting "UseOriginLabels".Using the default value: true.The string read was: null 
411        INFO  main            d.u.i.k.p.r.p.TestFile    Now processing file /home/runner/work/key/key/key.core/../key.ui/examples/InformationFlow/LoopInvariants/loop.IFLoopExamples(loop.IFLoopExamples__insecure_while_3(int)).JML operation contract.0.key 
1043       DEBUG main            d.u.i.k.p.i.KeYFile       Reading KeY file file:/home/runner/work/key/key/key.core/build/resources/main/de/uka/ilkd/key/proof/rules/ldt.key 
1046       DEBUG main            d.u.i.k.p.i.KeYFile       Read specifications obtained when parsing the Java files (usually JML and Strings.key) from file:/home/runner/work/key/key/key.core/build/resources/main/de/uka/ilkd/key/proof/rules/ldt.key 
1070       DEBUG main            d.u.i.k.p.i.KeYFile       Reading KeY file file:/home/runner/work/key/key/key.core/build/resources/main/de/uka/ilkd/key/proof/rules/propRule.key 
1070       DEBUG main            d.u.i.k.p.i.KeYFile       Read specifications obtained when parsing the Java files (usually JML and Strings.key) from file:/home/runner/work/key/key/key.core/build/resources/main/de/uka/ilkd/key/proof/rules/propRule.key 
1120       DEBUG main            d.u.i.k.p.i.KeYFile       Reading KeY file file:/home/runner/work/key/key/key.core/build/resources/main/de/uka/ilkd/key/proof/rules/firstOrderRules.key 
1121       DEBUG main            d.u.i.k.p.i.KeYFile       Read specifications obtained when parsing the Java files (usually JML and Strings.key) from file:/home/runner/work/key/key/key.core/build/resources/main/de/uka/ilkd/key/proof/rules/firstOrderRules.key 
1172       DEBUG main            d.u.i.k.p.i.KeYFile       Reading KeY file file:/home/runner/work/key/key/key.core/build/resources/main/de/uka/ilkd/key/proof/rules/ifThenElseRules.key 
1173       DEBUG main            d.u.i.k.p.i.KeYFile       Read specifications obtained when parsing the Java files (usually JML and Strings.key) from file:/home/runner/work/key/key/key.core/build/resources/main/de/uka/ilkd/key/proof/rules/ifThenElseRules.key 
1271       DEBUG main            d.u.i.k.p.i.KeYFile       Reading KeY file file:/home/runner/work/key/key/key.core/build/resources/main/de/uka/ilkd/key/proof/rules/formulaNormalisationRules.key 
1272       DEBUG main            d.u.i.k.p.i.KeYFile       Read specifications obtained when parsing the Java files (usually JML and Strings.key) from file:/home/runner/work/key/key/key.core/build/resources/main/de/uka/ilkd/key/proof/rules/formulaNormalisationRules.key 
1313       DEBUG main            d.u.i.k.p.i.KeYFile       Reading KeY file file:/home/runner/work/key/key/key.core/build/resources/main/de/uka/ilkd/key/proof/rules/updateRules.key 
1313       DEBUG main            d.u.i.k.p.i.KeYFile       Read specifications obtained when parsing the Java files (usually JML and Strings.key) from file:/home/runner/work/key/key/key.core/build/resources/main/de/uka/ilkd/key/proof/rules/updateRules.key 
1325       DEBUG main            d.u.i.k.p.i.KeYFile       Reading KeY file file:/home/runner/work/key/key/key.core/build/resources/main/de/uka/ilkd/key/proof/rules/integerRulesCommon.key 
1326       DEBUG main            d.u.i.k.p.i.KeYFile       Read specifications obtained when parsing the Java files (usually JML and Strings.key) from file:/home/runner/work/key/key/key.core/build/resources/main/de/uka/ilkd/key/proof/rules/integerRulesCommon.key 
1418       DEBUG main            d.u.i.k.p.i.KeYFile       Reading KeY file file:/home/runner/work/key/key/key.core/build/resources/main/de/uka/ilkd/key/proof/rules/intRules.key 
1418       DEBUG main            d.u.i.k.p.i.KeYFile       Read specifications obtained when parsing the Java files (usually JML and Strings.key) from file:/home/runner/work/key/key/key.core/build/resources/main/de/uka/ilkd/key/proof/rules/intRules.key 
1431       DEBUG main            d.u.i.k.p.i.KeYFile       Reading KeY file file:/home/runner/work/key/key/key.core/build/resources/main/de/uka/ilkd/key/proof/rules/intRulesUncheckedSemantics.key 
1431       DEBUG main            d.u.i.k.p.i.KeYFile       Read specifications obtained when parsing the Java files (usually JML and Strings.key) from file:/home/runner/work/key/key/key.core/build/resources/main/de/uka/ilkd/key/proof/rules/intRulesUncheckedSemantics.key 
1438       DEBUG main            d.u.i.k.p.i.KeYFile       Reading KeY file file:/home/runner/work/key/key/key.core/build/resources/main/de/uka/ilkd/key/proof/rules/intRulesCheckedSemantics.key 
1438       DEBUG main            d.u.i.k.p.i.KeYFile       Read specifications obtained when parsing the Java files (usually JML and Strings.key) from file:/home/runner/work/key/key/key.core/build/resources/main/de/uka/ilkd/key/proof/rules/intRulesCheckedSemantics.key 
1446       DEBUG main            d.u.i.k.p.i.KeYFile       Reading KeY file file:/home/runner/work/key/key/key.core/build/resources/main/de/uka/ilkd/key/proof/rules/intRulesJavaSemantics.key 
1446       DEBUG main            d.u.i.k.p.i.KeYFile       Read specifications obtained when parsing the Java files (usually JML and Strings.key) from file:/home/runner/work/key/key/key.core/build/resources/main/de/uka/ilkd/key/proof/rules/intRulesJavaSemantics.key 
1576       DEBUG main            d.u.i.k.p.i.KeYFile       Reading KeY file file:/home/runner/work/key/key/key.core/build/resources/main/de/uka/ilkd/key/proof/rules/integerSimplificationRules.key 
1576       DEBUG main            d.u.i.k.p.i.KeYFile       Read specifications obtained when parsing the Java files (usually JML and Strings.key) from file:/home/runner/work/key/key/key.core/build/resources/main/de/uka/ilkd/key/proof/rules/integerSimplificationRules.key 
1625       DEBUG main            d.u.i.k.j.TypeConverter   No LDT found for Meta 
1625       DEBUG main            d.u.i.k.j.TypeConverter   No LDT found for Meta 
1626       DEBUG main            d.u.i.k.j.TypeConverter   No LDT found for Meta 
1626       DEBUG main            d.u.i.k.j.TypeConverter   No LDT found for Meta 
1703       DEBUG main            d.u.i.k.p.i.KeYFile       Reading KeY file file:/home/runner/work/key/key/key.core/build/resources/main/de/uka/ilkd/key/proof/rules/intDiv.key 
1703       DEBUG main            d.u.i.k.p.i.KeYFile       Read specifications obtained when parsing the Java files (usually JML and Strings.key) from file:/home/runner/work/key/key/key.core/build/resources/main/de/uka/ilkd/key/proof/rules/intDiv.key 
1883       DEBUG main            d.u.i.k.p.i.KeYFile       Reading KeY file file:/home/runner/work/key/key/key.core/build/resources/main/de/uka/ilkd/key/proof/rules/bsum.key 
1884       DEBUG main            d.u.i.k.p.i.KeYFile       Read specifications obtained when parsing the Java files (usually JML and Strings.key) from file:/home/runner/work/key/key/key.core/build/resources/main/de/uka/ilkd/key/proof/rules/bsum.key 
1973       DEBUG main            d.u.i.k.p.i.KeYFile       Reading KeY file file:/home/runner/work/key/key/key.core/build/resources/main/de/uka/ilkd/key/proof/rules/bprod.key 
1974       DEBUG main            d.u.i.k.p.i.KeYFile       Read specifications obtained when parsing the Java files (usually JML and Strings.key) from file:/home/runner/work/key/key/key.core/build/resources/main/de/uka/ilkd/key/proof/rules/bprod.key 
1988       DEBUG main            d.u.i.k.p.i.KeYFile       Reading KeY file file:/home/runner/work/key/key/key.core/build/resources/main/de/uka/ilkd/key/proof/rules/binaryAxioms.key 
1990       DEBUG main            d.u.i.k.p.i.KeYFile       Read specifications obtained when parsing the Java files (usually JML and Strings.key) from file:/home/runner/work/key/key/key.core/build/resources/main/de/uka/ilkd/key/proof/rules/binaryAxioms.key 
1997       DEBUG main            d.u.i.k.p.i.KeYFile       Reading KeY file file:/home/runner/work/key/key/key.core/build/resources/main/de/uka/ilkd/key/proof/rules/binaryLemmas.key 
1997       DEBUG main            d.u.i.k.p.i.KeYFile       Read specifications obtained when parsing the Java files (usually JML and Strings.key) from file:/home/runner/work/key/key/key.core/build/resources/main/de/uka/ilkd/key/proof/rules/binaryLemmas.key 
2017       DEBUG main            d.u.i.k.p.i.KeYFile       Reading KeY file file:/home/runner/work/key/key/key.core/build/resources/main/de/uka/ilkd/key/proof/rules/intPow.key 
2018       DEBUG main            d.u.i.k.p.i.KeYFile       Read specifications obtained when parsing the Java files (usually JML and Strings.key) from file:/home/runner/work/key/key/key.core/build/resources/main/de/uka/ilkd/key/proof/rules/intPow.key 
2041       DEBUG main            d.u.i.k.p.i.KeYFile       Reading KeY file file:/home/runner/work/key/key/key.core/build/resources/main/de/uka/ilkd/key/proof/rules/floatRulesCommon.key 
2041       DEBUG main            d.u.i.k.p.i.KeYFile       Read specifications obtained when parsing the Java files (usually JML and Strings.key) from file:/home/runner/work/key/key/key.core/build/resources/main/de/uka/ilkd/key/proof/rules/floatRulesCommon.key 
2055       DEBUG main            d.u.i.k.p.i.KeYFile       Reading KeY file file:/home/runner/work/key/key/key.core/build/resources/main/de/uka/ilkd/key/proof/rules/floatRules.key 
2056       DEBUG main            d.u.i.k.p.i.KeYFile       Read specifications obtained when parsing the Java files (usually JML and Strings.key) from file:/home/runner/work/key/key/key.core/build/resources/main/de/uka/ilkd/key/proof/rules/floatRules.key 
2056       DEBUG main            d.u.i.k.p.i.KeYFile       Reading KeY file file:/home/runner/work/key/key/key.core/build/resources/main/de/uka/ilkd/key/proof/rules/floatRulesVerifyNormal.key 
2057       DEBUG main            d.u.i.k.p.i.KeYFile       Read specifications obtained when parsing the Java files (usually JML and Strings.key) from file:/home/runner/work/key/key/key.core/build/resources/main/de/uka/ilkd/key/proof/rules/floatRulesVerifyNormal.key 
2061       DEBUG main            d.u.i.k.p.i.KeYFile       Reading KeY file file:/home/runner/work/key/key/key.core/build/resources/main/de/uka/ilkd/key/proof/rules/floatRulesAssumeStrictfp.key 
2061       DEBUG main            d.u.i.k.p.i.KeYFile       Read specifications obtained when parsing the Java files (usually JML and Strings.key) from file:/home/runner/work/key/key/key.core/build/resources/main/de/uka/ilkd/key/proof/rules/floatRulesAssumeStrictfp.key 
2109       DEBUG main            d.u.i.k.p.i.KeYFile       Reading KeY file file:/home/runner/work/key/key/key.core/build/resources/main/de/uka/ilkd/key/proof/rules/genericRules.key 
2109       DEBUG main            d.u.i.k.p.i.KeYFile       Read specifications obtained when parsing the Java files (usually JML and Strings.key) from file:/home/runner/work/key/key/key.core/build/resources/main/de/uka/ilkd/key/proof/rules/genericRules.key 
2120       DEBUG main            d.u.i.k.p.i.KeYFile       Reading KeY file file:/home/runner/work/key/key/key.core/build/resources/main/de/uka/ilkd/key/proof/rules/booleanRules.key 
2120       DEBUG main            d.u.i.k.p.i.KeYFile       Read specifications obtained when parsing the Java files (usually JML and Strings.key) from file:/home/runner/work/key/key/key.core/build/resources/main/de/uka/ilkd/key/proof/rules/booleanRules.key 
2124       DEBUG main            d.u.i.k.p.i.KeYFile       Reading KeY file file:/home/runner/work/key/key/key.core/build/resources/main/de/uka/ilkd/key/proof/rules/epsilon.key 
2124       DEBUG main            d.u.i.k.p.i.KeYFile       Read specifications obtained when parsing the Java files (usually JML and Strings.key) from file:/home/runner/work/key/key/key.core/build/resources/main/de/uka/ilkd/key/proof/rules/epsilon.key 
2154       DEBUG main            d.u.i.k.p.i.KeYFile       Reading KeY file file:/home/runner/work/key/key/key.core/build/resources/main/de/uka/ilkd/key/proof/rules/locSetsRules.key 
2154       DEBUG main            d.u.i.k.p.i.KeYFile       Read specifications obtained when parsing the Java files (usually JML and Strings.key) from file:/home/runner/work/key/key/key.core/build/resources/main/de/uka/ilkd/key/proof/rules/locSetsRules.key 
2209       DEBUG main            d.u.i.k.p.i.KeYFile       Reading KeY file file:/home/runner/work/key/key/key.core/build/resources/main/de/uka/ilkd/key/proof/rules/heapRules.key 
2210       DEBUG main            d.u.i.k.p.i.KeYFile       Read specifications obtained when parsing the Java files (usually JML and Strings.key) from file:/home/runner/work/key/key/key.core/build/resources/main/de/uka/ilkd/key/proof/rules/heapRules.key 
2268       DEBUG main            d.u.i.k.p.i.KeYFile       Reading KeY file file:/home/runner/work/key/key/key.core/build/resources/main/de/uka/ilkd/key/proof/rules/permissionRules.key 
2268       DEBUG main            d.u.i.k.p.i.KeYFile       Read specifications obtained when parsing the Java files (usually JML and Strings.key) from file:/home/runner/work/key/key/key.core/build/resources/main/de/uka/ilkd/key/proof/rules/permissionRules.key 
2303       DEBUG main            d.u.i.k.p.i.KeYFile       Reading KeY file file:/home/runner/work/key/key/key.core/build/resources/main/de/uka/ilkd/key/proof/rules/reachRules.key 
2304       DEBUG main            d.u.i.k.p.i.KeYFile       Read specifications obtained when parsing the Java files (usually JML and Strings.key) from file:/home/runner/work/key/key/key.core/build/resources/main/de/uka/ilkd/key/proof/rules/reachRules.key 
2317       DEBUG main            d.u.i.k.p.i.KeYFile       Reading KeY file file:/home/runner/work/key/key/key.core/build/resources/main/de/uka/ilkd/key/proof/rules/seqCoreRules.key 
2317       DEBUG main            d.u.i.k.p.i.KeYFile       Read specifications obtained when parsing the Java files (usually JML and Strings.key) from file:/home/runner/work/key/key/key.core/build/resources/main/de/uka/ilkd/key/proof/rules/seqCoreRules.key 
2346       DEBUG main            d.u.i.k.p.i.KeYFile       Reading KeY file file:/home/runner/work/key/key/key.core/build/resources/main/de/uka/ilkd/key/proof/rules/seqRules.key 
2346       DEBUG main            d.u.i.k.p.i.KeYFile       Read specifications obtained when parsing the Java files (usually JML and Strings.key) from file:/home/runner/work/key/key/key.core/build/resources/main/de/uka/ilkd/key/proof/rules/seqRules.key 
2390       DEBUG main            d.u.i.k.p.i.KeYFile       Reading KeY file file:/home/runner/work/key/key/key.core/build/resources/main/de/uka/ilkd/key/proof/rules/seqPerm.key 
2391       DEBUG main            d.u.i.k.p.i.KeYFile       Read specifications obtained when parsing the Java files (usually JML and Strings.key) from file:/home/runner/work/key/key/key.core/build/resources/main/de/uka/ilkd/key/proof/rules/seqPerm.key 
2411       DEBUG main            d.u.i.k.p.i.KeYFile       Reading KeY file file:/home/runner/work/key/key/key.core/build/resources/main/de/uka/ilkd/key/proof/rules/seqPerm2.key 
2411       DEBUG main            d.u.i.k.p.i.KeYFile       Read specifications obtained when parsing the Java files (usually JML and Strings.key) from file:/home/runner/work/key/key/key.core/build/resources/main/de/uka/ilkd/key/proof/rules/seqPerm2.key 
2555       DEBUG main            d.u.i.k.p.i.KeYFile       Reading KeY file file:/home/runner/work/key/key/key.core/build/resources/main/de/uka/ilkd/key/proof/rules/assertions.key 
2555       DEBUG main            d.u.i.k.p.i.KeYFile       Read specifications obtained when parsing the Java files (usually JML and Strings.key) from file:/home/runner/work/key/key/key.core/build/resources/main/de/uka/ilkd/key/proof/rules/assertions.key 
2602       DEBUG main            d.u.i.k.p.i.KeYFile       Reading KeY file file:/home/runner/work/key/key/key.core/build/resources/main/de/uka/ilkd/key/proof/rules/javaRules.key 
2604       DEBUG main            d.u.i.k.p.i.KeYFile       Read specifications obtained when parsing the Java files (usually JML and Strings.key) from file:/home/runner/work/key/key/key.core/build/resources/main/de/uka/ilkd/key/proof/rules/javaRules.key 
2996       DEBUG main            d.u.i.k.p.i.KeYFile       Reading KeY file file:/home/runner/work/key/key/key.core/build/resources/main/de/uka/ilkd/key/proof/rules/loopRules.key 
2996       DEBUG main            d.u.i.k.p.i.KeYFile       Read specifications obtained when parsing the Java files (usually JML and Strings.key) from file:/home/runner/work/key/key/key.core/build/resources/main/de/uka/ilkd/key/proof/rules/loopRules.key 
3010       DEBUG main            d.u.i.k.p.i.KeYFile       Reading KeY file file:/home/runner/work/key/key/key.core/build/resources/main/de/uka/ilkd/key/proof/rules/activeUse.key 
3010       DEBUG main            d.u.i.k.p.i.KeYFile       Read specifications obtained when parsing the Java files (usually JML and Strings.key) from file:/home/runner/work/key/key/key.core/build/resources/main/de/uka/ilkd/key/proof/rules/activeUse.key 
3067       DEBUG main            d.u.i.k.p.i.KeYFile       Reading KeY file file:/home/runner/work/key/key/key.core/build/resources/main/de/uka/ilkd/key/proof/rules/instanceAllocation.key 
3067       DEBUG main            d.u.i.k.p.i.KeYFile       Read specifications obtained when parsing the Java files (usually JML and Strings.key) from file:/home/runner/work/key/key/key.core/build/resources/main/de/uka/ilkd/key/proof/rules/instanceAllocation.key 
3079       DEBUG main            d.u.i.k.p.i.KeYFile       Reading KeY file file:/home/runner/work/key/key/key.core/build/resources/main/de/uka/ilkd/key/proof/rules/java5.key 
3080       DEBUG main            d.u.i.k.p.i.KeYFile       Read specifications obtained when parsing the Java files (usually JML and Strings.key) from file:/home/runner/work/key/key/key.core/build/resources/main/de/uka/ilkd/key/proof/rules/java5.key 
3088       DEBUG main            d.u.i.k.p.i.KeYFile       Reading KeY file file:/home/runner/work/key/key/key.core/build/resources/main/de/uka/ilkd/key/proof/rules/integerAssignment2UpdateRules.key 
3089       DEBUG main            d.u.i.k.p.i.KeYFile       Read specifications obtained when parsing the Java files (usually JML and Strings.key) from file:/home/runner/work/key/key/key.core/build/resources/main/de/uka/ilkd/key/proof/rules/integerAssignment2UpdateRules.key 
3127       DEBUG main            d.u.i.k.p.i.KeYFile       Reading KeY file file:/home/runner/work/key/key/key.core/build/resources/main/de/uka/ilkd/key/proof/rules/floatAssignment2UpdateRules.key 
3127       DEBUG main            d.u.i.k.p.i.KeYFile       Read specifications obtained when parsing the Java files (usually JML and Strings.key) from file:/home/runner/work/key/key/key.core/build/resources/main/de/uka/ilkd/key/proof/rules/floatAssignment2UpdateRules.key 
3149       DEBUG main            d.u.i.k.p.i.KeYFile       Reading KeY file file:/home/runner/work/key/key/key.core/build/resources/main/de/uka/ilkd/key/proof/rules/bigint.key 
3150       DEBUG main            d.u.i.k.p.i.KeYFile       Read specifications obtained when parsing the Java files (usually JML and Strings.key) from file:/home/runner/work/key/key/key.core/build/resources/main/de/uka/ilkd/key/proof/rules/bigint.key 
3161       DEBUG main            d.u.i.k.j.TypeConverter   No LDT found for JavaBigintExpression 
3166       DEBUG main            d.u.i.k.p.i.KeYFile       Reading KeY file file:/home/runner/work/key/key/key.core/build/resources/main/de/uka/ilkd/key/proof/rules/adtProgramDecompositionRules.key 
3166       DEBUG main            d.u.i.k.p.i.KeYFile       Read specifications obtained when parsing the Java files (usually JML and Strings.key) from file:/home/runner/work/key/key/key.core/build/resources/main/de/uka/ilkd/key/proof/rules/adtProgramDecompositionRules.key 
3189       DEBUG main            d.u.i.k.p.i.KeYFile       Reading KeY file file:/home/runner/work/key/key/key.core/build/resources/main/de/uka/ilkd/key/proof/rules/precRules.key 
3190       DEBUG main            d.u.i.k.p.i.KeYFile       Read specifications obtained when parsing the Java files (usually JML and Strings.key) from file:/home/runner/work/key/key/key.core/build/resources/main/de/uka/ilkd/key/proof/rules/precRules.key 
3216       DEBUG main            d.u.i.k.p.i.KeYFile       Reading KeY file file:/home/runner/work/key/key/key.core/build/resources/main/de/uka/ilkd/key/proof/rules/charListRules.key 
3216       DEBUG main            d.u.i.k.p.i.KeYFile       Read specifications obtained when parsing the Java files (usually JML and Strings.key) from file:/home/runner/work/key/key/key.core/build/resources/main/de/uka/ilkd/key/proof/rules/charListRules.key 
3225       DEBUG main            d.u.i.k.p.i.KeYFile       Reading KeY file file:/home/runner/work/key/key/key.core/build/resources/main/de/uka/ilkd/key/proof/rules/regExHeader.key 
3225       DEBUG main            d.u.i.k.p.i.KeYFile       Read specifications obtained when parsing the Java files (usually JML and Strings.key) from file:/home/runner/work/key/key/key.core/build/resources/main/de/uka/ilkd/key/proof/rules/regExHeader.key 
3227       DEBUG main            d.u.i.k.p.i.KeYFile       Reading KeY file file:/home/runner/work/key/key/key.core/build/resources/main/de/uka/ilkd/key/proof/rules/regExAxioms.key 
3228       DEBUG main            d.u.i.k.p.i.KeYFile       Read specifications obtained when parsing the Java files (usually JML and Strings.key) from file:/home/runner/work/key/key/key.core/build/resources/main/de/uka/ilkd/key/proof/rules/regExAxioms.key 
3233       DEBUG main            d.u.i.k.p.i.KeYFile       Reading KeY file file:/home/runner/work/key/key/key.core/build/resources/main/de/uka/ilkd/key/proof/rules/regExLemmaProven.key 
3233       DEBUG main            d.u.i.k.p.i.KeYFile       Read specifications obtained when parsing the Java files (usually JML and Strings.key) from file:/home/runner/work/key/key/key.core/build/resources/main/de/uka/ilkd/key/proof/rules/regExLemmaProven.key 
3236       DEBUG main            d.u.i.k.p.i.KeYFile       Reading KeY file file:/home/runner/work/key/key/key.core/build/resources/main/de/uka/ilkd/key/proof/rules/regExTheory.key 
3236       DEBUG main            d.u.i.k.p.i.KeYFile       Read specifications obtained when parsing the Java files (usually JML and Strings.key) from file:/home/runner/work/key/key/key.core/build/resources/main/de/uka/ilkd/key/proof/rules/regExTheory.key 
3240       DEBUG main            d.u.i.k.p.i.KeYFile       Reading KeY file file:/home/runner/work/key/key/key.core/build/resources/main/de/uka/ilkd/key/proof/rules/seqEq.key 
3240       DEBUG main            d.u.i.k.p.i.KeYFile       Read specifications obtained when parsing the Java files (usually JML and Strings.key) from file:/home/runner/work/key/key/key.core/build/resources/main/de/uka/ilkd/key/proof/rules/seqEq.key 
3248       DEBUG main            d.u.i.k.p.i.KeYFile       Reading KeY file file:/home/runner/work/key/key/key.core/build/resources/main/de/uka/ilkd/key/proof/rules/infFlow.key 
3249       DEBUG main            d.u.i.k.p.i.KeYFile       Read specifications obtained when parsing the Java files (usually JML and Strings.key) from file:/home/runner/work/key/key/key.core/build/resources/main/de/uka/ilkd/key/proof/rules/infFlow.key 
3253       DEBUG main            d.u.i.k.p.i.KeYFile       Reading KeY file file:/home/runner/work/key/key/key.core/build/resources/main/de/uka/ilkd/key/proof/rules/mapSize.key 
3253       DEBUG main            d.u.i.k.p.i.KeYFile       Read specifications obtained when parsing the Java files (usually JML and Strings.key) from file:/home/runner/work/key/key/key.core/build/resources/main/de/uka/ilkd/key/proof/rules/mapSize.key 
3259       DEBUG main            d.u.i.k.p.i.KeYFile       Reading KeY file file:/home/runner/work/key/key/key.core/build/resources/main/de/uka/ilkd/key/proof/rules/wdHeader.key 
3259       DEBUG main            d.u.i.k.p.i.KeYFile       Read specifications obtained when parsing the Java files (usually JML and Strings.key) from file:/home/runner/work/key/key/key.core/build/resources/main/de/uka/ilkd/key/proof/rules/wdHeader.key 
3260       DEBUG main            d.u.i.k.p.i.KeYFile       Reading KeY file file:/home/runner/work/key/key/key.core/build/resources/main/de/uka/ilkd/key/proof/rules/wdGeneralRules.key 
3261       DEBUG main            d.u.i.k.p.i.KeYFile       Read specifications obtained when parsing the Java files (usually JML and Strings.key) from file:/home/runner/work/key/key/key.core/build/resources/main/de/uka/ilkd/key/proof/rules/wdGeneralRules.key 
3271       DEBUG main            d.u.i.k.p.i.KeYFile       Reading KeY file file:/home/runner/work/key/key/key.core/build/resources/main/de/uka/ilkd/key/proof/rules/wdNumericalRules.key 
3271       DEBUG main            d.u.i.k.p.i.KeYFile       Read specifications obtained when parsing the Java files (usually JML and Strings.key) from file:/home/runner/work/key/key/key.core/build/resources/main/de/uka/ilkd/key/proof/rules/wdNumericalRules.key 
3287       DEBUG main            d.u.i.k.p.i.KeYFile       Reading KeY file file:/home/runner/work/key/key/key.core/build/resources/main/de/uka/ilkd/key/proof/rules/wdLocSetRules.key 
3287       DEBUG main            d.u.i.k.p.i.KeYFile       Read specifications obtained when parsing the Java files (usually JML and Strings.key) from file:/home/runner/work/key/key/key.core/build/resources/main/de/uka/ilkd/key/proof/rules/wdLocSetRules.key 
3292       DEBUG main            d.u.i.k.p.i.KeYFile       Reading KeY file file:/home/runner/work/key/key/key.core/build/resources/main/de/uka/ilkd/key/proof/rules/wdHeapRules.key 
3292       DEBUG main            d.u.i.k.p.i.KeYFile       Read specifications obtained when parsing the Java files (usually JML and Strings.key) from file:/home/runner/work/key/key/key.core/build/resources/main/de/uka/ilkd/key/proof/rules/wdHeapRules.key 
3295       DEBUG main            d.u.i.k.p.i.KeYFile       Reading KeY file file:/home/runner/work/key/key/key.core/build/resources/main/de/uka/ilkd/key/proof/rules/wdReachRules.key 
3295       DEBUG main            d.u.i.k.p.i.KeYFile       Read specifications obtained when parsing the Java files (usually JML and Strings.key) from file:/home/runner/work/key/key/key.core/build/resources/main/de/uka/ilkd/key/proof/rules/wdReachRules.key 
3297       DEBUG main            d.u.i.k.p.i.KeYFile       Reading KeY file file:/home/runner/work/key/key/key.core/build/resources/main/de/uka/ilkd/key/proof/rules/wdSeqRules.key 
3298       DEBUG main            d.u.i.k.p.i.KeYFile       Read specifications obtained when parsing the Java files (usually JML and Strings.key) from file:/home/runner/work/key/key/key.core/build/resources/main/de/uka/ilkd/key/proof/rules/wdSeqRules.key 
3301       DEBUG main            d.u.i.k.p.i.KeYFile       Reading KeY file file:/home/runner/work/key/key/key.core/build/resources/main/de/uka/ilkd/key/proof/rules/wdStringRules.key 
3303       DEBUG main            d.u.i.k.p.i.KeYFile       Read specifications obtained when parsing the Java files (usually JML and Strings.key) from file:/home/runner/work/key/key/key.core/build/resources/main/de/uka/ilkd/key/proof/rules/wdStringRules.key 
3305       DEBUG main            d.u.i.k.p.i.KeYFile       Reading KeY file file:/home/runner/work/key/key/key.core/build/resources/main/de/uka/ilkd/key/proof/rules/wdRegExRules.key 
3305       DEBUG main            d.u.i.k.p.i.KeYFile       Read specifications obtained when parsing the Java files (usually JML and Strings.key) from file:/home/runner/work/key/key/key.core/build/resources/main/de/uka/ilkd/key/proof/rules/wdRegExRules.key 
3312       DEBUG main            d.u.i.k.p.i.KeYFile       Reading KeY file file:/home/runner/work/key/key/key.core/build/resources/main/de/uka/ilkd/key/proof/rules/wdFormulaRules.key 
3313       DEBUG main            d.u.i.k.p.i.KeYFile       Read specifications obtained when parsing the Java files (usually JML and Strings.key) from file:/home/runner/work/key/key/key.core/build/resources/main/de/uka/ilkd/key/proof/rules/wdFormulaRules.key 
3323       DEBUG main            d.u.i.k.p.i.KeYFile       Reading KeY file file:/home/runner/work/key/key/key.core/build/resources/main/de/uka/ilkd/key/proof/rules/wd.key 
3323       DEBUG main            d.u.i.k.p.i.KeYFile       Read specifications obtained when parsing the Java files (usually JML and Strings.key) from file:/home/runner/work/key/key/key.core/build/resources/main/de/uka/ilkd/key/proof/rules/wd.key 
3324       DEBUG main            d.u.i.k.p.i.KeYFile       Reading KeY file file:/home/runner/work/key/key/key.core/build/resources/main/de/uka/ilkd/key/proof/rules/loopInvariantRules.key 
3324       DEBUG main            d.u.i.k.p.i.KeYFile       Read specifications obtained when parsing the Java files (usually JML and Strings.key) from file:/home/runner/work/key/key/key.core/build/resources/main/de/uka/ilkd/key/proof/rules/loopInvariantRules.key 
3326       DEBUG main            d.u.i.k.p.i.KeYFile       Reading KeY file file:/home/runner/work/key/key/key.core/build/resources/main/de/uka/ilkd/key/proof/rules/forLoopRules.key 
3326       DEBUG main            d.u.i.k.p.i.KeYFile       Read specifications obtained when parsing the Java files (usually JML and Strings.key) from file:/home/runner/work/key/key/key.core/build/resources/main/de/uka/ilkd/key/proof/rules/forLoopRules.key 
3331       DEBUG main            d.u.i.k.p.i.KeYFile       Reading KeY file file:/home/runner/work/key/key/key.core/build/resources/main/de/uka/ilkd/key/proof/rules/execRules.key 
3332       DEBUG main            d.u.i.k.p.i.KeYFile       Read specifications obtained when parsing the Java files (usually JML and Strings.key) from file:/home/runner/work/key/key/key.core/build/resources/main/de/uka/ilkd/key/proof/rules/execRules.key 
3429       DEBUG main            d.u.i.k.p.i.KeYFile       Reading KeY file file:/home/runner/work/key/key/key.core/build/resources/main/de/uka/ilkd/key/proof/rules/loopScopeRules.key 
3429       DEBUG main            d.u.i.k.p.i.KeYFile       Read specifications obtained when parsing the Java files (usually JML and Strings.key) from file:/home/runner/work/key/key/key.core/build/resources/main/de/uka/ilkd/key/proof/rules/loopScopeRules.key 
3457       DEBUG main            d.u.i.k.p.i.KeYFile       Reading KeY file file:/home/runner/work/key/key/key.core/build/resources/main/de/uka/ilkd/key/proof/rules/standardRules.key 
3457       DEBUG main            d.u.i.k.p.i.KeYFile       Read specifications obtained when parsing the Java files (usually JML and Strings.key) from file:/home/runner/work/key/key/key.core/build/resources/main/de/uka/ilkd/key/proof/rules/standardRules.key 
6082       DEBUG main            d.u.i.k.j.Recoder2KeY     converting now /home/runner/work/key/key/key.core/../key.ui/examples/InformationFlow/LoopInvariants/src/loop/IFLoopExamples.java 
6146       DEBUG main            d.u.i.k.s.TermLabelSettings TermLabelSettings: Failure while reading the setting "UseOriginLabels".Using the default value: true.The string read was: null 
6152       DEBUG main            d.u.i.k.p.i.KeYFile       Reading KeY file /home/runner/work/key/key/key.core/../key.ui/examples/InformationFlow/LoopInvariants/loop.IFLoopExamples(loop.IFLoopExamples__insecure_while_3(int)).JML operation contract.0.key 
6163       DEBUG main            d.u.i.k.p.i.KeYFile       Reading KeY file file:/home/runner/work/key/key/key.core/build/resources/main/de/uka/ilkd/key/java/JavaRedux/java/lang/String.key 
6169       DEBUG main            d.u.i.k.p.i.KeYFile       Read specifications obtained when parsing the Java files (usually JML and Strings.key) from file:/home/runner/work/key/key/key.core/build/resources/main/de/uka/ilkd/key/java/JavaRedux/java/lang/String.key 
8400       DEBUG main            d.u.i.k.p.i.KeYFile       Read specifications obtained when parsing the Java files (usually JML and Strings.key) from /home/runner/work/key/key/key.core/../key.ui/examples/InformationFlow/LoopInvariants/loop.IFLoopExamples(loop.IFLoopExamples__insecure_while_3(int)).JML operation contract.0.key 
8870       DEBUG Thread-1        d.u.i.k.j.TypeConverter   typeconverter: (prefix this;, class class de.uka.ilkd.key.java.reference.ThisReference) 
8919       DEBUG Thread-1        d.u.i.k.j.TypeConverter   typeconverter: (prefix this;, class class de.uka.ilkd.key.java.reference.ThisReference) 
8969       DEBUG Thread-1        d.u.i.k.r.m.WhileLoopTransformation While-Loop-Tranform-Result: try {
  {
    if (_x > 0) {
      this.low = this.low + 1;
      _x = _x - 1;
    }
  }
} catch (java.lang.Throwable e#4) {
  exc#3 = true;
  thrownExc#5 = e#4;
} 
9153       DEBUG Thread-1        d.u.i.k.j.TypeConverter   typeconverter: (prefix this;, class class de.uka.ilkd.key.java.reference.ThisReference) 
9223       DEBUG Thread-1        d.u.i.k.j.TypeConverter   typeconverter: (prefix this;, class class de.uka.ilkd.key.java.reference.ThisReference) 
9416       DEBUG Thread-1        d.u.i.k.j.TypeConverter   typeconverter: (prefix this;, class class de.uka.ilkd.key.java.reference.ThisReference) 
9456       DEBUG Thread-1        d.u.i.k.j.TypeConverter   typeconverter: (prefix this;, class class de.uka.ilkd.key.java.reference.ThisReference) 
9640       INFO  main            d.u.i.k.p.r.p.TestFile    ... finished proof: closed. 
9758       DEBUG main            d.u.i.k.s.TermLabelSettings TermLabelSettings: Failure while reading the setting "UseOriginLabels".Using the default value: true.The string read was: null 
9758       INFO  main            d.u.i.k.p.r.p.TestFile    Now processing file /home/runner/work/key/key/key.core/../key.ui/examples/InformationFlow/LoopInvariants/loop.IFLoopExamples(loop.IFLoopExamples__secure_while_2(int)).JML operation contract.0.key 
10810      DEBUG main            d.u.i.k.j.Recoder2KeY     converting now /home/runner/work/key/key/key.core/../key.ui/examples/InformationFlow/LoopInvariants/src/loop/IFLoopExamples.java 
10826      DEBUG main            d.u.i.k.s.TermLabelSettings TermLabelSettings: Failure while reading the setting "UseOriginLabels".Using the default value: true.The string read was: null 
10827      DEBUG main            d.u.i.k.p.i.KeYFile       Reading KeY file /home/runner/work/key/key/key.core/../key.ui/examples/InformationFlow/LoopInvariants/loop.IFLoopExamples(loop.IFLoopExamples__secure_while_2(int)).JML operation contract.0.key 
10828      DEBUG main            d.u.i.k.p.i.KeYFile       Reading KeY file file:/home/runner/work/key/key/key.core/build/resources/main/de/uka/ilkd/key/java/JavaRedux/java/lang/String.key 
10831      DEBUG main            d.u.i.k.p.i.KeYFile       Read specifications obtained when parsing the Java files (usually JML and Strings.key) from file:/home/runner/work/key/key/key.core/build/resources/main/de/uka/ilkd/key/java/JavaRedux/java/lang/String.key 
12812      DEBUG main            d.u.i.k.p.i.KeYFile       Read specifications obtained when parsing the Java files (usually JML and Strings.key) from /home/runner/work/key/key/key.core/../key.ui/examples/InformationFlow/LoopInvariants/loop.IFLoopExamples(loop.IFLoopExamples__secure_while_2(int)).JML operation contract.0.key 
12913      DEBUG Thread-3        d.u.i.k.j.TypeConverter   typeconverter: (prefix this;, class class de.uka.ilkd.key.java.reference.ThisReference) 
12927      DEBUG Thread-3        d.u.i.k.j.TypeConverter   typeconverter: (prefix this;, class class de.uka.ilkd.key.java.reference.ThisReference) 
12938      DEBUG Thread-3        d.u.i.k.r.m.WhileLoopTransformation While-Loop-Tranform-Result: try {
  {
    if (_x > 0) {
      this.low = this.low + 1;
      _x = _x - 1;
    }
  }
} catch (java.lang.Throwable e#4) {
  exc#3 = true;
  thrownExc#5 = e#4;
} 
12995      DEBUG Thread-3        d.u.i.k.j.TypeConverter   typeconverter: (prefix this;, class class de.uka.ilkd.key.java.reference.ThisReference) 
13027      DEBUG Thread-3        d.u.i.k.j.TypeConverter   typeconverter: (prefix this;, class class de.uka.ilkd.key.java.reference.ThisReference) 
13210      DEBUG Thread-3        d.u.i.k.j.TypeConverter   typeconverter: (prefix this;, class class de.uka.ilkd.key.java.reference.ThisReference) 
13242      DEBUG Thread-3        d.u.i.k.j.TypeConverter   typeconverter: (prefix this;, class class de.uka.ilkd.key.java.reference.ThisReference) 
13387      INFO  main            d.u.i.k.p.r.p.TestFile    ... finished proof: closed. 
13507      DEBUG main            d.u.i.k.s.TermLabelSettings TermLabelSettings: Failure while reading the setting "UseOriginLabels".Using the default value: true.The string read was: null 
13507      INFO  main            d.u.i.k.p.r.p.TestFile    Now processing file /home/runner/work/key/key/key.core/../key.ui/examples/InformationFlow/LoopInvariants/loop.IFLoopExamples(loop.IFLoopExamples__secure_while_4(int)).JML operation contract.0.key 
14522      DEBUG main            d.u.i.k.j.Recoder2KeY     converting now /home/runner/work/key/key/key.core/../key.ui/examples/InformationFlow/LoopInvariants/src/loop/IFLoopExamples.java 
14536      DEBUG main            d.u.i.k.s.TermLabelSettings TermLabelSettings: Failure while reading the setting "UseOriginLabels".Using the default value: true.The string read was: null 
14536      DEBUG main            d.u.i.k.p.i.KeYFile       Reading KeY file /home/runner/work/key/key/key.core/../key.ui/examples/InformationFlow/LoopInvariants/loop.IFLoopExamples(loop.IFLoopExamples__secure_while_4(int)).JML operation contract.0.key 
14537      DEBUG main            d.u.i.k.p.i.KeYFile       Reading KeY file file:/home/runner/work/key/key/key.core/build/resources/main/de/uka/ilkd/key/java/JavaRedux/java/lang/String.key 
14540      DEBUG main            d.u.i.k.p.i.KeYFile       Read specifications obtained when parsing the Java files (usually JML and Strings.key) from file:/home/runner/work/key/key/key.core/build/resources/main/de/uka/ilkd/key/java/JavaRedux/java/lang/String.key 
16433      DEBUG main            d.u.i.k.p.i.KeYFile       Read specifications obtained when parsing the Java files (usually JML and Strings.key) from /home/runner/work/key/key/key.core/../key.ui/examples/InformationFlow/LoopInvariants/loop.IFLoopExamples(loop.IFLoopExamples__secure_while_4(int)).JML operation contract.0.key 
16532      DEBUG Thread-5        d.u.i.k.j.TypeConverter   typeconverter: (prefix this;, class class de.uka.ilkd.key.java.reference.ThisReference) 
16545      DEBUG Thread-5        d.u.i.k.j.TypeConverter   typeconverter: (prefix this;, class class de.uka.ilkd.key.java.reference.ThisReference) 
16568      DEBUG Thread-5        d.u.i.k.r.m.WhileLoopTransformation While-Loop-Tranform-Result: try {
  {
    if (_x > 0) {
      this.low = this.low + 1;
      _x = _x - 1;
    }
  }
} catch (java.lang.Throwable e#4) {
  exc#3 = true;
  thrownExc#5 = e#4;
} 
16617      DEBUG Thread-5        d.u.i.k.j.TypeConverter   typeconverter: (prefix this;, class class de.uka.ilkd.key.java.reference.ThisReference) 
16646      DEBUG Thread-5        d.u.i.k.j.TypeConverter   typeconverter: (prefix this;, class class de.uka.ilkd.key.java.reference.ThisReference) 
16794      DEBUG Thread-5        d.u.i.k.j.TypeConverter   typeconverter: (prefix this;, class class de.uka.ilkd.key.java.reference.ThisReference) 
16822      DEBUG Thread-5        d.u.i.k.j.TypeConverter   typeconverter: (prefix this;, class class de.uka.ilkd.key.java.reference.ThisReference) 
17000      INFO  main            d.u.i.k.p.r.p.TestFile    ... finished proof: closed. 
17137      DEBUG main            d.u.i.k.s.TermLabelSettings TermLabelSettings: Failure while reading the setting "UseOriginLabels".Using the default value: true.The string read was: null 
17137      INFO  main            d.u.i.k.p.r.p.TestFile    Now processing file /home/runner/work/key/key/key.core/../key.ui/examples/InformationFlow/LoopInvariants/loop.IFLoopExamples(loop.IFLoopExamples__insecure_doubleNestedWhile2(int)).JML operation contract.0.key 
18076      DEBUG main            d.u.i.k.j.Recoder2KeY     converting now /home/runner/work/key/key/key.core/../key.ui/examples/InformationFlow/LoopInvariants/src/loop/IFLoopExamples.java 
18083      DEBUG main            d.u.i.k.s.TermLabelSettings TermLabelSettings: Failure while reading the setting "UseOriginLabels".Using the default value: true.The string read was: null 
18083      DEBUG main            d.u.i.k.p.i.KeYFile       Reading KeY file /home/runner/work/key/key/key.core/../key.ui/examples/InformationFlow/LoopInvariants/loop.IFLoopExamples(loop.IFLoopExamples__insecure_doubleNestedWhile2(int)).JML operation contract.0.key 
18084      DEBUG main            d.u.i.k.p.i.KeYFile       Reading KeY file file:/home/runner/work/key/key/key.core/build/resources/main/de/uka/ilkd/key/java/JavaRedux/java/lang/String.key 
18087      DEBUG main            d.u.i.k.p.i.KeYFile       Read specifications obtained when parsing the Java files (usually JML and Strings.key) from file:/home/runner/work/key/key/key.core/build/resources/main/de/uka/ilkd/key/java/JavaRedux/java/lang/String.key 
19950      DEBUG main            d.u.i.k.p.i.KeYFile       Read specifications obtained when parsing the Java files (usually JML and Strings.key) from /home/runner/work/key/key/key.core/../key.ui/examples/InformationFlow/LoopInvariants/loop.IFLoopExamples(loop.IFLoopExamples__insecure_doubleNestedWhile2(int)).JML operation contract.0.key 
20025      DEBUG Thread-7        d.u.i.k.r.m.WhileLoopTransformation While-Loop-Tranform-Result: try {
  {
    if (_x > 0) {
      this.low = this.low + 1;
      _x = _x - 1;
      while (_x > 0) {
        this.low = this.low + 1;
        _x = _x - 1;
        while (_x > 0) {
          this.low = this.low + 1;
          _x = _x - 1;
        }
      }
    }
  }
} catch (java.lang.Throwable e#4) {
  exc#3 = true;
  thrownExc#5 = e#4;
} 
20166      DEBUG Thread-7        d.u.i.k.j.TypeConverter   typeconverter: (prefix this;, class class de.uka.ilkd.key.java.reference.ThisReference) 
20193      DEBUG Thread-7        d.u.i.k.j.TypeConverter   typeconverter: (prefix this;, class class de.uka.ilkd.key.java.reference.ThisReference) 
20217      DEBUG Thread-7        d.u.i.k.r.m.WhileLoopTransformation While-Loop-Tranform-Result: try {
  {
    if (_x > 0) {
      this.low = this.low + 1;
      _x = _x - 1;
      while (_x > 0) {
        this.low = this.low + 1;
        _x = _x - 1;
      }
    }
  }
} catch (java.lang.Throwable e#10) {
  exc#9 = true;
  thrownExc#11 = e#10;
} 
20419      DEBUG Thread-7        d.u.i.k.j.TypeConverter   typeconverter: (prefix this;, class class de.uka.ilkd.key.java.reference.ThisReference) 
20453      DEBUG Thread-7        d.u.i.k.j.TypeConverter   typeconverter: (prefix this;, class class de.uka.ilkd.key.java.reference.ThisReference) 
20481      DEBUG Thread-7        d.u.i.k.r.m.WhileLoopTransformation While-Loop-Tranform-Result: try {
  {
    if (_x > 0) {
      this.low = this.low + 1;
      _x = _x - 1;
    }
  }
} catch (java.lang.Throwable e#16) {
  exc#15 = true;
  thrownExc#17 = e#16;
} 
20751      DEBUG Thread-7        d.u.i.k.j.TypeConverter   typeconverter: (prefix this;, class class de.uka.ilkd.key.java.reference.ThisReference) 
20792      DEBUG Thread-7        d.u.i.k.j.TypeConverter   typeconverter: (prefix this;, class class de.uka.ilkd.key.java.reference.ThisReference) 
21011      INFO  main            d.u.i.k.p.r.p.TestFile    ... finished proof: closed. 
21167      DEBUG main            d.u.i.k.s.TermLabelSettings TermLabelSettings: Failure while reading the setting "UseOriginLabels".Using the default value: true.The string read was: null 
21167      INFO  main            d.u.i.k.p.r.p.TestFile    Now processing file /home/runner/work/key/key/key.core/../key.ui/examples/InformationFlow/LoopInvariants/loop.IFLoopExamples(loop.IFLoopExamples__insecure_doubleNestedWhile(int)).JML operation contract.0.key 
22097      DEBUG main            d.u.i.k.j.Recoder2KeY     converting now /home/runner/work/key/key/key.core/../key.ui/examples/InformationFlow/LoopInvariants/src/loop/IFLoopExamples.java 
22106      DEBUG main            d.u.i.k.s.TermLabelSettings TermLabelSettings: Failure while reading the setting "UseOriginLabels".Using the default value: true.The string read was: null 
22107      DEBUG main            d.u.i.k.p.i.KeYFile       Reading KeY file /home/runner/work/key/key/key.core/../key.ui/examples/InformationFlow/LoopInvariants/loop.IFLoopExamples(loop.IFLoopExamples__insecure_doubleNestedWhile(int)).JML operation contract.0.key 
22108      DEBUG main            d.u.i.k.p.i.KeYFile       Reading KeY file file:/home/runner/work/key/key/key.core/build/resources/main/de/uka/ilkd/key/java/JavaRedux/java/lang/String.key 
22110      DEBUG main            d.u.i.k.p.i.KeYFile       Read specifications obtained when parsing the Java files (usually JML and Strings.key) from file:/home/runner/work/key/key/key.core/build/resources/main/de/uka/ilkd/key/java/JavaRedux/java/lang/String.key 
24019      DEBUG main            d.u.i.k.p.i.KeYFile       Read specifications obtained when parsing the Java files (usually JML and Strings.key) from /home/runner/work/key/key/key.core/../key.ui/examples/InformationFlow/LoopInvariants/loop.IFLoopExamples(loop.IFLoopExamples__insecure_doubleNestedWhile(int)).JML operation contract.0.key 
24094      DEBUG Thread-9        d.u.i.k.r.m.WhileLoopTransformation While-Loop-Tranform-Result: try {
  {
    if (_x > 0) {
      this.low = this.low + 1;
      _x = _x - 1;
      while (_x > 0) {
        this.low = this.low + 1;
        _x = _x - 1;
        while (_x > 0) {
          this.low = this.low + 1;
          _x = _x - 1;
        }
      }
    }
  }
} catch (java.lang.Throwable e#4) {
  exc#3 = true;
  thrownExc#5 = e#4;
} 
24204      DEBUG Thread-9        d.u.i.k.j.TypeConverter   typeconverter: (prefix this;, class class de.uka.ilkd.key.java.reference.ThisReference) 
24228      DEBUG Thread-9        d.u.i.k.j.TypeConverter   typeconverter: (prefix this;, class class de.uka.ilkd.key.java.reference.ThisReference) 
24249      DEBUG Thread-9        d.u.i.k.r.m.WhileLoopTransformation While-Loop-Tranform-Result: try {
  {
    if (_x > 0) {
      this.low = this.low + 1;
      _x = _x - 1;
      while (_x > 0) {
        this.low = this.low + 1;
        _x = _x - 1;
      }
    }
  }
} catch (java.lang.Throwable e#10) {
  exc#9 = true;
  thrownExc#11 = e#10;
} 
24429      DEBUG Thread-9        d.u.i.k.j.TypeConverter   typeconverter: (prefix this;, class class de.uka.ilkd.key.java.reference.ThisReference) 
24461      DEBUG Thread-9        d.u.i.k.j.TypeConverter   typeconverter: (prefix this;, class class de.uka.ilkd.key.java.reference.ThisReference) 
24487      DEBUG Thread-9        d.u.i.k.r.m.WhileLoopTransformation While-Loop-Tranform-Result: try {
  {
    if (_x > 0) {
      this.low = this.low + 1;
      _x = _x - 1;
    }
  }
} catch (java.lang.Throwable e#16) {
  exc#15 = true;
  thrownExc#17 = e#16;
} 
24768      DEBUG Thread-9        d.u.i.k.j.TypeConverter   typeconverter: (prefix this;, class class de.uka.ilkd.key.java.reference.ThisReference) 
24806      DEBUG Thread-9        d.u.i.k.j.TypeConverter   typeconverter: (prefix this;, class class de.uka.ilkd.key.java.reference.ThisReference) 
24975      INFO  main            d.u.i.k.p.r.p.TestFile    ... finished proof: closed. 
25113      DEBUG main            d.u.i.k.s.TermLabelSettings TermLabelSettings: Failure while reading the setting "UseOriginLabels".Using the default value: true.The string read was: null 
25113      INFO  main            d.u.i.k.p.r.p.TestFile    Now processing file /home/runner/work/key/key/key.core/../key.ui/examples/InformationFlow/LoopInvariants/loop.IFLoopExamples(loop.IFLoopExamples__secure_doubleNestedWhile(int)).JML operation contract.0.key 
25998      DEBUG main            d.u.i.k.j.Recoder2KeY     converting now /home/runner/work/key/key/key.core/../key.ui/examples/InformationFlow/LoopInvariants/src/loop/IFLoopExamples.java 
26004      DEBUG main            d.u.i.k.s.TermLabelSettings TermLabelSettings: Failure while reading the setting "UseOriginLabels".Using the default value: true.The string read was: null 
26004      DEBUG main            d.u.i.k.p.i.KeYFile       Reading KeY file /home/runner/work/key/key/key.core/../key.ui/examples/InformationFlow/LoopInvariants/loop.IFLoopExamples(loop.IFLoopExamples__secure_doubleNestedWhile(int)).JML operation contract.0.key 
26005      DEBUG main            d.u.i.k.p.i.KeYFile       Reading KeY file file:/home/runner/work/key/key/key.core/build/resources/main/de/uka/ilkd/key/java/JavaRedux/java/lang/String.key 
26008      DEBUG main            d.u.i.k.p.i.KeYFile       Read specifications obtained when parsing the Java files (usually JML and Strings.key) from file:/home/runner/work/key/key/key.core/build/resources/main/de/uka/ilkd/key/java/JavaRedux/java/lang/String.key 
27823      DEBUG main            d.u.i.k.p.i.KeYFile       Read specifications obtained when parsing the Java files (usually JML and Strings.key) from /home/runner/work/key/key/key.core/../key.ui/examples/InformationFlow/LoopInvariants/loop.IFLoopExamples(loop.IFLoopExamples__secure_doubleNestedWhile(int)).JML operation contract.0.key 
27902      DEBUG Thread-11       d.u.i.k.r.m.WhileLoopTransformation While-Loop-Tranform-Result: try {
  {
    if (_x > 0) {
      this.low = this.low + 1;
      _x = _x - 1;
      while (_x > 0) {
        this.low = this.low + 1;
        _x = _x - 1;
        while (_x > 0) {
          this.low = this.low + 1;
          _x = _x - 1;
        }
      }
    }
  }
} catch (java.lang.Throwable e#4) {
  exc#3 = true;
  thrownExc#5 = e#4;
} 
28010      DEBUG Thread-11       d.u.i.k.j.TypeConverter   typeconverter: (prefix this;, class class de.uka.ilkd.key.java.reference.ThisReference) 
28034      DEBUG Thread-11       d.u.i.k.j.TypeConverter   typeconverter: (prefix this;, class class de.uka.ilkd.key.java.reference.ThisReference) 
28054      DEBUG Thread-11       d.u.i.k.r.m.WhileLoopTransformation While-Loop-Tranform-Result: try {
  {
    if (_x > 0) {
      this.low = this.low + 1;
      _x = _x - 1;
      while (_x > 0) {
        this.low = this.low + 1;
        _x = _x - 1;
      }
    }
  }
} catch (java.lang.Throwable e#10) {
  exc#9 = true;
  thrownExc#11 = e#10;
} 
28218      DEBUG Thread-11       d.u.i.k.j.TypeConverter   typeconverter: (prefix this;, class class de.uka.ilkd.key.java.reference.ThisReference) 
28258      DEBUG Thread-11       d.u.i.k.j.TypeConverter   typeconverter: (prefix this;, class class de.uka.ilkd.key.java.reference.ThisReference) 
28286      DEBUG Thread-11       d.u.i.k.r.m.WhileLoopTransformation While-Loop-Tranform-Result: try {
  {
    if (_x > 0) {
      this.low = this.low + 1;
      _x = _x - 1;
    }
  }
} catch (java.lang.Throwable e#16) {
  exc#15 = true;
  thrownExc#17 = e#16;
} 
28574      DEBUG Thread-11       d.u.i.k.j.TypeConverter   typeconverter: (prefix this;, class class de.uka.ilkd.key.java.reference.ThisReference) 
28614      DEBUG Thread-11       d.u.i.k.j.TypeConverter   typeconverter: (prefix this;, class class de.uka.ilkd.key.java.reference.ThisReference) 
28783      INFO  main            d.u.i.k.p.r.p.TestFile    ... finished proof: closed. 
28921      DEBUG main            d.u.i.k.s.TermLabelSettings TermLabelSettings: Failure while reading the setting "UseOriginLabels".Using the default value: true.The string read was: null 
28921      INFO  main            d.u.i.k.p.r.p.TestFile    Now processing file /home/runner/work/key/key/key.core/../key.ui/examples/InformationFlow/LoopInvariants/loop.IFLoopExamples(loop.IFLoopExamples__secure_nestedTwoWhile(int)).JML operation contract.0.key 
29835      DEBUG main            d.u.i.k.j.Recoder2KeY     converting now /home/runner/work/key/key/key.core/../key.ui/examples/InformationFlow/LoopInvariants/src/loop/IFLoopExamples.java 
29840      DEBUG main            d.u.i.k.s.TermLabelSettings TermLabelSettings: Failure while reading the setting "UseOriginLabels".Using the default value: true.The string read was: null 
29841      DEBUG main            d.u.i.k.p.i.KeYFile       Reading KeY file /home/runner/work/key/key/key.core/../key.ui/examples/InformationFlow/LoopInvariants/loop.IFLoopExamples(loop.IFLoopExamples__secure_nestedTwoWhile(int)).JML operation contract.0.key 
29842      DEBUG main            d.u.i.k.p.i.KeYFile       Reading KeY file file:/home/runner/work/key/key/key.core/build/resources/main/de/uka/ilkd/key/java/JavaRedux/java/lang/String.key 
29844      DEBUG main            d.u.i.k.p.i.KeYFile       Read specifications obtained when parsing the Java files (usually JML and Strings.key) from file:/home/runner/work/key/key/key.core/build/resources/main/de/uka/ilkd/key/java/JavaRedux/java/lang/String.key 
31687      DEBUG main            d.u.i.k.p.i.KeYFile       Read specifications obtained when parsing the Java files (usually JML and Strings.key) from /home/runner/work/key/key/key.core/../key.ui/examples/InformationFlow/LoopInvariants/loop.IFLoopExamples(loop.IFLoopExamples__secure_nestedTwoWhile(int)).JML operation contract.0.key 
31752      DEBUG Thread-13       d.u.i.k.r.m.WhileLoopTransformation While-Loop-Tranform-Result: try {
  {
    if (_x > 0) {
      this.low = this.low + 1;
      _x = _x - 1;
      while (_x > 0) {
        this.low = this.low + 1;
        _x = _x - 1;
      }
      while (_x > 0) {
        this.low = this.low + 1;
        _x = _x - 1;
      }
    }
  }
} catch (java.lang.Throwable e#4) {
  exc#3 = true;
  thrownExc#5 = e#4;
} 
31854      DEBUG Thread-13       d.u.i.k.j.TypeConverter   typeconverter: (prefix this;, class class de.uka.ilkd.key.java.reference.ThisReference) 
31877      DEBUG Thread-13       d.u.i.k.j.TypeConverter   typeconverter: (prefix this;, class class de.uka.ilkd.key.java.reference.ThisReference) 
31896      DEBUG Thread-13       d.u.i.k.r.m.WhileLoopTransformation While-Loop-Tranform-Result: try {
  {
    if (_x > 0) {
      this.low = this.low + 1;
      _x = _x - 1;
    }
  }
} catch (java.lang.Throwable e#10) {
  exc#9 = true;
  thrownExc#11 = e#10;
} 
31934      DEBUG Thread-13       d.u.i.k.r.m.WhileLoopTransformation While-Loop-Tranform-Result: try {
  {
    if (_x > 0) {
      this.low = this.low + 1;
      _x = _x - 1;
    }
  }
} catch (java.lang.Throwable e#16) {
  exc#15 = true;
  thrownExc#17 = e#16;
} 
32185      DEBUG Thread-13       d.u.i.k.j.TypeConverter   typeconverter: (prefix this;, class class de.uka.ilkd.key.java.reference.ThisReference) 
32214      DEBUG Thread-13       d.u.i.k.j.TypeConverter   typeconverter: (prefix this;, class class de.uka.ilkd.key.java.reference.ThisReference) 
32370      DEBUG Thread-13       d.u.i.k.j.TypeConverter   typeconverter: (prefix this;, class class de.uka.ilkd.key.java.reference.ThisReference) 
32399      DEBUG Thread-13       d.u.i.k.j.TypeConverter   typeconverter: (prefix this;, class class de.uka.ilkd.key.java.reference.ThisReference) 
32537      INFO  main            d.u.i.k.p.r.p.TestFile    ... finished proof: closed. 
32684      DEBUG main            d.u.i.k.s.TermLabelSettings TermLabelSettings: Failure while reading the setting "UseOriginLabels".Using the default value: true.The string read was: null 
32684      INFO  main            d.u.i.k.p.r.p.TestFile    Now processing file /home/runner/work/key/key/key.core/../key.ui/examples/InformationFlow/LoopInvariants/loop.IFLoopExamples(loop.IFLoopExamples__secure_nestedWhile(int)).JML operation contract.0.key 
33570      DEBUG main            d.u.i.k.j.Recoder2KeY     converting now /home/runner/work/key/key/key.core/../key.ui/examples/InformationFlow/LoopInvariants/src/loop/IFLoopExamples.java 
33575      DEBUG main            d.u.i.k.s.TermLabelSettings TermLabelSettings: Failure while reading the setting "UseOriginLabels".Using the default value: true.The string read was: null 
33576      DEBUG main            d.u.i.k.p.i.KeYFile       Reading KeY file /home/runner/work/key/key/key.core/../key.ui/examples/InformationFlow/LoopInvariants/loop.IFLoopExamples(loop.IFLoopExamples__secure_nestedWhile(int)).JML operation contract.0.key 
33577      DEBUG main            d.u.i.k.p.i.KeYFile       Reading KeY file file:/home/runner/work/key/key/key.core/build/resources/main/de/uka/ilkd/key/java/JavaRedux/java/lang/String.key 
33579      DEBUG main            d.u.i.k.p.i.KeYFile       Read specifications obtained when parsing the Java files (usually JML and Strings.key) from file:/home/runner/work/key/key/key.core/build/resources/main/de/uka/ilkd/key/java/JavaRedux/java/lang/String.key 
35385      DEBUG main            d.u.i.k.p.i.KeYFile       Read specifications obtained when parsing the Java files (usually JML and Strings.key) from /home/runner/work/key/key/key.core/../key.ui/examples/InformationFlow/LoopInvariants/loop.IFLoopExamples(loop.IFLoopExamples__secure_nestedWhile(int)).JML operation contract.0.key 
35451      DEBUG Thread-15       d.u.i.k.r.m.WhileLoopTransformation While-Loop-Tranform-Result: try {
  {
    if (_x > 0) {
      this.low = this.low + 1;
      _x = _x - 1;
      while (_x > 0) {
        this.low = this.low + 1;
        _x = _x - 1;
      }
    }
  }
} catch (java.lang.Throwable e#4) {
  exc#3 = true;
  thrownExc#5 = e#4;
} 
35546      DEBUG Thread-15       d.u.i.k.j.TypeConverter   typeconverter: (prefix this;, class class de.uka.ilkd.key.java.reference.ThisReference) 
35586      DEBUG Thread-15       d.u.i.k.j.TypeConverter   typeconverter: (prefix this;, class class de.uka.ilkd.key.java.reference.ThisReference) 
35603      DEBUG Thread-15       d.u.i.k.r.m.WhileLoopTransformation While-Loop-Tranform-Result: try {
  {
    if (_x > 0) {
      this.low = this.low + 1;
      _x = _x - 1;
    }
  }
} catch (java.lang.Throwable e#10) {
  exc#9 = true;
  thrownExc#11 = e#10;
} 
35750      DEBUG Thread-15       d.u.i.k.j.TypeConverter   typeconverter: (prefix this;, class class de.uka.ilkd.key.java.reference.ThisReference) 
35776      DEBUG Thread-15       d.u.i.k.j.TypeConverter   typeconverter: (prefix this;, class class de.uka.ilkd.key.java.reference.ThisReference) 
35934      INFO  main            d.u.i.k.p.r.p.TestFile    ... finished proof: closed. 
36115      DEBUG main            d.u.i.k.s.TermLabelSettings TermLabelSettings: Failure while reading the setting "UseOriginLabels".Using the default value: true.The string read was: null 
36115      INFO  main            d.u.i.k.p.r.p.TestFile    Now processing file /home/runner/work/key/key/key.core/../key.ui/examples/InformationFlow/LoopInvariants/loop.IFLoopExamples(loop.IFLoopExamples__notSecure_while(int)).JML operation contract.0.key 
37003      DEBUG main            d.u.i.k.j.Recoder2KeY     converting now /home/runner/work/key/key/key.core/../key.ui/examples/InformationFlow/LoopInvariants/src/loop/IFLoopExamples.java 
37008      DEBUG main            d.u.i.k.s.TermLabelSettings TermLabelSettings: Failure while reading the setting "UseOriginLabels".Using the default value: true.The string read was: null 
37008      DEBUG main            d.u.i.k.p.i.KeYFile       Reading KeY file /home/runner/work/key/key/key.core/../key.ui/examples/InformationFlow/LoopInvariants/loop.IFLoopExamples(loop.IFLoopExamples__notSecure_while(int)).JML operation contract.0.key 
37009      DEBUG main            d.u.i.k.p.i.KeYFile       Reading KeY file file:/home/runner/work/key/key/key.core/build/resources/main/de/uka/ilkd/key/java/JavaRedux/java/lang/String.key 
37012      DEBUG main            d.u.i.k.p.i.KeYFile       Read specifications obtained when parsing the Java files (usually JML and Strings.key) from file:/home/runner/work/key/key/key.core/build/resources/main/de/uka/ilkd/key/java/JavaRedux/java/lang/String.key 
38805      DEBUG main            d.u.i.k.p.i.KeYFile       Read specifications obtained when parsing the Java files (usually JML and Strings.key) from /home/runner/work/key/key/key.core/../key.ui/examples/InformationFlow/LoopInvariants/loop.IFLoopExamples(loop.IFLoopExamples__notSecure_while(int)).JML operation contract.0.key 
38867      DEBUG Thread-17       d.u.i.k.r.m.WhileLoopTransformation While-Loop-Tranform-Result: try {
  {
    if (_x > 0) {
      this.low = this.low + 1;
      _x = _x - 1;
    }
  }
} catch (java.lang.Throwable e#4) {
  exc#3 = true;
  thrownExc#5 = e#4;
} 
38977      DEBUG Thread-17       d.u.i.k.j.TypeConverter   typeconverter: (prefix this;, class class de.uka.ilkd.key.java.reference.ThisReference) 
38997      DEBUG Thread-17       d.u.i.k.j.TypeConverter   typeconverter: (prefix this;, class class de.uka.ilkd.key.java.reference.ThisReference) 
39054      INFO  main            d.u.i.k.p.r.p.TestFile    ... finished proof: closed. 
39190      DEBUG main            d.u.i.k.s.TermLabelSettings TermLabelSettings: Failure while reading the setting "UseOriginLabels".Using the default value: true.The string read was: null 
39191      INFO  main            d.u.i.k.p.r.p.TestFile    Now processing file /home/runner/work/key/key/key.core/../key.ui/examples/InformationFlow/LoopInvariants/loop.IFLoopExamples(loop.IFLoopExamples__notSecure_while_wrongInv(int)).JML operation contract.0.key 
40070      DEBUG main            d.u.i.k.j.Recoder2KeY     converting now /home/runner/work/key/key/key.core/../key.ui/examples/InformationFlow/LoopInvariants/src/loop/IFLoopExamples.java 
40076      DEBUG main            d.u.i.k.s.TermLabelSettings TermLabelSettings: Failure while reading the setting "UseOriginLabels".Using the default value: true.The string read was: null 
40076      DEBUG main            d.u.i.k.p.i.KeYFile       Reading KeY file /home/runner/work/key/key/key.core/../key.ui/examples/InformationFlow/LoopInvariants/loop.IFLoopExamples(loop.IFLoopExamples__notSecure_while_wrongInv(int)).JML operation contract.0.key 
40077      DEBUG main            d.u.i.k.p.i.KeYFile       Reading KeY file file:/home/runner/work/key/key/key.core/build/resources/main/de/uka/ilkd/key/java/JavaRedux/java/lang/String.key 
40080      DEBUG main            d.u.i.k.p.i.KeYFile       Read specifications obtained when parsing the Java files (usually JML and Strings.key) from file:/home/runner/work/key/key/key.core/build/resources/main/de/uka/ilkd/key/java/JavaRedux/java/lang/String.key 
41885      DEBUG main            d.u.i.k.p.i.KeYFile       Read specifications obtained when parsing the Java files (usually JML and Strings.key) from /home/runner/work/key/key/key.core/../key.ui/examples/InformationFlow/LoopInvariants/loop.IFLoopExamples(loop.IFLoopExamples__notSecure_while_wrongInv(int)).JML operation contract.0.key 
41946      DEBUG Thread-19       d.u.i.k.r.m.WhileLoopTransformation While-Loop-Tranform-Result: try {
  {
    if (_x > 0) {
      this.low = this.low + 1;
      _x = _x - 1;
    }
  }
} catch (java.lang.Throwable e#4) {
  exc#3 = true;
  thrownExc#5 = e#4;
} 
42010      DEBUG Thread-19       d.u.i.k.j.TypeConverter   typeconverter: (prefix this;, class class de.uka.ilkd.key.java.reference.ThisReference) 
42028      DEBUG Thread-19       d.u.i.k.j.TypeConverter   typeconverter: (prefix this;, class class de.uka.ilkd.key.java.reference.ThisReference) 
42135      INFO  main            d.u.i.k.p.r.p.TestFile    ... finished proof: open goal(s) 
42298      DEBUG main            d.u.i.k.s.TermLabelSettings TermLabelSettings: Failure while reading the setting "UseOriginLabels".Using the default value: true.The string read was: null 
42298      INFO  main            d.u.i.k.p.r.p.TestFile    Now processing file /home/runner/work/key/key/key.core/../key.ui/examples/InformationFlow/LoopInvariants/loop.IFLoopExamples(loop.IFLoopExamples__insecure_twoWhile(int)).JML operation contract.0.key 
43175      DEBUG main            d.u.i.k.j.Recoder2KeY     converting now /home/runner/work/key/key/key.core/../key.ui/examples/InformationFlow/LoopInvariants/src/loop/IFLoopExamples.java 
43181      DEBUG main            d.u.i.k.s.TermLabelSettings TermLabelSettings: Failure while reading the setting "UseOriginLabels".Using the default value: true.The string read was: null 
43181      DEBUG main            d.u.i.k.p.i.KeYFile       Reading KeY file /home/runner/work/key/key/key.core/../key.ui/examples/InformationFlow/LoopInvariants/loop.IFLoopExamples(loop.IFLoopExamples__insecure_twoWhile(int)).JML operation contract.0.key 
43182      DEBUG main            d.u.i.k.p.i.KeYFile       Reading KeY file file:/home/runner/work/key/key/key.core/build/resources/main/de/uka/ilkd/key/java/JavaRedux/java/lang/String.key 
43185      DEBUG main            d.u.i.k.p.i.KeYFile       Read specifications obtained when parsing the Java files (usually JML and Strings.key) from file:/home/runner/work/key/key/key.core/build/resources/main/de/uka/ilkd/key/java/JavaRedux/java/lang/String.key 
44971      DEBUG main            d.u.i.k.p.i.KeYFile       Read specifications obtained when parsing the Java files (usually JML and Strings.key) from /home/runner/work/key/key/key.core/../key.ui/examples/InformationFlow/LoopInvariants/loop.IFLoopExamples(loop.IFLoopExamples__insecure_twoWhile(int)).JML operation contract.0.key 
45044      DEBUG Thread-21       d.u.i.k.r.m.WhileLoopTransformation While-Loop-Tranform-Result: try {
  {
    if (_x > 0) {
      this.low = this.low + 1;
      _x = _x - 1;
    }
  }
} catch (java.lang.Throwable e#4) {
  exc#3 = true;
  thrownExc#5 = e#4;
} 
45072      DEBUG Thread-21       d.u.i.k.r.m.WhileLoopTransformation While-Loop-Tranform-Result: try {
  {
    if (_x == 0) {
      this.low = this.low + 1;
      _x = _x - 1;
    }
  }
} catch (java.lang.Throwable e#10) {
  exc#9 = true;
  thrownExc#11 = e#10;
} 
45178      DEBUG Thread-21       d.u.i.k.j.TypeConverter   typeconverter: (prefix this;, class class de.uka.ilkd.key.java.reference.ThisReference) 
45186      DEBUG Thread-21       d.u.i.k.j.TypeConverter   typeconverter: (prefix this;, class class de.uka.ilkd.key.java.reference.ThisReference) 
45313      DEBUG Thread-21       d.u.i.k.j.TypeConverter   typeconverter: (prefix this;, class class de.uka.ilkd.key.java.reference.ThisReference) 
45334      DEBUG Thread-21       d.u.i.k.j.TypeConverter   typeconverter: (prefix this;, class class de.uka.ilkd.key.java.reference.ThisReference) 
45429      INFO  main            d.u.i.k.p.r.p.TestFile    ... finished proof: closed. 
45600      DEBUG main            d.u.i.k.s.TermLabelSettings TermLabelSettings: Failure while reading the setting "UseOriginLabels".Using the default value: true.The string read was: null 
45600      INFO  main            d.u.i.k.p.r.p.TestFile    Now processing file /home/runner/work/key/key/key.core/../key.ui/examples/InformationFlow/LoopInvariants/loop.IFLoopExamples(loop.IFLoopExamples__insecure_twoWhile_2(int)).JML operation contract.0.key 
46476      DEBUG main            d.u.i.k.j.Recoder2KeY     converting now /home/runner/work/key/key/key.core/../key.ui/examples/InformationFlow/LoopInvariants/src/loop/IFLoopExamples.java 
46481      DEBUG main            d.u.i.k.s.TermLabelSettings TermLabelSettings: Failure while reading the setting "UseOriginLabels".Using the default value: true.The string read was: null 
46481      DEBUG main            d.u.i.k.p.i.KeYFile       Reading KeY file /home/runner/work/key/key/key.core/../key.ui/examples/InformationFlow/LoopInvariants/loop.IFLoopExamples(loop.IFLoopExamples__insecure_twoWhile_2(int)).JML operation contract.0.key 
46482      DEBUG main            d.u.i.k.p.i.KeYFile       Reading KeY file file:/home/runner/work/key/key/key.core/build/resources/main/de/uka/ilkd/key/java/JavaRedux/java/lang/String.key 
46484      DEBUG main            d.u.i.k.p.i.KeYFile       Read specifications obtained when parsing the Java files (usually JML and Strings.key) from file:/home/runner/work/key/key/key.core/build/resources/main/de/uka/ilkd/key/java/JavaRedux/java/lang/String.key 
48283      DEBUG main            d.u.i.k.p.i.KeYFile       Read specifications obtained when parsing the Java files (usually JML and Strings.key) from /home/runner/work/key/key/key.core/../key.ui/examples/InformationFlow/LoopInvariants/loop.IFLoopExamples(loop.IFLoopExamples__insecure_twoWhile_2(int)).JML operation contract.0.key 
48346      DEBUG Thread-23       d.u.i.k.r.m.WhileLoopTransformation While-Loop-Tranform-Result: try {
  {
    if (_x > 0) {
      this.low = this.low + 1;
      _x = _x - 1;
    }
  }
} catch (java.lang.Throwable e#4) {
  exc#3 = true;
  thrownExc#5 = e#4;
} 
48373      DEBUG Thread-23       d.u.i.k.r.m.WhileLoopTransformation While-Loop-Tranform-Result: try {
  {
    if (_x == 0) {
      this.low = this.low + 1;
      _x = _x - 1;
    }
  }
} catch (java.lang.Throwable e#10) {
  exc#9 = true;
  thrownExc#11 = e#10;
} 
48467      DEBUG Thread-23       d.u.i.k.j.TypeConverter   typeconverter: (prefix this;, class class de.uka.ilkd.key.java.reference.ThisReference) 
48475      DEBUG Thread-23       d.u.i.k.j.TypeConverter   typeconverter: (prefix this;, class class de.uka.ilkd.key.java.reference.ThisReference) 
48591      DEBUG Thread-23       d.u.i.k.j.TypeConverter   typeconverter: (prefix this;, class class de.uka.ilkd.key.java.reference.ThisReference) 
48611      DEBUG Thread-23       d.u.i.k.j.TypeConverter   typeconverter: (prefix this;, class class de.uka.ilkd.key.java.reference.ThisReference) 
48730      INFO  main            d.u.i.k.p.r.p.TestFile    ... finished proof: closed. 
48885      DEBUG main            d.u.i.k.s.TermLabelSettings TermLabelSettings: Failure while reading the setting "UseOriginLabels".Using the default value: true.The string read was: null 
48885      INFO  main            d.u.i.k.p.r.p.TestFile    Now processing file /home/runner/work/key/key/key.core/../key.ui/examples/InformationFlow/LoopInvariants/loop.IFLoopExamples(loop.IFLoopExamples__secure_twoWhile(int)).JML operation contract.0.key 
49746      DEBUG main            d.u.i.k.j.Recoder2KeY     converting now /home/runner/work/key/key/key.core/../key.ui/examples/InformationFlow/LoopInvariants/src/loop/IFLoopExamples.java 
49751      DEBUG main            d.u.i.k.s.TermLabelSettings TermLabelSettings: Failure while reading the setting "UseOriginLabels".Using the default value: true.The string read was: null 
49751      DEBUG main            d.u.i.k.p.i.KeYFile       Reading KeY file /home/runner/work/key/key/key.core/../key.ui/examples/InformationFlow/LoopInvariants/loop.IFLoopExamples(loop.IFLoopExamples__secure_twoWhile(int)).JML operation contract.0.key 
49752      DEBUG main            d.u.i.k.p.i.KeYFile       Reading KeY file file:/home/runner/work/key/key/key.core/build/resources/main/de/uka/ilkd/key/java/JavaRedux/java/lang/String.key 
49754      DEBUG main            d.u.i.k.p.i.KeYFile       Read specifications obtained when parsing the Java files (usually JML and Strings.key) from file:/home/runner/work/key/key/key.core/build/resources/main/de/uka/ilkd/key/java/JavaRedux/java/lang/String.key 
51534      DEBUG main            d.u.i.k.p.i.KeYFile       Read specifications obtained when parsing the Java files (usually JML and Strings.key) from /home/runner/work/key/key/key.core/../key.ui/examples/InformationFlow/LoopInvariants/loop.IFLoopExamples(loop.IFLoopExamples__secure_twoWhile(int)).JML operation contract.0.key 
51598      DEBUG Thread-25       d.u.i.k.r.m.WhileLoopTransformation While-Loop-Tranform-Result: try {
  {
    if (_x > 0) {
      this.low = this.low + 1;
      _x = _x - 1;
    }
  }
} catch (java.lang.Throwable e#4) {
  exc#3 = true;
  thrownExc#5 = e#4;
} 
51625      DEBUG Thread-25       d.u.i.k.r.m.WhileLoopTransformation While-Loop-Tranform-Result: try {
  {
    if (_x == 0) {
      this.low = this.low + 1;
      _x = _x - 1;
    }
  }
} catch (java.lang.Throwable e#10) {
  exc#9 = true;
  thrownExc#11 = e#10;
} 
51730      DEBUG Thread-25       d.u.i.k.j.TypeConverter   typeconverter: (prefix this;, class class de.uka.ilkd.key.java.reference.ThisReference) 
51738      DEBUG Thread-25       d.u.i.k.j.TypeConverter   typeconverter: (prefix this;, class class de.uka.ilkd.key.java.reference.ThisReference) 
51851      DEBUG Thread-25       d.u.i.k.j.TypeConverter   typeconverter: (prefix this;, class class de.uka.ilkd.key.java.reference.ThisReference) 
51871      DEBUG Thread-25       d.u.i.k.j.TypeConverter   typeconverter: (prefix this;, class class de.uka.ilkd.key.java.reference.ThisReference) 
51985      INFO  main            d.u.i.k.p.r.p.TestFile    ... finished proof: closed. 
52135      DEBUG main            d.u.i.k.s.TermLabelSettings TermLabelSettings: Failure while reading the setting "UseOriginLabels".Using the default value: true.The string read was: null 
52135      INFO  main            d.u.i.k.p.r.p.TestFile    Now processing file /home/runner/work/key/key/key.core/../key.ui/examples/InformationFlow/LoopInvariants/loop.IFLoopExamples(loop.IFLoopExamples__loc_secure_while(int)).JML operation contract.0.key 
53027      DEBUG main            d.u.i.k.j.Recoder2KeY     converting now /home/runner/work/key/key/key.core/../key.ui/examples/InformationFlow/LoopInvariants/src/loop/IFLoopExamples.java 
53032      DEBUG main            d.u.i.k.s.TermLabelSettings TermLabelSettings: Failure while reading the setting "UseOriginLabels".Using the default value: true.The string read was: null 
53032      DEBUG main            d.u.i.k.p.i.KeYFile       Reading KeY file /home/runner/work/key/key/key.core/../key.ui/examples/InformationFlow/LoopInvariants/loop.IFLoopExamples(loop.IFLoopExamples__loc_secure_while(int)).JML operation contract.0.key 
53033      DEBUG main            d.u.i.k.p.i.KeYFile       Reading KeY file file:/home/runner/work/key/key/key.core/build/resources/main/de/uka/ilkd/key/java/JavaRedux/java/lang/String.key 
53036      DEBUG main            d.u.i.k.p.i.KeYFile       Read specifications obtained when parsing the Java files (usually JML and Strings.key) from file:/home/runner/work/key/key/key.core/build/resources/main/de/uka/ilkd/key/java/JavaRedux/java/lang/String.key 
54793      DEBUG main            d.u.i.k.p.i.KeYFile       Read specifications obtained when parsing the Java files (usually JML and Strings.key) from /home/runner/work/key/key/key.core/../key.ui/examples/InformationFlow/LoopInvariants/loop.IFLoopExamples(loop.IFLoopExamples__loc_secure_while(int)).JML operation contract.0.key 
54857      DEBUG Thread-27       d.u.i.k.r.m.WhileLoopTransformation While-Loop-Tranform-Result: try {
  {
    if (_x > 0) {
      this.low = this.low + 1;
      _x = _x - 1;
      z = z + _x;
    }
  }
} catch (java.lang.Throwable e#4) {
  exc#3 = true;
  thrownExc#5 = e#4;
} 
54942      DEBUG Thread-27       d.u.i.k.j.TypeConverter   typeconverter: (prefix this;, class class de.uka.ilkd.key.java.reference.ThisReference) 
54960      DEBUG Thread-27       d.u.i.k.j.TypeConverter   typeconverter: (prefix this;, class class de.uka.ilkd.key.java.reference.ThisReference) 
55038      INFO  main            d.u.i.k.p.r.p.TestFile    ... finished proof: closed. 
55189      DEBUG main            d.u.i.k.s.TermLabelSettings TermLabelSettings: Failure while reading the setting "UseOriginLabels".Using the default value: true.The string read was: null 
55189      INFO  main            d.u.i.k.p.r.p.TestFile    Now processing file /home/runner/work/key/key/key.core/../key.ui/examples/InformationFlow/LoopInvariants/loop.IFLoopExamples(loop.IFLoopExamples__secure_while(int)).JML operation contract.0.key 
56062      DEBUG main            d.u.i.k.j.Recoder2KeY     converting now /home/runner/work/key/key/key.core/../key.ui/examples/InformationFlow/LoopInvariants/src/loop/IFLoopExamples.java 
56068      DEBUG main            d.u.i.k.s.TermLabelSettings TermLabelSettings: Failure while reading the setting "UseOriginLabels".Using the default value: true.The string read was: null 
56068      DEBUG main            d.u.i.k.p.i.KeYFile       Reading KeY file /home/runner/work/key/key/key.core/../key.ui/examples/InformationFlow/LoopInvariants/loop.IFLoopExamples(loop.IFLoopExamples__secure_while(int)).JML operation contract.0.key 
56069      DEBUG main            d.u.i.k.p.i.KeYFile       Reading KeY file file:/home/runner/work/key/key/key.core/build/resources/main/de/uka/ilkd/key/java/JavaRedux/java/lang/String.key 
56072      DEBUG main            d.u.i.k.p.i.KeYFile       Read specifications obtained when parsing the Java files (usually JML and Strings.key) from file:/home/runner/work/key/key/key.core/build/resources/main/de/uka/ilkd/key/java/JavaRedux/java/lang/String.key 
57859      DEBUG main            d.u.i.k.p.i.KeYFile       Read specifications obtained when parsing the Java files (usually JML and Strings.key) from /home/runner/work/key/key/key.core/../key.ui/examples/InformationFlow/LoopInvariants/loop.IFLoopExamples(loop.IFLoopExamples__secure_while(int)).JML operation contract.0.key 
57917      DEBUG Thread-29       d.u.i.k.r.m.WhileLoopTransformation While-Loop-Tranform-Result: try {
  {
    if (_x > 0) {
      this.low = this.low + 1;
      _x = _x - 1;
    }
  }
} catch (java.lang.Throwable e#4) {
  exc#3 = true;
  thrownExc#5 = e#4;
} 
58002      DEBUG Thread-29       d.u.i.k.j.TypeConverter   typeconverter: (prefix this;, class class de.uka.ilkd.key.java.reference.ThisReference) 
58020      DEBUG Thread-29       d.u.i.k.j.TypeConverter   typeconverter: (prefix this;, class class de.uka.ilkd.key.java.reference.ThisReference) 
58101      INFO  main            d.u.i.k.p.r.p.TestFile    ... finished proof: closed. 
58249      DEBUG main            d.u.i.k.s.TermLabelSettings TermLabelSettings: Failure while reading the setting "UseOriginLabels".Using the default value: true.The string read was: null 
58249      INFO  main            d.u.i.k.p.r.p.TestFile    Now processing file /home/runner/work/key/key/key.core/../key.ui/examples/InformationFlow/LoopInvariants/loop.IFLoopExamples(loop.IFLoopExamples__print(int)).JML normal_behavior operation contract.0.key 
59118      DEBUG main            d.u.i.k.j.Recoder2KeY     converting now /home/runner/work/key/key/key.core/../key.ui/examples/InformationFlow/LoopInvariants/src/loop/IFLoopExamples.java 
59123      DEBUG main            d.u.i.k.s.TermLabelSettings TermLabelSettings: Failure while reading the setting "UseOriginLabels".Using the default value: true.The string read was: null 
59124      DEBUG main            d.u.i.k.p.i.KeYFile       Reading KeY file /home/runner/work/key/key/key.core/../key.ui/examples/InformationFlow/LoopInvariants/loop.IFLoopExamples(loop.IFLoopExamples__print(int)).JML normal_behavior operation contract.0.key 
59125      DEBUG main            d.u.i.k.p.i.KeYFile       Reading KeY file file:/home/runner/work/key/key/key.core/build/resources/main/de/uka/ilkd/key/java/JavaRedux/java/lang/String.key 
59127      DEBUG main            d.u.i.k.p.i.KeYFile       Read specifications obtained when parsing the Java files (usually JML and Strings.key) from file:/home/runner/work/key/key/key.core/build/resources/main/de/uka/ilkd/key/java/JavaRedux/java/lang/String.key 
60947      DEBUG main            d.u.i.k.p.i.KeYFile       Read specifications obtained when parsing the Java files (usually JML and Strings.key) from /home/runner/work/key/key/key.core/../key.ui/examples/InformationFlow/LoopInvariants/loop.IFLoopExamples(loop.IFLoopExamples__print(int)).JML normal_behavior operation contract.0.key 
60997      DEBUG Thread-31       d.u.i.k.j.TypeConverter   typeconverter: (prefix this;, class class de.uka.ilkd.key.java.reference.ThisReference) 
61087      INFO  main            d.u.i.k.p.r.p.TestFile    ... finished proof: closed. 
61239      DEBUG main            d.u.i.k.s.TermLabelSettings TermLabelSettings: Failure while reading the setting "UseOriginLabels".Using the default value: true.The string read was: null 
61239      INFO  main            d.u.i.k.p.r.p.TestFile    Now processing file /home/runner/work/key/key/key.core/../key.ui/examples/InformationFlow/LoopInvariants/loop.IFLoopExamples(loop.IFLoopExamples__hammer(int)).JML normal_behavior operation contract.0.key 
62099      DEBUG main            d.u.i.k.j.Recoder2KeY     converting now /home/runner/work/key/key/key.core/../key.ui/examples/InformationFlow/LoopInvariants/src/loop/IFLoopExamples.java 
62105      DEBUG main            d.u.i.k.s.TermLabelSettings TermLabelSettings: Failure while reading the setting "UseOriginLabels".Using the default value: true.The string read was: null 
62106      DEBUG main            d.u.i.k.p.i.KeYFile       Reading KeY file /home/runner/work/key/key/key.core/../key.ui/examples/InformationFlow/LoopInvariants/loop.IFLoopExamples(loop.IFLoopExamples__hammer(int)).JML normal_behavior operation contract.0.key 
62107      DEBUG main            d.u.i.k.p.i.KeYFile       Reading KeY file file:/home/runner/work/key/key/key.core/build/resources/main/de/uka/ilkd/key/java/JavaRedux/java/lang/String.key 
62109      DEBUG main            d.u.i.k.p.i.KeYFile       Read specifications obtained when parsing the Java files (usually JML and Strings.key) from file:/home/runner/work/key/key/key.core/build/resources/main/de/uka/ilkd/key/java/JavaRedux/java/lang/String.key 
63893      DEBUG main            d.u.i.k.p.i.KeYFile       Read specifications obtained when parsing the Java files (usually JML and Strings.key) from /home/runner/work/key/key/key.core/../key.ui/examples/InformationFlow/LoopInvariants/loop.IFLoopExamples(loop.IFLoopExamples__hammer(int)).JML normal_behavior operation contract.0.key 
63962      DEBUG Thread-33       d.u.i.k.r.m.WhileLoopTransformation While-Loop-Tranform-Result: try {
  {
    if (y < 10) {
      print(x);
      if (y == 5) {
        x = _secret;
        y = 9;
      }
      x++;
      y++;
    }
  }
} catch (java.lang.Throwable e#4) {
  exc#3 = true;
  thrownExc#5 = e#4;
} 
64242      INFO  main            d.u.i.k.p.r.p.TestFile    ... finished proof: closed. 
358327     INFO  Test worker     d.u.i.k.p.r.RunAllProofsTestUnit Returning from test LoopInvariants 
358328     INFO  Test worker     d.u.i.k.p.r.RunAllProofsTestUnit Running test MiniExamples 
351        INFO  Timeout watchdog d.u.i.k.p.r.p.ForkedTestFileRunner Timeout watcher launched (1000 secs.) 
358        WARN  main            d.u.i.k.s.ProofSettings   The settings in /home/runner/.key/proof-settings.props are *not* read. 
391        DEBUG main            d.u.i.k.s.TermLabelSettings TermLabelSettings: Failure while reading the setting "UseOriginLabels".Using the default value: true.The string read was: null 
392        INFO  main            d.u.i.k.p.r.p.TestFile    Now processing file /home/runner/work/key/key/key.core/../key.ui/examples/InformationFlow/MiniExamples/mini.AliasingExamples(mini.AliasingExamples__insecure_1(mini.AliasingExamples,mini.AliasingExamples,int)).JML operation contract.0.key 
1059       DEBUG main            d.u.i.k.p.i.KeYFile       Reading KeY file file:/home/runner/work/key/key/key.core/build/resources/main/de/uka/ilkd/key/proof/rules/ldt.key 
1060       DEBUG main            d.u.i.k.p.i.KeYFile       Read specifications obtained when parsing the Java files (usually JML and Strings.key) from file:/home/runner/work/key/key/key.core/build/resources/main/de/uka/ilkd/key/proof/rules/ldt.key 
1076       DEBUG main            d.u.i.k.p.i.KeYFile       Reading KeY file file:/home/runner/work/key/key/key.core/build/resources/main/de/uka/ilkd/key/proof/rules/propRule.key 
1077       DEBUG main            d.u.i.k.p.i.KeYFile       Read specifications obtained when parsing the Java files (usually JML and Strings.key) from file:/home/runner/work/key/key/key.core/build/resources/main/de/uka/ilkd/key/proof/rules/propRule.key 
1137       DEBUG main            d.u.i.k.p.i.KeYFile       Reading KeY file file:/home/runner/work/key/key/key.core/build/resources/main/de/uka/ilkd/key/proof/rules/firstOrderRules.key 
1138       DEBUG main            d.u.i.k.p.i.KeYFile       Read specifications obtained when parsing the Java files (usually JML and Strings.key) from file:/home/runner/work/key/key/key.core/build/resources/main/de/uka/ilkd/key/proof/rules/firstOrderRules.key 
1184       DEBUG main            d.u.i.k.p.i.KeYFile       Reading KeY file file:/home/runner/work/key/key/key.core/build/resources/main/de/uka/ilkd/key/proof/rules/ifThenElseRules.key 
1185       DEBUG main            d.u.i.k.p.i.KeYFile       Read specifications obtained when parsing the Java files (usually JML and Strings.key) from file:/home/runner/work/key/key/key.core/build/resources/main/de/uka/ilkd/key/proof/rules/ifThenElseRules.key 
1279       DEBUG main            d.u.i.k.p.i.KeYFile       Reading KeY file file:/home/runner/work/key/key/key.core/build/resources/main/de/uka/ilkd/key/proof/rules/formulaNormalisationRules.key 
1279       DEBUG main            d.u.i.k.p.i.KeYFile       Read specifications obtained when parsing the Java files (usually JML and Strings.key) from file:/home/runner/work/key/key/key.core/build/resources/main/de/uka/ilkd/key/proof/rules/formulaNormalisationRules.key 
1318       DEBUG main            d.u.i.k.p.i.KeYFile       Reading KeY file file:/home/runner/work/key/key/key.core/build/resources/main/de/uka/ilkd/key/proof/rules/updateRules.key 
1318       DEBUG main            d.u.i.k.p.i.KeYFile       Read specifications obtained when parsing the Java files (usually JML and Strings.key) from file:/home/runner/work/key/key/key.core/build/resources/main/de/uka/ilkd/key/proof/rules/updateRules.key 
1331       DEBUG main            d.u.i.k.p.i.KeYFile       Reading KeY file file:/home/runner/work/key/key/key.core/build/resources/main/de/uka/ilkd/key/proof/rules/integerRulesCommon.key 
1331       DEBUG main            d.u.i.k.p.i.KeYFile       Read specifications obtained when parsing the Java files (usually JML and Strings.key) from file:/home/runner/work/key/key/key.core/build/resources/main/de/uka/ilkd/key/proof/rules/integerRulesCommon.key 
1420       DEBUG main            d.u.i.k.p.i.KeYFile       Reading KeY file file:/home/runner/work/key/key/key.core/build/resources/main/de/uka/ilkd/key/proof/rules/intRules.key 
1420       DEBUG main            d.u.i.k.p.i.KeYFile       Read specifications obtained when parsing the Java files (usually JML and Strings.key) from file:/home/runner/work/key/key/key.core/build/resources/main/de/uka/ilkd/key/proof/rules/intRules.key 
1434       DEBUG main            d.u.i.k.p.i.KeYFile       Reading KeY file file:/home/runner/work/key/key/key.core/build/resources/main/de/uka/ilkd/key/proof/rules/intRulesUncheckedSemantics.key 
1434       DEBUG main            d.u.i.k.p.i.KeYFile       Read specifications obtained when parsing the Java files (usually JML and Strings.key) from file:/home/runner/work/key/key/key.core/build/resources/main/de/uka/ilkd/key/proof/rules/intRulesUncheckedSemantics.key 
1441       DEBUG main            d.u.i.k.p.i.KeYFile       Reading KeY file file:/home/runner/work/key/key/key.core/build/resources/main/de/uka/ilkd/key/proof/rules/intRulesCheckedSemantics.key 
1442       DEBUG main            d.u.i.k.p.i.KeYFile       Read specifications obtained when parsing the Java files (usually JML and Strings.key) from file:/home/runner/work/key/key/key.core/build/resources/main/de/uka/ilkd/key/proof/rules/intRulesCheckedSemantics.key 
1449       DEBUG main            d.u.i.k.p.i.KeYFile       Reading KeY file file:/home/runner/work/key/key/key.core/build/resources/main/de/uka/ilkd/key/proof/rules/intRulesJavaSemantics.key 
1449       DEBUG main            d.u.i.k.p.i.KeYFile       Read specifications obtained when parsing the Java files (usually JML and Strings.key) from file:/home/runner/work/key/key/key.core/build/resources/main/de/uka/ilkd/key/proof/rules/intRulesJavaSemantics.key 
1608       DEBUG main            d.u.i.k.p.i.KeYFile       Reading KeY file file:/home/runner/work/key/key/key.core/build/resources/main/de/uka/ilkd/key/proof/rules/integerSimplificationRules.key 
1610       DEBUG main            d.u.i.k.p.i.KeYFile       Read specifications obtained when parsing the Java files (usually JML and Strings.key) from file:/home/runner/work/key/key/key.core/build/resources/main/de/uka/ilkd/key/proof/rules/integerSimplificationRules.key 
1714       DEBUG main            d.u.i.k.j.TypeConverter   No LDT found for Meta 
1714       DEBUG main            d.u.i.k.j.TypeConverter   No LDT found for Meta 
1715       DEBUG main            d.u.i.k.j.TypeConverter   No LDT found for Meta 
1716       DEBUG main            d.u.i.k.j.TypeConverter   No LDT found for Meta 
1792       DEBUG main            d.u.i.k.p.i.KeYFile       Reading KeY file file:/home/runner/work/key/key/key.core/build/resources/main/de/uka/ilkd/key/proof/rules/intDiv.key 
1793       DEBUG main            d.u.i.k.p.i.KeYFile       Read specifications obtained when parsing the Java files (usually JML and Strings.key) from file:/home/runner/work/key/key/key.core/build/resources/main/de/uka/ilkd/key/proof/rules/intDiv.key 
1896       DEBUG main            d.u.i.k.p.i.KeYFile       Reading KeY file file:/home/runner/work/key/key/key.core/build/resources/main/de/uka/ilkd/key/proof/rules/bsum.key 
1896       DEBUG main            d.u.i.k.p.i.KeYFile       Read specifications obtained when parsing the Java files (usually JML and Strings.key) from file:/home/runner/work/key/key/key.core/build/resources/main/de/uka/ilkd/key/proof/rules/bsum.key 
1962       DEBUG main            d.u.i.k.p.i.KeYFile       Reading KeY file file:/home/runner/work/key/key/key.core/build/resources/main/de/uka/ilkd/key/proof/rules/bprod.key 
1963       DEBUG main            d.u.i.k.p.i.KeYFile       Read specifications obtained when parsing the Java files (usually JML and Strings.key) from file:/home/runner/work/key/key/key.core/build/resources/main/de/uka/ilkd/key/proof/rules/bprod.key 
1974       DEBUG main            d.u.i.k.p.i.KeYFile       Reading KeY file file:/home/runner/work/key/key/key.core/build/resources/main/de/uka/ilkd/key/proof/rules/binaryAxioms.key 
1974       DEBUG main            d.u.i.k.p.i.KeYFile       Read specifications obtained when parsing the Java files (usually JML and Strings.key) from file:/home/runner/work/key/key/key.core/build/resources/main/de/uka/ilkd/key/proof/rules/binaryAxioms.key 
1979       DEBUG main            d.u.i.k.p.i.KeYFile       Reading KeY file file:/home/runner/work/key/key/key.core/build/resources/main/de/uka/ilkd/key/proof/rules/binaryLemmas.key 
1979       DEBUG main            d.u.i.k.p.i.KeYFile       Read specifications obtained when parsing the Java files (usually JML and Strings.key) from file:/home/runner/work/key/key/key.core/build/resources/main/de/uka/ilkd/key/proof/rules/binaryLemmas.key 
1989       DEBUG main            d.u.i.k.p.i.KeYFile       Reading KeY file file:/home/runner/work/key/key/key.core/build/resources/main/de/uka/ilkd/key/proof/rules/intPow.key 
1989       DEBUG main            d.u.i.k.p.i.KeYFile       Read specifications obtained when parsing the Java files (usually JML and Strings.key) from file:/home/runner/work/key/key/key.core/build/resources/main/de/uka/ilkd/key/proof/rules/intPow.key 
2005       DEBUG main            d.u.i.k.p.i.KeYFile       Reading KeY file file:/home/runner/work/key/key/key.core/build/resources/main/de/uka/ilkd/key/proof/rules/floatRulesCommon.key 
2005       DEBUG main            d.u.i.k.p.i.KeYFile       Read specifications obtained when parsing the Java files (usually JML and Strings.key) from file:/home/runner/work/key/key/key.core/build/resources/main/de/uka/ilkd/key/proof/rules/floatRulesCommon.key 
2018       DEBUG main            d.u.i.k.p.i.KeYFile       Reading KeY file file:/home/runner/work/key/key/key.core/build/resources/main/de/uka/ilkd/key/proof/rules/floatRules.key 
2019       DEBUG main            d.u.i.k.p.i.KeYFile       Read specifications obtained when parsing the Java files (usually JML and Strings.key) from file:/home/runner/work/key/key/key.core/build/resources/main/de/uka/ilkd/key/proof/rules/floatRules.key 
2020       DEBUG main            d.u.i.k.p.i.KeYFile       Reading KeY file file:/home/runner/work/key/key/key.core/build/resources/main/de/uka/ilkd/key/proof/rules/floatRulesVerifyNormal.key 
2020       DEBUG main            d.u.i.k.p.i.KeYFile       Read specifications obtained when parsing the Java files (usually JML and Strings.key) from file:/home/runner/work/key/key/key.core/build/resources/main/de/uka/ilkd/key/proof/rules/floatRulesVerifyNormal.key 
2024       DEBUG main            d.u.i.k.p.i.KeYFile       Reading KeY file file:/home/runner/work/key/key/key.core/build/resources/main/de/uka/ilkd/key/proof/rules/floatRulesAssumeStrictfp.key 
2024       DEBUG main            d.u.i.k.p.i.KeYFile       Read specifications obtained when parsing the Java files (usually JML and Strings.key) from file:/home/runner/work/key/key/key.core/build/resources/main/de/uka/ilkd/key/proof/rules/floatRulesAssumeStrictfp.key 
2050       DEBUG main            d.u.i.k.p.i.KeYFile       Reading KeY file file:/home/runner/work/key/key/key.core/build/resources/main/de/uka/ilkd/key/proof/rules/genericRules.key 
2050       DEBUG main            d.u.i.k.p.i.KeYFile       Read specifications obtained when parsing the Java files (usually JML and Strings.key) from file:/home/runner/work/key/key/key.core/build/resources/main/de/uka/ilkd/key/proof/rules/genericRules.key 
2064       DEBUG main            d.u.i.k.p.i.KeYFile       Reading KeY file file:/home/runner/work/key/key/key.core/build/resources/main/de/uka/ilkd/key/proof/rules/booleanRules.key 
2064       DEBUG main            d.u.i.k.p.i.KeYFile       Read specifications obtained when parsing the Java files (usually JML and Strings.key) from file:/home/runner/work/key/key/key.core/build/resources/main/de/uka/ilkd/key/proof/rules/booleanRules.key 
2070       DEBUG main            d.u.i.k.p.i.KeYFile       Reading KeY file file:/home/runner/work/key/key/key.core/build/resources/main/de/uka/ilkd/key/proof/rules/epsilon.key 
2071       DEBUG main            d.u.i.k.p.i.KeYFile       Read specifications obtained when parsing the Java files (usually JML and Strings.key) from file:/home/runner/work/key/key/key.core/build/resources/main/de/uka/ilkd/key/proof/rules/epsilon.key 
2100       DEBUG main            d.u.i.k.p.i.KeYFile       Reading KeY file file:/home/runner/work/key/key/key.core/build/resources/main/de/uka/ilkd/key/proof/rules/locSetsRules.key 
2101       DEBUG main            d.u.i.k.p.i.KeYFile       Read specifications obtained when parsing the Java files (usually JML and Strings.key) from file:/home/runner/work/key/key/key.core/build/resources/main/de/uka/ilkd/key/proof/rules/locSetsRules.key 
2192       DEBUG main            d.u.i.k.p.i.KeYFile       Reading KeY file file:/home/runner/work/key/key/key.core/build/resources/main/de/uka/ilkd/key/proof/rules/heapRules.key 
2192       DEBUG main            d.u.i.k.p.i.KeYFile       Read specifications obtained when parsing the Java files (usually JML and Strings.key) from file:/home/runner/work/key/key/key.core/build/resources/main/de/uka/ilkd/key/proof/rules/heapRules.key 
2231       DEBUG main            d.u.i.k.p.i.KeYFile       Reading KeY file file:/home/runner/work/key/key/key.core/build/resources/main/de/uka/ilkd/key/proof/rules/permissionRules.key 
2231       DEBUG main            d.u.i.k.p.i.KeYFile       Read specifications obtained when parsing the Java files (usually JML and Strings.key) from file:/home/runner/work/key/key/key.core/build/resources/main/de/uka/ilkd/key/proof/rules/permissionRules.key 
2268       DEBUG main            d.u.i.k.p.i.KeYFile       Reading KeY file file:/home/runner/work/key/key/key.core/build/resources/main/de/uka/ilkd/key/proof/rules/reachRules.key 
2269       DEBUG main            d.u.i.k.p.i.KeYFile       Read specifications obtained when parsing the Java files (usually JML and Strings.key) from file:/home/runner/work/key/key/key.core/build/resources/main/de/uka/ilkd/key/proof/rules/reachRules.key 
2284       DEBUG main            d.u.i.k.p.i.KeYFile       Reading KeY file file:/home/runner/work/key/key/key.core/build/resources/main/de/uka/ilkd/key/proof/rules/seqCoreRules.key 
2286       DEBUG main            d.u.i.k.p.i.KeYFile       Read specifications obtained when parsing the Java files (usually JML and Strings.key) from file:/home/runner/work/key/key/key.core/build/resources/main/de/uka/ilkd/key/proof/rules/seqCoreRules.key 
2315       DEBUG main            d.u.i.k.p.i.KeYFile       Reading KeY file file:/home/runner/work/key/key/key.core/build/resources/main/de/uka/ilkd/key/proof/rules/seqRules.key 
2316       DEBUG main            d.u.i.k.p.i.KeYFile       Read specifications obtained when parsing the Java files (usually JML and Strings.key) from file:/home/runner/work/key/key/key.core/build/resources/main/de/uka/ilkd/key/proof/rules/seqRules.key 
2366       DEBUG main            d.u.i.k.p.i.KeYFile       Reading KeY file file:/home/runner/work/key/key/key.core/build/resources/main/de/uka/ilkd/key/proof/rules/seqPerm.key 
2367       DEBUG main            d.u.i.k.p.i.KeYFile       Read specifications obtained when parsing the Java files (usually JML and Strings.key) from file:/home/runner/work/key/key/key.core/build/resources/main/de/uka/ilkd/key/proof/rules/seqPerm.key 
2389       DEBUG main            d.u.i.k.p.i.KeYFile       Reading KeY file file:/home/runner/work/key/key/key.core/build/resources/main/de/uka/ilkd/key/proof/rules/seqPerm2.key 
2390       DEBUG main            d.u.i.k.p.i.KeYFile       Read specifications obtained when parsing the Java files (usually JML and Strings.key) from file:/home/runner/work/key/key/key.core/build/resources/main/de/uka/ilkd/key/proof/rules/seqPerm2.key 
2511       DEBUG main            d.u.i.k.p.i.KeYFile       Reading KeY file file:/home/runner/work/key/key/key.core/build/resources/main/de/uka/ilkd/key/proof/rules/assertions.key 
2512       DEBUG main            d.u.i.k.p.i.KeYFile       Read specifications obtained when parsing the Java files (usually JML and Strings.key) from file:/home/runner/work/key/key/key.core/build/resources/main/de/uka/ilkd/key/proof/rules/assertions.key 
2552       DEBUG main            d.u.i.k.p.i.KeYFile       Reading KeY file file:/home/runner/work/key/key/key.core/build/resources/main/de/uka/ilkd/key/proof/rules/javaRules.key 
2553       DEBUG main            d.u.i.k.p.i.KeYFile       Read specifications obtained when parsing the Java files (usually JML and Strings.key) from file:/home/runner/work/key/key/key.core/build/resources/main/de/uka/ilkd/key/proof/rules/javaRules.key 
2934       DEBUG main            d.u.i.k.p.i.KeYFile       Reading KeY file file:/home/runner/work/key/key/key.core/build/resources/main/de/uka/ilkd/key/proof/rules/loopRules.key 
2934       DEBUG main            d.u.i.k.p.i.KeYFile       Read specifications obtained when parsing the Java files (usually JML and Strings.key) from file:/home/runner/work/key/key/key.core/build/resources/main/de/uka/ilkd/key/proof/rules/loopRules.key 
2947       DEBUG main            d.u.i.k.p.i.KeYFile       Reading KeY file file:/home/runner/work/key/key/key.core/build/resources/main/de/uka/ilkd/key/proof/rules/activeUse.key 
2947       DEBUG main            d.u.i.k.p.i.KeYFile       Read specifications obtained when parsing the Java files (usually JML and Strings.key) from file:/home/runner/work/key/key/key.core/build/resources/main/de/uka/ilkd/key/proof/rules/activeUse.key 
2978       DEBUG main            d.u.i.k.p.i.KeYFile       Reading KeY file file:/home/runner/work/key/key/key.core/build/resources/main/de/uka/ilkd/key/proof/rules/instanceAllocation.key 
2979       DEBUG main            d.u.i.k.p.i.KeYFile       Read specifications obtained when parsing the Java files (usually JML and Strings.key) from file:/home/runner/work/key/key/key.core/build/resources/main/de/uka/ilkd/key/proof/rules/instanceAllocation.key 
2988       DEBUG main            d.u.i.k.p.i.KeYFile       Reading KeY file file:/home/runner/work/key/key/key.core/build/resources/main/de/uka/ilkd/key/proof/rules/java5.key 
2989       DEBUG main            d.u.i.k.p.i.KeYFile       Read specifications obtained when parsing the Java files (usually JML and Strings.key) from file:/home/runner/work/key/key/key.core/build/resources/main/de/uka/ilkd/key/proof/rules/java5.key 
2996       DEBUG main            d.u.i.k.p.i.KeYFile       Reading KeY file file:/home/runner/work/key/key/key.core/build/resources/main/de/uka/ilkd/key/proof/rules/integerAssignment2UpdateRules.key 
2996       DEBUG main            d.u.i.k.p.i.KeYFile       Read specifications obtained when parsing the Java files (usually JML and Strings.key) from file:/home/runner/work/key/key/key.core/build/resources/main/de/uka/ilkd/key/proof/rules/integerAssignment2UpdateRules.key 
3022       DEBUG main            d.u.i.k.p.i.KeYFile       Reading KeY file file:/home/runner/work/key/key/key.core/build/resources/main/de/uka/ilkd/key/proof/rules/floatAssignment2UpdateRules.key 
3023       DEBUG main            d.u.i.k.p.i.KeYFile       Read specifications obtained when parsing the Java files (usually JML and Strings.key) from file:/home/runner/work/key/key/key.core/build/resources/main/de/uka/ilkd/key/proof/rules/floatAssignment2UpdateRules.key 
3039       DEBUG main            d.u.i.k.p.i.KeYFile       Reading KeY file file:/home/runner/work/key/key/key.core/build/resources/main/de/uka/ilkd/key/proof/rules/bigint.key 
3039       DEBUG main            d.u.i.k.p.i.KeYFile       Read specifications obtained when parsing the Java files (usually JML and Strings.key) from file:/home/runner/work/key/key/key.core/build/resources/main/de/uka/ilkd/key/proof/rules/bigint.key 
3046       DEBUG main            d.u.i.k.j.TypeConverter   No LDT found for JavaBigintExpression 
3053       DEBUG main            d.u.i.k.p.i.KeYFile       Reading KeY file file:/home/runner/work/key/key/key.core/build/resources/main/de/uka/ilkd/key/proof/rules/adtProgramDecompositionRules.key 
3053       DEBUG main            d.u.i.k.p.i.KeYFile       Read specifications obtained when parsing the Java files (usually JML and Strings.key) from file:/home/runner/work/key/key/key.core/build/resources/main/de/uka/ilkd/key/proof/rules/adtProgramDecompositionRules.key 
3065       DEBUG main            d.u.i.k.p.i.KeYFile       Reading KeY file file:/home/runner/work/key/key/key.core/build/resources/main/de/uka/ilkd/key/proof/rules/precRules.key 
3066       DEBUG main            d.u.i.k.p.i.KeYFile       Read specifications obtained when parsing the Java files (usually JML and Strings.key) from file:/home/runner/work/key/key/key.core/build/resources/main/de/uka/ilkd/key/proof/rules/precRules.key 
3095       DEBUG main            d.u.i.k.p.i.KeYFile       Reading KeY file file:/home/runner/work/key/key/key.core/build/resources/main/de/uka/ilkd/key/proof/rules/charListRules.key 
3096       DEBUG main            d.u.i.k.p.i.KeYFile       Read specifications obtained when parsing the Java files (usually JML and Strings.key) from file:/home/runner/work/key/key/key.core/build/resources/main/de/uka/ilkd/key/proof/rules/charListRules.key 
3104       DEBUG main            d.u.i.k.p.i.KeYFile       Reading KeY file file:/home/runner/work/key/key/key.core/build/resources/main/de/uka/ilkd/key/proof/rules/regExHeader.key 
3105       DEBUG main            d.u.i.k.p.i.KeYFile       Read specifications obtained when parsing the Java files (usually JML and Strings.key) from file:/home/runner/work/key/key/key.core/build/resources/main/de/uka/ilkd/key/proof/rules/regExHeader.key 
3107       DEBUG main            d.u.i.k.p.i.KeYFile       Reading KeY file file:/home/runner/work/key/key/key.core/build/resources/main/de/uka/ilkd/key/proof/rules/regExAxioms.key 
3108       DEBUG main            d.u.i.k.p.i.KeYFile       Read specifications obtained when parsing the Java files (usually JML and Strings.key) from file:/home/runner/work/key/key/key.core/build/resources/main/de/uka/ilkd/key/proof/rules/regExAxioms.key 
3112       DEBUG main            d.u.i.k.p.i.KeYFile       Reading KeY file file:/home/runner/work/key/key/key.core/build/resources/main/de/uka/ilkd/key/proof/rules/regExLemmaProven.key 
3113       DEBUG main            d.u.i.k.p.i.KeYFile       Read specifications obtained when parsing the Java files (usually JML and Strings.key) from file:/home/runner/work/key/key/key.core/build/resources/main/de/uka/ilkd/key/proof/rules/regExLemmaProven.key 
3115       DEBUG main            d.u.i.k.p.i.KeYFile       Reading KeY file file:/home/runner/work/key/key/key.core/build/resources/main/de/uka/ilkd/key/proof/rules/regExTheory.key 
3116       DEBUG main            d.u.i.k.p.i.KeYFile       Read specifications obtained when parsing the Java files (usually JML and Strings.key) from file:/home/runner/work/key/key/key.core/build/resources/main/de/uka/ilkd/key/proof/rules/regExTheory.key 
3120       DEBUG main            d.u.i.k.p.i.KeYFile       Reading KeY file file:/home/runner/work/key/key/key.core/build/resources/main/de/uka/ilkd/key/proof/rules/seqEq.key 
3120       DEBUG main            d.u.i.k.p.i.KeYFile       Read specifications obtained when parsing the Java files (usually JML and Strings.key) from file:/home/runner/work/key/key/key.core/build/resources/main/de/uka/ilkd/key/proof/rules/seqEq.key 
3127       DEBUG main            d.u.i.k.p.i.KeYFile       Reading KeY file file:/home/runner/work/key/key/key.core/build/resources/main/de/uka/ilkd/key/proof/rules/infFlow.key 
3128       DEBUG main            d.u.i.k.p.i.KeYFile       Read specifications obtained when parsing the Java files (usually JML and Strings.key) from file:/home/runner/work/key/key/key.core/build/resources/main/de/uka/ilkd/key/proof/rules/infFlow.key 
3131       DEBUG main            d.u.i.k.p.i.KeYFile       Reading KeY file file:/home/runner/work/key/key/key.core/build/resources/main/de/uka/ilkd/key/proof/rules/mapSize.key 
3132       DEBUG main            d.u.i.k.p.i.KeYFile       Read specifications obtained when parsing the Java files (usually JML and Strings.key) from file:/home/runner/work/key/key/key.core/build/resources/main/de/uka/ilkd/key/proof/rules/mapSize.key 
3135       DEBUG main            d.u.i.k.p.i.KeYFile       Reading KeY file file:/home/runner/work/key/key/key.core/build/resources/main/de/uka/ilkd/key/proof/rules/wdHeader.key 
3136       DEBUG main            d.u.i.k.p.i.KeYFile       Read specifications obtained when parsing the Java files (usually JML and Strings.key) from file:/home/runner/work/key/key/key.core/build/resources/main/de/uka/ilkd/key/proof/rules/wdHeader.key 
3137       DEBUG main            d.u.i.k.p.i.KeYFile       Reading KeY file file:/home/runner/work/key/key/key.core/build/resources/main/de/uka/ilkd/key/proof/rules/wdGeneralRules.key 
3138       DEBUG main            d.u.i.k.p.i.KeYFile       Read specifications obtained when parsing the Java files (usually JML and Strings.key) from file:/home/runner/work/key/key/key.core/build/resources/main/de/uka/ilkd/key/proof/rules/wdGeneralRules.key 
3148       DEBUG main            d.u.i.k.p.i.KeYFile       Reading KeY file file:/home/runner/work/key/key/key.core/build/resources/main/de/uka/ilkd/key/proof/rules/wdNumericalRules.key 
3149       DEBUG main            d.u.i.k.p.i.KeYFile       Read specifications obtained when parsing the Java files (usually JML and Strings.key) from file:/home/runner/work/key/key/key.core/build/resources/main/de/uka/ilkd/key/proof/rules/wdNumericalRules.key 
3164       DEBUG main            d.u.i.k.p.i.KeYFile       Reading KeY file file:/home/runner/work/key/key/key.core/build/resources/main/de/uka/ilkd/key/proof/rules/wdLocSetRules.key 
3170       DEBUG main            d.u.i.k.p.i.KeYFile       Read specifications obtained when parsing the Java files (usually JML and Strings.key) from file:/home/runner/work/key/key/key.core/build/resources/main/de/uka/ilkd/key/proof/rules/wdLocSetRules.key 
3178       DEBUG main            d.u.i.k.p.i.KeYFile       Reading KeY file file:/home/runner/work/key/key/key.core/build/resources/main/de/uka/ilkd/key/proof/rules/wdHeapRules.key 
3180       DEBUG main            d.u.i.k.p.i.KeYFile       Read specifications obtained when parsing the Java files (usually JML and Strings.key) from file:/home/runner/work/key/key/key.core/build/resources/main/de/uka/ilkd/key/proof/rules/wdHeapRules.key 
3183       DEBUG main            d.u.i.k.p.i.KeYFile       Reading KeY file file:/home/runner/work/key/key/key.core/build/resources/main/de/uka/ilkd/key/proof/rules/wdReachRules.key 
3186       DEBUG main            d.u.i.k.p.i.KeYFile       Read specifications obtained when parsing the Java files (usually JML and Strings.key) from file:/home/runner/work/key/key/key.core/build/resources/main/de/uka/ilkd/key/proof/rules/wdReachRules.key 
3188       DEBUG main            d.u.i.k.p.i.KeYFile       Reading KeY file file:/home/runner/work/key/key/key.core/build/resources/main/de/uka/ilkd/key/proof/rules/wdSeqRules.key 
3190       DEBUG main            d.u.i.k.p.i.KeYFile       Read specifications obtained when parsing the Java files (usually JML and Strings.key) from file:/home/runner/work/key/key/key.core/build/resources/main/de/uka/ilkd/key/proof/rules/wdSeqRules.key 
3193       DEBUG main            d.u.i.k.p.i.KeYFile       Reading KeY file file:/home/runner/work/key/key/key.core/build/resources/main/de/uka/ilkd/key/proof/rules/wdStringRules.key 
3194       DEBUG main            d.u.i.k.p.i.KeYFile       Read specifications obtained when parsing the Java files (usually JML and Strings.key) from file:/home/runner/work/key/key/key.core/build/resources/main/de/uka/ilkd/key/proof/rules/wdStringRules.key 
3197       DEBUG main            d.u.i.k.p.i.KeYFile       Reading KeY file file:/home/runner/work/key/key/key.core/build/resources/main/de/uka/ilkd/key/proof/rules/wdRegExRules.key 
3197       DEBUG main            d.u.i.k.p.i.KeYFile       Read specifications obtained when parsing the Java files (usually JML and Strings.key) from file:/home/runner/work/key/key/key.core/build/resources/main/de/uka/ilkd/key/proof/rules/wdRegExRules.key 
3205       DEBUG main            d.u.i.k.p.i.KeYFile       Reading KeY file file:/home/runner/work/key/key/key.core/build/resources/main/de/uka/ilkd/key/proof/rules/wdFormulaRules.key 
3205       DEBUG main            d.u.i.k.p.i.KeYFile       Read specifications obtained when parsing the Java files (usually JML and Strings.key) from file:/home/runner/work/key/key/key.core/build/resources/main/de/uka/ilkd/key/proof/rules/wdFormulaRules.key 
3213       DEBUG main            d.u.i.k.p.i.KeYFile       Reading KeY file file:/home/runner/work/key/key/key.core/build/resources/main/de/uka/ilkd/key/proof/rules/wd.key 
3213       DEBUG main            d.u.i.k.p.i.KeYFile       Read specifications obtained when parsing the Java files (usually JML and Strings.key) from file:/home/runner/work/key/key/key.core/build/resources/main/de/uka/ilkd/key/proof/rules/wd.key 
3214       DEBUG main            d.u.i.k.p.i.KeYFile       Reading KeY file file:/home/runner/work/key/key/key.core/build/resources/main/de/uka/ilkd/key/proof/rules/loopInvariantRules.key 
3215       DEBUG main            d.u.i.k.p.i.KeYFile       Read specifications obtained when parsing the Java files (usually JML and Strings.key) from file:/home/runner/work/key/key/key.core/build/resources/main/de/uka/ilkd/key/proof/rules/loopInvariantRules.key 
3216       DEBUG main            d.u.i.k.p.i.KeYFile       Reading KeY file file:/home/runner/work/key/key/key.core/build/resources/main/de/uka/ilkd/key/proof/rules/forLoopRules.key 
3216       DEBUG main            d.u.i.k.p.i.KeYFile       Read specifications obtained when parsing the Java files (usually JML and Strings.key) from file:/home/runner/work/key/key/key.core/build/resources/main/de/uka/ilkd/key/proof/rules/forLoopRules.key 
3221       DEBUG main            d.u.i.k.p.i.KeYFile       Reading KeY file file:/home/runner/work/key/key/key.core/build/resources/main/de/uka/ilkd/key/proof/rules/execRules.key 
3222       DEBUG main            d.u.i.k.p.i.KeYFile       Read specifications obtained when parsing the Java files (usually JML and Strings.key) from file:/home/runner/work/key/key/key.core/build/resources/main/de/uka/ilkd/key/proof/rules/execRules.key 
3302       DEBUG main            d.u.i.k.p.i.KeYFile       Reading KeY file file:/home/runner/work/key/key/key.core/build/resources/main/de/uka/ilkd/key/proof/rules/loopScopeRules.key 
3303       DEBUG main            d.u.i.k.p.i.KeYFile       Read specifications obtained when parsing the Java files (usually JML and Strings.key) from file:/home/runner/work/key/key/key.core/build/resources/main/de/uka/ilkd/key/proof/rules/loopScopeRules.key 
3321       DEBUG main            d.u.i.k.p.i.KeYFile       Reading KeY file file:/home/runner/work/key/key/key.core/build/resources/main/de/uka/ilkd/key/proof/rules/standardRules.key 
3322       DEBUG main            d.u.i.k.p.i.KeYFile       Read specifications obtained when parsing the Java files (usually JML and Strings.key) from file:/home/runner/work/key/key/key.core/build/resources/main/de/uka/ilkd/key/proof/rules/standardRules.key 
6226       DEBUG main            d.u.i.k.j.Recoder2KeY     converting now /home/runner/work/key/key/key.core/../key.ui/examples/InformationFlow/MiniExamples/src/mini/MiniExamples.java 
6240       DEBUG main            d.u.i.k.j.Recoder2KeY     converting now /home/runner/work/key/key/key.core/../key.ui/examples/InformationFlow/MiniExamples/src/mini/AliasingExamples.java 
6243       DEBUG main            d.u.i.k.j.Recoder2KeY     converting now /home/runner/work/key/key/key.core/../key.ui/examples/InformationFlow/MiniExamples/src/mini/DifferenceSeqLocset.java 
6248       DEBUG main            d.u.i.k.j.Recoder2KeY     converting now /home/runner/work/key/key/key.core/../key.ui/examples/InformationFlow/MiniExamples/src/mini/MiniExamplesLecture.java 
6304       DEBUG main            d.u.i.k.s.TermLabelSettings TermLabelSettings: Failure while reading the setting "UseOriginLabels".Using the default value: true.The string read was: null 
6309       DEBUG main            d.u.i.k.p.i.KeYFile       Reading KeY file /home/runner/work/key/key/key.core/../key.ui/examples/InformationFlow/MiniExamples/mini.AliasingExamples(mini.AliasingExamples__insecure_1(mini.AliasingExamples,mini.AliasingExamples,int)).JML operation contract.0.key 
6320       DEBUG main            d.u.i.k.p.i.KeYFile       Reading KeY file file:/home/runner/work/key/key/key.core/build/resources/main/de/uka/ilkd/key/java/JavaRedux/java/lang/String.key 
6325       DEBUG main            d.u.i.k.p.i.KeYFile       Read specifications obtained when parsing the Java files (usually JML and Strings.key) from file:/home/runner/work/key/key/key.core/build/resources/main/de/uka/ilkd/key/java/JavaRedux/java/lang/String.key 
8602       DEBUG main            d.u.i.k.p.i.KeYFile       Read specifications obtained when parsing the Java files (usually JML and Strings.key) from /home/runner/work/key/key/key.core/../key.ui/examples/InformationFlow/MiniExamples/mini.AliasingExamples(mini.AliasingExamples__insecure_1(mini.AliasingExamples,mini.AliasingExamples,int)).JML operation contract.0.key 
9294       INFO  main            d.u.i.k.p.r.p.TestFile    ... finished proof: closed. 
9420       DEBUG main            d.u.i.k.s.TermLabelSettings TermLabelSettings: Failure while reading the setting "UseOriginLabels".Using the default value: true.The string read was: null 
9421       INFO  main            d.u.i.k.p.r.p.TestFile    Now processing file /home/runner/work/key/key/key.core/../key.ui/examples/InformationFlow/MiniExamples/mini.AliasingExamples(mini.AliasingExamples__secure_1(mini.AliasingExamples,mini.AliasingExamples,int)).JML operation contract.0.key 
10472      DEBUG main            d.u.i.k.j.Recoder2KeY     converting now /home/runner/work/key/key/key.core/../key.ui/examples/InformationFlow/MiniExamples/src/mini/MiniExamples.java 
10474      DEBUG main            d.u.i.k.j.Recoder2KeY     converting now /home/runner/work/key/key/key.core/../key.ui/examples/InformationFlow/MiniExamples/src/mini/AliasingExamples.java 
10476      DEBUG main            d.u.i.k.j.Recoder2KeY     converting now /home/runner/work/key/key/key.core/../key.ui/examples/InformationFlow/MiniExamples/src/mini/DifferenceSeqLocset.java 
10478      DEBUG main            d.u.i.k.j.Recoder2KeY     converting now /home/runner/work/key/key/key.core/../key.ui/examples/InformationFlow/MiniExamples/src/mini/MiniExamplesLecture.java 
10484      DEBUG main            d.u.i.k.s.TermLabelSettings TermLabelSettings: Failure while reading the setting "UseOriginLabels".Using the default value: true.The string read was: null 
10485      DEBUG main            d.u.i.k.p.i.KeYFile       Reading KeY file /home/runner/work/key/key/key.core/../key.ui/examples/InformationFlow/MiniExamples/mini.AliasingExamples(mini.AliasingExamples__secure_1(mini.AliasingExamples,mini.AliasingExamples,int)).JML operation contract.0.key 
10486      DEBUG main            d.u.i.k.p.i.KeYFile       Reading KeY file file:/home/runner/work/key/key/key.core/build/resources/main/de/uka/ilkd/key/java/JavaRedux/java/lang/String.key 
10489      DEBUG main            d.u.i.k.p.i.KeYFile       Read specifications obtained when parsing the Java files (usually JML and Strings.key) from file:/home/runner/work/key/key/key.core/build/resources/main/de/uka/ilkd/key/java/JavaRedux/java/lang/String.key 
12398      DEBUG main            d.u.i.k.p.i.KeYFile       Read specifications obtained when parsing the Java files (usually JML and Strings.key) from /home/runner/work/key/key/key.core/../key.ui/examples/InformationFlow/MiniExamples/mini.AliasingExamples(mini.AliasingExamples__secure_1(mini.AliasingExamples,mini.AliasingExamples,int)).JML operation contract.0.key 
12568      INFO  main            d.u.i.k.p.r.p.TestFile    ... finished proof: closed. 
12680      DEBUG main            d.u.i.k.s.TermLabelSettings TermLabelSettings: Failure while reading the setting "UseOriginLabels".Using the default value: true.The string read was: null 
12680      INFO  main            d.u.i.k.p.r.p.TestFile    Now processing file /home/runner/work/key/key/key.core/../key.ui/examples/InformationFlow/MiniExamples/mini.MiniExamplesLecture(mini.MiniExamplesLecture__m_6()).JML normal_behavior operation contract.0.key 
13606      DEBUG main            d.u.i.k.j.Recoder2KeY     converting now /home/runner/work/key/key/key.core/../key.ui/examples/InformationFlow/MiniExamples/src/mini/MiniExamples.java 
13608      DEBUG main            d.u.i.k.j.Recoder2KeY     converting now /home/runner/work/key/key/key.core/../key.ui/examples/InformationFlow/MiniExamples/src/mini/AliasingExamples.java 
13610      DEBUG main            d.u.i.k.j.Recoder2KeY     converting now /home/runner/work/key/key/key.core/../key.ui/examples/InformationFlow/MiniExamples/src/mini/DifferenceSeqLocset.java 
13612      DEBUG main            d.u.i.k.j.Recoder2KeY     converting now /home/runner/work/key/key/key.core/../key.ui/examples/InformationFlow/MiniExamples/src/mini/MiniExamplesLecture.java 
13617      DEBUG main            d.u.i.k.s.TermLabelSettings TermLabelSettings: Failure while reading the setting "UseOriginLabels".Using the default value: true.The string read was: null 
13618      DEBUG main            d.u.i.k.p.i.KeYFile       Reading KeY file /home/runner/work/key/key/key.core/../key.ui/examples/InformationFlow/MiniExamples/mini.MiniExamplesLecture(mini.MiniExamplesLecture__m_6()).JML normal_behavior operation contract.0.key 
13619      DEBUG main            d.u.i.k.p.i.KeYFile       Reading KeY file file:/home/runner/work/key/key/key.core/build/resources/main/de/uka/ilkd/key/java/JavaRedux/java/lang/String.key 
13621      DEBUG main            d.u.i.k.p.i.KeYFile       Read specifications obtained when parsing the Java files (usually JML and Strings.key) from file:/home/runner/work/key/key/key.core/build/resources/main/de/uka/ilkd/key/java/JavaRedux/java/lang/String.key 
15405      DEBUG main            d.u.i.k.p.i.KeYFile       Read specifications obtained when parsing the Java files (usually JML and Strings.key) from /home/runner/work/key/key/key.core/../key.ui/examples/InformationFlow/MiniExamples/mini.MiniExamplesLecture(mini.MiniExamplesLecture__m_6()).JML normal_behavior operation contract.0.key 
15569      INFO  main            d.u.i.k.p.r.p.TestFile    ... finished proof: closed. 
15673      DEBUG main            d.u.i.k.s.TermLabelSettings TermLabelSettings: Failure while reading the setting "UseOriginLabels".Using the default value: true.The string read was: null 
15673      INFO  main            d.u.i.k.p.r.p.TestFile    Now processing file /home/runner/work/key/key/key.core/../key.ui/examples/InformationFlow/MiniExamples/mini.MiniExamplesLecture(mini.MiniExamplesLecture__m_5()).JML normal_behavior operation contract.0.key 
16572      DEBUG main            d.u.i.k.j.Recoder2KeY     converting now /home/runner/work/key/key/key.core/../key.ui/examples/InformationFlow/MiniExamples/src/mini/MiniExamples.java 
16573      DEBUG main            d.u.i.k.j.Recoder2KeY     converting now /home/runner/work/key/key/key.core/../key.ui/examples/InformationFlow/MiniExamples/src/mini/AliasingExamples.java 
16574      DEBUG main            d.u.i.k.j.Recoder2KeY     converting now /home/runner/work/key/key/key.core/../key.ui/examples/InformationFlow/MiniExamples/src/mini/DifferenceSeqLocset.java 
16575      DEBUG main            d.u.i.k.j.Recoder2KeY     converting now /home/runner/work/key/key/key.core/../key.ui/examples/InformationFlow/MiniExamples/src/mini/MiniExamplesLecture.java 
16581      DEBUG main            d.u.i.k.s.TermLabelSettings TermLabelSettings: Failure while reading the setting "UseOriginLabels".Using the default value: true.The string read was: null 
16581      DEBUG main            d.u.i.k.p.i.KeYFile       Reading KeY file /home/runner/work/key/key/key.core/../key.ui/examples/InformationFlow/MiniExamples/mini.MiniExamplesLecture(mini.MiniExamplesLecture__m_5()).JML normal_behavior operation contract.0.key 
16582      DEBUG main            d.u.i.k.p.i.KeYFile       Reading KeY file file:/home/runner/work/key/key/key.core/build/resources/main/de/uka/ilkd/key/java/JavaRedux/java/lang/String.key 
16584      DEBUG main            d.u.i.k.p.i.KeYFile       Read specifications obtained when parsing the Java files (usually JML and Strings.key) from file:/home/runner/work/key/key/key.core/build/resources/main/de/uka/ilkd/key/java/JavaRedux/java/lang/String.key 
18387      DEBUG main            d.u.i.k.p.i.KeYFile       Read specifications obtained when parsing the Java files (usually JML and Strings.key) from /home/runner/work/key/key/key.core/../key.ui/examples/InformationFlow/MiniExamples/mini.MiniExamplesLecture(mini.MiniExamplesLecture__m_5()).JML normal_behavior operation contract.0.key 
18475      DEBUG Thread-7        d.u.i.k.j.TypeConverter   TypeConverter: FieldReference: h; 
18479      DEBUG Thread-7        d.u.i.k.j.TypeConverter   TypeConverter: FieldReference: l; 
18493      DEBUG Thread-7        d.u.i.k.j.TypeConverter   TypeConverter: FieldReference: l; 
18507      DEBUG Thread-7        d.u.i.k.j.TypeConverter   TypeConverter: FieldReference: h; 
18527      DEBUG Thread-7        d.u.i.k.j.TypeConverter   TypeConverter: FieldReference: l; 
18556      INFO  main            d.u.i.k.p.r.p.TestFile    ... finished proof: closed. 
18669      DEBUG main            d.u.i.k.s.TermLabelSettings TermLabelSettings: Failure while reading the setting "UseOriginLabels".Using the default value: true.The string read was: null 
18669      INFO  main            d.u.i.k.p.r.p.TestFile    Now processing file /home/runner/work/key/key/key.core/../key.ui/examples/InformationFlow/MiniExamples/mini.MiniExamplesLecture(mini.MiniExamplesLecture__m_4()).JML normal_behavior operation contract.0.key 
19578      DEBUG main            d.u.i.k.j.Recoder2KeY     converting now /home/runner/work/key/key/key.core/../key.ui/examples/InformationFlow/MiniExamples/src/mini/MiniExamples.java 
19580      DEBUG main            d.u.i.k.j.Recoder2KeY     converting now /home/runner/work/key/key/key.core/../key.ui/examples/InformationFlow/MiniExamples/src/mini/AliasingExamples.java 
19582      DEBUG main            d.u.i.k.j.Recoder2KeY     converting now /home/runner/work/key/key/key.core/../key.ui/examples/InformationFlow/MiniExamples/src/mini/DifferenceSeqLocset.java 
19583      DEBUG main            d.u.i.k.j.Recoder2KeY     converting now /home/runner/work/key/key/key.core/../key.ui/examples/InformationFlow/MiniExamples/src/mini/MiniExamplesLecture.java 
19588      DEBUG main            d.u.i.k.s.TermLabelSettings TermLabelSettings: Failure while reading the setting "UseOriginLabels".Using the default value: true.The string read was: null 
19588      DEBUG main            d.u.i.k.p.i.KeYFile       Reading KeY file /home/runner/work/key/key/key.core/../key.ui/examples/InformationFlow/MiniExamples/mini.MiniExamplesLecture(mini.MiniExamplesLecture__m_4()).JML normal_behavior operation contract.0.key 
19589      DEBUG main            d.u.i.k.p.i.KeYFile       Reading KeY file file:/home/runner/work/key/key/key.core/build/resources/main/de/uka/ilkd/key/java/JavaRedux/java/lang/String.key 
19591      DEBUG main            d.u.i.k.p.i.KeYFile       Read specifications obtained when parsing the Java files (usually JML and Strings.key) from file:/home/runner/work/key/key/key.core/build/resources/main/de/uka/ilkd/key/java/JavaRedux/java/lang/String.key 
21422      DEBUG main            d.u.i.k.p.i.KeYFile       Read specifications obtained when parsing the Java files (usually JML and Strings.key) from /home/runner/work/key/key/key.core/../key.ui/examples/InformationFlow/MiniExamples/mini.MiniExamplesLecture(mini.MiniExamplesLecture__m_4()).JML normal_behavior operation contract.0.key 
21496      DEBUG Thread-9        d.u.i.k.j.TypeConverter   TypeConverter: FieldReference: h; 
21504      DEBUG Thread-9        d.u.i.k.j.TypeConverter   TypeConverter: FieldReference: h; 
21515      DEBUG Thread-9        d.u.i.k.j.TypeConverter   TypeConverter: FieldReference: l; 
21577      INFO  main            d.u.i.k.p.r.p.TestFile    ... finished proof: closed. 
21719      DEBUG main            d.u.i.k.s.TermLabelSettings TermLabelSettings: Failure while reading the setting "UseOriginLabels".Using the default value: true.The string read was: null 
21720      INFO  main            d.u.i.k.p.r.p.TestFile    Now processing file /home/runner/work/key/key/key.core/../key.ui/examples/InformationFlow/MiniExamples/mini.MiniExamplesLecture(mini.MiniExamplesLecture__m_3()).JML normal_behavior operation contract.0.key 
22614      DEBUG main            d.u.i.k.j.Recoder2KeY     converting now /home/runner/work/key/key/key.core/../key.ui/examples/InformationFlow/MiniExamples/src/mini/MiniExamples.java 
22616      DEBUG main            d.u.i.k.j.Recoder2KeY     converting now /home/runner/work/key/key/key.core/../key.ui/examples/InformationFlow/MiniExamples/src/mini/AliasingExamples.java 
22617      DEBUG main            d.u.i.k.j.Recoder2KeY     converting now /home/runner/work/key/key/key.core/../key.ui/examples/InformationFlow/MiniExamples/src/mini/DifferenceSeqLocset.java 
22618      DEBUG main            d.u.i.k.j.Recoder2KeY     converting now /home/runner/work/key/key/key.core/../key.ui/examples/InformationFlow/MiniExamples/src/mini/MiniExamplesLecture.java 
22623      DEBUG main            d.u.i.k.s.TermLabelSettings TermLabelSettings: Failure while reading the setting "UseOriginLabels".Using the default value: true.The string read was: null 
22623      DEBUG main            d.u.i.k.p.i.KeYFile       Reading KeY file /home/runner/work/key/key/key.core/../key.ui/examples/InformationFlow/MiniExamples/mini.MiniExamplesLecture(mini.MiniExamplesLecture__m_3()).JML normal_behavior operation contract.0.key 
22624      DEBUG main            d.u.i.k.p.i.KeYFile       Reading KeY file file:/home/runner/work/key/key/key.core/build/resources/main/de/uka/ilkd/key/java/JavaRedux/java/lang/String.key 
22626      DEBUG main            d.u.i.k.p.i.KeYFile       Read specifications obtained when parsing the Java files (usually JML and Strings.key) from file:/home/runner/work/key/key/key.core/build/resources/main/de/uka/ilkd/key/java/JavaRedux/java/lang/String.key 
24371      DEBUG main            d.u.i.k.p.i.KeYFile       Read specifications obtained when parsing the Java files (usually JML and Strings.key) from /home/runner/work/key/key/key.core/../key.ui/examples/InformationFlow/MiniExamples/mini.MiniExamplesLecture(mini.MiniExamplesLecture__m_3()).JML normal_behavior operation contract.0.key 
24476      DEBUG Thread-11       d.u.i.k.j.TypeConverter   TypeConverter: FieldReference: h; 
24523      DEBUG Thread-11       d.u.i.k.j.TypeConverter   TypeConverter: FieldReference: l; 
24549      DEBUG Thread-11       d.u.i.k.j.TypeConverter   TypeConverter: FieldReference: l; 
24634      INFO  main            d.u.i.k.p.r.p.TestFile    ... finished proof: closed. 
24760      DEBUG main            d.u.i.k.s.TermLabelSettings TermLabelSettings: Failure while reading the setting "UseOriginLabels".Using the default value: true.The string read was: null 
24760      INFO  main            d.u.i.k.p.r.p.TestFile    Now processing file /home/runner/work/key/key/key.core/../key.ui/examples/InformationFlow/MiniExamples/mini.MiniExamplesLecture(mini.MiniExamplesLecture__m_2()).JML normal_behavior operation contract.0.key 
25623      DEBUG main            d.u.i.k.j.Recoder2KeY     converting now /home/runner/work/key/key/key.core/../key.ui/examples/InformationFlow/MiniExamples/src/mini/MiniExamples.java 
25624      DEBUG main            d.u.i.k.j.Recoder2KeY     converting now /home/runner/work/key/key/key.core/../key.ui/examples/InformationFlow/MiniExamples/src/mini/AliasingExamples.java 
25625      DEBUG main            d.u.i.k.j.Recoder2KeY     converting now /home/runner/work/key/key/key.core/../key.ui/examples/InformationFlow/MiniExamples/src/mini/DifferenceSeqLocset.java 
25625      DEBUG main            d.u.i.k.j.Recoder2KeY     converting now /home/runner/work/key/key/key.core/../key.ui/examples/InformationFlow/MiniExamples/src/mini/MiniExamplesLecture.java 
25630      DEBUG main            d.u.i.k.s.TermLabelSettings TermLabelSettings: Failure while reading the setting "UseOriginLabels".Using the default value: true.The string read was: null 
25630      DEBUG main            d.u.i.k.p.i.KeYFile       Reading KeY file /home/runner/work/key/key/key.core/../key.ui/examples/InformationFlow/MiniExamples/mini.MiniExamplesLecture(mini.MiniExamplesLecture__m_2()).JML normal_behavior operation contract.0.key 
25631      DEBUG main            d.u.i.k.p.i.KeYFile       Reading KeY file file:/home/runner/work/key/key/key.core/build/resources/main/de/uka/ilkd/key/java/JavaRedux/java/lang/String.key 
25634      DEBUG main            d.u.i.k.p.i.KeYFile       Read specifications obtained when parsing the Java files (usually JML and Strings.key) from file:/home/runner/work/key/key/key.core/build/resources/main/de/uka/ilkd/key/java/JavaRedux/java/lang/String.key 
27408      DEBUG main            d.u.i.k.p.i.KeYFile       Read specifications obtained when parsing the Java files (usually JML and Strings.key) from /home/runner/work/key/key/key.core/../key.ui/examples/InformationFlow/MiniExamples/mini.MiniExamplesLecture(mini.MiniExamplesLecture__m_2()).JML normal_behavior operation contract.0.key 
27473      DEBUG Thread-13       d.u.i.k.j.TypeConverter   TypeConverter: FieldReference: l; 
27501      DEBUG Thread-13       d.u.i.k.j.TypeConverter   TypeConverter: FieldReference: h; 
27516      DEBUG Thread-13       d.u.i.k.j.TypeConverter   TypeConverter: FieldReference: h; 
27556      INFO  main            d.u.i.k.p.r.p.TestFile    ... finished proof: closed. 
27715      DEBUG main            d.u.i.k.s.TermLabelSettings TermLabelSettings: Failure while reading the setting "UseOriginLabels".Using the default value: true.The string read was: null 
27715      INFO  main            d.u.i.k.p.r.p.TestFile    Now processing file /home/runner/work/key/key/key.core/../key.ui/examples/InformationFlow/MiniExamples/mini.MiniExamplesLecture(mini.MiniExamplesLecture__m_1()).JML normal_behavior operation contract.0.key 
28567      DEBUG main            d.u.i.k.j.Recoder2KeY     converting now /home/runner/work/key/key/key.core/../key.ui/examples/InformationFlow/MiniExamples/src/mini/MiniExamples.java 
28568      DEBUG main            d.u.i.k.j.Recoder2KeY     converting now /home/runner/work/key/key/key.core/../key.ui/examples/InformationFlow/MiniExamples/src/mini/AliasingExamples.java 
28569      DEBUG main            d.u.i.k.j.Recoder2KeY     converting now /home/runner/work/key/key/key.core/../key.ui/examples/InformationFlow/MiniExamples/src/mini/DifferenceSeqLocset.java 
28570      DEBUG main            d.u.i.k.j.Recoder2KeY     converting now /home/runner/work/key/key/key.core/../key.ui/examples/InformationFlow/MiniExamples/src/mini/MiniExamplesLecture.java 
28574      DEBUG main            d.u.i.k.s.TermLabelSettings TermLabelSettings: Failure while reading the setting "UseOriginLabels".Using the default value: true.The string read was: null 
28575      DEBUG main            d.u.i.k.p.i.KeYFile       Reading KeY file /home/runner/work/key/key/key.core/../key.ui/examples/InformationFlow/MiniExamples/mini.MiniExamplesLecture(mini.MiniExamplesLecture__m_1()).JML normal_behavior operation contract.0.key 
28576      DEBUG main            d.u.i.k.p.i.KeYFile       Reading KeY file file:/home/runner/work/key/key/key.core/build/resources/main/de/uka/ilkd/key/java/JavaRedux/java/lang/String.key 
28578      DEBUG main            d.u.i.k.p.i.KeYFile       Read specifications obtained when parsing the Java files (usually JML and Strings.key) from file:/home/runner/work/key/key/key.core/build/resources/main/de/uka/ilkd/key/java/JavaRedux/java/lang/String.key 
30327      DEBUG main            d.u.i.k.p.i.KeYFile       Read specifications obtained when parsing the Java files (usually JML and Strings.key) from /home/runner/work/key/key/key.core/../key.ui/examples/InformationFlow/MiniExamples/mini.MiniExamplesLecture(mini.MiniExamplesLecture__m_1()).JML normal_behavior operation contract.0.key 
30418      DEBUG Thread-15       d.u.i.k.j.TypeConverter   TypeConverter: FieldReference: h; 
30423      DEBUG Thread-15       d.u.i.k.j.TypeConverter   TypeConverter: FieldReference: l; 
30491      INFO  main            d.u.i.k.p.r.p.TestFile    ... finished proof: closed. 
30643      DEBUG main            d.u.i.k.s.TermLabelSettings TermLabelSettings: Failure while reading the setting "UseOriginLabels".Using the default value: true.The string read was: null 
30644      INFO  main            d.u.i.k.p.r.p.TestFile    Now processing file /home/runner/work/key/key/key.core/../key.ui/examples/InformationFlow/MiniExamples/mini.DifferenceSeqLocset(mini.DifferenceSeqLocset__m()).JML normal_behavior operation contract.1.key 
31498      DEBUG main            d.u.i.k.j.Recoder2KeY     converting now /home/runner/work/key/key/key.core/../key.ui/examples/InformationFlow/MiniExamples/src/mini/MiniExamples.java 
31500      DEBUG main            d.u.i.k.j.Recoder2KeY     converting now /home/runner/work/key/key/key.core/../key.ui/examples/InformationFlow/MiniExamples/src/mini/AliasingExamples.java 
31501      DEBUG main            d.u.i.k.j.Recoder2KeY     converting now /home/runner/work/key/key/key.core/../key.ui/examples/InformationFlow/MiniExamples/src/mini/DifferenceSeqLocset.java 
31501      DEBUG main            d.u.i.k.j.Recoder2KeY     converting now /home/runner/work/key/key/key.core/../key.ui/examples/InformationFlow/MiniExamples/src/mini/MiniExamplesLecture.java 
31506      DEBUG main            d.u.i.k.s.TermLabelSettings TermLabelSettings: Failure while reading the setting "UseOriginLabels".Using the default value: true.The string read was: null 
31506      DEBUG main            d.u.i.k.p.i.KeYFile       Reading KeY file /home/runner/work/key/key/key.core/../key.ui/examples/InformationFlow/MiniExamples/mini.DifferenceSeqLocset(mini.DifferenceSeqLocset__m()).JML normal_behavior operation contract.1.key 
31507      DEBUG main            d.u.i.k.p.i.KeYFile       Reading KeY file file:/home/runner/work/key/key/key.core/build/resources/main/de/uka/ilkd/key/java/JavaRedux/java/lang/String.key 
31510      DEBUG main            d.u.i.k.p.i.KeYFile       Read specifications obtained when parsing the Java files (usually JML and Strings.key) from file:/home/runner/work/key/key/key.core/build/resources/main/de/uka/ilkd/key/java/JavaRedux/java/lang/String.key 
33250      DEBUG main            d.u.i.k.p.i.KeYFile       Read specifications obtained when parsing the Java files (usually JML and Strings.key) from /home/runner/work/key/key/key.core/../key.ui/examples/InformationFlow/MiniExamples/mini.DifferenceSeqLocset(mini.DifferenceSeqLocset__m()).JML normal_behavior operation contract.1.key 
33319      DEBUG Thread-17       d.u.i.k.j.TypeConverter   typeconverter: (prefix this;, class class de.uka.ilkd.key.java.reference.ThisReference) 
33331      DEBUG Thread-17       d.u.i.k.j.TypeConverter   TypeConverter: FieldReference: l2; 
33335      DEBUG Thread-17       d.u.i.k.j.TypeConverter   TypeConverter: FieldReference: l3; 
33370      DEBUG Thread-17       d.u.i.k.j.TypeConverter   TypeConverter: FieldReference: l1; 
33373      DEBUG Thread-17       d.u.i.k.j.TypeConverter   TypeConverter: FieldReference: l3; 
33501      INFO  main            d.u.i.k.p.r.p.TestFile    ... finished proof: closed. 
33636      DEBUG main            d.u.i.k.s.TermLabelSettings TermLabelSettings: Failure while reading the setting "UseOriginLabels".Using the default value: true.The string read was: null 
33636      INFO  main            d.u.i.k.p.r.p.TestFile    Now processing file /home/runner/work/key/key/key.core/../key.ui/examples/InformationFlow/MiniExamples/mini.DifferenceSeqLocset(mini.DifferenceSeqLocset__m()).JML normal_behavior operation contract.0.key 
34475      DEBUG main            d.u.i.k.j.Recoder2KeY     converting now /home/runner/work/key/key/key.core/../key.ui/examples/InformationFlow/MiniExamples/src/mini/MiniExamples.java 
34476      DEBUG main            d.u.i.k.j.Recoder2KeY     converting now /home/runner/work/key/key/key.core/../key.ui/examples/InformationFlow/MiniExamples/src/mini/AliasingExamples.java 
34477      DEBUG main            d.u.i.k.j.Recoder2KeY     converting now /home/runner/work/key/key/key.core/../key.ui/examples/InformationFlow/MiniExamples/src/mini/DifferenceSeqLocset.java 
34478      DEBUG main            d.u.i.k.j.Recoder2KeY     converting now /home/runner/work/key/key/key.core/../key.ui/examples/InformationFlow/MiniExamples/src/mini/MiniExamplesLecture.java 
34483      DEBUG main            d.u.i.k.s.TermLabelSettings TermLabelSettings: Failure while reading the setting "UseOriginLabels".Using the default value: true.The string read was: null 
34483      DEBUG main            d.u.i.k.p.i.KeYFile       Reading KeY file /home/runner/work/key/key/key.core/../key.ui/examples/InformationFlow/MiniExamples/mini.DifferenceSeqLocset(mini.DifferenceSeqLocset__m()).JML normal_behavior operation contract.0.key 
34484      DEBUG main            d.u.i.k.p.i.KeYFile       Reading KeY file file:/home/runner/work/key/key/key.core/build/resources/main/de/uka/ilkd/key/java/JavaRedux/java/lang/String.key 
34487      DEBUG main            d.u.i.k.p.i.KeYFile       Read specifications obtained when parsing the Java files (usually JML and Strings.key) from file:/home/runner/work/key/key/key.core/build/resources/main/de/uka/ilkd/key/java/JavaRedux/java/lang/String.key 
36259      DEBUG main            d.u.i.k.p.i.KeYFile       Read specifications obtained when parsing the Java files (usually JML and Strings.key) from /home/runner/work/key/key/key.core/../key.ui/examples/InformationFlow/MiniExamples/mini.DifferenceSeqLocset(mini.DifferenceSeqLocset__m()).JML normal_behavior operation contract.0.key 
36329      DEBUG Thread-19       d.u.i.k.j.TypeConverter   typeconverter: (prefix this;, class class de.uka.ilkd.key.java.reference.ThisReference) 
36340      DEBUG Thread-19       d.u.i.k.j.TypeConverter   TypeConverter: FieldReference: l2; 
36343      DEBUG Thread-19       d.u.i.k.j.TypeConverter   TypeConverter: FieldReference: l3; 
36376      DEBUG Thread-19       d.u.i.k.j.TypeConverter   TypeConverter: FieldReference: l1; 
36378      DEBUG Thread-19       d.u.i.k.j.TypeConverter   TypeConverter: FieldReference: l3; 
36412      INFO  main            d.u.i.k.p.r.p.TestFile    ... finished proof: closed. 
36553      DEBUG main            d.u.i.k.s.TermLabelSettings TermLabelSettings: Failure while reading the setting "UseOriginLabels".Using the default value: true.The string read was: null 
36553      INFO  main            d.u.i.k.p.r.p.TestFile    Now processing file /home/runner/work/key/key/key.core/../key.ui/examples/InformationFlow/MiniExamples/mini.MiniExamples(mini.MiniExamples__secure_p2_8()).JML normal_behavior operation contract.0.key 
37392      DEBUG main            d.u.i.k.j.Recoder2KeY     converting now /home/runner/work/key/key/key.core/../key.ui/examples/InformationFlow/MiniExamples/src/mini/MiniExamples.java 
37393      DEBUG main            d.u.i.k.j.Recoder2KeY     converting now /home/runner/work/key/key/key.core/../key.ui/examples/InformationFlow/MiniExamples/src/mini/AliasingExamples.java 
37394      DEBUG main            d.u.i.k.j.Recoder2KeY     converting now /home/runner/work/key/key/key.core/../key.ui/examples/InformationFlow/MiniExamples/src/mini/DifferenceSeqLocset.java 
37395      DEBUG main            d.u.i.k.j.Recoder2KeY     converting now /home/runner/work/key/key/key.core/../key.ui/examples/InformationFlow/MiniExamples/src/mini/MiniExamplesLecture.java 
37399      DEBUG main            d.u.i.k.s.TermLabelSettings TermLabelSettings: Failure while reading the setting "UseOriginLabels".Using the default value: true.The string read was: null 
37400      DEBUG main            d.u.i.k.p.i.KeYFile       Reading KeY file /home/runner/work/key/key/key.core/../key.ui/examples/InformationFlow/MiniExamples/mini.MiniExamples(mini.MiniExamples__secure_p2_8()).JML normal_behavior operation contract.0.key 
37400      DEBUG main            d.u.i.k.p.i.KeYFile       Reading KeY file file:/home/runner/work/key/key/key.core/build/resources/main/de/uka/ilkd/key/java/JavaRedux/java/lang/String.key 
37403      DEBUG main            d.u.i.k.p.i.KeYFile       Read specifications obtained when parsing the Java files (usually JML and Strings.key) from file:/home/runner/work/key/key/key.core/build/resources/main/de/uka/ilkd/key/java/JavaRedux/java/lang/String.key 
39127      DEBUG main            d.u.i.k.p.i.KeYFile       Read specifications obtained when parsing the Java files (usually JML and Strings.key) from /home/runner/work/key/key/key.core/../key.ui/examples/InformationFlow/MiniExamples/mini.MiniExamples(mini.MiniExamples__secure_p2_8()).JML normal_behavior operation contract.0.key 
39190      DEBUG Thread-21       d.u.i.k.j.TypeConverter   TypeConverter: FieldReference: h; 
39214      DEBUG Thread-21       d.u.i.k.j.TypeConverter   TypeConverter: FieldReference: l; 
39222      DEBUG Thread-21       d.u.i.k.j.TypeConverter   TypeConverter: FieldReference: l; 
39235      DEBUG Thread-21       d.u.i.k.j.TypeConverter   TypeConverter: FieldReference: l; 
39243      DEBUG Thread-21       d.u.i.k.j.TypeConverter   TypeConverter: FieldReference: l; 
39275      INFO  main            d.u.i.k.p.r.p.TestFile    ... finished proof: closed. 
39410      DEBUG main            d.u.i.k.s.TermLabelSettings TermLabelSettings: Failure while reading the setting "UseOriginLabels".Using the default value: true.The string read was: null 
39411      INFO  main            d.u.i.k.p.r.p.TestFile    Now processing file /home/runner/work/key/key/key.core/../key.ui/examples/InformationFlow/MiniExamples/mini.MiniExamples(mini.MiniExamples__secure_parameter(int)).JML operation contract.0.key 
40240      DEBUG main            d.u.i.k.j.Recoder2KeY     converting now /home/runner/work/key/key/key.core/../key.ui/examples/InformationFlow/MiniExamples/src/mini/MiniExamples.java 
40241      DEBUG main            d.u.i.k.j.Recoder2KeY     converting now /home/runner/work/key/key/key.core/../key.ui/examples/InformationFlow/MiniExamples/src/mini/AliasingExamples.java 
40242      DEBUG main            d.u.i.k.j.Recoder2KeY     converting now /home/runner/work/key/key/key.core/../key.ui/examples/InformationFlow/MiniExamples/src/mini/DifferenceSeqLocset.java 
40243      DEBUG main            d.u.i.k.j.Recoder2KeY     converting now /home/runner/work/key/key/key.core/../key.ui/examples/InformationFlow/MiniExamples/src/mini/MiniExamplesLecture.java 
40248      DEBUG main            d.u.i.k.s.TermLabelSettings TermLabelSettings: Failure while reading the setting "UseOriginLabels".Using the default value: true.The string read was: null 
40248      DEBUG main            d.u.i.k.p.i.KeYFile       Reading KeY file /home/runner/work/key/key/key.core/../key.ui/examples/InformationFlow/MiniExamples/mini.MiniExamples(mini.MiniExamples__secure_parameter(int)).JML operation contract.0.key 
40249      DEBUG main            d.u.i.k.p.i.KeYFile       Reading KeY file file:/home/runner/work/key/key/key.core/build/resources/main/de/uka/ilkd/key/java/JavaRedux/java/lang/String.key 
40251      DEBUG main            d.u.i.k.p.i.KeYFile       Read specifications obtained when parsing the Java files (usually JML and Strings.key) from file:/home/runner/work/key/key/key.core/build/resources/main/de/uka/ilkd/key/java/JavaRedux/java/lang/String.key 
41981      DEBUG main            d.u.i.k.p.i.KeYFile       Read specifications obtained when parsing the Java files (usually JML and Strings.key) from /home/runner/work/key/key/key.core/../key.ui/examples/InformationFlow/MiniExamples/mini.MiniExamples(mini.MiniExamples__secure_parameter(int)).JML operation contract.0.key 
42128      INFO  main            d.u.i.k.p.r.p.TestFile    ... finished proof: closed. 
42273      DEBUG main            d.u.i.k.s.TermLabelSettings TermLabelSettings: Failure while reading the setting "UseOriginLabels".Using the default value: true.The string read was: null 
42273      INFO  main            d.u.i.k.p.r.p.TestFile    Now processing file /home/runner/work/key/key/key.core/../key.ui/examples/InformationFlow/MiniExamples/mini.MiniExamples(mini.MiniExamples__secure_p2_7()).JML normal_behavior operation contract.0.key 
43099      DEBUG main            d.u.i.k.j.Recoder2KeY     converting now /home/runner/work/key/key/key.core/../key.ui/examples/InformationFlow/MiniExamples/src/mini/MiniExamples.java 
43100      DEBUG main            d.u.i.k.j.Recoder2KeY     converting now /home/runner/work/key/key/key.core/../key.ui/examples/InformationFlow/MiniExamples/src/mini/AliasingExamples.java 
43101      DEBUG main            d.u.i.k.j.Recoder2KeY     converting now /home/runner/work/key/key/key.core/../key.ui/examples/InformationFlow/MiniExamples/src/mini/DifferenceSeqLocset.java 
43102      DEBUG main            d.u.i.k.j.Recoder2KeY     converting now /home/runner/work/key/key/key.core/../key.ui/examples/InformationFlow/MiniExamples/src/mini/MiniExamplesLecture.java 
43106      DEBUG main            d.u.i.k.s.TermLabelSettings TermLabelSettings: Failure while reading the setting "UseOriginLabels".Using the default value: true.The string read was: null 
43106      DEBUG main            d.u.i.k.p.i.KeYFile       Reading KeY file /home/runner/work/key/key/key.core/../key.ui/examples/InformationFlow/MiniExamples/mini.MiniExamples(mini.MiniExamples__secure_p2_7()).JML normal_behavior operation contract.0.key 
43107      DEBUG main            d.u.i.k.p.i.KeYFile       Reading KeY file file:/home/runner/work/key/key/key.core/build/resources/main/de/uka/ilkd/key/java/JavaRedux/java/lang/String.key 
43110      DEBUG main            d.u.i.k.p.i.KeYFile       Read specifications obtained when parsing the Java files (usually JML and Strings.key) from file:/home/runner/work/key/key/key.core/build/resources/main/de/uka/ilkd/key/java/JavaRedux/java/lang/String.key 
44829      DEBUG main            d.u.i.k.p.i.KeYFile       Read specifications obtained when parsing the Java files (usually JML and Strings.key) from /home/runner/work/key/key/key.core/../key.ui/examples/InformationFlow/MiniExamples/mini.MiniExamples(mini.MiniExamples__secure_p2_7()).JML normal_behavior operation contract.0.key 
44894      DEBUG Thread-25       d.u.i.k.j.TypeConverter   TypeConverter: FieldReference: h; 
44911      DEBUG Thread-25       d.u.i.k.j.TypeConverter   TypeConverter: FieldReference: l; 
44919      DEBUG Thread-25       d.u.i.k.j.TypeConverter   TypeConverter: FieldReference: l; 
44931      DEBUG Thread-25       d.u.i.k.j.TypeConverter   TypeConverter: FieldReference: l; 
44938      DEBUG Thread-25       d.u.i.k.j.TypeConverter   TypeConverter: FieldReference: l; 
44980      INFO  main            d.u.i.k.p.r.p.TestFile    ... finished proof: closed. 
45114      DEBUG main            d.u.i.k.s.TermLabelSettings TermLabelSettings: Failure while reading the setting "UseOriginLabels".Using the default value: true.The string read was: null 
45114      INFO  main            d.u.i.k.p.r.p.TestFile    Now processing file /home/runner/work/key/key/key.core/../key.ui/examples/InformationFlow/MiniExamples/mini.MiniExamples(mini.MiniExamples__insecure_p2_2()).JML normal_behavior operation contract.0.key 
45935      DEBUG main            d.u.i.k.j.Recoder2KeY     converting now /home/runner/work/key/key/key.core/../key.ui/examples/InformationFlow/MiniExamples/src/mini/MiniExamples.java 
45936      DEBUG main            d.u.i.k.j.Recoder2KeY     converting now /home/runner/work/key/key/key.core/../key.ui/examples/InformationFlow/MiniExamples/src/mini/AliasingExamples.java 
45937      DEBUG main            d.u.i.k.j.Recoder2KeY     converting now /home/runner/work/key/key/key.core/../key.ui/examples/InformationFlow/MiniExamples/src/mini/DifferenceSeqLocset.java 
45938      DEBUG main            d.u.i.k.j.Recoder2KeY     converting now /home/runner/work/key/key/key.core/../key.ui/examples/InformationFlow/MiniExamples/src/mini/MiniExamplesLecture.java 
45943      DEBUG main            d.u.i.k.s.TermLabelSettings TermLabelSettings: Failure while reading the setting "UseOriginLabels".Using the default value: true.The string read was: null 
45943      DEBUG main            d.u.i.k.p.i.KeYFile       Reading KeY file /home/runner/work/key/key/key.core/../key.ui/examples/InformationFlow/MiniExamples/mini.MiniExamples(mini.MiniExamples__insecure_p2_2()).JML normal_behavior operation contract.0.key 
45944      DEBUG main            d.u.i.k.p.i.KeYFile       Reading KeY file file:/home/runner/work/key/key/key.core/build/resources/main/de/uka/ilkd/key/java/JavaRedux/java/lang/String.key 
45946      DEBUG main            d.u.i.k.p.i.KeYFile       Read specifications obtained when parsing the Java files (usually JML and Strings.key) from file:/home/runner/work/key/key/key.core/build/resources/main/de/uka/ilkd/key/java/JavaRedux/java/lang/String.key 
47670      DEBUG main            d.u.i.k.p.i.KeYFile       Read specifications obtained when parsing the Java files (usually JML and Strings.key) from /home/runner/work/key/key/key.core/../key.ui/examples/InformationFlow/MiniExamples/mini.MiniExamples(mini.MiniExamples__insecure_p2_2()).JML normal_behavior operation contract.0.key 
47726      DEBUG Thread-27       d.u.i.k.j.TypeConverter   TypeConverter: FieldReference: h; 
47743      DEBUG Thread-27       d.u.i.k.j.TypeConverter   TypeConverter: FieldReference: l; 
47756      DEBUG Thread-27       d.u.i.k.j.TypeConverter   TypeConverter: FieldReference: l; 
47812      INFO  main            d.u.i.k.p.r.p.TestFile    ... finished proof: closed. 
47992      DEBUG main            d.u.i.k.s.TermLabelSettings TermLabelSettings: Failure while reading the setting "UseOriginLabels".Using the default value: true.The string read was: null 
47992      INFO  main            d.u.i.k.p.r.p.TestFile    Now processing file /home/runner/work/key/key/key.core/../key.ui/examples/InformationFlow/MiniExamples/mini.MiniExamples(mini.MiniExamples__secure_p2_6()).JML normal_behavior operation contract.0.key 
48812      DEBUG main            d.u.i.k.j.Recoder2KeY     converting now /home/runner/work/key/key/key.core/../key.ui/examples/InformationFlow/MiniExamples/src/mini/MiniExamples.java 
48814      DEBUG main            d.u.i.k.j.Recoder2KeY     converting now /home/runner/work/key/key/key.core/../key.ui/examples/InformationFlow/MiniExamples/src/mini/AliasingExamples.java 
48814      DEBUG main            d.u.i.k.j.Recoder2KeY     converting now /home/runner/work/key/key/key.core/../key.ui/examples/InformationFlow/MiniExamples/src/mini/DifferenceSeqLocset.java 
48815      DEBUG main            d.u.i.k.j.Recoder2KeY     converting now /home/runner/work/key/key/key.core/../key.ui/examples/InformationFlow/MiniExamples/src/mini/MiniExamplesLecture.java 
48820      DEBUG main            d.u.i.k.s.TermLabelSettings TermLabelSettings: Failure while reading the setting "UseOriginLabels".Using the default value: true.The string read was: null 
48820      DEBUG main            d.u.i.k.p.i.KeYFile       Reading KeY file /home/runner/work/key/key/key.core/../key.ui/examples/InformationFlow/MiniExamples/mini.MiniExamples(mini.MiniExamples__secure_p2_6()).JML normal_behavior operation contract.0.key 
48821      DEBUG main            d.u.i.k.p.i.KeYFile       Reading KeY file file:/home/runner/work/key/key/key.core/build/resources/main/de/uka/ilkd/key/java/JavaRedux/java/lang/String.key 
48823      DEBUG main            d.u.i.k.p.i.KeYFile       Read specifications obtained when parsing the Java files (usually JML and Strings.key) from file:/home/runner/work/key/key/key.core/build/resources/main/de/uka/ilkd/key/java/JavaRedux/java/lang/String.key 
50546      DEBUG main            d.u.i.k.p.i.KeYFile       Read specifications obtained when parsing the Java files (usually JML and Strings.key) from /home/runner/work/key/key/key.core/../key.ui/examples/InformationFlow/MiniExamples/mini.MiniExamples(mini.MiniExamples__secure_p2_6()).JML normal_behavior operation contract.0.key 
50687      INFO  main            d.u.i.k.p.r.p.TestFile    ... finished proof: closed. 
50828      DEBUG main            d.u.i.k.s.TermLabelSettings TermLabelSettings: Failure while reading the setting "UseOriginLabels".Using the default value: true.The string read was: null 
50828      INFO  main            d.u.i.k.p.r.p.TestFile    Now processing file /home/runner/work/key/key/key.core/../key.ui/examples/InformationFlow/MiniExamples/mini.MiniExamples(mini.MiniExamples__secure_p2_5()).JML normal_behavior operation contract.0.key 
51694      DEBUG main            d.u.i.k.j.Recoder2KeY     converting now /home/runner/work/key/key/key.core/../key.ui/examples/InformationFlow/MiniExamples/src/mini/MiniExamples.java 
51695      DEBUG main            d.u.i.k.j.Recoder2KeY     converting now /home/runner/work/key/key/key.core/../key.ui/examples/InformationFlow/MiniExamples/src/mini/AliasingExamples.java 
51695      DEBUG main            d.u.i.k.j.Recoder2KeY     converting now /home/runner/work/key/key/key.core/../key.ui/examples/InformationFlow/MiniExamples/src/mini/DifferenceSeqLocset.java 
51696      DEBUG main            d.u.i.k.j.Recoder2KeY     converting now /home/runner/work/key/key/key.core/../key.ui/examples/InformationFlow/MiniExamples/src/mini/MiniExamplesLecture.java 
51705      DEBUG main            d.u.i.k.s.TermLabelSettings TermLabelSettings: Failure while reading the setting "UseOriginLabels".Using the default value: true.The string read was: null 
51705      DEBUG main            d.u.i.k.p.i.KeYFile       Reading KeY file /home/runner/work/key/key/key.core/../key.ui/examples/InformationFlow/MiniExamples/mini.MiniExamples(mini.MiniExamples__secure_p2_5()).JML normal_behavior operation contract.0.key 
51707      DEBUG main            d.u.i.k.p.i.KeYFile       Reading KeY file file:/home/runner/work/key/key/key.core/build/resources/main/de/uka/ilkd/key/java/JavaRedux/java/lang/String.key 
51712      DEBUG main            d.u.i.k.p.i.KeYFile       Read specifications obtained when parsing the Java files (usually JML and Strings.key) from file:/home/runner/work/key/key/key.core/build/resources/main/de/uka/ilkd/key/java/JavaRedux/java/lang/String.key 
53416      DEBUG main            d.u.i.k.p.i.KeYFile       Read specifications obtained when parsing the Java files (usually JML and Strings.key) from /home/runner/work/key/key/key.core/../key.ui/examples/InformationFlow/MiniExamples/mini.MiniExamples(mini.MiniExamples__secure_p2_5()).JML normal_behavior operation contract.0.key 
53472      DEBUG Thread-31       d.u.i.k.j.TypeConverter   TypeConverter: FieldReference: h; 
53474      DEBUG Thread-31       d.u.i.k.j.TypeConverter   TypeConverter: FieldReference: l; 
53483      DEBUG Thread-31       d.u.i.k.j.TypeConverter   TypeConverter: FieldReference: l; 
53494      DEBUG Thread-31       d.u.i.k.j.TypeConverter   TypeConverter: FieldReference: h; 
53508      DEBUG Thread-31       d.u.i.k.j.TypeConverter   TypeConverter: FieldReference: l; 
53559      INFO  main            d.u.i.k.p.r.p.TestFile    ... finished proof: closed. 
53703      DEBUG main            d.u.i.k.s.TermLabelSettings TermLabelSettings: Failure while reading the setting "UseOriginLabels".Using the default value: true.The string read was: null 
53703      INFO  main            d.u.i.k.p.r.p.TestFile    Now processing file /home/runner/work/key/key/key.core/../key.ui/examples/InformationFlow/MiniExamples/mini.MiniExamples(mini.MiniExamples__secure_p2_4()).JML normal_behavior operation contract.0.key 
54529      DEBUG main            d.u.i.k.j.Recoder2KeY     converting now /home/runner/work/key/key/key.core/../key.ui/examples/InformationFlow/MiniExamples/src/mini/MiniExamples.java 
54530      DEBUG main            d.u.i.k.j.Recoder2KeY     converting now /home/runner/work/key/key/key.core/../key.ui/examples/InformationFlow/MiniExamples/src/mini/AliasingExamples.java 
54531      DEBUG main            d.u.i.k.j.Recoder2KeY     converting now /home/runner/work/key/key/key.core/../key.ui/examples/InformationFlow/MiniExamples/src/mini/DifferenceSeqLocset.java 
54532      DEBUG main            d.u.i.k.j.Recoder2KeY     converting now /home/runner/work/key/key/key.core/../key.ui/examples/InformationFlow/MiniExamples/src/mini/MiniExamplesLecture.java 
54536      DEBUG main            d.u.i.k.s.TermLabelSettings TermLabelSettings: Failure while reading the setting "UseOriginLabels".Using the default value: true.The string read was: null 
54536      DEBUG main            d.u.i.k.p.i.KeYFile       Reading KeY file /home/runner/work/key/key/key.core/../key.ui/examples/InformationFlow/MiniExamples/mini.MiniExamples(mini.MiniExamples__secure_p2_4()).JML normal_behavior operation contract.0.key 
54537      DEBUG main            d.u.i.k.p.i.KeYFile       Reading KeY file file:/home/runner/work/key/key/key.core/build/resources/main/de/uka/ilkd/key/java/JavaRedux/java/lang/String.key 
54540      DEBUG main            d.u.i.k.p.i.KeYFile       Read specifications obtained when parsing the Java files (usually JML and Strings.key) from file:/home/runner/work/key/key/key.core/build/resources/main/de/uka/ilkd/key/java/JavaRedux/java/lang/String.key 
56240      DEBUG main            d.u.i.k.p.i.KeYFile       Read specifications obtained when parsing the Java files (usually JML and Strings.key) from /home/runner/work/key/key/key.core/../key.ui/examples/InformationFlow/MiniExamples/mini.MiniExamples(mini.MiniExamples__secure_p2_4()).JML normal_behavior operation contract.0.key 
56292      DEBUG Thread-33       d.u.i.k.j.TypeConverter   TypeConverter: FieldReference: l; 
56294      DEBUG Thread-33       d.u.i.k.j.TypeConverter   TypeConverter: FieldReference: h; 
56300      DEBUG Thread-33       d.u.i.k.j.TypeConverter   TypeConverter: FieldReference: h; 
56309      DEBUG Thread-33       d.u.i.k.j.TypeConverter   TypeConverter: FieldReference: l; 
56379      INFO  main            d.u.i.k.p.r.p.TestFile    ... finished proof: closed. 
56532      DEBUG main            d.u.i.k.s.TermLabelSettings TermLabelSettings: Failure while reading the setting "UseOriginLabels".Using the default value: true.The string read was: null 
56532      INFO  main            d.u.i.k.p.r.p.TestFile    Now processing file /home/runner/work/key/key/key.core/../key.ui/examples/InformationFlow/MiniExamples/mini.MiniExamples(mini.MiniExamples__secure_p2_3()).JML normal_behavior operation contract.0.key 
57366      DEBUG main            d.u.i.k.j.Recoder2KeY     converting now /home/runner/work/key/key/key.core/../key.ui/examples/InformationFlow/MiniExamples/src/mini/MiniExamples.java 
57368      DEBUG main            d.u.i.k.j.Recoder2KeY     converting now /home/runner/work/key/key/key.core/../key.ui/examples/InformationFlow/MiniExamples/src/mini/AliasingExamples.java 
57368      DEBUG main            d.u.i.k.j.Recoder2KeY     converting now /home/runner/work/key/key/key.core/../key.ui/examples/InformationFlow/MiniExamples/src/mini/DifferenceSeqLocset.java 
57369      DEBUG main            d.u.i.k.j.Recoder2KeY     converting now /home/runner/work/key/key/key.core/../key.ui/examples/InformationFlow/MiniExamples/src/mini/MiniExamplesLecture.java 
57373      DEBUG main            d.u.i.k.s.TermLabelSettings TermLabelSettings: Failure while reading the setting "UseOriginLabels".Using the default value: true.The string read was: null 
57374      DEBUG main            d.u.i.k.p.i.KeYFile       Reading KeY file /home/runner/work/key/key/key.core/../key.ui/examples/InformationFlow/MiniExamples/mini.MiniExamples(mini.MiniExamples__secure_p2_3()).JML normal_behavior operation contract.0.key 
57374      DEBUG main            d.u.i.k.p.i.KeYFile       Reading KeY file file:/home/runner/work/key/key/key.core/build/resources/main/de/uka/ilkd/key/java/JavaRedux/java/lang/String.key 
57377      DEBUG main            d.u.i.k.p.i.KeYFile       Read specifications obtained when parsing the Java files (usually JML and Strings.key) from file:/home/runner/work/key/key/key.core/build/resources/main/de/uka/ilkd/key/java/JavaRedux/java/lang/String.key 
59058      DEBUG main            d.u.i.k.p.i.KeYFile       Read specifications obtained when parsing the Java files (usually JML and Strings.key) from /home/runner/work/key/key/key.core/../key.ui/examples/InformationFlow/MiniExamples/mini.MiniExamples(mini.MiniExamples__secure_p2_3()).JML normal_behavior operation contract.0.key 
59131      DEBUG Thread-35       d.u.i.k.j.TypeConverter   TypeConverter: FieldReference: h; 
59135      DEBUG Thread-35       d.u.i.k.j.TypeConverter   TypeConverter: FieldReference: l; 
59145      DEBUG Thread-35       d.u.i.k.j.TypeConverter   TypeConverter: FieldReference: l; 
59200      INFO  main            d.u.i.k.p.r.p.TestFile    ... finished proof: closed. 
59350      DEBUG main            d.u.i.k.s.TermLabelSettings TermLabelSettings: Failure while reading the setting "UseOriginLabels".Using the default value: true.The string read was: null 
59350      INFO  main            d.u.i.k.p.r.p.TestFile    Now processing file /home/runner/work/key/key/key.core/../key.ui/examples/InformationFlow/MiniExamples/mini.MiniExamples(mini.MiniExamples__secure_p2_2()).JML normal_behavior operation contract.0.key 
60167      DEBUG main            d.u.i.k.j.Recoder2KeY     converting now /home/runner/work/key/key/key.core/../key.ui/examples/InformationFlow/MiniExamples/src/mini/MiniExamples.java 
60168      DEBUG main            d.u.i.k.j.Recoder2KeY     converting now /home/runner/work/key/key/key.core/../key.ui/examples/InformationFlow/MiniExamples/src/mini/AliasingExamples.java 
60169      DEBUG main            d.u.i.k.j.Recoder2KeY     converting now /home/runner/work/key/key/key.core/../key.ui/examples/InformationFlow/MiniExamples/src/mini/DifferenceSeqLocset.java 
60170      DEBUG main            d.u.i.k.j.Recoder2KeY     converting now /home/runner/work/key/key/key.core/../key.ui/examples/InformationFlow/MiniExamples/src/mini/MiniExamplesLecture.java 
60174      DEBUG main            d.u.i.k.s.TermLabelSettings TermLabelSettings: Failure while reading the setting "UseOriginLabels".Using the default value: true.The string read was: null 
60174      DEBUG main            d.u.i.k.p.i.KeYFile       Reading KeY file /home/runner/work/key/key/key.core/../key.ui/examples/InformationFlow/MiniExamples/mini.MiniExamples(mini.MiniExamples__secure_p2_2()).JML normal_behavior operation contract.0.key 
60175      DEBUG main            d.u.i.k.p.i.KeYFile       Reading KeY file file:/home/runner/work/key/key/key.core/build/resources/main/de/uka/ilkd/key/java/JavaRedux/java/lang/String.key 
60177      DEBUG main            d.u.i.k.p.i.KeYFile       Read specifications obtained when parsing the Java files (usually JML and Strings.key) from file:/home/runner/work/key/key/key.core/build/resources/main/de/uka/ilkd/key/java/JavaRedux/java/lang/String.key 
61881      DEBUG main            d.u.i.k.p.i.KeYFile       Read specifications obtained when parsing the Java files (usually JML and Strings.key) from /home/runner/work/key/key/key.core/../key.ui/examples/InformationFlow/MiniExamples/mini.MiniExamples(mini.MiniExamples__secure_p2_2()).JML normal_behavior operation contract.0.key 
61937      DEBUG Thread-37       d.u.i.k.j.TypeConverter   TypeConverter: FieldReference: l; 
62023      INFO  main            d.u.i.k.p.r.p.TestFile    ... finished proof: closed. 
62174      DEBUG main            d.u.i.k.s.TermLabelSettings TermLabelSettings: Failure while reading the setting "UseOriginLabels".Using the default value: true.The string read was: null 
62174      INFO  main            d.u.i.k.p.r.p.TestFile    Now processing file /home/runner/work/key/key/key.core/../key.ui/examples/InformationFlow/MiniExamples/mini.MiniExamples(mini.MiniExamples__secure_p2_1()).JML normal_behavior operation contract.0.key 
63014      DEBUG main            d.u.i.k.j.Recoder2KeY     converting now /home/runner/work/key/key/key.core/../key.ui/examples/InformationFlow/MiniExamples/src/mini/MiniExamples.java 
63015      DEBUG main            d.u.i.k.j.Recoder2KeY     converting now /home/runner/work/key/key/key.core/../key.ui/examples/InformationFlow/MiniExamples/src/mini/AliasingExamples.java 
63016      DEBUG main            d.u.i.k.j.Recoder2KeY     converting now /home/runner/work/key/key/key.core/../key.ui/examples/InformationFlow/MiniExamples/src/mini/DifferenceSeqLocset.java 
63017      DEBUG main            d.u.i.k.j.Recoder2KeY     converting now /home/runner/work/key/key/key.core/../key.ui/examples/InformationFlow/MiniExamples/src/mini/MiniExamplesLecture.java 
63021      DEBUG main            d.u.i.k.s.TermLabelSettings TermLabelSettings: Failure while reading the setting "UseOriginLabels".Using the default value: true.The string read was: null 
63021      DEBUG main            d.u.i.k.p.i.KeYFile       Reading KeY file /home/runner/work/key/key/key.core/../key.ui/examples/InformationFlow/MiniExamples/mini.MiniExamples(mini.MiniExamples__secure_p2_1()).JML normal_behavior operation contract.0.key 
63022      DEBUG main            d.u.i.k.p.i.KeYFile       Reading KeY file file:/home/runner/work/key/key/key.core/build/resources/main/de/uka/ilkd/key/java/JavaRedux/java/lang/String.key 
63025      DEBUG main            d.u.i.k.p.i.KeYFile       Read specifications obtained when parsing the Java files (usually JML and Strings.key) from file:/home/runner/work/key/key/key.core/build/resources/main/de/uka/ilkd/key/java/JavaRedux/java/lang/String.key 
64719      DEBUG main            d.u.i.k.p.i.KeYFile       Read specifications obtained when parsing the Java files (usually JML and Strings.key) from /home/runner/work/key/key/key.core/../key.ui/examples/InformationFlow/MiniExamples/mini.MiniExamples(mini.MiniExamples__secure_p2_1()).JML normal_behavior operation contract.0.key 
64771      DEBUG Thread-39       d.u.i.k.j.TypeConverter   TypeConverter: FieldReference: l; 
64773      DEBUG Thread-39       d.u.i.k.j.TypeConverter   TypeConverter: FieldReference: h; 
64859      INFO  main            d.u.i.k.p.r.p.TestFile    ... finished proof: closed. 
65013      DEBUG main            d.u.i.k.s.TermLabelSettings TermLabelSettings: Failure while reading the setting "UseOriginLabels".Using the default value: true.The string read was: null 
65013      INFO  main            d.u.i.k.p.r.p.TestFile    Now processing file /home/runner/work/key/key/key.core/../key.ui/examples/InformationFlow/MiniExamples/mini.MiniExamples(mini.MiniExamples__insecure_p2_1()).JML normal_behavior operation contract.0.key 
65838      DEBUG main            d.u.i.k.j.Recoder2KeY     converting now /home/runner/work/key/key/key.core/../key.ui/examples/InformationFlow/MiniExamples/src/mini/MiniExamples.java 
65839      DEBUG main            d.u.i.k.j.Recoder2KeY     converting now /home/runner/work/key/key/key.core/../key.ui/examples/InformationFlow/MiniExamples/src/mini/AliasingExamples.java 
65840      DEBUG main            d.u.i.k.j.Recoder2KeY     converting now /home/runner/work/key/key/key.core/../key.ui/examples/InformationFlow/MiniExamples/src/mini/DifferenceSeqLocset.java 
65840      DEBUG main            d.u.i.k.j.Recoder2KeY     converting now /home/runner/work/key/key/key.core/../key.ui/examples/InformationFlow/MiniExamples/src/mini/MiniExamplesLecture.java 
65845      DEBUG main            d.u.i.k.s.TermLabelSettings TermLabelSettings: Failure while reading the setting "UseOriginLabels".Using the default value: true.The string read was: null 
65845      DEBUG main            d.u.i.k.p.i.KeYFile       Reading KeY file /home/runner/work/key/key/key.core/../key.ui/examples/InformationFlow/MiniExamples/mini.MiniExamples(mini.MiniExamples__insecure_p2_1()).JML normal_behavior operation contract.0.key 
65846      DEBUG main            d.u.i.k.p.i.KeYFile       Reading KeY file file:/home/runner/work/key/key/key.core/build/resources/main/de/uka/ilkd/key/java/JavaRedux/java/lang/String.key 
65848      DEBUG main            d.u.i.k.p.i.KeYFile       Read specifications obtained when parsing the Java files (usually JML and Strings.key) from file:/home/runner/work/key/key/key.core/build/resources/main/de/uka/ilkd/key/java/JavaRedux/java/lang/String.key 
67539      DEBUG main            d.u.i.k.p.i.KeYFile       Read specifications obtained when parsing the Java files (usually JML and Strings.key) from /home/runner/work/key/key/key.core/../key.ui/examples/InformationFlow/MiniExamples/mini.MiniExamples(mini.MiniExamples__insecure_p2_1()).JML normal_behavior operation contract.0.key 
67592      DEBUG Thread-41       d.u.i.k.j.TypeConverter   TypeConverter: FieldReference: h; 
67595      DEBUG Thread-41       d.u.i.k.j.TypeConverter   TypeConverter: FieldReference: l; 
67679      INFO  main            d.u.i.k.p.r.p.TestFile    ... finished proof: closed. 
67841      DEBUG main            d.u.i.k.s.TermLabelSettings TermLabelSettings: Failure while reading the setting "UseOriginLabels".Using the default value: true.The string read was: null 
67841      INFO  main            d.u.i.k.p.r.p.TestFile    Now processing file /home/runner/work/key/key/key.core/../key.ui/examples/InformationFlow/MiniExamples/mini.MiniExamples(mini.MiniExamples__secure_p1_6()).JML normal_behavior operation contract.0.key 
68657      DEBUG main            d.u.i.k.j.Recoder2KeY     converting now /home/runner/work/key/key/key.core/../key.ui/examples/InformationFlow/MiniExamples/src/mini/MiniExamples.java 
68659      DEBUG main            d.u.i.k.j.Recoder2KeY     converting now /home/runner/work/key/key/key.core/../key.ui/examples/InformationFlow/MiniExamples/src/mini/AliasingExamples.java 
68659      DEBUG main            d.u.i.k.j.Recoder2KeY     converting now /home/runner/work/key/key/key.core/../key.ui/examples/InformationFlow/MiniExamples/src/mini/DifferenceSeqLocset.java 
68660      DEBUG main            d.u.i.k.j.Recoder2KeY     converting now /home/runner/work/key/key/key.core/../key.ui/examples/InformationFlow/MiniExamples/src/mini/MiniExamplesLecture.java 
68665      DEBUG main            d.u.i.k.s.TermLabelSettings TermLabelSettings: Failure while reading the setting "UseOriginLabels".Using the default value: true.The string read was: null 
68665      DEBUG main            d.u.i.k.p.i.KeYFile       Reading KeY file /home/runner/work/key/key/key.core/../key.ui/examples/InformationFlow/MiniExamples/mini.MiniExamples(mini.MiniExamples__secure_p1_6()).JML normal_behavior operation contract.0.key 
68666      DEBUG main            d.u.i.k.p.i.KeYFile       Reading KeY file file:/home/runner/work/key/key/key.core/build/resources/main/de/uka/ilkd/key/java/JavaRedux/java/lang/String.key 
68669      DEBUG main            d.u.i.k.p.i.KeYFile       Read specifications obtained when parsing the Java files (usually JML and Strings.key) from file:/home/runner/work/key/key/key.core/build/resources/main/de/uka/ilkd/key/java/JavaRedux/java/lang/String.key 
70350      DEBUG main            d.u.i.k.p.i.KeYFile       Read specifications obtained when parsing the Java files (usually JML and Strings.key) from /home/runner/work/key/key/key.core/../key.ui/examples/InformationFlow/MiniExamples/mini.MiniExamples(mini.MiniExamples__secure_p1_6()).JML normal_behavior operation contract.0.key 
70419      DEBUG Thread-43       d.u.i.k.j.TypeConverter   TypeConverter: FieldReference: h; 
70424      DEBUG Thread-43       d.u.i.k.j.TypeConverter   TypeConverter: FieldReference: h; 
70436      DEBUG Thread-43       d.u.i.k.j.TypeConverter   TypeConverter: FieldReference: l; 
70488      INFO  main            d.u.i.k.p.r.p.TestFile    ... finished proof: closed. 
70647      DEBUG main            d.u.i.k.s.TermLabelSettings TermLabelSettings: Failure while reading the setting "UseOriginLabels".Using the default value: true.The string read was: null 
70647      INFO  main            d.u.i.k.p.r.p.TestFile    Now processing file /home/runner/work/key/key/key.core/../key.ui/examples/InformationFlow/MiniExamples/mini.MiniExamples(mini.MiniExamples__secure_p1_5()).JML normal_behavior operation contract.0.key 
71470      DEBUG main            d.u.i.k.j.Recoder2KeY     converting now /home/runner/work/key/key/key.core/../key.ui/examples/InformationFlow/MiniExamples/src/mini/MiniExamples.java 
71471      DEBUG main            d.u.i.k.j.Recoder2KeY     converting now /home/runner/work/key/key/key.core/../key.ui/examples/InformationFlow/MiniExamples/src/mini/AliasingExamples.java 
71471      DEBUG main            d.u.i.k.j.Recoder2KeY     converting now /home/runner/work/key/key/key.core/../key.ui/examples/InformationFlow/MiniExamples/src/mini/DifferenceSeqLocset.java 
71472      DEBUG main            d.u.i.k.j.Recoder2KeY     converting now /home/runner/work/key/key/key.core/../key.ui/examples/InformationFlow/MiniExamples/src/mini/MiniExamplesLecture.java 
71476      DEBUG main            d.u.i.k.s.TermLabelSettings TermLabelSettings: Failure while reading the setting "UseOriginLabels".Using the default value: true.The string read was: null 
71476      DEBUG main            d.u.i.k.p.i.KeYFile       Reading KeY file /home/runner/work/key/key/key.core/../key.ui/examples/InformationFlow/MiniExamples/mini.MiniExamples(mini.MiniExamples__secure_p1_5()).JML normal_behavior operation contract.0.key 
71477      DEBUG main            d.u.i.k.p.i.KeYFile       Reading KeY file file:/home/runner/work/key/key/key.core/build/resources/main/de/uka/ilkd/key/java/JavaRedux/java/lang/String.key 
71479      DEBUG main            d.u.i.k.p.i.KeYFile       Read specifications obtained when parsing the Java files (usually JML and Strings.key) from file:/home/runner/work/key/key/key.core/build/resources/main/de/uka/ilkd/key/java/JavaRedux/java/lang/String.key 
73174      DEBUG main            d.u.i.k.p.i.KeYFile       Read specifications obtained when parsing the Java files (usually JML and Strings.key) from /home/runner/work/key/key/key.core/../key.ui/examples/InformationFlow/MiniExamples/mini.MiniExamples(mini.MiniExamples__secure_p1_5()).JML normal_behavior operation contract.0.key 
73229      DEBUG Thread-45       d.u.i.k.j.TypeConverter   TypeConverter: FieldReference: h; 
73252      DEBUG Thread-45       d.u.i.k.j.TypeConverter   TypeConverter: FieldReference: l; 
73259      DEBUG Thread-45       d.u.i.k.j.TypeConverter   TypeConverter: FieldReference: h; 
73272      DEBUG Thread-45       d.u.i.k.j.TypeConverter   TypeConverter: FieldReference: l; 
73279      DEBUG Thread-45       d.u.i.k.j.TypeConverter   TypeConverter: FieldReference: h; 
73315      INFO  main            d.u.i.k.p.r.p.TestFile    ... finished proof: closed. 
73484      DEBUG main            d.u.i.k.s.TermLabelSettings TermLabelSettings: Failure while reading the setting "UseOriginLabels".Using the default value: true.The string read was: null 
73484      INFO  main            d.u.i.k.p.r.p.TestFile    Now processing file /home/runner/work/key/key/key.core/../key.ui/examples/InformationFlow/MiniExamples/mini.MiniExamples(mini.MiniExamples__secure_p1_4()).JML normal_behavior operation contract.0.key 
74311      DEBUG main            d.u.i.k.j.Recoder2KeY     converting now /home/runner/work/key/key/key.core/../key.ui/examples/InformationFlow/MiniExamples/src/mini/MiniExamples.java 
74312      DEBUG main            d.u.i.k.j.Recoder2KeY     converting now /home/runner/work/key/key/key.core/../key.ui/examples/InformationFlow/MiniExamples/src/mini/AliasingExamples.java 
74313      DEBUG main            d.u.i.k.j.Recoder2KeY     converting now /home/runner/work/key/key/key.core/../key.ui/examples/InformationFlow/MiniExamples/src/mini/DifferenceSeqLocset.java 
74313      DEBUG main            d.u.i.k.j.Recoder2KeY     converting now /home/runner/work/key/key/key.core/../key.ui/examples/InformationFlow/MiniExamples/src/mini/MiniExamplesLecture.java 
74318      DEBUG main            d.u.i.k.s.TermLabelSettings TermLabelSettings: Failure while reading the setting "UseOriginLabels".Using the default value: true.The string read was: null 
74318      DEBUG main            d.u.i.k.p.i.KeYFile       Reading KeY file /home/runner/work/key/key/key.core/../key.ui/examples/InformationFlow/MiniExamples/mini.MiniExamples(mini.MiniExamples__secure_p1_4()).JML normal_behavior operation contract.0.key 
74319      DEBUG main            d.u.i.k.p.i.KeYFile       Reading KeY file file:/home/runner/work/key/key/key.core/build/resources/main/de/uka/ilkd/key/java/JavaRedux/java/lang/String.key 
74321      DEBUG main            d.u.i.k.p.i.KeYFile       Read specifications obtained when parsing the Java files (usually JML and Strings.key) from file:/home/runner/work/key/key/key.core/build/resources/main/de/uka/ilkd/key/java/JavaRedux/java/lang/String.key 
76019      DEBUG main            d.u.i.k.p.i.KeYFile       Read specifications obtained when parsing the Java files (usually JML and Strings.key) from /home/runner/work/key/key/key.core/../key.ui/examples/InformationFlow/MiniExamples/mini.MiniExamples(mini.MiniExamples__secure_p1_4()).JML normal_behavior operation contract.0.key 
76082      DEBUG Thread-47       d.u.i.k.j.TypeConverter   TypeConverter: FieldReference: h; 
76112      DEBUG Thread-47       d.u.i.k.j.TypeConverter   TypeConverter: FieldReference: l; 
76115      DEBUG Thread-47       d.u.i.k.j.TypeConverter   TypeConverter: FieldReference: h; 
76121      DEBUG Thread-47       d.u.i.k.j.TypeConverter   TypeConverter: FieldReference: h; 
76132      DEBUG Thread-47       d.u.i.k.j.TypeConverter   TypeConverter: FieldReference: l; 
76159      INFO  main            d.u.i.k.p.r.p.TestFile    ... finished proof: closed. 
76327      DEBUG main            d.u.i.k.s.TermLabelSettings TermLabelSettings: Failure while reading the setting "UseOriginLabels".Using the default value: true.The string read was: null 
76327      INFO  main            d.u.i.k.p.r.p.TestFile    Now processing file /home/runner/work/key/key/key.core/../key.ui/examples/InformationFlow/MiniExamples/mini.MiniExamples(mini.MiniExamples__secure_p1_3()).JML normal_behavior operation contract.0.key 
77150      DEBUG main            d.u.i.k.j.Recoder2KeY     converting now /home/runner/work/key/key/key.core/../key.ui/examples/InformationFlow/MiniExamples/src/mini/MiniExamples.java 
77151      DEBUG main            d.u.i.k.j.Recoder2KeY     converting now /home/runner/work/key/key/key.core/../key.ui/examples/InformationFlow/MiniExamples/src/mini/AliasingExamples.java 
77152      DEBUG main            d.u.i.k.j.Recoder2KeY     converting now /home/runner/work/key/key/key.core/../key.ui/examples/InformationFlow/MiniExamples/src/mini/DifferenceSeqLocset.java 
77153      DEBUG main            d.u.i.k.j.Recoder2KeY     converting now /home/runner/work/key/key/key.core/../key.ui/examples/InformationFlow/MiniExamples/src/mini/MiniExamplesLecture.java 
77157      DEBUG main            d.u.i.k.s.TermLabelSettings TermLabelSettings: Failure while reading the setting "UseOriginLabels".Using the default value: true.The string read was: null 
77157      DEBUG main            d.u.i.k.p.i.KeYFile       Reading KeY file /home/runner/work/key/key/key.core/../key.ui/examples/InformationFlow/MiniExamples/mini.MiniExamples(mini.MiniExamples__secure_p1_3()).JML normal_behavior operation contract.0.key 
77158      DEBUG main            d.u.i.k.p.i.KeYFile       Reading KeY file file:/home/runner/work/key/key/key.core/build/resources/main/de/uka/ilkd/key/java/JavaRedux/java/lang/String.key 
77161      DEBUG main            d.u.i.k.p.i.KeYFile       Read specifications obtained when parsing the Java files (usually JML and Strings.key) from file:/home/runner/work/key/key/key.core/build/resources/main/de/uka/ilkd/key/java/JavaRedux/java/lang/String.key 
78839      DEBUG main            d.u.i.k.p.i.KeYFile       Read specifications obtained when parsing the Java files (usually JML and Strings.key) from /home/runner/work/key/key/key.core/../key.ui/examples/InformationFlow/MiniExamples/mini.MiniExamples(mini.MiniExamples__secure_p1_3()).JML normal_behavior operation contract.0.key 
78901      DEBUG Thread-49       d.u.i.k.j.TypeConverter   TypeConverter: FieldReference: h; 
78907      DEBUG Thread-49       d.u.i.k.j.TypeConverter   TypeConverter: FieldReference: h; 
78916      DEBUG Thread-49       d.u.i.k.j.TypeConverter   TypeConverter: FieldReference: l; 
78989      INFO  main            d.u.i.k.p.r.p.TestFile    ... finished proof: closed. 
79163      DEBUG main            d.u.i.k.s.TermLabelSettings TermLabelSettings: Failure while reading the setting "UseOriginLabels".Using the default value: true.The string read was: null 
79163      INFO  main            d.u.i.k.p.r.p.TestFile    Now processing file /home/runner/work/key/key/key.core/../key.ui/examples/InformationFlow/MiniExamples/mini.MiniExamples(mini.MiniExamples__secure_p1_2()).JML normal_behavior operation contract.0.key 
79980      DEBUG main            d.u.i.k.j.Recoder2KeY     converting now /home/runner/work/key/key/key.core/../key.ui/examples/InformationFlow/MiniExamples/src/mini/MiniExamples.java 
79981      DEBUG main            d.u.i.k.j.Recoder2KeY     converting now /home/runner/work/key/key/key.core/../key.ui/examples/InformationFlow/MiniExamples/src/mini/AliasingExamples.java 
79982      DEBUG main            d.u.i.k.j.Recoder2KeY     converting now /home/runner/work/key/key/key.core/../key.ui/examples/InformationFlow/MiniExamples/src/mini/DifferenceSeqLocset.java 
79983      DEBUG main            d.u.i.k.j.Recoder2KeY     converting now /home/runner/work/key/key/key.core/../key.ui/examples/InformationFlow/MiniExamples/src/mini/MiniExamplesLecture.java 
79987      DEBUG main            d.u.i.k.s.TermLabelSettings TermLabelSettings: Failure while reading the setting "UseOriginLabels".Using the default value: true.The string read was: null 
79987      DEBUG main            d.u.i.k.p.i.KeYFile       Reading KeY file /home/runner/work/key/key/key.core/../key.ui/examples/InformationFlow/MiniExamples/mini.MiniExamples(mini.MiniExamples__secure_p1_2()).JML normal_behavior operation contract.0.key 
79988      DEBUG main            d.u.i.k.p.i.KeYFile       Reading KeY file file:/home/runner/work/key/key/key.core/build/resources/main/de/uka/ilkd/key/java/JavaRedux/java/lang/String.key 
79990      DEBUG main            d.u.i.k.p.i.KeYFile       Read specifications obtained when parsing the Java files (usually JML and Strings.key) from file:/home/runner/work/key/key/key.core/build/resources/main/de/uka/ilkd/key/java/JavaRedux/java/lang/String.key 
81711      DEBUG main            d.u.i.k.p.i.KeYFile       Read specifications obtained when parsing the Java files (usually JML and Strings.key) from /home/runner/work/key/key/key.core/../key.ui/examples/InformationFlow/MiniExamples/mini.MiniExamples(mini.MiniExamples__secure_p1_2()).JML normal_behavior operation contract.0.key 
81764      DEBUG Thread-51       d.u.i.k.j.TypeConverter   TypeConverter: FieldReference: h; 
81784      DEBUG Thread-51       d.u.i.k.j.TypeConverter   TypeConverter: FieldReference: l; 
81791      DEBUG Thread-51       d.u.i.k.j.TypeConverter   TypeConverter: FieldReference: l; 
81802      DEBUG Thread-51       d.u.i.k.j.TypeConverter   TypeConverter: FieldReference: l; 
81809      DEBUG Thread-51       d.u.i.k.j.TypeConverter   TypeConverter: FieldReference: l; 
81851      INFO  main            d.u.i.k.p.r.p.TestFile    ... finished proof: closed. 
82030      DEBUG main            d.u.i.k.s.TermLabelSettings TermLabelSettings: Failure while reading the setting "UseOriginLabels".Using the default value: true.The string read was: null 
82031      INFO  main            d.u.i.k.p.r.p.TestFile    Now processing file /home/runner/work/key/key/key.core/../key.ui/examples/InformationFlow/MiniExamples/mini.MiniExamples(mini.MiniExamples__secure_p1_1()).JML normal_behavior operation contract.1.key 
82842      DEBUG main            d.u.i.k.j.Recoder2KeY     converting now /home/runner/work/key/key/key.core/../key.ui/examples/InformationFlow/MiniExamples/src/mini/MiniExamples.java 
82843      DEBUG main            d.u.i.k.j.Recoder2KeY     converting now /home/runner/work/key/key/key.core/../key.ui/examples/InformationFlow/MiniExamples/src/mini/AliasingExamples.java 
82844      DEBUG main            d.u.i.k.j.Recoder2KeY     converting now /home/runner/work/key/key/key.core/../key.ui/examples/InformationFlow/MiniExamples/src/mini/DifferenceSeqLocset.java 
82845      DEBUG main            d.u.i.k.j.Recoder2KeY     converting now /home/runner/work/key/key/key.core/../key.ui/examples/InformationFlow/MiniExamples/src/mini/MiniExamplesLecture.java 
82849      DEBUG main            d.u.i.k.s.TermLabelSettings TermLabelSettings: Failure while reading the setting "UseOriginLabels".Using the default value: true.The string read was: null 
82849      DEBUG main            d.u.i.k.p.i.KeYFile       Reading KeY file /home/runner/work/key/key/key.core/../key.ui/examples/InformationFlow/MiniExamples/mini.MiniExamples(mini.MiniExamples__secure_p1_1()).JML normal_behavior operation contract.1.key 
82850      DEBUG main            d.u.i.k.p.i.KeYFile       Reading KeY file file:/home/runner/work/key/key/key.core/build/resources/main/de/uka/ilkd/key/java/JavaRedux/java/lang/String.key 
82852      DEBUG main            d.u.i.k.p.i.KeYFile       Read specifications obtained when parsing the Java files (usually JML and Strings.key) from file:/home/runner/work/key/key/key.core/build/resources/main/de/uka/ilkd/key/java/JavaRedux/java/lang/String.key 
84535      DEBUG main            d.u.i.k.p.i.KeYFile       Read specifications obtained when parsing the Java files (usually JML and Strings.key) from /home/runner/work/key/key/key.core/../key.ui/examples/InformationFlow/MiniExamples/mini.MiniExamples(mini.MiniExamples__secure_p1_1()).JML normal_behavior operation contract.1.key 
84587      DEBUG Thread-53       d.u.i.k.j.TypeConverter   TypeConverter: FieldReference: l; 
84607      DEBUG Thread-53       d.u.i.k.j.TypeConverter   TypeConverter: FieldReference: h; 
84618      DEBUG Thread-53       d.u.i.k.j.TypeConverter   TypeConverter: FieldReference: h; 
84675      INFO  main            d.u.i.k.p.r.p.TestFile    ... finished proof: closed. 
84850      DEBUG main            d.u.i.k.s.TermLabelSettings TermLabelSettings: Failure while reading the setting "UseOriginLabels".Using the default value: true.The string read was: null 
84850      INFO  main            d.u.i.k.p.r.p.TestFile    Now processing file /home/runner/work/key/key/key.core/../key.ui/examples/InformationFlow/MiniExamples/mini.MiniExamples(mini.MiniExamples__secure_p1_1()).JML normal_behavior operation contract.0.key 
85661      DEBUG main            d.u.i.k.j.Recoder2KeY     converting now /home/runner/work/key/key/key.core/../key.ui/examples/InformationFlow/MiniExamples/src/mini/MiniExamples.java 
85662      DEBUG main            d.u.i.k.j.Recoder2KeY     converting now /home/runner/work/key/key/key.core/../key.ui/examples/InformationFlow/MiniExamples/src/mini/AliasingExamples.java 
85663      DEBUG main            d.u.i.k.j.Recoder2KeY     converting now /home/runner/work/key/key/key.core/../key.ui/examples/InformationFlow/MiniExamples/src/mini/DifferenceSeqLocset.java 
85664      DEBUG main            d.u.i.k.j.Recoder2KeY     converting now /home/runner/work/key/key/key.core/../key.ui/examples/InformationFlow/MiniExamples/src/mini/MiniExamplesLecture.java 
85667      DEBUG main            d.u.i.k.s.TermLabelSettings TermLabelSettings: Failure while reading the setting "UseOriginLabels".Using the default value: true.The string read was: null 
85668      DEBUG main            d.u.i.k.p.i.KeYFile       Reading KeY file /home/runner/work/key/key/key.core/../key.ui/examples/InformationFlow/MiniExamples/mini.MiniExamples(mini.MiniExamples__secure_p1_1()).JML normal_behavior operation contract.0.key 
85668      DEBUG main            d.u.i.k.p.i.KeYFile       Reading KeY file file:/home/runner/work/key/key/key.core/build/resources/main/de/uka/ilkd/key/java/JavaRedux/java/lang/String.key 
85671      DEBUG main            d.u.i.k.p.i.KeYFile       Read specifications obtained when parsing the Java files (usually JML and Strings.key) from file:/home/runner/work/key/key/key.core/build/resources/main/de/uka/ilkd/key/java/JavaRedux/java/lang/String.key 
87347      DEBUG main            d.u.i.k.p.i.KeYFile       Read specifications obtained when parsing the Java files (usually JML and Strings.key) from /home/runner/work/key/key/key.core/../key.ui/examples/InformationFlow/MiniExamples/mini.MiniExamples(mini.MiniExamples__secure_p1_1()).JML normal_behavior operation contract.0.key 
87405      DEBUG Thread-55       d.u.i.k.j.TypeConverter   TypeConverter: FieldReference: l; 
87424      DEBUG Thread-55       d.u.i.k.j.TypeConverter   TypeConverter: FieldReference: h; 
87435      DEBUG Thread-55       d.u.i.k.j.TypeConverter   TypeConverter: FieldReference: h; 
87492      INFO  main            d.u.i.k.p.r.p.TestFile    ... finished proof: closed. 
87676      DEBUG main            d.u.i.k.s.TermLabelSettings TermLabelSettings: Failure while reading the setting "UseOriginLabels".Using the default value: true.The string read was: null 
87676      INFO  main            d.u.i.k.p.r.p.TestFile    Now processing file /home/runner/work/key/key/key.core/../key.ui/examples/InformationFlow/MiniExamples/mini.MiniExamples(mini.MiniExamples__insecure_p1_2()).JML normal_behavior operation contract.0.key 
88485      DEBUG main            d.u.i.k.j.Recoder2KeY     converting now /home/runner/work/key/key/key.core/../key.ui/examples/InformationFlow/MiniExamples/src/mini/MiniExamples.java 
88486      DEBUG main            d.u.i.k.j.Recoder2KeY     converting now /home/runner/work/key/key/key.core/../key.ui/examples/InformationFlow/MiniExamples/src/mini/AliasingExamples.java 
88487      DEBUG main            d.u.i.k.j.Recoder2KeY     converting now /home/runner/work/key/key/key.core/../key.ui/examples/InformationFlow/MiniExamples/src/mini/DifferenceSeqLocset.java 
88487      DEBUG main            d.u.i.k.j.Recoder2KeY     converting now /home/runner/work/key/key/key.core/../key.ui/examples/InformationFlow/MiniExamples/src/mini/MiniExamplesLecture.java 
88491      DEBUG main            d.u.i.k.s.TermLabelSettings TermLabelSettings: Failure while reading the setting "UseOriginLabels".Using the default value: true.The string read was: null 
88492      DEBUG main            d.u.i.k.p.i.KeYFile       Reading KeY file /home/runner/work/key/key/key.core/../key.ui/examples/InformationFlow/MiniExamples/mini.MiniExamples(mini.MiniExamples__insecure_p1_2()).JML normal_behavior operation contract.0.key 
88492      DEBUG main            d.u.i.k.p.i.KeYFile       Reading KeY file file:/home/runner/work/key/key/key.core/build/resources/main/de/uka/ilkd/key/java/JavaRedux/java/lang/String.key 
88495      DEBUG main            d.u.i.k.p.i.KeYFile       Read specifications obtained when parsing the Java files (usually JML and Strings.key) from file:/home/runner/work/key/key/key.core/build/resources/main/de/uka/ilkd/key/java/JavaRedux/java/lang/String.key 
90202      DEBUG main            d.u.i.k.p.i.KeYFile       Read specifications obtained when parsing the Java files (usually JML and Strings.key) from /home/runner/work/key/key/key.core/../key.ui/examples/InformationFlow/MiniExamples/mini.MiniExamples(mini.MiniExamples__insecure_p1_2()).JML normal_behavior operation contract.0.key 
90250      DEBUG Thread-57       d.u.i.k.j.TypeConverter   TypeConverter: FieldReference: h; 
90268      DEBUG Thread-57       d.u.i.k.j.TypeConverter   TypeConverter: FieldReference: l; 
90279      DEBUG Thread-57       d.u.i.k.j.TypeConverter   TypeConverter: FieldReference: l; 
90339      INFO  main            d.u.i.k.p.r.p.TestFile    ... finished proof: closed. 
90527      DEBUG main            d.u.i.k.s.TermLabelSettings TermLabelSettings: Failure while reading the setting "UseOriginLabels".Using the default value: true.The string read was: null 
90527      INFO  main            d.u.i.k.p.r.p.TestFile    Now processing file /home/runner/work/key/key/key.core/../key.ui/examples/InformationFlow/MiniExamples/mini.MiniExamples(mini.MiniExamples__insecure_p1_1()).JML normal_behavior operation contract.0.key 
91337      DEBUG main            d.u.i.k.j.Recoder2KeY     converting now /home/runner/work/key/key/key.core/../key.ui/examples/InformationFlow/MiniExamples/src/mini/MiniExamples.java 
91338      DEBUG main            d.u.i.k.j.Recoder2KeY     converting now /home/runner/work/key/key/key.core/../key.ui/examples/InformationFlow/MiniExamples/src/mini/AliasingExamples.java 
91338      DEBUG main            d.u.i.k.j.Recoder2KeY     converting now /home/runner/work/key/key/key.core/../key.ui/examples/InformationFlow/MiniExamples/src/mini/DifferenceSeqLocset.java 
91339      DEBUG main            d.u.i.k.j.Recoder2KeY     converting now /home/runner/work/key/key/key.core/../key.ui/examples/InformationFlow/MiniExamples/src/mini/MiniExamplesLecture.java 
91343      DEBUG main            d.u.i.k.s.TermLabelSettings TermLabelSettings: Failure while reading the setting "UseOriginLabels".Using the default value: true.The string read was: null 
91343      DEBUG main            d.u.i.k.p.i.KeYFile       Reading KeY file /home/runner/work/key/key/key.core/../key.ui/examples/InformationFlow/MiniExamples/mini.MiniExamples(mini.MiniExamples__insecure_p1_1()).JML normal_behavior operation contract.0.key 
91344      DEBUG main            d.u.i.k.p.i.KeYFile       Reading KeY file file:/home/runner/work/key/key/key.core/build/resources/main/de/uka/ilkd/key/java/JavaRedux/java/lang/String.key 
91346      DEBUG main            d.u.i.k.p.i.KeYFile       Read specifications obtained when parsing the Java files (usually JML and Strings.key) from file:/home/runner/work/key/key/key.core/build/resources/main/de/uka/ilkd/key/java/JavaRedux/java/lang/String.key 
93042      DEBUG main            d.u.i.k.p.i.KeYFile       Read specifications obtained when parsing the Java files (usually JML and Strings.key) from /home/runner/work/key/key/key.core/../key.ui/examples/InformationFlow/MiniExamples/mini.MiniExamples(mini.MiniExamples__insecure_p1_1()).JML normal_behavior operation contract.0.key 
93094      DEBUG Thread-59       d.u.i.k.j.TypeConverter   TypeConverter: FieldReference: h; 
93096      DEBUG Thread-59       d.u.i.k.j.TypeConverter   TypeConverter: FieldReference: l; 
93183      INFO  main            d.u.i.k.p.r.p.TestFile    ... finished proof: closed. 
451856     INFO  Test worker     d.u.i.k.p.r.RunAllProofsTestUnit Returning from test MiniExamples 
451859     INFO  Test worker     d.u.i.k.p.r.RunAllProofsTestUnit Running test NewObjects 
364        INFO  Timeout watchdog d.u.i.k.p.r.p.ForkedTestFileRunner Timeout watcher launched (1000 secs.) 
381        WARN  main            d.u.i.k.s.ProofSettings   The settings in /home/runner/.key/proof-settings.props are *not* read. 
408        DEBUG main            d.u.i.k.s.TermLabelSettings TermLabelSettings: Failure while reading the setting "UseOriginLabels".Using the default value: true.The string read was: null 
409        INFO  main            d.u.i.k.p.r.p.TestFile    Now processing file /home/runner/work/key/key/key.core/../key.ui/examples/InformationFlow/NewObjects/object.AmtoftBanerjee3(object.AmtoftBanerjee3__m()).JML operation contract.0.key 
1021       DEBUG main            d.u.i.k.p.i.KeYFile       Reading KeY file file:/home/runner/work/key/key/key.core/build/resources/main/de/uka/ilkd/key/proof/rules/ldt.key 
1021       DEBUG main            d.u.i.k.p.i.KeYFile       Read specifications obtained when parsing the Java files (usually JML and Strings.key) from file:/home/runner/work/key/key/key.core/build/resources/main/de/uka/ilkd/key/proof/rules/ldt.key 
1030       DEBUG main            d.u.i.k.p.i.KeYFile       Reading KeY file file:/home/runner/work/key/key/key.core/build/resources/main/de/uka/ilkd/key/proof/rules/propRule.key 
1030       DEBUG main            d.u.i.k.p.i.KeYFile       Read specifications obtained when parsing the Java files (usually JML and Strings.key) from file:/home/runner/work/key/key/key.core/build/resources/main/de/uka/ilkd/key/proof/rules/propRule.key 
1057       DEBUG main            d.u.i.k.p.i.KeYFile       Reading KeY file file:/home/runner/work/key/key/key.core/build/resources/main/de/uka/ilkd/key/proof/rules/firstOrderRules.key 
1057       DEBUG main            d.u.i.k.p.i.KeYFile       Read specifications obtained when parsing the Java files (usually JML and Strings.key) from file:/home/runner/work/key/key/key.core/build/resources/main/de/uka/ilkd/key/proof/rules/firstOrderRules.key 
1080       DEBUG main            d.u.i.k.p.i.KeYFile       Reading KeY file file:/home/runner/work/key/key/key.core/build/resources/main/de/uka/ilkd/key/proof/rules/ifThenElseRules.key 
1081       DEBUG main            d.u.i.k.p.i.KeYFile       Read specifications obtained when parsing the Java files (usually JML and Strings.key) from file:/home/runner/work/key/key/key.core/build/resources/main/de/uka/ilkd/key/proof/rules/ifThenElseRules.key 
1142       DEBUG main            d.u.i.k.p.i.KeYFile       Reading KeY file file:/home/runner/work/key/key/key.core/build/resources/main/de/uka/ilkd/key/proof/rules/formulaNormalisationRules.key 
1143       DEBUG main            d.u.i.k.p.i.KeYFile       Read specifications obtained when parsing the Java files (usually JML and Strings.key) from file:/home/runner/work/key/key/key.core/build/resources/main/de/uka/ilkd/key/proof/rules/formulaNormalisationRules.key 
1189       DEBUG main            d.u.i.k.p.i.KeYFile       Reading KeY file file:/home/runner/work/key/key/key.core/build/resources/main/de/uka/ilkd/key/proof/rules/updateRules.key 
1189       DEBUG main            d.u.i.k.p.i.KeYFile       Read specifications obtained when parsing the Java files (usually JML and Strings.key) from file:/home/runner/work/key/key/key.core/build/resources/main/de/uka/ilkd/key/proof/rules/updateRules.key 
1203       DEBUG main            d.u.i.k.p.i.KeYFile       Reading KeY file file:/home/runner/work/key/key/key.core/build/resources/main/de/uka/ilkd/key/proof/rules/integerRulesCommon.key 
1203       DEBUG main            d.u.i.k.p.i.KeYFile       Read specifications obtained when parsing the Java files (usually JML and Strings.key) from file:/home/runner/work/key/key/key.core/build/resources/main/de/uka/ilkd/key/proof/rules/integerRulesCommon.key 
1290       DEBUG main            d.u.i.k.p.i.KeYFile       Reading KeY file file:/home/runner/work/key/key/key.core/build/resources/main/de/uka/ilkd/key/proof/rules/intRules.key 
1290       DEBUG main            d.u.i.k.p.i.KeYFile       Read specifications obtained when parsing the Java files (usually JML and Strings.key) from file:/home/runner/work/key/key/key.core/build/resources/main/de/uka/ilkd/key/proof/rules/intRules.key 
1303       DEBUG main            d.u.i.k.p.i.KeYFile       Reading KeY file file:/home/runner/work/key/key/key.core/build/resources/main/de/uka/ilkd/key/proof/rules/intRulesUncheckedSemantics.key 
1303       DEBUG main            d.u.i.k.p.i.KeYFile       Read specifications obtained when parsing the Java files (usually JML and Strings.key) from file:/home/runner/work/key/key/key.core/build/resources/main/de/uka/ilkd/key/proof/rules/intRulesUncheckedSemantics.key 
1311       DEBUG main            d.u.i.k.p.i.KeYFile       Reading KeY file file:/home/runner/work/key/key/key.core/build/resources/main/de/uka/ilkd/key/proof/rules/intRulesCheckedSemantics.key 
1312       DEBUG main            d.u.i.k.p.i.KeYFile       Read specifications obtained when parsing the Java files (usually JML and Strings.key) from file:/home/runner/work/key/key/key.core/build/resources/main/de/uka/ilkd/key/proof/rules/intRulesCheckedSemantics.key 
1319       DEBUG main            d.u.i.k.p.i.KeYFile       Reading KeY file file:/home/runner/work/key/key/key.core/build/resources/main/de/uka/ilkd/key/proof/rules/intRulesJavaSemantics.key 
1320       DEBUG main            d.u.i.k.p.i.KeYFile       Read specifications obtained when parsing the Java files (usually JML and Strings.key) from file:/home/runner/work/key/key/key.core/build/resources/main/de/uka/ilkd/key/proof/rules/intRulesJavaSemantics.key 
1433       DEBUG main            d.u.i.k.p.i.KeYFile       Reading KeY file file:/home/runner/work/key/key/key.core/build/resources/main/de/uka/ilkd/key/proof/rules/integerSimplificationRules.key 
1435       DEBUG main            d.u.i.k.p.i.KeYFile       Read specifications obtained when parsing the Java files (usually JML and Strings.key) from file:/home/runner/work/key/key/key.core/build/resources/main/de/uka/ilkd/key/proof/rules/integerSimplificationRules.key 
1544       DEBUG main            d.u.i.k.j.TypeConverter   No LDT found for Meta 
1544       DEBUG main            d.u.i.k.j.TypeConverter   No LDT found for Meta 
1545       DEBUG main            d.u.i.k.j.TypeConverter   No LDT found for Meta 
1545       DEBUG main            d.u.i.k.j.TypeConverter   No LDT found for Meta 
1608       DEBUG main            d.u.i.k.p.i.KeYFile       Reading KeY file file:/home/runner/work/key/key/key.core/build/resources/main/de/uka/ilkd/key/proof/rules/intDiv.key 
1608       DEBUG main            d.u.i.k.p.i.KeYFile       Read specifications obtained when parsing the Java files (usually JML and Strings.key) from file:/home/runner/work/key/key/key.core/build/resources/main/de/uka/ilkd/key/proof/rules/intDiv.key 
1763       DEBUG main            d.u.i.k.p.i.KeYFile       Reading KeY file file:/home/runner/work/key/key/key.core/build/resources/main/de/uka/ilkd/key/proof/rules/bsum.key 
1764       DEBUG main            d.u.i.k.p.i.KeYFile       Read specifications obtained when parsing the Java files (usually JML and Strings.key) from file:/home/runner/work/key/key/key.core/build/resources/main/de/uka/ilkd/key/proof/rules/bsum.key 
1831       DEBUG main            d.u.i.k.p.i.KeYFile       Reading KeY file file:/home/runner/work/key/key/key.core/build/resources/main/de/uka/ilkd/key/proof/rules/bprod.key 
1832       DEBUG main            d.u.i.k.p.i.KeYFile       Read specifications obtained when parsing the Java files (usually JML and Strings.key) from file:/home/runner/work/key/key/key.core/build/resources/main/de/uka/ilkd/key/proof/rules/bprod.key 
1841       DEBUG main            d.u.i.k.p.i.KeYFile       Reading KeY file file:/home/runner/work/key/key/key.core/build/resources/main/de/uka/ilkd/key/proof/rules/binaryAxioms.key 
1842       DEBUG main            d.u.i.k.p.i.KeYFile       Read specifications obtained when parsing the Java files (usually JML and Strings.key) from file:/home/runner/work/key/key/key.core/build/resources/main/de/uka/ilkd/key/proof/rules/binaryAxioms.key 
1846       DEBUG main            d.u.i.k.p.i.KeYFile       Reading KeY file file:/home/runner/work/key/key/key.core/build/resources/main/de/uka/ilkd/key/proof/rules/binaryLemmas.key 
1846       DEBUG main            d.u.i.k.p.i.KeYFile       Read specifications obtained when parsing the Java files (usually JML and Strings.key) from file:/home/runner/work/key/key/key.core/build/resources/main/de/uka/ilkd/key/proof/rules/binaryLemmas.key 
1879       DEBUG main            d.u.i.k.p.i.KeYFile       Reading KeY file file:/home/runner/work/key/key/key.core/build/resources/main/de/uka/ilkd/key/proof/rules/intPow.key 
1880       DEBUG main            d.u.i.k.p.i.KeYFile       Read specifications obtained when parsing the Java files (usually JML and Strings.key) from file:/home/runner/work/key/key/key.core/build/resources/main/de/uka/ilkd/key/proof/rules/intPow.key 
1904       DEBUG main            d.u.i.k.p.i.KeYFile       Reading KeY file file:/home/runner/work/key/key/key.core/build/resources/main/de/uka/ilkd/key/proof/rules/floatRulesCommon.key 
1904       DEBUG main            d.u.i.k.p.i.KeYFile       Read specifications obtained when parsing the Java files (usually JML and Strings.key) from file:/home/runner/work/key/key/key.core/build/resources/main/de/uka/ilkd/key/proof/rules/floatRulesCommon.key 
1918       DEBUG main            d.u.i.k.p.i.KeYFile       Reading KeY file file:/home/runner/work/key/key/key.core/build/resources/main/de/uka/ilkd/key/proof/rules/floatRules.key 
1918       DEBUG main            d.u.i.k.p.i.KeYFile       Read specifications obtained when parsing the Java files (usually JML and Strings.key) from file:/home/runner/work/key/key/key.core/build/resources/main/de/uka/ilkd/key/proof/rules/floatRules.key 
1919       DEBUG main            d.u.i.k.p.i.KeYFile       Reading KeY file file:/home/runner/work/key/key/key.core/build/resources/main/de/uka/ilkd/key/proof/rules/floatRulesVerifyNormal.key 
1919       DEBUG main            d.u.i.k.p.i.KeYFile       Read specifications obtained when parsing the Java files (usually JML and Strings.key) from file:/home/runner/work/key/key/key.core/build/resources/main/de/uka/ilkd/key/proof/rules/floatRulesVerifyNormal.key 
1923       DEBUG main            d.u.i.k.p.i.KeYFile       Reading KeY file file:/home/runner/work/key/key/key.core/build/resources/main/de/uka/ilkd/key/proof/rules/floatRulesAssumeStrictfp.key 
1923       DEBUG main            d.u.i.k.p.i.KeYFile       Read specifications obtained when parsing the Java files (usually JML and Strings.key) from file:/home/runner/work/key/key/key.core/build/resources/main/de/uka/ilkd/key/proof/rules/floatRulesAssumeStrictfp.key 
1967       DEBUG main            d.u.i.k.p.i.KeYFile       Reading KeY file file:/home/runner/work/key/key/key.core/build/resources/main/de/uka/ilkd/key/proof/rules/genericRules.key 
1967       DEBUG main            d.u.i.k.p.i.KeYFile       Read specifications obtained when parsing the Java files (usually JML and Strings.key) from file:/home/runner/work/key/key/key.core/build/resources/main/de/uka/ilkd/key/proof/rules/genericRules.key 
1977       DEBUG main            d.u.i.k.p.i.KeYFile       Reading KeY file file:/home/runner/work/key/key/key.core/build/resources/main/de/uka/ilkd/key/proof/rules/booleanRules.key 
1977       DEBUG main            d.u.i.k.p.i.KeYFile       Read specifications obtained when parsing the Java files (usually JML and Strings.key) from file:/home/runner/work/key/key/key.core/build/resources/main/de/uka/ilkd/key/proof/rules/booleanRules.key 
1983       DEBUG main            d.u.i.k.p.i.KeYFile       Reading KeY file file:/home/runner/work/key/key/key.core/build/resources/main/de/uka/ilkd/key/proof/rules/epsilon.key 
1983       DEBUG main            d.u.i.k.p.i.KeYFile       Read specifications obtained when parsing the Java files (usually JML and Strings.key) from file:/home/runner/work/key/key/key.core/build/resources/main/de/uka/ilkd/key/proof/rules/epsilon.key 
2021       DEBUG main            d.u.i.k.p.i.KeYFile       Reading KeY file file:/home/runner/work/key/key/key.core/build/resources/main/de/uka/ilkd/key/proof/rules/locSetsRules.key 
2022       DEBUG main            d.u.i.k.p.i.KeYFile       Read specifications obtained when parsing the Java files (usually JML and Strings.key) from file:/home/runner/work/key/key/key.core/build/resources/main/de/uka/ilkd/key/proof/rules/locSetsRules.key 
2088       DEBUG main            d.u.i.k.p.i.KeYFile       Reading KeY file file:/home/runner/work/key/key/key.core/build/resources/main/de/uka/ilkd/key/proof/rules/heapRules.key 
2088       DEBUG main            d.u.i.k.p.i.KeYFile       Read specifications obtained when parsing the Java files (usually JML and Strings.key) from file:/home/runner/work/key/key/key.core/build/resources/main/de/uka/ilkd/key/proof/rules/heapRules.key 
2154       DEBUG main            d.u.i.k.p.i.KeYFile       Reading KeY file file:/home/runner/work/key/key/key.core/build/resources/main/de/uka/ilkd/key/proof/rules/permissionRules.key 
2155       DEBUG main            d.u.i.k.p.i.KeYFile       Read specifications obtained when parsing the Java files (usually JML and Strings.key) from file:/home/runner/work/key/key/key.core/build/resources/main/de/uka/ilkd/key/proof/rules/permissionRules.key 
2205       DEBUG main            d.u.i.k.p.i.KeYFile       Reading KeY file file:/home/runner/work/key/key/key.core/build/resources/main/de/uka/ilkd/key/proof/rules/reachRules.key 
2206       DEBUG main            d.u.i.k.p.i.KeYFile       Read specifications obtained when parsing the Java files (usually JML and Strings.key) from file:/home/runner/work/key/key/key.core/build/resources/main/de/uka/ilkd/key/proof/rules/reachRules.key 
2218       DEBUG main            d.u.i.k.p.i.KeYFile       Reading KeY file file:/home/runner/work/key/key/key.core/build/resources/main/de/uka/ilkd/key/proof/rules/seqCoreRules.key 
2219       DEBUG main            d.u.i.k.p.i.KeYFile       Read specifications obtained when parsing the Java files (usually JML and Strings.key) from file:/home/runner/work/key/key/key.core/build/resources/main/de/uka/ilkd/key/proof/rules/seqCoreRules.key 
2260       DEBUG main            d.u.i.k.p.i.KeYFile       Reading KeY file file:/home/runner/work/key/key/key.core/build/resources/main/de/uka/ilkd/key/proof/rules/seqRules.key 
2261       DEBUG main            d.u.i.k.p.i.KeYFile       Read specifications obtained when parsing the Java files (usually JML and Strings.key) from file:/home/runner/work/key/key/key.core/build/resources/main/de/uka/ilkd/key/proof/rules/seqRules.key 
2328       DEBUG main            d.u.i.k.p.i.KeYFile       Reading KeY file file:/home/runner/work/key/key/key.core/build/resources/main/de/uka/ilkd/key/proof/rules/seqPerm.key 
2328       DEBUG main            d.u.i.k.p.i.KeYFile       Read specifications obtained when parsing the Java files (usually JML and Strings.key) from file:/home/runner/work/key/key/key.core/build/resources/main/de/uka/ilkd/key/proof/rules/seqPerm.key 
2354       DEBUG main            d.u.i.k.p.i.KeYFile       Reading KeY file file:/home/runner/work/key/key/key.core/build/resources/main/de/uka/ilkd/key/proof/rules/seqPerm2.key 
2354       DEBUG main            d.u.i.k.p.i.KeYFile       Read specifications obtained when parsing the Java files (usually JML and Strings.key) from file:/home/runner/work/key/key/key.core/build/resources/main/de/uka/ilkd/key/proof/rules/seqPerm2.key 
2509       DEBUG main            d.u.i.k.p.i.KeYFile       Reading KeY file file:/home/runner/work/key/key/key.core/build/resources/main/de/uka/ilkd/key/proof/rules/assertions.key 
2509       DEBUG main            d.u.i.k.p.i.KeYFile       Read specifications obtained when parsing the Java files (usually JML and Strings.key) from file:/home/runner/work/key/key/key.core/build/resources/main/de/uka/ilkd/key/proof/rules/assertions.key 
2558       DEBUG main            d.u.i.k.p.i.KeYFile       Reading KeY file file:/home/runner/work/key/key/key.core/build/resources/main/de/uka/ilkd/key/proof/rules/javaRules.key 
2561       DEBUG main            d.u.i.k.p.i.KeYFile       Read specifications obtained when parsing the Java files (usually JML and Strings.key) from file:/home/runner/work/key/key/key.core/build/resources/main/de/uka/ilkd/key/proof/rules/javaRules.key 
2995       DEBUG main            d.u.i.k.p.i.KeYFile       Reading KeY file file:/home/runner/work/key/key/key.core/build/resources/main/de/uka/ilkd/key/proof/rules/loopRules.key 
2995       DEBUG main            d.u.i.k.p.i.KeYFile       Read specifications obtained when parsing the Java files (usually JML and Strings.key) from file:/home/runner/work/key/key/key.core/build/resources/main/de/uka/ilkd/key/proof/rules/loopRules.key 
3009       DEBUG main            d.u.i.k.p.i.KeYFile       Reading KeY file file:/home/runner/work/key/key/key.core/build/resources/main/de/uka/ilkd/key/proof/rules/activeUse.key 
3010       DEBUG main            d.u.i.k.p.i.KeYFile       Read specifications obtained when parsing the Java files (usually JML and Strings.key) from file:/home/runner/work/key/key/key.core/build/resources/main/de/uka/ilkd/key/proof/rules/activeUse.key 
3058       DEBUG main            d.u.i.k.p.i.KeYFile       Reading KeY file file:/home/runner/work/key/key/key.core/build/resources/main/de/uka/ilkd/key/proof/rules/instanceAllocation.key 
3058       DEBUG main            d.u.i.k.p.i.KeYFile       Read specifications obtained when parsing the Java files (usually JML and Strings.key) from file:/home/runner/work/key/key/key.core/build/resources/main/de/uka/ilkd/key/proof/rules/instanceAllocation.key 
3069       DEBUG main            d.u.i.k.p.i.KeYFile       Reading KeY file file:/home/runner/work/key/key/key.core/build/resources/main/de/uka/ilkd/key/proof/rules/java5.key 
3069       DEBUG main            d.u.i.k.p.i.KeYFile       Read specifications obtained when parsing the Java files (usually JML and Strings.key) from file:/home/runner/work/key/key/key.core/build/resources/main/de/uka/ilkd/key/proof/rules/java5.key 
3077       DEBUG main            d.u.i.k.p.i.KeYFile       Reading KeY file file:/home/runner/work/key/key/key.core/build/resources/main/de/uka/ilkd/key/proof/rules/integerAssignment2UpdateRules.key 
3078       DEBUG main            d.u.i.k.p.i.KeYFile       Read specifications obtained when parsing the Java files (usually JML and Strings.key) from file:/home/runner/work/key/key/key.core/build/resources/main/de/uka/ilkd/key/proof/rules/integerAssignment2UpdateRules.key 
3106       DEBUG main            d.u.i.k.p.i.KeYFile       Reading KeY file file:/home/runner/work/key/key/key.core/build/resources/main/de/uka/ilkd/key/proof/rules/floatAssignment2UpdateRules.key 
3106       DEBUG main            d.u.i.k.p.i.KeYFile       Read specifications obtained when parsing the Java files (usually JML and Strings.key) from file:/home/runner/work/key/key/key.core/build/resources/main/de/uka/ilkd/key/proof/rules/floatAssignment2UpdateRules.key 
3156       DEBUG main            d.u.i.k.p.i.KeYFile       Reading KeY file file:/home/runner/work/key/key/key.core/build/resources/main/de/uka/ilkd/key/proof/rules/bigint.key 
3156       DEBUG main            d.u.i.k.p.i.KeYFile       Read specifications obtained when parsing the Java files (usually JML and Strings.key) from file:/home/runner/work/key/key/key.core/build/resources/main/de/uka/ilkd/key/proof/rules/bigint.key 
3162       DEBUG main            d.u.i.k.j.TypeConverter   No LDT found for JavaBigintExpression 
3167       DEBUG main            d.u.i.k.p.i.KeYFile       Reading KeY file file:/home/runner/work/key/key/key.core/build/resources/main/de/uka/ilkd/key/proof/rules/adtProgramDecompositionRules.key 
3167       DEBUG main            d.u.i.k.p.i.KeYFile       Read specifications obtained when parsing the Java files (usually JML and Strings.key) from file:/home/runner/work/key/key/key.core/build/resources/main/de/uka/ilkd/key/proof/rules/adtProgramDecompositionRules.key 
3179       DEBUG main            d.u.i.k.p.i.KeYFile       Reading KeY file file:/home/runner/work/key/key/key.core/build/resources/main/de/uka/ilkd/key/proof/rules/precRules.key 
3179       DEBUG main            d.u.i.k.p.i.KeYFile       Read specifications obtained when parsing the Java files (usually JML and Strings.key) from file:/home/runner/work/key/key/key.core/build/resources/main/de/uka/ilkd/key/proof/rules/precRules.key 
3187       DEBUG main            d.u.i.k.p.i.KeYFile       Reading KeY file file:/home/runner/work/key/key/key.core/build/resources/main/de/uka/ilkd/key/proof/rules/charListRules.key 
3187       DEBUG main            d.u.i.k.p.i.KeYFile       Read specifications obtained when parsing the Java files (usually JML and Strings.key) from file:/home/runner/work/key/key/key.core/build/resources/main/de/uka/ilkd/key/proof/rules/charListRules.key 
3195       DEBUG main            d.u.i.k.p.i.KeYFile       Reading KeY file file:/home/runner/work/key/key/key.core/build/resources/main/de/uka/ilkd/key/proof/rules/regExHeader.key 
3195       DEBUG main            d.u.i.k.p.i.KeYFile       Read specifications obtained when parsing the Java files (usually JML and Strings.key) from file:/home/runner/work/key/key/key.core/build/resources/main/de/uka/ilkd/key/proof/rules/regExHeader.key 
3197       DEBUG main            d.u.i.k.p.i.KeYFile       Reading KeY file file:/home/runner/work/key/key/key.core/build/resources/main/de/uka/ilkd/key/proof/rules/regExAxioms.key 
3197       DEBUG main            d.u.i.k.p.i.KeYFile       Read specifications obtained when parsing the Java files (usually JML and Strings.key) from file:/home/runner/work/key/key/key.core/build/resources/main/de/uka/ilkd/key/proof/rules/regExAxioms.key 
3201       DEBUG main            d.u.i.k.p.i.KeYFile       Reading KeY file file:/home/runner/work/key/key/key.core/build/resources/main/de/uka/ilkd/key/proof/rules/regExLemmaProven.key 
3201       DEBUG main            d.u.i.k.p.i.KeYFile       Read specifications obtained when parsing the Java files (usually JML and Strings.key) from file:/home/runner/work/key/key/key.core/build/resources/main/de/uka/ilkd/key/proof/rules/regExLemmaProven.key 
3204       DEBUG main            d.u.i.k.p.i.KeYFile       Reading KeY file file:/home/runner/work/key/key/key.core/build/resources/main/de/uka/ilkd/key/proof/rules/regExTheory.key 
3204       DEBUG main            d.u.i.k.p.i.KeYFile       Read specifications obtained when parsing the Java files (usually JML and Strings.key) from file:/home/runner/work/key/key/key.core/build/resources/main/de/uka/ilkd/key/proof/rules/regExTheory.key 
3207       DEBUG main            d.u.i.k.p.i.KeYFile       Reading KeY file file:/home/runner/work/key/key/key.core/build/resources/main/de/uka/ilkd/key/proof/rules/seqEq.key 
3207       DEBUG main            d.u.i.k.p.i.KeYFile       Read specifications obtained when parsing the Java files (usually JML and Strings.key) from file:/home/runner/work/key/key/key.core/build/resources/main/de/uka/ilkd/key/proof/rules/seqEq.key 
3213       DEBUG main            d.u.i.k.p.i.KeYFile       Reading KeY file file:/home/runner/work/key/key/key.core/build/resources/main/de/uka/ilkd/key/proof/rules/infFlow.key 
3213       DEBUG main            d.u.i.k.p.i.KeYFile       Read specifications obtained when parsing the Java files (usually JML and Strings.key) from file:/home/runner/work/key/key/key.core/build/resources/main/de/uka/ilkd/key/proof/rules/infFlow.key 
3217       DEBUG main            d.u.i.k.p.i.KeYFile       Reading KeY file file:/home/runner/work/key/key/key.core/build/resources/main/de/uka/ilkd/key/proof/rules/mapSize.key 
3217       DEBUG main            d.u.i.k.p.i.KeYFile       Read specifications obtained when parsing the Java files (usually JML and Strings.key) from file:/home/runner/work/key/key/key.core/build/resources/main/de/uka/ilkd/key/proof/rules/mapSize.key 
3220       DEBUG main            d.u.i.k.p.i.KeYFile       Reading KeY file file:/home/runner/work/key/key/key.core/build/resources/main/de/uka/ilkd/key/proof/rules/wdHeader.key 
3220       DEBUG main            d.u.i.k.p.i.KeYFile       Read specifications obtained when parsing the Java files (usually JML and Strings.key) from file:/home/runner/work/key/key/key.core/build/resources/main/de/uka/ilkd/key/proof/rules/wdHeader.key 
3222       DEBUG main            d.u.i.k.p.i.KeYFile       Reading KeY file file:/home/runner/work/key/key/key.core/build/resources/main/de/uka/ilkd/key/proof/rules/wdGeneralRules.key 
3222       DEBUG main            d.u.i.k.p.i.KeYFile       Read specifications obtained when parsing the Java files (usually JML and Strings.key) from file:/home/runner/work/key/key/key.core/build/resources/main/de/uka/ilkd/key/proof/rules/wdGeneralRules.key 
3232       DEBUG main            d.u.i.k.p.i.KeYFile       Reading KeY file file:/home/runner/work/key/key/key.core/build/resources/main/de/uka/ilkd/key/proof/rules/wdNumericalRules.key 
3232       DEBUG main            d.u.i.k.p.i.KeYFile       Read specifications obtained when parsing the Java files (usually JML and Strings.key) from file:/home/runner/work/key/key/key.core/build/resources/main/de/uka/ilkd/key/proof/rules/wdNumericalRules.key 
3245       DEBUG main            d.u.i.k.p.i.KeYFile       Reading KeY file file:/home/runner/work/key/key/key.core/build/resources/main/de/uka/ilkd/key/proof/rules/wdLocSetRules.key 
3245       DEBUG main            d.u.i.k.p.i.KeYFile       Read specifications obtained when parsing the Java files (usually JML and Strings.key) from file:/home/runner/work/key/key/key.core/build/resources/main/de/uka/ilkd/key/proof/rules/wdLocSetRules.key 
3250       DEBUG main            d.u.i.k.p.i.KeYFile       Reading KeY file file:/home/runner/work/key/key/key.core/build/resources/main/de/uka/ilkd/key/proof/rules/wdHeapRules.key 
3250       DEBUG main            d.u.i.k.p.i.KeYFile       Read specifications obtained when parsing the Java files (usually JML and Strings.key) from file:/home/runner/work/key/key/key.core/build/resources/main/de/uka/ilkd/key/proof/rules/wdHeapRules.key 
3252       DEBUG main            d.u.i.k.p.i.KeYFile       Reading KeY file file:/home/runner/work/key/key/key.core/build/resources/main/de/uka/ilkd/key/proof/rules/wdReachRules.key 
3252       DEBUG main            d.u.i.k.p.i.KeYFile       Read specifications obtained when parsing the Java files (usually JML and Strings.key) from file:/home/runner/work/key/key/key.core/build/resources/main/de/uka/ilkd/key/proof/rules/wdReachRules.key 
3254       DEBUG main            d.u.i.k.p.i.KeYFile       Reading KeY file file:/home/runner/work/key/key/key.core/build/resources/main/de/uka/ilkd/key/proof/rules/wdSeqRules.key 
3254       DEBUG main            d.u.i.k.p.i.KeYFile       Read specifications obtained when parsing the Java files (usually JML and Strings.key) from file:/home/runner/work/key/key/key.core/build/resources/main/de/uka/ilkd/key/proof/rules/wdSeqRules.key 
3257       DEBUG main            d.u.i.k.p.i.KeYFile       Reading KeY file file:/home/runner/work/key/key/key.core/build/resources/main/de/uka/ilkd/key/proof/rules/wdStringRules.key 
3257       DEBUG main            d.u.i.k.p.i.KeYFile       Read specifications obtained when parsing the Java files (usually JML and Strings.key) from file:/home/runner/work/key/key/key.core/build/resources/main/de/uka/ilkd/key/proof/rules/wdStringRules.key 
3259       DEBUG main            d.u.i.k.p.i.KeYFile       Reading KeY file file:/home/runner/work/key/key/key.core/build/resources/main/de/uka/ilkd/key/proof/rules/wdRegExRules.key 
3259       DEBUG main            d.u.i.k.p.i.KeYFile       Read specifications obtained when parsing the Java files (usually JML and Strings.key) from file:/home/runner/work/key/key/key.core/build/resources/main/de/uka/ilkd/key/proof/rules/wdRegExRules.key 
3265       DEBUG main            d.u.i.k.p.i.KeYFile       Reading KeY file file:/home/runner/work/key/key/key.core/build/resources/main/de/uka/ilkd/key/proof/rules/wdFormulaRules.key 
3265       DEBUG main            d.u.i.k.p.i.KeYFile       Read specifications obtained when parsing the Java files (usually JML and Strings.key) from file:/home/runner/work/key/key/key.core/build/resources/main/de/uka/ilkd/key/proof/rules/wdFormulaRules.key 
3272       DEBUG main            d.u.i.k.p.i.KeYFile       Reading KeY file file:/home/runner/work/key/key/key.core/build/resources/main/de/uka/ilkd/key/proof/rules/wd.key 
3272       DEBUG main            d.u.i.k.p.i.KeYFile       Read specifications obtained when parsing the Java files (usually JML and Strings.key) from file:/home/runner/work/key/key/key.core/build/resources/main/de/uka/ilkd/key/proof/rules/wd.key 
3273       DEBUG main            d.u.i.k.p.i.KeYFile       Reading KeY file file:/home/runner/work/key/key/key.core/build/resources/main/de/uka/ilkd/key/proof/rules/loopInvariantRules.key 
3273       DEBUG main            d.u.i.k.p.i.KeYFile       Read specifications obtained when parsing the Java files (usually JML and Strings.key) from file:/home/runner/work/key/key/key.core/build/resources/main/de/uka/ilkd/key/proof/rules/loopInvariantRules.key 
3274       DEBUG main            d.u.i.k.p.i.KeYFile       Reading KeY file file:/home/runner/work/key/key/key.core/build/resources/main/de/uka/ilkd/key/proof/rules/forLoopRules.key 
3274       DEBUG main            d.u.i.k.p.i.KeYFile       Read specifications obtained when parsing the Java files (usually JML and Strings.key) from file:/home/runner/work/key/key/key.core/build/resources/main/de/uka/ilkd/key/proof/rules/forLoopRules.key 
3278       DEBUG main            d.u.i.k.p.i.KeYFile       Reading KeY file file:/home/runner/work/key/key/key.core/build/resources/main/de/uka/ilkd/key/proof/rules/execRules.key 
3278       DEBUG main            d.u.i.k.p.i.KeYFile       Read specifications obtained when parsing the Java files (usually JML and Strings.key) from file:/home/runner/work/key/key/key.core/build/resources/main/de/uka/ilkd/key/proof/rules/execRules.key 
3355       DEBUG main            d.u.i.k.p.i.KeYFile       Reading KeY file file:/home/runner/work/key/key/key.core/build/resources/main/de/uka/ilkd/key/proof/rules/loopScopeRules.key 
3355       DEBUG main            d.u.i.k.p.i.KeYFile       Read specifications obtained when parsing the Java files (usually JML and Strings.key) from file:/home/runner/work/key/key/key.core/build/resources/main/de/uka/ilkd/key/proof/rules/loopScopeRules.key 
3371       DEBUG main            d.u.i.k.p.i.KeYFile       Reading KeY file file:/home/runner/work/key/key/key.core/build/resources/main/de/uka/ilkd/key/proof/rules/standardRules.key 
3372       DEBUG main            d.u.i.k.p.i.KeYFile       Read specifications obtained when parsing the Java files (usually JML and Strings.key) from file:/home/runner/work/key/key/key.core/build/resources/main/de/uka/ilkd/key/proof/rules/standardRules.key 
5610       DEBUG main            d.u.i.k.j.r.ClassPreparationMethodBuilder clPrepBuilder: Inner Class detected. Reject building class initialisation methods. 
5705       DEBUG main            d.u.i.k.j.Recoder2KeY     converting now /home/runner/work/key/key/key.core/../key.ui/examples/InformationFlow/NewObjects/src/object/Naumann.java 
5717       DEBUG main            d.u.i.k.j.Recoder2KeY     converting now /home/runner/work/key/key/key.core/../key.ui/examples/InformationFlow/NewObjects/src/object/AmtoftBanerjee.java 
5724       DEBUG main            d.u.i.k.j.Recoder2KeY     converting now /home/runner/work/key/key/key.core/../key.ui/examples/InformationFlow/NewObjects/src/object/AmtoftBanerjee2.java 
5727       DEBUG main            d.u.i.k.j.Recoder2KeY     converting now /home/runner/work/key/key/key.core/../key.ui/examples/InformationFlow/NewObjects/src/object/ObjectOrientation.java 
5732       DEBUG main            d.u.i.k.j.Recoder2KeY     converting now /home/runner/work/key/key/key.core/../key.ui/examples/InformationFlow/NewObjects/src/object/AmtoftBanerjee3.java 
5813       DEBUG main            d.u.i.k.s.TermLabelSettings TermLabelSettings: Failure while reading the setting "UseOriginLabels".Using the default value: true.The string read was: null 
5814       DEBUG main            d.u.i.k.p.i.KeYFile       Reading KeY file /home/runner/work/key/key/key.core/../key.ui/examples/InformationFlow/NewObjects/object.AmtoftBanerjee3(object.AmtoftBanerjee3__m()).JML operation contract.0.key 
5823       DEBUG main            d.u.i.k.p.i.KeYFile       Reading KeY file file:/home/runner/work/key/key/key.core/build/resources/main/de/uka/ilkd/key/java/JavaRedux/java/lang/String.key 
5828       DEBUG main            d.u.i.k.p.i.KeYFile       Read specifications obtained when parsing the Java files (usually JML and Strings.key) from file:/home/runner/work/key/key/key.core/build/resources/main/de/uka/ilkd/key/java/JavaRedux/java/lang/String.key 
8074       DEBUG main            d.u.i.k.p.i.KeYFile       Read specifications obtained when parsing the Java files (usually JML and Strings.key) from /home/runner/work/key/key/key.core/../key.ui/examples/InformationFlow/NewObjects/object.AmtoftBanerjee3(object.AmtoftBanerjee3__m()).JML operation contract.0.key 
8599       DEBUG Thread-1        d.u.i.k.j.TypeConverter   typeconverter: (prefix this;, class class de.uka.ilkd.key.java.reference.ThisReference) 
8654       DEBUG Thread-1        d.u.i.k.j.TypeConverter   typeconverter: (prefix this;, class class de.uka.ilkd.key.java.reference.ThisReference) 
8742       DEBUG Thread-1        d.u.i.k.j.TypeConverter   typeconverter: (prefix this;, class class de.uka.ilkd.key.java.reference.ThisReference) 
8854       INFO  main            d.u.i.k.p.r.p.TestFile    ... finished proof: closed. 
8963       DEBUG main            d.u.i.k.s.TermLabelSettings TermLabelSettings: Failure while reading the setting "UseOriginLabels".Using the default value: true.The string read was: null 
8963       INFO  main            d.u.i.k.p.r.p.TestFile    Now processing file /home/runner/work/key/key/key.core/../key.ui/examples/InformationFlow/NewObjects/object.AmtoftBanerjee(object.AmtoftBanerjee__m_2()).JML normal_behavior operation contract.0.key 
9943       DEBUG main            d.u.i.k.j.r.ClassPreparationMethodBuilder clPrepBuilder: Inner Class detected. Reject building class initialisation methods. 
10004      DEBUG main            d.u.i.k.j.Recoder2KeY     converting now /home/runner/work/key/key/key.core/../key.ui/examples/InformationFlow/NewObjects/src/object/Naumann.java 
10007      DEBUG main            d.u.i.k.j.Recoder2KeY     converting now /home/runner/work/key/key/key.core/../key.ui/examples/InformationFlow/NewObjects/src/object/AmtoftBanerjee.java 
10008      DEBUG main            d.u.i.k.j.Recoder2KeY     converting now /home/runner/work/key/key/key.core/../key.ui/examples/InformationFlow/NewObjects/src/object/AmtoftBanerjee2.java 
10009      DEBUG main            d.u.i.k.j.Recoder2KeY     converting now /home/runner/work/key/key/key.core/../key.ui/examples/InformationFlow/NewObjects/src/object/ObjectOrientation.java 
10011      DEBUG main            d.u.i.k.j.Recoder2KeY     converting now /home/runner/work/key/key/key.core/../key.ui/examples/InformationFlow/NewObjects/src/object/AmtoftBanerjee3.java 
10018      DEBUG main            d.u.i.k.s.TermLabelSettings TermLabelSettings: Failure while reading the setting "UseOriginLabels".Using the default value: true.The string read was: null 
10018      DEBUG main            d.u.i.k.p.i.KeYFile       Reading KeY file /home/runner/work/key/key/key.core/../key.ui/examples/InformationFlow/NewObjects/object.AmtoftBanerjee(object.AmtoftBanerjee__m_2()).JML normal_behavior operation contract.0.key 
10019      DEBUG main            d.u.i.k.p.i.KeYFile       Reading KeY file file:/home/runner/work/key/key/key.core/build/resources/main/de/uka/ilkd/key/java/JavaRedux/java/lang/String.key 
10022      DEBUG main            d.u.i.k.p.i.KeYFile       Read specifications obtained when parsing the Java files (usually JML and Strings.key) from file:/home/runner/work/key/key/key.core/build/resources/main/de/uka/ilkd/key/java/JavaRedux/java/lang/String.key 
11903      DEBUG main            d.u.i.k.p.i.KeYFile       Read specifications obtained when parsing the Java files (usually JML and Strings.key) from /home/runner/work/key/key/key.core/../key.ui/examples/InformationFlow/NewObjects/object.AmtoftBanerjee(object.AmtoftBanerjee__m_2()).JML normal_behavior operation contract.0.key 
12004      DEBUG Thread-3        d.u.i.k.r.m.MethodCall    method-call: called for AmtoftBanerjee.<createObject>(); 
12004      DEBUG Thread-3        d.u.i.k.r.m.MethodCall    method-call: invocation of static method detected 
12011      DEBUG Thread-3        d.u.i.k.r.m.MethodCall    method-call: called for AmtoftBanerjee.<allocate>(); 
12011      DEBUG Thread-3        d.u.i.k.r.m.MethodCall    method-call: invocation of static method detected 
12031      DEBUG Thread-3        d.u.i.k.j.TypeConverter   typeconverter: (prefix this;, class class de.uka.ilkd.key.java.reference.ThisReference) 
12037      DEBUG Thread-3        d.u.i.k.r.m.MethodCall    method-call: called for <prepareEnter>(); 
12037      DEBUG Thread-3        d.u.i.k.r.m.MethodCall    method-call: invocation of private method detected.Requires static resolving. 
12042      DEBUG Thread-3        d.u.i.k.r.m.MethodCall    method-call: called for super.<prepare>(); 
12043      DEBUG Thread-3        d.u.i.k.r.m.MethodCall    method-call: super invocation of method detected.Requires static resolving. 
12050      DEBUG Thread-3        d.u.i.k.j.TypeConverter   typeconverter: (prefix this;, class class de.uka.ilkd.key.java.reference.ThisReference) 
12073      DEBUG Thread-3        d.u.i.k.r.m.MethodCall    method-call: called for super.<init>(); 
12074      DEBUG Thread-3        d.u.i.k.r.m.MethodCall    method-call: super invocation of method detected.Requires static resolving. 
12101      DEBUG Thread-3        d.u.i.k.r.m.MethodCall    method-call: called for AmtoftBanerjee.<createObject>(); 
12102      DEBUG Thread-3        d.u.i.k.r.m.MethodCall    method-call: invocation of static method detected 
12109      DEBUG Thread-3        d.u.i.k.r.m.MethodCall    method-call: called for AmtoftBanerjee.<allocate>(); 
12110      DEBUG Thread-3        d.u.i.k.r.m.MethodCall    method-call: invocation of static method detected 
12155      DEBUG Thread-3        d.u.i.k.j.TypeConverter   typeconverter: (prefix this;, class class de.uka.ilkd.key.java.reference.ThisReference) 
12162      DEBUG Thread-3        d.u.i.k.r.m.MethodCall    method-call: called for <prepareEnter>(); 
12162      DEBUG Thread-3        d.u.i.k.r.m.MethodCall    method-call: invocation of private method detected.Requires static resolving. 
12167      DEBUG Thread-3        d.u.i.k.r.m.MethodCall    method-call: called for super.<prepare>(); 
12168      DEBUG Thread-3        d.u.i.k.r.m.MethodCall    method-call: super invocation of method detected.Requires static resolving. 
12175      DEBUG Thread-3        d.u.i.k.j.TypeConverter   typeconverter: (prefix this;, class class de.uka.ilkd.key.java.reference.ThisReference) 
12200      DEBUG Thread-3        d.u.i.k.r.m.MethodCall    method-call: called for super.<init>(); 
12200      DEBUG Thread-3        d.u.i.k.r.m.MethodCall    method-call: super invocation of method detected.Requires static resolving. 
12219      DEBUG Thread-3        d.u.i.k.l.o.ProgramSV     taclet: Stopped list matching because of incompatible elements #selist (program SimpleExpression) secret; 
12234      DEBUG Thread-3        d.u.i.k.j.TypeConverter   TypeConverter: FieldReference: secret; 
12268      DEBUG Thread-3        d.u.i.k.r.m.MethodCall    method-call: called for var.setQ(var_1); 
12269      DEBUG Thread-3        d.u.i.k.r.m.MethodCall    method-call: invocation of non-private instance method detected.Requires dynamic resolving. 
12284      DEBUG Thread-3        d.u.i.k.j.TypeConverter   typeconverter: (prefix this;, class class de.uka.ilkd.key.java.reference.ThisReference) 
12358      DEBUG Thread-3        d.u.i.k.j.TypeConverter   TypeConverter: FieldReference: z; 
12386      INFO  main            d.u.i.k.p.r.p.TestFile    ... finished proof: closed. 
12511      DEBUG main            d.u.i.k.s.TermLabelSettings TermLabelSettings: Failure while reading the setting "UseOriginLabels".Using the default value: true.The string read was: null 
12511      INFO  main            d.u.i.k.p.r.p.TestFile    Now processing file /home/runner/work/key/key/key.core/../key.ui/examples/InformationFlow/NewObjects/object.AmtoftBanerjee(object.AmtoftBanerjee__m_1()).JML normal_behavior operation contract.1.key 
13384      DEBUG main            d.u.i.k.j.r.ClassPreparationMethodBuilder clPrepBuilder: Inner Class detected. Reject building class initialisation methods. 
13435      DEBUG main            d.u.i.k.j.Recoder2KeY     converting now /home/runner/work/key/key/key.core/../key.ui/examples/InformationFlow/NewObjects/src/object/Naumann.java 
13437      DEBUG main            d.u.i.k.j.Recoder2KeY     converting now /home/runner/work/key/key/key.core/../key.ui/examples/InformationFlow/NewObjects/src/object/AmtoftBanerjee.java 
13438      DEBUG main            d.u.i.k.j.Recoder2KeY     converting now /home/runner/work/key/key/key.core/../key.ui/examples/InformationFlow/NewObjects/src/object/AmtoftBanerjee2.java 
13440      DEBUG main            d.u.i.k.j.Recoder2KeY     converting now /home/runner/work/key/key/key.core/../key.ui/examples/InformationFlow/NewObjects/src/object/ObjectOrientation.java 
13441      DEBUG main            d.u.i.k.j.Recoder2KeY     converting now /home/runner/work/key/key/key.core/../key.ui/examples/InformationFlow/NewObjects/src/object/AmtoftBanerjee3.java 
13447      DEBUG main            d.u.i.k.s.TermLabelSettings TermLabelSettings: Failure while reading the setting "UseOriginLabels".Using the default value: true.The string read was: null 
13447      DEBUG main            d.u.i.k.p.i.KeYFile       Reading KeY file /home/runner/work/key/key/key.core/../key.ui/examples/InformationFlow/NewObjects/object.AmtoftBanerjee(object.AmtoftBanerjee__m_1()).JML normal_behavior operation contract.1.key 
13449      DEBUG main            d.u.i.k.p.i.KeYFile       Reading KeY file file:/home/runner/work/key/key/key.core/build/resources/main/de/uka/ilkd/key/java/JavaRedux/java/lang/String.key 
13451      DEBUG main            d.u.i.k.p.i.KeYFile       Read specifications obtained when parsing the Java files (usually JML and Strings.key) from file:/home/runner/work/key/key/key.core/build/resources/main/de/uka/ilkd/key/java/JavaRedux/java/lang/String.key 
15268      DEBUG main            d.u.i.k.p.i.KeYFile       Read specifications obtained when parsing the Java files (usually JML and Strings.key) from /home/runner/work/key/key/key.core/../key.ui/examples/InformationFlow/NewObjects/object.AmtoftBanerjee(object.AmtoftBanerjee__m_1()).JML normal_behavior operation contract.1.key 
15363      DEBUG Thread-5        d.u.i.k.r.m.MethodCall    method-call: called for AmtoftBanerjee.<createObject>(); 
15364      DEBUG Thread-5        d.u.i.k.r.m.MethodCall    method-call: invocation of static method detected 
15371      DEBUG Thread-5        d.u.i.k.r.m.MethodCall    method-call: called for AmtoftBanerjee.<allocate>(); 
15372      DEBUG Thread-5        d.u.i.k.r.m.MethodCall    method-call: invocation of static method detected 
15385      DEBUG Thread-5        d.u.i.k.j.TypeConverter   typeconverter: (prefix this;, class class de.uka.ilkd.key.java.reference.ThisReference) 
15389      DEBUG Thread-5        d.u.i.k.r.m.MethodCall    method-call: called for <prepareEnter>(); 
15389      DEBUG Thread-5        d.u.i.k.r.m.MethodCall    method-call: invocation of private method detected.Requires static resolving. 
15392      DEBUG Thread-5        d.u.i.k.r.m.MethodCall    method-call: called for super.<prepare>(); 
15392      DEBUG Thread-5        d.u.i.k.r.m.MethodCall    method-call: super invocation of method detected.Requires static resolving. 
15398      DEBUG Thread-5        d.u.i.k.j.TypeConverter   typeconverter: (prefix this;, class class de.uka.ilkd.key.java.reference.ThisReference) 
15414      DEBUG Thread-5        d.u.i.k.r.m.MethodCall    method-call: called for super.<init>(); 
15415      DEBUG Thread-5        d.u.i.k.r.m.MethodCall    method-call: super invocation of method detected.Requires static resolving. 
15430      DEBUG Thread-5        d.u.i.k.l.o.ProgramSV     taclet: Stopped list matching because of incompatible elements #selist (program SimpleExpression) secret; 
15440      DEBUG Thread-5        d.u.i.k.j.TypeConverter   TypeConverter: FieldReference: secret; 
15455      DEBUG Thread-5        d.u.i.k.r.m.MethodCall    method-call: called for var.setQ(var_1); 
15455      DEBUG Thread-5        d.u.i.k.r.m.MethodCall    method-call: invocation of non-private instance method detected.Requires dynamic resolving. 
15465      DEBUG Thread-5        d.u.i.k.j.TypeConverter   typeconverter: (prefix this;, class class de.uka.ilkd.key.java.reference.ThisReference) 
15513      DEBUG Thread-5        d.u.i.k.j.TypeConverter   TypeConverter: FieldReference: z; 
15549      INFO  main            d.u.i.k.p.r.p.TestFile    ... finished proof: closed. 
15669      DEBUG main            d.u.i.k.s.TermLabelSettings TermLabelSettings: Failure while reading the setting "UseOriginLabels".Using the default value: true.The string read was: null 
15669      INFO  main            d.u.i.k.p.r.p.TestFile    Now processing file /home/runner/work/key/key/key.core/../key.ui/examples/InformationFlow/NewObjects/object.AmtoftBanerjee(object.AmtoftBanerjee__m_1()).JML normal_behavior operation contract.0.key 
16545      DEBUG main            d.u.i.k.j.r.ClassPreparationMethodBuilder clPrepBuilder: Inner Class detected. Reject building class initialisation methods. 
16604      DEBUG main            d.u.i.k.j.Recoder2KeY     converting now /home/runner/work/key/key/key.core/../key.ui/examples/InformationFlow/NewObjects/src/object/Naumann.java 
16608      DEBUG main            d.u.i.k.j.Recoder2KeY     converting now /home/runner/work/key/key/key.core/../key.ui/examples/InformationFlow/NewObjects/src/object/AmtoftBanerjee.java 
16610      DEBUG main            d.u.i.k.j.Recoder2KeY     converting now /home/runner/work/key/key/key.core/../key.ui/examples/InformationFlow/NewObjects/src/object/AmtoftBanerjee2.java 
16611      DEBUG main            d.u.i.k.j.Recoder2KeY     converting now /home/runner/work/key/key/key.core/../key.ui/examples/InformationFlow/NewObjects/src/object/ObjectOrientation.java 
16615      DEBUG main            d.u.i.k.j.Recoder2KeY     converting now /home/runner/work/key/key/key.core/../key.ui/examples/InformationFlow/NewObjects/src/object/AmtoftBanerjee3.java 
16621      DEBUG main            d.u.i.k.s.TermLabelSettings TermLabelSettings: Failure while reading the setting "UseOriginLabels".Using the default value: true.The string read was: null 
16621      DEBUG main            d.u.i.k.p.i.KeYFile       Reading KeY file /home/runner/work/key/key/key.core/../key.ui/examples/InformationFlow/NewObjects/object.AmtoftBanerjee(object.AmtoftBanerjee__m_1()).JML normal_behavior operation contract.0.key 
16622      DEBUG main            d.u.i.k.p.i.KeYFile       Reading KeY file file:/home/runner/work/key/key/key.core/build/resources/main/de/uka/ilkd/key/java/JavaRedux/java/lang/String.key 
16625      DEBUG main            d.u.i.k.p.i.KeYFile       Read specifications obtained when parsing the Java files (usually JML and Strings.key) from file:/home/runner/work/key/key/key.core/build/resources/main/de/uka/ilkd/key/java/JavaRedux/java/lang/String.key 
18441      DEBUG main            d.u.i.k.p.i.KeYFile       Read specifications obtained when parsing the Java files (usually JML and Strings.key) from /home/runner/work/key/key/key.core/../key.ui/examples/InformationFlow/NewObjects/object.AmtoftBanerjee(object.AmtoftBanerjee__m_1()).JML normal_behavior operation contract.0.key 
18509      DEBUG Thread-7        d.u.i.k.r.m.MethodCall    method-call: called for AmtoftBanerjee.<createObject>(); 
18509      DEBUG Thread-7        d.u.i.k.r.m.MethodCall    method-call: invocation of static method detected 
18514      DEBUG Thread-7        d.u.i.k.r.m.MethodCall    method-call: called for AmtoftBanerjee.<allocate>(); 
18514      DEBUG Thread-7        d.u.i.k.r.m.MethodCall    method-call: invocation of static method detected 
18527      DEBUG Thread-7        d.u.i.k.j.TypeConverter   typeconverter: (prefix this;, class class de.uka.ilkd.key.java.reference.ThisReference) 
18531      DEBUG Thread-7        d.u.i.k.r.m.MethodCall    method-call: called for <prepareEnter>(); 
18532      DEBUG Thread-7        d.u.i.k.r.m.MethodCall    method-call: invocation of private method detected.Requires static resolving. 
18535      DEBUG Thread-7        d.u.i.k.r.m.MethodCall    method-call: called for super.<prepare>(); 
18535      DEBUG Thread-7        d.u.i.k.r.m.MethodCall    method-call: super invocation of method detected.Requires static resolving. 
18541      DEBUG Thread-7        d.u.i.k.j.TypeConverter   typeconverter: (prefix this;, class class de.uka.ilkd.key.java.reference.ThisReference) 
18556      DEBUG Thread-7        d.u.i.k.r.m.MethodCall    method-call: called for super.<init>(); 
18557      DEBUG Thread-7        d.u.i.k.r.m.MethodCall    method-call: super invocation of method detected.Requires static resolving. 
18572      DEBUG Thread-7        d.u.i.k.l.o.ProgramSV     taclet: Stopped list matching because of incompatible elements #selist (program SimpleExpression) secret; 
18581      DEBUG Thread-7        d.u.i.k.j.TypeConverter   TypeConverter: FieldReference: secret; 
18593      DEBUG Thread-7        d.u.i.k.r.m.MethodCall    method-call: called for var.setQ(var_1); 
18594      DEBUG Thread-7        d.u.i.k.r.m.MethodCall    method-call: invocation of non-private instance method detected.Requires dynamic resolving. 
18602      DEBUG Thread-7        d.u.i.k.j.TypeConverter   typeconverter: (prefix this;, class class de.uka.ilkd.key.java.reference.ThisReference) 
18640      DEBUG Thread-7        d.u.i.k.j.TypeConverter   TypeConverter: FieldReference: z; 
18697      INFO  main            d.u.i.k.p.r.p.TestFile    ... finished proof: closed. 
18823      DEBUG main            d.u.i.k.s.TermLabelSettings TermLabelSettings: Failure while reading the setting "UseOriginLabels".Using the default value: true.The string read was: null 
18824      INFO  main            d.u.i.k.p.r.p.TestFile    Now processing file /home/runner/work/key/key/key.core/../key.ui/examples/InformationFlow/NewObjects/object.AmtoftBanerjee(object.AmtoftBanerjee__getQ()).JML normal_behavior operation contract.0.key 
19700      DEBUG main            d.u.i.k.j.r.ClassPreparationMethodBuilder clPrepBuilder: Inner Class detected. Reject building class initialisation methods. 
19751      DEBUG main            d.u.i.k.j.Recoder2KeY     converting now /home/runner/work/key/key/key.core/../key.ui/examples/InformationFlow/NewObjects/src/object/Naumann.java 
19753      DEBUG main            d.u.i.k.j.Recoder2KeY     converting now /home/runner/work/key/key/key.core/../key.ui/examples/InformationFlow/NewObjects/src/object/AmtoftBanerjee.java 
19755      DEBUG main            d.u.i.k.j.Recoder2KeY     converting now /home/runner/work/key/key/key.core/../key.ui/examples/InformationFlow/NewObjects/src/object/AmtoftBanerjee2.java 
19756      DEBUG main            d.u.i.k.j.Recoder2KeY     converting now /home/runner/work/key/key/key.core/../key.ui/examples/InformationFlow/NewObjects/src/object/ObjectOrientation.java 
19758      DEBUG main            d.u.i.k.j.Recoder2KeY     converting now /home/runner/work/key/key/key.core/../key.ui/examples/InformationFlow/NewObjects/src/object/AmtoftBanerjee3.java 
19763      DEBUG main            d.u.i.k.s.TermLabelSettings TermLabelSettings: Failure while reading the setting "UseOriginLabels".Using the default value: true.The string read was: null 
19763      DEBUG main            d.u.i.k.p.i.KeYFile       Reading KeY file /home/runner/work/key/key/key.core/../key.ui/examples/InformationFlow/NewObjects/object.AmtoftBanerjee(object.AmtoftBanerjee__getQ()).JML normal_behavior operation contract.0.key 
19764      DEBUG main            d.u.i.k.p.i.KeYFile       Reading KeY file file:/home/runner/work/key/key/key.core/build/resources/main/de/uka/ilkd/key/java/JavaRedux/java/lang/String.key 
19767      DEBUG main            d.u.i.k.p.i.KeYFile       Read specifications obtained when parsing the Java files (usually JML and Strings.key) from file:/home/runner/work/key/key/key.core/build/resources/main/de/uka/ilkd/key/java/JavaRedux/java/lang/String.key 
21532      DEBUG main            d.u.i.k.p.i.KeYFile       Read specifications obtained when parsing the Java files (usually JML and Strings.key) from /home/runner/work/key/key/key.core/../key.ui/examples/InformationFlow/NewObjects/object.AmtoftBanerjee(object.AmtoftBanerjee__getQ()).JML normal_behavior operation contract.0.key 
21597      DEBUG Thread-9        d.u.i.k.j.TypeConverter   typeconverter: (prefix this;, class class de.uka.ilkd.key.java.reference.ThisReference) 
21685      INFO  main            d.u.i.k.p.r.p.TestFile    ... finished proof: closed. 
21842      DEBUG main            d.u.i.k.s.TermLabelSettings TermLabelSettings: Failure while reading the setting "UseOriginLabels".Using the default value: true.The string read was: null 
21842      INFO  main            d.u.i.k.p.r.p.TestFile    Now processing file /home/runner/work/key/key/key.core/../key.ui/examples/InformationFlow/NewObjects/object.Naumann(object.Naumann__Pair_m(int,int)).JML operation contract.0.key 
22691      DEBUG main            d.u.i.k.j.r.ClassPreparationMethodBuilder clPrepBuilder: Inner Class detected. Reject building class initialisation methods. 
22743      DEBUG main            d.u.i.k.j.Recoder2KeY     converting now /home/runner/work/key/key/key.core/../key.ui/examples/InformationFlow/NewObjects/src/object/Naumann.java 
22759      DEBUG main            d.u.i.k.j.Recoder2KeY     converting now /home/runner/work/key/key/key.core/../key.ui/examples/InformationFlow/NewObjects/src/object/AmtoftBanerjee.java 
22759      DEBUG main            d.u.i.k.j.Recoder2KeY     converting now /home/runner/work/key/key/key.core/../key.ui/examples/InformationFlow/NewObjects/src/object/AmtoftBanerjee2.java 
22760      DEBUG main            d.u.i.k.j.Recoder2KeY     converting now /home/runner/work/key/key/key.core/../key.ui/examples/InformationFlow/NewObjects/src/object/ObjectOrientation.java 
22761      DEBUG main            d.u.i.k.j.Recoder2KeY     converting now /home/runner/work/key/key/key.core/../key.ui/examples/InformationFlow/NewObjects/src/object/AmtoftBanerjee3.java 
22766      DEBUG main            d.u.i.k.s.TermLabelSettings TermLabelSettings: Failure while reading the setting "UseOriginLabels".Using the default value: true.The string read was: null 
22766      DEBUG main            d.u.i.k.p.i.KeYFile       Reading KeY file /home/runner/work/key/key/key.core/../key.ui/examples/InformationFlow/NewObjects/object.Naumann(object.Naumann__Pair_m(int,int)).JML operation contract.0.key 
22767      DEBUG main            d.u.i.k.p.i.KeYFile       Reading KeY file file:/home/runner/work/key/key/key.core/build/resources/main/de/uka/ilkd/key/java/JavaRedux/java/lang/String.key 
22769      DEBUG main            d.u.i.k.p.i.KeYFile       Read specifications obtained when parsing the Java files (usually JML and Strings.key) from file:/home/runner/work/key/key/key.core/build/resources/main/de/uka/ilkd/key/java/JavaRedux/java/lang/String.key 
24566      DEBUG main            d.u.i.k.p.i.KeYFile       Read specifications obtained when parsing the Java files (usually JML and Strings.key) from /home/runner/work/key/key/key.core/../key.ui/examples/InformationFlow/NewObjects/object.Naumann(object.Naumann__Pair_m(int,int)).JML operation contract.0.key 
24741      DEBUG Thread-11       d.u.i.k.r.m.WhileLoopTransformation While-Loop-Tranform-Result: try {
  {
    if (i < 10) {
      this.m_result[i] = new Node();
      this.m_result[i].val = _x;
      i++;
    }
  }
} catch (java.lang.Throwable e#5) {
  exc#4 = true;
  thrownExc#6 = e#5;
} 
25041      DEBUG Thread-11       d.u.i.k.j.TypeConverter   typeconverter: (prefix this;, class class de.uka.ilkd.key.java.reference.ThisReference) 
25097      DEBUG Thread-11       d.u.i.k.r.m.MethodCall    method-call: called for Node.<createObject>(); 
25097      DEBUG Thread-11       d.u.i.k.r.m.MethodCall    method-call: invocation of static method detected 
25109      DEBUG Thread-11       d.u.i.k.r.m.MethodCall    method-call: called for Node.<allocate>(); 
25109      DEBUG Thread-11       d.u.i.k.r.m.MethodCall    method-call: invocation of static method detected 
25144      DEBUG Thread-11       d.u.i.k.j.TypeConverter   typeconverter: (prefix this;, class class de.uka.ilkd.key.java.reference.ThisReference) 
25153      DEBUG Thread-11       d.u.i.k.r.m.MethodCall    method-call: called for <prepareEnter>(); 
25154      DEBUG Thread-11       d.u.i.k.r.m.MethodCall    method-call: invocation of private method detected.Requires static resolving. 
25162      DEBUG Thread-11       d.u.i.k.r.m.MethodCall    method-call: called for super.<prepare>(); 
25162      DEBUG Thread-11       d.u.i.k.r.m.MethodCall    method-call: super invocation of method detected.Requires static resolving. 
25172      DEBUG Thread-11       d.u.i.k.j.TypeConverter   typeconverter: (prefix this;, class class de.uka.ilkd.key.java.reference.ThisReference) 
25216      DEBUG Thread-11       d.u.i.k.j.TypeConverter   typeconverter: (prefix this;, class class de.uka.ilkd.key.java.reference.ThisReference) 
25225      DEBUG Thread-11       d.u.i.k.r.m.MethodCall    method-call: called for super.<init>(); 
25225      DEBUG Thread-11       d.u.i.k.r.m.MethodCall    method-call: super invocation of method detected.Requires static resolving. 
25290      DEBUG Thread-11       d.u.i.k.j.TypeConverter   typeconverter: (prefix this;, class class de.uka.ilkd.key.java.reference.ThisReference) 
25881      DEBUG Thread-11       d.u.i.k.r.m.MethodCall    method-call: called for object.Naumann.Node[].<createArray>(dim0); 
25881      DEBUG Thread-11       d.u.i.k.r.m.MethodCall    method-call: invocation of static method detected 
25889      DEBUG Thread-11       d.u.i.k.r.m.MethodCall    method-call: called for object.Naumann.Node[].<allocate>(length_1); 
25889      DEBUG Thread-11       d.u.i.k.r.m.MethodCall    method-call: invocation of static method detected 
25908      DEBUG Thread-11       d.u.i.k.r.m.MethodCall    method-call: called for newObject.<createArrayHelper>(); 
25909      DEBUG Thread-11       d.u.i.k.r.m.MethodCall    method-call: invocation of private method detected.Requires static resolving. 
25914      DEBUG Thread-11       d.u.i.k.j.TypeConverter   typeconverter: (prefix this;, class class de.uka.ilkd.key.java.reference.ThisReference) 
25918      DEBUG Thread-11       d.u.i.k.r.m.MethodCall    method-call: called for <prepare>(); 
25918      DEBUG Thread-11       d.u.i.k.r.m.MethodCall    method-call: invocation of private method detected.Requires static resolving. 
25932      DEBUG Thread-11       d.u.i.k.j.TypeConverter   typeconverter: (prefix this;, class class de.uka.ilkd.key.java.reference.ThisReference) 
25950      DEBUG Thread-11       d.u.i.k.j.TypeConverter   typeconverter: (prefix this;, class class de.uka.ilkd.key.java.reference.ThisReference) 
26028      INFO  main            d.u.i.k.p.r.p.TestFile    ... finished proof: closed. 
26206      DEBUG main            d.u.i.k.s.TermLabelSettings TermLabelSettings: Failure while reading the setting "UseOriginLabels".Using the default value: true.The string read was: null 
26206      INFO  main            d.u.i.k.p.r.p.TestFile    Now processing file /home/runner/work/key/key/key.core/../key.ui/examples/InformationFlow/NewObjects/object.ObjectOrientation(object.ObjectOrientation__secure_while_i((Ljava.lang.Object)).JML operation contract.0.key 
27037      DEBUG main            d.u.i.k.j.r.ClassPreparationMethodBuilder clPrepBuilder: Inner Class detected. Reject building class initialisation methods. 
27087      DEBUG main            d.u.i.k.j.Recoder2KeY     converting now /home/runner/work/key/key/key.core/../key.ui/examples/InformationFlow/NewObjects/src/object/Naumann.java 
27089      DEBUG main            d.u.i.k.j.Recoder2KeY     converting now /home/runner/work/key/key/key.core/../key.ui/examples/InformationFlow/NewObjects/src/object/AmtoftBanerjee.java 
27089      DEBUG main            d.u.i.k.j.Recoder2KeY     converting now /home/runner/work/key/key/key.core/../key.ui/examples/InformationFlow/NewObjects/src/object/AmtoftBanerjee2.java 
27090      DEBUG main            d.u.i.k.j.Recoder2KeY     converting now /home/runner/work/key/key/key.core/../key.ui/examples/InformationFlow/NewObjects/src/object/ObjectOrientation.java 
27091      DEBUG main            d.u.i.k.j.Recoder2KeY     converting now /home/runner/work/key/key/key.core/../key.ui/examples/InformationFlow/NewObjects/src/object/AmtoftBanerjee3.java 
27096      DEBUG main            d.u.i.k.s.TermLabelSettings TermLabelSettings: Failure while reading the setting "UseOriginLabels".Using the default value: true.The string read was: null 
27096      DEBUG main            d.u.i.k.p.i.KeYFile       Reading KeY file /home/runner/work/key/key/key.core/../key.ui/examples/InformationFlow/NewObjects/object.ObjectOrientation(object.ObjectOrientation__secure_while_i((Ljava.lang.Object)).JML operation contract.0.key 
27097      DEBUG main            d.u.i.k.p.i.KeYFile       Reading KeY file file:/home/runner/work/key/key/key.core/build/resources/main/de/uka/ilkd/key/java/JavaRedux/java/lang/String.key 
27100      DEBUG main            d.u.i.k.p.i.KeYFile       Read specifications obtained when parsing the Java files (usually JML and Strings.key) from file:/home/runner/work/key/key/key.core/build/resources/main/de/uka/ilkd/key/java/JavaRedux/java/lang/String.key 
28851      DEBUG main            d.u.i.k.p.i.KeYFile       Read specifications obtained when parsing the Java files (usually JML and Strings.key) from /home/runner/work/key/key/key.core/../key.ui/examples/InformationFlow/NewObjects/object.ObjectOrientation(object.ObjectOrientation__secure_while_i((Ljava.lang.Object)).JML operation contract.0.key 
28963      DEBUG Thread-13       d.u.i.k.r.m.WhileLoopTransformation While-Loop-Tranform-Result: {
  int i = 0;
  while (i < _a.length) {
    {
      _a[i] = new Object();
    }
    i++;
  }
} 
28974      DEBUG Thread-13       d.u.i.k.r.m.WhileLoopTransformation While-Loop-Tranform-Result: try {
  {
    if (i < _a.length) {
      {
        _a[i] = new Object();
      }
      i++;
    }
  }
} catch (java.lang.Throwable e#4) {
  exc#3 = true;
  thrownExc#5 = e#4;
} 
29420      INFO  main            d.u.i.k.p.r.p.TestFile    ... finished proof: closed. 
29628      DEBUG main            d.u.i.k.s.TermLabelSettings TermLabelSettings: Failure while reading the setting "UseOriginLabels".Using the default value: true.The string read was: null 
29628      INFO  main            d.u.i.k.p.r.p.TestFile    Now processing file /home/runner/work/key/key/key.core/../key.ui/examples/InformationFlow/NewObjects/object.ObjectOrientation(object.ObjectOrientation__secure_method_call()).JML operation contract.0.key 
30464      DEBUG main            d.u.i.k.j.r.ClassPreparationMethodBuilder clPrepBuilder: Inner Class detected. Reject building class initialisation methods. 
30515      DEBUG main            d.u.i.k.j.Recoder2KeY     converting now /home/runner/work/key/key/key.core/../key.ui/examples/InformationFlow/NewObjects/src/object/Naumann.java 
30517      DEBUG main            d.u.i.k.j.Recoder2KeY     converting now /home/runner/work/key/key/key.core/../key.ui/examples/InformationFlow/NewObjects/src/object/AmtoftBanerjee.java 
30518      DEBUG main            d.u.i.k.j.Recoder2KeY     converting now /home/runner/work/key/key/key.core/../key.ui/examples/InformationFlow/NewObjects/src/object/AmtoftBanerjee2.java 
30518      DEBUG main            d.u.i.k.j.Recoder2KeY     converting now /home/runner/work/key/key/key.core/../key.ui/examples/InformationFlow/NewObjects/src/object/ObjectOrientation.java 
30520      DEBUG main            d.u.i.k.j.Recoder2KeY     converting now /home/runner/work/key/key/key.core/../key.ui/examples/InformationFlow/NewObjects/src/object/AmtoftBanerjee3.java 
30525      DEBUG main            d.u.i.k.s.TermLabelSettings TermLabelSettings: Failure while reading the setting "UseOriginLabels".Using the default value: true.The string read was: null 
30525      DEBUG main            d.u.i.k.p.i.KeYFile       Reading KeY file /home/runner/work/key/key/key.core/../key.ui/examples/InformationFlow/NewObjects/object.ObjectOrientation(object.ObjectOrientation__secure_method_call()).JML operation contract.0.key 
30526      DEBUG main            d.u.i.k.p.i.KeYFile       Reading KeY file file:/home/runner/work/key/key/key.core/build/resources/main/de/uka/ilkd/key/java/JavaRedux/java/lang/String.key 
30529      DEBUG main            d.u.i.k.p.i.KeYFile       Read specifications obtained when parsing the Java files (usually JML and Strings.key) from file:/home/runner/work/key/key/key.core/build/resources/main/de/uka/ilkd/key/java/JavaRedux/java/lang/String.key 
32293      DEBUG main            d.u.i.k.p.i.KeYFile       Read specifications obtained when parsing the Java files (usually JML and Strings.key) from /home/runner/work/key/key/key.core/../key.ui/examples/InformationFlow/NewObjects/object.ObjectOrientation(object.ObjectOrientation__secure_method_call()).JML operation contract.0.key 
32386      DEBUG Thread-15       d.u.i.k.j.TypeConverter   TypeConverter: FieldReference: o1; 
32393      DEBUG Thread-15       d.u.i.k.j.TypeConverter   TypeConverter: FieldReference: o2; 
32456      INFO  main            d.u.i.k.p.r.p.TestFile    ... finished proof: closed. 
32593      DEBUG main            d.u.i.k.s.TermLabelSettings TermLabelSettings: Failure while reading the setting "UseOriginLabels".Using the default value: true.The string read was: null 
32593      INFO  main            d.u.i.k.p.r.p.TestFile    Now processing file /home/runner/work/key/key/key.core/../key.ui/examples/InformationFlow/NewObjects/object.ObjectOrientation(object.ObjectOrientation__if_two_object_creation_next()).JML operation contract.1.key 
33404      DEBUG main            d.u.i.k.j.r.ClassPreparationMethodBuilder clPrepBuilder: Inner Class detected. Reject building class initialisation methods. 
33453      DEBUG main            d.u.i.k.j.Recoder2KeY     converting now /home/runner/work/key/key/key.core/../key.ui/examples/InformationFlow/NewObjects/src/object/Naumann.java 
33454      DEBUG main            d.u.i.k.j.Recoder2KeY     converting now /home/runner/work/key/key/key.core/../key.ui/examples/InformationFlow/NewObjects/src/object/AmtoftBanerjee.java 
33455      DEBUG main            d.u.i.k.j.Recoder2KeY     converting now /home/runner/work/key/key/key.core/../key.ui/examples/InformationFlow/NewObjects/src/object/AmtoftBanerjee2.java 
33456      DEBUG main            d.u.i.k.j.Recoder2KeY     converting now /home/runner/work/key/key/key.core/../key.ui/examples/InformationFlow/NewObjects/src/object/ObjectOrientation.java 
33457      DEBUG main            d.u.i.k.j.Recoder2KeY     converting now /home/runner/work/key/key/key.core/../key.ui/examples/InformationFlow/NewObjects/src/object/AmtoftBanerjee3.java 
33461      DEBUG main            d.u.i.k.s.TermLabelSettings TermLabelSettings: Failure while reading the setting "UseOriginLabels".Using the default value: true.The string read was: null 
33462      DEBUG main            d.u.i.k.p.i.KeYFile       Reading KeY file /home/runner/work/key/key/key.core/../key.ui/examples/InformationFlow/NewObjects/object.ObjectOrientation(object.ObjectOrientation__if_two_object_creation_next()).JML operation contract.1.key 
33463      DEBUG main            d.u.i.k.p.i.KeYFile       Reading KeY file file:/home/runner/work/key/key/key.core/build/resources/main/de/uka/ilkd/key/java/JavaRedux/java/lang/String.key 
33465      DEBUG main            d.u.i.k.p.i.KeYFile       Read specifications obtained when parsing the Java files (usually JML and Strings.key) from file:/home/runner/work/key/key/key.core/build/resources/main/de/uka/ilkd/key/java/JavaRedux/java/lang/String.key 
35238      DEBUG main            d.u.i.k.p.i.KeYFile       Read specifications obtained when parsing the Java files (usually JML and Strings.key) from /home/runner/work/key/key/key.core/../key.ui/examples/InformationFlow/NewObjects/object.ObjectOrientation(object.ObjectOrientation__if_two_object_creation_next()).JML operation contract.1.key 
35303      DEBUG Thread-17       d.u.i.k.j.TypeConverter   TypeConverter: FieldReference: high; 
35324      DEBUG Thread-17       d.u.i.k.r.m.MethodCall    method-call: called for ObjectOrientation.<createObject>(); 
35325      DEBUG Thread-17       d.u.i.k.r.m.MethodCall    method-call: invocation of static method detected 
35330      DEBUG Thread-17       d.u.i.k.r.m.MethodCall    method-call: called for ObjectOrientation.<allocate>(); 
35330      DEBUG Thread-17       d.u.i.k.r.m.MethodCall    method-call: invocation of static method detected 
35343      DEBUG Thread-17       d.u.i.k.j.TypeConverter   typeconverter: (prefix this;, class class de.uka.ilkd.key.java.reference.ThisReference) 
35347      DEBUG Thread-17       d.u.i.k.r.m.MethodCall    method-call: called for <prepareEnter>(); 
35348      DEBUG Thread-17       d.u.i.k.r.m.MethodCall    method-call: invocation of private method detected.Requires static resolving. 
35352      DEBUG Thread-17       d.u.i.k.r.m.MethodCall    method-call: called for super.<prepare>(); 
35352      DEBUG Thread-17       d.u.i.k.r.m.MethodCall    method-call: super invocation of method detected.Requires static resolving. 
35358      DEBUG Thread-17       d.u.i.k.j.TypeConverter   typeconverter: (prefix this;, class class de.uka.ilkd.key.java.reference.ThisReference) 
35362      DEBUG Thread-17       d.u.i.k.j.TypeConverter   typeconverter: (prefix this;, class class de.uka.ilkd.key.java.reference.ThisReference) 
35385      DEBUG Thread-17       d.u.i.k.r.m.MethodCall    method-call: called for super.<init>(); 
35385      DEBUG Thread-17       d.u.i.k.r.m.MethodCall    method-call: super invocation of method detected.Requires static resolving. 
35391      DEBUG Thread-17       d.u.i.k.j.TypeConverter   typeconverter: (prefix this;, class class de.uka.ilkd.key.java.reference.ThisReference) 
35404      DEBUG Thread-17       d.u.i.k.j.TypeConverter   TypeConverter: FieldReference: o1; 
35415      DEBUG Thread-17       d.u.i.k.r.m.MethodCall    method-call: called for ObjectOrientation.<createObject>(); 
35415      DEBUG Thread-17       d.u.i.k.r.m.MethodCall    method-call: invocation of static method detected 
35422      DEBUG Thread-17       d.u.i.k.r.m.MethodCall    method-call: called for ObjectOrientation.<allocate>(); 
35422      DEBUG Thread-17       d.u.i.k.r.m.MethodCall    method-call: invocation of static method detected 
35488      DEBUG Thread-17       d.u.i.k.j.TypeConverter   typeconverter: (prefix this;, class class de.uka.ilkd.key.java.reference.ThisReference) 
35494      DEBUG Thread-17       d.u.i.k.r.m.MethodCall    method-call: called for <prepareEnter>(); 
35494      DEBUG Thread-17       d.u.i.k.r.m.MethodCall    method-call: invocation of private method detected.Requires static resolving. 
35499      DEBUG Thread-17       d.u.i.k.r.m.MethodCall    method-call: called for super.<prepare>(); 
35499      DEBUG Thread-17       d.u.i.k.r.m.MethodCall    method-call: super invocation of method detected.Requires static resolving. 
35506      DEBUG Thread-17       d.u.i.k.j.TypeConverter   typeconverter: (prefix this;, class class de.uka.ilkd.key.java.reference.ThisReference) 
35512      DEBUG Thread-17       d.u.i.k.j.TypeConverter   typeconverter: (prefix this;, class class de.uka.ilkd.key.java.reference.ThisReference) 
35540      DEBUG Thread-17       d.u.i.k.r.m.MethodCall    method-call: called for super.<init>(); 
35540      DEBUG Thread-17       d.u.i.k.r.m.MethodCall    method-call: super invocation of method detected.Requires static resolving. 
35547      DEBUG Thread-17       d.u.i.k.j.TypeConverter   typeconverter: (prefix this;, class class de.uka.ilkd.key.java.reference.ThisReference) 
35564      DEBUG Thread-17       d.u.i.k.j.TypeConverter   TypeConverter: FieldReference: o0; 
35572      DEBUG Thread-17       d.u.i.k.j.TypeConverter   TypeConverter: FieldReference: o1; 
35602      DEBUG Thread-17       d.u.i.k.j.TypeConverter   TypeConverter: FieldReference: o0; 
35764      DEBUG Thread-17       d.u.i.k.r.m.MethodCall    method-call: called for ObjectOrientation.<createObject>(); 
35764      DEBUG Thread-17       d.u.i.k.r.m.MethodCall    method-call: invocation of static method detected 
35770      DEBUG Thread-17       d.u.i.k.r.m.MethodCall    method-call: called for ObjectOrientation.<allocate>(); 
35770      DEBUG Thread-17       d.u.i.k.r.m.MethodCall    method-call: invocation of static method detected 
35783      DEBUG Thread-17       d.u.i.k.j.TypeConverter   typeconverter: (prefix this;, class class de.uka.ilkd.key.java.reference.ThisReference) 
35787      DEBUG Thread-17       d.u.i.k.r.m.MethodCall    method-call: called for <prepareEnter>(); 
35787      DEBUG Thread-17       d.u.i.k.r.m.MethodCall    method-call: invocation of private method detected.Requires static resolving. 
35791      DEBUG Thread-17       d.u.i.k.r.m.MethodCall    method-call: called for super.<prepare>(); 
35792      DEBUG Thread-17       d.u.i.k.r.m.MethodCall    method-call: super invocation of method detected.Requires static resolving. 
35797      DEBUG Thread-17       d.u.i.k.j.TypeConverter   typeconverter: (prefix this;, class class de.uka.ilkd.key.java.reference.ThisReference) 
35802      DEBUG Thread-17       d.u.i.k.j.TypeConverter   typeconverter: (prefix this;, class class de.uka.ilkd.key.java.reference.ThisReference) 
35824      DEBUG Thread-17       d.u.i.k.r.m.MethodCall    method-call: called for super.<init>(); 
35824      DEBUG Thread-17       d.u.i.k.r.m.MethodCall    method-call: super invocation of method detected.Requires static resolving. 
35830      DEBUG Thread-17       d.u.i.k.j.TypeConverter   typeconverter: (prefix this;, class class de.uka.ilkd.key.java.reference.ThisReference) 
35844      DEBUG Thread-17       d.u.i.k.j.TypeConverter   TypeConverter: FieldReference: o0; 
35854      DEBUG Thread-17       d.u.i.k.r.m.MethodCall    method-call: called for ObjectOrientation.<createObject>(); 
35854      DEBUG Thread-17       d.u.i.k.r.m.MethodCall    method-call: invocation of static method detected 
35861      DEBUG Thread-17       d.u.i.k.r.m.MethodCall    method-call: called for ObjectOrientation.<allocate>(); 
35861      DEBUG Thread-17       d.u.i.k.r.m.MethodCall    method-call: invocation of static method detected 
35908      DEBUG Thread-17       d.u.i.k.j.TypeConverter   typeconverter: (prefix this;, class class de.uka.ilkd.key.java.reference.ThisReference) 
35913      DEBUG Thread-17       d.u.i.k.r.m.MethodCall    method-call: called for <prepareEnter>(); 
35913      DEBUG Thread-17       d.u.i.k.r.m.MethodCall    method-call: invocation of private method detected.Requires static resolving. 
35918      DEBUG Thread-17       d.u.i.k.r.m.MethodCall    method-call: called for super.<prepare>(); 
35919      DEBUG Thread-17       d.u.i.k.r.m.MethodCall    method-call: super invocation of method detected.Requires static resolving. 
35926      DEBUG Thread-17       d.u.i.k.j.TypeConverter   typeconverter: (prefix this;, class class de.uka.ilkd.key.java.reference.ThisReference) 
35931      DEBUG Thread-17       d.u.i.k.j.TypeConverter   typeconverter: (prefix this;, class class de.uka.ilkd.key.java.reference.ThisReference) 
35958      DEBUG Thread-17       d.u.i.k.r.m.MethodCall    method-call: called for super.<init>(); 
35958      DEBUG Thread-17       d.u.i.k.r.m.MethodCall    method-call: super invocation of method detected.Requires static resolving. 
35965      DEBUG Thread-17       d.u.i.k.j.TypeConverter   typeconverter: (prefix this;, class class de.uka.ilkd.key.java.reference.ThisReference) 
35980      DEBUG Thread-17       d.u.i.k.j.TypeConverter   TypeConverter: FieldReference: o1; 
35989      DEBUG Thread-17       d.u.i.k.j.TypeConverter   TypeConverter: FieldReference: o1; 
36009      DEBUG Thread-17       d.u.i.k.j.TypeConverter   TypeConverter: FieldReference: o1; 
36191      INFO  main            d.u.i.k.p.r.p.TestFile    ... finished proof: closed. 
36358      DEBUG main            d.u.i.k.s.TermLabelSettings TermLabelSettings: Failure while reading the setting "UseOriginLabels".Using the default value: true.The string read was: null 
36358      INFO  main            d.u.i.k.p.r.p.TestFile    Now processing file /home/runner/work/key/key/key.core/../key.ui/examples/InformationFlow/NewObjects/object.ObjectOrientation(object.ObjectOrientation__if_two_object_creation_next()).JML operation contract.0.key 
37183      DEBUG main            d.u.i.k.j.r.ClassPreparationMethodBuilder clPrepBuilder: Inner Class detected. Reject building class initialisation methods. 
37233      DEBUG main            d.u.i.k.j.Recoder2KeY     converting now /home/runner/work/key/key/key.core/../key.ui/examples/InformationFlow/NewObjects/src/object/Naumann.java 
37234      DEBUG main            d.u.i.k.j.Recoder2KeY     converting now /home/runner/work/key/key/key.core/../key.ui/examples/InformationFlow/NewObjects/src/object/AmtoftBanerjee.java 
37235      DEBUG main            d.u.i.k.j.Recoder2KeY     converting now /home/runner/work/key/key/key.core/../key.ui/examples/InformationFlow/NewObjects/src/object/AmtoftBanerjee2.java 
37236      DEBUG main            d.u.i.k.j.Recoder2KeY     converting now /home/runner/work/key/key/key.core/../key.ui/examples/InformationFlow/NewObjects/src/object/ObjectOrientation.java 
37237      DEBUG main            d.u.i.k.j.Recoder2KeY     converting now /home/runner/work/key/key/key.core/../key.ui/examples/InformationFlow/NewObjects/src/object/AmtoftBanerjee3.java 
37241      DEBUG main            d.u.i.k.s.TermLabelSettings TermLabelSettings: Failure while reading the setting "UseOriginLabels".Using the default value: true.The string read was: null 
37242      DEBUG main            d.u.i.k.p.i.KeYFile       Reading KeY file /home/runner/work/key/key/key.core/../key.ui/examples/InformationFlow/NewObjects/object.ObjectOrientation(object.ObjectOrientation__if_two_object_creation_next()).JML operation contract.0.key 
37243      DEBUG main            d.u.i.k.p.i.KeYFile       Reading KeY file file:/home/runner/work/key/key/key.core/build/resources/main/de/uka/ilkd/key/java/JavaRedux/java/lang/String.key 
37245      DEBUG main            d.u.i.k.p.i.KeYFile       Read specifications obtained when parsing the Java files (usually JML and Strings.key) from file:/home/runner/work/key/key/key.core/build/resources/main/de/uka/ilkd/key/java/JavaRedux/java/lang/String.key 
39028      DEBUG main            d.u.i.k.p.i.KeYFile       Read specifications obtained when parsing the Java files (usually JML and Strings.key) from /home/runner/work/key/key/key.core/../key.ui/examples/InformationFlow/NewObjects/object.ObjectOrientation(object.ObjectOrientation__if_two_object_creation_next()).JML operation contract.0.key 
39117      DEBUG Thread-19       d.u.i.k.j.TypeConverter   TypeConverter: FieldReference: high; 
39139      DEBUG Thread-19       d.u.i.k.r.m.MethodCall    method-call: called for ObjectOrientation.<createObject>(); 
39139      DEBUG Thread-19       d.u.i.k.r.m.MethodCall    method-call: invocation of static method detected 
39145      DEBUG Thread-19       d.u.i.k.r.m.MethodCall    method-call: called for ObjectOrientation.<allocate>(); 
39145      DEBUG Thread-19       d.u.i.k.r.m.MethodCall    method-call: invocation of static method detected 
39157      DEBUG Thread-19       d.u.i.k.j.TypeConverter   typeconverter: (prefix this;, class class de.uka.ilkd.key.java.reference.ThisReference) 
39161      DEBUG Thread-19       d.u.i.k.r.m.MethodCall    method-call: called for <prepareEnter>(); 
39161      DEBUG Thread-19       d.u.i.k.r.m.MethodCall    method-call: invocation of private method detected.Requires static resolving. 
39166      DEBUG Thread-19       d.u.i.k.r.m.MethodCall    method-call: called for super.<prepare>(); 
39166      DEBUG Thread-19       d.u.i.k.r.m.MethodCall    method-call: super invocation of method detected.Requires static resolving. 
39171      DEBUG Thread-19       d.u.i.k.j.TypeConverter   typeconverter: (prefix this;, class class de.uka.ilkd.key.java.reference.ThisReference) 
39176      DEBUG Thread-19       d.u.i.k.j.TypeConverter   typeconverter: (prefix this;, class class de.uka.ilkd.key.java.reference.ThisReference) 
39202      DEBUG Thread-19       d.u.i.k.r.m.MethodCall    method-call: called for super.<init>(); 
39203      DEBUG Thread-19       d.u.i.k.r.m.MethodCall    method-call: super invocation of method detected.Requires static resolving. 
39208      DEBUG Thread-19       d.u.i.k.j.TypeConverter   typeconverter: (prefix this;, class class de.uka.ilkd.key.java.reference.ThisReference) 
39221      DEBUG Thread-19       d.u.i.k.j.TypeConverter   TypeConverter: FieldReference: o1; 
39231      DEBUG Thread-19       d.u.i.k.r.m.MethodCall    method-call: called for ObjectOrientation.<createObject>(); 
39231      DEBUG Thread-19       d.u.i.k.r.m.MethodCall    method-call: invocation of static method detected 
39238      DEBUG Thread-19       d.u.i.k.r.m.MethodCall    method-call: called for ObjectOrientation.<allocate>(); 
39239      DEBUG Thread-19       d.u.i.k.r.m.MethodCall    method-call: invocation of static method detected 
39286      DEBUG Thread-19       d.u.i.k.j.TypeConverter   typeconverter: (prefix this;, class class de.uka.ilkd.key.java.reference.ThisReference) 
39291      DEBUG Thread-19       d.u.i.k.r.m.MethodCall    method-call: called for <prepareEnter>(); 
39291      DEBUG Thread-19       d.u.i.k.r.m.MethodCall    method-call: invocation of private method detected.Requires static resolving. 
39296      DEBUG Thread-19       d.u.i.k.r.m.MethodCall    method-call: called for super.<prepare>(); 
39296      DEBUG Thread-19       d.u.i.k.r.m.MethodCall    method-call: super invocation of method detected.Requires static resolving. 
39304      DEBUG Thread-19       d.u.i.k.j.TypeConverter   typeconverter: (prefix this;, class class de.uka.ilkd.key.java.reference.ThisReference) 
39309      DEBUG Thread-19       d.u.i.k.j.TypeConverter   typeconverter: (prefix this;, class class de.uka.ilkd.key.java.reference.ThisReference) 
39337      DEBUG Thread-19       d.u.i.k.r.m.MethodCall    method-call: called for super.<init>(); 
39337      DEBUG Thread-19       d.u.i.k.r.m.MethodCall    method-call: super invocation of method detected.Requires static resolving. 
39344      DEBUG Thread-19       d.u.i.k.j.TypeConverter   typeconverter: (prefix this;, class class de.uka.ilkd.key.java.reference.ThisReference) 
39359      DEBUG Thread-19       d.u.i.k.j.TypeConverter   TypeConverter: FieldReference: o0; 
39367      DEBUG Thread-19       d.u.i.k.j.TypeConverter   TypeConverter: FieldReference: o1; 
39398      DEBUG Thread-19       d.u.i.k.j.TypeConverter   TypeConverter: FieldReference: o0; 
39556      DEBUG Thread-19       d.u.i.k.r.m.MethodCall    method-call: called for ObjectOrientation.<createObject>(); 
39556      DEBUG Thread-19       d.u.i.k.r.m.MethodCall    method-call: invocation of static method detected 
39569      DEBUG Thread-19       d.u.i.k.r.m.MethodCall    method-call: called for ObjectOrientation.<allocate>(); 
39570      DEBUG Thread-19       d.u.i.k.r.m.MethodCall    method-call: invocation of static method detected 
39583      DEBUG Thread-19       d.u.i.k.j.TypeConverter   typeconverter: (prefix this;, class class de.uka.ilkd.key.java.reference.ThisReference) 
39587      DEBUG Thread-19       d.u.i.k.r.m.MethodCall    method-call: called for <prepareEnter>(); 
39587      DEBUG Thread-19       d.u.i.k.r.m.MethodCall    method-call: invocation of private method detected.Requires static resolving. 
39592      DEBUG Thread-19       d.u.i.k.r.m.MethodCall    method-call: called for super.<prepare>(); 
39592      DEBUG Thread-19       d.u.i.k.r.m.MethodCall    method-call: super invocation of method detected.Requires static resolving. 
39598      DEBUG Thread-19       d.u.i.k.j.TypeConverter   typeconverter: (prefix this;, class class de.uka.ilkd.key.java.reference.ThisReference) 
39603      DEBUG Thread-19       d.u.i.k.j.TypeConverter   typeconverter: (prefix this;, class class de.uka.ilkd.key.java.reference.ThisReference) 
39625      DEBUG Thread-19       d.u.i.k.r.m.MethodCall    method-call: called for super.<init>(); 
39625      DEBUG Thread-19       d.u.i.k.r.m.MethodCall    method-call: super invocation of method detected.Requires static resolving. 
39631      DEBUG Thread-19       d.u.i.k.j.TypeConverter   typeconverter: (prefix this;, class class de.uka.ilkd.key.java.reference.ThisReference) 
39644      DEBUG Thread-19       d.u.i.k.j.TypeConverter   TypeConverter: FieldReference: o0; 
39655      DEBUG Thread-19       d.u.i.k.r.m.MethodCall    method-call: called for ObjectOrientation.<createObject>(); 
39655      DEBUG Thread-19       d.u.i.k.r.m.MethodCall    method-call: invocation of static method detected 
39661      DEBUG Thread-19       d.u.i.k.r.m.MethodCall    method-call: called for ObjectOrientation.<allocate>(); 
39662      DEBUG Thread-19       d.u.i.k.r.m.MethodCall    method-call: invocation of static method detected 
39709      DEBUG Thread-19       d.u.i.k.j.TypeConverter   typeconverter: (prefix this;, class class de.uka.ilkd.key.java.reference.ThisReference) 
39714      DEBUG Thread-19       d.u.i.k.r.m.MethodCall    method-call: called for <prepareEnter>(); 
39715      DEBUG Thread-19       d.u.i.k.r.m.MethodCall    method-call: invocation of private method detected.Requires static resolving. 
39720      DEBUG Thread-19       d.u.i.k.r.m.MethodCall    method-call: called for super.<prepare>(); 
39720      DEBUG Thread-19       d.u.i.k.r.m.MethodCall    method-call: super invocation of method detected.Requires static resolving. 
39727      DEBUG Thread-19       d.u.i.k.j.TypeConverter   typeconverter: (prefix this;, class class de.uka.ilkd.key.java.reference.ThisReference) 
39732      DEBUG Thread-19       d.u.i.k.j.TypeConverter   typeconverter: (prefix this;, class class de.uka.ilkd.key.java.reference.ThisReference) 
39760      DEBUG Thread-19       d.u.i.k.r.m.MethodCall    method-call: called for super.<init>(); 
39760      DEBUG Thread-19       d.u.i.k.r.m.MethodCall    method-call: super invocation of method detected.Requires static resolving. 
39767      DEBUG Thread-19       d.u.i.k.j.TypeConverter   typeconverter: (prefix this;, class class de.uka.ilkd.key.java.reference.ThisReference) 
39782      DEBUG Thread-19       d.u.i.k.j.TypeConverter   TypeConverter: FieldReference: o1; 
39790      DEBUG Thread-19       d.u.i.k.j.TypeConverter   TypeConverter: FieldReference: o1; 
39810      DEBUG Thread-19       d.u.i.k.j.TypeConverter   TypeConverter: FieldReference: o1; 
39999      INFO  main            d.u.i.k.p.r.p.TestFile    ... finished proof: closed. 
40154      DEBUG main            d.u.i.k.s.TermLabelSettings TermLabelSettings: Failure while reading the setting "UseOriginLabels".Using the default value: true.The string read was: null 
40154      INFO  main            d.u.i.k.p.r.p.TestFile    Now processing file /home/runner/work/key/key/key.core/../key.ui/examples/InformationFlow/NewObjects/object.ObjectOrientation(object.ObjectOrientation__secure_if_two_object_creation()).JML operation contract.0.key 
41004      DEBUG main            d.u.i.k.j.r.ClassPreparationMethodBuilder clPrepBuilder: Inner Class detected. Reject building class initialisation methods. 
41054      DEBUG main            d.u.i.k.j.Recoder2KeY     converting now /home/runner/work/key/key/key.core/../key.ui/examples/InformationFlow/NewObjects/src/object/Naumann.java 
41056      DEBUG main            d.u.i.k.j.Recoder2KeY     converting now /home/runner/work/key/key/key.core/../key.ui/examples/InformationFlow/NewObjects/src/object/AmtoftBanerjee.java 
41056      DEBUG main            d.u.i.k.j.Recoder2KeY     converting now /home/runner/work/key/key/key.core/../key.ui/examples/InformationFlow/NewObjects/src/object/AmtoftBanerjee2.java 
41057      DEBUG main            d.u.i.k.j.Recoder2KeY     converting now /home/runner/work/key/key/key.core/../key.ui/examples/InformationFlow/NewObjects/src/object/ObjectOrientation.java 
41058      DEBUG main            d.u.i.k.j.Recoder2KeY     converting now /home/runner/work/key/key/key.core/../key.ui/examples/InformationFlow/NewObjects/src/object/AmtoftBanerjee3.java 
41062      DEBUG main            d.u.i.k.s.TermLabelSettings TermLabelSettings: Failure while reading the setting "UseOriginLabels".Using the default value: true.The string read was: null 
41065      DEBUG main            d.u.i.k.p.i.KeYFile       Reading KeY file /home/runner/work/key/key/key.core/../key.ui/examples/InformationFlow/NewObjects/object.ObjectOrientation(object.ObjectOrientation__secure_if_two_object_creation()).JML operation contract.0.key 
41066      DEBUG main            d.u.i.k.p.i.KeYFile       Reading KeY file file:/home/runner/work/key/key/key.core/build/resources/main/de/uka/ilkd/key/java/JavaRedux/java/lang/String.key 
41068      DEBUG main            d.u.i.k.p.i.KeYFile       Read specifications obtained when parsing the Java files (usually JML and Strings.key) from file:/home/runner/work/key/key/key.core/build/resources/main/de/uka/ilkd/key/java/JavaRedux/java/lang/String.key 
42774      DEBUG main            d.u.i.k.p.i.KeYFile       Read specifications obtained when parsing the Java files (usually JML and Strings.key) from /home/runner/work/key/key/key.core/../key.ui/examples/InformationFlow/NewObjects/object.ObjectOrientation(object.ObjectOrientation__secure_if_two_object_creation()).JML operation contract.0.key 
42840      DEBUG Thread-21       d.u.i.k.j.TypeConverter   TypeConverter: FieldReference: high; 
42874      DEBUG Thread-21       d.u.i.k.r.m.MethodCall    method-call: called for ObjectOrientation.<createObject>(); 
42874      DEBUG Thread-21       d.u.i.k.r.m.MethodCall    method-call: invocation of static method detected 
42879      DEBUG Thread-21       d.u.i.k.r.m.MethodCall    method-call: called for ObjectOrientation.<allocate>(); 
42879      DEBUG Thread-21       d.u.i.k.r.m.MethodCall    method-call: invocation of static method detected 
42891      DEBUG Thread-21       d.u.i.k.j.TypeConverter   typeconverter: (prefix this;, class class de.uka.ilkd.key.java.reference.ThisReference) 
42895      DEBUG Thread-21       d.u.i.k.r.m.MethodCall    method-call: called for <prepareEnter>(); 
42895      DEBUG Thread-21       d.u.i.k.r.m.MethodCall    method-call: invocation of private method detected.Requires static resolving. 
42899      DEBUG Thread-21       d.u.i.k.r.m.MethodCall    method-call: called for super.<prepare>(); 
42899      DEBUG Thread-21       d.u.i.k.r.m.MethodCall    method-call: super invocation of method detected.Requires static resolving. 
42905      DEBUG Thread-21       d.u.i.k.j.TypeConverter   typeconverter: (prefix this;, class class de.uka.ilkd.key.java.reference.ThisReference) 
42909      DEBUG Thread-21       d.u.i.k.j.TypeConverter   typeconverter: (prefix this;, class class de.uka.ilkd.key.java.reference.ThisReference) 
42931      DEBUG Thread-21       d.u.i.k.r.m.MethodCall    method-call: called for super.<init>(); 
42931      DEBUG Thread-21       d.u.i.k.r.m.MethodCall    method-call: super invocation of method detected.Requires static resolving. 
42937      DEBUG Thread-21       d.u.i.k.j.TypeConverter   typeconverter: (prefix this;, class class de.uka.ilkd.key.java.reference.ThisReference) 
42949      DEBUG Thread-21       d.u.i.k.j.TypeConverter   TypeConverter: FieldReference: o1; 
42959      DEBUG Thread-21       d.u.i.k.r.m.MethodCall    method-call: called for ObjectOrientation.<createObject>(); 
42959      DEBUG Thread-21       d.u.i.k.r.m.MethodCall    method-call: invocation of static method detected 
42966      DEBUG Thread-21       d.u.i.k.r.m.MethodCall    method-call: called for ObjectOrientation.<allocate>(); 
42966      DEBUG Thread-21       d.u.i.k.r.m.MethodCall    method-call: invocation of static method detected 
43011      DEBUG Thread-21       d.u.i.k.j.TypeConverter   typeconverter: (prefix this;, class class de.uka.ilkd.key.java.reference.ThisReference) 
43015      DEBUG Thread-21       d.u.i.k.r.m.MethodCall    method-call: called for <prepareEnter>(); 
43015      DEBUG Thread-21       d.u.i.k.r.m.MethodCall    method-call: invocation of private method detected.Requires static resolving. 
43020      DEBUG Thread-21       d.u.i.k.r.m.MethodCall    method-call: called for super.<prepare>(); 
43020      DEBUG Thread-21       d.u.i.k.r.m.MethodCall    method-call: super invocation of method detected.Requires static resolving. 
43026      DEBUG Thread-21       d.u.i.k.j.TypeConverter   typeconverter: (prefix this;, class class de.uka.ilkd.key.java.reference.ThisReference) 
43030      DEBUG Thread-21       d.u.i.k.j.TypeConverter   typeconverter: (prefix this;, class class de.uka.ilkd.key.java.reference.ThisReference) 
43055      DEBUG Thread-21       d.u.i.k.r.m.MethodCall    method-call: called for super.<init>(); 
43055      DEBUG Thread-21       d.u.i.k.r.m.MethodCall    method-call: super invocation of method detected.Requires static resolving. 
43061      DEBUG Thread-21       d.u.i.k.j.TypeConverter   typeconverter: (prefix this;, class class de.uka.ilkd.key.java.reference.ThisReference) 
43075      DEBUG Thread-21       d.u.i.k.j.TypeConverter   TypeConverter: FieldReference: o0; 
43209      DEBUG Thread-21       d.u.i.k.r.m.MethodCall    method-call: called for ObjectOrientation.<createObject>(); 
43209      DEBUG Thread-21       d.u.i.k.r.m.MethodCall    method-call: invocation of static method detected 
43213      DEBUG Thread-21       d.u.i.k.r.m.MethodCall    method-call: called for ObjectOrientation.<allocate>(); 
43213      DEBUG Thread-21       d.u.i.k.r.m.MethodCall    method-call: invocation of static method detected 
43224      DEBUG Thread-21       d.u.i.k.j.TypeConverter   typeconverter: (prefix this;, class class de.uka.ilkd.key.java.reference.ThisReference) 
43228      DEBUG Thread-21       d.u.i.k.r.m.MethodCall    method-call: called for <prepareEnter>(); 
43228      DEBUG Thread-21       d.u.i.k.r.m.MethodCall    method-call: invocation of private method detected.Requires static resolving. 
43231      DEBUG Thread-21       d.u.i.k.r.m.MethodCall    method-call: called for super.<prepare>(); 
43231      DEBUG Thread-21       d.u.i.k.r.m.MethodCall    method-call: super invocation of method detected.Requires static resolving. 
43236      DEBUG Thread-21       d.u.i.k.j.TypeConverter   typeconverter: (prefix this;, class class de.uka.ilkd.key.java.reference.ThisReference) 
43240      DEBUG Thread-21       d.u.i.k.j.TypeConverter   typeconverter: (prefix this;, class class de.uka.ilkd.key.java.reference.ThisReference) 
43259      DEBUG Thread-21       d.u.i.k.r.m.MethodCall    method-call: called for super.<init>(); 
43259      DEBUG Thread-21       d.u.i.k.r.m.MethodCall    method-call: super invocation of method detected.Requires static resolving. 
43264      DEBUG Thread-21       d.u.i.k.j.TypeConverter   typeconverter: (prefix this;, class class de.uka.ilkd.key.java.reference.ThisReference) 
43275      DEBUG Thread-21       d.u.i.k.j.TypeConverter   TypeConverter: FieldReference: o0; 
43283      DEBUG Thread-21       d.u.i.k.r.m.MethodCall    method-call: called for ObjectOrientation.<createObject>(); 
43283      DEBUG Thread-21       d.u.i.k.r.m.MethodCall    method-call: invocation of static method detected 
43289      DEBUG Thread-21       d.u.i.k.r.m.MethodCall    method-call: called for ObjectOrientation.<allocate>(); 
43289      DEBUG Thread-21       d.u.i.k.r.m.MethodCall    method-call: invocation of static method detected 
43329      DEBUG Thread-21       d.u.i.k.j.TypeConverter   typeconverter: (prefix this;, class class de.uka.ilkd.key.java.reference.ThisReference) 
43333      DEBUG Thread-21       d.u.i.k.r.m.MethodCall    method-call: called for <prepareEnter>(); 
43333      DEBUG Thread-21       d.u.i.k.r.m.MethodCall    method-call: invocation of private method detected.Requires static resolving. 
43337      DEBUG Thread-21       d.u.i.k.r.m.MethodCall    method-call: called for super.<prepare>(); 
43337      DEBUG Thread-21       d.u.i.k.r.m.MethodCall    method-call: super invocation of method detected.Requires static resolving. 
43343      DEBUG Thread-21       d.u.i.k.j.TypeConverter   typeconverter: (prefix this;, class class de.uka.ilkd.key.java.reference.ThisReference) 
43347      DEBUG Thread-21       d.u.i.k.j.TypeConverter   typeconverter: (prefix this;, class class de.uka.ilkd.key.java.reference.ThisReference) 
43370      DEBUG Thread-21       d.u.i.k.r.m.MethodCall    method-call: called for super.<init>(); 
43370      DEBUG Thread-21       d.u.i.k.r.m.MethodCall    method-call: super invocation of method detected.Requires static resolving. 
43376      DEBUG Thread-21       d.u.i.k.j.TypeConverter   typeconverter: (prefix this;, class class de.uka.ilkd.key.java.reference.ThisReference) 
43389      DEBUG Thread-21       d.u.i.k.j.TypeConverter   TypeConverter: FieldReference: o1; 
43526      INFO  main            d.u.i.k.p.r.p.TestFile    ... finished proof: closed. 
43693      DEBUG main            d.u.i.k.s.TermLabelSettings TermLabelSettings: Failure while reading the setting "UseOriginLabels".Using the default value: true.The string read was: null 
43694      INFO  main            d.u.i.k.p.r.p.TestFile    Now processing file /home/runner/work/key/key/key.core/../key.ui/examples/InformationFlow/NewObjects/object.ObjectOrientation(object.ObjectOrientation__insecure_two_object_creation()).JML operation contract.0.key 
44495      DEBUG main            d.u.i.k.j.r.ClassPreparationMethodBuilder clPrepBuilder: Inner Class detected. Reject building class initialisation methods. 
44544      DEBUG main            d.u.i.k.j.Recoder2KeY     converting now /home/runner/work/key/key/key.core/../key.ui/examples/InformationFlow/NewObjects/src/object/Naumann.java 
44545      DEBUG main            d.u.i.k.j.Recoder2KeY     converting now /home/runner/work/key/key/key.core/../key.ui/examples/InformationFlow/NewObjects/src/object/AmtoftBanerjee.java 
44546      DEBUG main            d.u.i.k.j.Recoder2KeY     converting now /home/runner/work/key/key/key.core/../key.ui/examples/InformationFlow/NewObjects/src/object/AmtoftBanerjee2.java 
44547      DEBUG main            d.u.i.k.j.Recoder2KeY     converting now /home/runner/work/key/key/key.core/../key.ui/examples/InformationFlow/NewObjects/src/object/ObjectOrientation.java 
44548      DEBUG main            d.u.i.k.j.Recoder2KeY     converting now /home/runner/work/key/key/key.core/../key.ui/examples/InformationFlow/NewObjects/src/object/AmtoftBanerjee3.java 
44552      DEBUG main            d.u.i.k.s.TermLabelSettings TermLabelSettings: Failure while reading the setting "UseOriginLabels".Using the default value: true.The string read was: null 
44552      DEBUG main            d.u.i.k.p.i.KeYFile       Reading KeY file /home/runner/work/key/key/key.core/../key.ui/examples/InformationFlow/NewObjects/object.ObjectOrientation(object.ObjectOrientation__insecure_two_object_creation()).JML operation contract.0.key 
44553      DEBUG main            d.u.i.k.p.i.KeYFile       Reading KeY file file:/home/runner/work/key/key/key.core/build/resources/main/de/uka/ilkd/key/java/JavaRedux/java/lang/String.key 
44555      DEBUG main            d.u.i.k.p.i.KeYFile       Read specifications obtained when parsing the Java files (usually JML and Strings.key) from file:/home/runner/work/key/key/key.core/build/resources/main/de/uka/ilkd/key/java/JavaRedux/java/lang/String.key 
46350      DEBUG main            d.u.i.k.p.i.KeYFile       Read specifications obtained when parsing the Java files (usually JML and Strings.key) from /home/runner/work/key/key/key.core/../key.ui/examples/InformationFlow/NewObjects/object.ObjectOrientation(object.ObjectOrientation__insecure_two_object_creation()).JML operation contract.0.key 
46422      DEBUG Thread-23       d.u.i.k.r.m.MethodCall    method-call: called for ObjectOrientation.<createObject>(); 
46422      DEBUG Thread-23       d.u.i.k.r.m.MethodCall    method-call: invocation of static method detected 
46427      DEBUG Thread-23       d.u.i.k.r.m.MethodCall    method-call: called for ObjectOrientation.<allocate>(); 
46427      DEBUG Thread-23       d.u.i.k.r.m.MethodCall    method-call: invocation of static method detected 
46438      DEBUG Thread-23       d.u.i.k.j.TypeConverter   typeconverter: (prefix this;, class class de.uka.ilkd.key.java.reference.ThisReference) 
46442      DEBUG Thread-23       d.u.i.k.r.m.MethodCall    method-call: called for <prepareEnter>(); 
46442      DEBUG Thread-23       d.u.i.k.r.m.MethodCall    method-call: invocation of private method detected.Requires static resolving. 
46445      DEBUG Thread-23       d.u.i.k.r.m.MethodCall    method-call: called for super.<prepare>(); 
46445      DEBUG Thread-23       d.u.i.k.r.m.MethodCall    method-call: super invocation of method detected.Requires static resolving. 
46450      DEBUG Thread-23       d.u.i.k.j.TypeConverter   typeconverter: (prefix this;, class class de.uka.ilkd.key.java.reference.ThisReference) 
46454      DEBUG Thread-23       d.u.i.k.j.TypeConverter   typeconverter: (prefix this;, class class de.uka.ilkd.key.java.reference.ThisReference) 
46473      DEBUG Thread-23       d.u.i.k.r.m.MethodCall    method-call: called for super.<init>(); 
46473      DEBUG Thread-23       d.u.i.k.r.m.MethodCall    method-call: super invocation of method detected.Requires static resolving. 
46478      DEBUG Thread-23       d.u.i.k.j.TypeConverter   typeconverter: (prefix this;, class class de.uka.ilkd.key.java.reference.ThisReference) 
46489      DEBUG Thread-23       d.u.i.k.j.TypeConverter   TypeConverter: FieldReference: o0; 
46499      DEBUG Thread-23       d.u.i.k.r.m.MethodCall    method-call: called for ObjectOrientation.<createObject>(); 
46499      DEBUG Thread-23       d.u.i.k.r.m.MethodCall    method-call: invocation of static method detected 
46504      DEBUG Thread-23       d.u.i.k.r.m.MethodCall    method-call: called for ObjectOrientation.<allocate>(); 
46504      DEBUG Thread-23       d.u.i.k.r.m.MethodCall    method-call: invocation of static method detected 
46546      DEBUG Thread-23       d.u.i.k.j.TypeConverter   typeconverter: (prefix this;, class class de.uka.ilkd.key.java.reference.ThisReference) 
46550      DEBUG Thread-23       d.u.i.k.r.m.MethodCall    method-call: called for <prepareEnter>(); 
46550      DEBUG Thread-23       d.u.i.k.r.m.MethodCall    method-call: invocation of private method detected.Requires static resolving. 
46554      DEBUG Thread-23       d.u.i.k.r.m.MethodCall    method-call: called for super.<prepare>(); 
46554      DEBUG Thread-23       d.u.i.k.r.m.MethodCall    method-call: super invocation of method detected.Requires static resolving. 
46560      DEBUG Thread-23       d.u.i.k.j.TypeConverter   typeconverter: (prefix this;, class class de.uka.ilkd.key.java.reference.ThisReference) 
46564      DEBUG Thread-23       d.u.i.k.j.TypeConverter   typeconverter: (prefix this;, class class de.uka.ilkd.key.java.reference.ThisReference) 
46588      DEBUG Thread-23       d.u.i.k.r.m.MethodCall    method-call: called for super.<init>(); 
46588      DEBUG Thread-23       d.u.i.k.r.m.MethodCall    method-call: super invocation of method detected.Requires static resolving. 
46594      DEBUG Thread-23       d.u.i.k.j.TypeConverter   typeconverter: (prefix this;, class class de.uka.ilkd.key.java.reference.ThisReference) 
46608      DEBUG Thread-23       d.u.i.k.j.TypeConverter   TypeConverter: FieldReference: o1; 
46620      DEBUG Thread-23       d.u.i.k.j.TypeConverter   TypeConverter: FieldReference: high; 
46653      DEBUG Thread-23       d.u.i.k.j.TypeConverter   TypeConverter: FieldReference: o1; 
46663      DEBUG Thread-23       d.u.i.k.j.TypeConverter   TypeConverter: FieldReference: o2; 
46790      DEBUG Thread-23       d.u.i.k.j.TypeConverter   TypeConverter: FieldReference: o0; 
46806      DEBUG Thread-23       d.u.i.k.j.TypeConverter   TypeConverter: FieldReference: o2; 
47000      INFO  main            d.u.i.k.p.r.p.TestFile    ... finished proof: closed. 
47201      DEBUG main            d.u.i.k.s.TermLabelSettings TermLabelSettings: Failure while reading the setting "UseOriginLabels".Using the default value: true.The string read was: null 
47201      INFO  main            d.u.i.k.p.r.p.TestFile    Now processing file /home/runner/work/key/key/key.core/../key.ui/examples/InformationFlow/NewObjects/object.ObjectOrientation(object.ObjectOrientation__secure_two_object_creation()).JML normal_behavior operation contract.0.key 
48022      DEBUG main            d.u.i.k.j.r.ClassPreparationMethodBuilder clPrepBuilder: Inner Class detected. Reject building class initialisation methods. 
48074      DEBUG main            d.u.i.k.j.Recoder2KeY     converting now /home/runner/work/key/key/key.core/../key.ui/examples/InformationFlow/NewObjects/src/object/Naumann.java 
48076      DEBUG main            d.u.i.k.j.Recoder2KeY     converting now /home/runner/work/key/key/key.core/../key.ui/examples/InformationFlow/NewObjects/src/object/AmtoftBanerjee.java 
48077      DEBUG main            d.u.i.k.j.Recoder2KeY     converting now /home/runner/work/key/key/key.core/../key.ui/examples/InformationFlow/NewObjects/src/object/AmtoftBanerjee2.java 
48077      DEBUG main            d.u.i.k.j.Recoder2KeY     converting now /home/runner/work/key/key/key.core/../key.ui/examples/InformationFlow/NewObjects/src/object/ObjectOrientation.java 
48079      DEBUG main            d.u.i.k.j.Recoder2KeY     converting now /home/runner/work/key/key/key.core/../key.ui/examples/InformationFlow/NewObjects/src/object/AmtoftBanerjee3.java 
48086      DEBUG main            d.u.i.k.s.TermLabelSettings TermLabelSettings: Failure while reading the setting "UseOriginLabels".Using the default value: true.The string read was: null 
48086      DEBUG main            d.u.i.k.p.i.KeYFile       Reading KeY file /home/runner/work/key/key/key.core/../key.ui/examples/InformationFlow/NewObjects/object.ObjectOrientation(object.ObjectOrientation__secure_two_object_creation()).JML normal_behavior operation contract.0.key 
48087      DEBUG main            d.u.i.k.p.i.KeYFile       Reading KeY file file:/home/runner/work/key/key/key.core/build/resources/main/de/uka/ilkd/key/java/JavaRedux/java/lang/String.key 
48090      DEBUG main            d.u.i.k.p.i.KeYFile       Read specifications obtained when parsing the Java files (usually JML and Strings.key) from file:/home/runner/work/key/key/key.core/build/resources/main/de/uka/ilkd/key/java/JavaRedux/java/lang/String.key 
49855      DEBUG main            d.u.i.k.p.i.KeYFile       Read specifications obtained when parsing the Java files (usually JML and Strings.key) from /home/runner/work/key/key/key.core/../key.ui/examples/InformationFlow/NewObjects/object.ObjectOrientation(object.ObjectOrientation__secure_two_object_creation()).JML normal_behavior operation contract.0.key 
49946      DEBUG Thread-25       d.u.i.k.r.m.MethodCall    method-call: called for ObjectOrientation.<createObject>(); 
49946      DEBUG Thread-25       d.u.i.k.r.m.MethodCall    method-call: invocation of static method detected 
49950      DEBUG Thread-25       d.u.i.k.r.m.MethodCall    method-call: called for ObjectOrientation.<allocate>(); 
49950      DEBUG Thread-25       d.u.i.k.r.m.MethodCall    method-call: invocation of static method detected 
49960      DEBUG Thread-25       d.u.i.k.j.TypeConverter   typeconverter: (prefix this;, class class de.uka.ilkd.key.java.reference.ThisReference) 
49963      DEBUG Thread-25       d.u.i.k.r.m.MethodCall    method-call: called for <prepareEnter>(); 
49963      DEBUG Thread-25       d.u.i.k.r.m.MethodCall    method-call: invocation of private method detected.Requires static resolving. 
49966      DEBUG Thread-25       d.u.i.k.r.m.MethodCall    method-call: called for super.<prepare>(); 
49966      DEBUG Thread-25       d.u.i.k.r.m.MethodCall    method-call: super invocation of method detected.Requires static resolving. 
49971      DEBUG Thread-25       d.u.i.k.j.TypeConverter   typeconverter: (prefix this;, class class de.uka.ilkd.key.java.reference.ThisReference) 
49974      DEBUG Thread-25       d.u.i.k.j.TypeConverter   typeconverter: (prefix this;, class class de.uka.ilkd.key.java.reference.ThisReference) 
49991      DEBUG Thread-25       d.u.i.k.r.m.MethodCall    method-call: called for super.<init>(); 
49991      DEBUG Thread-25       d.u.i.k.r.m.MethodCall    method-call: super invocation of method detected.Requires static resolving. 
49995      DEBUG Thread-25       d.u.i.k.j.TypeConverter   typeconverter: (prefix this;, class class de.uka.ilkd.key.java.reference.ThisReference) 
50006      DEBUG Thread-25       d.u.i.k.j.TypeConverter   TypeConverter: FieldReference: o0; 
50014      DEBUG Thread-25       d.u.i.k.r.m.MethodCall    method-call: called for ObjectOrientation.<createObject>(); 
50014      DEBUG Thread-25       d.u.i.k.r.m.MethodCall    method-call: invocation of static method detected 
50019      DEBUG Thread-25       d.u.i.k.r.m.MethodCall    method-call: called for ObjectOrientation.<allocate>(); 
50019      DEBUG Thread-25       d.u.i.k.r.m.MethodCall    method-call: invocation of static method detected 
50058      DEBUG Thread-25       d.u.i.k.j.TypeConverter   typeconverter: (prefix this;, class class de.uka.ilkd.key.java.reference.ThisReference) 
50062      DEBUG Thread-25       d.u.i.k.r.m.MethodCall    method-call: called for <prepareEnter>(); 
50062      DEBUG Thread-25       d.u.i.k.r.m.MethodCall    method-call: invocation of private method detected.Requires static resolving. 
50066      DEBUG Thread-25       d.u.i.k.r.m.MethodCall    method-call: called for super.<prepare>(); 
50066      DEBUG Thread-25       d.u.i.k.r.m.MethodCall    method-call: super invocation of method detected.Requires static resolving. 
50071      DEBUG Thread-25       d.u.i.k.j.TypeConverter   typeconverter: (prefix this;, class class de.uka.ilkd.key.java.reference.ThisReference) 
50075      DEBUG Thread-25       d.u.i.k.j.TypeConverter   typeconverter: (prefix this;, class class de.uka.ilkd.key.java.reference.ThisReference) 
50097      DEBUG Thread-25       d.u.i.k.r.m.MethodCall    method-call: called for super.<init>(); 
50097      DEBUG Thread-25       d.u.i.k.r.m.MethodCall    method-call: super invocation of method detected.Requires static resolving. 
50102      DEBUG Thread-25       d.u.i.k.j.TypeConverter   typeconverter: (prefix this;, class class de.uka.ilkd.key.java.reference.ThisReference) 
50115      DEBUG Thread-25       d.u.i.k.j.TypeConverter   TypeConverter: FieldReference: o1; 
50121      DEBUG Thread-25       d.u.i.k.j.TypeConverter   TypeConverter: FieldReference: o0; 
50139      DEBUG Thread-25       d.u.i.k.j.TypeConverter   TypeConverter: FieldReference: o2; 
50305      INFO  main            d.u.i.k.p.r.p.TestFile    ... finished proof: closed. 
50468      DEBUG main            d.u.i.k.s.TermLabelSettings TermLabelSettings: Failure while reading the setting "UseOriginLabels".Using the default value: true.The string read was: null 
50468      INFO  main            d.u.i.k.p.r.p.TestFile    Now processing file /home/runner/work/key/key/key.core/../key.ui/examples/InformationFlow/NewObjects/object.ObjectOrientation(object.ObjectOrientation__insecure_object_assignment()).JML operation contract.1.key 
51265      DEBUG main            d.u.i.k.j.r.ClassPreparationMethodBuilder clPrepBuilder: Inner Class detected. Reject building class initialisation methods. 
51313      DEBUG main            d.u.i.k.j.Recoder2KeY     converting now /home/runner/work/key/key/key.core/../key.ui/examples/InformationFlow/NewObjects/src/object/Naumann.java 
51314      DEBUG main            d.u.i.k.j.Recoder2KeY     converting now /home/runner/work/key/key/key.core/../key.ui/examples/InformationFlow/NewObjects/src/object/AmtoftBanerjee.java 
51315      DEBUG main            d.u.i.k.j.Recoder2KeY     converting now /home/runner/work/key/key/key.core/../key.ui/examples/InformationFlow/NewObjects/src/object/AmtoftBanerjee2.java 
51315      DEBUG main            d.u.i.k.j.Recoder2KeY     converting now /home/runner/work/key/key/key.core/../key.ui/examples/InformationFlow/NewObjects/src/object/ObjectOrientation.java 
51316      DEBUG main            d.u.i.k.j.Recoder2KeY     converting now /home/runner/work/key/key/key.core/../key.ui/examples/InformationFlow/NewObjects/src/object/AmtoftBanerjee3.java 
51321      DEBUG main            d.u.i.k.s.TermLabelSettings TermLabelSettings: Failure while reading the setting "UseOriginLabels".Using the default value: true.The string read was: null 
51321      DEBUG main            d.u.i.k.p.i.KeYFile       Reading KeY file /home/runner/work/key/key/key.core/../key.ui/examples/InformationFlow/NewObjects/object.ObjectOrientation(object.ObjectOrientation__insecure_object_assignment()).JML operation contract.1.key 
51322      DEBUG main            d.u.i.k.p.i.KeYFile       Reading KeY file file:/home/runner/work/key/key/key.core/build/resources/main/de/uka/ilkd/key/java/JavaRedux/java/lang/String.key 
51325      DEBUG main            d.u.i.k.p.i.KeYFile       Read specifications obtained when parsing the Java files (usually JML and Strings.key) from file:/home/runner/work/key/key/key.core/build/resources/main/de/uka/ilkd/key/java/JavaRedux/java/lang/String.key 
53085      DEBUG main            d.u.i.k.p.i.KeYFile       Read specifications obtained when parsing the Java files (usually JML and Strings.key) from /home/runner/work/key/key/key.core/../key.ui/examples/InformationFlow/NewObjects/object.ObjectOrientation(object.ObjectOrientation__insecure_object_assignment()).JML operation contract.1.key 
53144      DEBUG Thread-27       d.u.i.k.j.TypeConverter   TypeConverter: FieldReference: high_object; 
53146      DEBUG Thread-27       d.u.i.k.j.TypeConverter   TypeConverter: FieldReference: o0; 
53230      INFO  main            d.u.i.k.p.r.p.TestFile    ... finished proof: closed. 
53383      DEBUG main            d.u.i.k.s.TermLabelSettings TermLabelSettings: Failure while reading the setting "UseOriginLabels".Using the default value: true.The string read was: null 
53383      INFO  main            d.u.i.k.p.r.p.TestFile    Now processing file /home/runner/work/key/key/key.core/../key.ui/examples/InformationFlow/NewObjects/object.ObjectOrientation(object.ObjectOrientation__insecure_object_assignment()).JML operation contract.0.key 
54196      DEBUG main            d.u.i.k.j.r.ClassPreparationMethodBuilder clPrepBuilder: Inner Class detected. Reject building class initialisation methods. 
54245      DEBUG main            d.u.i.k.j.Recoder2KeY     converting now /home/runner/work/key/key/key.core/../key.ui/examples/InformationFlow/NewObjects/src/object/Naumann.java 
54246      DEBUG main            d.u.i.k.j.Recoder2KeY     converting now /home/runner/work/key/key/key.core/../key.ui/examples/InformationFlow/NewObjects/src/object/AmtoftBanerjee.java 
54247      DEBUG main            d.u.i.k.j.Recoder2KeY     converting now /home/runner/work/key/key/key.core/../key.ui/examples/InformationFlow/NewObjects/src/object/AmtoftBanerjee2.java 
54248      DEBUG main            d.u.i.k.j.Recoder2KeY     converting now /home/runner/work/key/key/key.core/../key.ui/examples/InformationFlow/NewObjects/src/object/ObjectOrientation.java 
54249      DEBUG main            d.u.i.k.j.Recoder2KeY     converting now /home/runner/work/key/key/key.core/../key.ui/examples/InformationFlow/NewObjects/src/object/AmtoftBanerjee3.java 
54253      DEBUG main            d.u.i.k.s.TermLabelSettings TermLabelSettings: Failure while reading the setting "UseOriginLabels".Using the default value: true.The string read was: null 
54253      DEBUG main            d.u.i.k.p.i.KeYFile       Reading KeY file /home/runner/work/key/key/key.core/../key.ui/examples/InformationFlow/NewObjects/object.ObjectOrientation(object.ObjectOrientation__insecure_object_assignment()).JML operation contract.0.key 
54254      DEBUG main            d.u.i.k.p.i.KeYFile       Reading KeY file file:/home/runner/work/key/key/key.core/build/resources/main/de/uka/ilkd/key/java/JavaRedux/java/lang/String.key 
54256      DEBUG main            d.u.i.k.p.i.KeYFile       Read specifications obtained when parsing the Java files (usually JML and Strings.key) from file:/home/runner/work/key/key/key.core/build/resources/main/de/uka/ilkd/key/java/JavaRedux/java/lang/String.key 
56071      DEBUG main            d.u.i.k.p.i.KeYFile       Read specifications obtained when parsing the Java files (usually JML and Strings.key) from /home/runner/work/key/key/key.core/../key.ui/examples/InformationFlow/NewObjects/object.ObjectOrientation(object.ObjectOrientation__insecure_object_assignment()).JML operation contract.0.key 
56135      DEBUG Thread-29       d.u.i.k.j.TypeConverter   TypeConverter: FieldReference: high_object; 
56137      DEBUG Thread-29       d.u.i.k.j.TypeConverter   TypeConverter: FieldReference: o0; 
56221      INFO  main            d.u.i.k.p.r.p.TestFile    ... finished proof: closed. 
56388      DEBUG main            d.u.i.k.s.TermLabelSettings TermLabelSettings: Failure while reading the setting "UseOriginLabels".Using the default value: true.The string read was: null 
56388      INFO  main            d.u.i.k.p.r.p.TestFile    Now processing file /home/runner/work/key/key/key.core/../key.ui/examples/InformationFlow/NewObjects/object.ObjectOrientation(object.ObjectOrientation__secure_object_creation_3()).JML operation contract.0.key 
57189      DEBUG main            d.u.i.k.j.r.ClassPreparationMethodBuilder clPrepBuilder: Inner Class detected. Reject building class initialisation methods. 
57238      DEBUG main            d.u.i.k.j.Recoder2KeY     converting now /home/runner/work/key/key/key.core/../key.ui/examples/InformationFlow/NewObjects/src/object/Naumann.java 
57240      DEBUG main            d.u.i.k.j.Recoder2KeY     converting now /home/runner/work/key/key/key.core/../key.ui/examples/InformationFlow/NewObjects/src/object/AmtoftBanerjee.java 
57240      DEBUG main            d.u.i.k.j.Recoder2KeY     converting now /home/runner/work/key/key/key.core/../key.ui/examples/InformationFlow/NewObjects/src/object/AmtoftBanerjee2.java 
57241      DEBUG main            d.u.i.k.j.Recoder2KeY     converting now /home/runner/work/key/key/key.core/../key.ui/examples/InformationFlow/NewObjects/src/object/ObjectOrientation.java 
57242      DEBUG main            d.u.i.k.j.Recoder2KeY     converting now /home/runner/work/key/key/key.core/../key.ui/examples/InformationFlow/NewObjects/src/object/AmtoftBanerjee3.java 
57247      DEBUG main            d.u.i.k.s.TermLabelSettings TermLabelSettings: Failure while reading the setting "UseOriginLabels".Using the default value: true.The string read was: null 
57247      DEBUG main            d.u.i.k.p.i.KeYFile       Reading KeY file /home/runner/work/key/key/key.core/../key.ui/examples/InformationFlow/NewObjects/object.ObjectOrientation(object.ObjectOrientation__secure_object_creation_3()).JML operation contract.0.key 
57248      DEBUG main            d.u.i.k.p.i.KeYFile       Reading KeY file file:/home/runner/work/key/key/key.core/build/resources/main/de/uka/ilkd/key/java/JavaRedux/java/lang/String.key 
57250      DEBUG main            d.u.i.k.p.i.KeYFile       Read specifications obtained when parsing the Java files (usually JML and Strings.key) from file:/home/runner/work/key/key/key.core/build/resources/main/de/uka/ilkd/key/java/JavaRedux/java/lang/String.key 
59023      DEBUG main            d.u.i.k.p.i.KeYFile       Read specifications obtained when parsing the Java files (usually JML and Strings.key) from /home/runner/work/key/key/key.core/../key.ui/examples/InformationFlow/NewObjects/object.ObjectOrientation(object.ObjectOrientation__secure_object_creation_3()).JML operation contract.0.key 
59089      DEBUG Thread-31       d.u.i.k.r.m.MethodCall    method-call: called for ObjectOrientation.<createObject>(); 
59090      DEBUG Thread-31       d.u.i.k.r.m.MethodCall    method-call: invocation of static method detected 
59094      DEBUG Thread-31       d.u.i.k.r.m.MethodCall    method-call: called for ObjectOrientation.<allocate>(); 
59094      DEBUG Thread-31       d.u.i.k.r.m.MethodCall    method-call: invocation of static method detected 
59105      DEBUG Thread-31       d.u.i.k.j.TypeConverter   typeconverter: (prefix this;, class class de.uka.ilkd.key.java.reference.ThisReference) 
59109      DEBUG Thread-31       d.u.i.k.r.m.MethodCall    method-call: called for <prepareEnter>(); 
59109      DEBUG Thread-31       d.u.i.k.r.m.MethodCall    method-call: invocation of private method detected.Requires static resolving. 
59113      DEBUG Thread-31       d.u.i.k.r.m.MethodCall    method-call: called for super.<prepare>(); 
59113      DEBUG Thread-31       d.u.i.k.r.m.MethodCall    method-call: super invocation of method detected.Requires static resolving. 
59118      DEBUG Thread-31       d.u.i.k.j.TypeConverter   typeconverter: (prefix this;, class class de.uka.ilkd.key.java.reference.ThisReference) 
59122      DEBUG Thread-31       d.u.i.k.j.TypeConverter   typeconverter: (prefix this;, class class de.uka.ilkd.key.java.reference.ThisReference) 
59140      DEBUG Thread-31       d.u.i.k.r.m.MethodCall    method-call: called for super.<init>(); 
59140      DEBUG Thread-31       d.u.i.k.r.m.MethodCall    method-call: super invocation of method detected.Requires static resolving. 
59145      DEBUG Thread-31       d.u.i.k.j.TypeConverter   typeconverter: (prefix this;, class class de.uka.ilkd.key.java.reference.ThisReference) 
59268      INFO  main            d.u.i.k.p.r.p.TestFile    ... finished proof: closed. 
59434      DEBUG main            d.u.i.k.s.TermLabelSettings TermLabelSettings: Failure while reading the setting "UseOriginLabels".Using the default value: true.The string read was: null 
59434      INFO  main            d.u.i.k.p.r.p.TestFile    Now processing file /home/runner/work/key/key/key.core/../key.ui/examples/InformationFlow/NewObjects/object.ObjectOrientation(object.ObjectOrientation__secure_object_creation_2()).JML operation contract.0.key 
60228      DEBUG main            d.u.i.k.j.r.ClassPreparationMethodBuilder clPrepBuilder: Inner Class detected. Reject building class initialisation methods. 
60276      DEBUG main            d.u.i.k.j.Recoder2KeY     converting now /home/runner/work/key/key/key.core/../key.ui/examples/InformationFlow/NewObjects/src/object/Naumann.java 
60277      DEBUG main            d.u.i.k.j.Recoder2KeY     converting now /home/runner/work/key/key/key.core/../key.ui/examples/InformationFlow/NewObjects/src/object/AmtoftBanerjee.java 
60278      DEBUG main            d.u.i.k.j.Recoder2KeY     converting now /home/runner/work/key/key/key.core/../key.ui/examples/InformationFlow/NewObjects/src/object/AmtoftBanerjee2.java 
60278      DEBUG main            d.u.i.k.j.Recoder2KeY     converting now /home/runner/work/key/key/key.core/../key.ui/examples/InformationFlow/NewObjects/src/object/ObjectOrientation.java 
60279      DEBUG main            d.u.i.k.j.Recoder2KeY     converting now /home/runner/work/key/key/key.core/../key.ui/examples/InformationFlow/NewObjects/src/object/AmtoftBanerjee3.java 
60283      DEBUG main            d.u.i.k.s.TermLabelSettings TermLabelSettings: Failure while reading the setting "UseOriginLabels".Using the default value: true.The string read was: null 
60284      DEBUG main            d.u.i.k.p.i.KeYFile       Reading KeY file /home/runner/work/key/key/key.core/../key.ui/examples/InformationFlow/NewObjects/object.ObjectOrientation(object.ObjectOrientation__secure_object_creation_2()).JML operation contract.0.key 
60284      DEBUG main            d.u.i.k.p.i.KeYFile       Reading KeY file file:/home/runner/work/key/key/key.core/build/resources/main/de/uka/ilkd/key/java/JavaRedux/java/lang/String.key 
60287      DEBUG main            d.u.i.k.p.i.KeYFile       Read specifications obtained when parsing the Java files (usually JML and Strings.key) from file:/home/runner/work/key/key/key.core/build/resources/main/de/uka/ilkd/key/java/JavaRedux/java/lang/String.key 
62027      DEBUG main            d.u.i.k.p.i.KeYFile       Read specifications obtained when parsing the Java files (usually JML and Strings.key) from /home/runner/work/key/key/key.core/../key.ui/examples/InformationFlow/NewObjects/object.ObjectOrientation(object.ObjectOrientation__secure_object_creation_2()).JML operation contract.0.key 
62106      DEBUG Thread-33       d.u.i.k.r.m.MethodCall    method-call: called for ObjectOrientation.<createObject>(); 
62106      DEBUG Thread-33       d.u.i.k.r.m.MethodCall    method-call: invocation of static method detected 
62110      DEBUG Thread-33       d.u.i.k.r.m.MethodCall    method-call: called for ObjectOrientation.<allocate>(); 
62110      DEBUG Thread-33       d.u.i.k.r.m.MethodCall    method-call: invocation of static method detected 
62121      DEBUG Thread-33       d.u.i.k.j.TypeConverter   typeconverter: (prefix this;, class class de.uka.ilkd.key.java.reference.ThisReference) 
62124      DEBUG Thread-33       d.u.i.k.r.m.MethodCall    method-call: called for <prepareEnter>(); 
62124      DEBUG Thread-33       d.u.i.k.r.m.MethodCall    method-call: invocation of private method detected.Requires static resolving. 
62127      DEBUG Thread-33       d.u.i.k.r.m.MethodCall    method-call: called for super.<prepare>(); 
62127      DEBUG Thread-33       d.u.i.k.r.m.MethodCall    method-call: super invocation of method detected.Requires static resolving. 
62132      DEBUG Thread-33       d.u.i.k.j.TypeConverter   typeconverter: (prefix this;, class class de.uka.ilkd.key.java.reference.ThisReference) 
62135      DEBUG Thread-33       d.u.i.k.j.TypeConverter   typeconverter: (prefix this;, class class de.uka.ilkd.key.java.reference.ThisReference) 
62153      DEBUG Thread-33       d.u.i.k.r.m.MethodCall    method-call: called for super.<init>(); 
62153      DEBUG Thread-33       d.u.i.k.r.m.MethodCall    method-call: super invocation of method detected.Requires static resolving. 
62158      DEBUG Thread-33       d.u.i.k.j.TypeConverter   typeconverter: (prefix this;, class class de.uka.ilkd.key.java.reference.ThisReference) 
62285      INFO  main            d.u.i.k.p.r.p.TestFile    ... finished proof: closed. 
62447      DEBUG main            d.u.i.k.s.TermLabelSettings TermLabelSettings: Failure while reading the setting "UseOriginLabels".Using the default value: true.The string read was: null 
62447      INFO  main            d.u.i.k.p.r.p.TestFile    Now processing file /home/runner/work/key/key/key.core/../key.ui/examples/InformationFlow/NewObjects/object.ObjectOrientation(object.ObjectOrientation__secure_object_creation()).JML operation contract.0.key 
63242      DEBUG main            d.u.i.k.j.r.ClassPreparationMethodBuilder clPrepBuilder: Inner Class detected. Reject building class initialisation methods. 
63290      DEBUG main            d.u.i.k.j.Recoder2KeY     converting now /home/runner/work/key/key/key.core/../key.ui/examples/InformationFlow/NewObjects/src/object/Naumann.java 
63291      DEBUG main            d.u.i.k.j.Recoder2KeY     converting now /home/runner/work/key/key/key.core/../key.ui/examples/InformationFlow/NewObjects/src/object/AmtoftBanerjee.java 
63292      DEBUG main            d.u.i.k.j.Recoder2KeY     converting now /home/runner/work/key/key/key.core/../key.ui/examples/InformationFlow/NewObjects/src/object/AmtoftBanerjee2.java 
63293      DEBUG main            d.u.i.k.j.Recoder2KeY     converting now /home/runner/work/key/key/key.core/../key.ui/examples/InformationFlow/NewObjects/src/object/ObjectOrientation.java 
63294      DEBUG main            d.u.i.k.j.Recoder2KeY     converting now /home/runner/work/key/key/key.core/../key.ui/examples/InformationFlow/NewObjects/src/object/AmtoftBanerjee3.java 
63298      DEBUG main            d.u.i.k.s.TermLabelSettings TermLabelSettings: Failure while reading the setting "UseOriginLabels".Using the default value: true.The string read was: null 
63298      DEBUG main            d.u.i.k.p.i.KeYFile       Reading KeY file /home/runner/work/key/key/key.core/../key.ui/examples/InformationFlow/NewObjects/object.ObjectOrientation(object.ObjectOrientation__secure_object_creation()).JML operation contract.0.key 
63299      DEBUG main            d.u.i.k.p.i.KeYFile       Reading KeY file file:/home/runner/work/key/key/key.core/build/resources/main/de/uka/ilkd/key/java/JavaRedux/java/lang/String.key 
63302      DEBUG main            d.u.i.k.p.i.KeYFile       Read specifications obtained when parsing the Java files (usually JML and Strings.key) from file:/home/runner/work/key/key/key.core/build/resources/main/de/uka/ilkd/key/java/JavaRedux/java/lang/String.key 
65036      DEBUG main            d.u.i.k.p.i.KeYFile       Read specifications obtained when parsing the Java files (usually JML and Strings.key) from /home/runner/work/key/key/key.core/../key.ui/examples/InformationFlow/NewObjects/object.ObjectOrientation(object.ObjectOrientation__secure_object_creation()).JML operation contract.0.key 
65101      DEBUG Thread-35       d.u.i.k.r.m.MethodCall    method-call: called for ObjectOrientation.<createObject>(); 
65101      DEBUG Thread-35       d.u.i.k.r.m.MethodCall    method-call: invocation of static method detected 
65105      DEBUG Thread-35       d.u.i.k.r.m.MethodCall    method-call: called for ObjectOrientation.<allocate>(); 
65106      DEBUG Thread-35       d.u.i.k.r.m.MethodCall    method-call: invocation of static method detected 
65116      DEBUG Thread-35       d.u.i.k.j.TypeConverter   typeconverter: (prefix this;, class class de.uka.ilkd.key.java.reference.ThisReference) 
65120      DEBUG Thread-35       d.u.i.k.r.m.MethodCall    method-call: called for <prepareEnter>(); 
65120      DEBUG Thread-35       d.u.i.k.r.m.MethodCall    method-call: invocation of private method detected.Requires static resolving. 
65123      DEBUG Thread-35       d.u.i.k.r.m.MethodCall    method-call: called for super.<prepare>(); 
65123      DEBUG Thread-35       d.u.i.k.r.m.MethodCall    method-call: super invocation of method detected.Requires static resolving. 
65128      DEBUG Thread-35       d.u.i.k.j.TypeConverter   typeconverter: (prefix this;, class class de.uka.ilkd.key.java.reference.ThisReference) 
65132      DEBUG Thread-35       d.u.i.k.j.TypeConverter   typeconverter: (prefix this;, class class de.uka.ilkd.key.java.reference.ThisReference) 
65151      DEBUG Thread-35       d.u.i.k.r.m.MethodCall    method-call: called for super.<init>(); 
65151      DEBUG Thread-35       d.u.i.k.r.m.MethodCall    method-call: super invocation of method detected.Requires static resolving. 
65156      DEBUG Thread-35       d.u.i.k.j.TypeConverter   typeconverter: (prefix this;, class class de.uka.ilkd.key.java.reference.ThisReference) 
65278      INFO  main            d.u.i.k.p.r.p.TestFile    ... finished proof: closed. 
65448      DEBUG main            d.u.i.k.s.TermLabelSettings TermLabelSettings: Failure while reading the setting "UseOriginLabels".Using the default value: true.The string read was: null 
65448      INFO  main            d.u.i.k.p.r.p.TestFile    Now processing file /home/runner/work/key/key/key.core/../key.ui/examples/InformationFlow/NewObjects/object.AmtoftBanerjee2(object.AmtoftBanerjee2__expensive(int)).JML accessible clause.0.key 
66239      DEBUG main            d.u.i.k.j.r.ClassPreparationMethodBuilder clPrepBuilder: Inner Class detected. Reject building class initialisation methods. 
66287      DEBUG main            d.u.i.k.j.Recoder2KeY     converting now /home/runner/work/key/key/key.core/../key.ui/examples/InformationFlow/NewObjects/src/object/Naumann.java 
66288      DEBUG main            d.u.i.k.j.Recoder2KeY     converting now /home/runner/work/key/key/key.core/../key.ui/examples/InformationFlow/NewObjects/src/object/AmtoftBanerjee.java 
66289      DEBUG main            d.u.i.k.j.Recoder2KeY     converting now /home/runner/work/key/key/key.core/../key.ui/examples/InformationFlow/NewObjects/src/object/AmtoftBanerjee2.java 
66289      DEBUG main            d.u.i.k.j.Recoder2KeY     converting now /home/runner/work/key/key/key.core/../key.ui/examples/InformationFlow/NewObjects/src/object/ObjectOrientation.java 
66290      DEBUG main            d.u.i.k.j.Recoder2KeY     converting now /home/runner/work/key/key/key.core/../key.ui/examples/InformationFlow/NewObjects/src/object/AmtoftBanerjee3.java 
66295      DEBUG main            d.u.i.k.s.TermLabelSettings TermLabelSettings: Failure while reading the setting "UseOriginLabels".Using the default value: true.The string read was: null 
66295      DEBUG main            d.u.i.k.p.i.KeYFile       Reading KeY file /home/runner/work/key/key/key.core/../key.ui/examples/InformationFlow/NewObjects/object.AmtoftBanerjee2(object.AmtoftBanerjee2__expensive(int)).JML accessible clause.0.key 
66296      DEBUG main            d.u.i.k.p.i.KeYFile       Reading KeY file file:/home/runner/work/key/key/key.core/build/resources/main/de/uka/ilkd/key/java/JavaRedux/java/lang/String.key 
66298      DEBUG main            d.u.i.k.p.i.KeYFile       Read specifications obtained when parsing the Java files (usually JML and Strings.key) from file:/home/runner/work/key/key/key.core/build/resources/main/de/uka/ilkd/key/java/JavaRedux/java/lang/String.key 
68016      DEBUG main            d.u.i.k.p.i.KeYFile       Read specifications obtained when parsing the Java files (usually JML and Strings.key) from /home/runner/work/key/key/key.core/../key.ui/examples/InformationFlow/NewObjects/object.AmtoftBanerjee2(object.AmtoftBanerjee2__expensive(int)).JML accessible clause.0.key 
68160      INFO  main            d.u.i.k.p.r.p.TestFile    ... finished proof: closed. 
68325      DEBUG main            d.u.i.k.s.TermLabelSettings TermLabelSettings: Failure while reading the setting "UseOriginLabels".Using the default value: true.The string read was: null 
68325      INFO  main            d.u.i.k.p.r.p.TestFile    Now processing file /home/runner/work/key/key/key.core/../key.ui/examples/InformationFlow/NewObjects/object.AmtoftBanerjee2(object.AmtoftBanerjee2__expensive(int)).JML normal_behavior operation contract.0.key 
69139      DEBUG main            d.u.i.k.j.r.ClassPreparationMethodBuilder clPrepBuilder: Inner Class detected. Reject building class initialisation methods. 
69186      DEBUG main            d.u.i.k.j.Recoder2KeY     converting now /home/runner/work/key/key/key.core/../key.ui/examples/InformationFlow/NewObjects/src/object/Naumann.java 
69188      DEBUG main            d.u.i.k.j.Recoder2KeY     converting now /home/runner/work/key/key/key.core/../key.ui/examples/InformationFlow/NewObjects/src/object/AmtoftBanerjee.java 
69189      DEBUG main            d.u.i.k.j.Recoder2KeY     converting now /home/runner/work/key/key/key.core/../key.ui/examples/InformationFlow/NewObjects/src/object/AmtoftBanerjee2.java 
69189      DEBUG main            d.u.i.k.j.Recoder2KeY     converting now /home/runner/work/key/key/key.core/../key.ui/examples/InformationFlow/NewObjects/src/object/ObjectOrientation.java 
69191      DEBUG main            d.u.i.k.j.Recoder2KeY     converting now /home/runner/work/key/key/key.core/../key.ui/examples/InformationFlow/NewObjects/src/object/AmtoftBanerjee3.java 
69195      DEBUG main            d.u.i.k.s.TermLabelSettings TermLabelSettings: Failure while reading the setting "UseOriginLabels".Using the default value: true.The string read was: null 
69195      DEBUG main            d.u.i.k.p.i.KeYFile       Reading KeY file /home/runner/work/key/key/key.core/../key.ui/examples/InformationFlow/NewObjects/object.AmtoftBanerjee2(object.AmtoftBanerjee2__expensive(int)).JML normal_behavior operation contract.0.key 
69196      DEBUG main            d.u.i.k.p.i.KeYFile       Reading KeY file file:/home/runner/work/key/key/key.core/build/resources/main/de/uka/ilkd/key/java/JavaRedux/java/lang/String.key 
69198      DEBUG main            d.u.i.k.p.i.KeYFile       Read specifications obtained when parsing the Java files (usually JML and Strings.key) from file:/home/runner/work/key/key/key.core/build/resources/main/de/uka/ilkd/key/java/JavaRedux/java/lang/String.key 
70915      DEBUG main            d.u.i.k.p.i.KeYFile       Read specifications obtained when parsing the Java files (usually JML and Strings.key) from /home/runner/work/key/key/key.core/../key.ui/examples/InformationFlow/NewObjects/object.AmtoftBanerjee2(object.AmtoftBanerjee2__expensive(int)).JML normal_behavior operation contract.0.key 
70985      DEBUG Thread-39       d.u.i.k.r.m.MethodCall    method-call: called for callee.expensive(z_0); 
70986      DEBUG Thread-39       d.u.i.k.r.m.MethodCall    method-call: invocation of non-private instance method detected.Requires dynamic resolving. 
71061      INFO  main            d.u.i.k.p.r.p.TestFile    ... finished proof: closed. 
71228      DEBUG main            d.u.i.k.s.TermLabelSettings TermLabelSettings: Failure while reading the setting "UseOriginLabels".Using the default value: true.The string read was: null 
71228      INFO  main            d.u.i.k.p.r.p.TestFile    Now processing file /home/runner/work/key/key/key.core/../key.ui/examples/InformationFlow/NewObjects/object.AmtoftBanerjee2(object.AmtoftBanerjee2__cexp(int)).JML normal_behavior operation contract.0.key 
72032      DEBUG main            d.u.i.k.j.r.ClassPreparationMethodBuilder clPrepBuilder: Inner Class detected. Reject building class initialisation methods. 
72079      DEBUG main            d.u.i.k.j.Recoder2KeY     converting now /home/runner/work/key/key/key.core/../key.ui/examples/InformationFlow/NewObjects/src/object/Naumann.java 
72081      DEBUG main            d.u.i.k.j.Recoder2KeY     converting now /home/runner/work/key/key/key.core/../key.ui/examples/InformationFlow/NewObjects/src/object/AmtoftBanerjee.java 
72081      DEBUG main            d.u.i.k.j.Recoder2KeY     converting now /home/runner/work/key/key/key.core/../key.ui/examples/InformationFlow/NewObjects/src/object/AmtoftBanerjee2.java 
72082      DEBUG main            d.u.i.k.j.Recoder2KeY     converting now /home/runner/work/key/key/key.core/../key.ui/examples/InformationFlow/NewObjects/src/object/ObjectOrientation.java 
72083      DEBUG main            d.u.i.k.j.Recoder2KeY     converting now /home/runner/work/key/key/key.core/../key.ui/examples/InformationFlow/NewObjects/src/object/AmtoftBanerjee3.java 
72087      DEBUG main            d.u.i.k.s.TermLabelSettings TermLabelSettings: Failure while reading the setting "UseOriginLabels".Using the default value: true.The string read was: null 
72087      DEBUG main            d.u.i.k.p.i.KeYFile       Reading KeY file /home/runner/work/key/key/key.core/../key.ui/examples/InformationFlow/NewObjects/object.AmtoftBanerjee2(object.AmtoftBanerjee2__cexp(int)).JML normal_behavior operation contract.0.key 
72088      DEBUG main            d.u.i.k.p.i.KeYFile       Reading KeY file file:/home/runner/work/key/key/key.core/build/resources/main/de/uka/ilkd/key/java/JavaRedux/java/lang/String.key 
72090      DEBUG main            d.u.i.k.p.i.KeYFile       Read specifications obtained when parsing the Java files (usually JML and Strings.key) from file:/home/runner/work/key/key/key.core/build/resources/main/de/uka/ilkd/key/java/JavaRedux/java/lang/String.key 
73829      DEBUG main            d.u.i.k.p.i.KeYFile       Read specifications obtained when parsing the Java files (usually JML and Strings.key) from /home/runner/work/key/key/key.core/../key.ui/examples/InformationFlow/NewObjects/object.AmtoftBanerjee2(object.AmtoftBanerjee2__cexp(int)).JML normal_behavior operation contract.0.key 
73895      DEBUG Thread-41       d.u.i.k.j.TypeConverter   typeconverter: (prefix this;, class class de.uka.ilkd.key.java.reference.ThisReference) 
73932      DEBUG Thread-41       d.u.i.k.j.TypeConverter   typeconverter: (prefix this;, class class de.uka.ilkd.key.java.reference.ThisReference) 
73935      DEBUG Thread-41       d.u.i.k.j.TypeConverter   typeconverter: (prefix this;, class class de.uka.ilkd.key.java.reference.ThisReference) 
73982      DEBUG Thread-41       d.u.i.k.j.TypeConverter   typeconverter: (prefix this;, class class de.uka.ilkd.key.java.reference.ThisReference) 
74011      DEBUG Thread-41       d.u.i.k.j.TypeConverter   typeconverter: (prefix this;, class class de.uka.ilkd.key.java.reference.ThisReference) 
74014      DEBUG Thread-41       d.u.i.k.j.TypeConverter   typeconverter: (prefix this;, class class de.uka.ilkd.key.java.reference.ThisReference) 
74171      INFO  main            d.u.i.k.p.r.p.TestFile    ... finished proof: closed. 
74389      DEBUG main            d.u.i.k.s.TermLabelSettings TermLabelSettings: Failure while reading the setting "UseOriginLabels".Using the default value: true.The string read was: null 
74389      INFO  main            d.u.i.k.p.r.p.TestFile    Now processing file /home/runner/work/key/key/key.core/../key.ui/examples/InformationFlow/PasswordFile/passwordfile.SecurePasswordFile(passwordfile.SecurePasswordFile___userIndex()).JML accessible clause.0.key 
75219      DEBUG main            d.u.i.k.j.Recoder2KeY     converting now /home/runner/work/key/key/key.core/../key.ui/examples/InformationFlow/PasswordFile/src/passwordfile/SecurePasswordFile.java 
75224      DEBUG main            d.u.i.k.s.TermLabelSettings TermLabelSettings: Failure while reading the setting "UseOriginLabels".Using the default value: true.The string read was: null 
75224      DEBUG main            d.u.i.k.p.i.KeYFile       Reading KeY file /home/runner/work/key/key/key.core/../key.ui/examples/InformationFlow/PasswordFile/passwordfile.SecurePasswordFile(passwordfile.SecurePasswordFile___userIndex()).JML accessible clause.0.key 
75226      DEBUG main            d.u.i.k.p.i.KeYFile       Reading KeY file file:/home/runner/work/key/key/key.core/build/resources/main/de/uka/ilkd/key/java/JavaRedux/java/lang/String.key 
75231      DEBUG main            d.u.i.k.p.i.KeYFile       Read specifications obtained when parsing the Java files (usually JML and Strings.key) from file:/home/runner/work/key/key/key.core/build/resources/main/de/uka/ilkd/key/java/JavaRedux/java/lang/String.key 
76812      DEBUG main            d.u.i.k.p.i.KeYFile       Read specifications obtained when parsing the Java files (usually JML and Strings.key) from /home/runner/work/key/key/key.core/../key.ui/examples/InformationFlow/PasswordFile/passwordfile.SecurePasswordFile(passwordfile.SecurePasswordFile___userIndex()).JML accessible clause.0.key 
76965      INFO  main            d.u.i.k.p.r.p.TestFile    ... finished proof: open goal(s) 
529169     INFO  Test worker     d.u.i.k.p.r.RunAllProofsTestUnit Returning from test NewObjects 
529172     INFO  Test worker     d.u.i.k.p.r.RunAllProofsTestUnit Running test SimpleEvoting 
361        INFO  Timeout watchdog d.u.i.k.p.r.p.ForkedTestFileRunner Timeout watcher launched (1000 secs.) 
370        WARN  main            d.u.i.k.s.ProofSettings   The settings in /home/runner/.key/proof-settings.props are *not* read. 
416        DEBUG main            d.u.i.k.s.TermLabelSettings TermLabelSettings: Failure while reading the setting "UseOriginLabels".Using the default value: true.The string read was: null 
416        INFO  main            d.u.i.k.p.r.p.TestFile    Now processing file /home/runner/work/key/key/key.core/../key.ui/examples/InformationFlow/SimpleEvoting/simple_evoting.Environment(simple_evoting.Environment__untrustedOutputMessage((B)).JML normal_behavior operation contract.0.key 
1045       DEBUG main            d.u.i.k.p.i.KeYFile       Reading KeY file file:/home/runner/work/key/key/key.core/build/resources/main/de/uka/ilkd/key/proof/rules/ldt.key 
1045       DEBUG main            d.u.i.k.p.i.KeYFile       Read specifications obtained when parsing the Java files (usually JML and Strings.key) from file:/home/runner/work/key/key/key.core/build/resources/main/de/uka/ilkd/key/proof/rules/ldt.key 
1055       DEBUG main            d.u.i.k.p.i.KeYFile       Reading KeY file file:/home/runner/work/key/key/key.core/build/resources/main/de/uka/ilkd/key/proof/rules/propRule.key 
1056       DEBUG main            d.u.i.k.p.i.KeYFile       Read specifications obtained when parsing the Java files (usually JML and Strings.key) from file:/home/runner/work/key/key/key.core/build/resources/main/de/uka/ilkd/key/proof/rules/propRule.key 
1094       DEBUG main            d.u.i.k.p.i.KeYFile       Reading KeY file file:/home/runner/work/key/key/key.core/build/resources/main/de/uka/ilkd/key/proof/rules/firstOrderRules.key 
1095       DEBUG main            d.u.i.k.p.i.KeYFile       Read specifications obtained when parsing the Java files (usually JML and Strings.key) from file:/home/runner/work/key/key/key.core/build/resources/main/de/uka/ilkd/key/proof/rules/firstOrderRules.key 
1123       DEBUG main            d.u.i.k.p.i.KeYFile       Reading KeY file file:/home/runner/work/key/key/key.core/build/resources/main/de/uka/ilkd/key/proof/rules/ifThenElseRules.key 
1123       DEBUG main            d.u.i.k.p.i.KeYFile       Read specifications obtained when parsing the Java files (usually JML and Strings.key) from file:/home/runner/work/key/key/key.core/build/resources/main/de/uka/ilkd/key/proof/rules/ifThenElseRules.key 
1212       DEBUG main            d.u.i.k.p.i.KeYFile       Reading KeY file file:/home/runner/work/key/key/key.core/build/resources/main/de/uka/ilkd/key/proof/rules/formulaNormalisationRules.key 
1213       DEBUG main            d.u.i.k.p.i.KeYFile       Read specifications obtained when parsing the Java files (usually JML and Strings.key) from file:/home/runner/work/key/key/key.core/build/resources/main/de/uka/ilkd/key/proof/rules/formulaNormalisationRules.key 
1308       DEBUG main            d.u.i.k.p.i.KeYFile       Reading KeY file file:/home/runner/work/key/key/key.core/build/resources/main/de/uka/ilkd/key/proof/rules/updateRules.key 
1308       DEBUG main            d.u.i.k.p.i.KeYFile       Read specifications obtained when parsing the Java files (usually JML and Strings.key) from file:/home/runner/work/key/key/key.core/build/resources/main/de/uka/ilkd/key/proof/rules/updateRules.key 
1333       DEBUG main            d.u.i.k.p.i.KeYFile       Reading KeY file file:/home/runner/work/key/key/key.core/build/resources/main/de/uka/ilkd/key/proof/rules/integerRulesCommon.key 
1334       DEBUG main            d.u.i.k.p.i.KeYFile       Read specifications obtained when parsing the Java files (usually JML and Strings.key) from file:/home/runner/work/key/key/key.core/build/resources/main/de/uka/ilkd/key/proof/rules/integerRulesCommon.key 
1451       DEBUG main            d.u.i.k.p.i.KeYFile       Reading KeY file file:/home/runner/work/key/key/key.core/build/resources/main/de/uka/ilkd/key/proof/rules/intRules.key 
1451       DEBUG main            d.u.i.k.p.i.KeYFile       Read specifications obtained when parsing the Java files (usually JML and Strings.key) from file:/home/runner/work/key/key/key.core/build/resources/main/de/uka/ilkd/key/proof/rules/intRules.key 
1469       DEBUG main            d.u.i.k.p.i.KeYFile       Reading KeY file file:/home/runner/work/key/key/key.core/build/resources/main/de/uka/ilkd/key/proof/rules/intRulesUncheckedSemantics.key 
1473       DEBUG main            d.u.i.k.p.i.KeYFile       Read specifications obtained when parsing the Java files (usually JML and Strings.key) from file:/home/runner/work/key/key/key.core/build/resources/main/de/uka/ilkd/key/proof/rules/intRulesUncheckedSemantics.key 
1486       DEBUG main            d.u.i.k.p.i.KeYFile       Reading KeY file file:/home/runner/work/key/key/key.core/build/resources/main/de/uka/ilkd/key/proof/rules/intRulesCheckedSemantics.key 
1487       DEBUG main            d.u.i.k.p.i.KeYFile       Read specifications obtained when parsing the Java files (usually JML and Strings.key) from file:/home/runner/work/key/key/key.core/build/resources/main/de/uka/ilkd/key/proof/rules/intRulesCheckedSemantics.key 
1496       DEBUG main            d.u.i.k.p.i.KeYFile       Reading KeY file file:/home/runner/work/key/key/key.core/build/resources/main/de/uka/ilkd/key/proof/rules/intRulesJavaSemantics.key 
1497       DEBUG main            d.u.i.k.p.i.KeYFile       Read specifications obtained when parsing the Java files (usually JML and Strings.key) from file:/home/runner/work/key/key/key.core/build/resources/main/de/uka/ilkd/key/proof/rules/intRulesJavaSemantics.key 
1620       DEBUG main            d.u.i.k.p.i.KeYFile       Reading KeY file file:/home/runner/work/key/key/key.core/build/resources/main/de/uka/ilkd/key/proof/rules/integerSimplificationRules.key 
1620       DEBUG main            d.u.i.k.p.i.KeYFile       Read specifications obtained when parsing the Java files (usually JML and Strings.key) from file:/home/runner/work/key/key/key.core/build/resources/main/de/uka/ilkd/key/proof/rules/integerSimplificationRules.key 
1715       DEBUG main            d.u.i.k.j.TypeConverter   No LDT found for Meta 
1716       DEBUG main            d.u.i.k.j.TypeConverter   No LDT found for Meta 
1717       DEBUG main            d.u.i.k.j.TypeConverter   No LDT found for Meta 
1717       DEBUG main            d.u.i.k.j.TypeConverter   No LDT found for Meta 
1790       DEBUG main            d.u.i.k.p.i.KeYFile       Reading KeY file file:/home/runner/work/key/key/key.core/build/resources/main/de/uka/ilkd/key/proof/rules/intDiv.key 
1791       DEBUG main            d.u.i.k.p.i.KeYFile       Read specifications obtained when parsing the Java files (usually JML and Strings.key) from file:/home/runner/work/key/key/key.core/build/resources/main/de/uka/ilkd/key/proof/rules/intDiv.key 
1900       DEBUG main            d.u.i.k.p.i.KeYFile       Reading KeY file file:/home/runner/work/key/key/key.core/build/resources/main/de/uka/ilkd/key/proof/rules/bsum.key 
1900       DEBUG main            d.u.i.k.p.i.KeYFile       Read specifications obtained when parsing the Java files (usually JML and Strings.key) from file:/home/runner/work/key/key/key.core/build/resources/main/de/uka/ilkd/key/proof/rules/bsum.key 
1974       DEBUG main            d.u.i.k.p.i.KeYFile       Reading KeY file file:/home/runner/work/key/key/key.core/build/resources/main/de/uka/ilkd/key/proof/rules/bprod.key 
1975       DEBUG main            d.u.i.k.p.i.KeYFile       Read specifications obtained when parsing the Java files (usually JML and Strings.key) from file:/home/runner/work/key/key/key.core/build/resources/main/de/uka/ilkd/key/proof/rules/bprod.key 
1985       DEBUG main            d.u.i.k.p.i.KeYFile       Reading KeY file file:/home/runner/work/key/key/key.core/build/resources/main/de/uka/ilkd/key/proof/rules/binaryAxioms.key 
1985       DEBUG main            d.u.i.k.p.i.KeYFile       Read specifications obtained when parsing the Java files (usually JML and Strings.key) from file:/home/runner/work/key/key/key.core/build/resources/main/de/uka/ilkd/key/proof/rules/binaryAxioms.key 
1990       DEBUG main            d.u.i.k.p.i.KeYFile       Reading KeY file file:/home/runner/work/key/key/key.core/build/resources/main/de/uka/ilkd/key/proof/rules/binaryLemmas.key 
1990       DEBUG main            d.u.i.k.p.i.KeYFile       Read specifications obtained when parsing the Java files (usually JML and Strings.key) from file:/home/runner/work/key/key/key.core/build/resources/main/de/uka/ilkd/key/proof/rules/binaryLemmas.key 
2001       DEBUG main            d.u.i.k.p.i.KeYFile       Reading KeY file file:/home/runner/work/key/key/key.core/build/resources/main/de/uka/ilkd/key/proof/rules/intPow.key 
2001       DEBUG main            d.u.i.k.p.i.KeYFile       Read specifications obtained when parsing the Java files (usually JML and Strings.key) from file:/home/runner/work/key/key/key.core/build/resources/main/de/uka/ilkd/key/proof/rules/intPow.key 
2018       DEBUG main            d.u.i.k.p.i.KeYFile       Reading KeY file file:/home/runner/work/key/key/key.core/build/resources/main/de/uka/ilkd/key/proof/rules/floatRulesCommon.key 
2019       DEBUG main            d.u.i.k.p.i.KeYFile       Read specifications obtained when parsing the Java files (usually JML and Strings.key) from file:/home/runner/work/key/key/key.core/build/resources/main/de/uka/ilkd/key/proof/rules/floatRulesCommon.key 
2031       DEBUG main            d.u.i.k.p.i.KeYFile       Reading KeY file file:/home/runner/work/key/key/key.core/build/resources/main/de/uka/ilkd/key/proof/rules/floatRules.key 
2031       DEBUG main            d.u.i.k.p.i.KeYFile       Read specifications obtained when parsing the Java files (usually JML and Strings.key) from file:/home/runner/work/key/key/key.core/build/resources/main/de/uka/ilkd/key/proof/rules/floatRules.key 
2032       DEBUG main            d.u.i.k.p.i.KeYFile       Reading KeY file file:/home/runner/work/key/key/key.core/build/resources/main/de/uka/ilkd/key/proof/rules/floatRulesVerifyNormal.key 
2032       DEBUG main            d.u.i.k.p.i.KeYFile       Read specifications obtained when parsing the Java files (usually JML and Strings.key) from file:/home/runner/work/key/key/key.core/build/resources/main/de/uka/ilkd/key/proof/rules/floatRulesVerifyNormal.key 
2036       DEBUG main            d.u.i.k.p.i.KeYFile       Reading KeY file file:/home/runner/work/key/key/key.core/build/resources/main/de/uka/ilkd/key/proof/rules/floatRulesAssumeStrictfp.key 
2036       DEBUG main            d.u.i.k.p.i.KeYFile       Read specifications obtained when parsing the Java files (usually JML and Strings.key) from file:/home/runner/work/key/key/key.core/build/resources/main/de/uka/ilkd/key/proof/rules/floatRulesAssumeStrictfp.key 
2059       DEBUG main            d.u.i.k.p.i.KeYFile       Reading KeY file file:/home/runner/work/key/key/key.core/build/resources/main/de/uka/ilkd/key/proof/rules/genericRules.key 
2059       DEBUG main            d.u.i.k.p.i.KeYFile       Read specifications obtained when parsing the Java files (usually JML and Strings.key) from file:/home/runner/work/key/key/key.core/build/resources/main/de/uka/ilkd/key/proof/rules/genericRules.key 
2068       DEBUG main            d.u.i.k.p.i.KeYFile       Reading KeY file file:/home/runner/work/key/key/key.core/build/resources/main/de/uka/ilkd/key/proof/rules/booleanRules.key 
2069       DEBUG main            d.u.i.k.p.i.KeYFile       Read specifications obtained when parsing the Java files (usually JML and Strings.key) from file:/home/runner/work/key/key/key.core/build/resources/main/de/uka/ilkd/key/proof/rules/booleanRules.key 
2074       DEBUG main            d.u.i.k.p.i.KeYFile       Reading KeY file file:/home/runner/work/key/key/key.core/build/resources/main/de/uka/ilkd/key/proof/rules/epsilon.key 
2074       DEBUG main            d.u.i.k.p.i.KeYFile       Read specifications obtained when parsing the Java files (usually JML and Strings.key) from file:/home/runner/work/key/key/key.core/build/resources/main/de/uka/ilkd/key/proof/rules/epsilon.key 
2105       DEBUG main            d.u.i.k.p.i.KeYFile       Reading KeY file file:/home/runner/work/key/key/key.core/build/resources/main/de/uka/ilkd/key/proof/rules/locSetsRules.key 
2105       DEBUG main            d.u.i.k.p.i.KeYFile       Read specifications obtained when parsing the Java files (usually JML and Strings.key) from file:/home/runner/work/key/key/key.core/build/resources/main/de/uka/ilkd/key/proof/rules/locSetsRules.key 
2183       DEBUG main            d.u.i.k.p.i.KeYFile       Reading KeY file file:/home/runner/work/key/key/key.core/build/resources/main/de/uka/ilkd/key/proof/rules/heapRules.key 
2183       DEBUG main            d.u.i.k.p.i.KeYFile       Read specifications obtained when parsing the Java files (usually JML and Strings.key) from file:/home/runner/work/key/key/key.core/build/resources/main/de/uka/ilkd/key/proof/rules/heapRules.key 
2217       DEBUG main            d.u.i.k.p.i.KeYFile       Reading KeY file file:/home/runner/work/key/key/key.core/build/resources/main/de/uka/ilkd/key/proof/rules/permissionRules.key 
2218       DEBUG main            d.u.i.k.p.i.KeYFile       Read specifications obtained when parsing the Java files (usually JML and Strings.key) from file:/home/runner/work/key/key/key.core/build/resources/main/de/uka/ilkd/key/proof/rules/permissionRules.key 
2251       DEBUG main            d.u.i.k.p.i.KeYFile       Reading KeY file file:/home/runner/work/key/key/key.core/build/resources/main/de/uka/ilkd/key/proof/rules/reachRules.key 
2252       DEBUG main            d.u.i.k.p.i.KeYFile       Read specifications obtained when parsing the Java files (usually JML and Strings.key) from file:/home/runner/work/key/key/key.core/build/resources/main/de/uka/ilkd/key/proof/rules/reachRules.key 
2264       DEBUG main            d.u.i.k.p.i.KeYFile       Reading KeY file file:/home/runner/work/key/key/key.core/build/resources/main/de/uka/ilkd/key/proof/rules/seqCoreRules.key 
2265       DEBUG main            d.u.i.k.p.i.KeYFile       Read specifications obtained when parsing the Java files (usually JML and Strings.key) from file:/home/runner/work/key/key/key.core/build/resources/main/de/uka/ilkd/key/proof/rules/seqCoreRules.key 
2313       DEBUG main            d.u.i.k.p.i.KeYFile       Reading KeY file file:/home/runner/work/key/key/key.core/build/resources/main/de/uka/ilkd/key/proof/rules/seqRules.key 
2314       DEBUG main            d.u.i.k.p.i.KeYFile       Read specifications obtained when parsing the Java files (usually JML and Strings.key) from file:/home/runner/work/key/key/key.core/build/resources/main/de/uka/ilkd/key/proof/rules/seqRules.key 
2358       DEBUG main            d.u.i.k.p.i.KeYFile       Reading KeY file file:/home/runner/work/key/key/key.core/build/resources/main/de/uka/ilkd/key/proof/rules/seqPerm.key 
2358       DEBUG main            d.u.i.k.p.i.KeYFile       Read specifications obtained when parsing the Java files (usually JML and Strings.key) from file:/home/runner/work/key/key/key.core/build/resources/main/de/uka/ilkd/key/proof/rules/seqPerm.key 
2379       DEBUG main            d.u.i.k.p.i.KeYFile       Reading KeY file file:/home/runner/work/key/key/key.core/build/resources/main/de/uka/ilkd/key/proof/rules/seqPerm2.key 
2379       DEBUG main            d.u.i.k.p.i.KeYFile       Read specifications obtained when parsing the Java files (usually JML and Strings.key) from file:/home/runner/work/key/key/key.core/build/resources/main/de/uka/ilkd/key/proof/rules/seqPerm2.key 
2501       DEBUG main            d.u.i.k.p.i.KeYFile       Reading KeY file file:/home/runner/work/key/key/key.core/build/resources/main/de/uka/ilkd/key/proof/rules/assertions.key 
2502       DEBUG main            d.u.i.k.p.i.KeYFile       Read specifications obtained when parsing the Java files (usually JML and Strings.key) from file:/home/runner/work/key/key/key.core/build/resources/main/de/uka/ilkd/key/proof/rules/assertions.key 
2524       DEBUG main            d.u.i.k.p.i.KeYFile       Reading KeY file file:/home/runner/work/key/key/key.core/build/resources/main/de/uka/ilkd/key/proof/rules/javaRules.key 
2524       DEBUG main            d.u.i.k.p.i.KeYFile       Read specifications obtained when parsing the Java files (usually JML and Strings.key) from file:/home/runner/work/key/key/key.core/build/resources/main/de/uka/ilkd/key/proof/rules/javaRules.key 
2926       DEBUG main            d.u.i.k.p.i.KeYFile       Reading KeY file file:/home/runner/work/key/key/key.core/build/resources/main/de/uka/ilkd/key/proof/rules/loopRules.key 
2926       DEBUG main            d.u.i.k.p.i.KeYFile       Read specifications obtained when parsing the Java files (usually JML and Strings.key) from file:/home/runner/work/key/key/key.core/build/resources/main/de/uka/ilkd/key/proof/rules/loopRules.key 
2945       DEBUG main            d.u.i.k.p.i.KeYFile       Reading KeY file file:/home/runner/work/key/key/key.core/build/resources/main/de/uka/ilkd/key/proof/rules/activeUse.key 
2946       DEBUG main            d.u.i.k.p.i.KeYFile       Read specifications obtained when parsing the Java files (usually JML and Strings.key) from file:/home/runner/work/key/key/key.core/build/resources/main/de/uka/ilkd/key/proof/rules/activeUse.key 
3010       DEBUG main            d.u.i.k.p.i.KeYFile       Reading KeY file file:/home/runner/work/key/key/key.core/build/resources/main/de/uka/ilkd/key/proof/rules/instanceAllocation.key 
3011       DEBUG main            d.u.i.k.p.i.KeYFile       Read specifications obtained when parsing the Java files (usually JML and Strings.key) from file:/home/runner/work/key/key/key.core/build/resources/main/de/uka/ilkd/key/proof/rules/instanceAllocation.key 
3041       DEBUG main            d.u.i.k.p.i.KeYFile       Reading KeY file file:/home/runner/work/key/key/key.core/build/resources/main/de/uka/ilkd/key/proof/rules/java5.key 
3041       DEBUG main            d.u.i.k.p.i.KeYFile       Read specifications obtained when parsing the Java files (usually JML and Strings.key) from file:/home/runner/work/key/key/key.core/build/resources/main/de/uka/ilkd/key/proof/rules/java5.key 
3051       DEBUG main            d.u.i.k.p.i.KeYFile       Reading KeY file file:/home/runner/work/key/key/key.core/build/resources/main/de/uka/ilkd/key/proof/rules/integerAssignment2UpdateRules.key 
3052       DEBUG main            d.u.i.k.p.i.KeYFile       Read specifications obtained when parsing the Java files (usually JML and Strings.key) from file:/home/runner/work/key/key/key.core/build/resources/main/de/uka/ilkd/key/proof/rules/integerAssignment2UpdateRules.key 
3100       DEBUG main            d.u.i.k.p.i.KeYFile       Reading KeY file file:/home/runner/work/key/key/key.core/build/resources/main/de/uka/ilkd/key/proof/rules/floatAssignment2UpdateRules.key 
3100       DEBUG main            d.u.i.k.p.i.KeYFile       Read specifications obtained when parsing the Java files (usually JML and Strings.key) from file:/home/runner/work/key/key/key.core/build/resources/main/de/uka/ilkd/key/proof/rules/floatAssignment2UpdateRules.key 
3131       DEBUG main            d.u.i.k.p.i.KeYFile       Reading KeY file file:/home/runner/work/key/key/key.core/build/resources/main/de/uka/ilkd/key/proof/rules/bigint.key 
3131       DEBUG main            d.u.i.k.p.i.KeYFile       Read specifications obtained when parsing the Java files (usually JML and Strings.key) from file:/home/runner/work/key/key/key.core/build/resources/main/de/uka/ilkd/key/proof/rules/bigint.key 
3140       DEBUG main            d.u.i.k.j.TypeConverter   No LDT found for JavaBigintExpression 
3147       DEBUG main            d.u.i.k.p.i.KeYFile       Reading KeY file file:/home/runner/work/key/key/key.core/build/resources/main/de/uka/ilkd/key/proof/rules/adtProgramDecompositionRules.key 
3147       DEBUG main            d.u.i.k.p.i.KeYFile       Read specifications obtained when parsing the Java files (usually JML and Strings.key) from file:/home/runner/work/key/key/key.core/build/resources/main/de/uka/ilkd/key/proof/rules/adtProgramDecompositionRules.key 
3164       DEBUG main            d.u.i.k.p.i.KeYFile       Reading KeY file file:/home/runner/work/key/key/key.core/build/resources/main/de/uka/ilkd/key/proof/rules/precRules.key 
3165       DEBUG main            d.u.i.k.p.i.KeYFile       Read specifications obtained when parsing the Java files (usually JML and Strings.key) from file:/home/runner/work/key/key/key.core/build/resources/main/de/uka/ilkd/key/proof/rules/precRules.key 
3175       DEBUG main            d.u.i.k.p.i.KeYFile       Reading KeY file file:/home/runner/work/key/key/key.core/build/resources/main/de/uka/ilkd/key/proof/rules/charListRules.key 
3175       DEBUG main            d.u.i.k.p.i.KeYFile       Read specifications obtained when parsing the Java files (usually JML and Strings.key) from file:/home/runner/work/key/key/key.core/build/resources/main/de/uka/ilkd/key/proof/rules/charListRules.key 
3187       DEBUG main            d.u.i.k.p.i.KeYFile       Reading KeY file file:/home/runner/work/key/key/key.core/build/resources/main/de/uka/ilkd/key/proof/rules/regExHeader.key 
3188       DEBUG main            d.u.i.k.p.i.KeYFile       Read specifications obtained when parsing the Java files (usually JML and Strings.key) from file:/home/runner/work/key/key/key.core/build/resources/main/de/uka/ilkd/key/proof/rules/regExHeader.key 
3190       DEBUG main            d.u.i.k.p.i.KeYFile       Reading KeY file file:/home/runner/work/key/key/key.core/build/resources/main/de/uka/ilkd/key/proof/rules/regExAxioms.key 
3190       DEBUG main            d.u.i.k.p.i.KeYFile       Read specifications obtained when parsing the Java files (usually JML and Strings.key) from file:/home/runner/work/key/key/key.core/build/resources/main/de/uka/ilkd/key/proof/rules/regExAxioms.key 
3196       DEBUG main            d.u.i.k.p.i.KeYFile       Reading KeY file file:/home/runner/work/key/key/key.core/build/resources/main/de/uka/ilkd/key/proof/rules/regExLemmaProven.key 
3197       DEBUG main            d.u.i.k.p.i.KeYFile       Read specifications obtained when parsing the Java files (usually JML and Strings.key) from file:/home/runner/work/key/key/key.core/build/resources/main/de/uka/ilkd/key/proof/rules/regExLemmaProven.key 
3200       DEBUG main            d.u.i.k.p.i.KeYFile       Reading KeY file file:/home/runner/work/key/key/key.core/build/resources/main/de/uka/ilkd/key/proof/rules/regExTheory.key 
3200       DEBUG main            d.u.i.k.p.i.KeYFile       Read specifications obtained when parsing the Java files (usually JML and Strings.key) from file:/home/runner/work/key/key/key.core/build/resources/main/de/uka/ilkd/key/proof/rules/regExTheory.key 
3204       DEBUG main            d.u.i.k.p.i.KeYFile       Reading KeY file file:/home/runner/work/key/key/key.core/build/resources/main/de/uka/ilkd/key/proof/rules/seqEq.key 
3204       DEBUG main            d.u.i.k.p.i.KeYFile       Read specifications obtained when parsing the Java files (usually JML and Strings.key) from file:/home/runner/work/key/key/key.core/build/resources/main/de/uka/ilkd/key/proof/rules/seqEq.key 
3214       DEBUG main            d.u.i.k.p.i.KeYFile       Reading KeY file file:/home/runner/work/key/key/key.core/build/resources/main/de/uka/ilkd/key/proof/rules/infFlow.key 
3215       DEBUG main            d.u.i.k.p.i.KeYFile       Read specifications obtained when parsing the Java files (usually JML and Strings.key) from file:/home/runner/work/key/key/key.core/build/resources/main/de/uka/ilkd/key/proof/rules/infFlow.key 
3220       DEBUG main            d.u.i.k.p.i.KeYFile       Reading KeY file file:/home/runner/work/key/key/key.core/build/resources/main/de/uka/ilkd/key/proof/rules/mapSize.key 
3220       DEBUG main            d.u.i.k.p.i.KeYFile       Read specifications obtained when parsing the Java files (usually JML and Strings.key) from file:/home/runner/work/key/key/key.core/build/resources/main/de/uka/ilkd/key/proof/rules/mapSize.key 
3226       DEBUG main            d.u.i.k.p.i.KeYFile       Reading KeY file file:/home/runner/work/key/key/key.core/build/resources/main/de/uka/ilkd/key/proof/rules/wdHeader.key 
3226       DEBUG main            d.u.i.k.p.i.KeYFile       Read specifications obtained when parsing the Java files (usually JML and Strings.key) from file:/home/runner/work/key/key/key.core/build/resources/main/de/uka/ilkd/key/proof/rules/wdHeader.key 
3228       DEBUG main            d.u.i.k.p.i.KeYFile       Reading KeY file file:/home/runner/work/key/key/key.core/build/resources/main/de/uka/ilkd/key/proof/rules/wdGeneralRules.key 
3228       DEBUG main            d.u.i.k.p.i.KeYFile       Read specifications obtained when parsing the Java files (usually JML and Strings.key) from file:/home/runner/work/key/key/key.core/build/resources/main/de/uka/ilkd/key/proof/rules/wdGeneralRules.key 
3240       DEBUG main            d.u.i.k.p.i.KeYFile       Reading KeY file file:/home/runner/work/key/key/key.core/build/resources/main/de/uka/ilkd/key/proof/rules/wdNumericalRules.key 
3240       DEBUG main            d.u.i.k.p.i.KeYFile       Read specifications obtained when parsing the Java files (usually JML and Strings.key) from file:/home/runner/work/key/key/key.core/build/resources/main/de/uka/ilkd/key/proof/rules/wdNumericalRules.key 
3261       DEBUG main            d.u.i.k.p.i.KeYFile       Reading KeY file file:/home/runner/work/key/key/key.core/build/resources/main/de/uka/ilkd/key/proof/rules/wdLocSetRules.key 
3261       DEBUG main            d.u.i.k.p.i.KeYFile       Read specifications obtained when parsing the Java files (usually JML and Strings.key) from file:/home/runner/work/key/key/key.core/build/resources/main/de/uka/ilkd/key/proof/rules/wdLocSetRules.key 
3285       DEBUG main            d.u.i.k.p.i.KeYFile       Reading KeY file file:/home/runner/work/key/key/key.core/build/resources/main/de/uka/ilkd/key/proof/rules/wdHeapRules.key 
3285       DEBUG main            d.u.i.k.p.i.KeYFile       Read specifications obtained when parsing the Java files (usually JML and Strings.key) from file:/home/runner/work/key/key/key.core/build/resources/main/de/uka/ilkd/key/proof/rules/wdHeapRules.key 
3290       DEBUG main            d.u.i.k.p.i.KeYFile       Reading KeY file file:/home/runner/work/key/key/key.core/build/resources/main/de/uka/ilkd/key/proof/rules/wdReachRules.key 
3290       DEBUG main            d.u.i.k.p.i.KeYFile       Read specifications obtained when parsing the Java files (usually JML and Strings.key) from file:/home/runner/work/key/key/key.core/build/resources/main/de/uka/ilkd/key/proof/rules/wdReachRules.key 
3292       DEBUG main            d.u.i.k.p.i.KeYFile       Reading KeY file file:/home/runner/work/key/key/key.core/build/resources/main/de/uka/ilkd/key/proof/rules/wdSeqRules.key 
3293       DEBUG main            d.u.i.k.p.i.KeYFile       Read specifications obtained when parsing the Java files (usually JML and Strings.key) from file:/home/runner/work/key/key/key.core/build/resources/main/de/uka/ilkd/key/proof/rules/wdSeqRules.key 
3297       DEBUG main            d.u.i.k.p.i.KeYFile       Reading KeY file file:/home/runner/work/key/key/key.core/build/resources/main/de/uka/ilkd/key/proof/rules/wdStringRules.key 
3298       DEBUG main            d.u.i.k.p.i.KeYFile       Read specifications obtained when parsing the Java files (usually JML and Strings.key) from file:/home/runner/work/key/key/key.core/build/resources/main/de/uka/ilkd/key/proof/rules/wdStringRules.key 
3302       DEBUG main            d.u.i.k.p.i.KeYFile       Reading KeY file file:/home/runner/work/key/key/key.core/build/resources/main/de/uka/ilkd/key/proof/rules/wdRegExRules.key 
3302       DEBUG main            d.u.i.k.p.i.KeYFile       Read specifications obtained when parsing the Java files (usually JML and Strings.key) from file:/home/runner/work/key/key/key.core/build/resources/main/de/uka/ilkd/key/proof/rules/wdRegExRules.key 
3310       DEBUG main            d.u.i.k.p.i.KeYFile       Reading KeY file file:/home/runner/work/key/key/key.core/build/resources/main/de/uka/ilkd/key/proof/rules/wdFormulaRules.key 
3310       DEBUG main            d.u.i.k.p.i.KeYFile       Read specifications obtained when parsing the Java files (usually JML and Strings.key) from file:/home/runner/work/key/key/key.core/build/resources/main/de/uka/ilkd/key/proof/rules/wdFormulaRules.key 
3321       DEBUG main            d.u.i.k.p.i.KeYFile       Reading KeY file file:/home/runner/work/key/key/key.core/build/resources/main/de/uka/ilkd/key/proof/rules/wd.key 
3321       DEBUG main            d.u.i.k.p.i.KeYFile       Read specifications obtained when parsing the Java files (usually JML and Strings.key) from file:/home/runner/work/key/key/key.core/build/resources/main/de/uka/ilkd/key/proof/rules/wd.key 
3322       DEBUG main            d.u.i.k.p.i.KeYFile       Reading KeY file file:/home/runner/work/key/key/key.core/build/resources/main/de/uka/ilkd/key/proof/rules/loopInvariantRules.key 
3322       DEBUG main            d.u.i.k.p.i.KeYFile       Read specifications obtained when parsing the Java files (usually JML and Strings.key) from file:/home/runner/work/key/key/key.core/build/resources/main/de/uka/ilkd/key/proof/rules/loopInvariantRules.key 
3324       DEBUG main            d.u.i.k.p.i.KeYFile       Reading KeY file file:/home/runner/work/key/key/key.core/build/resources/main/de/uka/ilkd/key/proof/rules/forLoopRules.key 
3324       DEBUG main            d.u.i.k.p.i.KeYFile       Read specifications obtained when parsing the Java files (usually JML and Strings.key) from file:/home/runner/work/key/key/key.core/build/resources/main/de/uka/ilkd/key/proof/rules/forLoopRules.key 
3330       DEBUG main            d.u.i.k.p.i.KeYFile       Reading KeY file file:/home/runner/work/key/key/key.core/build/resources/main/de/uka/ilkd/key/proof/rules/execRules.key 
3330       DEBUG main            d.u.i.k.p.i.KeYFile       Read specifications obtained when parsing the Java files (usually JML and Strings.key) from file:/home/runner/work/key/key/key.core/build/resources/main/de/uka/ilkd/key/proof/rules/execRules.key 
3411       DEBUG main            d.u.i.k.p.i.KeYFile       Reading KeY file file:/home/runner/work/key/key/key.core/build/resources/main/de/uka/ilkd/key/proof/rules/loopScopeRules.key 
3411       DEBUG main            d.u.i.k.p.i.KeYFile       Read specifications obtained when parsing the Java files (usually JML and Strings.key) from file:/home/runner/work/key/key/key.core/build/resources/main/de/uka/ilkd/key/proof/rules/loopScopeRules.key 
3438       DEBUG main            d.u.i.k.p.i.KeYFile       Reading KeY file file:/home/runner/work/key/key/key.core/build/resources/main/de/uka/ilkd/key/proof/rules/standardRules.key 
3438       DEBUG main            d.u.i.k.p.i.KeYFile       Read specifications obtained when parsing the Java files (usually JML and Strings.key) from file:/home/runner/work/key/key/key.core/build/resources/main/de/uka/ilkd/key/proof/rules/standardRules.key 
6283       DEBUG main            d.u.i.k.j.Recoder2KeY     converting now /home/runner/work/key/key/key.core/../key.ui/examples/InformationFlow/SimpleEvoting/src/simple_evoting/Voter.java 
6297       DEBUG main            d.u.i.k.j.Recoder2KeY     converting now /home/runner/work/key/key/key.core/../key.ui/examples/InformationFlow/SimpleEvoting/src/simple_evoting/NetworkClient.java 
6300       DEBUG main            d.u.i.k.j.Recoder2KeY     converting now /home/runner/work/key/key/key.core/../key.ui/examples/InformationFlow/SimpleEvoting/src/simple_evoting/SMT.java 
6302       DEBUG main            d.u.i.k.j.Recoder2KeY     converting now /home/runner/work/key/key/key.core/../key.ui/examples/InformationFlow/SimpleEvoting/src/simple_evoting/Environment.java 
6303       DEBUG main            d.u.i.k.j.Recoder2KeY     converting now /home/runner/work/key/key/key.core/../key.ui/examples/InformationFlow/SimpleEvoting/src/simple_evoting/Setup.java 
6307       DEBUG main            d.u.i.k.j.Recoder2KeY     converting now /home/runner/work/key/key/key.core/../key.ui/examples/InformationFlow/SimpleEvoting/src/simple_evoting/Server.java 
6312       DEBUG main            d.u.i.k.j.Recoder2KeY     converting now /home/runner/work/key/key/key.core/../key.ui/examples/InformationFlow/SimpleEvoting/src/simple_evoting/Message.java 
6313       DEBUG main            d.u.i.k.j.Recoder2KeY     converting now /home/runner/work/key/key/key.core/../key.ui/examples/InformationFlow/SimpleEvoting/src/simple_evoting/SMTEnv.java 
6368       DEBUG main            d.u.i.k.s.TermLabelSettings TermLabelSettings: Failure while reading the setting "UseOriginLabels".Using the default value: true.The string read was: null 
6372       DEBUG main            d.u.i.k.p.i.KeYFile       Reading KeY file /home/runner/work/key/key/key.core/../key.ui/examples/InformationFlow/SimpleEvoting/simple_evoting.Environment(simple_evoting.Environment__untrustedOutputMessage((B)).JML normal_behavior operation contract.0.key 
6384       DEBUG main            d.u.i.k.p.i.KeYFile       Reading KeY file file:/home/runner/work/key/key/key.core/build/resources/main/de/uka/ilkd/key/java/JavaRedux/java/lang/String.key 
6392       DEBUG main            d.u.i.k.p.i.KeYFile       Read specifications obtained when parsing the Java files (usually JML and Strings.key) from file:/home/runner/work/key/key/key.core/build/resources/main/de/uka/ilkd/key/java/JavaRedux/java/lang/String.key 
8825       DEBUG main            d.u.i.k.p.i.KeYFile       Read specifications obtained when parsing the Java files (usually JML and Strings.key) from /home/runner/work/key/key/key.core/../key.ui/examples/InformationFlow/SimpleEvoting/simple_evoting.Environment(simple_evoting.Environment__untrustedOutputMessage((B)).JML normal_behavior operation contract.0.key 
9531       DEBUG Thread-1        d.u.i.k.r.m.WhileLoopTransformation While-Loop-Tranform-Result: {
  int i = 0;
  while (i < _t.length) {
    {
      untrustedOutput(_t[i]);
    }
    i++;
  }
} 
9587       DEBUG Thread-1        d.u.i.k.r.m.WhileLoopTransformation While-Loop-Tranform-Result: try {
  {
    if (i < _t.length) {
      {
        untrustedOutput(_t[i]);
      }
      i++;
    }
  }
} catch (java.lang.Throwable e#8) {
  exc#7 = true;
  thrownExc#9 = e#8;
} 
10315      INFO  main            d.u.i.k.p.r.p.TestFile    ... finished proof: closed. 
10474      DEBUG main            d.u.i.k.s.TermLabelSettings TermLabelSettings: Failure while reading the setting "UseOriginLabels".Using the default value: true.The string read was: null 
10475      INFO  main            d.u.i.k.p.r.p.TestFile    Now processing file /home/runner/work/key/key/key.core/../key.ui/examples/InformationFlow/SimpleEvoting/simple_evoting.Environment(simple_evoting.Environment__untrustedInputMessage((B)).JML normal_behavior operation contract.0.key 
11647      DEBUG main            d.u.i.k.j.Recoder2KeY     converting now /home/runner/work/key/key/key.core/../key.ui/examples/InformationFlow/SimpleEvoting/src/simple_evoting/Voter.java 
11651      DEBUG main            d.u.i.k.j.Recoder2KeY     converting now /home/runner/work/key/key/key.core/../key.ui/examples/InformationFlow/SimpleEvoting/src/simple_evoting/NetworkClient.java 
11652      DEBUG main            d.u.i.k.j.Recoder2KeY     converting now /home/runner/work/key/key/key.core/../key.ui/examples/InformationFlow/SimpleEvoting/src/simple_evoting/SMT.java 
11654      DEBUG main            d.u.i.k.j.Recoder2KeY     converting now /home/runner/work/key/key/key.core/../key.ui/examples/InformationFlow/SimpleEvoting/src/simple_evoting/Environment.java 
11655      DEBUG main            d.u.i.k.j.Recoder2KeY     converting now /home/runner/work/key/key/key.core/../key.ui/examples/InformationFlow/SimpleEvoting/src/simple_evoting/Setup.java 
11658      DEBUG main            d.u.i.k.j.Recoder2KeY     converting now /home/runner/work/key/key/key.core/../key.ui/examples/InformationFlow/SimpleEvoting/src/simple_evoting/Server.java 
11660      DEBUG main            d.u.i.k.j.Recoder2KeY     converting now /home/runner/work/key/key/key.core/../key.ui/examples/InformationFlow/SimpleEvoting/src/simple_evoting/Message.java 
11662      DEBUG main            d.u.i.k.j.Recoder2KeY     converting now /home/runner/work/key/key/key.core/../key.ui/examples/InformationFlow/SimpleEvoting/src/simple_evoting/SMTEnv.java 
11669      DEBUG main            d.u.i.k.s.TermLabelSettings TermLabelSettings: Failure while reading the setting "UseOriginLabels".Using the default value: true.The string read was: null 
11669      DEBUG main            d.u.i.k.p.i.KeYFile       Reading KeY file /home/runner/work/key/key/key.core/../key.ui/examples/InformationFlow/SimpleEvoting/simple_evoting.Environment(simple_evoting.Environment__untrustedInputMessage((B)).JML normal_behavior operation contract.0.key 
11670      DEBUG main            d.u.i.k.p.i.KeYFile       Reading KeY file file:/home/runner/work/key/key/key.core/build/resources/main/de/uka/ilkd/key/java/JavaRedux/java/lang/String.key 
11673      DEBUG main            d.u.i.k.p.i.KeYFile       Read specifications obtained when parsing the Java files (usually JML and Strings.key) from file:/home/runner/work/key/key/key.core/build/resources/main/de/uka/ilkd/key/java/JavaRedux/java/lang/String.key 
13824      DEBUG main            d.u.i.k.p.i.KeYFile       Read specifications obtained when parsing the Java files (usually JML and Strings.key) from /home/runner/work/key/key/key.core/../key.ui/examples/InformationFlow/SimpleEvoting/simple_evoting.Environment(simple_evoting.Environment__untrustedInputMessage((B)).JML normal_behavior operation contract.0.key 
13957      DEBUG Thread-3        d.u.i.k.r.m.WhileLoopTransformation While-Loop-Tranform-Result: {
  int i = 0;
  while (i < _returnval.length) {
    {
      _returnval[i] = (byte) Environment.untrustedInput(
        
      );
    }
    i++;
  }
} 
13978      DEBUG Thread-3        d.u.i.k.r.m.WhileLoopTransformation While-Loop-Tranform-Result: try {
  {
    if (i < _returnval.length) {
      {
        _returnval[i] = (byte) Environment.untrustedInput(
          
        );
      }
      i++;
    }
  }
} catch (java.lang.Throwable e#7) {
  exc#6 = true;
  thrownExc#8 = e#7;
} 
14528      INFO  main            d.u.i.k.p.r.p.TestFile    ... finished proof: closed. 
14670      DEBUG main            d.u.i.k.s.TermLabelSettings TermLabelSettings: Failure while reading the setting "UseOriginLabels".Using the default value: true.The string read was: null 
14670      INFO  main            d.u.i.k.p.r.p.TestFile    Now processing file /home/runner/work/key/key/key.core/../key.ui/examples/InformationFlow/SimpleEvoting/simple_evoting.Environment(simple_evoting.Environment__untrustedInputMessage()).JML normal_behavior operation contract.0.key 
15747      DEBUG main            d.u.i.k.j.Recoder2KeY     converting now /home/runner/work/key/key/key.core/../key.ui/examples/InformationFlow/SimpleEvoting/src/simple_evoting/Voter.java 
15750      DEBUG main            d.u.i.k.j.Recoder2KeY     converting now /home/runner/work/key/key/key.core/../key.ui/examples/InformationFlow/SimpleEvoting/src/simple_evoting/NetworkClient.java 
15751      DEBUG main            d.u.i.k.j.Recoder2KeY     converting now /home/runner/work/key/key/key.core/../key.ui/examples/InformationFlow/SimpleEvoting/src/simple_evoting/SMT.java 
15752      DEBUG main            d.u.i.k.j.Recoder2KeY     converting now /home/runner/work/key/key/key.core/../key.ui/examples/InformationFlow/SimpleEvoting/src/simple_evoting/Environment.java 
15753      DEBUG main            d.u.i.k.j.Recoder2KeY     converting now /home/runner/work/key/key/key.core/../key.ui/examples/InformationFlow/SimpleEvoting/src/simple_evoting/Setup.java 
15754      DEBUG main            d.u.i.k.j.Recoder2KeY     converting now /home/runner/work/key/key/key.core/../key.ui/examples/InformationFlow/SimpleEvoting/src/simple_evoting/Server.java 
15756      DEBUG main            d.u.i.k.j.Recoder2KeY     converting now /home/runner/work/key/key/key.core/../key.ui/examples/InformationFlow/SimpleEvoting/src/simple_evoting/Message.java 
15758      DEBUG main            d.u.i.k.j.Recoder2KeY     converting now /home/runner/work/key/key/key.core/../key.ui/examples/InformationFlow/SimpleEvoting/src/simple_evoting/SMTEnv.java 
15763      DEBUG main            d.u.i.k.s.TermLabelSettings TermLabelSettings: Failure while reading the setting "UseOriginLabels".Using the default value: true.The string read was: null 
15764      DEBUG main            d.u.i.k.p.i.KeYFile       Reading KeY file /home/runner/work/key/key/key.core/../key.ui/examples/InformationFlow/SimpleEvoting/simple_evoting.Environment(simple_evoting.Environment__untrustedInputMessage()).JML normal_behavior operation contract.0.key 
15765      DEBUG main            d.u.i.k.p.i.KeYFile       Reading KeY file file:/home/runner/work/key/key/key.core/build/resources/main/de/uka/ilkd/key/java/JavaRedux/java/lang/String.key 
15768      DEBUG main            d.u.i.k.p.i.KeYFile       Read specifications obtained when parsing the Java files (usually JML and Strings.key) from file:/home/runner/work/key/key/key.core/build/resources/main/de/uka/ilkd/key/java/JavaRedux/java/lang/String.key 
17744      DEBUG main            d.u.i.k.p.i.KeYFile       Read specifications obtained when parsing the Java files (usually JML and Strings.key) from /home/runner/work/key/key/key.core/../key.ui/examples/InformationFlow/SimpleEvoting/simple_evoting.Environment(simple_evoting.Environment__untrustedInputMessage()).JML normal_behavior operation contract.0.key 
18289      DEBUG Thread-5        d.u.i.k.r.m.MethodCall    method-call: called for byte[].<createArray>(dim0); 
18290      DEBUG Thread-5        d.u.i.k.r.m.MethodCall    method-call: invocation of static method detected 
18300      DEBUG Thread-5        d.u.i.k.r.m.MethodCall    method-call: called for byte[].<allocate>(length_1); 
18300      DEBUG Thread-5        d.u.i.k.r.m.MethodCall    method-call: invocation of static method detected 
18332      DEBUG Thread-5        d.u.i.k.r.m.MethodCall    method-call: called for newObject.<createArrayHelper>(); 
18332      DEBUG Thread-5        d.u.i.k.r.m.MethodCall    method-call: invocation of private method detected.Requires static resolving. 
18339      DEBUG Thread-5        d.u.i.k.j.TypeConverter   typeconverter: (prefix this;, class class de.uka.ilkd.key.java.reference.ThisReference) 
18344      DEBUG Thread-5        d.u.i.k.r.m.MethodCall    method-call: called for <prepare>(); 
18345      DEBUG Thread-5        d.u.i.k.r.m.MethodCall    method-call: invocation of private method detected.Requires static resolving. 
18360      DEBUG Thread-5        d.u.i.k.j.TypeConverter   typeconverter: (prefix this;, class class de.uka.ilkd.key.java.reference.ThisReference) 
19074      INFO  main            d.u.i.k.p.r.p.TestFile    ... finished proof: closed. 
19233      DEBUG main            d.u.i.k.s.TermLabelSettings TermLabelSettings: Failure while reading the setting "UseOriginLabels".Using the default value: true.The string read was: null 
19233      INFO  main            d.u.i.k.p.r.p.TestFile    Now processing file /home/runner/work/key/key/key.core/../key.ui/examples/InformationFlow/SimpleEvoting/simple_evoting.Environment(simple_evoting.Environment__untrustedOutput(int)).JML normal_behavior operation contract.0.key 
20253      DEBUG main            d.u.i.k.j.Recoder2KeY     converting now /home/runner/work/key/key/key.core/../key.ui/examples/InformationFlow/SimpleEvoting/src/simple_evoting/Voter.java 
20255      DEBUG main            d.u.i.k.j.Recoder2KeY     converting now /home/runner/work/key/key/key.core/../key.ui/examples/InformationFlow/SimpleEvoting/src/simple_evoting/NetworkClient.java 
20256      DEBUG main            d.u.i.k.j.Recoder2KeY     converting now /home/runner/work/key/key/key.core/../key.ui/examples/InformationFlow/SimpleEvoting/src/simple_evoting/SMT.java 
20257      DEBUG main            d.u.i.k.j.Recoder2KeY     converting now /home/runner/work/key/key/key.core/../key.ui/examples/InformationFlow/SimpleEvoting/src/simple_evoting/Environment.java 
20258      DEBUG main            d.u.i.k.j.Recoder2KeY     converting now /home/runner/work/key/key/key.core/../key.ui/examples/InformationFlow/SimpleEvoting/src/simple_evoting/Setup.java 
20259      DEBUG main            d.u.i.k.j.Recoder2KeY     converting now /home/runner/work/key/key/key.core/../key.ui/examples/InformationFlow/SimpleEvoting/src/simple_evoting/Server.java 
20260      DEBUG main            d.u.i.k.j.Recoder2KeY     converting now /home/runner/work/key/key/key.core/../key.ui/examples/InformationFlow/SimpleEvoting/src/simple_evoting/Message.java 
20261      DEBUG main            d.u.i.k.j.Recoder2KeY     converting now /home/runner/work/key/key/key.core/../key.ui/examples/InformationFlow/SimpleEvoting/src/simple_evoting/SMTEnv.java 
20266      DEBUG main            d.u.i.k.s.TermLabelSettings TermLabelSettings: Failure while reading the setting "UseOriginLabels".Using the default value: true.The string read was: null 
20266      DEBUG main            d.u.i.k.p.i.KeYFile       Reading KeY file /home/runner/work/key/key/key.core/../key.ui/examples/InformationFlow/SimpleEvoting/simple_evoting.Environment(simple_evoting.Environment__untrustedOutput(int)).JML normal_behavior operation contract.0.key 
20268      DEBUG main            d.u.i.k.p.i.KeYFile       Reading KeY file file:/home/runner/work/key/key/key.core/build/resources/main/de/uka/ilkd/key/java/JavaRedux/java/lang/String.key 
20270      DEBUG main            d.u.i.k.p.i.KeYFile       Read specifications obtained when parsing the Java files (usually JML and Strings.key) from file:/home/runner/work/key/key/key.core/build/resources/main/de/uka/ilkd/key/java/JavaRedux/java/lang/String.key 
22271      DEBUG main            d.u.i.k.p.i.KeYFile       Read specifications obtained when parsing the Java files (usually JML and Strings.key) from /home/runner/work/key/key/key.core/../key.ui/examples/InformationFlow/SimpleEvoting/simple_evoting.Environment(simple_evoting.Environment__untrustedOutput(int)).JML normal_behavior operation contract.0.key 
22450      INFO  main            d.u.i.k.p.r.p.TestFile    ... finished proof: closed. 
22604      DEBUG main            d.u.i.k.s.TermLabelSettings TermLabelSettings: Failure while reading the setting "UseOriginLabels".Using the default value: true.The string read was: null 
22604      INFO  main            d.u.i.k.p.r.p.TestFile    Now processing file /home/runner/work/key/key/key.core/../key.ui/examples/InformationFlow/SimpleEvoting/simple_evoting.Environment(simple_evoting.Environment__untrustedInput(int)).JML normal_behavior operation contract.0.key 
23593      DEBUG main            d.u.i.k.j.Recoder2KeY     converting now /home/runner/work/key/key/key.core/../key.ui/examples/InformationFlow/SimpleEvoting/src/simple_evoting/Voter.java 
23595      DEBUG main            d.u.i.k.j.Recoder2KeY     converting now /home/runner/work/key/key/key.core/../key.ui/examples/InformationFlow/SimpleEvoting/src/simple_evoting/NetworkClient.java 
23596      DEBUG main            d.u.i.k.j.Recoder2KeY     converting now /home/runner/work/key/key/key.core/../key.ui/examples/InformationFlow/SimpleEvoting/src/simple_evoting/SMT.java 
23597      DEBUG main            d.u.i.k.j.Recoder2KeY     converting now /home/runner/work/key/key/key.core/../key.ui/examples/InformationFlow/SimpleEvoting/src/simple_evoting/Environment.java 
23597      DEBUG main            d.u.i.k.j.Recoder2KeY     converting now /home/runner/work/key/key/key.core/../key.ui/examples/InformationFlow/SimpleEvoting/src/simple_evoting/Setup.java 
23599      DEBUG main            d.u.i.k.j.Recoder2KeY     converting now /home/runner/work/key/key/key.core/../key.ui/examples/InformationFlow/SimpleEvoting/src/simple_evoting/Server.java 
23599      DEBUG main            d.u.i.k.j.Recoder2KeY     converting now /home/runner/work/key/key/key.core/../key.ui/examples/InformationFlow/SimpleEvoting/src/simple_evoting/Message.java 
23600      DEBUG main            d.u.i.k.j.Recoder2KeY     converting now /home/runner/work/key/key/key.core/../key.ui/examples/InformationFlow/SimpleEvoting/src/simple_evoting/SMTEnv.java 
23604      DEBUG main            d.u.i.k.s.TermLabelSettings TermLabelSettings: Failure while reading the setting "UseOriginLabels".Using the default value: true.The string read was: null 
23605      DEBUG main            d.u.i.k.p.i.KeYFile       Reading KeY file /home/runner/work/key/key/key.core/../key.ui/examples/InformationFlow/SimpleEvoting/simple_evoting.Environment(simple_evoting.Environment__untrustedInput(int)).JML normal_behavior operation contract.0.key 
23606      DEBUG main            d.u.i.k.p.i.KeYFile       Reading KeY file file:/home/runner/work/key/key/key.core/build/resources/main/de/uka/ilkd/key/java/JavaRedux/java/lang/String.key 
23609      DEBUG main            d.u.i.k.p.i.KeYFile       Read specifications obtained when parsing the Java files (usually JML and Strings.key) from file:/home/runner/work/key/key/key.core/build/resources/main/de/uka/ilkd/key/java/JavaRedux/java/lang/String.key 
25575      DEBUG main            d.u.i.k.p.i.KeYFile       Read specifications obtained when parsing the Java files (usually JML and Strings.key) from /home/runner/work/key/key/key.core/../key.ui/examples/InformationFlow/SimpleEvoting/simple_evoting.Environment(simple_evoting.Environment__untrustedInput(int)).JML normal_behavior operation contract.0.key 
25747      INFO  main            d.u.i.k.p.r.p.TestFile    ... finished proof: open goal(s) 
25876      DEBUG main            d.u.i.k.s.TermLabelSettings TermLabelSettings: Failure while reading the setting "UseOriginLabels".Using the default value: true.The string read was: null 
25876      INFO  main            d.u.i.k.p.r.p.TestFile    Now processing file /home/runner/work/key/key/key.core/../key.ui/examples/InformationFlow/SimpleEvoting/simple_evoting.Environment(simple_evoting.Environment__untrustedInput()).JML normal_behavior operation contract.0.key 
26896      DEBUG main            d.u.i.k.j.Recoder2KeY     converting now /home/runner/work/key/key/key.core/../key.ui/examples/InformationFlow/SimpleEvoting/src/simple_evoting/Voter.java 
26898      DEBUG main            d.u.i.k.j.Recoder2KeY     converting now /home/runner/work/key/key/key.core/../key.ui/examples/InformationFlow/SimpleEvoting/src/simple_evoting/NetworkClient.java 
26899      DEBUG main            d.u.i.k.j.Recoder2KeY     converting now /home/runner/work/key/key/key.core/../key.ui/examples/InformationFlow/SimpleEvoting/src/simple_evoting/SMT.java 
26900      DEBUG main            d.u.i.k.j.Recoder2KeY     converting now /home/runner/work/key/key/key.core/../key.ui/examples/InformationFlow/SimpleEvoting/src/simple_evoting/Environment.java 
26901      DEBUG main            d.u.i.k.j.Recoder2KeY     converting now /home/runner/work/key/key/key.core/../key.ui/examples/InformationFlow/SimpleEvoting/src/simple_evoting/Setup.java 
26902      DEBUG main            d.u.i.k.j.Recoder2KeY     converting now /home/runner/work/key/key/key.core/../key.ui/examples/InformationFlow/SimpleEvoting/src/simple_evoting/Server.java 
26903      DEBUG main            d.u.i.k.j.Recoder2KeY     converting now /home/runner/work/key/key/key.core/../key.ui/examples/InformationFlow/SimpleEvoting/src/simple_evoting/Message.java 
26903      DEBUG main            d.u.i.k.j.Recoder2KeY     converting now /home/runner/work/key/key/key.core/../key.ui/examples/InformationFlow/SimpleEvoting/src/simple_evoting/SMTEnv.java 
26908      DEBUG main            d.u.i.k.s.TermLabelSettings TermLabelSettings: Failure while reading the setting "UseOriginLabels".Using the default value: true.The string read was: null 
26908      DEBUG main            d.u.i.k.p.i.KeYFile       Reading KeY file /home/runner/work/key/key/key.core/../key.ui/examples/InformationFlow/SimpleEvoting/simple_evoting.Environment(simple_evoting.Environment__untrustedInput()).JML normal_behavior operation contract.0.key 
26909      DEBUG main            d.u.i.k.p.i.KeYFile       Reading KeY file file:/home/runner/work/key/key/key.core/build/resources/main/de/uka/ilkd/key/java/JavaRedux/java/lang/String.key 
26912      DEBUG main            d.u.i.k.p.i.KeYFile       Read specifications obtained when parsing the Java files (usually JML and Strings.key) from file:/home/runner/work/key/key/key.core/build/resources/main/de/uka/ilkd/key/java/JavaRedux/java/lang/String.key 
28902      DEBUG main            d.u.i.k.p.i.KeYFile       Read specifications obtained when parsing the Java files (usually JML and Strings.key) from /home/runner/work/key/key/key.core/../key.ui/examples/InformationFlow/SimpleEvoting/simple_evoting.Environment(simple_evoting.Environment__untrustedInput()).JML normal_behavior operation contract.0.key 
29069      INFO  main            d.u.i.k.p.r.p.TestFile    ... finished proof: open goal(s) 
29236      DEBUG main            d.u.i.k.s.TermLabelSettings TermLabelSettings: Failure while reading the setting "UseOriginLabels".Using the default value: true.The string read was: null 
29236      INFO  main            d.u.i.k.p.r.p.TestFile    Now processing file /home/runner/work/key/key/key.core/../key.ui/examples/InformationFlow/SimpleEvoting/simple_evoting.Environment(simple_evoting.Environment___rep()).JML accessible clause.0.key 
30224      DEBUG main            d.u.i.k.j.Recoder2KeY     converting now /home/runner/work/key/key/key.core/../key.ui/examples/InformationFlow/SimpleEvoting/src/simple_evoting/Voter.java 
30226      DEBUG main            d.u.i.k.j.Recoder2KeY     converting now /home/runner/work/key/key/key.core/../key.ui/examples/InformationFlow/SimpleEvoting/src/simple_evoting/NetworkClient.java 
30227      DEBUG main            d.u.i.k.j.Recoder2KeY     converting now /home/runner/work/key/key/key.core/../key.ui/examples/InformationFlow/SimpleEvoting/src/simple_evoting/SMT.java 
30227      DEBUG main            d.u.i.k.j.Recoder2KeY     converting now /home/runner/work/key/key/key.core/../key.ui/examples/InformationFlow/SimpleEvoting/src/simple_evoting/Environment.java 
30228      DEBUG main            d.u.i.k.j.Recoder2KeY     converting now /home/runner/work/key/key/key.core/../key.ui/examples/InformationFlow/SimpleEvoting/src/simple_evoting/Setup.java 
30229      DEBUG main            d.u.i.k.j.Recoder2KeY     converting now /home/runner/work/key/key/key.core/../key.ui/examples/InformationFlow/SimpleEvoting/src/simple_evoting/Server.java 
30230      DEBUG main            d.u.i.k.j.Recoder2KeY     converting now /home/runner/work/key/key/key.core/../key.ui/examples/InformationFlow/SimpleEvoting/src/simple_evoting/Message.java 
30231      DEBUG main            d.u.i.k.j.Recoder2KeY     converting now /home/runner/work/key/key/key.core/../key.ui/examples/InformationFlow/SimpleEvoting/src/simple_evoting/SMTEnv.java 
30235      DEBUG main            d.u.i.k.s.TermLabelSettings TermLabelSettings: Failure while reading the setting "UseOriginLabels".Using the default value: true.The string read was: null 
30235      DEBUG main            d.u.i.k.p.i.KeYFile       Reading KeY file /home/runner/work/key/key/key.core/../key.ui/examples/InformationFlow/SimpleEvoting/simple_evoting.Environment(simple_evoting.Environment___rep()).JML accessible clause.0.key 
30236      DEBUG main            d.u.i.k.p.i.KeYFile       Reading KeY file file:/home/runner/work/key/key/key.core/build/resources/main/de/uka/ilkd/key/java/JavaRedux/java/lang/String.key 
30239      DEBUG main            d.u.i.k.p.i.KeYFile       Read specifications obtained when parsing the Java files (usually JML and Strings.key) from file:/home/runner/work/key/key/key.core/build/resources/main/de/uka/ilkd/key/java/JavaRedux/java/lang/String.key 
32208      DEBUG main            d.u.i.k.p.i.KeYFile       Read specifications obtained when parsing the Java files (usually JML and Strings.key) from /home/runner/work/key/key/key.core/../key.ui/examples/InformationFlow/SimpleEvoting/simple_evoting.Environment(simple_evoting.Environment___rep()).JML accessible clause.0.key 
32390      INFO  main            d.u.i.k.p.r.p.TestFile    ... finished proof: closed. 
32527      DEBUG main            d.u.i.k.s.TermLabelSettings TermLabelSettings: Failure while reading the setting "UseOriginLabels".Using the default value: true.The string read was: null 
32527      INFO  main            d.u.i.k.p.r.p.TestFile    Now processing file /home/runner/work/key/key/key.core/../key.ui/examples/InformationFlow/SimpleEvoting/simple_evoting.SMT(simple_evoting.SMT__send(simple_evoting.Message,int,simple_evoting.Server)).JML normal_behavior operation contract.1.key 
33496      DEBUG main            d.u.i.k.j.Recoder2KeY     converting now /home/runner/work/key/key/key.core/../key.ui/examples/InformationFlow/SimpleEvoting/src/simple_evoting/Voter.java 
33498      DEBUG main            d.u.i.k.j.Recoder2KeY     converting now /home/runner/work/key/key/key.core/../key.ui/examples/InformationFlow/SimpleEvoting/src/simple_evoting/NetworkClient.java 
33499      DEBUG main            d.u.i.k.j.Recoder2KeY     converting now /home/runner/work/key/key/key.core/../key.ui/examples/InformationFlow/SimpleEvoting/src/simple_evoting/SMT.java 
33499      DEBUG main            d.u.i.k.j.Recoder2KeY     converting now /home/runner/work/key/key/key.core/../key.ui/examples/InformationFlow/SimpleEvoting/src/simple_evoting/Environment.java 
33500      DEBUG main            d.u.i.k.j.Recoder2KeY     converting now /home/runner/work/key/key/key.core/../key.ui/examples/InformationFlow/SimpleEvoting/src/simple_evoting/Setup.java 
33501      DEBUG main            d.u.i.k.j.Recoder2KeY     converting now /home/runner/work/key/key/key.core/../key.ui/examples/InformationFlow/SimpleEvoting/src/simple_evoting/Server.java 
33501      DEBUG main            d.u.i.k.j.Recoder2KeY     converting now /home/runner/work/key/key/key.core/../key.ui/examples/InformationFlow/SimpleEvoting/src/simple_evoting/Message.java 
33502      DEBUG main            d.u.i.k.j.Recoder2KeY     converting now /home/runner/work/key/key/key.core/../key.ui/examples/InformationFlow/SimpleEvoting/src/simple_evoting/SMTEnv.java 
33506      DEBUG main            d.u.i.k.s.TermLabelSettings TermLabelSettings: Failure while reading the setting "UseOriginLabels".Using the default value: true.The string read was: null 
33506      DEBUG main            d.u.i.k.p.i.KeYFile       Reading KeY file /home/runner/work/key/key/key.core/../key.ui/examples/InformationFlow/SimpleEvoting/simple_evoting.SMT(simple_evoting.SMT__send(simple_evoting.Message,int,simple_evoting.Server)).JML normal_behavior operation contract.1.key 
33507      DEBUG main            d.u.i.k.p.i.KeYFile       Reading KeY file file:/home/runner/work/key/key/key.core/build/resources/main/de/uka/ilkd/key/java/JavaRedux/java/lang/String.key 
33509      DEBUG main            d.u.i.k.p.i.KeYFile       Read specifications obtained when parsing the Java files (usually JML and Strings.key) from file:/home/runner/work/key/key/key.core/build/resources/main/de/uka/ilkd/key/java/JavaRedux/java/lang/String.key 
35462      DEBUG main            d.u.i.k.p.i.KeYFile       Read specifications obtained when parsing the Java files (usually JML and Strings.key) from /home/runner/work/key/key/key.core/../key.ui/examples/InformationFlow/SimpleEvoting/simple_evoting.SMT(simple_evoting.SMT__send(simple_evoting.Message,int,simple_evoting.Server)).JML normal_behavior operation contract.1.key 
44649      INFO  main            d.u.i.k.p.r.p.TestFile    ... finished proof: closed. 
44861      DEBUG main            d.u.i.k.s.TermLabelSettings TermLabelSettings: Failure while reading the setting "UseOriginLabels".Using the default value: true.The string read was: null 
44861      INFO  main            d.u.i.k.p.r.p.TestFile    Now processing file /home/runner/work/key/key/key.core/../key.ui/examples/InformationFlow/SimpleEvoting/simple_evoting.SMT(simple_evoting.SMT__send(simple_evoting.Message,int,simple_evoting.Server)).JML normal_behavior operation contract.0.key 
45834      DEBUG main            d.u.i.k.j.Recoder2KeY     converting now /home/runner/work/key/key/key.core/../key.ui/examples/InformationFlow/SimpleEvoting/src/simple_evoting/Voter.java 
45836      DEBUG main            d.u.i.k.j.Recoder2KeY     converting now /home/runner/work/key/key/key.core/../key.ui/examples/InformationFlow/SimpleEvoting/src/simple_evoting/NetworkClient.java 
45837      DEBUG main            d.u.i.k.j.Recoder2KeY     converting now /home/runner/work/key/key/key.core/../key.ui/examples/InformationFlow/SimpleEvoting/src/simple_evoting/SMT.java 
45837      DEBUG main            d.u.i.k.j.Recoder2KeY     converting now /home/runner/work/key/key/key.core/../key.ui/examples/InformationFlow/SimpleEvoting/src/simple_evoting/Environment.java 
45838      DEBUG main            d.u.i.k.j.Recoder2KeY     converting now /home/runner/work/key/key/key.core/../key.ui/examples/InformationFlow/SimpleEvoting/src/simple_evoting/Setup.java 
45839      DEBUG main            d.u.i.k.j.Recoder2KeY     converting now /home/runner/work/key/key/key.core/../key.ui/examples/InformationFlow/SimpleEvoting/src/simple_evoting/Server.java 
45839      DEBUG main            d.u.i.k.j.Recoder2KeY     converting now /home/runner/work/key/key/key.core/../key.ui/examples/InformationFlow/SimpleEvoting/src/simple_evoting/Message.java 
45840      DEBUG main            d.u.i.k.j.Recoder2KeY     converting now /home/runner/work/key/key/key.core/../key.ui/examples/InformationFlow/SimpleEvoting/src/simple_evoting/SMTEnv.java 
45844      DEBUG main            d.u.i.k.s.TermLabelSettings TermLabelSettings: Failure while reading the setting "UseOriginLabels".Using the default value: true.The string read was: null 
45844      DEBUG main            d.u.i.k.p.i.KeYFile       Reading KeY file /home/runner/work/key/key/key.core/../key.ui/examples/InformationFlow/SimpleEvoting/simple_evoting.SMT(simple_evoting.SMT__send(simple_evoting.Message,int,simple_evoting.Server)).JML normal_behavior operation contract.0.key 
45845      DEBUG main            d.u.i.k.p.i.KeYFile       Reading KeY file file:/home/runner/work/key/key/key.core/build/resources/main/de/uka/ilkd/key/java/JavaRedux/java/lang/String.key 
45848      DEBUG main            d.u.i.k.p.i.KeYFile       Read specifications obtained when parsing the Java files (usually JML and Strings.key) from file:/home/runner/work/key/key/key.core/build/resources/main/de/uka/ilkd/key/java/JavaRedux/java/lang/String.key 
47753      DEBUG main            d.u.i.k.p.i.KeYFile       Read specifications obtained when parsing the Java files (usually JML and Strings.key) from /home/runner/work/key/key/key.core/../key.ui/examples/InformationFlow/SimpleEvoting/simple_evoting.SMT(simple_evoting.SMT__send(simple_evoting.Message,int,simple_evoting.Server)).JML normal_behavior operation contract.0.key 
56072      INFO  main            d.u.i.k.p.r.p.TestFile    ... finished proof: closed. 
56257      DEBUG main            d.u.i.k.s.TermLabelSettings TermLabelSettings: Failure while reading the setting "UseOriginLabels".Using the default value: true.The string read was: null 
56257      INFO  main            d.u.i.k.p.r.p.TestFile    Now processing file /home/runner/work/key/key/key.core/../key.ui/examples/InformationFlow/SimpleEvoting/simple_evoting.Message(java.lang.Object___inv_()).JML accessible clause.0.key 
57219      DEBUG main            d.u.i.k.j.Recoder2KeY     converting now /home/runner/work/key/key/key.core/../key.ui/examples/InformationFlow/SimpleEvoting/src/simple_evoting/Voter.java 
57221      DEBUG main            d.u.i.k.j.Recoder2KeY     converting now /home/runner/work/key/key/key.core/../key.ui/examples/InformationFlow/SimpleEvoting/src/simple_evoting/NetworkClient.java 
57222      DEBUG main            d.u.i.k.j.Recoder2KeY     converting now /home/runner/work/key/key/key.core/../key.ui/examples/InformationFlow/SimpleEvoting/src/simple_evoting/SMT.java 
57223      DEBUG main            d.u.i.k.j.Recoder2KeY     converting now /home/runner/work/key/key/key.core/../key.ui/examples/InformationFlow/SimpleEvoting/src/simple_evoting/Environment.java 
57223      DEBUG main            d.u.i.k.j.Recoder2KeY     converting now /home/runner/work/key/key/key.core/../key.ui/examples/InformationFlow/SimpleEvoting/src/simple_evoting/Setup.java 
57224      DEBUG main            d.u.i.k.j.Recoder2KeY     converting now /home/runner/work/key/key/key.core/../key.ui/examples/InformationFlow/SimpleEvoting/src/simple_evoting/Server.java 
57225      DEBUG main            d.u.i.k.j.Recoder2KeY     converting now /home/runner/work/key/key/key.core/../key.ui/examples/InformationFlow/SimpleEvoting/src/simple_evoting/Message.java 
57226      DEBUG main            d.u.i.k.j.Recoder2KeY     converting now /home/runner/work/key/key/key.core/../key.ui/examples/InformationFlow/SimpleEvoting/src/simple_evoting/SMTEnv.java 
57230      DEBUG main            d.u.i.k.s.TermLabelSettings TermLabelSettings: Failure while reading the setting "UseOriginLabels".Using the default value: true.The string read was: null 
57230      DEBUG main            d.u.i.k.p.i.KeYFile       Reading KeY file /home/runner/work/key/key/key.core/../key.ui/examples/InformationFlow/SimpleEvoting/simple_evoting.Message(java.lang.Object___inv_()).JML accessible clause.0.key 
57231      DEBUG main            d.u.i.k.p.i.KeYFile       Reading KeY file file:/home/runner/work/key/key/key.core/build/resources/main/de/uka/ilkd/key/java/JavaRedux/java/lang/String.key 
57234      DEBUG main            d.u.i.k.p.i.KeYFile       Read specifications obtained when parsing the Java files (usually JML and Strings.key) from file:/home/runner/work/key/key/key.core/build/resources/main/de/uka/ilkd/key/java/JavaRedux/java/lang/String.key 
59182      DEBUG main            d.u.i.k.p.i.KeYFile       Read specifications obtained when parsing the Java files (usually JML and Strings.key) from /home/runner/work/key/key/key.core/../key.ui/examples/InformationFlow/SimpleEvoting/simple_evoting.Message(java.lang.Object___inv_()).JML accessible clause.0.key 
59440      INFO  main            d.u.i.k.p.r.p.TestFile    ... finished proof: closed. 
59592      DEBUG main            d.u.i.k.s.TermLabelSettings TermLabelSettings: Failure while reading the setting "UseOriginLabels".Using the default value: true.The string read was: null 
59592      INFO  main            d.u.i.k.p.r.p.TestFile    Now processing file /home/runner/work/key/key/key.core/../key.ui/examples/InformationFlow/SimpleEvoting/simple_evoting.Server(simple_evoting.Server__resultReady()).JML accessible clause.0.key 
60587      DEBUG main            d.u.i.k.j.Recoder2KeY     converting now /home/runner/work/key/key/key.core/../key.ui/examples/InformationFlow/SimpleEvoting/src/simple_evoting/Voter.java 
60589      DEBUG main            d.u.i.k.j.Recoder2KeY     converting now /home/runner/work/key/key/key.core/../key.ui/examples/InformationFlow/SimpleEvoting/src/simple_evoting/NetworkClient.java 
60589      DEBUG main            d.u.i.k.j.Recoder2KeY     converting now /home/runner/work/key/key/key.core/../key.ui/examples/InformationFlow/SimpleEvoting/src/simple_evoting/SMT.java 
60590      DEBUG main            d.u.i.k.j.Recoder2KeY     converting now /home/runner/work/key/key/key.core/../key.ui/examples/InformationFlow/SimpleEvoting/src/simple_evoting/Environment.java 
60590      DEBUG main            d.u.i.k.j.Recoder2KeY     converting now /home/runner/work/key/key/key.core/../key.ui/examples/InformationFlow/SimpleEvoting/src/simple_evoting/Setup.java 
60591      DEBUG main            d.u.i.k.j.Recoder2KeY     converting now /home/runner/work/key/key/key.core/../key.ui/examples/InformationFlow/SimpleEvoting/src/simple_evoting/Server.java 
60592      DEBUG main            d.u.i.k.j.Recoder2KeY     converting now /home/runner/work/key/key/key.core/../key.ui/examples/InformationFlow/SimpleEvoting/src/simple_evoting/Message.java 
60593      DEBUG main            d.u.i.k.j.Recoder2KeY     converting now /home/runner/work/key/key/key.core/../key.ui/examples/InformationFlow/SimpleEvoting/src/simple_evoting/SMTEnv.java 
60597      DEBUG main            d.u.i.k.s.TermLabelSettings TermLabelSettings: Failure while reading the setting "UseOriginLabels".Using the default value: true.The string read was: null 
60597      DEBUG main            d.u.i.k.p.i.KeYFile       Reading KeY file /home/runner/work/key/key/key.core/../key.ui/examples/InformationFlow/SimpleEvoting/simple_evoting.Server(simple_evoting.Server__resultReady()).JML accessible clause.0.key 
60598      DEBUG main            d.u.i.k.p.i.KeYFile       Reading KeY file file:/home/runner/work/key/key/key.core/build/resources/main/de/uka/ilkd/key/java/JavaRedux/java/lang/String.key 
60600      DEBUG main            d.u.i.k.p.i.KeYFile       Read specifications obtained when parsing the Java files (usually JML and Strings.key) from file:/home/runner/work/key/key/key.core/build/resources/main/de/uka/ilkd/key/java/JavaRedux/java/lang/String.key 
62556      DEBUG main            d.u.i.k.p.i.KeYFile       Read specifications obtained when parsing the Java files (usually JML and Strings.key) from /home/runner/work/key/key/key.core/../key.ui/examples/InformationFlow/SimpleEvoting/simple_evoting.Server(simple_evoting.Server__resultReady()).JML accessible clause.0.key 
64019      INFO  main            d.u.i.k.p.r.p.TestFile    ... finished proof: closed. 
64245      DEBUG main            d.u.i.k.s.TermLabelSettings TermLabelSettings: Failure while reading the setting "UseOriginLabels".Using the default value: true.The string read was: null 
64246      INFO  main            d.u.i.k.p.r.p.TestFile    Now processing file /home/runner/work/key/key/key.core/../key.ui/examples/InformationFlow/SimpleEvoting/simple_evoting.Server(simple_evoting.Server__resultReady()).JML normal_behavior operation contract.0.key 
65207      DEBUG main            d.u.i.k.j.Recoder2KeY     converting now /home/runner/work/key/key/key.core/../key.ui/examples/InformationFlow/SimpleEvoting/src/simple_evoting/Voter.java 
65209      DEBUG main            d.u.i.k.j.Recoder2KeY     converting now /home/runner/work/key/key/key.core/../key.ui/examples/InformationFlow/SimpleEvoting/src/simple_evoting/NetworkClient.java 
65209      DEBUG main            d.u.i.k.j.Recoder2KeY     converting now /home/runner/work/key/key/key.core/../key.ui/examples/InformationFlow/SimpleEvoting/src/simple_evoting/SMT.java 
65210      DEBUG main            d.u.i.k.j.Recoder2KeY     converting now /home/runner/work/key/key/key.core/../key.ui/examples/InformationFlow/SimpleEvoting/src/simple_evoting/Environment.java 
65210      DEBUG main            d.u.i.k.j.Recoder2KeY     converting now /home/runner/work/key/key/key.core/../key.ui/examples/InformationFlow/SimpleEvoting/src/simple_evoting/Setup.java 
65211      DEBUG main            d.u.i.k.j.Recoder2KeY     converting now /home/runner/work/key/key/key.core/../key.ui/examples/InformationFlow/SimpleEvoting/src/simple_evoting/Server.java 
65212      DEBUG main            d.u.i.k.j.Recoder2KeY     converting now /home/runner/work/key/key/key.core/../key.ui/examples/InformationFlow/SimpleEvoting/src/simple_evoting/Message.java 
65212      DEBUG main            d.u.i.k.j.Recoder2KeY     converting now /home/runner/work/key/key/key.core/../key.ui/examples/InformationFlow/SimpleEvoting/src/simple_evoting/SMTEnv.java 
65216      DEBUG main            d.u.i.k.s.TermLabelSettings TermLabelSettings: Failure while reading the setting "UseOriginLabels".Using the default value: true.The string read was: null 
65216      DEBUG main            d.u.i.k.p.i.KeYFile       Reading KeY file /home/runner/work/key/key/key.core/../key.ui/examples/InformationFlow/SimpleEvoting/simple_evoting.Server(simple_evoting.Server__resultReady()).JML normal_behavior operation contract.0.key 
65217      DEBUG main            d.u.i.k.p.i.KeYFile       Reading KeY file file:/home/runner/work/key/key/key.core/build/resources/main/de/uka/ilkd/key/java/JavaRedux/java/lang/String.key 
65220      DEBUG main            d.u.i.k.p.i.KeYFile       Read specifications obtained when parsing the Java files (usually JML and Strings.key) from file:/home/runner/work/key/key/key.core/build/resources/main/de/uka/ilkd/key/java/JavaRedux/java/lang/String.key 
67182      DEBUG main            d.u.i.k.p.i.KeYFile       Read specifications obtained when parsing the Java files (usually JML and Strings.key) from /home/runner/work/key/key/key.core/../key.ui/examples/InformationFlow/SimpleEvoting/simple_evoting.Server(simple_evoting.Server__resultReady()).JML normal_behavior operation contract.0.key 
67324      DEBUG Thread-23       d.u.i.k.r.m.WhileLoopTransformation While-Loop-Tranform-Result: {
  int i = 0;
  while (i < this.numberOfVoters) {
    {
      if (!this.ballotCast[i]) return false;
    }
    i++;
  }
} 
67340      DEBUG Thread-23       d.u.i.k.r.m.WhileLoopTransformation While-Loop-Tranform-Result: try {
  {
    inner_label:
    if (i < this.numberOfVoters) {
      {
        if (!this.ballotCast[i]) {
          returnExpr#9 = false;
          rtrn#4 = true;
          break inner_label;
        }
      }
      i++;
    }
  }
} catch (java.lang.Throwable e#7) {
  exc#6 = true;
  thrownExc#8 = e#7;
} 
67378      DEBUG Thread-23       d.u.i.k.j.TypeConverter   typeconverter: (prefix this;, class class de.uka.ilkd.key.java.reference.ThisReference) 
67582      DEBUG Thread-23       d.u.i.k.j.TypeConverter   typeconverter: (prefix this;, class class de.uka.ilkd.key.java.reference.ThisReference) 
67621      DEBUG Thread-23       d.u.i.k.j.TypeConverter   typeconverter: (prefix this;, class class de.uka.ilkd.key.java.reference.ThisReference) 
67670      DEBUG Thread-23       d.u.i.k.j.TypeConverter   typeconverter: (prefix this;, class class de.uka.ilkd.key.java.reference.ThisReference) 
67974      INFO  main            d.u.i.k.p.r.p.TestFile    ... finished proof: closed. 
68147      DEBUG main            d.u.i.k.s.TermLabelSettings TermLabelSettings: Failure while reading the setting "UseOriginLabels".Using the default value: true.The string read was: null 
68147      INFO  main            d.u.i.k.p.r.p.TestFile    Now processing file /home/runner/work/key/key/key.core/../key.ui/examples/InformationFlow/SimpleEvoting/simple_evoting.Server(simple_evoting.Server__onSendResult()).JML normal_behavior operation contract.0.key 
69105      DEBUG main            d.u.i.k.j.Recoder2KeY     converting now /home/runner/work/key/key/key.core/../key.ui/examples/InformationFlow/SimpleEvoting/src/simple_evoting/Voter.java 
69107      DEBUG main            d.u.i.k.j.Recoder2KeY     converting now /home/runner/work/key/key/key.core/../key.ui/examples/InformationFlow/SimpleEvoting/src/simple_evoting/NetworkClient.java 
69107      DEBUG main            d.u.i.k.j.Recoder2KeY     converting now /home/runner/work/key/key/key.core/../key.ui/examples/InformationFlow/SimpleEvoting/src/simple_evoting/SMT.java 
69108      DEBUG main            d.u.i.k.j.Recoder2KeY     converting now /home/runner/work/key/key/key.core/../key.ui/examples/InformationFlow/SimpleEvoting/src/simple_evoting/Environment.java 
69108      DEBUG main            d.u.i.k.j.Recoder2KeY     converting now /home/runner/work/key/key/key.core/../key.ui/examples/InformationFlow/SimpleEvoting/src/simple_evoting/Setup.java 
69109      DEBUG main            d.u.i.k.j.Recoder2KeY     converting now /home/runner/work/key/key/key.core/../key.ui/examples/InformationFlow/SimpleEvoting/src/simple_evoting/Server.java 
69111      DEBUG main            d.u.i.k.j.Recoder2KeY     converting now /home/runner/work/key/key/key.core/../key.ui/examples/InformationFlow/SimpleEvoting/src/simple_evoting/Message.java 
69111      DEBUG main            d.u.i.k.j.Recoder2KeY     converting now /home/runner/work/key/key/key.core/../key.ui/examples/InformationFlow/SimpleEvoting/src/simple_evoting/SMTEnv.java 
69115      DEBUG main            d.u.i.k.s.TermLabelSettings TermLabelSettings: Failure while reading the setting "UseOriginLabels".Using the default value: true.The string read was: null 
69116      DEBUG main            d.u.i.k.p.i.KeYFile       Reading KeY file /home/runner/work/key/key/key.core/../key.ui/examples/InformationFlow/SimpleEvoting/simple_evoting.Server(simple_evoting.Server__onSendResult()).JML normal_behavior operation contract.0.key 
69116      DEBUG main            d.u.i.k.p.i.KeYFile       Reading KeY file file:/home/runner/work/key/key/key.core/build/resources/main/de/uka/ilkd/key/java/JavaRedux/java/lang/String.key 
69119      DEBUG main            d.u.i.k.p.i.KeYFile       Read specifications obtained when parsing the Java files (usually JML and Strings.key) from file:/home/runner/work/key/key/key.core/build/resources/main/de/uka/ilkd/key/java/JavaRedux/java/lang/String.key 
71058      DEBUG main            d.u.i.k.p.i.KeYFile       Read specifications obtained when parsing the Java files (usually JML and Strings.key) from /home/runner/work/key/key/key.core/../key.ui/examples/InformationFlow/SimpleEvoting/simple_evoting.Server(simple_evoting.Server__onSendResult()).JML normal_behavior operation contract.0.key 
71160      DEBUG Thread-25       d.u.i.k.r.m.MethodCall    method-call: called for getResult(); 
71161      DEBUG Thread-25       d.u.i.k.r.m.MethodCall    method-call: invocation of private method detected.Requires static resolving. 
71268      DEBUG Thread-25       d.u.i.k.j.TypeConverter   typeconverter: (prefix this;, class class de.uka.ilkd.key.java.reference.ThisReference) 
71323      INFO  main            d.u.i.k.p.r.p.TestFile    ... finished proof: closed. 
71472      DEBUG main            d.u.i.k.s.TermLabelSettings TermLabelSettings: Failure while reading the setting "UseOriginLabels".Using the default value: true.The string read was: null 
71472      INFO  main            d.u.i.k.p.r.p.TestFile    Now processing file /home/runner/work/key/key/key.core/../key.ui/examples/InformationFlow/SimpleEvoting/simple_evoting.Server(simple_evoting.Server__onCollectBallot(simple_evoting.Message)).JML normal_behavior operation contract.1.key 
72451      DEBUG main            d.u.i.k.j.Recoder2KeY     converting now /home/runner/work/key/key/key.core/../key.ui/examples/InformationFlow/SimpleEvoting/src/simple_evoting/Voter.java 
72453      DEBUG main            d.u.i.k.j.Recoder2KeY     converting now /home/runner/work/key/key/key.core/../key.ui/examples/InformationFlow/SimpleEvoting/src/simple_evoting/NetworkClient.java 
72453      DEBUG main            d.u.i.k.j.Recoder2KeY     converting now /home/runner/work/key/key/key.core/../key.ui/examples/InformationFlow/SimpleEvoting/src/simple_evoting/SMT.java 
72454      DEBUG main            d.u.i.k.j.Recoder2KeY     converting now /home/runner/work/key/key/key.core/../key.ui/examples/InformationFlow/SimpleEvoting/src/simple_evoting/Environment.java 
72454      DEBUG main            d.u.i.k.j.Recoder2KeY     converting now /home/runner/work/key/key/key.core/../key.ui/examples/InformationFlow/SimpleEvoting/src/simple_evoting/Setup.java 
72455      DEBUG main            d.u.i.k.j.Recoder2KeY     converting now /home/runner/work/key/key/key.core/../key.ui/examples/InformationFlow/SimpleEvoting/src/simple_evoting/Server.java 
72456      DEBUG main            d.u.i.k.j.Recoder2KeY     converting now /home/runner/work/key/key/key.core/../key.ui/examples/InformationFlow/SimpleEvoting/src/simple_evoting/Message.java 
72456      DEBUG main            d.u.i.k.j.Recoder2KeY     converting now /home/runner/work/key/key/key.core/../key.ui/examples/InformationFlow/SimpleEvoting/src/simple_evoting/SMTEnv.java 
72460      DEBUG main            d.u.i.k.s.TermLabelSettings TermLabelSettings: Failure while reading the setting "UseOriginLabels".Using the default value: true.The string read was: null 
72461      DEBUG main            d.u.i.k.p.i.KeYFile       Reading KeY file /home/runner/work/key/key/key.core/../key.ui/examples/InformationFlow/SimpleEvoting/simple_evoting.Server(simple_evoting.Server__onCollectBallot(simple_evoting.Message)).JML normal_behavior operation contract.1.key 
72461      DEBUG main            d.u.i.k.p.i.KeYFile       Reading KeY file file:/home/runner/work/key/key/key.core/build/resources/main/de/uka/ilkd/key/java/JavaRedux/java/lang/String.key 
72464      DEBUG main            d.u.i.k.p.i.KeYFile       Read specifications obtained when parsing the Java files (usually JML and Strings.key) from file:/home/runner/work/key/key/key.core/build/resources/main/de/uka/ilkd/key/java/JavaRedux/java/lang/String.key 
74372      DEBUG main            d.u.i.k.p.i.KeYFile       Read specifications obtained when parsing the Java files (usually JML and Strings.key) from /home/runner/work/key/key/key.core/../key.ui/examples/InformationFlow/SimpleEvoting/simple_evoting.Server(simple_evoting.Server__onCollectBallot(simple_evoting.Message)).JML normal_behavior operation contract.1.key 
74518      DEBUG Thread-27       d.u.i.k.j.TypeConverter   typeconverter: (prefix this;, class class de.uka.ilkd.key.java.reference.ThisReference) 
74562      DEBUG Thread-27       d.u.i.k.j.TypeConverter   typeconverter: (prefix this;, class class de.uka.ilkd.key.java.reference.ThisReference) 
74642      INFO  main            d.u.i.k.p.r.p.TestFile    ... finished proof: closed. 
74803      DEBUG main            d.u.i.k.s.TermLabelSettings TermLabelSettings: Failure while reading the setting "UseOriginLabels".Using the default value: true.The string read was: null 
74804      INFO  main            d.u.i.k.p.r.p.TestFile    Now processing file /home/runner/work/key/key/key.core/../key.ui/examples/InformationFlow/SimpleEvoting/simple_evoting.Server(simple_evoting.Server__onCollectBallot(simple_evoting.Message)).JML normal_behavior operation contract.0.key 
75772      DEBUG main            d.u.i.k.j.Recoder2KeY     converting now /home/runner/work/key/key/key.core/../key.ui/examples/InformationFlow/SimpleEvoting/src/simple_evoting/Voter.java 
75773      DEBUG main            d.u.i.k.j.Recoder2KeY     converting now /home/runner/work/key/key/key.core/../key.ui/examples/InformationFlow/SimpleEvoting/src/simple_evoting/NetworkClient.java 
75774      DEBUG main            d.u.i.k.j.Recoder2KeY     converting now /home/runner/work/key/key/key.core/../key.ui/examples/InformationFlow/SimpleEvoting/src/simple_evoting/SMT.java 
75775      DEBUG main            d.u.i.k.j.Recoder2KeY     converting now /home/runner/work/key/key/key.core/../key.ui/examples/InformationFlow/SimpleEvoting/src/simple_evoting/Environment.java 
75775      DEBUG main            d.u.i.k.j.Recoder2KeY     converting now /home/runner/work/key/key/key.core/../key.ui/examples/InformationFlow/SimpleEvoting/src/simple_evoting/Setup.java 
75776      DEBUG main            d.u.i.k.j.Recoder2KeY     converting now /home/runner/work/key/key/key.core/../key.ui/examples/InformationFlow/SimpleEvoting/src/simple_evoting/Server.java 
75777      DEBUG main            d.u.i.k.j.Recoder2KeY     converting now /home/runner/work/key/key/key.core/../key.ui/examples/InformationFlow/SimpleEvoting/src/simple_evoting/Message.java 
75778      DEBUG main            d.u.i.k.j.Recoder2KeY     converting now /home/runner/work/key/key/key.core/../key.ui/examples/InformationFlow/SimpleEvoting/src/simple_evoting/SMTEnv.java 
75782      DEBUG main            d.u.i.k.s.TermLabelSettings TermLabelSettings: Failure while reading the setting "UseOriginLabels".Using the default value: true.The string read was: null 
75782      DEBUG main            d.u.i.k.p.i.KeYFile       Reading KeY file /home/runner/work/key/key/key.core/../key.ui/examples/InformationFlow/SimpleEvoting/simple_evoting.Server(simple_evoting.Server__onCollectBallot(simple_evoting.Message)).JML normal_behavior operation contract.0.key 
75783      DEBUG main            d.u.i.k.p.i.KeYFile       Reading KeY file file:/home/runner/work/key/key/key.core/build/resources/main/de/uka/ilkd/key/java/JavaRedux/java/lang/String.key 
75786      DEBUG main            d.u.i.k.p.i.KeYFile       Read specifications obtained when parsing the Java files (usually JML and Strings.key) from file:/home/runner/work/key/key/key.core/build/resources/main/de/uka/ilkd/key/java/JavaRedux/java/lang/String.key 
77682      DEBUG main            d.u.i.k.p.i.KeYFile       Read specifications obtained when parsing the Java files (usually JML and Strings.key) from /home/runner/work/key/key/key.core/../key.ui/examples/InformationFlow/SimpleEvoting/simple_evoting.Server(simple_evoting.Server__onCollectBallot(simple_evoting.Message)).JML normal_behavior operation contract.0.key 
77859      DEBUG Thread-29       d.u.i.k.j.TypeConverter   typeconverter: (prefix this;, class class de.uka.ilkd.key.java.reference.ThisReference) 
77893      DEBUG Thread-29       d.u.i.k.j.TypeConverter   typeconverter: (prefix this;, class class de.uka.ilkd.key.java.reference.ThisReference) 
77925      DEBUG Thread-29       d.u.i.k.j.TypeConverter   typeconverter: (prefix this;, class class de.uka.ilkd.key.java.reference.ThisReference) 
77983      DEBUG Thread-29       d.u.i.k.j.TypeConverter   typeconverter: (prefix this;, class class de.uka.ilkd.key.java.reference.ThisReference) 
78018      DEBUG Thread-29       d.u.i.k.j.TypeConverter   typeconverter: (prefix this;, class class de.uka.ilkd.key.java.reference.ThisReference) 
78342      INFO  main            d.u.i.k.p.r.p.TestFile    ... finished proof: closed. 
78598      DEBUG main            d.u.i.k.s.TermLabelSettings TermLabelSettings: Failure while reading the setting "UseOriginLabels".Using the default value: true.The string read was: null 
78598      INFO  main            d.u.i.k.p.r.p.TestFile    Now processing file /home/runner/work/key/key/key.core/../key.ui/examples/InformationFlow/SimpleEvoting/simple_evoting.Server(java.lang.Object___inv_()).JML accessible clause.0.key 
79549      DEBUG main            d.u.i.k.j.Recoder2KeY     converting now /home/runner/work/key/key/key.core/../key.ui/examples/InformationFlow/SimpleEvoting/src/simple_evoting/Voter.java 
79551      DEBUG main            d.u.i.k.j.Recoder2KeY     converting now /home/runner/work/key/key/key.core/../key.ui/examples/InformationFlow/SimpleEvoting/src/simple_evoting/NetworkClient.java 
79551      DEBUG main            d.u.i.k.j.Recoder2KeY     converting now /home/runner/work/key/key/key.core/../key.ui/examples/InformationFlow/SimpleEvoting/src/simple_evoting/SMT.java 
79552      DEBUG main            d.u.i.k.j.Recoder2KeY     converting now /home/runner/work/key/key/key.core/../key.ui/examples/InformationFlow/SimpleEvoting/src/simple_evoting/Environment.java 
79552      DEBUG main            d.u.i.k.j.Recoder2KeY     converting now /home/runner/work/key/key/key.core/../key.ui/examples/InformationFlow/SimpleEvoting/src/simple_evoting/Setup.java 
79553      DEBUG main            d.u.i.k.j.Recoder2KeY     converting now /home/runner/work/key/key/key.core/../key.ui/examples/InformationFlow/SimpleEvoting/src/simple_evoting/Server.java 
79554      DEBUG main            d.u.i.k.j.Recoder2KeY     converting now /home/runner/work/key/key/key.core/../key.ui/examples/InformationFlow/SimpleEvoting/src/simple_evoting/Message.java 
79554      DEBUG main            d.u.i.k.j.Recoder2KeY     converting now /home/runner/work/key/key/key.core/../key.ui/examples/InformationFlow/SimpleEvoting/src/simple_evoting/SMTEnv.java 
79558      DEBUG main            d.u.i.k.s.TermLabelSettings TermLabelSettings: Failure while reading the setting "UseOriginLabels".Using the default value: true.The string read was: null 
79558      DEBUG main            d.u.i.k.p.i.KeYFile       Reading KeY file /home/runner/work/key/key/key.core/../key.ui/examples/InformationFlow/SimpleEvoting/simple_evoting.Server(java.lang.Object___inv_()).JML accessible clause.0.key 
79559      DEBUG main            d.u.i.k.p.i.KeYFile       Reading KeY file file:/home/runner/work/key/key/key.core/build/resources/main/de/uka/ilkd/key/java/JavaRedux/java/lang/String.key 
79562      DEBUG main            d.u.i.k.p.i.KeYFile       Read specifications obtained when parsing the Java files (usually JML and Strings.key) from file:/home/runner/work/key/key/key.core/build/resources/main/de/uka/ilkd/key/java/JavaRedux/java/lang/String.key 
81529      DEBUG main            d.u.i.k.p.i.KeYFile       Read specifications obtained when parsing the Java files (usually JML and Strings.key) from /home/runner/work/key/key/key.core/../key.ui/examples/InformationFlow/SimpleEvoting/simple_evoting.Server(java.lang.Object___inv_()).JML accessible clause.0.key 
81789      INFO  main            d.u.i.k.p.r.p.TestFile    ... finished proof: closed. 
81976      DEBUG main            d.u.i.k.s.TermLabelSettings TermLabelSettings: Failure while reading the setting "UseOriginLabels".Using the default value: true.The string read was: null 
81976      INFO  main            d.u.i.k.p.r.p.TestFile    Now processing file /home/runner/work/key/key/key.core/../key.ui/examples/InformationFlow/SimpleEvoting/simple_evoting.SMTEnv(simple_evoting.SMTEnv__send(int,int,int,simple_evoting.Server,int)).JML normal_behavior operation contract.0.key 
82937      DEBUG main            d.u.i.k.j.Recoder2KeY     converting now /home/runner/work/key/key/key.core/../key.ui/examples/InformationFlow/SimpleEvoting/src/simple_evoting/Voter.java 
82938      DEBUG main            d.u.i.k.j.Recoder2KeY     converting now /home/runner/work/key/key/key.core/../key.ui/examples/InformationFlow/SimpleEvoting/src/simple_evoting/NetworkClient.java 
82939      DEBUG main            d.u.i.k.j.Recoder2KeY     converting now /home/runner/work/key/key/key.core/../key.ui/examples/InformationFlow/SimpleEvoting/src/simple_evoting/SMT.java 
82939      DEBUG main            d.u.i.k.j.Recoder2KeY     converting now /home/runner/work/key/key/key.core/../key.ui/examples/InformationFlow/SimpleEvoting/src/simple_evoting/Environment.java 
82939      DEBUG main            d.u.i.k.j.Recoder2KeY     converting now /home/runner/work/key/key/key.core/../key.ui/examples/InformationFlow/SimpleEvoting/src/simple_evoting/Setup.java 
82940      DEBUG main            d.u.i.k.j.Recoder2KeY     converting now /home/runner/work/key/key/key.core/../key.ui/examples/InformationFlow/SimpleEvoting/src/simple_evoting/Server.java 
82941      DEBUG main            d.u.i.k.j.Recoder2KeY     converting now /home/runner/work/key/key/key.core/../key.ui/examples/InformationFlow/SimpleEvoting/src/simple_evoting/Message.java 
82941      DEBUG main            d.u.i.k.j.Recoder2KeY     converting now /home/runner/work/key/key/key.core/../key.ui/examples/InformationFlow/SimpleEvoting/src/simple_evoting/SMTEnv.java 
82945      DEBUG main            d.u.i.k.s.TermLabelSettings TermLabelSettings: Failure while reading the setting "UseOriginLabels".Using the default value: true.The string read was: null 
82945      DEBUG main            d.u.i.k.p.i.KeYFile       Reading KeY file /home/runner/work/key/key/key.core/../key.ui/examples/InformationFlow/SimpleEvoting/simple_evoting.SMTEnv(simple_evoting.SMTEnv__send(int,int,int,simple_evoting.Server,int)).JML normal_behavior operation contract.0.key 
82946      DEBUG main            d.u.i.k.p.i.KeYFile       Reading KeY file file:/home/runner/work/key/key/key.core/build/resources/main/de/uka/ilkd/key/java/JavaRedux/java/lang/String.key 
82948      DEBUG main            d.u.i.k.p.i.KeYFile       Read specifications obtained when parsing the Java files (usually JML and Strings.key) from file:/home/runner/work/key/key/key.core/build/resources/main/de/uka/ilkd/key/java/JavaRedux/java/lang/String.key 
84859      DEBUG main            d.u.i.k.p.i.KeYFile       Read specifications obtained when parsing the Java files (usually JML and Strings.key) from /home/runner/work/key/key/key.core/../key.ui/examples/InformationFlow/SimpleEvoting/simple_evoting.SMTEnv(simple_evoting.SMTEnv__send(int,int,int,simple_evoting.Server,int)).JML normal_behavior operation contract.0.key 
85217      INFO  main            d.u.i.k.p.r.p.TestFile    ... finished proof: closed. 
85457      DEBUG main            d.u.i.k.s.TermLabelSettings TermLabelSettings: Failure while reading the setting "UseOriginLabels".Using the default value: true.The string read was: null 
85457      INFO  main            d.u.i.k.p.r.p.TestFile    Now processing file /home/runner/work/key/key/key.core/../key.ui/examples/InformationFlow/SimpleEvoting/simple_evoting.NetworkClient(simple_evoting.NetworkClient__send((B,simple_evoting.Server,int)).JML normal_behavior operation contract.0.key 
86411      DEBUG main            d.u.i.k.j.Recoder2KeY     converting now /home/runner/work/key/key/key.core/../key.ui/examples/InformationFlow/SimpleEvoting/src/simple_evoting/Voter.java 
86412      DEBUG main            d.u.i.k.j.Recoder2KeY     converting now /home/runner/work/key/key/key.core/../key.ui/examples/InformationFlow/SimpleEvoting/src/simple_evoting/NetworkClient.java 
86413      DEBUG main            d.u.i.k.j.Recoder2KeY     converting now /home/runner/work/key/key/key.core/../key.ui/examples/InformationFlow/SimpleEvoting/src/simple_evoting/SMT.java 
86413      DEBUG main            d.u.i.k.j.Recoder2KeY     converting now /home/runner/work/key/key/key.core/../key.ui/examples/InformationFlow/SimpleEvoting/src/simple_evoting/Environment.java 
86413      DEBUG main            d.u.i.k.j.Recoder2KeY     converting now /home/runner/work/key/key/key.core/../key.ui/examples/InformationFlow/SimpleEvoting/src/simple_evoting/Setup.java 
86414      DEBUG main            d.u.i.k.j.Recoder2KeY     converting now /home/runner/work/key/key/key.core/../key.ui/examples/InformationFlow/SimpleEvoting/src/simple_evoting/Server.java 
86415      DEBUG main            d.u.i.k.j.Recoder2KeY     converting now /home/runner/work/key/key/key.core/../key.ui/examples/InformationFlow/SimpleEvoting/src/simple_evoting/Message.java 
86415      DEBUG main            d.u.i.k.j.Recoder2KeY     converting now /home/runner/work/key/key/key.core/../key.ui/examples/InformationFlow/SimpleEvoting/src/simple_evoting/SMTEnv.java 
86419      DEBUG main            d.u.i.k.s.TermLabelSettings TermLabelSettings: Failure while reading the setting "UseOriginLabels".Using the default value: true.The string read was: null 
86419      DEBUG main            d.u.i.k.p.i.KeYFile       Reading KeY file /home/runner/work/key/key/key.core/../key.ui/examples/InformationFlow/SimpleEvoting/simple_evoting.NetworkClient(simple_evoting.NetworkClient__send((B,simple_evoting.Server,int)).JML normal_behavior operation contract.0.key 
86420      DEBUG main            d.u.i.k.p.i.KeYFile       Reading KeY file file:/home/runner/work/key/key/key.core/build/resources/main/de/uka/ilkd/key/java/JavaRedux/java/lang/String.key 
86422      DEBUG main            d.u.i.k.p.i.KeYFile       Read specifications obtained when parsing the Java files (usually JML and Strings.key) from file:/home/runner/work/key/key/key.core/build/resources/main/de/uka/ilkd/key/java/JavaRedux/java/lang/String.key 
88334      DEBUG main            d.u.i.k.p.i.KeYFile       Read specifications obtained when parsing the Java files (usually JML and Strings.key) from /home/runner/work/key/key/key.core/../key.ui/examples/InformationFlow/SimpleEvoting/simple_evoting.NetworkClient(simple_evoting.NetworkClient__send((B,simple_evoting.Server,int)).JML normal_behavior operation contract.0.key 
88488      INFO  main            d.u.i.k.p.r.p.TestFile    ... finished proof: closed. 
88668      DEBUG main            d.u.i.k.s.TermLabelSettings TermLabelSettings: Failure while reading the setting "UseOriginLabels".Using the default value: true.The string read was: null 
88668      INFO  main            d.u.i.k.p.r.p.TestFile    Now processing file /home/runner/work/key/key/key.core/../key.ui/examples/InformationFlow/SimpleEvoting/simple_evoting.Setup(simple_evoting.Setup__publishResult()).JML normal_behavior operation contract.0.key 
89612      DEBUG main            d.u.i.k.j.Recoder2KeY     converting now /home/runner/work/key/key/key.core/../key.ui/examples/InformationFlow/SimpleEvoting/src/simple_evoting/Voter.java 
89613      DEBUG main            d.u.i.k.j.Recoder2KeY     converting now /home/runner/work/key/key/key.core/../key.ui/examples/InformationFlow/SimpleEvoting/src/simple_evoting/NetworkClient.java 
89614      DEBUG main            d.u.i.k.j.Recoder2KeY     converting now /home/runner/work/key/key/key.core/../key.ui/examples/InformationFlow/SimpleEvoting/src/simple_evoting/SMT.java 
89614      DEBUG main            d.u.i.k.j.Recoder2KeY     converting now /home/runner/work/key/key/key.core/../key.ui/examples/InformationFlow/SimpleEvoting/src/simple_evoting/Environment.java 
89615      DEBUG main            d.u.i.k.j.Recoder2KeY     converting now /home/runner/work/key/key/key.core/../key.ui/examples/InformationFlow/SimpleEvoting/src/simple_evoting/Setup.java 
89615      DEBUG main            d.u.i.k.j.Recoder2KeY     converting now /home/runner/work/key/key/key.core/../key.ui/examples/InformationFlow/SimpleEvoting/src/simple_evoting/Server.java 
89616      DEBUG main            d.u.i.k.j.Recoder2KeY     converting now /home/runner/work/key/key/key.core/../key.ui/examples/InformationFlow/SimpleEvoting/src/simple_evoting/Message.java 
89617      DEBUG main            d.u.i.k.j.Recoder2KeY     converting now /home/runner/work/key/key/key.core/../key.ui/examples/InformationFlow/SimpleEvoting/src/simple_evoting/SMTEnv.java 
89620      DEBUG main            d.u.i.k.s.TermLabelSettings TermLabelSettings: Failure while reading the setting "UseOriginLabels".Using the default value: true.The string read was: null 
89621      DEBUG main            d.u.i.k.p.i.KeYFile       Reading KeY file /home/runner/work/key/key/key.core/../key.ui/examples/InformationFlow/SimpleEvoting/simple_evoting.Setup(simple_evoting.Setup__publishResult()).JML normal_behavior operation contract.0.key 
89621      DEBUG main            d.u.i.k.p.i.KeYFile       Reading KeY file file:/home/runner/work/key/key/key.core/build/resources/main/de/uka/ilkd/key/java/JavaRedux/java/lang/String.key 
89624      DEBUG main            d.u.i.k.p.i.KeYFile       Read specifications obtained when parsing the Java files (usually JML and Strings.key) from file:/home/runner/work/key/key/key.core/build/resources/main/de/uka/ilkd/key/java/JavaRedux/java/lang/String.key 
91536      DEBUG main            d.u.i.k.p.i.KeYFile       Read specifications obtained when parsing the Java files (usually JML and Strings.key) from /home/runner/work/key/key/key.core/../key.ui/examples/InformationFlow/SimpleEvoting/simple_evoting.Setup(simple_evoting.Setup__publishResult()).JML normal_behavior operation contract.0.key 
91736      DEBUG Thread-37       d.u.i.k.j.TypeConverter   TypeConverter: FieldReference: server; 
91743      DEBUG Thread-37       d.u.i.k.j.TypeConverter   TypeConverter: FieldReference: out; 
92201      INFO  main            d.u.i.k.p.r.p.TestFile    ... finished proof: closed. 
92396      DEBUG main            d.u.i.k.s.TermLabelSettings TermLabelSettings: Failure while reading the setting "UseOriginLabels".Using the default value: true.The string read was: null 
92396      INFO  main            d.u.i.k.p.r.p.TestFile    Now processing file /home/runner/work/key/key/key.core/../key.ui/examples/InformationFlow/SimpleEvoting/simple_evoting.Setup(simple_evoting.Setup__main()).JML normal_behavior operation contract.0.key 
93340      DEBUG main            d.u.i.k.j.Recoder2KeY     converting now /home/runner/work/key/key/key.core/../key.ui/examples/InformationFlow/SimpleEvoting/src/simple_evoting/Voter.java 
93342      DEBUG main            d.u.i.k.j.Recoder2KeY     converting now /home/runner/work/key/key/key.core/../key.ui/examples/InformationFlow/SimpleEvoting/src/simple_evoting/NetworkClient.java 
93342      DEBUG main            d.u.i.k.j.Recoder2KeY     converting now /home/runner/work/key/key/key.core/../key.ui/examples/InformationFlow/SimpleEvoting/src/simple_evoting/SMT.java 
93342      DEBUG main            d.u.i.k.j.Recoder2KeY     converting now /home/runner/work/key/key/key.core/../key.ui/examples/InformationFlow/SimpleEvoting/src/simple_evoting/Environment.java 
93343      DEBUG main            d.u.i.k.j.Recoder2KeY     converting now /home/runner/work/key/key/key.core/../key.ui/examples/InformationFlow/SimpleEvoting/src/simple_evoting/Setup.java 
93344      DEBUG main            d.u.i.k.j.Recoder2KeY     converting now /home/runner/work/key/key/key.core/../key.ui/examples/InformationFlow/SimpleEvoting/src/simple_evoting/Server.java 
93344      DEBUG main            d.u.i.k.j.Recoder2KeY     converting now /home/runner/work/key/key/key.core/../key.ui/examples/InformationFlow/SimpleEvoting/src/simple_evoting/Message.java 
93345      DEBUG main            d.u.i.k.j.Recoder2KeY     converting now /home/runner/work/key/key/key.core/../key.ui/examples/InformationFlow/SimpleEvoting/src/simple_evoting/SMTEnv.java 
93348      DEBUG main            d.u.i.k.s.TermLabelSettings TermLabelSettings: Failure while reading the setting "UseOriginLabels".Using the default value: true.The string read was: null 
93348      DEBUG main            d.u.i.k.p.i.KeYFile       Reading KeY file /home/runner/work/key/key/key.core/../key.ui/examples/InformationFlow/SimpleEvoting/simple_evoting.Setup(simple_evoting.Setup__main()).JML normal_behavior operation contract.0.key 
93349      DEBUG main            d.u.i.k.p.i.KeYFile       Reading KeY file file:/home/runner/work/key/key/key.core/build/resources/main/de/uka/ilkd/key/java/JavaRedux/java/lang/String.key 
93352      DEBUG main            d.u.i.k.p.i.KeYFile       Read specifications obtained when parsing the Java files (usually JML and Strings.key) from file:/home/runner/work/key/key/key.core/build/resources/main/de/uka/ilkd/key/java/JavaRedux/java/lang/String.key 
95269      DEBUG main            d.u.i.k.p.i.KeYFile       Read specifications obtained when parsing the Java files (usually JML and Strings.key) from /home/runner/work/key/key/key.core/../key.ui/examples/InformationFlow/SimpleEvoting/simple_evoting.Setup(simple_evoting.Setup__main()).JML normal_behavior operation contract.0.key 
95532      DEBUG Thread-39       d.u.i.k.j.TypeConverter   TypeConverter: FieldReference: server; 
95681      DEBUG Thread-39       d.u.i.k.r.m.WhileLoopTransformation While-Loop-Tranform-Result: try {
  {
    if (!resultReady) {
      final int k = Environment.untrustedInput(
          voters.length
        );
      final Voter v = voters[k];
      v.onSendBallot(server);
      resultReady = server.resultReady();
    }
  }
} catch (java.lang.Throwable e#7) {
  exc#6 = true;
  thrownExc#8 = e#7;
} 
130164     INFO  main            d.u.i.k.p.r.p.TestFile    ... finished proof: open goal(s) 
130424     DEBUG main            d.u.i.k.s.TermLabelSettings TermLabelSettings: Failure while reading the setting "UseOriginLabels".Using the default value: true.The string read was: null 
130424     INFO  main            d.u.i.k.p.r.p.TestFile    Now processing file /home/runner/work/key/key/key.core/../key.ui/examples/InformationFlow/SimpleEvoting/simple_evoting.Setup(java.lang.Object___inv_()).JML accessible clause.0.key 
131376     DEBUG main            d.u.i.k.j.Recoder2KeY     converting now /home/runner/work/key/key/key.core/../key.ui/examples/InformationFlow/SimpleEvoting/src/simple_evoting/Voter.java 
131377     DEBUG main            d.u.i.k.j.Recoder2KeY     converting now /home/runner/work/key/key/key.core/../key.ui/examples/InformationFlow/SimpleEvoting/src/simple_evoting/NetworkClient.java 
131378     DEBUG main            d.u.i.k.j.Recoder2KeY     converting now /home/runner/work/key/key/key.core/../key.ui/examples/InformationFlow/SimpleEvoting/src/simple_evoting/SMT.java 
131378     DEBUG main            d.u.i.k.j.Recoder2KeY     converting now /home/runner/work/key/key/key.core/../key.ui/examples/InformationFlow/SimpleEvoting/src/simple_evoting/Environment.java 
131379     DEBUG main            d.u.i.k.j.Recoder2KeY     converting now /home/runner/work/key/key/key.core/../key.ui/examples/InformationFlow/SimpleEvoting/src/simple_evoting/Setup.java 
131379     DEBUG main            d.u.i.k.j.Recoder2KeY     converting now /home/runner/work/key/key/key.core/../key.ui/examples/InformationFlow/SimpleEvoting/src/simple_evoting/Server.java 
131380     DEBUG main            d.u.i.k.j.Recoder2KeY     converting now /home/runner/work/key/key/key.core/../key.ui/examples/InformationFlow/SimpleEvoting/src/simple_evoting/Message.java 
131381     DEBUG main            d.u.i.k.j.Recoder2KeY     converting now /home/runner/work/key/key/key.core/../key.ui/examples/InformationFlow/SimpleEvoting/src/simple_evoting/SMTEnv.java 
131384     DEBUG main            d.u.i.k.s.TermLabelSettings TermLabelSettings: Failure while reading the setting "UseOriginLabels".Using the default value: true.The string read was: null 
131384     DEBUG main            d.u.i.k.p.i.KeYFile       Reading KeY file /home/runner/work/key/key/key.core/../key.ui/examples/InformationFlow/SimpleEvoting/simple_evoting.Setup(java.lang.Object___inv_()).JML accessible clause.0.key 
131385     DEBUG main            d.u.i.k.p.i.KeYFile       Reading KeY file file:/home/runner/work/key/key/key.core/build/resources/main/de/uka/ilkd/key/java/JavaRedux/java/lang/String.key 
131387     DEBUG main            d.u.i.k.p.i.KeYFile       Read specifications obtained when parsing the Java files (usually JML and Strings.key) from file:/home/runner/work/key/key/key.core/build/resources/main/de/uka/ilkd/key/java/JavaRedux/java/lang/String.key 
133265     DEBUG main            d.u.i.k.p.i.KeYFile       Read specifications obtained when parsing the Java files (usually JML and Strings.key) from /home/runner/work/key/key/key.core/../key.ui/examples/InformationFlow/SimpleEvoting/simple_evoting.Setup(java.lang.Object___inv_()).JML accessible clause.0.key 
137033     INFO  main            d.u.i.k.p.r.p.TestFile    ... finished proof: closed. 
137351     DEBUG main            d.u.i.k.s.TermLabelSettings TermLabelSettings: Failure while reading the setting "UseOriginLabels".Using the default value: true.The string read was: null 
137351     INFO  main            d.u.i.k.p.r.p.TestFile    Now processing file /home/runner/work/key/key/key.core/../key.ui/examples/InformationFlow/SimpleEvoting/simple_evoting.Voter(simple_evoting.Voter__onSendBallot(simple_evoting.Server)).JML normal_behavior operation contract.1.key 
138291     DEBUG main            d.u.i.k.j.Recoder2KeY     converting now /home/runner/work/key/key/key.core/../key.ui/examples/InformationFlow/SimpleEvoting/src/simple_evoting/Voter.java 
138293     DEBUG main            d.u.i.k.j.Recoder2KeY     converting now /home/runner/work/key/key/key.core/../key.ui/examples/InformationFlow/SimpleEvoting/src/simple_evoting/NetworkClient.java 
138293     DEBUG main            d.u.i.k.j.Recoder2KeY     converting now /home/runner/work/key/key/key.core/../key.ui/examples/InformationFlow/SimpleEvoting/src/simple_evoting/SMT.java 
138294     DEBUG main            d.u.i.k.j.Recoder2KeY     converting now /home/runner/work/key/key/key.core/../key.ui/examples/InformationFlow/SimpleEvoting/src/simple_evoting/Environment.java 
138294     DEBUG main            d.u.i.k.j.Recoder2KeY     converting now /home/runner/work/key/key/key.core/../key.ui/examples/InformationFlow/SimpleEvoting/src/simple_evoting/Setup.java 
138295     DEBUG main            d.u.i.k.j.Recoder2KeY     converting now /home/runner/work/key/key/key.core/../key.ui/examples/InformationFlow/SimpleEvoting/src/simple_evoting/Server.java 
138296     DEBUG main            d.u.i.k.j.Recoder2KeY     converting now /home/runner/work/key/key/key.core/../key.ui/examples/InformationFlow/SimpleEvoting/src/simple_evoting/Message.java 
138297     DEBUG main            d.u.i.k.j.Recoder2KeY     converting now /home/runner/work/key/key/key.core/../key.ui/examples/InformationFlow/SimpleEvoting/src/simple_evoting/SMTEnv.java 
138301     DEBUG main            d.u.i.k.s.TermLabelSettings TermLabelSettings: Failure while reading the setting "UseOriginLabels".Using the default value: true.The string read was: null 
138301     DEBUG main            d.u.i.k.p.i.KeYFile       Reading KeY file /home/runner/work/key/key/key.core/../key.ui/examples/InformationFlow/SimpleEvoting/simple_evoting.Voter(simple_evoting.Voter__onSendBallot(simple_evoting.Server)).JML normal_behavior operation contract.1.key 
138302     DEBUG main            d.u.i.k.p.i.KeYFile       Reading KeY file file:/home/runner/work/key/key/key.core/build/resources/main/de/uka/ilkd/key/java/JavaRedux/java/lang/String.key 
138304     DEBUG main            d.u.i.k.p.i.KeYFile       Read specifications obtained when parsing the Java files (usually JML and Strings.key) from file:/home/runner/work/key/key/key.core/build/resources/main/de/uka/ilkd/key/java/JavaRedux/java/lang/String.key 
140165     DEBUG main            d.u.i.k.p.i.KeYFile       Read specifications obtained when parsing the Java files (usually JML and Strings.key) from /home/runner/work/key/key/key.core/../key.ui/examples/InformationFlow/SimpleEvoting/simple_evoting.Voter(simple_evoting.Voter__onSendBallot(simple_evoting.Server)).JML normal_behavior operation contract.1.key 
140277     DEBUG Thread-43       d.u.i.k.j.TypeConverter   typeconverter: (prefix this;, class class de.uka.ilkd.key.java.reference.ThisReference) 
140282     DEBUG Thread-43       d.u.i.k.j.TypeConverter   typeconverter: (prefix this;, class class de.uka.ilkd.key.java.reference.ThisReference) 
140303     DEBUG Thread-43       d.u.i.k.r.m.MethodCall    method-call: called for Message.<createObject>(); 
140303     DEBUG Thread-43       d.u.i.k.r.m.MethodCall    method-call: invocation of static method detected 
140310     DEBUG Thread-43       d.u.i.k.r.m.MethodCall    method-call: called for Message.<allocate>(); 
140310     DEBUG Thread-43       d.u.i.k.r.m.MethodCall    method-call: invocation of static method detected 
140328     DEBUG Thread-43       d.u.i.k.j.TypeConverter   typeconverter: (prefix this;, class class de.uka.ilkd.key.java.reference.ThisReference) 
140333     DEBUG Thread-43       d.u.i.k.r.m.MethodCall    method-call: called for <prepareEnter>(); 
140333     DEBUG Thread-43       d.u.i.k.r.m.MethodCall    method-call: invocation of private method detected.Requires static resolving. 
140339     DEBUG Thread-43       d.u.i.k.r.m.MethodCall    method-call: called for super.<prepare>(); 
140340     DEBUG Thread-43       d.u.i.k.r.m.MethodCall    method-call: super invocation of method detected.Requires static resolving. 
140347     DEBUG Thread-43       d.u.i.k.j.TypeConverter   typeconverter: (prefix this;, class class de.uka.ilkd.key.java.reference.ThisReference) 
140352     DEBUG Thread-43       d.u.i.k.j.TypeConverter   typeconverter: (prefix this;, class class de.uka.ilkd.key.java.reference.ThisReference) 
140357     DEBUG Thread-43       d.u.i.k.j.TypeConverter   typeconverter: (prefix this;, class class de.uka.ilkd.key.java.reference.ThisReference) 
140392     DEBUG Thread-43       d.u.i.k.r.m.MethodCall    method-call: called for super.<init>(); 
140393     DEBUG Thread-43       d.u.i.k.r.m.MethodCall    method-call: super invocation of method detected.Requires static resolving. 
140400     DEBUG Thread-43       d.u.i.k.j.TypeConverter   typeconverter: (prefix this;, class class de.uka.ilkd.key.java.reference.ThisReference) 
140405     DEBUG Thread-43       d.u.i.k.j.TypeConverter   typeconverter: (prefix this;, class class de.uka.ilkd.key.java.reference.ThisReference) 
140421     DEBUG Thread-43       d.u.i.k.j.TypeConverter   typeconverter: (prefix this;, class class de.uka.ilkd.key.java.reference.ThisReference) 
140434     DEBUG Thread-43       d.u.i.k.j.TypeConverter   typeconverter: (prefix this;, class class de.uka.ilkd.key.java.reference.ThisReference) 
144337     INFO  main            d.u.i.k.p.r.p.TestFile    ... finished proof: closed. 
144585     DEBUG main            d.u.i.k.s.TermLabelSettings TermLabelSettings: Failure while reading the setting "UseOriginLabels".Using the default value: true.The string read was: null 
144585     INFO  main            d.u.i.k.p.r.p.TestFile    Now processing file /home/runner/work/key/key/key.core/../key.ui/examples/InformationFlow/SimpleEvoting/simple_evoting.Voter(simple_evoting.Voter__onSendBallot(simple_evoting.Server)).JML normal_behavior operation contract.0.key 
145546     DEBUG main            d.u.i.k.j.Recoder2KeY     converting now /home/runner/work/key/key/key.core/../key.ui/examples/InformationFlow/SimpleEvoting/src/simple_evoting/Voter.java 
145548     DEBUG main            d.u.i.k.j.Recoder2KeY     converting now /home/runner/work/key/key/key.core/../key.ui/examples/InformationFlow/SimpleEvoting/src/simple_evoting/NetworkClient.java 
145549     DEBUG main            d.u.i.k.j.Recoder2KeY     converting now /home/runner/work/key/key/key.core/../key.ui/examples/InformationFlow/SimpleEvoting/src/simple_evoting/SMT.java 
145550     DEBUG main            d.u.i.k.j.Recoder2KeY     converting now /home/runner/work/key/key/key.core/../key.ui/examples/InformationFlow/SimpleEvoting/src/simple_evoting/Environment.java 
145550     DEBUG main            d.u.i.k.j.Recoder2KeY     converting now /home/runner/work/key/key/key.core/../key.ui/examples/InformationFlow/SimpleEvoting/src/simple_evoting/Setup.java 
145551     DEBUG main            d.u.i.k.j.Recoder2KeY     converting now /home/runner/work/key/key/key.core/../key.ui/examples/InformationFlow/SimpleEvoting/src/simple_evoting/Server.java 
145552     DEBUG main            d.u.i.k.j.Recoder2KeY     converting now /home/runner/work/key/key/key.core/../key.ui/examples/InformationFlow/SimpleEvoting/src/simple_evoting/Message.java 
145553     DEBUG main            d.u.i.k.j.Recoder2KeY     converting now /home/runner/work/key/key/key.core/../key.ui/examples/InformationFlow/SimpleEvoting/src/simple_evoting/SMTEnv.java 
145559     DEBUG main            d.u.i.k.s.TermLabelSettings TermLabelSettings: Failure while reading the setting "UseOriginLabels".Using the default value: true.The string read was: null 
145559     DEBUG main            d.u.i.k.p.i.KeYFile       Reading KeY file /home/runner/work/key/key/key.core/../key.ui/examples/InformationFlow/SimpleEvoting/simple_evoting.Voter(simple_evoting.Voter__onSendBallot(simple_evoting.Server)).JML normal_behavior operation contract.0.key 
145560     DEBUG main            d.u.i.k.p.i.KeYFile       Reading KeY file file:/home/runner/work/key/key/key.core/build/resources/main/de/uka/ilkd/key/java/JavaRedux/java/lang/String.key 
145563     DEBUG main            d.u.i.k.p.i.KeYFile       Read specifications obtained when parsing the Java files (usually JML and Strings.key) from file:/home/runner/work/key/key/key.core/build/resources/main/de/uka/ilkd/key/java/JavaRedux/java/lang/String.key 
147467     DEBUG main            d.u.i.k.p.i.KeYFile       Read specifications obtained when parsing the Java files (usually JML and Strings.key) from /home/runner/work/key/key/key.core/../key.ui/examples/InformationFlow/SimpleEvoting/simple_evoting.Voter(simple_evoting.Voter__onSendBallot(simple_evoting.Server)).JML normal_behavior operation contract.0.key 
147589     DEBUG Thread-45       d.u.i.k.j.TypeConverter   typeconverter: (prefix this;, class class de.uka.ilkd.key.java.reference.ThisReference) 
147594     DEBUG Thread-45       d.u.i.k.j.TypeConverter   typeconverter: (prefix this;, class class de.uka.ilkd.key.java.reference.ThisReference) 
147614     DEBUG Thread-45       d.u.i.k.r.m.MethodCall    method-call: called for Message.<createObject>(); 
147614     DEBUG Thread-45       d.u.i.k.r.m.MethodCall    method-call: invocation of static method detected 
147621     DEBUG Thread-45       d.u.i.k.r.m.MethodCall    method-call: called for Message.<allocate>(); 
147621     DEBUG Thread-45       d.u.i.k.r.m.MethodCall    method-call: invocation of static method detected 
147636     DEBUG Thread-45       d.u.i.k.j.TypeConverter   typeconverter: (prefix this;, class class de.uka.ilkd.key.java.reference.ThisReference) 
147641     DEBUG Thread-45       d.u.i.k.r.m.MethodCall    method-call: called for <prepareEnter>(); 
147642     DEBUG Thread-45       d.u.i.k.r.m.MethodCall    method-call: invocation of private method detected.Requires static resolving. 
147647     DEBUG Thread-45       d.u.i.k.r.m.MethodCall    method-call: called for super.<prepare>(); 
147647     DEBUG Thread-45       d.u.i.k.r.m.MethodCall    method-call: super invocation of method detected.Requires static resolving. 
147654     DEBUG Thread-45       d.u.i.k.j.TypeConverter   typeconverter: (prefix this;, class class de.uka.ilkd.key.java.reference.ThisReference) 
147659     DEBUG Thread-45       d.u.i.k.j.TypeConverter   typeconverter: (prefix this;, class class de.uka.ilkd.key.java.reference.ThisReference) 
147664     DEBUG Thread-45       d.u.i.k.j.TypeConverter   typeconverter: (prefix this;, class class de.uka.ilkd.key.java.reference.ThisReference) 
147700     DEBUG Thread-45       d.u.i.k.r.m.MethodCall    method-call: called for super.<init>(); 
147700     DEBUG Thread-45       d.u.i.k.r.m.MethodCall    method-call: super invocation of method detected.Requires static resolving. 
147707     DEBUG Thread-45       d.u.i.k.j.TypeConverter   typeconverter: (prefix this;, class class de.uka.ilkd.key.java.reference.ThisReference) 
147712     DEBUG Thread-45       d.u.i.k.j.TypeConverter   typeconverter: (prefix this;, class class de.uka.ilkd.key.java.reference.ThisReference) 
147729     DEBUG Thread-45       d.u.i.k.j.TypeConverter   typeconverter: (prefix this;, class class de.uka.ilkd.key.java.reference.ThisReference) 
147742     DEBUG Thread-45       d.u.i.k.j.TypeConverter   typeconverter: (prefix this;, class class de.uka.ilkd.key.java.reference.ThisReference) 
154500     INFO  main            d.u.i.k.p.r.p.TestFile    ... finished proof: closed. 
154745     DEBUG main            d.u.i.k.s.TermLabelSettings TermLabelSettings: Failure while reading the setting "UseOriginLabels".Using the default value: true.The string read was: null 
154745     INFO  main            d.u.i.k.p.r.p.TestFile    Now processing file /home/runner/work/key/key/key.core/../key.ui/examples/InformationFlow/SimpleEvoting/simple_evoting.Voter(java.lang.Object___inv_()).JML accessible clause.0.key 
155687     DEBUG main            d.u.i.k.j.Recoder2KeY     converting now /home/runner/work/key/key/key.core/../key.ui/examples/InformationFlow/SimpleEvoting/src/simple_evoting/Voter.java 
155688     DEBUG main            d.u.i.k.j.Recoder2KeY     converting now /home/runner/work/key/key/key.core/../key.ui/examples/InformationFlow/SimpleEvoting/src/simple_evoting/NetworkClient.java 
155689     DEBUG main            d.u.i.k.j.Recoder2KeY     converting now /home/runner/work/key/key/key.core/../key.ui/examples/InformationFlow/SimpleEvoting/src/simple_evoting/SMT.java 
155689     DEBUG main            d.u.i.k.j.Recoder2KeY     converting now /home/runner/work/key/key/key.core/../key.ui/examples/InformationFlow/SimpleEvoting/src/simple_evoting/Environment.java 
155689     DEBUG main            d.u.i.k.j.Recoder2KeY     converting now /home/runner/work/key/key/key.core/../key.ui/examples/InformationFlow/SimpleEvoting/src/simple_evoting/Setup.java 
155690     DEBUG main            d.u.i.k.j.Recoder2KeY     converting now /home/runner/work/key/key/key.core/../key.ui/examples/InformationFlow/SimpleEvoting/src/simple_evoting/Server.java 
155691     DEBUG main            d.u.i.k.j.Recoder2KeY     converting now /home/runner/work/key/key/key.core/../key.ui/examples/InformationFlow/SimpleEvoting/src/simple_evoting/Message.java 
155691     DEBUG main            d.u.i.k.j.Recoder2KeY     converting now /home/runner/work/key/key/key.core/../key.ui/examples/InformationFlow/SimpleEvoting/src/simple_evoting/SMTEnv.java 
155695     DEBUG main            d.u.i.k.s.TermLabelSettings TermLabelSettings: Failure while reading the setting "UseOriginLabels".Using the default value: true.The string read was: null 
155695     DEBUG main            d.u.i.k.p.i.KeYFile       Reading KeY file /home/runner/work/key/key/key.core/../key.ui/examples/InformationFlow/SimpleEvoting/simple_evoting.Voter(java.lang.Object___inv_()).JML accessible clause.0.key 
155696     DEBUG main            d.u.i.k.p.i.KeYFile       Reading KeY file file:/home/runner/work/key/key/key.core/build/resources/main/de/uka/ilkd/key/java/JavaRedux/java/lang/String.key 
155698     DEBUG main            d.u.i.k.p.i.KeYFile       Read specifications obtained when parsing the Java files (usually JML and Strings.key) from file:/home/runner/work/key/key/key.core/build/resources/main/de/uka/ilkd/key/java/JavaRedux/java/lang/String.key 
157589     DEBUG main            d.u.i.k.p.i.KeYFile       Read specifications obtained when parsing the Java files (usually JML and Strings.key) from /home/runner/work/key/key/key.core/../key.ui/examples/InformationFlow/SimpleEvoting/simple_evoting.Voter(java.lang.Object___inv_()).JML accessible clause.0.key 
157852     INFO  main            d.u.i.k.p.r.p.TestFile    ... finished proof: closed. 
687366     INFO  Test worker     d.u.i.k.p.r.RunAllProofsTestUnit Returning from test SimpleEvoting 
687367     INFO  Test worker     d.u.i.k.p.r.RunAllProofsTestUnit Running test ToyVoting_nomacro 
337        INFO  Timeout watchdog d.u.i.k.p.r.p.ForkedTestFileRunner Timeout watcher launched (1000 secs.) 
354        WARN  main            d.u.i.k.s.ProofSettings   The settings in /home/runner/.key/proof-settings.props are *not* read. 
392        DEBUG main            d.u.i.k.s.TermLabelSettings TermLabelSettings: Failure while reading the setting "UseOriginLabels".Using the default value: true.The string read was: null 
392        INFO  main            d.u.i.k.p.r.p.TestFile    Now processing file /home/runner/work/key/key/key.core/../key.ui/examples/InformationFlow/ToyVoting/Voter(Voter__insecure_voting()).Non-interference contract.0.key 
992        DEBUG main            d.u.i.k.p.i.KeYFile       Reading KeY file file:/home/runner/work/key/key/key.core/build/resources/main/de/uka/ilkd/key/proof/rules/ldt.key 
992        DEBUG main            d.u.i.k.p.i.KeYFile       Read specifications obtained when parsing the Java files (usually JML and Strings.key) from file:/home/runner/work/key/key/key.core/build/resources/main/de/uka/ilkd/key/proof/rules/ldt.key 
1001       DEBUG main            d.u.i.k.p.i.KeYFile       Reading KeY file file:/home/runner/work/key/key/key.core/build/resources/main/de/uka/ilkd/key/proof/rules/propRule.key 
1002       DEBUG main            d.u.i.k.p.i.KeYFile       Read specifications obtained when parsing the Java files (usually JML and Strings.key) from file:/home/runner/work/key/key/key.core/build/resources/main/de/uka/ilkd/key/proof/rules/propRule.key 
1033       DEBUG main            d.u.i.k.p.i.KeYFile       Reading KeY file file:/home/runner/work/key/key/key.core/build/resources/main/de/uka/ilkd/key/proof/rules/firstOrderRules.key 
1040       DEBUG main            d.u.i.k.p.i.KeYFile       Read specifications obtained when parsing the Java files (usually JML and Strings.key) from file:/home/runner/work/key/key/key.core/build/resources/main/de/uka/ilkd/key/proof/rules/firstOrderRules.key 
1071       DEBUG main            d.u.i.k.p.i.KeYFile       Reading KeY file file:/home/runner/work/key/key/key.core/build/resources/main/de/uka/ilkd/key/proof/rules/ifThenElseRules.key 
1071       DEBUG main            d.u.i.k.p.i.KeYFile       Read specifications obtained when parsing the Java files (usually JML and Strings.key) from file:/home/runner/work/key/key/key.core/build/resources/main/de/uka/ilkd/key/proof/rules/ifThenElseRules.key 
1152       DEBUG main            d.u.i.k.p.i.KeYFile       Reading KeY file file:/home/runner/work/key/key/key.core/build/resources/main/de/uka/ilkd/key/proof/rules/formulaNormalisationRules.key 
1154       DEBUG main            d.u.i.k.p.i.KeYFile       Read specifications obtained when parsing the Java files (usually JML and Strings.key) from file:/home/runner/work/key/key/key.core/build/resources/main/de/uka/ilkd/key/proof/rules/formulaNormalisationRules.key 
1232       DEBUG main            d.u.i.k.p.i.KeYFile       Reading KeY file file:/home/runner/work/key/key/key.core/build/resources/main/de/uka/ilkd/key/proof/rules/updateRules.key 
1232       DEBUG main            d.u.i.k.p.i.KeYFile       Read specifications obtained when parsing the Java files (usually JML and Strings.key) from file:/home/runner/work/key/key/key.core/build/resources/main/de/uka/ilkd/key/proof/rules/updateRules.key 
1263       DEBUG main            d.u.i.k.p.i.KeYFile       Reading KeY file file:/home/runner/work/key/key/key.core/build/resources/main/de/uka/ilkd/key/proof/rules/integerRulesCommon.key 
1263       DEBUG main            d.u.i.k.p.i.KeYFile       Read specifications obtained when parsing the Java files (usually JML and Strings.key) from file:/home/runner/work/key/key/key.core/build/resources/main/de/uka/ilkd/key/proof/rules/integerRulesCommon.key 
1389       DEBUG main            d.u.i.k.p.i.KeYFile       Reading KeY file file:/home/runner/work/key/key/key.core/build/resources/main/de/uka/ilkd/key/proof/rules/intRules.key 
1389       DEBUG main            d.u.i.k.p.i.KeYFile       Read specifications obtained when parsing the Java files (usually JML and Strings.key) from file:/home/runner/work/key/key/key.core/build/resources/main/de/uka/ilkd/key/proof/rules/intRules.key 
1402       DEBUG main            d.u.i.k.p.i.KeYFile       Reading KeY file file:/home/runner/work/key/key/key.core/build/resources/main/de/uka/ilkd/key/proof/rules/intRulesUncheckedSemantics.key 
1402       DEBUG main            d.u.i.k.p.i.KeYFile       Read specifications obtained when parsing the Java files (usually JML and Strings.key) from file:/home/runner/work/key/key/key.core/build/resources/main/de/uka/ilkd/key/proof/rules/intRulesUncheckedSemantics.key 
1410       DEBUG main            d.u.i.k.p.i.KeYFile       Reading KeY file file:/home/runner/work/key/key/key.core/build/resources/main/de/uka/ilkd/key/proof/rules/intRulesCheckedSemantics.key 
1410       DEBUG main            d.u.i.k.p.i.KeYFile       Read specifications obtained when parsing the Java files (usually JML and Strings.key) from file:/home/runner/work/key/key/key.core/build/resources/main/de/uka/ilkd/key/proof/rules/intRulesCheckedSemantics.key 
1420       DEBUG main            d.u.i.k.p.i.KeYFile       Reading KeY file file:/home/runner/work/key/key/key.core/build/resources/main/de/uka/ilkd/key/proof/rules/intRulesJavaSemantics.key 
1421       DEBUG main            d.u.i.k.p.i.KeYFile       Read specifications obtained when parsing the Java files (usually JML and Strings.key) from file:/home/runner/work/key/key/key.core/build/resources/main/de/uka/ilkd/key/proof/rules/intRulesJavaSemantics.key 
1561       DEBUG main            d.u.i.k.p.i.KeYFile       Reading KeY file file:/home/runner/work/key/key/key.core/build/resources/main/de/uka/ilkd/key/proof/rules/integerSimplificationRules.key 
1563       DEBUG main            d.u.i.k.p.i.KeYFile       Read specifications obtained when parsing the Java files (usually JML and Strings.key) from file:/home/runner/work/key/key/key.core/build/resources/main/de/uka/ilkd/key/proof/rules/integerSimplificationRules.key 
1670       DEBUG main            d.u.i.k.j.TypeConverter   No LDT found for Meta 
1671       DEBUG main            d.u.i.k.j.TypeConverter   No LDT found for Meta 
1672       DEBUG main            d.u.i.k.j.TypeConverter   No LDT found for Meta 
1673       DEBUG main            d.u.i.k.j.TypeConverter   No LDT found for Meta 
1729       DEBUG main            d.u.i.k.p.i.KeYFile       Reading KeY file file:/home/runner/work/key/key/key.core/build/resources/main/de/uka/ilkd/key/proof/rules/intDiv.key 
1730       DEBUG main            d.u.i.k.p.i.KeYFile       Read specifications obtained when parsing the Java files (usually JML and Strings.key) from file:/home/runner/work/key/key/key.core/build/resources/main/de/uka/ilkd/key/proof/rules/intDiv.key 
1894       DEBUG main            d.u.i.k.p.i.KeYFile       Reading KeY file file:/home/runner/work/key/key/key.core/build/resources/main/de/uka/ilkd/key/proof/rules/bsum.key 
1894       DEBUG main            d.u.i.k.p.i.KeYFile       Read specifications obtained when parsing the Java files (usually JML and Strings.key) from file:/home/runner/work/key/key/key.core/build/resources/main/de/uka/ilkd/key/proof/rules/bsum.key 
1967       DEBUG main            d.u.i.k.p.i.KeYFile       Reading KeY file file:/home/runner/work/key/key/key.core/build/resources/main/de/uka/ilkd/key/proof/rules/bprod.key 
1968       DEBUG main            d.u.i.k.p.i.KeYFile       Read specifications obtained when parsing the Java files (usually JML and Strings.key) from file:/home/runner/work/key/key/key.core/build/resources/main/de/uka/ilkd/key/proof/rules/bprod.key 
1981       DEBUG main            d.u.i.k.p.i.KeYFile       Reading KeY file file:/home/runner/work/key/key/key.core/build/resources/main/de/uka/ilkd/key/proof/rules/binaryAxioms.key 
1982       DEBUG main            d.u.i.k.p.i.KeYFile       Read specifications obtained when parsing the Java files (usually JML and Strings.key) from file:/home/runner/work/key/key/key.core/build/resources/main/de/uka/ilkd/key/proof/rules/binaryAxioms.key 
1987       DEBUG main            d.u.i.k.p.i.KeYFile       Reading KeY file file:/home/runner/work/key/key/key.core/build/resources/main/de/uka/ilkd/key/proof/rules/binaryLemmas.key 
1987       DEBUG main            d.u.i.k.p.i.KeYFile       Read specifications obtained when parsing the Java files (usually JML and Strings.key) from file:/home/runner/work/key/key/key.core/build/resources/main/de/uka/ilkd/key/proof/rules/binaryLemmas.key 
2021       DEBUG main            d.u.i.k.p.i.KeYFile       Reading KeY file file:/home/runner/work/key/key/key.core/build/resources/main/de/uka/ilkd/key/proof/rules/intPow.key 
2021       DEBUG main            d.u.i.k.p.i.KeYFile       Read specifications obtained when parsing the Java files (usually JML and Strings.key) from file:/home/runner/work/key/key/key.core/build/resources/main/de/uka/ilkd/key/proof/rules/intPow.key 
2039       DEBUG main            d.u.i.k.p.i.KeYFile       Reading KeY file file:/home/runner/work/key/key/key.core/build/resources/main/de/uka/ilkd/key/proof/rules/floatRulesCommon.key 
2040       DEBUG main            d.u.i.k.p.i.KeYFile       Read specifications obtained when parsing the Java files (usually JML and Strings.key) from file:/home/runner/work/key/key/key.core/build/resources/main/de/uka/ilkd/key/proof/rules/floatRulesCommon.key 
2052       DEBUG main            d.u.i.k.p.i.KeYFile       Reading KeY file file:/home/runner/work/key/key/key.core/build/resources/main/de/uka/ilkd/key/proof/rules/floatRules.key 
2052       DEBUG main            d.u.i.k.p.i.KeYFile       Read specifications obtained when parsing the Java files (usually JML and Strings.key) from file:/home/runner/work/key/key/key.core/build/resources/main/de/uka/ilkd/key/proof/rules/floatRules.key 
2053       DEBUG main            d.u.i.k.p.i.KeYFile       Reading KeY file file:/home/runner/work/key/key/key.core/build/resources/main/de/uka/ilkd/key/proof/rules/floatRulesVerifyNormal.key 
2053       DEBUG main            d.u.i.k.p.i.KeYFile       Read specifications obtained when parsing the Java files (usually JML and Strings.key) from file:/home/runner/work/key/key/key.core/build/resources/main/de/uka/ilkd/key/proof/rules/floatRulesVerifyNormal.key 
2057       DEBUG main            d.u.i.k.p.i.KeYFile       Reading KeY file file:/home/runner/work/key/key/key.core/build/resources/main/de/uka/ilkd/key/proof/rules/floatRulesAssumeStrictfp.key 
2057       DEBUG main            d.u.i.k.p.i.KeYFile       Read specifications obtained when parsing the Java files (usually JML and Strings.key) from file:/home/runner/work/key/key/key.core/build/resources/main/de/uka/ilkd/key/proof/rules/floatRulesAssumeStrictfp.key 
2083       DEBUG main            d.u.i.k.p.i.KeYFile       Reading KeY file file:/home/runner/work/key/key/key.core/build/resources/main/de/uka/ilkd/key/proof/rules/genericRules.key 
2084       DEBUG main            d.u.i.k.p.i.KeYFile       Read specifications obtained when parsing the Java files (usually JML and Strings.key) from file:/home/runner/work/key/key/key.core/build/resources/main/de/uka/ilkd/key/proof/rules/genericRules.key 
2093       DEBUG main            d.u.i.k.p.i.KeYFile       Reading KeY file file:/home/runner/work/key/key/key.core/build/resources/main/de/uka/ilkd/key/proof/rules/booleanRules.key 
2093       DEBUG main            d.u.i.k.p.i.KeYFile       Read specifications obtained when parsing the Java files (usually JML and Strings.key) from file:/home/runner/work/key/key/key.core/build/resources/main/de/uka/ilkd/key/proof/rules/booleanRules.key 
2099       DEBUG main            d.u.i.k.p.i.KeYFile       Reading KeY file file:/home/runner/work/key/key/key.core/build/resources/main/de/uka/ilkd/key/proof/rules/epsilon.key 
2099       DEBUG main            d.u.i.k.p.i.KeYFile       Read specifications obtained when parsing the Java files (usually JML and Strings.key) from file:/home/runner/work/key/key/key.core/build/resources/main/de/uka/ilkd/key/proof/rules/epsilon.key 
2136       DEBUG main            d.u.i.k.p.i.KeYFile       Reading KeY file file:/home/runner/work/key/key/key.core/build/resources/main/de/uka/ilkd/key/proof/rules/locSetsRules.key 
2137       DEBUG main            d.u.i.k.p.i.KeYFile       Read specifications obtained when parsing the Java files (usually JML and Strings.key) from file:/home/runner/work/key/key/key.core/build/resources/main/de/uka/ilkd/key/proof/rules/locSetsRules.key 
2194       DEBUG main            d.u.i.k.p.i.KeYFile       Reading KeY file file:/home/runner/work/key/key/key.core/build/resources/main/de/uka/ilkd/key/proof/rules/heapRules.key 
2194       DEBUG main            d.u.i.k.p.i.KeYFile       Read specifications obtained when parsing the Java files (usually JML and Strings.key) from file:/home/runner/work/key/key/key.core/build/resources/main/de/uka/ilkd/key/proof/rules/heapRules.key 
2258       DEBUG main            d.u.i.k.p.i.KeYFile       Reading KeY file file:/home/runner/work/key/key/key.core/build/resources/main/de/uka/ilkd/key/proof/rules/permissionRules.key 
2258       DEBUG main            d.u.i.k.p.i.KeYFile       Read specifications obtained when parsing the Java files (usually JML and Strings.key) from file:/home/runner/work/key/key/key.core/build/resources/main/de/uka/ilkd/key/proof/rules/permissionRules.key 
2312       DEBUG main            d.u.i.k.p.i.KeYFile       Reading KeY file file:/home/runner/work/key/key/key.core/build/resources/main/de/uka/ilkd/key/proof/rules/reachRules.key 
2312       DEBUG main            d.u.i.k.p.i.KeYFile       Read specifications obtained when parsing the Java files (usually JML and Strings.key) from file:/home/runner/work/key/key/key.core/build/resources/main/de/uka/ilkd/key/proof/rules/reachRules.key 
2325       DEBUG main            d.u.i.k.p.i.KeYFile       Reading KeY file file:/home/runner/work/key/key/key.core/build/resources/main/de/uka/ilkd/key/proof/rules/seqCoreRules.key 
2326       DEBUG main            d.u.i.k.p.i.KeYFile       Read specifications obtained when parsing the Java files (usually JML and Strings.key) from file:/home/runner/work/key/key/key.core/build/resources/main/de/uka/ilkd/key/proof/rules/seqCoreRules.key 
2369       DEBUG main            d.u.i.k.p.i.KeYFile       Reading KeY file file:/home/runner/work/key/key/key.core/build/resources/main/de/uka/ilkd/key/proof/rules/seqRules.key 
2370       DEBUG main            d.u.i.k.p.i.KeYFile       Read specifications obtained when parsing the Java files (usually JML and Strings.key) from file:/home/runner/work/key/key/key.core/build/resources/main/de/uka/ilkd/key/proof/rules/seqRules.key 
2422       DEBUG main            d.u.i.k.p.i.KeYFile       Reading KeY file file:/home/runner/work/key/key/key.core/build/resources/main/de/uka/ilkd/key/proof/rules/seqPerm.key 
2422       DEBUG main            d.u.i.k.p.i.KeYFile       Read specifications obtained when parsing the Java files (usually JML and Strings.key) from file:/home/runner/work/key/key/key.core/build/resources/main/de/uka/ilkd/key/proof/rules/seqPerm.key 
2444       DEBUG main            d.u.i.k.p.i.KeYFile       Reading KeY file file:/home/runner/work/key/key/key.core/build/resources/main/de/uka/ilkd/key/proof/rules/seqPerm2.key 
2445       DEBUG main            d.u.i.k.p.i.KeYFile       Read specifications obtained when parsing the Java files (usually JML and Strings.key) from file:/home/runner/work/key/key/key.core/build/resources/main/de/uka/ilkd/key/proof/rules/seqPerm2.key 
2655       DEBUG main            d.u.i.k.p.i.KeYFile       Reading KeY file file:/home/runner/work/key/key/key.core/build/resources/main/de/uka/ilkd/key/proof/rules/assertions.key 
2656       DEBUG main            d.u.i.k.p.i.KeYFile       Read specifications obtained when parsing the Java files (usually JML and Strings.key) from file:/home/runner/work/key/key/key.core/build/resources/main/de/uka/ilkd/key/proof/rules/assertions.key 
2678       DEBUG main            d.u.i.k.p.i.KeYFile       Reading KeY file file:/home/runner/work/key/key/key.core/build/resources/main/de/uka/ilkd/key/proof/rules/javaRules.key 
2679       DEBUG main            d.u.i.k.p.i.KeYFile       Read specifications obtained when parsing the Java files (usually JML and Strings.key) from file:/home/runner/work/key/key/key.core/build/resources/main/de/uka/ilkd/key/proof/rules/javaRules.key 
3089       DEBUG main            d.u.i.k.p.i.KeYFile       Reading KeY file file:/home/runner/work/key/key/key.core/build/resources/main/de/uka/ilkd/key/proof/rules/loopRules.key 
3089       DEBUG main            d.u.i.k.p.i.KeYFile       Read specifications obtained when parsing the Java files (usually JML and Strings.key) from file:/home/runner/work/key/key/key.core/build/resources/main/de/uka/ilkd/key/proof/rules/loopRules.key 
3104       DEBUG main            d.u.i.k.p.i.KeYFile       Reading KeY file file:/home/runner/work/key/key/key.core/build/resources/main/de/uka/ilkd/key/proof/rules/activeUse.key 
3104       DEBUG main            d.u.i.k.p.i.KeYFile       Read specifications obtained when parsing the Java files (usually JML and Strings.key) from file:/home/runner/work/key/key/key.core/build/resources/main/de/uka/ilkd/key/proof/rules/activeUse.key 
3168       DEBUG main            d.u.i.k.p.i.KeYFile       Reading KeY file file:/home/runner/work/key/key/key.core/build/resources/main/de/uka/ilkd/key/proof/rules/instanceAllocation.key 
3169       DEBUG main            d.u.i.k.p.i.KeYFile       Read specifications obtained when parsing the Java files (usually JML and Strings.key) from file:/home/runner/work/key/key/key.core/build/resources/main/de/uka/ilkd/key/proof/rules/instanceAllocation.key 
3184       DEBUG main            d.u.i.k.p.i.KeYFile       Reading KeY file file:/home/runner/work/key/key/key.core/build/resources/main/de/uka/ilkd/key/proof/rules/java5.key 
3184       DEBUG main            d.u.i.k.p.i.KeYFile       Read specifications obtained when parsing the Java files (usually JML and Strings.key) from file:/home/runner/work/key/key/key.core/build/resources/main/de/uka/ilkd/key/proof/rules/java5.key 
3195       DEBUG main            d.u.i.k.p.i.KeYFile       Reading KeY file file:/home/runner/work/key/key/key.core/build/resources/main/de/uka/ilkd/key/proof/rules/integerAssignment2UpdateRules.key 
3196       DEBUG main            d.u.i.k.p.i.KeYFile       Read specifications obtained when parsing the Java files (usually JML and Strings.key) from file:/home/runner/work/key/key/key.core/build/resources/main/de/uka/ilkd/key/proof/rules/integerAssignment2UpdateRules.key 
3237       DEBUG main            d.u.i.k.p.i.KeYFile       Reading KeY file file:/home/runner/work/key/key/key.core/build/resources/main/de/uka/ilkd/key/proof/rules/floatAssignment2UpdateRules.key 
3238       DEBUG main            d.u.i.k.p.i.KeYFile       Read specifications obtained when parsing the Java files (usually JML and Strings.key) from file:/home/runner/work/key/key/key.core/build/resources/main/de/uka/ilkd/key/proof/rules/floatAssignment2UpdateRules.key 
3262       DEBUG main            d.u.i.k.p.i.KeYFile       Reading KeY file file:/home/runner/work/key/key/key.core/build/resources/main/de/uka/ilkd/key/proof/rules/bigint.key 
3262       DEBUG main            d.u.i.k.p.i.KeYFile       Read specifications obtained when parsing the Java files (usually JML and Strings.key) from file:/home/runner/work/key/key/key.core/build/resources/main/de/uka/ilkd/key/proof/rules/bigint.key 
3271       DEBUG main            d.u.i.k.j.TypeConverter   No LDT found for JavaBigintExpression 
3279       DEBUG main            d.u.i.k.p.i.KeYFile       Reading KeY file file:/home/runner/work/key/key/key.core/build/resources/main/de/uka/ilkd/key/proof/rules/adtProgramDecompositionRules.key 
3279       DEBUG main            d.u.i.k.p.i.KeYFile       Read specifications obtained when parsing the Java files (usually JML and Strings.key) from file:/home/runner/work/key/key/key.core/build/resources/main/de/uka/ilkd/key/proof/rules/adtProgramDecompositionRules.key 
3297       DEBUG main            d.u.i.k.p.i.KeYFile       Reading KeY file file:/home/runner/work/key/key/key.core/build/resources/main/de/uka/ilkd/key/proof/rules/precRules.key 
3298       DEBUG main            d.u.i.k.p.i.KeYFile       Read specifications obtained when parsing the Java files (usually JML and Strings.key) from file:/home/runner/work/key/key/key.core/build/resources/main/de/uka/ilkd/key/proof/rules/precRules.key 
3309       DEBUG main            d.u.i.k.p.i.KeYFile       Reading KeY file file:/home/runner/work/key/key/key.core/build/resources/main/de/uka/ilkd/key/proof/rules/charListRules.key 
3309       DEBUG main            d.u.i.k.p.i.KeYFile       Read specifications obtained when parsing the Java files (usually JML and Strings.key) from file:/home/runner/work/key/key/key.core/build/resources/main/de/uka/ilkd/key/proof/rules/charListRules.key 
3320       DEBUG main            d.u.i.k.p.i.KeYFile       Reading KeY file file:/home/runner/work/key/key/key.core/build/resources/main/de/uka/ilkd/key/proof/rules/regExHeader.key 
3321       DEBUG main            d.u.i.k.p.i.KeYFile       Read specifications obtained when parsing the Java files (usually JML and Strings.key) from file:/home/runner/work/key/key/key.core/build/resources/main/de/uka/ilkd/key/proof/rules/regExHeader.key 
3324       DEBUG main            d.u.i.k.p.i.KeYFile       Reading KeY file file:/home/runner/work/key/key/key.core/build/resources/main/de/uka/ilkd/key/proof/rules/regExAxioms.key 
3325       DEBUG main            d.u.i.k.p.i.KeYFile       Read specifications obtained when parsing the Java files (usually JML and Strings.key) from file:/home/runner/work/key/key/key.core/build/resources/main/de/uka/ilkd/key/proof/rules/regExAxioms.key 
3331       DEBUG main            d.u.i.k.p.i.KeYFile       Reading KeY file file:/home/runner/work/key/key/key.core/build/resources/main/de/uka/ilkd/key/proof/rules/regExLemmaProven.key 
3331       DEBUG main            d.u.i.k.p.i.KeYFile       Read specifications obtained when parsing the Java files (usually JML and Strings.key) from file:/home/runner/work/key/key/key.core/build/resources/main/de/uka/ilkd/key/proof/rules/regExLemmaProven.key 
3336       DEBUG main            d.u.i.k.p.i.KeYFile       Reading KeY file file:/home/runner/work/key/key/key.core/build/resources/main/de/uka/ilkd/key/proof/rules/regExTheory.key 
3336       DEBUG main            d.u.i.k.p.i.KeYFile       Read specifications obtained when parsing the Java files (usually JML and Strings.key) from file:/home/runner/work/key/key/key.core/build/resources/main/de/uka/ilkd/key/proof/rules/regExTheory.key 
3342       DEBUG main            d.u.i.k.p.i.KeYFile       Reading KeY file file:/home/runner/work/key/key/key.core/build/resources/main/de/uka/ilkd/key/proof/rules/seqEq.key 
3342       DEBUG main            d.u.i.k.p.i.KeYFile       Read specifications obtained when parsing the Java files (usually JML and Strings.key) from file:/home/runner/work/key/key/key.core/build/resources/main/de/uka/ilkd/key/proof/rules/seqEq.key 
3353       DEBUG main            d.u.i.k.p.i.KeYFile       Reading KeY file file:/home/runner/work/key/key/key.core/build/resources/main/de/uka/ilkd/key/proof/rules/infFlow.key 
3355       DEBUG main            d.u.i.k.p.i.KeYFile       Read specifications obtained when parsing the Java files (usually JML and Strings.key) from file:/home/runner/work/key/key/key.core/build/resources/main/de/uka/ilkd/key/proof/rules/infFlow.key 
3360       DEBUG main            d.u.i.k.p.i.KeYFile       Reading KeY file file:/home/runner/work/key/key/key.core/build/resources/main/de/uka/ilkd/key/proof/rules/mapSize.key 
3360       DEBUG main            d.u.i.k.p.i.KeYFile       Read specifications obtained when parsing the Java files (usually JML and Strings.key) from file:/home/runner/work/key/key/key.core/build/resources/main/de/uka/ilkd/key/proof/rules/mapSize.key 
3367       DEBUG main            d.u.i.k.p.i.KeYFile       Reading KeY file file:/home/runner/work/key/key/key.core/build/resources/main/de/uka/ilkd/key/proof/rules/wdHeader.key 
3367       DEBUG main            d.u.i.k.p.i.KeYFile       Read specifications obtained when parsing the Java files (usually JML and Strings.key) from file:/home/runner/work/key/key/key.core/build/resources/main/de/uka/ilkd/key/proof/rules/wdHeader.key 
3370       DEBUG main            d.u.i.k.p.i.KeYFile       Reading KeY file file:/home/runner/work/key/key/key.core/build/resources/main/de/uka/ilkd/key/proof/rules/wdGeneralRules.key 
3370       DEBUG main            d.u.i.k.p.i.KeYFile       Read specifications obtained when parsing the Java files (usually JML and Strings.key) from file:/home/runner/work/key/key/key.core/build/resources/main/de/uka/ilkd/key/proof/rules/wdGeneralRules.key 
3385       DEBUG main            d.u.i.k.p.i.KeYFile       Reading KeY file file:/home/runner/work/key/key/key.core/build/resources/main/de/uka/ilkd/key/proof/rules/wdNumericalRules.key 
3386       DEBUG main            d.u.i.k.p.i.KeYFile       Read specifications obtained when parsing the Java files (usually JML and Strings.key) from file:/home/runner/work/key/key/key.core/build/resources/main/de/uka/ilkd/key/proof/rules/wdNumericalRules.key 
3419       DEBUG main            d.u.i.k.p.i.KeYFile       Reading KeY file file:/home/runner/work/key/key/key.core/build/resources/main/de/uka/ilkd/key/proof/rules/wdLocSetRules.key 
3420       DEBUG main            d.u.i.k.p.i.KeYFile       Read specifications obtained when parsing the Java files (usually JML and Strings.key) from file:/home/runner/work/key/key/key.core/build/resources/main/de/uka/ilkd/key/proof/rules/wdLocSetRules.key 
3431       DEBUG main            d.u.i.k.p.i.KeYFile       Reading KeY file file:/home/runner/work/key/key/key.core/build/resources/main/de/uka/ilkd/key/proof/rules/wdHeapRules.key 
3432       DEBUG main            d.u.i.k.p.i.KeYFile       Read specifications obtained when parsing the Java files (usually JML and Strings.key) from file:/home/runner/work/key/key/key.core/build/resources/main/de/uka/ilkd/key/proof/rules/wdHeapRules.key 
3438       DEBUG main            d.u.i.k.p.i.KeYFile       Reading KeY file file:/home/runner/work/key/key/key.core/build/resources/main/de/uka/ilkd/key/proof/rules/wdReachRules.key 
3440       DEBUG main            d.u.i.k.p.i.KeYFile       Read specifications obtained when parsing the Java files (usually JML and Strings.key) from file:/home/runner/work/key/key/key.core/build/resources/main/de/uka/ilkd/key/proof/rules/wdReachRules.key 
3443       DEBUG main            d.u.i.k.p.i.KeYFile       Reading KeY file file:/home/runner/work/key/key/key.core/build/resources/main/de/uka/ilkd/key/proof/rules/wdSeqRules.key 
3443       DEBUG main            d.u.i.k.p.i.KeYFile       Read specifications obtained when parsing the Java files (usually JML and Strings.key) from file:/home/runner/work/key/key/key.core/build/resources/main/de/uka/ilkd/key/proof/rules/wdSeqRules.key 
3483       DEBUG main            d.u.i.k.p.i.KeYFile       Reading KeY file file:/home/runner/work/key/key/key.core/build/resources/main/de/uka/ilkd/key/proof/rules/wdStringRules.key 
3486       DEBUG main            d.u.i.k.p.i.KeYFile       Read specifications obtained when parsing the Java files (usually JML and Strings.key) from file:/home/runner/work/key/key/key.core/build/resources/main/de/uka/ilkd/key/proof/rules/wdStringRules.key 
3489       DEBUG main            d.u.i.k.p.i.KeYFile       Reading KeY file file:/home/runner/work/key/key/key.core/build/resources/main/de/uka/ilkd/key/proof/rules/wdRegExRules.key 
3490       DEBUG main            d.u.i.k.p.i.KeYFile       Read specifications obtained when parsing the Java files (usually JML and Strings.key) from file:/home/runner/work/key/key/key.core/build/resources/main/de/uka/ilkd/key/proof/rules/wdRegExRules.key 
3499       DEBUG main            d.u.i.k.p.i.KeYFile       Reading KeY file file:/home/runner/work/key/key/key.core/build/resources/main/de/uka/ilkd/key/proof/rules/wdFormulaRules.key 
3500       DEBUG main            d.u.i.k.p.i.KeYFile       Read specifications obtained when parsing the Java files (usually JML and Strings.key) from file:/home/runner/work/key/key/key.core/build/resources/main/de/uka/ilkd/key/proof/rules/wdFormulaRules.key 
3513       DEBUG main            d.u.i.k.p.i.KeYFile       Reading KeY file file:/home/runner/work/key/key/key.core/build/resources/main/de/uka/ilkd/key/proof/rules/wd.key 
3514       DEBUG main            d.u.i.k.p.i.KeYFile       Read specifications obtained when parsing the Java files (usually JML and Strings.key) from file:/home/runner/work/key/key/key.core/build/resources/main/de/uka/ilkd/key/proof/rules/wd.key 
3515       DEBUG main            d.u.i.k.p.i.KeYFile       Reading KeY file file:/home/runner/work/key/key/key.core/build/resources/main/de/uka/ilkd/key/proof/rules/loopInvariantRules.key 
3516       DEBUG main            d.u.i.k.p.i.KeYFile       Read specifications obtained when parsing the Java files (usually JML and Strings.key) from file:/home/runner/work/key/key/key.core/build/resources/main/de/uka/ilkd/key/proof/rules/loopInvariantRules.key 
3518       DEBUG main            d.u.i.k.p.i.KeYFile       Reading KeY file file:/home/runner/work/key/key/key.core/build/resources/main/de/uka/ilkd/key/proof/rules/forLoopRules.key 
3519       DEBUG main            d.u.i.k.p.i.KeYFile       Read specifications obtained when parsing the Java files (usually JML and Strings.key) from file:/home/runner/work/key/key/key.core/build/resources/main/de/uka/ilkd/key/proof/rules/forLoopRules.key 
3526       DEBUG main            d.u.i.k.p.i.KeYFile       Reading KeY file file:/home/runner/work/key/key/key.core/build/resources/main/de/uka/ilkd/key/proof/rules/execRules.key 
3527       DEBUG main            d.u.i.k.p.i.KeYFile       Read specifications obtained when parsing the Java files (usually JML and Strings.key) from file:/home/runner/work/key/key/key.core/build/resources/main/de/uka/ilkd/key/proof/rules/execRules.key 
3614       DEBUG main            d.u.i.k.p.i.KeYFile       Reading KeY file file:/home/runner/work/key/key/key.core/build/resources/main/de/uka/ilkd/key/proof/rules/loopScopeRules.key 
3614       DEBUG main            d.u.i.k.p.i.KeYFile       Read specifications obtained when parsing the Java files (usually JML and Strings.key) from file:/home/runner/work/key/key/key.core/build/resources/main/de/uka/ilkd/key/proof/rules/loopScopeRules.key 
3671       DEBUG main            d.u.i.k.p.i.KeYFile       Reading KeY file file:/home/runner/work/key/key/key.core/build/resources/main/de/uka/ilkd/key/proof/rules/standardRules.key 
3674       DEBUG main            d.u.i.k.p.i.KeYFile       Read specifications obtained when parsing the Java files (usually JML and Strings.key) from file:/home/runner/work/key/key/key.core/build/resources/main/de/uka/ilkd/key/proof/rules/standardRules.key 
6200       DEBUG main            d.u.i.k.j.Recoder2KeY     converting now /home/runner/work/key/key/key.core/../key.ui/examples/InformationFlow/ToyVoting/src/Voter.java 
6243       DEBUG main            d.u.i.k.s.TermLabelSettings TermLabelSettings: Failure while reading the setting "UseOriginLabels".Using the default value: true.The string read was: null 
6247       DEBUG main            d.u.i.k.p.i.KeYFile       Reading KeY file /home/runner/work/key/key/key.core/../key.ui/examples/InformationFlow/ToyVoting/Voter(Voter__insecure_voting()).Non-interference contract.0.key 
6259       DEBUG main            d.u.i.k.p.i.KeYFile       Reading KeY file file:/home/runner/work/key/key/key.core/build/resources/main/de/uka/ilkd/key/java/JavaRedux/java/lang/String.key 
6265       DEBUG main            d.u.i.k.p.i.KeYFile       Read specifications obtained when parsing the Java files (usually JML and Strings.key) from file:/home/runner/work/key/key/key.core/build/resources/main/de/uka/ilkd/key/java/JavaRedux/java/lang/String.key 
8375       DEBUG main            d.u.i.k.p.i.KeYFile       Read specifications obtained when parsing the Java files (usually JML and Strings.key) from /home/runner/work/key/key/key.core/../key.ui/examples/InformationFlow/ToyVoting/Voter(Voter__insecure_voting()).Non-interference contract.0.key 
9497       DEBUG Thread-1        d.u.i.k.j.TypeConverter   typeconverter: (prefix this;, class class de.uka.ilkd.key.java.reference.ThisReference) 
9703       DEBUG Thread-1        d.u.i.k.j.TypeConverter   typeconverter: (prefix this;, class class de.uka.ilkd.key.java.reference.ThisReference) 
15127      DEBUG Thread-1        d.u.i.k.j.TypeConverter   typeconverter: (prefix this;, class class de.uka.ilkd.key.java.reference.ThisReference) 
15164      DEBUG Thread-1        d.u.i.k.j.TypeConverter   TypeConverter: FieldReference: low_numOfVotes; 
15198      DEBUG Thread-1        d.u.i.k.j.TypeConverter   TypeConverter: FieldReference: low_numOfVotes; 
20664      DEBUG Thread-1        d.u.i.k.j.TypeConverter   typeconverter: (prefix this;, class class de.uka.ilkd.key.java.reference.ThisReference) 
20720      DEBUG Thread-1        d.u.i.k.j.TypeConverter   TypeConverter: FieldReference: low_numOfVotes; 
20745      DEBUG Thread-1        d.u.i.k.j.TypeConverter   TypeConverter: FieldReference: low_numOfVotes; 
21031      INFO  main            d.u.i.k.p.r.p.TestFile    ... finished proof: open goal(s) 
21218      DEBUG main            d.u.i.k.s.TermLabelSettings TermLabelSettings: Failure while reading the setting "UseOriginLabels".Using the default value: true.The string read was: null 
21218      INFO  main            d.u.i.k.p.r.p.TestFile    Now processing file /home/runner/work/key/key/key.core/../key.ui/examples/InformationFlow/ToyVoting/Voter(Voter__publishVoterParticipation()).Non-interference contract.0.key 
22212      DEBUG main            d.u.i.k.j.Recoder2KeY     converting now /home/runner/work/key/key/key.core/../key.ui/examples/InformationFlow/ToyVoting/src/Voter.java 
22221      DEBUG main            d.u.i.k.s.TermLabelSettings TermLabelSettings: Failure while reading the setting "UseOriginLabels".Using the default value: true.The string read was: null 
22222      DEBUG main            d.u.i.k.p.i.KeYFile       Reading KeY file /home/runner/work/key/key/key.core/../key.ui/examples/InformationFlow/ToyVoting/Voter(Voter__publishVoterParticipation()).Non-interference contract.0.key 
22223      DEBUG main            d.u.i.k.p.i.KeYFile       Reading KeY file file:/home/runner/work/key/key/key.core/build/resources/main/de/uka/ilkd/key/java/JavaRedux/java/lang/String.key 
22226      DEBUG main            d.u.i.k.p.i.KeYFile       Read specifications obtained when parsing the Java files (usually JML and Strings.key) from file:/home/runner/work/key/key/key.core/build/resources/main/de/uka/ilkd/key/java/JavaRedux/java/lang/String.key 
23965      DEBUG main            d.u.i.k.p.i.KeYFile       Read specifications obtained when parsing the Java files (usually JML and Strings.key) from /home/runner/work/key/key/key.core/../key.ui/examples/InformationFlow/ToyVoting/Voter(Voter__publishVoterParticipation()).Non-interference contract.0.key 
24148      DEBUG Thread-3        d.u.i.k.j.TypeConverter   TypeConverter: FieldReference: low_numOfVotes; 
24157      DEBUG Thread-3        d.u.i.k.j.TypeConverter   TypeConverter: FieldReference: low_numOfVotes; 
24174      DEBUG Thread-3        d.u.i.k.j.TypeConverter   TypeConverter: FieldReference: low_NUM_OF_VOTERS; 
24175      DEBUG Thread-3        d.u.i.k.j.TypeConverter   TypeConverter: FieldReference: low_NUM_OF_VOTERS; 
24181      DEBUG Thread-3        d.u.i.k.j.TypeConverter   TypeConverter: FieldReference: low_outputStream; 
24186      DEBUG Thread-3        d.u.i.k.j.TypeConverter   TypeConverter: FieldReference: low_NUM_OF_VOTERS; 
24186      DEBUG Thread-3        d.u.i.k.j.TypeConverter   TypeConverter: FieldReference: low_NUM_OF_VOTERS; 
24191      DEBUG Thread-3        d.u.i.k.j.TypeConverter   TypeConverter: FieldReference: low_outputStream; 
24332      INFO  main            d.u.i.k.p.r.p.TestFile    ... finished proof: closed. 
24520      DEBUG main            d.u.i.k.s.TermLabelSettings TermLabelSettings: Failure while reading the setting "UseOriginLabels".Using the default value: true.The string read was: null 
24520      INFO  main            d.u.i.k.p.r.p.TestFile    Now processing file /home/runner/work/key/key/key.core/../key.ui/examples/InformationFlow/ToyVoting/Voter(Voter__isValid(int)).Non-interference contract.0.key 
25404      DEBUG main            d.u.i.k.j.Recoder2KeY     converting now /home/runner/work/key/key/key.core/../key.ui/examples/InformationFlow/ToyVoting/src/Voter.java 
25410      DEBUG main            d.u.i.k.s.TermLabelSettings TermLabelSettings: Failure while reading the setting "UseOriginLabels".Using the default value: true.The string read was: null 
25410      DEBUG main            d.u.i.k.p.i.KeYFile       Reading KeY file /home/runner/work/key/key/key.core/../key.ui/examples/InformationFlow/ToyVoting/Voter(Voter__isValid(int)).Non-interference contract.0.key 
25411      DEBUG main            d.u.i.k.p.i.KeYFile       Reading KeY file file:/home/runner/work/key/key/key.core/build/resources/main/de/uka/ilkd/key/java/JavaRedux/java/lang/String.key 
25414      DEBUG main            d.u.i.k.p.i.KeYFile       Read specifications obtained when parsing the Java files (usually JML and Strings.key) from file:/home/runner/work/key/key/key.core/build/resources/main/de/uka/ilkd/key/java/JavaRedux/java/lang/String.key 
27128      DEBUG main            d.u.i.k.p.i.KeYFile       Read specifications obtained when parsing the Java files (usually JML and Strings.key) from /home/runner/work/key/key/key.core/../key.ui/examples/InformationFlow/ToyVoting/Voter(Voter__isValid(int)).Non-interference contract.0.key 
27621      INFO  main            d.u.i.k.p.r.p.TestFile    ... finished proof: closed. 
27760      DEBUG main            d.u.i.k.s.TermLabelSettings TermLabelSettings: Failure while reading the setting "UseOriginLabels".Using the default value: true.The string read was: null 
27760      INFO  main            d.u.i.k.p.r.p.TestFile    Now processing file /home/runner/work/key/key/key.core/../key.ui/examples/InformationFlow/ToyVoting/Voter(Voter__sendVote(int)).Non-interference contract.0.key 
28612      DEBUG main            d.u.i.k.j.Recoder2KeY     converting now /home/runner/work/key/key/key.core/../key.ui/examples/InformationFlow/ToyVoting/src/Voter.java 
28618      DEBUG main            d.u.i.k.s.TermLabelSettings TermLabelSettings: Failure while reading the setting "UseOriginLabels".Using the default value: true.The string read was: null 
28619      DEBUG main            d.u.i.k.p.i.KeYFile       Reading KeY file /home/runner/work/key/key/key.core/../key.ui/examples/InformationFlow/ToyVoting/Voter(Voter__sendVote(int)).Non-interference contract.0.key 
28620      DEBUG main            d.u.i.k.p.i.KeYFile       Reading KeY file file:/home/runner/work/key/key/key.core/build/resources/main/de/uka/ilkd/key/java/JavaRedux/java/lang/String.key 
28622      DEBUG main            d.u.i.k.p.i.KeYFile       Read specifications obtained when parsing the Java files (usually JML and Strings.key) from file:/home/runner/work/key/key/key.core/build/resources/main/de/uka/ilkd/key/java/JavaRedux/java/lang/String.key 
30301      DEBUG main            d.u.i.k.p.i.KeYFile       Read specifications obtained when parsing the Java files (usually JML and Strings.key) from /home/runner/work/key/key/key.core/../key.ui/examples/InformationFlow/ToyVoting/Voter(Voter__sendVote(int)).Non-interference contract.0.key 
30432      DEBUG Thread-7        d.u.i.k.j.TypeConverter   TypeConverter: FieldReference: low_outputStreamAvailable; 
30438      DEBUG Thread-7        d.u.i.k.j.TypeConverter   TypeConverter: FieldReference: low_outputStreamAvailable; 
30655      INFO  main            d.u.i.k.p.r.p.TestFile    ... finished proof: closed. 
30769      DEBUG main            d.u.i.k.s.TermLabelSettings TermLabelSettings: Failure while reading the setting "UseOriginLabels".Using the default value: true.The string read was: null 
30769      INFO  main            d.u.i.k.p.r.p.TestFile    Now processing file /home/runner/work/key/key/key.core/../key.ui/examples/InformationFlow/ToyVoting/Voter(Voter__inputVote()).Non-interference contract.0.key 
31643      DEBUG main            d.u.i.k.j.Recoder2KeY     converting now /home/runner/work/key/key/key.core/../key.ui/examples/InformationFlow/ToyVoting/src/Voter.java 
31649      DEBUG main            d.u.i.k.s.TermLabelSettings TermLabelSettings: Failure while reading the setting "UseOriginLabels".Using the default value: true.The string read was: null 
31649      DEBUG main            d.u.i.k.p.i.KeYFile       Reading KeY file /home/runner/work/key/key/key.core/../key.ui/examples/InformationFlow/ToyVoting/Voter(Voter__inputVote()).Non-interference contract.0.key 
31650      DEBUG main            d.u.i.k.p.i.KeYFile       Reading KeY file file:/home/runner/work/key/key/key.core/build/resources/main/de/uka/ilkd/key/java/JavaRedux/java/lang/String.key 
31653      DEBUG main            d.u.i.k.p.i.KeYFile       Read specifications obtained when parsing the Java files (usually JML and Strings.key) from file:/home/runner/work/key/key/key.core/build/resources/main/de/uka/ilkd/key/java/JavaRedux/java/lang/String.key 
33308      DEBUG main            d.u.i.k.p.i.KeYFile       Read specifications obtained when parsing the Java files (usually JML and Strings.key) from /home/runner/work/key/key/key.core/../key.ui/examples/InformationFlow/ToyVoting/Voter(Voter__inputVote()).Non-interference contract.0.key 
33434      DEBUG Thread-9        d.u.i.k.j.TypeConverter   TypeConverter: FieldReference: high_inputStream; 
33440      DEBUG Thread-9        d.u.i.k.j.TypeConverter   TypeConverter: FieldReference: high_inputStream; 
33566      INFO  main            d.u.i.k.p.r.p.TestFile    ... finished proof: closed. 
721240     INFO  Test worker     d.u.i.k.p.r.RunAllProofsTestUnit Returning from test ToyVoting_nomacro 
721241     INFO  Test worker     d.u.i.k.p.r.RunAllProofsTestUnit Running test ConditionalConfidential_nomacro 
721241     INFO  Test worker     d.u.i.k.p.r.RunAllProofsTestUnit Returning from test ConditionalConfidential_nomacro 
721242     INFO  Test worker     d.u.i.k.p.r.RunAllProofsTestUnit Running test SumExample_nomacro 
329        INFO  Timeout watchdog d.u.i.k.p.r.p.ForkedTestFileRunner Timeout watcher launched (1000 secs.) 
340        WARN  main            d.u.i.k.s.ProofSettings   The settings in /home/runner/.key/proof-settings.props are *not* read. 
373        DEBUG main            d.u.i.k.s.TermLabelSettings TermLabelSettings: Failure while reading the setting "UseOriginLabels".Using the default value: true.The string read was: null 
374        INFO  main            d.u.i.k.p.r.p.TestFile    Now processing file /home/runner/work/key/key/key.core/../key.ui/examples/InformationFlow/Sum/SumExample(SumExample__getSum()).Non-interference contract.0.key 
1029       DEBUG main            d.u.i.k.p.i.KeYFile       Reading KeY file file:/home/runner/work/key/key/key.core/build/resources/main/de/uka/ilkd/key/proof/rules/ldt.key 
1029       DEBUG main            d.u.i.k.p.i.KeYFile       Read specifications obtained when parsing the Java files (usually JML and Strings.key) from file:/home/runner/work/key/key/key.core/build/resources/main/de/uka/ilkd/key/proof/rules/ldt.key 
1037       DEBUG main            d.u.i.k.p.i.KeYFile       Reading KeY file file:/home/runner/work/key/key/key.core/build/resources/main/de/uka/ilkd/key/proof/rules/propRule.key 
1038       DEBUG main            d.u.i.k.p.i.KeYFile       Read specifications obtained when parsing the Java files (usually JML and Strings.key) from file:/home/runner/work/key/key/key.core/build/resources/main/de/uka/ilkd/key/proof/rules/propRule.key 
1063       DEBUG main            d.u.i.k.p.i.KeYFile       Reading KeY file file:/home/runner/work/key/key/key.core/build/resources/main/de/uka/ilkd/key/proof/rules/firstOrderRules.key 
1064       DEBUG main            d.u.i.k.p.i.KeYFile       Read specifications obtained when parsing the Java files (usually JML and Strings.key) from file:/home/runner/work/key/key/key.core/build/resources/main/de/uka/ilkd/key/proof/rules/firstOrderRules.key 
1087       DEBUG main            d.u.i.k.p.i.KeYFile       Reading KeY file file:/home/runner/work/key/key/key.core/build/resources/main/de/uka/ilkd/key/proof/rules/ifThenElseRules.key 
1088       DEBUG main            d.u.i.k.p.i.KeYFile       Read specifications obtained when parsing the Java files (usually JML and Strings.key) from file:/home/runner/work/key/key/key.core/build/resources/main/de/uka/ilkd/key/proof/rules/ifThenElseRules.key 
1183       DEBUG main            d.u.i.k.p.i.KeYFile       Reading KeY file file:/home/runner/work/key/key/key.core/build/resources/main/de/uka/ilkd/key/proof/rules/formulaNormalisationRules.key 
1184       DEBUG main            d.u.i.k.p.i.KeYFile       Read specifications obtained when parsing the Java files (usually JML and Strings.key) from file:/home/runner/work/key/key/key.core/build/resources/main/de/uka/ilkd/key/proof/rules/formulaNormalisationRules.key 
1253       DEBUG main            d.u.i.k.p.i.KeYFile       Reading KeY file file:/home/runner/work/key/key/key.core/build/resources/main/de/uka/ilkd/key/proof/rules/updateRules.key 
1254       DEBUG main            d.u.i.k.p.i.KeYFile       Read specifications obtained when parsing the Java files (usually JML and Strings.key) from file:/home/runner/work/key/key/key.core/build/resources/main/de/uka/ilkd/key/proof/rules/updateRules.key 
1266       DEBUG main            d.u.i.k.p.i.KeYFile       Reading KeY file file:/home/runner/work/key/key/key.core/build/resources/main/de/uka/ilkd/key/proof/rules/integerRulesCommon.key 
1266       DEBUG main            d.u.i.k.p.i.KeYFile       Read specifications obtained when parsing the Java files (usually JML and Strings.key) from file:/home/runner/work/key/key/key.core/build/resources/main/de/uka/ilkd/key/proof/rules/integerRulesCommon.key 
1352       DEBUG main            d.u.i.k.p.i.KeYFile       Reading KeY file file:/home/runner/work/key/key/key.core/build/resources/main/de/uka/ilkd/key/proof/rules/intRules.key 
1352       DEBUG main            d.u.i.k.p.i.KeYFile       Read specifications obtained when parsing the Java files (usually JML and Strings.key) from file:/home/runner/work/key/key/key.core/build/resources/main/de/uka/ilkd/key/proof/rules/intRules.key 
1363       DEBUG main            d.u.i.k.p.i.KeYFile       Reading KeY file file:/home/runner/work/key/key/key.core/build/resources/main/de/uka/ilkd/key/proof/rules/intRulesUncheckedSemantics.key 
1364       DEBUG main            d.u.i.k.p.i.KeYFile       Read specifications obtained when parsing the Java files (usually JML and Strings.key) from file:/home/runner/work/key/key/key.core/build/resources/main/de/uka/ilkd/key/proof/rules/intRulesUncheckedSemantics.key 
1371       DEBUG main            d.u.i.k.p.i.KeYFile       Reading KeY file file:/home/runner/work/key/key/key.core/build/resources/main/de/uka/ilkd/key/proof/rules/intRulesCheckedSemantics.key 
1371       DEBUG main            d.u.i.k.p.i.KeYFile       Read specifications obtained when parsing the Java files (usually JML and Strings.key) from file:/home/runner/work/key/key/key.core/build/resources/main/de/uka/ilkd/key/proof/rules/intRulesCheckedSemantics.key 
1378       DEBUG main            d.u.i.k.p.i.KeYFile       Reading KeY file file:/home/runner/work/key/key/key.core/build/resources/main/de/uka/ilkd/key/proof/rules/intRulesJavaSemantics.key 
1378       DEBUG main            d.u.i.k.p.i.KeYFile       Read specifications obtained when parsing the Java files (usually JML and Strings.key) from file:/home/runner/work/key/key/key.core/build/resources/main/de/uka/ilkd/key/proof/rules/intRulesJavaSemantics.key 
1481       DEBUG main            d.u.i.k.p.i.KeYFile       Reading KeY file file:/home/runner/work/key/key/key.core/build/resources/main/de/uka/ilkd/key/proof/rules/integerSimplificationRules.key 
1482       DEBUG main            d.u.i.k.p.i.KeYFile       Read specifications obtained when parsing the Java files (usually JML and Strings.key) from file:/home/runner/work/key/key/key.core/build/resources/main/de/uka/ilkd/key/proof/rules/integerSimplificationRules.key 
1577       DEBUG main            d.u.i.k.j.TypeConverter   No LDT found for Meta 
1577       DEBUG main            d.u.i.k.j.TypeConverter   No LDT found for Meta 
1578       DEBUG main            d.u.i.k.j.TypeConverter   No LDT found for Meta 
1578       DEBUG main            d.u.i.k.j.TypeConverter   No LDT found for Meta 
1642       DEBUG main            d.u.i.k.p.i.KeYFile       Reading KeY file file:/home/runner/work/key/key/key.core/build/resources/main/de/uka/ilkd/key/proof/rules/intDiv.key 
1642       DEBUG main            d.u.i.k.p.i.KeYFile       Read specifications obtained when parsing the Java files (usually JML and Strings.key) from file:/home/runner/work/key/key/key.core/build/resources/main/de/uka/ilkd/key/proof/rules/intDiv.key 
1802       DEBUG main            d.u.i.k.p.i.KeYFile       Reading KeY file file:/home/runner/work/key/key/key.core/build/resources/main/de/uka/ilkd/key/proof/rules/bsum.key 
1803       DEBUG main            d.u.i.k.p.i.KeYFile       Read specifications obtained when parsing the Java files (usually JML and Strings.key) from file:/home/runner/work/key/key/key.core/build/resources/main/de/uka/ilkd/key/proof/rules/bsum.key 
1874       DEBUG main            d.u.i.k.p.i.KeYFile       Reading KeY file file:/home/runner/work/key/key/key.core/build/resources/main/de/uka/ilkd/key/proof/rules/bprod.key 
1876       DEBUG main            d.u.i.k.p.i.KeYFile       Read specifications obtained when parsing the Java files (usually JML and Strings.key) from file:/home/runner/work/key/key/key.core/build/resources/main/de/uka/ilkd/key/proof/rules/bprod.key 
1887       DEBUG main            d.u.i.k.p.i.KeYFile       Reading KeY file file:/home/runner/work/key/key/key.core/build/resources/main/de/uka/ilkd/key/proof/rules/binaryAxioms.key 
1889       DEBUG main            d.u.i.k.p.i.KeYFile       Read specifications obtained when parsing the Java files (usually JML and Strings.key) from file:/home/runner/work/key/key/key.core/build/resources/main/de/uka/ilkd/key/proof/rules/binaryAxioms.key 
1900       DEBUG main            d.u.i.k.p.i.KeYFile       Reading KeY file file:/home/runner/work/key/key/key.core/build/resources/main/de/uka/ilkd/key/proof/rules/binaryLemmas.key 
1901       DEBUG main            d.u.i.k.p.i.KeYFile       Read specifications obtained when parsing the Java files (usually JML and Strings.key) from file:/home/runner/work/key/key/key.core/build/resources/main/de/uka/ilkd/key/proof/rules/binaryLemmas.key 
1917       DEBUG main            d.u.i.k.p.i.KeYFile       Reading KeY file file:/home/runner/work/key/key/key.core/build/resources/main/de/uka/ilkd/key/proof/rules/intPow.key 
1918       DEBUG main            d.u.i.k.p.i.KeYFile       Read specifications obtained when parsing the Java files (usually JML and Strings.key) from file:/home/runner/work/key/key/key.core/build/resources/main/de/uka/ilkd/key/proof/rules/intPow.key 
1939       DEBUG main            d.u.i.k.p.i.KeYFile       Reading KeY file file:/home/runner/work/key/key/key.core/build/resources/main/de/uka/ilkd/key/proof/rules/floatRulesCommon.key 
1939       DEBUG main            d.u.i.k.p.i.KeYFile       Read specifications obtained when parsing the Java files (usually JML and Strings.key) from file:/home/runner/work/key/key/key.core/build/resources/main/de/uka/ilkd/key/proof/rules/floatRulesCommon.key 
1952       DEBUG main            d.u.i.k.p.i.KeYFile       Reading KeY file file:/home/runner/work/key/key/key.core/build/resources/main/de/uka/ilkd/key/proof/rules/floatRules.key 
1952       DEBUG main            d.u.i.k.p.i.KeYFile       Read specifications obtained when parsing the Java files (usually JML and Strings.key) from file:/home/runner/work/key/key/key.core/build/resources/main/de/uka/ilkd/key/proof/rules/floatRules.key 
1953       DEBUG main            d.u.i.k.p.i.KeYFile       Reading KeY file file:/home/runner/work/key/key/key.core/build/resources/main/de/uka/ilkd/key/proof/rules/floatRulesVerifyNormal.key 
1954       DEBUG main            d.u.i.k.p.i.KeYFile       Read specifications obtained when parsing the Java files (usually JML and Strings.key) from file:/home/runner/work/key/key/key.core/build/resources/main/de/uka/ilkd/key/proof/rules/floatRulesVerifyNormal.key 
1959       DEBUG main            d.u.i.k.p.i.KeYFile       Reading KeY file file:/home/runner/work/key/key/key.core/build/resources/main/de/uka/ilkd/key/proof/rules/floatRulesAssumeStrictfp.key 
1959       DEBUG main            d.u.i.k.p.i.KeYFile       Read specifications obtained when parsing the Java files (usually JML and Strings.key) from file:/home/runner/work/key/key/key.core/build/resources/main/de/uka/ilkd/key/proof/rules/floatRulesAssumeStrictfp.key 
2002       DEBUG main            d.u.i.k.p.i.KeYFile       Reading KeY file file:/home/runner/work/key/key/key.core/build/resources/main/de/uka/ilkd/key/proof/rules/genericRules.key 
2003       DEBUG main            d.u.i.k.p.i.KeYFile       Read specifications obtained when parsing the Java files (usually JML and Strings.key) from file:/home/runner/work/key/key/key.core/build/resources/main/de/uka/ilkd/key/proof/rules/genericRules.key 
2013       DEBUG main            d.u.i.k.p.i.KeYFile       Reading KeY file file:/home/runner/work/key/key/key.core/build/resources/main/de/uka/ilkd/key/proof/rules/booleanRules.key 
2013       DEBUG main            d.u.i.k.p.i.KeYFile       Read specifications obtained when parsing the Java files (usually JML and Strings.key) from file:/home/runner/work/key/key/key.core/build/resources/main/de/uka/ilkd/key/proof/rules/booleanRules.key 
2019       DEBUG main            d.u.i.k.p.i.KeYFile       Reading KeY file file:/home/runner/work/key/key/key.core/build/resources/main/de/uka/ilkd/key/proof/rules/epsilon.key 
2019       DEBUG main            d.u.i.k.p.i.KeYFile       Read specifications obtained when parsing the Java files (usually JML and Strings.key) from file:/home/runner/work/key/key/key.core/build/resources/main/de/uka/ilkd/key/proof/rules/epsilon.key 
2042       DEBUG main            d.u.i.k.p.i.KeYFile       Reading KeY file file:/home/runner/work/key/key/key.core/build/resources/main/de/uka/ilkd/key/proof/rules/locSetsRules.key 
2043       DEBUG main            d.u.i.k.p.i.KeYFile       Read specifications obtained when parsing the Java files (usually JML and Strings.key) from file:/home/runner/work/key/key/key.core/build/resources/main/de/uka/ilkd/key/proof/rules/locSetsRules.key 
2115       DEBUG main            d.u.i.k.p.i.KeYFile       Reading KeY file file:/home/runner/work/key/key/key.core/build/resources/main/de/uka/ilkd/key/proof/rules/heapRules.key 
2116       DEBUG main            d.u.i.k.p.i.KeYFile       Read specifications obtained when parsing the Java files (usually JML and Strings.key) from file:/home/runner/work/key/key/key.core/build/resources/main/de/uka/ilkd/key/proof/rules/heapRules.key 
2154       DEBUG main            d.u.i.k.p.i.KeYFile       Reading KeY file file:/home/runner/work/key/key/key.core/build/resources/main/de/uka/ilkd/key/proof/rules/permissionRules.key 
2154       DEBUG main            d.u.i.k.p.i.KeYFile       Read specifications obtained when parsing the Java files (usually JML and Strings.key) from file:/home/runner/work/key/key/key.core/build/resources/main/de/uka/ilkd/key/proof/rules/permissionRules.key 
2180       DEBUG main            d.u.i.k.p.i.KeYFile       Reading KeY file file:/home/runner/work/key/key/key.core/build/resources/main/de/uka/ilkd/key/proof/rules/reachRules.key 
2180       DEBUG main            d.u.i.k.p.i.KeYFile       Read specifications obtained when parsing the Java files (usually JML and Strings.key) from file:/home/runner/work/key/key/key.core/build/resources/main/de/uka/ilkd/key/proof/rules/reachRules.key 
2193       DEBUG main            d.u.i.k.p.i.KeYFile       Reading KeY file file:/home/runner/work/key/key/key.core/build/resources/main/de/uka/ilkd/key/proof/rules/seqCoreRules.key 
2194       DEBUG main            d.u.i.k.p.i.KeYFile       Read specifications obtained when parsing the Java files (usually JML and Strings.key) from file:/home/runner/work/key/key/key.core/build/resources/main/de/uka/ilkd/key/proof/rules/seqCoreRules.key 
2215       DEBUG main            d.u.i.k.p.i.KeYFile       Reading KeY file file:/home/runner/work/key/key/key.core/build/resources/main/de/uka/ilkd/key/proof/rules/seqRules.key 
2215       DEBUG main            d.u.i.k.p.i.KeYFile       Read specifications obtained when parsing the Java files (usually JML and Strings.key) from file:/home/runner/work/key/key/key.core/build/resources/main/de/uka/ilkd/key/proof/rules/seqRules.key 
2247       DEBUG main            d.u.i.k.p.i.KeYFile       Reading KeY file file:/home/runner/work/key/key/key.core/build/resources/main/de/uka/ilkd/key/proof/rules/seqPerm.key 
2247       DEBUG main            d.u.i.k.p.i.KeYFile       Read specifications obtained when parsing the Java files (usually JML and Strings.key) from file:/home/runner/work/key/key/key.core/build/resources/main/de/uka/ilkd/key/proof/rules/seqPerm.key 
2263       DEBUG main            d.u.i.k.p.i.KeYFile       Reading KeY file file:/home/runner/work/key/key/key.core/build/resources/main/de/uka/ilkd/key/proof/rules/seqPerm2.key 
2263       DEBUG main            d.u.i.k.p.i.KeYFile       Read specifications obtained when parsing the Java files (usually JML and Strings.key) from file:/home/runner/work/key/key/key.core/build/resources/main/de/uka/ilkd/key/proof/rules/seqPerm2.key 
2358       DEBUG main            d.u.i.k.p.i.KeYFile       Reading KeY file file:/home/runner/work/key/key/key.core/build/resources/main/de/uka/ilkd/key/proof/rules/assertions.key 
2358       DEBUG main            d.u.i.k.p.i.KeYFile       Read specifications obtained when parsing the Java files (usually JML and Strings.key) from file:/home/runner/work/key/key/key.core/build/resources/main/de/uka/ilkd/key/proof/rules/assertions.key 
2405       DEBUG main            d.u.i.k.p.i.KeYFile       Reading KeY file file:/home/runner/work/key/key/key.core/build/resources/main/de/uka/ilkd/key/proof/rules/javaRules.key 
2408       DEBUG main            d.u.i.k.p.i.KeYFile       Read specifications obtained when parsing the Java files (usually JML and Strings.key) from file:/home/runner/work/key/key/key.core/build/resources/main/de/uka/ilkd/key/proof/rules/javaRules.key 
2800       DEBUG main            d.u.i.k.p.i.KeYFile       Reading KeY file file:/home/runner/work/key/key/key.core/build/resources/main/de/uka/ilkd/key/proof/rules/loopRules.key 
2801       DEBUG main            d.u.i.k.p.i.KeYFile       Read specifications obtained when parsing the Java files (usually JML and Strings.key) from file:/home/runner/work/key/key/key.core/build/resources/main/de/uka/ilkd/key/proof/rules/loopRules.key 
2815       DEBUG main            d.u.i.k.p.i.KeYFile       Reading KeY file file:/home/runner/work/key/key/key.core/build/resources/main/de/uka/ilkd/key/proof/rules/activeUse.key 
2815       DEBUG main            d.u.i.k.p.i.KeYFile       Read specifications obtained when parsing the Java files (usually JML and Strings.key) from file:/home/runner/work/key/key/key.core/build/resources/main/de/uka/ilkd/key/proof/rules/activeUse.key 
2865       DEBUG main            d.u.i.k.p.i.KeYFile       Reading KeY file file:/home/runner/work/key/key/key.core/build/resources/main/de/uka/ilkd/key/proof/rules/instanceAllocation.key 
2865       DEBUG main            d.u.i.k.p.i.KeYFile       Read specifications obtained when parsing the Java files (usually JML and Strings.key) from file:/home/runner/work/key/key/key.core/build/resources/main/de/uka/ilkd/key/proof/rules/instanceAllocation.key 
2876       DEBUG main            d.u.i.k.p.i.KeYFile       Reading KeY file file:/home/runner/work/key/key/key.core/build/resources/main/de/uka/ilkd/key/proof/rules/java5.key 
2876       DEBUG main            d.u.i.k.p.i.KeYFile       Read specifications obtained when parsing the Java files (usually JML and Strings.key) from file:/home/runner/work/key/key/key.core/build/resources/main/de/uka/ilkd/key/proof/rules/java5.key 
2884       DEBUG main            d.u.i.k.p.i.KeYFile       Reading KeY file file:/home/runner/work/key/key/key.core/build/resources/main/de/uka/ilkd/key/proof/rules/integerAssignment2UpdateRules.key 
2885       DEBUG main            d.u.i.k.p.i.KeYFile       Read specifications obtained when parsing the Java files (usually JML and Strings.key) from file:/home/runner/work/key/key/key.core/build/resources/main/de/uka/ilkd/key/proof/rules/integerAssignment2UpdateRules.key 
2921       DEBUG main            d.u.i.k.p.i.KeYFile       Reading KeY file file:/home/runner/work/key/key/key.core/build/resources/main/de/uka/ilkd/key/proof/rules/floatAssignment2UpdateRules.key 
2924       DEBUG main            d.u.i.k.p.i.KeYFile       Read specifications obtained when parsing the Java files (usually JML and Strings.key) from file:/home/runner/work/key/key/key.core/build/resources/main/de/uka/ilkd/key/proof/rules/floatAssignment2UpdateRules.key 
2961       DEBUG main            d.u.i.k.p.i.KeYFile       Reading KeY file file:/home/runner/work/key/key/key.core/build/resources/main/de/uka/ilkd/key/proof/rules/bigint.key 
2962       DEBUG main            d.u.i.k.p.i.KeYFile       Read specifications obtained when parsing the Java files (usually JML and Strings.key) from file:/home/runner/work/key/key/key.core/build/resources/main/de/uka/ilkd/key/proof/rules/bigint.key 
2976       DEBUG main            d.u.i.k.j.TypeConverter   No LDT found for JavaBigintExpression 
2984       DEBUG main            d.u.i.k.p.i.KeYFile       Reading KeY file file:/home/runner/work/key/key/key.core/build/resources/main/de/uka/ilkd/key/proof/rules/adtProgramDecompositionRules.key 
2984       DEBUG main            d.u.i.k.p.i.KeYFile       Read specifications obtained when parsing the Java files (usually JML and Strings.key) from file:/home/runner/work/key/key/key.core/build/resources/main/de/uka/ilkd/key/proof/rules/adtProgramDecompositionRules.key 
3000       DEBUG main            d.u.i.k.p.i.KeYFile       Reading KeY file file:/home/runner/work/key/key/key.core/build/resources/main/de/uka/ilkd/key/proof/rules/precRules.key 
3001       DEBUG main            d.u.i.k.p.i.KeYFile       Read specifications obtained when parsing the Java files (usually JML and Strings.key) from file:/home/runner/work/key/key/key.core/build/resources/main/de/uka/ilkd/key/proof/rules/precRules.key 
3009       DEBUG main            d.u.i.k.p.i.KeYFile       Reading KeY file file:/home/runner/work/key/key/key.core/build/resources/main/de/uka/ilkd/key/proof/rules/charListRules.key 
3009       DEBUG main            d.u.i.k.p.i.KeYFile       Read specifications obtained when parsing the Java files (usually JML and Strings.key) from file:/home/runner/work/key/key/key.core/build/resources/main/de/uka/ilkd/key/proof/rules/charListRules.key 
3017       DEBUG main            d.u.i.k.p.i.KeYFile       Reading KeY file file:/home/runner/work/key/key/key.core/build/resources/main/de/uka/ilkd/key/proof/rules/regExHeader.key 
3018       DEBUG main            d.u.i.k.p.i.KeYFile       Read specifications obtained when parsing the Java files (usually JML and Strings.key) from file:/home/runner/work/key/key/key.core/build/resources/main/de/uka/ilkd/key/proof/rules/regExHeader.key 
3020       DEBUG main            d.u.i.k.p.i.KeYFile       Reading KeY file file:/home/runner/work/key/key/key.core/build/resources/main/de/uka/ilkd/key/proof/rules/regExAxioms.key 
3020       DEBUG main            d.u.i.k.p.i.KeYFile       Read specifications obtained when parsing the Java files (usually JML and Strings.key) from file:/home/runner/work/key/key/key.core/build/resources/main/de/uka/ilkd/key/proof/rules/regExAxioms.key 
3024       DEBUG main            d.u.i.k.p.i.KeYFile       Reading KeY file file:/home/runner/work/key/key/key.core/build/resources/main/de/uka/ilkd/key/proof/rules/regExLemmaProven.key 
3025       DEBUG main            d.u.i.k.p.i.KeYFile       Read specifications obtained when parsing the Java files (usually JML and Strings.key) from file:/home/runner/work/key/key/key.core/build/resources/main/de/uka/ilkd/key/proof/rules/regExLemmaProven.key 
3028       DEBUG main            d.u.i.k.p.i.KeYFile       Reading KeY file file:/home/runner/work/key/key/key.core/build/resources/main/de/uka/ilkd/key/proof/rules/regExTheory.key 
3028       DEBUG main            d.u.i.k.p.i.KeYFile       Read specifications obtained when parsing the Java files (usually JML and Strings.key) from file:/home/runner/work/key/key/key.core/build/resources/main/de/uka/ilkd/key/proof/rules/regExTheory.key 
3032       DEBUG main            d.u.i.k.p.i.KeYFile       Reading KeY file file:/home/runner/work/key/key/key.core/build/resources/main/de/uka/ilkd/key/proof/rules/seqEq.key 
3032       DEBUG main            d.u.i.k.p.i.KeYFile       Read specifications obtained when parsing the Java files (usually JML and Strings.key) from file:/home/runner/work/key/key/key.core/build/resources/main/de/uka/ilkd/key/proof/rules/seqEq.key 
3038       DEBUG main            d.u.i.k.p.i.KeYFile       Reading KeY file file:/home/runner/work/key/key/key.core/build/resources/main/de/uka/ilkd/key/proof/rules/infFlow.key 
3039       DEBUG main            d.u.i.k.p.i.KeYFile       Read specifications obtained when parsing the Java files (usually JML and Strings.key) from file:/home/runner/work/key/key/key.core/build/resources/main/de/uka/ilkd/key/proof/rules/infFlow.key 
3042       DEBUG main            d.u.i.k.p.i.KeYFile       Reading KeY file file:/home/runner/work/key/key/key.core/build/resources/main/de/uka/ilkd/key/proof/rules/mapSize.key 
3043       DEBUG main            d.u.i.k.p.i.KeYFile       Read specifications obtained when parsing the Java files (usually JML and Strings.key) from file:/home/runner/work/key/key/key.core/build/resources/main/de/uka/ilkd/key/proof/rules/mapSize.key 
3048       DEBUG main            d.u.i.k.p.i.KeYFile       Reading KeY file file:/home/runner/work/key/key/key.core/build/resources/main/de/uka/ilkd/key/proof/rules/wdHeader.key 
3048       DEBUG main            d.u.i.k.p.i.KeYFile       Read specifications obtained when parsing the Java files (usually JML and Strings.key) from file:/home/runner/work/key/key/key.core/build/resources/main/de/uka/ilkd/key/proof/rules/wdHeader.key 
3050       DEBUG main            d.u.i.k.p.i.KeYFile       Reading KeY file file:/home/runner/work/key/key/key.core/build/resources/main/de/uka/ilkd/key/proof/rules/wdGeneralRules.key 
3050       DEBUG main            d.u.i.k.p.i.KeYFile       Read specifications obtained when parsing the Java files (usually JML and Strings.key) from file:/home/runner/work/key/key/key.core/build/resources/main/de/uka/ilkd/key/proof/rules/wdGeneralRules.key 
3060       DEBUG main            d.u.i.k.p.i.KeYFile       Reading KeY file file:/home/runner/work/key/key/key.core/build/resources/main/de/uka/ilkd/key/proof/rules/wdNumericalRules.key 
3060       DEBUG main            d.u.i.k.p.i.KeYFile       Read specifications obtained when parsing the Java files (usually JML and Strings.key) from file:/home/runner/work/key/key/key.core/build/resources/main/de/uka/ilkd/key/proof/rules/wdNumericalRules.key 
3076       DEBUG main            d.u.i.k.p.i.KeYFile       Reading KeY file file:/home/runner/work/key/key/key.core/build/resources/main/de/uka/ilkd/key/proof/rules/wdLocSetRules.key 
3076       DEBUG main            d.u.i.k.p.i.KeYFile       Read specifications obtained when parsing the Java files (usually JML and Strings.key) from file:/home/runner/work/key/key/key.core/build/resources/main/de/uka/ilkd/key/proof/rules/wdLocSetRules.key 
3081       DEBUG main            d.u.i.k.p.i.KeYFile       Reading KeY file file:/home/runner/work/key/key/key.core/build/resources/main/de/uka/ilkd/key/proof/rules/wdHeapRules.key 
3081       DEBUG main            d.u.i.k.p.i.KeYFile       Read specifications obtained when parsing the Java files (usually JML and Strings.key) from file:/home/runner/work/key/key/key.core/build/resources/main/de/uka/ilkd/key/proof/rules/wdHeapRules.key 
3083       DEBUG main            d.u.i.k.p.i.KeYFile       Reading KeY file file:/home/runner/work/key/key/key.core/build/resources/main/de/uka/ilkd/key/proof/rules/wdReachRules.key 
3084       DEBUG main            d.u.i.k.p.i.KeYFile       Read specifications obtained when parsing the Java files (usually JML and Strings.key) from file:/home/runner/work/key/key/key.core/build/resources/main/de/uka/ilkd/key/proof/rules/wdReachRules.key 
3086       DEBUG main            d.u.i.k.p.i.KeYFile       Reading KeY file file:/home/runner/work/key/key/key.core/build/resources/main/de/uka/ilkd/key/proof/rules/wdSeqRules.key 
3086       DEBUG main            d.u.i.k.p.i.KeYFile       Read specifications obtained when parsing the Java files (usually JML and Strings.key) from file:/home/runner/work/key/key/key.core/build/resources/main/de/uka/ilkd/key/proof/rules/wdSeqRules.key 
3089       DEBUG main            d.u.i.k.p.i.KeYFile       Reading KeY file file:/home/runner/work/key/key/key.core/build/resources/main/de/uka/ilkd/key/proof/rules/wdStringRules.key 
3091       DEBUG main            d.u.i.k.p.i.KeYFile       Read specifications obtained when parsing the Java files (usually JML and Strings.key) from file:/home/runner/work/key/key/key.core/build/resources/main/de/uka/ilkd/key/proof/rules/wdStringRules.key 
3094       DEBUG main            d.u.i.k.p.i.KeYFile       Reading KeY file file:/home/runner/work/key/key/key.core/build/resources/main/de/uka/ilkd/key/proof/rules/wdRegExRules.key 
3094       DEBUG main            d.u.i.k.p.i.KeYFile       Read specifications obtained when parsing the Java files (usually JML and Strings.key) from file:/home/runner/work/key/key/key.core/build/resources/main/de/uka/ilkd/key/proof/rules/wdRegExRules.key 
3146       DEBUG main            d.u.i.k.p.i.KeYFile       Reading KeY file file:/home/runner/work/key/key/key.core/build/resources/main/de/uka/ilkd/key/proof/rules/wdFormulaRules.key 
3146       DEBUG main            d.u.i.k.p.i.KeYFile       Read specifications obtained when parsing the Java files (usually JML and Strings.key) from file:/home/runner/work/key/key/key.core/build/resources/main/de/uka/ilkd/key/proof/rules/wdFormulaRules.key 
3157       DEBUG main            d.u.i.k.p.i.KeYFile       Reading KeY file file:/home/runner/work/key/key/key.core/build/resources/main/de/uka/ilkd/key/proof/rules/wd.key 
3158       DEBUG main            d.u.i.k.p.i.KeYFile       Read specifications obtained when parsing the Java files (usually JML and Strings.key) from file:/home/runner/work/key/key/key.core/build/resources/main/de/uka/ilkd/key/proof/rules/wd.key 
3159       DEBUG main            d.u.i.k.p.i.KeYFile       Reading KeY file file:/home/runner/work/key/key/key.core/build/resources/main/de/uka/ilkd/key/proof/rules/loopInvariantRules.key 
3159       DEBUG main            d.u.i.k.p.i.KeYFile       Read specifications obtained when parsing the Java files (usually JML and Strings.key) from file:/home/runner/work/key/key/key.core/build/resources/main/de/uka/ilkd/key/proof/rules/loopInvariantRules.key 
3161       DEBUG main            d.u.i.k.p.i.KeYFile       Reading KeY file file:/home/runner/work/key/key/key.core/build/resources/main/de/uka/ilkd/key/proof/rules/forLoopRules.key 
3161       DEBUG main            d.u.i.k.p.i.KeYFile       Read specifications obtained when parsing the Java files (usually JML and Strings.key) from file:/home/runner/work/key/key/key.core/build/resources/main/de/uka/ilkd/key/proof/rules/forLoopRules.key 
3167       DEBUG main            d.u.i.k.p.i.KeYFile       Reading KeY file file:/home/runner/work/key/key/key.core/build/resources/main/de/uka/ilkd/key/proof/rules/execRules.key 
3167       DEBUG main            d.u.i.k.p.i.KeYFile       Read specifications obtained when parsing the Java files (usually JML and Strings.key) from file:/home/runner/work/key/key/key.core/build/resources/main/de/uka/ilkd/key/proof/rules/execRules.key 
3268       DEBUG main            d.u.i.k.p.i.KeYFile       Reading KeY file file:/home/runner/work/key/key/key.core/build/resources/main/de/uka/ilkd/key/proof/rules/loopScopeRules.key 
3269       DEBUG main            d.u.i.k.p.i.KeYFile       Read specifications obtained when parsing the Java files (usually JML and Strings.key) from file:/home/runner/work/key/key/key.core/build/resources/main/de/uka/ilkd/key/proof/rules/loopScopeRules.key 
3306       DEBUG main            d.u.i.k.p.i.KeYFile       Reading KeY file file:/home/runner/work/key/key/key.core/build/resources/main/de/uka/ilkd/key/proof/rules/standardRules.key 
3306       DEBUG main            d.u.i.k.p.i.KeYFile       Read specifications obtained when parsing the Java files (usually JML and Strings.key) from file:/home/runner/work/key/key/key.core/build/resources/main/de/uka/ilkd/key/proof/rules/standardRules.key 
5933       DEBUG main            d.u.i.k.j.Recoder2KeY     converting now /home/runner/work/key/key/key.core/../key.ui/examples/InformationFlow/Sum/src/SumExample.java 
5986       DEBUG main            d.u.i.k.s.TermLabelSettings TermLabelSettings: Failure while reading the setting "UseOriginLabels".Using the default value: true.The string read was: null 
5991       DEBUG main            d.u.i.k.p.i.KeYFile       Reading KeY file /home/runner/work/key/key/key.core/../key.ui/examples/InformationFlow/Sum/SumExample(SumExample__getSum()).Non-interference contract.0.key 
6002       DEBUG main            d.u.i.k.p.i.KeYFile       Reading KeY file file:/home/runner/work/key/key/key.core/build/resources/main/de/uka/ilkd/key/java/JavaRedux/java/lang/String.key 
6007       DEBUG main            d.u.i.k.p.i.KeYFile       Read specifications obtained when parsing the Java files (usually JML and Strings.key) from file:/home/runner/work/key/key/key.core/build/resources/main/de/uka/ilkd/key/java/JavaRedux/java/lang/String.key 
8189       DEBUG main            d.u.i.k.p.i.KeYFile       Read specifications obtained when parsing the Java files (usually JML and Strings.key) from /home/runner/work/key/key/key.core/../key.ui/examples/InformationFlow/Sum/SumExample(SumExample__getSum()).Non-interference contract.0.key 
8870       DEBUG Thread-1        d.u.i.k.r.m.WhileLoopTransformation While-Loop-Tranform-Result: {
  int i = 0;
  while (i < this.values.length) {
    {
      sum_1 += this.values[i];
    }
    i++;
  }
} 
8915       DEBUG Thread-1        d.u.i.k.r.m.WhileLoopTransformation While-Loop-Tranform-Result: {
  int i = 0;
  while (i < this.values.length) {
    {
      sum_2 += this.values[i];
    }
    i++;
  }
} 
8986       DEBUG Thread-1        d.u.i.k.r.m.WhileLoopTransformation While-Loop-Tranform-Result: try {
  {
    if (i < this.values.length) {
      {
        sum_1 += this.values[i];
      }
      i++;
    }
  }
} catch (java.lang.Throwable e#4) {
  exc#3 = true;
  thrownExc#5 = e#4;
} 
9057       DEBUG Thread-1        d.u.i.k.j.TypeConverter   typeconverter: (prefix this;, class class de.uka.ilkd.key.java.reference.ThisReference) 
9193       DEBUG Thread-1        d.u.i.k.r.m.WhileLoopTransformation While-Loop-Tranform-Result: try {
  {
    if (i_1 < this.values.length) {
      {
        sum_2 += this.values[i_1];
      }
      i_1++;
    }
  }
} catch (java.lang.Throwable e#11) {
  exc#10 = true;
  thrownExc#12 = e#11;
} 
9237       DEBUG Thread-1        d.u.i.k.j.TypeConverter   typeconverter: (prefix this;, class class de.uka.ilkd.key.java.reference.ThisReference) 
9395       DEBUG Thread-1        d.u.i.k.j.TypeConverter   typeconverter: (prefix this;, class class de.uka.ilkd.key.java.reference.ThisReference) 
9477       DEBUG Thread-1        d.u.i.k.j.TypeConverter   typeconverter: (prefix this;, class class de.uka.ilkd.key.java.reference.ThisReference) 
9581       DEBUG Thread-1        d.u.i.k.j.TypeConverter   typeconverter: (prefix this;, class class de.uka.ilkd.key.java.reference.ThisReference) 
9854       DEBUG Thread-1        d.u.i.k.j.TypeConverter   typeconverter: (prefix this;, class class de.uka.ilkd.key.java.reference.ThisReference) 
9898       DEBUG Thread-1        d.u.i.k.r.m.WhileLoopTransformation While-Loop-Tranform-Result: try {
  {
    if (i_1 < this.values.length) {
      {
        sum_2 += this.values[i_1];
      }
      i_1++;
    }
  }
} catch (java.lang.Throwable e#18) {
  exc#17 = true;
  thrownExc#19 = e#18;
} 
9929       DEBUG Thread-1        d.u.i.k.j.TypeConverter   typeconverter: (prefix this;, class class de.uka.ilkd.key.java.reference.ThisReference) 
10012      DEBUG Thread-1        d.u.i.k.j.TypeConverter   typeconverter: (prefix this;, class class de.uka.ilkd.key.java.reference.ThisReference) 
10116      DEBUG Thread-1        d.u.i.k.j.TypeConverter   typeconverter: (prefix this;, class class de.uka.ilkd.key.java.reference.ThisReference) 
10347      DEBUG Thread-1        d.u.i.k.j.TypeConverter   typeconverter: (prefix this;, class class de.uka.ilkd.key.java.reference.ThisReference) 
10405      DEBUG Thread-1        d.u.i.k.j.TypeConverter   typeconverter: (prefix this;, class class de.uka.ilkd.key.java.reference.ThisReference) 
10470      DEBUG Thread-1        d.u.i.k.j.TypeConverter   typeconverter: (prefix this;, class class de.uka.ilkd.key.java.reference.ThisReference) 
10643      DEBUG Thread-1        d.u.i.k.j.TypeConverter   typeconverter: (prefix this;, class class de.uka.ilkd.key.java.reference.ThisReference) 
10880      DEBUG Thread-1        d.u.i.k.j.TypeConverter   typeconverter: (prefix this;, class class de.uka.ilkd.key.java.reference.ThisReference) 
10977      DEBUG Thread-1        d.u.i.k.r.m.WhileLoopTransformation While-Loop-Tranform-Result: try {
  {
    if (i_1 < this.values.length) {
      {
        sum_2 += this.values[i_1];
      }
      i_1++;
    }
  }
} catch (java.lang.Throwable e#25) {
  exc#24 = true;
  thrownExc#26 = e#25;
} 
11000      DEBUG Thread-1        d.u.i.k.j.TypeConverter   typeconverter: (prefix this;, class class de.uka.ilkd.key.java.reference.ThisReference) 
11107      DEBUG Thread-1        d.u.i.k.j.TypeConverter   typeconverter: (prefix this;, class class de.uka.ilkd.key.java.reference.ThisReference) 
11157      DEBUG Thread-1        d.u.i.k.j.TypeConverter   typeconverter: (prefix this;, class class de.uka.ilkd.key.java.reference.ThisReference) 
11271      INFO  main            d.u.i.k.p.r.p.TestFile    ... finished proof: closed. 
732810     INFO  Test worker     d.u.i.k.p.r.RunAllProofsTestUnit Returning from test SumExample_nomacro 
732812     INFO  Test worker     d.u.i.k.p.r.RunAllProofsTestUnit Running test ToyBanking_nomacro 
358        INFO  Timeout watchdog d.u.i.k.p.r.p.ForkedTestFileRunner Timeout watcher launched (1000 secs.) 
378        WARN  main            d.u.i.k.s.ProofSettings   The settings in /home/runner/.key/proof-settings.props are *not* read. 
416        DEBUG main            d.u.i.k.s.TermLabelSettings TermLabelSettings: Failure while reading the setting "UseOriginLabels".Using the default value: true.The string read was: null 
416        INFO  main            d.u.i.k.p.r.p.TestFile    Now processing file /home/runner/work/key/key/key.core/../key.ui/examples/InformationFlow/ToyBanking/banking_example.UserAccount(banking_example.UserAccount__getBankAccount(int)).Non-interference contract.0.key 
1033       DEBUG main            d.u.i.k.p.i.KeYFile       Reading KeY file file:/home/runner/work/key/key/key.core/build/resources/main/de/uka/ilkd/key/proof/rules/ldt.key 
1033       DEBUG main            d.u.i.k.p.i.KeYFile       Read specifications obtained when parsing the Java files (usually JML and Strings.key) from file:/home/runner/work/key/key/key.core/build/resources/main/de/uka/ilkd/key/proof/rules/ldt.key 
1045       DEBUG main            d.u.i.k.p.i.KeYFile       Reading KeY file file:/home/runner/work/key/key/key.core/build/resources/main/de/uka/ilkd/key/proof/rules/propRule.key 
1062       DEBUG main            d.u.i.k.p.i.KeYFile       Read specifications obtained when parsing the Java files (usually JML and Strings.key) from file:/home/runner/work/key/key/key.core/build/resources/main/de/uka/ilkd/key/proof/rules/propRule.key 
1112       DEBUG main            d.u.i.k.p.i.KeYFile       Reading KeY file file:/home/runner/work/key/key/key.core/build/resources/main/de/uka/ilkd/key/proof/rules/firstOrderRules.key 
1115       DEBUG main            d.u.i.k.p.i.KeYFile       Read specifications obtained when parsing the Java files (usually JML and Strings.key) from file:/home/runner/work/key/key/key.core/build/resources/main/de/uka/ilkd/key/proof/rules/firstOrderRules.key 
1171       DEBUG main            d.u.i.k.p.i.KeYFile       Reading KeY file file:/home/runner/work/key/key/key.core/build/resources/main/de/uka/ilkd/key/proof/rules/ifThenElseRules.key 
1172       DEBUG main            d.u.i.k.p.i.KeYFile       Read specifications obtained when parsing the Java files (usually JML and Strings.key) from file:/home/runner/work/key/key/key.core/build/resources/main/de/uka/ilkd/key/proof/rules/ifThenElseRules.key 
1257       DEBUG main            d.u.i.k.p.i.KeYFile       Reading KeY file file:/home/runner/work/key/key/key.core/build/resources/main/de/uka/ilkd/key/proof/rules/formulaNormalisationRules.key 
1258       DEBUG main            d.u.i.k.p.i.KeYFile       Read specifications obtained when parsing the Java files (usually JML and Strings.key) from file:/home/runner/work/key/key/key.core/build/resources/main/de/uka/ilkd/key/proof/rules/formulaNormalisationRules.key 
1346       DEBUG main            d.u.i.k.p.i.KeYFile       Reading KeY file file:/home/runner/work/key/key/key.core/build/resources/main/de/uka/ilkd/key/proof/rules/updateRules.key 
1346       DEBUG main            d.u.i.k.p.i.KeYFile       Read specifications obtained when parsing the Java files (usually JML and Strings.key) from file:/home/runner/work/key/key/key.core/build/resources/main/de/uka/ilkd/key/proof/rules/updateRules.key 
1359       DEBUG main            d.u.i.k.p.i.KeYFile       Reading KeY file file:/home/runner/work/key/key/key.core/build/resources/main/de/uka/ilkd/key/proof/rules/integerRulesCommon.key 
1359       DEBUG main            d.u.i.k.p.i.KeYFile       Read specifications obtained when parsing the Java files (usually JML and Strings.key) from file:/home/runner/work/key/key/key.core/build/resources/main/de/uka/ilkd/key/proof/rules/integerRulesCommon.key 
1443       DEBUG main            d.u.i.k.p.i.KeYFile       Reading KeY file file:/home/runner/work/key/key/key.core/build/resources/main/de/uka/ilkd/key/proof/rules/intRules.key 
1443       DEBUG main            d.u.i.k.p.i.KeYFile       Read specifications obtained when parsing the Java files (usually JML and Strings.key) from file:/home/runner/work/key/key/key.core/build/resources/main/de/uka/ilkd/key/proof/rules/intRules.key 
1456       DEBUG main            d.u.i.k.p.i.KeYFile       Reading KeY file file:/home/runner/work/key/key/key.core/build/resources/main/de/uka/ilkd/key/proof/rules/intRulesUncheckedSemantics.key 
1456       DEBUG main            d.u.i.k.p.i.KeYFile       Read specifications obtained when parsing the Java files (usually JML and Strings.key) from file:/home/runner/work/key/key/key.core/build/resources/main/de/uka/ilkd/key/proof/rules/intRulesUncheckedSemantics.key 
1464       DEBUG main            d.u.i.k.p.i.KeYFile       Reading KeY file file:/home/runner/work/key/key/key.core/build/resources/main/de/uka/ilkd/key/proof/rules/intRulesCheckedSemantics.key 
1464       DEBUG main            d.u.i.k.p.i.KeYFile       Read specifications obtained when parsing the Java files (usually JML and Strings.key) from file:/home/runner/work/key/key/key.core/build/resources/main/de/uka/ilkd/key/proof/rules/intRulesCheckedSemantics.key 
1471       DEBUG main            d.u.i.k.p.i.KeYFile       Reading KeY file file:/home/runner/work/key/key/key.core/build/resources/main/de/uka/ilkd/key/proof/rules/intRulesJavaSemantics.key 
1472       DEBUG main            d.u.i.k.p.i.KeYFile       Read specifications obtained when parsing the Java files (usually JML and Strings.key) from file:/home/runner/work/key/key/key.core/build/resources/main/de/uka/ilkd/key/proof/rules/intRulesJavaSemantics.key 
1559       DEBUG main            d.u.i.k.p.i.KeYFile       Reading KeY file file:/home/runner/work/key/key/key.core/build/resources/main/de/uka/ilkd/key/proof/rules/integerSimplificationRules.key 
1560       DEBUG main            d.u.i.k.p.i.KeYFile       Read specifications obtained when parsing the Java files (usually JML and Strings.key) from file:/home/runner/work/key/key/key.core/build/resources/main/de/uka/ilkd/key/proof/rules/integerSimplificationRules.key 
1607       DEBUG main            d.u.i.k.j.TypeConverter   No LDT found for Meta 
1608       DEBUG main            d.u.i.k.j.TypeConverter   No LDT found for Meta 
1609       DEBUG main            d.u.i.k.j.TypeConverter   No LDT found for Meta 
1609       DEBUG main            d.u.i.k.j.TypeConverter   No LDT found for Meta 
1653       DEBUG main            d.u.i.k.p.i.KeYFile       Reading KeY file file:/home/runner/work/key/key/key.core/build/resources/main/de/uka/ilkd/key/proof/rules/intDiv.key 
1653       DEBUG main            d.u.i.k.p.i.KeYFile       Read specifications obtained when parsing the Java files (usually JML and Strings.key) from file:/home/runner/work/key/key/key.core/build/resources/main/de/uka/ilkd/key/proof/rules/intDiv.key 
1814       DEBUG main            d.u.i.k.p.i.KeYFile       Reading KeY file file:/home/runner/work/key/key/key.core/build/resources/main/de/uka/ilkd/key/proof/rules/bsum.key 
1814       DEBUG main            d.u.i.k.p.i.KeYFile       Read specifications obtained when parsing the Java files (usually JML and Strings.key) from file:/home/runner/work/key/key/key.core/build/resources/main/de/uka/ilkd/key/proof/rules/bsum.key 
1883       DEBUG main            d.u.i.k.p.i.KeYFile       Reading KeY file file:/home/runner/work/key/key/key.core/build/resources/main/de/uka/ilkd/key/proof/rules/bprod.key 
1884       DEBUG main            d.u.i.k.p.i.KeYFile       Read specifications obtained when parsing the Java files (usually JML and Strings.key) from file:/home/runner/work/key/key/key.core/build/resources/main/de/uka/ilkd/key/proof/rules/bprod.key 
1919       DEBUG main            d.u.i.k.p.i.KeYFile       Reading KeY file file:/home/runner/work/key/key/key.core/build/resources/main/de/uka/ilkd/key/proof/rules/binaryAxioms.key 
1919       DEBUG main            d.u.i.k.p.i.KeYFile       Read specifications obtained when parsing the Java files (usually JML and Strings.key) from file:/home/runner/work/key/key/key.core/build/resources/main/de/uka/ilkd/key/proof/rules/binaryAxioms.key 
1923       DEBUG main            d.u.i.k.p.i.KeYFile       Reading KeY file file:/home/runner/work/key/key/key.core/build/resources/main/de/uka/ilkd/key/proof/rules/binaryLemmas.key 
1923       DEBUG main            d.u.i.k.p.i.KeYFile       Read specifications obtained when parsing the Java files (usually JML and Strings.key) from file:/home/runner/work/key/key/key.core/build/resources/main/de/uka/ilkd/key/proof/rules/binaryLemmas.key 
1952       DEBUG main            d.u.i.k.p.i.KeYFile       Reading KeY file file:/home/runner/work/key/key/key.core/build/resources/main/de/uka/ilkd/key/proof/rules/intPow.key 
1952       DEBUG main            d.u.i.k.p.i.KeYFile       Read specifications obtained when parsing the Java files (usually JML and Strings.key) from file:/home/runner/work/key/key/key.core/build/resources/main/de/uka/ilkd/key/proof/rules/intPow.key 
1988       DEBUG main            d.u.i.k.p.i.KeYFile       Reading KeY file file:/home/runner/work/key/key/key.core/build/resources/main/de/uka/ilkd/key/proof/rules/floatRulesCommon.key 
1988       DEBUG main            d.u.i.k.p.i.KeYFile       Read specifications obtained when parsing the Java files (usually JML and Strings.key) from file:/home/runner/work/key/key/key.core/build/resources/main/de/uka/ilkd/key/proof/rules/floatRulesCommon.key 
2005       DEBUG main            d.u.i.k.p.i.KeYFile       Reading KeY file file:/home/runner/work/key/key/key.core/build/resources/main/de/uka/ilkd/key/proof/rules/floatRules.key 
2005       DEBUG main            d.u.i.k.p.i.KeYFile       Read specifications obtained when parsing the Java files (usually JML and Strings.key) from file:/home/runner/work/key/key/key.core/build/resources/main/de/uka/ilkd/key/proof/rules/floatRules.key 
2006       DEBUG main            d.u.i.k.p.i.KeYFile       Reading KeY file file:/home/runner/work/key/key/key.core/build/resources/main/de/uka/ilkd/key/proof/rules/floatRulesVerifyNormal.key 
2006       DEBUG main            d.u.i.k.p.i.KeYFile       Read specifications obtained when parsing the Java files (usually JML and Strings.key) from file:/home/runner/work/key/key/key.core/build/resources/main/de/uka/ilkd/key/proof/rules/floatRulesVerifyNormal.key 
2010       DEBUG main            d.u.i.k.p.i.KeYFile       Reading KeY file file:/home/runner/work/key/key/key.core/build/resources/main/de/uka/ilkd/key/proof/rules/floatRulesAssumeStrictfp.key 
2010       DEBUG main            d.u.i.k.p.i.KeYFile       Read specifications obtained when parsing the Java files (usually JML and Strings.key) from file:/home/runner/work/key/key/key.core/build/resources/main/de/uka/ilkd/key/proof/rules/floatRulesAssumeStrictfp.key 
2036       DEBUG main            d.u.i.k.p.i.KeYFile       Reading KeY file file:/home/runner/work/key/key/key.core/build/resources/main/de/uka/ilkd/key/proof/rules/genericRules.key 
2036       DEBUG main            d.u.i.k.p.i.KeYFile       Read specifications obtained when parsing the Java files (usually JML and Strings.key) from file:/home/runner/work/key/key/key.core/build/resources/main/de/uka/ilkd/key/proof/rules/genericRules.key 
2044       DEBUG main            d.u.i.k.p.i.KeYFile       Reading KeY file file:/home/runner/work/key/key/key.core/build/resources/main/de/uka/ilkd/key/proof/rules/booleanRules.key 
2045       DEBUG main            d.u.i.k.p.i.KeYFile       Read specifications obtained when parsing the Java files (usually JML and Strings.key) from file:/home/runner/work/key/key/key.core/build/resources/main/de/uka/ilkd/key/proof/rules/booleanRules.key 
2051       DEBUG main            d.u.i.k.p.i.KeYFile       Reading KeY file file:/home/runner/work/key/key/key.core/build/resources/main/de/uka/ilkd/key/proof/rules/epsilon.key 
2051       DEBUG main            d.u.i.k.p.i.KeYFile       Read specifications obtained when parsing the Java files (usually JML and Strings.key) from file:/home/runner/work/key/key/key.core/build/resources/main/de/uka/ilkd/key/proof/rules/epsilon.key 
2088       DEBUG main            d.u.i.k.p.i.KeYFile       Reading KeY file file:/home/runner/work/key/key/key.core/build/resources/main/de/uka/ilkd/key/proof/rules/locSetsRules.key 
2088       DEBUG main            d.u.i.k.p.i.KeYFile       Read specifications obtained when parsing the Java files (usually JML and Strings.key) from file:/home/runner/work/key/key/key.core/build/resources/main/de/uka/ilkd/key/proof/rules/locSetsRules.key 
2165       DEBUG main            d.u.i.k.p.i.KeYFile       Reading KeY file file:/home/runner/work/key/key/key.core/build/resources/main/de/uka/ilkd/key/proof/rules/heapRules.key 
2165       DEBUG main            d.u.i.k.p.i.KeYFile       Read specifications obtained when parsing the Java files (usually JML and Strings.key) from file:/home/runner/work/key/key/key.core/build/resources/main/de/uka/ilkd/key/proof/rules/heapRules.key 
2203       DEBUG main            d.u.i.k.p.i.KeYFile       Reading KeY file file:/home/runner/work/key/key/key.core/build/resources/main/de/uka/ilkd/key/proof/rules/permissionRules.key 
2204       DEBUG main            d.u.i.k.p.i.KeYFile       Read specifications obtained when parsing the Java files (usually JML and Strings.key) from file:/home/runner/work/key/key/key.core/build/resources/main/de/uka/ilkd/key/proof/rules/permissionRules.key 
2258       DEBUG main            d.u.i.k.p.i.KeYFile       Reading KeY file file:/home/runner/work/key/key/key.core/build/resources/main/de/uka/ilkd/key/proof/rules/reachRules.key 
2258       DEBUG main            d.u.i.k.p.i.KeYFile       Read specifications obtained when parsing the Java files (usually JML and Strings.key) from file:/home/runner/work/key/key/key.core/build/resources/main/de/uka/ilkd/key/proof/rules/reachRules.key 
2271       DEBUG main            d.u.i.k.p.i.KeYFile       Reading KeY file file:/home/runner/work/key/key/key.core/build/resources/main/de/uka/ilkd/key/proof/rules/seqCoreRules.key 
2271       DEBUG main            d.u.i.k.p.i.KeYFile       Read specifications obtained when parsing the Java files (usually JML and Strings.key) from file:/home/runner/work/key/key/key.core/build/resources/main/de/uka/ilkd/key/proof/rules/seqCoreRules.key 
2315       DEBUG main            d.u.i.k.p.i.KeYFile       Reading KeY file file:/home/runner/work/key/key/key.core/build/resources/main/de/uka/ilkd/key/proof/rules/seqRules.key 
2323       DEBUG main            d.u.i.k.p.i.KeYFile       Read specifications obtained when parsing the Java files (usually JML and Strings.key) from file:/home/runner/work/key/key/key.core/build/resources/main/de/uka/ilkd/key/proof/rules/seqRules.key 
2417       DEBUG main            d.u.i.k.p.i.KeYFile       Reading KeY file file:/home/runner/work/key/key/key.core/build/resources/main/de/uka/ilkd/key/proof/rules/seqPerm.key 
2418       DEBUG main            d.u.i.k.p.i.KeYFile       Read specifications obtained when parsing the Java files (usually JML and Strings.key) from file:/home/runner/work/key/key/key.core/build/resources/main/de/uka/ilkd/key/proof/rules/seqPerm.key 
2439       DEBUG main            d.u.i.k.p.i.KeYFile       Reading KeY file file:/home/runner/work/key/key/key.core/build/resources/main/de/uka/ilkd/key/proof/rules/seqPerm2.key 
2439       DEBUG main            d.u.i.k.p.i.KeYFile       Read specifications obtained when parsing the Java files (usually JML and Strings.key) from file:/home/runner/work/key/key/key.core/build/resources/main/de/uka/ilkd/key/proof/rules/seqPerm2.key 
2538       DEBUG main            d.u.i.k.p.i.KeYFile       Reading KeY file file:/home/runner/work/key/key/key.core/build/resources/main/de/uka/ilkd/key/proof/rules/assertions.key 
2538       DEBUG main            d.u.i.k.p.i.KeYFile       Read specifications obtained when parsing the Java files (usually JML and Strings.key) from file:/home/runner/work/key/key/key.core/build/resources/main/de/uka/ilkd/key/proof/rules/assertions.key 
2560       DEBUG main            d.u.i.k.p.i.KeYFile       Reading KeY file file:/home/runner/work/key/key/key.core/build/resources/main/de/uka/ilkd/key/proof/rules/javaRules.key 
2560       DEBUG main            d.u.i.k.p.i.KeYFile       Read specifications obtained when parsing the Java files (usually JML and Strings.key) from file:/home/runner/work/key/key/key.core/build/resources/main/de/uka/ilkd/key/proof/rules/javaRules.key 
3007       DEBUG main            d.u.i.k.p.i.KeYFile       Reading KeY file file:/home/runner/work/key/key/key.core/build/resources/main/de/uka/ilkd/key/proof/rules/loopRules.key 
3007       DEBUG main            d.u.i.k.p.i.KeYFile       Read specifications obtained when parsing the Java files (usually JML and Strings.key) from file:/home/runner/work/key/key/key.core/build/resources/main/de/uka/ilkd/key/proof/rules/loopRules.key 
3020       DEBUG main            d.u.i.k.p.i.KeYFile       Reading KeY file file:/home/runner/work/key/key/key.core/build/resources/main/de/uka/ilkd/key/proof/rules/activeUse.key 
3020       DEBUG main            d.u.i.k.p.i.KeYFile       Read specifications obtained when parsing the Java files (usually JML and Strings.key) from file:/home/runner/work/key/key/key.core/build/resources/main/de/uka/ilkd/key/proof/rules/activeUse.key 
3054       DEBUG main            d.u.i.k.p.i.KeYFile       Reading KeY file file:/home/runner/work/key/key/key.core/build/resources/main/de/uka/ilkd/key/proof/rules/instanceAllocation.key 
3055       DEBUG main            d.u.i.k.p.i.KeYFile       Read specifications obtained when parsing the Java files (usually JML and Strings.key) from file:/home/runner/work/key/key/key.core/build/resources/main/de/uka/ilkd/key/proof/rules/instanceAllocation.key 
3065       DEBUG main            d.u.i.k.p.i.KeYFile       Reading KeY file file:/home/runner/work/key/key/key.core/build/resources/main/de/uka/ilkd/key/proof/rules/java5.key 
3065       DEBUG main            d.u.i.k.p.i.KeYFile       Read specifications obtained when parsing the Java files (usually JML and Strings.key) from file:/home/runner/work/key/key/key.core/build/resources/main/de/uka/ilkd/key/proof/rules/java5.key 
3072       DEBUG main            d.u.i.k.p.i.KeYFile       Reading KeY file file:/home/runner/work/key/key/key.core/build/resources/main/de/uka/ilkd/key/proof/rules/integerAssignment2UpdateRules.key 
3072       DEBUG main            d.u.i.k.p.i.KeYFile       Read specifications obtained when parsing the Java files (usually JML and Strings.key) from file:/home/runner/work/key/key/key.core/build/resources/main/de/uka/ilkd/key/proof/rules/integerAssignment2UpdateRules.key 
3102       DEBUG main            d.u.i.k.p.i.KeYFile       Reading KeY file file:/home/runner/work/key/key/key.core/build/resources/main/de/uka/ilkd/key/proof/rules/floatAssignment2UpdateRules.key 
3102       DEBUG main            d.u.i.k.p.i.KeYFile       Read specifications obtained when parsing the Java files (usually JML and Strings.key) from file:/home/runner/work/key/key/key.core/build/resources/main/de/uka/ilkd/key/proof/rules/floatAssignment2UpdateRules.key 
3122       DEBUG main            d.u.i.k.p.i.KeYFile       Reading KeY file file:/home/runner/work/key/key/key.core/build/resources/main/de/uka/ilkd/key/proof/rules/bigint.key 
3122       DEBUG main            d.u.i.k.p.i.KeYFile       Read specifications obtained when parsing the Java files (usually JML and Strings.key) from file:/home/runner/work/key/key/key.core/build/resources/main/de/uka/ilkd/key/proof/rules/bigint.key 
3129       DEBUG main            d.u.i.k.j.TypeConverter   No LDT found for JavaBigintExpression 
3137       DEBUG main            d.u.i.k.p.i.KeYFile       Reading KeY file file:/home/runner/work/key/key/key.core/build/resources/main/de/uka/ilkd/key/proof/rules/adtProgramDecompositionRules.key 
3137       DEBUG main            d.u.i.k.p.i.KeYFile       Read specifications obtained when parsing the Java files (usually JML and Strings.key) from file:/home/runner/work/key/key/key.core/build/resources/main/de/uka/ilkd/key/proof/rules/adtProgramDecompositionRules.key 
3151       DEBUG main            d.u.i.k.p.i.KeYFile       Reading KeY file file:/home/runner/work/key/key/key.core/build/resources/main/de/uka/ilkd/key/proof/rules/precRules.key 
3151       DEBUG main            d.u.i.k.p.i.KeYFile       Read specifications obtained when parsing the Java files (usually JML and Strings.key) from file:/home/runner/work/key/key/key.core/build/resources/main/de/uka/ilkd/key/proof/rules/precRules.key 
3197       DEBUG main            d.u.i.k.p.i.KeYFile       Reading KeY file file:/home/runner/work/key/key/key.core/build/resources/main/de/uka/ilkd/key/proof/rules/charListRules.key 
3197       DEBUG main            d.u.i.k.p.i.KeYFile       Read specifications obtained when parsing the Java files (usually JML and Strings.key) from file:/home/runner/work/key/key/key.core/build/resources/main/de/uka/ilkd/key/proof/rules/charListRules.key 
3208       DEBUG main            d.u.i.k.p.i.KeYFile       Reading KeY file file:/home/runner/work/key/key/key.core/build/resources/main/de/uka/ilkd/key/proof/rules/regExHeader.key 
3208       DEBUG main            d.u.i.k.p.i.KeYFile       Read specifications obtained when parsing the Java files (usually JML and Strings.key) from file:/home/runner/work/key/key/key.core/build/resources/main/de/uka/ilkd/key/proof/rules/regExHeader.key 
3210       DEBUG main            d.u.i.k.p.i.KeYFile       Reading KeY file file:/home/runner/work/key/key/key.core/build/resources/main/de/uka/ilkd/key/proof/rules/regExAxioms.key 
3211       DEBUG main            d.u.i.k.p.i.KeYFile       Read specifications obtained when parsing the Java files (usually JML and Strings.key) from file:/home/runner/work/key/key/key.core/build/resources/main/de/uka/ilkd/key/proof/rules/regExAxioms.key 
3216       DEBUG main            d.u.i.k.p.i.KeYFile       Reading KeY file file:/home/runner/work/key/key/key.core/build/resources/main/de/uka/ilkd/key/proof/rules/regExLemmaProven.key 
3216       DEBUG main            d.u.i.k.p.i.KeYFile       Read specifications obtained when parsing the Java files (usually JML and Strings.key) from file:/home/runner/work/key/key/key.core/build/resources/main/de/uka/ilkd/key/proof/rules/regExLemmaProven.key 
3220       DEBUG main            d.u.i.k.p.i.KeYFile       Reading KeY file file:/home/runner/work/key/key/key.core/build/resources/main/de/uka/ilkd/key/proof/rules/regExTheory.key 
3220       DEBUG main            d.u.i.k.p.i.KeYFile       Read specifications obtained when parsing the Java files (usually JML and Strings.key) from file:/home/runner/work/key/key/key.core/build/resources/main/de/uka/ilkd/key/proof/rules/regExTheory.key 
3224       DEBUG main            d.u.i.k.p.i.KeYFile       Reading KeY file file:/home/runner/work/key/key/key.core/build/resources/main/de/uka/ilkd/key/proof/rules/seqEq.key 
3224       DEBUG main            d.u.i.k.p.i.KeYFile       Read specifications obtained when parsing the Java files (usually JML and Strings.key) from file:/home/runner/work/key/key/key.core/build/resources/main/de/uka/ilkd/key/proof/rules/seqEq.key 
3232       DEBUG main            d.u.i.k.p.i.KeYFile       Reading KeY file file:/home/runner/work/key/key/key.core/build/resources/main/de/uka/ilkd/key/proof/rules/infFlow.key 
3232       DEBUG main            d.u.i.k.p.i.KeYFile       Read specifications obtained when parsing the Java files (usually JML and Strings.key) from file:/home/runner/work/key/key/key.core/build/resources/main/de/uka/ilkd/key/proof/rules/infFlow.key 
3237       DEBUG main            d.u.i.k.p.i.KeYFile       Reading KeY file file:/home/runner/work/key/key/key.core/build/resources/main/de/uka/ilkd/key/proof/rules/mapSize.key 
3237       DEBUG main            d.u.i.k.p.i.KeYFile       Read specifications obtained when parsing the Java files (usually JML and Strings.key) from file:/home/runner/work/key/key/key.core/build/resources/main/de/uka/ilkd/key/proof/rules/mapSize.key 
3242       DEBUG main            d.u.i.k.p.i.KeYFile       Reading KeY file file:/home/runner/work/key/key/key.core/build/resources/main/de/uka/ilkd/key/proof/rules/wdHeader.key 
3242       DEBUG main            d.u.i.k.p.i.KeYFile       Read specifications obtained when parsing the Java files (usually JML and Strings.key) from file:/home/runner/work/key/key/key.core/build/resources/main/de/uka/ilkd/key/proof/rules/wdHeader.key 
3244       DEBUG main            d.u.i.k.p.i.KeYFile       Reading KeY file file:/home/runner/work/key/key/key.core/build/resources/main/de/uka/ilkd/key/proof/rules/wdGeneralRules.key 
3244       DEBUG main            d.u.i.k.p.i.KeYFile       Read specifications obtained when parsing the Java files (usually JML and Strings.key) from file:/home/runner/work/key/key/key.core/build/resources/main/de/uka/ilkd/key/proof/rules/wdGeneralRules.key 
3256       DEBUG main            d.u.i.k.p.i.KeYFile       Reading KeY file file:/home/runner/work/key/key/key.core/build/resources/main/de/uka/ilkd/key/proof/rules/wdNumericalRules.key 
3257       DEBUG main            d.u.i.k.p.i.KeYFile       Read specifications obtained when parsing the Java files (usually JML and Strings.key) from file:/home/runner/work/key/key/key.core/build/resources/main/de/uka/ilkd/key/proof/rules/wdNumericalRules.key 
3274       DEBUG main            d.u.i.k.p.i.KeYFile       Reading KeY file file:/home/runner/work/key/key/key.core/build/resources/main/de/uka/ilkd/key/proof/rules/wdLocSetRules.key 
3274       DEBUG main            d.u.i.k.p.i.KeYFile       Read specifications obtained when parsing the Java files (usually JML and Strings.key) from file:/home/runner/work/key/key/key.core/build/resources/main/de/uka/ilkd/key/proof/rules/wdLocSetRules.key 
3279       DEBUG main            d.u.i.k.p.i.KeYFile       Reading KeY file file:/home/runner/work/key/key/key.core/build/resources/main/de/uka/ilkd/key/proof/rules/wdHeapRules.key 
3279       DEBUG main            d.u.i.k.p.i.KeYFile       Read specifications obtained when parsing the Java files (usually JML and Strings.key) from file:/home/runner/work/key/key/key.core/build/resources/main/de/uka/ilkd/key/proof/rules/wdHeapRules.key 
3282       DEBUG main            d.u.i.k.p.i.KeYFile       Reading KeY file file:/home/runner/work/key/key/key.core/build/resources/main/de/uka/ilkd/key/proof/rules/wdReachRules.key 
3282       DEBUG main            d.u.i.k.p.i.KeYFile       Read specifications obtained when parsing the Java files (usually JML and Strings.key) from file:/home/runner/work/key/key/key.core/build/resources/main/de/uka/ilkd/key/proof/rules/wdReachRules.key 
3284       DEBUG main            d.u.i.k.p.i.KeYFile       Reading KeY file file:/home/runner/work/key/key/key.core/build/resources/main/de/uka/ilkd/key/proof/rules/wdSeqRules.key 
3284       DEBUG main            d.u.i.k.p.i.KeYFile       Read specifications obtained when parsing the Java files (usually JML and Strings.key) from file:/home/runner/work/key/key/key.core/build/resources/main/de/uka/ilkd/key/proof/rules/wdSeqRules.key 
3287       DEBUG main            d.u.i.k.p.i.KeYFile       Reading KeY file file:/home/runner/work/key/key/key.core/build/resources/main/de/uka/ilkd/key/proof/rules/wdStringRules.key 
3287       DEBUG main            d.u.i.k.p.i.KeYFile       Read specifications obtained when parsing the Java files (usually JML and Strings.key) from file:/home/runner/work/key/key/key.core/build/resources/main/de/uka/ilkd/key/proof/rules/wdStringRules.key 
3290       DEBUG main            d.u.i.k.p.i.KeYFile       Reading KeY file file:/home/runner/work/key/key/key.core/build/resources/main/de/uka/ilkd/key/proof/rules/wdRegExRules.key 
3290       DEBUG main            d.u.i.k.p.i.KeYFile       Read specifications obtained when parsing the Java files (usually JML and Strings.key) from file:/home/runner/work/key/key/key.core/build/resources/main/de/uka/ilkd/key/proof/rules/wdRegExRules.key 
3297       DEBUG main            d.u.i.k.p.i.KeYFile       Reading KeY file file:/home/runner/work/key/key/key.core/build/resources/main/de/uka/ilkd/key/proof/rules/wdFormulaRules.key 
3297       DEBUG main            d.u.i.k.p.i.KeYFile       Read specifications obtained when parsing the Java files (usually JML and Strings.key) from file:/home/runner/work/key/key/key.core/build/resources/main/de/uka/ilkd/key/proof/rules/wdFormulaRules.key 
3305       DEBUG main            d.u.i.k.p.i.KeYFile       Reading KeY file file:/home/runner/work/key/key/key.core/build/resources/main/de/uka/ilkd/key/proof/rules/wd.key 
3305       DEBUG main            d.u.i.k.p.i.KeYFile       Read specifications obtained when parsing the Java files (usually JML and Strings.key) from file:/home/runner/work/key/key/key.core/build/resources/main/de/uka/ilkd/key/proof/rules/wd.key 
3306       DEBUG main            d.u.i.k.p.i.KeYFile       Reading KeY file file:/home/runner/work/key/key/key.core/build/resources/main/de/uka/ilkd/key/proof/rules/loopInvariantRules.key 
3306       DEBUG main            d.u.i.k.p.i.KeYFile       Read specifications obtained when parsing the Java files (usually JML and Strings.key) from file:/home/runner/work/key/key/key.core/build/resources/main/de/uka/ilkd/key/proof/rules/loopInvariantRules.key 
3308       DEBUG main            d.u.i.k.p.i.KeYFile       Reading KeY file file:/home/runner/work/key/key/key.core/build/resources/main/de/uka/ilkd/key/proof/rules/forLoopRules.key 
3308       DEBUG main            d.u.i.k.p.i.KeYFile       Read specifications obtained when parsing the Java files (usually JML and Strings.key) from file:/home/runner/work/key/key/key.core/build/resources/main/de/uka/ilkd/key/proof/rules/forLoopRules.key 
3313       DEBUG main            d.u.i.k.p.i.KeYFile       Reading KeY file file:/home/runner/work/key/key/key.core/build/resources/main/de/uka/ilkd/key/proof/rules/execRules.key 
3313       DEBUG main            d.u.i.k.p.i.KeYFile       Read specifications obtained when parsing the Java files (usually JML and Strings.key) from file:/home/runner/work/key/key/key.core/build/resources/main/de/uka/ilkd/key/proof/rules/execRules.key 
3372       DEBUG main            d.u.i.k.p.i.KeYFile       Reading KeY file file:/home/runner/work/key/key/key.core/build/resources/main/de/uka/ilkd/key/proof/rules/loopScopeRules.key 
3372       DEBUG main            d.u.i.k.p.i.KeYFile       Read specifications obtained when parsing the Java files (usually JML and Strings.key) from file:/home/runner/work/key/key/key.core/build/resources/main/de/uka/ilkd/key/proof/rules/loopScopeRules.key 
3389       DEBUG main            d.u.i.k.p.i.KeYFile       Reading KeY file file:/home/runner/work/key/key/key.core/build/resources/main/de/uka/ilkd/key/proof/rules/standardRules.key 
3389       DEBUG main            d.u.i.k.p.i.KeYFile       Read specifications obtained when parsing the Java files (usually JML and Strings.key) from file:/home/runner/work/key/key/key.core/build/resources/main/de/uka/ilkd/key/proof/rules/standardRules.key 
5779       DEBUG main            d.u.i.k.j.Recoder2KeY     converting now /home/runner/work/key/key/key.core/../key.ui/examples/InformationFlow/ToyBanking/src/banking_example/UserAccount.java 
5787       DEBUG main            d.u.i.k.j.Recoder2KeY     converting now /home/runner/work/key/key/key.core/../key.ui/examples/InformationFlow/ToyBanking/src/banking_example/Bank.java 
5789       DEBUG main            d.u.i.k.j.Recoder2KeY     converting now /home/runner/work/key/key/key.core/../key.ui/examples/InformationFlow/ToyBanking/src/banking_example/BankAccount.java 
5817       DEBUG main            d.u.i.k.s.TermLabelSettings TermLabelSettings: Failure while reading the setting "UseOriginLabels".Using the default value: true.The string read was: null 
5817       DEBUG main            d.u.i.k.p.i.KeYFile       Reading KeY file /home/runner/work/key/key/key.core/../key.ui/examples/InformationFlow/ToyBanking/banking_example.UserAccount(banking_example.UserAccount__getBankAccount(int)).Non-interference contract.0.key 
5825       DEBUG main            d.u.i.k.p.i.KeYFile       Reading KeY file file:/home/runner/work/key/key/key.core/build/resources/main/de/uka/ilkd/key/java/JavaRedux/java/lang/String.key 
5831       DEBUG main            d.u.i.k.p.i.KeYFile       Read specifications obtained when parsing the Java files (usually JML and Strings.key) from file:/home/runner/work/key/key/key.core/build/resources/main/de/uka/ilkd/key/java/JavaRedux/java/lang/String.key 
7922       DEBUG main            d.u.i.k.p.i.KeYFile       Read specifications obtained when parsing the Java files (usually JML and Strings.key) from /home/runner/work/key/key/key.core/../key.ui/examples/InformationFlow/ToyBanking/banking_example.UserAccount(banking_example.UserAccount__getBankAccount(int)).Non-interference contract.0.key 
9414       DEBUG Thread-1        d.u.i.k.j.TypeConverter   typeconverter: (prefix this;, class class de.uka.ilkd.key.java.reference.ThisReference) 
9468       DEBUG Thread-1        d.u.i.k.j.TypeConverter   typeconverter: (prefix this;, class class de.uka.ilkd.key.java.reference.ThisReference) 
9527       DEBUG Thread-1        d.u.i.k.j.TypeConverter   typeconverter: (prefix this;, class class de.uka.ilkd.key.java.reference.ThisReference) 
9699       DEBUG Thread-1        d.u.i.k.j.TypeConverter   typeconverter: (prefix this;, class class de.uka.ilkd.key.java.reference.ThisReference) 
10021      DEBUG Thread-1        d.u.i.k.j.TypeConverter   typeconverter: (prefix this;, class class de.uka.ilkd.key.java.reference.ThisReference) 
10325      DEBUG Thread-1        d.u.i.k.j.TypeConverter   typeconverter: (prefix this;, class class de.uka.ilkd.key.java.reference.ThisReference) 
10761      DEBUG Thread-1        d.u.i.k.j.TypeConverter   typeconverter: (prefix this;, class class de.uka.ilkd.key.java.reference.ThisReference) 
10837      DEBUG Thread-1        d.u.i.k.j.TypeConverter   typeconverter: (prefix this;, class class de.uka.ilkd.key.java.reference.ThisReference) 
11129      INFO  main            d.u.i.k.p.r.p.TestFile    ... finished proof: closed. 
11271      DEBUG main            d.u.i.k.s.TermLabelSettings TermLabelSettings: Failure while reading the setting "UseOriginLabels".Using the default value: true.The string read was: null 
11272      INFO  main            d.u.i.k.p.r.p.TestFile    Now processing file /home/runner/work/key/key/key.core/../key.ui/examples/InformationFlow/ToyBanking/banking_example.BankAccount(banking_example.BankAccount__depositMoney(int)).Non-interference contract.0.key 
12298      DEBUG main            d.u.i.k.j.Recoder2KeY     converting now /home/runner/work/key/key/key.core/../key.ui/examples/InformationFlow/ToyBanking/src/banking_example/UserAccount.java 
12312      DEBUG main            d.u.i.k.j.Recoder2KeY     converting now /home/runner/work/key/key/key.core/../key.ui/examples/InformationFlow/ToyBanking/src/banking_example/Bank.java 
12314      DEBUG main            d.u.i.k.j.Recoder2KeY     converting now /home/runner/work/key/key/key.core/../key.ui/examples/InformationFlow/ToyBanking/src/banking_example/BankAccount.java 
12331      DEBUG main            d.u.i.k.s.TermLabelSettings TermLabelSettings: Failure while reading the setting "UseOriginLabels".Using the default value: true.The string read was: null 
12331      DEBUG main            d.u.i.k.p.i.KeYFile       Reading KeY file /home/runner/work/key/key/key.core/../key.ui/examples/InformationFlow/ToyBanking/banking_example.BankAccount(banking_example.BankAccount__depositMoney(int)).Non-interference contract.0.key 
12333      DEBUG main            d.u.i.k.p.i.KeYFile       Reading KeY file file:/home/runner/work/key/key/key.core/build/resources/main/de/uka/ilkd/key/java/JavaRedux/java/lang/String.key 
12336      DEBUG main            d.u.i.k.p.i.KeYFile       Read specifications obtained when parsing the Java files (usually JML and Strings.key) from file:/home/runner/work/key/key/key.core/build/resources/main/de/uka/ilkd/key/java/JavaRedux/java/lang/String.key 
14124      DEBUG main            d.u.i.k.p.i.KeYFile       Read specifications obtained when parsing the Java files (usually JML and Strings.key) from /home/runner/work/key/key/key.core/../key.ui/examples/InformationFlow/ToyBanking/banking_example.BankAccount(banking_example.BankAccount__depositMoney(int)).Non-interference contract.0.key 
14658      DEBUG Thread-3        d.u.i.k.j.TypeConverter   typeconverter: (prefix this;, class class de.uka.ilkd.key.java.reference.ThisReference) 
14667      DEBUG Thread-3        d.u.i.k.j.TypeConverter   typeconverter: (prefix this;, class class de.uka.ilkd.key.java.reference.ThisReference) 
14683      DEBUG Thread-3        d.u.i.k.j.TypeConverter   typeconverter: (prefix this;, class class de.uka.ilkd.key.java.reference.ThisReference) 
14697      DEBUG Thread-3        d.u.i.k.j.TypeConverter   typeconverter: (prefix this;, class class de.uka.ilkd.key.java.reference.ThisReference) 
14745      DEBUG Thread-3        d.u.i.k.j.TypeConverter   typeconverter: (prefix this;, class class de.uka.ilkd.key.java.reference.ThisReference) 
14768      DEBUG Thread-3        d.u.i.k.j.TypeConverter   typeconverter: (prefix this;, class class de.uka.ilkd.key.java.reference.ThisReference) 
14808      DEBUG Thread-3        d.u.i.k.j.TypeConverter   typeconverter: (prefix this;, class class de.uka.ilkd.key.java.reference.ThisReference) 
14822      DEBUG Thread-3        d.u.i.k.j.TypeConverter   typeconverter: (prefix this;, class class de.uka.ilkd.key.java.reference.ThisReference) 
14827      DEBUG Thread-3        d.u.i.k.j.TypeConverter   typeconverter: (prefix this;, class class de.uka.ilkd.key.java.reference.ThisReference) 
14837      DEBUG Thread-3        d.u.i.k.j.TypeConverter   typeconverter: (prefix this;, class class de.uka.ilkd.key.java.reference.ThisReference) 
14852      DEBUG Thread-3        d.u.i.k.j.TypeConverter   typeconverter: (prefix this;, class class de.uka.ilkd.key.java.reference.ThisReference) 
14856      DEBUG Thread-3        d.u.i.k.j.TypeConverter   typeconverter: (prefix this;, class class de.uka.ilkd.key.java.reference.ThisReference) 
15108      INFO  main            d.u.i.k.p.r.p.TestFile    ... finished proof: closed. 
15248      DEBUG main            d.u.i.k.s.TermLabelSettings TermLabelSettings: Failure while reading the setting "UseOriginLabels".Using the default value: true.The string read was: null 
15248      INFO  main            d.u.i.k.p.r.p.TestFile    Now processing file /home/runner/work/key/key/key.core/../key.ui/examples/InformationFlow/ToyBanking/banking_example.BankAccount(banking_example.BankAccount__getBalance()).Non-interference contract.0.key 
16266      DEBUG main            d.u.i.k.j.Recoder2KeY     converting now /home/runner/work/key/key/key.core/../key.ui/examples/InformationFlow/ToyBanking/src/banking_example/UserAccount.java 
16269      DEBUG main            d.u.i.k.j.Recoder2KeY     converting now /home/runner/work/key/key/key.core/../key.ui/examples/InformationFlow/ToyBanking/src/banking_example/Bank.java 
16270      DEBUG main            d.u.i.k.j.Recoder2KeY     converting now /home/runner/work/key/key/key.core/../key.ui/examples/InformationFlow/ToyBanking/src/banking_example/BankAccount.java 
16276      DEBUG main            d.u.i.k.s.TermLabelSettings TermLabelSettings: Failure while reading the setting "UseOriginLabels".Using the default value: true.The string read was: null 
16276      DEBUG main            d.u.i.k.p.i.KeYFile       Reading KeY file /home/runner/work/key/key/key.core/../key.ui/examples/InformationFlow/ToyBanking/banking_example.BankAccount(banking_example.BankAccount__getBalance()).Non-interference contract.0.key 
16277      DEBUG main            d.u.i.k.p.i.KeYFile       Reading KeY file file:/home/runner/work/key/key/key.core/build/resources/main/de/uka/ilkd/key/java/JavaRedux/java/lang/String.key 
16287      DEBUG main            d.u.i.k.p.i.KeYFile       Read specifications obtained when parsing the Java files (usually JML and Strings.key) from file:/home/runner/work/key/key/key.core/build/resources/main/de/uka/ilkd/key/java/JavaRedux/java/lang/String.key 
18090      DEBUG main            d.u.i.k.p.i.KeYFile       Read specifications obtained when parsing the Java files (usually JML and Strings.key) from /home/runner/work/key/key/key.core/../key.ui/examples/InformationFlow/ToyBanking/banking_example.BankAccount(banking_example.BankAccount__getBalance()).Non-interference contract.0.key 
18238      DEBUG Thread-5        d.u.i.k.j.TypeConverter   typeconverter: (prefix this;, class class de.uka.ilkd.key.java.reference.ThisReference) 
18243      DEBUG Thread-5        d.u.i.k.j.TypeConverter   typeconverter: (prefix this;, class class de.uka.ilkd.key.java.reference.ThisReference) 
18468      INFO  main            d.u.i.k.p.r.p.TestFile    ... finished proof: closed. 
18613      DEBUG main            d.u.i.k.s.TermLabelSettings TermLabelSettings: Failure while reading the setting "UseOriginLabels".Using the default value: true.The string read was: null 
18613      INFO  main            d.u.i.k.p.r.p.TestFile    Now processing file /home/runner/work/key/key/key.core/../key.ui/examples/InformationFlow/ToyBanking/banking_example.BankAccount(banking_example.BankAccount__getId()).Non-interference contract.0.key 
19519      DEBUG main            d.u.i.k.j.Recoder2KeY     converting now /home/runner/work/key/key/key.core/../key.ui/examples/InformationFlow/ToyBanking/src/banking_example/UserAccount.java 
19521      DEBUG main            d.u.i.k.j.Recoder2KeY     converting now /home/runner/work/key/key/key.core/../key.ui/examples/InformationFlow/ToyBanking/src/banking_example/Bank.java 
19522      DEBUG main            d.u.i.k.j.Recoder2KeY     converting now /home/runner/work/key/key/key.core/../key.ui/examples/InformationFlow/ToyBanking/src/banking_example/BankAccount.java 
19527      DEBUG main            d.u.i.k.s.TermLabelSettings TermLabelSettings: Failure while reading the setting "UseOriginLabels".Using the default value: true.The string read was: null 
19527      DEBUG main            d.u.i.k.p.i.KeYFile       Reading KeY file /home/runner/work/key/key/key.core/../key.ui/examples/InformationFlow/ToyBanking/banking_example.BankAccount(banking_example.BankAccount__getId()).Non-interference contract.0.key 
19528      DEBUG main            d.u.i.k.p.i.KeYFile       Reading KeY file file:/home/runner/work/key/key/key.core/build/resources/main/de/uka/ilkd/key/java/JavaRedux/java/lang/String.key 
19543      DEBUG main            d.u.i.k.p.i.KeYFile       Read specifications obtained when parsing the Java files (usually JML and Strings.key) from file:/home/runner/work/key/key/key.core/build/resources/main/de/uka/ilkd/key/java/JavaRedux/java/lang/String.key 
21299      DEBUG main            d.u.i.k.p.i.KeYFile       Read specifications obtained when parsing the Java files (usually JML and Strings.key) from /home/runner/work/key/key/key.core/../key.ui/examples/InformationFlow/ToyBanking/banking_example.BankAccount(banking_example.BankAccount__getId()).Non-interference contract.0.key 
21465      DEBUG Thread-7        d.u.i.k.j.TypeConverter   typeconverter: (prefix this;, class class de.uka.ilkd.key.java.reference.ThisReference) 
21472      DEBUG Thread-7        d.u.i.k.j.TypeConverter   typeconverter: (prefix this;, class class de.uka.ilkd.key.java.reference.ThisReference) 
21666      INFO  main            d.u.i.k.p.r.p.TestFile    ... finished proof: closed. 
21792      DEBUG main            d.u.i.k.s.TermLabelSettings TermLabelSettings: Failure while reading the setting "UseOriginLabels".Using the default value: true.The string read was: null 
21792      INFO  main            d.u.i.k.p.r.p.TestFile    Now processing file /home/runner/work/key/key/key.core/../key.ui/examples/InformationFlow/ToyBanking/banking_example.Bank(banking_example.Bank__login(int,(C)).Non-interference contract.0.key 
22721      DEBUG main            d.u.i.k.j.Recoder2KeY     converting now /home/runner/work/key/key/key.core/../key.ui/examples/InformationFlow/ToyBanking/src/banking_example/UserAccount.java 
22723      DEBUG main            d.u.i.k.j.Recoder2KeY     converting now /home/runner/work/key/key/key.core/../key.ui/examples/InformationFlow/ToyBanking/src/banking_example/Bank.java 
22724      DEBUG main            d.u.i.k.j.Recoder2KeY     converting now /home/runner/work/key/key/key.core/../key.ui/examples/InformationFlow/ToyBanking/src/banking_example/BankAccount.java 
22729      DEBUG main            d.u.i.k.s.TermLabelSettings TermLabelSettings: Failure while reading the setting "UseOriginLabels".Using the default value: true.The string read was: null 
22729      DEBUG main            d.u.i.k.p.i.KeYFile       Reading KeY file /home/runner/work/key/key/key.core/../key.ui/examples/InformationFlow/ToyBanking/banking_example.Bank(banking_example.Bank__login(int,(C)).Non-interference contract.0.key 
22730      DEBUG main            d.u.i.k.p.i.KeYFile       Reading KeY file file:/home/runner/work/key/key/key.core/build/resources/main/de/uka/ilkd/key/java/JavaRedux/java/lang/String.key 
22733      DEBUG main            d.u.i.k.p.i.KeYFile       Read specifications obtained when parsing the Java files (usually JML and Strings.key) from file:/home/runner/work/key/key/key.core/build/resources/main/de/uka/ilkd/key/java/JavaRedux/java/lang/String.key 
24492      DEBUG main            d.u.i.k.p.i.KeYFile       Read specifications obtained when parsing the Java files (usually JML and Strings.key) from /home/runner/work/key/key/key.core/../key.ui/examples/InformationFlow/ToyBanking/banking_example.Bank(banking_example.Bank__login(int,(C)).Non-interference contract.0.key 
27732      DEBUG Thread-9        d.u.i.k.j.TypeConverter   typeconverter: (prefix this;, class class de.uka.ilkd.key.java.reference.ThisReference) 
27876      DEBUG Thread-9        d.u.i.k.j.TypeConverter   typeconverter: (prefix this;, class class de.uka.ilkd.key.java.reference.ThisReference) 
28019      DEBUG Thread-9        d.u.i.k.j.TypeConverter   typeconverter: (prefix this;, class class de.uka.ilkd.key.java.reference.ThisReference) 
30201      DEBUG Thread-9        d.u.i.k.j.TypeConverter   typeconverter: (prefix this;, class class de.uka.ilkd.key.java.reference.ThisReference) 
61284      INFO  main            d.u.i.k.p.r.p.TestFile    ... finished proof: open goal(s) 
61537      DEBUG main            d.u.i.k.s.TermLabelSettings TermLabelSettings: Failure while reading the setting "UseOriginLabels".Using the default value: true.The string read was: null 
61537      INFO  main            d.u.i.k.p.r.p.TestFile    Now processing file /home/runner/work/key/key/key.core/../key.ui/examples/InformationFlow/ToyBanking/banking_example2.UserAccount(banking_example2.UserAccount__getBankAccount(int)).Non-interference contract.0.key 
62424      DEBUG main            d.u.i.k.j.Recoder2KeY     converting now /home/runner/work/key/key/key.core/../key.ui/examples/InformationFlow/ToyBanking/src/banking_example2/UserAccount.java 
62427      DEBUG main            d.u.i.k.j.Recoder2KeY     converting now /home/runner/work/key/key/key.core/../key.ui/examples/InformationFlow/ToyBanking/src/banking_example2/Bank.java 
62428      DEBUG main            d.u.i.k.j.Recoder2KeY     converting now /home/runner/work/key/key/key.core/../key.ui/examples/InformationFlow/ToyBanking/src/banking_example2/BankAccount.java 
62432      DEBUG main            d.u.i.k.s.TermLabelSettings TermLabelSettings: Failure while reading the setting "UseOriginLabels".Using the default value: true.The string read was: null 
62432      DEBUG main            d.u.i.k.p.i.KeYFile       Reading KeY file /home/runner/work/key/key/key.core/../key.ui/examples/InformationFlow/ToyBanking/banking_example2.UserAccount(banking_example2.UserAccount__getBankAccount(int)).Non-interference contract.0.key 
62434      DEBUG main            d.u.i.k.p.i.KeYFile       Reading KeY file file:/home/runner/work/key/key/key.core/build/resources/main/de/uka/ilkd/key/java/JavaRedux/java/lang/String.key 
62437      DEBUG main            d.u.i.k.p.i.KeYFile       Read specifications obtained when parsing the Java files (usually JML and Strings.key) from file:/home/runner/work/key/key/key.core/build/resources/main/de/uka/ilkd/key/java/JavaRedux/java/lang/String.key 
64134      DEBUG main            d.u.i.k.p.i.KeYFile       Read specifications obtained when parsing the Java files (usually JML and Strings.key) from /home/runner/work/key/key/key.core/../key.ui/examples/InformationFlow/ToyBanking/banking_example2.UserAccount(banking_example2.UserAccount__getBankAccount(int)).Non-interference contract.0.key 
64790      DEBUG Thread-11       d.u.i.k.j.TypeConverter   typeconverter: (prefix this;, class class de.uka.ilkd.key.java.reference.ThisReference) 
64826      DEBUG Thread-11       d.u.i.k.j.TypeConverter   typeconverter: (prefix this;, class class de.uka.ilkd.key.java.reference.ThisReference) 
64864      DEBUG Thread-11       d.u.i.k.j.TypeConverter   typeconverter: (prefix this;, class class de.uka.ilkd.key.java.reference.ThisReference) 
64973      DEBUG Thread-11       d.u.i.k.j.TypeConverter   typeconverter: (prefix this;, class class de.uka.ilkd.key.java.reference.ThisReference) 
65194      DEBUG Thread-11       d.u.i.k.j.TypeConverter   typeconverter: (prefix this;, class class de.uka.ilkd.key.java.reference.ThisReference) 
65417      DEBUG Thread-11       d.u.i.k.j.TypeConverter   typeconverter: (prefix this;, class class de.uka.ilkd.key.java.reference.ThisReference) 
65603      DEBUG Thread-11       d.u.i.k.j.TypeConverter   typeconverter: (prefix this;, class class de.uka.ilkd.key.java.reference.ThisReference) 
65634      DEBUG Thread-11       d.u.i.k.j.TypeConverter   typeconverter: (prefix this;, class class de.uka.ilkd.key.java.reference.ThisReference) 
65866      INFO  main            d.u.i.k.p.r.p.TestFile    ... finished proof: closed. 
66125      DEBUG main            d.u.i.k.s.TermLabelSettings TermLabelSettings: Failure while reading the setting "UseOriginLabels".Using the default value: true.The string read was: null 
66125      INFO  main            d.u.i.k.p.r.p.TestFile    Now processing file /home/runner/work/key/key/key.core/../key.ui/examples/InformationFlow/ToyBanking/banking_example2.BankAccount(banking_example2.BankAccount__depositMoney(int)).Non-interference contract.0.key 
67002      DEBUG main            d.u.i.k.j.Recoder2KeY     converting now /home/runner/work/key/key/key.core/../key.ui/examples/InformationFlow/ToyBanking/src/banking_example2/UserAccount.java 
67006      DEBUG main            d.u.i.k.j.Recoder2KeY     converting now /home/runner/work/key/key/key.core/../key.ui/examples/InformationFlow/ToyBanking/src/banking_example2/Bank.java 
67007      DEBUG main            d.u.i.k.j.Recoder2KeY     converting now /home/runner/work/key/key/key.core/../key.ui/examples/InformationFlow/ToyBanking/src/banking_example2/BankAccount.java 
67013      DEBUG main            d.u.i.k.s.TermLabelSettings TermLabelSettings: Failure while reading the setting "UseOriginLabels".Using the default value: true.The string read was: null 
67013      DEBUG main            d.u.i.k.p.i.KeYFile       Reading KeY file /home/runner/work/key/key/key.core/../key.ui/examples/InformationFlow/ToyBanking/banking_example2.BankAccount(banking_example2.BankAccount__depositMoney(int)).Non-interference contract.0.key 
67015      DEBUG main            d.u.i.k.p.i.KeYFile       Reading KeY file file:/home/runner/work/key/key/key.core/build/resources/main/de/uka/ilkd/key/java/JavaRedux/java/lang/String.key 
67019      DEBUG main            d.u.i.k.p.i.KeYFile       Read specifications obtained when parsing the Java files (usually JML and Strings.key) from file:/home/runner/work/key/key/key.core/build/resources/main/de/uka/ilkd/key/java/JavaRedux/java/lang/String.key 
68682      DEBUG main            d.u.i.k.p.i.KeYFile       Read specifications obtained when parsing the Java files (usually JML and Strings.key) from /home/runner/work/key/key/key.core/../key.ui/examples/InformationFlow/ToyBanking/banking_example2.BankAccount(banking_example2.BankAccount__depositMoney(int)).Non-interference contract.0.key 
69079      DEBUG Thread-13       d.u.i.k.j.TypeConverter   typeconverter: (prefix this;, class class de.uka.ilkd.key.java.reference.ThisReference) 
69086      DEBUG Thread-13       d.u.i.k.j.TypeConverter   typeconverter: (prefix this;, class class de.uka.ilkd.key.java.reference.ThisReference) 
69100      DEBUG Thread-13       d.u.i.k.j.TypeConverter   typeconverter: (prefix this;, class class de.uka.ilkd.key.java.reference.ThisReference) 
69113      DEBUG Thread-13       d.u.i.k.j.TypeConverter   typeconverter: (prefix this;, class class de.uka.ilkd.key.java.reference.ThisReference) 
69157      DEBUG Thread-13       d.u.i.k.j.TypeConverter   typeconverter: (prefix this;, class class de.uka.ilkd.key.java.reference.ThisReference) 
69176      DEBUG Thread-13       d.u.i.k.j.TypeConverter   typeconverter: (prefix this;, class class de.uka.ilkd.key.java.reference.ThisReference) 
69209      DEBUG Thread-13       d.u.i.k.j.TypeConverter   typeconverter: (prefix this;, class class de.uka.ilkd.key.java.reference.ThisReference) 
69221      DEBUG Thread-13       d.u.i.k.j.TypeConverter   typeconverter: (prefix this;, class class de.uka.ilkd.key.java.reference.ThisReference) 
69224      DEBUG Thread-13       d.u.i.k.j.TypeConverter   typeconverter: (prefix this;, class class de.uka.ilkd.key.java.reference.ThisReference) 
69233      DEBUG Thread-13       d.u.i.k.j.TypeConverter   typeconverter: (prefix this;, class class de.uka.ilkd.key.java.reference.ThisReference) 
69245      DEBUG Thread-13       d.u.i.k.j.TypeConverter   typeconverter: (prefix this;, class class de.uka.ilkd.key.java.reference.ThisReference) 
69248      DEBUG Thread-13       d.u.i.k.j.TypeConverter   typeconverter: (prefix this;, class class de.uka.ilkd.key.java.reference.ThisReference) 
69561      INFO  main            d.u.i.k.p.r.p.TestFile    ... finished proof: closed. 
69704      DEBUG main            d.u.i.k.s.TermLabelSettings TermLabelSettings: Failure while reading the setting "UseOriginLabels".Using the default value: true.The string read was: null 
69704      INFO  main            d.u.i.k.p.r.p.TestFile    Now processing file /home/runner/work/key/key/key.core/../key.ui/examples/InformationFlow/ToyBanking/banking_example2.BankAccount(banking_example2.BankAccount__getBalance()).Non-interference contract.0.key 
70575      DEBUG main            d.u.i.k.j.Recoder2KeY     converting now /home/runner/work/key/key/key.core/../key.ui/examples/InformationFlow/ToyBanking/src/banking_example2/UserAccount.java 
70577      DEBUG main            d.u.i.k.j.Recoder2KeY     converting now /home/runner/work/key/key/key.core/../key.ui/examples/InformationFlow/ToyBanking/src/banking_example2/Bank.java 
70578      DEBUG main            d.u.i.k.j.Recoder2KeY     converting now /home/runner/work/key/key/key.core/../key.ui/examples/InformationFlow/ToyBanking/src/banking_example2/BankAccount.java 
70582      DEBUG main            d.u.i.k.s.TermLabelSettings TermLabelSettings: Failure while reading the setting "UseOriginLabels".Using the default value: true.The string read was: null 
70582      DEBUG main            d.u.i.k.p.i.KeYFile       Reading KeY file /home/runner/work/key/key/key.core/../key.ui/examples/InformationFlow/ToyBanking/banking_example2.BankAccount(banking_example2.BankAccount__getBalance()).Non-interference contract.0.key 
70583      DEBUG main            d.u.i.k.p.i.KeYFile       Reading KeY file file:/home/runner/work/key/key/key.core/build/resources/main/de/uka/ilkd/key/java/JavaRedux/java/lang/String.key 
70586      DEBUG main            d.u.i.k.p.i.KeYFile       Read specifications obtained when parsing the Java files (usually JML and Strings.key) from file:/home/runner/work/key/key/key.core/build/resources/main/de/uka/ilkd/key/java/JavaRedux/java/lang/String.key 
72218      DEBUG main            d.u.i.k.p.i.KeYFile       Read specifications obtained when parsing the Java files (usually JML and Strings.key) from /home/runner/work/key/key/key.core/../key.ui/examples/InformationFlow/ToyBanking/banking_example2.BankAccount(banking_example2.BankAccount__getBalance()).Non-interference contract.0.key 
72329      DEBUG Thread-15       d.u.i.k.j.TypeConverter   typeconverter: (prefix this;, class class de.uka.ilkd.key.java.reference.ThisReference) 
72333      DEBUG Thread-15       d.u.i.k.j.TypeConverter   typeconverter: (prefix this;, class class de.uka.ilkd.key.java.reference.ThisReference) 
72473      INFO  main            d.u.i.k.p.r.p.TestFile    ... finished proof: closed. 
72619      DEBUG main            d.u.i.k.s.TermLabelSettings TermLabelSettings: Failure while reading the setting "UseOriginLabels".Using the default value: true.The string read was: null 
72619      INFO  main            d.u.i.k.p.r.p.TestFile    Now processing file /home/runner/work/key/key/key.core/../key.ui/examples/InformationFlow/ToyBanking/banking_example2.BankAccount(banking_example2.BankAccount__getId()).Non-interference contract.0.key 
73480      DEBUG main            d.u.i.k.j.Recoder2KeY     converting now /home/runner/work/key/key/key.core/../key.ui/examples/InformationFlow/ToyBanking/src/banking_example2/UserAccount.java 
73482      DEBUG main            d.u.i.k.j.Recoder2KeY     converting now /home/runner/work/key/key/key.core/../key.ui/examples/InformationFlow/ToyBanking/src/banking_example2/Bank.java 
73482      DEBUG main            d.u.i.k.j.Recoder2KeY     converting now /home/runner/work/key/key/key.core/../key.ui/examples/InformationFlow/ToyBanking/src/banking_example2/BankAccount.java 
73486      DEBUG main            d.u.i.k.s.TermLabelSettings TermLabelSettings: Failure while reading the setting "UseOriginLabels".Using the default value: true.The string read was: null 
73487      DEBUG main            d.u.i.k.p.i.KeYFile       Reading KeY file /home/runner/work/key/key/key.core/../key.ui/examples/InformationFlow/ToyBanking/banking_example2.BankAccount(banking_example2.BankAccount__getId()).Non-interference contract.0.key 
73487      DEBUG main            d.u.i.k.p.i.KeYFile       Reading KeY file file:/home/runner/work/key/key/key.core/build/resources/main/de/uka/ilkd/key/java/JavaRedux/java/lang/String.key 
73490      DEBUG main            d.u.i.k.p.i.KeYFile       Read specifications obtained when parsing the Java files (usually JML and Strings.key) from file:/home/runner/work/key/key/key.core/build/resources/main/de/uka/ilkd/key/java/JavaRedux/java/lang/String.key 
75140      DEBUG main            d.u.i.k.p.i.KeYFile       Read specifications obtained when parsing the Java files (usually JML and Strings.key) from /home/runner/work/key/key/key.core/../key.ui/examples/InformationFlow/ToyBanking/banking_example2.BankAccount(banking_example2.BankAccount__getId()).Non-interference contract.0.key 
75261      DEBUG Thread-17       d.u.i.k.j.TypeConverter   typeconverter: (prefix this;, class class de.uka.ilkd.key.java.reference.ThisReference) 
75265      DEBUG Thread-17       d.u.i.k.j.TypeConverter   typeconverter: (prefix this;, class class de.uka.ilkd.key.java.reference.ThisReference) 
75401      INFO  main            d.u.i.k.p.r.p.TestFile    ... finished proof: closed. 
808516     INFO  Test worker     d.u.i.k.p.r.RunAllProofsTestUnit Returning from test ToyBanking_nomacro 
808517     INFO  Test worker     d.u.i.k.p.r.RunAllProofsTestUnit Running test BlockContracts_nomacro 
326        INFO  Timeout watchdog d.u.i.k.p.r.p.ForkedTestFileRunner Timeout watcher launched (1000 secs.) 
332        WARN  main            d.u.i.k.s.ProofSettings   The settings in /home/runner/.key/proof-settings.props are *not* read. 
354        DEBUG main            d.u.i.k.s.TermLabelSettings TermLabelSettings: Failure while reading the setting "UseOriginLabels".Using the default value: true.The string read was: null 
355        INFO  main            d.u.i.k.p.r.p.TestFile    Now processing file /home/runner/work/key/key/key.core/../key.ui/examples/InformationFlow/BlockContracts/contract.IFBlockExamples(contract.IFBlockExamples__secure_5()).Non-interference contract.0.key 
972        DEBUG main            d.u.i.k.p.i.KeYFile       Reading KeY file file:/home/runner/work/key/key/key.core/build/resources/main/de/uka/ilkd/key/proof/rules/ldt.key 
972        DEBUG main            d.u.i.k.p.i.KeYFile       Read specifications obtained when parsing the Java files (usually JML and Strings.key) from file:/home/runner/work/key/key/key.core/build/resources/main/de/uka/ilkd/key/proof/rules/ldt.key 
983        DEBUG main            d.u.i.k.p.i.KeYFile       Reading KeY file file:/home/runner/work/key/key/key.core/build/resources/main/de/uka/ilkd/key/proof/rules/propRule.key 
984        DEBUG main            d.u.i.k.p.i.KeYFile       Read specifications obtained when parsing the Java files (usually JML and Strings.key) from file:/home/runner/work/key/key/key.core/build/resources/main/de/uka/ilkd/key/proof/rules/propRule.key 
1028       DEBUG main            d.u.i.k.p.i.KeYFile       Reading KeY file file:/home/runner/work/key/key/key.core/build/resources/main/de/uka/ilkd/key/proof/rules/firstOrderRules.key 
1038       DEBUG main            d.u.i.k.p.i.KeYFile       Read specifications obtained when parsing the Java files (usually JML and Strings.key) from file:/home/runner/work/key/key/key.core/build/resources/main/de/uka/ilkd/key/proof/rules/firstOrderRules.key 
1062       DEBUG main            d.u.i.k.p.i.KeYFile       Reading KeY file file:/home/runner/work/key/key/key.core/build/resources/main/de/uka/ilkd/key/proof/rules/ifThenElseRules.key 
1062       DEBUG main            d.u.i.k.p.i.KeYFile       Read specifications obtained when parsing the Java files (usually JML and Strings.key) from file:/home/runner/work/key/key/key.core/build/resources/main/de/uka/ilkd/key/proof/rules/ifThenElseRules.key 
1139       DEBUG main            d.u.i.k.p.i.KeYFile       Reading KeY file file:/home/runner/work/key/key/key.core/build/resources/main/de/uka/ilkd/key/proof/rules/formulaNormalisationRules.key 
1139       DEBUG main            d.u.i.k.p.i.KeYFile       Read specifications obtained when parsing the Java files (usually JML and Strings.key) from file:/home/runner/work/key/key/key.core/build/resources/main/de/uka/ilkd/key/proof/rules/formulaNormalisationRules.key 
1237       DEBUG main            d.u.i.k.p.i.KeYFile       Reading KeY file file:/home/runner/work/key/key/key.core/build/resources/main/de/uka/ilkd/key/proof/rules/updateRules.key 
1237       DEBUG main            d.u.i.k.p.i.KeYFile       Read specifications obtained when parsing the Java files (usually JML and Strings.key) from file:/home/runner/work/key/key/key.core/build/resources/main/de/uka/ilkd/key/proof/rules/updateRules.key 
1261       DEBUG main            d.u.i.k.p.i.KeYFile       Reading KeY file file:/home/runner/work/key/key/key.core/build/resources/main/de/uka/ilkd/key/proof/rules/integerRulesCommon.key 
1262       DEBUG main            d.u.i.k.p.i.KeYFile       Read specifications obtained when parsing the Java files (usually JML and Strings.key) from file:/home/runner/work/key/key/key.core/build/resources/main/de/uka/ilkd/key/proof/rules/integerRulesCommon.key 
1377       DEBUG main            d.u.i.k.p.i.KeYFile       Reading KeY file file:/home/runner/work/key/key/key.core/build/resources/main/de/uka/ilkd/key/proof/rules/intRules.key 
1378       DEBUG main            d.u.i.k.p.i.KeYFile       Read specifications obtained when parsing the Java files (usually JML and Strings.key) from file:/home/runner/work/key/key/key.core/build/resources/main/de/uka/ilkd/key/proof/rules/intRules.key 
1406       DEBUG main            d.u.i.k.p.i.KeYFile       Reading KeY file file:/home/runner/work/key/key/key.core/build/resources/main/de/uka/ilkd/key/proof/rules/intRulesUncheckedSemantics.key 
1406       DEBUG main            d.u.i.k.p.i.KeYFile       Read specifications obtained when parsing the Java files (usually JML and Strings.key) from file:/home/runner/work/key/key/key.core/build/resources/main/de/uka/ilkd/key/proof/rules/intRulesUncheckedSemantics.key 
1420       DEBUG main            d.u.i.k.p.i.KeYFile       Reading KeY file file:/home/runner/work/key/key/key.core/build/resources/main/de/uka/ilkd/key/proof/rules/intRulesCheckedSemantics.key 
1421       DEBUG main            d.u.i.k.p.i.KeYFile       Read specifications obtained when parsing the Java files (usually JML and Strings.key) from file:/home/runner/work/key/key/key.core/build/resources/main/de/uka/ilkd/key/proof/rules/intRulesCheckedSemantics.key 
1432       DEBUG main            d.u.i.k.p.i.KeYFile       Reading KeY file file:/home/runner/work/key/key/key.core/build/resources/main/de/uka/ilkd/key/proof/rules/intRulesJavaSemantics.key 
1432       DEBUG main            d.u.i.k.p.i.KeYFile       Read specifications obtained when parsing the Java files (usually JML and Strings.key) from file:/home/runner/work/key/key/key.core/build/resources/main/de/uka/ilkd/key/proof/rules/intRulesJavaSemantics.key 
1549       DEBUG main            d.u.i.k.p.i.KeYFile       Reading KeY file file:/home/runner/work/key/key/key.core/build/resources/main/de/uka/ilkd/key/proof/rules/integerSimplificationRules.key 
1551       DEBUG main            d.u.i.k.p.i.KeYFile       Read specifications obtained when parsing the Java files (usually JML and Strings.key) from file:/home/runner/work/key/key/key.core/build/resources/main/de/uka/ilkd/key/proof/rules/integerSimplificationRules.key 
1639       DEBUG main            d.u.i.k.j.TypeConverter   No LDT found for Meta 
1640       DEBUG main            d.u.i.k.j.TypeConverter   No LDT found for Meta 
1643       DEBUG main            d.u.i.k.j.TypeConverter   No LDT found for Meta 
1643       DEBUG main            d.u.i.k.j.TypeConverter   No LDT found for Meta 
1706       DEBUG main            d.u.i.k.p.i.KeYFile       Reading KeY file file:/home/runner/work/key/key/key.core/build/resources/main/de/uka/ilkd/key/proof/rules/intDiv.key 
1706       DEBUG main            d.u.i.k.p.i.KeYFile       Read specifications obtained when parsing the Java files (usually JML and Strings.key) from file:/home/runner/work/key/key/key.core/build/resources/main/de/uka/ilkd/key/proof/rules/intDiv.key 
1777       DEBUG main            d.u.i.k.p.i.KeYFile       Reading KeY file file:/home/runner/work/key/key/key.core/build/resources/main/de/uka/ilkd/key/proof/rules/bsum.key 
1777       DEBUG main            d.u.i.k.p.i.KeYFile       Read specifications obtained when parsing the Java files (usually JML and Strings.key) from file:/home/runner/work/key/key/key.core/build/resources/main/de/uka/ilkd/key/proof/rules/bsum.key 
1818       DEBUG main            d.u.i.k.p.i.KeYFile       Reading KeY file file:/home/runner/work/key/key/key.core/build/resources/main/de/uka/ilkd/key/proof/rules/bprod.key 
1819       DEBUG main            d.u.i.k.p.i.KeYFile       Read specifications obtained when parsing the Java files (usually JML and Strings.key) from file:/home/runner/work/key/key/key.core/build/resources/main/de/uka/ilkd/key/proof/rules/bprod.key 
1848       DEBUG main            d.u.i.k.p.i.KeYFile       Reading KeY file file:/home/runner/work/key/key/key.core/build/resources/main/de/uka/ilkd/key/proof/rules/binaryAxioms.key 
1848       DEBUG main            d.u.i.k.p.i.KeYFile       Read specifications obtained when parsing the Java files (usually JML and Strings.key) from file:/home/runner/work/key/key/key.core/build/resources/main/de/uka/ilkd/key/proof/rules/binaryAxioms.key 
1852       DEBUG main            d.u.i.k.p.i.KeYFile       Reading KeY file file:/home/runner/work/key/key/key.core/build/resources/main/de/uka/ilkd/key/proof/rules/binaryLemmas.key 
1852       DEBUG main            d.u.i.k.p.i.KeYFile       Read specifications obtained when parsing the Java files (usually JML and Strings.key) from file:/home/runner/work/key/key/key.core/build/resources/main/de/uka/ilkd/key/proof/rules/binaryLemmas.key 
1865       DEBUG main            d.u.i.k.p.i.KeYFile       Reading KeY file file:/home/runner/work/key/key/key.core/build/resources/main/de/uka/ilkd/key/proof/rules/intPow.key 
1866       DEBUG main            d.u.i.k.p.i.KeYFile       Read specifications obtained when parsing the Java files (usually JML and Strings.key) from file:/home/runner/work/key/key/key.core/build/resources/main/de/uka/ilkd/key/proof/rules/intPow.key 
1883       DEBUG main            d.u.i.k.p.i.KeYFile       Reading KeY file file:/home/runner/work/key/key/key.core/build/resources/main/de/uka/ilkd/key/proof/rules/floatRulesCommon.key 
1883       DEBUG main            d.u.i.k.p.i.KeYFile       Read specifications obtained when parsing the Java files (usually JML and Strings.key) from file:/home/runner/work/key/key/key.core/build/resources/main/de/uka/ilkd/key/proof/rules/floatRulesCommon.key 
1895       DEBUG main            d.u.i.k.p.i.KeYFile       Reading KeY file file:/home/runner/work/key/key/key.core/build/resources/main/de/uka/ilkd/key/proof/rules/floatRules.key 
1895       DEBUG main            d.u.i.k.p.i.KeYFile       Read specifications obtained when parsing the Java files (usually JML and Strings.key) from file:/home/runner/work/key/key/key.core/build/resources/main/de/uka/ilkd/key/proof/rules/floatRules.key 
1898       DEBUG main            d.u.i.k.p.i.KeYFile       Reading KeY file file:/home/runner/work/key/key/key.core/build/resources/main/de/uka/ilkd/key/proof/rules/floatRulesVerifyNormal.key 
1898       DEBUG main            d.u.i.k.p.i.KeYFile       Read specifications obtained when parsing the Java files (usually JML and Strings.key) from file:/home/runner/work/key/key/key.core/build/resources/main/de/uka/ilkd/key/proof/rules/floatRulesVerifyNormal.key 
1902       DEBUG main            d.u.i.k.p.i.KeYFile       Reading KeY file file:/home/runner/work/key/key/key.core/build/resources/main/de/uka/ilkd/key/proof/rules/floatRulesAssumeStrictfp.key 
1902       DEBUG main            d.u.i.k.p.i.KeYFile       Read specifications obtained when parsing the Java files (usually JML and Strings.key) from file:/home/runner/work/key/key/key.core/build/resources/main/de/uka/ilkd/key/proof/rules/floatRulesAssumeStrictfp.key 
1938       DEBUG main            d.u.i.k.p.i.KeYFile       Reading KeY file file:/home/runner/work/key/key/key.core/build/resources/main/de/uka/ilkd/key/proof/rules/genericRules.key 
1938       DEBUG main            d.u.i.k.p.i.KeYFile       Read specifications obtained when parsing the Java files (usually JML and Strings.key) from file:/home/runner/work/key/key/key.core/build/resources/main/de/uka/ilkd/key/proof/rules/genericRules.key 
1948       DEBUG main            d.u.i.k.p.i.KeYFile       Reading KeY file file:/home/runner/work/key/key/key.core/build/resources/main/de/uka/ilkd/key/proof/rules/booleanRules.key 
1948       DEBUG main            d.u.i.k.p.i.KeYFile       Read specifications obtained when parsing the Java files (usually JML and Strings.key) from file:/home/runner/work/key/key/key.core/build/resources/main/de/uka/ilkd/key/proof/rules/booleanRules.key 
1951       DEBUG main            d.u.i.k.p.i.KeYFile       Reading KeY file file:/home/runner/work/key/key/key.core/build/resources/main/de/uka/ilkd/key/proof/rules/epsilon.key 
1951       DEBUG main            d.u.i.k.p.i.KeYFile       Read specifications obtained when parsing the Java files (usually JML and Strings.key) from file:/home/runner/work/key/key/key.core/build/resources/main/de/uka/ilkd/key/proof/rules/epsilon.key 
1971       DEBUG main            d.u.i.k.p.i.KeYFile       Reading KeY file file:/home/runner/work/key/key/key.core/build/resources/main/de/uka/ilkd/key/proof/rules/locSetsRules.key 
1972       DEBUG main            d.u.i.k.p.i.KeYFile       Read specifications obtained when parsing the Java files (usually JML and Strings.key) from file:/home/runner/work/key/key/key.core/build/resources/main/de/uka/ilkd/key/proof/rules/locSetsRules.key 
2044       DEBUG main            d.u.i.k.p.i.KeYFile       Reading KeY file file:/home/runner/work/key/key/key.core/build/resources/main/de/uka/ilkd/key/proof/rules/heapRules.key 
2044       DEBUG main            d.u.i.k.p.i.KeYFile       Read specifications obtained when parsing the Java files (usually JML and Strings.key) from file:/home/runner/work/key/key/key.core/build/resources/main/de/uka/ilkd/key/proof/rules/heapRules.key 
2075       DEBUG main            d.u.i.k.p.i.KeYFile       Reading KeY file file:/home/runner/work/key/key/key.core/build/resources/main/de/uka/ilkd/key/proof/rules/permissionRules.key 
2075       DEBUG main            d.u.i.k.p.i.KeYFile       Read specifications obtained when parsing the Java files (usually JML and Strings.key) from file:/home/runner/work/key/key/key.core/build/resources/main/de/uka/ilkd/key/proof/rules/permissionRules.key 
2097       DEBUG main            d.u.i.k.p.i.KeYFile       Reading KeY file file:/home/runner/work/key/key/key.core/build/resources/main/de/uka/ilkd/key/proof/rules/reachRules.key 
2097       DEBUG main            d.u.i.k.p.i.KeYFile       Read specifications obtained when parsing the Java files (usually JML and Strings.key) from file:/home/runner/work/key/key/key.core/build/resources/main/de/uka/ilkd/key/proof/rules/reachRules.key 
2108       DEBUG main            d.u.i.k.p.i.KeYFile       Reading KeY file file:/home/runner/work/key/key/key.core/build/resources/main/de/uka/ilkd/key/proof/rules/seqCoreRules.key 
2109       DEBUG main            d.u.i.k.p.i.KeYFile       Read specifications obtained when parsing the Java files (usually JML and Strings.key) from file:/home/runner/work/key/key/key.core/build/resources/main/de/uka/ilkd/key/proof/rules/seqCoreRules.key 
2127       DEBUG main            d.u.i.k.p.i.KeYFile       Reading KeY file file:/home/runner/work/key/key/key.core/build/resources/main/de/uka/ilkd/key/proof/rules/seqRules.key 
2127       DEBUG main            d.u.i.k.p.i.KeYFile       Read specifications obtained when parsing the Java files (usually JML and Strings.key) from file:/home/runner/work/key/key/key.core/build/resources/main/de/uka/ilkd/key/proof/rules/seqRules.key 
2183       DEBUG main            d.u.i.k.p.i.KeYFile       Reading KeY file file:/home/runner/work/key/key/key.core/build/resources/main/de/uka/ilkd/key/proof/rules/seqPerm.key 
2184       DEBUG main            d.u.i.k.p.i.KeYFile       Read specifications obtained when parsing the Java files (usually JML and Strings.key) from file:/home/runner/work/key/key/key.core/build/resources/main/de/uka/ilkd/key/proof/rules/seqPerm.key 
2200       DEBUG main            d.u.i.k.p.i.KeYFile       Reading KeY file file:/home/runner/work/key/key/key.core/build/resources/main/de/uka/ilkd/key/proof/rules/seqPerm2.key 
2200       DEBUG main            d.u.i.k.p.i.KeYFile       Read specifications obtained when parsing the Java files (usually JML and Strings.key) from file:/home/runner/work/key/key/key.core/build/resources/main/de/uka/ilkd/key/proof/rules/seqPerm2.key 
2295       DEBUG main            d.u.i.k.p.i.KeYFile       Reading KeY file file:/home/runner/work/key/key/key.core/build/resources/main/de/uka/ilkd/key/proof/rules/assertions.key 
2295       DEBUG main            d.u.i.k.p.i.KeYFile       Read specifications obtained when parsing the Java files (usually JML and Strings.key) from file:/home/runner/work/key/key/key.core/build/resources/main/de/uka/ilkd/key/proof/rules/assertions.key 
2341       DEBUG main            d.u.i.k.p.i.KeYFile       Reading KeY file file:/home/runner/work/key/key/key.core/build/resources/main/de/uka/ilkd/key/proof/rules/javaRules.key 
2342       DEBUG main            d.u.i.k.p.i.KeYFile       Read specifications obtained when parsing the Java files (usually JML and Strings.key) from file:/home/runner/work/key/key/key.core/build/resources/main/de/uka/ilkd/key/proof/rules/javaRules.key 
2738       DEBUG main            d.u.i.k.p.i.KeYFile       Reading KeY file file:/home/runner/work/key/key/key.core/build/resources/main/de/uka/ilkd/key/proof/rules/loopRules.key 
2738       DEBUG main            d.u.i.k.p.i.KeYFile       Read specifications obtained when parsing the Java files (usually JML and Strings.key) from file:/home/runner/work/key/key/key.core/build/resources/main/de/uka/ilkd/key/proof/rules/loopRules.key 
2750       DEBUG main            d.u.i.k.p.i.KeYFile       Reading KeY file file:/home/runner/work/key/key/key.core/build/resources/main/de/uka/ilkd/key/proof/rules/activeUse.key 
2750       DEBUG main            d.u.i.k.p.i.KeYFile       Read specifications obtained when parsing the Java files (usually JML and Strings.key) from file:/home/runner/work/key/key/key.core/build/resources/main/de/uka/ilkd/key/proof/rules/activeUse.key 
2781       DEBUG main            d.u.i.k.p.i.KeYFile       Reading KeY file file:/home/runner/work/key/key/key.core/build/resources/main/de/uka/ilkd/key/proof/rules/instanceAllocation.key 
2782       DEBUG main            d.u.i.k.p.i.KeYFile       Read specifications obtained when parsing the Java files (usually JML and Strings.key) from file:/home/runner/work/key/key/key.core/build/resources/main/de/uka/ilkd/key/proof/rules/instanceAllocation.key 
2791       DEBUG main            d.u.i.k.p.i.KeYFile       Reading KeY file file:/home/runner/work/key/key/key.core/build/resources/main/de/uka/ilkd/key/proof/rules/java5.key 
2791       DEBUG main            d.u.i.k.p.i.KeYFile       Read specifications obtained when parsing the Java files (usually JML and Strings.key) from file:/home/runner/work/key/key/key.core/build/resources/main/de/uka/ilkd/key/proof/rules/java5.key 
2798       DEBUG main            d.u.i.k.p.i.KeYFile       Reading KeY file file:/home/runner/work/key/key/key.core/build/resources/main/de/uka/ilkd/key/proof/rules/integerAssignment2UpdateRules.key 
2798       DEBUG main            d.u.i.k.p.i.KeYFile       Read specifications obtained when parsing the Java files (usually JML and Strings.key) from file:/home/runner/work/key/key/key.core/build/resources/main/de/uka/ilkd/key/proof/rules/integerAssignment2UpdateRules.key 
2841       DEBUG main            d.u.i.k.p.i.KeYFile       Reading KeY file file:/home/runner/work/key/key/key.core/build/resources/main/de/uka/ilkd/key/proof/rules/floatAssignment2UpdateRules.key 
2841       DEBUG main            d.u.i.k.p.i.KeYFile       Read specifications obtained when parsing the Java files (usually JML and Strings.key) from file:/home/runner/work/key/key/key.core/build/resources/main/de/uka/ilkd/key/proof/rules/floatAssignment2UpdateRules.key 
2857       DEBUG main            d.u.i.k.p.i.KeYFile       Reading KeY file file:/home/runner/work/key/key/key.core/build/resources/main/de/uka/ilkd/key/proof/rules/bigint.key 
2857       DEBUG main            d.u.i.k.p.i.KeYFile       Read specifications obtained when parsing the Java files (usually JML and Strings.key) from file:/home/runner/work/key/key/key.core/build/resources/main/de/uka/ilkd/key/proof/rules/bigint.key 
2864       DEBUG main            d.u.i.k.j.TypeConverter   No LDT found for JavaBigintExpression 
2869       DEBUG main            d.u.i.k.p.i.KeYFile       Reading KeY file file:/home/runner/work/key/key/key.core/build/resources/main/de/uka/ilkd/key/proof/rules/adtProgramDecompositionRules.key 
2870       DEBUG main            d.u.i.k.p.i.KeYFile       Read specifications obtained when parsing the Java files (usually JML and Strings.key) from file:/home/runner/work/key/key/key.core/build/resources/main/de/uka/ilkd/key/proof/rules/adtProgramDecompositionRules.key 
2881       DEBUG main            d.u.i.k.p.i.KeYFile       Reading KeY file file:/home/runner/work/key/key/key.core/build/resources/main/de/uka/ilkd/key/proof/rules/precRules.key 
2882       DEBUG main            d.u.i.k.p.i.KeYFile       Read specifications obtained when parsing the Java files (usually JML and Strings.key) from file:/home/runner/work/key/key/key.core/build/resources/main/de/uka/ilkd/key/proof/rules/precRules.key 
2890       DEBUG main            d.u.i.k.p.i.KeYFile       Reading KeY file file:/home/runner/work/key/key/key.core/build/resources/main/de/uka/ilkd/key/proof/rules/charListRules.key 
2890       DEBUG main            d.u.i.k.p.i.KeYFile       Read specifications obtained when parsing the Java files (usually JML and Strings.key) from file:/home/runner/work/key/key/key.core/build/resources/main/de/uka/ilkd/key/proof/rules/charListRules.key 
2898       DEBUG main            d.u.i.k.p.i.KeYFile       Reading KeY file file:/home/runner/work/key/key/key.core/build/resources/main/de/uka/ilkd/key/proof/rules/regExHeader.key 
2898       DEBUG main            d.u.i.k.p.i.KeYFile       Read specifications obtained when parsing the Java files (usually JML and Strings.key) from file:/home/runner/work/key/key/key.core/build/resources/main/de/uka/ilkd/key/proof/rules/regExHeader.key 
2900       DEBUG main            d.u.i.k.p.i.KeYFile       Reading KeY file file:/home/runner/work/key/key/key.core/build/resources/main/de/uka/ilkd/key/proof/rules/regExAxioms.key 
2901       DEBUG main            d.u.i.k.p.i.KeYFile       Read specifications obtained when parsing the Java files (usually JML and Strings.key) from file:/home/runner/work/key/key/key.core/build/resources/main/de/uka/ilkd/key/proof/rules/regExAxioms.key 
2905       DEBUG main            d.u.i.k.p.i.KeYFile       Reading KeY file file:/home/runner/work/key/key/key.core/build/resources/main/de/uka/ilkd/key/proof/rules/regExLemmaProven.key 
2905       DEBUG main            d.u.i.k.p.i.KeYFile       Read specifications obtained when parsing the Java files (usually JML and Strings.key) from file:/home/runner/work/key/key/key.core/build/resources/main/de/uka/ilkd/key/proof/rules/regExLemmaProven.key 
2908       DEBUG main            d.u.i.k.p.i.KeYFile       Reading KeY file file:/home/runner/work/key/key/key.core/build/resources/main/de/uka/ilkd/key/proof/rules/regExTheory.key 
2908       DEBUG main            d.u.i.k.p.i.KeYFile       Read specifications obtained when parsing the Java files (usually JML and Strings.key) from file:/home/runner/work/key/key/key.core/build/resources/main/de/uka/ilkd/key/proof/rules/regExTheory.key 
2912       DEBUG main            d.u.i.k.p.i.KeYFile       Reading KeY file file:/home/runner/work/key/key/key.core/build/resources/main/de/uka/ilkd/key/proof/rules/seqEq.key 
2912       DEBUG main            d.u.i.k.p.i.KeYFile       Read specifications obtained when parsing the Java files (usually JML and Strings.key) from file:/home/runner/work/key/key/key.core/build/resources/main/de/uka/ilkd/key/proof/rules/seqEq.key 
2918       DEBUG main            d.u.i.k.p.i.KeYFile       Reading KeY file file:/home/runner/work/key/key/key.core/build/resources/main/de/uka/ilkd/key/proof/rules/infFlow.key 
2919       DEBUG main            d.u.i.k.p.i.KeYFile       Read specifications obtained when parsing the Java files (usually JML and Strings.key) from file:/home/runner/work/key/key/key.core/build/resources/main/de/uka/ilkd/key/proof/rules/infFlow.key 
2922       DEBUG main            d.u.i.k.p.i.KeYFile       Reading KeY file file:/home/runner/work/key/key/key.core/build/resources/main/de/uka/ilkd/key/proof/rules/mapSize.key 
2922       DEBUG main            d.u.i.k.p.i.KeYFile       Read specifications obtained when parsing the Java files (usually JML and Strings.key) from file:/home/runner/work/key/key/key.core/build/resources/main/de/uka/ilkd/key/proof/rules/mapSize.key 
2926       DEBUG main            d.u.i.k.p.i.KeYFile       Reading KeY file file:/home/runner/work/key/key/key.core/build/resources/main/de/uka/ilkd/key/proof/rules/wdHeader.key 
2926       DEBUG main            d.u.i.k.p.i.KeYFile       Read specifications obtained when parsing the Java files (usually JML and Strings.key) from file:/home/runner/work/key/key/key.core/build/resources/main/de/uka/ilkd/key/proof/rules/wdHeader.key 
2927       DEBUG main            d.u.i.k.p.i.KeYFile       Reading KeY file file:/home/runner/work/key/key/key.core/build/resources/main/de/uka/ilkd/key/proof/rules/wdGeneralRules.key 
2927       DEBUG main            d.u.i.k.p.i.KeYFile       Read specifications obtained when parsing the Java files (usually JML and Strings.key) from file:/home/runner/work/key/key/key.core/build/resources/main/de/uka/ilkd/key/proof/rules/wdGeneralRules.key 
2938       DEBUG main            d.u.i.k.p.i.KeYFile       Reading KeY file file:/home/runner/work/key/key/key.core/build/resources/main/de/uka/ilkd/key/proof/rules/wdNumericalRules.key 
2938       DEBUG main            d.u.i.k.p.i.KeYFile       Read specifications obtained when parsing the Java files (usually JML and Strings.key) from file:/home/runner/work/key/key/key.core/build/resources/main/de/uka/ilkd/key/proof/rules/wdNumericalRules.key 
2953       DEBUG main            d.u.i.k.p.i.KeYFile       Reading KeY file file:/home/runner/work/key/key/key.core/build/resources/main/de/uka/ilkd/key/proof/rules/wdLocSetRules.key 
2953       DEBUG main            d.u.i.k.p.i.KeYFile       Read specifications obtained when parsing the Java files (usually JML and Strings.key) from file:/home/runner/work/key/key/key.core/build/resources/main/de/uka/ilkd/key/proof/rules/wdLocSetRules.key 
2957       DEBUG main            d.u.i.k.p.i.KeYFile       Reading KeY file file:/home/runner/work/key/key/key.core/build/resources/main/de/uka/ilkd/key/proof/rules/wdHeapRules.key 
2957       DEBUG main            d.u.i.k.p.i.KeYFile       Read specifications obtained when parsing the Java files (usually JML and Strings.key) from file:/home/runner/work/key/key/key.core/build/resources/main/de/uka/ilkd/key/proof/rules/wdHeapRules.key 
2960       DEBUG main            d.u.i.k.p.i.KeYFile       Reading KeY file file:/home/runner/work/key/key/key.core/build/resources/main/de/uka/ilkd/key/proof/rules/wdReachRules.key 
2960       DEBUG main            d.u.i.k.p.i.KeYFile       Read specifications obtained when parsing the Java files (usually JML and Strings.key) from file:/home/runner/work/key/key/key.core/build/resources/main/de/uka/ilkd/key/proof/rules/wdReachRules.key 
2962       DEBUG main            d.u.i.k.p.i.KeYFile       Reading KeY file file:/home/runner/work/key/key/key.core/build/resources/main/de/uka/ilkd/key/proof/rules/wdSeqRules.key 
2962       DEBUG main            d.u.i.k.p.i.KeYFile       Read specifications obtained when parsing the Java files (usually JML and Strings.key) from file:/home/runner/work/key/key/key.core/build/resources/main/de/uka/ilkd/key/proof/rules/wdSeqRules.key 
2965       DEBUG main            d.u.i.k.p.i.KeYFile       Reading KeY file file:/home/runner/work/key/key/key.core/build/resources/main/de/uka/ilkd/key/proof/rules/wdStringRules.key 
2965       DEBUG main            d.u.i.k.p.i.KeYFile       Read specifications obtained when parsing the Java files (usually JML and Strings.key) from file:/home/runner/work/key/key/key.core/build/resources/main/de/uka/ilkd/key/proof/rules/wdStringRules.key 
2967       DEBUG main            d.u.i.k.p.i.KeYFile       Reading KeY file file:/home/runner/work/key/key/key.core/build/resources/main/de/uka/ilkd/key/proof/rules/wdRegExRules.key 
2967       DEBUG main            d.u.i.k.p.i.KeYFile       Read specifications obtained when parsing the Java files (usually JML and Strings.key) from file:/home/runner/work/key/key/key.core/build/resources/main/de/uka/ilkd/key/proof/rules/wdRegExRules.key 
2994       DEBUG main            d.u.i.k.p.i.KeYFile       Reading KeY file file:/home/runner/work/key/key/key.core/build/resources/main/de/uka/ilkd/key/proof/rules/wdFormulaRules.key 
2994       DEBUG main            d.u.i.k.p.i.KeYFile       Read specifications obtained when parsing the Java files (usually JML and Strings.key) from file:/home/runner/work/key/key/key.core/build/resources/main/de/uka/ilkd/key/proof/rules/wdFormulaRules.key 
3001       DEBUG main            d.u.i.k.p.i.KeYFile       Reading KeY file file:/home/runner/work/key/key/key.core/build/resources/main/de/uka/ilkd/key/proof/rules/wd.key 
3002       DEBUG main            d.u.i.k.p.i.KeYFile       Read specifications obtained when parsing the Java files (usually JML and Strings.key) from file:/home/runner/work/key/key/key.core/build/resources/main/de/uka/ilkd/key/proof/rules/wd.key 
3003       DEBUG main            d.u.i.k.p.i.KeYFile       Reading KeY file file:/home/runner/work/key/key/key.core/build/resources/main/de/uka/ilkd/key/proof/rules/loopInvariantRules.key 
3003       DEBUG main            d.u.i.k.p.i.KeYFile       Read specifications obtained when parsing the Java files (usually JML and Strings.key) from file:/home/runner/work/key/key/key.core/build/resources/main/de/uka/ilkd/key/proof/rules/loopInvariantRules.key 
3004       DEBUG main            d.u.i.k.p.i.KeYFile       Reading KeY file file:/home/runner/work/key/key/key.core/build/resources/main/de/uka/ilkd/key/proof/rules/forLoopRules.key 
3004       DEBUG main            d.u.i.k.p.i.KeYFile       Read specifications obtained when parsing the Java files (usually JML and Strings.key) from file:/home/runner/work/key/key/key.core/build/resources/main/de/uka/ilkd/key/proof/rules/forLoopRules.key 
3009       DEBUG main            d.u.i.k.p.i.KeYFile       Reading KeY file file:/home/runner/work/key/key/key.core/build/resources/main/de/uka/ilkd/key/proof/rules/execRules.key 
3009       DEBUG main            d.u.i.k.p.i.KeYFile       Read specifications obtained when parsing the Java files (usually JML and Strings.key) from file:/home/runner/work/key/key/key.core/build/resources/main/de/uka/ilkd/key/proof/rules/execRules.key 
3064       DEBUG main            d.u.i.k.p.i.KeYFile       Reading KeY file file:/home/runner/work/key/key/key.core/build/resources/main/de/uka/ilkd/key/proof/rules/loopScopeRules.key 
3064       DEBUG main            d.u.i.k.p.i.KeYFile       Read specifications obtained when parsing the Java files (usually JML and Strings.key) from file:/home/runner/work/key/key/key.core/build/resources/main/de/uka/ilkd/key/proof/rules/loopScopeRules.key 
3081       DEBUG main            d.u.i.k.p.i.KeYFile       Reading KeY file file:/home/runner/work/key/key/key.core/build/resources/main/de/uka/ilkd/key/proof/rules/standardRules.key 
3081       DEBUG main            d.u.i.k.p.i.KeYFile       Read specifications obtained when parsing the Java files (usually JML and Strings.key) from file:/home/runner/work/key/key/key.core/build/resources/main/de/uka/ilkd/key/proof/rules/standardRules.key 
5584       DEBUG main            d.u.i.k.j.Recoder2KeY     converting now /home/runner/work/key/key/key.core/../key.ui/examples/InformationFlow/BlockContracts/src/contract/IFBlockExamples.java 
5598       DEBUG main            d.u.i.k.j.Recoder2KeY     converting now /home/runner/work/key/key/key.core/../key.ui/examples/InformationFlow/BlockContracts/src/contract/IFEfficiencyExamples.java 
5645       DEBUG main            d.u.i.k.s.TermLabelSettings TermLabelSettings: Failure while reading the setting "UseOriginLabels".Using the default value: true.The string read was: null 
5645       DEBUG main            d.u.i.k.p.i.KeYFile       Reading KeY file /home/runner/work/key/key/key.core/../key.ui/examples/InformationFlow/BlockContracts/contract.IFBlockExamples(contract.IFBlockExamples__secure_5()).Non-interference contract.0.key 
5660       DEBUG main            d.u.i.k.p.i.KeYFile       Reading KeY file file:/home/runner/work/key/key/key.core/build/resources/main/de/uka/ilkd/key/java/JavaRedux/java/lang/String.key 
5666       DEBUG main            d.u.i.k.p.i.KeYFile       Read specifications obtained when parsing the Java files (usually JML and Strings.key) from file:/home/runner/work/key/key/key.core/build/resources/main/de/uka/ilkd/key/java/JavaRedux/java/lang/String.key 
8039       DEBUG main            d.u.i.k.p.i.KeYFile       Read specifications obtained when parsing the Java files (usually JML and Strings.key) from /home/runner/work/key/key/key.core/../key.ui/examples/InformationFlow/BlockContracts/contract.IFBlockExamples(contract.IFBlockExamples__secure_5()).Non-interference contract.0.key 
9091       DEBUG Thread-1        d.u.i.k.j.TypeConverter   typeconverter: (prefix this;, class class de.uka.ilkd.key.java.reference.ThisReference) 
9113       DEBUG Thread-1        d.u.i.k.j.TypeConverter   typeconverter: (prefix this;, class class de.uka.ilkd.key.java.reference.ThisReference) 
9379       DEBUG Thread-1        d.u.i.k.j.TypeConverter   typeconverter: (prefix this;, class class de.uka.ilkd.key.java.reference.ThisReference) 
9404       DEBUG Thread-1        d.u.i.k.j.TypeConverter   typeconverter: (prefix this;, class class de.uka.ilkd.key.java.reference.ThisReference) 
9674       INFO  main            d.u.i.k.p.r.p.TestFile    ... finished proof: closed. 
9824       DEBUG main            d.u.i.k.s.TermLabelSettings TermLabelSettings: Failure while reading the setting "UseOriginLabels".Using the default value: true.The string read was: null 
9825       INFO  main            d.u.i.k.p.r.p.TestFile    Now processing file /home/runner/work/key/key/key.core/../key.ui/examples/InformationFlow/BlockContracts/contract.IFBlockExamples(contract.IFBlockExamples__block_no_return_secure(int)).Non-interference contract.0.key 
10935      DEBUG main            d.u.i.k.j.Recoder2KeY     converting now /home/runner/work/key/key/key.core/../key.ui/examples/InformationFlow/BlockContracts/src/contract/IFBlockExamples.java 
10940      DEBUG main            d.u.i.k.j.Recoder2KeY     converting now /home/runner/work/key/key/key.core/../key.ui/examples/InformationFlow/BlockContracts/src/contract/IFEfficiencyExamples.java 
10954      DEBUG main            d.u.i.k.s.TermLabelSettings TermLabelSettings: Failure while reading the setting "UseOriginLabels".Using the default value: true.The string read was: null 
10954      DEBUG main            d.u.i.k.p.i.KeYFile       Reading KeY file /home/runner/work/key/key/key.core/../key.ui/examples/InformationFlow/BlockContracts/contract.IFBlockExamples(contract.IFBlockExamples__block_no_return_secure(int)).Non-interference contract.0.key 
10957      DEBUG main            d.u.i.k.p.i.KeYFile       Reading KeY file file:/home/runner/work/key/key/key.core/build/resources/main/de/uka/ilkd/key/java/JavaRedux/java/lang/String.key 
10960      DEBUG main            d.u.i.k.p.i.KeYFile       Read specifications obtained when parsing the Java files (usually JML and Strings.key) from file:/home/runner/work/key/key/key.core/build/resources/main/de/uka/ilkd/key/java/JavaRedux/java/lang/String.key 
12932      DEBUG main            d.u.i.k.p.i.KeYFile       Read specifications obtained when parsing the Java files (usually JML and Strings.key) from /home/runner/work/key/key/key.core/../key.ui/examples/InformationFlow/BlockContracts/contract.IFBlockExamples(contract.IFBlockExamples__block_no_return_secure(int)).Non-interference contract.0.key 
13125      DEBUG Thread-3        d.u.i.k.j.TypeConverter   typeconverter: (prefix this;, class class de.uka.ilkd.key.java.reference.ThisReference) 
13183      DEBUG Thread-3        d.u.i.k.j.TypeConverter   typeconverter: (prefix this;, class class de.uka.ilkd.key.java.reference.ThisReference) 
13273      DEBUG Thread-3        d.u.i.k.j.TypeConverter   typeconverter: (prefix this;, class class de.uka.ilkd.key.java.reference.ThisReference) 
13311      DEBUG Thread-3        d.u.i.k.j.TypeConverter   typeconverter: (prefix this;, class class de.uka.ilkd.key.java.reference.ThisReference) 
13632      INFO  main            d.u.i.k.p.r.p.TestFile    ... finished proof: closed. 
13775      DEBUG main            d.u.i.k.s.TermLabelSettings TermLabelSettings: Failure while reading the setting "UseOriginLabels".Using the default value: true.The string read was: null 
13775      INFO  main            d.u.i.k.p.r.p.TestFile    Now processing file /home/runner/work/key/key/key.core/../key.ui/examples/InformationFlow/BlockContracts/contract.IFBlockExamples(contract.IFBlockExamples__while_block_insecure(int)).Non-interference contract.0.key 
14780      DEBUG main            d.u.i.k.j.Recoder2KeY     converting now /home/runner/work/key/key/key.core/../key.ui/examples/InformationFlow/BlockContracts/src/contract/IFBlockExamples.java 
14783      DEBUG main            d.u.i.k.j.Recoder2KeY     converting now /home/runner/work/key/key/key.core/../key.ui/examples/InformationFlow/BlockContracts/src/contract/IFEfficiencyExamples.java 
14790      DEBUG main            d.u.i.k.s.TermLabelSettings TermLabelSettings: Failure while reading the setting "UseOriginLabels".Using the default value: true.The string read was: null 
14790      DEBUG main            d.u.i.k.p.i.KeYFile       Reading KeY file /home/runner/work/key/key/key.core/../key.ui/examples/InformationFlow/BlockContracts/contract.IFBlockExamples(contract.IFBlockExamples__while_block_insecure(int)).Non-interference contract.0.key 
14792      DEBUG main            d.u.i.k.p.i.KeYFile       Reading KeY file file:/home/runner/work/key/key/key.core/build/resources/main/de/uka/ilkd/key/java/JavaRedux/java/lang/String.key 
14794      DEBUG main            d.u.i.k.p.i.KeYFile       Read specifications obtained when parsing the Java files (usually JML and Strings.key) from file:/home/runner/work/key/key/key.core/build/resources/main/de/uka/ilkd/key/java/JavaRedux/java/lang/String.key 
16675      DEBUG main            d.u.i.k.p.i.KeYFile       Read specifications obtained when parsing the Java files (usually JML and Strings.key) from /home/runner/work/key/key/key.core/../key.ui/examples/InformationFlow/BlockContracts/contract.IFBlockExamples(contract.IFBlockExamples__while_block_insecure(int)).Non-interference contract.0.key 
16789      DEBUG Thread-5        d.u.i.k.j.TypeConverter   typeconverter: (prefix this;, class class de.uka.ilkd.key.java.reference.ThisReference) 
16803      DEBUG Thread-5        d.u.i.k.j.TypeConverter   typeconverter: (prefix this;, class class de.uka.ilkd.key.java.reference.ThisReference) 
16818      DEBUG Thread-5        d.u.i.k.r.m.WhileLoopTransformation While-Loop-Tranform-Result: try {
  {
    if (_l_A > 0) {
      _l_A--;
      l1++;
    }
  }
} catch (java.lang.Throwable e#48) {
  exc#47 = true;
  thrownExc#49 = e#48;
} 
16987      DEBUG Thread-5        d.u.i.k.j.TypeConverter   typeconverter: (prefix this;, class class de.uka.ilkd.key.java.reference.ThisReference) 
17027      DEBUG Thread-5        d.u.i.k.r.m.WhileLoopTransformation While-Loop-Tranform-Result: try {
  {
    if (_l_B > 0) {
      _l_B--;
      l1_1++;
    }
  }
} catch (java.lang.Throwable e#74) {
  exc#73 = true;
  thrownExc#75 = e#74;
} 
17239      DEBUG Thread-5        d.u.i.k.j.TypeConverter   typeconverter: (prefix this;, class class de.uka.ilkd.key.java.reference.ThisReference) 
18166      INFO  main            d.u.i.k.p.r.p.TestFile    ... finished proof: open goal(s) 
18351      DEBUG main            d.u.i.k.s.TermLabelSettings TermLabelSettings: Failure while reading the setting "UseOriginLabels".Using the default value: true.The string read was: null 
18351      INFO  main            d.u.i.k.p.r.p.TestFile    Now processing file /home/runner/work/key/key/key.core/../key.ui/examples/InformationFlow/BlockContracts/contract.IFBlockExamples(contract.IFBlockExamples__while_block_secure(int)).Non-interference contract.0.key 
19284      DEBUG main            d.u.i.k.j.Recoder2KeY     converting now /home/runner/work/key/key/key.core/../key.ui/examples/InformationFlow/BlockContracts/src/contract/IFBlockExamples.java 
19287      DEBUG main            d.u.i.k.j.Recoder2KeY     converting now /home/runner/work/key/key/key.core/../key.ui/examples/InformationFlow/BlockContracts/src/contract/IFEfficiencyExamples.java 
19293      DEBUG main            d.u.i.k.s.TermLabelSettings TermLabelSettings: Failure while reading the setting "UseOriginLabels".Using the default value: true.The string read was: null 
19293      DEBUG main            d.u.i.k.p.i.KeYFile       Reading KeY file /home/runner/work/key/key/key.core/../key.ui/examples/InformationFlow/BlockContracts/contract.IFBlockExamples(contract.IFBlockExamples__while_block_secure(int)).Non-interference contract.0.key 
19294      DEBUG main            d.u.i.k.p.i.KeYFile       Reading KeY file file:/home/runner/work/key/key/key.core/build/resources/main/de/uka/ilkd/key/java/JavaRedux/java/lang/String.key 
19297      DEBUG main            d.u.i.k.p.i.KeYFile       Read specifications obtained when parsing the Java files (usually JML and Strings.key) from file:/home/runner/work/key/key/key.core/build/resources/main/de/uka/ilkd/key/java/JavaRedux/java/lang/String.key 
21137      DEBUG main            d.u.i.k.p.i.KeYFile       Read specifications obtained when parsing the Java files (usually JML and Strings.key) from /home/runner/work/key/key/key.core/../key.ui/examples/InformationFlow/BlockContracts/contract.IFBlockExamples(contract.IFBlockExamples__while_block_secure(int)).Non-interference contract.0.key 
21250      DEBUG Thread-7        d.u.i.k.j.TypeConverter   typeconverter: (prefix this;, class class de.uka.ilkd.key.java.reference.ThisReference) 
21260      DEBUG Thread-7        d.u.i.k.j.TypeConverter   typeconverter: (prefix this;, class class de.uka.ilkd.key.java.reference.ThisReference) 
21269      DEBUG Thread-7        d.u.i.k.r.m.WhileLoopTransformation While-Loop-Tranform-Result: try {
  {
    if (_l_A > 0) {
      _l_A--;
      l1++;
    }
  }
} catch (java.lang.Throwable e#48) {
  exc#47 = true;
  thrownExc#49 = e#48;
} 
21420      DEBUG Thread-7        d.u.i.k.j.TypeConverter   typeconverter: (prefix this;, class class de.uka.ilkd.key.java.reference.ThisReference) 
21453      DEBUG Thread-7        d.u.i.k.r.m.WhileLoopTransformation While-Loop-Tranform-Result: try {
  {
    if (_l_B > 0) {
      _l_B--;
      l1_1++;
    }
  }
} catch (java.lang.Throwable e#74) {
  exc#73 = true;
  thrownExc#75 = e#74;
} 
21616      DEBUG Thread-7        d.u.i.k.j.TypeConverter   typeconverter: (prefix this;, class class de.uka.ilkd.key.java.reference.ThisReference) 
22414      INFO  main            d.u.i.k.p.r.p.TestFile    ... finished proof: closed. 
22584      DEBUG main            d.u.i.k.s.TermLabelSettings TermLabelSettings: Failure while reading the setting "UseOriginLabels".Using the default value: true.The string read was: null 
22584      INFO  main            d.u.i.k.p.r.p.TestFile    Now processing file /home/runner/work/key/key/key.core/../key.ui/examples/InformationFlow/BlockContracts/contract.IFBlockExamples(contract.IFBlockExamples__block_while_secure(int)).Non-interference contract.0.key 
23527      DEBUG main            d.u.i.k.j.Recoder2KeY     converting now /home/runner/work/key/key/key.core/../key.ui/examples/InformationFlow/BlockContracts/src/contract/IFBlockExamples.java 
23528      DEBUG main            d.u.i.k.j.Recoder2KeY     converting now /home/runner/work/key/key/key.core/../key.ui/examples/InformationFlow/BlockContracts/src/contract/IFEfficiencyExamples.java 
23534      DEBUG main            d.u.i.k.s.TermLabelSettings TermLabelSettings: Failure while reading the setting "UseOriginLabels".Using the default value: true.The string read was: null 
23534      DEBUG main            d.u.i.k.p.i.KeYFile       Reading KeY file /home/runner/work/key/key/key.core/../key.ui/examples/InformationFlow/BlockContracts/contract.IFBlockExamples(contract.IFBlockExamples__block_while_secure(int)).Non-interference contract.0.key 
23535      DEBUG main            d.u.i.k.p.i.KeYFile       Reading KeY file file:/home/runner/work/key/key/key.core/build/resources/main/de/uka/ilkd/key/java/JavaRedux/java/lang/String.key 
23537      DEBUG main            d.u.i.k.p.i.KeYFile       Read specifications obtained when parsing the Java files (usually JML and Strings.key) from file:/home/runner/work/key/key/key.core/build/resources/main/de/uka/ilkd/key/java/JavaRedux/java/lang/String.key 
25381      DEBUG main            d.u.i.k.p.i.KeYFile       Read specifications obtained when parsing the Java files (usually JML and Strings.key) from /home/runner/work/key/key/key.core/../key.ui/examples/InformationFlow/BlockContracts/contract.IFBlockExamples(contract.IFBlockExamples__block_while_secure(int)).Non-interference contract.0.key 
25477      DEBUG Thread-9        d.u.i.k.j.TypeConverter   typeconverter: (prefix this;, class class de.uka.ilkd.key.java.reference.ThisReference) 
25517      DEBUG Thread-9        d.u.i.k.j.TypeConverter   typeconverter: (prefix this;, class class de.uka.ilkd.key.java.reference.ThisReference) 
25581      DEBUG Thread-9        d.u.i.k.r.m.WhileLoopTransformation While-Loop-Tranform-Result: try {
  {
    if (_l_A > 0) {
      _l_A--;
      l1++;
    }
  }
} catch (java.lang.Throwable e#82) {
  exc#81 = true;
  thrownExc#83 = e#82;
} 
25688      DEBUG Thread-9        d.u.i.k.j.TypeConverter   typeconverter: (prefix this;, class class de.uka.ilkd.key.java.reference.ThisReference) 
25740      DEBUG Thread-9        d.u.i.k.r.m.WhileLoopTransformation While-Loop-Tranform-Result: try {
  {
    if (_l_B > 0) {
      _l_B--;
      l1_1++;
    }
  }
} catch (java.lang.Throwable e#108) {
  exc#107 = true;
  thrownExc#109 = e#108;
} 
25863      DEBUG Thread-9        d.u.i.k.j.TypeConverter   typeconverter: (prefix this;, class class de.uka.ilkd.key.java.reference.ThisReference) 
26842      INFO  main            d.u.i.k.p.r.p.TestFile    ... finished proof: closed. 
27023      DEBUG main            d.u.i.k.s.TermLabelSettings TermLabelSettings: Failure while reading the setting "UseOriginLabels".Using the default value: true.The string read was: null 
27023      INFO  main            d.u.i.k.p.r.p.TestFile    Now processing file /home/runner/work/key/key/key.core/../key.ui/examples/InformationFlow/BlockContracts/contract.IFBlockExamples(contract.IFBlockExamples__insecure_4(int)).Non-interference contract.0.key 
27900      DEBUG main            d.u.i.k.j.Recoder2KeY     converting now /home/runner/work/key/key/key.core/../key.ui/examples/InformationFlow/BlockContracts/src/contract/IFBlockExamples.java 
27901      DEBUG main            d.u.i.k.j.Recoder2KeY     converting now /home/runner/work/key/key/key.core/../key.ui/examples/InformationFlow/BlockContracts/src/contract/IFEfficiencyExamples.java 
27906      DEBUG main            d.u.i.k.s.TermLabelSettings TermLabelSettings: Failure while reading the setting "UseOriginLabels".Using the default value: true.The string read was: null 
27906      DEBUG main            d.u.i.k.p.i.KeYFile       Reading KeY file /home/runner/work/key/key/key.core/../key.ui/examples/InformationFlow/BlockContracts/contract.IFBlockExamples(contract.IFBlockExamples__insecure_4(int)).Non-interference contract.0.key 
27908      DEBUG main            d.u.i.k.p.i.KeYFile       Reading KeY file file:/home/runner/work/key/key/key.core/build/resources/main/de/uka/ilkd/key/java/JavaRedux/java/lang/String.key 
27910      DEBUG main            d.u.i.k.p.i.KeYFile       Read specifications obtained when parsing the Java files (usually JML and Strings.key) from file:/home/runner/work/key/key/key.core/build/resources/main/de/uka/ilkd/key/java/JavaRedux/java/lang/String.key 
29735      DEBUG main            d.u.i.k.p.i.KeYFile       Read specifications obtained when parsing the Java files (usually JML and Strings.key) from /home/runner/work/key/key/key.core/../key.ui/examples/InformationFlow/BlockContracts/contract.IFBlockExamples(contract.IFBlockExamples__insecure_4(int)).Non-interference contract.0.key 
29834      DEBUG Thread-11       d.u.i.k.j.TypeConverter   typeconverter: (prefix this;, class class de.uka.ilkd.key.java.reference.ThisReference) 
29844      DEBUG Thread-11       d.u.i.k.j.TypeConverter   typeconverter: (prefix this;, class class de.uka.ilkd.key.java.reference.ThisReference) 
31621      INFO  main            d.u.i.k.p.r.p.TestFile    ... finished proof: open goal(s) 
31826      DEBUG main            d.u.i.k.s.TermLabelSettings TermLabelSettings: Failure while reading the setting "UseOriginLabels".Using the default value: true.The string read was: null 
31826      INFO  main            d.u.i.k.p.r.p.TestFile    Now processing file /home/runner/work/key/key/key.core/../key.ui/examples/InformationFlow/BlockContracts/contract.IFBlockExamples(contract.IFBlockExamples__insecure_3(int)).Non-interference contract.0.key 
32736      DEBUG main            d.u.i.k.j.Recoder2KeY     converting now /home/runner/work/key/key/key.core/../key.ui/examples/InformationFlow/BlockContracts/src/contract/IFBlockExamples.java 
32738      DEBUG main            d.u.i.k.j.Recoder2KeY     converting now /home/runner/work/key/key/key.core/../key.ui/examples/InformationFlow/BlockContracts/src/contract/IFEfficiencyExamples.java 
32742      DEBUG main            d.u.i.k.s.TermLabelSettings TermLabelSettings: Failure while reading the setting "UseOriginLabels".Using the default value: true.The string read was: null 
32742      DEBUG main            d.u.i.k.p.i.KeYFile       Reading KeY file /home/runner/work/key/key/key.core/../key.ui/examples/InformationFlow/BlockContracts/contract.IFBlockExamples(contract.IFBlockExamples__insecure_3(int)).Non-interference contract.0.key 
32743      DEBUG main            d.u.i.k.p.i.KeYFile       Reading KeY file file:/home/runner/work/key/key/key.core/build/resources/main/de/uka/ilkd/key/java/JavaRedux/java/lang/String.key 
32746      DEBUG main            d.u.i.k.p.i.KeYFile       Read specifications obtained when parsing the Java files (usually JML and Strings.key) from file:/home/runner/work/key/key/key.core/build/resources/main/de/uka/ilkd/key/java/JavaRedux/java/lang/String.key 
34501      DEBUG main            d.u.i.k.p.i.KeYFile       Read specifications obtained when parsing the Java files (usually JML and Strings.key) from /home/runner/work/key/key/key.core/../key.ui/examples/InformationFlow/BlockContracts/contract.IFBlockExamples(contract.IFBlockExamples__insecure_3(int)).Non-interference contract.0.key 
34596      DEBUG Thread-13       d.u.i.k.j.TypeConverter   typeconverter: (prefix this;, class class de.uka.ilkd.key.java.reference.ThisReference) 
34607      DEBUG Thread-13       d.u.i.k.j.TypeConverter   typeconverter: (prefix this;, class class de.uka.ilkd.key.java.reference.ThisReference) 
36500      INFO  main            d.u.i.k.p.r.p.TestFile    ... finished proof: open goal(s) 
36723      DEBUG main            d.u.i.k.s.TermLabelSettings TermLabelSettings: Failure while reading the setting "UseOriginLabels".Using the default value: true.The string read was: null 
36723      INFO  main            d.u.i.k.p.r.p.TestFile    Now processing file /home/runner/work/key/key/key.core/../key.ui/examples/InformationFlow/BlockContracts/contract.IFBlockExamples(contract.IFBlockExamples__secure_3(int)).Non-interference contract.0.key 
37656      DEBUG main            d.u.i.k.j.Recoder2KeY     converting now /home/runner/work/key/key/key.core/../key.ui/examples/InformationFlow/BlockContracts/src/contract/IFBlockExamples.java 
37659      DEBUG main            d.u.i.k.j.Recoder2KeY     converting now /home/runner/work/key/key/key.core/../key.ui/examples/InformationFlow/BlockContracts/src/contract/IFEfficiencyExamples.java 
37665      DEBUG main            d.u.i.k.s.TermLabelSettings TermLabelSettings: Failure while reading the setting "UseOriginLabels".Using the default value: true.The string read was: null 
37665      DEBUG main            d.u.i.k.p.i.KeYFile       Reading KeY file /home/runner/work/key/key/key.core/../key.ui/examples/InformationFlow/BlockContracts/contract.IFBlockExamples(contract.IFBlockExamples__secure_3(int)).Non-interference contract.0.key 
37666      DEBUG main            d.u.i.k.p.i.KeYFile       Reading KeY file file:/home/runner/work/key/key/key.core/build/resources/main/de/uka/ilkd/key/java/JavaRedux/java/lang/String.key 
37669      DEBUG main            d.u.i.k.p.i.KeYFile       Read specifications obtained when parsing the Java files (usually JML and Strings.key) from file:/home/runner/work/key/key/key.core/build/resources/main/de/uka/ilkd/key/java/JavaRedux/java/lang/String.key 
39484      DEBUG main            d.u.i.k.p.i.KeYFile       Read specifications obtained when parsing the Java files (usually JML and Strings.key) from /home/runner/work/key/key/key.core/../key.ui/examples/InformationFlow/BlockContracts/contract.IFBlockExamples(contract.IFBlockExamples__secure_3(int)).Non-interference contract.0.key 
39597      DEBUG Thread-15       d.u.i.k.j.TypeConverter   typeconverter: (prefix this;, class class de.uka.ilkd.key.java.reference.ThisReference) 
39609      DEBUG Thread-15       d.u.i.k.j.TypeConverter   typeconverter: (prefix this;, class class de.uka.ilkd.key.java.reference.ThisReference) 
41376      INFO  main            d.u.i.k.p.r.p.TestFile    ... finished proof: closed. 
41608      DEBUG main            d.u.i.k.s.TermLabelSettings TermLabelSettings: Failure while reading the setting "UseOriginLabels".Using the default value: true.The string read was: null 
41608      INFO  main            d.u.i.k.p.r.p.TestFile    Now processing file /home/runner/work/key/key/key.core/../key.ui/examples/InformationFlow/BlockContracts/contract.IFBlockExamples(contract.IFBlockExamples__secure_2(int)).Non-interference contract.0.key 
42479      DEBUG main            d.u.i.k.j.Recoder2KeY     converting now /home/runner/work/key/key/key.core/../key.ui/examples/InformationFlow/BlockContracts/src/contract/IFBlockExamples.java 
42481      DEBUG main            d.u.i.k.j.Recoder2KeY     converting now /home/runner/work/key/key/key.core/../key.ui/examples/InformationFlow/BlockContracts/src/contract/IFEfficiencyExamples.java 
42485      DEBUG main            d.u.i.k.s.TermLabelSettings TermLabelSettings: Failure while reading the setting "UseOriginLabels".Using the default value: true.The string read was: null 
42486      DEBUG main            d.u.i.k.p.i.KeYFile       Reading KeY file /home/runner/work/key/key/key.core/../key.ui/examples/InformationFlow/BlockContracts/contract.IFBlockExamples(contract.IFBlockExamples__secure_2(int)).Non-interference contract.0.key 
42486      DEBUG main            d.u.i.k.p.i.KeYFile       Reading KeY file file:/home/runner/work/key/key/key.core/build/resources/main/de/uka/ilkd/key/java/JavaRedux/java/lang/String.key 
42489      DEBUG main            d.u.i.k.p.i.KeYFile       Read specifications obtained when parsing the Java files (usually JML and Strings.key) from file:/home/runner/work/key/key/key.core/build/resources/main/de/uka/ilkd/key/java/JavaRedux/java/lang/String.key 
44277      DEBUG main            d.u.i.k.p.i.KeYFile       Read specifications obtained when parsing the Java files (usually JML and Strings.key) from /home/runner/work/key/key/key.core/../key.ui/examples/InformationFlow/BlockContracts/contract.IFBlockExamples(contract.IFBlockExamples__secure_2(int)).Non-interference contract.0.key 
44395      DEBUG Thread-17       d.u.i.k.j.TypeConverter   typeconverter: (prefix this;, class class de.uka.ilkd.key.java.reference.ThisReference) 
44407      DEBUG Thread-17       d.u.i.k.j.TypeConverter   typeconverter: (prefix this;, class class de.uka.ilkd.key.java.reference.ThisReference) 
46550      INFO  main            d.u.i.k.p.r.p.TestFile    ... finished proof: closed. 
46821      DEBUG main            d.u.i.k.s.TermLabelSettings TermLabelSettings: Failure while reading the setting "UseOriginLabels".Using the default value: true.The string read was: null 
46822      INFO  main            d.u.i.k.p.r.p.TestFile    Now processing file /home/runner/work/key/key/key.core/../key.ui/examples/InformationFlow/BlockContracts/contract.IFBlockExamples(contract.IFBlockExamples__secure_8(int)).Non-interference contract.0.key 
47696      DEBUG main            d.u.i.k.j.Recoder2KeY     converting now /home/runner/work/key/key/key.core/../key.ui/examples/InformationFlow/BlockContracts/src/contract/IFBlockExamples.java 
47698      DEBUG main            d.u.i.k.j.Recoder2KeY     converting now /home/runner/work/key/key/key.core/../key.ui/examples/InformationFlow/BlockContracts/src/contract/IFEfficiencyExamples.java 
47703      DEBUG main            d.u.i.k.s.TermLabelSettings TermLabelSettings: Failure while reading the setting "UseOriginLabels".Using the default value: true.The string read was: null 
47703      DEBUG main            d.u.i.k.p.i.KeYFile       Reading KeY file /home/runner/work/key/key/key.core/../key.ui/examples/InformationFlow/BlockContracts/contract.IFBlockExamples(contract.IFBlockExamples__secure_8(int)).Non-interference contract.0.key 
47704      DEBUG main            d.u.i.k.p.i.KeYFile       Reading KeY file file:/home/runner/work/key/key/key.core/build/resources/main/de/uka/ilkd/key/java/JavaRedux/java/lang/String.key 
47706      DEBUG main            d.u.i.k.p.i.KeYFile       Read specifications obtained when parsing the Java files (usually JML and Strings.key) from file:/home/runner/work/key/key/key.core/build/resources/main/de/uka/ilkd/key/java/JavaRedux/java/lang/String.key 
49473      DEBUG main            d.u.i.k.p.i.KeYFile       Read specifications obtained when parsing the Java files (usually JML and Strings.key) from /home/runner/work/key/key/key.core/../key.ui/examples/InformationFlow/BlockContracts/contract.IFBlockExamples(contract.IFBlockExamples__secure_8(int)).Non-interference contract.0.key 
49554      DEBUG Thread-19       d.u.i.k.j.TypeConverter   typeconverter: (prefix this;, class class de.uka.ilkd.key.java.reference.ThisReference) 
49563      DEBUG Thread-19       d.u.i.k.j.TypeConverter   typeconverter: (prefix this;, class class de.uka.ilkd.key.java.reference.ThisReference) 
49684      DEBUG Thread-19       d.u.i.k.j.TypeConverter   typeconverter: (prefix this;, class class de.uka.ilkd.key.java.reference.ThisReference) 
49736      DEBUG Thread-19       d.u.i.k.j.TypeConverter   typeconverter: (prefix this;, class class de.uka.ilkd.key.java.reference.ThisReference) 
49837      DEBUG Thread-19       d.u.i.k.j.TypeConverter   typeconverter: (prefix this;, class class de.uka.ilkd.key.java.reference.ThisReference) 
49846      DEBUG Thread-19       d.u.i.k.j.TypeConverter   typeconverter: (prefix this;, class class de.uka.ilkd.key.java.reference.ThisReference) 
49955      DEBUG Thread-19       d.u.i.k.j.TypeConverter   typeconverter: (prefix this;, class class de.uka.ilkd.key.java.reference.ThisReference) 
49964      DEBUG Thread-19       d.u.i.k.j.TypeConverter   typeconverter: (prefix this;, class class de.uka.ilkd.key.java.reference.ThisReference) 
50121      INFO  main            d.u.i.k.p.r.p.TestFile    ... finished proof: closed. 
50320      DEBUG main            d.u.i.k.s.TermLabelSettings TermLabelSettings: Failure while reading the setting "UseOriginLabels".Using the default value: true.The string read was: null 
50320      INFO  main            d.u.i.k.p.r.p.TestFile    Now processing file /home/runner/work/key/key/key.core/../key.ui/examples/InformationFlow/BlockContracts/contract.IFBlockExamples(contract.IFBlockExamples__secure_7(int)).Non-interference contract.0.key 
51188      DEBUG main            d.u.i.k.j.Recoder2KeY     converting now /home/runner/work/key/key/key.core/../key.ui/examples/InformationFlow/BlockContracts/src/contract/IFBlockExamples.java 
51190      DEBUG main            d.u.i.k.j.Recoder2KeY     converting now /home/runner/work/key/key/key.core/../key.ui/examples/InformationFlow/BlockContracts/src/contract/IFEfficiencyExamples.java 
51194      DEBUG main            d.u.i.k.s.TermLabelSettings TermLabelSettings: Failure while reading the setting "UseOriginLabels".Using the default value: true.The string read was: null 
51195      DEBUG main            d.u.i.k.p.i.KeYFile       Reading KeY file /home/runner/work/key/key/key.core/../key.ui/examples/InformationFlow/BlockContracts/contract.IFBlockExamples(contract.IFBlockExamples__secure_7(int)).Non-interference contract.0.key 
51202      DEBUG main            d.u.i.k.p.i.KeYFile       Reading KeY file file:/home/runner/work/key/key/key.core/build/resources/main/de/uka/ilkd/key/java/JavaRedux/java/lang/String.key 
51211      DEBUG main            d.u.i.k.p.i.KeYFile       Read specifications obtained when parsing the Java files (usually JML and Strings.key) from file:/home/runner/work/key/key/key.core/build/resources/main/de/uka/ilkd/key/java/JavaRedux/java/lang/String.key 
53027      DEBUG main            d.u.i.k.p.i.KeYFile       Read specifications obtained when parsing the Java files (usually JML and Strings.key) from /home/runner/work/key/key/key.core/../key.ui/examples/InformationFlow/BlockContracts/contract.IFBlockExamples(contract.IFBlockExamples__secure_7(int)).Non-interference contract.0.key 
53104      DEBUG Thread-21       d.u.i.k.j.TypeConverter   typeconverter: (prefix this;, class class de.uka.ilkd.key.java.reference.ThisReference) 
53113      DEBUG Thread-21       d.u.i.k.j.TypeConverter   typeconverter: (prefix this;, class class de.uka.ilkd.key.java.reference.ThisReference) 
53575      INFO  main            d.u.i.k.p.r.p.TestFile    ... finished proof: closed. 
53748      DEBUG main            d.u.i.k.s.TermLabelSettings TermLabelSettings: Failure while reading the setting "UseOriginLabels".Using the default value: true.The string read was: null 
53748      INFO  main            d.u.i.k.p.r.p.TestFile    Now processing file /home/runner/work/key/key/key.core/../key.ui/examples/InformationFlow/BlockContracts/contract.IFBlockExamples(contract.IFBlockExamples__secure_6(int)).Non-interference contract.0.key 
54608      DEBUG main            d.u.i.k.j.Recoder2KeY     converting now /home/runner/work/key/key/key.core/../key.ui/examples/InformationFlow/BlockContracts/src/contract/IFBlockExamples.java 
54610      DEBUG main            d.u.i.k.j.Recoder2KeY     converting now /home/runner/work/key/key/key.core/../key.ui/examples/InformationFlow/BlockContracts/src/contract/IFEfficiencyExamples.java 
54614      DEBUG main            d.u.i.k.s.TermLabelSettings TermLabelSettings: Failure while reading the setting "UseOriginLabels".Using the default value: true.The string read was: null 
54615      DEBUG main            d.u.i.k.p.i.KeYFile       Reading KeY file /home/runner/work/key/key/key.core/../key.ui/examples/InformationFlow/BlockContracts/contract.IFBlockExamples(contract.IFBlockExamples__secure_6(int)).Non-interference contract.0.key 
54615      DEBUG main            d.u.i.k.p.i.KeYFile       Reading KeY file file:/home/runner/work/key/key/key.core/build/resources/main/de/uka/ilkd/key/java/JavaRedux/java/lang/String.key 
54618      DEBUG main            d.u.i.k.p.i.KeYFile       Read specifications obtained when parsing the Java files (usually JML and Strings.key) from file:/home/runner/work/key/key/key.core/build/resources/main/de/uka/ilkd/key/java/JavaRedux/java/lang/String.key 
56387      DEBUG main            d.u.i.k.p.i.KeYFile       Read specifications obtained when parsing the Java files (usually JML and Strings.key) from /home/runner/work/key/key/key.core/../key.ui/examples/InformationFlow/BlockContracts/contract.IFBlockExamples(contract.IFBlockExamples__secure_6(int)).Non-interference contract.0.key 
56479      DEBUG Thread-23       d.u.i.k.j.TypeConverter   typeconverter: (prefix this;, class class de.uka.ilkd.key.java.reference.ThisReference) 
56487      DEBUG Thread-23       d.u.i.k.j.TypeConverter   typeconverter: (prefix this;, class class de.uka.ilkd.key.java.reference.ThisReference) 
56844      INFO  main            d.u.i.k.p.r.p.TestFile    ... finished proof: closed. 
57011      DEBUG main            d.u.i.k.s.TermLabelSettings TermLabelSettings: Failure while reading the setting "UseOriginLabels".Using the default value: true.The string read was: null 
57011      INFO  main            d.u.i.k.p.r.p.TestFile    Now processing file /home/runner/work/key/key/key.core/../key.ui/examples/InformationFlow/BlockContracts/contract.IFBlockExamples(contract.IFBlockExamples__insecure_1(int)).Non-interference contract.0.key 
57876      DEBUG main            d.u.i.k.j.Recoder2KeY     converting now /home/runner/work/key/key/key.core/../key.ui/examples/InformationFlow/BlockContracts/src/contract/IFBlockExamples.java 
57878      DEBUG main            d.u.i.k.j.Recoder2KeY     converting now /home/runner/work/key/key/key.core/../key.ui/examples/InformationFlow/BlockContracts/src/contract/IFEfficiencyExamples.java 
57883      DEBUG main            d.u.i.k.s.TermLabelSettings TermLabelSettings: Failure while reading the setting "UseOriginLabels".Using the default value: true.The string read was: null 
57884      DEBUG main            d.u.i.k.p.i.KeYFile       Reading KeY file /home/runner/work/key/key/key.core/../key.ui/examples/InformationFlow/BlockContracts/contract.IFBlockExamples(contract.IFBlockExamples__insecure_1(int)).Non-interference contract.0.key 
57885      DEBUG main            d.u.i.k.p.i.KeYFile       Reading KeY file file:/home/runner/work/key/key/key.core/build/resources/main/de/uka/ilkd/key/java/JavaRedux/java/lang/String.key 
57887      DEBUG main            d.u.i.k.p.i.KeYFile       Read specifications obtained when parsing the Java files (usually JML and Strings.key) from file:/home/runner/work/key/key/key.core/build/resources/main/de/uka/ilkd/key/java/JavaRedux/java/lang/String.key 
59715      DEBUG main            d.u.i.k.p.i.KeYFile       Read specifications obtained when parsing the Java files (usually JML and Strings.key) from /home/runner/work/key/key/key.core/../key.ui/examples/InformationFlow/BlockContracts/contract.IFBlockExamples(contract.IFBlockExamples__insecure_1(int)).Non-interference contract.0.key 
59801      DEBUG Thread-25       d.u.i.k.j.TypeConverter   typeconverter: (prefix this;, class class de.uka.ilkd.key.java.reference.ThisReference) 
59809      DEBUG Thread-25       d.u.i.k.j.TypeConverter   typeconverter: (prefix this;, class class de.uka.ilkd.key.java.reference.ThisReference) 
60262      INFO  main            d.u.i.k.p.r.p.TestFile    ... finished proof: open goal(s) 
60427      DEBUG main            d.u.i.k.s.TermLabelSettings TermLabelSettings: Failure while reading the setting "UseOriginLabels".Using the default value: true.The string read was: null 
60428      INFO  main            d.u.i.k.p.r.p.TestFile    Now processing file /home/runner/work/key/key/key.core/../key.ui/examples/InformationFlow/BlockContracts/contract.IFBlockExamples(contract.IFBlockExamples__secure_4(int)).Non-interference contract.0.key 
61304      DEBUG main            d.u.i.k.j.Recoder2KeY     converting now /home/runner/work/key/key/key.core/../key.ui/examples/InformationFlow/BlockContracts/src/contract/IFBlockExamples.java 
61305      DEBUG main            d.u.i.k.j.Recoder2KeY     converting now /home/runner/work/key/key/key.core/../key.ui/examples/InformationFlow/BlockContracts/src/contract/IFEfficiencyExamples.java 
61310      DEBUG main            d.u.i.k.s.TermLabelSettings TermLabelSettings: Failure while reading the setting "UseOriginLabels".Using the default value: true.The string read was: null 
61310      DEBUG main            d.u.i.k.p.i.KeYFile       Reading KeY file /home/runner/work/key/key/key.core/../key.ui/examples/InformationFlow/BlockContracts/contract.IFBlockExamples(contract.IFBlockExamples__secure_4(int)).Non-interference contract.0.key 
61311      DEBUG main            d.u.i.k.p.i.KeYFile       Reading KeY file file:/home/runner/work/key/key/key.core/build/resources/main/de/uka/ilkd/key/java/JavaRedux/java/lang/String.key 
61313      DEBUG main            d.u.i.k.p.i.KeYFile       Read specifications obtained when parsing the Java files (usually JML and Strings.key) from file:/home/runner/work/key/key/key.core/build/resources/main/de/uka/ilkd/key/java/JavaRedux/java/lang/String.key 
63085      DEBUG main            d.u.i.k.p.i.KeYFile       Read specifications obtained when parsing the Java files (usually JML and Strings.key) from /home/runner/work/key/key/key.core/../key.ui/examples/InformationFlow/BlockContracts/contract.IFBlockExamples(contract.IFBlockExamples__secure_4(int)).Non-interference contract.0.key 
63168      DEBUG Thread-27       d.u.i.k.j.TypeConverter   typeconverter: (prefix this;, class class de.uka.ilkd.key.java.reference.ThisReference) 
63177      DEBUG Thread-27       d.u.i.k.j.TypeConverter   typeconverter: (prefix this;, class class de.uka.ilkd.key.java.reference.ThisReference) 
63726      INFO  main            d.u.i.k.p.r.p.TestFile    ... finished proof: closed. 
63907      DEBUG main            d.u.i.k.s.TermLabelSettings TermLabelSettings: Failure while reading the setting "UseOriginLabels".Using the default value: true.The string read was: null 
63907      INFO  main            d.u.i.k.p.r.p.TestFile    Now processing file /home/runner/work/key/key/key.core/../key.ui/examples/InformationFlow/BlockContracts/contract.IFBlockExamples(contract.IFBlockExamples__secure_1(int)).Non-interference contract.0.key 
64777      DEBUG main            d.u.i.k.j.Recoder2KeY     converting now /home/runner/work/key/key/key.core/../key.ui/examples/InformationFlow/BlockContracts/src/contract/IFBlockExamples.java 
64779      DEBUG main            d.u.i.k.j.Recoder2KeY     converting now /home/runner/work/key/key/key.core/../key.ui/examples/InformationFlow/BlockContracts/src/contract/IFEfficiencyExamples.java 
64783      DEBUG main            d.u.i.k.s.TermLabelSettings TermLabelSettings: Failure while reading the setting "UseOriginLabels".Using the default value: true.The string read was: null 
64783      DEBUG main            d.u.i.k.p.i.KeYFile       Reading KeY file /home/runner/work/key/key/key.core/../key.ui/examples/InformationFlow/BlockContracts/contract.IFBlockExamples(contract.IFBlockExamples__secure_1(int)).Non-interference contract.0.key 
64784      DEBUG main            d.u.i.k.p.i.KeYFile       Reading KeY file file:/home/runner/work/key/key/key.core/build/resources/main/de/uka/ilkd/key/java/JavaRedux/java/lang/String.key 
64786      DEBUG main            d.u.i.k.p.i.KeYFile       Read specifications obtained when parsing the Java files (usually JML and Strings.key) from file:/home/runner/work/key/key/key.core/build/resources/main/de/uka/ilkd/key/java/JavaRedux/java/lang/String.key 
66555      DEBUG main            d.u.i.k.p.i.KeYFile       Read specifications obtained when parsing the Java files (usually JML and Strings.key) from /home/runner/work/key/key/key.core/../key.ui/examples/InformationFlow/BlockContracts/contract.IFBlockExamples(contract.IFBlockExamples__secure_1(int)).Non-interference contract.0.key 
66642      DEBUG Thread-29       d.u.i.k.j.TypeConverter   typeconverter: (prefix this;, class class de.uka.ilkd.key.java.reference.ThisReference) 
66651      DEBUG Thread-29       d.u.i.k.j.TypeConverter   typeconverter: (prefix this;, class class de.uka.ilkd.key.java.reference.ThisReference) 
67299      INFO  main            d.u.i.k.p.r.p.TestFile    ... finished proof: closed. 
67479      DEBUG main            d.u.i.k.s.TermLabelSettings TermLabelSettings: Failure while reading the setting "UseOriginLabels".Using the default value: true.The string read was: null 
67479      INFO  main            d.u.i.k.p.r.p.TestFile    Now processing file /home/runner/work/key/key/key.core/../key.ui/examples/InformationFlow/BlockContracts/contract.IFEfficiencyExamples(contract.IFEfficiencyExamples__mWithoutBlockContract()).Non-interference contract.0.key 
68349      DEBUG main            d.u.i.k.j.Recoder2KeY     converting now /home/runner/work/key/key/key.core/../key.ui/examples/InformationFlow/BlockContracts/src/contract/IFBlockExamples.java 
68351      DEBUG main            d.u.i.k.j.Recoder2KeY     converting now /home/runner/work/key/key/key.core/../key.ui/examples/InformationFlow/BlockContracts/src/contract/IFEfficiencyExamples.java 
68356      DEBUG main            d.u.i.k.s.TermLabelSettings TermLabelSettings: Failure while reading the setting "UseOriginLabels".Using the default value: true.The string read was: null 
68356      DEBUG main            d.u.i.k.p.i.KeYFile       Reading KeY file /home/runner/work/key/key/key.core/../key.ui/examples/InformationFlow/BlockContracts/contract.IFEfficiencyExamples(contract.IFEfficiencyExamples__mWithoutBlockContract()).Non-interference contract.0.key 
68357      DEBUG main            d.u.i.k.p.i.KeYFile       Reading KeY file file:/home/runner/work/key/key/key.core/build/resources/main/de/uka/ilkd/key/java/JavaRedux/java/lang/String.key 
68360      DEBUG main            d.u.i.k.p.i.KeYFile       Read specifications obtained when parsing the Java files (usually JML and Strings.key) from file:/home/runner/work/key/key/key.core/build/resources/main/de/uka/ilkd/key/java/JavaRedux/java/lang/String.key 
70152      DEBUG main            d.u.i.k.p.i.KeYFile       Read specifications obtained when parsing the Java files (usually JML and Strings.key) from /home/runner/work/key/key/key.core/../key.ui/examples/InformationFlow/BlockContracts/contract.IFEfficiencyExamples(contract.IFEfficiencyExamples__mWithoutBlockContract()).Non-interference contract.0.key 
70225      DEBUG Thread-31       d.u.i.k.j.TypeConverter   typeconverter: (prefix this;, class class de.uka.ilkd.key.java.reference.ThisReference) 
70238      DEBUG Thread-31       d.u.i.k.j.TypeConverter   typeconverter: (prefix this;, class class de.uka.ilkd.key.java.reference.ThisReference) 
70259      DEBUG Thread-31       d.u.i.k.j.TypeConverter   typeconverter: (prefix this;, class class de.uka.ilkd.key.java.reference.ThisReference) 
70276      DEBUG Thread-31       d.u.i.k.j.TypeConverter   typeconverter: (prefix this;, class class de.uka.ilkd.key.java.reference.ThisReference) 
70311      DEBUG Thread-31       d.u.i.k.j.TypeConverter   typeconverter: (prefix this;, class class de.uka.ilkd.key.java.reference.ThisReference) 
70328      DEBUG Thread-31       d.u.i.k.j.TypeConverter   typeconverter: (prefix this;, class class de.uka.ilkd.key.java.reference.ThisReference) 
70348      DEBUG Thread-31       d.u.i.k.j.TypeConverter   typeconverter: (prefix this;, class class de.uka.ilkd.key.java.reference.ThisReference) 
70368      DEBUG Thread-31       d.u.i.k.j.TypeConverter   typeconverter: (prefix this;, class class de.uka.ilkd.key.java.reference.ThisReference) 
70386      DEBUG Thread-31       d.u.i.k.j.TypeConverter   typeconverter: (prefix this;, class class de.uka.ilkd.key.java.reference.ThisReference) 
70393      DEBUG Thread-31       d.u.i.k.j.TypeConverter   typeconverter: (prefix this;, class class de.uka.ilkd.key.java.reference.ThisReference) 
70396      DEBUG Thread-31       d.u.i.k.j.TypeConverter   typeconverter: (prefix this;, class class de.uka.ilkd.key.java.reference.ThisReference) 
70436      DEBUG Thread-31       d.u.i.k.j.TypeConverter   typeconverter: (prefix this;, class class de.uka.ilkd.key.java.reference.ThisReference) 
70440      DEBUG Thread-31       d.u.i.k.j.TypeConverter   typeconverter: (prefix this;, class class de.uka.ilkd.key.java.reference.ThisReference) 
70448      DEBUG Thread-31       d.u.i.k.j.TypeConverter   typeconverter: (prefix this;, class class de.uka.ilkd.key.java.reference.ThisReference) 
70464      DEBUG Thread-31       d.u.i.k.j.TypeConverter   typeconverter: (prefix this;, class class de.uka.ilkd.key.java.reference.ThisReference) 
70469      DEBUG Thread-31       d.u.i.k.j.TypeConverter   typeconverter: (prefix this;, class class de.uka.ilkd.key.java.reference.ThisReference) 
70476      DEBUG Thread-31       d.u.i.k.j.TypeConverter   typeconverter: (prefix this;, class class de.uka.ilkd.key.java.reference.ThisReference) 
70484      DEBUG Thread-31       d.u.i.k.j.TypeConverter   typeconverter: (prefix this;, class class de.uka.ilkd.key.java.reference.ThisReference) 
70512      DEBUG Thread-31       d.u.i.k.j.TypeConverter   typeconverter: (prefix this;, class class de.uka.ilkd.key.java.reference.ThisReference) 
70517      DEBUG Thread-31       d.u.i.k.j.TypeConverter   typeconverter: (prefix this;, class class de.uka.ilkd.key.java.reference.ThisReference) 
70524      DEBUG Thread-31       d.u.i.k.j.TypeConverter   typeconverter: (prefix this;, class class de.uka.ilkd.key.java.reference.ThisReference) 
70532      DEBUG Thread-31       d.u.i.k.j.TypeConverter   typeconverter: (prefix this;, class class de.uka.ilkd.key.java.reference.ThisReference) 
70566      DEBUG Thread-31       d.u.i.k.j.TypeConverter   typeconverter: (prefix this;, class class de.uka.ilkd.key.java.reference.ThisReference) 
70573      DEBUG Thread-31       d.u.i.k.j.TypeConverter   typeconverter: (prefix this;, class class de.uka.ilkd.key.java.reference.ThisReference) 
70576      DEBUG Thread-31       d.u.i.k.j.TypeConverter   typeconverter: (prefix this;, class class de.uka.ilkd.key.java.reference.ThisReference) 
70600      DEBUG Thread-31       d.u.i.k.j.TypeConverter   typeconverter: (prefix this;, class class de.uka.ilkd.key.java.reference.ThisReference) 
70605      DEBUG Thread-31       d.u.i.k.j.TypeConverter   typeconverter: (prefix this;, class class de.uka.ilkd.key.java.reference.ThisReference) 
70612      DEBUG Thread-31       d.u.i.k.j.TypeConverter   typeconverter: (prefix this;, class class de.uka.ilkd.key.java.reference.ThisReference) 
70619      DEBUG Thread-31       d.u.i.k.j.TypeConverter   typeconverter: (prefix this;, class class de.uka.ilkd.key.java.reference.ThisReference) 
70645      DEBUG Thread-31       d.u.i.k.j.TypeConverter   typeconverter: (prefix this;, class class de.uka.ilkd.key.java.reference.ThisReference) 
70654      DEBUG Thread-31       d.u.i.k.j.TypeConverter   typeconverter: (prefix this;, class class de.uka.ilkd.key.java.reference.ThisReference) 
70678      DEBUG Thread-31       d.u.i.k.j.TypeConverter   typeconverter: (prefix this;, class class de.uka.ilkd.key.java.reference.ThisReference) 
70681      DEBUG Thread-31       d.u.i.k.j.TypeConverter   typeconverter: (prefix this;, class class de.uka.ilkd.key.java.reference.ThisReference) 
70689      DEBUG Thread-31       d.u.i.k.j.TypeConverter   typeconverter: (prefix this;, class class de.uka.ilkd.key.java.reference.ThisReference) 
70715      DEBUG Thread-31       d.u.i.k.j.TypeConverter   typeconverter: (prefix this;, class class de.uka.ilkd.key.java.reference.ThisReference) 
70719      DEBUG Thread-31       d.u.i.k.j.TypeConverter   typeconverter: (prefix this;, class class de.uka.ilkd.key.java.reference.ThisReference) 
70729      DEBUG Thread-31       d.u.i.k.j.TypeConverter   typeconverter: (prefix this;, class class de.uka.ilkd.key.java.reference.ThisReference) 
70742      DEBUG Thread-31       d.u.i.k.j.TypeConverter   typeconverter: (prefix this;, class class de.uka.ilkd.key.java.reference.ThisReference) 
70747      DEBUG Thread-31       d.u.i.k.j.TypeConverter   typeconverter: (prefix this;, class class de.uka.ilkd.key.java.reference.ThisReference) 
70754      DEBUG Thread-31       d.u.i.k.j.TypeConverter   typeconverter: (prefix this;, class class de.uka.ilkd.key.java.reference.ThisReference) 
70762      DEBUG Thread-31       d.u.i.k.j.TypeConverter   typeconverter: (prefix this;, class class de.uka.ilkd.key.java.reference.ThisReference) 
70796      DEBUG Thread-31       d.u.i.k.j.TypeConverter   typeconverter: (prefix this;, class class de.uka.ilkd.key.java.reference.ThisReference) 
70801      DEBUG Thread-31       d.u.i.k.j.TypeConverter   typeconverter: (prefix this;, class class de.uka.ilkd.key.java.reference.ThisReference) 
70810      DEBUG Thread-31       d.u.i.k.j.TypeConverter   typeconverter: (prefix this;, class class de.uka.ilkd.key.java.reference.ThisReference) 
70825      DEBUG Thread-31       d.u.i.k.j.TypeConverter   typeconverter: (prefix this;, class class de.uka.ilkd.key.java.reference.ThisReference) 
70833      DEBUG Thread-31       d.u.i.k.j.TypeConverter   typeconverter: (prefix this;, class class de.uka.ilkd.key.java.reference.ThisReference) 
70856      DEBUG Thread-31       d.u.i.k.j.TypeConverter   typeconverter: (prefix this;, class class de.uka.ilkd.key.java.reference.ThisReference) 
70874      DEBUG Thread-31       d.u.i.k.j.TypeConverter   typeconverter: (prefix this;, class class de.uka.ilkd.key.java.reference.ThisReference) 
70878      DEBUG Thread-31       d.u.i.k.j.TypeConverter   typeconverter: (prefix this;, class class de.uka.ilkd.key.java.reference.ThisReference) 
70887      DEBUG Thread-31       d.u.i.k.j.TypeConverter   typeconverter: (prefix this;, class class de.uka.ilkd.key.java.reference.ThisReference) 
70910      DEBUG Thread-31       d.u.i.k.j.TypeConverter   typeconverter: (prefix this;, class class de.uka.ilkd.key.java.reference.ThisReference) 
70917      DEBUG Thread-31       d.u.i.k.j.TypeConverter   typeconverter: (prefix this;, class class de.uka.ilkd.key.java.reference.ThisReference) 
70920      DEBUG Thread-31       d.u.i.k.j.TypeConverter   typeconverter: (prefix this;, class class de.uka.ilkd.key.java.reference.ThisReference) 
70944      DEBUG Thread-31       d.u.i.k.j.TypeConverter   typeconverter: (prefix this;, class class de.uka.ilkd.key.java.reference.ThisReference) 
70949      DEBUG Thread-31       d.u.i.k.j.TypeConverter   typeconverter: (prefix this;, class class de.uka.ilkd.key.java.reference.ThisReference) 
70955      DEBUG Thread-31       d.u.i.k.j.TypeConverter   typeconverter: (prefix this;, class class de.uka.ilkd.key.java.reference.ThisReference) 
70963      DEBUG Thread-31       d.u.i.k.j.TypeConverter   typeconverter: (prefix this;, class class de.uka.ilkd.key.java.reference.ThisReference) 
71015      DEBUG Thread-31       d.u.i.k.j.TypeConverter   typeconverter: (prefix this;, class class de.uka.ilkd.key.java.reference.ThisReference) 
71023      DEBUG Thread-31       d.u.i.k.j.TypeConverter   typeconverter: (prefix this;, class class de.uka.ilkd.key.java.reference.ThisReference) 
71043      DEBUG Thread-31       d.u.i.k.j.TypeConverter   typeconverter: (prefix this;, class class de.uka.ilkd.key.java.reference.ThisReference) 
71047      DEBUG Thread-31       d.u.i.k.j.TypeConverter   typeconverter: (prefix this;, class class de.uka.ilkd.key.java.reference.ThisReference) 
71056      DEBUG Thread-31       d.u.i.k.j.TypeConverter   typeconverter: (prefix this;, class class de.uka.ilkd.key.java.reference.ThisReference) 
71079      DEBUG Thread-31       d.u.i.k.j.TypeConverter   typeconverter: (prefix this;, class class de.uka.ilkd.key.java.reference.ThisReference) 
71083      DEBUG Thread-31       d.u.i.k.j.TypeConverter   typeconverter: (prefix this;, class class de.uka.ilkd.key.java.reference.ThisReference) 
71092      DEBUG Thread-31       d.u.i.k.j.TypeConverter   typeconverter: (prefix this;, class class de.uka.ilkd.key.java.reference.ThisReference) 
71109      DEBUG Thread-31       d.u.i.k.j.TypeConverter   typeconverter: (prefix this;, class class de.uka.ilkd.key.java.reference.ThisReference) 
71117      DEBUG Thread-31       d.u.i.k.j.TypeConverter   typeconverter: (prefix this;, class class de.uka.ilkd.key.java.reference.ThisReference) 
71131      DEBUG Thread-31       d.u.i.k.j.TypeConverter   typeconverter: (prefix this;, class class de.uka.ilkd.key.java.reference.ThisReference) 
71138      DEBUG Thread-31       d.u.i.k.j.TypeConverter   typeconverter: (prefix this;, class class de.uka.ilkd.key.java.reference.ThisReference) 
71158      DEBUG Thread-31       d.u.i.k.j.TypeConverter   typeconverter: (prefix this;, class class de.uka.ilkd.key.java.reference.ThisReference) 
71179      DEBUG Thread-31       d.u.i.k.j.TypeConverter   typeconverter: (prefix this;, class class de.uka.ilkd.key.java.reference.ThisReference) 
71198      DEBUG Thread-31       d.u.i.k.j.TypeConverter   typeconverter: (prefix this;, class class de.uka.ilkd.key.java.reference.ThisReference) 
71205      DEBUG Thread-31       d.u.i.k.j.TypeConverter   typeconverter: (prefix this;, class class de.uka.ilkd.key.java.reference.ThisReference) 
71209      DEBUG Thread-31       d.u.i.k.j.TypeConverter   typeconverter: (prefix this;, class class de.uka.ilkd.key.java.reference.ThisReference) 
71255      DEBUG Thread-31       d.u.i.k.j.TypeConverter   typeconverter: (prefix this;, class class de.uka.ilkd.key.java.reference.ThisReference) 
71259      DEBUG Thread-31       d.u.i.k.j.TypeConverter   typeconverter: (prefix this;, class class de.uka.ilkd.key.java.reference.ThisReference) 
71271      DEBUG Thread-31       d.u.i.k.j.TypeConverter   typeconverter: (prefix this;, class class de.uka.ilkd.key.java.reference.ThisReference) 
71285      DEBUG Thread-31       d.u.i.k.j.TypeConverter   typeconverter: (prefix this;, class class de.uka.ilkd.key.java.reference.ThisReference) 
71289      DEBUG Thread-31       d.u.i.k.j.TypeConverter   typeconverter: (prefix this;, class class de.uka.ilkd.key.java.reference.ThisReference) 
71297      DEBUG Thread-31       d.u.i.k.j.TypeConverter   typeconverter: (prefix this;, class class de.uka.ilkd.key.java.reference.ThisReference) 
71304      DEBUG Thread-31       d.u.i.k.j.TypeConverter   typeconverter: (prefix this;, class class de.uka.ilkd.key.java.reference.ThisReference) 
71333      DEBUG Thread-31       d.u.i.k.j.TypeConverter   typeconverter: (prefix this;, class class de.uka.ilkd.key.java.reference.ThisReference) 
71338      DEBUG Thread-31       d.u.i.k.j.TypeConverter   typeconverter: (prefix this;, class class de.uka.ilkd.key.java.reference.ThisReference) 
71345      DEBUG Thread-31       d.u.i.k.j.TypeConverter   typeconverter: (prefix this;, class class de.uka.ilkd.key.java.reference.ThisReference) 
71353      DEBUG Thread-31       d.u.i.k.j.TypeConverter   typeconverter: (prefix this;, class class de.uka.ilkd.key.java.reference.ThisReference) 
71398      DEBUG Thread-31       d.u.i.k.j.TypeConverter   typeconverter: (prefix this;, class class de.uka.ilkd.key.java.reference.ThisReference) 
71402      DEBUG Thread-31       d.u.i.k.j.TypeConverter   typeconverter: (prefix this;, class class de.uka.ilkd.key.java.reference.ThisReference) 
71414      DEBUG Thread-31       d.u.i.k.j.TypeConverter   typeconverter: (prefix this;, class class de.uka.ilkd.key.java.reference.ThisReference) 
71427      DEBUG Thread-31       d.u.i.k.j.TypeConverter   typeconverter: (prefix this;, class class de.uka.ilkd.key.java.reference.ThisReference) 
71432      DEBUG Thread-31       d.u.i.k.j.TypeConverter   typeconverter: (prefix this;, class class de.uka.ilkd.key.java.reference.ThisReference) 
71439      DEBUG Thread-31       d.u.i.k.j.TypeConverter   typeconverter: (prefix this;, class class de.uka.ilkd.key.java.reference.ThisReference) 
71447      DEBUG Thread-31       d.u.i.k.j.TypeConverter   typeconverter: (prefix this;, class class de.uka.ilkd.key.java.reference.ThisReference) 
71475      DEBUG Thread-31       d.u.i.k.j.TypeConverter   typeconverter: (prefix this;, class class de.uka.ilkd.key.java.reference.ThisReference) 
71483      DEBUG Thread-31       d.u.i.k.j.TypeConverter   typeconverter: (prefix this;, class class de.uka.ilkd.key.java.reference.ThisReference) 
71508      DEBUG Thread-31       d.u.i.k.j.TypeConverter   typeconverter: (prefix this;, class class de.uka.ilkd.key.java.reference.ThisReference) 
71512      DEBUG Thread-31       d.u.i.k.j.TypeConverter   typeconverter: (prefix this;, class class de.uka.ilkd.key.java.reference.ThisReference) 
71524      DEBUG Thread-31       d.u.i.k.j.TypeConverter   typeconverter: (prefix this;, class class de.uka.ilkd.key.java.reference.ThisReference) 
71552      DEBUG Thread-31       d.u.i.k.j.TypeConverter   typeconverter: (prefix this;, class class de.uka.ilkd.key.java.reference.ThisReference) 
71556      DEBUG Thread-31       d.u.i.k.j.TypeConverter   typeconverter: (prefix this;, class class de.uka.ilkd.key.java.reference.ThisReference) 
71570      DEBUG Thread-31       d.u.i.k.j.TypeConverter   typeconverter: (prefix this;, class class de.uka.ilkd.key.java.reference.ThisReference) 
71584      DEBUG Thread-31       d.u.i.k.j.TypeConverter   typeconverter: (prefix this;, class class de.uka.ilkd.key.java.reference.ThisReference) 
71588      DEBUG Thread-31       d.u.i.k.j.TypeConverter   typeconverter: (prefix this;, class class de.uka.ilkd.key.java.reference.ThisReference) 
71596      DEBUG Thread-31       d.u.i.k.j.TypeConverter   typeconverter: (prefix this;, class class de.uka.ilkd.key.java.reference.ThisReference) 
71603      DEBUG Thread-31       d.u.i.k.j.TypeConverter   typeconverter: (prefix this;, class class de.uka.ilkd.key.java.reference.ThisReference) 
71645      DEBUG Thread-31       d.u.i.k.j.TypeConverter   typeconverter: (prefix this;, class class de.uka.ilkd.key.java.reference.ThisReference) 
71649      DEBUG Thread-31       d.u.i.k.j.TypeConverter   typeconverter: (prefix this;, class class de.uka.ilkd.key.java.reference.ThisReference) 
71663      DEBUG Thread-31       d.u.i.k.j.TypeConverter   typeconverter: (prefix this;, class class de.uka.ilkd.key.java.reference.ThisReference) 
71715      DEBUG Thread-31       d.u.i.k.j.TypeConverter   typeconverter: (prefix this;, class class de.uka.ilkd.key.java.reference.ThisReference) 
71723      DEBUG Thread-31       d.u.i.k.j.TypeConverter   typeconverter: (prefix this;, class class de.uka.ilkd.key.java.reference.ThisReference) 
71746      DEBUG Thread-31       d.u.i.k.j.TypeConverter   typeconverter: (prefix this;, class class de.uka.ilkd.key.java.reference.ThisReference) 
71767      DEBUG Thread-31       d.u.i.k.j.TypeConverter   typeconverter: (prefix this;, class class de.uka.ilkd.key.java.reference.ThisReference) 
71771      DEBUG Thread-31       d.u.i.k.j.TypeConverter   typeconverter: (prefix this;, class class de.uka.ilkd.key.java.reference.ThisReference) 
71785      DEBUG Thread-31       d.u.i.k.j.TypeConverter   typeconverter: (prefix this;, class class de.uka.ilkd.key.java.reference.ThisReference) 
71815      DEBUG Thread-31       d.u.i.k.j.TypeConverter   typeconverter: (prefix this;, class class de.uka.ilkd.key.java.reference.ThisReference) 
71819      DEBUG Thread-31       d.u.i.k.j.TypeConverter   typeconverter: (prefix this;, class class de.uka.ilkd.key.java.reference.ThisReference) 
71831      DEBUG Thread-31       d.u.i.k.j.TypeConverter   typeconverter: (prefix this;, class class de.uka.ilkd.key.java.reference.ThisReference) 
71844      DEBUG Thread-31       d.u.i.k.j.TypeConverter   typeconverter: (prefix this;, class class de.uka.ilkd.key.java.reference.ThisReference) 
71849      DEBUG Thread-31       d.u.i.k.j.TypeConverter   typeconverter: (prefix this;, class class de.uka.ilkd.key.java.reference.ThisReference) 
71856      DEBUG Thread-31       d.u.i.k.j.TypeConverter   typeconverter: (prefix this;, class class de.uka.ilkd.key.java.reference.ThisReference) 
71864      DEBUG Thread-31       d.u.i.k.j.TypeConverter   typeconverter: (prefix this;, class class de.uka.ilkd.key.java.reference.ThisReference) 
71893      DEBUG Thread-31       d.u.i.k.j.TypeConverter   typeconverter: (prefix this;, class class de.uka.ilkd.key.java.reference.ThisReference) 
71901      DEBUG Thread-31       d.u.i.k.j.TypeConverter   typeconverter: (prefix this;, class class de.uka.ilkd.key.java.reference.ThisReference) 
71922      DEBUG Thread-31       d.u.i.k.j.TypeConverter   typeconverter: (prefix this;, class class de.uka.ilkd.key.java.reference.ThisReference) 
71927      DEBUG Thread-31       d.u.i.k.j.TypeConverter   typeconverter: (prefix this;, class class de.uka.ilkd.key.java.reference.ThisReference) 
71941      DEBUG Thread-31       d.u.i.k.j.TypeConverter   typeconverter: (prefix this;, class class de.uka.ilkd.key.java.reference.ThisReference) 
71967      DEBUG Thread-31       d.u.i.k.j.TypeConverter   typeconverter: (prefix this;, class class de.uka.ilkd.key.java.reference.ThisReference) 
71972      DEBUG Thread-31       d.u.i.k.j.TypeConverter   typeconverter: (prefix this;, class class de.uka.ilkd.key.java.reference.ThisReference) 
71986      DEBUG Thread-31       d.u.i.k.j.TypeConverter   typeconverter: (prefix this;, class class de.uka.ilkd.key.java.reference.ThisReference) 
72001      DEBUG Thread-31       d.u.i.k.j.TypeConverter   typeconverter: (prefix this;, class class de.uka.ilkd.key.java.reference.ThisReference) 
72008      DEBUG Thread-31       d.u.i.k.j.TypeConverter   typeconverter: (prefix this;, class class de.uka.ilkd.key.java.reference.ThisReference) 
72023      DEBUG Thread-31       d.u.i.k.j.TypeConverter   typeconverter: (prefix this;, class class de.uka.ilkd.key.java.reference.ThisReference) 
72030      DEBUG Thread-31       d.u.i.k.j.TypeConverter   typeconverter: (prefix this;, class class de.uka.ilkd.key.java.reference.ThisReference) 
72050      DEBUG Thread-31       d.u.i.k.j.TypeConverter   typeconverter: (prefix this;, class class de.uka.ilkd.key.java.reference.ThisReference) 
72068      DEBUG Thread-31       d.u.i.k.j.TypeConverter   typeconverter: (prefix this;, class class de.uka.ilkd.key.java.reference.ThisReference) 
72090      DEBUG Thread-31       d.u.i.k.j.TypeConverter   typeconverter: (prefix this;, class class de.uka.ilkd.key.java.reference.ThisReference) 
72112      DEBUG Thread-31       d.u.i.k.j.TypeConverter   typeconverter: (prefix this;, class class de.uka.ilkd.key.java.reference.ThisReference) 
72132      DEBUG Thread-31       d.u.i.k.j.TypeConverter   typeconverter: (prefix this;, class class de.uka.ilkd.key.java.reference.ThisReference) 
72139      DEBUG Thread-31       d.u.i.k.j.TypeConverter   typeconverter: (prefix this;, class class de.uka.ilkd.key.java.reference.ThisReference) 
72143      DEBUG Thread-31       d.u.i.k.j.TypeConverter   typeconverter: (prefix this;, class class de.uka.ilkd.key.java.reference.ThisReference) 
72185      DEBUG Thread-31       d.u.i.k.j.TypeConverter   typeconverter: (prefix this;, class class de.uka.ilkd.key.java.reference.ThisReference) 
72188      DEBUG Thread-31       d.u.i.k.j.TypeConverter   typeconverter: (prefix this;, class class de.uka.ilkd.key.java.reference.ThisReference) 
72197      DEBUG Thread-31       d.u.i.k.j.TypeConverter   typeconverter: (prefix this;, class class de.uka.ilkd.key.java.reference.ThisReference) 
72210      DEBUG Thread-31       d.u.i.k.j.TypeConverter   typeconverter: (prefix this;, class class de.uka.ilkd.key.java.reference.ThisReference) 
72219      DEBUG Thread-31       d.u.i.k.j.TypeConverter   typeconverter: (prefix this;, class class de.uka.ilkd.key.java.reference.ThisReference) 
72227      DEBUG Thread-31       d.u.i.k.j.TypeConverter   typeconverter: (prefix this;, class class de.uka.ilkd.key.java.reference.ThisReference) 
72238      DEBUG Thread-31       d.u.i.k.j.TypeConverter   typeconverter: (prefix this;, class class de.uka.ilkd.key.java.reference.ThisReference) 
72251      DEBUG Thread-31       d.u.i.k.j.TypeConverter   typeconverter: (prefix this;, class class de.uka.ilkd.key.java.reference.ThisReference) 
72255      DEBUG Thread-31       d.u.i.k.j.TypeConverter   typeconverter: (prefix this;, class class de.uka.ilkd.key.java.reference.ThisReference) 
72263      DEBUG Thread-31       d.u.i.k.j.TypeConverter   typeconverter: (prefix this;, class class de.uka.ilkd.key.java.reference.ThisReference) 
72271      DEBUG Thread-31       d.u.i.k.j.TypeConverter   typeconverter: (prefix this;, class class de.uka.ilkd.key.java.reference.ThisReference) 
72312      DEBUG Thread-31       d.u.i.k.j.TypeConverter   typeconverter: (prefix this;, class class de.uka.ilkd.key.java.reference.ThisReference) 
72316      DEBUG Thread-31       d.u.i.k.j.TypeConverter   typeconverter: (prefix this;, class class de.uka.ilkd.key.java.reference.ThisReference) 
72325      DEBUG Thread-31       d.u.i.k.j.TypeConverter   typeconverter: (prefix this;, class class de.uka.ilkd.key.java.reference.ThisReference) 
72337      DEBUG Thread-31       d.u.i.k.j.TypeConverter   typeconverter: (prefix this;, class class de.uka.ilkd.key.java.reference.ThisReference) 
72342      DEBUG Thread-31       d.u.i.k.j.TypeConverter   typeconverter: (prefix this;, class class de.uka.ilkd.key.java.reference.ThisReference) 
72381      DEBUG Thread-31       d.u.i.k.j.TypeConverter   typeconverter: (prefix this;, class class de.uka.ilkd.key.java.reference.ThisReference) 
72389      DEBUG Thread-31       d.u.i.k.j.TypeConverter   typeconverter: (prefix this;, class class de.uka.ilkd.key.java.reference.ThisReference) 
72415      DEBUG Thread-31       d.u.i.k.j.TypeConverter   typeconverter: (prefix this;, class class de.uka.ilkd.key.java.reference.ThisReference) 
72423      DEBUG Thread-31       d.u.i.k.j.TypeConverter   typeconverter: (prefix this;, class class de.uka.ilkd.key.java.reference.ThisReference) 
72450      DEBUG Thread-31       d.u.i.k.j.TypeConverter   typeconverter: (prefix this;, class class de.uka.ilkd.key.java.reference.ThisReference) 
72454      DEBUG Thread-31       d.u.i.k.j.TypeConverter   typeconverter: (prefix this;, class class de.uka.ilkd.key.java.reference.ThisReference) 
72464      DEBUG Thread-31       d.u.i.k.j.TypeConverter   typeconverter: (prefix this;, class class de.uka.ilkd.key.java.reference.ThisReference) 
72492      DEBUG Thread-31       d.u.i.k.j.TypeConverter   typeconverter: (prefix this;, class class de.uka.ilkd.key.java.reference.ThisReference) 
72496      DEBUG Thread-31       d.u.i.k.j.TypeConverter   typeconverter: (prefix this;, class class de.uka.ilkd.key.java.reference.ThisReference) 
72507      DEBUG Thread-31       d.u.i.k.j.TypeConverter   typeconverter: (prefix this;, class class de.uka.ilkd.key.java.reference.ThisReference) 
72521      DEBUG Thread-31       d.u.i.k.j.TypeConverter   typeconverter: (prefix this;, class class de.uka.ilkd.key.java.reference.ThisReference) 
72526      DEBUG Thread-31       d.u.i.k.j.TypeConverter   typeconverter: (prefix this;, class class de.uka.ilkd.key.java.reference.ThisReference) 
72533      DEBUG Thread-31       d.u.i.k.j.TypeConverter   typeconverter: (prefix this;, class class de.uka.ilkd.key.java.reference.ThisReference) 
72542      DEBUG Thread-31       d.u.i.k.j.TypeConverter   typeconverter: (prefix this;, class class de.uka.ilkd.key.java.reference.ThisReference) 
72581      DEBUG Thread-31       d.u.i.k.j.TypeConverter   typeconverter: (prefix this;, class class de.uka.ilkd.key.java.reference.ThisReference) 
72586      DEBUG Thread-31       d.u.i.k.j.TypeConverter   typeconverter: (prefix this;, class class de.uka.ilkd.key.java.reference.ThisReference) 
72596      DEBUG Thread-31       d.u.i.k.j.TypeConverter   typeconverter: (prefix this;, class class de.uka.ilkd.key.java.reference.ThisReference) 
72610      DEBUG Thread-31       d.u.i.k.j.TypeConverter   typeconverter: (prefix this;, class class de.uka.ilkd.key.java.reference.ThisReference) 
72618      DEBUG Thread-31       d.u.i.k.j.TypeConverter   typeconverter: (prefix this;, class class de.uka.ilkd.key.java.reference.ThisReference) 
72643      DEBUG Thread-31       d.u.i.k.j.TypeConverter   typeconverter: (prefix this;, class class de.uka.ilkd.key.java.reference.ThisReference) 
72664      DEBUG Thread-31       d.u.i.k.j.TypeConverter   typeconverter: (prefix this;, class class de.uka.ilkd.key.java.reference.ThisReference) 
72668      DEBUG Thread-31       d.u.i.k.j.TypeConverter   typeconverter: (prefix this;, class class de.uka.ilkd.key.java.reference.ThisReference) 
72679      DEBUG Thread-31       d.u.i.k.j.TypeConverter   typeconverter: (prefix this;, class class de.uka.ilkd.key.java.reference.ThisReference) 
72710      DEBUG Thread-31       d.u.i.k.j.TypeConverter   typeconverter: (prefix this;, class class de.uka.ilkd.key.java.reference.ThisReference) 
72715      DEBUG Thread-31       d.u.i.k.j.TypeConverter   typeconverter: (prefix this;, class class de.uka.ilkd.key.java.reference.ThisReference) 
72724      DEBUG Thread-31       d.u.i.k.j.TypeConverter   typeconverter: (prefix this;, class class de.uka.ilkd.key.java.reference.ThisReference) 
72737      DEBUG Thread-31       d.u.i.k.j.TypeConverter   typeconverter: (prefix this;, class class de.uka.ilkd.key.java.reference.ThisReference) 
72741      DEBUG Thread-31       d.u.i.k.j.TypeConverter   typeconverter: (prefix this;, class class de.uka.ilkd.key.java.reference.ThisReference) 
72749      DEBUG Thread-31       d.u.i.k.j.TypeConverter   typeconverter: (prefix this;, class class de.uka.ilkd.key.java.reference.ThisReference) 
72756      DEBUG Thread-31       d.u.i.k.j.TypeConverter   typeconverter: (prefix this;, class class de.uka.ilkd.key.java.reference.ThisReference) 
72781      DEBUG Thread-31       d.u.i.k.j.TypeConverter   typeconverter: (prefix this;, class class de.uka.ilkd.key.java.reference.ThisReference) 
72788      DEBUG Thread-31       d.u.i.k.j.TypeConverter   typeconverter: (prefix this;, class class de.uka.ilkd.key.java.reference.ThisReference) 
72810      DEBUG Thread-31       d.u.i.k.j.TypeConverter   typeconverter: (prefix this;, class class de.uka.ilkd.key.java.reference.ThisReference) 
72814      DEBUG Thread-31       d.u.i.k.j.TypeConverter   typeconverter: (prefix this;, class class de.uka.ilkd.key.java.reference.ThisReference) 
72824      DEBUG Thread-31       d.u.i.k.j.TypeConverter   typeconverter: (prefix this;, class class de.uka.ilkd.key.java.reference.ThisReference) 
72849      DEBUG Thread-31       d.u.i.k.j.TypeConverter   typeconverter: (prefix this;, class class de.uka.ilkd.key.java.reference.ThisReference) 
72853      DEBUG Thread-31       d.u.i.k.j.TypeConverter   typeconverter: (prefix this;, class class de.uka.ilkd.key.java.reference.ThisReference) 
72863      DEBUG Thread-31       d.u.i.k.j.TypeConverter   typeconverter: (prefix this;, class class de.uka.ilkd.key.java.reference.ThisReference) 
72912      INFO  main            d.u.i.k.p.r.p.TestFile    ... finished proof: closed. 
73140      DEBUG main            d.u.i.k.s.TermLabelSettings TermLabelSettings: Failure while reading the setting "UseOriginLabels".Using the default value: true.The string read was: null 
73140      INFO  main            d.u.i.k.p.r.p.TestFile    Now processing file /home/runner/work/key/key/key.core/../key.ui/examples/InformationFlow/BlockContracts/contract.IFEfficiencyExamples(contract.IFEfficiencyExamples__mWithBlockContract()).Non-interference contract.0.key 
74008      DEBUG main            d.u.i.k.j.Recoder2KeY     converting now /home/runner/work/key/key/key.core/../key.ui/examples/InformationFlow/BlockContracts/src/contract/IFBlockExamples.java 
74009      DEBUG main            d.u.i.k.j.Recoder2KeY     converting now /home/runner/work/key/key/key.core/../key.ui/examples/InformationFlow/BlockContracts/src/contract/IFEfficiencyExamples.java 
74013      DEBUG main            d.u.i.k.s.TermLabelSettings TermLabelSettings: Failure while reading the setting "UseOriginLabels".Using the default value: true.The string read was: null 
74013      DEBUG main            d.u.i.k.p.i.KeYFile       Reading KeY file /home/runner/work/key/key/key.core/../key.ui/examples/InformationFlow/BlockContracts/contract.IFEfficiencyExamples(contract.IFEfficiencyExamples__mWithBlockContract()).Non-interference contract.0.key 
74014      DEBUG main            d.u.i.k.p.i.KeYFile       Reading KeY file file:/home/runner/work/key/key/key.core/build/resources/main/de/uka/ilkd/key/java/JavaRedux/java/lang/String.key 
74016      DEBUG main            d.u.i.k.p.i.KeYFile       Read specifications obtained when parsing the Java files (usually JML and Strings.key) from file:/home/runner/work/key/key/key.core/build/resources/main/de/uka/ilkd/key/java/JavaRedux/java/lang/String.key 
75804      DEBUG main            d.u.i.k.p.i.KeYFile       Read specifications obtained when parsing the Java files (usually JML and Strings.key) from /home/runner/work/key/key/key.core/../key.ui/examples/InformationFlow/BlockContracts/contract.IFEfficiencyExamples(contract.IFEfficiencyExamples__mWithBlockContract()).Non-interference contract.0.key 
76573      DEBUG Thread-33       d.u.i.k.j.TypeConverter   typeconverter: (prefix this;, class class de.uka.ilkd.key.java.reference.ThisReference) 
76589      DEBUG Thread-33       d.u.i.k.j.TypeConverter   typeconverter: (prefix this;, class class de.uka.ilkd.key.java.reference.ThisReference) 
76593      DEBUG Thread-33       d.u.i.k.j.TypeConverter   typeconverter: (prefix this;, class class de.uka.ilkd.key.java.reference.ThisReference) 
76601      DEBUG Thread-33       d.u.i.k.j.TypeConverter   typeconverter: (prefix this;, class class de.uka.ilkd.key.java.reference.ThisReference) 
76605      DEBUG Thread-33       d.u.i.k.j.TypeConverter   typeconverter: (prefix this;, class class de.uka.ilkd.key.java.reference.ThisReference) 
76612      DEBUG Thread-33       d.u.i.k.j.TypeConverter   typeconverter: (prefix this;, class class de.uka.ilkd.key.java.reference.ThisReference) 
76731      DEBUG Thread-33       d.u.i.k.j.TypeConverter   typeconverter: (prefix this;, class class de.uka.ilkd.key.java.reference.ThisReference) 
76746      DEBUG Thread-33       d.u.i.k.j.TypeConverter   typeconverter: (prefix this;, class class de.uka.ilkd.key.java.reference.ThisReference) 
76750      DEBUG Thread-33       d.u.i.k.j.TypeConverter   typeconverter: (prefix this;, class class de.uka.ilkd.key.java.reference.ThisReference) 
76757      DEBUG Thread-33       d.u.i.k.j.TypeConverter   typeconverter: (prefix this;, class class de.uka.ilkd.key.java.reference.ThisReference) 
76761      DEBUG Thread-33       d.u.i.k.j.TypeConverter   typeconverter: (prefix this;, class class de.uka.ilkd.key.java.reference.ThisReference) 
76768      DEBUG Thread-33       d.u.i.k.j.TypeConverter   typeconverter: (prefix this;, class class de.uka.ilkd.key.java.reference.ThisReference) 
76873      DEBUG Thread-33       d.u.i.k.j.TypeConverter   typeconverter: (prefix this;, class class de.uka.ilkd.key.java.reference.ThisReference) 
76889      DEBUG Thread-33       d.u.i.k.j.TypeConverter   typeconverter: (prefix this;, class class de.uka.ilkd.key.java.reference.ThisReference) 
76982      DEBUG Thread-33       d.u.i.k.j.TypeConverter   typeconverter: (prefix this;, class class de.uka.ilkd.key.java.reference.ThisReference) 
76998      DEBUG Thread-33       d.u.i.k.j.TypeConverter   typeconverter: (prefix this;, class class de.uka.ilkd.key.java.reference.ThisReference) 
77035      DEBUG Thread-33       d.u.i.k.j.TypeConverter   typeconverter: (prefix this;, class class de.uka.ilkd.key.java.reference.ThisReference) 
77113      DEBUG Thread-33       d.u.i.k.j.TypeConverter   typeconverter: (prefix this;, class class de.uka.ilkd.key.java.reference.ThisReference) 
77128      DEBUG Thread-33       d.u.i.k.j.TypeConverter   typeconverter: (prefix this;, class class de.uka.ilkd.key.java.reference.ThisReference) 
77185      DEBUG Thread-33       d.u.i.k.j.TypeConverter   typeconverter: (prefix this;, class class de.uka.ilkd.key.java.reference.ThisReference) 
77200      DEBUG Thread-33       d.u.i.k.j.TypeConverter   typeconverter: (prefix this;, class class de.uka.ilkd.key.java.reference.ThisReference) 
77236      DEBUG Thread-33       d.u.i.k.j.TypeConverter   typeconverter: (prefix this;, class class de.uka.ilkd.key.java.reference.ThisReference) 
77300      DEBUG Thread-33       d.u.i.k.j.TypeConverter   typeconverter: (prefix this;, class class de.uka.ilkd.key.java.reference.ThisReference) 
77314      DEBUG Thread-33       d.u.i.k.j.TypeConverter   typeconverter: (prefix this;, class class de.uka.ilkd.key.java.reference.ThisReference) 
77367      DEBUG Thread-33       d.u.i.k.j.TypeConverter   typeconverter: (prefix this;, class class de.uka.ilkd.key.java.reference.ThisReference) 
77383      DEBUG Thread-33       d.u.i.k.j.TypeConverter   typeconverter: (prefix this;, class class de.uka.ilkd.key.java.reference.ThisReference) 
77412      DEBUG Thread-33       d.u.i.k.j.TypeConverter   typeconverter: (prefix this;, class class de.uka.ilkd.key.java.reference.ThisReference) 
77471      DEBUG Thread-33       d.u.i.k.j.TypeConverter   typeconverter: (prefix this;, class class de.uka.ilkd.key.java.reference.ThisReference) 
77486      DEBUG Thread-33       d.u.i.k.j.TypeConverter   typeconverter: (prefix this;, class class de.uka.ilkd.key.java.reference.ThisReference) 
77537      DEBUG Thread-33       d.u.i.k.j.TypeConverter   typeconverter: (prefix this;, class class de.uka.ilkd.key.java.reference.ThisReference) 
77584      DEBUG Thread-33       d.u.i.k.j.TypeConverter   typeconverter: (prefix this;, class class de.uka.ilkd.key.java.reference.ThisReference) 
77613      DEBUG Thread-33       d.u.i.k.j.TypeConverter   typeconverter: (prefix this;, class class de.uka.ilkd.key.java.reference.ThisReference) 
77662      DEBUG Thread-33       d.u.i.k.j.TypeConverter   typeconverter: (prefix this;, class class de.uka.ilkd.key.java.reference.ThisReference) 
77675      DEBUG Thread-33       d.u.i.k.j.TypeConverter   typeconverter: (prefix this;, class class de.uka.ilkd.key.java.reference.ThisReference) 
77726      DEBUG Thread-33       d.u.i.k.j.TypeConverter   typeconverter: (prefix this;, class class de.uka.ilkd.key.java.reference.ThisReference) 
77741      DEBUG Thread-33       d.u.i.k.j.TypeConverter   typeconverter: (prefix this;, class class de.uka.ilkd.key.java.reference.ThisReference) 
77788      DEBUG Thread-33       d.u.i.k.j.TypeConverter   typeconverter: (prefix this;, class class de.uka.ilkd.key.java.reference.ThisReference) 
77801      DEBUG Thread-33       d.u.i.k.j.TypeConverter   typeconverter: (prefix this;, class class de.uka.ilkd.key.java.reference.ThisReference) 
77850      DEBUG Thread-33       d.u.i.k.j.TypeConverter   typeconverter: (prefix this;, class class de.uka.ilkd.key.java.reference.ThisReference) 
77866      DEBUG Thread-33       d.u.i.k.j.TypeConverter   typeconverter: (prefix this;, class class de.uka.ilkd.key.java.reference.ThisReference) 
77906      DEBUG Thread-33       d.u.i.k.j.TypeConverter   typeconverter: (prefix this;, class class de.uka.ilkd.key.java.reference.ThisReference) 
77919      DEBUG Thread-33       d.u.i.k.j.TypeConverter   typeconverter: (prefix this;, class class de.uka.ilkd.key.java.reference.ThisReference) 
77966      DEBUG Thread-33       d.u.i.k.j.TypeConverter   typeconverter: (prefix this;, class class de.uka.ilkd.key.java.reference.ThisReference) 
77981      DEBUG Thread-33       d.u.i.k.j.TypeConverter   typeconverter: (prefix this;, class class de.uka.ilkd.key.java.reference.ThisReference) 
78019      DEBUG Thread-33       d.u.i.k.j.TypeConverter   typeconverter: (prefix this;, class class de.uka.ilkd.key.java.reference.ThisReference) 
78031      DEBUG Thread-33       d.u.i.k.j.TypeConverter   typeconverter: (prefix this;, class class de.uka.ilkd.key.java.reference.ThisReference) 
78078      DEBUG Thread-33       d.u.i.k.j.TypeConverter   typeconverter: (prefix this;, class class de.uka.ilkd.key.java.reference.ThisReference) 
78093      DEBUG Thread-33       d.u.i.k.j.TypeConverter   typeconverter: (prefix this;, class class de.uka.ilkd.key.java.reference.ThisReference) 
78180      INFO  main            d.u.i.k.p.r.p.TestFile    ... finished proof: closed. 
887076     INFO  Test worker     d.u.i.k.p.r.RunAllProofsTestUnit Returning from test BlockContracts_nomacro 
887077     INFO  Test worker     d.u.i.k.p.r.RunAllProofsTestUnit Running test MethodContracts_nomacro 
307        INFO  Timeout watchdog d.u.i.k.p.r.p.ForkedTestFileRunner Timeout watcher launched (1000 secs.) 
325        WARN  main            d.u.i.k.s.ProofSettings   The settings in /home/runner/.key/proof-settings.props are *not* read. 
365        DEBUG main            d.u.i.k.s.TermLabelSettings TermLabelSettings: Failure while reading the setting "UseOriginLabels".Using the default value: true.The string read was: null 
365        INFO  main            d.u.i.k.p.r.p.TestFile    Now processing file /home/runner/work/key/key/key.core/../key.ui/examples/InformationFlow/MethodContracts/contract.IFMethodContract(contract.IFMethodContract__secure_recursion_2((I,int)).Non-interference contract.0.key 
1083       DEBUG main            d.u.i.k.p.i.KeYFile       Reading KeY file file:/home/runner/work/key/key/key.core/build/resources/main/de/uka/ilkd/key/proof/rules/ldt.key 
1083       DEBUG main            d.u.i.k.p.i.KeYFile       Read specifications obtained when parsing the Java files (usually JML and Strings.key) from file:/home/runner/work/key/key/key.core/build/resources/main/de/uka/ilkd/key/proof/rules/ldt.key 
1094       DEBUG main            d.u.i.k.p.i.KeYFile       Reading KeY file file:/home/runner/work/key/key/key.core/build/resources/main/de/uka/ilkd/key/proof/rules/propRule.key 
1095       DEBUG main            d.u.i.k.p.i.KeYFile       Read specifications obtained when parsing the Java files (usually JML and Strings.key) from file:/home/runner/work/key/key/key.core/build/resources/main/de/uka/ilkd/key/proof/rules/propRule.key 
1118       DEBUG main            d.u.i.k.p.i.KeYFile       Reading KeY file file:/home/runner/work/key/key/key.core/build/resources/main/de/uka/ilkd/key/proof/rules/firstOrderRules.key 
1119       DEBUG main            d.u.i.k.p.i.KeYFile       Read specifications obtained when parsing the Java files (usually JML and Strings.key) from file:/home/runner/work/key/key/key.core/build/resources/main/de/uka/ilkd/key/proof/rules/firstOrderRules.key 
1140       DEBUG main            d.u.i.k.p.i.KeYFile       Reading KeY file file:/home/runner/work/key/key/key.core/build/resources/main/de/uka/ilkd/key/proof/rules/ifThenElseRules.key 
1141       DEBUG main            d.u.i.k.p.i.KeYFile       Read specifications obtained when parsing the Java files (usually JML and Strings.key) from file:/home/runner/work/key/key/key.core/build/resources/main/de/uka/ilkd/key/proof/rules/ifThenElseRules.key 
1199       DEBUG main            d.u.i.k.p.i.KeYFile       Reading KeY file file:/home/runner/work/key/key/key.core/build/resources/main/de/uka/ilkd/key/proof/rules/formulaNormalisationRules.key 
1200       DEBUG main            d.u.i.k.p.i.KeYFile       Read specifications obtained when parsing the Java files (usually JML and Strings.key) from file:/home/runner/work/key/key/key.core/build/resources/main/de/uka/ilkd/key/proof/rules/formulaNormalisationRules.key 
1246       DEBUG main            d.u.i.k.p.i.KeYFile       Reading KeY file file:/home/runner/work/key/key/key.core/build/resources/main/de/uka/ilkd/key/proof/rules/updateRules.key 
1247       DEBUG main            d.u.i.k.p.i.KeYFile       Read specifications obtained when parsing the Java files (usually JML and Strings.key) from file:/home/runner/work/key/key/key.core/build/resources/main/de/uka/ilkd/key/proof/rules/updateRules.key 
1259       DEBUG main            d.u.i.k.p.i.KeYFile       Reading KeY file file:/home/runner/work/key/key/key.core/build/resources/main/de/uka/ilkd/key/proof/rules/integerRulesCommon.key 
1261       DEBUG main            d.u.i.k.p.i.KeYFile       Read specifications obtained when parsing the Java files (usually JML and Strings.key) from file:/home/runner/work/key/key/key.core/build/resources/main/de/uka/ilkd/key/proof/rules/integerRulesCommon.key 
1348       DEBUG main            d.u.i.k.p.i.KeYFile       Reading KeY file file:/home/runner/work/key/key/key.core/build/resources/main/de/uka/ilkd/key/proof/rules/intRules.key 
1348       DEBUG main            d.u.i.k.p.i.KeYFile       Read specifications obtained when parsing the Java files (usually JML and Strings.key) from file:/home/runner/work/key/key/key.core/build/resources/main/de/uka/ilkd/key/proof/rules/intRules.key 
1362       DEBUG main            d.u.i.k.p.i.KeYFile       Reading KeY file file:/home/runner/work/key/key/key.core/build/resources/main/de/uka/ilkd/key/proof/rules/intRulesUncheckedSemantics.key 
1362       DEBUG main            d.u.i.k.p.i.KeYFile       Read specifications obtained when parsing the Java files (usually JML and Strings.key) from file:/home/runner/work/key/key/key.core/build/resources/main/de/uka/ilkd/key/proof/rules/intRulesUncheckedSemantics.key 
1370       DEBUG main            d.u.i.k.p.i.KeYFile       Reading KeY file file:/home/runner/work/key/key/key.core/build/resources/main/de/uka/ilkd/key/proof/rules/intRulesCheckedSemantics.key 
1371       DEBUG main            d.u.i.k.p.i.KeYFile       Read specifications obtained when parsing the Java files (usually JML and Strings.key) from file:/home/runner/work/key/key/key.core/build/resources/main/de/uka/ilkd/key/proof/rules/intRulesCheckedSemantics.key 
1378       DEBUG main            d.u.i.k.p.i.KeYFile       Reading KeY file file:/home/runner/work/key/key/key.core/build/resources/main/de/uka/ilkd/key/proof/rules/intRulesJavaSemantics.key 
1378       DEBUG main            d.u.i.k.p.i.KeYFile       Read specifications obtained when parsing the Java files (usually JML and Strings.key) from file:/home/runner/work/key/key/key.core/build/resources/main/de/uka/ilkd/key/proof/rules/intRulesJavaSemantics.key 
1494       DEBUG main            d.u.i.k.p.i.KeYFile       Reading KeY file file:/home/runner/work/key/key/key.core/build/resources/main/de/uka/ilkd/key/proof/rules/integerSimplificationRules.key 
1495       DEBUG main            d.u.i.k.p.i.KeYFile       Read specifications obtained when parsing the Java files (usually JML and Strings.key) from file:/home/runner/work/key/key/key.core/build/resources/main/de/uka/ilkd/key/proof/rules/integerSimplificationRules.key 
1608       DEBUG main            d.u.i.k.j.TypeConverter   No LDT found for Meta 
1608       DEBUG main            d.u.i.k.j.TypeConverter   No LDT found for Meta 
1615       DEBUG main            d.u.i.k.j.TypeConverter   No LDT found for Meta 
1615       DEBUG main            d.u.i.k.j.TypeConverter   No LDT found for Meta 
1671       DEBUG main            d.u.i.k.p.i.KeYFile       Reading KeY file file:/home/runner/work/key/key/key.core/build/resources/main/de/uka/ilkd/key/proof/rules/intDiv.key 
1672       DEBUG main            d.u.i.k.p.i.KeYFile       Read specifications obtained when parsing the Java files (usually JML and Strings.key) from file:/home/runner/work/key/key/key.core/build/resources/main/de/uka/ilkd/key/proof/rules/intDiv.key 
1842       DEBUG main            d.u.i.k.p.i.KeYFile       Reading KeY file file:/home/runner/work/key/key/key.core/build/resources/main/de/uka/ilkd/key/proof/rules/bsum.key 
1842       DEBUG main            d.u.i.k.p.i.KeYFile       Read specifications obtained when parsing the Java files (usually JML and Strings.key) from file:/home/runner/work/key/key/key.core/build/resources/main/de/uka/ilkd/key/proof/rules/bsum.key 
1923       DEBUG main            d.u.i.k.p.i.KeYFile       Reading KeY file file:/home/runner/work/key/key/key.core/build/resources/main/de/uka/ilkd/key/proof/rules/bprod.key 
1923       DEBUG main            d.u.i.k.p.i.KeYFile       Read specifications obtained when parsing the Java files (usually JML and Strings.key) from file:/home/runner/work/key/key/key.core/build/resources/main/de/uka/ilkd/key/proof/rules/bprod.key 
1933       DEBUG main            d.u.i.k.p.i.KeYFile       Reading KeY file file:/home/runner/work/key/key/key.core/build/resources/main/de/uka/ilkd/key/proof/rules/binaryAxioms.key 
1934       DEBUG main            d.u.i.k.p.i.KeYFile       Read specifications obtained when parsing the Java files (usually JML and Strings.key) from file:/home/runner/work/key/key/key.core/build/resources/main/de/uka/ilkd/key/proof/rules/binaryAxioms.key 
1938       DEBUG main            d.u.i.k.p.i.KeYFile       Reading KeY file file:/home/runner/work/key/key/key.core/build/resources/main/de/uka/ilkd/key/proof/rules/binaryLemmas.key 
1938       DEBUG main            d.u.i.k.p.i.KeYFile       Read specifications obtained when parsing the Java files (usually JML and Strings.key) from file:/home/runner/work/key/key/key.core/build/resources/main/de/uka/ilkd/key/proof/rules/binaryLemmas.key 
1967       DEBUG main            d.u.i.k.p.i.KeYFile       Reading KeY file file:/home/runner/work/key/key/key.core/build/resources/main/de/uka/ilkd/key/proof/rules/intPow.key 
1967       DEBUG main            d.u.i.k.p.i.KeYFile       Read specifications obtained when parsing the Java files (usually JML and Strings.key) from file:/home/runner/work/key/key/key.core/build/resources/main/de/uka/ilkd/key/proof/rules/intPow.key 
1987       DEBUG main            d.u.i.k.p.i.KeYFile       Reading KeY file file:/home/runner/work/key/key/key.core/build/resources/main/de/uka/ilkd/key/proof/rules/floatRulesCommon.key 
1987       DEBUG main            d.u.i.k.p.i.KeYFile       Read specifications obtained when parsing the Java files (usually JML and Strings.key) from file:/home/runner/work/key/key/key.core/build/resources/main/de/uka/ilkd/key/proof/rules/floatRulesCommon.key 
1999       DEBUG main            d.u.i.k.p.i.KeYFile       Reading KeY file file:/home/runner/work/key/key/key.core/build/resources/main/de/uka/ilkd/key/proof/rules/floatRules.key 
1999       DEBUG main            d.u.i.k.p.i.KeYFile       Read specifications obtained when parsing the Java files (usually JML and Strings.key) from file:/home/runner/work/key/key/key.core/build/resources/main/de/uka/ilkd/key/proof/rules/floatRules.key 
2000       DEBUG main            d.u.i.k.p.i.KeYFile       Reading KeY file file:/home/runner/work/key/key/key.core/build/resources/main/de/uka/ilkd/key/proof/rules/floatRulesVerifyNormal.key 
2000       DEBUG main            d.u.i.k.p.i.KeYFile       Read specifications obtained when parsing the Java files (usually JML and Strings.key) from file:/home/runner/work/key/key/key.core/build/resources/main/de/uka/ilkd/key/proof/rules/floatRulesVerifyNormal.key 
2004       DEBUG main            d.u.i.k.p.i.KeYFile       Reading KeY file file:/home/runner/work/key/key/key.core/build/resources/main/de/uka/ilkd/key/proof/rules/floatRulesAssumeStrictfp.key 
2004       DEBUG main            d.u.i.k.p.i.KeYFile       Read specifications obtained when parsing the Java files (usually JML and Strings.key) from file:/home/runner/work/key/key/key.core/build/resources/main/de/uka/ilkd/key/proof/rules/floatRulesAssumeStrictfp.key 
2042       DEBUG main            d.u.i.k.p.i.KeYFile       Reading KeY file file:/home/runner/work/key/key/key.core/build/resources/main/de/uka/ilkd/key/proof/rules/genericRules.key 
2042       DEBUG main            d.u.i.k.p.i.KeYFile       Read specifications obtained when parsing the Java files (usually JML and Strings.key) from file:/home/runner/work/key/key/key.core/build/resources/main/de/uka/ilkd/key/proof/rules/genericRules.key 
2053       DEBUG main            d.u.i.k.p.i.KeYFile       Reading KeY file file:/home/runner/work/key/key/key.core/build/resources/main/de/uka/ilkd/key/proof/rules/booleanRules.key 
2053       DEBUG main            d.u.i.k.p.i.KeYFile       Read specifications obtained when parsing the Java files (usually JML and Strings.key) from file:/home/runner/work/key/key/key.core/build/resources/main/de/uka/ilkd/key/proof/rules/booleanRules.key 
2060       DEBUG main            d.u.i.k.p.i.KeYFile       Reading KeY file file:/home/runner/work/key/key/key.core/build/resources/main/de/uka/ilkd/key/proof/rules/epsilon.key 
2061       DEBUG main            d.u.i.k.p.i.KeYFile       Read specifications obtained when parsing the Java files (usually JML and Strings.key) from file:/home/runner/work/key/key/key.core/build/resources/main/de/uka/ilkd/key/proof/rules/epsilon.key 
2103       DEBUG main            d.u.i.k.p.i.KeYFile       Reading KeY file file:/home/runner/work/key/key/key.core/build/resources/main/de/uka/ilkd/key/proof/rules/locSetsRules.key 
2103       DEBUG main            d.u.i.k.p.i.KeYFile       Read specifications obtained when parsing the Java files (usually JML and Strings.key) from file:/home/runner/work/key/key/key.core/build/resources/main/de/uka/ilkd/key/proof/rules/locSetsRules.key 
2192       DEBUG main            d.u.i.k.p.i.KeYFile       Reading KeY file file:/home/runner/work/key/key/key.core/build/resources/main/de/uka/ilkd/key/proof/rules/heapRules.key 
2192       DEBUG main            d.u.i.k.p.i.KeYFile       Read specifications obtained when parsing the Java files (usually JML and Strings.key) from file:/home/runner/work/key/key/key.core/build/resources/main/de/uka/ilkd/key/proof/rules/heapRules.key 
2233       DEBUG main            d.u.i.k.p.i.KeYFile       Reading KeY file file:/home/runner/work/key/key/key.core/build/resources/main/de/uka/ilkd/key/proof/rules/permissionRules.key 
2234       DEBUG main            d.u.i.k.p.i.KeYFile       Read specifications obtained when parsing the Java files (usually JML and Strings.key) from file:/home/runner/work/key/key/key.core/build/resources/main/de/uka/ilkd/key/proof/rules/permissionRules.key 
2294       DEBUG main            d.u.i.k.p.i.KeYFile       Reading KeY file file:/home/runner/work/key/key/key.core/build/resources/main/de/uka/ilkd/key/proof/rules/reachRules.key 
2294       DEBUG main            d.u.i.k.p.i.KeYFile       Read specifications obtained when parsing the Java files (usually JML and Strings.key) from file:/home/runner/work/key/key/key.core/build/resources/main/de/uka/ilkd/key/proof/rules/reachRules.key 
2308       DEBUG main            d.u.i.k.p.i.KeYFile       Reading KeY file file:/home/runner/work/key/key/key.core/build/resources/main/de/uka/ilkd/key/proof/rules/seqCoreRules.key 
2308       DEBUG main            d.u.i.k.p.i.KeYFile       Read specifications obtained when parsing the Java files (usually JML and Strings.key) from file:/home/runner/work/key/key/key.core/build/resources/main/de/uka/ilkd/key/proof/rules/seqCoreRules.key 
2357       DEBUG main            d.u.i.k.p.i.KeYFile       Reading KeY file file:/home/runner/work/key/key/key.core/build/resources/main/de/uka/ilkd/key/proof/rules/seqRules.key 
2357       DEBUG main            d.u.i.k.p.i.KeYFile       Read specifications obtained when parsing the Java files (usually JML and Strings.key) from file:/home/runner/work/key/key/key.core/build/resources/main/de/uka/ilkd/key/proof/rules/seqRules.key 
2415       DEBUG main            d.u.i.k.p.i.KeYFile       Reading KeY file file:/home/runner/work/key/key/key.core/build/resources/main/de/uka/ilkd/key/proof/rules/seqPerm.key 
2415       DEBUG main            d.u.i.k.p.i.KeYFile       Read specifications obtained when parsing the Java files (usually JML and Strings.key) from file:/home/runner/work/key/key/key.core/build/resources/main/de/uka/ilkd/key/proof/rules/seqPerm.key 
2440       DEBUG main            d.u.i.k.p.i.KeYFile       Reading KeY file file:/home/runner/work/key/key/key.core/build/resources/main/de/uka/ilkd/key/proof/rules/seqPerm2.key 
2440       DEBUG main            d.u.i.k.p.i.KeYFile       Read specifications obtained when parsing the Java files (usually JML and Strings.key) from file:/home/runner/work/key/key/key.core/build/resources/main/de/uka/ilkd/key/proof/rules/seqPerm2.key 
2668       DEBUG main            d.u.i.k.p.i.KeYFile       Reading KeY file file:/home/runner/work/key/key/key.core/build/resources/main/de/uka/ilkd/key/proof/rules/assertions.key 
2668       DEBUG main            d.u.i.k.p.i.KeYFile       Read specifications obtained when parsing the Java files (usually JML and Strings.key) from file:/home/runner/work/key/key/key.core/build/resources/main/de/uka/ilkd/key/proof/rules/assertions.key 
2691       DEBUG main            d.u.i.k.p.i.KeYFile       Reading KeY file file:/home/runner/work/key/key/key.core/build/resources/main/de/uka/ilkd/key/proof/rules/javaRules.key 
2691       DEBUG main            d.u.i.k.p.i.KeYFile       Read specifications obtained when parsing the Java files (usually JML and Strings.key) from file:/home/runner/work/key/key/key.core/build/resources/main/de/uka/ilkd/key/proof/rules/javaRules.key 
3181       DEBUG main            d.u.i.k.p.i.KeYFile       Reading KeY file file:/home/runner/work/key/key/key.core/build/resources/main/de/uka/ilkd/key/proof/rules/loopRules.key 
3182       DEBUG main            d.u.i.k.p.i.KeYFile       Read specifications obtained when parsing the Java files (usually JML and Strings.key) from file:/home/runner/work/key/key/key.core/build/resources/main/de/uka/ilkd/key/proof/rules/loopRules.key 
3198       DEBUG main            d.u.i.k.p.i.KeYFile       Reading KeY file file:/home/runner/work/key/key/key.core/build/resources/main/de/uka/ilkd/key/proof/rules/activeUse.key 
3198       DEBUG main            d.u.i.k.p.i.KeYFile       Read specifications obtained when parsing the Java files (usually JML and Strings.key) from file:/home/runner/work/key/key/key.core/build/resources/main/de/uka/ilkd/key/proof/rules/activeUse.key 
3249       DEBUG main            d.u.i.k.p.i.KeYFile       Reading KeY file file:/home/runner/work/key/key/key.core/build/resources/main/de/uka/ilkd/key/proof/rules/instanceAllocation.key 
3250       DEBUG main            d.u.i.k.p.i.KeYFile       Read specifications obtained when parsing the Java files (usually JML and Strings.key) from file:/home/runner/work/key/key/key.core/build/resources/main/de/uka/ilkd/key/proof/rules/instanceAllocation.key 
3263       DEBUG main            d.u.i.k.p.i.KeYFile       Reading KeY file file:/home/runner/work/key/key/key.core/build/resources/main/de/uka/ilkd/key/proof/rules/java5.key 
3264       DEBUG main            d.u.i.k.p.i.KeYFile       Read specifications obtained when parsing the Java files (usually JML and Strings.key) from file:/home/runner/work/key/key/key.core/build/resources/main/de/uka/ilkd/key/proof/rules/java5.key 
3272       DEBUG main            d.u.i.k.p.i.KeYFile       Reading KeY file file:/home/runner/work/key/key/key.core/build/resources/main/de/uka/ilkd/key/proof/rules/integerAssignment2UpdateRules.key 
3272       DEBUG main            d.u.i.k.p.i.KeYFile       Read specifications obtained when parsing the Java files (usually JML and Strings.key) from file:/home/runner/work/key/key/key.core/build/resources/main/de/uka/ilkd/key/proof/rules/integerAssignment2UpdateRules.key 
3305       DEBUG main            d.u.i.k.p.i.KeYFile       Reading KeY file file:/home/runner/work/key/key/key.core/build/resources/main/de/uka/ilkd/key/proof/rules/floatAssignment2UpdateRules.key 
3305       DEBUG main            d.u.i.k.p.i.KeYFile       Read specifications obtained when parsing the Java files (usually JML and Strings.key) from file:/home/runner/work/key/key/key.core/build/resources/main/de/uka/ilkd/key/proof/rules/floatAssignment2UpdateRules.key 
3343       DEBUG main            d.u.i.k.p.i.KeYFile       Reading KeY file file:/home/runner/work/key/key/key.core/build/resources/main/de/uka/ilkd/key/proof/rules/bigint.key 
3343       DEBUG main            d.u.i.k.p.i.KeYFile       Read specifications obtained when parsing the Java files (usually JML and Strings.key) from file:/home/runner/work/key/key/key.core/build/resources/main/de/uka/ilkd/key/proof/rules/bigint.key 
3350       DEBUG main            d.u.i.k.j.TypeConverter   No LDT found for JavaBigintExpression 
3358       DEBUG main            d.u.i.k.p.i.KeYFile       Reading KeY file file:/home/runner/work/key/key/key.core/build/resources/main/de/uka/ilkd/key/proof/rules/adtProgramDecompositionRules.key 
3358       DEBUG main            d.u.i.k.p.i.KeYFile       Read specifications obtained when parsing the Java files (usually JML and Strings.key) from file:/home/runner/work/key/key/key.core/build/resources/main/de/uka/ilkd/key/proof/rules/adtProgramDecompositionRules.key 
3371       DEBUG main            d.u.i.k.p.i.KeYFile       Reading KeY file file:/home/runner/work/key/key/key.core/build/resources/main/de/uka/ilkd/key/proof/rules/precRules.key 
3372       DEBUG main            d.u.i.k.p.i.KeYFile       Read specifications obtained when parsing the Java files (usually JML and Strings.key) from file:/home/runner/work/key/key/key.core/build/resources/main/de/uka/ilkd/key/proof/rules/precRules.key 
3382       DEBUG main            d.u.i.k.p.i.KeYFile       Reading KeY file file:/home/runner/work/key/key/key.core/build/resources/main/de/uka/ilkd/key/proof/rules/charListRules.key 
3382       DEBUG main            d.u.i.k.p.i.KeYFile       Read specifications obtained when parsing the Java files (usually JML and Strings.key) from file:/home/runner/work/key/key/key.core/build/resources/main/de/uka/ilkd/key/proof/rules/charListRules.key 
3391       DEBUG main            d.u.i.k.p.i.KeYFile       Reading KeY file file:/home/runner/work/key/key/key.core/build/resources/main/de/uka/ilkd/key/proof/rules/regExHeader.key 
3391       DEBUG main            d.u.i.k.p.i.KeYFile       Read specifications obtained when parsing the Java files (usually JML and Strings.key) from file:/home/runner/work/key/key/key.core/build/resources/main/de/uka/ilkd/key/proof/rules/regExHeader.key 
3393       DEBUG main            d.u.i.k.p.i.KeYFile       Reading KeY file file:/home/runner/work/key/key/key.core/build/resources/main/de/uka/ilkd/key/proof/rules/regExAxioms.key 
3394       DEBUG main            d.u.i.k.p.i.KeYFile       Read specifications obtained when parsing the Java files (usually JML and Strings.key) from file:/home/runner/work/key/key/key.core/build/resources/main/de/uka/ilkd/key/proof/rules/regExAxioms.key 
3418       DEBUG main            d.u.i.k.p.i.KeYFile       Reading KeY file file:/home/runner/work/key/key/key.core/build/resources/main/de/uka/ilkd/key/proof/rules/regExLemmaProven.key 
3418       DEBUG main            d.u.i.k.p.i.KeYFile       Read specifications obtained when parsing the Java files (usually JML and Strings.key) from file:/home/runner/work/key/key/key.core/build/resources/main/de/uka/ilkd/key/proof/rules/regExLemmaProven.key 
3421       DEBUG main            d.u.i.k.p.i.KeYFile       Reading KeY file file:/home/runner/work/key/key/key.core/build/resources/main/de/uka/ilkd/key/proof/rules/regExTheory.key 
3421       DEBUG main            d.u.i.k.p.i.KeYFile       Read specifications obtained when parsing the Java files (usually JML and Strings.key) from file:/home/runner/work/key/key/key.core/build/resources/main/de/uka/ilkd/key/proof/rules/regExTheory.key 
3424       DEBUG main            d.u.i.k.p.i.KeYFile       Reading KeY file file:/home/runner/work/key/key/key.core/build/resources/main/de/uka/ilkd/key/proof/rules/seqEq.key 
3425       DEBUG main            d.u.i.k.p.i.KeYFile       Read specifications obtained when parsing the Java files (usually JML and Strings.key) from file:/home/runner/work/key/key/key.core/build/resources/main/de/uka/ilkd/key/proof/rules/seqEq.key 
3431       DEBUG main            d.u.i.k.p.i.KeYFile       Reading KeY file file:/home/runner/work/key/key/key.core/build/resources/main/de/uka/ilkd/key/proof/rules/infFlow.key 
3433       DEBUG main            d.u.i.k.p.i.KeYFile       Read specifications obtained when parsing the Java files (usually JML and Strings.key) from file:/home/runner/work/key/key/key.core/build/resources/main/de/uka/ilkd/key/proof/rules/infFlow.key 
3437       DEBUG main            d.u.i.k.p.i.KeYFile       Reading KeY file file:/home/runner/work/key/key/key.core/build/resources/main/de/uka/ilkd/key/proof/rules/mapSize.key 
3437       DEBUG main            d.u.i.k.p.i.KeYFile       Read specifications obtained when parsing the Java files (usually JML and Strings.key) from file:/home/runner/work/key/key/key.core/build/resources/main/de/uka/ilkd/key/proof/rules/mapSize.key 
3443       DEBUG main            d.u.i.k.p.i.KeYFile       Reading KeY file file:/home/runner/work/key/key/key.core/build/resources/main/de/uka/ilkd/key/proof/rules/wdHeader.key 
3443       DEBUG main            d.u.i.k.p.i.KeYFile       Read specifications obtained when parsing the Java files (usually JML and Strings.key) from file:/home/runner/work/key/key/key.core/build/resources/main/de/uka/ilkd/key/proof/rules/wdHeader.key 
3445       DEBUG main            d.u.i.k.p.i.KeYFile       Reading KeY file file:/home/runner/work/key/key/key.core/build/resources/main/de/uka/ilkd/key/proof/rules/wdGeneralRules.key 
3445       DEBUG main            d.u.i.k.p.i.KeYFile       Read specifications obtained when parsing the Java files (usually JML and Strings.key) from file:/home/runner/work/key/key/key.core/build/resources/main/de/uka/ilkd/key/proof/rules/wdGeneralRules.key 
3457       DEBUG main            d.u.i.k.p.i.KeYFile       Reading KeY file file:/home/runner/work/key/key/key.core/build/resources/main/de/uka/ilkd/key/proof/rules/wdNumericalRules.key 
3457       DEBUG main            d.u.i.k.p.i.KeYFile       Read specifications obtained when parsing the Java files (usually JML and Strings.key) from file:/home/runner/work/key/key/key.core/build/resources/main/de/uka/ilkd/key/proof/rules/wdNumericalRules.key 
3474       DEBUG main            d.u.i.k.p.i.KeYFile       Reading KeY file file:/home/runner/work/key/key/key.core/build/resources/main/de/uka/ilkd/key/proof/rules/wdLocSetRules.key 
3474       DEBUG main            d.u.i.k.p.i.KeYFile       Read specifications obtained when parsing the Java files (usually JML and Strings.key) from file:/home/runner/work/key/key/key.core/build/resources/main/de/uka/ilkd/key/proof/rules/wdLocSetRules.key 
3479       DEBUG main            d.u.i.k.p.i.KeYFile       Reading KeY file file:/home/runner/work/key/key/key.core/build/resources/main/de/uka/ilkd/key/proof/rules/wdHeapRules.key 
3479       DEBUG main            d.u.i.k.p.i.KeYFile       Read specifications obtained when parsing the Java files (usually JML and Strings.key) from file:/home/runner/work/key/key/key.core/build/resources/main/de/uka/ilkd/key/proof/rules/wdHeapRules.key 
3481       DEBUG main            d.u.i.k.p.i.KeYFile       Reading KeY file file:/home/runner/work/key/key/key.core/build/resources/main/de/uka/ilkd/key/proof/rules/wdReachRules.key 
3482       DEBUG main            d.u.i.k.p.i.KeYFile       Read specifications obtained when parsing the Java files (usually JML and Strings.key) from file:/home/runner/work/key/key/key.core/build/resources/main/de/uka/ilkd/key/proof/rules/wdReachRules.key 
3484       DEBUG main            d.u.i.k.p.i.KeYFile       Reading KeY file file:/home/runner/work/key/key/key.core/build/resources/main/de/uka/ilkd/key/proof/rules/wdSeqRules.key 
3484       DEBUG main            d.u.i.k.p.i.KeYFile       Read specifications obtained when parsing the Java files (usually JML and Strings.key) from file:/home/runner/work/key/key/key.core/build/resources/main/de/uka/ilkd/key/proof/rules/wdSeqRules.key 
3487       DEBUG main            d.u.i.k.p.i.KeYFile       Reading KeY file file:/home/runner/work/key/key/key.core/build/resources/main/de/uka/ilkd/key/proof/rules/wdStringRules.key 
3489       DEBUG main            d.u.i.k.p.i.KeYFile       Read specifications obtained when parsing the Java files (usually JML and Strings.key) from file:/home/runner/work/key/key/key.core/build/resources/main/de/uka/ilkd/key/proof/rules/wdStringRules.key 
3491       DEBUG main            d.u.i.k.p.i.KeYFile       Reading KeY file file:/home/runner/work/key/key/key.core/build/resources/main/de/uka/ilkd/key/proof/rules/wdRegExRules.key 
3491       DEBUG main            d.u.i.k.p.i.KeYFile       Read specifications obtained when parsing the Java files (usually JML and Strings.key) from file:/home/runner/work/key/key/key.core/build/resources/main/de/uka/ilkd/key/proof/rules/wdRegExRules.key 
3498       DEBUG main            d.u.i.k.p.i.KeYFile       Reading KeY file file:/home/runner/work/key/key/key.core/build/resources/main/de/uka/ilkd/key/proof/rules/wdFormulaRules.key 
3499       DEBUG main            d.u.i.k.p.i.KeYFile       Read specifications obtained when parsing the Java files (usually JML and Strings.key) from file:/home/runner/work/key/key/key.core/build/resources/main/de/uka/ilkd/key/proof/rules/wdFormulaRules.key 
3510       DEBUG main            d.u.i.k.p.i.KeYFile       Reading KeY file file:/home/runner/work/key/key/key.core/build/resources/main/de/uka/ilkd/key/proof/rules/wd.key 
3510       DEBUG main            d.u.i.k.p.i.KeYFile       Read specifications obtained when parsing the Java files (usually JML and Strings.key) from file:/home/runner/work/key/key/key.core/build/resources/main/de/uka/ilkd/key/proof/rules/wd.key 
3511       DEBUG main            d.u.i.k.p.i.KeYFile       Reading KeY file file:/home/runner/work/key/key/key.core/build/resources/main/de/uka/ilkd/key/proof/rules/loopInvariantRules.key 
3511       DEBUG main            d.u.i.k.p.i.KeYFile       Read specifications obtained when parsing the Java files (usually JML and Strings.key) from file:/home/runner/work/key/key/key.core/build/resources/main/de/uka/ilkd/key/proof/rules/loopInvariantRules.key 
3513       DEBUG main            d.u.i.k.p.i.KeYFile       Reading KeY file file:/home/runner/work/key/key/key.core/build/resources/main/de/uka/ilkd/key/proof/rules/forLoopRules.key 
3513       DEBUG main            d.u.i.k.p.i.KeYFile       Read specifications obtained when parsing the Java files (usually JML and Strings.key) from file:/home/runner/work/key/key/key.core/build/resources/main/de/uka/ilkd/key/proof/rules/forLoopRules.key 
3518       DEBUG main            d.u.i.k.p.i.KeYFile       Reading KeY file file:/home/runner/work/key/key/key.core/build/resources/main/de/uka/ilkd/key/proof/rules/execRules.key 
3518       DEBUG main            d.u.i.k.p.i.KeYFile       Read specifications obtained when parsing the Java files (usually JML and Strings.key) from file:/home/runner/work/key/key/key.core/build/resources/main/de/uka/ilkd/key/proof/rules/execRules.key 
3591       DEBUG main            d.u.i.k.p.i.KeYFile       Reading KeY file file:/home/runner/work/key/key/key.core/build/resources/main/de/uka/ilkd/key/proof/rules/loopScopeRules.key 
3591       DEBUG main            d.u.i.k.p.i.KeYFile       Read specifications obtained when parsing the Java files (usually JML and Strings.key) from file:/home/runner/work/key/key/key.core/build/resources/main/de/uka/ilkd/key/proof/rules/loopScopeRules.key 
3615       DEBUG main            d.u.i.k.p.i.KeYFile       Reading KeY file file:/home/runner/work/key/key/key.core/build/resources/main/de/uka/ilkd/key/proof/rules/standardRules.key 
3615       DEBUG main            d.u.i.k.p.i.KeYFile       Read specifications obtained when parsing the Java files (usually JML and Strings.key) from file:/home/runner/work/key/key/key.core/build/resources/main/de/uka/ilkd/key/proof/rules/standardRules.key 
5906       DEBUG main            d.u.i.k.j.Recoder2KeY     converting now /home/runner/work/key/key/key.core/../key.ui/examples/InformationFlow/MethodContracts/src/contract/IFMethodContract.java 
5970       DEBUG main            d.u.i.k.s.TermLabelSettings TermLabelSettings: Failure while reading the setting "UseOriginLabels".Using the default value: true.The string read was: null 
5976       DEBUG main            d.u.i.k.p.i.KeYFile       Reading KeY file /home/runner/work/key/key/key.core/../key.ui/examples/InformationFlow/MethodContracts/contract.IFMethodContract(contract.IFMethodContract__secure_recursion_2((I,int)).Non-interference contract.0.key 
5988       DEBUG main            d.u.i.k.p.i.KeYFile       Reading KeY file file:/home/runner/work/key/key/key.core/build/resources/main/de/uka/ilkd/key/java/JavaRedux/java/lang/String.key 
5994       DEBUG main            d.u.i.k.p.i.KeYFile       Read specifications obtained when parsing the Java files (usually JML and Strings.key) from file:/home/runner/work/key/key/key.core/build/resources/main/de/uka/ilkd/key/java/JavaRedux/java/lang/String.key 
8201       DEBUG main            d.u.i.k.p.i.KeYFile       Read specifications obtained when parsing the Java files (usually JML and Strings.key) from /home/runner/work/key/key/key.core/../key.ui/examples/InformationFlow/MethodContracts/contract.IFMethodContract(contract.IFMethodContract__secure_recursion_2((I,int)).Non-interference contract.0.key 
10893      DEBUG Thread-1        d.u.i.k.j.TypeConverter   typeconverter: (prefix this;, class class de.uka.ilkd.key.java.reference.ThisReference) 
11264      DEBUG Thread-1        d.u.i.k.j.TypeConverter   typeconverter: (prefix this;, class class de.uka.ilkd.key.java.reference.ThisReference) 
11615      DEBUG Thread-1        d.u.i.k.j.TypeConverter   typeconverter: (prefix this;, class class de.uka.ilkd.key.java.reference.ThisReference) 
12164      INFO  main            d.u.i.k.p.r.p.TestFile    ... finished proof: closed. 
12334      DEBUG main            d.u.i.k.s.TermLabelSettings TermLabelSettings: Failure while reading the setting "UseOriginLabels".Using the default value: true.The string read was: null 
12334      INFO  main            d.u.i.k.p.r.p.TestFile    Now processing file /home/runner/work/key/key/key.core/../key.ui/examples/InformationFlow/MethodContracts/contract.IFMethodContract(contract.IFMethodContract__secure_recursion(int)).Non-interference contract.0.key 
13235      DEBUG main            d.u.i.k.j.Recoder2KeY     converting now /home/runner/work/key/key/key.core/../key.ui/examples/InformationFlow/MethodContracts/src/contract/IFMethodContract.java 
13245      DEBUG main            d.u.i.k.s.TermLabelSettings TermLabelSettings: Failure while reading the setting "UseOriginLabels".Using the default value: true.The string read was: null 
13245      DEBUG main            d.u.i.k.p.i.KeYFile       Reading KeY file /home/runner/work/key/key/key.core/../key.ui/examples/InformationFlow/MethodContracts/contract.IFMethodContract(contract.IFMethodContract__secure_recursion(int)).Non-interference contract.0.key 
13246      DEBUG main            d.u.i.k.p.i.KeYFile       Reading KeY file file:/home/runner/work/key/key/key.core/build/resources/main/de/uka/ilkd/key/java/JavaRedux/java/lang/String.key 
13249      DEBUG main            d.u.i.k.p.i.KeYFile       Read specifications obtained when parsing the Java files (usually JML and Strings.key) from file:/home/runner/work/key/key/key.core/build/resources/main/de/uka/ilkd/key/java/JavaRedux/java/lang/String.key 
14972      DEBUG main            d.u.i.k.p.i.KeYFile       Read specifications obtained when parsing the Java files (usually JML and Strings.key) from /home/runner/work/key/key/key.core/../key.ui/examples/InformationFlow/MethodContracts/contract.IFMethodContract(contract.IFMethodContract__secure_recursion(int)).Non-interference contract.0.key 
15214      DEBUG Thread-3        d.u.i.k.j.TypeConverter   typeconverter: (prefix this;, class class de.uka.ilkd.key.java.reference.ThisReference) 
15226      DEBUG Thread-3        d.u.i.k.j.TypeConverter   typeconverter: (prefix this;, class class de.uka.ilkd.key.java.reference.ThisReference) 
15327      DEBUG Thread-3        d.u.i.k.j.TypeConverter   typeconverter: (prefix this;, class class de.uka.ilkd.key.java.reference.ThisReference) 
15344      DEBUG Thread-3        d.u.i.k.j.TypeConverter   typeconverter: (prefix this;, class class de.uka.ilkd.key.java.reference.ThisReference) 
15441      INFO  main            d.u.i.k.p.r.p.TestFile    ... finished proof: closed. 
15561      DEBUG main            d.u.i.k.s.TermLabelSettings TermLabelSettings: Failure while reading the setting "UseOriginLabels".Using the default value: true.The string read was: null 
15561      INFO  main            d.u.i.k.p.r.p.TestFile    Now processing file /home/runner/work/key/key/key.core/../key.ui/examples/InformationFlow/MethodContracts/contract.IFMethodContract(contract.IFMethodContract__secure_catch_exception()).Non-interference contract.0.key 
16532      DEBUG main            d.u.i.k.j.Recoder2KeY     converting now /home/runner/work/key/key/key.core/../key.ui/examples/InformationFlow/MethodContracts/src/contract/IFMethodContract.java 
16542      DEBUG main            d.u.i.k.s.TermLabelSettings TermLabelSettings: Failure while reading the setting "UseOriginLabels".Using the default value: true.The string read was: null 
16543      DEBUG main            d.u.i.k.p.i.KeYFile       Reading KeY file /home/runner/work/key/key/key.core/../key.ui/examples/InformationFlow/MethodContracts/contract.IFMethodContract(contract.IFMethodContract__secure_catch_exception()).Non-interference contract.0.key 
16544      DEBUG main            d.u.i.k.p.i.KeYFile       Reading KeY file file:/home/runner/work/key/key/key.core/build/resources/main/de/uka/ilkd/key/java/JavaRedux/java/lang/String.key 
16547      DEBUG main            d.u.i.k.p.i.KeYFile       Read specifications obtained when parsing the Java files (usually JML and Strings.key) from file:/home/runner/work/key/key/key.core/build/resources/main/de/uka/ilkd/key/java/JavaRedux/java/lang/String.key 
18192      DEBUG main            d.u.i.k.p.i.KeYFile       Read specifications obtained when parsing the Java files (usually JML and Strings.key) from /home/runner/work/key/key/key.core/../key.ui/examples/InformationFlow/MethodContracts/contract.IFMethodContract(contract.IFMethodContract__secure_catch_exception()).Non-interference contract.0.key 
18289      DEBUG Thread-5        d.u.i.k.r.m.MethodCall    method-call: called for n7(); 
18289      DEBUG Thread-5        d.u.i.k.r.m.MethodCall    method-call: invocation of non-private instance method detected.Requires dynamic resolving. 
18382      DEBUG Thread-5        d.u.i.k.j.TypeConverter   typeconverter: (prefix this;, class class de.uka.ilkd.key.java.reference.ThisReference) 
18401      DEBUG Thread-5        d.u.i.k.r.m.MethodCall    method-call: called for n7(); 
18401      DEBUG Thread-5        d.u.i.k.r.m.MethodCall    method-call: invocation of non-private instance method detected.Requires dynamic resolving. 
18508      DEBUG Thread-5        d.u.i.k.j.TypeConverter   typeconverter: (prefix this;, class class de.uka.ilkd.key.java.reference.ThisReference) 
18555      INFO  main            d.u.i.k.p.r.p.TestFile    ... finished proof: closed. 
18693      DEBUG main            d.u.i.k.s.TermLabelSettings TermLabelSettings: Failure while reading the setting "UseOriginLabels".Using the default value: true.The string read was: null 
18693      INFO  main            d.u.i.k.p.r.p.TestFile    Now processing file /home/runner/work/key/key/key.core/../key.ui/examples/InformationFlow/MethodContracts/contract.IFMethodContract(contract.IFMethodContract__n6()).Non-interference contract.0.key 
19549      DEBUG main            d.u.i.k.j.Recoder2KeY     converting now /home/runner/work/key/key/key.core/../key.ui/examples/InformationFlow/MethodContracts/src/contract/IFMethodContract.java 
19556      DEBUG main            d.u.i.k.s.TermLabelSettings TermLabelSettings: Failure while reading the setting "UseOriginLabels".Using the default value: true.The string read was: null 
19556      DEBUG main            d.u.i.k.p.i.KeYFile       Reading KeY file /home/runner/work/key/key/key.core/../key.ui/examples/InformationFlow/MethodContracts/contract.IFMethodContract(contract.IFMethodContract__n6()).Non-interference contract.0.key 
19557      DEBUG main            d.u.i.k.p.i.KeYFile       Reading KeY file file:/home/runner/work/key/key/key.core/build/resources/main/de/uka/ilkd/key/java/JavaRedux/java/lang/String.key 
19559      DEBUG main            d.u.i.k.p.i.KeYFile       Read specifications obtained when parsing the Java files (usually JML and Strings.key) from file:/home/runner/work/key/key/key.core/build/resources/main/de/uka/ilkd/key/java/JavaRedux/java/lang/String.key 
21246      DEBUG main            d.u.i.k.p.i.KeYFile       Read specifications obtained when parsing the Java files (usually JML and Strings.key) from /home/runner/work/key/key/key.core/../key.ui/examples/InformationFlow/MethodContracts/contract.IFMethodContract(contract.IFMethodContract__n6()).Non-interference contract.0.key 
21338      DEBUG Thread-7        d.u.i.k.j.TypeConverter   typeconverter: (prefix this;, class class de.uka.ilkd.key.java.reference.ThisReference) 
21345      DEBUG Thread-7        d.u.i.k.j.TypeConverter   typeconverter: (prefix this;, class class de.uka.ilkd.key.java.reference.ThisReference) 
21351      DEBUG Thread-7        d.u.i.k.j.TypeConverter   typeconverter: (prefix this;, class class de.uka.ilkd.key.java.reference.ThisReference) 
21355      DEBUG Thread-7        d.u.i.k.j.TypeConverter   typeconverter: (prefix this;, class class de.uka.ilkd.key.java.reference.ThisReference) 
21362      DEBUG Thread-7        d.u.i.k.j.TypeConverter   typeconverter: (prefix this;, class class de.uka.ilkd.key.java.reference.ThisReference) 
21366      DEBUG Thread-7        d.u.i.k.j.TypeConverter   typeconverter: (prefix this;, class class de.uka.ilkd.key.java.reference.ThisReference) 
21499      INFO  main            d.u.i.k.p.r.p.TestFile    ... finished proof: closed. 
21617      DEBUG main            d.u.i.k.s.TermLabelSettings TermLabelSettings: Failure while reading the setting "UseOriginLabels".Using the default value: true.The string read was: null 
21617      INFO  main            d.u.i.k.p.r.p.TestFile    Now processing file /home/runner/work/key/key/key.core/../key.ui/examples/InformationFlow/MethodContracts/contract.IFMethodContract(contract.IFMethodContract__secure_n6()).Non-interference contract.0.key 
22468      DEBUG main            d.u.i.k.j.Recoder2KeY     converting now /home/runner/work/key/key/key.core/../key.ui/examples/InformationFlow/MethodContracts/src/contract/IFMethodContract.java 
22474      DEBUG main            d.u.i.k.s.TermLabelSettings TermLabelSettings: Failure while reading the setting "UseOriginLabels".Using the default value: true.The string read was: null 
22474      DEBUG main            d.u.i.k.p.i.KeYFile       Reading KeY file /home/runner/work/key/key/key.core/../key.ui/examples/InformationFlow/MethodContracts/contract.IFMethodContract(contract.IFMethodContract__secure_n6()).Non-interference contract.0.key 
22475      DEBUG main            d.u.i.k.p.i.KeYFile       Reading KeY file file:/home/runner/work/key/key/key.core/build/resources/main/de/uka/ilkd/key/java/JavaRedux/java/lang/String.key 
22478      DEBUG main            d.u.i.k.p.i.KeYFile       Read specifications obtained when parsing the Java files (usually JML and Strings.key) from file:/home/runner/work/key/key/key.core/build/resources/main/de/uka/ilkd/key/java/JavaRedux/java/lang/String.key 
24049      DEBUG main            d.u.i.k.p.i.KeYFile       Read specifications obtained when parsing the Java files (usually JML and Strings.key) from /home/runner/work/key/key/key.core/../key.ui/examples/InformationFlow/MethodContracts/contract.IFMethodContract(contract.IFMethodContract__secure_n6()).Non-interference contract.0.key 
24302      INFO  main            d.u.i.k.p.r.p.TestFile    ... finished proof: closed. 
24426      DEBUG main            d.u.i.k.s.TermLabelSettings TermLabelSettings: Failure while reading the setting "UseOriginLabels".Using the default value: true.The string read was: null 
24426      INFO  main            d.u.i.k.p.r.p.TestFile    Now processing file /home/runner/work/key/key/key.core/../key.ui/examples/InformationFlow/MethodContracts/contract.IFMethodContract(contract.IFMethodContract__secure_array_param((I,int)).Non-interference contract.0.key 
25232      DEBUG main            d.u.i.k.j.Recoder2KeY     converting now /home/runner/work/key/key/key.core/../key.ui/examples/InformationFlow/MethodContracts/src/contract/IFMethodContract.java 
25238      DEBUG main            d.u.i.k.s.TermLabelSettings TermLabelSettings: Failure while reading the setting "UseOriginLabels".Using the default value: true.The string read was: null 
25238      DEBUG main            d.u.i.k.p.i.KeYFile       Reading KeY file /home/runner/work/key/key/key.core/../key.ui/examples/InformationFlow/MethodContracts/contract.IFMethodContract(contract.IFMethodContract__secure_array_param((I,int)).Non-interference contract.0.key 
25239      DEBUG main            d.u.i.k.p.i.KeYFile       Reading KeY file file:/home/runner/work/key/key/key.core/build/resources/main/de/uka/ilkd/key/java/JavaRedux/java/lang/String.key 
25242      DEBUG main            d.u.i.k.p.i.KeYFile       Read specifications obtained when parsing the Java files (usually JML and Strings.key) from file:/home/runner/work/key/key/key.core/build/resources/main/de/uka/ilkd/key/java/JavaRedux/java/lang/String.key 
26869      DEBUG main            d.u.i.k.p.i.KeYFile       Read specifications obtained when parsing the Java files (usually JML and Strings.key) from /home/runner/work/key/key/key.core/../key.ui/examples/InformationFlow/MethodContracts/contract.IFMethodContract(contract.IFMethodContract__secure_array_param((I,int)).Non-interference contract.0.key 
27926      INFO  main            d.u.i.k.p.r.p.TestFile    ... finished proof: closed. 
28056      DEBUG main            d.u.i.k.s.TermLabelSettings TermLabelSettings: Failure while reading the setting "UseOriginLabels".Using the default value: true.The string read was: null 
28056      INFO  main            d.u.i.k.p.r.p.TestFile    Now processing file /home/runner/work/key/key/key.core/../key.ui/examples/InformationFlow/MethodContracts/contract.IFMethodContract(contract.IFMethodContract__secure_assignment_0_n9()).Non-interference contract.0.key 
28853      DEBUG main            d.u.i.k.j.Recoder2KeY     converting now /home/runner/work/key/key/key.core/../key.ui/examples/InformationFlow/MethodContracts/src/contract/IFMethodContract.java 
28859      DEBUG main            d.u.i.k.s.TermLabelSettings TermLabelSettings: Failure while reading the setting "UseOriginLabels".Using the default value: true.The string read was: null 
28859      DEBUG main            d.u.i.k.p.i.KeYFile       Reading KeY file /home/runner/work/key/key/key.core/../key.ui/examples/InformationFlow/MethodContracts/contract.IFMethodContract(contract.IFMethodContract__secure_assignment_0_n9()).Non-interference contract.0.key 
28860      DEBUG main            d.u.i.k.p.i.KeYFile       Reading KeY file file:/home/runner/work/key/key/key.core/build/resources/main/de/uka/ilkd/key/java/JavaRedux/java/lang/String.key 
28862      DEBUG main            d.u.i.k.p.i.KeYFile       Read specifications obtained when parsing the Java files (usually JML and Strings.key) from file:/home/runner/work/key/key/key.core/build/resources/main/de/uka/ilkd/key/java/JavaRedux/java/lang/String.key 
30417      DEBUG main            d.u.i.k.p.i.KeYFile       Read specifications obtained when parsing the Java files (usually JML and Strings.key) from /home/runner/work/key/key/key.core/../key.ui/examples/InformationFlow/MethodContracts/contract.IFMethodContract(contract.IFMethodContract__secure_assignment_0_n9()).Non-interference contract.0.key 
30494      DEBUG Thread-13       d.u.i.k.j.TypeConverter   typeconverter: (prefix this;, class class de.uka.ilkd.key.java.reference.ThisReference) 
30498      DEBUG Thread-13       d.u.i.k.j.TypeConverter   typeconverter: (prefix this;, class class de.uka.ilkd.key.java.reference.ThisReference) 
30663      INFO  main            d.u.i.k.p.r.p.TestFile    ... finished proof: closed. 
30808      DEBUG main            d.u.i.k.s.TermLabelSettings TermLabelSettings: Failure while reading the setting "UseOriginLabels".Using the default value: true.The string read was: null 
30808      INFO  main            d.u.i.k.p.r.p.TestFile    Now processing file /home/runner/work/key/key/key.core/../key.ui/examples/InformationFlow/MethodContracts/contract.IFMethodContract(contract.IFMethodContract__insecure_if_high_n5_n1()).Non-interference contract.0.key 
31586      DEBUG main            d.u.i.k.j.Recoder2KeY     converting now /home/runner/work/key/key/key.core/../key.ui/examples/InformationFlow/MethodContracts/src/contract/IFMethodContract.java 
31592      DEBUG main            d.u.i.k.s.TermLabelSettings TermLabelSettings: Failure while reading the setting "UseOriginLabels".Using the default value: true.The string read was: null 
31592      DEBUG main            d.u.i.k.p.i.KeYFile       Reading KeY file /home/runner/work/key/key/key.core/../key.ui/examples/InformationFlow/MethodContracts/contract.IFMethodContract(contract.IFMethodContract__insecure_if_high_n5_n1()).Non-interference contract.0.key 
31593      DEBUG main            d.u.i.k.p.i.KeYFile       Reading KeY file file:/home/runner/work/key/key/key.core/build/resources/main/de/uka/ilkd/key/java/JavaRedux/java/lang/String.key 
31596      DEBUG main            d.u.i.k.p.i.KeYFile       Read specifications obtained when parsing the Java files (usually JML and Strings.key) from file:/home/runner/work/key/key/key.core/build/resources/main/de/uka/ilkd/key/java/JavaRedux/java/lang/String.key 
33199      DEBUG main            d.u.i.k.p.i.KeYFile       Read specifications obtained when parsing the Java files (usually JML and Strings.key) from /home/runner/work/key/key/key.core/../key.ui/examples/InformationFlow/MethodContracts/contract.IFMethodContract(contract.IFMethodContract__insecure_if_high_n5_n1()).Non-interference contract.0.key 
33279      DEBUG Thread-15       d.u.i.k.j.TypeConverter   typeconverter: (prefix this;, class class de.uka.ilkd.key.java.reference.ThisReference) 
33294      DEBUG Thread-15       d.u.i.k.j.TypeConverter   typeconverter: (prefix this;, class class de.uka.ilkd.key.java.reference.ThisReference) 
33311      DEBUG Thread-15       d.u.i.k.j.TypeConverter   typeconverter: (prefix this;, class class de.uka.ilkd.key.java.reference.ThisReference) 
33355      DEBUG Thread-15       d.u.i.k.j.TypeConverter   typeconverter: (prefix this;, class class de.uka.ilkd.key.java.reference.ThisReference) 
33419      DEBUG Thread-15       d.u.i.k.j.TypeConverter   typeconverter: (prefix this;, class class de.uka.ilkd.key.java.reference.ThisReference) 
33426      DEBUG Thread-15       d.u.i.k.j.TypeConverter   typeconverter: (prefix this;, class class de.uka.ilkd.key.java.reference.ThisReference) 
33583      DEBUG Thread-15       d.u.i.k.j.TypeConverter   typeconverter: (prefix this;, class class de.uka.ilkd.key.java.reference.ThisReference) 
33606      DEBUG Thread-15       d.u.i.k.j.TypeConverter   typeconverter: (prefix this;, class class de.uka.ilkd.key.java.reference.ThisReference) 
33663      DEBUG Thread-15       d.u.i.k.j.TypeConverter   typeconverter: (prefix this;, class class de.uka.ilkd.key.java.reference.ThisReference) 
33779      DEBUG Thread-15       d.u.i.k.j.TypeConverter   typeconverter: (prefix this;, class class de.uka.ilkd.key.java.reference.ThisReference) 
33803      DEBUG Thread-15       d.u.i.k.j.TypeConverter   typeconverter: (prefix this;, class class de.uka.ilkd.key.java.reference.ThisReference) 
33953      INFO  main            d.u.i.k.p.r.p.TestFile    ... finished proof: open goal(s) 
34100      DEBUG main            d.u.i.k.s.TermLabelSettings TermLabelSettings: Failure while reading the setting "UseOriginLabels".Using the default value: true.The string read was: null 
34100      INFO  main            d.u.i.k.p.r.p.TestFile    Now processing file /home/runner/work/key/key/key.core/../key.ui/examples/InformationFlow/MethodContracts/contract.IFMethodContract(contract.IFMethodContract__n5(int)).Non-interference contract.0.key 
34885      DEBUG main            d.u.i.k.j.Recoder2KeY     converting now /home/runner/work/key/key/key.core/../key.ui/examples/InformationFlow/MethodContracts/src/contract/IFMethodContract.java 
34890      DEBUG main            d.u.i.k.s.TermLabelSettings TermLabelSettings: Failure while reading the setting "UseOriginLabels".Using the default value: true.The string read was: null 
34891      DEBUG main            d.u.i.k.p.i.KeYFile       Reading KeY file /home/runner/work/key/key/key.core/../key.ui/examples/InformationFlow/MethodContracts/contract.IFMethodContract(contract.IFMethodContract__n5(int)).Non-interference contract.0.key 
34892      DEBUG main            d.u.i.k.p.i.KeYFile       Reading KeY file file:/home/runner/work/key/key/key.core/build/resources/main/de/uka/ilkd/key/java/JavaRedux/java/lang/String.key 
34894      DEBUG main            d.u.i.k.p.i.KeYFile       Read specifications obtained when parsing the Java files (usually JML and Strings.key) from file:/home/runner/work/key/key/key.core/build/resources/main/de/uka/ilkd/key/java/JavaRedux/java/lang/String.key 
36475      DEBUG main            d.u.i.k.p.i.KeYFile       Read specifications obtained when parsing the Java files (usually JML and Strings.key) from /home/runner/work/key/key/key.core/../key.ui/examples/InformationFlow/MethodContracts/contract.IFMethodContract(contract.IFMethodContract__n5(int)).Non-interference contract.0.key 
36572      DEBUG Thread-17       d.u.i.k.j.TypeConverter   typeconverter: (prefix this;, class class de.uka.ilkd.key.java.reference.ThisReference) 
36579      DEBUG Thread-17       d.u.i.k.j.TypeConverter   typeconverter: (prefix this;, class class de.uka.ilkd.key.java.reference.ThisReference) 
36624      INFO  main            d.u.i.k.p.r.p.TestFile    ... finished proof: closed. 
36764      DEBUG main            d.u.i.k.s.TermLabelSettings TermLabelSettings: Failure while reading the setting "UseOriginLabels".Using the default value: true.The string read was: null 
36764      INFO  main            d.u.i.k.p.r.p.TestFile    Now processing file /home/runner/work/key/key/key.core/../key.ui/examples/InformationFlow/MethodContracts/contract.IFMethodContract(contract.IFMethodContract__secure_if_high_n5_n1()).Non-interference contract.0.key 
37568      DEBUG main            d.u.i.k.j.Recoder2KeY     converting now /home/runner/work/key/key/key.core/../key.ui/examples/InformationFlow/MethodContracts/src/contract/IFMethodContract.java 
37573      DEBUG main            d.u.i.k.s.TermLabelSettings TermLabelSettings: Failure while reading the setting "UseOriginLabels".Using the default value: true.The string read was: null 
37573      DEBUG main            d.u.i.k.p.i.KeYFile       Reading KeY file /home/runner/work/key/key/key.core/../key.ui/examples/InformationFlow/MethodContracts/contract.IFMethodContract(contract.IFMethodContract__secure_if_high_n5_n1()).Non-interference contract.0.key 
37574      DEBUG main            d.u.i.k.p.i.KeYFile       Reading KeY file file:/home/runner/work/key/key/key.core/build/resources/main/de/uka/ilkd/key/java/JavaRedux/java/lang/String.key 
37576      DEBUG main            d.u.i.k.p.i.KeYFile       Read specifications obtained when parsing the Java files (usually JML and Strings.key) from file:/home/runner/work/key/key/key.core/build/resources/main/de/uka/ilkd/key/java/JavaRedux/java/lang/String.key 
39153      DEBUG main            d.u.i.k.p.i.KeYFile       Read specifications obtained when parsing the Java files (usually JML and Strings.key) from /home/runner/work/key/key/key.core/../key.ui/examples/InformationFlow/MethodContracts/contract.IFMethodContract(contract.IFMethodContract__secure_if_high_n5_n1()).Non-interference contract.0.key 
39245      DEBUG Thread-19       d.u.i.k.j.TypeConverter   typeconverter: (prefix this;, class class de.uka.ilkd.key.java.reference.ThisReference) 
39259      DEBUG Thread-19       d.u.i.k.j.TypeConverter   typeconverter: (prefix this;, class class de.uka.ilkd.key.java.reference.ThisReference) 
39294      DEBUG Thread-19       d.u.i.k.j.TypeConverter   typeconverter: (prefix this;, class class de.uka.ilkd.key.java.reference.ThisReference) 
39301      DEBUG Thread-19       d.u.i.k.j.TypeConverter   typeconverter: (prefix this;, class class de.uka.ilkd.key.java.reference.ThisReference) 
39312      DEBUG Thread-19       d.u.i.k.j.TypeConverter   typeconverter: (prefix this;, class class de.uka.ilkd.key.java.reference.ThisReference) 
39322      DEBUG Thread-19       d.u.i.k.j.TypeConverter   typeconverter: (prefix this;, class class de.uka.ilkd.key.java.reference.ThisReference) 
39358      DEBUG Thread-19       d.u.i.k.j.TypeConverter   typeconverter: (prefix this;, class class de.uka.ilkd.key.java.reference.ThisReference) 
39418      DEBUG Thread-19       d.u.i.k.j.TypeConverter   typeconverter: (prefix this;, class class de.uka.ilkd.key.java.reference.ThisReference) 
39425      DEBUG Thread-19       d.u.i.k.j.TypeConverter   typeconverter: (prefix this;, class class de.uka.ilkd.key.java.reference.ThisReference) 
39446      DEBUG Thread-19       d.u.i.k.j.TypeConverter   typeconverter: (prefix this;, class class de.uka.ilkd.key.java.reference.ThisReference) 
39457      DEBUG Thread-19       d.u.i.k.j.TypeConverter   typeconverter: (prefix this;, class class de.uka.ilkd.key.java.reference.ThisReference) 
39499      DEBUG Thread-19       d.u.i.k.j.TypeConverter   typeconverter: (prefix this;, class class de.uka.ilkd.key.java.reference.ThisReference) 
39613      DEBUG Thread-19       d.u.i.k.j.TypeConverter   typeconverter: (prefix this;, class class de.uka.ilkd.key.java.reference.ThisReference) 
39620      DEBUG Thread-19       d.u.i.k.j.TypeConverter   typeconverter: (prefix this;, class class de.uka.ilkd.key.java.reference.ThisReference) 
39770      DEBUG Thread-19       d.u.i.k.j.TypeConverter   typeconverter: (prefix this;, class class de.uka.ilkd.key.java.reference.ThisReference) 
39792      DEBUG Thread-19       d.u.i.k.j.TypeConverter   typeconverter: (prefix this;, class class de.uka.ilkd.key.java.reference.ThisReference) 
39844      DEBUG Thread-19       d.u.i.k.j.TypeConverter   typeconverter: (prefix this;, class class de.uka.ilkd.key.java.reference.ThisReference) 
39850      DEBUG Thread-19       d.u.i.k.j.TypeConverter   typeconverter: (prefix this;, class class de.uka.ilkd.key.java.reference.ThisReference) 
39870      DEBUG Thread-19       d.u.i.k.j.TypeConverter   typeconverter: (prefix this;, class class de.uka.ilkd.key.java.reference.ThisReference) 
39880      DEBUG Thread-19       d.u.i.k.j.TypeConverter   typeconverter: (prefix this;, class class de.uka.ilkd.key.java.reference.ThisReference) 
39945      DEBUG Thread-19       d.u.i.k.j.TypeConverter   typeconverter: (prefix this;, class class de.uka.ilkd.key.java.reference.ThisReference) 
40086      DEBUG Thread-19       d.u.i.k.j.TypeConverter   typeconverter: (prefix this;, class class de.uka.ilkd.key.java.reference.ThisReference) 
40109      DEBUG Thread-19       d.u.i.k.j.TypeConverter   typeconverter: (prefix this;, class class de.uka.ilkd.key.java.reference.ThisReference) 
40235      INFO  main            d.u.i.k.p.r.p.TestFile    ... finished proof: closed. 
40393      DEBUG main            d.u.i.k.s.TermLabelSettings TermLabelSettings: Failure while reading the setting "UseOriginLabels".Using the default value: true.The string read was: null 
40393      INFO  main            d.u.i.k.p.r.p.TestFile    Now processing file /home/runner/work/key/key/key.core/../key.ui/examples/InformationFlow/MethodContracts/contract.IFMethodContract(contract.IFMethodContract__secure_if_high_n1()).Non-interference contract.0.key 
41183      DEBUG main            d.u.i.k.j.Recoder2KeY     converting now /home/runner/work/key/key/key.core/../key.ui/examples/InformationFlow/MethodContracts/src/contract/IFMethodContract.java 
41188      DEBUG main            d.u.i.k.s.TermLabelSettings TermLabelSettings: Failure while reading the setting "UseOriginLabels".Using the default value: true.The string read was: null 
41188      DEBUG main            d.u.i.k.p.i.KeYFile       Reading KeY file /home/runner/work/key/key/key.core/../key.ui/examples/InformationFlow/MethodContracts/contract.IFMethodContract(contract.IFMethodContract__secure_if_high_n1()).Non-interference contract.0.key 
41189      DEBUG main            d.u.i.k.p.i.KeYFile       Reading KeY file file:/home/runner/work/key/key/key.core/build/resources/main/de/uka/ilkd/key/java/JavaRedux/java/lang/String.key 
41191      DEBUG main            d.u.i.k.p.i.KeYFile       Read specifications obtained when parsing the Java files (usually JML and Strings.key) from file:/home/runner/work/key/key/key.core/build/resources/main/de/uka/ilkd/key/java/JavaRedux/java/lang/String.key 
42739      DEBUG main            d.u.i.k.p.i.KeYFile       Read specifications obtained when parsing the Java files (usually JML and Strings.key) from /home/runner/work/key/key/key.core/../key.ui/examples/InformationFlow/MethodContracts/contract.IFMethodContract(contract.IFMethodContract__secure_if_high_n1()).Non-interference contract.0.key 
42827      DEBUG Thread-21       d.u.i.k.j.TypeConverter   typeconverter: (prefix this;, class class de.uka.ilkd.key.java.reference.ThisReference) 
42841      DEBUG Thread-21       d.u.i.k.j.TypeConverter   typeconverter: (prefix this;, class class de.uka.ilkd.key.java.reference.ThisReference) 
42864      DEBUG Thread-21       d.u.i.k.j.TypeConverter   typeconverter: (prefix this;, class class de.uka.ilkd.key.java.reference.ThisReference) 
42872      DEBUG Thread-21       d.u.i.k.j.TypeConverter   typeconverter: (prefix this;, class class de.uka.ilkd.key.java.reference.ThisReference) 
42925      DEBUG Thread-21       d.u.i.k.j.TypeConverter   typeconverter: (prefix this;, class class de.uka.ilkd.key.java.reference.ThisReference) 
42933      DEBUG Thread-21       d.u.i.k.j.TypeConverter   typeconverter: (prefix this;, class class de.uka.ilkd.key.java.reference.ThisReference) 
42990      DEBUG Thread-21       d.u.i.k.j.TypeConverter   typeconverter: (prefix this;, class class de.uka.ilkd.key.java.reference.ThisReference) 
42998      DEBUG Thread-21       d.u.i.k.j.TypeConverter   typeconverter: (prefix this;, class class de.uka.ilkd.key.java.reference.ThisReference) 
43069      DEBUG Thread-21       d.u.i.k.j.TypeConverter   typeconverter: (prefix this;, class class de.uka.ilkd.key.java.reference.ThisReference) 
43076      DEBUG Thread-21       d.u.i.k.j.TypeConverter   typeconverter: (prefix this;, class class de.uka.ilkd.key.java.reference.ThisReference) 
43129      DEBUG Thread-21       d.u.i.k.j.TypeConverter   typeconverter: (prefix this;, class class de.uka.ilkd.key.java.reference.ThisReference) 
43137      DEBUG Thread-21       d.u.i.k.j.TypeConverter   typeconverter: (prefix this;, class class de.uka.ilkd.key.java.reference.ThisReference) 
43194      DEBUG Thread-21       d.u.i.k.j.TypeConverter   typeconverter: (prefix this;, class class de.uka.ilkd.key.java.reference.ThisReference) 
43202      DEBUG Thread-21       d.u.i.k.j.TypeConverter   typeconverter: (prefix this;, class class de.uka.ilkd.key.java.reference.ThisReference) 
43285      INFO  main            d.u.i.k.p.r.p.TestFile    ... finished proof: closed. 
43443      DEBUG main            d.u.i.k.s.TermLabelSettings TermLabelSettings: Failure while reading the setting "UseOriginLabels".Using the default value: true.The string read was: null 
43443      INFO  main            d.u.i.k.p.r.p.TestFile    Now processing file /home/runner/work/key/key/key.core/../key.ui/examples/InformationFlow/MethodContracts/contract.IFMethodContract(contract.IFMethodContract__secure_n5()).Non-interference contract.0.key 
44205      DEBUG main            d.u.i.k.j.Recoder2KeY     converting now /home/runner/work/key/key/key.core/../key.ui/examples/InformationFlow/MethodContracts/src/contract/IFMethodContract.java 
44211      DEBUG main            d.u.i.k.s.TermLabelSettings TermLabelSettings: Failure while reading the setting "UseOriginLabels".Using the default value: true.The string read was: null 
44211      DEBUG main            d.u.i.k.p.i.KeYFile       Reading KeY file /home/runner/work/key/key/key.core/../key.ui/examples/InformationFlow/MethodContracts/contract.IFMethodContract(contract.IFMethodContract__secure_n5()).Non-interference contract.0.key 
44212      DEBUG main            d.u.i.k.p.i.KeYFile       Reading KeY file file:/home/runner/work/key/key/key.core/build/resources/main/de/uka/ilkd/key/java/JavaRedux/java/lang/String.key 
44214      DEBUG main            d.u.i.k.p.i.KeYFile       Read specifications obtained when parsing the Java files (usually JML and Strings.key) from file:/home/runner/work/key/key/key.core/build/resources/main/de/uka/ilkd/key/java/JavaRedux/java/lang/String.key 
45798      DEBUG main            d.u.i.k.p.i.KeYFile       Read specifications obtained when parsing the Java files (usually JML and Strings.key) from /home/runner/work/key/key/key.core/../key.ui/examples/InformationFlow/MethodContracts/contract.IFMethodContract(contract.IFMethodContract__secure_n5()).Non-interference contract.0.key 
45872      DEBUG Thread-23       d.u.i.k.j.TypeConverter   typeconverter: (prefix this;, class class de.uka.ilkd.key.java.reference.ThisReference) 
45881      DEBUG Thread-23       d.u.i.k.j.TypeConverter   typeconverter: (prefix this;, class class de.uka.ilkd.key.java.reference.ThisReference) 
45936      DEBUG Thread-23       d.u.i.k.j.TypeConverter   typeconverter: (prefix this;, class class de.uka.ilkd.key.java.reference.ThisReference) 
45957      DEBUG Thread-23       d.u.i.k.j.TypeConverter   typeconverter: (prefix this;, class class de.uka.ilkd.key.java.reference.ThisReference) 
46043      INFO  main            d.u.i.k.p.r.p.TestFile    ... finished proof: closed. 
46182      DEBUG main            d.u.i.k.s.TermLabelSettings TermLabelSettings: Failure while reading the setting "UseOriginLabels".Using the default value: true.The string read was: null 
46182      INFO  main            d.u.i.k.p.r.p.TestFile    Now processing file /home/runner/work/key/key/key.core/../key.ui/examples/InformationFlow/MethodContracts/contract.IFMethodContract(contract.IFMethodContract__n4()).Non-interference contract.0.key 
46946      DEBUG main            d.u.i.k.j.Recoder2KeY     converting now /home/runner/work/key/key/key.core/../key.ui/examples/InformationFlow/MethodContracts/src/contract/IFMethodContract.java 
46951      DEBUG main            d.u.i.k.s.TermLabelSettings TermLabelSettings: Failure while reading the setting "UseOriginLabels".Using the default value: true.The string read was: null 
46951      DEBUG main            d.u.i.k.p.i.KeYFile       Reading KeY file /home/runner/work/key/key/key.core/../key.ui/examples/InformationFlow/MethodContracts/contract.IFMethodContract(contract.IFMethodContract__n4()).Non-interference contract.0.key 
46952      DEBUG main            d.u.i.k.p.i.KeYFile       Reading KeY file file:/home/runner/work/key/key/key.core/build/resources/main/de/uka/ilkd/key/java/JavaRedux/java/lang/String.key 
46954      DEBUG main            d.u.i.k.p.i.KeYFile       Read specifications obtained when parsing the Java files (usually JML and Strings.key) from file:/home/runner/work/key/key/key.core/build/resources/main/de/uka/ilkd/key/java/JavaRedux/java/lang/String.key 
48539      DEBUG main            d.u.i.k.p.i.KeYFile       Read specifications obtained when parsing the Java files (usually JML and Strings.key) from /home/runner/work/key/key/key.core/../key.ui/examples/InformationFlow/MethodContracts/contract.IFMethodContract(contract.IFMethodContract__n4()).Non-interference contract.0.key 
48626      DEBUG Thread-25       d.u.i.k.j.TypeConverter   typeconverter: (prefix this;, class class de.uka.ilkd.key.java.reference.ThisReference) 
48654      DEBUG Thread-25       d.u.i.k.j.TypeConverter   typeconverter: (prefix this;, class class de.uka.ilkd.key.java.reference.ThisReference) 
48669      DEBUG Thread-25       d.u.i.k.j.TypeConverter   typeconverter: (prefix this;, class class de.uka.ilkd.key.java.reference.ThisReference) 
48688      DEBUG Thread-25       d.u.i.k.j.TypeConverter   typeconverter: (prefix this;, class class de.uka.ilkd.key.java.reference.ThisReference) 
48786      INFO  main            d.u.i.k.p.r.p.TestFile    ... finished proof: closed. 
48928      DEBUG main            d.u.i.k.s.TermLabelSettings TermLabelSettings: Failure while reading the setting "UseOriginLabels".Using the default value: true.The string read was: null 
48928      INFO  main            d.u.i.k.p.r.p.TestFile    Now processing file /home/runner/work/key/key/key.core/../key.ui/examples/InformationFlow/MethodContracts/contract.IFMethodContract(contract.IFMethodContract__n3()).Non-interference contract.0.key 
49695      DEBUG main            d.u.i.k.j.Recoder2KeY     converting now /home/runner/work/key/key/key.core/../key.ui/examples/InformationFlow/MethodContracts/src/contract/IFMethodContract.java 
49700      DEBUG main            d.u.i.k.s.TermLabelSettings TermLabelSettings: Failure while reading the setting "UseOriginLabels".Using the default value: true.The string read was: null 
49700      DEBUG main            d.u.i.k.p.i.KeYFile       Reading KeY file /home/runner/work/key/key/key.core/../key.ui/examples/InformationFlow/MethodContracts/contract.IFMethodContract(contract.IFMethodContract__n3()).Non-interference contract.0.key 
49701      DEBUG main            d.u.i.k.p.i.KeYFile       Reading KeY file file:/home/runner/work/key/key/key.core/build/resources/main/de/uka/ilkd/key/java/JavaRedux/java/lang/String.key 
49703      DEBUG main            d.u.i.k.p.i.KeYFile       Read specifications obtained when parsing the Java files (usually JML and Strings.key) from file:/home/runner/work/key/key/key.core/build/resources/main/de/uka/ilkd/key/java/JavaRedux/java/lang/String.key 
51295      DEBUG main            d.u.i.k.p.i.KeYFile       Read specifications obtained when parsing the Java files (usually JML and Strings.key) from /home/runner/work/key/key/key.core/../key.ui/examples/InformationFlow/MethodContracts/contract.IFMethodContract(contract.IFMethodContract__n3()).Non-interference contract.0.key 
51372      DEBUG Thread-27       d.u.i.k.j.TypeConverter   typeconverter: (prefix this;, class class de.uka.ilkd.key.java.reference.ThisReference) 
51376      DEBUG Thread-27       d.u.i.k.j.TypeConverter   typeconverter: (prefix this;, class class de.uka.ilkd.key.java.reference.ThisReference) 
51439      INFO  main            d.u.i.k.p.r.p.TestFile    ... finished proof: closed. 
51585      DEBUG main            d.u.i.k.s.TermLabelSettings TermLabelSettings: Failure while reading the setting "UseOriginLabels".Using the default value: true.The string read was: null 
51585      INFO  main            d.u.i.k.p.r.p.TestFile    Now processing file /home/runner/work/key/key/key.core/../key.ui/examples/InformationFlow/MethodContracts/contract.IFMethodContract(contract.IFMethodContract__secure_sequential_n3_precond_n4()).Non-interference contract.0.key 
52340      DEBUG main            d.u.i.k.j.Recoder2KeY     converting now /home/runner/work/key/key/key.core/../key.ui/examples/InformationFlow/MethodContracts/src/contract/IFMethodContract.java 
52345      DEBUG main            d.u.i.k.s.TermLabelSettings TermLabelSettings: Failure while reading the setting "UseOriginLabels".Using the default value: true.The string read was: null 
52345      DEBUG main            d.u.i.k.p.i.KeYFile       Reading KeY file /home/runner/work/key/key/key.core/../key.ui/examples/InformationFlow/MethodContracts/contract.IFMethodContract(contract.IFMethodContract__secure_sequential_n3_precond_n4()).Non-interference contract.0.key 
52346      DEBUG main            d.u.i.k.p.i.KeYFile       Reading KeY file file:/home/runner/work/key/key/key.core/build/resources/main/de/uka/ilkd/key/java/JavaRedux/java/lang/String.key 
52348      DEBUG main            d.u.i.k.p.i.KeYFile       Read specifications obtained when parsing the Java files (usually JML and Strings.key) from file:/home/runner/work/key/key/key.core/build/resources/main/de/uka/ilkd/key/java/JavaRedux/java/lang/String.key 
53978      DEBUG main            d.u.i.k.p.i.KeYFile       Read specifications obtained when parsing the Java files (usually JML and Strings.key) from /home/runner/work/key/key/key.core/../key.ui/examples/InformationFlow/MethodContracts/contract.IFMethodContract(contract.IFMethodContract__secure_sequential_n3_precond_n4()).Non-interference contract.0.key 
54322      INFO  main            d.u.i.k.p.r.p.TestFile    ... finished proof: closed. 
54481      DEBUG main            d.u.i.k.s.TermLabelSettings TermLabelSettings: Failure while reading the setting "UseOriginLabels".Using the default value: true.The string read was: null 
54481      INFO  main            d.u.i.k.p.r.p.TestFile    Now processing file /home/runner/work/key/key/key.core/../key.ui/examples/InformationFlow/MethodContracts/contract.IFMethodContract(contract.IFMethodContract__insecure_assignment_n2()).Non-interference contract.0.key 
55252      DEBUG main            d.u.i.k.j.Recoder2KeY     converting now /home/runner/work/key/key/key.core/../key.ui/examples/InformationFlow/MethodContracts/src/contract/IFMethodContract.java 
55257      DEBUG main            d.u.i.k.s.TermLabelSettings TermLabelSettings: Failure while reading the setting "UseOriginLabels".Using the default value: true.The string read was: null 
55257      DEBUG main            d.u.i.k.p.i.KeYFile       Reading KeY file /home/runner/work/key/key/key.core/../key.ui/examples/InformationFlow/MethodContracts/contract.IFMethodContract(contract.IFMethodContract__insecure_assignment_n2()).Non-interference contract.0.key 
55258      DEBUG main            d.u.i.k.p.i.KeYFile       Reading KeY file file:/home/runner/work/key/key/key.core/build/resources/main/de/uka/ilkd/key/java/JavaRedux/java/lang/String.key 
55261      DEBUG main            d.u.i.k.p.i.KeYFile       Read specifications obtained when parsing the Java files (usually JML and Strings.key) from file:/home/runner/work/key/key/key.core/build/resources/main/de/uka/ilkd/key/java/JavaRedux/java/lang/String.key 
56828      DEBUG main            d.u.i.k.p.i.KeYFile       Read specifications obtained when parsing the Java files (usually JML and Strings.key) from /home/runner/work/key/key/key.core/../key.ui/examples/InformationFlow/MethodContracts/contract.IFMethodContract(contract.IFMethodContract__insecure_assignment_n2()).Non-interference contract.0.key 
56908      DEBUG Thread-31       d.u.i.k.j.TypeConverter   typeconverter: (prefix this;, class class de.uka.ilkd.key.java.reference.ThisReference) 
56911      DEBUG Thread-31       d.u.i.k.j.TypeConverter   typeconverter: (prefix this;, class class de.uka.ilkd.key.java.reference.ThisReference) 
56921      DEBUG Thread-31       d.u.i.k.j.TypeConverter   typeconverter: (prefix this;, class class de.uka.ilkd.key.java.reference.ThisReference) 
56924      DEBUG Thread-31       d.u.i.k.j.TypeConverter   typeconverter: (prefix this;, class class de.uka.ilkd.key.java.reference.ThisReference) 
57079      INFO  main            d.u.i.k.p.r.p.TestFile    ... finished proof: open goal(s) 
57234      DEBUG main            d.u.i.k.s.TermLabelSettings TermLabelSettings: Failure while reading the setting "UseOriginLabels".Using the default value: true.The string read was: null 
57234      INFO  main            d.u.i.k.p.r.p.TestFile    Now processing file /home/runner/work/key/key/key.core/../key.ui/examples/InformationFlow/MethodContracts/contract.IFMethodContract(contract.IFMethodContract__secure_assignments_n2()).Non-interference contract.0.key 
58003      DEBUG main            d.u.i.k.j.Recoder2KeY     converting now /home/runner/work/key/key/key.core/../key.ui/examples/InformationFlow/MethodContracts/src/contract/IFMethodContract.java 
58008      DEBUG main            d.u.i.k.s.TermLabelSettings TermLabelSettings: Failure while reading the setting "UseOriginLabels".Using the default value: true.The string read was: null 
58009      DEBUG main            d.u.i.k.p.i.KeYFile       Reading KeY file /home/runner/work/key/key/key.core/../key.ui/examples/InformationFlow/MethodContracts/contract.IFMethodContract(contract.IFMethodContract__secure_assignments_n2()).Non-interference contract.0.key 
58009      DEBUG main            d.u.i.k.p.i.KeYFile       Reading KeY file file:/home/runner/work/key/key/key.core/build/resources/main/de/uka/ilkd/key/java/JavaRedux/java/lang/String.key 
58012      DEBUG main            d.u.i.k.p.i.KeYFile       Read specifications obtained when parsing the Java files (usually JML and Strings.key) from file:/home/runner/work/key/key/key.core/build/resources/main/de/uka/ilkd/key/java/JavaRedux/java/lang/String.key 
59550      DEBUG main            d.u.i.k.p.i.KeYFile       Read specifications obtained when parsing the Java files (usually JML and Strings.key) from /home/runner/work/key/key/key.core/../key.ui/examples/InformationFlow/MethodContracts/contract.IFMethodContract(contract.IFMethodContract__secure_assignments_n2()).Non-interference contract.0.key 
59617      DEBUG Thread-33       d.u.i.k.j.TypeConverter   typeconverter: (prefix this;, class class de.uka.ilkd.key.java.reference.ThisReference) 
59623      DEBUG Thread-33       d.u.i.k.j.TypeConverter   typeconverter: (prefix this;, class class de.uka.ilkd.key.java.reference.ThisReference) 
59630      DEBUG Thread-33       d.u.i.k.j.TypeConverter   typeconverter: (prefix this;, class class de.uka.ilkd.key.java.reference.ThisReference) 
59634      DEBUG Thread-33       d.u.i.k.j.TypeConverter   typeconverter: (prefix this;, class class de.uka.ilkd.key.java.reference.ThisReference) 
59641      DEBUG Thread-33       d.u.i.k.j.TypeConverter   typeconverter: (prefix this;, class class de.uka.ilkd.key.java.reference.ThisReference) 
59645      DEBUG Thread-33       d.u.i.k.j.TypeConverter   typeconverter: (prefix this;, class class de.uka.ilkd.key.java.reference.ThisReference) 
59652      DEBUG Thread-33       d.u.i.k.j.TypeConverter   typeconverter: (prefix this;, class class de.uka.ilkd.key.java.reference.ThisReference) 
59658      DEBUG Thread-33       d.u.i.k.j.TypeConverter   typeconverter: (prefix this;, class class de.uka.ilkd.key.java.reference.ThisReference) 
59890      INFO  main            d.u.i.k.p.r.p.TestFile    ... finished proof: closed. 
60041      DEBUG main            d.u.i.k.s.TermLabelSettings TermLabelSettings: Failure while reading the setting "UseOriginLabels".Using the default value: true.The string read was: null 
60041      INFO  main            d.u.i.k.p.r.p.TestFile    Now processing file /home/runner/work/key/key/key.core/../key.ui/examples/InformationFlow/MethodContracts/contract.IFMethodContract(contract.IFMethodContract__n2()).Non-interference contract.0.key 
60816      DEBUG main            d.u.i.k.j.Recoder2KeY     converting now /home/runner/work/key/key/key.core/../key.ui/examples/InformationFlow/MethodContracts/src/contract/IFMethodContract.java 
60821      DEBUG main            d.u.i.k.s.TermLabelSettings TermLabelSettings: Failure while reading the setting "UseOriginLabels".Using the default value: true.The string read was: null 
60821      DEBUG main            d.u.i.k.p.i.KeYFile       Reading KeY file /home/runner/work/key/key/key.core/../key.ui/examples/InformationFlow/MethodContracts/contract.IFMethodContract(contract.IFMethodContract__n2()).Non-interference contract.0.key 
60822      DEBUG main            d.u.i.k.p.i.KeYFile       Reading KeY file file:/home/runner/work/key/key/key.core/build/resources/main/de/uka/ilkd/key/java/JavaRedux/java/lang/String.key 
60825      DEBUG main            d.u.i.k.p.i.KeYFile       Read specifications obtained when parsing the Java files (usually JML and Strings.key) from file:/home/runner/work/key/key/key.core/build/resources/main/de/uka/ilkd/key/java/JavaRedux/java/lang/String.key 
62346      DEBUG main            d.u.i.k.p.i.KeYFile       Read specifications obtained when parsing the Java files (usually JML and Strings.key) from /home/runner/work/key/key/key.core/../key.ui/examples/InformationFlow/MethodContracts/contract.IFMethodContract(contract.IFMethodContract__n2()).Non-interference contract.0.key 
62419      DEBUG Thread-35       d.u.i.k.j.TypeConverter   typeconverter: (prefix this;, class class de.uka.ilkd.key.java.reference.ThisReference) 
62428      DEBUG Thread-35       d.u.i.k.j.TypeConverter   typeconverter: (prefix this;, class class de.uka.ilkd.key.java.reference.ThisReference) 
62433      DEBUG Thread-35       d.u.i.k.j.TypeConverter   typeconverter: (prefix this;, class class de.uka.ilkd.key.java.reference.ThisReference) 
62448      DEBUG Thread-35       d.u.i.k.j.TypeConverter   typeconverter: (prefix this;, class class de.uka.ilkd.key.java.reference.ThisReference) 
62486      INFO  main            d.u.i.k.p.r.p.TestFile    ... finished proof: closed. 
62643      DEBUG main            d.u.i.k.s.TermLabelSettings TermLabelSettings: Failure while reading the setting "UseOriginLabels".Using the default value: true.The string read was: null 
62643      INFO  main            d.u.i.k.p.r.p.TestFile    Now processing file /home/runner/work/key/key/key.core/../key.ui/examples/InformationFlow/MethodContracts/contract.IFMethodContract(contract.IFMethodContract__n1()).Non-interference contract.0.key 
63396      DEBUG main            d.u.i.k.j.Recoder2KeY     converting now /home/runner/work/key/key/key.core/../key.ui/examples/InformationFlow/MethodContracts/src/contract/IFMethodContract.java 
63402      DEBUG main            d.u.i.k.s.TermLabelSettings TermLabelSettings: Failure while reading the setting "UseOriginLabels".Using the default value: true.The string read was: null 
63402      DEBUG main            d.u.i.k.p.i.KeYFile       Reading KeY file /home/runner/work/key/key/key.core/../key.ui/examples/InformationFlow/MethodContracts/contract.IFMethodContract(contract.IFMethodContract__n1()).Non-interference contract.0.key 
63403      DEBUG main            d.u.i.k.p.i.KeYFile       Reading KeY file file:/home/runner/work/key/key/key.core/build/resources/main/de/uka/ilkd/key/java/JavaRedux/java/lang/String.key 
63405      DEBUG main            d.u.i.k.p.i.KeYFile       Read specifications obtained when parsing the Java files (usually JML and Strings.key) from file:/home/runner/work/key/key/key.core/build/resources/main/de/uka/ilkd/key/java/JavaRedux/java/lang/String.key 
64963      DEBUG main            d.u.i.k.p.i.KeYFile       Read specifications obtained when parsing the Java files (usually JML and Strings.key) from /home/runner/work/key/key/key.core/../key.ui/examples/InformationFlow/MethodContracts/contract.IFMethodContract(contract.IFMethodContract__n1()).Non-interference contract.0.key 
65036      DEBUG Thread-37       d.u.i.k.j.TypeConverter   typeconverter: (prefix this;, class class de.uka.ilkd.key.java.reference.ThisReference) 
65040      DEBUG Thread-37       d.u.i.k.j.TypeConverter   typeconverter: (prefix this;, class class de.uka.ilkd.key.java.reference.ThisReference) 
65107      INFO  main            d.u.i.k.p.r.p.TestFile    ... finished proof: closed. 
65277      DEBUG main            d.u.i.k.s.TermLabelSettings TermLabelSettings: Failure while reading the setting "UseOriginLabels".Using the default value: true.The string read was: null 
65277      INFO  main            d.u.i.k.p.r.p.TestFile    Now processing file /home/runner/work/key/key/key.core/../key.ui/examples/InformationFlow/MethodContracts/contract.IFMethodContract(contract.IFMethodContract__secure_sequential_n1_n2()).Non-interference contract.0.key 
66028      DEBUG main            d.u.i.k.j.Recoder2KeY     converting now /home/runner/work/key/key/key.core/../key.ui/examples/InformationFlow/MethodContracts/src/contract/IFMethodContract.java 
66033      DEBUG main            d.u.i.k.s.TermLabelSettings TermLabelSettings: Failure while reading the setting "UseOriginLabels".Using the default value: true.The string read was: null 
66034      DEBUG main            d.u.i.k.p.i.KeYFile       Reading KeY file /home/runner/work/key/key/key.core/../key.ui/examples/InformationFlow/MethodContracts/contract.IFMethodContract(contract.IFMethodContract__secure_sequential_n1_n2()).Non-interference contract.0.key 
66036      DEBUG main            d.u.i.k.p.i.KeYFile       Reading KeY file file:/home/runner/work/key/key/key.core/build/resources/main/de/uka/ilkd/key/java/JavaRedux/java/lang/String.key 
66038      DEBUG main            d.u.i.k.p.i.KeYFile       Read specifications obtained when parsing the Java files (usually JML and Strings.key) from file:/home/runner/work/key/key/key.core/build/resources/main/de/uka/ilkd/key/java/JavaRedux/java/lang/String.key 
67587      DEBUG main            d.u.i.k.p.i.KeYFile       Read specifications obtained when parsing the Java files (usually JML and Strings.key) from /home/runner/work/key/key/key.core/../key.ui/examples/InformationFlow/MethodContracts/contract.IFMethodContract(contract.IFMethodContract__secure_sequential_n1_n2()).Non-interference contract.0.key 
67830      INFO  main            d.u.i.k.p.r.p.TestFile    ... finished proof: closed. 
955252     INFO  Test worker     d.u.i.k.p.r.RunAllProofsTestUnit Returning from test MethodContracts_nomacro 
955253     INFO  Test worker     d.u.i.k.p.r.RunAllProofsTestUnit Running test LoopInvariants_nomacro 
344        INFO  Timeout watchdog d.u.i.k.p.r.p.ForkedTestFileRunner Timeout watcher launched (1000 secs.) 
351        WARN  main            d.u.i.k.s.ProofSettings   The settings in /home/runner/.key/proof-settings.props are *not* read. 
371        DEBUG main            d.u.i.k.s.TermLabelSettings TermLabelSettings: Failure while reading the setting "UseOriginLabels".Using the default value: true.The string read was: null 
372        INFO  main            d.u.i.k.p.r.p.TestFile    Now processing file /home/runner/work/key/key/key.core/../key.ui/examples/InformationFlow/LoopInvariants/loop.IFLoopExamples(loop.IFLoopExamples__insecure_while_3(int)).Non-interference contract.0.key 
1031       DEBUG main            d.u.i.k.p.i.KeYFile       Reading KeY file file:/home/runner/work/key/key/key.core/build/resources/main/de/uka/ilkd/key/proof/rules/ldt.key 
1032       DEBUG main            d.u.i.k.p.i.KeYFile       Read specifications obtained when parsing the Java files (usually JML and Strings.key) from file:/home/runner/work/key/key/key.core/build/resources/main/de/uka/ilkd/key/proof/rules/ldt.key 
1041       DEBUG main            d.u.i.k.p.i.KeYFile       Reading KeY file file:/home/runner/work/key/key/key.core/build/resources/main/de/uka/ilkd/key/proof/rules/propRule.key 
1042       DEBUG main            d.u.i.k.p.i.KeYFile       Read specifications obtained when parsing the Java files (usually JML and Strings.key) from file:/home/runner/work/key/key/key.core/build/resources/main/de/uka/ilkd/key/proof/rules/propRule.key 
1070       DEBUG main            d.u.i.k.p.i.KeYFile       Reading KeY file file:/home/runner/work/key/key/key.core/build/resources/main/de/uka/ilkd/key/proof/rules/firstOrderRules.key 
1071       DEBUG main            d.u.i.k.p.i.KeYFile       Read specifications obtained when parsing the Java files (usually JML and Strings.key) from file:/home/runner/work/key/key/key.core/build/resources/main/de/uka/ilkd/key/proof/rules/firstOrderRules.key 
1129       DEBUG main            d.u.i.k.p.i.KeYFile       Reading KeY file file:/home/runner/work/key/key/key.core/build/resources/main/de/uka/ilkd/key/proof/rules/ifThenElseRules.key 
1130       DEBUG main            d.u.i.k.p.i.KeYFile       Read specifications obtained when parsing the Java files (usually JML and Strings.key) from file:/home/runner/work/key/key/key.core/build/resources/main/de/uka/ilkd/key/proof/rules/ifThenElseRules.key 
1247       DEBUG main            d.u.i.k.p.i.KeYFile       Reading KeY file file:/home/runner/work/key/key/key.core/build/resources/main/de/uka/ilkd/key/proof/rules/formulaNormalisationRules.key 
1248       DEBUG main            d.u.i.k.p.i.KeYFile       Read specifications obtained when parsing the Java files (usually JML and Strings.key) from file:/home/runner/work/key/key/key.core/build/resources/main/de/uka/ilkd/key/proof/rules/formulaNormalisationRules.key 
1340       DEBUG main            d.u.i.k.p.i.KeYFile       Reading KeY file file:/home/runner/work/key/key/key.core/build/resources/main/de/uka/ilkd/key/proof/rules/updateRules.key 
1340       DEBUG main            d.u.i.k.p.i.KeYFile       Read specifications obtained when parsing the Java files (usually JML and Strings.key) from file:/home/runner/work/key/key/key.core/build/resources/main/de/uka/ilkd/key/proof/rules/updateRules.key 
1362       DEBUG main            d.u.i.k.p.i.KeYFile       Reading KeY file file:/home/runner/work/key/key/key.core/build/resources/main/de/uka/ilkd/key/proof/rules/integerRulesCommon.key 
1363       DEBUG main            d.u.i.k.p.i.KeYFile       Read specifications obtained when parsing the Java files (usually JML and Strings.key) from file:/home/runner/work/key/key/key.core/build/resources/main/de/uka/ilkd/key/proof/rules/integerRulesCommon.key 
1479       DEBUG main            d.u.i.k.p.i.KeYFile       Reading KeY file file:/home/runner/work/key/key/key.core/build/resources/main/de/uka/ilkd/key/proof/rules/intRules.key 
1480       DEBUG main            d.u.i.k.p.i.KeYFile       Read specifications obtained when parsing the Java files (usually JML and Strings.key) from file:/home/runner/work/key/key/key.core/build/resources/main/de/uka/ilkd/key/proof/rules/intRules.key 
1506       DEBUG main            d.u.i.k.p.i.KeYFile       Reading KeY file file:/home/runner/work/key/key/key.core/build/resources/main/de/uka/ilkd/key/proof/rules/intRulesUncheckedSemantics.key 
1507       DEBUG main            d.u.i.k.p.i.KeYFile       Read specifications obtained when parsing the Java files (usually JML and Strings.key) from file:/home/runner/work/key/key/key.core/build/resources/main/de/uka/ilkd/key/proof/rules/intRulesUncheckedSemantics.key 
1520       DEBUG main            d.u.i.k.p.i.KeYFile       Reading KeY file file:/home/runner/work/key/key/key.core/build/resources/main/de/uka/ilkd/key/proof/rules/intRulesCheckedSemantics.key 
1521       DEBUG main            d.u.i.k.p.i.KeYFile       Read specifications obtained when parsing the Java files (usually JML and Strings.key) from file:/home/runner/work/key/key/key.core/build/resources/main/de/uka/ilkd/key/proof/rules/intRulesCheckedSemantics.key 
1531       DEBUG main            d.u.i.k.p.i.KeYFile       Reading KeY file file:/home/runner/work/key/key/key.core/build/resources/main/de/uka/ilkd/key/proof/rules/intRulesJavaSemantics.key 
1531       DEBUG main            d.u.i.k.p.i.KeYFile       Read specifications obtained when parsing the Java files (usually JML and Strings.key) from file:/home/runner/work/key/key/key.core/build/resources/main/de/uka/ilkd/key/proof/rules/intRulesJavaSemantics.key 
1680       DEBUG main            d.u.i.k.p.i.KeYFile       Reading KeY file file:/home/runner/work/key/key/key.core/build/resources/main/de/uka/ilkd/key/proof/rules/integerSimplificationRules.key 
1681       DEBUG main            d.u.i.k.p.i.KeYFile       Read specifications obtained when parsing the Java files (usually JML and Strings.key) from file:/home/runner/work/key/key/key.core/build/resources/main/de/uka/ilkd/key/proof/rules/integerSimplificationRules.key 
1762       DEBUG main            d.u.i.k.j.TypeConverter   No LDT found for Meta 
1763       DEBUG main            d.u.i.k.j.TypeConverter   No LDT found for Meta 
1765       DEBUG main            d.u.i.k.j.TypeConverter   No LDT found for Meta 
1765       DEBUG main            d.u.i.k.j.TypeConverter   No LDT found for Meta 
1837       DEBUG main            d.u.i.k.p.i.KeYFile       Reading KeY file file:/home/runner/work/key/key/key.core/build/resources/main/de/uka/ilkd/key/proof/rules/intDiv.key 
1837       DEBUG main            d.u.i.k.p.i.KeYFile       Read specifications obtained when parsing the Java files (usually JML and Strings.key) from file:/home/runner/work/key/key/key.core/build/resources/main/de/uka/ilkd/key/proof/rules/intDiv.key 
1996       DEBUG main            d.u.i.k.p.i.KeYFile       Reading KeY file file:/home/runner/work/key/key/key.core/build/resources/main/de/uka/ilkd/key/proof/rules/bsum.key 
1997       DEBUG main            d.u.i.k.p.i.KeYFile       Read specifications obtained when parsing the Java files (usually JML and Strings.key) from file:/home/runner/work/key/key/key.core/build/resources/main/de/uka/ilkd/key/proof/rules/bsum.key 
2098       DEBUG main            d.u.i.k.p.i.KeYFile       Reading KeY file file:/home/runner/work/key/key/key.core/build/resources/main/de/uka/ilkd/key/proof/rules/bprod.key 
2099       DEBUG main            d.u.i.k.p.i.KeYFile       Read specifications obtained when parsing the Java files (usually JML and Strings.key) from file:/home/runner/work/key/key/key.core/build/resources/main/de/uka/ilkd/key/proof/rules/bprod.key 
2112       DEBUG main            d.u.i.k.p.i.KeYFile       Reading KeY file file:/home/runner/work/key/key/key.core/build/resources/main/de/uka/ilkd/key/proof/rules/binaryAxioms.key 
2114       DEBUG main            d.u.i.k.p.i.KeYFile       Read specifications obtained when parsing the Java files (usually JML and Strings.key) from file:/home/runner/work/key/key/key.core/build/resources/main/de/uka/ilkd/key/proof/rules/binaryAxioms.key 
2119       DEBUG main            d.u.i.k.p.i.KeYFile       Reading KeY file file:/home/runner/work/key/key/key.core/build/resources/main/de/uka/ilkd/key/proof/rules/binaryLemmas.key 
2119       DEBUG main            d.u.i.k.p.i.KeYFile       Read specifications obtained when parsing the Java files (usually JML and Strings.key) from file:/home/runner/work/key/key/key.core/build/resources/main/de/uka/ilkd/key/proof/rules/binaryLemmas.key 
2140       DEBUG main            d.u.i.k.p.i.KeYFile       Reading KeY file file:/home/runner/work/key/key/key.core/build/resources/main/de/uka/ilkd/key/proof/rules/intPow.key 
2140       DEBUG main            d.u.i.k.p.i.KeYFile       Read specifications obtained when parsing the Java files (usually JML and Strings.key) from file:/home/runner/work/key/key/key.core/build/resources/main/de/uka/ilkd/key/proof/rules/intPow.key 
2163       DEBUG main            d.u.i.k.p.i.KeYFile       Reading KeY file file:/home/runner/work/key/key/key.core/build/resources/main/de/uka/ilkd/key/proof/rules/floatRulesCommon.key 
2163       DEBUG main            d.u.i.k.p.i.KeYFile       Read specifications obtained when parsing the Java files (usually JML and Strings.key) from file:/home/runner/work/key/key/key.core/build/resources/main/de/uka/ilkd/key/proof/rules/floatRulesCommon.key 
2177       DEBUG main            d.u.i.k.p.i.KeYFile       Reading KeY file file:/home/runner/work/key/key/key.core/build/resources/main/de/uka/ilkd/key/proof/rules/floatRules.key 
2177       DEBUG main            d.u.i.k.p.i.KeYFile       Read specifications obtained when parsing the Java files (usually JML and Strings.key) from file:/home/runner/work/key/key/key.core/build/resources/main/de/uka/ilkd/key/proof/rules/floatRules.key 
2178       DEBUG main            d.u.i.k.p.i.KeYFile       Reading KeY file file:/home/runner/work/key/key/key.core/build/resources/main/de/uka/ilkd/key/proof/rules/floatRulesVerifyNormal.key 
2178       DEBUG main            d.u.i.k.p.i.KeYFile       Read specifications obtained when parsing the Java files (usually JML and Strings.key) from file:/home/runner/work/key/key/key.core/build/resources/main/de/uka/ilkd/key/proof/rules/floatRulesVerifyNormal.key 
2184       DEBUG main            d.u.i.k.p.i.KeYFile       Reading KeY file file:/home/runner/work/key/key/key.core/build/resources/main/de/uka/ilkd/key/proof/rules/floatRulesAssumeStrictfp.key 
2184       DEBUG main            d.u.i.k.p.i.KeYFile       Read specifications obtained when parsing the Java files (usually JML and Strings.key) from file:/home/runner/work/key/key/key.core/build/resources/main/de/uka/ilkd/key/proof/rules/floatRulesAssumeStrictfp.key 
2228       DEBUG main            d.u.i.k.p.i.KeYFile       Reading KeY file file:/home/runner/work/key/key/key.core/build/resources/main/de/uka/ilkd/key/proof/rules/genericRules.key 
2229       DEBUG main            d.u.i.k.p.i.KeYFile       Read specifications obtained when parsing the Java files (usually JML and Strings.key) from file:/home/runner/work/key/key/key.core/build/resources/main/de/uka/ilkd/key/proof/rules/genericRules.key 
2239       DEBUG main            d.u.i.k.p.i.KeYFile       Reading KeY file file:/home/runner/work/key/key/key.core/build/resources/main/de/uka/ilkd/key/proof/rules/booleanRules.key 
2240       DEBUG main            d.u.i.k.p.i.KeYFile       Read specifications obtained when parsing the Java files (usually JML and Strings.key) from file:/home/runner/work/key/key/key.core/build/resources/main/de/uka/ilkd/key/proof/rules/booleanRules.key 
2246       DEBUG main            d.u.i.k.p.i.KeYFile       Reading KeY file file:/home/runner/work/key/key/key.core/build/resources/main/de/uka/ilkd/key/proof/rules/epsilon.key 
2246       DEBUG main            d.u.i.k.p.i.KeYFile       Read specifications obtained when parsing the Java files (usually JML and Strings.key) from file:/home/runner/work/key/key/key.core/build/resources/main/de/uka/ilkd/key/proof/rules/epsilon.key 
2294       DEBUG main            d.u.i.k.p.i.KeYFile       Reading KeY file file:/home/runner/work/key/key/key.core/build/resources/main/de/uka/ilkd/key/proof/rules/locSetsRules.key 
2294       DEBUG main            d.u.i.k.p.i.KeYFile       Read specifications obtained when parsing the Java files (usually JML and Strings.key) from file:/home/runner/work/key/key/key.core/build/resources/main/de/uka/ilkd/key/proof/rules/locSetsRules.key 
2386       DEBUG main            d.u.i.k.p.i.KeYFile       Reading KeY file file:/home/runner/work/key/key/key.core/build/resources/main/de/uka/ilkd/key/proof/rules/heapRules.key 
2387       DEBUG main            d.u.i.k.p.i.KeYFile       Read specifications obtained when parsing the Java files (usually JML and Strings.key) from file:/home/runner/work/key/key/key.core/build/resources/main/de/uka/ilkd/key/proof/rules/heapRules.key 
2428       DEBUG main            d.u.i.k.p.i.KeYFile       Reading KeY file file:/home/runner/work/key/key/key.core/build/resources/main/de/uka/ilkd/key/proof/rules/permissionRules.key 
2428       DEBUG main            d.u.i.k.p.i.KeYFile       Read specifications obtained when parsing the Java files (usually JML and Strings.key) from file:/home/runner/work/key/key/key.core/build/resources/main/de/uka/ilkd/key/proof/rules/permissionRules.key 
2460       DEBUG main            d.u.i.k.p.i.KeYFile       Reading KeY file file:/home/runner/work/key/key/key.core/build/resources/main/de/uka/ilkd/key/proof/rules/reachRules.key 
2461       DEBUG main            d.u.i.k.p.i.KeYFile       Read specifications obtained when parsing the Java files (usually JML and Strings.key) from file:/home/runner/work/key/key/key.core/build/resources/main/de/uka/ilkd/key/proof/rules/reachRules.key 
2474       DEBUG main            d.u.i.k.p.i.KeYFile       Reading KeY file file:/home/runner/work/key/key/key.core/build/resources/main/de/uka/ilkd/key/proof/rules/seqCoreRules.key 
2474       DEBUG main            d.u.i.k.p.i.KeYFile       Read specifications obtained when parsing the Java files (usually JML and Strings.key) from file:/home/runner/work/key/key/key.core/build/resources/main/de/uka/ilkd/key/proof/rules/seqCoreRules.key 
2521       DEBUG main            d.u.i.k.p.i.KeYFile       Reading KeY file file:/home/runner/work/key/key/key.core/build/resources/main/de/uka/ilkd/key/proof/rules/seqRules.key 
2521       DEBUG main            d.u.i.k.p.i.KeYFile       Read specifications obtained when parsing the Java files (usually JML and Strings.key) from file:/home/runner/work/key/key/key.core/build/resources/main/de/uka/ilkd/key/proof/rules/seqRules.key 
2569       DEBUG main            d.u.i.k.p.i.KeYFile       Reading KeY file file:/home/runner/work/key/key/key.core/build/resources/main/de/uka/ilkd/key/proof/rules/seqPerm.key 
2569       DEBUG main            d.u.i.k.p.i.KeYFile       Read specifications obtained when parsing the Java files (usually JML and Strings.key) from file:/home/runner/work/key/key/key.core/build/resources/main/de/uka/ilkd/key/proof/rules/seqPerm.key 
2591       DEBUG main            d.u.i.k.p.i.KeYFile       Reading KeY file file:/home/runner/work/key/key/key.core/build/resources/main/de/uka/ilkd/key/proof/rules/seqPerm2.key 
2592       DEBUG main            d.u.i.k.p.i.KeYFile       Read specifications obtained when parsing the Java files (usually JML and Strings.key) from file:/home/runner/work/key/key/key.core/build/resources/main/de/uka/ilkd/key/proof/rules/seqPerm2.key 
2717       DEBUG main            d.u.i.k.p.i.KeYFile       Reading KeY file file:/home/runner/work/key/key/key.core/build/resources/main/de/uka/ilkd/key/proof/rules/assertions.key 
2717       DEBUG main            d.u.i.k.p.i.KeYFile       Read specifications obtained when parsing the Java files (usually JML and Strings.key) from file:/home/runner/work/key/key/key.core/build/resources/main/de/uka/ilkd/key/proof/rules/assertions.key 
2763       DEBUG main            d.u.i.k.p.i.KeYFile       Reading KeY file file:/home/runner/work/key/key/key.core/build/resources/main/de/uka/ilkd/key/proof/rules/javaRules.key 
2766       DEBUG main            d.u.i.k.p.i.KeYFile       Read specifications obtained when parsing the Java files (usually JML and Strings.key) from file:/home/runner/work/key/key/key.core/build/resources/main/de/uka/ilkd/key/proof/rules/javaRules.key 
3164       DEBUG main            d.u.i.k.p.i.KeYFile       Reading KeY file file:/home/runner/work/key/key/key.core/build/resources/main/de/uka/ilkd/key/proof/rules/loopRules.key 
3165       DEBUG main            d.u.i.k.p.i.KeYFile       Read specifications obtained when parsing the Java files (usually JML and Strings.key) from file:/home/runner/work/key/key/key.core/build/resources/main/de/uka/ilkd/key/proof/rules/loopRules.key 
3182       DEBUG main            d.u.i.k.p.i.KeYFile       Reading KeY file file:/home/runner/work/key/key/key.core/build/resources/main/de/uka/ilkd/key/proof/rules/activeUse.key 
3182       DEBUG main            d.u.i.k.p.i.KeYFile       Read specifications obtained when parsing the Java files (usually JML and Strings.key) from file:/home/runner/work/key/key/key.core/build/resources/main/de/uka/ilkd/key/proof/rules/activeUse.key 
3222       DEBUG main            d.u.i.k.p.i.KeYFile       Reading KeY file file:/home/runner/work/key/key/key.core/build/resources/main/de/uka/ilkd/key/proof/rules/instanceAllocation.key 
3223       DEBUG main            d.u.i.k.p.i.KeYFile       Read specifications obtained when parsing the Java files (usually JML and Strings.key) from file:/home/runner/work/key/key/key.core/build/resources/main/de/uka/ilkd/key/proof/rules/instanceAllocation.key 
3266       DEBUG main            d.u.i.k.p.i.KeYFile       Reading KeY file file:/home/runner/work/key/key/key.core/build/resources/main/de/uka/ilkd/key/proof/rules/java5.key 
3266       DEBUG main            d.u.i.k.p.i.KeYFile       Read specifications obtained when parsing the Java files (usually JML and Strings.key) from file:/home/runner/work/key/key/key.core/build/resources/main/de/uka/ilkd/key/proof/rules/java5.key 
3277       DEBUG main            d.u.i.k.p.i.KeYFile       Reading KeY file file:/home/runner/work/key/key/key.core/build/resources/main/de/uka/ilkd/key/proof/rules/integerAssignment2UpdateRules.key 
3277       DEBUG main            d.u.i.k.p.i.KeYFile       Read specifications obtained when parsing the Java files (usually JML and Strings.key) from file:/home/runner/work/key/key/key.core/build/resources/main/de/uka/ilkd/key/proof/rules/integerAssignment2UpdateRules.key 
3312       DEBUG main            d.u.i.k.p.i.KeYFile       Reading KeY file file:/home/runner/work/key/key/key.core/build/resources/main/de/uka/ilkd/key/proof/rules/floatAssignment2UpdateRules.key 
3312       DEBUG main            d.u.i.k.p.i.KeYFile       Read specifications obtained when parsing the Java files (usually JML and Strings.key) from file:/home/runner/work/key/key/key.core/build/resources/main/de/uka/ilkd/key/proof/rules/floatAssignment2UpdateRules.key 
3334       DEBUG main            d.u.i.k.p.i.KeYFile       Reading KeY file file:/home/runner/work/key/key/key.core/build/resources/main/de/uka/ilkd/key/proof/rules/bigint.key 
3334       DEBUG main            d.u.i.k.p.i.KeYFile       Read specifications obtained when parsing the Java files (usually JML and Strings.key) from file:/home/runner/work/key/key/key.core/build/resources/main/de/uka/ilkd/key/proof/rules/bigint.key 
3342       DEBUG main            d.u.i.k.j.TypeConverter   No LDT found for JavaBigintExpression 
3351       DEBUG main            d.u.i.k.p.i.KeYFile       Reading KeY file file:/home/runner/work/key/key/key.core/build/resources/main/de/uka/ilkd/key/proof/rules/adtProgramDecompositionRules.key 
3352       DEBUG main            d.u.i.k.p.i.KeYFile       Read specifications obtained when parsing the Java files (usually JML and Strings.key) from file:/home/runner/work/key/key/key.core/build/resources/main/de/uka/ilkd/key/proof/rules/adtProgramDecompositionRules.key 
3367       DEBUG main            d.u.i.k.p.i.KeYFile       Reading KeY file file:/home/runner/work/key/key/key.core/build/resources/main/de/uka/ilkd/key/proof/rules/precRules.key 
3367       DEBUG main            d.u.i.k.p.i.KeYFile       Read specifications obtained when parsing the Java files (usually JML and Strings.key) from file:/home/runner/work/key/key/key.core/build/resources/main/de/uka/ilkd/key/proof/rules/precRules.key 
3382       DEBUG main            d.u.i.k.p.i.KeYFile       Reading KeY file file:/home/runner/work/key/key/key.core/build/resources/main/de/uka/ilkd/key/proof/rules/charListRules.key 
3382       DEBUG main            d.u.i.k.p.i.KeYFile       Read specifications obtained when parsing the Java files (usually JML and Strings.key) from file:/home/runner/work/key/key/key.core/build/resources/main/de/uka/ilkd/key/proof/rules/charListRules.key 
3394       DEBUG main            d.u.i.k.p.i.KeYFile       Reading KeY file file:/home/runner/work/key/key/key.core/build/resources/main/de/uka/ilkd/key/proof/rules/regExHeader.key 
3394       DEBUG main            d.u.i.k.p.i.KeYFile       Read specifications obtained when parsing the Java files (usually JML and Strings.key) from file:/home/runner/work/key/key/key.core/build/resources/main/de/uka/ilkd/key/proof/rules/regExHeader.key 
3398       DEBUG main            d.u.i.k.p.i.KeYFile       Reading KeY file file:/home/runner/work/key/key/key.core/build/resources/main/de/uka/ilkd/key/proof/rules/regExAxioms.key 
3398       DEBUG main            d.u.i.k.p.i.KeYFile       Read specifications obtained when parsing the Java files (usually JML and Strings.key) from file:/home/runner/work/key/key/key.core/build/resources/main/de/uka/ilkd/key/proof/rules/regExAxioms.key 
3405       DEBUG main            d.u.i.k.p.i.KeYFile       Reading KeY file file:/home/runner/work/key/key/key.core/build/resources/main/de/uka/ilkd/key/proof/rules/regExLemmaProven.key 
3405       DEBUG main            d.u.i.k.p.i.KeYFile       Read specifications obtained when parsing the Java files (usually JML and Strings.key) from file:/home/runner/work/key/key/key.core/build/resources/main/de/uka/ilkd/key/proof/rules/regExLemmaProven.key 
3410       DEBUG main            d.u.i.k.p.i.KeYFile       Reading KeY file file:/home/runner/work/key/key/key.core/build/resources/main/de/uka/ilkd/key/proof/rules/regExTheory.key 
3410       DEBUG main            d.u.i.k.p.i.KeYFile       Read specifications obtained when parsing the Java files (usually JML and Strings.key) from file:/home/runner/work/key/key/key.core/build/resources/main/de/uka/ilkd/key/proof/rules/regExTheory.key 
3416       DEBUG main            d.u.i.k.p.i.KeYFile       Reading KeY file file:/home/runner/work/key/key/key.core/build/resources/main/de/uka/ilkd/key/proof/rules/seqEq.key 
3416       DEBUG main            d.u.i.k.p.i.KeYFile       Read specifications obtained when parsing the Java files (usually JML and Strings.key) from file:/home/runner/work/key/key/key.core/build/resources/main/de/uka/ilkd/key/proof/rules/seqEq.key 
3426       DEBUG main            d.u.i.k.p.i.KeYFile       Reading KeY file file:/home/runner/work/key/key/key.core/build/resources/main/de/uka/ilkd/key/proof/rules/infFlow.key 
3427       DEBUG main            d.u.i.k.p.i.KeYFile       Read specifications obtained when parsing the Java files (usually JML and Strings.key) from file:/home/runner/work/key/key/key.core/build/resources/main/de/uka/ilkd/key/proof/rules/infFlow.key 
3432       DEBUG main            d.u.i.k.p.i.KeYFile       Reading KeY file file:/home/runner/work/key/key/key.core/build/resources/main/de/uka/ilkd/key/proof/rules/mapSize.key 
3433       DEBUG main            d.u.i.k.p.i.KeYFile       Read specifications obtained when parsing the Java files (usually JML and Strings.key) from file:/home/runner/work/key/key/key.core/build/resources/main/de/uka/ilkd/key/proof/rules/mapSize.key 
3437       DEBUG main            d.u.i.k.p.i.KeYFile       Reading KeY file file:/home/runner/work/key/key/key.core/build/resources/main/de/uka/ilkd/key/proof/rules/wdHeader.key 
3437       DEBUG main            d.u.i.k.p.i.KeYFile       Read specifications obtained when parsing the Java files (usually JML and Strings.key) from file:/home/runner/work/key/key/key.core/build/resources/main/de/uka/ilkd/key/proof/rules/wdHeader.key 
3440       DEBUG main            d.u.i.k.p.i.KeYFile       Reading KeY file file:/home/runner/work/key/key/key.core/build/resources/main/de/uka/ilkd/key/proof/rules/wdGeneralRules.key 
3440       DEBUG main            d.u.i.k.p.i.KeYFile       Read specifications obtained when parsing the Java files (usually JML and Strings.key) from file:/home/runner/work/key/key/key.core/build/resources/main/de/uka/ilkd/key/proof/rules/wdGeneralRules.key 
3456       DEBUG main            d.u.i.k.p.i.KeYFile       Reading KeY file file:/home/runner/work/key/key/key.core/build/resources/main/de/uka/ilkd/key/proof/rules/wdNumericalRules.key 
3457       DEBUG main            d.u.i.k.p.i.KeYFile       Read specifications obtained when parsing the Java files (usually JML and Strings.key) from file:/home/runner/work/key/key/key.core/build/resources/main/de/uka/ilkd/key/proof/rules/wdNumericalRules.key 
3505       DEBUG main            d.u.i.k.p.i.KeYFile       Reading KeY file file:/home/runner/work/key/key/key.core/build/resources/main/de/uka/ilkd/key/proof/rules/wdLocSetRules.key 
3505       DEBUG main            d.u.i.k.p.i.KeYFile       Read specifications obtained when parsing the Java files (usually JML and Strings.key) from file:/home/runner/work/key/key/key.core/build/resources/main/de/uka/ilkd/key/proof/rules/wdLocSetRules.key 
3512       DEBUG main            d.u.i.k.p.i.KeYFile       Reading KeY file file:/home/runner/work/key/key/key.core/build/resources/main/de/uka/ilkd/key/proof/rules/wdHeapRules.key 
3513       DEBUG main            d.u.i.k.p.i.KeYFile       Read specifications obtained when parsing the Java files (usually JML and Strings.key) from file:/home/runner/work/key/key/key.core/build/resources/main/de/uka/ilkd/key/proof/rules/wdHeapRules.key 
3517       DEBUG main            d.u.i.k.p.i.KeYFile       Reading KeY file file:/home/runner/work/key/key/key.core/build/resources/main/de/uka/ilkd/key/proof/rules/wdReachRules.key 
3517       DEBUG main            d.u.i.k.p.i.KeYFile       Read specifications obtained when parsing the Java files (usually JML and Strings.key) from file:/home/runner/work/key/key/key.core/build/resources/main/de/uka/ilkd/key/proof/rules/wdReachRules.key 
3519       DEBUG main            d.u.i.k.p.i.KeYFile       Reading KeY file file:/home/runner/work/key/key/key.core/build/resources/main/de/uka/ilkd/key/proof/rules/wdSeqRules.key 
3519       DEBUG main            d.u.i.k.p.i.KeYFile       Read specifications obtained when parsing the Java files (usually JML and Strings.key) from file:/home/runner/work/key/key/key.core/build/resources/main/de/uka/ilkd/key/proof/rules/wdSeqRules.key 
3524       DEBUG main            d.u.i.k.p.i.KeYFile       Reading KeY file file:/home/runner/work/key/key/key.core/build/resources/main/de/uka/ilkd/key/proof/rules/wdStringRules.key 
3524       DEBUG main            d.u.i.k.p.i.KeYFile       Read specifications obtained when parsing the Java files (usually JML and Strings.key) from file:/home/runner/work/key/key/key.core/build/resources/main/de/uka/ilkd/key/proof/rules/wdStringRules.key 
3528       DEBUG main            d.u.i.k.p.i.KeYFile       Reading KeY file file:/home/runner/work/key/key/key.core/build/resources/main/de/uka/ilkd/key/proof/rules/wdRegExRules.key 
3528       DEBUG main            d.u.i.k.p.i.KeYFile       Read specifications obtained when parsing the Java files (usually JML and Strings.key) from file:/home/runner/work/key/key/key.core/build/resources/main/de/uka/ilkd/key/proof/rules/wdRegExRules.key 
3539       DEBUG main            d.u.i.k.p.i.KeYFile       Reading KeY file file:/home/runner/work/key/key/key.core/build/resources/main/de/uka/ilkd/key/proof/rules/wdFormulaRules.key 
3539       DEBUG main            d.u.i.k.p.i.KeYFile       Read specifications obtained when parsing the Java files (usually JML and Strings.key) from file:/home/runner/work/key/key/key.core/build/resources/main/de/uka/ilkd/key/proof/rules/wdFormulaRules.key 
3551       DEBUG main            d.u.i.k.p.i.KeYFile       Reading KeY file file:/home/runner/work/key/key/key.core/build/resources/main/de/uka/ilkd/key/proof/rules/wd.key 
3551       DEBUG main            d.u.i.k.p.i.KeYFile       Read specifications obtained when parsing the Java files (usually JML and Strings.key) from file:/home/runner/work/key/key/key.core/build/resources/main/de/uka/ilkd/key/proof/rules/wd.key 
3553       DEBUG main            d.u.i.k.p.i.KeYFile       Reading KeY file file:/home/runner/work/key/key/key.core/build/resources/main/de/uka/ilkd/key/proof/rules/loopInvariantRules.key 
3553       DEBUG main            d.u.i.k.p.i.KeYFile       Read specifications obtained when parsing the Java files (usually JML and Strings.key) from file:/home/runner/work/key/key/key.core/build/resources/main/de/uka/ilkd/key/proof/rules/loopInvariantRules.key 
3554       DEBUG main            d.u.i.k.p.i.KeYFile       Reading KeY file file:/home/runner/work/key/key/key.core/build/resources/main/de/uka/ilkd/key/proof/rules/forLoopRules.key 
3554       DEBUG main            d.u.i.k.p.i.KeYFile       Read specifications obtained when parsing the Java files (usually JML and Strings.key) from file:/home/runner/work/key/key/key.core/build/resources/main/de/uka/ilkd/key/proof/rules/forLoopRules.key 
3561       DEBUG main            d.u.i.k.p.i.KeYFile       Reading KeY file file:/home/runner/work/key/key/key.core/build/resources/main/de/uka/ilkd/key/proof/rules/execRules.key 
3561       DEBUG main            d.u.i.k.p.i.KeYFile       Read specifications obtained when parsing the Java files (usually JML and Strings.key) from file:/home/runner/work/key/key/key.core/build/resources/main/de/uka/ilkd/key/proof/rules/execRules.key 
3630       DEBUG main            d.u.i.k.p.i.KeYFile       Reading KeY file file:/home/runner/work/key/key/key.core/build/resources/main/de/uka/ilkd/key/proof/rules/loopScopeRules.key 
3630       DEBUG main            d.u.i.k.p.i.KeYFile       Read specifications obtained when parsing the Java files (usually JML and Strings.key) from file:/home/runner/work/key/key/key.core/build/resources/main/de/uka/ilkd/key/proof/rules/loopScopeRules.key 
3650       DEBUG main            d.u.i.k.p.i.KeYFile       Reading KeY file file:/home/runner/work/key/key/key.core/build/resources/main/de/uka/ilkd/key/proof/rules/standardRules.key 
3651       DEBUG main            d.u.i.k.p.i.KeYFile       Read specifications obtained when parsing the Java files (usually JML and Strings.key) from file:/home/runner/work/key/key/key.core/build/resources/main/de/uka/ilkd/key/proof/rules/standardRules.key 
6427       DEBUG main            d.u.i.k.j.Recoder2KeY     converting now /home/runner/work/key/key/key.core/../key.ui/examples/InformationFlow/LoopInvariants/src/loop/IFLoopExamples.java 
6492       DEBUG main            d.u.i.k.s.TermLabelSettings TermLabelSettings: Failure while reading the setting "UseOriginLabels".Using the default value: true.The string read was: null 
6495       DEBUG main            d.u.i.k.p.i.KeYFile       Reading KeY file /home/runner/work/key/key/key.core/../key.ui/examples/InformationFlow/LoopInvariants/loop.IFLoopExamples(loop.IFLoopExamples__insecure_while_3(int)).Non-interference contract.0.key 
6505       DEBUG main            d.u.i.k.p.i.KeYFile       Reading KeY file file:/home/runner/work/key/key/key.core/build/resources/main/de/uka/ilkd/key/java/JavaRedux/java/lang/String.key 
6511       DEBUG main            d.u.i.k.p.i.KeYFile       Read specifications obtained when parsing the Java files (usually JML and Strings.key) from file:/home/runner/work/key/key/key.core/build/resources/main/de/uka/ilkd/key/java/JavaRedux/java/lang/String.key 
8920       DEBUG main            d.u.i.k.p.i.KeYFile       Read specifications obtained when parsing the Java files (usually JML and Strings.key) from /home/runner/work/key/key/key.core/../key.ui/examples/InformationFlow/LoopInvariants/loop.IFLoopExamples(loop.IFLoopExamples__insecure_while_3(int)).Non-interference contract.0.key 
9573       DEBUG Thread-1        d.u.i.k.j.TypeConverter   typeconverter: (prefix this;, class class de.uka.ilkd.key.java.reference.ThisReference) 
9621       DEBUG Thread-1        d.u.i.k.j.TypeConverter   typeconverter: (prefix this;, class class de.uka.ilkd.key.java.reference.ThisReference) 
9645       DEBUG Thread-1        d.u.i.k.j.TypeConverter   typeconverter: (prefix this;, class class de.uka.ilkd.key.java.reference.ThisReference) 
9724       DEBUG Thread-1        d.u.i.k.j.TypeConverter   typeconverter: (prefix this;, class class de.uka.ilkd.key.java.reference.ThisReference) 
9759       DEBUG Thread-1        d.u.i.k.r.m.WhileLoopTransformation While-Loop-Tranform-Result: try {
  {
    if (_x_A > 0) {
      this.low = this.low + 1;
      _x_A = _x_A - 1;
    }
  }
} catch (java.lang.Throwable e#4) {
  exc#3 = true;
  thrownExc#5 = e#4;
} 
10088      DEBUG Thread-1        d.u.i.k.j.TypeConverter   typeconverter: (prefix this;, class class de.uka.ilkd.key.java.reference.ThisReference) 
10125      DEBUG Thread-1        d.u.i.k.j.TypeConverter   typeconverter: (prefix this;, class class de.uka.ilkd.key.java.reference.ThisReference) 
10141      DEBUG Thread-1        d.u.i.k.r.m.WhileLoopTransformation While-Loop-Tranform-Result: try {
  {
    if (_x_B > 0) {
      this.low = this.low + 1;
      _x_B = _x_B - 1;
    }
  }
} catch (java.lang.Throwable e#26) {
  exc#25 = true;
  thrownExc#27 = e#26;
} 
10232      DEBUG Thread-1        d.u.i.k.j.TypeConverter   typeconverter: (prefix this;, class class de.uka.ilkd.key.java.reference.ThisReference) 
10387      DEBUG Thread-1        d.u.i.k.j.TypeConverter   typeconverter: (prefix this;, class class de.uka.ilkd.key.java.reference.ThisReference) 
10608      DEBUG Thread-1        d.u.i.k.j.TypeConverter   typeconverter: (prefix this;, class class de.uka.ilkd.key.java.reference.ThisReference) 
10791      DEBUG Thread-1        d.u.i.k.j.TypeConverter   typeconverter: (prefix this;, class class de.uka.ilkd.key.java.reference.ThisReference) 
10800      DEBUG Thread-1        d.u.i.k.j.TypeConverter   typeconverter: (prefix this;, class class de.uka.ilkd.key.java.reference.ThisReference) 
10810      DEBUG Thread-1        d.u.i.k.j.TypeConverter   typeconverter: (prefix this;, class class de.uka.ilkd.key.java.reference.ThisReference) 
11069      DEBUG Thread-1        d.u.i.k.j.TypeConverter   typeconverter: (prefix this;, class class de.uka.ilkd.key.java.reference.ThisReference) 
11279      DEBUG Thread-1        d.u.i.k.j.TypeConverter   typeconverter: (prefix this;, class class de.uka.ilkd.key.java.reference.ThisReference) 
11295      DEBUG Thread-1        d.u.i.k.j.TypeConverter   typeconverter: (prefix this;, class class de.uka.ilkd.key.java.reference.ThisReference) 
11314      DEBUG Thread-1        d.u.i.k.j.TypeConverter   typeconverter: (prefix this;, class class de.uka.ilkd.key.java.reference.ThisReference) 
11734      INFO  main            d.u.i.k.p.r.p.TestFile    ... finished proof: open goal(s) 
11879      DEBUG main            d.u.i.k.s.TermLabelSettings TermLabelSettings: Failure while reading the setting "UseOriginLabels".Using the default value: true.The string read was: null 
11879      INFO  main            d.u.i.k.p.r.p.TestFile    Now processing file /home/runner/work/key/key/key.core/../key.ui/examples/InformationFlow/LoopInvariants/loop.IFLoopExamples(loop.IFLoopExamples__secure_while_2(int)).Non-interference contract.0.key 
12966      DEBUG main            d.u.i.k.j.Recoder2KeY     converting now /home/runner/work/key/key/key.core/../key.ui/examples/InformationFlow/LoopInvariants/src/loop/IFLoopExamples.java 
12977      DEBUG main            d.u.i.k.s.TermLabelSettings TermLabelSettings: Failure while reading the setting "UseOriginLabels".Using the default value: true.The string read was: null 
12977      DEBUG main            d.u.i.k.p.i.KeYFile       Reading KeY file /home/runner/work/key/key/key.core/../key.ui/examples/InformationFlow/LoopInvariants/loop.IFLoopExamples(loop.IFLoopExamples__secure_while_2(int)).Non-interference contract.0.key 
12979      DEBUG main            d.u.i.k.p.i.KeYFile       Reading KeY file file:/home/runner/work/key/key/key.core/build/resources/main/de/uka/ilkd/key/java/JavaRedux/java/lang/String.key 
12981      DEBUG main            d.u.i.k.p.i.KeYFile       Read specifications obtained when parsing the Java files (usually JML and Strings.key) from file:/home/runner/work/key/key/key.core/build/resources/main/de/uka/ilkd/key/java/JavaRedux/java/lang/String.key 
15103      DEBUG main            d.u.i.k.p.i.KeYFile       Read specifications obtained when parsing the Java files (usually JML and Strings.key) from /home/runner/work/key/key/key.core/../key.ui/examples/InformationFlow/LoopInvariants/loop.IFLoopExamples(loop.IFLoopExamples__secure_while_2(int)).Non-interference contract.0.key 
15232      DEBUG Thread-3        d.u.i.k.j.TypeConverter   typeconverter: (prefix this;, class class de.uka.ilkd.key.java.reference.ThisReference) 
15245      DEBUG Thread-3        d.u.i.k.j.TypeConverter   typeconverter: (prefix this;, class class de.uka.ilkd.key.java.reference.ThisReference) 
15253      DEBUG Thread-3        d.u.i.k.j.TypeConverter   typeconverter: (prefix this;, class class de.uka.ilkd.key.java.reference.ThisReference) 
15280      DEBUG Thread-3        d.u.i.k.j.TypeConverter   typeconverter: (prefix this;, class class de.uka.ilkd.key.java.reference.ThisReference) 
15288      DEBUG Thread-3        d.u.i.k.r.m.WhileLoopTransformation While-Loop-Tranform-Result: try {
  {
    if (_x_A > 0) {
      this.low = this.low + 1;
      _x_A = _x_A - 1;
    }
  }
} catch (java.lang.Throwable e#4) {
  exc#3 = true;
  thrownExc#5 = e#4;
} 
15419      DEBUG Thread-3        d.u.i.k.j.TypeConverter   typeconverter: (prefix this;, class class de.uka.ilkd.key.java.reference.ThisReference) 
15441      DEBUG Thread-3        d.u.i.k.j.TypeConverter   typeconverter: (prefix this;, class class de.uka.ilkd.key.java.reference.ThisReference) 
15481      DEBUG Thread-3        d.u.i.k.r.m.WhileLoopTransformation While-Loop-Tranform-Result: try {
  {
    if (_x_B > 0) {
      this.low = this.low + 1;
      _x_B = _x_B - 1;
    }
  }
} catch (java.lang.Throwable e#26) {
  exc#25 = true;
  thrownExc#27 = e#26;
} 
15624      DEBUG Thread-3        d.u.i.k.j.TypeConverter   typeconverter: (prefix this;, class class de.uka.ilkd.key.java.reference.ThisReference) 
15647      DEBUG Thread-3        d.u.i.k.j.TypeConverter   typeconverter: (prefix this;, class class de.uka.ilkd.key.java.reference.ThisReference) 
15907      DEBUG Thread-3        d.u.i.k.j.TypeConverter   typeconverter: (prefix this;, class class de.uka.ilkd.key.java.reference.ThisReference) 
15909      DEBUG Thread-3        d.u.i.k.j.TypeConverter   typeconverter: (prefix this;, class class de.uka.ilkd.key.java.reference.ThisReference) 
16046      DEBUG Thread-3        d.u.i.k.j.TypeConverter   typeconverter: (prefix this;, class class de.uka.ilkd.key.java.reference.ThisReference) 
16053      DEBUG Thread-3        d.u.i.k.j.TypeConverter   typeconverter: (prefix this;, class class de.uka.ilkd.key.java.reference.ThisReference) 
16265      DEBUG Thread-3        d.u.i.k.j.TypeConverter   typeconverter: (prefix this;, class class de.uka.ilkd.key.java.reference.ThisReference) 
16267      DEBUG Thread-3        d.u.i.k.j.TypeConverter   typeconverter: (prefix this;, class class de.uka.ilkd.key.java.reference.ThisReference) 
16415      DEBUG Thread-3        d.u.i.k.j.TypeConverter   typeconverter: (prefix this;, class class de.uka.ilkd.key.java.reference.ThisReference) 
16422      DEBUG Thread-3        d.u.i.k.j.TypeConverter   typeconverter: (prefix this;, class class de.uka.ilkd.key.java.reference.ThisReference) 
16587      INFO  main            d.u.i.k.p.r.p.TestFile    ... finished proof: closed. 
16768      DEBUG main            d.u.i.k.s.TermLabelSettings TermLabelSettings: Failure while reading the setting "UseOriginLabels".Using the default value: true.The string read was: null 
16769      INFO  main            d.u.i.k.p.r.p.TestFile    Now processing file /home/runner/work/key/key/key.core/../key.ui/examples/InformationFlow/LoopInvariants/loop.IFLoopExamples(loop.IFLoopExamples__secure_while_4(int)).Non-interference contract.0.key 
17787      DEBUG main            d.u.i.k.j.Recoder2KeY     converting now /home/runner/work/key/key/key.core/../key.ui/examples/InformationFlow/LoopInvariants/src/loop/IFLoopExamples.java 
17795      DEBUG main            d.u.i.k.s.TermLabelSettings TermLabelSettings: Failure while reading the setting "UseOriginLabels".Using the default value: true.The string read was: null 
17795      DEBUG main            d.u.i.k.p.i.KeYFile       Reading KeY file /home/runner/work/key/key/key.core/../key.ui/examples/InformationFlow/LoopInvariants/loop.IFLoopExamples(loop.IFLoopExamples__secure_while_4(int)).Non-interference contract.0.key 
17796      DEBUG main            d.u.i.k.p.i.KeYFile       Reading KeY file file:/home/runner/work/key/key/key.core/build/resources/main/de/uka/ilkd/key/java/JavaRedux/java/lang/String.key 
17799      DEBUG main            d.u.i.k.p.i.KeYFile       Read specifications obtained when parsing the Java files (usually JML and Strings.key) from file:/home/runner/work/key/key/key.core/build/resources/main/de/uka/ilkd/key/java/JavaRedux/java/lang/String.key 
19821      DEBUG main            d.u.i.k.p.i.KeYFile       Read specifications obtained when parsing the Java files (usually JML and Strings.key) from /home/runner/work/key/key/key.core/../key.ui/examples/InformationFlow/LoopInvariants/loop.IFLoopExamples(loop.IFLoopExamples__secure_while_4(int)).Non-interference contract.0.key 
19923      DEBUG Thread-5        d.u.i.k.j.TypeConverter   typeconverter: (prefix this;, class class de.uka.ilkd.key.java.reference.ThisReference) 
19936      DEBUG Thread-5        d.u.i.k.j.TypeConverter   typeconverter: (prefix this;, class class de.uka.ilkd.key.java.reference.ThisReference) 
19943      DEBUG Thread-5        d.u.i.k.j.TypeConverter   typeconverter: (prefix this;, class class de.uka.ilkd.key.java.reference.ThisReference) 
19966      DEBUG Thread-5        d.u.i.k.j.TypeConverter   typeconverter: (prefix this;, class class de.uka.ilkd.key.java.reference.ThisReference) 
19974      DEBUG Thread-5        d.u.i.k.r.m.WhileLoopTransformation While-Loop-Tranform-Result: try {
  {
    if (_x_A > 0) {
      this.low = this.low + 1;
      _x_A = _x_A - 1;
    }
  }
} catch (java.lang.Throwable e#4) {
  exc#3 = true;
  thrownExc#5 = e#4;
} 
20100      DEBUG Thread-5        d.u.i.k.j.TypeConverter   typeconverter: (prefix this;, class class de.uka.ilkd.key.java.reference.ThisReference) 
20119      DEBUG Thread-5        d.u.i.k.j.TypeConverter   typeconverter: (prefix this;, class class de.uka.ilkd.key.java.reference.ThisReference) 
20153      DEBUG Thread-5        d.u.i.k.r.m.WhileLoopTransformation While-Loop-Tranform-Result: try {
  {
    if (_x_B > 0) {
      this.low = this.low + 1;
      _x_B = _x_B - 1;
    }
  }
} catch (java.lang.Throwable e#26) {
  exc#25 = true;
  thrownExc#27 = e#26;
} 
20275      DEBUG Thread-5        d.u.i.k.j.TypeConverter   typeconverter: (prefix this;, class class de.uka.ilkd.key.java.reference.ThisReference) 
20296      DEBUG Thread-5        d.u.i.k.j.TypeConverter   typeconverter: (prefix this;, class class de.uka.ilkd.key.java.reference.ThisReference) 
20517      DEBUG Thread-5        d.u.i.k.j.TypeConverter   typeconverter: (prefix this;, class class de.uka.ilkd.key.java.reference.ThisReference) 
20519      DEBUG Thread-5        d.u.i.k.j.TypeConverter   typeconverter: (prefix this;, class class de.uka.ilkd.key.java.reference.ThisReference) 
20679      DEBUG Thread-5        d.u.i.k.j.TypeConverter   typeconverter: (prefix this;, class class de.uka.ilkd.key.java.reference.ThisReference) 
20686      DEBUG Thread-5        d.u.i.k.j.TypeConverter   typeconverter: (prefix this;, class class de.uka.ilkd.key.java.reference.ThisReference) 
20885      DEBUG Thread-5        d.u.i.k.j.TypeConverter   typeconverter: (prefix this;, class class de.uka.ilkd.key.java.reference.ThisReference) 
20886      DEBUG Thread-5        d.u.i.k.j.TypeConverter   typeconverter: (prefix this;, class class de.uka.ilkd.key.java.reference.ThisReference) 
21011      DEBUG Thread-5        d.u.i.k.j.TypeConverter   typeconverter: (prefix this;, class class de.uka.ilkd.key.java.reference.ThisReference) 
21017      DEBUG Thread-5        d.u.i.k.j.TypeConverter   typeconverter: (prefix this;, class class de.uka.ilkd.key.java.reference.ThisReference) 
21192      INFO  main            d.u.i.k.p.r.p.TestFile    ... finished proof: closed. 
21341      DEBUG main            d.u.i.k.s.TermLabelSettings TermLabelSettings: Failure while reading the setting "UseOriginLabels".Using the default value: true.The string read was: null 
21341      INFO  main            d.u.i.k.p.r.p.TestFile    Now processing file /home/runner/work/key/key/key.core/../key.ui/examples/InformationFlow/LoopInvariants/loop.IFLoopExamples(loop.IFLoopExamples__insecure_doubleNestedWhile2(int)).Non-interference contract.0.key 
22381      DEBUG main            d.u.i.k.j.Recoder2KeY     converting now /home/runner/work/key/key/key.core/../key.ui/examples/InformationFlow/LoopInvariants/src/loop/IFLoopExamples.java 
22388      DEBUG main            d.u.i.k.s.TermLabelSettings TermLabelSettings: Failure while reading the setting "UseOriginLabels".Using the default value: true.The string read was: null 
22389      DEBUG main            d.u.i.k.p.i.KeYFile       Reading KeY file /home/runner/work/key/key/key.core/../key.ui/examples/InformationFlow/LoopInvariants/loop.IFLoopExamples(loop.IFLoopExamples__insecure_doubleNestedWhile2(int)).Non-interference contract.0.key 
22390      DEBUG main            d.u.i.k.p.i.KeYFile       Reading KeY file file:/home/runner/work/key/key/key.core/build/resources/main/de/uka/ilkd/key/java/JavaRedux/java/lang/String.key 
22392      DEBUG main            d.u.i.k.p.i.KeYFile       Read specifications obtained when parsing the Java files (usually JML and Strings.key) from file:/home/runner/work/key/key/key.core/build/resources/main/de/uka/ilkd/key/java/JavaRedux/java/lang/String.key 
24385      DEBUG main            d.u.i.k.p.i.KeYFile       Read specifications obtained when parsing the Java files (usually JML and Strings.key) from /home/runner/work/key/key/key.core/../key.ui/examples/InformationFlow/LoopInvariants/loop.IFLoopExamples(loop.IFLoopExamples__insecure_doubleNestedWhile2(int)).Non-interference contract.0.key 
24503      DEBUG Thread-7        d.u.i.k.r.m.WhileLoopTransformation While-Loop-Tranform-Result: try {
  {
    if (_x_A > 0) {
      this.low = this.low + 1;
      _x_A = _x_A - 1;
      while (_x_A > 0) {
        this.low = this.low + 1;
        _x_A = _x_A - 1;
        while (_x_A > 0) {
          this.low = this.low + 1;
          _x_A = _x_A - 1;
        }
      }
    }
  }
} catch (java.lang.Throwable e#4) {
  exc#3 = true;
  thrownExc#5 = e#4;
} 
24632      DEBUG Thread-7        d.u.i.k.r.m.WhileLoopTransformation While-Loop-Tranform-Result: try {
  {
    if (_x_B > 0) {
      this.low = this.low + 1;
      _x_B = _x_B - 1;
      while (_x_B > 0) {
        this.low = this.low + 1;
        _x_B = _x_B - 1;
        while (_x_B > 0) {
          this.low = this.low + 1;
          _x_B = _x_B - 1;
        }
      }
    }
  }
} catch (java.lang.Throwable e#26) {
  exc#25 = true;
  thrownExc#27 = e#26;
} 
24858      DEBUG Thread-7        d.u.i.k.j.TypeConverter   typeconverter: (prefix this;, class class de.uka.ilkd.key.java.reference.ThisReference) 
25025      DEBUG Thread-7        d.u.i.k.j.TypeConverter   typeconverter: (prefix this;, class class de.uka.ilkd.key.java.reference.ThisReference) 
25035      DEBUG Thread-7        d.u.i.k.j.TypeConverter   typeconverter: (prefix this;, class class de.uka.ilkd.key.java.reference.ThisReference) 
25047      DEBUG Thread-7        d.u.i.k.j.TypeConverter   typeconverter: (prefix this;, class class de.uka.ilkd.key.java.reference.ThisReference) 
25089      DEBUG Thread-7        d.u.i.k.r.m.WhileLoopTransformation While-Loop-Tranform-Result: try {
  {
    if (_x_B > 0) {
      this.low = this.low + 1;
      _x_B = _x_B - 1;
      while (_x_B > 0) {
        this.low = this.low + 1;
        _x_B = _x_B - 1;
      }
    }
  }
} catch (java.lang.Throwable e#48) {
  exc#47 = true;
  thrownExc#49 = e#48;
} 
25266      DEBUG Thread-7        d.u.i.k.r.m.WhileLoopTransformation While-Loop-Tranform-Result: try {
  {
    if (_x_B > 0) {
      this.low = this.low + 1;
      _x_B = _x_B - 1;
      while (_x_B > 0) {
        this.low = this.low + 1;
        _x_B = _x_B - 1;
      }
    }
  }
} catch (java.lang.Throwable e#70) {
  exc#69 = true;
  thrownExc#71 = e#70;
} 
25597      DEBUG Thread-7        d.u.i.k.j.TypeConverter   typeconverter: (prefix this;, class class de.uka.ilkd.key.java.reference.ThisReference) 
25762      DEBUG Thread-7        d.u.i.k.j.TypeConverter   typeconverter: (prefix this;, class class de.uka.ilkd.key.java.reference.ThisReference) 
25771      DEBUG Thread-7        d.u.i.k.j.TypeConverter   typeconverter: (prefix this;, class class de.uka.ilkd.key.java.reference.ThisReference) 
25781      DEBUG Thread-7        d.u.i.k.j.TypeConverter   typeconverter: (prefix this;, class class de.uka.ilkd.key.java.reference.ThisReference) 
25817      DEBUG Thread-7        d.u.i.k.r.m.WhileLoopTransformation While-Loop-Tranform-Result: try {
  {
    if (_x_B > 0) {
      this.low = this.low + 1;
      _x_B = _x_B - 1;
    }
  }
} catch (java.lang.Throwable e#92) {
  exc#91 = true;
  thrownExc#93 = e#92;
} 
25948      DEBUG Thread-7        d.u.i.k.r.m.WhileLoopTransformation While-Loop-Tranform-Result: try {
  {
    if (_x_B > 0) {
      this.low = this.low + 1;
      _x_B = _x_B - 1;
    }
  }
} catch (java.lang.Throwable e#114) {
  exc#113 = true;
  thrownExc#115 = e#114;
} 
26635      DEBUG Thread-7        d.u.i.k.j.TypeConverter   typeconverter: (prefix this;, class class de.uka.ilkd.key.java.reference.ThisReference) 
26771      DEBUG Thread-7        d.u.i.k.j.TypeConverter   typeconverter: (prefix this;, class class de.uka.ilkd.key.java.reference.ThisReference) 
26779      DEBUG Thread-7        d.u.i.k.j.TypeConverter   typeconverter: (prefix this;, class class de.uka.ilkd.key.java.reference.ThisReference) 
26787      DEBUG Thread-7        d.u.i.k.j.TypeConverter   typeconverter: (prefix this;, class class de.uka.ilkd.key.java.reference.ThisReference) 
26982      DEBUG Thread-7        d.u.i.k.j.TypeConverter   typeconverter: (prefix this;, class class de.uka.ilkd.key.java.reference.ThisReference) 
27155      DEBUG Thread-7        d.u.i.k.j.TypeConverter   typeconverter: (prefix this;, class class de.uka.ilkd.key.java.reference.ThisReference) 
27163      DEBUG Thread-7        d.u.i.k.j.TypeConverter   typeconverter: (prefix this;, class class de.uka.ilkd.key.java.reference.ThisReference) 
27171      DEBUG Thread-7        d.u.i.k.j.TypeConverter   typeconverter: (prefix this;, class class de.uka.ilkd.key.java.reference.ThisReference) 
27361      DEBUG Thread-7        d.u.i.k.j.TypeConverter   typeconverter: (prefix this;, class class de.uka.ilkd.key.java.reference.ThisReference) 
27499      DEBUG Thread-7        d.u.i.k.j.TypeConverter   typeconverter: (prefix this;, class class de.uka.ilkd.key.java.reference.ThisReference) 
27508      DEBUG Thread-7        d.u.i.k.j.TypeConverter   typeconverter: (prefix this;, class class de.uka.ilkd.key.java.reference.ThisReference) 
27519      DEBUG Thread-7        d.u.i.k.j.TypeConverter   typeconverter: (prefix this;, class class de.uka.ilkd.key.java.reference.ThisReference) 
27558      DEBUG Thread-7        d.u.i.k.r.m.WhileLoopTransformation While-Loop-Tranform-Result: try {
  {
    if (_x_B > 0) {
      this.low = this.low + 1;
      _x_B = _x_B - 1;
    }
  }
} catch (java.lang.Throwable e#136) {
  exc#135 = true;
  thrownExc#137 = e#136;
} 
27692      DEBUG Thread-7        d.u.i.k.r.m.WhileLoopTransformation While-Loop-Tranform-Result: try {
  {
    if (_x_B > 0) {
      this.low = this.low + 1;
      _x_B = _x_B - 1;
    }
  }
} catch (java.lang.Throwable e#158) {
  exc#157 = true;
  thrownExc#159 = e#158;
} 
28385      DEBUG Thread-7        d.u.i.k.j.TypeConverter   typeconverter: (prefix this;, class class de.uka.ilkd.key.java.reference.ThisReference) 
28518      DEBUG Thread-7        d.u.i.k.j.TypeConverter   typeconverter: (prefix this;, class class de.uka.ilkd.key.java.reference.ThisReference) 
28525      DEBUG Thread-7        d.u.i.k.j.TypeConverter   typeconverter: (prefix this;, class class de.uka.ilkd.key.java.reference.ThisReference) 
28533      DEBUG Thread-7        d.u.i.k.j.TypeConverter   typeconverter: (prefix this;, class class de.uka.ilkd.key.java.reference.ThisReference) 
28710      DEBUG Thread-7        d.u.i.k.j.TypeConverter   typeconverter: (prefix this;, class class de.uka.ilkd.key.java.reference.ThisReference) 
28839      DEBUG Thread-7        d.u.i.k.j.TypeConverter   typeconverter: (prefix this;, class class de.uka.ilkd.key.java.reference.ThisReference) 
28846      DEBUG Thread-7        d.u.i.k.j.TypeConverter   typeconverter: (prefix this;, class class de.uka.ilkd.key.java.reference.ThisReference) 
28854      DEBUG Thread-7        d.u.i.k.j.TypeConverter   typeconverter: (prefix this;, class class de.uka.ilkd.key.java.reference.ThisReference) 
29039      DEBUG Thread-7        d.u.i.k.j.TypeConverter   typeconverter: (prefix this;, class class de.uka.ilkd.key.java.reference.ThisReference) 
29171      DEBUG Thread-7        d.u.i.k.j.TypeConverter   typeconverter: (prefix this;, class class de.uka.ilkd.key.java.reference.ThisReference) 
29180      DEBUG Thread-7        d.u.i.k.j.TypeConverter   typeconverter: (prefix this;, class class de.uka.ilkd.key.java.reference.ThisReference) 
29191      DEBUG Thread-7        d.u.i.k.j.TypeConverter   typeconverter: (prefix this;, class class de.uka.ilkd.key.java.reference.ThisReference) 
29230      DEBUG Thread-7        d.u.i.k.r.m.WhileLoopTransformation While-Loop-Tranform-Result: try {
  {
    if (_x_A > 0) {
      this.low = this.low + 1;
      _x_A = _x_A - 1;
      while (_x_A > 0) {
        this.low = this.low + 1;
        _x_A = _x_A - 1;
      }
    }
  }
} catch (java.lang.Throwable e#180) {
  exc#179 = true;
  thrownExc#181 = e#180;
} 
29450      DEBUG Thread-7        d.u.i.k.r.m.WhileLoopTransformation While-Loop-Tranform-Result: try {
  {
    if (_x_A > 0) {
      this.low = this.low + 1;
      _x_A = _x_A - 1;
      while (_x_A > 0) {
        this.low = this.low + 1;
        _x_A = _x_A - 1;
      }
    }
  }
} catch (java.lang.Throwable e#202) {
  exc#201 = true;
  thrownExc#203 = e#202;
} 
29784      DEBUG Thread-7        d.u.i.k.j.TypeConverter   typeconverter: (prefix this;, class class de.uka.ilkd.key.java.reference.ThisReference) 
29916      DEBUG Thread-7        d.u.i.k.j.TypeConverter   typeconverter: (prefix this;, class class de.uka.ilkd.key.java.reference.ThisReference) 
29925      DEBUG Thread-7        d.u.i.k.j.TypeConverter   typeconverter: (prefix this;, class class de.uka.ilkd.key.java.reference.ThisReference) 
29934      DEBUG Thread-7        d.u.i.k.j.TypeConverter   typeconverter: (prefix this;, class class de.uka.ilkd.key.java.reference.ThisReference) 
29969      DEBUG Thread-7        d.u.i.k.r.m.WhileLoopTransformation While-Loop-Tranform-Result: try {
  {
    if (_x_A > 0) {
      this.low = this.low + 1;
      _x_A = _x_A - 1;
    }
  }
} catch (java.lang.Throwable e#224) {
  exc#223 = true;
  thrownExc#225 = e#224;
} 
30098      DEBUG Thread-7        d.u.i.k.r.m.WhileLoopTransformation While-Loop-Tranform-Result: try {
  {
    if (_x_A > 0) {
      this.low = this.low + 1;
      _x_A = _x_A - 1;
    }
  }
} catch (java.lang.Throwable e#246) {
  exc#245 = true;
  thrownExc#247 = e#246;
} 
30752      DEBUG Thread-7        d.u.i.k.j.TypeConverter   typeconverter: (prefix this;, class class de.uka.ilkd.key.java.reference.ThisReference) 
30883      DEBUG Thread-7        d.u.i.k.j.TypeConverter   typeconverter: (prefix this;, class class de.uka.ilkd.key.java.reference.ThisReference) 
30890      DEBUG Thread-7        d.u.i.k.j.TypeConverter   typeconverter: (prefix this;, class class de.uka.ilkd.key.java.reference.ThisReference) 
30898      DEBUG Thread-7        d.u.i.k.j.TypeConverter   typeconverter: (prefix this;, class class de.uka.ilkd.key.java.reference.ThisReference) 
31074      DEBUG Thread-7        d.u.i.k.j.TypeConverter   typeconverter: (prefix this;, class class de.uka.ilkd.key.java.reference.ThisReference) 
31201      DEBUG Thread-7        d.u.i.k.j.TypeConverter   typeconverter: (prefix this;, class class de.uka.ilkd.key.java.reference.ThisReference) 
31208      DEBUG Thread-7        d.u.i.k.j.TypeConverter   typeconverter: (prefix this;, class class de.uka.ilkd.key.java.reference.ThisReference) 
31216      DEBUG Thread-7        d.u.i.k.j.TypeConverter   typeconverter: (prefix this;, class class de.uka.ilkd.key.java.reference.ThisReference) 
31388      DEBUG Thread-7        d.u.i.k.j.TypeConverter   typeconverter: (prefix this;, class class de.uka.ilkd.key.java.reference.ThisReference) 
31515      DEBUG Thread-7        d.u.i.k.j.TypeConverter   typeconverter: (prefix this;, class class de.uka.ilkd.key.java.reference.ThisReference) 
31523      DEBUG Thread-7        d.u.i.k.j.TypeConverter   typeconverter: (prefix this;, class class de.uka.ilkd.key.java.reference.ThisReference) 
31533      DEBUG Thread-7        d.u.i.k.j.TypeConverter   typeconverter: (prefix this;, class class de.uka.ilkd.key.java.reference.ThisReference) 
31567      DEBUG Thread-7        d.u.i.k.r.m.WhileLoopTransformation While-Loop-Tranform-Result: try {
  {
    if (_x_A > 0) {
      this.low = this.low + 1;
      _x_A = _x_A - 1;
    }
  }
} catch (java.lang.Throwable e#268) {
  exc#267 = true;
  thrownExc#269 = e#268;
} 
31756      DEBUG Thread-7        d.u.i.k.r.m.WhileLoopTransformation While-Loop-Tranform-Result: try {
  {
    if (_x_A > 0) {
      this.low = this.low + 1;
      _x_A = _x_A - 1;
    }
  }
} catch (java.lang.Throwable e#290) {
  exc#289 = true;
  thrownExc#291 = e#290;
} 
32352      DEBUG Thread-7        d.u.i.k.j.TypeConverter   typeconverter: (prefix this;, class class de.uka.ilkd.key.java.reference.ThisReference) 
32478      DEBUG Thread-7        d.u.i.k.j.TypeConverter   typeconverter: (prefix this;, class class de.uka.ilkd.key.java.reference.ThisReference) 
32485      DEBUG Thread-7        d.u.i.k.j.TypeConverter   typeconverter: (prefix this;, class class de.uka.ilkd.key.java.reference.ThisReference) 
32493      DEBUG Thread-7        d.u.i.k.j.TypeConverter   typeconverter: (prefix this;, class class de.uka.ilkd.key.java.reference.ThisReference) 
32663      DEBUG Thread-7        d.u.i.k.j.TypeConverter   typeconverter: (prefix this;, class class de.uka.ilkd.key.java.reference.ThisReference) 
32786      DEBUG Thread-7        d.u.i.k.j.TypeConverter   typeconverter: (prefix this;, class class de.uka.ilkd.key.java.reference.ThisReference) 
32793      DEBUG Thread-7        d.u.i.k.j.TypeConverter   typeconverter: (prefix this;, class class de.uka.ilkd.key.java.reference.ThisReference) 
32800      DEBUG Thread-7        d.u.i.k.j.TypeConverter   typeconverter: (prefix this;, class class de.uka.ilkd.key.java.reference.ThisReference) 
33024      INFO  main            d.u.i.k.p.r.p.TestFile    ... finished proof: open goal(s) 
33219      DEBUG main            d.u.i.k.s.TermLabelSettings TermLabelSettings: Failure while reading the setting "UseOriginLabels".Using the default value: true.The string read was: null 
33219      INFO  main            d.u.i.k.p.r.p.TestFile    Now processing file /home/runner/work/key/key/key.core/../key.ui/examples/InformationFlow/LoopInvariants/loop.IFLoopExamples(loop.IFLoopExamples__insecure_doubleNestedWhile(int)).Non-interference contract.0.key 
34180      DEBUG main            d.u.i.k.j.Recoder2KeY     converting now /home/runner/work/key/key/key.core/../key.ui/examples/InformationFlow/LoopInvariants/src/loop/IFLoopExamples.java 
34187      DEBUG main            d.u.i.k.s.TermLabelSettings TermLabelSettings: Failure while reading the setting "UseOriginLabels".Using the default value: true.The string read was: null 
34187      DEBUG main            d.u.i.k.p.i.KeYFile       Reading KeY file /home/runner/work/key/key/key.core/../key.ui/examples/InformationFlow/LoopInvariants/loop.IFLoopExamples(loop.IFLoopExamples__insecure_doubleNestedWhile(int)).Non-interference contract.0.key 
34188      DEBUG main            d.u.i.k.p.i.KeYFile       Reading KeY file file:/home/runner/work/key/key/key.core/build/resources/main/de/uka/ilkd/key/java/JavaRedux/java/lang/String.key 
34191      DEBUG main            d.u.i.k.p.i.KeYFile       Read specifications obtained when parsing the Java files (usually JML and Strings.key) from file:/home/runner/work/key/key/key.core/build/resources/main/de/uka/ilkd/key/java/JavaRedux/java/lang/String.key 
36161      DEBUG main            d.u.i.k.p.i.KeYFile       Read specifications obtained when parsing the Java files (usually JML and Strings.key) from /home/runner/work/key/key/key.core/../key.ui/examples/InformationFlow/LoopInvariants/loop.IFLoopExamples(loop.IFLoopExamples__insecure_doubleNestedWhile(int)).Non-interference contract.0.key 
36261      DEBUG Thread-9        d.u.i.k.r.m.WhileLoopTransformation While-Loop-Tranform-Result: try {
  {
    if (_x_A > 0) {
      this.low = this.low + 1;
      _x_A = _x_A - 1;
      while (_x_A > 0) {
        this.low = this.low + 1;
        _x_A = _x_A - 1;
        while (_x_A > 0) {
          this.low = this.low + 1;
          _x_A = _x_A - 1;
        }
      }
    }
  }
} catch (java.lang.Throwable e#4) {
  exc#3 = true;
  thrownExc#5 = e#4;
} 
36359      DEBUG Thread-9        d.u.i.k.r.m.WhileLoopTransformation While-Loop-Tranform-Result: try {
  {
    if (_x_B > 0) {
      this.low = this.low + 1;
      _x_B = _x_B - 1;
      while (_x_B > 0) {
        this.low = this.low + 1;
        _x_B = _x_B - 1;
        while (_x_B > 0) {
          this.low = this.low + 1;
          _x_B = _x_B - 1;
        }
      }
    }
  }
} catch (java.lang.Throwable e#26) {
  exc#25 = true;
  thrownExc#27 = e#26;
} 
36711      DEBUG Thread-9        d.u.i.k.j.TypeConverter   typeconverter: (prefix this;, class class de.uka.ilkd.key.java.reference.ThisReference) 
36840      DEBUG Thread-9        d.u.i.k.j.TypeConverter   typeconverter: (prefix this;, class class de.uka.ilkd.key.java.reference.ThisReference) 
36849      DEBUG Thread-9        d.u.i.k.j.TypeConverter   typeconverter: (prefix this;, class class de.uka.ilkd.key.java.reference.ThisReference) 
36859      DEBUG Thread-9        d.u.i.k.j.TypeConverter   typeconverter: (prefix this;, class class de.uka.ilkd.key.java.reference.ThisReference) 
36897      DEBUG Thread-9        d.u.i.k.r.m.WhileLoopTransformation While-Loop-Tranform-Result: try {
  {
    if (_x_B > 0) {
      this.low = this.low + 1;
      _x_B = _x_B - 1;
      while (_x_B > 0) {
        this.low = this.low + 1;
        _x_B = _x_B - 1;
      }
    }
  }
} catch (java.lang.Throwable e#48) {
  exc#47 = true;
  thrownExc#49 = e#48;
} 
37063      DEBUG Thread-9        d.u.i.k.r.m.WhileLoopTransformation While-Loop-Tranform-Result: try {
  {
    if (_x_B > 0) {
      this.low = this.low + 1;
      _x_B = _x_B - 1;
      while (_x_B > 0) {
        this.low = this.low + 1;
        _x_B = _x_B - 1;
      }
    }
  }
} catch (java.lang.Throwable e#70) {
  exc#69 = true;
  thrownExc#71 = e#70;
} 
37416      DEBUG Thread-9        d.u.i.k.j.TypeConverter   typeconverter: (prefix this;, class class de.uka.ilkd.key.java.reference.ThisReference) 
37545      DEBUG Thread-9        d.u.i.k.j.TypeConverter   typeconverter: (prefix this;, class class de.uka.ilkd.key.java.reference.ThisReference) 
37553      DEBUG Thread-9        d.u.i.k.j.TypeConverter   typeconverter: (prefix this;, class class de.uka.ilkd.key.java.reference.ThisReference) 
37562      DEBUG Thread-9        d.u.i.k.j.TypeConverter   typeconverter: (prefix this;, class class de.uka.ilkd.key.java.reference.ThisReference) 
37595      DEBUG Thread-9        d.u.i.k.r.m.WhileLoopTransformation While-Loop-Tranform-Result: try {
  {
    if (_x_B > 0) {
      this.low = this.low + 1;
      _x_B = _x_B - 1;
    }
  }
} catch (java.lang.Throwable e#92) {
  exc#91 = true;
  thrownExc#93 = e#92;
} 
37718      DEBUG Thread-9        d.u.i.k.r.m.WhileLoopTransformation While-Loop-Tranform-Result: try {
  {
    if (_x_B > 0) {
      this.low = this.low + 1;
      _x_B = _x_B - 1;
    }
  }
} catch (java.lang.Throwable e#114) {
  exc#113 = true;
  thrownExc#115 = e#114;
} 
38117      DEBUG Thread-9        d.u.i.k.j.TypeConverter   typeconverter: (prefix this;, class class de.uka.ilkd.key.java.reference.ThisReference) 
38320      DEBUG Thread-9        d.u.i.k.j.TypeConverter   typeconverter: (prefix this;, class class de.uka.ilkd.key.java.reference.ThisReference) 
38327      DEBUG Thread-9        d.u.i.k.j.TypeConverter   typeconverter: (prefix this;, class class de.uka.ilkd.key.java.reference.ThisReference) 
38334      DEBUG Thread-9        d.u.i.k.j.TypeConverter   typeconverter: (prefix this;, class class de.uka.ilkd.key.java.reference.ThisReference) 
38508      DEBUG Thread-9        d.u.i.k.j.TypeConverter   typeconverter: (prefix this;, class class de.uka.ilkd.key.java.reference.ThisReference) 
38632      DEBUG Thread-9        d.u.i.k.j.TypeConverter   typeconverter: (prefix this;, class class de.uka.ilkd.key.java.reference.ThisReference) 
38639      DEBUG Thread-9        d.u.i.k.j.TypeConverter   typeconverter: (prefix this;, class class de.uka.ilkd.key.java.reference.ThisReference) 
38647      DEBUG Thread-9        d.u.i.k.j.TypeConverter   typeconverter: (prefix this;, class class de.uka.ilkd.key.java.reference.ThisReference) 
38820      DEBUG Thread-9        d.u.i.k.j.TypeConverter   typeconverter: (prefix this;, class class de.uka.ilkd.key.java.reference.ThisReference) 
38945      DEBUG Thread-9        d.u.i.k.j.TypeConverter   typeconverter: (prefix this;, class class de.uka.ilkd.key.java.reference.ThisReference) 
38953      DEBUG Thread-9        d.u.i.k.j.TypeConverter   typeconverter: (prefix this;, class class de.uka.ilkd.key.java.reference.ThisReference) 
38962      DEBUG Thread-9        d.u.i.k.j.TypeConverter   typeconverter: (prefix this;, class class de.uka.ilkd.key.java.reference.ThisReference) 
38994      DEBUG Thread-9        d.u.i.k.r.m.WhileLoopTransformation While-Loop-Tranform-Result: try {
  {
    if (_x_B > 0) {
      this.low = this.low + 1;
      _x_B = _x_B - 1;
    }
  }
} catch (java.lang.Throwable e#136) {
  exc#135 = true;
  thrownExc#137 = e#136;
} 
39114      DEBUG Thread-9        d.u.i.k.r.m.WhileLoopTransformation While-Loop-Tranform-Result: try {
  {
    if (_x_B > 0) {
      this.low = this.low + 1;
      _x_B = _x_B - 1;
    }
  }
} catch (java.lang.Throwable e#158) {
  exc#157 = true;
  thrownExc#159 = e#158;
} 
39520      DEBUG Thread-9        d.u.i.k.j.TypeConverter   typeconverter: (prefix this;, class class de.uka.ilkd.key.java.reference.ThisReference) 
39643      DEBUG Thread-9        d.u.i.k.j.TypeConverter   typeconverter: (prefix this;, class class de.uka.ilkd.key.java.reference.ThisReference) 
39649      DEBUG Thread-9        d.u.i.k.j.TypeConverter   typeconverter: (prefix this;, class class de.uka.ilkd.key.java.reference.ThisReference) 
39657      DEBUG Thread-9        d.u.i.k.j.TypeConverter   typeconverter: (prefix this;, class class de.uka.ilkd.key.java.reference.ThisReference) 
39826      DEBUG Thread-9        d.u.i.k.j.TypeConverter   typeconverter: (prefix this;, class class de.uka.ilkd.key.java.reference.ThisReference) 
39948      DEBUG Thread-9        d.u.i.k.j.TypeConverter   typeconverter: (prefix this;, class class de.uka.ilkd.key.java.reference.ThisReference) 
39955      DEBUG Thread-9        d.u.i.k.j.TypeConverter   typeconverter: (prefix this;, class class de.uka.ilkd.key.java.reference.ThisReference) 
39962      DEBUG Thread-9        d.u.i.k.j.TypeConverter   typeconverter: (prefix this;, class class de.uka.ilkd.key.java.reference.ThisReference) 
40134      DEBUG Thread-9        d.u.i.k.j.TypeConverter   typeconverter: (prefix this;, class class de.uka.ilkd.key.java.reference.ThisReference) 
40258      DEBUG Thread-9        d.u.i.k.j.TypeConverter   typeconverter: (prefix this;, class class de.uka.ilkd.key.java.reference.ThisReference) 
40266      DEBUG Thread-9        d.u.i.k.j.TypeConverter   typeconverter: (prefix this;, class class de.uka.ilkd.key.java.reference.ThisReference) 
40276      DEBUG Thread-9        d.u.i.k.j.TypeConverter   typeconverter: (prefix this;, class class de.uka.ilkd.key.java.reference.ThisReference) 
40384      DEBUG Thread-9        d.u.i.k.r.m.WhileLoopTransformation While-Loop-Tranform-Result: try {
  {
    if (_x_A > 0) {
      this.low = this.low + 1;
      _x_A = _x_A - 1;
      while (_x_A > 0) {
        this.low = this.low + 1;
        _x_A = _x_A - 1;
      }
    }
  }
} catch (java.lang.Throwable e#180) {
  exc#179 = true;
  thrownExc#181 = e#180;
} 
40546      DEBUG Thread-9        d.u.i.k.r.m.WhileLoopTransformation While-Loop-Tranform-Result: try {
  {
    if (_x_A > 0) {
      this.low = this.low + 1;
      _x_A = _x_A - 1;
      while (_x_A > 0) {
        this.low = this.low + 1;
        _x_A = _x_A - 1;
      }
    }
  }
} catch (java.lang.Throwable e#202) {
  exc#201 = true;
  thrownExc#203 = e#202;
} 
40876      DEBUG Thread-9        d.u.i.k.j.TypeConverter   typeconverter: (prefix this;, class class de.uka.ilkd.key.java.reference.ThisReference) 
41001      DEBUG Thread-9        d.u.i.k.j.TypeConverter   typeconverter: (prefix this;, class class de.uka.ilkd.key.java.reference.ThisReference) 
41009      DEBUG Thread-9        d.u.i.k.j.TypeConverter   typeconverter: (prefix this;, class class de.uka.ilkd.key.java.reference.ThisReference) 
41018      DEBUG Thread-9        d.u.i.k.j.TypeConverter   typeconverter: (prefix this;, class class de.uka.ilkd.key.java.reference.ThisReference) 
41051      DEBUG Thread-9        d.u.i.k.r.m.WhileLoopTransformation While-Loop-Tranform-Result: try {
  {
    if (_x_A > 0) {
      this.low = this.low + 1;
      _x_A = _x_A - 1;
    }
  }
} catch (java.lang.Throwable e#224) {
  exc#223 = true;
  thrownExc#225 = e#224;
} 
41172      DEBUG Thread-9        d.u.i.k.r.m.WhileLoopTransformation While-Loop-Tranform-Result: try {
  {
    if (_x_A > 0) {
      this.low = this.low + 1;
      _x_A = _x_A - 1;
    }
  }
} catch (java.lang.Throwable e#246) {
  exc#245 = true;
  thrownExc#247 = e#246;
} 
41589      DEBUG Thread-9        d.u.i.k.j.TypeConverter   typeconverter: (prefix this;, class class de.uka.ilkd.key.java.reference.ThisReference) 
41718      DEBUG Thread-9        d.u.i.k.j.TypeConverter   typeconverter: (prefix this;, class class de.uka.ilkd.key.java.reference.ThisReference) 
41725      DEBUG Thread-9        d.u.i.k.j.TypeConverter   typeconverter: (prefix this;, class class de.uka.ilkd.key.java.reference.ThisReference) 
41733      DEBUG Thread-9        d.u.i.k.j.TypeConverter   typeconverter: (prefix this;, class class de.uka.ilkd.key.java.reference.ThisReference) 
41910      DEBUG Thread-9        d.u.i.k.j.TypeConverter   typeconverter: (prefix this;, class class de.uka.ilkd.key.java.reference.ThisReference) 
42037      DEBUG Thread-9        d.u.i.k.j.TypeConverter   typeconverter: (prefix this;, class class de.uka.ilkd.key.java.reference.ThisReference) 
42043      DEBUG Thread-9        d.u.i.k.j.TypeConverter   typeconverter: (prefix this;, class class de.uka.ilkd.key.java.reference.ThisReference) 
42051      DEBUG Thread-9        d.u.i.k.j.TypeConverter   typeconverter: (prefix this;, class class de.uka.ilkd.key.java.reference.ThisReference) 
42225      DEBUG Thread-9        d.u.i.k.j.TypeConverter   typeconverter: (prefix this;, class class de.uka.ilkd.key.java.reference.ThisReference) 
42345      DEBUG Thread-9        d.u.i.k.j.TypeConverter   typeconverter: (prefix this;, class class de.uka.ilkd.key.java.reference.ThisReference) 
42352      DEBUG Thread-9        d.u.i.k.j.TypeConverter   typeconverter: (prefix this;, class class de.uka.ilkd.key.java.reference.ThisReference) 
42361      DEBUG Thread-9        d.u.i.k.j.TypeConverter   typeconverter: (prefix this;, class class de.uka.ilkd.key.java.reference.ThisReference) 
42393      DEBUG Thread-9        d.u.i.k.r.m.WhileLoopTransformation While-Loop-Tranform-Result: try {
  {
    if (_x_A > 0) {
      this.low = this.low + 1;
      _x_A = _x_A - 1;
    }
  }
} catch (java.lang.Throwable e#268) {
  exc#267 = true;
  thrownExc#269 = e#268;
} 
42509      DEBUG Thread-9        d.u.i.k.r.m.WhileLoopTransformation While-Loop-Tranform-Result: try {
  {
    if (_x_A > 0) {
      this.low = this.low + 1;
      _x_A = _x_A - 1;
    }
  }
} catch (java.lang.Throwable e#290) {
  exc#289 = true;
  thrownExc#291 = e#290;
} 
42912      DEBUG Thread-9        d.u.i.k.j.TypeConverter   typeconverter: (prefix this;, class class de.uka.ilkd.key.java.reference.ThisReference) 
43032      DEBUG Thread-9        d.u.i.k.j.TypeConverter   typeconverter: (prefix this;, class class de.uka.ilkd.key.java.reference.ThisReference) 
43038      DEBUG Thread-9        d.u.i.k.j.TypeConverter   typeconverter: (prefix this;, class class de.uka.ilkd.key.java.reference.ThisReference) 
43045      DEBUG Thread-9        d.u.i.k.j.TypeConverter   typeconverter: (prefix this;, class class de.uka.ilkd.key.java.reference.ThisReference) 
43211      DEBUG Thread-9        d.u.i.k.j.TypeConverter   typeconverter: (prefix this;, class class de.uka.ilkd.key.java.reference.ThisReference) 
43328      DEBUG Thread-9        d.u.i.k.j.TypeConverter   typeconverter: (prefix this;, class class de.uka.ilkd.key.java.reference.ThisReference) 
43334      DEBUG Thread-9        d.u.i.k.j.TypeConverter   typeconverter: (prefix this;, class class de.uka.ilkd.key.java.reference.ThisReference) 
43341      DEBUG Thread-9        d.u.i.k.j.TypeConverter   typeconverter: (prefix this;, class class de.uka.ilkd.key.java.reference.ThisReference) 
43490      INFO  main            d.u.i.k.p.r.p.TestFile    ... finished proof: open goal(s) 
43792      DEBUG main            d.u.i.k.s.TermLabelSettings TermLabelSettings: Failure while reading the setting "UseOriginLabels".Using the default value: true.The string read was: null 
43792      INFO  main            d.u.i.k.p.r.p.TestFile    Now processing file /home/runner/work/key/key/key.core/../key.ui/examples/InformationFlow/LoopInvariants/loop.IFLoopExamples(loop.IFLoopExamples__secure_doubleNestedWhile(int)).Non-interference contract.0.key 
44725      DEBUG main            d.u.i.k.j.Recoder2KeY     converting now /home/runner/work/key/key/key.core/../key.ui/examples/InformationFlow/LoopInvariants/src/loop/IFLoopExamples.java 
44732      DEBUG main            d.u.i.k.s.TermLabelSettings TermLabelSettings: Failure while reading the setting "UseOriginLabels".Using the default value: true.The string read was: null 
44732      DEBUG main            d.u.i.k.p.i.KeYFile       Reading KeY file /home/runner/work/key/key/key.core/../key.ui/examples/InformationFlow/LoopInvariants/loop.IFLoopExamples(loop.IFLoopExamples__secure_doubleNestedWhile(int)).Non-interference contract.0.key 
44733      DEBUG main            d.u.i.k.p.i.KeYFile       Reading KeY file file:/home/runner/work/key/key/key.core/build/resources/main/de/uka/ilkd/key/java/JavaRedux/java/lang/String.key 
44735      DEBUG main            d.u.i.k.p.i.KeYFile       Read specifications obtained when parsing the Java files (usually JML and Strings.key) from file:/home/runner/work/key/key/key.core/build/resources/main/de/uka/ilkd/key/java/JavaRedux/java/lang/String.key 
46647      DEBUG main            d.u.i.k.p.i.KeYFile       Read specifications obtained when parsing the Java files (usually JML and Strings.key) from /home/runner/work/key/key/key.core/../key.ui/examples/InformationFlow/LoopInvariants/loop.IFLoopExamples(loop.IFLoopExamples__secure_doubleNestedWhile(int)).Non-interference contract.0.key 
46738      DEBUG Thread-11       d.u.i.k.r.m.WhileLoopTransformation While-Loop-Tranform-Result: try {
  {
    if (_x_A > 0) {
      this.low = this.low + 1;
      _x_A = _x_A - 1;
      while (_x_A > 0) {
        this.low = this.low + 1;
        _x_A = _x_A - 1;
        while (_x_A > 0) {
          this.low = this.low + 1;
          _x_A = _x_A - 1;
        }
      }
    }
  }
} catch (java.lang.Throwable e#4) {
  exc#3 = true;
  thrownExc#5 = e#4;
} 
46834      DEBUG Thread-11       d.u.i.k.r.m.WhileLoopTransformation While-Loop-Tranform-Result: try {
  {
    if (_x_B > 0) {
      this.low = this.low + 1;
      _x_B = _x_B - 1;
      while (_x_B > 0) {
        this.low = this.low + 1;
        _x_B = _x_B - 1;
        while (_x_B > 0) {
          this.low = this.low + 1;
          _x_B = _x_B - 1;
        }
      }
    }
  }
} catch (java.lang.Throwable e#26) {
  exc#25 = true;
  thrownExc#27 = e#26;
} 
47050      DEBUG Thread-11       d.u.i.k.j.TypeConverter   typeconverter: (prefix this;, class class de.uka.ilkd.key.java.reference.ThisReference) 
47172      DEBUG Thread-11       d.u.i.k.j.TypeConverter   typeconverter: (prefix this;, class class de.uka.ilkd.key.java.reference.ThisReference) 
47181      DEBUG Thread-11       d.u.i.k.j.TypeConverter   typeconverter: (prefix this;, class class de.uka.ilkd.key.java.reference.ThisReference) 
47190      DEBUG Thread-11       d.u.i.k.j.TypeConverter   typeconverter: (prefix this;, class class de.uka.ilkd.key.java.reference.ThisReference) 
47225      DEBUG Thread-11       d.u.i.k.r.m.WhileLoopTransformation While-Loop-Tranform-Result: try {
  {
    if (_x_B > 0) {
      this.low = this.low + 1;
      _x_B = _x_B - 1;
      while (_x_B > 0) {
        this.low = this.low + 1;
        _x_B = _x_B - 1;
      }
    }
  }
} catch (java.lang.Throwable e#48) {
  exc#47 = true;
  thrownExc#49 = e#48;
} 
47384      DEBUG Thread-11       d.u.i.k.r.m.WhileLoopTransformation While-Loop-Tranform-Result: try {
  {
    if (_x_B > 0) {
      this.low = this.low + 1;
      _x_B = _x_B - 1;
      while (_x_B > 0) {
        this.low = this.low + 1;
        _x_B = _x_B - 1;
      }
    }
  }
} catch (java.lang.Throwable e#70) {
  exc#69 = true;
  thrownExc#71 = e#70;
} 
47720      DEBUG Thread-11       d.u.i.k.j.TypeConverter   typeconverter: (prefix this;, class class de.uka.ilkd.key.java.reference.ThisReference) 
47844      DEBUG Thread-11       d.u.i.k.j.TypeConverter   typeconverter: (prefix this;, class class de.uka.ilkd.key.java.reference.ThisReference) 
47852      DEBUG Thread-11       d.u.i.k.j.TypeConverter   typeconverter: (prefix this;, class class de.uka.ilkd.key.java.reference.ThisReference) 
47860      DEBUG Thread-11       d.u.i.k.j.TypeConverter   typeconverter: (prefix this;, class class de.uka.ilkd.key.java.reference.ThisReference) 
47892      DEBUG Thread-11       d.u.i.k.r.m.WhileLoopTransformation While-Loop-Tranform-Result: try {
  {
    if (_x_B > 0) {
      this.low = this.low + 1;
      _x_B = _x_B - 1;
    }
  }
} catch (java.lang.Throwable e#92) {
  exc#91 = true;
  thrownExc#93 = e#92;
} 
48012      DEBUG Thread-11       d.u.i.k.r.m.WhileLoopTransformation While-Loop-Tranform-Result: try {
  {
    if (_x_B > 0) {
      this.low = this.low + 1;
      _x_B = _x_B - 1;
    }
  }
} catch (java.lang.Throwable e#114) {
  exc#113 = true;
  thrownExc#115 = e#114;
} 
48442      DEBUG Thread-11       d.u.i.k.j.TypeConverter   typeconverter: (prefix this;, class class de.uka.ilkd.key.java.reference.ThisReference) 
48566      DEBUG Thread-11       d.u.i.k.j.TypeConverter   typeconverter: (prefix this;, class class de.uka.ilkd.key.java.reference.ThisReference) 
48573      DEBUG Thread-11       d.u.i.k.j.TypeConverter   typeconverter: (prefix this;, class class de.uka.ilkd.key.java.reference.ThisReference) 
48580      DEBUG Thread-11       d.u.i.k.j.TypeConverter   typeconverter: (prefix this;, class class de.uka.ilkd.key.java.reference.ThisReference) 
48749      DEBUG Thread-11       d.u.i.k.j.TypeConverter   typeconverter: (prefix this;, class class de.uka.ilkd.key.java.reference.ThisReference) 
48871      DEBUG Thread-11       d.u.i.k.j.TypeConverter   typeconverter: (prefix this;, class class de.uka.ilkd.key.java.reference.ThisReference) 
48878      DEBUG Thread-11       d.u.i.k.j.TypeConverter   typeconverter: (prefix this;, class class de.uka.ilkd.key.java.reference.ThisReference) 
48885      DEBUG Thread-11       d.u.i.k.j.TypeConverter   typeconverter: (prefix this;, class class de.uka.ilkd.key.java.reference.ThisReference) 
49053      DEBUG Thread-11       d.u.i.k.j.TypeConverter   typeconverter: (prefix this;, class class de.uka.ilkd.key.java.reference.ThisReference) 
49212      DEBUG Thread-11       d.u.i.k.j.TypeConverter   typeconverter: (prefix this;, class class de.uka.ilkd.key.java.reference.ThisReference) 
49220      DEBUG Thread-11       d.u.i.k.j.TypeConverter   typeconverter: (prefix this;, class class de.uka.ilkd.key.java.reference.ThisReference) 
49228      DEBUG Thread-11       d.u.i.k.j.TypeConverter   typeconverter: (prefix this;, class class de.uka.ilkd.key.java.reference.ThisReference) 
49260      DEBUG Thread-11       d.u.i.k.r.m.WhileLoopTransformation While-Loop-Tranform-Result: try {
  {
    if (_x_B > 0) {
      this.low = this.low + 1;
      _x_B = _x_B - 1;
    }
  }
} catch (java.lang.Throwable e#136) {
  exc#135 = true;
  thrownExc#137 = e#136;
} 
49377      DEBUG Thread-11       d.u.i.k.r.m.WhileLoopTransformation While-Loop-Tranform-Result: try {
  {
    if (_x_B > 0) {
      this.low = this.low + 1;
      _x_B = _x_B - 1;
    }
  }
} catch (java.lang.Throwable e#158) {
  exc#157 = true;
  thrownExc#159 = e#158;
} 
49738      DEBUG Thread-11       d.u.i.k.j.TypeConverter   typeconverter: (prefix this;, class class de.uka.ilkd.key.java.reference.ThisReference) 
49895      DEBUG Thread-11       d.u.i.k.j.TypeConverter   typeconverter: (prefix this;, class class de.uka.ilkd.key.java.reference.ThisReference) 
49902      DEBUG Thread-11       d.u.i.k.j.TypeConverter   typeconverter: (prefix this;, class class de.uka.ilkd.key.java.reference.ThisReference) 
49909      DEBUG Thread-11       d.u.i.k.j.TypeConverter   typeconverter: (prefix this;, class class de.uka.ilkd.key.java.reference.ThisReference) 
50075      DEBUG Thread-11       d.u.i.k.j.TypeConverter   typeconverter: (prefix this;, class class de.uka.ilkd.key.java.reference.ThisReference) 
50194      DEBUG Thread-11       d.u.i.k.j.TypeConverter   typeconverter: (prefix this;, class class de.uka.ilkd.key.java.reference.ThisReference) 
50200      DEBUG Thread-11       d.u.i.k.j.TypeConverter   typeconverter: (prefix this;, class class de.uka.ilkd.key.java.reference.ThisReference) 
50207      DEBUG Thread-11       d.u.i.k.j.TypeConverter   typeconverter: (prefix this;, class class de.uka.ilkd.key.java.reference.ThisReference) 
50377      DEBUG Thread-11       d.u.i.k.j.TypeConverter   typeconverter: (prefix this;, class class de.uka.ilkd.key.java.reference.ThisReference) 
50534      DEBUG Thread-11       d.u.i.k.j.TypeConverter   typeconverter: (prefix this;, class class de.uka.ilkd.key.java.reference.ThisReference) 
50543      DEBUG Thread-11       d.u.i.k.j.TypeConverter   typeconverter: (prefix this;, class class de.uka.ilkd.key.java.reference.ThisReference) 
50552      DEBUG Thread-11       d.u.i.k.j.TypeConverter   typeconverter: (prefix this;, class class de.uka.ilkd.key.java.reference.ThisReference) 
50588      DEBUG Thread-11       d.u.i.k.r.m.WhileLoopTransformation While-Loop-Tranform-Result: try {
  {
    if (_x_A > 0) {
      this.low = this.low + 1;
      _x_A = _x_A - 1;
      while (_x_A > 0) {
        this.low = this.low + 1;
        _x_A = _x_A - 1;
      }
    }
  }
} catch (java.lang.Throwable e#180) {
  exc#179 = true;
  thrownExc#181 = e#180;
} 
50748      DEBUG Thread-11       d.u.i.k.r.m.WhileLoopTransformation While-Loop-Tranform-Result: try {
  {
    if (_x_A > 0) {
      this.low = this.low + 1;
      _x_A = _x_A - 1;
      while (_x_A > 0) {
        this.low = this.low + 1;
        _x_A = _x_A - 1;
      }
    }
  }
} catch (java.lang.Throwable e#202) {
  exc#201 = true;
  thrownExc#203 = e#202;
} 
51076      DEBUG Thread-11       d.u.i.k.j.TypeConverter   typeconverter: (prefix this;, class class de.uka.ilkd.key.java.reference.ThisReference) 
51248      DEBUG Thread-11       d.u.i.k.j.TypeConverter   typeconverter: (prefix this;, class class de.uka.ilkd.key.java.reference.ThisReference) 
51256      DEBUG Thread-11       d.u.i.k.j.TypeConverter   typeconverter: (prefix this;, class class de.uka.ilkd.key.java.reference.ThisReference) 
51265      DEBUG Thread-11       d.u.i.k.j.TypeConverter   typeconverter: (prefix this;, class class de.uka.ilkd.key.java.reference.ThisReference) 
51300      DEBUG Thread-11       d.u.i.k.r.m.WhileLoopTransformation While-Loop-Tranform-Result: try {
  {
    if (_x_A > 0) {
      this.low = this.low + 1;
      _x_A = _x_A - 1;
    }
  }
} catch (java.lang.Throwable e#224) {
  exc#223 = true;
  thrownExc#225 = e#224;
} 
51427      DEBUG Thread-11       d.u.i.k.r.m.WhileLoopTransformation While-Loop-Tranform-Result: try {
  {
    if (_x_A > 0) {
      this.low = this.low + 1;
      _x_A = _x_A - 1;
    }
  }
} catch (java.lang.Throwable e#246) {
  exc#245 = true;
  thrownExc#247 = e#246;
} 
51792      DEBUG Thread-11       d.u.i.k.j.TypeConverter   typeconverter: (prefix this;, class class de.uka.ilkd.key.java.reference.ThisReference) 
51915      DEBUG Thread-11       d.u.i.k.j.TypeConverter   typeconverter: (prefix this;, class class de.uka.ilkd.key.java.reference.ThisReference) 
51922      DEBUG Thread-11       d.u.i.k.j.TypeConverter   typeconverter: (prefix this;, class class de.uka.ilkd.key.java.reference.ThisReference) 
51929      DEBUG Thread-11       d.u.i.k.j.TypeConverter   typeconverter: (prefix this;, class class de.uka.ilkd.key.java.reference.ThisReference) 
52140      DEBUG Thread-11       d.u.i.k.j.TypeConverter   typeconverter: (prefix this;, class class de.uka.ilkd.key.java.reference.ThisReference) 
52261      DEBUG Thread-11       d.u.i.k.j.TypeConverter   typeconverter: (prefix this;, class class de.uka.ilkd.key.java.reference.ThisReference) 
52268      DEBUG Thread-11       d.u.i.k.j.TypeConverter   typeconverter: (prefix this;, class class de.uka.ilkd.key.java.reference.ThisReference) 
52275      DEBUG Thread-11       d.u.i.k.j.TypeConverter   typeconverter: (prefix this;, class class de.uka.ilkd.key.java.reference.ThisReference) 
52442      DEBUG Thread-11       d.u.i.k.j.TypeConverter   typeconverter: (prefix this;, class class de.uka.ilkd.key.java.reference.ThisReference) 
52563      DEBUG Thread-11       d.u.i.k.j.TypeConverter   typeconverter: (prefix this;, class class de.uka.ilkd.key.java.reference.ThisReference) 
52571      DEBUG Thread-11       d.u.i.k.j.TypeConverter   typeconverter: (prefix this;, class class de.uka.ilkd.key.java.reference.ThisReference) 
52579      DEBUG Thread-11       d.u.i.k.j.TypeConverter   typeconverter: (prefix this;, class class de.uka.ilkd.key.java.reference.ThisReference) 
52610      DEBUG Thread-11       d.u.i.k.r.m.WhileLoopTransformation While-Loop-Tranform-Result: try {
  {
    if (_x_A > 0) {
      this.low = this.low + 1;
      _x_A = _x_A - 1;
    }
  }
} catch (java.lang.Throwable e#268) {
  exc#267 = true;
  thrownExc#269 = e#268;
} 
52727      DEBUG Thread-11       d.u.i.k.r.m.WhileLoopTransformation While-Loop-Tranform-Result: try {
  {
    if (_x_A > 0) {
      this.low = this.low + 1;
      _x_A = _x_A - 1;
    }
  }
} catch (java.lang.Throwable e#290) {
  exc#289 = true;
  thrownExc#291 = e#290;
} 
53131      DEBUG Thread-11       d.u.i.k.j.TypeConverter   typeconverter: (prefix this;, class class de.uka.ilkd.key.java.reference.ThisReference) 
53250      DEBUG Thread-11       d.u.i.k.j.TypeConverter   typeconverter: (prefix this;, class class de.uka.ilkd.key.java.reference.ThisReference) 
53257      DEBUG Thread-11       d.u.i.k.j.TypeConverter   typeconverter: (prefix this;, class class de.uka.ilkd.key.java.reference.ThisReference) 
53264      DEBUG Thread-11       d.u.i.k.j.TypeConverter   typeconverter: (prefix this;, class class de.uka.ilkd.key.java.reference.ThisReference) 
53429      DEBUG Thread-11       d.u.i.k.j.TypeConverter   typeconverter: (prefix this;, class class de.uka.ilkd.key.java.reference.ThisReference) 
53546      DEBUG Thread-11       d.u.i.k.j.TypeConverter   typeconverter: (prefix this;, class class de.uka.ilkd.key.java.reference.ThisReference) 
53552      DEBUG Thread-11       d.u.i.k.j.TypeConverter   typeconverter: (prefix this;, class class de.uka.ilkd.key.java.reference.ThisReference) 
53559      DEBUG Thread-11       d.u.i.k.j.TypeConverter   typeconverter: (prefix this;, class class de.uka.ilkd.key.java.reference.ThisReference) 
53774      INFO  main            d.u.i.k.p.r.p.TestFile    ... finished proof: closed. 
54065      DEBUG main            d.u.i.k.s.TermLabelSettings TermLabelSettings: Failure while reading the setting "UseOriginLabels".Using the default value: true.The string read was: null 
54065      INFO  main            d.u.i.k.p.r.p.TestFile    Now processing file /home/runner/work/key/key/key.core/../key.ui/examples/InformationFlow/LoopInvariants/loop.IFLoopExamples(loop.IFLoopExamples__secure_nestedTwoWhile(int)).Non-interference contract.0.key 
55029      DEBUG main            d.u.i.k.j.Recoder2KeY     converting now /home/runner/work/key/key/key.core/../key.ui/examples/InformationFlow/LoopInvariants/src/loop/IFLoopExamples.java 
55035      DEBUG main            d.u.i.k.s.TermLabelSettings TermLabelSettings: Failure while reading the setting "UseOriginLabels".Using the default value: true.The string read was: null 
55035      DEBUG main            d.u.i.k.p.i.KeYFile       Reading KeY file /home/runner/work/key/key/key.core/../key.ui/examples/InformationFlow/LoopInvariants/loop.IFLoopExamples(loop.IFLoopExamples__secure_nestedTwoWhile(int)).Non-interference contract.0.key 
55036      DEBUG main            d.u.i.k.p.i.KeYFile       Reading KeY file file:/home/runner/work/key/key/key.core/build/resources/main/de/uka/ilkd/key/java/JavaRedux/java/lang/String.key 
55039      DEBUG main            d.u.i.k.p.i.KeYFile       Read specifications obtained when parsing the Java files (usually JML and Strings.key) from file:/home/runner/work/key/key/key.core/build/resources/main/de/uka/ilkd/key/java/JavaRedux/java/lang/String.key 
56969      DEBUG main            d.u.i.k.p.i.KeYFile       Read specifications obtained when parsing the Java files (usually JML and Strings.key) from /home/runner/work/key/key/key.core/../key.ui/examples/InformationFlow/LoopInvariants/loop.IFLoopExamples(loop.IFLoopExamples__secure_nestedTwoWhile(int)).Non-interference contract.0.key 
57055      DEBUG Thread-13       d.u.i.k.r.m.WhileLoopTransformation While-Loop-Tranform-Result: try {
  {
    if (_x_A > 0) {
      this.low = this.low + 1;
      _x_A = _x_A - 1;
      while (_x_A > 0) {
        this.low = this.low + 1;
        _x_A = _x_A - 1;
      }
      while (_x_A > 0) {
        this.low = this.low + 1;
        _x_A = _x_A - 1;
      }
    }
  }
} catch (java.lang.Throwable e#4) {
  exc#3 = true;
  thrownExc#5 = e#4;
} 
57148      DEBUG Thread-13       d.u.i.k.r.m.WhileLoopTransformation While-Loop-Tranform-Result: try {
  {
    if (_x_B > 0) {
      this.low = this.low + 1;
      _x_B = _x_B - 1;
      while (_x_B > 0) {
        this.low = this.low + 1;
        _x_B = _x_B - 1;
      }
      while (_x_B > 0) {
        this.low = this.low + 1;
        _x_B = _x_B - 1;
      }
    }
  }
} catch (java.lang.Throwable e#26) {
  exc#25 = true;
  thrownExc#27 = e#26;
} 
57367      DEBUG Thread-13       d.u.i.k.j.TypeConverter   typeconverter: (prefix this;, class class de.uka.ilkd.key.java.reference.ThisReference) 
57496      DEBUG Thread-13       d.u.i.k.j.TypeConverter   typeconverter: (prefix this;, class class de.uka.ilkd.key.java.reference.ThisReference) 
57506      DEBUG Thread-13       d.u.i.k.j.TypeConverter   typeconverter: (prefix this;, class class de.uka.ilkd.key.java.reference.ThisReference) 
57516      DEBUG Thread-13       d.u.i.k.j.TypeConverter   typeconverter: (prefix this;, class class de.uka.ilkd.key.java.reference.ThisReference) 
57555      DEBUG Thread-13       d.u.i.k.r.m.WhileLoopTransformation While-Loop-Tranform-Result: try {
  {
    if (_x_B > 0) {
      this.low = this.low + 1;
      _x_B = _x_B - 1;
    }
  }
} catch (java.lang.Throwable e#48) {
  exc#47 = true;
  thrownExc#49 = e#48;
} 
57693      DEBUG Thread-13       d.u.i.k.r.m.WhileLoopTransformation While-Loop-Tranform-Result: try {
  {
    if (_x_B > 0) {
      this.low = this.low + 1;
      _x_B = _x_B - 1;
    }
  }
} catch (java.lang.Throwable e#70) {
  exc#69 = true;
  thrownExc#71 = e#70;
} 
57813      DEBUG Thread-13       d.u.i.k.r.m.WhileLoopTransformation While-Loop-Tranform-Result: try {
  {
    if (_x_B > 0) {
      this.low = this.low + 1;
      _x_B = _x_B - 1;
    }
  }
} catch (java.lang.Throwable e#92) {
  exc#91 = true;
  thrownExc#93 = e#92;
} 
57960      DEBUG Thread-13       d.u.i.k.r.m.WhileLoopTransformation While-Loop-Tranform-Result: try {
  {
    if (_x_B > 0) {
      this.low = this.low + 1;
      _x_B = _x_B - 1;
    }
  }
} catch (java.lang.Throwable e#114) {
  exc#113 = true;
  thrownExc#115 = e#114;
} 
58469      DEBUG Thread-13       d.u.i.k.j.TypeConverter   typeconverter: (prefix this;, class class de.uka.ilkd.key.java.reference.ThisReference) 
58592      DEBUG Thread-13       d.u.i.k.j.TypeConverter   typeconverter: (prefix this;, class class de.uka.ilkd.key.java.reference.ThisReference) 
58599      DEBUG Thread-13       d.u.i.k.j.TypeConverter   typeconverter: (prefix this;, class class de.uka.ilkd.key.java.reference.ThisReference) 
58606      DEBUG Thread-13       d.u.i.k.j.TypeConverter   typeconverter: (prefix this;, class class de.uka.ilkd.key.java.reference.ThisReference) 
58769      DEBUG Thread-13       d.u.i.k.j.TypeConverter   typeconverter: (prefix this;, class class de.uka.ilkd.key.java.reference.ThisReference) 
58889      DEBUG Thread-13       d.u.i.k.j.TypeConverter   typeconverter: (prefix this;, class class de.uka.ilkd.key.java.reference.ThisReference) 
58896      DEBUG Thread-13       d.u.i.k.j.TypeConverter   typeconverter: (prefix this;, class class de.uka.ilkd.key.java.reference.ThisReference) 
58903      DEBUG Thread-13       d.u.i.k.j.TypeConverter   typeconverter: (prefix this;, class class de.uka.ilkd.key.java.reference.ThisReference) 
59060      DEBUG Thread-13       d.u.i.k.j.TypeConverter   typeconverter: (prefix this;, class class de.uka.ilkd.key.java.reference.ThisReference) 
59179      DEBUG Thread-13       d.u.i.k.j.TypeConverter   typeconverter: (prefix this;, class class de.uka.ilkd.key.java.reference.ThisReference) 
59226      DEBUG Thread-13       d.u.i.k.j.TypeConverter   typeconverter: (prefix this;, class class de.uka.ilkd.key.java.reference.ThisReference) 
59233      DEBUG Thread-13       d.u.i.k.j.TypeConverter   typeconverter: (prefix this;, class class de.uka.ilkd.key.java.reference.ThisReference) 
59387      DEBUG Thread-13       d.u.i.k.j.TypeConverter   typeconverter: (prefix this;, class class de.uka.ilkd.key.java.reference.ThisReference) 
59502      DEBUG Thread-13       d.u.i.k.j.TypeConverter   typeconverter: (prefix this;, class class de.uka.ilkd.key.java.reference.ThisReference) 
59508      DEBUG Thread-13       d.u.i.k.j.TypeConverter   typeconverter: (prefix this;, class class de.uka.ilkd.key.java.reference.ThisReference) 
59515      DEBUG Thread-13       d.u.i.k.j.TypeConverter   typeconverter: (prefix this;, class class de.uka.ilkd.key.java.reference.ThisReference) 
59678      DEBUG Thread-13       d.u.i.k.j.TypeConverter   typeconverter: (prefix this;, class class de.uka.ilkd.key.java.reference.ThisReference) 
59797      DEBUG Thread-13       d.u.i.k.j.TypeConverter   typeconverter: (prefix this;, class class de.uka.ilkd.key.java.reference.ThisReference) 
59805      DEBUG Thread-13       d.u.i.k.j.TypeConverter   typeconverter: (prefix this;, class class de.uka.ilkd.key.java.reference.ThisReference) 
59815      DEBUG Thread-13       d.u.i.k.j.TypeConverter   typeconverter: (prefix this;, class class de.uka.ilkd.key.java.reference.ThisReference) 
59849      DEBUG Thread-13       d.u.i.k.r.m.WhileLoopTransformation While-Loop-Tranform-Result: try {
  {
    if (_x_A > 0) {
      this.low = this.low + 1;
      _x_A = _x_A - 1;
    }
  }
} catch (java.lang.Throwable e#136) {
  exc#135 = true;
  thrownExc#137 = e#136;
} 
59983      DEBUG Thread-13       d.u.i.k.r.m.WhileLoopTransformation While-Loop-Tranform-Result: try {
  {
    if (_x_A > 0) {
      this.low = this.low + 1;
      _x_A = _x_A - 1;
    }
  }
} catch (java.lang.Throwable e#158) {
  exc#157 = true;
  thrownExc#159 = e#158;
} 
60144      DEBUG Thread-13       d.u.i.k.r.m.WhileLoopTransformation While-Loop-Tranform-Result: try {
  {
    if (_x_A > 0) {
      this.low = this.low + 1;
      _x_A = _x_A - 1;
    }
  }
} catch (java.lang.Throwable e#180) {
  exc#179 = true;
  thrownExc#181 = e#180;
} 
60293      DEBUG Thread-13       d.u.i.k.r.m.WhileLoopTransformation While-Loop-Tranform-Result: try {
  {
    if (_x_A > 0) {
      this.low = this.low + 1;
      _x_A = _x_A - 1;
    }
  }
} catch (java.lang.Throwable e#202) {
  exc#201 = true;
  thrownExc#203 = e#202;
} 
60790      DEBUG Thread-13       d.u.i.k.j.TypeConverter   typeconverter: (prefix this;, class class de.uka.ilkd.key.java.reference.ThisReference) 
60914      DEBUG Thread-13       d.u.i.k.j.TypeConverter   typeconverter: (prefix this;, class class de.uka.ilkd.key.java.reference.ThisReference) 
60921      DEBUG Thread-13       d.u.i.k.j.TypeConverter   typeconverter: (prefix this;, class class de.uka.ilkd.key.java.reference.ThisReference) 
60928      DEBUG Thread-13       d.u.i.k.j.TypeConverter   typeconverter: (prefix this;, class class de.uka.ilkd.key.java.reference.ThisReference) 
61091      DEBUG Thread-13       d.u.i.k.j.TypeConverter   typeconverter: (prefix this;, class class de.uka.ilkd.key.java.reference.ThisReference) 
61248      DEBUG Thread-13       d.u.i.k.j.TypeConverter   typeconverter: (prefix this;, class class de.uka.ilkd.key.java.reference.ThisReference) 
61254      DEBUG Thread-13       d.u.i.k.j.TypeConverter   typeconverter: (prefix this;, class class de.uka.ilkd.key.java.reference.ThisReference) 
61261      DEBUG Thread-13       d.u.i.k.j.TypeConverter   typeconverter: (prefix this;, class class de.uka.ilkd.key.java.reference.ThisReference) 
61420      DEBUG Thread-13       d.u.i.k.j.TypeConverter   typeconverter: (prefix this;, class class de.uka.ilkd.key.java.reference.ThisReference) 
61537      DEBUG Thread-13       d.u.i.k.j.TypeConverter   typeconverter: (prefix this;, class class de.uka.ilkd.key.java.reference.ThisReference) 
61543      DEBUG Thread-13       d.u.i.k.j.TypeConverter   typeconverter: (prefix this;, class class de.uka.ilkd.key.java.reference.ThisReference) 
61550      DEBUG Thread-13       d.u.i.k.j.TypeConverter   typeconverter: (prefix this;, class class de.uka.ilkd.key.java.reference.ThisReference) 
61706      DEBUG Thread-13       d.u.i.k.j.TypeConverter   typeconverter: (prefix this;, class class de.uka.ilkd.key.java.reference.ThisReference) 
61820      DEBUG Thread-13       d.u.i.k.j.TypeConverter   typeconverter: (prefix this;, class class de.uka.ilkd.key.java.reference.ThisReference) 
61826      DEBUG Thread-13       d.u.i.k.j.TypeConverter   typeconverter: (prefix this;, class class de.uka.ilkd.key.java.reference.ThisReference) 
61833      DEBUG Thread-13       d.u.i.k.j.TypeConverter   typeconverter: (prefix this;, class class de.uka.ilkd.key.java.reference.ThisReference) 
62031      INFO  main            d.u.i.k.p.r.p.TestFile    ... finished proof: closed. 
62236      DEBUG main            d.u.i.k.s.TermLabelSettings TermLabelSettings: Failure while reading the setting "UseOriginLabels".Using the default value: true.The string read was: null 
62236      INFO  main            d.u.i.k.p.r.p.TestFile    Now processing file /home/runner/work/key/key/key.core/../key.ui/examples/InformationFlow/LoopInvariants/loop.IFLoopExamples(loop.IFLoopExamples__secure_nestedWhile(int)).Non-interference contract.0.key 
63203      DEBUG main            d.u.i.k.j.Recoder2KeY     converting now /home/runner/work/key/key/key.core/../key.ui/examples/InformationFlow/LoopInvariants/src/loop/IFLoopExamples.java 
63209      DEBUG main            d.u.i.k.s.TermLabelSettings TermLabelSettings: Failure while reading the setting "UseOriginLabels".Using the default value: true.The string read was: null 
63209      DEBUG main            d.u.i.k.p.i.KeYFile       Reading KeY file /home/runner/work/key/key/key.core/../key.ui/examples/InformationFlow/LoopInvariants/loop.IFLoopExamples(loop.IFLoopExamples__secure_nestedWhile(int)).Non-interference contract.0.key 
63210      DEBUG main            d.u.i.k.p.i.KeYFile       Reading KeY file file:/home/runner/work/key/key/key.core/build/resources/main/de/uka/ilkd/key/java/JavaRedux/java/lang/String.key 
63213      DEBUG main            d.u.i.k.p.i.KeYFile       Read specifications obtained when parsing the Java files (usually JML and Strings.key) from file:/home/runner/work/key/key/key.core/build/resources/main/de/uka/ilkd/key/java/JavaRedux/java/lang/String.key 
65116      DEBUG main            d.u.i.k.p.i.KeYFile       Read specifications obtained when parsing the Java files (usually JML and Strings.key) from /home/runner/work/key/key/key.core/../key.ui/examples/InformationFlow/LoopInvariants/loop.IFLoopExamples(loop.IFLoopExamples__secure_nestedWhile(int)).Non-interference contract.0.key 
65199      DEBUG Thread-15       d.u.i.k.r.m.WhileLoopTransformation While-Loop-Tranform-Result: try {
  {
    if (_x_A > 0) {
      this.low = this.low + 1;
      _x_A = _x_A - 1;
      while (_x_A > 0) {
        this.low = this.low + 1;
        _x_A = _x_A - 1;
      }
    }
  }
} catch (java.lang.Throwable e#4) {
  exc#3 = true;
  thrownExc#5 = e#4;
} 
65311      DEBUG Thread-15       d.u.i.k.r.m.WhileLoopTransformation While-Loop-Tranform-Result: try {
  {
    if (_x_B > 0) {
      this.low = this.low + 1;
      _x_B = _x_B - 1;
      while (_x_B > 0) {
        this.low = this.low + 1;
        _x_B = _x_B - 1;
      }
    }
  }
} catch (java.lang.Throwable e#26) {
  exc#25 = true;
  thrownExc#27 = e#26;
} 
65501      DEBUG Thread-15       d.u.i.k.j.TypeConverter   typeconverter: (prefix this;, class class de.uka.ilkd.key.java.reference.ThisReference) 
65619      DEBUG Thread-15       d.u.i.k.j.TypeConverter   typeconverter: (prefix this;, class class de.uka.ilkd.key.java.reference.ThisReference) 
65627      DEBUG Thread-15       d.u.i.k.j.TypeConverter   typeconverter: (prefix this;, class class de.uka.ilkd.key.java.reference.ThisReference) 
65635      DEBUG Thread-15       d.u.i.k.j.TypeConverter   typeconverter: (prefix this;, class class de.uka.ilkd.key.java.reference.ThisReference) 
65666      DEBUG Thread-15       d.u.i.k.r.m.WhileLoopTransformation While-Loop-Tranform-Result: try {
  {
    if (_x_B > 0) {
      this.low = this.low + 1;
      _x_B = _x_B - 1;
    }
  }
} catch (java.lang.Throwable e#48) {
  exc#47 = true;
  thrownExc#49 = e#48;
} 
65824      DEBUG Thread-15       d.u.i.k.r.m.WhileLoopTransformation While-Loop-Tranform-Result: try {
  {
    if (_x_B > 0) {
      this.low = this.low + 1;
      _x_B = _x_B - 1;
    }
  }
} catch (java.lang.Throwable e#70) {
  exc#69 = true;
  thrownExc#71 = e#70;
} 
66161      DEBUG Thread-15       d.u.i.k.j.TypeConverter   typeconverter: (prefix this;, class class de.uka.ilkd.key.java.reference.ThisReference) 
66277      DEBUG Thread-15       d.u.i.k.j.TypeConverter   typeconverter: (prefix this;, class class de.uka.ilkd.key.java.reference.ThisReference) 
66284      DEBUG Thread-15       d.u.i.k.j.TypeConverter   typeconverter: (prefix this;, class class de.uka.ilkd.key.java.reference.ThisReference) 
66291      DEBUG Thread-15       d.u.i.k.j.TypeConverter   typeconverter: (prefix this;, class class de.uka.ilkd.key.java.reference.ThisReference) 
66446      DEBUG Thread-15       d.u.i.k.j.TypeConverter   typeconverter: (prefix this;, class class de.uka.ilkd.key.java.reference.ThisReference) 
66561      DEBUG Thread-15       d.u.i.k.j.TypeConverter   typeconverter: (prefix this;, class class de.uka.ilkd.key.java.reference.ThisReference) 
66567      DEBUG Thread-15       d.u.i.k.j.TypeConverter   typeconverter: (prefix this;, class class de.uka.ilkd.key.java.reference.ThisReference) 
66574      DEBUG Thread-15       d.u.i.k.j.TypeConverter   typeconverter: (prefix this;, class class de.uka.ilkd.key.java.reference.ThisReference) 
66731      DEBUG Thread-15       d.u.i.k.j.TypeConverter   typeconverter: (prefix this;, class class de.uka.ilkd.key.java.reference.ThisReference) 
66846      DEBUG Thread-15       d.u.i.k.j.TypeConverter   typeconverter: (prefix this;, class class de.uka.ilkd.key.java.reference.ThisReference) 
66853      DEBUG Thread-15       d.u.i.k.j.TypeConverter   typeconverter: (prefix this;, class class de.uka.ilkd.key.java.reference.ThisReference) 
66861      DEBUG Thread-15       d.u.i.k.j.TypeConverter   typeconverter: (prefix this;, class class de.uka.ilkd.key.java.reference.ThisReference) 
66891      DEBUG Thread-15       d.u.i.k.r.m.WhileLoopTransformation While-Loop-Tranform-Result: try {
  {
    if (_x_A > 0) {
      this.low = this.low + 1;
      _x_A = _x_A - 1;
    }
  }
} catch (java.lang.Throwable e#92) {
  exc#91 = true;
  thrownExc#93 = e#92;
} 
67087      DEBUG Thread-15       d.u.i.k.r.m.WhileLoopTransformation While-Loop-Tranform-Result: try {
  {
    if (_x_A > 0) {
      this.low = this.low + 1;
      _x_A = _x_A - 1;
    }
  }
} catch (java.lang.Throwable e#114) {
  exc#113 = true;
  thrownExc#115 = e#114;
} 
67407      DEBUG Thread-15       d.u.i.k.j.TypeConverter   typeconverter: (prefix this;, class class de.uka.ilkd.key.java.reference.ThisReference) 
67523      DEBUG Thread-15       d.u.i.k.j.TypeConverter   typeconverter: (prefix this;, class class de.uka.ilkd.key.java.reference.ThisReference) 
67529      DEBUG Thread-15       d.u.i.k.j.TypeConverter   typeconverter: (prefix this;, class class de.uka.ilkd.key.java.reference.ThisReference) 
67536      DEBUG Thread-15       d.u.i.k.j.TypeConverter   typeconverter: (prefix this;, class class de.uka.ilkd.key.java.reference.ThisReference) 
67690      DEBUG Thread-15       d.u.i.k.j.TypeConverter   typeconverter: (prefix this;, class class de.uka.ilkd.key.java.reference.ThisReference) 
67802      DEBUG Thread-15       d.u.i.k.j.TypeConverter   typeconverter: (prefix this;, class class de.uka.ilkd.key.java.reference.ThisReference) 
67808      DEBUG Thread-15       d.u.i.k.j.TypeConverter   typeconverter: (prefix this;, class class de.uka.ilkd.key.java.reference.ThisReference) 
67815      DEBUG Thread-15       d.u.i.k.j.TypeConverter   typeconverter: (prefix this;, class class de.uka.ilkd.key.java.reference.ThisReference) 
67983      INFO  main            d.u.i.k.p.r.p.TestFile    ... finished proof: closed. 
68156      DEBUG main            d.u.i.k.s.TermLabelSettings TermLabelSettings: Failure while reading the setting "UseOriginLabels".Using the default value: true.The string read was: null 
68156      INFO  main            d.u.i.k.p.r.p.TestFile    Now processing file /home/runner/work/key/key/key.core/../key.ui/examples/InformationFlow/LoopInvariants/loop.IFLoopExamples(loop.IFLoopExamples__notSecure_while(int)).Non-interference contract.0.key 
69086      DEBUG main            d.u.i.k.j.Recoder2KeY     converting now /home/runner/work/key/key/key.core/../key.ui/examples/InformationFlow/LoopInvariants/src/loop/IFLoopExamples.java 
69091      DEBUG main            d.u.i.k.s.TermLabelSettings TermLabelSettings: Failure while reading the setting "UseOriginLabels".Using the default value: true.The string read was: null 
69092      DEBUG main            d.u.i.k.p.i.KeYFile       Reading KeY file /home/runner/work/key/key/key.core/../key.ui/examples/InformationFlow/LoopInvariants/loop.IFLoopExamples(loop.IFLoopExamples__notSecure_while(int)).Non-interference contract.0.key 
69093      DEBUG main            d.u.i.k.p.i.KeYFile       Reading KeY file file:/home/runner/work/key/key/key.core/build/resources/main/de/uka/ilkd/key/java/JavaRedux/java/lang/String.key 
69095      DEBUG main            d.u.i.k.p.i.KeYFile       Read specifications obtained when parsing the Java files (usually JML and Strings.key) from file:/home/runner/work/key/key/key.core/build/resources/main/de/uka/ilkd/key/java/JavaRedux/java/lang/String.key 
71047      DEBUG main            d.u.i.k.p.i.KeYFile       Read specifications obtained when parsing the Java files (usually JML and Strings.key) from /home/runner/work/key/key/key.core/../key.ui/examples/InformationFlow/LoopInvariants/loop.IFLoopExamples(loop.IFLoopExamples__notSecure_while(int)).Non-interference contract.0.key 
71143      DEBUG Thread-17       d.u.i.k.r.m.WhileLoopTransformation While-Loop-Tranform-Result: try {
  {
    if (_x_A > 0) {
      this.low = this.low + 1;
      _x_A = _x_A - 1;
    }
  }
} catch (java.lang.Throwable e#4) {
  exc#3 = true;
  thrownExc#5 = e#4;
} 
71238      DEBUG Thread-17       d.u.i.k.r.m.WhileLoopTransformation While-Loop-Tranform-Result: try {
  {
    if (_x_B > 0) {
      this.low = this.low + 1;
      _x_B = _x_B - 1;
    }
  }
} catch (java.lang.Throwable e#26) {
  exc#25 = true;
  thrownExc#27 = e#26;
} 
71512      DEBUG Thread-17       d.u.i.k.j.TypeConverter   typeconverter: (prefix this;, class class de.uka.ilkd.key.java.reference.ThisReference) 
71623      DEBUG Thread-17       d.u.i.k.j.TypeConverter   typeconverter: (prefix this;, class class de.uka.ilkd.key.java.reference.ThisReference) 
71629      DEBUG Thread-17       d.u.i.k.j.TypeConverter   typeconverter: (prefix this;, class class de.uka.ilkd.key.java.reference.ThisReference) 
71645      DEBUG Thread-17       d.u.i.k.j.TypeConverter   typeconverter: (prefix this;, class class de.uka.ilkd.key.java.reference.ThisReference) 
71830      DEBUG Thread-17       d.u.i.k.j.TypeConverter   typeconverter: (prefix this;, class class de.uka.ilkd.key.java.reference.ThisReference) 
71938      DEBUG Thread-17       d.u.i.k.j.TypeConverter   typeconverter: (prefix this;, class class de.uka.ilkd.key.java.reference.ThisReference) 
71943      DEBUG Thread-17       d.u.i.k.j.TypeConverter   typeconverter: (prefix this;, class class de.uka.ilkd.key.java.reference.ThisReference) 
71959      DEBUG Thread-17       d.u.i.k.j.TypeConverter   typeconverter: (prefix this;, class class de.uka.ilkd.key.java.reference.ThisReference) 
72113      INFO  main            d.u.i.k.p.r.p.TestFile    ... finished proof: open goal(s) 
72277      DEBUG main            d.u.i.k.s.TermLabelSettings TermLabelSettings: Failure while reading the setting "UseOriginLabels".Using the default value: true.The string read was: null 
72277      INFO  main            d.u.i.k.p.r.p.TestFile    Now processing file /home/runner/work/key/key/key.core/../key.ui/examples/InformationFlow/LoopInvariants/loop.IFLoopExamples(loop.IFLoopExamples__notSecure_while_wrongInv(int)).Non-interference contract.0.key 
73244      DEBUG main            d.u.i.k.j.Recoder2KeY     converting now /home/runner/work/key/key/key.core/../key.ui/examples/InformationFlow/LoopInvariants/src/loop/IFLoopExamples.java 
73255      DEBUG main            d.u.i.k.s.TermLabelSettings TermLabelSettings: Failure while reading the setting "UseOriginLabels".Using the default value: true.The string read was: null 
73255      DEBUG main            d.u.i.k.p.i.KeYFile       Reading KeY file /home/runner/work/key/key/key.core/../key.ui/examples/InformationFlow/LoopInvariants/loop.IFLoopExamples(loop.IFLoopExamples__notSecure_while_wrongInv(int)).Non-interference contract.0.key 
73256      DEBUG main            d.u.i.k.p.i.KeYFile       Reading KeY file file:/home/runner/work/key/key/key.core/build/resources/main/de/uka/ilkd/key/java/JavaRedux/java/lang/String.key 
73261      DEBUG main            d.u.i.k.p.i.KeYFile       Read specifications obtained when parsing the Java files (usually JML and Strings.key) from file:/home/runner/work/key/key/key.core/build/resources/main/de/uka/ilkd/key/java/JavaRedux/java/lang/String.key 
75213      DEBUG main            d.u.i.k.p.i.KeYFile       Read specifications obtained when parsing the Java files (usually JML and Strings.key) from /home/runner/work/key/key/key.core/../key.ui/examples/InformationFlow/LoopInvariants/loop.IFLoopExamples(loop.IFLoopExamples__notSecure_while_wrongInv(int)).Non-interference contract.0.key 
75294      DEBUG Thread-19       d.u.i.k.r.m.WhileLoopTransformation While-Loop-Tranform-Result: try {
  {
    if (_x_A > 0) {
      this.low = this.low + 1;
      _x_A = _x_A - 1;
    }
  }
} catch (java.lang.Throwable e#4) {
  exc#3 = true;
  thrownExc#5 = e#4;
} 
75398      DEBUG Thread-19       d.u.i.k.j.TypeConverter   typeconverter: (prefix this;, class class de.uka.ilkd.key.java.reference.ThisReference) 
75450      DEBUG Thread-19       d.u.i.k.j.TypeConverter   typeconverter: (prefix this;, class class de.uka.ilkd.key.java.reference.ThisReference) 
75456      DEBUG Thread-19       d.u.i.k.j.TypeConverter   typeconverter: (prefix this;, class class de.uka.ilkd.key.java.reference.ThisReference) 
75463      DEBUG Thread-19       d.u.i.k.j.TypeConverter   typeconverter: (prefix this;, class class de.uka.ilkd.key.java.reference.ThisReference) 
75661      INFO  main            d.u.i.k.p.r.p.TestFile    ... finished proof: open goal(s) 
75833      DEBUG main            d.u.i.k.s.TermLabelSettings TermLabelSettings: Failure while reading the setting "UseOriginLabels".Using the default value: true.The string read was: null 
75833      INFO  main            d.u.i.k.p.r.p.TestFile    Now processing file /home/runner/work/key/key/key.core/../key.ui/examples/InformationFlow/LoopInvariants/loop.IFLoopExamples(loop.IFLoopExamples__insecure_twoWhile(int)).Non-interference contract.0.key 
76816      DEBUG main            d.u.i.k.j.Recoder2KeY     converting now /home/runner/work/key/key/key.core/../key.ui/examples/InformationFlow/LoopInvariants/src/loop/IFLoopExamples.java 
76821      DEBUG main            d.u.i.k.s.TermLabelSettings TermLabelSettings: Failure while reading the setting "UseOriginLabels".Using the default value: true.The string read was: null 
76822      DEBUG main            d.u.i.k.p.i.KeYFile       Reading KeY file /home/runner/work/key/key/key.core/../key.ui/examples/InformationFlow/LoopInvariants/loop.IFLoopExamples(loop.IFLoopExamples__insecure_twoWhile(int)).Non-interference contract.0.key 
76822      DEBUG main            d.u.i.k.p.i.KeYFile       Reading KeY file file:/home/runner/work/key/key/key.core/build/resources/main/de/uka/ilkd/key/java/JavaRedux/java/lang/String.key 
76825      DEBUG main            d.u.i.k.p.i.KeYFile       Read specifications obtained when parsing the Java files (usually JML and Strings.key) from file:/home/runner/work/key/key/key.core/build/resources/main/de/uka/ilkd/key/java/JavaRedux/java/lang/String.key 
78733      DEBUG main            d.u.i.k.p.i.KeYFile       Read specifications obtained when parsing the Java files (usually JML and Strings.key) from /home/runner/work/key/key/key.core/../key.ui/examples/InformationFlow/LoopInvariants/loop.IFLoopExamples(loop.IFLoopExamples__insecure_twoWhile(int)).Non-interference contract.0.key 
78821      DEBUG Thread-21       d.u.i.k.r.m.WhileLoopTransformation While-Loop-Tranform-Result: try {
  {
    if (_x_A > 0) {
      this.low = this.low + 1;
      _x_A = _x_A - 1;
    }
  }
} catch (java.lang.Throwable e#4) {
  exc#3 = true;
  thrownExc#5 = e#4;
} 
78922      DEBUG Thread-21       d.u.i.k.r.m.WhileLoopTransformation While-Loop-Tranform-Result: try {
  {
    if (_x_B > 0) {
      this.low = this.low + 1;
      _x_B = _x_B - 1;
    }
  }
} catch (java.lang.Throwable e#26) {
  exc#25 = true;
  thrownExc#27 = e#26;
} 
79021      DEBUG Thread-21       d.u.i.k.r.m.WhileLoopTransformation While-Loop-Tranform-Result: try {
  {
    if (_x_A == 0) {
      this.low = this.low + 1;
      _x_A = _x_A - 1;
    }
  }
} catch (java.lang.Throwable e#48) {
  exc#47 = true;
  thrownExc#49 = e#48;
} 
79127      DEBUG Thread-21       d.u.i.k.r.m.WhileLoopTransformation While-Loop-Tranform-Result: try {
  {
    if (_x_B == 0) {
      this.low = this.low + 1;
      _x_B = _x_B - 1;
    }
  }
} catch (java.lang.Throwable e#70) {
  exc#69 = true;
  thrownExc#71 = e#70;
} 
79614      DEBUG Thread-21       d.u.i.k.j.TypeConverter   typeconverter: (prefix this;, class class de.uka.ilkd.key.java.reference.ThisReference) 
79616      DEBUG Thread-21       d.u.i.k.j.TypeConverter   typeconverter: (prefix this;, class class de.uka.ilkd.key.java.reference.ThisReference) 
79702      DEBUG Thread-21       d.u.i.k.j.TypeConverter   typeconverter: (prefix this;, class class de.uka.ilkd.key.java.reference.ThisReference) 
79707      DEBUG Thread-21       d.u.i.k.j.TypeConverter   typeconverter: (prefix this;, class class de.uka.ilkd.key.java.reference.ThisReference) 
79851      DEBUG Thread-21       d.u.i.k.j.TypeConverter   typeconverter: (prefix this;, class class de.uka.ilkd.key.java.reference.ThisReference) 
79853      DEBUG Thread-21       d.u.i.k.j.TypeConverter   typeconverter: (prefix this;, class class de.uka.ilkd.key.java.reference.ThisReference) 
79936      DEBUG Thread-21       d.u.i.k.j.TypeConverter   typeconverter: (prefix this;, class class de.uka.ilkd.key.java.reference.ThisReference) 
79941      DEBUG Thread-21       d.u.i.k.j.TypeConverter   typeconverter: (prefix this;, class class de.uka.ilkd.key.java.reference.ThisReference) 
80062      DEBUG Thread-21       d.u.i.k.j.TypeConverter   typeconverter: (prefix this;, class class de.uka.ilkd.key.java.reference.ThisReference) 
80178      DEBUG Thread-21       d.u.i.k.j.TypeConverter   typeconverter: (prefix this;, class class de.uka.ilkd.key.java.reference.ThisReference) 
80184      DEBUG Thread-21       d.u.i.k.j.TypeConverter   typeconverter: (prefix this;, class class de.uka.ilkd.key.java.reference.ThisReference) 
80191      DEBUG Thread-21       d.u.i.k.j.TypeConverter   typeconverter: (prefix this;, class class de.uka.ilkd.key.java.reference.ThisReference) 
80347      DEBUG Thread-21       d.u.i.k.j.TypeConverter   typeconverter: (prefix this;, class class de.uka.ilkd.key.java.reference.ThisReference) 
80497      DEBUG Thread-21       d.u.i.k.j.TypeConverter   typeconverter: (prefix this;, class class de.uka.ilkd.key.java.reference.ThisReference) 
80503      DEBUG Thread-21       d.u.i.k.j.TypeConverter   typeconverter: (prefix this;, class class de.uka.ilkd.key.java.reference.ThisReference) 
80510      DEBUG Thread-21       d.u.i.k.j.TypeConverter   typeconverter: (prefix this;, class class de.uka.ilkd.key.java.reference.ThisReference) 
80685      INFO  main            d.u.i.k.p.r.p.TestFile    ... finished proof: open goal(s) 
80872      DEBUG main            d.u.i.k.s.TermLabelSettings TermLabelSettings: Failure while reading the setting "UseOriginLabels".Using the default value: true.The string read was: null 
80872      INFO  main            d.u.i.k.p.r.p.TestFile    Now processing file /home/runner/work/key/key/key.core/../key.ui/examples/InformationFlow/LoopInvariants/loop.IFLoopExamples(loop.IFLoopExamples__insecure_twoWhile_2(int)).Non-interference contract.0.key 
81831      DEBUG main            d.u.i.k.j.Recoder2KeY     converting now /home/runner/work/key/key/key.core/../key.ui/examples/InformationFlow/LoopInvariants/src/loop/IFLoopExamples.java 
81836      DEBUG main            d.u.i.k.s.TermLabelSettings TermLabelSettings: Failure while reading the setting "UseOriginLabels".Using the default value: true.The string read was: null 
81837      DEBUG main            d.u.i.k.p.i.KeYFile       Reading KeY file /home/runner/work/key/key/key.core/../key.ui/examples/InformationFlow/LoopInvariants/loop.IFLoopExamples(loop.IFLoopExamples__insecure_twoWhile_2(int)).Non-interference contract.0.key 
81838      DEBUG main            d.u.i.k.p.i.KeYFile       Reading KeY file file:/home/runner/work/key/key/key.core/build/resources/main/de/uka/ilkd/key/java/JavaRedux/java/lang/String.key 
81840      DEBUG main            d.u.i.k.p.i.KeYFile       Read specifications obtained when parsing the Java files (usually JML and Strings.key) from file:/home/runner/work/key/key/key.core/build/resources/main/de/uka/ilkd/key/java/JavaRedux/java/lang/String.key 
83728      DEBUG main            d.u.i.k.p.i.KeYFile       Read specifications obtained when parsing the Java files (usually JML and Strings.key) from /home/runner/work/key/key/key.core/../key.ui/examples/InformationFlow/LoopInvariants/loop.IFLoopExamples(loop.IFLoopExamples__insecure_twoWhile_2(int)).Non-interference contract.0.key 
83809      DEBUG Thread-23       d.u.i.k.r.m.WhileLoopTransformation While-Loop-Tranform-Result: try {
  {
    if (_x_A > 0) {
      this.low = this.low + 1;
      _x_A = _x_A - 1;
    }
  }
} catch (java.lang.Throwable e#4) {
  exc#3 = true;
  thrownExc#5 = e#4;
} 
83893      DEBUG Thread-23       d.u.i.k.r.m.WhileLoopTransformation While-Loop-Tranform-Result: try {
  {
    if (_x_B > 0) {
      this.low = this.low + 1;
      _x_B = _x_B - 1;
    }
  }
} catch (java.lang.Throwable e#26) {
  exc#25 = true;
  thrownExc#27 = e#26;
} 
83992      DEBUG Thread-23       d.u.i.k.r.m.WhileLoopTransformation While-Loop-Tranform-Result: try {
  {
    if (_x_A == 0) {
      this.low = this.low + 1;
      _x_A = _x_A - 1;
    }
  }
} catch (java.lang.Throwable e#48) {
  exc#47 = true;
  thrownExc#49 = e#48;
} 
84102      DEBUG Thread-23       d.u.i.k.r.m.WhileLoopTransformation While-Loop-Tranform-Result: try {
  {
    if (_x_B == 0) {
      this.low = this.low + 1;
      _x_B = _x_B - 1;
    }
  }
} catch (java.lang.Throwable e#70) {
  exc#69 = true;
  thrownExc#71 = e#70;
} 
85000      DEBUG Thread-23       d.u.i.k.j.TypeConverter   typeconverter: (prefix this;, class class de.uka.ilkd.key.java.reference.ThisReference) 
85007      DEBUG Thread-23       d.u.i.k.j.TypeConverter   typeconverter: (prefix this;, class class de.uka.ilkd.key.java.reference.ThisReference) 
85015      DEBUG Thread-23       d.u.i.k.j.TypeConverter   typeconverter: (prefix this;, class class de.uka.ilkd.key.java.reference.ThisReference) 
85023      DEBUG Thread-23       d.u.i.k.j.TypeConverter   typeconverter: (prefix this;, class class de.uka.ilkd.key.java.reference.ThisReference) 
85276      DEBUG Thread-23       d.u.i.k.j.TypeConverter   typeconverter: (prefix this;, class class de.uka.ilkd.key.java.reference.ThisReference) 
85283      DEBUG Thread-23       d.u.i.k.j.TypeConverter   typeconverter: (prefix this;, class class de.uka.ilkd.key.java.reference.ThisReference) 
85290      DEBUG Thread-23       d.u.i.k.j.TypeConverter   typeconverter: (prefix this;, class class de.uka.ilkd.key.java.reference.ThisReference) 
85299      DEBUG Thread-23       d.u.i.k.j.TypeConverter   typeconverter: (prefix this;, class class de.uka.ilkd.key.java.reference.ThisReference) 
85422      DEBUG Thread-23       d.u.i.k.j.TypeConverter   typeconverter: (prefix this;, class class de.uka.ilkd.key.java.reference.ThisReference) 
85537      DEBUG Thread-23       d.u.i.k.j.TypeConverter   typeconverter: (prefix this;, class class de.uka.ilkd.key.java.reference.ThisReference) 
85543      DEBUG Thread-23       d.u.i.k.j.TypeConverter   typeconverter: (prefix this;, class class de.uka.ilkd.key.java.reference.ThisReference) 
85550      DEBUG Thread-23       d.u.i.k.j.TypeConverter   typeconverter: (prefix this;, class class de.uka.ilkd.key.java.reference.ThisReference) 
85706      DEBUG Thread-23       d.u.i.k.j.TypeConverter   typeconverter: (prefix this;, class class de.uka.ilkd.key.java.reference.ThisReference) 
85819      DEBUG Thread-23       d.u.i.k.j.TypeConverter   typeconverter: (prefix this;, class class de.uka.ilkd.key.java.reference.ThisReference) 
85825      DEBUG Thread-23       d.u.i.k.j.TypeConverter   typeconverter: (prefix this;, class class de.uka.ilkd.key.java.reference.ThisReference) 
85832      DEBUG Thread-23       d.u.i.k.j.TypeConverter   typeconverter: (prefix this;, class class de.uka.ilkd.key.java.reference.ThisReference) 
86018      INFO  main            d.u.i.k.p.r.p.TestFile    ... finished proof: open goal(s) 
86236      DEBUG main            d.u.i.k.s.TermLabelSettings TermLabelSettings: Failure while reading the setting "UseOriginLabels".Using the default value: true.The string read was: null 
86236      INFO  main            d.u.i.k.p.r.p.TestFile    Now processing file /home/runner/work/key/key/key.core/../key.ui/examples/InformationFlow/LoopInvariants/loop.IFLoopExamples(loop.IFLoopExamples__secure_twoWhile(int)).Non-interference contract.0.key 
87166      DEBUG main            d.u.i.k.j.Recoder2KeY     converting now /home/runner/work/key/key/key.core/../key.ui/examples/InformationFlow/LoopInvariants/src/loop/IFLoopExamples.java 
87171      DEBUG main            d.u.i.k.s.TermLabelSettings TermLabelSettings: Failure while reading the setting "UseOriginLabels".Using the default value: true.The string read was: null 
87171      DEBUG main            d.u.i.k.p.i.KeYFile       Reading KeY file /home/runner/work/key/key/key.core/../key.ui/examples/InformationFlow/LoopInvariants/loop.IFLoopExamples(loop.IFLoopExamples__secure_twoWhile(int)).Non-interference contract.0.key 
87172      DEBUG main            d.u.i.k.p.i.KeYFile       Reading KeY file file:/home/runner/work/key/key/key.core/build/resources/main/de/uka/ilkd/key/java/JavaRedux/java/lang/String.key 
87174      DEBUG main            d.u.i.k.p.i.KeYFile       Read specifications obtained when parsing the Java files (usually JML and Strings.key) from file:/home/runner/work/key/key/key.core/build/resources/main/de/uka/ilkd/key/java/JavaRedux/java/lang/String.key 
89099      DEBUG main            d.u.i.k.p.i.KeYFile       Read specifications obtained when parsing the Java files (usually JML and Strings.key) from /home/runner/work/key/key/key.core/../key.ui/examples/InformationFlow/LoopInvariants/loop.IFLoopExamples(loop.IFLoopExamples__secure_twoWhile(int)).Non-interference contract.0.key 
89180      DEBUG Thread-25       d.u.i.k.r.m.WhileLoopTransformation While-Loop-Tranform-Result: try {
  {
    if (_x_A > 0) {
      this.low = this.low + 1;
      _x_A = _x_A - 1;
    }
  }
} catch (java.lang.Throwable e#4) {
  exc#3 = true;
  thrownExc#5 = e#4;
} 
89266      DEBUG Thread-25       d.u.i.k.r.m.WhileLoopTransformation While-Loop-Tranform-Result: try {
  {
    if (_x_B > 0) {
      this.low = this.low + 1;
      _x_B = _x_B - 1;
    }
  }
} catch (java.lang.Throwable e#26) {
  exc#25 = true;
  thrownExc#27 = e#26;
} 
89383      DEBUG Thread-25       d.u.i.k.r.m.WhileLoopTransformation While-Loop-Tranform-Result: try {
  {
    if (_x_A == 0) {
      this.low = this.low + 1;
      _x_A = _x_A - 1;
    }
  }
} catch (java.lang.Throwable e#48) {
  exc#47 = true;
  thrownExc#49 = e#48;
} 
89489      DEBUG Thread-25       d.u.i.k.r.m.WhileLoopTransformation While-Loop-Tranform-Result: try {
  {
    if (_x_B == 0) {
      this.low = this.low + 1;
      _x_B = _x_B - 1;
    }
  }
} catch (java.lang.Throwable e#70) {
  exc#69 = true;
  thrownExc#71 = e#70;
} 
89865      DEBUG Thread-25       d.u.i.k.j.TypeConverter   typeconverter: (prefix this;, class class de.uka.ilkd.key.java.reference.ThisReference) 
89872      DEBUG Thread-25       d.u.i.k.j.TypeConverter   typeconverter: (prefix this;, class class de.uka.ilkd.key.java.reference.ThisReference) 
89879      DEBUG Thread-25       d.u.i.k.j.TypeConverter   typeconverter: (prefix this;, class class de.uka.ilkd.key.java.reference.ThisReference) 
89887      DEBUG Thread-25       d.u.i.k.j.TypeConverter   typeconverter: (prefix this;, class class de.uka.ilkd.key.java.reference.ThisReference) 
90110      DEBUG Thread-25       d.u.i.k.j.TypeConverter   typeconverter: (prefix this;, class class de.uka.ilkd.key.java.reference.ThisReference) 
90116      DEBUG Thread-25       d.u.i.k.j.TypeConverter   typeconverter: (prefix this;, class class de.uka.ilkd.key.java.reference.ThisReference) 
90124      DEBUG Thread-25       d.u.i.k.j.TypeConverter   typeconverter: (prefix this;, class class de.uka.ilkd.key.java.reference.ThisReference) 
90132      DEBUG Thread-25       d.u.i.k.j.TypeConverter   typeconverter: (prefix this;, class class de.uka.ilkd.key.java.reference.ThisReference) 
90259      DEBUG Thread-25       d.u.i.k.j.TypeConverter   typeconverter: (prefix this;, class class de.uka.ilkd.key.java.reference.ThisReference) 
90408      DEBUG Thread-25       d.u.i.k.j.TypeConverter   typeconverter: (prefix this;, class class de.uka.ilkd.key.java.reference.ThisReference) 
90414      DEBUG Thread-25       d.u.i.k.j.TypeConverter   typeconverter: (prefix this;, class class de.uka.ilkd.key.java.reference.ThisReference) 
90421      DEBUG Thread-25       d.u.i.k.j.TypeConverter   typeconverter: (prefix this;, class class de.uka.ilkd.key.java.reference.ThisReference) 
90575      DEBUG Thread-25       d.u.i.k.j.TypeConverter   typeconverter: (prefix this;, class class de.uka.ilkd.key.java.reference.ThisReference) 
90688      DEBUG Thread-25       d.u.i.k.j.TypeConverter   typeconverter: (prefix this;, class class de.uka.ilkd.key.java.reference.ThisReference) 
90694      DEBUG Thread-25       d.u.i.k.j.TypeConverter   typeconverter: (prefix this;, class class de.uka.ilkd.key.java.reference.ThisReference) 
90701      DEBUG Thread-25       d.u.i.k.j.TypeConverter   typeconverter: (prefix this;, class class de.uka.ilkd.key.java.reference.ThisReference) 
90853      INFO  main            d.u.i.k.p.r.p.TestFile    ... finished proof: closed. 
91086      DEBUG main            d.u.i.k.s.TermLabelSettings TermLabelSettings: Failure while reading the setting "UseOriginLabels".Using the default value: true.The string read was: null 
91086      INFO  main            d.u.i.k.p.r.p.TestFile    Now processing file /home/runner/work/key/key/key.core/../key.ui/examples/InformationFlow/LoopInvariants/loop.IFLoopExamples(loop.IFLoopExamples__loc_secure_while(int)).Non-interference contract.0.key 
92003      DEBUG main            d.u.i.k.j.Recoder2KeY     converting now /home/runner/work/key/key/key.core/../key.ui/examples/InformationFlow/LoopInvariants/src/loop/IFLoopExamples.java 
92009      DEBUG main            d.u.i.k.s.TermLabelSettings TermLabelSettings: Failure while reading the setting "UseOriginLabels".Using the default value: true.The string read was: null 
92009      DEBUG main            d.u.i.k.p.i.KeYFile       Reading KeY file /home/runner/work/key/key/key.core/../key.ui/examples/InformationFlow/LoopInvariants/loop.IFLoopExamples(loop.IFLoopExamples__loc_secure_while(int)).Non-interference contract.0.key 
92010      DEBUG main            d.u.i.k.p.i.KeYFile       Reading KeY file file:/home/runner/work/key/key/key.core/build/resources/main/de/uka/ilkd/key/java/JavaRedux/java/lang/String.key 
92013      DEBUG main            d.u.i.k.p.i.KeYFile       Read specifications obtained when parsing the Java files (usually JML and Strings.key) from file:/home/runner/work/key/key/key.core/build/resources/main/de/uka/ilkd/key/java/JavaRedux/java/lang/String.key 
93918      DEBUG main            d.u.i.k.p.i.KeYFile       Read specifications obtained when parsing the Java files (usually JML and Strings.key) from /home/runner/work/key/key/key.core/../key.ui/examples/InformationFlow/LoopInvariants/loop.IFLoopExamples(loop.IFLoopExamples__loc_secure_while(int)).Non-interference contract.0.key 
94006      DEBUG Thread-27       d.u.i.k.r.m.WhileLoopTransformation While-Loop-Tranform-Result: try {
  {
    if (_x_A > 0) {
      this.low = this.low + 1;
      _x_A = _x_A - 1;
      z = z + _x_A;
    }
  }
} catch (java.lang.Throwable e#4) {
  exc#3 = true;
  thrownExc#5 = e#4;
} 
94139      DEBUG Thread-27       d.u.i.k.r.m.WhileLoopTransformation While-Loop-Tranform-Result: try {
  {
    if (_x_B > 0) {
      this.low = this.low + 1;
      _x_B = _x_B - 1;
      z_1 = z_1 + _x_B;
    }
  }
} catch (java.lang.Throwable e#30) {
  exc#29 = true;
  thrownExc#31 = e#30;
} 
94383      DEBUG Thread-27       d.u.i.k.j.TypeConverter   typeconverter: (prefix this;, class class de.uka.ilkd.key.java.reference.ThisReference) 
94524      DEBUG Thread-27       d.u.i.k.j.TypeConverter   typeconverter: (prefix this;, class class de.uka.ilkd.key.java.reference.ThisReference) 
94530      DEBUG Thread-27       d.u.i.k.j.TypeConverter   typeconverter: (prefix this;, class class de.uka.ilkd.key.java.reference.ThisReference) 
94539      DEBUG Thread-27       d.u.i.k.j.TypeConverter   typeconverter: (prefix this;, class class de.uka.ilkd.key.java.reference.ThisReference) 
94753      DEBUG Thread-27       d.u.i.k.j.TypeConverter   typeconverter: (prefix this;, class class de.uka.ilkd.key.java.reference.ThisReference) 
94884      DEBUG Thread-27       d.u.i.k.j.TypeConverter   typeconverter: (prefix this;, class class de.uka.ilkd.key.java.reference.ThisReference) 
94890      DEBUG Thread-27       d.u.i.k.j.TypeConverter   typeconverter: (prefix this;, class class de.uka.ilkd.key.java.reference.ThisReference) 
94898      DEBUG Thread-27       d.u.i.k.j.TypeConverter   typeconverter: (prefix this;, class class de.uka.ilkd.key.java.reference.ThisReference) 
95065      INFO  main            d.u.i.k.p.r.p.TestFile    ... finished proof: closed. 
95258      DEBUG main            d.u.i.k.s.TermLabelSettings TermLabelSettings: Failure while reading the setting "UseOriginLabels".Using the default value: true.The string read was: null 
95258      INFO  main            d.u.i.k.p.r.p.TestFile    Now processing file /home/runner/work/key/key/key.core/../key.ui/examples/InformationFlow/LoopInvariants/loop.IFLoopExamples(loop.IFLoopExamples__secure_while(int)).Non-interference contract.0.key 
96186      DEBUG main            d.u.i.k.j.Recoder2KeY     converting now /home/runner/work/key/key/key.core/../key.ui/examples/InformationFlow/LoopInvariants/src/loop/IFLoopExamples.java 
96192      DEBUG main            d.u.i.k.s.TermLabelSettings TermLabelSettings: Failure while reading the setting "UseOriginLabels".Using the default value: true.The string read was: null 
96192      DEBUG main            d.u.i.k.p.i.KeYFile       Reading KeY file /home/runner/work/key/key/key.core/../key.ui/examples/InformationFlow/LoopInvariants/loop.IFLoopExamples(loop.IFLoopExamples__secure_while(int)).Non-interference contract.0.key 
96193      DEBUG main            d.u.i.k.p.i.KeYFile       Reading KeY file file:/home/runner/work/key/key/key.core/build/resources/main/de/uka/ilkd/key/java/JavaRedux/java/lang/String.key 
96195      DEBUG main            d.u.i.k.p.i.KeYFile       Read specifications obtained when parsing the Java files (usually JML and Strings.key) from file:/home/runner/work/key/key/key.core/build/resources/main/de/uka/ilkd/key/java/JavaRedux/java/lang/String.key 
98121      DEBUG main            d.u.i.k.p.i.KeYFile       Read specifications obtained when parsing the Java files (usually JML and Strings.key) from /home/runner/work/key/key/key.core/../key.ui/examples/InformationFlow/LoopInvariants/loop.IFLoopExamples(loop.IFLoopExamples__secure_while(int)).Non-interference contract.0.key 
98202      DEBUG Thread-29       d.u.i.k.r.m.WhileLoopTransformation While-Loop-Tranform-Result: try {
  {
    if (_x_A > 0) {
      this.low = this.low + 1;
      _x_A = _x_A - 1;
    }
  }
} catch (java.lang.Throwable e#4) {
  exc#3 = true;
  thrownExc#5 = e#4;
} 
98297      DEBUG Thread-29       d.u.i.k.r.m.WhileLoopTransformation While-Loop-Tranform-Result: try {
  {
    if (_x_B > 0) {
      this.low = this.low + 1;
      _x_B = _x_B - 1;
    }
  }
} catch (java.lang.Throwable e#26) {
  exc#25 = true;
  thrownExc#27 = e#26;
} 
98493      DEBUG Thread-29       d.u.i.k.j.TypeConverter   typeconverter: (prefix this;, class class de.uka.ilkd.key.java.reference.ThisReference) 
98630      DEBUG Thread-29       d.u.i.k.j.TypeConverter   typeconverter: (prefix this;, class class de.uka.ilkd.key.java.reference.ThisReference) 
98637      DEBUG Thread-29       d.u.i.k.j.TypeConverter   typeconverter: (prefix this;, class class de.uka.ilkd.key.java.reference.ThisReference) 
98644      DEBUG Thread-29       d.u.i.k.j.TypeConverter   typeconverter: (prefix this;, class class de.uka.ilkd.key.java.reference.ThisReference) 
98799      DEBUG Thread-29       d.u.i.k.j.TypeConverter   typeconverter: (prefix this;, class class de.uka.ilkd.key.java.reference.ThisReference) 
98911      DEBUG Thread-29       d.u.i.k.j.TypeConverter   typeconverter: (prefix this;, class class de.uka.ilkd.key.java.reference.ThisReference) 
98917      DEBUG Thread-29       d.u.i.k.j.TypeConverter   typeconverter: (prefix this;, class class de.uka.ilkd.key.java.reference.ThisReference) 
98924      DEBUG Thread-29       d.u.i.k.j.TypeConverter   typeconverter: (prefix this;, class class de.uka.ilkd.key.java.reference.ThisReference) 
99066      INFO  main            d.u.i.k.p.r.p.TestFile    ... finished proof: closed. 
99240      DEBUG main            d.u.i.k.s.TermLabelSettings TermLabelSettings: Failure while reading the setting "UseOriginLabels".Using the default value: true.The string read was: null 
99240      INFO  main            d.u.i.k.p.r.p.TestFile    Now processing file /home/runner/work/key/key/key.core/../key.ui/examples/InformationFlow/LoopInvariants/loop.IFLoopExamples(loop.IFLoopExamples__print(int)).Non-interference contract.0.key 
100173     DEBUG main            d.u.i.k.j.Recoder2KeY     converting now /home/runner/work/key/key/key.core/../key.ui/examples/InformationFlow/LoopInvariants/src/loop/IFLoopExamples.java 
100180     DEBUG main            d.u.i.k.s.TermLabelSettings TermLabelSettings: Failure while reading the setting "UseOriginLabels".Using the default value: true.The string read was: null 
100180     DEBUG main            d.u.i.k.p.i.KeYFile       Reading KeY file /home/runner/work/key/key/key.core/../key.ui/examples/InformationFlow/LoopInvariants/loop.IFLoopExamples(loop.IFLoopExamples__print(int)).Non-interference contract.0.key 
100181     DEBUG main            d.u.i.k.p.i.KeYFile       Reading KeY file file:/home/runner/work/key/key/key.core/build/resources/main/de/uka/ilkd/key/java/JavaRedux/java/lang/String.key 
100185     DEBUG main            d.u.i.k.p.i.KeYFile       Read specifications obtained when parsing the Java files (usually JML and Strings.key) from file:/home/runner/work/key/key/key.core/build/resources/main/de/uka/ilkd/key/java/JavaRedux/java/lang/String.key 
102152     DEBUG main            d.u.i.k.p.i.KeYFile       Read specifications obtained when parsing the Java files (usually JML and Strings.key) from /home/runner/work/key/key/key.core/../key.ui/examples/InformationFlow/LoopInvariants/loop.IFLoopExamples(loop.IFLoopExamples__print(int)).Non-interference contract.0.key 
102223     DEBUG Thread-31       d.u.i.k.j.TypeConverter   typeconverter: (prefix this;, class class de.uka.ilkd.key.java.reference.ThisReference) 
102227     DEBUG Thread-31       d.u.i.k.j.TypeConverter   typeconverter: (prefix this;, class class de.uka.ilkd.key.java.reference.ThisReference) 
102296     INFO  main            d.u.i.k.p.r.p.TestFile    ... finished proof: closed. 
102452     DEBUG main            d.u.i.k.s.TermLabelSettings TermLabelSettings: Failure while reading the setting "UseOriginLabels".Using the default value: true.The string read was: null 
102452     INFO  main            d.u.i.k.p.r.p.TestFile    Now processing file /home/runner/work/key/key/key.core/../key.ui/examples/InformationFlow/LoopInvariants/loop.IFLoopExamples(loop.IFLoopExamples__hammer(int)).Non-interference contract.0.key 
103370     DEBUG main            d.u.i.k.j.Recoder2KeY     converting now /home/runner/work/key/key/key.core/../key.ui/examples/InformationFlow/LoopInvariants/src/loop/IFLoopExamples.java 
103375     DEBUG main            d.u.i.k.s.TermLabelSettings TermLabelSettings: Failure while reading the setting "UseOriginLabels".Using the default value: true.The string read was: null 
103375     DEBUG main            d.u.i.k.p.i.KeYFile       Reading KeY file /home/runner/work/key/key/key.core/../key.ui/examples/InformationFlow/LoopInvariants/loop.IFLoopExamples(loop.IFLoopExamples__hammer(int)).Non-interference contract.0.key 
103376     DEBUG main            d.u.i.k.p.i.KeYFile       Reading KeY file file:/home/runner/work/key/key/key.core/build/resources/main/de/uka/ilkd/key/java/JavaRedux/java/lang/String.key 
103385     DEBUG main            d.u.i.k.p.i.KeYFile       Read specifications obtained when parsing the Java files (usually JML and Strings.key) from file:/home/runner/work/key/key/key.core/build/resources/main/de/uka/ilkd/key/java/JavaRedux/java/lang/String.key 
105297     DEBUG main            d.u.i.k.p.i.KeYFile       Read specifications obtained when parsing the Java files (usually JML and Strings.key) from /home/runner/work/key/key/key.core/../key.ui/examples/InformationFlow/LoopInvariants/loop.IFLoopExamples(loop.IFLoopExamples__hammer(int)).Non-interference contract.0.key 
105394     DEBUG Thread-33       d.u.i.k.r.m.WhileLoopTransformation While-Loop-Tranform-Result: try {
  {
    if (y < 10) {
      print(x);
      if (y == 5) {
        x = _secret_A;
        y = 9;
      }
      x++;
      y++;
    }
  }
} catch (java.lang.Throwable e#4) {
  exc#3 = true;
  thrownExc#5 = e#4;
} 
105526     DEBUG Thread-33       d.u.i.k.r.m.WhileLoopTransformation While-Loop-Tranform-Result: try {
  {
    if (y_1 < 10) {
      print(x_1);
      if (y_1 == 5) {
        x_1 = _secret_B;
        y_1 = 9;
      }
      x_1++;
      y_1++;
    }
  }
} catch (java.lang.Throwable e#32) {
  exc#31 = true;
  thrownExc#33 = e#32;
} 
107260     INFO  main            d.u.i.k.p.r.p.TestFile    ... finished proof: closed. 
1062880    INFO  Test worker     d.u.i.k.p.r.RunAllProofsTestUnit Returning from test LoopInvariants_nomacro 
1062881    INFO  Test worker     d.u.i.k.p.r.RunAllProofsTestUnit Running test MiniExamples_nomacro 
327        INFO  Timeout watchdog d.u.i.k.p.r.p.ForkedTestFileRunner Timeout watcher launched (1000 secs.) 
330        WARN  main            d.u.i.k.s.ProofSettings   The settings in /home/runner/.key/proof-settings.props are *not* read. 
367        DEBUG main            d.u.i.k.s.TermLabelSettings TermLabelSettings: Failure while reading the setting "UseOriginLabels".Using the default value: true.The string read was: null 
369        INFO  main            d.u.i.k.p.r.p.TestFile    Now processing file /home/runner/work/key/key/key.core/../key.ui/examples/InformationFlow/MiniExamples/mini.AliasingExamples(mini.AliasingExamples__insecure_1(mini.AliasingExamples,mini.AliasingExamples,int)).Non-interference contract.0.key 
1112       DEBUG main            d.u.i.k.p.i.KeYFile       Reading KeY file file:/home/runner/work/key/key/key.core/build/resources/main/de/uka/ilkd/key/proof/rules/ldt.key 
1113       DEBUG main            d.u.i.k.p.i.KeYFile       Read specifications obtained when parsing the Java files (usually JML and Strings.key) from file:/home/runner/work/key/key/key.core/build/resources/main/de/uka/ilkd/key/proof/rules/ldt.key 
1121       DEBUG main            d.u.i.k.p.i.KeYFile       Reading KeY file file:/home/runner/work/key/key/key.core/build/resources/main/de/uka/ilkd/key/proof/rules/propRule.key 
1121       DEBUG main            d.u.i.k.p.i.KeYFile       Read specifications obtained when parsing the Java files (usually JML and Strings.key) from file:/home/runner/work/key/key/key.core/build/resources/main/de/uka/ilkd/key/proof/rules/propRule.key 
1146       DEBUG main            d.u.i.k.p.i.KeYFile       Reading KeY file file:/home/runner/work/key/key/key.core/build/resources/main/de/uka/ilkd/key/proof/rules/firstOrderRules.key 
1146       DEBUG main            d.u.i.k.p.i.KeYFile       Read specifications obtained when parsing the Java files (usually JML and Strings.key) from file:/home/runner/work/key/key/key.core/build/resources/main/de/uka/ilkd/key/proof/rules/firstOrderRules.key 
1168       DEBUG main            d.u.i.k.p.i.KeYFile       Reading KeY file file:/home/runner/work/key/key/key.core/build/resources/main/de/uka/ilkd/key/proof/rules/ifThenElseRules.key 
1168       DEBUG main            d.u.i.k.p.i.KeYFile       Read specifications obtained when parsing the Java files (usually JML and Strings.key) from file:/home/runner/work/key/key/key.core/build/resources/main/de/uka/ilkd/key/proof/rules/ifThenElseRules.key 
1227       DEBUG main            d.u.i.k.p.i.KeYFile       Reading KeY file file:/home/runner/work/key/key/key.core/build/resources/main/de/uka/ilkd/key/proof/rules/formulaNormalisationRules.key 
1228       DEBUG main            d.u.i.k.p.i.KeYFile       Read specifications obtained when parsing the Java files (usually JML and Strings.key) from file:/home/runner/work/key/key/key.core/build/resources/main/de/uka/ilkd/key/proof/rules/formulaNormalisationRules.key 
1277       DEBUG main            d.u.i.k.p.i.KeYFile       Reading KeY file file:/home/runner/work/key/key/key.core/build/resources/main/de/uka/ilkd/key/proof/rules/updateRules.key 
1277       DEBUG main            d.u.i.k.p.i.KeYFile       Read specifications obtained when parsing the Java files (usually JML and Strings.key) from file:/home/runner/work/key/key/key.core/build/resources/main/de/uka/ilkd/key/proof/rules/updateRules.key 
1301       DEBUG main            d.u.i.k.p.i.KeYFile       Reading KeY file file:/home/runner/work/key/key/key.core/build/resources/main/de/uka/ilkd/key/proof/rules/integerRulesCommon.key 
1301       DEBUG main            d.u.i.k.p.i.KeYFile       Read specifications obtained when parsing the Java files (usually JML and Strings.key) from file:/home/runner/work/key/key/key.core/build/resources/main/de/uka/ilkd/key/proof/rules/integerRulesCommon.key 
1423       DEBUG main            d.u.i.k.p.i.KeYFile       Reading KeY file file:/home/runner/work/key/key/key.core/build/resources/main/de/uka/ilkd/key/proof/rules/intRules.key 
1423       DEBUG main            d.u.i.k.p.i.KeYFile       Read specifications obtained when parsing the Java files (usually JML and Strings.key) from file:/home/runner/work/key/key/key.core/build/resources/main/de/uka/ilkd/key/proof/rules/intRules.key 
1445       DEBUG main            d.u.i.k.p.i.KeYFile       Reading KeY file file:/home/runner/work/key/key/key.core/build/resources/main/de/uka/ilkd/key/proof/rules/intRulesUncheckedSemantics.key 
1445       DEBUG main            d.u.i.k.p.i.KeYFile       Read specifications obtained when parsing the Java files (usually JML and Strings.key) from file:/home/runner/work/key/key/key.core/build/resources/main/de/uka/ilkd/key/proof/rules/intRulesUncheckedSemantics.key 
1452       DEBUG main            d.u.i.k.p.i.KeYFile       Reading KeY file file:/home/runner/work/key/key/key.core/build/resources/main/de/uka/ilkd/key/proof/rules/intRulesCheckedSemantics.key 
1452       DEBUG main            d.u.i.k.p.i.KeYFile       Read specifications obtained when parsing the Java files (usually JML and Strings.key) from file:/home/runner/work/key/key/key.core/build/resources/main/de/uka/ilkd/key/proof/rules/intRulesCheckedSemantics.key 
1459       DEBUG main            d.u.i.k.p.i.KeYFile       Reading KeY file file:/home/runner/work/key/key/key.core/build/resources/main/de/uka/ilkd/key/proof/rules/intRulesJavaSemantics.key 
1459       DEBUG main            d.u.i.k.p.i.KeYFile       Read specifications obtained when parsing the Java files (usually JML and Strings.key) from file:/home/runner/work/key/key/key.core/build/resources/main/de/uka/ilkd/key/proof/rules/intRulesJavaSemantics.key 
1562       DEBUG main            d.u.i.k.p.i.KeYFile       Reading KeY file file:/home/runner/work/key/key/key.core/build/resources/main/de/uka/ilkd/key/proof/rules/integerSimplificationRules.key 
1562       DEBUG main            d.u.i.k.p.i.KeYFile       Read specifications obtained when parsing the Java files (usually JML and Strings.key) from file:/home/runner/work/key/key/key.core/build/resources/main/de/uka/ilkd/key/proof/rules/integerSimplificationRules.key 
1613       DEBUG main            d.u.i.k.j.TypeConverter   No LDT found for Meta 
1613       DEBUG main            d.u.i.k.j.TypeConverter   No LDT found for Meta 
1614       DEBUG main            d.u.i.k.j.TypeConverter   No LDT found for Meta 
1614       DEBUG main            d.u.i.k.j.TypeConverter   No LDT found for Meta 
1652       DEBUG main            d.u.i.k.p.i.KeYFile       Reading KeY file file:/home/runner/work/key/key/key.core/build/resources/main/de/uka/ilkd/key/proof/rules/intDiv.key 
1652       DEBUG main            d.u.i.k.p.i.KeYFile       Read specifications obtained when parsing the Java files (usually JML and Strings.key) from file:/home/runner/work/key/key/key.core/build/resources/main/de/uka/ilkd/key/proof/rules/intDiv.key 
1780       DEBUG main            d.u.i.k.p.i.KeYFile       Reading KeY file file:/home/runner/work/key/key/key.core/build/resources/main/de/uka/ilkd/key/proof/rules/bsum.key 
1781       DEBUG main            d.u.i.k.p.i.KeYFile       Read specifications obtained when parsing the Java files (usually JML and Strings.key) from file:/home/runner/work/key/key/key.core/build/resources/main/de/uka/ilkd/key/proof/rules/bsum.key 
1853       DEBUG main            d.u.i.k.p.i.KeYFile       Reading KeY file file:/home/runner/work/key/key/key.core/build/resources/main/de/uka/ilkd/key/proof/rules/bprod.key 
1854       DEBUG main            d.u.i.k.p.i.KeYFile       Read specifications obtained when parsing the Java files (usually JML and Strings.key) from file:/home/runner/work/key/key/key.core/build/resources/main/de/uka/ilkd/key/proof/rules/bprod.key 
1864       DEBUG main            d.u.i.k.p.i.KeYFile       Reading KeY file file:/home/runner/work/key/key/key.core/build/resources/main/de/uka/ilkd/key/proof/rules/binaryAxioms.key 
1864       DEBUG main            d.u.i.k.p.i.KeYFile       Read specifications obtained when parsing the Java files (usually JML and Strings.key) from file:/home/runner/work/key/key/key.core/build/resources/main/de/uka/ilkd/key/proof/rules/binaryAxioms.key 
1869       DEBUG main            d.u.i.k.p.i.KeYFile       Reading KeY file file:/home/runner/work/key/key/key.core/build/resources/main/de/uka/ilkd/key/proof/rules/binaryLemmas.key 
1869       DEBUG main            d.u.i.k.p.i.KeYFile       Read specifications obtained when parsing the Java files (usually JML and Strings.key) from file:/home/runner/work/key/key/key.core/build/resources/main/de/uka/ilkd/key/proof/rules/binaryLemmas.key 
1882       DEBUG main            d.u.i.k.p.i.KeYFile       Reading KeY file file:/home/runner/work/key/key/key.core/build/resources/main/de/uka/ilkd/key/proof/rules/intPow.key 
1882       DEBUG main            d.u.i.k.p.i.KeYFile       Read specifications obtained when parsing the Java files (usually JML and Strings.key) from file:/home/runner/work/key/key/key.core/build/resources/main/de/uka/ilkd/key/proof/rules/intPow.key 
1900       DEBUG main            d.u.i.k.p.i.KeYFile       Reading KeY file file:/home/runner/work/key/key/key.core/build/resources/main/de/uka/ilkd/key/proof/rules/floatRulesCommon.key 
1900       DEBUG main            d.u.i.k.p.i.KeYFile       Read specifications obtained when parsing the Java files (usually JML and Strings.key) from file:/home/runner/work/key/key/key.core/build/resources/main/de/uka/ilkd/key/proof/rules/floatRulesCommon.key 
1912       DEBUG main            d.u.i.k.p.i.KeYFile       Reading KeY file file:/home/runner/work/key/key/key.core/build/resources/main/de/uka/ilkd/key/proof/rules/floatRules.key 
1912       DEBUG main            d.u.i.k.p.i.KeYFile       Read specifications obtained when parsing the Java files (usually JML and Strings.key) from file:/home/runner/work/key/key/key.core/build/resources/main/de/uka/ilkd/key/proof/rules/floatRules.key 
1913       DEBUG main            d.u.i.k.p.i.KeYFile       Reading KeY file file:/home/runner/work/key/key/key.core/build/resources/main/de/uka/ilkd/key/proof/rules/floatRulesVerifyNormal.key 
1913       DEBUG main            d.u.i.k.p.i.KeYFile       Read specifications obtained when parsing the Java files (usually JML and Strings.key) from file:/home/runner/work/key/key/key.core/build/resources/main/de/uka/ilkd/key/proof/rules/floatRulesVerifyNormal.key 
1916       DEBUG main            d.u.i.k.p.i.KeYFile       Reading KeY file file:/home/runner/work/key/key/key.core/build/resources/main/de/uka/ilkd/key/proof/rules/floatRulesAssumeStrictfp.key 
1916       DEBUG main            d.u.i.k.p.i.KeYFile       Read specifications obtained when parsing the Java files (usually JML and Strings.key) from file:/home/runner/work/key/key/key.core/build/resources/main/de/uka/ilkd/key/proof/rules/floatRulesAssumeStrictfp.key 
1943       DEBUG main            d.u.i.k.p.i.KeYFile       Reading KeY file file:/home/runner/work/key/key/key.core/build/resources/main/de/uka/ilkd/key/proof/rules/genericRules.key 
1943       DEBUG main            d.u.i.k.p.i.KeYFile       Read specifications obtained when parsing the Java files (usually JML and Strings.key) from file:/home/runner/work/key/key/key.core/build/resources/main/de/uka/ilkd/key/proof/rules/genericRules.key 
1952       DEBUG main            d.u.i.k.p.i.KeYFile       Reading KeY file file:/home/runner/work/key/key/key.core/build/resources/main/de/uka/ilkd/key/proof/rules/booleanRules.key 
1952       DEBUG main            d.u.i.k.p.i.KeYFile       Read specifications obtained when parsing the Java files (usually JML and Strings.key) from file:/home/runner/work/key/key/key.core/build/resources/main/de/uka/ilkd/key/proof/rules/booleanRules.key 
1958       DEBUG main            d.u.i.k.p.i.KeYFile       Reading KeY file file:/home/runner/work/key/key/key.core/build/resources/main/de/uka/ilkd/key/proof/rules/epsilon.key 
1958       DEBUG main            d.u.i.k.p.i.KeYFile       Read specifications obtained when parsing the Java files (usually JML and Strings.key) from file:/home/runner/work/key/key/key.core/build/resources/main/de/uka/ilkd/key/proof/rules/epsilon.key 
2015       DEBUG main            d.u.i.k.p.i.KeYFile       Reading KeY file file:/home/runner/work/key/key/key.core/build/resources/main/de/uka/ilkd/key/proof/rules/locSetsRules.key 
2015       DEBUG main            d.u.i.k.p.i.KeYFile       Read specifications obtained when parsing the Java files (usually JML and Strings.key) from file:/home/runner/work/key/key/key.core/build/resources/main/de/uka/ilkd/key/proof/rules/locSetsRules.key 
2075       DEBUG main            d.u.i.k.p.i.KeYFile       Reading KeY file file:/home/runner/work/key/key/key.core/build/resources/main/de/uka/ilkd/key/proof/rules/heapRules.key 
2075       DEBUG main            d.u.i.k.p.i.KeYFile       Read specifications obtained when parsing the Java files (usually JML and Strings.key) from file:/home/runner/work/key/key/key.core/build/resources/main/de/uka/ilkd/key/proof/rules/heapRules.key 
2112       DEBUG main            d.u.i.k.p.i.KeYFile       Reading KeY file file:/home/runner/work/key/key/key.core/build/resources/main/de/uka/ilkd/key/proof/rules/permissionRules.key 
2112       DEBUG main            d.u.i.k.p.i.KeYFile       Read specifications obtained when parsing the Java files (usually JML and Strings.key) from file:/home/runner/work/key/key/key.core/build/resources/main/de/uka/ilkd/key/proof/rules/permissionRules.key 
2168       DEBUG main            d.u.i.k.p.i.KeYFile       Reading KeY file file:/home/runner/work/key/key/key.core/build/resources/main/de/uka/ilkd/key/proof/rules/reachRules.key 
2168       DEBUG main            d.u.i.k.p.i.KeYFile       Read specifications obtained when parsing the Java files (usually JML and Strings.key) from file:/home/runner/work/key/key/key.core/build/resources/main/de/uka/ilkd/key/proof/rules/reachRules.key 
2201       DEBUG main            d.u.i.k.p.i.KeYFile       Reading KeY file file:/home/runner/work/key/key/key.core/build/resources/main/de/uka/ilkd/key/proof/rules/seqCoreRules.key 
2201       DEBUG main            d.u.i.k.p.i.KeYFile       Read specifications obtained when parsing the Java files (usually JML and Strings.key) from file:/home/runner/work/key/key/key.core/build/resources/main/de/uka/ilkd/key/proof/rules/seqCoreRules.key 
2224       DEBUG main            d.u.i.k.p.i.KeYFile       Reading KeY file file:/home/runner/work/key/key/key.core/build/resources/main/de/uka/ilkd/key/proof/rules/seqRules.key 
2224       DEBUG main            d.u.i.k.p.i.KeYFile       Read specifications obtained when parsing the Java files (usually JML and Strings.key) from file:/home/runner/work/key/key/key.core/build/resources/main/de/uka/ilkd/key/proof/rules/seqRules.key 
2259       DEBUG main            d.u.i.k.p.i.KeYFile       Reading KeY file file:/home/runner/work/key/key/key.core/build/resources/main/de/uka/ilkd/key/proof/rules/seqPerm.key 
2259       DEBUG main            d.u.i.k.p.i.KeYFile       Read specifications obtained when parsing the Java files (usually JML and Strings.key) from file:/home/runner/work/key/key/key.core/build/resources/main/de/uka/ilkd/key/proof/rules/seqPerm.key 
2277       DEBUG main            d.u.i.k.p.i.KeYFile       Reading KeY file file:/home/runner/work/key/key/key.core/build/resources/main/de/uka/ilkd/key/proof/rules/seqPerm2.key 
2277       DEBUG main            d.u.i.k.p.i.KeYFile       Read specifications obtained when parsing the Java files (usually JML and Strings.key) from file:/home/runner/work/key/key/key.core/build/resources/main/de/uka/ilkd/key/proof/rules/seqPerm2.key 
2355       DEBUG main            d.u.i.k.p.i.KeYFile       Reading KeY file file:/home/runner/work/key/key/key.core/build/resources/main/de/uka/ilkd/key/proof/rules/assertions.key 
2356       DEBUG main            d.u.i.k.p.i.KeYFile       Read specifications obtained when parsing the Java files (usually JML and Strings.key) from file:/home/runner/work/key/key/key.core/build/resources/main/de/uka/ilkd/key/proof/rules/assertions.key 
2432       DEBUG main            d.u.i.k.p.i.KeYFile       Reading KeY file file:/home/runner/work/key/key/key.core/build/resources/main/de/uka/ilkd/key/proof/rules/javaRules.key 
2432       DEBUG main            d.u.i.k.p.i.KeYFile       Read specifications obtained when parsing the Java files (usually JML and Strings.key) from file:/home/runner/work/key/key/key.core/build/resources/main/de/uka/ilkd/key/proof/rules/javaRules.key 
2814       DEBUG main            d.u.i.k.p.i.KeYFile       Reading KeY file file:/home/runner/work/key/key/key.core/build/resources/main/de/uka/ilkd/key/proof/rules/loopRules.key 
2814       DEBUG main            d.u.i.k.p.i.KeYFile       Read specifications obtained when parsing the Java files (usually JML and Strings.key) from file:/home/runner/work/key/key/key.core/build/resources/main/de/uka/ilkd/key/proof/rules/loopRules.key 
2827       DEBUG main            d.u.i.k.p.i.KeYFile       Reading KeY file file:/home/runner/work/key/key/key.core/build/resources/main/de/uka/ilkd/key/proof/rules/activeUse.key 
2827       DEBUG main            d.u.i.k.p.i.KeYFile       Read specifications obtained when parsing the Java files (usually JML and Strings.key) from file:/home/runner/work/key/key/key.core/build/resources/main/de/uka/ilkd/key/proof/rules/activeUse.key 
2857       DEBUG main            d.u.i.k.p.i.KeYFile       Reading KeY file file:/home/runner/work/key/key/key.core/build/resources/main/de/uka/ilkd/key/proof/rules/instanceAllocation.key 
2857       DEBUG main            d.u.i.k.p.i.KeYFile       Read specifications obtained when parsing the Java files (usually JML and Strings.key) from file:/home/runner/work/key/key/key.core/build/resources/main/de/uka/ilkd/key/proof/rules/instanceAllocation.key 
2866       DEBUG main            d.u.i.k.p.i.KeYFile       Reading KeY file file:/home/runner/work/key/key/key.core/build/resources/main/de/uka/ilkd/key/proof/rules/java5.key 
2866       DEBUG main            d.u.i.k.p.i.KeYFile       Read specifications obtained when parsing the Java files (usually JML and Strings.key) from file:/home/runner/work/key/key/key.core/build/resources/main/de/uka/ilkd/key/proof/rules/java5.key 
2893       DEBUG main            d.u.i.k.p.i.KeYFile       Reading KeY file file:/home/runner/work/key/key/key.core/build/resources/main/de/uka/ilkd/key/proof/rules/integerAssignment2UpdateRules.key 
2893       DEBUG main            d.u.i.k.p.i.KeYFile       Read specifications obtained when parsing the Java files (usually JML and Strings.key) from file:/home/runner/work/key/key/key.core/build/resources/main/de/uka/ilkd/key/proof/rules/integerAssignment2UpdateRules.key 
2917       DEBUG main            d.u.i.k.p.i.KeYFile       Reading KeY file file:/home/runner/work/key/key/key.core/build/resources/main/de/uka/ilkd/key/proof/rules/floatAssignment2UpdateRules.key 
2917       DEBUG main            d.u.i.k.p.i.KeYFile       Read specifications obtained when parsing the Java files (usually JML and Strings.key) from file:/home/runner/work/key/key/key.core/build/resources/main/de/uka/ilkd/key/proof/rules/floatAssignment2UpdateRules.key 
2932       DEBUG main            d.u.i.k.p.i.KeYFile       Reading KeY file file:/home/runner/work/key/key/key.core/build/resources/main/de/uka/ilkd/key/proof/rules/bigint.key 
2932       DEBUG main            d.u.i.k.p.i.KeYFile       Read specifications obtained when parsing the Java files (usually JML and Strings.key) from file:/home/runner/work/key/key/key.core/build/resources/main/de/uka/ilkd/key/proof/rules/bigint.key 
2939       DEBUG main            d.u.i.k.j.TypeConverter   No LDT found for JavaBigintExpression 
2944       DEBUG main            d.u.i.k.p.i.KeYFile       Reading KeY file file:/home/runner/work/key/key/key.core/build/resources/main/de/uka/ilkd/key/proof/rules/adtProgramDecompositionRules.key 
2945       DEBUG main            d.u.i.k.p.i.KeYFile       Read specifications obtained when parsing the Java files (usually JML and Strings.key) from file:/home/runner/work/key/key/key.core/build/resources/main/de/uka/ilkd/key/proof/rules/adtProgramDecompositionRules.key 
2956       DEBUG main            d.u.i.k.p.i.KeYFile       Reading KeY file file:/home/runner/work/key/key/key.core/build/resources/main/de/uka/ilkd/key/proof/rules/precRules.key 
2956       DEBUG main            d.u.i.k.p.i.KeYFile       Read specifications obtained when parsing the Java files (usually JML and Strings.key) from file:/home/runner/work/key/key/key.core/build/resources/main/de/uka/ilkd/key/proof/rules/precRules.key 
2965       DEBUG main            d.u.i.k.p.i.KeYFile       Reading KeY file file:/home/runner/work/key/key/key.core/build/resources/main/de/uka/ilkd/key/proof/rules/charListRules.key 
2965       DEBUG main            d.u.i.k.p.i.KeYFile       Read specifications obtained when parsing the Java files (usually JML and Strings.key) from file:/home/runner/work/key/key/key.core/build/resources/main/de/uka/ilkd/key/proof/rules/charListRules.key 
2973       DEBUG main            d.u.i.k.p.i.KeYFile       Reading KeY file file:/home/runner/work/key/key/key.core/build/resources/main/de/uka/ilkd/key/proof/rules/regExHeader.key 
2973       DEBUG main            d.u.i.k.p.i.KeYFile       Read specifications obtained when parsing the Java files (usually JML and Strings.key) from file:/home/runner/work/key/key/key.core/build/resources/main/de/uka/ilkd/key/proof/rules/regExHeader.key 
2975       DEBUG main            d.u.i.k.p.i.KeYFile       Reading KeY file file:/home/runner/work/key/key/key.core/build/resources/main/de/uka/ilkd/key/proof/rules/regExAxioms.key 
2976       DEBUG main            d.u.i.k.p.i.KeYFile       Read specifications obtained when parsing the Java files (usually JML and Strings.key) from file:/home/runner/work/key/key/key.core/build/resources/main/de/uka/ilkd/key/proof/rules/regExAxioms.key 
2981       DEBUG main            d.u.i.k.p.i.KeYFile       Reading KeY file file:/home/runner/work/key/key/key.core/build/resources/main/de/uka/ilkd/key/proof/rules/regExLemmaProven.key 
2981       DEBUG main            d.u.i.k.p.i.KeYFile       Read specifications obtained when parsing the Java files (usually JML and Strings.key) from file:/home/runner/work/key/key/key.core/build/resources/main/de/uka/ilkd/key/proof/rules/regExLemmaProven.key 
2983       DEBUG main            d.u.i.k.p.i.KeYFile       Reading KeY file file:/home/runner/work/key/key/key.core/build/resources/main/de/uka/ilkd/key/proof/rules/regExTheory.key 
2983       DEBUG main            d.u.i.k.p.i.KeYFile       Read specifications obtained when parsing the Java files (usually JML and Strings.key) from file:/home/runner/work/key/key/key.core/build/resources/main/de/uka/ilkd/key/proof/rules/regExTheory.key 
2987       DEBUG main            d.u.i.k.p.i.KeYFile       Reading KeY file file:/home/runner/work/key/key/key.core/build/resources/main/de/uka/ilkd/key/proof/rules/seqEq.key 
2987       DEBUG main            d.u.i.k.p.i.KeYFile       Read specifications obtained when parsing the Java files (usually JML and Strings.key) from file:/home/runner/work/key/key/key.core/build/resources/main/de/uka/ilkd/key/proof/rules/seqEq.key 
2994       DEBUG main            d.u.i.k.p.i.KeYFile       Reading KeY file file:/home/runner/work/key/key/key.core/build/resources/main/de/uka/ilkd/key/proof/rules/infFlow.key 
2995       DEBUG main            d.u.i.k.p.i.KeYFile       Read specifications obtained when parsing the Java files (usually JML and Strings.key) from file:/home/runner/work/key/key/key.core/build/resources/main/de/uka/ilkd/key/proof/rules/infFlow.key 
2999       DEBUG main            d.u.i.k.p.i.KeYFile       Reading KeY file file:/home/runner/work/key/key/key.core/build/resources/main/de/uka/ilkd/key/proof/rules/mapSize.key 
2999       DEBUG main            d.u.i.k.p.i.KeYFile       Read specifications obtained when parsing the Java files (usually JML and Strings.key) from file:/home/runner/work/key/key/key.core/build/resources/main/de/uka/ilkd/key/proof/rules/mapSize.key 
3004       DEBUG main            d.u.i.k.p.i.KeYFile       Reading KeY file file:/home/runner/work/key/key/key.core/build/resources/main/de/uka/ilkd/key/proof/rules/wdHeader.key 
3004       DEBUG main            d.u.i.k.p.i.KeYFile       Read specifications obtained when parsing the Java files (usually JML and Strings.key) from file:/home/runner/work/key/key/key.core/build/resources/main/de/uka/ilkd/key/proof/rules/wdHeader.key 
3006       DEBUG main            d.u.i.k.p.i.KeYFile       Reading KeY file file:/home/runner/work/key/key/key.core/build/resources/main/de/uka/ilkd/key/proof/rules/wdGeneralRules.key 
3006       DEBUG main            d.u.i.k.p.i.KeYFile       Read specifications obtained when parsing the Java files (usually JML and Strings.key) from file:/home/runner/work/key/key/key.core/build/resources/main/de/uka/ilkd/key/proof/rules/wdGeneralRules.key 
3017       DEBUG main            d.u.i.k.p.i.KeYFile       Reading KeY file file:/home/runner/work/key/key/key.core/build/resources/main/de/uka/ilkd/key/proof/rules/wdNumericalRules.key 
3017       DEBUG main            d.u.i.k.p.i.KeYFile       Read specifications obtained when parsing the Java files (usually JML and Strings.key) from file:/home/runner/work/key/key/key.core/build/resources/main/de/uka/ilkd/key/proof/rules/wdNumericalRules.key 
3032       DEBUG main            d.u.i.k.p.i.KeYFile       Reading KeY file file:/home/runner/work/key/key/key.core/build/resources/main/de/uka/ilkd/key/proof/rules/wdLocSetRules.key 
3032       DEBUG main            d.u.i.k.p.i.KeYFile       Read specifications obtained when parsing the Java files (usually JML and Strings.key) from file:/home/runner/work/key/key/key.core/build/resources/main/de/uka/ilkd/key/proof/rules/wdLocSetRules.key 
3037       DEBUG main            d.u.i.k.p.i.KeYFile       Reading KeY file file:/home/runner/work/key/key/key.core/build/resources/main/de/uka/ilkd/key/proof/rules/wdHeapRules.key 
3037       DEBUG main            d.u.i.k.p.i.KeYFile       Read specifications obtained when parsing the Java files (usually JML and Strings.key) from file:/home/runner/work/key/key/key.core/build/resources/main/de/uka/ilkd/key/proof/rules/wdHeapRules.key 
3040       DEBUG main            d.u.i.k.p.i.KeYFile       Reading KeY file file:/home/runner/work/key/key/key.core/build/resources/main/de/uka/ilkd/key/proof/rules/wdReachRules.key 
3040       DEBUG main            d.u.i.k.p.i.KeYFile       Read specifications obtained when parsing the Java files (usually JML and Strings.key) from file:/home/runner/work/key/key/key.core/build/resources/main/de/uka/ilkd/key/proof/rules/wdReachRules.key 
3042       DEBUG main            d.u.i.k.p.i.KeYFile       Reading KeY file file:/home/runner/work/key/key/key.core/build/resources/main/de/uka/ilkd/key/proof/rules/wdSeqRules.key 
3042       DEBUG main            d.u.i.k.p.i.KeYFile       Read specifications obtained when parsing the Java files (usually JML and Strings.key) from file:/home/runner/work/key/key/key.core/build/resources/main/de/uka/ilkd/key/proof/rules/wdSeqRules.key 
3045       DEBUG main            d.u.i.k.p.i.KeYFile       Reading KeY file file:/home/runner/work/key/key/key.core/build/resources/main/de/uka/ilkd/key/proof/rules/wdStringRules.key 
3047       DEBUG main            d.u.i.k.p.i.KeYFile       Read specifications obtained when parsing the Java files (usually JML and Strings.key) from file:/home/runner/work/key/key/key.core/build/resources/main/de/uka/ilkd/key/proof/rules/wdStringRules.key 
3049       DEBUG main            d.u.i.k.p.i.KeYFile       Reading KeY file file:/home/runner/work/key/key/key.core/build/resources/main/de/uka/ilkd/key/proof/rules/wdRegExRules.key 
3049       DEBUG main            d.u.i.k.p.i.KeYFile       Read specifications obtained when parsing the Java files (usually JML and Strings.key) from file:/home/runner/work/key/key/key.core/build/resources/main/de/uka/ilkd/key/proof/rules/wdRegExRules.key 
3084       DEBUG main            d.u.i.k.p.i.KeYFile       Reading KeY file file:/home/runner/work/key/key/key.core/build/resources/main/de/uka/ilkd/key/proof/rules/wdFormulaRules.key 
3084       DEBUG main            d.u.i.k.p.i.KeYFile       Read specifications obtained when parsing the Java files (usually JML and Strings.key) from file:/home/runner/work/key/key/key.core/build/resources/main/de/uka/ilkd/key/proof/rules/wdFormulaRules.key 
3093       DEBUG main            d.u.i.k.p.i.KeYFile       Reading KeY file file:/home/runner/work/key/key/key.core/build/resources/main/de/uka/ilkd/key/proof/rules/wd.key 
3093       DEBUG main            d.u.i.k.p.i.KeYFile       Read specifications obtained when parsing the Java files (usually JML and Strings.key) from file:/home/runner/work/key/key/key.core/build/resources/main/de/uka/ilkd/key/proof/rules/wd.key 
3095       DEBUG main            d.u.i.k.p.i.KeYFile       Reading KeY file file:/home/runner/work/key/key/key.core/build/resources/main/de/uka/ilkd/key/proof/rules/loopInvariantRules.key 
3095       DEBUG main            d.u.i.k.p.i.KeYFile       Read specifications obtained when parsing the Java files (usually JML and Strings.key) from file:/home/runner/work/key/key/key.core/build/resources/main/de/uka/ilkd/key/proof/rules/loopInvariantRules.key 
3096       DEBUG main            d.u.i.k.p.i.KeYFile       Reading KeY file file:/home/runner/work/key/key/key.core/build/resources/main/de/uka/ilkd/key/proof/rules/forLoopRules.key 
3096       DEBUG main            d.u.i.k.p.i.KeYFile       Read specifications obtained when parsing the Java files (usually JML and Strings.key) from file:/home/runner/work/key/key/key.core/build/resources/main/de/uka/ilkd/key/proof/rules/forLoopRules.key 
3102       DEBUG main            d.u.i.k.p.i.KeYFile       Reading KeY file file:/home/runner/work/key/key/key.core/build/resources/main/de/uka/ilkd/key/proof/rules/execRules.key 
3102       DEBUG main            d.u.i.k.p.i.KeYFile       Read specifications obtained when parsing the Java files (usually JML and Strings.key) from file:/home/runner/work/key/key/key.core/build/resources/main/de/uka/ilkd/key/proof/rules/execRules.key 
3175       DEBUG main            d.u.i.k.p.i.KeYFile       Reading KeY file file:/home/runner/work/key/key/key.core/build/resources/main/de/uka/ilkd/key/proof/rules/loopScopeRules.key 
3175       DEBUG main            d.u.i.k.p.i.KeYFile       Read specifications obtained when parsing the Java files (usually JML and Strings.key) from file:/home/runner/work/key/key/key.core/build/resources/main/de/uka/ilkd/key/proof/rules/loopScopeRules.key 
3198       DEBUG main            d.u.i.k.p.i.KeYFile       Reading KeY file file:/home/runner/work/key/key/key.core/build/resources/main/de/uka/ilkd/key/proof/rules/standardRules.key 
3198       DEBUG main            d.u.i.k.p.i.KeYFile       Read specifications obtained when parsing the Java files (usually JML and Strings.key) from file:/home/runner/work/key/key/key.core/build/resources/main/de/uka/ilkd/key/proof/rules/standardRules.key 
5745       DEBUG main            d.u.i.k.j.Recoder2KeY     converting now /home/runner/work/key/key/key.core/../key.ui/examples/InformationFlow/MiniExamples/src/mini/MiniExamples.java 
5753       DEBUG main            d.u.i.k.j.Recoder2KeY     converting now /home/runner/work/key/key/key.core/../key.ui/examples/InformationFlow/MiniExamples/src/mini/AliasingExamples.java 
5755       DEBUG main            d.u.i.k.j.Recoder2KeY     converting now /home/runner/work/key/key/key.core/../key.ui/examples/InformationFlow/MiniExamples/src/mini/DifferenceSeqLocset.java 
5758       DEBUG main            d.u.i.k.j.Recoder2KeY     converting now /home/runner/work/key/key/key.core/../key.ui/examples/InformationFlow/MiniExamples/src/mini/MiniExamplesLecture.java 
5787       DEBUG main            d.u.i.k.s.TermLabelSettings TermLabelSettings: Failure while reading the setting "UseOriginLabels".Using the default value: true.The string read was: null 
5788       DEBUG main            d.u.i.k.p.i.KeYFile       Reading KeY file /home/runner/work/key/key/key.core/../key.ui/examples/InformationFlow/MiniExamples/mini.AliasingExamples(mini.AliasingExamples__insecure_1(mini.AliasingExamples,mini.AliasingExamples,int)).Non-interference contract.0.key 
5796       DEBUG main            d.u.i.k.p.i.KeYFile       Reading KeY file file:/home/runner/work/key/key/key.core/build/resources/main/de/uka/ilkd/key/java/JavaRedux/java/lang/String.key 
5801       DEBUG main            d.u.i.k.p.i.KeYFile       Read specifications obtained when parsing the Java files (usually JML and Strings.key) from file:/home/runner/work/key/key/key.core/build/resources/main/de/uka/ilkd/key/java/JavaRedux/java/lang/String.key 
7959       DEBUG main            d.u.i.k.p.i.KeYFile       Read specifications obtained when parsing the Java files (usually JML and Strings.key) from /home/runner/work/key/key/key.core/../key.ui/examples/InformationFlow/MiniExamples/mini.AliasingExamples(mini.AliasingExamples__insecure_1(mini.AliasingExamples,mini.AliasingExamples,int)).Non-interference contract.0.key 
9123       INFO  main            d.u.i.k.p.r.p.TestFile    ... finished proof: open goal(s) 
9236       DEBUG main            d.u.i.k.s.TermLabelSettings TermLabelSettings: Failure while reading the setting "UseOriginLabels".Using the default value: true.The string read was: null 
9237       INFO  main            d.u.i.k.p.r.p.TestFile    Now processing file /home/runner/work/key/key/key.core/../key.ui/examples/InformationFlow/MiniExamples/mini.AliasingExamples(mini.AliasingExamples__secure_1(mini.AliasingExamples,mini.AliasingExamples,int)).Non-interference contract.0.key 
10243      DEBUG main            d.u.i.k.j.Recoder2KeY     converting now /home/runner/work/key/key/key.core/../key.ui/examples/InformationFlow/MiniExamples/src/mini/MiniExamples.java 
10247      DEBUG main            d.u.i.k.j.Recoder2KeY     converting now /home/runner/work/key/key/key.core/../key.ui/examples/InformationFlow/MiniExamples/src/mini/AliasingExamples.java 
10248      DEBUG main            d.u.i.k.j.Recoder2KeY     converting now /home/runner/work/key/key/key.core/../key.ui/examples/InformationFlow/MiniExamples/src/mini/DifferenceSeqLocset.java 
10251      DEBUG main            d.u.i.k.j.Recoder2KeY     converting now /home/runner/work/key/key/key.core/../key.ui/examples/InformationFlow/MiniExamples/src/mini/MiniExamplesLecture.java 
10258      DEBUG main            d.u.i.k.s.TermLabelSettings TermLabelSettings: Failure while reading the setting "UseOriginLabels".Using the default value: true.The string read was: null 
10258      DEBUG main            d.u.i.k.p.i.KeYFile       Reading KeY file /home/runner/work/key/key/key.core/../key.ui/examples/InformationFlow/MiniExamples/mini.AliasingExamples(mini.AliasingExamples__secure_1(mini.AliasingExamples,mini.AliasingExamples,int)).Non-interference contract.0.key 
10265      DEBUG main            d.u.i.k.p.i.KeYFile       Reading KeY file file:/home/runner/work/key/key/key.core/build/resources/main/de/uka/ilkd/key/java/JavaRedux/java/lang/String.key 
10268      DEBUG main            d.u.i.k.p.i.KeYFile       Read specifications obtained when parsing the Java files (usually JML and Strings.key) from file:/home/runner/work/key/key/key.core/build/resources/main/de/uka/ilkd/key/java/JavaRedux/java/lang/String.key 
12001      DEBUG main            d.u.i.k.p.i.KeYFile       Read specifications obtained when parsing the Java files (usually JML and Strings.key) from /home/runner/work/key/key/key.core/../key.ui/examples/InformationFlow/MiniExamples/mini.AliasingExamples(mini.AliasingExamples__secure_1(mini.AliasingExamples,mini.AliasingExamples,int)).Non-interference contract.0.key 
12374      INFO  main            d.u.i.k.p.r.p.TestFile    ... finished proof: closed. 
12488      DEBUG main            d.u.i.k.s.TermLabelSettings TermLabelSettings: Failure while reading the setting "UseOriginLabels".Using the default value: true.The string read was: null 
12488      INFO  main            d.u.i.k.p.r.p.TestFile    Now processing file /home/runner/work/key/key/key.core/../key.ui/examples/InformationFlow/MiniExamples/mini.MiniExamplesLecture(mini.MiniExamplesLecture__m_6()).Non-interference contract.0.key 
13372      DEBUG main            d.u.i.k.j.Recoder2KeY     converting now /home/runner/work/key/key/key.core/../key.ui/examples/InformationFlow/MiniExamples/src/mini/MiniExamples.java 
13374      DEBUG main            d.u.i.k.j.Recoder2KeY     converting now /home/runner/work/key/key/key.core/../key.ui/examples/InformationFlow/MiniExamples/src/mini/AliasingExamples.java 
13375      DEBUG main            d.u.i.k.j.Recoder2KeY     converting now /home/runner/work/key/key/key.core/../key.ui/examples/InformationFlow/MiniExamples/src/mini/DifferenceSeqLocset.java 
13377      DEBUG main            d.u.i.k.j.Recoder2KeY     converting now /home/runner/work/key/key/key.core/../key.ui/examples/InformationFlow/MiniExamples/src/mini/MiniExamplesLecture.java 
13383      DEBUG main            d.u.i.k.s.TermLabelSettings TermLabelSettings: Failure while reading the setting "UseOriginLabels".Using the default value: true.The string read was: null 
13383      DEBUG main            d.u.i.k.p.i.KeYFile       Reading KeY file /home/runner/work/key/key/key.core/../key.ui/examples/InformationFlow/MiniExamples/mini.MiniExamplesLecture(mini.MiniExamplesLecture__m_6()).Non-interference contract.0.key 
13384      DEBUG main            d.u.i.k.p.i.KeYFile       Reading KeY file file:/home/runner/work/key/key/key.core/build/resources/main/de/uka/ilkd/key/java/JavaRedux/java/lang/String.key 
13386      DEBUG main            d.u.i.k.p.i.KeYFile       Read specifications obtained when parsing the Java files (usually JML and Strings.key) from file:/home/runner/work/key/key/key.core/build/resources/main/de/uka/ilkd/key/java/JavaRedux/java/lang/String.key 
15105      DEBUG main            d.u.i.k.p.i.KeYFile       Read specifications obtained when parsing the Java files (usually JML and Strings.key) from /home/runner/work/key/key/key.core/../key.ui/examples/InformationFlow/MiniExamples/mini.MiniExamplesLecture(mini.MiniExamplesLecture__m_6()).Non-interference contract.0.key 
15385      INFO  main            d.u.i.k.p.r.p.TestFile    ... finished proof: closed. 
15499      DEBUG main            d.u.i.k.s.TermLabelSettings TermLabelSettings: Failure while reading the setting "UseOriginLabels".Using the default value: true.The string read was: null 
15499      INFO  main            d.u.i.k.p.r.p.TestFile    Now processing file /home/runner/work/key/key/key.core/../key.ui/examples/InformationFlow/MiniExamples/mini.MiniExamplesLecture(mini.MiniExamplesLecture__m_5()).Non-interference contract.0.key 
16330      DEBUG main            d.u.i.k.j.Recoder2KeY     converting now /home/runner/work/key/key/key.core/../key.ui/examples/InformationFlow/MiniExamples/src/mini/MiniExamples.java 
16332      DEBUG main            d.u.i.k.j.Recoder2KeY     converting now /home/runner/work/key/key/key.core/../key.ui/examples/InformationFlow/MiniExamples/src/mini/AliasingExamples.java 
16333      DEBUG main            d.u.i.k.j.Recoder2KeY     converting now /home/runner/work/key/key/key.core/../key.ui/examples/InformationFlow/MiniExamples/src/mini/DifferenceSeqLocset.java 
16334      DEBUG main            d.u.i.k.j.Recoder2KeY     converting now /home/runner/work/key/key/key.core/../key.ui/examples/InformationFlow/MiniExamples/src/mini/MiniExamplesLecture.java 
16339      DEBUG main            d.u.i.k.s.TermLabelSettings TermLabelSettings: Failure while reading the setting "UseOriginLabels".Using the default value: true.The string read was: null 
16339      DEBUG main            d.u.i.k.p.i.KeYFile       Reading KeY file /home/runner/work/key/key/key.core/../key.ui/examples/InformationFlow/MiniExamples/mini.MiniExamplesLecture(mini.MiniExamplesLecture__m_5()).Non-interference contract.0.key 
16341      DEBUG main            d.u.i.k.p.i.KeYFile       Reading KeY file file:/home/runner/work/key/key/key.core/build/resources/main/de/uka/ilkd/key/java/JavaRedux/java/lang/String.key 
16343      DEBUG main            d.u.i.k.p.i.KeYFile       Read specifications obtained when parsing the Java files (usually JML and Strings.key) from file:/home/runner/work/key/key/key.core/build/resources/main/de/uka/ilkd/key/java/JavaRedux/java/lang/String.key 
18030      DEBUG main            d.u.i.k.p.i.KeYFile       Read specifications obtained when parsing the Java files (usually JML and Strings.key) from /home/runner/work/key/key/key.core/../key.ui/examples/InformationFlow/MiniExamples/mini.MiniExamplesLecture(mini.MiniExamplesLecture__m_5()).Non-interference contract.0.key 
18128      DEBUG Thread-7        d.u.i.k.j.TypeConverter   TypeConverter: FieldReference: h; 
18132      DEBUG Thread-7        d.u.i.k.j.TypeConverter   TypeConverter: FieldReference: l; 
18146      DEBUG Thread-7        d.u.i.k.j.TypeConverter   TypeConverter: FieldReference: h; 
18150      DEBUG Thread-7        d.u.i.k.j.TypeConverter   TypeConverter: FieldReference: l; 
18161      DEBUG Thread-7        d.u.i.k.j.TypeConverter   TypeConverter: FieldReference: l; 
18174      DEBUG Thread-7        d.u.i.k.j.TypeConverter   TypeConverter: FieldReference: h; 
18185      DEBUG Thread-7        d.u.i.k.j.TypeConverter   TypeConverter: FieldReference: l; 
18197      DEBUG Thread-7        d.u.i.k.j.TypeConverter   TypeConverter: FieldReference: h; 
18214      DEBUG Thread-7        d.u.i.k.j.TypeConverter   TypeConverter: FieldReference: l; 
18227      DEBUG Thread-7        d.u.i.k.j.TypeConverter   TypeConverter: FieldReference: l; 
18285      INFO  main            d.u.i.k.p.r.p.TestFile    ... finished proof: closed. 
18409      DEBUG main            d.u.i.k.s.TermLabelSettings TermLabelSettings: Failure while reading the setting "UseOriginLabels".Using the default value: true.The string read was: null 
18409      INFO  main            d.u.i.k.p.r.p.TestFile    Now processing file /home/runner/work/key/key/key.core/../key.ui/examples/InformationFlow/MiniExamples/mini.MiniExamplesLecture(mini.MiniExamplesLecture__m_4()).Non-interference contract.0.key 
19234      DEBUG main            d.u.i.k.j.Recoder2KeY     converting now /home/runner/work/key/key/key.core/../key.ui/examples/InformationFlow/MiniExamples/src/mini/MiniExamples.java 
19235      DEBUG main            d.u.i.k.j.Recoder2KeY     converting now /home/runner/work/key/key/key.core/../key.ui/examples/InformationFlow/MiniExamples/src/mini/AliasingExamples.java 
19236      DEBUG main            d.u.i.k.j.Recoder2KeY     converting now /home/runner/work/key/key/key.core/../key.ui/examples/InformationFlow/MiniExamples/src/mini/DifferenceSeqLocset.java 
19237      DEBUG main            d.u.i.k.j.Recoder2KeY     converting now /home/runner/work/key/key/key.core/../key.ui/examples/InformationFlow/MiniExamples/src/mini/MiniExamplesLecture.java 
19242      DEBUG main            d.u.i.k.s.TermLabelSettings TermLabelSettings: Failure while reading the setting "UseOriginLabels".Using the default value: true.The string read was: null 
19243      DEBUG main            d.u.i.k.p.i.KeYFile       Reading KeY file /home/runner/work/key/key/key.core/../key.ui/examples/InformationFlow/MiniExamples/mini.MiniExamplesLecture(mini.MiniExamplesLecture__m_4()).Non-interference contract.0.key 
19244      DEBUG main            d.u.i.k.p.i.KeYFile       Reading KeY file file:/home/runner/work/key/key/key.core/build/resources/main/de/uka/ilkd/key/java/JavaRedux/java/lang/String.key 
19246      DEBUG main            d.u.i.k.p.i.KeYFile       Read specifications obtained when parsing the Java files (usually JML and Strings.key) from file:/home/runner/work/key/key/key.core/build/resources/main/de/uka/ilkd/key/java/JavaRedux/java/lang/String.key 
20887      DEBUG main            d.u.i.k.p.i.KeYFile       Read specifications obtained when parsing the Java files (usually JML and Strings.key) from /home/runner/work/key/key/key.core/../key.ui/examples/InformationFlow/MiniExamples/mini.MiniExamplesLecture(mini.MiniExamplesLecture__m_4()).Non-interference contract.0.key 
20980      DEBUG Thread-9        d.u.i.k.j.TypeConverter   TypeConverter: FieldReference: h; 
20987      DEBUG Thread-9        d.u.i.k.j.TypeConverter   TypeConverter: FieldReference: h; 
20996      DEBUG Thread-9        d.u.i.k.j.TypeConverter   TypeConverter: FieldReference: l; 
21007      DEBUG Thread-9        d.u.i.k.j.TypeConverter   TypeConverter: FieldReference: h; 
21032      DEBUG Thread-9        d.u.i.k.j.TypeConverter   TypeConverter: FieldReference: h; 
21041      DEBUG Thread-9        d.u.i.k.j.TypeConverter   TypeConverter: FieldReference: l; 
21138      INFO  main            d.u.i.k.p.r.p.TestFile    ... finished proof: closed. 
21251      DEBUG main            d.u.i.k.s.TermLabelSettings TermLabelSettings: Failure while reading the setting "UseOriginLabels".Using the default value: true.The string read was: null 
21252      INFO  main            d.u.i.k.p.r.p.TestFile    Now processing file /home/runner/work/key/key/key.core/../key.ui/examples/InformationFlow/MiniExamples/mini.MiniExamplesLecture(mini.MiniExamplesLecture__m_3()).Non-interference contract.0.key 
22120      DEBUG main            d.u.i.k.j.Recoder2KeY     converting now /home/runner/work/key/key/key.core/../key.ui/examples/InformationFlow/MiniExamples/src/mini/MiniExamples.java 
22121      DEBUG main            d.u.i.k.j.Recoder2KeY     converting now /home/runner/work/key/key/key.core/../key.ui/examples/InformationFlow/MiniExamples/src/mini/AliasingExamples.java 
22122      DEBUG main            d.u.i.k.j.Recoder2KeY     converting now /home/runner/work/key/key/key.core/../key.ui/examples/InformationFlow/MiniExamples/src/mini/DifferenceSeqLocset.java 
22123      DEBUG main            d.u.i.k.j.Recoder2KeY     converting now /home/runner/work/key/key/key.core/../key.ui/examples/InformationFlow/MiniExamples/src/mini/MiniExamplesLecture.java 
22129      DEBUG main            d.u.i.k.s.TermLabelSettings TermLabelSettings: Failure while reading the setting "UseOriginLabels".Using the default value: true.The string read was: null 
22129      DEBUG main            d.u.i.k.p.i.KeYFile       Reading KeY file /home/runner/work/key/key/key.core/../key.ui/examples/InformationFlow/MiniExamples/mini.MiniExamplesLecture(mini.MiniExamplesLecture__m_3()).Non-interference contract.0.key 
22130      DEBUG main            d.u.i.k.p.i.KeYFile       Reading KeY file file:/home/runner/work/key/key/key.core/build/resources/main/de/uka/ilkd/key/java/JavaRedux/java/lang/String.key 
22133      DEBUG main            d.u.i.k.p.i.KeYFile       Read specifications obtained when parsing the Java files (usually JML and Strings.key) from file:/home/runner/work/key/key/key.core/build/resources/main/de/uka/ilkd/key/java/JavaRedux/java/lang/String.key 
23801      DEBUG main            d.u.i.k.p.i.KeYFile       Read specifications obtained when parsing the Java files (usually JML and Strings.key) from /home/runner/work/key/key/key.core/../key.ui/examples/InformationFlow/MiniExamples/mini.MiniExamplesLecture(mini.MiniExamplesLecture__m_3()).Non-interference contract.0.key 
23907      DEBUG Thread-11       d.u.i.k.j.TypeConverter   TypeConverter: FieldReference: h; 
23930      DEBUG Thread-11       d.u.i.k.j.TypeConverter   TypeConverter: FieldReference: h; 
23960      DEBUG Thread-11       d.u.i.k.j.TypeConverter   TypeConverter: FieldReference: l; 
23997      DEBUG Thread-11       d.u.i.k.j.TypeConverter   TypeConverter: FieldReference: l; 
24019      DEBUG Thread-11       d.u.i.k.j.TypeConverter   TypeConverter: FieldReference: l; 
24048      DEBUG Thread-11       d.u.i.k.j.TypeConverter   TypeConverter: FieldReference: l; 
24084      DEBUG Thread-11       d.u.i.k.j.TypeConverter   TypeConverter: FieldReference: l; 
24112      DEBUG Thread-11       d.u.i.k.j.TypeConverter   TypeConverter: FieldReference: l; 
24154      INFO  main            d.u.i.k.p.r.p.TestFile    ... finished proof: open goal(s) 
24292      DEBUG main            d.u.i.k.s.TermLabelSettings TermLabelSettings: Failure while reading the setting "UseOriginLabels".Using the default value: true.The string read was: null 
24292      INFO  main            d.u.i.k.p.r.p.TestFile    Now processing file /home/runner/work/key/key/key.core/../key.ui/examples/InformationFlow/MiniExamples/mini.MiniExamplesLecture(mini.MiniExamplesLecture__m_2()).Non-interference contract.0.key 
25101      DEBUG main            d.u.i.k.j.Recoder2KeY     converting now /home/runner/work/key/key/key.core/../key.ui/examples/InformationFlow/MiniExamples/src/mini/MiniExamples.java 
25103      DEBUG main            d.u.i.k.j.Recoder2KeY     converting now /home/runner/work/key/key/key.core/../key.ui/examples/InformationFlow/MiniExamples/src/mini/AliasingExamples.java 
25103      DEBUG main            d.u.i.k.j.Recoder2KeY     converting now /home/runner/work/key/key/key.core/../key.ui/examples/InformationFlow/MiniExamples/src/mini/DifferenceSeqLocset.java 
25104      DEBUG main            d.u.i.k.j.Recoder2KeY     converting now /home/runner/work/key/key/key.core/../key.ui/examples/InformationFlow/MiniExamples/src/mini/MiniExamplesLecture.java 
25109      DEBUG main            d.u.i.k.s.TermLabelSettings TermLabelSettings: Failure while reading the setting "UseOriginLabels".Using the default value: true.The string read was: null 
25109      DEBUG main            d.u.i.k.p.i.KeYFile       Reading KeY file /home/runner/work/key/key/key.core/../key.ui/examples/InformationFlow/MiniExamples/mini.MiniExamplesLecture(mini.MiniExamplesLecture__m_2()).Non-interference contract.0.key 
25110      DEBUG main            d.u.i.k.p.i.KeYFile       Reading KeY file file:/home/runner/work/key/key/key.core/build/resources/main/de/uka/ilkd/key/java/JavaRedux/java/lang/String.key 
25112      DEBUG main            d.u.i.k.p.i.KeYFile       Read specifications obtained when parsing the Java files (usually JML and Strings.key) from file:/home/runner/work/key/key/key.core/build/resources/main/de/uka/ilkd/key/java/JavaRedux/java/lang/String.key 
26747      DEBUG main            d.u.i.k.p.i.KeYFile       Read specifications obtained when parsing the Java files (usually JML and Strings.key) from /home/runner/work/key/key/key.core/../key.ui/examples/InformationFlow/MiniExamples/mini.MiniExamplesLecture(mini.MiniExamplesLecture__m_2()).Non-interference contract.0.key 
26840      DEBUG Thread-13       d.u.i.k.j.TypeConverter   TypeConverter: FieldReference: l; 
26859      DEBUG Thread-13       d.u.i.k.j.TypeConverter   TypeConverter: FieldReference: l; 
26913      DEBUG Thread-13       d.u.i.k.j.TypeConverter   TypeConverter: FieldReference: h; 
26940      DEBUG Thread-13       d.u.i.k.j.TypeConverter   TypeConverter: FieldReference: h; 
26962      DEBUG Thread-13       d.u.i.k.j.TypeConverter   TypeConverter: FieldReference: h; 
26989      DEBUG Thread-13       d.u.i.k.j.TypeConverter   TypeConverter: FieldReference: h; 
27096      INFO  main            d.u.i.k.p.r.p.TestFile    ... finished proof: closed. 
27223      DEBUG main            d.u.i.k.s.TermLabelSettings TermLabelSettings: Failure while reading the setting "UseOriginLabels".Using the default value: true.The string read was: null 
27223      INFO  main            d.u.i.k.p.r.p.TestFile    Now processing file /home/runner/work/key/key/key.core/../key.ui/examples/InformationFlow/MiniExamples/mini.MiniExamplesLecture(mini.MiniExamplesLecture__m_1()).Non-interference contract.0.key 
28038      DEBUG main            d.u.i.k.j.Recoder2KeY     converting now /home/runner/work/key/key/key.core/../key.ui/examples/InformationFlow/MiniExamples/src/mini/MiniExamples.java 
28040      DEBUG main            d.u.i.k.j.Recoder2KeY     converting now /home/runner/work/key/key/key.core/../key.ui/examples/InformationFlow/MiniExamples/src/mini/AliasingExamples.java 
28041      DEBUG main            d.u.i.k.j.Recoder2KeY     converting now /home/runner/work/key/key/key.core/../key.ui/examples/InformationFlow/MiniExamples/src/mini/DifferenceSeqLocset.java 
28042      DEBUG main            d.u.i.k.j.Recoder2KeY     converting now /home/runner/work/key/key/key.core/../key.ui/examples/InformationFlow/MiniExamples/src/mini/MiniExamplesLecture.java 
28046      DEBUG main            d.u.i.k.s.TermLabelSettings TermLabelSettings: Failure while reading the setting "UseOriginLabels".Using the default value: true.The string read was: null 
28046      DEBUG main            d.u.i.k.p.i.KeYFile       Reading KeY file /home/runner/work/key/key/key.core/../key.ui/examples/InformationFlow/MiniExamples/mini.MiniExamplesLecture(mini.MiniExamplesLecture__m_1()).Non-interference contract.0.key 
28047      DEBUG main            d.u.i.k.p.i.KeYFile       Reading KeY file file:/home/runner/work/key/key/key.core/build/resources/main/de/uka/ilkd/key/java/JavaRedux/java/lang/String.key 
28050      DEBUG main            d.u.i.k.p.i.KeYFile       Read specifications obtained when parsing the Java files (usually JML and Strings.key) from file:/home/runner/work/key/key/key.core/build/resources/main/de/uka/ilkd/key/java/JavaRedux/java/lang/String.key 
29628      DEBUG main            d.u.i.k.p.i.KeYFile       Read specifications obtained when parsing the Java files (usually JML and Strings.key) from /home/runner/work/key/key/key.core/../key.ui/examples/InformationFlow/MiniExamples/mini.MiniExamplesLecture(mini.MiniExamplesLecture__m_1()).Non-interference contract.0.key 
29717      DEBUG Thread-15       d.u.i.k.j.TypeConverter   TypeConverter: FieldReference: h; 
29720      DEBUG Thread-15       d.u.i.k.j.TypeConverter   TypeConverter: FieldReference: l; 
29728      DEBUG Thread-15       d.u.i.k.j.TypeConverter   TypeConverter: FieldReference: h; 
29730      DEBUG Thread-15       d.u.i.k.j.TypeConverter   TypeConverter: FieldReference: l; 
29779      INFO  main            d.u.i.k.p.r.p.TestFile    ... finished proof: open goal(s) 
29909      DEBUG main            d.u.i.k.s.TermLabelSettings TermLabelSettings: Failure while reading the setting "UseOriginLabels".Using the default value: true.The string read was: null 
29909      INFO  main            d.u.i.k.p.r.p.TestFile    Now processing file /home/runner/work/key/key/key.core/../key.ui/examples/InformationFlow/MiniExamples/mini.DifferenceSeqLocset(mini.DifferenceSeqLocset__m()).Non-interference contract.1.key 
30694      DEBUG main            d.u.i.k.j.Recoder2KeY     converting now /home/runner/work/key/key/key.core/../key.ui/examples/InformationFlow/MiniExamples/src/mini/MiniExamples.java 
30696      DEBUG main            d.u.i.k.j.Recoder2KeY     converting now /home/runner/work/key/key/key.core/../key.ui/examples/InformationFlow/MiniExamples/src/mini/AliasingExamples.java 
30696      DEBUG main            d.u.i.k.j.Recoder2KeY     converting now /home/runner/work/key/key/key.core/../key.ui/examples/InformationFlow/MiniExamples/src/mini/DifferenceSeqLocset.java 
30697      DEBUG main            d.u.i.k.j.Recoder2KeY     converting now /home/runner/work/key/key/key.core/../key.ui/examples/InformationFlow/MiniExamples/src/mini/MiniExamplesLecture.java 
30702      DEBUG main            d.u.i.k.s.TermLabelSettings TermLabelSettings: Failure while reading the setting "UseOriginLabels".Using the default value: true.The string read was: null 
30702      DEBUG main            d.u.i.k.p.i.KeYFile       Reading KeY file /home/runner/work/key/key/key.core/../key.ui/examples/InformationFlow/MiniExamples/mini.DifferenceSeqLocset(mini.DifferenceSeqLocset__m()).Non-interference contract.1.key 
30703      DEBUG main            d.u.i.k.p.i.KeYFile       Reading KeY file file:/home/runner/work/key/key/key.core/build/resources/main/de/uka/ilkd/key/java/JavaRedux/java/lang/String.key 
30705      DEBUG main            d.u.i.k.p.i.KeYFile       Read specifications obtained when parsing the Java files (usually JML and Strings.key) from file:/home/runner/work/key/key/key.core/build/resources/main/de/uka/ilkd/key/java/JavaRedux/java/lang/String.key 
32328      DEBUG main            d.u.i.k.p.i.KeYFile       Read specifications obtained when parsing the Java files (usually JML and Strings.key) from /home/runner/work/key/key/key.core/../key.ui/examples/InformationFlow/MiniExamples/mini.DifferenceSeqLocset(mini.DifferenceSeqLocset__m()).Non-interference contract.1.key 
32504      DEBUG Thread-17       d.u.i.k.j.TypeConverter   typeconverter: (prefix this;, class class de.uka.ilkd.key.java.reference.ThisReference) 
32512      DEBUG Thread-17       d.u.i.k.j.TypeConverter   typeconverter: (prefix this;, class class de.uka.ilkd.key.java.reference.ThisReference) 
32529      DEBUG Thread-17       d.u.i.k.j.TypeConverter   TypeConverter: FieldReference: l2; 
32532      DEBUG Thread-17       d.u.i.k.j.TypeConverter   TypeConverter: FieldReference: l3; 
32609      DEBUG Thread-17       d.u.i.k.j.TypeConverter   TypeConverter: FieldReference: l2; 
32613      DEBUG Thread-17       d.u.i.k.j.TypeConverter   TypeConverter: FieldReference: l3; 
32665      DEBUG Thread-17       d.u.i.k.j.TypeConverter   TypeConverter: FieldReference: l1; 
32669      DEBUG Thread-17       d.u.i.k.j.TypeConverter   TypeConverter: FieldReference: l3; 
32834      DEBUG Thread-17       d.u.i.k.j.TypeConverter   TypeConverter: FieldReference: l1; 
32837      DEBUG Thread-17       d.u.i.k.j.TypeConverter   TypeConverter: FieldReference: l3; 
32940      DEBUG Thread-17       d.u.i.k.j.TypeConverter   TypeConverter: FieldReference: l2; 
32944      DEBUG Thread-17       d.u.i.k.j.TypeConverter   TypeConverter: FieldReference: l3; 
33076      DEBUG Thread-17       d.u.i.k.j.TypeConverter   TypeConverter: FieldReference: l1; 
33079      DEBUG Thread-17       d.u.i.k.j.TypeConverter   TypeConverter: FieldReference: l3; 
33205      INFO  main            d.u.i.k.p.r.p.TestFile    ... finished proof: open goal(s) 
33338      DEBUG main            d.u.i.k.s.TermLabelSettings TermLabelSettings: Failure while reading the setting "UseOriginLabels".Using the default value: true.The string read was: null 
33338      INFO  main            d.u.i.k.p.r.p.TestFile    Now processing file /home/runner/work/key/key/key.core/../key.ui/examples/InformationFlow/MiniExamples/mini.DifferenceSeqLocset(mini.DifferenceSeqLocset__m()).Non-interference contract.0.key 
34190      DEBUG main            d.u.i.k.j.Recoder2KeY     converting now /home/runner/work/key/key/key.core/../key.ui/examples/InformationFlow/MiniExamples/src/mini/MiniExamples.java 
34191      DEBUG main            d.u.i.k.j.Recoder2KeY     converting now /home/runner/work/key/key/key.core/../key.ui/examples/InformationFlow/MiniExamples/src/mini/AliasingExamples.java 
34192      DEBUG main            d.u.i.k.j.Recoder2KeY     converting now /home/runner/work/key/key/key.core/../key.ui/examples/InformationFlow/MiniExamples/src/mini/DifferenceSeqLocset.java 
34193      DEBUG main            d.u.i.k.j.Recoder2KeY     converting now /home/runner/work/key/key/key.core/../key.ui/examples/InformationFlow/MiniExamples/src/mini/MiniExamplesLecture.java 
34198      DEBUG main            d.u.i.k.s.TermLabelSettings TermLabelSettings: Failure while reading the setting "UseOriginLabels".Using the default value: true.The string read was: null 
34199      DEBUG main            d.u.i.k.p.i.KeYFile       Reading KeY file /home/runner/work/key/key/key.core/../key.ui/examples/InformationFlow/MiniExamples/mini.DifferenceSeqLocset(mini.DifferenceSeqLocset__m()).Non-interference contract.0.key 
34200      DEBUG main            d.u.i.k.p.i.KeYFile       Reading KeY file file:/home/runner/work/key/key/key.core/build/resources/main/de/uka/ilkd/key/java/JavaRedux/java/lang/String.key 
34203      DEBUG main            d.u.i.k.p.i.KeYFile       Read specifications obtained when parsing the Java files (usually JML and Strings.key) from file:/home/runner/work/key/key/key.core/build/resources/main/de/uka/ilkd/key/java/JavaRedux/java/lang/String.key 
35792      DEBUG main            d.u.i.k.p.i.KeYFile       Read specifications obtained when parsing the Java files (usually JML and Strings.key) from /home/runner/work/key/key/key.core/../key.ui/examples/InformationFlow/MiniExamples/mini.DifferenceSeqLocset(mini.DifferenceSeqLocset__m()).Non-interference contract.0.key 
36144      DEBUG Thread-19       d.u.i.k.j.TypeConverter   typeconverter: (prefix this;, class class de.uka.ilkd.key.java.reference.ThisReference) 
36155      DEBUG Thread-19       d.u.i.k.j.TypeConverter   typeconverter: (prefix this;, class class de.uka.ilkd.key.java.reference.ThisReference) 
36186      DEBUG Thread-19       d.u.i.k.j.TypeConverter   TypeConverter: FieldReference: l2; 
36191      DEBUG Thread-19       d.u.i.k.j.TypeConverter   TypeConverter: FieldReference: l3; 
36282      DEBUG Thread-19       d.u.i.k.j.TypeConverter   TypeConverter: FieldReference: l2; 
36286      DEBUG Thread-19       d.u.i.k.j.TypeConverter   TypeConverter: FieldReference: l3; 
36750      DEBUG Thread-19       d.u.i.k.j.TypeConverter   TypeConverter: FieldReference: l1; 
36753      DEBUG Thread-19       d.u.i.k.j.TypeConverter   TypeConverter: FieldReference: l3; 
37109      DEBUG Thread-19       d.u.i.k.j.TypeConverter   TypeConverter: FieldReference: l1; 
37113      DEBUG Thread-19       d.u.i.k.j.TypeConverter   TypeConverter: FieldReference: l3; 
37182      DEBUG Thread-19       d.u.i.k.j.TypeConverter   TypeConverter: FieldReference: l2; 
37185      DEBUG Thread-19       d.u.i.k.j.TypeConverter   TypeConverter: FieldReference: l3; 
37497      DEBUG Thread-19       d.u.i.k.j.TypeConverter   TypeConverter: FieldReference: l1; 
37501      DEBUG Thread-19       d.u.i.k.j.TypeConverter   TypeConverter: FieldReference: l3; 
37868      INFO  main            d.u.i.k.p.r.p.TestFile    ... finished proof: open goal(s) 
38019      DEBUG main            d.u.i.k.s.TermLabelSettings TermLabelSettings: Failure while reading the setting "UseOriginLabels".Using the default value: true.The string read was: null 
38019      INFO  main            d.u.i.k.p.r.p.TestFile    Now processing file /home/runner/work/key/key/key.core/../key.ui/examples/InformationFlow/MiniExamples/mini.MiniExamples(mini.MiniExamples__secure_p2_8()).Non-interference contract.0.key 
38827      DEBUG main            d.u.i.k.j.Recoder2KeY     converting now /home/runner/work/key/key/key.core/../key.ui/examples/InformationFlow/MiniExamples/src/mini/MiniExamples.java 
38828      DEBUG main            d.u.i.k.j.Recoder2KeY     converting now /home/runner/work/key/key/key.core/../key.ui/examples/InformationFlow/MiniExamples/src/mini/AliasingExamples.java 
38829      DEBUG main            d.u.i.k.j.Recoder2KeY     converting now /home/runner/work/key/key/key.core/../key.ui/examples/InformationFlow/MiniExamples/src/mini/DifferenceSeqLocset.java 
38830      DEBUG main            d.u.i.k.j.Recoder2KeY     converting now /home/runner/work/key/key/key.core/../key.ui/examples/InformationFlow/MiniExamples/src/mini/MiniExamplesLecture.java 
38834      DEBUG main            d.u.i.k.s.TermLabelSettings TermLabelSettings: Failure while reading the setting "UseOriginLabels".Using the default value: true.The string read was: null 
38834      DEBUG main            d.u.i.k.p.i.KeYFile       Reading KeY file /home/runner/work/key/key/key.core/../key.ui/examples/InformationFlow/MiniExamples/mini.MiniExamples(mini.MiniExamples__secure_p2_8()).Non-interference contract.0.key 
38835      DEBUG main            d.u.i.k.p.i.KeYFile       Reading KeY file file:/home/runner/work/key/key/key.core/build/resources/main/de/uka/ilkd/key/java/JavaRedux/java/lang/String.key 
38837      DEBUG main            d.u.i.k.p.i.KeYFile       Read specifications obtained when parsing the Java files (usually JML and Strings.key) from file:/home/runner/work/key/key/key.core/build/resources/main/de/uka/ilkd/key/java/JavaRedux/java/lang/String.key 
40417      DEBUG main            d.u.i.k.p.i.KeYFile       Read specifications obtained when parsing the Java files (usually JML and Strings.key) from /home/runner/work/key/key/key.core/../key.ui/examples/InformationFlow/MiniExamples/mini.MiniExamples(mini.MiniExamples__secure_p2_8()).Non-interference contract.0.key 
40521      DEBUG Thread-21       d.u.i.k.j.TypeConverter   TypeConverter: FieldReference: h; 
40538      DEBUG Thread-21       d.u.i.k.j.TypeConverter   TypeConverter: FieldReference: h; 
40562      DEBUG Thread-21       d.u.i.k.j.TypeConverter   TypeConverter: FieldReference: l; 
40571      DEBUG Thread-21       d.u.i.k.j.TypeConverter   TypeConverter: FieldReference: l; 
40597      DEBUG Thread-21       d.u.i.k.j.TypeConverter   TypeConverter: FieldReference: l; 
40604      DEBUG Thread-21       d.u.i.k.j.TypeConverter   TypeConverter: FieldReference: l; 
40620      DEBUG Thread-21       d.u.i.k.j.TypeConverter   TypeConverter: FieldReference: l; 
40627      DEBUG Thread-21       d.u.i.k.j.TypeConverter   TypeConverter: FieldReference: l; 
40641      DEBUG Thread-21       d.u.i.k.j.TypeConverter   TypeConverter: FieldReference: l; 
40648      DEBUG Thread-21       d.u.i.k.j.TypeConverter   TypeConverter: FieldReference: l; 
40670      DEBUG Thread-21       d.u.i.k.j.TypeConverter   TypeConverter: FieldReference: l; 
40677      DEBUG Thread-21       d.u.i.k.j.TypeConverter   TypeConverter: FieldReference: l; 
40694      DEBUG Thread-21       d.u.i.k.j.TypeConverter   TypeConverter: FieldReference: l; 
40700      DEBUG Thread-21       d.u.i.k.j.TypeConverter   TypeConverter: FieldReference: l; 
40766      INFO  main            d.u.i.k.p.r.p.TestFile    ... finished proof: closed. 
40925      DEBUG main            d.u.i.k.s.TermLabelSettings TermLabelSettings: Failure while reading the setting "UseOriginLabels".Using the default value: true.The string read was: null 
40925      INFO  main            d.u.i.k.p.r.p.TestFile    Now processing file /home/runner/work/key/key/key.core/../key.ui/examples/InformationFlow/MiniExamples/mini.MiniExamples(mini.MiniExamples__secure_parameter(int)).Non-interference contract.0.key 
41705      DEBUG main            d.u.i.k.j.Recoder2KeY     converting now /home/runner/work/key/key/key.core/../key.ui/examples/InformationFlow/MiniExamples/src/mini/MiniExamples.java 
41706      DEBUG main            d.u.i.k.j.Recoder2KeY     converting now /home/runner/work/key/key/key.core/../key.ui/examples/InformationFlow/MiniExamples/src/mini/AliasingExamples.java 
41707      DEBUG main            d.u.i.k.j.Recoder2KeY     converting now /home/runner/work/key/key/key.core/../key.ui/examples/InformationFlow/MiniExamples/src/mini/DifferenceSeqLocset.java 
41708      DEBUG main            d.u.i.k.j.Recoder2KeY     converting now /home/runner/work/key/key/key.core/../key.ui/examples/InformationFlow/MiniExamples/src/mini/MiniExamplesLecture.java 
41712      DEBUG main            d.u.i.k.s.TermLabelSettings TermLabelSettings: Failure while reading the setting "UseOriginLabels".Using the default value: true.The string read was: null 
41712      DEBUG main            d.u.i.k.p.i.KeYFile       Reading KeY file /home/runner/work/key/key/key.core/../key.ui/examples/InformationFlow/MiniExamples/mini.MiniExamples(mini.MiniExamples__secure_parameter(int)).Non-interference contract.0.key 
41713      DEBUG main            d.u.i.k.p.i.KeYFile       Reading KeY file file:/home/runner/work/key/key/key.core/build/resources/main/de/uka/ilkd/key/java/JavaRedux/java/lang/String.key 
41716      DEBUG main            d.u.i.k.p.i.KeYFile       Read specifications obtained when parsing the Java files (usually JML and Strings.key) from file:/home/runner/work/key/key/key.core/build/resources/main/de/uka/ilkd/key/java/JavaRedux/java/lang/String.key 
43338      DEBUG main            d.u.i.k.p.i.KeYFile       Read specifications obtained when parsing the Java files (usually JML and Strings.key) from /home/runner/work/key/key/key.core/../key.ui/examples/InformationFlow/MiniExamples/mini.MiniExamples(mini.MiniExamples__secure_parameter(int)).Non-interference contract.0.key 
43484      INFO  main            d.u.i.k.p.r.p.TestFile    ... finished proof: closed. 
43624      DEBUG main            d.u.i.k.s.TermLabelSettings TermLabelSettings: Failure while reading the setting "UseOriginLabels".Using the default value: true.The string read was: null 
43625      INFO  main            d.u.i.k.p.r.p.TestFile    Now processing file /home/runner/work/key/key/key.core/../key.ui/examples/InformationFlow/MiniExamples/mini.MiniExamples(mini.MiniExamples__secure_p2_7()).Non-interference contract.0.key 
44405      DEBUG main            d.u.i.k.j.Recoder2KeY     converting now /home/runner/work/key/key/key.core/../key.ui/examples/InformationFlow/MiniExamples/src/mini/MiniExamples.java 
44406      DEBUG main            d.u.i.k.j.Recoder2KeY     converting now /home/runner/work/key/key/key.core/../key.ui/examples/InformationFlow/MiniExamples/src/mini/AliasingExamples.java 
44407      DEBUG main            d.u.i.k.j.Recoder2KeY     converting now /home/runner/work/key/key/key.core/../key.ui/examples/InformationFlow/MiniExamples/src/mini/DifferenceSeqLocset.java 
44408      DEBUG main            d.u.i.k.j.Recoder2KeY     converting now /home/runner/work/key/key/key.core/../key.ui/examples/InformationFlow/MiniExamples/src/mini/MiniExamplesLecture.java 
44412      DEBUG main            d.u.i.k.s.TermLabelSettings TermLabelSettings: Failure while reading the setting "UseOriginLabels".Using the default value: true.The string read was: null 
44412      DEBUG main            d.u.i.k.p.i.KeYFile       Reading KeY file /home/runner/work/key/key/key.core/../key.ui/examples/InformationFlow/MiniExamples/mini.MiniExamples(mini.MiniExamples__secure_p2_7()).Non-interference contract.0.key 
44413      DEBUG main            d.u.i.k.p.i.KeYFile       Reading KeY file file:/home/runner/work/key/key/key.core/build/resources/main/de/uka/ilkd/key/java/JavaRedux/java/lang/String.key 
44416      DEBUG main            d.u.i.k.p.i.KeYFile       Read specifications obtained when parsing the Java files (usually JML and Strings.key) from file:/home/runner/work/key/key/key.core/build/resources/main/de/uka/ilkd/key/java/JavaRedux/java/lang/String.key 
46051      DEBUG main            d.u.i.k.p.i.KeYFile       Read specifications obtained when parsing the Java files (usually JML and Strings.key) from /home/runner/work/key/key/key.core/../key.ui/examples/InformationFlow/MiniExamples/mini.MiniExamples(mini.MiniExamples__secure_p2_7()).Non-interference contract.0.key 
46155      DEBUG Thread-25       d.u.i.k.j.TypeConverter   TypeConverter: FieldReference: h; 
46168      DEBUG Thread-25       d.u.i.k.j.TypeConverter   TypeConverter: FieldReference: h; 
46184      DEBUG Thread-25       d.u.i.k.j.TypeConverter   TypeConverter: FieldReference: l; 
46191      DEBUG Thread-25       d.u.i.k.j.TypeConverter   TypeConverter: FieldReference: l; 
46214      DEBUG Thread-25       d.u.i.k.j.TypeConverter   TypeConverter: FieldReference: l; 
46223      DEBUG Thread-25       d.u.i.k.j.TypeConverter   TypeConverter: FieldReference: l; 
46238      DEBUG Thread-25       d.u.i.k.j.TypeConverter   TypeConverter: FieldReference: l; 
46245      DEBUG Thread-25       d.u.i.k.j.TypeConverter   TypeConverter: FieldReference: l; 
46259      DEBUG Thread-25       d.u.i.k.j.TypeConverter   TypeConverter: FieldReference: l; 
46266      DEBUG Thread-25       d.u.i.k.j.TypeConverter   TypeConverter: FieldReference: l; 
46291      DEBUG Thread-25       d.u.i.k.j.TypeConverter   TypeConverter: FieldReference: l; 
46299      DEBUG Thread-25       d.u.i.k.j.TypeConverter   TypeConverter: FieldReference: l; 
46315      DEBUG Thread-25       d.u.i.k.j.TypeConverter   TypeConverter: FieldReference: l; 
46327      DEBUG Thread-25       d.u.i.k.j.TypeConverter   TypeConverter: FieldReference: l; 
46405      INFO  main            d.u.i.k.p.r.p.TestFile    ... finished proof: closed. 
46547      DEBUG main            d.u.i.k.s.TermLabelSettings TermLabelSettings: Failure while reading the setting "UseOriginLabels".Using the default value: true.The string read was: null 
46547      INFO  main            d.u.i.k.p.r.p.TestFile    Now processing file /home/runner/work/key/key/key.core/../key.ui/examples/InformationFlow/MiniExamples/mini.MiniExamples(mini.MiniExamples__insecure_p2_2()).Non-interference contract.0.key 
47323      DEBUG main            d.u.i.k.j.Recoder2KeY     converting now /home/runner/work/key/key/key.core/../key.ui/examples/InformationFlow/MiniExamples/src/mini/MiniExamples.java 
47324      DEBUG main            d.u.i.k.j.Recoder2KeY     converting now /home/runner/work/key/key/key.core/../key.ui/examples/InformationFlow/MiniExamples/src/mini/AliasingExamples.java 
47324      DEBUG main            d.u.i.k.j.Recoder2KeY     converting now /home/runner/work/key/key/key.core/../key.ui/examples/InformationFlow/MiniExamples/src/mini/DifferenceSeqLocset.java 
47325      DEBUG main            d.u.i.k.j.Recoder2KeY     converting now /home/runner/work/key/key/key.core/../key.ui/examples/InformationFlow/MiniExamples/src/mini/MiniExamplesLecture.java 
47329      DEBUG main            d.u.i.k.s.TermLabelSettings TermLabelSettings: Failure while reading the setting "UseOriginLabels".Using the default value: true.The string read was: null 
47330      DEBUG main            d.u.i.k.p.i.KeYFile       Reading KeY file /home/runner/work/key/key/key.core/../key.ui/examples/InformationFlow/MiniExamples/mini.MiniExamples(mini.MiniExamples__insecure_p2_2()).Non-interference contract.0.key 
47330      DEBUG main            d.u.i.k.p.i.KeYFile       Reading KeY file file:/home/runner/work/key/key/key.core/build/resources/main/de/uka/ilkd/key/java/JavaRedux/java/lang/String.key 
47333      DEBUG main            d.u.i.k.p.i.KeYFile       Read specifications obtained when parsing the Java files (usually JML and Strings.key) from file:/home/runner/work/key/key/key.core/build/resources/main/de/uka/ilkd/key/java/JavaRedux/java/lang/String.key 
48936      DEBUG main            d.u.i.k.p.i.KeYFile       Read specifications obtained when parsing the Java files (usually JML and Strings.key) from /home/runner/work/key/key/key.core/../key.ui/examples/InformationFlow/MiniExamples/mini.MiniExamples(mini.MiniExamples__insecure_p2_2()).Non-interference contract.0.key 
49014      DEBUG Thread-27       d.u.i.k.j.TypeConverter   TypeConverter: FieldReference: h; 
49025      DEBUG Thread-27       d.u.i.k.j.TypeConverter   TypeConverter: FieldReference: h; 
49041      DEBUG Thread-27       d.u.i.k.j.TypeConverter   TypeConverter: FieldReference: l; 
49066      DEBUG Thread-27       d.u.i.k.j.TypeConverter   TypeConverter: FieldReference: l; 
49082      DEBUG Thread-27       d.u.i.k.j.TypeConverter   TypeConverter: FieldReference: l; 
49100      DEBUG Thread-27       d.u.i.k.j.TypeConverter   TypeConverter: FieldReference: l; 
49122      DEBUG Thread-27       d.u.i.k.j.TypeConverter   TypeConverter: FieldReference: l; 
49140      DEBUG Thread-27       d.u.i.k.j.TypeConverter   TypeConverter: FieldReference: l; 
49179      INFO  main            d.u.i.k.p.r.p.TestFile    ... finished proof: open goal(s) 
49368      DEBUG main            d.u.i.k.s.TermLabelSettings TermLabelSettings: Failure while reading the setting "UseOriginLabels".Using the default value: true.The string read was: null 
49368      INFO  main            d.u.i.k.p.r.p.TestFile    Now processing file /home/runner/work/key/key/key.core/../key.ui/examples/InformationFlow/MiniExamples/mini.MiniExamples(mini.MiniExamples__secure_p2_6()).Non-interference contract.0.key 
50144      DEBUG main            d.u.i.k.j.Recoder2KeY     converting now /home/runner/work/key/key/key.core/../key.ui/examples/InformationFlow/MiniExamples/src/mini/MiniExamples.java 
50145      DEBUG main            d.u.i.k.j.Recoder2KeY     converting now /home/runner/work/key/key/key.core/../key.ui/examples/InformationFlow/MiniExamples/src/mini/AliasingExamples.java 
50146      DEBUG main            d.u.i.k.j.Recoder2KeY     converting now /home/runner/work/key/key/key.core/../key.ui/examples/InformationFlow/MiniExamples/src/mini/DifferenceSeqLocset.java 
50147      DEBUG main            d.u.i.k.j.Recoder2KeY     converting now /home/runner/work/key/key/key.core/../key.ui/examples/InformationFlow/MiniExamples/src/mini/MiniExamplesLecture.java 
50151      DEBUG main            d.u.i.k.s.TermLabelSettings TermLabelSettings: Failure while reading the setting "UseOriginLabels".Using the default value: true.The string read was: null 
50151      DEBUG main            d.u.i.k.p.i.KeYFile       Reading KeY file /home/runner/work/key/key/key.core/../key.ui/examples/InformationFlow/MiniExamples/mini.MiniExamples(mini.MiniExamples__secure_p2_6()).Non-interference contract.0.key 
50152      DEBUG main            d.u.i.k.p.i.KeYFile       Reading KeY file file:/home/runner/work/key/key/key.core/build/resources/main/de/uka/ilkd/key/java/JavaRedux/java/lang/String.key 
50154      DEBUG main            d.u.i.k.p.i.KeYFile       Read specifications obtained when parsing the Java files (usually JML and Strings.key) from file:/home/runner/work/key/key/key.core/build/resources/main/de/uka/ilkd/key/java/JavaRedux/java/lang/String.key 
51763      DEBUG main            d.u.i.k.p.i.KeYFile       Read specifications obtained when parsing the Java files (usually JML and Strings.key) from /home/runner/work/key/key/key.core/../key.ui/examples/InformationFlow/MiniExamples/mini.MiniExamples(mini.MiniExamples__secure_p2_6()).Non-interference contract.0.key 
51904      INFO  main            d.u.i.k.p.r.p.TestFile    ... finished proof: closed. 
52048      DEBUG main            d.u.i.k.s.TermLabelSettings TermLabelSettings: Failure while reading the setting "UseOriginLabels".Using the default value: true.The string read was: null 
52048      INFO  main            d.u.i.k.p.r.p.TestFile    Now processing file /home/runner/work/key/key/key.core/../key.ui/examples/InformationFlow/MiniExamples/mini.MiniExamples(mini.MiniExamples__secure_p2_5()).Non-interference contract.0.key 
52815      DEBUG main            d.u.i.k.j.Recoder2KeY     converting now /home/runner/work/key/key/key.core/../key.ui/examples/InformationFlow/MiniExamples/src/mini/MiniExamples.java 
52816      DEBUG main            d.u.i.k.j.Recoder2KeY     converting now /home/runner/work/key/key/key.core/../key.ui/examples/InformationFlow/MiniExamples/src/mini/AliasingExamples.java 
52817      DEBUG main            d.u.i.k.j.Recoder2KeY     converting now /home/runner/work/key/key/key.core/../key.ui/examples/InformationFlow/MiniExamples/src/mini/DifferenceSeqLocset.java 
52818      DEBUG main            d.u.i.k.j.Recoder2KeY     converting now /home/runner/work/key/key/key.core/../key.ui/examples/InformationFlow/MiniExamples/src/mini/MiniExamplesLecture.java 
52822      DEBUG main            d.u.i.k.s.TermLabelSettings TermLabelSettings: Failure while reading the setting "UseOriginLabels".Using the default value: true.The string read was: null 
52822      DEBUG main            d.u.i.k.p.i.KeYFile       Reading KeY file /home/runner/work/key/key/key.core/../key.ui/examples/InformationFlow/MiniExamples/mini.MiniExamples(mini.MiniExamples__secure_p2_5()).Non-interference contract.0.key 
52823      DEBUG main            d.u.i.k.p.i.KeYFile       Reading KeY file file:/home/runner/work/key/key/key.core/build/resources/main/de/uka/ilkd/key/java/JavaRedux/java/lang/String.key 
52826      DEBUG main            d.u.i.k.p.i.KeYFile       Read specifications obtained when parsing the Java files (usually JML and Strings.key) from file:/home/runner/work/key/key/key.core/build/resources/main/de/uka/ilkd/key/java/JavaRedux/java/lang/String.key 
54446      DEBUG main            d.u.i.k.p.i.KeYFile       Read specifications obtained when parsing the Java files (usually JML and Strings.key) from /home/runner/work/key/key/key.core/../key.ui/examples/InformationFlow/MiniExamples/mini.MiniExamples(mini.MiniExamples__secure_p2_5()).Non-interference contract.0.key 
54520      DEBUG Thread-31       d.u.i.k.j.TypeConverter   TypeConverter: FieldReference: h; 
54522      DEBUG Thread-31       d.u.i.k.j.TypeConverter   TypeConverter: FieldReference: l; 
54535      DEBUG Thread-31       d.u.i.k.j.TypeConverter   TypeConverter: FieldReference: h; 
54537      DEBUG Thread-31       d.u.i.k.j.TypeConverter   TypeConverter: FieldReference: l; 
54545      DEBUG Thread-31       d.u.i.k.j.TypeConverter   TypeConverter: FieldReference: l; 
54556      DEBUG Thread-31       d.u.i.k.j.TypeConverter   TypeConverter: FieldReference: h; 
54564      DEBUG Thread-31       d.u.i.k.j.TypeConverter   TypeConverter: FieldReference: l; 
54574      DEBUG Thread-31       d.u.i.k.j.TypeConverter   TypeConverter: FieldReference: h; 
54586      DEBUG Thread-31       d.u.i.k.j.TypeConverter   TypeConverter: FieldReference: l; 
54596      DEBUG Thread-31       d.u.i.k.j.TypeConverter   TypeConverter: FieldReference: l; 
54689      INFO  main            d.u.i.k.p.r.p.TestFile    ... finished proof: closed. 
54847      DEBUG main            d.u.i.k.s.TermLabelSettings TermLabelSettings: Failure while reading the setting "UseOriginLabels".Using the default value: true.The string read was: null 
54847      INFO  main            d.u.i.k.p.r.p.TestFile    Now processing file /home/runner/work/key/key/key.core/../key.ui/examples/InformationFlow/MiniExamples/mini.MiniExamples(mini.MiniExamples__secure_p2_4()).Non-interference contract.0.key 
55634      DEBUG main            d.u.i.k.j.Recoder2KeY     converting now /home/runner/work/key/key/key.core/../key.ui/examples/InformationFlow/MiniExamples/src/mini/MiniExamples.java 
55635      DEBUG main            d.u.i.k.j.Recoder2KeY     converting now /home/runner/work/key/key/key.core/../key.ui/examples/InformationFlow/MiniExamples/src/mini/AliasingExamples.java 
55636      DEBUG main            d.u.i.k.j.Recoder2KeY     converting now /home/runner/work/key/key/key.core/../key.ui/examples/InformationFlow/MiniExamples/src/mini/DifferenceSeqLocset.java 
55637      DEBUG main            d.u.i.k.j.Recoder2KeY     converting now /home/runner/work/key/key/key.core/../key.ui/examples/InformationFlow/MiniExamples/src/mini/MiniExamplesLecture.java 
55644      DEBUG main            d.u.i.k.s.TermLabelSettings TermLabelSettings: Failure while reading the setting "UseOriginLabels".Using the default value: true.The string read was: null 
55645      DEBUG main            d.u.i.k.p.i.KeYFile       Reading KeY file /home/runner/work/key/key/key.core/../key.ui/examples/InformationFlow/MiniExamples/mini.MiniExamples(mini.MiniExamples__secure_p2_4()).Non-interference contract.0.key 
55646      DEBUG main            d.u.i.k.p.i.KeYFile       Reading KeY file file:/home/runner/work/key/key/key.core/build/resources/main/de/uka/ilkd/key/java/JavaRedux/java/lang/String.key 
55651      DEBUG main            d.u.i.k.p.i.KeYFile       Read specifications obtained when parsing the Java files (usually JML and Strings.key) from file:/home/runner/work/key/key/key.core/build/resources/main/de/uka/ilkd/key/java/JavaRedux/java/lang/String.key 
57241      DEBUG main            d.u.i.k.p.i.KeYFile       Read specifications obtained when parsing the Java files (usually JML and Strings.key) from /home/runner/work/key/key/key.core/../key.ui/examples/InformationFlow/MiniExamples/mini.MiniExamples(mini.MiniExamples__secure_p2_4()).Non-interference contract.0.key 
57323      DEBUG Thread-33       d.u.i.k.j.TypeConverter   TypeConverter: FieldReference: l; 
57326      DEBUG Thread-33       d.u.i.k.j.TypeConverter   TypeConverter: FieldReference: h; 
57331      DEBUG Thread-33       d.u.i.k.j.TypeConverter   TypeConverter: FieldReference: h; 
57339      DEBUG Thread-33       d.u.i.k.j.TypeConverter   TypeConverter: FieldReference: l; 
57347      DEBUG Thread-33       d.u.i.k.j.TypeConverter   TypeConverter: FieldReference: l; 
57349      DEBUG Thread-33       d.u.i.k.j.TypeConverter   TypeConverter: FieldReference: h; 
57355      DEBUG Thread-33       d.u.i.k.j.TypeConverter   TypeConverter: FieldReference: h; 
57362      DEBUG Thread-33       d.u.i.k.j.TypeConverter   TypeConverter: FieldReference: l; 
57392      INFO  main            d.u.i.k.p.r.p.TestFile    ... finished proof: closed. 
57604      DEBUG main            d.u.i.k.s.TermLabelSettings TermLabelSettings: Failure while reading the setting "UseOriginLabels".Using the default value: true.The string read was: null 
57604      INFO  main            d.u.i.k.p.r.p.TestFile    Now processing file /home/runner/work/key/key/key.core/../key.ui/examples/InformationFlow/MiniExamples/mini.MiniExamples(mini.MiniExamples__secure_p2_3()).Non-interference contract.0.key 
58370      DEBUG main            d.u.i.k.j.Recoder2KeY     converting now /home/runner/work/key/key/key.core/../key.ui/examples/InformationFlow/MiniExamples/src/mini/MiniExamples.java 
58371      DEBUG main            d.u.i.k.j.Recoder2KeY     converting now /home/runner/work/key/key/key.core/../key.ui/examples/InformationFlow/MiniExamples/src/mini/AliasingExamples.java 
58372      DEBUG main            d.u.i.k.j.Recoder2KeY     converting now /home/runner/work/key/key/key.core/../key.ui/examples/InformationFlow/MiniExamples/src/mini/DifferenceSeqLocset.java 
58373      DEBUG main            d.u.i.k.j.Recoder2KeY     converting now /home/runner/work/key/key/key.core/../key.ui/examples/InformationFlow/MiniExamples/src/mini/MiniExamplesLecture.java 
58377      DEBUG main            d.u.i.k.s.TermLabelSettings TermLabelSettings: Failure while reading the setting "UseOriginLabels".Using the default value: true.The string read was: null 
58377      DEBUG main            d.u.i.k.p.i.KeYFile       Reading KeY file /home/runner/work/key/key/key.core/../key.ui/examples/InformationFlow/MiniExamples/mini.MiniExamples(mini.MiniExamples__secure_p2_3()).Non-interference contract.0.key 
58378      DEBUG main            d.u.i.k.p.i.KeYFile       Reading KeY file file:/home/runner/work/key/key/key.core/build/resources/main/de/uka/ilkd/key/java/JavaRedux/java/lang/String.key 
58380      DEBUG main            d.u.i.k.p.i.KeYFile       Read specifications obtained when parsing the Java files (usually JML and Strings.key) from file:/home/runner/work/key/key/key.core/build/resources/main/de/uka/ilkd/key/java/JavaRedux/java/lang/String.key 
59992      DEBUG main            d.u.i.k.p.i.KeYFile       Read specifications obtained when parsing the Java files (usually JML and Strings.key) from /home/runner/work/key/key/key.core/../key.ui/examples/InformationFlow/MiniExamples/mini.MiniExamples(mini.MiniExamples__secure_p2_3()).Non-interference contract.0.key 
60103      DEBUG Thread-35       d.u.i.k.j.TypeConverter   TypeConverter: FieldReference: h; 
60106      DEBUG Thread-35       d.u.i.k.j.TypeConverter   TypeConverter: FieldReference: l; 
60113      DEBUG Thread-35       d.u.i.k.j.TypeConverter   TypeConverter: FieldReference: l; 
60121      DEBUG Thread-35       d.u.i.k.j.TypeConverter   TypeConverter: FieldReference: h; 
60123      DEBUG Thread-35       d.u.i.k.j.TypeConverter   TypeConverter: FieldReference: l; 
60130      DEBUG Thread-35       d.u.i.k.j.TypeConverter   TypeConverter: FieldReference: l; 
60158      INFO  main            d.u.i.k.p.r.p.TestFile    ... finished proof: closed. 
60315      DEBUG main            d.u.i.k.s.TermLabelSettings TermLabelSettings: Failure while reading the setting "UseOriginLabels".Using the default value: true.The string read was: null 
60315      INFO  main            d.u.i.k.p.r.p.TestFile    Now processing file /home/runner/work/key/key/key.core/../key.ui/examples/InformationFlow/MiniExamples/mini.MiniExamples(mini.MiniExamples__secure_p2_2()).Non-interference contract.0.key 
61089      DEBUG main            d.u.i.k.j.Recoder2KeY     converting now /home/runner/work/key/key/key.core/../key.ui/examples/InformationFlow/MiniExamples/src/mini/MiniExamples.java 
61090      DEBUG main            d.u.i.k.j.Recoder2KeY     converting now /home/runner/work/key/key/key.core/../key.ui/examples/InformationFlow/MiniExamples/src/mini/AliasingExamples.java 
61091      DEBUG main            d.u.i.k.j.Recoder2KeY     converting now /home/runner/work/key/key/key.core/../key.ui/examples/InformationFlow/MiniExamples/src/mini/DifferenceSeqLocset.java 
61092      DEBUG main            d.u.i.k.j.Recoder2KeY     converting now /home/runner/work/key/key/key.core/../key.ui/examples/InformationFlow/MiniExamples/src/mini/MiniExamplesLecture.java 
61096      DEBUG main            d.u.i.k.s.TermLabelSettings TermLabelSettings: Failure while reading the setting "UseOriginLabels".Using the default value: true.The string read was: null 
61096      DEBUG main            d.u.i.k.p.i.KeYFile       Reading KeY file /home/runner/work/key/key/key.core/../key.ui/examples/InformationFlow/MiniExamples/mini.MiniExamples(mini.MiniExamples__secure_p2_2()).Non-interference contract.0.key 
61097      DEBUG main            d.u.i.k.p.i.KeYFile       Reading KeY file file:/home/runner/work/key/key/key.core/build/resources/main/de/uka/ilkd/key/java/JavaRedux/java/lang/String.key 
61099      DEBUG main            d.u.i.k.p.i.KeYFile       Read specifications obtained when parsing the Java files (usually JML and Strings.key) from file:/home/runner/work/key/key/key.core/build/resources/main/de/uka/ilkd/key/java/JavaRedux/java/lang/String.key 
62705      DEBUG main            d.u.i.k.p.i.KeYFile       Read specifications obtained when parsing the Java files (usually JML and Strings.key) from /home/runner/work/key/key/key.core/../key.ui/examples/InformationFlow/MiniExamples/mini.MiniExamples(mini.MiniExamples__secure_p2_2()).Non-interference contract.0.key 
62786      DEBUG Thread-37       d.u.i.k.j.TypeConverter   TypeConverter: FieldReference: l; 
62794      DEBUG Thread-37       d.u.i.k.j.TypeConverter   TypeConverter: FieldReference: l; 
62854      INFO  main            d.u.i.k.p.r.p.TestFile    ... finished proof: closed. 
63009      DEBUG main            d.u.i.k.s.TermLabelSettings TermLabelSettings: Failure while reading the setting "UseOriginLabels".Using the default value: true.The string read was: null 
63009      INFO  main            d.u.i.k.p.r.p.TestFile    Now processing file /home/runner/work/key/key/key.core/../key.ui/examples/InformationFlow/MiniExamples/mini.MiniExamples(mini.MiniExamples__secure_p2_1()).Non-interference contract.0.key 
63786      DEBUG main            d.u.i.k.j.Recoder2KeY     converting now /home/runner/work/key/key/key.core/../key.ui/examples/InformationFlow/MiniExamples/src/mini/MiniExamples.java 
63787      DEBUG main            d.u.i.k.j.Recoder2KeY     converting now /home/runner/work/key/key/key.core/../key.ui/examples/InformationFlow/MiniExamples/src/mini/AliasingExamples.java 
63788      DEBUG main            d.u.i.k.j.Recoder2KeY     converting now /home/runner/work/key/key/key.core/../key.ui/examples/InformationFlow/MiniExamples/src/mini/DifferenceSeqLocset.java 
63789      DEBUG main            d.u.i.k.j.Recoder2KeY     converting now /home/runner/work/key/key/key.core/../key.ui/examples/InformationFlow/MiniExamples/src/mini/MiniExamplesLecture.java 
63792      DEBUG main            d.u.i.k.s.TermLabelSettings TermLabelSettings: Failure while reading the setting "UseOriginLabels".Using the default value: true.The string read was: null 
63793      DEBUG main            d.u.i.k.p.i.KeYFile       Reading KeY file /home/runner/work/key/key/key.core/../key.ui/examples/InformationFlow/MiniExamples/mini.MiniExamples(mini.MiniExamples__secure_p2_1()).Non-interference contract.0.key 
63793      DEBUG main            d.u.i.k.p.i.KeYFile       Reading KeY file file:/home/runner/work/key/key/key.core/build/resources/main/de/uka/ilkd/key/java/JavaRedux/java/lang/String.key 
63796      DEBUG main            d.u.i.k.p.i.KeYFile       Read specifications obtained when parsing the Java files (usually JML and Strings.key) from file:/home/runner/work/key/key/key.core/build/resources/main/de/uka/ilkd/key/java/JavaRedux/java/lang/String.key 
65426      DEBUG main            d.u.i.k.p.i.KeYFile       Read specifications obtained when parsing the Java files (usually JML and Strings.key) from /home/runner/work/key/key/key.core/../key.ui/examples/InformationFlow/MiniExamples/mini.MiniExamples(mini.MiniExamples__secure_p2_1()).Non-interference contract.0.key 
65502      DEBUG Thread-39       d.u.i.k.j.TypeConverter   TypeConverter: FieldReference: l; 
65505      DEBUG Thread-39       d.u.i.k.j.TypeConverter   TypeConverter: FieldReference: h; 
65512      DEBUG Thread-39       d.u.i.k.j.TypeConverter   TypeConverter: FieldReference: l; 
65514      DEBUG Thread-39       d.u.i.k.j.TypeConverter   TypeConverter: FieldReference: h; 
65571      INFO  main            d.u.i.k.p.r.p.TestFile    ... finished proof: closed. 
65743      DEBUG main            d.u.i.k.s.TermLabelSettings TermLabelSettings: Failure while reading the setting "UseOriginLabels".Using the default value: true.The string read was: null 
65743      INFO  main            d.u.i.k.p.r.p.TestFile    Now processing file /home/runner/work/key/key/key.core/../key.ui/examples/InformationFlow/MiniExamples/mini.MiniExamples(mini.MiniExamples__insecure_p2_1()).Non-interference contract.0.key 
66534      DEBUG main            d.u.i.k.j.Recoder2KeY     converting now /home/runner/work/key/key/key.core/../key.ui/examples/InformationFlow/MiniExamples/src/mini/MiniExamples.java 
66535      DEBUG main            d.u.i.k.j.Recoder2KeY     converting now /home/runner/work/key/key/key.core/../key.ui/examples/InformationFlow/MiniExamples/src/mini/AliasingExamples.java 
66536      DEBUG main            d.u.i.k.j.Recoder2KeY     converting now /home/runner/work/key/key/key.core/../key.ui/examples/InformationFlow/MiniExamples/src/mini/DifferenceSeqLocset.java 
66537      DEBUG main            d.u.i.k.j.Recoder2KeY     converting now /home/runner/work/key/key/key.core/../key.ui/examples/InformationFlow/MiniExamples/src/mini/MiniExamplesLecture.java 
66541      DEBUG main            d.u.i.k.s.TermLabelSettings TermLabelSettings: Failure while reading the setting "UseOriginLabels".Using the default value: true.The string read was: null 
66542      DEBUG main            d.u.i.k.p.i.KeYFile       Reading KeY file /home/runner/work/key/key/key.core/../key.ui/examples/InformationFlow/MiniExamples/mini.MiniExamples(mini.MiniExamples__insecure_p2_1()).Non-interference contract.0.key 
66542      DEBUG main            d.u.i.k.p.i.KeYFile       Reading KeY file file:/home/runner/work/key/key/key.core/build/resources/main/de/uka/ilkd/key/java/JavaRedux/java/lang/String.key 
66545      DEBUG main            d.u.i.k.p.i.KeYFile       Read specifications obtained when parsing the Java files (usually JML and Strings.key) from file:/home/runner/work/key/key/key.core/build/resources/main/de/uka/ilkd/key/java/JavaRedux/java/lang/String.key 
68122      DEBUG main            d.u.i.k.p.i.KeYFile       Read specifications obtained when parsing the Java files (usually JML and Strings.key) from /home/runner/work/key/key/key.core/../key.ui/examples/InformationFlow/MiniExamples/mini.MiniExamples(mini.MiniExamples__insecure_p2_1()).Non-interference contract.0.key 
68199      DEBUG Thread-41       d.u.i.k.j.TypeConverter   TypeConverter: FieldReference: h; 
68202      DEBUG Thread-41       d.u.i.k.j.TypeConverter   TypeConverter: FieldReference: l; 
68210      DEBUG Thread-41       d.u.i.k.j.TypeConverter   TypeConverter: FieldReference: h; 
68213      DEBUG Thread-41       d.u.i.k.j.TypeConverter   TypeConverter: FieldReference: l; 
68263      INFO  main            d.u.i.k.p.r.p.TestFile    ... finished proof: open goal(s) 
68428      DEBUG main            d.u.i.k.s.TermLabelSettings TermLabelSettings: Failure while reading the setting "UseOriginLabels".Using the default value: true.The string read was: null 
68428      INFO  main            d.u.i.k.p.r.p.TestFile    Now processing file /home/runner/work/key/key/key.core/../key.ui/examples/InformationFlow/MiniExamples/mini.MiniExamples(mini.MiniExamples__secure_p1_6()).Non-interference contract.0.key 
69209      DEBUG main            d.u.i.k.j.Recoder2KeY     converting now /home/runner/work/key/key/key.core/../key.ui/examples/InformationFlow/MiniExamples/src/mini/MiniExamples.java 
69210      DEBUG main            d.u.i.k.j.Recoder2KeY     converting now /home/runner/work/key/key/key.core/../key.ui/examples/InformationFlow/MiniExamples/src/mini/AliasingExamples.java 
69211      DEBUG main            d.u.i.k.j.Recoder2KeY     converting now /home/runner/work/key/key/key.core/../key.ui/examples/InformationFlow/MiniExamples/src/mini/DifferenceSeqLocset.java 
69212      DEBUG main            d.u.i.k.j.Recoder2KeY     converting now /home/runner/work/key/key/key.core/../key.ui/examples/InformationFlow/MiniExamples/src/mini/MiniExamplesLecture.java 
69215      DEBUG main            d.u.i.k.s.TermLabelSettings TermLabelSettings: Failure while reading the setting "UseOriginLabels".Using the default value: true.The string read was: null 
69215      DEBUG main            d.u.i.k.p.i.KeYFile       Reading KeY file /home/runner/work/key/key/key.core/../key.ui/examples/InformationFlow/MiniExamples/mini.MiniExamples(mini.MiniExamples__secure_p1_6()).Non-interference contract.0.key 
69216      DEBUG main            d.u.i.k.p.i.KeYFile       Reading KeY file file:/home/runner/work/key/key/key.core/build/resources/main/de/uka/ilkd/key/java/JavaRedux/java/lang/String.key 
69219      DEBUG main            d.u.i.k.p.i.KeYFile       Read specifications obtained when parsing the Java files (usually JML and Strings.key) from file:/home/runner/work/key/key/key.core/build/resources/main/de/uka/ilkd/key/java/JavaRedux/java/lang/String.key 
70785      DEBUG main            d.u.i.k.p.i.KeYFile       Read specifications obtained when parsing the Java files (usually JML and Strings.key) from /home/runner/work/key/key/key.core/../key.ui/examples/InformationFlow/MiniExamples/mini.MiniExamples(mini.MiniExamples__secure_p1_6()).Non-interference contract.0.key 
70863      DEBUG Thread-43       d.u.i.k.j.TypeConverter   TypeConverter: FieldReference: h; 
70867      DEBUG Thread-43       d.u.i.k.j.TypeConverter   TypeConverter: FieldReference: h; 
70873      DEBUG Thread-43       d.u.i.k.j.TypeConverter   TypeConverter: FieldReference: h; 
70877      DEBUG Thread-43       d.u.i.k.j.TypeConverter   TypeConverter: FieldReference: h; 
70886      DEBUG Thread-43       d.u.i.k.j.TypeConverter   TypeConverter: FieldReference: l; 
70895      DEBUG Thread-43       d.u.i.k.j.TypeConverter   TypeConverter: FieldReference: l; 
70926      INFO  main            d.u.i.k.p.r.p.TestFile    ... finished proof: closed. 
71094      DEBUG main            d.u.i.k.s.TermLabelSettings TermLabelSettings: Failure while reading the setting "UseOriginLabels".Using the default value: true.The string read was: null 
71095      INFO  main            d.u.i.k.p.r.p.TestFile    Now processing file /home/runner/work/key/key/key.core/../key.ui/examples/InformationFlow/MiniExamples/mini.MiniExamples(mini.MiniExamples__secure_p1_5()).Non-interference contract.0.key 
71876      DEBUG main            d.u.i.k.j.Recoder2KeY     converting now /home/runner/work/key/key/key.core/../key.ui/examples/InformationFlow/MiniExamples/src/mini/MiniExamples.java 
71877      DEBUG main            d.u.i.k.j.Recoder2KeY     converting now /home/runner/work/key/key/key.core/../key.ui/examples/InformationFlow/MiniExamples/src/mini/AliasingExamples.java 
71877      DEBUG main            d.u.i.k.j.Recoder2KeY     converting now /home/runner/work/key/key/key.core/../key.ui/examples/InformationFlow/MiniExamples/src/mini/DifferenceSeqLocset.java 
71878      DEBUG main            d.u.i.k.j.Recoder2KeY     converting now /home/runner/work/key/key/key.core/../key.ui/examples/InformationFlow/MiniExamples/src/mini/MiniExamplesLecture.java 
71882      DEBUG main            d.u.i.k.s.TermLabelSettings TermLabelSettings: Failure while reading the setting "UseOriginLabels".Using the default value: true.The string read was: null 
71882      DEBUG main            d.u.i.k.p.i.KeYFile       Reading KeY file /home/runner/work/key/key/key.core/../key.ui/examples/InformationFlow/MiniExamples/mini.MiniExamples(mini.MiniExamples__secure_p1_5()).Non-interference contract.0.key 
71883      DEBUG main            d.u.i.k.p.i.KeYFile       Reading KeY file file:/home/runner/work/key/key/key.core/build/resources/main/de/uka/ilkd/key/java/JavaRedux/java/lang/String.key 
71886      DEBUG main            d.u.i.k.p.i.KeYFile       Read specifications obtained when parsing the Java files (usually JML and Strings.key) from file:/home/runner/work/key/key/key.core/build/resources/main/de/uka/ilkd/key/java/JavaRedux/java/lang/String.key 
73443      DEBUG main            d.u.i.k.p.i.KeYFile       Read specifications obtained when parsing the Java files (usually JML and Strings.key) from /home/runner/work/key/key/key.core/../key.ui/examples/InformationFlow/MiniExamples/mini.MiniExamples(mini.MiniExamples__secure_p1_5()).Non-interference contract.0.key 
73522      DEBUG Thread-45       d.u.i.k.j.TypeConverter   TypeConverter: FieldReference: h; 
73538      DEBUG Thread-45       d.u.i.k.j.TypeConverter   TypeConverter: FieldReference: h; 
73557      DEBUG Thread-45       d.u.i.k.j.TypeConverter   TypeConverter: FieldReference: l; 
73564      DEBUG Thread-45       d.u.i.k.j.TypeConverter   TypeConverter: FieldReference: h; 
73591      DEBUG Thread-45       d.u.i.k.j.TypeConverter   TypeConverter: FieldReference: l; 
73597      DEBUG Thread-45       d.u.i.k.j.TypeConverter   TypeConverter: FieldReference: h; 
73615      DEBUG Thread-45       d.u.i.k.j.TypeConverter   TypeConverter: FieldReference: l; 
73638      DEBUG Thread-45       d.u.i.k.j.TypeConverter   TypeConverter: FieldReference: h; 
73656      DEBUG Thread-45       d.u.i.k.j.TypeConverter   TypeConverter: FieldReference: l; 
73663      DEBUG Thread-45       d.u.i.k.j.TypeConverter   TypeConverter: FieldReference: h; 
73689      DEBUG Thread-45       d.u.i.k.j.TypeConverter   TypeConverter: FieldReference: l; 
73695      DEBUG Thread-45       d.u.i.k.j.TypeConverter   TypeConverter: FieldReference: h; 
73713      DEBUG Thread-45       d.u.i.k.j.TypeConverter   TypeConverter: FieldReference: l; 
73720      DEBUG Thread-45       d.u.i.k.j.TypeConverter   TypeConverter: FieldReference: h; 
73783      INFO  main            d.u.i.k.p.r.p.TestFile    ... finished proof: closed. 
73986      DEBUG main            d.u.i.k.s.TermLabelSettings TermLabelSettings: Failure while reading the setting "UseOriginLabels".Using the default value: true.The string read was: null 
73986      INFO  main            d.u.i.k.p.r.p.TestFile    Now processing file /home/runner/work/key/key/key.core/../key.ui/examples/InformationFlow/MiniExamples/mini.MiniExamples(mini.MiniExamples__secure_p1_4()).Non-interference contract.0.key 
74768      DEBUG main            d.u.i.k.j.Recoder2KeY     converting now /home/runner/work/key/key/key.core/../key.ui/examples/InformationFlow/MiniExamples/src/mini/MiniExamples.java 
74769      DEBUG main            d.u.i.k.j.Recoder2KeY     converting now /home/runner/work/key/key/key.core/../key.ui/examples/InformationFlow/MiniExamples/src/mini/AliasingExamples.java 
74770      DEBUG main            d.u.i.k.j.Recoder2KeY     converting now /home/runner/work/key/key/key.core/../key.ui/examples/InformationFlow/MiniExamples/src/mini/DifferenceSeqLocset.java 
74771      DEBUG main            d.u.i.k.j.Recoder2KeY     converting now /home/runner/work/key/key/key.core/../key.ui/examples/InformationFlow/MiniExamples/src/mini/MiniExamplesLecture.java 
74777      DEBUG main            d.u.i.k.s.TermLabelSettings TermLabelSettings: Failure while reading the setting "UseOriginLabels".Using the default value: true.The string read was: null 
74777      DEBUG main            d.u.i.k.p.i.KeYFile       Reading KeY file /home/runner/work/key/key/key.core/../key.ui/examples/InformationFlow/MiniExamples/mini.MiniExamples(mini.MiniExamples__secure_p1_4()).Non-interference contract.0.key 
74781      DEBUG main            d.u.i.k.p.i.KeYFile       Reading KeY file file:/home/runner/work/key/key/key.core/build/resources/main/de/uka/ilkd/key/java/JavaRedux/java/lang/String.key 
74784      DEBUG main            d.u.i.k.p.i.KeYFile       Read specifications obtained when parsing the Java files (usually JML and Strings.key) from file:/home/runner/work/key/key/key.core/build/resources/main/de/uka/ilkd/key/java/JavaRedux/java/lang/String.key 
76345      DEBUG main            d.u.i.k.p.i.KeYFile       Read specifications obtained when parsing the Java files (usually JML and Strings.key) from /home/runner/work/key/key/key.core/../key.ui/examples/InformationFlow/MiniExamples/mini.MiniExamples(mini.MiniExamples__secure_p1_4()).Non-interference contract.0.key 
76429      DEBUG Thread-47       d.u.i.k.j.TypeConverter   TypeConverter: FieldReference: h; 
76444      DEBUG Thread-47       d.u.i.k.j.TypeConverter   TypeConverter: FieldReference: h; 
76487      DEBUG Thread-47       d.u.i.k.j.TypeConverter   TypeConverter: FieldReference: l; 
76490      DEBUG Thread-47       d.u.i.k.j.TypeConverter   TypeConverter: FieldReference: h; 
76496      DEBUG Thread-47       d.u.i.k.j.TypeConverter   TypeConverter: FieldReference: h; 
76505      DEBUG Thread-47       d.u.i.k.j.TypeConverter   TypeConverter: FieldReference: l; 
76523      DEBUG Thread-47       d.u.i.k.j.TypeConverter   TypeConverter: FieldReference: l; 
76525      DEBUG Thread-47       d.u.i.k.j.TypeConverter   TypeConverter: FieldReference: h; 
76532      DEBUG Thread-47       d.u.i.k.j.TypeConverter   TypeConverter: FieldReference: h; 
76540      DEBUG Thread-47       d.u.i.k.j.TypeConverter   TypeConverter: FieldReference: l; 
76572      DEBUG Thread-47       d.u.i.k.j.TypeConverter   TypeConverter: FieldReference: l; 
76575      DEBUG Thread-47       d.u.i.k.j.TypeConverter   TypeConverter: FieldReference: h; 
76580      DEBUG Thread-47       d.u.i.k.j.TypeConverter   TypeConverter: FieldReference: h; 
76588      DEBUG Thread-47       d.u.i.k.j.TypeConverter   TypeConverter: FieldReference: l; 
76694      INFO  main            d.u.i.k.p.r.p.TestFile    ... finished proof: closed. 
76882      DEBUG main            d.u.i.k.s.TermLabelSettings TermLabelSettings: Failure while reading the setting "UseOriginLabels".Using the default value: true.The string read was: null 
76882      INFO  main            d.u.i.k.p.r.p.TestFile    Now processing file /home/runner/work/key/key/key.core/../key.ui/examples/InformationFlow/MiniExamples/mini.MiniExamples(mini.MiniExamples__secure_p1_3()).Non-interference contract.0.key 
77646      DEBUG main            d.u.i.k.j.Recoder2KeY     converting now /home/runner/work/key/key/key.core/../key.ui/examples/InformationFlow/MiniExamples/src/mini/MiniExamples.java 
77648      DEBUG main            d.u.i.k.j.Recoder2KeY     converting now /home/runner/work/key/key/key.core/../key.ui/examples/InformationFlow/MiniExamples/src/mini/AliasingExamples.java 
77648      DEBUG main            d.u.i.k.j.Recoder2KeY     converting now /home/runner/work/key/key/key.core/../key.ui/examples/InformationFlow/MiniExamples/src/mini/DifferenceSeqLocset.java 
77649      DEBUG main            d.u.i.k.j.Recoder2KeY     converting now /home/runner/work/key/key/key.core/../key.ui/examples/InformationFlow/MiniExamples/src/mini/MiniExamplesLecture.java 
77653      DEBUG main            d.u.i.k.s.TermLabelSettings TermLabelSettings: Failure while reading the setting "UseOriginLabels".Using the default value: true.The string read was: null 
77653      DEBUG main            d.u.i.k.p.i.KeYFile       Reading KeY file /home/runner/work/key/key/key.core/../key.ui/examples/InformationFlow/MiniExamples/mini.MiniExamples(mini.MiniExamples__secure_p1_3()).Non-interference contract.0.key 
77654      DEBUG main            d.u.i.k.p.i.KeYFile       Reading KeY file file:/home/runner/work/key/key/key.core/build/resources/main/de/uka/ilkd/key/java/JavaRedux/java/lang/String.key 
77656      DEBUG main            d.u.i.k.p.i.KeYFile       Read specifications obtained when parsing the Java files (usually JML and Strings.key) from file:/home/runner/work/key/key/key.core/build/resources/main/de/uka/ilkd/key/java/JavaRedux/java/lang/String.key 
79222      DEBUG main            d.u.i.k.p.i.KeYFile       Read specifications obtained when parsing the Java files (usually JML and Strings.key) from /home/runner/work/key/key/key.core/../key.ui/examples/InformationFlow/MiniExamples/mini.MiniExamples(mini.MiniExamples__secure_p1_3()).Non-interference contract.0.key 
79295      DEBUG Thread-49       d.u.i.k.j.TypeConverter   TypeConverter: FieldReference: h; 
79300      DEBUG Thread-49       d.u.i.k.j.TypeConverter   TypeConverter: FieldReference: h; 
79308      DEBUG Thread-49       d.u.i.k.j.TypeConverter   TypeConverter: FieldReference: l; 
79316      DEBUG Thread-49       d.u.i.k.j.TypeConverter   TypeConverter: FieldReference: h; 
79321      DEBUG Thread-49       d.u.i.k.j.TypeConverter   TypeConverter: FieldReference: h; 
79328      DEBUG Thread-49       d.u.i.k.j.TypeConverter   TypeConverter: FieldReference: l; 
79360      INFO  main            d.u.i.k.p.r.p.TestFile    ... finished proof: closed. 
79531      DEBUG main            d.u.i.k.s.TermLabelSettings TermLabelSettings: Failure while reading the setting "UseOriginLabels".Using the default value: true.The string read was: null 
79532      INFO  main            d.u.i.k.p.r.p.TestFile    Now processing file /home/runner/work/key/key/key.core/../key.ui/examples/InformationFlow/MiniExamples/mini.MiniExamples(mini.MiniExamples__secure_p1_2()).Non-interference contract.0.key 
80293      DEBUG main            d.u.i.k.j.Recoder2KeY     converting now /home/runner/work/key/key/key.core/../key.ui/examples/InformationFlow/MiniExamples/src/mini/MiniExamples.java 
80294      DEBUG main            d.u.i.k.j.Recoder2KeY     converting now /home/runner/work/key/key/key.core/../key.ui/examples/InformationFlow/MiniExamples/src/mini/AliasingExamples.java 
80295      DEBUG main            d.u.i.k.j.Recoder2KeY     converting now /home/runner/work/key/key/key.core/../key.ui/examples/InformationFlow/MiniExamples/src/mini/DifferenceSeqLocset.java 
80295      DEBUG main            d.u.i.k.j.Recoder2KeY     converting now /home/runner/work/key/key/key.core/../key.ui/examples/InformationFlow/MiniExamples/src/mini/MiniExamplesLecture.java 
80299      DEBUG main            d.u.i.k.s.TermLabelSettings TermLabelSettings: Failure while reading the setting "UseOriginLabels".Using the default value: true.The string read was: null 
80299      DEBUG main            d.u.i.k.p.i.KeYFile       Reading KeY file /home/runner/work/key/key/key.core/../key.ui/examples/InformationFlow/MiniExamples/mini.MiniExamples(mini.MiniExamples__secure_p1_2()).Non-interference contract.0.key 
80300      DEBUG main            d.u.i.k.p.i.KeYFile       Reading KeY file file:/home/runner/work/key/key/key.core/build/resources/main/de/uka/ilkd/key/java/JavaRedux/java/lang/String.key 
80303      DEBUG main            d.u.i.k.p.i.KeYFile       Read specifications obtained when parsing the Java files (usually JML and Strings.key) from file:/home/runner/work/key/key/key.core/build/resources/main/de/uka/ilkd/key/java/JavaRedux/java/lang/String.key 
81886      DEBUG main            d.u.i.k.p.i.KeYFile       Read specifications obtained when parsing the Java files (usually JML and Strings.key) from /home/runner/work/key/key/key.core/../key.ui/examples/InformationFlow/MiniExamples/mini.MiniExamples(mini.MiniExamples__secure_p1_2()).Non-interference contract.0.key 
81968      DEBUG Thread-51       d.u.i.k.j.TypeConverter   TypeConverter: FieldReference: h; 
81983      DEBUG Thread-51       d.u.i.k.j.TypeConverter   TypeConverter: FieldReference: h; 
82002      DEBUG Thread-51       d.u.i.k.j.TypeConverter   TypeConverter: FieldReference: l; 
82009      DEBUG Thread-51       d.u.i.k.j.TypeConverter   TypeConverter: FieldReference: l; 
82031      DEBUG Thread-51       d.u.i.k.j.TypeConverter   TypeConverter: FieldReference: l; 
82038      DEBUG Thread-51       d.u.i.k.j.TypeConverter   TypeConverter: FieldReference: l; 
82053      DEBUG Thread-51       d.u.i.k.j.TypeConverter   TypeConverter: FieldReference: l; 
82059      DEBUG Thread-51       d.u.i.k.j.TypeConverter   TypeConverter: FieldReference: l; 
82072      DEBUG Thread-51       d.u.i.k.j.TypeConverter   TypeConverter: FieldReference: l; 
82078      DEBUG Thread-51       d.u.i.k.j.TypeConverter   TypeConverter: FieldReference: l; 
82098      DEBUG Thread-51       d.u.i.k.j.TypeConverter   TypeConverter: FieldReference: l; 
82105      DEBUG Thread-51       d.u.i.k.j.TypeConverter   TypeConverter: FieldReference: l; 
82119      DEBUG Thread-51       d.u.i.k.j.TypeConverter   TypeConverter: FieldReference: l; 
82125      DEBUG Thread-51       d.u.i.k.j.TypeConverter   TypeConverter: FieldReference: l; 
82234      INFO  main            d.u.i.k.p.r.p.TestFile    ... finished proof: closed. 
82418      DEBUG main            d.u.i.k.s.TermLabelSettings TermLabelSettings: Failure while reading the setting "UseOriginLabels".Using the default value: true.The string read was: null 
82418      INFO  main            d.u.i.k.p.r.p.TestFile    Now processing file /home/runner/work/key/key/key.core/../key.ui/examples/InformationFlow/MiniExamples/mini.MiniExamples(mini.MiniExamples__secure_p1_1()).Non-interference contract.1.key 
83187      DEBUG main            d.u.i.k.j.Recoder2KeY     converting now /home/runner/work/key/key/key.core/../key.ui/examples/InformationFlow/MiniExamples/src/mini/MiniExamples.java 
83188      DEBUG main            d.u.i.k.j.Recoder2KeY     converting now /home/runner/work/key/key/key.core/../key.ui/examples/InformationFlow/MiniExamples/src/mini/AliasingExamples.java 
83189      DEBUG main            d.u.i.k.j.Recoder2KeY     converting now /home/runner/work/key/key/key.core/../key.ui/examples/InformationFlow/MiniExamples/src/mini/DifferenceSeqLocset.java 
83190      DEBUG main            d.u.i.k.j.Recoder2KeY     converting now /home/runner/work/key/key/key.core/../key.ui/examples/InformationFlow/MiniExamples/src/mini/MiniExamplesLecture.java 
83194      DEBUG main            d.u.i.k.s.TermLabelSettings TermLabelSettings: Failure while reading the setting "UseOriginLabels".Using the default value: true.The string read was: null 
83194      DEBUG main            d.u.i.k.p.i.KeYFile       Reading KeY file /home/runner/work/key/key/key.core/../key.ui/examples/InformationFlow/MiniExamples/mini.MiniExamples(mini.MiniExamples__secure_p1_1()).Non-interference contract.1.key 
83195      DEBUG main            d.u.i.k.p.i.KeYFile       Reading KeY file file:/home/runner/work/key/key/key.core/build/resources/main/de/uka/ilkd/key/java/JavaRedux/java/lang/String.key 
83197      DEBUG main            d.u.i.k.p.i.KeYFile       Read specifications obtained when parsing the Java files (usually JML and Strings.key) from file:/home/runner/work/key/key/key.core/build/resources/main/de/uka/ilkd/key/java/JavaRedux/java/lang/String.key 
84774      DEBUG main            d.u.i.k.p.i.KeYFile       Read specifications obtained when parsing the Java files (usually JML and Strings.key) from /home/runner/work/key/key/key.core/../key.ui/examples/InformationFlow/MiniExamples/mini.MiniExamples(mini.MiniExamples__secure_p1_1()).Non-interference contract.1.key 
84846      DEBUG Thread-53       d.u.i.k.j.TypeConverter   TypeConverter: FieldReference: l; 
84860      DEBUG Thread-53       d.u.i.k.j.TypeConverter   TypeConverter: FieldReference: l; 
84883      DEBUG Thread-53       d.u.i.k.j.TypeConverter   TypeConverter: FieldReference: h; 
84908      DEBUG Thread-53       d.u.i.k.j.TypeConverter   TypeConverter: FieldReference: h; 
84929      DEBUG Thread-53       d.u.i.k.j.TypeConverter   TypeConverter: FieldReference: h; 
84955      DEBUG Thread-53       d.u.i.k.j.TypeConverter   TypeConverter: FieldReference: h; 
85012      INFO  main            d.u.i.k.p.r.p.TestFile    ... finished proof: closed. 
85205      DEBUG main            d.u.i.k.s.TermLabelSettings TermLabelSettings: Failure while reading the setting "UseOriginLabels".Using the default value: true.The string read was: null 
85205      INFO  main            d.u.i.k.p.r.p.TestFile    Now processing file /home/runner/work/key/key/key.core/../key.ui/examples/InformationFlow/MiniExamples/mini.MiniExamples(mini.MiniExamples__secure_p1_1()).Non-interference contract.0.key 
86016      DEBUG main            d.u.i.k.j.Recoder2KeY     converting now /home/runner/work/key/key/key.core/../key.ui/examples/InformationFlow/MiniExamples/src/mini/MiniExamples.java 
86017      DEBUG main            d.u.i.k.j.Recoder2KeY     converting now /home/runner/work/key/key/key.core/../key.ui/examples/InformationFlow/MiniExamples/src/mini/AliasingExamples.java 
86018      DEBUG main            d.u.i.k.j.Recoder2KeY     converting now /home/runner/work/key/key/key.core/../key.ui/examples/InformationFlow/MiniExamples/src/mini/DifferenceSeqLocset.java 
86018      DEBUG main            d.u.i.k.j.Recoder2KeY     converting now /home/runner/work/key/key/key.core/../key.ui/examples/InformationFlow/MiniExamples/src/mini/MiniExamplesLecture.java 
86022      DEBUG main            d.u.i.k.s.TermLabelSettings TermLabelSettings: Failure while reading the setting "UseOriginLabels".Using the default value: true.The string read was: null 
86022      DEBUG main            d.u.i.k.p.i.KeYFile       Reading KeY file /home/runner/work/key/key/key.core/../key.ui/examples/InformationFlow/MiniExamples/mini.MiniExamples(mini.MiniExamples__secure_p1_1()).Non-interference contract.0.key 
86023      DEBUG main            d.u.i.k.p.i.KeYFile       Reading KeY file file:/home/runner/work/key/key/key.core/build/resources/main/de/uka/ilkd/key/java/JavaRedux/java/lang/String.key 
86025      DEBUG main            d.u.i.k.p.i.KeYFile       Read specifications obtained when parsing the Java files (usually JML and Strings.key) from file:/home/runner/work/key/key/key.core/build/resources/main/de/uka/ilkd/key/java/JavaRedux/java/lang/String.key 
87562      DEBUG main            d.u.i.k.p.i.KeYFile       Read specifications obtained when parsing the Java files (usually JML and Strings.key) from /home/runner/work/key/key/key.core/../key.ui/examples/InformationFlow/MiniExamples/mini.MiniExamples(mini.MiniExamples__secure_p1_1()).Non-interference contract.0.key 
87633      DEBUG Thread-55       d.u.i.k.j.TypeConverter   TypeConverter: FieldReference: l; 
87648      DEBUG Thread-55       d.u.i.k.j.TypeConverter   TypeConverter: FieldReference: l; 
87669      DEBUG Thread-55       d.u.i.k.j.TypeConverter   TypeConverter: FieldReference: h; 
87690      DEBUG Thread-55       d.u.i.k.j.TypeConverter   TypeConverter: FieldReference: h; 
87707      DEBUG Thread-55       d.u.i.k.j.TypeConverter   TypeConverter: FieldReference: h; 
87727      DEBUG Thread-55       d.u.i.k.j.TypeConverter   TypeConverter: FieldReference: h; 
87800      INFO  main            d.u.i.k.p.r.p.TestFile    ... finished proof: closed. 
87992      DEBUG main            d.u.i.k.s.TermLabelSettings TermLabelSettings: Failure while reading the setting "UseOriginLabels".Using the default value: true.The string read was: null 
87992      INFO  main            d.u.i.k.p.r.p.TestFile    Now processing file /home/runner/work/key/key/key.core/../key.ui/examples/InformationFlow/MiniExamples/mini.MiniExamples(mini.MiniExamples__insecure_p1_2()).Non-interference contract.0.key 
88751      DEBUG main            d.u.i.k.j.Recoder2KeY     converting now /home/runner/work/key/key/key.core/../key.ui/examples/InformationFlow/MiniExamples/src/mini/MiniExamples.java 
88752      DEBUG main            d.u.i.k.j.Recoder2KeY     converting now /home/runner/work/key/key/key.core/../key.ui/examples/InformationFlow/MiniExamples/src/mini/AliasingExamples.java 
88753      DEBUG main            d.u.i.k.j.Recoder2KeY     converting now /home/runner/work/key/key/key.core/../key.ui/examples/InformationFlow/MiniExamples/src/mini/DifferenceSeqLocset.java 
88753      DEBUG main            d.u.i.k.j.Recoder2KeY     converting now /home/runner/work/key/key/key.core/../key.ui/examples/InformationFlow/MiniExamples/src/mini/MiniExamplesLecture.java 
88757      DEBUG main            d.u.i.k.s.TermLabelSettings TermLabelSettings: Failure while reading the setting "UseOriginLabels".Using the default value: true.The string read was: null 
88757      DEBUG main            d.u.i.k.p.i.KeYFile       Reading KeY file /home/runner/work/key/key/key.core/../key.ui/examples/InformationFlow/MiniExamples/mini.MiniExamples(mini.MiniExamples__insecure_p1_2()).Non-interference contract.0.key 
88758      DEBUG main            d.u.i.k.p.i.KeYFile       Reading KeY file file:/home/runner/work/key/key/key.core/build/resources/main/de/uka/ilkd/key/java/JavaRedux/java/lang/String.key 
88760      DEBUG main            d.u.i.k.p.i.KeYFile       Read specifications obtained when parsing the Java files (usually JML and Strings.key) from file:/home/runner/work/key/key/key.core/build/resources/main/de/uka/ilkd/key/java/JavaRedux/java/lang/String.key 
90305      DEBUG main            d.u.i.k.p.i.KeYFile       Read specifications obtained when parsing the Java files (usually JML and Strings.key) from /home/runner/work/key/key/key.core/../key.ui/examples/InformationFlow/MiniExamples/mini.MiniExamples(mini.MiniExamples__insecure_p1_2()).Non-interference contract.0.key 
90387      DEBUG Thread-57       d.u.i.k.j.TypeConverter   TypeConverter: FieldReference: h; 
90402      DEBUG Thread-57       d.u.i.k.j.TypeConverter   TypeConverter: FieldReference: h; 
90420      DEBUG Thread-57       d.u.i.k.j.TypeConverter   TypeConverter: FieldReference: l; 
90443      DEBUG Thread-57       d.u.i.k.j.TypeConverter   TypeConverter: FieldReference: l; 
90458      DEBUG Thread-57       d.u.i.k.j.TypeConverter   TypeConverter: FieldReference: l; 
90475      DEBUG Thread-57       d.u.i.k.j.TypeConverter   TypeConverter: FieldReference: l; 
90497      DEBUG Thread-57       d.u.i.k.j.TypeConverter   TypeConverter: FieldReference: l; 
90514      DEBUG Thread-57       d.u.i.k.j.TypeConverter   TypeConverter: FieldReference: l; 
90555      INFO  main            d.u.i.k.p.r.p.TestFile    ... finished proof: open goal(s) 
90743      DEBUG main            d.u.i.k.s.TermLabelSettings TermLabelSettings: Failure while reading the setting "UseOriginLabels".Using the default value: true.The string read was: null 
90743      INFO  main            d.u.i.k.p.r.p.TestFile    Now processing file /home/runner/work/key/key/key.core/../key.ui/examples/InformationFlow/MiniExamples/mini.MiniExamples(mini.MiniExamples__insecure_p1_1()).Non-interference contract.0.key 
91503      DEBUG main            d.u.i.k.j.Recoder2KeY     converting now /home/runner/work/key/key/key.core/../key.ui/examples/InformationFlow/MiniExamples/src/mini/MiniExamples.java 
91503      DEBUG main            d.u.i.k.j.Recoder2KeY     converting now /home/runner/work/key/key/key.core/../key.ui/examples/InformationFlow/MiniExamples/src/mini/AliasingExamples.java 
91504      DEBUG main            d.u.i.k.j.Recoder2KeY     converting now /home/runner/work/key/key/key.core/../key.ui/examples/InformationFlow/MiniExamples/src/mini/DifferenceSeqLocset.java 
91505      DEBUG main            d.u.i.k.j.Recoder2KeY     converting now /home/runner/work/key/key/key.core/../key.ui/examples/InformationFlow/MiniExamples/src/mini/MiniExamplesLecture.java 
91508      DEBUG main            d.u.i.k.s.TermLabelSettings TermLabelSettings: Failure while reading the setting "UseOriginLabels".Using the default value: true.The string read was: null 
91508      DEBUG main            d.u.i.k.p.i.KeYFile       Reading KeY file /home/runner/work/key/key/key.core/../key.ui/examples/InformationFlow/MiniExamples/mini.MiniExamples(mini.MiniExamples__insecure_p1_1()).Non-interference contract.0.key 
91509      DEBUG main            d.u.i.k.p.i.KeYFile       Reading KeY file file:/home/runner/work/key/key/key.core/build/resources/main/de/uka/ilkd/key/java/JavaRedux/java/lang/String.key 
91512      DEBUG main            d.u.i.k.p.i.KeYFile       Read specifications obtained when parsing the Java files (usually JML and Strings.key) from file:/home/runner/work/key/key/key.core/build/resources/main/de/uka/ilkd/key/java/JavaRedux/java/lang/String.key 
93068      DEBUG main            d.u.i.k.p.i.KeYFile       Read specifications obtained when parsing the Java files (usually JML and Strings.key) from /home/runner/work/key/key/key.core/../key.ui/examples/InformationFlow/MiniExamples/mini.MiniExamples(mini.MiniExamples__insecure_p1_1()).Non-interference contract.0.key 
93139      DEBUG Thread-59       d.u.i.k.j.TypeConverter   TypeConverter: FieldReference: h; 
93141      DEBUG Thread-59       d.u.i.k.j.TypeConverter   TypeConverter: FieldReference: l; 
93148      DEBUG Thread-59       d.u.i.k.j.TypeConverter   TypeConverter: FieldReference: h; 
93150      DEBUG Thread-59       d.u.i.k.j.TypeConverter   TypeConverter: FieldReference: l; 
93205      INFO  main            d.u.i.k.p.r.p.TestFile    ... finished proof: open goal(s) 
1156450    INFO  Test worker     d.u.i.k.p.r.RunAllProofsTestUnit Returning from test MiniExamples_nomacro 
1156451    INFO  Test worker     d.u.i.k.p.r.RunAllProofsTestUnit Running test NewObjects_nomacro 
355        INFO  Timeout watchdog d.u.i.k.p.r.p.ForkedTestFileRunner Timeout watcher launched (1000 secs.) 
355        WARN  main            d.u.i.k.s.ProofSettings   The settings in /home/runner/.key/proof-settings.props are *not* read. 
384        DEBUG main            d.u.i.k.s.TermLabelSettings TermLabelSettings: Failure while reading the setting "UseOriginLabels".Using the default value: true.The string read was: null 
384        INFO  main            d.u.i.k.p.r.p.TestFile    Now processing file /home/runner/work/key/key/key.core/../key.ui/examples/InformationFlow/NewObjects/object.AmtoftBanerjee3(object.AmtoftBanerjee3__m()).Non-interference contract.0.key 
1059       DEBUG main            d.u.i.k.p.i.KeYFile       Reading KeY file file:/home/runner/work/key/key/key.core/build/resources/main/de/uka/ilkd/key/proof/rules/ldt.key 
1060       DEBUG main            d.u.i.k.p.i.KeYFile       Read specifications obtained when parsing the Java files (usually JML and Strings.key) from file:/home/runner/work/key/key/key.core/build/resources/main/de/uka/ilkd/key/proof/rules/ldt.key 
1068       DEBUG main            d.u.i.k.p.i.KeYFile       Reading KeY file file:/home/runner/work/key/key/key.core/build/resources/main/de/uka/ilkd/key/proof/rules/propRule.key 
1068       DEBUG main            d.u.i.k.p.i.KeYFile       Read specifications obtained when parsing the Java files (usually JML and Strings.key) from file:/home/runner/work/key/key/key.core/build/resources/main/de/uka/ilkd/key/proof/rules/propRule.key 
1104       DEBUG main            d.u.i.k.p.i.KeYFile       Reading KeY file file:/home/runner/work/key/key/key.core/build/resources/main/de/uka/ilkd/key/proof/rules/firstOrderRules.key 
1104       DEBUG main            d.u.i.k.p.i.KeYFile       Read specifications obtained when parsing the Java files (usually JML and Strings.key) from file:/home/runner/work/key/key/key.core/build/resources/main/de/uka/ilkd/key/proof/rules/firstOrderRules.key 
1143       DEBUG main            d.u.i.k.p.i.KeYFile       Reading KeY file file:/home/runner/work/key/key/key.core/build/resources/main/de/uka/ilkd/key/proof/rules/ifThenElseRules.key 
1143       DEBUG main            d.u.i.k.p.i.KeYFile       Read specifications obtained when parsing the Java files (usually JML and Strings.key) from file:/home/runner/work/key/key/key.core/build/resources/main/de/uka/ilkd/key/proof/rules/ifThenElseRules.key 
1219       DEBUG main            d.u.i.k.p.i.KeYFile       Reading KeY file file:/home/runner/work/key/key/key.core/build/resources/main/de/uka/ilkd/key/proof/rules/formulaNormalisationRules.key 
1220       DEBUG main            d.u.i.k.p.i.KeYFile       Read specifications obtained when parsing the Java files (usually JML and Strings.key) from file:/home/runner/work/key/key/key.core/build/resources/main/de/uka/ilkd/key/proof/rules/formulaNormalisationRules.key 
1313       DEBUG main            d.u.i.k.p.i.KeYFile       Reading KeY file file:/home/runner/work/key/key/key.core/build/resources/main/de/uka/ilkd/key/proof/rules/updateRules.key 
1313       DEBUG main            d.u.i.k.p.i.KeYFile       Read specifications obtained when parsing the Java files (usually JML and Strings.key) from file:/home/runner/work/key/key/key.core/build/resources/main/de/uka/ilkd/key/proof/rules/updateRules.key 
1325       DEBUG main            d.u.i.k.p.i.KeYFile       Reading KeY file file:/home/runner/work/key/key/key.core/build/resources/main/de/uka/ilkd/key/proof/rules/integerRulesCommon.key 
1328       DEBUG main            d.u.i.k.p.i.KeYFile       Read specifications obtained when parsing the Java files (usually JML and Strings.key) from file:/home/runner/work/key/key/key.core/build/resources/main/de/uka/ilkd/key/proof/rules/integerRulesCommon.key 
1445       DEBUG main            d.u.i.k.p.i.KeYFile       Reading KeY file file:/home/runner/work/key/key/key.core/build/resources/main/de/uka/ilkd/key/proof/rules/intRules.key 
1445       DEBUG main            d.u.i.k.p.i.KeYFile       Read specifications obtained when parsing the Java files (usually JML and Strings.key) from file:/home/runner/work/key/key/key.core/build/resources/main/de/uka/ilkd/key/proof/rules/intRules.key 
1471       DEBUG main            d.u.i.k.p.i.KeYFile       Reading KeY file file:/home/runner/work/key/key/key.core/build/resources/main/de/uka/ilkd/key/proof/rules/intRulesUncheckedSemantics.key 
1472       DEBUG main            d.u.i.k.p.i.KeYFile       Read specifications obtained when parsing the Java files (usually JML and Strings.key) from file:/home/runner/work/key/key/key.core/build/resources/main/de/uka/ilkd/key/proof/rules/intRulesUncheckedSemantics.key 
1479       DEBUG main            d.u.i.k.p.i.KeYFile       Reading KeY file file:/home/runner/work/key/key/key.core/build/resources/main/de/uka/ilkd/key/proof/rules/intRulesCheckedSemantics.key 
1479       DEBUG main            d.u.i.k.p.i.KeYFile       Read specifications obtained when parsing the Java files (usually JML and Strings.key) from file:/home/runner/work/key/key/key.core/build/resources/main/de/uka/ilkd/key/proof/rules/intRulesCheckedSemantics.key 
1486       DEBUG main            d.u.i.k.p.i.KeYFile       Reading KeY file file:/home/runner/work/key/key/key.core/build/resources/main/de/uka/ilkd/key/proof/rules/intRulesJavaSemantics.key 
1486       DEBUG main            d.u.i.k.p.i.KeYFile       Read specifications obtained when parsing the Java files (usually JML and Strings.key) from file:/home/runner/work/key/key/key.core/build/resources/main/de/uka/ilkd/key/proof/rules/intRulesJavaSemantics.key 
1655       DEBUG main            d.u.i.k.p.i.KeYFile       Reading KeY file file:/home/runner/work/key/key/key.core/build/resources/main/de/uka/ilkd/key/proof/rules/integerSimplificationRules.key 
1657       DEBUG main            d.u.i.k.p.i.KeYFile       Read specifications obtained when parsing the Java files (usually JML and Strings.key) from file:/home/runner/work/key/key/key.core/build/resources/main/de/uka/ilkd/key/proof/rules/integerSimplificationRules.key 
1757       DEBUG main            d.u.i.k.j.TypeConverter   No LDT found for Meta 
1757       DEBUG main            d.u.i.k.j.TypeConverter   No LDT found for Meta 
1760       DEBUG main            d.u.i.k.j.TypeConverter   No LDT found for Meta 
1760       DEBUG main            d.u.i.k.j.TypeConverter   No LDT found for Meta 
1810       DEBUG main            d.u.i.k.p.i.KeYFile       Reading KeY file file:/home/runner/work/key/key/key.core/build/resources/main/de/uka/ilkd/key/proof/rules/intDiv.key 
1811       DEBUG main            d.u.i.k.p.i.KeYFile       Read specifications obtained when parsing the Java files (usually JML and Strings.key) from file:/home/runner/work/key/key/key.core/build/resources/main/de/uka/ilkd/key/proof/rules/intDiv.key 
1992       DEBUG main            d.u.i.k.p.i.KeYFile       Reading KeY file file:/home/runner/work/key/key/key.core/build/resources/main/de/uka/ilkd/key/proof/rules/bsum.key 
1993       DEBUG main            d.u.i.k.p.i.KeYFile       Read specifications obtained when parsing the Java files (usually JML and Strings.key) from file:/home/runner/work/key/key/key.core/build/resources/main/de/uka/ilkd/key/proof/rules/bsum.key 
2094       DEBUG main            d.u.i.k.p.i.KeYFile       Reading KeY file file:/home/runner/work/key/key/key.core/build/resources/main/de/uka/ilkd/key/proof/rules/bprod.key 
2095       DEBUG main            d.u.i.k.p.i.KeYFile       Read specifications obtained when parsing the Java files (usually JML and Strings.key) from file:/home/runner/work/key/key/key.core/build/resources/main/de/uka/ilkd/key/proof/rules/bprod.key 
2108       DEBUG main            d.u.i.k.p.i.KeYFile       Reading KeY file file:/home/runner/work/key/key/key.core/build/resources/main/de/uka/ilkd/key/proof/rules/binaryAxioms.key 
2110       DEBUG main            d.u.i.k.p.i.KeYFile       Read specifications obtained when parsing the Java files (usually JML and Strings.key) from file:/home/runner/work/key/key/key.core/build/resources/main/de/uka/ilkd/key/proof/rules/binaryAxioms.key 
2114       DEBUG main            d.u.i.k.p.i.KeYFile       Reading KeY file file:/home/runner/work/key/key/key.core/build/resources/main/de/uka/ilkd/key/proof/rules/binaryLemmas.key 
2115       DEBUG main            d.u.i.k.p.i.KeYFile       Read specifications obtained when parsing the Java files (usually JML and Strings.key) from file:/home/runner/work/key/key/key.core/build/resources/main/de/uka/ilkd/key/proof/rules/binaryLemmas.key 
2133       DEBUG main            d.u.i.k.p.i.KeYFile       Reading KeY file file:/home/runner/work/key/key/key.core/build/resources/main/de/uka/ilkd/key/proof/rules/intPow.key 
2133       DEBUG main            d.u.i.k.p.i.KeYFile       Read specifications obtained when parsing the Java files (usually JML and Strings.key) from file:/home/runner/work/key/key/key.core/build/resources/main/de/uka/ilkd/key/proof/rules/intPow.key 
2153       DEBUG main            d.u.i.k.p.i.KeYFile       Reading KeY file file:/home/runner/work/key/key/key.core/build/resources/main/de/uka/ilkd/key/proof/rules/floatRulesCommon.key 
2153       DEBUG main            d.u.i.k.p.i.KeYFile       Read specifications obtained when parsing the Java files (usually JML and Strings.key) from file:/home/runner/work/key/key/key.core/build/resources/main/de/uka/ilkd/key/proof/rules/floatRulesCommon.key 
2167       DEBUG main            d.u.i.k.p.i.KeYFile       Reading KeY file file:/home/runner/work/key/key/key.core/build/resources/main/de/uka/ilkd/key/proof/rules/floatRules.key 
2167       DEBUG main            d.u.i.k.p.i.KeYFile       Read specifications obtained when parsing the Java files (usually JML and Strings.key) from file:/home/runner/work/key/key/key.core/build/resources/main/de/uka/ilkd/key/proof/rules/floatRules.key 
2168       DEBUG main            d.u.i.k.p.i.KeYFile       Reading KeY file file:/home/runner/work/key/key/key.core/build/resources/main/de/uka/ilkd/key/proof/rules/floatRulesVerifyNormal.key 
2168       DEBUG main            d.u.i.k.p.i.KeYFile       Read specifications obtained when parsing the Java files (usually JML and Strings.key) from file:/home/runner/work/key/key/key.core/build/resources/main/de/uka/ilkd/key/proof/rules/floatRulesVerifyNormal.key 
2173       DEBUG main            d.u.i.k.p.i.KeYFile       Reading KeY file file:/home/runner/work/key/key/key.core/build/resources/main/de/uka/ilkd/key/proof/rules/floatRulesAssumeStrictfp.key 
2173       DEBUG main            d.u.i.k.p.i.KeYFile       Read specifications obtained when parsing the Java files (usually JML and Strings.key) from file:/home/runner/work/key/key/key.core/build/resources/main/de/uka/ilkd/key/proof/rules/floatRulesAssumeStrictfp.key 
2215       DEBUG main            d.u.i.k.p.i.KeYFile       Reading KeY file file:/home/runner/work/key/key/key.core/build/resources/main/de/uka/ilkd/key/proof/rules/genericRules.key 
2215       DEBUG main            d.u.i.k.p.i.KeYFile       Read specifications obtained when parsing the Java files (usually JML and Strings.key) from file:/home/runner/work/key/key/key.core/build/resources/main/de/uka/ilkd/key/proof/rules/genericRules.key 
2226       DEBUG main            d.u.i.k.p.i.KeYFile       Reading KeY file file:/home/runner/work/key/key/key.core/build/resources/main/de/uka/ilkd/key/proof/rules/booleanRules.key 
2226       DEBUG main            d.u.i.k.p.i.KeYFile       Read specifications obtained when parsing the Java files (usually JML and Strings.key) from file:/home/runner/work/key/key/key.core/build/resources/main/de/uka/ilkd/key/proof/rules/booleanRules.key 
2232       DEBUG main            d.u.i.k.p.i.KeYFile       Reading KeY file file:/home/runner/work/key/key/key.core/build/resources/main/de/uka/ilkd/key/proof/rules/epsilon.key 
2232       DEBUG main            d.u.i.k.p.i.KeYFile       Read specifications obtained when parsing the Java files (usually JML and Strings.key) from file:/home/runner/work/key/key/key.core/build/resources/main/de/uka/ilkd/key/proof/rules/epsilon.key 
2287       DEBUG main            d.u.i.k.p.i.KeYFile       Reading KeY file file:/home/runner/work/key/key/key.core/build/resources/main/de/uka/ilkd/key/proof/rules/locSetsRules.key 
2287       DEBUG main            d.u.i.k.p.i.KeYFile       Read specifications obtained when parsing the Java files (usually JML and Strings.key) from file:/home/runner/work/key/key/key.core/build/resources/main/de/uka/ilkd/key/proof/rules/locSetsRules.key 
2344       DEBUG main            d.u.i.k.p.i.KeYFile       Reading KeY file file:/home/runner/work/key/key/key.core/build/resources/main/de/uka/ilkd/key/proof/rules/heapRules.key 
2344       DEBUG main            d.u.i.k.p.i.KeYFile       Read specifications obtained when parsing the Java files (usually JML and Strings.key) from file:/home/runner/work/key/key/key.core/build/resources/main/de/uka/ilkd/key/proof/rules/heapRules.key 
2381       DEBUG main            d.u.i.k.p.i.KeYFile       Reading KeY file file:/home/runner/work/key/key/key.core/build/resources/main/de/uka/ilkd/key/proof/rules/permissionRules.key 
2381       DEBUG main            d.u.i.k.p.i.KeYFile       Read specifications obtained when parsing the Java files (usually JML and Strings.key) from file:/home/runner/work/key/key/key.core/build/resources/main/de/uka/ilkd/key/proof/rules/permissionRules.key 
2427       DEBUG main            d.u.i.k.p.i.KeYFile       Reading KeY file file:/home/runner/work/key/key/key.core/build/resources/main/de/uka/ilkd/key/proof/rules/reachRules.key 
2428       DEBUG main            d.u.i.k.p.i.KeYFile       Read specifications obtained when parsing the Java files (usually JML and Strings.key) from file:/home/runner/work/key/key/key.core/build/resources/main/de/uka/ilkd/key/proof/rules/reachRules.key 
2442       DEBUG main            d.u.i.k.p.i.KeYFile       Reading KeY file file:/home/runner/work/key/key/key.core/build/resources/main/de/uka/ilkd/key/proof/rules/seqCoreRules.key 
2442       DEBUG main            d.u.i.k.p.i.KeYFile       Read specifications obtained when parsing the Java files (usually JML and Strings.key) from file:/home/runner/work/key/key/key.core/build/resources/main/de/uka/ilkd/key/proof/rules/seqCoreRules.key 
2462       DEBUG main            d.u.i.k.p.i.KeYFile       Reading KeY file file:/home/runner/work/key/key/key.core/build/resources/main/de/uka/ilkd/key/proof/rules/seqRules.key 
2462       DEBUG main            d.u.i.k.p.i.KeYFile       Read specifications obtained when parsing the Java files (usually JML and Strings.key) from file:/home/runner/work/key/key/key.core/build/resources/main/de/uka/ilkd/key/proof/rules/seqRules.key 
2496       DEBUG main            d.u.i.k.p.i.KeYFile       Reading KeY file file:/home/runner/work/key/key/key.core/build/resources/main/de/uka/ilkd/key/proof/rules/seqPerm.key 
2497       DEBUG main            d.u.i.k.p.i.KeYFile       Read specifications obtained when parsing the Java files (usually JML and Strings.key) from file:/home/runner/work/key/key/key.core/build/resources/main/de/uka/ilkd/key/proof/rules/seqPerm.key 
2515       DEBUG main            d.u.i.k.p.i.KeYFile       Reading KeY file file:/home/runner/work/key/key/key.core/build/resources/main/de/uka/ilkd/key/proof/rules/seqPerm2.key 
2515       DEBUG main            d.u.i.k.p.i.KeYFile       Read specifications obtained when parsing the Java files (usually JML and Strings.key) from file:/home/runner/work/key/key/key.core/build/resources/main/de/uka/ilkd/key/proof/rules/seqPerm2.key 
2618       DEBUG main            d.u.i.k.p.i.KeYFile       Reading KeY file file:/home/runner/work/key/key/key.core/build/resources/main/de/uka/ilkd/key/proof/rules/assertions.key 
2618       DEBUG main            d.u.i.k.p.i.KeYFile       Read specifications obtained when parsing the Java files (usually JML and Strings.key) from file:/home/runner/work/key/key/key.core/build/resources/main/de/uka/ilkd/key/proof/rules/assertions.key 
2662       DEBUG main            d.u.i.k.p.i.KeYFile       Reading KeY file file:/home/runner/work/key/key/key.core/build/resources/main/de/uka/ilkd/key/proof/rules/javaRules.key 
2662       DEBUG main            d.u.i.k.p.i.KeYFile       Read specifications obtained when parsing the Java files (usually JML and Strings.key) from file:/home/runner/work/key/key/key.core/build/resources/main/de/uka/ilkd/key/proof/rules/javaRules.key 
3108       DEBUG main            d.u.i.k.p.i.KeYFile       Reading KeY file file:/home/runner/work/key/key/key.core/build/resources/main/de/uka/ilkd/key/proof/rules/loopRules.key 
3108       DEBUG main            d.u.i.k.p.i.KeYFile       Read specifications obtained when parsing the Java files (usually JML and Strings.key) from file:/home/runner/work/key/key/key.core/build/resources/main/de/uka/ilkd/key/proof/rules/loopRules.key 
3140       DEBUG main            d.u.i.k.p.i.KeYFile       Reading KeY file file:/home/runner/work/key/key/key.core/build/resources/main/de/uka/ilkd/key/proof/rules/activeUse.key 
3141       DEBUG main            d.u.i.k.p.i.KeYFile       Read specifications obtained when parsing the Java files (usually JML and Strings.key) from file:/home/runner/work/key/key/key.core/build/resources/main/de/uka/ilkd/key/proof/rules/activeUse.key 
3188       DEBUG main            d.u.i.k.p.i.KeYFile       Reading KeY file file:/home/runner/work/key/key/key.core/build/resources/main/de/uka/ilkd/key/proof/rules/instanceAllocation.key 
3188       DEBUG main            d.u.i.k.p.i.KeYFile       Read specifications obtained when parsing the Java files (usually JML and Strings.key) from file:/home/runner/work/key/key/key.core/build/resources/main/de/uka/ilkd/key/proof/rules/instanceAllocation.key 
3199       DEBUG main            d.u.i.k.p.i.KeYFile       Reading KeY file file:/home/runner/work/key/key/key.core/build/resources/main/de/uka/ilkd/key/proof/rules/java5.key 
3199       DEBUG main            d.u.i.k.p.i.KeYFile       Read specifications obtained when parsing the Java files (usually JML and Strings.key) from file:/home/runner/work/key/key/key.core/build/resources/main/de/uka/ilkd/key/proof/rules/java5.key 
3207       DEBUG main            d.u.i.k.p.i.KeYFile       Reading KeY file file:/home/runner/work/key/key/key.core/build/resources/main/de/uka/ilkd/key/proof/rules/integerAssignment2UpdateRules.key 
3207       DEBUG main            d.u.i.k.p.i.KeYFile       Read specifications obtained when parsing the Java files (usually JML and Strings.key) from file:/home/runner/work/key/key/key.core/build/resources/main/de/uka/ilkd/key/proof/rules/integerAssignment2UpdateRules.key 
3244       DEBUG main            d.u.i.k.p.i.KeYFile       Reading KeY file file:/home/runner/work/key/key/key.core/build/resources/main/de/uka/ilkd/key/proof/rules/floatAssignment2UpdateRules.key 
3244       DEBUG main            d.u.i.k.p.i.KeYFile       Read specifications obtained when parsing the Java files (usually JML and Strings.key) from file:/home/runner/work/key/key/key.core/build/resources/main/de/uka/ilkd/key/proof/rules/floatAssignment2UpdateRules.key 
3269       DEBUG main            d.u.i.k.p.i.KeYFile       Reading KeY file file:/home/runner/work/key/key/key.core/build/resources/main/de/uka/ilkd/key/proof/rules/bigint.key 
3270       DEBUG main            d.u.i.k.p.i.KeYFile       Read specifications obtained when parsing the Java files (usually JML and Strings.key) from file:/home/runner/work/key/key/key.core/build/resources/main/de/uka/ilkd/key/proof/rules/bigint.key 
3277       DEBUG main            d.u.i.k.j.TypeConverter   No LDT found for JavaBigintExpression 
3282       DEBUG main            d.u.i.k.p.i.KeYFile       Reading KeY file file:/home/runner/work/key/key/key.core/build/resources/main/de/uka/ilkd/key/proof/rules/adtProgramDecompositionRules.key 
3282       DEBUG main            d.u.i.k.p.i.KeYFile       Read specifications obtained when parsing the Java files (usually JML and Strings.key) from file:/home/runner/work/key/key/key.core/build/resources/main/de/uka/ilkd/key/proof/rules/adtProgramDecompositionRules.key 
3294       DEBUG main            d.u.i.k.p.i.KeYFile       Reading KeY file file:/home/runner/work/key/key/key.core/build/resources/main/de/uka/ilkd/key/proof/rules/precRules.key 
3295       DEBUG main            d.u.i.k.p.i.KeYFile       Read specifications obtained when parsing the Java files (usually JML and Strings.key) from file:/home/runner/work/key/key/key.core/build/resources/main/de/uka/ilkd/key/proof/rules/precRules.key 
3303       DEBUG main            d.u.i.k.p.i.KeYFile       Reading KeY file file:/home/runner/work/key/key/key.core/build/resources/main/de/uka/ilkd/key/proof/rules/charListRules.key 
3303       DEBUG main            d.u.i.k.p.i.KeYFile       Read specifications obtained when parsing the Java files (usually JML and Strings.key) from file:/home/runner/work/key/key/key.core/build/resources/main/de/uka/ilkd/key/proof/rules/charListRules.key 
3311       DEBUG main            d.u.i.k.p.i.KeYFile       Reading KeY file file:/home/runner/work/key/key/key.core/build/resources/main/de/uka/ilkd/key/proof/rules/regExHeader.key 
3311       DEBUG main            d.u.i.k.p.i.KeYFile       Read specifications obtained when parsing the Java files (usually JML and Strings.key) from file:/home/runner/work/key/key/key.core/build/resources/main/de/uka/ilkd/key/proof/rules/regExHeader.key 
3313       DEBUG main            d.u.i.k.p.i.KeYFile       Reading KeY file file:/home/runner/work/key/key/key.core/build/resources/main/de/uka/ilkd/key/proof/rules/regExAxioms.key 
3313       DEBUG main            d.u.i.k.p.i.KeYFile       Read specifications obtained when parsing the Java files (usually JML and Strings.key) from file:/home/runner/work/key/key/key.core/build/resources/main/de/uka/ilkd/key/proof/rules/regExAxioms.key 
3318       DEBUG main            d.u.i.k.p.i.KeYFile       Reading KeY file file:/home/runner/work/key/key/key.core/build/resources/main/de/uka/ilkd/key/proof/rules/regExLemmaProven.key 
3318       DEBUG main            d.u.i.k.p.i.KeYFile       Read specifications obtained when parsing the Java files (usually JML and Strings.key) from file:/home/runner/work/key/key/key.core/build/resources/main/de/uka/ilkd/key/proof/rules/regExLemmaProven.key 
3321       DEBUG main            d.u.i.k.p.i.KeYFile       Reading KeY file file:/home/runner/work/key/key/key.core/build/resources/main/de/uka/ilkd/key/proof/rules/regExTheory.key 
3321       DEBUG main            d.u.i.k.p.i.KeYFile       Read specifications obtained when parsing the Java files (usually JML and Strings.key) from file:/home/runner/work/key/key/key.core/build/resources/main/de/uka/ilkd/key/proof/rules/regExTheory.key 
3325       DEBUG main            d.u.i.k.p.i.KeYFile       Reading KeY file file:/home/runner/work/key/key/key.core/build/resources/main/de/uka/ilkd/key/proof/rules/seqEq.key 
3325       DEBUG main            d.u.i.k.p.i.KeYFile       Read specifications obtained when parsing the Java files (usually JML and Strings.key) from file:/home/runner/work/key/key/key.core/build/resources/main/de/uka/ilkd/key/proof/rules/seqEq.key 
3332       DEBUG main            d.u.i.k.p.i.KeYFile       Reading KeY file file:/home/runner/work/key/key/key.core/build/resources/main/de/uka/ilkd/key/proof/rules/infFlow.key 
3334       DEBUG main            d.u.i.k.p.i.KeYFile       Read specifications obtained when parsing the Java files (usually JML and Strings.key) from file:/home/runner/work/key/key/key.core/build/resources/main/de/uka/ilkd/key/proof/rules/infFlow.key 
3337       DEBUG main            d.u.i.k.p.i.KeYFile       Reading KeY file file:/home/runner/work/key/key/key.core/build/resources/main/de/uka/ilkd/key/proof/rules/mapSize.key 
3337       DEBUG main            d.u.i.k.p.i.KeYFile       Read specifications obtained when parsing the Java files (usually JML and Strings.key) from file:/home/runner/work/key/key/key.core/build/resources/main/de/uka/ilkd/key/proof/rules/mapSize.key 
3359       DEBUG main            d.u.i.k.p.i.KeYFile       Reading KeY file file:/home/runner/work/key/key/key.core/build/resources/main/de/uka/ilkd/key/proof/rules/wdHeader.key 
3361       DEBUG main            d.u.i.k.p.i.KeYFile       Read specifications obtained when parsing the Java files (usually JML and Strings.key) from file:/home/runner/work/key/key/key.core/build/resources/main/de/uka/ilkd/key/proof/rules/wdHeader.key 
3363       DEBUG main            d.u.i.k.p.i.KeYFile       Reading KeY file file:/home/runner/work/key/key/key.core/build/resources/main/de/uka/ilkd/key/proof/rules/wdGeneralRules.key 
3363       DEBUG main            d.u.i.k.p.i.KeYFile       Read specifications obtained when parsing the Java files (usually JML and Strings.key) from file:/home/runner/work/key/key/key.core/build/resources/main/de/uka/ilkd/key/proof/rules/wdGeneralRules.key 
3373       DEBUG main            d.u.i.k.p.i.KeYFile       Reading KeY file file:/home/runner/work/key/key/key.core/build/resources/main/de/uka/ilkd/key/proof/rules/wdNumericalRules.key 
3373       DEBUG main            d.u.i.k.p.i.KeYFile       Read specifications obtained when parsing the Java files (usually JML and Strings.key) from file:/home/runner/work/key/key/key.core/build/resources/main/de/uka/ilkd/key/proof/rules/wdNumericalRules.key 
3388       DEBUG main            d.u.i.k.p.i.KeYFile       Reading KeY file file:/home/runner/work/key/key/key.core/build/resources/main/de/uka/ilkd/key/proof/rules/wdLocSetRules.key 
3388       DEBUG main            d.u.i.k.p.i.KeYFile       Read specifications obtained when parsing the Java files (usually JML and Strings.key) from file:/home/runner/work/key/key/key.core/build/resources/main/de/uka/ilkd/key/proof/rules/wdLocSetRules.key 
3394       DEBUG main            d.u.i.k.p.i.KeYFile       Reading KeY file file:/home/runner/work/key/key/key.core/build/resources/main/de/uka/ilkd/key/proof/rules/wdHeapRules.key 
3395       DEBUG main            d.u.i.k.p.i.KeYFile       Read specifications obtained when parsing the Java files (usually JML and Strings.key) from file:/home/runner/work/key/key/key.core/build/resources/main/de/uka/ilkd/key/proof/rules/wdHeapRules.key 
3397       DEBUG main            d.u.i.k.p.i.KeYFile       Reading KeY file file:/home/runner/work/key/key/key.core/build/resources/main/de/uka/ilkd/key/proof/rules/wdReachRules.key 
3398       DEBUG main            d.u.i.k.p.i.KeYFile       Read specifications obtained when parsing the Java files (usually JML and Strings.key) from file:/home/runner/work/key/key/key.core/build/resources/main/de/uka/ilkd/key/proof/rules/wdReachRules.key 
3399       DEBUG main            d.u.i.k.p.i.KeYFile       Reading KeY file file:/home/runner/work/key/key/key.core/build/resources/main/de/uka/ilkd/key/proof/rules/wdSeqRules.key 
3400       DEBUG main            d.u.i.k.p.i.KeYFile       Read specifications obtained when parsing the Java files (usually JML and Strings.key) from file:/home/runner/work/key/key/key.core/build/resources/main/de/uka/ilkd/key/proof/rules/wdSeqRules.key 
3403       DEBUG main            d.u.i.k.p.i.KeYFile       Reading KeY file file:/home/runner/work/key/key/key.core/build/resources/main/de/uka/ilkd/key/proof/rules/wdStringRules.key 
3404       DEBUG main            d.u.i.k.p.i.KeYFile       Read specifications obtained when parsing the Java files (usually JML and Strings.key) from file:/home/runner/work/key/key/key.core/build/resources/main/de/uka/ilkd/key/proof/rules/wdStringRules.key 
3407       DEBUG main            d.u.i.k.p.i.KeYFile       Reading KeY file file:/home/runner/work/key/key/key.core/build/resources/main/de/uka/ilkd/key/proof/rules/wdRegExRules.key 
3408       DEBUG main            d.u.i.k.p.i.KeYFile       Read specifications obtained when parsing the Java files (usually JML and Strings.key) from file:/home/runner/work/key/key/key.core/build/resources/main/de/uka/ilkd/key/proof/rules/wdRegExRules.key 
3414       DEBUG main            d.u.i.k.p.i.KeYFile       Reading KeY file file:/home/runner/work/key/key/key.core/build/resources/main/de/uka/ilkd/key/proof/rules/wdFormulaRules.key 
3415       DEBUG main            d.u.i.k.p.i.KeYFile       Read specifications obtained when parsing the Java files (usually JML and Strings.key) from file:/home/runner/work/key/key/key.core/build/resources/main/de/uka/ilkd/key/proof/rules/wdFormulaRules.key 
3422       DEBUG main            d.u.i.k.p.i.KeYFile       Reading KeY file file:/home/runner/work/key/key/key.core/build/resources/main/de/uka/ilkd/key/proof/rules/wd.key 
3422       DEBUG main            d.u.i.k.p.i.KeYFile       Read specifications obtained when parsing the Java files (usually JML and Strings.key) from file:/home/runner/work/key/key/key.core/build/resources/main/de/uka/ilkd/key/proof/rules/wd.key 
3424       DEBUG main            d.u.i.k.p.i.KeYFile       Reading KeY file file:/home/runner/work/key/key/key.core/build/resources/main/de/uka/ilkd/key/proof/rules/loopInvariantRules.key 
3424       DEBUG main            d.u.i.k.p.i.KeYFile       Read specifications obtained when parsing the Java files (usually JML and Strings.key) from file:/home/runner/work/key/key/key.core/build/resources/main/de/uka/ilkd/key/proof/rules/loopInvariantRules.key 
3425       DEBUG main            d.u.i.k.p.i.KeYFile       Reading KeY file file:/home/runner/work/key/key/key.core/build/resources/main/de/uka/ilkd/key/proof/rules/forLoopRules.key 
3426       DEBUG main            d.u.i.k.p.i.KeYFile       Read specifications obtained when parsing the Java files (usually JML and Strings.key) from file:/home/runner/work/key/key/key.core/build/resources/main/de/uka/ilkd/key/proof/rules/forLoopRules.key 
3431       DEBUG main            d.u.i.k.p.i.KeYFile       Reading KeY file file:/home/runner/work/key/key/key.core/build/resources/main/de/uka/ilkd/key/proof/rules/execRules.key 
3431       DEBUG main            d.u.i.k.p.i.KeYFile       Read specifications obtained when parsing the Java files (usually JML and Strings.key) from file:/home/runner/work/key/key/key.core/build/resources/main/de/uka/ilkd/key/proof/rules/execRules.key 
3506       DEBUG main            d.u.i.k.p.i.KeYFile       Reading KeY file file:/home/runner/work/key/key/key.core/build/resources/main/de/uka/ilkd/key/proof/rules/loopScopeRules.key 
3507       DEBUG main            d.u.i.k.p.i.KeYFile       Read specifications obtained when parsing the Java files (usually JML and Strings.key) from file:/home/runner/work/key/key/key.core/build/resources/main/de/uka/ilkd/key/proof/rules/loopScopeRules.key 
3533       DEBUG main            d.u.i.k.p.i.KeYFile       Reading KeY file file:/home/runner/work/key/key/key.core/build/resources/main/de/uka/ilkd/key/proof/rules/standardRules.key 
3533       DEBUG main            d.u.i.k.p.i.KeYFile       Read specifications obtained when parsing the Java files (usually JML and Strings.key) from file:/home/runner/work/key/key/key.core/build/resources/main/de/uka/ilkd/key/proof/rules/standardRules.key 
5829       DEBUG main            d.u.i.k.j.r.ClassPreparationMethodBuilder clPrepBuilder: Inner Class detected. Reject building class initialisation methods. 
5926       DEBUG main            d.u.i.k.j.Recoder2KeY     converting now /home/runner/work/key/key/key.core/../key.ui/examples/InformationFlow/NewObjects/src/object/Naumann.java 
5941       DEBUG main            d.u.i.k.j.Recoder2KeY     converting now /home/runner/work/key/key/key.core/../key.ui/examples/InformationFlow/NewObjects/src/object/AmtoftBanerjee.java 
5943       DEBUG main            d.u.i.k.j.Recoder2KeY     converting now /home/runner/work/key/key/key.core/../key.ui/examples/InformationFlow/NewObjects/src/object/AmtoftBanerjee2.java 
5946       DEBUG main            d.u.i.k.j.Recoder2KeY     converting now /home/runner/work/key/key/key.core/../key.ui/examples/InformationFlow/NewObjects/src/object/ObjectOrientation.java 
5951       DEBUG main            d.u.i.k.j.Recoder2KeY     converting now /home/runner/work/key/key/key.core/../key.ui/examples/InformationFlow/NewObjects/src/object/AmtoftBanerjee3.java 
5998       DEBUG main            d.u.i.k.s.TermLabelSettings TermLabelSettings: Failure while reading the setting "UseOriginLabels".Using the default value: true.The string read was: null 
5998       DEBUG main            d.u.i.k.p.i.KeYFile       Reading KeY file /home/runner/work/key/key/key.core/../key.ui/examples/InformationFlow/NewObjects/object.AmtoftBanerjee3(object.AmtoftBanerjee3__m()).Non-interference contract.0.key 
6017       DEBUG main            d.u.i.k.p.i.KeYFile       Reading KeY file file:/home/runner/work/key/key/key.core/build/resources/main/de/uka/ilkd/key/java/JavaRedux/java/lang/String.key 
6021       DEBUG main            d.u.i.k.p.i.KeYFile       Read specifications obtained when parsing the Java files (usually JML and Strings.key) from file:/home/runner/work/key/key/key.core/build/resources/main/de/uka/ilkd/key/java/JavaRedux/java/lang/String.key 
8261       DEBUG main            d.u.i.k.p.i.KeYFile       Read specifications obtained when parsing the Java files (usually JML and Strings.key) from /home/runner/work/key/key/key.core/../key.ui/examples/InformationFlow/NewObjects/object.AmtoftBanerjee3(object.AmtoftBanerjee3__m()).Non-interference contract.0.key 
8937       DEBUG Thread-1        d.u.i.k.j.TypeConverter   typeconverter: (prefix this;, class class de.uka.ilkd.key.java.reference.ThisReference) 
8984       DEBUG Thread-1        d.u.i.k.j.TypeConverter   typeconverter: (prefix this;, class class de.uka.ilkd.key.java.reference.ThisReference) 
9010       DEBUG Thread-1        d.u.i.k.j.TypeConverter   typeconverter: (prefix this;, class class de.uka.ilkd.key.java.reference.ThisReference) 
9035       DEBUG Thread-1        d.u.i.k.j.TypeConverter   typeconverter: (prefix this;, class class de.uka.ilkd.key.java.reference.ThisReference) 
9048       DEBUG Thread-1        d.u.i.k.j.TypeConverter   typeconverter: (prefix this;, class class de.uka.ilkd.key.java.reference.ThisReference) 
9119       DEBUG Thread-1        d.u.i.k.j.TypeConverter   typeconverter: (prefix this;, class class de.uka.ilkd.key.java.reference.ThisReference) 
9244       INFO  main            d.u.i.k.p.r.p.TestFile    ... finished proof: closed. 
9370       DEBUG main            d.u.i.k.s.TermLabelSettings TermLabelSettings: Failure while reading the setting "UseOriginLabels".Using the default value: true.The string read was: null 
9370       INFO  main            d.u.i.k.p.r.p.TestFile    Now processing file /home/runner/work/key/key/key.core/../key.ui/examples/InformationFlow/NewObjects/object.AmtoftBanerjee(object.AmtoftBanerjee__m_2()).Non-interference contract.0.key 
10301      DEBUG main            d.u.i.k.j.r.ClassPreparationMethodBuilder clPrepBuilder: Inner Class detected. Reject building class initialisation methods. 
10358      DEBUG main            d.u.i.k.j.Recoder2KeY     converting now /home/runner/work/key/key/key.core/../key.ui/examples/InformationFlow/NewObjects/src/object/Naumann.java 
10361      DEBUG main            d.u.i.k.j.Recoder2KeY     converting now /home/runner/work/key/key/key.core/../key.ui/examples/InformationFlow/NewObjects/src/object/AmtoftBanerjee.java 
10363      DEBUG main            d.u.i.k.j.Recoder2KeY     converting now /home/runner/work/key/key/key.core/../key.ui/examples/InformationFlow/NewObjects/src/object/AmtoftBanerjee2.java 
10364      DEBUG main            d.u.i.k.j.Recoder2KeY     converting now /home/runner/work/key/key/key.core/../key.ui/examples/InformationFlow/NewObjects/src/object/ObjectOrientation.java 
10366      DEBUG main            d.u.i.k.j.Recoder2KeY     converting now /home/runner/work/key/key/key.core/../key.ui/examples/InformationFlow/NewObjects/src/object/AmtoftBanerjee3.java 
10372      DEBUG main            d.u.i.k.s.TermLabelSettings TermLabelSettings: Failure while reading the setting "UseOriginLabels".Using the default value: true.The string read was: null 
10373      DEBUG main            d.u.i.k.p.i.KeYFile       Reading KeY file /home/runner/work/key/key/key.core/../key.ui/examples/InformationFlow/NewObjects/object.AmtoftBanerjee(object.AmtoftBanerjee__m_2()).Non-interference contract.0.key 
10374      DEBUG main            d.u.i.k.p.i.KeYFile       Reading KeY file file:/home/runner/work/key/key/key.core/build/resources/main/de/uka/ilkd/key/java/JavaRedux/java/lang/String.key 
10376      DEBUG main            d.u.i.k.p.i.KeYFile       Read specifications obtained when parsing the Java files (usually JML and Strings.key) from file:/home/runner/work/key/key/key.core/build/resources/main/de/uka/ilkd/key/java/JavaRedux/java/lang/String.key 
12280      DEBUG main            d.u.i.k.p.i.KeYFile       Read specifications obtained when parsing the Java files (usually JML and Strings.key) from /home/runner/work/key/key/key.core/../key.ui/examples/InformationFlow/NewObjects/object.AmtoftBanerjee(object.AmtoftBanerjee__m_2()).Non-interference contract.0.key 
12459      DEBUG Thread-3        d.u.i.k.r.m.MethodCall    method-call: called for AmtoftBanerjee.<createObject>(); 
12459      DEBUG Thread-3        d.u.i.k.r.m.MethodCall    method-call: invocation of static method detected 
12469      DEBUG Thread-3        d.u.i.k.r.m.MethodCall    method-call: called for AmtoftBanerjee.<createObject>(); 
12469      DEBUG Thread-3        d.u.i.k.r.m.MethodCall    method-call: invocation of static method detected 
12480      DEBUG Thread-3        d.u.i.k.r.m.MethodCall    method-call: called for AmtoftBanerjee.<allocate>(); 
12481      DEBUG Thread-3        d.u.i.k.r.m.MethodCall    method-call: invocation of static method detected 
12484      DEBUG Thread-3        d.u.i.k.r.m.MethodCall    method-call: called for AmtoftBanerjee.<allocate>(); 
12484      DEBUG Thread-3        d.u.i.k.r.m.MethodCall    method-call: invocation of static method detected 
12511      DEBUG Thread-3        d.u.i.k.j.TypeConverter   typeconverter: (prefix this;, class class de.uka.ilkd.key.java.reference.ThisReference) 
12545      DEBUG Thread-3        d.u.i.k.j.TypeConverter   typeconverter: (prefix this;, class class de.uka.ilkd.key.java.reference.ThisReference) 
12550      DEBUG Thread-3        d.u.i.k.r.m.MethodCall    method-call: called for <prepareEnter>(); 
12550      DEBUG Thread-3        d.u.i.k.r.m.MethodCall    method-call: invocation of private method detected.Requires static resolving. 
12559      DEBUG Thread-3        d.u.i.k.r.m.MethodCall    method-call: called for <prepareEnter>(); 
12559      DEBUG Thread-3        d.u.i.k.r.m.MethodCall    method-call: invocation of private method detected.Requires static resolving. 
12566      DEBUG Thread-3        d.u.i.k.r.m.MethodCall    method-call: called for super.<prepare>(); 
12566      DEBUG Thread-3        d.u.i.k.r.m.MethodCall    method-call: super invocation of method detected.Requires static resolving. 
12580      DEBUG Thread-3        d.u.i.k.j.TypeConverter   typeconverter: (prefix this;, class class de.uka.ilkd.key.java.reference.ThisReference) 
12618      DEBUG Thread-3        d.u.i.k.r.m.MethodCall    method-call: called for super.<prepare>(); 
12618      DEBUG Thread-3        d.u.i.k.r.m.MethodCall    method-call: super invocation of method detected.Requires static resolving. 
12626      DEBUG Thread-3        d.u.i.k.j.TypeConverter   typeconverter: (prefix this;, class class de.uka.ilkd.key.java.reference.ThisReference) 
12667      DEBUG Thread-3        d.u.i.k.r.m.MethodCall    method-call: called for super.<init>(); 
12667      DEBUG Thread-3        d.u.i.k.r.m.MethodCall    method-call: super invocation of method detected.Requires static resolving. 
12692      DEBUG Thread-3        d.u.i.k.r.m.MethodCall    method-call: called for super.<init>(); 
12692      DEBUG Thread-3        d.u.i.k.r.m.MethodCall    method-call: super invocation of method detected.Requires static resolving. 
12725      DEBUG Thread-3        d.u.i.k.r.m.MethodCall    method-call: called for AmtoftBanerjee.<createObject>(); 
12726      DEBUG Thread-3        d.u.i.k.r.m.MethodCall    method-call: invocation of static method detected 
12734      DEBUG Thread-3        d.u.i.k.r.m.MethodCall    method-call: called for AmtoftBanerjee.<createObject>(); 
12734      DEBUG Thread-3        d.u.i.k.r.m.MethodCall    method-call: invocation of static method detected 
12750      DEBUG Thread-3        d.u.i.k.r.m.MethodCall    method-call: called for AmtoftBanerjee.<allocate>(); 
12750      DEBUG Thread-3        d.u.i.k.r.m.MethodCall    method-call: invocation of static method detected 
12754      DEBUG Thread-3        d.u.i.k.r.m.MethodCall    method-call: called for AmtoftBanerjee.<allocate>(); 
12755      DEBUG Thread-3        d.u.i.k.r.m.MethodCall    method-call: invocation of static method detected 
12810      DEBUG Thread-3        d.u.i.k.j.TypeConverter   typeconverter: (prefix this;, class class de.uka.ilkd.key.java.reference.ThisReference) 
12848      DEBUG Thread-3        d.u.i.k.j.TypeConverter   typeconverter: (prefix this;, class class de.uka.ilkd.key.java.reference.ThisReference) 
12854      DEBUG Thread-3        d.u.i.k.r.m.MethodCall    method-call: called for <prepareEnter>(); 
12854      DEBUG Thread-3        d.u.i.k.r.m.MethodCall    method-call: invocation of private method detected.Requires static resolving. 
12860      DEBUG Thread-3        d.u.i.k.r.m.MethodCall    method-call: called for <prepareEnter>(); 
12861      DEBUG Thread-3        d.u.i.k.r.m.MethodCall    method-call: invocation of private method detected.Requires static resolving. 
12866      DEBUG Thread-3        d.u.i.k.r.m.MethodCall    method-call: called for super.<prepare>(); 
12866      DEBUG Thread-3        d.u.i.k.r.m.MethodCall    method-call: super invocation of method detected.Requires static resolving. 
12873      DEBUG Thread-3        d.u.i.k.j.TypeConverter   typeconverter: (prefix this;, class class de.uka.ilkd.key.java.reference.ThisReference) 
12897      DEBUG Thread-3        d.u.i.k.r.m.MethodCall    method-call: called for super.<prepare>(); 
12897      DEBUG Thread-3        d.u.i.k.r.m.MethodCall    method-call: super invocation of method detected.Requires static resolving. 
12905      DEBUG Thread-3        d.u.i.k.j.TypeConverter   typeconverter: (prefix this;, class class de.uka.ilkd.key.java.reference.ThisReference) 
12928      DEBUG Thread-3        d.u.i.k.r.m.MethodCall    method-call: called for super.<init>(); 
12929      DEBUG Thread-3        d.u.i.k.r.m.MethodCall    method-call: super invocation of method detected.Requires static resolving. 
12945      DEBUG Thread-3        d.u.i.k.l.o.ProgramSV     taclet: Stopped list matching because of incompatible elements #selist (program SimpleExpression) secret; 
12962      DEBUG Thread-3        d.u.i.k.j.TypeConverter   TypeConverter: FieldReference: secret; 
12995      DEBUG Thread-3        d.u.i.k.r.m.MethodCall    method-call: called for super.<init>(); 
12995      DEBUG Thread-3        d.u.i.k.r.m.MethodCall    method-call: super invocation of method detected.Requires static resolving. 
13015      DEBUG Thread-3        d.u.i.k.l.o.ProgramSV     taclet: Stopped list matching because of incompatible elements #selist (program SimpleExpression) secret; 
13029      DEBUG Thread-3        d.u.i.k.j.TypeConverter   TypeConverter: FieldReference: secret; 
13066      DEBUG Thread-3        d.u.i.k.r.m.MethodCall    method-call: called for var.setQ(var_1); 
13066      DEBUG Thread-3        d.u.i.k.r.m.MethodCall    method-call: invocation of non-private instance method detected.Requires dynamic resolving. 
13081      DEBUG Thread-3        d.u.i.k.j.TypeConverter   typeconverter: (prefix this;, class class de.uka.ilkd.key.java.reference.ThisReference) 
13185      DEBUG Thread-3        d.u.i.k.j.TypeConverter   TypeConverter: FieldReference: z; 
13224      DEBUG Thread-3        d.u.i.k.r.m.MethodCall    method-call: called for var_2.setQ(var_3); 
13225      DEBUG Thread-3        d.u.i.k.r.m.MethodCall    method-call: invocation of non-private instance method detected.Requires dynamic resolving. 
13238      DEBUG Thread-3        d.u.i.k.j.TypeConverter   typeconverter: (prefix this;, class class de.uka.ilkd.key.java.reference.ThisReference) 
13318      DEBUG Thread-3        d.u.i.k.j.TypeConverter   TypeConverter: FieldReference: z; 
13491      INFO  main            d.u.i.k.p.r.p.TestFile    ... finished proof: closed. 
13651      DEBUG main            d.u.i.k.s.TermLabelSettings TermLabelSettings: Failure while reading the setting "UseOriginLabels".Using the default value: true.The string read was: null 
13651      INFO  main            d.u.i.k.p.r.p.TestFile    Now processing file /home/runner/work/key/key/key.core/../key.ui/examples/InformationFlow/NewObjects/object.AmtoftBanerjee(object.AmtoftBanerjee__m_1()).Non-interference contract.1.key 
14535      DEBUG main            d.u.i.k.j.r.ClassPreparationMethodBuilder clPrepBuilder: Inner Class detected. Reject building class initialisation methods. 
14589      DEBUG main            d.u.i.k.j.Recoder2KeY     converting now /home/runner/work/key/key/key.core/../key.ui/examples/InformationFlow/NewObjects/src/object/Naumann.java 
14591      DEBUG main            d.u.i.k.j.Recoder2KeY     converting now /home/runner/work/key/key/key.core/../key.ui/examples/InformationFlow/NewObjects/src/object/AmtoftBanerjee.java 
14592      DEBUG main            d.u.i.k.j.Recoder2KeY     converting now /home/runner/work/key/key/key.core/../key.ui/examples/InformationFlow/NewObjects/src/object/AmtoftBanerjee2.java 
14593      DEBUG main            d.u.i.k.j.Recoder2KeY     converting now /home/runner/work/key/key/key.core/../key.ui/examples/InformationFlow/NewObjects/src/object/ObjectOrientation.java 
14595      DEBUG main            d.u.i.k.j.Recoder2KeY     converting now /home/runner/work/key/key/key.core/../key.ui/examples/InformationFlow/NewObjects/src/object/AmtoftBanerjee3.java 
14601      DEBUG main            d.u.i.k.s.TermLabelSettings TermLabelSettings: Failure while reading the setting "UseOriginLabels".Using the default value: true.The string read was: null 
14601      DEBUG main            d.u.i.k.p.i.KeYFile       Reading KeY file /home/runner/work/key/key/key.core/../key.ui/examples/InformationFlow/NewObjects/object.AmtoftBanerjee(object.AmtoftBanerjee__m_1()).Non-interference contract.1.key 
14602      DEBUG main            d.u.i.k.p.i.KeYFile       Reading KeY file file:/home/runner/work/key/key/key.core/build/resources/main/de/uka/ilkd/key/java/JavaRedux/java/lang/String.key 
14604      DEBUG main            d.u.i.k.p.i.KeYFile       Read specifications obtained when parsing the Java files (usually JML and Strings.key) from file:/home/runner/work/key/key/key.core/build/resources/main/de/uka/ilkd/key/java/JavaRedux/java/lang/String.key 
16413      DEBUG main            d.u.i.k.p.i.KeYFile       Read specifications obtained when parsing the Java files (usually JML and Strings.key) from /home/runner/work/key/key/key.core/../key.ui/examples/InformationFlow/NewObjects/object.AmtoftBanerjee(object.AmtoftBanerjee__m_1()).Non-interference contract.1.key 
16506      DEBUG Thread-5        d.u.i.k.r.m.MethodCall    method-call: called for AmtoftBanerjee.<createObject>(); 
16506      DEBUG Thread-5        d.u.i.k.r.m.MethodCall    method-call: invocation of static method detected 
16511      DEBUG Thread-5        d.u.i.k.r.m.MethodCall    method-call: called for AmtoftBanerjee.<createObject>(); 
16511      DEBUG Thread-5        d.u.i.k.r.m.MethodCall    method-call: invocation of static method detected 
16516      DEBUG Thread-5        d.u.i.k.r.m.MethodCall    method-call: called for AmtoftBanerjee.<allocate>(); 
16516      DEBUG Thread-5        d.u.i.k.r.m.MethodCall    method-call: invocation of static method detected 
16518      DEBUG Thread-5        d.u.i.k.r.m.MethodCall    method-call: called for AmtoftBanerjee.<allocate>(); 
16518      DEBUG Thread-5        d.u.i.k.r.m.MethodCall    method-call: invocation of static method detected 
16531      DEBUG Thread-5        d.u.i.k.j.TypeConverter   typeconverter: (prefix this;, class class de.uka.ilkd.key.java.reference.ThisReference) 
16546      DEBUG Thread-5        d.u.i.k.j.TypeConverter   typeconverter: (prefix this;, class class de.uka.ilkd.key.java.reference.ThisReference) 
16549      DEBUG Thread-5        d.u.i.k.r.m.MethodCall    method-call: called for <prepareEnter>(); 
16550      DEBUG Thread-5        d.u.i.k.r.m.MethodCall    method-call: invocation of private method detected.Requires static resolving. 
16553      DEBUG Thread-5        d.u.i.k.r.m.MethodCall    method-call: called for <prepareEnter>(); 
16554      DEBUG Thread-5        d.u.i.k.r.m.MethodCall    method-call: invocation of private method detected.Requires static resolving. 
16557      DEBUG Thread-5        d.u.i.k.r.m.MethodCall    method-call: called for super.<prepare>(); 
16557      DEBUG Thread-5        d.u.i.k.r.m.MethodCall    method-call: super invocation of method detected.Requires static resolving. 
16563      DEBUG Thread-5        d.u.i.k.j.TypeConverter   typeconverter: (prefix this;, class class de.uka.ilkd.key.java.reference.ThisReference) 
16580      DEBUG Thread-5        d.u.i.k.r.m.MethodCall    method-call: called for super.<prepare>(); 
16580      DEBUG Thread-5        d.u.i.k.r.m.MethodCall    method-call: super invocation of method detected.Requires static resolving. 
16585      DEBUG Thread-5        d.u.i.k.j.TypeConverter   typeconverter: (prefix this;, class class de.uka.ilkd.key.java.reference.ThisReference) 
16602      DEBUG Thread-5        d.u.i.k.r.m.MethodCall    method-call: called for super.<init>(); 
16602      DEBUG Thread-5        d.u.i.k.r.m.MethodCall    method-call: super invocation of method detected.Requires static resolving. 
16617      DEBUG Thread-5        d.u.i.k.l.o.ProgramSV     taclet: Stopped list matching because of incompatible elements #selist (program SimpleExpression) secret; 
16627      DEBUG Thread-5        d.u.i.k.j.TypeConverter   TypeConverter: FieldReference: secret; 
16639      DEBUG Thread-5        d.u.i.k.r.m.MethodCall    method-call: called for super.<init>(); 
16639      DEBUG Thread-5        d.u.i.k.r.m.MethodCall    method-call: super invocation of method detected.Requires static resolving. 
16654      DEBUG Thread-5        d.u.i.k.l.o.ProgramSV     taclet: Stopped list matching because of incompatible elements #selist (program SimpleExpression) secret; 
16664      DEBUG Thread-5        d.u.i.k.j.TypeConverter   TypeConverter: FieldReference: secret; 
16678      DEBUG Thread-5        d.u.i.k.r.m.MethodCall    method-call: called for var.setQ(var_1); 
16678      DEBUG Thread-5        d.u.i.k.r.m.MethodCall    method-call: invocation of non-private instance method detected.Requires dynamic resolving. 
16687      DEBUG Thread-5        d.u.i.k.j.TypeConverter   typeconverter: (prefix this;, class class de.uka.ilkd.key.java.reference.ThisReference) 
16742      DEBUG Thread-5        d.u.i.k.j.TypeConverter   TypeConverter: FieldReference: z; 
16768      DEBUG Thread-5        d.u.i.k.r.m.MethodCall    method-call: called for var_2.setQ(var_3); 
16768      DEBUG Thread-5        d.u.i.k.r.m.MethodCall    method-call: invocation of non-private instance method detected.Requires dynamic resolving. 
16778      DEBUG Thread-5        d.u.i.k.j.TypeConverter   typeconverter: (prefix this;, class class de.uka.ilkd.key.java.reference.ThisReference) 
16832      DEBUG Thread-5        d.u.i.k.j.TypeConverter   TypeConverter: FieldReference: z; 
16985      INFO  main            d.u.i.k.p.r.p.TestFile    ... finished proof: open goal(s) 
17114      DEBUG main            d.u.i.k.s.TermLabelSettings TermLabelSettings: Failure while reading the setting "UseOriginLabels".Using the default value: true.The string read was: null 
17114      INFO  main            d.u.i.k.p.r.p.TestFile    Now processing file /home/runner/work/key/key/key.core/../key.ui/examples/InformationFlow/NewObjects/object.AmtoftBanerjee(object.AmtoftBanerjee__m_1()).Non-interference contract.0.key 
17969      DEBUG main            d.u.i.k.j.r.ClassPreparationMethodBuilder clPrepBuilder: Inner Class detected. Reject building class initialisation methods. 
18022      DEBUG main            d.u.i.k.j.Recoder2KeY     converting now /home/runner/work/key/key/key.core/../key.ui/examples/InformationFlow/NewObjects/src/object/Naumann.java 
18024      DEBUG main            d.u.i.k.j.Recoder2KeY     converting now /home/runner/work/key/key/key.core/../key.ui/examples/InformationFlow/NewObjects/src/object/AmtoftBanerjee.java 
18025      DEBUG main            d.u.i.k.j.Recoder2KeY     converting now /home/runner/work/key/key/key.core/../key.ui/examples/InformationFlow/NewObjects/src/object/AmtoftBanerjee2.java 
18026      DEBUG main            d.u.i.k.j.Recoder2KeY     converting now /home/runner/work/key/key/key.core/../key.ui/examples/InformationFlow/NewObjects/src/object/ObjectOrientation.java 
18028      DEBUG main            d.u.i.k.j.Recoder2KeY     converting now /home/runner/work/key/key/key.core/../key.ui/examples/InformationFlow/NewObjects/src/object/AmtoftBanerjee3.java 
18032      DEBUG main            d.u.i.k.s.TermLabelSettings TermLabelSettings: Failure while reading the setting "UseOriginLabels".Using the default value: true.The string read was: null 
18033      DEBUG main            d.u.i.k.p.i.KeYFile       Reading KeY file /home/runner/work/key/key/key.core/../key.ui/examples/InformationFlow/NewObjects/object.AmtoftBanerjee(object.AmtoftBanerjee__m_1()).Non-interference contract.0.key 
18034      DEBUG main            d.u.i.k.p.i.KeYFile       Reading KeY file file:/home/runner/work/key/key/key.core/build/resources/main/de/uka/ilkd/key/java/JavaRedux/java/lang/String.key 
18044      DEBUG main            d.u.i.k.p.i.KeYFile       Read specifications obtained when parsing the Java files (usually JML and Strings.key) from file:/home/runner/work/key/key/key.core/build/resources/main/de/uka/ilkd/key/java/JavaRedux/java/lang/String.key 
19796      DEBUG main            d.u.i.k.p.i.KeYFile       Read specifications obtained when parsing the Java files (usually JML and Strings.key) from /home/runner/work/key/key/key.core/../key.ui/examples/InformationFlow/NewObjects/object.AmtoftBanerjee(object.AmtoftBanerjee__m_1()).Non-interference contract.0.key 
19881      DEBUG Thread-7        d.u.i.k.r.m.MethodCall    method-call: called for AmtoftBanerjee.<createObject>(); 
19882      DEBUG Thread-7        d.u.i.k.r.m.MethodCall    method-call: invocation of static method detected 
19886      DEBUG Thread-7        d.u.i.k.r.m.MethodCall    method-call: called for AmtoftBanerjee.<createObject>(); 
19886      DEBUG Thread-7        d.u.i.k.r.m.MethodCall    method-call: invocation of static method detected 
19891      DEBUG Thread-7        d.u.i.k.r.m.MethodCall    method-call: called for AmtoftBanerjee.<allocate>(); 
19891      DEBUG Thread-7        d.u.i.k.r.m.MethodCall    method-call: invocation of static method detected 
19893      DEBUG Thread-7        d.u.i.k.r.m.MethodCall    method-call: called for AmtoftBanerjee.<allocate>(); 
19893      DEBUG Thread-7        d.u.i.k.r.m.MethodCall    method-call: invocation of static method detected 
19905      DEBUG Thread-7        d.u.i.k.j.TypeConverter   typeconverter: (prefix this;, class class de.uka.ilkd.key.java.reference.ThisReference) 
19918      DEBUG Thread-7        d.u.i.k.j.TypeConverter   typeconverter: (prefix this;, class class de.uka.ilkd.key.java.reference.ThisReference) 
19921      DEBUG Thread-7        d.u.i.k.r.m.MethodCall    method-call: called for <prepareEnter>(); 
19921      DEBUG Thread-7        d.u.i.k.r.m.MethodCall    method-call: invocation of private method detected.Requires static resolving. 
19925      DEBUG Thread-7        d.u.i.k.r.m.MethodCall    method-call: called for <prepareEnter>(); 
19925      DEBUG Thread-7        d.u.i.k.r.m.MethodCall    method-call: invocation of private method detected.Requires static resolving. 
19928      DEBUG Thread-7        d.u.i.k.r.m.MethodCall    method-call: called for super.<prepare>(); 
19929      DEBUG Thread-7        d.u.i.k.r.m.MethodCall    method-call: super invocation of method detected.Requires static resolving. 
19934      DEBUG Thread-7        d.u.i.k.j.TypeConverter   typeconverter: (prefix this;, class class de.uka.ilkd.key.java.reference.ThisReference) 
19949      DEBUG Thread-7        d.u.i.k.r.m.MethodCall    method-call: called for super.<prepare>(); 
19949      DEBUG Thread-7        d.u.i.k.r.m.MethodCall    method-call: super invocation of method detected.Requires static resolving. 
19954      DEBUG Thread-7        d.u.i.k.j.TypeConverter   typeconverter: (prefix this;, class class de.uka.ilkd.key.java.reference.ThisReference) 
19971      DEBUG Thread-7        d.u.i.k.r.m.MethodCall    method-call: called for super.<init>(); 
19971      DEBUG Thread-7        d.u.i.k.r.m.MethodCall    method-call: super invocation of method detected.Requires static resolving. 
19984      DEBUG Thread-7        d.u.i.k.l.o.ProgramSV     taclet: Stopped list matching because of incompatible elements #selist (program SimpleExpression) secret; 
19994      DEBUG Thread-7        d.u.i.k.j.TypeConverter   TypeConverter: FieldReference: secret; 
20006      DEBUG Thread-7        d.u.i.k.r.m.MethodCall    method-call: called for super.<init>(); 
20006      DEBUG Thread-7        d.u.i.k.r.m.MethodCall    method-call: super invocation of method detected.Requires static resolving. 
20020      DEBUG Thread-7        d.u.i.k.l.o.ProgramSV     taclet: Stopped list matching because of incompatible elements #selist (program SimpleExpression) secret; 
20029      DEBUG Thread-7        d.u.i.k.j.TypeConverter   TypeConverter: FieldReference: secret; 
20043      DEBUG Thread-7        d.u.i.k.r.m.MethodCall    method-call: called for var.setQ(var_1); 
20043      DEBUG Thread-7        d.u.i.k.r.m.MethodCall    method-call: invocation of non-private instance method detected.Requires dynamic resolving. 
20052      DEBUG Thread-7        d.u.i.k.j.TypeConverter   typeconverter: (prefix this;, class class de.uka.ilkd.key.java.reference.ThisReference) 
20101      DEBUG Thread-7        d.u.i.k.j.TypeConverter   TypeConverter: FieldReference: z; 
20127      DEBUG Thread-7        d.u.i.k.r.m.MethodCall    method-call: called for var_2.setQ(var_3); 
20128      DEBUG Thread-7        d.u.i.k.r.m.MethodCall    method-call: invocation of non-private instance method detected.Requires dynamic resolving. 
20137      DEBUG Thread-7        d.u.i.k.j.TypeConverter   typeconverter: (prefix this;, class class de.uka.ilkd.key.java.reference.ThisReference) 
20189      DEBUG Thread-7        d.u.i.k.j.TypeConverter   TypeConverter: FieldReference: z; 
20367      INFO  main            d.u.i.k.p.r.p.TestFile    ... finished proof: closed. 
20485      DEBUG main            d.u.i.k.s.TermLabelSettings TermLabelSettings: Failure while reading the setting "UseOriginLabels".Using the default value: true.The string read was: null 
20485      INFO  main            d.u.i.k.p.r.p.TestFile    Now processing file /home/runner/work/key/key/key.core/../key.ui/examples/InformationFlow/NewObjects/object.AmtoftBanerjee(object.AmtoftBanerjee__getQ()).Non-interference contract.0.key 
21310      DEBUG main            d.u.i.k.j.r.ClassPreparationMethodBuilder clPrepBuilder: Inner Class detected. Reject building class initialisation methods. 
21361      DEBUG main            d.u.i.k.j.Recoder2KeY     converting now /home/runner/work/key/key/key.core/../key.ui/examples/InformationFlow/NewObjects/src/object/Naumann.java 
21363      DEBUG main            d.u.i.k.j.Recoder2KeY     converting now /home/runner/work/key/key/key.core/../key.ui/examples/InformationFlow/NewObjects/src/object/AmtoftBanerjee.java 
21364      DEBUG main            d.u.i.k.j.Recoder2KeY     converting now /home/runner/work/key/key/key.core/../key.ui/examples/InformationFlow/NewObjects/src/object/AmtoftBanerjee2.java 
21365      DEBUG main            d.u.i.k.j.Recoder2KeY     converting now /home/runner/work/key/key/key.core/../key.ui/examples/InformationFlow/NewObjects/src/object/ObjectOrientation.java 
21366      DEBUG main            d.u.i.k.j.Recoder2KeY     converting now /home/runner/work/key/key/key.core/../key.ui/examples/InformationFlow/NewObjects/src/object/AmtoftBanerjee3.java 
21371      DEBUG main            d.u.i.k.s.TermLabelSettings TermLabelSettings: Failure while reading the setting "UseOriginLabels".Using the default value: true.The string read was: null 
21371      DEBUG main            d.u.i.k.p.i.KeYFile       Reading KeY file /home/runner/work/key/key/key.core/../key.ui/examples/InformationFlow/NewObjects/object.AmtoftBanerjee(object.AmtoftBanerjee__getQ()).Non-interference contract.0.key 
21372      DEBUG main            d.u.i.k.p.i.KeYFile       Reading KeY file file:/home/runner/work/key/key/key.core/build/resources/main/de/uka/ilkd/key/java/JavaRedux/java/lang/String.key 
21374      DEBUG main            d.u.i.k.p.i.KeYFile       Read specifications obtained when parsing the Java files (usually JML and Strings.key) from file:/home/runner/work/key/key/key.core/build/resources/main/de/uka/ilkd/key/java/JavaRedux/java/lang/String.key 
23105      DEBUG main            d.u.i.k.p.i.KeYFile       Read specifications obtained when parsing the Java files (usually JML and Strings.key) from /home/runner/work/key/key/key.core/../key.ui/examples/InformationFlow/NewObjects/object.AmtoftBanerjee(object.AmtoftBanerjee__getQ()).Non-interference contract.0.key 
23201      DEBUG Thread-9        d.u.i.k.j.TypeConverter   typeconverter: (prefix this;, class class de.uka.ilkd.key.java.reference.ThisReference) 
23206      DEBUG Thread-9        d.u.i.k.j.TypeConverter   typeconverter: (prefix this;, class class de.uka.ilkd.key.java.reference.ThisReference) 
23258      INFO  main            d.u.i.k.p.r.p.TestFile    ... finished proof: closed. 
23383      DEBUG main            d.u.i.k.s.TermLabelSettings TermLabelSettings: Failure while reading the setting "UseOriginLabels".Using the default value: true.The string read was: null 
23383      INFO  main            d.u.i.k.p.r.p.TestFile    Now processing file /home/runner/work/key/key/key.core/../key.ui/examples/InformationFlow/NewObjects/object.ObjectOrientation(object.ObjectOrientation__secure_while_i((Ljava.lang.Object)).Non-interference contract.0.key 
24235      DEBUG main            d.u.i.k.j.r.ClassPreparationMethodBuilder clPrepBuilder: Inner Class detected. Reject building class initialisation methods. 
24297      DEBUG main            d.u.i.k.j.Recoder2KeY     converting now /home/runner/work/key/key/key.core/../key.ui/examples/InformationFlow/NewObjects/src/object/Naumann.java 
24299      DEBUG main            d.u.i.k.j.Recoder2KeY     converting now /home/runner/work/key/key/key.core/../key.ui/examples/InformationFlow/NewObjects/src/object/AmtoftBanerjee.java 
24301      DEBUG main            d.u.i.k.j.Recoder2KeY     converting now /home/runner/work/key/key/key.core/../key.ui/examples/InformationFlow/NewObjects/src/object/AmtoftBanerjee2.java 
24301      DEBUG main            d.u.i.k.j.Recoder2KeY     converting now /home/runner/work/key/key/key.core/../key.ui/examples/InformationFlow/NewObjects/src/object/ObjectOrientation.java 
24303      DEBUG main            d.u.i.k.j.Recoder2KeY     converting now /home/runner/work/key/key/key.core/../key.ui/examples/InformationFlow/NewObjects/src/object/AmtoftBanerjee3.java 
24310      DEBUG main            d.u.i.k.s.TermLabelSettings TermLabelSettings: Failure while reading the setting "UseOriginLabels".Using the default value: true.The string read was: null 
24310      DEBUG main            d.u.i.k.p.i.KeYFile       Reading KeY file /home/runner/work/key/key/key.core/../key.ui/examples/InformationFlow/NewObjects/object.ObjectOrientation(object.ObjectOrientation__secure_while_i((Ljava.lang.Object)).Non-interference contract.0.key 
24312      DEBUG main            d.u.i.k.p.i.KeYFile       Reading KeY file file:/home/runner/work/key/key/key.core/build/resources/main/de/uka/ilkd/key/java/JavaRedux/java/lang/String.key 
24315      DEBUG main            d.u.i.k.p.i.KeYFile       Read specifications obtained when parsing the Java files (usually JML and Strings.key) from file:/home/runner/work/key/key/key.core/build/resources/main/de/uka/ilkd/key/java/JavaRedux/java/lang/String.key 
26101      DEBUG main            d.u.i.k.p.i.KeYFile       Read specifications obtained when parsing the Java files (usually JML and Strings.key) from /home/runner/work/key/key/key.core/../key.ui/examples/InformationFlow/NewObjects/object.ObjectOrientation(object.ObjectOrientation__secure_while_i((Ljava.lang.Object)).Non-interference contract.0.key 
26384      DEBUG Thread-11       d.u.i.k.r.m.WhileLoopTransformation While-Loop-Tranform-Result: {
  int i = 0;
  while (i < _a_A.length) {
    {
      _a_A[i] = new Object();
    }
    i++;
  }
} 
26399      DEBUG Thread-11       d.u.i.k.r.m.WhileLoopTransformation While-Loop-Tranform-Result: {
  int i = 0;
  while (i < _a_B.length) {
    {
      _a_B[i] = new Object();
    }
    i++;
  }
} 
26432      DEBUG Thread-11       d.u.i.k.r.m.WhileLoopTransformation While-Loop-Tranform-Result: try {
  {
    if (i < _a_A.length) {
      {
        _a_A[i] = new Object();
      }
      i++;
    }
  }
} catch (java.lang.Throwable e#4) {
  exc#3 = true;
  thrownExc#5 = e#4;
} 
26735      DEBUG Thread-11       d.u.i.k.r.m.WhileLoopTransformation While-Loop-Tranform-Result: try {
  {
    if (i_1 < _a_B.length) {
      {
        _a_B[i_1] = new Object();
      }
      i_1++;
    }
  }
} catch (java.lang.Throwable e#32) {
  exc#31 = true;
  thrownExc#33 = e#32;
} 
35430      INFO  main            d.u.i.k.p.r.p.TestFile    ... finished proof: closed. 
35623      DEBUG main            d.u.i.k.s.TermLabelSettings TermLabelSettings: Failure while reading the setting "UseOriginLabels".Using the default value: true.The string read was: null 
35623      INFO  main            d.u.i.k.p.r.p.TestFile    Now processing file /home/runner/work/key/key/key.core/../key.ui/examples/InformationFlow/NewObjects/object.ObjectOrientation(object.ObjectOrientation__secure_method_call()).Non-interference contract.0.key 
36450      DEBUG main            d.u.i.k.j.r.ClassPreparationMethodBuilder clPrepBuilder: Inner Class detected. Reject building class initialisation methods. 
36500      DEBUG main            d.u.i.k.j.Recoder2KeY     converting now /home/runner/work/key/key/key.core/../key.ui/examples/InformationFlow/NewObjects/src/object/Naumann.java 
36502      DEBUG main            d.u.i.k.j.Recoder2KeY     converting now /home/runner/work/key/key/key.core/../key.ui/examples/InformationFlow/NewObjects/src/object/AmtoftBanerjee.java 
36503      DEBUG main            d.u.i.k.j.Recoder2KeY     converting now /home/runner/work/key/key/key.core/../key.ui/examples/InformationFlow/NewObjects/src/object/AmtoftBanerjee2.java 
36504      DEBUG main            d.u.i.k.j.Recoder2KeY     converting now /home/runner/work/key/key/key.core/../key.ui/examples/InformationFlow/NewObjects/src/object/ObjectOrientation.java 
36505      DEBUG main            d.u.i.k.j.Recoder2KeY     converting now /home/runner/work/key/key/key.core/../key.ui/examples/InformationFlow/NewObjects/src/object/AmtoftBanerjee3.java 
36509      DEBUG main            d.u.i.k.s.TermLabelSettings TermLabelSettings: Failure while reading the setting "UseOriginLabels".Using the default value: true.The string read was: null 
36509      DEBUG main            d.u.i.k.p.i.KeYFile       Reading KeY file /home/runner/work/key/key/key.core/../key.ui/examples/InformationFlow/NewObjects/object.ObjectOrientation(object.ObjectOrientation__secure_method_call()).Non-interference contract.0.key 
36510      DEBUG main            d.u.i.k.p.i.KeYFile       Reading KeY file file:/home/runner/work/key/key/key.core/build/resources/main/de/uka/ilkd/key/java/JavaRedux/java/lang/String.key 
36513      DEBUG main            d.u.i.k.p.i.KeYFile       Read specifications obtained when parsing the Java files (usually JML and Strings.key) from file:/home/runner/work/key/key/key.core/build/resources/main/de/uka/ilkd/key/java/JavaRedux/java/lang/String.key 
38218      DEBUG main            d.u.i.k.p.i.KeYFile       Read specifications obtained when parsing the Java files (usually JML and Strings.key) from /home/runner/work/key/key/key.core/../key.ui/examples/InformationFlow/NewObjects/object.ObjectOrientation(object.ObjectOrientation__secure_method_call()).Non-interference contract.0.key 
38382      DEBUG Thread-13       d.u.i.k.j.TypeConverter   TypeConverter: FieldReference: o1; 
38390      DEBUG Thread-13       d.u.i.k.j.TypeConverter   TypeConverter: FieldReference: o2; 
38478      DEBUG Thread-13       d.u.i.k.j.TypeConverter   TypeConverter: FieldReference: o1; 
38486      DEBUG Thread-13       d.u.i.k.j.TypeConverter   TypeConverter: FieldReference: o2; 
38795      INFO  main            d.u.i.k.p.r.p.TestFile    ... finished proof: closed. 
38932      DEBUG main            d.u.i.k.s.TermLabelSettings TermLabelSettings: Failure while reading the setting "UseOriginLabels".Using the default value: true.The string read was: null 
38932      INFO  main            d.u.i.k.p.r.p.TestFile    Now processing file /home/runner/work/key/key/key.core/../key.ui/examples/InformationFlow/NewObjects/object.ObjectOrientation(object.ObjectOrientation__if_two_object_creation_next()).Non-interference contract.1.key 
39734      DEBUG main            d.u.i.k.j.r.ClassPreparationMethodBuilder clPrepBuilder: Inner Class detected. Reject building class initialisation methods. 
39783      DEBUG main            d.u.i.k.j.Recoder2KeY     converting now /home/runner/work/key/key/key.core/../key.ui/examples/InformationFlow/NewObjects/src/object/Naumann.java 
39785      DEBUG main            d.u.i.k.j.Recoder2KeY     converting now /home/runner/work/key/key/key.core/../key.ui/examples/InformationFlow/NewObjects/src/object/AmtoftBanerjee.java 
39786      DEBUG main            d.u.i.k.j.Recoder2KeY     converting now /home/runner/work/key/key/key.core/../key.ui/examples/InformationFlow/NewObjects/src/object/AmtoftBanerjee2.java 
39786      DEBUG main            d.u.i.k.j.Recoder2KeY     converting now /home/runner/work/key/key/key.core/../key.ui/examples/InformationFlow/NewObjects/src/object/ObjectOrientation.java 
39787      DEBUG main            d.u.i.k.j.Recoder2KeY     converting now /home/runner/work/key/key/key.core/../key.ui/examples/InformationFlow/NewObjects/src/object/AmtoftBanerjee3.java 
39792      DEBUG main            d.u.i.k.s.TermLabelSettings TermLabelSettings: Failure while reading the setting "UseOriginLabels".Using the default value: true.The string read was: null 
39792      DEBUG main            d.u.i.k.p.i.KeYFile       Reading KeY file /home/runner/work/key/key/key.core/../key.ui/examples/InformationFlow/NewObjects/object.ObjectOrientation(object.ObjectOrientation__if_two_object_creation_next()).Non-interference contract.1.key 
39793      DEBUG main            d.u.i.k.p.i.KeYFile       Reading KeY file file:/home/runner/work/key/key/key.core/build/resources/main/de/uka/ilkd/key/java/JavaRedux/java/lang/String.key 
39795      DEBUG main            d.u.i.k.p.i.KeYFile       Read specifications obtained when parsing the Java files (usually JML and Strings.key) from file:/home/runner/work/key/key/key.core/build/resources/main/de/uka/ilkd/key/java/JavaRedux/java/lang/String.key 
41539      DEBUG main            d.u.i.k.p.i.KeYFile       Read specifications obtained when parsing the Java files (usually JML and Strings.key) from /home/runner/work/key/key/key.core/../key.ui/examples/InformationFlow/NewObjects/object.ObjectOrientation(object.ObjectOrientation__if_two_object_creation_next()).Non-interference contract.1.key 
41952      DEBUG Thread-15       d.u.i.k.j.TypeConverter   TypeConverter: FieldReference: high; 
41961      DEBUG Thread-15       d.u.i.k.j.TypeConverter   TypeConverter: FieldReference: high; 
42063      DEBUG Thread-15       d.u.i.k.r.m.MethodCall    method-call: called for ObjectOrientation.<createObject>(); 
42063      DEBUG Thread-15       d.u.i.k.r.m.MethodCall    method-call: invocation of static method detected 
42075      DEBUG Thread-15       d.u.i.k.r.m.MethodCall    method-call: called for ObjectOrientation.<createObject>(); 
42075      DEBUG Thread-15       d.u.i.k.r.m.MethodCall    method-call: invocation of static method detected 
42109      DEBUG Thread-15       d.u.i.k.r.m.MethodCall    method-call: called for ObjectOrientation.<allocate>(); 
42109      DEBUG Thread-15       d.u.i.k.r.m.MethodCall    method-call: invocation of static method detected 
42116      DEBUG Thread-15       d.u.i.k.r.m.MethodCall    method-call: called for ObjectOrientation.<allocate>(); 
42117      DEBUG Thread-15       d.u.i.k.r.m.MethodCall    method-call: invocation of static method detected 
42141      DEBUG Thread-15       d.u.i.k.j.TypeConverter   typeconverter: (prefix this;, class class de.uka.ilkd.key.java.reference.ThisReference) 
42164      DEBUG Thread-15       d.u.i.k.j.TypeConverter   typeconverter: (prefix this;, class class de.uka.ilkd.key.java.reference.ThisReference) 
42171      DEBUG Thread-15       d.u.i.k.r.m.MethodCall    method-call: called for <prepareEnter>(); 
42171      DEBUG Thread-15       d.u.i.k.r.m.MethodCall    method-call: invocation of private method detected.Requires static resolving. 
42181      DEBUG Thread-15       d.u.i.k.r.m.MethodCall    method-call: called for <prepareEnter>(); 
42181      DEBUG Thread-15       d.u.i.k.r.m.MethodCall    method-call: invocation of private method detected.Requires static resolving. 
42190      DEBUG Thread-15       d.u.i.k.r.m.MethodCall    method-call: called for super.<prepare>(); 
42191      DEBUG Thread-15       d.u.i.k.r.m.MethodCall    method-call: super invocation of method detected.Requires static resolving. 
42203      DEBUG Thread-15       d.u.i.k.j.TypeConverter   typeconverter: (prefix this;, class class de.uka.ilkd.key.java.reference.ThisReference) 
42208      DEBUG Thread-15       d.u.i.k.j.TypeConverter   typeconverter: (prefix this;, class class de.uka.ilkd.key.java.reference.ThisReference) 
42251      DEBUG Thread-15       d.u.i.k.r.m.MethodCall    method-call: called for super.<prepare>(); 
42252      DEBUG Thread-15       d.u.i.k.r.m.MethodCall    method-call: super invocation of method detected.Requires static resolving. 
42266      DEBUG Thread-15       d.u.i.k.j.TypeConverter   typeconverter: (prefix this;, class class de.uka.ilkd.key.java.reference.ThisReference) 
42270      DEBUG Thread-15       d.u.i.k.j.TypeConverter   typeconverter: (prefix this;, class class de.uka.ilkd.key.java.reference.ThisReference) 
42314      DEBUG Thread-15       d.u.i.k.r.m.MethodCall    method-call: called for super.<init>(); 
42314      DEBUG Thread-15       d.u.i.k.r.m.MethodCall    method-call: super invocation of method detected.Requires static resolving. 
42326      DEBUG Thread-15       d.u.i.k.j.TypeConverter   typeconverter: (prefix this;, class class de.uka.ilkd.key.java.reference.ThisReference) 
42344      DEBUG Thread-15       d.u.i.k.j.TypeConverter   TypeConverter: FieldReference: o1; 
42356      DEBUG Thread-15       d.u.i.k.r.m.MethodCall    method-call: called for super.<init>(); 
42356      DEBUG Thread-15       d.u.i.k.r.m.MethodCall    method-call: super invocation of method detected.Requires static resolving. 
42369      DEBUG Thread-15       d.u.i.k.j.TypeConverter   typeconverter: (prefix this;, class class de.uka.ilkd.key.java.reference.ThisReference) 
42387      DEBUG Thread-15       d.u.i.k.j.TypeConverter   TypeConverter: FieldReference: o1; 
42415      DEBUG Thread-15       d.u.i.k.r.m.MethodCall    method-call: called for ObjectOrientation.<createObject>(); 
42415      DEBUG Thread-15       d.u.i.k.r.m.MethodCall    method-call: invocation of static method detected 
42430      DEBUG Thread-15       d.u.i.k.r.m.MethodCall    method-call: called for ObjectOrientation.<createObject>(); 
42430      DEBUG Thread-15       d.u.i.k.r.m.MethodCall    method-call: invocation of static method detected 
42445      DEBUG Thread-15       d.u.i.k.r.m.MethodCall    method-call: called for ObjectOrientation.<allocate>(); 
42445      DEBUG Thread-15       d.u.i.k.r.m.MethodCall    method-call: invocation of static method detected 
42452      DEBUG Thread-15       d.u.i.k.r.m.MethodCall    method-call: called for ObjectOrientation.<allocate>(); 
42452      DEBUG Thread-15       d.u.i.k.r.m.MethodCall    method-call: invocation of static method detected 
42540      DEBUG Thread-15       d.u.i.k.j.TypeConverter   typeconverter: (prefix this;, class class de.uka.ilkd.key.java.reference.ThisReference) 
42631      DEBUG Thread-15       d.u.i.k.j.TypeConverter   typeconverter: (prefix this;, class class de.uka.ilkd.key.java.reference.ThisReference) 
42639      DEBUG Thread-15       d.u.i.k.r.m.MethodCall    method-call: called for <prepareEnter>(); 
42640      DEBUG Thread-15       d.u.i.k.r.m.MethodCall    method-call: invocation of private method detected.Requires static resolving. 
42652      DEBUG Thread-15       d.u.i.k.r.m.MethodCall    method-call: called for <prepareEnter>(); 
42652      DEBUG Thread-15       d.u.i.k.r.m.MethodCall    method-call: invocation of private method detected.Requires static resolving. 
42664      DEBUG Thread-15       d.u.i.k.r.m.MethodCall    method-call: called for super.<prepare>(); 
42664      DEBUG Thread-15       d.u.i.k.r.m.MethodCall    method-call: super invocation of method detected.Requires static resolving. 
42680      DEBUG Thread-15       d.u.i.k.j.TypeConverter   typeconverter: (prefix this;, class class de.uka.ilkd.key.java.reference.ThisReference) 
42685      DEBUG Thread-15       d.u.i.k.j.TypeConverter   typeconverter: (prefix this;, class class de.uka.ilkd.key.java.reference.ThisReference) 
42741      DEBUG Thread-15       d.u.i.k.r.m.MethodCall    method-call: called for super.<prepare>(); 
42741      DEBUG Thread-15       d.u.i.k.r.m.MethodCall    method-call: super invocation of method detected.Requires static resolving. 
42757      DEBUG Thread-15       d.u.i.k.j.TypeConverter   typeconverter: (prefix this;, class class de.uka.ilkd.key.java.reference.ThisReference) 
42763      DEBUG Thread-15       d.u.i.k.j.TypeConverter   typeconverter: (prefix this;, class class de.uka.ilkd.key.java.reference.ThisReference) 
42819      DEBUG Thread-15       d.u.i.k.r.m.MethodCall    method-call: called for super.<init>(); 
42819      DEBUG Thread-15       d.u.i.k.r.m.MethodCall    method-call: super invocation of method detected.Requires static resolving. 
42835      DEBUG Thread-15       d.u.i.k.j.TypeConverter   typeconverter: (prefix this;, class class de.uka.ilkd.key.java.reference.ThisReference) 
42859      DEBUG Thread-15       d.u.i.k.j.TypeConverter   TypeConverter: FieldReference: o0; 
42872      DEBUG Thread-15       d.u.i.k.j.TypeConverter   TypeConverter: FieldReference: o1; 
42919      DEBUG Thread-15       d.u.i.k.j.TypeConverter   TypeConverter: FieldReference: o0; 
43068      DEBUG Thread-15       d.u.i.k.r.m.MethodCall    method-call: called for super.<init>(); 
43068      DEBUG Thread-15       d.u.i.k.r.m.MethodCall    method-call: super invocation of method detected.Requires static resolving. 
43083      DEBUG Thread-15       d.u.i.k.j.TypeConverter   typeconverter: (prefix this;, class class de.uka.ilkd.key.java.reference.ThisReference) 
43104      DEBUG Thread-15       d.u.i.k.j.TypeConverter   TypeConverter: FieldReference: o0; 
43114      DEBUG Thread-15       d.u.i.k.j.TypeConverter   TypeConverter: FieldReference: o1; 
43153      DEBUG Thread-15       d.u.i.k.j.TypeConverter   TypeConverter: FieldReference: o0; 
49380      DEBUG Thread-15       d.u.i.k.r.m.MethodCall    method-call: called for ObjectOrientation.<createObject>(); 
49380      DEBUG Thread-15       d.u.i.k.r.m.MethodCall    method-call: invocation of static method detected 
49391      DEBUG Thread-15       d.u.i.k.r.m.MethodCall    method-call: called for ObjectOrientation.<createObject>(); 
49391      DEBUG Thread-15       d.u.i.k.r.m.MethodCall    method-call: invocation of static method detected 
49402      DEBUG Thread-15       d.u.i.k.r.m.MethodCall    method-call: called for ObjectOrientation.<allocate>(); 
49402      DEBUG Thread-15       d.u.i.k.r.m.MethodCall    method-call: invocation of static method detected 
49407      DEBUG Thread-15       d.u.i.k.r.m.MethodCall    method-call: called for ObjectOrientation.<allocate>(); 
49407      DEBUG Thread-15       d.u.i.k.r.m.MethodCall    method-call: invocation of static method detected 
49428      DEBUG Thread-15       d.u.i.k.j.TypeConverter   typeconverter: (prefix this;, class class de.uka.ilkd.key.java.reference.ThisReference) 
49450      DEBUG Thread-15       d.u.i.k.j.TypeConverter   typeconverter: (prefix this;, class class de.uka.ilkd.key.java.reference.ThisReference) 
49456      DEBUG Thread-15       d.u.i.k.r.m.MethodCall    method-call: called for <prepareEnter>(); 
49456      DEBUG Thread-15       d.u.i.k.r.m.MethodCall    method-call: invocation of private method detected.Requires static resolving. 
49465      DEBUG Thread-15       d.u.i.k.r.m.MethodCall    method-call: called for <prepareEnter>(); 
49465      DEBUG Thread-15       d.u.i.k.r.m.MethodCall    method-call: invocation of private method detected.Requires static resolving. 
49474      DEBUG Thread-15       d.u.i.k.r.m.MethodCall    method-call: called for super.<prepare>(); 
49474      DEBUG Thread-15       d.u.i.k.r.m.MethodCall    method-call: super invocation of method detected.Requires static resolving. 
49486      DEBUG Thread-15       d.u.i.k.j.TypeConverter   typeconverter: (prefix this;, class class de.uka.ilkd.key.java.reference.ThisReference) 
49491      DEBUG Thread-15       d.u.i.k.j.TypeConverter   typeconverter: (prefix this;, class class de.uka.ilkd.key.java.reference.ThisReference) 
49533      DEBUG Thread-15       d.u.i.k.r.m.MethodCall    method-call: called for super.<prepare>(); 
49533      DEBUG Thread-15       d.u.i.k.r.m.MethodCall    method-call: super invocation of method detected.Requires static resolving. 
49545      DEBUG Thread-15       d.u.i.k.j.TypeConverter   typeconverter: (prefix this;, class class de.uka.ilkd.key.java.reference.ThisReference) 
49550      DEBUG Thread-15       d.u.i.k.j.TypeConverter   typeconverter: (prefix this;, class class de.uka.ilkd.key.java.reference.ThisReference) 
49592      DEBUG Thread-15       d.u.i.k.r.m.MethodCall    method-call: called for super.<init>(); 
49592      DEBUG Thread-15       d.u.i.k.r.m.MethodCall    method-call: super invocation of method detected.Requires static resolving. 
49604      DEBUG Thread-15       d.u.i.k.j.TypeConverter   typeconverter: (prefix this;, class class de.uka.ilkd.key.java.reference.ThisReference) 
49621      DEBUG Thread-15       d.u.i.k.j.TypeConverter   TypeConverter: FieldReference: o1; 
49633      DEBUG Thread-15       d.u.i.k.r.m.MethodCall    method-call: called for super.<init>(); 
49633      DEBUG Thread-15       d.u.i.k.r.m.MethodCall    method-call: super invocation of method detected.Requires static resolving. 
49646      DEBUG Thread-15       d.u.i.k.j.TypeConverter   typeconverter: (prefix this;, class class de.uka.ilkd.key.java.reference.ThisReference) 
49663      DEBUG Thread-15       d.u.i.k.j.TypeConverter   TypeConverter: FieldReference: o0; 
49691      DEBUG Thread-15       d.u.i.k.r.m.MethodCall    method-call: called for ObjectOrientation.<createObject>(); 
49691      DEBUG Thread-15       d.u.i.k.r.m.MethodCall    method-call: invocation of static method detected 
49705      DEBUG Thread-15       d.u.i.k.r.m.MethodCall    method-call: called for ObjectOrientation.<createObject>(); 
49705      DEBUG Thread-15       d.u.i.k.r.m.MethodCall    method-call: invocation of static method detected 
49720      DEBUG Thread-15       d.u.i.k.r.m.MethodCall    method-call: called for ObjectOrientation.<allocate>(); 
49720      DEBUG Thread-15       d.u.i.k.r.m.MethodCall    method-call: invocation of static method detected 
49726      DEBUG Thread-15       d.u.i.k.r.m.MethodCall    method-call: called for ObjectOrientation.<allocate>(); 
49727      DEBUG Thread-15       d.u.i.k.r.m.MethodCall    method-call: invocation of static method detected 
49836      DEBUG Thread-15       d.u.i.k.j.TypeConverter   typeconverter: (prefix this;, class class de.uka.ilkd.key.java.reference.ThisReference) 
49924      DEBUG Thread-15       d.u.i.k.j.TypeConverter   typeconverter: (prefix this;, class class de.uka.ilkd.key.java.reference.ThisReference) 
49932      DEBUG Thread-15       d.u.i.k.r.m.MethodCall    method-call: called for <prepareEnter>(); 
49933      DEBUG Thread-15       d.u.i.k.r.m.MethodCall    method-call: invocation of private method detected.Requires static resolving. 
49945      DEBUG Thread-15       d.u.i.k.r.m.MethodCall    method-call: called for <prepareEnter>(); 
49945      DEBUG Thread-15       d.u.i.k.r.m.MethodCall    method-call: invocation of private method detected.Requires static resolving. 
49956      DEBUG Thread-15       d.u.i.k.r.m.MethodCall    method-call: called for super.<prepare>(); 
49956      DEBUG Thread-15       d.u.i.k.r.m.MethodCall    method-call: super invocation of method detected.Requires static resolving. 
49971      DEBUG Thread-15       d.u.i.k.j.TypeConverter   typeconverter: (prefix this;, class class de.uka.ilkd.key.java.reference.ThisReference) 
49977      DEBUG Thread-15       d.u.i.k.j.TypeConverter   typeconverter: (prefix this;, class class de.uka.ilkd.key.java.reference.ThisReference) 
50030      DEBUG Thread-15       d.u.i.k.r.m.MethodCall    method-call: called for super.<prepare>(); 
50031      DEBUG Thread-15       d.u.i.k.r.m.MethodCall    method-call: super invocation of method detected.Requires static resolving. 
50046      DEBUG Thread-15       d.u.i.k.j.TypeConverter   typeconverter: (prefix this;, class class de.uka.ilkd.key.java.reference.ThisReference) 
50051      DEBUG Thread-15       d.u.i.k.j.TypeConverter   typeconverter: (prefix this;, class class de.uka.ilkd.key.java.reference.ThisReference) 
50105      DEBUG Thread-15       d.u.i.k.r.m.MethodCall    method-call: called for super.<init>(); 
50106      DEBUG Thread-15       d.u.i.k.r.m.MethodCall    method-call: super invocation of method detected.Requires static resolving. 
50121      DEBUG Thread-15       d.u.i.k.j.TypeConverter   typeconverter: (prefix this;, class class de.uka.ilkd.key.java.reference.ThisReference) 
50144      DEBUG Thread-15       d.u.i.k.j.TypeConverter   TypeConverter: FieldReference: o0; 
50156      DEBUG Thread-15       d.u.i.k.j.TypeConverter   TypeConverter: FieldReference: o1; 
50201      DEBUG Thread-15       d.u.i.k.j.TypeConverter   TypeConverter: FieldReference: o0; 
50321      DEBUG Thread-15       d.u.i.k.r.m.MethodCall    method-call: called for super.<init>(); 
50321      DEBUG Thread-15       d.u.i.k.r.m.MethodCall    method-call: super invocation of method detected.Requires static resolving. 
50335      DEBUG Thread-15       d.u.i.k.j.TypeConverter   typeconverter: (prefix this;, class class de.uka.ilkd.key.java.reference.ThisReference) 
50355      DEBUG Thread-15       d.u.i.k.j.TypeConverter   TypeConverter: FieldReference: o1; 
50364      DEBUG Thread-15       d.u.i.k.j.TypeConverter   TypeConverter: FieldReference: o1; 
50389      DEBUG Thread-15       d.u.i.k.j.TypeConverter   TypeConverter: FieldReference: o1; 
56869      DEBUG Thread-15       d.u.i.k.r.m.MethodCall    method-call: called for ObjectOrientation.<createObject>(); 
56869      DEBUG Thread-15       d.u.i.k.r.m.MethodCall    method-call: invocation of static method detected 
56880      DEBUG Thread-15       d.u.i.k.r.m.MethodCall    method-call: called for ObjectOrientation.<createObject>(); 
56880      DEBUG Thread-15       d.u.i.k.r.m.MethodCall    method-call: invocation of static method detected 
56892      DEBUG Thread-15       d.u.i.k.r.m.MethodCall    method-call: called for ObjectOrientation.<allocate>(); 
56892      DEBUG Thread-15       d.u.i.k.r.m.MethodCall    method-call: invocation of static method detected 
56897      DEBUG Thread-15       d.u.i.k.r.m.MethodCall    method-call: called for ObjectOrientation.<allocate>(); 
56897      DEBUG Thread-15       d.u.i.k.r.m.MethodCall    method-call: invocation of static method detected 
56917      DEBUG Thread-15       d.u.i.k.j.TypeConverter   typeconverter: (prefix this;, class class de.uka.ilkd.key.java.reference.ThisReference) 
56939      DEBUG Thread-15       d.u.i.k.j.TypeConverter   typeconverter: (prefix this;, class class de.uka.ilkd.key.java.reference.ThisReference) 
56945      DEBUG Thread-15       d.u.i.k.r.m.MethodCall    method-call: called for <prepareEnter>(); 
56945      DEBUG Thread-15       d.u.i.k.r.m.MethodCall    method-call: invocation of private method detected.Requires static resolving. 
56954      DEBUG Thread-15       d.u.i.k.r.m.MethodCall    method-call: called for <prepareEnter>(); 
56954      DEBUG Thread-15       d.u.i.k.r.m.MethodCall    method-call: invocation of private method detected.Requires static resolving. 
56963      DEBUG Thread-15       d.u.i.k.r.m.MethodCall    method-call: called for super.<prepare>(); 
56963      DEBUG Thread-15       d.u.i.k.r.m.MethodCall    method-call: super invocation of method detected.Requires static resolving. 
56975      DEBUG Thread-15       d.u.i.k.j.TypeConverter   typeconverter: (prefix this;, class class de.uka.ilkd.key.java.reference.ThisReference) 
56979      DEBUG Thread-15       d.u.i.k.j.TypeConverter   typeconverter: (prefix this;, class class de.uka.ilkd.key.java.reference.ThisReference) 
57020      DEBUG Thread-15       d.u.i.k.r.m.MethodCall    method-call: called for super.<prepare>(); 
57021      DEBUG Thread-15       d.u.i.k.r.m.MethodCall    method-call: super invocation of method detected.Requires static resolving. 
57033      DEBUG Thread-15       d.u.i.k.j.TypeConverter   typeconverter: (prefix this;, class class de.uka.ilkd.key.java.reference.ThisReference) 
57037      DEBUG Thread-15       d.u.i.k.j.TypeConverter   typeconverter: (prefix this;, class class de.uka.ilkd.key.java.reference.ThisReference) 
57079      DEBUG Thread-15       d.u.i.k.r.m.MethodCall    method-call: called for super.<init>(); 
57079      DEBUG Thread-15       d.u.i.k.r.m.MethodCall    method-call: super invocation of method detected.Requires static resolving. 
57091      DEBUG Thread-15       d.u.i.k.j.TypeConverter   typeconverter: (prefix this;, class class de.uka.ilkd.key.java.reference.ThisReference) 
57109      DEBUG Thread-15       d.u.i.k.j.TypeConverter   TypeConverter: FieldReference: o0; 
57120      DEBUG Thread-15       d.u.i.k.r.m.MethodCall    method-call: called for super.<init>(); 
57120      DEBUG Thread-15       d.u.i.k.r.m.MethodCall    method-call: super invocation of method detected.Requires static resolving. 
57132      DEBUG Thread-15       d.u.i.k.j.TypeConverter   typeconverter: (prefix this;, class class de.uka.ilkd.key.java.reference.ThisReference) 
57150      DEBUG Thread-15       d.u.i.k.j.TypeConverter   TypeConverter: FieldReference: o1; 
57177      DEBUG Thread-15       d.u.i.k.r.m.MethodCall    method-call: called for ObjectOrientation.<createObject>(); 
57177      DEBUG Thread-15       d.u.i.k.r.m.MethodCall    method-call: invocation of static method detected 
57191      DEBUG Thread-15       d.u.i.k.r.m.MethodCall    method-call: called for ObjectOrientation.<createObject>(); 
57191      DEBUG Thread-15       d.u.i.k.r.m.MethodCall    method-call: invocation of static method detected 
57206      DEBUG Thread-15       d.u.i.k.r.m.MethodCall    method-call: called for ObjectOrientation.<allocate>(); 
57206      DEBUG Thread-15       d.u.i.k.r.m.MethodCall    method-call: invocation of static method detected 
57212      DEBUG Thread-15       d.u.i.k.r.m.MethodCall    method-call: called for ObjectOrientation.<allocate>(); 
57212      DEBUG Thread-15       d.u.i.k.r.m.MethodCall    method-call: invocation of static method detected 
57298      DEBUG Thread-15       d.u.i.k.j.TypeConverter   typeconverter: (prefix this;, class class de.uka.ilkd.key.java.reference.ThisReference) 
57388      DEBUG Thread-15       d.u.i.k.j.TypeConverter   typeconverter: (prefix this;, class class de.uka.ilkd.key.java.reference.ThisReference) 
57397      DEBUG Thread-15       d.u.i.k.r.m.MethodCall    method-call: called for <prepareEnter>(); 
57397      DEBUG Thread-15       d.u.i.k.r.m.MethodCall    method-call: invocation of private method detected.Requires static resolving. 
57409      DEBUG Thread-15       d.u.i.k.r.m.MethodCall    method-call: called for <prepareEnter>(); 
57409      DEBUG Thread-15       d.u.i.k.r.m.MethodCall    method-call: invocation of private method detected.Requires static resolving. 
57420      DEBUG Thread-15       d.u.i.k.r.m.MethodCall    method-call: called for super.<prepare>(); 
57420      DEBUG Thread-15       d.u.i.k.r.m.MethodCall    method-call: super invocation of method detected.Requires static resolving. 
57436      DEBUG Thread-15       d.u.i.k.j.TypeConverter   typeconverter: (prefix this;, class class de.uka.ilkd.key.java.reference.ThisReference) 
57441      DEBUG Thread-15       d.u.i.k.j.TypeConverter   typeconverter: (prefix this;, class class de.uka.ilkd.key.java.reference.ThisReference) 
57496      DEBUG Thread-15       d.u.i.k.r.m.MethodCall    method-call: called for super.<prepare>(); 
57496      DEBUG Thread-15       d.u.i.k.r.m.MethodCall    method-call: super invocation of method detected.Requires static resolving. 
57512      DEBUG Thread-15       d.u.i.k.j.TypeConverter   typeconverter: (prefix this;, class class de.uka.ilkd.key.java.reference.ThisReference) 
57518      DEBUG Thread-15       d.u.i.k.j.TypeConverter   typeconverter: (prefix this;, class class de.uka.ilkd.key.java.reference.ThisReference) 
57573      DEBUG Thread-15       d.u.i.k.r.m.MethodCall    method-call: called for super.<init>(); 
57573      DEBUG Thread-15       d.u.i.k.r.m.MethodCall    method-call: super invocation of method detected.Requires static resolving. 
57589      DEBUG Thread-15       d.u.i.k.j.TypeConverter   typeconverter: (prefix this;, class class de.uka.ilkd.key.java.reference.ThisReference) 
57613      DEBUG Thread-15       d.u.i.k.j.TypeConverter   TypeConverter: FieldReference: o1; 
57625      DEBUG Thread-15       d.u.i.k.j.TypeConverter   TypeConverter: FieldReference: o1; 
57688      DEBUG Thread-15       d.u.i.k.j.TypeConverter   TypeConverter: FieldReference: o1; 
57803      DEBUG Thread-15       d.u.i.k.r.m.MethodCall    method-call: called for super.<init>(); 
57803      DEBUG Thread-15       d.u.i.k.r.m.MethodCall    method-call: super invocation of method detected.Requires static resolving. 
57817      DEBUG Thread-15       d.u.i.k.j.TypeConverter   typeconverter: (prefix this;, class class de.uka.ilkd.key.java.reference.ThisReference) 
57836      DEBUG Thread-15       d.u.i.k.j.TypeConverter   TypeConverter: FieldReference: o0; 
57846      DEBUG Thread-15       d.u.i.k.j.TypeConverter   TypeConverter: FieldReference: o1; 
57882      DEBUG Thread-15       d.u.i.k.j.TypeConverter   TypeConverter: FieldReference: o0; 
59726      INFO  main            d.u.i.k.p.r.p.TestFile    ... finished proof: open goal(s) 
59916      DEBUG main            d.u.i.k.s.TermLabelSettings TermLabelSettings: Failure while reading the setting "UseOriginLabels".Using the default value: true.The string read was: null 
59916      INFO  main            d.u.i.k.p.r.p.TestFile    Now processing file /home/runner/work/key/key/key.core/../key.ui/examples/InformationFlow/NewObjects/object.ObjectOrientation(object.ObjectOrientation__insecure_two_object_creation()).Non-interference contract.0.key 
60720      DEBUG main            d.u.i.k.j.r.ClassPreparationMethodBuilder clPrepBuilder: Inner Class detected. Reject building class initialisation methods. 
60769      DEBUG main            d.u.i.k.j.Recoder2KeY     converting now /home/runner/work/key/key/key.core/../key.ui/examples/InformationFlow/NewObjects/src/object/Naumann.java 
60771      DEBUG main            d.u.i.k.j.Recoder2KeY     converting now /home/runner/work/key/key/key.core/../key.ui/examples/InformationFlow/NewObjects/src/object/AmtoftBanerjee.java 
60771      DEBUG main            d.u.i.k.j.Recoder2KeY     converting now /home/runner/work/key/key/key.core/../key.ui/examples/InformationFlow/NewObjects/src/object/AmtoftBanerjee2.java 
60772      DEBUG main            d.u.i.k.j.Recoder2KeY     converting now /home/runner/work/key/key/key.core/../key.ui/examples/InformationFlow/NewObjects/src/object/ObjectOrientation.java 
60773      DEBUG main            d.u.i.k.j.Recoder2KeY     converting now /home/runner/work/key/key/key.core/../key.ui/examples/InformationFlow/NewObjects/src/object/AmtoftBanerjee3.java 
60777      DEBUG main            d.u.i.k.s.TermLabelSettings TermLabelSettings: Failure while reading the setting "UseOriginLabels".Using the default value: true.The string read was: null 
60777      DEBUG main            d.u.i.k.p.i.KeYFile       Reading KeY file /home/runner/work/key/key/key.core/../key.ui/examples/InformationFlow/NewObjects/object.ObjectOrientation(object.ObjectOrientation__insecure_two_object_creation()).Non-interference contract.0.key 
60778      DEBUG main            d.u.i.k.p.i.KeYFile       Reading KeY file file:/home/runner/work/key/key/key.core/build/resources/main/de/uka/ilkd/key/java/JavaRedux/java/lang/String.key 
60780      DEBUG main            d.u.i.k.p.i.KeYFile       Read specifications obtained when parsing the Java files (usually JML and Strings.key) from file:/home/runner/work/key/key/key.core/build/resources/main/de/uka/ilkd/key/java/JavaRedux/java/lang/String.key 
62488      DEBUG main            d.u.i.k.p.i.KeYFile       Read specifications obtained when parsing the Java files (usually JML and Strings.key) from /home/runner/work/key/key/key.core/../key.ui/examples/InformationFlow/NewObjects/object.ObjectOrientation(object.ObjectOrientation__insecure_two_object_creation()).Non-interference contract.0.key 
62941      DEBUG Thread-17       d.u.i.k.r.m.MethodCall    method-call: called for ObjectOrientation.<createObject>(); 
62942      DEBUG Thread-17       d.u.i.k.r.m.MethodCall    method-call: invocation of static method detected 
62952      DEBUG Thread-17       d.u.i.k.r.m.MethodCall    method-call: called for ObjectOrientation.<createObject>(); 
62952      DEBUG Thread-17       d.u.i.k.r.m.MethodCall    method-call: invocation of static method detected 
62962      DEBUG Thread-17       d.u.i.k.r.m.MethodCall    method-call: called for ObjectOrientation.<allocate>(); 
62962      DEBUG Thread-17       d.u.i.k.r.m.MethodCall    method-call: invocation of static method detected 
62967      DEBUG Thread-17       d.u.i.k.r.m.MethodCall    method-call: called for ObjectOrientation.<allocate>(); 
62967      DEBUG Thread-17       d.u.i.k.r.m.MethodCall    method-call: invocation of static method detected 
62987      DEBUG Thread-17       d.u.i.k.j.TypeConverter   typeconverter: (prefix this;, class class de.uka.ilkd.key.java.reference.ThisReference) 
63007      DEBUG Thread-17       d.u.i.k.j.TypeConverter   typeconverter: (prefix this;, class class de.uka.ilkd.key.java.reference.ThisReference) 
63013      DEBUG Thread-17       d.u.i.k.r.m.MethodCall    method-call: called for <prepareEnter>(); 
63013      DEBUG Thread-17       d.u.i.k.r.m.MethodCall    method-call: invocation of private method detected.Requires static resolving. 
63021      DEBUG Thread-17       d.u.i.k.r.m.MethodCall    method-call: called for <prepareEnter>(); 
63021      DEBUG Thread-17       d.u.i.k.r.m.MethodCall    method-call: invocation of private method detected.Requires static resolving. 
63030      DEBUG Thread-17       d.u.i.k.r.m.MethodCall    method-call: called for super.<prepare>(); 
63030      DEBUG Thread-17       d.u.i.k.r.m.MethodCall    method-call: super invocation of method detected.Requires static resolving. 
63040      DEBUG Thread-17       d.u.i.k.j.TypeConverter   typeconverter: (prefix this;, class class de.uka.ilkd.key.java.reference.ThisReference) 
63044      DEBUG Thread-17       d.u.i.k.j.TypeConverter   typeconverter: (prefix this;, class class de.uka.ilkd.key.java.reference.ThisReference) 
63083      DEBUG Thread-17       d.u.i.k.r.m.MethodCall    method-call: called for super.<prepare>(); 
63083      DEBUG Thread-17       d.u.i.k.r.m.MethodCall    method-call: super invocation of method detected.Requires static resolving. 
63095      DEBUG Thread-17       d.u.i.k.j.TypeConverter   typeconverter: (prefix this;, class class de.uka.ilkd.key.java.reference.ThisReference) 
63099      DEBUG Thread-17       d.u.i.k.j.TypeConverter   typeconverter: (prefix this;, class class de.uka.ilkd.key.java.reference.ThisReference) 
63139      DEBUG Thread-17       d.u.i.k.r.m.MethodCall    method-call: called for super.<init>(); 
63139      DEBUG Thread-17       d.u.i.k.r.m.MethodCall    method-call: super invocation of method detected.Requires static resolving. 
63151      DEBUG Thread-17       d.u.i.k.j.TypeConverter   typeconverter: (prefix this;, class class de.uka.ilkd.key.java.reference.ThisReference) 
63167      DEBUG Thread-17       d.u.i.k.j.TypeConverter   TypeConverter: FieldReference: o0; 
63178      DEBUG Thread-17       d.u.i.k.r.m.MethodCall    method-call: called for super.<init>(); 
63179      DEBUG Thread-17       d.u.i.k.r.m.MethodCall    method-call: super invocation of method detected.Requires static resolving. 
63190      DEBUG Thread-17       d.u.i.k.j.TypeConverter   typeconverter: (prefix this;, class class de.uka.ilkd.key.java.reference.ThisReference) 
63206      DEBUG Thread-17       d.u.i.k.j.TypeConverter   TypeConverter: FieldReference: o0; 
63232      DEBUG Thread-17       d.u.i.k.r.m.MethodCall    method-call: called for ObjectOrientation.<createObject>(); 
63232      DEBUG Thread-17       d.u.i.k.r.m.MethodCall    method-call: invocation of static method detected 
63246      DEBUG Thread-17       d.u.i.k.r.m.MethodCall    method-call: called for ObjectOrientation.<createObject>(); 
63246      DEBUG Thread-17       d.u.i.k.r.m.MethodCall    method-call: invocation of static method detected 
63278      DEBUG Thread-17       d.u.i.k.r.m.MethodCall    method-call: called for ObjectOrientation.<allocate>(); 
63278      DEBUG Thread-17       d.u.i.k.r.m.MethodCall    method-call: invocation of static method detected 
63284      DEBUG Thread-17       d.u.i.k.r.m.MethodCall    method-call: called for ObjectOrientation.<allocate>(); 
63284      DEBUG Thread-17       d.u.i.k.r.m.MethodCall    method-call: invocation of static method detected 
63362      DEBUG Thread-17       d.u.i.k.j.TypeConverter   typeconverter: (prefix this;, class class de.uka.ilkd.key.java.reference.ThisReference) 
63448      DEBUG Thread-17       d.u.i.k.j.TypeConverter   typeconverter: (prefix this;, class class de.uka.ilkd.key.java.reference.ThisReference) 
63456      DEBUG Thread-17       d.u.i.k.r.m.MethodCall    method-call: called for <prepareEnter>(); 
63456      DEBUG Thread-17       d.u.i.k.r.m.MethodCall    method-call: invocation of private method detected.Requires static resolving. 
63467      DEBUG Thread-17       d.u.i.k.r.m.MethodCall    method-call: called for <prepareEnter>(); 
63467      DEBUG Thread-17       d.u.i.k.r.m.MethodCall    method-call: invocation of private method detected.Requires static resolving. 
63478      DEBUG Thread-17       d.u.i.k.r.m.MethodCall    method-call: called for super.<prepare>(); 
63478      DEBUG Thread-17       d.u.i.k.r.m.MethodCall    method-call: super invocation of method detected.Requires static resolving. 
63492      DEBUG Thread-17       d.u.i.k.j.TypeConverter   typeconverter: (prefix this;, class class de.uka.ilkd.key.java.reference.ThisReference) 
63497      DEBUG Thread-17       d.u.i.k.j.TypeConverter   typeconverter: (prefix this;, class class de.uka.ilkd.key.java.reference.ThisReference) 
63548      DEBUG Thread-17       d.u.i.k.r.m.MethodCall    method-call: called for super.<prepare>(); 
63548      DEBUG Thread-17       d.u.i.k.r.m.MethodCall    method-call: super invocation of method detected.Requires static resolving. 
63563      DEBUG Thread-17       d.u.i.k.j.TypeConverter   typeconverter: (prefix this;, class class de.uka.ilkd.key.java.reference.ThisReference) 
63568      DEBUG Thread-17       d.u.i.k.j.TypeConverter   typeconverter: (prefix this;, class class de.uka.ilkd.key.java.reference.ThisReference) 
63620      DEBUG Thread-17       d.u.i.k.r.m.MethodCall    method-call: called for super.<init>(); 
63620      DEBUG Thread-17       d.u.i.k.r.m.MethodCall    method-call: super invocation of method detected.Requires static resolving. 
63635      DEBUG Thread-17       d.u.i.k.j.TypeConverter   typeconverter: (prefix this;, class class de.uka.ilkd.key.java.reference.ThisReference) 
63656      DEBUG Thread-17       d.u.i.k.j.TypeConverter   TypeConverter: FieldReference: o1; 
63686      DEBUG Thread-17       d.u.i.k.j.TypeConverter   TypeConverter: FieldReference: high; 
63739      DEBUG Thread-17       d.u.i.k.j.TypeConverter   TypeConverter: FieldReference: o1; 
63756      DEBUG Thread-17       d.u.i.k.j.TypeConverter   TypeConverter: FieldReference: o2; 
63856      DEBUG Thread-17       d.u.i.k.r.m.MethodCall    method-call: called for super.<init>(); 
63856      DEBUG Thread-17       d.u.i.k.r.m.MethodCall    method-call: super invocation of method detected.Requires static resolving. 
63870      DEBUG Thread-17       d.u.i.k.j.TypeConverter   typeconverter: (prefix this;, class class de.uka.ilkd.key.java.reference.ThisReference) 
63889      DEBUG Thread-17       d.u.i.k.j.TypeConverter   TypeConverter: FieldReference: o1; 
63915      DEBUG Thread-17       d.u.i.k.j.TypeConverter   TypeConverter: FieldReference: high; 
63993      DEBUG Thread-17       d.u.i.k.j.TypeConverter   TypeConverter: FieldReference: o1; 
64008      DEBUG Thread-17       d.u.i.k.j.TypeConverter   TypeConverter: FieldReference: o2; 
70138      DEBUG Thread-17       d.u.i.k.j.TypeConverter   TypeConverter: FieldReference: o0; 
70162      DEBUG Thread-17       d.u.i.k.j.TypeConverter   TypeConverter: FieldReference: o2; 
76351      DEBUG Thread-17       d.u.i.k.j.TypeConverter   TypeConverter: FieldReference: o0; 
76379      DEBUG Thread-17       d.u.i.k.j.TypeConverter   TypeConverter: FieldReference: o2; 
76476      DEBUG Thread-17       d.u.i.k.r.m.MethodCall    method-call: called for super.<init>(); 
76477      DEBUG Thread-17       d.u.i.k.r.m.MethodCall    method-call: super invocation of method detected.Requires static resolving. 
76490      DEBUG Thread-17       d.u.i.k.j.TypeConverter   typeconverter: (prefix this;, class class de.uka.ilkd.key.java.reference.ThisReference) 
76509      DEBUG Thread-17       d.u.i.k.j.TypeConverter   TypeConverter: FieldReference: o1; 
76535      DEBUG Thread-17       d.u.i.k.j.TypeConverter   TypeConverter: FieldReference: high; 
76586      DEBUG Thread-17       d.u.i.k.j.TypeConverter   TypeConverter: FieldReference: o1; 
76601      DEBUG Thread-17       d.u.i.k.j.TypeConverter   TypeConverter: FieldReference: o2; 
80439      INFO  main            d.u.i.k.p.r.p.TestFile    ... finished proof: open goal(s) 
80698      DEBUG main            d.u.i.k.s.TermLabelSettings TermLabelSettings: Failure while reading the setting "UseOriginLabels".Using the default value: true.The string read was: null 
80698      INFO  main            d.u.i.k.p.r.p.TestFile    Now processing file /home/runner/work/key/key/key.core/../key.ui/examples/InformationFlow/NewObjects/object.ObjectOrientation(object.ObjectOrientation__secure_two_object_creation()).Non-interference contract.0.key 
81482      DEBUG main            d.u.i.k.j.r.ClassPreparationMethodBuilder clPrepBuilder: Inner Class detected. Reject building class initialisation methods. 
81531      DEBUG main            d.u.i.k.j.Recoder2KeY     converting now /home/runner/work/key/key/key.core/../key.ui/examples/InformationFlow/NewObjects/src/object/Naumann.java 
81532      DEBUG main            d.u.i.k.j.Recoder2KeY     converting now /home/runner/work/key/key/key.core/../key.ui/examples/InformationFlow/NewObjects/src/object/AmtoftBanerjee.java 
81533      DEBUG main            d.u.i.k.j.Recoder2KeY     converting now /home/runner/work/key/key/key.core/../key.ui/examples/InformationFlow/NewObjects/src/object/AmtoftBanerjee2.java 
81534      DEBUG main            d.u.i.k.j.Recoder2KeY     converting now /home/runner/work/key/key/key.core/../key.ui/examples/InformationFlow/NewObjects/src/object/ObjectOrientation.java 
81536      DEBUG main            d.u.i.k.j.Recoder2KeY     converting now /home/runner/work/key/key/key.core/../key.ui/examples/InformationFlow/NewObjects/src/object/AmtoftBanerjee3.java 
81540      DEBUG main            d.u.i.k.s.TermLabelSettings TermLabelSettings: Failure while reading the setting "UseOriginLabels".Using the default value: true.The string read was: null 
81541      DEBUG main            d.u.i.k.p.i.KeYFile       Reading KeY file /home/runner/work/key/key/key.core/../key.ui/examples/InformationFlow/NewObjects/object.ObjectOrientation(object.ObjectOrientation__secure_two_object_creation()).Non-interference contract.0.key 
81542      DEBUG main            d.u.i.k.p.i.KeYFile       Reading KeY file file:/home/runner/work/key/key/key.core/build/resources/main/de/uka/ilkd/key/java/JavaRedux/java/lang/String.key 
81544      DEBUG main            d.u.i.k.p.i.KeYFile       Read specifications obtained when parsing the Java files (usually JML and Strings.key) from file:/home/runner/work/key/key/key.core/build/resources/main/de/uka/ilkd/key/java/JavaRedux/java/lang/String.key 
83233      DEBUG main            d.u.i.k.p.i.KeYFile       Read specifications obtained when parsing the Java files (usually JML and Strings.key) from /home/runner/work/key/key/key.core/../key.ui/examples/InformationFlow/NewObjects/object.ObjectOrientation(object.ObjectOrientation__secure_two_object_creation()).Non-interference contract.0.key 
83685      DEBUG Thread-19       d.u.i.k.r.m.MethodCall    method-call: called for ObjectOrientation.<createObject>(); 
83685      DEBUG Thread-19       d.u.i.k.r.m.MethodCall    method-call: invocation of static method detected 
83695      DEBUG Thread-19       d.u.i.k.r.m.MethodCall    method-call: called for ObjectOrientation.<createObject>(); 
83695      DEBUG Thread-19       d.u.i.k.r.m.MethodCall    method-call: invocation of static method detected 
83706      DEBUG Thread-19       d.u.i.k.r.m.MethodCall    method-call: called for ObjectOrientation.<allocate>(); 
83706      DEBUG Thread-19       d.u.i.k.r.m.MethodCall    method-call: invocation of static method detected 
83711      DEBUG Thread-19       d.u.i.k.r.m.MethodCall    method-call: called for ObjectOrientation.<allocate>(); 
83711      DEBUG Thread-19       d.u.i.k.r.m.MethodCall    method-call: invocation of static method detected 
83731      DEBUG Thread-19       d.u.i.k.j.TypeConverter   typeconverter: (prefix this;, class class de.uka.ilkd.key.java.reference.ThisReference) 
83752      DEBUG Thread-19       d.u.i.k.j.TypeConverter   typeconverter: (prefix this;, class class de.uka.ilkd.key.java.reference.ThisReference) 
83758      DEBUG Thread-19       d.u.i.k.r.m.MethodCall    method-call: called for <prepareEnter>(); 
83758      DEBUG Thread-19       d.u.i.k.r.m.MethodCall    method-call: invocation of private method detected.Requires static resolving. 
83766      DEBUG Thread-19       d.u.i.k.r.m.MethodCall    method-call: called for <prepareEnter>(); 
83767      DEBUG Thread-19       d.u.i.k.r.m.MethodCall    method-call: invocation of private method detected.Requires static resolving. 
83775      DEBUG Thread-19       d.u.i.k.r.m.MethodCall    method-call: called for super.<prepare>(); 
83775      DEBUG Thread-19       d.u.i.k.r.m.MethodCall    method-call: super invocation of method detected.Requires static resolving. 
83786      DEBUG Thread-19       d.u.i.k.j.TypeConverter   typeconverter: (prefix this;, class class de.uka.ilkd.key.java.reference.ThisReference) 
83790      DEBUG Thread-19       d.u.i.k.j.TypeConverter   typeconverter: (prefix this;, class class de.uka.ilkd.key.java.reference.ThisReference) 
83829      DEBUG Thread-19       d.u.i.k.r.m.MethodCall    method-call: called for super.<prepare>(); 
83829      DEBUG Thread-19       d.u.i.k.r.m.MethodCall    method-call: super invocation of method detected.Requires static resolving. 
83841      DEBUG Thread-19       d.u.i.k.j.TypeConverter   typeconverter: (prefix this;, class class de.uka.ilkd.key.java.reference.ThisReference) 
83845      DEBUG Thread-19       d.u.i.k.j.TypeConverter   typeconverter: (prefix this;, class class de.uka.ilkd.key.java.reference.ThisReference) 
83885      DEBUG Thread-19       d.u.i.k.r.m.MethodCall    method-call: called for super.<init>(); 
83885      DEBUG Thread-19       d.u.i.k.r.m.MethodCall    method-call: super invocation of method detected.Requires static resolving. 
83897      DEBUG Thread-19       d.u.i.k.j.TypeConverter   typeconverter: (prefix this;, class class de.uka.ilkd.key.java.reference.ThisReference) 
83914      DEBUG Thread-19       d.u.i.k.j.TypeConverter   TypeConverter: FieldReference: o0; 
83925      DEBUG Thread-19       d.u.i.k.r.m.MethodCall    method-call: called for super.<init>(); 
83925      DEBUG Thread-19       d.u.i.k.r.m.MethodCall    method-call: super invocation of method detected.Requires static resolving. 
83937      DEBUG Thread-19       d.u.i.k.j.TypeConverter   typeconverter: (prefix this;, class class de.uka.ilkd.key.java.reference.ThisReference) 
83953      DEBUG Thread-19       d.u.i.k.j.TypeConverter   TypeConverter: FieldReference: o0; 
83980      DEBUG Thread-19       d.u.i.k.r.m.MethodCall    method-call: called for ObjectOrientation.<createObject>(); 
83980      DEBUG Thread-19       d.u.i.k.r.m.MethodCall    method-call: invocation of static method detected 
83993      DEBUG Thread-19       d.u.i.k.r.m.MethodCall    method-call: called for ObjectOrientation.<createObject>(); 
83993      DEBUG Thread-19       d.u.i.k.r.m.MethodCall    method-call: invocation of static method detected 
84006      DEBUG Thread-19       d.u.i.k.r.m.MethodCall    method-call: called for ObjectOrientation.<allocate>(); 
84006      DEBUG Thread-19       d.u.i.k.r.m.MethodCall    method-call: invocation of static method detected 
84012      DEBUG Thread-19       d.u.i.k.r.m.MethodCall    method-call: called for ObjectOrientation.<allocate>(); 
84012      DEBUG Thread-19       d.u.i.k.r.m.MethodCall    method-call: invocation of static method detected 
84112      DEBUG Thread-19       d.u.i.k.j.TypeConverter   typeconverter: (prefix this;, class class de.uka.ilkd.key.java.reference.ThisReference) 
84197      DEBUG Thread-19       d.u.i.k.j.TypeConverter   typeconverter: (prefix this;, class class de.uka.ilkd.key.java.reference.ThisReference) 
84204      DEBUG Thread-19       d.u.i.k.r.m.MethodCall    method-call: called for <prepareEnter>(); 
84204      DEBUG Thread-19       d.u.i.k.r.m.MethodCall    method-call: invocation of private method detected.Requires static resolving. 
84216      DEBUG Thread-19       d.u.i.k.r.m.MethodCall    method-call: called for <prepareEnter>(); 
84216      DEBUG Thread-19       d.u.i.k.r.m.MethodCall    method-call: invocation of private method detected.Requires static resolving. 
84226      DEBUG Thread-19       d.u.i.k.r.m.MethodCall    method-call: called for super.<prepare>(); 
84227      DEBUG Thread-19       d.u.i.k.r.m.MethodCall    method-call: super invocation of method detected.Requires static resolving. 
84240      DEBUG Thread-19       d.u.i.k.j.TypeConverter   typeconverter: (prefix this;, class class de.uka.ilkd.key.java.reference.ThisReference) 
84245      DEBUG Thread-19       d.u.i.k.j.TypeConverter   typeconverter: (prefix this;, class class de.uka.ilkd.key.java.reference.ThisReference) 
84296      DEBUG Thread-19       d.u.i.k.r.m.MethodCall    method-call: called for super.<prepare>(); 
84296      DEBUG Thread-19       d.u.i.k.r.m.MethodCall    method-call: super invocation of method detected.Requires static resolving. 
84311      DEBUG Thread-19       d.u.i.k.j.TypeConverter   typeconverter: (prefix this;, class class de.uka.ilkd.key.java.reference.ThisReference) 
84316      DEBUG Thread-19       d.u.i.k.j.TypeConverter   typeconverter: (prefix this;, class class de.uka.ilkd.key.java.reference.ThisReference) 
84368      DEBUG Thread-19       d.u.i.k.r.m.MethodCall    method-call: called for super.<init>(); 
84368      DEBUG Thread-19       d.u.i.k.r.m.MethodCall    method-call: super invocation of method detected.Requires static resolving. 
84383      DEBUG Thread-19       d.u.i.k.j.TypeConverter   typeconverter: (prefix this;, class class de.uka.ilkd.key.java.reference.ThisReference) 
84405      DEBUG Thread-19       d.u.i.k.j.TypeConverter   TypeConverter: FieldReference: o1; 
84417      DEBUG Thread-19       d.u.i.k.j.TypeConverter   TypeConverter: FieldReference: o0; 
84445      DEBUG Thread-19       d.u.i.k.j.TypeConverter   TypeConverter: FieldReference: o2; 
84541      DEBUG Thread-19       d.u.i.k.r.m.MethodCall    method-call: called for super.<init>(); 
84541      DEBUG Thread-19       d.u.i.k.r.m.MethodCall    method-call: super invocation of method detected.Requires static resolving. 
84554      DEBUG Thread-19       d.u.i.k.j.TypeConverter   typeconverter: (prefix this;, class class de.uka.ilkd.key.java.reference.ThisReference) 
84573      DEBUG Thread-19       d.u.i.k.j.TypeConverter   TypeConverter: FieldReference: o1; 
84582      DEBUG Thread-19       d.u.i.k.j.TypeConverter   TypeConverter: FieldReference: o0; 
84606      DEBUG Thread-19       d.u.i.k.j.TypeConverter   TypeConverter: FieldReference: o2; 
91083      DEBUG Thread-19       d.u.i.k.r.m.MethodCall    method-call: called for ObjectOrientation.<createObject>(); 
91083      DEBUG Thread-19       d.u.i.k.r.m.MethodCall    method-call: invocation of static method detected 
91092      DEBUG Thread-19       d.u.i.k.r.m.MethodCall    method-call: called for ObjectOrientation.<createObject>(); 
91092      DEBUG Thread-19       d.u.i.k.r.m.MethodCall    method-call: invocation of static method detected 
91102      DEBUG Thread-19       d.u.i.k.r.m.MethodCall    method-call: called for ObjectOrientation.<allocate>(); 
91102      DEBUG Thread-19       d.u.i.k.r.m.MethodCall    method-call: invocation of static method detected 
91106      DEBUG Thread-19       d.u.i.k.r.m.MethodCall    method-call: called for ObjectOrientation.<allocate>(); 
91106      DEBUG Thread-19       d.u.i.k.r.m.MethodCall    method-call: invocation of static method detected 
91124      DEBUG Thread-19       d.u.i.k.j.TypeConverter   typeconverter: (prefix this;, class class de.uka.ilkd.key.java.reference.ThisReference) 
91144      DEBUG Thread-19       d.u.i.k.j.TypeConverter   typeconverter: (prefix this;, class class de.uka.ilkd.key.java.reference.ThisReference) 
91149      DEBUG Thread-19       d.u.i.k.r.m.MethodCall    method-call: called for <prepareEnter>(); 
91149      DEBUG Thread-19       d.u.i.k.r.m.MethodCall    method-call: invocation of private method detected.Requires static resolving. 
91157      DEBUG Thread-19       d.u.i.k.r.m.MethodCall    method-call: called for <prepareEnter>(); 
91157      DEBUG Thread-19       d.u.i.k.r.m.MethodCall    method-call: invocation of private method detected.Requires static resolving. 
91164      DEBUG Thread-19       d.u.i.k.r.m.MethodCall    method-call: called for super.<prepare>(); 
91164      DEBUG Thread-19       d.u.i.k.r.m.MethodCall    method-call: super invocation of method detected.Requires static resolving. 
91174      DEBUG Thread-19       d.u.i.k.j.TypeConverter   typeconverter: (prefix this;, class class de.uka.ilkd.key.java.reference.ThisReference) 
91178      DEBUG Thread-19       d.u.i.k.j.TypeConverter   typeconverter: (prefix this;, class class de.uka.ilkd.key.java.reference.ThisReference) 
91213      DEBUG Thread-19       d.u.i.k.r.m.MethodCall    method-call: called for super.<prepare>(); 
91213      DEBUG Thread-19       d.u.i.k.r.m.MethodCall    method-call: super invocation of method detected.Requires static resolving. 
91224      DEBUG Thread-19       d.u.i.k.j.TypeConverter   typeconverter: (prefix this;, class class de.uka.ilkd.key.java.reference.ThisReference) 
91228      DEBUG Thread-19       d.u.i.k.j.TypeConverter   typeconverter: (prefix this;, class class de.uka.ilkd.key.java.reference.ThisReference) 
91264      DEBUG Thread-19       d.u.i.k.r.m.MethodCall    method-call: called for super.<init>(); 
91264      DEBUG Thread-19       d.u.i.k.r.m.MethodCall    method-call: super invocation of method detected.Requires static resolving. 
91275      DEBUG Thread-19       d.u.i.k.j.TypeConverter   typeconverter: (prefix this;, class class de.uka.ilkd.key.java.reference.ThisReference) 
91290      DEBUG Thread-19       d.u.i.k.j.TypeConverter   TypeConverter: FieldReference: o0; 
91326      DEBUG Thread-19       d.u.i.k.r.m.MethodCall    method-call: called for super.<init>(); 
91326      DEBUG Thread-19       d.u.i.k.r.m.MethodCall    method-call: super invocation of method detected.Requires static resolving. 
91337      DEBUG Thread-19       d.u.i.k.j.TypeConverter   typeconverter: (prefix this;, class class de.uka.ilkd.key.java.reference.ThisReference) 
91352      DEBUG Thread-19       d.u.i.k.j.TypeConverter   TypeConverter: FieldReference: o0; 
91376      DEBUG Thread-19       d.u.i.k.r.m.MethodCall    method-call: called for ObjectOrientation.<createObject>(); 
91376      DEBUG Thread-19       d.u.i.k.r.m.MethodCall    method-call: invocation of static method detected 
91387      DEBUG Thread-19       d.u.i.k.r.m.MethodCall    method-call: called for ObjectOrientation.<createObject>(); 
91387      DEBUG Thread-19       d.u.i.k.r.m.MethodCall    method-call: invocation of static method detected 
91399      DEBUG Thread-19       d.u.i.k.r.m.MethodCall    method-call: called for ObjectOrientation.<allocate>(); 
91399      DEBUG Thread-19       d.u.i.k.r.m.MethodCall    method-call: invocation of static method detected 
91404      DEBUG Thread-19       d.u.i.k.r.m.MethodCall    method-call: called for ObjectOrientation.<allocate>(); 
91404      DEBUG Thread-19       d.u.i.k.r.m.MethodCall    method-call: invocation of static method detected 
91476      DEBUG Thread-19       d.u.i.k.j.TypeConverter   typeconverter: (prefix this;, class class de.uka.ilkd.key.java.reference.ThisReference) 
91553      DEBUG Thread-19       d.u.i.k.j.TypeConverter   typeconverter: (prefix this;, class class de.uka.ilkd.key.java.reference.ThisReference) 
91560      DEBUG Thread-19       d.u.i.k.r.m.MethodCall    method-call: called for <prepareEnter>(); 
91560      DEBUG Thread-19       d.u.i.k.r.m.MethodCall    method-call: invocation of private method detected.Requires static resolving. 
91570      DEBUG Thread-19       d.u.i.k.r.m.MethodCall    method-call: called for <prepareEnter>(); 
91571      DEBUG Thread-19       d.u.i.k.r.m.MethodCall    method-call: invocation of private method detected.Requires static resolving. 
91580      DEBUG Thread-19       d.u.i.k.r.m.MethodCall    method-call: called for super.<prepare>(); 
91580      DEBUG Thread-19       d.u.i.k.r.m.MethodCall    method-call: super invocation of method detected.Requires static resolving. 
91592      DEBUG Thread-19       d.u.i.k.j.TypeConverter   typeconverter: (prefix this;, class class de.uka.ilkd.key.java.reference.ThisReference) 
91597      DEBUG Thread-19       d.u.i.k.j.TypeConverter   typeconverter: (prefix this;, class class de.uka.ilkd.key.java.reference.ThisReference) 
91643      DEBUG Thread-19       d.u.i.k.r.m.MethodCall    method-call: called for super.<prepare>(); 
91643      DEBUG Thread-19       d.u.i.k.r.m.MethodCall    method-call: super invocation of method detected.Requires static resolving. 
91656      DEBUG Thread-19       d.u.i.k.j.TypeConverter   typeconverter: (prefix this;, class class de.uka.ilkd.key.java.reference.ThisReference) 
91661      DEBUG Thread-19       d.u.i.k.j.TypeConverter   typeconverter: (prefix this;, class class de.uka.ilkd.key.java.reference.ThisReference) 
91708      DEBUG Thread-19       d.u.i.k.r.m.MethodCall    method-call: called for super.<init>(); 
91708      DEBUG Thread-19       d.u.i.k.r.m.MethodCall    method-call: super invocation of method detected.Requires static resolving. 
91721      DEBUG Thread-19       d.u.i.k.j.TypeConverter   typeconverter: (prefix this;, class class de.uka.ilkd.key.java.reference.ThisReference) 
91741      DEBUG Thread-19       d.u.i.k.j.TypeConverter   TypeConverter: FieldReference: o1; 
91751      DEBUG Thread-19       d.u.i.k.j.TypeConverter   TypeConverter: FieldReference: o0; 
91777      DEBUG Thread-19       d.u.i.k.j.TypeConverter   TypeConverter: FieldReference: o2; 
91861      DEBUG Thread-19       d.u.i.k.r.m.MethodCall    method-call: called for super.<init>(); 
91861      DEBUG Thread-19       d.u.i.k.r.m.MethodCall    method-call: super invocation of method detected.Requires static resolving. 
91873      DEBUG Thread-19       d.u.i.k.j.TypeConverter   typeconverter: (prefix this;, class class de.uka.ilkd.key.java.reference.ThisReference) 
91892      DEBUG Thread-19       d.u.i.k.j.TypeConverter   TypeConverter: FieldReference: o1; 
91901      DEBUG Thread-19       d.u.i.k.j.TypeConverter   TypeConverter: FieldReference: o0; 
91925      DEBUG Thread-19       d.u.i.k.j.TypeConverter   TypeConverter: FieldReference: o2; 
92261      DEBUG Thread-19       d.u.i.k.r.m.MethodCall    method-call: called for ObjectOrientation.<createObject>(); 
92261      DEBUG Thread-19       d.u.i.k.r.m.MethodCall    method-call: invocation of static method detected 
92269      DEBUG Thread-19       d.u.i.k.r.m.MethodCall    method-call: called for ObjectOrientation.<createObject>(); 
92270      DEBUG Thread-19       d.u.i.k.r.m.MethodCall    method-call: invocation of static method detected 
92278      DEBUG Thread-19       d.u.i.k.r.m.MethodCall    method-call: called for ObjectOrientation.<allocate>(); 
92278      DEBUG Thread-19       d.u.i.k.r.m.MethodCall    method-call: invocation of static method detected 
92282      DEBUG Thread-19       d.u.i.k.r.m.MethodCall    method-call: called for ObjectOrientation.<allocate>(); 
92282      DEBUG Thread-19       d.u.i.k.r.m.MethodCall    method-call: invocation of static method detected 
92299      DEBUG Thread-19       d.u.i.k.j.TypeConverter   typeconverter: (prefix this;, class class de.uka.ilkd.key.java.reference.ThisReference) 
92317      DEBUG Thread-19       d.u.i.k.j.TypeConverter   typeconverter: (prefix this;, class class de.uka.ilkd.key.java.reference.ThisReference) 
92322      DEBUG Thread-19       d.u.i.k.r.m.MethodCall    method-call: called for <prepareEnter>(); 
92322      DEBUG Thread-19       d.u.i.k.r.m.MethodCall    method-call: invocation of private method detected.Requires static resolving. 
92330      DEBUG Thread-19       d.u.i.k.r.m.MethodCall    method-call: called for <prepareEnter>(); 
92330      DEBUG Thread-19       d.u.i.k.r.m.MethodCall    method-call: invocation of private method detected.Requires static resolving. 
92339      DEBUG Thread-19       d.u.i.k.r.m.MethodCall    method-call: called for super.<prepare>(); 
92339      DEBUG Thread-19       d.u.i.k.r.m.MethodCall    method-call: super invocation of method detected.Requires static resolving. 
92349      DEBUG Thread-19       d.u.i.k.j.TypeConverter   typeconverter: (prefix this;, class class de.uka.ilkd.key.java.reference.ThisReference) 
92353      DEBUG Thread-19       d.u.i.k.j.TypeConverter   typeconverter: (prefix this;, class class de.uka.ilkd.key.java.reference.ThisReference) 
92384      DEBUG Thread-19       d.u.i.k.r.m.MethodCall    method-call: called for super.<prepare>(); 
92385      DEBUG Thread-19       d.u.i.k.r.m.MethodCall    method-call: super invocation of method detected.Requires static resolving. 
92394      DEBUG Thread-19       d.u.i.k.j.TypeConverter   typeconverter: (prefix this;, class class de.uka.ilkd.key.java.reference.ThisReference) 
92398      DEBUG Thread-19       d.u.i.k.j.TypeConverter   typeconverter: (prefix this;, class class de.uka.ilkd.key.java.reference.ThisReference) 
92462      DEBUG Thread-19       d.u.i.k.r.m.MethodCall    method-call: called for super.<init>(); 
92462      DEBUG Thread-19       d.u.i.k.r.m.MethodCall    method-call: super invocation of method detected.Requires static resolving. 
92473      DEBUG Thread-19       d.u.i.k.j.TypeConverter   typeconverter: (prefix this;, class class de.uka.ilkd.key.java.reference.ThisReference) 
92489      DEBUG Thread-19       d.u.i.k.j.TypeConverter   TypeConverter: FieldReference: o0; 
92499      DEBUG Thread-19       d.u.i.k.r.m.MethodCall    method-call: called for super.<init>(); 
92500      DEBUG Thread-19       d.u.i.k.r.m.MethodCall    method-call: super invocation of method detected.Requires static resolving. 
92509      DEBUG Thread-19       d.u.i.k.j.TypeConverter   typeconverter: (prefix this;, class class de.uka.ilkd.key.java.reference.ThisReference) 
92523      DEBUG Thread-19       d.u.i.k.j.TypeConverter   TypeConverter: FieldReference: o0; 
92543      DEBUG Thread-19       d.u.i.k.r.m.MethodCall    method-call: called for ObjectOrientation.<createObject>(); 
92544      DEBUG Thread-19       d.u.i.k.r.m.MethodCall    method-call: invocation of static method detected 
92554      DEBUG Thread-19       d.u.i.k.r.m.MethodCall    method-call: called for ObjectOrientation.<createObject>(); 
92554      DEBUG Thread-19       d.u.i.k.r.m.MethodCall    method-call: invocation of static method detected 
92565      DEBUG Thread-19       d.u.i.k.r.m.MethodCall    method-call: called for ObjectOrientation.<allocate>(); 
92565      DEBUG Thread-19       d.u.i.k.r.m.MethodCall    method-call: invocation of static method detected 
92570      DEBUG Thread-19       d.u.i.k.r.m.MethodCall    method-call: called for ObjectOrientation.<allocate>(); 
92570      DEBUG Thread-19       d.u.i.k.r.m.MethodCall    method-call: invocation of static method detected 
92635      DEBUG Thread-19       d.u.i.k.j.TypeConverter   typeconverter: (prefix this;, class class de.uka.ilkd.key.java.reference.ThisReference) 
92705      DEBUG Thread-19       d.u.i.k.j.TypeConverter   typeconverter: (prefix this;, class class de.uka.ilkd.key.java.reference.ThisReference) 
92712      DEBUG Thread-19       d.u.i.k.r.m.MethodCall    method-call: called for <prepareEnter>(); 
92712      DEBUG Thread-19       d.u.i.k.r.m.MethodCall    method-call: invocation of private method detected.Requires static resolving. 
92721      DEBUG Thread-19       d.u.i.k.r.m.MethodCall    method-call: called for <prepareEnter>(); 
92721      DEBUG Thread-19       d.u.i.k.r.m.MethodCall    method-call: invocation of private method detected.Requires static resolving. 
92730      DEBUG Thread-19       d.u.i.k.r.m.MethodCall    method-call: called for super.<prepare>(); 
92730      DEBUG Thread-19       d.u.i.k.r.m.MethodCall    method-call: super invocation of method detected.Requires static resolving. 
92741      DEBUG Thread-19       d.u.i.k.j.TypeConverter   typeconverter: (prefix this;, class class de.uka.ilkd.key.java.reference.ThisReference) 
92746      DEBUG Thread-19       d.u.i.k.j.TypeConverter   typeconverter: (prefix this;, class class de.uka.ilkd.key.java.reference.ThisReference) 
92787      DEBUG Thread-19       d.u.i.k.r.m.MethodCall    method-call: called for super.<prepare>(); 
92787      DEBUG Thread-19       d.u.i.k.r.m.MethodCall    method-call: super invocation of method detected.Requires static resolving. 
92799      DEBUG Thread-19       d.u.i.k.j.TypeConverter   typeconverter: (prefix this;, class class de.uka.ilkd.key.java.reference.ThisReference) 
92804      DEBUG Thread-19       d.u.i.k.j.TypeConverter   typeconverter: (prefix this;, class class de.uka.ilkd.key.java.reference.ThisReference) 
92846      DEBUG Thread-19       d.u.i.k.r.m.MethodCall    method-call: called for super.<init>(); 
92846      DEBUG Thread-19       d.u.i.k.r.m.MethodCall    method-call: super invocation of method detected.Requires static resolving. 
92857      DEBUG Thread-19       d.u.i.k.j.TypeConverter   typeconverter: (prefix this;, class class de.uka.ilkd.key.java.reference.ThisReference) 
92875      DEBUG Thread-19       d.u.i.k.j.TypeConverter   TypeConverter: FieldReference: o1; 
92885      DEBUG Thread-19       d.u.i.k.j.TypeConverter   TypeConverter: FieldReference: o0; 
92909      DEBUG Thread-19       d.u.i.k.j.TypeConverter   TypeConverter: FieldReference: o2; 
92949      DEBUG Thread-19       d.u.i.k.r.m.MethodCall    method-call: called for super.<init>(); 
92950      DEBUG Thread-19       d.u.i.k.r.m.MethodCall    method-call: super invocation of method detected.Requires static resolving. 
92962      DEBUG Thread-19       d.u.i.k.j.TypeConverter   typeconverter: (prefix this;, class class de.uka.ilkd.key.java.reference.ThisReference) 
92981      DEBUG Thread-19       d.u.i.k.j.TypeConverter   TypeConverter: FieldReference: o1; 
92991      DEBUG Thread-19       d.u.i.k.j.TypeConverter   TypeConverter: FieldReference: o0; 
93015      DEBUG Thread-19       d.u.i.k.j.TypeConverter   TypeConverter: FieldReference: o2; 
94195      DEBUG Thread-19       d.u.i.k.r.m.MethodCall    method-call: called for ObjectOrientation.<createObject>(); 
94195      DEBUG Thread-19       d.u.i.k.r.m.MethodCall    method-call: invocation of static method detected 
94203      DEBUG Thread-19       d.u.i.k.r.m.MethodCall    method-call: called for ObjectOrientation.<createObject>(); 
94203      DEBUG Thread-19       d.u.i.k.r.m.MethodCall    method-call: invocation of static method detected 
94211      DEBUG Thread-19       d.u.i.k.r.m.MethodCall    method-call: called for ObjectOrientation.<allocate>(); 
94211      DEBUG Thread-19       d.u.i.k.r.m.MethodCall    method-call: invocation of static method detected 
94215      DEBUG Thread-19       d.u.i.k.r.m.MethodCall    method-call: called for ObjectOrientation.<allocate>(); 
94215      DEBUG Thread-19       d.u.i.k.r.m.MethodCall    method-call: invocation of static method detected 
94232      DEBUG Thread-19       d.u.i.k.j.TypeConverter   typeconverter: (prefix this;, class class de.uka.ilkd.key.java.reference.ThisReference) 
94250      DEBUG Thread-19       d.u.i.k.j.TypeConverter   typeconverter: (prefix this;, class class de.uka.ilkd.key.java.reference.ThisReference) 
94255      DEBUG Thread-19       d.u.i.k.r.m.MethodCall    method-call: called for <prepareEnter>(); 
94255      DEBUG Thread-19       d.u.i.k.r.m.MethodCall    method-call: invocation of private method detected.Requires static resolving. 
94261      DEBUG Thread-19       d.u.i.k.r.m.MethodCall    method-call: called for <prepareEnter>(); 
94261      DEBUG Thread-19       d.u.i.k.r.m.MethodCall    method-call: invocation of private method detected.Requires static resolving. 
94268      DEBUG Thread-19       d.u.i.k.r.m.MethodCall    method-call: called for super.<prepare>(); 
94268      DEBUG Thread-19       d.u.i.k.r.m.MethodCall    method-call: super invocation of method detected.Requires static resolving. 
94278      DEBUG Thread-19       d.u.i.k.j.TypeConverter   typeconverter: (prefix this;, class class de.uka.ilkd.key.java.reference.ThisReference) 
94281      DEBUG Thread-19       d.u.i.k.j.TypeConverter   typeconverter: (prefix this;, class class de.uka.ilkd.key.java.reference.ThisReference) 
94313      DEBUG Thread-19       d.u.i.k.r.m.MethodCall    method-call: called for super.<prepare>(); 
94313      DEBUG Thread-19       d.u.i.k.r.m.MethodCall    method-call: super invocation of method detected.Requires static resolving. 
94322      DEBUG Thread-19       d.u.i.k.j.TypeConverter   typeconverter: (prefix this;, class class de.uka.ilkd.key.java.reference.ThisReference) 
94326      DEBUG Thread-19       d.u.i.k.j.TypeConverter   typeconverter: (prefix this;, class class de.uka.ilkd.key.java.reference.ThisReference) 
94358      DEBUG Thread-19       d.u.i.k.r.m.MethodCall    method-call: called for super.<init>(); 
94358      DEBUG Thread-19       d.u.i.k.r.m.MethodCall    method-call: super invocation of method detected.Requires static resolving. 
94368      DEBUG Thread-19       d.u.i.k.j.TypeConverter   typeconverter: (prefix this;, class class de.uka.ilkd.key.java.reference.ThisReference) 
94382      DEBUG Thread-19       d.u.i.k.j.TypeConverter   TypeConverter: FieldReference: o0; 
94391      DEBUG Thread-19       d.u.i.k.r.m.MethodCall    method-call: called for super.<init>(); 
94391      DEBUG Thread-19       d.u.i.k.r.m.MethodCall    method-call: super invocation of method detected.Requires static resolving. 
94400      DEBUG Thread-19       d.u.i.k.j.TypeConverter   typeconverter: (prefix this;, class class de.uka.ilkd.key.java.reference.ThisReference) 
94415      DEBUG Thread-19       d.u.i.k.j.TypeConverter   TypeConverter: FieldReference: o0; 
94435      DEBUG Thread-19       d.u.i.k.r.m.MethodCall    method-call: called for ObjectOrientation.<createObject>(); 
94436      DEBUG Thread-19       d.u.i.k.r.m.MethodCall    method-call: invocation of static method detected 
94446      DEBUG Thread-19       d.u.i.k.r.m.MethodCall    method-call: called for ObjectOrientation.<createObject>(); 
94446      DEBUG Thread-19       d.u.i.k.r.m.MethodCall    method-call: invocation of static method detected 
94457      DEBUG Thread-19       d.u.i.k.r.m.MethodCall    method-call: called for ObjectOrientation.<allocate>(); 
94457      DEBUG Thread-19       d.u.i.k.r.m.MethodCall    method-call: invocation of static method detected 
94462      DEBUG Thread-19       d.u.i.k.r.m.MethodCall    method-call: called for ObjectOrientation.<allocate>(); 
94462      DEBUG Thread-19       d.u.i.k.r.m.MethodCall    method-call: invocation of static method detected 
94528      DEBUG Thread-19       d.u.i.k.j.TypeConverter   typeconverter: (prefix this;, class class de.uka.ilkd.key.java.reference.ThisReference) 
94599      DEBUG Thread-19       d.u.i.k.j.TypeConverter   typeconverter: (prefix this;, class class de.uka.ilkd.key.java.reference.ThisReference) 
94605      DEBUG Thread-19       d.u.i.k.r.m.MethodCall    method-call: called for <prepareEnter>(); 
94605      DEBUG Thread-19       d.u.i.k.r.m.MethodCall    method-call: invocation of private method detected.Requires static resolving. 
94615      DEBUG Thread-19       d.u.i.k.r.m.MethodCall    method-call: called for <prepareEnter>(); 
94615      DEBUG Thread-19       d.u.i.k.r.m.MethodCall    method-call: invocation of private method detected.Requires static resolving. 
94623      DEBUG Thread-19       d.u.i.k.r.m.MethodCall    method-call: called for super.<prepare>(); 
94624      DEBUG Thread-19       d.u.i.k.r.m.MethodCall    method-call: super invocation of method detected.Requires static resolving. 
94635      DEBUG Thread-19       d.u.i.k.j.TypeConverter   typeconverter: (prefix this;, class class de.uka.ilkd.key.java.reference.ThisReference) 
94640      DEBUG Thread-19       d.u.i.k.j.TypeConverter   typeconverter: (prefix this;, class class de.uka.ilkd.key.java.reference.ThisReference) 
94681      DEBUG Thread-19       d.u.i.k.r.m.MethodCall    method-call: called for super.<prepare>(); 
94681      DEBUG Thread-19       d.u.i.k.r.m.MethodCall    method-call: super invocation of method detected.Requires static resolving. 
94693      DEBUG Thread-19       d.u.i.k.j.TypeConverter   typeconverter: (prefix this;, class class de.uka.ilkd.key.java.reference.ThisReference) 
94698      DEBUG Thread-19       d.u.i.k.j.TypeConverter   typeconverter: (prefix this;, class class de.uka.ilkd.key.java.reference.ThisReference) 
94745      DEBUG Thread-19       d.u.i.k.r.m.MethodCall    method-call: called for super.<init>(); 
94745      DEBUG Thread-19       d.u.i.k.r.m.MethodCall    method-call: super invocation of method detected.Requires static resolving. 
94757      DEBUG Thread-19       d.u.i.k.j.TypeConverter   typeconverter: (prefix this;, class class de.uka.ilkd.key.java.reference.ThisReference) 
94775      DEBUG Thread-19       d.u.i.k.j.TypeConverter   TypeConverter: FieldReference: o1; 
94785      DEBUG Thread-19       d.u.i.k.j.TypeConverter   TypeConverter: FieldReference: o0; 
94845      DEBUG Thread-19       d.u.i.k.j.TypeConverter   TypeConverter: FieldReference: o2; 
94923      DEBUG Thread-19       d.u.i.k.r.m.MethodCall    method-call: called for super.<init>(); 
94923      DEBUG Thread-19       d.u.i.k.r.m.MethodCall    method-call: super invocation of method detected.Requires static resolving. 
94934      DEBUG Thread-19       d.u.i.k.j.TypeConverter   typeconverter: (prefix this;, class class de.uka.ilkd.key.java.reference.ThisReference) 
94950      DEBUG Thread-19       d.u.i.k.j.TypeConverter   TypeConverter: FieldReference: o1; 
94959      DEBUG Thread-19       d.u.i.k.j.TypeConverter   TypeConverter: FieldReference: o0; 
94980      DEBUG Thread-19       d.u.i.k.j.TypeConverter   TypeConverter: FieldReference: o2; 
95969      INFO  main            d.u.i.k.p.r.p.TestFile    ... finished proof: closed. 
96246      DEBUG main            d.u.i.k.s.TermLabelSettings TermLabelSettings: Failure while reading the setting "UseOriginLabels".Using the default value: true.The string read was: null 
96246      INFO  main            d.u.i.k.p.r.p.TestFile    Now processing file /home/runner/work/key/key/key.core/../key.ui/examples/InformationFlow/NewObjects/object.ObjectOrientation(object.ObjectOrientation__insecure_object_assignment()).Non-interference contract.1.key 
97078      DEBUG main            d.u.i.k.j.r.ClassPreparationMethodBuilder clPrepBuilder: Inner Class detected. Reject building class initialisation methods. 
97129      DEBUG main            d.u.i.k.j.Recoder2KeY     converting now /home/runner/work/key/key/key.core/../key.ui/examples/InformationFlow/NewObjects/src/object/Naumann.java 
97131      DEBUG main            d.u.i.k.j.Recoder2KeY     converting now /home/runner/work/key/key/key.core/../key.ui/examples/InformationFlow/NewObjects/src/object/AmtoftBanerjee.java 
97136      DEBUG main            d.u.i.k.j.Recoder2KeY     converting now /home/runner/work/key/key/key.core/../key.ui/examples/InformationFlow/NewObjects/src/object/AmtoftBanerjee2.java 
97137      DEBUG main            d.u.i.k.j.Recoder2KeY     converting now /home/runner/work/key/key/key.core/../key.ui/examples/InformationFlow/NewObjects/src/object/ObjectOrientation.java 
97139      DEBUG main            d.u.i.k.j.Recoder2KeY     converting now /home/runner/work/key/key/key.core/../key.ui/examples/InformationFlow/NewObjects/src/object/AmtoftBanerjee3.java 
97146      DEBUG main            d.u.i.k.s.TermLabelSettings TermLabelSettings: Failure while reading the setting "UseOriginLabels".Using the default value: true.The string read was: null 
97146      DEBUG main            d.u.i.k.p.i.KeYFile       Reading KeY file /home/runner/work/key/key/key.core/../key.ui/examples/InformationFlow/NewObjects/object.ObjectOrientation(object.ObjectOrientation__insecure_object_assignment()).Non-interference contract.1.key 
97147      DEBUG main            d.u.i.k.p.i.KeYFile       Reading KeY file file:/home/runner/work/key/key/key.core/build/resources/main/de/uka/ilkd/key/java/JavaRedux/java/lang/String.key 
97149      DEBUG main            d.u.i.k.p.i.KeYFile       Read specifications obtained when parsing the Java files (usually JML and Strings.key) from file:/home/runner/work/key/key/key.core/build/resources/main/de/uka/ilkd/key/java/JavaRedux/java/lang/String.key 
98854      DEBUG main            d.u.i.k.p.i.KeYFile       Read specifications obtained when parsing the Java files (usually JML and Strings.key) from /home/runner/work/key/key/key.core/../key.ui/examples/InformationFlow/NewObjects/object.ObjectOrientation(object.ObjectOrientation__insecure_object_assignment()).Non-interference contract.1.key 
98941      DEBUG Thread-21       d.u.i.k.j.TypeConverter   TypeConverter: FieldReference: high_object; 
98943      DEBUG Thread-21       d.u.i.k.j.TypeConverter   TypeConverter: FieldReference: o0; 
98950      DEBUG Thread-21       d.u.i.k.j.TypeConverter   TypeConverter: FieldReference: high_object; 
98953      DEBUG Thread-21       d.u.i.k.j.TypeConverter   TypeConverter: FieldReference: o0; 
104808     DEBUG Thread-21       d.u.i.k.j.TypeConverter   TypeConverter: FieldReference: high_object; 
104811     DEBUG Thread-21       d.u.i.k.j.TypeConverter   TypeConverter: FieldReference: o0; 
104818     DEBUG Thread-21       d.u.i.k.j.TypeConverter   TypeConverter: FieldReference: high_object; 
104820     DEBUG Thread-21       d.u.i.k.j.TypeConverter   TypeConverter: FieldReference: o0; 
105217     DEBUG Thread-21       d.u.i.k.j.TypeConverter   TypeConverter: FieldReference: high_object; 
105219     DEBUG Thread-21       d.u.i.k.j.TypeConverter   TypeConverter: FieldReference: o0; 
105225     DEBUG Thread-21       d.u.i.k.j.TypeConverter   TypeConverter: FieldReference: high_object; 
105227     DEBUG Thread-21       d.u.i.k.j.TypeConverter   TypeConverter: FieldReference: o0; 
106045     DEBUG Thread-21       d.u.i.k.j.TypeConverter   TypeConverter: FieldReference: high_object; 
106047     DEBUG Thread-21       d.u.i.k.j.TypeConverter   TypeConverter: FieldReference: o0; 
106052     DEBUG Thread-21       d.u.i.k.j.TypeConverter   TypeConverter: FieldReference: high_object; 
106054     DEBUG Thread-21       d.u.i.k.j.TypeConverter   TypeConverter: FieldReference: o0; 
107089     INFO  main            d.u.i.k.p.r.p.TestFile    ... finished proof: open goal(s) 
107270     DEBUG main            d.u.i.k.s.TermLabelSettings TermLabelSettings: Failure while reading the setting "UseOriginLabels".Using the default value: true.The string read was: null 
107270     INFO  main            d.u.i.k.p.r.p.TestFile    Now processing file /home/runner/work/key/key/key.core/../key.ui/examples/InformationFlow/NewObjects/object.ObjectOrientation(object.ObjectOrientation__insecure_object_assignment()).Non-interference contract.0.key 
108054     DEBUG main            d.u.i.k.j.r.ClassPreparationMethodBuilder clPrepBuilder: Inner Class detected. Reject building class initialisation methods. 
108101     DEBUG main            d.u.i.k.j.Recoder2KeY     converting now /home/runner/work/key/key/key.core/../key.ui/examples/InformationFlow/NewObjects/src/object/Naumann.java 
108103     DEBUG main            d.u.i.k.j.Recoder2KeY     converting now /home/runner/work/key/key/key.core/../key.ui/examples/InformationFlow/NewObjects/src/object/AmtoftBanerjee.java 
108104     DEBUG main            d.u.i.k.j.Recoder2KeY     converting now /home/runner/work/key/key/key.core/../key.ui/examples/InformationFlow/NewObjects/src/object/AmtoftBanerjee2.java 
108105     DEBUG main            d.u.i.k.j.Recoder2KeY     converting now /home/runner/work/key/key/key.core/../key.ui/examples/InformationFlow/NewObjects/src/object/ObjectOrientation.java 
108106     DEBUG main            d.u.i.k.j.Recoder2KeY     converting now /home/runner/work/key/key/key.core/../key.ui/examples/InformationFlow/NewObjects/src/object/AmtoftBanerjee3.java 
108110     DEBUG main            d.u.i.k.s.TermLabelSettings TermLabelSettings: Failure while reading the setting "UseOriginLabels".Using the default value: true.The string read was: null 
108110     DEBUG main            d.u.i.k.p.i.KeYFile       Reading KeY file /home/runner/work/key/key/key.core/../key.ui/examples/InformationFlow/NewObjects/object.ObjectOrientation(object.ObjectOrientation__insecure_object_assignment()).Non-interference contract.0.key 
108111     DEBUG main            d.u.i.k.p.i.KeYFile       Reading KeY file file:/home/runner/work/key/key/key.core/build/resources/main/de/uka/ilkd/key/java/JavaRedux/java/lang/String.key 
108113     DEBUG main            d.u.i.k.p.i.KeYFile       Read specifications obtained when parsing the Java files (usually JML and Strings.key) from file:/home/runner/work/key/key/key.core/build/resources/main/de/uka/ilkd/key/java/JavaRedux/java/lang/String.key 
109836     DEBUG main            d.u.i.k.p.i.KeYFile       Read specifications obtained when parsing the Java files (usually JML and Strings.key) from /home/runner/work/key/key/key.core/../key.ui/examples/InformationFlow/NewObjects/object.ObjectOrientation(object.ObjectOrientation__insecure_object_assignment()).Non-interference contract.0.key 
109931     DEBUG Thread-23       d.u.i.k.j.TypeConverter   TypeConverter: FieldReference: high_object; 
109933     DEBUG Thread-23       d.u.i.k.j.TypeConverter   TypeConverter: FieldReference: o0; 
109963     DEBUG Thread-23       d.u.i.k.j.TypeConverter   TypeConverter: FieldReference: high_object; 
109966     DEBUG Thread-23       d.u.i.k.j.TypeConverter   TypeConverter: FieldReference: o0; 
110086     INFO  main            d.u.i.k.p.r.p.TestFile    ... finished proof: open goal(s) 
110257     DEBUG main            d.u.i.k.s.TermLabelSettings TermLabelSettings: Failure while reading the setting "UseOriginLabels".Using the default value: true.The string read was: null 
110257     INFO  main            d.u.i.k.p.r.p.TestFile    Now processing file /home/runner/work/key/key/key.core/../key.ui/examples/InformationFlow/NewObjects/object.ObjectOrientation(object.ObjectOrientation__secure_object_creation_3()).Non-interference contract.0.key 
111038     DEBUG main            d.u.i.k.j.r.ClassPreparationMethodBuilder clPrepBuilder: Inner Class detected. Reject building class initialisation methods. 
111085     DEBUG main            d.u.i.k.j.Recoder2KeY     converting now /home/runner/work/key/key/key.core/../key.ui/examples/InformationFlow/NewObjects/src/object/Naumann.java 
111087     DEBUG main            d.u.i.k.j.Recoder2KeY     converting now /home/runner/work/key/key/key.core/../key.ui/examples/InformationFlow/NewObjects/src/object/AmtoftBanerjee.java 
111088     DEBUG main            d.u.i.k.j.Recoder2KeY     converting now /home/runner/work/key/key/key.core/../key.ui/examples/InformationFlow/NewObjects/src/object/AmtoftBanerjee2.java 
111088     DEBUG main            d.u.i.k.j.Recoder2KeY     converting now /home/runner/work/key/key/key.core/../key.ui/examples/InformationFlow/NewObjects/src/object/ObjectOrientation.java 
111089     DEBUG main            d.u.i.k.j.Recoder2KeY     converting now /home/runner/work/key/key/key.core/../key.ui/examples/InformationFlow/NewObjects/src/object/AmtoftBanerjee3.java 
111094     DEBUG main            d.u.i.k.s.TermLabelSettings TermLabelSettings: Failure while reading the setting "UseOriginLabels".Using the default value: true.The string read was: null 
111094     DEBUG main            d.u.i.k.p.i.KeYFile       Reading KeY file /home/runner/work/key/key/key.core/../key.ui/examples/InformationFlow/NewObjects/object.ObjectOrientation(object.ObjectOrientation__secure_object_creation_3()).Non-interference contract.0.key 
111095     DEBUG main            d.u.i.k.p.i.KeYFile       Reading KeY file file:/home/runner/work/key/key/key.core/build/resources/main/de/uka/ilkd/key/java/JavaRedux/java/lang/String.key 
111097     DEBUG main            d.u.i.k.p.i.KeYFile       Read specifications obtained when parsing the Java files (usually JML and Strings.key) from file:/home/runner/work/key/key/key.core/build/resources/main/de/uka/ilkd/key/java/JavaRedux/java/lang/String.key 
112813     DEBUG main            d.u.i.k.p.i.KeYFile       Read specifications obtained when parsing the Java files (usually JML and Strings.key) from /home/runner/work/key/key/key.core/../key.ui/examples/InformationFlow/NewObjects/object.ObjectOrientation(object.ObjectOrientation__secure_object_creation_3()).Non-interference contract.0.key 
112923     DEBUG Thread-25       d.u.i.k.r.m.MethodCall    method-call: called for ObjectOrientation.<createObject>(); 
112923     DEBUG Thread-25       d.u.i.k.r.m.MethodCall    method-call: invocation of static method detected 
112929     DEBUG Thread-25       d.u.i.k.r.m.MethodCall    method-call: called for ObjectOrientation.<createObject>(); 
112929     DEBUG Thread-25       d.u.i.k.r.m.MethodCall    method-call: invocation of static method detected 
112935     DEBUG Thread-25       d.u.i.k.r.m.MethodCall    method-call: called for ObjectOrientation.<allocate>(); 
112935     DEBUG Thread-25       d.u.i.k.r.m.MethodCall    method-call: invocation of static method detected 
112938     DEBUG Thread-25       d.u.i.k.r.m.MethodCall    method-call: called for ObjectOrientation.<allocate>(); 
112938     DEBUG Thread-25       d.u.i.k.r.m.MethodCall    method-call: invocation of static method detected 
112951     DEBUG Thread-25       d.u.i.k.j.TypeConverter   typeconverter: (prefix this;, class class de.uka.ilkd.key.java.reference.ThisReference) 
112967     DEBUG Thread-25       d.u.i.k.j.TypeConverter   typeconverter: (prefix this;, class class de.uka.ilkd.key.java.reference.ThisReference) 
112971     DEBUG Thread-25       d.u.i.k.r.m.MethodCall    method-call: called for <prepareEnter>(); 
112971     DEBUG Thread-25       d.u.i.k.r.m.MethodCall    method-call: invocation of private method detected.Requires static resolving. 
112975     DEBUG Thread-25       d.u.i.k.r.m.MethodCall    method-call: called for <prepareEnter>(); 
112976     DEBUG Thread-25       d.u.i.k.r.m.MethodCall    method-call: invocation of private method detected.Requires static resolving. 
112980     DEBUG Thread-25       d.u.i.k.r.m.MethodCall    method-call: called for super.<prepare>(); 
112981     DEBUG Thread-25       d.u.i.k.r.m.MethodCall    method-call: super invocation of method detected.Requires static resolving. 
112987     DEBUG Thread-25       d.u.i.k.j.TypeConverter   typeconverter: (prefix this;, class class de.uka.ilkd.key.java.reference.ThisReference) 
112991     DEBUG Thread-25       d.u.i.k.j.TypeConverter   typeconverter: (prefix this;, class class de.uka.ilkd.key.java.reference.ThisReference) 
113014     DEBUG Thread-25       d.u.i.k.r.m.MethodCall    method-call: called for super.<prepare>(); 
113014     DEBUG Thread-25       d.u.i.k.r.m.MethodCall    method-call: super invocation of method detected.Requires static resolving. 
113021     DEBUG Thread-25       d.u.i.k.j.TypeConverter   typeconverter: (prefix this;, class class de.uka.ilkd.key.java.reference.ThisReference) 
113025     DEBUG Thread-25       d.u.i.k.j.TypeConverter   typeconverter: (prefix this;, class class de.uka.ilkd.key.java.reference.ThisReference) 
113048     DEBUG Thread-25       d.u.i.k.r.m.MethodCall    method-call: called for super.<init>(); 
113049     DEBUG Thread-25       d.u.i.k.r.m.MethodCall    method-call: super invocation of method detected.Requires static resolving. 
113055     DEBUG Thread-25       d.u.i.k.j.TypeConverter   typeconverter: (prefix this;, class class de.uka.ilkd.key.java.reference.ThisReference) 
113096     DEBUG Thread-25       d.u.i.k.r.m.MethodCall    method-call: called for super.<init>(); 
113097     DEBUG Thread-25       d.u.i.k.r.m.MethodCall    method-call: super invocation of method detected.Requires static resolving. 
113104     DEBUG Thread-25       d.u.i.k.j.TypeConverter   typeconverter: (prefix this;, class class de.uka.ilkd.key.java.reference.ThisReference) 
113258     INFO  main            d.u.i.k.p.r.p.TestFile    ... finished proof: closed. 
113420     DEBUG main            d.u.i.k.s.TermLabelSettings TermLabelSettings: Failure while reading the setting "UseOriginLabels".Using the default value: true.The string read was: null 
113420     INFO  main            d.u.i.k.p.r.p.TestFile    Now processing file /home/runner/work/key/key/key.core/../key.ui/examples/InformationFlow/NewObjects/object.ObjectOrientation(object.ObjectOrientation__secure_object_creation_2()).Non-interference contract.0.key 
114205     DEBUG main            d.u.i.k.j.r.ClassPreparationMethodBuilder clPrepBuilder: Inner Class detected. Reject building class initialisation methods. 
114252     DEBUG main            d.u.i.k.j.Recoder2KeY     converting now /home/runner/work/key/key/key.core/../key.ui/examples/InformationFlow/NewObjects/src/object/Naumann.java 
114253     DEBUG main            d.u.i.k.j.Recoder2KeY     converting now /home/runner/work/key/key/key.core/../key.ui/examples/InformationFlow/NewObjects/src/object/AmtoftBanerjee.java 
114254     DEBUG main            d.u.i.k.j.Recoder2KeY     converting now /home/runner/work/key/key/key.core/../key.ui/examples/InformationFlow/NewObjects/src/object/AmtoftBanerjee2.java 
114254     DEBUG main            d.u.i.k.j.Recoder2KeY     converting now /home/runner/work/key/key/key.core/../key.ui/examples/InformationFlow/NewObjects/src/object/ObjectOrientation.java 
114255     DEBUG main            d.u.i.k.j.Recoder2KeY     converting now /home/runner/work/key/key/key.core/../key.ui/examples/InformationFlow/NewObjects/src/object/AmtoftBanerjee3.java 
114259     DEBUG main            d.u.i.k.s.TermLabelSettings TermLabelSettings: Failure while reading the setting "UseOriginLabels".Using the default value: true.The string read was: null 
114260     DEBUG main            d.u.i.k.p.i.KeYFile       Reading KeY file /home/runner/work/key/key/key.core/../key.ui/examples/InformationFlow/NewObjects/object.ObjectOrientation(object.ObjectOrientation__secure_object_creation_2()).Non-interference contract.0.key 
114261     DEBUG main            d.u.i.k.p.i.KeYFile       Reading KeY file file:/home/runner/work/key/key/key.core/build/resources/main/de/uka/ilkd/key/java/JavaRedux/java/lang/String.key 
114263     DEBUG main            d.u.i.k.p.i.KeYFile       Read specifications obtained when parsing the Java files (usually JML and Strings.key) from file:/home/runner/work/key/key/key.core/build/resources/main/de/uka/ilkd/key/java/JavaRedux/java/lang/String.key 
115991     DEBUG main            d.u.i.k.p.i.KeYFile       Read specifications obtained when parsing the Java files (usually JML and Strings.key) from /home/runner/work/key/key/key.core/../key.ui/examples/InformationFlow/NewObjects/object.ObjectOrientation(object.ObjectOrientation__secure_object_creation_2()).Non-interference contract.0.key 
116101     DEBUG Thread-27       d.u.i.k.r.m.MethodCall    method-call: called for ObjectOrientation.<createObject>(); 
116101     DEBUG Thread-27       d.u.i.k.r.m.MethodCall    method-call: invocation of static method detected 
116107     DEBUG Thread-27       d.u.i.k.r.m.MethodCall    method-call: called for ObjectOrientation.<createObject>(); 
116107     DEBUG Thread-27       d.u.i.k.r.m.MethodCall    method-call: invocation of static method detected 
116113     DEBUG Thread-27       d.u.i.k.r.m.MethodCall    method-call: called for ObjectOrientation.<allocate>(); 
116114     DEBUG Thread-27       d.u.i.k.r.m.MethodCall    method-call: invocation of static method detected 
116116     DEBUG Thread-27       d.u.i.k.r.m.MethodCall    method-call: called for ObjectOrientation.<allocate>(); 
116116     DEBUG Thread-27       d.u.i.k.r.m.MethodCall    method-call: invocation of static method detected 
116130     DEBUG Thread-27       d.u.i.k.j.TypeConverter   typeconverter: (prefix this;, class class de.uka.ilkd.key.java.reference.ThisReference) 
116145     DEBUG Thread-27       d.u.i.k.j.TypeConverter   typeconverter: (prefix this;, class class de.uka.ilkd.key.java.reference.ThisReference) 
116149     DEBUG Thread-27       d.u.i.k.r.m.MethodCall    method-call: called for <prepareEnter>(); 
116149     DEBUG Thread-27       d.u.i.k.r.m.MethodCall    method-call: invocation of private method detected.Requires static resolving. 
116153     DEBUG Thread-27       d.u.i.k.r.m.MethodCall    method-call: called for <prepareEnter>(); 
116154     DEBUG Thread-27       d.u.i.k.r.m.MethodCall    method-call: invocation of private method detected.Requires static resolving. 
116159     DEBUG Thread-27       d.u.i.k.r.m.MethodCall    method-call: called for super.<prepare>(); 
116160     DEBUG Thread-27       d.u.i.k.r.m.MethodCall    method-call: super invocation of method detected.Requires static resolving. 
116166     DEBUG Thread-27       d.u.i.k.j.TypeConverter   typeconverter: (prefix this;, class class de.uka.ilkd.key.java.reference.ThisReference) 
116170     DEBUG Thread-27       d.u.i.k.j.TypeConverter   typeconverter: (prefix this;, class class de.uka.ilkd.key.java.reference.ThisReference) 
116193     DEBUG Thread-27       d.u.i.k.r.m.MethodCall    method-call: called for super.<prepare>(); 
116193     DEBUG Thread-27       d.u.i.k.r.m.MethodCall    method-call: super invocation of method detected.Requires static resolving. 
116201     DEBUG Thread-27       d.u.i.k.j.TypeConverter   typeconverter: (prefix this;, class class de.uka.ilkd.key.java.reference.ThisReference) 
116204     DEBUG Thread-27       d.u.i.k.j.TypeConverter   typeconverter: (prefix this;, class class de.uka.ilkd.key.java.reference.ThisReference) 
116227     DEBUG Thread-27       d.u.i.k.r.m.MethodCall    method-call: called for super.<init>(); 
116228     DEBUG Thread-27       d.u.i.k.r.m.MethodCall    method-call: super invocation of method detected.Requires static resolving. 
116234     DEBUG Thread-27       d.u.i.k.j.TypeConverter   typeconverter: (prefix this;, class class de.uka.ilkd.key.java.reference.ThisReference) 
116275     DEBUG Thread-27       d.u.i.k.r.m.MethodCall    method-call: called for super.<init>(); 
116275     DEBUG Thread-27       d.u.i.k.r.m.MethodCall    method-call: super invocation of method detected.Requires static resolving. 
116282     DEBUG Thread-27       d.u.i.k.j.TypeConverter   typeconverter: (prefix this;, class class de.uka.ilkd.key.java.reference.ThisReference) 
116334     INFO  main            d.u.i.k.p.r.p.TestFile    ... finished proof: closed. 
116495     DEBUG main            d.u.i.k.s.TermLabelSettings TermLabelSettings: Failure while reading the setting "UseOriginLabels".Using the default value: true.The string read was: null 
116496     INFO  main            d.u.i.k.p.r.p.TestFile    Now processing file /home/runner/work/key/key/key.core/../key.ui/examples/InformationFlow/NewObjects/object.ObjectOrientation(object.ObjectOrientation__secure_object_creation()).Non-interference contract.0.key 
117271     DEBUG main            d.u.i.k.j.r.ClassPreparationMethodBuilder clPrepBuilder: Inner Class detected. Reject building class initialisation methods. 
117318     DEBUG main            d.u.i.k.j.Recoder2KeY     converting now /home/runner/work/key/key/key.core/../key.ui/examples/InformationFlow/NewObjects/src/object/Naumann.java 
117320     DEBUG main            d.u.i.k.j.Recoder2KeY     converting now /home/runner/work/key/key/key.core/../key.ui/examples/InformationFlow/NewObjects/src/object/AmtoftBanerjee.java 
117320     DEBUG main            d.u.i.k.j.Recoder2KeY     converting now /home/runner/work/key/key/key.core/../key.ui/examples/InformationFlow/NewObjects/src/object/AmtoftBanerjee2.java 
117321     DEBUG main            d.u.i.k.j.Recoder2KeY     converting now /home/runner/work/key/key/key.core/../key.ui/examples/InformationFlow/NewObjects/src/object/ObjectOrientation.java 
117322     DEBUG main            d.u.i.k.j.Recoder2KeY     converting now /home/runner/work/key/key/key.core/../key.ui/examples/InformationFlow/NewObjects/src/object/AmtoftBanerjee3.java 
117326     DEBUG main            d.u.i.k.s.TermLabelSettings TermLabelSettings: Failure while reading the setting "UseOriginLabels".Using the default value: true.The string read was: null 
117326     DEBUG main            d.u.i.k.p.i.KeYFile       Reading KeY file /home/runner/work/key/key/key.core/../key.ui/examples/InformationFlow/NewObjects/object.ObjectOrientation(object.ObjectOrientation__secure_object_creation()).Non-interference contract.0.key 
117327     DEBUG main            d.u.i.k.p.i.KeYFile       Reading KeY file file:/home/runner/work/key/key/key.core/build/resources/main/de/uka/ilkd/key/java/JavaRedux/java/lang/String.key 
117329     DEBUG main            d.u.i.k.p.i.KeYFile       Read specifications obtained when parsing the Java files (usually JML and Strings.key) from file:/home/runner/work/key/key/key.core/build/resources/main/de/uka/ilkd/key/java/JavaRedux/java/lang/String.key 
119024     DEBUG main            d.u.i.k.p.i.KeYFile       Read specifications obtained when parsing the Java files (usually JML and Strings.key) from /home/runner/work/key/key/key.core/../key.ui/examples/InformationFlow/NewObjects/object.ObjectOrientation(object.ObjectOrientation__secure_object_creation()).Non-interference contract.0.key 
119179     DEBUG Thread-29       d.u.i.k.r.m.MethodCall    method-call: called for ObjectOrientation.<createObject>(); 
119179     DEBUG Thread-29       d.u.i.k.r.m.MethodCall    method-call: invocation of static method detected 
119184     DEBUG Thread-29       d.u.i.k.r.m.MethodCall    method-call: called for ObjectOrientation.<createObject>(); 
119184     DEBUG Thread-29       d.u.i.k.r.m.MethodCall    method-call: invocation of static method detected 
119190     DEBUG Thread-29       d.u.i.k.r.m.MethodCall    method-call: called for ObjectOrientation.<allocate>(); 
119190     DEBUG Thread-29       d.u.i.k.r.m.MethodCall    method-call: invocation of static method detected 
119192     DEBUG Thread-29       d.u.i.k.r.m.MethodCall    method-call: called for ObjectOrientation.<allocate>(); 
119192     DEBUG Thread-29       d.u.i.k.r.m.MethodCall    method-call: invocation of static method detected 
119205     DEBUG Thread-29       d.u.i.k.j.TypeConverter   typeconverter: (prefix this;, class class de.uka.ilkd.key.java.reference.ThisReference) 
119220     DEBUG Thread-29       d.u.i.k.j.TypeConverter   typeconverter: (prefix this;, class class de.uka.ilkd.key.java.reference.ThisReference) 
119223     DEBUG Thread-29       d.u.i.k.r.m.MethodCall    method-call: called for <prepareEnter>(); 
119223     DEBUG Thread-29       d.u.i.k.r.m.MethodCall    method-call: invocation of private method detected.Requires static resolving. 
119228     DEBUG Thread-29       d.u.i.k.r.m.MethodCall    method-call: called for <prepareEnter>(); 
119228     DEBUG Thread-29       d.u.i.k.r.m.MethodCall    method-call: invocation of private method detected.Requires static resolving. 
119232     DEBUG Thread-29       d.u.i.k.r.m.MethodCall    method-call: called for super.<prepare>(); 
119232     DEBUG Thread-29       d.u.i.k.r.m.MethodCall    method-call: super invocation of method detected.Requires static resolving. 
119238     DEBUG Thread-29       d.u.i.k.j.TypeConverter   typeconverter: (prefix this;, class class de.uka.ilkd.key.java.reference.ThisReference) 
119242     DEBUG Thread-29       d.u.i.k.j.TypeConverter   typeconverter: (prefix this;, class class de.uka.ilkd.key.java.reference.ThisReference) 
119264     DEBUG Thread-29       d.u.i.k.r.m.MethodCall    method-call: called for super.<prepare>(); 
119264     DEBUG Thread-29       d.u.i.k.r.m.MethodCall    method-call: super invocation of method detected.Requires static resolving. 
119270     DEBUG Thread-29       d.u.i.k.j.TypeConverter   typeconverter: (prefix this;, class class de.uka.ilkd.key.java.reference.ThisReference) 
119274     DEBUG Thread-29       d.u.i.k.j.TypeConverter   typeconverter: (prefix this;, class class de.uka.ilkd.key.java.reference.ThisReference) 
119296     DEBUG Thread-29       d.u.i.k.r.m.MethodCall    method-call: called for super.<init>(); 
119297     DEBUG Thread-29       d.u.i.k.r.m.MethodCall    method-call: super invocation of method detected.Requires static resolving. 
119303     DEBUG Thread-29       d.u.i.k.j.TypeConverter   typeconverter: (prefix this;, class class de.uka.ilkd.key.java.reference.ThisReference) 
119336     DEBUG Thread-29       d.u.i.k.r.m.MethodCall    method-call: called for super.<init>(); 
119336     DEBUG Thread-29       d.u.i.k.r.m.MethodCall    method-call: super invocation of method detected.Requires static resolving. 
119359     DEBUG Thread-29       d.u.i.k.j.TypeConverter   typeconverter: (prefix this;, class class de.uka.ilkd.key.java.reference.ThisReference) 
119432     DEBUG Thread-29       d.u.i.k.r.m.MethodCall    method-call: called for ObjectOrientation.<createObject>(); 
119433     DEBUG Thread-29       d.u.i.k.r.m.MethodCall    method-call: invocation of static method detected 
119438     DEBUG Thread-29       d.u.i.k.r.m.MethodCall    method-call: called for ObjectOrientation.<createObject>(); 
119438     DEBUG Thread-29       d.u.i.k.r.m.MethodCall    method-call: invocation of static method detected 
119443     DEBUG Thread-29       d.u.i.k.r.m.MethodCall    method-call: called for ObjectOrientation.<allocate>(); 
119443     DEBUG Thread-29       d.u.i.k.r.m.MethodCall    method-call: invocation of static method detected 
119445     DEBUG Thread-29       d.u.i.k.r.m.MethodCall    method-call: called for ObjectOrientation.<allocate>(); 
119446     DEBUG Thread-29       d.u.i.k.r.m.MethodCall    method-call: invocation of static method detected 
119458     DEBUG Thread-29       d.u.i.k.j.TypeConverter   typeconverter: (prefix this;, class class de.uka.ilkd.key.java.reference.ThisReference) 
119472     DEBUG Thread-29       d.u.i.k.j.TypeConverter   typeconverter: (prefix this;, class class de.uka.ilkd.key.java.reference.ThisReference) 
119476     DEBUG Thread-29       d.u.i.k.r.m.MethodCall    method-call: called for <prepareEnter>(); 
119476     DEBUG Thread-29       d.u.i.k.r.m.MethodCall    method-call: invocation of private method detected.Requires static resolving. 
119480     DEBUG Thread-29       d.u.i.k.r.m.MethodCall    method-call: called for <prepareEnter>(); 
119480     DEBUG Thread-29       d.u.i.k.r.m.MethodCall    method-call: invocation of private method detected.Requires static resolving. 
119484     DEBUG Thread-29       d.u.i.k.r.m.MethodCall    method-call: called for super.<prepare>(); 
119484     DEBUG Thread-29       d.u.i.k.r.m.MethodCall    method-call: super invocation of method detected.Requires static resolving. 
119490     DEBUG Thread-29       d.u.i.k.j.TypeConverter   typeconverter: (prefix this;, class class de.uka.ilkd.key.java.reference.ThisReference) 
119494     DEBUG Thread-29       d.u.i.k.j.TypeConverter   typeconverter: (prefix this;, class class de.uka.ilkd.key.java.reference.ThisReference) 
119515     DEBUG Thread-29       d.u.i.k.r.m.MethodCall    method-call: called for super.<prepare>(); 
119516     DEBUG Thread-29       d.u.i.k.r.m.MethodCall    method-call: super invocation of method detected.Requires static resolving. 
119522     DEBUG Thread-29       d.u.i.k.j.TypeConverter   typeconverter: (prefix this;, class class de.uka.ilkd.key.java.reference.ThisReference) 
119525     DEBUG Thread-29       d.u.i.k.j.TypeConverter   typeconverter: (prefix this;, class class de.uka.ilkd.key.java.reference.ThisReference) 
119547     DEBUG Thread-29       d.u.i.k.r.m.MethodCall    method-call: called for super.<init>(); 
119547     DEBUG Thread-29       d.u.i.k.r.m.MethodCall    method-call: super invocation of method detected.Requires static resolving. 
119553     DEBUG Thread-29       d.u.i.k.j.TypeConverter   typeconverter: (prefix this;, class class de.uka.ilkd.key.java.reference.ThisReference) 
119583     DEBUG Thread-29       d.u.i.k.r.m.MethodCall    method-call: called for super.<init>(); 
119584     DEBUG Thread-29       d.u.i.k.r.m.MethodCall    method-call: super invocation of method detected.Requires static resolving. 
119590     DEBUG Thread-29       d.u.i.k.j.TypeConverter   typeconverter: (prefix this;, class class de.uka.ilkd.key.java.reference.ThisReference) 
119663     DEBUG Thread-29       d.u.i.k.r.m.MethodCall    method-call: called for ObjectOrientation.<createObject>(); 
119663     DEBUG Thread-29       d.u.i.k.r.m.MethodCall    method-call: invocation of static method detected 
119668     DEBUG Thread-29       d.u.i.k.r.m.MethodCall    method-call: called for ObjectOrientation.<createObject>(); 
119668     DEBUG Thread-29       d.u.i.k.r.m.MethodCall    method-call: invocation of static method detected 
119673     DEBUG Thread-29       d.u.i.k.r.m.MethodCall    method-call: called for ObjectOrientation.<allocate>(); 
119673     DEBUG Thread-29       d.u.i.k.r.m.MethodCall    method-call: invocation of static method detected 
119676     DEBUG Thread-29       d.u.i.k.r.m.MethodCall    method-call: called for ObjectOrientation.<allocate>(); 
119676     DEBUG Thread-29       d.u.i.k.r.m.MethodCall    method-call: invocation of static method detected 
119688     DEBUG Thread-29       d.u.i.k.j.TypeConverter   typeconverter: (prefix this;, class class de.uka.ilkd.key.java.reference.ThisReference) 
119702     DEBUG Thread-29       d.u.i.k.j.TypeConverter   typeconverter: (prefix this;, class class de.uka.ilkd.key.java.reference.ThisReference) 
119705     DEBUG Thread-29       d.u.i.k.r.m.MethodCall    method-call: called for <prepareEnter>(); 
119705     DEBUG Thread-29       d.u.i.k.r.m.MethodCall    method-call: invocation of private method detected.Requires static resolving. 
119710     DEBUG Thread-29       d.u.i.k.r.m.MethodCall    method-call: called for <prepareEnter>(); 
119710     DEBUG Thread-29       d.u.i.k.r.m.MethodCall    method-call: invocation of private method detected.Requires static resolving. 
119714     DEBUG Thread-29       d.u.i.k.r.m.MethodCall    method-call: called for super.<prepare>(); 
119714     DEBUG Thread-29       d.u.i.k.r.m.MethodCall    method-call: super invocation of method detected.Requires static resolving. 
119720     DEBUG Thread-29       d.u.i.k.j.TypeConverter   typeconverter: (prefix this;, class class de.uka.ilkd.key.java.reference.ThisReference) 
119723     DEBUG Thread-29       d.u.i.k.j.TypeConverter   typeconverter: (prefix this;, class class de.uka.ilkd.key.java.reference.ThisReference) 
119745     DEBUG Thread-29       d.u.i.k.r.m.MethodCall    method-call: called for super.<prepare>(); 
119745     DEBUG Thread-29       d.u.i.k.r.m.MethodCall    method-call: super invocation of method detected.Requires static resolving. 
119751     DEBUG Thread-29       d.u.i.k.j.TypeConverter   typeconverter: (prefix this;, class class de.uka.ilkd.key.java.reference.ThisReference) 
119754     DEBUG Thread-29       d.u.i.k.j.TypeConverter   typeconverter: (prefix this;, class class de.uka.ilkd.key.java.reference.ThisReference) 
119776     DEBUG Thread-29       d.u.i.k.r.m.MethodCall    method-call: called for super.<init>(); 
119777     DEBUG Thread-29       d.u.i.k.r.m.MethodCall    method-call: super invocation of method detected.Requires static resolving. 
119782     DEBUG Thread-29       d.u.i.k.j.TypeConverter   typeconverter: (prefix this;, class class de.uka.ilkd.key.java.reference.ThisReference) 
119867     INFO  main            d.u.i.k.p.r.p.TestFile    ... finished proof: closed. 
120041     DEBUG main            d.u.i.k.s.TermLabelSettings TermLabelSettings: Failure while reading the setting "UseOriginLabels".Using the default value: true.The string read was: null 
120041     INFO  main            d.u.i.k.p.r.p.TestFile    Now processing file /home/runner/work/key/key/key.core/../key.ui/examples/InformationFlow/NewObjects/object.AmtoftBanerjee2(object.AmtoftBanerjee2__expensive(int)).Non-interference contract.0.key 
120822     DEBUG main            d.u.i.k.j.r.ClassPreparationMethodBuilder clPrepBuilder: Inner Class detected. Reject building class initialisation methods. 
120869     DEBUG main            d.u.i.k.j.Recoder2KeY     converting now /home/runner/work/key/key/key.core/../key.ui/examples/InformationFlow/NewObjects/src/object/Naumann.java 
120871     DEBUG main            d.u.i.k.j.Recoder2KeY     converting now /home/runner/work/key/key/key.core/../key.ui/examples/InformationFlow/NewObjects/src/object/AmtoftBanerjee.java 
120871     DEBUG main            d.u.i.k.j.Recoder2KeY     converting now /home/runner/work/key/key/key.core/../key.ui/examples/InformationFlow/NewObjects/src/object/AmtoftBanerjee2.java 
120872     DEBUG main            d.u.i.k.j.Recoder2KeY     converting now /home/runner/work/key/key/key.core/../key.ui/examples/InformationFlow/NewObjects/src/object/ObjectOrientation.java 
120873     DEBUG main            d.u.i.k.j.Recoder2KeY     converting now /home/runner/work/key/key/key.core/../key.ui/examples/InformationFlow/NewObjects/src/object/AmtoftBanerjee3.java 
120877     DEBUG main            d.u.i.k.s.TermLabelSettings TermLabelSettings: Failure while reading the setting "UseOriginLabels".Using the default value: true.The string read was: null 
120878     DEBUG main            d.u.i.k.p.i.KeYFile       Reading KeY file /home/runner/work/key/key/key.core/../key.ui/examples/InformationFlow/NewObjects/object.AmtoftBanerjee2(object.AmtoftBanerjee2__expensive(int)).Non-interference contract.0.key 
120878     DEBUG main            d.u.i.k.p.i.KeYFile       Reading KeY file file:/home/runner/work/key/key/key.core/build/resources/main/de/uka/ilkd/key/java/JavaRedux/java/lang/String.key 
120881     DEBUG main            d.u.i.k.p.i.KeYFile       Read specifications obtained when parsing the Java files (usually JML and Strings.key) from file:/home/runner/work/key/key/key.core/build/resources/main/de/uka/ilkd/key/java/JavaRedux/java/lang/String.key 
122611     DEBUG main            d.u.i.k.p.i.KeYFile       Read specifications obtained when parsing the Java files (usually JML and Strings.key) from /home/runner/work/key/key/key.core/../key.ui/examples/InformationFlow/NewObjects/object.AmtoftBanerjee2(object.AmtoftBanerjee2__expensive(int)).Non-interference contract.0.key 
122754     INFO  main            d.u.i.k.p.r.p.TestFile    ... finished proof: closed. 
122924     DEBUG main            d.u.i.k.s.TermLabelSettings TermLabelSettings: Failure while reading the setting "UseOriginLabels".Using the default value: true.The string read was: null 
122924     INFO  main            d.u.i.k.p.r.p.TestFile    Now processing file /home/runner/work/key/key/key.core/../key.ui/examples/InformationFlow/NewObjects/object.AmtoftBanerjee2(object.AmtoftBanerjee2__cexp(int)).Non-interference contract.0.key 
123713     DEBUG main            d.u.i.k.j.r.ClassPreparationMethodBuilder clPrepBuilder: Inner Class detected. Reject building class initialisation methods. 
123760     DEBUG main            d.u.i.k.j.Recoder2KeY     converting now /home/runner/work/key/key/key.core/../key.ui/examples/InformationFlow/NewObjects/src/object/Naumann.java 
123762     DEBUG main            d.u.i.k.j.Recoder2KeY     converting now /home/runner/work/key/key/key.core/../key.ui/examples/InformationFlow/NewObjects/src/object/AmtoftBanerjee.java 
123763     DEBUG main            d.u.i.k.j.Recoder2KeY     converting now /home/runner/work/key/key/key.core/../key.ui/examples/InformationFlow/NewObjects/src/object/AmtoftBanerjee2.java 
123763     DEBUG main            d.u.i.k.j.Recoder2KeY     converting now /home/runner/work/key/key/key.core/../key.ui/examples/InformationFlow/NewObjects/src/object/ObjectOrientation.java 
123765     DEBUG main            d.u.i.k.j.Recoder2KeY     converting now /home/runner/work/key/key/key.core/../key.ui/examples/InformationFlow/NewObjects/src/object/AmtoftBanerjee3.java 
123769     DEBUG main            d.u.i.k.s.TermLabelSettings TermLabelSettings: Failure while reading the setting "UseOriginLabels".Using the default value: true.The string read was: null 
123769     DEBUG main            d.u.i.k.p.i.KeYFile       Reading KeY file /home/runner/work/key/key/key.core/../key.ui/examples/InformationFlow/NewObjects/object.AmtoftBanerjee2(object.AmtoftBanerjee2__cexp(int)).Non-interference contract.0.key 
123770     DEBUG main            d.u.i.k.p.i.KeYFile       Reading KeY file file:/home/runner/work/key/key/key.core/build/resources/main/de/uka/ilkd/key/java/JavaRedux/java/lang/String.key 
123772     DEBUG main            d.u.i.k.p.i.KeYFile       Read specifications obtained when parsing the Java files (usually JML and Strings.key) from file:/home/runner/work/key/key/key.core/build/resources/main/de/uka/ilkd/key/java/JavaRedux/java/lang/String.key 
125468     DEBUG main            d.u.i.k.p.i.KeYFile       Read specifications obtained when parsing the Java files (usually JML and Strings.key) from /home/runner/work/key/key/key.core/../key.ui/examples/InformationFlow/NewObjects/object.AmtoftBanerjee2(object.AmtoftBanerjee2__cexp(int)).Non-interference contract.0.key 
125568     DEBUG Thread-33       d.u.i.k.j.TypeConverter   typeconverter: (prefix this;, class class de.uka.ilkd.key.java.reference.ThisReference) 
125585     DEBUG Thread-33       d.u.i.k.j.TypeConverter   typeconverter: (prefix this;, class class de.uka.ilkd.key.java.reference.ThisReference) 
125642     DEBUG Thread-33       d.u.i.k.j.TypeConverter   typeconverter: (prefix this;, class class de.uka.ilkd.key.java.reference.ThisReference) 
125644     DEBUG Thread-33       d.u.i.k.j.TypeConverter   typeconverter: (prefix this;, class class de.uka.ilkd.key.java.reference.ThisReference) 
125682     DEBUG Thread-33       d.u.i.k.j.TypeConverter   typeconverter: (prefix this;, class class de.uka.ilkd.key.java.reference.ThisReference) 
125684     DEBUG Thread-33       d.u.i.k.j.TypeConverter   typeconverter: (prefix this;, class class de.uka.ilkd.key.java.reference.ThisReference) 
125777     DEBUG Thread-33       d.u.i.k.j.TypeConverter   typeconverter: (prefix this;, class class de.uka.ilkd.key.java.reference.ThisReference) 
125797     DEBUG Thread-33       d.u.i.k.j.TypeConverter   typeconverter: (prefix this;, class class de.uka.ilkd.key.java.reference.ThisReference) 
125886     DEBUG Thread-33       d.u.i.k.j.TypeConverter   typeconverter: (prefix this;, class class de.uka.ilkd.key.java.reference.ThisReference) 
125888     DEBUG Thread-33       d.u.i.k.j.TypeConverter   typeconverter: (prefix this;, class class de.uka.ilkd.key.java.reference.ThisReference) 
125937     DEBUG Thread-33       d.u.i.k.j.TypeConverter   typeconverter: (prefix this;, class class de.uka.ilkd.key.java.reference.ThisReference) 
125939     DEBUG Thread-33       d.u.i.k.j.TypeConverter   typeconverter: (prefix this;, class class de.uka.ilkd.key.java.reference.ThisReference) 
126062     DEBUG Thread-33       d.u.i.k.j.TypeConverter   typeconverter: (prefix this;, class class de.uka.ilkd.key.java.reference.ThisReference) 
126225     DEBUG Thread-33       d.u.i.k.j.TypeConverter   typeconverter: (prefix this;, class class de.uka.ilkd.key.java.reference.ThisReference) 
126228     DEBUG Thread-33       d.u.i.k.j.TypeConverter   typeconverter: (prefix this;, class class de.uka.ilkd.key.java.reference.ThisReference) 
126284     DEBUG Thread-33       d.u.i.k.j.TypeConverter   typeconverter: (prefix this;, class class de.uka.ilkd.key.java.reference.ThisReference) 
126286     DEBUG Thread-33       d.u.i.k.j.TypeConverter   typeconverter: (prefix this;, class class de.uka.ilkd.key.java.reference.ThisReference) 
126407     DEBUG Thread-33       d.u.i.k.j.TypeConverter   typeconverter: (prefix this;, class class de.uka.ilkd.key.java.reference.ThisReference) 
126543     DEBUG Thread-33       d.u.i.k.j.TypeConverter   typeconverter: (prefix this;, class class de.uka.ilkd.key.java.reference.ThisReference) 
126546     DEBUG Thread-33       d.u.i.k.j.TypeConverter   typeconverter: (prefix this;, class class de.uka.ilkd.key.java.reference.ThisReference) 
126925     INFO  main            d.u.i.k.p.r.p.TestFile    ... finished proof: closed. 
1283718    INFO  Test worker     d.u.i.k.p.r.RunAllProofsTestUnit Returning from test NewObjects_nomacro 
1283719    INFO  Test worker     d.u.i.k.p.r.RunAllProofsTestUnit Running test SimpleEvoting_nomacro 
313        INFO  Timeout watchdog d.u.i.k.p.r.p.ForkedTestFileRunner Timeout watcher launched (1000 secs.) 
335        WARN  main            d.u.i.k.s.ProofSettings   The settings in /home/runner/.key/proof-settings.props are *not* read. 
375        DEBUG main            d.u.i.k.s.TermLabelSettings TermLabelSettings: Failure while reading the setting "UseOriginLabels".Using the default value: true.The string read was: null 
375        INFO  main            d.u.i.k.p.r.p.TestFile    Now processing file /home/runner/work/key/key/key.core/../key.ui/examples/InformationFlow/SimpleEvoting/simple_evoting.Environment(simple_evoting.Environment__untrustedOutputMessage((B)).Non-interference contract.0.key 
1085       DEBUG main            d.u.i.k.p.i.KeYFile       Reading KeY file file:/home/runner/work/key/key/key.core/build/resources/main/de/uka/ilkd/key/proof/rules/ldt.key 
1085       DEBUG main            d.u.i.k.p.i.KeYFile       Read specifications obtained when parsing the Java files (usually JML and Strings.key) from file:/home/runner/work/key/key/key.core/build/resources/main/de/uka/ilkd/key/proof/rules/ldt.key 
1099       DEBUG main            d.u.i.k.p.i.KeYFile       Reading KeY file file:/home/runner/work/key/key/key.core/build/resources/main/de/uka/ilkd/key/proof/rules/propRule.key 
1099       DEBUG main            d.u.i.k.p.i.KeYFile       Read specifications obtained when parsing the Java files (usually JML and Strings.key) from file:/home/runner/work/key/key/key.core/build/resources/main/de/uka/ilkd/key/proof/rules/propRule.key 
1152       DEBUG main            d.u.i.k.p.i.KeYFile       Reading KeY file file:/home/runner/work/key/key/key.core/build/resources/main/de/uka/ilkd/key/proof/rules/firstOrderRules.key 
1153       DEBUG main            d.u.i.k.p.i.KeYFile       Read specifications obtained when parsing the Java files (usually JML and Strings.key) from file:/home/runner/work/key/key/key.core/build/resources/main/de/uka/ilkd/key/proof/rules/firstOrderRules.key 
1174       DEBUG main            d.u.i.k.p.i.KeYFile       Reading KeY file file:/home/runner/work/key/key/key.core/build/resources/main/de/uka/ilkd/key/proof/rules/ifThenElseRules.key 
1175       DEBUG main            d.u.i.k.p.i.KeYFile       Read specifications obtained when parsing the Java files (usually JML and Strings.key) from file:/home/runner/work/key/key/key.core/build/resources/main/de/uka/ilkd/key/proof/rules/ifThenElseRules.key 
1271       DEBUG main            d.u.i.k.p.i.KeYFile       Reading KeY file file:/home/runner/work/key/key/key.core/build/resources/main/de/uka/ilkd/key/proof/rules/formulaNormalisationRules.key 
1272       DEBUG main            d.u.i.k.p.i.KeYFile       Read specifications obtained when parsing the Java files (usually JML and Strings.key) from file:/home/runner/work/key/key/key.core/build/resources/main/de/uka/ilkd/key/proof/rules/formulaNormalisationRules.key 
1354       DEBUG main            d.u.i.k.p.i.KeYFile       Reading KeY file file:/home/runner/work/key/key/key.core/build/resources/main/de/uka/ilkd/key/proof/rules/updateRules.key 
1354       DEBUG main            d.u.i.k.p.i.KeYFile       Read specifications obtained when parsing the Java files (usually JML and Strings.key) from file:/home/runner/work/key/key/key.core/build/resources/main/de/uka/ilkd/key/proof/rules/updateRules.key 
1376       DEBUG main            d.u.i.k.p.i.KeYFile       Reading KeY file file:/home/runner/work/key/key/key.core/build/resources/main/de/uka/ilkd/key/proof/rules/integerRulesCommon.key 
1377       DEBUG main            d.u.i.k.p.i.KeYFile       Read specifications obtained when parsing the Java files (usually JML and Strings.key) from file:/home/runner/work/key/key/key.core/build/resources/main/de/uka/ilkd/key/proof/rules/integerRulesCommon.key 
1499       DEBUG main            d.u.i.k.p.i.KeYFile       Reading KeY file file:/home/runner/work/key/key/key.core/build/resources/main/de/uka/ilkd/key/proof/rules/intRules.key 
1499       DEBUG main            d.u.i.k.p.i.KeYFile       Read specifications obtained when parsing the Java files (usually JML and Strings.key) from file:/home/runner/work/key/key/key.core/build/resources/main/de/uka/ilkd/key/proof/rules/intRules.key 
1526       DEBUG main            d.u.i.k.p.i.KeYFile       Reading KeY file file:/home/runner/work/key/key/key.core/build/resources/main/de/uka/ilkd/key/proof/rules/intRulesUncheckedSemantics.key 
1529       DEBUG main            d.u.i.k.p.i.KeYFile       Read specifications obtained when parsing the Java files (usually JML and Strings.key) from file:/home/runner/work/key/key/key.core/build/resources/main/de/uka/ilkd/key/proof/rules/intRulesUncheckedSemantics.key 
1543       DEBUG main            d.u.i.k.p.i.KeYFile       Reading KeY file file:/home/runner/work/key/key/key.core/build/resources/main/de/uka/ilkd/key/proof/rules/intRulesCheckedSemantics.key 
1543       DEBUG main            d.u.i.k.p.i.KeYFile       Read specifications obtained when parsing the Java files (usually JML and Strings.key) from file:/home/runner/work/key/key/key.core/build/resources/main/de/uka/ilkd/key/proof/rules/intRulesCheckedSemantics.key 
1556       DEBUG main            d.u.i.k.p.i.KeYFile       Reading KeY file file:/home/runner/work/key/key/key.core/build/resources/main/de/uka/ilkd/key/proof/rules/intRulesJavaSemantics.key 
1556       DEBUG main            d.u.i.k.p.i.KeYFile       Read specifications obtained when parsing the Java files (usually JML and Strings.key) from file:/home/runner/work/key/key/key.core/build/resources/main/de/uka/ilkd/key/proof/rules/intRulesJavaSemantics.key 
1711       DEBUG main            d.u.i.k.p.i.KeYFile       Reading KeY file file:/home/runner/work/key/key/key.core/build/resources/main/de/uka/ilkd/key/proof/rules/integerSimplificationRules.key 
1713       DEBUG main            d.u.i.k.p.i.KeYFile       Read specifications obtained when parsing the Java files (usually JML and Strings.key) from file:/home/runner/work/key/key/key.core/build/resources/main/de/uka/ilkd/key/proof/rules/integerSimplificationRules.key 
1826       DEBUG main            d.u.i.k.j.TypeConverter   No LDT found for Meta 
1826       DEBUG main            d.u.i.k.j.TypeConverter   No LDT found for Meta 
1829       DEBUG main            d.u.i.k.j.TypeConverter   No LDT found for Meta 
1830       DEBUG main            d.u.i.k.j.TypeConverter   No LDT found for Meta 
1877       DEBUG main            d.u.i.k.p.i.KeYFile       Reading KeY file file:/home/runner/work/key/key/key.core/build/resources/main/de/uka/ilkd/key/proof/rules/intDiv.key 
1877       DEBUG main            d.u.i.k.p.i.KeYFile       Read specifications obtained when parsing the Java files (usually JML and Strings.key) from file:/home/runner/work/key/key/key.core/build/resources/main/de/uka/ilkd/key/proof/rules/intDiv.key 
2049       DEBUG main            d.u.i.k.p.i.KeYFile       Reading KeY file file:/home/runner/work/key/key/key.core/build/resources/main/de/uka/ilkd/key/proof/rules/bsum.key 
2049       DEBUG main            d.u.i.k.p.i.KeYFile       Read specifications obtained when parsing the Java files (usually JML and Strings.key) from file:/home/runner/work/key/key/key.core/build/resources/main/de/uka/ilkd/key/proof/rules/bsum.key 
2117       DEBUG main            d.u.i.k.p.i.KeYFile       Reading KeY file file:/home/runner/work/key/key/key.core/build/resources/main/de/uka/ilkd/key/proof/rules/bprod.key 
2119       DEBUG main            d.u.i.k.p.i.KeYFile       Read specifications obtained when parsing the Java files (usually JML and Strings.key) from file:/home/runner/work/key/key/key.core/build/resources/main/de/uka/ilkd/key/proof/rules/bprod.key 
2130       DEBUG main            d.u.i.k.p.i.KeYFile       Reading KeY file file:/home/runner/work/key/key/key.core/build/resources/main/de/uka/ilkd/key/proof/rules/binaryAxioms.key 
2130       DEBUG main            d.u.i.k.p.i.KeYFile       Read specifications obtained when parsing the Java files (usually JML and Strings.key) from file:/home/runner/work/key/key/key.core/build/resources/main/de/uka/ilkd/key/proof/rules/binaryAxioms.key 
2134       DEBUG main            d.u.i.k.p.i.KeYFile       Reading KeY file file:/home/runner/work/key/key/key.core/build/resources/main/de/uka/ilkd/key/proof/rules/binaryLemmas.key 
2134       DEBUG main            d.u.i.k.p.i.KeYFile       Read specifications obtained when parsing the Java files (usually JML and Strings.key) from file:/home/runner/work/key/key/key.core/build/resources/main/de/uka/ilkd/key/proof/rules/binaryLemmas.key 
2143       DEBUG main            d.u.i.k.p.i.KeYFile       Reading KeY file file:/home/runner/work/key/key/key.core/build/resources/main/de/uka/ilkd/key/proof/rules/intPow.key 
2143       DEBUG main            d.u.i.k.p.i.KeYFile       Read specifications obtained when parsing the Java files (usually JML and Strings.key) from file:/home/runner/work/key/key/key.core/build/resources/main/de/uka/ilkd/key/proof/rules/intPow.key 
2159       DEBUG main            d.u.i.k.p.i.KeYFile       Reading KeY file file:/home/runner/work/key/key/key.core/build/resources/main/de/uka/ilkd/key/proof/rules/floatRulesCommon.key 
2159       DEBUG main            d.u.i.k.p.i.KeYFile       Read specifications obtained when parsing the Java files (usually JML and Strings.key) from file:/home/runner/work/key/key/key.core/build/resources/main/de/uka/ilkd/key/proof/rules/floatRulesCommon.key 
2171       DEBUG main            d.u.i.k.p.i.KeYFile       Reading KeY file file:/home/runner/work/key/key/key.core/build/resources/main/de/uka/ilkd/key/proof/rules/floatRules.key 
2172       DEBUG main            d.u.i.k.p.i.KeYFile       Read specifications obtained when parsing the Java files (usually JML and Strings.key) from file:/home/runner/work/key/key/key.core/build/resources/main/de/uka/ilkd/key/proof/rules/floatRules.key 
2172       DEBUG main            d.u.i.k.p.i.KeYFile       Reading KeY file file:/home/runner/work/key/key/key.core/build/resources/main/de/uka/ilkd/key/proof/rules/floatRulesVerifyNormal.key 
2173       DEBUG main            d.u.i.k.p.i.KeYFile       Read specifications obtained when parsing the Java files (usually JML and Strings.key) from file:/home/runner/work/key/key/key.core/build/resources/main/de/uka/ilkd/key/proof/rules/floatRulesVerifyNormal.key 
2176       DEBUG main            d.u.i.k.p.i.KeYFile       Reading KeY file file:/home/runner/work/key/key/key.core/build/resources/main/de/uka/ilkd/key/proof/rules/floatRulesAssumeStrictfp.key 
2176       DEBUG main            d.u.i.k.p.i.KeYFile       Read specifications obtained when parsing the Java files (usually JML and Strings.key) from file:/home/runner/work/key/key/key.core/build/resources/main/de/uka/ilkd/key/proof/rules/floatRulesAssumeStrictfp.key 
2198       DEBUG main            d.u.i.k.p.i.KeYFile       Reading KeY file file:/home/runner/work/key/key/key.core/build/resources/main/de/uka/ilkd/key/proof/rules/genericRules.key 
2199       DEBUG main            d.u.i.k.p.i.KeYFile       Read specifications obtained when parsing the Java files (usually JML and Strings.key) from file:/home/runner/work/key/key/key.core/build/resources/main/de/uka/ilkd/key/proof/rules/genericRules.key 
2207       DEBUG main            d.u.i.k.p.i.KeYFile       Reading KeY file file:/home/runner/work/key/key/key.core/build/resources/main/de/uka/ilkd/key/proof/rules/booleanRules.key 
2207       DEBUG main            d.u.i.k.p.i.KeYFile       Read specifications obtained when parsing the Java files (usually JML and Strings.key) from file:/home/runner/work/key/key/key.core/build/resources/main/de/uka/ilkd/key/proof/rules/booleanRules.key 
2212       DEBUG main            d.u.i.k.p.i.KeYFile       Reading KeY file file:/home/runner/work/key/key/key.core/build/resources/main/de/uka/ilkd/key/proof/rules/epsilon.key 
2213       DEBUG main            d.u.i.k.p.i.KeYFile       Read specifications obtained when parsing the Java files (usually JML and Strings.key) from file:/home/runner/work/key/key/key.core/build/resources/main/de/uka/ilkd/key/proof/rules/epsilon.key 
2268       DEBUG main            d.u.i.k.p.i.KeYFile       Reading KeY file file:/home/runner/work/key/key/key.core/build/resources/main/de/uka/ilkd/key/proof/rules/locSetsRules.key 
2269       DEBUG main            d.u.i.k.p.i.KeYFile       Read specifications obtained when parsing the Java files (usually JML and Strings.key) from file:/home/runner/work/key/key/key.core/build/resources/main/de/uka/ilkd/key/proof/rules/locSetsRules.key 
2315       DEBUG main            d.u.i.k.p.i.KeYFile       Reading KeY file file:/home/runner/work/key/key/key.core/build/resources/main/de/uka/ilkd/key/proof/rules/heapRules.key 
2315       DEBUG main            d.u.i.k.p.i.KeYFile       Read specifications obtained when parsing the Java files (usually JML and Strings.key) from file:/home/runner/work/key/key/key.core/build/resources/main/de/uka/ilkd/key/proof/rules/heapRules.key 
2343       DEBUG main            d.u.i.k.p.i.KeYFile       Reading KeY file file:/home/runner/work/key/key/key.core/build/resources/main/de/uka/ilkd/key/proof/rules/permissionRules.key 
2343       DEBUG main            d.u.i.k.p.i.KeYFile       Read specifications obtained when parsing the Java files (usually JML and Strings.key) from file:/home/runner/work/key/key/key.core/build/resources/main/de/uka/ilkd/key/proof/rules/permissionRules.key 
2365       DEBUG main            d.u.i.k.p.i.KeYFile       Reading KeY file file:/home/runner/work/key/key/key.core/build/resources/main/de/uka/ilkd/key/proof/rules/reachRules.key 
2366       DEBUG main            d.u.i.k.p.i.KeYFile       Read specifications obtained when parsing the Java files (usually JML and Strings.key) from file:/home/runner/work/key/key/key.core/build/resources/main/de/uka/ilkd/key/proof/rules/reachRules.key 
2396       DEBUG main            d.u.i.k.p.i.KeYFile       Reading KeY file file:/home/runner/work/key/key/key.core/build/resources/main/de/uka/ilkd/key/proof/rules/seqCoreRules.key 
2397       DEBUG main            d.u.i.k.p.i.KeYFile       Read specifications obtained when parsing the Java files (usually JML and Strings.key) from file:/home/runner/work/key/key/key.core/build/resources/main/de/uka/ilkd/key/proof/rules/seqCoreRules.key 
2416       DEBUG main            d.u.i.k.p.i.KeYFile       Reading KeY file file:/home/runner/work/key/key/key.core/build/resources/main/de/uka/ilkd/key/proof/rules/seqRules.key 
2416       DEBUG main            d.u.i.k.p.i.KeYFile       Read specifications obtained when parsing the Java files (usually JML and Strings.key) from file:/home/runner/work/key/key/key.core/build/resources/main/de/uka/ilkd/key/proof/rules/seqRules.key 
2448       DEBUG main            d.u.i.k.p.i.KeYFile       Reading KeY file file:/home/runner/work/key/key/key.core/build/resources/main/de/uka/ilkd/key/proof/rules/seqPerm.key 
2448       DEBUG main            d.u.i.k.p.i.KeYFile       Read specifications obtained when parsing the Java files (usually JML and Strings.key) from file:/home/runner/work/key/key/key.core/build/resources/main/de/uka/ilkd/key/proof/rules/seqPerm.key 
2465       DEBUG main            d.u.i.k.p.i.KeYFile       Reading KeY file file:/home/runner/work/key/key/key.core/build/resources/main/de/uka/ilkd/key/proof/rules/seqPerm2.key 
2465       DEBUG main            d.u.i.k.p.i.KeYFile       Read specifications obtained when parsing the Java files (usually JML and Strings.key) from file:/home/runner/work/key/key/key.core/build/resources/main/de/uka/ilkd/key/proof/rules/seqPerm2.key 
2536       DEBUG main            d.u.i.k.p.i.KeYFile       Reading KeY file file:/home/runner/work/key/key/key.core/build/resources/main/de/uka/ilkd/key/proof/rules/assertions.key 
2536       DEBUG main            d.u.i.k.p.i.KeYFile       Read specifications obtained when parsing the Java files (usually JML and Strings.key) from file:/home/runner/work/key/key/key.core/build/resources/main/de/uka/ilkd/key/proof/rules/assertions.key 
2582       DEBUG main            d.u.i.k.p.i.KeYFile       Reading KeY file file:/home/runner/work/key/key/key.core/build/resources/main/de/uka/ilkd/key/proof/rules/javaRules.key 
2583       DEBUG main            d.u.i.k.p.i.KeYFile       Read specifications obtained when parsing the Java files (usually JML and Strings.key) from file:/home/runner/work/key/key/key.core/build/resources/main/de/uka/ilkd/key/proof/rules/javaRules.key 
3005       DEBUG main            d.u.i.k.p.i.KeYFile       Reading KeY file file:/home/runner/work/key/key/key.core/build/resources/main/de/uka/ilkd/key/proof/rules/loopRules.key 
3005       DEBUG main            d.u.i.k.p.i.KeYFile       Read specifications obtained when parsing the Java files (usually JML and Strings.key) from file:/home/runner/work/key/key/key.core/build/resources/main/de/uka/ilkd/key/proof/rules/loopRules.key 
3020       DEBUG main            d.u.i.k.p.i.KeYFile       Reading KeY file file:/home/runner/work/key/key/key.core/build/resources/main/de/uka/ilkd/key/proof/rules/activeUse.key 
3020       DEBUG main            d.u.i.k.p.i.KeYFile       Read specifications obtained when parsing the Java files (usually JML and Strings.key) from file:/home/runner/work/key/key/key.core/build/resources/main/de/uka/ilkd/key/proof/rules/activeUse.key 
3089       DEBUG main            d.u.i.k.p.i.KeYFile       Reading KeY file file:/home/runner/work/key/key/key.core/build/resources/main/de/uka/ilkd/key/proof/rules/instanceAllocation.key 
3090       DEBUG main            d.u.i.k.p.i.KeYFile       Read specifications obtained when parsing the Java files (usually JML and Strings.key) from file:/home/runner/work/key/key/key.core/build/resources/main/de/uka/ilkd/key/proof/rules/instanceAllocation.key 
3101       DEBUG main            d.u.i.k.p.i.KeYFile       Reading KeY file file:/home/runner/work/key/key/key.core/build/resources/main/de/uka/ilkd/key/proof/rules/java5.key 
3102       DEBUG main            d.u.i.k.p.i.KeYFile       Read specifications obtained when parsing the Java files (usually JML and Strings.key) from file:/home/runner/work/key/key/key.core/build/resources/main/de/uka/ilkd/key/proof/rules/java5.key 
3110       DEBUG main            d.u.i.k.p.i.KeYFile       Reading KeY file file:/home/runner/work/key/key/key.core/build/resources/main/de/uka/ilkd/key/proof/rules/integerAssignment2UpdateRules.key 
3110       DEBUG main            d.u.i.k.p.i.KeYFile       Read specifications obtained when parsing the Java files (usually JML and Strings.key) from file:/home/runner/work/key/key/key.core/build/resources/main/de/uka/ilkd/key/proof/rules/integerAssignment2UpdateRules.key 
3139       DEBUG main            d.u.i.k.p.i.KeYFile       Reading KeY file file:/home/runner/work/key/key/key.core/build/resources/main/de/uka/ilkd/key/proof/rules/floatAssignment2UpdateRules.key 
3139       DEBUG main            d.u.i.k.p.i.KeYFile       Read specifications obtained when parsing the Java files (usually JML and Strings.key) from file:/home/runner/work/key/key/key.core/build/resources/main/de/uka/ilkd/key/proof/rules/floatAssignment2UpdateRules.key 
3175       DEBUG main            d.u.i.k.p.i.KeYFile       Reading KeY file file:/home/runner/work/key/key/key.core/build/resources/main/de/uka/ilkd/key/proof/rules/bigint.key 
3176       DEBUG main            d.u.i.k.p.i.KeYFile       Read specifications obtained when parsing the Java files (usually JML and Strings.key) from file:/home/runner/work/key/key/key.core/build/resources/main/de/uka/ilkd/key/proof/rules/bigint.key 
3183       DEBUG main            d.u.i.k.j.TypeConverter   No LDT found for JavaBigintExpression 
3189       DEBUG main            d.u.i.k.p.i.KeYFile       Reading KeY file file:/home/runner/work/key/key/key.core/build/resources/main/de/uka/ilkd/key/proof/rules/adtProgramDecompositionRules.key 
3189       DEBUG main            d.u.i.k.p.i.KeYFile       Read specifications obtained when parsing the Java files (usually JML and Strings.key) from file:/home/runner/work/key/key/key.core/build/resources/main/de/uka/ilkd/key/proof/rules/adtProgramDecompositionRules.key 
3202       DEBUG main            d.u.i.k.p.i.KeYFile       Reading KeY file file:/home/runner/work/key/key/key.core/build/resources/main/de/uka/ilkd/key/proof/rules/precRules.key 
3203       DEBUG main            d.u.i.k.p.i.KeYFile       Read specifications obtained when parsing the Java files (usually JML and Strings.key) from file:/home/runner/work/key/key/key.core/build/resources/main/de/uka/ilkd/key/proof/rules/precRules.key 
3211       DEBUG main            d.u.i.k.p.i.KeYFile       Reading KeY file file:/home/runner/work/key/key/key.core/build/resources/main/de/uka/ilkd/key/proof/rules/charListRules.key 
3212       DEBUG main            d.u.i.k.p.i.KeYFile       Read specifications obtained when parsing the Java files (usually JML and Strings.key) from file:/home/runner/work/key/key/key.core/build/resources/main/de/uka/ilkd/key/proof/rules/charListRules.key 
3220       DEBUG main            d.u.i.k.p.i.KeYFile       Reading KeY file file:/home/runner/work/key/key/key.core/build/resources/main/de/uka/ilkd/key/proof/rules/regExHeader.key 
3220       DEBUG main            d.u.i.k.p.i.KeYFile       Read specifications obtained when parsing the Java files (usually JML and Strings.key) from file:/home/runner/work/key/key/key.core/build/resources/main/de/uka/ilkd/key/proof/rules/regExHeader.key 
3223       DEBUG main            d.u.i.k.p.i.KeYFile       Reading KeY file file:/home/runner/work/key/key/key.core/build/resources/main/de/uka/ilkd/key/proof/rules/regExAxioms.key 
3223       DEBUG main            d.u.i.k.p.i.KeYFile       Read specifications obtained when parsing the Java files (usually JML and Strings.key) from file:/home/runner/work/key/key/key.core/build/resources/main/de/uka/ilkd/key/proof/rules/regExAxioms.key 
3228       DEBUG main            d.u.i.k.p.i.KeYFile       Reading KeY file file:/home/runner/work/key/key/key.core/build/resources/main/de/uka/ilkd/key/proof/rules/regExLemmaProven.key 
3228       DEBUG main            d.u.i.k.p.i.KeYFile       Read specifications obtained when parsing the Java files (usually JML and Strings.key) from file:/home/runner/work/key/key/key.core/build/resources/main/de/uka/ilkd/key/proof/rules/regExLemmaProven.key 
3231       DEBUG main            d.u.i.k.p.i.KeYFile       Reading KeY file file:/home/runner/work/key/key/key.core/build/resources/main/de/uka/ilkd/key/proof/rules/regExTheory.key 
3231       DEBUG main            d.u.i.k.p.i.KeYFile       Read specifications obtained when parsing the Java files (usually JML and Strings.key) from file:/home/runner/work/key/key/key.core/build/resources/main/de/uka/ilkd/key/proof/rules/regExTheory.key 
3235       DEBUG main            d.u.i.k.p.i.KeYFile       Reading KeY file file:/home/runner/work/key/key/key.core/build/resources/main/de/uka/ilkd/key/proof/rules/seqEq.key 
3235       DEBUG main            d.u.i.k.p.i.KeYFile       Read specifications obtained when parsing the Java files (usually JML and Strings.key) from file:/home/runner/work/key/key/key.core/build/resources/main/de/uka/ilkd/key/proof/rules/seqEq.key 
3242       DEBUG main            d.u.i.k.p.i.KeYFile       Reading KeY file file:/home/runner/work/key/key/key.core/build/resources/main/de/uka/ilkd/key/proof/rules/infFlow.key 
3243       DEBUG main            d.u.i.k.p.i.KeYFile       Read specifications obtained when parsing the Java files (usually JML and Strings.key) from file:/home/runner/work/key/key/key.core/build/resources/main/de/uka/ilkd/key/proof/rules/infFlow.key 
3247       DEBUG main            d.u.i.k.p.i.KeYFile       Reading KeY file file:/home/runner/work/key/key/key.core/build/resources/main/de/uka/ilkd/key/proof/rules/mapSize.key 
3247       DEBUG main            d.u.i.k.p.i.KeYFile       Read specifications obtained when parsing the Java files (usually JML and Strings.key) from file:/home/runner/work/key/key/key.core/build/resources/main/de/uka/ilkd/key/proof/rules/mapSize.key 
3252       DEBUG main            d.u.i.k.p.i.KeYFile       Reading KeY file file:/home/runner/work/key/key/key.core/build/resources/main/de/uka/ilkd/key/proof/rules/wdHeader.key 
3253       DEBUG main            d.u.i.k.p.i.KeYFile       Read specifications obtained when parsing the Java files (usually JML and Strings.key) from file:/home/runner/work/key/key/key.core/build/resources/main/de/uka/ilkd/key/proof/rules/wdHeader.key 
3254       DEBUG main            d.u.i.k.p.i.KeYFile       Reading KeY file file:/home/runner/work/key/key/key.core/build/resources/main/de/uka/ilkd/key/proof/rules/wdGeneralRules.key 
3255       DEBUG main            d.u.i.k.p.i.KeYFile       Read specifications obtained when parsing the Java files (usually JML and Strings.key) from file:/home/runner/work/key/key/key.core/build/resources/main/de/uka/ilkd/key/proof/rules/wdGeneralRules.key 
3266       DEBUG main            d.u.i.k.p.i.KeYFile       Reading KeY file file:/home/runner/work/key/key/key.core/build/resources/main/de/uka/ilkd/key/proof/rules/wdNumericalRules.key 
3266       DEBUG main            d.u.i.k.p.i.KeYFile       Read specifications obtained when parsing the Java files (usually JML and Strings.key) from file:/home/runner/work/key/key/key.core/build/resources/main/de/uka/ilkd/key/proof/rules/wdNumericalRules.key 
3300       DEBUG main            d.u.i.k.p.i.KeYFile       Reading KeY file file:/home/runner/work/key/key/key.core/build/resources/main/de/uka/ilkd/key/proof/rules/wdLocSetRules.key 
3300       DEBUG main            d.u.i.k.p.i.KeYFile       Read specifications obtained when parsing the Java files (usually JML and Strings.key) from file:/home/runner/work/key/key/key.core/build/resources/main/de/uka/ilkd/key/proof/rules/wdLocSetRules.key 
3306       DEBUG main            d.u.i.k.p.i.KeYFile       Reading KeY file file:/home/runner/work/key/key/key.core/build/resources/main/de/uka/ilkd/key/proof/rules/wdHeapRules.key 
3306       DEBUG main            d.u.i.k.p.i.KeYFile       Read specifications obtained when parsing the Java files (usually JML and Strings.key) from file:/home/runner/work/key/key/key.core/build/resources/main/de/uka/ilkd/key/proof/rules/wdHeapRules.key 
3309       DEBUG main            d.u.i.k.p.i.KeYFile       Reading KeY file file:/home/runner/work/key/key/key.core/build/resources/main/de/uka/ilkd/key/proof/rules/wdReachRules.key 
3309       DEBUG main            d.u.i.k.p.i.KeYFile       Read specifications obtained when parsing the Java files (usually JML and Strings.key) from file:/home/runner/work/key/key/key.core/build/resources/main/de/uka/ilkd/key/proof/rules/wdReachRules.key 
3312       DEBUG main            d.u.i.k.p.i.KeYFile       Reading KeY file file:/home/runner/work/key/key/key.core/build/resources/main/de/uka/ilkd/key/proof/rules/wdSeqRules.key 
3312       DEBUG main            d.u.i.k.p.i.KeYFile       Read specifications obtained when parsing the Java files (usually JML and Strings.key) from file:/home/runner/work/key/key/key.core/build/resources/main/de/uka/ilkd/key/proof/rules/wdSeqRules.key 
3317       DEBUG main            d.u.i.k.p.i.KeYFile       Reading KeY file file:/home/runner/work/key/key/key.core/build/resources/main/de/uka/ilkd/key/proof/rules/wdStringRules.key 
3319       DEBUG main            d.u.i.k.p.i.KeYFile       Read specifications obtained when parsing the Java files (usually JML and Strings.key) from file:/home/runner/work/key/key/key.core/build/resources/main/de/uka/ilkd/key/proof/rules/wdStringRules.key 
3322       DEBUG main            d.u.i.k.p.i.KeYFile       Reading KeY file file:/home/runner/work/key/key/key.core/build/resources/main/de/uka/ilkd/key/proof/rules/wdRegExRules.key 
3322       DEBUG main            d.u.i.k.p.i.KeYFile       Read specifications obtained when parsing the Java files (usually JML and Strings.key) from file:/home/runner/work/key/key/key.core/build/resources/main/de/uka/ilkd/key/proof/rules/wdRegExRules.key 
3329       DEBUG main            d.u.i.k.p.i.KeYFile       Reading KeY file file:/home/runner/work/key/key/key.core/build/resources/main/de/uka/ilkd/key/proof/rules/wdFormulaRules.key 
3330       DEBUG main            d.u.i.k.p.i.KeYFile       Read specifications obtained when parsing the Java files (usually JML and Strings.key) from file:/home/runner/work/key/key/key.core/build/resources/main/de/uka/ilkd/key/proof/rules/wdFormulaRules.key 
3337       DEBUG main            d.u.i.k.p.i.KeYFile       Reading KeY file file:/home/runner/work/key/key/key.core/build/resources/main/de/uka/ilkd/key/proof/rules/wd.key 
3338       DEBUG main            d.u.i.k.p.i.KeYFile       Read specifications obtained when parsing the Java files (usually JML and Strings.key) from file:/home/runner/work/key/key/key.core/build/resources/main/de/uka/ilkd/key/proof/rules/wd.key 
3339       DEBUG main            d.u.i.k.p.i.KeYFile       Reading KeY file file:/home/runner/work/key/key/key.core/build/resources/main/de/uka/ilkd/key/proof/rules/loopInvariantRules.key 
3339       DEBUG main            d.u.i.k.p.i.KeYFile       Read specifications obtained when parsing the Java files (usually JML and Strings.key) from file:/home/runner/work/key/key/key.core/build/resources/main/de/uka/ilkd/key/proof/rules/loopInvariantRules.key 
3341       DEBUG main            d.u.i.k.p.i.KeYFile       Reading KeY file file:/home/runner/work/key/key/key.core/build/resources/main/de/uka/ilkd/key/proof/rules/forLoopRules.key 
3341       DEBUG main            d.u.i.k.p.i.KeYFile       Read specifications obtained when parsing the Java files (usually JML and Strings.key) from file:/home/runner/work/key/key/key.core/build/resources/main/de/uka/ilkd/key/proof/rules/forLoopRules.key 
3346       DEBUG main            d.u.i.k.p.i.KeYFile       Reading KeY file file:/home/runner/work/key/key/key.core/build/resources/main/de/uka/ilkd/key/proof/rules/execRules.key 
3347       DEBUG main            d.u.i.k.p.i.KeYFile       Read specifications obtained when parsing the Java files (usually JML and Strings.key) from file:/home/runner/work/key/key/key.core/build/resources/main/de/uka/ilkd/key/proof/rules/execRules.key 
3421       DEBUG main            d.u.i.k.p.i.KeYFile       Reading KeY file file:/home/runner/work/key/key/key.core/build/resources/main/de/uka/ilkd/key/proof/rules/loopScopeRules.key 
3421       DEBUG main            d.u.i.k.p.i.KeYFile       Read specifications obtained when parsing the Java files (usually JML and Strings.key) from file:/home/runner/work/key/key/key.core/build/resources/main/de/uka/ilkd/key/proof/rules/loopScopeRules.key 
3449       DEBUG main            d.u.i.k.p.i.KeYFile       Reading KeY file file:/home/runner/work/key/key/key.core/build/resources/main/de/uka/ilkd/key/proof/rules/standardRules.key 
3449       DEBUG main            d.u.i.k.p.i.KeYFile       Read specifications obtained when parsing the Java files (usually JML and Strings.key) from file:/home/runner/work/key/key/key.core/build/resources/main/de/uka/ilkd/key/proof/rules/standardRules.key 
6233       DEBUG main            d.u.i.k.j.Recoder2KeY     converting now /home/runner/work/key/key/key.core/../key.ui/examples/InformationFlow/SimpleEvoting/src/simple_evoting/Voter.java 
6241       DEBUG main            d.u.i.k.j.Recoder2KeY     converting now /home/runner/work/key/key/key.core/../key.ui/examples/InformationFlow/SimpleEvoting/src/simple_evoting/NetworkClient.java 
6242       DEBUG main            d.u.i.k.j.Recoder2KeY     converting now /home/runner/work/key/key/key.core/../key.ui/examples/InformationFlow/SimpleEvoting/src/simple_evoting/SMT.java 
6244       DEBUG main            d.u.i.k.j.Recoder2KeY     converting now /home/runner/work/key/key/key.core/../key.ui/examples/InformationFlow/SimpleEvoting/src/simple_evoting/Environment.java 
6246       DEBUG main            d.u.i.k.j.Recoder2KeY     converting now /home/runner/work/key/key/key.core/../key.ui/examples/InformationFlow/SimpleEvoting/src/simple_evoting/Setup.java 
6248       DEBUG main            d.u.i.k.j.Recoder2KeY     converting now /home/runner/work/key/key/key.core/../key.ui/examples/InformationFlow/SimpleEvoting/src/simple_evoting/Server.java 
6250       DEBUG main            d.u.i.k.j.Recoder2KeY     converting now /home/runner/work/key/key/key.core/../key.ui/examples/InformationFlow/SimpleEvoting/src/simple_evoting/Message.java 
6252       DEBUG main            d.u.i.k.j.Recoder2KeY     converting now /home/runner/work/key/key/key.core/../key.ui/examples/InformationFlow/SimpleEvoting/src/simple_evoting/SMTEnv.java 
6300       DEBUG main            d.u.i.k.s.TermLabelSettings TermLabelSettings: Failure while reading the setting "UseOriginLabels".Using the default value: true.The string read was: null 
6301       DEBUG main            d.u.i.k.p.i.KeYFile       Reading KeY file /home/runner/work/key/key/key.core/../key.ui/examples/InformationFlow/SimpleEvoting/simple_evoting.Environment(simple_evoting.Environment__untrustedOutputMessage((B)).Non-interference contract.0.key 
6315       DEBUG main            d.u.i.k.p.i.KeYFile       Reading KeY file file:/home/runner/work/key/key/key.core/build/resources/main/de/uka/ilkd/key/java/JavaRedux/java/lang/String.key 
6320       DEBUG main            d.u.i.k.p.i.KeYFile       Read specifications obtained when parsing the Java files (usually JML and Strings.key) from file:/home/runner/work/key/key/key.core/build/resources/main/de/uka/ilkd/key/java/JavaRedux/java/lang/String.key 
8797       DEBUG main            d.u.i.k.p.i.KeYFile       Read specifications obtained when parsing the Java files (usually JML and Strings.key) from /home/runner/work/key/key/key.core/../key.ui/examples/InformationFlow/SimpleEvoting/simple_evoting.Environment(simple_evoting.Environment__untrustedOutputMessage((B)).Non-interference contract.0.key 
9671       DEBUG Thread-1        d.u.i.k.r.m.WhileLoopTransformation While-Loop-Tranform-Result: {
  int i = 0;
  while (i < _t_A.length) {
    {
      untrustedOutput(_t_A[i]);
    }
    i++;
  }
} 
9712       DEBUG Thread-1        d.u.i.k.r.m.WhileLoopTransformation While-Loop-Tranform-Result: try {
  {
    if (i < _t_A.length) {
      {
        untrustedOutput(_t_A[i]);
      }
      i++;
    }
  }
} catch (java.lang.Throwable e#16) {
  exc#15 = true;
  thrownExc#17 = e#16;
} 
10188      DEBUG Thread-1        d.u.i.k.r.m.WhileLoopTransformation While-Loop-Tranform-Result: {
  int i = 0;
  while (i < _t_B.length) {
    {
      untrustedOutput(_t_B[i]);
    }
    i++;
  }
} 
10211      DEBUG Thread-1        d.u.i.k.r.m.WhileLoopTransformation While-Loop-Tranform-Result: try {
  {
    if (i_7 < _t_B.length) {
      {
        untrustedOutput(_t_B[i_7]);
      }
      i_7++;
    }
  }
} catch (java.lang.Throwable e#49) {
  exc#48 = true;
  thrownExc#50 = e#49;
} 
14892      DEBUG Thread-1        d.u.i.k.r.m.WhileLoopTransformation While-Loop-Tranform-Result: {
  int i = 0;
  while (i < _t_B.length) {
    {
      untrustedOutput(_t_B[i]);
    }
    i++;
  }
} 
14902      DEBUG Thread-1        d.u.i.k.r.m.WhileLoopTransformation While-Loop-Tranform-Result: try {
  {
    if (i_1 < _t_B.length) {
      {
        untrustedOutput(_t_B[i_1]);
      }
      i_1++;
    }
  }
} catch (java.lang.Throwable e#118) {
  exc#117 = true;
  thrownExc#119 = e#118;
} 
16498      INFO  main            d.u.i.k.p.r.p.TestFile    ... finished proof: closed. 
16680      DEBUG main            d.u.i.k.s.TermLabelSettings TermLabelSettings: Failure while reading the setting "UseOriginLabels".Using the default value: true.The string read was: null 
16680      INFO  main            d.u.i.k.p.r.p.TestFile    Now processing file /home/runner/work/key/key/key.core/../key.ui/examples/InformationFlow/SimpleEvoting/simple_evoting.Environment(simple_evoting.Environment__untrustedOutput(int)).Non-interference contract.0.key 
17849      DEBUG main            d.u.i.k.j.Recoder2KeY     converting now /home/runner/work/key/key/key.core/../key.ui/examples/InformationFlow/SimpleEvoting/src/simple_evoting/Voter.java 
17852      DEBUG main            d.u.i.k.j.Recoder2KeY     converting now /home/runner/work/key/key/key.core/../key.ui/examples/InformationFlow/SimpleEvoting/src/simple_evoting/NetworkClient.java 
17853      DEBUG main            d.u.i.k.j.Recoder2KeY     converting now /home/runner/work/key/key/key.core/../key.ui/examples/InformationFlow/SimpleEvoting/src/simple_evoting/SMT.java 
17853      DEBUG main            d.u.i.k.j.Recoder2KeY     converting now /home/runner/work/key/key/key.core/../key.ui/examples/InformationFlow/SimpleEvoting/src/simple_evoting/Environment.java 
17854      DEBUG main            d.u.i.k.j.Recoder2KeY     converting now /home/runner/work/key/key/key.core/../key.ui/examples/InformationFlow/SimpleEvoting/src/simple_evoting/Setup.java 
17856      DEBUG main            d.u.i.k.j.Recoder2KeY     converting now /home/runner/work/key/key/key.core/../key.ui/examples/InformationFlow/SimpleEvoting/src/simple_evoting/Server.java 
17857      DEBUG main            d.u.i.k.j.Recoder2KeY     converting now /home/runner/work/key/key/key.core/../key.ui/examples/InformationFlow/SimpleEvoting/src/simple_evoting/Message.java 
17858      DEBUG main            d.u.i.k.j.Recoder2KeY     converting now /home/runner/work/key/key/key.core/../key.ui/examples/InformationFlow/SimpleEvoting/src/simple_evoting/SMTEnv.java 
17864      DEBUG main            d.u.i.k.s.TermLabelSettings TermLabelSettings: Failure while reading the setting "UseOriginLabels".Using the default value: true.The string read was: null 
17864      DEBUG main            d.u.i.k.p.i.KeYFile       Reading KeY file /home/runner/work/key/key/key.core/../key.ui/examples/InformationFlow/SimpleEvoting/simple_evoting.Environment(simple_evoting.Environment__untrustedOutput(int)).Non-interference contract.0.key 
17865      DEBUG main            d.u.i.k.p.i.KeYFile       Reading KeY file file:/home/runner/work/key/key/key.core/build/resources/main/de/uka/ilkd/key/java/JavaRedux/java/lang/String.key 
17868      DEBUG main            d.u.i.k.p.i.KeYFile       Read specifications obtained when parsing the Java files (usually JML and Strings.key) from file:/home/runner/work/key/key/key.core/build/resources/main/de/uka/ilkd/key/java/JavaRedux/java/lang/String.key 
19930      DEBUG main            d.u.i.k.p.i.KeYFile       Read specifications obtained when parsing the Java files (usually JML and Strings.key) from /home/runner/work/key/key/key.core/../key.ui/examples/InformationFlow/SimpleEvoting/simple_evoting.Environment(simple_evoting.Environment__untrustedOutput(int)).Non-interference contract.0.key 
20121      INFO  main            d.u.i.k.p.r.p.TestFile    ... finished proof: closed. 
20256      DEBUG main            d.u.i.k.s.TermLabelSettings TermLabelSettings: Failure while reading the setting "UseOriginLabels".Using the default value: true.The string read was: null 
20256      INFO  main            d.u.i.k.p.r.p.TestFile    Now processing file /home/runner/work/key/key/key.core/../key.ui/examples/InformationFlow/SimpleEvoting/simple_evoting.Environment(simple_evoting.Environment__untrustedInput(int)).Non-interference contract.0.key 
21288      DEBUG main            d.u.i.k.j.Recoder2KeY     converting now /home/runner/work/key/key/key.core/../key.ui/examples/InformationFlow/SimpleEvoting/src/simple_evoting/Voter.java 
21291      DEBUG main            d.u.i.k.j.Recoder2KeY     converting now /home/runner/work/key/key/key.core/../key.ui/examples/InformationFlow/SimpleEvoting/src/simple_evoting/NetworkClient.java 
21292      DEBUG main            d.u.i.k.j.Recoder2KeY     converting now /home/runner/work/key/key/key.core/../key.ui/examples/InformationFlow/SimpleEvoting/src/simple_evoting/SMT.java 
21293      DEBUG main            d.u.i.k.j.Recoder2KeY     converting now /home/runner/work/key/key/key.core/../key.ui/examples/InformationFlow/SimpleEvoting/src/simple_evoting/Environment.java 
21294      DEBUG main            d.u.i.k.j.Recoder2KeY     converting now /home/runner/work/key/key/key.core/../key.ui/examples/InformationFlow/SimpleEvoting/src/simple_evoting/Setup.java 
21295      DEBUG main            d.u.i.k.j.Recoder2KeY     converting now /home/runner/work/key/key/key.core/../key.ui/examples/InformationFlow/SimpleEvoting/src/simple_evoting/Server.java 
21297      DEBUG main            d.u.i.k.j.Recoder2KeY     converting now /home/runner/work/key/key/key.core/../key.ui/examples/InformationFlow/SimpleEvoting/src/simple_evoting/Message.java 
21298      DEBUG main            d.u.i.k.j.Recoder2KeY     converting now /home/runner/work/key/key/key.core/../key.ui/examples/InformationFlow/SimpleEvoting/src/simple_evoting/SMTEnv.java 
21303      DEBUG main            d.u.i.k.s.TermLabelSettings TermLabelSettings: Failure while reading the setting "UseOriginLabels".Using the default value: true.The string read was: null 
21303      DEBUG main            d.u.i.k.p.i.KeYFile       Reading KeY file /home/runner/work/key/key/key.core/../key.ui/examples/InformationFlow/SimpleEvoting/simple_evoting.Environment(simple_evoting.Environment__untrustedInput(int)).Non-interference contract.0.key 
21304      DEBUG main            d.u.i.k.p.i.KeYFile       Reading KeY file file:/home/runner/work/key/key/key.core/build/resources/main/de/uka/ilkd/key/java/JavaRedux/java/lang/String.key 
21307      DEBUG main            d.u.i.k.p.i.KeYFile       Read specifications obtained when parsing the Java files (usually JML and Strings.key) from file:/home/runner/work/key/key/key.core/build/resources/main/de/uka/ilkd/key/java/JavaRedux/java/lang/String.key 
23351      DEBUG main            d.u.i.k.p.i.KeYFile       Read specifications obtained when parsing the Java files (usually JML and Strings.key) from /home/runner/work/key/key/key.core/../key.ui/examples/InformationFlow/SimpleEvoting/simple_evoting.Environment(simple_evoting.Environment__untrustedInput(int)).Non-interference contract.0.key 
23538      INFO  main            d.u.i.k.p.r.p.TestFile    ... finished proof: open goal(s) 
23663      DEBUG main            d.u.i.k.s.TermLabelSettings TermLabelSettings: Failure while reading the setting "UseOriginLabels".Using the default value: true.The string read was: null 
23663      INFO  main            d.u.i.k.p.r.p.TestFile    Now processing file /home/runner/work/key/key/key.core/../key.ui/examples/InformationFlow/SimpleEvoting/simple_evoting.Environment(simple_evoting.Environment__untrustedInput()).Non-interference contract.0.key 
24744      DEBUG main            d.u.i.k.j.Recoder2KeY     converting now /home/runner/work/key/key/key.core/../key.ui/examples/InformationFlow/SimpleEvoting/src/simple_evoting/Voter.java 
24746      DEBUG main            d.u.i.k.j.Recoder2KeY     converting now /home/runner/work/key/key/key.core/../key.ui/examples/InformationFlow/SimpleEvoting/src/simple_evoting/NetworkClient.java 
24747      DEBUG main            d.u.i.k.j.Recoder2KeY     converting now /home/runner/work/key/key/key.core/../key.ui/examples/InformationFlow/SimpleEvoting/src/simple_evoting/SMT.java 
24748      DEBUG main            d.u.i.k.j.Recoder2KeY     converting now /home/runner/work/key/key/key.core/../key.ui/examples/InformationFlow/SimpleEvoting/src/simple_evoting/Environment.java 
24748      DEBUG main            d.u.i.k.j.Recoder2KeY     converting now /home/runner/work/key/key/key.core/../key.ui/examples/InformationFlow/SimpleEvoting/src/simple_evoting/Setup.java 
24750      DEBUG main            d.u.i.k.j.Recoder2KeY     converting now /home/runner/work/key/key/key.core/../key.ui/examples/InformationFlow/SimpleEvoting/src/simple_evoting/Server.java 
24751      DEBUG main            d.u.i.k.j.Recoder2KeY     converting now /home/runner/work/key/key/key.core/../key.ui/examples/InformationFlow/SimpleEvoting/src/simple_evoting/Message.java 
24751      DEBUG main            d.u.i.k.j.Recoder2KeY     converting now /home/runner/work/key/key/key.core/../key.ui/examples/InformationFlow/SimpleEvoting/src/simple_evoting/SMTEnv.java 
24756      DEBUG main            d.u.i.k.s.TermLabelSettings TermLabelSettings: Failure while reading the setting "UseOriginLabels".Using the default value: true.The string read was: null 
24756      DEBUG main            d.u.i.k.p.i.KeYFile       Reading KeY file /home/runner/work/key/key/key.core/../key.ui/examples/InformationFlow/SimpleEvoting/simple_evoting.Environment(simple_evoting.Environment__untrustedInput()).Non-interference contract.0.key 
24757      DEBUG main            d.u.i.k.p.i.KeYFile       Reading KeY file file:/home/runner/work/key/key/key.core/build/resources/main/de/uka/ilkd/key/java/JavaRedux/java/lang/String.key 
24760      DEBUG main            d.u.i.k.p.i.KeYFile       Read specifications obtained when parsing the Java files (usually JML and Strings.key) from file:/home/runner/work/key/key/key.core/build/resources/main/de/uka/ilkd/key/java/JavaRedux/java/lang/String.key 
26781      DEBUG main            d.u.i.k.p.i.KeYFile       Read specifications obtained when parsing the Java files (usually JML and Strings.key) from /home/runner/work/key/key/key.core/../key.ui/examples/InformationFlow/SimpleEvoting/simple_evoting.Environment(simple_evoting.Environment__untrustedInput()).Non-interference contract.0.key 
26950      INFO  main            d.u.i.k.p.r.p.TestFile    ... finished proof: open goal(s) 
27085      DEBUG main            d.u.i.k.s.TermLabelSettings TermLabelSettings: Failure while reading the setting "UseOriginLabels".Using the default value: true.The string read was: null 
27085      INFO  main            d.u.i.k.p.r.p.TestFile    Now processing file /home/runner/work/key/key/key.core/../key.ui/examples/InformationFlow/SimpleEvoting/simple_evoting.SMT(simple_evoting.SMT__send(simple_evoting.Message,int,simple_evoting.Server)).Non-interference contract.1.key 
28086      DEBUG main            d.u.i.k.j.Recoder2KeY     converting now /home/runner/work/key/key/key.core/../key.ui/examples/InformationFlow/SimpleEvoting/src/simple_evoting/Voter.java 
28088      DEBUG main            d.u.i.k.j.Recoder2KeY     converting now /home/runner/work/key/key/key.core/../key.ui/examples/InformationFlow/SimpleEvoting/src/simple_evoting/NetworkClient.java 
28089      DEBUG main            d.u.i.k.j.Recoder2KeY     converting now /home/runner/work/key/key/key.core/../key.ui/examples/InformationFlow/SimpleEvoting/src/simple_evoting/SMT.java 
28089      DEBUG main            d.u.i.k.j.Recoder2KeY     converting now /home/runner/work/key/key/key.core/../key.ui/examples/InformationFlow/SimpleEvoting/src/simple_evoting/Environment.java 
28090      DEBUG main            d.u.i.k.j.Recoder2KeY     converting now /home/runner/work/key/key/key.core/../key.ui/examples/InformationFlow/SimpleEvoting/src/simple_evoting/Setup.java 
28091      DEBUG main            d.u.i.k.j.Recoder2KeY     converting now /home/runner/work/key/key/key.core/../key.ui/examples/InformationFlow/SimpleEvoting/src/simple_evoting/Server.java 
28092      DEBUG main            d.u.i.k.j.Recoder2KeY     converting now /home/runner/work/key/key/key.core/../key.ui/examples/InformationFlow/SimpleEvoting/src/simple_evoting/Message.java 
28092      DEBUG main            d.u.i.k.j.Recoder2KeY     converting now /home/runner/work/key/key/key.core/../key.ui/examples/InformationFlow/SimpleEvoting/src/simple_evoting/SMTEnv.java 
28097      DEBUG main            d.u.i.k.s.TermLabelSettings TermLabelSettings: Failure while reading the setting "UseOriginLabels".Using the default value: true.The string read was: null 
28097      DEBUG main            d.u.i.k.p.i.KeYFile       Reading KeY file /home/runner/work/key/key/key.core/../key.ui/examples/InformationFlow/SimpleEvoting/simple_evoting.SMT(simple_evoting.SMT__send(simple_evoting.Message,int,simple_evoting.Server)).Non-interference contract.1.key 
28098      DEBUG main            d.u.i.k.p.i.KeYFile       Reading KeY file file:/home/runner/work/key/key/key.core/build/resources/main/de/uka/ilkd/key/java/JavaRedux/java/lang/String.key 
28100      DEBUG main            d.u.i.k.p.i.KeYFile       Read specifications obtained when parsing the Java files (usually JML and Strings.key) from file:/home/runner/work/key/key/key.core/build/resources/main/de/uka/ilkd/key/java/JavaRedux/java/lang/String.key 
30101      DEBUG main            d.u.i.k.p.i.KeYFile       Read specifications obtained when parsing the Java files (usually JML and Strings.key) from /home/runner/work/key/key/key.core/../key.ui/examples/InformationFlow/SimpleEvoting/simple_evoting.SMT(simple_evoting.SMT__send(simple_evoting.Message,int,simple_evoting.Server)).Non-interference contract.1.key 
59170      INFO  main            d.u.i.k.p.r.p.TestFile    ... finished proof: closed. 
59414      DEBUG main            d.u.i.k.s.TermLabelSettings TermLabelSettings: Failure while reading the setting "UseOriginLabels".Using the default value: true.The string read was: null 
59415      INFO  main            d.u.i.k.p.r.p.TestFile    Now processing file /home/runner/work/key/key/key.core/../key.ui/examples/InformationFlow/SimpleEvoting/simple_evoting.SMT(simple_evoting.SMT__send(simple_evoting.Message,int,simple_evoting.Server)).Non-interference contract.0.key 
60438      DEBUG main            d.u.i.k.j.Recoder2KeY     converting now /home/runner/work/key/key/key.core/../key.ui/examples/InformationFlow/SimpleEvoting/src/simple_evoting/Voter.java 
60441      DEBUG main            d.u.i.k.j.Recoder2KeY     converting now /home/runner/work/key/key/key.core/../key.ui/examples/InformationFlow/SimpleEvoting/src/simple_evoting/NetworkClient.java 
60441      DEBUG main            d.u.i.k.j.Recoder2KeY     converting now /home/runner/work/key/key/key.core/../key.ui/examples/InformationFlow/SimpleEvoting/src/simple_evoting/SMT.java 
60442      DEBUG main            d.u.i.k.j.Recoder2KeY     converting now /home/runner/work/key/key/key.core/../key.ui/examples/InformationFlow/SimpleEvoting/src/simple_evoting/Environment.java 
60443      DEBUG main            d.u.i.k.j.Recoder2KeY     converting now /home/runner/work/key/key/key.core/../key.ui/examples/InformationFlow/SimpleEvoting/src/simple_evoting/Setup.java 
60444      DEBUG main            d.u.i.k.j.Recoder2KeY     converting now /home/runner/work/key/key/key.core/../key.ui/examples/InformationFlow/SimpleEvoting/src/simple_evoting/Server.java 
60445      DEBUG main            d.u.i.k.j.Recoder2KeY     converting now /home/runner/work/key/key/key.core/../key.ui/examples/InformationFlow/SimpleEvoting/src/simple_evoting/Message.java 
60446      DEBUG main            d.u.i.k.j.Recoder2KeY     converting now /home/runner/work/key/key/key.core/../key.ui/examples/InformationFlow/SimpleEvoting/src/simple_evoting/SMTEnv.java 
60451      DEBUG main            d.u.i.k.s.TermLabelSettings TermLabelSettings: Failure while reading the setting "UseOriginLabels".Using the default value: true.The string read was: null 
60451      DEBUG main            d.u.i.k.p.i.KeYFile       Reading KeY file /home/runner/work/key/key/key.core/../key.ui/examples/InformationFlow/SimpleEvoting/simple_evoting.SMT(simple_evoting.SMT__send(simple_evoting.Message,int,simple_evoting.Server)).Non-interference contract.0.key 
60452      DEBUG main            d.u.i.k.p.i.KeYFile       Reading KeY file file:/home/runner/work/key/key/key.core/build/resources/main/de/uka/ilkd/key/java/JavaRedux/java/lang/String.key 
60455      DEBUG main            d.u.i.k.p.i.KeYFile       Read specifications obtained when parsing the Java files (usually JML and Strings.key) from file:/home/runner/work/key/key/key.core/build/resources/main/de/uka/ilkd/key/java/JavaRedux/java/lang/String.key 
62443      DEBUG main            d.u.i.k.p.i.KeYFile       Read specifications obtained when parsing the Java files (usually JML and Strings.key) from /home/runner/work/key/key/key.core/../key.ui/examples/InformationFlow/SimpleEvoting/simple_evoting.SMT(simple_evoting.SMT__send(simple_evoting.Message,int,simple_evoting.Server)).Non-interference contract.0.key 
97062      INFO  main            d.u.i.k.p.r.p.TestFile    ... finished proof: closed. 
97309      DEBUG main            d.u.i.k.s.TermLabelSettings TermLabelSettings: Failure while reading the setting "UseOriginLabels".Using the default value: true.The string read was: null 
97309      INFO  main            d.u.i.k.p.r.p.TestFile    Now processing file /home/runner/work/key/key/key.core/../key.ui/examples/InformationFlow/SimpleEvoting/simple_evoting.NetworkClient(simple_evoting.NetworkClient__send((B,simple_evoting.Server,int)).Non-interference contract.0.key 
98302      DEBUG main            d.u.i.k.j.Recoder2KeY     converting now /home/runner/work/key/key/key.core/../key.ui/examples/InformationFlow/SimpleEvoting/src/simple_evoting/Voter.java 
98304      DEBUG main            d.u.i.k.j.Recoder2KeY     converting now /home/runner/work/key/key/key.core/../key.ui/examples/InformationFlow/SimpleEvoting/src/simple_evoting/NetworkClient.java 
98304      DEBUG main            d.u.i.k.j.Recoder2KeY     converting now /home/runner/work/key/key/key.core/../key.ui/examples/InformationFlow/SimpleEvoting/src/simple_evoting/SMT.java 
98305      DEBUG main            d.u.i.k.j.Recoder2KeY     converting now /home/runner/work/key/key/key.core/../key.ui/examples/InformationFlow/SimpleEvoting/src/simple_evoting/Environment.java 
98306      DEBUG main            d.u.i.k.j.Recoder2KeY     converting now /home/runner/work/key/key/key.core/../key.ui/examples/InformationFlow/SimpleEvoting/src/simple_evoting/Setup.java 
98307      DEBUG main            d.u.i.k.j.Recoder2KeY     converting now /home/runner/work/key/key/key.core/../key.ui/examples/InformationFlow/SimpleEvoting/src/simple_evoting/Server.java 
98309      DEBUG main            d.u.i.k.j.Recoder2KeY     converting now /home/runner/work/key/key/key.core/../key.ui/examples/InformationFlow/SimpleEvoting/src/simple_evoting/Message.java 
98309      DEBUG main            d.u.i.k.j.Recoder2KeY     converting now /home/runner/work/key/key/key.core/../key.ui/examples/InformationFlow/SimpleEvoting/src/simple_evoting/SMTEnv.java 
98314      DEBUG main            d.u.i.k.s.TermLabelSettings TermLabelSettings: Failure while reading the setting "UseOriginLabels".Using the default value: true.The string read was: null 
98314      DEBUG main            d.u.i.k.p.i.KeYFile       Reading KeY file /home/runner/work/key/key/key.core/../key.ui/examples/InformationFlow/SimpleEvoting/simple_evoting.NetworkClient(simple_evoting.NetworkClient__send((B,simple_evoting.Server,int)).Non-interference contract.0.key 
98315      DEBUG main            d.u.i.k.p.i.KeYFile       Reading KeY file file:/home/runner/work/key/key/key.core/build/resources/main/de/uka/ilkd/key/java/JavaRedux/java/lang/String.key 
98318      DEBUG main            d.u.i.k.p.i.KeYFile       Read specifications obtained when parsing the Java files (usually JML and Strings.key) from file:/home/runner/work/key/key/key.core/build/resources/main/de/uka/ilkd/key/java/JavaRedux/java/lang/String.key 
100325     DEBUG main            d.u.i.k.p.i.KeYFile       Read specifications obtained when parsing the Java files (usually JML and Strings.key) from /home/runner/work/key/key/key.core/../key.ui/examples/InformationFlow/SimpleEvoting/simple_evoting.NetworkClient(simple_evoting.NetworkClient__send((B,simple_evoting.Server,int)).Non-interference contract.0.key 
103416     INFO  main            d.u.i.k.p.r.p.TestFile    ... finished proof: closed. 
103583     DEBUG main            d.u.i.k.s.TermLabelSettings TermLabelSettings: Failure while reading the setting "UseOriginLabels".Using the default value: true.The string read was: null 
103584     INFO  main            d.u.i.k.p.r.p.TestFile    Now processing file /home/runner/work/key/key/key.core/../key.ui/examples/InformationFlow/SimpleEvoting/simple_evoting.Voter(simple_evoting.Voter__onSendBallot(simple_evoting.Server)).Non-interference contract.1.key 
104599     DEBUG main            d.u.i.k.j.Recoder2KeY     converting now /home/runner/work/key/key/key.core/../key.ui/examples/InformationFlow/SimpleEvoting/src/simple_evoting/Voter.java 
104602     DEBUG main            d.u.i.k.j.Recoder2KeY     converting now /home/runner/work/key/key/key.core/../key.ui/examples/InformationFlow/SimpleEvoting/src/simple_evoting/NetworkClient.java 
104602     DEBUG main            d.u.i.k.j.Recoder2KeY     converting now /home/runner/work/key/key/key.core/../key.ui/examples/InformationFlow/SimpleEvoting/src/simple_evoting/SMT.java 
104603     DEBUG main            d.u.i.k.j.Recoder2KeY     converting now /home/runner/work/key/key/key.core/../key.ui/examples/InformationFlow/SimpleEvoting/src/simple_evoting/Environment.java 
104604     DEBUG main            d.u.i.k.j.Recoder2KeY     converting now /home/runner/work/key/key/key.core/../key.ui/examples/InformationFlow/SimpleEvoting/src/simple_evoting/Setup.java 
104605     DEBUG main            d.u.i.k.j.Recoder2KeY     converting now /home/runner/work/key/key/key.core/../key.ui/examples/InformationFlow/SimpleEvoting/src/simple_evoting/Server.java 
104606     DEBUG main            d.u.i.k.j.Recoder2KeY     converting now /home/runner/work/key/key/key.core/../key.ui/examples/InformationFlow/SimpleEvoting/src/simple_evoting/Message.java 
104606     DEBUG main            d.u.i.k.j.Recoder2KeY     converting now /home/runner/work/key/key/key.core/../key.ui/examples/InformationFlow/SimpleEvoting/src/simple_evoting/SMTEnv.java 
104610     DEBUG main            d.u.i.k.s.TermLabelSettings TermLabelSettings: Failure while reading the setting "UseOriginLabels".Using the default value: true.The string read was: null 
104611     DEBUG main            d.u.i.k.p.i.KeYFile       Reading KeY file /home/runner/work/key/key/key.core/../key.ui/examples/InformationFlow/SimpleEvoting/simple_evoting.Voter(simple_evoting.Voter__onSendBallot(simple_evoting.Server)).Non-interference contract.1.key 
104612     DEBUG main            d.u.i.k.p.i.KeYFile       Reading KeY file file:/home/runner/work/key/key/key.core/build/resources/main/de/uka/ilkd/key/java/JavaRedux/java/lang/String.key 
104614     DEBUG main            d.u.i.k.p.i.KeYFile       Read specifications obtained when parsing the Java files (usually JML and Strings.key) from file:/home/runner/work/key/key/key.core/build/resources/main/de/uka/ilkd/key/java/JavaRedux/java/lang/String.key 
106631     DEBUG main            d.u.i.k.p.i.KeYFile       Read specifications obtained when parsing the Java files (usually JML and Strings.key) from /home/runner/work/key/key/key.core/../key.ui/examples/InformationFlow/SimpleEvoting/simple_evoting.Voter(simple_evoting.Voter__onSendBallot(simple_evoting.Server)).Non-interference contract.1.key 
106852     DEBUG Thread-15       d.u.i.k.j.TypeConverter   typeconverter: (prefix this;, class class de.uka.ilkd.key.java.reference.ThisReference) 
106858     DEBUG Thread-15       d.u.i.k.j.TypeConverter   typeconverter: (prefix this;, class class de.uka.ilkd.key.java.reference.ThisReference) 
106866     DEBUG Thread-15       d.u.i.k.j.TypeConverter   typeconverter: (prefix this;, class class de.uka.ilkd.key.java.reference.ThisReference) 
106870     DEBUG Thread-15       d.u.i.k.j.TypeConverter   typeconverter: (prefix this;, class class de.uka.ilkd.key.java.reference.ThisReference) 
106937     DEBUG Thread-15       d.u.i.k.r.m.MethodCall    method-call: called for Message.<createObject>(); 
106938     DEBUG Thread-15       d.u.i.k.r.m.MethodCall    method-call: invocation of static method detected 
106948     DEBUG Thread-15       d.u.i.k.r.m.MethodCall    method-call: called for Message.<createObject>(); 
106949     DEBUG Thread-15       d.u.i.k.r.m.MethodCall    method-call: invocation of static method detected 
106959     DEBUG Thread-15       d.u.i.k.r.m.MethodCall    method-call: called for Message.<allocate>(); 
106959     DEBUG Thread-15       d.u.i.k.r.m.MethodCall    method-call: invocation of static method detected 
106964     DEBUG Thread-15       d.u.i.k.r.m.MethodCall    method-call: called for Message.<allocate>(); 
106964     DEBUG Thread-15       d.u.i.k.r.m.MethodCall    method-call: invocation of static method detected 
106985     DEBUG Thread-15       d.u.i.k.j.TypeConverter   typeconverter: (prefix this;, class class de.uka.ilkd.key.java.reference.ThisReference) 
107008     DEBUG Thread-15       d.u.i.k.j.TypeConverter   typeconverter: (prefix this;, class class de.uka.ilkd.key.java.reference.ThisReference) 
107014     DEBUG Thread-15       d.u.i.k.r.m.MethodCall    method-call: called for <prepareEnter>(); 
107015     DEBUG Thread-15       d.u.i.k.r.m.MethodCall    method-call: invocation of private method detected.Requires static resolving. 
107023     DEBUG Thread-15       d.u.i.k.r.m.MethodCall    method-call: called for <prepareEnter>(); 
107023     DEBUG Thread-15       d.u.i.k.r.m.MethodCall    method-call: invocation of private method detected.Requires static resolving. 
107031     DEBUG Thread-15       d.u.i.k.r.m.MethodCall    method-call: called for super.<prepare>(); 
107031     DEBUG Thread-15       d.u.i.k.r.m.MethodCall    method-call: super invocation of method detected.Requires static resolving. 
107041     DEBUG Thread-15       d.u.i.k.j.TypeConverter   typeconverter: (prefix this;, class class de.uka.ilkd.key.java.reference.ThisReference) 
107046     DEBUG Thread-15       d.u.i.k.j.TypeConverter   typeconverter: (prefix this;, class class de.uka.ilkd.key.java.reference.ThisReference) 
107051     DEBUG Thread-15       d.u.i.k.j.TypeConverter   typeconverter: (prefix this;, class class de.uka.ilkd.key.java.reference.ThisReference) 
107096     DEBUG Thread-15       d.u.i.k.r.m.MethodCall    method-call: called for super.<prepare>(); 
107097     DEBUG Thread-15       d.u.i.k.r.m.MethodCall    method-call: super invocation of method detected.Requires static resolving. 
107107     DEBUG Thread-15       d.u.i.k.j.TypeConverter   typeconverter: (prefix this;, class class de.uka.ilkd.key.java.reference.ThisReference) 
107112     DEBUG Thread-15       d.u.i.k.j.TypeConverter   typeconverter: (prefix this;, class class de.uka.ilkd.key.java.reference.ThisReference) 
107117     DEBUG Thread-15       d.u.i.k.j.TypeConverter   typeconverter: (prefix this;, class class de.uka.ilkd.key.java.reference.ThisReference) 
107162     DEBUG Thread-15       d.u.i.k.r.m.MethodCall    method-call: called for super.<init>(); 
107162     DEBUG Thread-15       d.u.i.k.r.m.MethodCall    method-call: super invocation of method detected.Requires static resolving. 
107173     DEBUG Thread-15       d.u.i.k.j.TypeConverter   typeconverter: (prefix this;, class class de.uka.ilkd.key.java.reference.ThisReference) 
107178     DEBUG Thread-15       d.u.i.k.j.TypeConverter   typeconverter: (prefix this;, class class de.uka.ilkd.key.java.reference.ThisReference) 
107197     DEBUG Thread-15       d.u.i.k.j.TypeConverter   typeconverter: (prefix this;, class class de.uka.ilkd.key.java.reference.ThisReference) 
107212     DEBUG Thread-15       d.u.i.k.j.TypeConverter   typeconverter: (prefix this;, class class de.uka.ilkd.key.java.reference.ThisReference) 
111123     DEBUG Thread-15       d.u.i.k.r.m.MethodCall    method-call: called for super.<init>(); 
111123     DEBUG Thread-15       d.u.i.k.r.m.MethodCall    method-call: super invocation of method detected.Requires static resolving. 
111137     DEBUG Thread-15       d.u.i.k.j.TypeConverter   typeconverter: (prefix this;, class class de.uka.ilkd.key.java.reference.ThisReference) 
111141     DEBUG Thread-15       d.u.i.k.j.TypeConverter   typeconverter: (prefix this;, class class de.uka.ilkd.key.java.reference.ThisReference) 
111161     DEBUG Thread-15       d.u.i.k.j.TypeConverter   typeconverter: (prefix this;, class class de.uka.ilkd.key.java.reference.ThisReference) 
111178     DEBUG Thread-15       d.u.i.k.j.TypeConverter   typeconverter: (prefix this;, class class de.uka.ilkd.key.java.reference.ThisReference) 
116900     INFO  main            d.u.i.k.p.r.p.TestFile    ... finished proof: closed. 
117094     DEBUG main            d.u.i.k.s.TermLabelSettings TermLabelSettings: Failure while reading the setting "UseOriginLabels".Using the default value: true.The string read was: null 
117094     INFO  main            d.u.i.k.p.r.p.TestFile    Now processing file /home/runner/work/key/key/key.core/../key.ui/examples/InformationFlow/SimpleEvoting/simple_evoting.Voter(simple_evoting.Voter__onSendBallot(simple_evoting.Server)).Non-interference contract.0.key 
118076     DEBUG main            d.u.i.k.j.Recoder2KeY     converting now /home/runner/work/key/key/key.core/../key.ui/examples/InformationFlow/SimpleEvoting/src/simple_evoting/Voter.java 
118078     DEBUG main            d.u.i.k.j.Recoder2KeY     converting now /home/runner/work/key/key/key.core/../key.ui/examples/InformationFlow/SimpleEvoting/src/simple_evoting/NetworkClient.java 
118078     DEBUG main            d.u.i.k.j.Recoder2KeY     converting now /home/runner/work/key/key/key.core/../key.ui/examples/InformationFlow/SimpleEvoting/src/simple_evoting/SMT.java 
118079     DEBUG main            d.u.i.k.j.Recoder2KeY     converting now /home/runner/work/key/key/key.core/../key.ui/examples/InformationFlow/SimpleEvoting/src/simple_evoting/Environment.java 
118079     DEBUG main            d.u.i.k.j.Recoder2KeY     converting now /home/runner/work/key/key/key.core/../key.ui/examples/InformationFlow/SimpleEvoting/src/simple_evoting/Setup.java 
118080     DEBUG main            d.u.i.k.j.Recoder2KeY     converting now /home/runner/work/key/key/key.core/../key.ui/examples/InformationFlow/SimpleEvoting/src/simple_evoting/Server.java 
118081     DEBUG main            d.u.i.k.j.Recoder2KeY     converting now /home/runner/work/key/key/key.core/../key.ui/examples/InformationFlow/SimpleEvoting/src/simple_evoting/Message.java 
118081     DEBUG main            d.u.i.k.j.Recoder2KeY     converting now /home/runner/work/key/key/key.core/../key.ui/examples/InformationFlow/SimpleEvoting/src/simple_evoting/SMTEnv.java 
118086     DEBUG main            d.u.i.k.s.TermLabelSettings TermLabelSettings: Failure while reading the setting "UseOriginLabels".Using the default value: true.The string read was: null 
118086     DEBUG main            d.u.i.k.p.i.KeYFile       Reading KeY file /home/runner/work/key/key/key.core/../key.ui/examples/InformationFlow/SimpleEvoting/simple_evoting.Voter(simple_evoting.Voter__onSendBallot(simple_evoting.Server)).Non-interference contract.0.key 
118087     DEBUG main            d.u.i.k.p.i.KeYFile       Reading KeY file file:/home/runner/work/key/key/key.core/build/resources/main/de/uka/ilkd/key/java/JavaRedux/java/lang/String.key 
118089     DEBUG main            d.u.i.k.p.i.KeYFile       Read specifications obtained when parsing the Java files (usually JML and Strings.key) from file:/home/runner/work/key/key/key.core/build/resources/main/de/uka/ilkd/key/java/JavaRedux/java/lang/String.key 
120033     DEBUG main            d.u.i.k.p.i.KeYFile       Read specifications obtained when parsing the Java files (usually JML and Strings.key) from /home/runner/work/key/key/key.core/../key.ui/examples/InformationFlow/SimpleEvoting/simple_evoting.Voter(simple_evoting.Voter__onSendBallot(simple_evoting.Server)).Non-interference contract.0.key 
120238     DEBUG Thread-17       d.u.i.k.j.TypeConverter   typeconverter: (prefix this;, class class de.uka.ilkd.key.java.reference.ThisReference) 
120242     DEBUG Thread-17       d.u.i.k.j.TypeConverter   typeconverter: (prefix this;, class class de.uka.ilkd.key.java.reference.ThisReference) 
120250     DEBUG Thread-17       d.u.i.k.j.TypeConverter   typeconverter: (prefix this;, class class de.uka.ilkd.key.java.reference.ThisReference) 
120254     DEBUG Thread-17       d.u.i.k.j.TypeConverter   typeconverter: (prefix this;, class class de.uka.ilkd.key.java.reference.ThisReference) 
120321     DEBUG Thread-17       d.u.i.k.r.m.MethodCall    method-call: called for Message.<createObject>(); 
120321     DEBUG Thread-17       d.u.i.k.r.m.MethodCall    method-call: invocation of static method detected 
120331     DEBUG Thread-17       d.u.i.k.r.m.MethodCall    method-call: called for Message.<createObject>(); 
120331     DEBUG Thread-17       d.u.i.k.r.m.MethodCall    method-call: invocation of static method detected 
120342     DEBUG Thread-17       d.u.i.k.r.m.MethodCall    method-call: called for Message.<allocate>(); 
120342     DEBUG Thread-17       d.u.i.k.r.m.MethodCall    method-call: invocation of static method detected 
120347     DEBUG Thread-17       d.u.i.k.r.m.MethodCall    method-call: called for Message.<allocate>(); 
120347     DEBUG Thread-17       d.u.i.k.r.m.MethodCall    method-call: invocation of static method detected 
120367     DEBUG Thread-17       d.u.i.k.j.TypeConverter   typeconverter: (prefix this;, class class de.uka.ilkd.key.java.reference.ThisReference) 
120388     DEBUG Thread-17       d.u.i.k.j.TypeConverter   typeconverter: (prefix this;, class class de.uka.ilkd.key.java.reference.ThisReference) 
120394     DEBUG Thread-17       d.u.i.k.r.m.MethodCall    method-call: called for <prepareEnter>(); 
120395     DEBUG Thread-17       d.u.i.k.r.m.MethodCall    method-call: invocation of private method detected.Requires static resolving. 
120402     DEBUG Thread-17       d.u.i.k.r.m.MethodCall    method-call: called for <prepareEnter>(); 
120403     DEBUG Thread-17       d.u.i.k.r.m.MethodCall    method-call: invocation of private method detected.Requires static resolving. 
120410     DEBUG Thread-17       d.u.i.k.r.m.MethodCall    method-call: called for super.<prepare>(); 
120410     DEBUG Thread-17       d.u.i.k.r.m.MethodCall    method-call: super invocation of method detected.Requires static resolving. 
120420     DEBUG Thread-17       d.u.i.k.j.TypeConverter   typeconverter: (prefix this;, class class de.uka.ilkd.key.java.reference.ThisReference) 
120425     DEBUG Thread-17       d.u.i.k.j.TypeConverter   typeconverter: (prefix this;, class class de.uka.ilkd.key.java.reference.ThisReference) 
120429     DEBUG Thread-17       d.u.i.k.j.TypeConverter   typeconverter: (prefix this;, class class de.uka.ilkd.key.java.reference.ThisReference) 
120472     DEBUG Thread-17       d.u.i.k.r.m.MethodCall    method-call: called for super.<prepare>(); 
120473     DEBUG Thread-17       d.u.i.k.r.m.MethodCall    method-call: super invocation of method detected.Requires static resolving. 
120483     DEBUG Thread-17       d.u.i.k.j.TypeConverter   typeconverter: (prefix this;, class class de.uka.ilkd.key.java.reference.ThisReference) 
120487     DEBUG Thread-17       d.u.i.k.j.TypeConverter   typeconverter: (prefix this;, class class de.uka.ilkd.key.java.reference.ThisReference) 
120491     DEBUG Thread-17       d.u.i.k.j.TypeConverter   typeconverter: (prefix this;, class class de.uka.ilkd.key.java.reference.ThisReference) 
120535     DEBUG Thread-17       d.u.i.k.r.m.MethodCall    method-call: called for super.<init>(); 
120535     DEBUG Thread-17       d.u.i.k.r.m.MethodCall    method-call: super invocation of method detected.Requires static resolving. 
120545     DEBUG Thread-17       d.u.i.k.j.TypeConverter   typeconverter: (prefix this;, class class de.uka.ilkd.key.java.reference.ThisReference) 
120549     DEBUG Thread-17       d.u.i.k.j.TypeConverter   typeconverter: (prefix this;, class class de.uka.ilkd.key.java.reference.ThisReference) 
120568     DEBUG Thread-17       d.u.i.k.j.TypeConverter   typeconverter: (prefix this;, class class de.uka.ilkd.key.java.reference.ThisReference) 
120583     DEBUG Thread-17       d.u.i.k.j.TypeConverter   typeconverter: (prefix this;, class class de.uka.ilkd.key.java.reference.ThisReference) 
125992     DEBUG Thread-17       d.u.i.k.r.m.MethodCall    method-call: called for super.<init>(); 
125993     DEBUG Thread-17       d.u.i.k.r.m.MethodCall    method-call: super invocation of method detected.Requires static resolving. 
126008     DEBUG Thread-17       d.u.i.k.j.TypeConverter   typeconverter: (prefix this;, class class de.uka.ilkd.key.java.reference.ThisReference) 
126013     DEBUG Thread-17       d.u.i.k.j.TypeConverter   typeconverter: (prefix this;, class class de.uka.ilkd.key.java.reference.ThisReference) 
126034     DEBUG Thread-17       d.u.i.k.j.TypeConverter   typeconverter: (prefix this;, class class de.uka.ilkd.key.java.reference.ThisReference) 
126052     DEBUG Thread-17       d.u.i.k.j.TypeConverter   typeconverter: (prefix this;, class class de.uka.ilkd.key.java.reference.ThisReference) 
132990     INFO  main            d.u.i.k.p.r.p.TestFile    ... finished proof: closed. 
1417090    INFO  Test worker     d.u.i.k.p.r.RunAllProofsTestUnit Returning from test SimpleEvoting_nomacro 
1417091    INFO  Test worker     d.u.i.k.p.r.RunAllProofsTestUnit Running test ToyVoting_fullmacro 
302        INFO  Timeout watchdog d.u.i.k.p.r.p.ForkedTestFileRunner Timeout watcher launched (1000 secs.) 
312        WARN  main            d.u.i.k.s.ProofSettings   The settings in /home/runner/.key/proof-settings.props are *not* read. 
336        DEBUG main            d.u.i.k.s.TermLabelSettings TermLabelSettings: Failure while reading the setting "UseOriginLabels".Using the default value: true.The string read was: null 
336        INFO  main            d.u.i.k.p.r.p.TestFile    Now processing file /home/runner/work/key/key/key.core/../key.ui/examples/InformationFlow/ToyVoting/Voter(Voter__insecure_voting()).Non-interference contract.0.m.key 
1029       DEBUG main            d.u.i.k.p.i.KeYFile       Reading KeY file file:/home/runner/work/key/key/key.core/build/resources/main/de/uka/ilkd/key/proof/rules/ldt.key 
1029       DEBUG main            d.u.i.k.p.i.KeYFile       Read specifications obtained when parsing the Java files (usually JML and Strings.key) from file:/home/runner/work/key/key/key.core/build/resources/main/de/uka/ilkd/key/proof/rules/ldt.key 
1049       DEBUG main            d.u.i.k.p.i.KeYFile       Reading KeY file file:/home/runner/work/key/key/key.core/build/resources/main/de/uka/ilkd/key/proof/rules/propRule.key 
1050       DEBUG main            d.u.i.k.p.i.KeYFile       Read specifications obtained when parsing the Java files (usually JML and Strings.key) from file:/home/runner/work/key/key/key.core/build/resources/main/de/uka/ilkd/key/proof/rules/propRule.key 
1082       DEBUG main            d.u.i.k.p.i.KeYFile       Reading KeY file file:/home/runner/work/key/key/key.core/build/resources/main/de/uka/ilkd/key/proof/rules/firstOrderRules.key 
1083       DEBUG main            d.u.i.k.p.i.KeYFile       Read specifications obtained when parsing the Java files (usually JML and Strings.key) from file:/home/runner/work/key/key/key.core/build/resources/main/de/uka/ilkd/key/proof/rules/firstOrderRules.key 
1115       DEBUG main            d.u.i.k.p.i.KeYFile       Reading KeY file file:/home/runner/work/key/key/key.core/build/resources/main/de/uka/ilkd/key/proof/rules/ifThenElseRules.key 
1117       DEBUG main            d.u.i.k.p.i.KeYFile       Read specifications obtained when parsing the Java files (usually JML and Strings.key) from file:/home/runner/work/key/key/key.core/build/resources/main/de/uka/ilkd/key/proof/rules/ifThenElseRules.key 
1227       DEBUG main            d.u.i.k.p.i.KeYFile       Reading KeY file file:/home/runner/work/key/key/key.core/build/resources/main/de/uka/ilkd/key/proof/rules/formulaNormalisationRules.key 
1228       DEBUG main            d.u.i.k.p.i.KeYFile       Read specifications obtained when parsing the Java files (usually JML and Strings.key) from file:/home/runner/work/key/key/key.core/build/resources/main/de/uka/ilkd/key/proof/rules/formulaNormalisationRules.key 
1308       DEBUG main            d.u.i.k.p.i.KeYFile       Reading KeY file file:/home/runner/work/key/key/key.core/build/resources/main/de/uka/ilkd/key/proof/rules/updateRules.key 
1309       DEBUG main            d.u.i.k.p.i.KeYFile       Read specifications obtained when parsing the Java files (usually JML and Strings.key) from file:/home/runner/work/key/key/key.core/build/resources/main/de/uka/ilkd/key/proof/rules/updateRules.key 
1328       DEBUG main            d.u.i.k.p.i.KeYFile       Reading KeY file file:/home/runner/work/key/key/key.core/build/resources/main/de/uka/ilkd/key/proof/rules/integerRulesCommon.key 
1329       DEBUG main            d.u.i.k.p.i.KeYFile       Read specifications obtained when parsing the Java files (usually JML and Strings.key) from file:/home/runner/work/key/key/key.core/build/resources/main/de/uka/ilkd/key/proof/rules/integerRulesCommon.key 
1446       DEBUG main            d.u.i.k.p.i.KeYFile       Reading KeY file file:/home/runner/work/key/key/key.core/build/resources/main/de/uka/ilkd/key/proof/rules/intRules.key 
1447       DEBUG main            d.u.i.k.p.i.KeYFile       Read specifications obtained when parsing the Java files (usually JML and Strings.key) from file:/home/runner/work/key/key/key.core/build/resources/main/de/uka/ilkd/key/proof/rules/intRules.key 
1474       DEBUG main            d.u.i.k.p.i.KeYFile       Reading KeY file file:/home/runner/work/key/key/key.core/build/resources/main/de/uka/ilkd/key/proof/rules/intRulesUncheckedSemantics.key 
1477       DEBUG main            d.u.i.k.p.i.KeYFile       Read specifications obtained when parsing the Java files (usually JML and Strings.key) from file:/home/runner/work/key/key/key.core/build/resources/main/de/uka/ilkd/key/proof/rules/intRulesUncheckedSemantics.key 
1489       DEBUG main            d.u.i.k.p.i.KeYFile       Reading KeY file file:/home/runner/work/key/key/key.core/build/resources/main/de/uka/ilkd/key/proof/rules/intRulesCheckedSemantics.key 
1489       DEBUG main            d.u.i.k.p.i.KeYFile       Read specifications obtained when parsing the Java files (usually JML and Strings.key) from file:/home/runner/work/key/key/key.core/build/resources/main/de/uka/ilkd/key/proof/rules/intRulesCheckedSemantics.key 
1500       DEBUG main            d.u.i.k.p.i.KeYFile       Reading KeY file file:/home/runner/work/key/key/key.core/build/resources/main/de/uka/ilkd/key/proof/rules/intRulesJavaSemantics.key 
1501       DEBUG main            d.u.i.k.p.i.KeYFile       Read specifications obtained when parsing the Java files (usually JML and Strings.key) from file:/home/runner/work/key/key/key.core/build/resources/main/de/uka/ilkd/key/proof/rules/intRulesJavaSemantics.key 
1662       DEBUG main            d.u.i.k.p.i.KeYFile       Reading KeY file file:/home/runner/work/key/key/key.core/build/resources/main/de/uka/ilkd/key/proof/rules/integerSimplificationRules.key 
1662       DEBUG main            d.u.i.k.p.i.KeYFile       Read specifications obtained when parsing the Java files (usually JML and Strings.key) from file:/home/runner/work/key/key/key.core/build/resources/main/de/uka/ilkd/key/proof/rules/integerSimplificationRules.key 
1706       DEBUG main            d.u.i.k.j.TypeConverter   No LDT found for Meta 
1707       DEBUG main            d.u.i.k.j.TypeConverter   No LDT found for Meta 
1709       DEBUG main            d.u.i.k.j.TypeConverter   No LDT found for Meta 
1710       DEBUG main            d.u.i.k.j.TypeConverter   No LDT found for Meta 
1749       DEBUG main            d.u.i.k.p.i.KeYFile       Reading KeY file file:/home/runner/work/key/key/key.core/build/resources/main/de/uka/ilkd/key/proof/rules/intDiv.key 
1750       DEBUG main            d.u.i.k.p.i.KeYFile       Read specifications obtained when parsing the Java files (usually JML and Strings.key) from file:/home/runner/work/key/key/key.core/build/resources/main/de/uka/ilkd/key/proof/rules/intDiv.key 
1896       DEBUG main            d.u.i.k.p.i.KeYFile       Reading KeY file file:/home/runner/work/key/key/key.core/build/resources/main/de/uka/ilkd/key/proof/rules/bsum.key 
1897       DEBUG main            d.u.i.k.p.i.KeYFile       Read specifications obtained when parsing the Java files (usually JML and Strings.key) from file:/home/runner/work/key/key/key.core/build/resources/main/de/uka/ilkd/key/proof/rules/bsum.key 
1970       DEBUG main            d.u.i.k.p.i.KeYFile       Reading KeY file file:/home/runner/work/key/key/key.core/build/resources/main/de/uka/ilkd/key/proof/rules/bprod.key 
1971       DEBUG main            d.u.i.k.p.i.KeYFile       Read specifications obtained when parsing the Java files (usually JML and Strings.key) from file:/home/runner/work/key/key/key.core/build/resources/main/de/uka/ilkd/key/proof/rules/bprod.key 
1980       DEBUG main            d.u.i.k.p.i.KeYFile       Reading KeY file file:/home/runner/work/key/key/key.core/build/resources/main/de/uka/ilkd/key/proof/rules/binaryAxioms.key 
1980       DEBUG main            d.u.i.k.p.i.KeYFile       Read specifications obtained when parsing the Java files (usually JML and Strings.key) from file:/home/runner/work/key/key/key.core/build/resources/main/de/uka/ilkd/key/proof/rules/binaryAxioms.key 
1985       DEBUG main            d.u.i.k.p.i.KeYFile       Reading KeY file file:/home/runner/work/key/key/key.core/build/resources/main/de/uka/ilkd/key/proof/rules/binaryLemmas.key 
1985       DEBUG main            d.u.i.k.p.i.KeYFile       Read specifications obtained when parsing the Java files (usually JML and Strings.key) from file:/home/runner/work/key/key/key.core/build/resources/main/de/uka/ilkd/key/proof/rules/binaryLemmas.key 
1998       DEBUG main            d.u.i.k.p.i.KeYFile       Reading KeY file file:/home/runner/work/key/key/key.core/build/resources/main/de/uka/ilkd/key/proof/rules/intPow.key 
1998       DEBUG main            d.u.i.k.p.i.KeYFile       Read specifications obtained when parsing the Java files (usually JML and Strings.key) from file:/home/runner/work/key/key/key.core/build/resources/main/de/uka/ilkd/key/proof/rules/intPow.key 
2043       DEBUG main            d.u.i.k.p.i.KeYFile       Reading KeY file file:/home/runner/work/key/key/key.core/build/resources/main/de/uka/ilkd/key/proof/rules/floatRulesCommon.key 
2044       DEBUG main            d.u.i.k.p.i.KeYFile       Read specifications obtained when parsing the Java files (usually JML and Strings.key) from file:/home/runner/work/key/key/key.core/build/resources/main/de/uka/ilkd/key/proof/rules/floatRulesCommon.key 
2055       DEBUG main            d.u.i.k.p.i.KeYFile       Reading KeY file file:/home/runner/work/key/key/key.core/build/resources/main/de/uka/ilkd/key/proof/rules/floatRules.key 
2055       DEBUG main            d.u.i.k.p.i.KeYFile       Read specifications obtained when parsing the Java files (usually JML and Strings.key) from file:/home/runner/work/key/key/key.core/build/resources/main/de/uka/ilkd/key/proof/rules/floatRules.key 
2056       DEBUG main            d.u.i.k.p.i.KeYFile       Reading KeY file file:/home/runner/work/key/key/key.core/build/resources/main/de/uka/ilkd/key/proof/rules/floatRulesVerifyNormal.key 
2056       DEBUG main            d.u.i.k.p.i.KeYFile       Read specifications obtained when parsing the Java files (usually JML and Strings.key) from file:/home/runner/work/key/key/key.core/build/resources/main/de/uka/ilkd/key/proof/rules/floatRulesVerifyNormal.key 
2060       DEBUG main            d.u.i.k.p.i.KeYFile       Reading KeY file file:/home/runner/work/key/key/key.core/build/resources/main/de/uka/ilkd/key/proof/rules/floatRulesAssumeStrictfp.key 
2060       DEBUG main            d.u.i.k.p.i.KeYFile       Read specifications obtained when parsing the Java files (usually JML and Strings.key) from file:/home/runner/work/key/key/key.core/build/resources/main/de/uka/ilkd/key/proof/rules/floatRulesAssumeStrictfp.key 
2086       DEBUG main            d.u.i.k.p.i.KeYFile       Reading KeY file file:/home/runner/work/key/key/key.core/build/resources/main/de/uka/ilkd/key/proof/rules/genericRules.key 
2086       DEBUG main            d.u.i.k.p.i.KeYFile       Read specifications obtained when parsing the Java files (usually JML and Strings.key) from file:/home/runner/work/key/key/key.core/build/resources/main/de/uka/ilkd/key/proof/rules/genericRules.key 
2094       DEBUG main            d.u.i.k.p.i.KeYFile       Reading KeY file file:/home/runner/work/key/key/key.core/build/resources/main/de/uka/ilkd/key/proof/rules/booleanRules.key 
2095       DEBUG main            d.u.i.k.p.i.KeYFile       Read specifications obtained when parsing the Java files (usually JML and Strings.key) from file:/home/runner/work/key/key/key.core/build/resources/main/de/uka/ilkd/key/proof/rules/booleanRules.key 
2099       DEBUG main            d.u.i.k.p.i.KeYFile       Reading KeY file file:/home/runner/work/key/key/key.core/build/resources/main/de/uka/ilkd/key/proof/rules/epsilon.key 
2099       DEBUG main            d.u.i.k.p.i.KeYFile       Read specifications obtained when parsing the Java files (usually JML and Strings.key) from file:/home/runner/work/key/key/key.core/build/resources/main/de/uka/ilkd/key/proof/rules/epsilon.key 
2121       DEBUG main            d.u.i.k.p.i.KeYFile       Reading KeY file file:/home/runner/work/key/key/key.core/build/resources/main/de/uka/ilkd/key/proof/rules/locSetsRules.key 
2122       DEBUG main            d.u.i.k.p.i.KeYFile       Read specifications obtained when parsing the Java files (usually JML and Strings.key) from file:/home/runner/work/key/key/key.core/build/resources/main/de/uka/ilkd/key/proof/rules/locSetsRules.key 
2165       DEBUG main            d.u.i.k.p.i.KeYFile       Reading KeY file file:/home/runner/work/key/key/key.core/build/resources/main/de/uka/ilkd/key/proof/rules/heapRules.key 
2165       DEBUG main            d.u.i.k.p.i.KeYFile       Read specifications obtained when parsing the Java files (usually JML and Strings.key) from file:/home/runner/work/key/key/key.core/build/resources/main/de/uka/ilkd/key/proof/rules/heapRules.key 
2221       DEBUG main            d.u.i.k.p.i.KeYFile       Reading KeY file file:/home/runner/work/key/key/key.core/build/resources/main/de/uka/ilkd/key/proof/rules/permissionRules.key 
2221       DEBUG main            d.u.i.k.p.i.KeYFile       Read specifications obtained when parsing the Java files (usually JML and Strings.key) from file:/home/runner/work/key/key/key.core/build/resources/main/de/uka/ilkd/key/proof/rules/permissionRules.key 
2248       DEBUG main            d.u.i.k.p.i.KeYFile       Reading KeY file file:/home/runner/work/key/key/key.core/build/resources/main/de/uka/ilkd/key/proof/rules/reachRules.key 
2248       DEBUG main            d.u.i.k.p.i.KeYFile       Read specifications obtained when parsing the Java files (usually JML and Strings.key) from file:/home/runner/work/key/key/key.core/build/resources/main/de/uka/ilkd/key/proof/rules/reachRules.key 
2260       DEBUG main            d.u.i.k.p.i.KeYFile       Reading KeY file file:/home/runner/work/key/key/key.core/build/resources/main/de/uka/ilkd/key/proof/rules/seqCoreRules.key 
2260       DEBUG main            d.u.i.k.p.i.KeYFile       Read specifications obtained when parsing the Java files (usually JML and Strings.key) from file:/home/runner/work/key/key/key.core/build/resources/main/de/uka/ilkd/key/proof/rules/seqCoreRules.key 
2282       DEBUG main            d.u.i.k.p.i.KeYFile       Reading KeY file file:/home/runner/work/key/key/key.core/build/resources/main/de/uka/ilkd/key/proof/rules/seqRules.key 
2282       DEBUG main            d.u.i.k.p.i.KeYFile       Read specifications obtained when parsing the Java files (usually JML and Strings.key) from file:/home/runner/work/key/key/key.core/build/resources/main/de/uka/ilkd/key/proof/rules/seqRules.key 
2318       DEBUG main            d.u.i.k.p.i.KeYFile       Reading KeY file file:/home/runner/work/key/key/key.core/build/resources/main/de/uka/ilkd/key/proof/rules/seqPerm.key 
2319       DEBUG main            d.u.i.k.p.i.KeYFile       Read specifications obtained when parsing the Java files (usually JML and Strings.key) from file:/home/runner/work/key/key/key.core/build/resources/main/de/uka/ilkd/key/proof/rules/seqPerm.key 
2336       DEBUG main            d.u.i.k.p.i.KeYFile       Reading KeY file file:/home/runner/work/key/key/key.core/build/resources/main/de/uka/ilkd/key/proof/rules/seqPerm2.key 
2336       DEBUG main            d.u.i.k.p.i.KeYFile       Read specifications obtained when parsing the Java files (usually JML and Strings.key) from file:/home/runner/work/key/key/key.core/build/resources/main/de/uka/ilkd/key/proof/rules/seqPerm2.key 
2450       DEBUG main            d.u.i.k.p.i.KeYFile       Reading KeY file file:/home/runner/work/key/key/key.core/build/resources/main/de/uka/ilkd/key/proof/rules/assertions.key 
2450       DEBUG main            d.u.i.k.p.i.KeYFile       Read specifications obtained when parsing the Java files (usually JML and Strings.key) from file:/home/runner/work/key/key/key.core/build/resources/main/de/uka/ilkd/key/proof/rules/assertions.key 
2472       DEBUG main            d.u.i.k.p.i.KeYFile       Reading KeY file file:/home/runner/work/key/key/key.core/build/resources/main/de/uka/ilkd/key/proof/rules/javaRules.key 
2473       DEBUG main            d.u.i.k.p.i.KeYFile       Read specifications obtained when parsing the Java files (usually JML and Strings.key) from file:/home/runner/work/key/key/key.core/build/resources/main/de/uka/ilkd/key/proof/rules/javaRules.key 
2944       DEBUG main            d.u.i.k.p.i.KeYFile       Reading KeY file file:/home/runner/work/key/key/key.core/build/resources/main/de/uka/ilkd/key/proof/rules/loopRules.key 
2945       DEBUG main            d.u.i.k.p.i.KeYFile       Read specifications obtained when parsing the Java files (usually JML and Strings.key) from file:/home/runner/work/key/key/key.core/build/resources/main/de/uka/ilkd/key/proof/rules/loopRules.key 
2960       DEBUG main            d.u.i.k.p.i.KeYFile       Reading KeY file file:/home/runner/work/key/key/key.core/build/resources/main/de/uka/ilkd/key/proof/rules/activeUse.key 
2961       DEBUG main            d.u.i.k.p.i.KeYFile       Read specifications obtained when parsing the Java files (usually JML and Strings.key) from file:/home/runner/work/key/key/key.core/build/resources/main/de/uka/ilkd/key/proof/rules/activeUse.key 
3013       DEBUG main            d.u.i.k.p.i.KeYFile       Reading KeY file file:/home/runner/work/key/key/key.core/build/resources/main/de/uka/ilkd/key/proof/rules/instanceAllocation.key 
3013       DEBUG main            d.u.i.k.p.i.KeYFile       Read specifications obtained when parsing the Java files (usually JML and Strings.key) from file:/home/runner/work/key/key/key.core/build/resources/main/de/uka/ilkd/key/proof/rules/instanceAllocation.key 
3025       DEBUG main            d.u.i.k.p.i.KeYFile       Reading KeY file file:/home/runner/work/key/key/key.core/build/resources/main/de/uka/ilkd/key/proof/rules/java5.key 
3026       DEBUG main            d.u.i.k.p.i.KeYFile       Read specifications obtained when parsing the Java files (usually JML and Strings.key) from file:/home/runner/work/key/key/key.core/build/resources/main/de/uka/ilkd/key/proof/rules/java5.key 
3035       DEBUG main            d.u.i.k.p.i.KeYFile       Reading KeY file file:/home/runner/work/key/key/key.core/build/resources/main/de/uka/ilkd/key/proof/rules/integerAssignment2UpdateRules.key 
3036       DEBUG main            d.u.i.k.p.i.KeYFile       Read specifications obtained when parsing the Java files (usually JML and Strings.key) from file:/home/runner/work/key/key/key.core/build/resources/main/de/uka/ilkd/key/proof/rules/integerAssignment2UpdateRules.key 
3078       DEBUG main            d.u.i.k.p.i.KeYFile       Reading KeY file file:/home/runner/work/key/key/key.core/build/resources/main/de/uka/ilkd/key/proof/rules/floatAssignment2UpdateRules.key 
3078       DEBUG main            d.u.i.k.p.i.KeYFile       Read specifications obtained when parsing the Java files (usually JML and Strings.key) from file:/home/runner/work/key/key/key.core/build/resources/main/de/uka/ilkd/key/proof/rules/floatAssignment2UpdateRules.key 
3108       DEBUG main            d.u.i.k.p.i.KeYFile       Reading KeY file file:/home/runner/work/key/key/key.core/build/resources/main/de/uka/ilkd/key/proof/rules/bigint.key 
3109       DEBUG main            d.u.i.k.p.i.KeYFile       Read specifications obtained when parsing the Java files (usually JML and Strings.key) from file:/home/runner/work/key/key/key.core/build/resources/main/de/uka/ilkd/key/proof/rules/bigint.key 
3117       DEBUG main            d.u.i.k.j.TypeConverter   No LDT found for JavaBigintExpression 
3123       DEBUG main            d.u.i.k.p.i.KeYFile       Reading KeY file file:/home/runner/work/key/key/key.core/build/resources/main/de/uka/ilkd/key/proof/rules/adtProgramDecompositionRules.key 
3123       DEBUG main            d.u.i.k.p.i.KeYFile       Read specifications obtained when parsing the Java files (usually JML and Strings.key) from file:/home/runner/work/key/key/key.core/build/resources/main/de/uka/ilkd/key/proof/rules/adtProgramDecompositionRules.key 
3136       DEBUG main            d.u.i.k.p.i.KeYFile       Reading KeY file file:/home/runner/work/key/key/key.core/build/resources/main/de/uka/ilkd/key/proof/rules/precRules.key 
3137       DEBUG main            d.u.i.k.p.i.KeYFile       Read specifications obtained when parsing the Java files (usually JML and Strings.key) from file:/home/runner/work/key/key/key.core/build/resources/main/de/uka/ilkd/key/proof/rules/precRules.key 
3147       DEBUG main            d.u.i.k.p.i.KeYFile       Reading KeY file file:/home/runner/work/key/key/key.core/build/resources/main/de/uka/ilkd/key/proof/rules/charListRules.key 
3147       DEBUG main            d.u.i.k.p.i.KeYFile       Read specifications obtained when parsing the Java files (usually JML and Strings.key) from file:/home/runner/work/key/key/key.core/build/resources/main/de/uka/ilkd/key/proof/rules/charListRules.key 
3156       DEBUG main            d.u.i.k.p.i.KeYFile       Reading KeY file file:/home/runner/work/key/key/key.core/build/resources/main/de/uka/ilkd/key/proof/rules/regExHeader.key 
3157       DEBUG main            d.u.i.k.p.i.KeYFile       Read specifications obtained when parsing the Java files (usually JML and Strings.key) from file:/home/runner/work/key/key/key.core/build/resources/main/de/uka/ilkd/key/proof/rules/regExHeader.key 
3160       DEBUG main            d.u.i.k.p.i.KeYFile       Reading KeY file file:/home/runner/work/key/key/key.core/build/resources/main/de/uka/ilkd/key/proof/rules/regExAxioms.key 
3160       DEBUG main            d.u.i.k.p.i.KeYFile       Read specifications obtained when parsing the Java files (usually JML and Strings.key) from file:/home/runner/work/key/key/key.core/build/resources/main/de/uka/ilkd/key/proof/rules/regExAxioms.key 
3166       DEBUG main            d.u.i.k.p.i.KeYFile       Reading KeY file file:/home/runner/work/key/key/key.core/build/resources/main/de/uka/ilkd/key/proof/rules/regExLemmaProven.key 
3166       DEBUG main            d.u.i.k.p.i.KeYFile       Read specifications obtained when parsing the Java files (usually JML and Strings.key) from file:/home/runner/work/key/key/key.core/build/resources/main/de/uka/ilkd/key/proof/rules/regExLemmaProven.key 
3169       DEBUG main            d.u.i.k.p.i.KeYFile       Reading KeY file file:/home/runner/work/key/key/key.core/build/resources/main/de/uka/ilkd/key/proof/rules/regExTheory.key 
3170       DEBUG main            d.u.i.k.p.i.KeYFile       Read specifications obtained when parsing the Java files (usually JML and Strings.key) from file:/home/runner/work/key/key/key.core/build/resources/main/de/uka/ilkd/key/proof/rules/regExTheory.key 
3174       DEBUG main            d.u.i.k.p.i.KeYFile       Reading KeY file file:/home/runner/work/key/key/key.core/build/resources/main/de/uka/ilkd/key/proof/rules/seqEq.key 
3174       DEBUG main            d.u.i.k.p.i.KeYFile       Read specifications obtained when parsing the Java files (usually JML and Strings.key) from file:/home/runner/work/key/key/key.core/build/resources/main/de/uka/ilkd/key/proof/rules/seqEq.key 
3183       DEBUG main            d.u.i.k.p.i.KeYFile       Reading KeY file file:/home/runner/work/key/key/key.core/build/resources/main/de/uka/ilkd/key/proof/rules/infFlow.key 
3184       DEBUG main            d.u.i.k.p.i.KeYFile       Read specifications obtained when parsing the Java files (usually JML and Strings.key) from file:/home/runner/work/key/key/key.core/build/resources/main/de/uka/ilkd/key/proof/rules/infFlow.key 
3189       DEBUG main            d.u.i.k.p.i.KeYFile       Reading KeY file file:/home/runner/work/key/key/key.core/build/resources/main/de/uka/ilkd/key/proof/rules/mapSize.key 
3189       DEBUG main            d.u.i.k.p.i.KeYFile       Read specifications obtained when parsing the Java files (usually JML and Strings.key) from file:/home/runner/work/key/key/key.core/build/resources/main/de/uka/ilkd/key/proof/rules/mapSize.key 
3196       DEBUG main            d.u.i.k.p.i.KeYFile       Reading KeY file file:/home/runner/work/key/key/key.core/build/resources/main/de/uka/ilkd/key/proof/rules/wdHeader.key 
3196       DEBUG main            d.u.i.k.p.i.KeYFile       Read specifications obtained when parsing the Java files (usually JML and Strings.key) from file:/home/runner/work/key/key/key.core/build/resources/main/de/uka/ilkd/key/proof/rules/wdHeader.key 
3198       DEBUG main            d.u.i.k.p.i.KeYFile       Reading KeY file file:/home/runner/work/key/key/key.core/build/resources/main/de/uka/ilkd/key/proof/rules/wdGeneralRules.key 
3198       DEBUG main            d.u.i.k.p.i.KeYFile       Read specifications obtained when parsing the Java files (usually JML and Strings.key) from file:/home/runner/work/key/key/key.core/build/resources/main/de/uka/ilkd/key/proof/rules/wdGeneralRules.key 
3211       DEBUG main            d.u.i.k.p.i.KeYFile       Reading KeY file file:/home/runner/work/key/key/key.core/build/resources/main/de/uka/ilkd/key/proof/rules/wdNumericalRules.key 
3211       DEBUG main            d.u.i.k.p.i.KeYFile       Read specifications obtained when parsing the Java files (usually JML and Strings.key) from file:/home/runner/work/key/key/key.core/build/resources/main/de/uka/ilkd/key/proof/rules/wdNumericalRules.key 
3258       DEBUG main            d.u.i.k.p.i.KeYFile       Reading KeY file file:/home/runner/work/key/key/key.core/build/resources/main/de/uka/ilkd/key/proof/rules/wdLocSetRules.key 
3259       DEBUG main            d.u.i.k.p.i.KeYFile       Read specifications obtained when parsing the Java files (usually JML and Strings.key) from file:/home/runner/work/key/key/key.core/build/resources/main/de/uka/ilkd/key/proof/rules/wdLocSetRules.key 
3265       DEBUG main            d.u.i.k.p.i.KeYFile       Reading KeY file file:/home/runner/work/key/key/key.core/build/resources/main/de/uka/ilkd/key/proof/rules/wdHeapRules.key 
3265       DEBUG main            d.u.i.k.p.i.KeYFile       Read specifications obtained when parsing the Java files (usually JML and Strings.key) from file:/home/runner/work/key/key/key.core/build/resources/main/de/uka/ilkd/key/proof/rules/wdHeapRules.key 
3268       DEBUG main            d.u.i.k.p.i.KeYFile       Reading KeY file file:/home/runner/work/key/key/key.core/build/resources/main/de/uka/ilkd/key/proof/rules/wdReachRules.key 
3269       DEBUG main            d.u.i.k.p.i.KeYFile       Read specifications obtained when parsing the Java files (usually JML and Strings.key) from file:/home/runner/work/key/key/key.core/build/resources/main/de/uka/ilkd/key/proof/rules/wdReachRules.key 
3271       DEBUG main            d.u.i.k.p.i.KeYFile       Reading KeY file file:/home/runner/work/key/key/key.core/build/resources/main/de/uka/ilkd/key/proof/rules/wdSeqRules.key 
3271       DEBUG main            d.u.i.k.p.i.KeYFile       Read specifications obtained when parsing the Java files (usually JML and Strings.key) from file:/home/runner/work/key/key/key.core/build/resources/main/de/uka/ilkd/key/proof/rules/wdSeqRules.key 
3277       DEBUG main            d.u.i.k.p.i.KeYFile       Reading KeY file file:/home/runner/work/key/key/key.core/build/resources/main/de/uka/ilkd/key/proof/rules/wdStringRules.key 
3279       DEBUG main            d.u.i.k.p.i.KeYFile       Read specifications obtained when parsing the Java files (usually JML and Strings.key) from file:/home/runner/work/key/key/key.core/build/resources/main/de/uka/ilkd/key/proof/rules/wdStringRules.key 
3283       DEBUG main            d.u.i.k.p.i.KeYFile       Reading KeY file file:/home/runner/work/key/key/key.core/build/resources/main/de/uka/ilkd/key/proof/rules/wdRegExRules.key 
3283       DEBUG main            d.u.i.k.p.i.KeYFile       Read specifications obtained when parsing the Java files (usually JML and Strings.key) from file:/home/runner/work/key/key/key.core/build/resources/main/de/uka/ilkd/key/proof/rules/wdRegExRules.key 
3291       DEBUG main            d.u.i.k.p.i.KeYFile       Reading KeY file file:/home/runner/work/key/key/key.core/build/resources/main/de/uka/ilkd/key/proof/rules/wdFormulaRules.key 
3292       DEBUG main            d.u.i.k.p.i.KeYFile       Read specifications obtained when parsing the Java files (usually JML and Strings.key) from file:/home/runner/work/key/key/key.core/build/resources/main/de/uka/ilkd/key/proof/rules/wdFormulaRules.key 
3302       DEBUG main            d.u.i.k.p.i.KeYFile       Reading KeY file file:/home/runner/work/key/key/key.core/build/resources/main/de/uka/ilkd/key/proof/rules/wd.key 
3302       DEBUG main            d.u.i.k.p.i.KeYFile       Read specifications obtained when parsing the Java files (usually JML and Strings.key) from file:/home/runner/work/key/key/key.core/build/resources/main/de/uka/ilkd/key/proof/rules/wd.key 
3304       DEBUG main            d.u.i.k.p.i.KeYFile       Reading KeY file file:/home/runner/work/key/key/key.core/build/resources/main/de/uka/ilkd/key/proof/rules/loopInvariantRules.key 
3304       DEBUG main            d.u.i.k.p.i.KeYFile       Read specifications obtained when parsing the Java files (usually JML and Strings.key) from file:/home/runner/work/key/key/key.core/build/resources/main/de/uka/ilkd/key/proof/rules/loopInvariantRules.key 
3306       DEBUG main            d.u.i.k.p.i.KeYFile       Reading KeY file file:/home/runner/work/key/key/key.core/build/resources/main/de/uka/ilkd/key/proof/rules/forLoopRules.key 
3306       DEBUG main            d.u.i.k.p.i.KeYFile       Read specifications obtained when parsing the Java files (usually JML and Strings.key) from file:/home/runner/work/key/key/key.core/build/resources/main/de/uka/ilkd/key/proof/rules/forLoopRules.key 
3312       DEBUG main            d.u.i.k.p.i.KeYFile       Reading KeY file file:/home/runner/work/key/key/key.core/build/resources/main/de/uka/ilkd/key/proof/rules/execRules.key 
3313       DEBUG main            d.u.i.k.p.i.KeYFile       Read specifications obtained when parsing the Java files (usually JML and Strings.key) from file:/home/runner/work/key/key/key.core/build/resources/main/de/uka/ilkd/key/proof/rules/execRules.key 
3389       DEBUG main            d.u.i.k.p.i.KeYFile       Reading KeY file file:/home/runner/work/key/key/key.core/build/resources/main/de/uka/ilkd/key/proof/rules/loopScopeRules.key 
3389       DEBUG main            d.u.i.k.p.i.KeYFile       Read specifications obtained when parsing the Java files (usually JML and Strings.key) from file:/home/runner/work/key/key/key.core/build/resources/main/de/uka/ilkd/key/proof/rules/loopScopeRules.key 
3415       DEBUG main            d.u.i.k.p.i.KeYFile       Reading KeY file file:/home/runner/work/key/key/key.core/build/resources/main/de/uka/ilkd/key/proof/rules/standardRules.key 
3415       DEBUG main            d.u.i.k.p.i.KeYFile       Read specifications obtained when parsing the Java files (usually JML and Strings.key) from file:/home/runner/work/key/key/key.core/build/resources/main/de/uka/ilkd/key/proof/rules/standardRules.key 
5726       DEBUG main            d.u.i.k.j.Recoder2KeY     converting now /home/runner/work/key/key/key.core/../key.ui/examples/InformationFlow/ToyVoting/src/Voter.java 
5756       DEBUG main            d.u.i.k.s.TermLabelSettings TermLabelSettings: Failure while reading the setting "UseOriginLabels".Using the default value: true.The string read was: null 
5756       DEBUG main            d.u.i.k.p.i.KeYFile       Reading KeY file /home/runner/work/key/key/key.core/../key.ui/examples/InformationFlow/ToyVoting/Voter(Voter__insecure_voting()).Non-interference contract.0.m.key 
5768       DEBUG main            d.u.i.k.p.i.KeYFile       Reading KeY file file:/home/runner/work/key/key/key.core/build/resources/main/de/uka/ilkd/key/java/JavaRedux/java/lang/String.key 
5774       DEBUG main            d.u.i.k.p.i.KeYFile       Read specifications obtained when parsing the Java files (usually JML and Strings.key) from file:/home/runner/work/key/key/key.core/build/resources/main/de/uka/ilkd/key/java/JavaRedux/java/lang/String.key 
7723       DEBUG main            d.u.i.k.p.i.KeYFile       Read specifications obtained when parsing the Java files (usually JML and Strings.key) from /home/runner/work/key/key/key.core/../key.ui/examples/InformationFlow/ToyVoting/Voter(Voter__insecure_voting()).Non-interference contract.0.m.key 
8053       DEBUG main            d.u.i.k.m.s.ProofScriptEngine 1: 'macro 'infflow-autopilot'' 
8390       DEBUG main            d.u.i.k.p.m.ProofCorrectnessMgt No justification found for rule Class_invariant_axiom_for_Voter 
8485       DEBUG main            d.u.i.k.p.m.ProofCorrectnessMgt No justification found for rule Class_invariant_axiom_for_Voter 
8487       DEBUG main            d.u.i.k.p.m.ProofCorrectnessMgt No justification found for rule Class_invariant_axiom_for_Voter 
8715       DEBUG main            d.u.i.k.j.TypeConverter   typeconverter: (prefix this;, class class de.uka.ilkd.key.java.reference.ThisReference) 
8726       DEBUG main            d.u.i.k.p.m.ProofCorrectnessMgt No justification found for rule Class_invariant_axiom_for_Voter 
8729       DEBUG main            d.u.i.k.p.m.ProofCorrectnessMgt No justification found for rule Class_invariant_axiom_for_Voter 
8799       DEBUG main            d.u.i.k.p.m.ProofCorrectnessMgt No justification found for rule Class_invariant_axiom_for_Voter 
8803       DEBUG main            d.u.i.k.p.m.ProofCorrectnessMgt No justification found for rule Class_invariant_axiom_for_Voter 
8883       DEBUG main            d.u.i.k.j.TypeConverter   typeconverter: (prefix this;, class class de.uka.ilkd.key.java.reference.ThisReference) 
8892       DEBUG main            d.u.i.k.p.m.ProofCorrectnessMgt No justification found for rule Class_invariant_axiom_for_Voter 
8893       DEBUG main            d.u.i.k.p.m.ProofCorrectnessMgt No justification found for rule Class_invariant_axiom_for_Voter 
8920       DEBUG main            d.u.i.k.j.TypeConverter   TypeConverter: FieldReference: low_numOfVotes; 
8972       DEBUG main            d.u.i.k.j.TypeConverter   TypeConverter: FieldReference: low_numOfVotes; 
9052       DEBUG main            d.u.i.k.p.m.ProofCorrectnessMgt No justification found for rule Class_invariant_axiom_for_Voter 
9054       DEBUG main            d.u.i.k.p.m.ProofCorrectnessMgt No justification found for rule Class_invariant_axiom_for_Voter 
9087       DEBUG main            d.u.i.k.j.TypeConverter   typeconverter: (prefix this;, class class de.uka.ilkd.key.java.reference.ThisReference) 
9169       DEBUG main            d.u.i.k.p.m.ProofCorrectnessMgt No justification found for rule Class_invariant_axiom_for_Voter 
9171       DEBUG main            d.u.i.k.p.m.ProofCorrectnessMgt No justification found for rule Class_invariant_axiom_for_Voter 
9234       DEBUG main            d.u.i.k.p.m.ProofCorrectnessMgt No justification found for rule Class_invariant_axiom_for_Voter 
9235       DEBUG main            d.u.i.k.p.m.ProofCorrectnessMgt No justification found for rule Class_invariant_axiom_for_Voter 
9347       DEBUG main            d.u.i.k.p.m.ProofCorrectnessMgt No justification found for rule Class_invariant_axiom_for_Voter 
9362       DEBUG main            d.u.i.k.p.m.ProofCorrectnessMgt No justification found for rule Class_invariant_axiom_for_Voter 
9453       DEBUG main            d.u.i.k.p.m.ProofCorrectnessMgt No justification found for rule Class_invariant_axiom_for_Voter 
9466       DEBUG main            d.u.i.k.p.m.ProofCorrectnessMgt No justification found for rule Class_invariant_axiom_for_Voter 
9552       DEBUG main            d.u.i.k.p.m.ProofCorrectnessMgt No justification found for rule Class_invariant_axiom_for_Voter 
9570       DEBUG main            d.u.i.k.p.m.ProofCorrectnessMgt No justification found for rule Class_invariant_axiom_for_Voter 
9573       DEBUG main            d.u.i.k.p.m.ProofCorrectnessMgt No justification found for rule Class_invariant_axiom_for_Voter 
32569      INFO  main            d.u.i.k.p.r.p.TestFile    ... finished proof: open goal(s) 
32764      DEBUG main            d.u.i.k.s.TermLabelSettings TermLabelSettings: Failure while reading the setting "UseOriginLabels".Using the default value: true.The string read was: null 
32764      INFO  main            d.u.i.k.p.r.p.TestFile    Now processing file /home/runner/work/key/key/key.core/../key.ui/examples/InformationFlow/ToyVoting/Voter(Voter__publishVoterParticipation()).Non-interference contract.0.m.key 
33629      DEBUG main            d.u.i.k.j.Recoder2KeY     converting now /home/runner/work/key/key/key.core/../key.ui/examples/InformationFlow/ToyVoting/src/Voter.java 
33637      DEBUG main            d.u.i.k.s.TermLabelSettings TermLabelSettings: Failure while reading the setting "UseOriginLabels".Using the default value: true.The string read was: null 
33637      DEBUG main            d.u.i.k.p.i.KeYFile       Reading KeY file /home/runner/work/key/key/key.core/../key.ui/examples/InformationFlow/ToyVoting/Voter(Voter__publishVoterParticipation()).Non-interference contract.0.m.key 
33639      DEBUG main            d.u.i.k.p.i.KeYFile       Reading KeY file file:/home/runner/work/key/key/key.core/build/resources/main/de/uka/ilkd/key/java/JavaRedux/java/lang/String.key 
33642      DEBUG main            d.u.i.k.p.i.KeYFile       Read specifications obtained when parsing the Java files (usually JML and Strings.key) from file:/home/runner/work/key/key/key.core/build/resources/main/de/uka/ilkd/key/java/JavaRedux/java/lang/String.key 
35232      DEBUG main            d.u.i.k.p.i.KeYFile       Read specifications obtained when parsing the Java files (usually JML and Strings.key) from /home/runner/work/key/key/key.core/../key.ui/examples/InformationFlow/ToyVoting/Voter(Voter__publishVoterParticipation()).Non-interference contract.0.m.key 
35311      DEBUG main            d.u.i.k.m.s.ProofScriptEngine 1: 'macro 'infflow-autopilot'' 
35394      DEBUG main            d.u.i.k.p.m.ProofCorrectnessMgt No justification found for rule Class_invariant_axiom_for_Voter 
35408      DEBUG main            d.u.i.k.j.TypeConverter   TypeConverter: FieldReference: low_numOfVotes; 
35419      DEBUG main            d.u.i.k.j.TypeConverter   TypeConverter: FieldReference: low_NUM_OF_VOTERS; 
35420      DEBUG main            d.u.i.k.j.TypeConverter   TypeConverter: FieldReference: low_NUM_OF_VOTERS; 
35426      DEBUG main            d.u.i.k.j.TypeConverter   TypeConverter: FieldReference: low_outputStream; 
35565      INFO  main            d.u.i.k.p.r.p.TestFile    ... finished proof: closed. 
35799      DEBUG main            d.u.i.k.s.TermLabelSettings TermLabelSettings: Failure while reading the setting "UseOriginLabels".Using the default value: true.The string read was: null 
35799      INFO  main            d.u.i.k.p.r.p.TestFile    Now processing file /home/runner/work/key/key/key.core/../key.ui/examples/InformationFlow/ToyVoting/Voter(Voter__isValid(int)).Non-interference contract.0.m.key 
36679      DEBUG main            d.u.i.k.j.Recoder2KeY     converting now /home/runner/work/key/key/key.core/../key.ui/examples/InformationFlow/ToyVoting/src/Voter.java 
36686      DEBUG main            d.u.i.k.s.TermLabelSettings TermLabelSettings: Failure while reading the setting "UseOriginLabels".Using the default value: true.The string read was: null 
36686      DEBUG main            d.u.i.k.p.i.KeYFile       Reading KeY file /home/runner/work/key/key/key.core/../key.ui/examples/InformationFlow/ToyVoting/Voter(Voter__isValid(int)).Non-interference contract.0.m.key 
36687      DEBUG main            d.u.i.k.p.i.KeYFile       Reading KeY file file:/home/runner/work/key/key/key.core/build/resources/main/de/uka/ilkd/key/java/JavaRedux/java/lang/String.key 
36690      DEBUG main            d.u.i.k.p.i.KeYFile       Read specifications obtained when parsing the Java files (usually JML and Strings.key) from file:/home/runner/work/key/key/key.core/build/resources/main/de/uka/ilkd/key/java/JavaRedux/java/lang/String.key 
38319      DEBUG main            d.u.i.k.p.i.KeYFile       Read specifications obtained when parsing the Java files (usually JML and Strings.key) from /home/runner/work/key/key/key.core/../key.ui/examples/InformationFlow/ToyVoting/Voter(Voter__isValid(int)).Non-interference contract.0.m.key 
38369      DEBUG main            d.u.i.k.m.s.ProofScriptEngine 1: 'macro 'infflow-autopilot'' 
38408      DEBUG main            d.u.i.k.p.m.ProofCorrectnessMgt No justification found for rule Class_invariant_axiom_for_Voter 
38692      INFO  main            d.u.i.k.p.r.p.TestFile    ... finished proof: closed. 
38835      DEBUG main            d.u.i.k.s.TermLabelSettings TermLabelSettings: Failure while reading the setting "UseOriginLabels".Using the default value: true.The string read was: null 
38836      INFO  main            d.u.i.k.p.r.p.TestFile    Now processing file /home/runner/work/key/key/key.core/../key.ui/examples/InformationFlow/ToyVoting/Voter(Voter__sendVote(int)).Non-interference contract.0.m.key 
39645      DEBUG main            d.u.i.k.j.Recoder2KeY     converting now /home/runner/work/key/key/key.core/../key.ui/examples/InformationFlow/ToyVoting/src/Voter.java 
39651      DEBUG main            d.u.i.k.s.TermLabelSettings TermLabelSettings: Failure while reading the setting "UseOriginLabels".Using the default value: true.The string read was: null 
39651      DEBUG main            d.u.i.k.p.i.KeYFile       Reading KeY file /home/runner/work/key/key/key.core/../key.ui/examples/InformationFlow/ToyVoting/Voter(Voter__sendVote(int)).Non-interference contract.0.m.key 
39652      DEBUG main            d.u.i.k.p.i.KeYFile       Reading KeY file file:/home/runner/work/key/key/key.core/build/resources/main/de/uka/ilkd/key/java/JavaRedux/java/lang/String.key 
39654      DEBUG main            d.u.i.k.p.i.KeYFile       Read specifications obtained when parsing the Java files (usually JML and Strings.key) from file:/home/runner/work/key/key/key.core/build/resources/main/de/uka/ilkd/key/java/JavaRedux/java/lang/String.key 
41220      DEBUG main            d.u.i.k.p.i.KeYFile       Read specifications obtained when parsing the Java files (usually JML and Strings.key) from /home/runner/work/key/key/key.core/../key.ui/examples/InformationFlow/ToyVoting/Voter(Voter__sendVote(int)).Non-interference contract.0.m.key 
41268      DEBUG main            d.u.i.k.m.s.ProofScriptEngine 1: 'macro 'infflow-autopilot'' 
41306      DEBUG main            d.u.i.k.p.m.ProofCorrectnessMgt No justification found for rule Class_invariant_axiom_for_Voter 
41311      DEBUG main            d.u.i.k.j.TypeConverter   TypeConverter: FieldReference: low_outputStreamAvailable; 
41521      INFO  main            d.u.i.k.p.r.p.TestFile    ... finished proof: closed. 
41642      DEBUG main            d.u.i.k.s.TermLabelSettings TermLabelSettings: Failure while reading the setting "UseOriginLabels".Using the default value: true.The string read was: null 
41642      INFO  main            d.u.i.k.p.r.p.TestFile    Now processing file /home/runner/work/key/key/key.core/../key.ui/examples/InformationFlow/ToyVoting/Voter(Voter__inputVote()).Non-interference contract.0.m.key 
42434      DEBUG main            d.u.i.k.j.Recoder2KeY     converting now /home/runner/work/key/key/key.core/../key.ui/examples/InformationFlow/ToyVoting/src/Voter.java 
42443      DEBUG main            d.u.i.k.s.TermLabelSettings TermLabelSettings: Failure while reading the setting "UseOriginLabels".Using the default value: true.The string read was: null 
42444      DEBUG main            d.u.i.k.p.i.KeYFile       Reading KeY file /home/runner/work/key/key/key.core/../key.ui/examples/InformationFlow/ToyVoting/Voter(Voter__inputVote()).Non-interference contract.0.m.key 
42445      DEBUG main            d.u.i.k.p.i.KeYFile       Reading KeY file file:/home/runner/work/key/key/key.core/build/resources/main/de/uka/ilkd/key/java/JavaRedux/java/lang/String.key 
42448      DEBUG main            d.u.i.k.p.i.KeYFile       Read specifications obtained when parsing the Java files (usually JML and Strings.key) from file:/home/runner/work/key/key/key.core/build/resources/main/de/uka/ilkd/key/java/JavaRedux/java/lang/String.key 
44033      DEBUG main            d.u.i.k.p.i.KeYFile       Read specifications obtained when parsing the Java files (usually JML and Strings.key) from /home/runner/work/key/key/key.core/../key.ui/examples/InformationFlow/ToyVoting/Voter(Voter__inputVote()).Non-interference contract.0.m.key 
44080      DEBUG main            d.u.i.k.m.s.ProofScriptEngine 1: 'macro 'infflow-autopilot'' 
44144      DEBUG main            d.u.i.k.p.m.ProofCorrectnessMgt No justification found for rule Class_invariant_axiom_for_Voter 
44148      DEBUG main            d.u.i.k.j.TypeConverter   TypeConverter: FieldReference: high_inputStream; 
44236      INFO  main            d.u.i.k.p.r.p.TestFile    ... finished proof: closed. 
44360      DEBUG main            d.u.i.k.s.TermLabelSettings TermLabelSettings: Failure while reading the setting "UseOriginLabels".Using the default value: true.The string read was: null 
44360      INFO  main            d.u.i.k.p.r.p.TestFile    Now processing file /home/runner/work/key/key/key.core/../key.ui/examples/InformationFlow/ToyVoting/Voter(Voter__secure_voting()).Non-interference contract.0.m.key 
45134      DEBUG main            d.u.i.k.j.Recoder2KeY     converting now /home/runner/work/key/key/key.core/../key.ui/examples/InformationFlow/ToyVoting/src/Voter.java 
45140      DEBUG main            d.u.i.k.s.TermLabelSettings TermLabelSettings: Failure while reading the setting "UseOriginLabels".Using the default value: true.The string read was: null 
45140      DEBUG main            d.u.i.k.p.i.KeYFile       Reading KeY file /home/runner/work/key/key/key.core/../key.ui/examples/InformationFlow/ToyVoting/Voter(Voter__secure_voting()).Non-interference contract.0.m.key 
45141      DEBUG main            d.u.i.k.p.i.KeYFile       Reading KeY file file:/home/runner/work/key/key/key.core/build/resources/main/de/uka/ilkd/key/java/JavaRedux/java/lang/String.key 
45144      DEBUG main            d.u.i.k.p.i.KeYFile       Read specifications obtained when parsing the Java files (usually JML and Strings.key) from file:/home/runner/work/key/key/key.core/build/resources/main/de/uka/ilkd/key/java/JavaRedux/java/lang/String.key 
46686      DEBUG main            d.u.i.k.p.i.KeYFile       Read specifications obtained when parsing the Java files (usually JML and Strings.key) from /home/runner/work/key/key/key.core/../key.ui/examples/InformationFlow/ToyVoting/Voter(Voter__secure_voting()).Non-interference contract.0.m.key 
46731      DEBUG main            d.u.i.k.m.s.ProofScriptEngine 1: 'macro 'infflow-autopilot'' 
46763      DEBUG main            d.u.i.k.p.m.ProofCorrectnessMgt No justification found for rule Class_invariant_axiom_for_Voter 
46776      DEBUG main            d.u.i.k.r.m.WhileLoopTransformation While-Loop-Tranform-Result: {
  int i = 0;
  while (i < low_NUM_OF_VOTERS) {
    {
      int high_vote = inputVote();
      {
        if (isValid(high_vote)) {
          this.high_voteValid = true;
          this.low_sendSuccessful = sendVote(high_vote);
        } else {
          this.high_voteValid = false;
          this.low_sendSuccessful = sendVote(0);
        }
      }
      {
        low_numOfVotes = (this.low_sendSuccessful ?
                            low_numOfVotes + 1 :
                            low_numOfVotes);
      }
    }
    i++;
  }
} 
46795      DEBUG main            d.u.i.k.r.m.WhileLoopTransformation While-Loop-Tranform-Result: try {
  {
    if (i < low_NUM_OF_VOTERS) {
      {
        int high_vote = inputVote();
        {
          if (isValid(high_vote)) {
            this.high_voteValid = true;
            this.low_sendSuccessful = sendVote(
              high_vote
            );
          } else {
            this.high_voteValid = false;
            this.low_sendSuccessful = sendVote(0);
          }
        }
        {
          low_numOfVotes = (this.low_sendSuccessful ?
                              low_numOfVotes + 1 :
                              low_numOfVotes);
        }
      }
      i++;
    }
  }
} catch (java.lang.Throwable e#5) {
  exc#4 = true;
  thrownExc#6 = e#5;
} 
46891      DEBUG main            d.u.i.k.p.m.ProofCorrectnessMgt No justification found for rule Class_invariant_axiom_for_Voter 
46891      DEBUG main            d.u.i.k.j.TypeConverter   TypeConverter: FieldReference: low_NUM_OF_VOTERS; 
46897      DEBUG main            d.u.i.k.j.TypeConverter   TypeConverter: FieldReference: low_NUM_OF_VOTERS; 
46902      DEBUG main            d.u.i.k.j.TypeConverter   TypeConverter: FieldReference: low_NUM_OF_VOTERS; 
46943      DEBUG main            d.u.i.k.p.m.ProofCorrectnessMgt No justification found for rule Class_invariant_axiom_for_Voter 
46944      DEBUG main            d.u.i.k.p.m.ProofCorrectnessMgt No justification found for rule Class_invariant_axiom_for_Voter 
47030      DEBUG main            d.u.i.k.p.m.ProofCorrectnessMgt No justification found for rule Class_invariant_axiom_for_Voter 
47155      DEBUG main            d.u.i.k.p.m.ProofCorrectnessMgt No justification found for rule Class_invariant_axiom_for_Voter 
47157      DEBUG main            d.u.i.k.p.m.ProofCorrectnessMgt No justification found for rule Class_invariant_axiom_for_Voter 
47189      DEBUG main            d.u.i.k.j.TypeConverter   TypeConverter: FieldReference: low_NUM_OF_VOTERS; 
47204      DEBUG main            d.u.i.k.j.TypeConverter   TypeConverter: FieldReference: low_NUM_OF_VOTERS; 
47334      DEBUG main            d.u.i.k.j.TypeConverter   TypeConverter: FieldReference: low_NUM_OF_VOTERS; 
47339      DEBUG main            d.u.i.k.j.TypeConverter   TypeConverter: FieldReference: low_NUM_OF_VOTERS; 
47394      DEBUG main            d.u.i.k.p.m.ProofCorrectnessMgt No justification found for rule Class_invariant_axiom_for_Voter 
47469      DEBUG main            d.u.i.k.p.m.ProofCorrectnessMgt No justification found for rule Class_invariant_axiom_for_Voter 
47471      DEBUG main            d.u.i.k.p.m.ProofCorrectnessMgt No justification found for rule Class_invariant_axiom_for_Voter 
47492      DEBUG main            d.u.i.k.p.m.ProofCorrectnessMgt No justification found for rule Class_invariant_axiom_for_Voter 
47551      DEBUG main            d.u.i.k.p.m.ProofCorrectnessMgt No justification found for rule Class_invariant_axiom_for_Voter 
47553      DEBUG main            d.u.i.k.p.m.ProofCorrectnessMgt No justification found for rule Class_invariant_axiom_for_Voter 
47604      DEBUG main            d.u.i.k.j.TypeConverter   typeconverter: (prefix this;, class class de.uka.ilkd.key.java.reference.ThisReference) 
47640      DEBUG main            d.u.i.k.j.TypeConverter   typeconverter: (prefix this;, class class de.uka.ilkd.key.java.reference.ThisReference) 
47665      DEBUG main            d.u.i.k.j.TypeConverter   TypeConverter: FieldReference: low_numOfVotes; 
47709      DEBUG main            d.u.i.k.j.TypeConverter   TypeConverter: FieldReference: low_numOfVotes; 
47875      DEBUG main            d.u.i.k.j.TypeConverter   TypeConverter: FieldReference: low_NUM_OF_VOTERS; 
47909      DEBUG main            d.u.i.k.j.TypeConverter   TypeConverter: FieldReference: low_numOfVotes; 
47923      DEBUG main            d.u.i.k.j.TypeConverter   TypeConverter: FieldReference: low_numOfVotes; 
48044      DEBUG main            d.u.i.k.j.TypeConverter   TypeConverter: FieldReference: low_NUM_OF_VOTERS; 
48298      DEBUG main            d.u.i.k.p.m.ProofCorrectnessMgt No justification found for rule Class_invariant_axiom_for_Voter 
48301      DEBUG main            d.u.i.k.p.m.ProofCorrectnessMgt No justification found for rule Class_invariant_axiom_for_Voter 
48395      DEBUG main            d.u.i.k.p.m.ProofCorrectnessMgt No justification found for rule Class_invariant_axiom_for_Voter 
48398      DEBUG main            d.u.i.k.p.m.ProofCorrectnessMgt No justification found for rule Class_invariant_axiom_for_Voter 
48451      DEBUG main            d.u.i.k.p.m.ProofCorrectnessMgt No justification found for rule Class_invariant_axiom_for_Voter 
48454      DEBUG main            d.u.i.k.p.m.ProofCorrectnessMgt No justification found for rule Class_invariant_axiom_for_Voter 
48473      DEBUG main            d.u.i.k.p.m.ProofCorrectnessMgt No justification found for rule Class_invariant_axiom_for_Voter 
48535      DEBUG main            d.u.i.k.p.m.ProofCorrectnessMgt No justification found for rule Class_invariant_axiom_for_Voter 
48537      DEBUG main            d.u.i.k.j.TypeConverter   TypeConverter: FieldReference: low_NUM_OF_VOTERS; 
48554      DEBUG main            d.u.i.k.j.TypeConverter   TypeConverter: FieldReference: low_NUM_OF_VOTERS; 
48612      DEBUG main            d.u.i.k.p.m.ProofCorrectnessMgt No justification found for rule Class_invariant_axiom_for_Voter 
48612      DEBUG main            d.u.i.k.p.m.ProofCorrectnessMgt No justification found for rule Class_invariant_axiom_for_Voter 
48635      DEBUG main            d.u.i.k.j.TypeConverter   typeconverter: (prefix this;, class class de.uka.ilkd.key.java.reference.ThisReference) 
48688      DEBUG main            d.u.i.k.j.TypeConverter   TypeConverter: FieldReference: low_numOfVotes; 
48698      DEBUG main            d.u.i.k.j.TypeConverter   TypeConverter: FieldReference: low_numOfVotes; 
48732      DEBUG main            d.u.i.k.j.TypeConverter   TypeConverter: FieldReference: low_NUM_OF_VOTERS; 
48743      DEBUG main            d.u.i.k.j.TypeConverter   TypeConverter: FieldReference: low_numOfVotes; 
48759      DEBUG main            d.u.i.k.j.TypeConverter   TypeConverter: FieldReference: low_numOfVotes; 
48792      DEBUG main            d.u.i.k.j.TypeConverter   TypeConverter: FieldReference: low_NUM_OF_VOTERS; 
49037      DEBUG main            d.u.i.k.p.m.ProofCorrectnessMgt No justification found for rule Class_invariant_axiom_for_Voter 
49055      DEBUG main            d.u.i.k.p.m.ProofCorrectnessMgt No justification found for rule Class_invariant_axiom_for_Voter 
49056      DEBUG main            d.u.i.k.p.m.ProofCorrectnessMgt No justification found for rule Class_invariant_axiom_for_Voter 
49075      DEBUG main            d.u.i.k.p.m.ProofCorrectnessMgt No justification found for rule Class_invariant_axiom_for_Voter 
49095      DEBUG main            d.u.i.k.p.m.ProofCorrectnessMgt No justification found for rule Class_invariant_axiom_for_Voter 
49098      DEBUG main            d.u.i.k.p.m.ProofCorrectnessMgt No justification found for rule Class_invariant_axiom_for_Voter 
49106      DEBUG main            d.u.i.k.j.TypeConverter   typeconverter: (prefix this;, class class de.uka.ilkd.key.java.reference.ThisReference) 
49134      DEBUG main            d.u.i.k.p.m.ProofCorrectnessMgt No justification found for rule Class_invariant_axiom_for_Voter 
49152      DEBUG main            d.u.i.k.j.TypeConverter   typeconverter: (prefix this;, class class de.uka.ilkd.key.java.reference.ThisReference) 
49160      DEBUG main            d.u.i.k.p.m.ProofCorrectnessMgt No justification found for rule Class_invariant_axiom_for_Voter 
49162      DEBUG main            d.u.i.k.p.m.ProofCorrectnessMgt No justification found for rule Class_invariant_axiom_for_Voter 
49233      DEBUG main            d.u.i.k.j.TypeConverter   typeconverter: (prefix this;, class class de.uka.ilkd.key.java.reference.ThisReference) 
49260      DEBUG main            d.u.i.k.p.m.ProofCorrectnessMgt No justification found for rule Class_invariant_axiom_for_Voter 
49277      DEBUG main            d.u.i.k.j.TypeConverter   typeconverter: (prefix this;, class class de.uka.ilkd.key.java.reference.ThisReference) 
49286      DEBUG main            d.u.i.k.p.m.ProofCorrectnessMgt No justification found for rule Class_invariant_axiom_for_Voter 
49289      DEBUG main            d.u.i.k.p.m.ProofCorrectnessMgt No justification found for rule Class_invariant_axiom_for_Voter 
49438      DEBUG main            d.u.i.k.p.m.ProofCorrectnessMgt No justification found for rule Class_invariant_axiom_for_Voter 
49443      DEBUG main            d.u.i.k.p.m.ProofCorrectnessMgt No justification found for rule Class_invariant_axiom_for_Voter 
49516      DEBUG main            d.u.i.k.p.m.ProofCorrectnessMgt No justification found for rule Class_invariant_axiom_for_Voter 
49519      DEBUG main            d.u.i.k.p.m.ProofCorrectnessMgt No justification found for rule Class_invariant_axiom_for_Voter 
49562      DEBUG main            d.u.i.k.p.m.ProofCorrectnessMgt No justification found for rule Class_invariant_axiom_for_Voter 
49565      DEBUG main            d.u.i.k.p.m.ProofCorrectnessMgt No justification found for rule Class_invariant_axiom_for_Voter 
49617      DEBUG main            d.u.i.k.p.m.ProofCorrectnessMgt No justification found for rule Class_invariant_axiom_for_Voter 
49620      DEBUG main            d.u.i.k.p.m.ProofCorrectnessMgt No justification found for rule Class_invariant_axiom_for_Voter 
49696      DEBUG main            d.u.i.k.p.m.ProofCorrectnessMgt No justification found for rule Class_invariant_axiom_for_Voter 
49699      DEBUG main            d.u.i.k.p.m.ProofCorrectnessMgt No justification found for rule Class_invariant_axiom_for_Voter 
49807      DEBUG main            d.u.i.k.p.m.ProofCorrectnessMgt No justification found for rule Class_invariant_axiom_for_Voter 
49812      DEBUG main            d.u.i.k.p.m.ProofCorrectnessMgt No justification found for rule Class_invariant_axiom_for_Voter 
49962      DEBUG main            d.u.i.k.p.m.ProofCorrectnessMgt No justification found for rule Class_invariant_axiom_for_Voter 
49965      DEBUG main            d.u.i.k.p.m.ProofCorrectnessMgt No justification found for rule Class_invariant_axiom_for_Voter 
50120      DEBUG main            d.u.i.k.p.m.ProofCorrectnessMgt No justification found for rule Class_invariant_axiom_for_Voter 
50192      DEBUG main            d.u.i.k.p.m.ProofCorrectnessMgt No justification found for rule Class_invariant_axiom_for_Voter 
50193      DEBUG main            d.u.i.k.p.m.ProofCorrectnessMgt No justification found for rule Class_invariant_axiom_for_Voter 
50197      DEBUG main            d.u.i.k.j.TypeConverter   typeconverter: (prefix this;, class class de.uka.ilkd.key.java.reference.ThisReference) 
50227      DEBUG main            d.u.i.k.j.TypeConverter   typeconverter: (prefix this;, class class de.uka.ilkd.key.java.reference.ThisReference) 
50231      DEBUG main            d.u.i.k.p.m.ProofCorrectnessMgt No justification found for rule Class_invariant_axiom_for_Voter 
50231      DEBUG main            d.u.i.k.p.m.ProofCorrectnessMgt No justification found for rule Class_invariant_axiom_for_Voter 
50236      DEBUG main            d.u.i.k.j.TypeConverter   typeconverter: (prefix this;, class class de.uka.ilkd.key.java.reference.ThisReference) 
50265      DEBUG main            d.u.i.k.j.TypeConverter   typeconverter: (prefix this;, class class de.uka.ilkd.key.java.reference.ThisReference) 
50268      DEBUG main            d.u.i.k.p.m.ProofCorrectnessMgt No justification found for rule Class_invariant_axiom_for_Voter 
50268      DEBUG main            d.u.i.k.p.m.ProofCorrectnessMgt No justification found for rule Class_invariant_axiom_for_Voter 
50290      DEBUG main            d.u.i.k.p.m.ProofCorrectnessMgt No justification found for rule Class_invariant_axiom_for_Voter 
50307      DEBUG main            d.u.i.k.p.m.ProofCorrectnessMgt No justification found for rule Class_invariant_axiom_for_Voter 
50308      DEBUG main            d.u.i.k.p.m.ProofCorrectnessMgt No justification found for rule Class_invariant_axiom_for_Voter 
50785      DEBUG main            d.u.i.k.p.m.ProofCorrectnessMgt No justification found for rule Class_invariant_axiom_for_Voter 
50787      DEBUG main            d.u.i.k.p.m.ProofCorrectnessMgt No justification found for rule Class_invariant_axiom_for_Voter 
50790      DEBUG main            d.u.i.k.p.m.ProofCorrectnessMgt No justification found for rule Class_invariant_axiom_for_Voter 
50792      DEBUG main            d.u.i.k.p.m.ProofCorrectnessMgt No justification found for rule Class_invariant_axiom_for_Voter 
50966      DEBUG main            d.u.i.k.p.m.ProofCorrectnessMgt No justification found for rule Class_invariant_axiom_for_Voter 
50969      DEBUG main            d.u.i.k.p.m.ProofCorrectnessMgt No justification found for rule Class_invariant_axiom_for_Voter 
51046      DEBUG main            d.u.i.k.p.m.ProofCorrectnessMgt No justification found for rule Class_invariant_axiom_for_Voter 
51049      DEBUG main            d.u.i.k.p.m.ProofCorrectnessMgt No justification found for rule Class_invariant_axiom_for_Voter 
51152      DEBUG main            d.u.i.k.p.m.ProofCorrectnessMgt No justification found for rule Class_invariant_axiom_for_Voter 
51155      DEBUG main            d.u.i.k.p.m.ProofCorrectnessMgt No justification found for rule Class_invariant_axiom_for_Voter 
51228      DEBUG main            d.u.i.k.p.m.ProofCorrectnessMgt No justification found for rule Class_invariant_axiom_for_Voter 
51230      DEBUG main            d.u.i.k.p.m.ProofCorrectnessMgt No justification found for rule Class_invariant_axiom_for_Voter 
51363      DEBUG main            d.u.i.k.p.m.ProofCorrectnessMgt No justification found for rule Class_invariant_axiom_for_Voter 
51366      DEBUG main            d.u.i.k.p.m.ProofCorrectnessMgt No justification found for rule Class_invariant_axiom_for_Voter 
51455      DEBUG main            d.u.i.k.p.m.ProofCorrectnessMgt No justification found for rule Class_invariant_axiom_for_Voter 
51458      DEBUG main            d.u.i.k.p.m.ProofCorrectnessMgt No justification found for rule Class_invariant_axiom_for_Voter 
51564      DEBUG main            d.u.i.k.p.m.ProofCorrectnessMgt No justification found for rule Class_invariant_axiom_for_Voter 
51566      DEBUG main            d.u.i.k.p.m.ProofCorrectnessMgt No justification found for rule Class_invariant_axiom_for_Voter 
51632      DEBUG main            d.u.i.k.p.m.ProofCorrectnessMgt No justification found for rule Class_invariant_axiom_for_Voter 
51634      DEBUG main            d.u.i.k.p.m.ProofCorrectnessMgt No justification found for rule Class_invariant_axiom_for_Voter 
51802      DEBUG main            d.u.i.k.p.m.ProofCorrectnessMgt No justification found for rule Class_invariant_axiom_for_Voter 
51805      DEBUG main            d.u.i.k.p.m.ProofCorrectnessMgt No justification found for rule Class_invariant_axiom_for_Voter 
51932      DEBUG main            d.u.i.k.p.m.ProofCorrectnessMgt No justification found for rule Class_invariant_axiom_for_Voter 
51934      DEBUG main            d.u.i.k.p.m.ProofCorrectnessMgt No justification found for rule Class_invariant_axiom_for_Voter 
52720      DEBUG main            d.u.i.k.p.m.ProofCorrectnessMgt No justification found for rule Class_invariant_axiom_for_Voter 
52723      DEBUG main            d.u.i.k.p.m.ProofCorrectnessMgt No justification found for rule Class_invariant_axiom_for_Voter 
53065      DEBUG main            d.u.i.k.p.m.ProofCorrectnessMgt No justification found for rule Class_invariant_axiom_for_Voter 
53068      DEBUG main            d.u.i.k.p.m.ProofCorrectnessMgt No justification found for rule Class_invariant_axiom_for_Voter 
53180      DEBUG main            d.u.i.k.p.m.ProofCorrectnessMgt No justification found for rule Class_invariant_axiom_for_Voter 
53182      DEBUG main            d.u.i.k.p.m.ProofCorrectnessMgt No justification found for rule Class_invariant_axiom_for_Voter 
53533      DEBUG main            d.u.i.k.p.m.ProofCorrectnessMgt No justification found for rule Class_invariant_axiom_for_Voter 
53536      DEBUG main            d.u.i.k.p.m.ProofCorrectnessMgt No justification found for rule Class_invariant_axiom_for_Voter 
53701      DEBUG main            d.u.i.k.p.m.ProofCorrectnessMgt No justification found for rule Class_invariant_axiom_for_Voter 
53703      DEBUG main            d.u.i.k.p.m.ProofCorrectnessMgt No justification found for rule Class_invariant_axiom_for_Voter 
53833      DEBUG main            d.u.i.k.p.m.ProofCorrectnessMgt No justification found for rule Class_invariant_axiom_for_Voter 
53835      DEBUG main            d.u.i.k.p.m.ProofCorrectnessMgt No justification found for rule Class_invariant_axiom_for_Voter 
53967      DEBUG main            d.u.i.k.p.m.ProofCorrectnessMgt No justification found for rule Class_invariant_axiom_for_Voter 
53969      DEBUG main            d.u.i.k.p.m.ProofCorrectnessMgt No justification found for rule Class_invariant_axiom_for_Voter 
54097      DEBUG main            d.u.i.k.p.m.ProofCorrectnessMgt No justification found for rule Class_invariant_axiom_for_Voter 
54099      DEBUG main            d.u.i.k.p.m.ProofCorrectnessMgt No justification found for rule Class_invariant_axiom_for_Voter 
54252      DEBUG main            d.u.i.k.p.m.ProofCorrectnessMgt No justification found for rule Class_invariant_axiom_for_Voter 
54254      DEBUG main            d.u.i.k.p.m.ProofCorrectnessMgt No justification found for rule Class_invariant_axiom_for_Voter 
55311      INFO  main            d.u.i.k.p.r.p.TestFile    ... finished proof: closed. 
1472796    INFO  Test worker     d.u.i.k.p.r.RunAllProofsTestUnit Returning from test ToyVoting_fullmacro 
1472798    INFO  Test worker     d.u.i.k.p.r.RunAllProofsTestUnit Running test SumExample_fullmacro 
371        INFO  Timeout watchdog d.u.i.k.p.r.p.ForkedTestFileRunner Timeout watcher launched (1000 secs.) 
384        WARN  main            d.u.i.k.s.ProofSettings   The settings in /home/runner/.key/proof-settings.props are *not* read. 
421        DEBUG main            d.u.i.k.s.TermLabelSettings TermLabelSettings: Failure while reading the setting "UseOriginLabels".Using the default value: true.The string read was: null 
422        INFO  main            d.u.i.k.p.r.p.TestFile    Now processing file /home/runner/work/key/key/key.core/../key.ui/examples/InformationFlow/Sum/SumExample(SumExample__getSum()).Non-interference contract.0.m.key 
971        DEBUG main            d.u.i.k.p.i.KeYFile       Reading KeY file file:/home/runner/work/key/key/key.core/build/resources/main/de/uka/ilkd/key/proof/rules/ldt.key 
971        DEBUG main            d.u.i.k.p.i.KeYFile       Read specifications obtained when parsing the Java files (usually JML and Strings.key) from file:/home/runner/work/key/key/key.core/build/resources/main/de/uka/ilkd/key/proof/rules/ldt.key 
979        DEBUG main            d.u.i.k.p.i.KeYFile       Reading KeY file file:/home/runner/work/key/key/key.core/build/resources/main/de/uka/ilkd/key/proof/rules/propRule.key 
979        DEBUG main            d.u.i.k.p.i.KeYFile       Read specifications obtained when parsing the Java files (usually JML and Strings.key) from file:/home/runner/work/key/key/key.core/build/resources/main/de/uka/ilkd/key/proof/rules/propRule.key 
1004       DEBUG main            d.u.i.k.p.i.KeYFile       Reading KeY file file:/home/runner/work/key/key/key.core/build/resources/main/de/uka/ilkd/key/proof/rules/firstOrderRules.key 
1005       DEBUG main            d.u.i.k.p.i.KeYFile       Read specifications obtained when parsing the Java files (usually JML and Strings.key) from file:/home/runner/work/key/key/key.core/build/resources/main/de/uka/ilkd/key/proof/rules/firstOrderRules.key 
1025       DEBUG main            d.u.i.k.p.i.KeYFile       Reading KeY file file:/home/runner/work/key/key/key.core/build/resources/main/de/uka/ilkd/key/proof/rules/ifThenElseRules.key 
1025       DEBUG main            d.u.i.k.p.i.KeYFile       Read specifications obtained when parsing the Java files (usually JML and Strings.key) from file:/home/runner/work/key/key/key.core/build/resources/main/de/uka/ilkd/key/proof/rules/ifThenElseRules.key 
1100       DEBUG main            d.u.i.k.p.i.KeYFile       Reading KeY file file:/home/runner/work/key/key/key.core/build/resources/main/de/uka/ilkd/key/proof/rules/formulaNormalisationRules.key 
1101       DEBUG main            d.u.i.k.p.i.KeYFile       Read specifications obtained when parsing the Java files (usually JML and Strings.key) from file:/home/runner/work/key/key/key.core/build/resources/main/de/uka/ilkd/key/proof/rules/formulaNormalisationRules.key 
1192       DEBUG main            d.u.i.k.p.i.KeYFile       Reading KeY file file:/home/runner/work/key/key/key.core/build/resources/main/de/uka/ilkd/key/proof/rules/updateRules.key 
1192       DEBUG main            d.u.i.k.p.i.KeYFile       Read specifications obtained when parsing the Java files (usually JML and Strings.key) from file:/home/runner/work/key/key/key.core/build/resources/main/de/uka/ilkd/key/proof/rules/updateRules.key 
1218       DEBUG main            d.u.i.k.p.i.KeYFile       Reading KeY file file:/home/runner/work/key/key/key.core/build/resources/main/de/uka/ilkd/key/proof/rules/integerRulesCommon.key 
1218       DEBUG main            d.u.i.k.p.i.KeYFile       Read specifications obtained when parsing the Java files (usually JML and Strings.key) from file:/home/runner/work/key/key/key.core/build/resources/main/de/uka/ilkd/key/proof/rules/integerRulesCommon.key 
1305       DEBUG main            d.u.i.k.p.i.KeYFile       Reading KeY file file:/home/runner/work/key/key/key.core/build/resources/main/de/uka/ilkd/key/proof/rules/intRules.key 
1306       DEBUG main            d.u.i.k.p.i.KeYFile       Read specifications obtained when parsing the Java files (usually JML and Strings.key) from file:/home/runner/work/key/key/key.core/build/resources/main/de/uka/ilkd/key/proof/rules/intRules.key 
1320       DEBUG main            d.u.i.k.p.i.KeYFile       Reading KeY file file:/home/runner/work/key/key/key.core/build/resources/main/de/uka/ilkd/key/proof/rules/intRulesUncheckedSemantics.key 
1320       DEBUG main            d.u.i.k.p.i.KeYFile       Read specifications obtained when parsing the Java files (usually JML and Strings.key) from file:/home/runner/work/key/key/key.core/build/resources/main/de/uka/ilkd/key/proof/rules/intRulesUncheckedSemantics.key 
1328       DEBUG main            d.u.i.k.p.i.KeYFile       Reading KeY file file:/home/runner/work/key/key/key.core/build/resources/main/de/uka/ilkd/key/proof/rules/intRulesCheckedSemantics.key 
1328       DEBUG main            d.u.i.k.p.i.KeYFile       Read specifications obtained when parsing the Java files (usually JML and Strings.key) from file:/home/runner/work/key/key/key.core/build/resources/main/de/uka/ilkd/key/proof/rules/intRulesCheckedSemantics.key 
1335       DEBUG main            d.u.i.k.p.i.KeYFile       Reading KeY file file:/home/runner/work/key/key/key.core/build/resources/main/de/uka/ilkd/key/proof/rules/intRulesJavaSemantics.key 
1336       DEBUG main            d.u.i.k.p.i.KeYFile       Read specifications obtained when parsing the Java files (usually JML and Strings.key) from file:/home/runner/work/key/key/key.core/build/resources/main/de/uka/ilkd/key/proof/rules/intRulesJavaSemantics.key 
1444       DEBUG main            d.u.i.k.p.i.KeYFile       Reading KeY file file:/home/runner/work/key/key/key.core/build/resources/main/de/uka/ilkd/key/proof/rules/integerSimplificationRules.key 
1446       DEBUG main            d.u.i.k.p.i.KeYFile       Read specifications obtained when parsing the Java files (usually JML and Strings.key) from file:/home/runner/work/key/key/key.core/build/resources/main/de/uka/ilkd/key/proof/rules/integerSimplificationRules.key 
1530       DEBUG main            d.u.i.k.j.TypeConverter   No LDT found for Meta 
1530       DEBUG main            d.u.i.k.j.TypeConverter   No LDT found for Meta 
1531       DEBUG main            d.u.i.k.j.TypeConverter   No LDT found for Meta 
1531       DEBUG main            d.u.i.k.j.TypeConverter   No LDT found for Meta 
1566       DEBUG main            d.u.i.k.p.i.KeYFile       Reading KeY file file:/home/runner/work/key/key/key.core/build/resources/main/de/uka/ilkd/key/proof/rules/intDiv.key 
1566       DEBUG main            d.u.i.k.p.i.KeYFile       Read specifications obtained when parsing the Java files (usually JML and Strings.key) from file:/home/runner/work/key/key/key.core/build/resources/main/de/uka/ilkd/key/proof/rules/intDiv.key 
1641       DEBUG main            d.u.i.k.p.i.KeYFile       Reading KeY file file:/home/runner/work/key/key/key.core/build/resources/main/de/uka/ilkd/key/proof/rules/bsum.key 
1641       DEBUG main            d.u.i.k.p.i.KeYFile       Read specifications obtained when parsing the Java files (usually JML and Strings.key) from file:/home/runner/work/key/key/key.core/build/resources/main/de/uka/ilkd/key/proof/rules/bsum.key 
1707       DEBUG main            d.u.i.k.p.i.KeYFile       Reading KeY file file:/home/runner/work/key/key/key.core/build/resources/main/de/uka/ilkd/key/proof/rules/bprod.key 
1707       DEBUG main            d.u.i.k.p.i.KeYFile       Read specifications obtained when parsing the Java files (usually JML and Strings.key) from file:/home/runner/work/key/key/key.core/build/resources/main/de/uka/ilkd/key/proof/rules/bprod.key 
1716       DEBUG main            d.u.i.k.p.i.KeYFile       Reading KeY file file:/home/runner/work/key/key/key.core/build/resources/main/de/uka/ilkd/key/proof/rules/binaryAxioms.key 
1716       DEBUG main            d.u.i.k.p.i.KeYFile       Read specifications obtained when parsing the Java files (usually JML and Strings.key) from file:/home/runner/work/key/key/key.core/build/resources/main/de/uka/ilkd/key/proof/rules/binaryAxioms.key 
1720       DEBUG main            d.u.i.k.p.i.KeYFile       Reading KeY file file:/home/runner/work/key/key/key.core/build/resources/main/de/uka/ilkd/key/proof/rules/binaryLemmas.key 
1720       DEBUG main            d.u.i.k.p.i.KeYFile       Read specifications obtained when parsing the Java files (usually JML and Strings.key) from file:/home/runner/work/key/key/key.core/build/resources/main/de/uka/ilkd/key/proof/rules/binaryLemmas.key 
1728       DEBUG main            d.u.i.k.p.i.KeYFile       Reading KeY file file:/home/runner/work/key/key/key.core/build/resources/main/de/uka/ilkd/key/proof/rules/intPow.key 
1728       DEBUG main            d.u.i.k.p.i.KeYFile       Read specifications obtained when parsing the Java files (usually JML and Strings.key) from file:/home/runner/work/key/key/key.core/build/resources/main/de/uka/ilkd/key/proof/rules/intPow.key 
1743       DEBUG main            d.u.i.k.p.i.KeYFile       Reading KeY file file:/home/runner/work/key/key/key.core/build/resources/main/de/uka/ilkd/key/proof/rules/floatRulesCommon.key 
1743       DEBUG main            d.u.i.k.p.i.KeYFile       Read specifications obtained when parsing the Java files (usually JML and Strings.key) from file:/home/runner/work/key/key/key.core/build/resources/main/de/uka/ilkd/key/proof/rules/floatRulesCommon.key 
1755       DEBUG main            d.u.i.k.p.i.KeYFile       Reading KeY file file:/home/runner/work/key/key/key.core/build/resources/main/de/uka/ilkd/key/proof/rules/floatRules.key 
1755       DEBUG main            d.u.i.k.p.i.KeYFile       Read specifications obtained when parsing the Java files (usually JML and Strings.key) from file:/home/runner/work/key/key/key.core/build/resources/main/de/uka/ilkd/key/proof/rules/floatRules.key 
1756       DEBUG main            d.u.i.k.p.i.KeYFile       Reading KeY file file:/home/runner/work/key/key/key.core/build/resources/main/de/uka/ilkd/key/proof/rules/floatRulesVerifyNormal.key 
1756       DEBUG main            d.u.i.k.p.i.KeYFile       Read specifications obtained when parsing the Java files (usually JML and Strings.key) from file:/home/runner/work/key/key/key.core/build/resources/main/de/uka/ilkd/key/proof/rules/floatRulesVerifyNormal.key 
1762       DEBUG main            d.u.i.k.p.i.KeYFile       Reading KeY file file:/home/runner/work/key/key/key.core/build/resources/main/de/uka/ilkd/key/proof/rules/floatRulesAssumeStrictfp.key 
1762       DEBUG main            d.u.i.k.p.i.KeYFile       Read specifications obtained when parsing the Java files (usually JML and Strings.key) from file:/home/runner/work/key/key/key.core/build/resources/main/de/uka/ilkd/key/proof/rules/floatRulesAssumeStrictfp.key 
1809       DEBUG main            d.u.i.k.p.i.KeYFile       Reading KeY file file:/home/runner/work/key/key/key.core/build/resources/main/de/uka/ilkd/key/proof/rules/genericRules.key 
1810       DEBUG main            d.u.i.k.p.i.KeYFile       Read specifications obtained when parsing the Java files (usually JML and Strings.key) from file:/home/runner/work/key/key/key.core/build/resources/main/de/uka/ilkd/key/proof/rules/genericRules.key 
1820       DEBUG main            d.u.i.k.p.i.KeYFile       Reading KeY file file:/home/runner/work/key/key/key.core/build/resources/main/de/uka/ilkd/key/proof/rules/booleanRules.key 
1820       DEBUG main            d.u.i.k.p.i.KeYFile       Read specifications obtained when parsing the Java files (usually JML and Strings.key) from file:/home/runner/work/key/key/key.core/build/resources/main/de/uka/ilkd/key/proof/rules/booleanRules.key 
1824       DEBUG main            d.u.i.k.p.i.KeYFile       Reading KeY file file:/home/runner/work/key/key/key.core/build/resources/main/de/uka/ilkd/key/proof/rules/epsilon.key 
1824       DEBUG main            d.u.i.k.p.i.KeYFile       Read specifications obtained when parsing the Java files (usually JML and Strings.key) from file:/home/runner/work/key/key/key.core/build/resources/main/de/uka/ilkd/key/proof/rules/epsilon.key 
1849       DEBUG main            d.u.i.k.p.i.KeYFile       Reading KeY file file:/home/runner/work/key/key/key.core/build/resources/main/de/uka/ilkd/key/proof/rules/locSetsRules.key 
1850       DEBUG main            d.u.i.k.p.i.KeYFile       Read specifications obtained when parsing the Java files (usually JML and Strings.key) from file:/home/runner/work/key/key/key.core/build/resources/main/de/uka/ilkd/key/proof/rules/locSetsRules.key 
1922       DEBUG main            d.u.i.k.p.i.KeYFile       Reading KeY file file:/home/runner/work/key/key/key.core/build/resources/main/de/uka/ilkd/key/proof/rules/heapRules.key 
1922       DEBUG main            d.u.i.k.p.i.KeYFile       Read specifications obtained when parsing the Java files (usually JML and Strings.key) from file:/home/runner/work/key/key/key.core/build/resources/main/de/uka/ilkd/key/proof/rules/heapRules.key 
1954       DEBUG main            d.u.i.k.p.i.KeYFile       Reading KeY file file:/home/runner/work/key/key/key.core/build/resources/main/de/uka/ilkd/key/proof/rules/permissionRules.key 
1955       DEBUG main            d.u.i.k.p.i.KeYFile       Read specifications obtained when parsing the Java files (usually JML and Strings.key) from file:/home/runner/work/key/key/key.core/build/resources/main/de/uka/ilkd/key/proof/rules/permissionRules.key 
1977       DEBUG main            d.u.i.k.p.i.KeYFile       Reading KeY file file:/home/runner/work/key/key/key.core/build/resources/main/de/uka/ilkd/key/proof/rules/reachRules.key 
1978       DEBUG main            d.u.i.k.p.i.KeYFile       Read specifications obtained when parsing the Java files (usually JML and Strings.key) from file:/home/runner/work/key/key/key.core/build/resources/main/de/uka/ilkd/key/proof/rules/reachRules.key 
1988       DEBUG main            d.u.i.k.p.i.KeYFile       Reading KeY file file:/home/runner/work/key/key/key.core/build/resources/main/de/uka/ilkd/key/proof/rules/seqCoreRules.key 
1989       DEBUG main            d.u.i.k.p.i.KeYFile       Read specifications obtained when parsing the Java files (usually JML and Strings.key) from file:/home/runner/work/key/key/key.core/build/resources/main/de/uka/ilkd/key/proof/rules/seqCoreRules.key 
2029       DEBUG main            d.u.i.k.p.i.KeYFile       Reading KeY file file:/home/runner/work/key/key/key.core/build/resources/main/de/uka/ilkd/key/proof/rules/seqRules.key 
2029       DEBUG main            d.u.i.k.p.i.KeYFile       Read specifications obtained when parsing the Java files (usually JML and Strings.key) from file:/home/runner/work/key/key/key.core/build/resources/main/de/uka/ilkd/key/proof/rules/seqRules.key 
2062       DEBUG main            d.u.i.k.p.i.KeYFile       Reading KeY file file:/home/runner/work/key/key/key.core/build/resources/main/de/uka/ilkd/key/proof/rules/seqPerm.key 
2062       DEBUG main            d.u.i.k.p.i.KeYFile       Read specifications obtained when parsing the Java files (usually JML and Strings.key) from file:/home/runner/work/key/key/key.core/build/resources/main/de/uka/ilkd/key/proof/rules/seqPerm.key 
2079       DEBUG main            d.u.i.k.p.i.KeYFile       Reading KeY file file:/home/runner/work/key/key/key.core/build/resources/main/de/uka/ilkd/key/proof/rules/seqPerm2.key 
2079       DEBUG main            d.u.i.k.p.i.KeYFile       Read specifications obtained when parsing the Java files (usually JML and Strings.key) from file:/home/runner/work/key/key/key.core/build/resources/main/de/uka/ilkd/key/proof/rules/seqPerm2.key 
2168       DEBUG main            d.u.i.k.p.i.KeYFile       Reading KeY file file:/home/runner/work/key/key/key.core/build/resources/main/de/uka/ilkd/key/proof/rules/assertions.key 
2168       DEBUG main            d.u.i.k.p.i.KeYFile       Read specifications obtained when parsing the Java files (usually JML and Strings.key) from file:/home/runner/work/key/key/key.core/build/resources/main/de/uka/ilkd/key/proof/rules/assertions.key 
2215       DEBUG main            d.u.i.k.p.i.KeYFile       Reading KeY file file:/home/runner/work/key/key/key.core/build/resources/main/de/uka/ilkd/key/proof/rules/javaRules.key 
2215       DEBUG main            d.u.i.k.p.i.KeYFile       Read specifications obtained when parsing the Java files (usually JML and Strings.key) from file:/home/runner/work/key/key/key.core/build/resources/main/de/uka/ilkd/key/proof/rules/javaRules.key 
2706       DEBUG main            d.u.i.k.p.i.KeYFile       Reading KeY file file:/home/runner/work/key/key/key.core/build/resources/main/de/uka/ilkd/key/proof/rules/loopRules.key 
2706       DEBUG main            d.u.i.k.p.i.KeYFile       Read specifications obtained when parsing the Java files (usually JML and Strings.key) from file:/home/runner/work/key/key/key.core/build/resources/main/de/uka/ilkd/key/proof/rules/loopRules.key 
2718       DEBUG main            d.u.i.k.p.i.KeYFile       Reading KeY file file:/home/runner/work/key/key/key.core/build/resources/main/de/uka/ilkd/key/proof/rules/activeUse.key 
2718       DEBUG main            d.u.i.k.p.i.KeYFile       Read specifications obtained when parsing the Java files (usually JML and Strings.key) from file:/home/runner/work/key/key/key.core/build/resources/main/de/uka/ilkd/key/proof/rules/activeUse.key 
2749       DEBUG main            d.u.i.k.p.i.KeYFile       Reading KeY file file:/home/runner/work/key/key/key.core/build/resources/main/de/uka/ilkd/key/proof/rules/instanceAllocation.key 
2750       DEBUG main            d.u.i.k.p.i.KeYFile       Read specifications obtained when parsing the Java files (usually JML and Strings.key) from file:/home/runner/work/key/key/key.core/build/resources/main/de/uka/ilkd/key/proof/rules/instanceAllocation.key 
2759       DEBUG main            d.u.i.k.p.i.KeYFile       Reading KeY file file:/home/runner/work/key/key/key.core/build/resources/main/de/uka/ilkd/key/proof/rules/java5.key 
2759       DEBUG main            d.u.i.k.p.i.KeYFile       Read specifications obtained when parsing the Java files (usually JML and Strings.key) from file:/home/runner/work/key/key/key.core/build/resources/main/de/uka/ilkd/key/proof/rules/java5.key 
2766       DEBUG main            d.u.i.k.p.i.KeYFile       Reading KeY file file:/home/runner/work/key/key/key.core/build/resources/main/de/uka/ilkd/key/proof/rules/integerAssignment2UpdateRules.key 
2766       DEBUG main            d.u.i.k.p.i.KeYFile       Read specifications obtained when parsing the Java files (usually JML and Strings.key) from file:/home/runner/work/key/key/key.core/build/resources/main/de/uka/ilkd/key/proof/rules/integerAssignment2UpdateRules.key 
2811       DEBUG main            d.u.i.k.p.i.KeYFile       Reading KeY file file:/home/runner/work/key/key/key.core/build/resources/main/de/uka/ilkd/key/proof/rules/floatAssignment2UpdateRules.key 
2811       DEBUG main            d.u.i.k.p.i.KeYFile       Read specifications obtained when parsing the Java files (usually JML and Strings.key) from file:/home/runner/work/key/key/key.core/build/resources/main/de/uka/ilkd/key/proof/rules/floatAssignment2UpdateRules.key 
2827       DEBUG main            d.u.i.k.p.i.KeYFile       Reading KeY file file:/home/runner/work/key/key/key.core/build/resources/main/de/uka/ilkd/key/proof/rules/bigint.key 
2827       DEBUG main            d.u.i.k.p.i.KeYFile       Read specifications obtained when parsing the Java files (usually JML and Strings.key) from file:/home/runner/work/key/key/key.core/build/resources/main/de/uka/ilkd/key/proof/rules/bigint.key 
2834       DEBUG main            d.u.i.k.j.TypeConverter   No LDT found for JavaBigintExpression 
2840       DEBUG main            d.u.i.k.p.i.KeYFile       Reading KeY file file:/home/runner/work/key/key/key.core/build/resources/main/de/uka/ilkd/key/proof/rules/adtProgramDecompositionRules.key 
2840       DEBUG main            d.u.i.k.p.i.KeYFile       Read specifications obtained when parsing the Java files (usually JML and Strings.key) from file:/home/runner/work/key/key/key.core/build/resources/main/de/uka/ilkd/key/proof/rules/adtProgramDecompositionRules.key 
2852       DEBUG main            d.u.i.k.p.i.KeYFile       Reading KeY file file:/home/runner/work/key/key/key.core/build/resources/main/de/uka/ilkd/key/proof/rules/precRules.key 
2852       DEBUG main            d.u.i.k.p.i.KeYFile       Read specifications obtained when parsing the Java files (usually JML and Strings.key) from file:/home/runner/work/key/key/key.core/build/resources/main/de/uka/ilkd/key/proof/rules/precRules.key 
2860       DEBUG main            d.u.i.k.p.i.KeYFile       Reading KeY file file:/home/runner/work/key/key/key.core/build/resources/main/de/uka/ilkd/key/proof/rules/charListRules.key 
2860       DEBUG main            d.u.i.k.p.i.KeYFile       Read specifications obtained when parsing the Java files (usually JML and Strings.key) from file:/home/runner/work/key/key/key.core/build/resources/main/de/uka/ilkd/key/proof/rules/charListRules.key 
2869       DEBUG main            d.u.i.k.p.i.KeYFile       Reading KeY file file:/home/runner/work/key/key/key.core/build/resources/main/de/uka/ilkd/key/proof/rules/regExHeader.key 
2869       DEBUG main            d.u.i.k.p.i.KeYFile       Read specifications obtained when parsing the Java files (usually JML and Strings.key) from file:/home/runner/work/key/key/key.core/build/resources/main/de/uka/ilkd/key/proof/rules/regExHeader.key 
2871       DEBUG main            d.u.i.k.p.i.KeYFile       Reading KeY file file:/home/runner/work/key/key/key.core/build/resources/main/de/uka/ilkd/key/proof/rules/regExAxioms.key 
2872       DEBUG main            d.u.i.k.p.i.KeYFile       Read specifications obtained when parsing the Java files (usually JML and Strings.key) from file:/home/runner/work/key/key/key.core/build/resources/main/de/uka/ilkd/key/proof/rules/regExAxioms.key 
2876       DEBUG main            d.u.i.k.p.i.KeYFile       Reading KeY file file:/home/runner/work/key/key/key.core/build/resources/main/de/uka/ilkd/key/proof/rules/regExLemmaProven.key 
2876       DEBUG main            d.u.i.k.p.i.KeYFile       Read specifications obtained when parsing the Java files (usually JML and Strings.key) from file:/home/runner/work/key/key/key.core/build/resources/main/de/uka/ilkd/key/proof/rules/regExLemmaProven.key 
2878       DEBUG main            d.u.i.k.p.i.KeYFile       Reading KeY file file:/home/runner/work/key/key/key.core/build/resources/main/de/uka/ilkd/key/proof/rules/regExTheory.key 
2878       DEBUG main            d.u.i.k.p.i.KeYFile       Read specifications obtained when parsing the Java files (usually JML and Strings.key) from file:/home/runner/work/key/key/key.core/build/resources/main/de/uka/ilkd/key/proof/rules/regExTheory.key 
2882       DEBUG main            d.u.i.k.p.i.KeYFile       Reading KeY file file:/home/runner/work/key/key/key.core/build/resources/main/de/uka/ilkd/key/proof/rules/seqEq.key 
2882       DEBUG main            d.u.i.k.p.i.KeYFile       Read specifications obtained when parsing the Java files (usually JML and Strings.key) from file:/home/runner/work/key/key/key.core/build/resources/main/de/uka/ilkd/key/proof/rules/seqEq.key 
2894       DEBUG main            d.u.i.k.p.i.KeYFile       Reading KeY file file:/home/runner/work/key/key/key.core/build/resources/main/de/uka/ilkd/key/proof/rules/infFlow.key 
2895       DEBUG main            d.u.i.k.p.i.KeYFile       Read specifications obtained when parsing the Java files (usually JML and Strings.key) from file:/home/runner/work/key/key/key.core/build/resources/main/de/uka/ilkd/key/proof/rules/infFlow.key 
2900       DEBUG main            d.u.i.k.p.i.KeYFile       Reading KeY file file:/home/runner/work/key/key/key.core/build/resources/main/de/uka/ilkd/key/proof/rules/mapSize.key 
2900       DEBUG main            d.u.i.k.p.i.KeYFile       Read specifications obtained when parsing the Java files (usually JML and Strings.key) from file:/home/runner/work/key/key/key.core/build/resources/main/de/uka/ilkd/key/proof/rules/mapSize.key 
2904       DEBUG main            d.u.i.k.p.i.KeYFile       Reading KeY file file:/home/runner/work/key/key/key.core/build/resources/main/de/uka/ilkd/key/proof/rules/wdHeader.key 
2904       DEBUG main            d.u.i.k.p.i.KeYFile       Read specifications obtained when parsing the Java files (usually JML and Strings.key) from file:/home/runner/work/key/key/key.core/build/resources/main/de/uka/ilkd/key/proof/rules/wdHeader.key 
2906       DEBUG main            d.u.i.k.p.i.KeYFile       Reading KeY file file:/home/runner/work/key/key/key.core/build/resources/main/de/uka/ilkd/key/proof/rules/wdGeneralRules.key 
2906       DEBUG main            d.u.i.k.p.i.KeYFile       Read specifications obtained when parsing the Java files (usually JML and Strings.key) from file:/home/runner/work/key/key/key.core/build/resources/main/de/uka/ilkd/key/proof/rules/wdGeneralRules.key 
2921       DEBUG main            d.u.i.k.p.i.KeYFile       Reading KeY file file:/home/runner/work/key/key/key.core/build/resources/main/de/uka/ilkd/key/proof/rules/wdNumericalRules.key 
2926       DEBUG main            d.u.i.k.p.i.KeYFile       Read specifications obtained when parsing the Java files (usually JML and Strings.key) from file:/home/runner/work/key/key/key.core/build/resources/main/de/uka/ilkd/key/proof/rules/wdNumericalRules.key 
2942       DEBUG main            d.u.i.k.p.i.KeYFile       Reading KeY file file:/home/runner/work/key/key/key.core/build/resources/main/de/uka/ilkd/key/proof/rules/wdLocSetRules.key 
2942       DEBUG main            d.u.i.k.p.i.KeYFile       Read specifications obtained when parsing the Java files (usually JML and Strings.key) from file:/home/runner/work/key/key/key.core/build/resources/main/de/uka/ilkd/key/proof/rules/wdLocSetRules.key 
2946       DEBUG main            d.u.i.k.p.i.KeYFile       Reading KeY file file:/home/runner/work/key/key/key.core/build/resources/main/de/uka/ilkd/key/proof/rules/wdHeapRules.key 
2947       DEBUG main            d.u.i.k.p.i.KeYFile       Read specifications obtained when parsing the Java files (usually JML and Strings.key) from file:/home/runner/work/key/key/key.core/build/resources/main/de/uka/ilkd/key/proof/rules/wdHeapRules.key 
2950       DEBUG main            d.u.i.k.p.i.KeYFile       Reading KeY file file:/home/runner/work/key/key/key.core/build/resources/main/de/uka/ilkd/key/proof/rules/wdReachRules.key 
2951       DEBUG main            d.u.i.k.p.i.KeYFile       Read specifications obtained when parsing the Java files (usually JML and Strings.key) from file:/home/runner/work/key/key/key.core/build/resources/main/de/uka/ilkd/key/proof/rules/wdReachRules.key 
2953       DEBUG main            d.u.i.k.p.i.KeYFile       Reading KeY file file:/home/runner/work/key/key/key.core/build/resources/main/de/uka/ilkd/key/proof/rules/wdSeqRules.key 
2953       DEBUG main            d.u.i.k.p.i.KeYFile       Read specifications obtained when parsing the Java files (usually JML and Strings.key) from file:/home/runner/work/key/key/key.core/build/resources/main/de/uka/ilkd/key/proof/rules/wdSeqRules.key 
2956       DEBUG main            d.u.i.k.p.i.KeYFile       Reading KeY file file:/home/runner/work/key/key/key.core/build/resources/main/de/uka/ilkd/key/proof/rules/wdStringRules.key 
2958       DEBUG main            d.u.i.k.p.i.KeYFile       Read specifications obtained when parsing the Java files (usually JML and Strings.key) from file:/home/runner/work/key/key/key.core/build/resources/main/de/uka/ilkd/key/proof/rules/wdStringRules.key 
2960       DEBUG main            d.u.i.k.p.i.KeYFile       Reading KeY file file:/home/runner/work/key/key/key.core/build/resources/main/de/uka/ilkd/key/proof/rules/wdRegExRules.key 
2960       DEBUG main            d.u.i.k.p.i.KeYFile       Read specifications obtained when parsing the Java files (usually JML and Strings.key) from file:/home/runner/work/key/key/key.core/build/resources/main/de/uka/ilkd/key/proof/rules/wdRegExRules.key 
2967       DEBUG main            d.u.i.k.p.i.KeYFile       Reading KeY file file:/home/runner/work/key/key/key.core/build/resources/main/de/uka/ilkd/key/proof/rules/wdFormulaRules.key 
2968       DEBUG main            d.u.i.k.p.i.KeYFile       Read specifications obtained when parsing the Java files (usually JML and Strings.key) from file:/home/runner/work/key/key/key.core/build/resources/main/de/uka/ilkd/key/proof/rules/wdFormulaRules.key 
2976       DEBUG main            d.u.i.k.p.i.KeYFile       Reading KeY file file:/home/runner/work/key/key/key.core/build/resources/main/de/uka/ilkd/key/proof/rules/wd.key 
2976       DEBUG main            d.u.i.k.p.i.KeYFile       Read specifications obtained when parsing the Java files (usually JML and Strings.key) from file:/home/runner/work/key/key/key.core/build/resources/main/de/uka/ilkd/key/proof/rules/wd.key 
2977       DEBUG main            d.u.i.k.p.i.KeYFile       Reading KeY file file:/home/runner/work/key/key/key.core/build/resources/main/de/uka/ilkd/key/proof/rules/loopInvariantRules.key 
2977       DEBUG main            d.u.i.k.p.i.KeYFile       Read specifications obtained when parsing the Java files (usually JML and Strings.key) from file:/home/runner/work/key/key/key.core/build/resources/main/de/uka/ilkd/key/proof/rules/loopInvariantRules.key 
2979       DEBUG main            d.u.i.k.p.i.KeYFile       Reading KeY file file:/home/runner/work/key/key/key.core/build/resources/main/de/uka/ilkd/key/proof/rules/forLoopRules.key 
2979       DEBUG main            d.u.i.k.p.i.KeYFile       Read specifications obtained when parsing the Java files (usually JML and Strings.key) from file:/home/runner/work/key/key/key.core/build/resources/main/de/uka/ilkd/key/proof/rules/forLoopRules.key 
2985       DEBUG main            d.u.i.k.p.i.KeYFile       Reading KeY file file:/home/runner/work/key/key/key.core/build/resources/main/de/uka/ilkd/key/proof/rules/execRules.key 
2985       DEBUG main            d.u.i.k.p.i.KeYFile       Read specifications obtained when parsing the Java files (usually JML and Strings.key) from file:/home/runner/work/key/key/key.core/build/resources/main/de/uka/ilkd/key/proof/rules/execRules.key 
3094       DEBUG main            d.u.i.k.p.i.KeYFile       Reading KeY file file:/home/runner/work/key/key/key.core/build/resources/main/de/uka/ilkd/key/proof/rules/loopScopeRules.key 
3095       DEBUG main            d.u.i.k.p.i.KeYFile       Read specifications obtained when parsing the Java files (usually JML and Strings.key) from file:/home/runner/work/key/key/key.core/build/resources/main/de/uka/ilkd/key/proof/rules/loopScopeRules.key 
3121       DEBUG main            d.u.i.k.p.i.KeYFile       Reading KeY file file:/home/runner/work/key/key/key.core/build/resources/main/de/uka/ilkd/key/proof/rules/standardRules.key 
3121       DEBUG main            d.u.i.k.p.i.KeYFile       Read specifications obtained when parsing the Java files (usually JML and Strings.key) from file:/home/runner/work/key/key/key.core/build/resources/main/de/uka/ilkd/key/proof/rules/standardRules.key 
5399       DEBUG main            d.u.i.k.j.Recoder2KeY     converting now /home/runner/work/key/key/key.core/../key.ui/examples/InformationFlow/Sum/src/SumExample.java 
5455       DEBUG main            d.u.i.k.s.TermLabelSettings TermLabelSettings: Failure while reading the setting "UseOriginLabels".Using the default value: true.The string read was: null 
5460       DEBUG main            d.u.i.k.p.i.KeYFile       Reading KeY file /home/runner/work/key/key/key.core/../key.ui/examples/InformationFlow/Sum/SumExample(SumExample__getSum()).Non-interference contract.0.m.key 
5471       DEBUG main            d.u.i.k.p.i.KeYFile       Reading KeY file file:/home/runner/work/key/key/key.core/build/resources/main/de/uka/ilkd/key/java/JavaRedux/java/lang/String.key 
5477       DEBUG main            d.u.i.k.p.i.KeYFile       Read specifications obtained when parsing the Java files (usually JML and Strings.key) from file:/home/runner/work/key/key/key.core/build/resources/main/de/uka/ilkd/key/java/JavaRedux/java/lang/String.key 
7630       DEBUG main            d.u.i.k.p.i.KeYFile       Read specifications obtained when parsing the Java files (usually JML and Strings.key) from /home/runner/work/key/key/key.core/../key.ui/examples/InformationFlow/Sum/SumExample(SumExample__getSum()).Non-interference contract.0.m.key 
7889       DEBUG main            d.u.i.k.m.s.ProofScriptEngine 1: 'macro 'infflow-autopilot'' 
8227       DEBUG main            d.u.i.k.p.m.ProofCorrectnessMgt No justification found for rule Class_invariant_axiom_for_SumExample 
8286       DEBUG main            d.u.i.k.r.m.WhileLoopTransformation While-Loop-Tranform-Result: {
  int i = 0;
  while (i < this.values.length) {
    {
      sum_1 += this.values[i];
    }
    i++;
  }
} 
8326       DEBUG main            d.u.i.k.r.m.WhileLoopTransformation While-Loop-Tranform-Result: try {
  {
    if (i < this.values.length) {
      {
        sum_1 += this.values[i];
      }
      i++;
    }
  }
} catch (java.lang.Throwable e#4) {
  exc#3 = true;
  thrownExc#5 = e#4;
} 
8376       DEBUG main            d.u.i.k.j.TypeConverter   typeconverter: (prefix this;, class class de.uka.ilkd.key.java.reference.ThisReference) 
8494       DEBUG main            d.u.i.k.j.TypeConverter   typeconverter: (prefix this;, class class de.uka.ilkd.key.java.reference.ThisReference) 
8533       DEBUG main            d.u.i.k.j.TypeConverter   typeconverter: (prefix this;, class class de.uka.ilkd.key.java.reference.ThisReference) 
8628       DEBUG main            d.u.i.k.j.TypeConverter   typeconverter: (prefix this;, class class de.uka.ilkd.key.java.reference.ThisReference) 
8760       DEBUG main            d.u.i.k.j.TypeConverter   typeconverter: (prefix this;, class class de.uka.ilkd.key.java.reference.ThisReference) 
8834       DEBUG main            d.u.i.k.j.TypeConverter   typeconverter: (prefix this;, class class de.uka.ilkd.key.java.reference.ThisReference) 
9508       INFO  main            d.u.i.k.p.r.p.TestFile    ... finished proof: closed. 
1482616    INFO  Test worker     d.u.i.k.p.r.RunAllProofsTestUnit Returning from test SumExample_fullmacro 
1482616    INFO  Test worker     d.u.i.k.p.r.RunAllProofsTestUnit Running test ToyBanking_fullmacro 
341        INFO  Timeout watchdog d.u.i.k.p.r.p.ForkedTestFileRunner Timeout watcher launched (1000 secs.) 
351        WARN  main            d.u.i.k.s.ProofSettings   The settings in /home/runner/.key/proof-settings.props are *not* read. 
372        DEBUG main            d.u.i.k.s.TermLabelSettings TermLabelSettings: Failure while reading the setting "UseOriginLabels".Using the default value: true.The string read was: null 
372        INFO  main            d.u.i.k.p.r.p.TestFile    Now processing file /home/runner/work/key/key/key.core/../key.ui/examples/InformationFlow/ToyBanking/banking_example.UserAccount(banking_example.UserAccount__getBankAccount(int)).Non-interference contract.0.m.key 
992        DEBUG main            d.u.i.k.p.i.KeYFile       Reading KeY file file:/home/runner/work/key/key/key.core/build/resources/main/de/uka/ilkd/key/proof/rules/ldt.key 
992        DEBUG main            d.u.i.k.p.i.KeYFile       Read specifications obtained when parsing the Java files (usually JML and Strings.key) from file:/home/runner/work/key/key/key.core/build/resources/main/de/uka/ilkd/key/proof/rules/ldt.key 
1001       DEBUG main            d.u.i.k.p.i.KeYFile       Reading KeY file file:/home/runner/work/key/key/key.core/build/resources/main/de/uka/ilkd/key/proof/rules/propRule.key 
1001       DEBUG main            d.u.i.k.p.i.KeYFile       Read specifications obtained when parsing the Java files (usually JML and Strings.key) from file:/home/runner/work/key/key/key.core/build/resources/main/de/uka/ilkd/key/proof/rules/propRule.key 
1028       DEBUG main            d.u.i.k.p.i.KeYFile       Reading KeY file file:/home/runner/work/key/key/key.core/build/resources/main/de/uka/ilkd/key/proof/rules/firstOrderRules.key 
1028       DEBUG main            d.u.i.k.p.i.KeYFile       Read specifications obtained when parsing the Java files (usually JML and Strings.key) from file:/home/runner/work/key/key/key.core/build/resources/main/de/uka/ilkd/key/proof/rules/firstOrderRules.key 
1052       DEBUG main            d.u.i.k.p.i.KeYFile       Reading KeY file file:/home/runner/work/key/key/key.core/build/resources/main/de/uka/ilkd/key/proof/rules/ifThenElseRules.key 
1052       DEBUG main            d.u.i.k.p.i.KeYFile       Read specifications obtained when parsing the Java files (usually JML and Strings.key) from file:/home/runner/work/key/key/key.core/build/resources/main/de/uka/ilkd/key/proof/rules/ifThenElseRules.key 
1126       DEBUG main            d.u.i.k.p.i.KeYFile       Reading KeY file file:/home/runner/work/key/key/key.core/build/resources/main/de/uka/ilkd/key/proof/rules/formulaNormalisationRules.key 
1127       DEBUG main            d.u.i.k.p.i.KeYFile       Read specifications obtained when parsing the Java files (usually JML and Strings.key) from file:/home/runner/work/key/key/key.core/build/resources/main/de/uka/ilkd/key/proof/rules/formulaNormalisationRules.key 
1213       DEBUG main            d.u.i.k.p.i.KeYFile       Reading KeY file file:/home/runner/work/key/key/key.core/build/resources/main/de/uka/ilkd/key/proof/rules/updateRules.key 
1214       DEBUG main            d.u.i.k.p.i.KeYFile       Read specifications obtained when parsing the Java files (usually JML and Strings.key) from file:/home/runner/work/key/key/key.core/build/resources/main/de/uka/ilkd/key/proof/rules/updateRules.key 
1241       DEBUG main            d.u.i.k.p.i.KeYFile       Reading KeY file file:/home/runner/work/key/key/key.core/build/resources/main/de/uka/ilkd/key/proof/rules/integerRulesCommon.key 
1241       DEBUG main            d.u.i.k.p.i.KeYFile       Read specifications obtained when parsing the Java files (usually JML and Strings.key) from file:/home/runner/work/key/key/key.core/build/resources/main/de/uka/ilkd/key/proof/rules/integerRulesCommon.key 
1362       DEBUG main            d.u.i.k.p.i.KeYFile       Reading KeY file file:/home/runner/work/key/key/key.core/build/resources/main/de/uka/ilkd/key/proof/rules/intRules.key 
1362       DEBUG main            d.u.i.k.p.i.KeYFile       Read specifications obtained when parsing the Java files (usually JML and Strings.key) from file:/home/runner/work/key/key/key.core/build/resources/main/de/uka/ilkd/key/proof/rules/intRules.key 
1394       DEBUG main            d.u.i.k.p.i.KeYFile       Reading KeY file file:/home/runner/work/key/key/key.core/build/resources/main/de/uka/ilkd/key/proof/rules/intRulesUncheckedSemantics.key 
1394       DEBUG main            d.u.i.k.p.i.KeYFile       Read specifications obtained when parsing the Java files (usually JML and Strings.key) from file:/home/runner/work/key/key/key.core/build/resources/main/de/uka/ilkd/key/proof/rules/intRulesUncheckedSemantics.key 
1410       DEBUG main            d.u.i.k.p.i.KeYFile       Reading KeY file file:/home/runner/work/key/key/key.core/build/resources/main/de/uka/ilkd/key/proof/rules/intRulesCheckedSemantics.key 
1410       DEBUG main            d.u.i.k.p.i.KeYFile       Read specifications obtained when parsing the Java files (usually JML and Strings.key) from file:/home/runner/work/key/key/key.core/build/resources/main/de/uka/ilkd/key/proof/rules/intRulesCheckedSemantics.key 
1421       DEBUG main            d.u.i.k.p.i.KeYFile       Reading KeY file file:/home/runner/work/key/key/key.core/build/resources/main/de/uka/ilkd/key/proof/rules/intRulesJavaSemantics.key 
1421       DEBUG main            d.u.i.k.p.i.KeYFile       Read specifications obtained when parsing the Java files (usually JML and Strings.key) from file:/home/runner/work/key/key/key.core/build/resources/main/de/uka/ilkd/key/proof/rules/intRulesJavaSemantics.key 
1623       DEBUG main            d.u.i.k.p.i.KeYFile       Reading KeY file file:/home/runner/work/key/key/key.core/build/resources/main/de/uka/ilkd/key/proof/rules/integerSimplificationRules.key 
1624       DEBUG main            d.u.i.k.p.i.KeYFile       Read specifications obtained when parsing the Java files (usually JML and Strings.key) from file:/home/runner/work/key/key/key.core/build/resources/main/de/uka/ilkd/key/proof/rules/integerSimplificationRules.key 
1716       DEBUG main            d.u.i.k.j.TypeConverter   No LDT found for Meta 
1716       DEBUG main            d.u.i.k.j.TypeConverter   No LDT found for Meta 
1719       DEBUG main            d.u.i.k.j.TypeConverter   No LDT found for Meta 
1720       DEBUG main            d.u.i.k.j.TypeConverter   No LDT found for Meta 
1785       DEBUG main            d.u.i.k.p.i.KeYFile       Reading KeY file file:/home/runner/work/key/key/key.core/build/resources/main/de/uka/ilkd/key/proof/rules/intDiv.key 
1786       DEBUG main            d.u.i.k.p.i.KeYFile       Read specifications obtained when parsing the Java files (usually JML and Strings.key) from file:/home/runner/work/key/key/key.core/build/resources/main/de/uka/ilkd/key/proof/rules/intDiv.key 
1947       DEBUG main            d.u.i.k.p.i.KeYFile       Reading KeY file file:/home/runner/work/key/key/key.core/build/resources/main/de/uka/ilkd/key/proof/rules/bsum.key 
1947       DEBUG main            d.u.i.k.p.i.KeYFile       Read specifications obtained when parsing the Java files (usually JML and Strings.key) from file:/home/runner/work/key/key/key.core/build/resources/main/de/uka/ilkd/key/proof/rules/bsum.key 
2030       DEBUG main            d.u.i.k.p.i.KeYFile       Reading KeY file file:/home/runner/work/key/key/key.core/build/resources/main/de/uka/ilkd/key/proof/rules/bprod.key 
2031       DEBUG main            d.u.i.k.p.i.KeYFile       Read specifications obtained when parsing the Java files (usually JML and Strings.key) from file:/home/runner/work/key/key/key.core/build/resources/main/de/uka/ilkd/key/proof/rules/bprod.key 
2045       DEBUG main            d.u.i.k.p.i.KeYFile       Reading KeY file file:/home/runner/work/key/key/key.core/build/resources/main/de/uka/ilkd/key/proof/rules/binaryAxioms.key 
2047       DEBUG main            d.u.i.k.p.i.KeYFile       Read specifications obtained when parsing the Java files (usually JML and Strings.key) from file:/home/runner/work/key/key/key.core/build/resources/main/de/uka/ilkd/key/proof/rules/binaryAxioms.key 
2052       DEBUG main            d.u.i.k.p.i.KeYFile       Reading KeY file file:/home/runner/work/key/key/key.core/build/resources/main/de/uka/ilkd/key/proof/rules/binaryLemmas.key 
2053       DEBUG main            d.u.i.k.p.i.KeYFile       Read specifications obtained when parsing the Java files (usually JML and Strings.key) from file:/home/runner/work/key/key/key.core/build/resources/main/de/uka/ilkd/key/proof/rules/binaryLemmas.key 
2072       DEBUG main            d.u.i.k.p.i.KeYFile       Reading KeY file file:/home/runner/work/key/key/key.core/build/resources/main/de/uka/ilkd/key/proof/rules/intPow.key 
2072       DEBUG main            d.u.i.k.p.i.KeYFile       Read specifications obtained when parsing the Java files (usually JML and Strings.key) from file:/home/runner/work/key/key/key.core/build/resources/main/de/uka/ilkd/key/proof/rules/intPow.key 
2096       DEBUG main            d.u.i.k.p.i.KeYFile       Reading KeY file file:/home/runner/work/key/key/key.core/build/resources/main/de/uka/ilkd/key/proof/rules/floatRulesCommon.key 
2096       DEBUG main            d.u.i.k.p.i.KeYFile       Read specifications obtained when parsing the Java files (usually JML and Strings.key) from file:/home/runner/work/key/key/key.core/build/resources/main/de/uka/ilkd/key/proof/rules/floatRulesCommon.key 
2110       DEBUG main            d.u.i.k.p.i.KeYFile       Reading KeY file file:/home/runner/work/key/key/key.core/build/resources/main/de/uka/ilkd/key/proof/rules/floatRules.key 
2110       DEBUG main            d.u.i.k.p.i.KeYFile       Read specifications obtained when parsing the Java files (usually JML and Strings.key) from file:/home/runner/work/key/key/key.core/build/resources/main/de/uka/ilkd/key/proof/rules/floatRules.key 
2111       DEBUG main            d.u.i.k.p.i.KeYFile       Reading KeY file file:/home/runner/work/key/key/key.core/build/resources/main/de/uka/ilkd/key/proof/rules/floatRulesVerifyNormal.key 
2111       DEBUG main            d.u.i.k.p.i.KeYFile       Read specifications obtained when parsing the Java files (usually JML and Strings.key) from file:/home/runner/work/key/key/key.core/build/resources/main/de/uka/ilkd/key/proof/rules/floatRulesVerifyNormal.key 
2116       DEBUG main            d.u.i.k.p.i.KeYFile       Reading KeY file file:/home/runner/work/key/key/key.core/build/resources/main/de/uka/ilkd/key/proof/rules/floatRulesAssumeStrictfp.key 
2116       DEBUG main            d.u.i.k.p.i.KeYFile       Read specifications obtained when parsing the Java files (usually JML and Strings.key) from file:/home/runner/work/key/key/key.core/build/resources/main/de/uka/ilkd/key/proof/rules/floatRulesAssumeStrictfp.key 
2164       DEBUG main            d.u.i.k.p.i.KeYFile       Reading KeY file file:/home/runner/work/key/key/key.core/build/resources/main/de/uka/ilkd/key/proof/rules/genericRules.key 
2164       DEBUG main            d.u.i.k.p.i.KeYFile       Read specifications obtained when parsing the Java files (usually JML and Strings.key) from file:/home/runner/work/key/key/key.core/build/resources/main/de/uka/ilkd/key/proof/rules/genericRules.key 
2175       DEBUG main            d.u.i.k.p.i.KeYFile       Reading KeY file file:/home/runner/work/key/key/key.core/build/resources/main/de/uka/ilkd/key/proof/rules/booleanRules.key 
2175       DEBUG main            d.u.i.k.p.i.KeYFile       Read specifications obtained when parsing the Java files (usually JML and Strings.key) from file:/home/runner/work/key/key/key.core/build/resources/main/de/uka/ilkd/key/proof/rules/booleanRules.key 
2182       DEBUG main            d.u.i.k.p.i.KeYFile       Reading KeY file file:/home/runner/work/key/key/key.core/build/resources/main/de/uka/ilkd/key/proof/rules/epsilon.key 
2182       DEBUG main            d.u.i.k.p.i.KeYFile       Read specifications obtained when parsing the Java files (usually JML and Strings.key) from file:/home/runner/work/key/key/key.core/build/resources/main/de/uka/ilkd/key/proof/rules/epsilon.key 
2213       DEBUG main            d.u.i.k.p.i.KeYFile       Reading KeY file file:/home/runner/work/key/key/key.core/build/resources/main/de/uka/ilkd/key/proof/rules/locSetsRules.key 
2214       DEBUG main            d.u.i.k.p.i.KeYFile       Read specifications obtained when parsing the Java files (usually JML and Strings.key) from file:/home/runner/work/key/key/key.core/build/resources/main/de/uka/ilkd/key/proof/rules/locSetsRules.key 
2281       DEBUG main            d.u.i.k.p.i.KeYFile       Reading KeY file file:/home/runner/work/key/key/key.core/build/resources/main/de/uka/ilkd/key/proof/rules/heapRules.key 
2281       DEBUG main            d.u.i.k.p.i.KeYFile       Read specifications obtained when parsing the Java files (usually JML and Strings.key) from file:/home/runner/work/key/key/key.core/build/resources/main/de/uka/ilkd/key/proof/rules/heapRules.key 
2320       DEBUG main            d.u.i.k.p.i.KeYFile       Reading KeY file file:/home/runner/work/key/key/key.core/build/resources/main/de/uka/ilkd/key/proof/rules/permissionRules.key 
2320       DEBUG main            d.u.i.k.p.i.KeYFile       Read specifications obtained when parsing the Java files (usually JML and Strings.key) from file:/home/runner/work/key/key/key.core/build/resources/main/de/uka/ilkd/key/proof/rules/permissionRules.key 
2388       DEBUG main            d.u.i.k.p.i.KeYFile       Reading KeY file file:/home/runner/work/key/key/key.core/build/resources/main/de/uka/ilkd/key/proof/rules/reachRules.key 
2388       DEBUG main            d.u.i.k.p.i.KeYFile       Read specifications obtained when parsing the Java files (usually JML and Strings.key) from file:/home/runner/work/key/key/key.core/build/resources/main/de/uka/ilkd/key/proof/rules/reachRules.key 
2403       DEBUG main            d.u.i.k.p.i.KeYFile       Reading KeY file file:/home/runner/work/key/key/key.core/build/resources/main/de/uka/ilkd/key/proof/rules/seqCoreRules.key 
2404       DEBUG main            d.u.i.k.p.i.KeYFile       Read specifications obtained when parsing the Java files (usually JML and Strings.key) from file:/home/runner/work/key/key/key.core/build/resources/main/de/uka/ilkd/key/proof/rules/seqCoreRules.key 
2436       DEBUG main            d.u.i.k.p.i.KeYFile       Reading KeY file file:/home/runner/work/key/key/key.core/build/resources/main/de/uka/ilkd/key/proof/rules/seqRules.key 
2436       DEBUG main            d.u.i.k.p.i.KeYFile       Read specifications obtained when parsing the Java files (usually JML and Strings.key) from file:/home/runner/work/key/key/key.core/build/resources/main/de/uka/ilkd/key/proof/rules/seqRules.key 
2480       DEBUG main            d.u.i.k.p.i.KeYFile       Reading KeY file file:/home/runner/work/key/key/key.core/build/resources/main/de/uka/ilkd/key/proof/rules/seqPerm.key 
2481       DEBUG main            d.u.i.k.p.i.KeYFile       Read specifications obtained when parsing the Java files (usually JML and Strings.key) from file:/home/runner/work/key/key/key.core/build/resources/main/de/uka/ilkd/key/proof/rules/seqPerm.key 
2503       DEBUG main            d.u.i.k.p.i.KeYFile       Reading KeY file file:/home/runner/work/key/key/key.core/build/resources/main/de/uka/ilkd/key/proof/rules/seqPerm2.key 
2503       DEBUG main            d.u.i.k.p.i.KeYFile       Read specifications obtained when parsing the Java files (usually JML and Strings.key) from file:/home/runner/work/key/key/key.core/build/resources/main/de/uka/ilkd/key/proof/rules/seqPerm2.key 
2641       DEBUG main            d.u.i.k.p.i.KeYFile       Reading KeY file file:/home/runner/work/key/key/key.core/build/resources/main/de/uka/ilkd/key/proof/rules/assertions.key 
2641       DEBUG main            d.u.i.k.p.i.KeYFile       Read specifications obtained when parsing the Java files (usually JML and Strings.key) from file:/home/runner/work/key/key/key.core/build/resources/main/de/uka/ilkd/key/proof/rules/assertions.key 
2686       DEBUG main            d.u.i.k.p.i.KeYFile       Reading KeY file file:/home/runner/work/key/key/key.core/build/resources/main/de/uka/ilkd/key/proof/rules/javaRules.key 
2686       DEBUG main            d.u.i.k.p.i.KeYFile       Read specifications obtained when parsing the Java files (usually JML and Strings.key) from file:/home/runner/work/key/key/key.core/build/resources/main/de/uka/ilkd/key/proof/rules/javaRules.key 
3068       DEBUG main            d.u.i.k.p.i.KeYFile       Reading KeY file file:/home/runner/work/key/key/key.core/build/resources/main/de/uka/ilkd/key/proof/rules/loopRules.key 
3068       DEBUG main            d.u.i.k.p.i.KeYFile       Read specifications obtained when parsing the Java files (usually JML and Strings.key) from file:/home/runner/work/key/key/key.core/build/resources/main/de/uka/ilkd/key/proof/rules/loopRules.key 
3082       DEBUG main            d.u.i.k.p.i.KeYFile       Reading KeY file file:/home/runner/work/key/key/key.core/build/resources/main/de/uka/ilkd/key/proof/rules/activeUse.key 
3082       DEBUG main            d.u.i.k.p.i.KeYFile       Read specifications obtained when parsing the Java files (usually JML and Strings.key) from file:/home/runner/work/key/key/key.core/build/resources/main/de/uka/ilkd/key/proof/rules/activeUse.key 
3115       DEBUG main            d.u.i.k.p.i.KeYFile       Reading KeY file file:/home/runner/work/key/key/key.core/build/resources/main/de/uka/ilkd/key/proof/rules/instanceAllocation.key 
3115       DEBUG main            d.u.i.k.p.i.KeYFile       Read specifications obtained when parsing the Java files (usually JML and Strings.key) from file:/home/runner/work/key/key/key.core/build/resources/main/de/uka/ilkd/key/proof/rules/instanceAllocation.key 
3145       DEBUG main            d.u.i.k.p.i.KeYFile       Reading KeY file file:/home/runner/work/key/key/key.core/build/resources/main/de/uka/ilkd/key/proof/rules/java5.key 
3145       DEBUG main            d.u.i.k.p.i.KeYFile       Read specifications obtained when parsing the Java files (usually JML and Strings.key) from file:/home/runner/work/key/key/key.core/build/resources/main/de/uka/ilkd/key/proof/rules/java5.key 
3153       DEBUG main            d.u.i.k.p.i.KeYFile       Reading KeY file file:/home/runner/work/key/key/key.core/build/resources/main/de/uka/ilkd/key/proof/rules/integerAssignment2UpdateRules.key 
3153       DEBUG main            d.u.i.k.p.i.KeYFile       Read specifications obtained when parsing the Java files (usually JML and Strings.key) from file:/home/runner/work/key/key/key.core/build/resources/main/de/uka/ilkd/key/proof/rules/integerAssignment2UpdateRules.key 
3182       DEBUG main            d.u.i.k.p.i.KeYFile       Reading KeY file file:/home/runner/work/key/key/key.core/build/resources/main/de/uka/ilkd/key/proof/rules/floatAssignment2UpdateRules.key 
3182       DEBUG main            d.u.i.k.p.i.KeYFile       Read specifications obtained when parsing the Java files (usually JML and Strings.key) from file:/home/runner/work/key/key/key.core/build/resources/main/de/uka/ilkd/key/proof/rules/floatAssignment2UpdateRules.key 
3200       DEBUG main            d.u.i.k.p.i.KeYFile       Reading KeY file file:/home/runner/work/key/key/key.core/build/resources/main/de/uka/ilkd/key/proof/rules/bigint.key 
3200       DEBUG main            d.u.i.k.p.i.KeYFile       Read specifications obtained when parsing the Java files (usually JML and Strings.key) from file:/home/runner/work/key/key/key.core/build/resources/main/de/uka/ilkd/key/proof/rules/bigint.key 
3207       DEBUG main            d.u.i.k.j.TypeConverter   No LDT found for JavaBigintExpression 
3213       DEBUG main            d.u.i.k.p.i.KeYFile       Reading KeY file file:/home/runner/work/key/key/key.core/build/resources/main/de/uka/ilkd/key/proof/rules/adtProgramDecompositionRules.key 
3214       DEBUG main            d.u.i.k.p.i.KeYFile       Read specifications obtained when parsing the Java files (usually JML and Strings.key) from file:/home/runner/work/key/key/key.core/build/resources/main/de/uka/ilkd/key/proof/rules/adtProgramDecompositionRules.key 
3227       DEBUG main            d.u.i.k.p.i.KeYFile       Reading KeY file file:/home/runner/work/key/key/key.core/build/resources/main/de/uka/ilkd/key/proof/rules/precRules.key 
3227       DEBUG main            d.u.i.k.p.i.KeYFile       Read specifications obtained when parsing the Java files (usually JML and Strings.key) from file:/home/runner/work/key/key/key.core/build/resources/main/de/uka/ilkd/key/proof/rules/precRules.key 
3236       DEBUG main            d.u.i.k.p.i.KeYFile       Reading KeY file file:/home/runner/work/key/key/key.core/build/resources/main/de/uka/ilkd/key/proof/rules/charListRules.key 
3237       DEBUG main            d.u.i.k.p.i.KeYFile       Read specifications obtained when parsing the Java files (usually JML and Strings.key) from file:/home/runner/work/key/key/key.core/build/resources/main/de/uka/ilkd/key/proof/rules/charListRules.key 
3247       DEBUG main            d.u.i.k.p.i.KeYFile       Reading KeY file file:/home/runner/work/key/key/key.core/build/resources/main/de/uka/ilkd/key/proof/rules/regExHeader.key 
3247       DEBUG main            d.u.i.k.p.i.KeYFile       Read specifications obtained when parsing the Java files (usually JML and Strings.key) from file:/home/runner/work/key/key/key.core/build/resources/main/de/uka/ilkd/key/proof/rules/regExHeader.key 
3249       DEBUG main            d.u.i.k.p.i.KeYFile       Reading KeY file file:/home/runner/work/key/key/key.core/build/resources/main/de/uka/ilkd/key/proof/rules/regExAxioms.key 
3249       DEBUG main            d.u.i.k.p.i.KeYFile       Read specifications obtained when parsing the Java files (usually JML and Strings.key) from file:/home/runner/work/key/key/key.core/build/resources/main/de/uka/ilkd/key/proof/rules/regExAxioms.key 
3255       DEBUG main            d.u.i.k.p.i.KeYFile       Reading KeY file file:/home/runner/work/key/key/key.core/build/resources/main/de/uka/ilkd/key/proof/rules/regExLemmaProven.key 
3255       DEBUG main            d.u.i.k.p.i.KeYFile       Read specifications obtained when parsing the Java files (usually JML and Strings.key) from file:/home/runner/work/key/key/key.core/build/resources/main/de/uka/ilkd/key/proof/rules/regExLemmaProven.key 
3258       DEBUG main            d.u.i.k.p.i.KeYFile       Reading KeY file file:/home/runner/work/key/key/key.core/build/resources/main/de/uka/ilkd/key/proof/rules/regExTheory.key 
3258       DEBUG main            d.u.i.k.p.i.KeYFile       Read specifications obtained when parsing the Java files (usually JML and Strings.key) from file:/home/runner/work/key/key/key.core/build/resources/main/de/uka/ilkd/key/proof/rules/regExTheory.key 
3262       DEBUG main            d.u.i.k.p.i.KeYFile       Reading KeY file file:/home/runner/work/key/key/key.core/build/resources/main/de/uka/ilkd/key/proof/rules/seqEq.key 
3263       DEBUG main            d.u.i.k.p.i.KeYFile       Read specifications obtained when parsing the Java files (usually JML and Strings.key) from file:/home/runner/work/key/key/key.core/build/resources/main/de/uka/ilkd/key/proof/rules/seqEq.key 
3270       DEBUG main            d.u.i.k.p.i.KeYFile       Reading KeY file file:/home/runner/work/key/key/key.core/build/resources/main/de/uka/ilkd/key/proof/rules/infFlow.key 
3271       DEBUG main            d.u.i.k.p.i.KeYFile       Read specifications obtained when parsing the Java files (usually JML and Strings.key) from file:/home/runner/work/key/key/key.core/build/resources/main/de/uka/ilkd/key/proof/rules/infFlow.key 
3275       DEBUG main            d.u.i.k.p.i.KeYFile       Reading KeY file file:/home/runner/work/key/key/key.core/build/resources/main/de/uka/ilkd/key/proof/rules/mapSize.key 
3276       DEBUG main            d.u.i.k.p.i.KeYFile       Read specifications obtained when parsing the Java files (usually JML and Strings.key) from file:/home/runner/work/key/key/key.core/build/resources/main/de/uka/ilkd/key/proof/rules/mapSize.key 
3279       DEBUG main            d.u.i.k.p.i.KeYFile       Reading KeY file file:/home/runner/work/key/key/key.core/build/resources/main/de/uka/ilkd/key/proof/rules/wdHeader.key 
3280       DEBUG main            d.u.i.k.p.i.KeYFile       Read specifications obtained when parsing the Java files (usually JML and Strings.key) from file:/home/runner/work/key/key/key.core/build/resources/main/de/uka/ilkd/key/proof/rules/wdHeader.key 
3281       DEBUG main            d.u.i.k.p.i.KeYFile       Reading KeY file file:/home/runner/work/key/key/key.core/build/resources/main/de/uka/ilkd/key/proof/rules/wdGeneralRules.key 
3281       DEBUG main            d.u.i.k.p.i.KeYFile       Read specifications obtained when parsing the Java files (usually JML and Strings.key) from file:/home/runner/work/key/key/key.core/build/resources/main/de/uka/ilkd/key/proof/rules/wdGeneralRules.key 
3293       DEBUG main            d.u.i.k.p.i.KeYFile       Reading KeY file file:/home/runner/work/key/key/key.core/build/resources/main/de/uka/ilkd/key/proof/rules/wdNumericalRules.key 
3293       DEBUG main            d.u.i.k.p.i.KeYFile       Read specifications obtained when parsing the Java files (usually JML and Strings.key) from file:/home/runner/work/key/key/key.core/build/resources/main/de/uka/ilkd/key/proof/rules/wdNumericalRules.key 
3313       DEBUG main            d.u.i.k.p.i.KeYFile       Reading KeY file file:/home/runner/work/key/key/key.core/build/resources/main/de/uka/ilkd/key/proof/rules/wdLocSetRules.key 
3313       DEBUG main            d.u.i.k.p.i.KeYFile       Read specifications obtained when parsing the Java files (usually JML and Strings.key) from file:/home/runner/work/key/key/key.core/build/resources/main/de/uka/ilkd/key/proof/rules/wdLocSetRules.key 
3319       DEBUG main            d.u.i.k.p.i.KeYFile       Reading KeY file file:/home/runner/work/key/key/key.core/build/resources/main/de/uka/ilkd/key/proof/rules/wdHeapRules.key 
3319       DEBUG main            d.u.i.k.p.i.KeYFile       Read specifications obtained when parsing the Java files (usually JML and Strings.key) from file:/home/runner/work/key/key/key.core/build/resources/main/de/uka/ilkd/key/proof/rules/wdHeapRules.key 
3322       DEBUG main            d.u.i.k.p.i.KeYFile       Reading KeY file file:/home/runner/work/key/key/key.core/build/resources/main/de/uka/ilkd/key/proof/rules/wdReachRules.key 
3322       DEBUG main            d.u.i.k.p.i.KeYFile       Read specifications obtained when parsing the Java files (usually JML and Strings.key) from file:/home/runner/work/key/key/key.core/build/resources/main/de/uka/ilkd/key/proof/rules/wdReachRules.key 
3325       DEBUG main            d.u.i.k.p.i.KeYFile       Reading KeY file file:/home/runner/work/key/key/key.core/build/resources/main/de/uka/ilkd/key/proof/rules/wdSeqRules.key 
3325       DEBUG main            d.u.i.k.p.i.KeYFile       Read specifications obtained when parsing the Java files (usually JML and Strings.key) from file:/home/runner/work/key/key/key.core/build/resources/main/de/uka/ilkd/key/proof/rules/wdSeqRules.key 
3328       DEBUG main            d.u.i.k.p.i.KeYFile       Reading KeY file file:/home/runner/work/key/key/key.core/build/resources/main/de/uka/ilkd/key/proof/rules/wdStringRules.key 
3328       DEBUG main            d.u.i.k.p.i.KeYFile       Read specifications obtained when parsing the Java files (usually JML and Strings.key) from file:/home/runner/work/key/key/key.core/build/resources/main/de/uka/ilkd/key/proof/rules/wdStringRules.key 
3331       DEBUG main            d.u.i.k.p.i.KeYFile       Reading KeY file file:/home/runner/work/key/key/key.core/build/resources/main/de/uka/ilkd/key/proof/rules/wdRegExRules.key 
3331       DEBUG main            d.u.i.k.p.i.KeYFile       Read specifications obtained when parsing the Java files (usually JML and Strings.key) from file:/home/runner/work/key/key/key.core/build/resources/main/de/uka/ilkd/key/proof/rules/wdRegExRules.key 
3339       DEBUG main            d.u.i.k.p.i.KeYFile       Reading KeY file file:/home/runner/work/key/key/key.core/build/resources/main/de/uka/ilkd/key/proof/rules/wdFormulaRules.key 
3339       DEBUG main            d.u.i.k.p.i.KeYFile       Read specifications obtained when parsing the Java files (usually JML and Strings.key) from file:/home/runner/work/key/key/key.core/build/resources/main/de/uka/ilkd/key/proof/rules/wdFormulaRules.key 
3377       DEBUG main            d.u.i.k.p.i.KeYFile       Reading KeY file file:/home/runner/work/key/key/key.core/build/resources/main/de/uka/ilkd/key/proof/rules/wd.key 
3377       DEBUG main            d.u.i.k.p.i.KeYFile       Read specifications obtained when parsing the Java files (usually JML and Strings.key) from file:/home/runner/work/key/key/key.core/build/resources/main/de/uka/ilkd/key/proof/rules/wd.key 
3379       DEBUG main            d.u.i.k.p.i.KeYFile       Reading KeY file file:/home/runner/work/key/key/key.core/build/resources/main/de/uka/ilkd/key/proof/rules/loopInvariantRules.key 
3379       DEBUG main            d.u.i.k.p.i.KeYFile       Read specifications obtained when parsing the Java files (usually JML and Strings.key) from file:/home/runner/work/key/key/key.core/build/resources/main/de/uka/ilkd/key/proof/rules/loopInvariantRules.key 
3380       DEBUG main            d.u.i.k.p.i.KeYFile       Reading KeY file file:/home/runner/work/key/key/key.core/build/resources/main/de/uka/ilkd/key/proof/rules/forLoopRules.key 
3380       DEBUG main            d.u.i.k.p.i.KeYFile       Read specifications obtained when parsing the Java files (usually JML and Strings.key) from file:/home/runner/work/key/key/key.core/build/resources/main/de/uka/ilkd/key/proof/rules/forLoopRules.key 
3386       DEBUG main            d.u.i.k.p.i.KeYFile       Reading KeY file file:/home/runner/work/key/key/key.core/build/resources/main/de/uka/ilkd/key/proof/rules/execRules.key 
3386       DEBUG main            d.u.i.k.p.i.KeYFile       Read specifications obtained when parsing the Java files (usually JML and Strings.key) from file:/home/runner/work/key/key/key.core/build/resources/main/de/uka/ilkd/key/proof/rules/execRules.key 
3448       DEBUG main            d.u.i.k.p.i.KeYFile       Reading KeY file file:/home/runner/work/key/key/key.core/build/resources/main/de/uka/ilkd/key/proof/rules/loopScopeRules.key 
3448       DEBUG main            d.u.i.k.p.i.KeYFile       Read specifications obtained when parsing the Java files (usually JML and Strings.key) from file:/home/runner/work/key/key/key.core/build/resources/main/de/uka/ilkd/key/proof/rules/loopScopeRules.key 
3467       DEBUG main            d.u.i.k.p.i.KeYFile       Reading KeY file file:/home/runner/work/key/key/key.core/build/resources/main/de/uka/ilkd/key/proof/rules/standardRules.key 
3467       DEBUG main            d.u.i.k.p.i.KeYFile       Read specifications obtained when parsing the Java files (usually JML and Strings.key) from file:/home/runner/work/key/key/key.core/build/resources/main/de/uka/ilkd/key/proof/rules/standardRules.key 
6091       DEBUG main            d.u.i.k.j.Recoder2KeY     converting now /home/runner/work/key/key/key.core/../key.ui/examples/InformationFlow/ToyBanking/src/banking_example/UserAccount.java 
6106       DEBUG main            d.u.i.k.j.Recoder2KeY     converting now /home/runner/work/key/key/key.core/../key.ui/examples/InformationFlow/ToyBanking/src/banking_example/Bank.java 
6109       DEBUG main            d.u.i.k.j.Recoder2KeY     converting now /home/runner/work/key/key/key.core/../key.ui/examples/InformationFlow/ToyBanking/src/banking_example/BankAccount.java 
6162       DEBUG main            d.u.i.k.s.TermLabelSettings TermLabelSettings: Failure while reading the setting "UseOriginLabels".Using the default value: true.The string read was: null 
6163       DEBUG main            d.u.i.k.p.i.KeYFile       Reading KeY file /home/runner/work/key/key/key.core/../key.ui/examples/InformationFlow/ToyBanking/banking_example.UserAccount(banking_example.UserAccount__getBankAccount(int)).Non-interference contract.0.m.key 
6175       DEBUG main            d.u.i.k.p.i.KeYFile       Reading KeY file file:/home/runner/work/key/key/key.core/build/resources/main/de/uka/ilkd/key/java/JavaRedux/java/lang/String.key 
6180       DEBUG main            d.u.i.k.p.i.KeYFile       Read specifications obtained when parsing the Java files (usually JML and Strings.key) from file:/home/runner/work/key/key/key.core/build/resources/main/de/uka/ilkd/key/java/JavaRedux/java/lang/String.key 
8278       DEBUG main            d.u.i.k.p.i.KeYFile       Read specifications obtained when parsing the Java files (usually JML and Strings.key) from /home/runner/work/key/key/key.core/../key.ui/examples/InformationFlow/ToyBanking/banking_example.UserAccount(banking_example.UserAccount__getBankAccount(int)).Non-interference contract.0.m.key 
8655       DEBUG main            d.u.i.k.m.s.ProofScriptEngine 1: 'macro 'infflow-autopilot'' 
9022       DEBUG main            d.u.i.k.p.m.ProofCorrectnessMgt No justification found for rule Class_invariant_axiom_for_banking_example_UserAccount 
9193       DEBUG main            d.u.i.k.j.TypeConverter   typeconverter: (prefix this;, class class de.uka.ilkd.key.java.reference.ThisReference) 
9268       DEBUG main            d.u.i.k.j.TypeConverter   typeconverter: (prefix this;, class class de.uka.ilkd.key.java.reference.ThisReference) 
12739      INFO  main            d.u.i.k.p.r.p.TestFile    ... finished proof: closed. 
12927      DEBUG main            d.u.i.k.s.TermLabelSettings TermLabelSettings: Failure while reading the setting "UseOriginLabels".Using the default value: true.The string read was: null 
12927      INFO  main            d.u.i.k.p.r.p.TestFile    Now processing file /home/runner/work/key/key/key.core/../key.ui/examples/InformationFlow/ToyBanking/banking_example.UserAccount(banking_example.UserAccount__tryLogin(int,(C)).Non-interference contract.0.m.key 
13960      DEBUG main            d.u.i.k.j.Recoder2KeY     converting now /home/runner/work/key/key/key.core/../key.ui/examples/InformationFlow/ToyBanking/src/banking_example/UserAccount.java 
13964      DEBUG main            d.u.i.k.j.Recoder2KeY     converting now /home/runner/work/key/key/key.core/../key.ui/examples/InformationFlow/ToyBanking/src/banking_example/Bank.java 
13967      DEBUG main            d.u.i.k.j.Recoder2KeY     converting now /home/runner/work/key/key/key.core/../key.ui/examples/InformationFlow/ToyBanking/src/banking_example/BankAccount.java 
13974      DEBUG main            d.u.i.k.s.TermLabelSettings TermLabelSettings: Failure while reading the setting "UseOriginLabels".Using the default value: true.The string read was: null 
13974      DEBUG main            d.u.i.k.p.i.KeYFile       Reading KeY file /home/runner/work/key/key/key.core/../key.ui/examples/InformationFlow/ToyBanking/banking_example.UserAccount(banking_example.UserAccount__tryLogin(int,(C)).Non-interference contract.0.m.key 
13975      DEBUG main            d.u.i.k.p.i.KeYFile       Reading KeY file file:/home/runner/work/key/key/key.core/build/resources/main/de/uka/ilkd/key/java/JavaRedux/java/lang/String.key 
13979      DEBUG main            d.u.i.k.p.i.KeYFile       Read specifications obtained when parsing the Java files (usually JML and Strings.key) from file:/home/runner/work/key/key/key.core/build/resources/main/de/uka/ilkd/key/java/JavaRedux/java/lang/String.key 
15828      DEBUG main            d.u.i.k.p.i.KeYFile       Read specifications obtained when parsing the Java files (usually JML and Strings.key) from /home/runner/work/key/key/key.core/../key.ui/examples/InformationFlow/ToyBanking/banking_example.UserAccount(banking_example.UserAccount__tryLogin(int,(C)).Non-interference contract.0.m.key 
15915      DEBUG main            d.u.i.k.m.s.ProofScriptEngine 1: 'macro 'infflow-autopilot'' 
15976      DEBUG main            d.u.i.k.p.m.ProofCorrectnessMgt No justification found for rule Class_invariant_axiom_for_banking_example_UserAccount 
16028      DEBUG main            d.u.i.k.j.TypeConverter   typeconverter: (prefix this;, class class de.uka.ilkd.key.java.reference.ThisReference) 
16060      DEBUG main            d.u.i.k.j.TypeConverter   typeconverter: (prefix this;, class class de.uka.ilkd.key.java.reference.ThisReference) 
16102      DEBUG main            d.u.i.k.r.m.WhileLoopTransformation While-Loop-Tranform-Result: {
  int i = 0;
  while (i < _password.length && pwdCorrect) {
    {
      pwdCorrect = (this.password[i] == _password[i]);
    }
    i++;
  }
} 
16135      DEBUG main            d.u.i.k.r.m.WhileLoopTransformation While-Loop-Tranform-Result: try {
  {
    if (i < _password.length && pwdCorrect) {
      {
        pwdCorrect = (this.password[i] == _password[i]);
      }
      i++;
    }
  }
} catch (java.lang.Throwable e#4) {
  exc#3 = true;
  thrownExc#5 = e#4;
} 
16246      DEBUG main            d.u.i.k.j.TypeConverter   typeconverter: (prefix this;, class class de.uka.ilkd.key.java.reference.ThisReference) 
17557      DEBUG main            d.u.i.k.j.TypeConverter   typeconverter: (prefix this;, class class de.uka.ilkd.key.java.reference.ThisReference) 
17600      DEBUG main            d.u.i.k.j.TypeConverter   typeconverter: (prefix this;, class class de.uka.ilkd.key.java.reference.ThisReference) 
17628      DEBUG main            d.u.i.k.j.TypeConverter   typeconverter: (prefix this;, class class de.uka.ilkd.key.java.reference.ThisReference) 
17654      DEBUG main            d.u.i.k.j.TypeConverter   typeconverter: (prefix this;, class class de.uka.ilkd.key.java.reference.ThisReference) 
17677      DEBUG main            d.u.i.k.j.TypeConverter   typeconverter: (prefix this;, class class de.uka.ilkd.key.java.reference.ThisReference) 
17705      DEBUG main            d.u.i.k.j.TypeConverter   typeconverter: (prefix this;, class class de.uka.ilkd.key.java.reference.ThisReference) 
17718      DEBUG main            d.u.i.k.j.TypeConverter   TypeConverter: FieldReference: this.password.length; 
17718      DEBUG main            d.u.i.k.j.TypeConverter   typeconverter: (prefix this.password;, class class de.uka.ilkd.key.java.reference.FieldReference) 
17718      DEBUG main            d.u.i.k.j.TypeConverter   TypeConverter: FieldReference: this.password; 
17718      DEBUG main            d.u.i.k.j.TypeConverter   typeconverter: (prefix this;, class class de.uka.ilkd.key.java.reference.ThisReference) 
17719      DEBUG main            d.u.i.k.j.TypeConverter   TypeConverter: FieldReference: this.password; 
17719      DEBUG main            d.u.i.k.j.TypeConverter   typeconverter: (prefix this;, class class de.uka.ilkd.key.java.reference.ThisReference) 
17719      DEBUG main            d.u.i.k.j.TypeConverter   TypeConverter: FieldReference: this.bankAccounts.length; 
17719      DEBUG main            d.u.i.k.j.TypeConverter   typeconverter: (prefix this.bankAccounts;, class class de.uka.ilkd.key.java.reference.FieldReference) 
17719      DEBUG main            d.u.i.k.j.TypeConverter   TypeConverter: FieldReference: this.bankAccounts; 
17719      DEBUG main            d.u.i.k.j.TypeConverter   typeconverter: (prefix this;, class class de.uka.ilkd.key.java.reference.ThisReference) 
17719      DEBUG main            d.u.i.k.j.TypeConverter   TypeConverter: FieldReference: this.bankAccounts; 
17721      DEBUG main            d.u.i.k.j.TypeConverter   typeconverter: (prefix this;, class class de.uka.ilkd.key.java.reference.ThisReference) 
17721      DEBUG main            d.u.i.k.j.TypeConverter   TypeConverter: FieldReference: this.bankAccounts[0].customerViewOnBankAccount; 
17721      DEBUG main            d.u.i.k.j.TypeConverter   typeconverter: (prefix this.bankAccounts[0];, class class de.uka.ilkd.key.java.reference.ArrayReference) 
17721      DEBUG main            d.u.i.k.j.TypeConverter   TypeConverter: FieldReference: this.bankAccounts; 
17721      DEBUG main            d.u.i.k.j.TypeConverter   typeconverter: (prefix this;, class class de.uka.ilkd.key.java.reference.ThisReference) 
17754      DEBUG main            d.u.i.k.j.TypeConverter   typeconverter: (prefix this;, class class de.uka.ilkd.key.java.reference.ThisReference) 
17778      DEBUG main            d.u.i.k.j.TypeConverter   typeconverter: (prefix this;, class class de.uka.ilkd.key.java.reference.ThisReference) 
17805      DEBUG main            d.u.i.k.j.TypeConverter   typeconverter: (prefix this;, class class de.uka.ilkd.key.java.reference.ThisReference) 
17844      DEBUG main            d.u.i.k.j.TypeConverter   typeconverter: (prefix this;, class class de.uka.ilkd.key.java.reference.ThisReference) 
17885      DEBUG main            d.u.i.k.j.TypeConverter   typeconverter: (prefix this;, class class de.uka.ilkd.key.java.reference.ThisReference) 
17908      DEBUG main            d.u.i.k.j.TypeConverter   TypeConverter: FieldReference: this.bankAccounts.length; 
17909      DEBUG main            d.u.i.k.j.TypeConverter   typeconverter: (prefix this.bankAccounts;, class class de.uka.ilkd.key.java.reference.FieldReference) 
17909      DEBUG main            d.u.i.k.j.TypeConverter   TypeConverter: FieldReference: this.bankAccounts; 
17909      DEBUG main            d.u.i.k.j.TypeConverter   typeconverter: (prefix this;, class class de.uka.ilkd.key.java.reference.ThisReference) 
17909      DEBUG main            d.u.i.k.j.TypeConverter   TypeConverter: FieldReference: this.bankAccounts; 
17909      DEBUG main            d.u.i.k.j.TypeConverter   typeconverter: (prefix this;, class class de.uka.ilkd.key.java.reference.ThisReference) 
17909      DEBUG main            d.u.i.k.j.TypeConverter   TypeConverter: FieldReference: this.bankAccounts[0].customerViewOnBankAccount; 
17909      DEBUG main            d.u.i.k.j.TypeConverter   typeconverter: (prefix this.bankAccounts[0];, class class de.uka.ilkd.key.java.reference.ArrayReference) 
17909      DEBUG main            d.u.i.k.j.TypeConverter   TypeConverter: FieldReference: this.bankAccounts; 
17910      DEBUG main            d.u.i.k.j.TypeConverter   typeconverter: (prefix this;, class class de.uka.ilkd.key.java.reference.ThisReference) 
17965      DEBUG main            d.u.i.k.j.TypeConverter   typeconverter: (prefix this;, class class de.uka.ilkd.key.java.reference.ThisReference) 
18088      DEBUG main            d.u.i.k.j.TypeConverter   typeconverter: (prefix this;, class class de.uka.ilkd.key.java.reference.ThisReference) 
18100      DEBUG main            d.u.i.k.j.TypeConverter   typeconverter: (prefix this;, class class de.uka.ilkd.key.java.reference.ThisReference) 
18111      DEBUG main            d.u.i.k.j.TypeConverter   typeconverter: (prefix this;, class class de.uka.ilkd.key.java.reference.ThisReference) 
18131      DEBUG main            d.u.i.k.j.TypeConverter   typeconverter: (prefix this;, class class de.uka.ilkd.key.java.reference.ThisReference) 
18156      DEBUG main            d.u.i.k.j.TypeConverter   typeconverter: (prefix this;, class class de.uka.ilkd.key.java.reference.ThisReference) 
18201      DEBUG main            d.u.i.k.j.TypeConverter   typeconverter: (prefix this;, class class de.uka.ilkd.key.java.reference.ThisReference) 
18228      DEBUG main            d.u.i.k.j.TypeConverter   typeconverter: (prefix this;, class class de.uka.ilkd.key.java.reference.ThisReference) 
18242      DEBUG main            d.u.i.k.j.TypeConverter   TypeConverter: FieldReference: this.password.length; 
18243      DEBUG main            d.u.i.k.j.TypeConverter   typeconverter: (prefix this.password;, class class de.uka.ilkd.key.java.reference.FieldReference) 
18243      DEBUG main            d.u.i.k.j.TypeConverter   TypeConverter: FieldReference: this.password; 
18243      DEBUG main            d.u.i.k.j.TypeConverter   typeconverter: (prefix this;, class class de.uka.ilkd.key.java.reference.ThisReference) 
18243      DEBUG main            d.u.i.k.j.TypeConverter   TypeConverter: FieldReference: this.password; 
18243      DEBUG main            d.u.i.k.j.TypeConverter   typeconverter: (prefix this;, class class de.uka.ilkd.key.java.reference.ThisReference) 
18244      DEBUG main            d.u.i.k.j.TypeConverter   TypeConverter: FieldReference: this.bankAccounts.length; 
18244      DEBUG main            d.u.i.k.j.TypeConverter   typeconverter: (prefix this.bankAccounts;, class class de.uka.ilkd.key.java.reference.FieldReference) 
18244      DEBUG main            d.u.i.k.j.TypeConverter   TypeConverter: FieldReference: this.bankAccounts; 
18244      DEBUG main            d.u.i.k.j.TypeConverter   typeconverter: (prefix this;, class class de.uka.ilkd.key.java.reference.ThisReference) 
18244      DEBUG main            d.u.i.k.j.TypeConverter   TypeConverter: FieldReference: this.bankAccounts; 
18244      DEBUG main            d.u.i.k.j.TypeConverter   typeconverter: (prefix this;, class class de.uka.ilkd.key.java.reference.ThisReference) 
18244      DEBUG main            d.u.i.k.j.TypeConverter   TypeConverter: FieldReference: this.bankAccounts[0].customerViewOnBankAccount; 
18244      DEBUG main            d.u.i.k.j.TypeConverter   typeconverter: (prefix this.bankAccounts[0];, class class de.uka.ilkd.key.java.reference.ArrayReference) 
18244      DEBUG main            d.u.i.k.j.TypeConverter   TypeConverter: FieldReference: this.bankAccounts; 
18245      DEBUG main            d.u.i.k.j.TypeConverter   typeconverter: (prefix this;, class class de.uka.ilkd.key.java.reference.ThisReference) 
18310      DEBUG main            d.u.i.k.j.TypeConverter   typeconverter: (prefix this;, class class de.uka.ilkd.key.java.reference.ThisReference) 
18350      DEBUG main            d.u.i.k.j.TypeConverter   typeconverter: (prefix this;, class class de.uka.ilkd.key.java.reference.ThisReference) 
18391      DEBUG main            d.u.i.k.j.TypeConverter   typeconverter: (prefix this;, class class de.uka.ilkd.key.java.reference.ThisReference) 
18435      DEBUG main            d.u.i.k.j.TypeConverter   typeconverter: (prefix this;, class class de.uka.ilkd.key.java.reference.ThisReference) 
18460      DEBUG main            d.u.i.k.j.TypeConverter   TypeConverter: FieldReference: this.bankAccounts.length; 
18460      DEBUG main            d.u.i.k.j.TypeConverter   typeconverter: (prefix this.bankAccounts;, class class de.uka.ilkd.key.java.reference.FieldReference) 
18461      DEBUG main            d.u.i.k.j.TypeConverter   TypeConverter: FieldReference: this.bankAccounts; 
18461      DEBUG main            d.u.i.k.j.TypeConverter   typeconverter: (prefix this;, class class de.uka.ilkd.key.java.reference.ThisReference) 
18461      DEBUG main            d.u.i.k.j.TypeConverter   TypeConverter: FieldReference: this.bankAccounts; 
18461      DEBUG main            d.u.i.k.j.TypeConverter   typeconverter: (prefix this;, class class de.uka.ilkd.key.java.reference.ThisReference) 
18461      DEBUG main            d.u.i.k.j.TypeConverter   TypeConverter: FieldReference: this.bankAccounts[0].customerViewOnBankAccount; 
18461      DEBUG main            d.u.i.k.j.TypeConverter   typeconverter: (prefix this.bankAccounts[0];, class class de.uka.ilkd.key.java.reference.ArrayReference) 
18461      DEBUG main            d.u.i.k.j.TypeConverter   TypeConverter: FieldReference: this.bankAccounts; 
18462      DEBUG main            d.u.i.k.j.TypeConverter   typeconverter: (prefix this;, class class de.uka.ilkd.key.java.reference.ThisReference) 
18601      DEBUG main            d.u.i.k.j.TypeConverter   typeconverter: (prefix this;, class class de.uka.ilkd.key.java.reference.ThisReference) 
18611      DEBUG main            d.u.i.k.j.TypeConverter   typeconverter: (prefix this;, class class de.uka.ilkd.key.java.reference.ThisReference) 
18679      DEBUG main            d.u.i.k.j.TypeConverter   typeconverter: (prefix this;, class class de.uka.ilkd.key.java.reference.ThisReference) 
18687      DEBUG main            d.u.i.k.j.TypeConverter   typeconverter: (prefix this;, class class de.uka.ilkd.key.java.reference.ThisReference) 
18708      DEBUG main            d.u.i.k.j.TypeConverter   typeconverter: (prefix this;, class class de.uka.ilkd.key.java.reference.ThisReference) 
18732      DEBUG main            d.u.i.k.j.TypeConverter   typeconverter: (prefix this;, class class de.uka.ilkd.key.java.reference.ThisReference) 
18767      DEBUG main            d.u.i.k.j.TypeConverter   typeconverter: (prefix this;, class class de.uka.ilkd.key.java.reference.ThisReference) 
18790      DEBUG main            d.u.i.k.j.TypeConverter   typeconverter: (prefix this;, class class de.uka.ilkd.key.java.reference.ThisReference) 
18800      DEBUG main            d.u.i.k.j.TypeConverter   TypeConverter: FieldReference: this.password.length; 
18801      DEBUG main            d.u.i.k.j.TypeConverter   typeconverter: (prefix this.password;, class class de.uka.ilkd.key.java.reference.FieldReference) 
18801      DEBUG main            d.u.i.k.j.TypeConverter   TypeConverter: FieldReference: this.password; 
18801      DEBUG main            d.u.i.k.j.TypeConverter   typeconverter: (prefix this;, class class de.uka.ilkd.key.java.reference.ThisReference) 
18801      DEBUG main            d.u.i.k.j.TypeConverter   TypeConverter: FieldReference: this.password; 
18801      DEBUG main            d.u.i.k.j.TypeConverter   typeconverter: (prefix this;, class class de.uka.ilkd.key.java.reference.ThisReference) 
18802      DEBUG main            d.u.i.k.j.TypeConverter   TypeConverter: FieldReference: this.bankAccounts.length; 
18802      DEBUG main            d.u.i.k.j.TypeConverter   typeconverter: (prefix this.bankAccounts;, class class de.uka.ilkd.key.java.reference.FieldReference) 
18802      DEBUG main            d.u.i.k.j.TypeConverter   TypeConverter: FieldReference: this.bankAccounts; 
18802      DEBUG main            d.u.i.k.j.TypeConverter   typeconverter: (prefix this;, class class de.uka.ilkd.key.java.reference.ThisReference) 
18802      DEBUG main            d.u.i.k.j.TypeConverter   TypeConverter: FieldReference: this.bankAccounts; 
18803      DEBUG main            d.u.i.k.j.TypeConverter   typeconverter: (prefix this;, class class de.uka.ilkd.key.java.reference.ThisReference) 
18803      DEBUG main            d.u.i.k.j.TypeConverter   TypeConverter: FieldReference: this.bankAccounts[0].customerViewOnBankAccount; 
18803      DEBUG main            d.u.i.k.j.TypeConverter   typeconverter: (prefix this.bankAccounts[0];, class class de.uka.ilkd.key.java.reference.ArrayReference) 
18803      DEBUG main            d.u.i.k.j.TypeConverter   TypeConverter: FieldReference: this.bankAccounts; 
18803      DEBUG main            d.u.i.k.j.TypeConverter   typeconverter: (prefix this;, class class de.uka.ilkd.key.java.reference.ThisReference) 
18851      DEBUG main            d.u.i.k.j.TypeConverter   typeconverter: (prefix this;, class class de.uka.ilkd.key.java.reference.ThisReference) 
18887      DEBUG main            d.u.i.k.j.TypeConverter   typeconverter: (prefix this;, class class de.uka.ilkd.key.java.reference.ThisReference) 
18921      DEBUG main            d.u.i.k.j.TypeConverter   typeconverter: (prefix this;, class class de.uka.ilkd.key.java.reference.ThisReference) 
18956      DEBUG main            d.u.i.k.j.TypeConverter   typeconverter: (prefix this;, class class de.uka.ilkd.key.java.reference.ThisReference) 
18977      DEBUG main            d.u.i.k.j.TypeConverter   TypeConverter: FieldReference: this.bankAccounts.length; 
18977      DEBUG main            d.u.i.k.j.TypeConverter   typeconverter: (prefix this.bankAccounts;, class class de.uka.ilkd.key.java.reference.FieldReference) 
18977      DEBUG main            d.u.i.k.j.TypeConverter   TypeConverter: FieldReference: this.bankAccounts; 
18977      DEBUG main            d.u.i.k.j.TypeConverter   typeconverter: (prefix this;, class class de.uka.ilkd.key.java.reference.ThisReference) 
18978      DEBUG main            d.u.i.k.j.TypeConverter   TypeConverter: FieldReference: this.bankAccounts; 
18978      DEBUG main            d.u.i.k.j.TypeConverter   typeconverter: (prefix this;, class class de.uka.ilkd.key.java.reference.ThisReference) 
18979      DEBUG main            d.u.i.k.j.TypeConverter   TypeConverter: FieldReference: this.bankAccounts[0].customerViewOnBankAccount; 
18979      DEBUG main            d.u.i.k.j.TypeConverter   typeconverter: (prefix this.bankAccounts[0];, class class de.uka.ilkd.key.java.reference.ArrayReference) 
18979      DEBUG main            d.u.i.k.j.TypeConverter   TypeConverter: FieldReference: this.bankAccounts; 
18979      DEBUG main            d.u.i.k.j.TypeConverter   typeconverter: (prefix this;, class class de.uka.ilkd.key.java.reference.ThisReference) 
19043      DEBUG main            d.u.i.k.j.TypeConverter   typeconverter: (prefix this;, class class de.uka.ilkd.key.java.reference.ThisReference) 
19051      DEBUG main            d.u.i.k.j.TypeConverter   typeconverter: (prefix this;, class class de.uka.ilkd.key.java.reference.ThisReference) 
19157      DEBUG main            d.u.i.k.j.TypeConverter   typeconverter: (prefix this;, class class de.uka.ilkd.key.java.reference.ThisReference) 
19176      DEBUG main            d.u.i.k.j.TypeConverter   typeconverter: (prefix this;, class class de.uka.ilkd.key.java.reference.ThisReference) 
19195      DEBUG main            d.u.i.k.j.TypeConverter   typeconverter: (prefix this;, class class de.uka.ilkd.key.java.reference.ThisReference) 
19216      DEBUG main            d.u.i.k.j.TypeConverter   typeconverter: (prefix this;, class class de.uka.ilkd.key.java.reference.ThisReference) 
19225      DEBUG main            d.u.i.k.j.TypeConverter   TypeConverter: FieldReference: this.password.length; 
19225      DEBUG main            d.u.i.k.j.TypeConverter   typeconverter: (prefix this.password;, class class de.uka.ilkd.key.java.reference.FieldReference) 
19225      DEBUG main            d.u.i.k.j.TypeConverter   TypeConverter: FieldReference: this.password; 
19226      DEBUG main            d.u.i.k.j.TypeConverter   typeconverter: (prefix this;, class class de.uka.ilkd.key.java.reference.ThisReference) 
19227      DEBUG main            d.u.i.k.j.TypeConverter   TypeConverter: FieldReference: this.password; 
19227      DEBUG main            d.u.i.k.j.TypeConverter   typeconverter: (prefix this;, class class de.uka.ilkd.key.java.reference.ThisReference) 
19227      DEBUG main            d.u.i.k.j.TypeConverter   TypeConverter: FieldReference: this.bankAccounts.length; 
19227      DEBUG main            d.u.i.k.j.TypeConverter   typeconverter: (prefix this.bankAccounts;, class class de.uka.ilkd.key.java.reference.FieldReference) 
19227      DEBUG main            d.u.i.k.j.TypeConverter   TypeConverter: FieldReference: this.bankAccounts; 
19227      DEBUG main            d.u.i.k.j.TypeConverter   typeconverter: (prefix this;, class class de.uka.ilkd.key.java.reference.ThisReference) 
19227      DEBUG main            d.u.i.k.j.TypeConverter   TypeConverter: FieldReference: this.bankAccounts; 
19227      DEBUG main            d.u.i.k.j.TypeConverter   typeconverter: (prefix this;, class class de.uka.ilkd.key.java.reference.ThisReference) 
19228      DEBUG main            d.u.i.k.j.TypeConverter   TypeConverter: FieldReference: this.bankAccounts[0].customerViewOnBankAccount; 
19228      DEBUG main            d.u.i.k.j.TypeConverter   typeconverter: (prefix this.bankAccounts[0];, class class de.uka.ilkd.key.java.reference.ArrayReference) 
19228      DEBUG main            d.u.i.k.j.TypeConverter   TypeConverter: FieldReference: this.bankAccounts; 
19228      DEBUG main            d.u.i.k.j.TypeConverter   typeconverter: (prefix this;, class class de.uka.ilkd.key.java.reference.ThisReference) 
19257      DEBUG main            d.u.i.k.j.TypeConverter   typeconverter: (prefix this;, class class de.uka.ilkd.key.java.reference.ThisReference) 
19263      DEBUG main            d.u.i.k.j.TypeConverter   typeconverter: (prefix this;, class class de.uka.ilkd.key.java.reference.ThisReference) 
19290      DEBUG main            d.u.i.k.j.TypeConverter   typeconverter: (prefix this;, class class de.uka.ilkd.key.java.reference.ThisReference) 
19322      DEBUG main            d.u.i.k.j.TypeConverter   typeconverter: (prefix this;, class class de.uka.ilkd.key.java.reference.ThisReference) 
19355      DEBUG main            d.u.i.k.j.TypeConverter   typeconverter: (prefix this;, class class de.uka.ilkd.key.java.reference.ThisReference) 
19375      DEBUG main            d.u.i.k.j.TypeConverter   TypeConverter: FieldReference: this.bankAccounts.length; 
19375      DEBUG main            d.u.i.k.j.TypeConverter   typeconverter: (prefix this.bankAccounts;, class class de.uka.ilkd.key.java.reference.FieldReference) 
19375      DEBUG main            d.u.i.k.j.TypeConverter   TypeConverter: FieldReference: this.bankAccounts; 
19375      DEBUG main            d.u.i.k.j.TypeConverter   typeconverter: (prefix this;, class class de.uka.ilkd.key.java.reference.ThisReference) 
19375      DEBUG main            d.u.i.k.j.TypeConverter   TypeConverter: FieldReference: this.bankAccounts; 
19377      DEBUG main            d.u.i.k.j.TypeConverter   typeconverter: (prefix this;, class class de.uka.ilkd.key.java.reference.ThisReference) 
19377      DEBUG main            d.u.i.k.j.TypeConverter   TypeConverter: FieldReference: this.bankAccounts[0].customerViewOnBankAccount; 
19378      DEBUG main            d.u.i.k.j.TypeConverter   typeconverter: (prefix this.bankAccounts[0];, class class de.uka.ilkd.key.java.reference.ArrayReference) 
19378      DEBUG main            d.u.i.k.j.TypeConverter   TypeConverter: FieldReference: this.bankAccounts; 
19378      DEBUG main            d.u.i.k.j.TypeConverter   typeconverter: (prefix this;, class class de.uka.ilkd.key.java.reference.ThisReference) 
19432      DEBUG main            d.u.i.k.j.TypeConverter   typeconverter: (prefix this;, class class de.uka.ilkd.key.java.reference.ThisReference) 
19520      DEBUG main            d.u.i.k.j.TypeConverter   typeconverter: (prefix this;, class class de.uka.ilkd.key.java.reference.ThisReference) 
20896      DEBUG main            d.u.i.k.j.TypeConverter   typeconverter: (prefix this;, class class de.uka.ilkd.key.java.reference.ThisReference) 
65345      INFO  main            d.u.i.k.p.r.p.TestFile    ... finished proof: closed. 
65627      DEBUG main            d.u.i.k.s.TermLabelSettings TermLabelSettings: Failure while reading the setting "UseOriginLabels".Using the default value: true.The string read was: null 
65627      INFO  main            d.u.i.k.p.r.p.TestFile    Now processing file /home/runner/work/key/key/key.core/../key.ui/examples/InformationFlow/ToyBanking/banking_example.BankAccount(banking_example.BankAccount__depositMoney(int)).Non-interference contract.0.m.key 
66614      DEBUG main            d.u.i.k.j.Recoder2KeY     converting now /home/runner/work/key/key/key.core/../key.ui/examples/InformationFlow/ToyBanking/src/banking_example/UserAccount.java 
66617      DEBUG main            d.u.i.k.j.Recoder2KeY     converting now /home/runner/work/key/key/key.core/../key.ui/examples/InformationFlow/ToyBanking/src/banking_example/Bank.java 
66618      DEBUG main            d.u.i.k.j.Recoder2KeY     converting now /home/runner/work/key/key/key.core/../key.ui/examples/InformationFlow/ToyBanking/src/banking_example/BankAccount.java 
66623      DEBUG main            d.u.i.k.s.TermLabelSettings TermLabelSettings: Failure while reading the setting "UseOriginLabels".Using the default value: true.The string read was: null 
66624      DEBUG main            d.u.i.k.p.i.KeYFile       Reading KeY file /home/runner/work/key/key/key.core/../key.ui/examples/InformationFlow/ToyBanking/banking_example.BankAccount(banking_example.BankAccount__depositMoney(int)).Non-interference contract.0.m.key 
66625      DEBUG main            d.u.i.k.p.i.KeYFile       Reading KeY file file:/home/runner/work/key/key/key.core/build/resources/main/de/uka/ilkd/key/java/JavaRedux/java/lang/String.key 
66627      DEBUG main            d.u.i.k.p.i.KeYFile       Read specifications obtained when parsing the Java files (usually JML and Strings.key) from file:/home/runner/work/key/key/key.core/build/resources/main/de/uka/ilkd/key/java/JavaRedux/java/lang/String.key 
68340      DEBUG main            d.u.i.k.p.i.KeYFile       Read specifications obtained when parsing the Java files (usually JML and Strings.key) from /home/runner/work/key/key/key.core/../key.ui/examples/InformationFlow/ToyBanking/banking_example.BankAccount(banking_example.BankAccount__depositMoney(int)).Non-interference contract.0.m.key 
68407      DEBUG main            d.u.i.k.m.s.ProofScriptEngine 1: 'macro 'infflow-autopilot'' 
68449      DEBUG main            d.u.i.k.p.m.ProofCorrectnessMgt No justification found for rule Class_invariant_axiom_for_banking_example_BankAccount 
68511      DEBUG main            d.u.i.k.j.TypeConverter   typeconverter: (prefix this;, class class de.uka.ilkd.key.java.reference.ThisReference) 
68520      DEBUG main            d.u.i.k.j.TypeConverter   typeconverter: (prefix this;, class class de.uka.ilkd.key.java.reference.ThisReference) 
68532      DEBUG main            d.u.i.k.j.TypeConverter   typeconverter: (prefix this;, class class de.uka.ilkd.key.java.reference.ThisReference) 
68556      DEBUG main            d.u.i.k.j.TypeConverter   typeconverter: (prefix this;, class class de.uka.ilkd.key.java.reference.ThisReference) 
68569      DEBUG main            d.u.i.k.j.TypeConverter   typeconverter: (prefix this;, class class de.uka.ilkd.key.java.reference.ThisReference) 
68572      DEBUG main            d.u.i.k.j.TypeConverter   typeconverter: (prefix this;, class class de.uka.ilkd.key.java.reference.ThisReference) 
68967      INFO  main            d.u.i.k.p.r.p.TestFile    ... finished proof: closed. 
69197      DEBUG main            d.u.i.k.s.TermLabelSettings TermLabelSettings: Failure while reading the setting "UseOriginLabels".Using the default value: true.The string read was: null 
69197      INFO  main            d.u.i.k.p.r.p.TestFile    Now processing file /home/runner/work/key/key/key.core/../key.ui/examples/InformationFlow/ToyBanking/banking_example.BankAccount(banking_example.BankAccount__getBalance()).Non-interference contract.0.m.key 
70097      DEBUG main            d.u.i.k.j.Recoder2KeY     converting now /home/runner/work/key/key/key.core/../key.ui/examples/InformationFlow/ToyBanking/src/banking_example/UserAccount.java 
70099      DEBUG main            d.u.i.k.j.Recoder2KeY     converting now /home/runner/work/key/key/key.core/../key.ui/examples/InformationFlow/ToyBanking/src/banking_example/Bank.java 
70101      DEBUG main            d.u.i.k.j.Recoder2KeY     converting now /home/runner/work/key/key/key.core/../key.ui/examples/InformationFlow/ToyBanking/src/banking_example/BankAccount.java 
70105      DEBUG main            d.u.i.k.s.TermLabelSettings TermLabelSettings: Failure while reading the setting "UseOriginLabels".Using the default value: true.The string read was: null 
70105      DEBUG main            d.u.i.k.p.i.KeYFile       Reading KeY file /home/runner/work/key/key/key.core/../key.ui/examples/InformationFlow/ToyBanking/banking_example.BankAccount(banking_example.BankAccount__getBalance()).Non-interference contract.0.m.key 
70106      DEBUG main            d.u.i.k.p.i.KeYFile       Reading KeY file file:/home/runner/work/key/key/key.core/build/resources/main/de/uka/ilkd/key/java/JavaRedux/java/lang/String.key 
70109      DEBUG main            d.u.i.k.p.i.KeYFile       Read specifications obtained when parsing the Java files (usually JML and Strings.key) from file:/home/runner/work/key/key/key.core/build/resources/main/de/uka/ilkd/key/java/JavaRedux/java/lang/String.key 
71786      DEBUG main            d.u.i.k.p.i.KeYFile       Read specifications obtained when parsing the Java files (usually JML and Strings.key) from /home/runner/work/key/key/key.core/../key.ui/examples/InformationFlow/ToyBanking/banking_example.BankAccount(banking_example.BankAccount__getBalance()).Non-interference contract.0.m.key 
71856      DEBUG main            d.u.i.k.m.s.ProofScriptEngine 1: 'macro 'infflow-autopilot'' 
71896      DEBUG main            d.u.i.k.p.m.ProofCorrectnessMgt No justification found for rule Class_invariant_axiom_for_banking_example_BankAccount 
71901      DEBUG main            d.u.i.k.j.TypeConverter   typeconverter: (prefix this;, class class de.uka.ilkd.key.java.reference.ThisReference) 
72011      INFO  main            d.u.i.k.p.r.p.TestFile    ... finished proof: closed. 
72150      DEBUG main            d.u.i.k.s.TermLabelSettings TermLabelSettings: Failure while reading the setting "UseOriginLabels".Using the default value: true.The string read was: null 
72150      INFO  main            d.u.i.k.p.r.p.TestFile    Now processing file /home/runner/work/key/key/key.core/../key.ui/examples/InformationFlow/ToyBanking/banking_example.BankAccount(banking_example.BankAccount__getId()).Non-interference contract.0.m.key 
73077      DEBUG main            d.u.i.k.j.Recoder2KeY     converting now /home/runner/work/key/key/key.core/../key.ui/examples/InformationFlow/ToyBanking/src/banking_example/UserAccount.java 
73085      DEBUG main            d.u.i.k.j.Recoder2KeY     converting now /home/runner/work/key/key/key.core/../key.ui/examples/InformationFlow/ToyBanking/src/banking_example/Bank.java 
73086      DEBUG main            d.u.i.k.j.Recoder2KeY     converting now /home/runner/work/key/key/key.core/../key.ui/examples/InformationFlow/ToyBanking/src/banking_example/BankAccount.java 
73091      DEBUG main            d.u.i.k.s.TermLabelSettings TermLabelSettings: Failure while reading the setting "UseOriginLabels".Using the default value: true.The string read was: null 
73091      DEBUG main            d.u.i.k.p.i.KeYFile       Reading KeY file /home/runner/work/key/key/key.core/../key.ui/examples/InformationFlow/ToyBanking/banking_example.BankAccount(banking_example.BankAccount__getId()).Non-interference contract.0.m.key 
73092      DEBUG main            d.u.i.k.p.i.KeYFile       Reading KeY file file:/home/runner/work/key/key/key.core/build/resources/main/de/uka/ilkd/key/java/JavaRedux/java/lang/String.key 
73094      DEBUG main            d.u.i.k.p.i.KeYFile       Read specifications obtained when parsing the Java files (usually JML and Strings.key) from file:/home/runner/work/key/key/key.core/build/resources/main/de/uka/ilkd/key/java/JavaRedux/java/lang/String.key 
74798      DEBUG main            d.u.i.k.p.i.KeYFile       Read specifications obtained when parsing the Java files (usually JML and Strings.key) from /home/runner/work/key/key/key.core/../key.ui/examples/InformationFlow/ToyBanking/banking_example.BankAccount(banking_example.BankAccount__getId()).Non-interference contract.0.m.key 
74851      DEBUG main            d.u.i.k.m.s.ProofScriptEngine 1: 'macro 'infflow-autopilot'' 
74889      DEBUG main            d.u.i.k.p.m.ProofCorrectnessMgt No justification found for rule Class_invariant_axiom_for_banking_example_BankAccount 
74892      DEBUG main            d.u.i.k.j.TypeConverter   typeconverter: (prefix this;, class class de.uka.ilkd.key.java.reference.ThisReference) 
75002      INFO  main            d.u.i.k.p.r.p.TestFile    ... finished proof: closed. 
75146      DEBUG main            d.u.i.k.s.TermLabelSettings TermLabelSettings: Failure while reading the setting "UseOriginLabels".Using the default value: true.The string read was: null 
75146      INFO  main            d.u.i.k.p.r.p.TestFile    Now processing file /home/runner/work/key/key/key.core/../key.ui/examples/InformationFlow/ToyBanking/banking_example.Bank(banking_example.Bank__login(int,(C)).Non-interference contract.0.m.key 
76024      DEBUG main            d.u.i.k.j.Recoder2KeY     converting now /home/runner/work/key/key/key.core/../key.ui/examples/InformationFlow/ToyBanking/src/banking_example/UserAccount.java 
76026      DEBUG main            d.u.i.k.j.Recoder2KeY     converting now /home/runner/work/key/key/key.core/../key.ui/examples/InformationFlow/ToyBanking/src/banking_example/Bank.java 
76026      DEBUG main            d.u.i.k.j.Recoder2KeY     converting now /home/runner/work/key/key/key.core/../key.ui/examples/InformationFlow/ToyBanking/src/banking_example/BankAccount.java 
76031      DEBUG main            d.u.i.k.s.TermLabelSettings TermLabelSettings: Failure while reading the setting "UseOriginLabels".Using the default value: true.The string read was: null 
76031      DEBUG main            d.u.i.k.p.i.KeYFile       Reading KeY file /home/runner/work/key/key/key.core/../key.ui/examples/InformationFlow/ToyBanking/banking_example.Bank(banking_example.Bank__login(int,(C)).Non-interference contract.0.m.key 
76032      DEBUG main            d.u.i.k.p.i.KeYFile       Reading KeY file file:/home/runner/work/key/key/key.core/build/resources/main/de/uka/ilkd/key/java/JavaRedux/java/lang/String.key 
76035      DEBUG main            d.u.i.k.p.i.KeYFile       Read specifications obtained when parsing the Java files (usually JML and Strings.key) from file:/home/runner/work/key/key/key.core/build/resources/main/de/uka/ilkd/key/java/JavaRedux/java/lang/String.key 
77741      DEBUG main            d.u.i.k.p.i.KeYFile       Read specifications obtained when parsing the Java files (usually JML and Strings.key) from /home/runner/work/key/key/key.core/../key.ui/examples/InformationFlow/ToyBanking/banking_example.Bank(banking_example.Bank__login(int,(C)).Non-interference contract.0.m.key 
77821      DEBUG main            d.u.i.k.m.s.ProofScriptEngine 1: 'macro 'infflow-autopilot'' 
77861      DEBUG main            d.u.i.k.p.m.ProofCorrectnessMgt No justification found for rule Class_invariant_axiom_for_banking_example_Bank 
77907      DEBUG main            d.u.i.k.j.TypeConverter   typeconverter: (prefix this;, class class de.uka.ilkd.key.java.reference.ThisReference) 
77933      DEBUG main            d.u.i.k.j.TypeConverter   typeconverter: (prefix this;, class class de.uka.ilkd.key.java.reference.ThisReference) 
78129      DEBUG main            d.u.i.k.j.TypeConverter   typeconverter: (prefix this;, class class de.uka.ilkd.key.java.reference.ThisReference) 
78889      DEBUG main            d.u.i.k.p.m.ProofCorrectnessMgt No justification found for rule Partial_inv_axiom_for_JML_class_invariant_nr_13_in_UserAccount 
79012      DEBUG main            d.u.i.k.p.m.ProofCorrectnessMgt No justification found for rule Partial_inv_axiom_for_JML_class_invariant_nr_9_in_UserAccount_EQ 
79020      DEBUG main            d.u.i.k.p.m.ProofCorrectnessMgt No justification found for rule Partial_inv_axiom_for_JML_class_invariant_nr_13_in_UserAccount_EQ 
79043      DEBUG main            d.u.i.k.p.m.ProofCorrectnessMgt No justification found for rule Partial_inv_axiom_for_JML_class_invariant_nr_9_in_UserAccount 
79049      DEBUG main            d.u.i.k.p.m.ProofCorrectnessMgt No justification found for rule Partial_inv_axiom_for_JML_class_invariant_nr_11_in_UserAccount 
79114      DEBUG main            d.u.i.k.p.m.ProofCorrectnessMgt No justification found for rule Partial_inv_axiom_for_JML_class_invariant_nr_15_in_UserAccount 
79123      DEBUG main            d.u.i.k.p.m.ProofCorrectnessMgt No justification found for rule Partial_inv_axiom_for_JML_class_invariant_nr_11_in_UserAccount_EQ 
79140      DEBUG main            d.u.i.k.p.m.ProofCorrectnessMgt No justification found for rule Partial_inv_axiom_for_JML_class_invariant_nr_15_in_UserAccount_EQ 
79153      DEBUG main            d.u.i.k.p.m.ProofCorrectnessMgt No justification found for rule Partial_inv_axiom_for_JML_class_invariant_nr_13_in_UserAccount 
80224      DEBUG main            d.u.i.k.p.m.ProofCorrectnessMgt No justification found for rule Partial_inv_axiom_for_JML_class_invariant_nr_15_in_UserAccount 
80249      DEBUG main            d.u.i.k.p.m.ProofCorrectnessMgt No justification found for rule Partial_inv_axiom_for_JML_class_invariant_nr_13_in_UserAccount 
80396      DEBUG main            d.u.i.k.p.m.ProofCorrectnessMgt No justification found for rule Partial_inv_axiom_for_JML_class_invariant_nr_15_in_UserAccount 
80530      DEBUG main            d.u.i.k.p.m.ProofCorrectnessMgt No justification found for rule Partial_inv_axiom_for_JML_class_invariant_nr_9_in_UserAccount 
80536      DEBUG main            d.u.i.k.p.m.ProofCorrectnessMgt No justification found for rule Partial_inv_axiom_for_JML_class_invariant_nr_11_in_UserAccount 
81068      DEBUG main            d.u.i.k.p.m.ProofCorrectnessMgt No justification found for rule Partial_inv_axiom_for_JML_class_invariant_nr_13_in_UserAccount 
218441     INFO  main            d.u.i.k.p.r.p.TestFile    ... finished proof: open goal(s) 
218766     DEBUG main            d.u.i.k.s.TermLabelSettings TermLabelSettings: Failure while reading the setting "UseOriginLabels".Using the default value: true.The string read was: null 
218766     INFO  main            d.u.i.k.p.r.p.TestFile    Now processing file /home/runner/work/key/key/key.core/../key.ui/examples/InformationFlow/ToyBanking/banking_example2.UserAccount(banking_example2.UserAccount__getBankAccount(int)).Non-interference contract.0.m.key 
219664     DEBUG main            d.u.i.k.j.Recoder2KeY     converting now /home/runner/work/key/key/key.core/../key.ui/examples/InformationFlow/ToyBanking/src/banking_example2/UserAccount.java 
219670     DEBUG main            d.u.i.k.j.Recoder2KeY     converting now /home/runner/work/key/key/key.core/../key.ui/examples/InformationFlow/ToyBanking/src/banking_example2/Bank.java 
219672     DEBUG main            d.u.i.k.j.Recoder2KeY     converting now /home/runner/work/key/key/key.core/../key.ui/examples/InformationFlow/ToyBanking/src/banking_example2/BankAccount.java 
219676     DEBUG main            d.u.i.k.s.TermLabelSettings TermLabelSettings: Failure while reading the setting "UseOriginLabels".Using the default value: true.The string read was: null 
219676     DEBUG main            d.u.i.k.p.i.KeYFile       Reading KeY file /home/runner/work/key/key/key.core/../key.ui/examples/InformationFlow/ToyBanking/banking_example2.UserAccount(banking_example2.UserAccount__getBankAccount(int)).Non-interference contract.0.m.key 
219677     DEBUG main            d.u.i.k.p.i.KeYFile       Reading KeY file file:/home/runner/work/key/key/key.core/build/resources/main/de/uka/ilkd/key/java/JavaRedux/java/lang/String.key 
219680     DEBUG main            d.u.i.k.p.i.KeYFile       Read specifications obtained when parsing the Java files (usually JML and Strings.key) from file:/home/runner/work/key/key/key.core/build/resources/main/de/uka/ilkd/key/java/JavaRedux/java/lang/String.key 
221294     DEBUG main            d.u.i.k.p.i.KeYFile       Read specifications obtained when parsing the Java files (usually JML and Strings.key) from /home/runner/work/key/key/key.core/../key.ui/examples/InformationFlow/ToyBanking/banking_example2.UserAccount(banking_example2.UserAccount__getBankAccount(int)).Non-interference contract.0.m.key 
221358     DEBUG main            d.u.i.k.m.s.ProofScriptEngine 1: 'macro 'infflow-autopilot'' 
221401     DEBUG main            d.u.i.k.p.m.ProofCorrectnessMgt No justification found for rule Class_invariant_axiom_for_banking_example2_UserAccount 
221430     DEBUG main            d.u.i.k.j.TypeConverter   typeconverter: (prefix this;, class class de.uka.ilkd.key.java.reference.ThisReference) 
221449     DEBUG main            d.u.i.k.j.TypeConverter   typeconverter: (prefix this;, class class de.uka.ilkd.key.java.reference.ThisReference) 
223237     INFO  main            d.u.i.k.p.r.p.TestFile    ... finished proof: closed. 
223645     DEBUG main            d.u.i.k.s.TermLabelSettings TermLabelSettings: Failure while reading the setting "UseOriginLabels".Using the default value: true.The string read was: null 
223645     INFO  main            d.u.i.k.p.r.p.TestFile    Now processing file /home/runner/work/key/key/key.core/../key.ui/examples/InformationFlow/ToyBanking/banking_example2.UserAccount(banking_example2.UserAccount__tryLogin(int,(C)).Non-interference contract.0.m.key 
224512     DEBUG main            d.u.i.k.j.Recoder2KeY     converting now /home/runner/work/key/key/key.core/../key.ui/examples/InformationFlow/ToyBanking/src/banking_example2/UserAccount.java 
224514     DEBUG main            d.u.i.k.j.Recoder2KeY     converting now /home/runner/work/key/key/key.core/../key.ui/examples/InformationFlow/ToyBanking/src/banking_example2/Bank.java 
224515     DEBUG main            d.u.i.k.j.Recoder2KeY     converting now /home/runner/work/key/key/key.core/../key.ui/examples/InformationFlow/ToyBanking/src/banking_example2/BankAccount.java 
224519     DEBUG main            d.u.i.k.s.TermLabelSettings TermLabelSettings: Failure while reading the setting "UseOriginLabels".Using the default value: true.The string read was: null 
224519     DEBUG main            d.u.i.k.p.i.KeYFile       Reading KeY file /home/runner/work/key/key/key.core/../key.ui/examples/InformationFlow/ToyBanking/banking_example2.UserAccount(banking_example2.UserAccount__tryLogin(int,(C)).Non-interference contract.0.m.key 
224520     DEBUG main            d.u.i.k.p.i.KeYFile       Reading KeY file file:/home/runner/work/key/key/key.core/build/resources/main/de/uka/ilkd/key/java/JavaRedux/java/lang/String.key 
224523     DEBUG main            d.u.i.k.p.i.KeYFile       Read specifications obtained when parsing the Java files (usually JML and Strings.key) from file:/home/runner/work/key/key/key.core/build/resources/main/de/uka/ilkd/key/java/JavaRedux/java/lang/String.key 
226161     DEBUG main            d.u.i.k.p.i.KeYFile       Read specifications obtained when parsing the Java files (usually JML and Strings.key) from /home/runner/work/key/key/key.core/../key.ui/examples/InformationFlow/ToyBanking/banking_example2.UserAccount(banking_example2.UserAccount__tryLogin(int,(C)).Non-interference contract.0.m.key 
226235     DEBUG main            d.u.i.k.m.s.ProofScriptEngine 1: 'macro 'infflow-autopilot'' 
226275     DEBUG main            d.u.i.k.p.m.ProofCorrectnessMgt No justification found for rule Class_invariant_axiom_for_banking_example2_UserAccount 
226300     DEBUG main            d.u.i.k.j.TypeConverter   typeconverter: (prefix this;, class class de.uka.ilkd.key.java.reference.ThisReference) 
226327     DEBUG main            d.u.i.k.j.TypeConverter   typeconverter: (prefix this;, class class de.uka.ilkd.key.java.reference.ThisReference) 
226357     DEBUG main            d.u.i.k.r.m.WhileLoopTransformation While-Loop-Tranform-Result: {
  int i = 0;
  while (i < _password.length && pwdCorrect) {
    {
      pwdCorrect = (this.password[i] == _password[i]);
    }
    i++;
  }
} 
226397     DEBUG main            d.u.i.k.r.m.WhileLoopTransformation While-Loop-Tranform-Result: try {
  {
    if (i < _password.length && pwdCorrect) {
      {
        pwdCorrect = (this.password[i] == _password[i]);
      }
      i++;
    }
  }
} catch (java.lang.Throwable e#4) {
  exc#3 = true;
  thrownExc#5 = e#4;
} 
226472     DEBUG main            d.u.i.k.j.TypeConverter   typeconverter: (prefix this;, class class de.uka.ilkd.key.java.reference.ThisReference) 
227413     DEBUG main            d.u.i.k.j.TypeConverter   typeconverter: (prefix this;, class class de.uka.ilkd.key.java.reference.ThisReference) 
227454     DEBUG main            d.u.i.k.j.TypeConverter   typeconverter: (prefix this;, class class de.uka.ilkd.key.java.reference.ThisReference) 
227472     DEBUG main            d.u.i.k.j.TypeConverter   typeconverter: (prefix this;, class class de.uka.ilkd.key.java.reference.ThisReference) 
227489     DEBUG main            d.u.i.k.j.TypeConverter   typeconverter: (prefix this;, class class de.uka.ilkd.key.java.reference.ThisReference) 
227508     DEBUG main            d.u.i.k.j.TypeConverter   typeconverter: (prefix this;, class class de.uka.ilkd.key.java.reference.ThisReference) 
227516     DEBUG main            d.u.i.k.j.TypeConverter   TypeConverter: FieldReference: this.password.length; 
227516     DEBUG main            d.u.i.k.j.TypeConverter   typeconverter: (prefix this.password;, class class de.uka.ilkd.key.java.reference.FieldReference) 
227516     DEBUG main            d.u.i.k.j.TypeConverter   TypeConverter: FieldReference: this.password; 
227517     DEBUG main            d.u.i.k.j.TypeConverter   typeconverter: (prefix this;, class class de.uka.ilkd.key.java.reference.ThisReference) 
227517     DEBUG main            d.u.i.k.j.TypeConverter   TypeConverter: FieldReference: this.password; 
227517     DEBUG main            d.u.i.k.j.TypeConverter   typeconverter: (prefix this;, class class de.uka.ilkd.key.java.reference.ThisReference) 
227517     DEBUG main            d.u.i.k.j.TypeConverter   TypeConverter: FieldReference: this.bankAccounts.length; 
227517     DEBUG main            d.u.i.k.j.TypeConverter   typeconverter: (prefix this.bankAccounts;, class class de.uka.ilkd.key.java.reference.FieldReference) 
227517     DEBUG main            d.u.i.k.j.TypeConverter   TypeConverter: FieldReference: this.bankAccounts; 
227517     DEBUG main            d.u.i.k.j.TypeConverter   typeconverter: (prefix this;, class class de.uka.ilkd.key.java.reference.ThisReference) 
227517     DEBUG main            d.u.i.k.j.TypeConverter   TypeConverter: FieldReference: this.bankAccounts; 
227517     DEBUG main            d.u.i.k.j.TypeConverter   typeconverter: (prefix this;, class class de.uka.ilkd.key.java.reference.ThisReference) 
227517     DEBUG main            d.u.i.k.j.TypeConverter   TypeConverter: FieldReference: this.bankAccounts[0].customerViewOnBankAccount; 
227517     DEBUG main            d.u.i.k.j.TypeConverter   typeconverter: (prefix this.bankAccounts[0];, class class de.uka.ilkd.key.java.reference.ArrayReference) 
227517     DEBUG main            d.u.i.k.j.TypeConverter   TypeConverter: FieldReference: this.bankAccounts; 
227517     DEBUG main            d.u.i.k.j.TypeConverter   typeconverter: (prefix this;, class class de.uka.ilkd.key.java.reference.ThisReference) 
227543     DEBUG main            d.u.i.k.j.TypeConverter   typeconverter: (prefix this;, class class de.uka.ilkd.key.java.reference.ThisReference) 
227549     DEBUG main            d.u.i.k.j.TypeConverter   typeconverter: (prefix this;, class class de.uka.ilkd.key.java.reference.ThisReference) 
227559     DEBUG main            d.u.i.k.j.TypeConverter   typeconverter: (prefix this;, class class de.uka.ilkd.key.java.reference.ThisReference) 
227579     DEBUG main            d.u.i.k.j.TypeConverter   typeconverter: (prefix this;, class class de.uka.ilkd.key.java.reference.ThisReference) 
227609     DEBUG main            d.u.i.k.j.TypeConverter   typeconverter: (prefix this;, class class de.uka.ilkd.key.java.reference.ThisReference) 
227640     DEBUG main            d.u.i.k.j.TypeConverter   typeconverter: (prefix this;, class class de.uka.ilkd.key.java.reference.ThisReference) 
227660     DEBUG main            d.u.i.k.j.TypeConverter   TypeConverter: FieldReference: this.bankAccounts.length; 
227660     DEBUG main            d.u.i.k.j.TypeConverter   typeconverter: (prefix this.bankAccounts;, class class de.uka.ilkd.key.java.reference.FieldReference) 
227660     DEBUG main            d.u.i.k.j.TypeConverter   TypeConverter: FieldReference: this.bankAccounts; 
227660     DEBUG main            d.u.i.k.j.TypeConverter   typeconverter: (prefix this;, class class de.uka.ilkd.key.java.reference.ThisReference) 
227660     DEBUG main            d.u.i.k.j.TypeConverter   TypeConverter: FieldReference: this.bankAccounts; 
227660     DEBUG main            d.u.i.k.j.TypeConverter   typeconverter: (prefix this;, class class de.uka.ilkd.key.java.reference.ThisReference) 
227660     DEBUG main            d.u.i.k.j.TypeConverter   TypeConverter: FieldReference: this.bankAccounts[0].customerViewOnBankAccount; 
227660     DEBUG main            d.u.i.k.j.TypeConverter   typeconverter: (prefix this.bankAccounts[0];, class class de.uka.ilkd.key.java.reference.ArrayReference) 
227660     DEBUG main            d.u.i.k.j.TypeConverter   TypeConverter: FieldReference: this.bankAccounts; 
227660     DEBUG main            d.u.i.k.j.TypeConverter   typeconverter: (prefix this;, class class de.uka.ilkd.key.java.reference.ThisReference) 
227707     DEBUG main            d.u.i.k.j.TypeConverter   typeconverter: (prefix this;, class class de.uka.ilkd.key.java.reference.ThisReference) 
227808     DEBUG main            d.u.i.k.j.TypeConverter   typeconverter: (prefix this;, class class de.uka.ilkd.key.java.reference.ThisReference) 
227817     DEBUG main            d.u.i.k.j.TypeConverter   typeconverter: (prefix this;, class class de.uka.ilkd.key.java.reference.ThisReference) 
227823     DEBUG main            d.u.i.k.j.TypeConverter   typeconverter: (prefix this;, class class de.uka.ilkd.key.java.reference.ThisReference) 
227836     DEBUG main            d.u.i.k.j.TypeConverter   typeconverter: (prefix this;, class class de.uka.ilkd.key.java.reference.ThisReference) 
227854     DEBUG main            d.u.i.k.j.TypeConverter   typeconverter: (prefix this;, class class de.uka.ilkd.key.java.reference.ThisReference) 
227880     DEBUG main            d.u.i.k.j.TypeConverter   typeconverter: (prefix this;, class class de.uka.ilkd.key.java.reference.ThisReference) 
227900     DEBUG main            d.u.i.k.j.TypeConverter   typeconverter: (prefix this;, class class de.uka.ilkd.key.java.reference.ThisReference) 
227910     DEBUG main            d.u.i.k.j.TypeConverter   TypeConverter: FieldReference: this.password.length; 
227910     DEBUG main            d.u.i.k.j.TypeConverter   typeconverter: (prefix this.password;, class class de.uka.ilkd.key.java.reference.FieldReference) 
227910     DEBUG main            d.u.i.k.j.TypeConverter   TypeConverter: FieldReference: this.password; 
227910     DEBUG main            d.u.i.k.j.TypeConverter   typeconverter: (prefix this;, class class de.uka.ilkd.key.java.reference.ThisReference) 
227910     DEBUG main            d.u.i.k.j.TypeConverter   TypeConverter: FieldReference: this.password; 
227911     DEBUG main            d.u.i.k.j.TypeConverter   typeconverter: (prefix this;, class class de.uka.ilkd.key.java.reference.ThisReference) 
227911     DEBUG main            d.u.i.k.j.TypeConverter   TypeConverter: FieldReference: this.bankAccounts.length; 
227911     DEBUG main            d.u.i.k.j.TypeConverter   typeconverter: (prefix this.bankAccounts;, class class de.uka.ilkd.key.java.reference.FieldReference) 
227911     DEBUG main            d.u.i.k.j.TypeConverter   TypeConverter: FieldReference: this.bankAccounts; 
227911     DEBUG main            d.u.i.k.j.TypeConverter   typeconverter: (prefix this;, class class de.uka.ilkd.key.java.reference.ThisReference) 
227911     DEBUG main            d.u.i.k.j.TypeConverter   TypeConverter: FieldReference: this.bankAccounts; 
227911     DEBUG main            d.u.i.k.j.TypeConverter   typeconverter: (prefix this;, class class de.uka.ilkd.key.java.reference.ThisReference) 
227911     DEBUG main            d.u.i.k.j.TypeConverter   TypeConverter: FieldReference: this.bankAccounts[0].customerViewOnBankAccount; 
227911     DEBUG main            d.u.i.k.j.TypeConverter   typeconverter: (prefix this.bankAccounts[0];, class class de.uka.ilkd.key.java.reference.ArrayReference) 
227911     DEBUG main            d.u.i.k.j.TypeConverter   TypeConverter: FieldReference: this.bankAccounts; 
227911     DEBUG main            d.u.i.k.j.TypeConverter   typeconverter: (prefix this;, class class de.uka.ilkd.key.java.reference.ThisReference) 
227953     DEBUG main            d.u.i.k.j.TypeConverter   typeconverter: (prefix this;, class class de.uka.ilkd.key.java.reference.ThisReference) 
228035     DEBUG main            d.u.i.k.j.TypeConverter   typeconverter: (prefix this;, class class de.uka.ilkd.key.java.reference.ThisReference) 
228066     DEBUG main            d.u.i.k.j.TypeConverter   typeconverter: (prefix this;, class class de.uka.ilkd.key.java.reference.ThisReference) 
228100     DEBUG main            d.u.i.k.j.TypeConverter   typeconverter: (prefix this;, class class de.uka.ilkd.key.java.reference.ThisReference) 
228121     DEBUG main            d.u.i.k.j.TypeConverter   TypeConverter: FieldReference: this.bankAccounts.length; 
228121     DEBUG main            d.u.i.k.j.TypeConverter   typeconverter: (prefix this.bankAccounts;, class class de.uka.ilkd.key.java.reference.FieldReference) 
228121     DEBUG main            d.u.i.k.j.TypeConverter   TypeConverter: FieldReference: this.bankAccounts; 
228121     DEBUG main            d.u.i.k.j.TypeConverter   typeconverter: (prefix this;, class class de.uka.ilkd.key.java.reference.ThisReference) 
228121     DEBUG main            d.u.i.k.j.TypeConverter   TypeConverter: FieldReference: this.bankAccounts; 
228121     DEBUG main            d.u.i.k.j.TypeConverter   typeconverter: (prefix this;, class class de.uka.ilkd.key.java.reference.ThisReference) 
228121     DEBUG main            d.u.i.k.j.TypeConverter   TypeConverter: FieldReference: this.bankAccounts[0].customerViewOnBankAccount; 
228121     DEBUG main            d.u.i.k.j.TypeConverter   typeconverter: (prefix this.bankAccounts[0];, class class de.uka.ilkd.key.java.reference.ArrayReference) 
228121     DEBUG main            d.u.i.k.j.TypeConverter   TypeConverter: FieldReference: this.bankAccounts; 
228121     DEBUG main            d.u.i.k.j.TypeConverter   typeconverter: (prefix this;, class class de.uka.ilkd.key.java.reference.ThisReference) 
228184     DEBUG main            d.u.i.k.j.TypeConverter   typeconverter: (prefix this;, class class de.uka.ilkd.key.java.reference.ThisReference) 
228192     DEBUG main            d.u.i.k.j.TypeConverter   typeconverter: (prefix this;, class class de.uka.ilkd.key.java.reference.ThisReference) 
228250     DEBUG main            d.u.i.k.j.TypeConverter   typeconverter: (prefix this;, class class de.uka.ilkd.key.java.reference.ThisReference) 
228269     DEBUG main            d.u.i.k.j.TypeConverter   typeconverter: (prefix this;, class class de.uka.ilkd.key.java.reference.ThisReference) 
228286     DEBUG main            d.u.i.k.j.TypeConverter   typeconverter: (prefix this;, class class de.uka.ilkd.key.java.reference.ThisReference) 
228310     DEBUG main            d.u.i.k.j.TypeConverter   typeconverter: (prefix this;, class class de.uka.ilkd.key.java.reference.ThisReference) 
228328     DEBUG main            d.u.i.k.j.TypeConverter   typeconverter: (prefix this;, class class de.uka.ilkd.key.java.reference.ThisReference) 
228337     DEBUG main            d.u.i.k.j.TypeConverter   TypeConverter: FieldReference: this.password.length; 
228337     DEBUG main            d.u.i.k.j.TypeConverter   typeconverter: (prefix this.password;, class class de.uka.ilkd.key.java.reference.FieldReference) 
228337     DEBUG main            d.u.i.k.j.TypeConverter   TypeConverter: FieldReference: this.password; 
228337     DEBUG main            d.u.i.k.j.TypeConverter   typeconverter: (prefix this;, class class de.uka.ilkd.key.java.reference.ThisReference) 
228337     DEBUG main            d.u.i.k.j.TypeConverter   TypeConverter: FieldReference: this.password; 
228337     DEBUG main            d.u.i.k.j.TypeConverter   typeconverter: (prefix this;, class class de.uka.ilkd.key.java.reference.ThisReference) 
228337     DEBUG main            d.u.i.k.j.TypeConverter   TypeConverter: FieldReference: this.bankAccounts.length; 
228337     DEBUG main            d.u.i.k.j.TypeConverter   typeconverter: (prefix this.bankAccounts;, class class de.uka.ilkd.key.java.reference.FieldReference) 
228337     DEBUG main            d.u.i.k.j.TypeConverter   TypeConverter: FieldReference: this.bankAccounts; 
228337     DEBUG main            d.u.i.k.j.TypeConverter   typeconverter: (prefix this;, class class de.uka.ilkd.key.java.reference.ThisReference) 
228337     DEBUG main            d.u.i.k.j.TypeConverter   TypeConverter: FieldReference: this.bankAccounts; 
228337     DEBUG main            d.u.i.k.j.TypeConverter   typeconverter: (prefix this;, class class de.uka.ilkd.key.java.reference.ThisReference) 
228338     DEBUG main            d.u.i.k.j.TypeConverter   TypeConverter: FieldReference: this.bankAccounts[0].customerViewOnBankAccount; 
228338     DEBUG main            d.u.i.k.j.TypeConverter   typeconverter: (prefix this.bankAccounts[0];, class class de.uka.ilkd.key.java.reference.ArrayReference) 
228338     DEBUG main            d.u.i.k.j.TypeConverter   TypeConverter: FieldReference: this.bankAccounts; 
228338     DEBUG main            d.u.i.k.j.TypeConverter   typeconverter: (prefix this;, class class de.uka.ilkd.key.java.reference.ThisReference) 
228375     DEBUG main            d.u.i.k.j.TypeConverter   typeconverter: (prefix this;, class class de.uka.ilkd.key.java.reference.ThisReference) 
228381     DEBUG main            d.u.i.k.j.TypeConverter   typeconverter: (prefix this;, class class de.uka.ilkd.key.java.reference.ThisReference) 
228390     DEBUG main            d.u.i.k.j.TypeConverter   typeconverter: (prefix this;, class class de.uka.ilkd.key.java.reference.ThisReference) 
228409     DEBUG main            d.u.i.k.j.TypeConverter   typeconverter: (prefix this;, class class de.uka.ilkd.key.java.reference.ThisReference) 
228439     DEBUG main            d.u.i.k.j.TypeConverter   typeconverter: (prefix this;, class class de.uka.ilkd.key.java.reference.ThisReference) 
228472     DEBUG main            d.u.i.k.j.TypeConverter   typeconverter: (prefix this;, class class de.uka.ilkd.key.java.reference.ThisReference) 
228491     DEBUG main            d.u.i.k.j.TypeConverter   TypeConverter: FieldReference: this.bankAccounts.length; 
228492     DEBUG main            d.u.i.k.j.TypeConverter   typeconverter: (prefix this.bankAccounts;, class class de.uka.ilkd.key.java.reference.FieldReference) 
228492     DEBUG main            d.u.i.k.j.TypeConverter   TypeConverter: FieldReference: this.bankAccounts; 
228492     DEBUG main            d.u.i.k.j.TypeConverter   typeconverter: (prefix this;, class class de.uka.ilkd.key.java.reference.ThisReference) 
228492     DEBUG main            d.u.i.k.j.TypeConverter   TypeConverter: FieldReference: this.bankAccounts; 
228492     DEBUG main            d.u.i.k.j.TypeConverter   typeconverter: (prefix this;, class class de.uka.ilkd.key.java.reference.ThisReference) 
228492     DEBUG main            d.u.i.k.j.TypeConverter   TypeConverter: FieldReference: this.bankAccounts[0].customerViewOnBankAccount; 
228492     DEBUG main            d.u.i.k.j.TypeConverter   typeconverter: (prefix this.bankAccounts[0];, class class de.uka.ilkd.key.java.reference.ArrayReference) 
228492     DEBUG main            d.u.i.k.j.TypeConverter   TypeConverter: FieldReference: this.bankAccounts; 
228492     DEBUG main            d.u.i.k.j.TypeConverter   typeconverter: (prefix this;, class class de.uka.ilkd.key.java.reference.ThisReference) 
228552     DEBUG main            d.u.i.k.j.TypeConverter   typeconverter: (prefix this;, class class de.uka.ilkd.key.java.reference.ThisReference) 
228639     DEBUG main            d.u.i.k.j.TypeConverter   typeconverter: (prefix this;, class class de.uka.ilkd.key.java.reference.ThisReference) 
228652     DEBUG main            d.u.i.k.j.TypeConverter   typeconverter: (prefix this;, class class de.uka.ilkd.key.java.reference.ThisReference) 
228668     DEBUG main            d.u.i.k.j.TypeConverter   typeconverter: (prefix this;, class class de.uka.ilkd.key.java.reference.ThisReference) 
228685     DEBUG main            d.u.i.k.j.TypeConverter   typeconverter: (prefix this;, class class de.uka.ilkd.key.java.reference.ThisReference) 
228703     DEBUG main            d.u.i.k.j.TypeConverter   typeconverter: (prefix this;, class class de.uka.ilkd.key.java.reference.ThisReference) 
228710     DEBUG main            d.u.i.k.j.TypeConverter   TypeConverter: FieldReference: this.password.length; 
228711     DEBUG main            d.u.i.k.j.TypeConverter   typeconverter: (prefix this.password;, class class de.uka.ilkd.key.java.reference.FieldReference) 
228711     DEBUG main            d.u.i.k.j.TypeConverter   TypeConverter: FieldReference: this.password; 
228711     DEBUG main            d.u.i.k.j.TypeConverter   typeconverter: (prefix this;, class class de.uka.ilkd.key.java.reference.ThisReference) 
228711     DEBUG main            d.u.i.k.j.TypeConverter   TypeConverter: FieldReference: this.password; 
228711     DEBUG main            d.u.i.k.j.TypeConverter   typeconverter: (prefix this;, class class de.uka.ilkd.key.java.reference.ThisReference) 
228711     DEBUG main            d.u.i.k.j.TypeConverter   TypeConverter: FieldReference: this.bankAccounts.length; 
228711     DEBUG main            d.u.i.k.j.TypeConverter   typeconverter: (prefix this.bankAccounts;, class class de.uka.ilkd.key.java.reference.FieldReference) 
228711     DEBUG main            d.u.i.k.j.TypeConverter   TypeConverter: FieldReference: this.bankAccounts; 
228711     DEBUG main            d.u.i.k.j.TypeConverter   typeconverter: (prefix this;, class class de.uka.ilkd.key.java.reference.ThisReference) 
228711     DEBUG main            d.u.i.k.j.TypeConverter   TypeConverter: FieldReference: this.bankAccounts; 
228711     DEBUG main            d.u.i.k.j.TypeConverter   typeconverter: (prefix this;, class class de.uka.ilkd.key.java.reference.ThisReference) 
228711     DEBUG main            d.u.i.k.j.TypeConverter   TypeConverter: FieldReference: this.bankAccounts[0].customerViewOnBankAccount; 
228711     DEBUG main            d.u.i.k.j.TypeConverter   typeconverter: (prefix this.bankAccounts[0];, class class de.uka.ilkd.key.java.reference.ArrayReference) 
228711     DEBUG main            d.u.i.k.j.TypeConverter   TypeConverter: FieldReference: this.bankAccounts; 
228711     DEBUG main            d.u.i.k.j.TypeConverter   typeconverter: (prefix this;, class class de.uka.ilkd.key.java.reference.ThisReference) 
228736     DEBUG main            d.u.i.k.j.TypeConverter   typeconverter: (prefix this;, class class de.uka.ilkd.key.java.reference.ThisReference) 
228754     DEBUG main            d.u.i.k.j.TypeConverter   typeconverter: (prefix this;, class class de.uka.ilkd.key.java.reference.ThisReference) 
228774     DEBUG main            d.u.i.k.j.TypeConverter   typeconverter: (prefix this;, class class de.uka.ilkd.key.java.reference.ThisReference) 
228803     DEBUG main            d.u.i.k.j.TypeConverter   typeconverter: (prefix this;, class class de.uka.ilkd.key.java.reference.ThisReference) 
228904     DEBUG main            d.u.i.k.j.TypeConverter   typeconverter: (prefix this;, class class de.uka.ilkd.key.java.reference.ThisReference) 
228922     DEBUG main            d.u.i.k.j.TypeConverter   TypeConverter: FieldReference: this.bankAccounts.length; 
228922     DEBUG main            d.u.i.k.j.TypeConverter   typeconverter: (prefix this.bankAccounts;, class class de.uka.ilkd.key.java.reference.FieldReference) 
228922     DEBUG main            d.u.i.k.j.TypeConverter   TypeConverter: FieldReference: this.bankAccounts; 
228922     DEBUG main            d.u.i.k.j.TypeConverter   typeconverter: (prefix this;, class class de.uka.ilkd.key.java.reference.ThisReference) 
228922     DEBUG main            d.u.i.k.j.TypeConverter   TypeConverter: FieldReference: this.bankAccounts; 
228922     DEBUG main            d.u.i.k.j.TypeConverter   typeconverter: (prefix this;, class class de.uka.ilkd.key.java.reference.ThisReference) 
228922     DEBUG main            d.u.i.k.j.TypeConverter   TypeConverter: FieldReference: this.bankAccounts[0].customerViewOnBankAccount; 
228922     DEBUG main            d.u.i.k.j.TypeConverter   typeconverter: (prefix this.bankAccounts[0];, class class de.uka.ilkd.key.java.reference.ArrayReference) 
228922     DEBUG main            d.u.i.k.j.TypeConverter   TypeConverter: FieldReference: this.bankAccounts; 
228923     DEBUG main            d.u.i.k.j.TypeConverter   typeconverter: (prefix this;, class class de.uka.ilkd.key.java.reference.ThisReference) 
228966     DEBUG main            d.u.i.k.j.TypeConverter   typeconverter: (prefix this;, class class de.uka.ilkd.key.java.reference.ThisReference) 
230139     DEBUG main            d.u.i.k.j.TypeConverter   typeconverter: (prefix this;, class class de.uka.ilkd.key.java.reference.ThisReference) 
238703     INFO  main            d.u.i.k.p.r.p.TestFile    ... finished proof: closed. 
238937     DEBUG main            d.u.i.k.s.TermLabelSettings TermLabelSettings: Failure while reading the setting "UseOriginLabels".Using the default value: true.The string read was: null 
238937     INFO  main            d.u.i.k.p.r.p.TestFile    Now processing file /home/runner/work/key/key/key.core/../key.ui/examples/InformationFlow/ToyBanking/banking_example2.BankAccount(banking_example2.BankAccount__depositMoney(int)).Non-interference contract.0.m.key 
239810     DEBUG main            d.u.i.k.j.Recoder2KeY     converting now /home/runner/work/key/key/key.core/../key.ui/examples/InformationFlow/ToyBanking/src/banking_example2/UserAccount.java 
239812     DEBUG main            d.u.i.k.j.Recoder2KeY     converting now /home/runner/work/key/key/key.core/../key.ui/examples/InformationFlow/ToyBanking/src/banking_example2/Bank.java 
239813     DEBUG main            d.u.i.k.j.Recoder2KeY     converting now /home/runner/work/key/key/key.core/../key.ui/examples/InformationFlow/ToyBanking/src/banking_example2/BankAccount.java 
239817     DEBUG main            d.u.i.k.s.TermLabelSettings TermLabelSettings: Failure while reading the setting "UseOriginLabels".Using the default value: true.The string read was: null 
239817     DEBUG main            d.u.i.k.p.i.KeYFile       Reading KeY file /home/runner/work/key/key/key.core/../key.ui/examples/InformationFlow/ToyBanking/banking_example2.BankAccount(banking_example2.BankAccount__depositMoney(int)).Non-interference contract.0.m.key 
239818     DEBUG main            d.u.i.k.p.i.KeYFile       Reading KeY file file:/home/runner/work/key/key/key.core/build/resources/main/de/uka/ilkd/key/java/JavaRedux/java/lang/String.key 
239820     DEBUG main            d.u.i.k.p.i.KeYFile       Read specifications obtained when parsing the Java files (usually JML and Strings.key) from file:/home/runner/work/key/key/key.core/build/resources/main/de/uka/ilkd/key/java/JavaRedux/java/lang/String.key 
241448     DEBUG main            d.u.i.k.p.i.KeYFile       Read specifications obtained when parsing the Java files (usually JML and Strings.key) from /home/runner/work/key/key/key.core/../key.ui/examples/InformationFlow/ToyBanking/banking_example2.BankAccount(banking_example2.BankAccount__depositMoney(int)).Non-interference contract.0.m.key 
241496     DEBUG main            d.u.i.k.m.s.ProofScriptEngine 1: 'macro 'infflow-autopilot'' 
241528     DEBUG main            d.u.i.k.p.m.ProofCorrectnessMgt No justification found for rule Class_invariant_axiom_for_banking_example2_BankAccount 
241583     DEBUG main            d.u.i.k.j.TypeConverter   typeconverter: (prefix this;, class class de.uka.ilkd.key.java.reference.ThisReference) 
241591     DEBUG main            d.u.i.k.j.TypeConverter   typeconverter: (prefix this;, class class de.uka.ilkd.key.java.reference.ThisReference) 
241602     DEBUG main            d.u.i.k.j.TypeConverter   typeconverter: (prefix this;, class class de.uka.ilkd.key.java.reference.ThisReference) 
241621     DEBUG main            d.u.i.k.j.TypeConverter   typeconverter: (prefix this;, class class de.uka.ilkd.key.java.reference.ThisReference) 
241633     DEBUG main            d.u.i.k.j.TypeConverter   typeconverter: (prefix this;, class class de.uka.ilkd.key.java.reference.ThisReference) 
241637     DEBUG main            d.u.i.k.j.TypeConverter   typeconverter: (prefix this;, class class de.uka.ilkd.key.java.reference.ThisReference) 
242017     INFO  main            d.u.i.k.p.r.p.TestFile    ... finished proof: closed. 
242209     DEBUG main            d.u.i.k.s.TermLabelSettings TermLabelSettings: Failure while reading the setting "UseOriginLabels".Using the default value: true.The string read was: null 
242209     INFO  main            d.u.i.k.p.r.p.TestFile    Now processing file /home/runner/work/key/key/key.core/../key.ui/examples/InformationFlow/ToyBanking/banking_example2.BankAccount(banking_example2.BankAccount__getBalance()).Non-interference contract.0.m.key 
243070     DEBUG main            d.u.i.k.j.Recoder2KeY     converting now /home/runner/work/key/key/key.core/../key.ui/examples/InformationFlow/ToyBanking/src/banking_example2/UserAccount.java 
243072     DEBUG main            d.u.i.k.j.Recoder2KeY     converting now /home/runner/work/key/key/key.core/../key.ui/examples/InformationFlow/ToyBanking/src/banking_example2/Bank.java 
243073     DEBUG main            d.u.i.k.j.Recoder2KeY     converting now /home/runner/work/key/key/key.core/../key.ui/examples/InformationFlow/ToyBanking/src/banking_example2/BankAccount.java 
243077     DEBUG main            d.u.i.k.s.TermLabelSettings TermLabelSettings: Failure while reading the setting "UseOriginLabels".Using the default value: true.The string read was: null 
243077     DEBUG main            d.u.i.k.p.i.KeYFile       Reading KeY file /home/runner/work/key/key/key.core/../key.ui/examples/InformationFlow/ToyBanking/banking_example2.BankAccount(banking_example2.BankAccount__getBalance()).Non-interference contract.0.m.key 
243078     DEBUG main            d.u.i.k.p.i.KeYFile       Reading KeY file file:/home/runner/work/key/key/key.core/build/resources/main/de/uka/ilkd/key/java/JavaRedux/java/lang/String.key 
243081     DEBUG main            d.u.i.k.p.i.KeYFile       Read specifications obtained when parsing the Java files (usually JML and Strings.key) from file:/home/runner/work/key/key/key.core/build/resources/main/de/uka/ilkd/key/java/JavaRedux/java/lang/String.key 
244709     DEBUG main            d.u.i.k.p.i.KeYFile       Read specifications obtained when parsing the Java files (usually JML and Strings.key) from /home/runner/work/key/key/key.core/../key.ui/examples/InformationFlow/ToyBanking/banking_example2.BankAccount(banking_example2.BankAccount__getBalance()).Non-interference contract.0.m.key 
244753     DEBUG main            d.u.i.k.m.s.ProofScriptEngine 1: 'macro 'infflow-autopilot'' 
244781     DEBUG main            d.u.i.k.p.m.ProofCorrectnessMgt No justification found for rule Class_invariant_axiom_for_banking_example2_BankAccount 
244784     DEBUG main            d.u.i.k.j.TypeConverter   typeconverter: (prefix this;, class class de.uka.ilkd.key.java.reference.ThisReference) 
244876     INFO  main            d.u.i.k.p.r.p.TestFile    ... finished proof: closed. 
245037     DEBUG main            d.u.i.k.s.TermLabelSettings TermLabelSettings: Failure while reading the setting "UseOriginLabels".Using the default value: true.The string read was: null 
245037     INFO  main            d.u.i.k.p.r.p.TestFile    Now processing file /home/runner/work/key/key/key.core/../key.ui/examples/InformationFlow/ToyBanking/banking_example2.BankAccount(banking_example2.BankAccount__getId()).Non-interference contract.0.m.key 
245936     DEBUG main            d.u.i.k.j.Recoder2KeY     converting now /home/runner/work/key/key/key.core/../key.ui/examples/InformationFlow/ToyBanking/src/banking_example2/UserAccount.java 
245938     DEBUG main            d.u.i.k.j.Recoder2KeY     converting now /home/runner/work/key/key/key.core/../key.ui/examples/InformationFlow/ToyBanking/src/banking_example2/Bank.java 
245938     DEBUG main            d.u.i.k.j.Recoder2KeY     converting now /home/runner/work/key/key/key.core/../key.ui/examples/InformationFlow/ToyBanking/src/banking_example2/BankAccount.java 
245942     DEBUG main            d.u.i.k.s.TermLabelSettings TermLabelSettings: Failure while reading the setting "UseOriginLabels".Using the default value: true.The string read was: null 
245942     DEBUG main            d.u.i.k.p.i.KeYFile       Reading KeY file /home/runner/work/key/key/key.core/../key.ui/examples/InformationFlow/ToyBanking/banking_example2.BankAccount(banking_example2.BankAccount__getId()).Non-interference contract.0.m.key 
245943     DEBUG main            d.u.i.k.p.i.KeYFile       Reading KeY file file:/home/runner/work/key/key/key.core/build/resources/main/de/uka/ilkd/key/java/JavaRedux/java/lang/String.key 
245946     DEBUG main            d.u.i.k.p.i.KeYFile       Read specifications obtained when parsing the Java files (usually JML and Strings.key) from file:/home/runner/work/key/key/key.core/build/resources/main/de/uka/ilkd/key/java/JavaRedux/java/lang/String.key 
247538     DEBUG main            d.u.i.k.p.i.KeYFile       Read specifications obtained when parsing the Java files (usually JML and Strings.key) from /home/runner/work/key/key/key.core/../key.ui/examples/InformationFlow/ToyBanking/banking_example2.BankAccount(banking_example2.BankAccount__getId()).Non-interference contract.0.m.key 
247581     DEBUG main            d.u.i.k.m.s.ProofScriptEngine 1: 'macro 'infflow-autopilot'' 
247630     DEBUG main            d.u.i.k.p.m.ProofCorrectnessMgt No justification found for rule Class_invariant_axiom_for_banking_example2_BankAccount 
247633     DEBUG main            d.u.i.k.j.TypeConverter   typeconverter: (prefix this;, class class de.uka.ilkd.key.java.reference.ThisReference) 
247724     INFO  main            d.u.i.k.p.r.p.TestFile    ... finished proof: closed. 
1730660    INFO  Test worker     d.u.i.k.p.r.RunAllProofsTestUnit Returning from test ToyBanking_fullmacro 
1730661    INFO  Test worker     d.u.i.k.p.r.RunAllProofsTestUnit Running test BlockContracts_fullmacro 
339        INFO  Timeout watchdog d.u.i.k.p.r.p.ForkedTestFileRunner Timeout watcher launched (1000 secs.) 
352        WARN  main            d.u.i.k.s.ProofSettings   The settings in /home/runner/.key/proof-settings.props are *not* read. 
392        DEBUG main            d.u.i.k.s.TermLabelSettings TermLabelSettings: Failure while reading the setting "UseOriginLabels".Using the default value: true.The string read was: null 
392        INFO  main            d.u.i.k.p.r.p.TestFile    Now processing file /home/runner/work/key/key/key.core/../key.ui/examples/InformationFlow/BlockContracts/contract.IFBlockExamples(contract.IFBlockExamples__secure_5()).Non-interference contract.0.m.key 
1028       DEBUG main            d.u.i.k.p.i.KeYFile       Reading KeY file file:/home/runner/work/key/key/key.core/build/resources/main/de/uka/ilkd/key/proof/rules/ldt.key 
1028       DEBUG main            d.u.i.k.p.i.KeYFile       Read specifications obtained when parsing the Java files (usually JML and Strings.key) from file:/home/runner/work/key/key/key.core/build/resources/main/de/uka/ilkd/key/proof/rules/ldt.key 
1036       DEBUG main            d.u.i.k.p.i.KeYFile       Reading KeY file file:/home/runner/work/key/key/key.core/build/resources/main/de/uka/ilkd/key/proof/rules/propRule.key 
1036       DEBUG main            d.u.i.k.p.i.KeYFile       Read specifications obtained when parsing the Java files (usually JML and Strings.key) from file:/home/runner/work/key/key/key.core/build/resources/main/de/uka/ilkd/key/proof/rules/propRule.key 
1096       DEBUG main            d.u.i.k.p.i.KeYFile       Reading KeY file file:/home/runner/work/key/key/key.core/build/resources/main/de/uka/ilkd/key/proof/rules/firstOrderRules.key 
1096       DEBUG main            d.u.i.k.p.i.KeYFile       Read specifications obtained when parsing the Java files (usually JML and Strings.key) from file:/home/runner/work/key/key/key.core/build/resources/main/de/uka/ilkd/key/proof/rules/firstOrderRules.key 
1149       DEBUG main            d.u.i.k.p.i.KeYFile       Reading KeY file file:/home/runner/work/key/key/key.core/build/resources/main/de/uka/ilkd/key/proof/rules/ifThenElseRules.key 
1150       DEBUG main            d.u.i.k.p.i.KeYFile       Read specifications obtained when parsing the Java files (usually JML and Strings.key) from file:/home/runner/work/key/key/key.core/build/resources/main/de/uka/ilkd/key/proof/rules/ifThenElseRules.key 
1299       DEBUG main            d.u.i.k.p.i.KeYFile       Reading KeY file file:/home/runner/work/key/key/key.core/build/resources/main/de/uka/ilkd/key/proof/rules/formulaNormalisationRules.key 
1300       DEBUG main            d.u.i.k.p.i.KeYFile       Read specifications obtained when parsing the Java files (usually JML and Strings.key) from file:/home/runner/work/key/key/key.core/build/resources/main/de/uka/ilkd/key/proof/rules/formulaNormalisationRules.key 
1398       DEBUG main            d.u.i.k.p.i.KeYFile       Reading KeY file file:/home/runner/work/key/key/key.core/build/resources/main/de/uka/ilkd/key/proof/rules/updateRules.key 
1398       DEBUG main            d.u.i.k.p.i.KeYFile       Read specifications obtained when parsing the Java files (usually JML and Strings.key) from file:/home/runner/work/key/key/key.core/build/resources/main/de/uka/ilkd/key/proof/rules/updateRules.key 
1420       DEBUG main            d.u.i.k.p.i.KeYFile       Reading KeY file file:/home/runner/work/key/key/key.core/build/resources/main/de/uka/ilkd/key/proof/rules/integerRulesCommon.key 
1420       DEBUG main            d.u.i.k.p.i.KeYFile       Read specifications obtained when parsing the Java files (usually JML and Strings.key) from file:/home/runner/work/key/key/key.core/build/resources/main/de/uka/ilkd/key/proof/rules/integerRulesCommon.key 
1536       DEBUG main            d.u.i.k.p.i.KeYFile       Reading KeY file file:/home/runner/work/key/key/key.core/build/resources/main/de/uka/ilkd/key/proof/rules/intRules.key 
1537       DEBUG main            d.u.i.k.p.i.KeYFile       Read specifications obtained when parsing the Java files (usually JML and Strings.key) from file:/home/runner/work/key/key/key.core/build/resources/main/de/uka/ilkd/key/proof/rules/intRules.key 
1563       DEBUG main            d.u.i.k.p.i.KeYFile       Reading KeY file file:/home/runner/work/key/key/key.core/build/resources/main/de/uka/ilkd/key/proof/rules/intRulesUncheckedSemantics.key 
1567       DEBUG main            d.u.i.k.p.i.KeYFile       Read specifications obtained when parsing the Java files (usually JML and Strings.key) from file:/home/runner/work/key/key/key.core/build/resources/main/de/uka/ilkd/key/proof/rules/intRulesUncheckedSemantics.key 
1576       DEBUG main            d.u.i.k.p.i.KeYFile       Reading KeY file file:/home/runner/work/key/key/key.core/build/resources/main/de/uka/ilkd/key/proof/rules/intRulesCheckedSemantics.key 
1577       DEBUG main            d.u.i.k.p.i.KeYFile       Read specifications obtained when parsing the Java files (usually JML and Strings.key) from file:/home/runner/work/key/key/key.core/build/resources/main/de/uka/ilkd/key/proof/rules/intRulesCheckedSemantics.key 
1590       DEBUG main            d.u.i.k.p.i.KeYFile       Reading KeY file file:/home/runner/work/key/key/key.core/build/resources/main/de/uka/ilkd/key/proof/rules/intRulesJavaSemantics.key 
1591       DEBUG main            d.u.i.k.p.i.KeYFile       Read specifications obtained when parsing the Java files (usually JML and Strings.key) from file:/home/runner/work/key/key/key.core/build/resources/main/de/uka/ilkd/key/proof/rules/intRulesJavaSemantics.key 
1733       DEBUG main            d.u.i.k.p.i.KeYFile       Reading KeY file file:/home/runner/work/key/key/key.core/build/resources/main/de/uka/ilkd/key/proof/rules/integerSimplificationRules.key 
1734       DEBUG main            d.u.i.k.p.i.KeYFile       Read specifications obtained when parsing the Java files (usually JML and Strings.key) from file:/home/runner/work/key/key/key.core/build/resources/main/de/uka/ilkd/key/proof/rules/integerSimplificationRules.key 
1807       DEBUG main            d.u.i.k.j.TypeConverter   No LDT found for Meta 
1807       DEBUG main            d.u.i.k.j.TypeConverter   No LDT found for Meta 
1810       DEBUG main            d.u.i.k.j.TypeConverter   No LDT found for Meta 
1810       DEBUG main            d.u.i.k.j.TypeConverter   No LDT found for Meta 
1849       DEBUG main            d.u.i.k.p.i.KeYFile       Reading KeY file file:/home/runner/work/key/key/key.core/build/resources/main/de/uka/ilkd/key/proof/rules/intDiv.key 
1849       DEBUG main            d.u.i.k.p.i.KeYFile       Read specifications obtained when parsing the Java files (usually JML and Strings.key) from file:/home/runner/work/key/key/key.core/build/resources/main/de/uka/ilkd/key/proof/rules/intDiv.key 
1936       DEBUG main            d.u.i.k.p.i.KeYFile       Reading KeY file file:/home/runner/work/key/key/key.core/build/resources/main/de/uka/ilkd/key/proof/rules/bsum.key 
1936       DEBUG main            d.u.i.k.p.i.KeYFile       Read specifications obtained when parsing the Java files (usually JML and Strings.key) from file:/home/runner/work/key/key/key.core/build/resources/main/de/uka/ilkd/key/proof/rules/bsum.key 
1984       DEBUG main            d.u.i.k.p.i.KeYFile       Reading KeY file file:/home/runner/work/key/key/key.core/build/resources/main/de/uka/ilkd/key/proof/rules/bprod.key 
1985       DEBUG main            d.u.i.k.p.i.KeYFile       Read specifications obtained when parsing the Java files (usually JML and Strings.key) from file:/home/runner/work/key/key/key.core/build/resources/main/de/uka/ilkd/key/proof/rules/bprod.key 
1997       DEBUG main            d.u.i.k.p.i.KeYFile       Reading KeY file file:/home/runner/work/key/key/key.core/build/resources/main/de/uka/ilkd/key/proof/rules/binaryAxioms.key 
1999       DEBUG main            d.u.i.k.p.i.KeYFile       Read specifications obtained when parsing the Java files (usually JML and Strings.key) from file:/home/runner/work/key/key/key.core/build/resources/main/de/uka/ilkd/key/proof/rules/binaryAxioms.key 
2004       DEBUG main            d.u.i.k.p.i.KeYFile       Reading KeY file file:/home/runner/work/key/key/key.core/build/resources/main/de/uka/ilkd/key/proof/rules/binaryLemmas.key 
2004       DEBUG main            d.u.i.k.p.i.KeYFile       Read specifications obtained when parsing the Java files (usually JML and Strings.key) from file:/home/runner/work/key/key/key.core/build/resources/main/de/uka/ilkd/key/proof/rules/binaryLemmas.key 
2017       DEBUG main            d.u.i.k.p.i.KeYFile       Reading KeY file file:/home/runner/work/key/key/key.core/build/resources/main/de/uka/ilkd/key/proof/rules/intPow.key 
2018       DEBUG main            d.u.i.k.p.i.KeYFile       Read specifications obtained when parsing the Java files (usually JML and Strings.key) from file:/home/runner/work/key/key/key.core/build/resources/main/de/uka/ilkd/key/proof/rules/intPow.key 
2035       DEBUG main            d.u.i.k.p.i.KeYFile       Reading KeY file file:/home/runner/work/key/key/key.core/build/resources/main/de/uka/ilkd/key/proof/rules/floatRulesCommon.key 
2036       DEBUG main            d.u.i.k.p.i.KeYFile       Read specifications obtained when parsing the Java files (usually JML and Strings.key) from file:/home/runner/work/key/key/key.core/build/resources/main/de/uka/ilkd/key/proof/rules/floatRulesCommon.key 
2050       DEBUG main            d.u.i.k.p.i.KeYFile       Reading KeY file file:/home/runner/work/key/key/key.core/build/resources/main/de/uka/ilkd/key/proof/rules/floatRules.key 
2050       DEBUG main            d.u.i.k.p.i.KeYFile       Read specifications obtained when parsing the Java files (usually JML and Strings.key) from file:/home/runner/work/key/key/key.core/build/resources/main/de/uka/ilkd/key/proof/rules/floatRules.key 
2051       DEBUG main            d.u.i.k.p.i.KeYFile       Reading KeY file file:/home/runner/work/key/key/key.core/build/resources/main/de/uka/ilkd/key/proof/rules/floatRulesVerifyNormal.key 
2052       DEBUG main            d.u.i.k.p.i.KeYFile       Read specifications obtained when parsing the Java files (usually JML and Strings.key) from file:/home/runner/work/key/key/key.core/build/resources/main/de/uka/ilkd/key/proof/rules/floatRulesVerifyNormal.key 
2056       DEBUG main            d.u.i.k.p.i.KeYFile       Reading KeY file file:/home/runner/work/key/key/key.core/build/resources/main/de/uka/ilkd/key/proof/rules/floatRulesAssumeStrictfp.key 
2056       DEBUG main            d.u.i.k.p.i.KeYFile       Read specifications obtained when parsing the Java files (usually JML and Strings.key) from file:/home/runner/work/key/key/key.core/build/resources/main/de/uka/ilkd/key/proof/rules/floatRulesAssumeStrictfp.key 
2106       DEBUG main            d.u.i.k.p.i.KeYFile       Reading KeY file file:/home/runner/work/key/key/key.core/build/resources/main/de/uka/ilkd/key/proof/rules/genericRules.key 
2106       DEBUG main            d.u.i.k.p.i.KeYFile       Read specifications obtained when parsing the Java files (usually JML and Strings.key) from file:/home/runner/work/key/key/key.core/build/resources/main/de/uka/ilkd/key/proof/rules/genericRules.key 
2116       DEBUG main            d.u.i.k.p.i.KeYFile       Reading KeY file file:/home/runner/work/key/key/key.core/build/resources/main/de/uka/ilkd/key/proof/rules/booleanRules.key 
2117       DEBUG main            d.u.i.k.p.i.KeYFile       Read specifications obtained when parsing the Java files (usually JML and Strings.key) from file:/home/runner/work/key/key/key.core/build/resources/main/de/uka/ilkd/key/proof/rules/booleanRules.key 
2120       DEBUG main            d.u.i.k.p.i.KeYFile       Reading KeY file file:/home/runner/work/key/key/key.core/build/resources/main/de/uka/ilkd/key/proof/rules/epsilon.key 
2120       DEBUG main            d.u.i.k.p.i.KeYFile       Read specifications obtained when parsing the Java files (usually JML and Strings.key) from file:/home/runner/work/key/key/key.core/build/resources/main/de/uka/ilkd/key/proof/rules/epsilon.key 
2140       DEBUG main            d.u.i.k.p.i.KeYFile       Reading KeY file file:/home/runner/work/key/key/key.core/build/resources/main/de/uka/ilkd/key/proof/rules/locSetsRules.key 
2140       DEBUG main            d.u.i.k.p.i.KeYFile       Read specifications obtained when parsing the Java files (usually JML and Strings.key) from file:/home/runner/work/key/key/key.core/build/resources/main/de/uka/ilkd/key/proof/rules/locSetsRules.key 
2183       DEBUG main            d.u.i.k.p.i.KeYFile       Reading KeY file file:/home/runner/work/key/key/key.core/build/resources/main/de/uka/ilkd/key/proof/rules/heapRules.key 
2183       DEBUG main            d.u.i.k.p.i.KeYFile       Read specifications obtained when parsing the Java files (usually JML and Strings.key) from file:/home/runner/work/key/key/key.core/build/resources/main/de/uka/ilkd/key/proof/rules/heapRules.key 
2213       DEBUG main            d.u.i.k.p.i.KeYFile       Reading KeY file file:/home/runner/work/key/key/key.core/build/resources/main/de/uka/ilkd/key/proof/rules/permissionRules.key 
2214       DEBUG main            d.u.i.k.p.i.KeYFile       Read specifications obtained when parsing the Java files (usually JML and Strings.key) from file:/home/runner/work/key/key/key.core/build/resources/main/de/uka/ilkd/key/proof/rules/permissionRules.key 
2260       DEBUG main            d.u.i.k.p.i.KeYFile       Reading KeY file file:/home/runner/work/key/key/key.core/build/resources/main/de/uka/ilkd/key/proof/rules/reachRules.key 
2260       DEBUG main            d.u.i.k.p.i.KeYFile       Read specifications obtained when parsing the Java files (usually JML and Strings.key) from file:/home/runner/work/key/key/key.core/build/resources/main/de/uka/ilkd/key/proof/rules/reachRules.key 
2270       DEBUG main            d.u.i.k.p.i.KeYFile       Reading KeY file file:/home/runner/work/key/key/key.core/build/resources/main/de/uka/ilkd/key/proof/rules/seqCoreRules.key 
2270       DEBUG main            d.u.i.k.p.i.KeYFile       Read specifications obtained when parsing the Java files (usually JML and Strings.key) from file:/home/runner/work/key/key/key.core/build/resources/main/de/uka/ilkd/key/proof/rules/seqCoreRules.key 
2288       DEBUG main            d.u.i.k.p.i.KeYFile       Reading KeY file file:/home/runner/work/key/key/key.core/build/resources/main/de/uka/ilkd/key/proof/rules/seqRules.key 
2288       DEBUG main            d.u.i.k.p.i.KeYFile       Read specifications obtained when parsing the Java files (usually JML and Strings.key) from file:/home/runner/work/key/key/key.core/build/resources/main/de/uka/ilkd/key/proof/rules/seqRules.key 
2317       DEBUG main            d.u.i.k.p.i.KeYFile       Reading KeY file file:/home/runner/work/key/key/key.core/build/resources/main/de/uka/ilkd/key/proof/rules/seqPerm.key 
2317       DEBUG main            d.u.i.k.p.i.KeYFile       Read specifications obtained when parsing the Java files (usually JML and Strings.key) from file:/home/runner/work/key/key/key.core/build/resources/main/de/uka/ilkd/key/proof/rules/seqPerm.key 
2331       DEBUG main            d.u.i.k.p.i.KeYFile       Reading KeY file file:/home/runner/work/key/key/key.core/build/resources/main/de/uka/ilkd/key/proof/rules/seqPerm2.key 
2331       DEBUG main            d.u.i.k.p.i.KeYFile       Read specifications obtained when parsing the Java files (usually JML and Strings.key) from file:/home/runner/work/key/key/key.core/build/resources/main/de/uka/ilkd/key/proof/rules/seqPerm2.key 
2435       DEBUG main            d.u.i.k.p.i.KeYFile       Reading KeY file file:/home/runner/work/key/key/key.core/build/resources/main/de/uka/ilkd/key/proof/rules/assertions.key 
2436       DEBUG main            d.u.i.k.p.i.KeYFile       Read specifications obtained when parsing the Java files (usually JML and Strings.key) from file:/home/runner/work/key/key/key.core/build/resources/main/de/uka/ilkd/key/proof/rules/assertions.key 
2460       DEBUG main            d.u.i.k.p.i.KeYFile       Reading KeY file file:/home/runner/work/key/key/key.core/build/resources/main/de/uka/ilkd/key/proof/rules/javaRules.key 
2462       DEBUG main            d.u.i.k.p.i.KeYFile       Read specifications obtained when parsing the Java files (usually JML and Strings.key) from file:/home/runner/work/key/key/key.core/build/resources/main/de/uka/ilkd/key/proof/rules/javaRules.key 
2873       DEBUG main            d.u.i.k.p.i.KeYFile       Reading KeY file file:/home/runner/work/key/key/key.core/build/resources/main/de/uka/ilkd/key/proof/rules/loopRules.key 
2874       DEBUG main            d.u.i.k.p.i.KeYFile       Read specifications obtained when parsing the Java files (usually JML and Strings.key) from file:/home/runner/work/key/key/key.core/build/resources/main/de/uka/ilkd/key/proof/rules/loopRules.key 
2910       DEBUG main            d.u.i.k.p.i.KeYFile       Reading KeY file file:/home/runner/work/key/key/key.core/build/resources/main/de/uka/ilkd/key/proof/rules/activeUse.key 
2910       DEBUG main            d.u.i.k.p.i.KeYFile       Read specifications obtained when parsing the Java files (usually JML and Strings.key) from file:/home/runner/work/key/key/key.core/build/resources/main/de/uka/ilkd/key/proof/rules/activeUse.key 
2961       DEBUG main            d.u.i.k.p.i.KeYFile       Reading KeY file file:/home/runner/work/key/key/key.core/build/resources/main/de/uka/ilkd/key/proof/rules/instanceAllocation.key 
2962       DEBUG main            d.u.i.k.p.i.KeYFile       Read specifications obtained when parsing the Java files (usually JML and Strings.key) from file:/home/runner/work/key/key/key.core/build/resources/main/de/uka/ilkd/key/proof/rules/instanceAllocation.key 
2971       DEBUG main            d.u.i.k.p.i.KeYFile       Reading KeY file file:/home/runner/work/key/key/key.core/build/resources/main/de/uka/ilkd/key/proof/rules/java5.key 
2972       DEBUG main            d.u.i.k.p.i.KeYFile       Read specifications obtained when parsing the Java files (usually JML and Strings.key) from file:/home/runner/work/key/key/key.core/build/resources/main/de/uka/ilkd/key/proof/rules/java5.key 
2980       DEBUG main            d.u.i.k.p.i.KeYFile       Reading KeY file file:/home/runner/work/key/key/key.core/build/resources/main/de/uka/ilkd/key/proof/rules/integerAssignment2UpdateRules.key 
2980       DEBUG main            d.u.i.k.p.i.KeYFile       Read specifications obtained when parsing the Java files (usually JML and Strings.key) from file:/home/runner/work/key/key/key.core/build/resources/main/de/uka/ilkd/key/proof/rules/integerAssignment2UpdateRules.key 
3008       DEBUG main            d.u.i.k.p.i.KeYFile       Reading KeY file file:/home/runner/work/key/key/key.core/build/resources/main/de/uka/ilkd/key/proof/rules/floatAssignment2UpdateRules.key 
3009       DEBUG main            d.u.i.k.p.i.KeYFile       Read specifications obtained when parsing the Java files (usually JML and Strings.key) from file:/home/runner/work/key/key/key.core/build/resources/main/de/uka/ilkd/key/proof/rules/floatAssignment2UpdateRules.key 
3027       DEBUG main            d.u.i.k.p.i.KeYFile       Reading KeY file file:/home/runner/work/key/key/key.core/build/resources/main/de/uka/ilkd/key/proof/rules/bigint.key 
3028       DEBUG main            d.u.i.k.p.i.KeYFile       Read specifications obtained when parsing the Java files (usually JML and Strings.key) from file:/home/runner/work/key/key/key.core/build/resources/main/de/uka/ilkd/key/proof/rules/bigint.key 
3035       DEBUG main            d.u.i.k.j.TypeConverter   No LDT found for JavaBigintExpression 
3041       DEBUG main            d.u.i.k.p.i.KeYFile       Reading KeY file file:/home/runner/work/key/key/key.core/build/resources/main/de/uka/ilkd/key/proof/rules/adtProgramDecompositionRules.key 
3041       DEBUG main            d.u.i.k.p.i.KeYFile       Read specifications obtained when parsing the Java files (usually JML and Strings.key) from file:/home/runner/work/key/key/key.core/build/resources/main/de/uka/ilkd/key/proof/rules/adtProgramDecompositionRules.key 
3054       DEBUG main            d.u.i.k.p.i.KeYFile       Reading KeY file file:/home/runner/work/key/key/key.core/build/resources/main/de/uka/ilkd/key/proof/rules/precRules.key 
3054       DEBUG main            d.u.i.k.p.i.KeYFile       Read specifications obtained when parsing the Java files (usually JML and Strings.key) from file:/home/runner/work/key/key/key.core/build/resources/main/de/uka/ilkd/key/proof/rules/precRules.key 
3063       DEBUG main            d.u.i.k.p.i.KeYFile       Reading KeY file file:/home/runner/work/key/key/key.core/build/resources/main/de/uka/ilkd/key/proof/rules/charListRules.key 
3063       DEBUG main            d.u.i.k.p.i.KeYFile       Read specifications obtained when parsing the Java files (usually JML and Strings.key) from file:/home/runner/work/key/key/key.core/build/resources/main/de/uka/ilkd/key/proof/rules/charListRules.key 
3071       DEBUG main            d.u.i.k.p.i.KeYFile       Reading KeY file file:/home/runner/work/key/key/key.core/build/resources/main/de/uka/ilkd/key/proof/rules/regExHeader.key 
3072       DEBUG main            d.u.i.k.p.i.KeYFile       Read specifications obtained when parsing the Java files (usually JML and Strings.key) from file:/home/runner/work/key/key/key.core/build/resources/main/de/uka/ilkd/key/proof/rules/regExHeader.key 
3074       DEBUG main            d.u.i.k.p.i.KeYFile       Reading KeY file file:/home/runner/work/key/key/key.core/build/resources/main/de/uka/ilkd/key/proof/rules/regExAxioms.key 
3074       DEBUG main            d.u.i.k.p.i.KeYFile       Read specifications obtained when parsing the Java files (usually JML and Strings.key) from file:/home/runner/work/key/key/key.core/build/resources/main/de/uka/ilkd/key/proof/rules/regExAxioms.key 
3078       DEBUG main            d.u.i.k.p.i.KeYFile       Reading KeY file file:/home/runner/work/key/key/key.core/build/resources/main/de/uka/ilkd/key/proof/rules/regExLemmaProven.key 
3079       DEBUG main            d.u.i.k.p.i.KeYFile       Read specifications obtained when parsing the Java files (usually JML and Strings.key) from file:/home/runner/work/key/key/key.core/build/resources/main/de/uka/ilkd/key/proof/rules/regExLemmaProven.key 
3082       DEBUG main            d.u.i.k.p.i.KeYFile       Reading KeY file file:/home/runner/work/key/key/key.core/build/resources/main/de/uka/ilkd/key/proof/rules/regExTheory.key 
3082       DEBUG main            d.u.i.k.p.i.KeYFile       Read specifications obtained when parsing the Java files (usually JML and Strings.key) from file:/home/runner/work/key/key/key.core/build/resources/main/de/uka/ilkd/key/proof/rules/regExTheory.key 
3086       DEBUG main            d.u.i.k.p.i.KeYFile       Reading KeY file file:/home/runner/work/key/key/key.core/build/resources/main/de/uka/ilkd/key/proof/rules/seqEq.key 
3086       DEBUG main            d.u.i.k.p.i.KeYFile       Read specifications obtained when parsing the Java files (usually JML and Strings.key) from file:/home/runner/work/key/key/key.core/build/resources/main/de/uka/ilkd/key/proof/rules/seqEq.key 
3094       DEBUG main            d.u.i.k.p.i.KeYFile       Reading KeY file file:/home/runner/work/key/key/key.core/build/resources/main/de/uka/ilkd/key/proof/rules/infFlow.key 
3095       DEBUG main            d.u.i.k.p.i.KeYFile       Read specifications obtained when parsing the Java files (usually JML and Strings.key) from file:/home/runner/work/key/key/key.core/build/resources/main/de/uka/ilkd/key/proof/rules/infFlow.key 
3098       DEBUG main            d.u.i.k.p.i.KeYFile       Reading KeY file file:/home/runner/work/key/key/key.core/build/resources/main/de/uka/ilkd/key/proof/rules/mapSize.key 
3099       DEBUG main            d.u.i.k.p.i.KeYFile       Read specifications obtained when parsing the Java files (usually JML and Strings.key) from file:/home/runner/work/key/key/key.core/build/resources/main/de/uka/ilkd/key/proof/rules/mapSize.key 
3104       DEBUG main            d.u.i.k.p.i.KeYFile       Reading KeY file file:/home/runner/work/key/key/key.core/build/resources/main/de/uka/ilkd/key/proof/rules/wdHeader.key 
3105       DEBUG main            d.u.i.k.p.i.KeYFile       Read specifications obtained when parsing the Java files (usually JML and Strings.key) from file:/home/runner/work/key/key/key.core/build/resources/main/de/uka/ilkd/key/proof/rules/wdHeader.key 
3107       DEBUG main            d.u.i.k.p.i.KeYFile       Reading KeY file file:/home/runner/work/key/key/key.core/build/resources/main/de/uka/ilkd/key/proof/rules/wdGeneralRules.key 
3107       DEBUG main            d.u.i.k.p.i.KeYFile       Read specifications obtained when parsing the Java files (usually JML and Strings.key) from file:/home/runner/work/key/key/key.core/build/resources/main/de/uka/ilkd/key/proof/rules/wdGeneralRules.key 
3142       DEBUG main            d.u.i.k.p.i.KeYFile       Reading KeY file file:/home/runner/work/key/key/key.core/build/resources/main/de/uka/ilkd/key/proof/rules/wdNumericalRules.key 
3142       DEBUG main            d.u.i.k.p.i.KeYFile       Read specifications obtained when parsing the Java files (usually JML and Strings.key) from file:/home/runner/work/key/key/key.core/build/resources/main/de/uka/ilkd/key/proof/rules/wdNumericalRules.key 
3170       DEBUG main            d.u.i.k.p.i.KeYFile       Reading KeY file file:/home/runner/work/key/key/key.core/build/resources/main/de/uka/ilkd/key/proof/rules/wdLocSetRules.key 
3170       DEBUG main            d.u.i.k.p.i.KeYFile       Read specifications obtained when parsing the Java files (usually JML and Strings.key) from file:/home/runner/work/key/key/key.core/build/resources/main/de/uka/ilkd/key/proof/rules/wdLocSetRules.key 
3175       DEBUG main            d.u.i.k.p.i.KeYFile       Reading KeY file file:/home/runner/work/key/key/key.core/build/resources/main/de/uka/ilkd/key/proof/rules/wdHeapRules.key 
3175       DEBUG main            d.u.i.k.p.i.KeYFile       Read specifications obtained when parsing the Java files (usually JML and Strings.key) from file:/home/runner/work/key/key/key.core/build/resources/main/de/uka/ilkd/key/proof/rules/wdHeapRules.key 
3178       DEBUG main            d.u.i.k.p.i.KeYFile       Reading KeY file file:/home/runner/work/key/key/key.core/build/resources/main/de/uka/ilkd/key/proof/rules/wdReachRules.key 
3179       DEBUG main            d.u.i.k.p.i.KeYFile       Read specifications obtained when parsing the Java files (usually JML and Strings.key) from file:/home/runner/work/key/key/key.core/build/resources/main/de/uka/ilkd/key/proof/rules/wdReachRules.key 
3181       DEBUG main            d.u.i.k.p.i.KeYFile       Reading KeY file file:/home/runner/work/key/key/key.core/build/resources/main/de/uka/ilkd/key/proof/rules/wdSeqRules.key 
3181       DEBUG main            d.u.i.k.p.i.KeYFile       Read specifications obtained when parsing the Java files (usually JML and Strings.key) from file:/home/runner/work/key/key/key.core/build/resources/main/de/uka/ilkd/key/proof/rules/wdSeqRules.key 
3184       DEBUG main            d.u.i.k.p.i.KeYFile       Reading KeY file file:/home/runner/work/key/key/key.core/build/resources/main/de/uka/ilkd/key/proof/rules/wdStringRules.key 
3186       DEBUG main            d.u.i.k.p.i.KeYFile       Read specifications obtained when parsing the Java files (usually JML and Strings.key) from file:/home/runner/work/key/key/key.core/build/resources/main/de/uka/ilkd/key/proof/rules/wdStringRules.key 
3188       DEBUG main            d.u.i.k.p.i.KeYFile       Reading KeY file file:/home/runner/work/key/key/key.core/build/resources/main/de/uka/ilkd/key/proof/rules/wdRegExRules.key 
3188       DEBUG main            d.u.i.k.p.i.KeYFile       Read specifications obtained when parsing the Java files (usually JML and Strings.key) from file:/home/runner/work/key/key/key.core/build/resources/main/de/uka/ilkd/key/proof/rules/wdRegExRules.key 
3195       DEBUG main            d.u.i.k.p.i.KeYFile       Reading KeY file file:/home/runner/work/key/key/key.core/build/resources/main/de/uka/ilkd/key/proof/rules/wdFormulaRules.key 
3196       DEBUG main            d.u.i.k.p.i.KeYFile       Read specifications obtained when parsing the Java files (usually JML and Strings.key) from file:/home/runner/work/key/key/key.core/build/resources/main/de/uka/ilkd/key/proof/rules/wdFormulaRules.key 
3204       DEBUG main            d.u.i.k.p.i.KeYFile       Reading KeY file file:/home/runner/work/key/key/key.core/build/resources/main/de/uka/ilkd/key/proof/rules/wd.key 
3204       DEBUG main            d.u.i.k.p.i.KeYFile       Read specifications obtained when parsing the Java files (usually JML and Strings.key) from file:/home/runner/work/key/key/key.core/build/resources/main/de/uka/ilkd/key/proof/rules/wd.key 
3206       DEBUG main            d.u.i.k.p.i.KeYFile       Reading KeY file file:/home/runner/work/key/key/key.core/build/resources/main/de/uka/ilkd/key/proof/rules/loopInvariantRules.key 
3206       DEBUG main            d.u.i.k.p.i.KeYFile       Read specifications obtained when parsing the Java files (usually JML and Strings.key) from file:/home/runner/work/key/key/key.core/build/resources/main/de/uka/ilkd/key/proof/rules/loopInvariantRules.key 
3207       DEBUG main            d.u.i.k.p.i.KeYFile       Reading KeY file file:/home/runner/work/key/key/key.core/build/resources/main/de/uka/ilkd/key/proof/rules/forLoopRules.key 
3207       DEBUG main            d.u.i.k.p.i.KeYFile       Read specifications obtained when parsing the Java files (usually JML and Strings.key) from file:/home/runner/work/key/key/key.core/build/resources/main/de/uka/ilkd/key/proof/rules/forLoopRules.key 
3213       DEBUG main            d.u.i.k.p.i.KeYFile       Reading KeY file file:/home/runner/work/key/key/key.core/build/resources/main/de/uka/ilkd/key/proof/rules/execRules.key 
3213       DEBUG main            d.u.i.k.p.i.KeYFile       Read specifications obtained when parsing the Java files (usually JML and Strings.key) from file:/home/runner/work/key/key/key.core/build/resources/main/de/uka/ilkd/key/proof/rules/execRules.key 
3281       DEBUG main            d.u.i.k.p.i.KeYFile       Reading KeY file file:/home/runner/work/key/key/key.core/build/resources/main/de/uka/ilkd/key/proof/rules/loopScopeRules.key 
3281       DEBUG main            d.u.i.k.p.i.KeYFile       Read specifications obtained when parsing the Java files (usually JML and Strings.key) from file:/home/runner/work/key/key/key.core/build/resources/main/de/uka/ilkd/key/proof/rules/loopScopeRules.key 
3297       DEBUG main            d.u.i.k.p.i.KeYFile       Reading KeY file file:/home/runner/work/key/key/key.core/build/resources/main/de/uka/ilkd/key/proof/rules/standardRules.key 
3298       DEBUG main            d.u.i.k.p.i.KeYFile       Read specifications obtained when parsing the Java files (usually JML and Strings.key) from file:/home/runner/work/key/key/key.core/build/resources/main/de/uka/ilkd/key/proof/rules/standardRules.key 
5596       DEBUG main            d.u.i.k.j.Recoder2KeY     converting now /home/runner/work/key/key/key.core/../key.ui/examples/InformationFlow/BlockContracts/src/contract/IFBlockExamples.java 
5603       DEBUG main            d.u.i.k.j.Recoder2KeY     converting now /home/runner/work/key/key/key.core/../key.ui/examples/InformationFlow/BlockContracts/src/contract/IFEfficiencyExamples.java 
5651       DEBUG main            d.u.i.k.s.TermLabelSettings TermLabelSettings: Failure while reading the setting "UseOriginLabels".Using the default value: true.The string read was: null 
5656       DEBUG main            d.u.i.k.p.i.KeYFile       Reading KeY file /home/runner/work/key/key/key.core/../key.ui/examples/InformationFlow/BlockContracts/contract.IFBlockExamples(contract.IFBlockExamples__secure_5()).Non-interference contract.0.m.key 
5668       DEBUG main            d.u.i.k.p.i.KeYFile       Reading KeY file file:/home/runner/work/key/key/key.core/build/resources/main/de/uka/ilkd/key/java/JavaRedux/java/lang/String.key 
5674       DEBUG main            d.u.i.k.p.i.KeYFile       Read specifications obtained when parsing the Java files (usually JML and Strings.key) from file:/home/runner/work/key/key/key.core/build/resources/main/de/uka/ilkd/key/java/JavaRedux/java/lang/String.key 
7956       DEBUG main            d.u.i.k.p.i.KeYFile       Read specifications obtained when parsing the Java files (usually JML and Strings.key) from /home/runner/work/key/key/key.core/../key.ui/examples/InformationFlow/BlockContracts/contract.IFBlockExamples(contract.IFBlockExamples__secure_5()).Non-interference contract.0.m.key 
8267       DEBUG main            d.u.i.k.m.s.ProofScriptEngine 1: 'macro 'infflow-autopilot'' 
8612       DEBUG main            d.u.i.k.p.m.ProofCorrectnessMgt No justification found for rule Class_invariant_axiom_for_contract_IFBlockExamples 
9003       DEBUG main            d.u.i.k.j.TypeConverter   typeconverter: (prefix this;, class class de.uka.ilkd.key.java.reference.ThisReference) 
9031       DEBUG main            d.u.i.k.j.TypeConverter   typeconverter: (prefix this;, class class de.uka.ilkd.key.java.reference.ThisReference) 
9552       INFO  main            d.u.i.k.p.r.p.TestFile    ... finished proof: closed. 
9664       DEBUG main            d.u.i.k.s.TermLabelSettings TermLabelSettings: Failure while reading the setting "UseOriginLabels".Using the default value: true.The string read was: null 
9664       INFO  main            d.u.i.k.p.r.p.TestFile    Now processing file /home/runner/work/key/key/key.core/../key.ui/examples/InformationFlow/BlockContracts/contract.IFBlockExamples(contract.IFBlockExamples__block_no_return_secure(int)).Non-interference contract.0.m.key 
10707      DEBUG main            d.u.i.k.j.Recoder2KeY     converting now /home/runner/work/key/key/key.core/../key.ui/examples/InformationFlow/BlockContracts/src/contract/IFBlockExamples.java 
10713      DEBUG main            d.u.i.k.j.Recoder2KeY     converting now /home/runner/work/key/key/key.core/../key.ui/examples/InformationFlow/BlockContracts/src/contract/IFEfficiencyExamples.java 
10725      DEBUG main            d.u.i.k.s.TermLabelSettings TermLabelSettings: Failure while reading the setting "UseOriginLabels".Using the default value: true.The string read was: null 
10725      DEBUG main            d.u.i.k.p.i.KeYFile       Reading KeY file /home/runner/work/key/key/key.core/../key.ui/examples/InformationFlow/BlockContracts/contract.IFBlockExamples(contract.IFBlockExamples__block_no_return_secure(int)).Non-interference contract.0.m.key 
10728      DEBUG main            d.u.i.k.p.i.KeYFile       Reading KeY file file:/home/runner/work/key/key/key.core/build/resources/main/de/uka/ilkd/key/java/JavaRedux/java/lang/String.key 
10731      DEBUG main            d.u.i.k.p.i.KeYFile       Read specifications obtained when parsing the Java files (usually JML and Strings.key) from file:/home/runner/work/key/key/key.core/build/resources/main/de/uka/ilkd/key/java/JavaRedux/java/lang/String.key 
12625      DEBUG main            d.u.i.k.p.i.KeYFile       Read specifications obtained when parsing the Java files (usually JML and Strings.key) from /home/runner/work/key/key/key.core/../key.ui/examples/InformationFlow/BlockContracts/contract.IFBlockExamples(contract.IFBlockExamples__block_no_return_secure(int)).Non-interference contract.0.m.key 
12688      DEBUG main            d.u.i.k.m.s.ProofScriptEngine 1: 'macro 'infflow-autopilot'' 
12738      DEBUG main            d.u.i.k.p.m.ProofCorrectnessMgt No justification found for rule Class_invariant_axiom_for_contract_IFBlockExamples 
12745      DEBUG main            d.u.i.k.j.TypeConverter   typeconverter: (prefix this;, class class de.uka.ilkd.key.java.reference.ThisReference) 
12791      DEBUG main            d.u.i.k.j.TypeConverter   typeconverter: (prefix this;, class class de.uka.ilkd.key.java.reference.ThisReference) 
13250      INFO  main            d.u.i.k.p.r.p.TestFile    ... finished proof: closed. 
13386      DEBUG main            d.u.i.k.s.TermLabelSettings TermLabelSettings: Failure while reading the setting "UseOriginLabels".Using the default value: true.The string read was: null 
13386      INFO  main            d.u.i.k.p.r.p.TestFile    Now processing file /home/runner/work/key/key/key.core/../key.ui/examples/InformationFlow/BlockContracts/contract.IFBlockExamples(contract.IFBlockExamples__while_block_insecure(int)).Non-interference contract.0.m.key 
14298      DEBUG main            d.u.i.k.j.Recoder2KeY     converting now /home/runner/work/key/key/key.core/../key.ui/examples/InformationFlow/BlockContracts/src/contract/IFBlockExamples.java 
14301      DEBUG main            d.u.i.k.j.Recoder2KeY     converting now /home/runner/work/key/key/key.core/../key.ui/examples/InformationFlow/BlockContracts/src/contract/IFEfficiencyExamples.java 
14308      DEBUG main            d.u.i.k.s.TermLabelSettings TermLabelSettings: Failure while reading the setting "UseOriginLabels".Using the default value: true.The string read was: null 
14308      DEBUG main            d.u.i.k.p.i.KeYFile       Reading KeY file /home/runner/work/key/key/key.core/../key.ui/examples/InformationFlow/BlockContracts/contract.IFBlockExamples(contract.IFBlockExamples__while_block_insecure(int)).Non-interference contract.0.m.key 
14309      DEBUG main            d.u.i.k.p.i.KeYFile       Reading KeY file file:/home/runner/work/key/key/key.core/build/resources/main/de/uka/ilkd/key/java/JavaRedux/java/lang/String.key 
14312      DEBUG main            d.u.i.k.p.i.KeYFile       Read specifications obtained when parsing the Java files (usually JML and Strings.key) from file:/home/runner/work/key/key/key.core/build/resources/main/de/uka/ilkd/key/java/JavaRedux/java/lang/String.key 
16157      DEBUG main            d.u.i.k.p.i.KeYFile       Read specifications obtained when parsing the Java files (usually JML and Strings.key) from /home/runner/work/key/key/key.core/../key.ui/examples/InformationFlow/BlockContracts/contract.IFBlockExamples(contract.IFBlockExamples__while_block_insecure(int)).Non-interference contract.0.m.key 
16212      DEBUG main            d.u.i.k.m.s.ProofScriptEngine 1: 'macro 'infflow-autopilot'' 
16258      DEBUG main            d.u.i.k.p.m.ProofCorrectnessMgt No justification found for rule Class_invariant_axiom_for_contract_IFBlockExamples 
16265      DEBUG main            d.u.i.k.j.TypeConverter   typeconverter: (prefix this;, class class de.uka.ilkd.key.java.reference.ThisReference) 
16279      DEBUG main            d.u.i.k.r.m.WhileLoopTransformation While-Loop-Tranform-Result: try {
  {
    if (_l > 0) {
      _l--;
      l1++;
    }
  }
} catch (java.lang.Throwable e#48) {
  exc#47 = true;
  thrownExc#49 = e#48;
} 
16427      DEBUG main            d.u.i.k.j.TypeConverter   typeconverter: (prefix this;, class class de.uka.ilkd.key.java.reference.ThisReference) 
17588      INFO  main            d.u.i.k.p.r.p.TestFile    ... finished proof: open goal(s) 
17734      DEBUG main            d.u.i.k.s.TermLabelSettings TermLabelSettings: Failure while reading the setting "UseOriginLabels".Using the default value: true.The string read was: null 
17734      INFO  main            d.u.i.k.p.r.p.TestFile    Now processing file /home/runner/work/key/key/key.core/../key.ui/examples/InformationFlow/BlockContracts/contract.IFBlockExamples(contract.IFBlockExamples__while_block_secure(int)).Non-interference contract.0.m.key 
18646      DEBUG main            d.u.i.k.j.Recoder2KeY     converting now /home/runner/work/key/key/key.core/../key.ui/examples/InformationFlow/BlockContracts/src/contract/IFBlockExamples.java 
18649      DEBUG main            d.u.i.k.j.Recoder2KeY     converting now /home/runner/work/key/key/key.core/../key.ui/examples/InformationFlow/BlockContracts/src/contract/IFEfficiencyExamples.java 
18655      DEBUG main            d.u.i.k.s.TermLabelSettings TermLabelSettings: Failure while reading the setting "UseOriginLabels".Using the default value: true.The string read was: null 
18656      DEBUG main            d.u.i.k.p.i.KeYFile       Reading KeY file /home/runner/work/key/key/key.core/../key.ui/examples/InformationFlow/BlockContracts/contract.IFBlockExamples(contract.IFBlockExamples__while_block_secure(int)).Non-interference contract.0.m.key 
18657      DEBUG main            d.u.i.k.p.i.KeYFile       Reading KeY file file:/home/runner/work/key/key/key.core/build/resources/main/de/uka/ilkd/key/java/JavaRedux/java/lang/String.key 
18659      DEBUG main            d.u.i.k.p.i.KeYFile       Read specifications obtained when parsing the Java files (usually JML and Strings.key) from file:/home/runner/work/key/key/key.core/build/resources/main/de/uka/ilkd/key/java/JavaRedux/java/lang/String.key 
20411      DEBUG main            d.u.i.k.p.i.KeYFile       Read specifications obtained when parsing the Java files (usually JML and Strings.key) from /home/runner/work/key/key/key.core/../key.ui/examples/InformationFlow/BlockContracts/contract.IFBlockExamples(contract.IFBlockExamples__while_block_secure(int)).Non-interference contract.0.m.key 
20462      DEBUG main            d.u.i.k.m.s.ProofScriptEngine 1: 'macro 'infflow-autopilot'' 
20504      DEBUG main            d.u.i.k.p.m.ProofCorrectnessMgt No justification found for rule Class_invariant_axiom_for_contract_IFBlockExamples 
20509      DEBUG main            d.u.i.k.j.TypeConverter   typeconverter: (prefix this;, class class de.uka.ilkd.key.java.reference.ThisReference) 
20516      DEBUG main            d.u.i.k.r.m.WhileLoopTransformation While-Loop-Tranform-Result: try {
  {
    if (_l > 0) {
      _l--;
      l1++;
    }
  }
} catch (java.lang.Throwable e#48) {
  exc#47 = true;
  thrownExc#49 = e#48;
} 
20600      DEBUG main            d.u.i.k.j.TypeConverter   typeconverter: (prefix this;, class class de.uka.ilkd.key.java.reference.ThisReference) 
21511      INFO  main            d.u.i.k.p.r.p.TestFile    ... finished proof: closed. 
21702      DEBUG main            d.u.i.k.s.TermLabelSettings TermLabelSettings: Failure while reading the setting "UseOriginLabels".Using the default value: true.The string read was: null 
21702      INFO  main            d.u.i.k.p.r.p.TestFile    Now processing file /home/runner/work/key/key/key.core/../key.ui/examples/InformationFlow/BlockContracts/contract.IFBlockExamples(contract.IFBlockExamples__block_while_secure(int)).Non-interference contract.0.m.key 
22593      DEBUG main            d.u.i.k.j.Recoder2KeY     converting now /home/runner/work/key/key/key.core/../key.ui/examples/InformationFlow/BlockContracts/src/contract/IFBlockExamples.java 
22597      DEBUG main            d.u.i.k.j.Recoder2KeY     converting now /home/runner/work/key/key/key.core/../key.ui/examples/InformationFlow/BlockContracts/src/contract/IFEfficiencyExamples.java 
22603      DEBUG main            d.u.i.k.s.TermLabelSettings TermLabelSettings: Failure while reading the setting "UseOriginLabels".Using the default value: true.The string read was: null 
22603      DEBUG main            d.u.i.k.p.i.KeYFile       Reading KeY file /home/runner/work/key/key/key.core/../key.ui/examples/InformationFlow/BlockContracts/contract.IFBlockExamples(contract.IFBlockExamples__block_while_secure(int)).Non-interference contract.0.m.key 
22604      DEBUG main            d.u.i.k.p.i.KeYFile       Reading KeY file file:/home/runner/work/key/key/key.core/build/resources/main/de/uka/ilkd/key/java/JavaRedux/java/lang/String.key 
22606      DEBUG main            d.u.i.k.p.i.KeYFile       Read specifications obtained when parsing the Java files (usually JML and Strings.key) from file:/home/runner/work/key/key/key.core/build/resources/main/de/uka/ilkd/key/java/JavaRedux/java/lang/String.key 
24359      DEBUG main            d.u.i.k.p.i.KeYFile       Read specifications obtained when parsing the Java files (usually JML and Strings.key) from /home/runner/work/key/key/key.core/../key.ui/examples/InformationFlow/BlockContracts/contract.IFBlockExamples(contract.IFBlockExamples__block_while_secure(int)).Non-interference contract.0.m.key 
24408      DEBUG main            d.u.i.k.m.s.ProofScriptEngine 1: 'macro 'infflow-autopilot'' 
24446      DEBUG main            d.u.i.k.p.m.ProofCorrectnessMgt No justification found for rule Class_invariant_axiom_for_contract_IFBlockExamples 
24451      DEBUG main            d.u.i.k.j.TypeConverter   typeconverter: (prefix this;, class class de.uka.ilkd.key.java.reference.ThisReference) 
24489      DEBUG main            d.u.i.k.r.m.WhileLoopTransformation While-Loop-Tranform-Result: try {
  {
    if (_l > 0) {
      _l--;
      l1++;
    }
  }
} catch (java.lang.Throwable e#65) {
  exc#64 = true;
  thrownExc#66 = e#65;
} 
24585      DEBUG main            d.u.i.k.j.TypeConverter   typeconverter: (prefix this;, class class de.uka.ilkd.key.java.reference.ThisReference) 
25547      INFO  main            d.u.i.k.p.r.p.TestFile    ... finished proof: closed. 
25722      DEBUG main            d.u.i.k.s.TermLabelSettings TermLabelSettings: Failure while reading the setting "UseOriginLabels".Using the default value: true.The string read was: null 
25722      INFO  main            d.u.i.k.p.r.p.TestFile    Now processing file /home/runner/work/key/key/key.core/../key.ui/examples/InformationFlow/BlockContracts/contract.IFBlockExamples(contract.IFBlockExamples__insecure_4(int)).Non-interference contract.0.m.key 
26681      DEBUG main            d.u.i.k.j.Recoder2KeY     converting now /home/runner/work/key/key/key.core/../key.ui/examples/InformationFlow/BlockContracts/src/contract/IFBlockExamples.java 
26683      DEBUG main            d.u.i.k.j.Recoder2KeY     converting now /home/runner/work/key/key/key.core/../key.ui/examples/InformationFlow/BlockContracts/src/contract/IFEfficiencyExamples.java 
26689      DEBUG main            d.u.i.k.s.TermLabelSettings TermLabelSettings: Failure while reading the setting "UseOriginLabels".Using the default value: true.The string read was: null 
26690      DEBUG main            d.u.i.k.p.i.KeYFile       Reading KeY file /home/runner/work/key/key/key.core/../key.ui/examples/InformationFlow/BlockContracts/contract.IFBlockExamples(contract.IFBlockExamples__insecure_4(int)).Non-interference contract.0.m.key 
26691      DEBUG main            d.u.i.k.p.i.KeYFile       Reading KeY file file:/home/runner/work/key/key/key.core/build/resources/main/de/uka/ilkd/key/java/JavaRedux/java/lang/String.key 
26693      DEBUG main            d.u.i.k.p.i.KeYFile       Read specifications obtained when parsing the Java files (usually JML and Strings.key) from file:/home/runner/work/key/key/key.core/build/resources/main/de/uka/ilkd/key/java/JavaRedux/java/lang/String.key 
28399      DEBUG main            d.u.i.k.p.i.KeYFile       Read specifications obtained when parsing the Java files (usually JML and Strings.key) from /home/runner/work/key/key/key.core/../key.ui/examples/InformationFlow/BlockContracts/contract.IFBlockExamples(contract.IFBlockExamples__insecure_4(int)).Non-interference contract.0.m.key 
28448      DEBUG main            d.u.i.k.m.s.ProofScriptEngine 1: 'macro 'infflow-autopilot'' 
28485      DEBUG main            d.u.i.k.p.m.ProofCorrectnessMgt No justification found for rule Class_invariant_axiom_for_contract_IFBlockExamples 
28494      DEBUG main            d.u.i.k.j.TypeConverter   typeconverter: (prefix this;, class class de.uka.ilkd.key.java.reference.ThisReference) 
29845      INFO  main            d.u.i.k.p.r.p.TestFile    ... finished proof: open goal(s) 
30041      DEBUG main            d.u.i.k.s.TermLabelSettings TermLabelSettings: Failure while reading the setting "UseOriginLabels".Using the default value: true.The string read was: null 
30042      INFO  main            d.u.i.k.p.r.p.TestFile    Now processing file /home/runner/work/key/key/key.core/../key.ui/examples/InformationFlow/BlockContracts/contract.IFBlockExamples(contract.IFBlockExamples__insecure_3(int)).Non-interference contract.0.m.key 
30889      DEBUG main            d.u.i.k.j.Recoder2KeY     converting now /home/runner/work/key/key/key.core/../key.ui/examples/InformationFlow/BlockContracts/src/contract/IFBlockExamples.java 
30892      DEBUG main            d.u.i.k.j.Recoder2KeY     converting now /home/runner/work/key/key/key.core/../key.ui/examples/InformationFlow/BlockContracts/src/contract/IFEfficiencyExamples.java 
30896      DEBUG main            d.u.i.k.s.TermLabelSettings TermLabelSettings: Failure while reading the setting "UseOriginLabels".Using the default value: true.The string read was: null 
30896      DEBUG main            d.u.i.k.p.i.KeYFile       Reading KeY file /home/runner/work/key/key/key.core/../key.ui/examples/InformationFlow/BlockContracts/contract.IFBlockExamples(contract.IFBlockExamples__insecure_3(int)).Non-interference contract.0.m.key 
30897      DEBUG main            d.u.i.k.p.i.KeYFile       Reading KeY file file:/home/runner/work/key/key/key.core/build/resources/main/de/uka/ilkd/key/java/JavaRedux/java/lang/String.key 
30900      DEBUG main            d.u.i.k.p.i.KeYFile       Read specifications obtained when parsing the Java files (usually JML and Strings.key) from file:/home/runner/work/key/key/key.core/build/resources/main/de/uka/ilkd/key/java/JavaRedux/java/lang/String.key 
32652      DEBUG main            d.u.i.k.p.i.KeYFile       Read specifications obtained when parsing the Java files (usually JML and Strings.key) from /home/runner/work/key/key/key.core/../key.ui/examples/InformationFlow/BlockContracts/contract.IFBlockExamples(contract.IFBlockExamples__insecure_3(int)).Non-interference contract.0.m.key 
32705      DEBUG main            d.u.i.k.m.s.ProofScriptEngine 1: 'macro 'infflow-autopilot'' 
32745      DEBUG main            d.u.i.k.p.m.ProofCorrectnessMgt No justification found for rule Class_invariant_axiom_for_contract_IFBlockExamples 
32754      DEBUG main            d.u.i.k.j.TypeConverter   typeconverter: (prefix this;, class class de.uka.ilkd.key.java.reference.ThisReference) 
40012      INFO  main            d.u.i.k.p.r.p.TestFile    ... finished proof: open goal(s) 
40279      DEBUG main            d.u.i.k.s.TermLabelSettings TermLabelSettings: Failure while reading the setting "UseOriginLabels".Using the default value: true.The string read was: null 
40279      INFO  main            d.u.i.k.p.r.p.TestFile    Now processing file /home/runner/work/key/key/key.core/../key.ui/examples/InformationFlow/BlockContracts/contract.IFBlockExamples(contract.IFBlockExamples__secure_3(int)).Non-interference contract.0.m.key 
41139      DEBUG main            d.u.i.k.j.Recoder2KeY     converting now /home/runner/work/key/key/key.core/../key.ui/examples/InformationFlow/BlockContracts/src/contract/IFBlockExamples.java 
41143      DEBUG main            d.u.i.k.j.Recoder2KeY     converting now /home/runner/work/key/key/key.core/../key.ui/examples/InformationFlow/BlockContracts/src/contract/IFEfficiencyExamples.java 
41148      DEBUG main            d.u.i.k.s.TermLabelSettings TermLabelSettings: Failure while reading the setting "UseOriginLabels".Using the default value: true.The string read was: null 
41148      DEBUG main            d.u.i.k.p.i.KeYFile       Reading KeY file /home/runner/work/key/key/key.core/../key.ui/examples/InformationFlow/BlockContracts/contract.IFBlockExamples(contract.IFBlockExamples__secure_3(int)).Non-interference contract.0.m.key 
41149      DEBUG main            d.u.i.k.p.i.KeYFile       Reading KeY file file:/home/runner/work/key/key/key.core/build/resources/main/de/uka/ilkd/key/java/JavaRedux/java/lang/String.key 
41151      DEBUG main            d.u.i.k.p.i.KeYFile       Read specifications obtained when parsing the Java files (usually JML and Strings.key) from file:/home/runner/work/key/key/key.core/build/resources/main/de/uka/ilkd/key/java/JavaRedux/java/lang/String.key 
42857      DEBUG main            d.u.i.k.p.i.KeYFile       Read specifications obtained when parsing the Java files (usually JML and Strings.key) from /home/runner/work/key/key/key.core/../key.ui/examples/InformationFlow/BlockContracts/contract.IFBlockExamples(contract.IFBlockExamples__secure_3(int)).Non-interference contract.0.m.key 
42907      DEBUG main            d.u.i.k.m.s.ProofScriptEngine 1: 'macro 'infflow-autopilot'' 
42943      DEBUG main            d.u.i.k.p.m.ProofCorrectnessMgt No justification found for rule Class_invariant_axiom_for_contract_IFBlockExamples 
42953      DEBUG main            d.u.i.k.j.TypeConverter   typeconverter: (prefix this;, class class de.uka.ilkd.key.java.reference.ThisReference) 
44033      INFO  main            d.u.i.k.p.r.p.TestFile    ... finished proof: closed. 
44286      DEBUG main            d.u.i.k.s.TermLabelSettings TermLabelSettings: Failure while reading the setting "UseOriginLabels".Using the default value: true.The string read was: null 
44286      INFO  main            d.u.i.k.p.r.p.TestFile    Now processing file /home/runner/work/key/key/key.core/../key.ui/examples/InformationFlow/BlockContracts/contract.IFBlockExamples(contract.IFBlockExamples__secure_2(int)).Non-interference contract.0.m.key 
45119      DEBUG main            d.u.i.k.j.Recoder2KeY     converting now /home/runner/work/key/key/key.core/../key.ui/examples/InformationFlow/BlockContracts/src/contract/IFBlockExamples.java 
45121      DEBUG main            d.u.i.k.j.Recoder2KeY     converting now /home/runner/work/key/key/key.core/../key.ui/examples/InformationFlow/BlockContracts/src/contract/IFEfficiencyExamples.java 
45125      DEBUG main            d.u.i.k.s.TermLabelSettings TermLabelSettings: Failure while reading the setting "UseOriginLabels".Using the default value: true.The string read was: null 
45125      DEBUG main            d.u.i.k.p.i.KeYFile       Reading KeY file /home/runner/work/key/key/key.core/../key.ui/examples/InformationFlow/BlockContracts/contract.IFBlockExamples(contract.IFBlockExamples__secure_2(int)).Non-interference contract.0.m.key 
45126      DEBUG main            d.u.i.k.p.i.KeYFile       Reading KeY file file:/home/runner/work/key/key/key.core/build/resources/main/de/uka/ilkd/key/java/JavaRedux/java/lang/String.key 
45129      DEBUG main            d.u.i.k.p.i.KeYFile       Read specifications obtained when parsing the Java files (usually JML and Strings.key) from file:/home/runner/work/key/key/key.core/build/resources/main/de/uka/ilkd/key/java/JavaRedux/java/lang/String.key 
46837      DEBUG main            d.u.i.k.p.i.KeYFile       Read specifications obtained when parsing the Java files (usually JML and Strings.key) from /home/runner/work/key/key/key.core/../key.ui/examples/InformationFlow/BlockContracts/contract.IFBlockExamples(contract.IFBlockExamples__secure_2(int)).Non-interference contract.0.m.key 
46897      DEBUG main            d.u.i.k.m.s.ProofScriptEngine 1: 'macro 'infflow-autopilot'' 
46933      DEBUG main            d.u.i.k.p.m.ProofCorrectnessMgt No justification found for rule Class_invariant_axiom_for_contract_IFBlockExamples 
46943      DEBUG main            d.u.i.k.j.TypeConverter   typeconverter: (prefix this;, class class de.uka.ilkd.key.java.reference.ThisReference) 
48209      INFO  main            d.u.i.k.p.r.p.TestFile    ... finished proof: closed. 
48452      DEBUG main            d.u.i.k.s.TermLabelSettings TermLabelSettings: Failure while reading the setting "UseOriginLabels".Using the default value: true.The string read was: null 
48452      INFO  main            d.u.i.k.p.r.p.TestFile    Now processing file /home/runner/work/key/key/key.core/../key.ui/examples/InformationFlow/BlockContracts/contract.IFBlockExamples(contract.IFBlockExamples__secure_8(int)).Non-interference contract.0.m.key 
49331      DEBUG main            d.u.i.k.j.Recoder2KeY     converting now /home/runner/work/key/key/key.core/../key.ui/examples/InformationFlow/BlockContracts/src/contract/IFBlockExamples.java 
49333      DEBUG main            d.u.i.k.j.Recoder2KeY     converting now /home/runner/work/key/key/key.core/../key.ui/examples/InformationFlow/BlockContracts/src/contract/IFEfficiencyExamples.java 
49337      DEBUG main            d.u.i.k.s.TermLabelSettings TermLabelSettings: Failure while reading the setting "UseOriginLabels".Using the default value: true.The string read was: null 
49337      DEBUG main            d.u.i.k.p.i.KeYFile       Reading KeY file /home/runner/work/key/key/key.core/../key.ui/examples/InformationFlow/BlockContracts/contract.IFBlockExamples(contract.IFBlockExamples__secure_8(int)).Non-interference contract.0.m.key 
49338      DEBUG main            d.u.i.k.p.i.KeYFile       Reading KeY file file:/home/runner/work/key/key/key.core/build/resources/main/de/uka/ilkd/key/java/JavaRedux/java/lang/String.key 
49341      DEBUG main            d.u.i.k.p.i.KeYFile       Read specifications obtained when parsing the Java files (usually JML and Strings.key) from file:/home/runner/work/key/key/key.core/build/resources/main/de/uka/ilkd/key/java/JavaRedux/java/lang/String.key 
51021      DEBUG main            d.u.i.k.p.i.KeYFile       Read specifications obtained when parsing the Java files (usually JML and Strings.key) from /home/runner/work/key/key/key.core/../key.ui/examples/InformationFlow/BlockContracts/contract.IFBlockExamples(contract.IFBlockExamples__secure_8(int)).Non-interference contract.0.m.key 
51065      DEBUG main            d.u.i.k.m.s.ProofScriptEngine 1: 'macro 'infflow-autopilot'' 
51097      DEBUG main            d.u.i.k.p.m.ProofCorrectnessMgt No justification found for rule Class_invariant_axiom_for_contract_IFBlockExamples 
51101      DEBUG main            d.u.i.k.j.TypeConverter   typeconverter: (prefix this;, class class de.uka.ilkd.key.java.reference.ThisReference) 
51160      DEBUG main            d.u.i.k.j.TypeConverter   typeconverter: (prefix this;, class class de.uka.ilkd.key.java.reference.ThisReference) 
51230      DEBUG main            d.u.i.k.j.TypeConverter   typeconverter: (prefix this;, class class de.uka.ilkd.key.java.reference.ThisReference) 
51240      DEBUG main            d.u.i.k.j.TypeConverter   typeconverter: (prefix this;, class class de.uka.ilkd.key.java.reference.ThisReference) 
51505      INFO  main            d.u.i.k.p.r.p.TestFile    ... finished proof: closed. 
51741      DEBUG main            d.u.i.k.s.TermLabelSettings TermLabelSettings: Failure while reading the setting "UseOriginLabels".Using the default value: true.The string read was: null 
51741      INFO  main            d.u.i.k.p.r.p.TestFile    Now processing file /home/runner/work/key/key/key.core/../key.ui/examples/InformationFlow/BlockContracts/contract.IFBlockExamples(contract.IFBlockExamples__secure_7(int)).Non-interference contract.0.m.key 
52576      DEBUG main            d.u.i.k.j.Recoder2KeY     converting now /home/runner/work/key/key/key.core/../key.ui/examples/InformationFlow/BlockContracts/src/contract/IFBlockExamples.java 
52577      DEBUG main            d.u.i.k.j.Recoder2KeY     converting now /home/runner/work/key/key/key.core/../key.ui/examples/InformationFlow/BlockContracts/src/contract/IFEfficiencyExamples.java 
52582      DEBUG main            d.u.i.k.s.TermLabelSettings TermLabelSettings: Failure while reading the setting "UseOriginLabels".Using the default value: true.The string read was: null 
52582      DEBUG main            d.u.i.k.p.i.KeYFile       Reading KeY file /home/runner/work/key/key/key.core/../key.ui/examples/InformationFlow/BlockContracts/contract.IFBlockExamples(contract.IFBlockExamples__secure_7(int)).Non-interference contract.0.m.key 
52583      DEBUG main            d.u.i.k.p.i.KeYFile       Reading KeY file file:/home/runner/work/key/key/key.core/build/resources/main/de/uka/ilkd/key/java/JavaRedux/java/lang/String.key 
52586      DEBUG main            d.u.i.k.p.i.KeYFile       Read specifications obtained when parsing the Java files (usually JML and Strings.key) from file:/home/runner/work/key/key/key.core/build/resources/main/de/uka/ilkd/key/java/JavaRedux/java/lang/String.key 
54316      DEBUG main            d.u.i.k.p.i.KeYFile       Read specifications obtained when parsing the Java files (usually JML and Strings.key) from /home/runner/work/key/key/key.core/../key.ui/examples/InformationFlow/BlockContracts/contract.IFBlockExamples(contract.IFBlockExamples__secure_7(int)).Non-interference contract.0.m.key 
54361      DEBUG main            d.u.i.k.m.s.ProofScriptEngine 1: 'macro 'infflow-autopilot'' 
54392      DEBUG main            d.u.i.k.p.m.ProofCorrectnessMgt No justification found for rule Class_invariant_axiom_for_contract_IFBlockExamples 
54396      DEBUG main            d.u.i.k.j.TypeConverter   typeconverter: (prefix this;, class class de.uka.ilkd.key.java.reference.ThisReference) 
54709      INFO  main            d.u.i.k.p.r.p.TestFile    ... finished proof: closed. 
54890      DEBUG main            d.u.i.k.s.TermLabelSettings TermLabelSettings: Failure while reading the setting "UseOriginLabels".Using the default value: true.The string read was: null 
54890      INFO  main            d.u.i.k.p.r.p.TestFile    Now processing file /home/runner/work/key/key/key.core/../key.ui/examples/InformationFlow/BlockContracts/contract.IFBlockExamples(contract.IFBlockExamples__secure_6(int)).Non-interference contract.0.m.key 
55731      DEBUG main            d.u.i.k.j.Recoder2KeY     converting now /home/runner/work/key/key/key.core/../key.ui/examples/InformationFlow/BlockContracts/src/contract/IFBlockExamples.java 
55733      DEBUG main            d.u.i.k.j.Recoder2KeY     converting now /home/runner/work/key/key/key.core/../key.ui/examples/InformationFlow/BlockContracts/src/contract/IFEfficiencyExamples.java 
55737      DEBUG main            d.u.i.k.s.TermLabelSettings TermLabelSettings: Failure while reading the setting "UseOriginLabels".Using the default value: true.The string read was: null 
55737      DEBUG main            d.u.i.k.p.i.KeYFile       Reading KeY file /home/runner/work/key/key/key.core/../key.ui/examples/InformationFlow/BlockContracts/contract.IFBlockExamples(contract.IFBlockExamples__secure_6(int)).Non-interference contract.0.m.key 
55738      DEBUG main            d.u.i.k.p.i.KeYFile       Reading KeY file file:/home/runner/work/key/key/key.core/build/resources/main/de/uka/ilkd/key/java/JavaRedux/java/lang/String.key 
55741      DEBUG main            d.u.i.k.p.i.KeYFile       Read specifications obtained when parsing the Java files (usually JML and Strings.key) from file:/home/runner/work/key/key/key.core/build/resources/main/de/uka/ilkd/key/java/JavaRedux/java/lang/String.key 
57479      DEBUG main            d.u.i.k.p.i.KeYFile       Read specifications obtained when parsing the Java files (usually JML and Strings.key) from /home/runner/work/key/key/key.core/../key.ui/examples/InformationFlow/BlockContracts/contract.IFBlockExamples(contract.IFBlockExamples__secure_6(int)).Non-interference contract.0.m.key 
57520      DEBUG main            d.u.i.k.m.s.ProofScriptEngine 1: 'macro 'infflow-autopilot'' 
57550      DEBUG main            d.u.i.k.p.m.ProofCorrectnessMgt No justification found for rule Class_invariant_axiom_for_contract_IFBlockExamples 
57556      DEBUG main            d.u.i.k.j.TypeConverter   typeconverter: (prefix this;, class class de.uka.ilkd.key.java.reference.ThisReference) 
57893      INFO  main            d.u.i.k.p.r.p.TestFile    ... finished proof: closed. 
58064      DEBUG main            d.u.i.k.s.TermLabelSettings TermLabelSettings: Failure while reading the setting "UseOriginLabels".Using the default value: true.The string read was: null 
58065      INFO  main            d.u.i.k.p.r.p.TestFile    Now processing file /home/runner/work/key/key/key.core/../key.ui/examples/InformationFlow/BlockContracts/contract.IFBlockExamples(contract.IFBlockExamples__insecure_1(int)).Non-interference contract.0.m.key 
58932      DEBUG main            d.u.i.k.j.Recoder2KeY     converting now /home/runner/work/key/key/key.core/../key.ui/examples/InformationFlow/BlockContracts/src/contract/IFBlockExamples.java 
58934      DEBUG main            d.u.i.k.j.Recoder2KeY     converting now /home/runner/work/key/key/key.core/../key.ui/examples/InformationFlow/BlockContracts/src/contract/IFEfficiencyExamples.java 
58938      DEBUG main            d.u.i.k.s.TermLabelSettings TermLabelSettings: Failure while reading the setting "UseOriginLabels".Using the default value: true.The string read was: null 
58939      DEBUG main            d.u.i.k.p.i.KeYFile       Reading KeY file /home/runner/work/key/key/key.core/../key.ui/examples/InformationFlow/BlockContracts/contract.IFBlockExamples(contract.IFBlockExamples__insecure_1(int)).Non-interference contract.0.m.key 
58940      DEBUG main            d.u.i.k.p.i.KeYFile       Reading KeY file file:/home/runner/work/key/key/key.core/build/resources/main/de/uka/ilkd/key/java/JavaRedux/java/lang/String.key 
58942      DEBUG main            d.u.i.k.p.i.KeYFile       Read specifications obtained when parsing the Java files (usually JML and Strings.key) from file:/home/runner/work/key/key/key.core/build/resources/main/de/uka/ilkd/key/java/JavaRedux/java/lang/String.key 
60685      DEBUG main            d.u.i.k.p.i.KeYFile       Read specifications obtained when parsing the Java files (usually JML and Strings.key) from /home/runner/work/key/key/key.core/../key.ui/examples/InformationFlow/BlockContracts/contract.IFBlockExamples(contract.IFBlockExamples__insecure_1(int)).Non-interference contract.0.m.key 
60725      DEBUG main            d.u.i.k.m.s.ProofScriptEngine 1: 'macro 'infflow-autopilot'' 
60754      DEBUG main            d.u.i.k.p.m.ProofCorrectnessMgt No justification found for rule Class_invariant_axiom_for_contract_IFBlockExamples 
60760      DEBUG main            d.u.i.k.j.TypeConverter   typeconverter: (prefix this;, class class de.uka.ilkd.key.java.reference.ThisReference) 
61268      INFO  main            d.u.i.k.p.r.p.TestFile    ... finished proof: open goal(s) 
61443      DEBUG main            d.u.i.k.s.TermLabelSettings TermLabelSettings: Failure while reading the setting "UseOriginLabels".Using the default value: true.The string read was: null 
61443      INFO  main            d.u.i.k.p.r.p.TestFile    Now processing file /home/runner/work/key/key/key.core/../key.ui/examples/InformationFlow/BlockContracts/contract.IFBlockExamples(contract.IFBlockExamples__secure_4(int)).Non-interference contract.0.m.key 
62279      DEBUG main            d.u.i.k.j.Recoder2KeY     converting now /home/runner/work/key/key/key.core/../key.ui/examples/InformationFlow/BlockContracts/src/contract/IFBlockExamples.java 
62280      DEBUG main            d.u.i.k.j.Recoder2KeY     converting now /home/runner/work/key/key/key.core/../key.ui/examples/InformationFlow/BlockContracts/src/contract/IFEfficiencyExamples.java 
62284      DEBUG main            d.u.i.k.s.TermLabelSettings TermLabelSettings: Failure while reading the setting "UseOriginLabels".Using the default value: true.The string read was: null 
62284      DEBUG main            d.u.i.k.p.i.KeYFile       Reading KeY file /home/runner/work/key/key/key.core/../key.ui/examples/InformationFlow/BlockContracts/contract.IFBlockExamples(contract.IFBlockExamples__secure_4(int)).Non-interference contract.0.m.key 
62285      DEBUG main            d.u.i.k.p.i.KeYFile       Reading KeY file file:/home/runner/work/key/key/key.core/build/resources/main/de/uka/ilkd/key/java/JavaRedux/java/lang/String.key 
62287      DEBUG main            d.u.i.k.p.i.KeYFile       Read specifications obtained when parsing the Java files (usually JML and Strings.key) from file:/home/runner/work/key/key/key.core/build/resources/main/de/uka/ilkd/key/java/JavaRedux/java/lang/String.key 
63997      DEBUG main            d.u.i.k.p.i.KeYFile       Read specifications obtained when parsing the Java files (usually JML and Strings.key) from /home/runner/work/key/key/key.core/../key.ui/examples/InformationFlow/BlockContracts/contract.IFBlockExamples(contract.IFBlockExamples__secure_4(int)).Non-interference contract.0.m.key 
64051      DEBUG main            d.u.i.k.m.s.ProofScriptEngine 1: 'macro 'infflow-autopilot'' 
64082      DEBUG main            d.u.i.k.p.m.ProofCorrectnessMgt No justification found for rule Class_invariant_axiom_for_contract_IFBlockExamples 
64089      DEBUG main            d.u.i.k.j.TypeConverter   typeconverter: (prefix this;, class class de.uka.ilkd.key.java.reference.ThisReference) 
64493      INFO  main            d.u.i.k.p.r.p.TestFile    ... finished proof: closed. 
64702      DEBUG main            d.u.i.k.s.TermLabelSettings TermLabelSettings: Failure while reading the setting "UseOriginLabels".Using the default value: true.The string read was: null 
64702      INFO  main            d.u.i.k.p.r.p.TestFile    Now processing file /home/runner/work/key/key/key.core/../key.ui/examples/InformationFlow/BlockContracts/contract.IFBlockExamples(contract.IFBlockExamples__secure_1(int)).Non-interference contract.0.m.key 
65532      DEBUG main            d.u.i.k.j.Recoder2KeY     converting now /home/runner/work/key/key/key.core/../key.ui/examples/InformationFlow/BlockContracts/src/contract/IFBlockExamples.java 
65534      DEBUG main            d.u.i.k.j.Recoder2KeY     converting now /home/runner/work/key/key/key.core/../key.ui/examples/InformationFlow/BlockContracts/src/contract/IFEfficiencyExamples.java 
65538      DEBUG main            d.u.i.k.s.TermLabelSettings TermLabelSettings: Failure while reading the setting "UseOriginLabels".Using the default value: true.The string read was: null 
65538      DEBUG main            d.u.i.k.p.i.KeYFile       Reading KeY file /home/runner/work/key/key/key.core/../key.ui/examples/InformationFlow/BlockContracts/contract.IFBlockExamples(contract.IFBlockExamples__secure_1(int)).Non-interference contract.0.m.key 
65539      DEBUG main            d.u.i.k.p.i.KeYFile       Reading KeY file file:/home/runner/work/key/key/key.core/build/resources/main/de/uka/ilkd/key/java/JavaRedux/java/lang/String.key 
65541      DEBUG main            d.u.i.k.p.i.KeYFile       Read specifications obtained when parsing the Java files (usually JML and Strings.key) from file:/home/runner/work/key/key/key.core/build/resources/main/de/uka/ilkd/key/java/JavaRedux/java/lang/String.key 
67231      DEBUG main            d.u.i.k.p.i.KeYFile       Read specifications obtained when parsing the Java files (usually JML and Strings.key) from /home/runner/work/key/key/key.core/../key.ui/examples/InformationFlow/BlockContracts/contract.IFBlockExamples(contract.IFBlockExamples__secure_1(int)).Non-interference contract.0.m.key 
67271      DEBUG main            d.u.i.k.m.s.ProofScriptEngine 1: 'macro 'infflow-autopilot'' 
67299      DEBUG main            d.u.i.k.p.m.ProofCorrectnessMgt No justification found for rule Class_invariant_axiom_for_contract_IFBlockExamples 
67306      DEBUG main            d.u.i.k.j.TypeConverter   typeconverter: (prefix this;, class class de.uka.ilkd.key.java.reference.ThisReference) 
67804      INFO  main            d.u.i.k.p.r.p.TestFile    ... finished proof: closed. 
67990      DEBUG main            d.u.i.k.s.TermLabelSettings TermLabelSettings: Failure while reading the setting "UseOriginLabels".Using the default value: true.The string read was: null 
67990      INFO  main            d.u.i.k.p.r.p.TestFile    Now processing file /home/runner/work/key/key/key.core/../key.ui/examples/InformationFlow/BlockContracts/contract.IFEfficiencyExamples(contract.IFEfficiencyExamples__mWithoutBlockContract()).Non-interference contract.0.m.key 
68820      DEBUG main            d.u.i.k.j.Recoder2KeY     converting now /home/runner/work/key/key/key.core/../key.ui/examples/InformationFlow/BlockContracts/src/contract/IFBlockExamples.java 
68821      DEBUG main            d.u.i.k.j.Recoder2KeY     converting now /home/runner/work/key/key/key.core/../key.ui/examples/InformationFlow/BlockContracts/src/contract/IFEfficiencyExamples.java 
68825      DEBUG main            d.u.i.k.s.TermLabelSettings TermLabelSettings: Failure while reading the setting "UseOriginLabels".Using the default value: true.The string read was: null 
68826      DEBUG main            d.u.i.k.p.i.KeYFile       Reading KeY file /home/runner/work/key/key/key.core/../key.ui/examples/InformationFlow/BlockContracts/contract.IFEfficiencyExamples(contract.IFEfficiencyExamples__mWithoutBlockContract()).Non-interference contract.0.m.key 
68826      DEBUG main            d.u.i.k.p.i.KeYFile       Reading KeY file file:/home/runner/work/key/key/key.core/build/resources/main/de/uka/ilkd/key/java/JavaRedux/java/lang/String.key 
68829      DEBUG main            d.u.i.k.p.i.KeYFile       Read specifications obtained when parsing the Java files (usually JML and Strings.key) from file:/home/runner/work/key/key/key.core/build/resources/main/de/uka/ilkd/key/java/JavaRedux/java/lang/String.key 
70528      DEBUG main            d.u.i.k.p.i.KeYFile       Read specifications obtained when parsing the Java files (usually JML and Strings.key) from /home/runner/work/key/key/key.core/../key.ui/examples/InformationFlow/BlockContracts/contract.IFEfficiencyExamples(contract.IFEfficiencyExamples__mWithoutBlockContract()).Non-interference contract.0.m.key 
70570      DEBUG main            d.u.i.k.m.s.ProofScriptEngine 1: 'macro 'infflow-autopilot'' 
70597      DEBUG main            d.u.i.k.p.m.ProofCorrectnessMgt No justification found for rule Class_invariant_axiom_for_contract_IFEfficiencyExamples 
70602      DEBUG main            d.u.i.k.j.TypeConverter   typeconverter: (prefix this;, class class de.uka.ilkd.key.java.reference.ThisReference) 
70614      DEBUG main            d.u.i.k.j.TypeConverter   typeconverter: (prefix this;, class class de.uka.ilkd.key.java.reference.ThisReference) 
70625      DEBUG main            d.u.i.k.j.TypeConverter   typeconverter: (prefix this;, class class de.uka.ilkd.key.java.reference.ThisReference) 
70640      DEBUG main            d.u.i.k.j.TypeConverter   typeconverter: (prefix this;, class class de.uka.ilkd.key.java.reference.ThisReference) 
70653      DEBUG main            d.u.i.k.j.TypeConverter   typeconverter: (prefix this;, class class de.uka.ilkd.key.java.reference.ThisReference) 
70656      DEBUG main            d.u.i.k.j.TypeConverter   typeconverter: (prefix this;, class class de.uka.ilkd.key.java.reference.ThisReference) 
70663      DEBUG main            d.u.i.k.j.TypeConverter   typeconverter: (prefix this;, class class de.uka.ilkd.key.java.reference.ThisReference) 
70668      DEBUG main            d.u.i.k.j.TypeConverter   typeconverter: (prefix this;, class class de.uka.ilkd.key.java.reference.ThisReference) 
70674      DEBUG main            d.u.i.k.j.TypeConverter   typeconverter: (prefix this;, class class de.uka.ilkd.key.java.reference.ThisReference) 
70682      DEBUG main            d.u.i.k.j.TypeConverter   typeconverter: (prefix this;, class class de.uka.ilkd.key.java.reference.ThisReference) 
70691      DEBUG main            d.u.i.k.j.TypeConverter   typeconverter: (prefix this;, class class de.uka.ilkd.key.java.reference.ThisReference) 
70696      DEBUG main            d.u.i.k.j.TypeConverter   typeconverter: (prefix this;, class class de.uka.ilkd.key.java.reference.ThisReference) 
70702      DEBUG main            d.u.i.k.j.TypeConverter   typeconverter: (prefix this;, class class de.uka.ilkd.key.java.reference.ThisReference) 
70722      DEBUG main            d.u.i.k.j.TypeConverter   typeconverter: (prefix this;, class class de.uka.ilkd.key.java.reference.ThisReference) 
70729      DEBUG main            d.u.i.k.j.TypeConverter   typeconverter: (prefix this;, class class de.uka.ilkd.key.java.reference.ThisReference) 
70733      DEBUG main            d.u.i.k.j.TypeConverter   typeconverter: (prefix this;, class class de.uka.ilkd.key.java.reference.ThisReference) 
70749      DEBUG main            d.u.i.k.j.TypeConverter   typeconverter: (prefix this;, class class de.uka.ilkd.key.java.reference.ThisReference) 
70755      DEBUG main            d.u.i.k.j.TypeConverter   typeconverter: (prefix this;, class class de.uka.ilkd.key.java.reference.ThisReference) 
70770      DEBUG main            d.u.i.k.j.TypeConverter   typeconverter: (prefix this;, class class de.uka.ilkd.key.java.reference.ThisReference) 
70803      DEBUG main            d.u.i.k.j.TypeConverter   typeconverter: (prefix this;, class class de.uka.ilkd.key.java.reference.ThisReference) 
70808      DEBUG main            d.u.i.k.j.TypeConverter   typeconverter: (prefix this;, class class de.uka.ilkd.key.java.reference.ThisReference) 
70813      DEBUG main            d.u.i.k.j.TypeConverter   typeconverter: (prefix this;, class class de.uka.ilkd.key.java.reference.ThisReference) 
70831      DEBUG main            d.u.i.k.j.TypeConverter   typeconverter: (prefix this;, class class de.uka.ilkd.key.java.reference.ThisReference) 
70838      DEBUG main            d.u.i.k.j.TypeConverter   typeconverter: (prefix this;, class class de.uka.ilkd.key.java.reference.ThisReference) 
70847      DEBUG main            d.u.i.k.j.TypeConverter   typeconverter: (prefix this;, class class de.uka.ilkd.key.java.reference.ThisReference) 
70862      DEBUG main            d.u.i.k.j.TypeConverter   typeconverter: (prefix this;, class class de.uka.ilkd.key.java.reference.ThisReference) 
70868      DEBUG main            d.u.i.k.j.TypeConverter   typeconverter: (prefix this;, class class de.uka.ilkd.key.java.reference.ThisReference) 
70874      DEBUG main            d.u.i.k.j.TypeConverter   typeconverter: (prefix this;, class class de.uka.ilkd.key.java.reference.ThisReference) 
70895      DEBUG main            d.u.i.k.j.TypeConverter   typeconverter: (prefix this;, class class de.uka.ilkd.key.java.reference.ThisReference) 
70900      DEBUG main            d.u.i.k.j.TypeConverter   typeconverter: (prefix this;, class class de.uka.ilkd.key.java.reference.ThisReference) 
70915      DEBUG main            d.u.i.k.j.TypeConverter   typeconverter: (prefix this;, class class de.uka.ilkd.key.java.reference.ThisReference) 
70921      DEBUG main            d.u.i.k.j.TypeConverter   typeconverter: (prefix this;, class class de.uka.ilkd.key.java.reference.ThisReference) 
70927      DEBUG main            d.u.i.k.j.TypeConverter   typeconverter: (prefix this;, class class de.uka.ilkd.key.java.reference.ThisReference) 
70945      DEBUG main            d.u.i.k.j.TypeConverter   typeconverter: (prefix this;, class class de.uka.ilkd.key.java.reference.ThisReference) 
70959      DEBUG main            d.u.i.k.j.TypeConverter   typeconverter: (prefix this;, class class de.uka.ilkd.key.java.reference.ThisReference) 
70974      DEBUG main            d.u.i.k.j.TypeConverter   typeconverter: (prefix this;, class class de.uka.ilkd.key.java.reference.ThisReference) 
70978      DEBUG main            d.u.i.k.j.TypeConverter   typeconverter: (prefix this;, class class de.uka.ilkd.key.java.reference.ThisReference) 
70987      DEBUG main            d.u.i.k.j.TypeConverter   typeconverter: (prefix this;, class class de.uka.ilkd.key.java.reference.ThisReference) 
70993      DEBUG main            d.u.i.k.j.TypeConverter   typeconverter: (prefix this;, class class de.uka.ilkd.key.java.reference.ThisReference) 
70998      DEBUG main            d.u.i.k.j.TypeConverter   typeconverter: (prefix this;, class class de.uka.ilkd.key.java.reference.ThisReference) 
71003      DEBUG main            d.u.i.k.j.TypeConverter   typeconverter: (prefix this;, class class de.uka.ilkd.key.java.reference.ThisReference) 
71011      DEBUG main            d.u.i.k.j.TypeConverter   typeconverter: (prefix this;, class class de.uka.ilkd.key.java.reference.ThisReference) 
71029      DEBUG main            d.u.i.k.j.TypeConverter   typeconverter: (prefix this;, class class de.uka.ilkd.key.java.reference.ThisReference) 
71035      DEBUG main            d.u.i.k.j.TypeConverter   typeconverter: (prefix this;, class class de.uka.ilkd.key.java.reference.ThisReference) 
71056      DEBUG main            d.u.i.k.j.TypeConverter   typeconverter: (prefix this;, class class de.uka.ilkd.key.java.reference.ThisReference) 
71061      DEBUG main            d.u.i.k.j.TypeConverter   typeconverter: (prefix this;, class class de.uka.ilkd.key.java.reference.ThisReference) 
71071      DEBUG main            d.u.i.k.j.TypeConverter   typeconverter: (prefix this;, class class de.uka.ilkd.key.java.reference.ThisReference) 
75354      INFO  main            d.u.i.k.p.r.p.TestFile    ... finished proof: closed. 
75577      DEBUG main            d.u.i.k.s.TermLabelSettings TermLabelSettings: Failure while reading the setting "UseOriginLabels".Using the default value: true.The string read was: null 
75577      INFO  main            d.u.i.k.p.r.p.TestFile    Now processing file /home/runner/work/key/key/key.core/../key.ui/examples/InformationFlow/BlockContracts/contract.IFEfficiencyExamples(contract.IFEfficiencyExamples__mWithBlockContract()).Non-interference contract.0.m.key 
76456      DEBUG main            d.u.i.k.j.Recoder2KeY     converting now /home/runner/work/key/key/key.core/../key.ui/examples/InformationFlow/BlockContracts/src/contract/IFBlockExamples.java 
76457      DEBUG main            d.u.i.k.j.Recoder2KeY     converting now /home/runner/work/key/key/key.core/../key.ui/examples/InformationFlow/BlockContracts/src/contract/IFEfficiencyExamples.java 
76461      DEBUG main            d.u.i.k.s.TermLabelSettings TermLabelSettings: Failure while reading the setting "UseOriginLabels".Using the default value: true.The string read was: null 
76461      DEBUG main            d.u.i.k.p.i.KeYFile       Reading KeY file /home/runner/work/key/key/key.core/../key.ui/examples/InformationFlow/BlockContracts/contract.IFEfficiencyExamples(contract.IFEfficiencyExamples__mWithBlockContract()).Non-interference contract.0.m.key 
76462      DEBUG main            d.u.i.k.p.i.KeYFile       Reading KeY file file:/home/runner/work/key/key/key.core/build/resources/main/de/uka/ilkd/key/java/JavaRedux/java/lang/String.key 
76464      DEBUG main            d.u.i.k.p.i.KeYFile       Read specifications obtained when parsing the Java files (usually JML and Strings.key) from file:/home/runner/work/key/key/key.core/build/resources/main/de/uka/ilkd/key/java/JavaRedux/java/lang/String.key 
78137      DEBUG main            d.u.i.k.p.i.KeYFile       Read specifications obtained when parsing the Java files (usually JML and Strings.key) from /home/runner/work/key/key/key.core/../key.ui/examples/InformationFlow/BlockContracts/contract.IFEfficiencyExamples(contract.IFEfficiencyExamples__mWithBlockContract()).Non-interference contract.0.m.key 
78175      DEBUG main            d.u.i.k.m.s.ProofScriptEngine 1: 'macro 'infflow-autopilot'' 
78200      DEBUG main            d.u.i.k.p.m.ProofCorrectnessMgt No justification found for rule Class_invariant_axiom_for_contract_IFEfficiencyExamples 
78467      DEBUG main            d.u.i.k.j.TypeConverter   typeconverter: (prefix this;, class class de.uka.ilkd.key.java.reference.ThisReference) 
78480      DEBUG main            d.u.i.k.j.TypeConverter   typeconverter: (prefix this;, class class de.uka.ilkd.key.java.reference.ThisReference) 
78483      DEBUG main            d.u.i.k.j.TypeConverter   typeconverter: (prefix this;, class class de.uka.ilkd.key.java.reference.ThisReference) 
78490      DEBUG main            d.u.i.k.j.TypeConverter   typeconverter: (prefix this;, class class de.uka.ilkd.key.java.reference.ThisReference) 
78494      DEBUG main            d.u.i.k.j.TypeConverter   typeconverter: (prefix this;, class class de.uka.ilkd.key.java.reference.ThisReference) 
78500      DEBUG main            d.u.i.k.j.TypeConverter   typeconverter: (prefix this;, class class de.uka.ilkd.key.java.reference.ThisReference) 
78599      DEBUG main            d.u.i.k.j.TypeConverter   typeconverter: (prefix this;, class class de.uka.ilkd.key.java.reference.ThisReference) 
78615      DEBUG main            d.u.i.k.j.TypeConverter   typeconverter: (prefix this;, class class de.uka.ilkd.key.java.reference.ThisReference) 
78674      DEBUG main            d.u.i.k.j.TypeConverter   typeconverter: (prefix this;, class class de.uka.ilkd.key.java.reference.ThisReference) 
78689      DEBUG main            d.u.i.k.j.TypeConverter   typeconverter: (prefix this;, class class de.uka.ilkd.key.java.reference.ThisReference) 
78721      DEBUG main            d.u.i.k.j.TypeConverter   typeconverter: (prefix this;, class class de.uka.ilkd.key.java.reference.ThisReference) 
78782      DEBUG main            d.u.i.k.j.TypeConverter   typeconverter: (prefix this;, class class de.uka.ilkd.key.java.reference.ThisReference) 
78796      DEBUG main            d.u.i.k.j.TypeConverter   typeconverter: (prefix this;, class class de.uka.ilkd.key.java.reference.ThisReference) 
78851      DEBUG main            d.u.i.k.j.TypeConverter   typeconverter: (prefix this;, class class de.uka.ilkd.key.java.reference.ThisReference) 
78866      DEBUG main            d.u.i.k.j.TypeConverter   typeconverter: (prefix this;, class class de.uka.ilkd.key.java.reference.ThisReference) 
78899      DEBUG main            d.u.i.k.j.TypeConverter   typeconverter: (prefix this;, class class de.uka.ilkd.key.java.reference.ThisReference) 
78949      DEBUG main            d.u.i.k.j.TypeConverter   typeconverter: (prefix this;, class class de.uka.ilkd.key.java.reference.ThisReference) 
78963      DEBUG main            d.u.i.k.j.TypeConverter   typeconverter: (prefix this;, class class de.uka.ilkd.key.java.reference.ThisReference) 
79017      DEBUG main            d.u.i.k.j.TypeConverter   typeconverter: (prefix this;, class class de.uka.ilkd.key.java.reference.ThisReference) 
79034      DEBUG main            d.u.i.k.j.TypeConverter   typeconverter: (prefix this;, class class de.uka.ilkd.key.java.reference.ThisReference) 
79111      DEBUG main            d.u.i.k.j.TypeConverter   typeconverter: (prefix this;, class class de.uka.ilkd.key.java.reference.ThisReference) 
79125      DEBUG main            d.u.i.k.j.TypeConverter   typeconverter: (prefix this;, class class de.uka.ilkd.key.java.reference.ThisReference) 
79178      DEBUG main            d.u.i.k.j.TypeConverter   typeconverter: (prefix this;, class class de.uka.ilkd.key.java.reference.ThisReference) 
79194      DEBUG main            d.u.i.k.j.TypeConverter   typeconverter: (prefix this;, class class de.uka.ilkd.key.java.reference.ThisReference) 
79604      INFO  main            d.u.i.k.p.r.p.TestFile    ... finished proof: closed. 
1810671    INFO  Test worker     d.u.i.k.p.r.RunAllProofsTestUnit Returning from test BlockContracts_fullmacro 
1810674    INFO  Test worker     d.u.i.k.p.r.RunAllProofsTestUnit Running test MethodContracts_fullmacro 
333        INFO  Timeout watchdog d.u.i.k.p.r.p.ForkedTestFileRunner Timeout watcher launched (1000 secs.) 
351        WARN  main            d.u.i.k.s.ProofSettings   The settings in /home/runner/.key/proof-settings.props are *not* read. 
387        DEBUG main            d.u.i.k.s.TermLabelSettings TermLabelSettings: Failure while reading the setting "UseOriginLabels".Using the default value: true.The string read was: null 
388        INFO  main            d.u.i.k.p.r.p.TestFile    Now processing file /home/runner/work/key/key/key.core/../key.ui/examples/InformationFlow/MethodContracts/contract.IFMethodContract(contract.IFMethodContract__secure_recursion_2((I,int)).Non-interference contract.0.m.key 
1036       DEBUG main            d.u.i.k.p.i.KeYFile       Reading KeY file file:/home/runner/work/key/key/key.core/build/resources/main/de/uka/ilkd/key/proof/rules/ldt.key 
1037       DEBUG main            d.u.i.k.p.i.KeYFile       Read specifications obtained when parsing the Java files (usually JML and Strings.key) from file:/home/runner/work/key/key/key.core/build/resources/main/de/uka/ilkd/key/proof/rules/ldt.key 
1044       DEBUG main            d.u.i.k.p.i.KeYFile       Reading KeY file file:/home/runner/work/key/key/key.core/build/resources/main/de/uka/ilkd/key/proof/rules/propRule.key 
1044       DEBUG main            d.u.i.k.p.i.KeYFile       Read specifications obtained when parsing the Java files (usually JML and Strings.key) from file:/home/runner/work/key/key/key.core/build/resources/main/de/uka/ilkd/key/proof/rules/propRule.key 
1069       DEBUG main            d.u.i.k.p.i.KeYFile       Reading KeY file file:/home/runner/work/key/key/key.core/build/resources/main/de/uka/ilkd/key/proof/rules/firstOrderRules.key 
1069       DEBUG main            d.u.i.k.p.i.KeYFile       Read specifications obtained when parsing the Java files (usually JML and Strings.key) from file:/home/runner/work/key/key/key.core/build/resources/main/de/uka/ilkd/key/proof/rules/firstOrderRules.key 
1109       DEBUG main            d.u.i.k.p.i.KeYFile       Reading KeY file file:/home/runner/work/key/key/key.core/build/resources/main/de/uka/ilkd/key/proof/rules/ifThenElseRules.key 
1111       DEBUG main            d.u.i.k.p.i.KeYFile       Read specifications obtained when parsing the Java files (usually JML and Strings.key) from file:/home/runner/work/key/key/key.core/build/resources/main/de/uka/ilkd/key/proof/rules/ifThenElseRules.key 
1207       DEBUG main            d.u.i.k.p.i.KeYFile       Reading KeY file file:/home/runner/work/key/key/key.core/build/resources/main/de/uka/ilkd/key/proof/rules/formulaNormalisationRules.key 
1208       DEBUG main            d.u.i.k.p.i.KeYFile       Read specifications obtained when parsing the Java files (usually JML and Strings.key) from file:/home/runner/work/key/key/key.core/build/resources/main/de/uka/ilkd/key/proof/rules/formulaNormalisationRules.key 
1295       DEBUG main            d.u.i.k.p.i.KeYFile       Reading KeY file file:/home/runner/work/key/key/key.core/build/resources/main/de/uka/ilkd/key/proof/rules/updateRules.key 
1296       DEBUG main            d.u.i.k.p.i.KeYFile       Read specifications obtained when parsing the Java files (usually JML and Strings.key) from file:/home/runner/work/key/key/key.core/build/resources/main/de/uka/ilkd/key/proof/rules/updateRules.key 
1322       DEBUG main            d.u.i.k.p.i.KeYFile       Reading KeY file file:/home/runner/work/key/key/key.core/build/resources/main/de/uka/ilkd/key/proof/rules/integerRulesCommon.key 
1323       DEBUG main            d.u.i.k.p.i.KeYFile       Read specifications obtained when parsing the Java files (usually JML and Strings.key) from file:/home/runner/work/key/key/key.core/build/resources/main/de/uka/ilkd/key/proof/rules/integerRulesCommon.key 
1430       DEBUG main            d.u.i.k.p.i.KeYFile       Reading KeY file file:/home/runner/work/key/key/key.core/build/resources/main/de/uka/ilkd/key/proof/rules/intRules.key 
1430       DEBUG main            d.u.i.k.p.i.KeYFile       Read specifications obtained when parsing the Java files (usually JML and Strings.key) from file:/home/runner/work/key/key/key.core/build/resources/main/de/uka/ilkd/key/proof/rules/intRules.key 
1458       DEBUG main            d.u.i.k.p.i.KeYFile       Reading KeY file file:/home/runner/work/key/key/key.core/build/resources/main/de/uka/ilkd/key/proof/rules/intRulesUncheckedSemantics.key 
1461       DEBUG main            d.u.i.k.p.i.KeYFile       Read specifications obtained when parsing the Java files (usually JML and Strings.key) from file:/home/runner/work/key/key/key.core/build/resources/main/de/uka/ilkd/key/proof/rules/intRulesUncheckedSemantics.key 
1473       DEBUG main            d.u.i.k.p.i.KeYFile       Reading KeY file file:/home/runner/work/key/key/key.core/build/resources/main/de/uka/ilkd/key/proof/rules/intRulesCheckedSemantics.key 
1473       DEBUG main            d.u.i.k.p.i.KeYFile       Read specifications obtained when parsing the Java files (usually JML and Strings.key) from file:/home/runner/work/key/key/key.core/build/resources/main/de/uka/ilkd/key/proof/rules/intRulesCheckedSemantics.key 
1484       DEBUG main            d.u.i.k.p.i.KeYFile       Reading KeY file file:/home/runner/work/key/key/key.core/build/resources/main/de/uka/ilkd/key/proof/rules/intRulesJavaSemantics.key 
1484       DEBUG main            d.u.i.k.p.i.KeYFile       Read specifications obtained when parsing the Java files (usually JML and Strings.key) from file:/home/runner/work/key/key/key.core/build/resources/main/de/uka/ilkd/key/proof/rules/intRulesJavaSemantics.key 
1609       DEBUG main            d.u.i.k.p.i.KeYFile       Reading KeY file file:/home/runner/work/key/key/key.core/build/resources/main/de/uka/ilkd/key/proof/rules/integerSimplificationRules.key 
1610       DEBUG main            d.u.i.k.p.i.KeYFile       Read specifications obtained when parsing the Java files (usually JML and Strings.key) from file:/home/runner/work/key/key/key.core/build/resources/main/de/uka/ilkd/key/proof/rules/integerSimplificationRules.key 
1701       DEBUG main            d.u.i.k.j.TypeConverter   No LDT found for Meta 
1701       DEBUG main            d.u.i.k.j.TypeConverter   No LDT found for Meta 
1704       DEBUG main            d.u.i.k.j.TypeConverter   No LDT found for Meta 
1704       DEBUG main            d.u.i.k.j.TypeConverter   No LDT found for Meta 
1776       DEBUG main            d.u.i.k.p.i.KeYFile       Reading KeY file file:/home/runner/work/key/key/key.core/build/resources/main/de/uka/ilkd/key/proof/rules/intDiv.key 
1777       DEBUG main            d.u.i.k.p.i.KeYFile       Read specifications obtained when parsing the Java files (usually JML and Strings.key) from file:/home/runner/work/key/key/key.core/build/resources/main/de/uka/ilkd/key/proof/rules/intDiv.key 
1923       DEBUG main            d.u.i.k.p.i.KeYFile       Reading KeY file file:/home/runner/work/key/key/key.core/build/resources/main/de/uka/ilkd/key/proof/rules/bsum.key 
1924       DEBUG main            d.u.i.k.p.i.KeYFile       Read specifications obtained when parsing the Java files (usually JML and Strings.key) from file:/home/runner/work/key/key/key.core/build/resources/main/de/uka/ilkd/key/proof/rules/bsum.key 
2002       DEBUG main            d.u.i.k.p.i.KeYFile       Reading KeY file file:/home/runner/work/key/key/key.core/build/resources/main/de/uka/ilkd/key/proof/rules/bprod.key 
2003       DEBUG main            d.u.i.k.p.i.KeYFile       Read specifications obtained when parsing the Java files (usually JML and Strings.key) from file:/home/runner/work/key/key/key.core/build/resources/main/de/uka/ilkd/key/proof/rules/bprod.key 
2034       DEBUG main            d.u.i.k.p.i.KeYFile       Reading KeY file file:/home/runner/work/key/key/key.core/build/resources/main/de/uka/ilkd/key/proof/rules/binaryAxioms.key 
2037       DEBUG main            d.u.i.k.p.i.KeYFile       Read specifications obtained when parsing the Java files (usually JML and Strings.key) from file:/home/runner/work/key/key/key.core/build/resources/main/de/uka/ilkd/key/proof/rules/binaryAxioms.key 
2042       DEBUG main            d.u.i.k.p.i.KeYFile       Reading KeY file file:/home/runner/work/key/key/key.core/build/resources/main/de/uka/ilkd/key/proof/rules/binaryLemmas.key 
2042       DEBUG main            d.u.i.k.p.i.KeYFile       Read specifications obtained when parsing the Java files (usually JML and Strings.key) from file:/home/runner/work/key/key/key.core/build/resources/main/de/uka/ilkd/key/proof/rules/binaryLemmas.key 
2061       DEBUG main            d.u.i.k.p.i.KeYFile       Reading KeY file file:/home/runner/work/key/key/key.core/build/resources/main/de/uka/ilkd/key/proof/rules/intPow.key 
2062       DEBUG main            d.u.i.k.p.i.KeYFile       Read specifications obtained when parsing the Java files (usually JML and Strings.key) from file:/home/runner/work/key/key/key.core/build/resources/main/de/uka/ilkd/key/proof/rules/intPow.key 
2083       DEBUG main            d.u.i.k.p.i.KeYFile       Reading KeY file file:/home/runner/work/key/key/key.core/build/resources/main/de/uka/ilkd/key/proof/rules/floatRulesCommon.key 
2083       DEBUG main            d.u.i.k.p.i.KeYFile       Read specifications obtained when parsing the Java files (usually JML and Strings.key) from file:/home/runner/work/key/key/key.core/build/resources/main/de/uka/ilkd/key/proof/rules/floatRulesCommon.key 
2096       DEBUG main            d.u.i.k.p.i.KeYFile       Reading KeY file file:/home/runner/work/key/key/key.core/build/resources/main/de/uka/ilkd/key/proof/rules/floatRules.key 
2097       DEBUG main            d.u.i.k.p.i.KeYFile       Read specifications obtained when parsing the Java files (usually JML and Strings.key) from file:/home/runner/work/key/key/key.core/build/resources/main/de/uka/ilkd/key/proof/rules/floatRules.key 
2098       DEBUG main            d.u.i.k.p.i.KeYFile       Reading KeY file file:/home/runner/work/key/key/key.core/build/resources/main/de/uka/ilkd/key/proof/rules/floatRulesVerifyNormal.key 
2098       DEBUG main            d.u.i.k.p.i.KeYFile       Read specifications obtained when parsing the Java files (usually JML and Strings.key) from file:/home/runner/work/key/key/key.core/build/resources/main/de/uka/ilkd/key/proof/rules/floatRulesVerifyNormal.key 
2103       DEBUG main            d.u.i.k.p.i.KeYFile       Reading KeY file file:/home/runner/work/key/key/key.core/build/resources/main/de/uka/ilkd/key/proof/rules/floatRulesAssumeStrictfp.key 
2103       DEBUG main            d.u.i.k.p.i.KeYFile       Read specifications obtained when parsing the Java files (usually JML and Strings.key) from file:/home/runner/work/key/key/key.core/build/resources/main/de/uka/ilkd/key/proof/rules/floatRulesAssumeStrictfp.key 
2145       DEBUG main            d.u.i.k.p.i.KeYFile       Reading KeY file file:/home/runner/work/key/key/key.core/build/resources/main/de/uka/ilkd/key/proof/rules/genericRules.key 
2146       DEBUG main            d.u.i.k.p.i.KeYFile       Read specifications obtained when parsing the Java files (usually JML and Strings.key) from file:/home/runner/work/key/key/key.core/build/resources/main/de/uka/ilkd/key/proof/rules/genericRules.key 
2156       DEBUG main            d.u.i.k.p.i.KeYFile       Reading KeY file file:/home/runner/work/key/key/key.core/build/resources/main/de/uka/ilkd/key/proof/rules/booleanRules.key 
2156       DEBUG main            d.u.i.k.p.i.KeYFile       Read specifications obtained when parsing the Java files (usually JML and Strings.key) from file:/home/runner/work/key/key/key.core/build/resources/main/de/uka/ilkd/key/proof/rules/booleanRules.key 
2163       DEBUG main            d.u.i.k.p.i.KeYFile       Reading KeY file file:/home/runner/work/key/key/key.core/build/resources/main/de/uka/ilkd/key/proof/rules/epsilon.key 
2163       DEBUG main            d.u.i.k.p.i.KeYFile       Read specifications obtained when parsing the Java files (usually JML and Strings.key) from file:/home/runner/work/key/key/key.core/build/resources/main/de/uka/ilkd/key/proof/rules/epsilon.key 
2208       DEBUG main            d.u.i.k.p.i.KeYFile       Reading KeY file file:/home/runner/work/key/key/key.core/build/resources/main/de/uka/ilkd/key/proof/rules/locSetsRules.key 
2208       DEBUG main            d.u.i.k.p.i.KeYFile       Read specifications obtained when parsing the Java files (usually JML and Strings.key) from file:/home/runner/work/key/key/key.core/build/resources/main/de/uka/ilkd/key/proof/rules/locSetsRules.key 
2301       DEBUG main            d.u.i.k.p.i.KeYFile       Reading KeY file file:/home/runner/work/key/key/key.core/build/resources/main/de/uka/ilkd/key/proof/rules/heapRules.key 
2302       DEBUG main            d.u.i.k.p.i.KeYFile       Read specifications obtained when parsing the Java files (usually JML and Strings.key) from file:/home/runner/work/key/key/key.core/build/resources/main/de/uka/ilkd/key/proof/rules/heapRules.key 
2346       DEBUG main            d.u.i.k.p.i.KeYFile       Reading KeY file file:/home/runner/work/key/key/key.core/build/resources/main/de/uka/ilkd/key/proof/rules/permissionRules.key 
2346       DEBUG main            d.u.i.k.p.i.KeYFile       Read specifications obtained when parsing the Java files (usually JML and Strings.key) from file:/home/runner/work/key/key/key.core/build/resources/main/de/uka/ilkd/key/proof/rules/permissionRules.key 
2401       DEBUG main            d.u.i.k.p.i.KeYFile       Reading KeY file file:/home/runner/work/key/key/key.core/build/resources/main/de/uka/ilkd/key/proof/rules/reachRules.key 
2401       DEBUG main            d.u.i.k.p.i.KeYFile       Read specifications obtained when parsing the Java files (usually JML and Strings.key) from file:/home/runner/work/key/key/key.core/build/resources/main/de/uka/ilkd/key/proof/rules/reachRules.key 
2413       DEBUG main            d.u.i.k.p.i.KeYFile       Reading KeY file file:/home/runner/work/key/key/key.core/build/resources/main/de/uka/ilkd/key/proof/rules/seqCoreRules.key 
2413       DEBUG main            d.u.i.k.p.i.KeYFile       Read specifications obtained when parsing the Java files (usually JML and Strings.key) from file:/home/runner/work/key/key/key.core/build/resources/main/de/uka/ilkd/key/proof/rules/seqCoreRules.key 
2460       DEBUG main            d.u.i.k.p.i.KeYFile       Reading KeY file file:/home/runner/work/key/key/key.core/build/resources/main/de/uka/ilkd/key/proof/rules/seqRules.key 
2460       DEBUG main            d.u.i.k.p.i.KeYFile       Read specifications obtained when parsing the Java files (usually JML and Strings.key) from file:/home/runner/work/key/key/key.core/build/resources/main/de/uka/ilkd/key/proof/rules/seqRules.key 
2532       DEBUG main            d.u.i.k.p.i.KeYFile       Reading KeY file file:/home/runner/work/key/key/key.core/build/resources/main/de/uka/ilkd/key/proof/rules/seqPerm.key 
2533       DEBUG main            d.u.i.k.p.i.KeYFile       Read specifications obtained when parsing the Java files (usually JML and Strings.key) from file:/home/runner/work/key/key/key.core/build/resources/main/de/uka/ilkd/key/proof/rules/seqPerm.key 
2555       DEBUG main            d.u.i.k.p.i.KeYFile       Reading KeY file file:/home/runner/work/key/key/key.core/build/resources/main/de/uka/ilkd/key/proof/rules/seqPerm2.key 
2555       DEBUG main            d.u.i.k.p.i.KeYFile       Read specifications obtained when parsing the Java files (usually JML and Strings.key) from file:/home/runner/work/key/key/key.core/build/resources/main/de/uka/ilkd/key/proof/rules/seqPerm2.key 
2675       DEBUG main            d.u.i.k.p.i.KeYFile       Reading KeY file file:/home/runner/work/key/key/key.core/build/resources/main/de/uka/ilkd/key/proof/rules/assertions.key 
2676       DEBUG main            d.u.i.k.p.i.KeYFile       Read specifications obtained when parsing the Java files (usually JML and Strings.key) from file:/home/runner/work/key/key/key.core/build/resources/main/de/uka/ilkd/key/proof/rules/assertions.key 
2697       DEBUG main            d.u.i.k.p.i.KeYFile       Reading KeY file file:/home/runner/work/key/key/key.core/build/resources/main/de/uka/ilkd/key/proof/rules/javaRules.key 
2697       DEBUG main            d.u.i.k.p.i.KeYFile       Read specifications obtained when parsing the Java files (usually JML and Strings.key) from file:/home/runner/work/key/key/key.core/build/resources/main/de/uka/ilkd/key/proof/rules/javaRules.key 
3168       DEBUG main            d.u.i.k.p.i.KeYFile       Reading KeY file file:/home/runner/work/key/key/key.core/build/resources/main/de/uka/ilkd/key/proof/rules/loopRules.key 
3169       DEBUG main            d.u.i.k.p.i.KeYFile       Read specifications obtained when parsing the Java files (usually JML and Strings.key) from file:/home/runner/work/key/key/key.core/build/resources/main/de/uka/ilkd/key/proof/rules/loopRules.key 
3185       DEBUG main            d.u.i.k.p.i.KeYFile       Reading KeY file file:/home/runner/work/key/key/key.core/build/resources/main/de/uka/ilkd/key/proof/rules/activeUse.key 
3185       DEBUG main            d.u.i.k.p.i.KeYFile       Read specifications obtained when parsing the Java files (usually JML and Strings.key) from file:/home/runner/work/key/key/key.core/build/resources/main/de/uka/ilkd/key/proof/rules/activeUse.key 
3237       DEBUG main            d.u.i.k.p.i.KeYFile       Reading KeY file file:/home/runner/work/key/key/key.core/build/resources/main/de/uka/ilkd/key/proof/rules/instanceAllocation.key 
3237       DEBUG main            d.u.i.k.p.i.KeYFile       Read specifications obtained when parsing the Java files (usually JML and Strings.key) from file:/home/runner/work/key/key/key.core/build/resources/main/de/uka/ilkd/key/proof/rules/instanceAllocation.key 
3249       DEBUG main            d.u.i.k.p.i.KeYFile       Reading KeY file file:/home/runner/work/key/key/key.core/build/resources/main/de/uka/ilkd/key/proof/rules/java5.key 
3249       DEBUG main            d.u.i.k.p.i.KeYFile       Read specifications obtained when parsing the Java files (usually JML and Strings.key) from file:/home/runner/work/key/key/key.core/build/resources/main/de/uka/ilkd/key/proof/rules/java5.key 
3258       DEBUG main            d.u.i.k.p.i.KeYFile       Reading KeY file file:/home/runner/work/key/key/key.core/build/resources/main/de/uka/ilkd/key/proof/rules/integerAssignment2UpdateRules.key 
3258       DEBUG main            d.u.i.k.p.i.KeYFile       Read specifications obtained when parsing the Java files (usually JML and Strings.key) from file:/home/runner/work/key/key/key.core/build/resources/main/de/uka/ilkd/key/proof/rules/integerAssignment2UpdateRules.key 
3321       DEBUG main            d.u.i.k.p.i.KeYFile       Reading KeY file file:/home/runner/work/key/key/key.core/build/resources/main/de/uka/ilkd/key/proof/rules/floatAssignment2UpdateRules.key 
3322       DEBUG main            d.u.i.k.p.i.KeYFile       Read specifications obtained when parsing the Java files (usually JML and Strings.key) from file:/home/runner/work/key/key/key.core/build/resources/main/de/uka/ilkd/key/proof/rules/floatAssignment2UpdateRules.key 
3342       DEBUG main            d.u.i.k.p.i.KeYFile       Reading KeY file file:/home/runner/work/key/key/key.core/build/resources/main/de/uka/ilkd/key/proof/rules/bigint.key 
3342       DEBUG main            d.u.i.k.p.i.KeYFile       Read specifications obtained when parsing the Java files (usually JML and Strings.key) from file:/home/runner/work/key/key/key.core/build/resources/main/de/uka/ilkd/key/proof/rules/bigint.key 
3359       DEBUG main            d.u.i.k.j.TypeConverter   No LDT found for JavaBigintExpression 
3366       DEBUG main            d.u.i.k.p.i.KeYFile       Reading KeY file file:/home/runner/work/key/key/key.core/build/resources/main/de/uka/ilkd/key/proof/rules/adtProgramDecompositionRules.key 
3366       DEBUG main            d.u.i.k.p.i.KeYFile       Read specifications obtained when parsing the Java files (usually JML and Strings.key) from file:/home/runner/work/key/key/key.core/build/resources/main/de/uka/ilkd/key/proof/rules/adtProgramDecompositionRules.key 
3381       DEBUG main            d.u.i.k.p.i.KeYFile       Reading KeY file file:/home/runner/work/key/key/key.core/build/resources/main/de/uka/ilkd/key/proof/rules/precRules.key 
3381       DEBUG main            d.u.i.k.p.i.KeYFile       Read specifications obtained when parsing the Java files (usually JML and Strings.key) from file:/home/runner/work/key/key/key.core/build/resources/main/de/uka/ilkd/key/proof/rules/precRules.key 
3392       DEBUG main            d.u.i.k.p.i.KeYFile       Reading KeY file file:/home/runner/work/key/key/key.core/build/resources/main/de/uka/ilkd/key/proof/rules/charListRules.key 
3392       DEBUG main            d.u.i.k.p.i.KeYFile       Read specifications obtained when parsing the Java files (usually JML and Strings.key) from file:/home/runner/work/key/key/key.core/build/resources/main/de/uka/ilkd/key/proof/rules/charListRules.key 
3400       DEBUG main            d.u.i.k.p.i.KeYFile       Reading KeY file file:/home/runner/work/key/key/key.core/build/resources/main/de/uka/ilkd/key/proof/rules/regExHeader.key 
3401       DEBUG main            d.u.i.k.p.i.KeYFile       Read specifications obtained when parsing the Java files (usually JML and Strings.key) from file:/home/runner/work/key/key/key.core/build/resources/main/de/uka/ilkd/key/proof/rules/regExHeader.key 
3403       DEBUG main            d.u.i.k.p.i.KeYFile       Reading KeY file file:/home/runner/work/key/key/key.core/build/resources/main/de/uka/ilkd/key/proof/rules/regExAxioms.key 
3403       DEBUG main            d.u.i.k.p.i.KeYFile       Read specifications obtained when parsing the Java files (usually JML and Strings.key) from file:/home/runner/work/key/key/key.core/build/resources/main/de/uka/ilkd/key/proof/rules/regExAxioms.key 
3408       DEBUG main            d.u.i.k.p.i.KeYFile       Reading KeY file file:/home/runner/work/key/key/key.core/build/resources/main/de/uka/ilkd/key/proof/rules/regExLemmaProven.key 
3409       DEBUG main            d.u.i.k.p.i.KeYFile       Read specifications obtained when parsing the Java files (usually JML and Strings.key) from file:/home/runner/work/key/key/key.core/build/resources/main/de/uka/ilkd/key/proof/rules/regExLemmaProven.key 
3412       DEBUG main            d.u.i.k.p.i.KeYFile       Reading KeY file file:/home/runner/work/key/key/key.core/build/resources/main/de/uka/ilkd/key/proof/rules/regExTheory.key 
3412       DEBUG main            d.u.i.k.p.i.KeYFile       Read specifications obtained when parsing the Java files (usually JML and Strings.key) from file:/home/runner/work/key/key/key.core/build/resources/main/de/uka/ilkd/key/proof/rules/regExTheory.key 
3416       DEBUG main            d.u.i.k.p.i.KeYFile       Reading KeY file file:/home/runner/work/key/key/key.core/build/resources/main/de/uka/ilkd/key/proof/rules/seqEq.key 
3416       DEBUG main            d.u.i.k.p.i.KeYFile       Read specifications obtained when parsing the Java files (usually JML and Strings.key) from file:/home/runner/work/key/key/key.core/build/resources/main/de/uka/ilkd/key/proof/rules/seqEq.key 
3424       DEBUG main            d.u.i.k.p.i.KeYFile       Reading KeY file file:/home/runner/work/key/key/key.core/build/resources/main/de/uka/ilkd/key/proof/rules/infFlow.key 
3426       DEBUG main            d.u.i.k.p.i.KeYFile       Read specifications obtained when parsing the Java files (usually JML and Strings.key) from file:/home/runner/work/key/key/key.core/build/resources/main/de/uka/ilkd/key/proof/rules/infFlow.key 
3430       DEBUG main            d.u.i.k.p.i.KeYFile       Reading KeY file file:/home/runner/work/key/key/key.core/build/resources/main/de/uka/ilkd/key/proof/rules/mapSize.key 
3430       DEBUG main            d.u.i.k.p.i.KeYFile       Read specifications obtained when parsing the Java files (usually JML and Strings.key) from file:/home/runner/work/key/key/key.core/build/resources/main/de/uka/ilkd/key/proof/rules/mapSize.key 
3435       DEBUG main            d.u.i.k.p.i.KeYFile       Reading KeY file file:/home/runner/work/key/key/key.core/build/resources/main/de/uka/ilkd/key/proof/rules/wdHeader.key 
3436       DEBUG main            d.u.i.k.p.i.KeYFile       Read specifications obtained when parsing the Java files (usually JML and Strings.key) from file:/home/runner/work/key/key/key.core/build/resources/main/de/uka/ilkd/key/proof/rules/wdHeader.key 
3437       DEBUG main            d.u.i.k.p.i.KeYFile       Reading KeY file file:/home/runner/work/key/key/key.core/build/resources/main/de/uka/ilkd/key/proof/rules/wdGeneralRules.key 
3437       DEBUG main            d.u.i.k.p.i.KeYFile       Read specifications obtained when parsing the Java files (usually JML and Strings.key) from file:/home/runner/work/key/key/key.core/build/resources/main/de/uka/ilkd/key/proof/rules/wdGeneralRules.key 
3448       DEBUG main            d.u.i.k.p.i.KeYFile       Reading KeY file file:/home/runner/work/key/key/key.core/build/resources/main/de/uka/ilkd/key/proof/rules/wdNumericalRules.key 
3448       DEBUG main            d.u.i.k.p.i.KeYFile       Read specifications obtained when parsing the Java files (usually JML and Strings.key) from file:/home/runner/work/key/key/key.core/build/resources/main/de/uka/ilkd/key/proof/rules/wdNumericalRules.key 
3467       DEBUG main            d.u.i.k.p.i.KeYFile       Reading KeY file file:/home/runner/work/key/key/key.core/build/resources/main/de/uka/ilkd/key/proof/rules/wdLocSetRules.key 
3467       DEBUG main            d.u.i.k.p.i.KeYFile       Read specifications obtained when parsing the Java files (usually JML and Strings.key) from file:/home/runner/work/key/key/key.core/build/resources/main/de/uka/ilkd/key/proof/rules/wdLocSetRules.key 
3472       DEBUG main            d.u.i.k.p.i.KeYFile       Reading KeY file file:/home/runner/work/key/key/key.core/build/resources/main/de/uka/ilkd/key/proof/rules/wdHeapRules.key 
3472       DEBUG main            d.u.i.k.p.i.KeYFile       Read specifications obtained when parsing the Java files (usually JML and Strings.key) from file:/home/runner/work/key/key/key.core/build/resources/main/de/uka/ilkd/key/proof/rules/wdHeapRules.key 
3477       DEBUG main            d.u.i.k.p.i.KeYFile       Reading KeY file file:/home/runner/work/key/key/key.core/build/resources/main/de/uka/ilkd/key/proof/rules/wdReachRules.key 
3478       DEBUG main            d.u.i.k.p.i.KeYFile       Read specifications obtained when parsing the Java files (usually JML and Strings.key) from file:/home/runner/work/key/key/key.core/build/resources/main/de/uka/ilkd/key/proof/rules/wdReachRules.key 
3480       DEBUG main            d.u.i.k.p.i.KeYFile       Reading KeY file file:/home/runner/work/key/key/key.core/build/resources/main/de/uka/ilkd/key/proof/rules/wdSeqRules.key 
3480       DEBUG main            d.u.i.k.p.i.KeYFile       Read specifications obtained when parsing the Java files (usually JML and Strings.key) from file:/home/runner/work/key/key/key.core/build/resources/main/de/uka/ilkd/key/proof/rules/wdSeqRules.key 
3484       DEBUG main            d.u.i.k.p.i.KeYFile       Reading KeY file file:/home/runner/work/key/key/key.core/build/resources/main/de/uka/ilkd/key/proof/rules/wdStringRules.key 
3486       DEBUG main            d.u.i.k.p.i.KeYFile       Read specifications obtained when parsing the Java files (usually JML and Strings.key) from file:/home/runner/work/key/key/key.core/build/resources/main/de/uka/ilkd/key/proof/rules/wdStringRules.key 
3489       DEBUG main            d.u.i.k.p.i.KeYFile       Reading KeY file file:/home/runner/work/key/key/key.core/build/resources/main/de/uka/ilkd/key/proof/rules/wdRegExRules.key 
3489       DEBUG main            d.u.i.k.p.i.KeYFile       Read specifications obtained when parsing the Java files (usually JML and Strings.key) from file:/home/runner/work/key/key/key.core/build/resources/main/de/uka/ilkd/key/proof/rules/wdRegExRules.key 
3496       DEBUG main            d.u.i.k.p.i.KeYFile       Reading KeY file file:/home/runner/work/key/key/key.core/build/resources/main/de/uka/ilkd/key/proof/rules/wdFormulaRules.key 
3497       DEBUG main            d.u.i.k.p.i.KeYFile       Read specifications obtained when parsing the Java files (usually JML and Strings.key) from file:/home/runner/work/key/key/key.core/build/resources/main/de/uka/ilkd/key/proof/rules/wdFormulaRules.key 
3526       DEBUG main            d.u.i.k.p.i.KeYFile       Reading KeY file file:/home/runner/work/key/key/key.core/build/resources/main/de/uka/ilkd/key/proof/rules/wd.key 
3526       DEBUG main            d.u.i.k.p.i.KeYFile       Read specifications obtained when parsing the Java files (usually JML and Strings.key) from file:/home/runner/work/key/key/key.core/build/resources/main/de/uka/ilkd/key/proof/rules/wd.key 
3528       DEBUG main            d.u.i.k.p.i.KeYFile       Reading KeY file file:/home/runner/work/key/key/key.core/build/resources/main/de/uka/ilkd/key/proof/rules/loopInvariantRules.key 
3528       DEBUG main            d.u.i.k.p.i.KeYFile       Read specifications obtained when parsing the Java files (usually JML and Strings.key) from file:/home/runner/work/key/key/key.core/build/resources/main/de/uka/ilkd/key/proof/rules/loopInvariantRules.key 
3529       DEBUG main            d.u.i.k.p.i.KeYFile       Reading KeY file file:/home/runner/work/key/key/key.core/build/resources/main/de/uka/ilkd/key/proof/rules/forLoopRules.key 
3530       DEBUG main            d.u.i.k.p.i.KeYFile       Read specifications obtained when parsing the Java files (usually JML and Strings.key) from file:/home/runner/work/key/key/key.core/build/resources/main/de/uka/ilkd/key/proof/rules/forLoopRules.key 
3535       DEBUG main            d.u.i.k.p.i.KeYFile       Reading KeY file file:/home/runner/work/key/key/key.core/build/resources/main/de/uka/ilkd/key/proof/rules/execRules.key 
3535       DEBUG main            d.u.i.k.p.i.KeYFile       Read specifications obtained when parsing the Java files (usually JML and Strings.key) from file:/home/runner/work/key/key/key.core/build/resources/main/de/uka/ilkd/key/proof/rules/execRules.key 
3612       DEBUG main            d.u.i.k.p.i.KeYFile       Reading KeY file file:/home/runner/work/key/key/key.core/build/resources/main/de/uka/ilkd/key/proof/rules/loopScopeRules.key 
3612       DEBUG main            d.u.i.k.p.i.KeYFile       Read specifications obtained when parsing the Java files (usually JML and Strings.key) from file:/home/runner/work/key/key/key.core/build/resources/main/de/uka/ilkd/key/proof/rules/loopScopeRules.key 
3638       DEBUG main            d.u.i.k.p.i.KeYFile       Reading KeY file file:/home/runner/work/key/key/key.core/build/resources/main/de/uka/ilkd/key/proof/rules/standardRules.key 
3639       DEBUG main            d.u.i.k.p.i.KeYFile       Read specifications obtained when parsing the Java files (usually JML and Strings.key) from file:/home/runner/work/key/key/key.core/build/resources/main/de/uka/ilkd/key/proof/rules/standardRules.key 
6295       DEBUG main            d.u.i.k.j.Recoder2KeY     converting now /home/runner/work/key/key/key.core/../key.ui/examples/InformationFlow/MethodContracts/src/contract/IFMethodContract.java 
6357       DEBUG main            d.u.i.k.s.TermLabelSettings TermLabelSettings: Failure while reading the setting "UseOriginLabels".Using the default value: true.The string read was: null 
6358       DEBUG main            d.u.i.k.p.i.KeYFile       Reading KeY file /home/runner/work/key/key/key.core/../key.ui/examples/InformationFlow/MethodContracts/contract.IFMethodContract(contract.IFMethodContract__secure_recursion_2((I,int)).Non-interference contract.0.m.key 
6368       DEBUG main            d.u.i.k.p.i.KeYFile       Reading KeY file file:/home/runner/work/key/key/key.core/build/resources/main/de/uka/ilkd/key/java/JavaRedux/java/lang/String.key 
6374       DEBUG main            d.u.i.k.p.i.KeYFile       Read specifications obtained when parsing the Java files (usually JML and Strings.key) from file:/home/runner/work/key/key/key.core/build/resources/main/de/uka/ilkd/key/java/JavaRedux/java/lang/String.key 
8627       DEBUG main            d.u.i.k.p.i.KeYFile       Read specifications obtained when parsing the Java files (usually JML and Strings.key) from /home/runner/work/key/key/key.core/../key.ui/examples/InformationFlow/MethodContracts/contract.IFMethodContract(contract.IFMethodContract__secure_recursion_2((I,int)).Non-interference contract.0.m.key 
8880       DEBUG main            d.u.i.k.m.s.ProofScriptEngine 1: 'macro 'infflow-autopilot'' 
9299       DEBUG main            d.u.i.k.p.m.ProofCorrectnessMgt No justification found for rule Class_invariant_axiom_for_contract_IFMethodContract 
9609       DEBUG main            d.u.i.k.j.TypeConverter   typeconverter: (prefix this;, class class de.uka.ilkd.key.java.reference.ThisReference) 
9661       DEBUG main            d.u.i.k.p.m.ProofCorrectnessMgt No justification found for rule Class_invariant_axiom_for_contract_IFMethodContract 
9662       DEBUG main            d.u.i.k.p.m.ProofCorrectnessMgt No justification found for rule Class_invariant_axiom_for_contract_IFMethodContract 
9831       DEBUG main            d.u.i.k.p.m.ProofCorrectnessMgt No justification found for rule Class_invariant_axiom_for_contract_IFMethodContract 
13017      INFO  main            d.u.i.k.p.r.p.TestFile    ... finished proof: closed. 
13178      DEBUG main            d.u.i.k.s.TermLabelSettings TermLabelSettings: Failure while reading the setting "UseOriginLabels".Using the default value: true.The string read was: null 
13178      INFO  main            d.u.i.k.p.r.p.TestFile    Now processing file /home/runner/work/key/key/key.core/../key.ui/examples/InformationFlow/MethodContracts/contract.IFMethodContract(contract.IFMethodContract__secure_recursion(int)).Non-interference contract.0.m.key 
14179      DEBUG main            d.u.i.k.j.Recoder2KeY     converting now /home/runner/work/key/key/key.core/../key.ui/examples/InformationFlow/MethodContracts/src/contract/IFMethodContract.java 
14194      DEBUG main            d.u.i.k.s.TermLabelSettings TermLabelSettings: Failure while reading the setting "UseOriginLabels".Using the default value: true.The string read was: null 
14194      DEBUG main            d.u.i.k.p.i.KeYFile       Reading KeY file /home/runner/work/key/key/key.core/../key.ui/examples/InformationFlow/MethodContracts/contract.IFMethodContract(contract.IFMethodContract__secure_recursion(int)).Non-interference contract.0.m.key 
14196      DEBUG main            d.u.i.k.p.i.KeYFile       Reading KeY file file:/home/runner/work/key/key/key.core/build/resources/main/de/uka/ilkd/key/java/JavaRedux/java/lang/String.key 
14199      DEBUG main            d.u.i.k.p.i.KeYFile       Read specifications obtained when parsing the Java files (usually JML and Strings.key) from file:/home/runner/work/key/key/key.core/build/resources/main/de/uka/ilkd/key/java/JavaRedux/java/lang/String.key 
16059      DEBUG main            d.u.i.k.p.i.KeYFile       Read specifications obtained when parsing the Java files (usually JML and Strings.key) from /home/runner/work/key/key/key.core/../key.ui/examples/InformationFlow/MethodContracts/contract.IFMethodContract(contract.IFMethodContract__secure_recursion(int)).Non-interference contract.0.m.key 
16130      DEBUG main            d.u.i.k.m.s.ProofScriptEngine 1: 'macro 'infflow-autopilot'' 
16195      DEBUG main            d.u.i.k.p.m.ProofCorrectnessMgt No justification found for rule Class_invariant_axiom_for_contract_IFMethodContract 
16277      DEBUG main            d.u.i.k.p.m.ProofCorrectnessMgt No justification found for rule Class_invariant_axiom_for_contract_IFMethodContract 
16278      DEBUG main            d.u.i.k.p.m.ProofCorrectnessMgt No justification found for rule Class_invariant_axiom_for_contract_IFMethodContract 
16283      DEBUG main            d.u.i.k.j.TypeConverter   typeconverter: (prefix this;, class class de.uka.ilkd.key.java.reference.ThisReference) 
16307      DEBUG main            d.u.i.k.j.TypeConverter   typeconverter: (prefix this;, class class de.uka.ilkd.key.java.reference.ThisReference) 
16339      DEBUG main            d.u.i.k.p.m.ProofCorrectnessMgt No justification found for rule Class_invariant_axiom_for_contract_IFMethodContract 
16773      INFO  main            d.u.i.k.p.r.p.TestFile    ... finished proof: closed. 
16921      DEBUG main            d.u.i.k.s.TermLabelSettings TermLabelSettings: Failure while reading the setting "UseOriginLabels".Using the default value: true.The string read was: null 
16921      INFO  main            d.u.i.k.p.r.p.TestFile    Now processing file /home/runner/work/key/key/key.core/../key.ui/examples/InformationFlow/MethodContracts/contract.IFMethodContract(contract.IFMethodContract__secure_catch_exception()).Non-interference contract.0.m.key 
17788      DEBUG main            d.u.i.k.j.Recoder2KeY     converting now /home/runner/work/key/key/key.core/../key.ui/examples/InformationFlow/MethodContracts/src/contract/IFMethodContract.java 
17795      DEBUG main            d.u.i.k.s.TermLabelSettings TermLabelSettings: Failure while reading the setting "UseOriginLabels".Using the default value: true.The string read was: null 
17795      DEBUG main            d.u.i.k.p.i.KeYFile       Reading KeY file /home/runner/work/key/key/key.core/../key.ui/examples/InformationFlow/MethodContracts/contract.IFMethodContract(contract.IFMethodContract__secure_catch_exception()).Non-interference contract.0.m.key 
17797      DEBUG main            d.u.i.k.p.i.KeYFile       Reading KeY file file:/home/runner/work/key/key/key.core/build/resources/main/de/uka/ilkd/key/java/JavaRedux/java/lang/String.key 
17799      DEBUG main            d.u.i.k.p.i.KeYFile       Read specifications obtained when parsing the Java files (usually JML and Strings.key) from file:/home/runner/work/key/key/key.core/build/resources/main/de/uka/ilkd/key/java/JavaRedux/java/lang/String.key 
19545      DEBUG main            d.u.i.k.p.i.KeYFile       Read specifications obtained when parsing the Java files (usually JML and Strings.key) from /home/runner/work/key/key/key.core/../key.ui/examples/InformationFlow/MethodContracts/contract.IFMethodContract(contract.IFMethodContract__secure_catch_exception()).Non-interference contract.0.m.key 
19600      DEBUG main            d.u.i.k.m.s.ProofScriptEngine 1: 'macro 'infflow-autopilot'' 
19643      DEBUG main            d.u.i.k.p.m.ProofCorrectnessMgt No justification found for rule Class_invariant_axiom_for_contract_IFMethodContract 
19646      DEBUG main            d.u.i.k.r.m.MethodCall    method-call: called for n7(); 
19646      DEBUG main            d.u.i.k.r.m.MethodCall    method-call: invocation of non-private instance method detected.Requires dynamic resolving. 
19742      DEBUG main            d.u.i.k.j.TypeConverter   typeconverter: (prefix this;, class class de.uka.ilkd.key.java.reference.ThisReference) 
19899      INFO  main            d.u.i.k.p.r.p.TestFile    ... finished proof: closed. 
20048      DEBUG main            d.u.i.k.s.TermLabelSettings TermLabelSettings: Failure while reading the setting "UseOriginLabels".Using the default value: true.The string read was: null 
20048      INFO  main            d.u.i.k.p.r.p.TestFile    Now processing file /home/runner/work/key/key/key.core/../key.ui/examples/InformationFlow/MethodContracts/contract.IFMethodContract(contract.IFMethodContract__n6()).Non-interference contract.0.m.key 
20933      DEBUG main            d.u.i.k.j.Recoder2KeY     converting now /home/runner/work/key/key/key.core/../key.ui/examples/InformationFlow/MethodContracts/src/contract/IFMethodContract.java 
20939      DEBUG main            d.u.i.k.s.TermLabelSettings TermLabelSettings: Failure while reading the setting "UseOriginLabels".Using the default value: true.The string read was: null 
20939      DEBUG main            d.u.i.k.p.i.KeYFile       Reading KeY file /home/runner/work/key/key/key.core/../key.ui/examples/InformationFlow/MethodContracts/contract.IFMethodContract(contract.IFMethodContract__n6()).Non-interference contract.0.m.key 
20941      DEBUG main            d.u.i.k.p.i.KeYFile       Reading KeY file file:/home/runner/work/key/key/key.core/build/resources/main/de/uka/ilkd/key/java/JavaRedux/java/lang/String.key 
20943      DEBUG main            d.u.i.k.p.i.KeYFile       Read specifications obtained when parsing the Java files (usually JML and Strings.key) from file:/home/runner/work/key/key/key.core/build/resources/main/de/uka/ilkd/key/java/JavaRedux/java/lang/String.key 
22682      DEBUG main            d.u.i.k.p.i.KeYFile       Read specifications obtained when parsing the Java files (usually JML and Strings.key) from /home/runner/work/key/key/key.core/../key.ui/examples/InformationFlow/MethodContracts/contract.IFMethodContract(contract.IFMethodContract__n6()).Non-interference contract.0.m.key 
22732      DEBUG main            d.u.i.k.m.s.ProofScriptEngine 1: 'macro 'infflow-autopilot'' 
22773      DEBUG main            d.u.i.k.p.m.ProofCorrectnessMgt No justification found for rule Class_invariant_axiom_for_contract_IFMethodContract 
22781      DEBUG main            d.u.i.k.j.TypeConverter   typeconverter: (prefix this;, class class de.uka.ilkd.key.java.reference.ThisReference) 
22784      DEBUG main            d.u.i.k.j.TypeConverter   typeconverter: (prefix this;, class class de.uka.ilkd.key.java.reference.ThisReference) 
22792      DEBUG main            d.u.i.k.j.TypeConverter   typeconverter: (prefix this;, class class de.uka.ilkd.key.java.reference.ThisReference) 
22879      INFO  main            d.u.i.k.p.r.p.TestFile    ... finished proof: closed. 
23015      DEBUG main            d.u.i.k.s.TermLabelSettings TermLabelSettings: Failure while reading the setting "UseOriginLabels".Using the default value: true.The string read was: null 
23015      INFO  main            d.u.i.k.p.r.p.TestFile    Now processing file /home/runner/work/key/key/key.core/../key.ui/examples/InformationFlow/MethodContracts/contract.IFMethodContract(contract.IFMethodContract__secure_n6()).Non-interference contract.0.m.key 
23849      DEBUG main            d.u.i.k.j.Recoder2KeY     converting now /home/runner/work/key/key/key.core/../key.ui/examples/InformationFlow/MethodContracts/src/contract/IFMethodContract.java 
23854      DEBUG main            d.u.i.k.s.TermLabelSettings TermLabelSettings: Failure while reading the setting "UseOriginLabels".Using the default value: true.The string read was: null 
23854      DEBUG main            d.u.i.k.p.i.KeYFile       Reading KeY file /home/runner/work/key/key/key.core/../key.ui/examples/InformationFlow/MethodContracts/contract.IFMethodContract(contract.IFMethodContract__secure_n6()).Non-interference contract.0.m.key 
23855      DEBUG main            d.u.i.k.p.i.KeYFile       Reading KeY file file:/home/runner/work/key/key/key.core/build/resources/main/de/uka/ilkd/key/java/JavaRedux/java/lang/String.key 
23858      DEBUG main            d.u.i.k.p.i.KeYFile       Read specifications obtained when parsing the Java files (usually JML and Strings.key) from file:/home/runner/work/key/key/key.core/build/resources/main/de/uka/ilkd/key/java/JavaRedux/java/lang/String.key 
25566      DEBUG main            d.u.i.k.p.i.KeYFile       Read specifications obtained when parsing the Java files (usually JML and Strings.key) from /home/runner/work/key/key/key.core/../key.ui/examples/InformationFlow/MethodContracts/contract.IFMethodContract(contract.IFMethodContract__secure_n6()).Non-interference contract.0.m.key 
25615      DEBUG main            d.u.i.k.m.s.ProofScriptEngine 1: 'macro 'infflow-autopilot'' 
25654      DEBUG main            d.u.i.k.p.m.ProofCorrectnessMgt No justification found for rule Class_invariant_axiom_for_contract_IFMethodContract 
25675      DEBUG main            d.u.i.k.p.m.ProofCorrectnessMgt No justification found for rule Class_invariant_axiom_for_contract_IFMethodContract 
25676      DEBUG main            d.u.i.k.p.m.ProofCorrectnessMgt No justification found for rule Class_invariant_axiom_for_contract_IFMethodContract 
25690      DEBUG main            d.u.i.k.p.m.ProofCorrectnessMgt No justification found for rule Class_invariant_axiom_for_contract_IFMethodContract 
25839      INFO  main            d.u.i.k.p.r.p.TestFile    ... finished proof: closed. 
25979      DEBUG main            d.u.i.k.s.TermLabelSettings TermLabelSettings: Failure while reading the setting "UseOriginLabels".Using the default value: true.The string read was: null 
25979      INFO  main            d.u.i.k.p.r.p.TestFile    Now processing file /home/runner/work/key/key/key.core/../key.ui/examples/InformationFlow/MethodContracts/contract.IFMethodContract(contract.IFMethodContract__secure_array_param((I,int)).Non-interference contract.0.m.key 
26850      DEBUG main            d.u.i.k.j.Recoder2KeY     converting now /home/runner/work/key/key/key.core/../key.ui/examples/InformationFlow/MethodContracts/src/contract/IFMethodContract.java 
26855      DEBUG main            d.u.i.k.s.TermLabelSettings TermLabelSettings: Failure while reading the setting "UseOriginLabels".Using the default value: true.The string read was: null 
26856      DEBUG main            d.u.i.k.p.i.KeYFile       Reading KeY file /home/runner/work/key/key/key.core/../key.ui/examples/InformationFlow/MethodContracts/contract.IFMethodContract(contract.IFMethodContract__secure_array_param((I,int)).Non-interference contract.0.m.key 
26857      DEBUG main            d.u.i.k.p.i.KeYFile       Reading KeY file file:/home/runner/work/key/key/key.core/build/resources/main/de/uka/ilkd/key/java/JavaRedux/java/lang/String.key 
26859      DEBUG main            d.u.i.k.p.i.KeYFile       Read specifications obtained when parsing the Java files (usually JML and Strings.key) from file:/home/runner/work/key/key/key.core/build/resources/main/de/uka/ilkd/key/java/JavaRedux/java/lang/String.key 
28541      DEBUG main            d.u.i.k.p.i.KeYFile       Read specifications obtained when parsing the Java files (usually JML and Strings.key) from /home/runner/work/key/key/key.core/../key.ui/examples/InformationFlow/MethodContracts/contract.IFMethodContract(contract.IFMethodContract__secure_array_param((I,int)).Non-interference contract.0.m.key 
28586      DEBUG main            d.u.i.k.m.s.ProofScriptEngine 1: 'macro 'infflow-autopilot'' 
28632      DEBUG main            d.u.i.k.p.m.ProofCorrectnessMgt No justification found for rule Class_invariant_axiom_for_contract_IFMethodContract 
28672      DEBUG main            d.u.i.k.p.m.ProofCorrectnessMgt No justification found for rule Class_invariant_axiom_for_contract_IFMethodContract 
28673      DEBUG main            d.u.i.k.p.m.ProofCorrectnessMgt No justification found for rule Class_invariant_axiom_for_contract_IFMethodContract 
28722      DEBUG main            d.u.i.k.p.m.ProofCorrectnessMgt No justification found for rule Class_invariant_axiom_for_contract_IFMethodContract 
30263      INFO  main            d.u.i.k.p.r.p.TestFile    ... finished proof: closed. 
30422      DEBUG main            d.u.i.k.s.TermLabelSettings TermLabelSettings: Failure while reading the setting "UseOriginLabels".Using the default value: true.The string read was: null 
30422      INFO  main            d.u.i.k.p.r.p.TestFile    Now processing file /home/runner/work/key/key/key.core/../key.ui/examples/InformationFlow/MethodContracts/contract.IFMethodContract(contract.IFMethodContract__secure_assignment_0_n9()).Non-interference contract.0.m.key 
31258      DEBUG main            d.u.i.k.j.Recoder2KeY     converting now /home/runner/work/key/key/key.core/../key.ui/examples/InformationFlow/MethodContracts/src/contract/IFMethodContract.java 
31263      DEBUG main            d.u.i.k.s.TermLabelSettings TermLabelSettings: Failure while reading the setting "UseOriginLabels".Using the default value: true.The string read was: null 
31264      DEBUG main            d.u.i.k.p.i.KeYFile       Reading KeY file /home/runner/work/key/key/key.core/../key.ui/examples/InformationFlow/MethodContracts/contract.IFMethodContract(contract.IFMethodContract__secure_assignment_0_n9()).Non-interference contract.0.m.key 
31265      DEBUG main            d.u.i.k.p.i.KeYFile       Reading KeY file file:/home/runner/work/key/key/key.core/build/resources/main/de/uka/ilkd/key/java/JavaRedux/java/lang/String.key 
31267      DEBUG main            d.u.i.k.p.i.KeYFile       Read specifications obtained when parsing the Java files (usually JML and Strings.key) from file:/home/runner/work/key/key/key.core/build/resources/main/de/uka/ilkd/key/java/JavaRedux/java/lang/String.key 
32959      DEBUG main            d.u.i.k.p.i.KeYFile       Read specifications obtained when parsing the Java files (usually JML and Strings.key) from /home/runner/work/key/key/key.core/../key.ui/examples/InformationFlow/MethodContracts/contract.IFMethodContract(contract.IFMethodContract__secure_assignment_0_n9()).Non-interference contract.0.m.key 
33006      DEBUG main            d.u.i.k.m.s.ProofScriptEngine 1: 'macro 'infflow-autopilot'' 
33044      DEBUG main            d.u.i.k.p.m.ProofCorrectnessMgt No justification found for rule Class_invariant_axiom_for_contract_IFMethodContract 
33047      DEBUG main            d.u.i.k.j.TypeConverter   typeconverter: (prefix this;, class class de.uka.ilkd.key.java.reference.ThisReference) 
33096      DEBUG main            d.u.i.k.p.m.ProofCorrectnessMgt No justification found for rule Class_invariant_axiom_for_contract_IFMethodContract 
33097      DEBUG main            d.u.i.k.p.m.ProofCorrectnessMgt No justification found for rule Class_invariant_axiom_for_contract_IFMethodContract 
33109      DEBUG main            d.u.i.k.p.m.ProofCorrectnessMgt No justification found for rule Class_invariant_axiom_for_contract_IFMethodContract 
33233      INFO  main            d.u.i.k.p.r.p.TestFile    ... finished proof: closed. 
33377      DEBUG main            d.u.i.k.s.TermLabelSettings TermLabelSettings: Failure while reading the setting "UseOriginLabels".Using the default value: true.The string read was: null 
33377      INFO  main            d.u.i.k.p.r.p.TestFile    Now processing file /home/runner/work/key/key/key.core/../key.ui/examples/InformationFlow/MethodContracts/contract.IFMethodContract(contract.IFMethodContract__insecure_if_high_n5_n1()).Non-interference contract.0.m.key 
34205      DEBUG main            d.u.i.k.j.Recoder2KeY     converting now /home/runner/work/key/key/key.core/../key.ui/examples/InformationFlow/MethodContracts/src/contract/IFMethodContract.java 
34213      DEBUG main            d.u.i.k.s.TermLabelSettings TermLabelSettings: Failure while reading the setting "UseOriginLabels".Using the default value: true.The string read was: null 
34214      DEBUG main            d.u.i.k.p.i.KeYFile       Reading KeY file /home/runner/work/key/key/key.core/../key.ui/examples/InformationFlow/MethodContracts/contract.IFMethodContract(contract.IFMethodContract__insecure_if_high_n5_n1()).Non-interference contract.0.m.key 
34214      DEBUG main            d.u.i.k.p.i.KeYFile       Reading KeY file file:/home/runner/work/key/key/key.core/build/resources/main/de/uka/ilkd/key/java/JavaRedux/java/lang/String.key 
34217      DEBUG main            d.u.i.k.p.i.KeYFile       Read specifications obtained when parsing the Java files (usually JML and Strings.key) from file:/home/runner/work/key/key/key.core/build/resources/main/de/uka/ilkd/key/java/JavaRedux/java/lang/String.key 
35891      DEBUG main            d.u.i.k.p.i.KeYFile       Read specifications obtained when parsing the Java files (usually JML and Strings.key) from /home/runner/work/key/key/key.core/../key.ui/examples/InformationFlow/MethodContracts/contract.IFMethodContract(contract.IFMethodContract__insecure_if_high_n5_n1()).Non-interference contract.0.m.key 
35944      DEBUG main            d.u.i.k.m.s.ProofScriptEngine 1: 'macro 'infflow-autopilot'' 
35975      DEBUG main            d.u.i.k.p.m.ProofCorrectnessMgt No justification found for rule Class_invariant_axiom_for_contract_IFMethodContract 
35980      DEBUG main            d.u.i.k.j.TypeConverter   typeconverter: (prefix this;, class class de.uka.ilkd.key.java.reference.ThisReference) 
35991      DEBUG main            d.u.i.k.j.TypeConverter   typeconverter: (prefix this;, class class de.uka.ilkd.key.java.reference.ThisReference) 
36012      DEBUG main            d.u.i.k.p.m.ProofCorrectnessMgt No justification found for rule Class_invariant_axiom_for_contract_IFMethodContract 
36012      DEBUG main            d.u.i.k.p.m.ProofCorrectnessMgt No justification found for rule Class_invariant_axiom_for_contract_IFMethodContract 
36018      DEBUG main            d.u.i.k.j.TypeConverter   typeconverter: (prefix this;, class class de.uka.ilkd.key.java.reference.ThisReference) 
36023      DEBUG main            d.u.i.k.j.TypeConverter   typeconverter: (prefix this;, class class de.uka.ilkd.key.java.reference.ThisReference) 
36051      DEBUG main            d.u.i.k.p.m.ProofCorrectnessMgt No justification found for rule Class_invariant_axiom_for_contract_IFMethodContract 
36052      DEBUG main            d.u.i.k.p.m.ProofCorrectnessMgt No justification found for rule Class_invariant_axiom_for_contract_IFMethodContract 
36071      DEBUG main            d.u.i.k.p.m.ProofCorrectnessMgt No justification found for rule Class_invariant_axiom_for_contract_IFMethodContract 
36071      DEBUG main            d.u.i.k.p.m.ProofCorrectnessMgt No justification found for rule Class_invariant_axiom_for_contract_IFMethodContract 
36092      DEBUG main            d.u.i.k.p.m.ProofCorrectnessMgt No justification found for rule Class_invariant_axiom_for_contract_IFMethodContract 
36097      DEBUG main            d.u.i.k.p.m.ProofCorrectnessMgt No justification found for rule Class_invariant_axiom_for_contract_IFMethodContract 
36107      DEBUG main            d.u.i.k.p.m.ProofCorrectnessMgt No justification found for rule Class_invariant_axiom_for_contract_IFMethodContract 
36666      INFO  main            d.u.i.k.p.r.p.TestFile    ... finished proof: open goal(s) 
36828      DEBUG main            d.u.i.k.s.TermLabelSettings TermLabelSettings: Failure while reading the setting "UseOriginLabels".Using the default value: true.The string read was: null 
36828      INFO  main            d.u.i.k.p.r.p.TestFile    Now processing file /home/runner/work/key/key/key.core/../key.ui/examples/InformationFlow/MethodContracts/contract.IFMethodContract(contract.IFMethodContract__n5(int)).Non-interference contract.0.m.key 
37660      DEBUG main            d.u.i.k.j.Recoder2KeY     converting now /home/runner/work/key/key/key.core/../key.ui/examples/InformationFlow/MethodContracts/src/contract/IFMethodContract.java 
37665      DEBUG main            d.u.i.k.s.TermLabelSettings TermLabelSettings: Failure while reading the setting "UseOriginLabels".Using the default value: true.The string read was: null 
37665      DEBUG main            d.u.i.k.p.i.KeYFile       Reading KeY file /home/runner/work/key/key/key.core/../key.ui/examples/InformationFlow/MethodContracts/contract.IFMethodContract(contract.IFMethodContract__n5(int)).Non-interference contract.0.m.key 
37666      DEBUG main            d.u.i.k.p.i.KeYFile       Reading KeY file file:/home/runner/work/key/key/key.core/build/resources/main/de/uka/ilkd/key/java/JavaRedux/java/lang/String.key 
37668      DEBUG main            d.u.i.k.p.i.KeYFile       Read specifications obtained when parsing the Java files (usually JML and Strings.key) from file:/home/runner/work/key/key/key.core/build/resources/main/de/uka/ilkd/key/java/JavaRedux/java/lang/String.key 
39302      DEBUG main            d.u.i.k.p.i.KeYFile       Read specifications obtained when parsing the Java files (usually JML and Strings.key) from /home/runner/work/key/key/key.core/../key.ui/examples/InformationFlow/MethodContracts/contract.IFMethodContract(contract.IFMethodContract__n5(int)).Non-interference contract.0.m.key 
39344      DEBUG main            d.u.i.k.m.s.ProofScriptEngine 1: 'macro 'infflow-autopilot'' 
39378      DEBUG main            d.u.i.k.p.m.ProofCorrectnessMgt No justification found for rule Class_invariant_axiom_for_contract_IFMethodContract 
39382      DEBUG main            d.u.i.k.j.TypeConverter   typeconverter: (prefix this;, class class de.uka.ilkd.key.java.reference.ThisReference) 
39464      INFO  main            d.u.i.k.p.r.p.TestFile    ... finished proof: closed. 
39636      DEBUG main            d.u.i.k.s.TermLabelSettings TermLabelSettings: Failure while reading the setting "UseOriginLabels".Using the default value: true.The string read was: null 
39636      INFO  main            d.u.i.k.p.r.p.TestFile    Now processing file /home/runner/work/key/key/key.core/../key.ui/examples/InformationFlow/MethodContracts/contract.IFMethodContract(contract.IFMethodContract__secure_if_high_n5_n1()).Non-interference contract.0.m.key 
40432      DEBUG main            d.u.i.k.j.Recoder2KeY     converting now /home/runner/work/key/key/key.core/../key.ui/examples/InformationFlow/MethodContracts/src/contract/IFMethodContract.java 
40437      DEBUG main            d.u.i.k.s.TermLabelSettings TermLabelSettings: Failure while reading the setting "UseOriginLabels".Using the default value: true.The string read was: null 
40437      DEBUG main            d.u.i.k.p.i.KeYFile       Reading KeY file /home/runner/work/key/key/key.core/../key.ui/examples/InformationFlow/MethodContracts/contract.IFMethodContract(contract.IFMethodContract__secure_if_high_n5_n1()).Non-interference contract.0.m.key 
40438      DEBUG main            d.u.i.k.p.i.KeYFile       Reading KeY file file:/home/runner/work/key/key/key.core/build/resources/main/de/uka/ilkd/key/java/JavaRedux/java/lang/String.key 
40441      DEBUG main            d.u.i.k.p.i.KeYFile       Read specifications obtained when parsing the Java files (usually JML and Strings.key) from file:/home/runner/work/key/key/key.core/build/resources/main/de/uka/ilkd/key/java/JavaRedux/java/lang/String.key 
42093      DEBUG main            d.u.i.k.p.i.KeYFile       Read specifications obtained when parsing the Java files (usually JML and Strings.key) from /home/runner/work/key/key/key.core/../key.ui/examples/InformationFlow/MethodContracts/contract.IFMethodContract(contract.IFMethodContract__secure_if_high_n5_n1()).Non-interference contract.0.m.key 
42133      DEBUG main            d.u.i.k.m.s.ProofScriptEngine 1: 'macro 'infflow-autopilot'' 
42162      DEBUG main            d.u.i.k.p.m.ProofCorrectnessMgt No justification found for rule Class_invariant_axiom_for_contract_IFMethodContract 
42167      DEBUG main            d.u.i.k.j.TypeConverter   typeconverter: (prefix this;, class class de.uka.ilkd.key.java.reference.ThisReference) 
42179      DEBUG main            d.u.i.k.j.TypeConverter   typeconverter: (prefix this;, class class de.uka.ilkd.key.java.reference.ThisReference) 
42184      DEBUG main            d.u.i.k.j.TypeConverter   typeconverter: (prefix this;, class class de.uka.ilkd.key.java.reference.ThisReference) 
42202      DEBUG main            d.u.i.k.j.TypeConverter   typeconverter: (prefix this;, class class de.uka.ilkd.key.java.reference.ThisReference) 
42212      DEBUG main            d.u.i.k.j.TypeConverter   typeconverter: (prefix this;, class class de.uka.ilkd.key.java.reference.ThisReference) 
42251      DEBUG main            d.u.i.k.j.TypeConverter   typeconverter: (prefix this;, class class de.uka.ilkd.key.java.reference.ThisReference) 
42254      DEBUG main            d.u.i.k.p.m.ProofCorrectnessMgt No justification found for rule Class_invariant_axiom_for_contract_IFMethodContract 
42255      DEBUG main            d.u.i.k.p.m.ProofCorrectnessMgt No justification found for rule Class_invariant_axiom_for_contract_IFMethodContract 
42274      DEBUG main            d.u.i.k.p.m.ProofCorrectnessMgt No justification found for rule Class_invariant_axiom_for_contract_IFMethodContract 
42275      DEBUG main            d.u.i.k.p.m.ProofCorrectnessMgt No justification found for rule Class_invariant_axiom_for_contract_IFMethodContract 
42281      DEBUG main            d.u.i.k.j.TypeConverter   typeconverter: (prefix this;, class class de.uka.ilkd.key.java.reference.ThisReference) 
42286      DEBUG main            d.u.i.k.j.TypeConverter   typeconverter: (prefix this;, class class de.uka.ilkd.key.java.reference.ThisReference) 
42312      DEBUG main            d.u.i.k.p.m.ProofCorrectnessMgt No justification found for rule Class_invariant_axiom_for_contract_IFMethodContract 
42313      DEBUG main            d.u.i.k.p.m.ProofCorrectnessMgt No justification found for rule Class_invariant_axiom_for_contract_IFMethodContract 
42330      DEBUG main            d.u.i.k.p.m.ProofCorrectnessMgt No justification found for rule Class_invariant_axiom_for_contract_IFMethodContract 
42331      DEBUG main            d.u.i.k.p.m.ProofCorrectnessMgt No justification found for rule Class_invariant_axiom_for_contract_IFMethodContract 
42350      DEBUG main            d.u.i.k.p.m.ProofCorrectnessMgt No justification found for rule Class_invariant_axiom_for_contract_IFMethodContract 
42355      DEBUG main            d.u.i.k.p.m.ProofCorrectnessMgt No justification found for rule Class_invariant_axiom_for_contract_IFMethodContract 
42374      DEBUG main            d.u.i.k.p.m.ProofCorrectnessMgt No justification found for rule Class_invariant_axiom_for_contract_IFMethodContract 
42378      DEBUG main            d.u.i.k.p.m.ProofCorrectnessMgt No justification found for rule Class_invariant_axiom_for_contract_IFMethodContract 
43012      INFO  main            d.u.i.k.p.r.p.TestFile    ... finished proof: closed. 
43171      DEBUG main            d.u.i.k.s.TermLabelSettings TermLabelSettings: Failure while reading the setting "UseOriginLabels".Using the default value: true.The string read was: null 
43171      INFO  main            d.u.i.k.p.r.p.TestFile    Now processing file /home/runner/work/key/key/key.core/../key.ui/examples/InformationFlow/MethodContracts/contract.IFMethodContract(contract.IFMethodContract__secure_if_high_n1()).Non-interference contract.0.m.key 
43965      DEBUG main            d.u.i.k.j.Recoder2KeY     converting now /home/runner/work/key/key/key.core/../key.ui/examples/InformationFlow/MethodContracts/src/contract/IFMethodContract.java 
43970      DEBUG main            d.u.i.k.s.TermLabelSettings TermLabelSettings: Failure while reading the setting "UseOriginLabels".Using the default value: true.The string read was: null 
43970      DEBUG main            d.u.i.k.p.i.KeYFile       Reading KeY file /home/runner/work/key/key/key.core/../key.ui/examples/InformationFlow/MethodContracts/contract.IFMethodContract(contract.IFMethodContract__secure_if_high_n1()).Non-interference contract.0.m.key 
43971      DEBUG main            d.u.i.k.p.i.KeYFile       Reading KeY file file:/home/runner/work/key/key/key.core/build/resources/main/de/uka/ilkd/key/java/JavaRedux/java/lang/String.key 
43973      DEBUG main            d.u.i.k.p.i.KeYFile       Read specifications obtained when parsing the Java files (usually JML and Strings.key) from file:/home/runner/work/key/key/key.core/build/resources/main/de/uka/ilkd/key/java/JavaRedux/java/lang/String.key 
45613      DEBUG main            d.u.i.k.p.i.KeYFile       Read specifications obtained when parsing the Java files (usually JML and Strings.key) from /home/runner/work/key/key/key.core/../key.ui/examples/InformationFlow/MethodContracts/contract.IFMethodContract(contract.IFMethodContract__secure_if_high_n1()).Non-interference contract.0.m.key 
45653      DEBUG main            d.u.i.k.m.s.ProofScriptEngine 1: 'macro 'infflow-autopilot'' 
45697      DEBUG main            d.u.i.k.p.m.ProofCorrectnessMgt No justification found for rule Class_invariant_axiom_for_contract_IFMethodContract 
45703      DEBUG main            d.u.i.k.j.TypeConverter   typeconverter: (prefix this;, class class de.uka.ilkd.key.java.reference.ThisReference) 
45715      DEBUG main            d.u.i.k.j.TypeConverter   typeconverter: (prefix this;, class class de.uka.ilkd.key.java.reference.ThisReference) 
45722      DEBUG main            d.u.i.k.j.TypeConverter   typeconverter: (prefix this;, class class de.uka.ilkd.key.java.reference.ThisReference) 
45753      DEBUG main            d.u.i.k.p.m.ProofCorrectnessMgt No justification found for rule Class_invariant_axiom_for_contract_IFMethodContract 
45754      DEBUG main            d.u.i.k.p.m.ProofCorrectnessMgt No justification found for rule Class_invariant_axiom_for_contract_IFMethodContract 
45760      DEBUG main            d.u.i.k.j.TypeConverter   typeconverter: (prefix this;, class class de.uka.ilkd.key.java.reference.ThisReference) 
45767      DEBUG main            d.u.i.k.j.TypeConverter   typeconverter: (prefix this;, class class de.uka.ilkd.key.java.reference.ThisReference) 
45797      DEBUG main            d.u.i.k.p.m.ProofCorrectnessMgt No justification found for rule Class_invariant_axiom_for_contract_IFMethodContract 
45798      DEBUG main            d.u.i.k.p.m.ProofCorrectnessMgt No justification found for rule Class_invariant_axiom_for_contract_IFMethodContract 
45814      DEBUG main            d.u.i.k.p.m.ProofCorrectnessMgt No justification found for rule Class_invariant_axiom_for_contract_IFMethodContract 
45826      DEBUG main            d.u.i.k.p.m.ProofCorrectnessMgt No justification found for rule Class_invariant_axiom_for_contract_IFMethodContract 
46170      INFO  main            d.u.i.k.p.r.p.TestFile    ... finished proof: closed. 
46328      DEBUG main            d.u.i.k.s.TermLabelSettings TermLabelSettings: Failure while reading the setting "UseOriginLabels".Using the default value: true.The string read was: null 
46328      INFO  main            d.u.i.k.p.r.p.TestFile    Now processing file /home/runner/work/key/key/key.core/../key.ui/examples/InformationFlow/MethodContracts/contract.IFMethodContract(contract.IFMethodContract__secure_n5()).Non-interference contract.0.m.key 
47143      DEBUG main            d.u.i.k.j.Recoder2KeY     converting now /home/runner/work/key/key/key.core/../key.ui/examples/InformationFlow/MethodContracts/src/contract/IFMethodContract.java 
47148      DEBUG main            d.u.i.k.s.TermLabelSettings TermLabelSettings: Failure while reading the setting "UseOriginLabels".Using the default value: true.The string read was: null 
47148      DEBUG main            d.u.i.k.p.i.KeYFile       Reading KeY file /home/runner/work/key/key/key.core/../key.ui/examples/InformationFlow/MethodContracts/contract.IFMethodContract(contract.IFMethodContract__secure_n5()).Non-interference contract.0.m.key 
47149      DEBUG main            d.u.i.k.p.i.KeYFile       Reading KeY file file:/home/runner/work/key/key/key.core/build/resources/main/de/uka/ilkd/key/java/JavaRedux/java/lang/String.key 
47151      DEBUG main            d.u.i.k.p.i.KeYFile       Read specifications obtained when parsing the Java files (usually JML and Strings.key) from file:/home/runner/work/key/key/key.core/build/resources/main/de/uka/ilkd/key/java/JavaRedux/java/lang/String.key 
48819      DEBUG main            d.u.i.k.p.i.KeYFile       Read specifications obtained when parsing the Java files (usually JML and Strings.key) from /home/runner/work/key/key/key.core/../key.ui/examples/InformationFlow/MethodContracts/contract.IFMethodContract(contract.IFMethodContract__secure_n5()).Non-interference contract.0.m.key 
48858      DEBUG main            d.u.i.k.m.s.ProofScriptEngine 1: 'macro 'infflow-autopilot'' 
48888      DEBUG main            d.u.i.k.p.m.ProofCorrectnessMgt No justification found for rule Class_invariant_axiom_for_contract_IFMethodContract 
48906      DEBUG main            d.u.i.k.j.TypeConverter   typeconverter: (prefix this;, class class de.uka.ilkd.key.java.reference.ThisReference) 
48911      DEBUG main            d.u.i.k.j.TypeConverter   typeconverter: (prefix this;, class class de.uka.ilkd.key.java.reference.ThisReference) 
48937      DEBUG main            d.u.i.k.p.m.ProofCorrectnessMgt No justification found for rule Class_invariant_axiom_for_contract_IFMethodContract 
48937      DEBUG main            d.u.i.k.p.m.ProofCorrectnessMgt No justification found for rule Class_invariant_axiom_for_contract_IFMethodContract 
48948      DEBUG main            d.u.i.k.p.m.ProofCorrectnessMgt No justification found for rule Class_invariant_axiom_for_contract_IFMethodContract 
49071      INFO  main            d.u.i.k.p.r.p.TestFile    ... finished proof: closed. 
49224      DEBUG main            d.u.i.k.s.TermLabelSettings TermLabelSettings: Failure while reading the setting "UseOriginLabels".Using the default value: true.The string read was: null 
49224      INFO  main            d.u.i.k.p.r.p.TestFile    Now processing file /home/runner/work/key/key/key.core/../key.ui/examples/InformationFlow/MethodContracts/contract.IFMethodContract(contract.IFMethodContract__n4()).Non-interference contract.0.m.key 
50012      DEBUG main            d.u.i.k.j.Recoder2KeY     converting now /home/runner/work/key/key/key.core/../key.ui/examples/InformationFlow/MethodContracts/src/contract/IFMethodContract.java 
50017      DEBUG main            d.u.i.k.s.TermLabelSettings TermLabelSettings: Failure while reading the setting "UseOriginLabels".Using the default value: true.The string read was: null 
50018      DEBUG main            d.u.i.k.p.i.KeYFile       Reading KeY file /home/runner/work/key/key/key.core/../key.ui/examples/InformationFlow/MethodContracts/contract.IFMethodContract(contract.IFMethodContract__n4()).Non-interference contract.0.m.key 
50019      DEBUG main            d.u.i.k.p.i.KeYFile       Reading KeY file file:/home/runner/work/key/key/key.core/build/resources/main/de/uka/ilkd/key/java/JavaRedux/java/lang/String.key 
50021      DEBUG main            d.u.i.k.p.i.KeYFile       Read specifications obtained when parsing the Java files (usually JML and Strings.key) from file:/home/runner/work/key/key/key.core/build/resources/main/de/uka/ilkd/key/java/JavaRedux/java/lang/String.key 
51674      DEBUG main            d.u.i.k.p.i.KeYFile       Read specifications obtained when parsing the Java files (usually JML and Strings.key) from /home/runner/work/key/key/key.core/../key.ui/examples/InformationFlow/MethodContracts/contract.IFMethodContract(contract.IFMethodContract__n4()).Non-interference contract.0.m.key 
51713      DEBUG main            d.u.i.k.m.s.ProofScriptEngine 1: 'macro 'infflow-autopilot'' 
51744      DEBUG main            d.u.i.k.p.m.ProofCorrectnessMgt No justification found for rule Class_invariant_axiom_for_contract_IFMethodContract 
51749      DEBUG main            d.u.i.k.j.TypeConverter   typeconverter: (prefix this;, class class de.uka.ilkd.key.java.reference.ThisReference) 
51761      DEBUG main            d.u.i.k.j.TypeConverter   typeconverter: (prefix this;, class class de.uka.ilkd.key.java.reference.ThisReference) 
51763      DEBUG main            d.u.i.k.j.TypeConverter   typeconverter: (prefix this;, class class de.uka.ilkd.key.java.reference.ThisReference) 
51768      DEBUG main            d.u.i.k.j.TypeConverter   typeconverter: (prefix this;, class class de.uka.ilkd.key.java.reference.ThisReference) 
51859      INFO  main            d.u.i.k.p.r.p.TestFile    ... finished proof: closed. 
52029      DEBUG main            d.u.i.k.s.TermLabelSettings TermLabelSettings: Failure while reading the setting "UseOriginLabels".Using the default value: true.The string read was: null 
52029      INFO  main            d.u.i.k.p.r.p.TestFile    Now processing file /home/runner/work/key/key/key.core/../key.ui/examples/InformationFlow/MethodContracts/contract.IFMethodContract(contract.IFMethodContract__n3()).Non-interference contract.0.m.key 
52820      DEBUG main            d.u.i.k.j.Recoder2KeY     converting now /home/runner/work/key/key/key.core/../key.ui/examples/InformationFlow/MethodContracts/src/contract/IFMethodContract.java 
52825      DEBUG main            d.u.i.k.s.TermLabelSettings TermLabelSettings: Failure while reading the setting "UseOriginLabels".Using the default value: true.The string read was: null 
52826      DEBUG main            d.u.i.k.p.i.KeYFile       Reading KeY file /home/runner/work/key/key/key.core/../key.ui/examples/InformationFlow/MethodContracts/contract.IFMethodContract(contract.IFMethodContract__n3()).Non-interference contract.0.m.key 
52827      DEBUG main            d.u.i.k.p.i.KeYFile       Reading KeY file file:/home/runner/work/key/key/key.core/build/resources/main/de/uka/ilkd/key/java/JavaRedux/java/lang/String.key 
52829      DEBUG main            d.u.i.k.p.i.KeYFile       Read specifications obtained when parsing the Java files (usually JML and Strings.key) from file:/home/runner/work/key/key/key.core/build/resources/main/de/uka/ilkd/key/java/JavaRedux/java/lang/String.key 
54464      DEBUG main            d.u.i.k.p.i.KeYFile       Read specifications obtained when parsing the Java files (usually JML and Strings.key) from /home/runner/work/key/key/key.core/../key.ui/examples/InformationFlow/MethodContracts/contract.IFMethodContract(contract.IFMethodContract__n3()).Non-interference contract.0.m.key 
54502      DEBUG main            d.u.i.k.m.s.ProofScriptEngine 1: 'macro 'infflow-autopilot'' 
54530      DEBUG main            d.u.i.k.p.m.ProofCorrectnessMgt No justification found for rule Class_invariant_axiom_for_contract_IFMethodContract 
54532      DEBUG main            d.u.i.k.j.TypeConverter   typeconverter: (prefix this;, class class de.uka.ilkd.key.java.reference.ThisReference) 
54605      INFO  main            d.u.i.k.p.r.p.TestFile    ... finished proof: closed. 
54760      DEBUG main            d.u.i.k.s.TermLabelSettings TermLabelSettings: Failure while reading the setting "UseOriginLabels".Using the default value: true.The string read was: null 
54760      INFO  main            d.u.i.k.p.r.p.TestFile    Now processing file /home/runner/work/key/key/key.core/../key.ui/examples/InformationFlow/MethodContracts/contract.IFMethodContract(contract.IFMethodContract__secure_sequential_n3_precond_n4()).Non-interference contract.0.m.key 
55551      DEBUG main            d.u.i.k.j.Recoder2KeY     converting now /home/runner/work/key/key/key.core/../key.ui/examples/InformationFlow/MethodContracts/src/contract/IFMethodContract.java 
55556      DEBUG main            d.u.i.k.s.TermLabelSettings TermLabelSettings: Failure while reading the setting "UseOriginLabels".Using the default value: true.The string read was: null 
55556      DEBUG main            d.u.i.k.p.i.KeYFile       Reading KeY file /home/runner/work/key/key/key.core/../key.ui/examples/InformationFlow/MethodContracts/contract.IFMethodContract(contract.IFMethodContract__secure_sequential_n3_precond_n4()).Non-interference contract.0.m.key 
55557      DEBUG main            d.u.i.k.p.i.KeYFile       Reading KeY file file:/home/runner/work/key/key/key.core/build/resources/main/de/uka/ilkd/key/java/JavaRedux/java/lang/String.key 
55559      DEBUG main            d.u.i.k.p.i.KeYFile       Read specifications obtained when parsing the Java files (usually JML and Strings.key) from file:/home/runner/work/key/key/key.core/build/resources/main/de/uka/ilkd/key/java/JavaRedux/java/lang/String.key 
57204      DEBUG main            d.u.i.k.p.i.KeYFile       Read specifications obtained when parsing the Java files (usually JML and Strings.key) from /home/runner/work/key/key/key.core/../key.ui/examples/InformationFlow/MethodContracts/contract.IFMethodContract(contract.IFMethodContract__secure_sequential_n3_precond_n4()).Non-interference contract.0.m.key 
57241      DEBUG main            d.u.i.k.m.s.ProofScriptEngine 1: 'macro 'infflow-autopilot'' 
57268      DEBUG main            d.u.i.k.p.m.ProofCorrectnessMgt No justification found for rule Class_invariant_axiom_for_contract_IFMethodContract 
57292      DEBUG main            d.u.i.k.p.m.ProofCorrectnessMgt No justification found for rule Class_invariant_axiom_for_contract_IFMethodContract 
57293      DEBUG main            d.u.i.k.p.m.ProofCorrectnessMgt No justification found for rule Class_invariant_axiom_for_contract_IFMethodContract 
57312      DEBUG main            d.u.i.k.p.m.ProofCorrectnessMgt No justification found for rule Class_invariant_axiom_for_contract_IFMethodContract 
57313      DEBUG main            d.u.i.k.p.m.ProofCorrectnessMgt No justification found for rule Class_invariant_axiom_for_contract_IFMethodContract 
57331      DEBUG main            d.u.i.k.p.m.ProofCorrectnessMgt No justification found for rule Class_invariant_axiom_for_contract_IFMethodContract 
57333      DEBUG main            d.u.i.k.p.m.ProofCorrectnessMgt No justification found for rule Class_invariant_axiom_for_contract_IFMethodContract 
57551      INFO  main            d.u.i.k.p.r.p.TestFile    ... finished proof: closed. 
57724      DEBUG main            d.u.i.k.s.TermLabelSettings TermLabelSettings: Failure while reading the setting "UseOriginLabels".Using the default value: true.The string read was: null 
57724      INFO  main            d.u.i.k.p.r.p.TestFile    Now processing file /home/runner/work/key/key/key.core/../key.ui/examples/InformationFlow/MethodContracts/contract.IFMethodContract(contract.IFMethodContract__insecure_assignment_n2()).Non-interference contract.0.m.key 
58523      DEBUG main            d.u.i.k.j.Recoder2KeY     converting now /home/runner/work/key/key/key.core/../key.ui/examples/InformationFlow/MethodContracts/src/contract/IFMethodContract.java 
58529      DEBUG main            d.u.i.k.s.TermLabelSettings TermLabelSettings: Failure while reading the setting "UseOriginLabels".Using the default value: true.The string read was: null 
58529      DEBUG main            d.u.i.k.p.i.KeYFile       Reading KeY file /home/runner/work/key/key/key.core/../key.ui/examples/InformationFlow/MethodContracts/contract.IFMethodContract(contract.IFMethodContract__insecure_assignment_n2()).Non-interference contract.0.m.key 
58530      DEBUG main            d.u.i.k.p.i.KeYFile       Reading KeY file file:/home/runner/work/key/key/key.core/build/resources/main/de/uka/ilkd/key/java/JavaRedux/java/lang/String.key 
58532      DEBUG main            d.u.i.k.p.i.KeYFile       Read specifications obtained when parsing the Java files (usually JML and Strings.key) from file:/home/runner/work/key/key/key.core/build/resources/main/de/uka/ilkd/key/java/JavaRedux/java/lang/String.key 
60176      DEBUG main            d.u.i.k.p.i.KeYFile       Read specifications obtained when parsing the Java files (usually JML and Strings.key) from /home/runner/work/key/key/key.core/../key.ui/examples/InformationFlow/MethodContracts/contract.IFMethodContract(contract.IFMethodContract__insecure_assignment_n2()).Non-interference contract.0.m.key 
60214      DEBUG main            d.u.i.k.m.s.ProofScriptEngine 1: 'macro 'infflow-autopilot'' 
60241      DEBUG main            d.u.i.k.p.m.ProofCorrectnessMgt No justification found for rule Class_invariant_axiom_for_contract_IFMethodContract 
60245      DEBUG main            d.u.i.k.j.TypeConverter   typeconverter: (prefix this;, class class de.uka.ilkd.key.java.reference.ThisReference) 
60248      DEBUG main            d.u.i.k.j.TypeConverter   typeconverter: (prefix this;, class class de.uka.ilkd.key.java.reference.ThisReference) 
60270      DEBUG main            d.u.i.k.p.m.ProofCorrectnessMgt No justification found for rule Class_invariant_axiom_for_contract_IFMethodContract 
60271      DEBUG main            d.u.i.k.p.m.ProofCorrectnessMgt No justification found for rule Class_invariant_axiom_for_contract_IFMethodContract 
60281      DEBUG main            d.u.i.k.p.m.ProofCorrectnessMgt No justification found for rule Class_invariant_axiom_for_contract_IFMethodContract 
60531      INFO  main            d.u.i.k.p.r.p.TestFile    ... finished proof: open goal(s) 
60732      DEBUG main            d.u.i.k.s.TermLabelSettings TermLabelSettings: Failure while reading the setting "UseOriginLabels".Using the default value: true.The string read was: null 
60732      INFO  main            d.u.i.k.p.r.p.TestFile    Now processing file /home/runner/work/key/key/key.core/../key.ui/examples/InformationFlow/MethodContracts/contract.IFMethodContract(contract.IFMethodContract__secure_assignments_n2()).Non-interference contract.0.m.key 
61519      DEBUG main            d.u.i.k.j.Recoder2KeY     converting now /home/runner/work/key/key/key.core/../key.ui/examples/InformationFlow/MethodContracts/src/contract/IFMethodContract.java 
61524      DEBUG main            d.u.i.k.s.TermLabelSettings TermLabelSettings: Failure while reading the setting "UseOriginLabels".Using the default value: true.The string read was: null 
61524      DEBUG main            d.u.i.k.p.i.KeYFile       Reading KeY file /home/runner/work/key/key/key.core/../key.ui/examples/InformationFlow/MethodContracts/contract.IFMethodContract(contract.IFMethodContract__secure_assignments_n2()).Non-interference contract.0.m.key 
61525      DEBUG main            d.u.i.k.p.i.KeYFile       Reading KeY file file:/home/runner/work/key/key/key.core/build/resources/main/de/uka/ilkd/key/java/JavaRedux/java/lang/String.key 
61527      DEBUG main            d.u.i.k.p.i.KeYFile       Read specifications obtained when parsing the Java files (usually JML and Strings.key) from file:/home/runner/work/key/key/key.core/build/resources/main/de/uka/ilkd/key/java/JavaRedux/java/lang/String.key 
63194      DEBUG main            d.u.i.k.p.i.KeYFile       Read specifications obtained when parsing the Java files (usually JML and Strings.key) from /home/runner/work/key/key/key.core/../key.ui/examples/InformationFlow/MethodContracts/contract.IFMethodContract(contract.IFMethodContract__secure_assignments_n2()).Non-interference contract.0.m.key 
63231      DEBUG main            d.u.i.k.m.s.ProofScriptEngine 1: 'macro 'infflow-autopilot'' 
63257      DEBUG main            d.u.i.k.p.m.ProofCorrectnessMgt No justification found for rule Class_invariant_axiom_for_contract_IFMethodContract 
63259      DEBUG main            d.u.i.k.j.TypeConverter   typeconverter: (prefix this;, class class de.uka.ilkd.key.java.reference.ThisReference) 
63264      DEBUG main            d.u.i.k.j.TypeConverter   typeconverter: (prefix this;, class class de.uka.ilkd.key.java.reference.ThisReference) 
63268      DEBUG main            d.u.i.k.j.TypeConverter   typeconverter: (prefix this;, class class de.uka.ilkd.key.java.reference.ThisReference) 
63272      DEBUG main            d.u.i.k.j.TypeConverter   typeconverter: (prefix this;, class class de.uka.ilkd.key.java.reference.ThisReference) 
63304      DEBUG main            d.u.i.k.p.m.ProofCorrectnessMgt No justification found for rule Class_invariant_axiom_for_contract_IFMethodContract 
63304      DEBUG main            d.u.i.k.p.m.ProofCorrectnessMgt No justification found for rule Class_invariant_axiom_for_contract_IFMethodContract 
63316      DEBUG main            d.u.i.k.p.m.ProofCorrectnessMgt No justification found for rule Class_invariant_axiom_for_contract_IFMethodContract 
63541      INFO  main            d.u.i.k.p.r.p.TestFile    ... finished proof: closed. 
63725      DEBUG main            d.u.i.k.s.TermLabelSettings TermLabelSettings: Failure while reading the setting "UseOriginLabels".Using the default value: true.The string read was: null 
63725      INFO  main            d.u.i.k.p.r.p.TestFile    Now processing file /home/runner/work/key/key/key.core/../key.ui/examples/InformationFlow/MethodContracts/contract.IFMethodContract(contract.IFMethodContract__n2()).Non-interference contract.0.m.key 
64524      DEBUG main            d.u.i.k.j.Recoder2KeY     converting now /home/runner/work/key/key/key.core/../key.ui/examples/InformationFlow/MethodContracts/src/contract/IFMethodContract.java 
64529      DEBUG main            d.u.i.k.s.TermLabelSettings TermLabelSettings: Failure while reading the setting "UseOriginLabels".Using the default value: true.The string read was: null 
64530      DEBUG main            d.u.i.k.p.i.KeYFile       Reading KeY file /home/runner/work/key/key/key.core/../key.ui/examples/InformationFlow/MethodContracts/contract.IFMethodContract(contract.IFMethodContract__n2()).Non-interference contract.0.m.key 
64530      DEBUG main            d.u.i.k.p.i.KeYFile       Reading KeY file file:/home/runner/work/key/key/key.core/build/resources/main/de/uka/ilkd/key/java/JavaRedux/java/lang/String.key 
64533      DEBUG main            d.u.i.k.p.i.KeYFile       Read specifications obtained when parsing the Java files (usually JML and Strings.key) from file:/home/runner/work/key/key/key.core/build/resources/main/de/uka/ilkd/key/java/JavaRedux/java/lang/String.key 
66152      DEBUG main            d.u.i.k.p.i.KeYFile       Read specifications obtained when parsing the Java files (usually JML and Strings.key) from /home/runner/work/key/key/key.core/../key.ui/examples/InformationFlow/MethodContracts/contract.IFMethodContract(contract.IFMethodContract__n2()).Non-interference contract.0.m.key 
66190      DEBUG main            d.u.i.k.m.s.ProofScriptEngine 1: 'macro 'infflow-autopilot'' 
66222      DEBUG main            d.u.i.k.p.m.ProofCorrectnessMgt No justification found for rule Class_invariant_axiom_for_contract_IFMethodContract 
66226      DEBUG main            d.u.i.k.j.TypeConverter   typeconverter: (prefix this;, class class de.uka.ilkd.key.java.reference.ThisReference) 
66230      DEBUG main            d.u.i.k.j.TypeConverter   typeconverter: (prefix this;, class class de.uka.ilkd.key.java.reference.ThisReference) 
66321      INFO  main            d.u.i.k.p.r.p.TestFile    ... finished proof: closed. 
66487      DEBUG main            d.u.i.k.s.TermLabelSettings TermLabelSettings: Failure while reading the setting "UseOriginLabels".Using the default value: true.The string read was: null 
66487      INFO  main            d.u.i.k.p.r.p.TestFile    Now processing file /home/runner/work/key/key/key.core/../key.ui/examples/InformationFlow/MethodContracts/contract.IFMethodContract(contract.IFMethodContract__n1()).Non-interference contract.0.m.key 
67278      DEBUG main            d.u.i.k.j.Recoder2KeY     converting now /home/runner/work/key/key/key.core/../key.ui/examples/InformationFlow/MethodContracts/src/contract/IFMethodContract.java 
67283      DEBUG main            d.u.i.k.s.TermLabelSettings TermLabelSettings: Failure while reading the setting "UseOriginLabels".Using the default value: true.The string read was: null 
67284      DEBUG main            d.u.i.k.p.i.KeYFile       Reading KeY file /home/runner/work/key/key/key.core/../key.ui/examples/InformationFlow/MethodContracts/contract.IFMethodContract(contract.IFMethodContract__n1()).Non-interference contract.0.m.key 
67284      DEBUG main            d.u.i.k.p.i.KeYFile       Reading KeY file file:/home/runner/work/key/key/key.core/build/resources/main/de/uka/ilkd/key/java/JavaRedux/java/lang/String.key 
67287      DEBUG main            d.u.i.k.p.i.KeYFile       Read specifications obtained when parsing the Java files (usually JML and Strings.key) from file:/home/runner/work/key/key/key.core/build/resources/main/de/uka/ilkd/key/java/JavaRedux/java/lang/String.key 
68900      DEBUG main            d.u.i.k.p.i.KeYFile       Read specifications obtained when parsing the Java files (usually JML and Strings.key) from /home/runner/work/key/key/key.core/../key.ui/examples/InformationFlow/MethodContracts/contract.IFMethodContract(contract.IFMethodContract__n1()).Non-interference contract.0.m.key 
68948      DEBUG main            d.u.i.k.m.s.ProofScriptEngine 1: 'macro 'infflow-autopilot'' 
68976      DEBUG main            d.u.i.k.p.m.ProofCorrectnessMgt No justification found for rule Class_invariant_axiom_for_contract_IFMethodContract 
68978      DEBUG main            d.u.i.k.j.TypeConverter   typeconverter: (prefix this;, class class de.uka.ilkd.key.java.reference.ThisReference) 
69046      INFO  main            d.u.i.k.p.r.p.TestFile    ... finished proof: closed. 
69223      DEBUG main            d.u.i.k.s.TermLabelSettings TermLabelSettings: Failure while reading the setting "UseOriginLabels".Using the default value: true.The string read was: null 
69223      INFO  main            d.u.i.k.p.r.p.TestFile    Now processing file /home/runner/work/key/key/key.core/../key.ui/examples/InformationFlow/MethodContracts/contract.IFMethodContract(contract.IFMethodContract__secure_sequential_n1_n2()).Non-interference contract.0.m.key 
70009      DEBUG main            d.u.i.k.j.Recoder2KeY     converting now /home/runner/work/key/key/key.core/../key.ui/examples/InformationFlow/MethodContracts/src/contract/IFMethodContract.java 
70015      DEBUG main            d.u.i.k.s.TermLabelSettings TermLabelSettings: Failure while reading the setting "UseOriginLabels".Using the default value: true.The string read was: null 
70015      DEBUG main            d.u.i.k.p.i.KeYFile       Reading KeY file /home/runner/work/key/key/key.core/../key.ui/examples/InformationFlow/MethodContracts/contract.IFMethodContract(contract.IFMethodContract__secure_sequential_n1_n2()).Non-interference contract.0.m.key 
70016      DEBUG main            d.u.i.k.p.i.KeYFile       Reading KeY file file:/home/runner/work/key/key/key.core/build/resources/main/de/uka/ilkd/key/java/JavaRedux/java/lang/String.key 
70018      DEBUG main            d.u.i.k.p.i.KeYFile       Read specifications obtained when parsing the Java files (usually JML and Strings.key) from file:/home/runner/work/key/key/key.core/build/resources/main/de/uka/ilkd/key/java/JavaRedux/java/lang/String.key 
71645      DEBUG main            d.u.i.k.p.i.KeYFile       Read specifications obtained when parsing the Java files (usually JML and Strings.key) from /home/runner/work/key/key/key.core/../key.ui/examples/InformationFlow/MethodContracts/contract.IFMethodContract(contract.IFMethodContract__secure_sequential_n1_n2()).Non-interference contract.0.m.key 
71681      DEBUG main            d.u.i.k.m.s.ProofScriptEngine 1: 'macro 'infflow-autopilot'' 
71707      DEBUG main            d.u.i.k.p.m.ProofCorrectnessMgt No justification found for rule Class_invariant_axiom_for_contract_IFMethodContract 
71723      DEBUG main            d.u.i.k.p.m.ProofCorrectnessMgt No justification found for rule Class_invariant_axiom_for_contract_IFMethodContract 
71723      DEBUG main            d.u.i.k.p.m.ProofCorrectnessMgt No justification found for rule Class_invariant_axiom_for_contract_IFMethodContract 
71738      DEBUG main            d.u.i.k.p.m.ProofCorrectnessMgt No justification found for rule Class_invariant_axiom_for_contract_IFMethodContract 
71739      DEBUG main            d.u.i.k.p.m.ProofCorrectnessMgt No justification found for rule Class_invariant_axiom_for_contract_IFMethodContract 
71750      DEBUG main            d.u.i.k.p.m.ProofCorrectnessMgt No justification found for rule Class_invariant_axiom_for_contract_IFMethodContract 
71751      DEBUG main            d.u.i.k.p.m.ProofCorrectnessMgt No justification found for rule Class_invariant_axiom_for_contract_IFMethodContract 
71906      INFO  main            d.u.i.k.p.r.p.TestFile    ... finished proof: closed. 
1882931    INFO  Test worker     d.u.i.k.p.r.RunAllProofsTestUnit Returning from test MethodContracts_fullmacro 
1882932    INFO  Test worker     d.u.i.k.p.r.RunAllProofsTestUnit Running test InformationFlow_fullmacro 
358        INFO  Timeout watchdog d.u.i.k.p.r.p.ForkedTestFileRunner Timeout watcher launched (1000 secs.) 
373        WARN  main            d.u.i.k.s.ProofSettings   The settings in /home/runner/.key/proof-settings.props are *not* read. 
402        DEBUG main            d.u.i.k.s.TermLabelSettings TermLabelSettings: Failure while reading the setting "UseOriginLabels".Using the default value: true.The string read was: null 
402        INFO  main            d.u.i.k.p.r.p.TestFile    Now processing file /home/runner/work/key/key/key.core/../key.ui/examples/InformationFlow/LoopInvariants/loop.IFLoopExamples(loop.IFLoopExamples__insecure_while_3(int)).Non-interference contract.0.m.key 
1003       DEBUG main            d.u.i.k.p.i.KeYFile       Reading KeY file file:/home/runner/work/key/key/key.core/build/resources/main/de/uka/ilkd/key/proof/rules/ldt.key 
1003       DEBUG main            d.u.i.k.p.i.KeYFile       Read specifications obtained when parsing the Java files (usually JML and Strings.key) from file:/home/runner/work/key/key/key.core/build/resources/main/de/uka/ilkd/key/proof/rules/ldt.key 
1012       DEBUG main            d.u.i.k.p.i.KeYFile       Reading KeY file file:/home/runner/work/key/key/key.core/build/resources/main/de/uka/ilkd/key/proof/rules/propRule.key 
1012       DEBUG main            d.u.i.k.p.i.KeYFile       Read specifications obtained when parsing the Java files (usually JML and Strings.key) from file:/home/runner/work/key/key/key.core/build/resources/main/de/uka/ilkd/key/proof/rules/propRule.key 
1038       DEBUG main            d.u.i.k.p.i.KeYFile       Reading KeY file file:/home/runner/work/key/key/key.core/build/resources/main/de/uka/ilkd/key/proof/rules/firstOrderRules.key 
1039       DEBUG main            d.u.i.k.p.i.KeYFile       Read specifications obtained when parsing the Java files (usually JML and Strings.key) from file:/home/runner/work/key/key/key.core/build/resources/main/de/uka/ilkd/key/proof/rules/firstOrderRules.key 
1062       DEBUG main            d.u.i.k.p.i.KeYFile       Reading KeY file file:/home/runner/work/key/key/key.core/build/resources/main/de/uka/ilkd/key/proof/rules/ifThenElseRules.key 
1062       DEBUG main            d.u.i.k.p.i.KeYFile       Read specifications obtained when parsing the Java files (usually JML and Strings.key) from file:/home/runner/work/key/key/key.core/build/resources/main/de/uka/ilkd/key/proof/rules/ifThenElseRules.key 
1121       DEBUG main            d.u.i.k.p.i.KeYFile       Reading KeY file file:/home/runner/work/key/key/key.core/build/resources/main/de/uka/ilkd/key/proof/rules/formulaNormalisationRules.key 
1122       DEBUG main            d.u.i.k.p.i.KeYFile       Read specifications obtained when parsing the Java files (usually JML and Strings.key) from file:/home/runner/work/key/key/key.core/build/resources/main/de/uka/ilkd/key/proof/rules/formulaNormalisationRules.key 
1199       DEBUG main            d.u.i.k.p.i.KeYFile       Reading KeY file file:/home/runner/work/key/key/key.core/build/resources/main/de/uka/ilkd/key/proof/rules/updateRules.key 
1201       DEBUG main            d.u.i.k.p.i.KeYFile       Read specifications obtained when parsing the Java files (usually JML and Strings.key) from file:/home/runner/work/key/key/key.core/build/resources/main/de/uka/ilkd/key/proof/rules/updateRules.key 
1226       DEBUG main            d.u.i.k.p.i.KeYFile       Reading KeY file file:/home/runner/work/key/key/key.core/build/resources/main/de/uka/ilkd/key/proof/rules/integerRulesCommon.key 
1231       DEBUG main            d.u.i.k.p.i.KeYFile       Read specifications obtained when parsing the Java files (usually JML and Strings.key) from file:/home/runner/work/key/key/key.core/build/resources/main/de/uka/ilkd/key/proof/rules/integerRulesCommon.key 
1347       DEBUG main            d.u.i.k.p.i.KeYFile       Reading KeY file file:/home/runner/work/key/key/key.core/build/resources/main/de/uka/ilkd/key/proof/rules/intRules.key 
1347       DEBUG main            d.u.i.k.p.i.KeYFile       Read specifications obtained when parsing the Java files (usually JML and Strings.key) from file:/home/runner/work/key/key/key.core/build/resources/main/de/uka/ilkd/key/proof/rules/intRules.key 
1360       DEBUG main            d.u.i.k.p.i.KeYFile       Reading KeY file file:/home/runner/work/key/key/key.core/build/resources/main/de/uka/ilkd/key/proof/rules/intRulesUncheckedSemantics.key 
1360       DEBUG main            d.u.i.k.p.i.KeYFile       Read specifications obtained when parsing the Java files (usually JML and Strings.key) from file:/home/runner/work/key/key/key.core/build/resources/main/de/uka/ilkd/key/proof/rules/intRulesUncheckedSemantics.key 
1368       DEBUG main            d.u.i.k.p.i.KeYFile       Reading KeY file file:/home/runner/work/key/key/key.core/build/resources/main/de/uka/ilkd/key/proof/rules/intRulesCheckedSemantics.key 
1368       DEBUG main            d.u.i.k.p.i.KeYFile       Read specifications obtained when parsing the Java files (usually JML and Strings.key) from file:/home/runner/work/key/key/key.core/build/resources/main/de/uka/ilkd/key/proof/rules/intRulesCheckedSemantics.key 
1376       DEBUG main            d.u.i.k.p.i.KeYFile       Reading KeY file file:/home/runner/work/key/key/key.core/build/resources/main/de/uka/ilkd/key/proof/rules/intRulesJavaSemantics.key 
1376       DEBUG main            d.u.i.k.p.i.KeYFile       Read specifications obtained when parsing the Java files (usually JML and Strings.key) from file:/home/runner/work/key/key/key.core/build/resources/main/de/uka/ilkd/key/proof/rules/intRulesJavaSemantics.key 
1536       DEBUG main            d.u.i.k.p.i.KeYFile       Reading KeY file file:/home/runner/work/key/key/key.core/build/resources/main/de/uka/ilkd/key/proof/rules/integerSimplificationRules.key 
1538       DEBUG main            d.u.i.k.p.i.KeYFile       Read specifications obtained when parsing the Java files (usually JML and Strings.key) from file:/home/runner/work/key/key/key.core/build/resources/main/de/uka/ilkd/key/proof/rules/integerSimplificationRules.key 
1612       DEBUG main            d.u.i.k.j.TypeConverter   No LDT found for Meta 
1612       DEBUG main            d.u.i.k.j.TypeConverter   No LDT found for Meta 
1613       DEBUG main            d.u.i.k.j.TypeConverter   No LDT found for Meta 
1613       DEBUG main            d.u.i.k.j.TypeConverter   No LDT found for Meta 
1651       DEBUG main            d.u.i.k.p.i.KeYFile       Reading KeY file file:/home/runner/work/key/key/key.core/build/resources/main/de/uka/ilkd/key/proof/rules/intDiv.key 
1652       DEBUG main            d.u.i.k.p.i.KeYFile       Read specifications obtained when parsing the Java files (usually JML and Strings.key) from file:/home/runner/work/key/key/key.core/build/resources/main/de/uka/ilkd/key/proof/rules/intDiv.key 
1771       DEBUG main            d.u.i.k.p.i.KeYFile       Reading KeY file file:/home/runner/work/key/key/key.core/build/resources/main/de/uka/ilkd/key/proof/rules/bsum.key 
1772       DEBUG main            d.u.i.k.p.i.KeYFile       Read specifications obtained when parsing the Java files (usually JML and Strings.key) from file:/home/runner/work/key/key/key.core/build/resources/main/de/uka/ilkd/key/proof/rules/bsum.key 
1835       DEBUG main            d.u.i.k.p.i.KeYFile       Reading KeY file file:/home/runner/work/key/key/key.core/build/resources/main/de/uka/ilkd/key/proof/rules/bprod.key 
1836       DEBUG main            d.u.i.k.p.i.KeYFile       Read specifications obtained when parsing the Java files (usually JML and Strings.key) from file:/home/runner/work/key/key/key.core/build/resources/main/de/uka/ilkd/key/proof/rules/bprod.key 
1849       DEBUG main            d.u.i.k.p.i.KeYFile       Reading KeY file file:/home/runner/work/key/key/key.core/build/resources/main/de/uka/ilkd/key/proof/rules/binaryAxioms.key 
1850       DEBUG main            d.u.i.k.p.i.KeYFile       Read specifications obtained when parsing the Java files (usually JML and Strings.key) from file:/home/runner/work/key/key/key.core/build/resources/main/de/uka/ilkd/key/proof/rules/binaryAxioms.key 
1855       DEBUG main            d.u.i.k.p.i.KeYFile       Reading KeY file file:/home/runner/work/key/key/key.core/build/resources/main/de/uka/ilkd/key/proof/rules/binaryLemmas.key 
1856       DEBUG main            d.u.i.k.p.i.KeYFile       Read specifications obtained when parsing the Java files (usually JML and Strings.key) from file:/home/runner/work/key/key/key.core/build/resources/main/de/uka/ilkd/key/proof/rules/binaryLemmas.key 
1871       DEBUG main            d.u.i.k.p.i.KeYFile       Reading KeY file file:/home/runner/work/key/key/key.core/build/resources/main/de/uka/ilkd/key/proof/rules/intPow.key 
1871       DEBUG main            d.u.i.k.p.i.KeYFile       Read specifications obtained when parsing the Java files (usually JML and Strings.key) from file:/home/runner/work/key/key/key.core/build/resources/main/de/uka/ilkd/key/proof/rules/intPow.key 
1891       DEBUG main            d.u.i.k.p.i.KeYFile       Reading KeY file file:/home/runner/work/key/key/key.core/build/resources/main/de/uka/ilkd/key/proof/rules/floatRulesCommon.key 
1892       DEBUG main            d.u.i.k.p.i.KeYFile       Read specifications obtained when parsing the Java files (usually JML and Strings.key) from file:/home/runner/work/key/key/key.core/build/resources/main/de/uka/ilkd/key/proof/rules/floatRulesCommon.key 
1904       DEBUG main            d.u.i.k.p.i.KeYFile       Reading KeY file file:/home/runner/work/key/key/key.core/build/resources/main/de/uka/ilkd/key/proof/rules/floatRules.key 
1905       DEBUG main            d.u.i.k.p.i.KeYFile       Read specifications obtained when parsing the Java files (usually JML and Strings.key) from file:/home/runner/work/key/key/key.core/build/resources/main/de/uka/ilkd/key/proof/rules/floatRules.key 
1905       DEBUG main            d.u.i.k.p.i.KeYFile       Reading KeY file file:/home/runner/work/key/key/key.core/build/resources/main/de/uka/ilkd/key/proof/rules/floatRulesVerifyNormal.key 
1906       DEBUG main            d.u.i.k.p.i.KeYFile       Read specifications obtained when parsing the Java files (usually JML and Strings.key) from file:/home/runner/work/key/key/key.core/build/resources/main/de/uka/ilkd/key/proof/rules/floatRulesVerifyNormal.key 
1909       DEBUG main            d.u.i.k.p.i.KeYFile       Reading KeY file file:/home/runner/work/key/key/key.core/build/resources/main/de/uka/ilkd/key/proof/rules/floatRulesAssumeStrictfp.key 
1909       DEBUG main            d.u.i.k.p.i.KeYFile       Read specifications obtained when parsing the Java files (usually JML and Strings.key) from file:/home/runner/work/key/key/key.core/build/resources/main/de/uka/ilkd/key/proof/rules/floatRulesAssumeStrictfp.key 
1947       DEBUG main            d.u.i.k.p.i.KeYFile       Reading KeY file file:/home/runner/work/key/key/key.core/build/resources/main/de/uka/ilkd/key/proof/rules/genericRules.key 
1948       DEBUG main            d.u.i.k.p.i.KeYFile       Read specifications obtained when parsing the Java files (usually JML and Strings.key) from file:/home/runner/work/key/key/key.core/build/resources/main/de/uka/ilkd/key/proof/rules/genericRules.key 
1955       DEBUG main            d.u.i.k.p.i.KeYFile       Reading KeY file file:/home/runner/work/key/key/key.core/build/resources/main/de/uka/ilkd/key/proof/rules/booleanRules.key 
1956       DEBUG main            d.u.i.k.p.i.KeYFile       Read specifications obtained when parsing the Java files (usually JML and Strings.key) from file:/home/runner/work/key/key/key.core/build/resources/main/de/uka/ilkd/key/proof/rules/booleanRules.key 
1960       DEBUG main            d.u.i.k.p.i.KeYFile       Reading KeY file file:/home/runner/work/key/key/key.core/build/resources/main/de/uka/ilkd/key/proof/rules/epsilon.key 
1960       DEBUG main            d.u.i.k.p.i.KeYFile       Read specifications obtained when parsing the Java files (usually JML and Strings.key) from file:/home/runner/work/key/key/key.core/build/resources/main/de/uka/ilkd/key/proof/rules/epsilon.key 
1981       DEBUG main            d.u.i.k.p.i.KeYFile       Reading KeY file file:/home/runner/work/key/key/key.core/build/resources/main/de/uka/ilkd/key/proof/rules/locSetsRules.key 
1981       DEBUG main            d.u.i.k.p.i.KeYFile       Read specifications obtained when parsing the Java files (usually JML and Strings.key) from file:/home/runner/work/key/key/key.core/build/resources/main/de/uka/ilkd/key/proof/rules/locSetsRules.key 
2022       DEBUG main            d.u.i.k.p.i.KeYFile       Reading KeY file file:/home/runner/work/key/key/key.core/build/resources/main/de/uka/ilkd/key/proof/rules/heapRules.key 
2022       DEBUG main            d.u.i.k.p.i.KeYFile       Read specifications obtained when parsing the Java files (usually JML and Strings.key) from file:/home/runner/work/key/key/key.core/build/resources/main/de/uka/ilkd/key/proof/rules/heapRules.key 
2048       DEBUG main            d.u.i.k.p.i.KeYFile       Reading KeY file file:/home/runner/work/key/key/key.core/build/resources/main/de/uka/ilkd/key/proof/rules/permissionRules.key 
2048       DEBUG main            d.u.i.k.p.i.KeYFile       Read specifications obtained when parsing the Java files (usually JML and Strings.key) from file:/home/runner/work/key/key/key.core/build/resources/main/de/uka/ilkd/key/proof/rules/permissionRules.key 
2096       DEBUG main            d.u.i.k.p.i.KeYFile       Reading KeY file file:/home/runner/work/key/key/key.core/build/resources/main/de/uka/ilkd/key/proof/rules/reachRules.key 
2096       DEBUG main            d.u.i.k.p.i.KeYFile       Read specifications obtained when parsing the Java files (usually JML and Strings.key) from file:/home/runner/work/key/key/key.core/build/resources/main/de/uka/ilkd/key/proof/rules/reachRules.key 
2107       DEBUG main            d.u.i.k.p.i.KeYFile       Reading KeY file file:/home/runner/work/key/key/key.core/build/resources/main/de/uka/ilkd/key/proof/rules/seqCoreRules.key 
2107       DEBUG main            d.u.i.k.p.i.KeYFile       Read specifications obtained when parsing the Java files (usually JML and Strings.key) from file:/home/runner/work/key/key/key.core/build/resources/main/de/uka/ilkd/key/proof/rules/seqCoreRules.key 
2130       DEBUG main            d.u.i.k.p.i.KeYFile       Reading KeY file file:/home/runner/work/key/key/key.core/build/resources/main/de/uka/ilkd/key/proof/rules/seqRules.key 
2130       DEBUG main            d.u.i.k.p.i.KeYFile       Read specifications obtained when parsing the Java files (usually JML and Strings.key) from file:/home/runner/work/key/key/key.core/build/resources/main/de/uka/ilkd/key/proof/rules/seqRules.key 
2163       DEBUG main            d.u.i.k.p.i.KeYFile       Reading KeY file file:/home/runner/work/key/key/key.core/build/resources/main/de/uka/ilkd/key/proof/rules/seqPerm.key 
2163       DEBUG main            d.u.i.k.p.i.KeYFile       Read specifications obtained when parsing the Java files (usually JML and Strings.key) from file:/home/runner/work/key/key/key.core/build/resources/main/de/uka/ilkd/key/proof/rules/seqPerm.key 
2180       DEBUG main            d.u.i.k.p.i.KeYFile       Reading KeY file file:/home/runner/work/key/key/key.core/build/resources/main/de/uka/ilkd/key/proof/rules/seqPerm2.key 
2180       DEBUG main            d.u.i.k.p.i.KeYFile       Read specifications obtained when parsing the Java files (usually JML and Strings.key) from file:/home/runner/work/key/key/key.core/build/resources/main/de/uka/ilkd/key/proof/rules/seqPerm2.key 
2284       DEBUG main            d.u.i.k.p.i.KeYFile       Reading KeY file file:/home/runner/work/key/key/key.core/build/resources/main/de/uka/ilkd/key/proof/rules/assertions.key 
2285       DEBUG main            d.u.i.k.p.i.KeYFile       Read specifications obtained when parsing the Java files (usually JML and Strings.key) from file:/home/runner/work/key/key/key.core/build/resources/main/de/uka/ilkd/key/proof/rules/assertions.key 
2306       DEBUG main            d.u.i.k.p.i.KeYFile       Reading KeY file file:/home/runner/work/key/key/key.core/build/resources/main/de/uka/ilkd/key/proof/rules/javaRules.key 
2306       DEBUG main            d.u.i.k.p.i.KeYFile       Read specifications obtained when parsing the Java files (usually JML and Strings.key) from file:/home/runner/work/key/key/key.core/build/resources/main/de/uka/ilkd/key/proof/rules/javaRules.key 
2750       DEBUG main            d.u.i.k.p.i.KeYFile       Reading KeY file file:/home/runner/work/key/key/key.core/build/resources/main/de/uka/ilkd/key/proof/rules/loopRules.key 
2751       DEBUG main            d.u.i.k.p.i.KeYFile       Read specifications obtained when parsing the Java files (usually JML and Strings.key) from file:/home/runner/work/key/key/key.core/build/resources/main/de/uka/ilkd/key/proof/rules/loopRules.key 
2766       DEBUG main            d.u.i.k.p.i.KeYFile       Reading KeY file file:/home/runner/work/key/key/key.core/build/resources/main/de/uka/ilkd/key/proof/rules/activeUse.key 
2766       DEBUG main            d.u.i.k.p.i.KeYFile       Read specifications obtained when parsing the Java files (usually JML and Strings.key) from file:/home/runner/work/key/key/key.core/build/resources/main/de/uka/ilkd/key/proof/rules/activeUse.key 
2815       DEBUG main            d.u.i.k.p.i.KeYFile       Reading KeY file file:/home/runner/work/key/key/key.core/build/resources/main/de/uka/ilkd/key/proof/rules/instanceAllocation.key 
2816       DEBUG main            d.u.i.k.p.i.KeYFile       Read specifications obtained when parsing the Java files (usually JML and Strings.key) from file:/home/runner/work/key/key/key.core/build/resources/main/de/uka/ilkd/key/proof/rules/instanceAllocation.key 
2845       DEBUG main            d.u.i.k.p.i.KeYFile       Reading KeY file file:/home/runner/work/key/key/key.core/build/resources/main/de/uka/ilkd/key/proof/rules/java5.key 
2846       DEBUG main            d.u.i.k.p.i.KeYFile       Read specifications obtained when parsing the Java files (usually JML and Strings.key) from file:/home/runner/work/key/key/key.core/build/resources/main/de/uka/ilkd/key/proof/rules/java5.key 
2855       DEBUG main            d.u.i.k.p.i.KeYFile       Reading KeY file file:/home/runner/work/key/key/key.core/build/resources/main/de/uka/ilkd/key/proof/rules/integerAssignment2UpdateRules.key 
2855       DEBUG main            d.u.i.k.p.i.KeYFile       Read specifications obtained when parsing the Java files (usually JML and Strings.key) from file:/home/runner/work/key/key/key.core/build/resources/main/de/uka/ilkd/key/proof/rules/integerAssignment2UpdateRules.key 
2894       DEBUG main            d.u.i.k.p.i.KeYFile       Reading KeY file file:/home/runner/work/key/key/key.core/build/resources/main/de/uka/ilkd/key/proof/rules/floatAssignment2UpdateRules.key 
2894       DEBUG main            d.u.i.k.p.i.KeYFile       Read specifications obtained when parsing the Java files (usually JML and Strings.key) from file:/home/runner/work/key/key/key.core/build/resources/main/de/uka/ilkd/key/proof/rules/floatAssignment2UpdateRules.key 
2924       DEBUG main            d.u.i.k.p.i.KeYFile       Reading KeY file file:/home/runner/work/key/key/key.core/build/resources/main/de/uka/ilkd/key/proof/rules/bigint.key 
2924       DEBUG main            d.u.i.k.p.i.KeYFile       Read specifications obtained when parsing the Java files (usually JML and Strings.key) from file:/home/runner/work/key/key/key.core/build/resources/main/de/uka/ilkd/key/proof/rules/bigint.key 
2943       DEBUG main            d.u.i.k.j.TypeConverter   No LDT found for JavaBigintExpression 
2951       DEBUG main            d.u.i.k.p.i.KeYFile       Reading KeY file file:/home/runner/work/key/key/key.core/build/resources/main/de/uka/ilkd/key/proof/rules/adtProgramDecompositionRules.key 
2960       DEBUG main            d.u.i.k.p.i.KeYFile       Read specifications obtained when parsing the Java files (usually JML and Strings.key) from file:/home/runner/work/key/key/key.core/build/resources/main/de/uka/ilkd/key/proof/rules/adtProgramDecompositionRules.key 
2985       DEBUG main            d.u.i.k.p.i.KeYFile       Reading KeY file file:/home/runner/work/key/key/key.core/build/resources/main/de/uka/ilkd/key/proof/rules/precRules.key 
2985       DEBUG main            d.u.i.k.p.i.KeYFile       Read specifications obtained when parsing the Java files (usually JML and Strings.key) from file:/home/runner/work/key/key/key.core/build/resources/main/de/uka/ilkd/key/proof/rules/precRules.key 
2995       DEBUG main            d.u.i.k.p.i.KeYFile       Reading KeY file file:/home/runner/work/key/key/key.core/build/resources/main/de/uka/ilkd/key/proof/rules/charListRules.key 
2995       DEBUG main            d.u.i.k.p.i.KeYFile       Read specifications obtained when parsing the Java files (usually JML and Strings.key) from file:/home/runner/work/key/key/key.core/build/resources/main/de/uka/ilkd/key/proof/rules/charListRules.key 
3005       DEBUG main            d.u.i.k.p.i.KeYFile       Reading KeY file file:/home/runner/work/key/key/key.core/build/resources/main/de/uka/ilkd/key/proof/rules/regExHeader.key 
3005       DEBUG main            d.u.i.k.p.i.KeYFile       Read specifications obtained when parsing the Java files (usually JML and Strings.key) from file:/home/runner/work/key/key/key.core/build/resources/main/de/uka/ilkd/key/proof/rules/regExHeader.key 
3008       DEBUG main            d.u.i.k.p.i.KeYFile       Reading KeY file file:/home/runner/work/key/key/key.core/build/resources/main/de/uka/ilkd/key/proof/rules/regExAxioms.key 
3008       DEBUG main            d.u.i.k.p.i.KeYFile       Read specifications obtained when parsing the Java files (usually JML and Strings.key) from file:/home/runner/work/key/key/key.core/build/resources/main/de/uka/ilkd/key/proof/rules/regExAxioms.key 
3014       DEBUG main            d.u.i.k.p.i.KeYFile       Reading KeY file file:/home/runner/work/key/key/key.core/build/resources/main/de/uka/ilkd/key/proof/rules/regExLemmaProven.key 
3014       DEBUG main            d.u.i.k.p.i.KeYFile       Read specifications obtained when parsing the Java files (usually JML and Strings.key) from file:/home/runner/work/key/key/key.core/build/resources/main/de/uka/ilkd/key/proof/rules/regExLemmaProven.key 
3018       DEBUG main            d.u.i.k.p.i.KeYFile       Reading KeY file file:/home/runner/work/key/key/key.core/build/resources/main/de/uka/ilkd/key/proof/rules/regExTheory.key 
3018       DEBUG main            d.u.i.k.p.i.KeYFile       Read specifications obtained when parsing the Java files (usually JML and Strings.key) from file:/home/runner/work/key/key/key.core/build/resources/main/de/uka/ilkd/key/proof/rules/regExTheory.key 
3021       DEBUG main            d.u.i.k.p.i.KeYFile       Reading KeY file file:/home/runner/work/key/key/key.core/build/resources/main/de/uka/ilkd/key/proof/rules/seqEq.key 
3022       DEBUG main            d.u.i.k.p.i.KeYFile       Read specifications obtained when parsing the Java files (usually JML and Strings.key) from file:/home/runner/work/key/key/key.core/build/resources/main/de/uka/ilkd/key/proof/rules/seqEq.key 
3029       DEBUG main            d.u.i.k.p.i.KeYFile       Reading KeY file file:/home/runner/work/key/key/key.core/build/resources/main/de/uka/ilkd/key/proof/rules/infFlow.key 
3029       DEBUG main            d.u.i.k.p.i.KeYFile       Read specifications obtained when parsing the Java files (usually JML and Strings.key) from file:/home/runner/work/key/key/key.core/build/resources/main/de/uka/ilkd/key/proof/rules/infFlow.key 
3033       DEBUG main            d.u.i.k.p.i.KeYFile       Reading KeY file file:/home/runner/work/key/key/key.core/build/resources/main/de/uka/ilkd/key/proof/rules/mapSize.key 
3033       DEBUG main            d.u.i.k.p.i.KeYFile       Read specifications obtained when parsing the Java files (usually JML and Strings.key) from file:/home/runner/work/key/key/key.core/build/resources/main/de/uka/ilkd/key/proof/rules/mapSize.key 
3037       DEBUG main            d.u.i.k.p.i.KeYFile       Reading KeY file file:/home/runner/work/key/key/key.core/build/resources/main/de/uka/ilkd/key/proof/rules/wdHeader.key 
3037       DEBUG main            d.u.i.k.p.i.KeYFile       Read specifications obtained when parsing the Java files (usually JML and Strings.key) from file:/home/runner/work/key/key/key.core/build/resources/main/de/uka/ilkd/key/proof/rules/wdHeader.key 
3039       DEBUG main            d.u.i.k.p.i.KeYFile       Reading KeY file file:/home/runner/work/key/key/key.core/build/resources/main/de/uka/ilkd/key/proof/rules/wdGeneralRules.key 
3039       DEBUG main            d.u.i.k.p.i.KeYFile       Read specifications obtained when parsing the Java files (usually JML and Strings.key) from file:/home/runner/work/key/key/key.core/build/resources/main/de/uka/ilkd/key/proof/rules/wdGeneralRules.key 
3049       DEBUG main            d.u.i.k.p.i.KeYFile       Reading KeY file file:/home/runner/work/key/key/key.core/build/resources/main/de/uka/ilkd/key/proof/rules/wdNumericalRules.key 
3049       DEBUG main            d.u.i.k.p.i.KeYFile       Read specifications obtained when parsing the Java files (usually JML and Strings.key) from file:/home/runner/work/key/key/key.core/build/resources/main/de/uka/ilkd/key/proof/rules/wdNumericalRules.key 
3064       DEBUG main            d.u.i.k.p.i.KeYFile       Reading KeY file file:/home/runner/work/key/key/key.core/build/resources/main/de/uka/ilkd/key/proof/rules/wdLocSetRules.key 
3064       DEBUG main            d.u.i.k.p.i.KeYFile       Read specifications obtained when parsing the Java files (usually JML and Strings.key) from file:/home/runner/work/key/key/key.core/build/resources/main/de/uka/ilkd/key/proof/rules/wdLocSetRules.key 
3069       DEBUG main            d.u.i.k.p.i.KeYFile       Reading KeY file file:/home/runner/work/key/key/key.core/build/resources/main/de/uka/ilkd/key/proof/rules/wdHeapRules.key 
3069       DEBUG main            d.u.i.k.p.i.KeYFile       Read specifications obtained when parsing the Java files (usually JML and Strings.key) from file:/home/runner/work/key/key/key.core/build/resources/main/de/uka/ilkd/key/proof/rules/wdHeapRules.key 
3072       DEBUG main            d.u.i.k.p.i.KeYFile       Reading KeY file file:/home/runner/work/key/key/key.core/build/resources/main/de/uka/ilkd/key/proof/rules/wdReachRules.key 
3072       DEBUG main            d.u.i.k.p.i.KeYFile       Read specifications obtained when parsing the Java files (usually JML and Strings.key) from file:/home/runner/work/key/key/key.core/build/resources/main/de/uka/ilkd/key/proof/rules/wdReachRules.key 
3074       DEBUG main            d.u.i.k.p.i.KeYFile       Reading KeY file file:/home/runner/work/key/key/key.core/build/resources/main/de/uka/ilkd/key/proof/rules/wdSeqRules.key 
3074       DEBUG main            d.u.i.k.p.i.KeYFile       Read specifications obtained when parsing the Java files (usually JML and Strings.key) from file:/home/runner/work/key/key/key.core/build/resources/main/de/uka/ilkd/key/proof/rules/wdSeqRules.key 
3077       DEBUG main            d.u.i.k.p.i.KeYFile       Reading KeY file file:/home/runner/work/key/key/key.core/build/resources/main/de/uka/ilkd/key/proof/rules/wdStringRules.key 
3077       DEBUG main            d.u.i.k.p.i.KeYFile       Read specifications obtained when parsing the Java files (usually JML and Strings.key) from file:/home/runner/work/key/key/key.core/build/resources/main/de/uka/ilkd/key/proof/rules/wdStringRules.key 
3079       DEBUG main            d.u.i.k.p.i.KeYFile       Reading KeY file file:/home/runner/work/key/key/key.core/build/resources/main/de/uka/ilkd/key/proof/rules/wdRegExRules.key 
3079       DEBUG main            d.u.i.k.p.i.KeYFile       Read specifications obtained when parsing the Java files (usually JML and Strings.key) from file:/home/runner/work/key/key/key.core/build/resources/main/de/uka/ilkd/key/proof/rules/wdRegExRules.key 
3086       DEBUG main            d.u.i.k.p.i.KeYFile       Reading KeY file file:/home/runner/work/key/key/key.core/build/resources/main/de/uka/ilkd/key/proof/rules/wdFormulaRules.key 
3086       DEBUG main            d.u.i.k.p.i.KeYFile       Read specifications obtained when parsing the Java files (usually JML and Strings.key) from file:/home/runner/work/key/key/key.core/build/resources/main/de/uka/ilkd/key/proof/rules/wdFormulaRules.key 
3097       DEBUG main            d.u.i.k.p.i.KeYFile       Reading KeY file file:/home/runner/work/key/key/key.core/build/resources/main/de/uka/ilkd/key/proof/rules/wd.key 
3098       DEBUG main            d.u.i.k.p.i.KeYFile       Read specifications obtained when parsing the Java files (usually JML and Strings.key) from file:/home/runner/work/key/key/key.core/build/resources/main/de/uka/ilkd/key/proof/rules/wd.key 
3128       DEBUG main            d.u.i.k.p.i.KeYFile       Reading KeY file file:/home/runner/work/key/key/key.core/build/resources/main/de/uka/ilkd/key/proof/rules/loopInvariantRules.key 
3129       DEBUG main            d.u.i.k.p.i.KeYFile       Read specifications obtained when parsing the Java files (usually JML and Strings.key) from file:/home/runner/work/key/key/key.core/build/resources/main/de/uka/ilkd/key/proof/rules/loopInvariantRules.key 
3130       DEBUG main            d.u.i.k.p.i.KeYFile       Reading KeY file file:/home/runner/work/key/key/key.core/build/resources/main/de/uka/ilkd/key/proof/rules/forLoopRules.key 
3130       DEBUG main            d.u.i.k.p.i.KeYFile       Read specifications obtained when parsing the Java files (usually JML and Strings.key) from file:/home/runner/work/key/key/key.core/build/resources/main/de/uka/ilkd/key/proof/rules/forLoopRules.key 
3135       DEBUG main            d.u.i.k.p.i.KeYFile       Reading KeY file file:/home/runner/work/key/key/key.core/build/resources/main/de/uka/ilkd/key/proof/rules/execRules.key 
3135       DEBUG main            d.u.i.k.p.i.KeYFile       Read specifications obtained when parsing the Java files (usually JML and Strings.key) from file:/home/runner/work/key/key/key.core/build/resources/main/de/uka/ilkd/key/proof/rules/execRules.key 
3191       DEBUG main            d.u.i.k.p.i.KeYFile       Reading KeY file file:/home/runner/work/key/key/key.core/build/resources/main/de/uka/ilkd/key/proof/rules/loopScopeRules.key 
3191       DEBUG main            d.u.i.k.p.i.KeYFile       Read specifications obtained when parsing the Java files (usually JML and Strings.key) from file:/home/runner/work/key/key/key.core/build/resources/main/de/uka/ilkd/key/proof/rules/loopScopeRules.key 
3210       DEBUG main            d.u.i.k.p.i.KeYFile       Reading KeY file file:/home/runner/work/key/key/key.core/build/resources/main/de/uka/ilkd/key/proof/rules/standardRules.key 
3211       DEBUG main            d.u.i.k.p.i.KeYFile       Read specifications obtained when parsing the Java files (usually JML and Strings.key) from file:/home/runner/work/key/key/key.core/build/resources/main/de/uka/ilkd/key/proof/rules/standardRules.key 
5842       DEBUG main            d.u.i.k.j.Recoder2KeY     converting now /home/runner/work/key/key/key.core/../key.ui/examples/InformationFlow/LoopInvariants/src/loop/IFLoopExamples.java 
5903       DEBUG main            d.u.i.k.s.TermLabelSettings TermLabelSettings: Failure while reading the setting "UseOriginLabels".Using the default value: true.The string read was: null 
5903       DEBUG main            d.u.i.k.p.i.KeYFile       Reading KeY file /home/runner/work/key/key/key.core/../key.ui/examples/InformationFlow/LoopInvariants/loop.IFLoopExamples(loop.IFLoopExamples__insecure_while_3(int)).Non-interference contract.0.m.key 
5912       DEBUG main            d.u.i.k.p.i.KeYFile       Reading KeY file file:/home/runner/work/key/key/key.core/build/resources/main/de/uka/ilkd/key/java/JavaRedux/java/lang/String.key 
5916       DEBUG main            d.u.i.k.p.i.KeYFile       Read specifications obtained when parsing the Java files (usually JML and Strings.key) from file:/home/runner/work/key/key/key.core/build/resources/main/de/uka/ilkd/key/java/JavaRedux/java/lang/String.key 
8378       DEBUG main            d.u.i.k.p.i.KeYFile       Read specifications obtained when parsing the Java files (usually JML and Strings.key) from /home/runner/work/key/key/key.core/../key.ui/examples/InformationFlow/LoopInvariants/loop.IFLoopExamples(loop.IFLoopExamples__insecure_while_3(int)).Non-interference contract.0.m.key 
8624       DEBUG main            d.u.i.k.m.s.ProofScriptEngine 1: 'macro 'infflow-autopilot'' 
8965       DEBUG main            d.u.i.k.p.m.ProofCorrectnessMgt No justification found for rule Class_invariant_axiom_for_loop_IFLoopExamples 
9007       DEBUG main            d.u.i.k.j.TypeConverter   typeconverter: (prefix this;, class class de.uka.ilkd.key.java.reference.ThisReference) 
9046       DEBUG main            d.u.i.k.j.TypeConverter   typeconverter: (prefix this;, class class de.uka.ilkd.key.java.reference.ThisReference) 
9126       DEBUG main            d.u.i.k.r.m.WhileLoopTransformation While-Loop-Tranform-Result: try {
  {
    if (_x > 0) {
      this.low = this.low + 1;
      _x = _x - 1;
    }
  }
} catch (java.lang.Throwable e#4) {
  exc#3 = true;
  thrownExc#5 = e#4;
} 
9411       DEBUG main            d.u.i.k.j.TypeConverter   typeconverter: (prefix this;, class class de.uka.ilkd.key.java.reference.ThisReference) 
9471       DEBUG main            d.u.i.k.j.TypeConverter   typeconverter: (prefix this;, class class de.uka.ilkd.key.java.reference.ThisReference) 
9740       DEBUG main            d.u.i.k.j.TypeConverter   typeconverter: (prefix this;, class class de.uka.ilkd.key.java.reference.ThisReference) 
10052      DEBUG main            d.u.i.k.j.TypeConverter   typeconverter: (prefix this;, class class de.uka.ilkd.key.java.reference.ThisReference) 
10066      DEBUG main            d.u.i.k.j.TypeConverter   typeconverter: (prefix this;, class class de.uka.ilkd.key.java.reference.ThisReference) 
10089      DEBUG main            d.u.i.k.j.TypeConverter   typeconverter: (prefix this;, class class de.uka.ilkd.key.java.reference.ThisReference) 
10474      DEBUG main            d.u.i.k.j.TypeConverter   typeconverter: (prefix this;, class class de.uka.ilkd.key.java.reference.ThisReference) 
10487      DEBUG main            d.u.i.k.j.TypeConverter   typeconverter: (prefix this;, class class de.uka.ilkd.key.java.reference.ThisReference) 
13778      INFO  main            d.u.i.k.p.r.p.TestFile    ... finished proof: open goal(s) 
13942      DEBUG main            d.u.i.k.s.TermLabelSettings TermLabelSettings: Failure while reading the setting "UseOriginLabels".Using the default value: true.The string read was: null 
13942      INFO  main            d.u.i.k.p.r.p.TestFile    Now processing file /home/runner/work/key/key/key.core/../key.ui/examples/InformationFlow/LoopInvariants/loop.IFLoopExamples(loop.IFLoopExamples__secure_while_2(int)).Non-interference contract.0.m.key 
15084      DEBUG main            d.u.i.k.j.Recoder2KeY     converting now /home/runner/work/key/key/key.core/../key.ui/examples/InformationFlow/LoopInvariants/src/loop/IFLoopExamples.java 
15095      DEBUG main            d.u.i.k.s.TermLabelSettings TermLabelSettings: Failure while reading the setting "UseOriginLabels".Using the default value: true.The string read was: null 
15095      DEBUG main            d.u.i.k.p.i.KeYFile       Reading KeY file /home/runner/work/key/key/key.core/../key.ui/examples/InformationFlow/LoopInvariants/loop.IFLoopExamples(loop.IFLoopExamples__secure_while_2(int)).Non-interference contract.0.m.key 
15096      DEBUG main            d.u.i.k.p.i.KeYFile       Reading KeY file file:/home/runner/work/key/key/key.core/build/resources/main/de/uka/ilkd/key/java/JavaRedux/java/lang/String.key 
15099      DEBUG main            d.u.i.k.p.i.KeYFile       Read specifications obtained when parsing the Java files (usually JML and Strings.key) from file:/home/runner/work/key/key/key.core/build/resources/main/de/uka/ilkd/key/java/JavaRedux/java/lang/String.key 
17223      DEBUG main            d.u.i.k.p.i.KeYFile       Read specifications obtained when parsing the Java files (usually JML and Strings.key) from /home/runner/work/key/key/key.core/../key.ui/examples/InformationFlow/LoopInvariants/loop.IFLoopExamples(loop.IFLoopExamples__secure_while_2(int)).Non-interference contract.0.m.key 
17281      DEBUG main            d.u.i.k.m.s.ProofScriptEngine 1: 'macro 'infflow-autopilot'' 
17337      DEBUG main            d.u.i.k.p.m.ProofCorrectnessMgt No justification found for rule Class_invariant_axiom_for_loop_IFLoopExamples 
17348      DEBUG main            d.u.i.k.j.TypeConverter   typeconverter: (prefix this;, class class de.uka.ilkd.key.java.reference.ThisReference) 
17359      DEBUG main            d.u.i.k.j.TypeConverter   typeconverter: (prefix this;, class class de.uka.ilkd.key.java.reference.ThisReference) 
17388      DEBUG main            d.u.i.k.r.m.WhileLoopTransformation While-Loop-Tranform-Result: try {
  {
    if (_x > 0) {
      this.low = this.low + 1;
      _x = _x - 1;
    }
  }
} catch (java.lang.Throwable e#4) {
  exc#3 = true;
  thrownExc#5 = e#4;
} 
17503      DEBUG main            d.u.i.k.j.TypeConverter   typeconverter: (prefix this;, class class de.uka.ilkd.key.java.reference.ThisReference) 
17540      DEBUG main            d.u.i.k.j.TypeConverter   typeconverter: (prefix this;, class class de.uka.ilkd.key.java.reference.ThisReference) 
17906      DEBUG main            d.u.i.k.j.TypeConverter   typeconverter: (prefix this;, class class de.uka.ilkd.key.java.reference.ThisReference) 
17917      DEBUG main            d.u.i.k.j.TypeConverter   typeconverter: (prefix this;, class class de.uka.ilkd.key.java.reference.ThisReference) 
17930      DEBUG main            d.u.i.k.j.TypeConverter   typeconverter: (prefix this;, class class de.uka.ilkd.key.java.reference.ThisReference) 
17943      DEBUG main            d.u.i.k.j.TypeConverter   typeconverter: (prefix this;, class class de.uka.ilkd.key.java.reference.ThisReference) 
18833      INFO  main            d.u.i.k.p.r.p.TestFile    ... finished proof: closed. 
19012      DEBUG main            d.u.i.k.s.TermLabelSettings TermLabelSettings: Failure while reading the setting "UseOriginLabels".Using the default value: true.The string read was: null 
19012      INFO  main            d.u.i.k.p.r.p.TestFile    Now processing file /home/runner/work/key/key/key.core/../key.ui/examples/InformationFlow/LoopInvariants/loop.IFLoopExamples(loop.IFLoopExamples__secure_while_4(int)).Non-interference contract.0.m.key 
20097      DEBUG main            d.u.i.k.j.Recoder2KeY     converting now /home/runner/work/key/key/key.core/../key.ui/examples/InformationFlow/LoopInvariants/src/loop/IFLoopExamples.java 
20105      DEBUG main            d.u.i.k.s.TermLabelSettings TermLabelSettings: Failure while reading the setting "UseOriginLabels".Using the default value: true.The string read was: null 
20105      DEBUG main            d.u.i.k.p.i.KeYFile       Reading KeY file /home/runner/work/key/key/key.core/../key.ui/examples/InformationFlow/LoopInvariants/loop.IFLoopExamples(loop.IFLoopExamples__secure_while_4(int)).Non-interference contract.0.m.key 
20106      DEBUG main            d.u.i.k.p.i.KeYFile       Reading KeY file file:/home/runner/work/key/key/key.core/build/resources/main/de/uka/ilkd/key/java/JavaRedux/java/lang/String.key 
20109      DEBUG main            d.u.i.k.p.i.KeYFile       Read specifications obtained when parsing the Java files (usually JML and Strings.key) from file:/home/runner/work/key/key/key.core/build/resources/main/de/uka/ilkd/key/java/JavaRedux/java/lang/String.key 
22186      DEBUG main            d.u.i.k.p.i.KeYFile       Read specifications obtained when parsing the Java files (usually JML and Strings.key) from /home/runner/work/key/key/key.core/../key.ui/examples/InformationFlow/LoopInvariants/loop.IFLoopExamples(loop.IFLoopExamples__secure_while_4(int)).Non-interference contract.0.m.key 
22237      DEBUG main            d.u.i.k.m.s.ProofScriptEngine 1: 'macro 'infflow-autopilot'' 
22279      DEBUG main            d.u.i.k.p.m.ProofCorrectnessMgt No justification found for rule Class_invariant_axiom_for_loop_IFLoopExamples 
22286      DEBUG main            d.u.i.k.j.TypeConverter   typeconverter: (prefix this;, class class de.uka.ilkd.key.java.reference.ThisReference) 
22292      DEBUG main            d.u.i.k.j.TypeConverter   typeconverter: (prefix this;, class class de.uka.ilkd.key.java.reference.ThisReference) 
22310      DEBUG main            d.u.i.k.r.m.WhileLoopTransformation While-Loop-Tranform-Result: try {
  {
    if (_x > 0) {
      this.low = this.low + 1;
      _x = _x - 1;
    }
  }
} catch (java.lang.Throwable e#4) {
  exc#3 = true;
  thrownExc#5 = e#4;
} 
22394      DEBUG main            d.u.i.k.j.TypeConverter   typeconverter: (prefix this;, class class de.uka.ilkd.key.java.reference.ThisReference) 
22423      DEBUG main            d.u.i.k.j.TypeConverter   typeconverter: (prefix this;, class class de.uka.ilkd.key.java.reference.ThisReference) 
22698      DEBUG main            d.u.i.k.j.TypeConverter   typeconverter: (prefix this;, class class de.uka.ilkd.key.java.reference.ThisReference) 
22707      DEBUG main            d.u.i.k.j.TypeConverter   typeconverter: (prefix this;, class class de.uka.ilkd.key.java.reference.ThisReference) 
22718      DEBUG main            d.u.i.k.j.TypeConverter   typeconverter: (prefix this;, class class de.uka.ilkd.key.java.reference.ThisReference) 
22730      DEBUG main            d.u.i.k.j.TypeConverter   typeconverter: (prefix this;, class class de.uka.ilkd.key.java.reference.ThisReference) 
23503      INFO  main            d.u.i.k.p.r.p.TestFile    ... finished proof: closed. 
23679      DEBUG main            d.u.i.k.s.TermLabelSettings TermLabelSettings: Failure while reading the setting "UseOriginLabels".Using the default value: true.The string read was: null 
23679      INFO  main            d.u.i.k.p.r.p.TestFile    Now processing file /home/runner/work/key/key/key.core/../key.ui/examples/InformationFlow/LoopInvariants/loop.IFLoopExamples(loop.IFLoopExamples__insecure_doubleNestedWhile2(int)).Non-interference contract.0.m.key 
24682      DEBUG main            d.u.i.k.j.Recoder2KeY     converting now /home/runner/work/key/key/key.core/../key.ui/examples/InformationFlow/LoopInvariants/src/loop/IFLoopExamples.java 
24689      DEBUG main            d.u.i.k.s.TermLabelSettings TermLabelSettings: Failure while reading the setting "UseOriginLabels".Using the default value: true.The string read was: null 
24689      DEBUG main            d.u.i.k.p.i.KeYFile       Reading KeY file /home/runner/work/key/key/key.core/../key.ui/examples/InformationFlow/LoopInvariants/loop.IFLoopExamples(loop.IFLoopExamples__insecure_doubleNestedWhile2(int)).Non-interference contract.0.m.key 
24690      DEBUG main            d.u.i.k.p.i.KeYFile       Reading KeY file file:/home/runner/work/key/key/key.core/build/resources/main/de/uka/ilkd/key/java/JavaRedux/java/lang/String.key 
24693      DEBUG main            d.u.i.k.p.i.KeYFile       Read specifications obtained when parsing the Java files (usually JML and Strings.key) from file:/home/runner/work/key/key/key.core/build/resources/main/de/uka/ilkd/key/java/JavaRedux/java/lang/String.key 
26692      DEBUG main            d.u.i.k.p.i.KeYFile       Read specifications obtained when parsing the Java files (usually JML and Strings.key) from /home/runner/work/key/key/key.core/../key.ui/examples/InformationFlow/LoopInvariants/loop.IFLoopExamples(loop.IFLoopExamples__insecure_doubleNestedWhile2(int)).Non-interference contract.0.m.key 
26740      DEBUG main            d.u.i.k.m.s.ProofScriptEngine 1: 'macro 'infflow-autopilot'' 
26779      DEBUG main            d.u.i.k.p.m.ProofCorrectnessMgt No justification found for rule Class_invariant_axiom_for_loop_IFLoopExamples 
26786      DEBUG main            d.u.i.k.r.m.WhileLoopTransformation While-Loop-Tranform-Result: try {
  {
    if (_x > 0) {
      this.low = this.low + 1;
      _x = _x - 1;
      while (_x > 0) {
        this.low = this.low + 1;
        _x = _x - 1;
        while (_x > 0) {
          this.low = this.low + 1;
          _x = _x - 1;
        }
      }
    }
  }
} catch (java.lang.Throwable e#4) {
  exc#3 = true;
  thrownExc#5 = e#4;
} 
26970      DEBUG main            d.u.i.k.j.TypeConverter   typeconverter: (prefix this;, class class de.uka.ilkd.key.java.reference.ThisReference) 
26972      DEBUG main            d.u.i.k.j.TypeConverter   typeconverter: (prefix this;, class class de.uka.ilkd.key.java.reference.ThisReference) 
27124      DEBUG main            d.u.i.k.j.TypeConverter   typeconverter: (prefix this;, class class de.uka.ilkd.key.java.reference.ThisReference) 
27132      DEBUG main            d.u.i.k.j.TypeConverter   typeconverter: (prefix this;, class class de.uka.ilkd.key.java.reference.ThisReference) 
27194      DEBUG main            d.u.i.k.r.m.WhileLoopTransformation While-Loop-Tranform-Result: try {
  {
    if (_x > 0) {
      this.low = this.low + 1;
      _x = _x - 1;
      while (_x > 0) {
        this.low = this.low + 1;
        _x = _x - 1;
      }
    }
  }
} catch (java.lang.Throwable e#26) {
  exc#25 = true;
  thrownExc#27 = e#26;
} 
27385      DEBUG main            d.u.i.k.r.m.WhileLoopTransformation While-Loop-Tranform-Result: try {
  {
    if (_x > 0) {
      this.low = this.low + 1;
      _x = _x - 1;
      while (_x > 0) {
        this.low = this.low + 1;
        _x = _x - 1;
      }
    }
  }
} catch (java.lang.Throwable e#48) {
  exc#47 = true;
  thrownExc#49 = e#48;
} 
27803      DEBUG main            d.u.i.k.j.TypeConverter   typeconverter: (prefix this;, class class de.uka.ilkd.key.java.reference.ThisReference) 
27950      DEBUG main            d.u.i.k.j.TypeConverter   typeconverter: (prefix this;, class class de.uka.ilkd.key.java.reference.ThisReference) 
27959      DEBUG main            d.u.i.k.j.TypeConverter   typeconverter: (prefix this;, class class de.uka.ilkd.key.java.reference.ThisReference) 
27970      DEBUG main            d.u.i.k.j.TypeConverter   typeconverter: (prefix this;, class class de.uka.ilkd.key.java.reference.ThisReference) 
28010      DEBUG main            d.u.i.k.r.m.WhileLoopTransformation While-Loop-Tranform-Result: try {
  {
    if (_x > 0) {
      this.low = this.low + 1;
      _x = _x - 1;
    }
  }
} catch (java.lang.Throwable e#70) {
  exc#69 = true;
  thrownExc#71 = e#70;
} 
28207      DEBUG main            d.u.i.k.j.TypeConverter   typeconverter: (prefix this;, class class de.uka.ilkd.key.java.reference.ThisReference) 
28246      DEBUG main            d.u.i.k.j.TypeConverter   typeconverter: (prefix this;, class class de.uka.ilkd.key.java.reference.ThisReference) 
28278      DEBUG main            d.u.i.k.r.m.WhileLoopTransformation While-Loop-Tranform-Result: try {
  {
    if (_x > 0) {
      this.low = this.low + 1;
      _x = _x - 1;
      while (_x > 0) {
        this.low = this.low + 1;
        _x = _x - 1;
      }
    }
  }
} catch (java.lang.Throwable e#4) {
  exc#3 = true;
  thrownExc#5 = e#4;
} 
28695      DEBUG main            d.u.i.k.j.TypeConverter   typeconverter: (prefix this;, class class de.uka.ilkd.key.java.reference.ThisReference) 
28704      DEBUG main            d.u.i.k.j.TypeConverter   typeconverter: (prefix this;, class class de.uka.ilkd.key.java.reference.ThisReference) 
28714      DEBUG main            d.u.i.k.j.TypeConverter   typeconverter: (prefix this;, class class de.uka.ilkd.key.java.reference.ThisReference) 
28726      DEBUG main            d.u.i.k.j.TypeConverter   typeconverter: (prefix this;, class class de.uka.ilkd.key.java.reference.ThisReference) 
28758      DEBUG main            d.u.i.k.r.m.WhileLoopTransformation While-Loop-Tranform-Result: try {
  {
    if (_x > 0) {
      this.low = this.low + 1;
      _x = _x - 1;
    }
  }
} catch (java.lang.Throwable e#26) {
  exc#25 = true;
  thrownExc#27 = e#26;
} 
28905      DEBUG main            d.u.i.k.r.m.WhileLoopTransformation While-Loop-Tranform-Result: try {
  {
    if (_x > 0) {
      this.low = this.low + 1;
      _x = _x - 1;
    }
  }
} catch (java.lang.Throwable e#48) {
  exc#47 = true;
  thrownExc#49 = e#48;
} 
29615      DEBUG main            d.u.i.k.j.TypeConverter   typeconverter: (prefix this;, class class de.uka.ilkd.key.java.reference.ThisReference) 
29813      DEBUG main            d.u.i.k.j.TypeConverter   typeconverter: (prefix this;, class class de.uka.ilkd.key.java.reference.ThisReference) 
29849      DEBUG main            d.u.i.k.j.TypeConverter   typeconverter: (prefix this;, class class de.uka.ilkd.key.java.reference.ThisReference) 
29876      DEBUG main            d.u.i.k.r.m.WhileLoopTransformation While-Loop-Tranform-Result: try {
  {
    if (_x > 0) {
      this.low = this.low + 1;
      _x = _x - 1;
    }
  }
} catch (java.lang.Throwable e#4) {
  exc#3 = true;
  thrownExc#5 = e#4;
} 
30093      DEBUG main            d.u.i.k.j.TypeConverter   typeconverter: (prefix this;, class class de.uka.ilkd.key.java.reference.ThisReference) 
30095      DEBUG main            d.u.i.k.j.TypeConverter   typeconverter: (prefix this;, class class de.uka.ilkd.key.java.reference.ThisReference) 
30303      DEBUG main            d.u.i.k.j.TypeConverter   typeconverter: (prefix this;, class class de.uka.ilkd.key.java.reference.ThisReference) 
30309      DEBUG main            d.u.i.k.j.TypeConverter   typeconverter: (prefix this;, class class de.uka.ilkd.key.java.reference.ThisReference) 
249885     INFO  main            d.u.i.k.p.r.p.TestFile    ... finished proof: open goal(s) 
250137     DEBUG main            d.u.i.k.s.TermLabelSettings TermLabelSettings: Failure while reading the setting "UseOriginLabels".Using the default value: true.The string read was: null 
250137     INFO  main            d.u.i.k.p.r.p.TestFile    Now processing file /home/runner/work/key/key/key.core/../key.ui/examples/InformationFlow/LoopInvariants/loop.IFLoopExamples(loop.IFLoopExamples__insecure_doubleNestedWhile(int)).Non-interference contract.0.m.key 
251093     DEBUG main            d.u.i.k.j.Recoder2KeY     converting now /home/runner/work/key/key/key.core/../key.ui/examples/InformationFlow/LoopInvariants/src/loop/IFLoopExamples.java 
251100     DEBUG main            d.u.i.k.s.TermLabelSettings TermLabelSettings: Failure while reading the setting "UseOriginLabels".Using the default value: true.The string read was: null 
251100     DEBUG main            d.u.i.k.p.i.KeYFile       Reading KeY file /home/runner/work/key/key/key.core/../key.ui/examples/InformationFlow/LoopInvariants/loop.IFLoopExamples(loop.IFLoopExamples__insecure_doubleNestedWhile(int)).Non-interference contract.0.m.key 
251101     DEBUG main            d.u.i.k.p.i.KeYFile       Reading KeY file file:/home/runner/work/key/key/key.core/build/resources/main/de/uka/ilkd/key/java/JavaRedux/java/lang/String.key 
251103     DEBUG main            d.u.i.k.p.i.KeYFile       Read specifications obtained when parsing the Java files (usually JML and Strings.key) from file:/home/runner/work/key/key/key.core/build/resources/main/de/uka/ilkd/key/java/JavaRedux/java/lang/String.key 
253046     DEBUG main            d.u.i.k.p.i.KeYFile       Read specifications obtained when parsing the Java files (usually JML and Strings.key) from /home/runner/work/key/key/key.core/../key.ui/examples/InformationFlow/LoopInvariants/loop.IFLoopExamples(loop.IFLoopExamples__insecure_doubleNestedWhile(int)).Non-interference contract.0.m.key 
253093     DEBUG main            d.u.i.k.m.s.ProofScriptEngine 1: 'macro 'infflow-autopilot'' 
253125     DEBUG main            d.u.i.k.p.m.ProofCorrectnessMgt No justification found for rule Class_invariant_axiom_for_loop_IFLoopExamples 
253132     DEBUG main            d.u.i.k.r.m.WhileLoopTransformation While-Loop-Tranform-Result: try {
  {
    if (_x > 0) {
      this.low = this.low + 1;
      _x = _x - 1;
      while (_x > 0) {
        this.low = this.low + 1;
        _x = _x - 1;
        while (_x > 0) {
          this.low = this.low + 1;
          _x = _x - 1;
        }
      }
    }
  }
} catch (java.lang.Throwable e#4) {
  exc#3 = true;
  thrownExc#5 = e#4;
} 
253294     DEBUG main            d.u.i.k.j.TypeConverter   typeconverter: (prefix this;, class class de.uka.ilkd.key.java.reference.ThisReference) 
253296     DEBUG main            d.u.i.k.j.TypeConverter   typeconverter: (prefix this;, class class de.uka.ilkd.key.java.reference.ThisReference) 
253433     DEBUG main            d.u.i.k.j.TypeConverter   typeconverter: (prefix this;, class class de.uka.ilkd.key.java.reference.ThisReference) 
253441     DEBUG main            d.u.i.k.j.TypeConverter   typeconverter: (prefix this;, class class de.uka.ilkd.key.java.reference.ThisReference) 
253495     DEBUG main            d.u.i.k.r.m.WhileLoopTransformation While-Loop-Tranform-Result: try {
  {
    if (_x > 0) {
      this.low = this.low + 1;
      _x = _x - 1;
      while (_x > 0) {
        this.low = this.low + 1;
        _x = _x - 1;
      }
    }
  }
} catch (java.lang.Throwable e#26) {
  exc#25 = true;
  thrownExc#27 = e#26;
} 
253664     DEBUG main            d.u.i.k.r.m.WhileLoopTransformation While-Loop-Tranform-Result: try {
  {
    if (_x > 0) {
      this.low = this.low + 1;
      _x = _x - 1;
      while (_x > 0) {
        this.low = this.low + 1;
        _x = _x - 1;
      }
    }
  }
} catch (java.lang.Throwable e#48) {
  exc#47 = true;
  thrownExc#49 = e#48;
} 
254060     DEBUG main            d.u.i.k.j.TypeConverter   typeconverter: (prefix this;, class class de.uka.ilkd.key.java.reference.ThisReference) 
254191     DEBUG main            d.u.i.k.j.TypeConverter   typeconverter: (prefix this;, class class de.uka.ilkd.key.java.reference.ThisReference) 
254199     DEBUG main            d.u.i.k.j.TypeConverter   typeconverter: (prefix this;, class class de.uka.ilkd.key.java.reference.ThisReference) 
254209     DEBUG main            d.u.i.k.j.TypeConverter   typeconverter: (prefix this;, class class de.uka.ilkd.key.java.reference.ThisReference) 
254245     DEBUG main            d.u.i.k.r.m.WhileLoopTransformation While-Loop-Tranform-Result: try {
  {
    if (_x > 0) {
      this.low = this.low + 1;
      _x = _x - 1;
    }
  }
} catch (java.lang.Throwable e#70) {
  exc#69 = true;
  thrownExc#71 = e#70;
} 
254420     DEBUG main            d.u.i.k.j.TypeConverter   typeconverter: (prefix this;, class class de.uka.ilkd.key.java.reference.ThisReference) 
254453     DEBUG main            d.u.i.k.j.TypeConverter   typeconverter: (prefix this;, class class de.uka.ilkd.key.java.reference.ThisReference) 
254481     DEBUG main            d.u.i.k.r.m.WhileLoopTransformation While-Loop-Tranform-Result: try {
  {
    if (_x > 0) {
      this.low = this.low + 1;
      _x = _x - 1;
      while (_x > 0) {
        this.low = this.low + 1;
        _x = _x - 1;
      }
    }
  }
} catch (java.lang.Throwable e#4) {
  exc#3 = true;
  thrownExc#5 = e#4;
} 
254716     DEBUG main            d.u.i.k.j.TypeConverter   typeconverter: (prefix this;, class class de.uka.ilkd.key.java.reference.ThisReference) 
254718     DEBUG main            d.u.i.k.j.TypeConverter   typeconverter: (prefix this;, class class de.uka.ilkd.key.java.reference.ThisReference) 
254847     DEBUG main            d.u.i.k.j.TypeConverter   typeconverter: (prefix this;, class class de.uka.ilkd.key.java.reference.ThisReference) 
254854     DEBUG main            d.u.i.k.j.TypeConverter   typeconverter: (prefix this;, class class de.uka.ilkd.key.java.reference.ThisReference) 
254901     DEBUG main            d.u.i.k.r.m.WhileLoopTransformation While-Loop-Tranform-Result: try {
  {
    if (_x > 0) {
      this.low = this.low + 1;
      _x = _x - 1;
    }
  }
} catch (java.lang.Throwable e#26) {
  exc#25 = true;
  thrownExc#27 = e#26;
} 
255044     DEBUG main            d.u.i.k.r.m.WhileLoopTransformation While-Loop-Tranform-Result: try {
  {
    if (_x > 0) {
      this.low = this.low + 1;
      _x = _x - 1;
    }
  }
} catch (java.lang.Throwable e#48) {
  exc#47 = true;
  thrownExc#49 = e#48;
} 
255460     DEBUG main            d.u.i.k.j.TypeConverter   typeconverter: (prefix this;, class class de.uka.ilkd.key.java.reference.ThisReference) 
255588     DEBUG main            d.u.i.k.j.TypeConverter   typeconverter: (prefix this;, class class de.uka.ilkd.key.java.reference.ThisReference) 
255594     DEBUG main            d.u.i.k.j.TypeConverter   typeconverter: (prefix this;, class class de.uka.ilkd.key.java.reference.ThisReference) 
255603     DEBUG main            d.u.i.k.j.TypeConverter   typeconverter: (prefix this;, class class de.uka.ilkd.key.java.reference.ThisReference) 
255783     DEBUG main            d.u.i.k.j.TypeConverter   typeconverter: (prefix this;, class class de.uka.ilkd.key.java.reference.ThisReference) 
255814     DEBUG main            d.u.i.k.j.TypeConverter   typeconverter: (prefix this;, class class de.uka.ilkd.key.java.reference.ThisReference) 
255839     DEBUG main            d.u.i.k.r.m.WhileLoopTransformation While-Loop-Tranform-Result: try {
  {
    if (_x > 0) {
      this.low = this.low + 1;
      _x = _x - 1;
    }
  }
} catch (java.lang.Throwable e#4) {
  exc#3 = true;
  thrownExc#5 = e#4;
} 
256079     DEBUG main            d.u.i.k.j.TypeConverter   typeconverter: (prefix this;, class class de.uka.ilkd.key.java.reference.ThisReference) 
256081     DEBUG main            d.u.i.k.j.TypeConverter   typeconverter: (prefix this;, class class de.uka.ilkd.key.java.reference.ThisReference) 
256203     DEBUG main            d.u.i.k.j.TypeConverter   typeconverter: (prefix this;, class class de.uka.ilkd.key.java.reference.ThisReference) 
256209     DEBUG main            d.u.i.k.j.TypeConverter   typeconverter: (prefix this;, class class de.uka.ilkd.key.java.reference.ThisReference) 
257778     INFO  main            d.u.i.k.p.r.p.TestFile    ... finished proof: open goal(s) 
258066     DEBUG main            d.u.i.k.s.TermLabelSettings TermLabelSettings: Failure while reading the setting "UseOriginLabels".Using the default value: true.The string read was: null 
258067     INFO  main            d.u.i.k.p.r.p.TestFile    Now processing file /home/runner/work/key/key/key.core/../key.ui/examples/InformationFlow/LoopInvariants/loop.IFLoopExamples(loop.IFLoopExamples__secure_doubleNestedWhile(int)).Non-interference contract.0.m.key 
259060     DEBUG main            d.u.i.k.j.Recoder2KeY     converting now /home/runner/work/key/key/key.core/../key.ui/examples/InformationFlow/LoopInvariants/src/loop/IFLoopExamples.java 
259065     DEBUG main            d.u.i.k.s.TermLabelSettings TermLabelSettings: Failure while reading the setting "UseOriginLabels".Using the default value: true.The string read was: null 
259066     DEBUG main            d.u.i.k.p.i.KeYFile       Reading KeY file /home/runner/work/key/key/key.core/../key.ui/examples/InformationFlow/LoopInvariants/loop.IFLoopExamples(loop.IFLoopExamples__secure_doubleNestedWhile(int)).Non-interference contract.0.m.key 
259067     DEBUG main            d.u.i.k.p.i.KeYFile       Reading KeY file file:/home/runner/work/key/key/key.core/build/resources/main/de/uka/ilkd/key/java/JavaRedux/java/lang/String.key 
259069     DEBUG main            d.u.i.k.p.i.KeYFile       Read specifications obtained when parsing the Java files (usually JML and Strings.key) from file:/home/runner/work/key/key/key.core/build/resources/main/de/uka/ilkd/key/java/JavaRedux/java/lang/String.key 
260971     DEBUG main            d.u.i.k.p.i.KeYFile       Read specifications obtained when parsing the Java files (usually JML and Strings.key) from /home/runner/work/key/key/key.core/../key.ui/examples/InformationFlow/LoopInvariants/loop.IFLoopExamples(loop.IFLoopExamples__secure_doubleNestedWhile(int)).Non-interference contract.0.m.key 
261011     DEBUG main            d.u.i.k.m.s.ProofScriptEngine 1: 'macro 'infflow-autopilot'' 
261042     DEBUG main            d.u.i.k.p.m.ProofCorrectnessMgt No justification found for rule Class_invariant_axiom_for_loop_IFLoopExamples 
261048     DEBUG main            d.u.i.k.r.m.WhileLoopTransformation While-Loop-Tranform-Result: try {
  {
    if (_x > 0) {
      this.low = this.low + 1;
      _x = _x - 1;
      while (_x > 0) {
        this.low = this.low + 1;
        _x = _x - 1;
        while (_x > 0) {
          this.low = this.low + 1;
          _x = _x - 1;
        }
      }
    }
  }
} catch (java.lang.Throwable e#4) {
  exc#3 = true;
  thrownExc#5 = e#4;
} 
261189     DEBUG main            d.u.i.k.j.TypeConverter   typeconverter: (prefix this;, class class de.uka.ilkd.key.java.reference.ThisReference) 
261191     DEBUG main            d.u.i.k.j.TypeConverter   typeconverter: (prefix this;, class class de.uka.ilkd.key.java.reference.ThisReference) 
261360     DEBUG main            d.u.i.k.j.TypeConverter   typeconverter: (prefix this;, class class de.uka.ilkd.key.java.reference.ThisReference) 
261368     DEBUG main            d.u.i.k.j.TypeConverter   typeconverter: (prefix this;, class class de.uka.ilkd.key.java.reference.ThisReference) 
261419     DEBUG main            d.u.i.k.r.m.WhileLoopTransformation While-Loop-Tranform-Result: try {
  {
    if (_x > 0) {
      this.low = this.low + 1;
      _x = _x - 1;
      while (_x > 0) {
        this.low = this.low + 1;
        _x = _x - 1;
      }
    }
  }
} catch (java.lang.Throwable e#26) {
  exc#25 = true;
  thrownExc#27 = e#26;
} 
261585     DEBUG main            d.u.i.k.r.m.WhileLoopTransformation While-Loop-Tranform-Result: try {
  {
    if (_x > 0) {
      this.low = this.low + 1;
      _x = _x - 1;
      while (_x > 0) {
        this.low = this.low + 1;
        _x = _x - 1;
      }
    }
  }
} catch (java.lang.Throwable e#48) {
  exc#47 = true;
  thrownExc#49 = e#48;
} 
261932     DEBUG main            d.u.i.k.j.TypeConverter   typeconverter: (prefix this;, class class de.uka.ilkd.key.java.reference.ThisReference) 
262062     DEBUG main            d.u.i.k.j.TypeConverter   typeconverter: (prefix this;, class class de.uka.ilkd.key.java.reference.ThisReference) 
262070     DEBUG main            d.u.i.k.j.TypeConverter   typeconverter: (prefix this;, class class de.uka.ilkd.key.java.reference.ThisReference) 
262080     DEBUG main            d.u.i.k.j.TypeConverter   typeconverter: (prefix this;, class class de.uka.ilkd.key.java.reference.ThisReference) 
262152     DEBUG main            d.u.i.k.r.m.WhileLoopTransformation While-Loop-Tranform-Result: try {
  {
    if (_x > 0) {
      this.low = this.low + 1;
      _x = _x - 1;
    }
  }
} catch (java.lang.Throwable e#70) {
  exc#69 = true;
  thrownExc#71 = e#70;
} 
262323     DEBUG main            d.u.i.k.j.TypeConverter   typeconverter: (prefix this;, class class de.uka.ilkd.key.java.reference.ThisReference) 
262356     DEBUG main            d.u.i.k.j.TypeConverter   typeconverter: (prefix this;, class class de.uka.ilkd.key.java.reference.ThisReference) 
262384     DEBUG main            d.u.i.k.r.m.WhileLoopTransformation While-Loop-Tranform-Result: try {
  {
    if (_x > 0) {
      this.low = this.low + 1;
      _x = _x - 1;
      while (_x > 0) {
        this.low = this.low + 1;
        _x = _x - 1;
      }
    }
  }
} catch (java.lang.Throwable e#4) {
  exc#3 = true;
  thrownExc#5 = e#4;
} 
262576     DEBUG main            d.u.i.k.j.TypeConverter   typeconverter: (prefix this;, class class de.uka.ilkd.key.java.reference.ThisReference) 
262577     DEBUG main            d.u.i.k.j.TypeConverter   typeconverter: (prefix this;, class class de.uka.ilkd.key.java.reference.ThisReference) 
262708     DEBUG main            d.u.i.k.j.TypeConverter   typeconverter: (prefix this;, class class de.uka.ilkd.key.java.reference.ThisReference) 
262714     DEBUG main            d.u.i.k.j.TypeConverter   typeconverter: (prefix this;, class class de.uka.ilkd.key.java.reference.ThisReference) 
262761     DEBUG main            d.u.i.k.r.m.WhileLoopTransformation While-Loop-Tranform-Result: try {
  {
    if (_x > 0) {
      this.low = this.low + 1;
      _x = _x - 1;
    }
  }
} catch (java.lang.Throwable e#26) {
  exc#25 = true;
  thrownExc#27 = e#26;
} 
262962     DEBUG main            d.u.i.k.r.m.WhileLoopTransformation While-Loop-Tranform-Result: try {
  {
    if (_x > 0) {
      this.low = this.low + 1;
      _x = _x - 1;
    }
  }
} catch (java.lang.Throwable e#48) {
  exc#47 = true;
  thrownExc#49 = e#48;
} 
263339     DEBUG main            d.u.i.k.j.TypeConverter   typeconverter: (prefix this;, class class de.uka.ilkd.key.java.reference.ThisReference) 
263465     DEBUG main            d.u.i.k.j.TypeConverter   typeconverter: (prefix this;, class class de.uka.ilkd.key.java.reference.ThisReference) 
263472     DEBUG main            d.u.i.k.j.TypeConverter   typeconverter: (prefix this;, class class de.uka.ilkd.key.java.reference.ThisReference) 
263480     DEBUG main            d.u.i.k.j.TypeConverter   typeconverter: (prefix this;, class class de.uka.ilkd.key.java.reference.ThisReference) 
263657     DEBUG main            d.u.i.k.j.TypeConverter   typeconverter: (prefix this;, class class de.uka.ilkd.key.java.reference.ThisReference) 
263688     DEBUG main            d.u.i.k.j.TypeConverter   typeconverter: (prefix this;, class class de.uka.ilkd.key.java.reference.ThisReference) 
263712     DEBUG main            d.u.i.k.r.m.WhileLoopTransformation While-Loop-Tranform-Result: try {
  {
    if (_x > 0) {
      this.low = this.low + 1;
      _x = _x - 1;
    }
  }
} catch (java.lang.Throwable e#4) {
  exc#3 = true;
  thrownExc#5 = e#4;
} 
263956     DEBUG main            d.u.i.k.j.TypeConverter   typeconverter: (prefix this;, class class de.uka.ilkd.key.java.reference.ThisReference) 
263957     DEBUG main            d.u.i.k.j.TypeConverter   typeconverter: (prefix this;, class class de.uka.ilkd.key.java.reference.ThisReference) 
264079     DEBUG main            d.u.i.k.j.TypeConverter   typeconverter: (prefix this;, class class de.uka.ilkd.key.java.reference.ThisReference) 
264085     DEBUG main            d.u.i.k.j.TypeConverter   typeconverter: (prefix this;, class class de.uka.ilkd.key.java.reference.ThisReference) 
265256     INFO  main            d.u.i.k.p.r.p.TestFile    ... finished proof: closed. 
265532     DEBUG main            d.u.i.k.s.TermLabelSettings TermLabelSettings: Failure while reading the setting "UseOriginLabels".Using the default value: true.The string read was: null 
265532     INFO  main            d.u.i.k.p.r.p.TestFile    Now processing file /home/runner/work/key/key/key.core/../key.ui/examples/InformationFlow/LoopInvariants/loop.IFLoopExamples(loop.IFLoopExamples__secure_nestedTwoWhile(int)).Non-interference contract.0.m.key 
266469     DEBUG main            d.u.i.k.j.Recoder2KeY     converting now /home/runner/work/key/key/key.core/../key.ui/examples/InformationFlow/LoopInvariants/src/loop/IFLoopExamples.java 
266474     DEBUG main            d.u.i.k.s.TermLabelSettings TermLabelSettings: Failure while reading the setting "UseOriginLabels".Using the default value: true.The string read was: null 
266474     DEBUG main            d.u.i.k.p.i.KeYFile       Reading KeY file /home/runner/work/key/key/key.core/../key.ui/examples/InformationFlow/LoopInvariants/loop.IFLoopExamples(loop.IFLoopExamples__secure_nestedTwoWhile(int)).Non-interference contract.0.m.key 
266475     DEBUG main            d.u.i.k.p.i.KeYFile       Reading KeY file file:/home/runner/work/key/key/key.core/build/resources/main/de/uka/ilkd/key/java/JavaRedux/java/lang/String.key 
266478     DEBUG main            d.u.i.k.p.i.KeYFile       Read specifications obtained when parsing the Java files (usually JML and Strings.key) from file:/home/runner/work/key/key/key.core/build/resources/main/de/uka/ilkd/key/java/JavaRedux/java/lang/String.key 
268415     DEBUG main            d.u.i.k.p.i.KeYFile       Read specifications obtained when parsing the Java files (usually JML and Strings.key) from /home/runner/work/key/key/key.core/../key.ui/examples/InformationFlow/LoopInvariants/loop.IFLoopExamples(loop.IFLoopExamples__secure_nestedTwoWhile(int)).Non-interference contract.0.m.key 
268457     DEBUG main            d.u.i.k.m.s.ProofScriptEngine 1: 'macro 'infflow-autopilot'' 
268489     DEBUG main            d.u.i.k.p.m.ProofCorrectnessMgt No justification found for rule Class_invariant_axiom_for_loop_IFLoopExamples 
268495     DEBUG main            d.u.i.k.r.m.WhileLoopTransformation While-Loop-Tranform-Result: try {
  {
    if (_x > 0) {
      this.low = this.low + 1;
      _x = _x - 1;
      while (_x > 0) {
        this.low = this.low + 1;
        _x = _x - 1;
      }
      while (_x > 0) {
        this.low = this.low + 1;
        _x = _x - 1;
      }
    }
  }
} catch (java.lang.Throwable e#4) {
  exc#3 = true;
  thrownExc#5 = e#4;
} 
268644     DEBUG main            d.u.i.k.j.TypeConverter   typeconverter: (prefix this;, class class de.uka.ilkd.key.java.reference.ThisReference) 
268646     DEBUG main            d.u.i.k.j.TypeConverter   typeconverter: (prefix this;, class class de.uka.ilkd.key.java.reference.ThisReference) 
268784     DEBUG main            d.u.i.k.j.TypeConverter   typeconverter: (prefix this;, class class de.uka.ilkd.key.java.reference.ThisReference) 
268792     DEBUG main            d.u.i.k.j.TypeConverter   typeconverter: (prefix this;, class class de.uka.ilkd.key.java.reference.ThisReference) 
268844     DEBUG main            d.u.i.k.r.m.WhileLoopTransformation While-Loop-Tranform-Result: try {
  {
    if (_x > 0) {
      this.low = this.low + 1;
      _x = _x - 1;
    }
  }
} catch (java.lang.Throwable e#26) {
  exc#25 = true;
  thrownExc#27 = e#26;
} 
268983     DEBUG main            d.u.i.k.r.m.WhileLoopTransformation While-Loop-Tranform-Result: try {
  {
    if (_x > 0) {
      this.low = this.low + 1;
      _x = _x - 1;
    }
  }
} catch (java.lang.Throwable e#48) {
  exc#47 = true;
  thrownExc#49 = e#48;
} 
269159     DEBUG main            d.u.i.k.r.m.WhileLoopTransformation While-Loop-Tranform-Result: try {
  {
    if (_x > 0) {
      this.low = this.low + 1;
      _x = _x - 1;
    }
  }
} catch (java.lang.Throwable e#70) {
  exc#69 = true;
  thrownExc#71 = e#70;
} 
269306     DEBUG main            d.u.i.k.r.m.WhileLoopTransformation While-Loop-Tranform-Result: try {
  {
    if (_x > 0) {
      this.low = this.low + 1;
      _x = _x - 1;
    }
  }
} catch (java.lang.Throwable e#92) {
  exc#91 = true;
  thrownExc#93 = e#92;
} 
269880     DEBUG main            d.u.i.k.j.TypeConverter   typeconverter: (prefix this;, class class de.uka.ilkd.key.java.reference.ThisReference) 
269948     DEBUG main            d.u.i.k.j.TypeConverter   typeconverter: (prefix this;, class class de.uka.ilkd.key.java.reference.ThisReference) 
269981     DEBUG main            d.u.i.k.j.TypeConverter   typeconverter: (prefix this;, class class de.uka.ilkd.key.java.reference.ThisReference) 
270009     DEBUG main            d.u.i.k.r.m.WhileLoopTransformation While-Loop-Tranform-Result: try {
  {
    if (_x > 0) {
      this.low = this.low + 1;
      _x = _x - 1;
    }
  }
} catch (java.lang.Throwable e#4) {
  exc#3 = true;
  thrownExc#5 = e#4;
} 
270088     DEBUG main            d.u.i.k.r.m.WhileLoopTransformation While-Loop-Tranform-Result: try {
  {
    if (_x > 0) {
      this.low = this.low + 1;
      _x = _x - 1;
    }
  }
} catch (java.lang.Throwable e#26) {
  exc#25 = true;
  thrownExc#27 = e#26;
} 
270369     DEBUG main            d.u.i.k.j.TypeConverter   typeconverter: (prefix this;, class class de.uka.ilkd.key.java.reference.ThisReference) 
270371     DEBUG main            d.u.i.k.j.TypeConverter   typeconverter: (prefix this;, class class de.uka.ilkd.key.java.reference.ThisReference) 
270494     DEBUG main            d.u.i.k.j.TypeConverter   typeconverter: (prefix this;, class class de.uka.ilkd.key.java.reference.ThisReference) 
270500     DEBUG main            d.u.i.k.j.TypeConverter   typeconverter: (prefix this;, class class de.uka.ilkd.key.java.reference.ThisReference) 
270671     DEBUG main            d.u.i.k.j.TypeConverter   typeconverter: (prefix this;, class class de.uka.ilkd.key.java.reference.ThisReference) 
270673     DEBUG main            d.u.i.k.j.TypeConverter   typeconverter: (prefix this;, class class de.uka.ilkd.key.java.reference.ThisReference) 
270795     DEBUG main            d.u.i.k.j.TypeConverter   typeconverter: (prefix this;, class class de.uka.ilkd.key.java.reference.ThisReference) 
270801     DEBUG main            d.u.i.k.j.TypeConverter   typeconverter: (prefix this;, class class de.uka.ilkd.key.java.reference.ThisReference) 
271922     INFO  main            d.u.i.k.p.r.p.TestFile    ... finished proof: closed. 
272134     DEBUG main            d.u.i.k.s.TermLabelSettings TermLabelSettings: Failure while reading the setting "UseOriginLabels".Using the default value: true.The string read was: null 
272135     INFO  main            d.u.i.k.p.r.p.TestFile    Now processing file /home/runner/work/key/key/key.core/../key.ui/examples/InformationFlow/LoopInvariants/loop.IFLoopExamples(loop.IFLoopExamples__secure_nestedWhile(int)).Non-interference contract.0.m.key 
273189     DEBUG main            d.u.i.k.j.Recoder2KeY     converting now /home/runner/work/key/key/key.core/../key.ui/examples/InformationFlow/LoopInvariants/src/loop/IFLoopExamples.java 
273194     DEBUG main            d.u.i.k.s.TermLabelSettings TermLabelSettings: Failure while reading the setting "UseOriginLabels".Using the default value: true.The string read was: null 
273194     DEBUG main            d.u.i.k.p.i.KeYFile       Reading KeY file /home/runner/work/key/key/key.core/../key.ui/examples/InformationFlow/LoopInvariants/loop.IFLoopExamples(loop.IFLoopExamples__secure_nestedWhile(int)).Non-interference contract.0.m.key 
273195     DEBUG main            d.u.i.k.p.i.KeYFile       Reading KeY file file:/home/runner/work/key/key/key.core/build/resources/main/de/uka/ilkd/key/java/JavaRedux/java/lang/String.key 
273198     DEBUG main            d.u.i.k.p.i.KeYFile       Read specifications obtained when parsing the Java files (usually JML and Strings.key) from file:/home/runner/work/key/key/key.core/build/resources/main/de/uka/ilkd/key/java/JavaRedux/java/lang/String.key 
275096     DEBUG main            d.u.i.k.p.i.KeYFile       Read specifications obtained when parsing the Java files (usually JML and Strings.key) from /home/runner/work/key/key/key.core/../key.ui/examples/InformationFlow/LoopInvariants/loop.IFLoopExamples(loop.IFLoopExamples__secure_nestedWhile(int)).Non-interference contract.0.m.key 
275133     DEBUG main            d.u.i.k.m.s.ProofScriptEngine 1: 'macro 'infflow-autopilot'' 
275162     DEBUG main            d.u.i.k.p.m.ProofCorrectnessMgt No justification found for rule Class_invariant_axiom_for_loop_IFLoopExamples 
275167     DEBUG main            d.u.i.k.r.m.WhileLoopTransformation While-Loop-Tranform-Result: try {
  {
    if (_x > 0) {
      this.low = this.low + 1;
      _x = _x - 1;
      while (_x > 0) {
        this.low = this.low + 1;
        _x = _x - 1;
      }
    }
  }
} catch (java.lang.Throwable e#4) {
  exc#3 = true;
  thrownExc#5 = e#4;
} 
275304     DEBUG main            d.u.i.k.j.TypeConverter   typeconverter: (prefix this;, class class de.uka.ilkd.key.java.reference.ThisReference) 
275306     DEBUG main            d.u.i.k.j.TypeConverter   typeconverter: (prefix this;, class class de.uka.ilkd.key.java.reference.ThisReference) 
275453     DEBUG main            d.u.i.k.j.TypeConverter   typeconverter: (prefix this;, class class de.uka.ilkd.key.java.reference.ThisReference) 
275459     DEBUG main            d.u.i.k.j.TypeConverter   typeconverter: (prefix this;, class class de.uka.ilkd.key.java.reference.ThisReference) 
275505     DEBUG main            d.u.i.k.r.m.WhileLoopTransformation While-Loop-Tranform-Result: try {
  {
    if (_x > 0) {
      this.low = this.low + 1;
      _x = _x - 1;
    }
  }
} catch (java.lang.Throwable e#26) {
  exc#25 = true;
  thrownExc#27 = e#26;
} 
275668     DEBUG main            d.u.i.k.r.m.WhileLoopTransformation While-Loop-Tranform-Result: try {
  {
    if (_x > 0) {
      this.low = this.low + 1;
      _x = _x - 1;
    }
  }
} catch (java.lang.Throwable e#48) {
  exc#47 = true;
  thrownExc#49 = e#48;
} 
276012     DEBUG main            d.u.i.k.j.TypeConverter   typeconverter: (prefix this;, class class de.uka.ilkd.key.java.reference.ThisReference) 
276137     DEBUG main            d.u.i.k.j.TypeConverter   typeconverter: (prefix this;, class class de.uka.ilkd.key.java.reference.ThisReference) 
276144     DEBUG main            d.u.i.k.j.TypeConverter   typeconverter: (prefix this;, class class de.uka.ilkd.key.java.reference.ThisReference) 
276152     DEBUG main            d.u.i.k.j.TypeConverter   typeconverter: (prefix this;, class class de.uka.ilkd.key.java.reference.ThisReference) 
276303     DEBUG main            d.u.i.k.j.TypeConverter   typeconverter: (prefix this;, class class de.uka.ilkd.key.java.reference.ThisReference) 
276375     DEBUG main            d.u.i.k.j.TypeConverter   typeconverter: (prefix this;, class class de.uka.ilkd.key.java.reference.ThisReference) 
276398     DEBUG main            d.u.i.k.r.m.WhileLoopTransformation While-Loop-Tranform-Result: try {
  {
    if (_x > 0) {
      this.low = this.low + 1;
      _x = _x - 1;
    }
  }
} catch (java.lang.Throwable e#4) {
  exc#3 = true;
  thrownExc#5 = e#4;
} 
276583     DEBUG main            d.u.i.k.j.TypeConverter   typeconverter: (prefix this;, class class de.uka.ilkd.key.java.reference.ThisReference) 
276585     DEBUG main            d.u.i.k.j.TypeConverter   typeconverter: (prefix this;, class class de.uka.ilkd.key.java.reference.ThisReference) 
276707     DEBUG main            d.u.i.k.j.TypeConverter   typeconverter: (prefix this;, class class de.uka.ilkd.key.java.reference.ThisReference) 
276712     DEBUG main            d.u.i.k.j.TypeConverter   typeconverter: (prefix this;, class class de.uka.ilkd.key.java.reference.ThisReference) 
277525     INFO  main            d.u.i.k.p.r.p.TestFile    ... finished proof: closed. 
277742     DEBUG main            d.u.i.k.s.TermLabelSettings TermLabelSettings: Failure while reading the setting "UseOriginLabels".Using the default value: true.The string read was: null 
277742     INFO  main            d.u.i.k.p.r.p.TestFile    Now processing file /home/runner/work/key/key/key.core/../key.ui/examples/InformationFlow/LoopInvariants/loop.IFLoopExamples(loop.IFLoopExamples__notSecure_while(int)).Non-interference contract.0.m.key 
278696     DEBUG main            d.u.i.k.j.Recoder2KeY     converting now /home/runner/work/key/key/key.core/../key.ui/examples/InformationFlow/LoopInvariants/src/loop/IFLoopExamples.java 
278701     DEBUG main            d.u.i.k.s.TermLabelSettings TermLabelSettings: Failure while reading the setting "UseOriginLabels".Using the default value: true.The string read was: null 
278701     DEBUG main            d.u.i.k.p.i.KeYFile       Reading KeY file /home/runner/work/key/key/key.core/../key.ui/examples/InformationFlow/LoopInvariants/loop.IFLoopExamples(loop.IFLoopExamples__notSecure_while(int)).Non-interference contract.0.m.key 
278702     DEBUG main            d.u.i.k.p.i.KeYFile       Reading KeY file file:/home/runner/work/key/key/key.core/build/resources/main/de/uka/ilkd/key/java/JavaRedux/java/lang/String.key 
278704     DEBUG main            d.u.i.k.p.i.KeYFile       Read specifications obtained when parsing the Java files (usually JML and Strings.key) from file:/home/runner/work/key/key/key.core/build/resources/main/de/uka/ilkd/key/java/JavaRedux/java/lang/String.key 
280646     DEBUG main            d.u.i.k.p.i.KeYFile       Read specifications obtained when parsing the Java files (usually JML and Strings.key) from /home/runner/work/key/key/key.core/../key.ui/examples/InformationFlow/LoopInvariants/loop.IFLoopExamples(loop.IFLoopExamples__notSecure_while(int)).Non-interference contract.0.m.key 
280681     DEBUG main            d.u.i.k.m.s.ProofScriptEngine 1: 'macro 'infflow-autopilot'' 
280709     DEBUG main            d.u.i.k.p.m.ProofCorrectnessMgt No justification found for rule Class_invariant_axiom_for_loop_IFLoopExamples 
280713     DEBUG main            d.u.i.k.r.m.WhileLoopTransformation While-Loop-Tranform-Result: try {
  {
    if (_x > 0) {
      this.low = this.low + 1;
      _x = _x - 1;
    }
  }
} catch (java.lang.Throwable e#4) {
  exc#3 = true;
  thrownExc#5 = e#4;
} 
280962     DEBUG main            d.u.i.k.j.TypeConverter   typeconverter: (prefix this;, class class de.uka.ilkd.key.java.reference.ThisReference) 
280967     DEBUG main            d.u.i.k.j.TypeConverter   typeconverter: (prefix this;, class class de.uka.ilkd.key.java.reference.ThisReference) 
280976     DEBUG main            d.u.i.k.j.TypeConverter   typeconverter: (prefix this;, class class de.uka.ilkd.key.java.reference.ThisReference) 
280984     DEBUG main            d.u.i.k.j.TypeConverter   typeconverter: (prefix this;, class class de.uka.ilkd.key.java.reference.ThisReference) 
281156     DEBUG main            d.u.i.k.j.TypeConverter   typeconverter: (prefix this;, class class de.uka.ilkd.key.java.reference.ThisReference) 
281184     DEBUG main            d.u.i.k.j.TypeConverter   typeconverter: (prefix this;, class class de.uka.ilkd.key.java.reference.ThisReference) 
283176     INFO  main            d.u.i.k.p.r.p.TestFile    ... finished proof: open goal(s) 
283365     DEBUG main            d.u.i.k.s.TermLabelSettings TermLabelSettings: Failure while reading the setting "UseOriginLabels".Using the default value: true.The string read was: null 
283365     INFO  main            d.u.i.k.p.r.p.TestFile    Now processing file /home/runner/work/key/key/key.core/../key.ui/examples/InformationFlow/LoopInvariants/loop.IFLoopExamples(loop.IFLoopExamples__notSecure_while_wrongInv(int)).Non-interference contract.0.m.key 
284347     DEBUG main            d.u.i.k.j.Recoder2KeY     converting now /home/runner/work/key/key/key.core/../key.ui/examples/InformationFlow/LoopInvariants/src/loop/IFLoopExamples.java 
284352     DEBUG main            d.u.i.k.s.TermLabelSettings TermLabelSettings: Failure while reading the setting "UseOriginLabels".Using the default value: true.The string read was: null 
284352     DEBUG main            d.u.i.k.p.i.KeYFile       Reading KeY file /home/runner/work/key/key/key.core/../key.ui/examples/InformationFlow/LoopInvariants/loop.IFLoopExamples(loop.IFLoopExamples__notSecure_while_wrongInv(int)).Non-interference contract.0.m.key 
284353     DEBUG main            d.u.i.k.p.i.KeYFile       Reading KeY file file:/home/runner/work/key/key/key.core/build/resources/main/de/uka/ilkd/key/java/JavaRedux/java/lang/String.key 
284356     DEBUG main            d.u.i.k.p.i.KeYFile       Read specifications obtained when parsing the Java files (usually JML and Strings.key) from file:/home/runner/work/key/key/key.core/build/resources/main/de/uka/ilkd/key/java/JavaRedux/java/lang/String.key 
286248     DEBUG main            d.u.i.k.p.i.KeYFile       Read specifications obtained when parsing the Java files (usually JML and Strings.key) from /home/runner/work/key/key/key.core/../key.ui/examples/InformationFlow/LoopInvariants/loop.IFLoopExamples(loop.IFLoopExamples__notSecure_while_wrongInv(int)).Non-interference contract.0.m.key 
286283     DEBUG main            d.u.i.k.m.s.ProofScriptEngine 1: 'macro 'infflow-autopilot'' 
286310     DEBUG main            d.u.i.k.p.m.ProofCorrectnessMgt No justification found for rule Class_invariant_axiom_for_loop_IFLoopExamples 
286314     DEBUG main            d.u.i.k.r.m.WhileLoopTransformation While-Loop-Tranform-Result: try {
  {
    if (_x > 0) {
      this.low = this.low + 1;
      _x = _x - 1;
    }
  }
} catch (java.lang.Throwable e#4) {
  exc#3 = true;
  thrownExc#5 = e#4;
} 
286469     DEBUG main            d.u.i.k.j.TypeConverter   typeconverter: (prefix this;, class class de.uka.ilkd.key.java.reference.ThisReference) 
286474     DEBUG main            d.u.i.k.j.TypeConverter   typeconverter: (prefix this;, class class de.uka.ilkd.key.java.reference.ThisReference) 
286483     DEBUG main            d.u.i.k.j.TypeConverter   typeconverter: (prefix this;, class class de.uka.ilkd.key.java.reference.ThisReference) 
286491     DEBUG main            d.u.i.k.j.TypeConverter   typeconverter: (prefix this;, class class de.uka.ilkd.key.java.reference.ThisReference) 
286666     DEBUG main            d.u.i.k.j.TypeConverter   typeconverter: (prefix this;, class class de.uka.ilkd.key.java.reference.ThisReference) 
286694     DEBUG main            d.u.i.k.j.TypeConverter   typeconverter: (prefix this;, class class de.uka.ilkd.key.java.reference.ThisReference) 
287914     INFO  main            d.u.i.k.p.r.p.TestFile    ... finished proof: open goal(s) 
288132     DEBUG main            d.u.i.k.s.TermLabelSettings TermLabelSettings: Failure while reading the setting "UseOriginLabels".Using the default value: true.The string read was: null 
288132     INFO  main            d.u.i.k.p.r.p.TestFile    Now processing file /home/runner/work/key/key/key.core/../key.ui/examples/InformationFlow/LoopInvariants/loop.IFLoopExamples(loop.IFLoopExamples__insecure_twoWhile(int)).Non-interference contract.0.m.key 
289094     DEBUG main            d.u.i.k.j.Recoder2KeY     converting now /home/runner/work/key/key/key.core/../key.ui/examples/InformationFlow/LoopInvariants/src/loop/IFLoopExamples.java 
289099     DEBUG main            d.u.i.k.s.TermLabelSettings TermLabelSettings: Failure while reading the setting "UseOriginLabels".Using the default value: true.The string read was: null 
289099     DEBUG main            d.u.i.k.p.i.KeYFile       Reading KeY file /home/runner/work/key/key/key.core/../key.ui/examples/InformationFlow/LoopInvariants/loop.IFLoopExamples(loop.IFLoopExamples__insecure_twoWhile(int)).Non-interference contract.0.m.key 
289100     DEBUG main            d.u.i.k.p.i.KeYFile       Reading KeY file file:/home/runner/work/key/key/key.core/build/resources/main/de/uka/ilkd/key/java/JavaRedux/java/lang/String.key 
289103     DEBUG main            d.u.i.k.p.i.KeYFile       Read specifications obtained when parsing the Java files (usually JML and Strings.key) from file:/home/runner/work/key/key/key.core/build/resources/main/de/uka/ilkd/key/java/JavaRedux/java/lang/String.key 
291034     DEBUG main            d.u.i.k.p.i.KeYFile       Read specifications obtained when parsing the Java files (usually JML and Strings.key) from /home/runner/work/key/key/key.core/../key.ui/examples/InformationFlow/LoopInvariants/loop.IFLoopExamples(loop.IFLoopExamples__insecure_twoWhile(int)).Non-interference contract.0.m.key 
291073     DEBUG main            d.u.i.k.m.s.ProofScriptEngine 1: 'macro 'infflow-autopilot'' 
291103     DEBUG main            d.u.i.k.p.m.ProofCorrectnessMgt No justification found for rule Class_invariant_axiom_for_loop_IFLoopExamples 
291109     DEBUG main            d.u.i.k.r.m.WhileLoopTransformation While-Loop-Tranform-Result: try {
  {
    if (_x > 0) {
      this.low = this.low + 1;
      _x = _x - 1;
    }
  }
} catch (java.lang.Throwable e#4) {
  exc#3 = true;
  thrownExc#5 = e#4;
} 
291161     DEBUG main            d.u.i.k.r.m.WhileLoopTransformation While-Loop-Tranform-Result: try {
  {
    if (_x == 0) {
      this.low = this.low + 1;
      _x = _x - 1;
    }
  }
} catch (java.lang.Throwable e#26) {
  exc#25 = true;
  thrownExc#27 = e#26;
} 
291354     DEBUG main            d.u.i.k.j.TypeConverter   typeconverter: (prefix this;, class class de.uka.ilkd.key.java.reference.ThisReference) 
291435     DEBUG main            d.u.i.k.j.TypeConverter   typeconverter: (prefix this;, class class de.uka.ilkd.key.java.reference.ThisReference) 
291440     DEBUG main            d.u.i.k.j.TypeConverter   typeconverter: (prefix this;, class class de.uka.ilkd.key.java.reference.ThisReference) 
291458     DEBUG main            d.u.i.k.j.TypeConverter   typeconverter: (prefix this;, class class de.uka.ilkd.key.java.reference.ThisReference) 
291568     DEBUG main            d.u.i.k.j.TypeConverter   typeconverter: (prefix this;, class class de.uka.ilkd.key.java.reference.ThisReference) 
291569     DEBUG main            d.u.i.k.j.TypeConverter   typeconverter: (prefix this;, class class de.uka.ilkd.key.java.reference.ThisReference) 
291719     DEBUG main            d.u.i.k.j.TypeConverter   typeconverter: (prefix this;, class class de.uka.ilkd.key.java.reference.ThisReference) 
291725     DEBUG main            d.u.i.k.j.TypeConverter   typeconverter: (prefix this;, class class de.uka.ilkd.key.java.reference.ThisReference) 
292737     INFO  main            d.u.i.k.p.r.p.TestFile    ... finished proof: open goal(s) 
292958     DEBUG main            d.u.i.k.s.TermLabelSettings TermLabelSettings: Failure while reading the setting "UseOriginLabels".Using the default value: true.The string read was: null 
292958     INFO  main            d.u.i.k.p.r.p.TestFile    Now processing file /home/runner/work/key/key/key.core/../key.ui/examples/InformationFlow/LoopInvariants/loop.IFLoopExamples(loop.IFLoopExamples__insecure_twoWhile_2(int)).Non-interference contract.0.m.key 
293888     DEBUG main            d.u.i.k.j.Recoder2KeY     converting now /home/runner/work/key/key/key.core/../key.ui/examples/InformationFlow/LoopInvariants/src/loop/IFLoopExamples.java 
293892     DEBUG main            d.u.i.k.s.TermLabelSettings TermLabelSettings: Failure while reading the setting "UseOriginLabels".Using the default value: true.The string read was: null 
293892     DEBUG main            d.u.i.k.p.i.KeYFile       Reading KeY file /home/runner/work/key/key/key.core/../key.ui/examples/InformationFlow/LoopInvariants/loop.IFLoopExamples(loop.IFLoopExamples__insecure_twoWhile_2(int)).Non-interference contract.0.m.key 
293893     DEBUG main            d.u.i.k.p.i.KeYFile       Reading KeY file file:/home/runner/work/key/key/key.core/build/resources/main/de/uka/ilkd/key/java/JavaRedux/java/lang/String.key 
293896     DEBUG main            d.u.i.k.p.i.KeYFile       Read specifications obtained when parsing the Java files (usually JML and Strings.key) from file:/home/runner/work/key/key/key.core/build/resources/main/de/uka/ilkd/key/java/JavaRedux/java/lang/String.key 
295809     DEBUG main            d.u.i.k.p.i.KeYFile       Read specifications obtained when parsing the Java files (usually JML and Strings.key) from /home/runner/work/key/key/key.core/../key.ui/examples/InformationFlow/LoopInvariants/loop.IFLoopExamples(loop.IFLoopExamples__insecure_twoWhile_2(int)).Non-interference contract.0.m.key 
295859     DEBUG main            d.u.i.k.m.s.ProofScriptEngine 1: 'macro 'infflow-autopilot'' 
295889     DEBUG main            d.u.i.k.p.m.ProofCorrectnessMgt No justification found for rule Class_invariant_axiom_for_loop_IFLoopExamples 
295896     DEBUG main            d.u.i.k.r.m.WhileLoopTransformation While-Loop-Tranform-Result: try {
  {
    if (_x > 0) {
      this.low = this.low + 1;
      _x = _x - 1;
    }
  }
} catch (java.lang.Throwable e#4) {
  exc#3 = true;
  thrownExc#5 = e#4;
} 
295950     DEBUG main            d.u.i.k.r.m.WhileLoopTransformation While-Loop-Tranform-Result: try {
  {
    if (_x == 0) {
      this.low = this.low + 1;
      _x = _x - 1;
    }
  }
} catch (java.lang.Throwable e#26) {
  exc#25 = true;
  thrownExc#27 = e#26;
} 
296254     DEBUG main            d.u.i.k.j.TypeConverter   typeconverter: (prefix this;, class class de.uka.ilkd.key.java.reference.ThisReference) 
296260     DEBUG main            d.u.i.k.j.TypeConverter   typeconverter: (prefix this;, class class de.uka.ilkd.key.java.reference.ThisReference) 
296269     DEBUG main            d.u.i.k.j.TypeConverter   typeconverter: (prefix this;, class class de.uka.ilkd.key.java.reference.ThisReference) 
296277     DEBUG main            d.u.i.k.j.TypeConverter   typeconverter: (prefix this;, class class de.uka.ilkd.key.java.reference.ThisReference) 
296412     DEBUG main            d.u.i.k.j.TypeConverter   typeconverter: (prefix this;, class class de.uka.ilkd.key.java.reference.ThisReference) 
296414     DEBUG main            d.u.i.k.j.TypeConverter   typeconverter: (prefix this;, class class de.uka.ilkd.key.java.reference.ThisReference) 
296565     DEBUG main            d.u.i.k.j.TypeConverter   typeconverter: (prefix this;, class class de.uka.ilkd.key.java.reference.ThisReference) 
296571     DEBUG main            d.u.i.k.j.TypeConverter   typeconverter: (prefix this;, class class de.uka.ilkd.key.java.reference.ThisReference) 
298103     INFO  main            d.u.i.k.p.r.p.TestFile    ... finished proof: open goal(s) 
298326     DEBUG main            d.u.i.k.s.TermLabelSettings TermLabelSettings: Failure while reading the setting "UseOriginLabels".Using the default value: true.The string read was: null 
298326     INFO  main            d.u.i.k.p.r.p.TestFile    Now processing file /home/runner/work/key/key/key.core/../key.ui/examples/InformationFlow/LoopInvariants/loop.IFLoopExamples(loop.IFLoopExamples__secure_twoWhile(int)).Non-interference contract.0.m.key 
299259     DEBUG main            d.u.i.k.j.Recoder2KeY     converting now /home/runner/work/key/key/key.core/../key.ui/examples/InformationFlow/LoopInvariants/src/loop/IFLoopExamples.java 
299264     DEBUG main            d.u.i.k.s.TermLabelSettings TermLabelSettings: Failure while reading the setting "UseOriginLabels".Using the default value: true.The string read was: null 
299264     DEBUG main            d.u.i.k.p.i.KeYFile       Reading KeY file /home/runner/work/key/key/key.core/../key.ui/examples/InformationFlow/LoopInvariants/loop.IFLoopExamples(loop.IFLoopExamples__secure_twoWhile(int)).Non-interference contract.0.m.key 
299265     DEBUG main            d.u.i.k.p.i.KeYFile       Reading KeY file file:/home/runner/work/key/key/key.core/build/resources/main/de/uka/ilkd/key/java/JavaRedux/java/lang/String.key 
299267     DEBUG main            d.u.i.k.p.i.KeYFile       Read specifications obtained when parsing the Java files (usually JML and Strings.key) from file:/home/runner/work/key/key/key.core/build/resources/main/de/uka/ilkd/key/java/JavaRedux/java/lang/String.key 
301211     DEBUG main            d.u.i.k.p.i.KeYFile       Read specifications obtained when parsing the Java files (usually JML and Strings.key) from /home/runner/work/key/key/key.core/../key.ui/examples/InformationFlow/LoopInvariants/loop.IFLoopExamples(loop.IFLoopExamples__secure_twoWhile(int)).Non-interference contract.0.m.key 
301248     DEBUG main            d.u.i.k.m.s.ProofScriptEngine 1: 'macro 'infflow-autopilot'' 
301276     DEBUG main            d.u.i.k.p.m.ProofCorrectnessMgt No justification found for rule Class_invariant_axiom_for_loop_IFLoopExamples 
301282     DEBUG main            d.u.i.k.r.m.WhileLoopTransformation While-Loop-Tranform-Result: try {
  {
    if (_x > 0) {
      this.low = this.low + 1;
      _x = _x - 1;
    }
  }
} catch (java.lang.Throwable e#4) {
  exc#3 = true;
  thrownExc#5 = e#4;
} 
301331     DEBUG main            d.u.i.k.r.m.WhileLoopTransformation While-Loop-Tranform-Result: try {
  {
    if (_x == 0) {
      this.low = this.low + 1;
      _x = _x - 1;
    }
  }
} catch (java.lang.Throwable e#26) {
  exc#25 = true;
  thrownExc#27 = e#26;
} 
301636     DEBUG main            d.u.i.k.j.TypeConverter   typeconverter: (prefix this;, class class de.uka.ilkd.key.java.reference.ThisReference) 
301643     DEBUG main            d.u.i.k.j.TypeConverter   typeconverter: (prefix this;, class class de.uka.ilkd.key.java.reference.ThisReference) 
301651     DEBUG main            d.u.i.k.j.TypeConverter   typeconverter: (prefix this;, class class de.uka.ilkd.key.java.reference.ThisReference) 
301660     DEBUG main            d.u.i.k.j.TypeConverter   typeconverter: (prefix this;, class class de.uka.ilkd.key.java.reference.ThisReference) 
301792     DEBUG main            d.u.i.k.j.TypeConverter   typeconverter: (prefix this;, class class de.uka.ilkd.key.java.reference.ThisReference) 
301793     DEBUG main            d.u.i.k.j.TypeConverter   typeconverter: (prefix this;, class class de.uka.ilkd.key.java.reference.ThisReference) 
301914     DEBUG main            d.u.i.k.j.TypeConverter   typeconverter: (prefix this;, class class de.uka.ilkd.key.java.reference.ThisReference) 
301920     DEBUG main            d.u.i.k.j.TypeConverter   typeconverter: (prefix this;, class class de.uka.ilkd.key.java.reference.ThisReference) 
302687     INFO  main            d.u.i.k.p.r.p.TestFile    ... finished proof: closed. 
302923     DEBUG main            d.u.i.k.s.TermLabelSettings TermLabelSettings: Failure while reading the setting "UseOriginLabels".Using the default value: true.The string read was: null 
302923     INFO  main            d.u.i.k.p.r.p.TestFile    Now processing file /home/runner/work/key/key/key.core/../key.ui/examples/InformationFlow/LoopInvariants/loop.IFLoopExamples(loop.IFLoopExamples__loc_secure_while(int)).Non-interference contract.0.m.key 
303853     DEBUG main            d.u.i.k.j.Recoder2KeY     converting now /home/runner/work/key/key/key.core/../key.ui/examples/InformationFlow/LoopInvariants/src/loop/IFLoopExamples.java 
303858     DEBUG main            d.u.i.k.s.TermLabelSettings TermLabelSettings: Failure while reading the setting "UseOriginLabels".Using the default value: true.The string read was: null 
303858     DEBUG main            d.u.i.k.p.i.KeYFile       Reading KeY file /home/runner/work/key/key/key.core/../key.ui/examples/InformationFlow/LoopInvariants/loop.IFLoopExamples(loop.IFLoopExamples__loc_secure_while(int)).Non-interference contract.0.m.key 
303859     DEBUG main            d.u.i.k.p.i.KeYFile       Reading KeY file file:/home/runner/work/key/key/key.core/build/resources/main/de/uka/ilkd/key/java/JavaRedux/java/lang/String.key 
303861     DEBUG main            d.u.i.k.p.i.KeYFile       Read specifications obtained when parsing the Java files (usually JML and Strings.key) from file:/home/runner/work/key/key/key.core/build/resources/main/de/uka/ilkd/key/java/JavaRedux/java/lang/String.key 
305750     DEBUG main            d.u.i.k.p.i.KeYFile       Read specifications obtained when parsing the Java files (usually JML and Strings.key) from /home/runner/work/key/key/key.core/../key.ui/examples/InformationFlow/LoopInvariants/loop.IFLoopExamples(loop.IFLoopExamples__loc_secure_while(int)).Non-interference contract.0.m.key 
305804     DEBUG main            d.u.i.k.m.s.ProofScriptEngine 1: 'macro 'infflow-autopilot'' 
305835     DEBUG main            d.u.i.k.p.m.ProofCorrectnessMgt No justification found for rule Class_invariant_axiom_for_loop_IFLoopExamples 
305843     DEBUG main            d.u.i.k.r.m.WhileLoopTransformation While-Loop-Tranform-Result: try {
  {
    if (_x > 0) {
      this.low = this.low + 1;
      _x = _x - 1;
      z = z + _x;
    }
  }
} catch (java.lang.Throwable e#4) {
  exc#3 = true;
  thrownExc#5 = e#4;
} 
306009     DEBUG main            d.u.i.k.j.TypeConverter   typeconverter: (prefix this;, class class de.uka.ilkd.key.java.reference.ThisReference) 
306151     DEBUG main            d.u.i.k.j.TypeConverter   typeconverter: (prefix this;, class class de.uka.ilkd.key.java.reference.ThisReference) 
306159     DEBUG main            d.u.i.k.j.TypeConverter   typeconverter: (prefix this;, class class de.uka.ilkd.key.java.reference.ThisReference) 
306179     DEBUG main            d.u.i.k.j.TypeConverter   typeconverter: (prefix this;, class class de.uka.ilkd.key.java.reference.ThisReference) 
306766     INFO  main            d.u.i.k.p.r.p.TestFile    ... finished proof: closed. 
306961     DEBUG main            d.u.i.k.s.TermLabelSettings TermLabelSettings: Failure while reading the setting "UseOriginLabels".Using the default value: true.The string read was: null 
306961     INFO  main            d.u.i.k.p.r.p.TestFile    Now processing file /home/runner/work/key/key/key.core/../key.ui/examples/InformationFlow/LoopInvariants/loop.IFLoopExamples(loop.IFLoopExamples__secure_while(int)).Non-interference contract.0.m.key 
307885     DEBUG main            d.u.i.k.j.Recoder2KeY     converting now /home/runner/work/key/key/key.core/../key.ui/examples/InformationFlow/LoopInvariants/src/loop/IFLoopExamples.java 
307889     DEBUG main            d.u.i.k.s.TermLabelSettings TermLabelSettings: Failure while reading the setting "UseOriginLabels".Using the default value: true.The string read was: null 
307890     DEBUG main            d.u.i.k.p.i.KeYFile       Reading KeY file /home/runner/work/key/key/key.core/../key.ui/examples/InformationFlow/LoopInvariants/loop.IFLoopExamples(loop.IFLoopExamples__secure_while(int)).Non-interference contract.0.m.key 
307891     DEBUG main            d.u.i.k.p.i.KeYFile       Reading KeY file file:/home/runner/work/key/key/key.core/build/resources/main/de/uka/ilkd/key/java/JavaRedux/java/lang/String.key 
307893     DEBUG main            d.u.i.k.p.i.KeYFile       Read specifications obtained when parsing the Java files (usually JML and Strings.key) from file:/home/runner/work/key/key/key.core/build/resources/main/de/uka/ilkd/key/java/JavaRedux/java/lang/String.key 
309847     DEBUG main            d.u.i.k.p.i.KeYFile       Read specifications obtained when parsing the Java files (usually JML and Strings.key) from /home/runner/work/key/key/key.core/../key.ui/examples/InformationFlow/LoopInvariants/loop.IFLoopExamples(loop.IFLoopExamples__secure_while(int)).Non-interference contract.0.m.key 
309882     DEBUG main            d.u.i.k.m.s.ProofScriptEngine 1: 'macro 'infflow-autopilot'' 
309912     DEBUG main            d.u.i.k.p.m.ProofCorrectnessMgt No justification found for rule Class_invariant_axiom_for_loop_IFLoopExamples 
309917     DEBUG main            d.u.i.k.r.m.WhileLoopTransformation While-Loop-Tranform-Result: try {
  {
    if (_x > 0) {
      this.low = this.low + 1;
      _x = _x - 1;
    }
  }
} catch (java.lang.Throwable e#4) {
  exc#3 = true;
  thrownExc#5 = e#4;
} 
310052     DEBUG main            d.u.i.k.j.TypeConverter   typeconverter: (prefix this;, class class de.uka.ilkd.key.java.reference.ThisReference) 
310053     DEBUG main            d.u.i.k.j.TypeConverter   typeconverter: (prefix this;, class class de.uka.ilkd.key.java.reference.ThisReference) 
310176     DEBUG main            d.u.i.k.j.TypeConverter   typeconverter: (prefix this;, class class de.uka.ilkd.key.java.reference.ThisReference) 
310181     DEBUG main            d.u.i.k.j.TypeConverter   typeconverter: (prefix this;, class class de.uka.ilkd.key.java.reference.ThisReference) 
310577     INFO  main            d.u.i.k.p.r.p.TestFile    ... finished proof: closed. 
310785     DEBUG main            d.u.i.k.s.TermLabelSettings TermLabelSettings: Failure while reading the setting "UseOriginLabels".Using the default value: true.The string read was: null 
310785     INFO  main            d.u.i.k.p.r.p.TestFile    Now processing file /home/runner/work/key/key/key.core/../key.ui/examples/InformationFlow/LoopInvariants/loop.IFLoopExamples(loop.IFLoopExamples__print(int)).Non-interference contract.0.m.key 
311708     DEBUG main            d.u.i.k.j.Recoder2KeY     converting now /home/runner/work/key/key/key.core/../key.ui/examples/InformationFlow/LoopInvariants/src/loop/IFLoopExamples.java 
311713     DEBUG main            d.u.i.k.s.TermLabelSettings TermLabelSettings: Failure while reading the setting "UseOriginLabels".Using the default value: true.The string read was: null 
311713     DEBUG main            d.u.i.k.p.i.KeYFile       Reading KeY file /home/runner/work/key/key/key.core/../key.ui/examples/InformationFlow/LoopInvariants/loop.IFLoopExamples(loop.IFLoopExamples__print(int)).Non-interference contract.0.m.key 
311714     DEBUG main            d.u.i.k.p.i.KeYFile       Reading KeY file file:/home/runner/work/key/key/key.core/build/resources/main/de/uka/ilkd/key/java/JavaRedux/java/lang/String.key 
311716     DEBUG main            d.u.i.k.p.i.KeYFile       Read specifications obtained when parsing the Java files (usually JML and Strings.key) from file:/home/runner/work/key/key/key.core/build/resources/main/de/uka/ilkd/key/java/JavaRedux/java/lang/String.key 
313628     DEBUG main            d.u.i.k.p.i.KeYFile       Read specifications obtained when parsing the Java files (usually JML and Strings.key) from /home/runner/work/key/key/key.core/../key.ui/examples/InformationFlow/LoopInvariants/loop.IFLoopExamples(loop.IFLoopExamples__print(int)).Non-interference contract.0.m.key 
313663     DEBUG main            d.u.i.k.m.s.ProofScriptEngine 1: 'macro 'infflow-autopilot'' 
313689     DEBUG main            d.u.i.k.j.TypeConverter   typeconverter: (prefix this;, class class de.uka.ilkd.key.java.reference.ThisReference) 
313763     INFO  main            d.u.i.k.p.r.p.TestFile    ... finished proof: closed. 
313919     DEBUG main            d.u.i.k.s.TermLabelSettings TermLabelSettings: Failure while reading the setting "UseOriginLabels".Using the default value: true.The string read was: null 
313919     INFO  main            d.u.i.k.p.r.p.TestFile    Now processing file /home/runner/work/key/key/key.core/../key.ui/examples/InformationFlow/LoopInvariants/loop.IFLoopExamples(loop.IFLoopExamples__hammer(int)).Non-interference contract.0.m.key 
314853     DEBUG main            d.u.i.k.j.Recoder2KeY     converting now /home/runner/work/key/key/key.core/../key.ui/examples/InformationFlow/LoopInvariants/src/loop/IFLoopExamples.java 
314858     DEBUG main            d.u.i.k.s.TermLabelSettings TermLabelSettings: Failure while reading the setting "UseOriginLabels".Using the default value: true.The string read was: null 
314858     DEBUG main            d.u.i.k.p.i.KeYFile       Reading KeY file /home/runner/work/key/key/key.core/../key.ui/examples/InformationFlow/LoopInvariants/loop.IFLoopExamples(loop.IFLoopExamples__hammer(int)).Non-interference contract.0.m.key 
314858     DEBUG main            d.u.i.k.p.i.KeYFile       Reading KeY file file:/home/runner/work/key/key/key.core/build/resources/main/de/uka/ilkd/key/java/JavaRedux/java/lang/String.key 
314861     DEBUG main            d.u.i.k.p.i.KeYFile       Read specifications obtained when parsing the Java files (usually JML and Strings.key) from file:/home/runner/work/key/key/key.core/build/resources/main/de/uka/ilkd/key/java/JavaRedux/java/lang/String.key 
316774     DEBUG main            d.u.i.k.p.i.KeYFile       Read specifications obtained when parsing the Java files (usually JML and Strings.key) from /home/runner/work/key/key/key.core/../key.ui/examples/InformationFlow/LoopInvariants/loop.IFLoopExamples(loop.IFLoopExamples__hammer(int)).Non-interference contract.0.m.key 
316822     DEBUG main            d.u.i.k.m.s.ProofScriptEngine 1: 'macro 'infflow-autopilot'' 
316848     DEBUG main            d.u.i.k.p.m.ProofCorrectnessMgt No justification found for rule Class_invariant_axiom_for_loop_IFLoopExamples 
316862     DEBUG main            d.u.i.k.r.m.WhileLoopTransformation While-Loop-Tranform-Result: try {
  {
    if (y < 10) {
      print(x);
      if (y == 5) {
        x = _secret;
        y = 9;
      }
      x++;
      y++;
    }
  }
} catch (java.lang.Throwable e#4) {
  exc#3 = true;
  thrownExc#5 = e#4;
} 
318077     INFO  main            d.u.i.k.p.r.p.TestFile    ... finished proof: closed. 
2201361    INFO  Test worker     d.u.i.k.p.r.RunAllProofsTestUnit Returning from test InformationFlow_fullmacro 
2201361    INFO  Test worker     d.u.i.k.p.r.RunAllProofsTestUnit Running test MiniExamples_fullmacro 
343        INFO  Timeout watchdog d.u.i.k.p.r.p.ForkedTestFileRunner Timeout watcher launched (1000 secs.) 
349        WARN  main            d.u.i.k.s.ProofSettings   The settings in /home/runner/.key/proof-settings.props are *not* read. 
373        DEBUG main            d.u.i.k.s.TermLabelSettings TermLabelSettings: Failure while reading the setting "UseOriginLabels".Using the default value: true.The string read was: null 
373        INFO  main            d.u.i.k.p.r.p.TestFile    Now processing file /home/runner/work/key/key/key.core/../key.ui/examples/InformationFlow/MiniExamples/mini.AliasingExamples(mini.AliasingExamples__insecure_1(mini.AliasingExamples,mini.AliasingExamples,int)).Non-interference contract.0.m.key 
993        DEBUG main            d.u.i.k.p.i.KeYFile       Reading KeY file file:/home/runner/work/key/key/key.core/build/resources/main/de/uka/ilkd/key/proof/rules/ldt.key 
993        DEBUG main            d.u.i.k.p.i.KeYFile       Read specifications obtained when parsing the Java files (usually JML and Strings.key) from file:/home/runner/work/key/key/key.core/build/resources/main/de/uka/ilkd/key/proof/rules/ldt.key 
1001       DEBUG main            d.u.i.k.p.i.KeYFile       Reading KeY file file:/home/runner/work/key/key/key.core/build/resources/main/de/uka/ilkd/key/proof/rules/propRule.key 
1001       DEBUG main            d.u.i.k.p.i.KeYFile       Read specifications obtained when parsing the Java files (usually JML and Strings.key) from file:/home/runner/work/key/key/key.core/build/resources/main/de/uka/ilkd/key/proof/rules/propRule.key 
1049       DEBUG main            d.u.i.k.p.i.KeYFile       Reading KeY file file:/home/runner/work/key/key/key.core/build/resources/main/de/uka/ilkd/key/proof/rules/firstOrderRules.key 
1052       DEBUG main            d.u.i.k.p.i.KeYFile       Read specifications obtained when parsing the Java files (usually JML and Strings.key) from file:/home/runner/work/key/key/key.core/build/resources/main/de/uka/ilkd/key/proof/rules/firstOrderRules.key 
1089       DEBUG main            d.u.i.k.p.i.KeYFile       Reading KeY file file:/home/runner/work/key/key/key.core/build/resources/main/de/uka/ilkd/key/proof/rules/ifThenElseRules.key 
1100       DEBUG main            d.u.i.k.p.i.KeYFile       Read specifications obtained when parsing the Java files (usually JML and Strings.key) from file:/home/runner/work/key/key/key.core/build/resources/main/de/uka/ilkd/key/proof/rules/ifThenElseRules.key 
1198       DEBUG main            d.u.i.k.p.i.KeYFile       Reading KeY file file:/home/runner/work/key/key/key.core/build/resources/main/de/uka/ilkd/key/proof/rules/formulaNormalisationRules.key 
1199       DEBUG main            d.u.i.k.p.i.KeYFile       Read specifications obtained when parsing the Java files (usually JML and Strings.key) from file:/home/runner/work/key/key/key.core/build/resources/main/de/uka/ilkd/key/proof/rules/formulaNormalisationRules.key 
1255       DEBUG main            d.u.i.k.p.i.KeYFile       Reading KeY file file:/home/runner/work/key/key/key.core/build/resources/main/de/uka/ilkd/key/proof/rules/updateRules.key 
1255       DEBUG main            d.u.i.k.p.i.KeYFile       Read specifications obtained when parsing the Java files (usually JML and Strings.key) from file:/home/runner/work/key/key/key.core/build/resources/main/de/uka/ilkd/key/proof/rules/updateRules.key 
1268       DEBUG main            d.u.i.k.p.i.KeYFile       Reading KeY file file:/home/runner/work/key/key/key.core/build/resources/main/de/uka/ilkd/key/proof/rules/integerRulesCommon.key 
1268       DEBUG main            d.u.i.k.p.i.KeYFile       Read specifications obtained when parsing the Java files (usually JML and Strings.key) from file:/home/runner/work/key/key/key.core/build/resources/main/de/uka/ilkd/key/proof/rules/integerRulesCommon.key 
1353       DEBUG main            d.u.i.k.p.i.KeYFile       Reading KeY file file:/home/runner/work/key/key/key.core/build/resources/main/de/uka/ilkd/key/proof/rules/intRules.key 
1353       DEBUG main            d.u.i.k.p.i.KeYFile       Read specifications obtained when parsing the Java files (usually JML and Strings.key) from file:/home/runner/work/key/key/key.core/build/resources/main/de/uka/ilkd/key/proof/rules/intRules.key 
1367       DEBUG main            d.u.i.k.p.i.KeYFile       Reading KeY file file:/home/runner/work/key/key/key.core/build/resources/main/de/uka/ilkd/key/proof/rules/intRulesUncheckedSemantics.key 
1367       DEBUG main            d.u.i.k.p.i.KeYFile       Read specifications obtained when parsing the Java files (usually JML and Strings.key) from file:/home/runner/work/key/key/key.core/build/resources/main/de/uka/ilkd/key/proof/rules/intRulesUncheckedSemantics.key 
1375       DEBUG main            d.u.i.k.p.i.KeYFile       Reading KeY file file:/home/runner/work/key/key/key.core/build/resources/main/de/uka/ilkd/key/proof/rules/intRulesCheckedSemantics.key 
1376       DEBUG main            d.u.i.k.p.i.KeYFile       Read specifications obtained when parsing the Java files (usually JML and Strings.key) from file:/home/runner/work/key/key/key.core/build/resources/main/de/uka/ilkd/key/proof/rules/intRulesCheckedSemantics.key 
1384       DEBUG main            d.u.i.k.p.i.KeYFile       Reading KeY file file:/home/runner/work/key/key/key.core/build/resources/main/de/uka/ilkd/key/proof/rules/intRulesJavaSemantics.key 
1384       DEBUG main            d.u.i.k.p.i.KeYFile       Read specifications obtained when parsing the Java files (usually JML and Strings.key) from file:/home/runner/work/key/key/key.core/build/resources/main/de/uka/ilkd/key/proof/rules/intRulesJavaSemantics.key 
1505       DEBUG main            d.u.i.k.p.i.KeYFile       Reading KeY file file:/home/runner/work/key/key/key.core/build/resources/main/de/uka/ilkd/key/proof/rules/integerSimplificationRules.key 
1507       DEBUG main            d.u.i.k.p.i.KeYFile       Read specifications obtained when parsing the Java files (usually JML and Strings.key) from file:/home/runner/work/key/key/key.core/build/resources/main/de/uka/ilkd/key/proof/rules/integerSimplificationRules.key 
1613       DEBUG main            d.u.i.k.j.TypeConverter   No LDT found for Meta 
1618       DEBUG main            d.u.i.k.j.TypeConverter   No LDT found for Meta 
1621       DEBUG main            d.u.i.k.j.TypeConverter   No LDT found for Meta 
1621       DEBUG main            d.u.i.k.j.TypeConverter   No LDT found for Meta 
1708       DEBUG main            d.u.i.k.p.i.KeYFile       Reading KeY file file:/home/runner/work/key/key/key.core/build/resources/main/de/uka/ilkd/key/proof/rules/intDiv.key 
1709       DEBUG main            d.u.i.k.p.i.KeYFile       Read specifications obtained when parsing the Java files (usually JML and Strings.key) from file:/home/runner/work/key/key/key.core/build/resources/main/de/uka/ilkd/key/proof/rules/intDiv.key 
1804       DEBUG main            d.u.i.k.p.i.KeYFile       Reading KeY file file:/home/runner/work/key/key/key.core/build/resources/main/de/uka/ilkd/key/proof/rules/bsum.key 
1804       DEBUG main            d.u.i.k.p.i.KeYFile       Read specifications obtained when parsing the Java files (usually JML and Strings.key) from file:/home/runner/work/key/key/key.core/build/resources/main/de/uka/ilkd/key/proof/rules/bsum.key 
1855       DEBUG main            d.u.i.k.p.i.KeYFile       Reading KeY file file:/home/runner/work/key/key/key.core/build/resources/main/de/uka/ilkd/key/proof/rules/bprod.key 
1856       DEBUG main            d.u.i.k.p.i.KeYFile       Read specifications obtained when parsing the Java files (usually JML and Strings.key) from file:/home/runner/work/key/key/key.core/build/resources/main/de/uka/ilkd/key/proof/rules/bprod.key 
1869       DEBUG main            d.u.i.k.p.i.KeYFile       Reading KeY file file:/home/runner/work/key/key/key.core/build/resources/main/de/uka/ilkd/key/proof/rules/binaryAxioms.key 
1870       DEBUG main            d.u.i.k.p.i.KeYFile       Read specifications obtained when parsing the Java files (usually JML and Strings.key) from file:/home/runner/work/key/key/key.core/build/resources/main/de/uka/ilkd/key/proof/rules/binaryAxioms.key 
1876       DEBUG main            d.u.i.k.p.i.KeYFile       Reading KeY file file:/home/runner/work/key/key/key.core/build/resources/main/de/uka/ilkd/key/proof/rules/binaryLemmas.key 
1876       DEBUG main            d.u.i.k.p.i.KeYFile       Read specifications obtained when parsing the Java files (usually JML and Strings.key) from file:/home/runner/work/key/key/key.core/build/resources/main/de/uka/ilkd/key/proof/rules/binaryLemmas.key 
1890       DEBUG main            d.u.i.k.p.i.KeYFile       Reading KeY file file:/home/runner/work/key/key/key.core/build/resources/main/de/uka/ilkd/key/proof/rules/intPow.key 
1890       DEBUG main            d.u.i.k.p.i.KeYFile       Read specifications obtained when parsing the Java files (usually JML and Strings.key) from file:/home/runner/work/key/key/key.core/build/resources/main/de/uka/ilkd/key/proof/rules/intPow.key 
1909       DEBUG main            d.u.i.k.p.i.KeYFile       Reading KeY file file:/home/runner/work/key/key/key.core/build/resources/main/de/uka/ilkd/key/proof/rules/floatRulesCommon.key 
1910       DEBUG main            d.u.i.k.p.i.KeYFile       Read specifications obtained when parsing the Java files (usually JML and Strings.key) from file:/home/runner/work/key/key/key.core/build/resources/main/de/uka/ilkd/key/proof/rules/floatRulesCommon.key 
1924       DEBUG main            d.u.i.k.p.i.KeYFile       Reading KeY file file:/home/runner/work/key/key/key.core/build/resources/main/de/uka/ilkd/key/proof/rules/floatRules.key 
1924       DEBUG main            d.u.i.k.p.i.KeYFile       Read specifications obtained when parsing the Java files (usually JML and Strings.key) from file:/home/runner/work/key/key/key.core/build/resources/main/de/uka/ilkd/key/proof/rules/floatRules.key 
1925       DEBUG main            d.u.i.k.p.i.KeYFile       Reading KeY file file:/home/runner/work/key/key/key.core/build/resources/main/de/uka/ilkd/key/proof/rules/floatRulesVerifyNormal.key 
1925       DEBUG main            d.u.i.k.p.i.KeYFile       Read specifications obtained when parsing the Java files (usually JML and Strings.key) from file:/home/runner/work/key/key/key.core/build/resources/main/de/uka/ilkd/key/proof/rules/floatRulesVerifyNormal.key 
1929       DEBUG main            d.u.i.k.p.i.KeYFile       Reading KeY file file:/home/runner/work/key/key/key.core/build/resources/main/de/uka/ilkd/key/proof/rules/floatRulesAssumeStrictfp.key 
1929       DEBUG main            d.u.i.k.p.i.KeYFile       Read specifications obtained when parsing the Java files (usually JML and Strings.key) from file:/home/runner/work/key/key/key.core/build/resources/main/de/uka/ilkd/key/proof/rules/floatRulesAssumeStrictfp.key 
1966       DEBUG main            d.u.i.k.p.i.KeYFile       Reading KeY file file:/home/runner/work/key/key/key.core/build/resources/main/de/uka/ilkd/key/proof/rules/genericRules.key 
1967       DEBUG main            d.u.i.k.p.i.KeYFile       Read specifications obtained when parsing the Java files (usually JML and Strings.key) from file:/home/runner/work/key/key/key.core/build/resources/main/de/uka/ilkd/key/proof/rules/genericRules.key 
1989       DEBUG main            d.u.i.k.p.i.KeYFile       Reading KeY file file:/home/runner/work/key/key/key.core/build/resources/main/de/uka/ilkd/key/proof/rules/booleanRules.key 
1989       DEBUG main            d.u.i.k.p.i.KeYFile       Read specifications obtained when parsing the Java files (usually JML and Strings.key) from file:/home/runner/work/key/key/key.core/build/resources/main/de/uka/ilkd/key/proof/rules/booleanRules.key 
1994       DEBUG main            d.u.i.k.p.i.KeYFile       Reading KeY file file:/home/runner/work/key/key/key.core/build/resources/main/de/uka/ilkd/key/proof/rules/epsilon.key 
1994       DEBUG main            d.u.i.k.p.i.KeYFile       Read specifications obtained when parsing the Java files (usually JML and Strings.key) from file:/home/runner/work/key/key/key.core/build/resources/main/de/uka/ilkd/key/proof/rules/epsilon.key 
2019       DEBUG main            d.u.i.k.p.i.KeYFile       Reading KeY file file:/home/runner/work/key/key/key.core/build/resources/main/de/uka/ilkd/key/proof/rules/locSetsRules.key 
2019       DEBUG main            d.u.i.k.p.i.KeYFile       Read specifications obtained when parsing the Java files (usually JML and Strings.key) from file:/home/runner/work/key/key/key.core/build/resources/main/de/uka/ilkd/key/proof/rules/locSetsRules.key 
2071       DEBUG main            d.u.i.k.p.i.KeYFile       Reading KeY file file:/home/runner/work/key/key/key.core/build/resources/main/de/uka/ilkd/key/proof/rules/heapRules.key 
2071       DEBUG main            d.u.i.k.p.i.KeYFile       Read specifications obtained when parsing the Java files (usually JML and Strings.key) from file:/home/runner/work/key/key/key.core/build/resources/main/de/uka/ilkd/key/proof/rules/heapRules.key 
2103       DEBUG main            d.u.i.k.p.i.KeYFile       Reading KeY file file:/home/runner/work/key/key/key.core/build/resources/main/de/uka/ilkd/key/proof/rules/permissionRules.key 
2103       DEBUG main            d.u.i.k.p.i.KeYFile       Read specifications obtained when parsing the Java files (usually JML and Strings.key) from file:/home/runner/work/key/key/key.core/build/resources/main/de/uka/ilkd/key/proof/rules/permissionRules.key 
2148       DEBUG main            d.u.i.k.p.i.KeYFile       Reading KeY file file:/home/runner/work/key/key/key.core/build/resources/main/de/uka/ilkd/key/proof/rules/reachRules.key 
2148       DEBUG main            d.u.i.k.p.i.KeYFile       Read specifications obtained when parsing the Java files (usually JML and Strings.key) from file:/home/runner/work/key/key/key.core/build/resources/main/de/uka/ilkd/key/proof/rules/reachRules.key 
2160       DEBUG main            d.u.i.k.p.i.KeYFile       Reading KeY file file:/home/runner/work/key/key/key.core/build/resources/main/de/uka/ilkd/key/proof/rules/seqCoreRules.key 
2161       DEBUG main            d.u.i.k.p.i.KeYFile       Read specifications obtained when parsing the Java files (usually JML and Strings.key) from file:/home/runner/work/key/key/key.core/build/resources/main/de/uka/ilkd/key/proof/rules/seqCoreRules.key 
2180       DEBUG main            d.u.i.k.p.i.KeYFile       Reading KeY file file:/home/runner/work/key/key/key.core/build/resources/main/de/uka/ilkd/key/proof/rules/seqRules.key 
2181       DEBUG main            d.u.i.k.p.i.KeYFile       Read specifications obtained when parsing the Java files (usually JML and Strings.key) from file:/home/runner/work/key/key/key.core/build/resources/main/de/uka/ilkd/key/proof/rules/seqRules.key 
2220       DEBUG main            d.u.i.k.p.i.KeYFile       Reading KeY file file:/home/runner/work/key/key/key.core/build/resources/main/de/uka/ilkd/key/proof/rules/seqPerm.key 
2220       DEBUG main            d.u.i.k.p.i.KeYFile       Read specifications obtained when parsing the Java files (usually JML and Strings.key) from file:/home/runner/work/key/key/key.core/build/resources/main/de/uka/ilkd/key/proof/rules/seqPerm.key 
2239       DEBUG main            d.u.i.k.p.i.KeYFile       Reading KeY file file:/home/runner/work/key/key/key.core/build/resources/main/de/uka/ilkd/key/proof/rules/seqPerm2.key 
2239       DEBUG main            d.u.i.k.p.i.KeYFile       Read specifications obtained when parsing the Java files (usually JML and Strings.key) from file:/home/runner/work/key/key/key.core/build/resources/main/de/uka/ilkd/key/proof/rules/seqPerm2.key 
2346       DEBUG main            d.u.i.k.p.i.KeYFile       Reading KeY file file:/home/runner/work/key/key/key.core/build/resources/main/de/uka/ilkd/key/proof/rules/assertions.key 
2346       DEBUG main            d.u.i.k.p.i.KeYFile       Read specifications obtained when parsing the Java files (usually JML and Strings.key) from file:/home/runner/work/key/key/key.core/build/resources/main/de/uka/ilkd/key/proof/rules/assertions.key 
2394       DEBUG main            d.u.i.k.p.i.KeYFile       Reading KeY file file:/home/runner/work/key/key/key.core/build/resources/main/de/uka/ilkd/key/proof/rules/javaRules.key 
2394       DEBUG main            d.u.i.k.p.i.KeYFile       Read specifications obtained when parsing the Java files (usually JML and Strings.key) from file:/home/runner/work/key/key/key.core/build/resources/main/de/uka/ilkd/key/proof/rules/javaRules.key 
2783       DEBUG main            d.u.i.k.p.i.KeYFile       Reading KeY file file:/home/runner/work/key/key/key.core/build/resources/main/de/uka/ilkd/key/proof/rules/loopRules.key 
2784       DEBUG main            d.u.i.k.p.i.KeYFile       Read specifications obtained when parsing the Java files (usually JML and Strings.key) from file:/home/runner/work/key/key/key.core/build/resources/main/de/uka/ilkd/key/proof/rules/loopRules.key 
2818       DEBUG main            d.u.i.k.p.i.KeYFile       Reading KeY file file:/home/runner/work/key/key/key.core/build/resources/main/de/uka/ilkd/key/proof/rules/activeUse.key 
2818       DEBUG main            d.u.i.k.p.i.KeYFile       Read specifications obtained when parsing the Java files (usually JML and Strings.key) from file:/home/runner/work/key/key/key.core/build/resources/main/de/uka/ilkd/key/proof/rules/activeUse.key 
2864       DEBUG main            d.u.i.k.p.i.KeYFile       Reading KeY file file:/home/runner/work/key/key/key.core/build/resources/main/de/uka/ilkd/key/proof/rules/instanceAllocation.key 
2865       DEBUG main            d.u.i.k.p.i.KeYFile       Read specifications obtained when parsing the Java files (usually JML and Strings.key) from file:/home/runner/work/key/key/key.core/build/resources/main/de/uka/ilkd/key/proof/rules/instanceAllocation.key 
2875       DEBUG main            d.u.i.k.p.i.KeYFile       Reading KeY file file:/home/runner/work/key/key/key.core/build/resources/main/de/uka/ilkd/key/proof/rules/java5.key 
2875       DEBUG main            d.u.i.k.p.i.KeYFile       Read specifications obtained when parsing the Java files (usually JML and Strings.key) from file:/home/runner/work/key/key/key.core/build/resources/main/de/uka/ilkd/key/proof/rules/java5.key 
2884       DEBUG main            d.u.i.k.p.i.KeYFile       Reading KeY file file:/home/runner/work/key/key/key.core/build/resources/main/de/uka/ilkd/key/proof/rules/integerAssignment2UpdateRules.key 
2884       DEBUG main            d.u.i.k.p.i.KeYFile       Read specifications obtained when parsing the Java files (usually JML and Strings.key) from file:/home/runner/work/key/key/key.core/build/resources/main/de/uka/ilkd/key/proof/rules/integerAssignment2UpdateRules.key 
2913       DEBUG main            d.u.i.k.p.i.KeYFile       Reading KeY file file:/home/runner/work/key/key/key.core/build/resources/main/de/uka/ilkd/key/proof/rules/floatAssignment2UpdateRules.key 
2913       DEBUG main            d.u.i.k.p.i.KeYFile       Read specifications obtained when parsing the Java files (usually JML and Strings.key) from file:/home/runner/work/key/key/key.core/build/resources/main/de/uka/ilkd/key/proof/rules/floatAssignment2UpdateRules.key 
2933       DEBUG main            d.u.i.k.p.i.KeYFile       Reading KeY file file:/home/runner/work/key/key/key.core/build/resources/main/de/uka/ilkd/key/proof/rules/bigint.key 
2933       DEBUG main            d.u.i.k.p.i.KeYFile       Read specifications obtained when parsing the Java files (usually JML and Strings.key) from file:/home/runner/work/key/key/key.core/build/resources/main/de/uka/ilkd/key/proof/rules/bigint.key 
2940       DEBUG main            d.u.i.k.j.TypeConverter   No LDT found for JavaBigintExpression 
2946       DEBUG main            d.u.i.k.p.i.KeYFile       Reading KeY file file:/home/runner/work/key/key/key.core/build/resources/main/de/uka/ilkd/key/proof/rules/adtProgramDecompositionRules.key 
2946       DEBUG main            d.u.i.k.p.i.KeYFile       Read specifications obtained when parsing the Java files (usually JML and Strings.key) from file:/home/runner/work/key/key/key.core/build/resources/main/de/uka/ilkd/key/proof/rules/adtProgramDecompositionRules.key 
2958       DEBUG main            d.u.i.k.p.i.KeYFile       Reading KeY file file:/home/runner/work/key/key/key.core/build/resources/main/de/uka/ilkd/key/proof/rules/precRules.key 
2959       DEBUG main            d.u.i.k.p.i.KeYFile       Read specifications obtained when parsing the Java files (usually JML and Strings.key) from file:/home/runner/work/key/key/key.core/build/resources/main/de/uka/ilkd/key/proof/rules/precRules.key 
2967       DEBUG main            d.u.i.k.p.i.KeYFile       Reading KeY file file:/home/runner/work/key/key/key.core/build/resources/main/de/uka/ilkd/key/proof/rules/charListRules.key 
2967       DEBUG main            d.u.i.k.p.i.KeYFile       Read specifications obtained when parsing the Java files (usually JML and Strings.key) from file:/home/runner/work/key/key/key.core/build/resources/main/de/uka/ilkd/key/proof/rules/charListRules.key 
2975       DEBUG main            d.u.i.k.p.i.KeYFile       Reading KeY file file:/home/runner/work/key/key/key.core/build/resources/main/de/uka/ilkd/key/proof/rules/regExHeader.key 
2976       DEBUG main            d.u.i.k.p.i.KeYFile       Read specifications obtained when parsing the Java files (usually JML and Strings.key) from file:/home/runner/work/key/key/key.core/build/resources/main/de/uka/ilkd/key/proof/rules/regExHeader.key 
2978       DEBUG main            d.u.i.k.p.i.KeYFile       Reading KeY file file:/home/runner/work/key/key/key.core/build/resources/main/de/uka/ilkd/key/proof/rules/regExAxioms.key 
2978       DEBUG main            d.u.i.k.p.i.KeYFile       Read specifications obtained when parsing the Java files (usually JML and Strings.key) from file:/home/runner/work/key/key/key.core/build/resources/main/de/uka/ilkd/key/proof/rules/regExAxioms.key 
2983       DEBUG main            d.u.i.k.p.i.KeYFile       Reading KeY file file:/home/runner/work/key/key/key.core/build/resources/main/de/uka/ilkd/key/proof/rules/regExLemmaProven.key 
2983       DEBUG main            d.u.i.k.p.i.KeYFile       Read specifications obtained when parsing the Java files (usually JML and Strings.key) from file:/home/runner/work/key/key/key.core/build/resources/main/de/uka/ilkd/key/proof/rules/regExLemmaProven.key 
2986       DEBUG main            d.u.i.k.p.i.KeYFile       Reading KeY file file:/home/runner/work/key/key/key.core/build/resources/main/de/uka/ilkd/key/proof/rules/regExTheory.key 
2986       DEBUG main            d.u.i.k.p.i.KeYFile       Read specifications obtained when parsing the Java files (usually JML and Strings.key) from file:/home/runner/work/key/key/key.core/build/resources/main/de/uka/ilkd/key/proof/rules/regExTheory.key 
2990       DEBUG main            d.u.i.k.p.i.KeYFile       Reading KeY file file:/home/runner/work/key/key/key.core/build/resources/main/de/uka/ilkd/key/proof/rules/seqEq.key 
2990       DEBUG main            d.u.i.k.p.i.KeYFile       Read specifications obtained when parsing the Java files (usually JML and Strings.key) from file:/home/runner/work/key/key/key.core/build/resources/main/de/uka/ilkd/key/proof/rules/seqEq.key 
2996       DEBUG main            d.u.i.k.p.i.KeYFile       Reading KeY file file:/home/runner/work/key/key/key.core/build/resources/main/de/uka/ilkd/key/proof/rules/infFlow.key 
2998       DEBUG main            d.u.i.k.p.i.KeYFile       Read specifications obtained when parsing the Java files (usually JML and Strings.key) from file:/home/runner/work/key/key/key.core/build/resources/main/de/uka/ilkd/key/proof/rules/infFlow.key 
3001       DEBUG main            d.u.i.k.p.i.KeYFile       Reading KeY file file:/home/runner/work/key/key/key.core/build/resources/main/de/uka/ilkd/key/proof/rules/mapSize.key 
3001       DEBUG main            d.u.i.k.p.i.KeYFile       Read specifications obtained when parsing the Java files (usually JML and Strings.key) from file:/home/runner/work/key/key/key.core/build/resources/main/de/uka/ilkd/key/proof/rules/mapSize.key 
3011       DEBUG main            d.u.i.k.p.i.KeYFile       Reading KeY file file:/home/runner/work/key/key/key.core/build/resources/main/de/uka/ilkd/key/proof/rules/wdHeader.key 
3011       DEBUG main            d.u.i.k.p.i.KeYFile       Read specifications obtained when parsing the Java files (usually JML and Strings.key) from file:/home/runner/work/key/key/key.core/build/resources/main/de/uka/ilkd/key/proof/rules/wdHeader.key 
3013       DEBUG main            d.u.i.k.p.i.KeYFile       Reading KeY file file:/home/runner/work/key/key/key.core/build/resources/main/de/uka/ilkd/key/proof/rules/wdGeneralRules.key 
3013       DEBUG main            d.u.i.k.p.i.KeYFile       Read specifications obtained when parsing the Java files (usually JML and Strings.key) from file:/home/runner/work/key/key/key.core/build/resources/main/de/uka/ilkd/key/proof/rules/wdGeneralRules.key 
3025       DEBUG main            d.u.i.k.p.i.KeYFile       Reading KeY file file:/home/runner/work/key/key/key.core/build/resources/main/de/uka/ilkd/key/proof/rules/wdNumericalRules.key 
3025       DEBUG main            d.u.i.k.p.i.KeYFile       Read specifications obtained when parsing the Java files (usually JML and Strings.key) from file:/home/runner/work/key/key/key.core/build/resources/main/de/uka/ilkd/key/proof/rules/wdNumericalRules.key 
3061       DEBUG main            d.u.i.k.p.i.KeYFile       Reading KeY file file:/home/runner/work/key/key/key.core/build/resources/main/de/uka/ilkd/key/proof/rules/wdLocSetRules.key 
3061       DEBUG main            d.u.i.k.p.i.KeYFile       Read specifications obtained when parsing the Java files (usually JML and Strings.key) from file:/home/runner/work/key/key/key.core/build/resources/main/de/uka/ilkd/key/proof/rules/wdLocSetRules.key 
3068       DEBUG main            d.u.i.k.p.i.KeYFile       Reading KeY file file:/home/runner/work/key/key/key.core/build/resources/main/de/uka/ilkd/key/proof/rules/wdHeapRules.key 
3068       DEBUG main            d.u.i.k.p.i.KeYFile       Read specifications obtained when parsing the Java files (usually JML and Strings.key) from file:/home/runner/work/key/key/key.core/build/resources/main/de/uka/ilkd/key/proof/rules/wdHeapRules.key 
3071       DEBUG main            d.u.i.k.p.i.KeYFile       Reading KeY file file:/home/runner/work/key/key/key.core/build/resources/main/de/uka/ilkd/key/proof/rules/wdReachRules.key 
3071       DEBUG main            d.u.i.k.p.i.KeYFile       Read specifications obtained when parsing the Java files (usually JML and Strings.key) from file:/home/runner/work/key/key/key.core/build/resources/main/de/uka/ilkd/key/proof/rules/wdReachRules.key 
3073       DEBUG main            d.u.i.k.p.i.KeYFile       Reading KeY file file:/home/runner/work/key/key/key.core/build/resources/main/de/uka/ilkd/key/proof/rules/wdSeqRules.key 
3074       DEBUG main            d.u.i.k.p.i.KeYFile       Read specifications obtained when parsing the Java files (usually JML and Strings.key) from file:/home/runner/work/key/key/key.core/build/resources/main/de/uka/ilkd/key/proof/rules/wdSeqRules.key 
3077       DEBUG main            d.u.i.k.p.i.KeYFile       Reading KeY file file:/home/runner/work/key/key/key.core/build/resources/main/de/uka/ilkd/key/proof/rules/wdStringRules.key 
3078       DEBUG main            d.u.i.k.p.i.KeYFile       Read specifications obtained when parsing the Java files (usually JML and Strings.key) from file:/home/runner/work/key/key/key.core/build/resources/main/de/uka/ilkd/key/proof/rules/wdStringRules.key 
3081       DEBUG main            d.u.i.k.p.i.KeYFile       Reading KeY file file:/home/runner/work/key/key/key.core/build/resources/main/de/uka/ilkd/key/proof/rules/wdRegExRules.key 
3082       DEBUG main            d.u.i.k.p.i.KeYFile       Read specifications obtained when parsing the Java files (usually JML and Strings.key) from file:/home/runner/work/key/key/key.core/build/resources/main/de/uka/ilkd/key/proof/rules/wdRegExRules.key 
3088       DEBUG main            d.u.i.k.p.i.KeYFile       Reading KeY file file:/home/runner/work/key/key/key.core/build/resources/main/de/uka/ilkd/key/proof/rules/wdFormulaRules.key 
3089       DEBUG main            d.u.i.k.p.i.KeYFile       Read specifications obtained when parsing the Java files (usually JML and Strings.key) from file:/home/runner/work/key/key/key.core/build/resources/main/de/uka/ilkd/key/proof/rules/wdFormulaRules.key 
3097       DEBUG main            d.u.i.k.p.i.KeYFile       Reading KeY file file:/home/runner/work/key/key/key.core/build/resources/main/de/uka/ilkd/key/proof/rules/wd.key 
3097       DEBUG main            d.u.i.k.p.i.KeYFile       Read specifications obtained when parsing the Java files (usually JML and Strings.key) from file:/home/runner/work/key/key/key.core/build/resources/main/de/uka/ilkd/key/proof/rules/wd.key 
3098       DEBUG main            d.u.i.k.p.i.KeYFile       Reading KeY file file:/home/runner/work/key/key/key.core/build/resources/main/de/uka/ilkd/key/proof/rules/loopInvariantRules.key 
3098       DEBUG main            d.u.i.k.p.i.KeYFile       Read specifications obtained when parsing the Java files (usually JML and Strings.key) from file:/home/runner/work/key/key/key.core/build/resources/main/de/uka/ilkd/key/proof/rules/loopInvariantRules.key 
3100       DEBUG main            d.u.i.k.p.i.KeYFile       Reading KeY file file:/home/runner/work/key/key/key.core/build/resources/main/de/uka/ilkd/key/proof/rules/forLoopRules.key 
3100       DEBUG main            d.u.i.k.p.i.KeYFile       Read specifications obtained when parsing the Java files (usually JML and Strings.key) from file:/home/runner/work/key/key/key.core/build/resources/main/de/uka/ilkd/key/proof/rules/forLoopRules.key 
3105       DEBUG main            d.u.i.k.p.i.KeYFile       Reading KeY file file:/home/runner/work/key/key/key.core/build/resources/main/de/uka/ilkd/key/proof/rules/execRules.key 
3106       DEBUG main            d.u.i.k.p.i.KeYFile       Read specifications obtained when parsing the Java files (usually JML and Strings.key) from file:/home/runner/work/key/key/key.core/build/resources/main/de/uka/ilkd/key/proof/rules/execRules.key 
3183       DEBUG main            d.u.i.k.p.i.KeYFile       Reading KeY file file:/home/runner/work/key/key/key.core/build/resources/main/de/uka/ilkd/key/proof/rules/loopScopeRules.key 
3183       DEBUG main            d.u.i.k.p.i.KeYFile       Read specifications obtained when parsing the Java files (usually JML and Strings.key) from file:/home/runner/work/key/key/key.core/build/resources/main/de/uka/ilkd/key/proof/rules/loopScopeRules.key 
3206       DEBUG main            d.u.i.k.p.i.KeYFile       Reading KeY file file:/home/runner/work/key/key/key.core/build/resources/main/de/uka/ilkd/key/proof/rules/standardRules.key 
3207       DEBUG main            d.u.i.k.p.i.KeYFile       Read specifications obtained when parsing the Java files (usually JML and Strings.key) from file:/home/runner/work/key/key/key.core/build/resources/main/de/uka/ilkd/key/proof/rules/standardRules.key 
5646       DEBUG main            d.u.i.k.j.Recoder2KeY     converting now /home/runner/work/key/key/key.core/../key.ui/examples/InformationFlow/MiniExamples/src/mini/MiniExamples.java 
5660       DEBUG main            d.u.i.k.j.Recoder2KeY     converting now /home/runner/work/key/key/key.core/../key.ui/examples/InformationFlow/MiniExamples/src/mini/AliasingExamples.java 
5665       DEBUG main            d.u.i.k.j.Recoder2KeY     converting now /home/runner/work/key/key/key.core/../key.ui/examples/InformationFlow/MiniExamples/src/mini/DifferenceSeqLocset.java 
5668       DEBUG main            d.u.i.k.j.Recoder2KeY     converting now /home/runner/work/key/key/key.core/../key.ui/examples/InformationFlow/MiniExamples/src/mini/MiniExamplesLecture.java 
5708       DEBUG main            d.u.i.k.s.TermLabelSettings TermLabelSettings: Failure while reading the setting "UseOriginLabels".Using the default value: true.The string read was: null 
5708       DEBUG main            d.u.i.k.p.i.KeYFile       Reading KeY file /home/runner/work/key/key/key.core/../key.ui/examples/InformationFlow/MiniExamples/mini.AliasingExamples(mini.AliasingExamples__insecure_1(mini.AliasingExamples,mini.AliasingExamples,int)).Non-interference contract.0.m.key 
5716       DEBUG main            d.u.i.k.p.i.KeYFile       Reading KeY file file:/home/runner/work/key/key/key.core/build/resources/main/de/uka/ilkd/key/java/JavaRedux/java/lang/String.key 
5720       DEBUG main            d.u.i.k.p.i.KeYFile       Read specifications obtained when parsing the Java files (usually JML and Strings.key) from file:/home/runner/work/key/key/key.core/build/resources/main/de/uka/ilkd/key/java/JavaRedux/java/lang/String.key 
7931       DEBUG main            d.u.i.k.p.i.KeYFile       Read specifications obtained when parsing the Java files (usually JML and Strings.key) from /home/runner/work/key/key/key.core/../key.ui/examples/InformationFlow/MiniExamples/mini.AliasingExamples(mini.AliasingExamples__insecure_1(mini.AliasingExamples,mini.AliasingExamples,int)).Non-interference contract.0.m.key 
8237       DEBUG main            d.u.i.k.m.s.ProofScriptEngine 1: 'macro 'infflow-autopilot'' 
8644       DEBUG main            d.u.i.k.p.m.ProofCorrectnessMgt No justification found for rule Class_invariant_axiom_for_mini_AliasingExamples 
9356       INFO  main            d.u.i.k.p.r.p.TestFile    ... finished proof: open goal(s) 
9473       DEBUG main            d.u.i.k.s.TermLabelSettings TermLabelSettings: Failure while reading the setting "UseOriginLabels".Using the default value: true.The string read was: null 
9473       INFO  main            d.u.i.k.p.r.p.TestFile    Now processing file /home/runner/work/key/key/key.core/../key.ui/examples/InformationFlow/MiniExamples/mini.AliasingExamples(mini.AliasingExamples__secure_1(mini.AliasingExamples,mini.AliasingExamples,int)).Non-interference contract.0.m.key 
10518      DEBUG main            d.u.i.k.j.Recoder2KeY     converting now /home/runner/work/key/key/key.core/../key.ui/examples/InformationFlow/MiniExamples/src/mini/MiniExamples.java 
10520      DEBUG main            d.u.i.k.j.Recoder2KeY     converting now /home/runner/work/key/key/key.core/../key.ui/examples/InformationFlow/MiniExamples/src/mini/AliasingExamples.java 
10521      DEBUG main            d.u.i.k.j.Recoder2KeY     converting now /home/runner/work/key/key/key.core/../key.ui/examples/InformationFlow/MiniExamples/src/mini/DifferenceSeqLocset.java 
10525      DEBUG main            d.u.i.k.j.Recoder2KeY     converting now /home/runner/work/key/key/key.core/../key.ui/examples/InformationFlow/MiniExamples/src/mini/MiniExamplesLecture.java 
10539      DEBUG main            d.u.i.k.s.TermLabelSettings TermLabelSettings: Failure while reading the setting "UseOriginLabels".Using the default value: true.The string read was: null 
10539      DEBUG main            d.u.i.k.p.i.KeYFile       Reading KeY file /home/runner/work/key/key/key.core/../key.ui/examples/InformationFlow/MiniExamples/mini.AliasingExamples(mini.AliasingExamples__secure_1(mini.AliasingExamples,mini.AliasingExamples,int)).Non-interference contract.0.m.key 
10541      DEBUG main            d.u.i.k.p.i.KeYFile       Reading KeY file file:/home/runner/work/key/key/key.core/build/resources/main/de/uka/ilkd/key/java/JavaRedux/java/lang/String.key 
10544      DEBUG main            d.u.i.k.p.i.KeYFile       Read specifications obtained when parsing the Java files (usually JML and Strings.key) from file:/home/runner/work/key/key/key.core/build/resources/main/de/uka/ilkd/key/java/JavaRedux/java/lang/String.key 
12450      DEBUG main            d.u.i.k.p.i.KeYFile       Read specifications obtained when parsing the Java files (usually JML and Strings.key) from /home/runner/work/key/key/key.core/../key.ui/examples/InformationFlow/MiniExamples/mini.AliasingExamples(mini.AliasingExamples__secure_1(mini.AliasingExamples,mini.AliasingExamples,int)).Non-interference contract.0.m.key 
12515      DEBUG main            d.u.i.k.m.s.ProofScriptEngine 1: 'macro 'infflow-autopilot'' 
12582      DEBUG main            d.u.i.k.p.m.ProofCorrectnessMgt No justification found for rule Class_invariant_axiom_for_mini_AliasingExamples 
12805      INFO  main            d.u.i.k.p.r.p.TestFile    ... finished proof: closed. 
12931      DEBUG main            d.u.i.k.s.TermLabelSettings TermLabelSettings: Failure while reading the setting "UseOriginLabels".Using the default value: true.The string read was: null 
12931      INFO  main            d.u.i.k.p.r.p.TestFile    Now processing file /home/runner/work/key/key/key.core/../key.ui/examples/InformationFlow/MiniExamples/mini.MiniExamplesLecture(mini.MiniExamplesLecture__m_6()).Non-interference contract.0.m.key 
13867      DEBUG main            d.u.i.k.j.Recoder2KeY     converting now /home/runner/work/key/key/key.core/../key.ui/examples/InformationFlow/MiniExamples/src/mini/MiniExamples.java 
13869      DEBUG main            d.u.i.k.j.Recoder2KeY     converting now /home/runner/work/key/key/key.core/../key.ui/examples/InformationFlow/MiniExamples/src/mini/AliasingExamples.java 
13869      DEBUG main            d.u.i.k.j.Recoder2KeY     converting now /home/runner/work/key/key/key.core/../key.ui/examples/InformationFlow/MiniExamples/src/mini/DifferenceSeqLocset.java 
13870      DEBUG main            d.u.i.k.j.Recoder2KeY     converting now /home/runner/work/key/key/key.core/../key.ui/examples/InformationFlow/MiniExamples/src/mini/MiniExamplesLecture.java 
13877      DEBUG main            d.u.i.k.s.TermLabelSettings TermLabelSettings: Failure while reading the setting "UseOriginLabels".Using the default value: true.The string read was: null 
13878      DEBUG main            d.u.i.k.p.i.KeYFile       Reading KeY file /home/runner/work/key/key/key.core/../key.ui/examples/InformationFlow/MiniExamples/mini.MiniExamplesLecture(mini.MiniExamplesLecture__m_6()).Non-interference contract.0.m.key 
13879      DEBUG main            d.u.i.k.p.i.KeYFile       Reading KeY file file:/home/runner/work/key/key/key.core/build/resources/main/de/uka/ilkd/key/java/JavaRedux/java/lang/String.key 
13882      DEBUG main            d.u.i.k.p.i.KeYFile       Read specifications obtained when parsing the Java files (usually JML and Strings.key) from file:/home/runner/work/key/key/key.core/build/resources/main/de/uka/ilkd/key/java/JavaRedux/java/lang/String.key 
15673      DEBUG main            d.u.i.k.p.i.KeYFile       Read specifications obtained when parsing the Java files (usually JML and Strings.key) from /home/runner/work/key/key/key.core/../key.ui/examples/InformationFlow/MiniExamples/mini.MiniExamplesLecture(mini.MiniExamplesLecture__m_6()).Non-interference contract.0.m.key 
15728      DEBUG main            d.u.i.k.m.s.ProofScriptEngine 1: 'macro 'infflow-autopilot'' 
15768      DEBUG main            d.u.i.k.p.m.ProofCorrectnessMgt No justification found for rule Class_invariant_axiom_for_mini_MiniExamplesLecture 
15839      INFO  main            d.u.i.k.p.r.p.TestFile    ... finished proof: closed. 
15959      DEBUG main            d.u.i.k.s.TermLabelSettings TermLabelSettings: Failure while reading the setting "UseOriginLabels".Using the default value: true.The string read was: null 
15959      INFO  main            d.u.i.k.p.r.p.TestFile    Now processing file /home/runner/work/key/key/key.core/../key.ui/examples/InformationFlow/MiniExamples/mini.MiniExamplesLecture(mini.MiniExamplesLecture__m_5()).Non-interference contract.0.m.key 
16830      DEBUG main            d.u.i.k.j.Recoder2KeY     converting now /home/runner/work/key/key/key.core/../key.ui/examples/InformationFlow/MiniExamples/src/mini/MiniExamples.java 
16832      DEBUG main            d.u.i.k.j.Recoder2KeY     converting now /home/runner/work/key/key/key.core/../key.ui/examples/InformationFlow/MiniExamples/src/mini/AliasingExamples.java 
16832      DEBUG main            d.u.i.k.j.Recoder2KeY     converting now /home/runner/work/key/key/key.core/../key.ui/examples/InformationFlow/MiniExamples/src/mini/DifferenceSeqLocset.java 
16833      DEBUG main            d.u.i.k.j.Recoder2KeY     converting now /home/runner/work/key/key/key.core/../key.ui/examples/InformationFlow/MiniExamples/src/mini/MiniExamplesLecture.java 
16838      DEBUG main            d.u.i.k.s.TermLabelSettings TermLabelSettings: Failure while reading the setting "UseOriginLabels".Using the default value: true.The string read was: null 
16838      DEBUG main            d.u.i.k.p.i.KeYFile       Reading KeY file /home/runner/work/key/key/key.core/../key.ui/examples/InformationFlow/MiniExamples/mini.MiniExamplesLecture(mini.MiniExamplesLecture__m_5()).Non-interference contract.0.m.key 
16840      DEBUG main            d.u.i.k.p.i.KeYFile       Reading KeY file file:/home/runner/work/key/key/key.core/build/resources/main/de/uka/ilkd/key/java/JavaRedux/java/lang/String.key 
16842      DEBUG main            d.u.i.k.p.i.KeYFile       Read specifications obtained when parsing the Java files (usually JML and Strings.key) from file:/home/runner/work/key/key/key.core/build/resources/main/de/uka/ilkd/key/java/JavaRedux/java/lang/String.key 
18613      DEBUG main            d.u.i.k.p.i.KeYFile       Read specifications obtained when parsing the Java files (usually JML and Strings.key) from /home/runner/work/key/key/key.core/../key.ui/examples/InformationFlow/MiniExamples/mini.MiniExamplesLecture(mini.MiniExamplesLecture__m_5()).Non-interference contract.0.m.key 
18669      DEBUG main            d.u.i.k.m.s.ProofScriptEngine 1: 'macro 'infflow-autopilot'' 
18709      DEBUG main            d.u.i.k.p.m.ProofCorrectnessMgt No justification found for rule Class_invariant_axiom_for_mini_MiniExamplesLecture 
18717      DEBUG main            d.u.i.k.j.TypeConverter   TypeConverter: FieldReference: h; 
18720      DEBUG main            d.u.i.k.j.TypeConverter   TypeConverter: FieldReference: l; 
18733      DEBUG main            d.u.i.k.j.TypeConverter   TypeConverter: FieldReference: l; 
18745      DEBUG main            d.u.i.k.j.TypeConverter   TypeConverter: FieldReference: h; 
18762      DEBUG main            d.u.i.k.j.TypeConverter   TypeConverter: FieldReference: l; 
18841      INFO  main            d.u.i.k.p.r.p.TestFile    ... finished proof: closed. 
19002      DEBUG main            d.u.i.k.s.TermLabelSettings TermLabelSettings: Failure while reading the setting "UseOriginLabels".Using the default value: true.The string read was: null 
19002      INFO  main            d.u.i.k.p.r.p.TestFile    Now processing file /home/runner/work/key/key/key.core/../key.ui/examples/InformationFlow/MiniExamples/mini.MiniExamplesLecture(mini.MiniExamplesLecture__m_4()).Non-interference contract.0.m.key 
19871      DEBUG main            d.u.i.k.j.Recoder2KeY     converting now /home/runner/work/key/key/key.core/../key.ui/examples/InformationFlow/MiniExamples/src/mini/MiniExamples.java 
19872      DEBUG main            d.u.i.k.j.Recoder2KeY     converting now /home/runner/work/key/key/key.core/../key.ui/examples/InformationFlow/MiniExamples/src/mini/AliasingExamples.java 
19873      DEBUG main            d.u.i.k.j.Recoder2KeY     converting now /home/runner/work/key/key/key.core/../key.ui/examples/InformationFlow/MiniExamples/src/mini/DifferenceSeqLocset.java 
19874      DEBUG main            d.u.i.k.j.Recoder2KeY     converting now /home/runner/work/key/key/key.core/../key.ui/examples/InformationFlow/MiniExamples/src/mini/MiniExamplesLecture.java 
19879      DEBUG main            d.u.i.k.s.TermLabelSettings TermLabelSettings: Failure while reading the setting "UseOriginLabels".Using the default value: true.The string read was: null 
19879      DEBUG main            d.u.i.k.p.i.KeYFile       Reading KeY file /home/runner/work/key/key/key.core/../key.ui/examples/InformationFlow/MiniExamples/mini.MiniExamplesLecture(mini.MiniExamplesLecture__m_4()).Non-interference contract.0.m.key 
19880      DEBUG main            d.u.i.k.p.i.KeYFile       Reading KeY file file:/home/runner/work/key/key/key.core/build/resources/main/de/uka/ilkd/key/java/JavaRedux/java/lang/String.key 
19882      DEBUG main            d.u.i.k.p.i.KeYFile       Read specifications obtained when parsing the Java files (usually JML and Strings.key) from file:/home/runner/work/key/key/key.core/build/resources/main/de/uka/ilkd/key/java/JavaRedux/java/lang/String.key 
21628      DEBUG main            d.u.i.k.p.i.KeYFile       Read specifications obtained when parsing the Java files (usually JML and Strings.key) from /home/runner/work/key/key/key.core/../key.ui/examples/InformationFlow/MiniExamples/mini.MiniExamplesLecture(mini.MiniExamplesLecture__m_4()).Non-interference contract.0.m.key 
21675      DEBUG main            d.u.i.k.m.s.ProofScriptEngine 1: 'macro 'infflow-autopilot'' 
21712      DEBUG main            d.u.i.k.p.m.ProofCorrectnessMgt No justification found for rule Class_invariant_axiom_for_mini_MiniExamplesLecture 
21720      DEBUG main            d.u.i.k.j.TypeConverter   TypeConverter: FieldReference: h; 
21727      DEBUG main            d.u.i.k.j.TypeConverter   TypeConverter: FieldReference: h; 
21737      DEBUG main            d.u.i.k.j.TypeConverter   TypeConverter: FieldReference: l; 
21815      INFO  main            d.u.i.k.p.r.p.TestFile    ... finished proof: closed. 
21947      DEBUG main            d.u.i.k.s.TermLabelSettings TermLabelSettings: Failure while reading the setting "UseOriginLabels".Using the default value: true.The string read was: null 
21947      INFO  main            d.u.i.k.p.r.p.TestFile    Now processing file /home/runner/work/key/key/key.core/../key.ui/examples/InformationFlow/MiniExamples/mini.MiniExamplesLecture(mini.MiniExamplesLecture__m_3()).Non-interference contract.0.m.key 
22789      DEBUG main            d.u.i.k.j.Recoder2KeY     converting now /home/runner/work/key/key/key.core/../key.ui/examples/InformationFlow/MiniExamples/src/mini/MiniExamples.java 
22790      DEBUG main            d.u.i.k.j.Recoder2KeY     converting now /home/runner/work/key/key/key.core/../key.ui/examples/InformationFlow/MiniExamples/src/mini/AliasingExamples.java 
22791      DEBUG main            d.u.i.k.j.Recoder2KeY     converting now /home/runner/work/key/key/key.core/../key.ui/examples/InformationFlow/MiniExamples/src/mini/DifferenceSeqLocset.java 
22792      DEBUG main            d.u.i.k.j.Recoder2KeY     converting now /home/runner/work/key/key/key.core/../key.ui/examples/InformationFlow/MiniExamples/src/mini/MiniExamplesLecture.java 
22796      DEBUG main            d.u.i.k.s.TermLabelSettings TermLabelSettings: Failure while reading the setting "UseOriginLabels".Using the default value: true.The string read was: null 
22797      DEBUG main            d.u.i.k.p.i.KeYFile       Reading KeY file /home/runner/work/key/key/key.core/../key.ui/examples/InformationFlow/MiniExamples/mini.MiniExamplesLecture(mini.MiniExamplesLecture__m_3()).Non-interference contract.0.m.key 
22798      DEBUG main            d.u.i.k.p.i.KeYFile       Reading KeY file file:/home/runner/work/key/key/key.core/build/resources/main/de/uka/ilkd/key/java/JavaRedux/java/lang/String.key 
22800      DEBUG main            d.u.i.k.p.i.KeYFile       Read specifications obtained when parsing the Java files (usually JML and Strings.key) from file:/home/runner/work/key/key/key.core/build/resources/main/de/uka/ilkd/key/java/JavaRedux/java/lang/String.key 
24521      DEBUG main            d.u.i.k.p.i.KeYFile       Read specifications obtained when parsing the Java files (usually JML and Strings.key) from /home/runner/work/key/key/key.core/../key.ui/examples/InformationFlow/MiniExamples/mini.MiniExamplesLecture(mini.MiniExamplesLecture__m_3()).Non-interference contract.0.m.key 
24578      DEBUG main            d.u.i.k.m.s.ProofScriptEngine 1: 'macro 'infflow-autopilot'' 
24613      DEBUG main            d.u.i.k.p.m.ProofCorrectnessMgt No justification found for rule Class_invariant_axiom_for_mini_MiniExamplesLecture 
24620      DEBUG main            d.u.i.k.j.TypeConverter   TypeConverter: FieldReference: h; 
24640      DEBUG main            d.u.i.k.j.TypeConverter   TypeConverter: FieldReference: l; 
24654      DEBUG main            d.u.i.k.j.TypeConverter   TypeConverter: FieldReference: l; 
24865      INFO  main            d.u.i.k.p.r.p.TestFile    ... finished proof: open goal(s) 
25009      DEBUG main            d.u.i.k.s.TermLabelSettings TermLabelSettings: Failure while reading the setting "UseOriginLabels".Using the default value: true.The string read was: null 
25009      INFO  main            d.u.i.k.p.r.p.TestFile    Now processing file /home/runner/work/key/key/key.core/../key.ui/examples/InformationFlow/MiniExamples/mini.MiniExamplesLecture(mini.MiniExamplesLecture__m_2()).Non-interference contract.0.m.key 
25891      DEBUG main            d.u.i.k.j.Recoder2KeY     converting now /home/runner/work/key/key/key.core/../key.ui/examples/InformationFlow/MiniExamples/src/mini/MiniExamples.java 
25892      DEBUG main            d.u.i.k.j.Recoder2KeY     converting now /home/runner/work/key/key/key.core/../key.ui/examples/InformationFlow/MiniExamples/src/mini/AliasingExamples.java 
25893      DEBUG main            d.u.i.k.j.Recoder2KeY     converting now /home/runner/work/key/key/key.core/../key.ui/examples/InformationFlow/MiniExamples/src/mini/DifferenceSeqLocset.java 
25894      DEBUG main            d.u.i.k.j.Recoder2KeY     converting now /home/runner/work/key/key/key.core/../key.ui/examples/InformationFlow/MiniExamples/src/mini/MiniExamplesLecture.java 
25898      DEBUG main            d.u.i.k.s.TermLabelSettings TermLabelSettings: Failure while reading the setting "UseOriginLabels".Using the default value: true.The string read was: null 
25898      DEBUG main            d.u.i.k.p.i.KeYFile       Reading KeY file /home/runner/work/key/key/key.core/../key.ui/examples/InformationFlow/MiniExamples/mini.MiniExamplesLecture(mini.MiniExamplesLecture__m_2()).Non-interference contract.0.m.key 
25900      DEBUG main            d.u.i.k.p.i.KeYFile       Reading KeY file file:/home/runner/work/key/key/key.core/build/resources/main/de/uka/ilkd/key/java/JavaRedux/java/lang/String.key 
25902      DEBUG main            d.u.i.k.p.i.KeYFile       Read specifications obtained when parsing the Java files (usually JML and Strings.key) from file:/home/runner/work/key/key/key.core/build/resources/main/de/uka/ilkd/key/java/JavaRedux/java/lang/String.key 
27617      DEBUG main            d.u.i.k.p.i.KeYFile       Read specifications obtained when parsing the Java files (usually JML and Strings.key) from /home/runner/work/key/key/key.core/../key.ui/examples/InformationFlow/MiniExamples/mini.MiniExamplesLecture(mini.MiniExamplesLecture__m_2()).Non-interference contract.0.m.key 
27667      DEBUG main            d.u.i.k.m.s.ProofScriptEngine 1: 'macro 'infflow-autopilot'' 
27701      DEBUG main            d.u.i.k.p.m.ProofCorrectnessMgt No justification found for rule Class_invariant_axiom_for_mini_MiniExamplesLecture 
27708      DEBUG main            d.u.i.k.j.TypeConverter   TypeConverter: FieldReference: l; 
27723      DEBUG main            d.u.i.k.j.TypeConverter   TypeConverter: FieldReference: h; 
27734      DEBUG main            d.u.i.k.j.TypeConverter   TypeConverter: FieldReference: h; 
27857      INFO  main            d.u.i.k.p.r.p.TestFile    ... finished proof: closed. 
28058      DEBUG main            d.u.i.k.s.TermLabelSettings TermLabelSettings: Failure while reading the setting "UseOriginLabels".Using the default value: true.The string read was: null 
28058      INFO  main            d.u.i.k.p.r.p.TestFile    Now processing file /home/runner/work/key/key/key.core/../key.ui/examples/InformationFlow/MiniExamples/mini.MiniExamplesLecture(mini.MiniExamplesLecture__m_1()).Non-interference contract.0.m.key 
28917      DEBUG main            d.u.i.k.j.Recoder2KeY     converting now /home/runner/work/key/key/key.core/../key.ui/examples/InformationFlow/MiniExamples/src/mini/MiniExamples.java 
28918      DEBUG main            d.u.i.k.j.Recoder2KeY     converting now /home/runner/work/key/key/key.core/../key.ui/examples/InformationFlow/MiniExamples/src/mini/AliasingExamples.java 
28919      DEBUG main            d.u.i.k.j.Recoder2KeY     converting now /home/runner/work/key/key/key.core/../key.ui/examples/InformationFlow/MiniExamples/src/mini/DifferenceSeqLocset.java 
28920      DEBUG main            d.u.i.k.j.Recoder2KeY     converting now /home/runner/work/key/key/key.core/../key.ui/examples/InformationFlow/MiniExamples/src/mini/MiniExamplesLecture.java 
28924      DEBUG main            d.u.i.k.s.TermLabelSettings TermLabelSettings: Failure while reading the setting "UseOriginLabels".Using the default value: true.The string read was: null 
28924      DEBUG main            d.u.i.k.p.i.KeYFile       Reading KeY file /home/runner/work/key/key/key.core/../key.ui/examples/InformationFlow/MiniExamples/mini.MiniExamplesLecture(mini.MiniExamplesLecture__m_1()).Non-interference contract.0.m.key 
28925      DEBUG main            d.u.i.k.p.i.KeYFile       Reading KeY file file:/home/runner/work/key/key/key.core/build/resources/main/de/uka/ilkd/key/java/JavaRedux/java/lang/String.key 
28927      DEBUG main            d.u.i.k.p.i.KeYFile       Read specifications obtained when parsing the Java files (usually JML and Strings.key) from file:/home/runner/work/key/key/key.core/build/resources/main/de/uka/ilkd/key/java/JavaRedux/java/lang/String.key 
30654      DEBUG main            d.u.i.k.p.i.KeYFile       Read specifications obtained when parsing the Java files (usually JML and Strings.key) from /home/runner/work/key/key/key.core/../key.ui/examples/InformationFlow/MiniExamples/mini.MiniExamplesLecture(mini.MiniExamplesLecture__m_1()).Non-interference contract.0.m.key 
30702      DEBUG main            d.u.i.k.m.s.ProofScriptEngine 1: 'macro 'infflow-autopilot'' 
30738      DEBUG main            d.u.i.k.p.m.ProofCorrectnessMgt No justification found for rule Class_invariant_axiom_for_mini_MiniExamplesLecture 
30745      DEBUG main            d.u.i.k.j.TypeConverter   TypeConverter: FieldReference: h; 
30748      DEBUG main            d.u.i.k.j.TypeConverter   TypeConverter: FieldReference: l; 
30890      INFO  main            d.u.i.k.p.r.p.TestFile    ... finished proof: open goal(s) 
31069      DEBUG main            d.u.i.k.s.TermLabelSettings TermLabelSettings: Failure while reading the setting "UseOriginLabels".Using the default value: true.The string read was: null 
31069      INFO  main            d.u.i.k.p.r.p.TestFile    Now processing file /home/runner/work/key/key/key.core/../key.ui/examples/InformationFlow/MiniExamples/mini.DifferenceSeqLocset(mini.DifferenceSeqLocset__m()).Non-interference contract.1.m.key 
31929      DEBUG main            d.u.i.k.j.Recoder2KeY     converting now /home/runner/work/key/key/key.core/../key.ui/examples/InformationFlow/MiniExamples/src/mini/MiniExamples.java 
31930      DEBUG main            d.u.i.k.j.Recoder2KeY     converting now /home/runner/work/key/key/key.core/../key.ui/examples/InformationFlow/MiniExamples/src/mini/AliasingExamples.java 
31931      DEBUG main            d.u.i.k.j.Recoder2KeY     converting now /home/runner/work/key/key/key.core/../key.ui/examples/InformationFlow/MiniExamples/src/mini/DifferenceSeqLocset.java 
31932      DEBUG main            d.u.i.k.j.Recoder2KeY     converting now /home/runner/work/key/key/key.core/../key.ui/examples/InformationFlow/MiniExamples/src/mini/MiniExamplesLecture.java 
31936      DEBUG main            d.u.i.k.s.TermLabelSettings TermLabelSettings: Failure while reading the setting "UseOriginLabels".Using the default value: true.The string read was: null 
31936      DEBUG main            d.u.i.k.p.i.KeYFile       Reading KeY file /home/runner/work/key/key/key.core/../key.ui/examples/InformationFlow/MiniExamples/mini.DifferenceSeqLocset(mini.DifferenceSeqLocset__m()).Non-interference contract.1.m.key 
31937      DEBUG main            d.u.i.k.p.i.KeYFile       Reading KeY file file:/home/runner/work/key/key/key.core/build/resources/main/de/uka/ilkd/key/java/JavaRedux/java/lang/String.key 
31939      DEBUG main            d.u.i.k.p.i.KeYFile       Read specifications obtained when parsing the Java files (usually JML and Strings.key) from file:/home/runner/work/key/key/key.core/build/resources/main/de/uka/ilkd/key/java/JavaRedux/java/lang/String.key 
33624      DEBUG main            d.u.i.k.p.i.KeYFile       Read specifications obtained when parsing the Java files (usually JML and Strings.key) from /home/runner/work/key/key/key.core/../key.ui/examples/InformationFlow/MiniExamples/mini.DifferenceSeqLocset(mini.DifferenceSeqLocset__m()).Non-interference contract.1.m.key 
33679      DEBUG main            d.u.i.k.m.s.ProofScriptEngine 1: 'macro 'infflow-autopilot'' 
33711      DEBUG main            d.u.i.k.p.m.ProofCorrectnessMgt No justification found for rule Class_invariant_axiom_for_mini_DifferenceSeqLocset 
33718      DEBUG main            d.u.i.k.j.TypeConverter   typeconverter: (prefix this;, class class de.uka.ilkd.key.java.reference.ThisReference) 
33728      DEBUG main            d.u.i.k.j.TypeConverter   TypeConverter: FieldReference: l2; 
33731      DEBUG main            d.u.i.k.j.TypeConverter   TypeConverter: FieldReference: l3; 
33739      DEBUG main            d.u.i.k.j.TypeConverter   TypeConverter: FieldReference: l1; 
33742      DEBUG main            d.u.i.k.j.TypeConverter   TypeConverter: FieldReference: l3; 
34229      INFO  main            d.u.i.k.p.r.p.TestFile    ... finished proof: open goal(s) 
34399      DEBUG main            d.u.i.k.s.TermLabelSettings TermLabelSettings: Failure while reading the setting "UseOriginLabels".Using the default value: true.The string read was: null 
34399      INFO  main            d.u.i.k.p.r.p.TestFile    Now processing file /home/runner/work/key/key/key.core/../key.ui/examples/InformationFlow/MiniExamples/mini.DifferenceSeqLocset(mini.DifferenceSeqLocset__m()).Non-interference contract.0.m.key 
35228      DEBUG main            d.u.i.k.j.Recoder2KeY     converting now /home/runner/work/key/key/key.core/../key.ui/examples/InformationFlow/MiniExamples/src/mini/MiniExamples.java 
35230      DEBUG main            d.u.i.k.j.Recoder2KeY     converting now /home/runner/work/key/key/key.core/../key.ui/examples/InformationFlow/MiniExamples/src/mini/AliasingExamples.java 
35230      DEBUG main            d.u.i.k.j.Recoder2KeY     converting now /home/runner/work/key/key/key.core/../key.ui/examples/InformationFlow/MiniExamples/src/mini/DifferenceSeqLocset.java 
35231      DEBUG main            d.u.i.k.j.Recoder2KeY     converting now /home/runner/work/key/key/key.core/../key.ui/examples/InformationFlow/MiniExamples/src/mini/MiniExamplesLecture.java 
35235      DEBUG main            d.u.i.k.s.TermLabelSettings TermLabelSettings: Failure while reading the setting "UseOriginLabels".Using the default value: true.The string read was: null 
35236      DEBUG main            d.u.i.k.p.i.KeYFile       Reading KeY file /home/runner/work/key/key/key.core/../key.ui/examples/InformationFlow/MiniExamples/mini.DifferenceSeqLocset(mini.DifferenceSeqLocset__m()).Non-interference contract.0.m.key 
35237      DEBUG main            d.u.i.k.p.i.KeYFile       Reading KeY file file:/home/runner/work/key/key/key.core/build/resources/main/de/uka/ilkd/key/java/JavaRedux/java/lang/String.key 
35239      DEBUG main            d.u.i.k.p.i.KeYFile       Read specifications obtained when parsing the Java files (usually JML and Strings.key) from file:/home/runner/work/key/key/key.core/build/resources/main/de/uka/ilkd/key/java/JavaRedux/java/lang/String.key 
36945      DEBUG main            d.u.i.k.p.i.KeYFile       Read specifications obtained when parsing the Java files (usually JML and Strings.key) from /home/runner/work/key/key/key.core/../key.ui/examples/InformationFlow/MiniExamples/mini.DifferenceSeqLocset(mini.DifferenceSeqLocset__m()).Non-interference contract.0.m.key 
36990      DEBUG main            d.u.i.k.m.s.ProofScriptEngine 1: 'macro 'infflow-autopilot'' 
37022      DEBUG main            d.u.i.k.p.m.ProofCorrectnessMgt No justification found for rule Class_invariant_axiom_for_mini_DifferenceSeqLocset 
37028      DEBUG main            d.u.i.k.j.TypeConverter   typeconverter: (prefix this;, class class de.uka.ilkd.key.java.reference.ThisReference) 
37037      DEBUG main            d.u.i.k.j.TypeConverter   TypeConverter: FieldReference: l2; 
37039      DEBUG main            d.u.i.k.j.TypeConverter   TypeConverter: FieldReference: l3; 
37047      DEBUG main            d.u.i.k.j.TypeConverter   TypeConverter: FieldReference: l1; 
37049      DEBUG main            d.u.i.k.j.TypeConverter   TypeConverter: FieldReference: l3; 
38764      INFO  main            d.u.i.k.p.r.p.TestFile    ... finished proof: open goal(s) 
38916      DEBUG main            d.u.i.k.s.TermLabelSettings TermLabelSettings: Failure while reading the setting "UseOriginLabels".Using the default value: true.The string read was: null 
38916      INFO  main            d.u.i.k.p.r.p.TestFile    Now processing file /home/runner/work/key/key/key.core/../key.ui/examples/InformationFlow/MiniExamples/mini.MiniExamples(mini.MiniExamples__secure_p2_8()).Non-interference contract.0.m.key 
39746      DEBUG main            d.u.i.k.j.Recoder2KeY     converting now /home/runner/work/key/key/key.core/../key.ui/examples/InformationFlow/MiniExamples/src/mini/MiniExamples.java 
39747      DEBUG main            d.u.i.k.j.Recoder2KeY     converting now /home/runner/work/key/key/key.core/../key.ui/examples/InformationFlow/MiniExamples/src/mini/AliasingExamples.java 
39748      DEBUG main            d.u.i.k.j.Recoder2KeY     converting now /home/runner/work/key/key/key.core/../key.ui/examples/InformationFlow/MiniExamples/src/mini/DifferenceSeqLocset.java 
39749      DEBUG main            d.u.i.k.j.Recoder2KeY     converting now /home/runner/work/key/key/key.core/../key.ui/examples/InformationFlow/MiniExamples/src/mini/MiniExamplesLecture.java 
39753      DEBUG main            d.u.i.k.s.TermLabelSettings TermLabelSettings: Failure while reading the setting "UseOriginLabels".Using the default value: true.The string read was: null 
39753      DEBUG main            d.u.i.k.p.i.KeYFile       Reading KeY file /home/runner/work/key/key/key.core/../key.ui/examples/InformationFlow/MiniExamples/mini.MiniExamples(mini.MiniExamples__secure_p2_8()).Non-interference contract.0.m.key 
39754      DEBUG main            d.u.i.k.p.i.KeYFile       Reading KeY file file:/home/runner/work/key/key/key.core/build/resources/main/de/uka/ilkd/key/java/JavaRedux/java/lang/String.key 
39757      DEBUG main            d.u.i.k.p.i.KeYFile       Read specifications obtained when parsing the Java files (usually JML and Strings.key) from file:/home/runner/work/key/key/key.core/build/resources/main/de/uka/ilkd/key/java/JavaRedux/java/lang/String.key 
41468      DEBUG main            d.u.i.k.p.i.KeYFile       Read specifications obtained when parsing the Java files (usually JML and Strings.key) from /home/runner/work/key/key/key.core/../key.ui/examples/InformationFlow/MiniExamples/mini.MiniExamples(mini.MiniExamples__secure_p2_8()).Non-interference contract.0.m.key 
41509      DEBUG main            d.u.i.k.m.s.ProofScriptEngine 1: 'macro 'infflow-autopilot'' 
41539      DEBUG main            d.u.i.k.p.m.ProofCorrectnessMgt No justification found for rule Class_invariant_axiom_for_mini_MiniExamples 
41544      DEBUG main            d.u.i.k.j.TypeConverter   TypeConverter: FieldReference: h; 
41558      DEBUG main            d.u.i.k.j.TypeConverter   TypeConverter: FieldReference: l; 
41564      DEBUG main            d.u.i.k.j.TypeConverter   TypeConverter: FieldReference: l; 
41573      DEBUG main            d.u.i.k.j.TypeConverter   TypeConverter: FieldReference: l; 
41579      DEBUG main            d.u.i.k.j.TypeConverter   TypeConverter: FieldReference: l; 
41731      INFO  main            d.u.i.k.p.r.p.TestFile    ... finished proof: closed. 
41929      DEBUG main            d.u.i.k.s.TermLabelSettings TermLabelSettings: Failure while reading the setting "UseOriginLabels".Using the default value: true.The string read was: null 
41929      INFO  main            d.u.i.k.p.r.p.TestFile    Now processing file /home/runner/work/key/key/key.core/../key.ui/examples/InformationFlow/MiniExamples/mini.MiniExamples(mini.MiniExamples__secure_parameter(int)).Non-interference contract.0.m.key 
42756      DEBUG main            d.u.i.k.j.Recoder2KeY     converting now /home/runner/work/key/key/key.core/../key.ui/examples/InformationFlow/MiniExamples/src/mini/MiniExamples.java 
42757      DEBUG main            d.u.i.k.j.Recoder2KeY     converting now /home/runner/work/key/key/key.core/../key.ui/examples/InformationFlow/MiniExamples/src/mini/AliasingExamples.java 
42758      DEBUG main            d.u.i.k.j.Recoder2KeY     converting now /home/runner/work/key/key/key.core/../key.ui/examples/InformationFlow/MiniExamples/src/mini/DifferenceSeqLocset.java 
42759      DEBUG main            d.u.i.k.j.Recoder2KeY     converting now /home/runner/work/key/key/key.core/../key.ui/examples/InformationFlow/MiniExamples/src/mini/MiniExamplesLecture.java 
42765      DEBUG main            d.u.i.k.s.TermLabelSettings TermLabelSettings: Failure while reading the setting "UseOriginLabels".Using the default value: true.The string read was: null 
42765      DEBUG main            d.u.i.k.p.i.KeYFile       Reading KeY file /home/runner/work/key/key/key.core/../key.ui/examples/InformationFlow/MiniExamples/mini.MiniExamples(mini.MiniExamples__secure_parameter(int)).Non-interference contract.0.m.key 
42766      DEBUG main            d.u.i.k.p.i.KeYFile       Reading KeY file file:/home/runner/work/key/key/key.core/build/resources/main/de/uka/ilkd/key/java/JavaRedux/java/lang/String.key 
42769      DEBUG main            d.u.i.k.p.i.KeYFile       Read specifications obtained when parsing the Java files (usually JML and Strings.key) from file:/home/runner/work/key/key/key.core/build/resources/main/de/uka/ilkd/key/java/JavaRedux/java/lang/String.key 
44493      DEBUG main            d.u.i.k.p.i.KeYFile       Read specifications obtained when parsing the Java files (usually JML and Strings.key) from /home/runner/work/key/key/key.core/../key.ui/examples/InformationFlow/MiniExamples/mini.MiniExamples(mini.MiniExamples__secure_parameter(int)).Non-interference contract.0.m.key 
44538      DEBUG main            d.u.i.k.m.s.ProofScriptEngine 1: 'macro 'infflow-autopilot'' 
44572      DEBUG main            d.u.i.k.p.m.ProofCorrectnessMgt No justification found for rule Class_invariant_axiom_for_mini_MiniExamples 
44662      INFO  main            d.u.i.k.p.r.p.TestFile    ... finished proof: closed. 
44812      DEBUG main            d.u.i.k.s.TermLabelSettings TermLabelSettings: Failure while reading the setting "UseOriginLabels".Using the default value: true.The string read was: null 
44812      INFO  main            d.u.i.k.p.r.p.TestFile    Now processing file /home/runner/work/key/key/key.core/../key.ui/examples/InformationFlow/MiniExamples/mini.MiniExamples(mini.MiniExamples__secure_p2_7()).Non-interference contract.0.m.key 
45635      DEBUG main            d.u.i.k.j.Recoder2KeY     converting now /home/runner/work/key/key/key.core/../key.ui/examples/InformationFlow/MiniExamples/src/mini/MiniExamples.java 
45636      DEBUG main            d.u.i.k.j.Recoder2KeY     converting now /home/runner/work/key/key/key.core/../key.ui/examples/InformationFlow/MiniExamples/src/mini/AliasingExamples.java 
45636      DEBUG main            d.u.i.k.j.Recoder2KeY     converting now /home/runner/work/key/key/key.core/../key.ui/examples/InformationFlow/MiniExamples/src/mini/DifferenceSeqLocset.java 
45637      DEBUG main            d.u.i.k.j.Recoder2KeY     converting now /home/runner/work/key/key/key.core/../key.ui/examples/InformationFlow/MiniExamples/src/mini/MiniExamplesLecture.java 
45641      DEBUG main            d.u.i.k.s.TermLabelSettings TermLabelSettings: Failure while reading the setting "UseOriginLabels".Using the default value: true.The string read was: null 
45641      DEBUG main            d.u.i.k.p.i.KeYFile       Reading KeY file /home/runner/work/key/key/key.core/../key.ui/examples/InformationFlow/MiniExamples/mini.MiniExamples(mini.MiniExamples__secure_p2_7()).Non-interference contract.0.m.key 
45642      DEBUG main            d.u.i.k.p.i.KeYFile       Reading KeY file file:/home/runner/work/key/key/key.core/build/resources/main/de/uka/ilkd/key/java/JavaRedux/java/lang/String.key 
45645      DEBUG main            d.u.i.k.p.i.KeYFile       Read specifications obtained when parsing the Java files (usually JML and Strings.key) from file:/home/runner/work/key/key/key.core/build/resources/main/de/uka/ilkd/key/java/JavaRedux/java/lang/String.key 
47343      DEBUG main            d.u.i.k.p.i.KeYFile       Read specifications obtained when parsing the Java files (usually JML and Strings.key) from /home/runner/work/key/key/key.core/../key.ui/examples/InformationFlow/MiniExamples/mini.MiniExamples(mini.MiniExamples__secure_p2_7()).Non-interference contract.0.m.key 
47383      DEBUG main            d.u.i.k.m.s.ProofScriptEngine 1: 'macro 'infflow-autopilot'' 
47412      DEBUG main            d.u.i.k.p.m.ProofCorrectnessMgt No justification found for rule Class_invariant_axiom_for_mini_MiniExamples 
47418      DEBUG main            d.u.i.k.j.TypeConverter   TypeConverter: FieldReference: h; 
47430      DEBUG main            d.u.i.k.j.TypeConverter   TypeConverter: FieldReference: l; 
47437      DEBUG main            d.u.i.k.j.TypeConverter   TypeConverter: FieldReference: l; 
47444      DEBUG main            d.u.i.k.j.TypeConverter   TypeConverter: FieldReference: l; 
47450      DEBUG main            d.u.i.k.j.TypeConverter   TypeConverter: FieldReference: l; 
47610      INFO  main            d.u.i.k.p.r.p.TestFile    ... finished proof: closed. 
47759      DEBUG main            d.u.i.k.s.TermLabelSettings TermLabelSettings: Failure while reading the setting "UseOriginLabels".Using the default value: true.The string read was: null 
47759      INFO  main            d.u.i.k.p.r.p.TestFile    Now processing file /home/runner/work/key/key/key.core/../key.ui/examples/InformationFlow/MiniExamples/mini.MiniExamples(mini.MiniExamples__insecure_p2_2()).Non-interference contract.0.m.key 
48591      DEBUG main            d.u.i.k.j.Recoder2KeY     converting now /home/runner/work/key/key/key.core/../key.ui/examples/InformationFlow/MiniExamples/src/mini/MiniExamples.java 
48592      DEBUG main            d.u.i.k.j.Recoder2KeY     converting now /home/runner/work/key/key/key.core/../key.ui/examples/InformationFlow/MiniExamples/src/mini/AliasingExamples.java 
48593      DEBUG main            d.u.i.k.j.Recoder2KeY     converting now /home/runner/work/key/key/key.core/../key.ui/examples/InformationFlow/MiniExamples/src/mini/DifferenceSeqLocset.java 
48594      DEBUG main            d.u.i.k.j.Recoder2KeY     converting now /home/runner/work/key/key/key.core/../key.ui/examples/InformationFlow/MiniExamples/src/mini/MiniExamplesLecture.java 
48599      DEBUG main            d.u.i.k.s.TermLabelSettings TermLabelSettings: Failure while reading the setting "UseOriginLabels".Using the default value: true.The string read was: null 
48599      DEBUG main            d.u.i.k.p.i.KeYFile       Reading KeY file /home/runner/work/key/key/key.core/../key.ui/examples/InformationFlow/MiniExamples/mini.MiniExamples(mini.MiniExamples__insecure_p2_2()).Non-interference contract.0.m.key 
48600      DEBUG main            d.u.i.k.p.i.KeYFile       Reading KeY file file:/home/runner/work/key/key/key.core/build/resources/main/de/uka/ilkd/key/java/JavaRedux/java/lang/String.key 
48603      DEBUG main            d.u.i.k.p.i.KeYFile       Read specifications obtained when parsing the Java files (usually JML and Strings.key) from file:/home/runner/work/key/key/key.core/build/resources/main/de/uka/ilkd/key/java/JavaRedux/java/lang/String.key 
50304      DEBUG main            d.u.i.k.p.i.KeYFile       Read specifications obtained when parsing the Java files (usually JML and Strings.key) from /home/runner/work/key/key/key.core/../key.ui/examples/InformationFlow/MiniExamples/mini.MiniExamples(mini.MiniExamples__insecure_p2_2()).Non-interference contract.0.m.key 
50344      DEBUG main            d.u.i.k.m.s.ProofScriptEngine 1: 'macro 'infflow-autopilot'' 
50376      DEBUG main            d.u.i.k.p.m.ProofCorrectnessMgt No justification found for rule Class_invariant_axiom_for_mini_MiniExamples 
50381      DEBUG main            d.u.i.k.j.TypeConverter   TypeConverter: FieldReference: h; 
50393      DEBUG main            d.u.i.k.j.TypeConverter   TypeConverter: FieldReference: l; 
50400      DEBUG main            d.u.i.k.j.TypeConverter   TypeConverter: FieldReference: l; 
50599      INFO  main            d.u.i.k.p.r.p.TestFile    ... finished proof: open goal(s) 
50753      DEBUG main            d.u.i.k.s.TermLabelSettings TermLabelSettings: Failure while reading the setting "UseOriginLabels".Using the default value: true.The string read was: null 
50753      INFO  main            d.u.i.k.p.r.p.TestFile    Now processing file /home/runner/work/key/key/key.core/../key.ui/examples/InformationFlow/MiniExamples/mini.MiniExamples(mini.MiniExamples__secure_p2_6()).Non-interference contract.0.m.key 
51569      DEBUG main            d.u.i.k.j.Recoder2KeY     converting now /home/runner/work/key/key/key.core/../key.ui/examples/InformationFlow/MiniExamples/src/mini/MiniExamples.java 
51571      DEBUG main            d.u.i.k.j.Recoder2KeY     converting now /home/runner/work/key/key/key.core/../key.ui/examples/InformationFlow/MiniExamples/src/mini/AliasingExamples.java 
51571      DEBUG main            d.u.i.k.j.Recoder2KeY     converting now /home/runner/work/key/key/key.core/../key.ui/examples/InformationFlow/MiniExamples/src/mini/DifferenceSeqLocset.java 
51572      DEBUG main            d.u.i.k.j.Recoder2KeY     converting now /home/runner/work/key/key/key.core/../key.ui/examples/InformationFlow/MiniExamples/src/mini/MiniExamplesLecture.java 
51576      DEBUG main            d.u.i.k.s.TermLabelSettings TermLabelSettings: Failure while reading the setting "UseOriginLabels".Using the default value: true.The string read was: null 
51577      DEBUG main            d.u.i.k.p.i.KeYFile       Reading KeY file /home/runner/work/key/key/key.core/../key.ui/examples/InformationFlow/MiniExamples/mini.MiniExamples(mini.MiniExamples__secure_p2_6()).Non-interference contract.0.m.key 
51578      DEBUG main            d.u.i.k.p.i.KeYFile       Reading KeY file file:/home/runner/work/key/key/key.core/build/resources/main/de/uka/ilkd/key/java/JavaRedux/java/lang/String.key 
51580      DEBUG main            d.u.i.k.p.i.KeYFile       Read specifications obtained when parsing the Java files (usually JML and Strings.key) from file:/home/runner/work/key/key/key.core/build/resources/main/de/uka/ilkd/key/java/JavaRedux/java/lang/String.key 
53270      DEBUG main            d.u.i.k.p.i.KeYFile       Read specifications obtained when parsing the Java files (usually JML and Strings.key) from /home/runner/work/key/key/key.core/../key.ui/examples/InformationFlow/MiniExamples/mini.MiniExamples(mini.MiniExamples__secure_p2_6()).Non-interference contract.0.m.key 
53315      DEBUG main            d.u.i.k.m.s.ProofScriptEngine 1: 'macro 'infflow-autopilot'' 
53343      DEBUG main            d.u.i.k.p.m.ProofCorrectnessMgt No justification found for rule Class_invariant_axiom_for_mini_MiniExamples 
53417      INFO  main            d.u.i.k.p.r.p.TestFile    ... finished proof: closed. 
53582      DEBUG main            d.u.i.k.s.TermLabelSettings TermLabelSettings: Failure while reading the setting "UseOriginLabels".Using the default value: true.The string read was: null 
53582      INFO  main            d.u.i.k.p.r.p.TestFile    Now processing file /home/runner/work/key/key/key.core/../key.ui/examples/InformationFlow/MiniExamples/mini.MiniExamples(mini.MiniExamples__secure_p2_5()).Non-interference contract.0.m.key 
54407      DEBUG main            d.u.i.k.j.Recoder2KeY     converting now /home/runner/work/key/key/key.core/../key.ui/examples/InformationFlow/MiniExamples/src/mini/MiniExamples.java 
54408      DEBUG main            d.u.i.k.j.Recoder2KeY     converting now /home/runner/work/key/key/key.core/../key.ui/examples/InformationFlow/MiniExamples/src/mini/AliasingExamples.java 
54409      DEBUG main            d.u.i.k.j.Recoder2KeY     converting now /home/runner/work/key/key/key.core/../key.ui/examples/InformationFlow/MiniExamples/src/mini/DifferenceSeqLocset.java 
54409      DEBUG main            d.u.i.k.j.Recoder2KeY     converting now /home/runner/work/key/key/key.core/../key.ui/examples/InformationFlow/MiniExamples/src/mini/MiniExamplesLecture.java 
54413      DEBUG main            d.u.i.k.s.TermLabelSettings TermLabelSettings: Failure while reading the setting "UseOriginLabels".Using the default value: true.The string read was: null 
54414      DEBUG main            d.u.i.k.p.i.KeYFile       Reading KeY file /home/runner/work/key/key/key.core/../key.ui/examples/InformationFlow/MiniExamples/mini.MiniExamples(mini.MiniExamples__secure_p2_5()).Non-interference contract.0.m.key 
54415      DEBUG main            d.u.i.k.p.i.KeYFile       Reading KeY file file:/home/runner/work/key/key/key.core/build/resources/main/de/uka/ilkd/key/java/JavaRedux/java/lang/String.key 
54418      DEBUG main            d.u.i.k.p.i.KeYFile       Read specifications obtained when parsing the Java files (usually JML and Strings.key) from file:/home/runner/work/key/key/key.core/build/resources/main/de/uka/ilkd/key/java/JavaRedux/java/lang/String.key 
56087      DEBUG main            d.u.i.k.p.i.KeYFile       Read specifications obtained when parsing the Java files (usually JML and Strings.key) from /home/runner/work/key/key/key.core/../key.ui/examples/InformationFlow/MiniExamples/mini.MiniExamples(mini.MiniExamples__secure_p2_5()).Non-interference contract.0.m.key 
56127      DEBUG main            d.u.i.k.m.s.ProofScriptEngine 1: 'macro 'infflow-autopilot'' 
56154      DEBUG main            d.u.i.k.p.m.ProofCorrectnessMgt No justification found for rule Class_invariant_axiom_for_mini_MiniExamples 
56158      DEBUG main            d.u.i.k.j.TypeConverter   TypeConverter: FieldReference: h; 
56160      DEBUG main            d.u.i.k.j.TypeConverter   TypeConverter: FieldReference: l; 
56167      DEBUG main            d.u.i.k.j.TypeConverter   TypeConverter: FieldReference: l; 
56176      DEBUG main            d.u.i.k.j.TypeConverter   TypeConverter: FieldReference: h; 
56187      DEBUG main            d.u.i.k.j.TypeConverter   TypeConverter: FieldReference: l; 
56245      INFO  main            d.u.i.k.p.r.p.TestFile    ... finished proof: closed. 
56410      DEBUG main            d.u.i.k.s.TermLabelSettings TermLabelSettings: Failure while reading the setting "UseOriginLabels".Using the default value: true.The string read was: null 
56410      INFO  main            d.u.i.k.p.r.p.TestFile    Now processing file /home/runner/work/key/key/key.core/../key.ui/examples/InformationFlow/MiniExamples/mini.MiniExamples(mini.MiniExamples__secure_p2_4()).Non-interference contract.0.m.key 
57234      DEBUG main            d.u.i.k.j.Recoder2KeY     converting now /home/runner/work/key/key/key.core/../key.ui/examples/InformationFlow/MiniExamples/src/mini/MiniExamples.java 
57235      DEBUG main            d.u.i.k.j.Recoder2KeY     converting now /home/runner/work/key/key/key.core/../key.ui/examples/InformationFlow/MiniExamples/src/mini/AliasingExamples.java 
57236      DEBUG main            d.u.i.k.j.Recoder2KeY     converting now /home/runner/work/key/key/key.core/../key.ui/examples/InformationFlow/MiniExamples/src/mini/DifferenceSeqLocset.java 
57237      DEBUG main            d.u.i.k.j.Recoder2KeY     converting now /home/runner/work/key/key/key.core/../key.ui/examples/InformationFlow/MiniExamples/src/mini/MiniExamplesLecture.java 
57240      DEBUG main            d.u.i.k.s.TermLabelSettings TermLabelSettings: Failure while reading the setting "UseOriginLabels".Using the default value: true.The string read was: null 
57241      DEBUG main            d.u.i.k.p.i.KeYFile       Reading KeY file /home/runner/work/key/key/key.core/../key.ui/examples/InformationFlow/MiniExamples/mini.MiniExamples(mini.MiniExamples__secure_p2_4()).Non-interference contract.0.m.key 
57241      DEBUG main            d.u.i.k.p.i.KeYFile       Reading KeY file file:/home/runner/work/key/key/key.core/build/resources/main/de/uka/ilkd/key/java/JavaRedux/java/lang/String.key 
57244      DEBUG main            d.u.i.k.p.i.KeYFile       Read specifications obtained when parsing the Java files (usually JML and Strings.key) from file:/home/runner/work/key/key/key.core/build/resources/main/de/uka/ilkd/key/java/JavaRedux/java/lang/String.key 
58928      DEBUG main            d.u.i.k.p.i.KeYFile       Read specifications obtained when parsing the Java files (usually JML and Strings.key) from /home/runner/work/key/key/key.core/../key.ui/examples/InformationFlow/MiniExamples/mini.MiniExamples(mini.MiniExamples__secure_p2_4()).Non-interference contract.0.m.key 
58976      DEBUG main            d.u.i.k.m.s.ProofScriptEngine 1: 'macro 'infflow-autopilot'' 
59004      DEBUG main            d.u.i.k.p.m.ProofCorrectnessMgt No justification found for rule Class_invariant_axiom_for_mini_MiniExamples 
59009      DEBUG main            d.u.i.k.j.TypeConverter   TypeConverter: FieldReference: l; 
59011      DEBUG main            d.u.i.k.j.TypeConverter   TypeConverter: FieldReference: h; 
59016      DEBUG main            d.u.i.k.j.TypeConverter   TypeConverter: FieldReference: h; 
59023      DEBUG main            d.u.i.k.j.TypeConverter   TypeConverter: FieldReference: l; 
59099      INFO  main            d.u.i.k.p.r.p.TestFile    ... finished proof: closed. 
59259      DEBUG main            d.u.i.k.s.TermLabelSettings TermLabelSettings: Failure while reading the setting "UseOriginLabels".Using the default value: true.The string read was: null 
59259      INFO  main            d.u.i.k.p.r.p.TestFile    Now processing file /home/runner/work/key/key/key.core/../key.ui/examples/InformationFlow/MiniExamples/mini.MiniExamples(mini.MiniExamples__secure_p2_3()).Non-interference contract.0.m.key 
60101      DEBUG main            d.u.i.k.j.Recoder2KeY     converting now /home/runner/work/key/key/key.core/../key.ui/examples/InformationFlow/MiniExamples/src/mini/MiniExamples.java 
60102      DEBUG main            d.u.i.k.j.Recoder2KeY     converting now /home/runner/work/key/key/key.core/../key.ui/examples/InformationFlow/MiniExamples/src/mini/AliasingExamples.java 
60102      DEBUG main            d.u.i.k.j.Recoder2KeY     converting now /home/runner/work/key/key/key.core/../key.ui/examples/InformationFlow/MiniExamples/src/mini/DifferenceSeqLocset.java 
60103      DEBUG main            d.u.i.k.j.Recoder2KeY     converting now /home/runner/work/key/key/key.core/../key.ui/examples/InformationFlow/MiniExamples/src/mini/MiniExamplesLecture.java 
60107      DEBUG main            d.u.i.k.s.TermLabelSettings TermLabelSettings: Failure while reading the setting "UseOriginLabels".Using the default value: true.The string read was: null 
60107      DEBUG main            d.u.i.k.p.i.KeYFile       Reading KeY file /home/runner/work/key/key/key.core/../key.ui/examples/InformationFlow/MiniExamples/mini.MiniExamples(mini.MiniExamples__secure_p2_3()).Non-interference contract.0.m.key 
60108      DEBUG main            d.u.i.k.p.i.KeYFile       Reading KeY file file:/home/runner/work/key/key/key.core/build/resources/main/de/uka/ilkd/key/java/JavaRedux/java/lang/String.key 
60111      DEBUG main            d.u.i.k.p.i.KeYFile       Read specifications obtained when parsing the Java files (usually JML and Strings.key) from file:/home/runner/work/key/key/key.core/build/resources/main/de/uka/ilkd/key/java/JavaRedux/java/lang/String.key 
61820      DEBUG main            d.u.i.k.p.i.KeYFile       Read specifications obtained when parsing the Java files (usually JML and Strings.key) from /home/runner/work/key/key/key.core/../key.ui/examples/InformationFlow/MiniExamples/mini.MiniExamples(mini.MiniExamples__secure_p2_3()).Non-interference contract.0.m.key 
61863      DEBUG main            d.u.i.k.m.s.ProofScriptEngine 1: 'macro 'infflow-autopilot'' 
61890      DEBUG main            d.u.i.k.p.m.ProofCorrectnessMgt No justification found for rule Class_invariant_axiom_for_mini_MiniExamples 
61894      DEBUG main            d.u.i.k.j.TypeConverter   TypeConverter: FieldReference: h; 
61896      DEBUG main            d.u.i.k.j.TypeConverter   TypeConverter: FieldReference: l; 
61902      DEBUG main            d.u.i.k.j.TypeConverter   TypeConverter: FieldReference: l; 
61962      INFO  main            d.u.i.k.p.r.p.TestFile    ... finished proof: closed. 
62131      DEBUG main            d.u.i.k.s.TermLabelSettings TermLabelSettings: Failure while reading the setting "UseOriginLabels".Using the default value: true.The string read was: null 
62131      INFO  main            d.u.i.k.p.r.p.TestFile    Now processing file /home/runner/work/key/key/key.core/../key.ui/examples/InformationFlow/MiniExamples/mini.MiniExamples(mini.MiniExamples__secure_p2_2()).Non-interference contract.0.m.key 
62982      DEBUG main            d.u.i.k.j.Recoder2KeY     converting now /home/runner/work/key/key/key.core/../key.ui/examples/InformationFlow/MiniExamples/src/mini/MiniExamples.java 
62983      DEBUG main            d.u.i.k.j.Recoder2KeY     converting now /home/runner/work/key/key/key.core/../key.ui/examples/InformationFlow/MiniExamples/src/mini/AliasingExamples.java 
62984      DEBUG main            d.u.i.k.j.Recoder2KeY     converting now /home/runner/work/key/key/key.core/../key.ui/examples/InformationFlow/MiniExamples/src/mini/DifferenceSeqLocset.java 
62984      DEBUG main            d.u.i.k.j.Recoder2KeY     converting now /home/runner/work/key/key/key.core/../key.ui/examples/InformationFlow/MiniExamples/src/mini/MiniExamplesLecture.java 
62988      DEBUG main            d.u.i.k.s.TermLabelSettings TermLabelSettings: Failure while reading the setting "UseOriginLabels".Using the default value: true.The string read was: null 
62989      DEBUG main            d.u.i.k.p.i.KeYFile       Reading KeY file /home/runner/work/key/key/key.core/../key.ui/examples/InformationFlow/MiniExamples/mini.MiniExamples(mini.MiniExamples__secure_p2_2()).Non-interference contract.0.m.key 
62990      DEBUG main            d.u.i.k.p.i.KeYFile       Reading KeY file file:/home/runner/work/key/key/key.core/build/resources/main/de/uka/ilkd/key/java/JavaRedux/java/lang/String.key 
62992      DEBUG main            d.u.i.k.p.i.KeYFile       Read specifications obtained when parsing the Java files (usually JML and Strings.key) from file:/home/runner/work/key/key/key.core/build/resources/main/de/uka/ilkd/key/java/JavaRedux/java/lang/String.key 
64700      DEBUG main            d.u.i.k.p.i.KeYFile       Read specifications obtained when parsing the Java files (usually JML and Strings.key) from /home/runner/work/key/key/key.core/../key.ui/examples/InformationFlow/MiniExamples/mini.MiniExamples(mini.MiniExamples__secure_p2_2()).Non-interference contract.0.m.key 
64739      DEBUG main            d.u.i.k.m.s.ProofScriptEngine 1: 'macro 'infflow-autopilot'' 
64764      DEBUG main            d.u.i.k.p.m.ProofCorrectnessMgt No justification found for rule Class_invariant_axiom_for_mini_MiniExamples 
64769      DEBUG main            d.u.i.k.j.TypeConverter   TypeConverter: FieldReference: l; 
64827      INFO  main            d.u.i.k.p.r.p.TestFile    ... finished proof: closed. 
64990      DEBUG main            d.u.i.k.s.TermLabelSettings TermLabelSettings: Failure while reading the setting "UseOriginLabels".Using the default value: true.The string read was: null 
64990      INFO  main            d.u.i.k.p.r.p.TestFile    Now processing file /home/runner/work/key/key/key.core/../key.ui/examples/InformationFlow/MiniExamples/mini.MiniExamples(mini.MiniExamples__secure_p2_1()).Non-interference contract.0.m.key 
65803      DEBUG main            d.u.i.k.j.Recoder2KeY     converting now /home/runner/work/key/key/key.core/../key.ui/examples/InformationFlow/MiniExamples/src/mini/MiniExamples.java 
65805      DEBUG main            d.u.i.k.j.Recoder2KeY     converting now /home/runner/work/key/key/key.core/../key.ui/examples/InformationFlow/MiniExamples/src/mini/AliasingExamples.java 
65805      DEBUG main            d.u.i.k.j.Recoder2KeY     converting now /home/runner/work/key/key/key.core/../key.ui/examples/InformationFlow/MiniExamples/src/mini/DifferenceSeqLocset.java 
65806      DEBUG main            d.u.i.k.j.Recoder2KeY     converting now /home/runner/work/key/key/key.core/../key.ui/examples/InformationFlow/MiniExamples/src/mini/MiniExamplesLecture.java 
65810      DEBUG main            d.u.i.k.s.TermLabelSettings TermLabelSettings: Failure while reading the setting "UseOriginLabels".Using the default value: true.The string read was: null 
65810      DEBUG main            d.u.i.k.p.i.KeYFile       Reading KeY file /home/runner/work/key/key/key.core/../key.ui/examples/InformationFlow/MiniExamples/mini.MiniExamples(mini.MiniExamples__secure_p2_1()).Non-interference contract.0.m.key 
65811      DEBUG main            d.u.i.k.p.i.KeYFile       Reading KeY file file:/home/runner/work/key/key/key.core/build/resources/main/de/uka/ilkd/key/java/JavaRedux/java/lang/String.key 
65813      DEBUG main            d.u.i.k.p.i.KeYFile       Read specifications obtained when parsing the Java files (usually JML and Strings.key) from file:/home/runner/work/key/key/key.core/build/resources/main/de/uka/ilkd/key/java/JavaRedux/java/lang/String.key 
67479      DEBUG main            d.u.i.k.p.i.KeYFile       Read specifications obtained when parsing the Java files (usually JML and Strings.key) from /home/runner/work/key/key/key.core/../key.ui/examples/InformationFlow/MiniExamples/mini.MiniExamples(mini.MiniExamples__secure_p2_1()).Non-interference contract.0.m.key 
67529      DEBUG main            d.u.i.k.m.s.ProofScriptEngine 1: 'macro 'infflow-autopilot'' 
67557      DEBUG main            d.u.i.k.p.m.ProofCorrectnessMgt No justification found for rule Class_invariant_axiom_for_mini_MiniExamples 
67562      DEBUG main            d.u.i.k.j.TypeConverter   TypeConverter: FieldReference: l; 
67564      DEBUG main            d.u.i.k.j.TypeConverter   TypeConverter: FieldReference: h; 
67617      INFO  main            d.u.i.k.p.r.p.TestFile    ... finished proof: closed. 
67783      DEBUG main            d.u.i.k.s.TermLabelSettings TermLabelSettings: Failure while reading the setting "UseOriginLabels".Using the default value: true.The string read was: null 
67783      INFO  main            d.u.i.k.p.r.p.TestFile    Now processing file /home/runner/work/key/key/key.core/../key.ui/examples/InformationFlow/MiniExamples/mini.MiniExamples(mini.MiniExamples__insecure_p2_1()).Non-interference contract.0.m.key 
68603      DEBUG main            d.u.i.k.j.Recoder2KeY     converting now /home/runner/work/key/key/key.core/../key.ui/examples/InformationFlow/MiniExamples/src/mini/MiniExamples.java 
68604      DEBUG main            d.u.i.k.j.Recoder2KeY     converting now /home/runner/work/key/key/key.core/../key.ui/examples/InformationFlow/MiniExamples/src/mini/AliasingExamples.java 
68604      DEBUG main            d.u.i.k.j.Recoder2KeY     converting now /home/runner/work/key/key/key.core/../key.ui/examples/InformationFlow/MiniExamples/src/mini/DifferenceSeqLocset.java 
68605      DEBUG main            d.u.i.k.j.Recoder2KeY     converting now /home/runner/work/key/key/key.core/../key.ui/examples/InformationFlow/MiniExamples/src/mini/MiniExamplesLecture.java 
68609      DEBUG main            d.u.i.k.s.TermLabelSettings TermLabelSettings: Failure while reading the setting "UseOriginLabels".Using the default value: true.The string read was: null 
68609      DEBUG main            d.u.i.k.p.i.KeYFile       Reading KeY file /home/runner/work/key/key/key.core/../key.ui/examples/InformationFlow/MiniExamples/mini.MiniExamples(mini.MiniExamples__insecure_p2_1()).Non-interference contract.0.m.key 
68610      DEBUG main            d.u.i.k.p.i.KeYFile       Reading KeY file file:/home/runner/work/key/key/key.core/build/resources/main/de/uka/ilkd/key/java/JavaRedux/java/lang/String.key 
68612      DEBUG main            d.u.i.k.p.i.KeYFile       Read specifications obtained when parsing the Java files (usually JML and Strings.key) from file:/home/runner/work/key/key/key.core/build/resources/main/de/uka/ilkd/key/java/JavaRedux/java/lang/String.key 
70289      DEBUG main            d.u.i.k.p.i.KeYFile       Read specifications obtained when parsing the Java files (usually JML and Strings.key) from /home/runner/work/key/key/key.core/../key.ui/examples/InformationFlow/MiniExamples/mini.MiniExamples(mini.MiniExamples__insecure_p2_1()).Non-interference contract.0.m.key 
70327      DEBUG main            d.u.i.k.m.s.ProofScriptEngine 1: 'macro 'infflow-autopilot'' 
70352      DEBUG main            d.u.i.k.p.m.ProofCorrectnessMgt No justification found for rule Class_invariant_axiom_for_mini_MiniExamples 
70357      DEBUG main            d.u.i.k.j.TypeConverter   TypeConverter: FieldReference: h; 
70359      DEBUG main            d.u.i.k.j.TypeConverter   TypeConverter: FieldReference: l; 
70456      INFO  main            d.u.i.k.p.r.p.TestFile    ... finished proof: open goal(s) 
70615      DEBUG main            d.u.i.k.s.TermLabelSettings TermLabelSettings: Failure while reading the setting "UseOriginLabels".Using the default value: true.The string read was: null 
70615      INFO  main            d.u.i.k.p.r.p.TestFile    Now processing file /home/runner/work/key/key/key.core/../key.ui/examples/InformationFlow/MiniExamples/mini.MiniExamples(mini.MiniExamples__secure_p1_6()).Non-interference contract.0.m.key 
71434      DEBUG main            d.u.i.k.j.Recoder2KeY     converting now /home/runner/work/key/key/key.core/../key.ui/examples/InformationFlow/MiniExamples/src/mini/MiniExamples.java 
71435      DEBUG main            d.u.i.k.j.Recoder2KeY     converting now /home/runner/work/key/key/key.core/../key.ui/examples/InformationFlow/MiniExamples/src/mini/AliasingExamples.java 
71435      DEBUG main            d.u.i.k.j.Recoder2KeY     converting now /home/runner/work/key/key/key.core/../key.ui/examples/InformationFlow/MiniExamples/src/mini/DifferenceSeqLocset.java 
71436      DEBUG main            d.u.i.k.j.Recoder2KeY     converting now /home/runner/work/key/key/key.core/../key.ui/examples/InformationFlow/MiniExamples/src/mini/MiniExamplesLecture.java 
71439      DEBUG main            d.u.i.k.s.TermLabelSettings TermLabelSettings: Failure while reading the setting "UseOriginLabels".Using the default value: true.The string read was: null 
71440      DEBUG main            d.u.i.k.p.i.KeYFile       Reading KeY file /home/runner/work/key/key/key.core/../key.ui/examples/InformationFlow/MiniExamples/mini.MiniExamples(mini.MiniExamples__secure_p1_6()).Non-interference contract.0.m.key 
71440      DEBUG main            d.u.i.k.p.i.KeYFile       Reading KeY file file:/home/runner/work/key/key/key.core/build/resources/main/de/uka/ilkd/key/java/JavaRedux/java/lang/String.key 
71443      DEBUG main            d.u.i.k.p.i.KeYFile       Read specifications obtained when parsing the Java files (usually JML and Strings.key) from file:/home/runner/work/key/key/key.core/build/resources/main/de/uka/ilkd/key/java/JavaRedux/java/lang/String.key 
73120      DEBUG main            d.u.i.k.p.i.KeYFile       Read specifications obtained when parsing the Java files (usually JML and Strings.key) from /home/runner/work/key/key/key.core/../key.ui/examples/InformationFlow/MiniExamples/mini.MiniExamples(mini.MiniExamples__secure_p1_6()).Non-interference contract.0.m.key 
73163      DEBUG main            d.u.i.k.m.s.ProofScriptEngine 1: 'macro 'infflow-autopilot'' 
73190      DEBUG main            d.u.i.k.p.m.ProofCorrectnessMgt No justification found for rule Class_invariant_axiom_for_mini_MiniExamples 
73196      DEBUG main            d.u.i.k.j.TypeConverter   TypeConverter: FieldReference: h; 
73200      DEBUG main            d.u.i.k.j.TypeConverter   TypeConverter: FieldReference: h; 
73209      DEBUG main            d.u.i.k.j.TypeConverter   TypeConverter: FieldReference: l; 
73272      INFO  main            d.u.i.k.p.r.p.TestFile    ... finished proof: closed. 
73459      DEBUG main            d.u.i.k.s.TermLabelSettings TermLabelSettings: Failure while reading the setting "UseOriginLabels".Using the default value: true.The string read was: null 
73459      INFO  main            d.u.i.k.p.r.p.TestFile    Now processing file /home/runner/work/key/key/key.core/../key.ui/examples/InformationFlow/MiniExamples/mini.MiniExamples(mini.MiniExamples__secure_p1_5()).Non-interference contract.0.m.key 
74272      DEBUG main            d.u.i.k.j.Recoder2KeY     converting now /home/runner/work/key/key/key.core/../key.ui/examples/InformationFlow/MiniExamples/src/mini/MiniExamples.java 
74273      DEBUG main            d.u.i.k.j.Recoder2KeY     converting now /home/runner/work/key/key/key.core/../key.ui/examples/InformationFlow/MiniExamples/src/mini/AliasingExamples.java 
74274      DEBUG main            d.u.i.k.j.Recoder2KeY     converting now /home/runner/work/key/key/key.core/../key.ui/examples/InformationFlow/MiniExamples/src/mini/DifferenceSeqLocset.java 
74275      DEBUG main            d.u.i.k.j.Recoder2KeY     converting now /home/runner/work/key/key/key.core/../key.ui/examples/InformationFlow/MiniExamples/src/mini/MiniExamplesLecture.java 
74278      DEBUG main            d.u.i.k.s.TermLabelSettings TermLabelSettings: Failure while reading the setting "UseOriginLabels".Using the default value: true.The string read was: null 
74279      DEBUG main            d.u.i.k.p.i.KeYFile       Reading KeY file /home/runner/work/key/key/key.core/../key.ui/examples/InformationFlow/MiniExamples/mini.MiniExamples(mini.MiniExamples__secure_p1_5()).Non-interference contract.0.m.key 
74279      DEBUG main            d.u.i.k.p.i.KeYFile       Reading KeY file file:/home/runner/work/key/key/key.core/build/resources/main/de/uka/ilkd/key/java/JavaRedux/java/lang/String.key 
74282      DEBUG main            d.u.i.k.p.i.KeYFile       Read specifications obtained when parsing the Java files (usually JML and Strings.key) from file:/home/runner/work/key/key/key.core/build/resources/main/de/uka/ilkd/key/java/JavaRedux/java/lang/String.key 
75942      DEBUG main            d.u.i.k.p.i.KeYFile       Read specifications obtained when parsing the Java files (usually JML and Strings.key) from /home/runner/work/key/key/key.core/../key.ui/examples/InformationFlow/MiniExamples/mini.MiniExamples(mini.MiniExamples__secure_p1_5()).Non-interference contract.0.m.key 
75980      DEBUG main            d.u.i.k.m.s.ProofScriptEngine 1: 'macro 'infflow-autopilot'' 
76016      DEBUG main            d.u.i.k.p.m.ProofCorrectnessMgt No justification found for rule Class_invariant_axiom_for_mini_MiniExamples 
76021      DEBUG main            d.u.i.k.j.TypeConverter   TypeConverter: FieldReference: h; 
76034      DEBUG main            d.u.i.k.j.TypeConverter   TypeConverter: FieldReference: l; 
76041      DEBUG main            d.u.i.k.j.TypeConverter   TypeConverter: FieldReference: h; 
76050      DEBUG main            d.u.i.k.j.TypeConverter   TypeConverter: FieldReference: l; 
76056      DEBUG main            d.u.i.k.j.TypeConverter   TypeConverter: FieldReference: h; 
76214      INFO  main            d.u.i.k.p.r.p.TestFile    ... finished proof: closed. 
76397      DEBUG main            d.u.i.k.s.TermLabelSettings TermLabelSettings: Failure while reading the setting "UseOriginLabels".Using the default value: true.The string read was: null 
76397      INFO  main            d.u.i.k.p.r.p.TestFile    Now processing file /home/runner/work/key/key/key.core/../key.ui/examples/InformationFlow/MiniExamples/mini.MiniExamples(mini.MiniExamples__secure_p1_4()).Non-interference contract.0.m.key 
77209      DEBUG main            d.u.i.k.j.Recoder2KeY     converting now /home/runner/work/key/key/key.core/../key.ui/examples/InformationFlow/MiniExamples/src/mini/MiniExamples.java 
77211      DEBUG main            d.u.i.k.j.Recoder2KeY     converting now /home/runner/work/key/key/key.core/../key.ui/examples/InformationFlow/MiniExamples/src/mini/AliasingExamples.java 
77211      DEBUG main            d.u.i.k.j.Recoder2KeY     converting now /home/runner/work/key/key/key.core/../key.ui/examples/InformationFlow/MiniExamples/src/mini/DifferenceSeqLocset.java 
77212      DEBUG main            d.u.i.k.j.Recoder2KeY     converting now /home/runner/work/key/key/key.core/../key.ui/examples/InformationFlow/MiniExamples/src/mini/MiniExamplesLecture.java 
77216      DEBUG main            d.u.i.k.s.TermLabelSettings TermLabelSettings: Failure while reading the setting "UseOriginLabels".Using the default value: true.The string read was: null 
77216      DEBUG main            d.u.i.k.p.i.KeYFile       Reading KeY file /home/runner/work/key/key/key.core/../key.ui/examples/InformationFlow/MiniExamples/mini.MiniExamples(mini.MiniExamples__secure_p1_4()).Non-interference contract.0.m.key 
77217      DEBUG main            d.u.i.k.p.i.KeYFile       Reading KeY file file:/home/runner/work/key/key/key.core/build/resources/main/de/uka/ilkd/key/java/JavaRedux/java/lang/String.key 
77219      DEBUG main            d.u.i.k.p.i.KeYFile       Read specifications obtained when parsing the Java files (usually JML and Strings.key) from file:/home/runner/work/key/key/key.core/build/resources/main/de/uka/ilkd/key/java/JavaRedux/java/lang/String.key 
78893      DEBUG main            d.u.i.k.p.i.KeYFile       Read specifications obtained when parsing the Java files (usually JML and Strings.key) from /home/runner/work/key/key/key.core/../key.ui/examples/InformationFlow/MiniExamples/mini.MiniExamples(mini.MiniExamples__secure_p1_4()).Non-interference contract.0.m.key 
78931      DEBUG main            d.u.i.k.m.s.ProofScriptEngine 1: 'macro 'infflow-autopilot'' 
78956      DEBUG main            d.u.i.k.p.m.ProofCorrectnessMgt No justification found for rule Class_invariant_axiom_for_mini_MiniExamples 
78961      DEBUG main            d.u.i.k.j.TypeConverter   TypeConverter: FieldReference: h; 
78988      DEBUG main            d.u.i.k.j.TypeConverter   TypeConverter: FieldReference: l; 
78990      DEBUG main            d.u.i.k.j.TypeConverter   TypeConverter: FieldReference: h; 
78994      DEBUG main            d.u.i.k.j.TypeConverter   TypeConverter: FieldReference: h; 
79001      DEBUG main            d.u.i.k.j.TypeConverter   TypeConverter: FieldReference: l; 
79135      INFO  main            d.u.i.k.p.r.p.TestFile    ... finished proof: closed. 
79319      DEBUG main            d.u.i.k.s.TermLabelSettings TermLabelSettings: Failure while reading the setting "UseOriginLabels".Using the default value: true.The string read was: null 
79319      INFO  main            d.u.i.k.p.r.p.TestFile    Now processing file /home/runner/work/key/key/key.core/../key.ui/examples/InformationFlow/MiniExamples/mini.MiniExamples(mini.MiniExamples__secure_p1_3()).Non-interference contract.0.m.key 
80128      DEBUG main            d.u.i.k.j.Recoder2KeY     converting now /home/runner/work/key/key/key.core/../key.ui/examples/InformationFlow/MiniExamples/src/mini/MiniExamples.java 
80129      DEBUG main            d.u.i.k.j.Recoder2KeY     converting now /home/runner/work/key/key/key.core/../key.ui/examples/InformationFlow/MiniExamples/src/mini/AliasingExamples.java 
80130      DEBUG main            d.u.i.k.j.Recoder2KeY     converting now /home/runner/work/key/key/key.core/../key.ui/examples/InformationFlow/MiniExamples/src/mini/DifferenceSeqLocset.java 
80130      DEBUG main            d.u.i.k.j.Recoder2KeY     converting now /home/runner/work/key/key/key.core/../key.ui/examples/InformationFlow/MiniExamples/src/mini/MiniExamplesLecture.java 
80134      DEBUG main            d.u.i.k.s.TermLabelSettings TermLabelSettings: Failure while reading the setting "UseOriginLabels".Using the default value: true.The string read was: null 
80134      DEBUG main            d.u.i.k.p.i.KeYFile       Reading KeY file /home/runner/work/key/key/key.core/../key.ui/examples/InformationFlow/MiniExamples/mini.MiniExamples(mini.MiniExamples__secure_p1_3()).Non-interference contract.0.m.key 
80135      DEBUG main            d.u.i.k.p.i.KeYFile       Reading KeY file file:/home/runner/work/key/key/key.core/build/resources/main/de/uka/ilkd/key/java/JavaRedux/java/lang/String.key 
80137      DEBUG main            d.u.i.k.p.i.KeYFile       Read specifications obtained when parsing the Java files (usually JML and Strings.key) from file:/home/runner/work/key/key/key.core/build/resources/main/de/uka/ilkd/key/java/JavaRedux/java/lang/String.key 
81836      DEBUG main            d.u.i.k.p.i.KeYFile       Read specifications obtained when parsing the Java files (usually JML and Strings.key) from /home/runner/work/key/key/key.core/../key.ui/examples/InformationFlow/MiniExamples/mini.MiniExamples(mini.MiniExamples__secure_p1_3()).Non-interference contract.0.m.key 
81879      DEBUG main            d.u.i.k.m.s.ProofScriptEngine 1: 'macro 'infflow-autopilot'' 
81916      DEBUG main            d.u.i.k.p.m.ProofCorrectnessMgt No justification found for rule Class_invariant_axiom_for_mini_MiniExamples 
81921      DEBUG main            d.u.i.k.j.TypeConverter   TypeConverter: FieldReference: h; 
81926      DEBUG main            d.u.i.k.j.TypeConverter   TypeConverter: FieldReference: h; 
81933      DEBUG main            d.u.i.k.j.TypeConverter   TypeConverter: FieldReference: l; 
81993      INFO  main            d.u.i.k.p.r.p.TestFile    ... finished proof: closed. 
82175      DEBUG main            d.u.i.k.s.TermLabelSettings TermLabelSettings: Failure while reading the setting "UseOriginLabels".Using the default value: true.The string read was: null 
82175      INFO  main            d.u.i.k.p.r.p.TestFile    Now processing file /home/runner/work/key/key/key.core/../key.ui/examples/InformationFlow/MiniExamples/mini.MiniExamples(mini.MiniExamples__secure_p1_2()).Non-interference contract.0.m.key 
82988      DEBUG main            d.u.i.k.j.Recoder2KeY     converting now /home/runner/work/key/key/key.core/../key.ui/examples/InformationFlow/MiniExamples/src/mini/MiniExamples.java 
82989      DEBUG main            d.u.i.k.j.Recoder2KeY     converting now /home/runner/work/key/key/key.core/../key.ui/examples/InformationFlow/MiniExamples/src/mini/AliasingExamples.java 
82990      DEBUG main            d.u.i.k.j.Recoder2KeY     converting now /home/runner/work/key/key/key.core/../key.ui/examples/InformationFlow/MiniExamples/src/mini/DifferenceSeqLocset.java 
82990      DEBUG main            d.u.i.k.j.Recoder2KeY     converting now /home/runner/work/key/key/key.core/../key.ui/examples/InformationFlow/MiniExamples/src/mini/MiniExamplesLecture.java 
82994      DEBUG main            d.u.i.k.s.TermLabelSettings TermLabelSettings: Failure while reading the setting "UseOriginLabels".Using the default value: true.The string read was: null 
82994      DEBUG main            d.u.i.k.p.i.KeYFile       Reading KeY file /home/runner/work/key/key/key.core/../key.ui/examples/InformationFlow/MiniExamples/mini.MiniExamples(mini.MiniExamples__secure_p1_2()).Non-interference contract.0.m.key 
82995      DEBUG main            d.u.i.k.p.i.KeYFile       Reading KeY file file:/home/runner/work/key/key/key.core/build/resources/main/de/uka/ilkd/key/java/JavaRedux/java/lang/String.key 
82997      DEBUG main            d.u.i.k.p.i.KeYFile       Read specifications obtained when parsing the Java files (usually JML and Strings.key) from file:/home/runner/work/key/key/key.core/build/resources/main/de/uka/ilkd/key/java/JavaRedux/java/lang/String.key 
84658      DEBUG main            d.u.i.k.p.i.KeYFile       Read specifications obtained when parsing the Java files (usually JML and Strings.key) from /home/runner/work/key/key/key.core/../key.ui/examples/InformationFlow/MiniExamples/mini.MiniExamples(mini.MiniExamples__secure_p1_2()).Non-interference contract.0.m.key 
84695      DEBUG main            d.u.i.k.m.s.ProofScriptEngine 1: 'macro 'infflow-autopilot'' 
84720      DEBUG main            d.u.i.k.p.m.ProofCorrectnessMgt No justification found for rule Class_invariant_axiom_for_mini_MiniExamples 
84725      DEBUG main            d.u.i.k.j.TypeConverter   TypeConverter: FieldReference: h; 
84736      DEBUG main            d.u.i.k.j.TypeConverter   TypeConverter: FieldReference: l; 
84742      DEBUG main            d.u.i.k.j.TypeConverter   TypeConverter: FieldReference: l; 
84750      DEBUG main            d.u.i.k.j.TypeConverter   TypeConverter: FieldReference: l; 
84756      DEBUG main            d.u.i.k.j.TypeConverter   TypeConverter: FieldReference: l; 
84914      INFO  main            d.u.i.k.p.r.p.TestFile    ... finished proof: closed. 
85135      DEBUG main            d.u.i.k.s.TermLabelSettings TermLabelSettings: Failure while reading the setting "UseOriginLabels".Using the default value: true.The string read was: null 
85135      INFO  main            d.u.i.k.p.r.p.TestFile    Now processing file /home/runner/work/key/key/key.core/../key.ui/examples/InformationFlow/MiniExamples/mini.MiniExamples(mini.MiniExamples__secure_p1_1()).Non-interference contract.1.m.key 
85945      DEBUG main            d.u.i.k.j.Recoder2KeY     converting now /home/runner/work/key/key/key.core/../key.ui/examples/InformationFlow/MiniExamples/src/mini/MiniExamples.java 
85946      DEBUG main            d.u.i.k.j.Recoder2KeY     converting now /home/runner/work/key/key/key.core/../key.ui/examples/InformationFlow/MiniExamples/src/mini/AliasingExamples.java 
85946      DEBUG main            d.u.i.k.j.Recoder2KeY     converting now /home/runner/work/key/key/key.core/../key.ui/examples/InformationFlow/MiniExamples/src/mini/DifferenceSeqLocset.java 
85947      DEBUG main            d.u.i.k.j.Recoder2KeY     converting now /home/runner/work/key/key/key.core/../key.ui/examples/InformationFlow/MiniExamples/src/mini/MiniExamplesLecture.java 
85951      DEBUG main            d.u.i.k.s.TermLabelSettings TermLabelSettings: Failure while reading the setting "UseOriginLabels".Using the default value: true.The string read was: null 
85951      DEBUG main            d.u.i.k.p.i.KeYFile       Reading KeY file /home/runner/work/key/key/key.core/../key.ui/examples/InformationFlow/MiniExamples/mini.MiniExamples(mini.MiniExamples__secure_p1_1()).Non-interference contract.1.m.key 
85952      DEBUG main            d.u.i.k.p.i.KeYFile       Reading KeY file file:/home/runner/work/key/key/key.core/build/resources/main/de/uka/ilkd/key/java/JavaRedux/java/lang/String.key 
85954      DEBUG main            d.u.i.k.p.i.KeYFile       Read specifications obtained when parsing the Java files (usually JML and Strings.key) from file:/home/runner/work/key/key/key.core/build/resources/main/de/uka/ilkd/key/java/JavaRedux/java/lang/String.key 
87622      DEBUG main            d.u.i.k.p.i.KeYFile       Read specifications obtained when parsing the Java files (usually JML and Strings.key) from /home/runner/work/key/key/key.core/../key.ui/examples/InformationFlow/MiniExamples/mini.MiniExamples(mini.MiniExamples__secure_p1_1()).Non-interference contract.1.m.key 
87660      DEBUG main            d.u.i.k.m.s.ProofScriptEngine 1: 'macro 'infflow-autopilot'' 
87686      DEBUG main            d.u.i.k.p.m.ProofCorrectnessMgt No justification found for rule Class_invariant_axiom_for_mini_MiniExamples 
87691      DEBUG main            d.u.i.k.j.TypeConverter   TypeConverter: FieldReference: l; 
87703      DEBUG main            d.u.i.k.j.TypeConverter   TypeConverter: FieldReference: h; 
87711      DEBUG main            d.u.i.k.j.TypeConverter   TypeConverter: FieldReference: h; 
87828      INFO  main            d.u.i.k.p.r.p.TestFile    ... finished proof: closed. 
88055      DEBUG main            d.u.i.k.s.TermLabelSettings TermLabelSettings: Failure while reading the setting "UseOriginLabels".Using the default value: true.The string read was: null 
88055      INFO  main            d.u.i.k.p.r.p.TestFile    Now processing file /home/runner/work/key/key/key.core/../key.ui/examples/InformationFlow/MiniExamples/mini.MiniExamples(mini.MiniExamples__secure_p1_1()).Non-interference contract.0.m.key 
88870      DEBUG main            d.u.i.k.j.Recoder2KeY     converting now /home/runner/work/key/key/key.core/../key.ui/examples/InformationFlow/MiniExamples/src/mini/MiniExamples.java 
88871      DEBUG main            d.u.i.k.j.Recoder2KeY     converting now /home/runner/work/key/key/key.core/../key.ui/examples/InformationFlow/MiniExamples/src/mini/AliasingExamples.java 
88871      DEBUG main            d.u.i.k.j.Recoder2KeY     converting now /home/runner/work/key/key/key.core/../key.ui/examples/InformationFlow/MiniExamples/src/mini/DifferenceSeqLocset.java 
88872      DEBUG main            d.u.i.k.j.Recoder2KeY     converting now /home/runner/work/key/key/key.core/../key.ui/examples/InformationFlow/MiniExamples/src/mini/MiniExamplesLecture.java 
88876      DEBUG main            d.u.i.k.s.TermLabelSettings TermLabelSettings: Failure while reading the setting "UseOriginLabels".Using the default value: true.The string read was: null 
88876      DEBUG main            d.u.i.k.p.i.KeYFile       Reading KeY file /home/runner/work/key/key/key.core/../key.ui/examples/InformationFlow/MiniExamples/mini.MiniExamples(mini.MiniExamples__secure_p1_1()).Non-interference contract.0.m.key 
88876      DEBUG main            d.u.i.k.p.i.KeYFile       Reading KeY file file:/home/runner/work/key/key/key.core/build/resources/main/de/uka/ilkd/key/java/JavaRedux/java/lang/String.key 
88879      DEBUG main            d.u.i.k.p.i.KeYFile       Read specifications obtained when parsing the Java files (usually JML and Strings.key) from file:/home/runner/work/key/key/key.core/build/resources/main/de/uka/ilkd/key/java/JavaRedux/java/lang/String.key 
90545      DEBUG main            d.u.i.k.p.i.KeYFile       Read specifications obtained when parsing the Java files (usually JML and Strings.key) from /home/runner/work/key/key/key.core/../key.ui/examples/InformationFlow/MiniExamples/mini.MiniExamples(mini.MiniExamples__secure_p1_1()).Non-interference contract.0.m.key 
90582      DEBUG main            d.u.i.k.m.s.ProofScriptEngine 1: 'macro 'infflow-autopilot'' 
90607      DEBUG main            d.u.i.k.p.m.ProofCorrectnessMgt No justification found for rule Class_invariant_axiom_for_mini_MiniExamples 
90612      DEBUG main            d.u.i.k.j.TypeConverter   TypeConverter: FieldReference: l; 
90624      DEBUG main            d.u.i.k.j.TypeConverter   TypeConverter: FieldReference: h; 
90632      DEBUG main            d.u.i.k.j.TypeConverter   TypeConverter: FieldReference: h; 
90755      INFO  main            d.u.i.k.p.r.p.TestFile    ... finished proof: closed. 
90951      DEBUG main            d.u.i.k.s.TermLabelSettings TermLabelSettings: Failure while reading the setting "UseOriginLabels".Using the default value: true.The string read was: null 
90951      INFO  main            d.u.i.k.p.r.p.TestFile    Now processing file /home/runner/work/key/key/key.core/../key.ui/examples/InformationFlow/MiniExamples/mini.MiniExamples(mini.MiniExamples__insecure_p1_2()).Non-interference contract.0.m.key 
91759      DEBUG main            d.u.i.k.j.Recoder2KeY     converting now /home/runner/work/key/key/key.core/../key.ui/examples/InformationFlow/MiniExamples/src/mini/MiniExamples.java 
91760      DEBUG main            d.u.i.k.j.Recoder2KeY     converting now /home/runner/work/key/key/key.core/../key.ui/examples/InformationFlow/MiniExamples/src/mini/AliasingExamples.java 
91760      DEBUG main            d.u.i.k.j.Recoder2KeY     converting now /home/runner/work/key/key/key.core/../key.ui/examples/InformationFlow/MiniExamples/src/mini/DifferenceSeqLocset.java 
91761      DEBUG main            d.u.i.k.j.Recoder2KeY     converting now /home/runner/work/key/key/key.core/../key.ui/examples/InformationFlow/MiniExamples/src/mini/MiniExamplesLecture.java 
91764      DEBUG main            d.u.i.k.s.TermLabelSettings TermLabelSettings: Failure while reading the setting "UseOriginLabels".Using the default value: true.The string read was: null 
91764      DEBUG main            d.u.i.k.p.i.KeYFile       Reading KeY file /home/runner/work/key/key/key.core/../key.ui/examples/InformationFlow/MiniExamples/mini.MiniExamples(mini.MiniExamples__insecure_p1_2()).Non-interference contract.0.m.key 
91765      DEBUG main            d.u.i.k.p.i.KeYFile       Reading KeY file file:/home/runner/work/key/key/key.core/build/resources/main/de/uka/ilkd/key/java/JavaRedux/java/lang/String.key 
91768      DEBUG main            d.u.i.k.p.i.KeYFile       Read specifications obtained when parsing the Java files (usually JML and Strings.key) from file:/home/runner/work/key/key/key.core/build/resources/main/de/uka/ilkd/key/java/JavaRedux/java/lang/String.key 
93434      DEBUG main            d.u.i.k.p.i.KeYFile       Read specifications obtained when parsing the Java files (usually JML and Strings.key) from /home/runner/work/key/key/key.core/../key.ui/examples/InformationFlow/MiniExamples/mini.MiniExamples(mini.MiniExamples__insecure_p1_2()).Non-interference contract.0.m.key 
93471      DEBUG main            d.u.i.k.m.s.ProofScriptEngine 1: 'macro 'infflow-autopilot'' 
93496      DEBUG main            d.u.i.k.p.m.ProofCorrectnessMgt No justification found for rule Class_invariant_axiom_for_mini_MiniExamples 
93501      DEBUG main            d.u.i.k.j.TypeConverter   TypeConverter: FieldReference: h; 
93512      DEBUG main            d.u.i.k.j.TypeConverter   TypeConverter: FieldReference: l; 
93520      DEBUG main            d.u.i.k.j.TypeConverter   TypeConverter: FieldReference: l; 
93695      INFO  main            d.u.i.k.p.r.p.TestFile    ... finished proof: open goal(s) 
93888      DEBUG main            d.u.i.k.s.TermLabelSettings TermLabelSettings: Failure while reading the setting "UseOriginLabels".Using the default value: true.The string read was: null 
93888      INFO  main            d.u.i.k.p.r.p.TestFile    Now processing file /home/runner/work/key/key/key.core/../key.ui/examples/InformationFlow/MiniExamples/mini.MiniExamples(mini.MiniExamples__insecure_p1_1()).Non-interference contract.0.m.key 
94700      DEBUG main            d.u.i.k.j.Recoder2KeY     converting now /home/runner/work/key/key/key.core/../key.ui/examples/InformationFlow/MiniExamples/src/mini/MiniExamples.java 
94701      DEBUG main            d.u.i.k.j.Recoder2KeY     converting now /home/runner/work/key/key/key.core/../key.ui/examples/InformationFlow/MiniExamples/src/mini/AliasingExamples.java 
94702      DEBUG main            d.u.i.k.j.Recoder2KeY     converting now /home/runner/work/key/key/key.core/../key.ui/examples/InformationFlow/MiniExamples/src/mini/DifferenceSeqLocset.java 
94703      DEBUG main            d.u.i.k.j.Recoder2KeY     converting now /home/runner/work/key/key/key.core/../key.ui/examples/InformationFlow/MiniExamples/src/mini/MiniExamplesLecture.java 
94707      DEBUG main            d.u.i.k.s.TermLabelSettings TermLabelSettings: Failure while reading the setting "UseOriginLabels".Using the default value: true.The string read was: null 
94707      DEBUG main            d.u.i.k.p.i.KeYFile       Reading KeY file /home/runner/work/key/key/key.core/../key.ui/examples/InformationFlow/MiniExamples/mini.MiniExamples(mini.MiniExamples__insecure_p1_1()).Non-interference contract.0.m.key 
94708      DEBUG main            d.u.i.k.p.i.KeYFile       Reading KeY file file:/home/runner/work/key/key/key.core/build/resources/main/de/uka/ilkd/key/java/JavaRedux/java/lang/String.key 
94710      DEBUG main            d.u.i.k.p.i.KeYFile       Read specifications obtained when parsing the Java files (usually JML and Strings.key) from file:/home/runner/work/key/key/key.core/build/resources/main/de/uka/ilkd/key/java/JavaRedux/java/lang/String.key 
96403      DEBUG main            d.u.i.k.p.i.KeYFile       Read specifications obtained when parsing the Java files (usually JML and Strings.key) from /home/runner/work/key/key/key.core/../key.ui/examples/InformationFlow/MiniExamples/mini.MiniExamples(mini.MiniExamples__insecure_p1_1()).Non-interference contract.0.m.key 
96441      DEBUG main            d.u.i.k.m.s.ProofScriptEngine 1: 'macro 'infflow-autopilot'' 
96477      DEBUG main            d.u.i.k.p.m.ProofCorrectnessMgt No justification found for rule Class_invariant_axiom_for_mini_MiniExamples 
96481      DEBUG main            d.u.i.k.j.TypeConverter   TypeConverter: FieldReference: h; 
96483      DEBUG main            d.u.i.k.j.TypeConverter   TypeConverter: FieldReference: l; 
96560      INFO  main            d.u.i.k.p.r.p.TestFile    ... finished proof: open goal(s) 
2298317    INFO  Test worker     d.u.i.k.p.r.RunAllProofsTestUnit Returning from test MiniExamples_fullmacro 
2298317    INFO  Test worker     d.u.i.k.p.r.RunAllProofsTestUnit Running test NewObjects_fullmacro 
340        INFO  Timeout watchdog d.u.i.k.p.r.p.ForkedTestFileRunner Timeout watcher launched (1000 secs.) 
346        WARN  main            d.u.i.k.s.ProofSettings   The settings in /home/runner/.key/proof-settings.props are *not* read. 
384        DEBUG main            d.u.i.k.s.TermLabelSettings TermLabelSettings: Failure while reading the setting "UseOriginLabels".Using the default value: true.The string read was: null 
385        INFO  main            d.u.i.k.p.r.p.TestFile    Now processing file /home/runner/work/key/key/key.core/../key.ui/examples/InformationFlow/NewObjects/object.AmtoftBanerjee3(object.AmtoftBanerjee3__m()).Non-interference contract.0.m.key 
1069       DEBUG main            d.u.i.k.p.i.KeYFile       Reading KeY file file:/home/runner/work/key/key/key.core/build/resources/main/de/uka/ilkd/key/proof/rules/ldt.key 
1069       DEBUG main            d.u.i.k.p.i.KeYFile       Read specifications obtained when parsing the Java files (usually JML and Strings.key) from file:/home/runner/work/key/key/key.core/build/resources/main/de/uka/ilkd/key/proof/rules/ldt.key 
1077       DEBUG main            d.u.i.k.p.i.KeYFile       Reading KeY file file:/home/runner/work/key/key/key.core/build/resources/main/de/uka/ilkd/key/proof/rules/propRule.key 
1078       DEBUG main            d.u.i.k.p.i.KeYFile       Read specifications obtained when parsing the Java files (usually JML and Strings.key) from file:/home/runner/work/key/key/key.core/build/resources/main/de/uka/ilkd/key/proof/rules/propRule.key 
1118       DEBUG main            d.u.i.k.p.i.KeYFile       Reading KeY file file:/home/runner/work/key/key/key.core/build/resources/main/de/uka/ilkd/key/proof/rules/firstOrderRules.key 
1124       DEBUG main            d.u.i.k.p.i.KeYFile       Read specifications obtained when parsing the Java files (usually JML and Strings.key) from file:/home/runner/work/key/key/key.core/build/resources/main/de/uka/ilkd/key/proof/rules/firstOrderRules.key 
1168       DEBUG main            d.u.i.k.p.i.KeYFile       Reading KeY file file:/home/runner/work/key/key/key.core/build/resources/main/de/uka/ilkd/key/proof/rules/ifThenElseRules.key 
1168       DEBUG main            d.u.i.k.p.i.KeYFile       Read specifications obtained when parsing the Java files (usually JML and Strings.key) from file:/home/runner/work/key/key/key.core/build/resources/main/de/uka/ilkd/key/proof/rules/ifThenElseRules.key 
1267       DEBUG main            d.u.i.k.p.i.KeYFile       Reading KeY file file:/home/runner/work/key/key/key.core/build/resources/main/de/uka/ilkd/key/proof/rules/formulaNormalisationRules.key 
1268       DEBUG main            d.u.i.k.p.i.KeYFile       Read specifications obtained when parsing the Java files (usually JML and Strings.key) from file:/home/runner/work/key/key/key.core/build/resources/main/de/uka/ilkd/key/proof/rules/formulaNormalisationRules.key 
1356       DEBUG main            d.u.i.k.p.i.KeYFile       Reading KeY file file:/home/runner/work/key/key/key.core/build/resources/main/de/uka/ilkd/key/proof/rules/updateRules.key 
1357       DEBUG main            d.u.i.k.p.i.KeYFile       Read specifications obtained when parsing the Java files (usually JML and Strings.key) from file:/home/runner/work/key/key/key.core/build/resources/main/de/uka/ilkd/key/proof/rules/updateRules.key 
1383       DEBUG main            d.u.i.k.p.i.KeYFile       Reading KeY file file:/home/runner/work/key/key/key.core/build/resources/main/de/uka/ilkd/key/proof/rules/integerRulesCommon.key 
1387       DEBUG main            d.u.i.k.p.i.KeYFile       Read specifications obtained when parsing the Java files (usually JML and Strings.key) from file:/home/runner/work/key/key/key.core/build/resources/main/de/uka/ilkd/key/proof/rules/integerRulesCommon.key 
1501       DEBUG main            d.u.i.k.p.i.KeYFile       Reading KeY file file:/home/runner/work/key/key/key.core/build/resources/main/de/uka/ilkd/key/proof/rules/intRules.key 
1501       DEBUG main            d.u.i.k.p.i.KeYFile       Read specifications obtained when parsing the Java files (usually JML and Strings.key) from file:/home/runner/work/key/key/key.core/build/resources/main/de/uka/ilkd/key/proof/rules/intRules.key 
1524       DEBUG main            d.u.i.k.p.i.KeYFile       Reading KeY file file:/home/runner/work/key/key/key.core/build/resources/main/de/uka/ilkd/key/proof/rules/intRulesUncheckedSemantics.key 
1525       DEBUG main            d.u.i.k.p.i.KeYFile       Read specifications obtained when parsing the Java files (usually JML and Strings.key) from file:/home/runner/work/key/key/key.core/build/resources/main/de/uka/ilkd/key/proof/rules/intRulesUncheckedSemantics.key 
1531       DEBUG main            d.u.i.k.p.i.KeYFile       Reading KeY file file:/home/runner/work/key/key/key.core/build/resources/main/de/uka/ilkd/key/proof/rules/intRulesCheckedSemantics.key 
1531       DEBUG main            d.u.i.k.p.i.KeYFile       Read specifications obtained when parsing the Java files (usually JML and Strings.key) from file:/home/runner/work/key/key/key.core/build/resources/main/de/uka/ilkd/key/proof/rules/intRulesCheckedSemantics.key 
1538       DEBUG main            d.u.i.k.p.i.KeYFile       Reading KeY file file:/home/runner/work/key/key/key.core/build/resources/main/de/uka/ilkd/key/proof/rules/intRulesJavaSemantics.key 
1538       DEBUG main            d.u.i.k.p.i.KeYFile       Read specifications obtained when parsing the Java files (usually JML and Strings.key) from file:/home/runner/work/key/key/key.core/build/resources/main/de/uka/ilkd/key/proof/rules/intRulesJavaSemantics.key 
1629       DEBUG main            d.u.i.k.p.i.KeYFile       Reading KeY file file:/home/runner/work/key/key/key.core/build/resources/main/de/uka/ilkd/key/proof/rules/integerSimplificationRules.key 
1629       DEBUG main            d.u.i.k.p.i.KeYFile       Read specifications obtained when parsing the Java files (usually JML and Strings.key) from file:/home/runner/work/key/key/key.core/build/resources/main/de/uka/ilkd/key/proof/rules/integerSimplificationRules.key 
1723       DEBUG main            d.u.i.k.j.TypeConverter   No LDT found for Meta 
1728       DEBUG main            d.u.i.k.j.TypeConverter   No LDT found for Meta 
1731       DEBUG main            d.u.i.k.j.TypeConverter   No LDT found for Meta 
1732       DEBUG main            d.u.i.k.j.TypeConverter   No LDT found for Meta 
1777       DEBUG main            d.u.i.k.p.i.KeYFile       Reading KeY file file:/home/runner/work/key/key/key.core/build/resources/main/de/uka/ilkd/key/proof/rules/intDiv.key 
1777       DEBUG main            d.u.i.k.p.i.KeYFile       Read specifications obtained when parsing the Java files (usually JML and Strings.key) from file:/home/runner/work/key/key/key.core/build/resources/main/de/uka/ilkd/key/proof/rules/intDiv.key 
1871       DEBUG main            d.u.i.k.p.i.KeYFile       Reading KeY file file:/home/runner/work/key/key/key.core/build/resources/main/de/uka/ilkd/key/proof/rules/bsum.key 
1871       DEBUG main            d.u.i.k.p.i.KeYFile       Read specifications obtained when parsing the Java files (usually JML and Strings.key) from file:/home/runner/work/key/key/key.core/build/resources/main/de/uka/ilkd/key/proof/rules/bsum.key 
1919       DEBUG main            d.u.i.k.p.i.KeYFile       Reading KeY file file:/home/runner/work/key/key/key.core/build/resources/main/de/uka/ilkd/key/proof/rules/bprod.key 
1921       DEBUG main            d.u.i.k.p.i.KeYFile       Read specifications obtained when parsing the Java files (usually JML and Strings.key) from file:/home/runner/work/key/key/key.core/build/resources/main/de/uka/ilkd/key/proof/rules/bprod.key 
1932       DEBUG main            d.u.i.k.p.i.KeYFile       Reading KeY file file:/home/runner/work/key/key/key.core/build/resources/main/de/uka/ilkd/key/proof/rules/binaryAxioms.key 
1934       DEBUG main            d.u.i.k.p.i.KeYFile       Read specifications obtained when parsing the Java files (usually JML and Strings.key) from file:/home/runner/work/key/key/key.core/build/resources/main/de/uka/ilkd/key/proof/rules/binaryAxioms.key 
1938       DEBUG main            d.u.i.k.p.i.KeYFile       Reading KeY file file:/home/runner/work/key/key/key.core/build/resources/main/de/uka/ilkd/key/proof/rules/binaryLemmas.key 
1939       DEBUG main            d.u.i.k.p.i.KeYFile       Read specifications obtained when parsing the Java files (usually JML and Strings.key) from file:/home/runner/work/key/key/key.core/build/resources/main/de/uka/ilkd/key/proof/rules/binaryLemmas.key 
1952       DEBUG main            d.u.i.k.p.i.KeYFile       Reading KeY file file:/home/runner/work/key/key/key.core/build/resources/main/de/uka/ilkd/key/proof/rules/intPow.key 
1953       DEBUG main            d.u.i.k.p.i.KeYFile       Read specifications obtained when parsing the Java files (usually JML and Strings.key) from file:/home/runner/work/key/key/key.core/build/resources/main/de/uka/ilkd/key/proof/rules/intPow.key 
1969       DEBUG main            d.u.i.k.p.i.KeYFile       Reading KeY file file:/home/runner/work/key/key/key.core/build/resources/main/de/uka/ilkd/key/proof/rules/floatRulesCommon.key 
1969       DEBUG main            d.u.i.k.p.i.KeYFile       Read specifications obtained when parsing the Java files (usually JML and Strings.key) from file:/home/runner/work/key/key/key.core/build/resources/main/de/uka/ilkd/key/proof/rules/floatRulesCommon.key 
1982       DEBUG main            d.u.i.k.p.i.KeYFile       Reading KeY file file:/home/runner/work/key/key/key.core/build/resources/main/de/uka/ilkd/key/proof/rules/floatRules.key 
1983       DEBUG main            d.u.i.k.p.i.KeYFile       Read specifications obtained when parsing the Java files (usually JML and Strings.key) from file:/home/runner/work/key/key/key.core/build/resources/main/de/uka/ilkd/key/proof/rules/floatRules.key 
1984       DEBUG main            d.u.i.k.p.i.KeYFile       Reading KeY file file:/home/runner/work/key/key/key.core/build/resources/main/de/uka/ilkd/key/proof/rules/floatRulesVerifyNormal.key 
1984       DEBUG main            d.u.i.k.p.i.KeYFile       Read specifications obtained when parsing the Java files (usually JML and Strings.key) from file:/home/runner/work/key/key/key.core/build/resources/main/de/uka/ilkd/key/proof/rules/floatRulesVerifyNormal.key 
1988       DEBUG main            d.u.i.k.p.i.KeYFile       Reading KeY file file:/home/runner/work/key/key/key.core/build/resources/main/de/uka/ilkd/key/proof/rules/floatRulesAssumeStrictfp.key 
1988       DEBUG main            d.u.i.k.p.i.KeYFile       Read specifications obtained when parsing the Java files (usually JML and Strings.key) from file:/home/runner/work/key/key/key.core/build/resources/main/de/uka/ilkd/key/proof/rules/floatRulesAssumeStrictfp.key 
2023       DEBUG main            d.u.i.k.p.i.KeYFile       Reading KeY file file:/home/runner/work/key/key/key.core/build/resources/main/de/uka/ilkd/key/proof/rules/genericRules.key 
2023       DEBUG main            d.u.i.k.p.i.KeYFile       Read specifications obtained when parsing the Java files (usually JML and Strings.key) from file:/home/runner/work/key/key/key.core/build/resources/main/de/uka/ilkd/key/proof/rules/genericRules.key 
2033       DEBUG main            d.u.i.k.p.i.KeYFile       Reading KeY file file:/home/runner/work/key/key/key.core/build/resources/main/de/uka/ilkd/key/proof/rules/booleanRules.key 
2034       DEBUG main            d.u.i.k.p.i.KeYFile       Read specifications obtained when parsing the Java files (usually JML and Strings.key) from file:/home/runner/work/key/key/key.core/build/resources/main/de/uka/ilkd/key/proof/rules/booleanRules.key 
2038       DEBUG main            d.u.i.k.p.i.KeYFile       Reading KeY file file:/home/runner/work/key/key/key.core/build/resources/main/de/uka/ilkd/key/proof/rules/epsilon.key 
2039       DEBUG main            d.u.i.k.p.i.KeYFile       Read specifications obtained when parsing the Java files (usually JML and Strings.key) from file:/home/runner/work/key/key/key.core/build/resources/main/de/uka/ilkd/key/proof/rules/epsilon.key 
2076       DEBUG main            d.u.i.k.p.i.KeYFile       Reading KeY file file:/home/runner/work/key/key/key.core/build/resources/main/de/uka/ilkd/key/proof/rules/locSetsRules.key 
2077       DEBUG main            d.u.i.k.p.i.KeYFile       Read specifications obtained when parsing the Java files (usually JML and Strings.key) from file:/home/runner/work/key/key/key.core/build/resources/main/de/uka/ilkd/key/proof/rules/locSetsRules.key 
2134       DEBUG main            d.u.i.k.p.i.KeYFile       Reading KeY file file:/home/runner/work/key/key/key.core/build/resources/main/de/uka/ilkd/key/proof/rules/heapRules.key 
2134       DEBUG main            d.u.i.k.p.i.KeYFile       Read specifications obtained when parsing the Java files (usually JML and Strings.key) from file:/home/runner/work/key/key/key.core/build/resources/main/de/uka/ilkd/key/proof/rules/heapRules.key 
2166       DEBUG main            d.u.i.k.p.i.KeYFile       Reading KeY file file:/home/runner/work/key/key/key.core/build/resources/main/de/uka/ilkd/key/proof/rules/permissionRules.key 
2167       DEBUG main            d.u.i.k.p.i.KeYFile       Read specifications obtained when parsing the Java files (usually JML and Strings.key) from file:/home/runner/work/key/key/key.core/build/resources/main/de/uka/ilkd/key/proof/rules/permissionRules.key 
2194       DEBUG main            d.u.i.k.p.i.KeYFile       Reading KeY file file:/home/runner/work/key/key/key.core/build/resources/main/de/uka/ilkd/key/proof/rules/reachRules.key 
2195       DEBUG main            d.u.i.k.p.i.KeYFile       Read specifications obtained when parsing the Java files (usually JML and Strings.key) from file:/home/runner/work/key/key/key.core/build/resources/main/de/uka/ilkd/key/proof/rules/reachRules.key 
2208       DEBUG main            d.u.i.k.p.i.KeYFile       Reading KeY file file:/home/runner/work/key/key/key.core/build/resources/main/de/uka/ilkd/key/proof/rules/seqCoreRules.key 
2209       DEBUG main            d.u.i.k.p.i.KeYFile       Read specifications obtained when parsing the Java files (usually JML and Strings.key) from file:/home/runner/work/key/key/key.core/build/resources/main/de/uka/ilkd/key/proof/rules/seqCoreRules.key 
2253       DEBUG main            d.u.i.k.p.i.KeYFile       Reading KeY file file:/home/runner/work/key/key/key.core/build/resources/main/de/uka/ilkd/key/proof/rules/seqRules.key 
2253       DEBUG main            d.u.i.k.p.i.KeYFile       Read specifications obtained when parsing the Java files (usually JML and Strings.key) from file:/home/runner/work/key/key/key.core/build/resources/main/de/uka/ilkd/key/proof/rules/seqRules.key 
2291       DEBUG main            d.u.i.k.p.i.KeYFile       Reading KeY file file:/home/runner/work/key/key/key.core/build/resources/main/de/uka/ilkd/key/proof/rules/seqPerm.key 
2292       DEBUG main            d.u.i.k.p.i.KeYFile       Read specifications obtained when parsing the Java files (usually JML and Strings.key) from file:/home/runner/work/key/key/key.core/build/resources/main/de/uka/ilkd/key/proof/rules/seqPerm.key 
2310       DEBUG main            d.u.i.k.p.i.KeYFile       Reading KeY file file:/home/runner/work/key/key/key.core/build/resources/main/de/uka/ilkd/key/proof/rules/seqPerm2.key 
2311       DEBUG main            d.u.i.k.p.i.KeYFile       Read specifications obtained when parsing the Java files (usually JML and Strings.key) from file:/home/runner/work/key/key/key.core/build/resources/main/de/uka/ilkd/key/proof/rules/seqPerm2.key 
2394       DEBUG main            d.u.i.k.p.i.KeYFile       Reading KeY file file:/home/runner/work/key/key/key.core/build/resources/main/de/uka/ilkd/key/proof/rules/assertions.key 
2395       DEBUG main            d.u.i.k.p.i.KeYFile       Read specifications obtained when parsing the Java files (usually JML and Strings.key) from file:/home/runner/work/key/key/key.core/build/resources/main/de/uka/ilkd/key/proof/rules/assertions.key 
2442       DEBUG main            d.u.i.k.p.i.KeYFile       Reading KeY file file:/home/runner/work/key/key/key.core/build/resources/main/de/uka/ilkd/key/proof/rules/javaRules.key 
2445       DEBUG main            d.u.i.k.p.i.KeYFile       Read specifications obtained when parsing the Java files (usually JML and Strings.key) from file:/home/runner/work/key/key/key.core/build/resources/main/de/uka/ilkd/key/proof/rules/javaRules.key 
2868       DEBUG main            d.u.i.k.p.i.KeYFile       Reading KeY file file:/home/runner/work/key/key/key.core/build/resources/main/de/uka/ilkd/key/proof/rules/loopRules.key 
2869       DEBUG main            d.u.i.k.p.i.KeYFile       Read specifications obtained when parsing the Java files (usually JML and Strings.key) from file:/home/runner/work/key/key/key.core/build/resources/main/de/uka/ilkd/key/proof/rules/loopRules.key 
2883       DEBUG main            d.u.i.k.p.i.KeYFile       Reading KeY file file:/home/runner/work/key/key/key.core/build/resources/main/de/uka/ilkd/key/proof/rules/activeUse.key 
2883       DEBUG main            d.u.i.k.p.i.KeYFile       Read specifications obtained when parsing the Java files (usually JML and Strings.key) from file:/home/runner/work/key/key/key.core/build/resources/main/de/uka/ilkd/key/proof/rules/activeUse.key 
2932       DEBUG main            d.u.i.k.p.i.KeYFile       Reading KeY file file:/home/runner/work/key/key/key.core/build/resources/main/de/uka/ilkd/key/proof/rules/instanceAllocation.key 
2933       DEBUG main            d.u.i.k.p.i.KeYFile       Read specifications obtained when parsing the Java files (usually JML and Strings.key) from file:/home/runner/work/key/key/key.core/build/resources/main/de/uka/ilkd/key/proof/rules/instanceAllocation.key 
2965       DEBUG main            d.u.i.k.p.i.KeYFile       Reading KeY file file:/home/runner/work/key/key/key.core/build/resources/main/de/uka/ilkd/key/proof/rules/java5.key 
2965       DEBUG main            d.u.i.k.p.i.KeYFile       Read specifications obtained when parsing the Java files (usually JML and Strings.key) from file:/home/runner/work/key/key/key.core/build/resources/main/de/uka/ilkd/key/proof/rules/java5.key 
2974       DEBUG main            d.u.i.k.p.i.KeYFile       Reading KeY file file:/home/runner/work/key/key/key.core/build/resources/main/de/uka/ilkd/key/proof/rules/integerAssignment2UpdateRules.key 
2974       DEBUG main            d.u.i.k.p.i.KeYFile       Read specifications obtained when parsing the Java files (usually JML and Strings.key) from file:/home/runner/work/key/key/key.core/build/resources/main/de/uka/ilkd/key/proof/rules/integerAssignment2UpdateRules.key 
3011       DEBUG main            d.u.i.k.p.i.KeYFile       Reading KeY file file:/home/runner/work/key/key/key.core/build/resources/main/de/uka/ilkd/key/proof/rules/floatAssignment2UpdateRules.key 
3013       DEBUG main            d.u.i.k.p.i.KeYFile       Read specifications obtained when parsing the Java files (usually JML and Strings.key) from file:/home/runner/work/key/key/key.core/build/resources/main/de/uka/ilkd/key/proof/rules/floatAssignment2UpdateRules.key 
3030       DEBUG main            d.u.i.k.p.i.KeYFile       Reading KeY file file:/home/runner/work/key/key/key.core/build/resources/main/de/uka/ilkd/key/proof/rules/bigint.key 
3031       DEBUG main            d.u.i.k.p.i.KeYFile       Read specifications obtained when parsing the Java files (usually JML and Strings.key) from file:/home/runner/work/key/key/key.core/build/resources/main/de/uka/ilkd/key/proof/rules/bigint.key 
3038       DEBUG main            d.u.i.k.j.TypeConverter   No LDT found for JavaBigintExpression 
3053       DEBUG main            d.u.i.k.p.i.KeYFile       Reading KeY file file:/home/runner/work/key/key/key.core/build/resources/main/de/uka/ilkd/key/proof/rules/adtProgramDecompositionRules.key 
3053       DEBUG main            d.u.i.k.p.i.KeYFile       Read specifications obtained when parsing the Java files (usually JML and Strings.key) from file:/home/runner/work/key/key/key.core/build/resources/main/de/uka/ilkd/key/proof/rules/adtProgramDecompositionRules.key 
3066       DEBUG main            d.u.i.k.p.i.KeYFile       Reading KeY file file:/home/runner/work/key/key/key.core/build/resources/main/de/uka/ilkd/key/proof/rules/precRules.key 
3067       DEBUG main            d.u.i.k.p.i.KeYFile       Read specifications obtained when parsing the Java files (usually JML and Strings.key) from file:/home/runner/work/key/key/key.core/build/resources/main/de/uka/ilkd/key/proof/rules/precRules.key 
3076       DEBUG main            d.u.i.k.p.i.KeYFile       Reading KeY file file:/home/runner/work/key/key/key.core/build/resources/main/de/uka/ilkd/key/proof/rules/charListRules.key 
3076       DEBUG main            d.u.i.k.p.i.KeYFile       Read specifications obtained when parsing the Java files (usually JML and Strings.key) from file:/home/runner/work/key/key/key.core/build/resources/main/de/uka/ilkd/key/proof/rules/charListRules.key 
3083       DEBUG main            d.u.i.k.p.i.KeYFile       Reading KeY file file:/home/runner/work/key/key/key.core/build/resources/main/de/uka/ilkd/key/proof/rules/regExHeader.key 
3084       DEBUG main            d.u.i.k.p.i.KeYFile       Read specifications obtained when parsing the Java files (usually JML and Strings.key) from file:/home/runner/work/key/key/key.core/build/resources/main/de/uka/ilkd/key/proof/rules/regExHeader.key 
3086       DEBUG main            d.u.i.k.p.i.KeYFile       Reading KeY file file:/home/runner/work/key/key/key.core/build/resources/main/de/uka/ilkd/key/proof/rules/regExAxioms.key 
3086       DEBUG main            d.u.i.k.p.i.KeYFile       Read specifications obtained when parsing the Java files (usually JML and Strings.key) from file:/home/runner/work/key/key/key.core/build/resources/main/de/uka/ilkd/key/proof/rules/regExAxioms.key 
3091       DEBUG main            d.u.i.k.p.i.KeYFile       Reading KeY file file:/home/runner/work/key/key/key.core/build/resources/main/de/uka/ilkd/key/proof/rules/regExLemmaProven.key 
3091       DEBUG main            d.u.i.k.p.i.KeYFile       Read specifications obtained when parsing the Java files (usually JML and Strings.key) from file:/home/runner/work/key/key/key.core/build/resources/main/de/uka/ilkd/key/proof/rules/regExLemmaProven.key 
3094       DEBUG main            d.u.i.k.p.i.KeYFile       Reading KeY file file:/home/runner/work/key/key/key.core/build/resources/main/de/uka/ilkd/key/proof/rules/regExTheory.key 
3094       DEBUG main            d.u.i.k.p.i.KeYFile       Read specifications obtained when parsing the Java files (usually JML and Strings.key) from file:/home/runner/work/key/key/key.core/build/resources/main/de/uka/ilkd/key/proof/rules/regExTheory.key 
3098       DEBUG main            d.u.i.k.p.i.KeYFile       Reading KeY file file:/home/runner/work/key/key/key.core/build/resources/main/de/uka/ilkd/key/proof/rules/seqEq.key 
3098       DEBUG main            d.u.i.k.p.i.KeYFile       Read specifications obtained when parsing the Java files (usually JML and Strings.key) from file:/home/runner/work/key/key/key.core/build/resources/main/de/uka/ilkd/key/proof/rules/seqEq.key 
3105       DEBUG main            d.u.i.k.p.i.KeYFile       Reading KeY file file:/home/runner/work/key/key/key.core/build/resources/main/de/uka/ilkd/key/proof/rules/infFlow.key 
3106       DEBUG main            d.u.i.k.p.i.KeYFile       Read specifications obtained when parsing the Java files (usually JML and Strings.key) from file:/home/runner/work/key/key/key.core/build/resources/main/de/uka/ilkd/key/proof/rules/infFlow.key 
3110       DEBUG main            d.u.i.k.p.i.KeYFile       Reading KeY file file:/home/runner/work/key/key/key.core/build/resources/main/de/uka/ilkd/key/proof/rules/mapSize.key 
3110       DEBUG main            d.u.i.k.p.i.KeYFile       Read specifications obtained when parsing the Java files (usually JML and Strings.key) from file:/home/runner/work/key/key/key.core/build/resources/main/de/uka/ilkd/key/proof/rules/mapSize.key 
3116       DEBUG main            d.u.i.k.p.i.KeYFile       Reading KeY file file:/home/runner/work/key/key/key.core/build/resources/main/de/uka/ilkd/key/proof/rules/wdHeader.key 
3116       DEBUG main            d.u.i.k.p.i.KeYFile       Read specifications obtained when parsing the Java files (usually JML and Strings.key) from file:/home/runner/work/key/key/key.core/build/resources/main/de/uka/ilkd/key/proof/rules/wdHeader.key 
3118       DEBUG main            d.u.i.k.p.i.KeYFile       Reading KeY file file:/home/runner/work/key/key/key.core/build/resources/main/de/uka/ilkd/key/proof/rules/wdGeneralRules.key 
3118       DEBUG main            d.u.i.k.p.i.KeYFile       Read specifications obtained when parsing the Java files (usually JML and Strings.key) from file:/home/runner/work/key/key/key.core/build/resources/main/de/uka/ilkd/key/proof/rules/wdGeneralRules.key 
3130       DEBUG main            d.u.i.k.p.i.KeYFile       Reading KeY file file:/home/runner/work/key/key/key.core/build/resources/main/de/uka/ilkd/key/proof/rules/wdNumericalRules.key 
3130       DEBUG main            d.u.i.k.p.i.KeYFile       Read specifications obtained when parsing the Java files (usually JML and Strings.key) from file:/home/runner/work/key/key/key.core/build/resources/main/de/uka/ilkd/key/proof/rules/wdNumericalRules.key 
3180       DEBUG main            d.u.i.k.p.i.KeYFile       Reading KeY file file:/home/runner/work/key/key/key.core/build/resources/main/de/uka/ilkd/key/proof/rules/wdLocSetRules.key 
3180       DEBUG main            d.u.i.k.p.i.KeYFile       Read specifications obtained when parsing the Java files (usually JML and Strings.key) from file:/home/runner/work/key/key/key.core/build/resources/main/de/uka/ilkd/key/proof/rules/wdLocSetRules.key 
3185       DEBUG main            d.u.i.k.p.i.KeYFile       Reading KeY file file:/home/runner/work/key/key/key.core/build/resources/main/de/uka/ilkd/key/proof/rules/wdHeapRules.key 
3185       DEBUG main            d.u.i.k.p.i.KeYFile       Read specifications obtained when parsing the Java files (usually JML and Strings.key) from file:/home/runner/work/key/key/key.core/build/resources/main/de/uka/ilkd/key/proof/rules/wdHeapRules.key 
3188       DEBUG main            d.u.i.k.p.i.KeYFile       Reading KeY file file:/home/runner/work/key/key/key.core/build/resources/main/de/uka/ilkd/key/proof/rules/wdReachRules.key 
3188       DEBUG main            d.u.i.k.p.i.KeYFile       Read specifications obtained when parsing the Java files (usually JML and Strings.key) from file:/home/runner/work/key/key/key.core/build/resources/main/de/uka/ilkd/key/proof/rules/wdReachRules.key 
3190       DEBUG main            d.u.i.k.p.i.KeYFile       Reading KeY file file:/home/runner/work/key/key/key.core/build/resources/main/de/uka/ilkd/key/proof/rules/wdSeqRules.key 
3190       DEBUG main            d.u.i.k.p.i.KeYFile       Read specifications obtained when parsing the Java files (usually JML and Strings.key) from file:/home/runner/work/key/key/key.core/build/resources/main/de/uka/ilkd/key/proof/rules/wdSeqRules.key 
3194       DEBUG main            d.u.i.k.p.i.KeYFile       Reading KeY file file:/home/runner/work/key/key/key.core/build/resources/main/de/uka/ilkd/key/proof/rules/wdStringRules.key 
3194       DEBUG main            d.u.i.k.p.i.KeYFile       Read specifications obtained when parsing the Java files (usually JML and Strings.key) from file:/home/runner/work/key/key/key.core/build/resources/main/de/uka/ilkd/key/proof/rules/wdStringRules.key 
3196       DEBUG main            d.u.i.k.p.i.KeYFile       Reading KeY file file:/home/runner/work/key/key/key.core/build/resources/main/de/uka/ilkd/key/proof/rules/wdRegExRules.key 
3196       DEBUG main            d.u.i.k.p.i.KeYFile       Read specifications obtained when parsing the Java files (usually JML and Strings.key) from file:/home/runner/work/key/key/key.core/build/resources/main/de/uka/ilkd/key/proof/rules/wdRegExRules.key 
3204       DEBUG main            d.u.i.k.p.i.KeYFile       Reading KeY file file:/home/runner/work/key/key/key.core/build/resources/main/de/uka/ilkd/key/proof/rules/wdFormulaRules.key 
3204       DEBUG main            d.u.i.k.p.i.KeYFile       Read specifications obtained when parsing the Java files (usually JML and Strings.key) from file:/home/runner/work/key/key/key.core/build/resources/main/de/uka/ilkd/key/proof/rules/wdFormulaRules.key 
3211       DEBUG main            d.u.i.k.p.i.KeYFile       Reading KeY file file:/home/runner/work/key/key/key.core/build/resources/main/de/uka/ilkd/key/proof/rules/wd.key 
3211       DEBUG main            d.u.i.k.p.i.KeYFile       Read specifications obtained when parsing the Java files (usually JML and Strings.key) from file:/home/runner/work/key/key/key.core/build/resources/main/de/uka/ilkd/key/proof/rules/wd.key 
3212       DEBUG main            d.u.i.k.p.i.KeYFile       Reading KeY file file:/home/runner/work/key/key/key.core/build/resources/main/de/uka/ilkd/key/proof/rules/loopInvariantRules.key 
3213       DEBUG main            d.u.i.k.p.i.KeYFile       Read specifications obtained when parsing the Java files (usually JML and Strings.key) from file:/home/runner/work/key/key/key.core/build/resources/main/de/uka/ilkd/key/proof/rules/loopInvariantRules.key 
3214       DEBUG main            d.u.i.k.p.i.KeYFile       Reading KeY file file:/home/runner/work/key/key/key.core/build/resources/main/de/uka/ilkd/key/proof/rules/forLoopRules.key 
3214       DEBUG main            d.u.i.k.p.i.KeYFile       Read specifications obtained when parsing the Java files (usually JML and Strings.key) from file:/home/runner/work/key/key/key.core/build/resources/main/de/uka/ilkd/key/proof/rules/forLoopRules.key 
3219       DEBUG main            d.u.i.k.p.i.KeYFile       Reading KeY file file:/home/runner/work/key/key/key.core/build/resources/main/de/uka/ilkd/key/proof/rules/execRules.key 
3219       DEBUG main            d.u.i.k.p.i.KeYFile       Read specifications obtained when parsing the Java files (usually JML and Strings.key) from file:/home/runner/work/key/key/key.core/build/resources/main/de/uka/ilkd/key/proof/rules/execRules.key 
3276       DEBUG main            d.u.i.k.p.i.KeYFile       Reading KeY file file:/home/runner/work/key/key/key.core/build/resources/main/de/uka/ilkd/key/proof/rules/loopScopeRules.key 
3276       DEBUG main            d.u.i.k.p.i.KeYFile       Read specifications obtained when parsing the Java files (usually JML and Strings.key) from file:/home/runner/work/key/key/key.core/build/resources/main/de/uka/ilkd/key/proof/rules/loopScopeRules.key 
3293       DEBUG main            d.u.i.k.p.i.KeYFile       Reading KeY file file:/home/runner/work/key/key/key.core/build/resources/main/de/uka/ilkd/key/proof/rules/standardRules.key 
3294       DEBUG main            d.u.i.k.p.i.KeYFile       Read specifications obtained when parsing the Java files (usually JML and Strings.key) from file:/home/runner/work/key/key/key.core/build/resources/main/de/uka/ilkd/key/proof/rules/standardRules.key 
5932       DEBUG main            d.u.i.k.j.r.ClassPreparationMethodBuilder clPrepBuilder: Inner Class detected. Reject building class initialisation methods. 
5998       DEBUG main            d.u.i.k.j.Recoder2KeY     converting now /home/runner/work/key/key/key.core/../key.ui/examples/InformationFlow/NewObjects/src/object/Naumann.java 
6004       DEBUG main            d.u.i.k.j.Recoder2KeY     converting now /home/runner/work/key/key/key.core/../key.ui/examples/InformationFlow/NewObjects/src/object/AmtoftBanerjee.java 
6007       DEBUG main            d.u.i.k.j.Recoder2KeY     converting now /home/runner/work/key/key/key.core/../key.ui/examples/InformationFlow/NewObjects/src/object/AmtoftBanerjee2.java 
6009       DEBUG main            d.u.i.k.j.Recoder2KeY     converting now /home/runner/work/key/key/key.core/../key.ui/examples/InformationFlow/NewObjects/src/object/ObjectOrientation.java 
6012       DEBUG main            d.u.i.k.j.Recoder2KeY     converting now /home/runner/work/key/key/key.core/../key.ui/examples/InformationFlow/NewObjects/src/object/AmtoftBanerjee3.java 
6041       DEBUG main            d.u.i.k.s.TermLabelSettings TermLabelSettings: Failure while reading the setting "UseOriginLabels".Using the default value: true.The string read was: null 
6042       DEBUG main            d.u.i.k.p.i.KeYFile       Reading KeY file /home/runner/work/key/key/key.core/../key.ui/examples/InformationFlow/NewObjects/object.AmtoftBanerjee3(object.AmtoftBanerjee3__m()).Non-interference contract.0.m.key 
6077       DEBUG main            d.u.i.k.p.i.KeYFile       Reading KeY file file:/home/runner/work/key/key/key.core/build/resources/main/de/uka/ilkd/key/java/JavaRedux/java/lang/String.key 
6083       DEBUG main            d.u.i.k.p.i.KeYFile       Read specifications obtained when parsing the Java files (usually JML and Strings.key) from file:/home/runner/work/key/key/key.core/build/resources/main/de/uka/ilkd/key/java/JavaRedux/java/lang/String.key 
8399       DEBUG main            d.u.i.k.p.i.KeYFile       Read specifications obtained when parsing the Java files (usually JML and Strings.key) from /home/runner/work/key/key/key.core/../key.ui/examples/InformationFlow/NewObjects/object.AmtoftBanerjee3(object.AmtoftBanerjee3__m()).Non-interference contract.0.m.key 
8646       DEBUG main            d.u.i.k.m.s.ProofScriptEngine 1: 'macro 'infflow-autopilot'' 
8986       DEBUG main            d.u.i.k.p.m.ProofCorrectnessMgt No justification found for rule Class_invariant_axiom_for_object_AmtoftBanerjee3 
9045       DEBUG main            d.u.i.k.j.TypeConverter   typeconverter: (prefix this;, class class de.uka.ilkd.key.java.reference.ThisReference) 
9073       DEBUG main            d.u.i.k.j.TypeConverter   typeconverter: (prefix this;, class class de.uka.ilkd.key.java.reference.ThisReference) 
9103       DEBUG main            d.u.i.k.j.TypeConverter   typeconverter: (prefix this;, class class de.uka.ilkd.key.java.reference.ThisReference) 
9466       INFO  main            d.u.i.k.p.r.p.TestFile    ... finished proof: closed. 
9586       DEBUG main            d.u.i.k.s.TermLabelSettings TermLabelSettings: Failure while reading the setting "UseOriginLabels".Using the default value: true.The string read was: null 
9586       INFO  main            d.u.i.k.p.r.p.TestFile    Now processing file /home/runner/work/key/key/key.core/../key.ui/examples/InformationFlow/NewObjects/object.AmtoftBanerjee(object.AmtoftBanerjee__m_2()).Non-interference contract.0.m.key 
10601      DEBUG main            d.u.i.k.j.r.ClassPreparationMethodBuilder clPrepBuilder: Inner Class detected. Reject building class initialisation methods. 
10662      DEBUG main            d.u.i.k.j.Recoder2KeY     converting now /home/runner/work/key/key/key.core/../key.ui/examples/InformationFlow/NewObjects/src/object/Naumann.java 
10665      DEBUG main            d.u.i.k.j.Recoder2KeY     converting now /home/runner/work/key/key/key.core/../key.ui/examples/InformationFlow/NewObjects/src/object/AmtoftBanerjee.java 
10668      DEBUG main            d.u.i.k.j.Recoder2KeY     converting now /home/runner/work/key/key/key.core/../key.ui/examples/InformationFlow/NewObjects/src/object/AmtoftBanerjee2.java 
10670      DEBUG main            d.u.i.k.j.Recoder2KeY     converting now /home/runner/work/key/key/key.core/../key.ui/examples/InformationFlow/NewObjects/src/object/ObjectOrientation.java 
10673      DEBUG main            d.u.i.k.j.Recoder2KeY     converting now /home/runner/work/key/key/key.core/../key.ui/examples/InformationFlow/NewObjects/src/object/AmtoftBanerjee3.java 
10680      DEBUG main            d.u.i.k.s.TermLabelSettings TermLabelSettings: Failure while reading the setting "UseOriginLabels".Using the default value: true.The string read was: null 
10680      DEBUG main            d.u.i.k.p.i.KeYFile       Reading KeY file /home/runner/work/key/key/key.core/../key.ui/examples/InformationFlow/NewObjects/object.AmtoftBanerjee(object.AmtoftBanerjee__m_2()).Non-interference contract.0.m.key 
10681      DEBUG main            d.u.i.k.p.i.KeYFile       Reading KeY file file:/home/runner/work/key/key/key.core/build/resources/main/de/uka/ilkd/key/java/JavaRedux/java/lang/String.key 
10684      DEBUG main            d.u.i.k.p.i.KeYFile       Read specifications obtained when parsing the Java files (usually JML and Strings.key) from file:/home/runner/work/key/key/key.core/build/resources/main/de/uka/ilkd/key/java/JavaRedux/java/lang/String.key 
12656      DEBUG main            d.u.i.k.p.i.KeYFile       Read specifications obtained when parsing the Java files (usually JML and Strings.key) from /home/runner/work/key/key/key.core/../key.ui/examples/InformationFlow/NewObjects/object.AmtoftBanerjee(object.AmtoftBanerjee__m_2()).Non-interference contract.0.m.key 
12723      DEBUG main            d.u.i.k.m.s.ProofScriptEngine 1: 'macro 'infflow-autopilot'' 
12773      DEBUG main            d.u.i.k.r.m.MethodCall    method-call: called for AmtoftBanerjee.<createObject>(); 
12773      DEBUG main            d.u.i.k.r.m.MethodCall    method-call: invocation of static method detected 
12780      DEBUG main            d.u.i.k.r.m.MethodCall    method-call: called for AmtoftBanerjee.<allocate>(); 
12780      DEBUG main            d.u.i.k.r.m.MethodCall    method-call: invocation of static method detected 
12797      DEBUG main            d.u.i.k.j.TypeConverter   typeconverter: (prefix this;, class class de.uka.ilkd.key.java.reference.ThisReference) 
12802      DEBUG main            d.u.i.k.r.m.MethodCall    method-call: called for <prepareEnter>(); 
12803      DEBUG main            d.u.i.k.r.m.MethodCall    method-call: invocation of private method detected.Requires static resolving. 
12807      DEBUG main            d.u.i.k.r.m.MethodCall    method-call: called for super.<prepare>(); 
12807      DEBUG main            d.u.i.k.r.m.MethodCall    method-call: super invocation of method detected.Requires static resolving. 
12817      DEBUG main            d.u.i.k.j.TypeConverter   typeconverter: (prefix this;, class class de.uka.ilkd.key.java.reference.ThisReference) 
12842      DEBUG main            d.u.i.k.r.m.MethodCall    method-call: called for super.<init>(); 
12842      DEBUG main            d.u.i.k.r.m.MethodCall    method-call: super invocation of method detected.Requires static resolving. 
12868      DEBUG main            d.u.i.k.r.m.MethodCall    method-call: called for AmtoftBanerjee.<createObject>(); 
12868      DEBUG main            d.u.i.k.r.m.MethodCall    method-call: invocation of static method detected 
12875      DEBUG main            d.u.i.k.r.m.MethodCall    method-call: called for AmtoftBanerjee.<allocate>(); 
12876      DEBUG main            d.u.i.k.r.m.MethodCall    method-call: invocation of static method detected 
12912      DEBUG main            d.u.i.k.j.TypeConverter   typeconverter: (prefix this;, class class de.uka.ilkd.key.java.reference.ThisReference) 
12919      DEBUG main            d.u.i.k.r.m.MethodCall    method-call: called for <prepareEnter>(); 
12919      DEBUG main            d.u.i.k.r.m.MethodCall    method-call: invocation of private method detected.Requires static resolving. 
12924      DEBUG main            d.u.i.k.r.m.MethodCall    method-call: called for super.<prepare>(); 
12925      DEBUG main            d.u.i.k.r.m.MethodCall    method-call: super invocation of method detected.Requires static resolving. 
12932      DEBUG main            d.u.i.k.j.TypeConverter   typeconverter: (prefix this;, class class de.uka.ilkd.key.java.reference.ThisReference) 
12959      DEBUG main            d.u.i.k.r.m.MethodCall    method-call: called for super.<init>(); 
12959      DEBUG main            d.u.i.k.r.m.MethodCall    method-call: super invocation of method detected.Requires static resolving. 
12978      DEBUG main            d.u.i.k.l.o.ProgramSV     taclet: Stopped list matching because of incompatible elements #selist (program SimpleExpression) secret; 
12994      DEBUG main            d.u.i.k.j.TypeConverter   TypeConverter: FieldReference: secret; 
13030      DEBUG main            d.u.i.k.r.m.MethodCall    method-call: called for var.setQ(var_1); 
13030      DEBUG main            d.u.i.k.r.m.MethodCall    method-call: invocation of non-private instance method detected.Requires dynamic resolving. 
13045      DEBUG main            d.u.i.k.j.TypeConverter   typeconverter: (prefix this;, class class de.uka.ilkd.key.java.reference.ThisReference) 
13140      DEBUG main            d.u.i.k.j.TypeConverter   TypeConverter: FieldReference: z; 
13156      DEBUG main            d.u.i.k.p.m.ProofCorrectnessMgt No justification found for rule Class_invariant_axiom_for_object_AmtoftBanerjee 
13157      DEBUG main            d.u.i.k.p.m.ProofCorrectnessMgt No justification found for rule Class_invariant_axiom_for_object_AmtoftBanerjee 
13229      DEBUG main            d.u.i.k.p.m.ProofCorrectnessMgt No justification found for rule Class_invariant_axiom_for_object_AmtoftBanerjee 
13664      INFO  main            d.u.i.k.p.r.p.TestFile    ... finished proof: closed. 
13864      DEBUG main            d.u.i.k.s.TermLabelSettings TermLabelSettings: Failure while reading the setting "UseOriginLabels".Using the default value: true.The string read was: null 
13864      INFO  main            d.u.i.k.p.r.p.TestFile    Now processing file /home/runner/work/key/key/key.core/../key.ui/examples/InformationFlow/NewObjects/object.AmtoftBanerjee(object.AmtoftBanerjee__m_1()).Non-interference contract.1.m.key 
14795      DEBUG main            d.u.i.k.j.r.ClassPreparationMethodBuilder clPrepBuilder: Inner Class detected. Reject building class initialisation methods. 
14854      DEBUG main            d.u.i.k.j.Recoder2KeY     converting now /home/runner/work/key/key/key.core/../key.ui/examples/InformationFlow/NewObjects/src/object/Naumann.java 
14857      DEBUG main            d.u.i.k.j.Recoder2KeY     converting now /home/runner/work/key/key/key.core/../key.ui/examples/InformationFlow/NewObjects/src/object/AmtoftBanerjee.java 
14859      DEBUG main            d.u.i.k.j.Recoder2KeY     converting now /home/runner/work/key/key/key.core/../key.ui/examples/InformationFlow/NewObjects/src/object/AmtoftBanerjee2.java 
14860      DEBUG main            d.u.i.k.j.Recoder2KeY     converting now /home/runner/work/key/key/key.core/../key.ui/examples/InformationFlow/NewObjects/src/object/ObjectOrientation.java 
14862      DEBUG main            d.u.i.k.j.Recoder2KeY     converting now /home/runner/work/key/key/key.core/../key.ui/examples/InformationFlow/NewObjects/src/object/AmtoftBanerjee3.java 
14868      DEBUG main            d.u.i.k.s.TermLabelSettings TermLabelSettings: Failure while reading the setting "UseOriginLabels".Using the default value: true.The string read was: null 
14868      DEBUG main            d.u.i.k.p.i.KeYFile       Reading KeY file /home/runner/work/key/key/key.core/../key.ui/examples/InformationFlow/NewObjects/object.AmtoftBanerjee(object.AmtoftBanerjee__m_1()).Non-interference contract.1.m.key 
14869      DEBUG main            d.u.i.k.p.i.KeYFile       Reading KeY file file:/home/runner/work/key/key/key.core/build/resources/main/de/uka/ilkd/key/java/JavaRedux/java/lang/String.key 
14872      DEBUG main            d.u.i.k.p.i.KeYFile       Read specifications obtained when parsing the Java files (usually JML and Strings.key) from file:/home/runner/work/key/key/key.core/build/resources/main/de/uka/ilkd/key/java/JavaRedux/java/lang/String.key 
16784      DEBUG main            d.u.i.k.p.i.KeYFile       Read specifications obtained when parsing the Java files (usually JML and Strings.key) from /home/runner/work/key/key/key.core/../key.ui/examples/InformationFlow/NewObjects/object.AmtoftBanerjee(object.AmtoftBanerjee__m_1()).Non-interference contract.1.m.key 
16838      DEBUG main            d.u.i.k.m.s.ProofScriptEngine 1: 'macro 'infflow-autopilot'' 
16881      DEBUG main            d.u.i.k.r.m.MethodCall    method-call: called for AmtoftBanerjee.<createObject>(); 
16881      DEBUG main            d.u.i.k.r.m.MethodCall    method-call: invocation of static method detected 
16885      DEBUG main            d.u.i.k.r.m.MethodCall    method-call: called for AmtoftBanerjee.<allocate>(); 
16885      DEBUG main            d.u.i.k.r.m.MethodCall    method-call: invocation of static method detected 
16898      DEBUG main            d.u.i.k.j.TypeConverter   typeconverter: (prefix this;, class class de.uka.ilkd.key.java.reference.ThisReference) 
16901      DEBUG main            d.u.i.k.r.m.MethodCall    method-call: called for <prepareEnter>(); 
16901      DEBUG main            d.u.i.k.r.m.MethodCall    method-call: invocation of private method detected.Requires static resolving. 
16904      DEBUG main            d.u.i.k.r.m.MethodCall    method-call: called for super.<prepare>(); 
16905      DEBUG main            d.u.i.k.r.m.MethodCall    method-call: super invocation of method detected.Requires static resolving. 
16909      DEBUG main            d.u.i.k.j.TypeConverter   typeconverter: (prefix this;, class class de.uka.ilkd.key.java.reference.ThisReference) 
16924      DEBUG main            d.u.i.k.r.m.MethodCall    method-call: called for super.<init>(); 
16924      DEBUG main            d.u.i.k.r.m.MethodCall    method-call: super invocation of method detected.Requires static resolving. 
16938      DEBUG main            d.u.i.k.l.o.ProgramSV     taclet: Stopped list matching because of incompatible elements #selist (program SimpleExpression) secret; 
16947      DEBUG main            d.u.i.k.j.TypeConverter   TypeConverter: FieldReference: secret; 
16960      DEBUG main            d.u.i.k.r.m.MethodCall    method-call: called for var.setQ(var_1); 
16960      DEBUG main            d.u.i.k.r.m.MethodCall    method-call: invocation of non-private instance method detected.Requires dynamic resolving. 
16969      DEBUG main            d.u.i.k.j.TypeConverter   typeconverter: (prefix this;, class class de.uka.ilkd.key.java.reference.ThisReference) 
17028      DEBUG main            d.u.i.k.j.TypeConverter   TypeConverter: FieldReference: z; 
17037      DEBUG main            d.u.i.k.p.m.ProofCorrectnessMgt No justification found for rule Class_invariant_axiom_for_object_AmtoftBanerjee 
17037      DEBUG main            d.u.i.k.p.m.ProofCorrectnessMgt No justification found for rule Class_invariant_axiom_for_object_AmtoftBanerjee 
17065      DEBUG main            d.u.i.k.p.m.ProofCorrectnessMgt No justification found for rule Class_invariant_axiom_for_object_AmtoftBanerjee 
17359      INFO  main            d.u.i.k.p.r.p.TestFile    ... finished proof: open goal(s) 
17509      DEBUG main            d.u.i.k.s.TermLabelSettings TermLabelSettings: Failure while reading the setting "UseOriginLabels".Using the default value: true.The string read was: null 
17509      INFO  main            d.u.i.k.p.r.p.TestFile    Now processing file /home/runner/work/key/key/key.core/../key.ui/examples/InformationFlow/NewObjects/object.AmtoftBanerjee(object.AmtoftBanerjee__m_1()).Non-interference contract.0.m.key 
18464      DEBUG main            d.u.i.k.j.r.ClassPreparationMethodBuilder clPrepBuilder: Inner Class detected. Reject building class initialisation methods. 
18520      DEBUG main            d.u.i.k.j.Recoder2KeY     converting now /home/runner/work/key/key/key.core/../key.ui/examples/InformationFlow/NewObjects/src/object/Naumann.java 
18523      DEBUG main            d.u.i.k.j.Recoder2KeY     converting now /home/runner/work/key/key/key.core/../key.ui/examples/InformationFlow/NewObjects/src/object/AmtoftBanerjee.java 
18525      DEBUG main            d.u.i.k.j.Recoder2KeY     converting now /home/runner/work/key/key/key.core/../key.ui/examples/InformationFlow/NewObjects/src/object/AmtoftBanerjee2.java 
18526      DEBUG main            d.u.i.k.j.Recoder2KeY     converting now /home/runner/work/key/key/key.core/../key.ui/examples/InformationFlow/NewObjects/src/object/ObjectOrientation.java 
18529      DEBUG main            d.u.i.k.j.Recoder2KeY     converting now /home/runner/work/key/key/key.core/../key.ui/examples/InformationFlow/NewObjects/src/object/AmtoftBanerjee3.java 
18535      DEBUG main            d.u.i.k.s.TermLabelSettings TermLabelSettings: Failure while reading the setting "UseOriginLabels".Using the default value: true.The string read was: null 
18537      DEBUG main            d.u.i.k.p.i.KeYFile       Reading KeY file /home/runner/work/key/key/key.core/../key.ui/examples/InformationFlow/NewObjects/object.AmtoftBanerjee(object.AmtoftBanerjee__m_1()).Non-interference contract.0.m.key 
18542      DEBUG main            d.u.i.k.p.i.KeYFile       Reading KeY file file:/home/runner/work/key/key/key.core/build/resources/main/de/uka/ilkd/key/java/JavaRedux/java/lang/String.key 
18546      DEBUG main            d.u.i.k.p.i.KeYFile       Read specifications obtained when parsing the Java files (usually JML and Strings.key) from file:/home/runner/work/key/key/key.core/build/resources/main/de/uka/ilkd/key/java/JavaRedux/java/lang/String.key 
20464      DEBUG main            d.u.i.k.p.i.KeYFile       Read specifications obtained when parsing the Java files (usually JML and Strings.key) from /home/runner/work/key/key/key.core/../key.ui/examples/InformationFlow/NewObjects/object.AmtoftBanerjee(object.AmtoftBanerjee__m_1()).Non-interference contract.0.m.key 
20516      DEBUG main            d.u.i.k.m.s.ProofScriptEngine 1: 'macro 'infflow-autopilot'' 
20554      DEBUG main            d.u.i.k.r.m.MethodCall    method-call: called for AmtoftBanerjee.<createObject>(); 
20555      DEBUG main            d.u.i.k.r.m.MethodCall    method-call: invocation of static method detected 
20559      DEBUG main            d.u.i.k.r.m.MethodCall    method-call: called for AmtoftBanerjee.<allocate>(); 
20559      DEBUG main            d.u.i.k.r.m.MethodCall    method-call: invocation of static method detected 
20570      DEBUG main            d.u.i.k.j.TypeConverter   typeconverter: (prefix this;, class class de.uka.ilkd.key.java.reference.ThisReference) 
20574      DEBUG main            d.u.i.k.r.m.MethodCall    method-call: called for <prepareEnter>(); 
20574      DEBUG main            d.u.i.k.r.m.MethodCall    method-call: invocation of private method detected.Requires static resolving. 
20577      DEBUG main            d.u.i.k.r.m.MethodCall    method-call: called for super.<prepare>(); 
20577      DEBUG main            d.u.i.k.r.m.MethodCall    method-call: super invocation of method detected.Requires static resolving. 
20582      DEBUG main            d.u.i.k.j.TypeConverter   typeconverter: (prefix this;, class class de.uka.ilkd.key.java.reference.ThisReference) 
20596      DEBUG main            d.u.i.k.r.m.MethodCall    method-call: called for super.<init>(); 
20596      DEBUG main            d.u.i.k.r.m.MethodCall    method-call: super invocation of method detected.Requires static resolving. 
20609      DEBUG main            d.u.i.k.l.o.ProgramSV     taclet: Stopped list matching because of incompatible elements #selist (program SimpleExpression) secret; 
20617      DEBUG main            d.u.i.k.j.TypeConverter   TypeConverter: FieldReference: secret; 
20630      DEBUG main            d.u.i.k.r.m.MethodCall    method-call: called for var.setQ(var_1); 
20630      DEBUG main            d.u.i.k.r.m.MethodCall    method-call: invocation of non-private instance method detected.Requires dynamic resolving. 
20639      DEBUG main            d.u.i.k.j.TypeConverter   typeconverter: (prefix this;, class class de.uka.ilkd.key.java.reference.ThisReference) 
20680      DEBUG main            d.u.i.k.j.TypeConverter   TypeConverter: FieldReference: z; 
20688      DEBUG main            d.u.i.k.p.m.ProofCorrectnessMgt No justification found for rule Class_invariant_axiom_for_object_AmtoftBanerjee 
20689      DEBUG main            d.u.i.k.p.m.ProofCorrectnessMgt No justification found for rule Class_invariant_axiom_for_object_AmtoftBanerjee 
20715      DEBUG main            d.u.i.k.p.m.ProofCorrectnessMgt No justification found for rule Class_invariant_axiom_for_object_AmtoftBanerjee 
20911      INFO  main            d.u.i.k.p.r.p.TestFile    ... finished proof: closed. 
21079      DEBUG main            d.u.i.k.s.TermLabelSettings TermLabelSettings: Failure while reading the setting "UseOriginLabels".Using the default value: true.The string read was: null 
21079      INFO  main            d.u.i.k.p.r.p.TestFile    Now processing file /home/runner/work/key/key/key.core/../key.ui/examples/InformationFlow/NewObjects/object.AmtoftBanerjee(object.AmtoftBanerjee__getQ()).Non-interference contract.0.m.key 
21989      DEBUG main            d.u.i.k.j.r.ClassPreparationMethodBuilder clPrepBuilder: Inner Class detected. Reject building class initialisation methods. 
22038      DEBUG main            d.u.i.k.j.Recoder2KeY     converting now /home/runner/work/key/key/key.core/../key.ui/examples/InformationFlow/NewObjects/src/object/Naumann.java 
22041      DEBUG main            d.u.i.k.j.Recoder2KeY     converting now /home/runner/work/key/key/key.core/../key.ui/examples/InformationFlow/NewObjects/src/object/AmtoftBanerjee.java 
22042      DEBUG main            d.u.i.k.j.Recoder2KeY     converting now /home/runner/work/key/key/key.core/../key.ui/examples/InformationFlow/NewObjects/src/object/AmtoftBanerjee2.java 
22043      DEBUG main            d.u.i.k.j.Recoder2KeY     converting now /home/runner/work/key/key/key.core/../key.ui/examples/InformationFlow/NewObjects/src/object/ObjectOrientation.java 
22045      DEBUG main            d.u.i.k.j.Recoder2KeY     converting now /home/runner/work/key/key/key.core/../key.ui/examples/InformationFlow/NewObjects/src/object/AmtoftBanerjee3.java 
22049      DEBUG main            d.u.i.k.s.TermLabelSettings TermLabelSettings: Failure while reading the setting "UseOriginLabels".Using the default value: true.The string read was: null 
22049      DEBUG main            d.u.i.k.p.i.KeYFile       Reading KeY file /home/runner/work/key/key/key.core/../key.ui/examples/InformationFlow/NewObjects/object.AmtoftBanerjee(object.AmtoftBanerjee__getQ()).Non-interference contract.0.m.key 
22050      DEBUG main            d.u.i.k.p.i.KeYFile       Reading KeY file file:/home/runner/work/key/key/key.core/build/resources/main/de/uka/ilkd/key/java/JavaRedux/java/lang/String.key 
22053      DEBUG main            d.u.i.k.p.i.KeYFile       Read specifications obtained when parsing the Java files (usually JML and Strings.key) from file:/home/runner/work/key/key/key.core/build/resources/main/de/uka/ilkd/key/java/JavaRedux/java/lang/String.key 
23918      DEBUG main            d.u.i.k.p.i.KeYFile       Read specifications obtained when parsing the Java files (usually JML and Strings.key) from /home/runner/work/key/key/key.core/../key.ui/examples/InformationFlow/NewObjects/object.AmtoftBanerjee(object.AmtoftBanerjee__getQ()).Non-interference contract.0.m.key 
23968      DEBUG main            d.u.i.k.m.s.ProofScriptEngine 1: 'macro 'infflow-autopilot'' 
24005      DEBUG main            d.u.i.k.p.m.ProofCorrectnessMgt No justification found for rule Class_invariant_axiom_for_object_AmtoftBanerjee 
24009      DEBUG main            d.u.i.k.j.TypeConverter   typeconverter: (prefix this;, class class de.uka.ilkd.key.java.reference.ThisReference) 
24079      INFO  main            d.u.i.k.p.r.p.TestFile    ... finished proof: closed. 
24205      DEBUG main            d.u.i.k.s.TermLabelSettings TermLabelSettings: Failure while reading the setting "UseOriginLabels".Using the default value: true.The string read was: null 
24205      INFO  main            d.u.i.k.p.r.p.TestFile    Now processing file /home/runner/work/key/key/key.core/../key.ui/examples/InformationFlow/NewObjects/object.Naumann(object.Naumann__Pair_m(int,int)).Non-interference contract.0.m.key 
25088      DEBUG main            d.u.i.k.j.r.ClassPreparationMethodBuilder clPrepBuilder: Inner Class detected. Reject building class initialisation methods. 
25157      DEBUG main            d.u.i.k.j.Recoder2KeY     converting now /home/runner/work/key/key/key.core/../key.ui/examples/InformationFlow/NewObjects/src/object/Naumann.java 
25159      DEBUG main            d.u.i.k.j.Recoder2KeY     converting now /home/runner/work/key/key/key.core/../key.ui/examples/InformationFlow/NewObjects/src/object/AmtoftBanerjee.java 
25162      DEBUG main            d.u.i.k.j.Recoder2KeY     converting now /home/runner/work/key/key/key.core/../key.ui/examples/InformationFlow/NewObjects/src/object/AmtoftBanerjee2.java 
25163      DEBUG main            d.u.i.k.j.Recoder2KeY     converting now /home/runner/work/key/key/key.core/../key.ui/examples/InformationFlow/NewObjects/src/object/ObjectOrientation.java 
25165      DEBUG main            d.u.i.k.j.Recoder2KeY     converting now /home/runner/work/key/key/key.core/../key.ui/examples/InformationFlow/NewObjects/src/object/AmtoftBanerjee3.java 
25169      DEBUG main            d.u.i.k.s.TermLabelSettings TermLabelSettings: Failure while reading the setting "UseOriginLabels".Using the default value: true.The string read was: null 
25169      DEBUG main            d.u.i.k.p.i.KeYFile       Reading KeY file /home/runner/work/key/key/key.core/../key.ui/examples/InformationFlow/NewObjects/object.Naumann(object.Naumann__Pair_m(int,int)).Non-interference contract.0.m.key 
25170      DEBUG main            d.u.i.k.p.i.KeYFile       Reading KeY file file:/home/runner/work/key/key/key.core/build/resources/main/de/uka/ilkd/key/java/JavaRedux/java/lang/String.key 
25173      DEBUG main            d.u.i.k.p.i.KeYFile       Read specifications obtained when parsing the Java files (usually JML and Strings.key) from file:/home/runner/work/key/key/key.core/build/resources/main/de/uka/ilkd/key/java/JavaRedux/java/lang/String.key 
27041      DEBUG main            d.u.i.k.p.i.KeYFile       Read specifications obtained when parsing the Java files (usually JML and Strings.key) from /home/runner/work/key/key/key.core/../key.ui/examples/InformationFlow/NewObjects/object.Naumann(object.Naumann__Pair_m(int,int)).Non-interference contract.0.m.key 
27094      DEBUG main            d.u.i.k.m.s.ProofScriptEngine 1: 'macro 'infflow-autopilot'' 
27241      DEBUG main            d.u.i.k.r.m.WhileLoopTransformation While-Loop-Tranform-Result: try {
  {
    if (i < 10) {
      this.m_result[i] = new Node();
      this.m_result[i].val = _x;
      i++;
    }
  }
} catch (java.lang.Throwable e#17) {
  exc#16 = true;
  thrownExc#18 = e#17;
} 
28160      DEBUG main            d.u.i.k.j.TypeConverter   typeconverter: (prefix this;, class class de.uka.ilkd.key.java.reference.ThisReference) 
28183      DEBUG main            d.u.i.k.j.TypeConverter   typeconverter: (prefix this;, class class de.uka.ilkd.key.java.reference.ThisReference) 
29309      DEBUG main            d.u.i.k.r.m.MethodCall    method-call: called for Node.<createObject>(); 
29310      DEBUG main            d.u.i.k.r.m.MethodCall    method-call: invocation of static method detected 
29322      DEBUG main            d.u.i.k.r.m.MethodCall    method-call: called for Node.<createObject>(); 
29322      DEBUG main            d.u.i.k.r.m.MethodCall    method-call: invocation of static method detected 
29335      DEBUG main            d.u.i.k.r.m.MethodCall    method-call: called for Node.<allocate>(); 
29335      DEBUG main            d.u.i.k.r.m.MethodCall    method-call: invocation of static method detected 
29341      DEBUG main            d.u.i.k.r.m.MethodCall    method-call: called for Node.<allocate>(); 
29341      DEBUG main            d.u.i.k.r.m.MethodCall    method-call: invocation of static method detected 
29367      DEBUG main            d.u.i.k.j.TypeConverter   typeconverter: (prefix this;, class class de.uka.ilkd.key.java.reference.ThisReference) 
29394      DEBUG main            d.u.i.k.j.TypeConverter   typeconverter: (prefix this;, class class de.uka.ilkd.key.java.reference.ThisReference) 
29402      DEBUG main            d.u.i.k.r.m.MethodCall    method-call: called for <prepareEnter>(); 
29402      DEBUG main            d.u.i.k.r.m.MethodCall    method-call: invocation of private method detected.Requires static resolving. 
29411      DEBUG main            d.u.i.k.r.m.MethodCall    method-call: called for <prepareEnter>(); 
29411      DEBUG main            d.u.i.k.r.m.MethodCall    method-call: invocation of private method detected.Requires static resolving. 
29421      DEBUG main            d.u.i.k.r.m.MethodCall    method-call: called for super.<prepare>(); 
29421      DEBUG main            d.u.i.k.r.m.MethodCall    method-call: super invocation of method detected.Requires static resolving. 
29432      DEBUG main            d.u.i.k.j.TypeConverter   typeconverter: (prefix this;, class class de.uka.ilkd.key.java.reference.ThisReference) 
29475      DEBUG main            d.u.i.k.j.TypeConverter   typeconverter: (prefix this;, class class de.uka.ilkd.key.java.reference.ThisReference) 
29484      DEBUG main            d.u.i.k.r.m.MethodCall    method-call: called for super.<prepare>(); 
29484      DEBUG main            d.u.i.k.r.m.MethodCall    method-call: super invocation of method detected.Requires static resolving. 
29495      DEBUG main            d.u.i.k.j.TypeConverter   typeconverter: (prefix this;, class class de.uka.ilkd.key.java.reference.ThisReference) 
29536      DEBUG main            d.u.i.k.j.TypeConverter   typeconverter: (prefix this;, class class de.uka.ilkd.key.java.reference.ThisReference) 
29545      DEBUG main            d.u.i.k.r.m.MethodCall    method-call: called for super.<init>(); 
29545      DEBUG main            d.u.i.k.r.m.MethodCall    method-call: super invocation of method detected.Requires static resolving. 
29621      DEBUG main            d.u.i.k.j.TypeConverter   typeconverter: (prefix this;, class class de.uka.ilkd.key.java.reference.ThisReference) 
29725      DEBUG main            d.u.i.k.j.TypeConverter   typeconverter: (prefix this;, class class de.uka.ilkd.key.java.reference.ThisReference) 
29839      DEBUG main            d.u.i.k.r.m.MethodCall    method-call: called for object.Naumann.Node[].<createArray>(dim0); 
29839      DEBUG main            d.u.i.k.r.m.MethodCall    method-call: invocation of static method detected 
29849      DEBUG main            d.u.i.k.r.m.MethodCall    method-call: called for object.Naumann.Node[].<createArray>(dim0_1); 
29850      DEBUG main            d.u.i.k.r.m.MethodCall    method-call: invocation of static method detected 
29860      DEBUG main            d.u.i.k.r.m.MethodCall    method-call: called for object.Naumann.Node[].<allocate>(length_1); 
29860      DEBUG main            d.u.i.k.r.m.MethodCall    method-call: invocation of static method detected 
29867      DEBUG main            d.u.i.k.r.m.MethodCall    method-call: called for object.Naumann.Node[].<allocate>(length_2); 
29867      DEBUG main            d.u.i.k.r.m.MethodCall    method-call: invocation of static method detected 
29907      DEBUG main            d.u.i.k.r.m.MethodCall    method-call: called for newObject.<createArrayHelper>(); 
29907      DEBUG main            d.u.i.k.r.m.MethodCall    method-call: invocation of private method detected.Requires static resolving. 
29913      DEBUG main            d.u.i.k.j.TypeConverter   typeconverter: (prefix this;, class class de.uka.ilkd.key.java.reference.ThisReference) 
29918      DEBUG main            d.u.i.k.r.m.MethodCall    method-call: called for newObject_1.<createArrayHelper>(); 
29918      DEBUG main            d.u.i.k.r.m.MethodCall    method-call: invocation of private method detected.Requires static resolving. 
29923      DEBUG main            d.u.i.k.j.TypeConverter   typeconverter: (prefix this;, class class de.uka.ilkd.key.java.reference.ThisReference) 
29928      DEBUG main            d.u.i.k.r.m.MethodCall    method-call: called for <prepare>(); 
29928      DEBUG main            d.u.i.k.r.m.MethodCall    method-call: invocation of private method detected.Requires static resolving. 
29945      DEBUG main            d.u.i.k.j.TypeConverter   typeconverter: (prefix this;, class class de.uka.ilkd.key.java.reference.ThisReference) 
29965      DEBUG main            d.u.i.k.j.TypeConverter   typeconverter: (prefix this;, class class de.uka.ilkd.key.java.reference.ThisReference) 
30018      DEBUG main            d.u.i.k.r.m.MethodCall    method-call: called for <prepare>(); 
30018      DEBUG main            d.u.i.k.r.m.MethodCall    method-call: invocation of private method detected.Requires static resolving. 
30035      DEBUG main            d.u.i.k.j.TypeConverter   typeconverter: (prefix this;, class class de.uka.ilkd.key.java.reference.ThisReference) 
30133      DEBUG main            d.u.i.k.r.m.MethodCall    method-call: called for object.Naumann.Node[].<createArray>(dim0); 
30133      DEBUG main            d.u.i.k.r.m.MethodCall    method-call: invocation of static method detected 
30142      DEBUG main            d.u.i.k.r.m.MethodCall    method-call: called for object.Naumann.Node[].<createArray>(dim0_1); 
30143      DEBUG main            d.u.i.k.r.m.MethodCall    method-call: invocation of static method detected 
30152      DEBUG main            d.u.i.k.r.m.MethodCall    method-call: called for object.Naumann.Node[].<allocate>(length_1); 
30152      DEBUG main            d.u.i.k.r.m.MethodCall    method-call: invocation of static method detected 
30159      DEBUG main            d.u.i.k.r.m.MethodCall    method-call: called for object.Naumann.Node[].<allocate>(length_2); 
30159      DEBUG main            d.u.i.k.r.m.MethodCall    method-call: invocation of static method detected 
30200      DEBUG main            d.u.i.k.r.m.MethodCall    method-call: called for newObject.<createArrayHelper>(); 
30200      DEBUG main            d.u.i.k.r.m.MethodCall    method-call: invocation of private method detected.Requires static resolving. 
30205      DEBUG main            d.u.i.k.j.TypeConverter   typeconverter: (prefix this;, class class de.uka.ilkd.key.java.reference.ThisReference) 
30211      DEBUG main            d.u.i.k.r.m.MethodCall    method-call: called for newObject_1.<createArrayHelper>(); 
30211      DEBUG main            d.u.i.k.r.m.MethodCall    method-call: invocation of private method detected.Requires static resolving. 
30216      DEBUG main            d.u.i.k.j.TypeConverter   typeconverter: (prefix this;, class class de.uka.ilkd.key.java.reference.ThisReference) 
30221      DEBUG main            d.u.i.k.r.m.MethodCall    method-call: called for <prepare>(); 
30221      DEBUG main            d.u.i.k.r.m.MethodCall    method-call: invocation of private method detected.Requires static resolving. 
30237      DEBUG main            d.u.i.k.j.TypeConverter   typeconverter: (prefix this;, class class de.uka.ilkd.key.java.reference.ThisReference) 
30258      DEBUG main            d.u.i.k.j.TypeConverter   typeconverter: (prefix this;, class class de.uka.ilkd.key.java.reference.ThisReference) 
30333      DEBUG main            d.u.i.k.r.m.MethodCall    method-call: called for object.Naumann.Node[].<createArray>(dim0); 
30334      DEBUG main            d.u.i.k.r.m.MethodCall    method-call: invocation of static method detected 
30342      DEBUG main            d.u.i.k.r.m.MethodCall    method-call: called for object.Naumann.Node[].<createArray>(dim0_1); 
30343      DEBUG main            d.u.i.k.r.m.MethodCall    method-call: invocation of static method detected 
30351      DEBUG main            d.u.i.k.r.m.MethodCall    method-call: called for object.Naumann.Node[].<allocate>(length_1); 
30352      DEBUG main            d.u.i.k.r.m.MethodCall    method-call: invocation of static method detected 
30358      DEBUG main            d.u.i.k.r.m.MethodCall    method-call: called for object.Naumann.Node[].<allocate>(length_2); 
30358      DEBUG main            d.u.i.k.r.m.MethodCall    method-call: invocation of static method detected 
30395      DEBUG main            d.u.i.k.r.m.MethodCall    method-call: called for newObject.<createArrayHelper>(); 
30395      DEBUG main            d.u.i.k.r.m.MethodCall    method-call: invocation of private method detected.Requires static resolving. 
30400      DEBUG main            d.u.i.k.j.TypeConverter   typeconverter: (prefix this;, class class de.uka.ilkd.key.java.reference.ThisReference) 
30405      DEBUG main            d.u.i.k.r.m.MethodCall    method-call: called for newObject_1.<createArrayHelper>(); 
30405      DEBUG main            d.u.i.k.r.m.MethodCall    method-call: invocation of private method detected.Requires static resolving. 
30410      DEBUG main            d.u.i.k.j.TypeConverter   typeconverter: (prefix this;, class class de.uka.ilkd.key.java.reference.ThisReference) 
30414      DEBUG main            d.u.i.k.r.m.MethodCall    method-call: called for <prepare>(); 
30414      DEBUG main            d.u.i.k.r.m.MethodCall    method-call: invocation of private method detected.Requires static resolving. 
30431      DEBUG main            d.u.i.k.j.TypeConverter   typeconverter: (prefix this;, class class de.uka.ilkd.key.java.reference.ThisReference) 
30451      DEBUG main            d.u.i.k.j.TypeConverter   typeconverter: (prefix this;, class class de.uka.ilkd.key.java.reference.ThisReference) 
30470      DEBUG main            d.u.i.k.r.m.MethodCall    method-call: called for <prepare>(); 
30470      DEBUG main            d.u.i.k.r.m.MethodCall    method-call: invocation of private method detected.Requires static resolving. 
30486      DEBUG main            d.u.i.k.j.TypeConverter   typeconverter: (prefix this;, class class de.uka.ilkd.key.java.reference.ThisReference) 
30626      DEBUG main            d.u.i.k.j.TypeConverter   typeconverter: (prefix this;, class class de.uka.ilkd.key.java.reference.ThisReference) 
30653      DEBUG main            d.u.i.k.r.m.MethodCall    method-call: called for Node.<createObject>(); 
30653      DEBUG main            d.u.i.k.r.m.MethodCall    method-call: invocation of static method detected 
30658      DEBUG main            d.u.i.k.r.m.MethodCall    method-call: called for Node.<allocate>(); 
30658      DEBUG main            d.u.i.k.r.m.MethodCall    method-call: invocation of static method detected 
30672      DEBUG main            d.u.i.k.j.TypeConverter   typeconverter: (prefix this;, class class de.uka.ilkd.key.java.reference.ThisReference) 
30676      DEBUG main            d.u.i.k.r.m.MethodCall    method-call: called for <prepareEnter>(); 
30677      DEBUG main            d.u.i.k.r.m.MethodCall    method-call: invocation of private method detected.Requires static resolving. 
30680      DEBUG main            d.u.i.k.r.m.MethodCall    method-call: called for super.<prepare>(); 
30680      DEBUG main            d.u.i.k.r.m.MethodCall    method-call: super invocation of method detected.Requires static resolving. 
30725      DEBUG main            d.u.i.k.j.TypeConverter   typeconverter: (prefix this;, class class de.uka.ilkd.key.java.reference.ThisReference) 
30748      DEBUG main            d.u.i.k.j.TypeConverter   typeconverter: (prefix this;, class class de.uka.ilkd.key.java.reference.ThisReference) 
30753      DEBUG main            d.u.i.k.r.m.MethodCall    method-call: called for super.<init>(); 
30753      DEBUG main            d.u.i.k.r.m.MethodCall    method-call: super invocation of method detected.Requires static resolving. 
30781      DEBUG main            d.u.i.k.j.TypeConverter   typeconverter: (prefix this;, class class de.uka.ilkd.key.java.reference.ThisReference) 
37855      INFO  main            d.u.i.k.p.r.p.TestFile    ... finished proof: closed. 
38085      DEBUG main            d.u.i.k.s.TermLabelSettings TermLabelSettings: Failure while reading the setting "UseOriginLabels".Using the default value: true.The string read was: null 
38085      INFO  main            d.u.i.k.p.r.p.TestFile    Now processing file /home/runner/work/key/key/key.core/../key.ui/examples/InformationFlow/NewObjects/object.ObjectOrientation(object.ObjectOrientation__secure_while_i((Ljava.lang.Object)).Non-interference contract.0.m.key 
38968      DEBUG main            d.u.i.k.j.r.ClassPreparationMethodBuilder clPrepBuilder: Inner Class detected. Reject building class initialisation methods. 
39024      DEBUG main            d.u.i.k.j.Recoder2KeY     converting now /home/runner/work/key/key/key.core/../key.ui/examples/InformationFlow/NewObjects/src/object/Naumann.java 
39026      DEBUG main            d.u.i.k.j.Recoder2KeY     converting now /home/runner/work/key/key/key.core/../key.ui/examples/InformationFlow/NewObjects/src/object/AmtoftBanerjee.java 
39027      DEBUG main            d.u.i.k.j.Recoder2KeY     converting now /home/runner/work/key/key/key.core/../key.ui/examples/InformationFlow/NewObjects/src/object/AmtoftBanerjee2.java 
39028      DEBUG main            d.u.i.k.j.Recoder2KeY     converting now /home/runner/work/key/key/key.core/../key.ui/examples/InformationFlow/NewObjects/src/object/ObjectOrientation.java 
39029      DEBUG main            d.u.i.k.j.Recoder2KeY     converting now /home/runner/work/key/key/key.core/../key.ui/examples/InformationFlow/NewObjects/src/object/AmtoftBanerjee3.java 
39034      DEBUG main            d.u.i.k.s.TermLabelSettings TermLabelSettings: Failure while reading the setting "UseOriginLabels".Using the default value: true.The string read was: null 
39034      DEBUG main            d.u.i.k.p.i.KeYFile       Reading KeY file /home/runner/work/key/key/key.core/../key.ui/examples/InformationFlow/NewObjects/object.ObjectOrientation(object.ObjectOrientation__secure_while_i((Ljava.lang.Object)).Non-interference contract.0.m.key 
39037      DEBUG main            d.u.i.k.p.i.KeYFile       Reading KeY file file:/home/runner/work/key/key/key.core/build/resources/main/de/uka/ilkd/key/java/JavaRedux/java/lang/String.key 
39039      DEBUG main            d.u.i.k.p.i.KeYFile       Read specifications obtained when parsing the Java files (usually JML and Strings.key) from file:/home/runner/work/key/key/key.core/build/resources/main/de/uka/ilkd/key/java/JavaRedux/java/lang/String.key 
40901      DEBUG main            d.u.i.k.p.i.KeYFile       Read specifications obtained when parsing the Java files (usually JML and Strings.key) from /home/runner/work/key/key/key.core/../key.ui/examples/InformationFlow/NewObjects/object.ObjectOrientation(object.ObjectOrientation__secure_while_i((Ljava.lang.Object)).Non-interference contract.0.m.key 
40966      DEBUG main            d.u.i.k.m.s.ProofScriptEngine 1: 'macro 'infflow-autopilot'' 
41018      DEBUG main            d.u.i.k.p.m.ProofCorrectnessMgt No justification found for rule Class_invariant_axiom_for_object_ObjectOrientation 
41029      DEBUG main            d.u.i.k.r.m.WhileLoopTransformation While-Loop-Tranform-Result: {
  int i = 0;
  while (i < _a.length) {
    {
      _a[i] = new Object();
    }
    i++;
  }
} 
41057      DEBUG main            d.u.i.k.r.m.WhileLoopTransformation While-Loop-Tranform-Result: try {
  {
    if (i < _a.length) {
      {
        _a[i] = new Object();
      }
      i++;
    }
  }
} catch (java.lang.Throwable e#4) {
  exc#3 = true;
  thrownExc#5 = e#4;
} 
46780      INFO  main            d.u.i.k.p.r.p.TestFile    ... finished proof: closed. 
47026      DEBUG main            d.u.i.k.s.TermLabelSettings TermLabelSettings: Failure while reading the setting "UseOriginLabels".Using the default value: true.The string read was: null 
47026      INFO  main            d.u.i.k.p.r.p.TestFile    Now processing file /home/runner/work/key/key/key.core/../key.ui/examples/InformationFlow/NewObjects/object.ObjectOrientation(object.ObjectOrientation__secure_method_call()).Non-interference contract.0.m.key 
47925      DEBUG main            d.u.i.k.j.r.ClassPreparationMethodBuilder clPrepBuilder: Inner Class detected. Reject building class initialisation methods. 
47975      DEBUG main            d.u.i.k.j.Recoder2KeY     converting now /home/runner/work/key/key/key.core/../key.ui/examples/InformationFlow/NewObjects/src/object/Naumann.java 
47977      DEBUG main            d.u.i.k.j.Recoder2KeY     converting now /home/runner/work/key/key/key.core/../key.ui/examples/InformationFlow/NewObjects/src/object/AmtoftBanerjee.java 
47978      DEBUG main            d.u.i.k.j.Recoder2KeY     converting now /home/runner/work/key/key/key.core/../key.ui/examples/InformationFlow/NewObjects/src/object/AmtoftBanerjee2.java 
47979      DEBUG main            d.u.i.k.j.Recoder2KeY     converting now /home/runner/work/key/key/key.core/../key.ui/examples/InformationFlow/NewObjects/src/object/ObjectOrientation.java 
47980      DEBUG main            d.u.i.k.j.Recoder2KeY     converting now /home/runner/work/key/key/key.core/../key.ui/examples/InformationFlow/NewObjects/src/object/AmtoftBanerjee3.java 
47984      DEBUG main            d.u.i.k.s.TermLabelSettings TermLabelSettings: Failure while reading the setting "UseOriginLabels".Using the default value: true.The string read was: null 
47984      DEBUG main            d.u.i.k.p.i.KeYFile       Reading KeY file /home/runner/work/key/key/key.core/../key.ui/examples/InformationFlow/NewObjects/object.ObjectOrientation(object.ObjectOrientation__secure_method_call()).Non-interference contract.0.m.key 
47985      DEBUG main            d.u.i.k.p.i.KeYFile       Reading KeY file file:/home/runner/work/key/key/key.core/build/resources/main/de/uka/ilkd/key/java/JavaRedux/java/lang/String.key 
47988      DEBUG main            d.u.i.k.p.i.KeYFile       Read specifications obtained when parsing the Java files (usually JML and Strings.key) from file:/home/runner/work/key/key/key.core/build/resources/main/de/uka/ilkd/key/java/JavaRedux/java/lang/String.key 
49836      DEBUG main            d.u.i.k.p.i.KeYFile       Read specifications obtained when parsing the Java files (usually JML and Strings.key) from /home/runner/work/key/key/key.core/../key.ui/examples/InformationFlow/NewObjects/object.ObjectOrientation(object.ObjectOrientation__secure_method_call()).Non-interference contract.0.m.key 
49880      DEBUG main            d.u.i.k.m.s.ProofScriptEngine 1: 'macro 'infflow-autopilot'' 
49911      DEBUG main            d.u.i.k.p.m.ProofCorrectnessMgt No justification found for rule Class_invariant_axiom_for_object_ObjectOrientation 
49933      DEBUG main            d.u.i.k.j.TypeConverter   TypeConverter: FieldReference: o1; 
49940      DEBUG main            d.u.i.k.j.TypeConverter   TypeConverter: FieldReference: o2; 
49945      DEBUG main            d.u.i.k.p.m.ProofCorrectnessMgt No justification found for rule Class_invariant_axiom_for_object_ObjectOrientation 
49966      DEBUG main            d.u.i.k.p.m.ProofCorrectnessMgt No justification found for rule Class_invariant_axiom_for_object_ObjectOrientation 
50006      DEBUG main            d.u.i.k.p.m.ProofCorrectnessMgt No justification found for rule Class_invariant_axiom_for_object_ObjectOrientation 
50343      INFO  main            d.u.i.k.p.r.p.TestFile    ... finished proof: closed. 
50509      DEBUG main            d.u.i.k.s.TermLabelSettings TermLabelSettings: Failure while reading the setting "UseOriginLabels".Using the default value: true.The string read was: null 
50509      INFO  main            d.u.i.k.p.r.p.TestFile    Now processing file /home/runner/work/key/key/key.core/../key.ui/examples/InformationFlow/NewObjects/object.ObjectOrientation(object.ObjectOrientation__if_two_object_creation_next()).Non-interference contract.1.m.key 
51401      DEBUG main            d.u.i.k.j.r.ClassPreparationMethodBuilder clPrepBuilder: Inner Class detected. Reject building class initialisation methods. 
51450      DEBUG main            d.u.i.k.j.Recoder2KeY     converting now /home/runner/work/key/key/key.core/../key.ui/examples/InformationFlow/NewObjects/src/object/Naumann.java 
51452      DEBUG main            d.u.i.k.j.Recoder2KeY     converting now /home/runner/work/key/key/key.core/../key.ui/examples/InformationFlow/NewObjects/src/object/AmtoftBanerjee.java 
51452      DEBUG main            d.u.i.k.j.Recoder2KeY     converting now /home/runner/work/key/key/key.core/../key.ui/examples/InformationFlow/NewObjects/src/object/AmtoftBanerjee2.java 
51453      DEBUG main            d.u.i.k.j.Recoder2KeY     converting now /home/runner/work/key/key/key.core/../key.ui/examples/InformationFlow/NewObjects/src/object/ObjectOrientation.java 
51454      DEBUG main            d.u.i.k.j.Recoder2KeY     converting now /home/runner/work/key/key/key.core/../key.ui/examples/InformationFlow/NewObjects/src/object/AmtoftBanerjee3.java 
51463      DEBUG main            d.u.i.k.s.TermLabelSettings TermLabelSettings: Failure while reading the setting "UseOriginLabels".Using the default value: true.The string read was: null 
51463      DEBUG main            d.u.i.k.p.i.KeYFile       Reading KeY file /home/runner/work/key/key/key.core/../key.ui/examples/InformationFlow/NewObjects/object.ObjectOrientation(object.ObjectOrientation__if_two_object_creation_next()).Non-interference contract.1.m.key 
51464      DEBUG main            d.u.i.k.p.i.KeYFile       Reading KeY file file:/home/runner/work/key/key/key.core/build/resources/main/de/uka/ilkd/key/java/JavaRedux/java/lang/String.key 
51468      DEBUG main            d.u.i.k.p.i.KeYFile       Read specifications obtained when parsing the Java files (usually JML and Strings.key) from file:/home/runner/work/key/key/key.core/build/resources/main/de/uka/ilkd/key/java/JavaRedux/java/lang/String.key 
53290      DEBUG main            d.u.i.k.p.i.KeYFile       Read specifications obtained when parsing the Java files (usually JML and Strings.key) from /home/runner/work/key/key/key.core/../key.ui/examples/InformationFlow/NewObjects/object.ObjectOrientation(object.ObjectOrientation__if_two_object_creation_next()).Non-interference contract.1.m.key 
53332      DEBUG main            d.u.i.k.m.s.ProofScriptEngine 1: 'macro 'infflow-autopilot'' 
53362      DEBUG main            d.u.i.k.p.m.ProofCorrectnessMgt No justification found for rule Class_invariant_axiom_for_object_ObjectOrientation 
53368      DEBUG main            d.u.i.k.j.TypeConverter   TypeConverter: FieldReference: high; 
53387      DEBUG main            d.u.i.k.r.m.MethodCall    method-call: called for ObjectOrientation.<createObject>(); 
53387      DEBUG main            d.u.i.k.r.m.MethodCall    method-call: invocation of static method detected 
53391      DEBUG main            d.u.i.k.r.m.MethodCall    method-call: called for ObjectOrientation.<allocate>(); 
53391      DEBUG main            d.u.i.k.r.m.MethodCall    method-call: invocation of static method detected 
53402      DEBUG main            d.u.i.k.j.TypeConverter   typeconverter: (prefix this;, class class de.uka.ilkd.key.java.reference.ThisReference) 
53405      DEBUG main            d.u.i.k.r.m.MethodCall    method-call: called for <prepareEnter>(); 
53406      DEBUG main            d.u.i.k.r.m.MethodCall    method-call: invocation of private method detected.Requires static resolving. 
53409      DEBUG main            d.u.i.k.r.m.MethodCall    method-call: called for super.<prepare>(); 
53409      DEBUG main            d.u.i.k.r.m.MethodCall    method-call: super invocation of method detected.Requires static resolving. 
53414      DEBUG main            d.u.i.k.j.TypeConverter   typeconverter: (prefix this;, class class de.uka.ilkd.key.java.reference.ThisReference) 
53418      DEBUG main            d.u.i.k.j.TypeConverter   typeconverter: (prefix this;, class class de.uka.ilkd.key.java.reference.ThisReference) 
53437      DEBUG main            d.u.i.k.r.m.MethodCall    method-call: called for super.<init>(); 
53437      DEBUG main            d.u.i.k.r.m.MethodCall    method-call: super invocation of method detected.Requires static resolving. 
53442      DEBUG main            d.u.i.k.j.TypeConverter   typeconverter: (prefix this;, class class de.uka.ilkd.key.java.reference.ThisReference) 
53454      DEBUG main            d.u.i.k.j.TypeConverter   TypeConverter: FieldReference: o1; 
53463      DEBUG main            d.u.i.k.r.m.MethodCall    method-call: called for ObjectOrientation.<createObject>(); 
53463      DEBUG main            d.u.i.k.r.m.MethodCall    method-call: invocation of static method detected 
53469      DEBUG main            d.u.i.k.r.m.MethodCall    method-call: called for ObjectOrientation.<allocate>(); 
53469      DEBUG main            d.u.i.k.r.m.MethodCall    method-call: invocation of static method detected 
53508      DEBUG main            d.u.i.k.j.TypeConverter   typeconverter: (prefix this;, class class de.uka.ilkd.key.java.reference.ThisReference) 
53513      DEBUG main            d.u.i.k.r.m.MethodCall    method-call: called for <prepareEnter>(); 
53513      DEBUG main            d.u.i.k.r.m.MethodCall    method-call: invocation of private method detected.Requires static resolving. 
53517      DEBUG main            d.u.i.k.r.m.MethodCall    method-call: called for super.<prepare>(); 
53517      DEBUG main            d.u.i.k.r.m.MethodCall    method-call: super invocation of method detected.Requires static resolving. 
53523      DEBUG main            d.u.i.k.j.TypeConverter   typeconverter: (prefix this;, class class de.uka.ilkd.key.java.reference.ThisReference) 
53528      DEBUG main            d.u.i.k.j.TypeConverter   typeconverter: (prefix this;, class class de.uka.ilkd.key.java.reference.ThisReference) 
53554      DEBUG main            d.u.i.k.r.m.MethodCall    method-call: called for super.<init>(); 
53555      DEBUG main            d.u.i.k.r.m.MethodCall    method-call: super invocation of method detected.Requires static resolving. 
53560      DEBUG main            d.u.i.k.j.TypeConverter   typeconverter: (prefix this;, class class de.uka.ilkd.key.java.reference.ThisReference) 
53575      DEBUG main            d.u.i.k.j.TypeConverter   TypeConverter: FieldReference: o0; 
53583      DEBUG main            d.u.i.k.j.TypeConverter   TypeConverter: FieldReference: o1; 
53614      DEBUG main            d.u.i.k.j.TypeConverter   TypeConverter: FieldReference: o0; 
53648      DEBUG main            d.u.i.k.r.m.MethodCall    method-call: called for ObjectOrientation.<createObject>(); 
53648      DEBUG main            d.u.i.k.r.m.MethodCall    method-call: invocation of static method detected 
53653      DEBUG main            d.u.i.k.r.m.MethodCall    method-call: called for ObjectOrientation.<allocate>(); 
53653      DEBUG main            d.u.i.k.r.m.MethodCall    method-call: invocation of static method detected 
53664      DEBUG main            d.u.i.k.j.TypeConverter   typeconverter: (prefix this;, class class de.uka.ilkd.key.java.reference.ThisReference) 
53667      DEBUG main            d.u.i.k.r.m.MethodCall    method-call: called for <prepareEnter>(); 
53667      DEBUG main            d.u.i.k.r.m.MethodCall    method-call: invocation of private method detected.Requires static resolving. 
53671      DEBUG main            d.u.i.k.r.m.MethodCall    method-call: called for super.<prepare>(); 
53671      DEBUG main            d.u.i.k.r.m.MethodCall    method-call: super invocation of method detected.Requires static resolving. 
53676      DEBUG main            d.u.i.k.j.TypeConverter   typeconverter: (prefix this;, class class de.uka.ilkd.key.java.reference.ThisReference) 
53680      DEBUG main            d.u.i.k.j.TypeConverter   typeconverter: (prefix this;, class class de.uka.ilkd.key.java.reference.ThisReference) 
53700      DEBUG main            d.u.i.k.r.m.MethodCall    method-call: called for super.<init>(); 
53700      DEBUG main            d.u.i.k.r.m.MethodCall    method-call: super invocation of method detected.Requires static resolving. 
53705      DEBUG main            d.u.i.k.j.TypeConverter   typeconverter: (prefix this;, class class de.uka.ilkd.key.java.reference.ThisReference) 
53717      DEBUG main            d.u.i.k.j.TypeConverter   TypeConverter: FieldReference: o0; 
53726      DEBUG main            d.u.i.k.r.m.MethodCall    method-call: called for ObjectOrientation.<createObject>(); 
53726      DEBUG main            d.u.i.k.r.m.MethodCall    method-call: invocation of static method detected 
53731      DEBUG main            d.u.i.k.r.m.MethodCall    method-call: called for ObjectOrientation.<allocate>(); 
53732      DEBUG main            d.u.i.k.r.m.MethodCall    method-call: invocation of static method detected 
53770      DEBUG main            d.u.i.k.j.TypeConverter   typeconverter: (prefix this;, class class de.uka.ilkd.key.java.reference.ThisReference) 
53774      DEBUG main            d.u.i.k.r.m.MethodCall    method-call: called for <prepareEnter>(); 
53775      DEBUG main            d.u.i.k.r.m.MethodCall    method-call: invocation of private method detected.Requires static resolving. 
53779      DEBUG main            d.u.i.k.r.m.MethodCall    method-call: called for super.<prepare>(); 
53779      DEBUG main            d.u.i.k.r.m.MethodCall    method-call: super invocation of method detected.Requires static resolving. 
53785      DEBUG main            d.u.i.k.j.TypeConverter   typeconverter: (prefix this;, class class de.uka.ilkd.key.java.reference.ThisReference) 
53790      DEBUG main            d.u.i.k.j.TypeConverter   typeconverter: (prefix this;, class class de.uka.ilkd.key.java.reference.ThisReference) 
53815      DEBUG main            d.u.i.k.r.m.MethodCall    method-call: called for super.<init>(); 
53815      DEBUG main            d.u.i.k.r.m.MethodCall    method-call: super invocation of method detected.Requires static resolving. 
53821      DEBUG main            d.u.i.k.j.TypeConverter   typeconverter: (prefix this;, class class de.uka.ilkd.key.java.reference.ThisReference) 
53835      DEBUG main            d.u.i.k.j.TypeConverter   TypeConverter: FieldReference: o1; 
53843      DEBUG main            d.u.i.k.j.TypeConverter   TypeConverter: FieldReference: o1; 
53864      DEBUG main            d.u.i.k.j.TypeConverter   TypeConverter: FieldReference: o1; 
82297      INFO  main            d.u.i.k.p.r.p.TestFile    ... finished proof: open goal(s) 
82528      DEBUG main            d.u.i.k.s.TermLabelSettings TermLabelSettings: Failure while reading the setting "UseOriginLabels".Using the default value: true.The string read was: null 
82528      INFO  main            d.u.i.k.p.r.p.TestFile    Now processing file /home/runner/work/key/key/key.core/../key.ui/examples/InformationFlow/NewObjects/object.ObjectOrientation(object.ObjectOrientation__if_two_object_creation_next()).Non-interference contract.0.m.key 
83368      DEBUG main            d.u.i.k.j.r.ClassPreparationMethodBuilder clPrepBuilder: Inner Class detected. Reject building class initialisation methods. 
83418      DEBUG main            d.u.i.k.j.Recoder2KeY     converting now /home/runner/work/key/key/key.core/../key.ui/examples/InformationFlow/NewObjects/src/object/Naumann.java 
83420      DEBUG main            d.u.i.k.j.Recoder2KeY     converting now /home/runner/work/key/key/key.core/../key.ui/examples/InformationFlow/NewObjects/src/object/AmtoftBanerjee.java 
83421      DEBUG main            d.u.i.k.j.Recoder2KeY     converting now /home/runner/work/key/key/key.core/../key.ui/examples/InformationFlow/NewObjects/src/object/AmtoftBanerjee2.java 
83422      DEBUG main            d.u.i.k.j.Recoder2KeY     converting now /home/runner/work/key/key/key.core/../key.ui/examples/InformationFlow/NewObjects/src/object/ObjectOrientation.java 
83423      DEBUG main            d.u.i.k.j.Recoder2KeY     converting now /home/runner/work/key/key/key.core/../key.ui/examples/InformationFlow/NewObjects/src/object/AmtoftBanerjee3.java 
83427      DEBUG main            d.u.i.k.s.TermLabelSettings TermLabelSettings: Failure while reading the setting "UseOriginLabels".Using the default value: true.The string read was: null 
83427      DEBUG main            d.u.i.k.p.i.KeYFile       Reading KeY file /home/runner/work/key/key/key.core/../key.ui/examples/InformationFlow/NewObjects/object.ObjectOrientation(object.ObjectOrientation__if_two_object_creation_next()).Non-interference contract.0.m.key 
83428      DEBUG main            d.u.i.k.p.i.KeYFile       Reading KeY file file:/home/runner/work/key/key/key.core/build/resources/main/de/uka/ilkd/key/java/JavaRedux/java/lang/String.key 
83431      DEBUG main            d.u.i.k.p.i.KeYFile       Read specifications obtained when parsing the Java files (usually JML and Strings.key) from file:/home/runner/work/key/key/key.core/build/resources/main/de/uka/ilkd/key/java/JavaRedux/java/lang/String.key 
85252      DEBUG main            d.u.i.k.p.i.KeYFile       Read specifications obtained when parsing the Java files (usually JML and Strings.key) from /home/runner/work/key/key/key.core/../key.ui/examples/InformationFlow/NewObjects/object.ObjectOrientation(object.ObjectOrientation__if_two_object_creation_next()).Non-interference contract.0.m.key 
85294      DEBUG main            d.u.i.k.m.s.ProofScriptEngine 1: 'macro 'infflow-autopilot'' 
85324      DEBUG main            d.u.i.k.p.m.ProofCorrectnessMgt No justification found for rule Class_invariant_axiom_for_object_ObjectOrientation 
85330      DEBUG main            d.u.i.k.j.TypeConverter   TypeConverter: FieldReference: high; 
85347      DEBUG main            d.u.i.k.r.m.MethodCall    method-call: called for ObjectOrientation.<createObject>(); 
85347      DEBUG main            d.u.i.k.r.m.MethodCall    method-call: invocation of static method detected 
85352      DEBUG main            d.u.i.k.r.m.MethodCall    method-call: called for ObjectOrientation.<allocate>(); 
85352      DEBUG main            d.u.i.k.r.m.MethodCall    method-call: invocation of static method detected 
85362      DEBUG main            d.u.i.k.j.TypeConverter   typeconverter: (prefix this;, class class de.uka.ilkd.key.java.reference.ThisReference) 
85366      DEBUG main            d.u.i.k.r.m.MethodCall    method-call: called for <prepareEnter>(); 
85366      DEBUG main            d.u.i.k.r.m.MethodCall    method-call: invocation of private method detected.Requires static resolving. 
85369      DEBUG main            d.u.i.k.r.m.MethodCall    method-call: called for super.<prepare>(); 
85369      DEBUG main            d.u.i.k.r.m.MethodCall    method-call: super invocation of method detected.Requires static resolving. 
85374      DEBUG main            d.u.i.k.j.TypeConverter   typeconverter: (prefix this;, class class de.uka.ilkd.key.java.reference.ThisReference) 
85378      DEBUG main            d.u.i.k.j.TypeConverter   typeconverter: (prefix this;, class class de.uka.ilkd.key.java.reference.ThisReference) 
85397      DEBUG main            d.u.i.k.r.m.MethodCall    method-call: called for super.<init>(); 
85397      DEBUG main            d.u.i.k.r.m.MethodCall    method-call: super invocation of method detected.Requires static resolving. 
85401      DEBUG main            d.u.i.k.j.TypeConverter   typeconverter: (prefix this;, class class de.uka.ilkd.key.java.reference.ThisReference) 
85413      DEBUG main            d.u.i.k.j.TypeConverter   TypeConverter: FieldReference: o1; 
85421      DEBUG main            d.u.i.k.r.m.MethodCall    method-call: called for ObjectOrientation.<createObject>(); 
85422      DEBUG main            d.u.i.k.r.m.MethodCall    method-call: invocation of static method detected 
85427      DEBUG main            d.u.i.k.r.m.MethodCall    method-call: called for ObjectOrientation.<allocate>(); 
85427      DEBUG main            d.u.i.k.r.m.MethodCall    method-call: invocation of static method detected 
85465      DEBUG main            d.u.i.k.j.TypeConverter   typeconverter: (prefix this;, class class de.uka.ilkd.key.java.reference.ThisReference) 
85470      DEBUG main            d.u.i.k.r.m.MethodCall    method-call: called for <prepareEnter>(); 
85470      DEBUG main            d.u.i.k.r.m.MethodCall    method-call: invocation of private method detected.Requires static resolving. 
85475      DEBUG main            d.u.i.k.r.m.MethodCall    method-call: called for super.<prepare>(); 
85475      DEBUG main            d.u.i.k.r.m.MethodCall    method-call: super invocation of method detected.Requires static resolving. 
85482      DEBUG main            d.u.i.k.j.TypeConverter   typeconverter: (prefix this;, class class de.uka.ilkd.key.java.reference.ThisReference) 
85486      DEBUG main            d.u.i.k.j.TypeConverter   typeconverter: (prefix this;, class class de.uka.ilkd.key.java.reference.ThisReference) 
85511      DEBUG main            d.u.i.k.r.m.MethodCall    method-call: called for super.<init>(); 
85512      DEBUG main            d.u.i.k.r.m.MethodCall    method-call: super invocation of method detected.Requires static resolving. 
85517      DEBUG main            d.u.i.k.j.TypeConverter   typeconverter: (prefix this;, class class de.uka.ilkd.key.java.reference.ThisReference) 
85532      DEBUG main            d.u.i.k.j.TypeConverter   TypeConverter: FieldReference: o0; 
85539      DEBUG main            d.u.i.k.j.TypeConverter   TypeConverter: FieldReference: o1; 
85570      DEBUG main            d.u.i.k.j.TypeConverter   TypeConverter: FieldReference: o0; 
85602      DEBUG main            d.u.i.k.r.m.MethodCall    method-call: called for ObjectOrientation.<createObject>(); 
85603      DEBUG main            d.u.i.k.r.m.MethodCall    method-call: invocation of static method detected 
85607      DEBUG main            d.u.i.k.r.m.MethodCall    method-call: called for ObjectOrientation.<allocate>(); 
85607      DEBUG main            d.u.i.k.r.m.MethodCall    method-call: invocation of static method detected 
85617      DEBUG main            d.u.i.k.j.TypeConverter   typeconverter: (prefix this;, class class de.uka.ilkd.key.java.reference.ThisReference) 
85621      DEBUG main            d.u.i.k.r.m.MethodCall    method-call: called for <prepareEnter>(); 
85621      DEBUG main            d.u.i.k.r.m.MethodCall    method-call: invocation of private method detected.Requires static resolving. 
85624      DEBUG main            d.u.i.k.r.m.MethodCall    method-call: called for super.<prepare>(); 
85624      DEBUG main            d.u.i.k.r.m.MethodCall    method-call: super invocation of method detected.Requires static resolving. 
85629      DEBUG main            d.u.i.k.j.TypeConverter   typeconverter: (prefix this;, class class de.uka.ilkd.key.java.reference.ThisReference) 
85632      DEBUG main            d.u.i.k.j.TypeConverter   typeconverter: (prefix this;, class class de.uka.ilkd.key.java.reference.ThisReference) 
85651      DEBUG main            d.u.i.k.r.m.MethodCall    method-call: called for super.<init>(); 
85651      DEBUG main            d.u.i.k.r.m.MethodCall    method-call: super invocation of method detected.Requires static resolving. 
85655      DEBUG main            d.u.i.k.j.TypeConverter   typeconverter: (prefix this;, class class de.uka.ilkd.key.java.reference.ThisReference) 
85667      DEBUG main            d.u.i.k.j.TypeConverter   TypeConverter: FieldReference: o0; 
85675      DEBUG main            d.u.i.k.r.m.MethodCall    method-call: called for ObjectOrientation.<createObject>(); 
85675      DEBUG main            d.u.i.k.r.m.MethodCall    method-call: invocation of static method detected 
85681      DEBUG main            d.u.i.k.r.m.MethodCall    method-call: called for ObjectOrientation.<allocate>(); 
85681      DEBUG main            d.u.i.k.r.m.MethodCall    method-call: invocation of static method detected 
85717      DEBUG main            d.u.i.k.j.TypeConverter   typeconverter: (prefix this;, class class de.uka.ilkd.key.java.reference.ThisReference) 
85722      DEBUG main            d.u.i.k.r.m.MethodCall    method-call: called for <prepareEnter>(); 
85722      DEBUG main            d.u.i.k.r.m.MethodCall    method-call: invocation of private method detected.Requires static resolving. 
85726      DEBUG main            d.u.i.k.r.m.MethodCall    method-call: called for super.<prepare>(); 
85726      DEBUG main            d.u.i.k.r.m.MethodCall    method-call: super invocation of method detected.Requires static resolving. 
85731      DEBUG main            d.u.i.k.j.TypeConverter   typeconverter: (prefix this;, class class de.uka.ilkd.key.java.reference.ThisReference) 
85736      DEBUG main            d.u.i.k.j.TypeConverter   typeconverter: (prefix this;, class class de.uka.ilkd.key.java.reference.ThisReference) 
85760      DEBUG main            d.u.i.k.r.m.MethodCall    method-call: called for super.<init>(); 
85760      DEBUG main            d.u.i.k.r.m.MethodCall    method-call: super invocation of method detected.Requires static resolving. 
85766      DEBUG main            d.u.i.k.j.TypeConverter   typeconverter: (prefix this;, class class de.uka.ilkd.key.java.reference.ThisReference) 
85780      DEBUG main            d.u.i.k.j.TypeConverter   TypeConverter: FieldReference: o1; 
85816      DEBUG main            d.u.i.k.j.TypeConverter   TypeConverter: FieldReference: o1; 
85836      DEBUG main            d.u.i.k.j.TypeConverter   TypeConverter: FieldReference: o1; 
97244      INFO  main            d.u.i.k.p.r.p.TestFile    ... finished proof: closed. 
97539      DEBUG main            d.u.i.k.s.TermLabelSettings TermLabelSettings: Failure while reading the setting "UseOriginLabels".Using the default value: true.The string read was: null 
97539      INFO  main            d.u.i.k.p.r.p.TestFile    Now processing file /home/runner/work/key/key/key.core/../key.ui/examples/InformationFlow/NewObjects/object.ObjectOrientation(object.ObjectOrientation__secure_if_two_object_creation()).Non-interference contract.0.m.key 
98387      DEBUG main            d.u.i.k.j.r.ClassPreparationMethodBuilder clPrepBuilder: Inner Class detected. Reject building class initialisation methods. 
98435      DEBUG main            d.u.i.k.j.Recoder2KeY     converting now /home/runner/work/key/key/key.core/../key.ui/examples/InformationFlow/NewObjects/src/object/Naumann.java 
98436      DEBUG main            d.u.i.k.j.Recoder2KeY     converting now /home/runner/work/key/key/key.core/../key.ui/examples/InformationFlow/NewObjects/src/object/AmtoftBanerjee.java 
98437      DEBUG main            d.u.i.k.j.Recoder2KeY     converting now /home/runner/work/key/key/key.core/../key.ui/examples/InformationFlow/NewObjects/src/object/AmtoftBanerjee2.java 
98437      DEBUG main            d.u.i.k.j.Recoder2KeY     converting now /home/runner/work/key/key/key.core/../key.ui/examples/InformationFlow/NewObjects/src/object/ObjectOrientation.java 
98439      DEBUG main            d.u.i.k.j.Recoder2KeY     converting now /home/runner/work/key/key/key.core/../key.ui/examples/InformationFlow/NewObjects/src/object/AmtoftBanerjee3.java 
98443      DEBUG main            d.u.i.k.s.TermLabelSettings TermLabelSettings: Failure while reading the setting "UseOriginLabels".Using the default value: true.The string read was: null 
98443      DEBUG main            d.u.i.k.p.i.KeYFile       Reading KeY file /home/runner/work/key/key/key.core/../key.ui/examples/InformationFlow/NewObjects/object.ObjectOrientation(object.ObjectOrientation__secure_if_two_object_creation()).Non-interference contract.0.m.key 
98444      DEBUG main            d.u.i.k.p.i.KeYFile       Reading KeY file file:/home/runner/work/key/key/key.core/build/resources/main/de/uka/ilkd/key/java/JavaRedux/java/lang/String.key 
98447      DEBUG main            d.u.i.k.p.i.KeYFile       Read specifications obtained when parsing the Java files (usually JML and Strings.key) from file:/home/runner/work/key/key/key.core/build/resources/main/de/uka/ilkd/key/java/JavaRedux/java/lang/String.key 
100263     DEBUG main            d.u.i.k.p.i.KeYFile       Read specifications obtained when parsing the Java files (usually JML and Strings.key) from /home/runner/work/key/key/key.core/../key.ui/examples/InformationFlow/NewObjects/object.ObjectOrientation(object.ObjectOrientation__secure_if_two_object_creation()).Non-interference contract.0.m.key 
100304     DEBUG main            d.u.i.k.m.s.ProofScriptEngine 1: 'macro 'infflow-autopilot'' 
100333     DEBUG main            d.u.i.k.p.m.ProofCorrectnessMgt No justification found for rule Class_invariant_axiom_for_object_ObjectOrientation 
100339     DEBUG main            d.u.i.k.j.TypeConverter   TypeConverter: FieldReference: high; 
100355     DEBUG main            d.u.i.k.r.m.MethodCall    method-call: called for ObjectOrientation.<createObject>(); 
100355     DEBUG main            d.u.i.k.r.m.MethodCall    method-call: invocation of static method detected 
100360     DEBUG main            d.u.i.k.r.m.MethodCall    method-call: called for ObjectOrientation.<allocate>(); 
100360     DEBUG main            d.u.i.k.r.m.MethodCall    method-call: invocation of static method detected 
100370     DEBUG main            d.u.i.k.j.TypeConverter   typeconverter: (prefix this;, class class de.uka.ilkd.key.java.reference.ThisReference) 
100373     DEBUG main            d.u.i.k.r.m.MethodCall    method-call: called for <prepareEnter>(); 
100374     DEBUG main            d.u.i.k.r.m.MethodCall    method-call: invocation of private method detected.Requires static resolving. 
100377     DEBUG main            d.u.i.k.r.m.MethodCall    method-call: called for super.<prepare>(); 
100377     DEBUG main            d.u.i.k.r.m.MethodCall    method-call: super invocation of method detected.Requires static resolving. 
100382     DEBUG main            d.u.i.k.j.TypeConverter   typeconverter: (prefix this;, class class de.uka.ilkd.key.java.reference.ThisReference) 
100386     DEBUG main            d.u.i.k.j.TypeConverter   typeconverter: (prefix this;, class class de.uka.ilkd.key.java.reference.ThisReference) 
100404     DEBUG main            d.u.i.k.r.m.MethodCall    method-call: called for super.<init>(); 
100404     DEBUG main            d.u.i.k.r.m.MethodCall    method-call: super invocation of method detected.Requires static resolving. 
100409     DEBUG main            d.u.i.k.j.TypeConverter   typeconverter: (prefix this;, class class de.uka.ilkd.key.java.reference.ThisReference) 
100420     DEBUG main            d.u.i.k.j.TypeConverter   TypeConverter: FieldReference: o1; 
100429     DEBUG main            d.u.i.k.r.m.MethodCall    method-call: called for ObjectOrientation.<createObject>(); 
100429     DEBUG main            d.u.i.k.r.m.MethodCall    method-call: invocation of static method detected 
100434     DEBUG main            d.u.i.k.r.m.MethodCall    method-call: called for ObjectOrientation.<allocate>(); 
100434     DEBUG main            d.u.i.k.r.m.MethodCall    method-call: invocation of static method detected 
100472     DEBUG main            d.u.i.k.j.TypeConverter   typeconverter: (prefix this;, class class de.uka.ilkd.key.java.reference.ThisReference) 
100477     DEBUG main            d.u.i.k.r.m.MethodCall    method-call: called for <prepareEnter>(); 
100477     DEBUG main            d.u.i.k.r.m.MethodCall    method-call: invocation of private method detected.Requires static resolving. 
100481     DEBUG main            d.u.i.k.r.m.MethodCall    method-call: called for super.<prepare>(); 
100481     DEBUG main            d.u.i.k.r.m.MethodCall    method-call: super invocation of method detected.Requires static resolving. 
100487     DEBUG main            d.u.i.k.j.TypeConverter   typeconverter: (prefix this;, class class de.uka.ilkd.key.java.reference.ThisReference) 
100492     DEBUG main            d.u.i.k.j.TypeConverter   typeconverter: (prefix this;, class class de.uka.ilkd.key.java.reference.ThisReference) 
100516     DEBUG main            d.u.i.k.r.m.MethodCall    method-call: called for super.<init>(); 
100516     DEBUG main            d.u.i.k.r.m.MethodCall    method-call: super invocation of method detected.Requires static resolving. 
100521     DEBUG main            d.u.i.k.j.TypeConverter   typeconverter: (prefix this;, class class de.uka.ilkd.key.java.reference.ThisReference) 
100536     DEBUG main            d.u.i.k.j.TypeConverter   TypeConverter: FieldReference: o0; 
100553     DEBUG main            d.u.i.k.r.m.MethodCall    method-call: called for ObjectOrientation.<createObject>(); 
100553     DEBUG main            d.u.i.k.r.m.MethodCall    method-call: invocation of static method detected 
100557     DEBUG main            d.u.i.k.r.m.MethodCall    method-call: called for ObjectOrientation.<allocate>(); 
100557     DEBUG main            d.u.i.k.r.m.MethodCall    method-call: invocation of static method detected 
100568     DEBUG main            d.u.i.k.j.TypeConverter   typeconverter: (prefix this;, class class de.uka.ilkd.key.java.reference.ThisReference) 
100571     DEBUG main            d.u.i.k.r.m.MethodCall    method-call: called for <prepareEnter>(); 
100571     DEBUG main            d.u.i.k.r.m.MethodCall    method-call: invocation of private method detected.Requires static resolving. 
100574     DEBUG main            d.u.i.k.r.m.MethodCall    method-call: called for super.<prepare>(); 
100574     DEBUG main            d.u.i.k.r.m.MethodCall    method-call: super invocation of method detected.Requires static resolving. 
100579     DEBUG main            d.u.i.k.j.TypeConverter   typeconverter: (prefix this;, class class de.uka.ilkd.key.java.reference.ThisReference) 
100583     DEBUG main            d.u.i.k.j.TypeConverter   typeconverter: (prefix this;, class class de.uka.ilkd.key.java.reference.ThisReference) 
100602     DEBUG main            d.u.i.k.r.m.MethodCall    method-call: called for super.<init>(); 
100602     DEBUG main            d.u.i.k.r.m.MethodCall    method-call: super invocation of method detected.Requires static resolving. 
100607     DEBUG main            d.u.i.k.j.TypeConverter   typeconverter: (prefix this;, class class de.uka.ilkd.key.java.reference.ThisReference) 
100618     DEBUG main            d.u.i.k.j.TypeConverter   TypeConverter: FieldReference: o0; 
100627     DEBUG main            d.u.i.k.r.m.MethodCall    method-call: called for ObjectOrientation.<createObject>(); 
100627     DEBUG main            d.u.i.k.r.m.MethodCall    method-call: invocation of static method detected 
100633     DEBUG main            d.u.i.k.r.m.MethodCall    method-call: called for ObjectOrientation.<allocate>(); 
100633     DEBUG main            d.u.i.k.r.m.MethodCall    method-call: invocation of static method detected 
100669     DEBUG main            d.u.i.k.j.TypeConverter   typeconverter: (prefix this;, class class de.uka.ilkd.key.java.reference.ThisReference) 
100674     DEBUG main            d.u.i.k.r.m.MethodCall    method-call: called for <prepareEnter>(); 
100674     DEBUG main            d.u.i.k.r.m.MethodCall    method-call: invocation of private method detected.Requires static resolving. 
100678     DEBUG main            d.u.i.k.r.m.MethodCall    method-call: called for super.<prepare>(); 
100678     DEBUG main            d.u.i.k.r.m.MethodCall    method-call: super invocation of method detected.Requires static resolving. 
100684     DEBUG main            d.u.i.k.j.TypeConverter   typeconverter: (prefix this;, class class de.uka.ilkd.key.java.reference.ThisReference) 
100689     DEBUG main            d.u.i.k.j.TypeConverter   typeconverter: (prefix this;, class class de.uka.ilkd.key.java.reference.ThisReference) 
100713     DEBUG main            d.u.i.k.r.m.MethodCall    method-call: called for super.<init>(); 
100713     DEBUG main            d.u.i.k.r.m.MethodCall    method-call: super invocation of method detected.Requires static resolving. 
100718     DEBUG main            d.u.i.k.j.TypeConverter   typeconverter: (prefix this;, class class de.uka.ilkd.key.java.reference.ThisReference) 
100733     DEBUG main            d.u.i.k.j.TypeConverter   TypeConverter: FieldReference: o1; 
112074     INFO  main            d.u.i.k.p.r.p.TestFile    ... finished proof: closed. 
112309     DEBUG main            d.u.i.k.s.TermLabelSettings TermLabelSettings: Failure while reading the setting "UseOriginLabels".Using the default value: true.The string read was: null 
112309     INFO  main            d.u.i.k.p.r.p.TestFile    Now processing file /home/runner/work/key/key/key.core/../key.ui/examples/InformationFlow/NewObjects/object.ObjectOrientation(object.ObjectOrientation__insecure_two_object_creation()).Non-interference contract.0.m.key 
113153     DEBUG main            d.u.i.k.j.r.ClassPreparationMethodBuilder clPrepBuilder: Inner Class detected. Reject building class initialisation methods. 
113202     DEBUG main            d.u.i.k.j.Recoder2KeY     converting now /home/runner/work/key/key/key.core/../key.ui/examples/InformationFlow/NewObjects/src/object/Naumann.java 
113203     DEBUG main            d.u.i.k.j.Recoder2KeY     converting now /home/runner/work/key/key/key.core/../key.ui/examples/InformationFlow/NewObjects/src/object/AmtoftBanerjee.java 
113204     DEBUG main            d.u.i.k.j.Recoder2KeY     converting now /home/runner/work/key/key/key.core/../key.ui/examples/InformationFlow/NewObjects/src/object/AmtoftBanerjee2.java 
113205     DEBUG main            d.u.i.k.j.Recoder2KeY     converting now /home/runner/work/key/key/key.core/../key.ui/examples/InformationFlow/NewObjects/src/object/ObjectOrientation.java 
113206     DEBUG main            d.u.i.k.j.Recoder2KeY     converting now /home/runner/work/key/key/key.core/../key.ui/examples/InformationFlow/NewObjects/src/object/AmtoftBanerjee3.java 
113210     DEBUG main            d.u.i.k.s.TermLabelSettings TermLabelSettings: Failure while reading the setting "UseOriginLabels".Using the default value: true.The string read was: null 
113211     DEBUG main            d.u.i.k.p.i.KeYFile       Reading KeY file /home/runner/work/key/key/key.core/../key.ui/examples/InformationFlow/NewObjects/object.ObjectOrientation(object.ObjectOrientation__insecure_two_object_creation()).Non-interference contract.0.m.key 
113212     DEBUG main            d.u.i.k.p.i.KeYFile       Reading KeY file file:/home/runner/work/key/key/key.core/build/resources/main/de/uka/ilkd/key/java/JavaRedux/java/lang/String.key 
113214     DEBUG main            d.u.i.k.p.i.KeYFile       Read specifications obtained when parsing the Java files (usually JML and Strings.key) from file:/home/runner/work/key/key/key.core/build/resources/main/de/uka/ilkd/key/java/JavaRedux/java/lang/String.key 
115054     DEBUG main            d.u.i.k.p.i.KeYFile       Read specifications obtained when parsing the Java files (usually JML and Strings.key) from /home/runner/work/key/key/key.core/../key.ui/examples/InformationFlow/NewObjects/object.ObjectOrientation(object.ObjectOrientation__insecure_two_object_creation()).Non-interference contract.0.m.key 
115103     DEBUG main            d.u.i.k.m.s.ProofScriptEngine 1: 'macro 'infflow-autopilot'' 
115130     DEBUG main            d.u.i.k.p.m.ProofCorrectnessMgt No justification found for rule Class_invariant_axiom_for_object_ObjectOrientation 
115145     DEBUG main            d.u.i.k.r.m.MethodCall    method-call: called for ObjectOrientation.<createObject>(); 
115145     DEBUG main            d.u.i.k.r.m.MethodCall    method-call: invocation of static method detected 
115149     DEBUG main            d.u.i.k.r.m.MethodCall    method-call: called for ObjectOrientation.<allocate>(); 
115149     DEBUG main            d.u.i.k.r.m.MethodCall    method-call: invocation of static method detected 
115159     DEBUG main            d.u.i.k.j.TypeConverter   typeconverter: (prefix this;, class class de.uka.ilkd.key.java.reference.ThisReference) 
115162     DEBUG main            d.u.i.k.r.m.MethodCall    method-call: called for <prepareEnter>(); 
115162     DEBUG main            d.u.i.k.r.m.MethodCall    method-call: invocation of private method detected.Requires static resolving. 
115165     DEBUG main            d.u.i.k.r.m.MethodCall    method-call: called for super.<prepare>(); 
115165     DEBUG main            d.u.i.k.r.m.MethodCall    method-call: super invocation of method detected.Requires static resolving. 
115170     DEBUG main            d.u.i.k.j.TypeConverter   typeconverter: (prefix this;, class class de.uka.ilkd.key.java.reference.ThisReference) 
115173     DEBUG main            d.u.i.k.j.TypeConverter   typeconverter: (prefix this;, class class de.uka.ilkd.key.java.reference.ThisReference) 
115191     DEBUG main            d.u.i.k.r.m.MethodCall    method-call: called for super.<init>(); 
115191     DEBUG main            d.u.i.k.r.m.MethodCall    method-call: super invocation of method detected.Requires static resolving. 
115195     DEBUG main            d.u.i.k.j.TypeConverter   typeconverter: (prefix this;, class class de.uka.ilkd.key.java.reference.ThisReference) 
115206     DEBUG main            d.u.i.k.j.TypeConverter   TypeConverter: FieldReference: o0; 
115215     DEBUG main            d.u.i.k.r.m.MethodCall    method-call: called for ObjectOrientation.<createObject>(); 
115215     DEBUG main            d.u.i.k.r.m.MethodCall    method-call: invocation of static method detected 
115220     DEBUG main            d.u.i.k.r.m.MethodCall    method-call: called for ObjectOrientation.<allocate>(); 
115220     DEBUG main            d.u.i.k.r.m.MethodCall    method-call: invocation of static method detected 
115256     DEBUG main            d.u.i.k.j.TypeConverter   typeconverter: (prefix this;, class class de.uka.ilkd.key.java.reference.ThisReference) 
115261     DEBUG main            d.u.i.k.r.m.MethodCall    method-call: called for <prepareEnter>(); 
115261     DEBUG main            d.u.i.k.r.m.MethodCall    method-call: invocation of private method detected.Requires static resolving. 
115265     DEBUG main            d.u.i.k.r.m.MethodCall    method-call: called for super.<prepare>(); 
115265     DEBUG main            d.u.i.k.r.m.MethodCall    method-call: super invocation of method detected.Requires static resolving. 
115270     DEBUG main            d.u.i.k.j.TypeConverter   typeconverter: (prefix this;, class class de.uka.ilkd.key.java.reference.ThisReference) 
115275     DEBUG main            d.u.i.k.j.TypeConverter   typeconverter: (prefix this;, class class de.uka.ilkd.key.java.reference.ThisReference) 
115298     DEBUG main            d.u.i.k.r.m.MethodCall    method-call: called for super.<init>(); 
115298     DEBUG main            d.u.i.k.r.m.MethodCall    method-call: super invocation of method detected.Requires static resolving. 
115303     DEBUG main            d.u.i.k.j.TypeConverter   typeconverter: (prefix this;, class class de.uka.ilkd.key.java.reference.ThisReference) 
115318     DEBUG main            d.u.i.k.j.TypeConverter   TypeConverter: FieldReference: o1; 
115330     DEBUG main            d.u.i.k.j.TypeConverter   TypeConverter: FieldReference: high; 
115370     DEBUG main            d.u.i.k.j.TypeConverter   TypeConverter: FieldReference: o1; 
115382     DEBUG main            d.u.i.k.j.TypeConverter   TypeConverter: FieldReference: o2; 
115392     DEBUG main            d.u.i.k.j.TypeConverter   TypeConverter: FieldReference: o0; 
115412     DEBUG main            d.u.i.k.j.TypeConverter   TypeConverter: FieldReference: o2; 
143226     INFO  main            d.u.i.k.p.r.p.TestFile    ... finished proof: open goal(s) 
143478     DEBUG main            d.u.i.k.s.TermLabelSettings TermLabelSettings: Failure while reading the setting "UseOriginLabels".Using the default value: true.The string read was: null 
143478     INFO  main            d.u.i.k.p.r.p.TestFile    Now processing file /home/runner/work/key/key/key.core/../key.ui/examples/InformationFlow/NewObjects/object.ObjectOrientation(object.ObjectOrientation__secure_two_object_creation()).Non-interference contract.0.m.key 
144319     DEBUG main            d.u.i.k.j.r.ClassPreparationMethodBuilder clPrepBuilder: Inner Class detected. Reject building class initialisation methods. 
144367     DEBUG main            d.u.i.k.j.Recoder2KeY     converting now /home/runner/work/key/key/key.core/../key.ui/examples/InformationFlow/NewObjects/src/object/Naumann.java 
144368     DEBUG main            d.u.i.k.j.Recoder2KeY     converting now /home/runner/work/key/key/key.core/../key.ui/examples/InformationFlow/NewObjects/src/object/AmtoftBanerjee.java 
144369     DEBUG main            d.u.i.k.j.Recoder2KeY     converting now /home/runner/work/key/key/key.core/../key.ui/examples/InformationFlow/NewObjects/src/object/AmtoftBanerjee2.java 
144370     DEBUG main            d.u.i.k.j.Recoder2KeY     converting now /home/runner/work/key/key/key.core/../key.ui/examples/InformationFlow/NewObjects/src/object/ObjectOrientation.java 
144371     DEBUG main            d.u.i.k.j.Recoder2KeY     converting now /home/runner/work/key/key/key.core/../key.ui/examples/InformationFlow/NewObjects/src/object/AmtoftBanerjee3.java 
144375     DEBUG main            d.u.i.k.s.TermLabelSettings TermLabelSettings: Failure while reading the setting "UseOriginLabels".Using the default value: true.The string read was: null 
144375     DEBUG main            d.u.i.k.p.i.KeYFile       Reading KeY file /home/runner/work/key/key/key.core/../key.ui/examples/InformationFlow/NewObjects/object.ObjectOrientation(object.ObjectOrientation__secure_two_object_creation()).Non-interference contract.0.m.key 
144376     DEBUG main            d.u.i.k.p.i.KeYFile       Reading KeY file file:/home/runner/work/key/key/key.core/build/resources/main/de/uka/ilkd/key/java/JavaRedux/java/lang/String.key 
144379     DEBUG main            d.u.i.k.p.i.KeYFile       Read specifications obtained when parsing the Java files (usually JML and Strings.key) from file:/home/runner/work/key/key/key.core/build/resources/main/de/uka/ilkd/key/java/JavaRedux/java/lang/String.key 
146195     DEBUG main            d.u.i.k.p.i.KeYFile       Read specifications obtained when parsing the Java files (usually JML and Strings.key) from /home/runner/work/key/key/key.core/../key.ui/examples/InformationFlow/NewObjects/object.ObjectOrientation(object.ObjectOrientation__secure_two_object_creation()).Non-interference contract.0.m.key 
146234     DEBUG main            d.u.i.k.m.s.ProofScriptEngine 1: 'macro 'infflow-autopilot'' 
146261     DEBUG main            d.u.i.k.p.m.ProofCorrectnessMgt No justification found for rule Class_invariant_axiom_for_object_ObjectOrientation 
146275     DEBUG main            d.u.i.k.r.m.MethodCall    method-call: called for ObjectOrientation.<createObject>(); 
146275     DEBUG main            d.u.i.k.r.m.MethodCall    method-call: invocation of static method detected 
146279     DEBUG main            d.u.i.k.r.m.MethodCall    method-call: called for ObjectOrientation.<allocate>(); 
146279     DEBUG main            d.u.i.k.r.m.MethodCall    method-call: invocation of static method detected 
146289     DEBUG main            d.u.i.k.j.TypeConverter   typeconverter: (prefix this;, class class de.uka.ilkd.key.java.reference.ThisReference) 
146292     DEBUG main            d.u.i.k.r.m.MethodCall    method-call: called for <prepareEnter>(); 
146292     DEBUG main            d.u.i.k.r.m.MethodCall    method-call: invocation of private method detected.Requires static resolving. 
146295     DEBUG main            d.u.i.k.r.m.MethodCall    method-call: called for super.<prepare>(); 
146296     DEBUG main            d.u.i.k.r.m.MethodCall    method-call: super invocation of method detected.Requires static resolving. 
146300     DEBUG main            d.u.i.k.j.TypeConverter   typeconverter: (prefix this;, class class de.uka.ilkd.key.java.reference.ThisReference) 
146304     DEBUG main            d.u.i.k.j.TypeConverter   typeconverter: (prefix this;, class class de.uka.ilkd.key.java.reference.ThisReference) 
146321     DEBUG main            d.u.i.k.r.m.MethodCall    method-call: called for super.<init>(); 
146321     DEBUG main            d.u.i.k.r.m.MethodCall    method-call: super invocation of method detected.Requires static resolving. 
146325     DEBUG main            d.u.i.k.j.TypeConverter   typeconverter: (prefix this;, class class de.uka.ilkd.key.java.reference.ThisReference) 
146336     DEBUG main            d.u.i.k.j.TypeConverter   TypeConverter: FieldReference: o0; 
146344     DEBUG main            d.u.i.k.r.m.MethodCall    method-call: called for ObjectOrientation.<createObject>(); 
146344     DEBUG main            d.u.i.k.r.m.MethodCall    method-call: invocation of static method detected 
146349     DEBUG main            d.u.i.k.r.m.MethodCall    method-call: called for ObjectOrientation.<allocate>(); 
146350     DEBUG main            d.u.i.k.r.m.MethodCall    method-call: invocation of static method detected 
146385     DEBUG main            d.u.i.k.j.TypeConverter   typeconverter: (prefix this;, class class de.uka.ilkd.key.java.reference.ThisReference) 
146389     DEBUG main            d.u.i.k.r.m.MethodCall    method-call: called for <prepareEnter>(); 
146389     DEBUG main            d.u.i.k.r.m.MethodCall    method-call: invocation of private method detected.Requires static resolving. 
146393     DEBUG main            d.u.i.k.r.m.MethodCall    method-call: called for super.<prepare>(); 
146393     DEBUG main            d.u.i.k.r.m.MethodCall    method-call: super invocation of method detected.Requires static resolving. 
146398     DEBUG main            d.u.i.k.j.TypeConverter   typeconverter: (prefix this;, class class de.uka.ilkd.key.java.reference.ThisReference) 
146403     DEBUG main            d.u.i.k.j.TypeConverter   typeconverter: (prefix this;, class class de.uka.ilkd.key.java.reference.ThisReference) 
146426     DEBUG main            d.u.i.k.r.m.MethodCall    method-call: called for super.<init>(); 
146426     DEBUG main            d.u.i.k.r.m.MethodCall    method-call: super invocation of method detected.Requires static resolving. 
146431     DEBUG main            d.u.i.k.j.TypeConverter   typeconverter: (prefix this;, class class de.uka.ilkd.key.java.reference.ThisReference) 
146445     DEBUG main            d.u.i.k.j.TypeConverter   TypeConverter: FieldReference: o1; 
146452     DEBUG main            d.u.i.k.j.TypeConverter   TypeConverter: FieldReference: o0; 
146474     DEBUG main            d.u.i.k.j.TypeConverter   TypeConverter: FieldReference: o2; 
155797     INFO  main            d.u.i.k.p.r.p.TestFile    ... finished proof: closed. 
156076     DEBUG main            d.u.i.k.s.TermLabelSettings TermLabelSettings: Failure while reading the setting "UseOriginLabels".Using the default value: true.The string read was: null 
156076     INFO  main            d.u.i.k.p.r.p.TestFile    Now processing file /home/runner/work/key/key/key.core/../key.ui/examples/InformationFlow/NewObjects/object.ObjectOrientation(object.ObjectOrientation__insecure_object_assignment()).Non-interference contract.1.m.key 
156917     DEBUG main            d.u.i.k.j.r.ClassPreparationMethodBuilder clPrepBuilder: Inner Class detected. Reject building class initialisation methods. 
156965     DEBUG main            d.u.i.k.j.Recoder2KeY     converting now /home/runner/work/key/key/key.core/../key.ui/examples/InformationFlow/NewObjects/src/object/Naumann.java 
156966     DEBUG main            d.u.i.k.j.Recoder2KeY     converting now /home/runner/work/key/key/key.core/../key.ui/examples/InformationFlow/NewObjects/src/object/AmtoftBanerjee.java 
156967     DEBUG main            d.u.i.k.j.Recoder2KeY     converting now /home/runner/work/key/key/key.core/../key.ui/examples/InformationFlow/NewObjects/src/object/AmtoftBanerjee2.java 
156967     DEBUG main            d.u.i.k.j.Recoder2KeY     converting now /home/runner/work/key/key/key.core/../key.ui/examples/InformationFlow/NewObjects/src/object/ObjectOrientation.java 
156969     DEBUG main            d.u.i.k.j.Recoder2KeY     converting now /home/runner/work/key/key/key.core/../key.ui/examples/InformationFlow/NewObjects/src/object/AmtoftBanerjee3.java 
156973     DEBUG main            d.u.i.k.s.TermLabelSettings TermLabelSettings: Failure while reading the setting "UseOriginLabels".Using the default value: true.The string read was: null 
156973     DEBUG main            d.u.i.k.p.i.KeYFile       Reading KeY file /home/runner/work/key/key/key.core/../key.ui/examples/InformationFlow/NewObjects/object.ObjectOrientation(object.ObjectOrientation__insecure_object_assignment()).Non-interference contract.1.m.key 
156974     DEBUG main            d.u.i.k.p.i.KeYFile       Reading KeY file file:/home/runner/work/key/key/key.core/build/resources/main/de/uka/ilkd/key/java/JavaRedux/java/lang/String.key 
156977     DEBUG main            d.u.i.k.p.i.KeYFile       Read specifications obtained when parsing the Java files (usually JML and Strings.key) from file:/home/runner/work/key/key/key.core/build/resources/main/de/uka/ilkd/key/java/JavaRedux/java/lang/String.key 
158778     DEBUG main            d.u.i.k.p.i.KeYFile       Read specifications obtained when parsing the Java files (usually JML and Strings.key) from /home/runner/work/key/key/key.core/../key.ui/examples/InformationFlow/NewObjects/object.ObjectOrientation(object.ObjectOrientation__insecure_object_assignment()).Non-interference contract.1.m.key 
158817     DEBUG main            d.u.i.k.m.s.ProofScriptEngine 1: 'macro 'infflow-autopilot'' 
158845     DEBUG main            d.u.i.k.p.m.ProofCorrectnessMgt No justification found for rule Class_invariant_axiom_for_object_ObjectOrientation 
158851     DEBUG main            d.u.i.k.j.TypeConverter   TypeConverter: FieldReference: high_object; 
158853     DEBUG main            d.u.i.k.j.TypeConverter   TypeConverter: FieldReference: o0; 
167036     INFO  main            d.u.i.k.p.r.p.TestFile    ... finished proof: open goal(s) 
167234     DEBUG main            d.u.i.k.s.TermLabelSettings TermLabelSettings: Failure while reading the setting "UseOriginLabels".Using the default value: true.The string read was: null 
167234     INFO  main            d.u.i.k.p.r.p.TestFile    Now processing file /home/runner/work/key/key/key.core/../key.ui/examples/InformationFlow/NewObjects/object.ObjectOrientation(object.ObjectOrientation__insecure_object_assignment()).Non-interference contract.0.m.key 
168074     DEBUG main            d.u.i.k.j.r.ClassPreparationMethodBuilder clPrepBuilder: Inner Class detected. Reject building class initialisation methods. 
168128     DEBUG main            d.u.i.k.j.Recoder2KeY     converting now /home/runner/work/key/key/key.core/../key.ui/examples/InformationFlow/NewObjects/src/object/Naumann.java 
168129     DEBUG main            d.u.i.k.j.Recoder2KeY     converting now /home/runner/work/key/key/key.core/../key.ui/examples/InformationFlow/NewObjects/src/object/AmtoftBanerjee.java 
168130     DEBUG main            d.u.i.k.j.Recoder2KeY     converting now /home/runner/work/key/key/key.core/../key.ui/examples/InformationFlow/NewObjects/src/object/AmtoftBanerjee2.java 
168131     DEBUG main            d.u.i.k.j.Recoder2KeY     converting now /home/runner/work/key/key/key.core/../key.ui/examples/InformationFlow/NewObjects/src/object/ObjectOrientation.java 
168132     DEBUG main            d.u.i.k.j.Recoder2KeY     converting now /home/runner/work/key/key/key.core/../key.ui/examples/InformationFlow/NewObjects/src/object/AmtoftBanerjee3.java 
168136     DEBUG main            d.u.i.k.s.TermLabelSettings TermLabelSettings: Failure while reading the setting "UseOriginLabels".Using the default value: true.The string read was: null 
168136     DEBUG main            d.u.i.k.p.i.KeYFile       Reading KeY file /home/runner/work/key/key/key.core/../key.ui/examples/InformationFlow/NewObjects/object.ObjectOrientation(object.ObjectOrientation__insecure_object_assignment()).Non-interference contract.0.m.key 
168137     DEBUG main            d.u.i.k.p.i.KeYFile       Reading KeY file file:/home/runner/work/key/key/key.core/build/resources/main/de/uka/ilkd/key/java/JavaRedux/java/lang/String.key 
168140     DEBUG main            d.u.i.k.p.i.KeYFile       Read specifications obtained when parsing the Java files (usually JML and Strings.key) from file:/home/runner/work/key/key/key.core/build/resources/main/de/uka/ilkd/key/java/JavaRedux/java/lang/String.key 
169951     DEBUG main            d.u.i.k.p.i.KeYFile       Read specifications obtained when parsing the Java files (usually JML and Strings.key) from /home/runner/work/key/key/key.core/../key.ui/examples/InformationFlow/NewObjects/object.ObjectOrientation(object.ObjectOrientation__insecure_object_assignment()).Non-interference contract.0.m.key 
169990     DEBUG main            d.u.i.k.m.s.ProofScriptEngine 1: 'macro 'infflow-autopilot'' 
170018     DEBUG main            d.u.i.k.p.m.ProofCorrectnessMgt No justification found for rule Class_invariant_axiom_for_object_ObjectOrientation 
170024     DEBUG main            d.u.i.k.j.TypeConverter   TypeConverter: FieldReference: high_object; 
170027     DEBUG main            d.u.i.k.j.TypeConverter   TypeConverter: FieldReference: o0; 
170202     INFO  main            d.u.i.k.p.r.p.TestFile    ... finished proof: open goal(s) 
170409     DEBUG main            d.u.i.k.s.TermLabelSettings TermLabelSettings: Failure while reading the setting "UseOriginLabels".Using the default value: true.The string read was: null 
170409     INFO  main            d.u.i.k.p.r.p.TestFile    Now processing file /home/runner/work/key/key/key.core/../key.ui/examples/InformationFlow/NewObjects/object.ObjectOrientation(object.ObjectOrientation__secure_object_creation_3()).Non-interference contract.0.m.key 
171288     DEBUG main            d.u.i.k.j.r.ClassPreparationMethodBuilder clPrepBuilder: Inner Class detected. Reject building class initialisation methods. 
171339     DEBUG main            d.u.i.k.j.Recoder2KeY     converting now /home/runner/work/key/key/key.core/../key.ui/examples/InformationFlow/NewObjects/src/object/Naumann.java 
171341     DEBUG main            d.u.i.k.j.Recoder2KeY     converting now /home/runner/work/key/key/key.core/../key.ui/examples/InformationFlow/NewObjects/src/object/AmtoftBanerjee.java 
171342     DEBUG main            d.u.i.k.j.Recoder2KeY     converting now /home/runner/work/key/key/key.core/../key.ui/examples/InformationFlow/NewObjects/src/object/AmtoftBanerjee2.java 
171343     DEBUG main            d.u.i.k.j.Recoder2KeY     converting now /home/runner/work/key/key/key.core/../key.ui/examples/InformationFlow/NewObjects/src/object/ObjectOrientation.java 
171346     DEBUG main            d.u.i.k.j.Recoder2KeY     converting now /home/runner/work/key/key/key.core/../key.ui/examples/InformationFlow/NewObjects/src/object/AmtoftBanerjee3.java 
171352     DEBUG main            d.u.i.k.s.TermLabelSettings TermLabelSettings: Failure while reading the setting "UseOriginLabels".Using the default value: true.The string read was: null 
171352     DEBUG main            d.u.i.k.p.i.KeYFile       Reading KeY file /home/runner/work/key/key/key.core/../key.ui/examples/InformationFlow/NewObjects/object.ObjectOrientation(object.ObjectOrientation__secure_object_creation_3()).Non-interference contract.0.m.key 
171353     DEBUG main            d.u.i.k.p.i.KeYFile       Reading KeY file file:/home/runner/work/key/key/key.core/build/resources/main/de/uka/ilkd/key/java/JavaRedux/java/lang/String.key 
171366     DEBUG main            d.u.i.k.p.i.KeYFile       Read specifications obtained when parsing the Java files (usually JML and Strings.key) from file:/home/runner/work/key/key/key.core/build/resources/main/de/uka/ilkd/key/java/JavaRedux/java/lang/String.key 
173217     DEBUG main            d.u.i.k.p.i.KeYFile       Read specifications obtained when parsing the Java files (usually JML and Strings.key) from /home/runner/work/key/key/key.core/../key.ui/examples/InformationFlow/NewObjects/object.ObjectOrientation(object.ObjectOrientation__secure_object_creation_3()).Non-interference contract.0.m.key 
173260     DEBUG main            d.u.i.k.m.s.ProofScriptEngine 1: 'macro 'infflow-autopilot'' 
173296     DEBUG main            d.u.i.k.p.m.ProofCorrectnessMgt No justification found for rule Class_invariant_axiom_for_object_ObjectOrientation 
173310     DEBUG main            d.u.i.k.r.m.MethodCall    method-call: called for ObjectOrientation.<createObject>(); 
173310     DEBUG main            d.u.i.k.r.m.MethodCall    method-call: invocation of static method detected 
173315     DEBUG main            d.u.i.k.r.m.MethodCall    method-call: called for ObjectOrientation.<allocate>(); 
173315     DEBUG main            d.u.i.k.r.m.MethodCall    method-call: invocation of static method detected 
173327     DEBUG main            d.u.i.k.j.TypeConverter   typeconverter: (prefix this;, class class de.uka.ilkd.key.java.reference.ThisReference) 
173330     DEBUG main            d.u.i.k.r.m.MethodCall    method-call: called for <prepareEnter>(); 
173330     DEBUG main            d.u.i.k.r.m.MethodCall    method-call: invocation of private method detected.Requires static resolving. 
173333     DEBUG main            d.u.i.k.r.m.MethodCall    method-call: called for super.<prepare>(); 
173333     DEBUG main            d.u.i.k.r.m.MethodCall    method-call: super invocation of method detected.Requires static resolving. 
173338     DEBUG main            d.u.i.k.j.TypeConverter   typeconverter: (prefix this;, class class de.uka.ilkd.key.java.reference.ThisReference) 
173342     DEBUG main            d.u.i.k.j.TypeConverter   typeconverter: (prefix this;, class class de.uka.ilkd.key.java.reference.ThisReference) 
173360     DEBUG main            d.u.i.k.r.m.MethodCall    method-call: called for super.<init>(); 
173360     DEBUG main            d.u.i.k.r.m.MethodCall    method-call: super invocation of method detected.Requires static resolving. 
173364     DEBUG main            d.u.i.k.j.TypeConverter   typeconverter: (prefix this;, class class de.uka.ilkd.key.java.reference.ThisReference) 
173659     INFO  main            d.u.i.k.p.r.p.TestFile    ... finished proof: closed. 
173862     DEBUG main            d.u.i.k.s.TermLabelSettings TermLabelSettings: Failure while reading the setting "UseOriginLabels".Using the default value: true.The string read was: null 
173862     INFO  main            d.u.i.k.p.r.p.TestFile    Now processing file /home/runner/work/key/key/key.core/../key.ui/examples/InformationFlow/NewObjects/object.ObjectOrientation(object.ObjectOrientation__secure_object_creation_2()).Non-interference contract.0.m.key 
174722     DEBUG main            d.u.i.k.j.r.ClassPreparationMethodBuilder clPrepBuilder: Inner Class detected. Reject building class initialisation methods. 
174770     DEBUG main            d.u.i.k.j.Recoder2KeY     converting now /home/runner/work/key/key/key.core/../key.ui/examples/InformationFlow/NewObjects/src/object/Naumann.java 
174771     DEBUG main            d.u.i.k.j.Recoder2KeY     converting now /home/runner/work/key/key/key.core/../key.ui/examples/InformationFlow/NewObjects/src/object/AmtoftBanerjee.java 
174772     DEBUG main            d.u.i.k.j.Recoder2KeY     converting now /home/runner/work/key/key/key.core/../key.ui/examples/InformationFlow/NewObjects/src/object/AmtoftBanerjee2.java 
174773     DEBUG main            d.u.i.k.j.Recoder2KeY     converting now /home/runner/work/key/key/key.core/../key.ui/examples/InformationFlow/NewObjects/src/object/ObjectOrientation.java 
174774     DEBUG main            d.u.i.k.j.Recoder2KeY     converting now /home/runner/work/key/key/key.core/../key.ui/examples/InformationFlow/NewObjects/src/object/AmtoftBanerjee3.java 
174778     DEBUG main            d.u.i.k.s.TermLabelSettings TermLabelSettings: Failure while reading the setting "UseOriginLabels".Using the default value: true.The string read was: null 
174778     DEBUG main            d.u.i.k.p.i.KeYFile       Reading KeY file /home/runner/work/key/key/key.core/../key.ui/examples/InformationFlow/NewObjects/object.ObjectOrientation(object.ObjectOrientation__secure_object_creation_2()).Non-interference contract.0.m.key 
174779     DEBUG main            d.u.i.k.p.i.KeYFile       Reading KeY file file:/home/runner/work/key/key/key.core/build/resources/main/de/uka/ilkd/key/java/JavaRedux/java/lang/String.key 
174782     DEBUG main            d.u.i.k.p.i.KeYFile       Read specifications obtained when parsing the Java files (usually JML and Strings.key) from file:/home/runner/work/key/key/key.core/build/resources/main/de/uka/ilkd/key/java/JavaRedux/java/lang/String.key 
176593     DEBUG main            d.u.i.k.p.i.KeYFile       Read specifications obtained when parsing the Java files (usually JML and Strings.key) from /home/runner/work/key/key/key.core/../key.ui/examples/InformationFlow/NewObjects/object.ObjectOrientation(object.ObjectOrientation__secure_object_creation_2()).Non-interference contract.0.m.key 
176631     DEBUG main            d.u.i.k.m.s.ProofScriptEngine 1: 'macro 'infflow-autopilot'' 
176659     DEBUG main            d.u.i.k.p.m.ProofCorrectnessMgt No justification found for rule Class_invariant_axiom_for_object_ObjectOrientation 
176672     DEBUG main            d.u.i.k.r.m.MethodCall    method-call: called for ObjectOrientation.<createObject>(); 
176673     DEBUG main            d.u.i.k.r.m.MethodCall    method-call: invocation of static method detected 
176676     DEBUG main            d.u.i.k.r.m.MethodCall    method-call: called for ObjectOrientation.<allocate>(); 
176676     DEBUG main            d.u.i.k.r.m.MethodCall    method-call: invocation of static method detected 
176686     DEBUG main            d.u.i.k.j.TypeConverter   typeconverter: (prefix this;, class class de.uka.ilkd.key.java.reference.ThisReference) 
176689     DEBUG main            d.u.i.k.r.m.MethodCall    method-call: called for <prepareEnter>(); 
176689     DEBUG main            d.u.i.k.r.m.MethodCall    method-call: invocation of private method detected.Requires static resolving. 
176692     DEBUG main            d.u.i.k.r.m.MethodCall    method-call: called for super.<prepare>(); 
176693     DEBUG main            d.u.i.k.r.m.MethodCall    method-call: super invocation of method detected.Requires static resolving. 
176697     DEBUG main            d.u.i.k.j.TypeConverter   typeconverter: (prefix this;, class class de.uka.ilkd.key.java.reference.ThisReference) 
176701     DEBUG main            d.u.i.k.j.TypeConverter   typeconverter: (prefix this;, class class de.uka.ilkd.key.java.reference.ThisReference) 
176718     DEBUG main            d.u.i.k.r.m.MethodCall    method-call: called for super.<init>(); 
176718     DEBUG main            d.u.i.k.r.m.MethodCall    method-call: super invocation of method detected.Requires static resolving. 
176722     DEBUG main            d.u.i.k.j.TypeConverter   typeconverter: (prefix this;, class class de.uka.ilkd.key.java.reference.ThisReference) 
176900     INFO  main            d.u.i.k.p.r.p.TestFile    ... finished proof: closed. 
177093     DEBUG main            d.u.i.k.s.TermLabelSettings TermLabelSettings: Failure while reading the setting "UseOriginLabels".Using the default value: true.The string read was: null 
177093     INFO  main            d.u.i.k.p.r.p.TestFile    Now processing file /home/runner/work/key/key/key.core/../key.ui/examples/InformationFlow/NewObjects/object.ObjectOrientation(object.ObjectOrientation__secure_object_creation()).Non-interference contract.0.m.key 
177935     DEBUG main            d.u.i.k.j.r.ClassPreparationMethodBuilder clPrepBuilder: Inner Class detected. Reject building class initialisation methods. 
177982     DEBUG main            d.u.i.k.j.Recoder2KeY     converting now /home/runner/work/key/key/key.core/../key.ui/examples/InformationFlow/NewObjects/src/object/Naumann.java 
177983     DEBUG main            d.u.i.k.j.Recoder2KeY     converting now /home/runner/work/key/key/key.core/../key.ui/examples/InformationFlow/NewObjects/src/object/AmtoftBanerjee.java 
177984     DEBUG main            d.u.i.k.j.Recoder2KeY     converting now /home/runner/work/key/key/key.core/../key.ui/examples/InformationFlow/NewObjects/src/object/AmtoftBanerjee2.java 
177985     DEBUG main            d.u.i.k.j.Recoder2KeY     converting now /home/runner/work/key/key/key.core/../key.ui/examples/InformationFlow/NewObjects/src/object/ObjectOrientation.java 
177986     DEBUG main            d.u.i.k.j.Recoder2KeY     converting now /home/runner/work/key/key/key.core/../key.ui/examples/InformationFlow/NewObjects/src/object/AmtoftBanerjee3.java 
177990     DEBUG main            d.u.i.k.s.TermLabelSettings TermLabelSettings: Failure while reading the setting "UseOriginLabels".Using the default value: true.The string read was: null 
177990     DEBUG main            d.u.i.k.p.i.KeYFile       Reading KeY file /home/runner/work/key/key/key.core/../key.ui/examples/InformationFlow/NewObjects/object.ObjectOrientation(object.ObjectOrientation__secure_object_creation()).Non-interference contract.0.m.key 
177991     DEBUG main            d.u.i.k.p.i.KeYFile       Reading KeY file file:/home/runner/work/key/key/key.core/build/resources/main/de/uka/ilkd/key/java/JavaRedux/java/lang/String.key 
177994     DEBUG main            d.u.i.k.p.i.KeYFile       Read specifications obtained when parsing the Java files (usually JML and Strings.key) from file:/home/runner/work/key/key/key.core/build/resources/main/de/uka/ilkd/key/java/JavaRedux/java/lang/String.key 
179786     DEBUG main            d.u.i.k.p.i.KeYFile       Read specifications obtained when parsing the Java files (usually JML and Strings.key) from /home/runner/work/key/key/key.core/../key.ui/examples/InformationFlow/NewObjects/object.ObjectOrientation(object.ObjectOrientation__secure_object_creation()).Non-interference contract.0.m.key 
179836     DEBUG main            d.u.i.k.m.s.ProofScriptEngine 1: 'macro 'infflow-autopilot'' 
179866     DEBUG main            d.u.i.k.p.m.ProofCorrectnessMgt No justification found for rule Class_invariant_axiom_for_object_ObjectOrientation 
179880     DEBUG main            d.u.i.k.r.m.MethodCall    method-call: called for ObjectOrientation.<createObject>(); 
179881     DEBUG main            d.u.i.k.r.m.MethodCall    method-call: invocation of static method detected 
179886     DEBUG main            d.u.i.k.r.m.MethodCall    method-call: called for ObjectOrientation.<allocate>(); 
179886     DEBUG main            d.u.i.k.r.m.MethodCall    method-call: invocation of static method detected 
179897     DEBUG main            d.u.i.k.j.TypeConverter   typeconverter: (prefix this;, class class de.uka.ilkd.key.java.reference.ThisReference) 
179901     DEBUG main            d.u.i.k.r.m.MethodCall    method-call: called for <prepareEnter>(); 
179901     DEBUG main            d.u.i.k.r.m.MethodCall    method-call: invocation of private method detected.Requires static resolving. 
179904     DEBUG main            d.u.i.k.r.m.MethodCall    method-call: called for super.<prepare>(); 
179904     DEBUG main            d.u.i.k.r.m.MethodCall    method-call: super invocation of method detected.Requires static resolving. 
179908     DEBUG main            d.u.i.k.j.TypeConverter   typeconverter: (prefix this;, class class de.uka.ilkd.key.java.reference.ThisReference) 
179912     DEBUG main            d.u.i.k.j.TypeConverter   typeconverter: (prefix this;, class class de.uka.ilkd.key.java.reference.ThisReference) 
179930     DEBUG main            d.u.i.k.r.m.MethodCall    method-call: called for super.<init>(); 
179930     DEBUG main            d.u.i.k.r.m.MethodCall    method-call: super invocation of method detected.Requires static resolving. 
179934     DEBUG main            d.u.i.k.j.TypeConverter   typeconverter: (prefix this;, class class de.uka.ilkd.key.java.reference.ThisReference) 
180199     INFO  main            d.u.i.k.p.r.p.TestFile    ... finished proof: closed. 
180395     DEBUG main            d.u.i.k.s.TermLabelSettings TermLabelSettings: Failure while reading the setting "UseOriginLabels".Using the default value: true.The string read was: null 
180396     INFO  main            d.u.i.k.p.r.p.TestFile    Now processing file /home/runner/work/key/key/key.core/../key.ui/examples/InformationFlow/NewObjects/object.AmtoftBanerjee2(object.AmtoftBanerjee2__expensive(int)).Non-interference contract.0.m.key 
181235     DEBUG main            d.u.i.k.j.r.ClassPreparationMethodBuilder clPrepBuilder: Inner Class detected. Reject building class initialisation methods. 
181282     DEBUG main            d.u.i.k.j.Recoder2KeY     converting now /home/runner/work/key/key/key.core/../key.ui/examples/InformationFlow/NewObjects/src/object/Naumann.java 
181283     DEBUG main            d.u.i.k.j.Recoder2KeY     converting now /home/runner/work/key/key/key.core/../key.ui/examples/InformationFlow/NewObjects/src/object/AmtoftBanerjee.java 
181284     DEBUG main            d.u.i.k.j.Recoder2KeY     converting now /home/runner/work/key/key/key.core/../key.ui/examples/InformationFlow/NewObjects/src/object/AmtoftBanerjee2.java 
181284     DEBUG main            d.u.i.k.j.Recoder2KeY     converting now /home/runner/work/key/key/key.core/../key.ui/examples/InformationFlow/NewObjects/src/object/ObjectOrientation.java 
181285     DEBUG main            d.u.i.k.j.Recoder2KeY     converting now /home/runner/work/key/key/key.core/../key.ui/examples/InformationFlow/NewObjects/src/object/AmtoftBanerjee3.java 
181289     DEBUG main            d.u.i.k.s.TermLabelSettings TermLabelSettings: Failure while reading the setting "UseOriginLabels".Using the default value: true.The string read was: null 
181289     DEBUG main            d.u.i.k.p.i.KeYFile       Reading KeY file /home/runner/work/key/key/key.core/../key.ui/examples/InformationFlow/NewObjects/object.AmtoftBanerjee2(object.AmtoftBanerjee2__expensive(int)).Non-interference contract.0.m.key 
181290     DEBUG main            d.u.i.k.p.i.KeYFile       Reading KeY file file:/home/runner/work/key/key/key.core/build/resources/main/de/uka/ilkd/key/java/JavaRedux/java/lang/String.key 
181292     DEBUG main            d.u.i.k.p.i.KeYFile       Read specifications obtained when parsing the Java files (usually JML and Strings.key) from file:/home/runner/work/key/key/key.core/build/resources/main/de/uka/ilkd/key/java/JavaRedux/java/lang/String.key 
183136     DEBUG main            d.u.i.k.p.i.KeYFile       Read specifications obtained when parsing the Java files (usually JML and Strings.key) from /home/runner/work/key/key/key.core/../key.ui/examples/InformationFlow/NewObjects/object.AmtoftBanerjee2(object.AmtoftBanerjee2__expensive(int)).Non-interference contract.0.m.key 
183176     DEBUG main            d.u.i.k.m.s.ProofScriptEngine 1: 'macro 'infflow-autopilot'' 
183256     INFO  main            d.u.i.k.p.r.p.TestFile    ... finished proof: closed. 
183437     DEBUG main            d.u.i.k.s.TermLabelSettings TermLabelSettings: Failure while reading the setting "UseOriginLabels".Using the default value: true.The string read was: null 
183437     INFO  main            d.u.i.k.p.r.p.TestFile    Now processing file /home/runner/work/key/key/key.core/../key.ui/examples/InformationFlow/NewObjects/object.AmtoftBanerjee2(object.AmtoftBanerjee2__cexp(int)).Non-interference contract.0.m.key 
184290     DEBUG main            d.u.i.k.j.r.ClassPreparationMethodBuilder clPrepBuilder: Inner Class detected. Reject building class initialisation methods. 
184337     DEBUG main            d.u.i.k.j.Recoder2KeY     converting now /home/runner/work/key/key/key.core/../key.ui/examples/InformationFlow/NewObjects/src/object/Naumann.java 
184338     DEBUG main            d.u.i.k.j.Recoder2KeY     converting now /home/runner/work/key/key/key.core/../key.ui/examples/InformationFlow/NewObjects/src/object/AmtoftBanerjee.java 
184339     DEBUG main            d.u.i.k.j.Recoder2KeY     converting now /home/runner/work/key/key/key.core/../key.ui/examples/InformationFlow/NewObjects/src/object/AmtoftBanerjee2.java 
184339     DEBUG main            d.u.i.k.j.Recoder2KeY     converting now /home/runner/work/key/key/key.core/../key.ui/examples/InformationFlow/NewObjects/src/object/ObjectOrientation.java 
184340     DEBUG main            d.u.i.k.j.Recoder2KeY     converting now /home/runner/work/key/key/key.core/../key.ui/examples/InformationFlow/NewObjects/src/object/AmtoftBanerjee3.java 
184344     DEBUG main            d.u.i.k.s.TermLabelSettings TermLabelSettings: Failure while reading the setting "UseOriginLabels".Using the default value: true.The string read was: null 
184344     DEBUG main            d.u.i.k.p.i.KeYFile       Reading KeY file /home/runner/work/key/key/key.core/../key.ui/examples/InformationFlow/NewObjects/object.AmtoftBanerjee2(object.AmtoftBanerjee2__cexp(int)).Non-interference contract.0.m.key 
184345     DEBUG main            d.u.i.k.p.i.KeYFile       Reading KeY file file:/home/runner/work/key/key/key.core/build/resources/main/de/uka/ilkd/key/java/JavaRedux/java/lang/String.key 
184347     DEBUG main            d.u.i.k.p.i.KeYFile       Read specifications obtained when parsing the Java files (usually JML and Strings.key) from file:/home/runner/work/key/key/key.core/build/resources/main/de/uka/ilkd/key/java/JavaRedux/java/lang/String.key 
186153     DEBUG main            d.u.i.k.p.i.KeYFile       Read specifications obtained when parsing the Java files (usually JML and Strings.key) from /home/runner/work/key/key/key.core/../key.ui/examples/InformationFlow/NewObjects/object.AmtoftBanerjee2(object.AmtoftBanerjee2__cexp(int)).Non-interference contract.0.m.key 
186202     DEBUG main            d.u.i.k.m.s.ProofScriptEngine 1: 'macro 'infflow-autopilot'' 
186230     DEBUG main            d.u.i.k.p.m.ProofCorrectnessMgt No justification found for rule Class_invariant_axiom_for_object_AmtoftBanerjee2 
186242     DEBUG main            d.u.i.k.j.TypeConverter   typeconverter: (prefix this;, class class de.uka.ilkd.key.java.reference.ThisReference) 
186276     DEBUG main            d.u.i.k.j.TypeConverter   typeconverter: (prefix this;, class class de.uka.ilkd.key.java.reference.ThisReference) 
186279     DEBUG main            d.u.i.k.j.TypeConverter   typeconverter: (prefix this;, class class de.uka.ilkd.key.java.reference.ThisReference) 
186288     DEBUG main            d.u.i.k.j.TypeConverter   typeconverter: (prefix this;, class class de.uka.ilkd.key.java.reference.ThisReference) 
186311     DEBUG main            d.u.i.k.j.TypeConverter   typeconverter: (prefix this;, class class de.uka.ilkd.key.java.reference.ThisReference) 
186313     DEBUG main            d.u.i.k.j.TypeConverter   typeconverter: (prefix this;, class class de.uka.ilkd.key.java.reference.ThisReference) 
187670     INFO  main            d.u.i.k.p.r.p.TestFile    ... finished proof: closed. 
2486374    INFO  Test worker     d.u.i.k.p.r.RunAllProofsTestUnit Returning from test NewObjects_fullmacro 
2486374    INFO  Test worker     d.u.i.k.p.r.RunAllProofsTestUnit Running test SimpleEvoting_fullmacro 
366        INFO  Timeout watchdog d.u.i.k.p.r.p.ForkedTestFileRunner Timeout watcher launched (1000 secs.) 
374        WARN  main            d.u.i.k.s.ProofSettings   The settings in /home/runner/.key/proof-settings.props are *not* read. 
402        DEBUG main            d.u.i.k.s.TermLabelSettings TermLabelSettings: Failure while reading the setting "UseOriginLabels".Using the default value: true.The string read was: null 
402        INFO  main            d.u.i.k.p.r.p.TestFile    Now processing file /home/runner/work/key/key/key.core/../key.ui/examples/InformationFlow/SimpleEvoting/simple_evoting.Environment(simple_evoting.Environment__untrustedOutputMessage((B)).Non-interference contract.0.m.key 
1028       DEBUG main            d.u.i.k.p.i.KeYFile       Reading KeY file file:/home/runner/work/key/key/key.core/build/resources/main/de/uka/ilkd/key/proof/rules/ldt.key 
1028       DEBUG main            d.u.i.k.p.i.KeYFile       Read specifications obtained when parsing the Java files (usually JML and Strings.key) from file:/home/runner/work/key/key/key.core/build/resources/main/de/uka/ilkd/key/proof/rules/ldt.key 
1046       DEBUG main            d.u.i.k.p.i.KeYFile       Reading KeY file file:/home/runner/work/key/key/key.core/build/resources/main/de/uka/ilkd/key/proof/rules/propRule.key 
1047       DEBUG main            d.u.i.k.p.i.KeYFile       Read specifications obtained when parsing the Java files (usually JML and Strings.key) from file:/home/runner/work/key/key/key.core/build/resources/main/de/uka/ilkd/key/proof/rules/propRule.key 
1081       DEBUG main            d.u.i.k.p.i.KeYFile       Reading KeY file file:/home/runner/work/key/key/key.core/build/resources/main/de/uka/ilkd/key/proof/rules/firstOrderRules.key 
1087       DEBUG main            d.u.i.k.p.i.KeYFile       Read specifications obtained when parsing the Java files (usually JML and Strings.key) from file:/home/runner/work/key/key/key.core/build/resources/main/de/uka/ilkd/key/proof/rules/firstOrderRules.key 
1134       DEBUG main            d.u.i.k.p.i.KeYFile       Reading KeY file file:/home/runner/work/key/key/key.core/build/resources/main/de/uka/ilkd/key/proof/rules/ifThenElseRules.key 
1137       DEBUG main            d.u.i.k.p.i.KeYFile       Read specifications obtained when parsing the Java files (usually JML and Strings.key) from file:/home/runner/work/key/key/key.core/build/resources/main/de/uka/ilkd/key/proof/rules/ifThenElseRules.key 
1232       DEBUG main            d.u.i.k.p.i.KeYFile       Reading KeY file file:/home/runner/work/key/key/key.core/build/resources/main/de/uka/ilkd/key/proof/rules/formulaNormalisationRules.key 
1236       DEBUG main            d.u.i.k.p.i.KeYFile       Read specifications obtained when parsing the Java files (usually JML and Strings.key) from file:/home/runner/work/key/key/key.core/build/resources/main/de/uka/ilkd/key/proof/rules/formulaNormalisationRules.key 
1351       DEBUG main            d.u.i.k.p.i.KeYFile       Reading KeY file file:/home/runner/work/key/key/key.core/build/resources/main/de/uka/ilkd/key/proof/rules/updateRules.key 
1351       DEBUG main            d.u.i.k.p.i.KeYFile       Read specifications obtained when parsing the Java files (usually JML and Strings.key) from file:/home/runner/work/key/key/key.core/build/resources/main/de/uka/ilkd/key/proof/rules/updateRules.key 
1378       DEBUG main            d.u.i.k.p.i.KeYFile       Reading KeY file file:/home/runner/work/key/key/key.core/build/resources/main/de/uka/ilkd/key/proof/rules/integerRulesCommon.key 
1378       DEBUG main            d.u.i.k.p.i.KeYFile       Read specifications obtained when parsing the Java files (usually JML and Strings.key) from file:/home/runner/work/key/key/key.core/build/resources/main/de/uka/ilkd/key/proof/rules/integerRulesCommon.key 
1472       DEBUG main            d.u.i.k.p.i.KeYFile       Reading KeY file file:/home/runner/work/key/key/key.core/build/resources/main/de/uka/ilkd/key/proof/rules/intRules.key 
1472       DEBUG main            d.u.i.k.p.i.KeYFile       Read specifications obtained when parsing the Java files (usually JML and Strings.key) from file:/home/runner/work/key/key/key.core/build/resources/main/de/uka/ilkd/key/proof/rules/intRules.key 
1484       DEBUG main            d.u.i.k.p.i.KeYFile       Reading KeY file file:/home/runner/work/key/key/key.core/build/resources/main/de/uka/ilkd/key/proof/rules/intRulesUncheckedSemantics.key 
1484       DEBUG main            d.u.i.k.p.i.KeYFile       Read specifications obtained when parsing the Java files (usually JML and Strings.key) from file:/home/runner/work/key/key/key.core/build/resources/main/de/uka/ilkd/key/proof/rules/intRulesUncheckedSemantics.key 
1490       DEBUG main            d.u.i.k.p.i.KeYFile       Reading KeY file file:/home/runner/work/key/key/key.core/build/resources/main/de/uka/ilkd/key/proof/rules/intRulesCheckedSemantics.key 
1490       DEBUG main            d.u.i.k.p.i.KeYFile       Read specifications obtained when parsing the Java files (usually JML and Strings.key) from file:/home/runner/work/key/key/key.core/build/resources/main/de/uka/ilkd/key/proof/rules/intRulesCheckedSemantics.key 
1497       DEBUG main            d.u.i.k.p.i.KeYFile       Reading KeY file file:/home/runner/work/key/key/key.core/build/resources/main/de/uka/ilkd/key/proof/rules/intRulesJavaSemantics.key 
1497       DEBUG main            d.u.i.k.p.i.KeYFile       Read specifications obtained when parsing the Java files (usually JML and Strings.key) from file:/home/runner/work/key/key/key.core/build/resources/main/de/uka/ilkd/key/proof/rules/intRulesJavaSemantics.key 
1589       DEBUG main            d.u.i.k.p.i.KeYFile       Reading KeY file file:/home/runner/work/key/key/key.core/build/resources/main/de/uka/ilkd/key/proof/rules/integerSimplificationRules.key 
1591       DEBUG main            d.u.i.k.p.i.KeYFile       Read specifications obtained when parsing the Java files (usually JML and Strings.key) from file:/home/runner/work/key/key/key.core/build/resources/main/de/uka/ilkd/key/proof/rules/integerSimplificationRules.key 
1650       DEBUG main            d.u.i.k.j.TypeConverter   No LDT found for Meta 
1654       DEBUG main            d.u.i.k.j.TypeConverter   No LDT found for Meta 
1655       DEBUG main            d.u.i.k.j.TypeConverter   No LDT found for Meta 
1656       DEBUG main            d.u.i.k.j.TypeConverter   No LDT found for Meta 
1711       DEBUG main            d.u.i.k.p.i.KeYFile       Reading KeY file file:/home/runner/work/key/key/key.core/build/resources/main/de/uka/ilkd/key/proof/rules/intDiv.key 
1711       DEBUG main            d.u.i.k.p.i.KeYFile       Read specifications obtained when parsing the Java files (usually JML and Strings.key) from file:/home/runner/work/key/key/key.core/build/resources/main/de/uka/ilkd/key/proof/rules/intDiv.key 
1874       DEBUG main            d.u.i.k.p.i.KeYFile       Reading KeY file file:/home/runner/work/key/key/key.core/build/resources/main/de/uka/ilkd/key/proof/rules/bsum.key 
1875       DEBUG main            d.u.i.k.p.i.KeYFile       Read specifications obtained when parsing the Java files (usually JML and Strings.key) from file:/home/runner/work/key/key/key.core/build/resources/main/de/uka/ilkd/key/proof/rules/bsum.key 
1924       DEBUG main            d.u.i.k.p.i.KeYFile       Reading KeY file file:/home/runner/work/key/key/key.core/build/resources/main/de/uka/ilkd/key/proof/rules/bprod.key 
1925       DEBUG main            d.u.i.k.p.i.KeYFile       Read specifications obtained when parsing the Java files (usually JML and Strings.key) from file:/home/runner/work/key/key/key.core/build/resources/main/de/uka/ilkd/key/proof/rules/bprod.key 
1957       DEBUG main            d.u.i.k.p.i.KeYFile       Reading KeY file file:/home/runner/work/key/key/key.core/build/resources/main/de/uka/ilkd/key/proof/rules/binaryAxioms.key 
1957       DEBUG main            d.u.i.k.p.i.KeYFile       Read specifications obtained when parsing the Java files (usually JML and Strings.key) from file:/home/runner/work/key/key/key.core/build/resources/main/de/uka/ilkd/key/proof/rules/binaryAxioms.key 
1961       DEBUG main            d.u.i.k.p.i.KeYFile       Reading KeY file file:/home/runner/work/key/key/key.core/build/resources/main/de/uka/ilkd/key/proof/rules/binaryLemmas.key 
1962       DEBUG main            d.u.i.k.p.i.KeYFile       Read specifications obtained when parsing the Java files (usually JML and Strings.key) from file:/home/runner/work/key/key/key.core/build/resources/main/de/uka/ilkd/key/proof/rules/binaryLemmas.key 
1970       DEBUG main            d.u.i.k.p.i.KeYFile       Reading KeY file file:/home/runner/work/key/key/key.core/build/resources/main/de/uka/ilkd/key/proof/rules/intPow.key 
1970       DEBUG main            d.u.i.k.p.i.KeYFile       Read specifications obtained when parsing the Java files (usually JML and Strings.key) from file:/home/runner/work/key/key/key.core/build/resources/main/de/uka/ilkd/key/proof/rules/intPow.key 
1985       DEBUG main            d.u.i.k.p.i.KeYFile       Reading KeY file file:/home/runner/work/key/key/key.core/build/resources/main/de/uka/ilkd/key/proof/rules/floatRulesCommon.key 
1986       DEBUG main            d.u.i.k.p.i.KeYFile       Read specifications obtained when parsing the Java files (usually JML and Strings.key) from file:/home/runner/work/key/key/key.core/build/resources/main/de/uka/ilkd/key/proof/rules/floatRulesCommon.key 
1996       DEBUG main            d.u.i.k.p.i.KeYFile       Reading KeY file file:/home/runner/work/key/key/key.core/build/resources/main/de/uka/ilkd/key/proof/rules/floatRules.key 
1997       DEBUG main            d.u.i.k.p.i.KeYFile       Read specifications obtained when parsing the Java files (usually JML and Strings.key) from file:/home/runner/work/key/key/key.core/build/resources/main/de/uka/ilkd/key/proof/rules/floatRules.key 
1998       DEBUG main            d.u.i.k.p.i.KeYFile       Reading KeY file file:/home/runner/work/key/key/key.core/build/resources/main/de/uka/ilkd/key/proof/rules/floatRulesVerifyNormal.key 
1998       DEBUG main            d.u.i.k.p.i.KeYFile       Read specifications obtained when parsing the Java files (usually JML and Strings.key) from file:/home/runner/work/key/key/key.core/build/resources/main/de/uka/ilkd/key/proof/rules/floatRulesVerifyNormal.key 
2002       DEBUG main            d.u.i.k.p.i.KeYFile       Reading KeY file file:/home/runner/work/key/key/key.core/build/resources/main/de/uka/ilkd/key/proof/rules/floatRulesAssumeStrictfp.key 
2002       DEBUG main            d.u.i.k.p.i.KeYFile       Read specifications obtained when parsing the Java files (usually JML and Strings.key) from file:/home/runner/work/key/key/key.core/build/resources/main/de/uka/ilkd/key/proof/rules/floatRulesAssumeStrictfp.key 
2026       DEBUG main            d.u.i.k.p.i.KeYFile       Reading KeY file file:/home/runner/work/key/key/key.core/build/resources/main/de/uka/ilkd/key/proof/rules/genericRules.key 
2027       DEBUG main            d.u.i.k.p.i.KeYFile       Read specifications obtained when parsing the Java files (usually JML and Strings.key) from file:/home/runner/work/key/key/key.core/build/resources/main/de/uka/ilkd/key/proof/rules/genericRules.key 
2035       DEBUG main            d.u.i.k.p.i.KeYFile       Reading KeY file file:/home/runner/work/key/key/key.core/build/resources/main/de/uka/ilkd/key/proof/rules/booleanRules.key 
2036       DEBUG main            d.u.i.k.p.i.KeYFile       Read specifications obtained when parsing the Java files (usually JML and Strings.key) from file:/home/runner/work/key/key/key.core/build/resources/main/de/uka/ilkd/key/proof/rules/booleanRules.key 
2041       DEBUG main            d.u.i.k.p.i.KeYFile       Reading KeY file file:/home/runner/work/key/key/key.core/build/resources/main/de/uka/ilkd/key/proof/rules/epsilon.key 
2041       DEBUG main            d.u.i.k.p.i.KeYFile       Read specifications obtained when parsing the Java files (usually JML and Strings.key) from file:/home/runner/work/key/key/key.core/build/resources/main/de/uka/ilkd/key/proof/rules/epsilon.key 
2067       DEBUG main            d.u.i.k.p.i.KeYFile       Reading KeY file file:/home/runner/work/key/key/key.core/build/resources/main/de/uka/ilkd/key/proof/rules/locSetsRules.key 
2067       DEBUG main            d.u.i.k.p.i.KeYFile       Read specifications obtained when parsing the Java files (usually JML and Strings.key) from file:/home/runner/work/key/key/key.core/build/resources/main/de/uka/ilkd/key/proof/rules/locSetsRules.key 
2132       DEBUG main            d.u.i.k.p.i.KeYFile       Reading KeY file file:/home/runner/work/key/key/key.core/build/resources/main/de/uka/ilkd/key/proof/rules/heapRules.key 
2132       DEBUG main            d.u.i.k.p.i.KeYFile       Read specifications obtained when parsing the Java files (usually JML and Strings.key) from file:/home/runner/work/key/key/key.core/build/resources/main/de/uka/ilkd/key/proof/rules/heapRules.key 
2161       DEBUG main            d.u.i.k.p.i.KeYFile       Reading KeY file file:/home/runner/work/key/key/key.core/build/resources/main/de/uka/ilkd/key/proof/rules/permissionRules.key 
2162       DEBUG main            d.u.i.k.p.i.KeYFile       Read specifications obtained when parsing the Java files (usually JML and Strings.key) from file:/home/runner/work/key/key/key.core/build/resources/main/de/uka/ilkd/key/proof/rules/permissionRules.key 
2189       DEBUG main            d.u.i.k.p.i.KeYFile       Reading KeY file file:/home/runner/work/key/key/key.core/build/resources/main/de/uka/ilkd/key/proof/rules/reachRules.key 
2190       DEBUG main            d.u.i.k.p.i.KeYFile       Read specifications obtained when parsing the Java files (usually JML and Strings.key) from file:/home/runner/work/key/key/key.core/build/resources/main/de/uka/ilkd/key/proof/rules/reachRules.key 
2200       DEBUG main            d.u.i.k.p.i.KeYFile       Reading KeY file file:/home/runner/work/key/key/key.core/build/resources/main/de/uka/ilkd/key/proof/rules/seqCoreRules.key 
2201       DEBUG main            d.u.i.k.p.i.KeYFile       Read specifications obtained when parsing the Java files (usually JML and Strings.key) from file:/home/runner/work/key/key/key.core/build/resources/main/de/uka/ilkd/key/proof/rules/seqCoreRules.key 
2222       DEBUG main            d.u.i.k.p.i.KeYFile       Reading KeY file file:/home/runner/work/key/key/key.core/build/resources/main/de/uka/ilkd/key/proof/rules/seqRules.key 
2222       DEBUG main            d.u.i.k.p.i.KeYFile       Read specifications obtained when parsing the Java files (usually JML and Strings.key) from file:/home/runner/work/key/key/key.core/build/resources/main/de/uka/ilkd/key/proof/rules/seqRules.key 
2276       DEBUG main            d.u.i.k.p.i.KeYFile       Reading KeY file file:/home/runner/work/key/key/key.core/build/resources/main/de/uka/ilkd/key/proof/rules/seqPerm.key 
2277       DEBUG main            d.u.i.k.p.i.KeYFile       Read specifications obtained when parsing the Java files (usually JML and Strings.key) from file:/home/runner/work/key/key/key.core/build/resources/main/de/uka/ilkd/key/proof/rules/seqPerm.key 
2293       DEBUG main            d.u.i.k.p.i.KeYFile       Reading KeY file file:/home/runner/work/key/key/key.core/build/resources/main/de/uka/ilkd/key/proof/rules/seqPerm2.key 
2293       DEBUG main            d.u.i.k.p.i.KeYFile       Read specifications obtained when parsing the Java files (usually JML and Strings.key) from file:/home/runner/work/key/key/key.core/build/resources/main/de/uka/ilkd/key/proof/rules/seqPerm2.key 
2368       DEBUG main            d.u.i.k.p.i.KeYFile       Reading KeY file file:/home/runner/work/key/key/key.core/build/resources/main/de/uka/ilkd/key/proof/rules/assertions.key 
2369       DEBUG main            d.u.i.k.p.i.KeYFile       Read specifications obtained when parsing the Java files (usually JML and Strings.key) from file:/home/runner/work/key/key/key.core/build/resources/main/de/uka/ilkd/key/proof/rules/assertions.key 
2391       DEBUG main            d.u.i.k.p.i.KeYFile       Reading KeY file file:/home/runner/work/key/key/key.core/build/resources/main/de/uka/ilkd/key/proof/rules/javaRules.key 
2392       DEBUG main            d.u.i.k.p.i.KeYFile       Read specifications obtained when parsing the Java files (usually JML and Strings.key) from file:/home/runner/work/key/key/key.core/build/resources/main/de/uka/ilkd/key/proof/rules/javaRules.key 
2780       DEBUG main            d.u.i.k.p.i.KeYFile       Reading KeY file file:/home/runner/work/key/key/key.core/build/resources/main/de/uka/ilkd/key/proof/rules/loopRules.key 
2781       DEBUG main            d.u.i.k.p.i.KeYFile       Read specifications obtained when parsing the Java files (usually JML and Strings.key) from file:/home/runner/work/key/key/key.core/build/resources/main/de/uka/ilkd/key/proof/rules/loopRules.key 
2793       DEBUG main            d.u.i.k.p.i.KeYFile       Reading KeY file file:/home/runner/work/key/key/key.core/build/resources/main/de/uka/ilkd/key/proof/rules/activeUse.key 
2794       DEBUG main            d.u.i.k.p.i.KeYFile       Read specifications obtained when parsing the Java files (usually JML and Strings.key) from file:/home/runner/work/key/key/key.core/build/resources/main/de/uka/ilkd/key/proof/rules/activeUse.key 
2823       DEBUG main            d.u.i.k.p.i.KeYFile       Reading KeY file file:/home/runner/work/key/key/key.core/build/resources/main/de/uka/ilkd/key/proof/rules/instanceAllocation.key 
2824       DEBUG main            d.u.i.k.p.i.KeYFile       Read specifications obtained when parsing the Java files (usually JML and Strings.key) from file:/home/runner/work/key/key/key.core/build/resources/main/de/uka/ilkd/key/proof/rules/instanceAllocation.key 
2832       DEBUG main            d.u.i.k.p.i.KeYFile       Reading KeY file file:/home/runner/work/key/key/key.core/build/resources/main/de/uka/ilkd/key/proof/rules/java5.key 
2832       DEBUG main            d.u.i.k.p.i.KeYFile       Read specifications obtained when parsing the Java files (usually JML and Strings.key) from file:/home/runner/work/key/key/key.core/build/resources/main/de/uka/ilkd/key/proof/rules/java5.key 
2839       DEBUG main            d.u.i.k.p.i.KeYFile       Reading KeY file file:/home/runner/work/key/key/key.core/build/resources/main/de/uka/ilkd/key/proof/rules/integerAssignment2UpdateRules.key 
2839       DEBUG main            d.u.i.k.p.i.KeYFile       Read specifications obtained when parsing the Java files (usually JML and Strings.key) from file:/home/runner/work/key/key/key.core/build/resources/main/de/uka/ilkd/key/proof/rules/integerAssignment2UpdateRules.key 
2864       DEBUG main            d.u.i.k.p.i.KeYFile       Reading KeY file file:/home/runner/work/key/key/key.core/build/resources/main/de/uka/ilkd/key/proof/rules/floatAssignment2UpdateRules.key 
2864       DEBUG main            d.u.i.k.p.i.KeYFile       Read specifications obtained when parsing the Java files (usually JML and Strings.key) from file:/home/runner/work/key/key/key.core/build/resources/main/de/uka/ilkd/key/proof/rules/floatAssignment2UpdateRules.key 
2903       DEBUG main            d.u.i.k.p.i.KeYFile       Reading KeY file file:/home/runner/work/key/key/key.core/build/resources/main/de/uka/ilkd/key/proof/rules/bigint.key 
2903       DEBUG main            d.u.i.k.p.i.KeYFile       Read specifications obtained when parsing the Java files (usually JML and Strings.key) from file:/home/runner/work/key/key/key.core/build/resources/main/de/uka/ilkd/key/proof/rules/bigint.key 
2910       DEBUG main            d.u.i.k.j.TypeConverter   No LDT found for JavaBigintExpression 
2916       DEBUG main            d.u.i.k.p.i.KeYFile       Reading KeY file file:/home/runner/work/key/key/key.core/build/resources/main/de/uka/ilkd/key/proof/rules/adtProgramDecompositionRules.key 
2916       DEBUG main            d.u.i.k.p.i.KeYFile       Read specifications obtained when parsing the Java files (usually JML and Strings.key) from file:/home/runner/work/key/key/key.core/build/resources/main/de/uka/ilkd/key/proof/rules/adtProgramDecompositionRules.key 
2928       DEBUG main            d.u.i.k.p.i.KeYFile       Reading KeY file file:/home/runner/work/key/key/key.core/build/resources/main/de/uka/ilkd/key/proof/rules/precRules.key 
2928       DEBUG main            d.u.i.k.p.i.KeYFile       Read specifications obtained when parsing the Java files (usually JML and Strings.key) from file:/home/runner/work/key/key/key.core/build/resources/main/de/uka/ilkd/key/proof/rules/precRules.key 
2937       DEBUG main            d.u.i.k.p.i.KeYFile       Reading KeY file file:/home/runner/work/key/key/key.core/build/resources/main/de/uka/ilkd/key/proof/rules/charListRules.key 
2937       DEBUG main            d.u.i.k.p.i.KeYFile       Read specifications obtained when parsing the Java files (usually JML and Strings.key) from file:/home/runner/work/key/key/key.core/build/resources/main/de/uka/ilkd/key/proof/rules/charListRules.key 
2945       DEBUG main            d.u.i.k.p.i.KeYFile       Reading KeY file file:/home/runner/work/key/key/key.core/build/resources/main/de/uka/ilkd/key/proof/rules/regExHeader.key 
2946       DEBUG main            d.u.i.k.p.i.KeYFile       Read specifications obtained when parsing the Java files (usually JML and Strings.key) from file:/home/runner/work/key/key/key.core/build/resources/main/de/uka/ilkd/key/proof/rules/regExHeader.key 
2948       DEBUG main            d.u.i.k.p.i.KeYFile       Reading KeY file file:/home/runner/work/key/key/key.core/build/resources/main/de/uka/ilkd/key/proof/rules/regExAxioms.key 
2948       DEBUG main            d.u.i.k.p.i.KeYFile       Read specifications obtained when parsing the Java files (usually JML and Strings.key) from file:/home/runner/work/key/key/key.core/build/resources/main/de/uka/ilkd/key/proof/rules/regExAxioms.key 
2953       DEBUG main            d.u.i.k.p.i.KeYFile       Reading KeY file file:/home/runner/work/key/key/key.core/build/resources/main/de/uka/ilkd/key/proof/rules/regExLemmaProven.key 
2953       DEBUG main            d.u.i.k.p.i.KeYFile       Read specifications obtained when parsing the Java files (usually JML and Strings.key) from file:/home/runner/work/key/key/key.core/build/resources/main/de/uka/ilkd/key/proof/rules/regExLemmaProven.key 
2955       DEBUG main            d.u.i.k.p.i.KeYFile       Reading KeY file file:/home/runner/work/key/key/key.core/build/resources/main/de/uka/ilkd/key/proof/rules/regExTheory.key 
2956       DEBUG main            d.u.i.k.p.i.KeYFile       Read specifications obtained when parsing the Java files (usually JML and Strings.key) from file:/home/runner/work/key/key/key.core/build/resources/main/de/uka/ilkd/key/proof/rules/regExTheory.key 
2960       DEBUG main            d.u.i.k.p.i.KeYFile       Reading KeY file file:/home/runner/work/key/key/key.core/build/resources/main/de/uka/ilkd/key/proof/rules/seqEq.key 
2960       DEBUG main            d.u.i.k.p.i.KeYFile       Read specifications obtained when parsing the Java files (usually JML and Strings.key) from file:/home/runner/work/key/key/key.core/build/resources/main/de/uka/ilkd/key/proof/rules/seqEq.key 
2966       DEBUG main            d.u.i.k.p.i.KeYFile       Reading KeY file file:/home/runner/work/key/key/key.core/build/resources/main/de/uka/ilkd/key/proof/rules/infFlow.key 
2967       DEBUG main            d.u.i.k.p.i.KeYFile       Read specifications obtained when parsing the Java files (usually JML and Strings.key) from file:/home/runner/work/key/key/key.core/build/resources/main/de/uka/ilkd/key/proof/rules/infFlow.key 
2971       DEBUG main            d.u.i.k.p.i.KeYFile       Reading KeY file file:/home/runner/work/key/key/key.core/build/resources/main/de/uka/ilkd/key/proof/rules/mapSize.key 
2971       DEBUG main            d.u.i.k.p.i.KeYFile       Read specifications obtained when parsing the Java files (usually JML and Strings.key) from file:/home/runner/work/key/key/key.core/build/resources/main/de/uka/ilkd/key/proof/rules/mapSize.key 
2974       DEBUG main            d.u.i.k.p.i.KeYFile       Reading KeY file file:/home/runner/work/key/key/key.core/build/resources/main/de/uka/ilkd/key/proof/rules/wdHeader.key 
2975       DEBUG main            d.u.i.k.p.i.KeYFile       Read specifications obtained when parsing the Java files (usually JML and Strings.key) from file:/home/runner/work/key/key/key.core/build/resources/main/de/uka/ilkd/key/proof/rules/wdHeader.key 
2976       DEBUG main            d.u.i.k.p.i.KeYFile       Reading KeY file file:/home/runner/work/key/key/key.core/build/resources/main/de/uka/ilkd/key/proof/rules/wdGeneralRules.key 
2977       DEBUG main            d.u.i.k.p.i.KeYFile       Read specifications obtained when parsing the Java files (usually JML and Strings.key) from file:/home/runner/work/key/key/key.core/build/resources/main/de/uka/ilkd/key/proof/rules/wdGeneralRules.key 
2987       DEBUG main            d.u.i.k.p.i.KeYFile       Reading KeY file file:/home/runner/work/key/key/key.core/build/resources/main/de/uka/ilkd/key/proof/rules/wdNumericalRules.key 
2987       DEBUG main            d.u.i.k.p.i.KeYFile       Read specifications obtained when parsing the Java files (usually JML and Strings.key) from file:/home/runner/work/key/key/key.core/build/resources/main/de/uka/ilkd/key/proof/rules/wdNumericalRules.key 
3001       DEBUG main            d.u.i.k.p.i.KeYFile       Reading KeY file file:/home/runner/work/key/key/key.core/build/resources/main/de/uka/ilkd/key/proof/rules/wdLocSetRules.key 
3002       DEBUG main            d.u.i.k.p.i.KeYFile       Read specifications obtained when parsing the Java files (usually JML and Strings.key) from file:/home/runner/work/key/key/key.core/build/resources/main/de/uka/ilkd/key/proof/rules/wdLocSetRules.key 
3006       DEBUG main            d.u.i.k.p.i.KeYFile       Reading KeY file file:/home/runner/work/key/key/key.core/build/resources/main/de/uka/ilkd/key/proof/rules/wdHeapRules.key 
3007       DEBUG main            d.u.i.k.p.i.KeYFile       Read specifications obtained when parsing the Java files (usually JML and Strings.key) from file:/home/runner/work/key/key/key.core/build/resources/main/de/uka/ilkd/key/proof/rules/wdHeapRules.key 
3009       DEBUG main            d.u.i.k.p.i.KeYFile       Reading KeY file file:/home/runner/work/key/key/key.core/build/resources/main/de/uka/ilkd/key/proof/rules/wdReachRules.key 
3010       DEBUG main            d.u.i.k.p.i.KeYFile       Read specifications obtained when parsing the Java files (usually JML and Strings.key) from file:/home/runner/work/key/key/key.core/build/resources/main/de/uka/ilkd/key/proof/rules/wdReachRules.key 
3012       DEBUG main            d.u.i.k.p.i.KeYFile       Reading KeY file file:/home/runner/work/key/key/key.core/build/resources/main/de/uka/ilkd/key/proof/rules/wdSeqRules.key 
3012       DEBUG main            d.u.i.k.p.i.KeYFile       Read specifications obtained when parsing the Java files (usually JML and Strings.key) from file:/home/runner/work/key/key/key.core/build/resources/main/de/uka/ilkd/key/proof/rules/wdSeqRules.key 
3015       DEBUG main            d.u.i.k.p.i.KeYFile       Reading KeY file file:/home/runner/work/key/key/key.core/build/resources/main/de/uka/ilkd/key/proof/rules/wdStringRules.key 
3015       DEBUG main            d.u.i.k.p.i.KeYFile       Read specifications obtained when parsing the Java files (usually JML and Strings.key) from file:/home/runner/work/key/key/key.core/build/resources/main/de/uka/ilkd/key/proof/rules/wdStringRules.key 
3017       DEBUG main            d.u.i.k.p.i.KeYFile       Reading KeY file file:/home/runner/work/key/key/key.core/build/resources/main/de/uka/ilkd/key/proof/rules/wdRegExRules.key 
3017       DEBUG main            d.u.i.k.p.i.KeYFile       Read specifications obtained when parsing the Java files (usually JML and Strings.key) from file:/home/runner/work/key/key/key.core/build/resources/main/de/uka/ilkd/key/proof/rules/wdRegExRules.key 
3024       DEBUG main            d.u.i.k.p.i.KeYFile       Reading KeY file file:/home/runner/work/key/key/key.core/build/resources/main/de/uka/ilkd/key/proof/rules/wdFormulaRules.key 
3025       DEBUG main            d.u.i.k.p.i.KeYFile       Read specifications obtained when parsing the Java files (usually JML and Strings.key) from file:/home/runner/work/key/key/key.core/build/resources/main/de/uka/ilkd/key/proof/rules/wdFormulaRules.key 
3031       DEBUG main            d.u.i.k.p.i.KeYFile       Reading KeY file file:/home/runner/work/key/key/key.core/build/resources/main/de/uka/ilkd/key/proof/rules/wd.key 
3032       DEBUG main            d.u.i.k.p.i.KeYFile       Read specifications obtained when parsing the Java files (usually JML and Strings.key) from file:/home/runner/work/key/key/key.core/build/resources/main/de/uka/ilkd/key/proof/rules/wd.key 
3033       DEBUG main            d.u.i.k.p.i.KeYFile       Reading KeY file file:/home/runner/work/key/key/key.core/build/resources/main/de/uka/ilkd/key/proof/rules/loopInvariantRules.key 
3033       DEBUG main            d.u.i.k.p.i.KeYFile       Read specifications obtained when parsing the Java files (usually JML and Strings.key) from file:/home/runner/work/key/key/key.core/build/resources/main/de/uka/ilkd/key/proof/rules/loopInvariantRules.key 
3034       DEBUG main            d.u.i.k.p.i.KeYFile       Reading KeY file file:/home/runner/work/key/key/key.core/build/resources/main/de/uka/ilkd/key/proof/rules/forLoopRules.key 
3034       DEBUG main            d.u.i.k.p.i.KeYFile       Read specifications obtained when parsing the Java files (usually JML and Strings.key) from file:/home/runner/work/key/key/key.core/build/resources/main/de/uka/ilkd/key/proof/rules/forLoopRules.key 
3062       DEBUG main            d.u.i.k.p.i.KeYFile       Reading KeY file file:/home/runner/work/key/key/key.core/build/resources/main/de/uka/ilkd/key/proof/rules/execRules.key 
3062       DEBUG main            d.u.i.k.p.i.KeYFile       Read specifications obtained when parsing the Java files (usually JML and Strings.key) from file:/home/runner/work/key/key/key.core/build/resources/main/de/uka/ilkd/key/proof/rules/execRules.key 
3117       DEBUG main            d.u.i.k.p.i.KeYFile       Reading KeY file file:/home/runner/work/key/key/key.core/build/resources/main/de/uka/ilkd/key/proof/rules/loopScopeRules.key 
3118       DEBUG main            d.u.i.k.p.i.KeYFile       Read specifications obtained when parsing the Java files (usually JML and Strings.key) from file:/home/runner/work/key/key/key.core/build/resources/main/de/uka/ilkd/key/proof/rules/loopScopeRules.key 
3135       DEBUG main            d.u.i.k.p.i.KeYFile       Reading KeY file file:/home/runner/work/key/key/key.core/build/resources/main/de/uka/ilkd/key/proof/rules/standardRules.key 
3135       DEBUG main            d.u.i.k.p.i.KeYFile       Read specifications obtained when parsing the Java files (usually JML and Strings.key) from file:/home/runner/work/key/key/key.core/build/resources/main/de/uka/ilkd/key/proof/rules/standardRules.key 
5887       DEBUG main            d.u.i.k.j.Recoder2KeY     converting now /home/runner/work/key/key/key.core/../key.ui/examples/InformationFlow/SimpleEvoting/src/simple_evoting/Voter.java 
5897       DEBUG main            d.u.i.k.j.Recoder2KeY     converting now /home/runner/work/key/key/key.core/../key.ui/examples/InformationFlow/SimpleEvoting/src/simple_evoting/NetworkClient.java 
5899       DEBUG main            d.u.i.k.j.Recoder2KeY     converting now /home/runner/work/key/key/key.core/../key.ui/examples/InformationFlow/SimpleEvoting/src/simple_evoting/SMT.java 
5901       DEBUG main            d.u.i.k.j.Recoder2KeY     converting now /home/runner/work/key/key/key.core/../key.ui/examples/InformationFlow/SimpleEvoting/src/simple_evoting/Environment.java 
5903       DEBUG main            d.u.i.k.j.Recoder2KeY     converting now /home/runner/work/key/key/key.core/../key.ui/examples/InformationFlow/SimpleEvoting/src/simple_evoting/Setup.java 
5907       DEBUG main            d.u.i.k.j.Recoder2KeY     converting now /home/runner/work/key/key/key.core/../key.ui/examples/InformationFlow/SimpleEvoting/src/simple_evoting/Server.java 
5912       DEBUG main            d.u.i.k.j.Recoder2KeY     converting now /home/runner/work/key/key/key.core/../key.ui/examples/InformationFlow/SimpleEvoting/src/simple_evoting/Message.java 
5914       DEBUG main            d.u.i.k.j.Recoder2KeY     converting now /home/runner/work/key/key/key.core/../key.ui/examples/InformationFlow/SimpleEvoting/src/simple_evoting/SMTEnv.java 
5965       DEBUG main            d.u.i.k.s.TermLabelSettings TermLabelSettings: Failure while reading the setting "UseOriginLabels".Using the default value: true.The string read was: null 
5966       DEBUG main            d.u.i.k.p.i.KeYFile       Reading KeY file /home/runner/work/key/key/key.core/../key.ui/examples/InformationFlow/SimpleEvoting/simple_evoting.Environment(simple_evoting.Environment__untrustedOutputMessage((B)).Non-interference contract.0.m.key 
5978       DEBUG main            d.u.i.k.p.i.KeYFile       Reading KeY file file:/home/runner/work/key/key/key.core/build/resources/main/de/uka/ilkd/key/java/JavaRedux/java/lang/String.key 
5984       DEBUG main            d.u.i.k.p.i.KeYFile       Read specifications obtained when parsing the Java files (usually JML and Strings.key) from file:/home/runner/work/key/key/key.core/build/resources/main/de/uka/ilkd/key/java/JavaRedux/java/lang/String.key 
8581       DEBUG main            d.u.i.k.p.i.KeYFile       Read specifications obtained when parsing the Java files (usually JML and Strings.key) from /home/runner/work/key/key/key.core/../key.ui/examples/InformationFlow/SimpleEvoting/simple_evoting.Environment(simple_evoting.Environment__untrustedOutputMessage((B)).Non-interference contract.0.m.key 
8901       DEBUG main            d.u.i.k.m.s.ProofScriptEngine 1: 'macro 'infflow-autopilot'' 
9392       DEBUG main            d.u.i.k.p.m.ProofCorrectnessMgt No justification found for rule JML_represents_clause_for_simple_evoting_Environment_rep 
9400       DEBUG main            d.u.i.k.r.m.WhileLoopTransformation While-Loop-Tranform-Result: {
  int i = 0;
  while (i < _t.length) {
    {
      untrustedOutput(_t[i]);
    }
    i++;
  }
} 
9438       DEBUG main            d.u.i.k.r.m.WhileLoopTransformation While-Loop-Tranform-Result: try {
  {
    if (i < _t.length) {
      {
        untrustedOutput(_t[i]);
      }
      i++;
    }
  }
} catch (java.lang.Throwable e#16) {
  exc#15 = true;
  thrownExc#17 = e#16;
} 
9602       DEBUG main            d.u.i.k.p.m.ProofCorrectnessMgt No justification found for rule JML_represents_clause_for_simple_evoting_Environment_rep 
10488      DEBUG main            d.u.i.k.p.m.ProofCorrectnessMgt No justification found for rule JML_represents_clause_for_simple_evoting_Environment_rep 
10953      DEBUG main            d.u.i.k.p.m.ProofCorrectnessMgt No justification found for rule JML_represents_clause_for_simple_evoting_Environment_rep 
11966      DEBUG main            d.u.i.k.p.m.ProofCorrectnessMgt No justification found for rule JML_represents_clause_for_simple_evoting_Environment_rep 
13679      INFO  main            d.u.i.k.p.r.p.TestFile    ... finished proof: closed. 
13849      DEBUG main            d.u.i.k.s.TermLabelSettings TermLabelSettings: Failure while reading the setting "UseOriginLabels".Using the default value: true.The string read was: null 
13849      INFO  main            d.u.i.k.p.r.p.TestFile    Now processing file /home/runner/work/key/key/key.core/../key.ui/examples/InformationFlow/SimpleEvoting/simple_evoting.Environment(simple_evoting.Environment__untrustedInputMessage()).Non-interference contract.0.m.key 
14975      DEBUG main            d.u.i.k.j.Recoder2KeY     converting now /home/runner/work/key/key/key.core/../key.ui/examples/InformationFlow/SimpleEvoting/src/simple_evoting/Voter.java 
14979      DEBUG main            d.u.i.k.j.Recoder2KeY     converting now /home/runner/work/key/key/key.core/../key.ui/examples/InformationFlow/SimpleEvoting/src/simple_evoting/NetworkClient.java 
14980      DEBUG main            d.u.i.k.j.Recoder2KeY     converting now /home/runner/work/key/key/key.core/../key.ui/examples/InformationFlow/SimpleEvoting/src/simple_evoting/SMT.java 
14981      DEBUG main            d.u.i.k.j.Recoder2KeY     converting now /home/runner/work/key/key/key.core/../key.ui/examples/InformationFlow/SimpleEvoting/src/simple_evoting/Environment.java 
14982      DEBUG main            d.u.i.k.j.Recoder2KeY     converting now /home/runner/work/key/key/key.core/../key.ui/examples/InformationFlow/SimpleEvoting/src/simple_evoting/Setup.java 
14984      DEBUG main            d.u.i.k.j.Recoder2KeY     converting now /home/runner/work/key/key/key.core/../key.ui/examples/InformationFlow/SimpleEvoting/src/simple_evoting/Server.java 
14986      DEBUG main            d.u.i.k.j.Recoder2KeY     converting now /home/runner/work/key/key/key.core/../key.ui/examples/InformationFlow/SimpleEvoting/src/simple_evoting/Message.java 
14987      DEBUG main            d.u.i.k.j.Recoder2KeY     converting now /home/runner/work/key/key/key.core/../key.ui/examples/InformationFlow/SimpleEvoting/src/simple_evoting/SMTEnv.java 
14993      DEBUG main            d.u.i.k.s.TermLabelSettings TermLabelSettings: Failure while reading the setting "UseOriginLabels".Using the default value: true.The string read was: null 
14993      DEBUG main            d.u.i.k.p.i.KeYFile       Reading KeY file /home/runner/work/key/key/key.core/../key.ui/examples/InformationFlow/SimpleEvoting/simple_evoting.Environment(simple_evoting.Environment__untrustedInputMessage()).Non-interference contract.0.m.key 
14995      DEBUG main            d.u.i.k.p.i.KeYFile       Reading KeY file file:/home/runner/work/key/key/key.core/build/resources/main/de/uka/ilkd/key/java/JavaRedux/java/lang/String.key 
14997      DEBUG main            d.u.i.k.p.i.KeYFile       Read specifications obtained when parsing the Java files (usually JML and Strings.key) from file:/home/runner/work/key/key/key.core/build/resources/main/de/uka/ilkd/key/java/JavaRedux/java/lang/String.key 
17054      DEBUG main            d.u.i.k.p.i.KeYFile       Read specifications obtained when parsing the Java files (usually JML and Strings.key) from /home/runner/work/key/key/key.core/../key.ui/examples/InformationFlow/SimpleEvoting/simple_evoting.Environment(simple_evoting.Environment__untrustedInputMessage()).Non-interference contract.0.m.key 
17128      DEBUG main            d.u.i.k.m.s.ProofScriptEngine 1: 'macro 'infflow-autopilot'' 
17194      DEBUG main            d.u.i.k.p.m.ProofCorrectnessMgt No justification found for rule JML_represents_clause_for_simple_evoting_Environment_rep 
17394      DEBUG main            d.u.i.k.p.m.ProofCorrectnessMgt No justification found for rule JML_represents_clause_for_simple_evoting_Environment_rep 
18362      DEBUG main            d.u.i.k.r.m.MethodCall    method-call: called for byte[].<createArray>(dim0); 
18362      DEBUG main            d.u.i.k.r.m.MethodCall    method-call: invocation of static method detected 
18376      DEBUG main            d.u.i.k.r.m.MethodCall    method-call: called for byte[].<createArray>(dim0_1); 
18376      DEBUG main            d.u.i.k.r.m.MethodCall    method-call: invocation of static method detected 
18389      DEBUG main            d.u.i.k.r.m.MethodCall    method-call: called for byte[].<allocate>(length_1); 
18389      DEBUG main            d.u.i.k.r.m.MethodCall    method-call: invocation of static method detected 
18398      DEBUG main            d.u.i.k.r.m.MethodCall    method-call: called for byte[].<allocate>(length_2); 
18399      DEBUG main            d.u.i.k.r.m.MethodCall    method-call: invocation of static method detected 
18451      DEBUG main            d.u.i.k.r.m.MethodCall    method-call: called for newObject.<createArrayHelper>(); 
18451      DEBUG main            d.u.i.k.r.m.MethodCall    method-call: invocation of private method detected.Requires static resolving. 
18458      DEBUG main            d.u.i.k.j.TypeConverter   typeconverter: (prefix this;, class class de.uka.ilkd.key.java.reference.ThisReference) 
18466      DEBUG main            d.u.i.k.r.m.MethodCall    method-call: called for newObject_1.<createArrayHelper>(); 
18466      DEBUG main            d.u.i.k.r.m.MethodCall    method-call: invocation of private method detected.Requires static resolving. 
18472      DEBUG main            d.u.i.k.j.TypeConverter   typeconverter: (prefix this;, class class de.uka.ilkd.key.java.reference.ThisReference) 
18477      DEBUG main            d.u.i.k.r.m.MethodCall    method-call: called for <prepare>(); 
18478      DEBUG main            d.u.i.k.r.m.MethodCall    method-call: invocation of private method detected.Requires static resolving. 
18497      DEBUG main            d.u.i.k.j.TypeConverter   typeconverter: (prefix this;, class class de.uka.ilkd.key.java.reference.ThisReference) 
18569      DEBUG main            d.u.i.k.r.m.MethodCall    method-call: called for <prepare>(); 
18570      DEBUG main            d.u.i.k.r.m.MethodCall    method-call: invocation of private method detected.Requires static resolving. 
18590      DEBUG main            d.u.i.k.j.TypeConverter   typeconverter: (prefix this;, class class de.uka.ilkd.key.java.reference.ThisReference) 
19903      INFO  main            d.u.i.k.p.r.p.TestFile    ... finished proof: closed. 
20068      DEBUG main            d.u.i.k.s.TermLabelSettings TermLabelSettings: Failure while reading the setting "UseOriginLabels".Using the default value: true.The string read was: null 
20068      INFO  main            d.u.i.k.p.r.p.TestFile    Now processing file /home/runner/work/key/key/key.core/../key.ui/examples/InformationFlow/SimpleEvoting/simple_evoting.Environment(simple_evoting.Environment__untrustedOutput(int)).Non-interference contract.0.m.key 
21183      DEBUG main            d.u.i.k.j.Recoder2KeY     converting now /home/runner/work/key/key/key.core/../key.ui/examples/InformationFlow/SimpleEvoting/src/simple_evoting/Voter.java 
21186      DEBUG main            d.u.i.k.j.Recoder2KeY     converting now /home/runner/work/key/key/key.core/../key.ui/examples/InformationFlow/SimpleEvoting/src/simple_evoting/NetworkClient.java 
21187      DEBUG main            d.u.i.k.j.Recoder2KeY     converting now /home/runner/work/key/key/key.core/../key.ui/examples/InformationFlow/SimpleEvoting/src/simple_evoting/SMT.java 
21188      DEBUG main            d.u.i.k.j.Recoder2KeY     converting now /home/runner/work/key/key/key.core/../key.ui/examples/InformationFlow/SimpleEvoting/src/simple_evoting/Environment.java 
21189      DEBUG main            d.u.i.k.j.Recoder2KeY     converting now /home/runner/work/key/key/key.core/../key.ui/examples/InformationFlow/SimpleEvoting/src/simple_evoting/Setup.java 
21191      DEBUG main            d.u.i.k.j.Recoder2KeY     converting now /home/runner/work/key/key/key.core/../key.ui/examples/InformationFlow/SimpleEvoting/src/simple_evoting/Server.java 
21193      DEBUG main            d.u.i.k.j.Recoder2KeY     converting now /home/runner/work/key/key/key.core/../key.ui/examples/InformationFlow/SimpleEvoting/src/simple_evoting/Message.java 
21194      DEBUG main            d.u.i.k.j.Recoder2KeY     converting now /home/runner/work/key/key/key.core/../key.ui/examples/InformationFlow/SimpleEvoting/src/simple_evoting/SMTEnv.java 
21199      DEBUG main            d.u.i.k.s.TermLabelSettings TermLabelSettings: Failure while reading the setting "UseOriginLabels".Using the default value: true.The string read was: null 
21199      DEBUG main            d.u.i.k.p.i.KeYFile       Reading KeY file /home/runner/work/key/key/key.core/../key.ui/examples/InformationFlow/SimpleEvoting/simple_evoting.Environment(simple_evoting.Environment__untrustedOutput(int)).Non-interference contract.0.m.key 
21200      DEBUG main            d.u.i.k.p.i.KeYFile       Reading KeY file file:/home/runner/work/key/key/key.core/build/resources/main/de/uka/ilkd/key/java/JavaRedux/java/lang/String.key 
21203      DEBUG main            d.u.i.k.p.i.KeYFile       Read specifications obtained when parsing the Java files (usually JML and Strings.key) from file:/home/runner/work/key/key/key.core/build/resources/main/de/uka/ilkd/key/java/JavaRedux/java/lang/String.key 
23240      DEBUG main            d.u.i.k.p.i.KeYFile       Read specifications obtained when parsing the Java files (usually JML and Strings.key) from /home/runner/work/key/key/key.core/../key.ui/examples/InformationFlow/SimpleEvoting/simple_evoting.Environment(simple_evoting.Environment__untrustedOutput(int)).Non-interference contract.0.m.key 
23303      DEBUG main            d.u.i.k.m.s.ProofScriptEngine 1: 'macro 'infflow-autopilot'' 
23375      INFO  main            d.u.i.k.p.r.p.TestFile    ... finished proof: closed. 
23546      DEBUG main            d.u.i.k.s.TermLabelSettings TermLabelSettings: Failure while reading the setting "UseOriginLabels".Using the default value: true.The string read was: null 
23547      INFO  main            d.u.i.k.p.r.p.TestFile    Now processing file /home/runner/work/key/key/key.core/../key.ui/examples/InformationFlow/SimpleEvoting/simple_evoting.Environment(simple_evoting.Environment__untrustedInput(int)).Non-interference contract.0.m.key 
24571      DEBUG main            d.u.i.k.j.Recoder2KeY     converting now /home/runner/work/key/key/key.core/../key.ui/examples/InformationFlow/SimpleEvoting/src/simple_evoting/Voter.java 
24575      DEBUG main            d.u.i.k.j.Recoder2KeY     converting now /home/runner/work/key/key/key.core/../key.ui/examples/InformationFlow/SimpleEvoting/src/simple_evoting/NetworkClient.java 
24575      DEBUG main            d.u.i.k.j.Recoder2KeY     converting now /home/runner/work/key/key/key.core/../key.ui/examples/InformationFlow/SimpleEvoting/src/simple_evoting/SMT.java 
24576      DEBUG main            d.u.i.k.j.Recoder2KeY     converting now /home/runner/work/key/key/key.core/../key.ui/examples/InformationFlow/SimpleEvoting/src/simple_evoting/Environment.java 
24577      DEBUG main            d.u.i.k.j.Recoder2KeY     converting now /home/runner/work/key/key/key.core/../key.ui/examples/InformationFlow/SimpleEvoting/src/simple_evoting/Setup.java 
24579      DEBUG main            d.u.i.k.j.Recoder2KeY     converting now /home/runner/work/key/key/key.core/../key.ui/examples/InformationFlow/SimpleEvoting/src/simple_evoting/Server.java 
24581      DEBUG main            d.u.i.k.j.Recoder2KeY     converting now /home/runner/work/key/key/key.core/../key.ui/examples/InformationFlow/SimpleEvoting/src/simple_evoting/Message.java 
24582      DEBUG main            d.u.i.k.j.Recoder2KeY     converting now /home/runner/work/key/key/key.core/../key.ui/examples/InformationFlow/SimpleEvoting/src/simple_evoting/SMTEnv.java 
24588      DEBUG main            d.u.i.k.s.TermLabelSettings TermLabelSettings: Failure while reading the setting "UseOriginLabels".Using the default value: true.The string read was: null 
24588      DEBUG main            d.u.i.k.p.i.KeYFile       Reading KeY file /home/runner/work/key/key/key.core/../key.ui/examples/InformationFlow/SimpleEvoting/simple_evoting.Environment(simple_evoting.Environment__untrustedInput(int)).Non-interference contract.0.m.key 
24589      DEBUG main            d.u.i.k.p.i.KeYFile       Reading KeY file file:/home/runner/work/key/key/key.core/build/resources/main/de/uka/ilkd/key/java/JavaRedux/java/lang/String.key 
24592      DEBUG main            d.u.i.k.p.i.KeYFile       Read specifications obtained when parsing the Java files (usually JML and Strings.key) from file:/home/runner/work/key/key/key.core/build/resources/main/de/uka/ilkd/key/java/JavaRedux/java/lang/String.key 
26656      DEBUG main            d.u.i.k.p.i.KeYFile       Read specifications obtained when parsing the Java files (usually JML and Strings.key) from /home/runner/work/key/key/key.core/../key.ui/examples/InformationFlow/SimpleEvoting/simple_evoting.Environment(simple_evoting.Environment__untrustedInput(int)).Non-interference contract.0.m.key 
26719      DEBUG main            d.u.i.k.m.s.ProofScriptEngine 1: 'macro 'infflow-autopilot'' 
26814      INFO  main            d.u.i.k.p.r.p.TestFile    ... finished proof: open goal(s) 
26995      DEBUG main            d.u.i.k.s.TermLabelSettings TermLabelSettings: Failure while reading the setting "UseOriginLabels".Using the default value: true.The string read was: null 
26995      INFO  main            d.u.i.k.p.r.p.TestFile    Now processing file /home/runner/work/key/key/key.core/../key.ui/examples/InformationFlow/SimpleEvoting/simple_evoting.Environment(simple_evoting.Environment__untrustedInput()).Non-interference contract.0.m.key 
28029      DEBUG main            d.u.i.k.j.Recoder2KeY     converting now /home/runner/work/key/key/key.core/../key.ui/examples/InformationFlow/SimpleEvoting/src/simple_evoting/Voter.java 
28031      DEBUG main            d.u.i.k.j.Recoder2KeY     converting now /home/runner/work/key/key/key.core/../key.ui/examples/InformationFlow/SimpleEvoting/src/simple_evoting/NetworkClient.java 
28032      DEBUG main            d.u.i.k.j.Recoder2KeY     converting now /home/runner/work/key/key/key.core/../key.ui/examples/InformationFlow/SimpleEvoting/src/simple_evoting/SMT.java 
28033      DEBUG main            d.u.i.k.j.Recoder2KeY     converting now /home/runner/work/key/key/key.core/../key.ui/examples/InformationFlow/SimpleEvoting/src/simple_evoting/Environment.java 
28033      DEBUG main            d.u.i.k.j.Recoder2KeY     converting now /home/runner/work/key/key/key.core/../key.ui/examples/InformationFlow/SimpleEvoting/src/simple_evoting/Setup.java 
28034      DEBUG main            d.u.i.k.j.Recoder2KeY     converting now /home/runner/work/key/key/key.core/../key.ui/examples/InformationFlow/SimpleEvoting/src/simple_evoting/Server.java 
28035      DEBUG main            d.u.i.k.j.Recoder2KeY     converting now /home/runner/work/key/key/key.core/../key.ui/examples/InformationFlow/SimpleEvoting/src/simple_evoting/Message.java 
28036      DEBUG main            d.u.i.k.j.Recoder2KeY     converting now /home/runner/work/key/key/key.core/../key.ui/examples/InformationFlow/SimpleEvoting/src/simple_evoting/SMTEnv.java 
28040      DEBUG main            d.u.i.k.s.TermLabelSettings TermLabelSettings: Failure while reading the setting "UseOriginLabels".Using the default value: true.The string read was: null 
28041      DEBUG main            d.u.i.k.p.i.KeYFile       Reading KeY file /home/runner/work/key/key/key.core/../key.ui/examples/InformationFlow/SimpleEvoting/simple_evoting.Environment(simple_evoting.Environment__untrustedInput()).Non-interference contract.0.m.key 
28042      DEBUG main            d.u.i.k.p.i.KeYFile       Reading KeY file file:/home/runner/work/key/key/key.core/build/resources/main/de/uka/ilkd/key/java/JavaRedux/java/lang/String.key 
28045      DEBUG main            d.u.i.k.p.i.KeYFile       Read specifications obtained when parsing the Java files (usually JML and Strings.key) from file:/home/runner/work/key/key/key.core/build/resources/main/de/uka/ilkd/key/java/JavaRedux/java/lang/String.key 
30066      DEBUG main            d.u.i.k.p.i.KeYFile       Read specifications obtained when parsing the Java files (usually JML and Strings.key) from /home/runner/work/key/key/key.core/../key.ui/examples/InformationFlow/SimpleEvoting/simple_evoting.Environment(simple_evoting.Environment__untrustedInput()).Non-interference contract.0.m.key 
30130      DEBUG main            d.u.i.k.m.s.ProofScriptEngine 1: 'macro 'infflow-autopilot'' 
30210      INFO  main            d.u.i.k.p.r.p.TestFile    ... finished proof: open goal(s) 
30364      DEBUG main            d.u.i.k.s.TermLabelSettings TermLabelSettings: Failure while reading the setting "UseOriginLabels".Using the default value: true.The string read was: null 
30364      INFO  main            d.u.i.k.p.r.p.TestFile    Now processing file /home/runner/work/key/key/key.core/../key.ui/examples/InformationFlow/SimpleEvoting/simple_evoting.SMT(simple_evoting.SMT__send(simple_evoting.Message,int,simple_evoting.Server)).Non-interference contract.1.m.key 
31370      DEBUG main            d.u.i.k.j.Recoder2KeY     converting now /home/runner/work/key/key/key.core/../key.ui/examples/InformationFlow/SimpleEvoting/src/simple_evoting/Voter.java 
31372      DEBUG main            d.u.i.k.j.Recoder2KeY     converting now /home/runner/work/key/key/key.core/../key.ui/examples/InformationFlow/SimpleEvoting/src/simple_evoting/NetworkClient.java 
31373      DEBUG main            d.u.i.k.j.Recoder2KeY     converting now /home/runner/work/key/key/key.core/../key.ui/examples/InformationFlow/SimpleEvoting/src/simple_evoting/SMT.java 
31374      DEBUG main            d.u.i.k.j.Recoder2KeY     converting now /home/runner/work/key/key/key.core/../key.ui/examples/InformationFlow/SimpleEvoting/src/simple_evoting/Environment.java 
31375      DEBUG main            d.u.i.k.j.Recoder2KeY     converting now /home/runner/work/key/key/key.core/../key.ui/examples/InformationFlow/SimpleEvoting/src/simple_evoting/Setup.java 
31376      DEBUG main            d.u.i.k.j.Recoder2KeY     converting now /home/runner/work/key/key/key.core/../key.ui/examples/InformationFlow/SimpleEvoting/src/simple_evoting/Server.java 
31377      DEBUG main            d.u.i.k.j.Recoder2KeY     converting now /home/runner/work/key/key/key.core/../key.ui/examples/InformationFlow/SimpleEvoting/src/simple_evoting/Message.java 
31377      DEBUG main            d.u.i.k.j.Recoder2KeY     converting now /home/runner/work/key/key/key.core/../key.ui/examples/InformationFlow/SimpleEvoting/src/simple_evoting/SMTEnv.java 
31381      DEBUG main            d.u.i.k.s.TermLabelSettings TermLabelSettings: Failure while reading the setting "UseOriginLabels".Using the default value: true.The string read was: null 
31382      DEBUG main            d.u.i.k.p.i.KeYFile       Reading KeY file /home/runner/work/key/key/key.core/../key.ui/examples/InformationFlow/SimpleEvoting/simple_evoting.SMT(simple_evoting.SMT__send(simple_evoting.Message,int,simple_evoting.Server)).Non-interference contract.1.m.key 
31383      DEBUG main            d.u.i.k.p.i.KeYFile       Reading KeY file file:/home/runner/work/key/key/key.core/build/resources/main/de/uka/ilkd/key/java/JavaRedux/java/lang/String.key 
31392      DEBUG main            d.u.i.k.p.i.KeYFile       Read specifications obtained when parsing the Java files (usually JML and Strings.key) from file:/home/runner/work/key/key/key.core/build/resources/main/de/uka/ilkd/key/java/JavaRedux/java/lang/String.key 
33415      DEBUG main            d.u.i.k.p.i.KeYFile       Read specifications obtained when parsing the Java files (usually JML and Strings.key) from /home/runner/work/key/key/key.core/../key.ui/examples/InformationFlow/SimpleEvoting/simple_evoting.SMT(simple_evoting.SMT__send(simple_evoting.Message,int,simple_evoting.Server)).Non-interference contract.1.m.key 
33473      DEBUG main            d.u.i.k.m.s.ProofScriptEngine 1: 'macro 'infflow-autopilot'' 
33522      DEBUG main            d.u.i.k.p.m.ProofCorrectnessMgt No justification found for rule Class_invariant_axiom_for_simple_evoting_Server 
33528      DEBUG main            d.u.i.k.p.m.ProofCorrectnessMgt No justification found for rule Class_invariant_axiom_for_simple_evoting_Message 
33569      DEBUG main            d.u.i.k.p.m.ProofCorrectnessMgt No justification found for rule JML_represents_clause_for_simple_evoting_Environment_rep 
33869      DEBUG main            d.u.i.k.p.m.ProofCorrectnessMgt No justification found for rule Class_invariant_axiom_for_simple_evoting_Server 
33955      DEBUG main            d.u.i.k.p.m.ProofCorrectnessMgt No justification found for rule Class_invariant_axiom_for_simple_evoting_Message 
33992      DEBUG main            d.u.i.k.p.m.ProofCorrectnessMgt No justification found for rule Class_invariant_axiom_for_simple_evoting_Server 
34028      DEBUG main            d.u.i.k.p.m.ProofCorrectnessMgt No justification found for rule Class_invariant_axiom_for_simple_evoting_Message 
35049      DEBUG main            d.u.i.k.p.m.ProofCorrectnessMgt No justification found for rule Class_invariant_axiom_for_simple_evoting_Message 
35128      DEBUG main            d.u.i.k.p.m.ProofCorrectnessMgt No justification found for rule Class_invariant_axiom_for_simple_evoting_Server 
35248      DEBUG main            d.u.i.k.p.m.ProofCorrectnessMgt No justification found for rule Class_invariant_axiom_for_simple_evoting_Server 
35316      DEBUG main            d.u.i.k.p.m.ProofCorrectnessMgt No justification found for rule Class_invariant_axiom_for_simple_evoting_Server 
35368      DEBUG main            d.u.i.k.p.m.ProofCorrectnessMgt No justification found for rule Class_invariant_axiom_for_simple_evoting_Message 
35386      DEBUG main            d.u.i.k.p.m.ProofCorrectnessMgt No justification found for rule Class_invariant_axiom_for_simple_evoting_Server 
35428      DEBUG main            d.u.i.k.p.m.ProofCorrectnessMgt No justification found for rule Class_invariant_axiom_for_simple_evoting_Message 
35455      DEBUG main            d.u.i.k.p.m.ProofCorrectnessMgt No justification found for rule Class_invariant_axiom_for_simple_evoting_Server 
35561      DEBUG main            d.u.i.k.p.m.ProofCorrectnessMgt No justification found for rule Class_invariant_axiom_for_simple_evoting_Message 
35586      DEBUG main            d.u.i.k.p.m.ProofCorrectnessMgt No justification found for rule Class_invariant_axiom_for_simple_evoting_Server 
35628      DEBUG main            d.u.i.k.p.m.ProofCorrectnessMgt No justification found for rule Class_invariant_axiom_for_simple_evoting_Server 
35690      DEBUG main            d.u.i.k.p.m.ProofCorrectnessMgt No justification found for rule Class_invariant_axiom_for_simple_evoting_Server 
35750      DEBUG main            d.u.i.k.p.m.ProofCorrectnessMgt No justification found for rule Class_invariant_axiom_for_simple_evoting_Message 
35767      DEBUG main            d.u.i.k.p.m.ProofCorrectnessMgt No justification found for rule Class_invariant_axiom_for_simple_evoting_Message 
35788      DEBUG main            d.u.i.k.p.m.ProofCorrectnessMgt No justification found for rule Class_invariant_axiom_for_simple_evoting_Server 
35830      DEBUG main            d.u.i.k.p.m.ProofCorrectnessMgt No justification found for rule Class_invariant_axiom_for_simple_evoting_Message 
35848      DEBUG main            d.u.i.k.p.m.ProofCorrectnessMgt No justification found for rule Class_invariant_axiom_for_simple_evoting_Server 
35903      DEBUG main            d.u.i.k.p.m.ProofCorrectnessMgt No justification found for rule Class_invariant_axiom_for_simple_evoting_Message 
35918      DEBUG main            d.u.i.k.p.m.ProofCorrectnessMgt No justification found for rule Class_invariant_axiom_for_simple_evoting_Message 
35941      DEBUG main            d.u.i.k.p.m.ProofCorrectnessMgt No justification found for rule Class_invariant_axiom_for_simple_evoting_Server 
36207      DEBUG main            d.u.i.k.p.m.ProofCorrectnessMgt No justification found for rule Class_invariant_axiom_for_simple_evoting_Message 
36276      DEBUG main            d.u.i.k.p.m.ProofCorrectnessMgt No justification found for rule Class_invariant_axiom_for_simple_evoting_Server 
36371      DEBUG main            d.u.i.k.p.m.ProofCorrectnessMgt No justification found for rule Class_invariant_axiom_for_simple_evoting_Message 
36401      DEBUG main            d.u.i.k.p.m.ProofCorrectnessMgt No justification found for rule Class_invariant_axiom_for_simple_evoting_Message 
36430      DEBUG main            d.u.i.k.p.m.ProofCorrectnessMgt No justification found for rule Class_invariant_axiom_for_simple_evoting_Server 
36490      DEBUG main            d.u.i.k.p.m.ProofCorrectnessMgt No justification found for rule Class_invariant_axiom_for_simple_evoting_Server 
36578      DEBUG main            d.u.i.k.p.m.ProofCorrectnessMgt No justification found for rule Class_invariant_axiom_for_simple_evoting_Server 
36649      DEBUG main            d.u.i.k.p.m.ProofCorrectnessMgt No justification found for rule Class_invariant_axiom_for_simple_evoting_Server 
36716      DEBUG main            d.u.i.k.p.m.ProofCorrectnessMgt No justification found for rule Class_invariant_axiom_for_simple_evoting_Server 
36784      DEBUG main            d.u.i.k.p.m.ProofCorrectnessMgt No justification found for rule Class_invariant_axiom_for_simple_evoting_Message 
36814      DEBUG main            d.u.i.k.p.m.ProofCorrectnessMgt No justification found for rule Class_invariant_axiom_for_simple_evoting_Message 
36840      DEBUG main            d.u.i.k.p.m.ProofCorrectnessMgt No justification found for rule Class_invariant_axiom_for_simple_evoting_Message 
36869      DEBUG main            d.u.i.k.p.m.ProofCorrectnessMgt No justification found for rule Class_invariant_axiom_for_simple_evoting_Message 
37090      DEBUG main            d.u.i.k.p.m.ProofCorrectnessMgt No justification found for rule Class_invariant_axiom_for_simple_evoting_Message 
37131      DEBUG main            d.u.i.k.p.m.ProofCorrectnessMgt No justification found for rule Class_invariant_axiom_for_simple_evoting_Server 
37205      DEBUG main            d.u.i.k.p.m.ProofCorrectnessMgt No justification found for rule Class_invariant_axiom_for_simple_evoting_Message 
37236      DEBUG main            d.u.i.k.p.m.ProofCorrectnessMgt No justification found for rule Class_invariant_axiom_for_simple_evoting_Server 
38038      DEBUG main            d.u.i.k.p.m.ProofCorrectnessMgt No justification found for rule Class_invariant_axiom_for_simple_evoting_Server 
38091      DEBUG main            d.u.i.k.p.m.ProofCorrectnessMgt No justification found for rule JML_represents_clause_for_simple_evoting_Environment_rep 
38179      DEBUG main            d.u.i.k.p.m.ProofCorrectnessMgt No justification found for rule Class_invariant_axiom_for_simple_evoting_Message 
38218      DEBUG main            d.u.i.k.p.m.ProofCorrectnessMgt No justification found for rule Class_invariant_axiom_for_simple_evoting_Message 
38292      DEBUG main            d.u.i.k.p.m.ProofCorrectnessMgt No justification found for rule Class_invariant_axiom_for_simple_evoting_Message 
38331      DEBUG main            d.u.i.k.p.m.ProofCorrectnessMgt No justification found for rule Class_invariant_axiom_for_simple_evoting_Message 
38371      DEBUG main            d.u.i.k.p.m.ProofCorrectnessMgt No justification found for rule Class_invariant_axiom_for_simple_evoting_Message 
38406      DEBUG main            d.u.i.k.p.m.ProofCorrectnessMgt No justification found for rule Class_invariant_axiom_for_simple_evoting_Message 
38440      DEBUG main            d.u.i.k.p.m.ProofCorrectnessMgt No justification found for rule Class_invariant_axiom_for_simple_evoting_Message 
38478      DEBUG main            d.u.i.k.p.m.ProofCorrectnessMgt No justification found for rule Class_invariant_axiom_for_simple_evoting_Message 
38513      DEBUG main            d.u.i.k.p.m.ProofCorrectnessMgt No justification found for rule Class_invariant_axiom_for_simple_evoting_Message 
38551      DEBUG main            d.u.i.k.p.m.ProofCorrectnessMgt No justification found for rule Class_invariant_axiom_for_simple_evoting_Message 
38852      DEBUG main            d.u.i.k.p.m.ProofCorrectnessMgt No justification found for rule Class_invariant_axiom_for_simple_evoting_Server 
38933      DEBUG main            d.u.i.k.p.m.ProofCorrectnessMgt No justification found for rule Class_invariant_axiom_for_simple_evoting_Server 
39007      DEBUG main            d.u.i.k.p.m.ProofCorrectnessMgt No justification found for rule Class_invariant_axiom_for_simple_evoting_Server 
39078      DEBUG main            d.u.i.k.p.m.ProofCorrectnessMgt No justification found for rule Class_invariant_axiom_for_simple_evoting_Server 
39147      DEBUG main            d.u.i.k.p.m.ProofCorrectnessMgt No justification found for rule Class_invariant_axiom_for_simple_evoting_Server 
39210      DEBUG main            d.u.i.k.p.m.ProofCorrectnessMgt No justification found for rule Class_invariant_axiom_for_simple_evoting_Server 
39288      DEBUG main            d.u.i.k.p.m.ProofCorrectnessMgt No justification found for rule Class_invariant_axiom_for_simple_evoting_Server 
39360      DEBUG main            d.u.i.k.p.m.ProofCorrectnessMgt No justification found for rule Class_invariant_axiom_for_simple_evoting_Server 
39420      DEBUG main            d.u.i.k.p.m.ProofCorrectnessMgt No justification found for rule Class_invariant_axiom_for_simple_evoting_Server 
39478      DEBUG main            d.u.i.k.p.m.ProofCorrectnessMgt No justification found for rule Class_invariant_axiom_for_simple_evoting_Server 
54765      DEBUG main            d.u.i.k.p.m.ProofCorrectnessMgt No justification found for rule Class_invariant_axiom_for_simple_evoting_Message 
54824      DEBUG main            d.u.i.k.p.m.ProofCorrectnessMgt No justification found for rule Class_invariant_axiom_for_simple_evoting_Server 
54909      DEBUG main            d.u.i.k.p.m.ProofCorrectnessMgt No justification found for rule Class_invariant_axiom_for_simple_evoting_Server 
54943      DEBUG main            d.u.i.k.p.m.ProofCorrectnessMgt No justification found for rule Class_invariant_axiom_for_simple_evoting_Message 
77042      INFO  main            d.u.i.k.p.r.p.TestFile    ... finished proof: closed. 
77390      DEBUG main            d.u.i.k.s.TermLabelSettings TermLabelSettings: Failure while reading the setting "UseOriginLabels".Using the default value: true.The string read was: null 
77390      INFO  main            d.u.i.k.p.r.p.TestFile    Now processing file /home/runner/work/key/key/key.core/../key.ui/examples/InformationFlow/SimpleEvoting/simple_evoting.SMT(simple_evoting.SMT__send(simple_evoting.Message,int,simple_evoting.Server)).Non-interference contract.0.m.key 
78428      DEBUG main            d.u.i.k.j.Recoder2KeY     converting now /home/runner/work/key/key/key.core/../key.ui/examples/InformationFlow/SimpleEvoting/src/simple_evoting/Voter.java 
78431      DEBUG main            d.u.i.k.j.Recoder2KeY     converting now /home/runner/work/key/key/key.core/../key.ui/examples/InformationFlow/SimpleEvoting/src/simple_evoting/NetworkClient.java 
78431      DEBUG main            d.u.i.k.j.Recoder2KeY     converting now /home/runner/work/key/key/key.core/../key.ui/examples/InformationFlow/SimpleEvoting/src/simple_evoting/SMT.java 
78432      DEBUG main            d.u.i.k.j.Recoder2KeY     converting now /home/runner/work/key/key/key.core/../key.ui/examples/InformationFlow/SimpleEvoting/src/simple_evoting/Environment.java 
78432      DEBUG main            d.u.i.k.j.Recoder2KeY     converting now /home/runner/work/key/key/key.core/../key.ui/examples/InformationFlow/SimpleEvoting/src/simple_evoting/Setup.java 
78433      DEBUG main            d.u.i.k.j.Recoder2KeY     converting now /home/runner/work/key/key/key.core/../key.ui/examples/InformationFlow/SimpleEvoting/src/simple_evoting/Server.java 
78435      DEBUG main            d.u.i.k.j.Recoder2KeY     converting now /home/runner/work/key/key/key.core/../key.ui/examples/InformationFlow/SimpleEvoting/src/simple_evoting/Message.java 
78435      DEBUG main            d.u.i.k.j.Recoder2KeY     converting now /home/runner/work/key/key/key.core/../key.ui/examples/InformationFlow/SimpleEvoting/src/simple_evoting/SMTEnv.java 
78439      DEBUG main            d.u.i.k.s.TermLabelSettings TermLabelSettings: Failure while reading the setting "UseOriginLabels".Using the default value: true.The string read was: null 
78440      DEBUG main            d.u.i.k.p.i.KeYFile       Reading KeY file /home/runner/work/key/key/key.core/../key.ui/examples/InformationFlow/SimpleEvoting/simple_evoting.SMT(simple_evoting.SMT__send(simple_evoting.Message,int,simple_evoting.Server)).Non-interference contract.0.m.key 
78441      DEBUG main            d.u.i.k.p.i.KeYFile       Reading KeY file file:/home/runner/work/key/key/key.core/build/resources/main/de/uka/ilkd/key/java/JavaRedux/java/lang/String.key 
78443      DEBUG main            d.u.i.k.p.i.KeYFile       Read specifications obtained when parsing the Java files (usually JML and Strings.key) from file:/home/runner/work/key/key/key.core/build/resources/main/de/uka/ilkd/key/java/JavaRedux/java/lang/String.key 
80427      DEBUG main            d.u.i.k.p.i.KeYFile       Read specifications obtained when parsing the Java files (usually JML and Strings.key) from /home/runner/work/key/key/key.core/../key.ui/examples/InformationFlow/SimpleEvoting/simple_evoting.SMT(simple_evoting.SMT__send(simple_evoting.Message,int,simple_evoting.Server)).Non-interference contract.0.m.key 
80486      DEBUG main            d.u.i.k.m.s.ProofScriptEngine 1: 'macro 'infflow-autopilot'' 
80540      DEBUG main            d.u.i.k.p.m.ProofCorrectnessMgt No justification found for rule Class_invariant_axiom_for_simple_evoting_Server 
80547      DEBUG main            d.u.i.k.p.m.ProofCorrectnessMgt No justification found for rule Class_invariant_axiom_for_simple_evoting_Message 
80587      DEBUG main            d.u.i.k.p.m.ProofCorrectnessMgt No justification found for rule JML_represents_clause_for_simple_evoting_Environment_rep 
80860      DEBUG main            d.u.i.k.p.m.ProofCorrectnessMgt No justification found for rule Class_invariant_axiom_for_simple_evoting_Server 
80935      DEBUG main            d.u.i.k.p.m.ProofCorrectnessMgt No justification found for rule Class_invariant_axiom_for_simple_evoting_Message 
80962      DEBUG main            d.u.i.k.p.m.ProofCorrectnessMgt No justification found for rule Class_invariant_axiom_for_simple_evoting_Message 
80973      DEBUG main            d.u.i.k.p.m.ProofCorrectnessMgt No justification found for rule Class_invariant_axiom_for_simple_evoting_Server 
81990      DEBUG main            d.u.i.k.p.m.ProofCorrectnessMgt No justification found for rule Class_invariant_axiom_for_simple_evoting_Message 
82069      DEBUG main            d.u.i.k.p.m.ProofCorrectnessMgt No justification found for rule Class_invariant_axiom_for_simple_evoting_Server 
82188      DEBUG main            d.u.i.k.p.m.ProofCorrectnessMgt No justification found for rule Class_invariant_axiom_for_simple_evoting_Server 
82259      DEBUG main            d.u.i.k.p.m.ProofCorrectnessMgt No justification found for rule Class_invariant_axiom_for_simple_evoting_Message 
82283      DEBUG main            d.u.i.k.p.m.ProofCorrectnessMgt No justification found for rule Class_invariant_axiom_for_simple_evoting_Server 
82353      DEBUG main            d.u.i.k.p.m.ProofCorrectnessMgt No justification found for rule Class_invariant_axiom_for_simple_evoting_Server 
82401      DEBUG main            d.u.i.k.p.m.ProofCorrectnessMgt No justification found for rule Class_invariant_axiom_for_simple_evoting_Message 
82425      DEBUG main            d.u.i.k.p.m.ProofCorrectnessMgt No justification found for rule Class_invariant_axiom_for_simple_evoting_Server 
82468      DEBUG main            d.u.i.k.p.m.ProofCorrectnessMgt No justification found for rule Class_invariant_axiom_for_simple_evoting_Server 
82709      DEBUG main            d.u.i.k.p.m.ProofCorrectnessMgt No justification found for rule Class_invariant_axiom_for_simple_evoting_Message 
82729      DEBUG main            d.u.i.k.p.m.ProofCorrectnessMgt No justification found for rule Class_invariant_axiom_for_simple_evoting_Message 
82747      DEBUG main            d.u.i.k.p.m.ProofCorrectnessMgt No justification found for rule Class_invariant_axiom_for_simple_evoting_Message 
82773      DEBUG main            d.u.i.k.p.m.ProofCorrectnessMgt No justification found for rule Class_invariant_axiom_for_simple_evoting_Message 
82799      DEBUG main            d.u.i.k.p.m.ProofCorrectnessMgt No justification found for rule Class_invariant_axiom_for_simple_evoting_Server 
82907      DEBUG main            d.u.i.k.p.m.ProofCorrectnessMgt No justification found for rule Class_invariant_axiom_for_simple_evoting_Server 
82957      DEBUG main            d.u.i.k.p.m.ProofCorrectnessMgt No justification found for rule Class_invariant_axiom_for_simple_evoting_Message 
82982      DEBUG main            d.u.i.k.p.m.ProofCorrectnessMgt No justification found for rule Class_invariant_axiom_for_simple_evoting_Server 
83029      DEBUG main            d.u.i.k.p.m.ProofCorrectnessMgt No justification found for rule Class_invariant_axiom_for_simple_evoting_Server 
83055      DEBUG main            d.u.i.k.p.m.ProofCorrectnessMgt No justification found for rule Class_invariant_axiom_for_simple_evoting_Server 
83101      DEBUG main            d.u.i.k.p.m.ProofCorrectnessMgt No justification found for rule Class_invariant_axiom_for_simple_evoting_Server 
83159      DEBUG main            d.u.i.k.p.m.ProofCorrectnessMgt No justification found for rule Class_invariant_axiom_for_simple_evoting_Message 
83175      DEBUG main            d.u.i.k.p.m.ProofCorrectnessMgt No justification found for rule Class_invariant_axiom_for_simple_evoting_Message 
83194      DEBUG main            d.u.i.k.p.m.ProofCorrectnessMgt No justification found for rule Class_invariant_axiom_for_simple_evoting_Server 
83277      DEBUG main            d.u.i.k.p.m.ProofCorrectnessMgt No justification found for rule Class_invariant_axiom_for_simple_evoting_Server 
83354      DEBUG main            d.u.i.k.p.m.ProofCorrectnessMgt No justification found for rule Class_invariant_axiom_for_simple_evoting_Server 
83433      DEBUG main            d.u.i.k.p.m.ProofCorrectnessMgt No justification found for rule Class_invariant_axiom_for_simple_evoting_Server 
83510      DEBUG main            d.u.i.k.p.m.ProofCorrectnessMgt No justification found for rule Class_invariant_axiom_for_simple_evoting_Server 
83571      DEBUG main            d.u.i.k.p.m.ProofCorrectnessMgt No justification found for rule Class_invariant_axiom_for_simple_evoting_Message 
83601      DEBUG main            d.u.i.k.p.m.ProofCorrectnessMgt No justification found for rule Class_invariant_axiom_for_simple_evoting_Message 
83633      DEBUG main            d.u.i.k.p.m.ProofCorrectnessMgt No justification found for rule Class_invariant_axiom_for_simple_evoting_Message 
83661      DEBUG main            d.u.i.k.p.m.ProofCorrectnessMgt No justification found for rule Class_invariant_axiom_for_simple_evoting_Server 
83706      DEBUG main            d.u.i.k.p.m.ProofCorrectnessMgt No justification found for rule Class_invariant_axiom_for_simple_evoting_Message 
83731      DEBUG main            d.u.i.k.p.m.ProofCorrectnessMgt No justification found for rule Class_invariant_axiom_for_simple_evoting_Message 
83759      DEBUG main            d.u.i.k.p.m.ProofCorrectnessMgt No justification found for rule Class_invariant_axiom_for_simple_evoting_Message 
83833      DEBUG main            d.u.i.k.p.m.ProofCorrectnessMgt No justification found for rule Class_invariant_axiom_for_simple_evoting_Message 
83867      DEBUG main            d.u.i.k.p.m.ProofCorrectnessMgt No justification found for rule Class_invariant_axiom_for_simple_evoting_Server 
83922      DEBUG main            d.u.i.k.p.m.ProofCorrectnessMgt No justification found for rule Class_invariant_axiom_for_simple_evoting_Server 
83971      DEBUG main            d.u.i.k.p.m.ProofCorrectnessMgt No justification found for rule Class_invariant_axiom_for_simple_evoting_Message 
84937      DEBUG main            d.u.i.k.p.m.ProofCorrectnessMgt No justification found for rule JML_represents_clause_for_simple_evoting_Environment_rep 
85013      DEBUG main            d.u.i.k.p.m.ProofCorrectnessMgt No justification found for rule Class_invariant_axiom_for_simple_evoting_Message 
85052      DEBUG main            d.u.i.k.p.m.ProofCorrectnessMgt No justification found for rule Class_invariant_axiom_for_simple_evoting_Message 
85090      DEBUG main            d.u.i.k.p.m.ProofCorrectnessMgt No justification found for rule Class_invariant_axiom_for_simple_evoting_Message 
85127      DEBUG main            d.u.i.k.p.m.ProofCorrectnessMgt No justification found for rule Class_invariant_axiom_for_simple_evoting_Message 
85162      DEBUG main            d.u.i.k.p.m.ProofCorrectnessMgt No justification found for rule Class_invariant_axiom_for_simple_evoting_Message 
85197      DEBUG main            d.u.i.k.p.m.ProofCorrectnessMgt No justification found for rule Class_invariant_axiom_for_simple_evoting_Message 
85231      DEBUG main            d.u.i.k.p.m.ProofCorrectnessMgt No justification found for rule Class_invariant_axiom_for_simple_evoting_Message 
85270      DEBUG main            d.u.i.k.p.m.ProofCorrectnessMgt No justification found for rule Class_invariant_axiom_for_simple_evoting_Message 
85307      DEBUG main            d.u.i.k.p.m.ProofCorrectnessMgt No justification found for rule Class_invariant_axiom_for_simple_evoting_Message 
85341      DEBUG main            d.u.i.k.p.m.ProofCorrectnessMgt No justification found for rule Class_invariant_axiom_for_simple_evoting_Message 
85592      DEBUG main            d.u.i.k.p.m.ProofCorrectnessMgt No justification found for rule Class_invariant_axiom_for_simple_evoting_Server 
85708      DEBUG main            d.u.i.k.p.m.ProofCorrectnessMgt No justification found for rule Class_invariant_axiom_for_simple_evoting_Server 
85784      DEBUG main            d.u.i.k.p.m.ProofCorrectnessMgt No justification found for rule Class_invariant_axiom_for_simple_evoting_Server 
85853      DEBUG main            d.u.i.k.p.m.ProofCorrectnessMgt No justification found for rule Class_invariant_axiom_for_simple_evoting_Server 
85925      DEBUG main            d.u.i.k.p.m.ProofCorrectnessMgt No justification found for rule Class_invariant_axiom_for_simple_evoting_Server 
85998      DEBUG main            d.u.i.k.p.m.ProofCorrectnessMgt No justification found for rule Class_invariant_axiom_for_simple_evoting_Server 
86068      DEBUG main            d.u.i.k.p.m.ProofCorrectnessMgt No justification found for rule Class_invariant_axiom_for_simple_evoting_Server 
86140      DEBUG main            d.u.i.k.p.m.ProofCorrectnessMgt No justification found for rule Class_invariant_axiom_for_simple_evoting_Server 
86197      DEBUG main            d.u.i.k.p.m.ProofCorrectnessMgt No justification found for rule Class_invariant_axiom_for_simple_evoting_Server 
86256      DEBUG main            d.u.i.k.p.m.ProofCorrectnessMgt No justification found for rule Class_invariant_axiom_for_simple_evoting_Server 
101773     DEBUG main            d.u.i.k.p.m.ProofCorrectnessMgt No justification found for rule Class_invariant_axiom_for_simple_evoting_Message 
101828     DEBUG main            d.u.i.k.p.m.ProofCorrectnessMgt No justification found for rule Class_invariant_axiom_for_simple_evoting_Message 
101854     DEBUG main            d.u.i.k.p.m.ProofCorrectnessMgt No justification found for rule Class_invariant_axiom_for_simple_evoting_Server 
101924     DEBUG main            d.u.i.k.p.m.ProofCorrectnessMgt No justification found for rule Class_invariant_axiom_for_simple_evoting_Server 
125970     INFO  main            d.u.i.k.p.r.p.TestFile    ... finished proof: closed. 
126279     DEBUG main            d.u.i.k.s.TermLabelSettings TermLabelSettings: Failure while reading the setting "UseOriginLabels".Using the default value: true.The string read was: null 
126279     INFO  main            d.u.i.k.p.r.p.TestFile    Now processing file /home/runner/work/key/key/key.core/../key.ui/examples/InformationFlow/SimpleEvoting/simple_evoting.SMTEnv(simple_evoting.SMTEnv__send(int,int,int,simple_evoting.Server,int)).Non-interference contract.0.m.key 
127276     DEBUG main            d.u.i.k.j.Recoder2KeY     converting now /home/runner/work/key/key/key.core/../key.ui/examples/InformationFlow/SimpleEvoting/src/simple_evoting/Voter.java 
127279     DEBUG main            d.u.i.k.j.Recoder2KeY     converting now /home/runner/work/key/key/key.core/../key.ui/examples/InformationFlow/SimpleEvoting/src/simple_evoting/NetworkClient.java 
127280     DEBUG main            d.u.i.k.j.Recoder2KeY     converting now /home/runner/work/key/key/key.core/../key.ui/examples/InformationFlow/SimpleEvoting/src/simple_evoting/SMT.java 
127286     DEBUG main            d.u.i.k.j.Recoder2KeY     converting now /home/runner/work/key/key/key.core/../key.ui/examples/InformationFlow/SimpleEvoting/src/simple_evoting/Environment.java 
127287     DEBUG main            d.u.i.k.j.Recoder2KeY     converting now /home/runner/work/key/key/key.core/../key.ui/examples/InformationFlow/SimpleEvoting/src/simple_evoting/Setup.java 
127289     DEBUG main            d.u.i.k.j.Recoder2KeY     converting now /home/runner/work/key/key/key.core/../key.ui/examples/InformationFlow/SimpleEvoting/src/simple_evoting/Server.java 
127290     DEBUG main            d.u.i.k.j.Recoder2KeY     converting now /home/runner/work/key/key/key.core/../key.ui/examples/InformationFlow/SimpleEvoting/src/simple_evoting/Message.java 
127290     DEBUG main            d.u.i.k.j.Recoder2KeY     converting now /home/runner/work/key/key/key.core/../key.ui/examples/InformationFlow/SimpleEvoting/src/simple_evoting/SMTEnv.java 
127299     DEBUG main            d.u.i.k.s.TermLabelSettings TermLabelSettings: Failure while reading the setting "UseOriginLabels".Using the default value: true.The string read was: null 
127299     DEBUG main            d.u.i.k.p.i.KeYFile       Reading KeY file /home/runner/work/key/key/key.core/../key.ui/examples/InformationFlow/SimpleEvoting/simple_evoting.SMTEnv(simple_evoting.SMTEnv__send(int,int,int,simple_evoting.Server,int)).Non-interference contract.0.m.key 
127301     DEBUG main            d.u.i.k.p.i.KeYFile       Reading KeY file file:/home/runner/work/key/key/key.core/build/resources/main/de/uka/ilkd/key/java/JavaRedux/java/lang/String.key 
127304     DEBUG main            d.u.i.k.p.i.KeYFile       Read specifications obtained when parsing the Java files (usually JML and Strings.key) from file:/home/runner/work/key/key/key.core/build/resources/main/de/uka/ilkd/key/java/JavaRedux/java/lang/String.key 
129266     DEBUG main            d.u.i.k.p.i.KeYFile       Read specifications obtained when parsing the Java files (usually JML and Strings.key) from /home/runner/work/key/key/key.core/../key.ui/examples/InformationFlow/SimpleEvoting/simple_evoting.SMTEnv(simple_evoting.SMTEnv__send(int,int,int,simple_evoting.Server,int)).Non-interference contract.0.m.key 
129325     DEBUG main            d.u.i.k.m.s.ProofScriptEngine 1: 'macro 'infflow-autopilot'' 
129376     DEBUG main            d.u.i.k.p.m.ProofCorrectnessMgt No justification found for rule JML_represents_clause_for_simple_evoting_Environment_rep 
129391     DEBUG main            d.u.i.k.p.m.ProofCorrectnessMgt No justification found for rule JML_represents_clause_for_simple_evoting_Environment_rep 
129406     DEBUG main            d.u.i.k.p.m.ProofCorrectnessMgt No justification found for rule JML_represents_clause_for_simple_evoting_Environment_rep 
129421     DEBUG main            d.u.i.k.p.m.ProofCorrectnessMgt No justification found for rule JML_represents_clause_for_simple_evoting_Environment_rep 
129436     DEBUG main            d.u.i.k.p.m.ProofCorrectnessMgt No justification found for rule JML_represents_clause_for_simple_evoting_Environment_rep 
129487     DEBUG main            d.u.i.k.p.m.ProofCorrectnessMgt No justification found for rule JML_represents_clause_for_simple_evoting_Environment_rep 
130687     INFO  main            d.u.i.k.p.r.p.TestFile    ... finished proof: closed. 
130964     DEBUG main            d.u.i.k.s.TermLabelSettings TermLabelSettings: Failure while reading the setting "UseOriginLabels".Using the default value: true.The string read was: null 
130964     INFO  main            d.u.i.k.p.r.p.TestFile    Now processing file /home/runner/work/key/key/key.core/../key.ui/examples/InformationFlow/SimpleEvoting/simple_evoting.NetworkClient(simple_evoting.NetworkClient__send((B,simple_evoting.Server,int)).Non-interference contract.0.m.key 
131936     DEBUG main            d.u.i.k.j.Recoder2KeY     converting now /home/runner/work/key/key/key.core/../key.ui/examples/InformationFlow/SimpleEvoting/src/simple_evoting/Voter.java 
131938     DEBUG main            d.u.i.k.j.Recoder2KeY     converting now /home/runner/work/key/key/key.core/../key.ui/examples/InformationFlow/SimpleEvoting/src/simple_evoting/NetworkClient.java 
131939     DEBUG main            d.u.i.k.j.Recoder2KeY     converting now /home/runner/work/key/key/key.core/../key.ui/examples/InformationFlow/SimpleEvoting/src/simple_evoting/SMT.java 
131940     DEBUG main            d.u.i.k.j.Recoder2KeY     converting now /home/runner/work/key/key/key.core/../key.ui/examples/InformationFlow/SimpleEvoting/src/simple_evoting/Environment.java 
131940     DEBUG main            d.u.i.k.j.Recoder2KeY     converting now /home/runner/work/key/key/key.core/../key.ui/examples/InformationFlow/SimpleEvoting/src/simple_evoting/Setup.java 
131941     DEBUG main            d.u.i.k.j.Recoder2KeY     converting now /home/runner/work/key/key/key.core/../key.ui/examples/InformationFlow/SimpleEvoting/src/simple_evoting/Server.java 
131942     DEBUG main            d.u.i.k.j.Recoder2KeY     converting now /home/runner/work/key/key/key.core/../key.ui/examples/InformationFlow/SimpleEvoting/src/simple_evoting/Message.java 
131943     DEBUG main            d.u.i.k.j.Recoder2KeY     converting now /home/runner/work/key/key/key.core/../key.ui/examples/InformationFlow/SimpleEvoting/src/simple_evoting/SMTEnv.java 
131947     DEBUG main            d.u.i.k.s.TermLabelSettings TermLabelSettings: Failure while reading the setting "UseOriginLabels".Using the default value: true.The string read was: null 
131947     DEBUG main            d.u.i.k.p.i.KeYFile       Reading KeY file /home/runner/work/key/key/key.core/../key.ui/examples/InformationFlow/SimpleEvoting/simple_evoting.NetworkClient(simple_evoting.NetworkClient__send((B,simple_evoting.Server,int)).Non-interference contract.0.m.key 
131948     DEBUG main            d.u.i.k.p.i.KeYFile       Reading KeY file file:/home/runner/work/key/key/key.core/build/resources/main/de/uka/ilkd/key/java/JavaRedux/java/lang/String.key 
131951     DEBUG main            d.u.i.k.p.i.KeYFile       Read specifications obtained when parsing the Java files (usually JML and Strings.key) from file:/home/runner/work/key/key/key.core/build/resources/main/de/uka/ilkd/key/java/JavaRedux/java/lang/String.key 
133927     DEBUG main            d.u.i.k.p.i.KeYFile       Read specifications obtained when parsing the Java files (usually JML and Strings.key) from /home/runner/work/key/key/key.core/../key.ui/examples/InformationFlow/SimpleEvoting/simple_evoting.NetworkClient(simple_evoting.NetworkClient__send((B,simple_evoting.Server,int)).Non-interference contract.0.m.key 
133983     DEBUG main            d.u.i.k.m.s.ProofScriptEngine 1: 'macro 'infflow-autopilot'' 
134039     DEBUG main            d.u.i.k.p.m.ProofCorrectnessMgt No justification found for rule JML_represents_clause_for_simple_evoting_Environment_rep 
134060     DEBUG main            d.u.i.k.p.m.ProofCorrectnessMgt No justification found for rule JML_represents_clause_for_simple_evoting_Environment_rep 
134075     DEBUG main            d.u.i.k.p.m.ProofCorrectnessMgt No justification found for rule JML_represents_clause_for_simple_evoting_Environment_rep 
135070     INFO  main            d.u.i.k.p.r.p.TestFile    ... finished proof: closed. 
135258     DEBUG main            d.u.i.k.s.TermLabelSettings TermLabelSettings: Failure while reading the setting "UseOriginLabels".Using the default value: true.The string read was: null 
135258     INFO  main            d.u.i.k.p.r.p.TestFile    Now processing file /home/runner/work/key/key/key.core/../key.ui/examples/InformationFlow/SimpleEvoting/simple_evoting.Voter(simple_evoting.Voter__onSendBallot(simple_evoting.Server)).Non-interference contract.1.m.key 
136250     DEBUG main            d.u.i.k.j.Recoder2KeY     converting now /home/runner/work/key/key/key.core/../key.ui/examples/InformationFlow/SimpleEvoting/src/simple_evoting/Voter.java 
136251     DEBUG main            d.u.i.k.j.Recoder2KeY     converting now /home/runner/work/key/key/key.core/../key.ui/examples/InformationFlow/SimpleEvoting/src/simple_evoting/NetworkClient.java 
136252     DEBUG main            d.u.i.k.j.Recoder2KeY     converting now /home/runner/work/key/key/key.core/../key.ui/examples/InformationFlow/SimpleEvoting/src/simple_evoting/SMT.java 
136252     DEBUG main            d.u.i.k.j.Recoder2KeY     converting now /home/runner/work/key/key/key.core/../key.ui/examples/InformationFlow/SimpleEvoting/src/simple_evoting/Environment.java 
136253     DEBUG main            d.u.i.k.j.Recoder2KeY     converting now /home/runner/work/key/key/key.core/../key.ui/examples/InformationFlow/SimpleEvoting/src/simple_evoting/Setup.java 
136254     DEBUG main            d.u.i.k.j.Recoder2KeY     converting now /home/runner/work/key/key/key.core/../key.ui/examples/InformationFlow/SimpleEvoting/src/simple_evoting/Server.java 
136255     DEBUG main            d.u.i.k.j.Recoder2KeY     converting now /home/runner/work/key/key/key.core/../key.ui/examples/InformationFlow/SimpleEvoting/src/simple_evoting/Message.java 
136255     DEBUG main            d.u.i.k.j.Recoder2KeY     converting now /home/runner/work/key/key/key.core/../key.ui/examples/InformationFlow/SimpleEvoting/src/simple_evoting/SMTEnv.java 
136259     DEBUG main            d.u.i.k.s.TermLabelSettings TermLabelSettings: Failure while reading the setting "UseOriginLabels".Using the default value: true.The string read was: null 
136259     DEBUG main            d.u.i.k.p.i.KeYFile       Reading KeY file /home/runner/work/key/key/key.core/../key.ui/examples/InformationFlow/SimpleEvoting/simple_evoting.Voter(simple_evoting.Voter__onSendBallot(simple_evoting.Server)).Non-interference contract.1.m.key 
136260     DEBUG main            d.u.i.k.p.i.KeYFile       Reading KeY file file:/home/runner/work/key/key/key.core/build/resources/main/de/uka/ilkd/key/java/JavaRedux/java/lang/String.key 
136263     DEBUG main            d.u.i.k.p.i.KeYFile       Read specifications obtained when parsing the Java files (usually JML and Strings.key) from file:/home/runner/work/key/key/key.core/build/resources/main/de/uka/ilkd/key/java/JavaRedux/java/lang/String.key 
138249     DEBUG main            d.u.i.k.p.i.KeYFile       Read specifications obtained when parsing the Java files (usually JML and Strings.key) from /home/runner/work/key/key/key.core/../key.ui/examples/InformationFlow/SimpleEvoting/simple_evoting.Voter(simple_evoting.Voter__onSendBallot(simple_evoting.Server)).Non-interference contract.1.m.key 
138307     DEBUG main            d.u.i.k.m.s.ProofScriptEngine 1: 'macro 'infflow-autopilot'' 
138344     DEBUG main            d.u.i.k.p.m.ProofCorrectnessMgt No justification found for rule Class_invariant_axiom_for_simple_evoting_Voter 
138348     DEBUG main            d.u.i.k.p.m.ProofCorrectnessMgt No justification found for rule Class_invariant_axiom_for_simple_evoting_Server 
138359     DEBUG main            d.u.i.k.j.TypeConverter   typeconverter: (prefix this;, class class de.uka.ilkd.key.java.reference.ThisReference) 
138363     DEBUG main            d.u.i.k.j.TypeConverter   typeconverter: (prefix this;, class class de.uka.ilkd.key.java.reference.ThisReference) 
138375     DEBUG main            d.u.i.k.r.m.MethodCall    method-call: called for Message.<createObject>(); 
138375     DEBUG main            d.u.i.k.r.m.MethodCall    method-call: invocation of static method detected 
138380     DEBUG main            d.u.i.k.r.m.MethodCall    method-call: called for Message.<allocate>(); 
138380     DEBUG main            d.u.i.k.r.m.MethodCall    method-call: invocation of static method detected 
138393     DEBUG main            d.u.i.k.j.TypeConverter   typeconverter: (prefix this;, class class de.uka.ilkd.key.java.reference.ThisReference) 
138397     DEBUG main            d.u.i.k.r.m.MethodCall    method-call: called for <prepareEnter>(); 
138397     DEBUG main            d.u.i.k.r.m.MethodCall    method-call: invocation of private method detected.Requires static resolving. 
138401     DEBUG main            d.u.i.k.r.m.MethodCall    method-call: called for super.<prepare>(); 
138401     DEBUG main            d.u.i.k.r.m.MethodCall    method-call: super invocation of method detected.Requires static resolving. 
138406     DEBUG main            d.u.i.k.j.TypeConverter   typeconverter: (prefix this;, class class de.uka.ilkd.key.java.reference.ThisReference) 
138411     DEBUG main            d.u.i.k.j.TypeConverter   typeconverter: (prefix this;, class class de.uka.ilkd.key.java.reference.ThisReference) 
138416     DEBUG main            d.u.i.k.j.TypeConverter   typeconverter: (prefix this;, class class de.uka.ilkd.key.java.reference.ThisReference) 
138445     DEBUG main            d.u.i.k.r.m.MethodCall    method-call: called for super.<init>(); 
138445     DEBUG main            d.u.i.k.r.m.MethodCall    method-call: super invocation of method detected.Requires static resolving. 
138450     DEBUG main            d.u.i.k.j.TypeConverter   typeconverter: (prefix this;, class class de.uka.ilkd.key.java.reference.ThisReference) 
138455     DEBUG main            d.u.i.k.j.TypeConverter   typeconverter: (prefix this;, class class de.uka.ilkd.key.java.reference.ThisReference) 
138470     DEBUG main            d.u.i.k.j.TypeConverter   typeconverter: (prefix this;, class class de.uka.ilkd.key.java.reference.ThisReference) 
138482     DEBUG main            d.u.i.k.j.TypeConverter   typeconverter: (prefix this;, class class de.uka.ilkd.key.java.reference.ThisReference) 
138931     DEBUG main            d.u.i.k.p.m.ProofCorrectnessMgt No justification found for rule Class_invariant_axiom_for_simple_evoting_Server 
139076     DEBUG main            d.u.i.k.p.m.ProofCorrectnessMgt No justification found for rule Class_invariant_axiom_for_simple_evoting_Message 
139129     DEBUG main            d.u.i.k.p.m.ProofCorrectnessMgt No justification found for rule Class_invariant_axiom_for_simple_evoting_Server 
139239     DEBUG main            d.u.i.k.p.m.ProofCorrectnessMgt No justification found for rule Class_invariant_axiom_for_simple_evoting_Message 
141633     DEBUG main            d.u.i.k.p.m.ProofCorrectnessMgt No justification found for rule JML_represents_clause_for_simple_evoting_Environment_rep 
141640     DEBUG main            d.u.i.k.p.m.ProofCorrectnessMgt No justification found for rule JML_represents_clause_for_simple_evoting_Environment_rep 
141700     DEBUG main            d.u.i.k.p.m.ProofCorrectnessMgt No justification found for rule JML_represents_clause_for_simple_evoting_Environment_rep 
141713     DEBUG main            d.u.i.k.p.m.ProofCorrectnessMgt No justification found for rule JML_represents_clause_for_simple_evoting_Environment_rep 
141720     DEBUG main            d.u.i.k.p.m.ProofCorrectnessMgt No justification found for rule JML_represents_clause_for_simple_evoting_Environment_rep 
141740     DEBUG main            d.u.i.k.p.m.ProofCorrectnessMgt No justification found for rule JML_represents_clause_for_simple_evoting_Environment_rep 
141747     DEBUG main            d.u.i.k.p.m.ProofCorrectnessMgt No justification found for rule JML_represents_clause_for_simple_evoting_Environment_rep 
141753     DEBUG main            d.u.i.k.p.m.ProofCorrectnessMgt No justification found for rule JML_represents_clause_for_simple_evoting_Environment_rep 
141772     DEBUG main            d.u.i.k.p.m.ProofCorrectnessMgt No justification found for rule JML_represents_clause_for_simple_evoting_Environment_rep 
141778     DEBUG main            d.u.i.k.p.m.ProofCorrectnessMgt No justification found for rule JML_represents_clause_for_simple_evoting_Environment_rep 
141792     DEBUG main            d.u.i.k.p.m.ProofCorrectnessMgt No justification found for rule JML_represents_clause_for_simple_evoting_Environment_rep 
141804     DEBUG main            d.u.i.k.p.m.ProofCorrectnessMgt No justification found for rule JML_represents_clause_for_simple_evoting_Environment_rep 
141811     DEBUG main            d.u.i.k.p.m.ProofCorrectnessMgt No justification found for rule JML_represents_clause_for_simple_evoting_Environment_rep 
141830     DEBUG main            d.u.i.k.p.m.ProofCorrectnessMgt No justification found for rule JML_represents_clause_for_simple_evoting_Environment_rep 
141842     DEBUG main            d.u.i.k.p.m.ProofCorrectnessMgt No justification found for rule Class_invariant_axiom_for_simple_evoting_Server 
142180     DEBUG main            d.u.i.k.p.m.ProofCorrectnessMgt No justification found for rule Class_invariant_axiom_for_simple_evoting_Server 
142367     DEBUG main            d.u.i.k.p.m.ProofCorrectnessMgt No justification found for rule Class_invariant_axiom_for_simple_evoting_Server 
142565     DEBUG main            d.u.i.k.p.m.ProofCorrectnessMgt No justification found for rule Class_invariant_axiom_for_simple_evoting_Message 
142653     DEBUG main            d.u.i.k.p.m.ProofCorrectnessMgt No justification found for rule Class_invariant_axiom_for_simple_evoting_Message 
142736     DEBUG main            d.u.i.k.p.m.ProofCorrectnessMgt No justification found for rule Class_invariant_axiom_for_simple_evoting_Server 
143075     DEBUG main            d.u.i.k.p.m.ProofCorrectnessMgt No justification found for rule Class_invariant_axiom_for_simple_evoting_Message 
143187     DEBUG main            d.u.i.k.p.m.ProofCorrectnessMgt No justification found for rule Class_invariant_axiom_for_simple_evoting_Server 
143504     DEBUG main            d.u.i.k.p.m.ProofCorrectnessMgt No justification found for rule Class_invariant_axiom_for_simple_evoting_Server 
143824     DEBUG main            d.u.i.k.p.m.ProofCorrectnessMgt No justification found for rule Class_invariant_axiom_for_simple_evoting_Message 
143944     DEBUG main            d.u.i.k.p.m.ProofCorrectnessMgt No justification found for rule Class_invariant_axiom_for_simple_evoting_Server 
144251     DEBUG main            d.u.i.k.p.m.ProofCorrectnessMgt No justification found for rule Class_invariant_axiom_for_simple_evoting_Message 
144376     DEBUG main            d.u.i.k.p.m.ProofCorrectnessMgt No justification found for rule Class_invariant_axiom_for_simple_evoting_Server 
144686     DEBUG main            d.u.i.k.p.m.ProofCorrectnessMgt No justification found for rule Class_invariant_axiom_for_simple_evoting_Message 
144842     DEBUG main            d.u.i.k.p.m.ProofCorrectnessMgt No justification found for rule Class_invariant_axiom_for_simple_evoting_Server 
145172     DEBUG main            d.u.i.k.p.m.ProofCorrectnessMgt No justification found for rule Class_invariant_axiom_for_simple_evoting_Message 
145297     DEBUG main            d.u.i.k.p.m.ProofCorrectnessMgt No justification found for rule Class_invariant_axiom_for_simple_evoting_Server 
145625     DEBUG main            d.u.i.k.p.m.ProofCorrectnessMgt No justification found for rule Class_invariant_axiom_for_simple_evoting_Message 
145801     DEBUG main            d.u.i.k.p.m.ProofCorrectnessMgt No justification found for rule Class_invariant_axiom_for_simple_evoting_Message 
146115     DEBUG main            d.u.i.k.p.m.ProofCorrectnessMgt No justification found for rule Class_invariant_axiom_for_simple_evoting_Message 
146206     DEBUG main            d.u.i.k.p.m.ProofCorrectnessMgt No justification found for rule Class_invariant_axiom_for_simple_evoting_Message 
146314     DEBUG main            d.u.i.k.p.m.ProofCorrectnessMgt No justification found for rule Class_invariant_axiom_for_simple_evoting_Message 
146418     DEBUG main            d.u.i.k.p.m.ProofCorrectnessMgt No justification found for rule Class_invariant_axiom_for_simple_evoting_Server 
146702     DEBUG main            d.u.i.k.p.m.ProofCorrectnessMgt No justification found for rule Class_invariant_axiom_for_simple_evoting_Message 
146804     DEBUG main            d.u.i.k.p.m.ProofCorrectnessMgt No justification found for rule Class_invariant_axiom_for_simple_evoting_Message 
146912     DEBUG main            d.u.i.k.p.m.ProofCorrectnessMgt No justification found for rule Class_invariant_axiom_for_simple_evoting_Server 
147221     DEBUG main            d.u.i.k.p.m.ProofCorrectnessMgt No justification found for rule Class_invariant_axiom_for_simple_evoting_Message 
147322     DEBUG main            d.u.i.k.p.m.ProofCorrectnessMgt No justification found for rule Class_invariant_axiom_for_simple_evoting_Message 
147429     DEBUG main            d.u.i.k.p.m.ProofCorrectnessMgt No justification found for rule Class_invariant_axiom_for_simple_evoting_Message 
148765     DEBUG main            d.u.i.k.p.m.ProofCorrectnessMgt No justification found for rule Class_invariant_axiom_for_simple_evoting_Server 
148931     DEBUG main            d.u.i.k.p.m.ProofCorrectnessMgt No justification found for rule Class_invariant_axiom_for_simple_evoting_Server 
149704     DEBUG main            d.u.i.k.p.m.ProofCorrectnessMgt No justification found for rule Class_invariant_axiom_for_simple_evoting_Server 
149820     DEBUG main            d.u.i.k.p.m.ProofCorrectnessMgt No justification found for rule Class_invariant_axiom_for_simple_evoting_Message 
155416     INFO  main            d.u.i.k.p.r.p.TestFile    ... finished proof: closed. 
155681     DEBUG main            d.u.i.k.s.TermLabelSettings TermLabelSettings: Failure while reading the setting "UseOriginLabels".Using the default value: true.The string read was: null 
155681     INFO  main            d.u.i.k.p.r.p.TestFile    Now processing file /home/runner/work/key/key/key.core/../key.ui/examples/InformationFlow/SimpleEvoting/simple_evoting.Voter(simple_evoting.Voter__onSendBallot(simple_evoting.Server)).Non-interference contract.0.m.key 
156649     DEBUG main            d.u.i.k.j.Recoder2KeY     converting now /home/runner/work/key/key/key.core/../key.ui/examples/InformationFlow/SimpleEvoting/src/simple_evoting/Voter.java 
156651     DEBUG main            d.u.i.k.j.Recoder2KeY     converting now /home/runner/work/key/key/key.core/../key.ui/examples/InformationFlow/SimpleEvoting/src/simple_evoting/NetworkClient.java 
156652     DEBUG main            d.u.i.k.j.Recoder2KeY     converting now /home/runner/work/key/key/key.core/../key.ui/examples/InformationFlow/SimpleEvoting/src/simple_evoting/SMT.java 
156652     DEBUG main            d.u.i.k.j.Recoder2KeY     converting now /home/runner/work/key/key/key.core/../key.ui/examples/InformationFlow/SimpleEvoting/src/simple_evoting/Environment.java 
156653     DEBUG main            d.u.i.k.j.Recoder2KeY     converting now /home/runner/work/key/key/key.core/../key.ui/examples/InformationFlow/SimpleEvoting/src/simple_evoting/Setup.java 
156654     DEBUG main            d.u.i.k.j.Recoder2KeY     converting now /home/runner/work/key/key/key.core/../key.ui/examples/InformationFlow/SimpleEvoting/src/simple_evoting/Server.java 
156654     DEBUG main            d.u.i.k.j.Recoder2KeY     converting now /home/runner/work/key/key/key.core/../key.ui/examples/InformationFlow/SimpleEvoting/src/simple_evoting/Message.java 
156655     DEBUG main            d.u.i.k.j.Recoder2KeY     converting now /home/runner/work/key/key/key.core/../key.ui/examples/InformationFlow/SimpleEvoting/src/simple_evoting/SMTEnv.java 
156659     DEBUG main            d.u.i.k.s.TermLabelSettings TermLabelSettings: Failure while reading the setting "UseOriginLabels".Using the default value: true.The string read was: null 
156659     DEBUG main            d.u.i.k.p.i.KeYFile       Reading KeY file /home/runner/work/key/key/key.core/../key.ui/examples/InformationFlow/SimpleEvoting/simple_evoting.Voter(simple_evoting.Voter__onSendBallot(simple_evoting.Server)).Non-interference contract.0.m.key 
156660     DEBUG main            d.u.i.k.p.i.KeYFile       Reading KeY file file:/home/runner/work/key/key/key.core/build/resources/main/de/uka/ilkd/key/java/JavaRedux/java/lang/String.key 
156662     DEBUG main            d.u.i.k.p.i.KeYFile       Read specifications obtained when parsing the Java files (usually JML and Strings.key) from file:/home/runner/work/key/key/key.core/build/resources/main/de/uka/ilkd/key/java/JavaRedux/java/lang/String.key 
158616     DEBUG main            d.u.i.k.p.i.KeYFile       Read specifications obtained when parsing the Java files (usually JML and Strings.key) from /home/runner/work/key/key/key.core/../key.ui/examples/InformationFlow/SimpleEvoting/simple_evoting.Voter(simple_evoting.Voter__onSendBallot(simple_evoting.Server)).Non-interference contract.0.m.key 
158668     DEBUG main            d.u.i.k.m.s.ProofScriptEngine 1: 'macro 'infflow-autopilot'' 
158703     DEBUG main            d.u.i.k.p.m.ProofCorrectnessMgt No justification found for rule Class_invariant_axiom_for_simple_evoting_Voter 
158707     DEBUG main            d.u.i.k.p.m.ProofCorrectnessMgt No justification found for rule Class_invariant_axiom_for_simple_evoting_Server 
158718     DEBUG main            d.u.i.k.j.TypeConverter   typeconverter: (prefix this;, class class de.uka.ilkd.key.java.reference.ThisReference) 
158721     DEBUG main            d.u.i.k.j.TypeConverter   typeconverter: (prefix this;, class class de.uka.ilkd.key.java.reference.ThisReference) 
158733     DEBUG main            d.u.i.k.r.m.MethodCall    method-call: called for Message.<createObject>(); 
158733     DEBUG main            d.u.i.k.r.m.MethodCall    method-call: invocation of static method detected 
158738     DEBUG main            d.u.i.k.r.m.MethodCall    method-call: called for Message.<allocate>(); 
158738     DEBUG main            d.u.i.k.r.m.MethodCall    method-call: invocation of static method detected 
158750     DEBUG main            d.u.i.k.j.TypeConverter   typeconverter: (prefix this;, class class de.uka.ilkd.key.java.reference.ThisReference) 
158754     DEBUG main            d.u.i.k.r.m.MethodCall    method-call: called for <prepareEnter>(); 
158754     DEBUG main            d.u.i.k.r.m.MethodCall    method-call: invocation of private method detected.Requires static resolving. 
158758     DEBUG main            d.u.i.k.r.m.MethodCall    method-call: called for super.<prepare>(); 
158758     DEBUG main            d.u.i.k.r.m.MethodCall    method-call: super invocation of method detected.Requires static resolving. 
158763     DEBUG main            d.u.i.k.j.TypeConverter   typeconverter: (prefix this;, class class de.uka.ilkd.key.java.reference.ThisReference) 
158767     DEBUG main            d.u.i.k.j.TypeConverter   typeconverter: (prefix this;, class class de.uka.ilkd.key.java.reference.ThisReference) 
158772     DEBUG main            d.u.i.k.j.TypeConverter   typeconverter: (prefix this;, class class de.uka.ilkd.key.java.reference.ThisReference) 
158801     DEBUG main            d.u.i.k.r.m.MethodCall    method-call: called for super.<init>(); 
158801     DEBUG main            d.u.i.k.r.m.MethodCall    method-call: super invocation of method detected.Requires static resolving. 
158806     DEBUG main            d.u.i.k.j.TypeConverter   typeconverter: (prefix this;, class class de.uka.ilkd.key.java.reference.ThisReference) 
158811     DEBUG main            d.u.i.k.j.TypeConverter   typeconverter: (prefix this;, class class de.uka.ilkd.key.java.reference.ThisReference) 
158826     DEBUG main            d.u.i.k.j.TypeConverter   typeconverter: (prefix this;, class class de.uka.ilkd.key.java.reference.ThisReference) 
158838     DEBUG main            d.u.i.k.j.TypeConverter   typeconverter: (prefix this;, class class de.uka.ilkd.key.java.reference.ThisReference) 
159268     DEBUG main            d.u.i.k.p.m.ProofCorrectnessMgt No justification found for rule Class_invariant_axiom_for_simple_evoting_Server 
159408     DEBUG main            d.u.i.k.p.m.ProofCorrectnessMgt No justification found for rule Class_invariant_axiom_for_simple_evoting_Message 
159459     DEBUG main            d.u.i.k.p.m.ProofCorrectnessMgt No justification found for rule Class_invariant_axiom_for_simple_evoting_Server 
159564     DEBUG main            d.u.i.k.p.m.ProofCorrectnessMgt No justification found for rule Class_invariant_axiom_for_simple_evoting_Message 
161920     DEBUG main            d.u.i.k.p.m.ProofCorrectnessMgt No justification found for rule JML_represents_clause_for_simple_evoting_Environment_rep 
161927     DEBUG main            d.u.i.k.p.m.ProofCorrectnessMgt No justification found for rule JML_represents_clause_for_simple_evoting_Environment_rep 
161975     DEBUG main            d.u.i.k.p.m.ProofCorrectnessMgt No justification found for rule JML_represents_clause_for_simple_evoting_Environment_rep 
161989     DEBUG main            d.u.i.k.p.m.ProofCorrectnessMgt No justification found for rule JML_represents_clause_for_simple_evoting_Environment_rep 
161996     DEBUG main            d.u.i.k.p.m.ProofCorrectnessMgt No justification found for rule JML_represents_clause_for_simple_evoting_Environment_rep 
162002     DEBUG main            d.u.i.k.p.m.ProofCorrectnessMgt No justification found for rule JML_represents_clause_for_simple_evoting_Environment_rep 
162014     DEBUG main            d.u.i.k.p.m.ProofCorrectnessMgt No justification found for rule JML_represents_clause_for_simple_evoting_Environment_rep 
162028     DEBUG main            d.u.i.k.p.m.ProofCorrectnessMgt No justification found for rule JML_represents_clause_for_simple_evoting_Environment_rep 
162034     DEBUG main            d.u.i.k.p.m.ProofCorrectnessMgt No justification found for rule JML_represents_clause_for_simple_evoting_Environment_rep 
162047     DEBUG main            d.u.i.k.p.m.ProofCorrectnessMgt No justification found for rule JML_represents_clause_for_simple_evoting_Environment_rep 
162054     DEBUG main            d.u.i.k.p.m.ProofCorrectnessMgt No justification found for rule JML_represents_clause_for_simple_evoting_Environment_rep 
162060     DEBUG main            d.u.i.k.p.m.ProofCorrectnessMgt No justification found for rule JML_represents_clause_for_simple_evoting_Environment_rep 
162072     DEBUG main            d.u.i.k.p.m.ProofCorrectnessMgt No justification found for rule JML_represents_clause_for_simple_evoting_Environment_rep 
162091     DEBUG main            d.u.i.k.p.m.ProofCorrectnessMgt No justification found for rule JML_represents_clause_for_simple_evoting_Environment_rep 
162120     DEBUG main            d.u.i.k.p.m.ProofCorrectnessMgt No justification found for rule Class_invariant_axiom_for_simple_evoting_Server 
162420     DEBUG main            d.u.i.k.p.m.ProofCorrectnessMgt No justification found for rule Class_invariant_axiom_for_simple_evoting_Server 
162658     DEBUG main            d.u.i.k.p.m.ProofCorrectnessMgt No justification found for rule Class_invariant_axiom_for_simple_evoting_Server 
162826     DEBUG main            d.u.i.k.p.m.ProofCorrectnessMgt No justification found for rule Class_invariant_axiom_for_simple_evoting_Message 
162930     DEBUG main            d.u.i.k.p.m.ProofCorrectnessMgt No justification found for rule Class_invariant_axiom_for_simple_evoting_Message 
162990     DEBUG main            d.u.i.k.p.m.ProofCorrectnessMgt No justification found for rule Class_invariant_axiom_for_simple_evoting_Message 
163101     DEBUG main            d.u.i.k.p.m.ProofCorrectnessMgt No justification found for rule Class_invariant_axiom_for_simple_evoting_Message 
163212     DEBUG main            d.u.i.k.p.m.ProofCorrectnessMgt No justification found for rule Class_invariant_axiom_for_simple_evoting_Message 
163324     DEBUG main            d.u.i.k.p.m.ProofCorrectnessMgt No justification found for rule Class_invariant_axiom_for_simple_evoting_Server 
163678     DEBUG main            d.u.i.k.p.m.ProofCorrectnessMgt No justification found for rule Class_invariant_axiom_for_simple_evoting_Message 
163789     DEBUG main            d.u.i.k.p.m.ProofCorrectnessMgt No justification found for rule Class_invariant_axiom_for_simple_evoting_Message 
163901     DEBUG main            d.u.i.k.p.m.ProofCorrectnessMgt No justification found for rule Class_invariant_axiom_for_simple_evoting_Message 
164048     DEBUG main            d.u.i.k.p.m.ProofCorrectnessMgt No justification found for rule Class_invariant_axiom_for_simple_evoting_Message 
164223     DEBUG main            d.u.i.k.p.m.ProofCorrectnessMgt No justification found for rule Class_invariant_axiom_for_simple_evoting_Message 
164301     DEBUG main            d.u.i.k.p.m.ProofCorrectnessMgt No justification found for rule Class_invariant_axiom_for_simple_evoting_Server 
164647     DEBUG main            d.u.i.k.p.m.ProofCorrectnessMgt No justification found for rule Class_invariant_axiom_for_simple_evoting_Server 
164932     DEBUG main            d.u.i.k.p.m.ProofCorrectnessMgt No justification found for rule Class_invariant_axiom_for_simple_evoting_Message 
165038     DEBUG main            d.u.i.k.p.m.ProofCorrectnessMgt No justification found for rule Class_invariant_axiom_for_simple_evoting_Server 
165308     DEBUG main            d.u.i.k.p.m.ProofCorrectnessMgt No justification found for rule Class_invariant_axiom_for_simple_evoting_Message 
165417     DEBUG main            d.u.i.k.p.m.ProofCorrectnessMgt No justification found for rule Class_invariant_axiom_for_simple_evoting_Server 
165751     DEBUG main            d.u.i.k.p.m.ProofCorrectnessMgt No justification found for rule Class_invariant_axiom_for_simple_evoting_Server 
166044     DEBUG main            d.u.i.k.p.m.ProofCorrectnessMgt No justification found for rule Class_invariant_axiom_for_simple_evoting_Message 
166155     DEBUG main            d.u.i.k.p.m.ProofCorrectnessMgt No justification found for rule Class_invariant_axiom_for_simple_evoting_Message 
166258     DEBUG main            d.u.i.k.p.m.ProofCorrectnessMgt No justification found for rule Class_invariant_axiom_for_simple_evoting_Message 
166366     DEBUG main            d.u.i.k.p.m.ProofCorrectnessMgt No justification found for rule Class_invariant_axiom_for_simple_evoting_Message 
167910     DEBUG main            d.u.i.k.p.m.ProofCorrectnessMgt No justification found for rule Class_invariant_axiom_for_simple_evoting_Server 
168136     DEBUG main            d.u.i.k.p.m.ProofCorrectnessMgt No justification found for rule Class_invariant_axiom_for_simple_evoting_Server 
168362     DEBUG main            d.u.i.k.p.m.ProofCorrectnessMgt No justification found for rule Class_invariant_axiom_for_simple_evoting_Server 
168505     DEBUG main            d.u.i.k.p.m.ProofCorrectnessMgt No justification found for rule Class_invariant_axiom_for_simple_evoting_Server 
168787     DEBUG main            d.u.i.k.p.m.ProofCorrectnessMgt No justification found for rule Class_invariant_axiom_for_simple_evoting_Message 
169503     DEBUG main            d.u.i.k.p.m.ProofCorrectnessMgt No justification found for rule Class_invariant_axiom_for_simple_evoting_Message 
169562     DEBUG main            d.u.i.k.p.m.ProofCorrectnessMgt No justification found for rule Class_invariant_axiom_for_simple_evoting_Server 
177888     INFO  main            d.u.i.k.p.r.p.TestFile    ... finished proof: closed. 
2664740    INFO  Test worker     d.u.i.k.p.r.RunAllProofsTestUnit Returning from test SimpleEvoting_fullmacro 
]]></system-out>
  <system-err><![CDATA[]]></system-err>
</testsuite>
