<?xml version="1.0" encoding="UTF-8"?>
<testsuite name="de.uka.ilkd.key.symbolic_execution.testcase.strategy.TestSymbolicExecutionStrategy" tests="29" skipped="0" failures="0" errors="0" timestamp="2023-01-30T15:55:11" hostname="fv-az451-766" time="101.958">
  <properties/>
  <testcase name="testAliasTest_Array_AliasChecksImmediately()" classname="de.uka.ilkd.key.symbolic_execution.testcase.strategy.TestSymbolicExecutionStrategy" time="4.099"/>
  <testcase name="testAliasTest_Array_AliasChecksNever()" classname="de.uka.ilkd.key.symbolic_execution.testcase.strategy.TestSymbolicExecutionStrategy" time="3.551"/>
  <testcase name="testAliasTest_Objects_AliasChecksImmediately()" classname="de.uka.ilkd.key.symbolic_execution.testcase.strategy.TestSymbolicExecutionStrategy" time="6.958"/>
  <testcase name="testAliasTest_Objects_AliasChecksNever()" classname="de.uka.ilkd.key.symbolic_execution.testcase.strategy.TestSymbolicExecutionStrategy" time="5.228"/>
  <testcase name="testBlockContractPreconditionNotVerified_SymbolicExecution()" classname="de.uka.ilkd.key.symbolic_execution.testcase.strategy.TestSymbolicExecutionStrategy" time="2.746"/>
  <testcase name="testBlockContractWithExceptionPostconditionNotVerified_SymbolicExecution()" classname="de.uka.ilkd.key.symbolic_execution.testcase.strategy.TestSymbolicExecutionStrategy" time="2.861"/>
  <testcase name="testBlockContractWithException_SymbolicExecution()" classname="de.uka.ilkd.key.symbolic_execution.testcase.strategy.TestSymbolicExecutionStrategy" time="2.976"/>
  <testcase name="testBlockContractWithReturnPostconditionNotVerified_SymbolicExecution()" classname="de.uka.ilkd.key.symbolic_execution.testcase.strategy.TestSymbolicExecutionStrategy" time="2.816"/>
  <testcase name="testBlockContractWithReturn_SymbolicExecution()" classname="de.uka.ilkd.key.symbolic_execution.testcase.strategy.TestSymbolicExecutionStrategy" time="2.771"/>
  <testcase name="testNonExecutionBranchHidingArraysIndexOf_hiding_off()" classname="de.uka.ilkd.key.symbolic_execution.testcase.strategy.TestSymbolicExecutionStrategy" time="3.758"/>
  <testcase name="testNonExecutionBranchHidingArraysIndexOf_hiding_side_proof()" classname="de.uka.ilkd.key.symbolic_execution.testcase.strategy.TestSymbolicExecutionStrategy" time="3.61"/>
  <testcase name="testNonExecutionBranchHidingComplexPrecondition_hiding_off()" classname="de.uka.ilkd.key.symbolic_execution.testcase.strategy.TestSymbolicExecutionStrategy" time="3.329"/>
  <testcase name="testNonExecutionBranchHidingComplexPrecondition_hiding_side_proof()" classname="de.uka.ilkd.key.symbolic_execution.testcase.strategy.TestSymbolicExecutionStrategy" time="3.302"/>
  <testcase name="testNonExecutionBranchHidingLoopInvariantWithSplittingQuery_hiding_off()" classname="de.uka.ilkd.key.symbolic_execution.testcase.strategy.TestSymbolicExecutionStrategy" time="3.801"/>
  <testcase name="testNonExecutionBranchHidingLoopInvariantWithSplittingQuery_hiding_side_proof()" classname="de.uka.ilkd.key.symbolic_execution.testcase.strategy.TestSymbolicExecutionStrategy" time="3.912"/>
  <testcase name="testNonExecutionBranchHidingQueryInPrecondition_hiding_off()" classname="de.uka.ilkd.key.symbolic_execution.testcase.strategy.TestSymbolicExecutionStrategy" time="3.4"/>
  <testcase name="testNonExecutionBranchHidingQueryInPrecondition_hiding_side_proof()" classname="de.uka.ilkd.key.symbolic_execution.testcase.strategy.TestSymbolicExecutionStrategy" time="5.422"/>
  <testcase name="testNonExecutionBranchHidingQueryWithFields_hiding_off()" classname="de.uka.ilkd.key.symbolic_execution.testcase.strategy.TestSymbolicExecutionStrategy" time="3.449"/>
  <testcase name="testNonExecutionBranchHidingQueryWithFields_hiding_side_proof()" classname="de.uka.ilkd.key.symbolic_execution.testcase.strategy.TestSymbolicExecutionStrategy" time="3.456"/>
  <testcase name="testNonExecutionBranchHidingQueryWithSideEffects_hiding_off()" classname="de.uka.ilkd.key.symbolic_execution.testcase.strategy.TestSymbolicExecutionStrategy" time="3.131"/>
  <testcase name="testNonExecutionBranchHidingQueryWithSideEffects_hiding_side_proof()" classname="de.uka.ilkd.key.symbolic_execution.testcase.strategy.TestSymbolicExecutionStrategy" time="3.307"/>
  <testcase name="testNonExecutionBranchHidingSimpleBooleanQuery_hiding_off()" classname="de.uka.ilkd.key.symbolic_execution.testcase.strategy.TestSymbolicExecutionStrategy" time="2.995"/>
  <testcase name="testNonExecutionBranchHidingSimpleBooleanQuery_hiding_side_proof()" classname="de.uka.ilkd.key.symbolic_execution.testcase.strategy.TestSymbolicExecutionStrategy" time="2.896"/>
  <testcase name="testNonExecutionBranchHidingSimpleIntQuery_mainWithSymbolicUpdates_hiding_side_proof()" classname="de.uka.ilkd.key.symbolic_execution.testcase.strategy.TestSymbolicExecutionStrategy" time="3.058"/>
  <testcase name="testNonExecutionBranchHidingSimpleIntQuery_mainWithUpdates_hiding_side_proof()" classname="de.uka.ilkd.key.symbolic_execution.testcase.strategy.TestSymbolicExecutionStrategy" time="2.844"/>
  <testcase name="testNonExecutionBranchHidingSimpleIntQuery_main_hiding_off()" classname="de.uka.ilkd.key.symbolic_execution.testcase.strategy.TestSymbolicExecutionStrategy" time="3.023"/>
  <testcase name="testNonExecutionBranchHidingSimpleIntQuery_main_hiding_side_proof()" classname="de.uka.ilkd.key.symbolic_execution.testcase.strategy.TestSymbolicExecutionStrategy" time="2.926"/>
  <testcase name="testNonExecutionBranchHidingSimpleObjectQuery_hiding_off()" classname="de.uka.ilkd.key.symbolic_execution.testcase.strategy.TestSymbolicExecutionStrategy" time="3.089"/>
  <testcase name="testNonExecutionBranchHidingSimpleObjectQuery_hiding_side_proof()" classname="de.uka.ilkd.key.symbolic_execution.testcase.strategy.TestSymbolicExecutionStrategy" time="3.229"/>
  <system-out><![CDATA[]]></system-out>
  <system-err><![CDATA[]]></system-err>
</testsuite>
