<?xml version="1.0" encoding="UTF-8"?>
<testsuite name="de.uka.ilkd.key.symbolic_execution.testcase.slicing.TestThinBackwardSlicer" tests="44" skipped="0" failures="0" errors="0" timestamp="2023-01-30T15:52:05" hostname="fv-az451-766" time="114.954">
  <properties/>
  <testcase name="testAliasChanged()" classname="de.uka.ilkd.key.symbolic_execution.testcase.slicing.TestThinBackwardSlicer" time="2.647"/>
  <testcase name="testAliasNotAvailable()" classname="de.uka.ilkd.key.symbolic_execution.testcase.slicing.TestThinBackwardSlicer" time="2.628"/>
  <testcase name="testAliasedByExecutionTest()" classname="de.uka.ilkd.key.symbolic_execution.testcase.slicing.TestThinBackwardSlicer" time="2.575"/>
  <testcase name="testAliasing()" classname="de.uka.ilkd.key.symbolic_execution.testcase.slicing.TestThinBackwardSlicer" time="2.56"/>
  <testcase name="testArrayIndexAsVariableFieldTest()" classname="de.uka.ilkd.key.symbolic_execution.testcase.slicing.TestThinBackwardSlicer" time="2.643"/>
  <testcase name="testArrayIndexSideeffectsAfter()" classname="de.uka.ilkd.key.symbolic_execution.testcase.slicing.TestThinBackwardSlicer" time="2.58"/>
  <testcase name="testArrayIndexSideeffectsBevore()" classname="de.uka.ilkd.key.symbolic_execution.testcase.slicing.TestThinBackwardSlicer" time="2.588"/>
  <testcase name="testArrayIndexVariableTest()" classname="de.uka.ilkd.key.symbolic_execution.testcase.slicing.TestThinBackwardSlicer" time="2.62"/>
  <testcase name="testBlockContractAssignableEverything()" classname="de.uka.ilkd.key.symbolic_execution.testcase.slicing.TestThinBackwardSlicer" time="2.603"/>
  <testcase name="testBlockContractAssignableLocationNotRequested()" classname="de.uka.ilkd.key.symbolic_execution.testcase.slicing.TestThinBackwardSlicer" time="2.604"/>
  <testcase name="testBlockContractAssignableRequestedLocation()" classname="de.uka.ilkd.key.symbolic_execution.testcase.slicing.TestThinBackwardSlicer" time="2.591"/>
  <testcase name="testEquivalenceClasses_Index_0()" classname="de.uka.ilkd.key.symbolic_execution.testcase.slicing.TestThinBackwardSlicer" time="2.681"/>
  <testcase name="testEquivalenceClasses_Index_0_no_OSS()" classname="de.uka.ilkd.key.symbolic_execution.testcase.slicing.TestThinBackwardSlicer" time="2.645"/>
  <testcase name="testEquivalenceClasses_Index_1()" classname="de.uka.ilkd.key.symbolic_execution.testcase.slicing.TestThinBackwardSlicer" time="2.64"/>
  <testcase name="testEquivalenceClasses_Index_1_no_OSS()" classname="de.uka.ilkd.key.symbolic_execution.testcase.slicing.TestThinBackwardSlicer" time="2.641"/>
  <testcase name="testFigure2Instance_right()" classname="de.uka.ilkd.key.symbolic_execution.testcase.slicing.TestThinBackwardSlicer" time="2.628"/>
  <testcase name="testFigure2Local_right()" classname="de.uka.ilkd.key.symbolic_execution.testcase.slicing.TestThinBackwardSlicer" time="2.602"/>
  <testcase name="testFigure2Param_right()" classname="de.uka.ilkd.key.symbolic_execution.testcase.slicing.TestThinBackwardSlicer" time="2.595"/>
  <testcase name="testFigure2_left()" classname="de.uka.ilkd.key.symbolic_execution.testcase.slicing.TestThinBackwardSlicer" time="2.633"/>
  <testcase name="testFigure2_right()" classname="de.uka.ilkd.key.symbolic_execution.testcase.slicing.TestThinBackwardSlicer" time="2.627"/>
  <testcase name="testInstanceFieldsAliased()" classname="de.uka.ilkd.key.symbolic_execution.testcase.slicing.TestThinBackwardSlicer" time="2.632"/>
  <testcase name="testIntEndTest()" classname="de.uka.ilkd.key.symbolic_execution.testcase.slicing.TestThinBackwardSlicer" time="2.546"/>
  <testcase name="testLoopInvariantInListFieldsTest()" classname="de.uka.ilkd.key.symbolic_execution.testcase.slicing.TestThinBackwardSlicer" time="2.684"/>
  <testcase name="testLoopInvariantNestedListFieldsTest()" classname="de.uka.ilkd.key.symbolic_execution.testcase.slicing.TestThinBackwardSlicer" time="2.792"/>
  <testcase name="testLoopInvariantNotInListFieldsTest()" classname="de.uka.ilkd.key.symbolic_execution.testcase.slicing.TestThinBackwardSlicer" time="2.724"/>
  <testcase name="testLoopInvariantStarFieldsTest()" classname="de.uka.ilkd.key.symbolic_execution.testcase.slicing.TestThinBackwardSlicer" time="2.667"/>
  <testcase name="testMethodCallTest()" classname="de.uka.ilkd.key.symbolic_execution.testcase.slicing.TestThinBackwardSlicer" time="2.592"/>
  <testcase name="testMethodContractAssignableEverything()" classname="de.uka.ilkd.key.symbolic_execution.testcase.slicing.TestThinBackwardSlicer" time="2.589"/>
  <testcase name="testMethodContractAssignableLocationNotRequested()" classname="de.uka.ilkd.key.symbolic_execution.testcase.slicing.TestThinBackwardSlicer" time="2.582"/>
  <testcase name="testMethodContractAssignableRequestedLocation()" classname="de.uka.ilkd.key.symbolic_execution.testcase.slicing.TestThinBackwardSlicer" time="2.594"/>
  <testcase name="testNestedInstanceAccess_subResult()" classname="de.uka.ilkd.key.symbolic_execution.testcase.slicing.TestThinBackwardSlicer" time="2.591"/>
  <testcase name="testNestedInstanceFields()" classname="de.uka.ilkd.key.symbolic_execution.testcase.slicing.TestThinBackwardSlicer" time="2.596"/>
  <testcase name="testNotAliasedByExecutionTest()" classname="de.uka.ilkd.key.symbolic_execution.testcase.slicing.TestThinBackwardSlicer" time="2.559"/>
  <testcase name="testReadWriteTest()" classname="de.uka.ilkd.key.symbolic_execution.testcase.slicing.TestThinBackwardSlicer" time="2.564"/>
  <testcase name="testSimpleAliasChanged()" classname="de.uka.ilkd.key.symbolic_execution.testcase.slicing.TestThinBackwardSlicer" time="2.576"/>
  <testcase name="testSimpleArrayTest()" classname="de.uka.ilkd.key.symbolic_execution.testcase.slicing.TestThinBackwardSlicer" time="2.562"/>
  <testcase name="testSimpleInstanceFields()" classname="de.uka.ilkd.key.symbolic_execution.testcase.slicing.TestThinBackwardSlicer" time="2.579"/>
  <testcase name="testSimpleLocalVariables()" classname="de.uka.ilkd.key.symbolic_execution.testcase.slicing.TestThinBackwardSlicer" time="2.556"/>
  <testcase name="testSimpleLoopInvariantTest()" classname="de.uka.ilkd.key.symbolic_execution.testcase.slicing.TestThinBackwardSlicer" time="2.578"/>
  <testcase name="testSimpleMultidimensionArrayTest()" classname="de.uka.ilkd.key.symbolic_execution.testcase.slicing.TestThinBackwardSlicer" time="2.666"/>
  <testcase name="testSimpleStaticFields()" classname="de.uka.ilkd.key.symbolic_execution.testcase.slicing.TestThinBackwardSlicer" time="2.567"/>
  <testcase name="testSimpleStaticLoopInvariantTest()" classname="de.uka.ilkd.key.symbolic_execution.testcase.slicing.TestThinBackwardSlicer" time="2.645"/>
  <testcase name="testSimpleThisInstanceFields()" classname="de.uka.ilkd.key.symbolic_execution.testcase.slicing.TestThinBackwardSlicer" time="2.551"/>
  <testcase name="testValueChange()" classname="de.uka.ilkd.key.symbolic_execution.testcase.slicing.TestThinBackwardSlicer" time="2.619"/>
  <system-out><![CDATA[1030312    WARN  Test worker     d.u.i.k.p.i.IntermediateProofReplayer Proof contains wrong number of \assumes instatiations for Partial_inv_axiom_for_JML_class_invariant_nr_0_in_AliasChanged 
1030313    WARN  Test worker     d.u.i.k.p.i.IntermediateProofReplayer Proof contains wrong number of \assumes instatiations for Partial_inv_axiom_for_JML_class_invariant_nr_0_in_AliasChanged 
1030326    WARN  Test worker     d.u.i.k.p.i.IntermediateProofReplayer Proof contains wrong number of \assumes instatiations for Partial_inv_axiom_for_JML_class_invariant_nr_0_in_AliasChanged 
1030328    WARN  Test worker     d.u.i.k.p.i.IntermediateProofReplayer Proof contains wrong number of \assumes instatiations for Partial_inv_axiom_for_JML_class_invariant_nr_0_in_AliasChanged 
1032951    WARN  Test worker     d.u.i.k.p.i.IntermediateProofReplayer Proof contains wrong number of \assumes instatiations for Partial_inv_axiom_for_JML_class_invariant_nr_0_in_AliasNotAvailable 
1032953    WARN  Test worker     d.u.i.k.p.i.IntermediateProofReplayer Proof contains wrong number of \assumes instatiations for Partial_inv_axiom_for_JML_class_invariant_nr_0_in_AliasNotAvailable 
1032955    WARN  Test worker     d.u.i.k.p.i.IntermediateProofReplayer Proof contains wrong number of \assumes instatiations for Partial_inv_axiom_for_JML_class_invariant_nr_0_in_AliasNotAvailable 
1032955    WARN  Test worker     d.u.i.k.p.i.IntermediateProofReplayer Proof contains wrong number of \assumes instatiations for Partial_inv_axiom_for_JML_class_invariant_nr_0_in_AliasNotAvailable 
1082649    WARN  Test worker     d.u.i.k.p.i.IntermediateProofReplayer Proof contains wrong number of \assumes instatiations for Partial_inv_axiom_for_JML_class_invariant_nr_0_in_InstanceFieldsAliased 
1082649    WARN  Test worker     d.u.i.k.p.i.IntermediateProofReplayer Proof contains wrong number of \assumes instatiations for Partial_inv_axiom_for_JML_class_invariant_nr_0_in_InstanceFieldsAliased 
1082666    WARN  Test worker     d.u.i.k.p.i.IntermediateProofReplayer Proof contains wrong number of \assumes instatiations for Partial_inv_axiom_for_JML_class_invariant_nr_0_in_InstanceFieldsAliased 
1082667    WARN  Test worker     d.u.i.k.p.i.IntermediateProofReplayer Proof contains wrong number of \assumes instatiations for Partial_inv_axiom_for_JML_class_invariant_nr_0_in_InstanceFieldsAliased 
1090508    WARN  Test worker     d.u.i.k.p.i.IntermediateProofReplayer Proof contains wrong number of \assumes instatiations for Partial_inv_axiom_for_JML_class_invariant_nr_1_in_LoopInvariantNestedListFieldsTest 
1090508    WARN  Test worker     d.u.i.k.p.i.IntermediateProofReplayer Proof contains wrong number of \assumes instatiations for Partial_inv_axiom_for_JML_class_invariant_nr_2_in_LoopInvariantNestedListFieldsTest 
1090509    WARN  Test worker     d.u.i.k.p.i.IntermediateProofReplayer Proof contains wrong number of \assumes instatiations for Partial_inv_axiom_for_JML_class_invariant_nr_0_in_LoopInvariantNestedListFieldsTest 
1090582    WARN  Test worker     d.u.i.k.p.i.IntermediateProofReplayer Proof contains wrong number of \assumes instatiations for Partial_inv_axiom_for_JML_class_invariant_nr_2_in_LoopInvariantNestedListFieldsTest 
1090582    WARN  Test worker     d.u.i.k.p.i.IntermediateProofReplayer Proof contains wrong number of \assumes instatiations for Partial_inv_axiom_for_JML_class_invariant_nr_0_in_LoopInvariantNestedListFieldsTest 
1090582    WARN  Test worker     d.u.i.k.p.i.IntermediateProofReplayer Proof contains wrong number of \assumes instatiations for Partial_inv_axiom_for_JML_class_invariant_nr_1_in_LoopInvariantNestedListFieldsTest 
1090660    WARN  Test worker     d.u.i.k.p.i.IntermediateProofReplayer Proof contains wrong number of \assumes instatiations for Partial_inv_axiom_for_JML_class_invariant_nr_2_in_LoopInvariantNestedListFieldsTest 
1090661    WARN  Test worker     d.u.i.k.p.i.IntermediateProofReplayer Proof contains wrong number of \assumes instatiations for Partial_inv_axiom_for_JML_class_invariant_nr_1_in_LoopInvariantNestedListFieldsTest 
1090661    WARN  Test worker     d.u.i.k.p.i.IntermediateProofReplayer Proof contains wrong number of \assumes instatiations for Partial_inv_axiom_for_JML_class_invariant_nr_0_in_LoopInvariantNestedListFieldsTest 
1109056    WARN  Test worker     d.u.i.k.p.i.IntermediateProofReplayer Proof contains wrong number of \assumes instatiations for Class_invariant_axiom_for_java_lang_Class 
1109057    WARN  Test worker     d.u.i.k.p.i.IntermediateProofReplayer Proof contains wrong number of \assumes instatiations for Class_invariant_axiom_for_java_lang_Character 
1111618    WARN  Test worker     d.u.i.k.p.i.IntermediateProofReplayer Proof contains wrong number of \assumes instatiations for Partial_inv_axiom_for_JML_class_invariant_nr_0_in_NestedInstanceFields 
1111631    WARN  Test worker     d.u.i.k.p.i.IntermediateProofReplayer Proof contains wrong number of \assumes instatiations for Partial_inv_axiom_for_JML_class_invariant_nr_0_in_NestedInstanceFields 
]]></system-out>
  <system-err><![CDATA[]]></system-err>
</testsuite>
