<?xml version="1.0" encoding="UTF-8"?>
<testsuite name="de.uka.ilkd.key.symbolic_execution.testcase.strategy.TestLineBreakpointStopConditionSimpleWithHitCount" tests="1" skipped="0" failures="0" errors="0" timestamp="2023-04-03T11:32:33" hostname="fv-az749-705" time="3.842">
  <properties/>
  <testcase name="testBreakpointStopCondition()" classname="de.uka.ilkd.key.symbolic_execution.testcase.strategy.TestLineBreakpointStopConditionSimpleWithHitCount" time="3.842"/>
  <system-out><![CDATA[]]></system-out>
  <system-err><![CDATA[]]></system-err>
</testsuite>
