<?xml version="1.0" encoding="UTF-8"?>
<testsuite name="de.uka.ilkd.key.nparser.ParseLDTsTests" tests="2" skipped="0" failures="0" errors="0" timestamp="2023-04-06T13:13:28" hostname="fv-az554-412" time="0.651">
  <properties/>
  <testcase name="testLDT()" classname="de.uka.ilkd.key.nparser.ParseLDTsTests" time="0.013"/>
  <testcase name="testSR()" classname="de.uka.ilkd.key.nparser.ParseLDTsTests" time="0.637"/>
  <system-out><![CDATA[167763     INFO  Test worker     d.u.i.k.n.KeyIO           Parsing took 6 ms 
167764     INFO  Test worker     d.u.i.k.n.KeyIO           MODE: declarations took 0 ms 
168026     INFO  Test worker     d.u.i.k.n.KeyIO           Parsing took 255 ms 
168029     INFO  Test worker     d.u.i.k.n.KeyIO           MODE: declarations took 2 ms 
]]></system-out>
  <system-err><![CDATA[]]></system-err>
</testsuite>
