<?xml version="1.0" encoding="UTF-8"?>
<testsuite name="de.uka.ilkd.key.parser.TestTermParser" tests="47" skipped="4" failures="0" errors="0" timestamp="2023-04-06T13:14:53" hostname="fv-az554-412" time="2.79">
  <properties/>
  <testcase name="testNotEqual()" classname="de.uka.ilkd.key.parser.TestTermParser" time="0.002"/>
  <testcase name="testProgramVariables()" classname="de.uka.ilkd.key.parser.TestTermParser" time="0.044"/>
  <testcase name="testAttributeWithSpecifiedSortOnObject()" classname="de.uka.ilkd.key.parser.TestTermParser" time="0.007"/>
  <testcase name="testCast()" classname="de.uka.ilkd.key.parser.TestTermParser" time="0.002"/>
  <testcase name="testJavaQueryAndAttribute_all()" classname="de.uka.ilkd.key.parser.TestTermParser" time="0.0">
    <skipped/>
  </testcase>
  <testcase name="test10()" classname="de.uka.ilkd.key.parser.TestTermParser" time="0.003"/>
  <testcase name="test11()" classname="de.uka.ilkd.key.parser.TestTermParser" time="0.001"/>
  <testcase name="test12()" classname="de.uka.ilkd.key.parser.TestTermParser" time="0.0">
    <skipped/>
  </testcase>
  <testcase name="test13()" classname="de.uka.ilkd.key.parser.TestTermParser" time="0.004"/>
  <testcase name="test14()" classname="de.uka.ilkd.key.parser.TestTermParser" time="0.002"/>
  <testcase name="test1a()" classname="de.uka.ilkd.key.parser.TestTermParser" time="0.003"/>
  <testcase name="testJavaAttributeAccess_4()" classname="de.uka.ilkd.key.parser.TestTermParser" time="0.002"/>
  <testcase name="testAttributeOnObject()" classname="de.uka.ilkd.key.parser.TestTermParser" time="0.002"/>
  <testcase name="testNegativeLiteralParsing1()" classname="de.uka.ilkd.key.parser.TestTermParser" time="0.001"/>
  <testcase name="testNegativeLiteralParsing2()" classname="de.uka.ilkd.key.parser.TestTermParser" time="0.001"/>
  <testcase name="testNegativeLiteralParsing3()" classname="de.uka.ilkd.key.parser.TestTermParser" time="0.001"/>
  <testcase name="xtestParsingArrayWithSpaces()" classname="de.uka.ilkd.key.parser.TestTermParser" time="0.0">
    <skipped/>
  </testcase>
  <testcase name="testAmbigiousFuncVarPred()" classname="de.uka.ilkd.key.parser.TestTermParser" time="0.001"/>
  <testcase name="test1()" classname="de.uka.ilkd.key.parser.TestTermParser" time="0.001"/>
  <testcase name="test2()" classname="de.uka.ilkd.key.parser.TestTermParser" time="0.004"/>
  <testcase name="test3()" classname="de.uka.ilkd.key.parser.TestTermParser" time="0.001"/>
  <testcase name="test5()" classname="de.uka.ilkd.key.parser.TestTermParser" time="0.003"/>
  <testcase name="test6()" classname="de.uka.ilkd.key.parser.TestTermParser" time="0.002"/>
  <testcase name="test7()" classname="de.uka.ilkd.key.parser.TestTermParser" time="0.001"/>
  <testcase name="test8()" classname="de.uka.ilkd.key.parser.TestTermParser" time="0.008"/>
  <testcase name="test9()" classname="de.uka.ilkd.key.parser.TestTermParser" time="0.002"/>
  <testcase name="testBindingUpdateTerm()" classname="de.uka.ilkd.key.parser.TestTermParser" time="0.002"/>
  <testcase name="testJavaStaticQuery()" classname="de.uka.ilkd.key.parser.TestTermParser" time="0.003"/>
  <testcase name="testInfix1()" classname="de.uka.ilkd.key.parser.TestTermParser" time="0.002"/>
  <testcase name="testInfix2()" classname="de.uka.ilkd.key.parser.TestTermParser" time="0.002"/>
  <testcase name="testInfix3()" classname="de.uka.ilkd.key.parser.TestTermParser" time="0.002"/>
  <testcase name="testInfix4()" classname="de.uka.ilkd.key.parser.TestTermParser" time="0.002"/>
  <testcase name="testIfThenElse()" classname="de.uka.ilkd.key.parser.TestTermParser" time="0.002"/>
  <testcase name="testJavaAttributeAccessBoth_1()" classname="de.uka.ilkd.key.parser.TestTermParser" time="0.003"/>
  <testcase name="testJavaAttributeAccessBoth_2()" classname="de.uka.ilkd.key.parser.TestTermParser" time="0.002"/>
  <testcase name="testJavaAttributeAccessBoth_3()" classname="de.uka.ilkd.key.parser.TestTermParser" time="0.003"/>
  <testcase name="testBindingUpdateTerm_1()" classname="de.uka.ilkd.key.parser.TestTermParser" time="0.002"/>
  <testcase name="testBindingUpdateTerm_3()" classname="de.uka.ilkd.key.parser.TestTermParser" time="0.004"/>
  <testcase name="testBindingUpdateTerm_4()" classname="de.uka.ilkd.key.parser.TestTermParser" time="0.002"/>
  <testcase name="testBindingUpdateTerm_5()" classname="de.uka.ilkd.key.parser.TestTermParser" time="0.007"/>
  <testcase name="testBindingUpdateTerm_6()" classname="de.uka.ilkd.key.parser.TestTermParser" time="0.002"/>
  <testcase name="testBindingUpdateTerm_7()" classname="de.uka.ilkd.key.parser.TestTermParser" time="0.002"/>
  <testcase name="testBindingUpdateTerm_8()" classname="de.uka.ilkd.key.parser.TestTermParser" time="0.002"/>
  <testcase name="testParsingArray()" classname="de.uka.ilkd.key.parser.TestTermParser" time="0.004"/>
  <testcase name="xtestBindingUpdateTermOldBindingAlternative()" classname="de.uka.ilkd.key.parser.TestTermParser" time="0.0">
    <skipped/>
  </testcase>
  <testcase name="testJavaStaticQueryWithParameter()" classname="de.uka.ilkd.key.parser.TestTermParser" time="0.003"/>
  <testcase name="testParsingArrayCombination()" classname="de.uka.ilkd.key.parser.TestTermParser" time="0.002"/>
  <system-out><![CDATA[252228     INFO  Test worker     d.u.i.k.n.KeyIO           Parsing took 0 ms 
252228     INFO  Test worker     d.u.i.k.n.KeyIO           MODE: declarations took 0 ms 
252230     WARN  Test worker     d.u.i.k.j.r.KeYCrossReferenceNameInfo Datatype T declared twice: Once in UNKNOWN:unknown and once in UNKNOWN:unknown, Keeping one from UNKNOWN:unknown 
252288     INFO  Test worker     d.u.i.k.n.KeyIO           Parsing took 0 ms 
252289     INFO  Test worker     d.u.i.k.n.KeyIO           MODE: declarations took 0 ms 
252333     WARN  Test worker     d.u.i.k.j.r.KeYCrossReferenceNameInfo Datatype T declared twice: Once in UNKNOWN:unknown and once in UNKNOWN:unknown, Keeping one from UNKNOWN:unknown 
252391     INFO  Test worker     d.u.i.k.n.KeyIO           Parsing took 0 ms 
252393     INFO  Test worker     d.u.i.k.n.KeyIO           MODE: declarations took 0 ms 
252397     WARN  Test worker     d.u.i.k.j.r.KeYCrossReferenceNameInfo Datatype T declared twice: Once in UNKNOWN:unknown and once in UNKNOWN:unknown, Keeping one from UNKNOWN:unknown 
252456     INFO  Test worker     d.u.i.k.n.KeyIO           Parsing took 0 ms 
252457     INFO  Test worker     d.u.i.k.n.KeyIO           MODE: declarations took 0 ms 
252458     WARN  Test worker     d.u.i.k.j.r.KeYCrossReferenceNameInfo Datatype T declared twice: Once in UNKNOWN:unknown and once in UNKNOWN:unknown, Keeping one from UNKNOWN:unknown 
252517     WARN  Test worker     d.u.i.k.j.r.KeYCrossReferenceNameInfo Datatype T declared twice: Once in UNKNOWN:unknown and once in UNKNOWN:unknown, Keeping one from UNKNOWN:unknown 
252572     INFO  Test worker     d.u.i.k.n.KeyIO           Parsing took 0 ms 
252573     INFO  Test worker     d.u.i.k.n.KeyIO           MODE: declarations took 0 ms 
252574     INFO  Test worker     d.u.i.k.p.TestTermParser  Out: \<{
  int x = 1;
  {
    int s = 2;
  }
}\> (equals(x,x)) 
252575     WARN  Test worker     d.u.i.k.j.r.KeYCrossReferenceNameInfo Datatype T declared twice: Once in UNKNOWN:unknown and once in UNKNOWN:unknown, Keeping one from UNKNOWN:unknown 
252629     INFO  Test worker     d.u.i.k.n.KeyIO           Parsing took 0 ms 
252629     INFO  Test worker     d.u.i.k.n.KeyIO           MODE: declarations took 0 ms 
252630     INFO  Test worker     d.u.i.k.p.TestTermParser  Out: \[{
  int x = 2;
  {
    String s = ""}";
  }
}\] (true) 
252631     WARN  Test worker     d.u.i.k.j.r.KeYCrossReferenceNameInfo Datatype T declared twice: Once in UNKNOWN:unknown and once in UNKNOWN:unknown, Keeping one from UNKNOWN:unknown 
252687     WARN  Test worker     d.u.i.k.j.r.KeYCrossReferenceNameInfo Datatype T declared twice: Once in UNKNOWN:unknown and once in UNKNOWN:unknown, Keeping one from UNKNOWN:unknown 
252742     INFO  Test worker     d.u.i.k.n.KeyIO           Parsing took 0 ms 
252742     INFO  Test worker     d.u.i.k.n.KeyIO           MODE: declarations took 0 ms 
252746     WARN  Test worker     d.u.i.k.j.r.KeYCrossReferenceNameInfo Datatype T declared twice: Once in UNKNOWN:unknown and once in UNKNOWN:unknown, Keeping one from UNKNOWN:unknown 
252801     INFO  Test worker     d.u.i.k.n.KeyIO           Parsing took 0 ms 
252802     INFO  Test worker     d.u.i.k.n.KeyIO           MODE: declarations took 0 ms 
252803     INFO  Test worker     d.u.i.k.p.TestTermParser  Out: \<{
  int[] i;
}\> (diamond(true)) 
252803     WARN  Test worker     d.u.i.k.j.r.KeYCrossReferenceNameInfo Datatype T declared twice: Once in UNKNOWN:unknown and once in UNKNOWN:unknown, Keeping one from UNKNOWN:unknown 
252860     INFO  Test worker     d.u.i.k.n.KeyIO           Parsing took 0 ms 
252861     INFO  Test worker     d.u.i.k.n.KeyIO           MODE: declarations took 1 ms 
252863     WARN  Test worker     d.u.i.k.j.r.KeYCrossReferenceNameInfo Datatype T declared twice: Once in UNKNOWN:unknown and once in UNKNOWN:unknown, Keeping one from UNKNOWN:unknown 
252918     INFO  Test worker     d.u.i.k.n.KeyIO           Parsing took 0 ms 
252918     INFO  Test worker     d.u.i.k.n.KeyIO           MODE: declarations took 0 ms 
252920     WARN  Test worker     d.u.i.k.j.r.KeYCrossReferenceNameInfo Datatype T declared twice: Once in UNKNOWN:unknown and once in UNKNOWN:unknown, Keeping one from UNKNOWN:unknown 
252982     INFO  Test worker     d.u.i.k.n.KeyIO           Parsing took 0 ms 
252983     INFO  Test worker     d.u.i.k.n.KeyIO           MODE: declarations took 0 ms 
252985     WARN  Test worker     d.u.i.k.j.r.KeYCrossReferenceNameInfo Datatype T declared twice: Once in UNKNOWN:unknown and once in UNKNOWN:unknown, Keeping one from UNKNOWN:unknown 
253041     INFO  Test worker     d.u.i.k.n.KeyIO           Parsing took 0 ms 
253041     INFO  Test worker     d.u.i.k.n.KeyIO           MODE: declarations took 0 ms 
253042     WARN  Test worker     d.u.i.k.j.r.KeYCrossReferenceNameInfo Datatype T declared twice: Once in UNKNOWN:unknown and once in UNKNOWN:unknown, Keeping one from UNKNOWN:unknown 
253099     INFO  Test worker     d.u.i.k.n.KeyIO           Parsing took 0 ms 
253099     INFO  Test worker     d.u.i.k.n.KeyIO           MODE: declarations took 0 ms 
253101     WARN  Test worker     d.u.i.k.j.r.KeYCrossReferenceNameInfo Datatype T declared twice: Once in UNKNOWN:unknown and once in UNKNOWN:unknown, Keeping one from UNKNOWN:unknown 
253157     INFO  Test worker     d.u.i.k.n.KeyIO           Parsing took 0 ms 
253158     INFO  Test worker     d.u.i.k.n.KeyIO           MODE: declarations took 1 ms 
253159     WARN  Test worker     d.u.i.k.j.r.KeYCrossReferenceNameInfo Datatype T declared twice: Once in UNKNOWN:unknown and once in UNKNOWN:unknown, Keeping one from UNKNOWN:unknown 
253215     WARN  Test worker     d.u.i.k.j.r.KeYCrossReferenceNameInfo Datatype T declared twice: Once in UNKNOWN:unknown and once in UNKNOWN:unknown, Keeping one from UNKNOWN:unknown 
253271     INFO  Test worker     d.u.i.k.n.KeyIO           Parsing took 1 ms 
253271     INFO  Test worker     d.u.i.k.n.KeyIO           MODE: declarations took 0 ms 
253272     WARN  Test worker     d.u.i.k.j.r.KeYCrossReferenceNameInfo Datatype T declared twice: Once in UNKNOWN:unknown and once in UNKNOWN:unknown, Keeping one from UNKNOWN:unknown 
253328     INFO  Test worker     d.u.i.k.n.KeyIO           Parsing took 1 ms 
253328     INFO  Test worker     d.u.i.k.n.KeyIO           MODE: declarations took 0 ms 
253329     WARN  Test worker     d.u.i.k.j.r.KeYCrossReferenceNameInfo Datatype T declared twice: Once in UNKNOWN:unknown and once in UNKNOWN:unknown, Keeping one from UNKNOWN:unknown 
253387     INFO  Test worker     d.u.i.k.n.KeyIO           Parsing took 0 ms 
253387     INFO  Test worker     d.u.i.k.n.KeyIO           MODE: declarations took 0 ms 
253389     WARN  Test worker     d.u.i.k.j.r.KeYCrossReferenceNameInfo Datatype T declared twice: Once in UNKNOWN:unknown and once in UNKNOWN:unknown, Keeping one from UNKNOWN:unknown 
253445     INFO  Test worker     d.u.i.k.n.KeyIO           Parsing took 1 ms 
253445     INFO  Test worker     d.u.i.k.n.KeyIO           MODE: declarations took 0 ms 
253446     WARN  Test worker     d.u.i.k.j.r.KeYCrossReferenceNameInfo Datatype T declared twice: Once in UNKNOWN:unknown and once in UNKNOWN:unknown, Keeping one from UNKNOWN:unknown 
253502     INFO  Test worker     d.u.i.k.n.KeyIO           Parsing took 0 ms 
253502     INFO  Test worker     d.u.i.k.n.KeyIO           MODE: declarations took 0 ms 
253505     WARN  Test worker     d.u.i.k.j.r.KeYCrossReferenceNameInfo Datatype T declared twice: Once in UNKNOWN:unknown and once in UNKNOWN:unknown, Keeping one from UNKNOWN:unknown 
253562     INFO  Test worker     d.u.i.k.n.KeyIO           Parsing took 0 ms 
253563     INFO  Test worker     d.u.i.k.n.KeyIO           MODE: declarations took 0 ms 
253565     WARN  Test worker     d.u.i.k.j.r.KeYCrossReferenceNameInfo Datatype T declared twice: Once in UNKNOWN:unknown and once in UNKNOWN:unknown, Keeping one from UNKNOWN:unknown 
253620     INFO  Test worker     d.u.i.k.n.KeyIO           Parsing took 0 ms 
253620     INFO  Test worker     d.u.i.k.n.KeyIO           MODE: declarations took 0 ms 
253622     WARN  Test worker     d.u.i.k.j.r.KeYCrossReferenceNameInfo Datatype T declared twice: Once in UNKNOWN:unknown and once in UNKNOWN:unknown, Keeping one from UNKNOWN:unknown 
253689     INFO  Test worker     d.u.i.k.n.KeyIO           Parsing took 0 ms 
253690     INFO  Test worker     d.u.i.k.n.KeyIO           MODE: declarations took 0 ms 
253698     WARN  Test worker     d.u.i.k.j.r.KeYCrossReferenceNameInfo Datatype T declared twice: Once in UNKNOWN:unknown and once in UNKNOWN:unknown, Keeping one from UNKNOWN:unknown 
253754     INFO  Test worker     d.u.i.k.n.KeyIO           Parsing took 0 ms 
253754     INFO  Test worker     d.u.i.k.n.KeyIO           MODE: declarations took 0 ms 
253765     WARN  Test worker     d.u.i.k.j.r.KeYCrossReferenceNameInfo Datatype T declared twice: Once in UNKNOWN:unknown and once in UNKNOWN:unknown, Keeping one from UNKNOWN:unknown 
253831     INFO  Test worker     d.u.i.k.n.KeyIO           Parsing took 0 ms 
253832     INFO  Test worker     d.u.i.k.n.KeyIO           MODE: declarations took 0 ms 
253834     WARN  Test worker     d.u.i.k.j.r.KeYCrossReferenceNameInfo Datatype T declared twice: Once in UNKNOWN:unknown and once in UNKNOWN:unknown, Keeping one from UNKNOWN:unknown 
253891     INFO  Test worker     d.u.i.k.n.KeyIO           Parsing took 0 ms 
253891     INFO  Test worker     d.u.i.k.n.KeyIO           MODE: declarations took 0 ms 
253894     WARN  Test worker     d.u.i.k.j.r.KeYCrossReferenceNameInfo Datatype T declared twice: Once in UNKNOWN:unknown and once in UNKNOWN:unknown, Keeping one from UNKNOWN:unknown 
253950     INFO  Test worker     d.u.i.k.n.KeyIO           Parsing took 0 ms 
253950     INFO  Test worker     d.u.i.k.n.KeyIO           MODE: declarations took 0 ms 
253952     WARN  Test worker     d.u.i.k.j.r.KeYCrossReferenceNameInfo Datatype T declared twice: Once in UNKNOWN:unknown and once in UNKNOWN:unknown, Keeping one from UNKNOWN:unknown 
254008     INFO  Test worker     d.u.i.k.n.KeyIO           Parsing took 0 ms 
254009     INFO  Test worker     d.u.i.k.n.KeyIO           MODE: declarations took 0 ms 
254010     WARN  Test worker     d.u.i.k.j.r.KeYCrossReferenceNameInfo Datatype T declared twice: Once in UNKNOWN:unknown and once in UNKNOWN:unknown, Keeping one from UNKNOWN:unknown 
254067     INFO  Test worker     d.u.i.k.n.KeyIO           Parsing took 1 ms 
254067     INFO  Test worker     d.u.i.k.n.KeyIO           MODE: declarations took 0 ms 
254069     WARN  Test worker     d.u.i.k.j.r.KeYCrossReferenceNameInfo Datatype T declared twice: Once in UNKNOWN:unknown and once in UNKNOWN:unknown, Keeping one from UNKNOWN:unknown 
254124     INFO  Test worker     d.u.i.k.n.KeyIO           Parsing took 0 ms 
254125     INFO  Test worker     d.u.i.k.n.KeyIO           MODE: declarations took 0 ms 
254127     WARN  Test worker     d.u.i.k.j.r.KeYCrossReferenceNameInfo Datatype T declared twice: Once in UNKNOWN:unknown and once in UNKNOWN:unknown, Keeping one from UNKNOWN:unknown 
254183     INFO  Test worker     d.u.i.k.n.KeyIO           Parsing took 0 ms 
254183     INFO  Test worker     d.u.i.k.n.KeyIO           MODE: declarations took 0 ms 
254185     WARN  Test worker     d.u.i.k.j.r.KeYCrossReferenceNameInfo Datatype T declared twice: Once in UNKNOWN:unknown and once in UNKNOWN:unknown, Keeping one from UNKNOWN:unknown 
254240     INFO  Test worker     d.u.i.k.n.KeyIO           Parsing took 0 ms 
254241     INFO  Test worker     d.u.i.k.n.KeyIO           MODE: declarations took 1 ms 
254244     WARN  Test worker     d.u.i.k.j.r.KeYCrossReferenceNameInfo Datatype T declared twice: Once in UNKNOWN:unknown and once in UNKNOWN:unknown, Keeping one from UNKNOWN:unknown 
254300     INFO  Test worker     d.u.i.k.n.KeyIO           Parsing took 1 ms 
254300     INFO  Test worker     d.u.i.k.n.KeyIO           MODE: declarations took 0 ms 
254302     WARN  Test worker     d.u.i.k.j.r.KeYCrossReferenceNameInfo Datatype T declared twice: Once in UNKNOWN:unknown and once in UNKNOWN:unknown, Keeping one from UNKNOWN:unknown 
254359     INFO  Test worker     d.u.i.k.n.KeyIO           Parsing took 1 ms 
254359     INFO  Test worker     d.u.i.k.n.KeyIO           MODE: declarations took 0 ms 
254362     WARN  Test worker     d.u.i.k.j.r.KeYCrossReferenceNameInfo Datatype T declared twice: Once in UNKNOWN:unknown and once in UNKNOWN:unknown, Keeping one from UNKNOWN:unknown 
254417     INFO  Test worker     d.u.i.k.n.KeyIO           Parsing took 0 ms 
254417     INFO  Test worker     d.u.i.k.n.KeyIO           MODE: declarations took 0 ms 
254419     WARN  Test worker     d.u.i.k.j.r.KeYCrossReferenceNameInfo Datatype T declared twice: Once in UNKNOWN:unknown and once in UNKNOWN:unknown, Keeping one from UNKNOWN:unknown 
254475     INFO  Test worker     d.u.i.k.n.KeyIO           Parsing took 0 ms 
254476     INFO  Test worker     d.u.i.k.n.KeyIO           MODE: declarations took 0 ms 
254479     WARN  Test worker     d.u.i.k.j.r.KeYCrossReferenceNameInfo Datatype T declared twice: Once in UNKNOWN:unknown and once in UNKNOWN:unknown, Keeping one from UNKNOWN:unknown 
254541     INFO  Test worker     d.u.i.k.n.KeyIO           Parsing took 0 ms 
254541     INFO  Test worker     d.u.i.k.n.KeyIO           MODE: declarations took 0 ms 
254542     WARN  Test worker     d.u.i.k.j.r.KeYCrossReferenceNameInfo Datatype T declared twice: Once in UNKNOWN:unknown and once in UNKNOWN:unknown, Keeping one from UNKNOWN:unknown 
254603     INFO  Test worker     d.u.i.k.n.KeyIO           Parsing took 1 ms 
254603     INFO  Test worker     d.u.i.k.n.KeyIO           MODE: declarations took 0 ms 
254609     WARN  Test worker     d.u.i.k.j.r.KeYCrossReferenceNameInfo Datatype T declared twice: Once in UNKNOWN:unknown and once in UNKNOWN:unknown, Keeping one from UNKNOWN:unknown 
254665     INFO  Test worker     d.u.i.k.n.KeyIO           Parsing took 0 ms 
254666     INFO  Test worker     d.u.i.k.n.KeyIO           MODE: declarations took 1 ms 
254667     WARN  Test worker     d.u.i.k.j.r.KeYCrossReferenceNameInfo Datatype T declared twice: Once in UNKNOWN:unknown and once in UNKNOWN:unknown, Keeping one from UNKNOWN:unknown 
254723     INFO  Test worker     d.u.i.k.n.KeyIO           Parsing took 0 ms 
254723     INFO  Test worker     d.u.i.k.n.KeyIO           MODE: declarations took 0 ms 
254725     WARN  Test worker     d.u.i.k.j.r.KeYCrossReferenceNameInfo Datatype T declared twice: Once in UNKNOWN:unknown and once in UNKNOWN:unknown, Keeping one from UNKNOWN:unknown 
254781     INFO  Test worker     d.u.i.k.n.KeyIO           Parsing took 0 ms 
254781     INFO  Test worker     d.u.i.k.n.KeyIO           MODE: declarations took 0 ms 
254783     WARN  Test worker     d.u.i.k.j.r.KeYCrossReferenceNameInfo Datatype T declared twice: Once in UNKNOWN:unknown and once in UNKNOWN:unknown, Keeping one from UNKNOWN:unknown 
254839     INFO  Test worker     d.u.i.k.n.KeyIO           Parsing took 0 ms 
254839     INFO  Test worker     d.u.i.k.n.KeyIO           MODE: declarations took 0 ms 
254843     WARN  Test worker     d.u.i.k.j.r.KeYCrossReferenceNameInfo Datatype T declared twice: Once in UNKNOWN:unknown and once in UNKNOWN:unknown, Keeping one from UNKNOWN:unknown 
254900     WARN  Test worker     d.u.i.k.j.r.KeYCrossReferenceNameInfo Datatype T declared twice: Once in UNKNOWN:unknown and once in UNKNOWN:unknown, Keeping one from UNKNOWN:unknown 
254956     INFO  Test worker     d.u.i.k.n.KeyIO           Parsing took 0 ms 
254956     INFO  Test worker     d.u.i.k.n.KeyIO           MODE: declarations took 0 ms 
254960     WARN  Test worker     d.u.i.k.j.r.KeYCrossReferenceNameInfo Datatype T declared twice: Once in UNKNOWN:unknown and once in UNKNOWN:unknown, Keeping one from UNKNOWN:unknown 
255016     INFO  Test worker     d.u.i.k.n.KeyIO           Parsing took 1 ms 
255016     INFO  Test worker     d.u.i.k.n.KeyIO           MODE: declarations took 0 ms 
]]></system-out>
  <system-err><![CDATA[]]></system-err>
</testsuite>
