<?xml version="1.0" encoding="UTF-8"?>
<testsuite name="de.uka.ilkd.key.nparser.ExprTest" tests="23" skipped="0" failures="0" errors="0" timestamp="2023-04-06T13:13:26" hostname="fv-az554-412" time="1.904">
  <properties/>
  <testcase name="[1] (bprod{int y;}(1, 2, y) = 0)" classname="de.uka.ilkd.key.nparser.ExprTest" time="0.016"/>
  <testcase name="[2] 1 = 1 -&gt; 2 = 2" classname="de.uka.ilkd.key.nparser.ExprTest" time="0.011"/>
  <testcase name="[3] \&lt; { int x = 1; } \&gt; x=1" classname="de.uka.ilkd.key.nparser.ExprTest" time="0.804"/>
  <testcase name="[4] \&lt;{ int x = 1; {int s = 2;} }\&gt; x=x" classname="de.uka.ilkd.key.nparser.ExprTest" time="0.802"/>
  <testcase name="[5] true" classname="de.uka.ilkd.key.nparser.ExprTest" time="0.014"/>
  <testcase name="[6] true &amp; false" classname="de.uka.ilkd.key.nparser.ExprTest" time="0.015"/>
  <testcase name="[7] 0" classname="de.uka.ilkd.key.nparser.ExprTest" time="0.019"/>
  <testcase name="[8] 1" classname="de.uka.ilkd.key.nparser.ExprTest" time="0.014"/>
  <testcase name="[9] 42" classname="de.uka.ilkd.key.nparser.ExprTest" time="0.012"/>
  <testcase name="[10] -5" classname="de.uka.ilkd.key.nparser.ExprTest" time="0.011"/>
  <testcase name="[11] 1 + 1 = 2" classname="de.uka.ilkd.key.nparser.ExprTest" time="0.011"/>
  <testcase name="[12] \if (3=4) \then (1) \else (2)" classname="de.uka.ilkd.key.nparser.ExprTest" time="0.01"/>
  <testcase name="[13] \if (3=4 &amp; 1=1) \then (\if (3=4) \then (1) \else (2)) \else (2)" classname="de.uka.ilkd.key.nparser.ExprTest" time="0.01"/>
  <testcase name="[14] aa + bb*cc" classname="de.uka.ilkd.key.nparser.ExprTest" time="0.013"/>
  <testcase name="[15] aa%bb*cc &lt; -123" classname="de.uka.ilkd.key.nparser.ExprTest" time="0.011"/>
  <testcase name="[16] \forall int x; true" classname="de.uka.ilkd.key.nparser.ExprTest" time="0.011"/>
  <testcase name="[17] \forall numbers x; x = x" classname="de.uka.ilkd.key.nparser.ExprTest" time="0.011"/>
  <testcase name="[18] (int)3+2" classname="de.uka.ilkd.key.nparser.ExprTest" time="0.018"/>
  <testcase name="[19] 1.f + 1f = 20e-1f * (2f-1f)" classname="de.uka.ilkd.key.nparser.ExprTest" time="0.011"/>
  <testcase name="[20] 1.d + 1d &lt;= 20e+1d * .01d" classname="de.uka.ilkd.key.nparser.ExprTest" time="0.014"/>
  <testcase name="[21] 1f &lt;= 2f" classname="de.uka.ilkd.key.nparser.ExprTest" time="0.011"/>
  <testcase name="[22] 2d &gt; 1d" classname="de.uka.ilkd.key.nparser.ExprTest" time="0.011"/>
  <testcase name="[23] seqEmpty + seqEmpty" classname="de.uka.ilkd.key.nparser.ExprTest" time="0.011"/>
  <system-out><![CDATA[165860     INFO  Test worker     d.u.i.k.n.KeyIO           Parsing took 8 ms 
165863     INFO  Test worker     d.u.i.k.n.KeyIO           MODE: declarations took 2 ms 
165866     INFO  Test worker     d.u.i.k.n.ExprTest        Term: equals(bprod{y:int}(Z(1(#)),Z(2(#)),y),Z(0(#))) 
165874     INFO  Test worker     d.u.i.k.n.KeyIO           Parsing took 6 ms 
165875     INFO  Test worker     d.u.i.k.n.KeyIO           MODE: declarations took 1 ms 
165877     INFO  Test worker     d.u.i.k.n.ExprTest        Term: imp(equals(Z(1(#)),Z(1(#))),equals(Z(2(#)),Z(2(#)))) 
165886     INFO  Test worker     d.u.i.k.n.KeyIO           Parsing took 7 ms 
165887     INFO  Test worker     d.u.i.k.n.KeyIO           MODE: declarations took 0 ms 
166680     INFO  Test worker     d.u.i.k.n.ExprTest        Term: \<{
  int x = 1;
}\> (equals(x,Z(1(#)))) 
166691     INFO  Test worker     d.u.i.k.n.KeyIO           Parsing took 6 ms 
166693     INFO  Test worker     d.u.i.k.n.KeyIO           MODE: declarations took 1 ms 
167482     INFO  Test worker     d.u.i.k.n.ExprTest        Term: \<{
  int x = 1;
  {
    int s = 2;
  }
}\> (equals(x,x)) 
167499     INFO  Test worker     d.u.i.k.n.KeyIO           Parsing took 7 ms 
167500     INFO  Test worker     d.u.i.k.n.KeyIO           MODE: declarations took 1 ms 
167502     INFO  Test worker     d.u.i.k.n.ExprTest        Term: true 
167512     INFO  Test worker     d.u.i.k.n.KeyIO           Parsing took 8 ms 
167513     INFO  Test worker     d.u.i.k.n.KeyIO           MODE: declarations took 1 ms 
167516     INFO  Test worker     d.u.i.k.n.ExprTest        Term: and(true,false) 
167532     INFO  Test worker     d.u.i.k.n.KeyIO           Parsing took 9 ms 
167536     INFO  Test worker     d.u.i.k.n.KeyIO           MODE: declarations took 4 ms 
167539     INFO  Test worker     d.u.i.k.n.ExprTest        Term: Z(0(#)) 
167550     INFO  Test worker     d.u.i.k.n.KeyIO           Parsing took 9 ms 
167551     INFO  Test worker     d.u.i.k.n.KeyIO           MODE: declarations took 1 ms 
167553     INFO  Test worker     d.u.i.k.n.ExprTest        Term: Z(1(#)) 
167563     INFO  Test worker     d.u.i.k.n.KeyIO           Parsing took 7 ms 
167564     INFO  Test worker     d.u.i.k.n.KeyIO           MODE: declarations took 0 ms 
167567     INFO  Test worker     d.u.i.k.n.ExprTest        Term: Z(2(4(#))) 
167575     INFO  Test worker     d.u.i.k.n.KeyIO           Parsing took 6 ms 
167577     INFO  Test worker     d.u.i.k.n.KeyIO           MODE: declarations took 1 ms 
167579     INFO  Test worker     d.u.i.k.n.ExprTest        Term: Z(neglit(5(#))) 
167587     INFO  Test worker     d.u.i.k.n.KeyIO           Parsing took 6 ms 
167588     INFO  Test worker     d.u.i.k.n.KeyIO           MODE: declarations took 1 ms 
167590     INFO  Test worker     d.u.i.k.n.ExprTest        Term: equals(add(Z(1(#)),Z(1(#))),Z(2(#))) 
167599     INFO  Test worker     d.u.i.k.n.KeyIO           Parsing took 6 ms 
167600     INFO  Test worker     d.u.i.k.n.KeyIO           MODE: declarations took 1 ms 
167602     INFO  Test worker     d.u.i.k.n.ExprTest        Term: if-then-else(equals(Z(3(#)),Z(4(#))),Z(1(#)),Z(2(#))) 
167610     INFO  Test worker     d.u.i.k.n.KeyIO           Parsing took 6 ms 
167611     INFO  Test worker     d.u.i.k.n.KeyIO           MODE: declarations took 1 ms 
167613     INFO  Test worker     d.u.i.k.n.ExprTest        Term: if-then-else(and(equals(Z(3(#)),Z(4(#))),equals(Z(1(#)),Z(1(#)))),if-then-else(equals(Z(3(#)),Z(4(#))),Z(1(#)),Z(2(#))),Z(2(#))) 
167621     INFO  Test worker     d.u.i.k.n.KeyIO           Parsing took 6 ms 
167622     INFO  Test worker     d.u.i.k.n.KeyIO           MODE: declarations took 1 ms 
167624     INFO  Test worker     d.u.i.k.n.ExprTest        Term: add(aa,mul(bb,cc)) 
167635     INFO  Test worker     d.u.i.k.n.KeyIO           Parsing took 6 ms 
167636     INFO  Test worker     d.u.i.k.n.KeyIO           MODE: declarations took 1 ms 
167638     INFO  Test worker     d.u.i.k.n.ExprTest        Term: lt(mul(mod(aa,bb),cc),Z(neglit(3(2(1(#)))))) 
167648     INFO  Test worker     d.u.i.k.n.KeyIO           Parsing took 6 ms 
167649     INFO  Test worker     d.u.i.k.n.KeyIO           MODE: declarations took 1 ms 
167651     INFO  Test worker     d.u.i.k.n.ExprTest        Term: all{x:int}(true) 
167660     INFO  Test worker     d.u.i.k.n.KeyIO           Parsing took 6 ms 
167661     INFO  Test worker     d.u.i.k.n.KeyIO           MODE: declarations took 1 ms 
167663     INFO  Test worker     d.u.i.k.n.ExprTest        Term: all{x:numbers}(equals(x,x)) 
167672     INFO  Test worker     d.u.i.k.n.KeyIO           Parsing took 6 ms 
167679     INFO  Test worker     d.u.i.k.n.KeyIO           MODE: declarations took 1 ms 
167682     INFO  Test worker     d.u.i.k.n.ExprTest        Term: add(int::cast(Z(3(#))),Z(2(#))) 
167691     INFO  Test worker     d.u.i.k.n.KeyIO           Parsing took 6 ms 
167692     INFO  Test worker     d.u.i.k.n.KeyIO           MODE: declarations took 1 ms 
167695     INFO  Test worker     d.u.i.k.n.ExprTest        Term: equals(addFloat(FP(6(1(2(3(5(3(5(6(0(1(#))))))))))),FP(6(1(2(3(5(3(5(6(0(1(#)))))))))))),mulFloat(FP(4(2(8(1(4(7(3(7(0(1(#))))))))))),subFloat(FP(4(2(8(1(4(7(3(7(0(1(#))))))))))),FP(6(1(2(3(5(3(5(6(0(1(#)))))))))))))) 
167712     INFO  Test worker     d.u.i.k.n.KeyIO           Parsing took 6 ms 
167716     INFO  Test worker     d.u.i.k.n.KeyIO           MODE: declarations took 1 ms 
167718     INFO  Test worker     d.u.i.k.n.ExprTest        Term: leqDouble(addDouble(DFP(8(0(4(7(1(0(0(0(8(8(1(4(2(8(1(7(0(6(4(#)))))))))))))))))))),DFP(8(0(4(7(1(0(0(0(8(8(1(4(2(8(1(7(0(6(4(#))))))))))))))))))))),mulDouble(DFP(4(8(7(6(0(0(2(8(9(0(9(8(0(4(2(1(4(6(4(#)))))))))))))))))))),DFP(5(7(6(7(8(0(4(0(3(9(2(2(8(1(9(6(7(5(4(#)))))))))))))))))))))) 
167727     INFO  Test worker     d.u.i.k.n.KeyIO           Parsing took 6 ms 
167728     INFO  Test worker     d.u.i.k.n.KeyIO           MODE: declarations took 0 ms 
167730     INFO  Test worker     d.u.i.k.n.ExprTest        Term: leqFloat(FP(6(1(2(3(5(3(5(6(0(1(#))))))))))),FP(4(2(8(1(4(7(3(7(0(1(#)))))))))))) 
167739     INFO  Test worker     d.u.i.k.n.KeyIO           Parsing took 6 ms 
167740     INFO  Test worker     d.u.i.k.n.KeyIO           MODE: declarations took 1 ms 
167742     INFO  Test worker     d.u.i.k.n.ExprTest        Term: gtDouble(DFP(4(0(9(7(8(3(7(2(4(8(1(0(6(8(6(1(1(6(4(#)))))))))))))))))))),DFP(8(0(4(7(1(0(0(0(8(8(1(4(2(8(1(7(0(6(4(#))))))))))))))))))))) 
167750     INFO  Test worker     d.u.i.k.n.KeyIO           Parsing took 5 ms 
167752     INFO  Test worker     d.u.i.k.n.KeyIO           MODE: declarations took 1 ms 
167754     INFO  Test worker     d.u.i.k.n.ExprTest        Term: seqConcat(seqEmpty,seqEmpty) 
]]></system-out>
  <system-err><![CDATA[]]></system-err>
</testsuite>
