<?xml version="1.0" encoding="UTF-8"?>
<testsuite name="de.uka.ilkd.key.logic.TestClashFreeSubst" tests="14" skipped="2" failures="0" errors="0" timestamp="2023-04-06T13:11:10" hostname="fv-az554-412" time="41.625">
  <properties/>
  <testcase name="testMultiShareBound()" classname="de.uka.ilkd.key.logic.TestClashFreeSubst" time="0.801"/>
  <testcase name="testClash()" classname="de.uka.ilkd.key.logic.TestClashFreeSubst" time="0.795"/>
  <testcase name="testShare()" classname="de.uka.ilkd.key.logic.TestClashFreeSubst" time="0.784"/>
  <testcase name="testSubst()" classname="de.uka.ilkd.key.logic.TestClashFreeSubst" time="0.773"/>
  <testcase name="testWary0()" classname="de.uka.ilkd.key.logic.TestClashFreeSubst" time="0.759"/>
  <testcase name="testWary1()" classname="de.uka.ilkd.key.logic.TestClashFreeSubst" time="0.76"/>
  <testcase name="testWary2()" classname="de.uka.ilkd.key.logic.TestClashFreeSubst" time="0.762"/>
  <testcase name="testClashInSubstTerm()" classname="de.uka.ilkd.key.logic.TestClashFreeSubst" time="0.759"/>
  <testcase name="testShareWary()" classname="de.uka.ilkd.key.logic.TestClashFreeSubst" time="0.752"/>
  <testcase name="testMultiSubst()" classname="de.uka.ilkd.key.logic.TestClashFreeSubst" time="0.751"/>
  <testcase name="xtestMultiClash()" classname="de.uka.ilkd.key.logic.TestClashFreeSubst" time="0.0">
    <skipped/>
  </testcase>
  <testcase name="testSubstInSubstTerm()" classname="de.uka.ilkd.key.logic.TestClashFreeSubst" time="0.79"/>
  <testcase name="testSubstWary()" classname="de.uka.ilkd.key.logic.TestClashFreeSubst" time="0.756"/>
  <testcase name="xtestMultiClash1()" classname="de.uka.ilkd.key.logic.TestClashFreeSubst" time="0.0">
    <skipped/>
  </testcase>
  <system-out><![CDATA[29688      INFO  Test worker     d.u.i.k.n.KeyIO           Parsing took 0 ms 
29688      INFO  Test worker     d.u.i.k.n.KeyIO           MODE: declarations took 0 ms 
30484      INFO  Test worker     d.u.i.k.n.KeyIO           Parsing took 0 ms 
30485      INFO  Test worker     d.u.i.k.n.KeyIO           MODE: declarations took 0 ms 
33017      INFO  Test worker     d.u.i.k.n.KeyIO           Parsing took 0 ms 
33018      INFO  Test worker     d.u.i.k.n.KeyIO           MODE: declarations took 0 ms 
33807      INFO  Test worker     d.u.i.k.n.KeyIO           Parsing took 0 ms 
33808      INFO  Test worker     d.u.i.k.n.KeyIO           MODE: declarations took 1 ms 
36317      INFO  Test worker     d.u.i.k.n.KeyIO           Parsing took 0 ms 
36318      INFO  Test worker     d.u.i.k.n.KeyIO           MODE: declarations took 0 ms 
37098      INFO  Test worker     d.u.i.k.n.KeyIO           Parsing took 0 ms 
37099      INFO  Test worker     d.u.i.k.n.KeyIO           MODE: declarations took 0 ms 
39624      INFO  Test worker     d.u.i.k.n.KeyIO           Parsing took 0 ms 
39625      INFO  Test worker     d.u.i.k.n.KeyIO           MODE: declarations took 0 ms 
40393      INFO  Test worker     d.u.i.k.n.KeyIO           Parsing took 0 ms 
40394      INFO  Test worker     d.u.i.k.n.KeyIO           MODE: declarations took 0 ms 
42905      INFO  Test worker     d.u.i.k.n.KeyIO           Parsing took 1 ms 
42905      INFO  Test worker     d.u.i.k.n.KeyIO           MODE: declarations took 0 ms 
43658      INFO  Test worker     d.u.i.k.n.KeyIO           Parsing took 0 ms 
43659      INFO  Test worker     d.u.i.k.n.KeyIO           MODE: declarations took 0 ms 
46163      INFO  Test worker     d.u.i.k.n.KeyIO           Parsing took 0 ms 
46164      INFO  Test worker     d.u.i.k.n.KeyIO           MODE: declarations took 0 ms 
46918      INFO  Test worker     d.u.i.k.n.KeyIO           Parsing took 0 ms 
46919      INFO  Test worker     d.u.i.k.n.KeyIO           MODE: declarations took 0 ms 
49392      INFO  Test worker     d.u.i.k.n.KeyIO           Parsing took 0 ms 
49393      INFO  Test worker     d.u.i.k.n.KeyIO           MODE: declarations took 0 ms 
50148      INFO  Test worker     d.u.i.k.n.KeyIO           Parsing took 0 ms 
50149      INFO  Test worker     d.u.i.k.n.KeyIO           MODE: declarations took 0 ms 
52635      INFO  Test worker     d.u.i.k.n.KeyIO           Parsing took 0 ms 
52636      INFO  Test worker     d.u.i.k.n.KeyIO           MODE: declarations took 0 ms 
53390      INFO  Test worker     d.u.i.k.n.KeyIO           Parsing took 0 ms 
53390      INFO  Test worker     d.u.i.k.n.KeyIO           MODE: declarations took 0 ms 
55899      INFO  Test worker     d.u.i.k.n.KeyIO           Parsing took 0 ms 
55899      INFO  Test worker     d.u.i.k.n.KeyIO           MODE: declarations took 0 ms 
56648      INFO  Test worker     d.u.i.k.n.KeyIO           Parsing took 0 ms 
56648      INFO  Test worker     d.u.i.k.n.KeyIO           MODE: declarations took 0 ms 
59111      INFO  Test worker     d.u.i.k.n.KeyIO           Parsing took 0 ms 
59112      INFO  Test worker     d.u.i.k.n.KeyIO           MODE: declarations took 0 ms 
59860      INFO  Test worker     d.u.i.k.n.KeyIO           Parsing took 1 ms 
59860      INFO  Test worker     d.u.i.k.n.KeyIO           MODE: declarations took 0 ms 
64854      INFO  Test worker     d.u.i.k.n.KeyIO           Parsing took 0 ms 
64854      INFO  Test worker     d.u.i.k.n.KeyIO           MODE: declarations took 0 ms 
65638      INFO  Test worker     d.u.i.k.n.KeyIO           Parsing took 0 ms 
65639      INFO  Test worker     d.u.i.k.n.KeyIO           MODE: declarations took 0 ms 
68104      INFO  Test worker     d.u.i.k.n.KeyIO           Parsing took 0 ms 
68104      INFO  Test worker     d.u.i.k.n.KeyIO           MODE: declarations took 0 ms 
68858      INFO  Test worker     d.u.i.k.n.KeyIO           Parsing took 0 ms 
68859      INFO  Test worker     d.u.i.k.n.KeyIO           MODE: declarations took 0 ms 
]]></system-out>
  <system-err><![CDATA[]]></system-err>
</testsuite>
