<?xml version="1.0" encoding="UTF-8"?>
<testsuite name="de.uka.ilkd.key.parser.TestTermParserHeap" tests="39" skipped="0" failures="0" errors="0" timestamp="2023-04-06T13:14:58" hostname="fv-az554-412" time="93.6">
  <properties/>
  <testcase name="testBracketHeapUpdate()" classname="de.uka.ilkd.key.parser.TestTermParserHeap" time="0.013"/>
  <testcase name="testStore()" classname="de.uka.ilkd.key.parser.TestTermParserHeap" time="0.01"/>
  <testcase name="testUnknownConstant()" classname="de.uka.ilkd.key.parser.TestTermParserHeap" time="0.004"/>
  <testcase name="testAllFieldsSelector()" classname="de.uka.ilkd.key.parser.TestTermParserHeap" time="0.001"/>
  <testcase name="testParsePrettyPrintedSelect()" classname="de.uka.ilkd.key.parser.TestTermParserHeap" time="0.001"/>
  <testcase name="testAccessStaticMembers()" classname="de.uka.ilkd.key.parser.TestTermParserHeap" time="0.004"/>
  <testcase name="testAtOperator_1()" classname="de.uka.ilkd.key.parser.TestTermParserHeap" time="0.001"/>
  <testcase name="testAtOperator_2()" classname="de.uka.ilkd.key.parser.TestTermParserHeap" time="0.001"/>
  <testcase name="testAtOperator_3()" classname="de.uka.ilkd.key.parser.TestTermParserHeap" time="0.001"/>
  <testcase name="testAtOperator_4()" classname="de.uka.ilkd.key.parser.TestTermParserHeap" time="0.003"/>
  <testcase name="testAtOperator_5()" classname="de.uka.ilkd.key.parser.TestTermParserHeap" time="0.001"/>
  <testcase name="testAtOperator_6()" classname="de.uka.ilkd.key.parser.TestTermParserHeap" time="0.001"/>
  <testcase name="testAtOperator_7()" classname="de.uka.ilkd.key.parser.TestTermParserHeap" time="0.001"/>
  <testcase name="testAtOperator_8()" classname="de.uka.ilkd.key.parser.TestTermParserHeap" time="0.002"/>
  <testcase name="testVerifyExceptionIfAtOperatorNotPreceededBySelectTerm()" classname="de.uka.ilkd.key.parser.TestTermParserHeap" time="0.001"/>
  <testcase name="testBugResettingCounter()" classname="de.uka.ilkd.key.parser.TestTermParserHeap" time="0.002"/>
  <testcase name="testLocationSets()" classname="de.uka.ilkd.key.parser.TestTermParserHeap" time="0.001"/>
  <testcase name="testQuantifiedSelect()" classname="de.uka.ilkd.key.parser.TestTermParserHeap" time="0.002"/>
  <testcase name="testGenericObjectProperties()" classname="de.uka.ilkd.key.parser.TestTermParserHeap" time="0.002"/>
  <testcase name="testQueryInheritance_1()" classname="de.uka.ilkd.key.parser.TestTermParserHeap" time="0.002"/>
  <testcase name="testQueryInheritance_2()" classname="de.uka.ilkd.key.parser.TestTermParserHeap" time="0.001"/>
  <testcase name="testQueryInheritance_3()" classname="de.uka.ilkd.key.parser.TestTermParserHeap" time="0.006"/>
  <testcase name="testQueryInheritance_4()" classname="de.uka.ilkd.key.parser.TestTermParserHeap" time="0.001"/>
  <testcase name="testQueryInheritance_5()" classname="de.uka.ilkd.key.parser.TestTermParserHeap" time="0.001"/>
  <testcase name="testQueryInheritance_6()" classname="de.uka.ilkd.key.parser.TestTermParserHeap" time="0.001"/>
  <testcase name="testQueryInheritance_7()" classname="de.uka.ilkd.key.parser.TestTermParserHeap" time="0.004"/>
  <testcase name="testQueryInheritance_8()" classname="de.uka.ilkd.key.parser.TestTermParserHeap" time="0.001"/>
  <testcase name="testQueryInheritance_9()" classname="de.uka.ilkd.key.parser.TestTermParserHeap" time="0.004"/>
  <testcase name="testQueryBasic_10()" classname="de.uka.ilkd.key.parser.TestTermParserHeap" time="0.003"/>
  <testcase name="testQueryBasic_11()" classname="de.uka.ilkd.key.parser.TestTermParserHeap" time="0.003"/>
  <testcase name="testQueryBasic_1()" classname="de.uka.ilkd.key.parser.TestTermParserHeap" time="0.001"/>
  <testcase name="testQueryBasic_2()" classname="de.uka.ilkd.key.parser.TestTermParserHeap" time="0.002"/>
  <testcase name="testQueryBasic_3()" classname="de.uka.ilkd.key.parser.TestTermParserHeap" time="0.001"/>
  <testcase name="testQueryBasic_4()" classname="de.uka.ilkd.key.parser.TestTermParserHeap" time="0.004"/>
  <testcase name="testQueryBasic_5()" classname="de.uka.ilkd.key.parser.TestTermParserHeap" time="0.001"/>
  <testcase name="testQueryBasic_6()" classname="de.uka.ilkd.key.parser.TestTermParserHeap" time="0.002"/>
  <testcase name="testQueryBasic_7()" classname="de.uka.ilkd.key.parser.TestTermParserHeap" time="0.005"/>
  <testcase name="testQueryBasic_8()" classname="de.uka.ilkd.key.parser.TestTermParserHeap" time="0.004"/>
  <testcase name="testQueryBasic_9()" classname="de.uka.ilkd.key.parser.TestTermParserHeap" time="0.001"/>
  <system-out><![CDATA[257593     INFO  Test worker     d.u.i.k.n.KeyIO           Parsing took 0 ms 
257593     INFO  Test worker     d.u.i.k.n.KeyIO           MODE: declarations took 0 ms 
257593     INFO  Test worker     d.u.i.k.n.KeyIO           Parsing took 0 ms 
257593     INFO  Test worker     d.u.i.k.n.KeyIO           MODE: declarations took 0 ms 
257593     INFO  Test worker     d.u.i.k.n.KeyIO           Parsing took 0 ms 
257593     INFO  Test worker     d.u.i.k.n.KeyIO           MODE: declarations took 0 ms 
257594     INFO  Test worker     d.u.i.k.n.KeyIO           Parsing took 0 ms 
257594     INFO  Test worker     d.u.i.k.n.KeyIO           MODE: declarations took 0 ms 
257594     INFO  Test worker     d.u.i.k.n.KeyIO           Parsing took 0 ms 
257594     INFO  Test worker     d.u.i.k.n.KeyIO           MODE: declarations took 0 ms 
260136     INFO  Test worker     d.u.i.k.n.KeyIO           Parsing took 0 ms 
260136     INFO  Test worker     d.u.i.k.n.KeyIO           MODE: declarations took 0 ms 
260136     INFO  Test worker     d.u.i.k.n.KeyIO           Parsing took 0 ms 
260136     INFO  Test worker     d.u.i.k.n.KeyIO           MODE: declarations took 0 ms 
260136     INFO  Test worker     d.u.i.k.n.KeyIO           Parsing took 0 ms 
260136     INFO  Test worker     d.u.i.k.n.KeyIO           MODE: declarations took 0 ms 
260136     INFO  Test worker     d.u.i.k.n.KeyIO           Parsing took 0 ms 
260136     INFO  Test worker     d.u.i.k.n.KeyIO           MODE: declarations took 0 ms 
260136     INFO  Test worker     d.u.i.k.n.KeyIO           Parsing took 0 ms 
260136     INFO  Test worker     d.u.i.k.n.KeyIO           MODE: declarations took 0 ms 
262704     INFO  Test worker     d.u.i.k.n.KeyIO           Parsing took 0 ms 
262705     INFO  Test worker     d.u.i.k.n.KeyIO           MODE: declarations took 0 ms 
262705     INFO  Test worker     d.u.i.k.n.KeyIO           Parsing took 0 ms 
262705     INFO  Test worker     d.u.i.k.n.KeyIO           MODE: declarations took 0 ms 
262706     INFO  Test worker     d.u.i.k.n.KeyIO           Parsing took 0 ms 
262706     INFO  Test worker     d.u.i.k.n.KeyIO           MODE: declarations took 0 ms 
262706     INFO  Test worker     d.u.i.k.n.KeyIO           Parsing took 0 ms 
262706     INFO  Test worker     d.u.i.k.n.KeyIO           MODE: declarations took 0 ms 
262706     INFO  Test worker     d.u.i.k.n.KeyIO           Parsing took 0 ms 
262707     INFO  Test worker     d.u.i.k.n.KeyIO           MODE: declarations took 0 ms 
262707     INFO  Test worker     d.u.i.k.n.KeyIO           Parsing took 0 ms 
262707     INFO  Test worker     d.u.i.k.n.KeyIO           MODE: declarations took 0 ms 
265206     INFO  Test worker     d.u.i.k.n.KeyIO           Parsing took 0 ms 
265206     INFO  Test worker     d.u.i.k.n.KeyIO           MODE: declarations took 0 ms 
265206     INFO  Test worker     d.u.i.k.n.KeyIO           Parsing took 0 ms 
265207     INFO  Test worker     d.u.i.k.n.KeyIO           MODE: declarations took 1 ms 
265207     INFO  Test worker     d.u.i.k.n.KeyIO           Parsing took 0 ms 
265207     INFO  Test worker     d.u.i.k.n.KeyIO           MODE: declarations took 0 ms 
265207     INFO  Test worker     d.u.i.k.n.KeyIO           Parsing took 0 ms 
265207     INFO  Test worker     d.u.i.k.n.KeyIO           MODE: declarations took 0 ms 
265207     INFO  Test worker     d.u.i.k.n.KeyIO           Parsing took 0 ms 
265207     INFO  Test worker     d.u.i.k.n.KeyIO           MODE: declarations took 0 ms 
267687     INFO  Test worker     d.u.i.k.n.KeyIO           Parsing took 0 ms 
267687     INFO  Test worker     d.u.i.k.n.KeyIO           MODE: declarations took 0 ms 
267687     INFO  Test worker     d.u.i.k.n.KeyIO           Parsing took 0 ms 
267687     INFO  Test worker     d.u.i.k.n.KeyIO           MODE: declarations took 0 ms 
267687     INFO  Test worker     d.u.i.k.n.KeyIO           Parsing took 0 ms 
267687     INFO  Test worker     d.u.i.k.n.KeyIO           MODE: declarations took 0 ms 
267687     INFO  Test worker     d.u.i.k.n.KeyIO           Parsing took 0 ms 
267687     INFO  Test worker     d.u.i.k.n.KeyIO           MODE: declarations took 0 ms 
267687     INFO  Test worker     d.u.i.k.n.KeyIO           Parsing took 0 ms 
267687     INFO  Test worker     d.u.i.k.n.KeyIO           MODE: declarations took 0 ms 
270154     INFO  Test worker     d.u.i.k.n.KeyIO           Parsing took 0 ms 
270154     INFO  Test worker     d.u.i.k.n.KeyIO           MODE: declarations took 0 ms 
270154     INFO  Test worker     d.u.i.k.n.KeyIO           Parsing took 0 ms 
270154     INFO  Test worker     d.u.i.k.n.KeyIO           MODE: declarations took 0 ms 
270155     INFO  Test worker     d.u.i.k.n.KeyIO           Parsing took 0 ms 
270155     INFO  Test worker     d.u.i.k.n.KeyIO           MODE: declarations took 0 ms 
270155     INFO  Test worker     d.u.i.k.n.KeyIO           Parsing took 0 ms 
270155     INFO  Test worker     d.u.i.k.n.KeyIO           MODE: declarations took 0 ms 
270155     INFO  Test worker     d.u.i.k.n.KeyIO           Parsing took 0 ms 
270155     INFO  Test worker     d.u.i.k.n.KeyIO           MODE: declarations took 0 ms 
272607     INFO  Test worker     d.u.i.k.n.KeyIO           Parsing took 0 ms 
272608     INFO  Test worker     d.u.i.k.n.KeyIO           MODE: declarations took 1 ms 
272608     INFO  Test worker     d.u.i.k.n.KeyIO           Parsing took 0 ms 
272608     INFO  Test worker     d.u.i.k.n.KeyIO           MODE: declarations took 0 ms 
272608     INFO  Test worker     d.u.i.k.n.KeyIO           Parsing took 0 ms 
272608     INFO  Test worker     d.u.i.k.n.KeyIO           MODE: declarations took 0 ms 
272608     INFO  Test worker     d.u.i.k.n.KeyIO           Parsing took 0 ms 
272608     INFO  Test worker     d.u.i.k.n.KeyIO           MODE: declarations took 0 ms 
272608     INFO  Test worker     d.u.i.k.n.KeyIO           Parsing took 0 ms 
272608     INFO  Test worker     d.u.i.k.n.KeyIO           MODE: declarations took 0 ms 
275058     INFO  Test worker     d.u.i.k.n.KeyIO           Parsing took 0 ms 
275058     INFO  Test worker     d.u.i.k.n.KeyIO           MODE: declarations took 0 ms 
275058     INFO  Test worker     d.u.i.k.n.KeyIO           Parsing took 0 ms 
275058     INFO  Test worker     d.u.i.k.n.KeyIO           MODE: declarations took 0 ms 
275058     INFO  Test worker     d.u.i.k.n.KeyIO           Parsing took 0 ms 
275058     INFO  Test worker     d.u.i.k.n.KeyIO           MODE: declarations took 0 ms 
275058     INFO  Test worker     d.u.i.k.n.KeyIO           Parsing took 0 ms 
275058     INFO  Test worker     d.u.i.k.n.KeyIO           MODE: declarations took 0 ms 
275058     INFO  Test worker     d.u.i.k.n.KeyIO           Parsing took 0 ms 
275058     INFO  Test worker     d.u.i.k.n.KeyIO           MODE: declarations took 0 ms 
277511     INFO  Test worker     d.u.i.k.n.KeyIO           Parsing took 0 ms 
277511     INFO  Test worker     d.u.i.k.n.KeyIO           MODE: declarations took 0 ms 
277512     INFO  Test worker     d.u.i.k.n.KeyIO           Parsing took 0 ms 
277512     INFO  Test worker     d.u.i.k.n.KeyIO           MODE: declarations took 0 ms 
277512     INFO  Test worker     d.u.i.k.n.KeyIO           Parsing took 0 ms 
277512     INFO  Test worker     d.u.i.k.n.KeyIO           MODE: declarations took 0 ms 
277512     INFO  Test worker     d.u.i.k.n.KeyIO           Parsing took 0 ms 
277512     INFO  Test worker     d.u.i.k.n.KeyIO           MODE: declarations took 0 ms 
277512     INFO  Test worker     d.u.i.k.n.KeyIO           Parsing took 0 ms 
277512     INFO  Test worker     d.u.i.k.n.KeyIO           MODE: declarations took 0 ms 
279945     INFO  Test worker     d.u.i.k.n.KeyIO           Parsing took 0 ms 
279946     INFO  Test worker     d.u.i.k.n.KeyIO           MODE: declarations took 0 ms 
279946     INFO  Test worker     d.u.i.k.n.KeyIO           Parsing took 0 ms 
279946     INFO  Test worker     d.u.i.k.n.KeyIO           MODE: declarations took 0 ms 
279946     INFO  Test worker     d.u.i.k.n.KeyIO           Parsing took 0 ms 
279946     INFO  Test worker     d.u.i.k.n.KeyIO           MODE: declarations took 0 ms 
279946     INFO  Test worker     d.u.i.k.n.KeyIO           Parsing took 0 ms 
279946     INFO  Test worker     d.u.i.k.n.KeyIO           MODE: declarations took 0 ms 
279946     INFO  Test worker     d.u.i.k.n.KeyIO           Parsing took 0 ms 
279946     INFO  Test worker     d.u.i.k.n.KeyIO           MODE: declarations took 0 ms 
282403     INFO  Test worker     d.u.i.k.n.KeyIO           Parsing took 0 ms 
282403     INFO  Test worker     d.u.i.k.n.KeyIO           MODE: declarations took 0 ms 
282403     INFO  Test worker     d.u.i.k.n.KeyIO           Parsing took 0 ms 
282403     INFO  Test worker     d.u.i.k.n.KeyIO           MODE: declarations took 0 ms 
282403     INFO  Test worker     d.u.i.k.n.KeyIO           Parsing took 0 ms 
282403     INFO  Test worker     d.u.i.k.n.KeyIO           MODE: declarations took 0 ms 
282403     INFO  Test worker     d.u.i.k.n.KeyIO           Parsing took 0 ms 
282403     INFO  Test worker     d.u.i.k.n.KeyIO           MODE: declarations took 0 ms 
282403     INFO  Test worker     d.u.i.k.n.KeyIO           Parsing took 0 ms 
282403     INFO  Test worker     d.u.i.k.n.KeyIO           MODE: declarations took 0 ms 
284856     INFO  Test worker     d.u.i.k.n.KeyIO           Parsing took 0 ms 
284856     INFO  Test worker     d.u.i.k.n.KeyIO           MODE: declarations took 0 ms 
284856     INFO  Test worker     d.u.i.k.n.KeyIO           Parsing took 0 ms 
284856     INFO  Test worker     d.u.i.k.n.KeyIO           MODE: declarations took 0 ms 
284856     INFO  Test worker     d.u.i.k.n.KeyIO           Parsing took 0 ms 
284856     INFO  Test worker     d.u.i.k.n.KeyIO           MODE: declarations took 0 ms 
284856     INFO  Test worker     d.u.i.k.n.KeyIO           Parsing took 0 ms 
284856     INFO  Test worker     d.u.i.k.n.KeyIO           MODE: declarations took 0 ms 
284856     INFO  Test worker     d.u.i.k.n.KeyIO           Parsing took 0 ms 
284856     INFO  Test worker     d.u.i.k.n.KeyIO           MODE: declarations took 0 ms 
287307     INFO  Test worker     d.u.i.k.n.KeyIO           Parsing took 1 ms 
287307     INFO  Test worker     d.u.i.k.n.KeyIO           MODE: declarations took 0 ms 
287307     INFO  Test worker     d.u.i.k.n.KeyIO           Parsing took 0 ms 
287307     INFO  Test worker     d.u.i.k.n.KeyIO           MODE: declarations took 0 ms 
287307     INFO  Test worker     d.u.i.k.n.KeyIO           Parsing took 0 ms 
287307     INFO  Test worker     d.u.i.k.n.KeyIO           MODE: declarations took 0 ms 
287307     INFO  Test worker     d.u.i.k.n.KeyIO           Parsing took 0 ms 
287307     INFO  Test worker     d.u.i.k.n.KeyIO           MODE: declarations took 0 ms 
287307     INFO  Test worker     d.u.i.k.n.KeyIO           Parsing took 0 ms 
287307     INFO  Test worker     d.u.i.k.n.KeyIO           MODE: declarations took 0 ms 
289770     INFO  Test worker     d.u.i.k.n.KeyIO           Parsing took 0 ms 
289770     INFO  Test worker     d.u.i.k.n.KeyIO           MODE: declarations took 0 ms 
289771     INFO  Test worker     d.u.i.k.n.KeyIO           Parsing took 0 ms 
289771     INFO  Test worker     d.u.i.k.n.KeyIO           MODE: declarations took 0 ms 
289771     INFO  Test worker     d.u.i.k.n.KeyIO           Parsing took 0 ms 
289771     INFO  Test worker     d.u.i.k.n.KeyIO           MODE: declarations took 0 ms 
289771     INFO  Test worker     d.u.i.k.n.KeyIO           Parsing took 0 ms 
289771     INFO  Test worker     d.u.i.k.n.KeyIO           MODE: declarations took 0 ms 
289771     INFO  Test worker     d.u.i.k.n.KeyIO           Parsing took 0 ms 
289771     INFO  Test worker     d.u.i.k.n.KeyIO           MODE: declarations took 0 ms 
292230     INFO  Test worker     d.u.i.k.n.KeyIO           Parsing took 0 ms 
292230     INFO  Test worker     d.u.i.k.n.KeyIO           MODE: declarations took 0 ms 
292230     INFO  Test worker     d.u.i.k.n.KeyIO           Parsing took 0 ms 
292230     INFO  Test worker     d.u.i.k.n.KeyIO           MODE: declarations took 0 ms 
292230     INFO  Test worker     d.u.i.k.n.KeyIO           Parsing took 0 ms 
292230     INFO  Test worker     d.u.i.k.n.KeyIO           MODE: declarations took 0 ms 
292230     INFO  Test worker     d.u.i.k.n.KeyIO           Parsing took 0 ms 
292230     INFO  Test worker     d.u.i.k.n.KeyIO           MODE: declarations took 0 ms 
292230     INFO  Test worker     d.u.i.k.n.KeyIO           Parsing took 0 ms 
292230     INFO  Test worker     d.u.i.k.n.KeyIO           MODE: declarations took 0 ms 
292231     WARN  Test worker     d.u.i.k.n.KeYParser       [syntax-error] <unknown>:1:11: mismatched input '@' expecting {'/', ':=', '.', '(', ')', '{', '[', '@', PARALLEL, OR, AND, IMP, '=', NOT_EQUALS, '%', '*', '-', '+', '>', GREATEREQUAL, '<', LESSEQUAL, LGUILLEMETS, EQV} [@11,11:11='@',<153>,1:11] (termEOF) 
294700     INFO  Test worker     d.u.i.k.n.KeyIO           Parsing took 0 ms 
294700     INFO  Test worker     d.u.i.k.n.KeyIO           MODE: declarations took 0 ms 
294701     INFO  Test worker     d.u.i.k.n.KeyIO           Parsing took 0 ms 
294701     INFO  Test worker     d.u.i.k.n.KeyIO           MODE: declarations took 0 ms 
294701     INFO  Test worker     d.u.i.k.n.KeyIO           Parsing took 0 ms 
294701     INFO  Test worker     d.u.i.k.n.KeyIO           MODE: declarations took 0 ms 
294701     INFO  Test worker     d.u.i.k.n.KeyIO           Parsing took 0 ms 
294701     INFO  Test worker     d.u.i.k.n.KeyIO           MODE: declarations took 0 ms 
294701     INFO  Test worker     d.u.i.k.n.KeyIO           Parsing took 0 ms 
294701     INFO  Test worker     d.u.i.k.n.KeyIO           MODE: declarations took 0 ms 
297149     INFO  Test worker     d.u.i.k.n.KeyIO           Parsing took 0 ms 
297149     INFO  Test worker     d.u.i.k.n.KeyIO           MODE: declarations took 0 ms 
297149     INFO  Test worker     d.u.i.k.n.KeyIO           Parsing took 0 ms 
297150     INFO  Test worker     d.u.i.k.n.KeyIO           MODE: declarations took 1 ms 
297150     INFO  Test worker     d.u.i.k.n.KeyIO           Parsing took 0 ms 
297150     INFO  Test worker     d.u.i.k.n.KeyIO           MODE: declarations took 0 ms 
297150     INFO  Test worker     d.u.i.k.n.KeyIO           Parsing took 0 ms 
297150     INFO  Test worker     d.u.i.k.n.KeyIO           MODE: declarations took 0 ms 
297150     INFO  Test worker     d.u.i.k.n.KeyIO           Parsing took 0 ms 
297150     INFO  Test worker     d.u.i.k.n.KeyIO           MODE: declarations took 0 ms 
299600     INFO  Test worker     d.u.i.k.n.KeyIO           Parsing took 0 ms 
299600     INFO  Test worker     d.u.i.k.n.KeyIO           MODE: declarations took 0 ms 
299600     INFO  Test worker     d.u.i.k.n.KeyIO           Parsing took 0 ms 
299600     INFO  Test worker     d.u.i.k.n.KeyIO           MODE: declarations took 0 ms 
299600     INFO  Test worker     d.u.i.k.n.KeyIO           Parsing took 0 ms 
299600     INFO  Test worker     d.u.i.k.n.KeyIO           MODE: declarations took 0 ms 
299600     INFO  Test worker     d.u.i.k.n.KeyIO           Parsing took 0 ms 
299600     INFO  Test worker     d.u.i.k.n.KeyIO           MODE: declarations took 0 ms 
299600     INFO  Test worker     d.u.i.k.n.KeyIO           Parsing took 0 ms 
299600     INFO  Test worker     d.u.i.k.n.KeyIO           MODE: declarations took 0 ms 
302044     INFO  Test worker     d.u.i.k.n.KeyIO           Parsing took 0 ms 
302045     INFO  Test worker     d.u.i.k.n.KeyIO           MODE: declarations took 0 ms 
302045     INFO  Test worker     d.u.i.k.n.KeyIO           Parsing took 0 ms 
302045     INFO  Test worker     d.u.i.k.n.KeyIO           MODE: declarations took 0 ms 
302045     INFO  Test worker     d.u.i.k.n.KeyIO           Parsing took 0 ms 
302045     INFO  Test worker     d.u.i.k.n.KeyIO           MODE: declarations took 0 ms 
302045     INFO  Test worker     d.u.i.k.n.KeyIO           Parsing took 0 ms 
302045     INFO  Test worker     d.u.i.k.n.KeyIO           MODE: declarations took 0 ms 
302045     INFO  Test worker     d.u.i.k.n.KeyIO           Parsing took 0 ms 
302045     INFO  Test worker     d.u.i.k.n.KeyIO           MODE: declarations took 0 ms 
304491     INFO  Test worker     d.u.i.k.n.KeyIO           Parsing took 0 ms 
304491     INFO  Test worker     d.u.i.k.n.KeyIO           MODE: declarations took 0 ms 
304491     INFO  Test worker     d.u.i.k.n.KeyIO           Parsing took 0 ms 
304491     INFO  Test worker     d.u.i.k.n.KeyIO           MODE: declarations took 0 ms 
304492     INFO  Test worker     d.u.i.k.n.KeyIO           Parsing took 1 ms 
304492     INFO  Test worker     d.u.i.k.n.KeyIO           MODE: declarations took 0 ms 
304492     INFO  Test worker     d.u.i.k.n.KeyIO           Parsing took 0 ms 
304492     INFO  Test worker     d.u.i.k.n.KeyIO           MODE: declarations took 0 ms 
304492     INFO  Test worker     d.u.i.k.n.KeyIO           Parsing took 0 ms 
304492     INFO  Test worker     d.u.i.k.n.KeyIO           MODE: declarations took 0 ms 
306952     INFO  Test worker     d.u.i.k.n.KeyIO           Parsing took 0 ms 
306953     INFO  Test worker     d.u.i.k.n.KeyIO           MODE: declarations took 0 ms 
306953     INFO  Test worker     d.u.i.k.n.KeyIO           Parsing took 0 ms 
306953     INFO  Test worker     d.u.i.k.n.KeyIO           MODE: declarations took 0 ms 
306953     INFO  Test worker     d.u.i.k.n.KeyIO           Parsing took 0 ms 
306953     INFO  Test worker     d.u.i.k.n.KeyIO           MODE: declarations took 0 ms 
306953     INFO  Test worker     d.u.i.k.n.KeyIO           Parsing took 0 ms 
306953     INFO  Test worker     d.u.i.k.n.KeyIO           MODE: declarations took 0 ms 
306953     INFO  Test worker     d.u.i.k.n.KeyIO           Parsing took 0 ms 
306953     INFO  Test worker     d.u.i.k.n.KeyIO           MODE: declarations took 0 ms 
309412     INFO  Test worker     d.u.i.k.n.KeyIO           Parsing took 0 ms 
309413     INFO  Test worker     d.u.i.k.n.KeyIO           MODE: declarations took 0 ms 
309414     INFO  Test worker     d.u.i.k.n.KeyIO           Parsing took 0 ms 
309414     INFO  Test worker     d.u.i.k.n.KeyIO           MODE: declarations took 0 ms 
309414     INFO  Test worker     d.u.i.k.n.KeyIO           Parsing took 0 ms 
309414     INFO  Test worker     d.u.i.k.n.KeyIO           MODE: declarations took 0 ms 
309414     INFO  Test worker     d.u.i.k.n.KeyIO           Parsing took 0 ms 
309414     INFO  Test worker     d.u.i.k.n.KeyIO           MODE: declarations took 0 ms 
309414     INFO  Test worker     d.u.i.k.n.KeyIO           Parsing took 0 ms 
309415     INFO  Test worker     d.u.i.k.n.KeyIO           MODE: declarations took 0 ms 
311887     INFO  Test worker     d.u.i.k.n.KeyIO           Parsing took 0 ms 
311887     INFO  Test worker     d.u.i.k.n.KeyIO           MODE: declarations took 0 ms 
311887     INFO  Test worker     d.u.i.k.n.KeyIO           Parsing took 0 ms 
311887     INFO  Test worker     d.u.i.k.n.KeyIO           MODE: declarations took 0 ms 
311887     INFO  Test worker     d.u.i.k.n.KeyIO           Parsing took 0 ms 
311887     INFO  Test worker     d.u.i.k.n.KeyIO           MODE: declarations took 0 ms 
311887     INFO  Test worker     d.u.i.k.n.KeyIO           Parsing took 0 ms 
311887     INFO  Test worker     d.u.i.k.n.KeyIO           MODE: declarations took 0 ms 
311887     INFO  Test worker     d.u.i.k.n.KeyIO           Parsing took 0 ms 
311887     INFO  Test worker     d.u.i.k.n.KeyIO           MODE: declarations took 0 ms 
314340     INFO  Test worker     d.u.i.k.n.KeyIO           Parsing took 1 ms 
314340     INFO  Test worker     d.u.i.k.n.KeyIO           MODE: declarations took 0 ms 
314340     INFO  Test worker     d.u.i.k.n.KeyIO           Parsing took 0 ms 
314340     INFO  Test worker     d.u.i.k.n.KeyIO           MODE: declarations took 0 ms 
314340     INFO  Test worker     d.u.i.k.n.KeyIO           Parsing took 0 ms 
314340     INFO  Test worker     d.u.i.k.n.KeyIO           MODE: declarations took 0 ms 
314340     INFO  Test worker     d.u.i.k.n.KeyIO           Parsing took 0 ms 
314340     INFO  Test worker     d.u.i.k.n.KeyIO           MODE: declarations took 0 ms 
314340     INFO  Test worker     d.u.i.k.n.KeyIO           Parsing took 0 ms 
314340     INFO  Test worker     d.u.i.k.n.KeyIO           MODE: declarations took 0 ms 
316794     INFO  Test worker     d.u.i.k.n.KeyIO           Parsing took 0 ms 
316794     INFO  Test worker     d.u.i.k.n.KeyIO           MODE: declarations took 0 ms 
316794     INFO  Test worker     d.u.i.k.n.KeyIO           Parsing took 0 ms 
316794     INFO  Test worker     d.u.i.k.n.KeyIO           MODE: declarations took 0 ms 
316794     INFO  Test worker     d.u.i.k.n.KeyIO           Parsing took 0 ms 
316794     INFO  Test worker     d.u.i.k.n.KeyIO           MODE: declarations took 0 ms 
316795     INFO  Test worker     d.u.i.k.n.KeyIO           Parsing took 0 ms 
316795     INFO  Test worker     d.u.i.k.n.KeyIO           MODE: declarations took 0 ms 
316795     INFO  Test worker     d.u.i.k.n.KeyIO           Parsing took 0 ms 
316795     INFO  Test worker     d.u.i.k.n.KeyIO           MODE: declarations took 0 ms 
319258     INFO  Test worker     d.u.i.k.n.KeyIO           Parsing took 1 ms 
319258     INFO  Test worker     d.u.i.k.n.KeyIO           MODE: declarations took 0 ms 
319258     INFO  Test worker     d.u.i.k.n.KeyIO           Parsing took 0 ms 
319258     INFO  Test worker     d.u.i.k.n.KeyIO           MODE: declarations took 0 ms 
319259     INFO  Test worker     d.u.i.k.n.KeyIO           Parsing took 0 ms 
319259     INFO  Test worker     d.u.i.k.n.KeyIO           MODE: declarations took 0 ms 
319259     INFO  Test worker     d.u.i.k.n.KeyIO           Parsing took 0 ms 
319259     INFO  Test worker     d.u.i.k.n.KeyIO           MODE: declarations took 0 ms 
319259     INFO  Test worker     d.u.i.k.n.KeyIO           Parsing took 0 ms 
319259     INFO  Test worker     d.u.i.k.n.KeyIO           MODE: declarations took 0 ms 
321705     INFO  Test worker     d.u.i.k.n.KeyIO           Parsing took 0 ms 
321705     INFO  Test worker     d.u.i.k.n.KeyIO           MODE: declarations took 0 ms 
321705     INFO  Test worker     d.u.i.k.n.KeyIO           Parsing took 0 ms 
321705     INFO  Test worker     d.u.i.k.n.KeyIO           MODE: declarations took 0 ms 
321705     INFO  Test worker     d.u.i.k.n.KeyIO           Parsing took 0 ms 
321705     INFO  Test worker     d.u.i.k.n.KeyIO           MODE: declarations took 0 ms 
321705     INFO  Test worker     d.u.i.k.n.KeyIO           Parsing took 0 ms 
321705     INFO  Test worker     d.u.i.k.n.KeyIO           MODE: declarations took 0 ms 
321705     INFO  Test worker     d.u.i.k.n.KeyIO           Parsing took 0 ms 
321705     INFO  Test worker     d.u.i.k.n.KeyIO           MODE: declarations took 0 ms 
324170     INFO  Test worker     d.u.i.k.n.KeyIO           Parsing took 0 ms 
324170     INFO  Test worker     d.u.i.k.n.KeyIO           MODE: declarations took 0 ms 
324171     INFO  Test worker     d.u.i.k.n.KeyIO           Parsing took 0 ms 
324171     INFO  Test worker     d.u.i.k.n.KeyIO           MODE: declarations took 0 ms 
324171     INFO  Test worker     d.u.i.k.n.KeyIO           Parsing took 0 ms 
324171     INFO  Test worker     d.u.i.k.n.KeyIO           MODE: declarations took 0 ms 
324171     INFO  Test worker     d.u.i.k.n.KeyIO           Parsing took 0 ms 
324172     INFO  Test worker     d.u.i.k.n.KeyIO           MODE: declarations took 0 ms 
324172     INFO  Test worker     d.u.i.k.n.KeyIO           Parsing took 0 ms 
324172     INFO  Test worker     d.u.i.k.n.KeyIO           MODE: declarations took 0 ms 
326628     INFO  Test worker     d.u.i.k.n.KeyIO           Parsing took 0 ms 
326628     INFO  Test worker     d.u.i.k.n.KeyIO           MODE: declarations took 0 ms 
326628     INFO  Test worker     d.u.i.k.n.KeyIO           Parsing took 0 ms 
326629     INFO  Test worker     d.u.i.k.n.KeyIO           MODE: declarations took 1 ms 
326629     INFO  Test worker     d.u.i.k.n.KeyIO           Parsing took 0 ms 
326629     INFO  Test worker     d.u.i.k.n.KeyIO           MODE: declarations took 0 ms 
326629     INFO  Test worker     d.u.i.k.n.KeyIO           Parsing took 0 ms 
326629     INFO  Test worker     d.u.i.k.n.KeyIO           MODE: declarations took 0 ms 
326629     INFO  Test worker     d.u.i.k.n.KeyIO           Parsing took 0 ms 
326629     INFO  Test worker     d.u.i.k.n.KeyIO           MODE: declarations took 0 ms 
329093     INFO  Test worker     d.u.i.k.n.KeyIO           Parsing took 0 ms 
329094     INFO  Test worker     d.u.i.k.n.KeyIO           MODE: declarations took 0 ms 
329094     INFO  Test worker     d.u.i.k.n.KeyIO           Parsing took 0 ms 
329094     INFO  Test worker     d.u.i.k.n.KeyIO           MODE: declarations took 0 ms 
329094     INFO  Test worker     d.u.i.k.n.KeyIO           Parsing took 0 ms 
329094     INFO  Test worker     d.u.i.k.n.KeyIO           MODE: declarations took 0 ms 
329094     INFO  Test worker     d.u.i.k.n.KeyIO           Parsing took 0 ms 
329094     INFO  Test worker     d.u.i.k.n.KeyIO           MODE: declarations took 0 ms 
329094     INFO  Test worker     d.u.i.k.n.KeyIO           Parsing took 0 ms 
329095     INFO  Test worker     d.u.i.k.n.KeyIO           MODE: declarations took 0 ms 
331555     INFO  Test worker     d.u.i.k.n.KeyIO           Parsing took 1 ms 
331555     INFO  Test worker     d.u.i.k.n.KeyIO           MODE: declarations took 0 ms 
331555     INFO  Test worker     d.u.i.k.n.KeyIO           Parsing took 0 ms 
331555     INFO  Test worker     d.u.i.k.n.KeyIO           MODE: declarations took 0 ms 
331555     INFO  Test worker     d.u.i.k.n.KeyIO           Parsing took 0 ms 
331555     INFO  Test worker     d.u.i.k.n.KeyIO           MODE: declarations took 0 ms 
331555     INFO  Test worker     d.u.i.k.n.KeyIO           Parsing took 0 ms 
331555     INFO  Test worker     d.u.i.k.n.KeyIO           MODE: declarations took 0 ms 
331555     INFO  Test worker     d.u.i.k.n.KeyIO           Parsing took 0 ms 
331555     INFO  Test worker     d.u.i.k.n.KeyIO           MODE: declarations took 0 ms 
333997     INFO  Test worker     d.u.i.k.n.KeyIO           Parsing took 0 ms 
333997     INFO  Test worker     d.u.i.k.n.KeyIO           MODE: declarations took 0 ms 
333997     INFO  Test worker     d.u.i.k.n.KeyIO           Parsing took 0 ms 
333997     INFO  Test worker     d.u.i.k.n.KeyIO           MODE: declarations took 0 ms 
333997     INFO  Test worker     d.u.i.k.n.KeyIO           Parsing took 0 ms 
333997     INFO  Test worker     d.u.i.k.n.KeyIO           MODE: declarations took 0 ms 
333998     INFO  Test worker     d.u.i.k.n.KeyIO           Parsing took 1 ms 
333998     INFO  Test worker     d.u.i.k.n.KeyIO           MODE: declarations took 0 ms 
333998     INFO  Test worker     d.u.i.k.n.KeyIO           Parsing took 0 ms 
333998     INFO  Test worker     d.u.i.k.n.KeyIO           MODE: declarations took 0 ms 
336448     INFO  Test worker     d.u.i.k.n.KeyIO           Parsing took 0 ms 
336449     INFO  Test worker     d.u.i.k.n.KeyIO           MODE: declarations took 1 ms 
336449     INFO  Test worker     d.u.i.k.n.KeyIO           Parsing took 0 ms 
336449     INFO  Test worker     d.u.i.k.n.KeyIO           MODE: declarations took 0 ms 
336449     INFO  Test worker     d.u.i.k.n.KeyIO           Parsing took 0 ms 
336449     INFO  Test worker     d.u.i.k.n.KeyIO           MODE: declarations took 0 ms 
336449     INFO  Test worker     d.u.i.k.n.KeyIO           Parsing took 0 ms 
336449     INFO  Test worker     d.u.i.k.n.KeyIO           MODE: declarations took 0 ms 
336449     INFO  Test worker     d.u.i.k.n.KeyIO           Parsing took 0 ms 
336449     INFO  Test worker     d.u.i.k.n.KeyIO           MODE: declarations took 0 ms 
338925     INFO  Test worker     d.u.i.k.n.KeyIO           Parsing took 0 ms 
338925     INFO  Test worker     d.u.i.k.n.KeyIO           MODE: declarations took 0 ms 
338925     INFO  Test worker     d.u.i.k.n.KeyIO           Parsing took 0 ms 
338926     INFO  Test worker     d.u.i.k.n.KeyIO           MODE: declarations took 0 ms 
338926     INFO  Test worker     d.u.i.k.n.KeyIO           Parsing took 0 ms 
338926     INFO  Test worker     d.u.i.k.n.KeyIO           MODE: declarations took 0 ms 
338926     INFO  Test worker     d.u.i.k.n.KeyIO           Parsing took 0 ms 
338926     INFO  Test worker     d.u.i.k.n.KeyIO           MODE: declarations took 0 ms 
338926     INFO  Test worker     d.u.i.k.n.KeyIO           Parsing took 0 ms 
338927     INFO  Test worker     d.u.i.k.n.KeyIO           MODE: declarations took 0 ms 
341376     INFO  Test worker     d.u.i.k.n.KeyIO           Parsing took 0 ms 
341376     INFO  Test worker     d.u.i.k.n.KeyIO           MODE: declarations took 0 ms 
341376     INFO  Test worker     d.u.i.k.n.KeyIO           Parsing took 0 ms 
341376     INFO  Test worker     d.u.i.k.n.KeyIO           MODE: declarations took 0 ms 
341376     INFO  Test worker     d.u.i.k.n.KeyIO           Parsing took 0 ms 
341376     INFO  Test worker     d.u.i.k.n.KeyIO           MODE: declarations took 0 ms 
341376     INFO  Test worker     d.u.i.k.n.KeyIO           Parsing took 0 ms 
341376     INFO  Test worker     d.u.i.k.n.KeyIO           MODE: declarations took 0 ms 
341376     INFO  Test worker     d.u.i.k.n.KeyIO           Parsing took 0 ms 
341376     INFO  Test worker     d.u.i.k.n.KeyIO           MODE: declarations took 0 ms 
343815     INFO  Test worker     d.u.i.k.n.KeyIO           Parsing took 0 ms 
343815     INFO  Test worker     d.u.i.k.n.KeyIO           MODE: declarations took 0 ms 
343816     INFO  Test worker     d.u.i.k.n.KeyIO           Parsing took 0 ms 
343816     INFO  Test worker     d.u.i.k.n.KeyIO           MODE: declarations took 0 ms 
343816     INFO  Test worker     d.u.i.k.n.KeyIO           Parsing took 0 ms 
343816     INFO  Test worker     d.u.i.k.n.KeyIO           MODE: declarations took 0 ms 
343816     INFO  Test worker     d.u.i.k.n.KeyIO           Parsing took 0 ms 
343816     INFO  Test worker     d.u.i.k.n.KeyIO           MODE: declarations took 0 ms 
343816     INFO  Test worker     d.u.i.k.n.KeyIO           Parsing took 0 ms 
343816     INFO  Test worker     d.u.i.k.n.KeyIO           MODE: declarations took 0 ms 
346272     INFO  Test worker     d.u.i.k.n.KeyIO           Parsing took 0 ms 
346272     INFO  Test worker     d.u.i.k.n.KeyIO           MODE: declarations took 0 ms 
346272     INFO  Test worker     d.u.i.k.n.KeyIO           Parsing took 0 ms 
346272     INFO  Test worker     d.u.i.k.n.KeyIO           MODE: declarations took 0 ms 
346274     INFO  Test worker     d.u.i.k.n.KeyIO           Parsing took 0 ms 
346274     INFO  Test worker     d.u.i.k.n.KeyIO           MODE: declarations took 0 ms 
346274     INFO  Test worker     d.u.i.k.n.KeyIO           Parsing took 0 ms 
346274     INFO  Test worker     d.u.i.k.n.KeyIO           MODE: declarations took 0 ms 
346275     INFO  Test worker     d.u.i.k.n.KeyIO           Parsing took 1 ms 
346276     INFO  Test worker     d.u.i.k.n.KeyIO           MODE: declarations took 0 ms 
348733     INFO  Test worker     d.u.i.k.n.KeyIO           Parsing took 0 ms 
348733     INFO  Test worker     d.u.i.k.n.KeyIO           MODE: declarations took 0 ms 
348733     INFO  Test worker     d.u.i.k.n.KeyIO           Parsing took 0 ms 
348733     INFO  Test worker     d.u.i.k.n.KeyIO           MODE: declarations took 0 ms 
348734     INFO  Test worker     d.u.i.k.n.KeyIO           Parsing took 0 ms 
348734     INFO  Test worker     d.u.i.k.n.KeyIO           MODE: declarations took 0 ms 
348735     INFO  Test worker     d.u.i.k.n.KeyIO           Parsing took 0 ms 
348735     INFO  Test worker     d.u.i.k.n.KeyIO           MODE: declarations took 0 ms 
348735     INFO  Test worker     d.u.i.k.n.KeyIO           Parsing took 0 ms 
348735     INFO  Test worker     d.u.i.k.n.KeyIO           MODE: declarations took 0 ms 
351192     INFO  Test worker     d.u.i.k.n.KeyIO           Parsing took 0 ms 
351192     INFO  Test worker     d.u.i.k.n.KeyIO           MODE: declarations took 0 ms 
351192     INFO  Test worker     d.u.i.k.n.KeyIO           Parsing took 0 ms 
351192     INFO  Test worker     d.u.i.k.n.KeyIO           MODE: declarations took 0 ms 
351192     INFO  Test worker     d.u.i.k.n.KeyIO           Parsing took 0 ms 
351192     INFO  Test worker     d.u.i.k.n.KeyIO           MODE: declarations took 0 ms 
351192     INFO  Test worker     d.u.i.k.n.KeyIO           Parsing took 0 ms 
351192     INFO  Test worker     d.u.i.k.n.KeyIO           MODE: declarations took 0 ms 
351192     INFO  Test worker     d.u.i.k.n.KeyIO           Parsing took 0 ms 
351192     INFO  Test worker     d.u.i.k.n.KeyIO           MODE: declarations took 0 ms 
]]></system-out>
  <system-err><![CDATA[]]></system-err>
</testsuite>
