<?xml version="1.0" encoding="UTF-8"?>
<testsuite name="de.uka.ilkd.key.util.DesignTests" tests="3" skipped="1" failures="0" errors="0" timestamp="2023-04-06T13:21:50" hostname="fv-az554-412" time="0.407">
  <properties/>
  <testcase name="testHashCodeImplemented()" classname="de.uka.ilkd.key.util.DesignTests" time="0.291"/>
  <testcase name="xtestTermSubclassVisibility()" classname="de.uka.ilkd.key.util.DesignTests" time="0.0">
    <skipped/>
  </testcase>
  <testcase name="testGuiSep()" classname="de.uka.ilkd.key.util.DesignTests" time="0.115"/>
  <system-out><![CDATA[669034     INFO  Test worker     d.u.i.k.u.DesignTests     . 
669035     INFO  Test worker     d.u.i.k.u.DesignTests     . 
669037     INFO  Test worker     d.u.i.k.u.DesignTests     . 
669037     INFO  Test worker     d.u.i.k.u.DesignTests     . 
669038     INFO  Test worker     d.u.i.k.u.DesignTests     . 
669038     INFO  Test worker     d.u.i.k.u.DesignTests     . 
669040     INFO  Test worker     d.u.i.k.u.DesignTests     . 
669041     INFO  Test worker     d.u.i.k.u.DesignTests     . 
669045     INFO  Test worker     d.u.i.k.u.DesignTests     . 
669045     INFO  Test worker     d.u.i.k.u.DesignTests     . 
669045     INFO  Test worker     d.u.i.k.u.DesignTests     . 
669045     INFO  Test worker     d.u.i.k.u.DesignTests     . 
669046     INFO  Test worker     d.u.i.k.u.DesignTests     . 
669046     INFO  Test worker     d.u.i.k.u.DesignTests     . 
669046     INFO  Test worker     d.u.i.k.u.DesignTests     . 
669046     INFO  Test worker     d.u.i.k.u.DesignTests     . 
669048     INFO  Test worker     d.u.i.k.u.DesignTests     . 
669048     INFO  Test worker     d.u.i.k.u.DesignTests     . 
669051     INFO  Test worker     d.u.i.k.u.DesignTests     . 
669052     INFO  Test worker     d.u.i.k.u.DesignTests     . 
669064     INFO  Test worker     d.u.i.k.u.DesignTests     . 
669065     INFO  Test worker     d.u.i.k.u.DesignTests     . 
669068     INFO  Test worker     d.u.i.k.u.DesignTests     . 
669069     INFO  Test worker     d.u.i.k.u.DesignTests     . 
669069     INFO  Test worker     d.u.i.k.u.DesignTests     . 
669070     INFO  Test worker     d.u.i.k.u.DesignTests     . 
669075     INFO  Test worker     d.u.i.k.u.DesignTests     . 
669075     INFO  Test worker     d.u.i.k.u.DesignTests     . 
669076     INFO  Test worker     d.u.i.k.u.DesignTests     . 
669078     INFO  Test worker     d.u.i.k.u.DesignTests     . 
669079     INFO  Test worker     d.u.i.k.u.DesignTests     . 
669079     INFO  Test worker     d.u.i.k.u.DesignTests     . 
669086     INFO  Test worker     d.u.i.k.u.DesignTests     . 
669086     INFO  Test worker     d.u.i.k.u.DesignTests     . 
669086     INFO  Test worker     d.u.i.k.u.DesignTests     . 
669087     INFO  Test worker     d.u.i.k.u.DesignTests     . 
669087     INFO  Test worker     d.u.i.k.u.DesignTests     . 
669088     INFO  Test worker     d.u.i.k.u.DesignTests     . 
669106     INFO  Test worker     d.u.i.k.u.DesignTests     . 
669106     INFO  Test worker     d.u.i.k.u.DesignTests     . 
669107     INFO  Test worker     d.u.i.k.u.DesignTests     . 
669107     INFO  Test worker     d.u.i.k.u.DesignTests     . 
669107     INFO  Test worker     d.u.i.k.u.DesignTests     . 
669116     INFO  Test worker     d.u.i.k.u.DesignTests     . 
669117     INFO  Test worker     d.u.i.k.u.DesignTests     . 
669117     INFO  Test worker     d.u.i.k.u.DesignTests     . 
669117     INFO  Test worker     d.u.i.k.u.DesignTests     . 
669122     INFO  Test worker     d.u.i.k.u.DesignTests     . 
669124     INFO  Test worker     d.u.i.k.u.DesignTests     . 
669129     INFO  Test worker     d.u.i.k.u.DesignTests     . 
669129     INFO  Test worker     d.u.i.k.u.DesignTests     . 
669130     INFO  Test worker     d.u.i.k.u.DesignTests     . 
669132     INFO  Test worker     d.u.i.k.u.DesignTests     . 
669132     INFO  Test worker     d.u.i.k.u.DesignTests     . 
669132     INFO  Test worker     d.u.i.k.u.DesignTests     . 
669132     INFO  Test worker     d.u.i.k.u.DesignTests     . 
669133     INFO  Test worker     d.u.i.k.u.DesignTests     . 
669134     INFO  Test worker     d.u.i.k.u.DesignTests     . 
669135     INFO  Test worker     d.u.i.k.u.DesignTests     . 
669136     INFO  Test worker     d.u.i.k.u.DesignTests     . 
669136     INFO  Test worker     d.u.i.k.u.DesignTests     . 
669136     INFO  Test worker     d.u.i.k.u.DesignTests     . 
669136     INFO  Test worker     d.u.i.k.u.DesignTests     . 
669139     INFO  Test worker     d.u.i.k.u.DesignTests     . 
669139     INFO  Test worker     d.u.i.k.u.DesignTests     . 
669140     INFO  Test worker     d.u.i.k.u.DesignTests     . 
669140     INFO  Test worker     d.u.i.k.u.DesignTests     . 
669141     INFO  Test worker     d.u.i.k.u.DesignTests     . 
669148     INFO  Test worker     d.u.i.k.u.DesignTests     . 
669148     INFO  Test worker     d.u.i.k.u.DesignTests     . 
669148     INFO  Test worker     d.u.i.k.u.DesignTests     . 
669148     INFO  Test worker     d.u.i.k.u.DesignTests     . 
669152     INFO  Test worker     d.u.i.k.u.DesignTests     . 
669153     INFO  Test worker     d.u.i.k.u.DesignTests     . 
669153     INFO  Test worker     d.u.i.k.u.DesignTests     . 
669153     INFO  Test worker     d.u.i.k.u.DesignTests     . 
669156     INFO  Test worker     d.u.i.k.u.DesignTests     . 
669157     INFO  Test worker     d.u.i.k.u.DesignTests     . 
669161     INFO  Test worker     d.u.i.k.u.DesignTests     . 
669161     INFO  Test worker     d.u.i.k.u.DesignTests     . 
669161     INFO  Test worker     d.u.i.k.u.DesignTests     . 
669162     INFO  Test worker     d.u.i.k.u.DesignTests     . 
669162     INFO  Test worker     d.u.i.k.u.DesignTests     . 
669163     INFO  Test worker     d.u.i.k.u.DesignTests     . 
669164     INFO  Test worker     d.u.i.k.u.DesignTests     . 
669164     INFO  Test worker     d.u.i.k.u.DesignTests     . 
669165     INFO  Test worker     d.u.i.k.u.DesignTests     . 
669166     INFO  Test worker     d.u.i.k.u.DesignTests     . 
669166     INFO  Test worker     d.u.i.k.u.DesignTests     . 
669168     INFO  Test worker     d.u.i.k.u.DesignTests     . 
669168     INFO  Test worker     d.u.i.k.u.DesignTests     . 
669169     INFO  Test worker     d.u.i.k.u.DesignTests     . 
669172     INFO  Test worker     d.u.i.k.u.DesignTests     . 
669174     INFO  Test worker     d.u.i.k.u.DesignTests     . 
669175     INFO  Test worker     d.u.i.k.u.DesignTests     . 
669175     INFO  Test worker     d.u.i.k.u.DesignTests     . 
669176     INFO  Test worker     d.u.i.k.u.DesignTests     . 
669176     INFO  Test worker     d.u.i.k.u.DesignTests     . 
669183     INFO  Test worker     d.u.i.k.u.DesignTests     . 
669186     INFO  Test worker     d.u.i.k.u.DesignTests     . 
669187     INFO  Test worker     d.u.i.k.u.DesignTests     . 
669189     INFO  Test worker     d.u.i.k.u.DesignTests     . 
669190     INFO  Test worker     d.u.i.k.u.DesignTests     . 
669190     INFO  Test worker     d.u.i.k.u.DesignTests     . 
669190     INFO  Test worker     d.u.i.k.u.DesignTests     . 
669194     INFO  Test worker     d.u.i.k.u.DesignTests     . 
669195     INFO  Test worker     d.u.i.k.u.DesignTests     . 
669196     INFO  Test worker     d.u.i.k.u.DesignTests     . 
669199     INFO  Test worker     d.u.i.k.u.DesignTests     . 
669199     INFO  Test worker     d.u.i.k.u.DesignTests     . 
669199     INFO  Test worker     d.u.i.k.u.DesignTests     . 
669325     INFO  Test worker     d.u.i.k.u.DesignTests     . 
669325     INFO  Test worker     d.u.i.k.u.DesignTests     . 
669326     INFO  Test worker     d.u.i.k.u.DesignTests     . 
669326     INFO  Test worker     d.u.i.k.u.DesignTests     . 
669327     INFO  Test worker     d.u.i.k.u.DesignTests     . 
669327     INFO  Test worker     d.u.i.k.u.DesignTests     . 
669329     INFO  Test worker     d.u.i.k.u.DesignTests     . 
669330     INFO  Test worker     d.u.i.k.u.DesignTests     . 
669330     INFO  Test worker     d.u.i.k.u.DesignTests     . 
669330     INFO  Test worker     d.u.i.k.u.DesignTests     . 
669330     INFO  Test worker     d.u.i.k.u.DesignTests     . 
669331     INFO  Test worker     d.u.i.k.u.DesignTests     . 
669331     INFO  Test worker     d.u.i.k.u.DesignTests     . 
669331     INFO  Test worker     d.u.i.k.u.DesignTests     . 
669331     INFO  Test worker     d.u.i.k.u.DesignTests     . 
669331     INFO  Test worker     d.u.i.k.u.DesignTests     . 
669331     INFO  Test worker     d.u.i.k.u.DesignTests     . 
669332     INFO  Test worker     d.u.i.k.u.DesignTests     . 
669332     INFO  Test worker     d.u.i.k.u.DesignTests     . 
669334     INFO  Test worker     d.u.i.k.u.DesignTests     . 
669334     INFO  Test worker     d.u.i.k.u.DesignTests     . 
669334     INFO  Test worker     d.u.i.k.u.DesignTests     . 
669336     INFO  Test worker     d.u.i.k.u.DesignTests     . 
669336     INFO  Test worker     d.u.i.k.u.DesignTests     . 
669336     INFO  Test worker     d.u.i.k.u.DesignTests     . 
669345     INFO  Test worker     d.u.i.k.u.DesignTests     . 
669345     INFO  Test worker     d.u.i.k.u.DesignTests     . 
669345     INFO  Test worker     d.u.i.k.u.DesignTests     . 
669345     INFO  Test worker     d.u.i.k.u.DesignTests     . 
669346     INFO  Test worker     d.u.i.k.u.DesignTests     . 
669346     INFO  Test worker     d.u.i.k.u.DesignTests     . 
669346     INFO  Test worker     d.u.i.k.u.DesignTests     . 
669347     INFO  Test worker     d.u.i.k.u.DesignTests     . 
669347     INFO  Test worker     d.u.i.k.u.DesignTests     . 
669348     INFO  Test worker     d.u.i.k.u.DesignTests     . 
669348     INFO  Test worker     d.u.i.k.u.DesignTests     . 
669348     INFO  Test worker     d.u.i.k.u.DesignTests     . 
669348     INFO  Test worker     d.u.i.k.u.DesignTests     . 
669349     INFO  Test worker     d.u.i.k.u.DesignTests     . 
669349     INFO  Test worker     d.u.i.k.u.DesignTests     . 
669349     INFO  Test worker     d.u.i.k.u.DesignTests     . 
669350     INFO  Test worker     d.u.i.k.u.DesignTests     . 
669350     INFO  Test worker     d.u.i.k.u.DesignTests     . 
669350     INFO  Test worker     d.u.i.k.u.DesignTests     . 
669350     INFO  Test worker     d.u.i.k.u.DesignTests     . 
669350     INFO  Test worker     d.u.i.k.u.DesignTests     . 
669350     INFO  Test worker     d.u.i.k.u.DesignTests     . 
669351     INFO  Test worker     d.u.i.k.u.DesignTests     . 
669351     INFO  Test worker     d.u.i.k.u.DesignTests     . 
669351     INFO  Test worker     d.u.i.k.u.DesignTests     . 
669351     INFO  Test worker     d.u.i.k.u.DesignTests     . 
669351     INFO  Test worker     d.u.i.k.u.DesignTests     . 
669352     INFO  Test worker     d.u.i.k.u.DesignTests     . 
669352     INFO  Test worker     d.u.i.k.u.DesignTests     . 
669352     INFO  Test worker     d.u.i.k.u.DesignTests     . 
669352     INFO  Test worker     d.u.i.k.u.DesignTests     . 
669352     INFO  Test worker     d.u.i.k.u.DesignTests     . 
669352     INFO  Test worker     d.u.i.k.u.DesignTests     . 
669352     INFO  Test worker     d.u.i.k.u.DesignTests     . 
669353     INFO  Test worker     d.u.i.k.u.DesignTests     . 
669353     INFO  Test worker     d.u.i.k.u.DesignTests     . 
669353     INFO  Test worker     d.u.i.k.u.DesignTests     . 
669353     INFO  Test worker     d.u.i.k.u.DesignTests     . 
669360     INFO  Test worker     d.u.i.k.u.DesignTests     . 
669361     INFO  Test worker     d.u.i.k.u.DesignTests     . 
669361     INFO  Test worker     d.u.i.k.u.DesignTests     . 
669361     INFO  Test worker     d.u.i.k.u.DesignTests     . 
669362     INFO  Test worker     d.u.i.k.u.DesignTests     . 
669362     INFO  Test worker     d.u.i.k.u.DesignTests     . 
669362     INFO  Test worker     d.u.i.k.u.DesignTests     . 
669363     INFO  Test worker     d.u.i.k.u.DesignTests     . 
669363     INFO  Test worker     d.u.i.k.u.DesignTests     . 
669364     INFO  Test worker     d.u.i.k.u.DesignTests     . 
669365     INFO  Test worker     d.u.i.k.u.DesignTests     . 
669365     INFO  Test worker     d.u.i.k.u.DesignTests     . 
669365     INFO  Test worker     d.u.i.k.u.DesignTests     . 
669365     INFO  Test worker     d.u.i.k.u.DesignTests     . 
669365     INFO  Test worker     d.u.i.k.u.DesignTests     . 
669366     INFO  Test worker     d.u.i.k.u.DesignTests     . 
669366     INFO  Test worker     d.u.i.k.u.DesignTests     . 
669366     INFO  Test worker     d.u.i.k.u.DesignTests     . 
669366     INFO  Test worker     d.u.i.k.u.DesignTests     . 
669367     INFO  Test worker     d.u.i.k.u.DesignTests     . 
669367     INFO  Test worker     d.u.i.k.u.DesignTests     . 
669367     INFO  Test worker     d.u.i.k.u.DesignTests     . 
669367     INFO  Test worker     d.u.i.k.u.DesignTests     . 
669367     INFO  Test worker     d.u.i.k.u.DesignTests     . 
669367     INFO  Test worker     d.u.i.k.u.DesignTests     . 
669368     INFO  Test worker     d.u.i.k.u.DesignTests     . 
669368     INFO  Test worker     d.u.i.k.u.DesignTests     . 
669368     INFO  Test worker     d.u.i.k.u.DesignTests     . 
669368     INFO  Test worker     d.u.i.k.u.DesignTests     . 
669368     INFO  Test worker     d.u.i.k.u.DesignTests     . 
669369     INFO  Test worker     d.u.i.k.u.DesignTests     . 
669376     INFO  Test worker     d.u.i.k.u.DesignTests     . 
669377     INFO  Test worker     d.u.i.k.u.DesignTests     . 
669377     INFO  Test worker     d.u.i.k.u.DesignTests     . 
669377     INFO  Test worker     d.u.i.k.u.DesignTests     . 
669377     INFO  Test worker     d.u.i.k.u.DesignTests     . 
669378     INFO  Test worker     d.u.i.k.u.DesignTests     . 
669378     INFO  Test worker     d.u.i.k.u.DesignTests     . 
669378     INFO  Test worker     d.u.i.k.u.DesignTests     . 
669378     INFO  Test worker     d.u.i.k.u.DesignTests     . 
669379     INFO  Test worker     d.u.i.k.u.DesignTests     . 
669379     INFO  Test worker     d.u.i.k.u.DesignTests     . 
669380     INFO  Test worker     d.u.i.k.u.DesignTests     . 
669380     INFO  Test worker     d.u.i.k.u.DesignTests     . 
669381     INFO  Test worker     d.u.i.k.u.DesignTests     . 
669382     INFO  Test worker     d.u.i.k.u.DesignTests     . 
669382     INFO  Test worker     d.u.i.k.u.DesignTests     . 
669382     INFO  Test worker     d.u.i.k.u.DesignTests     . 
]]></system-out>
  <system-err><![CDATA[]]></system-err>
</testsuite>
