<?xml version="1.0" encoding="UTF-8"?>
<testsuite name="de.uka.ilkd.key.taclettranslation.TestTacletTranslator" tests="5" skipped="0" failures="0" errors="0" timestamp="2023-04-06T13:21:50" hostname="fv-az554-412" time="0.01">
  <properties/>
  <testcase name="testPropositional1()" classname="de.uka.ilkd.key.taclettranslation.TestTacletTranslator" time="0.003"/>
  <testcase name="testPropositional2()" classname="de.uka.ilkd.key.taclettranslation.TestTacletTranslator" time="0.001"/>
  <testcase name="testNegativePolarity()" classname="de.uka.ilkd.key.taclettranslation.TestTacletTranslator" time="0.002"/>
  <testcase name="testNoPolarity()" classname="de.uka.ilkd.key.taclettranslation.TestTacletTranslator" time="0.001"/>
  <testcase name="testPositivePolarity()" classname="de.uka.ilkd.key.taclettranslation.TestTacletTranslator" time="0.001"/>
  <system-out><![CDATA[669020     INFO  Test worker     d.u.i.k.n.KeyIO           Parsing took 0 ms 
669021     INFO  Test worker     d.u.i.k.n.KeyIO           MODE: declarations took 0 ms 
669024     INFO  Test worker     d.u.i.k.n.KeyIO           Parsing took 1 ms 
669024     INFO  Test worker     d.u.i.k.n.KeyIO           MODE: declarations took 0 ms 
669025     INFO  Test worker     d.u.i.k.n.KeyIO           Parsing took 0 ms 
669026     INFO  Test worker     d.u.i.k.n.KeyIO           MODE: declarations took 0 ms 
669027     INFO  Test worker     d.u.i.k.n.KeyIO           Parsing took 0 ms 
669027     INFO  Test worker     d.u.i.k.n.KeyIO           MODE: declarations took 0 ms 
669029     INFO  Test worker     d.u.i.k.n.KeyIO           Parsing took 0 ms 
669029     INFO  Test worker     d.u.i.k.n.KeyIO           MODE: declarations took 0 ms 
]]></system-out>
  <system-err><![CDATA[]]></system-err>
</testsuite>
