<?xml version="1.0" encoding="UTF-8"?>
<testsuite name="de.uka.ilkd.key.parser.TestTacletParser" tests="20" skipped="0" failures="0" errors="0" timestamp="2023-04-06T13:14:53" hostname="fv-az554-412" time="0.12">
  <properties/>
  <testcase name="testAllRight()" classname="de.uka.ilkd.key.parser.TestTacletParser" time="0.009"/>
  <testcase name="testSchemaJava0()" classname="de.uka.ilkd.key.parser.TestTacletParser" time="0.003"/>
  <testcase name="testSchemaJava1()" classname="de.uka.ilkd.key.parser.TestTacletParser" time="0.008"/>
  <testcase name="testSchemaJava2()" classname="de.uka.ilkd.key.parser.TestTacletParser" time="0.018"/>
  <testcase name="testSchemaJava4()" classname="de.uka.ilkd.key.parser.TestTacletParser" time="0.004"/>
  <testcase name="testSchemaJava6()" classname="de.uka.ilkd.key.parser.TestTacletParser" time="0.004"/>
  <testcase name="testSchemaJava8()" classname="de.uka.ilkd.key.parser.TestTacletParser" time="0.002"/>
  <testcase name="testCut()" classname="de.uka.ilkd.key.parser.TestTacletParser" time="0.001"/>
  <testcase name="testMakeInsertEq()" classname="de.uka.ilkd.key.parser.TestTacletParser" time="0.001"/>
  <testcase name="testAllLeft()" classname="de.uka.ilkd.key.parser.TestTacletParser" time="0.002"/>
  <testcase name="testClose()" classname="de.uka.ilkd.key.parser.TestTacletParser" time="0.001"/>
  <testcase name="testSchemaJava10()" classname="de.uka.ilkd.key.parser.TestTacletParser" time="0.007"/>
  <testcase name="testSchemaJava11()" classname="de.uka.ilkd.key.parser.TestTacletParser" time="0.009"/>
  <testcase name="testFIdempotent()" classname="de.uka.ilkd.key.parser.TestTacletParser" time="0.002"/>
  <testcase name="testImpRight()" classname="de.uka.ilkd.key.parser.TestTacletParser" time="0.003"/>
  <testcase name="testVarcondNew()" classname="de.uka.ilkd.key.parser.TestTacletParser" time="0.005"/>
  <testcase name="testFreeReplacewithVariables()" classname="de.uka.ilkd.key.parser.TestTacletParser" time="0.015"/>
  <testcase name="testImpLeft()" classname="de.uka.ilkd.key.parser.TestTacletParser" time="0.002"/>
  <testcase name="testContraposition()" classname="de.uka.ilkd.key.parser.TestTacletParser" time="0.001"/>
  <testcase name="testExConjSplit()" classname="de.uka.ilkd.key.parser.TestTacletParser" time="0.007"/>
  <system-out><![CDATA[252050     INFO  Test worker     d.u.i.k.n.KeyIO           Parsing took 0 ms 
252056     INFO  Test worker     d.u.i.k.n.KeyIO           MODE: declarations took 0 ms 
252057     INFO  Test worker     d.u.i.k.n.KeyIO           Parsing took 0 ms 
252058     INFO  Test worker     d.u.i.k.n.KeyIO           MODE: declarations took 0 ms 
252059     INFO  Test worker     d.u.i.k.n.KeyIO           Parsing took 0 ms 
252059     INFO  Test worker     d.u.i.k.n.KeyIO           MODE: declarations took 0 ms 
252060     INFO  Test worker     d.u.i.k.n.KeyIO           Parsing took 0 ms 
252060     INFO  Test worker     d.u.i.k.n.KeyIO           MODE: declarations took 0 ms 
252062     INFO  Test worker     d.u.i.k.n.KeyIO           Parsing took 0 ms 
252063     INFO  Test worker     d.u.i.k.n.KeyIO           MODE: declarations took 0 ms 
252064     WARN  Test worker     d.u.i.k.n.KeYParser       [syntax-error] <unknown>:2:21: extraneous input '<' expecting {MODALITY, FORALL, EXISTS, '\if', '\ifEx', 'true', 'false', '(', ')', '{', '@', NOT, '-', STRING_LITERAL, CHAR_LITERAL, BIN_LITERAL, HEX_LITERAL, IDENT, INT_LITERAL, FLOAT_LITERAL, DOUBLE_LITERAL, REAL_LITERAL} [@12,22:22='<',<173>,2:21] (argument_list, call, accessterm, primitive_term, primitive_labeled_term, bracket_term, atom_prefix, strong_arith_term_2, strong_arith_term_1, weak_arith_term, comparison_term, equality_term, term60, conjunction_term, disjunction_term, implication_term, equivalence_term, elementary_update_term, parallel_term, term, taclet, rulesOrAxioms, decls, file) 
252067     WARN  Test worker     d.u.i.k.n.KeYParser       [syntax-error] <unknown>:2:23: no viable alternative at input '{..' [@14,24:25='..',<144>,2:23] (atom_prefix, strong_arith_term_2, strong_arith_term_1, weak_arith_term, comparison_term, equality_term, term60, conjunction_term, disjunction_term, implication_term, equivalence_term, elementary_update_term, parallel_term, term, argument_list, call, accessterm, primitive_term, primitive_labeled_term, bracket_term, atom_prefix, strong_arith_term_2, strong_arith_term_1, weak_arith_term, comparison_term, equality_term, term60, conjunction_term, disjunction_term, implication_term, equivalence_term, elementary_update_term, parallel_term, term, taclet, rulesOrAxioms, decls, file) 
252068     WARN  Test worker     d.u.i.k.n.KeYParser       [syntax-error] <unknown>:2:33: mismatched input ';' expecting {',', ')'} [@21,34:34=';',<138>,2:33] (argument_list, call, accessterm, primitive_term, primitive_labeled_term, bracket_term, atom_prefix, strong_arith_term_2, strong_arith_term_1, weak_arith_term, comparison_term, equality_term, term60, conjunction_term, disjunction_term, implication_term, equivalence_term, elementary_update_term, parallel_term, term, taclet, rulesOrAxioms, decls, file) 
252068     WARN  Test worker     d.u.i.k.n.KeYParser       [syntax-error] <unknown>:2:41: no viable alternative at input '#i;' [@26,42:42=';',<138>,2:41] (option_list, taclet, rulesOrAxioms, decls, file) 
252069     WARN  Test worker     d.u.i.k.n.KeYParser       [syntax-error] <unknown>:2:43: mismatched input '<' expecting {'(', '{'} [@28,44:44='<',<173>,2:43] (taclet, rulesOrAxioms, decls, file) 
252069     WARN  Test worker     d.u.i.k.n.KeYParser       [syntax-error] <unknown>:2:47: mismatched input '+' expecting {'(', '{'} [@32,48:48='+',<167>,2:47] (taclet, rulesOrAxioms, decls, file) 
252069     WARN  Test worker     d.u.i.k.n.KeYParser       [syntax-error] <unknown>:2:52: extraneous input '..' expecting {'\lemma', '}', IDENT, '/*!'} [@37,53:54='..',<144>,2:52] (rulesOrAxioms, decls, file) 
252070     WARN  Test worker     d.u.i.k.n.KeYParser       [syntax-error] <unknown>:2:56: mismatched input '>' expecting {<EOF>, '\problem', '\chooseContract', '\proofObligation', '\proof'} [@40,57:57='>',<168>,2:56] (file) 
252071     INFO  Test worker     d.u.i.k.n.KeyIO           Parsing took 0 ms 
252084     INFO  Test worker     d.u.i.k.n.KeyIO           MODE: declarations took 0 ms 
252085     WARN  Test worker     d.u.i.k.n.KeYParser       [syntax-error] <unknown>:2:21: extraneous input '<' expecting {MODALITY, FORALL, EXISTS, '\if', '\ifEx', 'true', 'false', '(', ')', '{', '@', NOT, '-', STRING_LITERAL, CHAR_LITERAL, BIN_LITERAL, HEX_LITERAL, IDENT, INT_LITERAL, FLOAT_LITERAL, DOUBLE_LITERAL, REAL_LITERAL} [@12,22:22='<',<173>,2:21] (argument_list, call, accessterm, primitive_term, primitive_labeled_term, bracket_term, atom_prefix, strong_arith_term_2, strong_arith_term_1, weak_arith_term, comparison_term, equality_term, term60, conjunction_term, disjunction_term, implication_term, equivalence_term, elementary_update_term, parallel_term, term, taclet, rulesOrAxioms, decls, file) 
252086     WARN  Test worker     d.u.i.k.n.KeYParser       [syntax-error] <unknown>:2:23: no viable alternative at input '{..' [@14,24:25='..',<144>,2:23] (atom_prefix, strong_arith_term_2, strong_arith_term_1, weak_arith_term, comparison_term, equality_term, term60, conjunction_term, disjunction_term, implication_term, equivalence_term, elementary_update_term, parallel_term, term, argument_list, call, accessterm, primitive_term, primitive_labeled_term, bracket_term, atom_prefix, strong_arith_term_2, strong_arith_term_1, weak_arith_term, comparison_term, equality_term, term60, conjunction_term, disjunction_term, implication_term, equivalence_term, elementary_update_term, parallel_term, term, taclet, rulesOrAxioms, decls, file) 
252087     WARN  Test worker     d.u.i.k.n.KeYParser       [syntax-error] <unknown>:2:33: mismatched input ';' expecting {',', ')'} [@21,34:34=';',<138>,2:33] (argument_list, call, accessterm, primitive_term, primitive_labeled_term, bracket_term, atom_prefix, strong_arith_term_2, strong_arith_term_1, weak_arith_term, comparison_term, equality_term, term60, conjunction_term, disjunction_term, implication_term, equivalence_term, elementary_update_term, parallel_term, term, taclet, rulesOrAxioms, decls, file) 
252087     WARN  Test worker     d.u.i.k.n.KeYParser       [syntax-error] <unknown>:2:43: no viable alternative at input '#lab;' [@26,44:44=';',<138>,2:43] (option_list, taclet, rulesOrAxioms, decls, file) 
252087     WARN  Test worker     d.u.i.k.n.KeYParser       [syntax-error] <unknown>:2:45: mismatched input '<' expecting {'(', '{'} [@28,46:46='<',<173>,2:45] (taclet, rulesOrAxioms, decls, file) 
252088     WARN  Test worker     d.u.i.k.n.KeYParser       [syntax-error] <unknown>:2:50: mismatched input '+' expecting {'(', '{'} [@32,51:51='+',<167>,2:50] (taclet, rulesOrAxioms, decls, file) 
252088     WARN  Test worker     d.u.i.k.n.KeYParser       [syntax-error] <unknown>:2:56: extraneous input '..' expecting {'\lemma', '}', IDENT, '/*!'} [@38,57:58='..',<144>,2:56] (rulesOrAxioms, decls, file) 
252088     WARN  Test worker     d.u.i.k.n.KeYParser       [syntax-error] <unknown>:2:60: mismatched input '>' expecting {<EOF>, '\problem', '\chooseContract', '\proofObligation', '\proof'} [@41,61:61='>',<168>,2:60] (file) 
252090     INFO  Test worker     d.u.i.k.n.KeyIO           Parsing took 1 ms 
252090     INFO  Test worker     d.u.i.k.n.KeyIO           MODE: declarations took 0 ms 
252091     INFO  Test worker     d.u.i.k.n.KeyIO           Parsing took 0 ms 
252091     INFO  Test worker     d.u.i.k.n.KeyIO           MODE: declarations took 0 ms 
252094     INFO  Test worker     d.u.i.k.n.KeyIO           Parsing took 0 ms 
252095     INFO  Test worker     d.u.i.k.n.KeyIO           MODE: declarations took 0 ms 
252096     INFO  Test worker     d.u.i.k.n.KeyIO           Parsing took 0 ms 
252096     INFO  Test worker     d.u.i.k.n.KeyIO           MODE: declarations took 0 ms 
252105     INFO  Test worker     d.u.i.k.n.KeyIO           Parsing took 0 ms 
252106     INFO  Test worker     d.u.i.k.n.KeyIO           MODE: declarations took 1 ms 
252106     INFO  Test worker     d.u.i.k.n.KeyIO           Parsing took 0 ms 
252106     INFO  Test worker     d.u.i.k.n.KeyIO           MODE: declarations took 0 ms 
252107     INFO  Test worker     d.u.i.k.n.KeyIO           Parsing took 0 ms 
252107     INFO  Test worker     d.u.i.k.n.KeyIO           MODE: declarations took 0 ms 
252108     INFO  Test worker     d.u.i.k.n.KeyIO           Parsing took 0 ms 
252108     INFO  Test worker     d.u.i.k.n.KeyIO           MODE: declarations took 0 ms 
252108     INFO  Test worker     d.u.i.k.n.KeyIO           Parsing took 0 ms 
252108     INFO  Test worker     d.u.i.k.n.KeyIO           MODE: declarations took 0 ms 
252109     INFO  Test worker     d.u.i.k.n.KeyIO           Parsing took 0 ms 
252109     INFO  Test worker     d.u.i.k.n.KeyIO           MODE: declarations took 0 ms 
252110     INFO  Test worker     d.u.i.k.n.KeyIO           Parsing took 0 ms 
252110     INFO  Test worker     d.u.i.k.n.KeyIO           MODE: declarations took 0 ms 
252110     INFO  Test worker     d.u.i.k.n.KeyIO           Parsing took 0 ms 
252110     INFO  Test worker     d.u.i.k.n.KeyIO           MODE: declarations took 0 ms 
252111     INFO  Test worker     d.u.i.k.n.KeyIO           Parsing took 0 ms 
252111     INFO  Test worker     d.u.i.k.n.KeyIO           MODE: declarations took 0 ms 
252112     INFO  Test worker     d.u.i.k.n.KeyIO           Parsing took 0 ms 
252112     INFO  Test worker     d.u.i.k.n.KeyIO           MODE: declarations took 0 ms 
252112     INFO  Test worker     d.u.i.k.n.KeyIO           Parsing took 0 ms 
252112     INFO  Test worker     d.u.i.k.n.KeyIO           MODE: declarations took 0 ms 
252118     INFO  Test worker     d.u.i.k.n.KeyIO           Parsing took 0 ms 
252118     INFO  Test worker     d.u.i.k.n.KeyIO           MODE: declarations took 0 ms 
252119     INFO  Test worker     d.u.i.k.n.KeyIO           Parsing took 0 ms 
252121     INFO  Test worker     d.u.i.k.n.KeyIO           MODE: declarations took 0 ms 
252122     INFO  Test worker     d.u.i.k.n.KeyIO           Parsing took 0 ms 
252126     INFO  Test worker     d.u.i.k.n.KeyIO           MODE: declarations took 0 ms 
252134     INFO  Test worker     d.u.i.k.n.KeyIO           Parsing took 0 ms 
252135     INFO  Test worker     d.u.i.k.n.KeyIO           MODE: declarations took 0 ms 
252135     INFO  Test worker     d.u.i.k.n.KeyIO           Parsing took 0 ms 
252136     INFO  Test worker     d.u.i.k.n.KeyIO           MODE: declarations took 0 ms 
252137     INFO  Test worker     d.u.i.k.n.KeyIO           Parsing took 0 ms 
252137     INFO  Test worker     d.u.i.k.n.KeyIO           MODE: declarations took 0 ms 
252138     INFO  Test worker     d.u.i.k.n.KeyIO           Parsing took 0 ms 
252138     INFO  Test worker     d.u.i.k.n.KeyIO           MODE: declarations took 0 ms 
252140     INFO  Test worker     d.u.i.k.n.KeyIO           Parsing took 0 ms 
252141     INFO  Test worker     d.u.i.k.n.KeyIO           MODE: declarations took 0 ms 
252142     INFO  Test worker     d.u.i.k.n.KeyIO           Parsing took 1 ms 
252142     INFO  Test worker     d.u.i.k.n.KeyIO           MODE: declarations took 0 ms 
252143     INFO  Test worker     d.u.i.k.n.KeyIO           Parsing took 1 ms 
252144     INFO  Test worker     d.u.i.k.n.KeyIO           MODE: declarations took 0 ms 
252145     INFO  Test worker     d.u.i.k.n.KeyIO           Parsing took 0 ms 
252146     INFO  Test worker     d.u.i.k.n.KeyIO           MODE: declarations took 0 ms 
252152     INFO  Test worker     d.u.i.k.n.KeyIO           Parsing took 6 ms 
252152     INFO  Test worker     d.u.i.k.n.KeyIO           MODE: declarations took 0 ms 
252160     INFO  Test worker     d.u.i.k.n.KeyIO           Parsing took 0 ms 
252160     INFO  Test worker     d.u.i.k.n.KeyIO           MODE: declarations took 0 ms 
252161     INFO  Test worker     d.u.i.k.n.KeyIO           Parsing took 0 ms 
252161     INFO  Test worker     d.u.i.k.n.KeyIO           MODE: declarations took 0 ms 
252161     INFO  Test worker     d.u.i.k.n.KeyIO           Parsing took 0 ms 
252161     INFO  Test worker     d.u.i.k.n.KeyIO           MODE: declarations took 0 ms 
252162     INFO  Test worker     d.u.i.k.n.KeyIO           Parsing took 0 ms 
252162     INFO  Test worker     d.u.i.k.n.KeyIO           MODE: declarations took 0 ms 
252162     INFO  Test worker     d.u.i.k.n.KeyIO           Parsing took 0 ms 
252167     INFO  Test worker     d.u.i.k.n.KeyIO           MODE: declarations took 0 ms 
252168     INFO  Test worker     d.u.i.k.n.KeyIO           Parsing took 0 ms 
252168     INFO  Test worker     d.u.i.k.n.KeyIO           MODE: declarations took 0 ms 
]]></system-out>
  <system-err><![CDATA[]]></system-err>
</testsuite>
