<?xml version="1.0" encoding="UTF-8"?>
<testsuite name="de.uka.ilkd.key.parser.TestTermParserSorts" tests="2" skipped="0" failures="0" errors="0" timestamp="2023-04-06T13:16:34" hostname="fv-az554-412" time="2.466">
  <properties/>
  <testcase name="testParseIntegerArgs()" classname="de.uka.ilkd.key.parser.TestTermParserSorts" time="0.01"/>
  <testcase name="testParseSequencePrettySyntax()" classname="de.uka.ilkd.key.parser.TestTermParserSorts" time="0.001"/>
  <system-out><![CDATA[353633     INFO  Test worker     d.u.i.k.n.KeyIO           Parsing took 0 ms 
353634     INFO  Test worker     d.u.i.k.n.KeyIO           MODE: declarations took 0 ms 
353634     INFO  Test worker     d.u.i.k.n.KeyIO           Parsing took 0 ms 
353634     INFO  Test worker     d.u.i.k.n.KeyIO           MODE: declarations took 0 ms 
353634     INFO  Test worker     d.u.i.k.n.KeyIO           Parsing took 0 ms 
353634     INFO  Test worker     d.u.i.k.n.KeyIO           MODE: declarations took 0 ms 
356098     INFO  Test worker     d.u.i.k.n.KeyIO           Parsing took 0 ms 
356098     INFO  Test worker     d.u.i.k.n.KeyIO           MODE: declarations took 0 ms 
356098     INFO  Test worker     d.u.i.k.n.KeyIO           Parsing took 0 ms 
356098     INFO  Test worker     d.u.i.k.n.KeyIO           MODE: declarations took 0 ms 
356098     INFO  Test worker     d.u.i.k.n.KeyIO           Parsing took 0 ms 
356098     INFO  Test worker     d.u.i.k.n.KeyIO           MODE: declarations took 0 ms 
]]></system-out>
  <system-err><![CDATA[]]></system-err>
</testsuite>
