<?xml version="1.0" encoding="UTF-8"?>
<testsuite name="de.uka.ilkd.key.parser.TestDeclParser" tests="14" skipped="2" failures="0" errors="0" timestamp="2023-04-06T13:13:37" hostname="fv-az554-412" time="9.324">
  <properties/>
  <testcase name="testGenericSortDecl1()" classname="de.uka.ilkd.key.parser.TestDeclParser" time="0.807"/>
  <testcase name="testGenericSortDecl2()" classname="de.uka.ilkd.key.parser.TestDeclParser" time="0.735"/>
  <testcase name="testGenericSortDecl3()" classname="de.uka.ilkd.key.parser.TestDeclParser" time="0.788"/>
  <testcase name="testGenericSortDecl4()" classname="de.uka.ilkd.key.parser.TestDeclParser" time="0.784"/>
  <testcase name="testGenericSortDecl5()" classname="de.uka.ilkd.key.parser.TestDeclParser" time="0.0">
    <skipped/>
  </testcase>
  <testcase name="testGenericSortDecl6()" classname="de.uka.ilkd.key.parser.TestDeclParser" time="0.783"/>
  <testcase name="testSortDecl()" classname="de.uka.ilkd.key.parser.TestDeclParser" time="0.73"/>
  <testcase name="testProxySortDecl()" classname="de.uka.ilkd.key.parser.TestDeclParser" time="0.813"/>
  <testcase name="testArrayDecl()" classname="de.uka.ilkd.key.parser.TestDeclParser" time="0.813"/>
  <testcase name="testAmbiguousDecls()" classname="de.uka.ilkd.key.parser.TestDeclParser" time="0.0">
    <skipped/>
  </testcase>
  <testcase name="testHeurDecl()" classname="de.uka.ilkd.key.parser.TestDeclParser" time="0.782"/>
  <testcase name="testFunctionDecl()" classname="de.uka.ilkd.key.parser.TestDeclParser" time="0.73"/>
  <testcase name="testPredicateDecl()" classname="de.uka.ilkd.key.parser.TestDeclParser" time="0.778"/>
  <testcase name="testSVDecl()" classname="de.uka.ilkd.key.parser.TestDeclParser" time="0.777"/>
  <system-out><![CDATA[177220     INFO  Test worker     d.u.i.k.n.KeyIO           Parsing took 0 ms 
177221     INFO  Test worker     d.u.i.k.n.KeyIO           MODE: declarations took 0 ms 
177957     INFO  Test worker     d.u.i.k.n.KeyIO           Parsing took 0 ms 
177957     INFO  Test worker     d.u.i.k.n.KeyIO           MODE: declarations took 0 ms 
178745     INFO  Test worker     d.u.i.k.n.KeyIO           Parsing took 0 ms 
178746     INFO  Test worker     d.u.i.k.n.KeyIO           MODE: declarations took 0 ms 
179529     INFO  Test worker     d.u.i.k.n.KeyIO           Parsing took 0 ms 
179529     INFO  Test worker     d.u.i.k.n.KeyIO           MODE: declarations took 0 ms 
180313     INFO  Test worker     d.u.i.k.n.KeyIO           Parsing took 0 ms 
180313     INFO  Test worker     d.u.i.k.n.KeyIO           MODE: declarations took 0 ms 
181042     INFO  Test worker     d.u.i.k.n.KeyIO           Parsing took 0 ms 
181043     INFO  Test worker     d.u.i.k.n.KeyIO           MODE: declarations took 0 ms 
181852     INFO  Test worker     d.u.i.k.n.KeyIO           Parsing took 0 ms 
181852     INFO  Test worker     d.u.i.k.n.KeyIO           MODE: declarations took 0 ms 
182669     INFO  Test worker     d.u.i.k.n.KeyIO           Parsing took 0 ms 
182669     INFO  Test worker     d.u.i.k.n.KeyIO           MODE: declarations took 0 ms 
183452     INFO  Test worker     d.u.i.k.n.KeyIO           Parsing took 0 ms 
183453     INFO  Test worker     d.u.i.k.n.KeyIO           MODE: declarations took 0 ms 
184182     INFO  Test worker     d.u.i.k.n.KeyIO           Parsing took 0 ms 
184182     INFO  Test worker     d.u.i.k.n.KeyIO           MODE: declarations took 0 ms 
184960     INFO  Test worker     d.u.i.k.n.KeyIO           Parsing took 0 ms 
184960     INFO  Test worker     d.u.i.k.n.KeyIO           MODE: declarations took 0 ms 
185737     INFO  Test worker     d.u.i.k.n.KeyIO           Parsing took 1 ms 
185737     INFO  Test worker     d.u.i.k.n.KeyIO           MODE: declarations took 0 ms 
]]></system-out>
  <system-err><![CDATA[]]></system-err>
</testsuite>
