<?xml version="1.0" encoding="UTF-8"?>
<testsuite name="de.uka.ilkd.key.proof_references.testcase.TestProofReferenceUtil" tests="5" skipped="0" failures="0" errors="0" timestamp="2023-04-04T14:00:48" hostname="fv-az1135-934" time="16.283">
  <properties/>
  <testcase name="testReferenceComputation_ContractOnly()" classname="de.uka.ilkd.key.proof_references.testcase.TestProofReferenceUtil" time="5.804"/>
  <testcase name="testReferenceComputation_ExpandAndContract()" classname="de.uka.ilkd.key.proof_references.testcase.TestProofReferenceUtil" time="2.634"/>
  <testcase name="testReferenceComputation_NoAnalysts()" classname="de.uka.ilkd.key.proof_references.testcase.TestProofReferenceUtil" time="2.657"/>
  <testcase name="testReferenceComputation_ExpandOnly()" classname="de.uka.ilkd.key.proof_references.testcase.TestProofReferenceUtil" time="2.619"/>
  <testcase name="testReferenceComputation_DefaultAnalysts()" classname="de.uka.ilkd.key.proof_references.testcase.TestProofReferenceUtil" time="2.56"/>
  <system-out><![CDATA[]]></system-out>
  <system-err><![CDATA[]]></system-err>
</testsuite>
