<?xml version="1.0" encoding="UTF-8"?>
<testsuite name="recoder.testsuite.basic.analysis.AnalysisReportTest" tests="1" skipped="1" failures="0" errors="0" timestamp="2023-03-09T11:44:37" hostname="fv-az741-97" time="0.001">
  <properties/>
  <testcase name="testAnalysisReport" classname="recoder.testsuite.basic.analysis.AnalysisReportTest" time="0.001">
    <skipped/>
  </testcase>
  <system-out><![CDATA[]]></system-out>
  <system-err><![CDATA[]]></system-err>
</testsuite>
