<?xml version="1.0" encoding="UTF-8"?>
<testsuite name="recoder.testsuite.basic.analysis.ModelRebuildTest" tests="2" skipped="2" failures="0" errors="0" timestamp="2023-03-22T22:16:29" hostname="fv-az842-456" time="0.008">
  <properties/>
  <testcase name="runTest" classname="recoder.testsuite.basic.analysis.ModelRebuildTest" time="0.001">
    <skipped/>
  </testcase>
  <testcase name="testAnalysisReport" classname="recoder.testsuite.basic.analysis.ModelRebuildTest" time="0.007">
    <skipped/>
  </testcase>
  <system-out><![CDATA[]]></system-out>
  <system-err><![CDATA[]]></system-err>
</testsuite>
