<?xml version="1.0" encoding="UTF-8"?>
<testsuite name="recoder.testsuite.basic.syntax.WalkPositionTest" tests="1" skipped="0" failures="0" errors="0" timestamp="2023-03-22T22:16:29" hostname="fv-az842-456" time="0.008">
  <properties/>
  <testcase name="testWalkPosition" classname="recoder.testsuite.basic.syntax.WalkPositionTest" time="0.008"/>
  <system-out><![CDATA[]]></system-out>
  <system-err><![CDATA[]]></system-err>
</testsuite>
