<?xml version="1.0" encoding="UTF-8"?>
<testsuite name="recoder.testsuite.basic.analysis.AnalysisReportTest" tests="1" skipped="1" failures="0" errors="0" timestamp="2023-02-10T10:59:45" hostname="fv-az577-780" time="0.003">
  <properties/>
  <testcase name="testAnalysisReport" classname="recoder.testsuite.basic.analysis.AnalysisReportTest" time="0.003">
    <skipped/>
  </testcase>
  <system-out><![CDATA[]]></system-out>
  <system-err><![CDATA[]]></system-err>
</testsuite>
