<?xml version="1.0" encoding="UTF-8"?>
<testsuite name="de.uka.ilkd.key.testcase.smt.testgen.TestTestgen" tests="1" skipped="0" failures="0" errors="0" timestamp="2023-05-15T08:56:04" hostname="fv-az319-950" time="5.415">
  <properties/>
  <testcase name="testMiddle()" classname="de.uka.ilkd.key.testcase.smt.testgen.TestTestgen" time="5.415"/>
  <system-out><![CDATA[17010      WARN  Test worker     d.u.i.k.t.s.t.TestTestgen Warning: Z3_CE is not installed, tests skipped. 
17010      WARN  Test worker     d.u.i.k.t.s.t.TestTestgen Maybe use JVM system property "z3SolverPath" to define the path to the Z3 command. 
17010      INFO  Test worker     d.u.i.k.p.i.AbstractProblemLoader Loading environment from src\test\resources\testcase\smt\tg\middle.key 
17010      DEBUG Test worker     d.u.i.k.p.i.AbstractProblemLoader Environment load took 864.5ns 
17025      INFO  Test worker     d.u.i.k.p.i.AbstractProblemLoader Creating init config 
21403      DEBUG Test worker     d.u.i.k.p.i.AbstractProblemLoader Init config took 4.39s 
21543      INFO  Test worker     d.u.i.k.p.i.AbstractProblemLoader Replaying proof Middle[Middle::middle(int,int,int)].JML normal_behavior operation contract.0 
21543      DEBUG Test worker     d.u.i.k.p.i.IntermediateProofReplayer Proof replay took 17.5ns 
]]></system-out>
  <system-err><![CDATA[]]></system-err>
</testsuite>
