<?xml version="1.0" encoding="UTF-8"?>
<testsuite name="de.uka.ilkd.key.proof.runallproofs.RunAllProofsInfFlow" tests="29" skipped="0" failures="0" errors="0" timestamp="2023-04-07T14:26:51" hostname="fv-az447-682" time="2640.741">
  <properties/>
  <testcase name="ToyVoting" classname="de.uka.ilkd.key.proof.runallproofs.RunAllProofsInfFlow" time="24.369"/>
  <testcase name="ConditionalConfidential" classname="de.uka.ilkd.key.proof.runallproofs.RunAllProofsInfFlow" time="14.161"/>
  <testcase name="SumExample" classname="de.uka.ilkd.key.proof.runallproofs.RunAllProofsInfFlow" time="9.757"/>
  <testcase name="ToyBanking" classname="de.uka.ilkd.key.proof.runallproofs.RunAllProofsInfFlow" time="109.876"/>
  <testcase name="BlockContracts" classname="de.uka.ilkd.key.proof.runallproofs.RunAllProofsInfFlow" time="58.999"/>
  <testcase name="MethodContracts" classname="de.uka.ilkd.key.proof.runallproofs.RunAllProofsInfFlow" time="71.932"/>
  <testcase name="LoopInvariants" classname="de.uka.ilkd.key.proof.runallproofs.RunAllProofsInfFlow" time="67.994"/>
  <testcase name="MiniExamples" classname="de.uka.ilkd.key.proof.runallproofs.RunAllProofsInfFlow" time="87.949"/>
  <testcase name="NewObjects" classname="de.uka.ilkd.key.proof.runallproofs.RunAllProofsInfFlow" time="76.888"/>
  <testcase name="SimpleEvoting" classname="de.uka.ilkd.key.proof.runallproofs.RunAllProofsInfFlow" time="157.092"/>
  <testcase name="ToyVoting_nomacro" classname="de.uka.ilkd.key.proof.runallproofs.RunAllProofsInfFlow" time="33.126"/>
  <testcase name="ConditionalConfidential_nomacro" classname="de.uka.ilkd.key.proof.runallproofs.RunAllProofsInfFlow" time="0.001"/>
  <testcase name="SumExample_nomacro" classname="de.uka.ilkd.key.proof.runallproofs.RunAllProofsInfFlow" time="11.702"/>
  <testcase name="ToyBanking_nomacro" classname="de.uka.ilkd.key.proof.runallproofs.RunAllProofsInfFlow" time="76.683"/>
  <testcase name="BlockContracts_nomacro" classname="de.uka.ilkd.key.proof.runallproofs.RunAllProofsInfFlow" time="74.556"/>
  <testcase name="MethodContracts_nomacro" classname="de.uka.ilkd.key.proof.runallproofs.RunAllProofsInfFlow" time="71.441"/>
  <testcase name="LoopInvariants_nomacro" classname="de.uka.ilkd.key.proof.runallproofs.RunAllProofsInfFlow" time="105.327"/>
  <testcase name="MiniExamples_nomacro" classname="de.uka.ilkd.key.proof.runallproofs.RunAllProofsInfFlow" time="97.526"/>
  <testcase name="NewObjects_nomacro" classname="de.uka.ilkd.key.proof.runallproofs.RunAllProofsInfFlow" time="128.453"/>
  <testcase name="SimpleEvoting_nomacro" classname="de.uka.ilkd.key.proof.runallproofs.RunAllProofsInfFlow" time="126.761"/>
  <testcase name="ToyVoting_fullmacro" classname="de.uka.ilkd.key.proof.runallproofs.RunAllProofsInfFlow" time="54.5"/>
  <testcase name="SumExample_fullmacro" classname="de.uka.ilkd.key.proof.runallproofs.RunAllProofsInfFlow" time="10.528"/>
  <testcase name="ToyBanking_fullmacro" classname="de.uka.ilkd.key.proof.runallproofs.RunAllProofsInfFlow" time="247.896"/>
  <testcase name="BlockContracts_fullmacro" classname="de.uka.ilkd.key.proof.runallproofs.RunAllProofsInfFlow" time="78.563"/>
  <testcase name="MethodContracts_fullmacro" classname="de.uka.ilkd.key.proof.runallproofs.RunAllProofsInfFlow" time="70.827"/>
  <testcase name="InformationFlow_fullmacro" classname="de.uka.ilkd.key.proof.runallproofs.RunAllProofsInfFlow" time="312.617"/>
  <testcase name="MiniExamples_fullmacro" classname="de.uka.ilkd.key.proof.runallproofs.RunAllProofsInfFlow" time="94.932"/>
  <testcase name="NewObjects_fullmacro" classname="de.uka.ilkd.key.proof.runallproofs.RunAllProofsInfFlow" time="184.881"/>
  <testcase name="SimpleEvoting_fullmacro" classname="de.uka.ilkd.key.proof.runallproofs.RunAllProofsInfFlow" time="181.386"/>
  <system-out><![CDATA[396        INFO  Test worker     d.u.i.k.p.r.RunAllProofsTestUnit Running test ToyVoting 
382        INFO  Timeout watchdog d.u.i.k.p.r.p.ForkedTestFileRunner Timeout watcher launched (1000 secs.) 
392        WARN  main            d.u.i.k.s.ProofSettings   No proof-settings could be loaded, using defaults java.io.FileNotFoundException: /home/runner/.key/proof-settings.props (No such file or directory)
	at java.base/java.io.FileInputStream.open0(Native Method)

430        INFO  main            d.u.i.k.p.r.p.TestFile    Now processing file /home/runner/work/key/key/key.core/../key.ui/examples/InformationFlow/ToyVoting/Voter(Voter__insecure_voting()).JML normal_behavior operation contract.0.key 
9236       INFO  main            d.u.i.k.p.r.p.TestFile    ... finished proof: closed. 
9351       INFO  main            d.u.i.k.p.r.p.TestFile    Now processing file /home/runner/work/key/key/key.core/../key.ui/examples/InformationFlow/ToyVoting/Voter(Voter__publishVoterParticipation()).JML normal_behavior operation contract.0.key 
12170      INFO  main            d.u.i.k.p.r.p.TestFile    ... finished proof: closed. 
12280      INFO  main            d.u.i.k.p.r.p.TestFile    Now processing file /home/runner/work/key/key/key.core/../key.ui/examples/InformationFlow/ToyVoting/Voter(Voter__isValid(int)).JML normal_behavior operation contract.0.key 
15158      INFO  main            d.u.i.k.p.r.p.TestFile    ... finished proof: closed. 
15268      INFO  main            d.u.i.k.p.r.p.TestFile    Now processing file /home/runner/work/key/key/key.core/../key.ui/examples/InformationFlow/ToyVoting/Voter(Voter__sendVote(int)).JML normal_behavior operation contract.0.key 
17904      INFO  main            d.u.i.k.p.r.p.TestFile    ... finished proof: closed. 
18016      INFO  main            d.u.i.k.p.r.p.TestFile    Now processing file /home/runner/work/key/key/key.core/../key.ui/examples/InformationFlow/ToyVoting/Voter(Voter__inputVote()).JML normal_behavior operation contract.0.key 
20616      INFO  main            d.u.i.k.p.r.p.TestFile    ... finished proof: closed. 
20729      INFO  main            d.u.i.k.p.r.p.TestFile    Now processing file /home/runner/work/key/key/key.core/../key.ui/examples/InformationFlow/ToyVoting/Voter(Voter__secure_voting()).JML normal_behavior operation contract.0.key 
23982      INFO  main            d.u.i.k.p.r.p.TestFile    ... finished proof: closed. 
24759      INFO  Test worker     d.u.i.k.p.r.RunAllProofsTestUnit Returning from test ToyVoting 
24763      INFO  Test worker     d.u.i.k.p.r.RunAllProofsTestUnit Running test ConditionalConfidential 
340        WARN  main            d.u.i.k.s.ProofSettings   The settings in /home/runner/.key/proof-settings.props are *not* read. 
344        INFO  Timeout watchdog d.u.i.k.p.r.p.ForkedTestFileRunner Timeout watcher launched (1000 secs.) 
365        INFO  main            d.u.i.k.p.r.p.TestFile    Now processing file /home/runner/work/key/key/key.core/../key.ui/examples/InformationFlow/ConditionalConfidential/CCExample(CCExample__hasAccessRight(CCExample.User)).JML normal_behavior operation contract.0.key 
10318      INFO  main            d.u.i.k.p.r.p.TestFile    ... finished proof: closed. 
10476      INFO  main            d.u.i.k.p.r.p.TestFile    Now processing file /home/runner/work/key/key/key.core/../key.ui/examples/InformationFlow/ConditionalConfidential/CCExample(CCExample__getConfidentialData(CCExample.User)).JML normal_behavior operation contract.0.key 
13854      INFO  main            d.u.i.k.p.r.p.TestFile    ... finished proof: closed. 
38923      INFO  Test worker     d.u.i.k.p.r.RunAllProofsTestUnit Returning from test ConditionalConfidential 
38925      INFO  Test worker     d.u.i.k.p.r.RunAllProofsTestUnit Running test SumExample 
334        INFO  Timeout watchdog d.u.i.k.p.r.p.ForkedTestFileRunner Timeout watcher launched (1000 secs.) 
361        WARN  main            d.u.i.k.s.ProofSettings   The settings in /home/runner/.key/proof-settings.props are *not* read. 
401        INFO  main            d.u.i.k.p.r.p.TestFile    Now processing file /home/runner/work/key/key/key.core/../key.ui/examples/InformationFlow/Sum/SumExample(SumExample__getSum()).JML normal_behavior operation contract.0.key 
9439       INFO  main            d.u.i.k.p.r.p.TestFile    ... finished proof: closed. 
48681      INFO  Test worker     d.u.i.k.p.r.RunAllProofsTestUnit Returning from test SumExample 
48682      INFO  Test worker     d.u.i.k.p.r.RunAllProofsTestUnit Running test ToyBanking 
358        INFO  Timeout watchdog d.u.i.k.p.r.p.ForkedTestFileRunner Timeout watcher launched (1000 secs.) 
381        WARN  main            d.u.i.k.s.ProofSettings   The settings in /home/runner/.key/proof-settings.props are *not* read. 
418        INFO  main            d.u.i.k.p.r.p.TestFile    Now processing file /home/runner/work/key/key/key.core/../key.ui/examples/InformationFlow/ToyBanking/banking_example.UserAccount(banking_example.UserAccount__getBankAccount(int)).JML normal_behavior operation contract.0.key 
9713       INFO  main            d.u.i.k.p.r.p.TestFile    ... finished proof: closed. 
9899       INFO  main            d.u.i.k.p.r.p.TestFile    Now processing file /home/runner/work/key/key/key.core/../key.ui/examples/InformationFlow/ToyBanking/banking_example.UserAccount(banking_example.UserAccount__tryLogin(int,(C)).JML normal_behavior operation contract.0.key 
35039      INFO  main            d.u.i.k.p.r.p.TestFile    ... finished proof: closed. 
35243      INFO  main            d.u.i.k.p.r.p.TestFile    Now processing file /home/runner/work/key/key/key.core/../key.ui/examples/InformationFlow/ToyBanking/banking_example.UserAccount(java.lang.Object___inv_()).JML accessible clause.0.key 
43326      INFO  main            d.u.i.k.p.r.p.TestFile    ... finished proof: closed. 
43514      INFO  main            d.u.i.k.p.r.p.TestFile    Now processing file /home/runner/work/key/key/key.core/../key.ui/examples/InformationFlow/ToyBanking/banking_example.BankAccount(banking_example.BankAccount__depositMoney(int)).JML normal_behavior operation contract.0.key 
46550      INFO  main            d.u.i.k.p.r.p.TestFile    ... finished proof: closed. 
46689      INFO  main            d.u.i.k.p.r.p.TestFile    Now processing file /home/runner/work/key/key/key.core/../key.ui/examples/InformationFlow/ToyBanking/banking_example.BankAccount(banking_example.BankAccount__getBalance()).JML normal_behavior operation contract.0.key 
49517      INFO  main            d.u.i.k.p.r.p.TestFile    ... finished proof: closed. 
49656      INFO  main            d.u.i.k.p.r.p.TestFile    Now processing file /home/runner/work/key/key/key.core/../key.ui/examples/InformationFlow/ToyBanking/banking_example.BankAccount(banking_example.BankAccount__getId()).JML normal_behavior operation contract.0.key 
52462      INFO  main            d.u.i.k.p.r.p.TestFile    ... finished proof: closed. 
52588      INFO  main            d.u.i.k.p.r.p.TestFile    Now processing file /home/runner/work/key/key/key.core/../key.ui/examples/InformationFlow/ToyBanking/banking_example.Bank(banking_example.Bank__login(int,(C)).JML normal_behavior operation contract.0.key 
61297      INFO  main            d.u.i.k.p.r.p.TestFile    ... finished proof: closed. 
61473      INFO  main            d.u.i.k.p.r.p.TestFile    Now processing file /home/runner/work/key/key/key.core/../key.ui/examples/InformationFlow/ToyBanking/banking_example2.UserAccount(banking_example2.UserAccount__getBankAccount(int)).JML normal_behavior operation contract.0.key 
64491      INFO  main            d.u.i.k.p.r.p.TestFile    ... finished proof: closed. 
64644      INFO  main            d.u.i.k.p.r.p.TestFile    Now processing file /home/runner/work/key/key/key.core/../key.ui/examples/InformationFlow/ToyBanking/banking_example2.UserAccount(banking_example2.UserAccount__tryLogin(int,(C)).JML normal_behavior operation contract.0.key 
88245      INFO  main            d.u.i.k.p.r.p.TestFile    ... finished proof: closed. 
88471      INFO  main            d.u.i.k.p.r.p.TestFile    Now processing file /home/runner/work/key/key/key.core/../key.ui/examples/InformationFlow/ToyBanking/banking_example2.UserAccount(java.lang.Object___inv_()).JML accessible clause.0.key 
95328      INFO  main            d.u.i.k.p.r.p.TestFile    ... finished proof: open goal(s) 
95506      INFO  main            d.u.i.k.p.r.p.TestFile    Now processing file /home/runner/work/key/key/key.core/../key.ui/examples/InformationFlow/ToyBanking/banking_example2.BankAccount(banking_example2.BankAccount__depositMoney(int)).JML normal_behavior operation contract.0.key 
98399      INFO  main            d.u.i.k.p.r.p.TestFile    ... finished proof: closed. 
98572      INFO  main            d.u.i.k.p.r.p.TestFile    Now processing file /home/runner/work/key/key/key.core/../key.ui/examples/InformationFlow/ToyBanking/banking_example2.BankAccount(banking_example2.BankAccount__getBalance()).JML normal_behavior operation contract.0.key 
101225     INFO  main            d.u.i.k.p.r.p.TestFile    ... finished proof: closed. 
101371     INFO  main            d.u.i.k.p.r.p.TestFile    Now processing file /home/runner/work/key/key/key.core/../key.ui/examples/InformationFlow/ToyBanking/banking_example2.BankAccount(banking_example2.BankAccount__getId()).JML normal_behavior operation contract.0.key 
104030     INFO  main            d.u.i.k.p.r.p.TestFile    ... finished proof: closed. 
104178     INFO  main            d.u.i.k.p.r.p.TestFile    Now processing file /home/runner/work/key/key/key.core/../key.ui/examples/InformationFlow/ToyBanking/banking_example2.Bank(banking_example2.Bank__login(int,(C)).JML normal_behavior operation contract.0.key 
109543     INFO  main            d.u.i.k.p.r.p.TestFile    ... finished proof: closed. 
158556     INFO  Test worker     d.u.i.k.p.r.RunAllProofsTestUnit Returning from test ToyBanking 
158571     INFO  Test worker     d.u.i.k.p.r.RunAllProofsTestUnit Running test BlockContracts 
347        INFO  Timeout watchdog d.u.i.k.p.r.p.ForkedTestFileRunner Timeout watcher launched (1000 secs.) 
364        WARN  main            d.u.i.k.s.ProofSettings   The settings in /home/runner/.key/proof-settings.props are *not* read. 
392        INFO  main            d.u.i.k.p.r.p.TestFile    Now processing file /home/runner/work/key/key/key.core/../key.ui/examples/InformationFlow/BlockContracts/contract.IFBlockExamples(contract.IFBlockExamples__secure_5()).JML operation contract.0.key 
8649       INFO  main            d.u.i.k.p.r.p.TestFile    ... finished proof: closed. 
8753       INFO  main            d.u.i.k.p.r.p.TestFile    Now processing file /home/runner/work/key/key/key.core/../key.ui/examples/InformationFlow/BlockContracts/contract.IFBlockExamples(contract.IFBlockExamples__block_no_return_secure(int)).JML operation contract.0.key 
11954      INFO  main            d.u.i.k.p.r.p.TestFile    ... finished proof: closed. 
12063      INFO  main            d.u.i.k.p.r.p.TestFile    Now processing file /home/runner/work/key/key/key.core/../key.ui/examples/InformationFlow/BlockContracts/contract.IFBlockExamples(contract.IFBlockExamples__while_block_insecure(int)).JML operation contract.0.key 
15273      INFO  main            d.u.i.k.p.r.p.TestFile    ... finished proof: closed. 
15397      INFO  main            d.u.i.k.p.r.p.TestFile    Now processing file /home/runner/work/key/key/key.core/../key.ui/examples/InformationFlow/BlockContracts/contract.IFBlockExamples(contract.IFBlockExamples__while_block_secure(int)).JML operation contract.0.key 
18445      INFO  main            d.u.i.k.p.r.p.TestFile    ... finished proof: closed. 
18613      INFO  main            d.u.i.k.p.r.p.TestFile    Now processing file /home/runner/work/key/key/key.core/../key.ui/examples/InformationFlow/BlockContracts/contract.IFBlockExamples(contract.IFBlockExamples__block_while_secure(int)).JML operation contract.0.key 
21621      INFO  main            d.u.i.k.p.r.p.TestFile    ... finished proof: closed. 
21752      INFO  main            d.u.i.k.p.r.p.TestFile    Now processing file /home/runner/work/key/key/key.core/../key.ui/examples/InformationFlow/BlockContracts/contract.IFBlockExamples(contract.IFBlockExamples__insecure_4(int)).JML operation contract.0.key 
24826      INFO  main            d.u.i.k.p.r.p.TestFile    ... finished proof: closed. 
24987      INFO  main            d.u.i.k.p.r.p.TestFile    Now processing file /home/runner/work/key/key/key.core/../key.ui/examples/InformationFlow/BlockContracts/contract.IFBlockExamples(contract.IFBlockExamples__insecure_3(int)).JML operation contract.0.key 
28097      INFO  main            d.u.i.k.p.r.p.TestFile    ... finished proof: closed. 
28252      INFO  main            d.u.i.k.p.r.p.TestFile    Now processing file /home/runner/work/key/key/key.core/../key.ui/examples/InformationFlow/BlockContracts/contract.IFBlockExamples(contract.IFBlockExamples__secure_3(int)).JML operation contract.0.key 
31282      INFO  main            d.u.i.k.p.r.p.TestFile    ... finished proof: closed. 
31448      INFO  main            d.u.i.k.p.r.p.TestFile    Now processing file /home/runner/work/key/key/key.core/../key.ui/examples/InformationFlow/BlockContracts/contract.IFBlockExamples(contract.IFBlockExamples__secure_2(int)).JML operation contract.0.key 
34374      INFO  main            d.u.i.k.p.r.p.TestFile    ... finished proof: closed. 
34522      INFO  main            d.u.i.k.p.r.p.TestFile    Now processing file /home/runner/work/key/key/key.core/../key.ui/examples/InformationFlow/BlockContracts/contract.IFBlockExamples(contract.IFBlockExamples__secure_8(int)).JML operation contract.0.key 
37321      INFO  main            d.u.i.k.p.r.p.TestFile    ... finished proof: closed. 
37481      INFO  main            d.u.i.k.p.r.p.TestFile    Now processing file /home/runner/work/key/key/key.core/../key.ui/examples/InformationFlow/BlockContracts/contract.IFBlockExamples(contract.IFBlockExamples__secure_7(int)).JML operation contract.0.key 
40194      INFO  main            d.u.i.k.p.r.p.TestFile    ... finished proof: closed. 
40378      INFO  main            d.u.i.k.p.r.p.TestFile    Now processing file /home/runner/work/key/key/key.core/../key.ui/examples/InformationFlow/BlockContracts/contract.IFBlockExamples(contract.IFBlockExamples__secure_6(int)).JML operation contract.0.key 
43187      INFO  main            d.u.i.k.p.r.p.TestFile    ... finished proof: closed. 
43382      INFO  main            d.u.i.k.p.r.p.TestFile    Now processing file /home/runner/work/key/key/key.core/../key.ui/examples/InformationFlow/BlockContracts/contract.IFBlockExamples(contract.IFBlockExamples__insecure_1(int)).JML operation contract.0.key 
46177      INFO  main            d.u.i.k.p.r.p.TestFile    ... finished proof: closed. 
46347      INFO  main            d.u.i.k.p.r.p.TestFile    Now processing file /home/runner/work/key/key/key.core/../key.ui/examples/InformationFlow/BlockContracts/contract.IFBlockExamples(contract.IFBlockExamples__secure_4(int)).JML operation contract.0.key 
49129      INFO  main            d.u.i.k.p.r.p.TestFile    ... finished proof: closed. 
49275      INFO  main            d.u.i.k.p.r.p.TestFile    Now processing file /home/runner/work/key/key/key.core/../key.ui/examples/InformationFlow/BlockContracts/contract.IFBlockExamples(contract.IFBlockExamples__secure_1(int)).JML operation contract.0.key 
52081      INFO  main            d.u.i.k.p.r.p.TestFile    ... finished proof: closed. 
52239      INFO  main            d.u.i.k.p.r.p.TestFile    Now processing file /home/runner/work/key/key/key.core/../key.ui/examples/InformationFlow/BlockContracts/contract.IFEfficiencyExamples(contract.IFEfficiencyExamples__mWithoutBlockContract()).JML operation contract.0.key 
55524      INFO  main            d.u.i.k.p.r.p.TestFile    ... finished proof: closed. 
55696      INFO  main            d.u.i.k.p.r.p.TestFile    Now processing file /home/runner/work/key/key/key.core/../key.ui/examples/InformationFlow/BlockContracts/contract.IFEfficiencyExamples(contract.IFEfficiencyExamples__mWithBlockContract()).JML operation contract.0.key 
58659      INFO  main            d.u.i.k.p.r.p.TestFile    ... finished proof: closed. 
217565     INFO  Test worker     d.u.i.k.p.r.RunAllProofsTestUnit Returning from test BlockContracts 
217569     INFO  Test worker     d.u.i.k.p.r.RunAllProofsTestUnit Running test MethodContracts 
346        INFO  Timeout watchdog d.u.i.k.p.r.p.ForkedTestFileRunner Timeout watcher launched (1000 secs.) 
352        WARN  main            d.u.i.k.s.ProofSettings   The settings in /home/runner/.key/proof-settings.props are *not* read. 
372        INFO  main            d.u.i.k.p.r.p.TestFile    Now processing file /home/runner/work/key/key/key.core/../key.ui/examples/InformationFlow/MethodContracts/contract.IFMethodContract(contract.IFMethodContract__secure_recursion_2((I,int)).JML normal_behavior operation contract.0.key 
8997       INFO  main            d.u.i.k.p.r.p.TestFile    ... finished proof: closed. 
9117       INFO  main            d.u.i.k.p.r.p.TestFile    Now processing file /home/runner/work/key/key/key.core/../key.ui/examples/InformationFlow/MethodContracts/contract.IFMethodContract(contract.IFMethodContract__secure_recursion(int)).JML normal_behavior operation contract.0.key 
12542      INFO  main            d.u.i.k.p.r.p.TestFile    ... finished proof: closed. 
12648      INFO  main            d.u.i.k.p.r.p.TestFile    Now processing file /home/runner/work/key/key/key.core/../key.ui/examples/InformationFlow/MethodContracts/contract.IFMethodContract(contract.IFMethodContract__secure_catch_exception()).JML operation contract.0.key 
15765      INFO  main            d.u.i.k.p.r.p.TestFile    ... finished proof: closed. 
15877      INFO  main            d.u.i.k.p.r.p.TestFile    Now processing file /home/runner/work/key/key/key.core/../key.ui/examples/InformationFlow/MethodContracts/contract.IFMethodContract(contract.IFMethodContract__n6()).JML normal_behavior operation contract.0.key 
18817      INFO  main            d.u.i.k.p.r.p.TestFile    ... finished proof: closed. 
18952      INFO  main            d.u.i.k.p.r.p.TestFile    Now processing file /home/runner/work/key/key/key.core/../key.ui/examples/InformationFlow/MethodContracts/contract.IFMethodContract(contract.IFMethodContract__secure_n6()).JML operation contract.0.key 
21793      INFO  main            d.u.i.k.p.r.p.TestFile    ... finished proof: closed. 
21905      INFO  main            d.u.i.k.p.r.p.TestFile    Now processing file /home/runner/work/key/key/key.core/../key.ui/examples/InformationFlow/MethodContracts/contract.IFMethodContract(contract.IFMethodContract__secure_array_param_helper()).JML normal_behavior operation contract.0.key 
24677      INFO  main            d.u.i.k.p.r.p.TestFile    ... finished proof: closed. 
24792      INFO  main            d.u.i.k.p.r.p.TestFile    Now processing file /home/runner/work/key/key/key.core/../key.ui/examples/InformationFlow/MethodContracts/contract.IFMethodContract(contract.IFMethodContract__secure_array_param((I,int)).JML operation contract.0.key 
27720      INFO  main            d.u.i.k.p.r.p.TestFile    ... finished proof: closed. 
27844      INFO  main            d.u.i.k.p.r.p.TestFile    Now processing file /home/runner/work/key/key/key.core/../key.ui/examples/InformationFlow/MethodContracts/contract.IFMethodContract(contract.IFMethodContract__n9()).JML normal_behavior operation contract.0.key 
30672      INFO  main            d.u.i.k.p.r.p.TestFile    ... finished proof: closed. 
30797      INFO  main            d.u.i.k.p.r.p.TestFile    Now processing file /home/runner/work/key/key/key.core/../key.ui/examples/InformationFlow/MethodContracts/contract.IFMethodContract(contract.IFMethodContract__secure_assignment_0_n9()).JML operation contract.0.key 
33629      INFO  main            d.u.i.k.p.r.p.TestFile    ... finished proof: closed. 
33765      INFO  main            d.u.i.k.p.r.p.TestFile    Now processing file /home/runner/work/key/key/key.core/../key.ui/examples/InformationFlow/MethodContracts/contract.IFMethodContract(contract.IFMethodContract__insecure_if_high_n5_n1()).JML operation contract.0.key 
36707      INFO  main            d.u.i.k.p.r.p.TestFile    ... finished proof: closed. 
36843      INFO  main            d.u.i.k.p.r.p.TestFile    Now processing file /home/runner/work/key/key/key.core/../key.ui/examples/InformationFlow/MethodContracts/contract.IFMethodContract(contract.IFMethodContract__n5(int)).JML normal_behavior operation contract.0.key 
39681      INFO  main            d.u.i.k.p.r.p.TestFile    ... finished proof: closed. 
39851      INFO  main            d.u.i.k.p.r.p.TestFile    Now processing file /home/runner/work/key/key/key.core/../key.ui/examples/InformationFlow/MethodContracts/contract.IFMethodContract(contract.IFMethodContract__secure_if_high_n5_n1()).JML operation contract.0.key 
42806      INFO  main            d.u.i.k.p.r.p.TestFile    ... finished proof: closed. 
42951      INFO  main            d.u.i.k.p.r.p.TestFile    Now processing file /home/runner/work/key/key/key.core/../key.ui/examples/InformationFlow/MethodContracts/contract.IFMethodContract(contract.IFMethodContract__secure_if_high_n1()).JML operation contract.0.key 
45777      INFO  main            d.u.i.k.p.r.p.TestFile    ... finished proof: closed. 
45922      INFO  main            d.u.i.k.p.r.p.TestFile    Now processing file /home/runner/work/key/key/key.core/../key.ui/examples/InformationFlow/MethodContracts/contract.IFMethodContract(contract.IFMethodContract__secure_n5()).JML operation contract.0.key 
48610      INFO  main            d.u.i.k.p.r.p.TestFile    ... finished proof: closed. 
48769      INFO  main            d.u.i.k.p.r.p.TestFile    Now processing file /home/runner/work/key/key/key.core/../key.ui/examples/InformationFlow/MethodContracts/contract.IFMethodContract(contract.IFMethodContract__n4()).JML normal_behavior operation contract.0.key 
51488      INFO  main            d.u.i.k.p.r.p.TestFile    ... finished proof: closed. 
51633      INFO  main            d.u.i.k.p.r.p.TestFile    Now processing file /home/runner/work/key/key/key.core/../key.ui/examples/InformationFlow/MethodContracts/contract.IFMethodContract(contract.IFMethodContract__n3()).JML normal_behavior operation contract.0.key 
54367      INFO  main            d.u.i.k.p.r.p.TestFile    ... finished proof: closed. 
54512      INFO  main            d.u.i.k.p.r.p.TestFile    Now processing file /home/runner/work/key/key/key.core/../key.ui/examples/InformationFlow/MethodContracts/contract.IFMethodContract(contract.IFMethodContract__secure_sequential_n3_precond_n4()).JML operation contract.0.key 
57247      INFO  main            d.u.i.k.p.r.p.TestFile    ... finished proof: closed. 
57415      INFO  main            d.u.i.k.p.r.p.TestFile    Now processing file /home/runner/work/key/key/key.core/../key.ui/examples/InformationFlow/MethodContracts/contract.IFMethodContract(contract.IFMethodContract__insecure_assignment_n2()).JML operation contract.0.key 
60122      INFO  main            d.u.i.k.p.r.p.TestFile    ... finished proof: closed. 
60275      INFO  main            d.u.i.k.p.r.p.TestFile    Now processing file /home/runner/work/key/key/key.core/../key.ui/examples/InformationFlow/MethodContracts/contract.IFMethodContract(contract.IFMethodContract__secure_assignments_n2()).JML operation contract.0.key 
62980      INFO  main            d.u.i.k.p.r.p.TestFile    ... finished proof: closed. 
63134      INFO  main            d.u.i.k.p.r.p.TestFile    Now processing file /home/runner/work/key/key/key.core/../key.ui/examples/InformationFlow/MethodContracts/contract.IFMethodContract(contract.IFMethodContract__n2()).JML normal_behavior operation contract.0.key 
65876      INFO  main            d.u.i.k.p.r.p.TestFile    ... finished proof: closed. 
66031      INFO  main            d.u.i.k.p.r.p.TestFile    Now processing file /home/runner/work/key/key/key.core/../key.ui/examples/InformationFlow/MethodContracts/contract.IFMethodContract(contract.IFMethodContract__n1()).JML normal_behavior operation contract.0.key 
68704      INFO  main            d.u.i.k.p.r.p.TestFile    ... finished proof: closed. 
68854      INFO  main            d.u.i.k.p.r.p.TestFile    Now processing file /home/runner/work/key/key/key.core/../key.ui/examples/InformationFlow/MethodContracts/contract.IFMethodContract(contract.IFMethodContract__secure_sequential_n1_n2()).JML operation contract.0.key 
71549      INFO  main            d.u.i.k.p.r.p.TestFile    ... finished proof: closed. 
289499     INFO  Test worker     d.u.i.k.p.r.RunAllProofsTestUnit Returning from test MethodContracts 
289502     INFO  Test worker     d.u.i.k.p.r.RunAllProofsTestUnit Running test LoopInvariants 
338        INFO  Timeout watchdog d.u.i.k.p.r.p.ForkedTestFileRunner Timeout watcher launched (1000 secs.) 
349        WARN  main            d.u.i.k.s.ProofSettings   The settings in /home/runner/.key/proof-settings.props are *not* read. 
379        INFO  main            d.u.i.k.p.r.p.TestFile    Now processing file /home/runner/work/key/key/key.core/../key.ui/examples/InformationFlow/LoopInvariants/loop.IFLoopExamples(loop.IFLoopExamples__insecure_while_3(int)).JML operation contract.0.key 
9984       INFO  main            d.u.i.k.p.r.p.TestFile    ... finished proof: closed. 
10095      INFO  main            d.u.i.k.p.r.p.TestFile    Now processing file /home/runner/work/key/key/key.core/../key.ui/examples/InformationFlow/LoopInvariants/loop.IFLoopExamples(loop.IFLoopExamples__secure_while_2(int)).JML operation contract.0.key 
13767      INFO  main            d.u.i.k.p.r.p.TestFile    ... finished proof: closed. 
13906      INFO  main            d.u.i.k.p.r.p.TestFile    Now processing file /home/runner/work/key/key/key.core/../key.ui/examples/InformationFlow/LoopInvariants/loop.IFLoopExamples(loop.IFLoopExamples__secure_while_4(int)).JML operation contract.0.key 
17553      INFO  main            d.u.i.k.p.r.p.TestFile    ... finished proof: closed. 
17714      INFO  main            d.u.i.k.p.r.p.TestFile    Now processing file /home/runner/work/key/key/key.core/../key.ui/examples/InformationFlow/LoopInvariants/loop.IFLoopExamples(loop.IFLoopExamples__insecure_doubleNestedWhile2(int)).JML operation contract.0.key 
21748      INFO  main            d.u.i.k.p.r.p.TestFile    ... finished proof: closed. 
21885      INFO  main            d.u.i.k.p.r.p.TestFile    Now processing file /home/runner/work/key/key/key.core/../key.ui/examples/InformationFlow/LoopInvariants/loop.IFLoopExamples(loop.IFLoopExamples__insecure_doubleNestedWhile(int)).JML operation contract.0.key 
25771      INFO  main            d.u.i.k.p.r.p.TestFile    ... finished proof: closed. 
25911      INFO  main            d.u.i.k.p.r.p.TestFile    Now processing file /home/runner/work/key/key/key.core/../key.ui/examples/InformationFlow/LoopInvariants/loop.IFLoopExamples(loop.IFLoopExamples__secure_doubleNestedWhile(int)).JML operation contract.0.key 
29702      INFO  main            d.u.i.k.p.r.p.TestFile    ... finished proof: closed. 
29850      INFO  main            d.u.i.k.p.r.p.TestFile    Now processing file /home/runner/work/key/key/key.core/../key.ui/examples/InformationFlow/LoopInvariants/loop.IFLoopExamples(loop.IFLoopExamples__secure_nestedTwoWhile(int)).JML operation contract.0.key 
33658      INFO  main            d.u.i.k.p.r.p.TestFile    ... finished proof: closed. 
33812      INFO  main            d.u.i.k.p.r.p.TestFile    Now processing file /home/runner/work/key/key/key.core/../key.ui/examples/InformationFlow/LoopInvariants/loop.IFLoopExamples(loop.IFLoopExamples__secure_nestedWhile(int)).JML operation contract.0.key 
37195      INFO  main            d.u.i.k.p.r.p.TestFile    ... finished proof: closed. 
37344      INFO  main            d.u.i.k.p.r.p.TestFile    Now processing file /home/runner/work/key/key/key.core/../key.ui/examples/InformationFlow/LoopInvariants/loop.IFLoopExamples(loop.IFLoopExamples__notSecure_while(int)).JML operation contract.0.key 
40560      INFO  main            d.u.i.k.p.r.p.TestFile    ... finished proof: closed. 
40696      INFO  main            d.u.i.k.p.r.p.TestFile    Now processing file /home/runner/work/key/key/key.core/../key.ui/examples/InformationFlow/LoopInvariants/loop.IFLoopExamples(loop.IFLoopExamples__notSecure_while_wrongInv(int)).JML operation contract.0.key 
43883      INFO  main            d.u.i.k.p.r.p.TestFile    ... finished proof: open goal(s) 
44028      INFO  main            d.u.i.k.p.r.p.TestFile    Now processing file /home/runner/work/key/key/key.core/../key.ui/examples/InformationFlow/LoopInvariants/loop.IFLoopExamples(loop.IFLoopExamples__insecure_twoWhile(int)).JML operation contract.0.key 
47422      INFO  main            d.u.i.k.p.r.p.TestFile    ... finished proof: closed. 
47593      INFO  main            d.u.i.k.p.r.p.TestFile    Now processing file /home/runner/work/key/key/key.core/../key.ui/examples/InformationFlow/LoopInvariants/loop.IFLoopExamples(loop.IFLoopExamples__insecure_twoWhile_2(int)).JML operation contract.0.key 
50945      INFO  main            d.u.i.k.p.r.p.TestFile    ... finished proof: closed. 
51116      INFO  main            d.u.i.k.p.r.p.TestFile    Now processing file /home/runner/work/key/key/key.core/../key.ui/examples/InformationFlow/LoopInvariants/loop.IFLoopExamples(loop.IFLoopExamples__secure_twoWhile(int)).JML operation contract.0.key 
54478      INFO  main            d.u.i.k.p.r.p.TestFile    ... finished proof: closed. 
54733      INFO  main            d.u.i.k.p.r.p.TestFile    Now processing file /home/runner/work/key/key/key.core/../key.ui/examples/InformationFlow/LoopInvariants/loop.IFLoopExamples(loop.IFLoopExamples__loc_secure_while(int)).JML operation contract.0.key 
57865      INFO  main            d.u.i.k.p.r.p.TestFile    ... finished proof: closed. 
58015      INFO  main            d.u.i.k.p.r.p.TestFile    Now processing file /home/runner/work/key/key/key.core/../key.ui/examples/InformationFlow/LoopInvariants/loop.IFLoopExamples(loop.IFLoopExamples__secure_while(int)).JML operation contract.0.key 
61153      INFO  main            d.u.i.k.p.r.p.TestFile    ... finished proof: closed. 
61308      INFO  main            d.u.i.k.p.r.p.TestFile    Now processing file /home/runner/work/key/key/key.core/../key.ui/examples/InformationFlow/LoopInvariants/loop.IFLoopExamples(loop.IFLoopExamples__print(int)).JML normal_behavior operation contract.0.key 
64328      INFO  main            d.u.i.k.p.r.p.TestFile    ... finished proof: closed. 
64478      INFO  main            d.u.i.k.p.r.p.TestFile    Now processing file /home/runner/work/key/key/key.core/../key.ui/examples/InformationFlow/LoopInvariants/loop.IFLoopExamples(loop.IFLoopExamples__hammer(int)).JML normal_behavior operation contract.0.key 
67670      INFO  main            d.u.i.k.p.r.p.TestFile    ... finished proof: closed. 
357495     INFO  Test worker     d.u.i.k.p.r.RunAllProofsTestUnit Returning from test LoopInvariants 
357496     INFO  Test worker     d.u.i.k.p.r.RunAllProofsTestUnit Running test MiniExamples 
376        INFO  Timeout watchdog d.u.i.k.p.r.p.ForkedTestFileRunner Timeout watcher launched (1000 secs.) 
387        WARN  main            d.u.i.k.s.ProofSettings   The settings in /home/runner/.key/proof-settings.props are *not* read. 
413        INFO  main            d.u.i.k.p.r.p.TestFile    Now processing file /home/runner/work/key/key/key.core/../key.ui/examples/InformationFlow/MiniExamples/mini.AliasingExamples(mini.AliasingExamples__insecure_1(mini.AliasingExamples,mini.AliasingExamples,int)).JML operation contract.0.key 
8501       INFO  main            d.u.i.k.p.r.p.TestFile    ... finished proof: closed. 
8607       INFO  main            d.u.i.k.p.r.p.TestFile    Now processing file /home/runner/work/key/key/key.core/../key.ui/examples/InformationFlow/MiniExamples/mini.AliasingExamples(mini.AliasingExamples__secure_1(mini.AliasingExamples,mini.AliasingExamples,int)).JML operation contract.0.key 
11764      INFO  main            d.u.i.k.p.r.p.TestFile    ... finished proof: closed. 
11872      INFO  main            d.u.i.k.p.r.p.TestFile    Now processing file /home/runner/work/key/key/key.core/../key.ui/examples/InformationFlow/MiniExamples/mini.MiniExamplesLecture(mini.MiniExamplesLecture__m_6()).JML normal_behavior operation contract.0.key 
14672      INFO  main            d.u.i.k.p.r.p.TestFile    ... finished proof: closed. 
14779      INFO  main            d.u.i.k.p.r.p.TestFile    Now processing file /home/runner/work/key/key/key.core/../key.ui/examples/InformationFlow/MiniExamples/mini.MiniExamplesLecture(mini.MiniExamplesLecture__m_5()).JML normal_behavior operation contract.0.key 
17464      INFO  main            d.u.i.k.p.r.p.TestFile    ... finished proof: closed. 
17582      INFO  main            d.u.i.k.p.r.p.TestFile    Now processing file /home/runner/work/key/key/key.core/../key.ui/examples/InformationFlow/MiniExamples/mini.MiniExamplesLecture(mini.MiniExamplesLecture__m_4()).JML normal_behavior operation contract.0.key 
20239      INFO  main            d.u.i.k.p.r.p.TestFile    ... finished proof: closed. 
20350      INFO  main            d.u.i.k.p.r.p.TestFile    Now processing file /home/runner/work/key/key/key.core/../key.ui/examples/InformationFlow/MiniExamples/mini.MiniExamplesLecture(mini.MiniExamplesLecture__m_3()).JML normal_behavior operation contract.0.key 
22969      INFO  main            d.u.i.k.p.r.p.TestFile    ... finished proof: closed. 
23090      INFO  main            d.u.i.k.p.r.p.TestFile    Now processing file /home/runner/work/key/key/key.core/../key.ui/examples/InformationFlow/MiniExamples/mini.MiniExamplesLecture(mini.MiniExamplesLecture__m_2()).JML normal_behavior operation contract.0.key 
25679      INFO  main            d.u.i.k.p.r.p.TestFile    ... finished proof: closed. 
25818      INFO  main            d.u.i.k.p.r.p.TestFile    Now processing file /home/runner/work/key/key/key.core/../key.ui/examples/InformationFlow/MiniExamples/mini.MiniExamplesLecture(mini.MiniExamplesLecture__m_1()).JML normal_behavior operation contract.0.key 
28415      INFO  main            d.u.i.k.p.r.p.TestFile    ... finished proof: closed. 
28539      INFO  main            d.u.i.k.p.r.p.TestFile    Now processing file /home/runner/work/key/key/key.core/../key.ui/examples/InformationFlow/MiniExamples/mini.DifferenceSeqLocset(mini.DifferenceSeqLocset__m()).JML normal_behavior operation contract.1.key 
31275      INFO  main            d.u.i.k.p.r.p.TestFile    ... finished proof: closed. 
31407      INFO  main            d.u.i.k.p.r.p.TestFile    Now processing file /home/runner/work/key/key/key.core/../key.ui/examples/InformationFlow/MiniExamples/mini.DifferenceSeqLocset(mini.DifferenceSeqLocset__m()).JML normal_behavior operation contract.0.key 
34142      INFO  main            d.u.i.k.p.r.p.TestFile    ... finished proof: closed. 
34298      INFO  main            d.u.i.k.p.r.p.TestFile    Now processing file /home/runner/work/key/key/key.core/../key.ui/examples/InformationFlow/MiniExamples/mini.MiniExamples(mini.MiniExamples__secure_p2_8()).JML normal_behavior operation contract.0.key 
36862      INFO  main            d.u.i.k.p.r.p.TestFile    ... finished proof: closed. 
37004      INFO  main            d.u.i.k.p.r.p.TestFile    Now processing file /home/runner/work/key/key/key.core/../key.ui/examples/InformationFlow/MiniExamples/mini.MiniExamples(mini.MiniExamples__secure_parameter(int)).JML operation contract.0.key 
39558      INFO  main            d.u.i.k.p.r.p.TestFile    ... finished proof: closed. 
39694      INFO  main            d.u.i.k.p.r.p.TestFile    Now processing file /home/runner/work/key/key/key.core/../key.ui/examples/InformationFlow/MiniExamples/mini.MiniExamples(mini.MiniExamples__secure_p2_7()).JML normal_behavior operation contract.0.key 
42228      INFO  main            d.u.i.k.p.r.p.TestFile    ... finished proof: closed. 
42387      INFO  main            d.u.i.k.p.r.p.TestFile    Now processing file /home/runner/work/key/key/key.core/../key.ui/examples/InformationFlow/MiniExamples/mini.MiniExamples(mini.MiniExamples__insecure_p2_2()).JML normal_behavior operation contract.0.key 
44959      INFO  main            d.u.i.k.p.r.p.TestFile    ... finished proof: closed. 
45100      INFO  main            d.u.i.k.p.r.p.TestFile    Now processing file /home/runner/work/key/key/key.core/../key.ui/examples/InformationFlow/MiniExamples/mini.MiniExamples(mini.MiniExamples__secure_p2_6()).JML normal_behavior operation contract.0.key 
47644      INFO  main            d.u.i.k.p.r.p.TestFile    ... finished proof: closed. 
47786      INFO  main            d.u.i.k.p.r.p.TestFile    Now processing file /home/runner/work/key/key/key.core/../key.ui/examples/InformationFlow/MiniExamples/mini.MiniExamples(mini.MiniExamples__secure_p2_5()).JML normal_behavior operation contract.0.key 
50315      INFO  main            d.u.i.k.p.r.p.TestFile    ... finished proof: closed. 
50462      INFO  main            d.u.i.k.p.r.p.TestFile    Now processing file /home/runner/work/key/key/key.core/../key.ui/examples/InformationFlow/MiniExamples/mini.MiniExamples(mini.MiniExamples__secure_p2_4()).JML normal_behavior operation contract.0.key 
52993      INFO  main            d.u.i.k.p.r.p.TestFile    ... finished proof: closed. 
53144      INFO  main            d.u.i.k.p.r.p.TestFile    Now processing file /home/runner/work/key/key/key.core/../key.ui/examples/InformationFlow/MiniExamples/mini.MiniExamples(mini.MiniExamples__secure_p2_3()).JML normal_behavior operation contract.0.key 
55636      INFO  main            d.u.i.k.p.r.p.TestFile    ... finished proof: closed. 
55785      INFO  main            d.u.i.k.p.r.p.TestFile    Now processing file /home/runner/work/key/key/key.core/../key.ui/examples/InformationFlow/MiniExamples/mini.MiniExamples(mini.MiniExamples__secure_p2_2()).JML normal_behavior operation contract.0.key 
58298      INFO  main            d.u.i.k.p.r.p.TestFile    ... finished proof: closed. 
58452      INFO  main            d.u.i.k.p.r.p.TestFile    Now processing file /home/runner/work/key/key/key.core/../key.ui/examples/InformationFlow/MiniExamples/mini.MiniExamples(mini.MiniExamples__secure_p2_1()).JML normal_behavior operation contract.0.key 
60960      INFO  main            d.u.i.k.p.r.p.TestFile    ... finished proof: closed. 
61114      INFO  main            d.u.i.k.p.r.p.TestFile    Now processing file /home/runner/work/key/key/key.core/../key.ui/examples/InformationFlow/MiniExamples/mini.MiniExamples(mini.MiniExamples__insecure_p2_1()).JML normal_behavior operation contract.0.key 
63602      INFO  main            d.u.i.k.p.r.p.TestFile    ... finished proof: closed. 
63759      INFO  main            d.u.i.k.p.r.p.TestFile    Now processing file /home/runner/work/key/key/key.core/../key.ui/examples/InformationFlow/MiniExamples/mini.MiniExamples(mini.MiniExamples__secure_p1_6()).JML normal_behavior operation contract.0.key 
66242      INFO  main            d.u.i.k.p.r.p.TestFile    ... finished proof: closed. 
66406      INFO  main            d.u.i.k.p.r.p.TestFile    Now processing file /home/runner/work/key/key/key.core/../key.ui/examples/InformationFlow/MiniExamples/mini.MiniExamples(mini.MiniExamples__secure_p1_5()).JML normal_behavior operation contract.0.key 
68939      INFO  main            d.u.i.k.p.r.p.TestFile    ... finished proof: closed. 
69102      INFO  main            d.u.i.k.p.r.p.TestFile    Now processing file /home/runner/work/key/key/key.core/../key.ui/examples/InformationFlow/MiniExamples/mini.MiniExamples(mini.MiniExamples__secure_p1_4()).JML normal_behavior operation contract.0.key 
71607      INFO  main            d.u.i.k.p.r.p.TestFile    ... finished proof: closed. 
71772      INFO  main            d.u.i.k.p.r.p.TestFile    Now processing file /home/runner/work/key/key/key.core/../key.ui/examples/InformationFlow/MiniExamples/mini.MiniExamples(mini.MiniExamples__secure_p1_3()).JML normal_behavior operation contract.0.key 
74246      INFO  main            d.u.i.k.p.r.p.TestFile    ... finished proof: closed. 
74433      INFO  main            d.u.i.k.p.r.p.TestFile    Now processing file /home/runner/work/key/key/key.core/../key.ui/examples/InformationFlow/MiniExamples/mini.MiniExamples(mini.MiniExamples__secure_p1_2()).JML normal_behavior operation contract.0.key 
76923      INFO  main            d.u.i.k.p.r.p.TestFile    ... finished proof: closed. 
77098      INFO  main            d.u.i.k.p.r.p.TestFile    Now processing file /home/runner/work/key/key/key.core/../key.ui/examples/InformationFlow/MiniExamples/mini.MiniExamples(mini.MiniExamples__secure_p1_1()).JML normal_behavior operation contract.1.key 
79599      INFO  main            d.u.i.k.p.r.p.TestFile    ... finished proof: closed. 
79772      INFO  main            d.u.i.k.p.r.p.TestFile    Now processing file /home/runner/work/key/key/key.core/../key.ui/examples/InformationFlow/MiniExamples/mini.MiniExamples(mini.MiniExamples__secure_p1_1()).JML normal_behavior operation contract.0.key 
82250      INFO  main            d.u.i.k.p.r.p.TestFile    ... finished proof: closed. 
82431      INFO  main            d.u.i.k.p.r.p.TestFile    Now processing file /home/runner/work/key/key/key.core/../key.ui/examples/InformationFlow/MiniExamples/mini.MiniExamples(mini.MiniExamples__insecure_p1_2()).JML normal_behavior operation contract.0.key 
84922      INFO  main            d.u.i.k.p.r.p.TestFile    ... finished proof: closed. 
85115      INFO  main            d.u.i.k.p.r.p.TestFile    Now processing file /home/runner/work/key/key/key.core/../key.ui/examples/InformationFlow/MiniExamples/mini.MiniExamples(mini.MiniExamples__insecure_p1_1()).JML normal_behavior operation contract.0.key 
87605      INFO  main            d.u.i.k.p.r.p.TestFile    ... finished proof: closed. 
445442     INFO  Test worker     d.u.i.k.p.r.RunAllProofsTestUnit Returning from test MiniExamples 
445445     INFO  Test worker     d.u.i.k.p.r.RunAllProofsTestUnit Running test NewObjects 
326        INFO  Timeout watchdog d.u.i.k.p.r.p.ForkedTestFileRunner Timeout watcher launched (1000 secs.) 
334        WARN  main            d.u.i.k.s.ProofSettings   The settings in /home/runner/.key/proof-settings.props are *not* read. 
371        INFO  main            d.u.i.k.p.r.p.TestFile    Now processing file /home/runner/work/key/key/key.core/../key.ui/examples/InformationFlow/NewObjects/object.AmtoftBanerjee3(object.AmtoftBanerjee3__m()).JML operation contract.0.key 
8532       INFO  main            d.u.i.k.p.r.p.TestFile    ... finished proof: closed. 
8643       INFO  main            d.u.i.k.p.r.p.TestFile    Now processing file /home/runner/work/key/key/key.core/../key.ui/examples/InformationFlow/NewObjects/object.AmtoftBanerjee(object.AmtoftBanerjee__m_2()).JML normal_behavior operation contract.0.key 
12262      INFO  main            d.u.i.k.p.r.p.TestFile    ... finished proof: closed. 
12374      INFO  main            d.u.i.k.p.r.p.TestFile    Now processing file /home/runner/work/key/key/key.core/../key.ui/examples/InformationFlow/NewObjects/object.AmtoftBanerjee(object.AmtoftBanerjee__m_1()).JML normal_behavior operation contract.1.key 
15481      INFO  main            d.u.i.k.p.r.p.TestFile    ... finished proof: closed. 
15622      INFO  main            d.u.i.k.p.r.p.TestFile    Now processing file /home/runner/work/key/key/key.core/../key.ui/examples/InformationFlow/NewObjects/object.AmtoftBanerjee(object.AmtoftBanerjee__m_1()).JML normal_behavior operation contract.0.key 
18619      INFO  main            d.u.i.k.p.r.p.TestFile    ... finished proof: closed. 
18739      INFO  main            d.u.i.k.p.r.p.TestFile    Now processing file /home/runner/work/key/key/key.core/../key.ui/examples/InformationFlow/NewObjects/object.AmtoftBanerjee(object.AmtoftBanerjee__getQ()).JML normal_behavior operation contract.0.key 
21564      INFO  main            d.u.i.k.p.r.p.TestFile    ... finished proof: closed. 
21691      INFO  main            d.u.i.k.p.r.p.TestFile    Now processing file /home/runner/work/key/key/key.core/../key.ui/examples/InformationFlow/NewObjects/object.Naumann(object.Naumann__Pair_m(int,int)).JML operation contract.0.key 
26059      INFO  main            d.u.i.k.p.r.p.TestFile    ... finished proof: closed. 
26201      INFO  main            d.u.i.k.p.r.p.TestFile    Now processing file /home/runner/work/key/key/key.core/../key.ui/examples/InformationFlow/NewObjects/object.ObjectOrientation(object.ObjectOrientation__secure_while_i((Ljava.lang.Object)).JML operation contract.0.key 
29514      INFO  main            d.u.i.k.p.r.p.TestFile    ... finished proof: closed. 
29691      INFO  main            d.u.i.k.p.r.p.TestFile    Now processing file /home/runner/work/key/key/key.core/../key.ui/examples/InformationFlow/NewObjects/object.ObjectOrientation(object.ObjectOrientation__secure_method_call()).JML operation contract.0.key 
32585      INFO  main            d.u.i.k.p.r.p.TestFile    ... finished proof: closed. 
32737      INFO  main            d.u.i.k.p.r.p.TestFile    Now processing file /home/runner/work/key/key/key.core/../key.ui/examples/InformationFlow/NewObjects/object.ObjectOrientation(object.ObjectOrientation__if_two_object_creation_next()).JML operation contract.1.key 
36350      INFO  main            d.u.i.k.p.r.p.TestFile    ... finished proof: closed. 
36504      INFO  main            d.u.i.k.p.r.p.TestFile    Now processing file /home/runner/work/key/key/key.core/../key.ui/examples/InformationFlow/NewObjects/object.ObjectOrientation(object.ObjectOrientation__if_two_object_creation_next()).JML operation contract.0.key 
40018      INFO  main            d.u.i.k.p.r.p.TestFile    ... finished proof: closed. 
40234      INFO  main            d.u.i.k.p.r.p.TestFile    Now processing file /home/runner/work/key/key/key.core/../key.ui/examples/InformationFlow/NewObjects/object.ObjectOrientation(object.ObjectOrientation__secure_if_two_object_creation()).JML operation contract.0.key 
43641      INFO  main            d.u.i.k.p.r.p.TestFile    ... finished proof: closed. 
43804      INFO  main            d.u.i.k.p.r.p.TestFile    Now processing file /home/runner/work/key/key/key.core/../key.ui/examples/InformationFlow/NewObjects/object.ObjectOrientation(object.ObjectOrientation__insecure_two_object_creation()).JML operation contract.0.key 
46980      INFO  main            d.u.i.k.p.r.p.TestFile    ... finished proof: closed. 
47209      INFO  main            d.u.i.k.p.r.p.TestFile    Now processing file /home/runner/work/key/key/key.core/../key.ui/examples/InformationFlow/NewObjects/object.ObjectOrientation(object.ObjectOrientation__secure_two_object_creation()).JML normal_behavior operation contract.0.key 
50242      INFO  main            d.u.i.k.p.r.p.TestFile    ... finished proof: closed. 
50396      INFO  main            d.u.i.k.p.r.p.TestFile    Now processing file /home/runner/work/key/key/key.core/../key.ui/examples/InformationFlow/NewObjects/object.ObjectOrientation(object.ObjectOrientation__insecure_object_assignment()).JML operation contract.1.key 
53160      INFO  main            d.u.i.k.p.r.p.TestFile    ... finished proof: closed. 
53308      INFO  main            d.u.i.k.p.r.p.TestFile    Now processing file /home/runner/work/key/key/key.core/../key.ui/examples/InformationFlow/NewObjects/object.ObjectOrientation(object.ObjectOrientation__insecure_object_assignment()).JML operation contract.0.key 
56049      INFO  main            d.u.i.k.p.r.p.TestFile    ... finished proof: closed. 
56197      INFO  main            d.u.i.k.p.r.p.TestFile    Now processing file /home/runner/work/key/key/key.core/../key.ui/examples/InformationFlow/NewObjects/object.ObjectOrientation(object.ObjectOrientation__secure_object_creation_3()).JML operation contract.0.key 
59007      INFO  main            d.u.i.k.p.r.p.TestFile    ... finished proof: closed. 
59164      INFO  main            d.u.i.k.p.r.p.TestFile    Now processing file /home/runner/work/key/key/key.core/../key.ui/examples/InformationFlow/NewObjects/object.ObjectOrientation(object.ObjectOrientation__secure_object_creation_2()).JML operation contract.0.key 
61999      INFO  main            d.u.i.k.p.r.p.TestFile    ... finished proof: closed. 
62158      INFO  main            d.u.i.k.p.r.p.TestFile    Now processing file /home/runner/work/key/key/key.core/../key.ui/examples/InformationFlow/NewObjects/object.ObjectOrientation(object.ObjectOrientation__secure_object_creation()).JML operation contract.0.key 
64967      INFO  main            d.u.i.k.p.r.p.TestFile    ... finished proof: closed. 
65133      INFO  main            d.u.i.k.p.r.p.TestFile    Now processing file /home/runner/work/key/key/key.core/../key.ui/examples/InformationFlow/NewObjects/object.AmtoftBanerjee2(object.AmtoftBanerjee2__expensive(int)).JML accessible clause.0.key 
67838      INFO  main            d.u.i.k.p.r.p.TestFile    ... finished proof: closed. 
68005      INFO  main            d.u.i.k.p.r.p.TestFile    Now processing file /home/runner/work/key/key/key.core/../key.ui/examples/InformationFlow/NewObjects/object.AmtoftBanerjee2(object.AmtoftBanerjee2__expensive(int)).JML normal_behavior operation contract.0.key 
70740      INFO  main            d.u.i.k.p.r.p.TestFile    ... finished proof: closed. 
70904      INFO  main            d.u.i.k.p.r.p.TestFile    Now processing file /home/runner/work/key/key/key.core/../key.ui/examples/InformationFlow/NewObjects/object.AmtoftBanerjee2(object.AmtoftBanerjee2__cexp(int)).JML normal_behavior operation contract.0.key 
73828      INFO  main            d.u.i.k.p.r.p.TestFile    ... finished proof: closed. 
74038      INFO  main            d.u.i.k.p.r.p.TestFile    Now processing file /home/runner/work/key/key/key.core/../key.ui/examples/InformationFlow/PasswordFile/passwordfile.SecurePasswordFile(passwordfile.SecurePasswordFile___userIndex()).JML accessible clause.0.key 
76540      INFO  main            d.u.i.k.p.r.p.TestFile    ... finished proof: open goal(s) 
522332     INFO  Test worker     d.u.i.k.p.r.RunAllProofsTestUnit Returning from test NewObjects 
522333     INFO  Test worker     d.u.i.k.p.r.RunAllProofsTestUnit Running test SimpleEvoting 
350        INFO  Timeout watchdog d.u.i.k.p.r.p.ForkedTestFileRunner Timeout watcher launched (1000 secs.) 
379        WARN  main            d.u.i.k.s.ProofSettings   The settings in /home/runner/.key/proof-settings.props are *not* read. 
407        INFO  main            d.u.i.k.p.r.p.TestFile    Now processing file /home/runner/work/key/key/key.core/../key.ui/examples/InformationFlow/SimpleEvoting/simple_evoting.Environment(simple_evoting.Environment__untrustedOutputMessage((B)).JML normal_behavior operation contract.0.key 
10153      INFO  main            d.u.i.k.p.r.p.TestFile    ... finished proof: closed. 
10327      INFO  main            d.u.i.k.p.r.p.TestFile    Now processing file /home/runner/work/key/key/key.core/../key.ui/examples/InformationFlow/SimpleEvoting/simple_evoting.Environment(simple_evoting.Environment__untrustedInputMessage((B)).JML normal_behavior operation contract.0.key 
14357      INFO  main            d.u.i.k.p.r.p.TestFile    ... finished proof: closed. 
14492      INFO  main            d.u.i.k.p.r.p.TestFile    Now processing file /home/runner/work/key/key/key.core/../key.ui/examples/InformationFlow/SimpleEvoting/simple_evoting.Environment(simple_evoting.Environment__untrustedInputMessage()).JML normal_behavior operation contract.0.key 
18929      INFO  main            d.u.i.k.p.r.p.TestFile    ... finished proof: closed. 
19091      INFO  main            d.u.i.k.p.r.p.TestFile    Now processing file /home/runner/work/key/key/key.core/../key.ui/examples/InformationFlow/SimpleEvoting/simple_evoting.Environment(simple_evoting.Environment__untrustedOutput(int)).JML normal_behavior operation contract.0.key 
22409      INFO  main            d.u.i.k.p.r.p.TestFile    ... finished proof: closed. 
22568      INFO  main            d.u.i.k.p.r.p.TestFile    Now processing file /home/runner/work/key/key/key.core/../key.ui/examples/InformationFlow/SimpleEvoting/simple_evoting.Environment(simple_evoting.Environment__untrustedInput(int)).JML normal_behavior operation contract.0.key 
25808      INFO  main            d.u.i.k.p.r.p.TestFile    ... finished proof: open goal(s) 
25936      INFO  main            d.u.i.k.p.r.p.TestFile    Now processing file /home/runner/work/key/key/key.core/../key.ui/examples/InformationFlow/SimpleEvoting/simple_evoting.Environment(simple_evoting.Environment__untrustedInput()).JML normal_behavior operation contract.0.key 
29165      INFO  main            d.u.i.k.p.r.p.TestFile    ... finished proof: open goal(s) 
29294      INFO  main            d.u.i.k.p.r.p.TestFile    Now processing file /home/runner/work/key/key/key.core/../key.ui/examples/InformationFlow/SimpleEvoting/simple_evoting.Environment(simple_evoting.Environment___rep()).JML accessible clause.0.key 
32507      INFO  main            d.u.i.k.p.r.p.TestFile    ... finished proof: closed. 
32643      INFO  main            d.u.i.k.p.r.p.TestFile    Now processing file /home/runner/work/key/key/key.core/../key.ui/examples/InformationFlow/SimpleEvoting/simple_evoting.SMT(simple_evoting.SMT__send(simple_evoting.Message,int,simple_evoting.Server)).JML normal_behavior operation contract.1.key 
44680      INFO  main            d.u.i.k.p.r.p.TestFile    ... finished proof: closed. 
44873      INFO  main            d.u.i.k.p.r.p.TestFile    Now processing file /home/runner/work/key/key/key.core/../key.ui/examples/InformationFlow/SimpleEvoting/simple_evoting.SMT(simple_evoting.SMT__send(simple_evoting.Message,int,simple_evoting.Server)).JML normal_behavior operation contract.0.key 
55963      INFO  main            d.u.i.k.p.r.p.TestFile    ... finished proof: closed. 
56153      INFO  main            d.u.i.k.p.r.p.TestFile    Now processing file /home/runner/work/key/key/key.core/../key.ui/examples/InformationFlow/SimpleEvoting/simple_evoting.Message(java.lang.Object___inv_()).JML accessible clause.0.key 
59395      INFO  main            d.u.i.k.p.r.p.TestFile    ... finished proof: closed. 
59544      INFO  main            d.u.i.k.p.r.p.TestFile    Now processing file /home/runner/work/key/key/key.core/../key.ui/examples/InformationFlow/SimpleEvoting/simple_evoting.Server(simple_evoting.Server__resultReady()).JML accessible clause.0.key 
64020      INFO  main            d.u.i.k.p.r.p.TestFile    ... finished proof: closed. 
64186      INFO  main            d.u.i.k.p.r.p.TestFile    Now processing file /home/runner/work/key/key/key.core/../key.ui/examples/InformationFlow/SimpleEvoting/simple_evoting.Server(simple_evoting.Server__resultReady()).JML normal_behavior operation contract.0.key 
67949      INFO  main            d.u.i.k.p.r.p.TestFile    ... finished proof: closed. 
68120      INFO  main            d.u.i.k.p.r.p.TestFile    Now processing file /home/runner/work/key/key/key.core/../key.ui/examples/InformationFlow/SimpleEvoting/simple_evoting.Server(simple_evoting.Server__onSendResult()).JML normal_behavior operation contract.0.key 
71355      INFO  main            d.u.i.k.p.r.p.TestFile    ... finished proof: closed. 
71508      INFO  main            d.u.i.k.p.r.p.TestFile    Now processing file /home/runner/work/key/key/key.core/../key.ui/examples/InformationFlow/SimpleEvoting/simple_evoting.Server(simple_evoting.Server__onCollectBallot(simple_evoting.Message)).JML normal_behavior operation contract.1.key 
74731      INFO  main            d.u.i.k.p.r.p.TestFile    ... finished proof: closed. 
74901      INFO  main            d.u.i.k.p.r.p.TestFile    Now processing file /home/runner/work/key/key/key.core/../key.ui/examples/InformationFlow/SimpleEvoting/simple_evoting.Server(simple_evoting.Server__onCollectBallot(simple_evoting.Message)).JML normal_behavior operation contract.0.key 
78538      INFO  main            d.u.i.k.p.r.p.TestFile    ... finished proof: closed. 
78715      INFO  main            d.u.i.k.p.r.p.TestFile    Now processing file /home/runner/work/key/key/key.core/../key.ui/examples/InformationFlow/SimpleEvoting/simple_evoting.Server(java.lang.Object___inv_()).JML accessible clause.0.key 
81927      INFO  main            d.u.i.k.p.r.p.TestFile    ... finished proof: closed. 
82094      INFO  main            d.u.i.k.p.r.p.TestFile    Now processing file /home/runner/work/key/key/key.core/../key.ui/examples/InformationFlow/SimpleEvoting/simple_evoting.SMTEnv(simple_evoting.SMTEnv__send(int,int,int,simple_evoting.Server,int)).JML normal_behavior operation contract.0.key 
85403      INFO  main            d.u.i.k.p.r.p.TestFile    ... finished proof: closed. 
85602      INFO  main            d.u.i.k.p.r.p.TestFile    Now processing file /home/runner/work/key/key/key.core/../key.ui/examples/InformationFlow/SimpleEvoting/simple_evoting.NetworkClient(simple_evoting.NetworkClient__send((B,simple_evoting.Server,int)).JML normal_behavior operation contract.0.key 
88719      INFO  main            d.u.i.k.p.r.p.TestFile    ... finished proof: closed. 
88894      INFO  main            d.u.i.k.p.r.p.TestFile    Now processing file /home/runner/work/key/key/key.core/../key.ui/examples/InformationFlow/SimpleEvoting/simple_evoting.Setup(simple_evoting.Setup__publishResult()).JML normal_behavior operation contract.0.key 
92491      INFO  main            d.u.i.k.p.r.p.TestFile    ... finished proof: closed. 
92669      INFO  main            d.u.i.k.p.r.p.TestFile    Now processing file /home/runner/work/key/key/key.core/../key.ui/examples/InformationFlow/SimpleEvoting/simple_evoting.Setup(simple_evoting.Setup__main()).JML normal_behavior operation contract.0.key 
129004     INFO  main            d.u.i.k.p.r.p.TestFile    ... finished proof: open goal(s) 
129266     INFO  main            d.u.i.k.p.r.p.TestFile    Now processing file /home/runner/work/key/key/key.core/../key.ui/examples/InformationFlow/SimpleEvoting/simple_evoting.Setup(java.lang.Object___inv_()).JML accessible clause.0.key 
135862     INFO  main            d.u.i.k.p.r.p.TestFile    ... finished proof: closed. 
136172     INFO  main            d.u.i.k.p.r.p.TestFile    Now processing file /home/runner/work/key/key/key.core/../key.ui/examples/InformationFlow/SimpleEvoting/simple_evoting.Voter(simple_evoting.Voter__onSendBallot(simple_evoting.Server)).JML normal_behavior operation contract.1.key 
143250     INFO  main            d.u.i.k.p.r.p.TestFile    ... finished proof: closed. 
143475     INFO  main            d.u.i.k.p.r.p.TestFile    Now processing file /home/runner/work/key/key/key.core/../key.ui/examples/InformationFlow/SimpleEvoting/simple_evoting.Voter(simple_evoting.Voter__onSendBallot(simple_evoting.Server)).JML normal_behavior operation contract.0.key 
153366     INFO  main            d.u.i.k.p.r.p.TestFile    ... finished proof: closed. 
153607     INFO  main            d.u.i.k.p.r.p.TestFile    Now processing file /home/runner/work/key/key/key.core/../key.ui/examples/InformationFlow/SimpleEvoting/simple_evoting.Voter(java.lang.Object___inv_()).JML accessible clause.0.key 
156748     INFO  main            d.u.i.k.p.r.p.TestFile    ... finished proof: closed. 
679423     INFO  Test worker     d.u.i.k.p.r.RunAllProofsTestUnit Returning from test SimpleEvoting 
679425     INFO  Test worker     d.u.i.k.p.r.RunAllProofsTestUnit Running test ToyVoting_nomacro 
325        INFO  Timeout watchdog d.u.i.k.p.r.p.ForkedTestFileRunner Timeout watcher launched (1000 secs.) 
334        WARN  main            d.u.i.k.s.ProofSettings   The settings in /home/runner/.key/proof-settings.props are *not* read. 
378        INFO  main            d.u.i.k.p.r.p.TestFile    Now processing file /home/runner/work/key/key/key.core/../key.ui/examples/InformationFlow/ToyVoting/Voter(Voter__insecure_voting()).Non-interference contract.0.key 
20378      INFO  main            d.u.i.k.p.r.p.TestFile    ... finished proof: open goal(s) 
20573      INFO  main            d.u.i.k.p.r.p.TestFile    Now processing file /home/runner/work/key/key/key.core/../key.ui/examples/InformationFlow/ToyVoting/Voter(Voter__publishVoterParticipation()).Non-interference contract.0.key 
23683      INFO  main            d.u.i.k.p.r.p.TestFile    ... finished proof: closed. 
23899      INFO  main            d.u.i.k.p.r.p.TestFile    Now processing file /home/runner/work/key/key/key.core/../key.ui/examples/InformationFlow/ToyVoting/Voter(Voter__isValid(int)).Non-interference contract.0.key 
26912      INFO  main            d.u.i.k.p.r.p.TestFile    ... finished proof: closed. 
27074      INFO  main            d.u.i.k.p.r.p.TestFile    Now processing file /home/runner/work/key/key/key.core/../key.ui/examples/InformationFlow/ToyVoting/Voter(Voter__sendVote(int)).Non-interference contract.0.key 
29933      INFO  main            d.u.i.k.p.r.p.TestFile    ... finished proof: closed. 
30067      INFO  main            d.u.i.k.p.r.p.TestFile    Now processing file /home/runner/work/key/key/key.core/../key.ui/examples/InformationFlow/ToyVoting/Voter(Voter__inputVote()).Non-interference contract.0.key 
32825      INFO  main            d.u.i.k.p.r.p.TestFile    ... finished proof: closed. 
712549     INFO  Test worker     d.u.i.k.p.r.RunAllProofsTestUnit Returning from test ToyVoting_nomacro 
712553     INFO  Test worker     d.u.i.k.p.r.RunAllProofsTestUnit Running test ConditionalConfidential_nomacro 
712553     INFO  Test worker     d.u.i.k.p.r.RunAllProofsTestUnit Returning from test ConditionalConfidential_nomacro 
712554     INFO  Test worker     d.u.i.k.p.r.RunAllProofsTestUnit Running test SumExample_nomacro 
330        INFO  Timeout watchdog d.u.i.k.p.r.p.ForkedTestFileRunner Timeout watcher launched (1000 secs.) 
339        WARN  main            d.u.i.k.s.ProofSettings   The settings in /home/runner/.key/proof-settings.props are *not* read. 
360        INFO  main            d.u.i.k.p.r.p.TestFile    Now processing file /home/runner/work/key/key/key.core/../key.ui/examples/InformationFlow/Sum/SumExample(SumExample__getSum()).Non-interference contract.0.key 
11359      INFO  main            d.u.i.k.p.r.p.TestFile    ... finished proof: closed. 
724255     INFO  Test worker     d.u.i.k.p.r.RunAllProofsTestUnit Returning from test SumExample_nomacro 
724257     INFO  Test worker     d.u.i.k.p.r.RunAllProofsTestUnit Running test ToyBanking_nomacro 
323        INFO  Timeout watchdog d.u.i.k.p.r.p.ForkedTestFileRunner Timeout watcher launched (1000 secs.) 
339        WARN  main            d.u.i.k.s.ProofSettings   The settings in /home/runner/.key/proof-settings.props are *not* read. 
369        INFO  main            d.u.i.k.p.r.p.TestFile    Now processing file /home/runner/work/key/key/key.core/../key.ui/examples/InformationFlow/ToyBanking/banking_example.UserAccount(banking_example.UserAccount__getBankAccount(int)).Non-interference contract.0.key 
11654      INFO  main            d.u.i.k.p.r.p.TestFile    ... finished proof: closed. 
11797      INFO  main            d.u.i.k.p.r.p.TestFile    Now processing file /home/runner/work/key/key/key.core/../key.ui/examples/InformationFlow/ToyBanking/banking_example.BankAccount(banking_example.BankAccount__depositMoney(int)).Non-interference contract.0.key 
16017      INFO  main            d.u.i.k.p.r.p.TestFile    ... finished proof: closed. 
16143      INFO  main            d.u.i.k.p.r.p.TestFile    Now processing file /home/runner/work/key/key/key.core/../key.ui/examples/InformationFlow/ToyBanking/banking_example.BankAccount(banking_example.BankAccount__getBalance()).Non-interference contract.0.key 
19284      INFO  main            d.u.i.k.p.r.p.TestFile    ... finished proof: closed. 
19415      INFO  main            d.u.i.k.p.r.p.TestFile    Now processing file /home/runner/work/key/key/key.core/../key.ui/examples/InformationFlow/ToyBanking/banking_example.BankAccount(banking_example.BankAccount__getId()).Non-interference contract.0.key 
22522      INFO  main            d.u.i.k.p.r.p.TestFile    ... finished proof: closed. 
22656      INFO  main            d.u.i.k.p.r.p.TestFile    Now processing file /home/runner/work/key/key/key.core/../key.ui/examples/InformationFlow/ToyBanking/banking_example.Bank(banking_example.Bank__login(int,(C)).Non-interference contract.0.key 
62206      INFO  main            d.u.i.k.p.r.p.TestFile    ... finished proof: open goal(s) 
62475      INFO  main            d.u.i.k.p.r.p.TestFile    Now processing file /home/runner/work/key/key/key.core/../key.ui/examples/InformationFlow/ToyBanking/banking_example2.UserAccount(banking_example2.UserAccount__getBankAccount(int)).Non-interference contract.0.key 
66743      INFO  main            d.u.i.k.p.r.p.TestFile    ... finished proof: closed. 
67010      INFO  main            d.u.i.k.p.r.p.TestFile    Now processing file /home/runner/work/key/key/key.core/../key.ui/examples/InformationFlow/ToyBanking/banking_example2.BankAccount(banking_example2.BankAccount__depositMoney(int)).Non-interference contract.0.key 
70345      INFO  main            d.u.i.k.p.r.p.TestFile    ... finished proof: closed. 
70506      INFO  main            d.u.i.k.p.r.p.TestFile    Now processing file /home/runner/work/key/key/key.core/../key.ui/examples/InformationFlow/ToyBanking/banking_example2.BankAccount(banking_example2.BankAccount__getBalance()).Non-interference contract.0.key 
73335      INFO  main            d.u.i.k.p.r.p.TestFile    ... finished proof: closed. 
73485      INFO  main            d.u.i.k.p.r.p.TestFile    Now processing file /home/runner/work/key/key/key.core/../key.ui/examples/InformationFlow/ToyBanking/banking_example2.BankAccount(banking_example2.BankAccount__getId()).Non-interference contract.0.key 
76316      INFO  main            d.u.i.k.p.r.p.TestFile    ... finished proof: closed. 
800939     INFO  Test worker     d.u.i.k.p.r.RunAllProofsTestUnit Returning from test ToyBanking_nomacro 
800940     INFO  Test worker     d.u.i.k.p.r.RunAllProofsTestUnit Running test BlockContracts_nomacro 
349        INFO  Timeout watchdog d.u.i.k.p.r.p.ForkedTestFileRunner Timeout watcher launched (1000 secs.) 
347        WARN  main            d.u.i.k.s.ProofSettings   The settings in /home/runner/.key/proof-settings.props are *not* read. 
389        INFO  main            d.u.i.k.p.r.p.TestFile    Now processing file /home/runner/work/key/key/key.core/../key.ui/examples/InformationFlow/BlockContracts/contract.IFBlockExamples(contract.IFBlockExamples__secure_5()).Non-interference contract.0.key 
9582       INFO  main            d.u.i.k.p.r.p.TestFile    ... finished proof: closed. 
9710       INFO  main            d.u.i.k.p.r.p.TestFile    Now processing file /home/runner/work/key/key/key.core/../key.ui/examples/InformationFlow/BlockContracts/contract.IFBlockExamples(contract.IFBlockExamples__block_no_return_secure(int)).Non-interference contract.0.key 
13208      INFO  main            d.u.i.k.p.r.p.TestFile    ... finished proof: closed. 
13342      INFO  main            d.u.i.k.p.r.p.TestFile    Now processing file /home/runner/work/key/key/key.core/../key.ui/examples/InformationFlow/BlockContracts/contract.IFBlockExamples(contract.IFBlockExamples__while_block_insecure(int)).Non-interference contract.0.key 
17450      INFO  main            d.u.i.k.p.r.p.TestFile    ... finished proof: open goal(s) 
17610      INFO  main            d.u.i.k.p.r.p.TestFile    Now processing file /home/runner/work/key/key/key.core/../key.ui/examples/InformationFlow/BlockContracts/contract.IFBlockExamples(contract.IFBlockExamples__while_block_secure(int)).Non-interference contract.0.key 
21344      INFO  main            d.u.i.k.p.r.p.TestFile    ... finished proof: closed. 
21518      INFO  main            d.u.i.k.p.r.p.TestFile    Now processing file /home/runner/work/key/key/key.core/../key.ui/examples/InformationFlow/BlockContracts/contract.IFBlockExamples(contract.IFBlockExamples__block_while_secure(int)).Non-interference contract.0.key 
25509      INFO  main            d.u.i.k.p.r.p.TestFile    ... finished proof: closed. 
25686      INFO  main            d.u.i.k.p.r.p.TestFile    Now processing file /home/runner/work/key/key/key.core/../key.ui/examples/InformationFlow/BlockContracts/contract.IFBlockExamples(contract.IFBlockExamples__insecure_4(int)).Non-interference contract.0.key 
30249      INFO  main            d.u.i.k.p.r.p.TestFile    ... finished proof: open goal(s) 
30441      INFO  main            d.u.i.k.p.r.p.TestFile    Now processing file /home/runner/work/key/key/key.core/../key.ui/examples/InformationFlow/BlockContracts/contract.IFBlockExamples(contract.IFBlockExamples__insecure_3(int)).Non-interference contract.0.key 
34935      INFO  main            d.u.i.k.p.r.p.TestFile    ... finished proof: open goal(s) 
35156      INFO  main            d.u.i.k.p.r.p.TestFile    Now processing file /home/runner/work/key/key/key.core/../key.ui/examples/InformationFlow/BlockContracts/contract.IFBlockExamples(contract.IFBlockExamples__secure_3(int)).Non-interference contract.0.key 
39392      INFO  main            d.u.i.k.p.r.p.TestFile    ... finished proof: closed. 
39633      INFO  main            d.u.i.k.p.r.p.TestFile    Now processing file /home/runner/work/key/key/key.core/../key.ui/examples/InformationFlow/BlockContracts/contract.IFBlockExamples(contract.IFBlockExamples__secure_2(int)).Non-interference contract.0.key 
44256      INFO  main            d.u.i.k.p.r.p.TestFile    ... finished proof: closed. 
44500      INFO  main            d.u.i.k.p.r.p.TestFile    Now processing file /home/runner/work/key/key/key.core/../key.ui/examples/InformationFlow/BlockContracts/contract.IFBlockExamples(contract.IFBlockExamples__secure_8(int)).Non-interference contract.0.key 
47645      INFO  main            d.u.i.k.p.r.p.TestFile    ... finished proof: closed. 
47873      INFO  main            d.u.i.k.p.r.p.TestFile    Now processing file /home/runner/work/key/key/key.core/../key.ui/examples/InformationFlow/BlockContracts/contract.IFBlockExamples(contract.IFBlockExamples__secure_7(int)).Non-interference contract.0.key 
50822      INFO  main            d.u.i.k.p.r.p.TestFile    ... finished proof: closed. 
50980      INFO  main            d.u.i.k.p.r.p.TestFile    Now processing file /home/runner/work/key/key/key.core/../key.ui/examples/InformationFlow/BlockContracts/contract.IFBlockExamples(contract.IFBlockExamples__secure_6(int)).Non-interference contract.0.key 
53910      INFO  main            d.u.i.k.p.r.p.TestFile    ... finished proof: closed. 
54134      INFO  main            d.u.i.k.p.r.p.TestFile    Now processing file /home/runner/work/key/key/key.core/../key.ui/examples/InformationFlow/BlockContracts/contract.IFBlockExamples(contract.IFBlockExamples__insecure_1(int)).Non-interference contract.0.key 
57205      INFO  main            d.u.i.k.p.r.p.TestFile    ... finished proof: open goal(s) 
57383      INFO  main            d.u.i.k.p.r.p.TestFile    Now processing file /home/runner/work/key/key/key.core/../key.ui/examples/InformationFlow/BlockContracts/contract.IFBlockExamples(contract.IFBlockExamples__secure_4(int)).Non-interference contract.0.key 
60415      INFO  main            d.u.i.k.p.r.p.TestFile    ... finished proof: closed. 
60599      INFO  main            d.u.i.k.p.r.p.TestFile    Now processing file /home/runner/work/key/key/key.core/../key.ui/examples/InformationFlow/BlockContracts/contract.IFBlockExamples(contract.IFBlockExamples__secure_1(int)).Non-interference contract.0.key 
63807      INFO  main            d.u.i.k.p.r.p.TestFile    ... finished proof: closed. 
63988      INFO  main            d.u.i.k.p.r.p.TestFile    Now processing file /home/runner/work/key/key/key.core/../key.ui/examples/InformationFlow/BlockContracts/contract.IFEfficiencyExamples(contract.IFEfficiencyExamples__mWithoutBlockContract()).Non-interference contract.0.key 
69164      INFO  main            d.u.i.k.p.r.p.TestFile    ... finished proof: closed. 
69395      INFO  main            d.u.i.k.p.r.p.TestFile    Now processing file /home/runner/work/key/key/key.core/../key.ui/examples/InformationFlow/BlockContracts/contract.IFEfficiencyExamples(contract.IFEfficiencyExamples__mWithBlockContract()).Non-interference contract.0.key 
74172      INFO  main            d.u.i.k.p.r.p.TestFile    ... finished proof: closed. 
875495     INFO  Test worker     d.u.i.k.p.r.RunAllProofsTestUnit Returning from test BlockContracts_nomacro 
875496     INFO  Test worker     d.u.i.k.p.r.RunAllProofsTestUnit Running test MethodContracts_nomacro 
354        INFO  Timeout watchdog d.u.i.k.p.r.p.ForkedTestFileRunner Timeout watcher launched (1000 secs.) 
361        WARN  main            d.u.i.k.s.ProofSettings   The settings in /home/runner/.key/proof-settings.props are *not* read. 
382        INFO  main            d.u.i.k.p.r.p.TestFile    Now processing file /home/runner/work/key/key/key.core/../key.ui/examples/InformationFlow/MethodContracts/contract.IFMethodContract(contract.IFMethodContract__secure_recursion_2((I,int)).Non-interference contract.0.key 
11326      INFO  main            d.u.i.k.p.r.p.TestFile    ... finished proof: closed. 
11490      INFO  main            d.u.i.k.p.r.p.TestFile    Now processing file /home/runner/work/key/key/key.core/../key.ui/examples/InformationFlow/MethodContracts/contract.IFMethodContract(contract.IFMethodContract__secure_recursion(int)).Non-interference contract.0.key 
14795      INFO  main            d.u.i.k.p.r.p.TestFile    ... finished proof: closed. 
14924      INFO  main            d.u.i.k.p.r.p.TestFile    Now processing file /home/runner/work/key/key/key.core/../key.ui/examples/InformationFlow/MethodContracts/contract.IFMethodContract(contract.IFMethodContract__secure_catch_exception()).Non-interference contract.0.key 
18050      INFO  main            d.u.i.k.p.r.p.TestFile    ... finished proof: closed. 
18175      INFO  main            d.u.i.k.p.r.p.TestFile    Now processing file /home/runner/work/key/key/key.core/../key.ui/examples/InformationFlow/MethodContracts/contract.IFMethodContract(contract.IFMethodContract__n6()).Non-interference contract.0.key 
21082      INFO  main            d.u.i.k.p.r.p.TestFile    ... finished proof: closed. 
21199      INFO  main            d.u.i.k.p.r.p.TestFile    Now processing file /home/runner/work/key/key/key.core/../key.ui/examples/InformationFlow/MethodContracts/contract.IFMethodContract(contract.IFMethodContract__secure_n6()).Non-interference contract.0.key 
24106      INFO  main            d.u.i.k.p.r.p.TestFile    ... finished proof: closed. 
24228      INFO  main            d.u.i.k.p.r.p.TestFile    Now processing file /home/runner/work/key/key/key.core/../key.ui/examples/InformationFlow/MethodContracts/contract.IFMethodContract(contract.IFMethodContract__secure_array_param((I,int)).Non-interference contract.0.key 
27935      INFO  main            d.u.i.k.p.r.p.TestFile    ... finished proof: closed. 
28064      INFO  main            d.u.i.k.p.r.p.TestFile    Now processing file /home/runner/work/key/key/key.core/../key.ui/examples/InformationFlow/MethodContracts/contract.IFMethodContract(contract.IFMethodContract__secure_assignment_0_n9()).Non-interference contract.0.key 
31048      INFO  main            d.u.i.k.p.r.p.TestFile    ... finished proof: closed. 
31185      INFO  main            d.u.i.k.p.r.p.TestFile    Now processing file /home/runner/work/key/key/key.core/../key.ui/examples/InformationFlow/MethodContracts/contract.IFMethodContract(contract.IFMethodContract__insecure_if_high_n5_n1()).Non-interference contract.0.key 
34556      INFO  main            d.u.i.k.p.r.p.TestFile    ... finished proof: open goal(s) 
34701      INFO  main            d.u.i.k.p.r.p.TestFile    Now processing file /home/runner/work/key/key/key.core/../key.ui/examples/InformationFlow/MethodContracts/contract.IFMethodContract(contract.IFMethodContract__n5(int)).Non-interference contract.0.key 
37529      INFO  main            d.u.i.k.p.r.p.TestFile    ... finished proof: closed. 
37669      INFO  main            d.u.i.k.p.r.p.TestFile    Now processing file /home/runner/work/key/key/key.core/../key.ui/examples/InformationFlow/MethodContracts/contract.IFMethodContract(contract.IFMethodContract__secure_if_high_n5_n1()).Non-interference contract.0.key 
41437      INFO  main            d.u.i.k.p.r.p.TestFile    ... finished proof: closed. 
41614      INFO  main            d.u.i.k.p.r.p.TestFile    Now processing file /home/runner/work/key/key/key.core/../key.ui/examples/InformationFlow/MethodContracts/contract.IFMethodContract(contract.IFMethodContract__secure_if_high_n1()).Non-interference contract.0.key 
44804      INFO  main            d.u.i.k.p.r.p.TestFile    ... finished proof: closed. 
44977      INFO  main            d.u.i.k.p.r.p.TestFile    Now processing file /home/runner/work/key/key/key.core/../key.ui/examples/InformationFlow/MethodContracts/contract.IFMethodContract(contract.IFMethodContract__secure_n5()).Non-interference contract.0.key 
47812      INFO  main            d.u.i.k.p.r.p.TestFile    ... finished proof: closed. 
47955      INFO  main            d.u.i.k.p.r.p.TestFile    Now processing file /home/runner/work/key/key/key.core/../key.ui/examples/InformationFlow/MethodContracts/contract.IFMethodContract(contract.IFMethodContract__n4()).Non-interference contract.0.key 
50638      INFO  main            d.u.i.k.p.r.p.TestFile    ... finished proof: closed. 
50781      INFO  main            d.u.i.k.p.r.p.TestFile    Now processing file /home/runner/work/key/key/key.core/../key.ui/examples/InformationFlow/MethodContracts/contract.IFMethodContract(contract.IFMethodContract__n3()).Non-interference contract.0.key 
53457      INFO  main            d.u.i.k.p.r.p.TestFile    ... finished proof: closed. 
53601      INFO  main            d.u.i.k.p.r.p.TestFile    Now processing file /home/runner/work/key/key/key.core/../key.ui/examples/InformationFlow/MethodContracts/contract.IFMethodContract(contract.IFMethodContract__secure_sequential_n3_precond_n4()).Non-interference contract.0.key 
56480      INFO  main            d.u.i.k.p.r.p.TestFile    ... finished proof: closed. 
56642      INFO  main            d.u.i.k.p.r.p.TestFile    Now processing file /home/runner/work/key/key/key.core/../key.ui/examples/InformationFlow/MethodContracts/contract.IFMethodContract(contract.IFMethodContract__insecure_assignment_n2()).Non-interference contract.0.key 
59431      INFO  main            d.u.i.k.p.r.p.TestFile    ... finished proof: open goal(s) 
59593      INFO  main            d.u.i.k.p.r.p.TestFile    Now processing file /home/runner/work/key/key/key.core/../key.ui/examples/InformationFlow/MethodContracts/contract.IFMethodContract(contract.IFMethodContract__secure_assignments_n2()).Non-interference contract.0.key 
62374      INFO  main            d.u.i.k.p.r.p.TestFile    ... finished proof: closed. 
62532      INFO  main            d.u.i.k.p.r.p.TestFile    Now processing file /home/runner/work/key/key/key.core/../key.ui/examples/InformationFlow/MethodContracts/contract.IFMethodContract(contract.IFMethodContract__n2()).Non-interference contract.0.key 
65294      INFO  main            d.u.i.k.p.r.p.TestFile    ... finished proof: closed. 
65457      INFO  main            d.u.i.k.p.r.p.TestFile    Now processing file /home/runner/work/key/key/key.core/../key.ui/examples/InformationFlow/MethodContracts/contract.IFMethodContract(contract.IFMethodContract__n1()).Non-interference contract.0.key 
68165      INFO  main            d.u.i.k.p.r.p.TestFile    ... finished proof: closed. 
68325      INFO  main            d.u.i.k.p.r.p.TestFile    Now processing file /home/runner/work/key/key/key.core/../key.ui/examples/InformationFlow/MethodContracts/contract.IFMethodContract(contract.IFMethodContract__secure_sequential_n1_n2()).Non-interference contract.0.key 
71086      INFO  main            d.u.i.k.p.r.p.TestFile    ... finished proof: closed. 
946936     INFO  Test worker     d.u.i.k.p.r.RunAllProofsTestUnit Returning from test MethodContracts_nomacro 
946937     INFO  Test worker     d.u.i.k.p.r.RunAllProofsTestUnit Running test LoopInvariants_nomacro 
379        INFO  Timeout watchdog d.u.i.k.p.r.p.ForkedTestFileRunner Timeout watcher launched (1000 secs.) 
392        WARN  main            d.u.i.k.s.ProofSettings   The settings in /home/runner/.key/proof-settings.props are *not* read. 
414        INFO  main            d.u.i.k.p.r.p.TestFile    Now processing file /home/runner/work/key/key/key.core/../key.ui/examples/InformationFlow/LoopInvariants/loop.IFLoopExamples(loop.IFLoopExamples__insecure_while_3(int)).Non-interference contract.0.key 
10888      INFO  main            d.u.i.k.p.r.p.TestFile    ... finished proof: open goal(s) 
11021      INFO  main            d.u.i.k.p.r.p.TestFile    Now processing file /home/runner/work/key/key/key.core/../key.ui/examples/InformationFlow/LoopInvariants/loop.IFLoopExamples(loop.IFLoopExamples__secure_while_2(int)).Non-interference contract.0.key 
15760      INFO  main            d.u.i.k.p.r.p.TestFile    ... finished proof: closed. 
15948      INFO  main            d.u.i.k.p.r.p.TestFile    Now processing file /home/runner/work/key/key/key.core/../key.ui/examples/InformationFlow/LoopInvariants/loop.IFLoopExamples(loop.IFLoopExamples__secure_while_4(int)).Non-interference contract.0.key 
20303      INFO  main            d.u.i.k.p.r.p.TestFile    ... finished proof: closed. 
20442      INFO  main            d.u.i.k.p.r.p.TestFile    Now processing file /home/runner/work/key/key/key.core/../key.ui/examples/InformationFlow/LoopInvariants/loop.IFLoopExamples(loop.IFLoopExamples__insecure_doubleNestedWhile2(int)).Non-interference contract.0.key 
31920      INFO  main            d.u.i.k.p.r.p.TestFile    ... finished proof: open goal(s) 
32133      INFO  main            d.u.i.k.p.r.p.TestFile    Now processing file /home/runner/work/key/key/key.core/../key.ui/examples/InformationFlow/LoopInvariants/loop.IFLoopExamples(loop.IFLoopExamples__insecure_doubleNestedWhile(int)).Non-interference contract.0.key 
42474      INFO  main            d.u.i.k.p.r.p.TestFile    ... finished proof: open goal(s) 
42756      INFO  main            d.u.i.k.p.r.p.TestFile    Now processing file /home/runner/work/key/key/key.core/../key.ui/examples/InformationFlow/LoopInvariants/loop.IFLoopExamples(loop.IFLoopExamples__secure_doubleNestedWhile(int)).Non-interference contract.0.key 
52602      INFO  main            d.u.i.k.p.r.p.TestFile    ... finished proof: closed. 
52902      INFO  main            d.u.i.k.p.r.p.TestFile    Now processing file /home/runner/work/key/key/key.core/../key.ui/examples/InformationFlow/LoopInvariants/loop.IFLoopExamples(loop.IFLoopExamples__secure_nestedTwoWhile(int)).Non-interference contract.0.key 
60918      INFO  main            d.u.i.k.p.r.p.TestFile    ... finished proof: closed. 
61115      INFO  main            d.u.i.k.p.r.p.TestFile    Now processing file /home/runner/work/key/key/key.core/../key.ui/examples/InformationFlow/LoopInvariants/loop.IFLoopExamples(loop.IFLoopExamples__secure_nestedWhile(int)).Non-interference contract.0.key 
66963      INFO  main            d.u.i.k.p.r.p.TestFile    ... finished proof: closed. 
67130      INFO  main            d.u.i.k.p.r.p.TestFile    Now processing file /home/runner/work/key/key/key.core/../key.ui/examples/InformationFlow/LoopInvariants/loop.IFLoopExamples(loop.IFLoopExamples__notSecure_while(int)).Non-interference contract.0.key 
71076      INFO  main            d.u.i.k.p.r.p.TestFile    ... finished proof: open goal(s) 
71250      INFO  main            d.u.i.k.p.r.p.TestFile    Now processing file /home/runner/work/key/key/key.core/../key.ui/examples/InformationFlow/LoopInvariants/loop.IFLoopExamples(loop.IFLoopExamples__notSecure_while_wrongInv(int)).Non-interference contract.0.key 
74432      INFO  main            d.u.i.k.p.r.p.TestFile    ... finished proof: open goal(s) 
74615      INFO  main            d.u.i.k.p.r.p.TestFile    Now processing file /home/runner/work/key/key/key.core/../key.ui/examples/InformationFlow/LoopInvariants/loop.IFLoopExamples(loop.IFLoopExamples__insecure_twoWhile(int)).Non-interference contract.0.key 
79281      INFO  main            d.u.i.k.p.r.p.TestFile    ... finished proof: open goal(s) 
79471      INFO  main            d.u.i.k.p.r.p.TestFile    Now processing file /home/runner/work/key/key/key.core/../key.ui/examples/InformationFlow/LoopInvariants/loop.IFLoopExamples(loop.IFLoopExamples__insecure_twoWhile_2(int)).Non-interference contract.0.key 
84453      INFO  main            d.u.i.k.p.r.p.TestFile    ... finished proof: open goal(s) 
84690      INFO  main            d.u.i.k.p.r.p.TestFile    Now processing file /home/runner/work/key/key/key.core/../key.ui/examples/InformationFlow/LoopInvariants/loop.IFLoopExamples(loop.IFLoopExamples__secure_twoWhile(int)).Non-interference contract.0.key 
89218      INFO  main            d.u.i.k.p.r.p.TestFile    ... finished proof: closed. 
89456      INFO  main            d.u.i.k.p.r.p.TestFile    Now processing file /home/runner/work/key/key/key.core/../key.ui/examples/InformationFlow/LoopInvariants/loop.IFLoopExamples(loop.IFLoopExamples__loc_secure_while(int)).Non-interference contract.0.key 
93358      INFO  main            d.u.i.k.p.r.p.TestFile    ... finished proof: closed. 
93530      INFO  main            d.u.i.k.p.r.p.TestFile    Now processing file /home/runner/work/key/key/key.core/../key.ui/examples/InformationFlow/LoopInvariants/loop.IFLoopExamples(loop.IFLoopExamples__secure_while(int)).Non-interference contract.0.key 
97192      INFO  main            d.u.i.k.p.r.p.TestFile    ... finished proof: closed. 
97357      INFO  main            d.u.i.k.p.r.p.TestFile    Now processing file /home/runner/work/key/key/key.core/../key.ui/examples/InformationFlow/LoopInvariants/loop.IFLoopExamples(loop.IFLoopExamples__print(int)).Non-interference contract.0.key 
100174     INFO  main            d.u.i.k.p.r.p.TestFile    ... finished proof: closed. 
100319     INFO  main            d.u.i.k.p.r.p.TestFile    Now processing file /home/runner/work/key/key/key.core/../key.ui/examples/InformationFlow/LoopInvariants/loop.IFLoopExamples(loop.IFLoopExamples__hammer(int)).Non-interference contract.0.key 
104978     INFO  main            d.u.i.k.p.r.p.TestFile    ... finished proof: closed. 
1052262    INFO  Test worker     d.u.i.k.p.r.RunAllProofsTestUnit Returning from test LoopInvariants_nomacro 
1052263    INFO  Test worker     d.u.i.k.p.r.RunAllProofsTestUnit Running test MiniExamples_nomacro 
361        INFO  Timeout watchdog d.u.i.k.p.r.p.ForkedTestFileRunner Timeout watcher launched (1000 secs.) 
378        WARN  main            d.u.i.k.s.ProofSettings   The settings in /home/runner/.key/proof-settings.props are *not* read. 
404        INFO  main            d.u.i.k.p.r.p.TestFile    Now processing file /home/runner/work/key/key/key.core/../key.ui/examples/InformationFlow/MiniExamples/mini.AliasingExamples(mini.AliasingExamples__insecure_1(mini.AliasingExamples,mini.AliasingExamples,int)).Non-interference contract.0.key 
9553       INFO  main            d.u.i.k.p.r.p.TestFile    ... finished proof: open goal(s) 
9655       INFO  main            d.u.i.k.p.r.p.TestFile    Now processing file /home/runner/work/key/key/key.core/../key.ui/examples/InformationFlow/MiniExamples/mini.AliasingExamples(mini.AliasingExamples__secure_1(mini.AliasingExamples,mini.AliasingExamples,int)).Non-interference contract.0.key 
12950      INFO  main            d.u.i.k.p.r.p.TestFile    ... finished proof: closed. 
13061      INFO  main            d.u.i.k.p.r.p.TestFile    Now processing file /home/runner/work/key/key/key.core/../key.ui/examples/InformationFlow/MiniExamples/mini.MiniExamplesLecture(mini.MiniExamplesLecture__m_6()).Non-interference contract.0.key 
16034      INFO  main            d.u.i.k.p.r.p.TestFile    ... finished proof: closed. 
16160      INFO  main            d.u.i.k.p.r.p.TestFile    Now processing file /home/runner/work/key/key/key.core/../key.ui/examples/InformationFlow/MiniExamples/mini.MiniExamplesLecture(mini.MiniExamplesLecture__m_5()).Non-interference contract.0.key 
19106      INFO  main            d.u.i.k.p.r.p.TestFile    ... finished proof: closed. 
19220      INFO  main            d.u.i.k.p.r.p.TestFile    Now processing file /home/runner/work/key/key/key.core/../key.ui/examples/InformationFlow/MiniExamples/mini.MiniExamplesLecture(mini.MiniExamplesLecture__m_4()).Non-interference contract.0.key 
22128      INFO  main            d.u.i.k.p.r.p.TestFile    ... finished proof: closed. 
22251      INFO  main            d.u.i.k.p.r.p.TestFile    Now processing file /home/runner/work/key/key/key.core/../key.ui/examples/InformationFlow/MiniExamples/mini.MiniExamplesLecture(mini.MiniExamplesLecture__m_3()).Non-interference contract.0.key 
25230      INFO  main            d.u.i.k.p.r.p.TestFile    ... finished proof: open goal(s) 
25344      INFO  main            d.u.i.k.p.r.p.TestFile    Now processing file /home/runner/work/key/key/key.core/../key.ui/examples/InformationFlow/MiniExamples/mini.MiniExamplesLecture(mini.MiniExamplesLecture__m_2()).Non-interference contract.0.key 
28189      INFO  main            d.u.i.k.p.r.p.TestFile    ... finished proof: closed. 
28328      INFO  main            d.u.i.k.p.r.p.TestFile    Now processing file /home/runner/work/key/key/key.core/../key.ui/examples/InformationFlow/MiniExamples/mini.MiniExamplesLecture(mini.MiniExamplesLecture__m_1()).Non-interference contract.0.key 
31066      INFO  main            d.u.i.k.p.r.p.TestFile    ... finished proof: open goal(s) 
31259      INFO  main            d.u.i.k.p.r.p.TestFile    Now processing file /home/runner/work/key/key/key.core/../key.ui/examples/InformationFlow/MiniExamples/mini.DifferenceSeqLocset(mini.DifferenceSeqLocset__m()).Non-interference contract.1.key 
34586      INFO  main            d.u.i.k.p.r.p.TestFile    ... finished proof: open goal(s) 
34776      INFO  main            d.u.i.k.p.r.p.TestFile    Now processing file /home/runner/work/key/key/key.core/../key.ui/examples/InformationFlow/MiniExamples/mini.DifferenceSeqLocset(mini.DifferenceSeqLocset__m()).Non-interference contract.0.key 
39224      INFO  main            d.u.i.k.p.r.p.TestFile    ... finished proof: open goal(s) 
39379      INFO  main            d.u.i.k.p.r.p.TestFile    Now processing file /home/runner/work/key/key/key.core/../key.ui/examples/InformationFlow/MiniExamples/mini.MiniExamples(mini.MiniExamples__secure_p2_8()).Non-interference contract.0.key 
42312      INFO  main            d.u.i.k.p.r.p.TestFile    ... finished proof: closed. 
42458      INFO  main            d.u.i.k.p.r.p.TestFile    Now processing file /home/runner/work/key/key/key.core/../key.ui/examples/InformationFlow/MiniExamples/mini.MiniExamples(mini.MiniExamples__secure_parameter(int)).Non-interference contract.0.key 
45158      INFO  main            d.u.i.k.p.r.p.TestFile    ... finished proof: closed. 
45300      INFO  main            d.u.i.k.p.r.p.TestFile    Now processing file /home/runner/work/key/key/key.core/../key.ui/examples/InformationFlow/MiniExamples/mini.MiniExamples(mini.MiniExamples__secure_p2_7()).Non-interference contract.0.key 
48184      INFO  main            d.u.i.k.p.r.p.TestFile    ... finished proof: closed. 
48326      INFO  main            d.u.i.k.p.r.p.TestFile    Now processing file /home/runner/work/key/key/key.core/../key.ui/examples/InformationFlow/MiniExamples/mini.MiniExamples(mini.MiniExamples__insecure_p2_2()).Non-interference contract.0.key 
51113      INFO  main            d.u.i.k.p.r.p.TestFile    ... finished proof: open goal(s) 
51262      INFO  main            d.u.i.k.p.r.p.TestFile    Now processing file /home/runner/work/key/key/key.core/../key.ui/examples/InformationFlow/MiniExamples/mini.MiniExamples(mini.MiniExamples__secure_p2_6()).Non-interference contract.0.key 
53961      INFO  main            d.u.i.k.p.r.p.TestFile    ... finished proof: closed. 
54108      INFO  main            d.u.i.k.p.r.p.TestFile    Now processing file /home/runner/work/key/key/key.core/../key.ui/examples/InformationFlow/MiniExamples/mini.MiniExamples(mini.MiniExamples__secure_p2_5()).Non-interference contract.0.key 
56888      INFO  main            d.u.i.k.p.r.p.TestFile    ... finished proof: closed. 
57044      INFO  main            d.u.i.k.p.r.p.TestFile    Now processing file /home/runner/work/key/key/key.core/../key.ui/examples/InformationFlow/MiniExamples/mini.MiniExamples(mini.MiniExamples__secure_p2_4()).Non-interference contract.0.key 
59706      INFO  main            d.u.i.k.p.r.p.TestFile    ... finished proof: closed. 
59928      INFO  main            d.u.i.k.p.r.p.TestFile    Now processing file /home/runner/work/key/key/key.core/../key.ui/examples/InformationFlow/MiniExamples/mini.MiniExamples(mini.MiniExamples__secure_p2_3()).Non-interference contract.0.key 
62584      INFO  main            d.u.i.k.p.r.p.TestFile    ... finished proof: closed. 
62739      INFO  main            d.u.i.k.p.r.p.TestFile    Now processing file /home/runner/work/key/key/key.core/../key.ui/examples/InformationFlow/MiniExamples/mini.MiniExamples(mini.MiniExamples__secure_p2_2()).Non-interference contract.0.key 
65416      INFO  main            d.u.i.k.p.r.p.TestFile    ... finished proof: closed. 
65573      INFO  main            d.u.i.k.p.r.p.TestFile    Now processing file /home/runner/work/key/key/key.core/../key.ui/examples/InformationFlow/MiniExamples/mini.MiniExamples(mini.MiniExamples__secure_p2_1()).Non-interference contract.0.key 
68236      INFO  main            d.u.i.k.p.r.p.TestFile    ... finished proof: closed. 
68394      INFO  main            d.u.i.k.p.r.p.TestFile    Now processing file /home/runner/work/key/key/key.core/../key.ui/examples/InformationFlow/MiniExamples/mini.MiniExamples(mini.MiniExamples__insecure_p2_1()).Non-interference contract.0.key 
71057      INFO  main            d.u.i.k.p.r.p.TestFile    ... finished proof: open goal(s) 
71219      INFO  main            d.u.i.k.p.r.p.TestFile    Now processing file /home/runner/work/key/key/key.core/../key.ui/examples/InformationFlow/MiniExamples/mini.MiniExamples(mini.MiniExamples__secure_p1_6()).Non-interference contract.0.key 
73874      INFO  main            d.u.i.k.p.r.p.TestFile    ... finished proof: closed. 
74043      INFO  main            d.u.i.k.p.r.p.TestFile    Now processing file /home/runner/work/key/key/key.core/../key.ui/examples/InformationFlow/MiniExamples/mini.MiniExamples(mini.MiniExamples__secure_p1_5()).Non-interference contract.0.key 
76888      INFO  main            d.u.i.k.p.r.p.TestFile    ... finished proof: closed. 
77067      INFO  main            d.u.i.k.p.r.p.TestFile    Now processing file /home/runner/work/key/key/key.core/../key.ui/examples/InformationFlow/MiniExamples/mini.MiniExamples(mini.MiniExamples__secure_p1_4()).Non-interference contract.0.key 
79794      INFO  main            d.u.i.k.p.r.p.TestFile    ... finished proof: closed. 
79970      INFO  main            d.u.i.k.p.r.p.TestFile    Now processing file /home/runner/work/key/key/key.core/../key.ui/examples/InformationFlow/MiniExamples/mini.MiniExamples(mini.MiniExamples__secure_p1_3()).Non-interference contract.0.key 
82633      INFO  main            d.u.i.k.p.r.p.TestFile    ... finished proof: closed. 
82812      INFO  main            d.u.i.k.p.r.p.TestFile    Now processing file /home/runner/work/key/key/key.core/../key.ui/examples/InformationFlow/MiniExamples/mini.MiniExamples(mini.MiniExamples__secure_p1_2()).Non-interference contract.0.key 
85663      INFO  main            d.u.i.k.p.r.p.TestFile    ... finished proof: closed. 
85837      INFO  main            d.u.i.k.p.r.p.TestFile    Now processing file /home/runner/work/key/key/key.core/../key.ui/examples/InformationFlow/MiniExamples/mini.MiniExamples(mini.MiniExamples__secure_p1_1()).Non-interference contract.1.key 
88556      INFO  main            d.u.i.k.p.r.p.TestFile    ... finished proof: closed. 
88737      INFO  main            d.u.i.k.p.r.p.TestFile    Now processing file /home/runner/work/key/key/key.core/../key.ui/examples/InformationFlow/MiniExamples/mini.MiniExamples(mini.MiniExamples__secure_p1_1()).Non-interference contract.0.key 
91457      INFO  main            d.u.i.k.p.r.p.TestFile    ... finished proof: closed. 
91649      INFO  main            d.u.i.k.p.r.p.TestFile    Now processing file /home/runner/work/key/key/key.core/../key.ui/examples/InformationFlow/MiniExamples/mini.MiniExamples(mini.MiniExamples__insecure_p1_2()).Non-interference contract.0.key 
94360      INFO  main            d.u.i.k.p.r.p.TestFile    ... finished proof: open goal(s) 
94559      INFO  main            d.u.i.k.p.r.p.TestFile    Now processing file /home/runner/work/key/key/key.core/../key.ui/examples/InformationFlow/MiniExamples/mini.MiniExamples(mini.MiniExamples__insecure_p1_1()).Non-interference contract.0.key 
97171      INFO  main            d.u.i.k.p.r.p.TestFile    ... finished proof: open goal(s) 
1149788    INFO  Test worker     d.u.i.k.p.r.RunAllProofsTestUnit Returning from test MiniExamples_nomacro 
1149789    INFO  Test worker     d.u.i.k.p.r.RunAllProofsTestUnit Running test NewObjects_nomacro 
374        INFO  Timeout watchdog d.u.i.k.p.r.p.ForkedTestFileRunner Timeout watcher launched (1000 secs.) 
396        WARN  main            d.u.i.k.s.ProofSettings   The settings in /home/runner/.key/proof-settings.props are *not* read. 
417        INFO  main            d.u.i.k.p.r.p.TestFile    Now processing file /home/runner/work/key/key/key.core/../key.ui/examples/InformationFlow/NewObjects/object.AmtoftBanerjee3(object.AmtoftBanerjee3__m()).Non-interference contract.0.key 
9276       INFO  main            d.u.i.k.p.r.p.TestFile    ... finished proof: closed. 
9452       INFO  main            d.u.i.k.p.r.p.TestFile    Now processing file /home/runner/work/key/key/key.core/../key.ui/examples/InformationFlow/NewObjects/object.AmtoftBanerjee(object.AmtoftBanerjee__m_2()).Non-interference contract.0.key 
13650      INFO  main            d.u.i.k.p.r.p.TestFile    ... finished proof: closed. 
13799      INFO  main            d.u.i.k.p.r.p.TestFile    Now processing file /home/runner/work/key/key/key.core/../key.ui/examples/InformationFlow/NewObjects/object.AmtoftBanerjee(object.AmtoftBanerjee__m_1()).Non-interference contract.1.key 
17307      INFO  main            d.u.i.k.p.r.p.TestFile    ... finished proof: open goal(s) 
17434      INFO  main            d.u.i.k.p.r.p.TestFile    Now processing file /home/runner/work/key/key/key.core/../key.ui/examples/InformationFlow/NewObjects/object.AmtoftBanerjee(object.AmtoftBanerjee__m_1()).Non-interference contract.0.key 
20775      INFO  main            d.u.i.k.p.r.p.TestFile    ... finished proof: closed. 
20902      INFO  main            d.u.i.k.p.r.p.TestFile    Now processing file /home/runner/work/key/key/key.core/../key.ui/examples/InformationFlow/NewObjects/object.AmtoftBanerjee(object.AmtoftBanerjee__getQ()).Non-interference contract.0.key 
23803      INFO  main            d.u.i.k.p.r.p.TestFile    ... finished proof: closed. 
23924      INFO  main            d.u.i.k.p.r.p.TestFile    Now processing file /home/runner/work/key/key/key.core/../key.ui/examples/InformationFlow/NewObjects/object.ObjectOrientation(object.ObjectOrientation__secure_while_i((Ljava.lang.Object)).Non-interference contract.0.key 
36651      INFO  main            d.u.i.k.p.r.p.TestFile    ... finished proof: closed. 
36839      INFO  main            d.u.i.k.p.r.p.TestFile    Now processing file /home/runner/work/key/key/key.core/../key.ui/examples/InformationFlow/NewObjects/object.ObjectOrientation(object.ObjectOrientation__secure_method_call()).Non-interference contract.0.key 
40058      INFO  main            d.u.i.k.p.r.p.TestFile    ... finished proof: closed. 
40212      INFO  main            d.u.i.k.p.r.p.TestFile    Now processing file /home/runner/work/key/key/key.core/../key.ui/examples/InformationFlow/NewObjects/object.ObjectOrientation(object.ObjectOrientation__if_two_object_creation_next()).Non-interference contract.1.key 
61457      INFO  main            d.u.i.k.p.r.p.TestFile    ... finished proof: open goal(s) 
61655      INFO  main            d.u.i.k.p.r.p.TestFile    Now processing file /home/runner/work/key/key/key.core/../key.ui/examples/InformationFlow/NewObjects/object.ObjectOrientation(object.ObjectOrientation__insecure_two_object_creation()).Non-interference contract.0.key 
81905      INFO  main            d.u.i.k.p.r.p.TestFile    ... finished proof: open goal(s) 
82171      INFO  main            d.u.i.k.p.r.p.TestFile    Now processing file /home/runner/work/key/key/key.core/../key.ui/examples/InformationFlow/NewObjects/object.ObjectOrientation(object.ObjectOrientation__secure_two_object_creation()).Non-interference contract.0.key 
97107      INFO  main            d.u.i.k.p.r.p.TestFile    ... finished proof: closed. 
97356      INFO  main            d.u.i.k.p.r.p.TestFile    Now processing file /home/runner/work/key/key/key.core/../key.ui/examples/InformationFlow/NewObjects/object.ObjectOrientation(object.ObjectOrientation__insecure_object_assignment()).Non-interference contract.1.key 
107940     INFO  main            d.u.i.k.p.r.p.TestFile    ... finished proof: open goal(s) 
108127     INFO  main            d.u.i.k.p.r.p.TestFile    Now processing file /home/runner/work/key/key/key.core/../key.ui/examples/InformationFlow/NewObjects/object.ObjectOrientation(object.ObjectOrientation__insecure_object_assignment()).Non-interference contract.0.key 
110989     INFO  main            d.u.i.k.p.r.p.TestFile    ... finished proof: open goal(s) 
111152     INFO  main            d.u.i.k.p.r.p.TestFile    Now processing file /home/runner/work/key/key/key.core/../key.ui/examples/InformationFlow/NewObjects/object.ObjectOrientation(object.ObjectOrientation__secure_object_creation_3()).Non-interference contract.0.key 
114263     INFO  main            d.u.i.k.p.r.p.TestFile    ... finished proof: closed. 
114430     INFO  main            d.u.i.k.p.r.p.TestFile    Now processing file /home/runner/work/key/key/key.core/../key.ui/examples/InformationFlow/NewObjects/object.ObjectOrientation(object.ObjectOrientation__secure_object_creation_2()).Non-interference contract.0.key 
117371     INFO  main            d.u.i.k.p.r.p.TestFile    ... finished proof: closed. 
117528     INFO  main            d.u.i.k.p.r.p.TestFile    Now processing file /home/runner/work/key/key/key.core/../key.ui/examples/InformationFlow/NewObjects/object.ObjectOrientation(object.ObjectOrientation__secure_object_creation()).Non-interference contract.0.key 
120919     INFO  main            d.u.i.k.p.r.p.TestFile    ... finished proof: closed. 
121089     INFO  main            d.u.i.k.p.r.p.TestFile    Now processing file /home/runner/work/key/key/key.core/../key.ui/examples/InformationFlow/NewObjects/object.AmtoftBanerjee2(object.AmtoftBanerjee2__expensive(int)).Non-interference contract.0.key 
123863     INFO  main            d.u.i.k.p.r.p.TestFile    ... finished proof: closed. 
124017     INFO  main            d.u.i.k.p.r.p.TestFile    Now processing file /home/runner/work/key/key/key.core/../key.ui/examples/InformationFlow/NewObjects/object.AmtoftBanerjee2(object.AmtoftBanerjee2__cexp(int)).Non-interference contract.0.key 
128095     INFO  main            d.u.i.k.p.r.p.TestFile    ... finished proof: closed. 
1278241    INFO  Test worker     d.u.i.k.p.r.RunAllProofsTestUnit Returning from test NewObjects_nomacro 
1278242    INFO  Test worker     d.u.i.k.p.r.RunAllProofsTestUnit Running test SimpleEvoting_nomacro 
351        INFO  Timeout watchdog d.u.i.k.p.r.p.ForkedTestFileRunner Timeout watcher launched (1000 secs.) 
359        WARN  main            d.u.i.k.s.ProofSettings   The settings in /home/runner/.key/proof-settings.props are *not* read. 
385        INFO  main            d.u.i.k.p.r.p.TestFile    Now processing file /home/runner/work/key/key/key.core/../key.ui/examples/InformationFlow/SimpleEvoting/simple_evoting.Environment(simple_evoting.Environment__untrustedOutputMessage((B)).Non-interference contract.0.key 
16040      INFO  main            d.u.i.k.p.r.p.TestFile    ... finished proof: closed. 
16223      INFO  main            d.u.i.k.p.r.p.TestFile    Now processing file /home/runner/work/key/key/key.core/../key.ui/examples/InformationFlow/SimpleEvoting/simple_evoting.Environment(simple_evoting.Environment__untrustedOutput(int)).Non-interference contract.0.key 
19711      INFO  main            d.u.i.k.p.r.p.TestFile    ... finished proof: closed. 
19826      INFO  main            d.u.i.k.p.r.p.TestFile    Now processing file /home/runner/work/key/key/key.core/../key.ui/examples/InformationFlow/SimpleEvoting/simple_evoting.Environment(simple_evoting.Environment__untrustedInput(int)).Non-interference contract.0.key 
23299      INFO  main            d.u.i.k.p.r.p.TestFile    ... finished proof: open goal(s) 
23414      INFO  main            d.u.i.k.p.r.p.TestFile    Now processing file /home/runner/work/key/key/key.core/../key.ui/examples/InformationFlow/SimpleEvoting/simple_evoting.Environment(simple_evoting.Environment__untrustedInput()).Non-interference contract.0.key 
26730      INFO  main            d.u.i.k.p.r.p.TestFile    ... finished proof: open goal(s) 
26864      INFO  main            d.u.i.k.p.r.p.TestFile    Now processing file /home/runner/work/key/key/key.core/../key.ui/examples/InformationFlow/SimpleEvoting/simple_evoting.SMT(simple_evoting.SMT__send(simple_evoting.Message,int,simple_evoting.Server)).Non-interference contract.1.key 
56603      INFO  main            d.u.i.k.p.r.p.TestFile    ... finished proof: closed. 
56824      INFO  main            d.u.i.k.p.r.p.TestFile    Now processing file /home/runner/work/key/key/key.core/../key.ui/examples/InformationFlow/SimpleEvoting/simple_evoting.SMT(simple_evoting.SMT__send(simple_evoting.Message,int,simple_evoting.Server)).Non-interference contract.0.key 
91481      INFO  main            d.u.i.k.p.r.p.TestFile    ... finished proof: closed. 
91730      INFO  main            d.u.i.k.p.r.p.TestFile    Now processing file /home/runner/work/key/key/key.core/../key.ui/examples/InformationFlow/SimpleEvoting/simple_evoting.NetworkClient(simple_evoting.NetworkClient__send((B,simple_evoting.Server,int)).Non-interference contract.0.key 
97612      INFO  main            d.u.i.k.p.r.p.TestFile    ... finished proof: closed. 
97785      INFO  main            d.u.i.k.p.r.p.TestFile    Now processing file /home/runner/work/key/key/key.core/../key.ui/examples/InformationFlow/SimpleEvoting/simple_evoting.Voter(simple_evoting.Voter__onSendBallot(simple_evoting.Server)).Non-interference contract.1.key 
110820     INFO  main            d.u.i.k.p.r.p.TestFile    ... finished proof: closed. 
111008     INFO  main            d.u.i.k.p.r.p.TestFile    Now processing file /home/runner/work/key/key/key.core/../key.ui/examples/InformationFlow/SimpleEvoting/simple_evoting.Voter(simple_evoting.Voter__onSendBallot(simple_evoting.Server)).Non-interference contract.0.key 
126397     INFO  main            d.u.i.k.p.r.p.TestFile    ... finished proof: closed. 
1405002    INFO  Test worker     d.u.i.k.p.r.RunAllProofsTestUnit Returning from test SimpleEvoting_nomacro 
1405003    INFO  Test worker     d.u.i.k.p.r.RunAllProofsTestUnit Running test ToyVoting_fullmacro 
325        WARN  main            d.u.i.k.s.ProofSettings   The settings in /home/runner/.key/proof-settings.props are *not* read. 
327        INFO  Timeout watchdog d.u.i.k.p.r.p.ForkedTestFileRunner Timeout watcher launched (1000 secs.) 
346        INFO  main            d.u.i.k.p.r.p.TestFile    Now processing file /home/runner/work/key/key/key.core/../key.ui/examples/InformationFlow/ToyVoting/Voter(Voter__insecure_voting()).Non-interference contract.0.m.key 
32034      INFO  main            d.u.i.k.p.r.p.TestFile    ... finished proof: open goal(s) 
32259      INFO  main            d.u.i.k.p.r.p.TestFile    Now processing file /home/runner/work/key/key/key.core/../key.ui/examples/InformationFlow/ToyVoting/Voter(Voter__publishVoterParticipation()).Non-interference contract.0.m.key 
35094      INFO  main            d.u.i.k.p.r.p.TestFile    ... finished proof: closed. 
35314      INFO  main            d.u.i.k.p.r.p.TestFile    Now processing file /home/runner/work/key/key/key.core/../key.ui/examples/InformationFlow/ToyVoting/Voter(Voter__isValid(int)).Non-interference contract.0.m.key 
38074      INFO  main            d.u.i.k.p.r.p.TestFile    ... finished proof: closed. 
38210      INFO  main            d.u.i.k.p.r.p.TestFile    Now processing file /home/runner/work/key/key/key.core/../key.ui/examples/InformationFlow/ToyVoting/Voter(Voter__sendVote(int)).Non-interference contract.0.m.key 
40895      INFO  main            d.u.i.k.p.r.p.TestFile    ... finished proof: closed. 
41020      INFO  main            d.u.i.k.p.r.p.TestFile    Now processing file /home/runner/work/key/key/key.core/../key.ui/examples/InformationFlow/ToyVoting/Voter(Voter__inputVote()).Non-interference contract.0.m.key 
43598      INFO  main            d.u.i.k.p.r.p.TestFile    ... finished proof: closed. 
43737      INFO  main            d.u.i.k.p.r.p.TestFile    Now processing file /home/runner/work/key/key/key.core/../key.ui/examples/InformationFlow/ToyVoting/Voter(Voter__secure_voting()).Non-interference contract.0.m.key 
54138      INFO  main            d.u.i.k.p.r.p.TestFile    ... finished proof: closed. 
1459503    INFO  Test worker     d.u.i.k.p.r.RunAllProofsTestUnit Returning from test ToyVoting_fullmacro 
1459504    INFO  Test worker     d.u.i.k.p.r.RunAllProofsTestUnit Running test SumExample_fullmacro 
333        INFO  Timeout watchdog d.u.i.k.p.r.p.ForkedTestFileRunner Timeout watcher launched (1000 secs.) 
343        WARN  main            d.u.i.k.s.ProofSettings   The settings in /home/runner/.key/proof-settings.props are *not* read. 
364        INFO  main            d.u.i.k.p.r.p.TestFile    Now processing file /home/runner/work/key/key/key.core/../key.ui/examples/InformationFlow/Sum/SumExample(SumExample__getSum()).Non-interference contract.0.m.key 
10176      INFO  main            d.u.i.k.p.r.p.TestFile    ... finished proof: closed. 
1470031    INFO  Test worker     d.u.i.k.p.r.RunAllProofsTestUnit Returning from test SumExample_fullmacro 
1470031    INFO  Test worker     d.u.i.k.p.r.RunAllProofsTestUnit Running test ToyBanking_fullmacro 
330        INFO  Timeout watchdog d.u.i.k.p.r.p.ForkedTestFileRunner Timeout watcher launched (1000 secs.) 
341        WARN  main            d.u.i.k.s.ProofSettings   The settings in /home/runner/.key/proof-settings.props are *not* read. 
363        INFO  main            d.u.i.k.p.r.p.TestFile    Now processing file /home/runner/work/key/key/key.core/../key.ui/examples/InformationFlow/ToyBanking/banking_example.UserAccount(banking_example.UserAccount__getBankAccount(int)).Non-interference contract.0.m.key 
12359      INFO  main            d.u.i.k.p.r.p.TestFile    ... finished proof: closed. 
12544      INFO  main            d.u.i.k.p.r.p.TestFile    Now processing file /home/runner/work/key/key/key.core/../key.ui/examples/InformationFlow/ToyBanking/banking_example.UserAccount(banking_example.UserAccount__tryLogin(int,(C)).Non-interference contract.0.m.key 
64157      INFO  main            d.u.i.k.p.r.p.TestFile    ... finished proof: closed. 
64472      INFO  main            d.u.i.k.p.r.p.TestFile    Now processing file /home/runner/work/key/key/key.core/../key.ui/examples/InformationFlow/ToyBanking/banking_example.BankAccount(banking_example.BankAccount__depositMoney(int)).Non-interference contract.0.m.key 
67915      INFO  main            d.u.i.k.p.r.p.TestFile    ... finished proof: closed. 
68177      INFO  main            d.u.i.k.p.r.p.TestFile    Now processing file /home/runner/work/key/key/key.core/../key.ui/examples/InformationFlow/ToyBanking/banking_example.BankAccount(banking_example.BankAccount__getBalance()).Non-interference contract.0.m.key 
71106      INFO  main            d.u.i.k.p.r.p.TestFile    ... finished proof: closed. 
71245      INFO  main            d.u.i.k.p.r.p.TestFile    Now processing file /home/runner/work/key/key/key.core/../key.ui/examples/InformationFlow/ToyBanking/banking_example.BankAccount(banking_example.BankAccount__getId()).Non-interference contract.0.m.key 
74151      INFO  main            d.u.i.k.p.r.p.TestFile    ... finished proof: closed. 
74306      INFO  main            d.u.i.k.p.r.p.TestFile    Now processing file /home/runner/work/key/key/key.core/../key.ui/examples/InformationFlow/ToyBanking/banking_example.Bank(banking_example.Bank__login(int,(C)).Non-interference contract.0.m.key 
218494     INFO  main            d.u.i.k.p.r.p.TestFile    ... finished proof: open goal(s) 
218824     INFO  main            d.u.i.k.p.r.p.TestFile    Now processing file /home/runner/work/key/key/key.core/../key.ui/examples/InformationFlow/ToyBanking/banking_example2.UserAccount(banking_example2.UserAccount__getBankAccount(int)).Non-interference contract.0.m.key 
223241     INFO  main            d.u.i.k.p.r.p.TestFile    ... finished proof: closed. 
223632     INFO  main            d.u.i.k.p.r.p.TestFile    Now processing file /home/runner/work/key/key/key.core/../key.ui/examples/InformationFlow/ToyBanking/banking_example2.UserAccount(banking_example2.UserAccount__tryLogin(int,(C)).Non-interference contract.0.m.key 
238399     INFO  main            d.u.i.k.p.r.p.TestFile    ... finished proof: closed. 
238646     INFO  main            d.u.i.k.p.r.p.TestFile    Now processing file /home/runner/work/key/key/key.core/../key.ui/examples/InformationFlow/ToyBanking/banking_example2.BankAccount(banking_example2.BankAccount__depositMoney(int)).Non-interference contract.0.m.key 
241736     INFO  main            d.u.i.k.p.r.p.TestFile    ... finished proof: closed. 
241940     INFO  main            d.u.i.k.p.r.p.TestFile    Now processing file /home/runner/work/key/key/key.core/../key.ui/examples/InformationFlow/ToyBanking/banking_example2.BankAccount(banking_example2.BankAccount__getBalance()).Non-interference contract.0.m.key 
244676     INFO  main            d.u.i.k.p.r.p.TestFile    ... finished proof: closed. 
244851     INFO  main            d.u.i.k.p.r.p.TestFile    Now processing file /home/runner/work/key/key/key.core/../key.ui/examples/InformationFlow/ToyBanking/banking_example2.BankAccount(banking_example2.BankAccount__getId()).Non-interference contract.0.m.key 
247574     INFO  main            d.u.i.k.p.r.p.TestFile    ... finished proof: closed. 
1717927    INFO  Test worker     d.u.i.k.p.r.RunAllProofsTestUnit Returning from test ToyBanking_fullmacro 
1717927    INFO  Test worker     d.u.i.k.p.r.RunAllProofsTestUnit Running test BlockContracts_fullmacro 
330        INFO  Timeout watchdog d.u.i.k.p.r.p.ForkedTestFileRunner Timeout watcher launched (1000 secs.) 
332        WARN  main            d.u.i.k.s.ProofSettings   The settings in /home/runner/.key/proof-settings.props are *not* read. 
360        INFO  main            d.u.i.k.p.r.p.TestFile    Now processing file /home/runner/work/key/key/key.core/../key.ui/examples/InformationFlow/BlockContracts/contract.IFBlockExamples(contract.IFBlockExamples__secure_5()).Non-interference contract.0.m.key 
9324       INFO  main            d.u.i.k.p.r.p.TestFile    ... finished proof: closed. 
9447       INFO  main            d.u.i.k.p.r.p.TestFile    Now processing file /home/runner/work/key/key/key.core/../key.ui/examples/InformationFlow/BlockContracts/contract.IFBlockExamples(contract.IFBlockExamples__block_no_return_secure(int)).Non-interference contract.0.m.key 
13160      INFO  main            d.u.i.k.p.r.p.TestFile    ... finished proof: closed. 
13297      INFO  main            d.u.i.k.p.r.p.TestFile    Now processing file /home/runner/work/key/key/key.core/../key.ui/examples/InformationFlow/BlockContracts/contract.IFBlockExamples(contract.IFBlockExamples__while_block_insecure(int)).Non-interference contract.0.m.key 
17500      INFO  main            d.u.i.k.p.r.p.TestFile    ... finished proof: open goal(s) 
17709      INFO  main            d.u.i.k.p.r.p.TestFile    Now processing file /home/runner/work/key/key/key.core/../key.ui/examples/InformationFlow/BlockContracts/contract.IFBlockExamples(contract.IFBlockExamples__while_block_secure(int)).Non-interference contract.0.m.key 
21580      INFO  main            d.u.i.k.p.r.p.TestFile    ... finished proof: closed. 
21809      INFO  main            d.u.i.k.p.r.p.TestFile    Now processing file /home/runner/work/key/key/key.core/../key.ui/examples/InformationFlow/BlockContracts/contract.IFBlockExamples(contract.IFBlockExamples__block_while_secure(int)).Non-interference contract.0.m.key 
25683      INFO  main            d.u.i.k.p.r.p.TestFile    ... finished proof: closed. 
25884      INFO  main            d.u.i.k.p.r.p.TestFile    Now processing file /home/runner/work/key/key/key.core/../key.ui/examples/InformationFlow/BlockContracts/contract.IFBlockExamples(contract.IFBlockExamples__insecure_4(int)).Non-interference contract.0.m.key 
29882      INFO  main            d.u.i.k.p.r.p.TestFile    ... finished proof: open goal(s) 
30069      INFO  main            d.u.i.k.p.r.p.TestFile    Now processing file /home/runner/work/key/key/key.core/../key.ui/examples/InformationFlow/BlockContracts/contract.IFBlockExamples(contract.IFBlockExamples__insecure_3(int)).Non-interference contract.0.m.key 
39735      INFO  main            d.u.i.k.p.r.p.TestFile    ... finished proof: open goal(s) 
40001      INFO  main            d.u.i.k.p.r.p.TestFile    Now processing file /home/runner/work/key/key/key.core/../key.ui/examples/InformationFlow/BlockContracts/contract.IFBlockExamples(contract.IFBlockExamples__secure_3(int)).Non-interference contract.0.m.key 
43659      INFO  main            d.u.i.k.p.r.p.TestFile    ... finished proof: closed. 
43938      INFO  main            d.u.i.k.p.r.p.TestFile    Now processing file /home/runner/work/key/key/key.core/../key.ui/examples/InformationFlow/BlockContracts/contract.IFBlockExamples(contract.IFBlockExamples__secure_2(int)).Non-interference contract.0.m.key 
47758      INFO  main            d.u.i.k.p.r.p.TestFile    ... finished proof: closed. 
47975      INFO  main            d.u.i.k.p.r.p.TestFile    Now processing file /home/runner/work/key/key/key.core/../key.ui/examples/InformationFlow/BlockContracts/contract.IFBlockExamples(contract.IFBlockExamples__secure_8(int)).Non-interference contract.0.m.key 
50979      INFO  main            d.u.i.k.p.r.p.TestFile    ... finished proof: closed. 
51201      INFO  main            d.u.i.k.p.r.p.TestFile    Now processing file /home/runner/work/key/key/key.core/../key.ui/examples/InformationFlow/BlockContracts/contract.IFBlockExamples(contract.IFBlockExamples__secure_7(int)).Non-interference contract.0.m.key 
54089      INFO  main            d.u.i.k.p.r.p.TestFile    ... finished proof: closed. 
54278      INFO  main            d.u.i.k.p.r.p.TestFile    Now processing file /home/runner/work/key/key/key.core/../key.ui/examples/InformationFlow/BlockContracts/contract.IFBlockExamples(contract.IFBlockExamples__secure_6(int)).Non-interference contract.0.m.key 
57240      INFO  main            d.u.i.k.p.r.p.TestFile    ... finished proof: closed. 
57423      INFO  main            d.u.i.k.p.r.p.TestFile    Now processing file /home/runner/work/key/key/key.core/../key.ui/examples/InformationFlow/BlockContracts/contract.IFBlockExamples(contract.IFBlockExamples__insecure_1(int)).Non-interference contract.0.m.key 
60501      INFO  main            d.u.i.k.p.r.p.TestFile    ... finished proof: open goal(s) 
60707      INFO  main            d.u.i.k.p.r.p.TestFile    Now processing file /home/runner/work/key/key/key.core/../key.ui/examples/InformationFlow/BlockContracts/contract.IFBlockExamples(contract.IFBlockExamples__secure_4(int)).Non-interference contract.0.m.key 
63683      INFO  main            d.u.i.k.p.r.p.TestFile    ... finished proof: closed. 
63893      INFO  main            d.u.i.k.p.r.p.TestFile    Now processing file /home/runner/work/key/key/key.core/../key.ui/examples/InformationFlow/BlockContracts/contract.IFBlockExamples(contract.IFBlockExamples__secure_1(int)).Non-interference contract.0.m.key 
66939      INFO  main            d.u.i.k.p.r.p.TestFile    ... finished proof: closed. 
67125      INFO  main            d.u.i.k.p.r.p.TestFile    Now processing file /home/runner/work/key/key/key.core/../key.ui/examples/InformationFlow/BlockContracts/contract.IFEfficiencyExamples(contract.IFEfficiencyExamples__mWithoutBlockContract()).Non-interference contract.0.m.key 
74033      INFO  main            d.u.i.k.p.r.p.TestFile    ... finished proof: closed. 
74251      INFO  main            d.u.i.k.p.r.p.TestFile    Now processing file /home/runner/work/key/key/key.core/../key.ui/examples/InformationFlow/BlockContracts/contract.IFEfficiencyExamples(contract.IFEfficiencyExamples__mWithBlockContract()).Non-interference contract.0.m.key 
78160      INFO  main            d.u.i.k.p.r.p.TestFile    ... finished proof: closed. 
1796490    INFO  Test worker     d.u.i.k.p.r.RunAllProofsTestUnit Returning from test BlockContracts_fullmacro 
1796491    INFO  Test worker     d.u.i.k.p.r.RunAllProofsTestUnit Running test MethodContracts_fullmacro 
345        INFO  Timeout watchdog d.u.i.k.p.r.p.ForkedTestFileRunner Timeout watcher launched (1000 secs.) 
358        WARN  main            d.u.i.k.s.ProofSettings   The settings in /home/runner/.key/proof-settings.props are *not* read. 
377        INFO  main            d.u.i.k.p.r.p.TestFile    Now processing file /home/runner/work/key/key/key.core/../key.ui/examples/InformationFlow/MethodContracts/contract.IFMethodContract(contract.IFMethodContract__secure_recursion_2((I,int)).Non-interference contract.0.m.key 
12127      INFO  main            d.u.i.k.p.r.p.TestFile    ... finished proof: closed. 
12272      INFO  main            d.u.i.k.p.r.p.TestFile    Now processing file /home/runner/work/key/key/key.core/../key.ui/examples/InformationFlow/MethodContracts/contract.IFMethodContract(contract.IFMethodContract__secure_recursion(int)).Non-interference contract.0.m.key 
15745      INFO  main            d.u.i.k.p.r.p.TestFile    ... finished proof: closed. 
15876      INFO  main            d.u.i.k.p.r.p.TestFile    Now processing file /home/runner/work/key/key/key.core/../key.ui/examples/InformationFlow/MethodContracts/contract.IFMethodContract(contract.IFMethodContract__secure_catch_exception()).Non-interference contract.0.m.key 
18918      INFO  main            d.u.i.k.p.r.p.TestFile    ... finished proof: closed. 
19085      INFO  main            d.u.i.k.p.r.p.TestFile    Now processing file /home/runner/work/key/key/key.core/../key.ui/examples/InformationFlow/MethodContracts/contract.IFMethodContract(contract.IFMethodContract__n6()).Non-interference contract.0.m.key 
21874      INFO  main            d.u.i.k.p.r.p.TestFile    ... finished proof: closed. 
22004      INFO  main            d.u.i.k.p.r.p.TestFile    Now processing file /home/runner/work/key/key/key.core/../key.ui/examples/InformationFlow/MethodContracts/contract.IFMethodContract(contract.IFMethodContract__secure_n6()).Non-interference contract.0.m.key 
24798      INFO  main            d.u.i.k.p.r.p.TestFile    ... finished proof: closed. 
24943      INFO  main            d.u.i.k.p.r.p.TestFile    Now processing file /home/runner/work/key/key/key.core/../key.ui/examples/InformationFlow/MethodContracts/contract.IFMethodContract(contract.IFMethodContract__secure_array_param((I,int)).Non-interference contract.0.m.key 
28950      INFO  main            d.u.i.k.p.r.p.TestFile    ... finished proof: closed. 
29089      INFO  main            d.u.i.k.p.r.p.TestFile    Now processing file /home/runner/work/key/key/key.core/../key.ui/examples/InformationFlow/MethodContracts/contract.IFMethodContract(contract.IFMethodContract__secure_assignment_0_n9()).Non-interference contract.0.m.key 
31854      INFO  main            d.u.i.k.p.r.p.TestFile    ... finished proof: closed. 
31999      INFO  main            d.u.i.k.p.r.p.TestFile    Now processing file /home/runner/work/key/key/key.core/../key.ui/examples/InformationFlow/MethodContracts/contract.IFMethodContract(contract.IFMethodContract__insecure_if_high_n5_n1()).Non-interference contract.0.m.key 
35241      INFO  main            d.u.i.k.p.r.p.TestFile    ... finished proof: open goal(s) 
35403      INFO  main            d.u.i.k.p.r.p.TestFile    Now processing file /home/runner/work/key/key/key.core/../key.ui/examples/InformationFlow/MethodContracts/contract.IFMethodContract(contract.IFMethodContract__n5(int)).Non-interference contract.0.m.key 
38115      INFO  main            d.u.i.k.p.r.p.TestFile    ... finished proof: closed. 
38279      INFO  main            d.u.i.k.p.r.p.TestFile    Now processing file /home/runner/work/key/key/key.core/../key.ui/examples/InformationFlow/MethodContracts/contract.IFMethodContract(contract.IFMethodContract__secure_if_high_n5_n1()).Non-interference contract.0.m.key 
41606      INFO  main            d.u.i.k.p.r.p.TestFile    ... finished proof: closed. 
41784      INFO  main            d.u.i.k.p.r.p.TestFile    Now processing file /home/runner/work/key/key/key.core/../key.ui/examples/InformationFlow/MethodContracts/contract.IFMethodContract(contract.IFMethodContract__secure_if_high_n1()).Non-interference contract.0.m.key 
44759      INFO  main            d.u.i.k.p.r.p.TestFile    ... finished proof: closed. 
44931      INFO  main            d.u.i.k.p.r.p.TestFile    Now processing file /home/runner/work/key/key/key.core/../key.ui/examples/InformationFlow/MethodContracts/contract.IFMethodContract(contract.IFMethodContract__secure_n5()).Non-interference contract.0.m.key 
47654      INFO  main            d.u.i.k.p.r.p.TestFile    ... finished proof: closed. 
47811      INFO  main            d.u.i.k.p.r.p.TestFile    Now processing file /home/runner/work/key/key/key.core/../key.ui/examples/InformationFlow/MethodContracts/contract.IFMethodContract(contract.IFMethodContract__n4()).Non-interference contract.0.m.key 
50457      INFO  main            d.u.i.k.p.r.p.TestFile    ... finished proof: closed. 
50607      INFO  main            d.u.i.k.p.r.p.TestFile    Now processing file /home/runner/work/key/key/key.core/../key.ui/examples/InformationFlow/MethodContracts/contract.IFMethodContract(contract.IFMethodContract__n3()).Non-interference contract.0.m.key 
53186      INFO  main            d.u.i.k.p.r.p.TestFile    ... finished proof: closed. 
53338      INFO  main            d.u.i.k.p.r.p.TestFile    Now processing file /home/runner/work/key/key/key.core/../key.ui/examples/InformationFlow/MethodContracts/contract.IFMethodContract(contract.IFMethodContract__secure_sequential_n3_precond_n4()).Non-interference contract.0.m.key 
56135      INFO  main            d.u.i.k.p.r.p.TestFile    ... finished proof: closed. 
56309      INFO  main            d.u.i.k.p.r.p.TestFile    Now processing file /home/runner/work/key/key/key.core/../key.ui/examples/InformationFlow/MethodContracts/contract.IFMethodContract(contract.IFMethodContract__insecure_assignment_n2()).Non-interference contract.0.m.key 
59096      INFO  main            d.u.i.k.p.r.p.TestFile    ... finished proof: open goal(s) 
59263      INFO  main            d.u.i.k.p.r.p.TestFile    Now processing file /home/runner/work/key/key/key.core/../key.ui/examples/InformationFlow/MethodContracts/contract.IFMethodContract(contract.IFMethodContract__secure_assignments_n2()).Non-interference contract.0.m.key 
62068      INFO  main            d.u.i.k.p.r.p.TestFile    ... finished proof: closed. 
62288      INFO  main            d.u.i.k.p.r.p.TestFile    Now processing file /home/runner/work/key/key/key.core/../key.ui/examples/InformationFlow/MethodContracts/contract.IFMethodContract(contract.IFMethodContract__n2()).Non-interference contract.0.m.key 
64873      INFO  main            d.u.i.k.p.r.p.TestFile    ... finished proof: closed. 
65047      INFO  main            d.u.i.k.p.r.p.TestFile    Now processing file /home/runner/work/key/key/key.core/../key.ui/examples/InformationFlow/MethodContracts/contract.IFMethodContract(contract.IFMethodContract__n1()).Non-interference contract.0.m.key 
67613      INFO  main            d.u.i.k.p.r.p.TestFile    ... finished proof: closed. 
67777      INFO  main            d.u.i.k.p.r.p.TestFile    Now processing file /home/runner/work/key/key/key.core/../key.ui/examples/InformationFlow/MethodContracts/contract.IFMethodContract(contract.IFMethodContract__secure_sequential_n1_n2()).Non-interference contract.0.m.key 
70485      INFO  main            d.u.i.k.p.r.p.TestFile    ... finished proof: closed. 
1867316    INFO  Test worker     d.u.i.k.p.r.RunAllProofsTestUnit Returning from test MethodContracts_fullmacro 
1867317    INFO  Test worker     d.u.i.k.p.r.RunAllProofsTestUnit Running test InformationFlow_fullmacro 
361        INFO  Timeout watchdog d.u.i.k.p.r.p.ForkedTestFileRunner Timeout watcher launched (1000 secs.) 
375        WARN  main            d.u.i.k.s.ProofSettings   The settings in /home/runner/.key/proof-settings.props are *not* read. 
397        INFO  main            d.u.i.k.p.r.p.TestFile    Now processing file /home/runner/work/key/key/key.core/../key.ui/examples/InformationFlow/LoopInvariants/loop.IFLoopExamples(loop.IFLoopExamples__insecure_while_3(int)).Non-interference contract.0.m.key 
13858      INFO  main            d.u.i.k.p.r.p.TestFile    ... finished proof: open goal(s) 
14019      INFO  main            d.u.i.k.p.r.p.TestFile    Now processing file /home/runner/work/key/key/key.core/../key.ui/examples/InformationFlow/LoopInvariants/loop.IFLoopExamples(loop.IFLoopExamples__secure_while_2(int)).Non-interference contract.0.m.key 
18325      INFO  main            d.u.i.k.p.r.p.TestFile    ... finished proof: closed. 
18503      INFO  main            d.u.i.k.p.r.p.TestFile    Now processing file /home/runner/work/key/key/key.core/../key.ui/examples/InformationFlow/LoopInvariants/loop.IFLoopExamples(loop.IFLoopExamples__secure_while_4(int)).Non-interference contract.0.m.key 
22692      INFO  main            d.u.i.k.p.r.p.TestFile    ... finished proof: closed. 
22860      INFO  main            d.u.i.k.p.r.p.TestFile    Now processing file /home/runner/work/key/key/key.core/../key.ui/examples/InformationFlow/LoopInvariants/loop.IFLoopExamples(loop.IFLoopExamples__insecure_doubleNestedWhile2(int)).Non-interference contract.0.m.key 
245999     INFO  main            d.u.i.k.p.r.p.TestFile    ... finished proof: open goal(s) 
246250     INFO  main            d.u.i.k.p.r.p.TestFile    Now processing file /home/runner/work/key/key/key.core/../key.ui/examples/InformationFlow/LoopInvariants/loop.IFLoopExamples(loop.IFLoopExamples__insecure_doubleNestedWhile(int)).Non-interference contract.0.m.key 
253816     INFO  main            d.u.i.k.p.r.p.TestFile    ... finished proof: open goal(s) 
254072     INFO  main            d.u.i.k.p.r.p.TestFile    Now processing file /home/runner/work/key/key/key.core/../key.ui/examples/InformationFlow/LoopInvariants/loop.IFLoopExamples(loop.IFLoopExamples__secure_doubleNestedWhile(int)).Non-interference contract.0.m.key 
261166     INFO  main            d.u.i.k.p.r.p.TestFile    ... finished proof: closed. 
261429     INFO  main            d.u.i.k.p.r.p.TestFile    Now processing file /home/runner/work/key/key/key.core/../key.ui/examples/InformationFlow/LoopInvariants/loop.IFLoopExamples(loop.IFLoopExamples__secure_nestedTwoWhile(int)).Non-interference contract.0.m.key 
267689     INFO  main            d.u.i.k.p.r.p.TestFile    ... finished proof: closed. 
267916     INFO  main            d.u.i.k.p.r.p.TestFile    Now processing file /home/runner/work/key/key/key.core/../key.ui/examples/InformationFlow/LoopInvariants/loop.IFLoopExamples(loop.IFLoopExamples__secure_nestedWhile(int)).Non-interference contract.0.m.key 
273196     INFO  main            d.u.i.k.p.r.p.TestFile    ... finished proof: closed. 
273408     INFO  main            d.u.i.k.p.r.p.TestFile    Now processing file /home/runner/work/key/key/key.core/../key.ui/examples/InformationFlow/LoopInvariants/loop.IFLoopExamples(loop.IFLoopExamples__notSecure_while(int)).Non-interference contract.0.m.key 
278711     INFO  main            d.u.i.k.p.r.p.TestFile    ... finished proof: open goal(s) 
278903     INFO  main            d.u.i.k.p.r.p.TestFile    Now processing file /home/runner/work/key/key/key.core/../key.ui/examples/InformationFlow/LoopInvariants/loop.IFLoopExamples(loop.IFLoopExamples__notSecure_while_wrongInv(int)).Non-interference contract.0.m.key 
283299     INFO  main            d.u.i.k.p.r.p.TestFile    ... finished proof: open goal(s) 
283518     INFO  main            d.u.i.k.p.r.p.TestFile    Now processing file /home/runner/work/key/key/key.core/../key.ui/examples/InformationFlow/LoopInvariants/loop.IFLoopExamples(loop.IFLoopExamples__insecure_twoWhile(int)).Non-interference contract.0.m.key 
287981     INFO  main            d.u.i.k.p.r.p.TestFile    ... finished proof: open goal(s) 
288209     INFO  main            d.u.i.k.p.r.p.TestFile    Now processing file /home/runner/work/key/key/key.core/../key.ui/examples/InformationFlow/LoopInvariants/loop.IFLoopExamples(loop.IFLoopExamples__insecure_twoWhile_2(int)).Non-interference contract.0.m.key 
293177     INFO  main            d.u.i.k.p.r.p.TestFile    ... finished proof: open goal(s) 
293401     INFO  main            d.u.i.k.p.r.p.TestFile    Now processing file /home/runner/work/key/key/key.core/../key.ui/examples/InformationFlow/LoopInvariants/loop.IFLoopExamples(loop.IFLoopExamples__secure_twoWhile(int)).Non-interference contract.0.m.key 
297592     INFO  main            d.u.i.k.p.r.p.TestFile    ... finished proof: closed. 
297821     INFO  main            d.u.i.k.p.r.p.TestFile    Now processing file /home/runner/work/key/key/key.core/../key.ui/examples/InformationFlow/LoopInvariants/loop.IFLoopExamples(loop.IFLoopExamples__loc_secure_while(int)).Non-interference contract.0.m.key 
301454     INFO  main            d.u.i.k.p.r.p.TestFile    ... finished proof: closed. 
301681     INFO  main            d.u.i.k.p.r.p.TestFile    Now processing file /home/runner/work/key/key/key.core/../key.ui/examples/InformationFlow/LoopInvariants/loop.IFLoopExamples(loop.IFLoopExamples__secure_while(int)).Non-interference contract.0.m.key 
305130     INFO  main            d.u.i.k.p.r.p.TestFile    ... finished proof: closed. 
305305     INFO  main            d.u.i.k.p.r.p.TestFile    Now processing file /home/runner/work/key/key/key.core/../key.ui/examples/InformationFlow/LoopInvariants/loop.IFLoopExamples(loop.IFLoopExamples__print(int)).Non-interference contract.0.m.key 
308137     INFO  main            d.u.i.k.p.r.p.TestFile    ... finished proof: closed. 
308300     INFO  main            d.u.i.k.p.r.p.TestFile    Now processing file /home/runner/work/key/key/key.core/../key.ui/examples/InformationFlow/LoopInvariants/loop.IFLoopExamples(loop.IFLoopExamples__hammer(int)).Non-interference contract.0.m.key 
312266     INFO  main            d.u.i.k.p.r.p.TestFile    ... finished proof: closed. 
2179933    INFO  Test worker     d.u.i.k.p.r.RunAllProofsTestUnit Returning from test InformationFlow_fullmacro 
2179934    INFO  Test worker     d.u.i.k.p.r.RunAllProofsTestUnit Running test MiniExamples_fullmacro 
352        INFO  Timeout watchdog d.u.i.k.p.r.p.ForkedTestFileRunner Timeout watcher launched (1000 secs.) 
361        WARN  main            d.u.i.k.s.ProofSettings   The settings in /home/runner/.key/proof-settings.props are *not* read. 
398        INFO  main            d.u.i.k.p.r.p.TestFile    Now processing file /home/runner/work/key/key/key.core/../key.ui/examples/InformationFlow/MiniExamples/mini.AliasingExamples(mini.AliasingExamples__insecure_1(mini.AliasingExamples,mini.AliasingExamples,int)).Non-interference contract.0.m.key 
9222       INFO  main            d.u.i.k.p.r.p.TestFile    ... finished proof: open goal(s) 
9336       INFO  main            d.u.i.k.p.r.p.TestFile    Now processing file /home/runner/work/key/key/key.core/../key.ui/examples/InformationFlow/MiniExamples/mini.AliasingExamples(mini.AliasingExamples__secure_1(mini.AliasingExamples,mini.AliasingExamples,int)).Non-interference contract.0.m.key 
12740      INFO  main            d.u.i.k.p.r.p.TestFile    ... finished proof: closed. 
12870      INFO  main            d.u.i.k.p.r.p.TestFile    Now processing file /home/runner/work/key/key/key.core/../key.ui/examples/InformationFlow/MiniExamples/mini.MiniExamplesLecture(mini.MiniExamplesLecture__m_6()).Non-interference contract.0.m.key 
15722      INFO  main            d.u.i.k.p.r.p.TestFile    ... finished proof: closed. 
15841      INFO  main            d.u.i.k.p.r.p.TestFile    Now processing file /home/runner/work/key/key/key.core/../key.ui/examples/InformationFlow/MiniExamples/mini.MiniExamplesLecture(mini.MiniExamplesLecture__m_5()).Non-interference contract.0.m.key 
18693      INFO  main            d.u.i.k.p.r.p.TestFile    ... finished proof: closed. 
18827      INFO  main            d.u.i.k.p.r.p.TestFile    Now processing file /home/runner/work/key/key/key.core/../key.ui/examples/InformationFlow/MiniExamples/mini.MiniExamplesLecture(mini.MiniExamplesLecture__m_4()).Non-interference contract.0.m.key 
21554      INFO  main            d.u.i.k.p.r.p.TestFile    ... finished proof: closed. 
21720      INFO  main            d.u.i.k.p.r.p.TestFile    Now processing file /home/runner/work/key/key/key.core/../key.ui/examples/InformationFlow/MiniExamples/mini.MiniExamplesLecture(mini.MiniExamplesLecture__m_3()).Non-interference contract.0.m.key 
24638      INFO  main            d.u.i.k.p.r.p.TestFile    ... finished proof: open goal(s) 
24773      INFO  main            d.u.i.k.p.r.p.TestFile    Now processing file /home/runner/work/key/key/key.core/../key.ui/examples/InformationFlow/MiniExamples/mini.MiniExamplesLecture(mini.MiniExamplesLecture__m_2()).Non-interference contract.0.m.key 
27587      INFO  main            d.u.i.k.p.r.p.TestFile    ... finished proof: closed. 
27742      INFO  main            d.u.i.k.p.r.p.TestFile    Now processing file /home/runner/work/key/key/key.core/../key.ui/examples/InformationFlow/MiniExamples/mini.MiniExamplesLecture(mini.MiniExamplesLecture__m_1()).Non-interference contract.0.m.key 
30452      INFO  main            d.u.i.k.p.r.p.TestFile    ... finished proof: open goal(s) 
30620      INFO  main            d.u.i.k.p.r.p.TestFile    Now processing file /home/runner/work/key/key/key.core/../key.ui/examples/InformationFlow/MiniExamples/mini.DifferenceSeqLocset(mini.DifferenceSeqLocset__m()).Non-interference contract.1.m.key 
33927      INFO  main            d.u.i.k.p.r.p.TestFile    ... finished proof: open goal(s) 
34074      INFO  main            d.u.i.k.p.r.p.TestFile    Now processing file /home/runner/work/key/key/key.core/../key.ui/examples/InformationFlow/MiniExamples/mini.DifferenceSeqLocset(mini.DifferenceSeqLocset__m()).Non-interference contract.0.m.key 
38300      INFO  main            d.u.i.k.p.r.p.TestFile    ... finished proof: open goal(s) 
38470      INFO  main            d.u.i.k.p.r.p.TestFile    Now processing file /home/runner/work/key/key/key.core/../key.ui/examples/InformationFlow/MiniExamples/mini.MiniExamples(mini.MiniExamples__secure_p2_8()).Non-interference contract.0.m.key 
41252      INFO  main            d.u.i.k.p.r.p.TestFile    ... finished proof: closed. 
41433      INFO  main            d.u.i.k.p.r.p.TestFile    Now processing file /home/runner/work/key/key/key.core/../key.ui/examples/InformationFlow/MiniExamples/mini.MiniExamples(mini.MiniExamples__secure_parameter(int)).Non-interference contract.0.m.key 
44054      INFO  main            d.u.i.k.p.r.p.TestFile    ... finished proof: closed. 
44209      INFO  main            d.u.i.k.p.r.p.TestFile    Now processing file /home/runner/work/key/key/key.core/../key.ui/examples/InformationFlow/MiniExamples/mini.MiniExamples(mini.MiniExamples__secure_p2_7()).Non-interference contract.0.m.key 
46972      INFO  main            d.u.i.k.p.r.p.TestFile    ... finished proof: closed. 
47121      INFO  main            d.u.i.k.p.r.p.TestFile    Now processing file /home/runner/work/key/key/key.core/../key.ui/examples/InformationFlow/MiniExamples/mini.MiniExamples(mini.MiniExamples__insecure_p2_2()).Non-interference contract.0.m.key 
49861      INFO  main            d.u.i.k.p.r.p.TestFile    ... finished proof: open goal(s) 
50071      INFO  main            d.u.i.k.p.r.p.TestFile    Now processing file /home/runner/work/key/key/key.core/../key.ui/examples/InformationFlow/MiniExamples/mini.MiniExamples(mini.MiniExamples__secure_p2_6()).Non-interference contract.0.m.key 
52658      INFO  main            d.u.i.k.p.r.p.TestFile    ... finished proof: closed. 
52836      INFO  main            d.u.i.k.p.r.p.TestFile    Now processing file /home/runner/work/key/key/key.core/../key.ui/examples/InformationFlow/MiniExamples/mini.MiniExamples(mini.MiniExamples__secure_p2_5()).Non-interference contract.0.m.key 
55449      INFO  main            d.u.i.k.p.r.p.TestFile    ... finished proof: closed. 
55610      INFO  main            d.u.i.k.p.r.p.TestFile    Now processing file /home/runner/work/key/key/key.core/../key.ui/examples/InformationFlow/MiniExamples/mini.MiniExamples(mini.MiniExamples__secure_p2_4()).Non-interference contract.0.m.key 
58196      INFO  main            d.u.i.k.p.r.p.TestFile    ... finished proof: closed. 
58370      INFO  main            d.u.i.k.p.r.p.TestFile    Now processing file /home/runner/work/key/key/key.core/../key.ui/examples/InformationFlow/MiniExamples/mini.MiniExamples(mini.MiniExamples__secure_p2_3()).Non-interference contract.0.m.key 
60958      INFO  main            d.u.i.k.p.r.p.TestFile    ... finished proof: closed. 
61130      INFO  main            d.u.i.k.p.r.p.TestFile    Now processing file /home/runner/work/key/key/key.core/../key.ui/examples/InformationFlow/MiniExamples/mini.MiniExamples(mini.MiniExamples__secure_p2_2()).Non-interference contract.0.m.key 
63683      INFO  main            d.u.i.k.p.r.p.TestFile    ... finished proof: closed. 
63855      INFO  main            d.u.i.k.p.r.p.TestFile    Now processing file /home/runner/work/key/key/key.core/../key.ui/examples/InformationFlow/MiniExamples/mini.MiniExamples(mini.MiniExamples__secure_p2_1()).Non-interference contract.0.m.key 
66438      INFO  main            d.u.i.k.p.r.p.TestFile    ... finished proof: closed. 
66610      INFO  main            d.u.i.k.p.r.p.TestFile    Now processing file /home/runner/work/key/key/key.core/../key.ui/examples/InformationFlow/MiniExamples/mini.MiniExamples(mini.MiniExamples__insecure_p2_1()).Non-interference contract.0.m.key 
69208      INFO  main            d.u.i.k.p.r.p.TestFile    ... finished proof: open goal(s) 
69368      INFO  main            d.u.i.k.p.r.p.TestFile    Now processing file /home/runner/work/key/key/key.core/../key.ui/examples/InformationFlow/MiniExamples/mini.MiniExamples(mini.MiniExamples__secure_p1_6()).Non-interference contract.0.m.key 
71936      INFO  main            d.u.i.k.p.r.p.TestFile    ... finished proof: closed. 
72129      INFO  main            d.u.i.k.p.r.p.TestFile    Now processing file /home/runner/work/key/key/key.core/../key.ui/examples/InformationFlow/MiniExamples/mini.MiniExamples(mini.MiniExamples__secure_p1_5()).Non-interference contract.0.m.key 
74809      INFO  main            d.u.i.k.p.r.p.TestFile    ... finished proof: closed. 
75030      INFO  main            d.u.i.k.p.r.p.TestFile    Now processing file /home/runner/work/key/key/key.core/../key.ui/examples/InformationFlow/MiniExamples/mini.MiniExamples(mini.MiniExamples__secure_p1_4()).Non-interference contract.0.m.key 
77668      INFO  main            d.u.i.k.p.r.p.TestFile    ... finished proof: closed. 
77857      INFO  main            d.u.i.k.p.r.p.TestFile    Now processing file /home/runner/work/key/key/key.core/../key.ui/examples/InformationFlow/MiniExamples/mini.MiniExamples(mini.MiniExamples__secure_p1_3()).Non-interference contract.0.m.key 
80428      INFO  main            d.u.i.k.p.r.p.TestFile    ... finished proof: closed. 
80684      INFO  main            d.u.i.k.p.r.p.TestFile    Now processing file /home/runner/work/key/key/key.core/../key.ui/examples/InformationFlow/MiniExamples/mini.MiniExamples(mini.MiniExamples__secure_p1_2()).Non-interference contract.0.m.key 
83366      INFO  main            d.u.i.k.p.r.p.TestFile    ... finished proof: closed. 
83553      INFO  main            d.u.i.k.p.r.p.TestFile    Now processing file /home/runner/work/key/key/key.core/../key.ui/examples/InformationFlow/MiniExamples/mini.MiniExamples(mini.MiniExamples__secure_p1_1()).Non-interference contract.1.m.key 
86120      INFO  main            d.u.i.k.p.r.p.TestFile    ... finished proof: closed. 
86317      INFO  main            d.u.i.k.p.r.p.TestFile    Now processing file /home/runner/work/key/key/key.core/../key.ui/examples/InformationFlow/MiniExamples/mini.MiniExamples(mini.MiniExamples__secure_p1_1()).Non-interference contract.0.m.key 
88896      INFO  main            d.u.i.k.p.r.p.TestFile    ... finished proof: closed. 
89092      INFO  main            d.u.i.k.p.r.p.TestFile    Now processing file /home/runner/work/key/key/key.core/../key.ui/examples/InformationFlow/MiniExamples/mini.MiniExamples(mini.MiniExamples__insecure_p1_2()).Non-interference contract.0.m.key 
91757      INFO  main            d.u.i.k.p.r.p.TestFile    ... finished proof: open goal(s) 
91956      INFO  main            d.u.i.k.p.r.p.TestFile    Now processing file /home/runner/work/key/key/key.core/../key.ui/examples/InformationFlow/MiniExamples/mini.MiniExamples(mini.MiniExamples__insecure_p1_1()).Non-interference contract.0.m.key 
94520      INFO  main            d.u.i.k.p.r.p.TestFile    ... finished proof: open goal(s) 
2274866    INFO  Test worker     d.u.i.k.p.r.RunAllProofsTestUnit Returning from test MiniExamples_fullmacro 
2274866    INFO  Test worker     d.u.i.k.p.r.RunAllProofsTestUnit Running test NewObjects_fullmacro 
345        INFO  Timeout watchdog d.u.i.k.p.r.p.ForkedTestFileRunner Timeout watcher launched (1000 secs.) 
367        WARN  main            d.u.i.k.s.ProofSettings   The settings in /home/runner/.key/proof-settings.props are *not* read. 
389        INFO  main            d.u.i.k.p.r.p.TestFile    Now processing file /home/runner/work/key/key/key.core/../key.ui/examples/InformationFlow/NewObjects/object.AmtoftBanerjee3(object.AmtoftBanerjee3__m()).Non-interference contract.0.m.key 
9113       INFO  main            d.u.i.k.p.r.p.TestFile    ... finished proof: closed. 
9224       INFO  main            d.u.i.k.p.r.p.TestFile    Now processing file /home/runner/work/key/key/key.core/../key.ui/examples/InformationFlow/NewObjects/object.AmtoftBanerjee(object.AmtoftBanerjee__m_2()).Non-interference contract.0.m.key 
13257      INFO  main            d.u.i.k.p.r.p.TestFile    ... finished proof: closed. 
13418      INFO  main            d.u.i.k.p.r.p.TestFile    Now processing file /home/runner/work/key/key/key.core/../key.ui/examples/InformationFlow/NewObjects/object.AmtoftBanerjee(object.AmtoftBanerjee__m_1()).Non-interference contract.1.m.key 
16914      INFO  main            d.u.i.k.p.r.p.TestFile    ... finished proof: open goal(s) 
17041      INFO  main            d.u.i.k.p.r.p.TestFile    Now processing file /home/runner/work/key/key/key.core/../key.ui/examples/InformationFlow/NewObjects/object.AmtoftBanerjee(object.AmtoftBanerjee__m_1()).Non-interference contract.0.m.key 
20389      INFO  main            d.u.i.k.p.r.p.TestFile    ... finished proof: closed. 
20538      INFO  main            d.u.i.k.p.r.p.TestFile    Now processing file /home/runner/work/key/key/key.core/../key.ui/examples/InformationFlow/NewObjects/object.AmtoftBanerjee(object.AmtoftBanerjee__getQ()).Non-interference contract.0.m.key 
23494      INFO  main            d.u.i.k.p.r.p.TestFile    ... finished proof: closed. 
23636      INFO  main            d.u.i.k.p.r.p.TestFile    Now processing file /home/runner/work/key/key/key.core/../key.ui/examples/InformationFlow/NewObjects/object.Naumann(object.Naumann__Pair_m(int,int)).Non-interference contract.0.m.key 
37696      INFO  main            d.u.i.k.p.r.p.TestFile    ... finished proof: closed. 
37919      INFO  main            d.u.i.k.p.r.p.TestFile    Now processing file /home/runner/work/key/key/key.core/../key.ui/examples/InformationFlow/NewObjects/object.ObjectOrientation(object.ObjectOrientation__secure_while_i((Ljava.lang.Object)).Non-interference contract.0.m.key 
46379      INFO  main            d.u.i.k.p.r.p.TestFile    ... finished proof: closed. 
46622      INFO  main            d.u.i.k.p.r.p.TestFile    Now processing file /home/runner/work/key/key/key.core/../key.ui/examples/InformationFlow/NewObjects/object.ObjectOrientation(object.ObjectOrientation__secure_method_call()).Non-interference contract.0.m.key 
49796      INFO  main            d.u.i.k.p.r.p.TestFile    ... finished proof: closed. 
49970      INFO  main            d.u.i.k.p.r.p.TestFile    Now processing file /home/runner/work/key/key/key.core/../key.ui/examples/InformationFlow/NewObjects/object.ObjectOrientation(object.ObjectOrientation__if_two_object_creation_next()).Non-interference contract.1.m.key 
81330      INFO  main            d.u.i.k.p.r.p.TestFile    ... finished proof: open goal(s) 
81554      INFO  main            d.u.i.k.p.r.p.TestFile    Now processing file /home/runner/work/key/key/key.core/../key.ui/examples/InformationFlow/NewObjects/object.ObjectOrientation(object.ObjectOrientation__if_two_object_creation_next()).Non-interference contract.0.m.key 
96102      INFO  main            d.u.i.k.p.r.p.TestFile    ... finished proof: closed. 
96383      INFO  main            d.u.i.k.p.r.p.TestFile    Now processing file /home/runner/work/key/key/key.core/../key.ui/examples/InformationFlow/NewObjects/object.ObjectOrientation(object.ObjectOrientation__secure_if_two_object_creation()).Non-interference contract.0.m.key 
110753     INFO  main            d.u.i.k.p.r.p.TestFile    ... finished proof: closed. 
110989     INFO  main            d.u.i.k.p.r.p.TestFile    Now processing file /home/runner/work/key/key/key.core/../key.ui/examples/InformationFlow/NewObjects/object.ObjectOrientation(object.ObjectOrientation__insecure_two_object_creation()).Non-interference contract.0.m.key 
141283     INFO  main            d.u.i.k.p.r.p.TestFile    ... finished proof: open goal(s) 
141531     INFO  main            d.u.i.k.p.r.p.TestFile    Now processing file /home/runner/work/key/key/key.core/../key.ui/examples/InformationFlow/NewObjects/object.ObjectOrientation(object.ObjectOrientation__secure_two_object_creation()).Non-interference contract.0.m.key 
153595     INFO  main            d.u.i.k.p.r.p.TestFile    ... finished proof: closed. 
153862     INFO  main            d.u.i.k.p.r.p.TestFile    Now processing file /home/runner/work/key/key/key.core/../key.ui/examples/InformationFlow/NewObjects/object.ObjectOrientation(object.ObjectOrientation__insecure_object_assignment()).Non-interference contract.1.m.key 
164617     INFO  main            d.u.i.k.p.r.p.TestFile    ... finished proof: open goal(s) 
164810     INFO  main            d.u.i.k.p.r.p.TestFile    Now processing file /home/runner/work/key/key/key.core/../key.ui/examples/InformationFlow/NewObjects/object.ObjectOrientation(object.ObjectOrientation__insecure_object_assignment()).Non-interference contract.0.m.key 
167697     INFO  main            d.u.i.k.p.r.p.TestFile    ... finished proof: open goal(s) 
167902     INFO  main            d.u.i.k.p.r.p.TestFile    Now processing file /home/runner/work/key/key/key.core/../key.ui/examples/InformationFlow/NewObjects/object.ObjectOrientation(object.ObjectOrientation__secure_object_creation_3()).Non-interference contract.0.m.key 
170953     INFO  main            d.u.i.k.p.r.p.TestFile    ... finished proof: closed. 
171173     INFO  main            d.u.i.k.p.r.p.TestFile    Now processing file /home/runner/work/key/key/key.core/../key.ui/examples/InformationFlow/NewObjects/object.ObjectOrientation(object.ObjectOrientation__secure_object_creation_2()).Non-interference contract.0.m.key 
174119     INFO  main            d.u.i.k.p.r.p.TestFile    ... finished proof: closed. 
174302     INFO  main            d.u.i.k.p.r.p.TestFile    Now processing file /home/runner/work/key/key/key.core/../key.ui/examples/InformationFlow/NewObjects/object.ObjectOrientation(object.ObjectOrientation__secure_object_creation()).Non-interference contract.0.m.key 
177292     INFO  main            d.u.i.k.p.r.p.TestFile    ... finished proof: closed. 
177480     INFO  main            d.u.i.k.p.r.p.TestFile    Now processing file /home/runner/work/key/key/key.core/../key.ui/examples/InformationFlow/NewObjects/object.AmtoftBanerjee2(object.AmtoftBanerjee2__expensive(int)).Non-interference contract.0.m.key 
180250     INFO  main            d.u.i.k.p.r.p.TestFile    ... finished proof: closed. 
180427     INFO  main            d.u.i.k.p.r.p.TestFile    Now processing file /home/runner/work/key/key/key.core/../key.ui/examples/InformationFlow/NewObjects/object.AmtoftBanerjee2(object.AmtoftBanerjee2__cexp(int)).Non-interference contract.0.m.key 
184474     INFO  main            d.u.i.k.p.r.p.TestFile    ... finished proof: closed. 
2459746    INFO  Test worker     d.u.i.k.p.r.RunAllProofsTestUnit Returning from test NewObjects_fullmacro 
2459747    INFO  Test worker     d.u.i.k.p.r.RunAllProofsTestUnit Running test SimpleEvoting_fullmacro 
330        INFO  Timeout watchdog d.u.i.k.p.r.p.ForkedTestFileRunner Timeout watcher launched (1000 secs.) 
343        WARN  main            d.u.i.k.s.ProofSettings   The settings in /home/runner/.key/proof-settings.props are *not* read. 
382        INFO  main            d.u.i.k.p.r.p.TestFile    Now processing file /home/runner/work/key/key/key.core/../key.ui/examples/InformationFlow/SimpleEvoting/simple_evoting.Environment(simple_evoting.Environment__untrustedOutputMessage((B)).Non-interference contract.0.m.key 
14515      INFO  main            d.u.i.k.p.r.p.TestFile    ... finished proof: closed. 
14690      INFO  main            d.u.i.k.p.r.p.TestFile    Now processing file /home/runner/work/key/key/key.core/../key.ui/examples/InformationFlow/SimpleEvoting/simple_evoting.Environment(simple_evoting.Environment__untrustedInputMessage()).Non-interference contract.0.m.key 
21071      INFO  main            d.u.i.k.p.r.p.TestFile    ... finished proof: closed. 
21228      INFO  main            d.u.i.k.p.r.p.TestFile    Now processing file /home/runner/work/key/key/key.core/../key.ui/examples/InformationFlow/SimpleEvoting/simple_evoting.Environment(simple_evoting.Environment__untrustedOutput(int)).Non-interference contract.0.m.key 
24725      INFO  main            d.u.i.k.p.r.p.TestFile    ... finished proof: closed. 
24914      INFO  main            d.u.i.k.p.r.p.TestFile    Now processing file /home/runner/work/key/key/key.core/../key.ui/examples/InformationFlow/SimpleEvoting/simple_evoting.Environment(simple_evoting.Environment__untrustedInput(int)).Non-interference contract.0.m.key 
28383      INFO  main            d.u.i.k.p.r.p.TestFile    ... finished proof: open goal(s) 
28514      INFO  main            d.u.i.k.p.r.p.TestFile    Now processing file /home/runner/work/key/key/key.core/../key.ui/examples/InformationFlow/SimpleEvoting/simple_evoting.Environment(simple_evoting.Environment__untrustedInput()).Non-interference contract.0.m.key 
31885      INFO  main            d.u.i.k.p.r.p.TestFile    ... finished proof: open goal(s) 
32036      INFO  main            d.u.i.k.p.r.p.TestFile    Now processing file /home/runner/work/key/key/key.core/../key.ui/examples/InformationFlow/SimpleEvoting/simple_evoting.SMT(simple_evoting.SMT__send(simple_evoting.Message,int,simple_evoting.Server)).Non-interference contract.1.m.key 
78644      INFO  main            d.u.i.k.p.r.p.TestFile    ... finished proof: closed. 
78977      INFO  main            d.u.i.k.p.r.p.TestFile    Now processing file /home/runner/work/key/key/key.core/../key.ui/examples/InformationFlow/SimpleEvoting/simple_evoting.SMT(simple_evoting.SMT__send(simple_evoting.Message,int,simple_evoting.Server)).Non-interference contract.0.m.key 
127668     INFO  main            d.u.i.k.p.r.p.TestFile    ... finished proof: closed. 
127979     INFO  main            d.u.i.k.p.r.p.TestFile    Now processing file /home/runner/work/key/key/key.core/../key.ui/examples/InformationFlow/SimpleEvoting/simple_evoting.SMTEnv(simple_evoting.SMTEnv__send(int,int,int,simple_evoting.Server,int)).Non-interference contract.0.m.key 
132590     INFO  main            d.u.i.k.p.r.p.TestFile    ... finished proof: closed. 
132858     INFO  main            d.u.i.k.p.r.p.TestFile    Now processing file /home/runner/work/key/key/key.core/../key.ui/examples/InformationFlow/SimpleEvoting/simple_evoting.NetworkClient(simple_evoting.NetworkClient__send((B,simple_evoting.Server,int)).Non-interference contract.0.m.key 
137102     INFO  main            d.u.i.k.p.r.p.TestFile    ... finished proof: closed. 
137290     INFO  main            d.u.i.k.p.r.p.TestFile    Now processing file /home/runner/work/key/key/key.core/../key.ui/examples/InformationFlow/SimpleEvoting/simple_evoting.Voter(simple_evoting.Voter__onSendBallot(simple_evoting.Server)).Non-interference contract.1.m.key 
157836     INFO  main            d.u.i.k.p.r.p.TestFile    ... finished proof: closed. 
158096     INFO  main            d.u.i.k.p.r.p.TestFile    Now processing file /home/runner/work/key/key/key.core/../key.ui/examples/InformationFlow/SimpleEvoting/simple_evoting.Voter(simple_evoting.Voter__onSendBallot(simple_evoting.Server)).Non-interference contract.0.m.key 
180950     INFO  main            d.u.i.k.p.r.p.TestFile    ... finished proof: closed. 
2641133    INFO  Test worker     d.u.i.k.p.r.RunAllProofsTestUnit Returning from test SimpleEvoting_fullmacro 
]]></system-out>
  <system-err><![CDATA[]]></system-err>
</testsuite>
