<?xml version="1.0" encoding="UTF-8"?>
<testsuite name="de.uka.ilkd.key.proof.runallproofs.RunAllProofsInfFlow" tests="29" skipped="0" failures="0" errors="0" timestamp="2023-05-27T15:46:24" hostname="fv-az244-811" time="3361.049">
  <properties/>
  <testcase name="ToyVoting" classname="de.uka.ilkd.key.proof.runallproofs.RunAllProofsInfFlow" time="29.722"/>
  <testcase name="ConditionalConfidential" classname="de.uka.ilkd.key.proof.runallproofs.RunAllProofsInfFlow" time="17.408"/>
  <testcase name="SumExample" classname="de.uka.ilkd.key.proof.runallproofs.RunAllProofsInfFlow" time="11.333"/>
  <testcase name="ToyBanking" classname="de.uka.ilkd.key.proof.runallproofs.RunAllProofsInfFlow" time="141.492"/>
  <testcase name="BlockContracts" classname="de.uka.ilkd.key.proof.runallproofs.RunAllProofsInfFlow" time="75.575"/>
  <testcase name="MethodContracts" classname="de.uka.ilkd.key.proof.runallproofs.RunAllProofsInfFlow" time="84.947"/>
  <testcase name="LoopInvariants" classname="de.uka.ilkd.key.proof.runallproofs.RunAllProofsInfFlow" time="81.154"/>
  <testcase name="MiniExamples" classname="de.uka.ilkd.key.proof.runallproofs.RunAllProofsInfFlow" time="109.468"/>
  <testcase name="NewObjects" classname="de.uka.ilkd.key.proof.runallproofs.RunAllProofsInfFlow" time="94.883"/>
  <testcase name="SimpleEvoting" classname="de.uka.ilkd.key.proof.runallproofs.RunAllProofsInfFlow" time="196.906"/>
  <testcase name="ToyVoting_nomacro" classname="de.uka.ilkd.key.proof.runallproofs.RunAllProofsInfFlow" time="41.977"/>
  <testcase name="ConditionalConfidential_nomacro" classname="de.uka.ilkd.key.proof.runallproofs.RunAllProofsInfFlow" time="0.001"/>
  <testcase name="SumExample_nomacro" classname="de.uka.ilkd.key.proof.runallproofs.RunAllProofsInfFlow" time="14.14"/>
  <testcase name="ToyBanking_nomacro" classname="de.uka.ilkd.key.proof.runallproofs.RunAllProofsInfFlow" time="105.157"/>
  <testcase name="BlockContracts_nomacro" classname="de.uka.ilkd.key.proof.runallproofs.RunAllProofsInfFlow" time="94.253"/>
  <testcase name="MethodContracts_nomacro" classname="de.uka.ilkd.key.proof.runallproofs.RunAllProofsInfFlow" time="88.226"/>
  <testcase name="LoopInvariants_nomacro" classname="de.uka.ilkd.key.proof.runallproofs.RunAllProofsInfFlow" time="133.973"/>
  <testcase name="MiniExamples_nomacro" classname="de.uka.ilkd.key.proof.runallproofs.RunAllProofsInfFlow" time="114.724"/>
  <testcase name="NewObjects_nomacro" classname="de.uka.ilkd.key.proof.runallproofs.RunAllProofsInfFlow" time="166.928"/>
  <testcase name="SimpleEvoting_nomacro" classname="de.uka.ilkd.key.proof.runallproofs.RunAllProofsInfFlow" time="164.975"/>
  <testcase name="ToyVoting_fullmacro" classname="de.uka.ilkd.key.proof.runallproofs.RunAllProofsInfFlow" time="71.926"/>
  <testcase name="SumExample_fullmacro" classname="de.uka.ilkd.key.proof.runallproofs.RunAllProofsInfFlow" time="11.78"/>
  <testcase name="ToyBanking_fullmacro" classname="de.uka.ilkd.key.proof.runallproofs.RunAllProofsInfFlow" time="329.481"/>
  <testcase name="BlockContracts_fullmacro" classname="de.uka.ilkd.key.proof.runallproofs.RunAllProofsInfFlow" time="100.322"/>
  <testcase name="MethodContracts_fullmacro" classname="de.uka.ilkd.key.proof.runallproofs.RunAllProofsInfFlow" time="87.433"/>
  <testcase name="InformationFlow_fullmacro" classname="de.uka.ilkd.key.proof.runallproofs.RunAllProofsInfFlow" time="418.66"/>
  <testcase name="MiniExamples_fullmacro" classname="de.uka.ilkd.key.proof.runallproofs.RunAllProofsInfFlow" time="115.485"/>
  <testcase name="NewObjects_fullmacro" classname="de.uka.ilkd.key.proof.runallproofs.RunAllProofsInfFlow" time="237.487"/>
  <testcase name="SimpleEvoting_fullmacro" classname="de.uka.ilkd.key.proof.runallproofs.RunAllProofsInfFlow" time="221.203"/>
  <system-out><![CDATA[229        INFO  Test worker     d.u.i.k.p.r.p.StatisticsFile Running test ToyVoting 
412        INFO  Timeout watchdog d.u.i.k.p.r.p.ForkedTestFileRunner Timeout watcher launched (1000 secs.) 
435        WARN  main            d.u.i.k.s.ProofSettings   No proof-settings could be loaded, using defaults java.io.FileNotFoundException: /home/runner/.key/proof-settings.props (No such file or directory)
	at java.base/java.io.FileInputStream.open0(Native Method)

463        INFO  main            d.u.i.k.p.r.p.TestFile    Now processing file /home/runner/work/key/key/key.core/../key.ui/examples/InformationFlow/ToyVoting/Voter(Voter__insecure_voting()).JML normal_behavior operation contract.0.key 
586        INFO  main            d.u.i.k.p.i.AbstractProblemLoader Loading environment from /home/runner/work/key/key/key.core/../key.ui/examples/InformationFlow/ToyVoting/Voter(Voter__insecure_voting()).JML normal_behavior operation contract.0.key 
608        DEBUG main            d.u.i.k.p.i.AbstractProblemLoader Environment load took 2.75ms 
869        INFO  main            d.u.i.k.p.i.AbstractProblemLoader Creating init config 
1965       DEBUG main            d.u.i.k.j.TypeConverter   No LDT found for Meta 
1966       DEBUG main            d.u.i.k.j.TypeConverter   No LDT found for Meta 
1967       DEBUG main            d.u.i.k.j.TypeConverter   No LDT found for Meta 
1967       DEBUG main            d.u.i.k.j.TypeConverter   No LDT found for Meta 
3658       DEBUG main            d.u.i.k.j.TypeConverter   No LDT found for JavaBigintExpression 
9129       DEBUG main            d.u.i.k.p.i.AbstractProblemLoader Init config took 8.26s 
9330       INFO  main            d.u.i.k.p.i.AbstractProblemLoader Replaying proof Voter[Voter::insecure_voting()].JML normal_behavior operation contract.0 
9439       DEBUG main            d.u.i.k.p.i.IntermediateProofReplayer Proof replay took 448.62ns 
10492      INFO  main            d.u.i.k.p.r.p.TestFile    ... finished proof: closed. 
10624      INFO  main            d.u.i.k.p.r.p.TestFile    Now processing file /home/runner/work/key/key/key.core/../key.ui/examples/InformationFlow/ToyVoting/Voter(Voter__publishVoterParticipation()).JML normal_behavior operation contract.0.key 
10625      INFO  main            d.u.i.k.p.i.AbstractProblemLoader Loading environment from /home/runner/work/key/key/key.core/../key.ui/examples/InformationFlow/ToyVoting/Voter(Voter__publishVoterParticipation()).JML normal_behavior operation contract.0.key 
10626      DEBUG main            d.u.i.k.p.i.AbstractProblemLoader Environment load took 695.64ns 
10628      INFO  main            d.u.i.k.p.i.AbstractProblemLoader Creating init config 
13986      DEBUG main            d.u.i.k.p.i.AbstractProblemLoader Init config took 3.36s 
14055      INFO  main            d.u.i.k.p.i.AbstractProblemLoader Replaying proof Voter[Voter::publishVoterParticipation()].JML normal_behavior operation contract.0 
14060      DEBUG main            d.u.i.k.p.i.IntermediateProofReplayer Proof replay took 14.7ns 
14163      INFO  main            d.u.i.k.p.r.p.TestFile    ... finished proof: closed. 
14322      INFO  main            d.u.i.k.p.r.p.TestFile    Now processing file /home/runner/work/key/key/key.core/../key.ui/examples/InformationFlow/ToyVoting/Voter(Voter__isValid(int)).JML normal_behavior operation contract.0.key 
14323      INFO  main            d.u.i.k.p.i.AbstractProblemLoader Loading environment from /home/runner/work/key/key/key.core/../key.ui/examples/InformationFlow/ToyVoting/Voter(Voter__isValid(int)).JML normal_behavior operation contract.0.key 
14323      DEBUG main            d.u.i.k.p.i.AbstractProblemLoader Environment load took 110.61ns 
14325      INFO  main            d.u.i.k.p.i.AbstractProblemLoader Creating init config 
17627      DEBUG main            d.u.i.k.p.i.AbstractProblemLoader Init config took 3.3s 
17689      INFO  main            d.u.i.k.p.i.AbstractProblemLoader Replaying proof Voter[Voter::isValid(int)].JML normal_behavior operation contract.0 
17693      DEBUG main            d.u.i.k.p.i.IntermediateProofReplayer Proof replay took 15.3ns 
17795      INFO  main            d.u.i.k.p.r.p.TestFile    ... finished proof: closed. 
17927      INFO  main            d.u.i.k.p.r.p.TestFile    Now processing file /home/runner/work/key/key/key.core/../key.ui/examples/InformationFlow/ToyVoting/Voter(Voter__sendVote(int)).JML normal_behavior operation contract.0.key 
17928      INFO  main            d.u.i.k.p.i.AbstractProblemLoader Loading environment from /home/runner/work/key/key/key.core/../key.ui/examples/InformationFlow/ToyVoting/Voter(Voter__sendVote(int)).JML normal_behavior operation contract.0.key 
17930      DEBUG main            d.u.i.k.p.i.AbstractProblemLoader Environment load took 2.28ms 
17932      INFO  main            d.u.i.k.p.i.AbstractProblemLoader Creating init config 
21142      DEBUG main            d.u.i.k.p.i.AbstractProblemLoader Init config took 3.21s 
21230      INFO  main            d.u.i.k.p.i.AbstractProblemLoader Replaying proof Voter[Voter::sendVote(int)].JML normal_behavior operation contract.0 
21237      DEBUG main            d.u.i.k.p.i.IntermediateProofReplayer Proof replay took 14.6ns 
21340      INFO  main            d.u.i.k.p.r.p.TestFile    ... finished proof: closed. 
21482      INFO  main            d.u.i.k.p.r.p.TestFile    Now processing file /home/runner/work/key/key/key.core/../key.ui/examples/InformationFlow/ToyVoting/Voter(Voter__inputVote()).JML normal_behavior operation contract.0.key 
21482      INFO  main            d.u.i.k.p.i.AbstractProblemLoader Loading environment from /home/runner/work/key/key/key.core/../key.ui/examples/InformationFlow/ToyVoting/Voter(Voter__inputVote()).JML normal_behavior operation contract.0.key 
21482      DEBUG main            d.u.i.k.p.i.AbstractProblemLoader Environment load took 88ns 
21490      INFO  main            d.u.i.k.p.i.AbstractProblemLoader Creating init config 
24658      DEBUG main            d.u.i.k.p.i.AbstractProblemLoader Init config took 3.17s 
24714      INFO  main            d.u.i.k.p.i.AbstractProblemLoader Replaying proof Voter[Voter::inputVote()].JML normal_behavior operation contract.0 
24718      DEBUG main            d.u.i.k.p.i.IntermediateProofReplayer Proof replay took 14.1ns 
24828      INFO  main            d.u.i.k.p.r.p.TestFile    ... finished proof: closed. 
24977      INFO  main            d.u.i.k.p.r.p.TestFile    Now processing file /home/runner/work/key/key/key.core/../key.ui/examples/InformationFlow/ToyVoting/Voter(Voter__secure_voting()).JML normal_behavior operation contract.0.key 
24978      INFO  main            d.u.i.k.p.i.AbstractProblemLoader Loading environment from /home/runner/work/key/key/key.core/../key.ui/examples/InformationFlow/ToyVoting/Voter(Voter__secure_voting()).JML normal_behavior operation contract.0.key 
24978      DEBUG main            d.u.i.k.p.i.AbstractProblemLoader Environment load took 73.5ns 
24982      INFO  main            d.u.i.k.p.i.AbstractProblemLoader Creating init config 
28089      DEBUG main            d.u.i.k.p.i.AbstractProblemLoader Init config took 3.11s 
28159      INFO  main            d.u.i.k.p.i.AbstractProblemLoader Replaying proof Voter[Voter::secure_voting()].JML normal_behavior operation contract.0 
28163      DEBUG main            d.u.i.k.p.i.IntermediateProofReplayer Proof replay took 15.9ns 
29169      INFO  main            d.u.i.k.p.r.p.TestFile    ... finished proof: closed. 
29896      INFO  Test worker     d.u.i.k.p.r.p.StatisticsFile Returning from test ToyVoting 
29954      INFO  Test worker     d.u.i.k.p.r.p.StatisticsFile Running test ConditionalConfidential 
430        INFO  Timeout watchdog d.u.i.k.p.r.p.ForkedTestFileRunner Timeout watcher launched (1000 secs.) 
441        WARN  main            d.u.i.k.s.ProofSettings   The settings in /home/runner/.key/proof-settings.props are *not* read. 
488        INFO  main            d.u.i.k.p.r.p.TestFile    Now processing file /home/runner/work/key/key/key.core/../key.ui/examples/InformationFlow/ConditionalConfidential/CCExample(CCExample__hasAccessRight(CCExample.User)).JML normal_behavior operation contract.0.key 
648        INFO  main            d.u.i.k.p.i.AbstractProblemLoader Loading environment from /home/runner/work/key/key/key.core/../key.ui/examples/InformationFlow/ConditionalConfidential/CCExample(CCExample__hasAccessRight(CCExample.User)).JML normal_behavior operation contract.0.key 
670        DEBUG main            d.u.i.k.p.i.AbstractProblemLoader Environment load took 2.71ms 
935        INFO  main            d.u.i.k.p.i.AbstractProblemLoader Creating init config 
1885       DEBUG main            d.u.i.k.j.TypeConverter   No LDT found for Meta 
1886       DEBUG main            d.u.i.k.j.TypeConverter   No LDT found for Meta 
1903       DEBUG main            d.u.i.k.j.TypeConverter   No LDT found for Meta 
1904       DEBUG main            d.u.i.k.j.TypeConverter   No LDT found for Meta 
3667       DEBUG main            d.u.i.k.j.TypeConverter   No LDT found for JavaBigintExpression 
6819       DEBUG main            d.u.i.k.j.r.ClassPreparationMethodBuilder clPrepBuilder: Inner Class detected. Reject building class initialisation methods. 
9859       DEBUG main            d.u.i.k.p.i.AbstractProblemLoader Init config took 8.92s 
10022      INFO  main            d.u.i.k.p.i.AbstractProblemLoader Replaying proof ConditionalConfidentialExample[ConditionalConfidentialExample::hasAccessRight(ConditionalConfidentialExample.User)].JML normal_behavior operation contract.0 
10071      DEBUG main            d.u.i.k.p.i.IntermediateProofReplayer Proof replay took 365.42ns 
12806      INFO  main            d.u.i.k.p.r.p.TestFile    ... finished proof: closed. 
13007      INFO  main            d.u.i.k.p.r.p.TestFile    Now processing file /home/runner/work/key/key/key.core/../key.ui/examples/InformationFlow/ConditionalConfidential/CCExample(CCExample__getConfidentialData(CCExample.User)).JML normal_behavior operation contract.0.key 
13009      INFO  main            d.u.i.k.p.i.AbstractProblemLoader Loading environment from /home/runner/work/key/key/key.core/../key.ui/examples/InformationFlow/ConditionalConfidential/CCExample(CCExample__getConfidentialData(CCExample.User)).JML normal_behavior operation contract.0.key 
13009      DEBUG main            d.u.i.k.p.i.AbstractProblemLoader Environment load took 697.44ns 
13013      INFO  main            d.u.i.k.p.i.AbstractProblemLoader Creating init config 
14122      DEBUG main            d.u.i.k.j.r.ClassPreparationMethodBuilder clPrepBuilder: Inner Class detected. Reject building class initialisation methods. 
16274      DEBUG main            d.u.i.k.p.i.AbstractProblemLoader Init config took 3.26s 
16352      INFO  main            d.u.i.k.p.i.AbstractProblemLoader Replaying proof ConditionalConfidentialExample[ConditionalConfidentialExample::getConfidentialData(ConditionalConfidentialExample.User)].JML normal_behavior operation contract.0 
16356      DEBUG main            d.u.i.k.p.i.IntermediateProofReplayer Proof replay took 15.6ns 
16961      INFO  main            d.u.i.k.p.r.p.TestFile    ... finished proof: closed. 
47361      INFO  Test worker     d.u.i.k.p.r.p.StatisticsFile Returning from test ConditionalConfidential 
47364      INFO  Test worker     d.u.i.k.p.r.p.StatisticsFile Running test SumExample 
410        INFO  Timeout watchdog d.u.i.k.p.r.p.ForkedTestFileRunner Timeout watcher launched (1000 secs.) 
423        WARN  main            d.u.i.k.s.ProofSettings   The settings in /home/runner/.key/proof-settings.props are *not* read. 
459        INFO  main            d.u.i.k.p.r.p.TestFile    Now processing file /home/runner/work/key/key/key.core/../key.ui/examples/InformationFlow/Sum/SumExample(SumExample__getSum()).JML normal_behavior operation contract.0.key 
616        INFO  main            d.u.i.k.p.i.AbstractProblemLoader Loading environment from /home/runner/work/key/key/key.core/../key.ui/examples/InformationFlow/Sum/SumExample(SumExample__getSum()).JML normal_behavior operation contract.0.key 
641        DEBUG main            d.u.i.k.p.i.AbstractProblemLoader Environment load took 2.96ms 
938        INFO  main            d.u.i.k.p.i.AbstractProblemLoader Creating init config 
1929       DEBUG main            d.u.i.k.j.TypeConverter   No LDT found for Meta 
1934       DEBUG main            d.u.i.k.j.TypeConverter   No LDT found for Meta 
1938       DEBUG main            d.u.i.k.j.TypeConverter   No LDT found for Meta 
1939       DEBUG main            d.u.i.k.j.TypeConverter   No LDT found for Meta 
3721       DEBUG main            d.u.i.k.j.TypeConverter   No LDT found for JavaBigintExpression 
9463       DEBUG main            d.u.i.k.p.i.AbstractProblemLoader Init config took 8.52s 
9600       INFO  main            d.u.i.k.p.i.AbstractProblemLoader Replaying proof SumExample[SumExample::getSum()].JML normal_behavior operation contract.0 
9640       DEBUG main            d.u.i.k.p.i.IntermediateProofReplayer Proof replay took 394.52ns 
10979      INFO  main            d.u.i.k.p.r.p.TestFile    ... finished proof: closed. 
58694      INFO  Test worker     d.u.i.k.p.r.p.StatisticsFile Returning from test SumExample 
58697      INFO  Test worker     d.u.i.k.p.r.p.StatisticsFile Running test ToyBanking 
420        INFO  Timeout watchdog d.u.i.k.p.r.p.ForkedTestFileRunner Timeout watcher launched (1000 secs.) 
443        WARN  main            d.u.i.k.s.ProofSettings   The settings in /home/runner/.key/proof-settings.props are *not* read. 
485        INFO  main            d.u.i.k.p.r.p.TestFile    Now processing file /home/runner/work/key/key/key.core/../key.ui/examples/InformationFlow/ToyBanking/banking_example.UserAccount(banking_example.UserAccount__getBankAccount(int)).JML normal_behavior operation contract.0.key 
641        INFO  main            d.u.i.k.p.i.AbstractProblemLoader Loading environment from /home/runner/work/key/key/key.core/../key.ui/examples/InformationFlow/ToyBanking/banking_example.UserAccount(banking_example.UserAccount__getBankAccount(int)).JML normal_behavior operation contract.0.key 
674        DEBUG main            d.u.i.k.p.i.AbstractProblemLoader Environment load took 2.93ms 
936        INFO  main            d.u.i.k.p.i.AbstractProblemLoader Creating init config 
2028       DEBUG main            d.u.i.k.j.TypeConverter   No LDT found for Meta 
2029       DEBUG main            d.u.i.k.j.TypeConverter   No LDT found for Meta 
2037       DEBUG main            d.u.i.k.j.TypeConverter   No LDT found for Meta 
2037       DEBUG main            d.u.i.k.j.TypeConverter   No LDT found for Meta 
3431       DEBUG main            d.u.i.k.j.TypeConverter   No LDT found for JavaBigintExpression 
10555      DEBUG main            d.u.i.k.p.i.AbstractProblemLoader Init config took 9.62s 
10794      INFO  main            d.u.i.k.p.i.AbstractProblemLoader Replaying proof banking_example.UserAccount[banking_example.UserAccount::getBankAccount(int)].JML normal_behavior operation contract.0 
10843      DEBUG main            d.u.i.k.p.i.IntermediateProofReplayer Proof replay took 433.02ns 
12682      INFO  main            d.u.i.k.p.r.p.TestFile    ... finished proof: closed. 
12850      INFO  main            d.u.i.k.p.r.p.TestFile    Now processing file /home/runner/work/key/key/key.core/../key.ui/examples/InformationFlow/ToyBanking/banking_example.UserAccount(banking_example.UserAccount__tryLogin(int,(C)).JML normal_behavior operation contract.0.key 
12854      INFO  main            d.u.i.k.p.i.AbstractProblemLoader Loading environment from /home/runner/work/key/key/key.core/../key.ui/examples/InformationFlow/ToyBanking/banking_example.UserAccount(banking_example.UserAccount__tryLogin(int,(C)).JML normal_behavior operation contract.0.key 
12855      DEBUG main            d.u.i.k.p.i.AbstractProblemLoader Environment load took 738.74ns 
12860      INFO  main            d.u.i.k.p.i.AbstractProblemLoader Creating init config 
16573      DEBUG main            d.u.i.k.p.i.AbstractProblemLoader Init config took 3.71s 
16676      INFO  main            d.u.i.k.p.i.AbstractProblemLoader Replaying proof banking_example.UserAccount[banking_example.UserAccount::tryLogin(int,[C)].JML normal_behavior operation contract.0 
16682      DEBUG main            d.u.i.k.p.i.IntermediateProofReplayer Proof replay took 14.4ns 
45103      INFO  main            d.u.i.k.p.r.p.TestFile    ... finished proof: closed. 
45430      INFO  main            d.u.i.k.p.r.p.TestFile    Now processing file /home/runner/work/key/key/key.core/../key.ui/examples/InformationFlow/ToyBanking/banking_example.UserAccount(java.lang.Object___inv_()).JML accessible clause.0.key 
45431      INFO  main            d.u.i.k.p.i.AbstractProblemLoader Loading environment from /home/runner/work/key/key/key.core/../key.ui/examples/InformationFlow/ToyBanking/banking_example.UserAccount(java.lang.Object___inv_()).JML accessible clause.0.key 
45431      DEBUG main            d.u.i.k.p.i.AbstractProblemLoader Environment load took 143.61ns 
45432      INFO  main            d.u.i.k.p.i.AbstractProblemLoader Creating init config 
48941      DEBUG main            d.u.i.k.p.i.AbstractProblemLoader Init config took 3.51s 
49036      INFO  main            d.u.i.k.p.i.AbstractProblemLoader Replaying proof banking_example.UserAccount[java.lang.Object::<inv>()].JML accessible clause.0 
49044      DEBUG main            d.u.i.k.p.i.IntermediateProofReplayer Proof replay took 14.7ns 
55844      INFO  main            d.u.i.k.p.r.p.TestFile    ... finished proof: closed. 
56065      INFO  main            d.u.i.k.p.r.p.TestFile    Now processing file /home/runner/work/key/key/key.core/../key.ui/examples/InformationFlow/ToyBanking/banking_example.BankAccount(banking_example.BankAccount__depositMoney(int)).JML normal_behavior operation contract.0.key 
56066      INFO  main            d.u.i.k.p.i.AbstractProblemLoader Loading environment from /home/runner/work/key/key/key.core/../key.ui/examples/InformationFlow/ToyBanking/banking_example.BankAccount(banking_example.BankAccount__depositMoney(int)).JML normal_behavior operation contract.0.key 
56066      DEBUG main            d.u.i.k.p.i.AbstractProblemLoader Environment load took 85.91ns 
56067      INFO  main            d.u.i.k.p.i.AbstractProblemLoader Creating init config 
59500      DEBUG main            d.u.i.k.p.i.AbstractProblemLoader Init config took 3.43s 
59563      INFO  main            d.u.i.k.p.i.AbstractProblemLoader Replaying proof banking_example.BankAccount[banking_example.BankAccount::depositMoney(int)].JML normal_behavior operation contract.0 
59568      DEBUG main            d.u.i.k.p.i.IntermediateProofReplayer Proof replay took 14.9ns 
59884      INFO  main            d.u.i.k.p.r.p.TestFile    ... finished proof: closed. 
60053      INFO  main            d.u.i.k.p.r.p.TestFile    Now processing file /home/runner/work/key/key/key.core/../key.ui/examples/InformationFlow/ToyBanking/banking_example.BankAccount(banking_example.BankAccount__getBalance()).JML normal_behavior operation contract.0.key 
60053      INFO  main            d.u.i.k.p.i.AbstractProblemLoader Loading environment from /home/runner/work/key/key/key.core/../key.ui/examples/InformationFlow/ToyBanking/banking_example.BankAccount(banking_example.BankAccount__getBalance()).JML normal_behavior operation contract.0.key 
60053      DEBUG main            d.u.i.k.p.i.AbstractProblemLoader Environment load took 79.81ns 
60060      INFO  main            d.u.i.k.p.i.AbstractProblemLoader Creating init config 
63433      DEBUG main            d.u.i.k.p.i.AbstractProblemLoader Init config took 3.37s 
63530      INFO  main            d.u.i.k.p.i.AbstractProblemLoader Replaying proof banking_example.BankAccount[banking_example.BankAccount::getBalance()].JML normal_behavior operation contract.0 
63533      DEBUG main            d.u.i.k.p.i.IntermediateProofReplayer Proof replay took 15.2ns 
63636      INFO  main            d.u.i.k.p.r.p.TestFile    ... finished proof: closed. 
63799      INFO  main            d.u.i.k.p.r.p.TestFile    Now processing file /home/runner/work/key/key/key.core/../key.ui/examples/InformationFlow/ToyBanking/banking_example.BankAccount(banking_example.BankAccount__getId()).JML normal_behavior operation contract.0.key 
63800      INFO  main            d.u.i.k.p.i.AbstractProblemLoader Loading environment from /home/runner/work/key/key/key.core/../key.ui/examples/InformationFlow/ToyBanking/banking_example.BankAccount(banking_example.BankAccount__getId()).JML normal_behavior operation contract.0.key 
63800      DEBUG main            d.u.i.k.p.i.AbstractProblemLoader Environment load took 83.9ns 
63802      INFO  main            d.u.i.k.p.i.AbstractProblemLoader Creating init config 
67199      DEBUG main            d.u.i.k.p.i.AbstractProblemLoader Init config took 3.4s 
67263      INFO  main            d.u.i.k.p.i.AbstractProblemLoader Replaying proof banking_example.BankAccount[banking_example.BankAccount::getId()].JML normal_behavior operation contract.0 
67267      DEBUG main            d.u.i.k.p.i.IntermediateProofReplayer Proof replay took 15.6ns 
67369      INFO  main            d.u.i.k.p.r.p.TestFile    ... finished proof: closed. 
67532      INFO  main            d.u.i.k.p.r.p.TestFile    Now processing file /home/runner/work/key/key/key.core/../key.ui/examples/InformationFlow/ToyBanking/banking_example.Bank(banking_example.Bank__login(int,(C)).JML normal_behavior operation contract.0.key 
67532      INFO  main            d.u.i.k.p.i.AbstractProblemLoader Loading environment from /home/runner/work/key/key/key.core/../key.ui/examples/InformationFlow/ToyBanking/banking_example.Bank(banking_example.Bank__login(int,(C)).JML normal_behavior operation contract.0.key 
67532      DEBUG main            d.u.i.k.p.i.AbstractProblemLoader Environment load took 82.41ns 
67536      INFO  main            d.u.i.k.p.i.AbstractProblemLoader Creating init config 
70961      DEBUG main            d.u.i.k.p.i.AbstractProblemLoader Init config took 3.43s 
71030      INFO  main            d.u.i.k.p.i.AbstractProblemLoader Replaying proof banking_example.Bank[banking_example.Bank::login(int,[C)].JML normal_behavior operation contract.0 
71033      DEBUG main            d.u.i.k.p.i.IntermediateProofReplayer Proof replay took 16.9ns 
79312      INFO  main            d.u.i.k.p.r.p.TestFile    ... finished proof: closed. 
79531      INFO  main            d.u.i.k.p.r.p.TestFile    Now processing file /home/runner/work/key/key/key.core/../key.ui/examples/InformationFlow/ToyBanking/banking_example2.UserAccount(banking_example2.UserAccount__getBankAccount(int)).JML normal_behavior operation contract.0.key 
79531      INFO  main            d.u.i.k.p.i.AbstractProblemLoader Loading environment from /home/runner/work/key/key/key.core/../key.ui/examples/InformationFlow/ToyBanking/banking_example2.UserAccount(banking_example2.UserAccount__getBankAccount(int)).JML normal_behavior operation contract.0.key 
79532      DEBUG main            d.u.i.k.p.i.AbstractProblemLoader Environment load took 119.21ns 
79533      INFO  main            d.u.i.k.p.i.AbstractProblemLoader Creating init config 
82815      DEBUG main            d.u.i.k.p.i.AbstractProblemLoader Init config took 3.28s 
82880      INFO  main            d.u.i.k.p.i.AbstractProblemLoader Replaying proof banking_example2.UserAccount[banking_example2.UserAccount::getBankAccount(int)].JML normal_behavior operation contract.0 
82884      DEBUG main            d.u.i.k.p.i.IntermediateProofReplayer Proof replay took 15.9ns 
83293      INFO  main            d.u.i.k.p.r.p.TestFile    ... finished proof: closed. 
83484      INFO  main            d.u.i.k.p.r.p.TestFile    Now processing file /home/runner/work/key/key/key.core/../key.ui/examples/InformationFlow/ToyBanking/banking_example2.UserAccount(banking_example2.UserAccount__tryLogin(int,(C)).JML normal_behavior operation contract.0.key 
83485      INFO  main            d.u.i.k.p.i.AbstractProblemLoader Loading environment from /home/runner/work/key/key/key.core/../key.ui/examples/InformationFlow/ToyBanking/banking_example2.UserAccount(banking_example2.UserAccount__tryLogin(int,(C)).JML normal_behavior operation contract.0.key 
83485      DEBUG main            d.u.i.k.p.i.AbstractProblemLoader Environment load took 125.41ns 
83486      INFO  main            d.u.i.k.p.i.AbstractProblemLoader Creating init config 
86739      DEBUG main            d.u.i.k.p.i.AbstractProblemLoader Init config took 3.25s 
86816      INFO  main            d.u.i.k.p.i.AbstractProblemLoader Replaying proof banking_example2.UserAccount[banking_example2.UserAccount::tryLogin(int,[C)].JML normal_behavior operation contract.0 
86827      DEBUG main            d.u.i.k.p.i.IntermediateProofReplayer Proof replay took 16.7ns 
113223     INFO  main            d.u.i.k.p.r.p.TestFile    ... finished proof: closed. 
113519     INFO  main            d.u.i.k.p.r.p.TestFile    Now processing file /home/runner/work/key/key/key.core/../key.ui/examples/InformationFlow/ToyBanking/banking_example2.UserAccount(java.lang.Object___inv_()).JML accessible clause.0.key 
113519     INFO  main            d.u.i.k.p.i.AbstractProblemLoader Loading environment from /home/runner/work/key/key/key.core/../key.ui/examples/InformationFlow/ToyBanking/banking_example2.UserAccount(java.lang.Object___inv_()).JML accessible clause.0.key 
113519     DEBUG main            d.u.i.k.p.i.AbstractProblemLoader Environment load took 79.8ns 
113520     INFO  main            d.u.i.k.p.i.AbstractProblemLoader Creating init config 
116783     DEBUG main            d.u.i.k.p.i.AbstractProblemLoader Init config took 3.26s 
116844     INFO  main            d.u.i.k.p.i.AbstractProblemLoader Replaying proof banking_example2.UserAccount[java.lang.Object::<inv>()].JML accessible clause.0 
116848     DEBUG main            d.u.i.k.p.i.IntermediateProofReplayer Proof replay took 15.9ns 
122614     INFO  main            d.u.i.k.p.r.p.TestFile    ... finished proof: open goal(s) 
122845     INFO  main            d.u.i.k.p.r.p.TestFile    Now processing file /home/runner/work/key/key/key.core/../key.ui/examples/InformationFlow/ToyBanking/banking_example2.BankAccount(banking_example2.BankAccount__depositMoney(int)).JML normal_behavior operation contract.0.key 
122846     INFO  main            d.u.i.k.p.i.AbstractProblemLoader Loading environment from /home/runner/work/key/key/key.core/../key.ui/examples/InformationFlow/ToyBanking/banking_example2.BankAccount(banking_example2.BankAccount__depositMoney(int)).JML normal_behavior operation contract.0.key 
122846     DEBUG main            d.u.i.k.p.i.AbstractProblemLoader Environment load took 72.6ns 
122847     INFO  main            d.u.i.k.p.i.AbstractProblemLoader Creating init config 
126122     DEBUG main            d.u.i.k.p.i.AbstractProblemLoader Init config took 3.27s 
126177     INFO  main            d.u.i.k.p.i.AbstractProblemLoader Replaying proof banking_example2.BankAccount[banking_example2.BankAccount::depositMoney(int)].JML normal_behavior operation contract.0 
126182     DEBUG main            d.u.i.k.p.i.IntermediateProofReplayer Proof replay took 14.4ns 
126485     INFO  main            d.u.i.k.p.r.p.TestFile    ... finished proof: closed. 
126687     INFO  main            d.u.i.k.p.r.p.TestFile    Now processing file /home/runner/work/key/key/key.core/../key.ui/examples/InformationFlow/ToyBanking/banking_example2.BankAccount(banking_example2.BankAccount__getBalance()).JML normal_behavior operation contract.0.key 
126688     INFO  main            d.u.i.k.p.i.AbstractProblemLoader Loading environment from /home/runner/work/key/key/key.core/../key.ui/examples/InformationFlow/ToyBanking/banking_example2.BankAccount(banking_example2.BankAccount__getBalance()).JML normal_behavior operation contract.0.key 
126688     DEBUG main            d.u.i.k.p.i.AbstractProblemLoader Environment load took 75.5ns 
126689     INFO  main            d.u.i.k.p.i.AbstractProblemLoader Creating init config 
129901     DEBUG main            d.u.i.k.p.i.AbstractProblemLoader Init config took 3.21s 
129952     INFO  main            d.u.i.k.p.i.AbstractProblemLoader Replaying proof banking_example2.BankAccount[banking_example2.BankAccount::getBalance()].JML normal_behavior operation contract.0 
129956     DEBUG main            d.u.i.k.p.i.IntermediateProofReplayer Proof replay took 16.2ns 
130059     INFO  main            d.u.i.k.p.r.p.TestFile    ... finished proof: closed. 
130252     INFO  main            d.u.i.k.p.r.p.TestFile    Now processing file /home/runner/work/key/key/key.core/../key.ui/examples/InformationFlow/ToyBanking/banking_example2.BankAccount(banking_example2.BankAccount__getId()).JML normal_behavior operation contract.0.key 
130252     INFO  main            d.u.i.k.p.i.AbstractProblemLoader Loading environment from /home/runner/work/key/key/key.core/../key.ui/examples/InformationFlow/ToyBanking/banking_example2.BankAccount(banking_example2.BankAccount__getId()).JML normal_behavior operation contract.0.key 
130252     DEBUG main            d.u.i.k.p.i.AbstractProblemLoader Environment load took 76.81ns 
130253     INFO  main            d.u.i.k.p.i.AbstractProblemLoader Creating init config 
133509     DEBUG main            d.u.i.k.p.i.AbstractProblemLoader Init config took 3.26s 
133558     INFO  main            d.u.i.k.p.i.AbstractProblemLoader Replaying proof banking_example2.BankAccount[banking_example2.BankAccount::getId()].JML normal_behavior operation contract.0 
133562     DEBUG main            d.u.i.k.p.i.IntermediateProofReplayer Proof replay took 16.2ns 
133664     INFO  main            d.u.i.k.p.r.p.TestFile    ... finished proof: closed. 
133852     INFO  main            d.u.i.k.p.r.p.TestFile    Now processing file /home/runner/work/key/key/key.core/../key.ui/examples/InformationFlow/ToyBanking/banking_example2.Bank(banking_example2.Bank__login(int,(C)).JML normal_behavior operation contract.0.key 
133852     INFO  main            d.u.i.k.p.i.AbstractProblemLoader Loading environment from /home/runner/work/key/key/key.core/../key.ui/examples/InformationFlow/ToyBanking/banking_example2.Bank(banking_example2.Bank__login(int,(C)).JML normal_behavior operation contract.0.key 
133852     DEBUG main            d.u.i.k.p.i.AbstractProblemLoader Environment load took 70.4ns 
133854     INFO  main            d.u.i.k.p.i.AbstractProblemLoader Creating init config 
137066     DEBUG main            d.u.i.k.p.i.AbstractProblemLoader Init config took 3.21s 
137121     INFO  main            d.u.i.k.p.i.AbstractProblemLoader Replaying proof banking_example2.Bank[banking_example2.Bank::login(int,[C)].JML normal_behavior operation contract.0 
137127     DEBUG main            d.u.i.k.p.i.IntermediateProofReplayer Proof replay took 19ns 
141041     INFO  main            d.u.i.k.p.r.p.TestFile    ... finished proof: closed. 
200171     INFO  Test worker     d.u.i.k.p.r.p.StatisticsFile Returning from test ToyBanking 
200194     INFO  Test worker     d.u.i.k.p.r.p.StatisticsFile Running test BlockContracts 
426        INFO  Timeout watchdog d.u.i.k.p.r.p.ForkedTestFileRunner Timeout watcher launched (1000 secs.) 
443        WARN  main            d.u.i.k.s.ProofSettings   The settings in /home/runner/.key/proof-settings.props are *not* read. 
469        INFO  main            d.u.i.k.p.r.p.TestFile    Now processing file /home/runner/work/key/key/key.core/../key.ui/examples/InformationFlow/BlockContracts/contract.IFBlockExamples(contract.IFBlockExamples__secure_5()).JML operation contract.0.key 
594        INFO  main            d.u.i.k.p.i.AbstractProblemLoader Loading environment from /home/runner/work/key/key/key.core/../key.ui/examples/InformationFlow/BlockContracts/contract.IFBlockExamples(contract.IFBlockExamples__secure_5()).JML operation contract.0.key 
627        DEBUG main            d.u.i.k.p.i.AbstractProblemLoader Environment load took 6.68ms 
934        INFO  main            d.u.i.k.p.i.AbstractProblemLoader Creating init config 
2015       DEBUG main            d.u.i.k.j.TypeConverter   No LDT found for Meta 
2018       DEBUG main            d.u.i.k.j.TypeConverter   No LDT found for Meta 
2023       DEBUG main            d.u.i.k.j.TypeConverter   No LDT found for Meta 
2024       DEBUG main            d.u.i.k.j.TypeConverter   No LDT found for Meta 
3789       DEBUG main            d.u.i.k.j.TypeConverter   No LDT found for JavaBigintExpression 
10372      DEBUG main            d.u.i.k.p.i.AbstractProblemLoader Init config took 9.44s 
10561      INFO  main            d.u.i.k.p.i.AbstractProblemLoader Replaying proof contract.IFBlockExamples[contract.IFBlockExamples::secure_5()].JML operation contract.0 
10655      DEBUG main            d.u.i.k.p.i.IntermediateProofReplayer Proof replay took 387.22ns 
11598      INFO  main            d.u.i.k.p.r.p.TestFile    ... finished proof: closed. 
11727      INFO  main            d.u.i.k.p.r.p.TestFile    Now processing file /home/runner/work/key/key/key.core/../key.ui/examples/InformationFlow/BlockContracts/contract.IFBlockExamples(contract.IFBlockExamples__block_no_return_secure(int)).JML operation contract.0.key 
11727      INFO  main            d.u.i.k.p.i.AbstractProblemLoader Loading environment from /home/runner/work/key/key/key.core/../key.ui/examples/InformationFlow/BlockContracts/contract.IFBlockExamples(contract.IFBlockExamples__block_no_return_secure(int)).JML operation contract.0.key 
11728      DEBUG main            d.u.i.k.p.i.AbstractProblemLoader Environment load took 98.31ns 
11729      INFO  main            d.u.i.k.p.i.AbstractProblemLoader Creating init config 
15366      DEBUG main            d.u.i.k.p.i.AbstractProblemLoader Init config took 3.64s 
15468      INFO  main            d.u.i.k.p.i.AbstractProblemLoader Replaying proof contract.IFBlockExamples[contract.IFBlockExamples::block_no_return_secure(int)].JML operation contract.0 
15478      DEBUG main            d.u.i.k.p.i.IntermediateProofReplayer Proof replay took 17ns 
15684      INFO  main            d.u.i.k.p.r.p.TestFile    ... finished proof: closed. 
15822      INFO  main            d.u.i.k.p.r.p.TestFile    Now processing file /home/runner/work/key/key/key.core/../key.ui/examples/InformationFlow/BlockContracts/contract.IFBlockExamples(contract.IFBlockExamples__while_block_insecure(int)).JML operation contract.0.key 
15823      INFO  main            d.u.i.k.p.i.AbstractProblemLoader Loading environment from /home/runner/work/key/key/key.core/../key.ui/examples/InformationFlow/BlockContracts/contract.IFBlockExamples(contract.IFBlockExamples__while_block_insecure(int)).JML operation contract.0.key 
15823      DEBUG main            d.u.i.k.p.i.AbstractProblemLoader Environment load took 103.2ns 
15824      INFO  main            d.u.i.k.p.i.AbstractProblemLoader Creating init config 
19453      DEBUG main            d.u.i.k.p.i.AbstractProblemLoader Init config took 3.63s 
19517      INFO  main            d.u.i.k.p.i.AbstractProblemLoader Replaying proof contract.IFBlockExamples[contract.IFBlockExamples::while_block_insecure(int)].JML operation contract.0 
19522      DEBUG main            d.u.i.k.p.i.IntermediateProofReplayer Proof replay took 14.7ns 
20026      INFO  main            d.u.i.k.p.r.p.TestFile    ... finished proof: closed. 
20183      INFO  main            d.u.i.k.p.r.p.TestFile    Now processing file /home/runner/work/key/key/key.core/../key.ui/examples/InformationFlow/BlockContracts/contract.IFBlockExamples(contract.IFBlockExamples__while_block_secure(int)).JML operation contract.0.key 
20190      INFO  main            d.u.i.k.p.i.AbstractProblemLoader Loading environment from /home/runner/work/key/key/key.core/../key.ui/examples/InformationFlow/BlockContracts/contract.IFBlockExamples(contract.IFBlockExamples__while_block_secure(int)).JML operation contract.0.key 
20190      DEBUG main            d.u.i.k.p.i.AbstractProblemLoader Environment load took 157.51ns 
20192      INFO  main            d.u.i.k.p.i.AbstractProblemLoader Creating init config 
23744      DEBUG main            d.u.i.k.p.i.AbstractProblemLoader Init config took 3.55s 
23828      INFO  main            d.u.i.k.p.i.AbstractProblemLoader Replaying proof contract.IFBlockExamples[contract.IFBlockExamples::while_block_secure(int)].JML operation contract.0 
23831      DEBUG main            d.u.i.k.p.i.IntermediateProofReplayer Proof replay took 14.1ns 
24238      INFO  main            d.u.i.k.p.r.p.TestFile    ... finished proof: closed. 
24404      INFO  main            d.u.i.k.p.r.p.TestFile    Now processing file /home/runner/work/key/key/key.core/../key.ui/examples/InformationFlow/BlockContracts/contract.IFBlockExamples(contract.IFBlockExamples__block_while_secure(int)).JML operation contract.0.key 
24404      INFO  main            d.u.i.k.p.i.AbstractProblemLoader Loading environment from /home/runner/work/key/key/key.core/../key.ui/examples/InformationFlow/BlockContracts/contract.IFBlockExamples(contract.IFBlockExamples__block_while_secure(int)).JML operation contract.0.key 
24404      DEBUG main            d.u.i.k.p.i.AbstractProblemLoader Environment load took 95.61ns 
24406      INFO  main            d.u.i.k.p.i.AbstractProblemLoader Creating init config 
27801      DEBUG main            d.u.i.k.p.i.AbstractProblemLoader Init config took 3.4s 
27871      INFO  main            d.u.i.k.p.i.AbstractProblemLoader Replaying proof contract.IFBlockExamples[contract.IFBlockExamples::block_while_secure(int)].JML operation contract.0 
27876      DEBUG main            d.u.i.k.p.i.IntermediateProofReplayer Proof replay took 15.4ns 
28280      INFO  main            d.u.i.k.p.r.p.TestFile    ... finished proof: closed. 
28535      INFO  main            d.u.i.k.p.r.p.TestFile    Now processing file /home/runner/work/key/key/key.core/../key.ui/examples/InformationFlow/BlockContracts/contract.IFBlockExamples(contract.IFBlockExamples__insecure_4(int)).JML operation contract.0.key 
28536      INFO  main            d.u.i.k.p.i.AbstractProblemLoader Loading environment from /home/runner/work/key/key/key.core/../key.ui/examples/InformationFlow/BlockContracts/contract.IFBlockExamples(contract.IFBlockExamples__insecure_4(int)).JML operation contract.0.key 
28536      DEBUG main            d.u.i.k.p.i.AbstractProblemLoader Environment load took 93.81ns 
28538      INFO  main            d.u.i.k.p.i.AbstractProblemLoader Creating init config 
31838      DEBUG main            d.u.i.k.p.i.AbstractProblemLoader Init config took 3.3s 
31893      INFO  main            d.u.i.k.p.i.AbstractProblemLoader Replaying proof contract.IFBlockExamples[contract.IFBlockExamples::insecure_4(int)].JML operation contract.0 
31898      DEBUG main            d.u.i.k.p.i.IntermediateProofReplayer Proof replay took 16.3ns 
32504      INFO  main            d.u.i.k.p.r.p.TestFile    ... finished proof: closed. 
32675      INFO  main            d.u.i.k.p.r.p.TestFile    Now processing file /home/runner/work/key/key/key.core/../key.ui/examples/InformationFlow/BlockContracts/contract.IFBlockExamples(contract.IFBlockExamples__insecure_3(int)).JML operation contract.0.key 
32676      INFO  main            d.u.i.k.p.i.AbstractProblemLoader Loading environment from /home/runner/work/key/key/key.core/../key.ui/examples/InformationFlow/BlockContracts/contract.IFBlockExamples(contract.IFBlockExamples__insecure_3(int)).JML operation contract.0.key 
32676      DEBUG main            d.u.i.k.p.i.AbstractProblemLoader Environment load took 77.1ns 
32681      INFO  main            d.u.i.k.p.i.AbstractProblemLoader Creating init config 
35970      DEBUG main            d.u.i.k.p.i.AbstractProblemLoader Init config took 3.29s 
36024      INFO  main            d.u.i.k.p.i.AbstractProblemLoader Replaying proof contract.IFBlockExamples[contract.IFBlockExamples::insecure_3(int)].JML operation contract.0 
36028      DEBUG main            d.u.i.k.p.i.IntermediateProofReplayer Proof replay took 17.3ns 
36533      INFO  main            d.u.i.k.p.r.p.TestFile    ... finished proof: closed. 
36726      INFO  main            d.u.i.k.p.r.p.TestFile    Now processing file /home/runner/work/key/key/key.core/../key.ui/examples/InformationFlow/BlockContracts/contract.IFBlockExamples(contract.IFBlockExamples__secure_3(int)).JML operation contract.0.key 
36727      INFO  main            d.u.i.k.p.i.AbstractProblemLoader Loading environment from /home/runner/work/key/key/key.core/../key.ui/examples/InformationFlow/BlockContracts/contract.IFBlockExamples(contract.IFBlockExamples__secure_3(int)).JML operation contract.0.key 
36727      DEBUG main            d.u.i.k.p.i.AbstractProblemLoader Environment load took 89.31ns 
36728      INFO  main            d.u.i.k.p.i.AbstractProblemLoader Creating init config 
40047      DEBUG main            d.u.i.k.p.i.AbstractProblemLoader Init config took 3.32s 
40114      INFO  main            d.u.i.k.p.i.AbstractProblemLoader Replaying proof contract.IFBlockExamples[contract.IFBlockExamples::secure_3(int)].JML operation contract.0 
40121      DEBUG main            d.u.i.k.p.i.IntermediateProofReplayer Proof replay took 15.3ns 
40628      INFO  main            d.u.i.k.p.r.p.TestFile    ... finished proof: closed. 
40809      INFO  main            d.u.i.k.p.r.p.TestFile    Now processing file /home/runner/work/key/key/key.core/../key.ui/examples/InformationFlow/BlockContracts/contract.IFBlockExamples(contract.IFBlockExamples__secure_2(int)).JML operation contract.0.key 
40809      INFO  main            d.u.i.k.p.i.AbstractProblemLoader Loading environment from /home/runner/work/key/key/key.core/../key.ui/examples/InformationFlow/BlockContracts/contract.IFBlockExamples(contract.IFBlockExamples__secure_2(int)).JML operation contract.0.key 
40809      DEBUG main            d.u.i.k.p.i.AbstractProblemLoader Environment load took 94.11ns 
40811      INFO  main            d.u.i.k.p.i.AbstractProblemLoader Creating init config 
44065      DEBUG main            d.u.i.k.p.i.AbstractProblemLoader Init config took 3.25s 
44118      INFO  main            d.u.i.k.p.i.AbstractProblemLoader Replaying proof contract.IFBlockExamples[contract.IFBlockExamples::secure_2(int)].JML operation contract.0 
44121      DEBUG main            d.u.i.k.p.i.IntermediateProofReplayer Proof replay took 14.2ns 
44524      INFO  main            d.u.i.k.p.r.p.TestFile    ... finished proof: closed. 
44859      INFO  main            d.u.i.k.p.r.p.TestFile    Now processing file /home/runner/work/key/key/key.core/../key.ui/examples/InformationFlow/BlockContracts/contract.IFBlockExamples(contract.IFBlockExamples__secure_8(int)).JML operation contract.0.key 
44859      INFO  main            d.u.i.k.p.i.AbstractProblemLoader Loading environment from /home/runner/work/key/key/key.core/../key.ui/examples/InformationFlow/BlockContracts/contract.IFBlockExamples(contract.IFBlockExamples__secure_8(int)).JML operation contract.0.key 
44860      DEBUG main            d.u.i.k.p.i.AbstractProblemLoader Environment load took 90.61ns 
44861      INFO  main            d.u.i.k.p.i.AbstractProblemLoader Creating init config 
48071      DEBUG main            d.u.i.k.p.i.AbstractProblemLoader Init config took 3.21s 
48139      INFO  main            d.u.i.k.p.i.AbstractProblemLoader Replaying proof contract.IFBlockExamples[contract.IFBlockExamples::secure_8(int)].JML operation contract.0 
48142      DEBUG main            d.u.i.k.p.i.IntermediateProofReplayer Proof replay took 14.4ns 
48467      INFO  main            d.u.i.k.p.r.p.TestFile    ... finished proof: closed. 
48677      INFO  main            d.u.i.k.p.r.p.TestFile    Now processing file /home/runner/work/key/key/key.core/../key.ui/examples/InformationFlow/BlockContracts/contract.IFBlockExamples(contract.IFBlockExamples__secure_7(int)).JML operation contract.0.key 
48678      INFO  main            d.u.i.k.p.i.AbstractProblemLoader Loading environment from /home/runner/work/key/key/key.core/../key.ui/examples/InformationFlow/BlockContracts/contract.IFBlockExamples(contract.IFBlockExamples__secure_7(int)).JML operation contract.0.key 
48678      DEBUG main            d.u.i.k.p.i.AbstractProblemLoader Environment load took 110.21ns 
48679      INFO  main            d.u.i.k.p.i.AbstractProblemLoader Creating init config 
51906      DEBUG main            d.u.i.k.p.i.AbstractProblemLoader Init config took 3.23s 
51971      INFO  main            d.u.i.k.p.i.AbstractProblemLoader Replaying proof contract.IFBlockExamples[contract.IFBlockExamples::secure_7(int)].JML operation contract.0 
51974      DEBUG main            d.u.i.k.p.i.IntermediateProofReplayer Proof replay took 18.5ns 
52179      INFO  main            d.u.i.k.p.r.p.TestFile    ... finished proof: closed. 
52356      INFO  main            d.u.i.k.p.r.p.TestFile    Now processing file /home/runner/work/key/key/key.core/../key.ui/examples/InformationFlow/BlockContracts/contract.IFBlockExamples(contract.IFBlockExamples__secure_6(int)).JML operation contract.0.key 
52357      INFO  main            d.u.i.k.p.i.AbstractProblemLoader Loading environment from /home/runner/work/key/key/key.core/../key.ui/examples/InformationFlow/BlockContracts/contract.IFBlockExamples(contract.IFBlockExamples__secure_6(int)).JML operation contract.0.key 
52357      DEBUG main            d.u.i.k.p.i.AbstractProblemLoader Environment load took 95.61ns 
52359      INFO  main            d.u.i.k.p.i.AbstractProblemLoader Creating init config 
55584      DEBUG main            d.u.i.k.p.i.AbstractProblemLoader Init config took 3.23s 
55633      INFO  main            d.u.i.k.p.i.AbstractProblemLoader Replaying proof contract.IFBlockExamples[contract.IFBlockExamples::secure_6(int)].JML operation contract.0 
55636      DEBUG main            d.u.i.k.p.i.IntermediateProofReplayer Proof replay took 15.6ns 
55839      INFO  main            d.u.i.k.p.r.p.TestFile    ... finished proof: closed. 
56021      INFO  main            d.u.i.k.p.r.p.TestFile    Now processing file /home/runner/work/key/key/key.core/../key.ui/examples/InformationFlow/BlockContracts/contract.IFBlockExamples(contract.IFBlockExamples__insecure_1(int)).JML operation contract.0.key 
56022      INFO  main            d.u.i.k.p.i.AbstractProblemLoader Loading environment from /home/runner/work/key/key/key.core/../key.ui/examples/InformationFlow/BlockContracts/contract.IFBlockExamples(contract.IFBlockExamples__insecure_1(int)).JML operation contract.0.key 
56022      DEBUG main            d.u.i.k.p.i.AbstractProblemLoader Environment load took 84.8ns 
56023      INFO  main            d.u.i.k.p.i.AbstractProblemLoader Creating init config 
59243      DEBUG main            d.u.i.k.p.i.AbstractProblemLoader Init config took 3.22s 
59291      INFO  main            d.u.i.k.p.i.AbstractProblemLoader Replaying proof contract.IFBlockExamples[contract.IFBlockExamples::insecure_1(int)].JML operation contract.0 
59295      DEBUG main            d.u.i.k.p.i.IntermediateProofReplayer Proof replay took 16.5ns 
59497      INFO  main            d.u.i.k.p.r.p.TestFile    ... finished proof: closed. 
59706      INFO  main            d.u.i.k.p.r.p.TestFile    Now processing file /home/runner/work/key/key/key.core/../key.ui/examples/InformationFlow/BlockContracts/contract.IFBlockExamples(contract.IFBlockExamples__secure_4(int)).JML operation contract.0.key 
59707      INFO  main            d.u.i.k.p.i.AbstractProblemLoader Loading environment from /home/runner/work/key/key/key.core/../key.ui/examples/InformationFlow/BlockContracts/contract.IFBlockExamples(contract.IFBlockExamples__secure_4(int)).JML operation contract.0.key 
59707      DEBUG main            d.u.i.k.p.i.AbstractProblemLoader Environment load took 72.7ns 
59709      INFO  main            d.u.i.k.p.i.AbstractProblemLoader Creating init config 
62901      DEBUG main            d.u.i.k.p.i.AbstractProblemLoader Init config took 3.19s 
62947      INFO  main            d.u.i.k.p.i.AbstractProblemLoader Replaying proof contract.IFBlockExamples[contract.IFBlockExamples::secure_4(int)].JML operation contract.0 
62955      DEBUG main            d.u.i.k.p.i.IntermediateProofReplayer Proof replay took 19.3ns 
63160      INFO  main            d.u.i.k.p.r.p.TestFile    ... finished proof: closed. 
63360      INFO  main            d.u.i.k.p.r.p.TestFile    Now processing file /home/runner/work/key/key/key.core/../key.ui/examples/InformationFlow/BlockContracts/contract.IFBlockExamples(contract.IFBlockExamples__secure_1(int)).JML operation contract.0.key 
63361      INFO  main            d.u.i.k.p.i.AbstractProblemLoader Loading environment from /home/runner/work/key/key/key.core/../key.ui/examples/InformationFlow/BlockContracts/contract.IFBlockExamples(contract.IFBlockExamples__secure_1(int)).JML operation contract.0.key 
63361      DEBUG main            d.u.i.k.p.i.AbstractProblemLoader Environment load took 787.14ns 
63367      INFO  main            d.u.i.k.p.i.AbstractProblemLoader Creating init config 
66588      DEBUG main            d.u.i.k.p.i.AbstractProblemLoader Init config took 3.22s 
66636      INFO  main            d.u.i.k.p.i.AbstractProblemLoader Replaying proof contract.IFBlockExamples[contract.IFBlockExamples::secure_1(int)].JML operation contract.0 
66640      DEBUG main            d.u.i.k.p.i.IntermediateProofReplayer Proof replay took 18ns 
66843      INFO  main            d.u.i.k.p.r.p.TestFile    ... finished proof: closed. 
67042      INFO  main            d.u.i.k.p.r.p.TestFile    Now processing file /home/runner/work/key/key/key.core/../key.ui/examples/InformationFlow/BlockContracts/contract.IFEfficiencyExamples(contract.IFEfficiencyExamples__mWithoutBlockContract()).JML operation contract.0.key 
67043      INFO  main            d.u.i.k.p.i.AbstractProblemLoader Loading environment from /home/runner/work/key/key/key.core/../key.ui/examples/InformationFlow/BlockContracts/contract.IFEfficiencyExamples(contract.IFEfficiencyExamples__mWithoutBlockContract()).JML operation contract.0.key 
67043      DEBUG main            d.u.i.k.p.i.AbstractProblemLoader Environment load took 75.5ns 
67045      INFO  main            d.u.i.k.p.i.AbstractProblemLoader Creating init config 
70234      DEBUG main            d.u.i.k.p.i.AbstractProblemLoader Init config took 3.19s 
70284      INFO  main            d.u.i.k.p.i.AbstractProblemLoader Replaying proof contract.IFEfficiencyExamples[contract.IFEfficiencyExamples::mWithoutBlockContract()].JML operation contract.0 
70289      DEBUG main            d.u.i.k.p.i.IntermediateProofReplayer Proof replay took 15.7ns 
71094      INFO  main            d.u.i.k.p.r.p.TestFile    ... finished proof: closed. 
71319      INFO  main            d.u.i.k.p.r.p.TestFile    Now processing file /home/runner/work/key/key/key.core/../key.ui/examples/InformationFlow/BlockContracts/contract.IFEfficiencyExamples(contract.IFEfficiencyExamples__mWithBlockContract()).JML operation contract.0.key 
71319      INFO  main            d.u.i.k.p.i.AbstractProblemLoader Loading environment from /home/runner/work/key/key/key.core/../key.ui/examples/InformationFlow/BlockContracts/contract.IFEfficiencyExamples(contract.IFEfficiencyExamples__mWithBlockContract()).JML operation contract.0.key 
71319      DEBUG main            d.u.i.k.p.i.AbstractProblemLoader Environment load took 66.7ns 
71320      INFO  main            d.u.i.k.p.i.AbstractProblemLoader Creating init config 
74488      DEBUG main            d.u.i.k.p.i.AbstractProblemLoader Init config took 3.17s 
74532      INFO  main            d.u.i.k.p.i.AbstractProblemLoader Replaying proof contract.IFEfficiencyExamples[contract.IFEfficiencyExamples::mWithBlockContract()].JML operation contract.0 
74535      DEBUG main            d.u.i.k.p.i.IntermediateProofReplayer Proof replay took 15.5ns 
75143      INFO  main            d.u.i.k.p.r.p.TestFile    ... finished proof: closed. 
275754     INFO  Test worker     d.u.i.k.p.r.p.StatisticsFile Returning from test BlockContracts 
275774     INFO  Test worker     d.u.i.k.p.r.p.StatisticsFile Running test MethodContracts 
469        INFO  Timeout watchdog d.u.i.k.p.r.p.ForkedTestFileRunner Timeout watcher launched (1000 secs.) 
501        WARN  main            d.u.i.k.s.ProofSettings   The settings in /home/runner/.key/proof-settings.props are *not* read. 
533        INFO  main            d.u.i.k.p.r.p.TestFile    Now processing file /home/runner/work/key/key/key.core/../key.ui/examples/InformationFlow/MethodContracts/contract.IFMethodContract(contract.IFMethodContract__secure_recursion_2((I,int)).JML normal_behavior operation contract.0.key 
655        INFO  main            d.u.i.k.p.i.AbstractProblemLoader Loading environment from /home/runner/work/key/key/key.core/../key.ui/examples/InformationFlow/MethodContracts/contract.IFMethodContract(contract.IFMethodContract__secure_recursion_2((I,int)).JML normal_behavior operation contract.0.key 
677        DEBUG main            d.u.i.k.p.i.AbstractProblemLoader Environment load took 2.85ms 
953        INFO  main            d.u.i.k.p.i.AbstractProblemLoader Creating init config 
2100       DEBUG main            d.u.i.k.j.TypeConverter   No LDT found for Meta 
2102       DEBUG main            d.u.i.k.j.TypeConverter   No LDT found for Meta 
2107       DEBUG main            d.u.i.k.j.TypeConverter   No LDT found for Meta 
2107       DEBUG main            d.u.i.k.j.TypeConverter   No LDT found for Meta 
3622       DEBUG main            d.u.i.k.j.TypeConverter   No LDT found for JavaBigintExpression 
9768       DEBUG main            d.u.i.k.p.i.AbstractProblemLoader Init config took 8.81s 
9999       INFO  main            d.u.i.k.p.i.AbstractProblemLoader Replaying proof contract.IFMethodContract[contract.IFMethodContract::secure_recursion_2([I,int)].JML normal_behavior operation contract.0 
10044      DEBUG main            d.u.i.k.p.i.IntermediateProofReplayer Proof replay took 412.62ns 
11192      INFO  main            d.u.i.k.p.r.p.TestFile    ... finished proof: closed. 
11334      INFO  main            d.u.i.k.p.r.p.TestFile    Now processing file /home/runner/work/key/key/key.core/../key.ui/examples/InformationFlow/MethodContracts/contract.IFMethodContract(contract.IFMethodContract__secure_recursion(int)).JML normal_behavior operation contract.0.key 
11339      INFO  main            d.u.i.k.p.i.AbstractProblemLoader Loading environment from /home/runner/work/key/key/key.core/../key.ui/examples/InformationFlow/MethodContracts/contract.IFMethodContract(contract.IFMethodContract__secure_recursion(int)).JML normal_behavior operation contract.0.key 
11340      DEBUG main            d.u.i.k.p.i.AbstractProblemLoader Environment load took 672.94ns 
11342      INFO  main            d.u.i.k.p.i.AbstractProblemLoader Creating init config 
14784      DEBUG main            d.u.i.k.p.i.AbstractProblemLoader Init config took 3.44s 
14869      INFO  main            d.u.i.k.p.i.AbstractProblemLoader Replaying proof contract.IFMethodContract[contract.IFMethodContract::secure_recursion(int)].JML normal_behavior operation contract.0 
14878      DEBUG main            d.u.i.k.p.i.IntermediateProofReplayer Proof replay took 16.7ns 
15182      INFO  main            d.u.i.k.p.r.p.TestFile    ... finished proof: closed. 
15362      INFO  main            d.u.i.k.p.r.p.TestFile    Now processing file /home/runner/work/key/key/key.core/../key.ui/examples/InformationFlow/MethodContracts/contract.IFMethodContract(contract.IFMethodContract__secure_catch_exception()).JML operation contract.0.key 
15362      INFO  main            d.u.i.k.p.i.AbstractProblemLoader Loading environment from /home/runner/work/key/key/key.core/../key.ui/examples/InformationFlow/MethodContracts/contract.IFMethodContract(contract.IFMethodContract__secure_catch_exception()).JML operation contract.0.key 
15362      DEBUG main            d.u.i.k.p.i.AbstractProblemLoader Environment load took 100.7ns 
15366      INFO  main            d.u.i.k.p.i.AbstractProblemLoader Creating init config 
18802      DEBUG main            d.u.i.k.p.i.AbstractProblemLoader Init config took 3.44s 
18866      INFO  main            d.u.i.k.p.i.AbstractProblemLoader Replaying proof contract.IFMethodContract[contract.IFMethodContract::secure_catch_exception()].JML operation contract.0 
18870      DEBUG main            d.u.i.k.p.i.IntermediateProofReplayer Proof replay took 14.9ns 
19073      INFO  main            d.u.i.k.p.r.p.TestFile    ... finished proof: closed. 
19243      INFO  main            d.u.i.k.p.r.p.TestFile    Now processing file /home/runner/work/key/key/key.core/../key.ui/examples/InformationFlow/MethodContracts/contract.IFMethodContract(contract.IFMethodContract__n6()).JML normal_behavior operation contract.0.key 
19243      INFO  main            d.u.i.k.p.i.AbstractProblemLoader Loading environment from /home/runner/work/key/key/key.core/../key.ui/examples/InformationFlow/MethodContracts/contract.IFMethodContract(contract.IFMethodContract__n6()).JML normal_behavior operation contract.0.key 
19244      DEBUG main            d.u.i.k.p.i.AbstractProblemLoader Environment load took 86.5ns 
19245      INFO  main            d.u.i.k.p.i.AbstractProblemLoader Creating init config 
22406      DEBUG main            d.u.i.k.p.i.AbstractProblemLoader Init config took 3.16s 
22484      INFO  main            d.u.i.k.p.i.AbstractProblemLoader Replaying proof contract.IFMethodContract[contract.IFMethodContract::n6()].JML normal_behavior operation contract.0 
22492      DEBUG main            d.u.i.k.p.i.IntermediateProofReplayer Proof replay took 15.2ns 
22605      INFO  main            d.u.i.k.p.r.p.TestFile    ... finished proof: closed. 
22742      INFO  main            d.u.i.k.p.r.p.TestFile    Now processing file /home/runner/work/key/key/key.core/../key.ui/examples/InformationFlow/MethodContracts/contract.IFMethodContract(contract.IFMethodContract__secure_n6()).JML operation contract.0.key 
22742      INFO  main            d.u.i.k.p.i.AbstractProblemLoader Loading environment from /home/runner/work/key/key/key.core/../key.ui/examples/InformationFlow/MethodContracts/contract.IFMethodContract(contract.IFMethodContract__secure_n6()).JML operation contract.0.key 
22742      DEBUG main            d.u.i.k.p.i.AbstractProblemLoader Environment load took 105.61ns 
22743      INFO  main            d.u.i.k.p.i.AbstractProblemLoader Creating init config 
25906      DEBUG main            d.u.i.k.p.i.AbstractProblemLoader Init config took 3.16s 
25962      INFO  main            d.u.i.k.p.i.AbstractProblemLoader Replaying proof contract.IFMethodContract[contract.IFMethodContract::secure_n6()].JML operation contract.0 
25970      DEBUG main            d.u.i.k.p.i.IntermediateProofReplayer Proof replay took 17.3ns 
26072      INFO  main            d.u.i.k.p.r.p.TestFile    ... finished proof: closed. 
26244      INFO  main            d.u.i.k.p.r.p.TestFile    Now processing file /home/runner/work/key/key/key.core/../key.ui/examples/InformationFlow/MethodContracts/contract.IFMethodContract(contract.IFMethodContract__secure_array_param_helper()).JML normal_behavior operation contract.0.key 
26245      INFO  main            d.u.i.k.p.i.AbstractProblemLoader Loading environment from /home/runner/work/key/key/key.core/../key.ui/examples/InformationFlow/MethodContracts/contract.IFMethodContract(contract.IFMethodContract__secure_array_param_helper()).JML normal_behavior operation contract.0.key 
26245      DEBUG main            d.u.i.k.p.i.AbstractProblemLoader Environment load took 92.61ns 
26246      INFO  main            d.u.i.k.p.i.AbstractProblemLoader Creating init config 
29345      DEBUG main            d.u.i.k.p.i.AbstractProblemLoader Init config took 3.1s 
29403      INFO  main            d.u.i.k.p.i.AbstractProblemLoader Replaying proof contract.IFMethodContract[contract.IFMethodContract::secure_array_param_helper()].JML normal_behavior operation contract.0 
29406      DEBUG main            d.u.i.k.p.i.IntermediateProofReplayer Proof replay took 14.8ns 
29509      INFO  main            d.u.i.k.p.r.p.TestFile    ... finished proof: closed. 
29655      INFO  main            d.u.i.k.p.r.p.TestFile    Now processing file /home/runner/work/key/key/key.core/../key.ui/examples/InformationFlow/MethodContracts/contract.IFMethodContract(contract.IFMethodContract__secure_array_param((I,int)).JML operation contract.0.key 
29655      INFO  main            d.u.i.k.p.i.AbstractProblemLoader Loading environment from /home/runner/work/key/key/key.core/../key.ui/examples/InformationFlow/MethodContracts/contract.IFMethodContract(contract.IFMethodContract__secure_array_param((I,int)).JML operation contract.0.key 
29656      DEBUG main            d.u.i.k.p.i.AbstractProblemLoader Environment load took 790.34ns 
29657      INFO  main            d.u.i.k.p.i.AbstractProblemLoader Creating init config 
32724      DEBUG main            d.u.i.k.p.i.AbstractProblemLoader Init config took 3.07s 
32778      INFO  main            d.u.i.k.p.i.AbstractProblemLoader Replaying proof contract.IFMethodContract[contract.IFMethodContract::secure_array_param([I,int)].JML operation contract.0 
32782      DEBUG main            d.u.i.k.p.i.IntermediateProofReplayer Proof replay took 16ns 
32985      INFO  main            d.u.i.k.p.r.p.TestFile    ... finished proof: closed. 
33226      INFO  main            d.u.i.k.p.r.p.TestFile    Now processing file /home/runner/work/key/key/key.core/../key.ui/examples/InformationFlow/MethodContracts/contract.IFMethodContract(contract.IFMethodContract__n9()).JML normal_behavior operation contract.0.key 
33226      INFO  main            d.u.i.k.p.i.AbstractProblemLoader Loading environment from /home/runner/work/key/key/key.core/../key.ui/examples/InformationFlow/MethodContracts/contract.IFMethodContract(contract.IFMethodContract__n9()).JML normal_behavior operation contract.0.key 
33227      DEBUG main            d.u.i.k.p.i.AbstractProblemLoader Environment load took 873.05ns 
33229      INFO  main            d.u.i.k.p.i.AbstractProblemLoader Creating init config 
36272      DEBUG main            d.u.i.k.p.i.AbstractProblemLoader Init config took 3.04s 
36324      INFO  main            d.u.i.k.p.i.AbstractProblemLoader Replaying proof contract.IFMethodContract[contract.IFMethodContract::n9()].JML normal_behavior operation contract.0 
36327      DEBUG main            d.u.i.k.p.i.IntermediateProofReplayer Proof replay took 16ns 
36433      INFO  main            d.u.i.k.p.r.p.TestFile    ... finished proof: closed. 
36624      INFO  main            d.u.i.k.p.r.p.TestFile    Now processing file /home/runner/work/key/key/key.core/../key.ui/examples/InformationFlow/MethodContracts/contract.IFMethodContract(contract.IFMethodContract__secure_assignment_0_n9()).JML operation contract.0.key 
36625      INFO  main            d.u.i.k.p.i.AbstractProblemLoader Loading environment from /home/runner/work/key/key/key.core/../key.ui/examples/InformationFlow/MethodContracts/contract.IFMethodContract(contract.IFMethodContract__secure_assignment_0_n9()).JML operation contract.0.key 
36625      DEBUG main            d.u.i.k.p.i.AbstractProblemLoader Environment load took 81.61ns 
36626      INFO  main            d.u.i.k.p.i.AbstractProblemLoader Creating init config 
39754      DEBUG main            d.u.i.k.p.i.AbstractProblemLoader Init config took 3.13s 
39817      INFO  main            d.u.i.k.p.i.AbstractProblemLoader Replaying proof contract.IFMethodContract[contract.IFMethodContract::secure_assignment_0_n9()].JML operation contract.0 
39828      DEBUG main            d.u.i.k.p.i.IntermediateProofReplayer Proof replay took 19.1ns 
39935      INFO  main            d.u.i.k.p.r.p.TestFile    ... finished proof: closed. 
40097      INFO  main            d.u.i.k.p.r.p.TestFile    Now processing file /home/runner/work/key/key/key.core/../key.ui/examples/InformationFlow/MethodContracts/contract.IFMethodContract(contract.IFMethodContract__insecure_if_high_n5_n1()).JML operation contract.0.key 
40097      INFO  main            d.u.i.k.p.i.AbstractProblemLoader Loading environment from /home/runner/work/key/key/key.core/../key.ui/examples/InformationFlow/MethodContracts/contract.IFMethodContract(contract.IFMethodContract__insecure_if_high_n5_n1()).JML operation contract.0.key 
40097      DEBUG main            d.u.i.k.p.i.AbstractProblemLoader Environment load took 91.5ns 
40098      INFO  main            d.u.i.k.p.i.AbstractProblemLoader Creating init config 
43137      DEBUG main            d.u.i.k.p.i.AbstractProblemLoader Init config took 3.04s 
43188      INFO  main            d.u.i.k.p.i.AbstractProblemLoader Replaying proof contract.IFMethodContract[contract.IFMethodContract::insecure_if_high_n5_n1()].JML operation contract.0 
43191      DEBUG main            d.u.i.k.p.i.IntermediateProofReplayer Proof replay took 17.1ns 
43394      INFO  main            d.u.i.k.p.r.p.TestFile    ... finished proof: closed. 
43570      INFO  main            d.u.i.k.p.r.p.TestFile    Now processing file /home/runner/work/key/key/key.core/../key.ui/examples/InformationFlow/MethodContracts/contract.IFMethodContract(contract.IFMethodContract__n5(int)).JML normal_behavior operation contract.0.key 
43571      INFO  main            d.u.i.k.p.i.AbstractProblemLoader Loading environment from /home/runner/work/key/key/key.core/../key.ui/examples/InformationFlow/MethodContracts/contract.IFMethodContract(contract.IFMethodContract__n5(int)).JML normal_behavior operation contract.0.key 
43571      DEBUG main            d.u.i.k.p.i.AbstractProblemLoader Environment load took 89.31ns 
43572      INFO  main            d.u.i.k.p.i.AbstractProblemLoader Creating init config 
46592      DEBUG main            d.u.i.k.p.i.AbstractProblemLoader Init config took 3.02s 
46640      INFO  main            d.u.i.k.p.i.AbstractProblemLoader Replaying proof contract.IFMethodContract[contract.IFMethodContract::n5(int)].JML normal_behavior operation contract.0 
46643      DEBUG main            d.u.i.k.p.i.IntermediateProofReplayer Proof replay took 17.5ns 
46748      INFO  main            d.u.i.k.p.r.p.TestFile    ... finished proof: closed. 
46915      INFO  main            d.u.i.k.p.r.p.TestFile    Now processing file /home/runner/work/key/key/key.core/../key.ui/examples/InformationFlow/MethodContracts/contract.IFMethodContract(contract.IFMethodContract__secure_if_high_n5_n1()).JML operation contract.0.key 
46915      INFO  main            d.u.i.k.p.i.AbstractProblemLoader Loading environment from /home/runner/work/key/key/key.core/../key.ui/examples/InformationFlow/MethodContracts/contract.IFMethodContract(contract.IFMethodContract__secure_if_high_n5_n1()).JML operation contract.0.key 
46915      DEBUG main            d.u.i.k.p.i.AbstractProblemLoader Environment load took 72.9ns 
46916      INFO  main            d.u.i.k.p.i.AbstractProblemLoader Creating init config 
49948      DEBUG main            d.u.i.k.p.i.AbstractProblemLoader Init config took 3.03s 
49997      INFO  main            d.u.i.k.p.i.AbstractProblemLoader Replaying proof contract.IFMethodContract[contract.IFMethodContract::secure_if_high_n5_n1()].JML operation contract.0 
50078      DEBUG main            d.u.i.k.p.i.IntermediateProofReplayer Proof replay took 17.5ns 
50383      INFO  main            d.u.i.k.p.r.p.TestFile    ... finished proof: closed. 
50590      INFO  main            d.u.i.k.p.r.p.TestFile    Now processing file /home/runner/work/key/key/key.core/../key.ui/examples/InformationFlow/MethodContracts/contract.IFMethodContract(contract.IFMethodContract__secure_if_high_n1()).JML operation contract.0.key 
50591      INFO  main            d.u.i.k.p.i.AbstractProblemLoader Loading environment from /home/runner/work/key/key/key.core/../key.ui/examples/InformationFlow/MethodContracts/contract.IFMethodContract(contract.IFMethodContract__secure_if_high_n1()).JML operation contract.0.key 
50591      DEBUG main            d.u.i.k.p.i.AbstractProblemLoader Environment load took 145.11ns 
50592      INFO  main            d.u.i.k.p.i.AbstractProblemLoader Creating init config 
53632      DEBUG main            d.u.i.k.p.i.AbstractProblemLoader Init config took 3.04s 
53679      INFO  main            d.u.i.k.p.i.AbstractProblemLoader Replaying proof contract.IFMethodContract[contract.IFMethodContract::secure_if_high_n1()].JML operation contract.0 
53682      DEBUG main            d.u.i.k.p.i.IntermediateProofReplayer Proof replay took 18.8ns 
53885      INFO  main            d.u.i.k.p.r.p.TestFile    ... finished proof: closed. 
54134      INFO  main            d.u.i.k.p.r.p.TestFile    Now processing file /home/runner/work/key/key/key.core/../key.ui/examples/InformationFlow/MethodContracts/contract.IFMethodContract(contract.IFMethodContract__secure_n5()).JML operation contract.0.key 
54135      INFO  main            d.u.i.k.p.i.AbstractProblemLoader Loading environment from /home/runner/work/key/key/key.core/../key.ui/examples/InformationFlow/MethodContracts/contract.IFMethodContract(contract.IFMethodContract__secure_n5()).JML operation contract.0.key 
54135      DEBUG main            d.u.i.k.p.i.AbstractProblemLoader Environment load took 90.41ns 
54137      INFO  main            d.u.i.k.p.i.AbstractProblemLoader Creating init config 
57262      DEBUG main            d.u.i.k.p.i.AbstractProblemLoader Init config took 3.13s 
57330      INFO  main            d.u.i.k.p.i.AbstractProblemLoader Replaying proof contract.IFMethodContract[contract.IFMethodContract::secure_n5()].JML operation contract.0 
57335      DEBUG main            d.u.i.k.p.i.IntermediateProofReplayer Proof replay took 23.5ns 
57438      INFO  main            d.u.i.k.p.r.p.TestFile    ... finished proof: closed. 
57633      INFO  main            d.u.i.k.p.r.p.TestFile    Now processing file /home/runner/work/key/key/key.core/../key.ui/examples/InformationFlow/MethodContracts/contract.IFMethodContract(contract.IFMethodContract__n4()).JML normal_behavior operation contract.0.key 
57634      INFO  main            d.u.i.k.p.i.AbstractProblemLoader Loading environment from /home/runner/work/key/key/key.core/../key.ui/examples/InformationFlow/MethodContracts/contract.IFMethodContract(contract.IFMethodContract__n4()).JML normal_behavior operation contract.0.key 
57634      DEBUG main            d.u.i.k.p.i.AbstractProblemLoader Environment load took 84.2ns 
57636      INFO  main            d.u.i.k.p.i.AbstractProblemLoader Creating init config 
60661      DEBUG main            d.u.i.k.p.i.AbstractProblemLoader Init config took 3.03s 
60718      INFO  main            d.u.i.k.p.i.AbstractProblemLoader Replaying proof contract.IFMethodContract[contract.IFMethodContract::n4()].JML normal_behavior operation contract.0 
60722      DEBUG main            d.u.i.k.p.i.IntermediateProofReplayer Proof replay took 18.3ns 
60824      INFO  main            d.u.i.k.p.r.p.TestFile    ... finished proof: closed. 
61006      INFO  main            d.u.i.k.p.r.p.TestFile    Now processing file /home/runner/work/key/key/key.core/../key.ui/examples/InformationFlow/MethodContracts/contract.IFMethodContract(contract.IFMethodContract__n3()).JML normal_behavior operation contract.0.key 
61007      INFO  main            d.u.i.k.p.i.AbstractProblemLoader Loading environment from /home/runner/work/key/key/key.core/../key.ui/examples/InformationFlow/MethodContracts/contract.IFMethodContract(contract.IFMethodContract__n3()).JML normal_behavior operation contract.0.key 
61007      DEBUG main            d.u.i.k.p.i.AbstractProblemLoader Environment load took 82.3ns 
61014      INFO  main            d.u.i.k.p.i.AbstractProblemLoader Creating init config 
64068      DEBUG main            d.u.i.k.p.i.AbstractProblemLoader Init config took 3.05s 
64114      INFO  main            d.u.i.k.p.i.AbstractProblemLoader Replaying proof contract.IFMethodContract[contract.IFMethodContract::n3()].JML normal_behavior operation contract.0 
64117      DEBUG main            d.u.i.k.p.i.IntermediateProofReplayer Proof replay took 17.5ns 
64219      INFO  main            d.u.i.k.p.r.p.TestFile    ... finished proof: closed. 
64431      INFO  main            d.u.i.k.p.r.p.TestFile    Now processing file /home/runner/work/key/key/key.core/../key.ui/examples/InformationFlow/MethodContracts/contract.IFMethodContract(contract.IFMethodContract__secure_sequential_n3_precond_n4()).JML operation contract.0.key 
64431      INFO  main            d.u.i.k.p.i.AbstractProblemLoader Loading environment from /home/runner/work/key/key/key.core/../key.ui/examples/InformationFlow/MethodContracts/contract.IFMethodContract(contract.IFMethodContract__secure_sequential_n3_precond_n4()).JML operation contract.0.key 
64431      DEBUG main            d.u.i.k.p.i.AbstractProblemLoader Environment load took 93.2ns 
64432      INFO  main            d.u.i.k.p.i.AbstractProblemLoader Creating init config 
67497      DEBUG main            d.u.i.k.p.i.AbstractProblemLoader Init config took 3.06s 
67554      INFO  main            d.u.i.k.p.i.AbstractProblemLoader Replaying proof contract.IFMethodContract[contract.IFMethodContract::secure_sequential_n3_precond_n4()].JML operation contract.0 
67562      DEBUG main            d.u.i.k.p.i.IntermediateProofReplayer Proof replay took 17.1ns 
67669      INFO  main            d.u.i.k.p.r.p.TestFile    ... finished proof: closed. 
67860      INFO  main            d.u.i.k.p.r.p.TestFile    Now processing file /home/runner/work/key/key/key.core/../key.ui/examples/InformationFlow/MethodContracts/contract.IFMethodContract(contract.IFMethodContract__insecure_assignment_n2()).JML operation contract.0.key 
67860      INFO  main            d.u.i.k.p.i.AbstractProblemLoader Loading environment from /home/runner/work/key/key/key.core/../key.ui/examples/InformationFlow/MethodContracts/contract.IFMethodContract(contract.IFMethodContract__insecure_assignment_n2()).JML operation contract.0.key 
67860      DEBUG main            d.u.i.k.p.i.AbstractProblemLoader Environment load took 74.5ns 
67862      INFO  main            d.u.i.k.p.i.AbstractProblemLoader Creating init config 
70872      DEBUG main            d.u.i.k.p.i.AbstractProblemLoader Init config took 3.01s 
70918      INFO  main            d.u.i.k.p.i.AbstractProblemLoader Replaying proof contract.IFMethodContract[contract.IFMethodContract::insecure_assignment_n2()].JML operation contract.0 
70922      DEBUG main            d.u.i.k.p.i.IntermediateProofReplayer Proof replay took 16.2ns 
71026      INFO  main            d.u.i.k.p.r.p.TestFile    ... finished proof: closed. 
71244      INFO  main            d.u.i.k.p.r.p.TestFile    Now processing file /home/runner/work/key/key/key.core/../key.ui/examples/InformationFlow/MethodContracts/contract.IFMethodContract(contract.IFMethodContract__secure_assignments_n2()).JML operation contract.0.key 
71245      INFO  main            d.u.i.k.p.i.AbstractProblemLoader Loading environment from /home/runner/work/key/key/key.core/../key.ui/examples/InformationFlow/MethodContracts/contract.IFMethodContract(contract.IFMethodContract__secure_assignments_n2()).JML operation contract.0.key 
71245      DEBUG main            d.u.i.k.p.i.AbstractProblemLoader Environment load took 633.03ns 
71246      INFO  main            d.u.i.k.p.i.AbstractProblemLoader Creating init config 
74341      DEBUG main            d.u.i.k.p.i.AbstractProblemLoader Init config took 3.09s 
74389      INFO  main            d.u.i.k.p.i.AbstractProblemLoader Replaying proof contract.IFMethodContract[contract.IFMethodContract::secure_assignments_n2()].JML operation contract.0 
74392      DEBUG main            d.u.i.k.p.i.IntermediateProofReplayer Proof replay took 16.4ns 
74496      INFO  main            d.u.i.k.p.r.p.TestFile    ... finished proof: closed. 
74708      INFO  main            d.u.i.k.p.r.p.TestFile    Now processing file /home/runner/work/key/key/key.core/../key.ui/examples/InformationFlow/MethodContracts/contract.IFMethodContract(contract.IFMethodContract__n2()).JML normal_behavior operation contract.0.key 
74709      INFO  main            d.u.i.k.p.i.AbstractProblemLoader Loading environment from /home/runner/work/key/key/key.core/../key.ui/examples/InformationFlow/MethodContracts/contract.IFMethodContract(contract.IFMethodContract__n2()).JML normal_behavior operation contract.0.key 
74710      DEBUG main            d.u.i.k.p.i.AbstractProblemLoader Environment load took 125.41ns 
74711      INFO  main            d.u.i.k.p.i.AbstractProblemLoader Creating init config 
77676      DEBUG main            d.u.i.k.p.i.AbstractProblemLoader Init config took 2.97s 
77720      INFO  main            d.u.i.k.p.i.AbstractProblemLoader Replaying proof contract.IFMethodContract[contract.IFMethodContract::n2()].JML normal_behavior operation contract.0 
77723      DEBUG main            d.u.i.k.p.i.IntermediateProofReplayer Proof replay took 18.2ns 
77826      INFO  main            d.u.i.k.p.r.p.TestFile    ... finished proof: closed. 
78021      INFO  main            d.u.i.k.p.r.p.TestFile    Now processing file /home/runner/work/key/key/key.core/../key.ui/examples/InformationFlow/MethodContracts/contract.IFMethodContract(contract.IFMethodContract__n1()).JML normal_behavior operation contract.0.key 
78021      INFO  main            d.u.i.k.p.i.AbstractProblemLoader Loading environment from /home/runner/work/key/key/key.core/../key.ui/examples/InformationFlow/MethodContracts/contract.IFMethodContract(contract.IFMethodContract__n1()).JML normal_behavior operation contract.0.key 
78021      DEBUG main            d.u.i.k.p.i.AbstractProblemLoader Environment load took 70.4ns 
78022      INFO  main            d.u.i.k.p.i.AbstractProblemLoader Creating init config 
81005      DEBUG main            d.u.i.k.p.i.AbstractProblemLoader Init config took 2.98s 
81047      INFO  main            d.u.i.k.p.i.AbstractProblemLoader Replaying proof contract.IFMethodContract[contract.IFMethodContract::n1()].JML normal_behavior operation contract.0 
81050      DEBUG main            d.u.i.k.p.i.IntermediateProofReplayer Proof replay took 16ns 
81156      INFO  main            d.u.i.k.p.r.p.TestFile    ... finished proof: closed. 
81355      INFO  main            d.u.i.k.p.r.p.TestFile    Now processing file /home/runner/work/key/key/key.core/../key.ui/examples/InformationFlow/MethodContracts/contract.IFMethodContract(contract.IFMethodContract__secure_sequential_n1_n2()).JML operation contract.0.key 
81356      INFO  main            d.u.i.k.p.i.AbstractProblemLoader Loading environment from /home/runner/work/key/key/key.core/../key.ui/examples/InformationFlow/MethodContracts/contract.IFMethodContract(contract.IFMethodContract__secure_sequential_n1_n2()).JML operation contract.0.key 
81356      DEBUG main            d.u.i.k.p.i.AbstractProblemLoader Environment load took 75.4ns 
81357      INFO  main            d.u.i.k.p.i.AbstractProblemLoader Creating init config 
84363      DEBUG main            d.u.i.k.p.i.AbstractProblemLoader Init config took 3.01s 
84417      INFO  main            d.u.i.k.p.i.AbstractProblemLoader Replaying proof contract.IFMethodContract[contract.IFMethodContract::secure_sequential_n1_n2()].JML operation contract.0 
84420      DEBUG main            d.u.i.k.p.i.IntermediateProofReplayer Proof replay took 16.5ns 
84523      INFO  main            d.u.i.k.p.r.p.TestFile    ... finished proof: closed. 
360706     INFO  Test worker     d.u.i.k.p.r.p.StatisticsFile Returning from test MethodContracts 
360719     INFO  Test worker     d.u.i.k.p.r.p.StatisticsFile Running test LoopInvariants 
472        INFO  Timeout watchdog d.u.i.k.p.r.p.ForkedTestFileRunner Timeout watcher launched (1000 secs.) 
497        WARN  main            d.u.i.k.s.ProofSettings   The settings in /home/runner/.key/proof-settings.props are *not* read. 
537        INFO  main            d.u.i.k.p.r.p.TestFile    Now processing file /home/runner/work/key/key/key.core/../key.ui/examples/InformationFlow/LoopInvariants/loop.IFLoopExamples(loop.IFLoopExamples__insecure_while_3(int)).JML operation contract.0.key 
656        INFO  main            d.u.i.k.p.i.AbstractProblemLoader Loading environment from /home/runner/work/key/key/key.core/../key.ui/examples/InformationFlow/LoopInvariants/loop.IFLoopExamples(loop.IFLoopExamples__insecure_while_3(int)).JML operation contract.0.key 
688        DEBUG main            d.u.i.k.p.i.AbstractProblemLoader Environment load took 2.55ms 
942        INFO  main            d.u.i.k.p.i.AbstractProblemLoader Creating init config 
1977       DEBUG main            d.u.i.k.j.TypeConverter   No LDT found for Meta 
1977       DEBUG main            d.u.i.k.j.TypeConverter   No LDT found for Meta 
1978       DEBUG main            d.u.i.k.j.TypeConverter   No LDT found for Meta 
1979       DEBUG main            d.u.i.k.j.TypeConverter   No LDT found for Meta 
3795       DEBUG main            d.u.i.k.j.TypeConverter   No LDT found for JavaBigintExpression 
10433      DEBUG main            d.u.i.k.p.i.AbstractProblemLoader Init config took 9.49s 
10572      INFO  main            d.u.i.k.p.i.AbstractProblemLoader Replaying proof loop.IFLoopExamples[loop.IFLoopExamples::insecure_while_3(int)].JML operation contract.0 
10614      DEBUG main            d.u.i.k.p.i.IntermediateProofReplayer Proof replay took 506.93ns 
12121      INFO  main            d.u.i.k.p.r.p.TestFile    ... finished proof: closed. 
12271      INFO  main            d.u.i.k.p.r.p.TestFile    Now processing file /home/runner/work/key/key/key.core/../key.ui/examples/InformationFlow/LoopInvariants/loop.IFLoopExamples(loop.IFLoopExamples__secure_while_2(int)).JML operation contract.0.key 
12271      INFO  main            d.u.i.k.p.i.AbstractProblemLoader Loading environment from /home/runner/work/key/key/key.core/../key.ui/examples/InformationFlow/LoopInvariants/loop.IFLoopExamples(loop.IFLoopExamples__secure_while_2(int)).JML operation contract.0.key 
12272      DEBUG main            d.u.i.k.p.i.AbstractProblemLoader Environment load took 197.01ns 
12275      INFO  main            d.u.i.k.p.i.AbstractProblemLoader Creating init config 
15985      DEBUG main            d.u.i.k.p.i.AbstractProblemLoader Init config took 3.71s 
16052      INFO  main            d.u.i.k.p.i.AbstractProblemLoader Replaying proof loop.IFLoopExamples[loop.IFLoopExamples::secure_while_2(int)].JML operation contract.0 
16057      DEBUG main            d.u.i.k.p.i.IntermediateProofReplayer Proof replay took 15.5ns 
16663      INFO  main            d.u.i.k.p.r.p.TestFile    ... finished proof: closed. 
16804      INFO  main            d.u.i.k.p.r.p.TestFile    Now processing file /home/runner/work/key/key/key.core/../key.ui/examples/InformationFlow/LoopInvariants/loop.IFLoopExamples(loop.IFLoopExamples__secure_while_4(int)).JML operation contract.0.key 
16804      INFO  main            d.u.i.k.p.i.AbstractProblemLoader Loading environment from /home/runner/work/key/key/key.core/../key.ui/examples/InformationFlow/LoopInvariants/loop.IFLoopExamples(loop.IFLoopExamples__secure_while_4(int)).JML operation contract.0.key 
16804      DEBUG main            d.u.i.k.p.i.AbstractProblemLoader Environment load took 101.21ns 
16811      INFO  main            d.u.i.k.p.i.AbstractProblemLoader Creating init config 
20575      DEBUG main            d.u.i.k.p.i.AbstractProblemLoader Init config took 3.76s 
20675      INFO  main            d.u.i.k.p.i.AbstractProblemLoader Replaying proof loop.IFLoopExamples[loop.IFLoopExamples::secure_while_4(int)].JML operation contract.0 
20683      DEBUG main            d.u.i.k.p.i.IntermediateProofReplayer Proof replay took 17.5ns 
21190      INFO  main            d.u.i.k.p.r.p.TestFile    ... finished proof: closed. 
21350      INFO  main            d.u.i.k.p.r.p.TestFile    Now processing file /home/runner/work/key/key/key.core/../key.ui/examples/InformationFlow/LoopInvariants/loop.IFLoopExamples(loop.IFLoopExamples__insecure_doubleNestedWhile2(int)).JML operation contract.0.key 
21350      INFO  main            d.u.i.k.p.i.AbstractProblemLoader Loading environment from /home/runner/work/key/key/key.core/../key.ui/examples/InformationFlow/LoopInvariants/loop.IFLoopExamples(loop.IFLoopExamples__insecure_doubleNestedWhile2(int)).JML operation contract.0.key 
21350      DEBUG main            d.u.i.k.p.i.AbstractProblemLoader Environment load took 80.8ns 
21352      INFO  main            d.u.i.k.p.i.AbstractProblemLoader Creating init config 
24808      DEBUG main            d.u.i.k.p.i.AbstractProblemLoader Init config took 3.46s 
24864      INFO  main            d.u.i.k.p.i.AbstractProblemLoader Replaying proof loop.IFLoopExamples[loop.IFLoopExamples::insecure_doubleNestedWhile2(int)].JML operation contract.0 
24868      DEBUG main            d.u.i.k.p.i.IntermediateProofReplayer Proof replay took 16.2ns 
26174      INFO  main            d.u.i.k.p.r.p.TestFile    ... finished proof: closed. 
26367      INFO  main            d.u.i.k.p.r.p.TestFile    Now processing file /home/runner/work/key/key/key.core/../key.ui/examples/InformationFlow/LoopInvariants/loop.IFLoopExamples(loop.IFLoopExamples__insecure_doubleNestedWhile(int)).JML operation contract.0.key 
26368      INFO  main            d.u.i.k.p.i.AbstractProblemLoader Loading environment from /home/runner/work/key/key/key.core/../key.ui/examples/InformationFlow/LoopInvariants/loop.IFLoopExamples(loop.IFLoopExamples__insecure_doubleNestedWhile(int)).JML operation contract.0.key 
26368      DEBUG main            d.u.i.k.p.i.AbstractProblemLoader Environment load took 79.11ns 
26371      INFO  main            d.u.i.k.p.i.AbstractProblemLoader Creating init config 
29837      DEBUG main            d.u.i.k.p.i.AbstractProblemLoader Init config took 3.47s 
29913      INFO  main            d.u.i.k.p.i.AbstractProblemLoader Replaying proof loop.IFLoopExamples[loop.IFLoopExamples::insecure_doubleNestedWhile(int)].JML operation contract.0 
29920      DEBUG main            d.u.i.k.p.i.IntermediateProofReplayer Proof replay took 17.3ns 
31035      INFO  main            d.u.i.k.p.r.p.TestFile    ... finished proof: closed. 
31214      INFO  main            d.u.i.k.p.r.p.TestFile    Now processing file /home/runner/work/key/key/key.core/../key.ui/examples/InformationFlow/LoopInvariants/loop.IFLoopExamples(loop.IFLoopExamples__secure_doubleNestedWhile(int)).JML operation contract.0.key 
31214      INFO  main            d.u.i.k.p.i.AbstractProblemLoader Loading environment from /home/runner/work/key/key/key.core/../key.ui/examples/InformationFlow/LoopInvariants/loop.IFLoopExamples(loop.IFLoopExamples__secure_doubleNestedWhile(int)).JML operation contract.0.key 
31214      DEBUG main            d.u.i.k.p.i.AbstractProblemLoader Environment load took 89.91ns 
31216      INFO  main            d.u.i.k.p.i.AbstractProblemLoader Creating init config 
34658      DEBUG main            d.u.i.k.p.i.AbstractProblemLoader Init config took 3.44s 
34723      INFO  main            d.u.i.k.p.i.AbstractProblemLoader Replaying proof loop.IFLoopExamples[loop.IFLoopExamples::secure_doubleNestedWhile(int)].JML operation contract.0 
34729      DEBUG main            d.u.i.k.p.i.IntermediateProofReplayer Proof replay took 16.1ns 
35856      INFO  main            d.u.i.k.p.r.p.TestFile    ... finished proof: closed. 
36083      INFO  main            d.u.i.k.p.r.p.TestFile    Now processing file /home/runner/work/key/key/key.core/../key.ui/examples/InformationFlow/LoopInvariants/loop.IFLoopExamples(loop.IFLoopExamples__secure_nestedTwoWhile(int)).JML operation contract.0.key 
36084      INFO  main            d.u.i.k.p.i.AbstractProblemLoader Loading environment from /home/runner/work/key/key/key.core/../key.ui/examples/InformationFlow/LoopInvariants/loop.IFLoopExamples(loop.IFLoopExamples__secure_nestedTwoWhile(int)).JML operation contract.0.key 
36084      DEBUG main            d.u.i.k.p.i.AbstractProblemLoader Environment load took 99.01ns 
36088      INFO  main            d.u.i.k.p.i.AbstractProblemLoader Creating init config 
39580      DEBUG main            d.u.i.k.p.i.AbstractProblemLoader Init config took 3.49s 
39670      INFO  main            d.u.i.k.p.i.AbstractProblemLoader Replaying proof loop.IFLoopExamples[loop.IFLoopExamples::secure_nestedTwoWhile(int)].JML operation contract.0 
39675      DEBUG main            d.u.i.k.p.i.IntermediateProofReplayer Proof replay took 16ns 
40780      INFO  main            d.u.i.k.p.r.p.TestFile    ... finished proof: closed. 
40960      INFO  main            d.u.i.k.p.r.p.TestFile    Now processing file /home/runner/work/key/key/key.core/../key.ui/examples/InformationFlow/LoopInvariants/loop.IFLoopExamples(loop.IFLoopExamples__secure_nestedWhile(int)).JML operation contract.0.key 
40960      INFO  main            d.u.i.k.p.i.AbstractProblemLoader Loading environment from /home/runner/work/key/key/key.core/../key.ui/examples/InformationFlow/LoopInvariants/loop.IFLoopExamples(loop.IFLoopExamples__secure_nestedWhile(int)).JML operation contract.0.key 
40961      DEBUG main            d.u.i.k.p.i.AbstractProblemLoader Environment load took 641.53ns 
40962      INFO  main            d.u.i.k.p.i.AbstractProblemLoader Creating init config 
44390      DEBUG main            d.u.i.k.p.i.AbstractProblemLoader Init config took 3.43s 
44455      INFO  main            d.u.i.k.p.i.AbstractProblemLoader Replaying proof loop.IFLoopExamples[loop.IFLoopExamples::secure_nestedWhile(int)].JML operation contract.0 
44460      DEBUG main            d.u.i.k.p.i.IntermediateProofReplayer Proof replay took 16.8ns 
45064      INFO  main            d.u.i.k.p.r.p.TestFile    ... finished proof: closed. 
45268      INFO  main            d.u.i.k.p.r.p.TestFile    Now processing file /home/runner/work/key/key/key.core/../key.ui/examples/InformationFlow/LoopInvariants/loop.IFLoopExamples(loop.IFLoopExamples__notSecure_while(int)).JML operation contract.0.key 
45268      INFO  main            d.u.i.k.p.i.AbstractProblemLoader Loading environment from /home/runner/work/key/key/key.core/../key.ui/examples/InformationFlow/LoopInvariants/loop.IFLoopExamples(loop.IFLoopExamples__notSecure_while(int)).JML operation contract.0.key 
45268      DEBUG main            d.u.i.k.p.i.AbstractProblemLoader Environment load took 84.4ns 
45272      INFO  main            d.u.i.k.p.i.AbstractProblemLoader Creating init config 
48613      DEBUG main            d.u.i.k.p.i.AbstractProblemLoader Init config took 3.34s 
48682      INFO  main            d.u.i.k.p.i.AbstractProblemLoader Replaying proof loop.IFLoopExamples[loop.IFLoopExamples::notSecure_while(int)].JML operation contract.0 
48686      DEBUG main            d.u.i.k.p.i.IntermediateProofReplayer Proof replay took 18.2ns 
48989      INFO  main            d.u.i.k.p.r.p.TestFile    ... finished proof: closed. 
49171      INFO  main            d.u.i.k.p.r.p.TestFile    Now processing file /home/runner/work/key/key/key.core/../key.ui/examples/InformationFlow/LoopInvariants/loop.IFLoopExamples(loop.IFLoopExamples__notSecure_while_wrongInv(int)).JML operation contract.0.key 
49172      INFO  main            d.u.i.k.p.i.AbstractProblemLoader Loading environment from /home/runner/work/key/key/key.core/../key.ui/examples/InformationFlow/LoopInvariants/loop.IFLoopExamples(loop.IFLoopExamples__notSecure_while_wrongInv(int)).JML operation contract.0.key 
49172      DEBUG main            d.u.i.k.p.i.AbstractProblemLoader Environment load took 90ns 
49173      INFO  main            d.u.i.k.p.i.AbstractProblemLoader Creating init config 
52611      DEBUG main            d.u.i.k.p.i.AbstractProblemLoader Init config took 3.44s 
52660      INFO  main            d.u.i.k.p.i.AbstractProblemLoader Replaying proof loop.IFLoopExamples[loop.IFLoopExamples::notSecure_while_wrongInv(int)].JML operation contract.0 
52663      DEBUG main            d.u.i.k.p.i.IntermediateProofReplayer Proof replay took 16.7ns 
52972      INFO  main            d.u.i.k.p.r.p.TestFile    ... finished proof: open goal(s) 
53168      INFO  main            d.u.i.k.p.r.p.TestFile    Now processing file /home/runner/work/key/key/key.core/../key.ui/examples/InformationFlow/LoopInvariants/loop.IFLoopExamples(loop.IFLoopExamples__insecure_twoWhile(int)).JML operation contract.0.key 
53168      INFO  main            d.u.i.k.p.i.AbstractProblemLoader Loading environment from /home/runner/work/key/key/key.core/../key.ui/examples/InformationFlow/LoopInvariants/loop.IFLoopExamples(loop.IFLoopExamples__insecure_twoWhile(int)).JML operation contract.0.key 
53169      DEBUG main            d.u.i.k.p.i.AbstractProblemLoader Environment load took 91ns 
53170      INFO  main            d.u.i.k.p.i.AbstractProblemLoader Creating init config 
56555      DEBUG main            d.u.i.k.p.i.AbstractProblemLoader Init config took 3.39s 
56602      INFO  main            d.u.i.k.p.i.AbstractProblemLoader Replaying proof loop.IFLoopExamples[loop.IFLoopExamples::insecure_twoWhile(int)].JML operation contract.0 
56605      DEBUG main            d.u.i.k.p.i.IntermediateProofReplayer Proof replay took 15.4ns 
57112      INFO  main            d.u.i.k.p.r.p.TestFile    ... finished proof: closed. 
57319      INFO  main            d.u.i.k.p.r.p.TestFile    Now processing file /home/runner/work/key/key/key.core/../key.ui/examples/InformationFlow/LoopInvariants/loop.IFLoopExamples(loop.IFLoopExamples__insecure_twoWhile_2(int)).JML operation contract.0.key 
57320      INFO  main            d.u.i.k.p.i.AbstractProblemLoader Loading environment from /home/runner/work/key/key/key.core/../key.ui/examples/InformationFlow/LoopInvariants/loop.IFLoopExamples(loop.IFLoopExamples__insecure_twoWhile_2(int)).JML operation contract.0.key 
57320      DEBUG main            d.u.i.k.p.i.AbstractProblemLoader Environment load took 121.71ns 
57322      INFO  main            d.u.i.k.p.i.AbstractProblemLoader Creating init config 
60645      DEBUG main            d.u.i.k.p.i.AbstractProblemLoader Init config took 3.32s 
60694      INFO  main            d.u.i.k.p.i.AbstractProblemLoader Replaying proof loop.IFLoopExamples[loop.IFLoopExamples::insecure_twoWhile_2(int)].JML operation contract.0 
60697      DEBUG main            d.u.i.k.p.i.IntermediateProofReplayer Proof replay took 16.9ns 
61202      INFO  main            d.u.i.k.p.r.p.TestFile    ... finished proof: closed. 
61382      INFO  main            d.u.i.k.p.r.p.TestFile    Now processing file /home/runner/work/key/key/key.core/../key.ui/examples/InformationFlow/LoopInvariants/loop.IFLoopExamples(loop.IFLoopExamples__secure_twoWhile(int)).JML operation contract.0.key 
61383      INFO  main            d.u.i.k.p.i.AbstractProblemLoader Loading environment from /home/runner/work/key/key/key.core/../key.ui/examples/InformationFlow/LoopInvariants/loop.IFLoopExamples(loop.IFLoopExamples__secure_twoWhile(int)).JML operation contract.0.key 
61383      DEBUG main            d.u.i.k.p.i.AbstractProblemLoader Environment load took 71ns 
61384      INFO  main            d.u.i.k.p.i.AbstractProblemLoader Creating init config 
64701      DEBUG main            d.u.i.k.p.i.AbstractProblemLoader Init config took 3.32s 
64764      INFO  main            d.u.i.k.p.i.AbstractProblemLoader Replaying proof loop.IFLoopExamples[loop.IFLoopExamples::secure_twoWhile(int)].JML operation contract.0 
64767      DEBUG main            d.u.i.k.p.i.IntermediateProofReplayer Proof replay took 17.2ns 
65272      INFO  main            d.u.i.k.p.r.p.TestFile    ... finished proof: closed. 
65467      INFO  main            d.u.i.k.p.r.p.TestFile    Now processing file /home/runner/work/key/key/key.core/../key.ui/examples/InformationFlow/LoopInvariants/loop.IFLoopExamples(loop.IFLoopExamples__loc_secure_while(int)).JML operation contract.0.key 
65467      INFO  main            d.u.i.k.p.i.AbstractProblemLoader Loading environment from /home/runner/work/key/key/key.core/../key.ui/examples/InformationFlow/LoopInvariants/loop.IFLoopExamples(loop.IFLoopExamples__loc_secure_while(int)).JML operation contract.0.key 
65467      DEBUG main            d.u.i.k.p.i.AbstractProblemLoader Environment load took 72.4ns 
65469      INFO  main            d.u.i.k.p.i.AbstractProblemLoader Creating init config 
68815      DEBUG main            d.u.i.k.p.i.AbstractProblemLoader Init config took 3.35s 
68860      INFO  main            d.u.i.k.p.i.AbstractProblemLoader Replaying proof loop.IFLoopExamples[loop.IFLoopExamples::loc_secure_while(int)].JML operation contract.0 
68867      DEBUG main            d.u.i.k.p.i.IntermediateProofReplayer Proof replay took 22ns 
69170      INFO  main            d.u.i.k.p.r.p.TestFile    ... finished proof: closed. 
69367      INFO  main            d.u.i.k.p.r.p.TestFile    Now processing file /home/runner/work/key/key/key.core/../key.ui/examples/InformationFlow/LoopInvariants/loop.IFLoopExamples(loop.IFLoopExamples__secure_while(int)).JML operation contract.0.key 
69368      INFO  main            d.u.i.k.p.i.AbstractProblemLoader Loading environment from /home/runner/work/key/key/key.core/../key.ui/examples/InformationFlow/LoopInvariants/loop.IFLoopExamples(loop.IFLoopExamples__secure_while(int)).JML operation contract.0.key 
69368      DEBUG main            d.u.i.k.p.i.AbstractProblemLoader Environment load took 714.74ns 
69369      INFO  main            d.u.i.k.p.i.AbstractProblemLoader Creating init config 
72741      DEBUG main            d.u.i.k.p.i.AbstractProblemLoader Init config took 3.37s 
72790      INFO  main            d.u.i.k.p.i.AbstractProblemLoader Replaying proof loop.IFLoopExamples[loop.IFLoopExamples::secure_while(int)].JML operation contract.0 
72793      DEBUG main            d.u.i.k.p.i.IntermediateProofReplayer Proof replay took 44ns 
73099      INFO  main            d.u.i.k.p.r.p.TestFile    ... finished proof: closed. 
73313      INFO  main            d.u.i.k.p.r.p.TestFile    Now processing file /home/runner/work/key/key/key.core/../key.ui/examples/InformationFlow/LoopInvariants/loop.IFLoopExamples(loop.IFLoopExamples__print(int)).JML normal_behavior operation contract.0.key 
73314      INFO  main            d.u.i.k.p.i.AbstractProblemLoader Loading environment from /home/runner/work/key/key/key.core/../key.ui/examples/InformationFlow/LoopInvariants/loop.IFLoopExamples(loop.IFLoopExamples__print(int)).JML normal_behavior operation contract.0.key 
73314      DEBUG main            d.u.i.k.p.i.AbstractProblemLoader Environment load took 150.11ns 
73315      INFO  main            d.u.i.k.p.i.AbstractProblemLoader Creating init config 
76606      DEBUG main            d.u.i.k.p.i.AbstractProblemLoader Init config took 3.29s 
76651      INFO  main            d.u.i.k.p.i.AbstractProblemLoader Replaying proof loop.IFLoopExamples[loop.IFLoopExamples::print(int)].JML normal_behavior operation contract.0 
76654      DEBUG main            d.u.i.k.p.i.IntermediateProofReplayer Proof replay took 18.3ns 
76757      INFO  main            d.u.i.k.p.r.p.TestFile    ... finished proof: closed. 
76944      INFO  main            d.u.i.k.p.r.p.TestFile    Now processing file /home/runner/work/key/key/key.core/../key.ui/examples/InformationFlow/LoopInvariants/loop.IFLoopExamples(loop.IFLoopExamples__hammer(int)).JML normal_behavior operation contract.0.key 
76944      INFO  main            d.u.i.k.p.i.AbstractProblemLoader Loading environment from /home/runner/work/key/key/key.core/../key.ui/examples/InformationFlow/LoopInvariants/loop.IFLoopExamples(loop.IFLoopExamples__hammer(int)).JML normal_behavior operation contract.0.key 
76944      DEBUG main            d.u.i.k.p.i.AbstractProblemLoader Environment load took 86.61ns 
76947      INFO  main            d.u.i.k.p.i.AbstractProblemLoader Creating init config 
80269      DEBUG main            d.u.i.k.p.i.AbstractProblemLoader Init config took 3.32s 
80327      INFO  main            d.u.i.k.p.i.AbstractProblemLoader Replaying proof loop.IFLoopExamples[loop.IFLoopExamples::hammer(int)].JML normal_behavior operation contract.0 
80332      DEBUG main            d.u.i.k.p.i.IntermediateProofReplayer Proof replay took 17.3ns 
80735      INFO  main            d.u.i.k.p.r.p.TestFile    ... finished proof: closed. 
441868     INFO  Test worker     d.u.i.k.p.r.p.StatisticsFile Returning from test LoopInvariants 
441874     INFO  Test worker     d.u.i.k.p.r.p.StatisticsFile Running test MiniExamples 
416        INFO  Timeout watchdog d.u.i.k.p.r.p.ForkedTestFileRunner Timeout watcher launched (1000 secs.) 
432        WARN  main            d.u.i.k.s.ProofSettings   The settings in /home/runner/.key/proof-settings.props are *not* read. 
461        INFO  main            d.u.i.k.p.r.p.TestFile    Now processing file /home/runner/work/key/key/key.core/../key.ui/examples/InformationFlow/MiniExamples/mini.AliasingExamples(mini.AliasingExamples__insecure_1(mini.AliasingExamples,mini.AliasingExamples,int)).JML operation contract.0.key 
653        INFO  main            d.u.i.k.p.i.AbstractProblemLoader Loading environment from /home/runner/work/key/key/key.core/../key.ui/examples/InformationFlow/MiniExamples/mini.AliasingExamples(mini.AliasingExamples__insecure_1(mini.AliasingExamples,mini.AliasingExamples,int)).JML operation contract.0.key 
685        DEBUG main            d.u.i.k.p.i.AbstractProblemLoader Environment load took 2.63ms 
956        INFO  main            d.u.i.k.p.i.AbstractProblemLoader Creating init config 
2165       DEBUG main            d.u.i.k.j.TypeConverter   No LDT found for Meta 
2166       DEBUG main            d.u.i.k.j.TypeConverter   No LDT found for Meta 
2167       DEBUG main            d.u.i.k.j.TypeConverter   No LDT found for Meta 
2167       DEBUG main            d.u.i.k.j.TypeConverter   No LDT found for Meta 
3775       DEBUG main            d.u.i.k.j.TypeConverter   No LDT found for JavaBigintExpression 
9673       DEBUG main            d.u.i.k.p.i.AbstractProblemLoader Init config took 8.72s 
9821       INFO  main            d.u.i.k.p.i.AbstractProblemLoader Replaying proof mini.AliasingExamples[mini.AliasingExamples::insecure_1(mini.AliasingExamples,mini.AliasingExamples,int)].JML operation contract.0 
9862       DEBUG main            d.u.i.k.p.i.IntermediateProofReplayer Proof replay took 358.62ns 
10499      INFO  main            d.u.i.k.p.r.p.TestFile    ... finished proof: closed. 
10631      INFO  main            d.u.i.k.p.r.p.TestFile    Now processing file /home/runner/work/key/key/key.core/../key.ui/examples/InformationFlow/MiniExamples/mini.AliasingExamples(mini.AliasingExamples__secure_1(mini.AliasingExamples,mini.AliasingExamples,int)).JML operation contract.0.key 
10632      INFO  main            d.u.i.k.p.i.AbstractProblemLoader Loading environment from /home/runner/work/key/key/key.core/../key.ui/examples/InformationFlow/MiniExamples/mini.AliasingExamples(mini.AliasingExamples__secure_1(mini.AliasingExamples,mini.AliasingExamples,int)).JML operation contract.0.key 
10633      DEBUG main            d.u.i.k.p.i.AbstractProblemLoader Environment load took 459.32ns 
10637      INFO  main            d.u.i.k.p.i.AbstractProblemLoader Creating init config 
14141      DEBUG main            d.u.i.k.p.i.AbstractProblemLoader Init config took 3.5s 
14242      INFO  main            d.u.i.k.p.i.AbstractProblemLoader Replaying proof mini.AliasingExamples[mini.AliasingExamples::secure_1(mini.AliasingExamples,mini.AliasingExamples,int)].JML operation contract.0 
14247      DEBUG main            d.u.i.k.p.i.IntermediateProofReplayer Proof replay took 16.2ns 
14451      INFO  main            d.u.i.k.p.r.p.TestFile    ... finished proof: closed. 
14581      INFO  main            d.u.i.k.p.r.p.TestFile    Now processing file /home/runner/work/key/key/key.core/../key.ui/examples/InformationFlow/MiniExamples/mini.MiniExamplesLecture(mini.MiniExamplesLecture__m_6()).JML normal_behavior operation contract.0.key 
14581      INFO  main            d.u.i.k.p.i.AbstractProblemLoader Loading environment from /home/runner/work/key/key/key.core/../key.ui/examples/InformationFlow/MiniExamples/mini.MiniExamplesLecture(mini.MiniExamplesLecture__m_6()).JML normal_behavior operation contract.0.key 
14581      DEBUG main            d.u.i.k.p.i.AbstractProblemLoader Environment load took 87.61ns 
14583      INFO  main            d.u.i.k.p.i.AbstractProblemLoader Creating init config 
17843      DEBUG main            d.u.i.k.p.i.AbstractProblemLoader Init config took 3.26s 
17907      INFO  main            d.u.i.k.p.i.AbstractProblemLoader Replaying proof mini.MiniExamplesLecture[mini.MiniExamplesLecture::m_6()].JML normal_behavior operation contract.0 
17911      DEBUG main            d.u.i.k.p.i.IntermediateProofReplayer Proof replay took 15.1ns 
18014      INFO  main            d.u.i.k.p.r.p.TestFile    ... finished proof: closed. 
18172      INFO  main            d.u.i.k.p.r.p.TestFile    Now processing file /home/runner/work/key/key/key.core/../key.ui/examples/InformationFlow/MiniExamples/mini.MiniExamplesLecture(mini.MiniExamplesLecture__m_5()).JML normal_behavior operation contract.0.key 
18172      INFO  main            d.u.i.k.p.i.AbstractProblemLoader Loading environment from /home/runner/work/key/key/key.core/../key.ui/examples/InformationFlow/MiniExamples/mini.MiniExamplesLecture(mini.MiniExamplesLecture__m_5()).JML normal_behavior operation contract.0.key 
18173      DEBUG main            d.u.i.k.p.i.AbstractProblemLoader Environment load took 625.53ns 
18175      INFO  main            d.u.i.k.p.i.AbstractProblemLoader Creating init config 
21327      DEBUG main            d.u.i.k.p.i.AbstractProblemLoader Init config took 3.15s 
21386      INFO  main            d.u.i.k.p.i.AbstractProblemLoader Replaying proof mini.MiniExamplesLecture[mini.MiniExamplesLecture::m_5()].JML normal_behavior operation contract.0 
21391      DEBUG main            d.u.i.k.p.i.IntermediateProofReplayer Proof replay took 15.8ns 
21493      INFO  main            d.u.i.k.p.r.p.TestFile    ... finished proof: closed. 
21633      INFO  main            d.u.i.k.p.r.p.TestFile    Now processing file /home/runner/work/key/key/key.core/../key.ui/examples/InformationFlow/MiniExamples/mini.MiniExamplesLecture(mini.MiniExamplesLecture__m_4()).JML normal_behavior operation contract.0.key 
21634      INFO  main            d.u.i.k.p.i.AbstractProblemLoader Loading environment from /home/runner/work/key/key/key.core/../key.ui/examples/InformationFlow/MiniExamples/mini.MiniExamplesLecture(mini.MiniExamplesLecture__m_4()).JML normal_behavior operation contract.0.key 
21634      DEBUG main            d.u.i.k.p.i.AbstractProblemLoader Environment load took 73.6ns 
21636      INFO  main            d.u.i.k.p.i.AbstractProblemLoader Creating init config 
24728      DEBUG main            d.u.i.k.p.i.AbstractProblemLoader Init config took 3.09s 
24784      INFO  main            d.u.i.k.p.i.AbstractProblemLoader Replaying proof mini.MiniExamplesLecture[mini.MiniExamplesLecture::m_4()].JML normal_behavior operation contract.0 
24788      DEBUG main            d.u.i.k.p.i.IntermediateProofReplayer Proof replay took 15.2ns 
24892      INFO  main            d.u.i.k.p.r.p.TestFile    ... finished proof: closed. 
25039      INFO  main            d.u.i.k.p.r.p.TestFile    Now processing file /home/runner/work/key/key/key.core/../key.ui/examples/InformationFlow/MiniExamples/mini.MiniExamplesLecture(mini.MiniExamplesLecture__m_3()).JML normal_behavior operation contract.0.key 
25039      INFO  main            d.u.i.k.p.i.AbstractProblemLoader Loading environment from /home/runner/work/key/key/key.core/../key.ui/examples/InformationFlow/MiniExamples/mini.MiniExamplesLecture(mini.MiniExamplesLecture__m_3()).JML normal_behavior operation contract.0.key 
25039      DEBUG main            d.u.i.k.p.i.AbstractProblemLoader Environment load took 78ns 
25041      INFO  main            d.u.i.k.p.i.AbstractProblemLoader Creating init config 
28079      DEBUG main            d.u.i.k.p.i.AbstractProblemLoader Init config took 3.04s 
28134      INFO  main            d.u.i.k.p.i.AbstractProblemLoader Replaying proof mini.MiniExamplesLecture[mini.MiniExamplesLecture::m_3()].JML normal_behavior operation contract.0 
28137      DEBUG main            d.u.i.k.p.i.IntermediateProofReplayer Proof replay took 15.9ns 
28240      INFO  main            d.u.i.k.p.r.p.TestFile    ... finished proof: closed. 
28390      INFO  main            d.u.i.k.p.r.p.TestFile    Now processing file /home/runner/work/key/key/key.core/../key.ui/examples/InformationFlow/MiniExamples/mini.MiniExamplesLecture(mini.MiniExamplesLecture__m_2()).JML normal_behavior operation contract.0.key 
28390      INFO  main            d.u.i.k.p.i.AbstractProblemLoader Loading environment from /home/runner/work/key/key/key.core/../key.ui/examples/InformationFlow/MiniExamples/mini.MiniExamplesLecture(mini.MiniExamplesLecture__m_2()).JML normal_behavior operation contract.0.key 
28391      DEBUG main            d.u.i.k.p.i.AbstractProblemLoader Environment load took 125.91ns 
28392      INFO  main            d.u.i.k.p.i.AbstractProblemLoader Creating init config 
31457      DEBUG main            d.u.i.k.p.i.AbstractProblemLoader Init config took 3.06s 
31536      INFO  main            d.u.i.k.p.i.AbstractProblemLoader Replaying proof mini.MiniExamplesLecture[mini.MiniExamplesLecture::m_2()].JML normal_behavior operation contract.0 
31541      DEBUG main            d.u.i.k.p.i.IntermediateProofReplayer Proof replay took 15.6ns 
31746      INFO  main            d.u.i.k.p.r.p.TestFile    ... finished proof: closed. 
31903      INFO  main            d.u.i.k.p.r.p.TestFile    Now processing file /home/runner/work/key/key/key.core/../key.ui/examples/InformationFlow/MiniExamples/mini.MiniExamplesLecture(mini.MiniExamplesLecture__m_1()).JML normal_behavior operation contract.0.key 
31905      INFO  main            d.u.i.k.p.i.AbstractProblemLoader Loading environment from /home/runner/work/key/key/key.core/../key.ui/examples/InformationFlow/MiniExamples/mini.MiniExamplesLecture(mini.MiniExamplesLecture__m_1()).JML normal_behavior operation contract.0.key 
31905      DEBUG main            d.u.i.k.p.i.AbstractProblemLoader Environment load took 131.61ns 
31906      INFO  main            d.u.i.k.p.i.AbstractProblemLoader Creating init config 
34981      DEBUG main            d.u.i.k.p.i.AbstractProblemLoader Init config took 3.07s 
35033      INFO  main            d.u.i.k.p.i.AbstractProblemLoader Replaying proof mini.MiniExamplesLecture[mini.MiniExamplesLecture::m_1()].JML normal_behavior operation contract.0 
35037      DEBUG main            d.u.i.k.p.i.IntermediateProofReplayer Proof replay took 16.2ns 
35139      INFO  main            d.u.i.k.p.r.p.TestFile    ... finished proof: closed. 
35299      INFO  main            d.u.i.k.p.r.p.TestFile    Now processing file /home/runner/work/key/key/key.core/../key.ui/examples/InformationFlow/MiniExamples/mini.DifferenceSeqLocset(mini.DifferenceSeqLocset__m()).JML normal_behavior operation contract.1.key 
35300      INFO  main            d.u.i.k.p.i.AbstractProblemLoader Loading environment from /home/runner/work/key/key/key.core/../key.ui/examples/InformationFlow/MiniExamples/mini.DifferenceSeqLocset(mini.DifferenceSeqLocset__m()).JML normal_behavior operation contract.1.key 
35300      DEBUG main            d.u.i.k.p.i.AbstractProblemLoader Environment load took 75ns 
35302      INFO  main            d.u.i.k.p.i.AbstractProblemLoader Creating init config 
38301      DEBUG main            d.u.i.k.p.i.AbstractProblemLoader Init config took 3s 
38370      INFO  main            d.u.i.k.p.i.AbstractProblemLoader Replaying proof mini.DifferenceSeqLocset[mini.DifferenceSeqLocset::m()].JML normal_behavior operation contract.1 
38374      DEBUG main            d.u.i.k.p.i.IntermediateProofReplayer Proof replay took 17.6ns 
38577      INFO  main            d.u.i.k.p.r.p.TestFile    ... finished proof: closed. 
38744      INFO  main            d.u.i.k.p.r.p.TestFile    Now processing file /home/runner/work/key/key/key.core/../key.ui/examples/InformationFlow/MiniExamples/mini.DifferenceSeqLocset(mini.DifferenceSeqLocset__m()).JML normal_behavior operation contract.0.key 
38745      INFO  main            d.u.i.k.p.i.AbstractProblemLoader Loading environment from /home/runner/work/key/key/key.core/../key.ui/examples/InformationFlow/MiniExamples/mini.DifferenceSeqLocset(mini.DifferenceSeqLocset__m()).JML normal_behavior operation contract.0.key 
38745      DEBUG main            d.u.i.k.p.i.AbstractProblemLoader Environment load took 215.01ns 
38747      INFO  main            d.u.i.k.p.i.AbstractProblemLoader Creating init config 
41759      DEBUG main            d.u.i.k.p.i.AbstractProblemLoader Init config took 3.01s 
41813      INFO  main            d.u.i.k.p.i.AbstractProblemLoader Replaying proof mini.DifferenceSeqLocset[mini.DifferenceSeqLocset::m()].JML normal_behavior operation contract.0 
41816      DEBUG main            d.u.i.k.p.i.IntermediateProofReplayer Proof replay took 15.5ns 
42020      INFO  main            d.u.i.k.p.r.p.TestFile    ... finished proof: closed. 
42205      INFO  main            d.u.i.k.p.r.p.TestFile    Now processing file /home/runner/work/key/key/key.core/../key.ui/examples/InformationFlow/MiniExamples/mini.MiniExamples(mini.MiniExamples__secure_p2_8()).JML normal_behavior operation contract.0.key 
42205      INFO  main            d.u.i.k.p.i.AbstractProblemLoader Loading environment from /home/runner/work/key/key/key.core/../key.ui/examples/InformationFlow/MiniExamples/mini.MiniExamples(mini.MiniExamples__secure_p2_8()).JML normal_behavior operation contract.0.key 
42206      DEBUG main            d.u.i.k.p.i.AbstractProblemLoader Environment load took 1.14ms 
42207      INFO  main            d.u.i.k.p.i.AbstractProblemLoader Creating init config 
45213      DEBUG main            d.u.i.k.p.i.AbstractProblemLoader Init config took 3.01s 
45276      INFO  main            d.u.i.k.p.i.AbstractProblemLoader Replaying proof mini.MiniExamples[mini.MiniExamples::secure_p2_8()].JML normal_behavior operation contract.0 
45279      DEBUG main            d.u.i.k.p.i.IntermediateProofReplayer Proof replay took 15ns 
45483      INFO  main            d.u.i.k.p.r.p.TestFile    ... finished proof: closed. 
45659      INFO  main            d.u.i.k.p.r.p.TestFile    Now processing file /home/runner/work/key/key/key.core/../key.ui/examples/InformationFlow/MiniExamples/mini.MiniExamples(mini.MiniExamples__secure_parameter(int)).JML operation contract.0.key 
45659      INFO  main            d.u.i.k.p.i.AbstractProblemLoader Loading environment from /home/runner/work/key/key/key.core/../key.ui/examples/InformationFlow/MiniExamples/mini.MiniExamples(mini.MiniExamples__secure_parameter(int)).JML operation contract.0.key 
45659      DEBUG main            d.u.i.k.p.i.AbstractProblemLoader Environment load took 76.4ns 
45660      INFO  main            d.u.i.k.p.i.AbstractProblemLoader Creating init config 
48651      DEBUG main            d.u.i.k.p.i.AbstractProblemLoader Init config took 2.99s 
48700      INFO  main            d.u.i.k.p.i.AbstractProblemLoader Replaying proof mini.MiniExamples[mini.MiniExamples::secure_parameter(int)].JML operation contract.0 
48703      DEBUG main            d.u.i.k.p.i.IntermediateProofReplayer Proof replay took 15.9ns 
48806      INFO  main            d.u.i.k.p.r.p.TestFile    ... finished proof: closed. 
48977      INFO  main            d.u.i.k.p.r.p.TestFile    Now processing file /home/runner/work/key/key/key.core/../key.ui/examples/InformationFlow/MiniExamples/mini.MiniExamples(mini.MiniExamples__secure_p2_7()).JML normal_behavior operation contract.0.key 
48977      INFO  main            d.u.i.k.p.i.AbstractProblemLoader Loading environment from /home/runner/work/key/key/key.core/../key.ui/examples/InformationFlow/MiniExamples/mini.MiniExamples(mini.MiniExamples__secure_p2_7()).JML normal_behavior operation contract.0.key 
48978      DEBUG main            d.u.i.k.p.i.AbstractProblemLoader Environment load took 82.91ns 
48980      INFO  main            d.u.i.k.p.i.AbstractProblemLoader Creating init config 
51976      DEBUG main            d.u.i.k.p.i.AbstractProblemLoader Init config took 3s 
52040      INFO  main            d.u.i.k.p.i.AbstractProblemLoader Replaying proof mini.MiniExamples[mini.MiniExamples::secure_p2_7()].JML normal_behavior operation contract.0 
52043      DEBUG main            d.u.i.k.p.i.IntermediateProofReplayer Proof replay took 16.1ns 
52145      INFO  main            d.u.i.k.p.r.p.TestFile    ... finished proof: closed. 
52319      INFO  main            d.u.i.k.p.r.p.TestFile    Now processing file /home/runner/work/key/key/key.core/../key.ui/examples/InformationFlow/MiniExamples/mini.MiniExamples(mini.MiniExamples__insecure_p2_2()).JML normal_behavior operation contract.0.key 
52320      INFO  main            d.u.i.k.p.i.AbstractProblemLoader Loading environment from /home/runner/work/key/key/key.core/../key.ui/examples/InformationFlow/MiniExamples/mini.MiniExamples(mini.MiniExamples__insecure_p2_2()).JML normal_behavior operation contract.0.key 
52320      DEBUG main            d.u.i.k.p.i.AbstractProblemLoader Environment load took 442.42ns 
52322      INFO  main            d.u.i.k.p.i.AbstractProblemLoader Creating init config 
55324      DEBUG main            d.u.i.k.p.i.AbstractProblemLoader Init config took 3s 
55373      INFO  main            d.u.i.k.p.i.AbstractProblemLoader Replaying proof mini.MiniExamples[mini.MiniExamples::insecure_p2_2()].JML normal_behavior operation contract.0 
55379      DEBUG main            d.u.i.k.p.i.IntermediateProofReplayer Proof replay took 19.1ns 
55481      INFO  main            d.u.i.k.p.r.p.TestFile    ... finished proof: closed. 
55661      INFO  main            d.u.i.k.p.r.p.TestFile    Now processing file /home/runner/work/key/key/key.core/../key.ui/examples/InformationFlow/MiniExamples/mini.MiniExamples(mini.MiniExamples__secure_p2_6()).JML normal_behavior operation contract.0.key 
55662      INFO  main            d.u.i.k.p.i.AbstractProblemLoader Loading environment from /home/runner/work/key/key/key.core/../key.ui/examples/InformationFlow/MiniExamples/mini.MiniExamples(mini.MiniExamples__secure_p2_6()).JML normal_behavior operation contract.0.key 
55662      DEBUG main            d.u.i.k.p.i.AbstractProblemLoader Environment load took 71.2ns 
55663      INFO  main            d.u.i.k.p.i.AbstractProblemLoader Creating init config 
58613      DEBUG main            d.u.i.k.p.i.AbstractProblemLoader Init config took 2.95s 
58661      INFO  main            d.u.i.k.p.i.AbstractProblemLoader Replaying proof mini.MiniExamples[mini.MiniExamples::secure_p2_6()].JML normal_behavior operation contract.0 
58664      DEBUG main            d.u.i.k.p.i.IntermediateProofReplayer Proof replay took 16.3ns 
58766      INFO  main            d.u.i.k.p.r.p.TestFile    ... finished proof: closed. 
58972      INFO  main            d.u.i.k.p.r.p.TestFile    Now processing file /home/runner/work/key/key/key.core/../key.ui/examples/InformationFlow/MiniExamples/mini.MiniExamples(mini.MiniExamples__secure_p2_5()).JML normal_behavior operation contract.0.key 
58972      INFO  main            d.u.i.k.p.i.AbstractProblemLoader Loading environment from /home/runner/work/key/key/key.core/../key.ui/examples/InformationFlow/MiniExamples/mini.MiniExamples(mini.MiniExamples__secure_p2_5()).JML normal_behavior operation contract.0.key 
58972      DEBUG main            d.u.i.k.p.i.AbstractProblemLoader Environment load took 75.8ns 
58973      INFO  main            d.u.i.k.p.i.AbstractProblemLoader Creating init config 
61955      DEBUG main            d.u.i.k.p.i.AbstractProblemLoader Init config took 2.98s 
62020      INFO  main            d.u.i.k.p.i.AbstractProblemLoader Replaying proof mini.MiniExamples[mini.MiniExamples::secure_p2_5()].JML normal_behavior operation contract.0 
62023      DEBUG main            d.u.i.k.p.i.IntermediateProofReplayer Proof replay took 17.4ns 
62128      INFO  main            d.u.i.k.p.r.p.TestFile    ... finished proof: closed. 
62310      INFO  main            d.u.i.k.p.r.p.TestFile    Now processing file /home/runner/work/key/key/key.core/../key.ui/examples/InformationFlow/MiniExamples/mini.MiniExamples(mini.MiniExamples__secure_p2_4()).JML normal_behavior operation contract.0.key 
62310      INFO  main            d.u.i.k.p.i.AbstractProblemLoader Loading environment from /home/runner/work/key/key/key.core/../key.ui/examples/InformationFlow/MiniExamples/mini.MiniExamples(mini.MiniExamples__secure_p2_4()).JML normal_behavior operation contract.0.key 
62311      DEBUG main            d.u.i.k.p.i.AbstractProblemLoader Environment load took 382.22ns 
62312      INFO  main            d.u.i.k.p.i.AbstractProblemLoader Creating init config 
65290      DEBUG main            d.u.i.k.p.i.AbstractProblemLoader Init config took 2.98s 
65360      INFO  main            d.u.i.k.p.i.AbstractProblemLoader Replaying proof mini.MiniExamples[mini.MiniExamples::secure_p2_4()].JML normal_behavior operation contract.0 
65365      DEBUG main            d.u.i.k.p.i.IntermediateProofReplayer Proof replay took 16.1ns 
65468      INFO  main            d.u.i.k.p.r.p.TestFile    ... finished proof: closed. 
65671      INFO  main            d.u.i.k.p.r.p.TestFile    Now processing file /home/runner/work/key/key/key.core/../key.ui/examples/InformationFlow/MiniExamples/mini.MiniExamples(mini.MiniExamples__secure_p2_3()).JML normal_behavior operation contract.0.key 
65671      INFO  main            d.u.i.k.p.i.AbstractProblemLoader Loading environment from /home/runner/work/key/key/key.core/../key.ui/examples/InformationFlow/MiniExamples/mini.MiniExamples(mini.MiniExamples__secure_p2_3()).JML normal_behavior operation contract.0.key 
65671      DEBUG main            d.u.i.k.p.i.AbstractProblemLoader Environment load took 72.7ns 
65674      INFO  main            d.u.i.k.p.i.AbstractProblemLoader Creating init config 
68670      DEBUG main            d.u.i.k.p.i.AbstractProblemLoader Init config took 3s 
68728      INFO  main            d.u.i.k.p.i.AbstractProblemLoader Replaying proof mini.MiniExamples[mini.MiniExamples::secure_p2_3()].JML normal_behavior operation contract.0 
68731      DEBUG main            d.u.i.k.p.i.IntermediateProofReplayer Proof replay took 16ns 
68835      INFO  main            d.u.i.k.p.r.p.TestFile    ... finished proof: closed. 
69023      INFO  main            d.u.i.k.p.r.p.TestFile    Now processing file /home/runner/work/key/key/key.core/../key.ui/examples/InformationFlow/MiniExamples/mini.MiniExamples(mini.MiniExamples__secure_p2_2()).JML normal_behavior operation contract.0.key 
69023      INFO  main            d.u.i.k.p.i.AbstractProblemLoader Loading environment from /home/runner/work/key/key/key.core/../key.ui/examples/InformationFlow/MiniExamples/mini.MiniExamples(mini.MiniExamples__secure_p2_2()).JML normal_behavior operation contract.0.key 
69024      DEBUG main            d.u.i.k.p.i.AbstractProblemLoader Environment load took 69.9ns 
69025      INFO  main            d.u.i.k.p.i.AbstractProblemLoader Creating init config 
72044      DEBUG main            d.u.i.k.p.i.AbstractProblemLoader Init config took 3.02s 
72088      INFO  main            d.u.i.k.p.i.AbstractProblemLoader Replaying proof mini.MiniExamples[mini.MiniExamples::secure_p2_2()].JML normal_behavior operation contract.0 
72095      DEBUG main            d.u.i.k.p.i.IntermediateProofReplayer Proof replay took 17.8ns 
72197      INFO  main            d.u.i.k.p.r.p.TestFile    ... finished proof: closed. 
72448      INFO  main            d.u.i.k.p.r.p.TestFile    Now processing file /home/runner/work/key/key/key.core/../key.ui/examples/InformationFlow/MiniExamples/mini.MiniExamples(mini.MiniExamples__secure_p2_1()).JML normal_behavior operation contract.0.key 
72448      INFO  main            d.u.i.k.p.i.AbstractProblemLoader Loading environment from /home/runner/work/key/key/key.core/../key.ui/examples/InformationFlow/MiniExamples/mini.MiniExamples(mini.MiniExamples__secure_p2_1()).JML normal_behavior operation contract.0.key 
72448      DEBUG main            d.u.i.k.p.i.AbstractProblemLoader Environment load took 71.3ns 
72450      INFO  main            d.u.i.k.p.i.AbstractProblemLoader Creating init config 
75453      DEBUG main            d.u.i.k.p.i.AbstractProblemLoader Init config took 3s 
75498      INFO  main            d.u.i.k.p.i.AbstractProblemLoader Replaying proof mini.MiniExamples[mini.MiniExamples::secure_p2_1()].JML normal_behavior operation contract.0 
75501      DEBUG main            d.u.i.k.p.i.IntermediateProofReplayer Proof replay took 16ns 
75604      INFO  main            d.u.i.k.p.r.p.TestFile    ... finished proof: closed. 
75903      INFO  main            d.u.i.k.p.r.p.TestFile    Now processing file /home/runner/work/key/key/key.core/../key.ui/examples/InformationFlow/MiniExamples/mini.MiniExamples(mini.MiniExamples__insecure_p2_1()).JML normal_behavior operation contract.0.key 
75903      INFO  main            d.u.i.k.p.i.AbstractProblemLoader Loading environment from /home/runner/work/key/key/key.core/../key.ui/examples/InformationFlow/MiniExamples/mini.MiniExamples(mini.MiniExamples__insecure_p2_1()).JML normal_behavior operation contract.0.key 
75904      DEBUG main            d.u.i.k.p.i.AbstractProblemLoader Environment load took 559.53ns 
75905      INFO  main            d.u.i.k.p.i.AbstractProblemLoader Creating init config 
78840      DEBUG main            d.u.i.k.p.i.AbstractProblemLoader Init config took 2.93s 
78886      INFO  main            d.u.i.k.p.i.AbstractProblemLoader Replaying proof mini.MiniExamples[mini.MiniExamples::insecure_p2_1()].JML normal_behavior operation contract.0 
78889      DEBUG main            d.u.i.k.p.i.IntermediateProofReplayer Proof replay took 15.1ns 
78992      INFO  main            d.u.i.k.p.r.p.TestFile    ... finished proof: closed. 
79295      INFO  main            d.u.i.k.p.r.p.TestFile    Now processing file /home/runner/work/key/key/key.core/../key.ui/examples/InformationFlow/MiniExamples/mini.MiniExamples(mini.MiniExamples__secure_p1_6()).JML normal_behavior operation contract.0.key 
79296      INFO  main            d.u.i.k.p.i.AbstractProblemLoader Loading environment from /home/runner/work/key/key/key.core/../key.ui/examples/InformationFlow/MiniExamples/mini.MiniExamples(mini.MiniExamples__secure_p1_6()).JML normal_behavior operation contract.0.key 
79296      DEBUG main            d.u.i.k.p.i.AbstractProblemLoader Environment load took 76.31ns 
79299      INFO  main            d.u.i.k.p.i.AbstractProblemLoader Creating init config 
82237      DEBUG main            d.u.i.k.p.i.AbstractProblemLoader Init config took 2.94s 
82281      INFO  main            d.u.i.k.p.i.AbstractProblemLoader Replaying proof mini.MiniExamples[mini.MiniExamples::secure_p1_6()].JML normal_behavior operation contract.0 
82284      DEBUG main            d.u.i.k.p.i.IntermediateProofReplayer Proof replay took 16.2ns 
82387      INFO  main            d.u.i.k.p.r.p.TestFile    ... finished proof: closed. 
82612      INFO  main            d.u.i.k.p.r.p.TestFile    Now processing file /home/runner/work/key/key/key.core/../key.ui/examples/InformationFlow/MiniExamples/mini.MiniExamples(mini.MiniExamples__secure_p1_5()).JML normal_behavior operation contract.0.key 
82612      INFO  main            d.u.i.k.p.i.AbstractProblemLoader Loading environment from /home/runner/work/key/key/key.core/../key.ui/examples/InformationFlow/MiniExamples/mini.MiniExamples(mini.MiniExamples__secure_p1_5()).JML normal_behavior operation contract.0.key 
82612      DEBUG main            d.u.i.k.p.i.AbstractProblemLoader Environment load took 89.5ns 
82614      INFO  main            d.u.i.k.p.i.AbstractProblemLoader Creating init config 
85532      DEBUG main            d.u.i.k.p.i.AbstractProblemLoader Init config took 2.92s 
85577      INFO  main            d.u.i.k.p.i.AbstractProblemLoader Replaying proof mini.MiniExamples[mini.MiniExamples::secure_p1_5()].JML normal_behavior operation contract.0 
85580      DEBUG main            d.u.i.k.p.i.IntermediateProofReplayer Proof replay took 16ns 
85682      INFO  main            d.u.i.k.p.r.p.TestFile    ... finished proof: closed. 
85923      INFO  main            d.u.i.k.p.r.p.TestFile    Now processing file /home/runner/work/key/key/key.core/../key.ui/examples/InformationFlow/MiniExamples/mini.MiniExamples(mini.MiniExamples__secure_p1_4()).JML normal_behavior operation contract.0.key 
85923      INFO  main            d.u.i.k.p.i.AbstractProblemLoader Loading environment from /home/runner/work/key/key/key.core/../key.ui/examples/InformationFlow/MiniExamples/mini.MiniExamples(mini.MiniExamples__secure_p1_4()).JML normal_behavior operation contract.0.key 
85923      DEBUG main            d.u.i.k.p.i.AbstractProblemLoader Environment load took 78.41ns 
85924      INFO  main            d.u.i.k.p.i.AbstractProblemLoader Creating init config 
88907      DEBUG main            d.u.i.k.p.i.AbstractProblemLoader Init config took 2.98s 
88972      INFO  main            d.u.i.k.p.i.AbstractProblemLoader Replaying proof mini.MiniExamples[mini.MiniExamples::secure_p1_4()].JML normal_behavior operation contract.0 
88976      DEBUG main            d.u.i.k.p.i.IntermediateProofReplayer Proof replay took 17.1ns 
89079      INFO  main            d.u.i.k.p.r.p.TestFile    ... finished proof: closed. 
89303      INFO  main            d.u.i.k.p.r.p.TestFile    Now processing file /home/runner/work/key/key/key.core/../key.ui/examples/InformationFlow/MiniExamples/mini.MiniExamples(mini.MiniExamples__secure_p1_3()).JML normal_behavior operation contract.0.key 
89303      INFO  main            d.u.i.k.p.i.AbstractProblemLoader Loading environment from /home/runner/work/key/key/key.core/../key.ui/examples/InformationFlow/MiniExamples/mini.MiniExamples(mini.MiniExamples__secure_p1_3()).JML normal_behavior operation contract.0.key 
89303      DEBUG main            d.u.i.k.p.i.AbstractProblemLoader Environment load took 76.3ns 
89305      INFO  main            d.u.i.k.p.i.AbstractProblemLoader Creating init config 
92268      DEBUG main            d.u.i.k.p.i.AbstractProblemLoader Init config took 2.96s 
92309      INFO  main            d.u.i.k.p.i.AbstractProblemLoader Replaying proof mini.MiniExamples[mini.MiniExamples::secure_p1_3()].JML normal_behavior operation contract.0 
92312      DEBUG main            d.u.i.k.p.i.IntermediateProofReplayer Proof replay took 16.3ns 
92415      INFO  main            d.u.i.k.p.r.p.TestFile    ... finished proof: closed. 
92635      INFO  main            d.u.i.k.p.r.p.TestFile    Now processing file /home/runner/work/key/key/key.core/../key.ui/examples/InformationFlow/MiniExamples/mini.MiniExamples(mini.MiniExamples__secure_p1_2()).JML normal_behavior operation contract.0.key 
92636      INFO  main            d.u.i.k.p.i.AbstractProblemLoader Loading environment from /home/runner/work/key/key/key.core/../key.ui/examples/InformationFlow/MiniExamples/mini.MiniExamples(mini.MiniExamples__secure_p1_2()).JML normal_behavior operation contract.0.key 
92636      DEBUG main            d.u.i.k.p.i.AbstractProblemLoader Environment load took 69ns 
92637      INFO  main            d.u.i.k.p.i.AbstractProblemLoader Creating init config 
95590      DEBUG main            d.u.i.k.p.i.AbstractProblemLoader Init config took 2.95s 
95633      INFO  main            d.u.i.k.p.i.AbstractProblemLoader Replaying proof mini.MiniExamples[mini.MiniExamples::secure_p1_2()].JML normal_behavior operation contract.0 
95636      DEBUG main            d.u.i.k.p.i.IntermediateProofReplayer Proof replay took 16.7ns 
95740      INFO  main            d.u.i.k.p.r.p.TestFile    ... finished proof: closed. 
95966      INFO  main            d.u.i.k.p.r.p.TestFile    Now processing file /home/runner/work/key/key/key.core/../key.ui/examples/InformationFlow/MiniExamples/mini.MiniExamples(mini.MiniExamples__secure_p1_1()).JML normal_behavior operation contract.1.key 
95967      INFO  main            d.u.i.k.p.i.AbstractProblemLoader Loading environment from /home/runner/work/key/key/key.core/../key.ui/examples/InformationFlow/MiniExamples/mini.MiniExamples(mini.MiniExamples__secure_p1_1()).JML normal_behavior operation contract.1.key 
95967      DEBUG main            d.u.i.k.p.i.AbstractProblemLoader Environment load took 70ns 
95968      INFO  main            d.u.i.k.p.i.AbstractProblemLoader Creating init config 
98888      DEBUG main            d.u.i.k.p.i.AbstractProblemLoader Init config took 2.92s 
98930      INFO  main            d.u.i.k.p.i.AbstractProblemLoader Replaying proof mini.MiniExamples[mini.MiniExamples::secure_p1_1()].JML normal_behavior operation contract.1 
98932      DEBUG main            d.u.i.k.p.i.IntermediateProofReplayer Proof replay took 15.7ns 
99035      INFO  main            d.u.i.k.p.r.p.TestFile    ... finished proof: closed. 
99273      INFO  main            d.u.i.k.p.r.p.TestFile    Now processing file /home/runner/work/key/key/key.core/../key.ui/examples/InformationFlow/MiniExamples/mini.MiniExamples(mini.MiniExamples__secure_p1_1()).JML normal_behavior operation contract.0.key 
99273      INFO  main            d.u.i.k.p.i.AbstractProblemLoader Loading environment from /home/runner/work/key/key/key.core/../key.ui/examples/InformationFlow/MiniExamples/mini.MiniExamples(mini.MiniExamples__secure_p1_1()).JML normal_behavior operation contract.0.key 
99273      DEBUG main            d.u.i.k.p.i.AbstractProblemLoader Environment load took 70.1ns 
99275      INFO  main            d.u.i.k.p.i.AbstractProblemLoader Creating init config 
102230     DEBUG main            d.u.i.k.p.i.AbstractProblemLoader Init config took 2.95s 
102290     INFO  main            d.u.i.k.p.i.AbstractProblemLoader Replaying proof mini.MiniExamples[mini.MiniExamples::secure_p1_1()].JML normal_behavior operation contract.0 
102294     DEBUG main            d.u.i.k.p.i.IntermediateProofReplayer Proof replay took 16.7ns 
102396     INFO  main            d.u.i.k.p.r.p.TestFile    ... finished proof: closed. 
102638     INFO  main            d.u.i.k.p.r.p.TestFile    Now processing file /home/runner/work/key/key/key.core/../key.ui/examples/InformationFlow/MiniExamples/mini.MiniExamples(mini.MiniExamples__insecure_p1_2()).JML normal_behavior operation contract.0.key 
102638     INFO  main            d.u.i.k.p.i.AbstractProblemLoader Loading environment from /home/runner/work/key/key/key.core/../key.ui/examples/InformationFlow/MiniExamples/mini.MiniExamples(mini.MiniExamples__insecure_p1_2()).JML normal_behavior operation contract.0.key 
102638     DEBUG main            d.u.i.k.p.i.AbstractProblemLoader Environment load took 91.41ns 
102639     INFO  main            d.u.i.k.p.i.AbstractProblemLoader Creating init config 
105584     DEBUG main            d.u.i.k.p.i.AbstractProblemLoader Init config took 2.94s 
105625     INFO  main            d.u.i.k.p.i.AbstractProblemLoader Replaying proof mini.MiniExamples[mini.MiniExamples::insecure_p1_2()].JML normal_behavior operation contract.0 
105629     DEBUG main            d.u.i.k.p.i.IntermediateProofReplayer Proof replay took 17.7ns 
105731     INFO  main            d.u.i.k.p.r.p.TestFile    ... finished proof: closed. 
105981     INFO  main            d.u.i.k.p.r.p.TestFile    Now processing file /home/runner/work/key/key/key.core/../key.ui/examples/InformationFlow/MiniExamples/mini.MiniExamples(mini.MiniExamples__insecure_p1_1()).JML normal_behavior operation contract.0.key 
105982     INFO  main            d.u.i.k.p.i.AbstractProblemLoader Loading environment from /home/runner/work/key/key/key.core/../key.ui/examples/InformationFlow/MiniExamples/mini.MiniExamples(mini.MiniExamples__insecure_p1_1()).JML normal_behavior operation contract.0.key 
105982     DEBUG main            d.u.i.k.p.i.AbstractProblemLoader Environment load took 72.7ns 
105983     INFO  main            d.u.i.k.p.i.AbstractProblemLoader Creating init config 
108856     DEBUG main            d.u.i.k.p.i.AbstractProblemLoader Init config took 2.87s 
108915     INFO  main            d.u.i.k.p.i.AbstractProblemLoader Replaying proof mini.MiniExamples[mini.MiniExamples::insecure_p1_1()].JML normal_behavior operation contract.0 
108918     DEBUG main            d.u.i.k.p.i.IntermediateProofReplayer Proof replay took 16.3ns 
109023     INFO  main            d.u.i.k.p.r.p.TestFile    ... finished proof: closed. 
551337     INFO  Test worker     d.u.i.k.p.r.p.StatisticsFile Returning from test MiniExamples 
551343     INFO  Test worker     d.u.i.k.p.r.p.StatisticsFile Running test NewObjects 
420        INFO  Timeout watchdog d.u.i.k.p.r.p.ForkedTestFileRunner Timeout watcher launched (1000 secs.) 
446        WARN  main            d.u.i.k.s.ProofSettings   The settings in /home/runner/.key/proof-settings.props are *not* read. 
484        INFO  main            d.u.i.k.p.r.p.TestFile    Now processing file /home/runner/work/key/key/key.core/../key.ui/examples/InformationFlow/NewObjects/object.AmtoftBanerjee3(object.AmtoftBanerjee3__m()).JML operation contract.0.key 
618        INFO  main            d.u.i.k.p.i.AbstractProblemLoader Loading environment from /home/runner/work/key/key/key.core/../key.ui/examples/InformationFlow/NewObjects/object.AmtoftBanerjee3(object.AmtoftBanerjee3__m()).JML operation contract.0.key 
641        DEBUG main            d.u.i.k.p.i.AbstractProblemLoader Environment load took 3ms 
932        INFO  main            d.u.i.k.p.i.AbstractProblemLoader Creating init config 
2163       DEBUG main            d.u.i.k.j.TypeConverter   No LDT found for Meta 
2164       DEBUG main            d.u.i.k.j.TypeConverter   No LDT found for Meta 
2167       DEBUG main            d.u.i.k.j.TypeConverter   No LDT found for Meta 
2167       DEBUG main            d.u.i.k.j.TypeConverter   No LDT found for Meta 
4268       DEBUG main            d.u.i.k.j.TypeConverter   No LDT found for JavaBigintExpression 
7489       DEBUG main            d.u.i.k.j.r.ClassPreparationMethodBuilder clPrepBuilder: Inner Class detected. Reject building class initialisation methods. 
10390      DEBUG main            d.u.i.k.p.i.AbstractProblemLoader Init config took 9.46s 
10542      INFO  main            d.u.i.k.p.i.AbstractProblemLoader Replaying proof object.AmtoftBanerjee3[object.AmtoftBanerjee3::m()].JML operation contract.0 
10628      DEBUG main            d.u.i.k.p.i.IntermediateProofReplayer Proof replay took 466.82ns 
11185      INFO  main            d.u.i.k.p.r.p.TestFile    ... finished proof: closed. 
11332      INFO  main            d.u.i.k.p.r.p.TestFile    Now processing file /home/runner/work/key/key/key.core/../key.ui/examples/InformationFlow/NewObjects/object.AmtoftBanerjee(object.AmtoftBanerjee__m_2()).JML normal_behavior operation contract.0.key 
11333      INFO  main            d.u.i.k.p.i.AbstractProblemLoader Loading environment from /home/runner/work/key/key/key.core/../key.ui/examples/InformationFlow/NewObjects/object.AmtoftBanerjee(object.AmtoftBanerjee__m_2()).JML normal_behavior operation contract.0.key 
11333      DEBUG main            d.u.i.k.p.i.AbstractProblemLoader Environment load took 448.32ns 
11338      INFO  main            d.u.i.k.p.i.AbstractProblemLoader Creating init config 
12571      DEBUG main            d.u.i.k.j.r.ClassPreparationMethodBuilder clPrepBuilder: Inner Class detected. Reject building class initialisation methods. 
14932      DEBUG main            d.u.i.k.p.i.AbstractProblemLoader Init config took 3.59s 
15009      INFO  main            d.u.i.k.p.i.AbstractProblemLoader Replaying proof object.AmtoftBanerjee[object.AmtoftBanerjee::m_2()].JML normal_behavior operation contract.0 
15014      DEBUG main            d.u.i.k.p.i.IntermediateProofReplayer Proof replay took 16.3ns 
15721      INFO  main            d.u.i.k.p.r.p.TestFile    ... finished proof: closed. 
15879      INFO  main            d.u.i.k.p.r.p.TestFile    Now processing file /home/runner/work/key/key/key.core/../key.ui/examples/InformationFlow/NewObjects/object.AmtoftBanerjee(object.AmtoftBanerjee__m_1()).JML normal_behavior operation contract.1.key 
15880      INFO  main            d.u.i.k.p.i.AbstractProblemLoader Loading environment from /home/runner/work/key/key/key.core/../key.ui/examples/InformationFlow/NewObjects/object.AmtoftBanerjee(object.AmtoftBanerjee__m_1()).JML normal_behavior operation contract.1.key 
15880      DEBUG main            d.u.i.k.p.i.AbstractProblemLoader Environment load took 89.4ns 
15884      INFO  main            d.u.i.k.p.i.AbstractProblemLoader Creating init config 
17027      DEBUG main            d.u.i.k.j.r.ClassPreparationMethodBuilder clPrepBuilder: Inner Class detected. Reject building class initialisation methods. 
19407      DEBUG main            d.u.i.k.p.i.AbstractProblemLoader Init config took 3.52s 
19497      INFO  main            d.u.i.k.p.i.AbstractProblemLoader Replaying proof object.AmtoftBanerjee[object.AmtoftBanerjee::m_1()].JML normal_behavior operation contract.1 
19505      DEBUG main            d.u.i.k.p.i.IntermediateProofReplayer Proof replay took 17.3ns 
19809      INFO  main            d.u.i.k.p.r.p.TestFile    ... finished proof: closed. 
19959      INFO  main            d.u.i.k.p.r.p.TestFile    Now processing file /home/runner/work/key/key/key.core/../key.ui/examples/InformationFlow/NewObjects/object.AmtoftBanerjee(object.AmtoftBanerjee__m_1()).JML normal_behavior operation contract.0.key 
19959      INFO  main            d.u.i.k.p.i.AbstractProblemLoader Loading environment from /home/runner/work/key/key/key.core/../key.ui/examples/InformationFlow/NewObjects/object.AmtoftBanerjee(object.AmtoftBanerjee__m_1()).JML normal_behavior operation contract.0.key 
19959      DEBUG main            d.u.i.k.p.i.AbstractProblemLoader Environment load took 81.91ns 
19962      INFO  main            d.u.i.k.p.i.AbstractProblemLoader Creating init config 
21044      DEBUG main            d.u.i.k.j.r.ClassPreparationMethodBuilder clPrepBuilder: Inner Class detected. Reject building class initialisation methods. 
23285      DEBUG main            d.u.i.k.p.i.AbstractProblemLoader Init config took 3.32s 
23343      INFO  main            d.u.i.k.p.i.AbstractProblemLoader Replaying proof object.AmtoftBanerjee[object.AmtoftBanerjee::m_1()].JML normal_behavior operation contract.0 
23347      DEBUG main            d.u.i.k.p.i.IntermediateProofReplayer Proof replay took 14.3ns 
23551      INFO  main            d.u.i.k.p.r.p.TestFile    ... finished proof: closed. 
23711      INFO  main            d.u.i.k.p.r.p.TestFile    Now processing file /home/runner/work/key/key/key.core/../key.ui/examples/InformationFlow/NewObjects/object.AmtoftBanerjee(object.AmtoftBanerjee__getQ()).JML normal_behavior operation contract.0.key 
23712      INFO  main            d.u.i.k.p.i.AbstractProblemLoader Loading environment from /home/runner/work/key/key/key.core/../key.ui/examples/InformationFlow/NewObjects/object.AmtoftBanerjee(object.AmtoftBanerjee__getQ()).JML normal_behavior operation contract.0.key 
23712      DEBUG main            d.u.i.k.p.i.AbstractProblemLoader Environment load took 90.5ns 
23717      INFO  main            d.u.i.k.p.i.AbstractProblemLoader Creating init config 
24787      DEBUG main            d.u.i.k.j.r.ClassPreparationMethodBuilder clPrepBuilder: Inner Class detected. Reject building class initialisation methods. 
27035      DEBUG main            d.u.i.k.p.i.AbstractProblemLoader Init config took 3.32s 
27092      INFO  main            d.u.i.k.p.i.AbstractProblemLoader Replaying proof object.AmtoftBanerjee[object.AmtoftBanerjee::getQ()].JML normal_behavior operation contract.0 
27095      DEBUG main            d.u.i.k.p.i.IntermediateProofReplayer Proof replay took 16.1ns 
27198      INFO  main            d.u.i.k.p.r.p.TestFile    ... finished proof: closed. 
27402      INFO  main            d.u.i.k.p.r.p.TestFile    Now processing file /home/runner/work/key/key/key.core/../key.ui/examples/InformationFlow/NewObjects/object.Naumann(object.Naumann__Pair_m(int,int)).JML operation contract.0.key 
27402      INFO  main            d.u.i.k.p.i.AbstractProblemLoader Loading environment from /home/runner/work/key/key/key.core/../key.ui/examples/InformationFlow/NewObjects/object.Naumann(object.Naumann__Pair_m(int,int)).JML operation contract.0.key 
27403      DEBUG main            d.u.i.k.p.i.AbstractProblemLoader Environment load took 91ns 
27404      INFO  main            d.u.i.k.p.i.AbstractProblemLoader Creating init config 
28444      DEBUG main            d.u.i.k.j.r.ClassPreparationMethodBuilder clPrepBuilder: Inner Class detected. Reject building class initialisation methods. 
30642      DEBUG main            d.u.i.k.p.i.AbstractProblemLoader Init config took 3.24s 
30699      INFO  main            d.u.i.k.p.i.AbstractProblemLoader Replaying proof object.Naumann[object.Naumann::Pair_m(int,int)].JML operation contract.0 
30704      DEBUG main            d.u.i.k.p.i.IntermediateProofReplayer Proof replay took 17.1ns 
32527      INFO  main            d.u.i.k.p.r.p.TestFile    ... finished proof: closed. 
32753      INFO  main            d.u.i.k.p.r.p.TestFile    Now processing file /home/runner/work/key/key/key.core/../key.ui/examples/InformationFlow/NewObjects/object.ObjectOrientation(object.ObjectOrientation__secure_while_i((Ljava.lang.Object)).JML operation contract.0.key 
32753      INFO  main            d.u.i.k.p.i.AbstractProblemLoader Loading environment from /home/runner/work/key/key/key.core/../key.ui/examples/InformationFlow/NewObjects/object.ObjectOrientation(object.ObjectOrientation__secure_while_i((Ljava.lang.Object)).JML operation contract.0.key 
32753      DEBUG main            d.u.i.k.p.i.AbstractProblemLoader Environment load took 81.7ns 
32757      INFO  main            d.u.i.k.p.i.AbstractProblemLoader Creating init config 
33811      DEBUG main            d.u.i.k.j.r.ClassPreparationMethodBuilder clPrepBuilder: Inner Class detected. Reject building class initialisation methods. 
36137      DEBUG main            d.u.i.k.p.i.AbstractProblemLoader Init config took 3.38s 
36192      INFO  main            d.u.i.k.p.i.AbstractProblemLoader Replaying proof object.ObjectOrientation[object.ObjectOrientation::secure_while_i([Ljava.lang.Object)].JML operation contract.0 
36195      DEBUG main            d.u.i.k.p.i.IntermediateProofReplayer Proof replay took 16.9ns 
36903      INFO  main            d.u.i.k.p.r.p.TestFile    ... finished proof: closed. 
37134      INFO  main            d.u.i.k.p.r.p.TestFile    Now processing file /home/runner/work/key/key/key.core/../key.ui/examples/InformationFlow/NewObjects/object.ObjectOrientation(object.ObjectOrientation__secure_method_call()).JML operation contract.0.key 
37134      INFO  main            d.u.i.k.p.i.AbstractProblemLoader Loading environment from /home/runner/work/key/key/key.core/../key.ui/examples/InformationFlow/NewObjects/object.ObjectOrientation(object.ObjectOrientation__secure_method_call()).JML operation contract.0.key 
37134      DEBUG main            d.u.i.k.p.i.AbstractProblemLoader Environment load took 79.31ns 
37135      INFO  main            d.u.i.k.p.i.AbstractProblemLoader Creating init config 
38171      DEBUG main            d.u.i.k.j.r.ClassPreparationMethodBuilder clPrepBuilder: Inner Class detected. Reject building class initialisation methods. 
40388      DEBUG main            d.u.i.k.p.i.AbstractProblemLoader Init config took 3.25s 
40441      INFO  main            d.u.i.k.p.i.AbstractProblemLoader Replaying proof object.ObjectOrientation[object.ObjectOrientation::secure_method_call()].JML operation contract.0 
40446      DEBUG main            d.u.i.k.p.i.IntermediateProofReplayer Proof replay took 17.9ns 
40649      INFO  main            d.u.i.k.p.r.p.TestFile    ... finished proof: closed. 
40818      INFO  main            d.u.i.k.p.r.p.TestFile    Now processing file /home/runner/work/key/key/key.core/../key.ui/examples/InformationFlow/NewObjects/object.ObjectOrientation(object.ObjectOrientation__if_two_object_creation_next()).JML operation contract.1.key 
40818      INFO  main            d.u.i.k.p.i.AbstractProblemLoader Loading environment from /home/runner/work/key/key/key.core/../key.ui/examples/InformationFlow/NewObjects/object.ObjectOrientation(object.ObjectOrientation__if_two_object_creation_next()).JML operation contract.1.key 
40818      DEBUG main            d.u.i.k.p.i.AbstractProblemLoader Environment load took 85.41ns 
40819      INFO  main            d.u.i.k.p.i.AbstractProblemLoader Creating init config 
41844      DEBUG main            d.u.i.k.j.r.ClassPreparationMethodBuilder clPrepBuilder: Inner Class detected. Reject building class initialisation methods. 
44031      DEBUG main            d.u.i.k.p.i.AbstractProblemLoader Init config took 3.21s 
44085      INFO  main            d.u.i.k.p.i.AbstractProblemLoader Replaying proof object.ObjectOrientation[object.ObjectOrientation::if_two_object_creation_next()].JML operation contract.1 
44089      DEBUG main            d.u.i.k.p.i.IntermediateProofReplayer Proof replay took 16.5ns 
45194      INFO  main            d.u.i.k.p.r.p.TestFile    ... finished proof: closed. 
45413      INFO  main            d.u.i.k.p.r.p.TestFile    Now processing file /home/runner/work/key/key/key.core/../key.ui/examples/InformationFlow/NewObjects/object.ObjectOrientation(object.ObjectOrientation__if_two_object_creation_next()).JML operation contract.0.key 
45414      INFO  main            d.u.i.k.p.i.AbstractProblemLoader Loading environment from /home/runner/work/key/key/key.core/../key.ui/examples/InformationFlow/NewObjects/object.ObjectOrientation(object.ObjectOrientation__if_two_object_creation_next()).JML operation contract.0.key 
45414      DEBUG main            d.u.i.k.p.i.AbstractProblemLoader Environment load took 100.11ns 
45415      INFO  main            d.u.i.k.p.i.AbstractProblemLoader Creating init config 
46403      DEBUG main            d.u.i.k.j.r.ClassPreparationMethodBuilder clPrepBuilder: Inner Class detected. Reject building class initialisation methods. 
48563      DEBUG main            d.u.i.k.p.i.AbstractProblemLoader Init config took 3.15s 
48621      INFO  main            d.u.i.k.p.i.AbstractProblemLoader Replaying proof object.ObjectOrientation[object.ObjectOrientation::if_two_object_creation_next()].JML operation contract.0 
48624      DEBUG main            d.u.i.k.p.i.IntermediateProofReplayer Proof replay took 16.1ns 
49733      INFO  main            d.u.i.k.p.r.p.TestFile    ... finished proof: closed. 
49949      INFO  main            d.u.i.k.p.r.p.TestFile    Now processing file /home/runner/work/key/key/key.core/../key.ui/examples/InformationFlow/NewObjects/object.ObjectOrientation(object.ObjectOrientation__secure_if_two_object_creation()).JML operation contract.0.key 
49949      INFO  main            d.u.i.k.p.i.AbstractProblemLoader Loading environment from /home/runner/work/key/key/key.core/../key.ui/examples/InformationFlow/NewObjects/object.ObjectOrientation(object.ObjectOrientation__secure_if_two_object_creation()).JML operation contract.0.key 
49949      DEBUG main            d.u.i.k.p.i.AbstractProblemLoader Environment load took 83.9ns 
49951      INFO  main            d.u.i.k.p.i.AbstractProblemLoader Creating init config 
51000      DEBUG main            d.u.i.k.j.r.ClassPreparationMethodBuilder clPrepBuilder: Inner Class detected. Reject building class initialisation methods. 
53207      DEBUG main            d.u.i.k.p.i.AbstractProblemLoader Init config took 3.26s 
53274      INFO  main            d.u.i.k.p.i.AbstractProblemLoader Replaying proof object.ObjectOrientation[object.ObjectOrientation::secure_if_two_object_creation()].JML operation contract.0 
53281      DEBUG main            d.u.i.k.p.i.IntermediateProofReplayer Proof replay took 18.9ns 
54289      INFO  main            d.u.i.k.p.r.p.TestFile    ... finished proof: closed. 
54500      INFO  main            d.u.i.k.p.r.p.TestFile    Now processing file /home/runner/work/key/key/key.core/../key.ui/examples/InformationFlow/NewObjects/object.ObjectOrientation(object.ObjectOrientation__insecure_two_object_creation()).JML operation contract.0.key 
54503      INFO  main            d.u.i.k.p.i.AbstractProblemLoader Loading environment from /home/runner/work/key/key/key.core/../key.ui/examples/InformationFlow/NewObjects/object.ObjectOrientation(object.ObjectOrientation__insecure_two_object_creation()).JML operation contract.0.key 
54503      DEBUG main            d.u.i.k.p.i.AbstractProblemLoader Environment load took 155.01ns 
54504      INFO  main            d.u.i.k.p.i.AbstractProblemLoader Creating init config 
55514      DEBUG main            d.u.i.k.j.r.ClassPreparationMethodBuilder clPrepBuilder: Inner Class detected. Reject building class initialisation methods. 
57678      DEBUG main            d.u.i.k.p.i.AbstractProblemLoader Init config took 3.17s 
57727      INFO  main            d.u.i.k.p.i.AbstractProblemLoader Replaying proof object.ObjectOrientation[object.ObjectOrientation::insecure_two_object_creation()].JML operation contract.0 
57730      DEBUG main            d.u.i.k.p.i.IntermediateProofReplayer Proof replay took 17.1ns 
58440      INFO  main            d.u.i.k.p.r.p.TestFile    ... finished proof: closed. 
58656      INFO  main            d.u.i.k.p.r.p.TestFile    Now processing file /home/runner/work/key/key/key.core/../key.ui/examples/InformationFlow/NewObjects/object.ObjectOrientation(object.ObjectOrientation__secure_two_object_creation()).JML normal_behavior operation contract.0.key 
58657      INFO  main            d.u.i.k.p.i.AbstractProblemLoader Loading environment from /home/runner/work/key/key/key.core/../key.ui/examples/InformationFlow/NewObjects/object.ObjectOrientation(object.ObjectOrientation__secure_two_object_creation()).JML normal_behavior operation contract.0.key 
58657      DEBUG main            d.u.i.k.p.i.AbstractProblemLoader Environment load took 135.21ns 
58659      INFO  main            d.u.i.k.p.i.AbstractProblemLoader Creating init config 
59690      DEBUG main            d.u.i.k.j.r.ClassPreparationMethodBuilder clPrepBuilder: Inner Class detected. Reject building class initialisation methods. 
61837      DEBUG main            d.u.i.k.p.i.AbstractProblemLoader Init config took 3.18s 
61904      INFO  main            d.u.i.k.p.i.AbstractProblemLoader Replaying proof object.ObjectOrientation[object.ObjectOrientation::secure_two_object_creation()].JML normal_behavior operation contract.0 
61907      DEBUG main            d.u.i.k.p.i.IntermediateProofReplayer Proof replay took 17.4ns 
62411      INFO  main            d.u.i.k.p.r.p.TestFile    ... finished proof: closed. 
62614      INFO  main            d.u.i.k.p.r.p.TestFile    Now processing file /home/runner/work/key/key/key.core/../key.ui/examples/InformationFlow/NewObjects/object.ObjectOrientation(object.ObjectOrientation__insecure_object_assignment()).JML operation contract.1.key 
62614      INFO  main            d.u.i.k.p.i.AbstractProblemLoader Loading environment from /home/runner/work/key/key/key.core/../key.ui/examples/InformationFlow/NewObjects/object.ObjectOrientation(object.ObjectOrientation__insecure_object_assignment()).JML operation contract.1.key 
62615      DEBUG main            d.u.i.k.p.i.AbstractProblemLoader Environment load took 89.11ns 
62617      INFO  main            d.u.i.k.p.i.AbstractProblemLoader Creating init config 
63619      DEBUG main            d.u.i.k.j.r.ClassPreparationMethodBuilder clPrepBuilder: Inner Class detected. Reject building class initialisation methods. 
65792      DEBUG main            d.u.i.k.p.i.AbstractProblemLoader Init config took 3.18s 
65841      INFO  main            d.u.i.k.p.i.AbstractProblemLoader Replaying proof object.ObjectOrientation[object.ObjectOrientation::insecure_object_assignment()].JML operation contract.1 
65844      DEBUG main            d.u.i.k.p.i.IntermediateProofReplayer Proof replay took 17.9ns 
65950      INFO  main            d.u.i.k.p.r.p.TestFile    ... finished proof: closed. 
66141      INFO  main            d.u.i.k.p.r.p.TestFile    Now processing file /home/runner/work/key/key/key.core/../key.ui/examples/InformationFlow/NewObjects/object.ObjectOrientation(object.ObjectOrientation__insecure_object_assignment()).JML operation contract.0.key 
66142      INFO  main            d.u.i.k.p.i.AbstractProblemLoader Loading environment from /home/runner/work/key/key/key.core/../key.ui/examples/InformationFlow/NewObjects/object.ObjectOrientation(object.ObjectOrientation__insecure_object_assignment()).JML operation contract.0.key 
66142      DEBUG main            d.u.i.k.p.i.AbstractProblemLoader Environment load took 70.8ns 
66143      INFO  main            d.u.i.k.p.i.AbstractProblemLoader Creating init config 
67135      DEBUG main            d.u.i.k.j.r.ClassPreparationMethodBuilder clPrepBuilder: Inner Class detected. Reject building class initialisation methods. 
69362      DEBUG main            d.u.i.k.p.i.AbstractProblemLoader Init config took 3.22s 
69411      INFO  main            d.u.i.k.p.i.AbstractProblemLoader Replaying proof object.ObjectOrientation[object.ObjectOrientation::insecure_object_assignment()].JML operation contract.0 
69414      DEBUG main            d.u.i.k.p.i.IntermediateProofReplayer Proof replay took 18.6ns 
69516      INFO  main            d.u.i.k.p.r.p.TestFile    ... finished proof: closed. 
69707      INFO  main            d.u.i.k.p.r.p.TestFile    Now processing file /home/runner/work/key/key/key.core/../key.ui/examples/InformationFlow/NewObjects/object.ObjectOrientation(object.ObjectOrientation__secure_object_creation_3()).JML operation contract.0.key 
69708      INFO  main            d.u.i.k.p.i.AbstractProblemLoader Loading environment from /home/runner/work/key/key/key.core/../key.ui/examples/InformationFlow/NewObjects/object.ObjectOrientation(object.ObjectOrientation__secure_object_creation_3()).JML operation contract.0.key 
69708      DEBUG main            d.u.i.k.p.i.AbstractProblemLoader Environment load took 84.5ns 
69709      INFO  main            d.u.i.k.p.i.AbstractProblemLoader Creating init config 
70703      DEBUG main            d.u.i.k.j.r.ClassPreparationMethodBuilder clPrepBuilder: Inner Class detected. Reject building class initialisation methods. 
72910      DEBUG main            d.u.i.k.p.i.AbstractProblemLoader Init config took 3.2s 
72957      INFO  main            d.u.i.k.p.i.AbstractProblemLoader Replaying proof object.ObjectOrientation[object.ObjectOrientation::secure_object_creation_3()].JML operation contract.0 
72960      DEBUG main            d.u.i.k.p.i.IntermediateProofReplayer Proof replay took 17.6ns 
73173      INFO  main            d.u.i.k.p.r.p.TestFile    ... finished proof: closed. 
73373      INFO  main            d.u.i.k.p.r.p.TestFile    Now processing file /home/runner/work/key/key/key.core/../key.ui/examples/InformationFlow/NewObjects/object.ObjectOrientation(object.ObjectOrientation__secure_object_creation_2()).JML operation contract.0.key 
73373      INFO  main            d.u.i.k.p.i.AbstractProblemLoader Loading environment from /home/runner/work/key/key/key.core/../key.ui/examples/InformationFlow/NewObjects/object.ObjectOrientation(object.ObjectOrientation__secure_object_creation_2()).JML operation contract.0.key 
73374      DEBUG main            d.u.i.k.p.i.AbstractProblemLoader Environment load took 72.5ns 
73375      INFO  main            d.u.i.k.p.i.AbstractProblemLoader Creating init config 
74353      DEBUG main            d.u.i.k.j.r.ClassPreparationMethodBuilder clPrepBuilder: Inner Class detected. Reject building class initialisation methods. 
76496      DEBUG main            d.u.i.k.p.i.AbstractProblemLoader Init config took 3.12s 
76542      INFO  main            d.u.i.k.p.i.AbstractProblemLoader Replaying proof object.ObjectOrientation[object.ObjectOrientation::secure_object_creation_2()].JML operation contract.0 
76545      DEBUG main            d.u.i.k.p.i.IntermediateProofReplayer Proof replay took 16.6ns 
76851      INFO  main            d.u.i.k.p.r.p.TestFile    ... finished proof: closed. 
77060      INFO  main            d.u.i.k.p.r.p.TestFile    Now processing file /home/runner/work/key/key/key.core/../key.ui/examples/InformationFlow/NewObjects/object.ObjectOrientation(object.ObjectOrientation__secure_object_creation()).JML operation contract.0.key 
77061      INFO  main            d.u.i.k.p.i.AbstractProblemLoader Loading environment from /home/runner/work/key/key/key.core/../key.ui/examples/InformationFlow/NewObjects/object.ObjectOrientation(object.ObjectOrientation__secure_object_creation()).JML operation contract.0.key 
77061      DEBUG main            d.u.i.k.p.i.AbstractProblemLoader Environment load took 72.7ns 
77062      INFO  main            d.u.i.k.p.i.AbstractProblemLoader Creating init config 
78034      DEBUG main            d.u.i.k.j.r.ClassPreparationMethodBuilder clPrepBuilder: Inner Class detected. Reject building class initialisation methods. 
80128      DEBUG main            d.u.i.k.p.i.AbstractProblemLoader Init config took 3.07s 
80184      INFO  main            d.u.i.k.p.i.AbstractProblemLoader Replaying proof object.ObjectOrientation[object.ObjectOrientation::secure_object_creation()].JML operation contract.0 
80187      DEBUG main            d.u.i.k.p.i.IntermediateProofReplayer Proof replay took 17.5ns 
80390      INFO  main            d.u.i.k.p.r.p.TestFile    ... finished proof: closed. 
80597      INFO  main            d.u.i.k.p.r.p.TestFile    Now processing file /home/runner/work/key/key/key.core/../key.ui/examples/InformationFlow/NewObjects/object.AmtoftBanerjee2(object.AmtoftBanerjee2__expensive(int)).JML accessible clause.0.key 
80598      INFO  main            d.u.i.k.p.i.AbstractProblemLoader Loading environment from /home/runner/work/key/key/key.core/../key.ui/examples/InformationFlow/NewObjects/object.AmtoftBanerjee2(object.AmtoftBanerjee2__expensive(int)).JML accessible clause.0.key 
80598      DEBUG main            d.u.i.k.p.i.AbstractProblemLoader Environment load took 95.81ns 
80599      INFO  main            d.u.i.k.p.i.AbstractProblemLoader Creating init config 
81617      DEBUG main            d.u.i.k.j.r.ClassPreparationMethodBuilder clPrepBuilder: Inner Class detected. Reject building class initialisation methods. 
83700      DEBUG main            d.u.i.k.p.i.AbstractProblemLoader Init config took 3.1s 
83759      INFO  main            d.u.i.k.p.i.AbstractProblemLoader Replaying proof object.AmtoftBanerjee2[object.AmtoftBanerjee2::expensive(int)].JML accessible clause.0 
83763      DEBUG main            d.u.i.k.p.i.IntermediateProofReplayer Proof replay took 17.5ns 
83866      INFO  main            d.u.i.k.p.r.p.TestFile    ... finished proof: closed. 
84068      INFO  main            d.u.i.k.p.r.p.TestFile    Now processing file /home/runner/work/key/key/key.core/../key.ui/examples/InformationFlow/NewObjects/object.AmtoftBanerjee2(object.AmtoftBanerjee2__expensive(int)).JML normal_behavior operation contract.0.key 
84068      INFO  main            d.u.i.k.p.i.AbstractProblemLoader Loading environment from /home/runner/work/key/key/key.core/../key.ui/examples/InformationFlow/NewObjects/object.AmtoftBanerjee2(object.AmtoftBanerjee2__expensive(int)).JML normal_behavior operation contract.0.key 
84068      DEBUG main            d.u.i.k.p.i.AbstractProblemLoader Environment load took 123.41ns 
84069      INFO  main            d.u.i.k.p.i.AbstractProblemLoader Creating init config 
85065      DEBUG main            d.u.i.k.j.r.ClassPreparationMethodBuilder clPrepBuilder: Inner Class detected. Reject building class initialisation methods. 
87208      DEBUG main            d.u.i.k.p.i.AbstractProblemLoader Init config took 3.14s 
87252      INFO  main            d.u.i.k.p.i.AbstractProblemLoader Replaying proof object.AmtoftBanerjee2[object.AmtoftBanerjee2::expensive(int)].JML normal_behavior operation contract.0 
87256      DEBUG main            d.u.i.k.p.i.IntermediateProofReplayer Proof replay took 39.6ns 
87362      INFO  main            d.u.i.k.p.r.p.TestFile    ... finished proof: closed. 
87577      INFO  main            d.u.i.k.p.r.p.TestFile    Now processing file /home/runner/work/key/key/key.core/../key.ui/examples/InformationFlow/NewObjects/object.AmtoftBanerjee2(object.AmtoftBanerjee2__cexp(int)).JML normal_behavior operation contract.0.key 
87578      INFO  main            d.u.i.k.p.i.AbstractProblemLoader Loading environment from /home/runner/work/key/key/key.core/../key.ui/examples/InformationFlow/NewObjects/object.AmtoftBanerjee2(object.AmtoftBanerjee2__cexp(int)).JML normal_behavior operation contract.0.key 
87578      DEBUG main            d.u.i.k.p.i.AbstractProblemLoader Environment load took 76.5ns 
87579      INFO  main            d.u.i.k.p.i.AbstractProblemLoader Creating init config 
88574      DEBUG main            d.u.i.k.j.r.ClassPreparationMethodBuilder clPrepBuilder: Inner Class detected. Reject building class initialisation methods. 
90693      DEBUG main            d.u.i.k.p.i.AbstractProblemLoader Init config took 3.11s 
90738      INFO  main            d.u.i.k.p.i.AbstractProblemLoader Replaying proof object.AmtoftBanerjee2[object.AmtoftBanerjee2::cexp(int)].JML normal_behavior operation contract.0 
90741      DEBUG main            d.u.i.k.p.i.IntermediateProofReplayer Proof replay took 17.3ns 
91148      INFO  main            d.u.i.k.p.r.p.TestFile    ... finished proof: closed. 
91385      INFO  main            d.u.i.k.p.r.p.TestFile    Now processing file /home/runner/work/key/key/key.core/../key.ui/examples/InformationFlow/PasswordFile/passwordfile.SecurePasswordFile(passwordfile.SecurePasswordFile___userIndex()).JML accessible clause.0.key 
91386      INFO  main            d.u.i.k.p.i.AbstractProblemLoader Loading environment from /home/runner/work/key/key/key.core/../key.ui/examples/InformationFlow/PasswordFile/passwordfile.SecurePasswordFile(passwordfile.SecurePasswordFile___userIndex()).JML accessible clause.0.key 
91386      DEBUG main            d.u.i.k.p.i.AbstractProblemLoader Environment load took 110.11ns 
91387      INFO  main            d.u.i.k.p.i.AbstractProblemLoader Creating init config 
94298      DEBUG main            d.u.i.k.p.i.AbstractProblemLoader Init config took 2.91s 
94342      INFO  main            d.u.i.k.p.i.AbstractProblemLoader Replaying proof passwordfile.SecurePasswordFile[passwordfile.SecurePasswordFile::$userIndex()].JML accessible clause.0 
94345      DEBUG main            d.u.i.k.p.i.IntermediateProofReplayer Proof replay took 17.6ns 
94450      INFO  main            d.u.i.k.p.r.p.TestFile    ... finished proof: open goal(s) 
646222     INFO  Test worker     d.u.i.k.p.r.p.StatisticsFile Returning from test NewObjects 
646226     INFO  Test worker     d.u.i.k.p.r.p.StatisticsFile Running test SimpleEvoting 
448        INFO  Timeout watchdog d.u.i.k.p.r.p.ForkedTestFileRunner Timeout watcher launched (1000 secs.) 
463        WARN  main            d.u.i.k.s.ProofSettings   The settings in /home/runner/.key/proof-settings.props are *not* read. 
503        INFO  main            d.u.i.k.p.r.p.TestFile    Now processing file /home/runner/work/key/key/key.core/../key.ui/examples/InformationFlow/SimpleEvoting/simple_evoting.Environment(simple_evoting.Environment__untrustedOutputMessage((B)).JML normal_behavior operation contract.0.key 
678        INFO  main            d.u.i.k.p.i.AbstractProblemLoader Loading environment from /home/runner/work/key/key/key.core/../key.ui/examples/InformationFlow/SimpleEvoting/simple_evoting.Environment(simple_evoting.Environment__untrustedOutputMessage((B)).JML normal_behavior operation contract.0.key 
700        DEBUG main            d.u.i.k.p.i.AbstractProblemLoader Environment load took 2.12ms 
1003       INFO  main            d.u.i.k.p.i.AbstractProblemLoader Creating init config 
2075       DEBUG main            d.u.i.k.j.TypeConverter   No LDT found for Meta 
2084       DEBUG main            d.u.i.k.j.TypeConverter   No LDT found for Meta 
2086       DEBUG main            d.u.i.k.j.TypeConverter   No LDT found for Meta 
2087       DEBUG main            d.u.i.k.j.TypeConverter   No LDT found for Meta 
3672       DEBUG main            d.u.i.k.j.TypeConverter   No LDT found for JavaBigintExpression 
10607      DEBUG main            d.u.i.k.p.i.AbstractProblemLoader Init config took 9.6s 
10772      INFO  main            d.u.i.k.p.i.AbstractProblemLoader Replaying proof simple_evoting.Environment[simple_evoting.Environment::untrustedOutputMessage([B)].JML normal_behavior operation contract.0 
10861      DEBUG main            d.u.i.k.p.i.IntermediateProofReplayer Proof replay took 418.32ns 
12520      INFO  main            d.u.i.k.p.r.p.TestFile    ... finished proof: closed. 
12724      INFO  main            d.u.i.k.p.r.p.TestFile    Now processing file /home/runner/work/key/key/key.core/../key.ui/examples/InformationFlow/SimpleEvoting/simple_evoting.Environment(simple_evoting.Environment__untrustedInputMessage((B)).JML normal_behavior operation contract.0.key 
12725      INFO  main            d.u.i.k.p.i.AbstractProblemLoader Loading environment from /home/runner/work/key/key/key.core/../key.ui/examples/InformationFlow/SimpleEvoting/simple_evoting.Environment(simple_evoting.Environment__untrustedInputMessage((B)).JML normal_behavior operation contract.0.key 
12725      DEBUG main            d.u.i.k.p.i.AbstractProblemLoader Environment load took 373.72ns 
12730      INFO  main            d.u.i.k.p.i.AbstractProblemLoader Creating init config 
16766      DEBUG main            d.u.i.k.p.i.AbstractProblemLoader Init config took 4.04s 
16848      INFO  main            d.u.i.k.p.i.AbstractProblemLoader Replaying proof simple_evoting.Environment[simple_evoting.Environment::untrustedInputMessage([B)].JML normal_behavior operation contract.0 
16853      DEBUG main            d.u.i.k.p.i.IntermediateProofReplayer Proof replay took 14.4ns 
17658      INFO  main            d.u.i.k.p.r.p.TestFile    ... finished proof: closed. 
17825      INFO  main            d.u.i.k.p.r.p.TestFile    Now processing file /home/runner/work/key/key/key.core/../key.ui/examples/InformationFlow/SimpleEvoting/simple_evoting.Environment(simple_evoting.Environment__untrustedInputMessage()).JML normal_behavior operation contract.0.key 
17825      INFO  main            d.u.i.k.p.i.AbstractProblemLoader Loading environment from /home/runner/work/key/key/key.core/../key.ui/examples/InformationFlow/SimpleEvoting/simple_evoting.Environment(simple_evoting.Environment__untrustedInputMessage()).JML normal_behavior operation contract.0.key 
17826      DEBUG main            d.u.i.k.p.i.AbstractProblemLoader Environment load took 362.82ns 
17829      INFO  main            d.u.i.k.p.i.AbstractProblemLoader Creating init config 
21796      DEBUG main            d.u.i.k.p.i.AbstractProblemLoader Init config took 3.97s 
21897      INFO  main            d.u.i.k.p.i.AbstractProblemLoader Replaying proof simple_evoting.Environment[simple_evoting.Environment::untrustedInputMessage()].JML normal_behavior operation contract.0 
21901      DEBUG main            d.u.i.k.p.i.IntermediateProofReplayer Proof replay took 14.2ns 
23547      INFO  main            d.u.i.k.p.r.p.TestFile    ... finished proof: closed. 
23716      INFO  main            d.u.i.k.p.r.p.TestFile    Now processing file /home/runner/work/key/key/key.core/../key.ui/examples/InformationFlow/SimpleEvoting/simple_evoting.Environment(simple_evoting.Environment__untrustedOutput(int)).JML normal_behavior operation contract.0.key 
23716      INFO  main            d.u.i.k.p.i.AbstractProblemLoader Loading environment from /home/runner/work/key/key/key.core/../key.ui/examples/InformationFlow/SimpleEvoting/simple_evoting.Environment(simple_evoting.Environment__untrustedOutput(int)).JML normal_behavior operation contract.0.key 
23716      DEBUG main            d.u.i.k.p.i.AbstractProblemLoader Environment load took 83.1ns 
23718      INFO  main            d.u.i.k.p.i.AbstractProblemLoader Creating init config 
27675      DEBUG main            d.u.i.k.p.i.AbstractProblemLoader Init config took 3.96s 
27750      INFO  main            d.u.i.k.p.i.AbstractProblemLoader Replaying proof simple_evoting.Environment[simple_evoting.Environment::untrustedOutput(int)].JML normal_behavior operation contract.0 
27754      DEBUG main            d.u.i.k.p.i.IntermediateProofReplayer Proof replay took 14.5ns 
27860      INFO  main            d.u.i.k.p.r.p.TestFile    ... finished proof: closed. 
28052      INFO  main            d.u.i.k.p.r.p.TestFile    Now processing file /home/runner/work/key/key/key.core/../key.ui/examples/InformationFlow/SimpleEvoting/simple_evoting.Environment(simple_evoting.Environment__untrustedInput(int)).JML normal_behavior operation contract.0.key 
28052      INFO  main            d.u.i.k.p.i.AbstractProblemLoader Loading environment from /home/runner/work/key/key/key.core/../key.ui/examples/InformationFlow/SimpleEvoting/simple_evoting.Environment(simple_evoting.Environment__untrustedInput(int)).JML normal_behavior operation contract.0.key 
28053      DEBUG main            d.u.i.k.p.i.AbstractProblemLoader Environment load took 140.71ns 
28055      INFO  main            d.u.i.k.p.i.AbstractProblemLoader Creating init config 
31965      DEBUG main            d.u.i.k.p.i.AbstractProblemLoader Init config took 3.91s 
32042      INFO  main            d.u.i.k.p.i.AbstractProblemLoader Replaying proof simple_evoting.Environment[simple_evoting.Environment::untrustedInput(int)].JML normal_behavior operation contract.0 
32047      DEBUG main            d.u.i.k.p.i.IntermediateProofReplayer Proof replay took 17.4ns 
32158      INFO  main            d.u.i.k.p.r.p.TestFile    ... finished proof: open goal(s) 
32348      INFO  main            d.u.i.k.p.r.p.TestFile    Now processing file /home/runner/work/key/key/key.core/../key.ui/examples/InformationFlow/SimpleEvoting/simple_evoting.Environment(simple_evoting.Environment__untrustedInput()).JML normal_behavior operation contract.0.key 
32349      INFO  main            d.u.i.k.p.i.AbstractProblemLoader Loading environment from /home/runner/work/key/key/key.core/../key.ui/examples/InformationFlow/SimpleEvoting/simple_evoting.Environment(simple_evoting.Environment__untrustedInput()).JML normal_behavior operation contract.0.key 
32349      DEBUG main            d.u.i.k.p.i.AbstractProblemLoader Environment load took 82.5ns 
32350      INFO  main            d.u.i.k.p.i.AbstractProblemLoader Creating init config 
36123      DEBUG main            d.u.i.k.p.i.AbstractProblemLoader Init config took 3.77s 
36192      INFO  main            d.u.i.k.p.i.AbstractProblemLoader Replaying proof simple_evoting.Environment[simple_evoting.Environment::untrustedInput()].JML normal_behavior operation contract.0 
36195      DEBUG main            d.u.i.k.p.i.IntermediateProofReplayer Proof replay took 15.1ns 
36299      INFO  main            d.u.i.k.p.r.p.TestFile    ... finished proof: open goal(s) 
36462      INFO  main            d.u.i.k.p.r.p.TestFile    Now processing file /home/runner/work/key/key/key.core/../key.ui/examples/InformationFlow/SimpleEvoting/simple_evoting.Environment(simple_evoting.Environment___rep()).JML accessible clause.0.key 
36463      INFO  main            d.u.i.k.p.i.AbstractProblemLoader Loading environment from /home/runner/work/key/key/key.core/../key.ui/examples/InformationFlow/SimpleEvoting/simple_evoting.Environment(simple_evoting.Environment___rep()).JML accessible clause.0.key 
36463      DEBUG main            d.u.i.k.p.i.AbstractProblemLoader Environment load took 80.6ns 
36464      INFO  main            d.u.i.k.p.i.AbstractProblemLoader Creating init config 
40261      DEBUG main            d.u.i.k.p.i.AbstractProblemLoader Init config took 3.8s 
40350      INFO  main            d.u.i.k.p.i.AbstractProblemLoader Replaying proof simple_evoting.Environment[simple_evoting.Environment::$rep()].JML accessible clause.0 
40355      DEBUG main            d.u.i.k.p.i.IntermediateProofReplayer Proof replay took 15.4ns 
40459      INFO  main            d.u.i.k.p.r.p.TestFile    ... finished proof: closed. 
40623      INFO  main            d.u.i.k.p.r.p.TestFile    Now processing file /home/runner/work/key/key/key.core/../key.ui/examples/InformationFlow/SimpleEvoting/simple_evoting.SMT(simple_evoting.SMT__send(simple_evoting.Message,int,simple_evoting.Server)).JML normal_behavior operation contract.1.key 
40623      INFO  main            d.u.i.k.p.i.AbstractProblemLoader Loading environment from /home/runner/work/key/key/key.core/../key.ui/examples/InformationFlow/SimpleEvoting/simple_evoting.SMT(simple_evoting.SMT__send(simple_evoting.Message,int,simple_evoting.Server)).JML normal_behavior operation contract.1.key 
40623      DEBUG main            d.u.i.k.p.i.AbstractProblemLoader Environment load took 107.81ns 
40625      INFO  main            d.u.i.k.p.i.AbstractProblemLoader Creating init config 
44410      DEBUG main            d.u.i.k.p.i.AbstractProblemLoader Init config took 3.79s 
44486      INFO  main            d.u.i.k.p.i.AbstractProblemLoader Replaying proof simple_evoting.SMT[simple_evoting.SMT::send(simple_evoting.Message,int,simple_evoting.Server)].JML normal_behavior operation contract.1 
44490      DEBUG main            d.u.i.k.p.i.IntermediateProofReplayer Proof replay took 15.3ns 
55694      INFO  main            d.u.i.k.p.r.p.TestFile    ... finished proof: closed. 
56023      INFO  main            d.u.i.k.p.r.p.TestFile    Now processing file /home/runner/work/key/key/key.core/../key.ui/examples/InformationFlow/SimpleEvoting/simple_evoting.SMT(simple_evoting.SMT__send(simple_evoting.Message,int,simple_evoting.Server)).JML normal_behavior operation contract.0.key 
56024      INFO  main            d.u.i.k.p.i.AbstractProblemLoader Loading environment from /home/runner/work/key/key/key.core/../key.ui/examples/InformationFlow/SimpleEvoting/simple_evoting.SMT(simple_evoting.SMT__send(simple_evoting.Message,int,simple_evoting.Server)).JML normal_behavior operation contract.0.key 
56024      DEBUG main            d.u.i.k.p.i.AbstractProblemLoader Environment load took 85.1ns 
56027      INFO  main            d.u.i.k.p.i.AbstractProblemLoader Creating init config 
59882      DEBUG main            d.u.i.k.p.i.AbstractProblemLoader Init config took 3.85s 
59946      INFO  main            d.u.i.k.p.i.AbstractProblemLoader Replaying proof simple_evoting.SMT[simple_evoting.SMT::send(simple_evoting.Message,int,simple_evoting.Server)].JML normal_behavior operation contract.0 
59949      DEBUG main            d.u.i.k.p.i.IntermediateProofReplayer Proof replay took 15.5ns 
69774      INFO  main            d.u.i.k.p.r.p.TestFile    ... finished proof: closed. 
70023      INFO  main            d.u.i.k.p.r.p.TestFile    Now processing file /home/runner/work/key/key/key.core/../key.ui/examples/InformationFlow/SimpleEvoting/simple_evoting.Message(java.lang.Object___inv_()).JML accessible clause.0.key 
70024      INFO  main            d.u.i.k.p.i.AbstractProblemLoader Loading environment from /home/runner/work/key/key/key.core/../key.ui/examples/InformationFlow/SimpleEvoting/simple_evoting.Message(java.lang.Object___inv_()).JML accessible clause.0.key 
70024      DEBUG main            d.u.i.k.p.i.AbstractProblemLoader Environment load took 75.5ns 
70025      INFO  main            d.u.i.k.p.i.AbstractProblemLoader Creating init config 
73681      DEBUG main            d.u.i.k.p.i.AbstractProblemLoader Init config took 3.66s 
73755      INFO  main            d.u.i.k.p.i.AbstractProblemLoader Replaying proof simple_evoting.Message[java.lang.Object::<inv>()].JML accessible clause.0 
73758      DEBUG main            d.u.i.k.p.i.IntermediateProofReplayer Proof replay took 16.6ns 
73961      INFO  main            d.u.i.k.p.r.p.TestFile    ... finished proof: closed. 
74154      INFO  main            d.u.i.k.p.r.p.TestFile    Now processing file /home/runner/work/key/key/key.core/../key.ui/examples/InformationFlow/SimpleEvoting/simple_evoting.Server(simple_evoting.Server__resultReady()).JML accessible clause.0.key 
74155      INFO  main            d.u.i.k.p.i.AbstractProblemLoader Loading environment from /home/runner/work/key/key/key.core/../key.ui/examples/InformationFlow/SimpleEvoting/simple_evoting.Server(simple_evoting.Server__resultReady()).JML accessible clause.0.key 
74155      DEBUG main            d.u.i.k.p.i.AbstractProblemLoader Environment load took 73.8ns 
74157      INFO  main            d.u.i.k.p.i.AbstractProblemLoader Creating init config 
77858      DEBUG main            d.u.i.k.p.i.AbstractProblemLoader Init config took 3.7s 
77931      INFO  main            d.u.i.k.p.i.AbstractProblemLoader Replaying proof simple_evoting.Server[simple_evoting.Server::resultReady()].JML accessible clause.0 
77935      DEBUG main            d.u.i.k.p.i.IntermediateProofReplayer Proof replay took 15ns 
79644      INFO  main            d.u.i.k.p.r.p.TestFile    ... finished proof: closed. 
79865      INFO  main            d.u.i.k.p.r.p.TestFile    Now processing file /home/runner/work/key/key/key.core/../key.ui/examples/InformationFlow/SimpleEvoting/simple_evoting.Server(simple_evoting.Server__resultReady()).JML normal_behavior operation contract.0.key 
79865      INFO  main            d.u.i.k.p.i.AbstractProblemLoader Loading environment from /home/runner/work/key/key/key.core/../key.ui/examples/InformationFlow/SimpleEvoting/simple_evoting.Server(simple_evoting.Server__resultReady()).JML normal_behavior operation contract.0.key 
79865      DEBUG main            d.u.i.k.p.i.AbstractProblemLoader Environment load took 81.1ns 
79867      INFO  main            d.u.i.k.p.i.AbstractProblemLoader Creating init config 
83516      DEBUG main            d.u.i.k.p.i.AbstractProblemLoader Init config took 3.65s 
83577      INFO  main            d.u.i.k.p.i.AbstractProblemLoader Replaying proof simple_evoting.Server[simple_evoting.Server::resultReady()].JML normal_behavior operation contract.0 
83581      DEBUG main            d.u.i.k.p.i.IntermediateProofReplayer Proof replay took 15.6ns 
84386      INFO  main            d.u.i.k.p.r.p.TestFile    ... finished proof: closed. 
84598      INFO  main            d.u.i.k.p.r.p.TestFile    Now processing file /home/runner/work/key/key/key.core/../key.ui/examples/InformationFlow/SimpleEvoting/simple_evoting.Server(simple_evoting.Server__onSendResult()).JML normal_behavior operation contract.0.key 
84598      INFO  main            d.u.i.k.p.i.AbstractProblemLoader Loading environment from /home/runner/work/key/key/key.core/../key.ui/examples/InformationFlow/SimpleEvoting/simple_evoting.Server(simple_evoting.Server__onSendResult()).JML normal_behavior operation contract.0.key 
84598      DEBUG main            d.u.i.k.p.i.AbstractProblemLoader Environment load took 74.5ns 
84599      INFO  main            d.u.i.k.p.i.AbstractProblemLoader Creating init config 
88190      DEBUG main            d.u.i.k.p.i.AbstractProblemLoader Init config took 3.59s 
88251      INFO  main            d.u.i.k.p.i.AbstractProblemLoader Replaying proof simple_evoting.Server[simple_evoting.Server::onSendResult()].JML normal_behavior operation contract.0 
88259      DEBUG main            d.u.i.k.p.i.IntermediateProofReplayer Proof replay took 16.3ns 
88561      INFO  main            d.u.i.k.p.r.p.TestFile    ... finished proof: closed. 
88773      INFO  main            d.u.i.k.p.r.p.TestFile    Now processing file /home/runner/work/key/key/key.core/../key.ui/examples/InformationFlow/SimpleEvoting/simple_evoting.Server(simple_evoting.Server__onCollectBallot(simple_evoting.Message)).JML normal_behavior operation contract.1.key 
88773      INFO  main            d.u.i.k.p.i.AbstractProblemLoader Loading environment from /home/runner/work/key/key/key.core/../key.ui/examples/InformationFlow/SimpleEvoting/simple_evoting.Server(simple_evoting.Server__onCollectBallot(simple_evoting.Message)).JML normal_behavior operation contract.1.key 
88773      DEBUG main            d.u.i.k.p.i.AbstractProblemLoader Environment load took 72.8ns 
88776      INFO  main            d.u.i.k.p.i.AbstractProblemLoader Creating init config 
92372      DEBUG main            d.u.i.k.p.i.AbstractProblemLoader Init config took 3.6s 
92429      INFO  main            d.u.i.k.p.i.AbstractProblemLoader Replaying proof simple_evoting.Server[simple_evoting.Server::onCollectBallot(simple_evoting.Message)].JML normal_behavior operation contract.1 
92432      DEBUG main            d.u.i.k.p.i.IntermediateProofReplayer Proof replay took 14.9ns 
92737      INFO  main            d.u.i.k.p.r.p.TestFile    ... finished proof: closed. 
92948      INFO  main            d.u.i.k.p.r.p.TestFile    Now processing file /home/runner/work/key/key/key.core/../key.ui/examples/InformationFlow/SimpleEvoting/simple_evoting.Server(simple_evoting.Server__onCollectBallot(simple_evoting.Message)).JML normal_behavior operation contract.0.key 
92948      INFO  main            d.u.i.k.p.i.AbstractProblemLoader Loading environment from /home/runner/work/key/key/key.core/../key.ui/examples/InformationFlow/SimpleEvoting/simple_evoting.Server(simple_evoting.Server__onCollectBallot(simple_evoting.Message)).JML normal_behavior operation contract.0.key 
92948      DEBUG main            d.u.i.k.p.i.AbstractProblemLoader Environment load took 75ns 
92949      INFO  main            d.u.i.k.p.i.AbstractProblemLoader Creating init config 
96586      DEBUG main            d.u.i.k.p.i.AbstractProblemLoader Init config took 3.64s 
96652      INFO  main            d.u.i.k.p.i.AbstractProblemLoader Replaying proof simple_evoting.Server[simple_evoting.Server::onCollectBallot(simple_evoting.Message)].JML normal_behavior operation contract.0 
96655      DEBUG main            d.u.i.k.p.i.IntermediateProofReplayer Proof replay took 19ns 
97490      INFO  main            d.u.i.k.p.r.p.TestFile    ... finished proof: closed. 
97706      INFO  main            d.u.i.k.p.r.p.TestFile    Now processing file /home/runner/work/key/key/key.core/../key.ui/examples/InformationFlow/SimpleEvoting/simple_evoting.Server(java.lang.Object___inv_()).JML accessible clause.0.key 
97707      INFO  main            d.u.i.k.p.i.AbstractProblemLoader Loading environment from /home/runner/work/key/key/key.core/../key.ui/examples/InformationFlow/SimpleEvoting/simple_evoting.Server(java.lang.Object___inv_()).JML accessible clause.0.key 
97707      DEBUG main            d.u.i.k.p.i.AbstractProblemLoader Environment load took 123.51ns 
97708      INFO  main            d.u.i.k.p.i.AbstractProblemLoader Creating init config 
101320     DEBUG main            d.u.i.k.p.i.AbstractProblemLoader Init config took 3.61s 
101377     INFO  main            d.u.i.k.p.i.AbstractProblemLoader Replaying proof simple_evoting.Server[java.lang.Object::<inv>()].JML accessible clause.0 
101380     DEBUG main            d.u.i.k.p.i.IntermediateProofReplayer Proof replay took 17.7ns 
101589     INFO  main            d.u.i.k.p.r.p.TestFile    ... finished proof: closed. 
101843     INFO  main            d.u.i.k.p.r.p.TestFile    Now processing file /home/runner/work/key/key/key.core/../key.ui/examples/InformationFlow/SimpleEvoting/simple_evoting.SMTEnv(simple_evoting.SMTEnv__send(int,int,int,simple_evoting.Server,int)).JML normal_behavior operation contract.0.key 
101843     INFO  main            d.u.i.k.p.i.AbstractProblemLoader Loading environment from /home/runner/work/key/key/key.core/../key.ui/examples/InformationFlow/SimpleEvoting/simple_evoting.SMTEnv(simple_evoting.SMTEnv__send(int,int,int,simple_evoting.Server,int)).JML normal_behavior operation contract.0.key 
101843     DEBUG main            d.u.i.k.p.i.AbstractProblemLoader Environment load took 71.9ns 
101845     INFO  main            d.u.i.k.p.i.AbstractProblemLoader Creating init config 
105467     DEBUG main            d.u.i.k.p.i.AbstractProblemLoader Init config took 3.62s 
105523     INFO  main            d.u.i.k.p.i.AbstractProblemLoader Replaying proof simple_evoting.SMTEnv[simple_evoting.SMTEnv::send(int,int,int,simple_evoting.Server,int)].JML normal_behavior operation contract.0 
105526     DEBUG main            d.u.i.k.p.i.IntermediateProofReplayer Proof replay took 14.7ns 
105930     INFO  main            d.u.i.k.p.r.p.TestFile    ... finished proof: closed. 
106162     INFO  main            d.u.i.k.p.r.p.TestFile    Now processing file /home/runner/work/key/key/key.core/../key.ui/examples/InformationFlow/SimpleEvoting/simple_evoting.NetworkClient(simple_evoting.NetworkClient__send((B,simple_evoting.Server,int)).JML normal_behavior operation contract.0.key 
106162     INFO  main            d.u.i.k.p.i.AbstractProblemLoader Loading environment from /home/runner/work/key/key/key.core/../key.ui/examples/InformationFlow/SimpleEvoting/simple_evoting.NetworkClient(simple_evoting.NetworkClient__send((B,simple_evoting.Server,int)).JML normal_behavior operation contract.0.key 
106162     DEBUG main            d.u.i.k.p.i.AbstractProblemLoader Environment load took 74.6ns 
106163     INFO  main            d.u.i.k.p.i.AbstractProblemLoader Creating init config 
109826     DEBUG main            d.u.i.k.p.i.AbstractProblemLoader Init config took 3.66s 
109882     INFO  main            d.u.i.k.p.i.AbstractProblemLoader Replaying proof simple_evoting.NetworkClient[simple_evoting.NetworkClient::send([B,simple_evoting.Server,int)].JML normal_behavior operation contract.0 
109885     DEBUG main            d.u.i.k.p.i.IntermediateProofReplayer Proof replay took 16.4ns 
109988     INFO  main            d.u.i.k.p.r.p.TestFile    ... finished proof: closed. 
110218     INFO  main            d.u.i.k.p.r.p.TestFile    Now processing file /home/runner/work/key/key/key.core/../key.ui/examples/InformationFlow/SimpleEvoting/simple_evoting.Setup(simple_evoting.Setup__publishResult()).JML normal_behavior operation contract.0.key 
110218     INFO  main            d.u.i.k.p.i.AbstractProblemLoader Loading environment from /home/runner/work/key/key/key.core/../key.ui/examples/InformationFlow/SimpleEvoting/simple_evoting.Setup(simple_evoting.Setup__publishResult()).JML normal_behavior operation contract.0.key 
110218     DEBUG main            d.u.i.k.p.i.AbstractProblemLoader Environment load took 75.5ns 
110220     INFO  main            d.u.i.k.p.i.AbstractProblemLoader Creating init config 
113871     DEBUG main            d.u.i.k.p.i.AbstractProblemLoader Init config took 3.65s 
113944     INFO  main            d.u.i.k.p.i.AbstractProblemLoader Replaying proof simple_evoting.Setup[simple_evoting.Setup::publishResult()].JML normal_behavior operation contract.0 
113947     DEBUG main            d.u.i.k.p.i.IntermediateProofReplayer Proof replay took 15.1ns 
114754     INFO  main            d.u.i.k.p.r.p.TestFile    ... finished proof: closed. 
115000     INFO  main            d.u.i.k.p.r.p.TestFile    Now processing file /home/runner/work/key/key/key.core/../key.ui/examples/InformationFlow/SimpleEvoting/simple_evoting.Setup(simple_evoting.Setup__main()).JML normal_behavior operation contract.0.key 
115001     INFO  main            d.u.i.k.p.i.AbstractProblemLoader Loading environment from /home/runner/work/key/key/key.core/../key.ui/examples/InformationFlow/SimpleEvoting/simple_evoting.Setup(simple_evoting.Setup__main()).JML normal_behavior operation contract.0.key 
115001     DEBUG main            d.u.i.k.p.i.AbstractProblemLoader Environment load took 75.4ns 
115002     INFO  main            d.u.i.k.p.i.AbstractProblemLoader Creating init config 
118706     DEBUG main            d.u.i.k.p.i.AbstractProblemLoader Init config took 3.7s 
118775     INFO  main            d.u.i.k.p.i.AbstractProblemLoader Replaying proof simple_evoting.Setup[simple_evoting.Setup::main()].JML normal_behavior operation contract.0 
118779     DEBUG main            d.u.i.k.p.i.IntermediateProofReplayer Proof replay took 15.3ns 
161331     INFO  main            d.u.i.k.p.r.p.TestFile    ... finished proof: open goal(s) 
161661     INFO  main            d.u.i.k.p.r.p.TestFile    Now processing file /home/runner/work/key/key/key.core/../key.ui/examples/InformationFlow/SimpleEvoting/simple_evoting.Setup(java.lang.Object___inv_()).JML accessible clause.0.key 
161661     INFO  main            d.u.i.k.p.i.AbstractProblemLoader Loading environment from /home/runner/work/key/key/key.core/../key.ui/examples/InformationFlow/SimpleEvoting/simple_evoting.Setup(java.lang.Object___inv_()).JML accessible clause.0.key 
161661     DEBUG main            d.u.i.k.p.i.AbstractProblemLoader Environment load took 79.11ns 
161662     INFO  main            d.u.i.k.p.i.AbstractProblemLoader Creating init config 
165320     DEBUG main            d.u.i.k.p.i.AbstractProblemLoader Init config took 3.66s 
165379     INFO  main            d.u.i.k.p.i.AbstractProblemLoader Replaying proof simple_evoting.Setup[java.lang.Object::<inv>()].JML accessible clause.0 
165382     DEBUG main            d.u.i.k.p.i.IntermediateProofReplayer Proof replay took 15.7ns 
169999     INFO  main            d.u.i.k.p.r.p.TestFile    ... finished proof: closed. 
170405     INFO  main            d.u.i.k.p.r.p.TestFile    Now processing file /home/runner/work/key/key/key.core/../key.ui/examples/InformationFlow/SimpleEvoting/simple_evoting.Voter(simple_evoting.Voter__onSendBallot(simple_evoting.Server)).JML normal_behavior operation contract.1.key 
170405     INFO  main            d.u.i.k.p.i.AbstractProblemLoader Loading environment from /home/runner/work/key/key/key.core/../key.ui/examples/InformationFlow/SimpleEvoting/simple_evoting.Voter(simple_evoting.Voter__onSendBallot(simple_evoting.Server)).JML normal_behavior operation contract.1.key 
170405     DEBUG main            d.u.i.k.p.i.AbstractProblemLoader Environment load took 80ns 
170406     INFO  main            d.u.i.k.p.i.AbstractProblemLoader Creating init config 
174032     DEBUG main            d.u.i.k.p.i.AbstractProblemLoader Init config took 3.63s 
174088     INFO  main            d.u.i.k.p.i.AbstractProblemLoader Replaying proof simple_evoting.Voter[simple_evoting.Voter::onSendBallot(simple_evoting.Server)].JML normal_behavior operation contract.1 
174091     DEBUG main            d.u.i.k.p.i.IntermediateProofReplayer Proof replay took 17.7ns 
179308     INFO  main            d.u.i.k.p.r.p.TestFile    ... finished proof: closed. 
179619     INFO  main            d.u.i.k.p.r.p.TestFile    Now processing file /home/runner/work/key/key/key.core/../key.ui/examples/InformationFlow/SimpleEvoting/simple_evoting.Voter(simple_evoting.Voter__onSendBallot(simple_evoting.Server)).JML normal_behavior operation contract.0.key 
179620     INFO  main            d.u.i.k.p.i.AbstractProblemLoader Loading environment from /home/runner/work/key/key/key.core/../key.ui/examples/InformationFlow/SimpleEvoting/simple_evoting.Voter(simple_evoting.Voter__onSendBallot(simple_evoting.Server)).JML normal_behavior operation contract.0.key 
179620     DEBUG main            d.u.i.k.p.i.AbstractProblemLoader Environment load took 96.91ns 
179621     INFO  main            d.u.i.k.p.i.AbstractProblemLoader Creating init config 
183283     DEBUG main            d.u.i.k.p.i.AbstractProblemLoader Init config took 3.66s 
183343     INFO  main            d.u.i.k.p.i.AbstractProblemLoader Replaying proof simple_evoting.Voter[simple_evoting.Voter::onSendBallot(simple_evoting.Server)].JML normal_behavior operation contract.0 
183345     DEBUG main            d.u.i.k.p.i.IntermediateProofReplayer Proof replay took 17.8ns 
192263     INFO  main            d.u.i.k.p.r.p.TestFile    ... finished proof: closed. 
192585     INFO  main            d.u.i.k.p.r.p.TestFile    Now processing file /home/runner/work/key/key/key.core/../key.ui/examples/InformationFlow/SimpleEvoting/simple_evoting.Voter(java.lang.Object___inv_()).JML accessible clause.0.key 
192585     INFO  main            d.u.i.k.p.i.AbstractProblemLoader Loading environment from /home/runner/work/key/key/key.core/../key.ui/examples/InformationFlow/SimpleEvoting/simple_evoting.Voter(java.lang.Object___inv_()).JML accessible clause.0.key 
192585     DEBUG main            d.u.i.k.p.i.AbstractProblemLoader Environment load took 75ns 
192586     INFO  main            d.u.i.k.p.i.AbstractProblemLoader Creating init config 
196210     DEBUG main            d.u.i.k.p.i.AbstractProblemLoader Init config took 3.62s 
196267     INFO  main            d.u.i.k.p.i.AbstractProblemLoader Replaying proof simple_evoting.Voter[java.lang.Object::<inv>()].JML accessible clause.0 
196270     DEBUG main            d.u.i.k.p.i.IntermediateProofReplayer Proof replay took 19.2ns 
196473     INFO  main            d.u.i.k.p.r.p.TestFile    ... finished proof: closed. 
843128     INFO  Test worker     d.u.i.k.p.r.p.StatisticsFile Returning from test SimpleEvoting 
843132     INFO  Test worker     d.u.i.k.p.r.p.StatisticsFile Running test ToyVoting_nomacro 
426        INFO  Timeout watchdog d.u.i.k.p.r.p.ForkedTestFileRunner Timeout watcher launched (1000 secs.) 
437        WARN  main            d.u.i.k.s.ProofSettings   The settings in /home/runner/.key/proof-settings.props are *not* read. 
478        INFO  main            d.u.i.k.p.r.p.TestFile    Now processing file /home/runner/work/key/key/key.core/../key.ui/examples/InformationFlow/ToyVoting/Voter(Voter__insecure_voting()).Non-interference contract.0.key 
605        INFO  main            d.u.i.k.p.i.AbstractProblemLoader Loading environment from /home/runner/work/key/key/key.core/../key.ui/examples/InformationFlow/ToyVoting/Voter(Voter__insecure_voting()).Non-interference contract.0.key 
638        DEBUG main            d.u.i.k.p.i.AbstractProblemLoader Environment load took 3.38ms 
902        INFO  main            d.u.i.k.p.i.AbstractProblemLoader Creating init config 
1990       DEBUG main            d.u.i.k.j.TypeConverter   No LDT found for Meta 
1991       DEBUG main            d.u.i.k.j.TypeConverter   No LDT found for Meta 
1993       DEBUG main            d.u.i.k.j.TypeConverter   No LDT found for Meta 
1993       DEBUG main            d.u.i.k.j.TypeConverter   No LDT found for Meta 
3784       DEBUG main            d.u.i.k.j.TypeConverter   No LDT found for JavaBigintExpression 
9691       DEBUG main            d.u.i.k.p.i.AbstractProblemLoader Init config took 8.79s 
9853       INFO  main            d.u.i.k.p.i.AbstractProblemLoader Replaying proof Voter[Voter::insecure_voting()].Non-interference contract.0 
9960       DEBUG main            d.u.i.k.p.i.IntermediateProofReplayer Proof replay took 429.12ns 
26481      INFO  main            d.u.i.k.p.r.p.TestFile    ... finished proof: open goal(s) 
26756      INFO  main            d.u.i.k.p.r.p.TestFile    Now processing file /home/runner/work/key/key/key.core/../key.ui/examples/InformationFlow/ToyVoting/Voter(Voter__publishVoterParticipation()).Non-interference contract.0.key 
26756      INFO  main            d.u.i.k.p.i.AbstractProblemLoader Loading environment from /home/runner/work/key/key/key.core/../key.ui/examples/InformationFlow/ToyVoting/Voter(Voter__publishVoterParticipation()).Non-interference contract.0.key 
26757      DEBUG main            d.u.i.k.p.i.AbstractProblemLoader Environment load took 113.21ns 
26759      INFO  main            d.u.i.k.p.i.AbstractProblemLoader Creating init config 
30046      DEBUG main            d.u.i.k.p.i.AbstractProblemLoader Init config took 3.29s 
30122      INFO  main            d.u.i.k.p.i.AbstractProblemLoader Replaying proof Voter[Voter::publishVoterParticipation()].Non-interference contract.0 
30127      DEBUG main            d.u.i.k.p.i.IntermediateProofReplayer Proof replay took 15.3ns 
30534      INFO  main            d.u.i.k.p.r.p.TestFile    ... finished proof: closed. 
30780      INFO  main            d.u.i.k.p.r.p.TestFile    Now processing file /home/runner/work/key/key/key.core/../key.ui/examples/InformationFlow/ToyVoting/Voter(Voter__isValid(int)).Non-interference contract.0.key 
30781      INFO  main            d.u.i.k.p.i.AbstractProblemLoader Loading environment from /home/runner/work/key/key/key.core/../key.ui/examples/InformationFlow/ToyVoting/Voter(Voter__isValid(int)).Non-interference contract.0.key 
30781      DEBUG main            d.u.i.k.p.i.AbstractProblemLoader Environment load took 150.81ns 
30782      INFO  main            d.u.i.k.p.i.AbstractProblemLoader Creating init config 
33819      DEBUG main            d.u.i.k.p.i.AbstractProblemLoader Init config took 3.04s 
33897      INFO  main            d.u.i.k.p.i.AbstractProblemLoader Replaying proof Voter[Voter::isValid(int)].Non-interference contract.0 
33901      DEBUG main            d.u.i.k.p.i.IntermediateProofReplayer Proof replay took 14ns 
34406      INFO  main            d.u.i.k.p.r.p.TestFile    ... finished proof: closed. 
34647      INFO  main            d.u.i.k.p.r.p.TestFile    Now processing file /home/runner/work/key/key/key.core/../key.ui/examples/InformationFlow/ToyVoting/Voter(Voter__sendVote(int)).Non-interference contract.0.key 
34647      INFO  main            d.u.i.k.p.i.AbstractProblemLoader Loading environment from /home/runner/work/key/key/key.core/../key.ui/examples/InformationFlow/ToyVoting/Voter(Voter__sendVote(int)).Non-interference contract.0.key 
34652      DEBUG main            d.u.i.k.p.i.AbstractProblemLoader Environment load took 81.3ns 
34655      INFO  main            d.u.i.k.p.i.AbstractProblemLoader Creating init config 
37685      DEBUG main            d.u.i.k.p.i.AbstractProblemLoader Init config took 3.03s 
37776      INFO  main            d.u.i.k.p.i.AbstractProblemLoader Replaying proof Voter[Voter::sendVote(int)].Non-interference contract.0 
37784      DEBUG main            d.u.i.k.p.i.IntermediateProofReplayer Proof replay took 15.7ns 
38188      INFO  main            d.u.i.k.p.r.p.TestFile    ... finished proof: closed. 
38363      INFO  main            d.u.i.k.p.r.p.TestFile    Now processing file /home/runner/work/key/key/key.core/../key.ui/examples/InformationFlow/ToyVoting/Voter(Voter__inputVote()).Non-interference contract.0.key 
38363      INFO  main            d.u.i.k.p.i.AbstractProblemLoader Loading environment from /home/runner/work/key/key/key.core/../key.ui/examples/InformationFlow/ToyVoting/Voter(Voter__inputVote()).Non-interference contract.0.key 
38364      DEBUG main            d.u.i.k.p.i.AbstractProblemLoader Environment load took 89ns 
38366      INFO  main            d.u.i.k.p.i.AbstractProblemLoader Creating init config 
41355      DEBUG main            d.u.i.k.p.i.AbstractProblemLoader Init config took 2.99s 
41410      INFO  main            d.u.i.k.p.i.AbstractProblemLoader Replaying proof Voter[Voter::inputVote()].Non-interference contract.0 
41413      DEBUG main            d.u.i.k.p.i.IntermediateProofReplayer Proof replay took 15.5ns 
41617      INFO  main            d.u.i.k.p.r.p.TestFile    ... finished proof: closed. 
885107     INFO  Test worker     d.u.i.k.p.r.p.StatisticsFile Returning from test ToyVoting_nomacro 
885109     INFO  Test worker     d.u.i.k.p.r.p.StatisticsFile Running test ConditionalConfidential_nomacro 
885109     INFO  Test worker     d.u.i.k.p.r.p.StatisticsFile Returning from test ConditionalConfidential_nomacro 
885114     INFO  Test worker     d.u.i.k.p.r.p.StatisticsFile Running test SumExample_nomacro 
461        INFO  Timeout watchdog d.u.i.k.p.r.p.ForkedTestFileRunner Timeout watcher launched (1000 secs.) 
490        WARN  main            d.u.i.k.s.ProofSettings   The settings in /home/runner/.key/proof-settings.props are *not* read. 
520        INFO  main            d.u.i.k.p.r.p.TestFile    Now processing file /home/runner/work/key/key/key.core/../key.ui/examples/InformationFlow/Sum/SumExample(SumExample__getSum()).Non-interference contract.0.key 
641        INFO  main            d.u.i.k.p.i.AbstractProblemLoader Loading environment from /home/runner/work/key/key/key.core/../key.ui/examples/InformationFlow/Sum/SumExample(SumExample__getSum()).Non-interference contract.0.key 
662        DEBUG main            d.u.i.k.p.i.AbstractProblemLoader Environment load took 2.09ms 
956        INFO  main            d.u.i.k.p.i.AbstractProblemLoader Creating init config 
2005       DEBUG main            d.u.i.k.j.TypeConverter   No LDT found for Meta 
2006       DEBUG main            d.u.i.k.j.TypeConverter   No LDT found for Meta 
2030       DEBUG main            d.u.i.k.j.TypeConverter   No LDT found for Meta 
2031       DEBUG main            d.u.i.k.j.TypeConverter   No LDT found for Meta 
3761       DEBUG main            d.u.i.k.j.TypeConverter   No LDT found for JavaBigintExpression 
9602       DEBUG main            d.u.i.k.p.i.AbstractProblemLoader Init config took 8.65s 
9753       INFO  main            d.u.i.k.p.i.AbstractProblemLoader Replaying proof SumExample[SumExample::getSum()].Non-interference contract.0 
9831       DEBUG main            d.u.i.k.p.i.IntermediateProofReplayer Proof replay took 572.03ns 
13711      INFO  main            d.u.i.k.p.r.p.TestFile    ... finished proof: closed. 
899252     INFO  Test worker     d.u.i.k.p.r.p.StatisticsFile Returning from test SumExample_nomacro 
899256     INFO  Test worker     d.u.i.k.p.r.p.StatisticsFile Running test ToyBanking_nomacro 
395        INFO  Timeout watchdog d.u.i.k.p.r.p.ForkedTestFileRunner Timeout watcher launched (1000 secs.) 
406        WARN  main            d.u.i.k.s.ProofSettings   The settings in /home/runner/.key/proof-settings.props are *not* read. 
440        INFO  main            d.u.i.k.p.r.p.TestFile    Now processing file /home/runner/work/key/key/key.core/../key.ui/examples/InformationFlow/ToyBanking/banking_example.UserAccount(banking_example.UserAccount__getBankAccount(int)).Non-interference contract.0.key 
601        INFO  main            d.u.i.k.p.i.AbstractProblemLoader Loading environment from /home/runner/work/key/key/key.core/../key.ui/examples/InformationFlow/ToyBanking/banking_example.UserAccount(banking_example.UserAccount__getBankAccount(int)).Non-interference contract.0.key 
623        DEBUG main            d.u.i.k.p.i.AbstractProblemLoader Environment load took 2.69ms 
885        INFO  main            d.u.i.k.p.i.AbstractProblemLoader Creating init config 
2158       DEBUG main            d.u.i.k.j.TypeConverter   No LDT found for Meta 
2158       DEBUG main            d.u.i.k.j.TypeConverter   No LDT found for Meta 
2162       DEBUG main            d.u.i.k.j.TypeConverter   No LDT found for Meta 
2162       DEBUG main            d.u.i.k.j.TypeConverter   No LDT found for Meta 
4034       DEBUG main            d.u.i.k.j.TypeConverter   No LDT found for JavaBigintExpression 
10776      DEBUG main            d.u.i.k.p.i.AbstractProblemLoader Init config took 9.89s 
11019      INFO  main            d.u.i.k.p.i.AbstractProblemLoader Replaying proof banking_example.UserAccount[banking_example.UserAccount::getBankAccount(int)].Non-interference contract.0 
11126      DEBUG main            d.u.i.k.p.i.IntermediateProofReplayer Proof replay took 430.42ns 
15892      INFO  main            d.u.i.k.p.r.p.TestFile    ... finished proof: closed. 
16077      INFO  main            d.u.i.k.p.r.p.TestFile    Now processing file /home/runner/work/key/key/key.core/../key.ui/examples/InformationFlow/ToyBanking/banking_example.BankAccount(banking_example.BankAccount__depositMoney(int)).Non-interference contract.0.key 
16078      INFO  main            d.u.i.k.p.i.AbstractProblemLoader Loading environment from /home/runner/work/key/key/key.core/../key.ui/examples/InformationFlow/ToyBanking/banking_example.BankAccount(banking_example.BankAccount__depositMoney(int)).Non-interference contract.0.key 
16078      DEBUG main            d.u.i.k.p.i.AbstractProblemLoader Environment load took 409.12ns 
16083      INFO  main            d.u.i.k.p.i.AbstractProblemLoader Creating init config 
19940      DEBUG main            d.u.i.k.p.i.AbstractProblemLoader Init config took 3.86s 
20044      INFO  main            d.u.i.k.p.i.AbstractProblemLoader Replaying proof banking_example.BankAccount[banking_example.BankAccount::depositMoney(int)].Non-interference contract.0 
20049      DEBUG main            d.u.i.k.p.i.IntermediateProofReplayer Proof replay took 15.6ns 
21477      INFO  main            d.u.i.k.p.r.p.TestFile    ... finished proof: closed. 
21655      INFO  main            d.u.i.k.p.r.p.TestFile    Now processing file /home/runner/work/key/key/key.core/../key.ui/examples/InformationFlow/ToyBanking/banking_example.BankAccount(banking_example.BankAccount__getBalance()).Non-interference contract.0.key 
21655      INFO  main            d.u.i.k.p.i.AbstractProblemLoader Loading environment from /home/runner/work/key/key/key.core/../key.ui/examples/InformationFlow/ToyBanking/banking_example.BankAccount(banking_example.BankAccount__getBalance()).Non-interference contract.0.key 
21655      DEBUG main            d.u.i.k.p.i.AbstractProblemLoader Environment load took 90.5ns 
21658      INFO  main            d.u.i.k.p.i.AbstractProblemLoader Creating init config 
25411      DEBUG main            d.u.i.k.p.i.AbstractProblemLoader Init config took 3.75s 
25501      INFO  main            d.u.i.k.p.i.AbstractProblemLoader Replaying proof banking_example.BankAccount[banking_example.BankAccount::getBalance()].Non-interference contract.0 
25510      DEBUG main            d.u.i.k.p.i.IntermediateProofReplayer Proof replay took 16.2ns 
25914      INFO  main            d.u.i.k.p.r.p.TestFile    ... finished proof: closed. 
26077      INFO  main            d.u.i.k.p.r.p.TestFile    Now processing file /home/runner/work/key/key/key.core/../key.ui/examples/InformationFlow/ToyBanking/banking_example.BankAccount(banking_example.BankAccount__getId()).Non-interference contract.0.key 
26077      INFO  main            d.u.i.k.p.i.AbstractProblemLoader Loading environment from /home/runner/work/key/key/key.core/../key.ui/examples/InformationFlow/ToyBanking/banking_example.BankAccount(banking_example.BankAccount__getId()).Non-interference contract.0.key 
26077      DEBUG main            d.u.i.k.p.i.AbstractProblemLoader Environment load took 91ns 
26078      INFO  main            d.u.i.k.p.i.AbstractProblemLoader Creating init config 
29670      DEBUG main            d.u.i.k.p.i.AbstractProblemLoader Init config took 3.59s 
29741      INFO  main            d.u.i.k.p.i.AbstractProblemLoader Replaying proof banking_example.BankAccount[banking_example.BankAccount::getId()].Non-interference contract.0 
29745      DEBUG main            d.u.i.k.p.i.IntermediateProofReplayer Proof replay took 15.6ns 
30162      INFO  main            d.u.i.k.p.r.p.TestFile    ... finished proof: closed. 
30360      INFO  main            d.u.i.k.p.r.p.TestFile    Now processing file /home/runner/work/key/key/key.core/../key.ui/examples/InformationFlow/ToyBanking/banking_example.Bank(banking_example.Bank__login(int,(C)).Non-interference contract.0.key 
30360      INFO  main            d.u.i.k.p.i.AbstractProblemLoader Loading environment from /home/runner/work/key/key/key.core/../key.ui/examples/InformationFlow/ToyBanking/banking_example.Bank(banking_example.Bank__login(int,(C)).Non-interference contract.0.key 
30360      DEBUG main            d.u.i.k.p.i.AbstractProblemLoader Environment load took 82.9ns 
30363      INFO  main            d.u.i.k.p.i.AbstractProblemLoader Creating init config 
33943      DEBUG main            d.u.i.k.p.i.AbstractProblemLoader Init config took 3.58s 
34032      INFO  main            d.u.i.k.p.i.AbstractProblemLoader Replaying proof banking_example.Bank[banking_example.Bank::login(int,[C)].Non-interference contract.0 
34036      DEBUG main            d.u.i.k.p.i.IntermediateProofReplayer Proof replay took 14.6ns 
86306      INFO  main            d.u.i.k.p.r.p.TestFile    ... finished proof: open goal(s) 
86690      INFO  main            d.u.i.k.p.r.p.TestFile    Now processing file /home/runner/work/key/key/key.core/../key.ui/examples/InformationFlow/ToyBanking/banking_example2.UserAccount(banking_example2.UserAccount__getBankAccount(int)).Non-interference contract.0.key 
86691      INFO  main            d.u.i.k.p.i.AbstractProblemLoader Loading environment from /home/runner/work/key/key/key.core/../key.ui/examples/InformationFlow/ToyBanking/banking_example2.UserAccount(banking_example2.UserAccount__getBankAccount(int)).Non-interference contract.0.key 
86691      DEBUG main            d.u.i.k.p.i.AbstractProblemLoader Environment load took 156.41ns 
86692      INFO  main            d.u.i.k.p.i.AbstractProblemLoader Creating init config 
90029      DEBUG main            d.u.i.k.p.i.AbstractProblemLoader Init config took 3.34s 
90139      INFO  main            d.u.i.k.p.i.AbstractProblemLoader Replaying proof banking_example2.UserAccount[banking_example2.UserAccount::getBankAccount(int)].Non-interference contract.0 
90145      DEBUG main            d.u.i.k.p.i.IntermediateProofReplayer Proof replay took 17.4ns 
92353      INFO  main            d.u.i.k.p.r.p.TestFile    ... finished proof: closed. 
92710      INFO  main            d.u.i.k.p.r.p.TestFile    Now processing file /home/runner/work/key/key/key.core/../key.ui/examples/InformationFlow/ToyBanking/banking_example2.BankAccount(banking_example2.BankAccount__depositMoney(int)).Non-interference contract.0.key 
92710      INFO  main            d.u.i.k.p.i.AbstractProblemLoader Loading environment from /home/runner/work/key/key/key.core/../key.ui/examples/InformationFlow/ToyBanking/banking_example2.BankAccount(banking_example2.BankAccount__depositMoney(int)).Non-interference contract.0.key 
92711      DEBUG main            d.u.i.k.p.i.AbstractProblemLoader Environment load took 569.93ns 
92712      INFO  main            d.u.i.k.p.i.AbstractProblemLoader Creating init config 
95969      DEBUG main            d.u.i.k.p.i.AbstractProblemLoader Init config took 3.26s 
96032      INFO  main            d.u.i.k.p.i.AbstractProblemLoader Replaying proof banking_example2.BankAccount[banking_example2.BankAccount::depositMoney(int)].Non-interference contract.0 
96036      DEBUG main            d.u.i.k.p.i.IntermediateProofReplayer Proof replay took 16.4ns 
97076      INFO  main            d.u.i.k.p.r.p.TestFile    ... finished proof: closed. 
97262      INFO  main            d.u.i.k.p.r.p.TestFile    Now processing file /home/runner/work/key/key/key.core/../key.ui/examples/InformationFlow/ToyBanking/banking_example2.BankAccount(banking_example2.BankAccount__getBalance()).Non-interference contract.0.key 
97262      INFO  main            d.u.i.k.p.i.AbstractProblemLoader Loading environment from /home/runner/work/key/key/key.core/../key.ui/examples/InformationFlow/ToyBanking/banking_example2.BankAccount(banking_example2.BankAccount__getBalance()).Non-interference contract.0.key 
97262      DEBUG main            d.u.i.k.p.i.AbstractProblemLoader Environment load took 96.11ns 
97263      INFO  main            d.u.i.k.p.i.AbstractProblemLoader Creating init config 
100563     DEBUG main            d.u.i.k.p.i.AbstractProblemLoader Init config took 3.3s 
100622     INFO  main            d.u.i.k.p.i.AbstractProblemLoader Replaying proof banking_example2.BankAccount[banking_example2.BankAccount::getBalance()].Non-interference contract.0 
100625     DEBUG main            d.u.i.k.p.i.IntermediateProofReplayer Proof replay took 15.6ns 
100929     INFO  main            d.u.i.k.p.r.p.TestFile    ... finished proof: closed. 
101126     INFO  main            d.u.i.k.p.r.p.TestFile    Now processing file /home/runner/work/key/key/key.core/../key.ui/examples/InformationFlow/ToyBanking/banking_example2.BankAccount(banking_example2.BankAccount__getId()).Non-interference contract.0.key 
101126     INFO  main            d.u.i.k.p.i.AbstractProblemLoader Loading environment from /home/runner/work/key/key/key.core/../key.ui/examples/InformationFlow/ToyBanking/banking_example2.BankAccount(banking_example2.BankAccount__getId()).Non-interference contract.0.key 
101126     DEBUG main            d.u.i.k.p.i.AbstractProblemLoader Environment load took 125.41ns 
101127     INFO  main            d.u.i.k.p.i.AbstractProblemLoader Creating init config 
104425     DEBUG main            d.u.i.k.p.i.AbstractProblemLoader Init config took 3.3s 
104484     INFO  main            d.u.i.k.p.i.AbstractProblemLoader Replaying proof banking_example2.BankAccount[banking_example2.BankAccount::getId()].Non-interference contract.0 
104488     DEBUG main            d.u.i.k.p.i.IntermediateProofReplayer Proof replay took 18.3ns 
104791     INFO  main            d.u.i.k.p.r.p.TestFile    ... finished proof: closed. 
1004407    INFO  Test worker     d.u.i.k.p.r.p.StatisticsFile Returning from test ToyBanking_nomacro 
1004411    INFO  Test worker     d.u.i.k.p.r.p.StatisticsFile Running test BlockContracts_nomacro 
417        INFO  Timeout watchdog d.u.i.k.p.r.p.ForkedTestFileRunner Timeout watcher launched (1000 secs.) 
421        WARN  main            d.u.i.k.s.ProofSettings   The settings in /home/runner/.key/proof-settings.props are *not* read. 
476        INFO  main            d.u.i.k.p.r.p.TestFile    Now processing file /home/runner/work/key/key/key.core/../key.ui/examples/InformationFlow/BlockContracts/contract.IFBlockExamples(contract.IFBlockExamples__secure_5()).Non-interference contract.0.key 
614        INFO  main            d.u.i.k.p.i.AbstractProblemLoader Loading environment from /home/runner/work/key/key/key.core/../key.ui/examples/InformationFlow/BlockContracts/contract.IFBlockExamples(contract.IFBlockExamples__secure_5()).Non-interference contract.0.key 
641        DEBUG main            d.u.i.k.p.i.AbstractProblemLoader Environment load took 2.53ms 
891        INFO  main            d.u.i.k.p.i.AbstractProblemLoader Creating init config 
1874       DEBUG main            d.u.i.k.j.TypeConverter   No LDT found for Meta 
1876       DEBUG main            d.u.i.k.j.TypeConverter   No LDT found for Meta 
1879       DEBUG main            d.u.i.k.j.TypeConverter   No LDT found for Meta 
1880       DEBUG main            d.u.i.k.j.TypeConverter   No LDT found for Meta 
3493       DEBUG main            d.u.i.k.j.TypeConverter   No LDT found for JavaBigintExpression 
9543       DEBUG main            d.u.i.k.p.i.AbstractProblemLoader Init config took 8.65s 
9699       INFO  main            d.u.i.k.p.i.AbstractProblemLoader Replaying proof contract.IFBlockExamples[contract.IFBlockExamples::secure_5()].Non-interference contract.0 
9793       DEBUG main            d.u.i.k.p.i.IntermediateProofReplayer Proof replay took 457.02ns 
11424      INFO  main            d.u.i.k.p.r.p.TestFile    ... finished proof: closed. 
11583      INFO  main            d.u.i.k.p.r.p.TestFile    Now processing file /home/runner/work/key/key/key.core/../key.ui/examples/InformationFlow/BlockContracts/contract.IFBlockExamples(contract.IFBlockExamples__block_no_return_secure(int)).Non-interference contract.0.key 
11584      INFO  main            d.u.i.k.p.i.AbstractProblemLoader Loading environment from /home/runner/work/key/key/key.core/../key.ui/examples/InformationFlow/BlockContracts/contract.IFBlockExamples(contract.IFBlockExamples__block_no_return_secure(int)).Non-interference contract.0.key 
11584      DEBUG main            d.u.i.k.p.i.AbstractProblemLoader Environment load took 413.02ns 
11587      INFO  main            d.u.i.k.p.i.AbstractProblemLoader Creating init config 
15178      DEBUG main            d.u.i.k.p.i.AbstractProblemLoader Init config took 3.59s 
15296      INFO  main            d.u.i.k.p.i.AbstractProblemLoader Replaying proof contract.IFBlockExamples[contract.IFBlockExamples::block_no_return_secure(int)].Non-interference contract.0 
15305      DEBUG main            d.u.i.k.p.i.IntermediateProofReplayer Proof replay took 16.2ns 
16015      INFO  main            d.u.i.k.p.r.p.TestFile    ... finished proof: closed. 
16202      INFO  main            d.u.i.k.p.r.p.TestFile    Now processing file /home/runner/work/key/key/key.core/../key.ui/examples/InformationFlow/BlockContracts/contract.IFBlockExamples(contract.IFBlockExamples__while_block_insecure(int)).Non-interference contract.0.key 
16202      INFO  main            d.u.i.k.p.i.AbstractProblemLoader Loading environment from /home/runner/work/key/key/key.core/../key.ui/examples/InformationFlow/BlockContracts/contract.IFBlockExamples(contract.IFBlockExamples__while_block_insecure(int)).Non-interference contract.0.key 
16203      DEBUG main            d.u.i.k.p.i.AbstractProblemLoader Environment load took 127.01ns 
16207      INFO  main            d.u.i.k.p.i.AbstractProblemLoader Creating init config 
19588      DEBUG main            d.u.i.k.p.i.AbstractProblemLoader Init config took 3.38s 
19695      INFO  main            d.u.i.k.p.i.AbstractProblemLoader Replaying proof contract.IFBlockExamples[contract.IFBlockExamples::while_block_insecure(int)].Non-interference contract.0 
19702      DEBUG main            d.u.i.k.p.i.IntermediateProofReplayer Proof replay took 15.5ns 
21524      INFO  main            d.u.i.k.p.r.p.TestFile    ... finished proof: open goal(s) 
21717      INFO  main            d.u.i.k.p.r.p.TestFile    Now processing file /home/runner/work/key/key/key.core/../key.ui/examples/InformationFlow/BlockContracts/contract.IFBlockExamples(contract.IFBlockExamples__while_block_secure(int)).Non-interference contract.0.key 
21717      INFO  main            d.u.i.k.p.i.AbstractProblemLoader Loading environment from /home/runner/work/key/key/key.core/../key.ui/examples/InformationFlow/BlockContracts/contract.IFBlockExamples(contract.IFBlockExamples__while_block_secure(int)).Non-interference contract.0.key 
21718      DEBUG main            d.u.i.k.p.i.AbstractProblemLoader Environment load took 682.34ns 
21720      INFO  main            d.u.i.k.p.i.AbstractProblemLoader Creating init config 
24928      DEBUG main            d.u.i.k.p.i.AbstractProblemLoader Init config took 3.21s 
24985      INFO  main            d.u.i.k.p.i.AbstractProblemLoader Replaying proof contract.IFBlockExamples[contract.IFBlockExamples::while_block_secure(int)].Non-interference contract.0 
24989      DEBUG main            d.u.i.k.p.i.IntermediateProofReplayer Proof replay took 15.8ns 
26497      INFO  main            d.u.i.k.p.r.p.TestFile    ... finished proof: closed. 
26711      INFO  main            d.u.i.k.p.r.p.TestFile    Now processing file /home/runner/work/key/key/key.core/../key.ui/examples/InformationFlow/BlockContracts/contract.IFBlockExamples(contract.IFBlockExamples__block_while_secure(int)).Non-interference contract.0.key 
26712      INFO  main            d.u.i.k.p.i.AbstractProblemLoader Loading environment from /home/runner/work/key/key/key.core/../key.ui/examples/InformationFlow/BlockContracts/contract.IFBlockExamples(contract.IFBlockExamples__block_while_secure(int)).Non-interference contract.0.key 
26712      DEBUG main            d.u.i.k.p.i.AbstractProblemLoader Environment load took 77.2ns 
26716      INFO  main            d.u.i.k.p.i.AbstractProblemLoader Creating init config 
30001      DEBUG main            d.u.i.k.p.i.AbstractProblemLoader Init config took 3.29s 
30058      INFO  main            d.u.i.k.p.i.AbstractProblemLoader Replaying proof contract.IFBlockExamples[contract.IFBlockExamples::block_while_secure(int)].Non-interference contract.0 
30062      DEBUG main            d.u.i.k.p.i.IntermediateProofReplayer Proof replay took 14.8ns 
31872      INFO  main            d.u.i.k.p.r.p.TestFile    ... finished proof: closed. 
32095      INFO  main            d.u.i.k.p.r.p.TestFile    Now processing file /home/runner/work/key/key/key.core/../key.ui/examples/InformationFlow/BlockContracts/contract.IFBlockExamples(contract.IFBlockExamples__insecure_4(int)).Non-interference contract.0.key 
32095      INFO  main            d.u.i.k.p.i.AbstractProblemLoader Loading environment from /home/runner/work/key/key/key.core/../key.ui/examples/InformationFlow/BlockContracts/contract.IFBlockExamples(contract.IFBlockExamples__insecure_4(int)).Non-interference contract.0.key 
32095      DEBUG main            d.u.i.k.p.i.AbstractProblemLoader Environment load took 78ns 
32096      INFO  main            d.u.i.k.p.i.AbstractProblemLoader Creating init config 
35257      DEBUG main            d.u.i.k.p.i.AbstractProblemLoader Init config took 3.16s 
35312      INFO  main            d.u.i.k.p.i.AbstractProblemLoader Replaying proof contract.IFBlockExamples[contract.IFBlockExamples::insecure_4(int)].Non-interference contract.0 
35316      DEBUG main            d.u.i.k.p.i.IntermediateProofReplayer Proof replay took 15.5ns 
37843      INFO  main            d.u.i.k.p.r.p.TestFile    ... finished proof: open goal(s) 
38146      INFO  main            d.u.i.k.p.r.p.TestFile    Now processing file /home/runner/work/key/key/key.core/../key.ui/examples/InformationFlow/BlockContracts/contract.IFBlockExamples(contract.IFBlockExamples__insecure_3(int)).Non-interference contract.0.key 
38146      INFO  main            d.u.i.k.p.i.AbstractProblemLoader Loading environment from /home/runner/work/key/key/key.core/../key.ui/examples/InformationFlow/BlockContracts/contract.IFBlockExamples(contract.IFBlockExamples__insecure_3(int)).Non-interference contract.0.key 
38147      DEBUG main            d.u.i.k.p.i.AbstractProblemLoader Environment load took 108.11ns 
38148      INFO  main            d.u.i.k.p.i.AbstractProblemLoader Creating init config 
41259      DEBUG main            d.u.i.k.p.i.AbstractProblemLoader Init config took 3.11s 
41312      INFO  main            d.u.i.k.p.i.AbstractProblemLoader Replaying proof contract.IFBlockExamples[contract.IFBlockExamples::insecure_3(int)].Non-interference contract.0 
41316      DEBUG main            d.u.i.k.p.i.IntermediateProofReplayer Proof replay took 17.1ns 
43939      INFO  main            d.u.i.k.p.r.p.TestFile    ... finished proof: open goal(s) 
44227      INFO  main            d.u.i.k.p.r.p.TestFile    Now processing file /home/runner/work/key/key/key.core/../key.ui/examples/InformationFlow/BlockContracts/contract.IFBlockExamples(contract.IFBlockExamples__secure_3(int)).Non-interference contract.0.key 
44227      INFO  main            d.u.i.k.p.i.AbstractProblemLoader Loading environment from /home/runner/work/key/key/key.core/../key.ui/examples/InformationFlow/BlockContracts/contract.IFBlockExamples(contract.IFBlockExamples__secure_3(int)).Non-interference contract.0.key 
44230      DEBUG main            d.u.i.k.p.i.AbstractProblemLoader Environment load took 97.01ns 
44231      INFO  main            d.u.i.k.p.i.AbstractProblemLoader Creating init config 
47408      DEBUG main            d.u.i.k.p.i.AbstractProblemLoader Init config took 3.18s 
47459      INFO  main            d.u.i.k.p.i.AbstractProblemLoader Replaying proof contract.IFBlockExamples[contract.IFBlockExamples::secure_3(int)].Non-interference contract.0 
47463      DEBUG main            d.u.i.k.p.i.IntermediateProofReplayer Proof replay took 14.8ns 
49675      INFO  main            d.u.i.k.p.r.p.TestFile    ... finished proof: closed. 
49962      INFO  main            d.u.i.k.p.r.p.TestFile    Now processing file /home/runner/work/key/key/key.core/../key.ui/examples/InformationFlow/BlockContracts/contract.IFBlockExamples(contract.IFBlockExamples__secure_2(int)).Non-interference contract.0.key 
49963      INFO  main            d.u.i.k.p.i.AbstractProblemLoader Loading environment from /home/runner/work/key/key/key.core/../key.ui/examples/InformationFlow/BlockContracts/contract.IFBlockExamples(contract.IFBlockExamples__secure_2(int)).Non-interference contract.0.key 
49964      DEBUG main            d.u.i.k.p.i.AbstractProblemLoader Environment load took 144.01ns 
49965      INFO  main            d.u.i.k.p.i.AbstractProblemLoader Creating init config 
53013      DEBUG main            d.u.i.k.p.i.AbstractProblemLoader Init config took 3.05s 
53086      INFO  main            d.u.i.k.p.i.AbstractProblemLoader Replaying proof contract.IFBlockExamples[contract.IFBlockExamples::secure_2(int)].Non-interference contract.0 
53091      DEBUG main            d.u.i.k.p.i.IntermediateProofReplayer Proof replay took 16.5ns 
55942      INFO  main            d.u.i.k.p.r.p.TestFile    ... finished proof: closed. 
56237      INFO  main            d.u.i.k.p.r.p.TestFile    Now processing file /home/runner/work/key/key/key.core/../key.ui/examples/InformationFlow/BlockContracts/contract.IFBlockExamples(contract.IFBlockExamples__secure_8(int)).Non-interference contract.0.key 
56238      INFO  main            d.u.i.k.p.i.AbstractProblemLoader Loading environment from /home/runner/work/key/key/key.core/../key.ui/examples/InformationFlow/BlockContracts/contract.IFBlockExamples(contract.IFBlockExamples__secure_8(int)).Non-interference contract.0.key 
56238      DEBUG main            d.u.i.k.p.i.AbstractProblemLoader Environment load took 80.6ns 
56239      INFO  main            d.u.i.k.p.i.AbstractProblemLoader Creating init config 
59324      DEBUG main            d.u.i.k.p.i.AbstractProblemLoader Init config took 3.09s 
59375      INFO  main            d.u.i.k.p.i.AbstractProblemLoader Replaying proof contract.IFBlockExamples[contract.IFBlockExamples::secure_8(int)].Non-interference contract.0 
59377      DEBUG main            d.u.i.k.p.i.IntermediateProofReplayer Proof replay took 17ns 
60181      INFO  main            d.u.i.k.p.r.p.TestFile    ... finished proof: closed. 
60447      INFO  main            d.u.i.k.p.r.p.TestFile    Now processing file /home/runner/work/key/key/key.core/../key.ui/examples/InformationFlow/BlockContracts/contract.IFBlockExamples(contract.IFBlockExamples__secure_7(int)).Non-interference contract.0.key 
60448      INFO  main            d.u.i.k.p.i.AbstractProblemLoader Loading environment from /home/runner/work/key/key/key.core/../key.ui/examples/InformationFlow/BlockContracts/contract.IFBlockExamples(contract.IFBlockExamples__secure_7(int)).Non-interference contract.0.key 
60448      DEBUG main            d.u.i.k.p.i.AbstractProblemLoader Environment load took 546.63ns 
60449      INFO  main            d.u.i.k.p.i.AbstractProblemLoader Creating init config 
63518      DEBUG main            d.u.i.k.p.i.AbstractProblemLoader Init config took 3.07s 
63569      INFO  main            d.u.i.k.p.i.AbstractProblemLoader Replaying proof contract.IFBlockExamples[contract.IFBlockExamples::secure_7(int)].Non-interference contract.0 
63572      DEBUG main            d.u.i.k.p.i.IntermediateProofReplayer Proof replay took 15.3ns 
64176      INFO  main            d.u.i.k.p.r.p.TestFile    ... finished proof: closed. 
64393      INFO  main            d.u.i.k.p.r.p.TestFile    Now processing file /home/runner/work/key/key/key.core/../key.ui/examples/InformationFlow/BlockContracts/contract.IFBlockExamples(contract.IFBlockExamples__secure_6(int)).Non-interference contract.0.key 
64393      INFO  main            d.u.i.k.p.i.AbstractProblemLoader Loading environment from /home/runner/work/key/key/key.core/../key.ui/examples/InformationFlow/BlockContracts/contract.IFBlockExamples(contract.IFBlockExamples__secure_6(int)).Non-interference contract.0.key 
64393      DEBUG main            d.u.i.k.p.i.AbstractProblemLoader Environment load took 281.01ns 
64394      INFO  main            d.u.i.k.p.i.AbstractProblemLoader Creating init config 
67469      DEBUG main            d.u.i.k.p.i.AbstractProblemLoader Init config took 3.07s 
67517      INFO  main            d.u.i.k.p.i.AbstractProblemLoader Replaying proof contract.IFBlockExamples[contract.IFBlockExamples::secure_6(int)].Non-interference contract.0 
67520      DEBUG main            d.u.i.k.p.i.IntermediateProofReplayer Proof replay took 16.8ns 
68024      INFO  main            d.u.i.k.p.r.p.TestFile    ... finished proof: closed. 
68250      INFO  main            d.u.i.k.p.r.p.TestFile    Now processing file /home/runner/work/key/key/key.core/../key.ui/examples/InformationFlow/BlockContracts/contract.IFBlockExamples(contract.IFBlockExamples__insecure_1(int)).Non-interference contract.0.key 
68251      INFO  main            d.u.i.k.p.i.AbstractProblemLoader Loading environment from /home/runner/work/key/key/key.core/../key.ui/examples/InformationFlow/BlockContracts/contract.IFBlockExamples(contract.IFBlockExamples__insecure_1(int)).Non-interference contract.0.key 
68252      DEBUG main            d.u.i.k.p.i.AbstractProblemLoader Environment load took 687.44ns 
68253      INFO  main            d.u.i.k.p.i.AbstractProblemLoader Creating init config 
71348      DEBUG main            d.u.i.k.p.i.AbstractProblemLoader Init config took 3.1s 
71394      INFO  main            d.u.i.k.p.i.AbstractProblemLoader Replaying proof contract.IFBlockExamples[contract.IFBlockExamples::insecure_1(int)].Non-interference contract.0 
71397      DEBUG main            d.u.i.k.p.i.IntermediateProofReplayer Proof replay took 15.5ns 
72103      INFO  main            d.u.i.k.p.r.p.TestFile    ... finished proof: open goal(s) 
72316      INFO  main            d.u.i.k.p.r.p.TestFile    Now processing file /home/runner/work/key/key/key.core/../key.ui/examples/InformationFlow/BlockContracts/contract.IFBlockExamples(contract.IFBlockExamples__secure_4(int)).Non-interference contract.0.key 
72316      INFO  main            d.u.i.k.p.i.AbstractProblemLoader Loading environment from /home/runner/work/key/key/key.core/../key.ui/examples/InformationFlow/BlockContracts/contract.IFBlockExamples(contract.IFBlockExamples__secure_4(int)).Non-interference contract.0.key 
72316      DEBUG main            d.u.i.k.p.i.AbstractProblemLoader Environment load took 71.1ns 
72317      INFO  main            d.u.i.k.p.i.AbstractProblemLoader Creating init config 
75368      DEBUG main            d.u.i.k.p.i.AbstractProblemLoader Init config took 3.05s 
75431      INFO  main            d.u.i.k.p.i.AbstractProblemLoader Replaying proof contract.IFBlockExamples[contract.IFBlockExamples::secure_4(int)].Non-interference contract.0 
75434      DEBUG main            d.u.i.k.p.i.IntermediateProofReplayer Proof replay took 17.1ns 
76138      INFO  main            d.u.i.k.p.r.p.TestFile    ... finished proof: closed. 
76385      INFO  main            d.u.i.k.p.r.p.TestFile    Now processing file /home/runner/work/key/key/key.core/../key.ui/examples/InformationFlow/BlockContracts/contract.IFBlockExamples(contract.IFBlockExamples__secure_1(int)).Non-interference contract.0.key 
76385      INFO  main            d.u.i.k.p.i.AbstractProblemLoader Loading environment from /home/runner/work/key/key/key.core/../key.ui/examples/InformationFlow/BlockContracts/contract.IFBlockExamples(contract.IFBlockExamples__secure_1(int)).Non-interference contract.0.key 
76385      DEBUG main            d.u.i.k.p.i.AbstractProblemLoader Environment load took 72.8ns 
76387      INFO  main            d.u.i.k.p.i.AbstractProblemLoader Creating init config 
79525      DEBUG main            d.u.i.k.p.i.AbstractProblemLoader Init config took 3.14s 
79577      INFO  main            d.u.i.k.p.i.AbstractProblemLoader Replaying proof contract.IFBlockExamples[contract.IFBlockExamples::secure_1(int)].Non-interference contract.0 
79580      DEBUG main            d.u.i.k.p.i.IntermediateProofReplayer Proof replay took 17.2ns 
80484      INFO  main            d.u.i.k.p.r.p.TestFile    ... finished proof: closed. 
80717      INFO  main            d.u.i.k.p.r.p.TestFile    Now processing file /home/runner/work/key/key/key.core/../key.ui/examples/InformationFlow/BlockContracts/contract.IFEfficiencyExamples(contract.IFEfficiencyExamples__mWithoutBlockContract()).Non-interference contract.0.key 
80718      INFO  main            d.u.i.k.p.i.AbstractProblemLoader Loading environment from /home/runner/work/key/key/key.core/../key.ui/examples/InformationFlow/BlockContracts/contract.IFEfficiencyExamples(contract.IFEfficiencyExamples__mWithoutBlockContract()).Non-interference contract.0.key 
80718      DEBUG main            d.u.i.k.p.i.AbstractProblemLoader Environment load took 160.31ns 
80719      INFO  main            d.u.i.k.p.i.AbstractProblemLoader Creating init config 
83790      DEBUG main            d.u.i.k.p.i.AbstractProblemLoader Init config took 3.07s 
83844      INFO  main            d.u.i.k.p.i.AbstractProblemLoader Replaying proof contract.IFEfficiencyExamples[contract.IFEfficiencyExamples::mWithoutBlockContract()].Non-interference contract.0 
83848      DEBUG main            d.u.i.k.p.i.IntermediateProofReplayer Proof replay took 15.9ns 
87381      INFO  main            d.u.i.k.p.r.p.TestFile    ... finished proof: closed. 
87686      INFO  main            d.u.i.k.p.r.p.TestFile    Now processing file /home/runner/work/key/key/key.core/../key.ui/examples/InformationFlow/BlockContracts/contract.IFEfficiencyExamples(contract.IFEfficiencyExamples__mWithBlockContract()).Non-interference contract.0.key 
87687      INFO  main            d.u.i.k.p.i.AbstractProblemLoader Loading environment from /home/runner/work/key/key/key.core/../key.ui/examples/InformationFlow/BlockContracts/contract.IFEfficiencyExamples(contract.IFEfficiencyExamples__mWithBlockContract()).Non-interference contract.0.key 
87687      DEBUG main            d.u.i.k.p.i.AbstractProblemLoader Environment load took 81.91ns 
87688      INFO  main            d.u.i.k.p.i.AbstractProblemLoader Creating init config 
90715      DEBUG main            d.u.i.k.p.i.AbstractProblemLoader Init config took 3.03s 
90759      INFO  main            d.u.i.k.p.i.AbstractProblemLoader Replaying proof contract.IFEfficiencyExamples[contract.IFEfficiencyExamples::mWithBlockContract()].Non-interference contract.0 
90763      DEBUG main            d.u.i.k.p.i.IntermediateProofReplayer Proof replay took 15ns 
93784      INFO  main            d.u.i.k.p.r.p.TestFile    ... finished proof: closed. 
1098661    INFO  Test worker     d.u.i.k.p.r.p.StatisticsFile Returning from test BlockContracts_nomacro 
1098664    INFO  Test worker     d.u.i.k.p.r.p.StatisticsFile Running test MethodContracts_nomacro 
458        INFO  Timeout watchdog d.u.i.k.p.r.p.ForkedTestFileRunner Timeout watcher launched (1000 secs.) 
467        WARN  main            d.u.i.k.s.ProofSettings   The settings in /home/runner/.key/proof-settings.props are *not* read. 
513        INFO  main            d.u.i.k.p.r.p.TestFile    Now processing file /home/runner/work/key/key/key.core/../key.ui/examples/InformationFlow/MethodContracts/contract.IFMethodContract(contract.IFMethodContract__secure_recursion_2((I,int)).Non-interference contract.0.key 
644        INFO  main            d.u.i.k.p.i.AbstractProblemLoader Loading environment from /home/runner/work/key/key/key.core/../key.ui/examples/InformationFlow/MethodContracts/contract.IFMethodContract(contract.IFMethodContract__secure_recursion_2((I,int)).Non-interference contract.0.key 
680        DEBUG main            d.u.i.k.p.i.AbstractProblemLoader Environment load took 2.24ms 
943        INFO  main            d.u.i.k.p.i.AbstractProblemLoader Creating init config 
2007       DEBUG main            d.u.i.k.j.TypeConverter   No LDT found for Meta 
2007       DEBUG main            d.u.i.k.j.TypeConverter   No LDT found for Meta 
2011       DEBUG main            d.u.i.k.j.TypeConverter   No LDT found for Meta 
2011       DEBUG main            d.u.i.k.j.TypeConverter   No LDT found for Meta 
3880       DEBUG main            d.u.i.k.j.TypeConverter   No LDT found for JavaBigintExpression 
10095      DEBUG main            d.u.i.k.p.i.AbstractProblemLoader Init config took 9.15s 
10262      INFO  main            d.u.i.k.p.i.AbstractProblemLoader Replaying proof contract.IFMethodContract[contract.IFMethodContract::secure_recursion_2([I,int)].Non-interference contract.0 
10349      DEBUG main            d.u.i.k.p.i.IntermediateProofReplayer Proof replay took 483.83ns 
14994      INFO  main            d.u.i.k.p.r.p.TestFile    ... finished proof: closed. 
15190      INFO  main            d.u.i.k.p.r.p.TestFile    Now processing file /home/runner/work/key/key/key.core/../key.ui/examples/InformationFlow/MethodContracts/contract.IFMethodContract(contract.IFMethodContract__secure_recursion(int)).Non-interference contract.0.key 
15190      INFO  main            d.u.i.k.p.i.AbstractProblemLoader Loading environment from /home/runner/work/key/key/key.core/../key.ui/examples/InformationFlow/MethodContracts/contract.IFMethodContract(contract.IFMethodContract__secure_recursion(int)).Non-interference contract.0.key 
15191      DEBUG main            d.u.i.k.p.i.AbstractProblemLoader Environment load took 395.92ns 
15197      INFO  main            d.u.i.k.p.i.AbstractProblemLoader Creating init config 
18699      DEBUG main            d.u.i.k.p.i.AbstractProblemLoader Init config took 3.5s 
18766      INFO  main            d.u.i.k.p.i.AbstractProblemLoader Replaying proof contract.IFMethodContract[contract.IFMethodContract::secure_recursion(int)].Non-interference contract.0 
18772      DEBUG main            d.u.i.k.p.i.IntermediateProofReplayer Proof replay took 16.7ns 
19277      INFO  main            d.u.i.k.p.r.p.TestFile    ... finished proof: closed. 
19445      INFO  main            d.u.i.k.p.r.p.TestFile    Now processing file /home/runner/work/key/key/key.core/../key.ui/examples/InformationFlow/MethodContracts/contract.IFMethodContract(contract.IFMethodContract__secure_catch_exception()).Non-interference contract.0.key 
19445      INFO  main            d.u.i.k.p.i.AbstractProblemLoader Loading environment from /home/runner/work/key/key/key.core/../key.ui/examples/InformationFlow/MethodContracts/contract.IFMethodContract(contract.IFMethodContract__secure_catch_exception()).Non-interference contract.0.key 
19445      DEBUG main            d.u.i.k.p.i.AbstractProblemLoader Environment load took 95.91ns 
19447      INFO  main            d.u.i.k.p.i.AbstractProblemLoader Creating init config 
22877      DEBUG main            d.u.i.k.p.i.AbstractProblemLoader Init config took 3.43s 
22947      INFO  main            d.u.i.k.p.i.AbstractProblemLoader Replaying proof contract.IFMethodContract[contract.IFMethodContract::secure_catch_exception()].Non-interference contract.0 
22952      DEBUG main            d.u.i.k.p.i.IntermediateProofReplayer Proof replay took 13.9ns 
23356      INFO  main            d.u.i.k.p.r.p.TestFile    ... finished proof: closed. 
23518      INFO  main            d.u.i.k.p.r.p.TestFile    Now processing file /home/runner/work/key/key/key.core/../key.ui/examples/InformationFlow/MethodContracts/contract.IFMethodContract(contract.IFMethodContract__n6()).Non-interference contract.0.key 
23518      INFO  main            d.u.i.k.p.i.AbstractProblemLoader Loading environment from /home/runner/work/key/key/key.core/../key.ui/examples/InformationFlow/MethodContracts/contract.IFMethodContract(contract.IFMethodContract__n6()).Non-interference contract.0.key 
23518      DEBUG main            d.u.i.k.p.i.AbstractProblemLoader Environment load took 83.6ns 
23520      INFO  main            d.u.i.k.p.i.AbstractProblemLoader Creating init config 
26852      DEBUG main            d.u.i.k.p.i.AbstractProblemLoader Init config took 3.33s 
26911      INFO  main            d.u.i.k.p.i.AbstractProblemLoader Replaying proof contract.IFMethodContract[contract.IFMethodContract::n6()].Non-interference contract.0 
26915      DEBUG main            d.u.i.k.p.i.IntermediateProofReplayer Proof replay took 15.1ns 
27118      INFO  main            d.u.i.k.p.r.p.TestFile    ... finished proof: closed. 
27269      INFO  main            d.u.i.k.p.r.p.TestFile    Now processing file /home/runner/work/key/key/key.core/../key.ui/examples/InformationFlow/MethodContracts/contract.IFMethodContract(contract.IFMethodContract__secure_n6()).Non-interference contract.0.key 
27269      INFO  main            d.u.i.k.p.i.AbstractProblemLoader Loading environment from /home/runner/work/key/key/key.core/../key.ui/examples/InformationFlow/MethodContracts/contract.IFMethodContract(contract.IFMethodContract__secure_n6()).Non-interference contract.0.key 
27270      DEBUG main            d.u.i.k.p.i.AbstractProblemLoader Environment load took 76.9ns 
27272      INFO  main            d.u.i.k.p.i.AbstractProblemLoader Creating init config 
30573      DEBUG main            d.u.i.k.p.i.AbstractProblemLoader Init config took 3.3s 
30630      INFO  main            d.u.i.k.p.i.AbstractProblemLoader Replaying proof contract.IFMethodContract[contract.IFMethodContract::secure_n6()].Non-interference contract.0 
30634      DEBUG main            d.u.i.k.p.i.IntermediateProofReplayer Proof replay took 17ns 
30838      INFO  main            d.u.i.k.p.r.p.TestFile    ... finished proof: closed. 
30996      INFO  main            d.u.i.k.p.r.p.TestFile    Now processing file /home/runner/work/key/key/key.core/../key.ui/examples/InformationFlow/MethodContracts/contract.IFMethodContract(contract.IFMethodContract__secure_array_param((I,int)).Non-interference contract.0.key 
30997      INFO  main            d.u.i.k.p.i.AbstractProblemLoader Loading environment from /home/runner/work/key/key/key.core/../key.ui/examples/InformationFlow/MethodContracts/contract.IFMethodContract(contract.IFMethodContract__secure_array_param((I,int)).Non-interference contract.0.key 
30997      DEBUG main            d.u.i.k.p.i.AbstractProblemLoader Environment load took 146.11ns 
30998      INFO  main            d.u.i.k.p.i.AbstractProblemLoader Creating init config 
34191      DEBUG main            d.u.i.k.p.i.AbstractProblemLoader Init config took 3.19s 
34248      INFO  main            d.u.i.k.p.i.AbstractProblemLoader Replaying proof contract.IFMethodContract[contract.IFMethodContract::secure_array_param([I,int)].Non-interference contract.0 
34252      DEBUG main            d.u.i.k.p.i.IntermediateProofReplayer Proof replay took 14.5ns 
35558      INFO  main            d.u.i.k.p.r.p.TestFile    ... finished proof: closed. 
35723      INFO  main            d.u.i.k.p.r.p.TestFile    Now processing file /home/runner/work/key/key/key.core/../key.ui/examples/InformationFlow/MethodContracts/contract.IFMethodContract(contract.IFMethodContract__secure_assignment_0_n9()).Non-interference contract.0.key 
35723      INFO  main            d.u.i.k.p.i.AbstractProblemLoader Loading environment from /home/runner/work/key/key/key.core/../key.ui/examples/InformationFlow/MethodContracts/contract.IFMethodContract(contract.IFMethodContract__secure_assignment_0_n9()).Non-interference contract.0.key 
35723      DEBUG main            d.u.i.k.p.i.AbstractProblemLoader Environment load took 68.9ns 
35725      INFO  main            d.u.i.k.p.i.AbstractProblemLoader Creating init config 
38893      DEBUG main            d.u.i.k.p.i.AbstractProblemLoader Init config took 3.17s 
38951      INFO  main            d.u.i.k.p.i.AbstractProblemLoader Replaying proof contract.IFMethodContract[contract.IFMethodContract::secure_assignment_0_n9()].Non-interference contract.0 
38955      DEBUG main            d.u.i.k.p.i.IntermediateProofReplayer Proof replay took 15.1ns 
39259      INFO  main            d.u.i.k.p.r.p.TestFile    ... finished proof: closed. 
39506      INFO  main            d.u.i.k.p.r.p.TestFile    Now processing file /home/runner/work/key/key/key.core/../key.ui/examples/InformationFlow/MethodContracts/contract.IFMethodContract(contract.IFMethodContract__insecure_if_high_n5_n1()).Non-interference contract.0.key 
39506      INFO  main            d.u.i.k.p.i.AbstractProblemLoader Loading environment from /home/runner/work/key/key/key.core/../key.ui/examples/InformationFlow/MethodContracts/contract.IFMethodContract(contract.IFMethodContract__insecure_if_high_n5_n1()).Non-interference contract.0.key 
39506      DEBUG main            d.u.i.k.p.i.AbstractProblemLoader Environment load took 82.91ns 
39508      INFO  main            d.u.i.k.p.i.AbstractProblemLoader Creating init config 
42665      DEBUG main            d.u.i.k.p.i.AbstractProblemLoader Init config took 3.16s 
42716      INFO  main            d.u.i.k.p.i.AbstractProblemLoader Replaying proof contract.IFMethodContract[contract.IFMethodContract::insecure_if_high_n5_n1()].Non-interference contract.0 
42719      DEBUG main            d.u.i.k.p.i.IntermediateProofReplayer Proof replay took 14.8ns 
43635      INFO  main            d.u.i.k.p.r.p.TestFile    ... finished proof: open goal(s) 
43818      INFO  main            d.u.i.k.p.r.p.TestFile    Now processing file /home/runner/work/key/key/key.core/../key.ui/examples/InformationFlow/MethodContracts/contract.IFMethodContract(contract.IFMethodContract__n5(int)).Non-interference contract.0.key 
43819      INFO  main            d.u.i.k.p.i.AbstractProblemLoader Loading environment from /home/runner/work/key/key/key.core/../key.ui/examples/InformationFlow/MethodContracts/contract.IFMethodContract(contract.IFMethodContract__n5(int)).Non-interference contract.0.key 
43819      DEBUG main            d.u.i.k.p.i.AbstractProblemLoader Environment load took 96.91ns 
43821      INFO  main            d.u.i.k.p.i.AbstractProblemLoader Creating init config 
46969      DEBUG main            d.u.i.k.p.i.AbstractProblemLoader Init config took 3.15s 
47022      INFO  main            d.u.i.k.p.i.AbstractProblemLoader Replaying proof contract.IFMethodContract[contract.IFMethodContract::n5(int)].Non-interference contract.0 
47026      DEBUG main            d.u.i.k.p.i.IntermediateProofReplayer Proof replay took 16.2ns 
47240      INFO  main            d.u.i.k.p.r.p.TestFile    ... finished proof: closed. 
47406      INFO  main            d.u.i.k.p.r.p.TestFile    Now processing file /home/runner/work/key/key/key.core/../key.ui/examples/InformationFlow/MethodContracts/contract.IFMethodContract(contract.IFMethodContract__secure_if_high_n5_n1()).Non-interference contract.0.key 
47406      INFO  main            d.u.i.k.p.i.AbstractProblemLoader Loading environment from /home/runner/work/key/key/key.core/../key.ui/examples/InformationFlow/MethodContracts/contract.IFMethodContract(contract.IFMethodContract__secure_if_high_n5_n1()).Non-interference contract.0.key 
47406      DEBUG main            d.u.i.k.p.i.AbstractProblemLoader Environment load took 103.11ns 
47407      INFO  main            d.u.i.k.p.i.AbstractProblemLoader Creating init config 
50530      DEBUG main            d.u.i.k.p.i.AbstractProblemLoader Init config took 3.12s 
50578      INFO  main            d.u.i.k.p.i.AbstractProblemLoader Replaying proof contract.IFMethodContract[contract.IFMethodContract::secure_if_high_n5_n1()].Non-interference contract.0 
50581      DEBUG main            d.u.i.k.p.i.IntermediateProofReplayer Proof replay took 15.4ns 
51889      INFO  main            d.u.i.k.p.r.p.TestFile    ... finished proof: closed. 
52091      INFO  main            d.u.i.k.p.r.p.TestFile    Now processing file /home/runner/work/key/key/key.core/../key.ui/examples/InformationFlow/MethodContracts/contract.IFMethodContract(contract.IFMethodContract__secure_if_high_n1()).Non-interference contract.0.key 
52092      INFO  main            d.u.i.k.p.i.AbstractProblemLoader Loading environment from /home/runner/work/key/key/key.core/../key.ui/examples/InformationFlow/MethodContracts/contract.IFMethodContract(contract.IFMethodContract__secure_if_high_n1()).Non-interference contract.0.key 
52092      DEBUG main            d.u.i.k.p.i.AbstractProblemLoader Environment load took 72.3ns 
52093      INFO  main            d.u.i.k.p.i.AbstractProblemLoader Creating init config 
55126      DEBUG main            d.u.i.k.p.i.AbstractProblemLoader Init config took 3.03s 
55179      INFO  main            d.u.i.k.p.i.AbstractProblemLoader Replaying proof contract.IFMethodContract[contract.IFMethodContract::secure_if_high_n1()].Non-interference contract.0 
55183      DEBUG main            d.u.i.k.p.i.IntermediateProofReplayer Proof replay took 21.6ns 
55888      INFO  main            d.u.i.k.p.r.p.TestFile    ... finished proof: closed. 
56104      INFO  main            d.u.i.k.p.r.p.TestFile    Now processing file /home/runner/work/key/key/key.core/../key.ui/examples/InformationFlow/MethodContracts/contract.IFMethodContract(contract.IFMethodContract__secure_n5()).Non-interference contract.0.key 
56104      INFO  main            d.u.i.k.p.i.AbstractProblemLoader Loading environment from /home/runner/work/key/key/key.core/../key.ui/examples/InformationFlow/MethodContracts/contract.IFMethodContract(contract.IFMethodContract__secure_n5()).Non-interference contract.0.key 
56104      DEBUG main            d.u.i.k.p.i.AbstractProblemLoader Environment load took 69.3ns 
56106      INFO  main            d.u.i.k.p.i.AbstractProblemLoader Creating init config 
59245      DEBUG main            d.u.i.k.p.i.AbstractProblemLoader Init config took 3.14s 
59320      INFO  main            d.u.i.k.p.i.AbstractProblemLoader Replaying proof contract.IFMethodContract[contract.IFMethodContract::secure_n5()].Non-interference contract.0 
59324      DEBUG main            d.u.i.k.p.i.IntermediateProofReplayer Proof replay took 14.9ns 
59527      INFO  main            d.u.i.k.p.r.p.TestFile    ... finished proof: closed. 
59719      INFO  main            d.u.i.k.p.r.p.TestFile    Now processing file /home/runner/work/key/key/key.core/../key.ui/examples/InformationFlow/MethodContracts/contract.IFMethodContract(contract.IFMethodContract__n4()).Non-interference contract.0.key 
59719      INFO  main            d.u.i.k.p.i.AbstractProblemLoader Loading environment from /home/runner/work/key/key/key.core/../key.ui/examples/InformationFlow/MethodContracts/contract.IFMethodContract(contract.IFMethodContract__n4()).Non-interference contract.0.key 
59720      DEBUG main            d.u.i.k.p.i.AbstractProblemLoader Environment load took 77ns 
59721      INFO  main            d.u.i.k.p.i.AbstractProblemLoader Creating init config 
62833      DEBUG main            d.u.i.k.p.i.AbstractProblemLoader Init config took 3.11s 
62881      INFO  main            d.u.i.k.p.i.AbstractProblemLoader Replaying proof contract.IFMethodContract[contract.IFMethodContract::n4()].Non-interference contract.0 
62885      DEBUG main            d.u.i.k.p.i.IntermediateProofReplayer Proof replay took 14.7ns 
63088      INFO  main            d.u.i.k.p.r.p.TestFile    ... finished proof: closed. 
63276      INFO  main            d.u.i.k.p.r.p.TestFile    Now processing file /home/runner/work/key/key/key.core/../key.ui/examples/InformationFlow/MethodContracts/contract.IFMethodContract(contract.IFMethodContract__n3()).Non-interference contract.0.key 
63276      INFO  main            d.u.i.k.p.i.AbstractProblemLoader Loading environment from /home/runner/work/key/key/key.core/../key.ui/examples/InformationFlow/MethodContracts/contract.IFMethodContract(contract.IFMethodContract__n3()).Non-interference contract.0.key 
63276      DEBUG main            d.u.i.k.p.i.AbstractProblemLoader Environment load took 74.2ns 
63278      INFO  main            d.u.i.k.p.i.AbstractProblemLoader Creating init config 
66317      DEBUG main            d.u.i.k.p.i.AbstractProblemLoader Init config took 3.04s 
66362      INFO  main            d.u.i.k.p.i.AbstractProblemLoader Replaying proof contract.IFMethodContract[contract.IFMethodContract::n3()].Non-interference contract.0 
66365      DEBUG main            d.u.i.k.p.i.IntermediateProofReplayer Proof replay took 16.8ns 
66468      INFO  main            d.u.i.k.p.r.p.TestFile    ... finished proof: closed. 
66652      INFO  main            d.u.i.k.p.r.p.TestFile    Now processing file /home/runner/work/key/key/key.core/../key.ui/examples/InformationFlow/MethodContracts/contract.IFMethodContract(contract.IFMethodContract__secure_sequential_n3_precond_n4()).Non-interference contract.0.key 
66653      INFO  main            d.u.i.k.p.i.AbstractProblemLoader Loading environment from /home/runner/work/key/key/key.core/../key.ui/examples/InformationFlow/MethodContracts/contract.IFMethodContract(contract.IFMethodContract__secure_sequential_n3_precond_n4()).Non-interference contract.0.key 
66653      DEBUG main            d.u.i.k.p.i.AbstractProblemLoader Environment load took 71ns 
66654      INFO  main            d.u.i.k.p.i.AbstractProblemLoader Creating init config 
69689      DEBUG main            d.u.i.k.p.i.AbstractProblemLoader Init config took 3.03s 
69736      INFO  main            d.u.i.k.p.i.AbstractProblemLoader Replaying proof contract.IFMethodContract[contract.IFMethodContract::secure_sequential_n3_precond_n4()].Non-interference contract.0 
69739      DEBUG main            d.u.i.k.p.i.IntermediateProofReplayer Proof replay took 18.8ns 
70045      INFO  main            d.u.i.k.p.r.p.TestFile    ... finished proof: closed. 
70248      INFO  main            d.u.i.k.p.r.p.TestFile    Now processing file /home/runner/work/key/key/key.core/../key.ui/examples/InformationFlow/MethodContracts/contract.IFMethodContract(contract.IFMethodContract__insecure_assignment_n2()).Non-interference contract.0.key 
70249      INFO  main            d.u.i.k.p.i.AbstractProblemLoader Loading environment from /home/runner/work/key/key/key.core/../key.ui/examples/InformationFlow/MethodContracts/contract.IFMethodContract(contract.IFMethodContract__insecure_assignment_n2()).Non-interference contract.0.key 
70250      DEBUG main            d.u.i.k.p.i.AbstractProblemLoader Environment load took 1.03ms 
70251      INFO  main            d.u.i.k.p.i.AbstractProblemLoader Creating init config 
73312      DEBUG main            d.u.i.k.p.i.AbstractProblemLoader Init config took 3.06s 
73355      INFO  main            d.u.i.k.p.i.AbstractProblemLoader Replaying proof contract.IFMethodContract[contract.IFMethodContract::insecure_assignment_n2()].Non-interference contract.0 
73358      DEBUG main            d.u.i.k.p.i.IntermediateProofReplayer Proof replay took 14.9ns 
73662      INFO  main            d.u.i.k.p.r.p.TestFile    ... finished proof: open goal(s) 
73862      INFO  main            d.u.i.k.p.r.p.TestFile    Now processing file /home/runner/work/key/key/key.core/../key.ui/examples/InformationFlow/MethodContracts/contract.IFMethodContract(contract.IFMethodContract__secure_assignments_n2()).Non-interference contract.0.key 
73862      INFO  main            d.u.i.k.p.i.AbstractProblemLoader Loading environment from /home/runner/work/key/key/key.core/../key.ui/examples/InformationFlow/MethodContracts/contract.IFMethodContract(contract.IFMethodContract__secure_assignments_n2()).Non-interference contract.0.key 
73862      DEBUG main            d.u.i.k.p.i.AbstractProblemLoader Environment load took 68.8ns 
73864      INFO  main            d.u.i.k.p.i.AbstractProblemLoader Creating init config 
76929      DEBUG main            d.u.i.k.p.i.AbstractProblemLoader Init config took 3.06s 
76986      INFO  main            d.u.i.k.p.i.AbstractProblemLoader Replaying proof contract.IFMethodContract[contract.IFMethodContract::secure_assignments_n2()].Non-interference contract.0 
76990      DEBUG main            d.u.i.k.p.i.IntermediateProofReplayer Proof replay took 17.3ns 
77294      INFO  main            d.u.i.k.p.r.p.TestFile    ... finished proof: closed. 
77501      INFO  main            d.u.i.k.p.r.p.TestFile    Now processing file /home/runner/work/key/key/key.core/../key.ui/examples/InformationFlow/MethodContracts/contract.IFMethodContract(contract.IFMethodContract__n2()).Non-interference contract.0.key 
77502      INFO  main            d.u.i.k.p.i.AbstractProblemLoader Loading environment from /home/runner/work/key/key/key.core/../key.ui/examples/InformationFlow/MethodContracts/contract.IFMethodContract(contract.IFMethodContract__n2()).Non-interference contract.0.key 
77502      DEBUG main            d.u.i.k.p.i.AbstractProblemLoader Environment load took 606.43ns 
77503      INFO  main            d.u.i.k.p.i.AbstractProblemLoader Creating init config 
80543      DEBUG main            d.u.i.k.p.i.AbstractProblemLoader Init config took 3.04s 
80585      INFO  main            d.u.i.k.p.i.AbstractProblemLoader Replaying proof contract.IFMethodContract[contract.IFMethodContract::n2()].Non-interference contract.0 
80589      DEBUG main            d.u.i.k.p.i.IntermediateProofReplayer Proof replay took 16.2ns 
80792      INFO  main            d.u.i.k.p.r.p.TestFile    ... finished proof: closed. 
81068      INFO  main            d.u.i.k.p.r.p.TestFile    Now processing file /home/runner/work/key/key/key.core/../key.ui/examples/InformationFlow/MethodContracts/contract.IFMethodContract(contract.IFMethodContract__n1()).Non-interference contract.0.key 
81069      INFO  main            d.u.i.k.p.i.AbstractProblemLoader Loading environment from /home/runner/work/key/key/key.core/../key.ui/examples/InformationFlow/MethodContracts/contract.IFMethodContract(contract.IFMethodContract__n1()).Non-interference contract.0.key 
81069      DEBUG main            d.u.i.k.p.i.AbstractProblemLoader Environment load took 68.5ns 
81071      INFO  main            d.u.i.k.p.i.AbstractProblemLoader Creating init config 
84122      DEBUG main            d.u.i.k.p.i.AbstractProblemLoader Init config took 3.05s 
84175      INFO  main            d.u.i.k.p.i.AbstractProblemLoader Replaying proof contract.IFMethodContract[contract.IFMethodContract::n1()].Non-interference contract.0 
84178      DEBUG main            d.u.i.k.p.i.IntermediateProofReplayer Proof replay took 17.2ns 
84284      INFO  main            d.u.i.k.p.r.p.TestFile    ... finished proof: closed. 
84485      INFO  main            d.u.i.k.p.r.p.TestFile    Now processing file /home/runner/work/key/key/key.core/../key.ui/examples/InformationFlow/MethodContracts/contract.IFMethodContract(contract.IFMethodContract__secure_sequential_n1_n2()).Non-interference contract.0.key 
84485      INFO  main            d.u.i.k.p.i.AbstractProblemLoader Loading environment from /home/runner/work/key/key/key.core/../key.ui/examples/InformationFlow/MethodContracts/contract.IFMethodContract(contract.IFMethodContract__secure_sequential_n1_n2()).Non-interference contract.0.key 
84485      DEBUG main            d.u.i.k.p.i.AbstractProblemLoader Environment load took 78.2ns 
84487      INFO  main            d.u.i.k.p.i.AbstractProblemLoader Creating init config 
87538      DEBUG main            d.u.i.k.p.i.AbstractProblemLoader Init config took 3.05s 
87579      INFO  main            d.u.i.k.p.i.AbstractProblemLoader Replaying proof contract.IFMethodContract[contract.IFMethodContract::secure_sequential_n1_n2()].Non-interference contract.0 
87583      DEBUG main            d.u.i.k.p.i.IntermediateProofReplayer Proof replay took 14.8ns 
87786      INFO  main            d.u.i.k.p.r.p.TestFile    ... finished proof: closed. 
1186886    INFO  Test worker     d.u.i.k.p.r.p.StatisticsFile Returning from test MethodContracts_nomacro 
1186894    INFO  Test worker     d.u.i.k.p.r.p.StatisticsFile Running test LoopInvariants_nomacro 
438        INFO  Timeout watchdog d.u.i.k.p.r.p.ForkedTestFileRunner Timeout watcher launched (1000 secs.) 
449        WARN  main            d.u.i.k.s.ProofSettings   The settings in /home/runner/.key/proof-settings.props are *not* read. 
475        INFO  main            d.u.i.k.p.r.p.TestFile    Now processing file /home/runner/work/key/key/key.core/../key.ui/examples/InformationFlow/LoopInvariants/loop.IFLoopExamples(loop.IFLoopExamples__insecure_while_3(int)).Non-interference contract.0.key 
605        INFO  main            d.u.i.k.p.i.AbstractProblemLoader Loading environment from /home/runner/work/key/key/key.core/../key.ui/examples/InformationFlow/LoopInvariants/loop.IFLoopExamples(loop.IFLoopExamples__insecure_while_3(int)).Non-interference contract.0.key 
629        DEBUG main            d.u.i.k.p.i.AbstractProblemLoader Environment load took 2.61ms 
908        INFO  main            d.u.i.k.p.i.AbstractProblemLoader Creating init config 
1974       DEBUG main            d.u.i.k.j.TypeConverter   No LDT found for Meta 
1975       DEBUG main            d.u.i.k.j.TypeConverter   No LDT found for Meta 
1979       DEBUG main            d.u.i.k.j.TypeConverter   No LDT found for Meta 
1980       DEBUG main            d.u.i.k.j.TypeConverter   No LDT found for Meta 
3567       DEBUG main            d.u.i.k.j.TypeConverter   No LDT found for JavaBigintExpression 
9862       DEBUG main            d.u.i.k.p.i.AbstractProblemLoader Init config took 8.95s 
10012      INFO  main            d.u.i.k.p.i.AbstractProblemLoader Replaying proof loop.IFLoopExamples[loop.IFLoopExamples::insecure_while_3(int)].Non-interference contract.0 
10154      DEBUG main            d.u.i.k.p.i.IntermediateProofReplayer Proof replay took 567.63ns 
13308      INFO  main            d.u.i.k.p.r.p.TestFile    ... finished proof: open goal(s) 
13588      INFO  main            d.u.i.k.p.r.p.TestFile    Now processing file /home/runner/work/key/key/key.core/../key.ui/examples/InformationFlow/LoopInvariants/loop.IFLoopExamples(loop.IFLoopExamples__secure_while_2(int)).Non-interference contract.0.key 
13591      INFO  main            d.u.i.k.p.i.AbstractProblemLoader Loading environment from /home/runner/work/key/key/key.core/../key.ui/examples/InformationFlow/LoopInvariants/loop.IFLoopExamples(loop.IFLoopExamples__secure_while_2(int)).Non-interference contract.0.key 
13592      DEBUG main            d.u.i.k.p.i.AbstractProblemLoader Environment load took 244.41ns 
13594      INFO  main            d.u.i.k.p.i.AbstractProblemLoader Creating init config 
17492      DEBUG main            d.u.i.k.p.i.AbstractProblemLoader Init config took 3.9s 
17571      INFO  main            d.u.i.k.p.i.AbstractProblemLoader Replaying proof loop.IFLoopExamples[loop.IFLoopExamples::secure_while_2(int)].Non-interference contract.0 
17576      DEBUG main            d.u.i.k.p.i.IntermediateProofReplayer Proof replay took 15.2ns 
19684      INFO  main            d.u.i.k.p.r.p.TestFile    ... finished proof: closed. 
19909      INFO  main            d.u.i.k.p.r.p.TestFile    Now processing file /home/runner/work/key/key/key.core/../key.ui/examples/InformationFlow/LoopInvariants/loop.IFLoopExamples(loop.IFLoopExamples__secure_while_4(int)).Non-interference contract.0.key 
19909      INFO  main            d.u.i.k.p.i.AbstractProblemLoader Loading environment from /home/runner/work/key/key/key.core/../key.ui/examples/InformationFlow/LoopInvariants/loop.IFLoopExamples(loop.IFLoopExamples__secure_while_4(int)).Non-interference contract.0.key 
19909      DEBUG main            d.u.i.k.p.i.AbstractProblemLoader Environment load took 90ns 
19911      INFO  main            d.u.i.k.p.i.AbstractProblemLoader Creating init config 
23528      DEBUG main            d.u.i.k.p.i.AbstractProblemLoader Init config took 3.62s 
23603      INFO  main            d.u.i.k.p.i.AbstractProblemLoader Replaying proof loop.IFLoopExamples[loop.IFLoopExamples::secure_while_4(int)].Non-interference contract.0 
23610      DEBUG main            d.u.i.k.p.i.IntermediateProofReplayer Proof replay took 14.4ns 
25338      INFO  main            d.u.i.k.p.r.p.TestFile    ... finished proof: closed. 
25517      INFO  main            d.u.i.k.p.r.p.TestFile    Now processing file /home/runner/work/key/key/key.core/../key.ui/examples/InformationFlow/LoopInvariants/loop.IFLoopExamples(loop.IFLoopExamples__insecure_doubleNestedWhile2(int)).Non-interference contract.0.key 
25518      INFO  main            d.u.i.k.p.i.AbstractProblemLoader Loading environment from /home/runner/work/key/key/key.core/../key.ui/examples/InformationFlow/LoopInvariants/loop.IFLoopExamples(loop.IFLoopExamples__insecure_doubleNestedWhile2(int)).Non-interference contract.0.key 
25518      DEBUG main            d.u.i.k.p.i.AbstractProblemLoader Environment load took 82.6ns 
25519      INFO  main            d.u.i.k.p.i.AbstractProblemLoader Creating init config 
29039      DEBUG main            d.u.i.k.p.i.AbstractProblemLoader Init config took 3.52s 
29092      INFO  main            d.u.i.k.p.i.AbstractProblemLoader Replaying proof loop.IFLoopExamples[loop.IFLoopExamples::insecure_doubleNestedWhile2(int)].Non-interference contract.0 
29095      DEBUG main            d.u.i.k.p.i.IntermediateProofReplayer Proof replay took 14.5ns 
39903      INFO  main            d.u.i.k.p.r.p.TestFile    ... finished proof: open goal(s) 
40149      INFO  main            d.u.i.k.p.r.p.TestFile    Now processing file /home/runner/work/key/key/key.core/../key.ui/examples/InformationFlow/LoopInvariants/loop.IFLoopExamples(loop.IFLoopExamples__insecure_doubleNestedWhile(int)).Non-interference contract.0.key 
40149      INFO  main            d.u.i.k.p.i.AbstractProblemLoader Loading environment from /home/runner/work/key/key/key.core/../key.ui/examples/InformationFlow/LoopInvariants/loop.IFLoopExamples(loop.IFLoopExamples__insecure_doubleNestedWhile(int)).Non-interference contract.0.key 
40149      DEBUG main            d.u.i.k.p.i.AbstractProblemLoader Environment load took 77.9ns 
40153      INFO  main            d.u.i.k.p.i.AbstractProblemLoader Creating init config 
43646      DEBUG main            d.u.i.k.p.i.AbstractProblemLoader Init config took 3.49s 
43700      INFO  main            d.u.i.k.p.i.AbstractProblemLoader Replaying proof loop.IFLoopExamples[loop.IFLoopExamples::insecure_doubleNestedWhile(int)].Non-interference contract.0 
43703      DEBUG main            d.u.i.k.p.i.IntermediateProofReplayer Proof replay took 14.8ns 
53134      INFO  main            d.u.i.k.p.r.p.TestFile    ... finished proof: open goal(s) 
53496      INFO  main            d.u.i.k.p.r.p.TestFile    Now processing file /home/runner/work/key/key/key.core/../key.ui/examples/InformationFlow/LoopInvariants/loop.IFLoopExamples(loop.IFLoopExamples__secure_doubleNestedWhile(int)).Non-interference contract.0.key 
53496      INFO  main            d.u.i.k.p.i.AbstractProblemLoader Loading environment from /home/runner/work/key/key/key.core/../key.ui/examples/InformationFlow/LoopInvariants/loop.IFLoopExamples(loop.IFLoopExamples__secure_doubleNestedWhile(int)).Non-interference contract.0.key 
53496      DEBUG main            d.u.i.k.p.i.AbstractProblemLoader Environment load took 79.8ns 
53498      INFO  main            d.u.i.k.p.i.AbstractProblemLoader Creating init config 
56875      DEBUG main            d.u.i.k.p.i.AbstractProblemLoader Init config took 3.38s 
56926      INFO  main            d.u.i.k.p.i.AbstractProblemLoader Replaying proof loop.IFLoopExamples[loop.IFLoopExamples::secure_doubleNestedWhile(int)].Non-interference contract.0 
56931      DEBUG main            d.u.i.k.p.i.IntermediateProofReplayer Proof replay took 14.3ns 
66087      INFO  main            d.u.i.k.p.r.p.TestFile    ... finished proof: closed. 
66468      INFO  main            d.u.i.k.p.r.p.TestFile    Now processing file /home/runner/work/key/key/key.core/../key.ui/examples/InformationFlow/LoopInvariants/loop.IFLoopExamples(loop.IFLoopExamples__secure_nestedTwoWhile(int)).Non-interference contract.0.key 
66468      INFO  main            d.u.i.k.p.i.AbstractProblemLoader Loading environment from /home/runner/work/key/key/key.core/../key.ui/examples/InformationFlow/LoopInvariants/loop.IFLoopExamples(loop.IFLoopExamples__secure_nestedTwoWhile(int)).Non-interference contract.0.key 
66468      DEBUG main            d.u.i.k.p.i.AbstractProblemLoader Environment load took 85.7ns 
66469      INFO  main            d.u.i.k.p.i.AbstractProblemLoader Creating init config 
69921      DEBUG main            d.u.i.k.p.i.AbstractProblemLoader Init config took 3.45s 
69972      INFO  main            d.u.i.k.p.i.AbstractProblemLoader Replaying proof loop.IFLoopExamples[loop.IFLoopExamples::secure_nestedTwoWhile(int)].Non-interference contract.0 
69975      DEBUG main            d.u.i.k.p.i.IntermediateProofReplayer Proof replay took 15.2ns 
76627      INFO  main            d.u.i.k.p.r.p.TestFile    ... finished proof: closed. 
76878      INFO  main            d.u.i.k.p.r.p.TestFile    Now processing file /home/runner/work/key/key/key.core/../key.ui/examples/InformationFlow/LoopInvariants/loop.IFLoopExamples(loop.IFLoopExamples__secure_nestedWhile(int)).Non-interference contract.0.key 
76878      INFO  main            d.u.i.k.p.i.AbstractProblemLoader Loading environment from /home/runner/work/key/key/key.core/../key.ui/examples/InformationFlow/LoopInvariants/loop.IFLoopExamples(loop.IFLoopExamples__secure_nestedWhile(int)).Non-interference contract.0.key 
76878      DEBUG main            d.u.i.k.p.i.AbstractProblemLoader Environment load took 78ns 
76880      INFO  main            d.u.i.k.p.i.AbstractProblemLoader Creating init config 
80320      DEBUG main            d.u.i.k.p.i.AbstractProblemLoader Init config took 3.44s 
80384      INFO  main            d.u.i.k.p.i.AbstractProblemLoader Replaying proof loop.IFLoopExamples[loop.IFLoopExamples::secure_nestedWhile(int)].Non-interference contract.0 
80387      DEBUG main            d.u.i.k.p.i.IntermediateProofReplayer Proof replay took 14.9ns 
84354      INFO  main            d.u.i.k.p.r.p.TestFile    ... finished proof: closed. 
84609      INFO  main            d.u.i.k.p.r.p.TestFile    Now processing file /home/runner/work/key/key/key.core/../key.ui/examples/InformationFlow/LoopInvariants/loop.IFLoopExamples(loop.IFLoopExamples__notSecure_while(int)).Non-interference contract.0.key 
84610      INFO  main            d.u.i.k.p.i.AbstractProblemLoader Loading environment from /home/runner/work/key/key/key.core/../key.ui/examples/InformationFlow/LoopInvariants/loop.IFLoopExamples(loop.IFLoopExamples__notSecure_while(int)).Non-interference contract.0.key 
84610      DEBUG main            d.u.i.k.p.i.AbstractProblemLoader Environment load took 79.31ns 
84612      INFO  main            d.u.i.k.p.i.AbstractProblemLoader Creating init config 
88195      DEBUG main            d.u.i.k.p.i.AbstractProblemLoader Init config took 3.58s 
88242      INFO  main            d.u.i.k.p.i.AbstractProblemLoader Replaying proof loop.IFLoopExamples[loop.IFLoopExamples::notSecure_while(int)].Non-interference contract.0 
88246      DEBUG main            d.u.i.k.p.i.IntermediateProofReplayer Proof replay took 15.4ns 
89656      INFO  main            d.u.i.k.p.r.p.TestFile    ... finished proof: open goal(s) 
89883      INFO  main            d.u.i.k.p.r.p.TestFile    Now processing file /home/runner/work/key/key/key.core/../key.ui/examples/InformationFlow/LoopInvariants/loop.IFLoopExamples(loop.IFLoopExamples__notSecure_while_wrongInv(int)).Non-interference contract.0.key 
89884      INFO  main            d.u.i.k.p.i.AbstractProblemLoader Loading environment from /home/runner/work/key/key/key.core/../key.ui/examples/InformationFlow/LoopInvariants/loop.IFLoopExamples(loop.IFLoopExamples__notSecure_while_wrongInv(int)).Non-interference contract.0.key 
89887      DEBUG main            d.u.i.k.p.i.AbstractProblemLoader Environment load took 94.41ns 
89889      INFO  main            d.u.i.k.p.i.AbstractProblemLoader Creating init config 
93457      DEBUG main            d.u.i.k.p.i.AbstractProblemLoader Init config took 3.57s 
93504      INFO  main            d.u.i.k.p.i.AbstractProblemLoader Replaying proof loop.IFLoopExamples[loop.IFLoopExamples::notSecure_while_wrongInv(int)].Non-interference contract.0 
93508      DEBUG main            d.u.i.k.p.i.IntermediateProofReplayer Proof replay took 16.3ns 
94012      INFO  main            d.u.i.k.p.r.p.TestFile    ... finished proof: open goal(s) 
94231      INFO  main            d.u.i.k.p.r.p.TestFile    Now processing file /home/runner/work/key/key/key.core/../key.ui/examples/InformationFlow/LoopInvariants/loop.IFLoopExamples(loop.IFLoopExamples__insecure_twoWhile(int)).Non-interference contract.0.key 
94232      INFO  main            d.u.i.k.p.i.AbstractProblemLoader Loading environment from /home/runner/work/key/key/key.core/../key.ui/examples/InformationFlow/LoopInvariants/loop.IFLoopExamples(loop.IFLoopExamples__insecure_twoWhile(int)).Non-interference contract.0.key 
94232      DEBUG main            d.u.i.k.p.i.AbstractProblemLoader Environment load took 106.91ns 
94233      INFO  main            d.u.i.k.p.i.AbstractProblemLoader Creating init config 
97858      DEBUG main            d.u.i.k.p.i.AbstractProblemLoader Init config took 3.63s 
97905      INFO  main            d.u.i.k.p.i.AbstractProblemLoader Replaying proof loop.IFLoopExamples[loop.IFLoopExamples::insecure_twoWhile(int)].Non-interference contract.0 
97908      DEBUG main            d.u.i.k.p.i.IntermediateProofReplayer Proof replay took 16.8ns 
100419     INFO  main            d.u.i.k.p.r.p.TestFile    ... finished proof: open goal(s) 
100663     INFO  main            d.u.i.k.p.r.p.TestFile    Now processing file /home/runner/work/key/key/key.core/../key.ui/examples/InformationFlow/LoopInvariants/loop.IFLoopExamples(loop.IFLoopExamples__insecure_twoWhile_2(int)).Non-interference contract.0.key 
100664     INFO  main            d.u.i.k.p.i.AbstractProblemLoader Loading environment from /home/runner/work/key/key/key.core/../key.ui/examples/InformationFlow/LoopInvariants/loop.IFLoopExamples(loop.IFLoopExamples__insecure_twoWhile_2(int)).Non-interference contract.0.key 
100664     DEBUG main            d.u.i.k.p.i.AbstractProblemLoader Environment load took 74.2ns 
100665     INFO  main            d.u.i.k.p.i.AbstractProblemLoader Creating init config 
104127     DEBUG main            d.u.i.k.p.i.AbstractProblemLoader Init config took 3.46s 
104171     INFO  main            d.u.i.k.p.i.AbstractProblemLoader Replaying proof loop.IFLoopExamples[loop.IFLoopExamples::insecure_twoWhile_2(int)].Non-interference contract.0 
104175     DEBUG main            d.u.i.k.p.i.IntermediateProofReplayer Proof replay took 15.9ns 
107204     INFO  main            d.u.i.k.p.r.p.TestFile    ... finished proof: open goal(s) 
107498     INFO  main            d.u.i.k.p.r.p.TestFile    Now processing file /home/runner/work/key/key/key.core/../key.ui/examples/InformationFlow/LoopInvariants/loop.IFLoopExamples(loop.IFLoopExamples__secure_twoWhile(int)).Non-interference contract.0.key 
107498     INFO  main            d.u.i.k.p.i.AbstractProblemLoader Loading environment from /home/runner/work/key/key/key.core/../key.ui/examples/InformationFlow/LoopInvariants/loop.IFLoopExamples(loop.IFLoopExamples__secure_twoWhile(int)).Non-interference contract.0.key 
107498     DEBUG main            d.u.i.k.p.i.AbstractProblemLoader Environment load took 84.11ns 
107500     INFO  main            d.u.i.k.p.i.AbstractProblemLoader Creating init config 
111090     DEBUG main            d.u.i.k.p.i.AbstractProblemLoader Init config took 3.59s 
111144     INFO  main            d.u.i.k.p.i.AbstractProblemLoader Replaying proof loop.IFLoopExamples[loop.IFLoopExamples::secure_twoWhile(int)].Non-interference contract.0 
111150     DEBUG main            d.u.i.k.p.i.IntermediateProofReplayer Proof replay took 15.8ns 
113357     INFO  main            d.u.i.k.p.r.p.TestFile    ... finished proof: closed. 
113651     INFO  main            d.u.i.k.p.r.p.TestFile    Now processing file /home/runner/work/key/key/key.core/../key.ui/examples/InformationFlow/LoopInvariants/loop.IFLoopExamples(loop.IFLoopExamples__loc_secure_while(int)).Non-interference contract.0.key 
113652     INFO  main            d.u.i.k.p.i.AbstractProblemLoader Loading environment from /home/runner/work/key/key/key.core/../key.ui/examples/InformationFlow/LoopInvariants/loop.IFLoopExamples(loop.IFLoopExamples__loc_secure_while(int)).Non-interference contract.0.key 
113652     DEBUG main            d.u.i.k.p.i.AbstractProblemLoader Environment load took 342.82ns 
113653     INFO  main            d.u.i.k.p.i.AbstractProblemLoader Creating init config 
117040     DEBUG main            d.u.i.k.p.i.AbstractProblemLoader Init config took 3.39s 
117082     INFO  main            d.u.i.k.p.i.AbstractProblemLoader Replaying proof loop.IFLoopExamples[loop.IFLoopExamples::loc_secure_while(int)].Non-interference contract.0 
117085     DEBUG main            d.u.i.k.p.i.IntermediateProofReplayer Proof replay took 15.9ns 
118596     INFO  main            d.u.i.k.p.r.p.TestFile    ... finished proof: closed. 
118843     INFO  main            d.u.i.k.p.r.p.TestFile    Now processing file /home/runner/work/key/key/key.core/../key.ui/examples/InformationFlow/LoopInvariants/loop.IFLoopExamples(loop.IFLoopExamples__secure_while(int)).Non-interference contract.0.key 
118843     INFO  main            d.u.i.k.p.i.AbstractProblemLoader Loading environment from /home/runner/work/key/key/key.core/../key.ui/examples/InformationFlow/LoopInvariants/loop.IFLoopExamples(loop.IFLoopExamples__secure_while(int)).Non-interference contract.0.key 
118843     DEBUG main            d.u.i.k.p.i.AbstractProblemLoader Environment load took 85.31ns 
118845     INFO  main            d.u.i.k.p.i.AbstractProblemLoader Creating init config 
122256     DEBUG main            d.u.i.k.p.i.AbstractProblemLoader Init config took 3.41s 
122301     INFO  main            d.u.i.k.p.i.AbstractProblemLoader Replaying proof loop.IFLoopExamples[loop.IFLoopExamples::secure_while(int)].Non-interference contract.0 
122304     DEBUG main            d.u.i.k.p.i.IntermediateProofReplayer Proof replay took 17ns 
123511     INFO  main            d.u.i.k.p.r.p.TestFile    ... finished proof: closed. 
123749     INFO  main            d.u.i.k.p.r.p.TestFile    Now processing file /home/runner/work/key/key/key.core/../key.ui/examples/InformationFlow/LoopInvariants/loop.IFLoopExamples(loop.IFLoopExamples__print(int)).Non-interference contract.0.key 
123750     INFO  main            d.u.i.k.p.i.AbstractProblemLoader Loading environment from /home/runner/work/key/key/key.core/../key.ui/examples/InformationFlow/LoopInvariants/loop.IFLoopExamples(loop.IFLoopExamples__print(int)).Non-interference contract.0.key 
123750     DEBUG main            d.u.i.k.p.i.AbstractProblemLoader Environment load took 98ns 
123751     INFO  main            d.u.i.k.p.i.AbstractProblemLoader Creating init config 
127191     DEBUG main            d.u.i.k.p.i.AbstractProblemLoader Init config took 3.44s 
127233     INFO  main            d.u.i.k.p.i.AbstractProblemLoader Replaying proof loop.IFLoopExamples[loop.IFLoopExamples::print(int)].Non-interference contract.0 
127236     DEBUG main            d.u.i.k.p.i.IntermediateProofReplayer Proof replay took 15.1ns 
127340     INFO  main            d.u.i.k.p.r.p.TestFile    ... finished proof: closed. 
127538     INFO  main            d.u.i.k.p.r.p.TestFile    Now processing file /home/runner/work/key/key/key.core/../key.ui/examples/InformationFlow/LoopInvariants/loop.IFLoopExamples(loop.IFLoopExamples__hammer(int)).Non-interference contract.0.key 
127538     INFO  main            d.u.i.k.p.i.AbstractProblemLoader Loading environment from /home/runner/work/key/key/key.core/../key.ui/examples/InformationFlow/LoopInvariants/loop.IFLoopExamples(loop.IFLoopExamples__hammer(int)).Non-interference contract.0.key 
127538     DEBUG main            d.u.i.k.p.i.AbstractProblemLoader Environment load took 75ns 
127540     INFO  main            d.u.i.k.p.i.AbstractProblemLoader Creating init config 
130977     DEBUG main            d.u.i.k.p.i.AbstractProblemLoader Init config took 3.44s 
131018     INFO  main            d.u.i.k.p.i.AbstractProblemLoader Replaying proof loop.IFLoopExamples[loop.IFLoopExamples::hammer(int)].Non-interference contract.0 
131021     DEBUG main            d.u.i.k.p.i.IntermediateProofReplayer Proof replay took 16.9ns 
133532     INFO  main            d.u.i.k.p.r.p.TestFile    ... finished proof: closed. 
1320865    INFO  Test worker     d.u.i.k.p.r.p.StatisticsFile Returning from test LoopInvariants_nomacro 
1320868    INFO  Test worker     d.u.i.k.p.r.p.StatisticsFile Running test MiniExamples_nomacro 
394        INFO  Timeout watchdog d.u.i.k.p.r.p.ForkedTestFileRunner Timeout watcher launched (1000 secs.) 
404        WARN  main            d.u.i.k.s.ProofSettings   The settings in /home/runner/.key/proof-settings.props are *not* read. 
436        INFO  main            d.u.i.k.p.r.p.TestFile    Now processing file /home/runner/work/key/key/key.core/../key.ui/examples/InformationFlow/MiniExamples/mini.AliasingExamples(mini.AliasingExamples__insecure_1(mini.AliasingExamples,mini.AliasingExamples,int)).Non-interference contract.0.key 
625        INFO  main            d.u.i.k.p.i.AbstractProblemLoader Loading environment from /home/runner/work/key/key/key.core/../key.ui/examples/InformationFlow/MiniExamples/mini.AliasingExamples(mini.AliasingExamples__insecure_1(mini.AliasingExamples,mini.AliasingExamples,int)).Non-interference contract.0.key 
661        DEBUG main            d.u.i.k.p.i.AbstractProblemLoader Environment load took 2.7ms 
941        INFO  main            d.u.i.k.p.i.AbstractProblemLoader Creating init config 
1908       DEBUG main            d.u.i.k.j.TypeConverter   No LDT found for Meta 
1909       DEBUG main            d.u.i.k.j.TypeConverter   No LDT found for Meta 
1910       DEBUG main            d.u.i.k.j.TypeConverter   No LDT found for Meta 
1911       DEBUG main            d.u.i.k.j.TypeConverter   No LDT found for Meta 
3459       DEBUG main            d.u.i.k.j.TypeConverter   No LDT found for JavaBigintExpression 
9116       DEBUG main            d.u.i.k.p.i.AbstractProblemLoader Init config took 8.18s 
9276       INFO  main            d.u.i.k.p.i.AbstractProblemLoader Replaying proof mini.AliasingExamples[mini.AliasingExamples::insecure_1(mini.AliasingExamples,mini.AliasingExamples,int)].Non-interference contract.0 
9317       DEBUG main            d.u.i.k.p.i.IntermediateProofReplayer Proof replay took 385.22ns 
10483      INFO  main            d.u.i.k.p.r.p.TestFile    ... finished proof: open goal(s) 
10625      INFO  main            d.u.i.k.p.r.p.TestFile    Now processing file /home/runner/work/key/key/key.core/../key.ui/examples/InformationFlow/MiniExamples/mini.AliasingExamples(mini.AliasingExamples__secure_1(mini.AliasingExamples,mini.AliasingExamples,int)).Non-interference contract.0.key 
10625      INFO  main            d.u.i.k.p.i.AbstractProblemLoader Loading environment from /home/runner/work/key/key/key.core/../key.ui/examples/InformationFlow/MiniExamples/mini.AliasingExamples(mini.AliasingExamples__secure_1(mini.AliasingExamples,mini.AliasingExamples,int)).Non-interference contract.0.key 
10626      DEBUG main            d.u.i.k.p.i.AbstractProblemLoader Environment load took 372.12ns 
10630      INFO  main            d.u.i.k.p.i.AbstractProblemLoader Creating init config 
14177      DEBUG main            d.u.i.k.p.i.AbstractProblemLoader Init config took 3.55s 
14286      INFO  main            d.u.i.k.p.i.AbstractProblemLoader Replaying proof mini.AliasingExamples[mini.AliasingExamples::secure_1(mini.AliasingExamples,mini.AliasingExamples,int)].Non-interference contract.0 
14290      DEBUG main            d.u.i.k.p.i.IntermediateProofReplayer Proof replay took 16.5ns 
14795      INFO  main            d.u.i.k.p.r.p.TestFile    ... finished proof: closed. 
14936      INFO  main            d.u.i.k.p.r.p.TestFile    Now processing file /home/runner/work/key/key/key.core/../key.ui/examples/InformationFlow/MiniExamples/mini.MiniExamplesLecture(mini.MiniExamplesLecture__m_6()).Non-interference contract.0.key 
14937      INFO  main            d.u.i.k.p.i.AbstractProblemLoader Loading environment from /home/runner/work/key/key/key.core/../key.ui/examples/InformationFlow/MiniExamples/mini.MiniExamplesLecture(mini.MiniExamplesLecture__m_6()).Non-interference contract.0.key 
14937      DEBUG main            d.u.i.k.p.i.AbstractProblemLoader Environment load took 96.5ns 
14939      INFO  main            d.u.i.k.p.i.AbstractProblemLoader Creating init config 
18151      DEBUG main            d.u.i.k.p.i.AbstractProblemLoader Init config took 3.21s 
18220      INFO  main            d.u.i.k.p.i.AbstractProblemLoader Replaying proof mini.MiniExamplesLecture[mini.MiniExamplesLecture::m_6()].Non-interference contract.0 
18225      DEBUG main            d.u.i.k.p.i.IntermediateProofReplayer Proof replay took 15ns 
18429      INFO  main            d.u.i.k.p.r.p.TestFile    ... finished proof: closed. 
18588      INFO  main            d.u.i.k.p.r.p.TestFile    Now processing file /home/runner/work/key/key/key.core/../key.ui/examples/InformationFlow/MiniExamples/mini.MiniExamplesLecture(mini.MiniExamplesLecture__m_5()).Non-interference contract.0.key 
18589      INFO  main            d.u.i.k.p.i.AbstractProblemLoader Loading environment from /home/runner/work/key/key/key.core/../key.ui/examples/InformationFlow/MiniExamples/mini.MiniExamplesLecture(mini.MiniExamplesLecture__m_5()).Non-interference contract.0.key 
18589      DEBUG main            d.u.i.k.p.i.AbstractProblemLoader Environment load took 89.91ns 
18591      INFO  main            d.u.i.k.p.i.AbstractProblemLoader Creating init config 
21708      DEBUG main            d.u.i.k.p.i.AbstractProblemLoader Init config took 3.12s 
21781      INFO  main            d.u.i.k.p.i.AbstractProblemLoader Replaying proof mini.MiniExamplesLecture[mini.MiniExamplesLecture::m_5()].Non-interference contract.0 
21788      DEBUG main            d.u.i.k.p.i.IntermediateProofReplayer Proof replay took 16.1ns 
22194      INFO  main            d.u.i.k.p.r.p.TestFile    ... finished proof: closed. 
22365      INFO  main            d.u.i.k.p.r.p.TestFile    Now processing file /home/runner/work/key/key/key.core/../key.ui/examples/InformationFlow/MiniExamples/mini.MiniExamplesLecture(mini.MiniExamplesLecture__m_4()).Non-interference contract.0.key 
22365      INFO  main            d.u.i.k.p.i.AbstractProblemLoader Loading environment from /home/runner/work/key/key/key.core/../key.ui/examples/InformationFlow/MiniExamples/mini.MiniExamplesLecture(mini.MiniExamplesLecture__m_4()).Non-interference contract.0.key 
22366      DEBUG main            d.u.i.k.p.i.AbstractProblemLoader Environment load took 99.2ns 
22367      INFO  main            d.u.i.k.p.i.AbstractProblemLoader Creating init config 
25476      DEBUG main            d.u.i.k.p.i.AbstractProblemLoader Init config took 3.11s 
25531      INFO  main            d.u.i.k.p.i.AbstractProblemLoader Replaying proof mini.MiniExamplesLecture[mini.MiniExamplesLecture::m_4()].Non-interference contract.0 
25535      DEBUG main            d.u.i.k.p.i.IntermediateProofReplayer Proof replay took 19.9ns 
25741      INFO  main            d.u.i.k.p.r.p.TestFile    ... finished proof: closed. 
25897      INFO  main            d.u.i.k.p.r.p.TestFile    Now processing file /home/runner/work/key/key/key.core/../key.ui/examples/InformationFlow/MiniExamples/mini.MiniExamplesLecture(mini.MiniExamplesLecture__m_3()).Non-interference contract.0.key 
25897      INFO  main            d.u.i.k.p.i.AbstractProblemLoader Loading environment from /home/runner/work/key/key/key.core/../key.ui/examples/InformationFlow/MiniExamples/mini.MiniExamplesLecture(mini.MiniExamplesLecture__m_3()).Non-interference contract.0.key 
25897      DEBUG main            d.u.i.k.p.i.AbstractProblemLoader Environment load took 78.2ns 
25899      INFO  main            d.u.i.k.p.i.AbstractProblemLoader Creating init config 
28942      DEBUG main            d.u.i.k.p.i.AbstractProblemLoader Init config took 3.04s 
28995      INFO  main            d.u.i.k.p.i.AbstractProblemLoader Replaying proof mini.MiniExamplesLecture[mini.MiniExamplesLecture::m_3()].Non-interference contract.0 
28999      DEBUG main            d.u.i.k.p.i.IntermediateProofReplayer Proof replay took 17.3ns 
29404      INFO  main            d.u.i.k.p.r.p.TestFile    ... finished proof: open goal(s) 
29567      INFO  main            d.u.i.k.p.r.p.TestFile    Now processing file /home/runner/work/key/key/key.core/../key.ui/examples/InformationFlow/MiniExamples/mini.MiniExamplesLecture(mini.MiniExamplesLecture__m_2()).Non-interference contract.0.key 
29567      INFO  main            d.u.i.k.p.i.AbstractProblemLoader Loading environment from /home/runner/work/key/key/key.core/../key.ui/examples/InformationFlow/MiniExamples/mini.MiniExamplesLecture(mini.MiniExamplesLecture__m_2()).Non-interference contract.0.key 
29567      DEBUG main            d.u.i.k.p.i.AbstractProblemLoader Environment load took 75.9ns 
29569      INFO  main            d.u.i.k.p.i.AbstractProblemLoader Creating init config 
32652      DEBUG main            d.u.i.k.p.i.AbstractProblemLoader Init config took 3.08s 
32727      INFO  main            d.u.i.k.p.i.AbstractProblemLoader Replaying proof mini.MiniExamplesLecture[mini.MiniExamplesLecture::m_2()].Non-interference contract.0 
32732      DEBUG main            d.u.i.k.p.i.IntermediateProofReplayer Proof replay took 17.1ns 
33037      INFO  main            d.u.i.k.p.r.p.TestFile    ... finished proof: closed. 
33208      INFO  main            d.u.i.k.p.r.p.TestFile    Now processing file /home/runner/work/key/key/key.core/../key.ui/examples/InformationFlow/MiniExamples/mini.MiniExamplesLecture(mini.MiniExamplesLecture__m_1()).Non-interference contract.0.key 
33208      INFO  main            d.u.i.k.p.i.AbstractProblemLoader Loading environment from /home/runner/work/key/key/key.core/../key.ui/examples/InformationFlow/MiniExamples/mini.MiniExamplesLecture(mini.MiniExamplesLecture__m_1()).Non-interference contract.0.key 
33209      DEBUG main            d.u.i.k.p.i.AbstractProblemLoader Environment load took 90.31ns 
33210      INFO  main            d.u.i.k.p.i.AbstractProblemLoader Creating init config 
36363      DEBUG main            d.u.i.k.p.i.AbstractProblemLoader Init config took 3.15s 
36438      INFO  main            d.u.i.k.p.i.AbstractProblemLoader Replaying proof mini.MiniExamplesLecture[mini.MiniExamplesLecture::m_1()].Non-interference contract.0 
36444      DEBUG main            d.u.i.k.p.i.IntermediateProofReplayer Proof replay took 16.2ns 
36648      INFO  main            d.u.i.k.p.r.p.TestFile    ... finished proof: open goal(s) 
36829      INFO  main            d.u.i.k.p.r.p.TestFile    Now processing file /home/runner/work/key/key/key.core/../key.ui/examples/InformationFlow/MiniExamples/mini.DifferenceSeqLocset(mini.DifferenceSeqLocset__m()).Non-interference contract.1.key 
36829      INFO  main            d.u.i.k.p.i.AbstractProblemLoader Loading environment from /home/runner/work/key/key/key.core/../key.ui/examples/InformationFlow/MiniExamples/mini.DifferenceSeqLocset(mini.DifferenceSeqLocset__m()).Non-interference contract.1.key 
36831      DEBUG main            d.u.i.k.p.i.AbstractProblemLoader Environment load took 2.11ms 
36834      INFO  main            d.u.i.k.p.i.AbstractProblemLoader Creating init config 
39881      DEBUG main            d.u.i.k.p.i.AbstractProblemLoader Init config took 3.05s 
39932      INFO  main            d.u.i.k.p.i.AbstractProblemLoader Replaying proof mini.DifferenceSeqLocset[mini.DifferenceSeqLocset::m()].Non-interference contract.1 
39936      DEBUG main            d.u.i.k.p.i.IntermediateProofReplayer Proof replay took 16.1ns 
40844      INFO  main            d.u.i.k.p.r.p.TestFile    ... finished proof: open goal(s) 
41030      INFO  main            d.u.i.k.p.r.p.TestFile    Now processing file /home/runner/work/key/key/key.core/../key.ui/examples/InformationFlow/MiniExamples/mini.DifferenceSeqLocset(mini.DifferenceSeqLocset__m()).Non-interference contract.0.key 
41030      INFO  main            d.u.i.k.p.i.AbstractProblemLoader Loading environment from /home/runner/work/key/key/key.core/../key.ui/examples/InformationFlow/MiniExamples/mini.DifferenceSeqLocset(mini.DifferenceSeqLocset__m()).Non-interference contract.0.key 
41030      DEBUG main            d.u.i.k.p.i.AbstractProblemLoader Environment load took 95.7ns 
41032      INFO  main            d.u.i.k.p.i.AbstractProblemLoader Creating init config 
44153      DEBUG main            d.u.i.k.p.i.AbstractProblemLoader Init config took 3.12s 
44213      INFO  main            d.u.i.k.p.i.AbstractProblemLoader Replaying proof mini.DifferenceSeqLocset[mini.DifferenceSeqLocset::m()].Non-interference contract.0 
44216      DEBUG main            d.u.i.k.p.i.IntermediateProofReplayer Proof replay took 16.4ns 
46475      INFO  main            d.u.i.k.p.r.p.TestFile    ... finished proof: open goal(s) 
46668      INFO  main            d.u.i.k.p.r.p.TestFile    Now processing file /home/runner/work/key/key/key.core/../key.ui/examples/InformationFlow/MiniExamples/mini.MiniExamples(mini.MiniExamples__secure_p2_8()).Non-interference contract.0.key 
46669      INFO  main            d.u.i.k.p.i.AbstractProblemLoader Loading environment from /home/runner/work/key/key/key.core/../key.ui/examples/InformationFlow/MiniExamples/mini.MiniExamples(mini.MiniExamples__secure_p2_8()).Non-interference contract.0.key 
46669      DEBUG main            d.u.i.k.p.i.AbstractProblemLoader Environment load took 83.81ns 
46670      INFO  main            d.u.i.k.p.i.AbstractProblemLoader Creating init config 
49612      DEBUG main            d.u.i.k.p.i.AbstractProblemLoader Init config took 2.94s 
49680      INFO  main            d.u.i.k.p.i.AbstractProblemLoader Replaying proof mini.MiniExamples[mini.MiniExamples::secure_p2_8()].Non-interference contract.0 
49685      DEBUG main            d.u.i.k.p.i.IntermediateProofReplayer Proof replay took 16.7ns 
50088      INFO  main            d.u.i.k.p.r.p.TestFile    ... finished proof: closed. 
50291      INFO  main            d.u.i.k.p.r.p.TestFile    Now processing file /home/runner/work/key/key/key.core/../key.ui/examples/InformationFlow/MiniExamples/mini.MiniExamples(mini.MiniExamples__secure_parameter(int)).Non-interference contract.0.key 
50292      INFO  main            d.u.i.k.p.i.AbstractProblemLoader Loading environment from /home/runner/work/key/key/key.core/../key.ui/examples/InformationFlow/MiniExamples/mini.MiniExamples(mini.MiniExamples__secure_parameter(int)).Non-interference contract.0.key 
50292      DEBUG main            d.u.i.k.p.i.AbstractProblemLoader Environment load took 75.8ns 
50293      INFO  main            d.u.i.k.p.i.AbstractProblemLoader Creating init config 
53222      DEBUG main            d.u.i.k.p.i.AbstractProblemLoader Init config took 2.93s 
53270      INFO  main            d.u.i.k.p.i.AbstractProblemLoader Replaying proof mini.MiniExamples[mini.MiniExamples::secure_parameter(int)].Non-interference contract.0 
53274      DEBUG main            d.u.i.k.p.i.IntermediateProofReplayer Proof replay took 17.8ns 
53477      INFO  main            d.u.i.k.p.r.p.TestFile    ... finished proof: closed. 
53656      INFO  main            d.u.i.k.p.r.p.TestFile    Now processing file /home/runner/work/key/key/key.core/../key.ui/examples/InformationFlow/MiniExamples/mini.MiniExamples(mini.MiniExamples__secure_p2_7()).Non-interference contract.0.key 
53656      INFO  main            d.u.i.k.p.i.AbstractProblemLoader Loading environment from /home/runner/work/key/key/key.core/../key.ui/examples/InformationFlow/MiniExamples/mini.MiniExamples(mini.MiniExamples__secure_p2_7()).Non-interference contract.0.key 
53656      DEBUG main            d.u.i.k.p.i.AbstractProblemLoader Environment load took 85.1ns 
53658      INFO  main            d.u.i.k.p.i.AbstractProblemLoader Creating init config 
56573      DEBUG main            d.u.i.k.p.i.AbstractProblemLoader Init config took 2.92s 
56621      INFO  main            d.u.i.k.p.i.AbstractProblemLoader Replaying proof mini.MiniExamples[mini.MiniExamples::secure_p2_7()].Non-interference contract.0 
56624      DEBUG main            d.u.i.k.p.i.IntermediateProofReplayer Proof replay took 16.2ns 
56927      INFO  main            d.u.i.k.p.r.p.TestFile    ... finished proof: closed. 
57120      INFO  main            d.u.i.k.p.r.p.TestFile    Now processing file /home/runner/work/key/key/key.core/../key.ui/examples/InformationFlow/MiniExamples/mini.MiniExamples(mini.MiniExamples__insecure_p2_2()).Non-interference contract.0.key 
57120      INFO  main            d.u.i.k.p.i.AbstractProblemLoader Loading environment from /home/runner/work/key/key/key.core/../key.ui/examples/InformationFlow/MiniExamples/mini.MiniExamples(mini.MiniExamples__insecure_p2_2()).Non-interference contract.0.key 
57120      DEBUG main            d.u.i.k.p.i.AbstractProblemLoader Environment load took 97.41ns 
57122      INFO  main            d.u.i.k.p.i.AbstractProblemLoader Creating init config 
60007      DEBUG main            d.u.i.k.p.i.AbstractProblemLoader Init config took 2.89s 
60054      INFO  main            d.u.i.k.p.i.AbstractProblemLoader Replaying proof mini.MiniExamples[mini.MiniExamples::insecure_p2_2()].Non-interference contract.0 
60060      DEBUG main            d.u.i.k.p.i.IntermediateProofReplayer Proof replay took 19.5ns 
60364      INFO  main            d.u.i.k.p.r.p.TestFile    ... finished proof: open goal(s) 
60572      INFO  main            d.u.i.k.p.r.p.TestFile    Now processing file /home/runner/work/key/key/key.core/../key.ui/examples/InformationFlow/MiniExamples/mini.MiniExamples(mini.MiniExamples__secure_p2_6()).Non-interference contract.0.key 
60573      INFO  main            d.u.i.k.p.i.AbstractProblemLoader Loading environment from /home/runner/work/key/key/key.core/../key.ui/examples/InformationFlow/MiniExamples/mini.MiniExamples(mini.MiniExamples__secure_p2_6()).Non-interference contract.0.key 
60573      DEBUG main            d.u.i.k.p.i.AbstractProblemLoader Environment load took 92.7ns 
60574      INFO  main            d.u.i.k.p.i.AbstractProblemLoader Creating init config 
63449      DEBUG main            d.u.i.k.p.i.AbstractProblemLoader Init config took 2.87s 
63496      INFO  main            d.u.i.k.p.i.AbstractProblemLoader Replaying proof mini.MiniExamples[mini.MiniExamples::secure_p2_6()].Non-interference contract.0 
63499      DEBUG main            d.u.i.k.p.i.IntermediateProofReplayer Proof replay took 18.3ns 
63604      INFO  main            d.u.i.k.p.r.p.TestFile    ... finished proof: closed. 
63800      INFO  main            d.u.i.k.p.r.p.TestFile    Now processing file /home/runner/work/key/key/key.core/../key.ui/examples/InformationFlow/MiniExamples/mini.MiniExamples(mini.MiniExamples__secure_p2_5()).Non-interference contract.0.key 
63801      INFO  main            d.u.i.k.p.i.AbstractProblemLoader Loading environment from /home/runner/work/key/key/key.core/../key.ui/examples/InformationFlow/MiniExamples/mini.MiniExamples(mini.MiniExamples__secure_p2_5()).Non-interference contract.0.key 
63801      DEBUG main            d.u.i.k.p.i.AbstractProblemLoader Environment load took 74ns 
63802      INFO  main            d.u.i.k.p.i.AbstractProblemLoader Creating init config 
66683      DEBUG main            d.u.i.k.p.i.AbstractProblemLoader Init config took 2.88s 
66729      INFO  main            d.u.i.k.p.i.AbstractProblemLoader Replaying proof mini.MiniExamples[mini.MiniExamples::secure_p2_5()].Non-interference contract.0 
66732      DEBUG main            d.u.i.k.p.i.IntermediateProofReplayer Proof replay took 16.4ns 
66937      INFO  main            d.u.i.k.p.r.p.TestFile    ... finished proof: closed. 
67126      INFO  main            d.u.i.k.p.r.p.TestFile    Now processing file /home/runner/work/key/key/key.core/../key.ui/examples/InformationFlow/MiniExamples/mini.MiniExamples(mini.MiniExamples__secure_p2_4()).Non-interference contract.0.key 
67126      INFO  main            d.u.i.k.p.i.AbstractProblemLoader Loading environment from /home/runner/work/key/key/key.core/../key.ui/examples/InformationFlow/MiniExamples/mini.MiniExamples(mini.MiniExamples__secure_p2_4()).Non-interference contract.0.key 
67126      DEBUG main            d.u.i.k.p.i.AbstractProblemLoader Environment load took 69.4ns 
67128      INFO  main            d.u.i.k.p.i.AbstractProblemLoader Creating init config 
69992      DEBUG main            d.u.i.k.p.i.AbstractProblemLoader Init config took 2.86s 
70048      INFO  main            d.u.i.k.p.i.AbstractProblemLoader Replaying proof mini.MiniExamples[mini.MiniExamples::secure_p2_4()].Non-interference contract.0 
70053      DEBUG main            d.u.i.k.p.i.IntermediateProofReplayer Proof replay took 17ns 
70256      INFO  main            d.u.i.k.p.r.p.TestFile    ... finished proof: closed. 
70476      INFO  main            d.u.i.k.p.r.p.TestFile    Now processing file /home/runner/work/key/key/key.core/../key.ui/examples/InformationFlow/MiniExamples/mini.MiniExamples(mini.MiniExamples__secure_p2_3()).Non-interference contract.0.key 
70477      INFO  main            d.u.i.k.p.i.AbstractProblemLoader Loading environment from /home/runner/work/key/key/key.core/../key.ui/examples/InformationFlow/MiniExamples/mini.MiniExamples(mini.MiniExamples__secure_p2_3()).Non-interference contract.0.key 
70477      DEBUG main            d.u.i.k.p.i.AbstractProblemLoader Environment load took 71.6ns 
70479      INFO  main            d.u.i.k.p.i.AbstractProblemLoader Creating init config 
73408      DEBUG main            d.u.i.k.p.i.AbstractProblemLoader Init config took 2.93s 
73452      INFO  main            d.u.i.k.p.i.AbstractProblemLoader Replaying proof mini.MiniExamples[mini.MiniExamples::secure_p2_3()].Non-interference contract.0 
73455      DEBUG main            d.u.i.k.p.i.IntermediateProofReplayer Proof replay took 15.7ns 
73561      INFO  main            d.u.i.k.p.r.p.TestFile    ... finished proof: closed. 
73767      INFO  main            d.u.i.k.p.r.p.TestFile    Now processing file /home/runner/work/key/key/key.core/../key.ui/examples/InformationFlow/MiniExamples/mini.MiniExamples(mini.MiniExamples__secure_p2_2()).Non-interference contract.0.key 
73767      INFO  main            d.u.i.k.p.i.AbstractProblemLoader Loading environment from /home/runner/work/key/key/key.core/../key.ui/examples/InformationFlow/MiniExamples/mini.MiniExamples(mini.MiniExamples__secure_p2_2()).Non-interference contract.0.key 
73767      DEBUG main            d.u.i.k.p.i.AbstractProblemLoader Environment load took 83ns 
73769      INFO  main            d.u.i.k.p.i.AbstractProblemLoader Creating init config 
76693      DEBUG main            d.u.i.k.p.i.AbstractProblemLoader Init config took 2.92s 
76736      INFO  main            d.u.i.k.p.i.AbstractProblemLoader Replaying proof mini.MiniExamples[mini.MiniExamples::secure_p2_2()].Non-interference contract.0 
76739      DEBUG main            d.u.i.k.p.i.IntermediateProofReplayer Proof replay took 18.7ns 
76844      INFO  main            d.u.i.k.p.r.p.TestFile    ... finished proof: closed. 
77047      INFO  main            d.u.i.k.p.r.p.TestFile    Now processing file /home/runner/work/key/key/key.core/../key.ui/examples/InformationFlow/MiniExamples/mini.MiniExamples(mini.MiniExamples__secure_p2_1()).Non-interference contract.0.key 
77047      INFO  main            d.u.i.k.p.i.AbstractProblemLoader Loading environment from /home/runner/work/key/key/key.core/../key.ui/examples/InformationFlow/MiniExamples/mini.MiniExamples(mini.MiniExamples__secure_p2_1()).Non-interference contract.0.key 
77047      DEBUG main            d.u.i.k.p.i.AbstractProblemLoader Environment load took 71.3ns 
77048      INFO  main            d.u.i.k.p.i.AbstractProblemLoader Creating init config 
80005      DEBUG main            d.u.i.k.p.i.AbstractProblemLoader Init config took 2.96s 
80053      INFO  main            d.u.i.k.p.i.AbstractProblemLoader Replaying proof mini.MiniExamples[mini.MiniExamples::secure_p2_1()].Non-interference contract.0 
80057      DEBUG main            d.u.i.k.p.i.IntermediateProofReplayer Proof replay took 16ns 
80260      INFO  main            d.u.i.k.p.r.p.TestFile    ... finished proof: closed. 
80463      INFO  main            d.u.i.k.p.r.p.TestFile    Now processing file /home/runner/work/key/key/key.core/../key.ui/examples/InformationFlow/MiniExamples/mini.MiniExamples(mini.MiniExamples__insecure_p2_1()).Non-interference contract.0.key 
80463      INFO  main            d.u.i.k.p.i.AbstractProblemLoader Loading environment from /home/runner/work/key/key/key.core/../key.ui/examples/InformationFlow/MiniExamples/mini.MiniExamples(mini.MiniExamples__insecure_p2_1()).Non-interference contract.0.key 
80463      DEBUG main            d.u.i.k.p.i.AbstractProblemLoader Environment load took 105.11ns 
80464      INFO  main            d.u.i.k.p.i.AbstractProblemLoader Creating init config 
83350      DEBUG main            d.u.i.k.p.i.AbstractProblemLoader Init config took 2.89s 
83406      INFO  main            d.u.i.k.p.i.AbstractProblemLoader Replaying proof mini.MiniExamples[mini.MiniExamples::insecure_p2_1()].Non-interference contract.0 
83409      DEBUG main            d.u.i.k.p.i.IntermediateProofReplayer Proof replay took 18.1ns 
83512      INFO  main            d.u.i.k.p.r.p.TestFile    ... finished proof: open goal(s) 
83721      INFO  main            d.u.i.k.p.r.p.TestFile    Now processing file /home/runner/work/key/key/key.core/../key.ui/examples/InformationFlow/MiniExamples/mini.MiniExamples(mini.MiniExamples__secure_p1_6()).Non-interference contract.0.key 
83721      INFO  main            d.u.i.k.p.i.AbstractProblemLoader Loading environment from /home/runner/work/key/key/key.core/../key.ui/examples/InformationFlow/MiniExamples/mini.MiniExamples(mini.MiniExamples__secure_p1_6()).Non-interference contract.0.key 
83721      DEBUG main            d.u.i.k.p.i.AbstractProblemLoader Environment load took 84ns 
83722      INFO  main            d.u.i.k.p.i.AbstractProblemLoader Creating init config 
86593      DEBUG main            d.u.i.k.p.i.AbstractProblemLoader Init config took 2.87s 
86667      INFO  main            d.u.i.k.p.i.AbstractProblemLoader Replaying proof mini.MiniExamples[mini.MiniExamples::secure_p1_6()].Non-interference contract.0 
86672      DEBUG main            d.u.i.k.p.i.IntermediateProofReplayer Proof replay took 17.7ns 
86875      INFO  main            d.u.i.k.p.r.p.TestFile    ... finished proof: closed. 
87113      INFO  main            d.u.i.k.p.r.p.TestFile    Now processing file /home/runner/work/key/key/key.core/../key.ui/examples/InformationFlow/MiniExamples/mini.MiniExamples(mini.MiniExamples__secure_p1_5()).Non-interference contract.0.key 
87113      INFO  main            d.u.i.k.p.i.AbstractProblemLoader Loading environment from /home/runner/work/key/key/key.core/../key.ui/examples/InformationFlow/MiniExamples/mini.MiniExamples(mini.MiniExamples__secure_p1_5()).Non-interference contract.0.key 
87113      DEBUG main            d.u.i.k.p.i.AbstractProblemLoader Environment load took 78.7ns 
87114      INFO  main            d.u.i.k.p.i.AbstractProblemLoader Creating init config 
90021      DEBUG main            d.u.i.k.p.i.AbstractProblemLoader Init config took 2.91s 
90063      INFO  main            d.u.i.k.p.i.AbstractProblemLoader Replaying proof mini.MiniExamples[mini.MiniExamples::secure_p1_5()].Non-interference contract.0 
90066      DEBUG main            d.u.i.k.p.i.IntermediateProofReplayer Proof replay took 15.9ns 
90369      INFO  main            d.u.i.k.p.r.p.TestFile    ... finished proof: closed. 
90606      INFO  main            d.u.i.k.p.r.p.TestFile    Now processing file /home/runner/work/key/key/key.core/../key.ui/examples/InformationFlow/MiniExamples/mini.MiniExamples(mini.MiniExamples__secure_p1_4()).Non-interference contract.0.key 
90607      INFO  main            d.u.i.k.p.i.AbstractProblemLoader Loading environment from /home/runner/work/key/key/key.core/../key.ui/examples/InformationFlow/MiniExamples/mini.MiniExamples(mini.MiniExamples__secure_p1_4()).Non-interference contract.0.key 
90607      DEBUG main            d.u.i.k.p.i.AbstractProblemLoader Environment load took 74.7ns 
90608      INFO  main            d.u.i.k.p.i.AbstractProblemLoader Creating init config 
93501      DEBUG main            d.u.i.k.p.i.AbstractProblemLoader Init config took 2.89s 
93544      INFO  main            d.u.i.k.p.i.AbstractProblemLoader Replaying proof mini.MiniExamples[mini.MiniExamples::secure_p1_4()].Non-interference contract.0 
93547      DEBUG main            d.u.i.k.p.i.IntermediateProofReplayer Proof replay took 20.3ns 
93851      INFO  main            d.u.i.k.p.r.p.TestFile    ... finished proof: closed. 
94122      INFO  main            d.u.i.k.p.r.p.TestFile    Now processing file /home/runner/work/key/key/key.core/../key.ui/examples/InformationFlow/MiniExamples/mini.MiniExamples(mini.MiniExamples__secure_p1_3()).Non-interference contract.0.key 
94122      INFO  main            d.u.i.k.p.i.AbstractProblemLoader Loading environment from /home/runner/work/key/key/key.core/../key.ui/examples/InformationFlow/MiniExamples/mini.MiniExamples(mini.MiniExamples__secure_p1_3()).Non-interference contract.0.key 
94122      DEBUG main            d.u.i.k.p.i.AbstractProblemLoader Environment load took 77.41ns 
94123      INFO  main            d.u.i.k.p.i.AbstractProblemLoader Creating init config 
97046      DEBUG main            d.u.i.k.p.i.AbstractProblemLoader Init config took 2.92s 
97100      INFO  main            d.u.i.k.p.i.AbstractProblemLoader Replaying proof mini.MiniExamples[mini.MiniExamples::secure_p1_3()].Non-interference contract.0 
97103      DEBUG main            d.u.i.k.p.i.IntermediateProofReplayer Proof replay took 17.1ns 
97309      INFO  main            d.u.i.k.p.r.p.TestFile    ... finished proof: closed. 
97536      INFO  main            d.u.i.k.p.r.p.TestFile    Now processing file /home/runner/work/key/key/key.core/../key.ui/examples/InformationFlow/MiniExamples/mini.MiniExamples(mini.MiniExamples__secure_p1_2()).Non-interference contract.0.key 
97536      INFO  main            d.u.i.k.p.i.AbstractProblemLoader Loading environment from /home/runner/work/key/key/key.core/../key.ui/examples/InformationFlow/MiniExamples/mini.MiniExamples(mini.MiniExamples__secure_p1_2()).Non-interference contract.0.key 
97536      DEBUG main            d.u.i.k.p.i.AbstractProblemLoader Environment load took 62.4ns 
97538      INFO  main            d.u.i.k.p.i.AbstractProblemLoader Creating init config 
100392     DEBUG main            d.u.i.k.p.i.AbstractProblemLoader Init config took 2.85s 
100433     INFO  main            d.u.i.k.p.i.AbstractProblemLoader Replaying proof mini.MiniExamples[mini.MiniExamples::secure_p1_2()].Non-interference contract.0 
100436     DEBUG main            d.u.i.k.p.i.IntermediateProofReplayer Proof replay took 17.9ns 
100755     INFO  main            d.u.i.k.p.r.p.TestFile    ... finished proof: closed. 
100982     INFO  main            d.u.i.k.p.r.p.TestFile    Now processing file /home/runner/work/key/key/key.core/../key.ui/examples/InformationFlow/MiniExamples/mini.MiniExamples(mini.MiniExamples__secure_p1_1()).Non-interference contract.1.key 
100983     INFO  main            d.u.i.k.p.i.AbstractProblemLoader Loading environment from /home/runner/work/key/key/key.core/../key.ui/examples/InformationFlow/MiniExamples/mini.MiniExamples(mini.MiniExamples__secure_p1_1()).Non-interference contract.1.key 
100983     DEBUG main            d.u.i.k.p.i.AbstractProblemLoader Environment load took 69.8ns 
100984     INFO  main            d.u.i.k.p.i.AbstractProblemLoader Creating init config 
103831     DEBUG main            d.u.i.k.p.i.AbstractProblemLoader Init config took 2.85s 
103873     INFO  main            d.u.i.k.p.i.AbstractProblemLoader Replaying proof mini.MiniExamples[mini.MiniExamples::secure_p1_1()].Non-interference contract.1 
103876     DEBUG main            d.u.i.k.p.i.IntermediateProofReplayer Proof replay took 18ns 
104079     INFO  main            d.u.i.k.p.r.p.TestFile    ... finished proof: closed. 
104320     INFO  main            d.u.i.k.p.r.p.TestFile    Now processing file /home/runner/work/key/key/key.core/../key.ui/examples/InformationFlow/MiniExamples/mini.MiniExamples(mini.MiniExamples__secure_p1_1()).Non-interference contract.0.key 
104321     INFO  main            d.u.i.k.p.i.AbstractProblemLoader Loading environment from /home/runner/work/key/key/key.core/../key.ui/examples/InformationFlow/MiniExamples/mini.MiniExamples(mini.MiniExamples__secure_p1_1()).Non-interference contract.0.key 
104321     DEBUG main            d.u.i.k.p.i.AbstractProblemLoader Environment load took 73.2ns 
104322     INFO  main            d.u.i.k.p.i.AbstractProblemLoader Creating init config 
107156     DEBUG main            d.u.i.k.p.i.AbstractProblemLoader Init config took 2.83s 
107198     INFO  main            d.u.i.k.p.i.AbstractProblemLoader Replaying proof mini.MiniExamples[mini.MiniExamples::secure_p1_1()].Non-interference contract.0 
107201     DEBUG main            d.u.i.k.p.i.IntermediateProofReplayer Proof replay took 20.4ns 
107409     INFO  main            d.u.i.k.p.r.p.TestFile    ... finished proof: closed. 
107647     INFO  main            d.u.i.k.p.r.p.TestFile    Now processing file /home/runner/work/key/key/key.core/../key.ui/examples/InformationFlow/MiniExamples/mini.MiniExamples(mini.MiniExamples__insecure_p1_2()).Non-interference contract.0.key 
107647     INFO  main            d.u.i.k.p.i.AbstractProblemLoader Loading environment from /home/runner/work/key/key/key.core/../key.ui/examples/InformationFlow/MiniExamples/mini.MiniExamples(mini.MiniExamples__insecure_p1_2()).Non-interference contract.0.key 
107648     DEBUG main            d.u.i.k.p.i.AbstractProblemLoader Environment load took 70.3ns 
107649     INFO  main            d.u.i.k.p.i.AbstractProblemLoader Creating init config 
110542     DEBUG main            d.u.i.k.p.i.AbstractProblemLoader Init config took 2.89s 
110583     INFO  main            d.u.i.k.p.i.AbstractProblemLoader Replaying proof mini.MiniExamples[mini.MiniExamples::insecure_p1_2()].Non-interference contract.0 
110585     DEBUG main            d.u.i.k.p.i.IntermediateProofReplayer Proof replay took 18.5ns 
110889     INFO  main            d.u.i.k.p.r.p.TestFile    ... finished proof: open goal(s) 
111205     INFO  main            d.u.i.k.p.r.p.TestFile    Now processing file /home/runner/work/key/key/key.core/../key.ui/examples/InformationFlow/MiniExamples/mini.MiniExamples(mini.MiniExamples__insecure_p1_1()).Non-interference contract.0.key 
111205     INFO  main            d.u.i.k.p.i.AbstractProblemLoader Loading environment from /home/runner/work/key/key/key.core/../key.ui/examples/InformationFlow/MiniExamples/mini.MiniExamples(mini.MiniExamples__insecure_p1_1()).Non-interference contract.0.key 
111205     DEBUG main            d.u.i.k.p.i.AbstractProblemLoader Environment load took 68.4ns 
111206     INFO  main            d.u.i.k.p.i.AbstractProblemLoader Creating init config 
114027     DEBUG main            d.u.i.k.p.i.AbstractProblemLoader Init config took 2.82s 
114067     INFO  main            d.u.i.k.p.i.AbstractProblemLoader Replaying proof mini.MiniExamples[mini.MiniExamples::insecure_p1_1()].Non-interference contract.0 
114070     DEBUG main            d.u.i.k.p.i.IntermediateProofReplayer Proof replay took 16ns 
114272     INFO  main            d.u.i.k.p.r.p.TestFile    ... finished proof: open goal(s) 
1435589    INFO  Test worker     d.u.i.k.p.r.p.StatisticsFile Returning from test MiniExamples_nomacro 
1435592    INFO  Test worker     d.u.i.k.p.r.p.StatisticsFile Running test NewObjects_nomacro 
391        INFO  Timeout watchdog d.u.i.k.p.r.p.ForkedTestFileRunner Timeout watcher launched (1000 secs.) 
404        WARN  main            d.u.i.k.s.ProofSettings   The settings in /home/runner/.key/proof-settings.props are *not* read. 
435        INFO  main            d.u.i.k.p.r.p.TestFile    Now processing file /home/runner/work/key/key/key.core/../key.ui/examples/InformationFlow/NewObjects/object.AmtoftBanerjee3(object.AmtoftBanerjee3__m()).Non-interference contract.0.key 
573        INFO  main            d.u.i.k.p.i.AbstractProblemLoader Loading environment from /home/runner/work/key/key/key.core/../key.ui/examples/InformationFlow/NewObjects/object.AmtoftBanerjee3(object.AmtoftBanerjee3__m()).Non-interference contract.0.key 
596        DEBUG main            d.u.i.k.p.i.AbstractProblemLoader Environment load took 3.14ms 
851        INFO  main            d.u.i.k.p.i.AbstractProblemLoader Creating init config 
1910       DEBUG main            d.u.i.k.j.TypeConverter   No LDT found for Meta 
1910       DEBUG main            d.u.i.k.j.TypeConverter   No LDT found for Meta 
1913       DEBUG main            d.u.i.k.j.TypeConverter   No LDT found for Meta 
1914       DEBUG main            d.u.i.k.j.TypeConverter   No LDT found for Meta 
3481       DEBUG main            d.u.i.k.j.TypeConverter   No LDT found for JavaBigintExpression 
6754       DEBUG main            d.u.i.k.j.r.ClassPreparationMethodBuilder clPrepBuilder: Inner Class detected. Reject building class initialisation methods. 
9705       DEBUG main            d.u.i.k.p.i.AbstractProblemLoader Init config took 8.85s 
9868       INFO  main            d.u.i.k.p.i.AbstractProblemLoader Replaying proof object.AmtoftBanerjee3[object.AmtoftBanerjee3::m()].Non-interference contract.0 
10008      DEBUG main            d.u.i.k.p.i.IntermediateProofReplayer Proof replay took 420.42ns 
11065      INFO  main            d.u.i.k.p.r.p.TestFile    ... finished proof: closed. 
11207      INFO  main            d.u.i.k.p.r.p.TestFile    Now processing file /home/runner/work/key/key/key.core/../key.ui/examples/InformationFlow/NewObjects/object.AmtoftBanerjee(object.AmtoftBanerjee__m_2()).Non-interference contract.0.key 
11208      INFO  main            d.u.i.k.p.i.AbstractProblemLoader Loading environment from /home/runner/work/key/key/key.core/../key.ui/examples/InformationFlow/NewObjects/object.AmtoftBanerjee(object.AmtoftBanerjee__m_2()).Non-interference contract.0.key 
11209      DEBUG main            d.u.i.k.p.i.AbstractProblemLoader Environment load took 404.62ns 
11211      INFO  main            d.u.i.k.p.i.AbstractProblemLoader Creating init config 
12491      DEBUG main            d.u.i.k.j.r.ClassPreparationMethodBuilder clPrepBuilder: Inner Class detected. Reject building class initialisation methods. 
14866      DEBUG main            d.u.i.k.p.i.AbstractProblemLoader Init config took 3.65s 
14998      INFO  main            d.u.i.k.p.i.AbstractProblemLoader Replaying proof object.AmtoftBanerjee[object.AmtoftBanerjee::m_2()].Non-interference contract.0 
15008      DEBUG main            d.u.i.k.p.i.IntermediateProofReplayer Proof replay took 16.3ns 
16617      INFO  main            d.u.i.k.p.r.p.TestFile    ... finished proof: closed. 
16788      INFO  main            d.u.i.k.p.r.p.TestFile    Now processing file /home/runner/work/key/key/key.core/../key.ui/examples/InformationFlow/NewObjects/object.AmtoftBanerjee(object.AmtoftBanerjee__m_1()).Non-interference contract.1.key 
16789      INFO  main            d.u.i.k.p.i.AbstractProblemLoader Loading environment from /home/runner/work/key/key/key.core/../key.ui/examples/InformationFlow/NewObjects/object.AmtoftBanerjee(object.AmtoftBanerjee__m_1()).Non-interference contract.1.key 
16789      DEBUG main            d.u.i.k.p.i.AbstractProblemLoader Environment load took 85.2ns 
16795      INFO  main            d.u.i.k.p.i.AbstractProblemLoader Creating init config 
17920      DEBUG main            d.u.i.k.j.r.ClassPreparationMethodBuilder clPrepBuilder: Inner Class detected. Reject building class initialisation methods. 
20262      DEBUG main            d.u.i.k.p.i.AbstractProblemLoader Init config took 3.47s 
20331      INFO  main            d.u.i.k.p.i.AbstractProblemLoader Replaying proof object.AmtoftBanerjee[object.AmtoftBanerjee::m_1()].Non-interference contract.1 
20335      DEBUG main            d.u.i.k.p.i.IntermediateProofReplayer Proof replay took 15.7ns 
21053      INFO  main            d.u.i.k.p.r.p.TestFile    ... finished proof: open goal(s) 
21280      INFO  main            d.u.i.k.p.r.p.TestFile    Now processing file /home/runner/work/key/key/key.core/../key.ui/examples/InformationFlow/NewObjects/object.AmtoftBanerjee(object.AmtoftBanerjee__m_1()).Non-interference contract.0.key 
21280      INFO  main            d.u.i.k.p.i.AbstractProblemLoader Loading environment from /home/runner/work/key/key/key.core/../key.ui/examples/InformationFlow/NewObjects/object.AmtoftBanerjee(object.AmtoftBanerjee__m_1()).Non-interference contract.0.key 
21280      DEBUG main            d.u.i.k.p.i.AbstractProblemLoader Environment load took 90.2ns 
21282      INFO  main            d.u.i.k.p.i.AbstractProblemLoader Creating init config 
22397      DEBUG main            d.u.i.k.j.r.ClassPreparationMethodBuilder clPrepBuilder: Inner Class detected. Reject building class initialisation methods. 
24674      DEBUG main            d.u.i.k.p.i.AbstractProblemLoader Init config took 3.39s 
24744      INFO  main            d.u.i.k.p.i.AbstractProblemLoader Replaying proof object.AmtoftBanerjee[object.AmtoftBanerjee::m_1()].Non-interference contract.0 
24750      DEBUG main            d.u.i.k.p.i.IntermediateProofReplayer Proof replay took 15.3ns 
25459      INFO  main            d.u.i.k.p.r.p.TestFile    ... finished proof: closed. 
25632      INFO  main            d.u.i.k.p.r.p.TestFile    Now processing file /home/runner/work/key/key/key.core/../key.ui/examples/InformationFlow/NewObjects/object.AmtoftBanerjee(object.AmtoftBanerjee__getQ()).Non-interference contract.0.key 
25632      INFO  main            d.u.i.k.p.i.AbstractProblemLoader Loading environment from /home/runner/work/key/key/key.core/../key.ui/examples/InformationFlow/NewObjects/object.AmtoftBanerjee(object.AmtoftBanerjee__getQ()).Non-interference contract.0.key 
25632      DEBUG main            d.u.i.k.p.i.AbstractProblemLoader Environment load took 91.91ns 
25633      INFO  main            d.u.i.k.p.i.AbstractProblemLoader Creating init config 
26689      DEBUG main            d.u.i.k.j.r.ClassPreparationMethodBuilder clPrepBuilder: Inner Class detected. Reject building class initialisation methods. 
28949      DEBUG main            d.u.i.k.p.i.AbstractProblemLoader Init config took 3.32s 
29027      INFO  main            d.u.i.k.p.i.AbstractProblemLoader Replaying proof object.AmtoftBanerjee[object.AmtoftBanerjee::getQ()].Non-interference contract.0 
29034      DEBUG main            d.u.i.k.p.i.IntermediateProofReplayer Proof replay took 16.8ns 
29237      INFO  main            d.u.i.k.p.r.p.TestFile    ... finished proof: closed. 
29387      INFO  main            d.u.i.k.p.r.p.TestFile    Now processing file /home/runner/work/key/key/key.core/../key.ui/examples/InformationFlow/NewObjects/object.ObjectOrientation(object.ObjectOrientation__secure_while_i((Ljava.lang.Object)).Non-interference contract.0.key 
29387      INFO  main            d.u.i.k.p.i.AbstractProblemLoader Loading environment from /home/runner/work/key/key/key.core/../key.ui/examples/InformationFlow/NewObjects/object.ObjectOrientation(object.ObjectOrientation__secure_while_i((Ljava.lang.Object)).Non-interference contract.0.key 
29387      DEBUG main            d.u.i.k.p.i.AbstractProblemLoader Environment load took 131.11ns 
29390      INFO  main            d.u.i.k.p.i.AbstractProblemLoader Creating init config 
30445      DEBUG main            d.u.i.k.j.r.ClassPreparationMethodBuilder clPrepBuilder: Inner Class detected. Reject building class initialisation methods. 
32655      DEBUG main            d.u.i.k.p.i.AbstractProblemLoader Init config took 3.26s 
32712      INFO  main            d.u.i.k.p.i.AbstractProblemLoader Replaying proof object.ObjectOrientation[object.ObjectOrientation::secure_while_i([Ljava.lang.Object)].Non-interference contract.0 
32715      DEBUG main            d.u.i.k.p.i.IntermediateProofReplayer Proof replay took 16.6ns 
45561      INFO  main            d.u.i.k.p.r.p.TestFile    ... finished proof: closed. 
45798      INFO  main            d.u.i.k.p.r.p.TestFile    Now processing file /home/runner/work/key/key/key.core/../key.ui/examples/InformationFlow/NewObjects/object.ObjectOrientation(object.ObjectOrientation__secure_method_call()).Non-interference contract.0.key 
45798      INFO  main            d.u.i.k.p.i.AbstractProblemLoader Loading environment from /home/runner/work/key/key/key.core/../key.ui/examples/InformationFlow/NewObjects/object.ObjectOrientation(object.ObjectOrientation__secure_method_call()).Non-interference contract.0.key 
45798      DEBUG main            d.u.i.k.p.i.AbstractProblemLoader Environment load took 89.91ns 
45800      INFO  main            d.u.i.k.p.i.AbstractProblemLoader Creating init config 
46844      DEBUG main            d.u.i.k.j.r.ClassPreparationMethodBuilder clPrepBuilder: Inner Class detected. Reject building class initialisation methods. 
49112      DEBUG main            d.u.i.k.p.i.AbstractProblemLoader Init config took 3.31s 
49167      INFO  main            d.u.i.k.p.i.AbstractProblemLoader Replaying proof object.ObjectOrientation[object.ObjectOrientation::secure_method_call()].Non-interference contract.0 
49170      DEBUG main            d.u.i.k.p.i.IntermediateProofReplayer Proof replay took 15ns 
49778      INFO  main            d.u.i.k.p.r.p.TestFile    ... finished proof: closed. 
49991      INFO  main            d.u.i.k.p.r.p.TestFile    Now processing file /home/runner/work/key/key/key.core/../key.ui/examples/InformationFlow/NewObjects/object.ObjectOrientation(object.ObjectOrientation__if_two_object_creation_next()).Non-interference contract.1.key 
49992      INFO  main            d.u.i.k.p.i.AbstractProblemLoader Loading environment from /home/runner/work/key/key/key.core/../key.ui/examples/InformationFlow/NewObjects/object.ObjectOrientation(object.ObjectOrientation__if_two_object_creation_next()).Non-interference contract.1.key 
49992      DEBUG main            d.u.i.k.p.i.AbstractProblemLoader Environment load took 509.13ns 
49994      INFO  main            d.u.i.k.p.i.AbstractProblemLoader Creating init config 
51015      DEBUG main            d.u.i.k.j.r.ClassPreparationMethodBuilder clPrepBuilder: Inner Class detected. Reject building class initialisation methods. 
53290      DEBUG main            d.u.i.k.p.i.AbstractProblemLoader Init config took 3.3s 
53361      INFO  main            d.u.i.k.p.i.AbstractProblemLoader Replaying proof object.ObjectOrientation[object.ObjectOrientation::if_two_object_creation_next()].Non-interference contract.1 
53364      DEBUG main            d.u.i.k.p.i.IntermediateProofReplayer Proof replay took 16.4ns 
78170      INFO  main            d.u.i.k.p.r.p.TestFile    ... finished proof: open goal(s) 
78418      INFO  main            d.u.i.k.p.r.p.TestFile    Now processing file /home/runner/work/key/key/key.core/../key.ui/examples/InformationFlow/NewObjects/object.ObjectOrientation(object.ObjectOrientation__insecure_two_object_creation()).Non-interference contract.0.key 
78419      INFO  main            d.u.i.k.p.i.AbstractProblemLoader Loading environment from /home/runner/work/key/key/key.core/../key.ui/examples/InformationFlow/NewObjects/object.ObjectOrientation(object.ObjectOrientation__insecure_two_object_creation()).Non-interference contract.0.key 
78419      DEBUG main            d.u.i.k.p.i.AbstractProblemLoader Environment load took 80.2ns 
78421      INFO  main            d.u.i.k.p.i.AbstractProblemLoader Creating init config 
79449      DEBUG main            d.u.i.k.j.r.ClassPreparationMethodBuilder clPrepBuilder: Inner Class detected. Reject building class initialisation methods. 
81629      DEBUG main            d.u.i.k.p.i.AbstractProblemLoader Init config took 3.21s 
81680      INFO  main            d.u.i.k.p.i.AbstractProblemLoader Replaying proof object.ObjectOrientation[object.ObjectOrientation::insecure_two_object_creation()].Non-interference contract.0 
81683      DEBUG main            d.u.i.k.p.i.IntermediateProofReplayer Proof replay took 14.6ns 
105814     INFO  main            d.u.i.k.p.r.p.TestFile    ... finished proof: open goal(s) 
106139     INFO  main            d.u.i.k.p.r.p.TestFile    Now processing file /home/runner/work/key/key/key.core/../key.ui/examples/InformationFlow/NewObjects/object.ObjectOrientation(object.ObjectOrientation__secure_two_object_creation()).Non-interference contract.0.key 
106139     INFO  main            d.u.i.k.p.i.AbstractProblemLoader Loading environment from /home/runner/work/key/key/key.core/../key.ui/examples/InformationFlow/NewObjects/object.ObjectOrientation(object.ObjectOrientation__secure_two_object_creation()).Non-interference contract.0.key 
106139     DEBUG main            d.u.i.k.p.i.AbstractProblemLoader Environment load took 74.8ns 
106140     INFO  main            d.u.i.k.p.i.AbstractProblemLoader Creating init config 
107158     DEBUG main            d.u.i.k.j.r.ClassPreparationMethodBuilder clPrepBuilder: Inner Class detected. Reject building class initialisation methods. 
109357     DEBUG main            d.u.i.k.p.i.AbstractProblemLoader Init config took 3.22s 
109411     INFO  main            d.u.i.k.p.i.AbstractProblemLoader Replaying proof object.ObjectOrientation[object.ObjectOrientation::secure_two_object_creation()].Non-interference contract.0 
109414     DEBUG main            d.u.i.k.p.i.IntermediateProofReplayer Proof replay took 15.2ns 
126529     INFO  main            d.u.i.k.p.r.p.TestFile    ... finished proof: closed. 
126862     INFO  main            d.u.i.k.p.r.p.TestFile    Now processing file /home/runner/work/key/key/key.core/../key.ui/examples/InformationFlow/NewObjects/object.ObjectOrientation(object.ObjectOrientation__insecure_object_assignment()).Non-interference contract.1.key 
126862     INFO  main            d.u.i.k.p.i.AbstractProblemLoader Loading environment from /home/runner/work/key/key/key.core/../key.ui/examples/InformationFlow/NewObjects/object.ObjectOrientation(object.ObjectOrientation__insecure_object_assignment()).Non-interference contract.1.key 
126862     DEBUG main            d.u.i.k.p.i.AbstractProblemLoader Environment load took 83.6ns 
126864     INFO  main            d.u.i.k.p.i.AbstractProblemLoader Creating init config 
127875     DEBUG main            d.u.i.k.j.r.ClassPreparationMethodBuilder clPrepBuilder: Inner Class detected. Reject building class initialisation methods. 
130035     DEBUG main            d.u.i.k.p.i.AbstractProblemLoader Init config took 3.17s 
130097     INFO  main            d.u.i.k.p.i.AbstractProblemLoader Replaying proof object.ObjectOrientation[object.ObjectOrientation::insecure_object_assignment()].Non-interference contract.1 
130101     DEBUG main            d.u.i.k.p.i.IntermediateProofReplayer Proof replay took 15.4ns 
141090     INFO  main            d.u.i.k.p.r.p.TestFile    ... finished proof: open goal(s) 
141323     INFO  main            d.u.i.k.p.r.p.TestFile    Now processing file /home/runner/work/key/key/key.core/../key.ui/examples/InformationFlow/NewObjects/object.ObjectOrientation(object.ObjectOrientation__insecure_object_assignment()).Non-interference contract.0.key 
141323     INFO  main            d.u.i.k.p.i.AbstractProblemLoader Loading environment from /home/runner/work/key/key/key.core/../key.ui/examples/InformationFlow/NewObjects/object.ObjectOrientation(object.ObjectOrientation__insecure_object_assignment()).Non-interference contract.0.key 
141323     DEBUG main            d.u.i.k.p.i.AbstractProblemLoader Environment load took 72.5ns 
141325     INFO  main            d.u.i.k.p.i.AbstractProblemLoader Creating init config 
142344     DEBUG main            d.u.i.k.j.r.ClassPreparationMethodBuilder clPrepBuilder: Inner Class detected. Reject building class initialisation methods. 
144533     DEBUG main            d.u.i.k.p.i.AbstractProblemLoader Init config took 3.21s 
144580     INFO  main            d.u.i.k.p.i.AbstractProblemLoader Replaying proof object.ObjectOrientation[object.ObjectOrientation::insecure_object_assignment()].Non-interference contract.0 
144583     DEBUG main            d.u.i.k.p.i.IntermediateProofReplayer Proof replay took 14.9ns 
144786     INFO  main            d.u.i.k.p.r.p.TestFile    ... finished proof: open goal(s) 
145017     INFO  main            d.u.i.k.p.r.p.TestFile    Now processing file /home/runner/work/key/key/key.core/../key.ui/examples/InformationFlow/NewObjects/object.ObjectOrientation(object.ObjectOrientation__secure_object_creation_3()).Non-interference contract.0.key 
145017     INFO  main            d.u.i.k.p.i.AbstractProblemLoader Loading environment from /home/runner/work/key/key/key.core/../key.ui/examples/InformationFlow/NewObjects/object.ObjectOrientation(object.ObjectOrientation__secure_object_creation_3()).Non-interference contract.0.key 
145017     DEBUG main            d.u.i.k.p.i.AbstractProblemLoader Environment load took 70.6ns 
145018     INFO  main            d.u.i.k.p.i.AbstractProblemLoader Creating init config 
146025     DEBUG main            d.u.i.k.j.r.ClassPreparationMethodBuilder clPrepBuilder: Inner Class detected. Reject building class initialisation methods. 
148220     DEBUG main            d.u.i.k.p.i.AbstractProblemLoader Init config took 3.2s 
148268     INFO  main            d.u.i.k.p.i.AbstractProblemLoader Replaying proof object.ObjectOrientation[object.ObjectOrientation::secure_object_creation_3()].Non-interference contract.0 
148271     DEBUG main            d.u.i.k.p.i.IntermediateProofReplayer Proof replay took 15.1ns 
148874     INFO  main            d.u.i.k.p.r.p.TestFile    ... finished proof: closed. 
149069     INFO  main            d.u.i.k.p.r.p.TestFile    Now processing file /home/runner/work/key/key/key.core/../key.ui/examples/InformationFlow/NewObjects/object.ObjectOrientation(object.ObjectOrientation__secure_object_creation_2()).Non-interference contract.0.key 
149069     INFO  main            d.u.i.k.p.i.AbstractProblemLoader Loading environment from /home/runner/work/key/key/key.core/../key.ui/examples/InformationFlow/NewObjects/object.ObjectOrientation(object.ObjectOrientation__secure_object_creation_2()).Non-interference contract.0.key 
149069     DEBUG main            d.u.i.k.p.i.AbstractProblemLoader Environment load took 249.31ns 
149070     INFO  main            d.u.i.k.p.i.AbstractProblemLoader Creating init config 
150103     DEBUG main            d.u.i.k.j.r.ClassPreparationMethodBuilder clPrepBuilder: Inner Class detected. Reject building class initialisation methods. 
152257     DEBUG main            d.u.i.k.p.i.AbstractProblemLoader Init config took 3.19s 
152303     INFO  main            d.u.i.k.p.i.AbstractProblemLoader Replaying proof object.ObjectOrientation[object.ObjectOrientation::secure_object_creation_2()].Non-interference contract.0 
152312     DEBUG main            d.u.i.k.p.i.IntermediateProofReplayer Proof replay took 18.1ns 
152714     INFO  main            d.u.i.k.p.r.p.TestFile    ... finished proof: closed. 
152918     INFO  main            d.u.i.k.p.r.p.TestFile    Now processing file /home/runner/work/key/key/key.core/../key.ui/examples/InformationFlow/NewObjects/object.ObjectOrientation(object.ObjectOrientation__secure_object_creation()).Non-interference contract.0.key 
152919     INFO  main            d.u.i.k.p.i.AbstractProblemLoader Loading environment from /home/runner/work/key/key/key.core/../key.ui/examples/InformationFlow/NewObjects/object.ObjectOrientation(object.ObjectOrientation__secure_object_creation()).Non-interference contract.0.key 
152919     DEBUG main            d.u.i.k.p.i.AbstractProblemLoader Environment load took 76.9ns 
152920     INFO  main            d.u.i.k.p.i.AbstractProblemLoader Creating init config 
153920     DEBUG main            d.u.i.k.j.r.ClassPreparationMethodBuilder clPrepBuilder: Inner Class detected. Reject building class initialisation methods. 
156134     DEBUG main            d.u.i.k.p.i.AbstractProblemLoader Init config took 3.21s 
156184     INFO  main            d.u.i.k.p.i.AbstractProblemLoader Replaying proof object.ObjectOrientation[object.ObjectOrientation::secure_object_creation()].Non-interference contract.0 
156187     DEBUG main            d.u.i.k.p.i.IntermediateProofReplayer Proof replay took 18.1ns 
157294     INFO  main            d.u.i.k.p.r.p.TestFile    ... finished proof: closed. 
157510     INFO  main            d.u.i.k.p.r.p.TestFile    Now processing file /home/runner/work/key/key/key.core/../key.ui/examples/InformationFlow/NewObjects/object.AmtoftBanerjee2(object.AmtoftBanerjee2__expensive(int)).Non-interference contract.0.key 
157511     INFO  main            d.u.i.k.p.i.AbstractProblemLoader Loading environment from /home/runner/work/key/key/key.core/../key.ui/examples/InformationFlow/NewObjects/object.AmtoftBanerjee2(object.AmtoftBanerjee2__expensive(int)).Non-interference contract.0.key 
157511     DEBUG main            d.u.i.k.p.i.AbstractProblemLoader Environment load took 124.11ns 
157512     INFO  main            d.u.i.k.p.i.AbstractProblemLoader Creating init config 
158538     DEBUG main            d.u.i.k.j.r.ClassPreparationMethodBuilder clPrepBuilder: Inner Class detected. Reject building class initialisation methods. 
160776     DEBUG main            d.u.i.k.p.i.AbstractProblemLoader Init config took 3.26s 
160823     INFO  main            d.u.i.k.p.i.AbstractProblemLoader Replaying proof object.AmtoftBanerjee2[object.AmtoftBanerjee2::expensive(int)].Non-interference contract.0 
160826     DEBUG main            d.u.i.k.p.i.IntermediateProofReplayer Proof replay took 15ns 
160928     INFO  main            d.u.i.k.p.r.p.TestFile    ... finished proof: closed. 
161167     INFO  main            d.u.i.k.p.r.p.TestFile    Now processing file /home/runner/work/key/key/key.core/../key.ui/examples/InformationFlow/NewObjects/object.AmtoftBanerjee2(object.AmtoftBanerjee2__cexp(int)).Non-interference contract.0.key 
161168     INFO  main            d.u.i.k.p.i.AbstractProblemLoader Loading environment from /home/runner/work/key/key/key.core/../key.ui/examples/InformationFlow/NewObjects/object.AmtoftBanerjee2(object.AmtoftBanerjee2__cexp(int)).Non-interference contract.0.key 
161168     DEBUG main            d.u.i.k.p.i.AbstractProblemLoader Environment load took 72.9ns 
161169     INFO  main            d.u.i.k.p.i.AbstractProblemLoader Creating init config 
162248     DEBUG main            d.u.i.k.j.r.ClassPreparationMethodBuilder clPrepBuilder: Inner Class detected. Reject building class initialisation methods. 
164470     DEBUG main            d.u.i.k.p.i.AbstractProblemLoader Init config took 3.3s 
164516     INFO  main            d.u.i.k.p.i.AbstractProblemLoader Replaying proof object.AmtoftBanerjee2[object.AmtoftBanerjee2::cexp(int)].Non-interference contract.0 
164520     DEBUG main            d.u.i.k.p.i.IntermediateProofReplayer Proof replay took 15ns 
166459     INFO  main            d.u.i.k.p.r.p.TestFile    ... finished proof: closed. 
1602518    INFO  Test worker     d.u.i.k.p.r.p.StatisticsFile Returning from test NewObjects_nomacro 
1602520    INFO  Test worker     d.u.i.k.p.r.p.StatisticsFile Running test SimpleEvoting_nomacro 
418        INFO  Timeout watchdog d.u.i.k.p.r.p.ForkedTestFileRunner Timeout watcher launched (1000 secs.) 
427        WARN  main            d.u.i.k.s.ProofSettings   The settings in /home/runner/.key/proof-settings.props are *not* read. 
461        INFO  main            d.u.i.k.p.r.p.TestFile    Now processing file /home/runner/work/key/key/key.core/../key.ui/examples/InformationFlow/SimpleEvoting/simple_evoting.Environment(simple_evoting.Environment__untrustedOutputMessage((B)).Non-interference contract.0.key 
592        INFO  main            d.u.i.k.p.i.AbstractProblemLoader Loading environment from /home/runner/work/key/key/key.core/../key.ui/examples/InformationFlow/SimpleEvoting/simple_evoting.Environment(simple_evoting.Environment__untrustedOutputMessage((B)).Non-interference contract.0.key 
613        DEBUG main            d.u.i.k.p.i.AbstractProblemLoader Environment load took 2.32ms 
881        INFO  main            d.u.i.k.p.i.AbstractProblemLoader Creating init config 
1902       DEBUG main            d.u.i.k.j.TypeConverter   No LDT found for Meta 
1903       DEBUG main            d.u.i.k.j.TypeConverter   No LDT found for Meta 
1904       DEBUG main            d.u.i.k.j.TypeConverter   No LDT found for Meta 
1904       DEBUG main            d.u.i.k.j.TypeConverter   No LDT found for Meta 
3299       DEBUG main            d.u.i.k.j.TypeConverter   No LDT found for JavaBigintExpression 
10230      DEBUG main            d.u.i.k.p.i.AbstractProblemLoader Init config took 9.35s 
10512      INFO  main            d.u.i.k.p.i.AbstractProblemLoader Replaying proof simple_evoting.Environment[simple_evoting.Environment::untrustedOutputMessage([B)].Non-interference contract.0 
10596      DEBUG main            d.u.i.k.p.i.IntermediateProofReplayer Proof replay took 426.22ns 
20584      INFO  main            d.u.i.k.p.r.p.TestFile    ... finished proof: closed. 
20818      INFO  main            d.u.i.k.p.r.p.TestFile    Now processing file /home/runner/work/key/key/key.core/../key.ui/examples/InformationFlow/SimpleEvoting/simple_evoting.Environment(simple_evoting.Environment__untrustedOutput(int)).Non-interference contract.0.key 
20818      INFO  main            d.u.i.k.p.i.AbstractProblemLoader Loading environment from /home/runner/work/key/key/key.core/../key.ui/examples/InformationFlow/SimpleEvoting/simple_evoting.Environment(simple_evoting.Environment__untrustedOutput(int)).Non-interference contract.0.key 
20819      DEBUG main            d.u.i.k.p.i.AbstractProblemLoader Environment load took 99.2ns 
20820      INFO  main            d.u.i.k.p.i.AbstractProblemLoader Creating init config 
25003      DEBUG main            d.u.i.k.p.i.AbstractProblemLoader Init config took 4.18s 
25088      INFO  main            d.u.i.k.p.i.AbstractProblemLoader Replaying proof simple_evoting.Environment[simple_evoting.Environment::untrustedOutput(int)].Non-interference contract.0 
25101      DEBUG main            d.u.i.k.p.i.IntermediateProofReplayer Proof replay took 16.3ns 
25204      INFO  main            d.u.i.k.p.r.p.TestFile    ... finished proof: closed. 
25375      INFO  main            d.u.i.k.p.r.p.TestFile    Now processing file /home/runner/work/key/key/key.core/../key.ui/examples/InformationFlow/SimpleEvoting/simple_evoting.Environment(simple_evoting.Environment__untrustedInput(int)).Non-interference contract.0.key 
25375      INFO  main            d.u.i.k.p.i.AbstractProblemLoader Loading environment from /home/runner/work/key/key/key.core/../key.ui/examples/InformationFlow/SimpleEvoting/simple_evoting.Environment(simple_evoting.Environment__untrustedInput(int)).Non-interference contract.0.key 
25375      DEBUG main            d.u.i.k.p.i.AbstractProblemLoader Environment load took 84.1ns 
25377      INFO  main            d.u.i.k.p.i.AbstractProblemLoader Creating init config 
29367      DEBUG main            d.u.i.k.p.i.AbstractProblemLoader Init config took 3.99s 
29446      INFO  main            d.u.i.k.p.i.AbstractProblemLoader Replaying proof simple_evoting.Environment[simple_evoting.Environment::untrustedInput(int)].Non-interference contract.0 
29450      DEBUG main            d.u.i.k.p.i.IntermediateProofReplayer Proof replay took 15ns 
29555      INFO  main            d.u.i.k.p.r.p.TestFile    ... finished proof: open goal(s) 
29722      INFO  main            d.u.i.k.p.r.p.TestFile    Now processing file /home/runner/work/key/key/key.core/../key.ui/examples/InformationFlow/SimpleEvoting/simple_evoting.Environment(simple_evoting.Environment__untrustedInput()).Non-interference contract.0.key 
29722      INFO  main            d.u.i.k.p.i.AbstractProblemLoader Loading environment from /home/runner/work/key/key/key.core/../key.ui/examples/InformationFlow/SimpleEvoting/simple_evoting.Environment(simple_evoting.Environment__untrustedInput()).Non-interference contract.0.key 
29725      DEBUG main            d.u.i.k.p.i.AbstractProblemLoader Environment load took 2.87ms 
29727      INFO  main            d.u.i.k.p.i.AbstractProblemLoader Creating init config 
33653      DEBUG main            d.u.i.k.p.i.AbstractProblemLoader Init config took 3.93s 
33727      INFO  main            d.u.i.k.p.i.AbstractProblemLoader Replaying proof simple_evoting.Environment[simple_evoting.Environment::untrustedInput()].Non-interference contract.0 
33731      DEBUG main            d.u.i.k.p.i.IntermediateProofReplayer Proof replay took 14.3ns 
33835      INFO  main            d.u.i.k.p.r.p.TestFile    ... finished proof: open goal(s) 
33986      INFO  main            d.u.i.k.p.r.p.TestFile    Now processing file /home/runner/work/key/key/key.core/../key.ui/examples/InformationFlow/SimpleEvoting/simple_evoting.SMT(simple_evoting.SMT__send(simple_evoting.Message,int,simple_evoting.Server)).Non-interference contract.1.key 
33987      INFO  main            d.u.i.k.p.i.AbstractProblemLoader Loading environment from /home/runner/work/key/key/key.core/../key.ui/examples/InformationFlow/SimpleEvoting/simple_evoting.SMT(simple_evoting.SMT__send(simple_evoting.Message,int,simple_evoting.Server)).Non-interference contract.1.key 
33987      DEBUG main            d.u.i.k.p.i.AbstractProblemLoader Environment load took 82ns 
33988      INFO  main            d.u.i.k.p.i.AbstractProblemLoader Creating init config 
37943      DEBUG main            d.u.i.k.p.i.AbstractProblemLoader Init config took 3.96s 
38015      INFO  main            d.u.i.k.p.i.AbstractProblemLoader Replaying proof simple_evoting.SMT[simple_evoting.SMT::send(simple_evoting.Message,int,simple_evoting.Server)].Non-interference contract.1 
38019      DEBUG main            d.u.i.k.p.i.IntermediateProofReplayer Proof replay took 15.2ns 
73565      INFO  main            d.u.i.k.p.r.p.TestFile    ... finished proof: closed. 
73850      INFO  main            d.u.i.k.p.r.p.TestFile    Now processing file /home/runner/work/key/key/key.core/../key.ui/examples/InformationFlow/SimpleEvoting/simple_evoting.SMT(simple_evoting.SMT__send(simple_evoting.Message,int,simple_evoting.Server)).Non-interference contract.0.key 
73850      INFO  main            d.u.i.k.p.i.AbstractProblemLoader Loading environment from /home/runner/work/key/key/key.core/../key.ui/examples/InformationFlow/SimpleEvoting/simple_evoting.SMT(simple_evoting.SMT__send(simple_evoting.Message,int,simple_evoting.Server)).Non-interference contract.0.key 
73850      DEBUG main            d.u.i.k.p.i.AbstractProblemLoader Environment load took 75ns 
73852      INFO  main            d.u.i.k.p.i.AbstractProblemLoader Creating init config 
77620      DEBUG main            d.u.i.k.p.i.AbstractProblemLoader Init config took 3.77s 
77693      INFO  main            d.u.i.k.p.i.AbstractProblemLoader Replaying proof simple_evoting.SMT[simple_evoting.SMT::send(simple_evoting.Message,int,simple_evoting.Server)].Non-interference contract.0 
77696      DEBUG main            d.u.i.k.p.i.IntermediateProofReplayer Proof replay took 34.2ns 
120017     INFO  main            d.u.i.k.p.r.p.TestFile    ... finished proof: closed. 
120315     INFO  main            d.u.i.k.p.r.p.TestFile    Now processing file /home/runner/work/key/key/key.core/../key.ui/examples/InformationFlow/SimpleEvoting/simple_evoting.NetworkClient(simple_evoting.NetworkClient__send((B,simple_evoting.Server,int)).Non-interference contract.0.key 
120315     INFO  main            d.u.i.k.p.i.AbstractProblemLoader Loading environment from /home/runner/work/key/key/key.core/../key.ui/examples/InformationFlow/SimpleEvoting/simple_evoting.NetworkClient(simple_evoting.NetworkClient__send((B,simple_evoting.Server,int)).Non-interference contract.0.key 
120315     DEBUG main            d.u.i.k.p.i.AbstractProblemLoader Environment load took 81.31ns 
120317     INFO  main            d.u.i.k.p.i.AbstractProblemLoader Creating init config 
124158     DEBUG main            d.u.i.k.p.i.AbstractProblemLoader Init config took 3.84s 
124232     INFO  main            d.u.i.k.p.i.AbstractProblemLoader Replaying proof simple_evoting.NetworkClient[simple_evoting.NetworkClient::send([B,simple_evoting.Server,int)].Non-interference contract.0 
124235     DEBUG main            d.u.i.k.p.i.IntermediateProofReplayer Proof replay took 15.8ns 
127950     INFO  main            d.u.i.k.p.r.p.TestFile    ... finished proof: closed. 
128169     INFO  main            d.u.i.k.p.r.p.TestFile    Now processing file /home/runner/work/key/key/key.core/../key.ui/examples/InformationFlow/SimpleEvoting/simple_evoting.Voter(simple_evoting.Voter__onSendBallot(simple_evoting.Server)).Non-interference contract.1.key 
128169     INFO  main            d.u.i.k.p.i.AbstractProblemLoader Loading environment from /home/runner/work/key/key/key.core/../key.ui/examples/InformationFlow/SimpleEvoting/simple_evoting.Voter(simple_evoting.Voter__onSendBallot(simple_evoting.Server)).Non-interference contract.1.key 
128170     DEBUG main            d.u.i.k.p.i.AbstractProblemLoader Environment load took 77.6ns 
128171     INFO  main            d.u.i.k.p.i.AbstractProblemLoader Creating init config 
131945     DEBUG main            d.u.i.k.p.i.AbstractProblemLoader Init config took 3.77s 
132009     INFO  main            d.u.i.k.p.i.AbstractProblemLoader Replaying proof simple_evoting.Voter[simple_evoting.Voter::onSendBallot(simple_evoting.Server)].Non-interference contract.1 
132012     DEBUG main            d.u.i.k.p.i.IntermediateProofReplayer Proof replay took 14.5ns 
144423     INFO  main            d.u.i.k.p.r.p.TestFile    ... finished proof: closed. 
144683     INFO  main            d.u.i.k.p.r.p.TestFile    Now processing file /home/runner/work/key/key/key.core/../key.ui/examples/InformationFlow/SimpleEvoting/simple_evoting.Voter(simple_evoting.Voter__onSendBallot(simple_evoting.Server)).Non-interference contract.0.key 
144683     INFO  main            d.u.i.k.p.i.AbstractProblemLoader Loading environment from /home/runner/work/key/key/key.core/../key.ui/examples/InformationFlow/SimpleEvoting/simple_evoting.Voter(simple_evoting.Voter__onSendBallot(simple_evoting.Server)).Non-interference contract.0.key 
144683     DEBUG main            d.u.i.k.p.i.AbstractProblemLoader Environment load took 75.1ns 
144685     INFO  main            d.u.i.k.p.i.AbstractProblemLoader Creating init config 
148398     DEBUG main            d.u.i.k.p.i.AbstractProblemLoader Init config took 3.71s 
148462     INFO  main            d.u.i.k.p.i.AbstractProblemLoader Replaying proof simple_evoting.Voter[simple_evoting.Voter::onSendBallot(simple_evoting.Server)].Non-interference contract.0 
148465     DEBUG main            d.u.i.k.p.i.IntermediateProofReplayer Proof replay took 15.8ns 
164497     INFO  main            d.u.i.k.p.r.p.TestFile    ... finished proof: closed. 
1767493    INFO  Test worker     d.u.i.k.p.r.p.StatisticsFile Returning from test SimpleEvoting_nomacro 
1767495    INFO  Test worker     d.u.i.k.p.r.p.StatisticsFile Running test ToyVoting_fullmacro 
442        INFO  Timeout watchdog d.u.i.k.p.r.p.ForkedTestFileRunner Timeout watcher launched (1000 secs.) 
452        WARN  main            d.u.i.k.s.ProofSettings   The settings in /home/runner/.key/proof-settings.props are *not* read. 
498        INFO  main            d.u.i.k.p.r.p.TestFile    Now processing file /home/runner/work/key/key/key.core/../key.ui/examples/InformationFlow/ToyVoting/Voter(Voter__insecure_voting()).Non-interference contract.0.m.key 
644        INFO  main            d.u.i.k.p.i.AbstractProblemLoader Loading environment from /home/runner/work/key/key/key.core/../key.ui/examples/InformationFlow/ToyVoting/Voter(Voter__insecure_voting()).Non-interference contract.0.m.key 
666        DEBUG main            d.u.i.k.p.i.AbstractProblemLoader Environment load took 2.51ms 
932        INFO  main            d.u.i.k.p.i.AbstractProblemLoader Creating init config 
2035       DEBUG main            d.u.i.k.j.TypeConverter   No LDT found for Meta 
2036       DEBUG main            d.u.i.k.j.TypeConverter   No LDT found for Meta 
2037       DEBUG main            d.u.i.k.j.TypeConverter   No LDT found for Meta 
2037       DEBUG main            d.u.i.k.j.TypeConverter   No LDT found for Meta 
3485       DEBUG main            d.u.i.k.j.TypeConverter   No LDT found for JavaBigintExpression 
9530       DEBUG main            d.u.i.k.p.i.AbstractProblemLoader Init config took 8.6s 
9746       INFO  main            d.u.i.k.p.i.AbstractProblemLoader Replaying proof Voter[Voter::insecure_voting()].Non-interference contract.0 
9872       DEBUG main            d.u.i.k.p.i.IntermediateProofReplayer Proof replay took 448.32ns 
9952       DEBUG main            d.u.i.k.m.s.ProofScriptEngine 1: 'macro 'infflow-autopilot'' 
10359      DEBUG main            d.u.i.k.p.m.ProofCorrectnessMgt No justification found for rule Class_invariant_axiom_for_Voter 
10550      DEBUG main            d.u.i.k.p.m.ProofCorrectnessMgt No justification found for rule Class_invariant_axiom_for_Voter 
10554      DEBUG main            d.u.i.k.p.m.ProofCorrectnessMgt No justification found for rule Class_invariant_axiom_for_Voter 
10813      DEBUG main            d.u.i.k.p.m.ProofCorrectnessMgt No justification found for rule Class_invariant_axiom_for_Voter 
10816      DEBUG main            d.u.i.k.p.m.ProofCorrectnessMgt No justification found for rule Class_invariant_axiom_for_Voter 
10890      DEBUG main            d.u.i.k.p.m.ProofCorrectnessMgt No justification found for rule Class_invariant_axiom_for_Voter 
10894      DEBUG main            d.u.i.k.p.m.ProofCorrectnessMgt No justification found for rule Class_invariant_axiom_for_Voter 
10997      DEBUG main            d.u.i.k.p.m.ProofCorrectnessMgt No justification found for rule Class_invariant_axiom_for_Voter 
10998      DEBUG main            d.u.i.k.p.m.ProofCorrectnessMgt No justification found for rule Class_invariant_axiom_for_Voter 
11181      DEBUG main            d.u.i.k.p.m.ProofCorrectnessMgt No justification found for rule Class_invariant_axiom_for_Voter 
11183      DEBUG main            d.u.i.k.p.m.ProofCorrectnessMgt No justification found for rule Class_invariant_axiom_for_Voter 
11289      DEBUG main            d.u.i.k.p.m.ProofCorrectnessMgt No justification found for rule Class_invariant_axiom_for_Voter 
11291      DEBUG main            d.u.i.k.p.m.ProofCorrectnessMgt No justification found for rule Class_invariant_axiom_for_Voter 
11349      DEBUG main            d.u.i.k.p.m.ProofCorrectnessMgt No justification found for rule Class_invariant_axiom_for_Voter 
11351      DEBUG main            d.u.i.k.p.m.ProofCorrectnessMgt No justification found for rule Class_invariant_axiom_for_Voter 
11485      DEBUG main            d.u.i.k.p.m.ProofCorrectnessMgt No justification found for rule Class_invariant_axiom_for_Voter 
11502      DEBUG main            d.u.i.k.p.m.ProofCorrectnessMgt No justification found for rule Class_invariant_axiom_for_Voter 
11609      DEBUG main            d.u.i.k.p.m.ProofCorrectnessMgt No justification found for rule Class_invariant_axiom_for_Voter 
11625      DEBUG main            d.u.i.k.p.m.ProofCorrectnessMgt No justification found for rule Class_invariant_axiom_for_Voter 
11749      DEBUG main            d.u.i.k.p.m.ProofCorrectnessMgt No justification found for rule Class_invariant_axiom_for_Voter 
11773      DEBUG main            d.u.i.k.p.m.ProofCorrectnessMgt No justification found for rule Class_invariant_axiom_for_Voter 
11778      DEBUG main            d.u.i.k.p.m.ProofCorrectnessMgt No justification found for rule Class_invariant_axiom_for_Voter 
41979      INFO  main            d.u.i.k.p.r.p.TestFile    ... finished proof: open goal(s) 
42225      INFO  main            d.u.i.k.p.r.p.TestFile    Now processing file /home/runner/work/key/key/key.core/../key.ui/examples/InformationFlow/ToyVoting/Voter(Voter__publishVoterParticipation()).Non-interference contract.0.m.key 
42226      INFO  main            d.u.i.k.p.i.AbstractProblemLoader Loading environment from /home/runner/work/key/key/key.core/../key.ui/examples/InformationFlow/ToyVoting/Voter(Voter__publishVoterParticipation()).Non-interference contract.0.m.key 
42226      DEBUG main            d.u.i.k.p.i.AbstractProblemLoader Environment load took 438.02ns 
42228      INFO  main            d.u.i.k.p.i.AbstractProblemLoader Creating init config 
45610      DEBUG main            d.u.i.k.p.i.AbstractProblemLoader Init config took 3.38s 
45672      INFO  main            d.u.i.k.p.i.AbstractProblemLoader Replaying proof Voter[Voter::publishVoterParticipation()].Non-interference contract.0 
45675      DEBUG main            d.u.i.k.p.i.IntermediateProofReplayer Proof replay took 14.2ns 
45677      DEBUG main            d.u.i.k.m.s.ProofScriptEngine 1: 'macro 'infflow-autopilot'' 
45732      DEBUG main            d.u.i.k.p.m.ProofCorrectnessMgt No justification found for rule Class_invariant_axiom_for_Voter 
45922      INFO  main            d.u.i.k.p.r.p.TestFile    ... finished proof: closed. 
46195      INFO  main            d.u.i.k.p.r.p.TestFile    Now processing file /home/runner/work/key/key/key.core/../key.ui/examples/InformationFlow/ToyVoting/Voter(Voter__isValid(int)).Non-interference contract.0.m.key 
46195      INFO  main            d.u.i.k.p.i.AbstractProblemLoader Loading environment from /home/runner/work/key/key/key.core/../key.ui/examples/InformationFlow/ToyVoting/Voter(Voter__isValid(int)).Non-interference contract.0.m.key 
46195      DEBUG main            d.u.i.k.p.i.AbstractProblemLoader Environment load took 91.2ns 
46198      INFO  main            d.u.i.k.p.i.AbstractProblemLoader Creating init config 
49501      DEBUG main            d.u.i.k.p.i.AbstractProblemLoader Init config took 3.3s 
49557      INFO  main            d.u.i.k.p.i.AbstractProblemLoader Replaying proof Voter[Voter::isValid(int)].Non-interference contract.0 
49560      DEBUG main            d.u.i.k.p.i.IntermediateProofReplayer Proof replay took 15.3ns 
49561      DEBUG main            d.u.i.k.m.s.ProofScriptEngine 1: 'macro 'infflow-autopilot'' 
49610      DEBUG main            d.u.i.k.p.m.ProofCorrectnessMgt No justification found for rule Class_invariant_axiom_for_Voter 
49929      INFO  main            d.u.i.k.p.r.p.TestFile    ... finished proof: closed. 
50100      INFO  main            d.u.i.k.p.r.p.TestFile    Now processing file /home/runner/work/key/key/key.core/../key.ui/examples/InformationFlow/ToyVoting/Voter(Voter__sendVote(int)).Non-interference contract.0.m.key 
50100      INFO  main            d.u.i.k.p.i.AbstractProblemLoader Loading environment from /home/runner/work/key/key/key.core/../key.ui/examples/InformationFlow/ToyVoting/Voter(Voter__sendVote(int)).Non-interference contract.0.m.key 
50100      DEBUG main            d.u.i.k.p.i.AbstractProblemLoader Environment load took 75ns 
50102      INFO  main            d.u.i.k.p.i.AbstractProblemLoader Creating init config 
53359      DEBUG main            d.u.i.k.p.i.AbstractProblemLoader Init config took 3.26s 
53418      INFO  main            d.u.i.k.p.i.AbstractProblemLoader Replaying proof Voter[Voter::sendVote(int)].Non-interference contract.0 
53421      DEBUG main            d.u.i.k.p.i.IntermediateProofReplayer Proof replay took 16.2ns 
53422      DEBUG main            d.u.i.k.m.s.ProofScriptEngine 1: 'macro 'infflow-autopilot'' 
53469      DEBUG main            d.u.i.k.p.m.ProofCorrectnessMgt No justification found for rule Class_invariant_axiom_for_Voter 
53721      INFO  main            d.u.i.k.p.r.p.TestFile    ... finished proof: closed. 
53885      INFO  main            d.u.i.k.p.r.p.TestFile    Now processing file /home/runner/work/key/key/key.core/../key.ui/examples/InformationFlow/ToyVoting/Voter(Voter__inputVote()).Non-interference contract.0.m.key 
53886      INFO  main            d.u.i.k.p.i.AbstractProblemLoader Loading environment from /home/runner/work/key/key/key.core/../key.ui/examples/InformationFlow/ToyVoting/Voter(Voter__inputVote()).Non-interference contract.0.m.key 
53886      DEBUG main            d.u.i.k.p.i.AbstractProblemLoader Environment load took 74.8ns 
53888      INFO  main            d.u.i.k.p.i.AbstractProblemLoader Creating init config 
57109      DEBUG main            d.u.i.k.p.i.AbstractProblemLoader Init config took 3.22s 
57162      INFO  main            d.u.i.k.p.i.AbstractProblemLoader Replaying proof Voter[Voter::inputVote()].Non-interference contract.0 
57165      DEBUG main            d.u.i.k.p.i.IntermediateProofReplayer Proof replay took 32.6ns 
57166      DEBUG main            d.u.i.k.m.s.ProofScriptEngine 1: 'macro 'infflow-autopilot'' 
57210      DEBUG main            d.u.i.k.p.m.ProofCorrectnessMgt No justification found for rule Class_invariant_axiom_for_Voter 
57326      INFO  main            d.u.i.k.p.r.p.TestFile    ... finished proof: closed. 
57489      INFO  main            d.u.i.k.p.r.p.TestFile    Now processing file /home/runner/work/key/key/key.core/../key.ui/examples/InformationFlow/ToyVoting/Voter(Voter__secure_voting()).Non-interference contract.0.m.key 
57490      INFO  main            d.u.i.k.p.i.AbstractProblemLoader Loading environment from /home/runner/work/key/key/key.core/../key.ui/examples/InformationFlow/ToyVoting/Voter(Voter__secure_voting()).Non-interference contract.0.m.key 
57490      DEBUG main            d.u.i.k.p.i.AbstractProblemLoader Environment load took 100.5ns 
57491      INFO  main            d.u.i.k.p.i.AbstractProblemLoader Creating init config 
60552      DEBUG main            d.u.i.k.p.i.AbstractProblemLoader Init config took 3.06s 
60632      INFO  main            d.u.i.k.p.i.AbstractProblemLoader Replaying proof Voter[Voter::secure_voting()].Non-interference contract.0 
60635      DEBUG main            d.u.i.k.p.i.IntermediateProofReplayer Proof replay took 14.4ns 
60636      DEBUG main            d.u.i.k.m.s.ProofScriptEngine 1: 'macro 'infflow-autopilot'' 
60680      DEBUG main            d.u.i.k.p.m.ProofCorrectnessMgt No justification found for rule Class_invariant_axiom_for_Voter 
60824      DEBUG main            d.u.i.k.p.m.ProofCorrectnessMgt No justification found for rule Class_invariant_axiom_for_Voter 
60893      DEBUG main            d.u.i.k.p.m.ProofCorrectnessMgt No justification found for rule Class_invariant_axiom_for_Voter 
60894      DEBUG main            d.u.i.k.p.m.ProofCorrectnessMgt No justification found for rule Class_invariant_axiom_for_Voter 
61015      DEBUG main            d.u.i.k.p.m.ProofCorrectnessMgt No justification found for rule Class_invariant_axiom_for_Voter 
61175      DEBUG main            d.u.i.k.p.m.ProofCorrectnessMgt No justification found for rule Class_invariant_axiom_for_Voter 
61178      DEBUG main            d.u.i.k.p.m.ProofCorrectnessMgt No justification found for rule Class_invariant_axiom_for_Voter 
61465      DEBUG main            d.u.i.k.p.m.ProofCorrectnessMgt No justification found for rule Class_invariant_axiom_for_Voter 
61557      DEBUG main            d.u.i.k.p.m.ProofCorrectnessMgt No justification found for rule Class_invariant_axiom_for_Voter 
61559      DEBUG main            d.u.i.k.p.m.ProofCorrectnessMgt No justification found for rule Class_invariant_axiom_for_Voter 
61628      DEBUG main            d.u.i.k.p.m.ProofCorrectnessMgt No justification found for rule Class_invariant_axiom_for_Voter 
61701      DEBUG main            d.u.i.k.p.m.ProofCorrectnessMgt No justification found for rule Class_invariant_axiom_for_Voter 
61704      DEBUG main            d.u.i.k.p.m.ProofCorrectnessMgt No justification found for rule Class_invariant_axiom_for_Voter 
62568      DEBUG main            d.u.i.k.p.m.ProofCorrectnessMgt No justification found for rule Class_invariant_axiom_for_Voter 
62572      DEBUG main            d.u.i.k.p.m.ProofCorrectnessMgt No justification found for rule Class_invariant_axiom_for_Voter 
62696      DEBUG main            d.u.i.k.p.m.ProofCorrectnessMgt No justification found for rule Class_invariant_axiom_for_Voter 
62700      DEBUG main            d.u.i.k.p.m.ProofCorrectnessMgt No justification found for rule Class_invariant_axiom_for_Voter 
62809      DEBUG main            d.u.i.k.p.m.ProofCorrectnessMgt No justification found for rule Class_invariant_axiom_for_Voter 
62813      DEBUG main            d.u.i.k.p.m.ProofCorrectnessMgt No justification found for rule Class_invariant_axiom_for_Voter 
62835      DEBUG main            d.u.i.k.p.m.ProofCorrectnessMgt No justification found for rule Class_invariant_axiom_for_Voter 
62908      DEBUG main            d.u.i.k.p.m.ProofCorrectnessMgt No justification found for rule Class_invariant_axiom_for_Voter 
63004      DEBUG main            d.u.i.k.p.m.ProofCorrectnessMgt No justification found for rule Class_invariant_axiom_for_Voter 
63005      DEBUG main            d.u.i.k.p.m.ProofCorrectnessMgt No justification found for rule Class_invariant_axiom_for_Voter 
63502      DEBUG main            d.u.i.k.p.m.ProofCorrectnessMgt No justification found for rule Class_invariant_axiom_for_Voter 
63523      DEBUG main            d.u.i.k.p.m.ProofCorrectnessMgt No justification found for rule Class_invariant_axiom_for_Voter 
63525      DEBUG main            d.u.i.k.p.m.ProofCorrectnessMgt No justification found for rule Class_invariant_axiom_for_Voter 
63548      DEBUG main            d.u.i.k.p.m.ProofCorrectnessMgt No justification found for rule Class_invariant_axiom_for_Voter 
63571      DEBUG main            d.u.i.k.p.m.ProofCorrectnessMgt No justification found for rule Class_invariant_axiom_for_Voter 
63573      DEBUG main            d.u.i.k.p.m.ProofCorrectnessMgt No justification found for rule Class_invariant_axiom_for_Voter 
63614      DEBUG main            d.u.i.k.p.m.ProofCorrectnessMgt No justification found for rule Class_invariant_axiom_for_Voter 
63643      DEBUG main            d.u.i.k.p.m.ProofCorrectnessMgt No justification found for rule Class_invariant_axiom_for_Voter 
63646      DEBUG main            d.u.i.k.p.m.ProofCorrectnessMgt No justification found for rule Class_invariant_axiom_for_Voter 
63808      DEBUG main            d.u.i.k.p.m.ProofCorrectnessMgt No justification found for rule Class_invariant_axiom_for_Voter 
63837      DEBUG main            d.u.i.k.p.m.ProofCorrectnessMgt No justification found for rule Class_invariant_axiom_for_Voter 
63839      DEBUG main            d.u.i.k.p.m.ProofCorrectnessMgt No justification found for rule Class_invariant_axiom_for_Voter 
64009      DEBUG main            d.u.i.k.p.m.ProofCorrectnessMgt No justification found for rule Class_invariant_axiom_for_Voter 
64015      DEBUG main            d.u.i.k.p.m.ProofCorrectnessMgt No justification found for rule Class_invariant_axiom_for_Voter 
64096      DEBUG main            d.u.i.k.p.m.ProofCorrectnessMgt No justification found for rule Class_invariant_axiom_for_Voter 
64099      DEBUG main            d.u.i.k.p.m.ProofCorrectnessMgt No justification found for rule Class_invariant_axiom_for_Voter 
64150      DEBUG main            d.u.i.k.p.m.ProofCorrectnessMgt No justification found for rule Class_invariant_axiom_for_Voter 
64153      DEBUG main            d.u.i.k.p.m.ProofCorrectnessMgt No justification found for rule Class_invariant_axiom_for_Voter 
64215      DEBUG main            d.u.i.k.p.m.ProofCorrectnessMgt No justification found for rule Class_invariant_axiom_for_Voter 
64218      DEBUG main            d.u.i.k.p.m.ProofCorrectnessMgt No justification found for rule Class_invariant_axiom_for_Voter 
64260      DEBUG main            d.u.i.k.p.m.ProofCorrectnessMgt No justification found for rule Class_invariant_axiom_for_Voter 
64263      DEBUG main            d.u.i.k.p.m.ProofCorrectnessMgt No justification found for rule Class_invariant_axiom_for_Voter 
64390      DEBUG main            d.u.i.k.p.m.ProofCorrectnessMgt No justification found for rule Class_invariant_axiom_for_Voter 
64395      DEBUG main            d.u.i.k.p.m.ProofCorrectnessMgt No justification found for rule Class_invariant_axiom_for_Voter 
64570      DEBUG main            d.u.i.k.p.m.ProofCorrectnessMgt No justification found for rule Class_invariant_axiom_for_Voter 
64573      DEBUG main            d.u.i.k.p.m.ProofCorrectnessMgt No justification found for rule Class_invariant_axiom_for_Voter 
64762      DEBUG main            d.u.i.k.p.m.ProofCorrectnessMgt No justification found for rule Class_invariant_axiom_for_Voter 
64909      DEBUG main            d.u.i.k.p.m.ProofCorrectnessMgt No justification found for rule Class_invariant_axiom_for_Voter 
64909      DEBUG main            d.u.i.k.p.m.ProofCorrectnessMgt No justification found for rule Class_invariant_axiom_for_Voter 
64953      DEBUG main            d.u.i.k.p.m.ProofCorrectnessMgt No justification found for rule Class_invariant_axiom_for_Voter 
64954      DEBUG main            d.u.i.k.p.m.ProofCorrectnessMgt No justification found for rule Class_invariant_axiom_for_Voter 
64996      DEBUG main            d.u.i.k.p.m.ProofCorrectnessMgt No justification found for rule Class_invariant_axiom_for_Voter 
64997      DEBUG main            d.u.i.k.p.m.ProofCorrectnessMgt No justification found for rule Class_invariant_axiom_for_Voter 
65025      DEBUG main            d.u.i.k.p.m.ProofCorrectnessMgt No justification found for rule Class_invariant_axiom_for_Voter 
65048      DEBUG main            d.u.i.k.p.m.ProofCorrectnessMgt No justification found for rule Class_invariant_axiom_for_Voter 
65050      DEBUG main            d.u.i.k.p.m.ProofCorrectnessMgt No justification found for rule Class_invariant_axiom_for_Voter 
65622      DEBUG main            d.u.i.k.p.m.ProofCorrectnessMgt No justification found for rule Class_invariant_axiom_for_Voter 
65625      DEBUG main            d.u.i.k.p.m.ProofCorrectnessMgt No justification found for rule Class_invariant_axiom_for_Voter 
65628      DEBUG main            d.u.i.k.p.m.ProofCorrectnessMgt No justification found for rule Class_invariant_axiom_for_Voter 
65632      DEBUG main            d.u.i.k.p.m.ProofCorrectnessMgt No justification found for rule Class_invariant_axiom_for_Voter 
65864      DEBUG main            d.u.i.k.p.m.ProofCorrectnessMgt No justification found for rule Class_invariant_axiom_for_Voter 
65867      DEBUG main            d.u.i.k.p.m.ProofCorrectnessMgt No justification found for rule Class_invariant_axiom_for_Voter 
65976      DEBUG main            d.u.i.k.p.m.ProofCorrectnessMgt No justification found for rule Class_invariant_axiom_for_Voter 
65979      DEBUG main            d.u.i.k.p.m.ProofCorrectnessMgt No justification found for rule Class_invariant_axiom_for_Voter 
66125      DEBUG main            d.u.i.k.p.m.ProofCorrectnessMgt No justification found for rule Class_invariant_axiom_for_Voter 
66128      DEBUG main            d.u.i.k.p.m.ProofCorrectnessMgt No justification found for rule Class_invariant_axiom_for_Voter 
66229      DEBUG main            d.u.i.k.p.m.ProofCorrectnessMgt No justification found for rule Class_invariant_axiom_for_Voter 
66232      DEBUG main            d.u.i.k.p.m.ProofCorrectnessMgt No justification found for rule Class_invariant_axiom_for_Voter 
66377      DEBUG main            d.u.i.k.p.m.ProofCorrectnessMgt No justification found for rule Class_invariant_axiom_for_Voter 
66380      DEBUG main            d.u.i.k.p.m.ProofCorrectnessMgt No justification found for rule Class_invariant_axiom_for_Voter 
66500      DEBUG main            d.u.i.k.p.m.ProofCorrectnessMgt No justification found for rule Class_invariant_axiom_for_Voter 
66503      DEBUG main            d.u.i.k.p.m.ProofCorrectnessMgt No justification found for rule Class_invariant_axiom_for_Voter 
66649      DEBUG main            d.u.i.k.p.m.ProofCorrectnessMgt No justification found for rule Class_invariant_axiom_for_Voter 
66653      DEBUG main            d.u.i.k.p.m.ProofCorrectnessMgt No justification found for rule Class_invariant_axiom_for_Voter 
66741      DEBUG main            d.u.i.k.p.m.ProofCorrectnessMgt No justification found for rule Class_invariant_axiom_for_Voter 
66744      DEBUG main            d.u.i.k.p.m.ProofCorrectnessMgt No justification found for rule Class_invariant_axiom_for_Voter 
66951      DEBUG main            d.u.i.k.p.m.ProofCorrectnessMgt No justification found for rule Class_invariant_axiom_for_Voter 
66954      DEBUG main            d.u.i.k.p.m.ProofCorrectnessMgt No justification found for rule Class_invariant_axiom_for_Voter 
67105      DEBUG main            d.u.i.k.p.m.ProofCorrectnessMgt No justification found for rule Class_invariant_axiom_for_Voter 
67108      DEBUG main            d.u.i.k.p.m.ProofCorrectnessMgt No justification found for rule Class_invariant_axiom_for_Voter 
68060      DEBUG main            d.u.i.k.p.m.ProofCorrectnessMgt No justification found for rule Class_invariant_axiom_for_Voter 
68063      DEBUG main            d.u.i.k.p.m.ProofCorrectnessMgt No justification found for rule Class_invariant_axiom_for_Voter 
68567      DEBUG main            d.u.i.k.p.m.ProofCorrectnessMgt No justification found for rule Class_invariant_axiom_for_Voter 
68570      DEBUG main            d.u.i.k.p.m.ProofCorrectnessMgt No justification found for rule Class_invariant_axiom_for_Voter 
68715      DEBUG main            d.u.i.k.p.m.ProofCorrectnessMgt No justification found for rule Class_invariant_axiom_for_Voter 
68718      DEBUG main            d.u.i.k.p.m.ProofCorrectnessMgt No justification found for rule Class_invariant_axiom_for_Voter 
69119      DEBUG main            d.u.i.k.p.m.ProofCorrectnessMgt No justification found for rule Class_invariant_axiom_for_Voter 
69122      DEBUG main            d.u.i.k.p.m.ProofCorrectnessMgt No justification found for rule Class_invariant_axiom_for_Voter 
69332      DEBUG main            d.u.i.k.p.m.ProofCorrectnessMgt No justification found for rule Class_invariant_axiom_for_Voter 
69335      DEBUG main            d.u.i.k.p.m.ProofCorrectnessMgt No justification found for rule Class_invariant_axiom_for_Voter 
69507      DEBUG main            d.u.i.k.p.m.ProofCorrectnessMgt No justification found for rule Class_invariant_axiom_for_Voter 
69510      DEBUG main            d.u.i.k.p.m.ProofCorrectnessMgt No justification found for rule Class_invariant_axiom_for_Voter 
69679      DEBUG main            d.u.i.k.p.m.ProofCorrectnessMgt No justification found for rule Class_invariant_axiom_for_Voter 
69682      DEBUG main            d.u.i.k.p.m.ProofCorrectnessMgt No justification found for rule Class_invariant_axiom_for_Voter 
69924      DEBUG main            d.u.i.k.p.m.ProofCorrectnessMgt No justification found for rule Class_invariant_axiom_for_Voter 
69927      DEBUG main            d.u.i.k.p.m.ProofCorrectnessMgt No justification found for rule Class_invariant_axiom_for_Voter 
70117      DEBUG main            d.u.i.k.p.m.ProofCorrectnessMgt No justification found for rule Class_invariant_axiom_for_Voter 
70120      DEBUG main            d.u.i.k.p.m.ProofCorrectnessMgt No justification found for rule Class_invariant_axiom_for_Voter 
71486      INFO  main            d.u.i.k.p.r.p.TestFile    ... finished proof: closed. 
1839419    INFO  Test worker     d.u.i.k.p.r.p.StatisticsFile Returning from test ToyVoting_fullmacro 
1839421    INFO  Test worker     d.u.i.k.p.r.p.StatisticsFile Running test SumExample_fullmacro 
393        INFO  Timeout watchdog d.u.i.k.p.r.p.ForkedTestFileRunner Timeout watcher launched (1000 secs.) 
407        WARN  main            d.u.i.k.s.ProofSettings   The settings in /home/runner/.key/proof-settings.props are *not* read. 
433        INFO  main            d.u.i.k.p.r.p.TestFile    Now processing file /home/runner/work/key/key/key.core/../key.ui/examples/InformationFlow/Sum/SumExample(SumExample__getSum()).Non-interference contract.0.m.key 
563        INFO  main            d.u.i.k.p.i.AbstractProblemLoader Loading environment from /home/runner/work/key/key/key.core/../key.ui/examples/InformationFlow/Sum/SumExample(SumExample__getSum()).Non-interference contract.0.m.key 
584        DEBUG main            d.u.i.k.p.i.AbstractProblemLoader Environment load took 2.65ms 
841        INFO  main            d.u.i.k.p.i.AbstractProblemLoader Creating init config 
1825       DEBUG main            d.u.i.k.j.TypeConverter   No LDT found for Meta 
1826       DEBUG main            d.u.i.k.j.TypeConverter   No LDT found for Meta 
1827       DEBUG main            d.u.i.k.j.TypeConverter   No LDT found for Meta 
1827       DEBUG main            d.u.i.k.j.TypeConverter   No LDT found for Meta 
3417       DEBUG main            d.u.i.k.j.TypeConverter   No LDT found for JavaBigintExpression 
8935       DEBUG main            d.u.i.k.p.i.AbstractProblemLoader Init config took 8.09s 
9089       INFO  main            d.u.i.k.p.i.AbstractProblemLoader Replaying proof SumExample[SumExample::getSum()].Non-interference contract.0 
9169       DEBUG main            d.u.i.k.p.i.IntermediateProofReplayer Proof replay took 462.52ns 
9219       DEBUG main            d.u.i.k.m.s.ProofScriptEngine 1: 'macro 'infflow-autopilot'' 
9513       DEBUG main            d.u.i.k.p.m.ProofCorrectnessMgt No justification found for rule Class_invariant_axiom_for_SumExample 
11316      INFO  main            d.u.i.k.p.r.p.TestFile    ... finished proof: closed. 
1851199    INFO  Test worker     d.u.i.k.p.r.p.StatisticsFile Returning from test SumExample_fullmacro 
1851201    INFO  Test worker     d.u.i.k.p.r.p.StatisticsFile Running test ToyBanking_fullmacro 
483        INFO  Timeout watchdog d.u.i.k.p.r.p.ForkedTestFileRunner Timeout watcher launched (1000 secs.) 
492        WARN  main            d.u.i.k.s.ProofSettings   The settings in /home/runner/.key/proof-settings.props are *not* read. 
530        INFO  main            d.u.i.k.p.r.p.TestFile    Now processing file /home/runner/work/key/key/key.core/../key.ui/examples/InformationFlow/ToyBanking/banking_example.UserAccount(banking_example.UserAccount__getBankAccount(int)).Non-interference contract.0.m.key 
652        INFO  main            d.u.i.k.p.i.AbstractProblemLoader Loading environment from /home/runner/work/key/key/key.core/../key.ui/examples/InformationFlow/ToyBanking/banking_example.UserAccount(banking_example.UserAccount__getBankAccount(int)).Non-interference contract.0.m.key 
673        DEBUG main            d.u.i.k.p.i.AbstractProblemLoader Environment load took 2.48ms 
939        INFO  main            d.u.i.k.p.i.AbstractProblemLoader Creating init config 
2068       DEBUG main            d.u.i.k.j.TypeConverter   No LDT found for Meta 
2068       DEBUG main            d.u.i.k.j.TypeConverter   No LDT found for Meta 
2072       DEBUG main            d.u.i.k.j.TypeConverter   No LDT found for Meta 
2072       DEBUG main            d.u.i.k.j.TypeConverter   No LDT found for Meta 
3896       DEBUG main            d.u.i.k.j.TypeConverter   No LDT found for JavaBigintExpression 
10376      DEBUG main            d.u.i.k.p.i.AbstractProblemLoader Init config took 9.44s 
10615      INFO  main            d.u.i.k.p.i.AbstractProblemLoader Replaying proof banking_example.UserAccount[banking_example.UserAccount::getBankAccount(int)].Non-interference contract.0 
10707      DEBUG main            d.u.i.k.p.i.IntermediateProofReplayer Proof replay took 465.43ns 
10766      DEBUG main            d.u.i.k.m.s.ProofScriptEngine 1: 'macro 'infflow-autopilot'' 
11223      DEBUG main            d.u.i.k.p.m.ProofCorrectnessMgt No justification found for rule Class_invariant_axiom_for_banking_example_UserAccount 
15914      INFO  main            d.u.i.k.p.r.p.TestFile    ... finished proof: closed. 
16157      INFO  main            d.u.i.k.p.r.p.TestFile    Now processing file /home/runner/work/key/key/key.core/../key.ui/examples/InformationFlow/ToyBanking/banking_example.UserAccount(banking_example.UserAccount__tryLogin(int,(C)).Non-interference contract.0.m.key 
16157      INFO  main            d.u.i.k.p.i.AbstractProblemLoader Loading environment from /home/runner/work/key/key/key.core/../key.ui/examples/InformationFlow/ToyBanking/banking_example.UserAccount(banking_example.UserAccount__tryLogin(int,(C)).Non-interference contract.0.m.key 
16157      DEBUG main            d.u.i.k.p.i.AbstractProblemLoader Environment load took 107.11ns 
16159      INFO  main            d.u.i.k.p.i.AbstractProblemLoader Creating init config 
19817      DEBUG main            d.u.i.k.p.i.AbstractProblemLoader Init config took 3.66s 
19928      INFO  main            d.u.i.k.p.i.AbstractProblemLoader Replaying proof banking_example.UserAccount[banking_example.UserAccount::tryLogin(int,[C)].Non-interference contract.0 
19931      DEBUG main            d.u.i.k.p.i.IntermediateProofReplayer Proof replay took 14.9ns 
19933      DEBUG main            d.u.i.k.m.s.ProofScriptEngine 1: 'macro 'infflow-autopilot'' 
20020      DEBUG main            d.u.i.k.p.m.ProofCorrectnessMgt No justification found for rule Class_invariant_axiom_for_banking_example_UserAccount 
84911      INFO  main            d.u.i.k.p.r.p.TestFile    ... finished proof: closed. 
85245      INFO  main            d.u.i.k.p.r.p.TestFile    Now processing file /home/runner/work/key/key/key.core/../key.ui/examples/InformationFlow/ToyBanking/banking_example.BankAccount(banking_example.BankAccount__depositMoney(int)).Non-interference contract.0.m.key 
85246      INFO  main            d.u.i.k.p.i.AbstractProblemLoader Loading environment from /home/runner/work/key/key/key.core/../key.ui/examples/InformationFlow/ToyBanking/banking_example.BankAccount(banking_example.BankAccount__depositMoney(int)).Non-interference contract.0.m.key 
85246      DEBUG main            d.u.i.k.p.i.AbstractProblemLoader Environment load took 91.1ns 
85248      INFO  main            d.u.i.k.p.i.AbstractProblemLoader Creating init config 
88562      DEBUG main            d.u.i.k.p.i.AbstractProblemLoader Init config took 3.31s 
88638      INFO  main            d.u.i.k.p.i.AbstractProblemLoader Replaying proof banking_example.BankAccount[banking_example.BankAccount::depositMoney(int)].Non-interference contract.0 
88640      DEBUG main            d.u.i.k.p.i.IntermediateProofReplayer Proof replay took 16.4ns 
88650      DEBUG main            d.u.i.k.m.s.ProofScriptEngine 1: 'macro 'infflow-autopilot'' 
88750      DEBUG main            d.u.i.k.p.m.ProofCorrectnessMgt No justification found for rule Class_invariant_axiom_for_banking_example_BankAccount 
89417      INFO  main            d.u.i.k.p.r.p.TestFile    ... finished proof: closed. 
89738      INFO  main            d.u.i.k.p.r.p.TestFile    Now processing file /home/runner/work/key/key/key.core/../key.ui/examples/InformationFlow/ToyBanking/banking_example.BankAccount(banking_example.BankAccount__getBalance()).Non-interference contract.0.m.key 
89739      INFO  main            d.u.i.k.p.i.AbstractProblemLoader Loading environment from /home/runner/work/key/key/key.core/../key.ui/examples/InformationFlow/ToyBanking/banking_example.BankAccount(banking_example.BankAccount__getBalance()).Non-interference contract.0.m.key 
89739      DEBUG main            d.u.i.k.p.i.AbstractProblemLoader Environment load took 89.7ns 
89740      INFO  main            d.u.i.k.p.i.AbstractProblemLoader Creating init config 
93039      DEBUG main            d.u.i.k.p.i.AbstractProblemLoader Init config took 3.3s 
93104      INFO  main            d.u.i.k.p.i.AbstractProblemLoader Replaying proof banking_example.BankAccount[banking_example.BankAccount::getBalance()].Non-interference contract.0 
93113      DEBUG main            d.u.i.k.p.i.IntermediateProofReplayer Proof replay took 16.4ns 
93114      DEBUG main            d.u.i.k.m.s.ProofScriptEngine 1: 'macro 'infflow-autopilot'' 
93171      DEBUG main            d.u.i.k.p.m.ProofCorrectnessMgt No justification found for rule Class_invariant_axiom_for_banking_example_BankAccount 
93335      INFO  main            d.u.i.k.p.r.p.TestFile    ... finished proof: closed. 
93505      INFO  main            d.u.i.k.p.r.p.TestFile    Now processing file /home/runner/work/key/key/key.core/../key.ui/examples/InformationFlow/ToyBanking/banking_example.BankAccount(banking_example.BankAccount__getId()).Non-interference contract.0.m.key 
93505      INFO  main            d.u.i.k.p.i.AbstractProblemLoader Loading environment from /home/runner/work/key/key/key.core/../key.ui/examples/InformationFlow/ToyBanking/banking_example.BankAccount(banking_example.BankAccount__getId()).Non-interference contract.0.m.key 
93505      DEBUG main            d.u.i.k.p.i.AbstractProblemLoader Environment load took 75.6ns 
93506      INFO  main            d.u.i.k.p.i.AbstractProblemLoader Creating init config 
96964      DEBUG main            d.u.i.k.p.i.AbstractProblemLoader Init config took 3.46s 
97027      INFO  main            d.u.i.k.p.i.AbstractProblemLoader Replaying proof banking_example.BankAccount[banking_example.BankAccount::getId()].Non-interference contract.0 
97030      DEBUG main            d.u.i.k.p.i.IntermediateProofReplayer Proof replay took 30.3ns 
97031      DEBUG main            d.u.i.k.m.s.ProofScriptEngine 1: 'macro 'infflow-autopilot'' 
97074      DEBUG main            d.u.i.k.p.m.ProofCorrectnessMgt No justification found for rule Class_invariant_axiom_for_banking_example_BankAccount 
97218      INFO  main            d.u.i.k.p.r.p.TestFile    ... finished proof: closed. 
97398      INFO  main            d.u.i.k.p.r.p.TestFile    Now processing file /home/runner/work/key/key/key.core/../key.ui/examples/InformationFlow/ToyBanking/banking_example.Bank(banking_example.Bank__login(int,(C)).Non-interference contract.0.m.key 
97398      INFO  main            d.u.i.k.p.i.AbstractProblemLoader Loading environment from /home/runner/work/key/key/key.core/../key.ui/examples/InformationFlow/ToyBanking/banking_example.Bank(banking_example.Bank__login(int,(C)).Non-interference contract.0.m.key 
97399      DEBUG main            d.u.i.k.p.i.AbstractProblemLoader Environment load took 80.8ns 
97400      INFO  main            d.u.i.k.p.i.AbstractProblemLoader Creating init config 
100705     DEBUG main            d.u.i.k.p.i.AbstractProblemLoader Init config took 3.3s 
100813     INFO  main            d.u.i.k.p.i.AbstractProblemLoader Replaying proof banking_example.Bank[banking_example.Bank::login(int,[C)].Non-interference contract.0 
100817     DEBUG main            d.u.i.k.p.i.IntermediateProofReplayer Proof replay took 17.4ns 
100818     DEBUG main            d.u.i.k.m.s.ProofScriptEngine 1: 'macro 'infflow-autopilot'' 
100869     DEBUG main            d.u.i.k.p.m.ProofCorrectnessMgt No justification found for rule Class_invariant_axiom_for_banking_example_Bank 
102252     DEBUG main            d.u.i.k.p.m.ProofCorrectnessMgt No justification found for rule Partial_inv_axiom_for_JML_class_invariant_nr_13_in_UserAccount 
102417     DEBUG main            d.u.i.k.p.m.ProofCorrectnessMgt No justification found for rule Partial_inv_axiom_for_JML_class_invariant_nr_9_in_UserAccount_EQ 
102428     DEBUG main            d.u.i.k.p.m.ProofCorrectnessMgt No justification found for rule Partial_inv_axiom_for_JML_class_invariant_nr_13_in_UserAccount_EQ 
102457     DEBUG main            d.u.i.k.p.m.ProofCorrectnessMgt No justification found for rule Partial_inv_axiom_for_JML_class_invariant_nr_9_in_UserAccount 
102464     DEBUG main            d.u.i.k.p.m.ProofCorrectnessMgt No justification found for rule Partial_inv_axiom_for_JML_class_invariant_nr_11_in_UserAccount 
102552     DEBUG main            d.u.i.k.p.m.ProofCorrectnessMgt No justification found for rule Partial_inv_axiom_for_JML_class_invariant_nr_15_in_UserAccount 
102564     DEBUG main            d.u.i.k.p.m.ProofCorrectnessMgt No justification found for rule Partial_inv_axiom_for_JML_class_invariant_nr_11_in_UserAccount_EQ 
102586     DEBUG main            d.u.i.k.p.m.ProofCorrectnessMgt No justification found for rule Partial_inv_axiom_for_JML_class_invariant_nr_15_in_UserAccount_EQ 
102604     DEBUG main            d.u.i.k.p.m.ProofCorrectnessMgt No justification found for rule Partial_inv_axiom_for_JML_class_invariant_nr_13_in_UserAccount 
104089     DEBUG main            d.u.i.k.p.m.ProofCorrectnessMgt No justification found for rule Partial_inv_axiom_for_JML_class_invariant_nr_15_in_UserAccount 
104126     DEBUG main            d.u.i.k.p.m.ProofCorrectnessMgt No justification found for rule Partial_inv_axiom_for_JML_class_invariant_nr_13_in_UserAccount 
104337     DEBUG main            d.u.i.k.p.m.ProofCorrectnessMgt No justification found for rule Partial_inv_axiom_for_JML_class_invariant_nr_15_in_UserAccount 
104528     DEBUG main            d.u.i.k.p.m.ProofCorrectnessMgt No justification found for rule Partial_inv_axiom_for_JML_class_invariant_nr_9_in_UserAccount 
104537     DEBUG main            d.u.i.k.p.m.ProofCorrectnessMgt No justification found for rule Partial_inv_axiom_for_JML_class_invariant_nr_11_in_UserAccount 
105275     DEBUG main            d.u.i.k.p.m.ProofCorrectnessMgt No justification found for rule Partial_inv_axiom_for_JML_class_invariant_nr_13_in_UserAccount 
291367     INFO  main            d.u.i.k.p.r.p.TestFile    ... finished proof: open goal(s) 
291795     INFO  main            d.u.i.k.p.r.p.TestFile    Now processing file /home/runner/work/key/key/key.core/../key.ui/examples/InformationFlow/ToyBanking/banking_example2.UserAccount(banking_example2.UserAccount__getBankAccount(int)).Non-interference contract.0.m.key 
291795     INFO  main            d.u.i.k.p.i.AbstractProblemLoader Loading environment from /home/runner/work/key/key/key.core/../key.ui/examples/InformationFlow/ToyBanking/banking_example2.UserAccount(banking_example2.UserAccount__getBankAccount(int)).Non-interference contract.0.m.key 
291796     DEBUG main            d.u.i.k.p.i.AbstractProblemLoader Environment load took 301.52ns 
291797     INFO  main            d.u.i.k.p.i.AbstractProblemLoader Creating init config 
294874     DEBUG main            d.u.i.k.p.i.AbstractProblemLoader Init config took 3.08s 
294963     INFO  main            d.u.i.k.p.i.AbstractProblemLoader Replaying proof banking_example2.UserAccount[banking_example2.UserAccount::getBankAccount(int)].Non-interference contract.0 
294966     DEBUG main            d.u.i.k.p.i.IntermediateProofReplayer Proof replay took 16.4ns 
294966     DEBUG main            d.u.i.k.m.s.ProofScriptEngine 1: 'macro 'infflow-autopilot'' 
295015     DEBUG main            d.u.i.k.p.m.ProofCorrectnessMgt No justification found for rule Class_invariant_axiom_for_banking_example2_UserAccount 
297421     INFO  main            d.u.i.k.p.r.p.TestFile    ... finished proof: closed. 
297950     INFO  main            d.u.i.k.p.r.p.TestFile    Now processing file /home/runner/work/key/key/key.core/../key.ui/examples/InformationFlow/ToyBanking/banking_example2.UserAccount(banking_example2.UserAccount__tryLogin(int,(C)).Non-interference contract.0.m.key 
297950     INFO  main            d.u.i.k.p.i.AbstractProblemLoader Loading environment from /home/runner/work/key/key/key.core/../key.ui/examples/InformationFlow/ToyBanking/banking_example2.UserAccount(banking_example2.UserAccount__tryLogin(int,(C)).Non-interference contract.0.m.key 
297950     DEBUG main            d.u.i.k.p.i.AbstractProblemLoader Environment load took 87.1ns 
297952     INFO  main            d.u.i.k.p.i.AbstractProblemLoader Creating init config 
301130     DEBUG main            d.u.i.k.p.i.AbstractProblemLoader Init config took 3.18s 
301210     INFO  main            d.u.i.k.p.i.AbstractProblemLoader Replaying proof banking_example2.UserAccount[banking_example2.UserAccount::tryLogin(int,[C)].Non-interference contract.0 
301213     DEBUG main            d.u.i.k.p.i.IntermediateProofReplayer Proof replay took 17.3ns 
301221     DEBUG main            d.u.i.k.m.s.ProofScriptEngine 1: 'macro 'infflow-autopilot'' 
301306     DEBUG main            d.u.i.k.p.m.ProofCorrectnessMgt No justification found for rule Class_invariant_axiom_for_banking_example2_UserAccount 
317526     INFO  main            d.u.i.k.p.r.p.TestFile    ... finished proof: closed. 
317849     INFO  main            d.u.i.k.p.r.p.TestFile    Now processing file /home/runner/work/key/key/key.core/../key.ui/examples/InformationFlow/ToyBanking/banking_example2.BankAccount(banking_example2.BankAccount__depositMoney(int)).Non-interference contract.0.m.key 
317849     INFO  main            d.u.i.k.p.i.AbstractProblemLoader Loading environment from /home/runner/work/key/key/key.core/../key.ui/examples/InformationFlow/ToyBanking/banking_example2.BankAccount(banking_example2.BankAccount__depositMoney(int)).Non-interference contract.0.m.key 
317849     DEBUG main            d.u.i.k.p.i.AbstractProblemLoader Environment load took 83.61ns 
317851     INFO  main            d.u.i.k.p.i.AbstractProblemLoader Creating init config 
321085     DEBUG main            d.u.i.k.p.i.AbstractProblemLoader Init config took 3.23s 
321140     INFO  main            d.u.i.k.p.i.AbstractProblemLoader Replaying proof banking_example2.BankAccount[banking_example2.BankAccount::depositMoney(int)].Non-interference contract.0 
321143     DEBUG main            d.u.i.k.p.i.IntermediateProofReplayer Proof replay took 16.6ns 
321144     DEBUG main            d.u.i.k.m.s.ProofScriptEngine 1: 'macro 'infflow-autopilot'' 
321183     DEBUG main            d.u.i.k.p.m.ProofCorrectnessMgt No justification found for rule Class_invariant_axiom_for_banking_example2_BankAccount 
321799     INFO  main            d.u.i.k.p.r.p.TestFile    ... finished proof: closed. 
322043     INFO  main            d.u.i.k.p.r.p.TestFile    Now processing file /home/runner/work/key/key/key.core/../key.ui/examples/InformationFlow/ToyBanking/banking_example2.BankAccount(banking_example2.BankAccount__getBalance()).Non-interference contract.0.m.key 
322044     INFO  main            d.u.i.k.p.i.AbstractProblemLoader Loading environment from /home/runner/work/key/key/key.core/../key.ui/examples/InformationFlow/ToyBanking/banking_example2.BankAccount(banking_example2.BankAccount__getBalance()).Non-interference contract.0.m.key 
322044     DEBUG main            d.u.i.k.p.i.AbstractProblemLoader Environment load took 96.41ns 
322045     INFO  main            d.u.i.k.p.i.AbstractProblemLoader Creating init config 
325282     DEBUG main            d.u.i.k.p.i.AbstractProblemLoader Init config took 3.24s 
325337     INFO  main            d.u.i.k.p.i.AbstractProblemLoader Replaying proof banking_example2.BankAccount[banking_example2.BankAccount::getBalance()].Non-interference contract.0 
325340     DEBUG main            d.u.i.k.p.i.IntermediateProofReplayer Proof replay took 17.2ns 
325341     DEBUG main            d.u.i.k.m.s.ProofScriptEngine 1: 'macro 'infflow-autopilot'' 
325379     DEBUG main            d.u.i.k.p.m.ProofCorrectnessMgt No justification found for rule Class_invariant_axiom_for_banking_example2_BankAccount 
325496     INFO  main            d.u.i.k.p.r.p.TestFile    ... finished proof: closed. 
325714     INFO  main            d.u.i.k.p.r.p.TestFile    Now processing file /home/runner/work/key/key/key.core/../key.ui/examples/InformationFlow/ToyBanking/banking_example2.BankAccount(banking_example2.BankAccount__getId()).Non-interference contract.0.m.key 
325714     INFO  main            d.u.i.k.p.i.AbstractProblemLoader Loading environment from /home/runner/work/key/key/key.core/../key.ui/examples/InformationFlow/ToyBanking/banking_example2.BankAccount(banking_example2.BankAccount__getId()).Non-interference contract.0.m.key 
325715     DEBUG main            d.u.i.k.p.i.AbstractProblemLoader Environment load took 142.61ns 
325716     INFO  main            d.u.i.k.p.i.AbstractProblemLoader Creating init config 
328850     DEBUG main            d.u.i.k.p.i.AbstractProblemLoader Init config took 3.13s 
328925     INFO  main            d.u.i.k.p.i.AbstractProblemLoader Replaying proof banking_example2.BankAccount[banking_example2.BankAccount::getId()].Non-interference contract.0 
328928     DEBUG main            d.u.i.k.p.i.IntermediateProofReplayer Proof replay took 18.3ns 
328928     DEBUG main            d.u.i.k.m.s.ProofScriptEngine 1: 'macro 'infflow-autopilot'' 
328966     DEBUG main            d.u.i.k.p.m.ProofCorrectnessMgt No justification found for rule Class_invariant_axiom_for_banking_example2_BankAccount 
329091     INFO  main            d.u.i.k.p.r.p.TestFile    ... finished proof: closed. 
2180680    INFO  Test worker     d.u.i.k.p.r.p.StatisticsFile Returning from test ToyBanking_fullmacro 
2180682    INFO  Test worker     d.u.i.k.p.r.p.StatisticsFile Running test BlockContracts_fullmacro 
388        INFO  Timeout watchdog d.u.i.k.p.r.p.ForkedTestFileRunner Timeout watcher launched (1000 secs.) 
397        WARN  main            d.u.i.k.s.ProofSettings   The settings in /home/runner/.key/proof-settings.props are *not* read. 
443        INFO  main            d.u.i.k.p.r.p.TestFile    Now processing file /home/runner/work/key/key/key.core/../key.ui/examples/InformationFlow/BlockContracts/contract.IFBlockExamples(contract.IFBlockExamples__secure_5()).Non-interference contract.0.m.key 
592        INFO  main            d.u.i.k.p.i.AbstractProblemLoader Loading environment from /home/runner/work/key/key/key.core/../key.ui/examples/InformationFlow/BlockContracts/contract.IFBlockExamples(contract.IFBlockExamples__secure_5()).Non-interference contract.0.m.key 
618        DEBUG main            d.u.i.k.p.i.AbstractProblemLoader Environment load took 2.51ms 
876        INFO  main            d.u.i.k.p.i.AbstractProblemLoader Creating init config 
1932       DEBUG main            d.u.i.k.j.TypeConverter   No LDT found for Meta 
1933       DEBUG main            d.u.i.k.j.TypeConverter   No LDT found for Meta 
1934       DEBUG main            d.u.i.k.j.TypeConverter   No LDT found for Meta 
1935       DEBUG main            d.u.i.k.j.TypeConverter   No LDT found for Meta 
3489       DEBUG main            d.u.i.k.j.TypeConverter   No LDT found for JavaBigintExpression 
10385      DEBUG main            d.u.i.k.p.i.AbstractProblemLoader Init config took 9.51s 
10564      INFO  main            d.u.i.k.p.i.AbstractProblemLoader Replaying proof contract.IFBlockExamples[contract.IFBlockExamples::secure_5()].Non-interference contract.0 
10690      DEBUG main            d.u.i.k.p.i.IntermediateProofReplayer Proof replay took 405.32ns 
10757      DEBUG main            d.u.i.k.m.s.ProofScriptEngine 1: 'macro 'infflow-autopilot'' 
11167      DEBUG main            d.u.i.k.p.m.ProofCorrectnessMgt No justification found for rule Class_invariant_axiom_for_contract_IFBlockExamples 
12387      INFO  main            d.u.i.k.p.r.p.TestFile    ... finished proof: closed. 
12560      INFO  main            d.u.i.k.p.r.p.TestFile    Now processing file /home/runner/work/key/key/key.core/../key.ui/examples/InformationFlow/BlockContracts/contract.IFBlockExamples(contract.IFBlockExamples__block_no_return_secure(int)).Non-interference contract.0.m.key 
12562      INFO  main            d.u.i.k.p.i.AbstractProblemLoader Loading environment from /home/runner/work/key/key/key.core/../key.ui/examples/InformationFlow/BlockContracts/contract.IFBlockExamples(contract.IFBlockExamples__block_no_return_secure(int)).Non-interference contract.0.m.key 
12562      DEBUG main            d.u.i.k.p.i.AbstractProblemLoader Environment load took 399.42ns 
12565      INFO  main            d.u.i.k.p.i.AbstractProblemLoader Creating init config 
16066      DEBUG main            d.u.i.k.p.i.AbstractProblemLoader Init config took 3.5s 
16138      INFO  main            d.u.i.k.p.i.AbstractProblemLoader Replaying proof contract.IFBlockExamples[contract.IFBlockExamples::block_no_return_secure(int)].Non-interference contract.0 
16142      DEBUG main            d.u.i.k.p.i.IntermediateProofReplayer Proof replay took 14.5ns 
16143      DEBUG main            d.u.i.k.m.s.ProofScriptEngine 1: 'macro 'infflow-autopilot'' 
16219      DEBUG main            d.u.i.k.p.m.ProofCorrectnessMgt No justification found for rule Class_invariant_axiom_for_contract_IFBlockExamples 
16941      INFO  main            d.u.i.k.p.r.p.TestFile    ... finished proof: closed. 
17149      INFO  main            d.u.i.k.p.r.p.TestFile    Now processing file /home/runner/work/key/key/key.core/../key.ui/examples/InformationFlow/BlockContracts/contract.IFBlockExamples(contract.IFBlockExamples__while_block_insecure(int)).Non-interference contract.0.m.key 
17150      INFO  main            d.u.i.k.p.i.AbstractProblemLoader Loading environment from /home/runner/work/key/key/key.core/../key.ui/examples/InformationFlow/BlockContracts/contract.IFBlockExamples(contract.IFBlockExamples__while_block_insecure(int)).Non-interference contract.0.m.key 
17150      DEBUG main            d.u.i.k.p.i.AbstractProblemLoader Environment load took 213.61ns 
17152      INFO  main            d.u.i.k.p.i.AbstractProblemLoader Creating init config 
20554      DEBUG main            d.u.i.k.p.i.AbstractProblemLoader Init config took 3.4s 
20622      INFO  main            d.u.i.k.p.i.AbstractProblemLoader Replaying proof contract.IFBlockExamples[contract.IFBlockExamples::while_block_insecure(int)].Non-interference contract.0 
20626      DEBUG main            d.u.i.k.p.i.IntermediateProofReplayer Proof replay took 15.3ns 
20627      DEBUG main            d.u.i.k.m.s.ProofScriptEngine 1: 'macro 'infflow-autopilot'' 
20712      DEBUG main            d.u.i.k.p.m.ProofCorrectnessMgt No justification found for rule Class_invariant_axiom_for_contract_IFBlockExamples 
22493      INFO  main            d.u.i.k.p.r.p.TestFile    ... finished proof: open goal(s) 
22682      INFO  main            d.u.i.k.p.r.p.TestFile    Now processing file /home/runner/work/key/key/key.core/../key.ui/examples/InformationFlow/BlockContracts/contract.IFBlockExamples(contract.IFBlockExamples__while_block_secure(int)).Non-interference contract.0.m.key 
22682      INFO  main            d.u.i.k.p.i.AbstractProblemLoader Loading environment from /home/runner/work/key/key/key.core/../key.ui/examples/InformationFlow/BlockContracts/contract.IFBlockExamples(contract.IFBlockExamples__while_block_secure(int)).Non-interference contract.0.m.key 
22683      DEBUG main            d.u.i.k.p.i.AbstractProblemLoader Environment load took 79.9ns 
22686      INFO  main            d.u.i.k.p.i.AbstractProblemLoader Creating init config 
25920      DEBUG main            d.u.i.k.p.i.AbstractProblemLoader Init config took 3.23s 
25978      INFO  main            d.u.i.k.p.i.AbstractProblemLoader Replaying proof contract.IFBlockExamples[contract.IFBlockExamples::while_block_secure(int)].Non-interference contract.0 
25981      DEBUG main            d.u.i.k.p.i.IntermediateProofReplayer Proof replay took 14.9ns 
25982      DEBUG main            d.u.i.k.m.s.ProofScriptEngine 1: 'macro 'infflow-autopilot'' 
26036      DEBUG main            d.u.i.k.p.m.ProofCorrectnessMgt No justification found for rule Class_invariant_axiom_for_contract_IFBlockExamples 
27549      INFO  main            d.u.i.k.p.r.p.TestFile    ... finished proof: closed. 
27779      INFO  main            d.u.i.k.p.r.p.TestFile    Now processing file /home/runner/work/key/key/key.core/../key.ui/examples/InformationFlow/BlockContracts/contract.IFBlockExamples(contract.IFBlockExamples__block_while_secure(int)).Non-interference contract.0.m.key 
27779      INFO  main            d.u.i.k.p.i.AbstractProblemLoader Loading environment from /home/runner/work/key/key/key.core/../key.ui/examples/InformationFlow/BlockContracts/contract.IFBlockExamples(contract.IFBlockExamples__block_while_secure(int)).Non-interference contract.0.m.key 
27779      DEBUG main            d.u.i.k.p.i.AbstractProblemLoader Environment load took 80ns 
27781      INFO  main            d.u.i.k.p.i.AbstractProblemLoader Creating init config 
30980      DEBUG main            d.u.i.k.p.i.AbstractProblemLoader Init config took 3.2s 
31035      INFO  main            d.u.i.k.p.i.AbstractProblemLoader Replaying proof contract.IFBlockExamples[contract.IFBlockExamples::block_while_secure(int)].Non-interference contract.0 
31038      DEBUG main            d.u.i.k.p.i.IntermediateProofReplayer Proof replay took 18.9ns 
31038      DEBUG main            d.u.i.k.m.s.ProofScriptEngine 1: 'macro 'infflow-autopilot'' 
31089      DEBUG main            d.u.i.k.p.m.ProofCorrectnessMgt No justification found for rule Class_invariant_axiom_for_contract_IFBlockExamples 
32631      INFO  main            d.u.i.k.p.r.p.TestFile    ... finished proof: closed. 
32862      INFO  main            d.u.i.k.p.r.p.TestFile    Now processing file /home/runner/work/key/key/key.core/../key.ui/examples/InformationFlow/BlockContracts/contract.IFBlockExamples(contract.IFBlockExamples__insecure_4(int)).Non-interference contract.0.m.key 
32862      INFO  main            d.u.i.k.p.i.AbstractProblemLoader Loading environment from /home/runner/work/key/key/key.core/../key.ui/examples/InformationFlow/BlockContracts/contract.IFBlockExamples(contract.IFBlockExamples__insecure_4(int)).Non-interference contract.0.m.key 
32863      DEBUG main            d.u.i.k.p.i.AbstractProblemLoader Environment load took 74.6ns 
32864      INFO  main            d.u.i.k.p.i.AbstractProblemLoader Creating init config 
35992      DEBUG main            d.u.i.k.p.i.AbstractProblemLoader Init config took 3.13s 
36045      INFO  main            d.u.i.k.p.i.AbstractProblemLoader Replaying proof contract.IFBlockExamples[contract.IFBlockExamples::insecure_4(int)].Non-interference contract.0 
36050      DEBUG main            d.u.i.k.p.i.IntermediateProofReplayer Proof replay took 18.3ns 
36053      DEBUG main            d.u.i.k.m.s.ProofScriptEngine 1: 'macro 'infflow-autopilot'' 
36117      DEBUG main            d.u.i.k.p.m.ProofCorrectnessMgt No justification found for rule Class_invariant_axiom_for_contract_IFBlockExamples 
37864      INFO  main            d.u.i.k.p.r.p.TestFile    ... finished proof: open goal(s) 
38118      INFO  main            d.u.i.k.p.r.p.TestFile    Now processing file /home/runner/work/key/key/key.core/../key.ui/examples/InformationFlow/BlockContracts/contract.IFBlockExamples(contract.IFBlockExamples__insecure_3(int)).Non-interference contract.0.m.key 
38118      INFO  main            d.u.i.k.p.i.AbstractProblemLoader Loading environment from /home/runner/work/key/key/key.core/../key.ui/examples/InformationFlow/BlockContracts/contract.IFBlockExamples(contract.IFBlockExamples__insecure_3(int)).Non-interference contract.0.m.key 
38119      DEBUG main            d.u.i.k.p.i.AbstractProblemLoader Environment load took 508.23ns 
38120      INFO  main            d.u.i.k.p.i.AbstractProblemLoader Creating init config 
41290      DEBUG main            d.u.i.k.p.i.AbstractProblemLoader Init config took 3.17s 
41348      INFO  main            d.u.i.k.p.i.AbstractProblemLoader Replaying proof contract.IFBlockExamples[contract.IFBlockExamples::insecure_3(int)].Non-interference contract.0 
41351      DEBUG main            d.u.i.k.p.i.IntermediateProofReplayer Proof replay took 17.3ns 
41352      DEBUG main            d.u.i.k.m.s.ProofScriptEngine 1: 'macro 'infflow-autopilot'' 
41401      DEBUG main            d.u.i.k.p.m.ProofCorrectnessMgt No justification found for rule Class_invariant_axiom_for_contract_IFBlockExamples 
50970      INFO  main            d.u.i.k.p.r.p.TestFile    ... finished proof: open goal(s) 
51311      INFO  main            d.u.i.k.p.r.p.TestFile    Now processing file /home/runner/work/key/key/key.core/../key.ui/examples/InformationFlow/BlockContracts/contract.IFBlockExamples(contract.IFBlockExamples__secure_3(int)).Non-interference contract.0.m.key 
51311      INFO  main            d.u.i.k.p.i.AbstractProblemLoader Loading environment from /home/runner/work/key/key/key.core/../key.ui/examples/InformationFlow/BlockContracts/contract.IFBlockExamples(contract.IFBlockExamples__secure_3(int)).Non-interference contract.0.m.key 
51311      DEBUG main            d.u.i.k.p.i.AbstractProblemLoader Environment load took 131.51ns 
51313      INFO  main            d.u.i.k.p.i.AbstractProblemLoader Creating init config 
54468      DEBUG main            d.u.i.k.p.i.AbstractProblemLoader Init config took 3.16s 
54516      INFO  main            d.u.i.k.p.i.AbstractProblemLoader Replaying proof contract.IFBlockExamples[contract.IFBlockExamples::secure_3(int)].Non-interference contract.0 
54519      DEBUG main            d.u.i.k.p.i.IntermediateProofReplayer Proof replay took 15.1ns 
54520      DEBUG main            d.u.i.k.m.s.ProofScriptEngine 1: 'macro 'infflow-autopilot'' 
54564      DEBUG main            d.u.i.k.p.m.ProofCorrectnessMgt No justification found for rule Class_invariant_axiom_for_contract_IFBlockExamples 
56015      INFO  main            d.u.i.k.p.r.p.TestFile    ... finished proof: closed. 
56322      INFO  main            d.u.i.k.p.r.p.TestFile    Now processing file /home/runner/work/key/key/key.core/../key.ui/examples/InformationFlow/BlockContracts/contract.IFBlockExamples(contract.IFBlockExamples__secure_2(int)).Non-interference contract.0.m.key 
56322      INFO  main            d.u.i.k.p.i.AbstractProblemLoader Loading environment from /home/runner/work/key/key/key.core/../key.ui/examples/InformationFlow/BlockContracts/contract.IFBlockExamples(contract.IFBlockExamples__secure_2(int)).Non-interference contract.0.m.key 
56322      DEBUG main            d.u.i.k.p.i.AbstractProblemLoader Environment load took 79.61ns 
56323      INFO  main            d.u.i.k.p.i.AbstractProblemLoader Creating init config 
59404      DEBUG main            d.u.i.k.p.i.AbstractProblemLoader Init config took 3.08s 
59452      INFO  main            d.u.i.k.p.i.AbstractProblemLoader Replaying proof contract.IFBlockExamples[contract.IFBlockExamples::secure_2(int)].Non-interference contract.0 
59455      DEBUG main            d.u.i.k.p.i.IntermediateProofReplayer Proof replay took 16.8ns 
59456      DEBUG main            d.u.i.k.m.s.ProofScriptEngine 1: 'macro 'infflow-autopilot'' 
59498      DEBUG main            d.u.i.k.p.m.ProofCorrectnessMgt No justification found for rule Class_invariant_axiom_for_contract_IFBlockExamples 
61202      INFO  main            d.u.i.k.p.r.p.TestFile    ... finished proof: closed. 
61481      INFO  main            d.u.i.k.p.r.p.TestFile    Now processing file /home/runner/work/key/key/key.core/../key.ui/examples/InformationFlow/BlockContracts/contract.IFBlockExamples(contract.IFBlockExamples__secure_8(int)).Non-interference contract.0.m.key 
61481      INFO  main            d.u.i.k.p.i.AbstractProblemLoader Loading environment from /home/runner/work/key/key/key.core/../key.ui/examples/InformationFlow/BlockContracts/contract.IFBlockExamples(contract.IFBlockExamples__secure_8(int)).Non-interference contract.0.m.key 
61481      DEBUG main            d.u.i.k.p.i.AbstractProblemLoader Environment load took 77.8ns 
61482      INFO  main            d.u.i.k.p.i.AbstractProblemLoader Creating init config 
64612      DEBUG main            d.u.i.k.p.i.AbstractProblemLoader Init config took 3.13s 
64658      INFO  main            d.u.i.k.p.i.AbstractProblemLoader Replaying proof contract.IFBlockExamples[contract.IFBlockExamples::secure_8(int)].Non-interference contract.0 
64661      DEBUG main            d.u.i.k.p.i.IntermediateProofReplayer Proof replay took 16.3ns 
64662      DEBUG main            d.u.i.k.m.s.ProofScriptEngine 1: 'macro 'infflow-autopilot'' 
64701      DEBUG main            d.u.i.k.p.m.ProofCorrectnessMgt No justification found for rule Class_invariant_axiom_for_contract_IFBlockExamples 
65264      INFO  main            d.u.i.k.p.r.p.TestFile    ... finished proof: closed. 
65544      INFO  main            d.u.i.k.p.r.p.TestFile    Now processing file /home/runner/work/key/key/key.core/../key.ui/examples/InformationFlow/BlockContracts/contract.IFBlockExamples(contract.IFBlockExamples__secure_7(int)).Non-interference contract.0.m.key 
65544      INFO  main            d.u.i.k.p.i.AbstractProblemLoader Loading environment from /home/runner/work/key/key/key.core/../key.ui/examples/InformationFlow/BlockContracts/contract.IFBlockExamples(contract.IFBlockExamples__secure_7(int)).Non-interference contract.0.m.key 
65546      DEBUG main            d.u.i.k.p.i.AbstractProblemLoader Environment load took 77.8ns 
65547      INFO  main            d.u.i.k.p.i.AbstractProblemLoader Creating init config 
68651      DEBUG main            d.u.i.k.p.i.AbstractProblemLoader Init config took 3.1s 
68721      INFO  main            d.u.i.k.p.i.AbstractProblemLoader Replaying proof contract.IFBlockExamples[contract.IFBlockExamples::secure_7(int)].Non-interference contract.0 
68725      DEBUG main            d.u.i.k.p.i.IntermediateProofReplayer Proof replay took 17.1ns 
68726      DEBUG main            d.u.i.k.m.s.ProofScriptEngine 1: 'macro 'infflow-autopilot'' 
68769      DEBUG main            d.u.i.k.p.m.ProofCorrectnessMgt No justification found for rule Class_invariant_axiom_for_contract_IFBlockExamples 
69194      INFO  main            d.u.i.k.p.r.p.TestFile    ... finished proof: closed. 
69428      INFO  main            d.u.i.k.p.r.p.TestFile    Now processing file /home/runner/work/key/key/key.core/../key.ui/examples/InformationFlow/BlockContracts/contract.IFBlockExamples(contract.IFBlockExamples__secure_6(int)).Non-interference contract.0.m.key 
69429      INFO  main            d.u.i.k.p.i.AbstractProblemLoader Loading environment from /home/runner/work/key/key/key.core/../key.ui/examples/InformationFlow/BlockContracts/contract.IFBlockExamples(contract.IFBlockExamples__secure_6(int)).Non-interference contract.0.m.key 
69429      DEBUG main            d.u.i.k.p.i.AbstractProblemLoader Environment load took 76ns 
69430      INFO  main            d.u.i.k.p.i.AbstractProblemLoader Creating init config 
72511      DEBUG main            d.u.i.k.p.i.AbstractProblemLoader Init config took 3.08s 
72556      INFO  main            d.u.i.k.p.i.AbstractProblemLoader Replaying proof contract.IFBlockExamples[contract.IFBlockExamples::secure_6(int)].Non-interference contract.0 
72559      DEBUG main            d.u.i.k.p.i.IntermediateProofReplayer Proof replay took 16ns 
72560      DEBUG main            d.u.i.k.m.s.ProofScriptEngine 1: 'macro 'infflow-autopilot'' 
72599      DEBUG main            d.u.i.k.p.m.ProofCorrectnessMgt No justification found for rule Class_invariant_axiom_for_contract_IFBlockExamples 
73043      INFO  main            d.u.i.k.p.r.p.TestFile    ... finished proof: closed. 
73322      INFO  main            d.u.i.k.p.r.p.TestFile    Now processing file /home/runner/work/key/key/key.core/../key.ui/examples/InformationFlow/BlockContracts/contract.IFBlockExamples(contract.IFBlockExamples__insecure_1(int)).Non-interference contract.0.m.key 
73322      INFO  main            d.u.i.k.p.i.AbstractProblemLoader Loading environment from /home/runner/work/key/key/key.core/../key.ui/examples/InformationFlow/BlockContracts/contract.IFBlockExamples(contract.IFBlockExamples__insecure_1(int)).Non-interference contract.0.m.key 
73322      DEBUG main            d.u.i.k.p.i.AbstractProblemLoader Environment load took 73.5ns 
73324      INFO  main            d.u.i.k.p.i.AbstractProblemLoader Creating init config 
76432      DEBUG main            d.u.i.k.p.i.AbstractProblemLoader Init config took 3.11s 
76477      INFO  main            d.u.i.k.p.i.AbstractProblemLoader Replaying proof contract.IFBlockExamples[contract.IFBlockExamples::insecure_1(int)].Non-interference contract.0 
76480      DEBUG main            d.u.i.k.p.i.IntermediateProofReplayer Proof replay took 17.2ns 
76481      DEBUG main            d.u.i.k.m.s.ProofScriptEngine 1: 'macro 'infflow-autopilot'' 
76522      DEBUG main            d.u.i.k.p.m.ProofCorrectnessMgt No justification found for rule Class_invariant_axiom_for_contract_IFBlockExamples 
77175      INFO  main            d.u.i.k.p.r.p.TestFile    ... finished proof: open goal(s) 
77412      INFO  main            d.u.i.k.p.r.p.TestFile    Now processing file /home/runner/work/key/key/key.core/../key.ui/examples/InformationFlow/BlockContracts/contract.IFBlockExamples(contract.IFBlockExamples__secure_4(int)).Non-interference contract.0.m.key 
77413      INFO  main            d.u.i.k.p.i.AbstractProblemLoader Loading environment from /home/runner/work/key/key/key.core/../key.ui/examples/InformationFlow/BlockContracts/contract.IFBlockExamples(contract.IFBlockExamples__secure_4(int)).Non-interference contract.0.m.key 
77413      DEBUG main            d.u.i.k.p.i.AbstractProblemLoader Environment load took 69.9ns 
77414      INFO  main            d.u.i.k.p.i.AbstractProblemLoader Creating init config 
80407      DEBUG main            d.u.i.k.p.i.AbstractProblemLoader Init config took 2.99s 
80480      INFO  main            d.u.i.k.p.i.AbstractProblemLoader Replaying proof contract.IFBlockExamples[contract.IFBlockExamples::secure_4(int)].Non-interference contract.0 
80483      DEBUG main            d.u.i.k.p.i.IntermediateProofReplayer Proof replay took 18.1ns 
80484      DEBUG main            d.u.i.k.m.s.ProofScriptEngine 1: 'macro 'infflow-autopilot'' 
80524      DEBUG main            d.u.i.k.p.m.ProofCorrectnessMgt No justification found for rule Class_invariant_axiom_for_contract_IFBlockExamples 
81070      INFO  main            d.u.i.k.p.r.p.TestFile    ... finished proof: closed. 
81330      INFO  main            d.u.i.k.p.r.p.TestFile    Now processing file /home/runner/work/key/key/key.core/../key.ui/examples/InformationFlow/BlockContracts/contract.IFBlockExamples(contract.IFBlockExamples__secure_1(int)).Non-interference contract.0.m.key 
81331      INFO  main            d.u.i.k.p.i.AbstractProblemLoader Loading environment from /home/runner/work/key/key/key.core/../key.ui/examples/InformationFlow/BlockContracts/contract.IFBlockExamples(contract.IFBlockExamples__secure_1(int)).Non-interference contract.0.m.key 
81331      DEBUG main            d.u.i.k.p.i.AbstractProblemLoader Environment load took 103.81ns 
81332      INFO  main            d.u.i.k.p.i.AbstractProblemLoader Creating init config 
84398      DEBUG main            d.u.i.k.p.i.AbstractProblemLoader Init config took 3.07s 
84451      INFO  main            d.u.i.k.p.i.AbstractProblemLoader Replaying proof contract.IFBlockExamples[contract.IFBlockExamples::secure_1(int)].Non-interference contract.0 
84453      DEBUG main            d.u.i.k.p.i.IntermediateProofReplayer Proof replay took 17.3ns 
84454      DEBUG main            d.u.i.k.m.s.ProofScriptEngine 1: 'macro 'infflow-autopilot'' 
84492      DEBUG main            d.u.i.k.p.m.ProofCorrectnessMgt No justification found for rule Class_invariant_axiom_for_contract_IFBlockExamples 
85127      INFO  main            d.u.i.k.p.r.p.TestFile    ... finished proof: closed. 
85447      INFO  main            d.u.i.k.p.r.p.TestFile    Now processing file /home/runner/work/key/key/key.core/../key.ui/examples/InformationFlow/BlockContracts/contract.IFEfficiencyExamples(contract.IFEfficiencyExamples__mWithoutBlockContract()).Non-interference contract.0.m.key 
85448      INFO  main            d.u.i.k.p.i.AbstractProblemLoader Loading environment from /home/runner/work/key/key/key.core/../key.ui/examples/InformationFlow/BlockContracts/contract.IFEfficiencyExamples(contract.IFEfficiencyExamples__mWithoutBlockContract()).Non-interference contract.0.m.key 
85448      DEBUG main            d.u.i.k.p.i.AbstractProblemLoader Environment load took 90.41ns 
85449      INFO  main            d.u.i.k.p.i.AbstractProblemLoader Creating init config 
88513      DEBUG main            d.u.i.k.p.i.AbstractProblemLoader Init config took 3.06s 
88555      INFO  main            d.u.i.k.p.i.AbstractProblemLoader Replaying proof contract.IFEfficiencyExamples[contract.IFEfficiencyExamples::mWithoutBlockContract()].Non-interference contract.0 
88558      DEBUG main            d.u.i.k.p.i.IntermediateProofReplayer Proof replay took 17.7ns 
88559      DEBUG main            d.u.i.k.m.s.ProofScriptEngine 1: 'macro 'infflow-autopilot'' 
88598      DEBUG main            d.u.i.k.p.m.ProofCorrectnessMgt No justification found for rule Class_invariant_axiom_for_contract_IFEfficiencyExamples 
94437      INFO  main            d.u.i.k.p.r.p.TestFile    ... finished proof: closed. 
94724      INFO  main            d.u.i.k.p.r.p.TestFile    Now processing file /home/runner/work/key/key/key.core/../key.ui/examples/InformationFlow/BlockContracts/contract.IFEfficiencyExamples(contract.IFEfficiencyExamples__mWithBlockContract()).Non-interference contract.0.m.key 
94724      INFO  main            d.u.i.k.p.i.AbstractProblemLoader Loading environment from /home/runner/work/key/key/key.core/../key.ui/examples/InformationFlow/BlockContracts/contract.IFEfficiencyExamples(contract.IFEfficiencyExamples__mWithBlockContract()).Non-interference contract.0.m.key 
94728      DEBUG main            d.u.i.k.p.i.AbstractProblemLoader Environment load took 3.97ms 
94729      INFO  main            d.u.i.k.p.i.AbstractProblemLoader Creating init config 
97777      DEBUG main            d.u.i.k.p.i.AbstractProblemLoader Init config took 3.05s 
97821      INFO  main            d.u.i.k.p.i.AbstractProblemLoader Replaying proof contract.IFEfficiencyExamples[contract.IFEfficiencyExamples::mWithBlockContract()].Non-interference contract.0 
97823      DEBUG main            d.u.i.k.p.i.IntermediateProofReplayer Proof replay took 18.4ns 
97824      DEBUG main            d.u.i.k.m.s.ProofScriptEngine 1: 'macro 'infflow-autopilot'' 
97861      DEBUG main            d.u.i.k.p.m.ProofCorrectnessMgt No justification found for rule Class_invariant_axiom_for_contract_IFEfficiencyExamples 
99838      INFO  main            d.u.i.k.p.r.p.TestFile    ... finished proof: closed. 
2281002    INFO  Test worker     d.u.i.k.p.r.p.StatisticsFile Returning from test BlockContracts_fullmacro 
2281004    INFO  Test worker     d.u.i.k.p.r.p.StatisticsFile Running test MethodContracts_fullmacro 
442        INFO  Timeout watchdog d.u.i.k.p.r.p.ForkedTestFileRunner Timeout watcher launched (1000 secs.) 
461        WARN  main            d.u.i.k.s.ProofSettings   The settings in /home/runner/.key/proof-settings.props are *not* read. 
505        INFO  main            d.u.i.k.p.r.p.TestFile    Now processing file /home/runner/work/key/key/key.core/../key.ui/examples/InformationFlow/MethodContracts/contract.IFMethodContract(contract.IFMethodContract__secure_recursion_2((I,int)).Non-interference contract.0.m.key 
679        INFO  main            d.u.i.k.p.i.AbstractProblemLoader Loading environment from /home/runner/work/key/key/key.core/../key.ui/examples/InformationFlow/MethodContracts/contract.IFMethodContract(contract.IFMethodContract__secure_recursion_2((I,int)).Non-interference contract.0.m.key 
709        DEBUG main            d.u.i.k.p.i.AbstractProblemLoader Environment load took 2ms 
1003       INFO  main            d.u.i.k.p.i.AbstractProblemLoader Creating init config 
2008       DEBUG main            d.u.i.k.j.TypeConverter   No LDT found for Meta 
2008       DEBUG main            d.u.i.k.j.TypeConverter   No LDT found for Meta 
2010       DEBUG main            d.u.i.k.j.TypeConverter   No LDT found for Meta 
2010       DEBUG main            d.u.i.k.j.TypeConverter   No LDT found for Meta 
3729       DEBUG main            d.u.i.k.j.TypeConverter   No LDT found for JavaBigintExpression 
9461       DEBUG main            d.u.i.k.p.i.AbstractProblemLoader Init config took 8.46s 
9616       INFO  main            d.u.i.k.p.i.AbstractProblemLoader Replaying proof contract.IFMethodContract[contract.IFMethodContract::secure_recursion_2([I,int)].Non-interference contract.0 
9693       DEBUG main            d.u.i.k.p.i.IntermediateProofReplayer Proof replay took 542.33ns 
9769       DEBUG main            d.u.i.k.m.s.ProofScriptEngine 1: 'macro 'infflow-autopilot'' 
10109      DEBUG main            d.u.i.k.p.m.ProofCorrectnessMgt No justification found for rule Class_invariant_axiom_for_contract_IFMethodContract 
10652      DEBUG main            d.u.i.k.p.m.ProofCorrectnessMgt No justification found for rule Class_invariant_axiom_for_contract_IFMethodContract 
10660      DEBUG main            d.u.i.k.p.m.ProofCorrectnessMgt No justification found for rule Class_invariant_axiom_for_contract_IFMethodContract 
10942      DEBUG main            d.u.i.k.p.m.ProofCorrectnessMgt No justification found for rule Class_invariant_axiom_for_contract_IFMethodContract 
14614      INFO  main            d.u.i.k.p.r.p.TestFile    ... finished proof: closed. 
14777      INFO  main            d.u.i.k.p.r.p.TestFile    Now processing file /home/runner/work/key/key/key.core/../key.ui/examples/InformationFlow/MethodContracts/contract.IFMethodContract(contract.IFMethodContract__secure_recursion(int)).Non-interference contract.0.m.key 
14778      INFO  main            d.u.i.k.p.i.AbstractProblemLoader Loading environment from /home/runner/work/key/key/key.core/../key.ui/examples/InformationFlow/MethodContracts/contract.IFMethodContract(contract.IFMethodContract__secure_recursion(int)).Non-interference contract.0.m.key 
14780      DEBUG main            d.u.i.k.p.i.AbstractProblemLoader Environment load took 1.69ms 
14783      INFO  main            d.u.i.k.p.i.AbstractProblemLoader Creating init config 
18359      DEBUG main            d.u.i.k.p.i.AbstractProblemLoader Init config took 3.58s 
18422      INFO  main            d.u.i.k.p.i.AbstractProblemLoader Replaying proof contract.IFMethodContract[contract.IFMethodContract::secure_recursion(int)].Non-interference contract.0 
18426      DEBUG main            d.u.i.k.p.i.IntermediateProofReplayer Proof replay took 15.3ns 
18427      DEBUG main            d.u.i.k.m.s.ProofScriptEngine 1: 'macro 'infflow-autopilot'' 
18490      DEBUG main            d.u.i.k.p.m.ProofCorrectnessMgt No justification found for rule Class_invariant_axiom_for_contract_IFMethodContract 
18589      DEBUG main            d.u.i.k.p.m.ProofCorrectnessMgt No justification found for rule Class_invariant_axiom_for_contract_IFMethodContract 
18590      DEBUG main            d.u.i.k.p.m.ProofCorrectnessMgt No justification found for rule Class_invariant_axiom_for_contract_IFMethodContract 
18659      DEBUG main            d.u.i.k.p.m.ProofCorrectnessMgt No justification found for rule Class_invariant_axiom_for_contract_IFMethodContract 
19183      INFO  main            d.u.i.k.p.r.p.TestFile    ... finished proof: closed. 
19389      INFO  main            d.u.i.k.p.r.p.TestFile    Now processing file /home/runner/work/key/key/key.core/../key.ui/examples/InformationFlow/MethodContracts/contract.IFMethodContract(contract.IFMethodContract__secure_catch_exception()).Non-interference contract.0.m.key 
19390      INFO  main            d.u.i.k.p.i.AbstractProblemLoader Loading environment from /home/runner/work/key/key/key.core/../key.ui/examples/InformationFlow/MethodContracts/contract.IFMethodContract(contract.IFMethodContract__secure_catch_exception()).Non-interference contract.0.m.key 
19390      DEBUG main            d.u.i.k.p.i.AbstractProblemLoader Environment load took 101.11ns 
19392      INFO  main            d.u.i.k.p.i.AbstractProblemLoader Creating init config 
22628      DEBUG main            d.u.i.k.p.i.AbstractProblemLoader Init config took 3.24s 
22697      INFO  main            d.u.i.k.p.i.AbstractProblemLoader Replaying proof contract.IFMethodContract[contract.IFMethodContract::secure_catch_exception()].Non-interference contract.0 
22701      DEBUG main            d.u.i.k.p.i.IntermediateProofReplayer Proof replay took 17.1ns 
22702      DEBUG main            d.u.i.k.m.s.ProofScriptEngine 1: 'macro 'infflow-autopilot'' 
22751      DEBUG main            d.u.i.k.p.m.ProofCorrectnessMgt No justification found for rule Class_invariant_axiom_for_contract_IFMethodContract 
23071      INFO  main            d.u.i.k.p.r.p.TestFile    ... finished proof: closed. 
23245      INFO  main            d.u.i.k.p.r.p.TestFile    Now processing file /home/runner/work/key/key/key.core/../key.ui/examples/InformationFlow/MethodContracts/contract.IFMethodContract(contract.IFMethodContract__n6()).Non-interference contract.0.m.key 
23245      INFO  main            d.u.i.k.p.i.AbstractProblemLoader Loading environment from /home/runner/work/key/key/key.core/../key.ui/examples/InformationFlow/MethodContracts/contract.IFMethodContract(contract.IFMethodContract__n6()).Non-interference contract.0.m.key 
23245      DEBUG main            d.u.i.k.p.i.AbstractProblemLoader Environment load took 77.7ns 
23246      INFO  main            d.u.i.k.p.i.AbstractProblemLoader Creating init config 
26420      DEBUG main            d.u.i.k.p.i.AbstractProblemLoader Init config took 3.17s 
26473      INFO  main            d.u.i.k.p.i.AbstractProblemLoader Replaying proof contract.IFMethodContract[contract.IFMethodContract::n6()].Non-interference contract.0 
26476      DEBUG main            d.u.i.k.p.i.IntermediateProofReplayer Proof replay took 16.4ns 
26476      DEBUG main            d.u.i.k.m.s.ProofScriptEngine 1: 'macro 'infflow-autopilot'' 
26539      DEBUG main            d.u.i.k.p.m.ProofCorrectnessMgt No justification found for rule Class_invariant_axiom_for_contract_IFMethodContract 
26672      INFO  main            d.u.i.k.p.r.p.TestFile    ... finished proof: closed. 
26833      INFO  main            d.u.i.k.p.r.p.TestFile    Now processing file /home/runner/work/key/key/key.core/../key.ui/examples/InformationFlow/MethodContracts/contract.IFMethodContract(contract.IFMethodContract__secure_n6()).Non-interference contract.0.m.key 
26834      INFO  main            d.u.i.k.p.i.AbstractProblemLoader Loading environment from /home/runner/work/key/key/key.core/../key.ui/examples/InformationFlow/MethodContracts/contract.IFMethodContract(contract.IFMethodContract__secure_n6()).Non-interference contract.0.m.key 
26834      DEBUG main            d.u.i.k.p.i.AbstractProblemLoader Environment load took 113.91ns 
26836      INFO  main            d.u.i.k.p.i.AbstractProblemLoader Creating init config 
29910      DEBUG main            d.u.i.k.p.i.AbstractProblemLoader Init config took 3.07s 
29978      INFO  main            d.u.i.k.p.i.AbstractProblemLoader Replaying proof contract.IFMethodContract[contract.IFMethodContract::secure_n6()].Non-interference contract.0 
29981      DEBUG main            d.u.i.k.p.i.IntermediateProofReplayer Proof replay took 32.7ns 
29981      DEBUG main            d.u.i.k.m.s.ProofScriptEngine 1: 'macro 'infflow-autopilot'' 
30035      DEBUG main            d.u.i.k.p.m.ProofCorrectnessMgt No justification found for rule Class_invariant_axiom_for_contract_IFMethodContract 
30064      DEBUG main            d.u.i.k.p.m.ProofCorrectnessMgt No justification found for rule Class_invariant_axiom_for_contract_IFMethodContract 
30065      DEBUG main            d.u.i.k.p.m.ProofCorrectnessMgt No justification found for rule Class_invariant_axiom_for_contract_IFMethodContract 
30084      DEBUG main            d.u.i.k.p.m.ProofCorrectnessMgt No justification found for rule Class_invariant_axiom_for_contract_IFMethodContract 
30276      INFO  main            d.u.i.k.p.r.p.TestFile    ... finished proof: closed. 
30442      INFO  main            d.u.i.k.p.r.p.TestFile    Now processing file /home/runner/work/key/key/key.core/../key.ui/examples/InformationFlow/MethodContracts/contract.IFMethodContract(contract.IFMethodContract__secure_array_param((I,int)).Non-interference contract.0.m.key 
30442      INFO  main            d.u.i.k.p.i.AbstractProblemLoader Loading environment from /home/runner/work/key/key/key.core/../key.ui/examples/InformationFlow/MethodContracts/contract.IFMethodContract(contract.IFMethodContract__secure_array_param((I,int)).Non-interference contract.0.m.key 
30442      DEBUG main            d.u.i.k.p.i.AbstractProblemLoader Environment load took 112.21ns 
30443      INFO  main            d.u.i.k.p.i.AbstractProblemLoader Creating init config 
33585      DEBUG main            d.u.i.k.p.i.AbstractProblemLoader Init config took 3.14s 
33635      INFO  main            d.u.i.k.p.i.AbstractProblemLoader Replaying proof contract.IFMethodContract[contract.IFMethodContract::secure_array_param([I,int)].Non-interference contract.0 
33637      DEBUG main            d.u.i.k.p.i.IntermediateProofReplayer Proof replay took 22.1ns 
33638      DEBUG main            d.u.i.k.m.s.ProofScriptEngine 1: 'macro 'infflow-autopilot'' 
33695      DEBUG main            d.u.i.k.p.m.ProofCorrectnessMgt No justification found for rule Class_invariant_axiom_for_contract_IFMethodContract 
33746      DEBUG main            d.u.i.k.p.m.ProofCorrectnessMgt No justification found for rule Class_invariant_axiom_for_contract_IFMethodContract 
33747      DEBUG main            d.u.i.k.p.m.ProofCorrectnessMgt No justification found for rule Class_invariant_axiom_for_contract_IFMethodContract 
33810      DEBUG main            d.u.i.k.p.m.ProofCorrectnessMgt No justification found for rule Class_invariant_axiom_for_contract_IFMethodContract 
35655      INFO  main            d.u.i.k.p.r.p.TestFile    ... finished proof: closed. 
35835      INFO  main            d.u.i.k.p.r.p.TestFile    Now processing file /home/runner/work/key/key/key.core/../key.ui/examples/InformationFlow/MethodContracts/contract.IFMethodContract(contract.IFMethodContract__secure_assignment_0_n9()).Non-interference contract.0.m.key 
35835      INFO  main            d.u.i.k.p.i.AbstractProblemLoader Loading environment from /home/runner/work/key/key/key.core/../key.ui/examples/InformationFlow/MethodContracts/contract.IFMethodContract(contract.IFMethodContract__secure_assignment_0_n9()).Non-interference contract.0.m.key 
35835      DEBUG main            d.u.i.k.p.i.AbstractProblemLoader Environment load took 80.7ns 
35838      INFO  main            d.u.i.k.p.i.AbstractProblemLoader Creating init config 
39025      DEBUG main            d.u.i.k.p.i.AbstractProblemLoader Init config took 3.19s 
39091      INFO  main            d.u.i.k.p.i.AbstractProblemLoader Replaying proof contract.IFMethodContract[contract.IFMethodContract::secure_assignment_0_n9()].Non-interference contract.0 
39095      DEBUG main            d.u.i.k.p.i.IntermediateProofReplayer Proof replay took 18.8ns 
39097      DEBUG main            d.u.i.k.m.s.ProofScriptEngine 1: 'macro 'infflow-autopilot'' 
39153      DEBUG main            d.u.i.k.p.m.ProofCorrectnessMgt No justification found for rule Class_invariant_axiom_for_contract_IFMethodContract 
39223      DEBUG main            d.u.i.k.p.m.ProofCorrectnessMgt No justification found for rule Class_invariant_axiom_for_contract_IFMethodContract 
39223      DEBUG main            d.u.i.k.p.m.ProofCorrectnessMgt No justification found for rule Class_invariant_axiom_for_contract_IFMethodContract 
39239      DEBUG main            d.u.i.k.p.m.ProofCorrectnessMgt No justification found for rule Class_invariant_axiom_for_contract_IFMethodContract 
39395      INFO  main            d.u.i.k.p.r.p.TestFile    ... finished proof: closed. 
39576      INFO  main            d.u.i.k.p.r.p.TestFile    Now processing file /home/runner/work/key/key/key.core/../key.ui/examples/InformationFlow/MethodContracts/contract.IFMethodContract(contract.IFMethodContract__insecure_if_high_n5_n1()).Non-interference contract.0.m.key 
39578      INFO  main            d.u.i.k.p.i.AbstractProblemLoader Loading environment from /home/runner/work/key/key/key.core/../key.ui/examples/InformationFlow/MethodContracts/contract.IFMethodContract(contract.IFMethodContract__insecure_if_high_n5_n1()).Non-interference contract.0.m.key 
39578      DEBUG main            d.u.i.k.p.i.AbstractProblemLoader Environment load took 81.7ns 
39579      INFO  main            d.u.i.k.p.i.AbstractProblemLoader Creating init config 
42661      DEBUG main            d.u.i.k.p.i.AbstractProblemLoader Init config took 3.08s 
42717      INFO  main            d.u.i.k.p.i.AbstractProblemLoader Replaying proof contract.IFMethodContract[contract.IFMethodContract::insecure_if_high_n5_n1()].Non-interference contract.0 
42720      DEBUG main            d.u.i.k.p.i.IntermediateProofReplayer Proof replay took 16.9ns 
42721      DEBUG main            d.u.i.k.m.s.ProofScriptEngine 1: 'macro 'infflow-autopilot'' 
42758      DEBUG main            d.u.i.k.p.m.ProofCorrectnessMgt No justification found for rule Class_invariant_axiom_for_contract_IFMethodContract 
42803      DEBUG main            d.u.i.k.p.m.ProofCorrectnessMgt No justification found for rule Class_invariant_axiom_for_contract_IFMethodContract 
42803      DEBUG main            d.u.i.k.p.m.ProofCorrectnessMgt No justification found for rule Class_invariant_axiom_for_contract_IFMethodContract 
42852      DEBUG main            d.u.i.k.p.m.ProofCorrectnessMgt No justification found for rule Class_invariant_axiom_for_contract_IFMethodContract 
42853      DEBUG main            d.u.i.k.p.m.ProofCorrectnessMgt No justification found for rule Class_invariant_axiom_for_contract_IFMethodContract 
42875      DEBUG main            d.u.i.k.p.m.ProofCorrectnessMgt No justification found for rule Class_invariant_axiom_for_contract_IFMethodContract 
42876      DEBUG main            d.u.i.k.p.m.ProofCorrectnessMgt No justification found for rule Class_invariant_axiom_for_contract_IFMethodContract 
42902      DEBUG main            d.u.i.k.p.m.ProofCorrectnessMgt No justification found for rule Class_invariant_axiom_for_contract_IFMethodContract 
42909      DEBUG main            d.u.i.k.p.m.ProofCorrectnessMgt No justification found for rule Class_invariant_axiom_for_contract_IFMethodContract 
42923      DEBUG main            d.u.i.k.p.m.ProofCorrectnessMgt No justification found for rule Class_invariant_axiom_for_contract_IFMethodContract 
43632      INFO  main            d.u.i.k.p.r.p.TestFile    ... finished proof: open goal(s) 
43838      INFO  main            d.u.i.k.p.r.p.TestFile    Now processing file /home/runner/work/key/key/key.core/../key.ui/examples/InformationFlow/MethodContracts/contract.IFMethodContract(contract.IFMethodContract__n5(int)).Non-interference contract.0.m.key 
43838      INFO  main            d.u.i.k.p.i.AbstractProblemLoader Loading environment from /home/runner/work/key/key/key.core/../key.ui/examples/InformationFlow/MethodContracts/contract.IFMethodContract(contract.IFMethodContract__n5(int)).Non-interference contract.0.m.key 
43838      DEBUG main            d.u.i.k.p.i.AbstractProblemLoader Environment load took 98.7ns 
43840      INFO  main            d.u.i.k.p.i.AbstractProblemLoader Creating init config 
46880      DEBUG main            d.u.i.k.p.i.AbstractProblemLoader Init config took 3.04s 
46924      INFO  main            d.u.i.k.p.i.AbstractProblemLoader Replaying proof contract.IFMethodContract[contract.IFMethodContract::n5(int)].Non-interference contract.0 
46927      DEBUG main            d.u.i.k.p.i.IntermediateProofReplayer Proof replay took 16.7ns 
46927      DEBUG main            d.u.i.k.m.s.ProofScriptEngine 1: 'macro 'infflow-autopilot'' 
46970      DEBUG main            d.u.i.k.p.m.ProofCorrectnessMgt No justification found for rule Class_invariant_axiom_for_contract_IFMethodContract 
47073      INFO  main            d.u.i.k.p.r.p.TestFile    ... finished proof: closed. 
47290      INFO  main            d.u.i.k.p.r.p.TestFile    Now processing file /home/runner/work/key/key/key.core/../key.ui/examples/InformationFlow/MethodContracts/contract.IFMethodContract(contract.IFMethodContract__secure_if_high_n5_n1()).Non-interference contract.0.m.key 
47290      INFO  main            d.u.i.k.p.i.AbstractProblemLoader Loading environment from /home/runner/work/key/key/key.core/../key.ui/examples/InformationFlow/MethodContracts/contract.IFMethodContract(contract.IFMethodContract__secure_if_high_n5_n1()).Non-interference contract.0.m.key 
47290      DEBUG main            d.u.i.k.p.i.AbstractProblemLoader Environment load took 73.2ns 
47291      INFO  main            d.u.i.k.p.i.AbstractProblemLoader Creating init config 
50359      DEBUG main            d.u.i.k.p.i.AbstractProblemLoader Init config took 3.07s 
50403      INFO  main            d.u.i.k.p.i.AbstractProblemLoader Replaying proof contract.IFMethodContract[contract.IFMethodContract::secure_if_high_n5_n1()].Non-interference contract.0 
50406      DEBUG main            d.u.i.k.p.i.IntermediateProofReplayer Proof replay took 17.1ns 
50407      DEBUG main            d.u.i.k.m.s.ProofScriptEngine 1: 'macro 'infflow-autopilot'' 
50443      DEBUG main            d.u.i.k.p.m.ProofCorrectnessMgt No justification found for rule Class_invariant_axiom_for_contract_IFMethodContract 
50578      DEBUG main            d.u.i.k.p.m.ProofCorrectnessMgt No justification found for rule Class_invariant_axiom_for_contract_IFMethodContract 
50579      DEBUG main            d.u.i.k.p.m.ProofCorrectnessMgt No justification found for rule Class_invariant_axiom_for_contract_IFMethodContract 
50602      DEBUG main            d.u.i.k.p.m.ProofCorrectnessMgt No justification found for rule Class_invariant_axiom_for_contract_IFMethodContract 
50603      DEBUG main            d.u.i.k.p.m.ProofCorrectnessMgt No justification found for rule Class_invariant_axiom_for_contract_IFMethodContract 
50650      DEBUG main            d.u.i.k.p.m.ProofCorrectnessMgt No justification found for rule Class_invariant_axiom_for_contract_IFMethodContract 
50651      DEBUG main            d.u.i.k.p.m.ProofCorrectnessMgt No justification found for rule Class_invariant_axiom_for_contract_IFMethodContract 
50672      DEBUG main            d.u.i.k.p.m.ProofCorrectnessMgt No justification found for rule Class_invariant_axiom_for_contract_IFMethodContract 
50673      DEBUG main            d.u.i.k.p.m.ProofCorrectnessMgt No justification found for rule Class_invariant_axiom_for_contract_IFMethodContract 
50698      DEBUG main            d.u.i.k.p.m.ProofCorrectnessMgt No justification found for rule Class_invariant_axiom_for_contract_IFMethodContract 
50704      DEBUG main            d.u.i.k.p.m.ProofCorrectnessMgt No justification found for rule Class_invariant_axiom_for_contract_IFMethodContract 
50727      DEBUG main            d.u.i.k.p.m.ProofCorrectnessMgt No justification found for rule Class_invariant_axiom_for_contract_IFMethodContract 
50733      DEBUG main            d.u.i.k.p.m.ProofCorrectnessMgt No justification found for rule Class_invariant_axiom_for_contract_IFMethodContract 
51436      INFO  main            d.u.i.k.p.r.p.TestFile    ... finished proof: closed. 
51655      INFO  main            d.u.i.k.p.r.p.TestFile    Now processing file /home/runner/work/key/key/key.core/../key.ui/examples/InformationFlow/MethodContracts/contract.IFMethodContract(contract.IFMethodContract__secure_if_high_n1()).Non-interference contract.0.m.key 
51656      INFO  main            d.u.i.k.p.i.AbstractProblemLoader Loading environment from /home/runner/work/key/key/key.core/../key.ui/examples/InformationFlow/MethodContracts/contract.IFMethodContract(contract.IFMethodContract__secure_if_high_n1()).Non-interference contract.0.m.key 
51656      DEBUG main            d.u.i.k.p.i.AbstractProblemLoader Environment load took 443.62ns 
51657      INFO  main            d.u.i.k.p.i.AbstractProblemLoader Creating init config 
54675      DEBUG main            d.u.i.k.p.i.AbstractProblemLoader Init config took 3.02s 
54729      INFO  main            d.u.i.k.p.i.AbstractProblemLoader Replaying proof contract.IFMethodContract[contract.IFMethodContract::secure_if_high_n1()].Non-interference contract.0 
54732      DEBUG main            d.u.i.k.p.i.IntermediateProofReplayer Proof replay took 16.8ns 
54733      DEBUG main            d.u.i.k.m.s.ProofScriptEngine 1: 'macro 'infflow-autopilot'' 
54768      DEBUG main            d.u.i.k.p.m.ProofCorrectnessMgt No justification found for rule Class_invariant_axiom_for_contract_IFMethodContract 
54841      DEBUG main            d.u.i.k.p.m.ProofCorrectnessMgt No justification found for rule Class_invariant_axiom_for_contract_IFMethodContract 
54842      DEBUG main            d.u.i.k.p.m.ProofCorrectnessMgt No justification found for rule Class_invariant_axiom_for_contract_IFMethodContract 
54896      DEBUG main            d.u.i.k.p.m.ProofCorrectnessMgt No justification found for rule Class_invariant_axiom_for_contract_IFMethodContract 
54897      DEBUG main            d.u.i.k.p.m.ProofCorrectnessMgt No justification found for rule Class_invariant_axiom_for_contract_IFMethodContract 
54917      DEBUG main            d.u.i.k.p.m.ProofCorrectnessMgt No justification found for rule Class_invariant_axiom_for_contract_IFMethodContract 
54932      DEBUG main            d.u.i.k.p.m.ProofCorrectnessMgt No justification found for rule Class_invariant_axiom_for_contract_IFMethodContract 
55298      INFO  main            d.u.i.k.p.r.p.TestFile    ... finished proof: closed. 
55521      INFO  main            d.u.i.k.p.r.p.TestFile    Now processing file /home/runner/work/key/key/key.core/../key.ui/examples/InformationFlow/MethodContracts/contract.IFMethodContract(contract.IFMethodContract__secure_n5()).Non-interference contract.0.m.key 
55521      INFO  main            d.u.i.k.p.i.AbstractProblemLoader Loading environment from /home/runner/work/key/key/key.core/../key.ui/examples/InformationFlow/MethodContracts/contract.IFMethodContract(contract.IFMethodContract__secure_n5()).Non-interference contract.0.m.key 
55522      DEBUG main            d.u.i.k.p.i.AbstractProblemLoader Environment load took 68.2ns 
55523      INFO  main            d.u.i.k.p.i.AbstractProblemLoader Creating init config 
58555      DEBUG main            d.u.i.k.p.i.AbstractProblemLoader Init config took 3.03s 
58603      INFO  main            d.u.i.k.p.i.AbstractProblemLoader Replaying proof contract.IFMethodContract[contract.IFMethodContract::secure_n5()].Non-interference contract.0 
58607      DEBUG main            d.u.i.k.p.i.IntermediateProofReplayer Proof replay took 20.5ns 
58608      DEBUG main            d.u.i.k.m.s.ProofScriptEngine 1: 'macro 'infflow-autopilot'' 
58652      DEBUG main            d.u.i.k.p.m.ProofCorrectnessMgt No justification found for rule Class_invariant_axiom_for_contract_IFMethodContract 
58693      DEBUG main            d.u.i.k.p.m.ProofCorrectnessMgt No justification found for rule Class_invariant_axiom_for_contract_IFMethodContract 
58694      DEBUG main            d.u.i.k.p.m.ProofCorrectnessMgt No justification found for rule Class_invariant_axiom_for_contract_IFMethodContract 
58708      DEBUG main            d.u.i.k.p.m.ProofCorrectnessMgt No justification found for rule Class_invariant_axiom_for_contract_IFMethodContract 
58856      INFO  main            d.u.i.k.p.r.p.TestFile    ... finished proof: closed. 
59063      INFO  main            d.u.i.k.p.r.p.TestFile    Now processing file /home/runner/work/key/key/key.core/../key.ui/examples/InformationFlow/MethodContracts/contract.IFMethodContract(contract.IFMethodContract__n4()).Non-interference contract.0.m.key 
59064      INFO  main            d.u.i.k.p.i.AbstractProblemLoader Loading environment from /home/runner/work/key/key/key.core/../key.ui/examples/InformationFlow/MethodContracts/contract.IFMethodContract(contract.IFMethodContract__n4()).Non-interference contract.0.m.key 
59064      DEBUG main            d.u.i.k.p.i.AbstractProblemLoader Environment load took 71.5ns 
59065      INFO  main            d.u.i.k.p.i.AbstractProblemLoader Creating init config 
62067      DEBUG main            d.u.i.k.p.i.AbstractProblemLoader Init config took 3s 
62110      INFO  main            d.u.i.k.p.i.AbstractProblemLoader Replaying proof contract.IFMethodContract[contract.IFMethodContract::n4()].Non-interference contract.0 
62113      DEBUG main            d.u.i.k.p.i.IntermediateProofReplayer Proof replay took 18ns 
62114      DEBUG main            d.u.i.k.m.s.ProofScriptEngine 1: 'macro 'infflow-autopilot'' 
62152      DEBUG main            d.u.i.k.p.m.ProofCorrectnessMgt No justification found for rule Class_invariant_axiom_for_contract_IFMethodContract 
62289      INFO  main            d.u.i.k.p.r.p.TestFile    ... finished proof: closed. 
62489      INFO  main            d.u.i.k.p.r.p.TestFile    Now processing file /home/runner/work/key/key/key.core/../key.ui/examples/InformationFlow/MethodContracts/contract.IFMethodContract(contract.IFMethodContract__n3()).Non-interference contract.0.m.key 
62489      INFO  main            d.u.i.k.p.i.AbstractProblemLoader Loading environment from /home/runner/work/key/key/key.core/../key.ui/examples/InformationFlow/MethodContracts/contract.IFMethodContract(contract.IFMethodContract__n3()).Non-interference contract.0.m.key 
62490      DEBUG main            d.u.i.k.p.i.AbstractProblemLoader Environment load took 94.7ns 
62491      INFO  main            d.u.i.k.p.i.AbstractProblemLoader Creating init config 
65431      DEBUG main            d.u.i.k.p.i.AbstractProblemLoader Init config took 2.94s 
65477      INFO  main            d.u.i.k.p.i.AbstractProblemLoader Replaying proof contract.IFMethodContract[contract.IFMethodContract::n3()].Non-interference contract.0 
65480      DEBUG main            d.u.i.k.p.i.IntermediateProofReplayer Proof replay took 17.1ns 
65481      DEBUG main            d.u.i.k.m.s.ProofScriptEngine 1: 'macro 'infflow-autopilot'' 
65518      DEBUG main            d.u.i.k.p.m.ProofCorrectnessMgt No justification found for rule Class_invariant_axiom_for_contract_IFMethodContract 
65602      INFO  main            d.u.i.k.p.r.p.TestFile    ... finished proof: closed. 
65808      INFO  main            d.u.i.k.p.r.p.TestFile    Now processing file /home/runner/work/key/key/key.core/../key.ui/examples/InformationFlow/MethodContracts/contract.IFMethodContract(contract.IFMethodContract__secure_sequential_n3_precond_n4()).Non-interference contract.0.m.key 
65809      INFO  main            d.u.i.k.p.i.AbstractProblemLoader Loading environment from /home/runner/work/key/key/key.core/../key.ui/examples/InformationFlow/MethodContracts/contract.IFMethodContract(contract.IFMethodContract__secure_sequential_n3_precond_n4()).Non-interference contract.0.m.key 
65809      DEBUG main            d.u.i.k.p.i.AbstractProblemLoader Environment load took 73.9ns 
65817      INFO  main            d.u.i.k.p.i.AbstractProblemLoader Creating init config 
68868      DEBUG main            d.u.i.k.p.i.AbstractProblemLoader Init config took 3.05s 
68918      INFO  main            d.u.i.k.p.i.AbstractProblemLoader Replaying proof contract.IFMethodContract[contract.IFMethodContract::secure_sequential_n3_precond_n4()].Non-interference contract.0 
68922      DEBUG main            d.u.i.k.p.i.IntermediateProofReplayer Proof replay took 17.3ns 
68923      DEBUG main            d.u.i.k.m.s.ProofScriptEngine 1: 'macro 'infflow-autopilot'' 
68959      DEBUG main            d.u.i.k.p.m.ProofCorrectnessMgt No justification found for rule Class_invariant_axiom_for_contract_IFMethodContract 
68989      DEBUG main            d.u.i.k.p.m.ProofCorrectnessMgt No justification found for rule Class_invariant_axiom_for_contract_IFMethodContract 
68990      DEBUG main            d.u.i.k.p.m.ProofCorrectnessMgt No justification found for rule Class_invariant_axiom_for_contract_IFMethodContract 
69011      DEBUG main            d.u.i.k.p.m.ProofCorrectnessMgt No justification found for rule Class_invariant_axiom_for_contract_IFMethodContract 
69012      DEBUG main            d.u.i.k.p.m.ProofCorrectnessMgt No justification found for rule Class_invariant_axiom_for_contract_IFMethodContract 
69035      DEBUG main            d.u.i.k.p.m.ProofCorrectnessMgt No justification found for rule Class_invariant_axiom_for_contract_IFMethodContract 
69037      DEBUG main            d.u.i.k.p.m.ProofCorrectnessMgt No justification found for rule Class_invariant_axiom_for_contract_IFMethodContract 
69305      INFO  main            d.u.i.k.p.r.p.TestFile    ... finished proof: closed. 
69528      INFO  main            d.u.i.k.p.r.p.TestFile    Now processing file /home/runner/work/key/key/key.core/../key.ui/examples/InformationFlow/MethodContracts/contract.IFMethodContract(contract.IFMethodContract__insecure_assignment_n2()).Non-interference contract.0.m.key 
69529      INFO  main            d.u.i.k.p.i.AbstractProblemLoader Loading environment from /home/runner/work/key/key/key.core/../key.ui/examples/InformationFlow/MethodContracts/contract.IFMethodContract(contract.IFMethodContract__insecure_assignment_n2()).Non-interference contract.0.m.key 
69529      DEBUG main            d.u.i.k.p.i.AbstractProblemLoader Environment load took 126.81ns 
69530      INFO  main            d.u.i.k.p.i.AbstractProblemLoader Creating init config 
72487      DEBUG main            d.u.i.k.p.i.AbstractProblemLoader Init config took 2.96s 
72541      INFO  main            d.u.i.k.p.i.AbstractProblemLoader Replaying proof contract.IFMethodContract[contract.IFMethodContract::insecure_assignment_n2()].Non-interference contract.0 
72544      DEBUG main            d.u.i.k.p.i.IntermediateProofReplayer Proof replay took 18.9ns 
72544      DEBUG main            d.u.i.k.m.s.ProofScriptEngine 1: 'macro 'infflow-autopilot'' 
72578      DEBUG main            d.u.i.k.p.m.ProofCorrectnessMgt No justification found for rule Class_invariant_axiom_for_contract_IFMethodContract 
72611      DEBUG main            d.u.i.k.p.m.ProofCorrectnessMgt No justification found for rule Class_invariant_axiom_for_contract_IFMethodContract 
72612      DEBUG main            d.u.i.k.p.m.ProofCorrectnessMgt No justification found for rule Class_invariant_axiom_for_contract_IFMethodContract 
72624      DEBUG main            d.u.i.k.p.m.ProofCorrectnessMgt No justification found for rule Class_invariant_axiom_for_contract_IFMethodContract 
72943      INFO  main            d.u.i.k.p.r.p.TestFile    ... finished proof: open goal(s) 
73162      INFO  main            d.u.i.k.p.r.p.TestFile    Now processing file /home/runner/work/key/key/key.core/../key.ui/examples/InformationFlow/MethodContracts/contract.IFMethodContract(contract.IFMethodContract__secure_assignments_n2()).Non-interference contract.0.m.key 
73162      INFO  main            d.u.i.k.p.i.AbstractProblemLoader Loading environment from /home/runner/work/key/key/key.core/../key.ui/examples/InformationFlow/MethodContracts/contract.IFMethodContract(contract.IFMethodContract__secure_assignments_n2()).Non-interference contract.0.m.key 
73162      DEBUG main            d.u.i.k.p.i.AbstractProblemLoader Environment load took 134.91ns 
73164      INFO  main            d.u.i.k.p.i.AbstractProblemLoader Creating init config 
76129      DEBUG main            d.u.i.k.p.i.AbstractProblemLoader Init config took 2.96s 
76185      INFO  main            d.u.i.k.p.i.AbstractProblemLoader Replaying proof contract.IFMethodContract[contract.IFMethodContract::secure_assignments_n2()].Non-interference contract.0 
76187      DEBUG main            d.u.i.k.p.i.IntermediateProofReplayer Proof replay took 19ns 
76188      DEBUG main            d.u.i.k.m.s.ProofScriptEngine 1: 'macro 'infflow-autopilot'' 
76222      DEBUG main            d.u.i.k.p.m.ProofCorrectnessMgt No justification found for rule Class_invariant_axiom_for_contract_IFMethodContract 
76278      DEBUG main            d.u.i.k.p.m.ProofCorrectnessMgt No justification found for rule Class_invariant_axiom_for_contract_IFMethodContract 
76278      DEBUG main            d.u.i.k.p.m.ProofCorrectnessMgt No justification found for rule Class_invariant_axiom_for_contract_IFMethodContract 
76295      DEBUG main            d.u.i.k.p.m.ProofCorrectnessMgt No justification found for rule Class_invariant_axiom_for_contract_IFMethodContract 
76544      INFO  main            d.u.i.k.p.r.p.TestFile    ... finished proof: closed. 
76854      INFO  main            d.u.i.k.p.r.p.TestFile    Now processing file /home/runner/work/key/key/key.core/../key.ui/examples/InformationFlow/MethodContracts/contract.IFMethodContract(contract.IFMethodContract__n2()).Non-interference contract.0.m.key 
76855      INFO  main            d.u.i.k.p.i.AbstractProblemLoader Loading environment from /home/runner/work/key/key/key.core/../key.ui/examples/InformationFlow/MethodContracts/contract.IFMethodContract(contract.IFMethodContract__n2()).Non-interference contract.0.m.key 
76855      DEBUG main            d.u.i.k.p.i.AbstractProblemLoader Environment load took 69ns 
76856      INFO  main            d.u.i.k.p.i.AbstractProblemLoader Creating init config 
79879      DEBUG main            d.u.i.k.p.i.AbstractProblemLoader Init config took 3.02s 
79920      INFO  main            d.u.i.k.p.i.AbstractProblemLoader Replaying proof contract.IFMethodContract[contract.IFMethodContract::n2()].Non-interference contract.0 
79922      DEBUG main            d.u.i.k.p.i.IntermediateProofReplayer Proof replay took 16.5ns 
79923      DEBUG main            d.u.i.k.m.s.ProofScriptEngine 1: 'macro 'infflow-autopilot'' 
79957      DEBUG main            d.u.i.k.p.m.ProofCorrectnessMgt No justification found for rule Class_invariant_axiom_for_contract_IFMethodContract 
80062      INFO  main            d.u.i.k.p.r.p.TestFile    ... finished proof: closed. 
80274      INFO  main            d.u.i.k.p.r.p.TestFile    Now processing file /home/runner/work/key/key/key.core/../key.ui/examples/InformationFlow/MethodContracts/contract.IFMethodContract(contract.IFMethodContract__n1()).Non-interference contract.0.m.key 
80274      INFO  main            d.u.i.k.p.i.AbstractProblemLoader Loading environment from /home/runner/work/key/key/key.core/../key.ui/examples/InformationFlow/MethodContracts/contract.IFMethodContract(contract.IFMethodContract__n1()).Non-interference contract.0.m.key 
80274      DEBUG main            d.u.i.k.p.i.AbstractProblemLoader Environment load took 364.82ns 
80275      INFO  main            d.u.i.k.p.i.AbstractProblemLoader Creating init config 
83288      DEBUG main            d.u.i.k.p.i.AbstractProblemLoader Init config took 3.01s 
83328      INFO  main            d.u.i.k.p.i.AbstractProblemLoader Replaying proof contract.IFMethodContract[contract.IFMethodContract::n1()].Non-interference contract.0 
83330      DEBUG main            d.u.i.k.p.i.IntermediateProofReplayer Proof replay took 17.2ns 
83331      DEBUG main            d.u.i.k.m.s.ProofScriptEngine 1: 'macro 'infflow-autopilot'' 
83365      DEBUG main            d.u.i.k.p.m.ProofCorrectnessMgt No justification found for rule Class_invariant_axiom_for_contract_IFMethodContract 
83444      INFO  main            d.u.i.k.p.r.p.TestFile    ... finished proof: closed. 
83658      INFO  main            d.u.i.k.p.r.p.TestFile    Now processing file /home/runner/work/key/key/key.core/../key.ui/examples/InformationFlow/MethodContracts/contract.IFMethodContract(contract.IFMethodContract__secure_sequential_n1_n2()).Non-interference contract.0.m.key 
83658      INFO  main            d.u.i.k.p.i.AbstractProblemLoader Loading environment from /home/runner/work/key/key/key.core/../key.ui/examples/InformationFlow/MethodContracts/contract.IFMethodContract(contract.IFMethodContract__secure_sequential_n1_n2()).Non-interference contract.0.m.key 
83658      DEBUG main            d.u.i.k.p.i.AbstractProblemLoader Environment load took 80.1ns 
83660      INFO  main            d.u.i.k.p.i.AbstractProblemLoader Creating init config 
86661      DEBUG main            d.u.i.k.p.i.AbstractProblemLoader Init config took 3s 
86708      INFO  main            d.u.i.k.p.i.AbstractProblemLoader Replaying proof contract.IFMethodContract[contract.IFMethodContract::secure_sequential_n1_n2()].Non-interference contract.0 
86712      DEBUG main            d.u.i.k.p.i.IntermediateProofReplayer Proof replay took 17.8ns 
86713      DEBUG main            d.u.i.k.m.s.ProofScriptEngine 1: 'macro 'infflow-autopilot'' 
86748      DEBUG main            d.u.i.k.p.m.ProofCorrectnessMgt No justification found for rule Class_invariant_axiom_for_contract_IFMethodContract 
86767      DEBUG main            d.u.i.k.p.m.ProofCorrectnessMgt No justification found for rule Class_invariant_axiom_for_contract_IFMethodContract 
86768      DEBUG main            d.u.i.k.p.m.ProofCorrectnessMgt No justification found for rule Class_invariant_axiom_for_contract_IFMethodContract 
86786      DEBUG main            d.u.i.k.p.m.ProofCorrectnessMgt No justification found for rule Class_invariant_axiom_for_contract_IFMethodContract 
86787      DEBUG main            d.u.i.k.p.m.ProofCorrectnessMgt No justification found for rule Class_invariant_axiom_for_contract_IFMethodContract 
86801      DEBUG main            d.u.i.k.p.m.ProofCorrectnessMgt No justification found for rule Class_invariant_axiom_for_contract_IFMethodContract 
86803      DEBUG main            d.u.i.k.p.m.ProofCorrectnessMgt No justification found for rule Class_invariant_axiom_for_contract_IFMethodContract 
86997      INFO  main            d.u.i.k.p.r.p.TestFile    ... finished proof: closed. 
2368435    INFO  Test worker     d.u.i.k.p.r.p.StatisticsFile Returning from test MethodContracts_fullmacro 
2368437    INFO  Test worker     d.u.i.k.p.r.p.StatisticsFile Running test InformationFlow_fullmacro 
405        INFO  Timeout watchdog d.u.i.k.p.r.p.ForkedTestFileRunner Timeout watcher launched (1000 secs.) 
423        WARN  main            d.u.i.k.s.ProofSettings   The settings in /home/runner/.key/proof-settings.props are *not* read. 
467        INFO  main            d.u.i.k.p.r.p.TestFile    Now processing file /home/runner/work/key/key/key.core/../key.ui/examples/InformationFlow/LoopInvariants/loop.IFLoopExamples(loop.IFLoopExamples__insecure_while_3(int)).Non-interference contract.0.m.key 
614        INFO  main            d.u.i.k.p.i.AbstractProblemLoader Loading environment from /home/runner/work/key/key/key.core/../key.ui/examples/InformationFlow/LoopInvariants/loop.IFLoopExamples(loop.IFLoopExamples__insecure_while_3(int)).Non-interference contract.0.m.key 
641        DEBUG main            d.u.i.k.p.i.AbstractProblemLoader Environment load took 2.62ms 
897        INFO  main            d.u.i.k.p.i.AbstractProblemLoader Creating init config 
2009       DEBUG main            d.u.i.k.j.TypeConverter   No LDT found for Meta 
2010       DEBUG main            d.u.i.k.j.TypeConverter   No LDT found for Meta 
2014       DEBUG main            d.u.i.k.j.TypeConverter   No LDT found for Meta 
2015       DEBUG main            d.u.i.k.j.TypeConverter   No LDT found for Meta 
3594       DEBUG main            d.u.i.k.j.TypeConverter   No LDT found for JavaBigintExpression 
10011      DEBUG main            d.u.i.k.p.i.AbstractProblemLoader Init config took 9.11s 
10185      INFO  main            d.u.i.k.p.i.AbstractProblemLoader Replaying proof loop.IFLoopExamples[loop.IFLoopExamples::insecure_while_3(int)].Non-interference contract.0 
10266      DEBUG main            d.u.i.k.p.i.IntermediateProofReplayer Proof replay took 435.62ns 
10345      DEBUG main            d.u.i.k.m.s.ProofScriptEngine 1: 'macro 'infflow-autopilot'' 
10737      DEBUG main            d.u.i.k.p.m.ProofCorrectnessMgt No justification found for rule Class_invariant_axiom_for_loop_IFLoopExamples 
17253      INFO  main            d.u.i.k.p.r.p.TestFile    ... finished proof: open goal(s) 
17477      INFO  main            d.u.i.k.p.r.p.TestFile    Now processing file /home/runner/work/key/key/key.core/../key.ui/examples/InformationFlow/LoopInvariants/loop.IFLoopExamples(loop.IFLoopExamples__secure_while_2(int)).Non-interference contract.0.m.key 
17478      INFO  main            d.u.i.k.p.i.AbstractProblemLoader Loading environment from /home/runner/work/key/key/key.core/../key.ui/examples/InformationFlow/LoopInvariants/loop.IFLoopExamples(loop.IFLoopExamples__secure_while_2(int)).Non-interference contract.0.m.key 
17480      DEBUG main            d.u.i.k.p.i.AbstractProblemLoader Environment load took 1.87ms 
17483      INFO  main            d.u.i.k.p.i.AbstractProblemLoader Creating init config 
21228      DEBUG main            d.u.i.k.p.i.AbstractProblemLoader Init config took 3.74s 
21286      INFO  main            d.u.i.k.p.i.AbstractProblemLoader Replaying proof loop.IFLoopExamples[loop.IFLoopExamples::secure_while_2(int)].Non-interference contract.0 
21290      DEBUG main            d.u.i.k.p.i.IntermediateProofReplayer Proof replay took 14.5ns 
21291      DEBUG main            d.u.i.k.m.s.ProofScriptEngine 1: 'macro 'infflow-autopilot'' 
21351      DEBUG main            d.u.i.k.p.m.ProofCorrectnessMgt No justification found for rule Class_invariant_axiom_for_loop_IFLoopExamples 
23244      INFO  main            d.u.i.k.p.r.p.TestFile    ... finished proof: closed. 
23479      INFO  main            d.u.i.k.p.r.p.TestFile    Now processing file /home/runner/work/key/key/key.core/../key.ui/examples/InformationFlow/LoopInvariants/loop.IFLoopExamples(loop.IFLoopExamples__secure_while_4(int)).Non-interference contract.0.m.key 
23480      INFO  main            d.u.i.k.p.i.AbstractProblemLoader Loading environment from /home/runner/work/key/key/key.core/../key.ui/examples/InformationFlow/LoopInvariants/loop.IFLoopExamples(loop.IFLoopExamples__secure_while_4(int)).Non-interference contract.0.m.key 
23480      DEBUG main            d.u.i.k.p.i.AbstractProblemLoader Environment load took 137.01ns 
23482      INFO  main            d.u.i.k.p.i.AbstractProblemLoader Creating init config 
27242      DEBUG main            d.u.i.k.p.i.AbstractProblemLoader Init config took 3.76s 
27331      INFO  main            d.u.i.k.p.i.AbstractProblemLoader Replaying proof loop.IFLoopExamples[loop.IFLoopExamples::secure_while_4(int)].Non-interference contract.0 
27336      DEBUG main            d.u.i.k.p.i.IntermediateProofReplayer Proof replay took 16.7ns 
27341      DEBUG main            d.u.i.k.m.s.ProofScriptEngine 1: 'macro 'infflow-autopilot'' 
27395      DEBUG main            d.u.i.k.p.m.ProofCorrectnessMgt No justification found for rule Class_invariant_axiom_for_loop_IFLoopExamples 
28961      INFO  main            d.u.i.k.p.r.p.TestFile    ... finished proof: closed. 
29167      INFO  main            d.u.i.k.p.r.p.TestFile    Now processing file /home/runner/work/key/key/key.core/../key.ui/examples/InformationFlow/LoopInvariants/loop.IFLoopExamples(loop.IFLoopExamples__insecure_doubleNestedWhile2(int)).Non-interference contract.0.m.key 
29168      INFO  main            d.u.i.k.p.i.AbstractProblemLoader Loading environment from /home/runner/work/key/key/key.core/../key.ui/examples/InformationFlow/LoopInvariants/loop.IFLoopExamples(loop.IFLoopExamples__insecure_doubleNestedWhile2(int)).Non-interference contract.0.m.key 
29168      DEBUG main            d.u.i.k.p.i.AbstractProblemLoader Environment load took 91.61ns 
29170      INFO  main            d.u.i.k.p.i.AbstractProblemLoader Creating init config 
32737      DEBUG main            d.u.i.k.p.i.AbstractProblemLoader Init config took 3.57s 
32804      INFO  main            d.u.i.k.p.i.AbstractProblemLoader Replaying proof loop.IFLoopExamples[loop.IFLoopExamples::insecure_doubleNestedWhile2(int)].Non-interference contract.0 
32807      DEBUG main            d.u.i.k.p.i.IntermediateProofReplayer Proof replay took 17.4ns 
32808      DEBUG main            d.u.i.k.m.s.ProofScriptEngine 1: 'macro 'infflow-autopilot'' 
32857      DEBUG main            d.u.i.k.p.m.ProofCorrectnessMgt No justification found for rule Class_invariant_axiom_for_loop_IFLoopExamples 
333995     INFO  main            d.u.i.k.p.r.p.TestFile    ... finished proof: open goal(s) 
334308     INFO  main            d.u.i.k.p.r.p.TestFile    Now processing file /home/runner/work/key/key/key.core/../key.ui/examples/InformationFlow/LoopInvariants/loop.IFLoopExamples(loop.IFLoopExamples__insecure_doubleNestedWhile(int)).Non-interference contract.0.m.key 
334308     INFO  main            d.u.i.k.p.i.AbstractProblemLoader Loading environment from /home/runner/work/key/key/key.core/../key.ui/examples/InformationFlow/LoopInvariants/loop.IFLoopExamples(loop.IFLoopExamples__insecure_doubleNestedWhile(int)).Non-interference contract.0.m.key 
334308     DEBUG main            d.u.i.k.p.i.AbstractProblemLoader Environment load took 95.61ns 
334309     INFO  main            d.u.i.k.p.i.AbstractProblemLoader Creating init config 
337736     DEBUG main            d.u.i.k.p.i.AbstractProblemLoader Init config took 3.43s 
337807     INFO  main            d.u.i.k.p.i.AbstractProblemLoader Replaying proof loop.IFLoopExamples[loop.IFLoopExamples::insecure_doubleNestedWhile(int)].Non-interference contract.0 
337810     DEBUG main            d.u.i.k.p.i.IntermediateProofReplayer Proof replay took 15.7ns 
337811     DEBUG main            d.u.i.k.m.s.ProofScriptEngine 1: 'macro 'infflow-autopilot'' 
337853     DEBUG main            d.u.i.k.p.m.ProofCorrectnessMgt No justification found for rule Class_invariant_axiom_for_loop_IFLoopExamples 
343949     INFO  main            d.u.i.k.p.r.p.TestFile    ... finished proof: open goal(s) 
344298     INFO  main            d.u.i.k.p.r.p.TestFile    Now processing file /home/runner/work/key/key/key.core/../key.ui/examples/InformationFlow/LoopInvariants/loop.IFLoopExamples(loop.IFLoopExamples__secure_doubleNestedWhile(int)).Non-interference contract.0.m.key 
344298     INFO  main            d.u.i.k.p.i.AbstractProblemLoader Loading environment from /home/runner/work/key/key/key.core/../key.ui/examples/InformationFlow/LoopInvariants/loop.IFLoopExamples(loop.IFLoopExamples__secure_doubleNestedWhile(int)).Non-interference contract.0.m.key 
344298     DEBUG main            d.u.i.k.p.i.AbstractProblemLoader Environment load took 100.2ns 
344300     INFO  main            d.u.i.k.p.i.AbstractProblemLoader Creating init config 
347637     DEBUG main            d.u.i.k.p.i.AbstractProblemLoader Init config took 3.34s 
347685     INFO  main            d.u.i.k.p.i.AbstractProblemLoader Replaying proof loop.IFLoopExamples[loop.IFLoopExamples::secure_doubleNestedWhile(int)].Non-interference contract.0 
347689     DEBUG main            d.u.i.k.p.i.IntermediateProofReplayer Proof replay took 17.5ns 
347690     DEBUG main            d.u.i.k.m.s.ProofScriptEngine 1: 'macro 'infflow-autopilot'' 
347733     DEBUG main            d.u.i.k.p.m.ProofCorrectnessMgt No justification found for rule Class_invariant_axiom_for_loop_IFLoopExamples 
353373     INFO  main            d.u.i.k.p.r.p.TestFile    ... finished proof: closed. 
353739     INFO  main            d.u.i.k.p.r.p.TestFile    Now processing file /home/runner/work/key/key/key.core/../key.ui/examples/InformationFlow/LoopInvariants/loop.IFLoopExamples(loop.IFLoopExamples__secure_nestedTwoWhile(int)).Non-interference contract.0.m.key 
353739     INFO  main            d.u.i.k.p.i.AbstractProblemLoader Loading environment from /home/runner/work/key/key/key.core/../key.ui/examples/InformationFlow/LoopInvariants/loop.IFLoopExamples(loop.IFLoopExamples__secure_nestedTwoWhile(int)).Non-interference contract.0.m.key 
353739     DEBUG main            d.u.i.k.p.i.AbstractProblemLoader Environment load took 105ns 
353740     INFO  main            d.u.i.k.p.i.AbstractProblemLoader Creating init config 
357120     DEBUG main            d.u.i.k.p.i.AbstractProblemLoader Init config took 3.38s 
357176     INFO  main            d.u.i.k.p.i.AbstractProblemLoader Replaying proof loop.IFLoopExamples[loop.IFLoopExamples::secure_nestedTwoWhile(int)].Non-interference contract.0 
357180     DEBUG main            d.u.i.k.p.i.IntermediateProofReplayer Proof replay took 18.9ns 
357181     DEBUG main            d.u.i.k.m.s.ProofScriptEngine 1: 'macro 'infflow-autopilot'' 
357227     DEBUG main            d.u.i.k.p.m.ProofCorrectnessMgt No justification found for rule Class_invariant_axiom_for_loop_IFLoopExamples 
361824     INFO  main            d.u.i.k.p.r.p.TestFile    ... finished proof: closed. 
362111     INFO  main            d.u.i.k.p.r.p.TestFile    Now processing file /home/runner/work/key/key/key.core/../key.ui/examples/InformationFlow/LoopInvariants/loop.IFLoopExamples(loop.IFLoopExamples__secure_nestedWhile(int)).Non-interference contract.0.m.key 
362111     INFO  main            d.u.i.k.p.i.AbstractProblemLoader Loading environment from /home/runner/work/key/key/key.core/../key.ui/examples/InformationFlow/LoopInvariants/loop.IFLoopExamples(loop.IFLoopExamples__secure_nestedWhile(int)).Non-interference contract.0.m.key 
362111     DEBUG main            d.u.i.k.p.i.AbstractProblemLoader Environment load took 76.7ns 
362113     INFO  main            d.u.i.k.p.i.AbstractProblemLoader Creating init config 
365508     DEBUG main            d.u.i.k.p.i.AbstractProblemLoader Init config took 3.4s 
365550     INFO  main            d.u.i.k.p.i.AbstractProblemLoader Replaying proof loop.IFLoopExamples[loop.IFLoopExamples::secure_nestedWhile(int)].Non-interference contract.0 
365553     DEBUG main            d.u.i.k.p.i.IntermediateProofReplayer Proof replay took 16.3ns 
365553     DEBUG main            d.u.i.k.m.s.ProofScriptEngine 1: 'macro 'infflow-autopilot'' 
365590     DEBUG main            d.u.i.k.p.m.ProofCorrectnessMgt No justification found for rule Class_invariant_axiom_for_loop_IFLoopExamples 
368750     INFO  main            d.u.i.k.p.r.p.TestFile    ... finished proof: closed. 
368983     INFO  main            d.u.i.k.p.r.p.TestFile    Now processing file /home/runner/work/key/key/key.core/../key.ui/examples/InformationFlow/LoopInvariants/loop.IFLoopExamples(loop.IFLoopExamples__notSecure_while(int)).Non-interference contract.0.m.key 
368983     INFO  main            d.u.i.k.p.i.AbstractProblemLoader Loading environment from /home/runner/work/key/key/key.core/../key.ui/examples/InformationFlow/LoopInvariants/loop.IFLoopExamples(loop.IFLoopExamples__notSecure_while(int)).Non-interference contract.0.m.key 
368983     DEBUG main            d.u.i.k.p.i.AbstractProblemLoader Environment load took 110.21ns 
368985     INFO  main            d.u.i.k.p.i.AbstractProblemLoader Creating init config 
372460     DEBUG main            d.u.i.k.p.i.AbstractProblemLoader Init config took 3.48s 
372501     INFO  main            d.u.i.k.p.i.AbstractProblemLoader Replaying proof loop.IFLoopExamples[loop.IFLoopExamples::notSecure_while(int)].Non-interference contract.0 
372504     DEBUG main            d.u.i.k.p.i.IntermediateProofReplayer Proof replay took 17.2ns 
372504     DEBUG main            d.u.i.k.m.s.ProofScriptEngine 1: 'macro 'infflow-autopilot'' 
372540     DEBUG main            d.u.i.k.p.m.ProofCorrectnessMgt No justification found for rule Class_invariant_axiom_for_loop_IFLoopExamples 
375807     INFO  main            d.u.i.k.p.r.p.TestFile    ... finished proof: open goal(s) 
376049     INFO  main            d.u.i.k.p.r.p.TestFile    Now processing file /home/runner/work/key/key/key.core/../key.ui/examples/InformationFlow/LoopInvariants/loop.IFLoopExamples(loop.IFLoopExamples__notSecure_while_wrongInv(int)).Non-interference contract.0.m.key 
376049     INFO  main            d.u.i.k.p.i.AbstractProblemLoader Loading environment from /home/runner/work/key/key/key.core/../key.ui/examples/InformationFlow/LoopInvariants/loop.IFLoopExamples(loop.IFLoopExamples__notSecure_while_wrongInv(int)).Non-interference contract.0.m.key 
376049     DEBUG main            d.u.i.k.p.i.AbstractProblemLoader Environment load took 71.5ns 
376055     INFO  main            d.u.i.k.p.i.AbstractProblemLoader Creating init config 
379434     DEBUG main            d.u.i.k.p.i.AbstractProblemLoader Init config took 3.38s 
379475     INFO  main            d.u.i.k.p.i.AbstractProblemLoader Replaying proof loop.IFLoopExamples[loop.IFLoopExamples::notSecure_while_wrongInv(int)].Non-interference contract.0 
379477     DEBUG main            d.u.i.k.p.i.IntermediateProofReplayer Proof replay took 20.4ns 
379478     DEBUG main            d.u.i.k.m.s.ProofScriptEngine 1: 'macro 'infflow-autopilot'' 
379515     DEBUG main            d.u.i.k.p.m.ProofCorrectnessMgt No justification found for rule Class_invariant_axiom_for_loop_IFLoopExamples 
381608     INFO  main            d.u.i.k.p.r.p.TestFile    ... finished proof: open goal(s) 
381901     INFO  main            d.u.i.k.p.r.p.TestFile    Now processing file /home/runner/work/key/key/key.core/../key.ui/examples/InformationFlow/LoopInvariants/loop.IFLoopExamples(loop.IFLoopExamples__insecure_twoWhile(int)).Non-interference contract.0.m.key 
381902     INFO  main            d.u.i.k.p.i.AbstractProblemLoader Loading environment from /home/runner/work/key/key/key.core/../key.ui/examples/InformationFlow/LoopInvariants/loop.IFLoopExamples(loop.IFLoopExamples__insecure_twoWhile(int)).Non-interference contract.0.m.key 
381902     DEBUG main            d.u.i.k.p.i.AbstractProblemLoader Environment load took 74.9ns 
381903     INFO  main            d.u.i.k.p.i.AbstractProblemLoader Creating init config 
385265     DEBUG main            d.u.i.k.p.i.AbstractProblemLoader Init config took 3.36s 
385305     INFO  main            d.u.i.k.p.i.AbstractProblemLoader Replaying proof loop.IFLoopExamples[loop.IFLoopExamples::insecure_twoWhile(int)].Non-interference contract.0 
385307     DEBUG main            d.u.i.k.p.i.IntermediateProofReplayer Proof replay took 20.1ns 
385308     DEBUG main            d.u.i.k.m.s.ProofScriptEngine 1: 'macro 'infflow-autopilot'' 
385344     DEBUG main            d.u.i.k.p.m.ProofCorrectnessMgt No justification found for rule Class_invariant_axiom_for_loop_IFLoopExamples 
387519     INFO  main            d.u.i.k.p.r.p.TestFile    ... finished proof: open goal(s) 
387795     INFO  main            d.u.i.k.p.r.p.TestFile    Now processing file /home/runner/work/key/key/key.core/../key.ui/examples/InformationFlow/LoopInvariants/loop.IFLoopExamples(loop.IFLoopExamples__insecure_twoWhile_2(int)).Non-interference contract.0.m.key 
387795     INFO  main            d.u.i.k.p.i.AbstractProblemLoader Loading environment from /home/runner/work/key/key/key.core/../key.ui/examples/InformationFlow/LoopInvariants/loop.IFLoopExamples(loop.IFLoopExamples__insecure_twoWhile_2(int)).Non-interference contract.0.m.key 
387795     DEBUG main            d.u.i.k.p.i.AbstractProblemLoader Environment load took 67.6ns 
387796     INFO  main            d.u.i.k.p.i.AbstractProblemLoader Creating init config 
391140     DEBUG main            d.u.i.k.p.i.AbstractProblemLoader Init config took 3.34s 
391185     INFO  main            d.u.i.k.p.i.AbstractProblemLoader Replaying proof loop.IFLoopExamples[loop.IFLoopExamples::insecure_twoWhile_2(int)].Non-interference contract.0 
391191     DEBUG main            d.u.i.k.p.i.IntermediateProofReplayer Proof replay took 18ns 
391192     DEBUG main            d.u.i.k.m.s.ProofScriptEngine 1: 'macro 'infflow-autopilot'' 
391227     DEBUG main            d.u.i.k.p.m.ProofCorrectnessMgt No justification found for rule Class_invariant_axiom_for_loop_IFLoopExamples 
394103     INFO  main            d.u.i.k.p.r.p.TestFile    ... finished proof: open goal(s) 
394391     INFO  main            d.u.i.k.p.r.p.TestFile    Now processing file /home/runner/work/key/key/key.core/../key.ui/examples/InformationFlow/LoopInvariants/loop.IFLoopExamples(loop.IFLoopExamples__secure_twoWhile(int)).Non-interference contract.0.m.key 
394391     INFO  main            d.u.i.k.p.i.AbstractProblemLoader Loading environment from /home/runner/work/key/key/key.core/../key.ui/examples/InformationFlow/LoopInvariants/loop.IFLoopExamples(loop.IFLoopExamples__secure_twoWhile(int)).Non-interference contract.0.m.key 
394391     DEBUG main            d.u.i.k.p.i.AbstractProblemLoader Environment load took 67.3ns 
394392     INFO  main            d.u.i.k.p.i.AbstractProblemLoader Creating init config 
397725     DEBUG main            d.u.i.k.p.i.AbstractProblemLoader Init config took 3.33s 
397763     INFO  main            d.u.i.k.p.i.AbstractProblemLoader Replaying proof loop.IFLoopExamples[loop.IFLoopExamples::secure_twoWhile(int)].Non-interference contract.0 
397765     DEBUG main            d.u.i.k.p.i.IntermediateProofReplayer Proof replay took 16.1ns 
397766     DEBUG main            d.u.i.k.m.s.ProofScriptEngine 1: 'macro 'infflow-autopilot'' 
397800     DEBUG main            d.u.i.k.p.m.ProofCorrectnessMgt No justification found for rule Class_invariant_axiom_for_loop_IFLoopExamples 
399645     INFO  main            d.u.i.k.p.r.p.TestFile    ... finished proof: closed. 
399935     INFO  main            d.u.i.k.p.r.p.TestFile    Now processing file /home/runner/work/key/key/key.core/../key.ui/examples/InformationFlow/LoopInvariants/loop.IFLoopExamples(loop.IFLoopExamples__loc_secure_while(int)).Non-interference contract.0.m.key 
399936     INFO  main            d.u.i.k.p.i.AbstractProblemLoader Loading environment from /home/runner/work/key/key/key.core/../key.ui/examples/InformationFlow/LoopInvariants/loop.IFLoopExamples(loop.IFLoopExamples__loc_secure_while(int)).Non-interference contract.0.m.key 
399936     DEBUG main            d.u.i.k.p.i.AbstractProblemLoader Environment load took 70.5ns 
399937     INFO  main            d.u.i.k.p.i.AbstractProblemLoader Creating init config 
403170     DEBUG main            d.u.i.k.p.i.AbstractProblemLoader Init config took 3.23s 
403232     INFO  main            d.u.i.k.p.i.AbstractProblemLoader Replaying proof loop.IFLoopExamples[loop.IFLoopExamples::loc_secure_while(int)].Non-interference contract.0 
403235     DEBUG main            d.u.i.k.p.i.IntermediateProofReplayer Proof replay took 17.5ns 
403235     DEBUG main            d.u.i.k.m.s.ProofScriptEngine 1: 'macro 'infflow-autopilot'' 
403273     DEBUG main            d.u.i.k.p.m.ProofCorrectnessMgt No justification found for rule Class_invariant_axiom_for_loop_IFLoopExamples 
404531     INFO  main            d.u.i.k.p.r.p.TestFile    ... finished proof: closed. 
404764     INFO  main            d.u.i.k.p.r.p.TestFile    Now processing file /home/runner/work/key/key/key.core/../key.ui/examples/InformationFlow/LoopInvariants/loop.IFLoopExamples(loop.IFLoopExamples__secure_while(int)).Non-interference contract.0.m.key 
404765     INFO  main            d.u.i.k.p.i.AbstractProblemLoader Loading environment from /home/runner/work/key/key/key.core/../key.ui/examples/InformationFlow/LoopInvariants/loop.IFLoopExamples(loop.IFLoopExamples__secure_while(int)).Non-interference contract.0.m.key 
404765     DEBUG main            d.u.i.k.p.i.AbstractProblemLoader Environment load took 74.1ns 
404766     INFO  main            d.u.i.k.p.i.AbstractProblemLoader Creating init config 
408194     DEBUG main            d.u.i.k.p.i.AbstractProblemLoader Init config took 3.43s 
408235     INFO  main            d.u.i.k.p.i.AbstractProblemLoader Replaying proof loop.IFLoopExamples[loop.IFLoopExamples::secure_while(int)].Non-interference contract.0 
408237     DEBUG main            d.u.i.k.p.i.IntermediateProofReplayer Proof replay took 21.3ns 
408238     DEBUG main            d.u.i.k.m.s.ProofScriptEngine 1: 'macro 'infflow-autopilot'' 
408273     DEBUG main            d.u.i.k.p.m.ProofCorrectnessMgt No justification found for rule Class_invariant_axiom_for_loop_IFLoopExamples 
409203     INFO  main            d.u.i.k.p.r.p.TestFile    ... finished proof: closed. 
409428     INFO  main            d.u.i.k.p.r.p.TestFile    Now processing file /home/runner/work/key/key/key.core/../key.ui/examples/InformationFlow/LoopInvariants/loop.IFLoopExamples(loop.IFLoopExamples__print(int)).Non-interference contract.0.m.key 
409429     INFO  main            d.u.i.k.p.i.AbstractProblemLoader Loading environment from /home/runner/work/key/key/key.core/../key.ui/examples/InformationFlow/LoopInvariants/loop.IFLoopExamples(loop.IFLoopExamples__print(int)).Non-interference contract.0.m.key 
409429     DEBUG main            d.u.i.k.p.i.AbstractProblemLoader Environment load took 104.91ns 
409430     INFO  main            d.u.i.k.p.i.AbstractProblemLoader Creating init config 
412759     DEBUG main            d.u.i.k.p.i.AbstractProblemLoader Init config took 3.33s 
412797     INFO  main            d.u.i.k.p.i.AbstractProblemLoader Replaying proof loop.IFLoopExamples[loop.IFLoopExamples::print(int)].Non-interference contract.0 
412803     DEBUG main            d.u.i.k.p.i.IntermediateProofReplayer Proof replay took 17ns 
412804     DEBUG main            d.u.i.k.m.s.ProofScriptEngine 1: 'macro 'infflow-autopilot'' 
412934     INFO  main            d.u.i.k.p.r.p.TestFile    ... finished proof: closed. 
413131     INFO  main            d.u.i.k.p.r.p.TestFile    Now processing file /home/runner/work/key/key/key.core/../key.ui/examples/InformationFlow/LoopInvariants/loop.IFLoopExamples(loop.IFLoopExamples__hammer(int)).Non-interference contract.0.m.key 
413131     INFO  main            d.u.i.k.p.i.AbstractProblemLoader Loading environment from /home/runner/work/key/key/key.core/../key.ui/examples/InformationFlow/LoopInvariants/loop.IFLoopExamples(loop.IFLoopExamples__hammer(int)).Non-interference contract.0.m.key 
413131     DEBUG main            d.u.i.k.p.i.AbstractProblemLoader Environment load took 86.31ns 
413132     INFO  main            d.u.i.k.p.i.AbstractProblemLoader Creating init config 
416481     DEBUG main            d.u.i.k.p.i.AbstractProblemLoader Init config took 3.35s 
416520     INFO  main            d.u.i.k.p.i.AbstractProblemLoader Replaying proof loop.IFLoopExamples[loop.IFLoopExamples::hammer(int)].Non-interference contract.0 
416522     DEBUG main            d.u.i.k.p.i.IntermediateProofReplayer Proof replay took 18.9ns 
416523     DEBUG main            d.u.i.k.m.s.ProofScriptEngine 1: 'macro 'infflow-autopilot'' 
416557     DEBUG main            d.u.i.k.p.m.ProofCorrectnessMgt No justification found for rule Class_invariant_axiom_for_loop_IFLoopExamples 
418190     INFO  main            d.u.i.k.p.r.p.TestFile    ... finished proof: closed. 
2787094    INFO  Test worker     d.u.i.k.p.r.p.StatisticsFile Returning from test InformationFlow_fullmacro 
2787098    INFO  Test worker     d.u.i.k.p.r.p.StatisticsFile Running test MiniExamples_fullmacro 
419        INFO  Timeout watchdog d.u.i.k.p.r.p.ForkedTestFileRunner Timeout watcher launched (1000 secs.) 
433        WARN  main            d.u.i.k.s.ProofSettings   The settings in /home/runner/.key/proof-settings.props are *not* read. 
459        INFO  main            d.u.i.k.p.r.p.TestFile    Now processing file /home/runner/work/key/key/key.core/../key.ui/examples/InformationFlow/MiniExamples/mini.AliasingExamples(mini.AliasingExamples__insecure_1(mini.AliasingExamples,mini.AliasingExamples,int)).Non-interference contract.0.m.key 
582        INFO  main            d.u.i.k.p.i.AbstractProblemLoader Loading environment from /home/runner/work/key/key/key.core/../key.ui/examples/InformationFlow/MiniExamples/mini.AliasingExamples(mini.AliasingExamples__insecure_1(mini.AliasingExamples,mini.AliasingExamples,int)).Non-interference contract.0.m.key 
604        DEBUG main            d.u.i.k.p.i.AbstractProblemLoader Environment load took 2.48ms 
871        INFO  main            d.u.i.k.p.i.AbstractProblemLoader Creating init config 
2062       DEBUG main            d.u.i.k.j.TypeConverter   No LDT found for Meta 
2063       DEBUG main            d.u.i.k.j.TypeConverter   No LDT found for Meta 
2066       DEBUG main            d.u.i.k.j.TypeConverter   No LDT found for Meta 
2066       DEBUG main            d.u.i.k.j.TypeConverter   No LDT found for Meta 
3521       DEBUG main            d.u.i.k.j.TypeConverter   No LDT found for JavaBigintExpression 
9194       DEBUG main            d.u.i.k.p.i.AbstractProblemLoader Init config took 8.32s 
9340       INFO  main            d.u.i.k.p.i.AbstractProblemLoader Replaying proof mini.AliasingExamples[mini.AliasingExamples::insecure_1(mini.AliasingExamples,mini.AliasingExamples,int)].Non-interference contract.0 
9416       DEBUG main            d.u.i.k.p.i.IntermediateProofReplayer Proof replay took 453.32ns 
9452       DEBUG main            d.u.i.k.m.s.ProofScriptEngine 1: 'macro 'infflow-autopilot'' 
9885       DEBUG main            d.u.i.k.p.m.ProofCorrectnessMgt No justification found for rule Class_invariant_axiom_for_mini_AliasingExamples 
10939      INFO  main            d.u.i.k.p.r.p.TestFile    ... finished proof: open goal(s) 
11087      INFO  main            d.u.i.k.p.r.p.TestFile    Now processing file /home/runner/work/key/key/key.core/../key.ui/examples/InformationFlow/MiniExamples/mini.AliasingExamples(mini.AliasingExamples__secure_1(mini.AliasingExamples,mini.AliasingExamples,int)).Non-interference contract.0.m.key 
11087      INFO  main            d.u.i.k.p.i.AbstractProblemLoader Loading environment from /home/runner/work/key/key/key.core/../key.ui/examples/InformationFlow/MiniExamples/mini.AliasingExamples(mini.AliasingExamples__secure_1(mini.AliasingExamples,mini.AliasingExamples,int)).Non-interference contract.0.m.key 
11088      DEBUG main            d.u.i.k.p.i.AbstractProblemLoader Environment load took 191.01ns 
11093      INFO  main            d.u.i.k.p.i.AbstractProblemLoader Creating init config 
14565      DEBUG main            d.u.i.k.p.i.AbstractProblemLoader Init config took 3.47s 
14643      INFO  main            d.u.i.k.p.i.AbstractProblemLoader Replaying proof mini.AliasingExamples[mini.AliasingExamples::secure_1(mini.AliasingExamples,mini.AliasingExamples,int)].Non-interference contract.0 
14647      DEBUG main            d.u.i.k.p.i.IntermediateProofReplayer Proof replay took 16.3ns 
14648      DEBUG main            d.u.i.k.m.s.ProofScriptEngine 1: 'macro 'infflow-autopilot'' 
14745      DEBUG main            d.u.i.k.p.m.ProofCorrectnessMgt No justification found for rule Class_invariant_axiom_for_mini_AliasingExamples 
15046      INFO  main            d.u.i.k.p.r.p.TestFile    ... finished proof: closed. 
15210      INFO  main            d.u.i.k.p.r.p.TestFile    Now processing file /home/runner/work/key/key/key.core/../key.ui/examples/InformationFlow/MiniExamples/mini.MiniExamplesLecture(mini.MiniExamplesLecture__m_6()).Non-interference contract.0.m.key 
15210      INFO  main            d.u.i.k.p.i.AbstractProblemLoader Loading environment from /home/runner/work/key/key/key.core/../key.ui/examples/InformationFlow/MiniExamples/mini.MiniExamplesLecture(mini.MiniExamplesLecture__m_6()).Non-interference contract.0.m.key 
15210      DEBUG main            d.u.i.k.p.i.AbstractProblemLoader Environment load took 100.11ns 
15212      INFO  main            d.u.i.k.p.i.AbstractProblemLoader Creating init config 
18426      DEBUG main            d.u.i.k.p.i.AbstractProblemLoader Init config took 3.21s 
18488      INFO  main            d.u.i.k.p.i.AbstractProblemLoader Replaying proof mini.MiniExamplesLecture[mini.MiniExamplesLecture::m_6()].Non-interference contract.0 
18493      DEBUG main            d.u.i.k.p.i.IntermediateProofReplayer Proof replay took 18.8ns 
18494      DEBUG main            d.u.i.k.m.s.ProofScriptEngine 1: 'macro 'infflow-autopilot'' 
18561      DEBUG main            d.u.i.k.p.m.ProofCorrectnessMgt No justification found for rule Class_invariant_axiom_for_mini_MiniExamplesLecture 
18700      INFO  main            d.u.i.k.p.r.p.TestFile    ... finished proof: closed. 
18903      INFO  main            d.u.i.k.p.r.p.TestFile    Now processing file /home/runner/work/key/key/key.core/../key.ui/examples/InformationFlow/MiniExamples/mini.MiniExamplesLecture(mini.MiniExamplesLecture__m_5()).Non-interference contract.0.m.key 
18903      INFO  main            d.u.i.k.p.i.AbstractProblemLoader Loading environment from /home/runner/work/key/key/key.core/../key.ui/examples/InformationFlow/MiniExamples/mini.MiniExamplesLecture(mini.MiniExamplesLecture__m_5()).Non-interference contract.0.m.key 
18903      DEBUG main            d.u.i.k.p.i.AbstractProblemLoader Environment load took 87.2ns 
18906      INFO  main            d.u.i.k.p.i.AbstractProblemLoader Creating init config 
22099      DEBUG main            d.u.i.k.p.i.AbstractProblemLoader Init config took 3.19s 
22180      INFO  main            d.u.i.k.p.i.AbstractProblemLoader Replaying proof mini.MiniExamplesLecture[mini.MiniExamplesLecture::m_5()].Non-interference contract.0 
22185      DEBUG main            d.u.i.k.p.i.IntermediateProofReplayer Proof replay took 16.6ns 
22186      DEBUG main            d.u.i.k.m.s.ProofScriptEngine 1: 'macro 'infflow-autopilot'' 
22243      DEBUG main            d.u.i.k.p.m.ProofCorrectnessMgt No justification found for rule Class_invariant_axiom_for_mini_MiniExamplesLecture 
22500      INFO  main            d.u.i.k.p.r.p.TestFile    ... finished proof: closed. 
22662      INFO  main            d.u.i.k.p.r.p.TestFile    Now processing file /home/runner/work/key/key/key.core/../key.ui/examples/InformationFlow/MiniExamples/mini.MiniExamplesLecture(mini.MiniExamplesLecture__m_4()).Non-interference contract.0.m.key 
22663      INFO  main            d.u.i.k.p.i.AbstractProblemLoader Loading environment from /home/runner/work/key/key/key.core/../key.ui/examples/InformationFlow/MiniExamples/mini.MiniExamplesLecture(mini.MiniExamplesLecture__m_4()).Non-interference contract.0.m.key 
22663      DEBUG main            d.u.i.k.p.i.AbstractProblemLoader Environment load took 90.91ns 
22666      INFO  main            d.u.i.k.p.i.AbstractProblemLoader Creating init config 
25821      DEBUG main            d.u.i.k.p.i.AbstractProblemLoader Init config took 3.16s 
25875      INFO  main            d.u.i.k.p.i.AbstractProblemLoader Replaying proof mini.MiniExamplesLecture[mini.MiniExamplesLecture::m_4()].Non-interference contract.0 
25878      DEBUG main            d.u.i.k.p.i.IntermediateProofReplayer Proof replay took 19.2ns 
25879      DEBUG main            d.u.i.k.m.s.ProofScriptEngine 1: 'macro 'infflow-autopilot'' 
25928      DEBUG main            d.u.i.k.p.m.ProofCorrectnessMgt No justification found for rule Class_invariant_axiom_for_mini_MiniExamplesLecture 
26072      INFO  main            d.u.i.k.p.r.p.TestFile    ... finished proof: closed. 
26242      INFO  main            d.u.i.k.p.r.p.TestFile    Now processing file /home/runner/work/key/key/key.core/../key.ui/examples/InformationFlow/MiniExamples/mini.MiniExamplesLecture(mini.MiniExamplesLecture__m_3()).Non-interference contract.0.m.key 
26242      INFO  main            d.u.i.k.p.i.AbstractProblemLoader Loading environment from /home/runner/work/key/key/key.core/../key.ui/examples/InformationFlow/MiniExamples/mini.MiniExamplesLecture(mini.MiniExamplesLecture__m_3()).Non-interference contract.0.m.key 
26242      DEBUG main            d.u.i.k.p.i.AbstractProblemLoader Environment load took 77ns 
26243      INFO  main            d.u.i.k.p.i.AbstractProblemLoader Creating init config 
29314      DEBUG main            d.u.i.k.p.i.AbstractProblemLoader Init config took 3.07s 
29372      INFO  main            d.u.i.k.p.i.AbstractProblemLoader Replaying proof mini.MiniExamplesLecture[mini.MiniExamplesLecture::m_3()].Non-interference contract.0 
29378      DEBUG main            d.u.i.k.p.i.IntermediateProofReplayer Proof replay took 16.7ns 
29379      DEBUG main            d.u.i.k.m.s.ProofScriptEngine 1: 'macro 'infflow-autopilot'' 
29435      DEBUG main            d.u.i.k.p.m.ProofCorrectnessMgt No justification found for rule Class_invariant_axiom_for_mini_MiniExamplesLecture 
29846      INFO  main            d.u.i.k.p.r.p.TestFile    ... finished proof: open goal(s) 
30023      INFO  main            d.u.i.k.p.r.p.TestFile    Now processing file /home/runner/work/key/key/key.core/../key.ui/examples/InformationFlow/MiniExamples/mini.MiniExamplesLecture(mini.MiniExamplesLecture__m_2()).Non-interference contract.0.m.key 
30023      INFO  main            d.u.i.k.p.i.AbstractProblemLoader Loading environment from /home/runner/work/key/key/key.core/../key.ui/examples/InformationFlow/MiniExamples/mini.MiniExamplesLecture(mini.MiniExamplesLecture__m_2()).Non-interference contract.0.m.key 
30023      DEBUG main            d.u.i.k.p.i.AbstractProblemLoader Environment load took 74.3ns 
30025      INFO  main            d.u.i.k.p.i.AbstractProblemLoader Creating init config 
33084      DEBUG main            d.u.i.k.p.i.AbstractProblemLoader Init config took 3.06s 
33136      INFO  main            d.u.i.k.p.i.AbstractProblemLoader Replaying proof mini.MiniExamplesLecture[mini.MiniExamplesLecture::m_2()].Non-interference contract.0 
33139      DEBUG main            d.u.i.k.p.i.IntermediateProofReplayer Proof replay took 17.7ns 
33140      DEBUG main            d.u.i.k.m.s.ProofScriptEngine 1: 'macro 'infflow-autopilot'' 
33185      DEBUG main            d.u.i.k.p.m.ProofCorrectnessMgt No justification found for rule Class_invariant_axiom_for_mini_MiniExamplesLecture 
33402      INFO  main            d.u.i.k.p.r.p.TestFile    ... finished proof: closed. 
33609      INFO  main            d.u.i.k.p.r.p.TestFile    Now processing file /home/runner/work/key/key/key.core/../key.ui/examples/InformationFlow/MiniExamples/mini.MiniExamplesLecture(mini.MiniExamplesLecture__m_1()).Non-interference contract.0.m.key 
33610      INFO  main            d.u.i.k.p.i.AbstractProblemLoader Loading environment from /home/runner/work/key/key/key.core/../key.ui/examples/InformationFlow/MiniExamples/mini.MiniExamplesLecture(mini.MiniExamplesLecture__m_1()).Non-interference contract.0.m.key 
33610      DEBUG main            d.u.i.k.p.i.AbstractProblemLoader Environment load took 87.4ns 
33611      INFO  main            d.u.i.k.p.i.AbstractProblemLoader Creating init config 
36625      DEBUG main            d.u.i.k.p.i.AbstractProblemLoader Init config took 3.01s 
36676      INFO  main            d.u.i.k.p.i.AbstractProblemLoader Replaying proof mini.MiniExamplesLecture[mini.MiniExamplesLecture::m_1()].Non-interference contract.0 
36679      DEBUG main            d.u.i.k.p.i.IntermediateProofReplayer Proof replay took 16.8ns 
36679      DEBUG main            d.u.i.k.m.s.ProofScriptEngine 1: 'macro 'infflow-autopilot'' 
36724      DEBUG main            d.u.i.k.p.m.ProofCorrectnessMgt No justification found for rule Class_invariant_axiom_for_mini_MiniExamplesLecture 
36884      INFO  main            d.u.i.k.p.r.p.TestFile    ... finished proof: open goal(s) 
37041      INFO  main            d.u.i.k.p.r.p.TestFile    Now processing file /home/runner/work/key/key/key.core/../key.ui/examples/InformationFlow/MiniExamples/mini.DifferenceSeqLocset(mini.DifferenceSeqLocset__m()).Non-interference contract.1.m.key 
37041      INFO  main            d.u.i.k.p.i.AbstractProblemLoader Loading environment from /home/runner/work/key/key/key.core/../key.ui/examples/InformationFlow/MiniExamples/mini.DifferenceSeqLocset(mini.DifferenceSeqLocset__m()).Non-interference contract.1.m.key 
37041      DEBUG main            d.u.i.k.p.i.AbstractProblemLoader Environment load took 87.9ns 
37043      INFO  main            d.u.i.k.p.i.AbstractProblemLoader Creating init config 
40040      DEBUG main            d.u.i.k.p.i.AbstractProblemLoader Init config took 3s 
40092      INFO  main            d.u.i.k.p.i.AbstractProblemLoader Replaying proof mini.DifferenceSeqLocset[mini.DifferenceSeqLocset::m()].Non-interference contract.1 
40095      DEBUG main            d.u.i.k.p.i.IntermediateProofReplayer Proof replay took 17.8ns 
40096      DEBUG main            d.u.i.k.m.s.ProofScriptEngine 1: 'macro 'infflow-autopilot'' 
40139      DEBUG main            d.u.i.k.p.m.ProofCorrectnessMgt No justification found for rule Class_invariant_axiom_for_mini_DifferenceSeqLocset 
40879      INFO  main            d.u.i.k.p.r.p.TestFile    ... finished proof: open goal(s) 
41076      INFO  main            d.u.i.k.p.r.p.TestFile    Now processing file /home/runner/work/key/key/key.core/../key.ui/examples/InformationFlow/MiniExamples/mini.DifferenceSeqLocset(mini.DifferenceSeqLocset__m()).Non-interference contract.0.m.key 
41077      INFO  main            d.u.i.k.p.i.AbstractProblemLoader Loading environment from /home/runner/work/key/key/key.core/../key.ui/examples/InformationFlow/MiniExamples/mini.DifferenceSeqLocset(mini.DifferenceSeqLocset__m()).Non-interference contract.0.m.key 
41077      DEBUG main            d.u.i.k.p.i.AbstractProblemLoader Environment load took 75.8ns 
41078      INFO  main            d.u.i.k.p.i.AbstractProblemLoader Creating init config 
44147      DEBUG main            d.u.i.k.p.i.AbstractProblemLoader Init config took 3.07s 
44205      INFO  main            d.u.i.k.p.i.AbstractProblemLoader Replaying proof mini.DifferenceSeqLocset[mini.DifferenceSeqLocset::m()].Non-interference contract.0 
44207      DEBUG main            d.u.i.k.p.i.IntermediateProofReplayer Proof replay took 18.8ns 
44208      DEBUG main            d.u.i.k.m.s.ProofScriptEngine 1: 'macro 'infflow-autopilot'' 
44251      DEBUG main            d.u.i.k.p.m.ProofCorrectnessMgt No justification found for rule Class_invariant_axiom_for_mini_DifferenceSeqLocset 
46442      INFO  main            d.u.i.k.p.r.p.TestFile    ... finished proof: open goal(s) 
46645      INFO  main            d.u.i.k.p.r.p.TestFile    Now processing file /home/runner/work/key/key/key.core/../key.ui/examples/InformationFlow/MiniExamples/mini.MiniExamples(mini.MiniExamples__secure_p2_8()).Non-interference contract.0.m.key 
46646      INFO  main            d.u.i.k.p.i.AbstractProblemLoader Loading environment from /home/runner/work/key/key/key.core/../key.ui/examples/InformationFlow/MiniExamples/mini.MiniExamples(mini.MiniExamples__secure_p2_8()).Non-interference contract.0.m.key 
46646      DEBUG main            d.u.i.k.p.i.AbstractProblemLoader Environment load took 71.9ns 
46647      INFO  main            d.u.i.k.p.i.AbstractProblemLoader Creating init config 
49589      DEBUG main            d.u.i.k.p.i.AbstractProblemLoader Init config took 2.94s 
49637      INFO  main            d.u.i.k.p.i.AbstractProblemLoader Replaying proof mini.MiniExamples[mini.MiniExamples::secure_p2_8()].Non-interference contract.0 
49639      DEBUG main            d.u.i.k.p.i.IntermediateProofReplayer Proof replay took 17.7ns 
49640      DEBUG main            d.u.i.k.m.s.ProofScriptEngine 1: 'macro 'infflow-autopilot'' 
49682      DEBUG main            d.u.i.k.p.m.ProofCorrectnessMgt No justification found for rule Class_invariant_axiom_for_mini_MiniExamples 
49982      INFO  main            d.u.i.k.p.r.p.TestFile    ... finished proof: closed. 
50205      INFO  main            d.u.i.k.p.r.p.TestFile    Now processing file /home/runner/work/key/key/key.core/../key.ui/examples/InformationFlow/MiniExamples/mini.MiniExamples(mini.MiniExamples__secure_parameter(int)).Non-interference contract.0.m.key 
50206      INFO  main            d.u.i.k.p.i.AbstractProblemLoader Loading environment from /home/runner/work/key/key/key.core/../key.ui/examples/InformationFlow/MiniExamples/mini.MiniExamples(mini.MiniExamples__secure_parameter(int)).Non-interference contract.0.m.key 
50206      DEBUG main            d.u.i.k.p.i.AbstractProblemLoader Environment load took 97.61ns 
50207      INFO  main            d.u.i.k.p.i.AbstractProblemLoader Creating init config 
53159      DEBUG main            d.u.i.k.p.i.AbstractProblemLoader Init config took 2.95s 
53207      INFO  main            d.u.i.k.p.i.AbstractProblemLoader Replaying proof mini.MiniExamples[mini.MiniExamples::secure_parameter(int)].Non-interference contract.0 
53210      DEBUG main            d.u.i.k.p.i.IntermediateProofReplayer Proof replay took 19.3ns 
53210      DEBUG main            d.u.i.k.m.s.ProofScriptEngine 1: 'macro 'infflow-autopilot'' 
53252      DEBUG main            d.u.i.k.p.m.ProofCorrectnessMgt No justification found for rule Class_invariant_axiom_for_mini_MiniExamples 
53377      INFO  main            d.u.i.k.p.r.p.TestFile    ... finished proof: closed. 
53569      INFO  main            d.u.i.k.p.r.p.TestFile    Now processing file /home/runner/work/key/key/key.core/../key.ui/examples/InformationFlow/MiniExamples/mini.MiniExamples(mini.MiniExamples__secure_p2_7()).Non-interference contract.0.m.key 
53570      INFO  main            d.u.i.k.p.i.AbstractProblemLoader Loading environment from /home/runner/work/key/key/key.core/../key.ui/examples/InformationFlow/MiniExamples/mini.MiniExamples(mini.MiniExamples__secure_p2_7()).Non-interference contract.0.m.key 
53570      DEBUG main            d.u.i.k.p.i.AbstractProblemLoader Environment load took 76.7ns 
53571      INFO  main            d.u.i.k.p.i.AbstractProblemLoader Creating init config 
56553      DEBUG main            d.u.i.k.p.i.AbstractProblemLoader Init config took 2.98s 
56612      INFO  main            d.u.i.k.p.i.AbstractProblemLoader Replaying proof mini.MiniExamples[mini.MiniExamples::secure_p2_7()].Non-interference contract.0 
56615      DEBUG main            d.u.i.k.p.i.IntermediateProofReplayer Proof replay took 17.5ns 
56615      DEBUG main            d.u.i.k.m.s.ProofScriptEngine 1: 'macro 'infflow-autopilot'' 
56655      DEBUG main            d.u.i.k.p.m.ProofCorrectnessMgt No justification found for rule Class_invariant_axiom_for_mini_MiniExamples 
56935      INFO  main            d.u.i.k.p.r.p.TestFile    ... finished proof: closed. 
57165      INFO  main            d.u.i.k.p.r.p.TestFile    Now processing file /home/runner/work/key/key/key.core/../key.ui/examples/InformationFlow/MiniExamples/mini.MiniExamples(mini.MiniExamples__insecure_p2_2()).Non-interference contract.0.m.key 
57165      INFO  main            d.u.i.k.p.i.AbstractProblemLoader Loading environment from /home/runner/work/key/key/key.core/../key.ui/examples/InformationFlow/MiniExamples/mini.MiniExamples(mini.MiniExamples__insecure_p2_2()).Non-interference contract.0.m.key 
57166      DEBUG main            d.u.i.k.p.i.AbstractProblemLoader Environment load took 69.7ns 
57167      INFO  main            d.u.i.k.p.i.AbstractProblemLoader Creating init config 
60092      DEBUG main            d.u.i.k.p.i.AbstractProblemLoader Init config took 2.92s 
60143      INFO  main            d.u.i.k.p.i.AbstractProblemLoader Replaying proof mini.MiniExamples[mini.MiniExamples::insecure_p2_2()].Non-interference contract.0 
60146      DEBUG main            d.u.i.k.p.i.IntermediateProofReplayer Proof replay took 18.9ns 
60146      DEBUG main            d.u.i.k.m.s.ProofScriptEngine 1: 'macro 'infflow-autopilot'' 
60184      DEBUG main            d.u.i.k.p.m.ProofCorrectnessMgt No justification found for rule Class_invariant_axiom_for_mini_MiniExamples 
60443      INFO  main            d.u.i.k.p.r.p.TestFile    ... finished proof: open goal(s) 
60653      INFO  main            d.u.i.k.p.r.p.TestFile    Now processing file /home/runner/work/key/key/key.core/../key.ui/examples/InformationFlow/MiniExamples/mini.MiniExamples(mini.MiniExamples__secure_p2_6()).Non-interference contract.0.m.key 
60653      INFO  main            d.u.i.k.p.i.AbstractProblemLoader Loading environment from /home/runner/work/key/key/key.core/../key.ui/examples/InformationFlow/MiniExamples/mini.MiniExamples(mini.MiniExamples__secure_p2_6()).Non-interference contract.0.m.key 
60654      DEBUG main            d.u.i.k.p.i.AbstractProblemLoader Environment load took 68ns 
60655      INFO  main            d.u.i.k.p.i.AbstractProblemLoader Creating init config 
63581      DEBUG main            d.u.i.k.p.i.AbstractProblemLoader Init config took 2.93s 
63642      INFO  main            d.u.i.k.p.i.AbstractProblemLoader Replaying proof mini.MiniExamples[mini.MiniExamples::secure_p2_6()].Non-interference contract.0 
63644      DEBUG main            d.u.i.k.p.i.IntermediateProofReplayer Proof replay took 19.2ns 
63645      DEBUG main            d.u.i.k.m.s.ProofScriptEngine 1: 'macro 'infflow-autopilot'' 
63684      DEBUG main            d.u.i.k.p.m.ProofCorrectnessMgt No justification found for rule Class_invariant_axiom_for_mini_MiniExamples 
63756      INFO  main            d.u.i.k.p.r.p.TestFile    ... finished proof: closed. 
63982      INFO  main            d.u.i.k.p.r.p.TestFile    Now processing file /home/runner/work/key/key/key.core/../key.ui/examples/InformationFlow/MiniExamples/mini.MiniExamples(mini.MiniExamples__secure_p2_5()).Non-interference contract.0.m.key 
63982      INFO  main            d.u.i.k.p.i.AbstractProblemLoader Loading environment from /home/runner/work/key/key/key.core/../key.ui/examples/InformationFlow/MiniExamples/mini.MiniExamples(mini.MiniExamples__secure_p2_5()).Non-interference contract.0.m.key 
63982      DEBUG main            d.u.i.k.p.i.AbstractProblemLoader Environment load took 73ns 
63983      INFO  main            d.u.i.k.p.i.AbstractProblemLoader Creating init config 
66921      DEBUG main            d.u.i.k.p.i.AbstractProblemLoader Init config took 2.94s 
66964      INFO  main            d.u.i.k.p.i.AbstractProblemLoader Replaying proof mini.MiniExamples[mini.MiniExamples::secure_p2_5()].Non-interference contract.0 
66967      DEBUG main            d.u.i.k.p.i.IntermediateProofReplayer Proof replay took 17.9ns 
66967      DEBUG main            d.u.i.k.m.s.ProofScriptEngine 1: 'macro 'infflow-autopilot'' 
67003      DEBUG main            d.u.i.k.p.m.ProofCorrectnessMgt No justification found for rule Class_invariant_axiom_for_mini_MiniExamples 
67130      INFO  main            d.u.i.k.p.r.p.TestFile    ... finished proof: closed. 
67339      INFO  main            d.u.i.k.p.r.p.TestFile    Now processing file /home/runner/work/key/key/key.core/../key.ui/examples/InformationFlow/MiniExamples/mini.MiniExamples(mini.MiniExamples__secure_p2_4()).Non-interference contract.0.m.key 
67339      INFO  main            d.u.i.k.p.i.AbstractProblemLoader Loading environment from /home/runner/work/key/key/key.core/../key.ui/examples/InformationFlow/MiniExamples/mini.MiniExamples(mini.MiniExamples__secure_p2_4()).Non-interference contract.0.m.key 
67339      DEBUG main            d.u.i.k.p.i.AbstractProblemLoader Environment load took 68.9ns 
67341      INFO  main            d.u.i.k.p.i.AbstractProblemLoader Creating init config 
70256      DEBUG main            d.u.i.k.p.i.AbstractProblemLoader Init config took 2.92s 
70300      INFO  main            d.u.i.k.p.i.AbstractProblemLoader Replaying proof mini.MiniExamples[mini.MiniExamples::secure_p2_4()].Non-interference contract.0 
70303      DEBUG main            d.u.i.k.p.i.IntermediateProofReplayer Proof replay took 19.3ns 
70303      DEBUG main            d.u.i.k.m.s.ProofScriptEngine 1: 'macro 'infflow-autopilot'' 
70341      DEBUG main            d.u.i.k.p.m.ProofCorrectnessMgt No justification found for rule Class_invariant_axiom_for_mini_MiniExamples 
70457      INFO  main            d.u.i.k.p.r.p.TestFile    ... finished proof: closed. 
70713      INFO  main            d.u.i.k.p.r.p.TestFile    Now processing file /home/runner/work/key/key/key.core/../key.ui/examples/InformationFlow/MiniExamples/mini.MiniExamples(mini.MiniExamples__secure_p2_3()).Non-interference contract.0.m.key 
70713      INFO  main            d.u.i.k.p.i.AbstractProblemLoader Loading environment from /home/runner/work/key/key/key.core/../key.ui/examples/InformationFlow/MiniExamples/mini.MiniExamples(mini.MiniExamples__secure_p2_3()).Non-interference contract.0.m.key 
70713      DEBUG main            d.u.i.k.p.i.AbstractProblemLoader Environment load took 74.6ns 
70714      INFO  main            d.u.i.k.p.i.AbstractProblemLoader Creating init config 
73688      DEBUG main            d.u.i.k.p.i.AbstractProblemLoader Init config took 2.97s 
73730      INFO  main            d.u.i.k.p.i.AbstractProblemLoader Replaying proof mini.MiniExamples[mini.MiniExamples::secure_p2_3()].Non-interference contract.0 
73733      DEBUG main            d.u.i.k.p.i.IntermediateProofReplayer Proof replay took 17.4ns 
73734      DEBUG main            d.u.i.k.m.s.ProofScriptEngine 1: 'macro 'infflow-autopilot'' 
73768      DEBUG main            d.u.i.k.p.m.ProofCorrectnessMgt No justification found for rule Class_invariant_axiom_for_mini_MiniExamples 
73863      INFO  main            d.u.i.k.p.r.p.TestFile    ... finished proof: closed. 
74077      INFO  main            d.u.i.k.p.r.p.TestFile    Now processing file /home/runner/work/key/key/key.core/../key.ui/examples/InformationFlow/MiniExamples/mini.MiniExamples(mini.MiniExamples__secure_p2_2()).Non-interference contract.0.m.key 
74077      INFO  main            d.u.i.k.p.i.AbstractProblemLoader Loading environment from /home/runner/work/key/key/key.core/../key.ui/examples/InformationFlow/MiniExamples/mini.MiniExamples(mini.MiniExamples__secure_p2_2()).Non-interference contract.0.m.key 
74078      DEBUG main            d.u.i.k.p.i.AbstractProblemLoader Environment load took 504.93ns 
74079      INFO  main            d.u.i.k.p.i.AbstractProblemLoader Creating init config 
77002      DEBUG main            d.u.i.k.p.i.AbstractProblemLoader Init config took 2.92s 
77042      INFO  main            d.u.i.k.p.i.AbstractProblemLoader Replaying proof mini.MiniExamples[mini.MiniExamples::secure_p2_2()].Non-interference contract.0 
77046      DEBUG main            d.u.i.k.p.i.IntermediateProofReplayer Proof replay took 19.2ns 
77047      DEBUG main            d.u.i.k.m.s.ProofScriptEngine 1: 'macro 'infflow-autopilot'' 
77084      DEBUG main            d.u.i.k.p.m.ProofCorrectnessMgt No justification found for rule Class_invariant_axiom_for_mini_MiniExamples 
77188      INFO  main            d.u.i.k.p.r.p.TestFile    ... finished proof: closed. 
77470      INFO  main            d.u.i.k.p.r.p.TestFile    Now processing file /home/runner/work/key/key/key.core/../key.ui/examples/InformationFlow/MiniExamples/mini.MiniExamples(mini.MiniExamples__secure_p2_1()).Non-interference contract.0.m.key 
77470      INFO  main            d.u.i.k.p.i.AbstractProblemLoader Loading environment from /home/runner/work/key/key/key.core/../key.ui/examples/InformationFlow/MiniExamples/mini.MiniExamples(mini.MiniExamples__secure_p2_1()).Non-interference contract.0.m.key 
77470      DEBUG main            d.u.i.k.p.i.AbstractProblemLoader Environment load took 66ns 
77471      INFO  main            d.u.i.k.p.i.AbstractProblemLoader Creating init config 
80383      DEBUG main            d.u.i.k.p.i.AbstractProblemLoader Init config took 2.91s 
80430      INFO  main            d.u.i.k.p.i.AbstractProblemLoader Replaying proof mini.MiniExamples[mini.MiniExamples::secure_p2_1()].Non-interference contract.0 
80435      DEBUG main            d.u.i.k.p.i.IntermediateProofReplayer Proof replay took 22.9ns 
80435      DEBUG main            d.u.i.k.m.s.ProofScriptEngine 1: 'macro 'infflow-autopilot'' 
80471      DEBUG main            d.u.i.k.p.m.ProofCorrectnessMgt No justification found for rule Class_invariant_axiom_for_mini_MiniExamples 
80554      INFO  main            d.u.i.k.p.r.p.TestFile    ... finished proof: closed. 
80782      INFO  main            d.u.i.k.p.r.p.TestFile    Now processing file /home/runner/work/key/key/key.core/../key.ui/examples/InformationFlow/MiniExamples/mini.MiniExamples(mini.MiniExamples__insecure_p2_1()).Non-interference contract.0.m.key 
80782      INFO  main            d.u.i.k.p.i.AbstractProblemLoader Loading environment from /home/runner/work/key/key/key.core/../key.ui/examples/InformationFlow/MiniExamples/mini.MiniExamples(mini.MiniExamples__insecure_p2_1()).Non-interference contract.0.m.key 
80782      DEBUG main            d.u.i.k.p.i.AbstractProblemLoader Environment load took 75.4ns 
80783      INFO  main            d.u.i.k.p.i.AbstractProblemLoader Creating init config 
83736      DEBUG main            d.u.i.k.p.i.AbstractProblemLoader Init config took 2.95s 
83787      INFO  main            d.u.i.k.p.i.AbstractProblemLoader Replaying proof mini.MiniExamples[mini.MiniExamples::insecure_p2_1()].Non-interference contract.0 
83789      DEBUG main            d.u.i.k.p.i.IntermediateProofReplayer Proof replay took 19.8ns 
83790      DEBUG main            d.u.i.k.m.s.ProofScriptEngine 1: 'macro 'infflow-autopilot'' 
83825      DEBUG main            d.u.i.k.p.m.ProofCorrectnessMgt No justification found for rule Class_invariant_axiom_for_mini_MiniExamples 
83938      INFO  main            d.u.i.k.p.r.p.TestFile    ... finished proof: open goal(s) 
84174      INFO  main            d.u.i.k.p.r.p.TestFile    Now processing file /home/runner/work/key/key/key.core/../key.ui/examples/InformationFlow/MiniExamples/mini.MiniExamples(mini.MiniExamples__secure_p1_6()).Non-interference contract.0.m.key 
84174      INFO  main            d.u.i.k.p.i.AbstractProblemLoader Loading environment from /home/runner/work/key/key/key.core/../key.ui/examples/InformationFlow/MiniExamples/mini.MiniExamples(mini.MiniExamples__secure_p1_6()).Non-interference contract.0.m.key 
84174      DEBUG main            d.u.i.k.p.i.AbstractProblemLoader Environment load took 73.8ns 
84175      INFO  main            d.u.i.k.p.i.AbstractProblemLoader Creating init config 
87119      DEBUG main            d.u.i.k.p.i.AbstractProblemLoader Init config took 2.94s 
87162      INFO  main            d.u.i.k.p.i.AbstractProblemLoader Replaying proof mini.MiniExamples[mini.MiniExamples::secure_p1_6()].Non-interference contract.0 
87164      DEBUG main            d.u.i.k.p.i.IntermediateProofReplayer Proof replay took 45.2ns 
87165      DEBUG main            d.u.i.k.m.s.ProofScriptEngine 1: 'macro 'infflow-autopilot'' 
87198      DEBUG main            d.u.i.k.p.m.ProofCorrectnessMgt No justification found for rule Class_invariant_axiom_for_mini_MiniExamples 
87300      INFO  main            d.u.i.k.p.r.p.TestFile    ... finished proof: closed. 
87546      INFO  main            d.u.i.k.p.r.p.TestFile    Now processing file /home/runner/work/key/key/key.core/../key.ui/examples/InformationFlow/MiniExamples/mini.MiniExamples(mini.MiniExamples__secure_p1_5()).Non-interference contract.0.m.key 
87546      INFO  main            d.u.i.k.p.i.AbstractProblemLoader Loading environment from /home/runner/work/key/key/key.core/../key.ui/examples/InformationFlow/MiniExamples/mini.MiniExamples(mini.MiniExamples__secure_p1_5()).Non-interference contract.0.m.key 
87547      DEBUG main            d.u.i.k.p.i.AbstractProblemLoader Environment load took 129.81ns 
87548      INFO  main            d.u.i.k.p.i.AbstractProblemLoader Creating init config 
90473      DEBUG main            d.u.i.k.p.i.AbstractProblemLoader Init config took 2.92s 
90515      INFO  main            d.u.i.k.p.i.AbstractProblemLoader Replaying proof mini.MiniExamples[mini.MiniExamples::secure_p1_5()].Non-interference contract.0 
90517      DEBUG main            d.u.i.k.p.i.IntermediateProofReplayer Proof replay took 19ns 
90518      DEBUG main            d.u.i.k.m.s.ProofScriptEngine 1: 'macro 'infflow-autopilot'' 
90573      DEBUG main            d.u.i.k.p.m.ProofCorrectnessMgt No justification found for rule Class_invariant_axiom_for_mini_MiniExamples 
90846      INFO  main            d.u.i.k.p.r.p.TestFile    ... finished proof: closed. 
91079      INFO  main            d.u.i.k.p.r.p.TestFile    Now processing file /home/runner/work/key/key/key.core/../key.ui/examples/InformationFlow/MiniExamples/mini.MiniExamples(mini.MiniExamples__secure_p1_4()).Non-interference contract.0.m.key 
91079      INFO  main            d.u.i.k.p.i.AbstractProblemLoader Loading environment from /home/runner/work/key/key/key.core/../key.ui/examples/InformationFlow/MiniExamples/mini.MiniExamples(mini.MiniExamples__secure_p1_4()).Non-interference contract.0.m.key 
91079      DEBUG main            d.u.i.k.p.i.AbstractProblemLoader Environment load took 67.3ns 
91080      INFO  main            d.u.i.k.p.i.AbstractProblemLoader Creating init config 
93936      DEBUG main            d.u.i.k.p.i.AbstractProblemLoader Init config took 2.86s 
93976      INFO  main            d.u.i.k.p.i.AbstractProblemLoader Replaying proof mini.MiniExamples[mini.MiniExamples::secure_p1_4()].Non-interference contract.0 
93980      DEBUG main            d.u.i.k.p.i.IntermediateProofReplayer Proof replay took 19.8ns 
93981      DEBUG main            d.u.i.k.m.s.ProofScriptEngine 1: 'macro 'infflow-autopilot'' 
94015      DEBUG main            d.u.i.k.p.m.ProofCorrectnessMgt No justification found for rule Class_invariant_axiom_for_mini_MiniExamples 
94297      INFO  main            d.u.i.k.p.r.p.TestFile    ... finished proof: closed. 
94530      INFO  main            d.u.i.k.p.r.p.TestFile    Now processing file /home/runner/work/key/key/key.core/../key.ui/examples/InformationFlow/MiniExamples/mini.MiniExamples(mini.MiniExamples__secure_p1_3()).Non-interference contract.0.m.key 
94530      INFO  main            d.u.i.k.p.i.AbstractProblemLoader Loading environment from /home/runner/work/key/key/key.core/../key.ui/examples/InformationFlow/MiniExamples/mini.MiniExamples(mini.MiniExamples__secure_p1_3()).Non-interference contract.0.m.key 
94531      DEBUG main            d.u.i.k.p.i.AbstractProblemLoader Environment load took 65.8ns 
94532      INFO  main            d.u.i.k.p.i.AbstractProblemLoader Creating init config 
97419      DEBUG main            d.u.i.k.p.i.AbstractProblemLoader Init config took 2.89s 
97461      INFO  main            d.u.i.k.p.i.AbstractProblemLoader Replaying proof mini.MiniExamples[mini.MiniExamples::secure_p1_3()].Non-interference contract.0 
97463      DEBUG main            d.u.i.k.p.i.IntermediateProofReplayer Proof replay took 18.4ns 
97464      DEBUG main            d.u.i.k.m.s.ProofScriptEngine 1: 'macro 'infflow-autopilot'' 
97502      DEBUG main            d.u.i.k.p.m.ProofCorrectnessMgt No justification found for rule Class_invariant_axiom_for_mini_MiniExamples 
97640      INFO  main            d.u.i.k.p.r.p.TestFile    ... finished proof: closed. 
97873      INFO  main            d.u.i.k.p.r.p.TestFile    Now processing file /home/runner/work/key/key/key.core/../key.ui/examples/InformationFlow/MiniExamples/mini.MiniExamples(mini.MiniExamples__secure_p1_2()).Non-interference contract.0.m.key 
97873      INFO  main            d.u.i.k.p.i.AbstractProblemLoader Loading environment from /home/runner/work/key/key/key.core/../key.ui/examples/InformationFlow/MiniExamples/mini.MiniExamples(mini.MiniExamples__secure_p1_2()).Non-interference contract.0.m.key 
97873      DEBUG main            d.u.i.k.p.i.AbstractProblemLoader Environment load took 65.3ns 
97874      INFO  main            d.u.i.k.p.i.AbstractProblemLoader Creating init config 
100826     DEBUG main            d.u.i.k.p.i.AbstractProblemLoader Init config took 2.95s 
100866     INFO  main            d.u.i.k.p.i.AbstractProblemLoader Replaying proof mini.MiniExamples[mini.MiniExamples::secure_p1_2()].Non-interference contract.0 
100869     DEBUG main            d.u.i.k.p.i.IntermediateProofReplayer Proof replay took 32.5ns 
100870     DEBUG main            d.u.i.k.m.s.ProofScriptEngine 1: 'macro 'infflow-autopilot'' 
100903     DEBUG main            d.u.i.k.p.m.ProofCorrectnessMgt No justification found for rule Class_invariant_axiom_for_mini_MiniExamples 
101154     INFO  main            d.u.i.k.p.r.p.TestFile    ... finished proof: closed. 
101409     INFO  main            d.u.i.k.p.r.p.TestFile    Now processing file /home/runner/work/key/key/key.core/../key.ui/examples/InformationFlow/MiniExamples/mini.MiniExamples(mini.MiniExamples__secure_p1_1()).Non-interference contract.1.m.key 
101409     INFO  main            d.u.i.k.p.i.AbstractProblemLoader Loading environment from /home/runner/work/key/key/key.core/../key.ui/examples/InformationFlow/MiniExamples/mini.MiniExamples(mini.MiniExamples__secure_p1_1()).Non-interference contract.1.m.key 
101410     DEBUG main            d.u.i.k.p.i.AbstractProblemLoader Environment load took 62.3ns 
101411     INFO  main            d.u.i.k.p.i.AbstractProblemLoader Creating init config 
104335     DEBUG main            d.u.i.k.p.i.AbstractProblemLoader Init config took 2.92s 
104376     INFO  main            d.u.i.k.p.i.AbstractProblemLoader Replaying proof mini.MiniExamples[mini.MiniExamples::secure_p1_1()].Non-interference contract.1 
104378     DEBUG main            d.u.i.k.p.i.IntermediateProofReplayer Proof replay took 17.8ns 
104379     DEBUG main            d.u.i.k.m.s.ProofScriptEngine 1: 'macro 'infflow-autopilot'' 
104413     DEBUG main            d.u.i.k.p.m.ProofCorrectnessMgt No justification found for rule Class_invariant_axiom_for_mini_MiniExamples 
104589     INFO  main            d.u.i.k.p.r.p.TestFile    ... finished proof: closed. 
104845     INFO  main            d.u.i.k.p.r.p.TestFile    Now processing file /home/runner/work/key/key/key.core/../key.ui/examples/InformationFlow/MiniExamples/mini.MiniExamples(mini.MiniExamples__secure_p1_1()).Non-interference contract.0.m.key 
104845     INFO  main            d.u.i.k.p.i.AbstractProblemLoader Loading environment from /home/runner/work/key/key/key.core/../key.ui/examples/InformationFlow/MiniExamples/mini.MiniExamples(mini.MiniExamples__secure_p1_1()).Non-interference contract.0.m.key 
104845     DEBUG main            d.u.i.k.p.i.AbstractProblemLoader Environment load took 60.8ns 
104846     INFO  main            d.u.i.k.p.i.AbstractProblemLoader Creating init config 
107790     DEBUG main            d.u.i.k.p.i.AbstractProblemLoader Init config took 2.94s 
107832     INFO  main            d.u.i.k.p.i.AbstractProblemLoader Replaying proof mini.MiniExamples[mini.MiniExamples::secure_p1_1()].Non-interference contract.0 
107834     DEBUG main            d.u.i.k.p.i.IntermediateProofReplayer Proof replay took 19.4ns 
107835     DEBUG main            d.u.i.k.m.s.ProofScriptEngine 1: 'macro 'infflow-autopilot'' 
107868     DEBUG main            d.u.i.k.p.m.ProofCorrectnessMgt No justification found for rule Class_invariant_axiom_for_mini_MiniExamples 
108057     INFO  main            d.u.i.k.p.r.p.TestFile    ... finished proof: closed. 
108318     INFO  main            d.u.i.k.p.r.p.TestFile    Now processing file /home/runner/work/key/key/key.core/../key.ui/examples/InformationFlow/MiniExamples/mini.MiniExamples(mini.MiniExamples__insecure_p1_2()).Non-interference contract.0.m.key 
108318     INFO  main            d.u.i.k.p.i.AbstractProblemLoader Loading environment from /home/runner/work/key/key/key.core/../key.ui/examples/InformationFlow/MiniExamples/mini.MiniExamples(mini.MiniExamples__insecure_p1_2()).Non-interference contract.0.m.key 
108318     DEBUG main            d.u.i.k.p.i.AbstractProblemLoader Environment load took 62ns 
108319     INFO  main            d.u.i.k.p.i.AbstractProblemLoader Creating init config 
111199     DEBUG main            d.u.i.k.p.i.AbstractProblemLoader Init config took 2.88s 
111239     INFO  main            d.u.i.k.p.i.AbstractProblemLoader Replaying proof mini.MiniExamples[mini.MiniExamples::insecure_p1_2()].Non-interference contract.0 
111242     DEBUG main            d.u.i.k.p.i.IntermediateProofReplayer Proof replay took 20.8ns 
111243     DEBUG main            d.u.i.k.m.s.ProofScriptEngine 1: 'macro 'infflow-autopilot'' 
111276     DEBUG main            d.u.i.k.p.m.ProofCorrectnessMgt No justification found for rule Class_invariant_axiom_for_mini_MiniExamples 
111539     INFO  main            d.u.i.k.p.r.p.TestFile    ... finished proof: open goal(s) 
111851     INFO  main            d.u.i.k.p.r.p.TestFile    Now processing file /home/runner/work/key/key/key.core/../key.ui/examples/InformationFlow/MiniExamples/mini.MiniExamples(mini.MiniExamples__insecure_p1_1()).Non-interference contract.0.m.key 
111851     INFO  main            d.u.i.k.p.i.AbstractProblemLoader Loading environment from /home/runner/work/key/key/key.core/../key.ui/examples/InformationFlow/MiniExamples/mini.MiniExamples(mini.MiniExamples__insecure_p1_1()).Non-interference contract.0.m.key 
111852     DEBUG main            d.u.i.k.p.i.AbstractProblemLoader Environment load took 72.9ns 
111853     INFO  main            d.u.i.k.p.i.AbstractProblemLoader Creating init config 
114794     DEBUG main            d.u.i.k.p.i.AbstractProblemLoader Init config took 2.94s 
114833     INFO  main            d.u.i.k.p.i.AbstractProblemLoader Replaying proof mini.MiniExamples[mini.MiniExamples::insecure_p1_1()].Non-interference contract.0 
114836     DEBUG main            d.u.i.k.p.i.IntermediateProofReplayer Proof replay took 20.2ns 
114837     DEBUG main            d.u.i.k.m.s.ProofScriptEngine 1: 'macro 'infflow-autopilot'' 
114870     DEBUG main            d.u.i.k.p.m.ProofCorrectnessMgt No justification found for rule Class_invariant_axiom_for_mini_MiniExamples 
114977     INFO  main            d.u.i.k.p.r.p.TestFile    ... finished proof: open goal(s) 
2902581    INFO  Test worker     d.u.i.k.p.r.p.StatisticsFile Returning from test MiniExamples_fullmacro 
2902583    INFO  Test worker     d.u.i.k.p.r.p.StatisticsFile Running test NewObjects_fullmacro 
406        INFO  Timeout watchdog d.u.i.k.p.r.p.ForkedTestFileRunner Timeout watcher launched (1000 secs.) 
421        WARN  main            d.u.i.k.s.ProofSettings   The settings in /home/runner/.key/proof-settings.props are *not* read. 
472        INFO  main            d.u.i.k.p.r.p.TestFile    Now processing file /home/runner/work/key/key/key.core/../key.ui/examples/InformationFlow/NewObjects/object.AmtoftBanerjee3(object.AmtoftBanerjee3__m()).Non-interference contract.0.m.key 
600        INFO  main            d.u.i.k.p.i.AbstractProblemLoader Loading environment from /home/runner/work/key/key/key.core/../key.ui/examples/InformationFlow/NewObjects/object.AmtoftBanerjee3(object.AmtoftBanerjee3__m()).Non-interference contract.0.m.key 
622        DEBUG main            d.u.i.k.p.i.AbstractProblemLoader Environment load took 2.57ms 
885        INFO  main            d.u.i.k.p.i.AbstractProblemLoader Creating init config 
2027       DEBUG main            d.u.i.k.j.TypeConverter   No LDT found for Meta 
2028       DEBUG main            d.u.i.k.j.TypeConverter   No LDT found for Meta 
2031       DEBUG main            d.u.i.k.j.TypeConverter   No LDT found for Meta 
2032       DEBUG main            d.u.i.k.j.TypeConverter   No LDT found for Meta 
3855       DEBUG main            d.u.i.k.j.TypeConverter   No LDT found for JavaBigintExpression 
6927       DEBUG main            d.u.i.k.j.r.ClassPreparationMethodBuilder clPrepBuilder: Inner Class detected. Reject building class initialisation methods. 
9838       DEBUG main            d.u.i.k.p.i.AbstractProblemLoader Init config took 8.95s 
10065      INFO  main            d.u.i.k.p.i.AbstractProblemLoader Replaying proof object.AmtoftBanerjee3[object.AmtoftBanerjee3::m()].Non-interference contract.0 
10181      DEBUG main            d.u.i.k.p.i.IntermediateProofReplayer Proof replay took 423.42ns 
10261      DEBUG main            d.u.i.k.m.s.ProofScriptEngine 1: 'macro 'infflow-autopilot'' 
10665      DEBUG main            d.u.i.k.p.m.ProofCorrectnessMgt No justification found for rule Class_invariant_axiom_for_object_AmtoftBanerjee3 
11319      INFO  main            d.u.i.k.p.r.p.TestFile    ... finished proof: closed. 
11471      INFO  main            d.u.i.k.p.r.p.TestFile    Now processing file /home/runner/work/key/key/key.core/../key.ui/examples/InformationFlow/NewObjects/object.AmtoftBanerjee(object.AmtoftBanerjee__m_2()).Non-interference contract.0.m.key 
11472      INFO  main            d.u.i.k.p.i.AbstractProblemLoader Loading environment from /home/runner/work/key/key/key.core/../key.ui/examples/InformationFlow/NewObjects/object.AmtoftBanerjee(object.AmtoftBanerjee__m_2()).Non-interference contract.0.m.key 
11472      DEBUG main            d.u.i.k.p.i.AbstractProblemLoader Environment load took 337.42ns 
11475      INFO  main            d.u.i.k.p.i.AbstractProblemLoader Creating init config 
12762      DEBUG main            d.u.i.k.j.r.ClassPreparationMethodBuilder clPrepBuilder: Inner Class detected. Reject building class initialisation methods. 
15098      DEBUG main            d.u.i.k.p.i.AbstractProblemLoader Init config took 3.62s 
15170      INFO  main            d.u.i.k.p.i.AbstractProblemLoader Replaying proof object.AmtoftBanerjee[object.AmtoftBanerjee::m_2()].Non-interference contract.0 
15174      DEBUG main            d.u.i.k.p.i.IntermediateProofReplayer Proof replay took 54.7ns 
15175      DEBUG main            d.u.i.k.m.s.ProofScriptEngine 1: 'macro 'infflow-autopilot'' 
15712      DEBUG main            d.u.i.k.p.m.ProofCorrectnessMgt No justification found for rule Class_invariant_axiom_for_object_AmtoftBanerjee 
15714      DEBUG main            d.u.i.k.p.m.ProofCorrectnessMgt No justification found for rule Class_invariant_axiom_for_object_AmtoftBanerjee 
15813      DEBUG main            d.u.i.k.p.m.ProofCorrectnessMgt No justification found for rule Class_invariant_axiom_for_object_AmtoftBanerjee 
16411      INFO  main            d.u.i.k.p.r.p.TestFile    ... finished proof: closed. 
16588      INFO  main            d.u.i.k.p.r.p.TestFile    Now processing file /home/runner/work/key/key/key.core/../key.ui/examples/InformationFlow/NewObjects/object.AmtoftBanerjee(object.AmtoftBanerjee__m_1()).Non-interference contract.1.m.key 
16588      INFO  main            d.u.i.k.p.i.AbstractProblemLoader Loading environment from /home/runner/work/key/key/key.core/../key.ui/examples/InformationFlow/NewObjects/object.AmtoftBanerjee(object.AmtoftBanerjee__m_1()).Non-interference contract.1.m.key 
16589      DEBUG main            d.u.i.k.p.i.AbstractProblemLoader Environment load took 851.95ns 
16591      INFO  main            d.u.i.k.p.i.AbstractProblemLoader Creating init config 
17700      DEBUG main            d.u.i.k.j.r.ClassPreparationMethodBuilder clPrepBuilder: Inner Class detected. Reject building class initialisation methods. 
19873      DEBUG main            d.u.i.k.p.i.AbstractProblemLoader Init config took 3.28s 
19940      INFO  main            d.u.i.k.p.i.AbstractProblemLoader Replaying proof object.AmtoftBanerjee[object.AmtoftBanerjee::m_1()].Non-interference contract.1 
19943      DEBUG main            d.u.i.k.p.i.IntermediateProofReplayer Proof replay took 13.5ns 
19944      DEBUG main            d.u.i.k.m.s.ProofScriptEngine 1: 'macro 'infflow-autopilot'' 
20183      DEBUG main            d.u.i.k.p.m.ProofCorrectnessMgt No justification found for rule Class_invariant_axiom_for_object_AmtoftBanerjee 
20184      DEBUG main            d.u.i.k.p.m.ProofCorrectnessMgt No justification found for rule Class_invariant_axiom_for_object_AmtoftBanerjee 
20222      DEBUG main            d.u.i.k.p.m.ProofCorrectnessMgt No justification found for rule Class_invariant_axiom_for_object_AmtoftBanerjee 
20552      INFO  main            d.u.i.k.p.r.p.TestFile    ... finished proof: open goal(s) 
20739      INFO  main            d.u.i.k.p.r.p.TestFile    Now processing file /home/runner/work/key/key/key.core/../key.ui/examples/InformationFlow/NewObjects/object.AmtoftBanerjee(object.AmtoftBanerjee__m_1()).Non-interference contract.0.m.key 
20739      INFO  main            d.u.i.k.p.i.AbstractProblemLoader Loading environment from /home/runner/work/key/key/key.core/../key.ui/examples/InformationFlow/NewObjects/object.AmtoftBanerjee(object.AmtoftBanerjee__m_1()).Non-interference contract.0.m.key 
20739      DEBUG main            d.u.i.k.p.i.AbstractProblemLoader Environment load took 73.1ns 
20740      INFO  main            d.u.i.k.p.i.AbstractProblemLoader Creating init config 
21735      DEBUG main            d.u.i.k.j.r.ClassPreparationMethodBuilder clPrepBuilder: Inner Class detected. Reject building class initialisation methods. 
23946      DEBUG main            d.u.i.k.p.i.AbstractProblemLoader Init config took 3.21s 
24003      INFO  main            d.u.i.k.p.i.AbstractProblemLoader Replaying proof object.AmtoftBanerjee[object.AmtoftBanerjee::m_1()].Non-interference contract.0 
24006      DEBUG main            d.u.i.k.p.i.IntermediateProofReplayer Proof replay took 14.6ns 
24007      DEBUG main            d.u.i.k.m.s.ProofScriptEngine 1: 'macro 'infflow-autopilot'' 
24221      DEBUG main            d.u.i.k.p.m.ProofCorrectnessMgt No justification found for rule Class_invariant_axiom_for_object_AmtoftBanerjee 
24222      DEBUG main            d.u.i.k.p.m.ProofCorrectnessMgt No justification found for rule Class_invariant_axiom_for_object_AmtoftBanerjee 
24258      DEBUG main            d.u.i.k.p.m.ProofCorrectnessMgt No justification found for rule Class_invariant_axiom_for_object_AmtoftBanerjee 
24509      INFO  main            d.u.i.k.p.r.p.TestFile    ... finished proof: closed. 
24708      INFO  main            d.u.i.k.p.r.p.TestFile    Now processing file /home/runner/work/key/key/key.core/../key.ui/examples/InformationFlow/NewObjects/object.AmtoftBanerjee(object.AmtoftBanerjee__getQ()).Non-interference contract.0.m.key 
24709      INFO  main            d.u.i.k.p.i.AbstractProblemLoader Loading environment from /home/runner/work/key/key/key.core/../key.ui/examples/InformationFlow/NewObjects/object.AmtoftBanerjee(object.AmtoftBanerjee__getQ()).Non-interference contract.0.m.key 
24709      DEBUG main            d.u.i.k.p.i.AbstractProblemLoader Environment load took 663.84ns 
24711      INFO  main            d.u.i.k.p.i.AbstractProblemLoader Creating init config 
25739      DEBUG main            d.u.i.k.j.r.ClassPreparationMethodBuilder clPrepBuilder: Inner Class detected. Reject building class initialisation methods. 
27885      DEBUG main            d.u.i.k.p.i.AbstractProblemLoader Init config took 3.17s 
27956      INFO  main            d.u.i.k.p.i.AbstractProblemLoader Replaying proof object.AmtoftBanerjee[object.AmtoftBanerjee::getQ()].Non-interference contract.0 
27959      DEBUG main            d.u.i.k.p.i.IntermediateProofReplayer Proof replay took 32ns 
27960      DEBUG main            d.u.i.k.m.s.ProofScriptEngine 1: 'macro 'infflow-autopilot'' 
28006      DEBUG main            d.u.i.k.p.m.ProofCorrectnessMgt No justification found for rule Class_invariant_axiom_for_object_AmtoftBanerjee 
28105      INFO  main            d.u.i.k.p.r.p.TestFile    ... finished proof: closed. 
28274      INFO  main            d.u.i.k.p.r.p.TestFile    Now processing file /home/runner/work/key/key/key.core/../key.ui/examples/InformationFlow/NewObjects/object.Naumann(object.Naumann__Pair_m(int,int)).Non-interference contract.0.m.key 
28275      INFO  main            d.u.i.k.p.i.AbstractProblemLoader Loading environment from /home/runner/work/key/key/key.core/../key.ui/examples/InformationFlow/NewObjects/object.Naumann(object.Naumann__Pair_m(int,int)).Non-interference contract.0.m.key 
28275      DEBUG main            d.u.i.k.p.i.AbstractProblemLoader Environment load took 89.61ns 
28279      INFO  main            d.u.i.k.p.i.AbstractProblemLoader Creating init config 
29301      DEBUG main            d.u.i.k.j.r.ClassPreparationMethodBuilder clPrepBuilder: Inner Class detected. Reject building class initialisation methods. 
31442      DEBUG main            d.u.i.k.p.i.AbstractProblemLoader Init config took 3.16s 
31496      INFO  main            d.u.i.k.p.i.AbstractProblemLoader Replaying proof object.Naumann[object.Naumann::Pair_m(int,int)].Non-interference contract.0 
31499      DEBUG main            d.u.i.k.p.i.IntermediateProofReplayer Proof replay took 15.9ns 
31500      DEBUG main            d.u.i.k.m.s.ProofScriptEngine 1: 'macro 'infflow-autopilot'' 
46047      INFO  main            d.u.i.k.p.r.p.TestFile    ... finished proof: closed. 
46321      INFO  main            d.u.i.k.p.r.p.TestFile    Now processing file /home/runner/work/key/key/key.core/../key.ui/examples/InformationFlow/NewObjects/object.ObjectOrientation(object.ObjectOrientation__secure_while_i((Ljava.lang.Object)).Non-interference contract.0.m.key 
46321      INFO  main            d.u.i.k.p.i.AbstractProblemLoader Loading environment from /home/runner/work/key/key/key.core/../key.ui/examples/InformationFlow/NewObjects/object.ObjectOrientation(object.ObjectOrientation__secure_while_i((Ljava.lang.Object)).Non-interference contract.0.m.key 
46321      DEBUG main            d.u.i.k.p.i.AbstractProblemLoader Environment load took 82.7ns 
46323      INFO  main            d.u.i.k.p.i.AbstractProblemLoader Creating init config 
47356      DEBUG main            d.u.i.k.j.r.ClassPreparationMethodBuilder clPrepBuilder: Inner Class detected. Reject building class initialisation methods. 
49475      DEBUG main            d.u.i.k.p.i.AbstractProblemLoader Init config took 3.15s 
49548      INFO  main            d.u.i.k.p.i.AbstractProblemLoader Replaying proof object.ObjectOrientation[object.ObjectOrientation::secure_while_i([Ljava.lang.Object)].Non-interference contract.0 
49553      DEBUG main            d.u.i.k.p.i.IntermediateProofReplayer Proof replay took 18.4ns 
49555      DEBUG main            d.u.i.k.m.s.ProofScriptEngine 1: 'macro 'infflow-autopilot'' 
49624      DEBUG main            d.u.i.k.p.m.ProofCorrectnessMgt No justification found for rule Class_invariant_axiom_for_object_ObjectOrientation 
57035      INFO  main            d.u.i.k.p.r.p.TestFile    ... finished proof: closed. 
57373      INFO  main            d.u.i.k.p.r.p.TestFile    Now processing file /home/runner/work/key/key/key.core/../key.ui/examples/InformationFlow/NewObjects/object.ObjectOrientation(object.ObjectOrientation__secure_method_call()).Non-interference contract.0.m.key 
57373      INFO  main            d.u.i.k.p.i.AbstractProblemLoader Loading environment from /home/runner/work/key/key/key.core/../key.ui/examples/InformationFlow/NewObjects/object.ObjectOrientation(object.ObjectOrientation__secure_method_call()).Non-interference contract.0.m.key 
57373      DEBUG main            d.u.i.k.p.i.AbstractProblemLoader Environment load took 72.1ns 
57376      INFO  main            d.u.i.k.p.i.AbstractProblemLoader Creating init config 
58406      DEBUG main            d.u.i.k.j.r.ClassPreparationMethodBuilder clPrepBuilder: Inner Class detected. Reject building class initialisation methods. 
60515      DEBUG main            d.u.i.k.p.i.AbstractProblemLoader Init config took 3.14s 
60568      INFO  main            d.u.i.k.p.i.AbstractProblemLoader Replaying proof object.ObjectOrientation[object.ObjectOrientation::secure_method_call()].Non-interference contract.0 
60570      DEBUG main            d.u.i.k.p.i.IntermediateProofReplayer Proof replay took 15.6ns 
60571      DEBUG main            d.u.i.k.m.s.ProofScriptEngine 1: 'macro 'infflow-autopilot'' 
60612      DEBUG main            d.u.i.k.p.m.ProofCorrectnessMgt No justification found for rule Class_invariant_axiom_for_object_ObjectOrientation 
60656      DEBUG main            d.u.i.k.p.m.ProofCorrectnessMgt No justification found for rule Class_invariant_axiom_for_object_ObjectOrientation 
60684      DEBUG main            d.u.i.k.p.m.ProofCorrectnessMgt No justification found for rule Class_invariant_axiom_for_object_ObjectOrientation 
60739      DEBUG main            d.u.i.k.p.m.ProofCorrectnessMgt No justification found for rule Class_invariant_axiom_for_object_ObjectOrientation 
61162      INFO  main            d.u.i.k.p.r.p.TestFile    ... finished proof: closed. 
61369      INFO  main            d.u.i.k.p.r.p.TestFile    Now processing file /home/runner/work/key/key/key.core/../key.ui/examples/InformationFlow/NewObjects/object.ObjectOrientation(object.ObjectOrientation__if_two_object_creation_next()).Non-interference contract.1.m.key 
61369      INFO  main            d.u.i.k.p.i.AbstractProblemLoader Loading environment from /home/runner/work/key/key/key.core/../key.ui/examples/InformationFlow/NewObjects/object.ObjectOrientation(object.ObjectOrientation__if_two_object_creation_next()).Non-interference contract.1.m.key 
61369      DEBUG main            d.u.i.k.p.i.AbstractProblemLoader Environment load took 81.7ns 
61370      INFO  main            d.u.i.k.p.i.AbstractProblemLoader Creating init config 
62458      DEBUG main            d.u.i.k.j.r.ClassPreparationMethodBuilder clPrepBuilder: Inner Class detected. Reject building class initialisation methods. 
64566      DEBUG main            d.u.i.k.p.i.AbstractProblemLoader Init config took 3.2s 
64616      INFO  main            d.u.i.k.p.i.AbstractProblemLoader Replaying proof object.ObjectOrientation[object.ObjectOrientation::if_two_object_creation_next()].Non-interference contract.1 
64619      DEBUG main            d.u.i.k.p.i.IntermediateProofReplayer Proof replay took 16.8ns 
64620      DEBUG main            d.u.i.k.m.s.ProofScriptEngine 1: 'macro 'infflow-autopilot'' 
64658      DEBUG main            d.u.i.k.p.m.ProofCorrectnessMgt No justification found for rule Class_invariant_axiom_for_object_ObjectOrientation 
103247     INFO  main            d.u.i.k.p.r.p.TestFile    ... finished proof: open goal(s) 
103548     INFO  main            d.u.i.k.p.r.p.TestFile    Now processing file /home/runner/work/key/key/key.core/../key.ui/examples/InformationFlow/NewObjects/object.ObjectOrientation(object.ObjectOrientation__if_two_object_creation_next()).Non-interference contract.0.m.key 
103549     INFO  main            d.u.i.k.p.i.AbstractProblemLoader Loading environment from /home/runner/work/key/key/key.core/../key.ui/examples/InformationFlow/NewObjects/object.ObjectOrientation(object.ObjectOrientation__if_two_object_creation_next()).Non-interference contract.0.m.key 
103549     DEBUG main            d.u.i.k.p.i.AbstractProblemLoader Environment load took 75.2ns 
103550     INFO  main            d.u.i.k.p.i.AbstractProblemLoader Creating init config 
104526     DEBUG main            d.u.i.k.j.r.ClassPreparationMethodBuilder clPrepBuilder: Inner Class detected. Reject building class initialisation methods. 
106622     DEBUG main            d.u.i.k.p.i.AbstractProblemLoader Init config took 3.07s 
106671     INFO  main            d.u.i.k.p.i.AbstractProblemLoader Replaying proof object.ObjectOrientation[object.ObjectOrientation::if_two_object_creation_next()].Non-interference contract.0 
106673     DEBUG main            d.u.i.k.p.i.IntermediateProofReplayer Proof replay took 17.6ns 
106674     DEBUG main            d.u.i.k.m.s.ProofScriptEngine 1: 'macro 'infflow-autopilot'' 
106712     DEBUG main            d.u.i.k.p.m.ProofCorrectnessMgt No justification found for rule Class_invariant_axiom_for_object_ObjectOrientation 
122587     INFO  main            d.u.i.k.p.r.p.TestFile    ... finished proof: closed. 
122951     INFO  main            d.u.i.k.p.r.p.TestFile    Now processing file /home/runner/work/key/key/key.core/../key.ui/examples/InformationFlow/NewObjects/object.ObjectOrientation(object.ObjectOrientation__secure_if_two_object_creation()).Non-interference contract.0.m.key 
122951     INFO  main            d.u.i.k.p.i.AbstractProblemLoader Loading environment from /home/runner/work/key/key/key.core/../key.ui/examples/InformationFlow/NewObjects/object.ObjectOrientation(object.ObjectOrientation__secure_if_two_object_creation()).Non-interference contract.0.m.key 
122951     DEBUG main            d.u.i.k.p.i.AbstractProblemLoader Environment load took 78.6ns 
122953     INFO  main            d.u.i.k.p.i.AbstractProblemLoader Creating init config 
123916     DEBUG main            d.u.i.k.j.r.ClassPreparationMethodBuilder clPrepBuilder: Inner Class detected. Reject building class initialisation methods. 
125975     DEBUG main            d.u.i.k.p.i.AbstractProblemLoader Init config took 3.02s 
126023     INFO  main            d.u.i.k.p.i.AbstractProblemLoader Replaying proof object.ObjectOrientation[object.ObjectOrientation::secure_if_two_object_creation()].Non-interference contract.0 
126026     DEBUG main            d.u.i.k.p.i.IntermediateProofReplayer Proof replay took 15.5ns 
126027     DEBUG main            d.u.i.k.m.s.ProofScriptEngine 1: 'macro 'infflow-autopilot'' 
126063     DEBUG main            d.u.i.k.p.m.ProofCorrectnessMgt No justification found for rule Class_invariant_axiom_for_object_ObjectOrientation 
141769     INFO  main            d.u.i.k.p.r.p.TestFile    ... finished proof: closed. 
142070     INFO  main            d.u.i.k.p.r.p.TestFile    Now processing file /home/runner/work/key/key/key.core/../key.ui/examples/InformationFlow/NewObjects/object.ObjectOrientation(object.ObjectOrientation__insecure_two_object_creation()).Non-interference contract.0.m.key 
142071     INFO  main            d.u.i.k.p.i.AbstractProblemLoader Loading environment from /home/runner/work/key/key/key.core/../key.ui/examples/InformationFlow/NewObjects/object.ObjectOrientation(object.ObjectOrientation__insecure_two_object_creation()).Non-interference contract.0.m.key 
142071     DEBUG main            d.u.i.k.p.i.AbstractProblemLoader Environment load took 71ns 
142073     INFO  main            d.u.i.k.p.i.AbstractProblemLoader Creating init config 
143050     DEBUG main            d.u.i.k.j.r.ClassPreparationMethodBuilder clPrepBuilder: Inner Class detected. Reject building class initialisation methods. 
145119     DEBUG main            d.u.i.k.p.i.AbstractProblemLoader Init config took 3.05s 
145167     INFO  main            d.u.i.k.p.i.AbstractProblemLoader Replaying proof object.ObjectOrientation[object.ObjectOrientation::insecure_two_object_creation()].Non-interference contract.0 
145170     DEBUG main            d.u.i.k.p.i.IntermediateProofReplayer Proof replay took 17.6ns 
145170     DEBUG main            d.u.i.k.m.s.ProofScriptEngine 1: 'macro 'infflow-autopilot'' 
145235     DEBUG main            d.u.i.k.p.m.ProofCorrectnessMgt No justification found for rule Class_invariant_axiom_for_object_ObjectOrientation 
182669     INFO  main            d.u.i.k.p.r.p.TestFile    ... finished proof: open goal(s) 
183005     INFO  main            d.u.i.k.p.r.p.TestFile    Now processing file /home/runner/work/key/key/key.core/../key.ui/examples/InformationFlow/NewObjects/object.ObjectOrientation(object.ObjectOrientation__secure_two_object_creation()).Non-interference contract.0.m.key 
183005     INFO  main            d.u.i.k.p.i.AbstractProblemLoader Loading environment from /home/runner/work/key/key/key.core/../key.ui/examples/InformationFlow/NewObjects/object.ObjectOrientation(object.ObjectOrientation__secure_two_object_creation()).Non-interference contract.0.m.key 
183005     DEBUG main            d.u.i.k.p.i.AbstractProblemLoader Environment load took 71.7ns 
183006     INFO  main            d.u.i.k.p.i.AbstractProblemLoader Creating init config 
183980     DEBUG main            d.u.i.k.j.r.ClassPreparationMethodBuilder clPrepBuilder: Inner Class detected. Reject building class initialisation methods. 
186044     DEBUG main            d.u.i.k.p.i.AbstractProblemLoader Init config took 3.04s 
186089     INFO  main            d.u.i.k.p.i.AbstractProblemLoader Replaying proof object.ObjectOrientation[object.ObjectOrientation::secure_two_object_creation()].Non-interference contract.0 
186092     DEBUG main            d.u.i.k.p.i.IntermediateProofReplayer Proof replay took 16.4ns 
186093     DEBUG main            d.u.i.k.m.s.ProofScriptEngine 1: 'macro 'infflow-autopilot'' 
186128     DEBUG main            d.u.i.k.p.m.ProofCorrectnessMgt No justification found for rule Class_invariant_axiom_for_object_ObjectOrientation 
198848     INFO  main            d.u.i.k.p.r.p.TestFile    ... finished proof: closed. 
199194     INFO  main            d.u.i.k.p.r.p.TestFile    Now processing file /home/runner/work/key/key/key.core/../key.ui/examples/InformationFlow/NewObjects/object.ObjectOrientation(object.ObjectOrientation__insecure_object_assignment()).Non-interference contract.1.m.key 
199194     INFO  main            d.u.i.k.p.i.AbstractProblemLoader Loading environment from /home/runner/work/key/key/key.core/../key.ui/examples/InformationFlow/NewObjects/object.ObjectOrientation(object.ObjectOrientation__insecure_object_assignment()).Non-interference contract.1.m.key 
199194     DEBUG main            d.u.i.k.p.i.AbstractProblemLoader Environment load took 76.4ns 
199196     INFO  main            d.u.i.k.p.i.AbstractProblemLoader Creating init config 
200170     DEBUG main            d.u.i.k.j.r.ClassPreparationMethodBuilder clPrepBuilder: Inner Class detected. Reject building class initialisation methods. 
202193     DEBUG main            d.u.i.k.p.i.AbstractProblemLoader Init config took 3s 
202239     INFO  main            d.u.i.k.p.i.AbstractProblemLoader Replaying proof object.ObjectOrientation[object.ObjectOrientation::insecure_object_assignment()].Non-interference contract.1 
202242     DEBUG main            d.u.i.k.p.i.IntermediateProofReplayer Proof replay took 17.1ns 
202242     DEBUG main            d.u.i.k.m.s.ProofScriptEngine 1: 'macro 'infflow-autopilot'' 
202277     DEBUG main            d.u.i.k.p.m.ProofCorrectnessMgt No justification found for rule Class_invariant_axiom_for_object_ObjectOrientation 
213244     INFO  main            d.u.i.k.p.r.p.TestFile    ... finished proof: open goal(s) 
213504     INFO  main            d.u.i.k.p.r.p.TestFile    Now processing file /home/runner/work/key/key/key.core/../key.ui/examples/InformationFlow/NewObjects/object.ObjectOrientation(object.ObjectOrientation__insecure_object_assignment()).Non-interference contract.0.m.key 
213505     INFO  main            d.u.i.k.p.i.AbstractProblemLoader Loading environment from /home/runner/work/key/key/key.core/../key.ui/examples/InformationFlow/NewObjects/object.ObjectOrientation(object.ObjectOrientation__insecure_object_assignment()).Non-interference contract.0.m.key 
213505     DEBUG main            d.u.i.k.p.i.AbstractProblemLoader Environment load took 89.5ns 
213506     INFO  main            d.u.i.k.p.i.AbstractProblemLoader Creating init config 
214503     DEBUG main            d.u.i.k.j.r.ClassPreparationMethodBuilder clPrepBuilder: Inner Class detected. Reject building class initialisation methods. 
216556     DEBUG main            d.u.i.k.p.i.AbstractProblemLoader Init config took 3.05s 
216601     INFO  main            d.u.i.k.p.i.AbstractProblemLoader Replaying proof object.ObjectOrientation[object.ObjectOrientation::insecure_object_assignment()].Non-interference contract.0 
216603     DEBUG main            d.u.i.k.p.i.IntermediateProofReplayer Proof replay took 18.2ns 
216604     DEBUG main            d.u.i.k.m.s.ProofScriptEngine 1: 'macro 'infflow-autopilot'' 
216639     DEBUG main            d.u.i.k.p.m.ProofCorrectnessMgt No justification found for rule Class_invariant_axiom_for_object_ObjectOrientation 
216904     INFO  main            d.u.i.k.p.r.p.TestFile    ... finished proof: open goal(s) 
217205     INFO  main            d.u.i.k.p.r.p.TestFile    Now processing file /home/runner/work/key/key/key.core/../key.ui/examples/InformationFlow/NewObjects/object.ObjectOrientation(object.ObjectOrientation__secure_object_creation_3()).Non-interference contract.0.m.key 
217205     INFO  main            d.u.i.k.p.i.AbstractProblemLoader Loading environment from /home/runner/work/key/key/key.core/../key.ui/examples/InformationFlow/NewObjects/object.ObjectOrientation(object.ObjectOrientation__secure_object_creation_3()).Non-interference contract.0.m.key 
217205     DEBUG main            d.u.i.k.p.i.AbstractProblemLoader Environment load took 77.8ns 
217206     INFO  main            d.u.i.k.p.i.AbstractProblemLoader Creating init config 
218166     DEBUG main            d.u.i.k.j.r.ClassPreparationMethodBuilder clPrepBuilder: Inner Class detected. Reject building class initialisation methods. 
220198     DEBUG main            d.u.i.k.p.i.AbstractProblemLoader Init config took 2.99s 
220244     INFO  main            d.u.i.k.p.i.AbstractProblemLoader Replaying proof object.ObjectOrientation[object.ObjectOrientation::secure_object_creation_3()].Non-interference contract.0 
220246     DEBUG main            d.u.i.k.p.i.IntermediateProofReplayer Proof replay took 17.1ns 
220247     DEBUG main            d.u.i.k.m.s.ProofScriptEngine 1: 'macro 'infflow-autopilot'' 
220284     DEBUG main            d.u.i.k.p.m.ProofCorrectnessMgt No justification found for rule Class_invariant_axiom_for_object_ObjectOrientation 
220783     INFO  main            d.u.i.k.p.r.p.TestFile    ... finished proof: closed. 
221016     INFO  main            d.u.i.k.p.r.p.TestFile    Now processing file /home/runner/work/key/key/key.core/../key.ui/examples/InformationFlow/NewObjects/object.ObjectOrientation(object.ObjectOrientation__secure_object_creation_2()).Non-interference contract.0.m.key 
221017     INFO  main            d.u.i.k.p.i.AbstractProblemLoader Loading environment from /home/runner/work/key/key/key.core/../key.ui/examples/InformationFlow/NewObjects/object.ObjectOrientation(object.ObjectOrientation__secure_object_creation_2()).Non-interference contract.0.m.key 
221017     DEBUG main            d.u.i.k.p.i.AbstractProblemLoader Environment load took 89.4ns 
221018     INFO  main            d.u.i.k.p.i.AbstractProblemLoader Creating init config 
221983     DEBUG main            d.u.i.k.j.r.ClassPreparationMethodBuilder clPrepBuilder: Inner Class detected. Reject building class initialisation methods. 
224051     DEBUG main            d.u.i.k.p.i.AbstractProblemLoader Init config took 3.03s 
224097     INFO  main            d.u.i.k.p.i.AbstractProblemLoader Replaying proof object.ObjectOrientation[object.ObjectOrientation::secure_object_creation_2()].Non-interference contract.0 
224100     DEBUG main            d.u.i.k.p.i.IntermediateProofReplayer Proof replay took 16.5ns 
224100     DEBUG main            d.u.i.k.m.s.ProofScriptEngine 1: 'macro 'infflow-autopilot'' 
224136     DEBUG main            d.u.i.k.p.m.ProofCorrectnessMgt No justification found for rule Class_invariant_axiom_for_object_ObjectOrientation 
224476     INFO  main            d.u.i.k.p.r.p.TestFile    ... finished proof: closed. 
224705     INFO  main            d.u.i.k.p.r.p.TestFile    Now processing file /home/runner/work/key/key/key.core/../key.ui/examples/InformationFlow/NewObjects/object.ObjectOrientation(object.ObjectOrientation__secure_object_creation()).Non-interference contract.0.m.key 
224705     INFO  main            d.u.i.k.p.i.AbstractProblemLoader Loading environment from /home/runner/work/key/key/key.core/../key.ui/examples/InformationFlow/NewObjects/object.ObjectOrientation(object.ObjectOrientation__secure_object_creation()).Non-interference contract.0.m.key 
224705     DEBUG main            d.u.i.k.p.i.AbstractProblemLoader Environment load took 82.4ns 
224706     INFO  main            d.u.i.k.p.i.AbstractProblemLoader Creating init config 
225671     DEBUG main            d.u.i.k.j.r.ClassPreparationMethodBuilder clPrepBuilder: Inner Class detected. Reject building class initialisation methods. 
227718     DEBUG main            d.u.i.k.p.i.AbstractProblemLoader Init config took 3.01s 
227763     INFO  main            d.u.i.k.p.i.AbstractProblemLoader Replaying proof object.ObjectOrientation[object.ObjectOrientation::secure_object_creation()].Non-interference contract.0 
227765     DEBUG main            d.u.i.k.p.i.IntermediateProofReplayer Proof replay took 15.9ns 
227766     DEBUG main            d.u.i.k.m.s.ProofScriptEngine 1: 'macro 'infflow-autopilot'' 
227801     DEBUG main            d.u.i.k.p.m.ProofCorrectnessMgt No justification found for rule Class_invariant_axiom_for_object_ObjectOrientation 
228255     INFO  main            d.u.i.k.p.r.p.TestFile    ... finished proof: closed. 
228488     INFO  main            d.u.i.k.p.r.p.TestFile    Now processing file /home/runner/work/key/key/key.core/../key.ui/examples/InformationFlow/NewObjects/object.AmtoftBanerjee2(object.AmtoftBanerjee2__expensive(int)).Non-interference contract.0.m.key 
228489     INFO  main            d.u.i.k.p.i.AbstractProblemLoader Loading environment from /home/runner/work/key/key/key.core/../key.ui/examples/InformationFlow/NewObjects/object.AmtoftBanerjee2(object.AmtoftBanerjee2__expensive(int)).Non-interference contract.0.m.key 
228489     DEBUG main            d.u.i.k.p.i.AbstractProblemLoader Environment load took 79.11ns 
228490     INFO  main            d.u.i.k.p.i.AbstractProblemLoader Creating init config 
229480     DEBUG main            d.u.i.k.j.r.ClassPreparationMethodBuilder clPrepBuilder: Inner Class detected. Reject building class initialisation methods. 
231582     DEBUG main            d.u.i.k.p.i.AbstractProblemLoader Init config took 3.09s 
231629     INFO  main            d.u.i.k.p.i.AbstractProblemLoader Replaying proof object.AmtoftBanerjee2[object.AmtoftBanerjee2::expensive(int)].Non-interference contract.0 
231632     DEBUG main            d.u.i.k.p.i.IntermediateProofReplayer Proof replay took 16.1ns 
231632     DEBUG main            d.u.i.k.m.s.ProofScriptEngine 1: 'macro 'infflow-autopilot'' 
231740     INFO  main            d.u.i.k.p.r.p.TestFile    ... finished proof: closed. 
231968     INFO  main            d.u.i.k.p.r.p.TestFile    Now processing file /home/runner/work/key/key/key.core/../key.ui/examples/InformationFlow/NewObjects/object.AmtoftBanerjee2(object.AmtoftBanerjee2__cexp(int)).Non-interference contract.0.m.key 
231969     INFO  main            d.u.i.k.p.i.AbstractProblemLoader Loading environment from /home/runner/work/key/key/key.core/../key.ui/examples/InformationFlow/NewObjects/object.AmtoftBanerjee2(object.AmtoftBanerjee2__cexp(int)).Non-interference contract.0.m.key 
231969     DEBUG main            d.u.i.k.p.i.AbstractProblemLoader Environment load took 81.6ns 
231974     INFO  main            d.u.i.k.p.i.AbstractProblemLoader Creating init config 
232962     DEBUG main            d.u.i.k.j.r.ClassPreparationMethodBuilder clPrepBuilder: Inner Class detected. Reject building class initialisation methods. 
235027     DEBUG main            d.u.i.k.p.i.AbstractProblemLoader Init config took 3.05s 
235073     INFO  main            d.u.i.k.p.i.AbstractProblemLoader Replaying proof object.AmtoftBanerjee2[object.AmtoftBanerjee2::cexp(int)].Non-interference contract.0 
235076     DEBUG main            d.u.i.k.p.i.IntermediateProofReplayer Proof replay took 17.1ns 
235077     DEBUG main            d.u.i.k.m.s.ProofScriptEngine 1: 'macro 'infflow-autopilot'' 
235114     DEBUG main            d.u.i.k.p.m.ProofCorrectnessMgt No justification found for rule Class_invariant_axiom_for_object_AmtoftBanerjee2 
236990     INFO  main            d.u.i.k.p.r.p.TestFile    ... finished proof: closed. 
3140060    INFO  Test worker     d.u.i.k.p.r.p.StatisticsFile Returning from test NewObjects_fullmacro 
3140070    INFO  Test worker     d.u.i.k.p.r.p.StatisticsFile Running test SimpleEvoting_fullmacro 
410        INFO  Timeout watchdog d.u.i.k.p.r.p.ForkedTestFileRunner Timeout watcher launched (1000 secs.) 
428        WARN  main            d.u.i.k.s.ProofSettings   The settings in /home/runner/.key/proof-settings.props are *not* read. 
479        INFO  main            d.u.i.k.p.r.p.TestFile    Now processing file /home/runner/work/key/key/key.core/../key.ui/examples/InformationFlow/SimpleEvoting/simple_evoting.Environment(simple_evoting.Environment__untrustedOutputMessage((B)).Non-interference contract.0.m.key 
631        INFO  main            d.u.i.k.p.i.AbstractProblemLoader Loading environment from /home/runner/work/key/key/key.core/../key.ui/examples/InformationFlow/SimpleEvoting/simple_evoting.Environment(simple_evoting.Environment__untrustedOutputMessage((B)).Non-interference contract.0.m.key 
665        DEBUG main            d.u.i.k.p.i.AbstractProblemLoader Environment load took 2.28ms 
931        INFO  main            d.u.i.k.p.i.AbstractProblemLoader Creating init config 
1966       DEBUG main            d.u.i.k.j.TypeConverter   No LDT found for Meta 
1966       DEBUG main            d.u.i.k.j.TypeConverter   No LDT found for Meta 
1967       DEBUG main            d.u.i.k.j.TypeConverter   No LDT found for Meta 
1968       DEBUG main            d.u.i.k.j.TypeConverter   No LDT found for Meta 
3482       DEBUG main            d.u.i.k.j.TypeConverter   No LDT found for JavaBigintExpression 
10016      DEBUG main            d.u.i.k.p.i.AbstractProblemLoader Init config took 9.08s 
10274      INFO  main            d.u.i.k.p.i.AbstractProblemLoader Replaying proof simple_evoting.Environment[simple_evoting.Environment::untrustedOutputMessage([B)].Non-interference contract.0 
10364      DEBUG main            d.u.i.k.p.i.IntermediateProofReplayer Proof replay took 403.82ns 
10443      DEBUG main            d.u.i.k.m.s.ProofScriptEngine 1: 'macro 'infflow-autopilot'' 
11078      DEBUG main            d.u.i.k.p.m.ProofCorrectnessMgt No justification found for rule JML_represents_clause_for_simple_evoting_Environment_rep 
11289      DEBUG main            d.u.i.k.p.m.ProofCorrectnessMgt No justification found for rule JML_represents_clause_for_simple_evoting_Environment_rep 
12521      DEBUG main            d.u.i.k.p.m.ProofCorrectnessMgt No justification found for rule JML_represents_clause_for_simple_evoting_Environment_rep 
13154      DEBUG main            d.u.i.k.p.m.ProofCorrectnessMgt No justification found for rule JML_represents_clause_for_simple_evoting_Environment_rep 
14585      DEBUG main            d.u.i.k.p.m.ProofCorrectnessMgt No justification found for rule JML_represents_clause_for_simple_evoting_Environment_rep 
17180      INFO  main            d.u.i.k.p.r.p.TestFile    ... finished proof: closed. 
17411      INFO  main            d.u.i.k.p.r.p.TestFile    Now processing file /home/runner/work/key/key/key.core/../key.ui/examples/InformationFlow/SimpleEvoting/simple_evoting.Environment(simple_evoting.Environment__untrustedInputMessage()).Non-interference contract.0.m.key 
17412      INFO  main            d.u.i.k.p.i.AbstractProblemLoader Loading environment from /home/runner/work/key/key/key.core/../key.ui/examples/InformationFlow/SimpleEvoting/simple_evoting.Environment(simple_evoting.Environment__untrustedInputMessage()).Non-interference contract.0.m.key 
17412      DEBUG main            d.u.i.k.p.i.AbstractProblemLoader Environment load took 392.12ns 
17416      INFO  main            d.u.i.k.p.i.AbstractProblemLoader Creating init config 
21483      DEBUG main            d.u.i.k.p.i.AbstractProblemLoader Init config took 4.07s 
21562      INFO  main            d.u.i.k.p.i.AbstractProblemLoader Replaying proof simple_evoting.Environment[simple_evoting.Environment::untrustedInputMessage()].Non-interference contract.0 
21565      DEBUG main            d.u.i.k.p.i.IntermediateProofReplayer Proof replay took 14.3ns 
21566      DEBUG main            d.u.i.k.m.s.ProofScriptEngine 1: 'macro 'infflow-autopilot'' 
21645      DEBUG main            d.u.i.k.p.m.ProofCorrectnessMgt No justification found for rule JML_represents_clause_for_simple_evoting_Environment_rep 
21878      DEBUG main            d.u.i.k.p.m.ProofCorrectnessMgt No justification found for rule JML_represents_clause_for_simple_evoting_Environment_rep 
24813      INFO  main            d.u.i.k.p.r.p.TestFile    ... finished proof: closed. 
25041      INFO  main            d.u.i.k.p.r.p.TestFile    Now processing file /home/runner/work/key/key/key.core/../key.ui/examples/InformationFlow/SimpleEvoting/simple_evoting.Environment(simple_evoting.Environment__untrustedOutput(int)).Non-interference contract.0.m.key 
25041      INFO  main            d.u.i.k.p.i.AbstractProblemLoader Loading environment from /home/runner/work/key/key/key.core/../key.ui/examples/InformationFlow/SimpleEvoting/simple_evoting.Environment(simple_evoting.Environment__untrustedOutput(int)).Non-interference contract.0.m.key 
25041      DEBUG main            d.u.i.k.p.i.AbstractProblemLoader Environment load took 88.7ns 
25043      INFO  main            d.u.i.k.p.i.AbstractProblemLoader Creating init config 
28774      DEBUG main            d.u.i.k.p.i.AbstractProblemLoader Init config took 3.73s 
28845      INFO  main            d.u.i.k.p.i.AbstractProblemLoader Replaying proof simple_evoting.Environment[simple_evoting.Environment::untrustedOutput(int)].Non-interference contract.0 
28848      DEBUG main            d.u.i.k.p.i.IntermediateProofReplayer Proof replay took 14.1ns 
28849      DEBUG main            d.u.i.k.m.s.ProofScriptEngine 1: 'macro 'infflow-autopilot'' 
28939      INFO  main            d.u.i.k.p.r.p.TestFile    ... finished proof: closed. 
29193      INFO  main            d.u.i.k.p.r.p.TestFile    Now processing file /home/runner/work/key/key/key.core/../key.ui/examples/InformationFlow/SimpleEvoting/simple_evoting.Environment(simple_evoting.Environment__untrustedInput(int)).Non-interference contract.0.m.key 
29193      INFO  main            d.u.i.k.p.i.AbstractProblemLoader Loading environment from /home/runner/work/key/key/key.core/../key.ui/examples/InformationFlow/SimpleEvoting/simple_evoting.Environment(simple_evoting.Environment__untrustedInput(int)).Non-interference contract.0.m.key 
29193      DEBUG main            d.u.i.k.p.i.AbstractProblemLoader Environment load took 99.01ns 
29194      INFO  main            d.u.i.k.p.i.AbstractProblemLoader Creating init config 
32883      DEBUG main            d.u.i.k.p.i.AbstractProblemLoader Init config took 3.69s 
32951      INFO  main            d.u.i.k.p.i.AbstractProblemLoader Replaying proof simple_evoting.Environment[simple_evoting.Environment::untrustedInput(int)].Non-interference contract.0 
32955      DEBUG main            d.u.i.k.p.i.IntermediateProofReplayer Proof replay took 16.4ns 
32956      DEBUG main            d.u.i.k.m.s.ProofScriptEngine 1: 'macro 'infflow-autopilot'' 
33072      INFO  main            d.u.i.k.p.r.p.TestFile    ... finished proof: open goal(s) 
33246      INFO  main            d.u.i.k.p.r.p.TestFile    Now processing file /home/runner/work/key/key/key.core/../key.ui/examples/InformationFlow/SimpleEvoting/simple_evoting.Environment(simple_evoting.Environment__untrustedInput()).Non-interference contract.0.m.key 
33247      INFO  main            d.u.i.k.p.i.AbstractProblemLoader Loading environment from /home/runner/work/key/key/key.core/../key.ui/examples/InformationFlow/SimpleEvoting/simple_evoting.Environment(simple_evoting.Environment__untrustedInput()).Non-interference contract.0.m.key 
33247      DEBUG main            d.u.i.k.p.i.AbstractProblemLoader Environment load took 98.81ns 
33248      INFO  main            d.u.i.k.p.i.AbstractProblemLoader Creating init config 
36898      DEBUG main            d.u.i.k.p.i.AbstractProblemLoader Init config took 3.65s 
36981      INFO  main            d.u.i.k.p.i.AbstractProblemLoader Replaying proof simple_evoting.Environment[simple_evoting.Environment::untrustedInput()].Non-interference contract.0 
36984      DEBUG main            d.u.i.k.p.i.IntermediateProofReplayer Proof replay took 18.7ns 
36985      DEBUG main            d.u.i.k.m.s.ProofScriptEngine 1: 'macro 'infflow-autopilot'' 
37100      INFO  main            d.u.i.k.p.r.p.TestFile    ... finished proof: open goal(s) 
37293      INFO  main            d.u.i.k.p.r.p.TestFile    Now processing file /home/runner/work/key/key/key.core/../key.ui/examples/InformationFlow/SimpleEvoting/simple_evoting.SMT(simple_evoting.SMT__send(simple_evoting.Message,int,simple_evoting.Server)).Non-interference contract.1.m.key 
37293      INFO  main            d.u.i.k.p.i.AbstractProblemLoader Loading environment from /home/runner/work/key/key/key.core/../key.ui/examples/InformationFlow/SimpleEvoting/simple_evoting.SMT(simple_evoting.SMT__send(simple_evoting.Message,int,simple_evoting.Server)).Non-interference contract.1.m.key 
37293      DEBUG main            d.u.i.k.p.i.AbstractProblemLoader Environment load took 90.7ns 
37295      INFO  main            d.u.i.k.p.i.AbstractProblemLoader Creating init config 
40958      DEBUG main            d.u.i.k.p.i.AbstractProblemLoader Init config took 3.66s 
41023      INFO  main            d.u.i.k.p.i.AbstractProblemLoader Replaying proof simple_evoting.SMT[simple_evoting.SMT::send(simple_evoting.Message,int,simple_evoting.Server)].Non-interference contract.1 
41026      DEBUG main            d.u.i.k.p.i.IntermediateProofReplayer Proof replay took 18ns 
41027      DEBUG main            d.u.i.k.m.s.ProofScriptEngine 1: 'macro 'infflow-autopilot'' 
41089      DEBUG main            d.u.i.k.p.m.ProofCorrectnessMgt No justification found for rule Class_invariant_axiom_for_simple_evoting_Server 
41098      DEBUG main            d.u.i.k.p.m.ProofCorrectnessMgt No justification found for rule Class_invariant_axiom_for_simple_evoting_Message 
41147      DEBUG main            d.u.i.k.p.m.ProofCorrectnessMgt No justification found for rule JML_represents_clause_for_simple_evoting_Environment_rep 
41492      DEBUG main            d.u.i.k.p.m.ProofCorrectnessMgt No justification found for rule Class_invariant_axiom_for_simple_evoting_Server 
41593      DEBUG main            d.u.i.k.p.m.ProofCorrectnessMgt No justification found for rule Class_invariant_axiom_for_simple_evoting_Message 
41633      DEBUG main            d.u.i.k.p.m.ProofCorrectnessMgt No justification found for rule Class_invariant_axiom_for_simple_evoting_Server 
41678      DEBUG main            d.u.i.k.p.m.ProofCorrectnessMgt No justification found for rule Class_invariant_axiom_for_simple_evoting_Message 
43006      DEBUG main            d.u.i.k.p.m.ProofCorrectnessMgt No justification found for rule Class_invariant_axiom_for_simple_evoting_Message 
43108      DEBUG main            d.u.i.k.p.m.ProofCorrectnessMgt No justification found for rule Class_invariant_axiom_for_simple_evoting_Server 
43262      DEBUG main            d.u.i.k.p.m.ProofCorrectnessMgt No justification found for rule Class_invariant_axiom_for_simple_evoting_Server 
43348      DEBUG main            d.u.i.k.p.m.ProofCorrectnessMgt No justification found for rule Class_invariant_axiom_for_simple_evoting_Server 
43412      DEBUG main            d.u.i.k.p.m.ProofCorrectnessMgt No justification found for rule Class_invariant_axiom_for_simple_evoting_Message 
43437      DEBUG main            d.u.i.k.p.m.ProofCorrectnessMgt No justification found for rule Class_invariant_axiom_for_simple_evoting_Server 
43493      DEBUG main            d.u.i.k.p.m.ProofCorrectnessMgt No justification found for rule Class_invariant_axiom_for_simple_evoting_Message 
43576      DEBUG main            d.u.i.k.p.m.ProofCorrectnessMgt No justification found for rule Class_invariant_axiom_for_simple_evoting_Server 
43656      DEBUG main            d.u.i.k.p.m.ProofCorrectnessMgt No justification found for rule Class_invariant_axiom_for_simple_evoting_Message 
43689      DEBUG main            d.u.i.k.p.m.ProofCorrectnessMgt No justification found for rule Class_invariant_axiom_for_simple_evoting_Server 
43745      DEBUG main            d.u.i.k.p.m.ProofCorrectnessMgt No justification found for rule Class_invariant_axiom_for_simple_evoting_Server 
43827      DEBUG main            d.u.i.k.p.m.ProofCorrectnessMgt No justification found for rule Class_invariant_axiom_for_simple_evoting_Server 
43907      DEBUG main            d.u.i.k.p.m.ProofCorrectnessMgt No justification found for rule Class_invariant_axiom_for_simple_evoting_Message 
43930      DEBUG main            d.u.i.k.p.m.ProofCorrectnessMgt No justification found for rule Class_invariant_axiom_for_simple_evoting_Message 
43960      DEBUG main            d.u.i.k.p.m.ProofCorrectnessMgt No justification found for rule Class_invariant_axiom_for_simple_evoting_Server 
44018      DEBUG main            d.u.i.k.p.m.ProofCorrectnessMgt No justification found for rule Class_invariant_axiom_for_simple_evoting_Message 
44042      DEBUG main            d.u.i.k.p.m.ProofCorrectnessMgt No justification found for rule Class_invariant_axiom_for_simple_evoting_Server 
44116      DEBUG main            d.u.i.k.p.m.ProofCorrectnessMgt No justification found for rule Class_invariant_axiom_for_simple_evoting_Message 
44135      DEBUG main            d.u.i.k.p.m.ProofCorrectnessMgt No justification found for rule Class_invariant_axiom_for_simple_evoting_Message 
44165      DEBUG main            d.u.i.k.p.m.ProofCorrectnessMgt No justification found for rule Class_invariant_axiom_for_simple_evoting_Server 
44556      DEBUG main            d.u.i.k.p.m.ProofCorrectnessMgt No justification found for rule Class_invariant_axiom_for_simple_evoting_Message 
44609      DEBUG main            d.u.i.k.p.m.ProofCorrectnessMgt No justification found for rule Class_invariant_axiom_for_simple_evoting_Server 
44751      DEBUG main            d.u.i.k.p.m.ProofCorrectnessMgt No justification found for rule Class_invariant_axiom_for_simple_evoting_Message 
44794      DEBUG main            d.u.i.k.p.m.ProofCorrectnessMgt No justification found for rule Class_invariant_axiom_for_simple_evoting_Message 
44837      DEBUG main            d.u.i.k.p.m.ProofCorrectnessMgt No justification found for rule Class_invariant_axiom_for_simple_evoting_Server 
44923      DEBUG main            d.u.i.k.p.m.ProofCorrectnessMgt No justification found for rule Class_invariant_axiom_for_simple_evoting_Server 
45050      DEBUG main            d.u.i.k.p.m.ProofCorrectnessMgt No justification found for rule Class_invariant_axiom_for_simple_evoting_Server 
45156      DEBUG main            d.u.i.k.p.m.ProofCorrectnessMgt No justification found for rule Class_invariant_axiom_for_simple_evoting_Server 
45251      DEBUG main            d.u.i.k.p.m.ProofCorrectnessMgt No justification found for rule Class_invariant_axiom_for_simple_evoting_Server 
45342      DEBUG main            d.u.i.k.p.m.ProofCorrectnessMgt No justification found for rule Class_invariant_axiom_for_simple_evoting_Message 
45381      DEBUG main            d.u.i.k.p.m.ProofCorrectnessMgt No justification found for rule Class_invariant_axiom_for_simple_evoting_Message 
45415      DEBUG main            d.u.i.k.p.m.ProofCorrectnessMgt No justification found for rule Class_invariant_axiom_for_simple_evoting_Message 
45454      DEBUG main            d.u.i.k.p.m.ProofCorrectnessMgt No justification found for rule Class_invariant_axiom_for_simple_evoting_Message 
45687      DEBUG main            d.u.i.k.p.m.ProofCorrectnessMgt No justification found for rule Class_invariant_axiom_for_simple_evoting_Message 
45738      DEBUG main            d.u.i.k.p.m.ProofCorrectnessMgt No justification found for rule Class_invariant_axiom_for_simple_evoting_Server 
45877      DEBUG main            d.u.i.k.p.m.ProofCorrectnessMgt No justification found for rule Class_invariant_axiom_for_simple_evoting_Message 
45916      DEBUG main            d.u.i.k.p.m.ProofCorrectnessMgt No justification found for rule Class_invariant_axiom_for_simple_evoting_Server 
46989      DEBUG main            d.u.i.k.p.m.ProofCorrectnessMgt No justification found for rule Class_invariant_axiom_for_simple_evoting_Server 
47062      DEBUG main            d.u.i.k.p.m.ProofCorrectnessMgt No justification found for rule JML_represents_clause_for_simple_evoting_Environment_rep 
47184      DEBUG main            d.u.i.k.p.m.ProofCorrectnessMgt No justification found for rule Class_invariant_axiom_for_simple_evoting_Message 
47236      DEBUG main            d.u.i.k.p.m.ProofCorrectnessMgt No justification found for rule Class_invariant_axiom_for_simple_evoting_Message 
47283      DEBUG main            d.u.i.k.p.m.ProofCorrectnessMgt No justification found for rule Class_invariant_axiom_for_simple_evoting_Message 
47388      DEBUG main            d.u.i.k.p.m.ProofCorrectnessMgt No justification found for rule Class_invariant_axiom_for_simple_evoting_Message 
47441      DEBUG main            d.u.i.k.p.m.ProofCorrectnessMgt No justification found for rule Class_invariant_axiom_for_simple_evoting_Message 
47488      DEBUG main            d.u.i.k.p.m.ProofCorrectnessMgt No justification found for rule Class_invariant_axiom_for_simple_evoting_Message 
47534      DEBUG main            d.u.i.k.p.m.ProofCorrectnessMgt No justification found for rule Class_invariant_axiom_for_simple_evoting_Message 
47584      DEBUG main            d.u.i.k.p.m.ProofCorrectnessMgt No justification found for rule Class_invariant_axiom_for_simple_evoting_Message 
47630      DEBUG main            d.u.i.k.p.m.ProofCorrectnessMgt No justification found for rule Class_invariant_axiom_for_simple_evoting_Message 
47681      DEBUG main            d.u.i.k.p.m.ProofCorrectnessMgt No justification found for rule Class_invariant_axiom_for_simple_evoting_Message 
48089      DEBUG main            d.u.i.k.p.m.ProofCorrectnessMgt No justification found for rule Class_invariant_axiom_for_simple_evoting_Server 
48193      DEBUG main            d.u.i.k.p.m.ProofCorrectnessMgt No justification found for rule Class_invariant_axiom_for_simple_evoting_Server 
48291      DEBUG main            d.u.i.k.p.m.ProofCorrectnessMgt No justification found for rule Class_invariant_axiom_for_simple_evoting_Server 
48388      DEBUG main            d.u.i.k.p.m.ProofCorrectnessMgt No justification found for rule Class_invariant_axiom_for_simple_evoting_Server 
48477      DEBUG main            d.u.i.k.p.m.ProofCorrectnessMgt No justification found for rule Class_invariant_axiom_for_simple_evoting_Server 
48561      DEBUG main            d.u.i.k.p.m.ProofCorrectnessMgt No justification found for rule Class_invariant_axiom_for_simple_evoting_Server 
48662      DEBUG main            d.u.i.k.p.m.ProofCorrectnessMgt No justification found for rule Class_invariant_axiom_for_simple_evoting_Server 
48804      DEBUG main            d.u.i.k.p.m.ProofCorrectnessMgt No justification found for rule Class_invariant_axiom_for_simple_evoting_Server 
48883      DEBUG main            d.u.i.k.p.m.ProofCorrectnessMgt No justification found for rule Class_invariant_axiom_for_simple_evoting_Server 
48964      DEBUG main            d.u.i.k.p.m.ProofCorrectnessMgt No justification found for rule Class_invariant_axiom_for_simple_evoting_Server 
68212      DEBUG main            d.u.i.k.p.m.ProofCorrectnessMgt No justification found for rule Class_invariant_axiom_for_simple_evoting_Message 
68287      DEBUG main            d.u.i.k.p.m.ProofCorrectnessMgt No justification found for rule Class_invariant_axiom_for_simple_evoting_Server 
68393      DEBUG main            d.u.i.k.p.m.ProofCorrectnessMgt No justification found for rule Class_invariant_axiom_for_simple_evoting_Server 
68482      DEBUG main            d.u.i.k.p.m.ProofCorrectnessMgt No justification found for rule Class_invariant_axiom_for_simple_evoting_Message 
94314      INFO  main            d.u.i.k.p.r.p.TestFile    ... finished proof: closed. 
94712      INFO  main            d.u.i.k.p.r.p.TestFile    Now processing file /home/runner/work/key/key/key.core/../key.ui/examples/InformationFlow/SimpleEvoting/simple_evoting.SMT(simple_evoting.SMT__send(simple_evoting.Message,int,simple_evoting.Server)).Non-interference contract.0.m.key 
94712      INFO  main            d.u.i.k.p.i.AbstractProblemLoader Loading environment from /home/runner/work/key/key/key.core/../key.ui/examples/InformationFlow/SimpleEvoting/simple_evoting.SMT(simple_evoting.SMT__send(simple_evoting.Message,int,simple_evoting.Server)).Non-interference contract.0.m.key 
94712      DEBUG main            d.u.i.k.p.i.AbstractProblemLoader Environment load took 80.5ns 
94713      INFO  main            d.u.i.k.p.i.AbstractProblemLoader Creating init config 
98189      DEBUG main            d.u.i.k.p.i.AbstractProblemLoader Init config took 3.48s 
98254      INFO  main            d.u.i.k.p.i.AbstractProblemLoader Replaying proof simple_evoting.SMT[simple_evoting.SMT::send(simple_evoting.Message,int,simple_evoting.Server)].Non-interference contract.0 
98256      DEBUG main            d.u.i.k.p.i.IntermediateProofReplayer Proof replay took 15.1ns 
98257      DEBUG main            d.u.i.k.m.s.ProofScriptEngine 1: 'macro 'infflow-autopilot'' 
98322      DEBUG main            d.u.i.k.p.m.ProofCorrectnessMgt No justification found for rule Class_invariant_axiom_for_simple_evoting_Server 
98330      DEBUG main            d.u.i.k.p.m.ProofCorrectnessMgt No justification found for rule Class_invariant_axiom_for_simple_evoting_Message 
98378      DEBUG main            d.u.i.k.p.m.ProofCorrectnessMgt No justification found for rule JML_represents_clause_for_simple_evoting_Environment_rep 
98678      DEBUG main            d.u.i.k.p.m.ProofCorrectnessMgt No justification found for rule Class_invariant_axiom_for_simple_evoting_Server 
98813      DEBUG main            d.u.i.k.p.m.ProofCorrectnessMgt No justification found for rule Class_invariant_axiom_for_simple_evoting_Message 
98847      DEBUG main            d.u.i.k.p.m.ProofCorrectnessMgt No justification found for rule Class_invariant_axiom_for_simple_evoting_Message 
98861      DEBUG main            d.u.i.k.p.m.ProofCorrectnessMgt No justification found for rule Class_invariant_axiom_for_simple_evoting_Server 
100093     DEBUG main            d.u.i.k.p.m.ProofCorrectnessMgt No justification found for rule Class_invariant_axiom_for_simple_evoting_Message 
100243     DEBUG main            d.u.i.k.p.m.ProofCorrectnessMgt No justification found for rule Class_invariant_axiom_for_simple_evoting_Server 
100392     DEBUG main            d.u.i.k.p.m.ProofCorrectnessMgt No justification found for rule Class_invariant_axiom_for_simple_evoting_Server 
100477     DEBUG main            d.u.i.k.p.m.ProofCorrectnessMgt No justification found for rule Class_invariant_axiom_for_simple_evoting_Message 
100508     DEBUG main            d.u.i.k.p.m.ProofCorrectnessMgt No justification found for rule Class_invariant_axiom_for_simple_evoting_Server 
100593     DEBUG main            d.u.i.k.p.m.ProofCorrectnessMgt No justification found for rule Class_invariant_axiom_for_simple_evoting_Server 
100656     DEBUG main            d.u.i.k.p.m.ProofCorrectnessMgt No justification found for rule Class_invariant_axiom_for_simple_evoting_Message 
100687     DEBUG main            d.u.i.k.p.m.ProofCorrectnessMgt No justification found for rule Class_invariant_axiom_for_simple_evoting_Server 
100743     DEBUG main            d.u.i.k.p.m.ProofCorrectnessMgt No justification found for rule Class_invariant_axiom_for_simple_evoting_Server 
101061     DEBUG main            d.u.i.k.p.m.ProofCorrectnessMgt No justification found for rule Class_invariant_axiom_for_simple_evoting_Message 
101089     DEBUG main            d.u.i.k.p.m.ProofCorrectnessMgt No justification found for rule Class_invariant_axiom_for_simple_evoting_Message 
101114     DEBUG main            d.u.i.k.p.m.ProofCorrectnessMgt No justification found for rule Class_invariant_axiom_for_simple_evoting_Message 
101148     DEBUG main            d.u.i.k.p.m.ProofCorrectnessMgt No justification found for rule Class_invariant_axiom_for_simple_evoting_Message 
101183     DEBUG main            d.u.i.k.p.m.ProofCorrectnessMgt No justification found for rule Class_invariant_axiom_for_simple_evoting_Server 
101264     DEBUG main            d.u.i.k.p.m.ProofCorrectnessMgt No justification found for rule Class_invariant_axiom_for_simple_evoting_Server 
101330     DEBUG main            d.u.i.k.p.m.ProofCorrectnessMgt No justification found for rule Class_invariant_axiom_for_simple_evoting_Message 
101363     DEBUG main            d.u.i.k.p.m.ProofCorrectnessMgt No justification found for rule Class_invariant_axiom_for_simple_evoting_Server 
101478     DEBUG main            d.u.i.k.p.m.ProofCorrectnessMgt No justification found for rule Class_invariant_axiom_for_simple_evoting_Server 
101515     DEBUG main            d.u.i.k.p.m.ProofCorrectnessMgt No justification found for rule Class_invariant_axiom_for_simple_evoting_Server 
101578     DEBUG main            d.u.i.k.p.m.ProofCorrectnessMgt No justification found for rule Class_invariant_axiom_for_simple_evoting_Server 
101655     DEBUG main            d.u.i.k.p.m.ProofCorrectnessMgt No justification found for rule Class_invariant_axiom_for_simple_evoting_Message 
101676     DEBUG main            d.u.i.k.p.m.ProofCorrectnessMgt No justification found for rule Class_invariant_axiom_for_simple_evoting_Message 
101702     DEBUG main            d.u.i.k.p.m.ProofCorrectnessMgt No justification found for rule Class_invariant_axiom_for_simple_evoting_Server 
101811     DEBUG main            d.u.i.k.p.m.ProofCorrectnessMgt No justification found for rule Class_invariant_axiom_for_simple_evoting_Server 
101910     DEBUG main            d.u.i.k.p.m.ProofCorrectnessMgt No justification found for rule Class_invariant_axiom_for_simple_evoting_Server 
102015     DEBUG main            d.u.i.k.p.m.ProofCorrectnessMgt No justification found for rule Class_invariant_axiom_for_simple_evoting_Server 
102118     DEBUG main            d.u.i.k.p.m.ProofCorrectnessMgt No justification found for rule Class_invariant_axiom_for_simple_evoting_Server 
102198     DEBUG main            d.u.i.k.p.m.ProofCorrectnessMgt No justification found for rule Class_invariant_axiom_for_simple_evoting_Message 
102237     DEBUG main            d.u.i.k.p.m.ProofCorrectnessMgt No justification found for rule Class_invariant_axiom_for_simple_evoting_Message 
102279     DEBUG main            d.u.i.k.p.m.ProofCorrectnessMgt No justification found for rule Class_invariant_axiom_for_simple_evoting_Message 
102316     DEBUG main            d.u.i.k.p.m.ProofCorrectnessMgt No justification found for rule Class_invariant_axiom_for_simple_evoting_Server 
102376     DEBUG main            d.u.i.k.p.m.ProofCorrectnessMgt No justification found for rule Class_invariant_axiom_for_simple_evoting_Message 
102410     DEBUG main            d.u.i.k.p.m.ProofCorrectnessMgt No justification found for rule Class_invariant_axiom_for_simple_evoting_Message 
102446     DEBUG main            d.u.i.k.p.m.ProofCorrectnessMgt No justification found for rule Class_invariant_axiom_for_simple_evoting_Message 
102494     DEBUG main            d.u.i.k.p.m.ProofCorrectnessMgt No justification found for rule Class_invariant_axiom_for_simple_evoting_Message 
102539     DEBUG main            d.u.i.k.p.m.ProofCorrectnessMgt No justification found for rule Class_invariant_axiom_for_simple_evoting_Server 
102663     DEBUG main            d.u.i.k.p.m.ProofCorrectnessMgt No justification found for rule Class_invariant_axiom_for_simple_evoting_Server 
102727     DEBUG main            d.u.i.k.p.m.ProofCorrectnessMgt No justification found for rule Class_invariant_axiom_for_simple_evoting_Message 
104068     DEBUG main            d.u.i.k.p.m.ProofCorrectnessMgt No justification found for rule JML_represents_clause_for_simple_evoting_Environment_rep 
104176     DEBUG main            d.u.i.k.p.m.ProofCorrectnessMgt No justification found for rule Class_invariant_axiom_for_simple_evoting_Message 
104229     DEBUG main            d.u.i.k.p.m.ProofCorrectnessMgt No justification found for rule Class_invariant_axiom_for_simple_evoting_Message 
104280     DEBUG main            d.u.i.k.p.m.ProofCorrectnessMgt No justification found for rule Class_invariant_axiom_for_simple_evoting_Message 
104330     DEBUG main            d.u.i.k.p.m.ProofCorrectnessMgt No justification found for rule Class_invariant_axiom_for_simple_evoting_Message 
104376     DEBUG main            d.u.i.k.p.m.ProofCorrectnessMgt No justification found for rule Class_invariant_axiom_for_simple_evoting_Message 
104422     DEBUG main            d.u.i.k.p.m.ProofCorrectnessMgt No justification found for rule Class_invariant_axiom_for_simple_evoting_Message 
104469     DEBUG main            d.u.i.k.p.m.ProofCorrectnessMgt No justification found for rule Class_invariant_axiom_for_simple_evoting_Message 
104521     DEBUG main            d.u.i.k.p.m.ProofCorrectnessMgt No justification found for rule Class_invariant_axiom_for_simple_evoting_Message 
104573     DEBUG main            d.u.i.k.p.m.ProofCorrectnessMgt No justification found for rule Class_invariant_axiom_for_simple_evoting_Message 
104618     DEBUG main            d.u.i.k.p.m.ProofCorrectnessMgt No justification found for rule Class_invariant_axiom_for_simple_evoting_Message 
104965     DEBUG main            d.u.i.k.p.m.ProofCorrectnessMgt No justification found for rule Class_invariant_axiom_for_simple_evoting_Server 
105071     DEBUG main            d.u.i.k.p.m.ProofCorrectnessMgt No justification found for rule Class_invariant_axiom_for_simple_evoting_Server 
105203     DEBUG main            d.u.i.k.p.m.ProofCorrectnessMgt No justification found for rule Class_invariant_axiom_for_simple_evoting_Server 
105291     DEBUG main            d.u.i.k.p.m.ProofCorrectnessMgt No justification found for rule Class_invariant_axiom_for_simple_evoting_Server 
105384     DEBUG main            d.u.i.k.p.m.ProofCorrectnessMgt No justification found for rule Class_invariant_axiom_for_simple_evoting_Server 
105481     DEBUG main            d.u.i.k.p.m.ProofCorrectnessMgt No justification found for rule Class_invariant_axiom_for_simple_evoting_Server 
105573     DEBUG main            d.u.i.k.p.m.ProofCorrectnessMgt No justification found for rule Class_invariant_axiom_for_simple_evoting_Server 
105670     DEBUG main            d.u.i.k.p.m.ProofCorrectnessMgt No justification found for rule Class_invariant_axiom_for_simple_evoting_Server 
105748     DEBUG main            d.u.i.k.p.m.ProofCorrectnessMgt No justification found for rule Class_invariant_axiom_for_simple_evoting_Server 
105829     DEBUG main            d.u.i.k.p.m.ProofCorrectnessMgt No justification found for rule Class_invariant_axiom_for_simple_evoting_Server 
126124     DEBUG main            d.u.i.k.p.m.ProofCorrectnessMgt No justification found for rule Class_invariant_axiom_for_simple_evoting_Message 
126195     DEBUG main            d.u.i.k.p.m.ProofCorrectnessMgt No justification found for rule Class_invariant_axiom_for_simple_evoting_Message 
126228     DEBUG main            d.u.i.k.p.m.ProofCorrectnessMgt No justification found for rule Class_invariant_axiom_for_simple_evoting_Server 
126317     DEBUG main            d.u.i.k.p.m.ProofCorrectnessMgt No justification found for rule Class_invariant_axiom_for_simple_evoting_Server 
154993     INFO  main            d.u.i.k.p.r.p.TestFile    ... finished proof: closed. 
155395     INFO  main            d.u.i.k.p.r.p.TestFile    Now processing file /home/runner/work/key/key/key.core/../key.ui/examples/InformationFlow/SimpleEvoting/simple_evoting.SMTEnv(simple_evoting.SMTEnv__send(int,int,int,simple_evoting.Server,int)).Non-interference contract.0.m.key 
155395     INFO  main            d.u.i.k.p.i.AbstractProblemLoader Loading environment from /home/runner/work/key/key/key.core/../key.ui/examples/InformationFlow/SimpleEvoting/simple_evoting.SMTEnv(simple_evoting.SMTEnv__send(int,int,int,simple_evoting.Server,int)).Non-interference contract.0.m.key 
155395     DEBUG main            d.u.i.k.p.i.AbstractProblemLoader Environment load took 68.4ns 
155396     INFO  main            d.u.i.k.p.i.AbstractProblemLoader Creating init config 
159023     DEBUG main            d.u.i.k.p.i.AbstractProblemLoader Init config took 3.63s 
159085     INFO  main            d.u.i.k.p.i.AbstractProblemLoader Replaying proof simple_evoting.SMTEnv[simple_evoting.SMTEnv::send(int,int,int,simple_evoting.Server,int)].Non-interference contract.0 
159088     DEBUG main            d.u.i.k.p.i.IntermediateProofReplayer Proof replay took 17.2ns 
159089     DEBUG main            d.u.i.k.m.s.ProofScriptEngine 1: 'macro 'infflow-autopilot'' 
159149     DEBUG main            d.u.i.k.p.m.ProofCorrectnessMgt No justification found for rule JML_represents_clause_for_simple_evoting_Environment_rep 
159168     DEBUG main            d.u.i.k.p.m.ProofCorrectnessMgt No justification found for rule JML_represents_clause_for_simple_evoting_Environment_rep 
159187     DEBUG main            d.u.i.k.p.m.ProofCorrectnessMgt No justification found for rule JML_represents_clause_for_simple_evoting_Environment_rep 
159206     DEBUG main            d.u.i.k.p.m.ProofCorrectnessMgt No justification found for rule JML_represents_clause_for_simple_evoting_Environment_rep 
159225     DEBUG main            d.u.i.k.p.m.ProofCorrectnessMgt No justification found for rule JML_represents_clause_for_simple_evoting_Environment_rep 
159291     DEBUG main            d.u.i.k.p.m.ProofCorrectnessMgt No justification found for rule JML_represents_clause_for_simple_evoting_Environment_rep 
160887     INFO  main            d.u.i.k.p.r.p.TestFile    ... finished proof: closed. 
161237     INFO  main            d.u.i.k.p.r.p.TestFile    Now processing file /home/runner/work/key/key/key.core/../key.ui/examples/InformationFlow/SimpleEvoting/simple_evoting.NetworkClient(simple_evoting.NetworkClient__send((B,simple_evoting.Server,int)).Non-interference contract.0.m.key 
161237     INFO  main            d.u.i.k.p.i.AbstractProblemLoader Loading environment from /home/runner/work/key/key/key.core/../key.ui/examples/InformationFlow/SimpleEvoting/simple_evoting.NetworkClient(simple_evoting.NetworkClient__send((B,simple_evoting.Server,int)).Non-interference contract.0.m.key 
161237     DEBUG main            d.u.i.k.p.i.AbstractProblemLoader Environment load took 71.5ns 
161238     INFO  main            d.u.i.k.p.i.AbstractProblemLoader Creating init config 
164769     DEBUG main            d.u.i.k.p.i.AbstractProblemLoader Init config took 3.53s 
164839     INFO  main            d.u.i.k.p.i.AbstractProblemLoader Replaying proof simple_evoting.NetworkClient[simple_evoting.NetworkClient::send([B,simple_evoting.Server,int)].Non-interference contract.0 
164842     DEBUG main            d.u.i.k.p.i.IntermediateProofReplayer Proof replay took 15.1ns 
164844     DEBUG main            d.u.i.k.m.s.ProofScriptEngine 1: 'macro 'infflow-autopilot'' 
164914     DEBUG main            d.u.i.k.p.m.ProofCorrectnessMgt No justification found for rule JML_represents_clause_for_simple_evoting_Environment_rep 
164940     DEBUG main            d.u.i.k.p.m.ProofCorrectnessMgt No justification found for rule JML_represents_clause_for_simple_evoting_Environment_rep 
164961     DEBUG main            d.u.i.k.p.m.ProofCorrectnessMgt No justification found for rule JML_represents_clause_for_simple_evoting_Environment_rep 
166219     INFO  main            d.u.i.k.p.r.p.TestFile    ... finished proof: closed. 
166455     INFO  main            d.u.i.k.p.r.p.TestFile    Now processing file /home/runner/work/key/key/key.core/../key.ui/examples/InformationFlow/SimpleEvoting/simple_evoting.Voter(simple_evoting.Voter__onSendBallot(simple_evoting.Server)).Non-interference contract.1.m.key 
166455     INFO  main            d.u.i.k.p.i.AbstractProblemLoader Loading environment from /home/runner/work/key/key/key.core/../key.ui/examples/InformationFlow/SimpleEvoting/simple_evoting.Voter(simple_evoting.Voter__onSendBallot(simple_evoting.Server)).Non-interference contract.1.m.key 
166455     DEBUG main            d.u.i.k.p.i.AbstractProblemLoader Environment load took 63.8ns 
166457     INFO  main            d.u.i.k.p.i.AbstractProblemLoader Creating init config 
169999     DEBUG main            d.u.i.k.p.i.AbstractProblemLoader Init config took 3.54s 
170079     INFO  main            d.u.i.k.p.i.AbstractProblemLoader Replaying proof simple_evoting.Voter[simple_evoting.Voter::onSendBallot(simple_evoting.Server)].Non-interference contract.1 
170081     DEBUG main            d.u.i.k.p.i.IntermediateProofReplayer Proof replay took 15ns 
170082     DEBUG main            d.u.i.k.m.s.ProofScriptEngine 1: 'macro 'infflow-autopilot'' 
170127     DEBUG main            d.u.i.k.p.m.ProofCorrectnessMgt No justification found for rule Class_invariant_axiom_for_simple_evoting_Voter 
170133     DEBUG main            d.u.i.k.p.m.ProofCorrectnessMgt No justification found for rule Class_invariant_axiom_for_simple_evoting_Server 
170901     DEBUG main            d.u.i.k.p.m.ProofCorrectnessMgt No justification found for rule Class_invariant_axiom_for_simple_evoting_Server 
171084     DEBUG main            d.u.i.k.p.m.ProofCorrectnessMgt No justification found for rule Class_invariant_axiom_for_simple_evoting_Message 
171152     DEBUG main            d.u.i.k.p.m.ProofCorrectnessMgt No justification found for rule Class_invariant_axiom_for_simple_evoting_Server 
171292     DEBUG main            d.u.i.k.p.m.ProofCorrectnessMgt No justification found for rule Class_invariant_axiom_for_simple_evoting_Message 
174454     DEBUG main            d.u.i.k.p.m.ProofCorrectnessMgt No justification found for rule JML_represents_clause_for_simple_evoting_Environment_rep 
174463     DEBUG main            d.u.i.k.p.m.ProofCorrectnessMgt No justification found for rule JML_represents_clause_for_simple_evoting_Environment_rep 
174544     DEBUG main            d.u.i.k.p.m.ProofCorrectnessMgt No justification found for rule JML_represents_clause_for_simple_evoting_Environment_rep 
174564     DEBUG main            d.u.i.k.p.m.ProofCorrectnessMgt No justification found for rule JML_represents_clause_for_simple_evoting_Environment_rep 
174574     DEBUG main            d.u.i.k.p.m.ProofCorrectnessMgt No justification found for rule JML_represents_clause_for_simple_evoting_Environment_rep 
174602     DEBUG main            d.u.i.k.p.m.ProofCorrectnessMgt No justification found for rule JML_represents_clause_for_simple_evoting_Environment_rep 
174611     DEBUG main            d.u.i.k.p.m.ProofCorrectnessMgt No justification found for rule JML_represents_clause_for_simple_evoting_Environment_rep 
174620     DEBUG main            d.u.i.k.p.m.ProofCorrectnessMgt No justification found for rule JML_represents_clause_for_simple_evoting_Environment_rep 
174682     DEBUG main            d.u.i.k.p.m.ProofCorrectnessMgt No justification found for rule JML_represents_clause_for_simple_evoting_Environment_rep 
174690     DEBUG main            d.u.i.k.p.m.ProofCorrectnessMgt No justification found for rule JML_represents_clause_for_simple_evoting_Environment_rep 
174708     DEBUG main            d.u.i.k.p.m.ProofCorrectnessMgt No justification found for rule JML_represents_clause_for_simple_evoting_Environment_rep 
174725     DEBUG main            d.u.i.k.p.m.ProofCorrectnessMgt No justification found for rule JML_represents_clause_for_simple_evoting_Environment_rep 
174734     DEBUG main            d.u.i.k.p.m.ProofCorrectnessMgt No justification found for rule JML_represents_clause_for_simple_evoting_Environment_rep 
174760     DEBUG main            d.u.i.k.p.m.ProofCorrectnessMgt No justification found for rule JML_represents_clause_for_simple_evoting_Environment_rep 
174775     DEBUG main            d.u.i.k.p.m.ProofCorrectnessMgt No justification found for rule Class_invariant_axiom_for_simple_evoting_Server 
175194     DEBUG main            d.u.i.k.p.m.ProofCorrectnessMgt No justification found for rule Class_invariant_axiom_for_simple_evoting_Server 
175439     DEBUG main            d.u.i.k.p.m.ProofCorrectnessMgt No justification found for rule Class_invariant_axiom_for_simple_evoting_Server 
175701     DEBUG main            d.u.i.k.p.m.ProofCorrectnessMgt No justification found for rule Class_invariant_axiom_for_simple_evoting_Message 
175852     DEBUG main            d.u.i.k.p.m.ProofCorrectnessMgt No justification found for rule Class_invariant_axiom_for_simple_evoting_Message 
175970     DEBUG main            d.u.i.k.p.m.ProofCorrectnessMgt No justification found for rule Class_invariant_axiom_for_simple_evoting_Server 
176380     DEBUG main            d.u.i.k.p.m.ProofCorrectnessMgt No justification found for rule Class_invariant_axiom_for_simple_evoting_Message 
176533     DEBUG main            d.u.i.k.p.m.ProofCorrectnessMgt No justification found for rule Class_invariant_axiom_for_simple_evoting_Server 
176940     DEBUG main            d.u.i.k.p.m.ProofCorrectnessMgt No justification found for rule Class_invariant_axiom_for_simple_evoting_Server 
177349     DEBUG main            d.u.i.k.p.m.ProofCorrectnessMgt No justification found for rule Class_invariant_axiom_for_simple_evoting_Message 
177494     DEBUG main            d.u.i.k.p.m.ProofCorrectnessMgt No justification found for rule Class_invariant_axiom_for_simple_evoting_Server 
177885     DEBUG main            d.u.i.k.p.m.ProofCorrectnessMgt No justification found for rule Class_invariant_axiom_for_simple_evoting_Message 
178045     DEBUG main            d.u.i.k.p.m.ProofCorrectnessMgt No justification found for rule Class_invariant_axiom_for_simple_evoting_Server 
178435     DEBUG main            d.u.i.k.p.m.ProofCorrectnessMgt No justification found for rule Class_invariant_axiom_for_simple_evoting_Message 
178590     DEBUG main            d.u.i.k.p.m.ProofCorrectnessMgt No justification found for rule Class_invariant_axiom_for_simple_evoting_Server 
179059     DEBUG main            d.u.i.k.p.m.ProofCorrectnessMgt No justification found for rule Class_invariant_axiom_for_simple_evoting_Message 
179218     DEBUG main            d.u.i.k.p.m.ProofCorrectnessMgt No justification found for rule Class_invariant_axiom_for_simple_evoting_Server 
179635     DEBUG main            d.u.i.k.p.m.ProofCorrectnessMgt No justification found for rule Class_invariant_axiom_for_simple_evoting_Message 
179872     DEBUG main            d.u.i.k.p.m.ProofCorrectnessMgt No justification found for rule Class_invariant_axiom_for_simple_evoting_Message 
180296     DEBUG main            d.u.i.k.p.m.ProofCorrectnessMgt No justification found for rule Class_invariant_axiom_for_simple_evoting_Message 
180423     DEBUG main            d.u.i.k.p.m.ProofCorrectnessMgt No justification found for rule Class_invariant_axiom_for_simple_evoting_Message 
180566     DEBUG main            d.u.i.k.p.m.ProofCorrectnessMgt No justification found for rule Class_invariant_axiom_for_simple_evoting_Message 
180702     DEBUG main            d.u.i.k.p.m.ProofCorrectnessMgt No justification found for rule Class_invariant_axiom_for_simple_evoting_Server 
181064     DEBUG main            d.u.i.k.p.m.ProofCorrectnessMgt No justification found for rule Class_invariant_axiom_for_simple_evoting_Message 
181202     DEBUG main            d.u.i.k.p.m.ProofCorrectnessMgt No justification found for rule Class_invariant_axiom_for_simple_evoting_Message 
181348     DEBUG main            d.u.i.k.p.m.ProofCorrectnessMgt No justification found for rule Class_invariant_axiom_for_simple_evoting_Server 
181765     DEBUG main            d.u.i.k.p.m.ProofCorrectnessMgt No justification found for rule Class_invariant_axiom_for_simple_evoting_Message 
181904     DEBUG main            d.u.i.k.p.m.ProofCorrectnessMgt No justification found for rule Class_invariant_axiom_for_simple_evoting_Message 
182050     DEBUG main            d.u.i.k.p.m.ProofCorrectnessMgt No justification found for rule Class_invariant_axiom_for_simple_evoting_Message 
183780     DEBUG main            d.u.i.k.p.m.ProofCorrectnessMgt No justification found for rule Class_invariant_axiom_for_simple_evoting_Server 
183994     DEBUG main            d.u.i.k.p.m.ProofCorrectnessMgt No justification found for rule Class_invariant_axiom_for_simple_evoting_Server 
184954     DEBUG main            d.u.i.k.p.m.ProofCorrectnessMgt No justification found for rule Class_invariant_axiom_for_simple_evoting_Server 
185108     DEBUG main            d.u.i.k.p.m.ProofCorrectnessMgt No justification found for rule Class_invariant_axiom_for_simple_evoting_Message 
191749     INFO  main            d.u.i.k.p.r.p.TestFile    ... finished proof: closed. 
192091     INFO  main            d.u.i.k.p.r.p.TestFile    Now processing file /home/runner/work/key/key/key.core/../key.ui/examples/InformationFlow/SimpleEvoting/simple_evoting.Voter(simple_evoting.Voter__onSendBallot(simple_evoting.Server)).Non-interference contract.0.m.key 
192092     INFO  main            d.u.i.k.p.i.AbstractProblemLoader Loading environment from /home/runner/work/key/key/key.core/../key.ui/examples/InformationFlow/SimpleEvoting/simple_evoting.Voter(simple_evoting.Voter__onSendBallot(simple_evoting.Server)).Non-interference contract.0.m.key 
192092     DEBUG main            d.u.i.k.p.i.AbstractProblemLoader Environment load took 94.81ns 
192093     INFO  main            d.u.i.k.p.i.AbstractProblemLoader Creating init config 
195604     DEBUG main            d.u.i.k.p.i.AbstractProblemLoader Init config took 3.51s 
195661     INFO  main            d.u.i.k.p.i.AbstractProblemLoader Replaying proof simple_evoting.Voter[simple_evoting.Voter::onSendBallot(simple_evoting.Server)].Non-interference contract.0 
195664     DEBUG main            d.u.i.k.p.i.IntermediateProofReplayer Proof replay took 15.8ns 
195664     DEBUG main            d.u.i.k.m.s.ProofScriptEngine 1: 'macro 'infflow-autopilot'' 
195728     DEBUG main            d.u.i.k.p.m.ProofCorrectnessMgt No justification found for rule Class_invariant_axiom_for_simple_evoting_Voter 
195734     DEBUG main            d.u.i.k.p.m.ProofCorrectnessMgt No justification found for rule Class_invariant_axiom_for_simple_evoting_Server 
196444     DEBUG main            d.u.i.k.p.m.ProofCorrectnessMgt No justification found for rule Class_invariant_axiom_for_simple_evoting_Server 
196626     DEBUG main            d.u.i.k.p.m.ProofCorrectnessMgt No justification found for rule Class_invariant_axiom_for_simple_evoting_Message 
196694     DEBUG main            d.u.i.k.p.m.ProofCorrectnessMgt No justification found for rule Class_invariant_axiom_for_simple_evoting_Server 
196875     DEBUG main            d.u.i.k.p.m.ProofCorrectnessMgt No justification found for rule Class_invariant_axiom_for_simple_evoting_Message 
200061     DEBUG main            d.u.i.k.p.m.ProofCorrectnessMgt No justification found for rule JML_represents_clause_for_simple_evoting_Environment_rep 
200070     DEBUG main            d.u.i.k.p.m.ProofCorrectnessMgt No justification found for rule JML_represents_clause_for_simple_evoting_Environment_rep 
200136     DEBUG main            d.u.i.k.p.m.ProofCorrectnessMgt No justification found for rule JML_represents_clause_for_simple_evoting_Environment_rep 
200154     DEBUG main            d.u.i.k.p.m.ProofCorrectnessMgt No justification found for rule JML_represents_clause_for_simple_evoting_Environment_rep 
200164     DEBUG main            d.u.i.k.p.m.ProofCorrectnessMgt No justification found for rule JML_represents_clause_for_simple_evoting_Environment_rep 
200172     DEBUG main            d.u.i.k.p.m.ProofCorrectnessMgt No justification found for rule JML_represents_clause_for_simple_evoting_Environment_rep 
200192     DEBUG main            d.u.i.k.p.m.ProofCorrectnessMgt No justification found for rule JML_represents_clause_for_simple_evoting_Environment_rep 
200210     DEBUG main            d.u.i.k.p.m.ProofCorrectnessMgt No justification found for rule JML_represents_clause_for_simple_evoting_Environment_rep 
200220     DEBUG main            d.u.i.k.p.m.ProofCorrectnessMgt No justification found for rule JML_represents_clause_for_simple_evoting_Environment_rep 
200238     DEBUG main            d.u.i.k.p.m.ProofCorrectnessMgt No justification found for rule JML_represents_clause_for_simple_evoting_Environment_rep 
200248     DEBUG main            d.u.i.k.p.m.ProofCorrectnessMgt No justification found for rule JML_represents_clause_for_simple_evoting_Environment_rep 
200256     DEBUG main            d.u.i.k.p.m.ProofCorrectnessMgt No justification found for rule JML_represents_clause_for_simple_evoting_Environment_rep 
200274     DEBUG main            d.u.i.k.p.m.ProofCorrectnessMgt No justification found for rule JML_represents_clause_for_simple_evoting_Environment_rep 
200302     DEBUG main            d.u.i.k.p.m.ProofCorrectnessMgt No justification found for rule JML_represents_clause_for_simple_evoting_Environment_rep 
200340     DEBUG main            d.u.i.k.p.m.ProofCorrectnessMgt No justification found for rule Class_invariant_axiom_for_simple_evoting_Server 
200737     DEBUG main            d.u.i.k.p.m.ProofCorrectnessMgt No justification found for rule Class_invariant_axiom_for_simple_evoting_Server 
201063     DEBUG main            d.u.i.k.p.m.ProofCorrectnessMgt No justification found for rule Class_invariant_axiom_for_simple_evoting_Server 
201306     DEBUG main            d.u.i.k.p.m.ProofCorrectnessMgt No justification found for rule Class_invariant_axiom_for_simple_evoting_Message 
201452     DEBUG main            d.u.i.k.p.m.ProofCorrectnessMgt No justification found for rule Class_invariant_axiom_for_simple_evoting_Message 
201536     DEBUG main            d.u.i.k.p.m.ProofCorrectnessMgt No justification found for rule Class_invariant_axiom_for_simple_evoting_Message 
201688     DEBUG main            d.u.i.k.p.m.ProofCorrectnessMgt No justification found for rule Class_invariant_axiom_for_simple_evoting_Message 
201841     DEBUG main            d.u.i.k.p.m.ProofCorrectnessMgt No justification found for rule Class_invariant_axiom_for_simple_evoting_Message 
201996     DEBUG main            d.u.i.k.p.m.ProofCorrectnessMgt No justification found for rule Class_invariant_axiom_for_simple_evoting_Server 
202448     DEBUG main            d.u.i.k.p.m.ProofCorrectnessMgt No justification found for rule Class_invariant_axiom_for_simple_evoting_Message 
202597     DEBUG main            d.u.i.k.p.m.ProofCorrectnessMgt No justification found for rule Class_invariant_axiom_for_simple_evoting_Message 
202747     DEBUG main            d.u.i.k.p.m.ProofCorrectnessMgt No justification found for rule Class_invariant_axiom_for_simple_evoting_Message 
202947     DEBUG main            d.u.i.k.p.m.ProofCorrectnessMgt No justification found for rule Class_invariant_axiom_for_simple_evoting_Message 
203238     DEBUG main            d.u.i.k.p.m.ProofCorrectnessMgt No justification found for rule Class_invariant_axiom_for_simple_evoting_Message 
203346     DEBUG main            d.u.i.k.p.m.ProofCorrectnessMgt No justification found for rule Class_invariant_axiom_for_simple_evoting_Server 
203748     DEBUG main            d.u.i.k.p.m.ProofCorrectnessMgt No justification found for rule Class_invariant_axiom_for_simple_evoting_Server 
204127     DEBUG main            d.u.i.k.p.m.ProofCorrectnessMgt No justification found for rule Class_invariant_axiom_for_simple_evoting_Message 
204272     DEBUG main            d.u.i.k.p.m.ProofCorrectnessMgt No justification found for rule Class_invariant_axiom_for_simple_evoting_Server 
204683     DEBUG main            d.u.i.k.p.m.ProofCorrectnessMgt No justification found for rule Class_invariant_axiom_for_simple_evoting_Message 
204830     DEBUG main            d.u.i.k.p.m.ProofCorrectnessMgt No justification found for rule Class_invariant_axiom_for_simple_evoting_Server 
205211     DEBUG main            d.u.i.k.p.m.ProofCorrectnessMgt No justification found for rule Class_invariant_axiom_for_simple_evoting_Server 
205646     DEBUG main            d.u.i.k.p.m.ProofCorrectnessMgt No justification found for rule Class_invariant_axiom_for_simple_evoting_Message 
205798     DEBUG main            d.u.i.k.p.m.ProofCorrectnessMgt No justification found for rule Class_invariant_axiom_for_simple_evoting_Message 
205940     DEBUG main            d.u.i.k.p.m.ProofCorrectnessMgt No justification found for rule Class_invariant_axiom_for_simple_evoting_Message 
206088     DEBUG main            d.u.i.k.p.m.ProofCorrectnessMgt No justification found for rule Class_invariant_axiom_for_simple_evoting_Message 
208109     DEBUG main            d.u.i.k.p.m.ProofCorrectnessMgt No justification found for rule Class_invariant_axiom_for_simple_evoting_Server 
208433     DEBUG main            d.u.i.k.p.m.ProofCorrectnessMgt No justification found for rule Class_invariant_axiom_for_simple_evoting_Server 
208689     DEBUG main            d.u.i.k.p.m.ProofCorrectnessMgt No justification found for rule Class_invariant_axiom_for_simple_evoting_Server 
208880     DEBUG main            d.u.i.k.p.m.ProofCorrectnessMgt No justification found for rule Class_invariant_axiom_for_simple_evoting_Server 
209253     DEBUG main            d.u.i.k.p.m.ProofCorrectnessMgt No justification found for rule Class_invariant_axiom_for_simple_evoting_Message 
210207     DEBUG main            d.u.i.k.p.m.ProofCorrectnessMgt No justification found for rule Class_invariant_axiom_for_simple_evoting_Message 
210288     DEBUG main            d.u.i.k.p.m.ProofCorrectnessMgt No justification found for rule Class_invariant_axiom_for_simple_evoting_Server 
220635     INFO  main            d.u.i.k.p.r.p.TestFile    ... finished proof: closed. 
3361271    INFO  Test worker     d.u.i.k.p.r.p.StatisticsFile Returning from test SimpleEvoting_fullmacro 
]]></system-out>
  <system-err><![CDATA[]]></system-err>
</testsuite>
